<?xml version="1.0" encoding="UTF-8"?>
<testsuite xmlns:xsi="http://www.w3.org/2001/XMLSchema-instance" xsi:noNamespaceSchemaLocation="https://maven.apache.org/surefire/maven-surefire-plugin/xsd/surefire-test-report.xsd" name="org.apache.hadoop.ozone.client.rpc.TestContainerReplicationEndToEnd" time="26.56" tests="1" errors="1" skipped="0" failures="0">
  <properties>
    <property name="awt.toolkit" value="sun.awt.X11.XToolkit"/>
    <property name="file.encoding.pkg" value="sun.io"/>
    <property name="java.specification.version" value="1.8"/>
    <property name="sun.cpu.isalist" value=""/>
    <property name="sun.jnu.encoding" value="UTF-8"/>
    <property name="java.class.path" value="/workdir/hadoop-ozone/integration-test/target/test-classes:/workdir/hadoop-ozone/integration-test/target/classes:/home/user/.m2/repository/org/apache/hadoop/hadoop-ozone-common/0.5.0-SNAPSHOT/hadoop-ozone-common-0.5.0-SNAPSHOT.jar:/home/user/.m2/repository/org/apache/commons/commons-compress/1.4.1/commons-compress-1.4.1.jar:/home/user/.m2/repository/org/tukaani/xz/1.0/xz-1.0.jar:/home/user/.m2/repository/org/apache/hadoop/hadoop-common/3.2.0/hadoop-common-3.2.0.jar:/home/user/.m2/repository/org/apache/hadoop/hadoop-hdfs/3.2.0/hadoop-hdfs-3.2.0.jar:/home/user/.m2/repository/org/apache/hadoop/hadoop-hdfs-client/3.2.0/hadoop-hdfs-client-3.2.0.jar:/home/user/.m2/repository/com/fasterxml/jackson/core/jackson-annotations/2.9.5/jackson-annotations-2.9.5.jar:/home/user/.m2/repository/org/apache/hadoop/hadoop-hdds-common/0.5.0-SNAPSHOT/hadoop-hdds-common-0.5.0-SNAPSHOT.jar:/home/user/.m2/repository/javax/annotation/javax.annotation-api/1.2/javax.annotation-api-1.2.jar:/home/user/.m2/repository/org/apache/ratis/ratis-server/0.4.0-2337318-SNAPSHOT/ratis-server-0.4.0-2337318-SNAPSHOT.jar:/home/user/.m2/repository/org/apache/ratis/ratis-thirdparty-misc/0.2.0/ratis-thirdparty-misc-0.2.0.jar:/home/user/.m2/repository/org/apache/ratis/ratis-proto/0.4.0-2337318-SNAPSHOT/ratis-proto-0.4.0-2337318-SNAPSHOT.jar:/home/user/.m2/repository/org/apache/ratis/ratis-common/0.4.0-2337318-SNAPSHOT/ratis-common-0.4.0-2337318-SNAPSHOT.jar:/home/user/.m2/repository/org/apache/ratis/ratis-client/0.4.0-2337318-SNAPSHOT/ratis-client-0.4.0-2337318-SNAPSHOT.jar:/home/user/.m2/repository/org/apache/ratis/ratis-metrics/0.4.0-2337318-SNAPSHOT/ratis-metrics-0.4.0-2337318-SNAPSHOT.jar:/home/user/.m2/repository/org/apache/ratis/ratis-netty/0.4.0-2337318-SNAPSHOT/ratis-netty-0.4.0-2337318-SNAPSHOT.jar:/home/user/.m2/repository/org/apache/ratis/ratis-grpc/0.4.0-2337318-SNAPSHOT/ratis-grpc-0.4.0-2337318-SNAPSHOT.jar:/home/user/.m2/repository/org/rocksdb/rocksdbjni/6.0.1/rocksdbjni-6.0.1.jar:/home/user/.m2/repository/org/apache/logging/log4j/log4j-api/2.11.0/log4j-api-2.11.0.jar:/home/user/.m2/repository/org/apache/logging/log4j/log4j-core/2.11.0/log4j-core-2.11.0.jar:/home/user/.m2/repository/com/lmax/disruptor/3.4.2/disruptor-3.4.2.jar:/home/user/.m2/repository/org/apache/commons/commons-pool2/2.6.0/commons-pool2-2.6.0.jar:/home/user/.m2/repository/org/bouncycastle/bcpkix-jdk15on/1.60/bcpkix-jdk15on-1.60.jar:/home/user/.m2/repository/commons-validator/commons-validator/1.6/commons-validator-1.6.jar:/home/user/.m2/repository/commons-digester/commons-digester/1.8.1/commons-digester-1.8.1.jar:/home/user/.m2/repository/io/jaegertracing/jaeger-client/0.33.1/jaeger-client-0.33.1.jar:/home/user/.m2/repository/io/jaegertracing/jaeger-thrift/0.33.1/jaeger-thrift-0.33.1.jar:/home/user/.m2/repository/org/apache/thrift/libthrift/0.11.0/libthrift-0.11.0.jar:/home/user/.m2/repository/com/squareup/okhttp3/okhttp/3.9.0/okhttp-3.9.0.jar:/home/user/.m2/repository/com/squareup/okio/okio/1.13.0/okio-1.13.0.jar:/home/user/.m2/repository/io/jaegertracing/jaeger-core/0.33.1/jaeger-core-0.33.1.jar:/home/user/.m2/repository/io/jaegertracing/jaeger-tracerresolver/0.33.1/jaeger-tracerresolver-0.33.1.jar:/home/user/.m2/repository/io/opentracing/contrib/opentracing-tracerresolver/0.1.5/opentracing-tracerresolver-0.1.5.jar:/home/user/.m2/repository/io/opentracing/opentracing-util/0.31.0/opentracing-util-0.31.0.jar:/home/user/.m2/repository/io/opentracing/opentracing-api/0.31.0/opentracing-api-0.31.0.jar:/home/user/.m2/repository/io/opentracing/opentracing-noop/0.31.0/opentracing-noop-0.31.0.jar:/home/user/.m2/repository/org/apache/hadoop/hadoop-hdds-server-framework/0.5.0-SNAPSHOT/hadoop-hdds-server-framework-0.5.0-SNAPSHOT.jar:/home/user/.m2/repository/org/apache/hadoop/hadoop-hdds-container-service/0.5.0-SNAPSHOT/hadoop-hdds-container-service-0.5.0-SNAPSHOT.jar:/home/user/.m2/repository/org/apache/hadoop/hadoop-hdds-client/0.5.0-SNAPSHOT/hadoop-hdds-client-0.5.0-SNAPSHOT.jar:/home/user/.m2/repository/org/apache/hadoop/hadoop-hdds-tools/0.5.0-SNAPSHOT/hadoop-hdds-tools-0.5.0-SNAPSHOT.jar:/home/user/.m2/repository/org/apache/hadoop/hadoop-hdds-server-scm/0.5.0-SNAPSHOT/hadoop-hdds-server-scm-0.5.0-SNAPSHOT.jar:/home/user/.m2/repository/org/apache/hadoop/hadoop-hdds-docs/0.5.0-SNAPSHOT/hadoop-hdds-docs-0.5.0-SNAPSHOT.jar:/home/user/.m2/repository/io/dropwizard/metrics/metrics-core/3.2.4/metrics-core-3.2.4.jar:/home/user/.m2/repository/org/hamcrest/hamcrest-all/1.3/hamcrest-all-1.3.jar:/home/user/.m2/repository/org/bouncycastle/bcprov-jdk15on/1.60/bcprov-jdk15on-1.60.jar:/home/user/.m2/repository/info/picocli/picocli/3.9.6/picocli-3.9.6.jar:/home/user/.m2/repository/com/google/protobuf/protobuf-java/2.5.0/protobuf-java-2.5.0.jar:/home/user/.m2/repository/com/google/guava/guava/11.0.2/guava-11.0.2.jar:/home/user/.m2/repository/org/apache/hadoop/hadoop-ozone-ozone-manager/0.5.0-SNAPSHOT/hadoop-ozone-ozone-manager-0.5.0-SNAPSHOT.jar:/home/user/.m2/repository/org/apache/hadoop/hadoop-minikdc/3.2.0/hadoop-minikdc-3.2.0.jar:/home/user/.m2/repository/commons-io/commons-io/2.5/commons-io-2.5.jar:/home/user/.m2/repository/org/apache/kerby/kerb-simplekdc/1.0.1/kerb-simplekdc-1.0.1.jar:/home/user/.m2/repository/org/apache/kerby/kerb-client/1.0.1/kerb-client-1.0.1.jar:/home/user/.m2/repository/org/apache/kerby/kerby-config/1.0.1/kerby-config-1.0.1.jar:/home/user/.m2/repository/org/apache/kerby/kerb-core/1.0.1/kerb-core-1.0.1.jar:/home/user/.m2/repository/org/apache/kerby/kerby-pkix/1.0.1/kerby-pkix-1.0.1.jar:/home/user/.m2/repository/org/apache/kerby/kerby-asn1/1.0.1/kerby-asn1-1.0.1.jar:/home/user/.m2/repository/org/apache/kerby/kerby-util/1.0.1/kerby-util-1.0.1.jar:/home/user/.m2/repository/org/apache/kerby/kerb-common/1.0.1/kerb-common-1.0.1.jar:/home/user/.m2/repository/org/apache/kerby/kerb-crypto/1.0.1/kerb-crypto-1.0.1.jar:/home/user/.m2/repository/org/apache/kerby/kerb-util/1.0.1/kerb-util-1.0.1.jar:/home/user/.m2/repository/org/apache/kerby/token-provider/1.0.1/token-provider-1.0.1.jar:/home/user/.m2/repository/org/apache/kerby/kerb-admin/1.0.1/kerb-admin-1.0.1.jar:/home/user/.m2/repository/org/apache/kerby/kerb-server/1.0.1/kerb-server-1.0.1.jar:/home/user/.m2/repository/org/apache/kerby/kerb-identity/1.0.1/kerb-identity-1.0.1.jar:/home/user/.m2/repository/org/apache/kerby/kerby-xdr/1.0.1/kerby-xdr-1.0.1.jar:/home/user/.m2/repository/org/slf4j/slf4j-log4j12/1.7.25/slf4j-log4j12-1.7.25.jar:/home/user/.m2/repository/org/apache/hadoop/hadoop-ozone-s3gateway/0.5.0-SNAPSHOT/hadoop-ozone-s3gateway-0.5.0-SNAPSHOT.jar:/home/user/.m2/repository/org/jboss/weld/servlet/weld-servlet/2.4.7.Final/weld-servlet-2.4.7.Final.jar:/home/user/.m2/repository/org/glassfish/jersey/containers/jersey-container-servlet-core/2.27/jersey-container-servlet-core-2.27.jar:/home/user/.m2/repository/org/glassfish/hk2/external/javax.inject/2.5.0-b42/javax.inject-2.5.0-b42.jar:/home/user/.m2/repository/org/glassfish/jersey/core/jersey-common/2.27/jersey-common-2.27.jar:/home/user/.m2/repository/org/glassfish/hk2/osgi-resource-locator/1.0.1/osgi-resource-locator-1.0.1.jar:/home/user/.m2/repository/javax/ws/rs/javax.ws.rs-api/2.1/javax.ws.rs-api-2.1.jar:/home/user/.m2/repository/org/glassfish/jersey/ext/cdi/jersey-cdi1x/2.27/jersey-cdi1x-2.27.jar:/home/user/.m2/repository/org/glassfish/jersey/inject/jersey-hk2/2.27/jersey-hk2-2.27.jar:/home/user/.m2/repository/org/glassfish/hk2/hk2-locator/2.5.0-b42/hk2-locator-2.5.0-b42.jar:/home/user/.m2/repository/org/javassist/javassist/3.22.0-CR2/javassist-3.22.0-CR2.jar:/home/user/.m2/repository/org/glassfish/hk2/hk2-api/2.5.0/hk2-api-2.5.0.jar:/home/user/.m2/repository/org/glassfish/hk2/external/jakarta.inject/2.5.0/jakarta.inject-2.5.0.jar:/home/user/.m2/repository/org/glassfish/hk2/hk2-utils/2.5.0/hk2-utils-2.5.0.jar:/home/user/.m2/repository/jakarta/annotation/jakarta.annotation-api/1.3.4/jakarta.annotation-api-1.3.4.jar:/home/user/.m2/repository/org/glassfish/hk2/external/aopalliance-repackaged/2.5.0/aopalliance-repackaged-2.5.0.jar:/home/user/.m2/repository/com/fasterxml/jackson/dataformat/jackson-dataformat-xml/2.9.0/jackson-dataformat-xml-2.9.0.jar:/home/user/.m2/repository/com/fasterxml/jackson/core/jackson-core/2.9.5/jackson-core-2.9.5.jar:/home/user/.m2/repository/com/fasterxml/jackson/module/jackson-module-jaxb-annotations/2.9.5/jackson-module-jaxb-annotations-2.9.5.jar:/home/user/.m2/repository/javax/enterprise/cdi-api/1.2/cdi-api-1.2.jar:/home/user/.m2/repository/javax/el/javax.el-api/3.0.0/javax.el-api-3.0.0.jar:/home/user/.m2/repository/javax/interceptor/javax.interceptor-api/1.2/javax.interceptor-api-1.2.jar:/home/user/.m2/repository/javax/inject/javax.inject/1/javax.inject-1.jar:/home/user/.m2/repository/com/sun/xml/bind/jaxb-impl/2.3.0.1/jaxb-impl-2.3.0.1.jar:/home/user/.m2/repository/com/sun/xml/bind/jaxb-core/2.3.0.1/jaxb-core-2.3.0.1.jar:/home/user/.m2/repository/javax/xml/bind/jaxb-api/2.3.0/jaxb-api-2.3.0.jar:/home/user/.m2/repository/javax/activation/activation/1.1.1/activation-1.1.1.jar:/home/user/.m2/repository/org/apache/hadoop/hadoop-ozone-csi/0.5.0-SNAPSHOT/hadoop-ozone-csi-0.5.0-SNAPSHOT.jar:/home/user/.m2/repository/com/google/protobuf/protobuf-java-util/3.5.1/protobuf-java-util-3.5.1.jar:/home/user/.m2/repository/org/apache/hadoop/hadoop-hdds-config/0.5.0-SNAPSHOT/hadoop-hdds-config-0.5.0-SNAPSHOT.jar:/home/user/.m2/repository/io/grpc/grpc-netty/1.17.1/grpc-netty-1.17.1.jar:/home/user/.m2/repository/io/grpc/grpc-core/1.17.1/grpc-core-1.17.1.jar:/home/user/.m2/repository/io/grpc/grpc-context/1.17.1/grpc-context-1.17.1.jar:/home/user/.m2/repository/com/google/errorprone/error_prone_annotations/2.2.0/error_prone_annotations-2.2.0.jar:/home/user/.m2/repository/org/codehaus/mojo/animal-sniffer-annotations/1.17/animal-sniffer-annotations-1.17.jar:/home/user/.m2/repository/io/opencensus/opencensus-api/0.17.0/opencensus-api-0.17.0.jar:/home/user/.m2/repository/io/opencensus/opencensus-contrib-grpc-metrics/0.17.0/opencensus-contrib-grpc-metrics-0.17.0.jar:/home/user/.m2/repository/io/netty/netty-codec-http2/4.1.30.Final/netty-codec-http2-4.1.30.Final.jar:/home/user/.m2/repository/io/netty/netty-codec-http/4.1.30.Final/netty-codec-http-4.1.30.Final.jar:/home/user/.m2/repository/io/netty/netty-codec/4.1.30.Final/netty-codec-4.1.30.Final.jar:/home/user/.m2/repository/io/netty/netty-handler/4.1.30.Final/netty-handler-4.1.30.Final.jar:/home/user/.m2/repository/io/netty/netty-handler-proxy/4.1.30.Final/netty-handler-proxy-4.1.30.Final.jar:/home/user/.m2/repository/io/netty/netty-codec-socks/4.1.30.Final/netty-codec-socks-4.1.30.Final.jar:/home/user/.m2/repository/io/netty/netty-transport-native-epoll/4.1.30.Final/netty-transport-native-epoll-4.1.30.Final.jar:/home/user/.m2/repository/io/netty/netty-common/4.1.30.Final/netty-common-4.1.30.Final.jar:/home/user/.m2/repository/io/netty/netty-buffer/4.1.30.Final/netty-buffer-4.1.30.Final.jar:/home/user/.m2/repository/io/netty/netty-transport/4.1.30.Final/netty-transport-4.1.30.Final.jar:/home/user/.m2/repository/io/netty/netty-resolver/4.1.30.Final/netty-resolver-4.1.30.Final.jar:/home/user/.m2/repository/io/netty/netty-transport-native-unix-common/4.1.30.Final/netty-transport-native-unix-common-4.1.30.Final.jar:/home/user/.m2/repository/io/grpc/grpc-protobuf/1.17.1/grpc-protobuf-1.17.1.jar:/home/user/.m2/repository/com/google/api/grpc/proto-google-common-protos/1.0.0/proto-google-common-protos-1.0.0.jar:/home/user/.m2/repository/io/grpc/grpc-protobuf-lite/1.17.1/grpc-protobuf-lite-1.17.1.jar:/home/user/.m2/repository/io/grpc/grpc-stub/1.17.1/grpc-stub-1.17.1.jar:/home/user/.m2/repository/org/apache/hadoop/hadoop-ozone-recon/0.5.0-SNAPSHOT/hadoop-ozone-recon-0.5.0-SNAPSHOT.jar:/home/user/.m2/repository/org/apache/hadoop/hadoop-ozone-reconcodegen/0.5.0-SNAPSHOT/hadoop-ozone-reconcodegen-0.5.0-SNAPSHOT.jar:/home/user/.m2/repository/com/google/inject/extensions/guice-multibindings/4.0/guice-multibindings-4.0.jar:/home/user/.m2/repository/com/google/inject/guice/4.0/guice-4.0.jar:/home/user/.m2/repository/aopalliance/aopalliance/1.0/aopalliance-1.0.jar:/home/user/.m2/repository/com/google/inject/extensions/guice-servlet/4.0/guice-servlet-4.0.jar:/home/user/.m2/repository/org/glassfish/jersey/containers/jersey-container-servlet/2.27/jersey-container-servlet-2.27.jar:/home/user/.m2/repository/org/glassfish/hk2/guice-bridge/2.5.0/guice-bridge-2.5.0.jar:/home/user/.m2/repository/org/glassfish/jersey/core/jersey-server/2.27/jersey-server-2.27.jar:/home/user/.m2/repository/org/glassfish/jersey/core/jersey-client/2.27/jersey-client-2.27.jar:/home/user/.m2/repository/org/glassfish/jersey/media/jersey-media-jaxb/2.27/jersey-media-jaxb-2.27.jar:/home/user/.m2/repository/javax/validation/validation-api/1.1.0.Final/validation-api-1.1.0.Final.jar:/home/user/.m2/repository/org/glassfish/jersey/media/jersey-media-json-jackson/2.27/jersey-media-json-jackson-2.27.jar:/home/user/.m2/repository/org/glassfish/jersey/ext/jersey-entity-filtering/2.27/jersey-entity-filtering-2.27.jar:/home/user/.m2/repository/com/google/inject/extensions/guice-assistedinject/4.0/guice-assistedinject-4.0.jar:/home/user/.m2/repository/org/jooq/jooq/3.11.10/jooq-3.11.10.jar:/home/user/.m2/repository/org/jooq/jooq-meta/3.11.10/jooq-meta-3.11.10.jar:/home/user/.m2/repository/org/jooq/jooq-codegen/3.11.10/jooq-codegen-3.11.10.jar:/home/user/.m2/repository/com/jolbox/bonecp/0.8.0.RELEASE/bonecp-0.8.0.RELEASE.jar:/home/user/.m2/repository/org/xerial/sqlite-jdbc/3.25.2/sqlite-jdbc-3.25.2.jar:/home/user/.m2/repository/org/springframework/spring-jdbc/5.1.3.RELEASE/spring-jdbc-5.1.3.RELEASE.jar:/home/user/.m2/repository/org/springframework/spring-beans/5.1.3.RELEASE/spring-beans-5.1.3.RELEASE.jar:/home/user/.m2/repository/org/springframework/spring-core/5.1.3.RELEASE/spring-core-5.1.3.RELEASE.jar:/home/user/.m2/repository/org/springframework/spring-jcl/5.1.3.RELEASE/spring-jcl-5.1.3.RELEASE.jar:/home/user/.m2/repository/org/springframework/spring-tx/5.1.3.RELEASE/spring-tx-5.1.3.RELEASE.jar:/home/user/.m2/repository/org/apache/hadoop/hadoop-ozone-client/0.5.0-SNAPSHOT/hadoop-ozone-client-0.5.0-SNAPSHOT.jar:/home/user/.m2/repository/commons-lang/commons-lang/2.6/commons-lang-2.6.jar:/home/user/.m2/repository/org/apache/hadoop/hadoop-ozone-ozone-manager/0.5.0-SNAPSHOT/hadoop-ozone-ozone-manager-0.5.0-SNAPSHOT-tests.jar:/home/user/.m2/repository/junit/junit/4.11/junit-4.11.jar:/home/user/.m2/repository/org/hamcrest/hamcrest-core/1.3/hamcrest-core-1.3.jar:/home/user/.m2/repository/org/openjdk/jmh/jmh-core/1.19/jmh-core-1.19.jar:/home/user/.m2/repository/net/sf/jopt-simple/jopt-simple/4.6/jopt-simple-4.6.jar:/home/user/.m2/repository/org/apache/commons/commons-math3/3.1.1/commons-math3-3.1.1.jar:/home/user/.m2/repository/org/openjdk/jmh/jmh-generator-annprocess/1.19/jmh-generator-annprocess-1.19.jar:/home/user/.m2/repository/org/mockito/mockito-all/1.8.5/mockito-all-1.8.5.jar:/home/user/.m2/repository/org/apache/hadoop/hadoop-kms/3.2.0/hadoop-kms-3.2.0.jar:/home/user/.m2/repository/org/apache/hadoop/hadoop-auth/3.2.0/hadoop-auth-3.2.0.jar:/home/user/.m2/repository/com/nimbusds/nimbus-jose-jwt/4.41.1/nimbus-jose-jwt-4.41.1.jar:/home/user/.m2/repository/com/github/stephenc/jcip/jcip-annotations/1.0-1/jcip-annotations-1.0-1.jar:/home/user/.m2/repository/net/minidev/json-smart/2.3/json-smart-2.3.jar:/home/user/.m2/repository/net/minidev/accessors-smart/1.2/accessors-smart-1.2.jar:/home/user/.m2/repository/org/ow2/asm/asm/5.0.4/asm-5.0.4.jar:/home/user/.m2/repository/org/apache/curator/curator-framework/2.12.0/curator-framework-2.12.0.jar:/home/user/.m2/repository/com/sun/jersey/jersey-core/1.19/jersey-core-1.19.jar:/home/user/.m2/repository/javax/ws/rs/jsr311-api/1.1.1/jsr311-api-1.1.1.jar:/home/user/.m2/repository/com/sun/jersey/jersey-server/1.19/jersey-server-1.19.jar:/home/user/.m2/repository/javax/servlet/javax.servlet-api/3.1.0/javax.servlet-api-3.1.0.jar:/home/user/.m2/repository/org/eclipse/jetty/jetty-server/9.3.24.v20180605/jetty-server-9.3.24.v20180605.jar:/home/user/.m2/repository/org/eclipse/jetty/jetty-http/9.3.24.v20180605/jetty-http-9.3.24.v20180605.jar:/home/user/.m2/repository/org/eclipse/jetty/jetty-io/9.3.24.v20180605/jetty-io-9.3.24.v20180605.jar:/home/user/.m2/repository/org/eclipse/jetty/jetty-webapp/9.3.24.v20180605/jetty-webapp-9.3.24.v20180605.jar:/home/user/.m2/repository/org/eclipse/jetty/jetty-xml/9.3.24.v20180605/jetty-xml-9.3.24.v20180605.jar:/home/user/.m2/repository/log4j/log4j/1.2.17/log4j-1.2.17.jar:/home/user/.m2/repository/org/slf4j/slf4j-api/1.7.25/slf4j-api-1.7.25.jar:/home/user/.m2/repository/org/slf4j/jul-to-slf4j/1.7.25/jul-to-slf4j-1.7.25.jar:/home/user/.m2/repository/org/eclipse/jetty/jetty-util/9.3.24.v20180605/jetty-util-9.3.24.v20180605.jar:/home/user/.m2/repository/com/fasterxml/jackson/core/jackson-databind/2.9.5/jackson-databind-2.9.5.jar:/home/user/.m2/repository/org/apache/hadoop/hadoop-kms/3.2.0/hadoop-kms-3.2.0-tests.jar:/home/user/.m2/repository/org/apache/hadoop/hadoop-hdds-server-scm/0.5.0-SNAPSHOT/hadoop-hdds-server-scm-0.5.0-SNAPSHOT-tests.jar:/home/user/.m2/repository/org/apache/hadoop/hadoop-hdds-container-service/0.5.0-SNAPSHOT/hadoop-hdds-container-service-0.5.0-SNAPSHOT-tests.jar:/home/user/.m2/repository/org/yaml/snakeyaml/1.16/snakeyaml-1.16.jar:/home/user/.m2/repository/org/apache/hadoop/hadoop-common/3.2.0/hadoop-common-3.2.0-tests.jar:/home/user/.m2/repository/org/apache/hadoop/hadoop-annotations/3.2.0/hadoop-annotations-3.2.0.jar:/usr/lib/jvm/java-1.8-openjdk/jre/../lib/tools.jar:/home/user/.m2/repository/commons-cli/commons-cli/1.2/commons-cli-1.2.jar:/home/user/.m2/repository/org/apache/httpcomponents/httpclient/4.5.2/httpclient-4.5.2.jar:/home/user/.m2/repository/org/apache/httpcomponents/httpcore/4.4.4/httpcore-4.4.4.jar:/home/user/.m2/repository/commons-codec/commons-codec/1.11/commons-codec-1.11.jar:/home/user/.m2/repository/commons-net/commons-net/3.6/commons-net-3.6.jar:/home/user/.m2/repository/commons-collections/commons-collections/3.2.2/commons-collections-3.2.2.jar:/home/user/.m2/repository/org/eclipse/jetty/jetty-servlet/9.3.24.v20180605/jetty-servlet-9.3.24.v20180605.jar:/home/user/.m2/repository/org/eclipse/jetty/jetty-security/9.3.24.v20180605/jetty-security-9.3.24.v20180605.jar:/home/user/.m2/repository/javax/servlet/jsp/jsp-api/2.1/jsp-api-2.1.jar:/home/user/.m2/repository/com/sun/jersey/jersey-servlet/1.19/jersey-servlet-1.19.jar:/home/user/.m2/repository/com/sun/jersey/jersey-json/1.19/jersey-json-1.19.jar:/home/user/.m2/repository/org/codehaus/jettison/jettison/1.1/jettison-1.1.jar:/home/user/.m2/repository/org/codehaus/jackson/jackson-core-asl/1.9.13/jackson-core-asl-1.9.13.jar:/home/user/.m2/repository/org/codehaus/jackson/jackson-mapper-asl/1.9.13/jackson-mapper-asl-1.9.13.jar:/home/user/.m2/repository/org/codehaus/jackson/jackson-jaxrs/1.9.13/jackson-jaxrs-1.9.13.jar:/home/user/.m2/repository/org/codehaus/jackson/jackson-xc/1.9.13/jackson-xc-1.9.13.jar:/home/user/.m2/repository/commons-logging/commons-logging/1.1.3/commons-logging-1.1.3.jar:/home/user/.m2/repository/commons-beanutils/commons-beanutils/1.9.3/commons-beanutils-1.9.3.jar:/home/user/.m2/repository/org/apache/commons/commons-configuration2/2.1.1/commons-configuration2-2.1.1.jar:/home/user/.m2/repository/org/apache/commons/commons-lang3/3.7/commons-lang3-3.7.jar:/home/user/.m2/repository/org/apache/commons/commons-text/1.4/commons-text-1.4.jar:/home/user/.m2/repository/org/apache/avro/avro/1.7.7/avro-1.7.7.jar:/home/user/.m2/repository/com/thoughtworks/paranamer/paranamer/2.3/paranamer-2.3.jar:/home/user/.m2/repository/org/xerial/snappy/snappy-java/1.0.5/snappy-java-1.0.5.jar:/home/user/.m2/repository/com/google/re2j/re2j/1.1/re2j-1.1.jar:/home/user/.m2/repository/com/google/code/gson/gson/2.2.4/gson-2.2.4.jar:/home/user/.m2/repository/com/jcraft/jsch/0.1.54/jsch-0.1.54.jar:/home/user/.m2/repository/org/apache/curator/curator-client/2.12.0/curator-client-2.12.0.jar:/home/user/.m2/repository/org/apache/curator/curator-recipes/2.12.0/curator-recipes-2.12.0.jar:/home/user/.m2/repository/com/google/code/findbugs/jsr305/3.0.0/jsr305-3.0.0.jar:/home/user/.m2/repository/org/apache/htrace/htrace-core4/4.1.0-incubating/htrace-core4-4.1.0-incubating.jar:/home/user/.m2/repository/org/apache/zookeeper/zookeeper/3.4.13/zookeeper-3.4.13.jar:/home/user/.m2/repository/org/apache/yetus/audience-annotations/0.5.0/audience-annotations-0.5.0.jar:/home/user/.m2/repository/org/codehaus/woodstox/stax2-api/3.1.4/stax2-api-3.1.4.jar:/home/user/.m2/repository/com/fasterxml/woodstox/woodstox-core/5.0.3/woodstox-core-5.0.3.jar:/home/user/.m2/repository/dnsjava/dnsjava/2.1.7/dnsjava-2.1.7.jar:/home/user/.m2/repository/org/apache/hadoop/hadoop-hdfs/3.2.0/hadoop-hdfs-3.2.0-tests.jar:/home/user/.m2/repository/org/eclipse/jetty/jetty-util-ajax/9.3.24.v20180605/jetty-util-ajax-9.3.24.v20180605.jar:/home/user/.m2/repository/commons-daemon/commons-daemon/1.0.13/commons-daemon-1.0.13.jar:/home/user/.m2/repository/io/netty/netty/3.10.5.Final/netty-3.10.5.Final.jar:/home/user/.m2/repository/io/netty/netty-all/4.0.52.Final/netty-all-4.0.52.Final.jar:/home/user/.m2/repository/org/fusesource/leveldbjni/leveldbjni-all/1.8/leveldbjni-all-1.8.jar:"/>
    <property name="java.vm.vendor" value="IcedTea"/>
    <property name="sun.arch.data.model" value="64"/>
    <property name="test.build.dir" value="/workdir/hadoop-ozone/integration-test/target/test-dir"/>
    <property name="test.cache.data" value=""/>
    <property name="java.vendor.url" value="https://icedtea.classpath.org"/>
    <property name="user.timezone" value=""/>
    <property name="java.vm.specification.version" value="1.8"/>
    <property name="os.name" value="Linux"/>
    <property name="test.build.data" value="/workdir/hadoop-ozone/integration-test/target/test-dir"/>
    <property name="user.country" value="US"/>
    <property name="sun.java.launcher" value="SUN_STANDARD"/>
    <property name="sun.boot.library.path" value="/usr/lib/jvm/java-1.8-openjdk/jre/lib/amd64"/>
    <property name="sun.java.command" value="/workdir/hadoop-ozone/integration-test/target/surefire/surefirebooter4575387950639616403.jar /workdir/hadoop-ozone/integration-test/target/surefire 2019-09-11T17-52-55_361-jvmRun1 surefire8756777987440612807tmp surefire_482930007498552303634tmp"/>
    <property name="test" value="!TestMiniChaosOzoneCluster"/>
    <property name="surefire.test.class.path" value="/workdir/hadoop-ozone/integration-test/target/test-classes:/workdir/hadoop-ozone/integration-test/target/classes:/home/user/.m2/repository/org/apache/hadoop/hadoop-ozone-common/0.5.0-SNAPSHOT/hadoop-ozone-common-0.5.0-SNAPSHOT.jar:/home/user/.m2/repository/org/apache/commons/commons-compress/1.4.1/commons-compress-1.4.1.jar:/home/user/.m2/repository/org/tukaani/xz/1.0/xz-1.0.jar:/home/user/.m2/repository/org/apache/hadoop/hadoop-common/3.2.0/hadoop-common-3.2.0.jar:/home/user/.m2/repository/org/apache/hadoop/hadoop-hdfs/3.2.0/hadoop-hdfs-3.2.0.jar:/home/user/.m2/repository/org/apache/hadoop/hadoop-hdfs-client/3.2.0/hadoop-hdfs-client-3.2.0.jar:/home/user/.m2/repository/com/fasterxml/jackson/core/jackson-annotations/2.9.5/jackson-annotations-2.9.5.jar:/home/user/.m2/repository/org/apache/hadoop/hadoop-hdds-common/0.5.0-SNAPSHOT/hadoop-hdds-common-0.5.0-SNAPSHOT.jar:/home/user/.m2/repository/javax/annotation/javax.annotation-api/1.2/javax.annotation-api-1.2.jar:/home/user/.m2/repository/org/apache/ratis/ratis-server/0.4.0-2337318-SNAPSHOT/ratis-server-0.4.0-2337318-SNAPSHOT.jar:/home/user/.m2/repository/org/apache/ratis/ratis-thirdparty-misc/0.2.0/ratis-thirdparty-misc-0.2.0.jar:/home/user/.m2/repository/org/apache/ratis/ratis-proto/0.4.0-2337318-SNAPSHOT/ratis-proto-0.4.0-2337318-SNAPSHOT.jar:/home/user/.m2/repository/org/apache/ratis/ratis-common/0.4.0-2337318-SNAPSHOT/ratis-common-0.4.0-2337318-SNAPSHOT.jar:/home/user/.m2/repository/org/apache/ratis/ratis-client/0.4.0-2337318-SNAPSHOT/ratis-client-0.4.0-2337318-SNAPSHOT.jar:/home/user/.m2/repository/org/apache/ratis/ratis-metrics/0.4.0-2337318-SNAPSHOT/ratis-metrics-0.4.0-2337318-SNAPSHOT.jar:/home/user/.m2/repository/org/apache/ratis/ratis-netty/0.4.0-2337318-SNAPSHOT/ratis-netty-0.4.0-2337318-SNAPSHOT.jar:/home/user/.m2/repository/org/apache/ratis/ratis-grpc/0.4.0-2337318-SNAPSHOT/ratis-grpc-0.4.0-2337318-SNAPSHOT.jar:/home/user/.m2/repository/org/rocksdb/rocksdbjni/6.0.1/rocksdbjni-6.0.1.jar:/home/user/.m2/repository/org/apache/logging/log4j/log4j-api/2.11.0/log4j-api-2.11.0.jar:/home/user/.m2/repository/org/apache/logging/log4j/log4j-core/2.11.0/log4j-core-2.11.0.jar:/home/user/.m2/repository/com/lmax/disruptor/3.4.2/disruptor-3.4.2.jar:/home/user/.m2/repository/org/apache/commons/commons-pool2/2.6.0/commons-pool2-2.6.0.jar:/home/user/.m2/repository/org/bouncycastle/bcpkix-jdk15on/1.60/bcpkix-jdk15on-1.60.jar:/home/user/.m2/repository/commons-validator/commons-validator/1.6/commons-validator-1.6.jar:/home/user/.m2/repository/commons-digester/commons-digester/1.8.1/commons-digester-1.8.1.jar:/home/user/.m2/repository/io/jaegertracing/jaeger-client/0.33.1/jaeger-client-0.33.1.jar:/home/user/.m2/repository/io/jaegertracing/jaeger-thrift/0.33.1/jaeger-thrift-0.33.1.jar:/home/user/.m2/repository/org/apache/thrift/libthrift/0.11.0/libthrift-0.11.0.jar:/home/user/.m2/repository/com/squareup/okhttp3/okhttp/3.9.0/okhttp-3.9.0.jar:/home/user/.m2/repository/com/squareup/okio/okio/1.13.0/okio-1.13.0.jar:/home/user/.m2/repository/io/jaegertracing/jaeger-core/0.33.1/jaeger-core-0.33.1.jar:/home/user/.m2/repository/io/jaegertracing/jaeger-tracerresolver/0.33.1/jaeger-tracerresolver-0.33.1.jar:/home/user/.m2/repository/io/opentracing/contrib/opentracing-tracerresolver/0.1.5/opentracing-tracerresolver-0.1.5.jar:/home/user/.m2/repository/io/opentracing/opentracing-util/0.31.0/opentracing-util-0.31.0.jar:/home/user/.m2/repository/io/opentracing/opentracing-api/0.31.0/opentracing-api-0.31.0.jar:/home/user/.m2/repository/io/opentracing/opentracing-noop/0.31.0/opentracing-noop-0.31.0.jar:/home/user/.m2/repository/org/apache/hadoop/hadoop-hdds-server-framework/0.5.0-SNAPSHOT/hadoop-hdds-server-framework-0.5.0-SNAPSHOT.jar:/home/user/.m2/repository/org/apache/hadoop/hadoop-hdds-container-service/0.5.0-SNAPSHOT/hadoop-hdds-container-service-0.5.0-SNAPSHOT.jar:/home/user/.m2/repository/org/apache/hadoop/hadoop-hdds-client/0.5.0-SNAPSHOT/hadoop-hdds-client-0.5.0-SNAPSHOT.jar:/home/user/.m2/repository/org/apache/hadoop/hadoop-hdds-tools/0.5.0-SNAPSHOT/hadoop-hdds-tools-0.5.0-SNAPSHOT.jar:/home/user/.m2/repository/org/apache/hadoop/hadoop-hdds-server-scm/0.5.0-SNAPSHOT/hadoop-hdds-server-scm-0.5.0-SNAPSHOT.jar:/home/user/.m2/repository/org/apache/hadoop/hadoop-hdds-docs/0.5.0-SNAPSHOT/hadoop-hdds-docs-0.5.0-SNAPSHOT.jar:/home/user/.m2/repository/io/dropwizard/metrics/metrics-core/3.2.4/metrics-core-3.2.4.jar:/home/user/.m2/repository/org/hamcrest/hamcrest-all/1.3/hamcrest-all-1.3.jar:/home/user/.m2/repository/org/bouncycastle/bcprov-jdk15on/1.60/bcprov-jdk15on-1.60.jar:/home/user/.m2/repository/info/picocli/picocli/3.9.6/picocli-3.9.6.jar:/home/user/.m2/repository/com/google/protobuf/protobuf-java/2.5.0/protobuf-java-2.5.0.jar:/home/user/.m2/repository/com/google/guava/guava/11.0.2/guava-11.0.2.jar:/home/user/.m2/repository/org/apache/hadoop/hadoop-ozone-ozone-manager/0.5.0-SNAPSHOT/hadoop-ozone-ozone-manager-0.5.0-SNAPSHOT.jar:/home/user/.m2/repository/org/apache/hadoop/hadoop-minikdc/3.2.0/hadoop-minikdc-3.2.0.jar:/home/user/.m2/repository/commons-io/commons-io/2.5/commons-io-2.5.jar:/home/user/.m2/repository/org/apache/kerby/kerb-simplekdc/1.0.1/kerb-simplekdc-1.0.1.jar:/home/user/.m2/repository/org/apache/kerby/kerb-client/1.0.1/kerb-client-1.0.1.jar:/home/user/.m2/repository/org/apache/kerby/kerby-config/1.0.1/kerby-config-1.0.1.jar:/home/user/.m2/repository/org/apache/kerby/kerb-core/1.0.1/kerb-core-1.0.1.jar:/home/user/.m2/repository/org/apache/kerby/kerby-pkix/1.0.1/kerby-pkix-1.0.1.jar:/home/user/.m2/repository/org/apache/kerby/kerby-asn1/1.0.1/kerby-asn1-1.0.1.jar:/home/user/.m2/repository/org/apache/kerby/kerby-util/1.0.1/kerby-util-1.0.1.jar:/home/user/.m2/repository/org/apache/kerby/kerb-common/1.0.1/kerb-common-1.0.1.jar:/home/user/.m2/repository/org/apache/kerby/kerb-crypto/1.0.1/kerb-crypto-1.0.1.jar:/home/user/.m2/repository/org/apache/kerby/kerb-util/1.0.1/kerb-util-1.0.1.jar:/home/user/.m2/repository/org/apache/kerby/token-provider/1.0.1/token-provider-1.0.1.jar:/home/user/.m2/repository/org/apache/kerby/kerb-admin/1.0.1/kerb-admin-1.0.1.jar:/home/user/.m2/repository/org/apache/kerby/kerb-server/1.0.1/kerb-server-1.0.1.jar:/home/user/.m2/repository/org/apache/kerby/kerb-identity/1.0.1/kerb-identity-1.0.1.jar:/home/user/.m2/repository/org/apache/kerby/kerby-xdr/1.0.1/kerby-xdr-1.0.1.jar:/home/user/.m2/repository/org/slf4j/slf4j-log4j12/1.7.25/slf4j-log4j12-1.7.25.jar:/home/user/.m2/repository/org/apache/hadoop/hadoop-ozone-s3gateway/0.5.0-SNAPSHOT/hadoop-ozone-s3gateway-0.5.0-SNAPSHOT.jar:/home/user/.m2/repository/org/jboss/weld/servlet/weld-servlet/2.4.7.Final/weld-servlet-2.4.7.Final.jar:/home/user/.m2/repository/org/glassfish/jersey/containers/jersey-container-servlet-core/2.27/jersey-container-servlet-core-2.27.jar:/home/user/.m2/repository/org/glassfish/hk2/external/javax.inject/2.5.0-b42/javax.inject-2.5.0-b42.jar:/home/user/.m2/repository/org/glassfish/jersey/core/jersey-common/2.27/jersey-common-2.27.jar:/home/user/.m2/repository/org/glassfish/hk2/osgi-resource-locator/1.0.1/osgi-resource-locator-1.0.1.jar:/home/user/.m2/repository/javax/ws/rs/javax.ws.rs-api/2.1/javax.ws.rs-api-2.1.jar:/home/user/.m2/repository/org/glassfish/jersey/ext/cdi/jersey-cdi1x/2.27/jersey-cdi1x-2.27.jar:/home/user/.m2/repository/org/glassfish/jersey/inject/jersey-hk2/2.27/jersey-hk2-2.27.jar:/home/user/.m2/repository/org/glassfish/hk2/hk2-locator/2.5.0-b42/hk2-locator-2.5.0-b42.jar:/home/user/.m2/repository/org/javassist/javassist/3.22.0-CR2/javassist-3.22.0-CR2.jar:/home/user/.m2/repository/org/glassfish/hk2/hk2-api/2.5.0/hk2-api-2.5.0.jar:/home/user/.m2/repository/org/glassfish/hk2/external/jakarta.inject/2.5.0/jakarta.inject-2.5.0.jar:/home/user/.m2/repository/org/glassfish/hk2/hk2-utils/2.5.0/hk2-utils-2.5.0.jar:/home/user/.m2/repository/jakarta/annotation/jakarta.annotation-api/1.3.4/jakarta.annotation-api-1.3.4.jar:/home/user/.m2/repository/org/glassfish/hk2/external/aopalliance-repackaged/2.5.0/aopalliance-repackaged-2.5.0.jar:/home/user/.m2/repository/com/fasterxml/jackson/dataformat/jackson-dataformat-xml/2.9.0/jackson-dataformat-xml-2.9.0.jar:/home/user/.m2/repository/com/fasterxml/jackson/core/jackson-core/2.9.5/jackson-core-2.9.5.jar:/home/user/.m2/repository/com/fasterxml/jackson/module/jackson-module-jaxb-annotations/2.9.5/jackson-module-jaxb-annotations-2.9.5.jar:/home/user/.m2/repository/javax/enterprise/cdi-api/1.2/cdi-api-1.2.jar:/home/user/.m2/repository/javax/el/javax.el-api/3.0.0/javax.el-api-3.0.0.jar:/home/user/.m2/repository/javax/interceptor/javax.interceptor-api/1.2/javax.interceptor-api-1.2.jar:/home/user/.m2/repository/javax/inject/javax.inject/1/javax.inject-1.jar:/home/user/.m2/repository/com/sun/xml/bind/jaxb-impl/2.3.0.1/jaxb-impl-2.3.0.1.jar:/home/user/.m2/repository/com/sun/xml/bind/jaxb-core/2.3.0.1/jaxb-core-2.3.0.1.jar:/home/user/.m2/repository/javax/xml/bind/jaxb-api/2.3.0/jaxb-api-2.3.0.jar:/home/user/.m2/repository/javax/activation/activation/1.1.1/activation-1.1.1.jar:/home/user/.m2/repository/org/apache/hadoop/hadoop-ozone-csi/0.5.0-SNAPSHOT/hadoop-ozone-csi-0.5.0-SNAPSHOT.jar:/home/user/.m2/repository/com/google/protobuf/protobuf-java-util/3.5.1/protobuf-java-util-3.5.1.jar:/home/user/.m2/repository/org/apache/hadoop/hadoop-hdds-config/0.5.0-SNAPSHOT/hadoop-hdds-config-0.5.0-SNAPSHOT.jar:/home/user/.m2/repository/io/grpc/grpc-netty/1.17.1/grpc-netty-1.17.1.jar:/home/user/.m2/repository/io/grpc/grpc-core/1.17.1/grpc-core-1.17.1.jar:/home/user/.m2/repository/io/grpc/grpc-context/1.17.1/grpc-context-1.17.1.jar:/home/user/.m2/repository/com/google/errorprone/error_prone_annotations/2.2.0/error_prone_annotations-2.2.0.jar:/home/user/.m2/repository/org/codehaus/mojo/animal-sniffer-annotations/1.17/animal-sniffer-annotations-1.17.jar:/home/user/.m2/repository/io/opencensus/opencensus-api/0.17.0/opencensus-api-0.17.0.jar:/home/user/.m2/repository/io/opencensus/opencensus-contrib-grpc-metrics/0.17.0/opencensus-contrib-grpc-metrics-0.17.0.jar:/home/user/.m2/repository/io/netty/netty-codec-http2/4.1.30.Final/netty-codec-http2-4.1.30.Final.jar:/home/user/.m2/repository/io/netty/netty-codec-http/4.1.30.Final/netty-codec-http-4.1.30.Final.jar:/home/user/.m2/repository/io/netty/netty-codec/4.1.30.Final/netty-codec-4.1.30.Final.jar:/home/user/.m2/repository/io/netty/netty-handler/4.1.30.Final/netty-handler-4.1.30.Final.jar:/home/user/.m2/repository/io/netty/netty-handler-proxy/4.1.30.Final/netty-handler-proxy-4.1.30.Final.jar:/home/user/.m2/repository/io/netty/netty-codec-socks/4.1.30.Final/netty-codec-socks-4.1.30.Final.jar:/home/user/.m2/repository/io/netty/netty-transport-native-epoll/4.1.30.Final/netty-transport-native-epoll-4.1.30.Final.jar:/home/user/.m2/repository/io/netty/netty-common/4.1.30.Final/netty-common-4.1.30.Final.jar:/home/user/.m2/repository/io/netty/netty-buffer/4.1.30.Final/netty-buffer-4.1.30.Final.jar:/home/user/.m2/repository/io/netty/netty-transport/4.1.30.Final/netty-transport-4.1.30.Final.jar:/home/user/.m2/repository/io/netty/netty-resolver/4.1.30.Final/netty-resolver-4.1.30.Final.jar:/home/user/.m2/repository/io/netty/netty-transport-native-unix-common/4.1.30.Final/netty-transport-native-unix-common-4.1.30.Final.jar:/home/user/.m2/repository/io/grpc/grpc-protobuf/1.17.1/grpc-protobuf-1.17.1.jar:/home/user/.m2/repository/com/google/api/grpc/proto-google-common-protos/1.0.0/proto-google-common-protos-1.0.0.jar:/home/user/.m2/repository/io/grpc/grpc-protobuf-lite/1.17.1/grpc-protobuf-lite-1.17.1.jar:/home/user/.m2/repository/io/grpc/grpc-stub/1.17.1/grpc-stub-1.17.1.jar:/home/user/.m2/repository/org/apache/hadoop/hadoop-ozone-recon/0.5.0-SNAPSHOT/hadoop-ozone-recon-0.5.0-SNAPSHOT.jar:/home/user/.m2/repository/org/apache/hadoop/hadoop-ozone-reconcodegen/0.5.0-SNAPSHOT/hadoop-ozone-reconcodegen-0.5.0-SNAPSHOT.jar:/home/user/.m2/repository/com/google/inject/extensions/guice-multibindings/4.0/guice-multibindings-4.0.jar:/home/user/.m2/repository/com/google/inject/guice/4.0/guice-4.0.jar:/home/user/.m2/repository/aopalliance/aopalliance/1.0/aopalliance-1.0.jar:/home/user/.m2/repository/com/google/inject/extensions/guice-servlet/4.0/guice-servlet-4.0.jar:/home/user/.m2/repository/org/glassfish/jersey/containers/jersey-container-servlet/2.27/jersey-container-servlet-2.27.jar:/home/user/.m2/repository/org/glassfish/hk2/guice-bridge/2.5.0/guice-bridge-2.5.0.jar:/home/user/.m2/repository/org/glassfish/jersey/core/jersey-server/2.27/jersey-server-2.27.jar:/home/user/.m2/repository/org/glassfish/jersey/core/jersey-client/2.27/jersey-client-2.27.jar:/home/user/.m2/repository/org/glassfish/jersey/media/jersey-media-jaxb/2.27/jersey-media-jaxb-2.27.jar:/home/user/.m2/repository/javax/validation/validation-api/1.1.0.Final/validation-api-1.1.0.Final.jar:/home/user/.m2/repository/org/glassfish/jersey/media/jersey-media-json-jackson/2.27/jersey-media-json-jackson-2.27.jar:/home/user/.m2/repository/org/glassfish/jersey/ext/jersey-entity-filtering/2.27/jersey-entity-filtering-2.27.jar:/home/user/.m2/repository/com/google/inject/extensions/guice-assistedinject/4.0/guice-assistedinject-4.0.jar:/home/user/.m2/repository/org/jooq/jooq/3.11.10/jooq-3.11.10.jar:/home/user/.m2/repository/org/jooq/jooq-meta/3.11.10/jooq-meta-3.11.10.jar:/home/user/.m2/repository/org/jooq/jooq-codegen/3.11.10/jooq-codegen-3.11.10.jar:/home/user/.m2/repository/com/jolbox/bonecp/0.8.0.RELEASE/bonecp-0.8.0.RELEASE.jar:/home/user/.m2/repository/org/xerial/sqlite-jdbc/3.25.2/sqlite-jdbc-3.25.2.jar:/home/user/.m2/repository/org/springframework/spring-jdbc/5.1.3.RELEASE/spring-jdbc-5.1.3.RELEASE.jar:/home/user/.m2/repository/org/springframework/spring-beans/5.1.3.RELEASE/spring-beans-5.1.3.RELEASE.jar:/home/user/.m2/repository/org/springframework/spring-core/5.1.3.RELEASE/spring-core-5.1.3.RELEASE.jar:/home/user/.m2/repository/org/springframework/spring-jcl/5.1.3.RELEASE/spring-jcl-5.1.3.RELEASE.jar:/home/user/.m2/repository/org/springframework/spring-tx/5.1.3.RELEASE/spring-tx-5.1.3.RELEASE.jar:/home/user/.m2/repository/org/apache/hadoop/hadoop-ozone-client/0.5.0-SNAPSHOT/hadoop-ozone-client-0.5.0-SNAPSHOT.jar:/home/user/.m2/repository/commons-lang/commons-lang/2.6/commons-lang-2.6.jar:/home/user/.m2/repository/org/apache/hadoop/hadoop-ozone-ozone-manager/0.5.0-SNAPSHOT/hadoop-ozone-ozone-manager-0.5.0-SNAPSHOT-tests.jar:/home/user/.m2/repository/junit/junit/4.11/junit-4.11.jar:/home/user/.m2/repository/org/hamcrest/hamcrest-core/1.3/hamcrest-core-1.3.jar:/home/user/.m2/repository/org/openjdk/jmh/jmh-core/1.19/jmh-core-1.19.jar:/home/user/.m2/repository/net/sf/jopt-simple/jopt-simple/4.6/jopt-simple-4.6.jar:/home/user/.m2/repository/org/apache/commons/commons-math3/3.1.1/commons-math3-3.1.1.jar:/home/user/.m2/repository/org/openjdk/jmh/jmh-generator-annprocess/1.19/jmh-generator-annprocess-1.19.jar:/home/user/.m2/repository/org/mockito/mockito-all/1.8.5/mockito-all-1.8.5.jar:/home/user/.m2/repository/org/apache/hadoop/hadoop-kms/3.2.0/hadoop-kms-3.2.0.jar:/home/user/.m2/repository/org/apache/hadoop/hadoop-auth/3.2.0/hadoop-auth-3.2.0.jar:/home/user/.m2/repository/com/nimbusds/nimbus-jose-jwt/4.41.1/nimbus-jose-jwt-4.41.1.jar:/home/user/.m2/repository/com/github/stephenc/jcip/jcip-annotations/1.0-1/jcip-annotations-1.0-1.jar:/home/user/.m2/repository/net/minidev/json-smart/2.3/json-smart-2.3.jar:/home/user/.m2/repository/net/minidev/accessors-smart/1.2/accessors-smart-1.2.jar:/home/user/.m2/repository/org/ow2/asm/asm/5.0.4/asm-5.0.4.jar:/home/user/.m2/repository/org/apache/curator/curator-framework/2.12.0/curator-framework-2.12.0.jar:/home/user/.m2/repository/com/sun/jersey/jersey-core/1.19/jersey-core-1.19.jar:/home/user/.m2/repository/javax/ws/rs/jsr311-api/1.1.1/jsr311-api-1.1.1.jar:/home/user/.m2/repository/com/sun/jersey/jersey-server/1.19/jersey-server-1.19.jar:/home/user/.m2/repository/javax/servlet/javax.servlet-api/3.1.0/javax.servlet-api-3.1.0.jar:/home/user/.m2/repository/org/eclipse/jetty/jetty-server/9.3.24.v20180605/jetty-server-9.3.24.v20180605.jar:/home/user/.m2/repository/org/eclipse/jetty/jetty-http/9.3.24.v20180605/jetty-http-9.3.24.v20180605.jar:/home/user/.m2/repository/org/eclipse/jetty/jetty-io/9.3.24.v20180605/jetty-io-9.3.24.v20180605.jar:/home/user/.m2/repository/org/eclipse/jetty/jetty-webapp/9.3.24.v20180605/jetty-webapp-9.3.24.v20180605.jar:/home/user/.m2/repository/org/eclipse/jetty/jetty-xml/9.3.24.v20180605/jetty-xml-9.3.24.v20180605.jar:/home/user/.m2/repository/log4j/log4j/1.2.17/log4j-1.2.17.jar:/home/user/.m2/repository/org/slf4j/slf4j-api/1.7.25/slf4j-api-1.7.25.jar:/home/user/.m2/repository/org/slf4j/jul-to-slf4j/1.7.25/jul-to-slf4j-1.7.25.jar:/home/user/.m2/repository/org/eclipse/jetty/jetty-util/9.3.24.v20180605/jetty-util-9.3.24.v20180605.jar:/home/user/.m2/repository/com/fasterxml/jackson/core/jackson-databind/2.9.5/jackson-databind-2.9.5.jar:/home/user/.m2/repository/org/apache/hadoop/hadoop-kms/3.2.0/hadoop-kms-3.2.0-tests.jar:/home/user/.m2/repository/org/apache/hadoop/hadoop-hdds-server-scm/0.5.0-SNAPSHOT/hadoop-hdds-server-scm-0.5.0-SNAPSHOT-tests.jar:/home/user/.m2/repository/org/apache/hadoop/hadoop-hdds-container-service/0.5.0-SNAPSHOT/hadoop-hdds-container-service-0.5.0-SNAPSHOT-tests.jar:/home/user/.m2/repository/org/yaml/snakeyaml/1.16/snakeyaml-1.16.jar:/home/user/.m2/repository/org/apache/hadoop/hadoop-common/3.2.0/hadoop-common-3.2.0-tests.jar:/home/user/.m2/repository/org/apache/hadoop/hadoop-annotations/3.2.0/hadoop-annotations-3.2.0.jar:/usr/lib/jvm/java-1.8-openjdk/jre/../lib/tools.jar:/home/user/.m2/repository/commons-cli/commons-cli/1.2/commons-cli-1.2.jar:/home/user/.m2/repository/org/apache/httpcomponents/httpclient/4.5.2/httpclient-4.5.2.jar:/home/user/.m2/repository/org/apache/httpcomponents/httpcore/4.4.4/httpcore-4.4.4.jar:/home/user/.m2/repository/commons-codec/commons-codec/1.11/commons-codec-1.11.jar:/home/user/.m2/repository/commons-net/commons-net/3.6/commons-net-3.6.jar:/home/user/.m2/repository/commons-collections/commons-collections/3.2.2/commons-collections-3.2.2.jar:/home/user/.m2/repository/org/eclipse/jetty/jetty-servlet/9.3.24.v20180605/jetty-servlet-9.3.24.v20180605.jar:/home/user/.m2/repository/org/eclipse/jetty/jetty-security/9.3.24.v20180605/jetty-security-9.3.24.v20180605.jar:/home/user/.m2/repository/javax/servlet/jsp/jsp-api/2.1/jsp-api-2.1.jar:/home/user/.m2/repository/com/sun/jersey/jersey-servlet/1.19/jersey-servlet-1.19.jar:/home/user/.m2/repository/com/sun/jersey/jersey-json/1.19/jersey-json-1.19.jar:/home/user/.m2/repository/org/codehaus/jettison/jettison/1.1/jettison-1.1.jar:/home/user/.m2/repository/org/codehaus/jackson/jackson-core-asl/1.9.13/jackson-core-asl-1.9.13.jar:/home/user/.m2/repository/org/codehaus/jackson/jackson-mapper-asl/1.9.13/jackson-mapper-asl-1.9.13.jar:/home/user/.m2/repository/org/codehaus/jackson/jackson-jaxrs/1.9.13/jackson-jaxrs-1.9.13.jar:/home/user/.m2/repository/org/codehaus/jackson/jackson-xc/1.9.13/jackson-xc-1.9.13.jar:/home/user/.m2/repository/commons-logging/commons-logging/1.1.3/commons-logging-1.1.3.jar:/home/user/.m2/repository/commons-beanutils/commons-beanutils/1.9.3/commons-beanutils-1.9.3.jar:/home/user/.m2/repository/org/apache/commons/commons-configuration2/2.1.1/commons-configuration2-2.1.1.jar:/home/user/.m2/repository/org/apache/commons/commons-lang3/3.7/commons-lang3-3.7.jar:/home/user/.m2/repository/org/apache/commons/commons-text/1.4/commons-text-1.4.jar:/home/user/.m2/repository/org/apache/avro/avro/1.7.7/avro-1.7.7.jar:/home/user/.m2/repository/com/thoughtworks/paranamer/paranamer/2.3/paranamer-2.3.jar:/home/user/.m2/repository/org/xerial/snappy/snappy-java/1.0.5/snappy-java-1.0.5.jar:/home/user/.m2/repository/com/google/re2j/re2j/1.1/re2j-1.1.jar:/home/user/.m2/repository/com/google/code/gson/gson/2.2.4/gson-2.2.4.jar:/home/user/.m2/repository/com/jcraft/jsch/0.1.54/jsch-0.1.54.jar:/home/user/.m2/repository/org/apache/curator/curator-client/2.12.0/curator-client-2.12.0.jar:/home/user/.m2/repository/org/apache/curator/curator-recipes/2.12.0/curator-recipes-2.12.0.jar:/home/user/.m2/repository/com/google/code/findbugs/jsr305/3.0.0/jsr305-3.0.0.jar:/home/user/.m2/repository/org/apache/htrace/htrace-core4/4.1.0-incubating/htrace-core4-4.1.0-incubating.jar:/home/user/.m2/repository/org/apache/zookeeper/zookeeper/3.4.13/zookeeper-3.4.13.jar:/home/user/.m2/repository/org/apache/yetus/audience-annotations/0.5.0/audience-annotations-0.5.0.jar:/home/user/.m2/repository/org/codehaus/woodstox/stax2-api/3.1.4/stax2-api-3.1.4.jar:/home/user/.m2/repository/com/fasterxml/woodstox/woodstox-core/5.0.3/woodstox-core-5.0.3.jar:/home/user/.m2/repository/dnsjava/dnsjava/2.1.7/dnsjava-2.1.7.jar:/home/user/.m2/repository/org/apache/hadoop/hadoop-hdfs/3.2.0/hadoop-hdfs-3.2.0-tests.jar:/home/user/.m2/repository/org/eclipse/jetty/jetty-util-ajax/9.3.24.v20180605/jetty-util-ajax-9.3.24.v20180605.jar:/home/user/.m2/repository/commons-daemon/commons-daemon/1.0.13/commons-daemon-1.0.13.jar:/home/user/.m2/repository/io/netty/netty/3.10.5.Final/netty-3.10.5.Final.jar:/home/user/.m2/repository/io/netty/netty-all/4.0.52.Final/netty-all-4.0.52.Final.jar:/home/user/.m2/repository/org/fusesource/leveldbjni/leveldbjni-all/1.8/leveldbjni-all-1.8.jar:"/>
    <property name="sun.cpu.endian" value="little"/>
    <property name="user.home" value="/home/user"/>
    <property name="user.language" value="en"/>
    <property name="java.specification.vendor" value="Oracle Corporation"/>
    <property name="java.home" value="/usr/lib/jvm/java-1.8-openjdk/jre"/>
    <property name="java.security.krb5.conf" value="/workdir/hadoop-ozone/integration-test/target/test-classes/krb5.conf"/>
    <property name="basedir" value="/workdir/hadoop-ozone/integration-test"/>
    <property name="file.separator" value="/"/>
    <property name="line.separator" value="&#10;"/>
    <property name="java.vm.specification.vendor" value="Oracle Corporation"/>
    <property name="java.specification.name" value="Java Platform API Specification"/>
    <property name="java.awt.graphicsenv" value="sun.awt.X11GraphicsEnvironment"/>
    <property name="surefire.real.class.path" value="/workdir/hadoop-ozone/integration-test/target/surefire/surefirebooter4575387950639616403.jar"/>
    <property name="hadoop.log.dir" value="/workdir/hadoop-ozone/integration-test/target/log"/>
    <property name="sun.boot.class.path" value="/usr/lib/jvm/java-1.8-openjdk/jre/lib/resources.jar:/usr/lib/jvm/java-1.8-openjdk/jre/lib/rt.jar:/usr/lib/jvm/java-1.8-openjdk/jre/lib/sunrsasign.jar:/usr/lib/jvm/java-1.8-openjdk/jre/lib/jsse.jar:/usr/lib/jvm/java-1.8-openjdk/jre/lib/jce.jar:/usr/lib/jvm/java-1.8-openjdk/jre/lib/charsets.jar:/usr/lib/jvm/java-1.8-openjdk/jre/lib/jfr.jar:/usr/lib/jvm/java-1.8-openjdk/jre/classes"/>
    <property name="sun.management.compiler" value="HotSpot 64-Bit Tiered Compilers"/>
    <property name="java.runtime.version" value="1.8.0_212-b04"/>
    <property name="java.net.preferIPv4Stack" value="true"/>
    <property name="user.name" value="jenkins1000"/>
    <property name="path.separator" value=":"/>
    <property name="java.security.egd" value="file:///dev/urandom"/>
    <property name="os.version" value="3.10.0-957.12.2.el7.x86_64"/>
    <property name="java.endorsed.dirs" value="/usr/lib/jvm/java-1.8-openjdk/jre/lib/endorsed"/>
    <property name="java.runtime.name" value="OpenJDK Runtime Environment"/>
    <property name="file.encoding" value="UTF-8"/>
    <property name="java.vm.name" value="OpenJDK 64-Bit Server VM"/>
    <property name="test.build.webapps" value=""/>
    <property name="localRepository" value="/home/user/.m2/repository"/>
    <property name="java.vendor.url.bug" value="https://icedtea.classpath.org/bugzilla"/>
    <property name="java.io.tmpdir" value="/tmp"/>
    <property name="require.test.libhadoop" value=""/>
    <property name="java.version" value="1.8.0_212"/>
    <property name="user.dir" value="/workdir/hadoop-ozone/integration-test"/>
    <property name="os.arch" value="amd64"/>
    <property name="java.vm.specification.name" value="Java Virtual Machine Specification"/>
    <property name="test.build.classes" value="/workdir/hadoop-ozone/integration-test/target/test-classes"/>
    <property name="java.awt.printerjob" value="sun.print.PSPrinterJob"/>
    <property name="sun.os.patch.level" value="unknown"/>
    <property name="hadoop.tmp.dir" value="/workdir/hadoop-ozone/integration-test/target/tmp"/>
    <property name="java.library.path" value="/usr/lib/jvm/java-1.8-openjdk/jre/lib/amd64/server:/usr/lib/jvm/java-1.8-openjdk/jre/lib/amd64:/usr/lib/jvm/java-1.8-openjdk/jre/../lib/amd64:/workdir/hadoop-ozone/integration-test/target/native/target/usr/local/lib:/workdir/hadoop-ozone/integration-test/../../hadoop-common-project/hadoop-common/target/native/target/usr/local/lib:/usr/java/packages/lib/amd64:/usr/lib64:/lib64:/lib:/usr/lib"/>
    <property name="java.vm.info" value="mixed mode"/>
    <property name="java.vendor" value="IcedTea"/>
    <property name="java.vm.version" value="25.212-b04"/>
    <property name="java.ext.dirs" value="/usr/lib/jvm/java-1.8-openjdk/jre/lib/ext:/usr/java/packages/lib/ext"/>
    <property name="sun.io.unicode.encoding" value="UnicodeLittle"/>
    <property name="java.class.version" value="52.0"/>
  </properties>
  <testcase name="testContainerReplication" classname="org.apache.hadoop.ozone.client.rpc.TestContainerReplicationEndToEnd" time="5.188">
    <error message="Failed to update container state #1, reason: invalid state transition from state: CLOSING upon event: FINALIZE." type="org.apache.hadoop.hdds.scm.exceptions.SCMException">org.apache.hadoop.hdds.scm.exceptions.SCMException: Failed to update container state #1, reason: invalid state transition from state: CLOSING upon event: FINALIZE.
	at org.apache.hadoop.hdds.scm.container.ContainerStateManager.updateContainerState(ContainerStateManager.java:336)
	at org.apache.hadoop.hdds.scm.container.SCMContainerManager.updateContainerState(SCMContainerManager.java:312)
	at org.apache.hadoop.ozone.client.rpc.TestContainerReplicationEndToEnd.testContainerReplication(TestContainerReplicationEndToEnd.java:159)
	at sun.reflect.NativeMethodAccessorImpl.invoke0(Native Method)
	at sun.reflect.NativeMethodAccessorImpl.invoke(NativeMethodAccessorImpl.java:62)
	at sun.reflect.DelegatingMethodAccessorImpl.invoke(DelegatingMethodAccessorImpl.java:43)
	at java.lang.reflect.Method.invoke(Method.java:498)
	at org.junit.runners.model.FrameworkMethod$1.runReflectiveCall(FrameworkMethod.java:47)
	at org.junit.internal.runners.model.ReflectiveCallable.run(ReflectiveCallable.java:12)
	at org.junit.runners.model.FrameworkMethod.invokeExplosively(FrameworkMethod.java:44)
	at org.junit.internal.runners.statements.InvokeMethod.evaluate(InvokeMethod.java:17)
	at org.junit.runners.ParentRunner.runLeaf(ParentRunner.java:271)
	at org.junit.runners.BlockJUnit4ClassRunner.runChild(BlockJUnit4ClassRunner.java:70)
	at org.junit.runners.BlockJUnit4ClassRunner.runChild(BlockJUnit4ClassRunner.java:50)
	at org.junit.runners.ParentRunner$3.run(ParentRunner.java:238)
	at org.junit.runners.ParentRunner$1.schedule(ParentRunner.java:63)
	at org.junit.runners.ParentRunner.runChildren(ParentRunner.java:236)
	at org.junit.runners.ParentRunner.access$000(ParentRunner.java:53)
	at org.junit.runners.ParentRunner$2.evaluate(ParentRunner.java:229)
	at org.junit.internal.runners.statements.RunBefores.evaluate(RunBefores.java:26)
	at org.junit.internal.runners.statements.RunAfters.evaluate(RunAfters.java:27)
	at org.junit.runners.ParentRunner.run(ParentRunner.java:309)
	at org.apache.maven.surefire.junit4.JUnit4Provider.execute(JUnit4Provider.java:365)
	at org.apache.maven.surefire.junit4.JUnit4Provider.executeWithRerun(JUnit4Provider.java:273)
	at org.apache.maven.surefire.junit4.JUnit4Provider.executeTestSet(JUnit4Provider.java:238)
	at org.apache.maven.surefire.junit4.JUnit4Provider.invoke(JUnit4Provider.java:159)
	at org.apache.maven.surefire.booter.ForkedBooter.invokeProviderInSameClassLoader(ForkedBooter.java:384)
	at org.apache.maven.surefire.booter.ForkedBooter.runSuitesInProcess(ForkedBooter.java:345)
	at org.apache.maven.surefire.booter.ForkedBooter.execute(ForkedBooter.java:126)
	at org.apache.maven.surefire.booter.ForkedBooter.main(ForkedBooter.java:418)
</error>
    <system-out><![CDATA[2019-09-11 18:32:58,719 [main] WARN  server.ServerUtils (ServerUtils.java:getScmDbDir(145)) - ozone.scm.db.dirs is not configured. We recommend adding this setting. Falling back to ozone.metadata.dirs instead.
2019-09-11 18:32:58,831 [main] WARN  server.ServerUtils (ServerUtils.java:getScmDbDir(145)) - ozone.scm.db.dirs is not configured. We recommend adding this setting. Falling back to ozone.metadata.dirs instead.
2019-09-11 18:32:58,834 [main] WARN  server.ServerUtils (ServerUtils.java:getScmDbDir(145)) - ozone.scm.db.dirs is not configured. We recommend adding this setting. Falling back to ozone.metadata.dirs instead.
2019-09-11 18:32:58,853 [main] INFO  util.log (Log.java:initialized(192)) - Logging initialized @954ms
2019-09-11 18:32:58,956 [main] INFO  db.DBStoreBuilder (DBStoreBuilder.java:addTable(110)) - using custom profile for table: deletedBlocks
2019-09-11 18:32:58,957 [main] INFO  db.DBStoreBuilder (DBStoreBuilder.java:processTables(161)) - Using default column profile:DBProfile.DISK for Table:deletedBlocks
2019-09-11 18:32:58,957 [main] INFO  db.DBStoreBuilder (DBStoreBuilder.java:addTable(110)) - using custom profile for table: validCerts
2019-09-11 18:32:58,958 [main] INFO  db.DBStoreBuilder (DBStoreBuilder.java:processTables(161)) - Using default column profile:DBProfile.DISK for Table:validCerts
2019-09-11 18:32:58,958 [main] INFO  db.DBStoreBuilder (DBStoreBuilder.java:addTable(110)) - using custom profile for table: revokedCerts
2019-09-11 18:32:58,958 [main] INFO  db.DBStoreBuilder (DBStoreBuilder.java:processTables(161)) - Using default column profile:DBProfile.DISK for Table:revokedCerts
2019-09-11 18:32:58,970 [main] INFO  db.DBStoreBuilder (DBStoreBuilder.java:addTable(110)) - using custom profile for table: default
2019-09-11 18:32:58,971 [main] INFO  db.DBStoreBuilder (DBStoreBuilder.java:processTables(167)) - Using default column profile:DBProfile.DISK for Table:default
2019-09-11 18:32:58,972 [main] INFO  db.DBStoreBuilder (DBStoreBuilder.java:getDbProfile(198)) - Using default options. DBProfile.DISK
2019-09-11 18:32:59,308 [main] INFO  net.NodeSchemaLoader (NodeSchemaLoader.java:loadSchemaFromFile(125)) - Loading file from sun.misc.CompoundEnumeration@48f2bd5b
2019-09-11 18:32:59,310 [main] INFO  net.NodeSchemaLoader (NodeSchemaLoader.java:loadSchema(171)) - Loading network topology layer schema file
2019-09-11 18:32:59,383 [main] INFO  node.SCMNodeManager (SCMNodeManager.java:<init>(114)) - Entering startup safe mode.
2019-09-11 18:32:59,456 [main] INFO  algorithms.ContainerPlacementPolicyFactory (ContainerPlacementPolicyFactory.java:getPolicy(55)) - Create container placement policy of type org.apache.hadoop.hdds.scm.container.placement.algorithms.SCMContainerPlacementRandom
2019-09-11 18:32:59,470 [main] WARN  server.ServerUtils (ServerUtils.java:getScmDbDir(145)) - ozone.scm.db.dirs is not configured. We recommend adding this setting. Falling back to ozone.metadata.dirs instead.
2019-09-11 18:32:59,566 [main] INFO  pipeline.SCMPipelineManager (SCMPipelineManager.java:initializePipelineState(128)) - No pipeline exists in current db
2019-09-11 18:32:59,568 [main] WARN  server.ServerUtils (ServerUtils.java:getScmDbDir(145)) - ozone.scm.db.dirs is not configured. We recommend adding this setting. Falling back to ozone.metadata.dirs instead.
2019-09-11 18:32:59,658 [main] INFO  Configuration.deprecation (Configuration.java:logDeprecation(1394)) - No unit for hdds.scm.replication.thread.interval(2000) assuming MILLISECONDS
2019-09-11 18:32:59,690 [main] WARN  events.EventQueue (EventQueue.java:fireEvent(183)) - No event handler registered for event TypedEvent{payloadType=SafeModeStatus, name='SafeModeStatus'}
2019-09-11 18:33:00,120 [main] INFO  ipc.CallQueueManager (CallQueueManager.java:<init>(84)) - Using callQueue: class java.util.concurrent.LinkedBlockingQueue, queueCapacity: 2000, scheduler: class org.apache.hadoop.ipc.DefaultRpcScheduler, ipcBackoff: false.
2019-09-11 18:33:00,153 [Socket Reader #1 for port 41314] INFO  ipc.Server (Server.java:run(1074)) - Starting Socket Reader #1 for port 41314
2019-09-11 18:33:00,303 [main] INFO  ipc.CallQueueManager (CallQueueManager.java:<init>(84)) - Using callQueue: class java.util.concurrent.LinkedBlockingQueue, queueCapacity: 2000, scheduler: class org.apache.hadoop.ipc.DefaultRpcScheduler, ipcBackoff: false.
2019-09-11 18:33:00,305 [Socket Reader #1 for port 44903] INFO  ipc.Server (Server.java:run(1074)) - Starting Socket Reader #1 for port 44903
2019-09-11 18:33:00,317 [main] INFO  ipc.CallQueueManager (CallQueueManager.java:<init>(84)) - Using callQueue: class java.util.concurrent.LinkedBlockingQueue, queueCapacity: 2000, scheduler: class org.apache.hadoop.ipc.DefaultRpcScheduler, ipcBackoff: false.
2019-09-11 18:33:00,318 [Socket Reader #1 for port 34628] INFO  ipc.Server (Server.java:run(1074)) - Starting Socket Reader #1 for port 34628
2019-09-11 18:33:00,347 [main] INFO  hdfs.DFSUtil (DFSUtil.java:httpServerTemplateForNNAndJN(1641)) - Starting Web-server for scm at: http://0.0.0.0:0
2019-09-11 18:33:00,538 [main] INFO  server.AuthenticationFilter (AuthenticationFilter.java:constructSecretProvider(240)) - Unable to initialize FileSignerSecretProvider, falling back to use random secrets.
2019-09-11 18:33:00,548 [main] WARN  http.HttpRequestLog (HttpRequestLog.java:getRequestLog(97)) - Jetty request log can only be enabled using Log4j
2019-09-11 18:33:00,556 [main] INFO  http.HttpServer2 (HttpServer2.java:addGlobalFilter(975)) - Added global filter 'safety' (class=org.apache.hadoop.http.HttpServer2$QuotingInputFilter)
2019-09-11 18:33:00,559 [main] INFO  http.HttpServer2 (HttpServer2.java:addFilter(948)) - Added filter static_user_filter (class=org.apache.hadoop.http.lib.StaticUserWebFilter$StaticUserFilter) to context scm
2019-09-11 18:33:00,560 [main] INFO  http.HttpServer2 (HttpServer2.java:addFilter(958)) - Added filter static_user_filter (class=org.apache.hadoop.http.lib.StaticUserWebFilter$StaticUserFilter) to context static
2019-09-11 18:33:00,560 [main] INFO  http.HttpServer2 (HttpServer2.java:addFilter(958)) - Added filter static_user_filter (class=org.apache.hadoop.http.lib.StaticUserWebFilter$StaticUserFilter) to context logs
2019-09-11 18:33:00,591 [main] INFO  server.StorageContainerManager (StorageContainerManager.java:start(759)) - StorageContainerLocationProtocol RPC server is listening at /0.0.0.0:34628
2019-09-11 18:33:00,647 [main] WARN  impl.MetricsConfig (MetricsConfig.java:loadFirst(134)) - Cannot locate configuration: tried hadoop-metrics2-storagecontainermanager.properties,hadoop-metrics2.properties
2019-09-11 18:33:00,660 [main] INFO  impl.MetricsSystemImpl (MetricsSystemImpl.java:startTimer(374)) - Scheduled Metric snapshot period at 10 second(s).
2019-09-11 18:33:00,660 [main] INFO  impl.MetricsSystemImpl (MetricsSystemImpl.java:start(191)) - StorageContainerManager metrics system started
2019-09-11 18:33:00,894 [main] INFO  server.SCMClientProtocolServer (SCMClientProtocolServer.java:start(151)) - RPC server for Client  is listening at /0.0.0.0:34628
2019-09-11 18:33:00,894 [IPC Server Responder] INFO  ipc.Server (Server.java:run(1314)) - IPC Server Responder: starting
2019-09-11 18:33:00,894 [IPC Server listener on 34628] INFO  ipc.Server (Server.java:run(1153)) - IPC Server listener on 34628: starting
2019-09-11 18:33:00,897 [main] INFO  server.StorageContainerManager (StorageContainerManager.java:start(769)) - ScmBlockLocationProtocol RPC server is listening at /0.0.0.0:44903
2019-09-11 18:33:00,899 [main] INFO  server.SCMBlockProtocolServer (SCMBlockProtocolServer.java:start(146)) - RPC server for Block Protocol is listening at /0.0.0.0:44903
2019-09-11 18:33:00,899 [IPC Server Responder] INFO  ipc.Server (Server.java:run(1314)) - IPC Server Responder: starting
2019-09-11 18:33:00,900 [IPC Server listener on 44903] INFO  ipc.Server (Server.java:run(1153)) - IPC Server listener on 44903: starting
2019-09-11 18:33:00,902 [main] INFO  server.StorageContainerManager (StorageContainerManager.java:start(773)) - ScmDatanodeProtocl RPC server is listening at /0.0.0.0:41314
2019-09-11 18:33:00,902 [main] INFO  server.SCMDatanodeProtocolServer (SCMDatanodeProtocolServer.java:start(191)) - RPC server for DataNodes is listening at /0.0.0.0:41314
2019-09-11 18:33:00,903 [IPC Server Responder] INFO  ipc.Server (Server.java:run(1314)) - IPC Server Responder: starting
2019-09-11 18:33:00,903 [IPC Server listener on 41314] INFO  ipc.Server (Server.java:run(1153)) - IPC Server listener on 41314: starting
2019-09-11 18:33:00,907 [main] INFO  http.HttpServer2 (HttpServer2.java:bindListener(1191)) - Jetty bound to port 36810
2019-09-11 18:33:00,908 [main] INFO  server.Server (Server.java:doStart(351)) - jetty-9.3.24.v20180605, build timestamp: 2018-06-05T17:11:56Z, git hash: 84205aa28f11a4f31f2a3b86d1bba2cc8ab69827
2019-09-11 18:33:00,945 [main] INFO  handler.ContextHandler (ContextHandler.java:doStart(781)) - Started o.e.j.s.ServletContextHandler@2dd80673{/logs,file:///workdir/hadoop-ozone/integration-test/target/log,AVAILABLE}
2019-09-11 18:33:00,945 [main] INFO  handler.ContextHandler (ContextHandler.java:doStart(781)) - Started o.e.j.s.ServletContextHandler@57ea113a{/static,file:///workdir/hadoop-ozone/integration-test/target/test-classes/webapps/static,AVAILABLE}
2019-09-11 18:33:00,979 [main] INFO  handler.ContextHandler (ContextHandler.java:doStart(781)) - Started o.e.j.w.WebAppContext@67ef029{/,file:///workdir/hadoop-ozone/integration-test/target/test-classes/webapps/scm/,AVAILABLE}{/scm}
2019-09-11 18:33:00,984 [main] INFO  server.AbstractConnector (AbstractConnector.java:doStart(278)) - Started ServerConnector@4152d38d{HTTP/1.1,[http/1.1]}{0.0.0.0:36810}
2019-09-11 18:33:00,985 [main] INFO  server.Server (Server.java:doStart(419)) - Started @3086ms
2019-09-11 18:33:00,987 [main] INFO  impl.MetricsSinkAdapter (MetricsSinkAdapter.java:start(204)) - Sink prometheus started
2019-09-11 18:33:00,987 [main] INFO  impl.MetricsSystemImpl (MetricsSystemImpl.java:registerSink(301)) - Registered sink prometheus
2019-09-11 18:33:00,989 [main] INFO  server.BaseHttpServer (BaseHttpServer.java:updateConnectorAddress(215)) - HTTP server of SCM is listening at http://0.0.0.0:36810
2019-09-11 18:33:00,998 [org.apache.hadoop.util.JvmPauseMonitor$Monitor@1ac85b0c] INFO  util.JvmPauseMonitor (JvmPauseMonitor.java:run(188)) - Starting JVM pause monitor
2019-09-11 18:33:01,003 [main] WARN  server.ServerUtils (ServerUtils.java:getDBPath(222)) - ozone.om.db.dirs is not configured. We recommend adding this setting. Falling back to ozone.metadata.dirs instead.
2019-09-11 18:33:01,264 [main] WARN  server.ServerUtils (ServerUtils.java:getDBPath(222)) - ozone.om.db.dirs is not configured. We recommend adding this setting. Falling back to ozone.metadata.dirs instead.
2019-09-11 18:33:01,265 [main] WARN  server.ServerUtils (ServerUtils.java:getDBPath(222)) - ozone.om.db.dirs is not configured. We recommend adding this setting. Falling back to ozone.metadata.dirs instead.
2019-09-11 18:33:01,266 [main] INFO  om.OzoneManager (OzoneManager.java:setOMNodeDetails(649)) - OM Service ID is not set. Setting it to the default ID: omServiceIdDefault
2019-09-11 18:33:01,266 [main] INFO  om.OzoneManager (OzoneManager.java:setOMNodeDetails(655)) - OM Node ID is not set. Setting it to the OmStorage's OmID: 3a563dac-4130-4830-890b-f2eb176e1943
2019-09-11 18:33:01,267 [main] INFO  om.OzoneManager (OzoneManager.java:loadOMHAConfigs(606)) - Found matching OM address with OMServiceId: null, OMNodeId: null, RPC Address: localhost:0 and Ratis port: 9872
2019-09-11 18:33:01,981 [main] WARN  server.ServerUtils (ServerUtils.java:getDBPath(222)) - ozone.om.db.dirs is not configured. We recommend adding this setting. Falling back to ozone.metadata.dirs instead.
2019-09-11 18:33:01,988 [main] INFO  db.DBStoreBuilder (DBStoreBuilder.java:addTable(110)) - using custom profile for table: userTable
2019-09-11 18:33:01,989 [main] INFO  db.DBStoreBuilder (DBStoreBuilder.java:processTables(161)) - Using default column profile:DBProfile.DISK for Table:userTable
2019-09-11 18:33:01,989 [main] INFO  db.DBStoreBuilder (DBStoreBuilder.java:addTable(110)) - using custom profile for table: volumeTable
2019-09-11 18:33:01,989 [main] INFO  db.DBStoreBuilder (DBStoreBuilder.java:processTables(161)) - Using default column profile:DBProfile.DISK for Table:volumeTable
2019-09-11 18:33:01,989 [main] INFO  db.DBStoreBuilder (DBStoreBuilder.java:addTable(110)) - using custom profile for table: bucketTable
2019-09-11 18:33:01,990 [main] INFO  db.DBStoreBuilder (DBStoreBuilder.java:processTables(161)) - Using default column profile:DBProfile.DISK for Table:bucketTable
2019-09-11 18:33:01,990 [main] INFO  db.DBStoreBuilder (DBStoreBuilder.java:addTable(110)) - using custom profile for table: keyTable
2019-09-11 18:33:01,990 [main] INFO  db.DBStoreBuilder (DBStoreBuilder.java:processTables(161)) - Using default column profile:DBProfile.DISK for Table:keyTable
2019-09-11 18:33:01,990 [main] INFO  db.DBStoreBuilder (DBStoreBuilder.java:addTable(110)) - using custom profile for table: deletedTable
2019-09-11 18:33:01,991 [main] INFO  db.DBStoreBuilder (DBStoreBuilder.java:processTables(161)) - Using default column profile:DBProfile.DISK for Table:deletedTable
2019-09-11 18:33:01,991 [main] INFO  db.DBStoreBuilder (DBStoreBuilder.java:addTable(110)) - using custom profile for table: openKeyTable
2019-09-11 18:33:01,991 [main] INFO  db.DBStoreBuilder (DBStoreBuilder.java:processTables(161)) - Using default column profile:DBProfile.DISK for Table:openKeyTable
2019-09-11 18:33:01,991 [main] INFO  db.DBStoreBuilder (DBStoreBuilder.java:addTable(110)) - using custom profile for table: s3Table
2019-09-11 18:33:01,992 [main] INFO  db.DBStoreBuilder (DBStoreBuilder.java:processTables(161)) - Using default column profile:DBProfile.DISK for Table:s3Table
2019-09-11 18:33:01,992 [main] INFO  db.DBStoreBuilder (DBStoreBuilder.java:addTable(110)) - using custom profile for table: multipartInfoTable
2019-09-11 18:33:01,992 [main] INFO  db.DBStoreBuilder (DBStoreBuilder.java:processTables(161)) - Using default column profile:DBProfile.DISK for Table:multipartInfoTable
2019-09-11 18:33:01,992 [main] INFO  db.DBStoreBuilder (DBStoreBuilder.java:addTable(110)) - using custom profile for table: dTokenTable
2019-09-11 18:33:01,992 [main] INFO  db.DBStoreBuilder (DBStoreBuilder.java:processTables(161)) - Using default column profile:DBProfile.DISK for Table:dTokenTable
2019-09-11 18:33:01,993 [main] INFO  db.DBStoreBuilder (DBStoreBuilder.java:addTable(110)) - using custom profile for table: s3SecretTable
2019-09-11 18:33:01,993 [main] INFO  db.DBStoreBuilder (DBStoreBuilder.java:processTables(161)) - Using default column profile:DBProfile.DISK for Table:s3SecretTable
2019-09-11 18:33:01,993 [main] INFO  db.DBStoreBuilder (DBStoreBuilder.java:addTable(110)) - using custom profile for table: prefixTable
2019-09-11 18:33:01,993 [main] INFO  db.DBStoreBuilder (DBStoreBuilder.java:processTables(161)) - Using default column profile:DBProfile.DISK for Table:prefixTable
2019-09-11 18:33:01,994 [main] INFO  db.DBStoreBuilder (DBStoreBuilder.java:addTable(110)) - using custom profile for table: default
2019-09-11 18:33:01,994 [main] INFO  db.DBStoreBuilder (DBStoreBuilder.java:processTables(167)) - Using default column profile:DBProfile.DISK for Table:default
2019-09-11 18:33:01,994 [main] INFO  db.DBStoreBuilder (DBStoreBuilder.java:getDbProfile(198)) - Using default options. DBProfile.DISK
2019-09-11 18:33:02,465 [main] INFO  ipc.CallQueueManager (CallQueueManager.java:<init>(84)) - Using callQueue: class java.util.concurrent.LinkedBlockingQueue, queueCapacity: 2000, scheduler: class org.apache.hadoop.ipc.DefaultRpcScheduler, ipcBackoff: false.
2019-09-11 18:33:02,466 [Socket Reader #1 for port 39023] INFO  ipc.Server (Server.java:run(1074)) - Starting Socket Reader #1 for port 39023
2019-09-11 18:33:02,488 [main] INFO  om.OzoneManager (OzoneManager.java:start(1240)) - OzoneManager RPC server is listening at localhost/127.0.0.1:39023
2019-09-11 18:33:02,488 [main] INFO  impl.MetricsSystemImpl (MetricsSystemImpl.java:init(158)) - OzoneManager metrics system started (again)
2019-09-11 18:33:02,489 [IPC Server Responder] INFO  ipc.Server (Server.java:run(1314)) - IPC Server Responder: starting
2019-09-11 18:33:02,490 [IPC Server listener on 39023] INFO  ipc.Server (Server.java:run(1153)) - IPC Server listener on 39023: starting
2019-09-11 18:33:02,496 [main] INFO  hdfs.DFSUtil (DFSUtil.java:httpServerTemplateForNNAndJN(1641)) - Starting Web-server for ozoneManager at: http://0.0.0.0:0
2019-09-11 18:33:02,498 [main] INFO  server.AuthenticationFilter (AuthenticationFilter.java:constructSecretProvider(240)) - Unable to initialize FileSignerSecretProvider, falling back to use random secrets.
2019-09-11 18:33:02,499 [main] WARN  http.HttpRequestLog (HttpRequestLog.java:getRequestLog(97)) - Jetty request log can only be enabled using Log4j
2019-09-11 18:33:02,502 [main] INFO  http.HttpServer2 (HttpServer2.java:addGlobalFilter(975)) - Added global filter 'safety' (class=org.apache.hadoop.http.HttpServer2$QuotingInputFilter)
2019-09-11 18:33:02,503 [main] INFO  http.HttpServer2 (HttpServer2.java:addFilter(948)) - Added filter static_user_filter (class=org.apache.hadoop.http.lib.StaticUserWebFilter$StaticUserFilter) to context ozoneManager
2019-09-11 18:33:02,504 [main] INFO  http.HttpServer2 (HttpServer2.java:addFilter(958)) - Added filter static_user_filter (class=org.apache.hadoop.http.lib.StaticUserWebFilter$StaticUserFilter) to context logs
2019-09-11 18:33:02,504 [main] INFO  http.HttpServer2 (HttpServer2.java:addFilter(958)) - Added filter static_user_filter (class=org.apache.hadoop.http.lib.StaticUserWebFilter$StaticUserFilter) to context static
2019-09-11 18:33:02,507 [main] INFO  http.HttpServer2 (HttpServer2.java:bindListener(1191)) - Jetty bound to port 45100
2019-09-11 18:33:02,507 [main] INFO  server.Server (Server.java:doStart(351)) - jetty-9.3.24.v20180605, build timestamp: 2018-06-05T17:11:56Z, git hash: 84205aa28f11a4f31f2a3b86d1bba2cc8ab69827
2019-09-11 18:33:02,510 [main] INFO  handler.ContextHandler (ContextHandler.java:doStart(781)) - Started o.e.j.s.ServletContextHandler@5cf87cfd{/logs,file:///workdir/hadoop-ozone/integration-test/target/log,AVAILABLE}
2019-09-11 18:33:02,511 [main] INFO  handler.ContextHandler (ContextHandler.java:doStart(781)) - Started o.e.j.s.ServletContextHandler@3a4ba480{/static,file:///workdir/hadoop-ozone/integration-test/target/test-classes/webapps/static,AVAILABLE}
2019-09-11 18:33:02,517 [main] INFO  handler.ContextHandler (ContextHandler.java:doStart(781)) - Started o.e.j.w.WebAppContext@4cafa9aa{/,file:///workdir/hadoop-ozone/integration-test/target/test-classes/webapps/ozoneManager/,AVAILABLE}{/ozoneManager}
2019-09-11 18:33:02,518 [main] INFO  server.AbstractConnector (AbstractConnector.java:doStart(278)) - Started ServerConnector@562c877a{HTTP/1.1,[http/1.1]}{0.0.0.0:45100}
2019-09-11 18:33:02,519 [main] INFO  server.Server (Server.java:doStart(419)) - Started @4620ms
2019-09-11 18:33:02,519 [main] WARN  impl.MetricsSystemImpl (MetricsSystemImpl.java:register(276)) - Sink prometheus already exists!
2019-09-11 18:33:02,520 [main] INFO  server.BaseHttpServer (BaseHttpServer.java:updateConnectorAddress(215)) - HTTP server of OZONEMANAGER is listening at http://0.0.0.0:45100
2019-09-11 18:33:02,877 [main] INFO  impl.MetricsSystemImpl (MetricsSystemImpl.java:init(158)) - HddsDatanode metrics system started (again)
2019-09-11 18:33:02,929 [main] INFO  ozone.HddsDatanodeService (HddsDatanodeService.java:start(184)) - HddsDatanodeService host:pr-hdds-2076-h65fj-2956048825 ip:192.168.34.14
2019-09-11 18:33:02,968 [main] INFO  volume.HddsVolume (HddsVolume.java:<init>(176)) - Creating Volume: /workdir/hadoop-ozone/integration-test/target/test-dir/MiniOzoneClusterImpl-fe7db7e8-fd61-4d9c-99cb-81ca0fbccd3e/datanode-0/data/containers/hdds of  storage type : DISK and capacity : 1482555576320
2019-09-11 18:33:02,970 [main] INFO  volume.VolumeSet (VolumeSet.java:initializeVolumeSet(170)) - Added Volume : /workdir/hadoop-ozone/integration-test/target/test-dir/MiniOzoneClusterImpl-fe7db7e8-fd61-4d9c-99cb-81ca0fbccd3e/datanode-0/data/containers/hdds to VolumeSet
2019-09-11 18:33:02,974 [main] INFO  volume.ThrottledAsyncChecker (ThrottledAsyncChecker.java:schedule(140)) - Scheduling a check for org.apache.hadoop.ozone.container.common.volume.HddsVolume@33b082c5
2019-09-11 18:33:03,002 [main] INFO  volume.HddsVolumeChecker (HddsVolumeChecker.java:checkAllVolumes(203)) - Scheduled health check for volume org.apache.hadoop.ozone.container.common.volume.HddsVolume@33b082c5
2019-09-11 18:33:03,123 [main] INFO  impl.RaftServerProxy (ConfUtils.java:logGet(43)) - raft.rpc.type = GRPC (default)
2019-09-11 18:33:03,208 [main] INFO  grpc.GrpcFactory (GrpcFactory.java:checkPooledByteBufAllocatorUseCacheForAllThreads(45)) - PERFORMANCE WARNING: useCacheForAllThreads is true that may cause Netty to create a lot garbage objects and, as a result, trigger GC.
	It is recommended to disable useCacheForAllThreads by setting -Dorg.apache.ratis.thirdparty.io.netty.allocator.useCacheForAllThreads=false in command line.
2019-09-11 18:33:03,214 [main] INFO  grpc.GrpcConfigKeys$Server (ConfUtils.java:logGet(43)) - raft.grpc.server.port = 0 (default)
2019-09-11 18:33:03,215 [main] INFO  server.GrpcService (ConfUtils.java:logGet(43)) - raft.grpc.message.size.max = 33570816 (custom)
2019-09-11 18:33:03,217 [main] INFO  server.RaftServerConfigKeys (ConfUtils.java:logGet(43)) - raft.server.log.appender.buffer.byte-limit = 33554432 (custom)
2019-09-11 18:33:03,217 [main] INFO  server.GrpcService (ConfUtils.java:logGet(43)) - raft.grpc.flow.control.window = 1MB (=1048576) (default)
2019-09-11 18:33:03,218 [main] INFO  server.RaftServerConfigKeys (ConfUtils.java:logGet(43)) - raft.server.rpc.request.timeout = 3000ms (default)
2019-09-11 18:33:03,409 [main] INFO  server.RaftServerConfigKeys (ConfUtils.java:logGet(43)) - raft.server.storage.dir = [/workdir/hadoop-ozone/integration-test/target/test-dir/MiniOzoneClusterImpl-fe7db7e8-fd61-4d9c-99cb-81ca0fbccd3e/datanode-0/data/ratis] (custom)
2019-09-11 18:33:03,465 [main] INFO  hdfs.DFSUtil (DFSUtil.java:httpServerTemplateForNNAndJN(1641)) - Starting Web-server for hddsDatanode at: http://0.0.0.0:0
2019-09-11 18:33:03,469 [main] INFO  server.AuthenticationFilter (AuthenticationFilter.java:constructSecretProvider(240)) - Unable to initialize FileSignerSecretProvider, falling back to use random secrets.
2019-09-11 18:33:03,470 [main] WARN  http.HttpRequestLog (HttpRequestLog.java:getRequestLog(97)) - Jetty request log can only be enabled using Log4j
2019-09-11 18:33:03,473 [main] INFO  http.HttpServer2 (HttpServer2.java:addGlobalFilter(975)) - Added global filter 'safety' (class=org.apache.hadoop.http.HttpServer2$QuotingInputFilter)
2019-09-11 18:33:03,474 [main] INFO  http.HttpServer2 (HttpServer2.java:addFilter(948)) - Added filter static_user_filter (class=org.apache.hadoop.http.lib.StaticUserWebFilter$StaticUserFilter) to context hddsDatanode
2019-09-11 18:33:03,474 [main] INFO  http.HttpServer2 (HttpServer2.java:addFilter(958)) - Added filter static_user_filter (class=org.apache.hadoop.http.lib.StaticUserWebFilter$StaticUserFilter) to context static
2019-09-11 18:33:03,475 [main] INFO  http.HttpServer2 (HttpServer2.java:addFilter(958)) - Added filter static_user_filter (class=org.apache.hadoop.http.lib.StaticUserWebFilter$StaticUserFilter) to context logs
2019-09-11 18:33:03,476 [main] INFO  http.HttpServer2 (HttpServer2.java:bindListener(1191)) - Jetty bound to port 45307
2019-09-11 18:33:03,477 [main] INFO  server.Server (Server.java:doStart(351)) - jetty-9.3.24.v20180605, build timestamp: 2018-06-05T17:11:56Z, git hash: 84205aa28f11a4f31f2a3b86d1bba2cc8ab69827
2019-09-11 18:33:03,479 [main] INFO  handler.ContextHandler (ContextHandler.java:doStart(781)) - Started o.e.j.s.ServletContextHandler@1b1f5012{/logs,file:///workdir/hadoop-ozone/integration-test/target/log,AVAILABLE}
2019-09-11 18:33:03,480 [main] INFO  handler.ContextHandler (ContextHandler.java:doStart(781)) - Started o.e.j.s.ServletContextHandler@4a734c04{/static,jar:file:/home/user/.m2/repository/org/apache/hadoop/hadoop-hdds-container-service/0.5.0-SNAPSHOT/hadoop-hdds-container-service-0.5.0-SNAPSHOT.jar!/webapps/static,AVAILABLE}
2019-09-11 18:33:03,532 [main] INFO  handler.ContextHandler (ContextHandler.java:doStart(781)) - Started o.e.j.w.WebAppContext@1effd53c{/,file:///tmp/jetty-0.0.0.0-45307-hddsDatanode-_-any-8164651019742649095.dir/webapp/,AVAILABLE}{/hddsDatanode}
2019-09-11 18:33:03,534 [main] INFO  server.AbstractConnector (AbstractConnector.java:doStart(278)) - Started ServerConnector@46c269e0{HTTP/1.1,[http/1.1]}{0.0.0.0:45307}
2019-09-11 18:33:03,535 [main] INFO  server.Server (Server.java:doStart(419)) - Started @5636ms
2019-09-11 18:33:03,535 [main] WARN  impl.MetricsSystemImpl (MetricsSystemImpl.java:register(276)) - Sink prometheus already exists!
2019-09-11 18:33:03,537 [main] INFO  server.BaseHttpServer (BaseHttpServer.java:updateConnectorAddress(215)) - HTTP server of HDDSDATANODE is listening at http://0.0.0.0:45307
2019-09-11 18:33:03,538 [main] INFO  impl.MetricsSystemImpl (MetricsSystemImpl.java:init(158)) - HddsDatanode metrics system started (again)
2019-09-11 18:33:03,543 [main] INFO  ozone.HddsDatanodeService (HddsDatanodeService.java:start(184)) - HddsDatanodeService host:pr-hdds-2076-h65fj-2956048825 ip:192.168.34.14
2019-09-11 18:33:03,545 [org.apache.hadoop.util.JvmPauseMonitor$Monitor@6bf0c30c] INFO  util.JvmPauseMonitor (JvmPauseMonitor.java:run(188)) - Starting JVM pause monitor
2019-09-11 18:33:03,552 [main] INFO  volume.HddsVolume (HddsVolume.java:<init>(176)) - Creating Volume: /workdir/hadoop-ozone/integration-test/target/test-dir/MiniOzoneClusterImpl-fe7db7e8-fd61-4d9c-99cb-81ca0fbccd3e/datanode-1/data/containers/hdds of  storage type : DISK and capacity : 1482555576320
2019-09-11 18:33:03,553 [main] INFO  volume.VolumeSet (VolumeSet.java:initializeVolumeSet(170)) - Added Volume : /workdir/hadoop-ozone/integration-test/target/test-dir/MiniOzoneClusterImpl-fe7db7e8-fd61-4d9c-99cb-81ca0fbccd3e/datanode-1/data/containers/hdds to VolumeSet
2019-09-11 18:33:03,553 [main] INFO  volume.ThrottledAsyncChecker (ThrottledAsyncChecker.java:schedule(140)) - Scheduling a check for org.apache.hadoop.ozone.container.common.volume.HddsVolume@227a47
2019-09-11 18:33:03,554 [main] INFO  volume.HddsVolumeChecker (HddsVolumeChecker.java:checkAllVolumes(203)) - Scheduled health check for volume org.apache.hadoop.ozone.container.common.volume.HddsVolume@227a47
2019-09-11 18:33:03,576 [main] INFO  impl.RaftServerProxy (ConfUtils.java:logGet(43)) - raft.rpc.type = GRPC (default)
2019-09-11 18:33:03,576 [main] INFO  grpc.GrpcFactory (GrpcFactory.java:checkPooledByteBufAllocatorUseCacheForAllThreads(45)) - PERFORMANCE WARNING: useCacheForAllThreads is true that may cause Netty to create a lot garbage objects and, as a result, trigger GC.
	It is recommended to disable useCacheForAllThreads by setting -Dorg.apache.ratis.thirdparty.io.netty.allocator.useCacheForAllThreads=false in command line.
2019-09-11 18:33:03,577 [main] INFO  grpc.GrpcConfigKeys$Server (ConfUtils.java:logGet(43)) - raft.grpc.server.port = 0 (default)
2019-09-11 18:33:03,577 [main] INFO  server.GrpcService (ConfUtils.java:logGet(43)) - raft.grpc.message.size.max = 33570816 (custom)
2019-09-11 18:33:03,578 [main] INFO  server.RaftServerConfigKeys (ConfUtils.java:logGet(43)) - raft.server.log.appender.buffer.byte-limit = 33554432 (custom)
2019-09-11 18:33:03,578 [main] INFO  server.GrpcService (ConfUtils.java:logGet(43)) - raft.grpc.flow.control.window = 1MB (=1048576) (default)
2019-09-11 18:33:03,578 [main] INFO  server.RaftServerConfigKeys (ConfUtils.java:logGet(43)) - raft.server.rpc.request.timeout = 3000ms (default)
2019-09-11 18:33:03,579 [main] INFO  server.RaftServerConfigKeys (ConfUtils.java:logGet(43)) - raft.server.storage.dir = [/workdir/hadoop-ozone/integration-test/target/test-dir/MiniOzoneClusterImpl-fe7db7e8-fd61-4d9c-99cb-81ca0fbccd3e/datanode-1/data/ratis] (custom)
2019-09-11 18:33:03,581 [main] INFO  hdfs.DFSUtil (DFSUtil.java:httpServerTemplateForNNAndJN(1641)) - Starting Web-server for hddsDatanode at: http://0.0.0.0:0
2019-09-11 18:33:03,583 [main] INFO  server.AuthenticationFilter (AuthenticationFilter.java:constructSecretProvider(240)) - Unable to initialize FileSignerSecretProvider, falling back to use random secrets.
2019-09-11 18:33:03,584 [main] WARN  http.HttpRequestLog (HttpRequestLog.java:getRequestLog(97)) - Jetty request log can only be enabled using Log4j
2019-09-11 18:33:03,586 [main] INFO  http.HttpServer2 (HttpServer2.java:addGlobalFilter(975)) - Added global filter 'safety' (class=org.apache.hadoop.http.HttpServer2$QuotingInputFilter)
2019-09-11 18:33:03,587 [main] INFO  http.HttpServer2 (HttpServer2.java:addFilter(948)) - Added filter static_user_filter (class=org.apache.hadoop.http.lib.StaticUserWebFilter$StaticUserFilter) to context hddsDatanode
2019-09-11 18:33:03,587 [main] INFO  http.HttpServer2 (HttpServer2.java:addFilter(958)) - Added filter static_user_filter (class=org.apache.hadoop.http.lib.StaticUserWebFilter$StaticUserFilter) to context static
2019-09-11 18:33:03,588 [main] INFO  http.HttpServer2 (HttpServer2.java:addFilter(958)) - Added filter static_user_filter (class=org.apache.hadoop.http.lib.StaticUserWebFilter$StaticUserFilter) to context logs
2019-09-11 18:33:03,589 [main] INFO  http.HttpServer2 (HttpServer2.java:bindListener(1191)) - Jetty bound to port 40522
2019-09-11 18:33:03,589 [main] INFO  server.Server (Server.java:doStart(351)) - jetty-9.3.24.v20180605, build timestamp: 2018-06-05T17:11:56Z, git hash: 84205aa28f11a4f31f2a3b86d1bba2cc8ab69827
2019-09-11 18:33:03,594 [main] INFO  handler.ContextHandler (ContextHandler.java:doStart(781)) - Started o.e.j.s.ServletContextHandler@cdb2d95{/logs,file:///workdir/hadoop-ozone/integration-test/target/log,AVAILABLE}
2019-09-11 18:33:03,594 [main] INFO  handler.ContextHandler (ContextHandler.java:doStart(781)) - Started o.e.j.s.ServletContextHandler@2f5ac102{/static,jar:file:/home/user/.m2/repository/org/apache/hadoop/hadoop-hdds-container-service/0.5.0-SNAPSHOT/hadoop-hdds-container-service-0.5.0-SNAPSHOT.jar!/webapps/static,AVAILABLE}
2019-09-11 18:33:03,631 [main] INFO  handler.ContextHandler (ContextHandler.java:doStart(781)) - Started o.e.j.w.WebAppContext@654c7d2d{/,file:///tmp/jetty-0.0.0.0-40522-hddsDatanode-_-any-5633560726354752930.dir/webapp/,AVAILABLE}{/hddsDatanode}
2019-09-11 18:33:03,633 [main] INFO  server.AbstractConnector (AbstractConnector.java:doStart(278)) - Started ServerConnector@26cb5207{HTTP/1.1,[http/1.1]}{0.0.0.0:40522}
2019-09-11 18:33:03,633 [main] INFO  server.Server (Server.java:doStart(419)) - Started @5735ms
2019-09-11 18:33:03,634 [main] WARN  impl.MetricsSystemImpl (MetricsSystemImpl.java:register(276)) - Sink prometheus already exists!
2019-09-11 18:33:03,635 [main] INFO  server.BaseHttpServer (BaseHttpServer.java:updateConnectorAddress(215)) - HTTP server of HDDSDATANODE is listening at http://0.0.0.0:40522
2019-09-11 18:33:03,635 [main] INFO  impl.MetricsSystemImpl (MetricsSystemImpl.java:init(158)) - HddsDatanode metrics system started (again)
2019-09-11 18:33:03,638 [main] INFO  ozone.HddsDatanodeService (HddsDatanodeService.java:start(184)) - HddsDatanodeService host:pr-hdds-2076-h65fj-2956048825 ip:192.168.34.14
2019-09-11 18:33:03,638 [org.apache.hadoop.util.JvmPauseMonitor$Monitor@a4cbff4] INFO  util.JvmPauseMonitor (JvmPauseMonitor.java:run(188)) - Starting JVM pause monitor
2019-09-11 18:33:03,646 [main] INFO  volume.HddsVolume (HddsVolume.java:<init>(176)) - Creating Volume: /workdir/hadoop-ozone/integration-test/target/test-dir/MiniOzoneClusterImpl-fe7db7e8-fd61-4d9c-99cb-81ca0fbccd3e/datanode-2/data/containers/hdds of  storage type : DISK and capacity : 1482555576320
2019-09-11 18:33:03,647 [main] INFO  volume.VolumeSet (VolumeSet.java:initializeVolumeSet(170)) - Added Volume : /workdir/hadoop-ozone/integration-test/target/test-dir/MiniOzoneClusterImpl-fe7db7e8-fd61-4d9c-99cb-81ca0fbccd3e/datanode-2/data/containers/hdds to VolumeSet
2019-09-11 18:33:03,647 [main] INFO  volume.ThrottledAsyncChecker (ThrottledAsyncChecker.java:schedule(140)) - Scheduling a check for org.apache.hadoop.ozone.container.common.volume.HddsVolume@68d7a2df
2019-09-11 18:33:03,647 [main] INFO  volume.HddsVolumeChecker (HddsVolumeChecker.java:checkAllVolumes(203)) - Scheduled health check for volume org.apache.hadoop.ozone.container.common.volume.HddsVolume@68d7a2df
2019-09-11 18:33:03,661 [main] INFO  impl.RaftServerProxy (ConfUtils.java:logGet(43)) - raft.rpc.type = GRPC (default)
2019-09-11 18:33:03,662 [main] INFO  grpc.GrpcFactory (GrpcFactory.java:checkPooledByteBufAllocatorUseCacheForAllThreads(45)) - PERFORMANCE WARNING: useCacheForAllThreads is true that may cause Netty to create a lot garbage objects and, as a result, trigger GC.
	It is recommended to disable useCacheForAllThreads by setting -Dorg.apache.ratis.thirdparty.io.netty.allocator.useCacheForAllThreads=false in command line.
2019-09-11 18:33:03,662 [main] INFO  grpc.GrpcConfigKeys$Server (ConfUtils.java:logGet(43)) - raft.grpc.server.port = 0 (default)
2019-09-11 18:33:03,662 [main] INFO  server.GrpcService (ConfUtils.java:logGet(43)) - raft.grpc.message.size.max = 33570816 (custom)
2019-09-11 18:33:03,662 [main] INFO  server.RaftServerConfigKeys (ConfUtils.java:logGet(43)) - raft.server.log.appender.buffer.byte-limit = 33554432 (custom)
2019-09-11 18:33:03,663 [main] INFO  server.GrpcService (ConfUtils.java:logGet(43)) - raft.grpc.flow.control.window = 1MB (=1048576) (default)
2019-09-11 18:33:03,663 [main] INFO  server.RaftServerConfigKeys (ConfUtils.java:logGet(43)) - raft.server.rpc.request.timeout = 3000ms (default)
2019-09-11 18:33:03,663 [main] INFO  server.RaftServerConfigKeys (ConfUtils.java:logGet(43)) - raft.server.storage.dir = [/workdir/hadoop-ozone/integration-test/target/test-dir/MiniOzoneClusterImpl-fe7db7e8-fd61-4d9c-99cb-81ca0fbccd3e/datanode-2/data/ratis] (custom)
2019-09-11 18:33:03,665 [main] INFO  hdfs.DFSUtil (DFSUtil.java:httpServerTemplateForNNAndJN(1641)) - Starting Web-server for hddsDatanode at: http://0.0.0.0:0
2019-09-11 18:33:03,667 [main] INFO  server.AuthenticationFilter (AuthenticationFilter.java:constructSecretProvider(240)) - Unable to initialize FileSignerSecretProvider, falling back to use random secrets.
2019-09-11 18:33:03,667 [main] WARN  http.HttpRequestLog (HttpRequestLog.java:getRequestLog(97)) - Jetty request log can only be enabled using Log4j
2019-09-11 18:33:03,669 [main] INFO  http.HttpServer2 (HttpServer2.java:addGlobalFilter(975)) - Added global filter 'safety' (class=org.apache.hadoop.http.HttpServer2$QuotingInputFilter)
2019-09-11 18:33:03,669 [main] INFO  http.HttpServer2 (HttpServer2.java:addFilter(948)) - Added filter static_user_filter (class=org.apache.hadoop.http.lib.StaticUserWebFilter$StaticUserFilter) to context hddsDatanode
2019-09-11 18:33:03,669 [main] INFO  http.HttpServer2 (HttpServer2.java:addFilter(958)) - Added filter static_user_filter (class=org.apache.hadoop.http.lib.StaticUserWebFilter$StaticUserFilter) to context static
2019-09-11 18:33:03,670 [main] INFO  http.HttpServer2 (HttpServer2.java:addFilter(958)) - Added filter static_user_filter (class=org.apache.hadoop.http.lib.StaticUserWebFilter$StaticUserFilter) to context logs
2019-09-11 18:33:03,670 [main] INFO  http.HttpServer2 (HttpServer2.java:bindListener(1191)) - Jetty bound to port 37633
2019-09-11 18:33:03,671 [main] INFO  server.Server (Server.java:doStart(351)) - jetty-9.3.24.v20180605, build timestamp: 2018-06-05T17:11:56Z, git hash: 84205aa28f11a4f31f2a3b86d1bba2cc8ab69827
2019-09-11 18:33:03,673 [main] INFO  handler.ContextHandler (ContextHandler.java:doStart(781)) - Started o.e.j.s.ServletContextHandler@1422ac7f{/logs,file:///workdir/hadoop-ozone/integration-test/target/log,AVAILABLE}
2019-09-11 18:33:03,673 [main] INFO  handler.ContextHandler (ContextHandler.java:doStart(781)) - Started o.e.j.s.ServletContextHandler@7bc44ce8{/static,jar:file:/home/user/.m2/repository/org/apache/hadoop/hadoop-hdds-container-service/0.5.0-SNAPSHOT/hadoop-hdds-container-service-0.5.0-SNAPSHOT.jar!/webapps/static,AVAILABLE}
2019-09-11 18:33:03,689 [Datanode State Machine Thread - 0] INFO  datanode.InitDatanodeState (InitDatanodeState.java:persistContainerDatanodeDetails(140)) - DatanodeDetails is persisted to /workdir/hadoop-ozone/integration-test/target/test-dir/MiniOzoneClusterImpl-fe7db7e8-fd61-4d9c-99cb-81ca0fbccd3e/datanode-0/meta/datanode.id
2019-09-11 18:33:03,693 [Datanode State Machine Thread - 0] INFO  datanode.InitDatanodeState (InitDatanodeState.java:persistContainerDatanodeDetails(140)) - DatanodeDetails is persisted to /workdir/hadoop-ozone/integration-test/target/test-dir/MiniOzoneClusterImpl-fe7db7e8-fd61-4d9c-99cb-81ca0fbccd3e/datanode-1/meta/datanode.id
2019-09-11 18:33:03,705 [main] INFO  handler.ContextHandler (ContextHandler.java:doStart(781)) - Started o.e.j.w.WebAppContext@5af8bb51{/,file:///tmp/jetty-0.0.0.0-37633-hddsDatanode-_-any-6050838038119612954.dir/webapp/,AVAILABLE}{/hddsDatanode}
2019-09-11 18:33:03,706 [main] INFO  server.AbstractConnector (AbstractConnector.java:doStart(278)) - Started ServerConnector@799ed4e8{HTTP/1.1,[http/1.1]}{0.0.0.0:37633}
2019-09-11 18:33:03,706 [main] INFO  server.Server (Server.java:doStart(419)) - Started @5807ms
2019-09-11 18:33:03,707 [main] WARN  impl.MetricsSystemImpl (MetricsSystemImpl.java:register(276)) - Sink prometheus already exists!
2019-09-11 18:33:03,708 [main] INFO  server.BaseHttpServer (BaseHttpServer.java:updateConnectorAddress(215)) - HTTP server of HDDSDATANODE is listening at http://0.0.0.0:37633
2019-09-11 18:33:03,708 [main] INFO  impl.MetricsSystemImpl (MetricsSystemImpl.java:init(158)) - HddsDatanode metrics system started (again)
2019-09-11 18:33:03,711 [main] INFO  ozone.HddsDatanodeService (HddsDatanodeService.java:start(184)) - HddsDatanodeService host:pr-hdds-2076-h65fj-2956048825 ip:192.168.34.14
2019-09-11 18:33:03,711 [org.apache.hadoop.util.JvmPauseMonitor$Monitor@447c1d0] INFO  util.JvmPauseMonitor (JvmPauseMonitor.java:run(188)) - Starting JVM pause monitor
2019-09-11 18:33:03,714 [Datanode State Machine Thread - 0] INFO  datanode.InitDatanodeState (InitDatanodeState.java:persistContainerDatanodeDetails(140)) - DatanodeDetails is persisted to /workdir/hadoop-ozone/integration-test/target/test-dir/MiniOzoneClusterImpl-fe7db7e8-fd61-4d9c-99cb-81ca0fbccd3e/datanode-2/meta/datanode.id
2019-09-11 18:33:03,718 [main] INFO  volume.HddsVolume (HddsVolume.java:<init>(176)) - Creating Volume: /workdir/hadoop-ozone/integration-test/target/test-dir/MiniOzoneClusterImpl-fe7db7e8-fd61-4d9c-99cb-81ca0fbccd3e/datanode-3/data/containers/hdds of  storage type : DISK and capacity : 1482555576320
2019-09-11 18:33:03,718 [main] INFO  volume.VolumeSet (VolumeSet.java:initializeVolumeSet(170)) - Added Volume : /workdir/hadoop-ozone/integration-test/target/test-dir/MiniOzoneClusterImpl-fe7db7e8-fd61-4d9c-99cb-81ca0fbccd3e/datanode-3/data/containers/hdds to VolumeSet
2019-09-11 18:33:03,718 [main] INFO  volume.ThrottledAsyncChecker (ThrottledAsyncChecker.java:schedule(140)) - Scheduling a check for org.apache.hadoop.ozone.container.common.volume.HddsVolume@4faa298
2019-09-11 18:33:03,719 [main] INFO  volume.HddsVolumeChecker (HddsVolumeChecker.java:checkAllVolumes(203)) - Scheduled health check for volume org.apache.hadoop.ozone.container.common.volume.HddsVolume@4faa298
2019-09-11 18:33:03,732 [main] INFO  impl.RaftServerProxy (ConfUtils.java:logGet(43)) - raft.rpc.type = GRPC (default)
2019-09-11 18:33:03,732 [main] INFO  grpc.GrpcFactory (GrpcFactory.java:checkPooledByteBufAllocatorUseCacheForAllThreads(45)) - PERFORMANCE WARNING: useCacheForAllThreads is true that may cause Netty to create a lot garbage objects and, as a result, trigger GC.
	It is recommended to disable useCacheForAllThreads by setting -Dorg.apache.ratis.thirdparty.io.netty.allocator.useCacheForAllThreads=false in command line.
2019-09-11 18:33:03,732 [main] INFO  grpc.GrpcConfigKeys$Server (ConfUtils.java:logGet(43)) - raft.grpc.server.port = 0 (default)
2019-09-11 18:33:03,733 [main] INFO  server.GrpcService (ConfUtils.java:logGet(43)) - raft.grpc.message.size.max = 33570816 (custom)
2019-09-11 18:33:03,733 [main] INFO  server.RaftServerConfigKeys (ConfUtils.java:logGet(43)) - raft.server.log.appender.buffer.byte-limit = 33554432 (custom)
2019-09-11 18:33:03,733 [main] INFO  server.GrpcService (ConfUtils.java:logGet(43)) - raft.grpc.flow.control.window = 1MB (=1048576) (default)
2019-09-11 18:33:03,733 [main] INFO  server.RaftServerConfigKeys (ConfUtils.java:logGet(43)) - raft.server.rpc.request.timeout = 3000ms (default)
2019-09-11 18:33:03,734 [main] INFO  server.RaftServerConfigKeys (ConfUtils.java:logGet(43)) - raft.server.storage.dir = [/workdir/hadoop-ozone/integration-test/target/test-dir/MiniOzoneClusterImpl-fe7db7e8-fd61-4d9c-99cb-81ca0fbccd3e/datanode-3/data/ratis] (custom)
2019-09-11 18:33:03,736 [main] INFO  hdfs.DFSUtil (DFSUtil.java:httpServerTemplateForNNAndJN(1641)) - Starting Web-server for hddsDatanode at: http://0.0.0.0:0
2019-09-11 18:33:03,737 [main] INFO  server.AuthenticationFilter (AuthenticationFilter.java:constructSecretProvider(240)) - Unable to initialize FileSignerSecretProvider, falling back to use random secrets.
2019-09-11 18:33:03,737 [main] WARN  http.HttpRequestLog (HttpRequestLog.java:getRequestLog(97)) - Jetty request log can only be enabled using Log4j
2019-09-11 18:33:03,739 [main] INFO  http.HttpServer2 (HttpServer2.java:addGlobalFilter(975)) - Added global filter 'safety' (class=org.apache.hadoop.http.HttpServer2$QuotingInputFilter)
2019-09-11 18:33:03,739 [main] INFO  http.HttpServer2 (HttpServer2.java:addFilter(948)) - Added filter static_user_filter (class=org.apache.hadoop.http.lib.StaticUserWebFilter$StaticUserFilter) to context hddsDatanode
2019-09-11 18:33:03,739 [main] INFO  http.HttpServer2 (HttpServer2.java:addFilter(958)) - Added filter static_user_filter (class=org.apache.hadoop.http.lib.StaticUserWebFilter$StaticUserFilter) to context logs
2019-09-11 18:33:03,740 [main] INFO  http.HttpServer2 (HttpServer2.java:addFilter(958)) - Added filter static_user_filter (class=org.apache.hadoop.http.lib.StaticUserWebFilter$StaticUserFilter) to context static
2019-09-11 18:33:03,740 [main] INFO  http.HttpServer2 (HttpServer2.java:bindListener(1191)) - Jetty bound to port 36517
2019-09-11 18:33:03,740 [main] INFO  server.Server (Server.java:doStart(351)) - jetty-9.3.24.v20180605, build timestamp: 2018-06-05T17:11:56Z, git hash: 84205aa28f11a4f31f2a3b86d1bba2cc8ab69827
2019-09-11 18:33:03,745 [main] INFO  handler.ContextHandler (ContextHandler.java:doStart(781)) - Started o.e.j.s.ServletContextHandler@59cda16e{/logs,file:///workdir/hadoop-ozone/integration-test/target/log,AVAILABLE}
2019-09-11 18:33:03,746 [main] INFO  handler.ContextHandler (ContextHandler.java:doStart(781)) - Started o.e.j.s.ServletContextHandler@12e0f1cb{/static,jar:file:/home/user/.m2/repository/org/apache/hadoop/hadoop-hdds-container-service/0.5.0-SNAPSHOT/hadoop-hdds-container-service-0.5.0-SNAPSHOT.jar!/webapps/static,AVAILABLE}
2019-09-11 18:33:03,775 [main] INFO  handler.ContextHandler (ContextHandler.java:doStart(781)) - Started o.e.j.w.WebAppContext@443effcb{/,file:///tmp/jetty-0.0.0.0-36517-hddsDatanode-_-any-1255542638040566671.dir/webapp/,AVAILABLE}{/hddsDatanode}
2019-09-11 18:33:03,775 [main] INFO  server.AbstractConnector (AbstractConnector.java:doStart(278)) - Started ServerConnector@74ecacc3{HTTP/1.1,[http/1.1]}{0.0.0.0:36517}
2019-09-11 18:33:03,777 [main] INFO  server.Server (Server.java:doStart(419)) - Started @5878ms
2019-09-11 18:33:03,777 [main] WARN  impl.MetricsSystemImpl (MetricsSystemImpl.java:register(276)) - Sink prometheus already exists!
2019-09-11 18:33:03,779 [main] INFO  server.BaseHttpServer (BaseHttpServer.java:updateConnectorAddress(215)) - HTTP server of HDDSDATANODE is listening at http://0.0.0.0:36517
2019-09-11 18:33:03,781 [main] INFO  ozone.MiniOzoneClusterImpl (MiniOzoneClusterImpl.java:lambda$waitForClusterToBeReady$0(140)) - Waiting for cluster to be ready. Got 0 of 4 DN Heartbeats.
2019-09-11 18:33:03,783 [org.apache.hadoop.util.JvmPauseMonitor$Monitor@6391bab] INFO  util.JvmPauseMonitor (JvmPauseMonitor.java:run(188)) - Starting JVM pause monitor
2019-09-11 18:33:03,786 [Datanode State Machine Thread - 0] INFO  datanode.InitDatanodeState (InitDatanodeState.java:persistContainerDatanodeDetails(140)) - DatanodeDetails is persisted to /workdir/hadoop-ozone/integration-test/target/test-dir/MiniOzoneClusterImpl-fe7db7e8-fd61-4d9c-99cb-81ca0fbccd3e/datanode-3/meta/datanode.id
2019-09-11 18:33:04,781 [main] INFO  ozone.MiniOzoneClusterImpl (MiniOzoneClusterImpl.java:lambda$waitForClusterToBeReady$0(140)) - Waiting for cluster to be ready. Got 0 of 4 DN Heartbeats.
2019-09-11 18:33:05,605 [Datanode State Machine Thread - 0] INFO  ozoneimpl.OzoneContainer (OzoneContainer.java:start(216)) - Attempting to start container services.
2019-09-11 18:33:05,609 [Datanode State Machine Thread - 0] INFO  ozoneimpl.OzoneContainer (OzoneContainer.java:startContainerScrub(178)) - Background container scanner has been disabled.
2019-09-11 18:33:05,609 [Datanode State Machine Thread - 0] INFO  ratis.XceiverServerRatis (XceiverServerRatis.java:start(393)) - Starting XceiverServerRatis fec6197a-76e7-45dd-9283-db975e2d3fe6 at port 0
2019-09-11 18:33:05,637 [Datanode State Machine Thread - 0] INFO  impl.RaftServerProxy (RaftServerProxy.java:lambda$start$3(299)) - fec6197a-76e7-45dd-9283-db975e2d3fe6: start RPC server
2019-09-11 18:33:05,660 [Datanode State Machine Thread - 0] INFO  ozoneimpl.OzoneContainer (OzoneContainer.java:start(216)) - Attempting to start container services.
2019-09-11 18:33:05,666 [Datanode State Machine Thread - 0] INFO  ozoneimpl.OzoneContainer (OzoneContainer.java:startContainerScrub(178)) - Background container scanner has been disabled.
2019-09-11 18:33:05,666 [Datanode State Machine Thread - 0] INFO  ratis.XceiverServerRatis (XceiverServerRatis.java:start(393)) - Starting XceiverServerRatis a252aeae-ea32-484f-a17a-a311016863b7 at port 0
2019-09-11 18:33:05,679 [Datanode State Machine Thread - 0] INFO  impl.RaftServerProxy (RaftServerProxy.java:lambda$start$3(299)) - a252aeae-ea32-484f-a17a-a311016863b7: start RPC server
2019-09-11 18:33:05,728 [Datanode State Machine Thread - 0] INFO  ozoneimpl.OzoneContainer (OzoneContainer.java:start(216)) - Attempting to start container services.
2019-09-11 18:33:05,731 [Datanode State Machine Thread - 0] INFO  ozoneimpl.OzoneContainer (OzoneContainer.java:startContainerScrub(178)) - Background container scanner has been disabled.
2019-09-11 18:33:05,731 [Datanode State Machine Thread - 0] INFO  ratis.XceiverServerRatis (XceiverServerRatis.java:start(393)) - Starting XceiverServerRatis ecc5ee86-76f5-4926-81e0-62b54abd444b at port 0
2019-09-11 18:33:05,739 [Datanode State Machine Thread - 0] INFO  impl.RaftServerProxy (RaftServerProxy.java:lambda$start$3(299)) - ecc5ee86-76f5-4926-81e0-62b54abd444b: start RPC server
2019-09-11 18:33:05,782 [main] INFO  ozone.MiniOzoneClusterImpl (MiniOzoneClusterImpl.java:lambda$waitForClusterToBeReady$0(140)) - Waiting for cluster to be ready. Got 0 of 4 DN Heartbeats.
2019-09-11 18:33:05,802 [Datanode State Machine Thread - 0] INFO  server.GrpcService (GrpcService.java:startImpl(149)) - fec6197a-76e7-45dd-9283-db975e2d3fe6: GrpcService started, listening on 0.0.0.0/0.0.0.0:45311
2019-09-11 18:33:05,803 [Datanode State Machine Thread - 0] INFO  ozoneimpl.OzoneContainer (OzoneContainer.java:start(216)) - Attempting to start container services.
2019-09-11 18:33:05,802 [Datanode State Machine Thread - 0] INFO  server.GrpcService (GrpcService.java:startImpl(149)) - a252aeae-ea32-484f-a17a-a311016863b7: GrpcService started, listening on 0.0.0.0/0.0.0.0:42749
2019-09-11 18:33:05,802 [Datanode State Machine Thread - 0] INFO  server.GrpcService (GrpcService.java:startImpl(149)) - ecc5ee86-76f5-4926-81e0-62b54abd444b: GrpcService started, listening on 0.0.0.0/0.0.0.0:45860
2019-09-11 18:33:05,805 [Datanode State Machine Thread - 0] INFO  ratis.XceiverServerRatis (XceiverServerRatis.java:start(403)) - XceiverServerRatis a252aeae-ea32-484f-a17a-a311016863b7 is started using port 42749
2019-09-11 18:33:05,805 [Datanode State Machine Thread - 0] INFO  ozoneimpl.OzoneContainer (OzoneContainer.java:startContainerScrub(178)) - Background container scanner has been disabled.
2019-09-11 18:33:05,803 [Datanode State Machine Thread - 0] INFO  ratis.XceiverServerRatis (XceiverServerRatis.java:start(403)) - XceiverServerRatis fec6197a-76e7-45dd-9283-db975e2d3fe6 is started using port 45311
2019-09-11 18:33:05,805 [Datanode State Machine Thread - 0] INFO  ratis.XceiverServerRatis (XceiverServerRatis.java:start(393)) - Starting XceiverServerRatis 7a57f1e7-20c8-4d4a-aac3-6c686880e77e at port 0
2019-09-11 18:33:05,805 [Datanode State Machine Thread - 0] INFO  ratis.XceiverServerRatis (XceiverServerRatis.java:start(403)) - XceiverServerRatis ecc5ee86-76f5-4926-81e0-62b54abd444b is started using port 45860
2019-09-11 18:33:05,813 [Datanode State Machine Thread - 0] INFO  server.XceiverServerGrpc (XceiverServerGrpc.java:start(163)) - XceiverServerGrpc fec6197a-76e7-45dd-9283-db975e2d3fe6 is started using port 33133
2019-09-11 18:33:05,813 [Datanode State Machine Thread - 0] INFO  server.XceiverServerGrpc (XceiverServerGrpc.java:start(163)) - XceiverServerGrpc a252aeae-ea32-484f-a17a-a311016863b7 is started using port 43210
2019-09-11 18:33:05,813 [Datanode State Machine Thread - 0] INFO  server.XceiverServerGrpc (XceiverServerGrpc.java:start(163)) - XceiverServerGrpc ecc5ee86-76f5-4926-81e0-62b54abd444b is started using port 46696
2019-09-11 18:33:05,824 [Datanode State Machine Thread - 0] INFO  impl.RaftServerProxy (RaftServerProxy.java:lambda$start$3(299)) - 7a57f1e7-20c8-4d4a-aac3-6c686880e77e: start RPC server
2019-09-11 18:33:05,827 [Datanode State Machine Thread - 0] INFO  server.GrpcService (GrpcService.java:startImpl(149)) - 7a57f1e7-20c8-4d4a-aac3-6c686880e77e: GrpcService started, listening on 0.0.0.0/0.0.0.0:45603
2019-09-11 18:33:05,827 [Datanode State Machine Thread - 0] INFO  ratis.XceiverServerRatis (XceiverServerRatis.java:start(403)) - XceiverServerRatis 7a57f1e7-20c8-4d4a-aac3-6c686880e77e is started using port 45603
2019-09-11 18:33:05,829 [Datanode State Machine Thread - 0] INFO  server.XceiverServerGrpc (XceiverServerGrpc.java:start(163)) - XceiverServerGrpc 7a57f1e7-20c8-4d4a-aac3-6c686880e77e is started using port 44839
2019-09-11 18:33:06,783 [main] INFO  ozone.MiniOzoneClusterImpl (MiniOzoneClusterImpl.java:lambda$waitForClusterToBeReady$0(140)) - Waiting for cluster to be ready. Got 0 of 4 DN Heartbeats.
2019-09-11 18:33:07,583 [IPC Server handler 0 on 41314] INFO  net.NetworkTopology (NetworkTopologyImpl.java:add(110)) - Added a new node: /default-rack/fec6197a-76e7-45dd-9283-db975e2d3fe6
2019-09-11 18:33:07,583 [IPC Server handler 0 on 41314] INFO  node.SCMNodeManager (SCMNodeManager.java:register(266)) - Registered Data node : fec6197a-76e7-45dd-9283-db975e2d3fe6{ip: 192.168.34.14, host: pr-hdds-2076-h65fj-2956048825, networkLocation: /default-rack, certSerialId: null}
2019-09-11 18:33:07,589 [EventQueue-NodeRegistrationContainerReportForDataNodeSafeModeRule] INFO  safemode.SCMSafeModeManager (DataNodeSafeModeRule.java:process(71)) - SCM in safe mode. 1 DataNodes registered, 1 required.
2019-09-11 18:33:07,589 [EventQueue-NodeRegistrationContainerReportForDataNodeSafeModeRule] INFO  safemode.SCMSafeModeManager (SCMSafeModeManager.java:validateSafeModeExitRules(177)) - ScmSafeModeManager, all rules are successfully validated
2019-09-11 18:33:07,589 [EventQueue-NodeRegistrationContainerReportForDataNodeSafeModeRule] INFO  safemode.SCMSafeModeManager (SCMSafeModeManager.java:exitSafeMode(193)) - SCM exiting safe mode.
2019-09-11 18:33:07,642 [IPC Server handler 1 on 41314] INFO  net.NetworkTopology (NetworkTopologyImpl.java:add(110)) - Added a new node: /default-rack/a252aeae-ea32-484f-a17a-a311016863b7
2019-09-11 18:33:07,643 [IPC Server handler 1 on 41314] INFO  node.SCMNodeManager (SCMNodeManager.java:register(266)) - Registered Data node : a252aeae-ea32-484f-a17a-a311016863b7{ip: 192.168.34.14, host: pr-hdds-2076-h65fj-2956048825, networkLocation: /default-rack, certSerialId: null}
2019-09-11 18:33:07,714 [IPC Server handler 4 on 41314] INFO  net.NetworkTopology (NetworkTopologyImpl.java:add(110)) - Added a new node: /default-rack/ecc5ee86-76f5-4926-81e0-62b54abd444b
2019-09-11 18:33:07,715 [IPC Server handler 4 on 41314] INFO  node.SCMNodeManager (SCMNodeManager.java:register(266)) - Registered Data node : ecc5ee86-76f5-4926-81e0-62b54abd444b{ip: 192.168.34.14, host: pr-hdds-2076-h65fj-2956048825, networkLocation: /default-rack, certSerialId: null}
2019-09-11 18:33:07,784 [main] INFO  ozone.MiniOzoneClusterImpl (MiniOzoneClusterImpl.java:lambda$waitForClusterToBeReady$0(140)) - Waiting for cluster to be ready. Got 3 of 4 DN Heartbeats.
2019-09-11 18:33:07,787 [IPC Server handler 3 on 41314] INFO  net.NetworkTopology (NetworkTopologyImpl.java:add(110)) - Added a new node: /default-rack/7a57f1e7-20c8-4d4a-aac3-6c686880e77e
2019-09-11 18:33:07,788 [IPC Server handler 3 on 41314] INFO  node.SCMNodeManager (SCMNodeManager.java:register(266)) - Registered Data node : 7a57f1e7-20c8-4d4a-aac3-6c686880e77e{ip: 192.168.34.14, host: pr-hdds-2076-h65fj-2956048825, networkLocation: /default-rack, certSerialId: null}
2019-09-11 18:33:08,144 [grpc-default-executor-0] INFO  impl.RaftServerProxy (RaftServerProxy.java:addNew(89)) - fec6197a-76e7-45dd-9283-db975e2d3fe6: addNew group-7484CDC65557:[fec6197a-76e7-45dd-9283-db975e2d3fe6:192.168.34.14:45311] returns group-7484CDC65557:java.util.concurrent.CompletableFuture@3cee8093[Not completed]
2019-09-11 18:33:08,163 [pool-27-thread-1] INFO  impl.RaftServerImpl (RaftServerImpl.java:<init>(93)) - fec6197a-76e7-45dd-9283-db975e2d3fe6: new RaftServerImpl for group-7484CDC65557:[fec6197a-76e7-45dd-9283-db975e2d3fe6:192.168.34.14:45311] with ContainerStateMachine:uninitialized
2019-09-11 18:33:08,166 [pool-27-thread-1] INFO  server.RaftServerConfigKeys (ConfUtils.java:logGet(43)) - raft.server.rpc.timeout.min = 5s (custom)
2019-09-11 18:33:08,168 [pool-27-thread-1] INFO  server.RaftServerConfigKeys (ConfUtils.java:logGet(43)) - raft.server.rpc.timeout.max = 5200ms (custom)
2019-09-11 18:33:08,168 [pool-27-thread-1] INFO  server.RaftServerConfigKeys (ConfUtils.java:logGet(43)) - raft.server.rpcslowness.timeout = 1000s (custom)
2019-09-11 18:33:08,168 [pool-27-thread-1] INFO  server.RaftServerConfigKeys (ConfUtils.java:logGet(43)) - raft.server.sleep.deviation.threshold = 300 (default)
2019-09-11 18:33:08,170 [pool-27-thread-1] INFO  server.RaftServerConfigKeys (ConfUtils.java:logGet(43)) - raft.server.log.appender.install.snapshot.enabled = false (custom)
2019-09-11 18:33:08,179 [pool-27-thread-1] INFO  impl.RaftServerImpl (ServerState.java:<init>(105)) - fec6197a-76e7-45dd-9283-db975e2d3fe6:group-7484CDC65557 ConfigurationManager, init=-1: [fec6197a-76e7-45dd-9283-db975e2d3fe6:192.168.34.14:45311], old=null, confs=<EMPTY_MAP>
2019-09-11 18:33:08,179 [pool-27-thread-1] INFO  server.RaftServerConfigKeys (ConfUtils.java:logGet(43)) - raft.server.storage.dir = [/workdir/hadoop-ozone/integration-test/target/test-dir/MiniOzoneClusterImpl-fe7db7e8-fd61-4d9c-99cb-81ca0fbccd3e/datanode-0/data/ratis] (custom)
2019-09-11 18:33:08,188 [pool-27-thread-1] INFO  storage.RaftStorageDirectory (RaftStorageDirectory.java:analyzeStorage(246)) - The storage directory /workdir/hadoop-ozone/integration-test/target/test-dir/MiniOzoneClusterImpl-fe7db7e8-fd61-4d9c-99cb-81ca0fbccd3e/datanode-0/data/ratis/03aeceb9-bcf4-48b2-aa75-7484cdc65557 does not exist. Creating ...
2019-09-11 18:33:08,205 [pool-27-thread-1] INFO  storage.RaftStorageDirectory (RaftStorageDirectory.java:tryLock(328)) - Lock on /workdir/hadoop-ozone/integration-test/target/test-dir/MiniOzoneClusterImpl-fe7db7e8-fd61-4d9c-99cb-81ca0fbccd3e/datanode-0/data/ratis/03aeceb9-bcf4-48b2-aa75-7484cdc65557/in_use.lock acquired by nodename 26231@pr-hdds-2076-h65fj-2956048825
2019-09-11 18:33:08,222 [pool-27-thread-1] INFO  storage.RaftStorage (RaftStorage.java:format(72)) - Storage directory /workdir/hadoop-ozone/integration-test/target/test-dir/MiniOzoneClusterImpl-fe7db7e8-fd61-4d9c-99cb-81ca0fbccd3e/datanode-0/data/ratis/03aeceb9-bcf4-48b2-aa75-7484cdc65557 has been successfully formatted.
2019-09-11 18:33:08,224 [pool-27-thread-1] INFO  ratis.ContainerStateMachine (ContainerStateMachine.java:loadSnapshot(227)) - group-7484CDC65557: The snapshot info is null. Setting the last applied indexto:(t:0, i:~)
2019-09-11 18:33:08,225 [pool-27-thread-1] INFO  server.RaftServerConfigKeys (ConfUtils.java:logGet(43)) - raft.server.leader.election.timeout = 1000s (custom)
2019-09-11 18:33:08,227 [pool-27-thread-1] INFO  server.RaftServerConfigKeys (ConfUtils.java:logGet(43)) - raft.server.log.use.memory = false (default)
2019-09-11 18:33:08,233 [pool-27-thread-1] INFO  server.RaftServerConfigKeys (ConfUtils.java:logGet(43)) - raft.server.log.purge.gap = 1000000 (custom)
2019-09-11 18:33:08,234 [pool-27-thread-1] INFO  server.RaftServerConfigKeys (ConfUtils.java:logGet(43)) - raft.server.log.appender.buffer.byte-limit = 33554432 (custom)
2019-09-11 18:33:08,235 [pool-27-thread-1] INFO  server.RaftServerConfigKeys (ConfUtils.java:logGet(43)) - raft.server.log.segment.size.max = 1048576 (custom)
2019-09-11 18:33:08,240 [pool-27-thread-1] INFO  server.RaftServerConfigKeys (ConfUtils.java:logGet(43)) - raft.server.log.segment.cache.num.max = 2 (custom)
2019-09-11 18:33:08,246 [pool-27-thread-1] INFO  segmented.SegmentedRaftLogWorker (SegmentedRaftLogWorker.java:<init>(172)) - new fec6197a-76e7-45dd-9283-db975e2d3fe6-SegmentedRaftLogWorker:Storage Directory /workdir/hadoop-ozone/integration-test/target/test-dir/MiniOzoneClusterImpl-fe7db7e8-fd61-4d9c-99cb-81ca0fbccd3e/datanode-0/data/ratis/03aeceb9-bcf4-48b2-aa75-7484cdc65557 for RaftStorage:Storage Directory /workdir/hadoop-ozone/integration-test/target/test-dir/MiniOzoneClusterImpl-fe7db7e8-fd61-4d9c-99cb-81ca0fbccd3e/datanode-0/data/ratis/03aeceb9-bcf4-48b2-aa75-7484cdc65557
2019-09-11 18:33:08,259 [pool-27-thread-1] INFO  server.RaftServerConfigKeys (ConfUtils.java:logGet(43)) - raft.server.log.queue.byte-limit = 2147483647 (custom)
2019-09-11 18:33:08,260 [pool-27-thread-1] INFO  server.RaftServerConfigKeys (ConfUtils.java:logGet(43)) - raft.server.log.queue.element-limit = 1024 (custom)
2019-09-11 18:33:08,264 [pool-27-thread-1] INFO  server.RaftServerConfigKeys (ConfUtils.java:logGet(43)) - raft.server.log.segment.size.max = 1048576 (custom)
2019-09-11 18:33:08,265 [pool-27-thread-1] INFO  server.RaftServerConfigKeys (ConfUtils.java:logGet(43)) - raft.server.log.preallocated.size = 16384 (custom)
2019-09-11 18:33:08,265 [pool-27-thread-1] INFO  server.RaftServerConfigKeys (ConfUtils.java:logGet(43)) - raft.server.log.write.buffer.size = 33554432 (custom)
2019-09-11 18:33:08,266 [pool-27-thread-1] INFO  server.RaftServerConfigKeys (ConfUtils.java:logGet(43)) - raft.server.log.force.sync.num = 128 (default)
2019-09-11 18:33:08,267 [pool-27-thread-1] INFO  server.RaftServerConfigKeys (ConfUtils.java:logGet(43)) - raft.server.log.statemachine.data.sync = true (default)
2019-09-11 18:33:08,267 [pool-27-thread-1] INFO  server.RaftServerConfigKeys (ConfUtils.java:logGet(43)) - raft.server.log.statemachine.data.sync.timeout = 10s (default)
2019-09-11 18:33:08,268 [pool-27-thread-1] INFO  server.RaftServerConfigKeys (ConfUtils.java:logGet(43)) - raft.server.log.statemachine.data.sync.timeout.retry = -1 (default)
2019-09-11 18:33:08,276 [pool-27-thread-1] INFO  server.RaftServerConfigKeys (ConfUtils.java:logGet(43)) - raft.server.log.statemachine.data.caching.enabled = true (custom)
2019-09-11 18:33:08,281 [pool-27-thread-1] INFO  segmented.SegmentedRaftLogWorker (SegmentedRaftLogWorker.java:lambda$new$0(132)) - fec6197a-76e7-45dd-9283-db975e2d3fe6-SegmentedRaftLogWorker:Storage Directory /workdir/hadoop-ozone/integration-test/target/test-dir/MiniOzoneClusterImpl-fe7db7e8-fd61-4d9c-99cb-81ca0fbccd3e/datanode-0/data/ratis/03aeceb9-bcf4-48b2-aa75-7484cdc65557: flushIndex: setUnconditionally 0 -> -1
2019-09-11 18:33:08,285 [pool-27-thread-1] INFO  server.RaftServerConfigKeys (ConfUtils.java:logGet(43)) - raft.server.snapshot.auto.trigger.enabled = true (custom)
2019-09-11 18:33:08,286 [pool-27-thread-1] INFO  server.RaftServerConfigKeys (ConfUtils.java:logGet(43)) - raft.server.snapshot.auto.trigger.threshold = 10000 (custom)
2019-09-11 18:33:08,287 [pool-27-thread-1] INFO  server.RaftServerConfigKeys (ConfUtils.java:logGet(43)) - raft.server.retrycache.expirytime = 600000ms (custom)
2019-09-11 18:33:08,311 [pool-27-thread-1] INFO  impl.RaftServerImpl (RaftServerImpl.java:start(180)) - fec6197a-76e7-45dd-9283-db975e2d3fe6: start group-7484CDC65557
2019-09-11 18:33:08,314 [pool-27-thread-1] INFO  impl.RaftServerImpl (RaftServerImpl.java:setRole(171)) - fec6197a-76e7-45dd-9283-db975e2d3fe6:group-7484CDC65557 changes role from null to FOLLOWER at term 0 for startAsFollower
2019-09-11 18:33:08,316 [pool-27-thread-1] INFO  impl.RoleInfo (RoleInfo.java:updateAndGet(143)) - fec6197a-76e7-45dd-9283-db975e2d3fe6: start FollowerState
2019-09-11 18:33:08,320 [pool-27-thread-1] INFO  util.JmxRegister (JmxRegister.java:tryRegister(44)) - Successfully registered JMX Bean with object name Ratis:service=RaftServer,group=group-7484CDC65557,id=fec6197a-76e7-45dd-9283-db975e2d3fe6
2019-09-11 18:33:08,391 [RatisPipelineUtilsThread] INFO  pipeline.PipelineStateManager (PipelineStateManager.java:addPipeline(56)) - Created pipeline Pipeline[ Id: 03aeceb9-bcf4-48b2-aa75-7484cdc65557, Nodes: fec6197a-76e7-45dd-9283-db975e2d3fe6{ip: 192.168.34.14, host: pr-hdds-2076-h65fj-2956048825, networkLocation: /default-rack, certSerialId: null}, Type:RATIS, Factor:ONE, State:OPEN]
2019-09-11 18:33:08,418 [grpc-default-executor-0] INFO  impl.RaftServerProxy (RaftServerProxy.java:addNew(89)) - ecc5ee86-76f5-4926-81e0-62b54abd444b: addNew group-194BCC8909A8:[ecc5ee86-76f5-4926-81e0-62b54abd444b:192.168.34.14:45860] returns group-194BCC8909A8:java.util.concurrent.CompletableFuture@6f9c85ff[Not completed]
2019-09-11 18:33:08,456 [pool-47-thread-1] INFO  impl.RaftServerImpl (RaftServerImpl.java:<init>(93)) - ecc5ee86-76f5-4926-81e0-62b54abd444b: new RaftServerImpl for group-194BCC8909A8:[ecc5ee86-76f5-4926-81e0-62b54abd444b:192.168.34.14:45860] with ContainerStateMachine:uninitialized
2019-09-11 18:33:08,458 [pool-47-thread-1] INFO  server.RaftServerConfigKeys (ConfUtils.java:logGet(43)) - raft.server.rpc.timeout.min = 5s (custom)
2019-09-11 18:33:08,458 [pool-47-thread-1] INFO  server.RaftServerConfigKeys (ConfUtils.java:logGet(43)) - raft.server.rpc.timeout.max = 5200ms (custom)
2019-09-11 18:33:08,458 [pool-47-thread-1] INFO  server.RaftServerConfigKeys (ConfUtils.java:logGet(43)) - raft.server.rpcslowness.timeout = 1000s (custom)
2019-09-11 18:33:08,458 [pool-47-thread-1] INFO  server.RaftServerConfigKeys (ConfUtils.java:logGet(43)) - raft.server.sleep.deviation.threshold = 300 (default)
2019-09-11 18:33:08,458 [pool-47-thread-1] INFO  server.RaftServerConfigKeys (ConfUtils.java:logGet(43)) - raft.server.log.appender.install.snapshot.enabled = false (custom)
2019-09-11 18:33:08,458 [pool-47-thread-1] INFO  impl.RaftServerImpl (ServerState.java:<init>(105)) - ecc5ee86-76f5-4926-81e0-62b54abd444b:group-194BCC8909A8 ConfigurationManager, init=-1: [ecc5ee86-76f5-4926-81e0-62b54abd444b:192.168.34.14:45860], old=null, confs=<EMPTY_MAP>
2019-09-11 18:33:08,458 [pool-47-thread-1] INFO  server.RaftServerConfigKeys (ConfUtils.java:logGet(43)) - raft.server.storage.dir = [/workdir/hadoop-ozone/integration-test/target/test-dir/MiniOzoneClusterImpl-fe7db7e8-fd61-4d9c-99cb-81ca0fbccd3e/datanode-2/data/ratis] (custom)
2019-09-11 18:33:08,459 [pool-47-thread-1] INFO  storage.RaftStorageDirectory (RaftStorageDirectory.java:analyzeStorage(246)) - The storage directory /workdir/hadoop-ozone/integration-test/target/test-dir/MiniOzoneClusterImpl-fe7db7e8-fd61-4d9c-99cb-81ca0fbccd3e/datanode-2/data/ratis/4177627e-d0f1-4f12-a227-194bcc8909a8 does not exist. Creating ...
2019-09-11 18:33:08,472 [pool-47-thread-1] INFO  storage.RaftStorageDirectory (RaftStorageDirectory.java:tryLock(328)) - Lock on /workdir/hadoop-ozone/integration-test/target/test-dir/MiniOzoneClusterImpl-fe7db7e8-fd61-4d9c-99cb-81ca0fbccd3e/datanode-2/data/ratis/4177627e-d0f1-4f12-a227-194bcc8909a8/in_use.lock acquired by nodename 26231@pr-hdds-2076-h65fj-2956048825
2019-09-11 18:33:08,485 [pool-47-thread-1] INFO  storage.RaftStorage (RaftStorage.java:format(72)) - Storage directory /workdir/hadoop-ozone/integration-test/target/test-dir/MiniOzoneClusterImpl-fe7db7e8-fd61-4d9c-99cb-81ca0fbccd3e/datanode-2/data/ratis/4177627e-d0f1-4f12-a227-194bcc8909a8 has been successfully formatted.
2019-09-11 18:33:08,487 [pool-47-thread-1] INFO  ratis.ContainerStateMachine (ContainerStateMachine.java:loadSnapshot(227)) - group-194BCC8909A8: The snapshot info is null. Setting the last applied indexto:(t:0, i:~)
2019-09-11 18:33:08,488 [pool-47-thread-1] INFO  server.RaftServerConfigKeys (ConfUtils.java:logGet(43)) - raft.server.leader.election.timeout = 1000s (custom)
2019-09-11 18:33:08,488 [pool-47-thread-1] INFO  server.RaftServerConfigKeys (ConfUtils.java:logGet(43)) - raft.server.log.use.memory = false (default)
2019-09-11 18:33:08,488 [pool-47-thread-1] INFO  server.RaftServerConfigKeys (ConfUtils.java:logGet(43)) - raft.server.log.purge.gap = 1000000 (custom)
2019-09-11 18:33:08,488 [pool-47-thread-1] INFO  server.RaftServerConfigKeys (ConfUtils.java:logGet(43)) - raft.server.log.appender.buffer.byte-limit = 33554432 (custom)
2019-09-11 18:33:08,488 [pool-47-thread-1] INFO  server.RaftServerConfigKeys (ConfUtils.java:logGet(43)) - raft.server.log.segment.size.max = 1048576 (custom)
2019-09-11 18:33:08,489 [pool-47-thread-1] INFO  server.RaftServerConfigKeys (ConfUtils.java:logGet(43)) - raft.server.log.segment.cache.num.max = 2 (custom)
2019-09-11 18:33:08,489 [pool-47-thread-1] INFO  segmented.SegmentedRaftLogWorker (SegmentedRaftLogWorker.java:<init>(172)) - new ecc5ee86-76f5-4926-81e0-62b54abd444b-SegmentedRaftLogWorker:Storage Directory /workdir/hadoop-ozone/integration-test/target/test-dir/MiniOzoneClusterImpl-fe7db7e8-fd61-4d9c-99cb-81ca0fbccd3e/datanode-2/data/ratis/4177627e-d0f1-4f12-a227-194bcc8909a8 for RaftStorage:Storage Directory /workdir/hadoop-ozone/integration-test/target/test-dir/MiniOzoneClusterImpl-fe7db7e8-fd61-4d9c-99cb-81ca0fbccd3e/datanode-2/data/ratis/4177627e-d0f1-4f12-a227-194bcc8909a8
2019-09-11 18:33:08,490 [pool-47-thread-1] INFO  server.RaftServerConfigKeys (ConfUtils.java:logGet(43)) - raft.server.log.queue.byte-limit = 2147483647 (custom)
2019-09-11 18:33:08,491 [pool-47-thread-1] INFO  server.RaftServerConfigKeys (ConfUtils.java:logGet(43)) - raft.server.log.queue.element-limit = 1024 (custom)
2019-09-11 18:33:08,491 [pool-47-thread-1] INFO  server.RaftServerConfigKeys (ConfUtils.java:logGet(43)) - raft.server.log.segment.size.max = 1048576 (custom)
2019-09-11 18:33:08,491 [pool-47-thread-1] INFO  server.RaftServerConfigKeys (ConfUtils.java:logGet(43)) - raft.server.log.preallocated.size = 16384 (custom)
2019-09-11 18:33:08,492 [pool-47-thread-1] INFO  server.RaftServerConfigKeys (ConfUtils.java:logGet(43)) - raft.server.log.write.buffer.size = 33554432 (custom)
2019-09-11 18:33:08,492 [pool-47-thread-1] INFO  server.RaftServerConfigKeys (ConfUtils.java:logGet(43)) - raft.server.log.force.sync.num = 128 (default)
2019-09-11 18:33:08,492 [pool-47-thread-1] INFO  server.RaftServerConfigKeys (ConfUtils.java:logGet(43)) - raft.server.log.statemachine.data.sync = true (default)
2019-09-11 18:33:08,492 [pool-47-thread-1] INFO  server.RaftServerConfigKeys (ConfUtils.java:logGet(43)) - raft.server.log.statemachine.data.sync.timeout = 10s (default)
2019-09-11 18:33:08,493 [pool-47-thread-1] INFO  server.RaftServerConfigKeys (ConfUtils.java:logGet(43)) - raft.server.log.statemachine.data.sync.timeout.retry = -1 (default)
2019-09-11 18:33:08,493 [pool-47-thread-1] INFO  server.RaftServerConfigKeys (ConfUtils.java:logGet(43)) - raft.server.log.statemachine.data.caching.enabled = true (custom)
2019-09-11 18:33:08,494 [pool-47-thread-1] INFO  segmented.SegmentedRaftLogWorker (SegmentedRaftLogWorker.java:lambda$new$0(132)) - ecc5ee86-76f5-4926-81e0-62b54abd444b-SegmentedRaftLogWorker:Storage Directory /workdir/hadoop-ozone/integration-test/target/test-dir/MiniOzoneClusterImpl-fe7db7e8-fd61-4d9c-99cb-81ca0fbccd3e/datanode-2/data/ratis/4177627e-d0f1-4f12-a227-194bcc8909a8: flushIndex: setUnconditionally 0 -> -1
2019-09-11 18:33:08,494 [pool-47-thread-1] INFO  server.RaftServerConfigKeys (ConfUtils.java:logGet(43)) - raft.server.snapshot.auto.trigger.enabled = true (custom)
2019-09-11 18:33:08,494 [pool-47-thread-1] INFO  server.RaftServerConfigKeys (ConfUtils.java:logGet(43)) - raft.server.snapshot.auto.trigger.threshold = 10000 (custom)
2019-09-11 18:33:08,495 [pool-47-thread-1] INFO  server.RaftServerConfigKeys (ConfUtils.java:logGet(43)) - raft.server.retrycache.expirytime = 600000ms (custom)
2019-09-11 18:33:08,495 [pool-47-thread-1] INFO  impl.RaftServerImpl (RaftServerImpl.java:start(180)) - ecc5ee86-76f5-4926-81e0-62b54abd444b: start group-194BCC8909A8
2019-09-11 18:33:08,495 [pool-47-thread-1] INFO  impl.RaftServerImpl (RaftServerImpl.java:setRole(171)) - ecc5ee86-76f5-4926-81e0-62b54abd444b:group-194BCC8909A8 changes role from null to FOLLOWER at term 0 for startAsFollower
2019-09-11 18:33:08,495 [pool-47-thread-1] INFO  impl.RoleInfo (RoleInfo.java:updateAndGet(143)) - ecc5ee86-76f5-4926-81e0-62b54abd444b: start FollowerState
2019-09-11 18:33:08,497 [pool-47-thread-1] INFO  util.JmxRegister (JmxRegister.java:tryRegister(44)) - Successfully registered JMX Bean with object name Ratis:service=RaftServer,group=group-194BCC8909A8,id=ecc5ee86-76f5-4926-81e0-62b54abd444b
2019-09-11 18:33:08,511 [RatisPipelineUtilsThread] INFO  pipeline.PipelineStateManager (PipelineStateManager.java:addPipeline(56)) - Created pipeline Pipeline[ Id: 4177627e-d0f1-4f12-a227-194bcc8909a8, Nodes: ecc5ee86-76f5-4926-81e0-62b54abd444b{ip: 192.168.34.14, host: pr-hdds-2076-h65fj-2956048825, networkLocation: /default-rack, certSerialId: null}, Type:RATIS, Factor:ONE, State:OPEN]
2019-09-11 18:33:08,534 [grpc-default-executor-0] INFO  impl.RaftServerProxy (RaftServerProxy.java:addNew(89)) - a252aeae-ea32-484f-a17a-a311016863b7: addNew group-60DF0F2AF37E:[a252aeae-ea32-484f-a17a-a311016863b7:192.168.34.14:42749] returns group-60DF0F2AF37E:java.util.concurrent.CompletableFuture@31c3a3f9[Not completed]
2019-09-11 18:33:08,552 [pool-37-thread-1] INFO  impl.RaftServerImpl (RaftServerImpl.java:<init>(93)) - a252aeae-ea32-484f-a17a-a311016863b7: new RaftServerImpl for group-60DF0F2AF37E:[a252aeae-ea32-484f-a17a-a311016863b7:192.168.34.14:42749] with ContainerStateMachine:uninitialized
2019-09-11 18:33:08,554 [pool-37-thread-1] INFO  server.RaftServerConfigKeys (ConfUtils.java:logGet(43)) - raft.server.rpc.timeout.min = 5s (custom)
2019-09-11 18:33:08,555 [pool-37-thread-1] INFO  server.RaftServerConfigKeys (ConfUtils.java:logGet(43)) - raft.server.rpc.timeout.max = 5200ms (custom)
2019-09-11 18:33:08,555 [pool-37-thread-1] INFO  server.RaftServerConfigKeys (ConfUtils.java:logGet(43)) - raft.server.rpcslowness.timeout = 1000s (custom)
2019-09-11 18:33:08,555 [pool-37-thread-1] INFO  server.RaftServerConfigKeys (ConfUtils.java:logGet(43)) - raft.server.sleep.deviation.threshold = 300 (default)
2019-09-11 18:33:08,555 [pool-37-thread-1] INFO  server.RaftServerConfigKeys (ConfUtils.java:logGet(43)) - raft.server.log.appender.install.snapshot.enabled = false (custom)
2019-09-11 18:33:08,555 [pool-37-thread-1] INFO  impl.RaftServerImpl (ServerState.java:<init>(105)) - a252aeae-ea32-484f-a17a-a311016863b7:group-60DF0F2AF37E ConfigurationManager, init=-1: [a252aeae-ea32-484f-a17a-a311016863b7:192.168.34.14:42749], old=null, confs=<EMPTY_MAP>
2019-09-11 18:33:08,556 [pool-37-thread-1] INFO  server.RaftServerConfigKeys (ConfUtils.java:logGet(43)) - raft.server.storage.dir = [/workdir/hadoop-ozone/integration-test/target/test-dir/MiniOzoneClusterImpl-fe7db7e8-fd61-4d9c-99cb-81ca0fbccd3e/datanode-1/data/ratis] (custom)
2019-09-11 18:33:08,556 [pool-37-thread-1] INFO  storage.RaftStorageDirectory (RaftStorageDirectory.java:analyzeStorage(246)) - The storage directory /workdir/hadoop-ozone/integration-test/target/test-dir/MiniOzoneClusterImpl-fe7db7e8-fd61-4d9c-99cb-81ca0fbccd3e/datanode-1/data/ratis/5c0058c8-bbf3-45d6-89cc-60df0f2af37e does not exist. Creating ...
2019-09-11 18:33:08,569 [pool-37-thread-1] INFO  storage.RaftStorageDirectory (RaftStorageDirectory.java:tryLock(328)) - Lock on /workdir/hadoop-ozone/integration-test/target/test-dir/MiniOzoneClusterImpl-fe7db7e8-fd61-4d9c-99cb-81ca0fbccd3e/datanode-1/data/ratis/5c0058c8-bbf3-45d6-89cc-60df0f2af37e/in_use.lock acquired by nodename 26231@pr-hdds-2076-h65fj-2956048825
2019-09-11 18:33:08,584 [pool-37-thread-1] INFO  storage.RaftStorage (RaftStorage.java:format(72)) - Storage directory /workdir/hadoop-ozone/integration-test/target/test-dir/MiniOzoneClusterImpl-fe7db7e8-fd61-4d9c-99cb-81ca0fbccd3e/datanode-1/data/ratis/5c0058c8-bbf3-45d6-89cc-60df0f2af37e has been successfully formatted.
2019-09-11 18:33:08,585 [pool-37-thread-1] INFO  ratis.ContainerStateMachine (ContainerStateMachine.java:loadSnapshot(227)) - group-60DF0F2AF37E: The snapshot info is null. Setting the last applied indexto:(t:0, i:~)
2019-09-11 18:33:08,585 [pool-37-thread-1] INFO  server.RaftServerConfigKeys (ConfUtils.java:logGet(43)) - raft.server.leader.election.timeout = 1000s (custom)
2019-09-11 18:33:08,585 [pool-37-thread-1] INFO  server.RaftServerConfigKeys (ConfUtils.java:logGet(43)) - raft.server.log.use.memory = false (default)
2019-09-11 18:33:08,585 [pool-37-thread-1] INFO  server.RaftServerConfigKeys (ConfUtils.java:logGet(43)) - raft.server.log.purge.gap = 1000000 (custom)
2019-09-11 18:33:08,585 [pool-37-thread-1] INFO  server.RaftServerConfigKeys (ConfUtils.java:logGet(43)) - raft.server.log.appender.buffer.byte-limit = 33554432 (custom)
2019-09-11 18:33:08,586 [pool-37-thread-1] INFO  server.RaftServerConfigKeys (ConfUtils.java:logGet(43)) - raft.server.log.segment.size.max = 1048576 (custom)
2019-09-11 18:33:08,586 [pool-37-thread-1] INFO  server.RaftServerConfigKeys (ConfUtils.java:logGet(43)) - raft.server.log.segment.cache.num.max = 2 (custom)
2019-09-11 18:33:08,586 [pool-37-thread-1] INFO  segmented.SegmentedRaftLogWorker (SegmentedRaftLogWorker.java:<init>(172)) - new a252aeae-ea32-484f-a17a-a311016863b7-SegmentedRaftLogWorker:Storage Directory /workdir/hadoop-ozone/integration-test/target/test-dir/MiniOzoneClusterImpl-fe7db7e8-fd61-4d9c-99cb-81ca0fbccd3e/datanode-1/data/ratis/5c0058c8-bbf3-45d6-89cc-60df0f2af37e for RaftStorage:Storage Directory /workdir/hadoop-ozone/integration-test/target/test-dir/MiniOzoneClusterImpl-fe7db7e8-fd61-4d9c-99cb-81ca0fbccd3e/datanode-1/data/ratis/5c0058c8-bbf3-45d6-89cc-60df0f2af37e
2019-09-11 18:33:08,586 [pool-37-thread-1] INFO  server.RaftServerConfigKeys (ConfUtils.java:logGet(43)) - raft.server.log.queue.byte-limit = 2147483647 (custom)
2019-09-11 18:33:08,586 [pool-37-thread-1] INFO  server.RaftServerConfigKeys (ConfUtils.java:logGet(43)) - raft.server.log.queue.element-limit = 1024 (custom)
2019-09-11 18:33:08,587 [pool-37-thread-1] INFO  server.RaftServerConfigKeys (ConfUtils.java:logGet(43)) - raft.server.log.segment.size.max = 1048576 (custom)
2019-09-11 18:33:08,587 [pool-37-thread-1] INFO  server.RaftServerConfigKeys (ConfUtils.java:logGet(43)) - raft.server.log.preallocated.size = 16384 (custom)
2019-09-11 18:33:08,587 [pool-37-thread-1] INFO  server.RaftServerConfigKeys (ConfUtils.java:logGet(43)) - raft.server.log.write.buffer.size = 33554432 (custom)
2019-09-11 18:33:08,587 [pool-37-thread-1] INFO  server.RaftServerConfigKeys (ConfUtils.java:logGet(43)) - raft.server.log.force.sync.num = 128 (default)
2019-09-11 18:33:08,587 [pool-37-thread-1] INFO  server.RaftServerConfigKeys (ConfUtils.java:logGet(43)) - raft.server.log.statemachine.data.sync = true (default)
2019-09-11 18:33:08,588 [pool-37-thread-1] INFO  server.RaftServerConfigKeys (ConfUtils.java:logGet(43)) - raft.server.log.statemachine.data.sync.timeout = 10s (default)
2019-09-11 18:33:08,588 [pool-37-thread-1] INFO  server.RaftServerConfigKeys (ConfUtils.java:logGet(43)) - raft.server.log.statemachine.data.sync.timeout.retry = -1 (default)
2019-09-11 18:33:08,588 [pool-37-thread-1] INFO  server.RaftServerConfigKeys (ConfUtils.java:logGet(43)) - raft.server.log.statemachine.data.caching.enabled = true (custom)
2019-09-11 18:33:08,588 [pool-37-thread-1] INFO  segmented.SegmentedRaftLogWorker (SegmentedRaftLogWorker.java:lambda$new$0(132)) - a252aeae-ea32-484f-a17a-a311016863b7-SegmentedRaftLogWorker:Storage Directory /workdir/hadoop-ozone/integration-test/target/test-dir/MiniOzoneClusterImpl-fe7db7e8-fd61-4d9c-99cb-81ca0fbccd3e/datanode-1/data/ratis/5c0058c8-bbf3-45d6-89cc-60df0f2af37e: flushIndex: setUnconditionally 0 -> -1
2019-09-11 18:33:08,589 [pool-37-thread-1] INFO  server.RaftServerConfigKeys (ConfUtils.java:logGet(43)) - raft.server.snapshot.auto.trigger.enabled = true (custom)
2019-09-11 18:33:08,589 [pool-37-thread-1] INFO  server.RaftServerConfigKeys (ConfUtils.java:logGet(43)) - raft.server.snapshot.auto.trigger.threshold = 10000 (custom)
2019-09-11 18:33:08,589 [pool-37-thread-1] INFO  server.RaftServerConfigKeys (ConfUtils.java:logGet(43)) - raft.server.retrycache.expirytime = 600000ms (custom)
2019-09-11 18:33:08,589 [pool-37-thread-1] INFO  impl.RaftServerImpl (RaftServerImpl.java:start(180)) - a252aeae-ea32-484f-a17a-a311016863b7: start group-60DF0F2AF37E
2019-09-11 18:33:08,590 [pool-37-thread-1] INFO  impl.RaftServerImpl (RaftServerImpl.java:setRole(171)) - a252aeae-ea32-484f-a17a-a311016863b7:group-60DF0F2AF37E changes role from null to FOLLOWER at term 0 for startAsFollower
2019-09-11 18:33:08,590 [pool-37-thread-1] INFO  impl.RoleInfo (RoleInfo.java:updateAndGet(143)) - a252aeae-ea32-484f-a17a-a311016863b7: start FollowerState
2019-09-11 18:33:08,590 [pool-37-thread-1] INFO  util.JmxRegister (JmxRegister.java:tryRegister(44)) - Successfully registered JMX Bean with object name Ratis:service=RaftServer,group=group-60DF0F2AF37E,id=a252aeae-ea32-484f-a17a-a311016863b7
2019-09-11 18:33:08,601 [RatisPipelineUtilsThread] INFO  pipeline.PipelineStateManager (PipelineStateManager.java:addPipeline(56)) - Created pipeline Pipeline[ Id: 5c0058c8-bbf3-45d6-89cc-60df0f2af37e, Nodes: a252aeae-ea32-484f-a17a-a311016863b7{ip: 192.168.34.14, host: pr-hdds-2076-h65fj-2956048825, networkLocation: /default-rack, certSerialId: null}, Type:RATIS, Factor:ONE, State:OPEN]
2019-09-11 18:33:08,620 [grpc-default-executor-0] INFO  impl.RaftServerProxy (RaftServerProxy.java:addNew(89)) - 7a57f1e7-20c8-4d4a-aac3-6c686880e77e: addNew group-1E80029F1DBB:[7a57f1e7-20c8-4d4a-aac3-6c686880e77e:192.168.34.14:45603] returns group-1E80029F1DBB:java.util.concurrent.CompletableFuture@2b47ad0[Not completed]
2019-09-11 18:33:08,621 [pool-57-thread-1] INFO  impl.RaftServerImpl (RaftServerImpl.java:<init>(93)) - 7a57f1e7-20c8-4d4a-aac3-6c686880e77e: new RaftServerImpl for group-1E80029F1DBB:[7a57f1e7-20c8-4d4a-aac3-6c686880e77e:192.168.34.14:45603] with ContainerStateMachine:uninitialized
2019-09-11 18:33:08,622 [pool-57-thread-1] INFO  server.RaftServerConfigKeys (ConfUtils.java:logGet(43)) - raft.server.rpc.timeout.min = 5s (custom)
2019-09-11 18:33:08,622 [pool-57-thread-1] INFO  server.RaftServerConfigKeys (ConfUtils.java:logGet(43)) - raft.server.rpc.timeout.max = 5200ms (custom)
2019-09-11 18:33:08,622 [pool-57-thread-1] INFO  server.RaftServerConfigKeys (ConfUtils.java:logGet(43)) - raft.server.rpcslowness.timeout = 1000s (custom)
2019-09-11 18:33:08,622 [pool-57-thread-1] INFO  server.RaftServerConfigKeys (ConfUtils.java:logGet(43)) - raft.server.sleep.deviation.threshold = 300 (default)
2019-09-11 18:33:08,622 [pool-57-thread-1] INFO  server.RaftServerConfigKeys (ConfUtils.java:logGet(43)) - raft.server.log.appender.install.snapshot.enabled = false (custom)
2019-09-11 18:33:08,623 [pool-57-thread-1] INFO  impl.RaftServerImpl (ServerState.java:<init>(105)) - 7a57f1e7-20c8-4d4a-aac3-6c686880e77e:group-1E80029F1DBB ConfigurationManager, init=-1: [7a57f1e7-20c8-4d4a-aac3-6c686880e77e:192.168.34.14:45603], old=null, confs=<EMPTY_MAP>
2019-09-11 18:33:08,623 [pool-57-thread-1] INFO  server.RaftServerConfigKeys (ConfUtils.java:logGet(43)) - raft.server.storage.dir = [/workdir/hadoop-ozone/integration-test/target/test-dir/MiniOzoneClusterImpl-fe7db7e8-fd61-4d9c-99cb-81ca0fbccd3e/datanode-3/data/ratis] (custom)
2019-09-11 18:33:08,623 [pool-57-thread-1] INFO  storage.RaftStorageDirectory (RaftStorageDirectory.java:analyzeStorage(246)) - The storage directory /workdir/hadoop-ozone/integration-test/target/test-dir/MiniOzoneClusterImpl-fe7db7e8-fd61-4d9c-99cb-81ca0fbccd3e/datanode-3/data/ratis/14e93318-22ca-4fa9-9edc-1e80029f1dbb does not exist. Creating ...
2019-09-11 18:33:08,638 [pool-57-thread-1] INFO  storage.RaftStorageDirectory (RaftStorageDirectory.java:tryLock(328)) - Lock on /workdir/hadoop-ozone/integration-test/target/test-dir/MiniOzoneClusterImpl-fe7db7e8-fd61-4d9c-99cb-81ca0fbccd3e/datanode-3/data/ratis/14e93318-22ca-4fa9-9edc-1e80029f1dbb/in_use.lock acquired by nodename 26231@pr-hdds-2076-h65fj-2956048825
2019-09-11 18:33:08,651 [pool-57-thread-1] INFO  storage.RaftStorage (RaftStorage.java:format(72)) - Storage directory /workdir/hadoop-ozone/integration-test/target/test-dir/MiniOzoneClusterImpl-fe7db7e8-fd61-4d9c-99cb-81ca0fbccd3e/datanode-3/data/ratis/14e93318-22ca-4fa9-9edc-1e80029f1dbb has been successfully formatted.
2019-09-11 18:33:08,651 [pool-57-thread-1] INFO  ratis.ContainerStateMachine (ContainerStateMachine.java:loadSnapshot(227)) - group-1E80029F1DBB: The snapshot info is null. Setting the last applied indexto:(t:0, i:~)
2019-09-11 18:33:08,651 [pool-57-thread-1] INFO  server.RaftServerConfigKeys (ConfUtils.java:logGet(43)) - raft.server.leader.election.timeout = 1000s (custom)
2019-09-11 18:33:08,652 [pool-57-thread-1] INFO  server.RaftServerConfigKeys (ConfUtils.java:logGet(43)) - raft.server.log.use.memory = false (default)
2019-09-11 18:33:08,652 [pool-57-thread-1] INFO  server.RaftServerConfigKeys (ConfUtils.java:logGet(43)) - raft.server.log.purge.gap = 1000000 (custom)
2019-09-11 18:33:08,652 [pool-57-thread-1] INFO  server.RaftServerConfigKeys (ConfUtils.java:logGet(43)) - raft.server.log.appender.buffer.byte-limit = 33554432 (custom)
2019-09-11 18:33:08,652 [pool-57-thread-1] INFO  server.RaftServerConfigKeys (ConfUtils.java:logGet(43)) - raft.server.log.segment.size.max = 1048576 (custom)
2019-09-11 18:33:08,653 [pool-57-thread-1] INFO  server.RaftServerConfigKeys (ConfUtils.java:logGet(43)) - raft.server.log.segment.cache.num.max = 2 (custom)
2019-09-11 18:33:08,653 [pool-57-thread-1] INFO  segmented.SegmentedRaftLogWorker (SegmentedRaftLogWorker.java:<init>(172)) - new 7a57f1e7-20c8-4d4a-aac3-6c686880e77e-SegmentedRaftLogWorker:Storage Directory /workdir/hadoop-ozone/integration-test/target/test-dir/MiniOzoneClusterImpl-fe7db7e8-fd61-4d9c-99cb-81ca0fbccd3e/datanode-3/data/ratis/14e93318-22ca-4fa9-9edc-1e80029f1dbb for RaftStorage:Storage Directory /workdir/hadoop-ozone/integration-test/target/test-dir/MiniOzoneClusterImpl-fe7db7e8-fd61-4d9c-99cb-81ca0fbccd3e/datanode-3/data/ratis/14e93318-22ca-4fa9-9edc-1e80029f1dbb
2019-09-11 18:33:08,653 [pool-57-thread-1] INFO  server.RaftServerConfigKeys (ConfUtils.java:logGet(43)) - raft.server.log.queue.byte-limit = 2147483647 (custom)
2019-09-11 18:33:08,653 [pool-57-thread-1] INFO  server.RaftServerConfigKeys (ConfUtils.java:logGet(43)) - raft.server.log.queue.element-limit = 1024 (custom)
2019-09-11 18:33:08,654 [pool-57-thread-1] INFO  server.RaftServerConfigKeys (ConfUtils.java:logGet(43)) - raft.server.log.segment.size.max = 1048576 (custom)
2019-09-11 18:33:08,654 [pool-57-thread-1] INFO  server.RaftServerConfigKeys (ConfUtils.java:logGet(43)) - raft.server.log.preallocated.size = 16384 (custom)
2019-09-11 18:33:08,654 [pool-57-thread-1] INFO  server.RaftServerConfigKeys (ConfUtils.java:logGet(43)) - raft.server.log.write.buffer.size = 33554432 (custom)
2019-09-11 18:33:08,654 [pool-57-thread-1] INFO  server.RaftServerConfigKeys (ConfUtils.java:logGet(43)) - raft.server.log.force.sync.num = 128 (default)
2019-09-11 18:33:08,654 [pool-57-thread-1] INFO  server.RaftServerConfigKeys (ConfUtils.java:logGet(43)) - raft.server.log.statemachine.data.sync = true (default)
2019-09-11 18:33:08,655 [pool-57-thread-1] INFO  server.RaftServerConfigKeys (ConfUtils.java:logGet(43)) - raft.server.log.statemachine.data.sync.timeout = 10s (default)
2019-09-11 18:33:08,655 [pool-57-thread-1] INFO  server.RaftServerConfigKeys (ConfUtils.java:logGet(43)) - raft.server.log.statemachine.data.sync.timeout.retry = -1 (default)
2019-09-11 18:33:08,655 [pool-57-thread-1] INFO  server.RaftServerConfigKeys (ConfUtils.java:logGet(43)) - raft.server.log.statemachine.data.caching.enabled = true (custom)
2019-09-11 18:33:08,656 [pool-57-thread-1] INFO  segmented.SegmentedRaftLogWorker (SegmentedRaftLogWorker.java:lambda$new$0(132)) - 7a57f1e7-20c8-4d4a-aac3-6c686880e77e-SegmentedRaftLogWorker:Storage Directory /workdir/hadoop-ozone/integration-test/target/test-dir/MiniOzoneClusterImpl-fe7db7e8-fd61-4d9c-99cb-81ca0fbccd3e/datanode-3/data/ratis/14e93318-22ca-4fa9-9edc-1e80029f1dbb: flushIndex: setUnconditionally 0 -> -1
2019-09-11 18:33:08,656 [pool-57-thread-1] INFO  server.RaftServerConfigKeys (ConfUtils.java:logGet(43)) - raft.server.snapshot.auto.trigger.enabled = true (custom)
2019-09-11 18:33:08,656 [pool-57-thread-1] INFO  server.RaftServerConfigKeys (ConfUtils.java:logGet(43)) - raft.server.snapshot.auto.trigger.threshold = 10000 (custom)
2019-09-11 18:33:08,657 [pool-57-thread-1] INFO  server.RaftServerConfigKeys (ConfUtils.java:logGet(43)) - raft.server.retrycache.expirytime = 600000ms (custom)
2019-09-11 18:33:08,657 [pool-57-thread-1] INFO  impl.RaftServerImpl (RaftServerImpl.java:start(180)) - 7a57f1e7-20c8-4d4a-aac3-6c686880e77e: start group-1E80029F1DBB
2019-09-11 18:33:08,657 [pool-57-thread-1] INFO  impl.RaftServerImpl (RaftServerImpl.java:setRole(171)) - 7a57f1e7-20c8-4d4a-aac3-6c686880e77e:group-1E80029F1DBB changes role from null to FOLLOWER at term 0 for startAsFollower
2019-09-11 18:33:08,657 [pool-57-thread-1] INFO  impl.RoleInfo (RoleInfo.java:updateAndGet(143)) - 7a57f1e7-20c8-4d4a-aac3-6c686880e77e: start FollowerState
2019-09-11 18:33:08,658 [pool-57-thread-1] INFO  util.JmxRegister (JmxRegister.java:tryRegister(44)) - Successfully registered JMX Bean with object name Ratis:service=RaftServer,group=group-1E80029F1DBB,id=7a57f1e7-20c8-4d4a-aac3-6c686880e77e
2019-09-11 18:33:08,669 [RatisPipelineUtilsThread] INFO  pipeline.PipelineStateManager (PipelineStateManager.java:addPipeline(56)) - Created pipeline Pipeline[ Id: 14e93318-22ca-4fa9-9edc-1e80029f1dbb, Nodes: 7a57f1e7-20c8-4d4a-aac3-6c686880e77e{ip: 192.168.34.14, host: pr-hdds-2076-h65fj-2956048825, networkLocation: /default-rack, certSerialId: null}, Type:RATIS, Factor:ONE, State:OPEN]
2019-09-11 18:33:08,715 [grpc-default-executor-1] INFO  impl.RaftServerProxy (RaftServerProxy.java:addNew(89)) - a252aeae-ea32-484f-a17a-a311016863b7: addNew group-C4E8AEF099C5:[ecc5ee86-76f5-4926-81e0-62b54abd444b:192.168.34.14:45860, 7a57f1e7-20c8-4d4a-aac3-6c686880e77e:192.168.34.14:45603, a252aeae-ea32-484f-a17a-a311016863b7:192.168.34.14:42749] returns group-C4E8AEF099C5:java.util.concurrent.CompletableFuture@67ac4ec3[Not completed]
2019-09-11 18:33:08,721 [grpc-default-executor-2] INFO  impl.RaftServerProxy (RaftServerProxy.java:addNew(89)) - ecc5ee86-76f5-4926-81e0-62b54abd444b: addNew group-C4E8AEF099C5:[ecc5ee86-76f5-4926-81e0-62b54abd444b:192.168.34.14:45860, 7a57f1e7-20c8-4d4a-aac3-6c686880e77e:192.168.34.14:45603, a252aeae-ea32-484f-a17a-a311016863b7:192.168.34.14:42749] returns group-C4E8AEF099C5:java.util.concurrent.CompletableFuture@ee2c5c[Not completed]
2019-09-11 18:33:08,723 [pool-37-thread-1] INFO  impl.RaftServerImpl (RaftServerImpl.java:<init>(93)) - a252aeae-ea32-484f-a17a-a311016863b7: new RaftServerImpl for group-C4E8AEF099C5:[ecc5ee86-76f5-4926-81e0-62b54abd444b:192.168.34.14:45860, 7a57f1e7-20c8-4d4a-aac3-6c686880e77e:192.168.34.14:45603, a252aeae-ea32-484f-a17a-a311016863b7:192.168.34.14:42749] with ContainerStateMachine:uninitialized
2019-09-11 18:33:08,723 [pool-37-thread-1] INFO  server.RaftServerConfigKeys (ConfUtils.java:logGet(43)) - raft.server.rpc.timeout.min = 5s (custom)
2019-09-11 18:33:08,723 [pool-37-thread-1] INFO  server.RaftServerConfigKeys (ConfUtils.java:logGet(43)) - raft.server.rpc.timeout.max = 5200ms (custom)
2019-09-11 18:33:08,723 [pool-37-thread-1] INFO  server.RaftServerConfigKeys (ConfUtils.java:logGet(43)) - raft.server.rpcslowness.timeout = 1000s (custom)
2019-09-11 18:33:08,723 [pool-37-thread-1] INFO  server.RaftServerConfigKeys (ConfUtils.java:logGet(43)) - raft.server.sleep.deviation.threshold = 300 (default)
2019-09-11 18:33:08,723 [pool-37-thread-1] INFO  server.RaftServerConfigKeys (ConfUtils.java:logGet(43)) - raft.server.log.appender.install.snapshot.enabled = false (custom)
2019-09-11 18:33:08,723 [grpc-default-executor-2] INFO  impl.RaftServerProxy (RaftServerProxy.java:addNew(89)) - 7a57f1e7-20c8-4d4a-aac3-6c686880e77e: addNew group-C4E8AEF099C5:[ecc5ee86-76f5-4926-81e0-62b54abd444b:192.168.34.14:45860, 7a57f1e7-20c8-4d4a-aac3-6c686880e77e:192.168.34.14:45603, a252aeae-ea32-484f-a17a-a311016863b7:192.168.34.14:42749] returns group-C4E8AEF099C5:java.util.concurrent.CompletableFuture@45eca225[Not completed]
2019-09-11 18:33:08,723 [pool-37-thread-1] INFO  impl.RaftServerImpl (ServerState.java:<init>(105)) - a252aeae-ea32-484f-a17a-a311016863b7:group-C4E8AEF099C5 ConfigurationManager, init=-1: [ecc5ee86-76f5-4926-81e0-62b54abd444b:192.168.34.14:45860, 7a57f1e7-20c8-4d4a-aac3-6c686880e77e:192.168.34.14:45603, a252aeae-ea32-484f-a17a-a311016863b7:192.168.34.14:42749], old=null, confs=<EMPTY_MAP>
2019-09-11 18:33:08,724 [pool-37-thread-1] INFO  server.RaftServerConfigKeys (ConfUtils.java:logGet(43)) - raft.server.storage.dir = [/workdir/hadoop-ozone/integration-test/target/test-dir/MiniOzoneClusterImpl-fe7db7e8-fd61-4d9c-99cb-81ca0fbccd3e/datanode-1/data/ratis] (custom)
2019-09-11 18:33:08,724 [pool-47-thread-1] INFO  impl.RaftServerImpl (RaftServerImpl.java:<init>(93)) - ecc5ee86-76f5-4926-81e0-62b54abd444b: new RaftServerImpl for group-C4E8AEF099C5:[ecc5ee86-76f5-4926-81e0-62b54abd444b:192.168.34.14:45860, 7a57f1e7-20c8-4d4a-aac3-6c686880e77e:192.168.34.14:45603, a252aeae-ea32-484f-a17a-a311016863b7:192.168.34.14:42749] with ContainerStateMachine:uninitialized
2019-09-11 18:33:08,724 [pool-47-thread-1] INFO  server.RaftServerConfigKeys (ConfUtils.java:logGet(43)) - raft.server.rpc.timeout.min = 5s (custom)
2019-09-11 18:33:08,724 [pool-37-thread-1] INFO  storage.RaftStorageDirectory (RaftStorageDirectory.java:analyzeStorage(246)) - The storage directory /workdir/hadoop-ozone/integration-test/target/test-dir/MiniOzoneClusterImpl-fe7db7e8-fd61-4d9c-99cb-81ca0fbccd3e/datanode-1/data/ratis/3be9483f-dbab-44ac-a101-c4e8aef099c5 does not exist. Creating ...
2019-09-11 18:33:08,724 [pool-47-thread-1] INFO  server.RaftServerConfigKeys (ConfUtils.java:logGet(43)) - raft.server.rpc.timeout.max = 5200ms (custom)
2019-09-11 18:33:08,725 [pool-47-thread-1] INFO  server.RaftServerConfigKeys (ConfUtils.java:logGet(43)) - raft.server.rpcslowness.timeout = 1000s (custom)
2019-09-11 18:33:08,725 [pool-47-thread-1] INFO  server.RaftServerConfigKeys (ConfUtils.java:logGet(43)) - raft.server.sleep.deviation.threshold = 300 (default)
2019-09-11 18:33:08,725 [pool-47-thread-1] INFO  server.RaftServerConfigKeys (ConfUtils.java:logGet(43)) - raft.server.log.appender.install.snapshot.enabled = false (custom)
2019-09-11 18:33:08,725 [pool-47-thread-1] INFO  impl.RaftServerImpl (ServerState.java:<init>(105)) - ecc5ee86-76f5-4926-81e0-62b54abd444b:group-C4E8AEF099C5 ConfigurationManager, init=-1: [ecc5ee86-76f5-4926-81e0-62b54abd444b:192.168.34.14:45860, 7a57f1e7-20c8-4d4a-aac3-6c686880e77e:192.168.34.14:45603, a252aeae-ea32-484f-a17a-a311016863b7:192.168.34.14:42749], old=null, confs=<EMPTY_MAP>
2019-09-11 18:33:08,725 [pool-57-thread-1] INFO  impl.RaftServerImpl (RaftServerImpl.java:<init>(93)) - 7a57f1e7-20c8-4d4a-aac3-6c686880e77e: new RaftServerImpl for group-C4E8AEF099C5:[ecc5ee86-76f5-4926-81e0-62b54abd444b:192.168.34.14:45860, 7a57f1e7-20c8-4d4a-aac3-6c686880e77e:192.168.34.14:45603, a252aeae-ea32-484f-a17a-a311016863b7:192.168.34.14:42749] with ContainerStateMachine:uninitialized
2019-09-11 18:33:08,725 [pool-47-thread-1] INFO  server.RaftServerConfigKeys (ConfUtils.java:logGet(43)) - raft.server.storage.dir = [/workdir/hadoop-ozone/integration-test/target/test-dir/MiniOzoneClusterImpl-fe7db7e8-fd61-4d9c-99cb-81ca0fbccd3e/datanode-2/data/ratis] (custom)
2019-09-11 18:33:08,725 [pool-57-thread-1] INFO  server.RaftServerConfigKeys (ConfUtils.java:logGet(43)) - raft.server.rpc.timeout.min = 5s (custom)
2019-09-11 18:33:08,726 [pool-57-thread-1] INFO  server.RaftServerConfigKeys (ConfUtils.java:logGet(43)) - raft.server.rpc.timeout.max = 5200ms (custom)
2019-09-11 18:33:08,726 [pool-47-thread-1] INFO  storage.RaftStorageDirectory (RaftStorageDirectory.java:analyzeStorage(246)) - The storage directory /workdir/hadoop-ozone/integration-test/target/test-dir/MiniOzoneClusterImpl-fe7db7e8-fd61-4d9c-99cb-81ca0fbccd3e/datanode-2/data/ratis/3be9483f-dbab-44ac-a101-c4e8aef099c5 does not exist. Creating ...
2019-09-11 18:33:08,726 [pool-57-thread-1] INFO  server.RaftServerConfigKeys (ConfUtils.java:logGet(43)) - raft.server.rpcslowness.timeout = 1000s (custom)
2019-09-11 18:33:08,726 [pool-57-thread-1] INFO  server.RaftServerConfigKeys (ConfUtils.java:logGet(43)) - raft.server.sleep.deviation.threshold = 300 (default)
2019-09-11 18:33:08,726 [pool-57-thread-1] INFO  server.RaftServerConfigKeys (ConfUtils.java:logGet(43)) - raft.server.log.appender.install.snapshot.enabled = false (custom)
2019-09-11 18:33:08,727 [pool-57-thread-1] INFO  impl.RaftServerImpl (ServerState.java:<init>(105)) - 7a57f1e7-20c8-4d4a-aac3-6c686880e77e:group-C4E8AEF099C5 ConfigurationManager, init=-1: [ecc5ee86-76f5-4926-81e0-62b54abd444b:192.168.34.14:45860, 7a57f1e7-20c8-4d4a-aac3-6c686880e77e:192.168.34.14:45603, a252aeae-ea32-484f-a17a-a311016863b7:192.168.34.14:42749], old=null, confs=<EMPTY_MAP>
2019-09-11 18:33:08,727 [pool-57-thread-1] INFO  server.RaftServerConfigKeys (ConfUtils.java:logGet(43)) - raft.server.storage.dir = [/workdir/hadoop-ozone/integration-test/target/test-dir/MiniOzoneClusterImpl-fe7db7e8-fd61-4d9c-99cb-81ca0fbccd3e/datanode-3/data/ratis] (custom)
2019-09-11 18:33:08,727 [pool-57-thread-1] INFO  storage.RaftStorageDirectory (RaftStorageDirectory.java:analyzeStorage(246)) - The storage directory /workdir/hadoop-ozone/integration-test/target/test-dir/MiniOzoneClusterImpl-fe7db7e8-fd61-4d9c-99cb-81ca0fbccd3e/datanode-3/data/ratis/3be9483f-dbab-44ac-a101-c4e8aef099c5 does not exist. Creating ...
2019-09-11 18:33:08,749 [pool-37-thread-1] INFO  storage.RaftStorageDirectory (RaftStorageDirectory.java:tryLock(328)) - Lock on /workdir/hadoop-ozone/integration-test/target/test-dir/MiniOzoneClusterImpl-fe7db7e8-fd61-4d9c-99cb-81ca0fbccd3e/datanode-1/data/ratis/3be9483f-dbab-44ac-a101-c4e8aef099c5/in_use.lock acquired by nodename 26231@pr-hdds-2076-h65fj-2956048825
2019-09-11 18:33:08,749 [pool-57-thread-1] INFO  storage.RaftStorageDirectory (RaftStorageDirectory.java:tryLock(328)) - Lock on /workdir/hadoop-ozone/integration-test/target/test-dir/MiniOzoneClusterImpl-fe7db7e8-fd61-4d9c-99cb-81ca0fbccd3e/datanode-3/data/ratis/3be9483f-dbab-44ac-a101-c4e8aef099c5/in_use.lock acquired by nodename 26231@pr-hdds-2076-h65fj-2956048825
2019-09-11 18:33:08,749 [pool-47-thread-1] INFO  storage.RaftStorageDirectory (RaftStorageDirectory.java:tryLock(328)) - Lock on /workdir/hadoop-ozone/integration-test/target/test-dir/MiniOzoneClusterImpl-fe7db7e8-fd61-4d9c-99cb-81ca0fbccd3e/datanode-2/data/ratis/3be9483f-dbab-44ac-a101-c4e8aef099c5/in_use.lock acquired by nodename 26231@pr-hdds-2076-h65fj-2956048825
2019-09-11 18:33:08,774 [pool-37-thread-1] INFO  storage.RaftStorage (RaftStorage.java:format(72)) - Storage directory /workdir/hadoop-ozone/integration-test/target/test-dir/MiniOzoneClusterImpl-fe7db7e8-fd61-4d9c-99cb-81ca0fbccd3e/datanode-1/data/ratis/3be9483f-dbab-44ac-a101-c4e8aef099c5 has been successfully formatted.
2019-09-11 18:33:08,774 [pool-47-thread-1] INFO  storage.RaftStorage (RaftStorage.java:format(72)) - Storage directory /workdir/hadoop-ozone/integration-test/target/test-dir/MiniOzoneClusterImpl-fe7db7e8-fd61-4d9c-99cb-81ca0fbccd3e/datanode-2/data/ratis/3be9483f-dbab-44ac-a101-c4e8aef099c5 has been successfully formatted.
2019-09-11 18:33:08,775 [pool-37-thread-1] INFO  ratis.ContainerStateMachine (ContainerStateMachine.java:loadSnapshot(227)) - group-C4E8AEF099C5: The snapshot info is null. Setting the last applied indexto:(t:0, i:~)
2019-09-11 18:33:08,774 [pool-57-thread-1] INFO  storage.RaftStorage (RaftStorage.java:format(72)) - Storage directory /workdir/hadoop-ozone/integration-test/target/test-dir/MiniOzoneClusterImpl-fe7db7e8-fd61-4d9c-99cb-81ca0fbccd3e/datanode-3/data/ratis/3be9483f-dbab-44ac-a101-c4e8aef099c5 has been successfully formatted.
2019-09-11 18:33:08,775 [pool-37-thread-1] INFO  server.RaftServerConfigKeys (ConfUtils.java:logGet(43)) - raft.server.leader.election.timeout = 1000s (custom)
2019-09-11 18:33:08,775 [pool-47-thread-1] INFO  ratis.ContainerStateMachine (ContainerStateMachine.java:loadSnapshot(227)) - group-C4E8AEF099C5: The snapshot info is null. Setting the last applied indexto:(t:0, i:~)
2019-09-11 18:33:08,775 [pool-57-thread-1] INFO  ratis.ContainerStateMachine (ContainerStateMachine.java:loadSnapshot(227)) - group-C4E8AEF099C5: The snapshot info is null. Setting the last applied indexto:(t:0, i:~)
2019-09-11 18:33:08,775 [pool-37-thread-1] INFO  server.RaftServerConfigKeys (ConfUtils.java:logGet(43)) - raft.server.log.use.memory = false (default)
2019-09-11 18:33:08,776 [pool-57-thread-1] INFO  server.RaftServerConfigKeys (ConfUtils.java:logGet(43)) - raft.server.leader.election.timeout = 1000s (custom)
2019-09-11 18:33:08,775 [pool-47-thread-1] INFO  server.RaftServerConfigKeys (ConfUtils.java:logGet(43)) - raft.server.leader.election.timeout = 1000s (custom)
2019-09-11 18:33:08,776 [pool-57-thread-1] INFO  server.RaftServerConfigKeys (ConfUtils.java:logGet(43)) - raft.server.log.use.memory = false (default)
2019-09-11 18:33:08,776 [pool-37-thread-1] INFO  server.RaftServerConfigKeys (ConfUtils.java:logGet(43)) - raft.server.log.purge.gap = 1000000 (custom)
2019-09-11 18:33:08,776 [pool-57-thread-1] INFO  server.RaftServerConfigKeys (ConfUtils.java:logGet(43)) - raft.server.log.purge.gap = 1000000 (custom)
2019-09-11 18:33:08,776 [pool-47-thread-1] INFO  server.RaftServerConfigKeys (ConfUtils.java:logGet(43)) - raft.server.log.use.memory = false (default)
2019-09-11 18:33:08,777 [pool-57-thread-1] INFO  server.RaftServerConfigKeys (ConfUtils.java:logGet(43)) - raft.server.log.appender.buffer.byte-limit = 33554432 (custom)
2019-09-11 18:33:08,776 [pool-37-thread-1] INFO  server.RaftServerConfigKeys (ConfUtils.java:logGet(43)) - raft.server.log.appender.buffer.byte-limit = 33554432 (custom)
2019-09-11 18:33:08,777 [pool-57-thread-1] INFO  server.RaftServerConfigKeys (ConfUtils.java:logGet(43)) - raft.server.log.segment.size.max = 1048576 (custom)
2019-09-11 18:33:08,777 [pool-47-thread-1] INFO  server.RaftServerConfigKeys (ConfUtils.java:logGet(43)) - raft.server.log.purge.gap = 1000000 (custom)
2019-09-11 18:33:08,777 [pool-57-thread-1] INFO  server.RaftServerConfigKeys (ConfUtils.java:logGet(43)) - raft.server.log.segment.cache.num.max = 2 (custom)
2019-09-11 18:33:08,777 [pool-37-thread-1] INFO  server.RaftServerConfigKeys (ConfUtils.java:logGet(43)) - raft.server.log.segment.size.max = 1048576 (custom)
2019-09-11 18:33:08,778 [pool-57-thread-1] INFO  segmented.SegmentedRaftLogWorker (SegmentedRaftLogWorker.java:<init>(172)) - new 7a57f1e7-20c8-4d4a-aac3-6c686880e77e-SegmentedRaftLogWorker:Storage Directory /workdir/hadoop-ozone/integration-test/target/test-dir/MiniOzoneClusterImpl-fe7db7e8-fd61-4d9c-99cb-81ca0fbccd3e/datanode-3/data/ratis/3be9483f-dbab-44ac-a101-c4e8aef099c5 for RaftStorage:Storage Directory /workdir/hadoop-ozone/integration-test/target/test-dir/MiniOzoneClusterImpl-fe7db7e8-fd61-4d9c-99cb-81ca0fbccd3e/datanode-3/data/ratis/3be9483f-dbab-44ac-a101-c4e8aef099c5
2019-09-11 18:33:08,778 [pool-47-thread-1] INFO  server.RaftServerConfigKeys (ConfUtils.java:logGet(43)) - raft.server.log.appender.buffer.byte-limit = 33554432 (custom)
2019-09-11 18:33:08,778 [pool-57-thread-1] INFO  server.RaftServerConfigKeys (ConfUtils.java:logGet(43)) - raft.server.log.queue.byte-limit = 2147483647 (custom)
2019-09-11 18:33:08,778 [pool-37-thread-1] INFO  server.RaftServerConfigKeys (ConfUtils.java:logGet(43)) - raft.server.log.segment.cache.num.max = 2 (custom)
2019-09-11 18:33:08,780 [pool-57-thread-1] INFO  server.RaftServerConfigKeys (ConfUtils.java:logGet(43)) - raft.server.log.queue.element-limit = 1024 (custom)
2019-09-11 18:33:08,778 [pool-47-thread-1] INFO  server.RaftServerConfigKeys (ConfUtils.java:logGet(43)) - raft.server.log.segment.size.max = 1048576 (custom)
2019-09-11 18:33:08,780 [pool-57-thread-1] INFO  server.RaftServerConfigKeys (ConfUtils.java:logGet(43)) - raft.server.log.segment.size.max = 1048576 (custom)
2019-09-11 18:33:08,780 [pool-37-thread-1] INFO  segmented.SegmentedRaftLogWorker (SegmentedRaftLogWorker.java:<init>(172)) - new a252aeae-ea32-484f-a17a-a311016863b7-SegmentedRaftLogWorker:Storage Directory /workdir/hadoop-ozone/integration-test/target/test-dir/MiniOzoneClusterImpl-fe7db7e8-fd61-4d9c-99cb-81ca0fbccd3e/datanode-1/data/ratis/3be9483f-dbab-44ac-a101-c4e8aef099c5 for RaftStorage:Storage Directory /workdir/hadoop-ozone/integration-test/target/test-dir/MiniOzoneClusterImpl-fe7db7e8-fd61-4d9c-99cb-81ca0fbccd3e/datanode-1/data/ratis/3be9483f-dbab-44ac-a101-c4e8aef099c5
2019-09-11 18:33:08,781 [pool-57-thread-1] INFO  server.RaftServerConfigKeys (ConfUtils.java:logGet(43)) - raft.server.log.preallocated.size = 16384 (custom)
2019-09-11 18:33:08,781 [pool-47-thread-1] INFO  server.RaftServerConfigKeys (ConfUtils.java:logGet(43)) - raft.server.log.segment.cache.num.max = 2 (custom)
2019-09-11 18:33:08,782 [pool-57-thread-1] INFO  server.RaftServerConfigKeys (ConfUtils.java:logGet(43)) - raft.server.log.write.buffer.size = 33554432 (custom)
2019-09-11 18:33:08,781 [pool-37-thread-1] INFO  server.RaftServerConfigKeys (ConfUtils.java:logGet(43)) - raft.server.log.queue.byte-limit = 2147483647 (custom)
2019-09-11 18:33:08,783 [pool-57-thread-1] INFO  server.RaftServerConfigKeys (ConfUtils.java:logGet(43)) - raft.server.log.force.sync.num = 128 (default)
2019-09-11 18:33:08,782 [pool-47-thread-1] INFO  segmented.SegmentedRaftLogWorker (SegmentedRaftLogWorker.java:<init>(172)) - new ecc5ee86-76f5-4926-81e0-62b54abd444b-SegmentedRaftLogWorker:Storage Directory /workdir/hadoop-ozone/integration-test/target/test-dir/MiniOzoneClusterImpl-fe7db7e8-fd61-4d9c-99cb-81ca0fbccd3e/datanode-2/data/ratis/3be9483f-dbab-44ac-a101-c4e8aef099c5 for RaftStorage:Storage Directory /workdir/hadoop-ozone/integration-test/target/test-dir/MiniOzoneClusterImpl-fe7db7e8-fd61-4d9c-99cb-81ca0fbccd3e/datanode-2/data/ratis/3be9483f-dbab-44ac-a101-c4e8aef099c5
2019-09-11 18:33:08,783 [pool-57-thread-1] INFO  server.RaftServerConfigKeys (ConfUtils.java:logGet(43)) - raft.server.log.statemachine.data.sync = true (default)
2019-09-11 18:33:08,783 [pool-37-thread-1] INFO  server.RaftServerConfigKeys (ConfUtils.java:logGet(43)) - raft.server.log.queue.element-limit = 1024 (custom)
2019-09-11 18:33:08,785 [main] INFO  ozone.MiniOzoneClusterImpl (MiniOzoneClusterImpl.java:lambda$waitForClusterToBeReady$0(140)) - Cluster is ready. Got 4 of 4 DN Heartbeats.
2019-09-11 18:33:08,783 [pool-57-thread-1] INFO  server.RaftServerConfigKeys (ConfUtils.java:logGet(43)) - raft.server.log.statemachine.data.sync.timeout = 10s (default)
2019-09-11 18:33:08,783 [pool-47-thread-1] INFO  server.RaftServerConfigKeys (ConfUtils.java:logGet(43)) - raft.server.log.queue.byte-limit = 2147483647 (custom)
2019-09-11 18:33:08,786 [pool-57-thread-1] INFO  server.RaftServerConfigKeys (ConfUtils.java:logGet(43)) - raft.server.log.statemachine.data.sync.timeout.retry = -1 (default)
2019-09-11 18:33:08,785 [pool-37-thread-1] INFO  server.RaftServerConfigKeys (ConfUtils.java:logGet(43)) - raft.server.log.segment.size.max = 1048576 (custom)
2019-09-11 18:33:08,786 [pool-57-thread-1] INFO  server.RaftServerConfigKeys (ConfUtils.java:logGet(43)) - raft.server.log.statemachine.data.caching.enabled = true (custom)
2019-09-11 18:33:08,786 [pool-47-thread-1] INFO  server.RaftServerConfigKeys (ConfUtils.java:logGet(43)) - raft.server.log.queue.element-limit = 1024 (custom)
2019-09-11 18:33:08,787 [pool-57-thread-1] INFO  segmented.SegmentedRaftLogWorker (SegmentedRaftLogWorker.java:lambda$new$0(132)) - 7a57f1e7-20c8-4d4a-aac3-6c686880e77e-SegmentedRaftLogWorker:Storage Directory /workdir/hadoop-ozone/integration-test/target/test-dir/MiniOzoneClusterImpl-fe7db7e8-fd61-4d9c-99cb-81ca0fbccd3e/datanode-3/data/ratis/3be9483f-dbab-44ac-a101-c4e8aef099c5: flushIndex: setUnconditionally 0 -> -1
2019-09-11 18:33:08,786 [pool-37-thread-1] INFO  server.RaftServerConfigKeys (ConfUtils.java:logGet(43)) - raft.server.log.preallocated.size = 16384 (custom)
2019-09-11 18:33:08,787 [pool-57-thread-1] INFO  server.RaftServerConfigKeys (ConfUtils.java:logGet(43)) - raft.server.snapshot.auto.trigger.enabled = true (custom)
2019-09-11 18:33:08,787 [pool-47-thread-1] INFO  server.RaftServerConfigKeys (ConfUtils.java:logGet(43)) - raft.server.log.segment.size.max = 1048576 (custom)
2019-09-11 18:33:08,788 [pool-57-thread-1] INFO  server.RaftServerConfigKeys (ConfUtils.java:logGet(43)) - raft.server.snapshot.auto.trigger.threshold = 10000 (custom)
2019-09-11 18:33:08,787 [pool-37-thread-1] INFO  server.RaftServerConfigKeys (ConfUtils.java:logGet(43)) - raft.server.log.write.buffer.size = 33554432 (custom)
2019-09-11 18:33:08,788 [pool-57-thread-1] INFO  server.RaftServerConfigKeys (ConfUtils.java:logGet(43)) - raft.server.retrycache.expirytime = 600000ms (custom)
2019-09-11 18:33:08,788 [pool-47-thread-1] INFO  server.RaftServerConfigKeys (ConfUtils.java:logGet(43)) - raft.server.log.preallocated.size = 16384 (custom)
2019-09-11 18:33:08,788 [pool-57-thread-1] INFO  impl.RaftServerImpl (RaftServerImpl.java:start(180)) - 7a57f1e7-20c8-4d4a-aac3-6c686880e77e: start group-C4E8AEF099C5
2019-09-11 18:33:08,788 [pool-47-thread-1] INFO  server.RaftServerConfigKeys (ConfUtils.java:logGet(43)) - raft.server.log.write.buffer.size = 33554432 (custom)
2019-09-11 18:33:08,788 [pool-37-thread-1] INFO  server.RaftServerConfigKeys (ConfUtils.java:logGet(43)) - raft.server.log.force.sync.num = 128 (default)
2019-09-11 18:33:08,789 [pool-47-thread-1] INFO  server.RaftServerConfigKeys (ConfUtils.java:logGet(43)) - raft.server.log.force.sync.num = 128 (default)
2019-09-11 18:33:08,789 [pool-57-thread-1] INFO  impl.RaftServerImpl (RaftServerImpl.java:setRole(171)) - 7a57f1e7-20c8-4d4a-aac3-6c686880e77e:group-C4E8AEF099C5 changes role from null to FOLLOWER at term 0 for startAsFollower
2019-09-11 18:33:08,789 [pool-47-thread-1] INFO  server.RaftServerConfigKeys (ConfUtils.java:logGet(43)) - raft.server.log.statemachine.data.sync = true (default)
2019-09-11 18:33:08,789 [pool-37-thread-1] INFO  server.RaftServerConfigKeys (ConfUtils.java:logGet(43)) - raft.server.log.statemachine.data.sync = true (default)
2019-09-11 18:33:08,789 [pool-47-thread-1] INFO  server.RaftServerConfigKeys (ConfUtils.java:logGet(43)) - raft.server.log.statemachine.data.sync.timeout = 10s (default)
2019-09-11 18:33:08,789 [pool-57-thread-1] INFO  impl.RoleInfo (RoleInfo.java:updateAndGet(143)) - 7a57f1e7-20c8-4d4a-aac3-6c686880e77e: start FollowerState
2019-09-11 18:33:08,790 [pool-47-thread-1] INFO  server.RaftServerConfigKeys (ConfUtils.java:logGet(43)) - raft.server.log.statemachine.data.sync.timeout.retry = -1 (default)
2019-09-11 18:33:08,790 [pool-37-thread-1] INFO  server.RaftServerConfigKeys (ConfUtils.java:logGet(43)) - raft.server.log.statemachine.data.sync.timeout = 10s (default)
2019-09-11 18:33:08,790 [main] INFO  container.ReplicationManager (ReplicationManager.java:start(162)) - Starting Replication Monitor Thread.
2019-09-11 18:33:08,790 [pool-37-thread-1] INFO  server.RaftServerConfigKeys (ConfUtils.java:logGet(43)) - raft.server.log.statemachine.data.sync.timeout.retry = -1 (default)
2019-09-11 18:33:08,790 [pool-57-thread-1] INFO  util.JmxRegister (JmxRegister.java:tryRegister(44)) - Successfully registered JMX Bean with object name Ratis:service=RaftServer,group=group-C4E8AEF099C5,id=7a57f1e7-20c8-4d4a-aac3-6c686880e77e
2019-09-11 18:33:08,790 [pool-47-thread-1] INFO  server.RaftServerConfigKeys (ConfUtils.java:logGet(43)) - raft.server.log.statemachine.data.caching.enabled = true (custom)
2019-09-11 18:33:08,791 [pool-37-thread-1] INFO  server.RaftServerConfigKeys (ConfUtils.java:logGet(43)) - raft.server.log.statemachine.data.caching.enabled = true (custom)
2019-09-11 18:33:08,791 [pool-47-thread-1] INFO  segmented.SegmentedRaftLogWorker (SegmentedRaftLogWorker.java:lambda$new$0(132)) - ecc5ee86-76f5-4926-81e0-62b54abd444b-SegmentedRaftLogWorker:Storage Directory /workdir/hadoop-ozone/integration-test/target/test-dir/MiniOzoneClusterImpl-fe7db7e8-fd61-4d9c-99cb-81ca0fbccd3e/datanode-2/data/ratis/3be9483f-dbab-44ac-a101-c4e8aef099c5: flushIndex: setUnconditionally 0 -> -1
2019-09-11 18:33:08,791 [pool-37-thread-1] INFO  segmented.SegmentedRaftLogWorker (SegmentedRaftLogWorker.java:lambda$new$0(132)) - a252aeae-ea32-484f-a17a-a311016863b7-SegmentedRaftLogWorker:Storage Directory /workdir/hadoop-ozone/integration-test/target/test-dir/MiniOzoneClusterImpl-fe7db7e8-fd61-4d9c-99cb-81ca0fbccd3e/datanode-1/data/ratis/3be9483f-dbab-44ac-a101-c4e8aef099c5: flushIndex: setUnconditionally 0 -> -1
2019-09-11 18:33:08,792 [pool-47-thread-1] INFO  server.RaftServerConfigKeys (ConfUtils.java:logGet(43)) - raft.server.snapshot.auto.trigger.enabled = true (custom)
2019-09-11 18:33:08,792 [pool-37-thread-1] INFO  server.RaftServerConfigKeys (ConfUtils.java:logGet(43)) - raft.server.snapshot.auto.trigger.enabled = true (custom)
2019-09-11 18:33:08,792 [pool-47-thread-1] INFO  server.RaftServerConfigKeys (ConfUtils.java:logGet(43)) - raft.server.snapshot.auto.trigger.threshold = 10000 (custom)
2019-09-11 18:33:08,792 [pool-37-thread-1] INFO  server.RaftServerConfigKeys (ConfUtils.java:logGet(43)) - raft.server.snapshot.auto.trigger.threshold = 10000 (custom)
2019-09-11 18:33:08,793 [pool-47-thread-1] INFO  server.RaftServerConfigKeys (ConfUtils.java:logGet(43)) - raft.server.retrycache.expirytime = 600000ms (custom)
2019-09-11 18:33:08,793 [pool-37-thread-1] INFO  server.RaftServerConfigKeys (ConfUtils.java:logGet(43)) - raft.server.retrycache.expirytime = 600000ms (custom)
2019-09-11 18:33:08,794 [ReplicationMonitor] INFO  container.ReplicationManager (ReplicationManager.java:run(225)) - Replication Monitor Thread took 2 milliseconds for processing 0 containers.
2019-09-11 18:33:08,794 [pool-37-thread-1] INFO  impl.RaftServerImpl (RaftServerImpl.java:start(180)) - a252aeae-ea32-484f-a17a-a311016863b7: start group-C4E8AEF099C5
2019-09-11 18:33:08,794 [pool-47-thread-1] INFO  impl.RaftServerImpl (RaftServerImpl.java:start(180)) - ecc5ee86-76f5-4926-81e0-62b54abd444b: start group-C4E8AEF099C5
2019-09-11 18:33:08,795 [pool-37-thread-1] INFO  impl.RaftServerImpl (RaftServerImpl.java:setRole(171)) - a252aeae-ea32-484f-a17a-a311016863b7:group-C4E8AEF099C5 changes role from null to FOLLOWER at term 0 for startAsFollower
2019-09-11 18:33:08,795 [pool-47-thread-1] INFO  impl.RaftServerImpl (RaftServerImpl.java:setRole(171)) - ecc5ee86-76f5-4926-81e0-62b54abd444b:group-C4E8AEF099C5 changes role from null to FOLLOWER at term 0 for startAsFollower
2019-09-11 18:33:08,796 [pool-37-thread-1] INFO  impl.RoleInfo (RoleInfo.java:updateAndGet(143)) - a252aeae-ea32-484f-a17a-a311016863b7: start FollowerState
2019-09-11 18:33:08,796 [pool-47-thread-1] INFO  impl.RoleInfo (RoleInfo.java:updateAndGet(143)) - ecc5ee86-76f5-4926-81e0-62b54abd444b: start FollowerState
2019-09-11 18:33:08,797 [pool-37-thread-1] INFO  util.JmxRegister (JmxRegister.java:tryRegister(44)) - Successfully registered JMX Bean with object name Ratis:service=RaftServer,group=group-C4E8AEF099C5,id=a252aeae-ea32-484f-a17a-a311016863b7
2019-09-11 18:33:08,797 [pool-47-thread-1] INFO  util.JmxRegister (JmxRegister.java:tryRegister(44)) - Successfully registered JMX Bean with object name Ratis:service=RaftServer,group=group-C4E8AEF099C5,id=ecc5ee86-76f5-4926-81e0-62b54abd444b
2019-09-11 18:33:08,825 [RatisPipelineUtilsThread] INFO  pipeline.PipelineStateManager (PipelineStateManager.java:addPipeline(56)) - Created pipeline Pipeline[ Id: 3be9483f-dbab-44ac-a101-c4e8aef099c5, Nodes: ecc5ee86-76f5-4926-81e0-62b54abd444b{ip: 192.168.34.14, host: pr-hdds-2076-h65fj-2956048825, networkLocation: /default-rack, certSerialId: null}a252aeae-ea32-484f-a17a-a311016863b7{ip: 192.168.34.14, host: pr-hdds-2076-h65fj-2956048825, networkLocation: /default-rack, certSerialId: null}7a57f1e7-20c8-4d4a-aac3-6c686880e77e{ip: 192.168.34.14, host: pr-hdds-2076-h65fj-2956048825, networkLocation: /default-rack, certSerialId: null}, Type:RATIS, Factor:THREE, State:OPEN]
2019-09-11 18:33:09,284 [main] INFO  rpc.RpcClient (RpcClient.java:createVolume(293)) - Creating Volume: testcontainerstatemachinefailures, with jenkins1000 as owner.
2019-09-11 18:33:09,377 [IPC Server handler 1 on 39023] INFO  volume.OMVolumeCreateRequest (OMVolumeCreateRequest.java:validateAndUpdateCache(189)) - created volume:testcontainerstatemachinefailures for user:jenkins1000
2019-09-11 18:33:09,403 [main] INFO  rpc.RpcClient (RpcClient.java:createBucket(432)) - Creating Bucket: testcontainerstatemachinefailures/testcontainerstatemachinefailures, with Versioning false and Storage Type set to DISK and Encryption set to false 
2019-09-11 18:33:09,911 [EventQueue-StaleNodeForStaleNodeHandler] INFO  node.StaleNodeHandler (StaleNodeHandler.java:onMessage(58)) - Datanode ecc5ee86-76f5-4926-81e0-62b54abd444b{ip: 192.168.34.14, host: pr-hdds-2076-h65fj-2956048825, networkLocation: /default-rack, certSerialId: null} moved to stale state. Finalizing its pipelines [PipelineID=4177627e-d0f1-4f12-a227-194bcc8909a8, PipelineID=3be9483f-dbab-44ac-a101-c4e8aef099c5]
2019-09-11 18:33:09,913 [EventQueue-StaleNodeForStaleNodeHandler] INFO  pipeline.SCMPipelineManager (SCMPipelineManager.java:finalizeAndDestroyPipeline(311)) - destroying pipeline:Pipeline[ Id: 4177627e-d0f1-4f12-a227-194bcc8909a8, Nodes: ecc5ee86-76f5-4926-81e0-62b54abd444b{ip: 192.168.34.14, host: pr-hdds-2076-h65fj-2956048825, networkLocation: /default-rack, certSerialId: null}, Type:RATIS, Factor:ONE, State:OPEN]
2019-09-11 18:33:09,918 [EventQueue-StaleNodeForStaleNodeHandler] INFO  pipeline.PipelineStateManager (PipelineStateManager.java:finalizePipeline(123)) - Pipeline Pipeline[ Id: 4177627e-d0f1-4f12-a227-194bcc8909a8, Nodes: ecc5ee86-76f5-4926-81e0-62b54abd444b{ip: 192.168.34.14, host: pr-hdds-2076-h65fj-2956048825, networkLocation: /default-rack, certSerialId: null}, Type:RATIS, Factor:ONE, State:CLOSED] moved to CLOSED state
2019-09-11 18:33:09,920 [EventQueue-StaleNodeForStaleNodeHandler] INFO  pipeline.SCMPipelineManager (SCMPipelineManager.java:finalizeAndDestroyPipeline(311)) - destroying pipeline:Pipeline[ Id: 3be9483f-dbab-44ac-a101-c4e8aef099c5, Nodes: ecc5ee86-76f5-4926-81e0-62b54abd444b{ip: 192.168.34.14, host: pr-hdds-2076-h65fj-2956048825, networkLocation: /default-rack, certSerialId: null}a252aeae-ea32-484f-a17a-a311016863b7{ip: 192.168.34.14, host: pr-hdds-2076-h65fj-2956048825, networkLocation: /default-rack, certSerialId: null}7a57f1e7-20c8-4d4a-aac3-6c686880e77e{ip: 192.168.34.14, host: pr-hdds-2076-h65fj-2956048825, networkLocation: /default-rack, certSerialId: null}, Type:RATIS, Factor:THREE, State:OPEN]
2019-09-11 18:33:09,920 [EventQueue-StaleNodeForStaleNodeHandler] INFO  pipeline.PipelineStateManager (PipelineStateManager.java:finalizePipeline(123)) - Pipeline Pipeline[ Id: 3be9483f-dbab-44ac-a101-c4e8aef099c5, Nodes: ecc5ee86-76f5-4926-81e0-62b54abd444b{ip: 192.168.34.14, host: pr-hdds-2076-h65fj-2956048825, networkLocation: /default-rack, certSerialId: null}a252aeae-ea32-484f-a17a-a311016863b7{ip: 192.168.34.14, host: pr-hdds-2076-h65fj-2956048825, networkLocation: /default-rack, certSerialId: null}7a57f1e7-20c8-4d4a-aac3-6c686880e77e{ip: 192.168.34.14, host: pr-hdds-2076-h65fj-2956048825, networkLocation: /default-rack, certSerialId: null}, Type:RATIS, Factor:THREE, State:CLOSED] moved to CLOSED state
2019-09-11 18:33:09,921 [EventQueue-StaleNodeForStaleNodeHandler] INFO  node.StaleNodeHandler (StaleNodeHandler.java:onMessage(58)) - Datanode a252aeae-ea32-484f-a17a-a311016863b7{ip: 192.168.34.14, host: pr-hdds-2076-h65fj-2956048825, networkLocation: /default-rack, certSerialId: null} moved to stale state. Finalizing its pipelines [PipelineID=5c0058c8-bbf3-45d6-89cc-60df0f2af37e, PipelineID=3be9483f-dbab-44ac-a101-c4e8aef099c5]
2019-09-11 18:33:09,921 [EventQueue-CloseContainerForCloseContainerEventHandler] INFO  container.CloseContainerEventHandler (CloseContainerEventHandler.java:onMessage(61)) - Close container Event triggered for container : #1
2019-09-11 18:33:09,923 [EventQueue-StaleNodeForStaleNodeHandler] INFO  pipeline.SCMPipelineManager (SCMPipelineManager.java:finalizeAndDestroyPipeline(311)) - destroying pipeline:Pipeline[ Id: 5c0058c8-bbf3-45d6-89cc-60df0f2af37e, Nodes: a252aeae-ea32-484f-a17a-a311016863b7{ip: 192.168.34.14, host: pr-hdds-2076-h65fj-2956048825, networkLocation: /default-rack, certSerialId: null}, Type:RATIS, Factor:ONE, State:OPEN]
2019-09-11 18:33:09,923 [EventQueue-StaleNodeForStaleNodeHandler] INFO  pipeline.PipelineStateManager (PipelineStateManager.java:finalizePipeline(123)) - Pipeline Pipeline[ Id: 5c0058c8-bbf3-45d6-89cc-60df0f2af37e, Nodes: a252aeae-ea32-484f-a17a-a311016863b7{ip: 192.168.34.14, host: pr-hdds-2076-h65fj-2956048825, networkLocation: /default-rack, certSerialId: null}, Type:RATIS, Factor:ONE, State:CLOSED] moved to CLOSED state
2019-09-11 18:33:09,923 [EventQueue-StaleNodeForStaleNodeHandler] INFO  pipeline.SCMPipelineManager (SCMPipelineManager.java:finalizeAndDestroyPipeline(311)) - destroying pipeline:Pipeline[ Id: 3be9483f-dbab-44ac-a101-c4e8aef099c5, Nodes: ecc5ee86-76f5-4926-81e0-62b54abd444b{ip: 192.168.34.14, host: pr-hdds-2076-h65fj-2956048825, networkLocation: /default-rack, certSerialId: null}a252aeae-ea32-484f-a17a-a311016863b7{ip: 192.168.34.14, host: pr-hdds-2076-h65fj-2956048825, networkLocation: /default-rack, certSerialId: null}7a57f1e7-20c8-4d4a-aac3-6c686880e77e{ip: 192.168.34.14, host: pr-hdds-2076-h65fj-2956048825, networkLocation: /default-rack, certSerialId: null}, Type:RATIS, Factor:THREE, State:CLOSED]
2019-09-11 18:33:09,923 [EventQueue-StaleNodeForStaleNodeHandler] INFO  node.StaleNodeHandler (StaleNodeHandler.java:onMessage(58)) - Datanode 7a57f1e7-20c8-4d4a-aac3-6c686880e77e{ip: 192.168.34.14, host: pr-hdds-2076-h65fj-2956048825, networkLocation: /default-rack, certSerialId: null} moved to stale state. Finalizing its pipelines [PipelineID=14e93318-22ca-4fa9-9edc-1e80029f1dbb, PipelineID=3be9483f-dbab-44ac-a101-c4e8aef099c5]
2019-09-11 18:33:09,924 [EventQueue-StaleNodeForStaleNodeHandler] INFO  pipeline.SCMPipelineManager (SCMPipelineManager.java:finalizeAndDestroyPipeline(311)) - destroying pipeline:Pipeline[ Id: 14e93318-22ca-4fa9-9edc-1e80029f1dbb, Nodes: 7a57f1e7-20c8-4d4a-aac3-6c686880e77e{ip: 192.168.34.14, host: pr-hdds-2076-h65fj-2956048825, networkLocation: /default-rack, certSerialId: null}, Type:RATIS, Factor:ONE, State:OPEN]
2019-09-11 18:33:09,924 [EventQueue-StaleNodeForStaleNodeHandler] INFO  pipeline.PipelineStateManager (PipelineStateManager.java:finalizePipeline(123)) - Pipeline Pipeline[ Id: 14e93318-22ca-4fa9-9edc-1e80029f1dbb, Nodes: 7a57f1e7-20c8-4d4a-aac3-6c686880e77e{ip: 192.168.34.14, host: pr-hdds-2076-h65fj-2956048825, networkLocation: /default-rack, certSerialId: null}, Type:RATIS, Factor:ONE, State:CLOSED] moved to CLOSED state
2019-09-11 18:33:09,924 [EventQueue-StaleNodeForStaleNodeHandler] INFO  pipeline.SCMPipelineManager (SCMPipelineManager.java:finalizeAndDestroyPipeline(311)) - destroying pipeline:Pipeline[ Id: 3be9483f-dbab-44ac-a101-c4e8aef099c5, Nodes: ecc5ee86-76f5-4926-81e0-62b54abd444b{ip: 192.168.34.14, host: pr-hdds-2076-h65fj-2956048825, networkLocation: /default-rack, certSerialId: null}a252aeae-ea32-484f-a17a-a311016863b7{ip: 192.168.34.14, host: pr-hdds-2076-h65fj-2956048825, networkLocation: /default-rack, certSerialId: null}7a57f1e7-20c8-4d4a-aac3-6c686880e77e{ip: 192.168.34.14, host: pr-hdds-2076-h65fj-2956048825, networkLocation: /default-rack, certSerialId: null}, Type:RATIS, Factor:THREE, State:CLOSED]
2019-09-11 18:33:09,924 [EventQueue-StaleNodeForStaleNodeHandler] INFO  node.StaleNodeHandler (StaleNodeHandler.java:onMessage(58)) - Datanode fec6197a-76e7-45dd-9283-db975e2d3fe6{ip: 192.168.34.14, host: pr-hdds-2076-h65fj-2956048825, networkLocation: /default-rack, certSerialId: null} moved to stale state. Finalizing its pipelines [PipelineID=03aeceb9-bcf4-48b2-aa75-7484cdc65557]
2019-09-11 18:33:09,924 [EventQueue-StaleNodeForStaleNodeHandler] INFO  pipeline.SCMPipelineManager (SCMPipelineManager.java:finalizeAndDestroyPipeline(311)) - destroying pipeline:Pipeline[ Id: 03aeceb9-bcf4-48b2-aa75-7484cdc65557, Nodes: fec6197a-76e7-45dd-9283-db975e2d3fe6{ip: 192.168.34.14, host: pr-hdds-2076-h65fj-2956048825, networkLocation: /default-rack, certSerialId: null}, Type:RATIS, Factor:ONE, State:OPEN]
2019-09-11 18:33:09,926 [EventQueue-StaleNodeForStaleNodeHandler] INFO  pipeline.PipelineStateManager (PipelineStateManager.java:finalizePipeline(123)) - Pipeline Pipeline[ Id: 03aeceb9-bcf4-48b2-aa75-7484cdc65557, Nodes: fec6197a-76e7-45dd-9283-db975e2d3fe6{ip: 192.168.34.14, host: pr-hdds-2076-h65fj-2956048825, networkLocation: /default-rack, certSerialId: null}, Type:RATIS, Factor:ONE, State:CLOSED] moved to CLOSED state
2019-09-11 18:33:09,959 [main] INFO  impl.MetricsSystemImpl (MetricsSystemImpl.java:init(158)) - XceiverClientMetrics metrics system started (again)
2019-09-11 18:33:10,026 [grpc-default-executor-1] INFO  impl.RaftServerProxy (RaftServerProxy.java:addNew(89)) - ecc5ee86-76f5-4926-81e0-62b54abd444b: addNew group-A53BEC651ACA:[ecc5ee86-76f5-4926-81e0-62b54abd444b:192.168.34.14:45860] returns group-A53BEC651ACA:java.util.concurrent.CompletableFuture@6e1b0c09[Not completed]
2019-09-11 18:33:10,029 [pool-47-thread-1] INFO  impl.RaftServerImpl (RaftServerImpl.java:<init>(93)) - ecc5ee86-76f5-4926-81e0-62b54abd444b: new RaftServerImpl for group-A53BEC651ACA:[ecc5ee86-76f5-4926-81e0-62b54abd444b:192.168.34.14:45860] with ContainerStateMachine:uninitialized
2019-09-11 18:33:10,029 [pool-47-thread-1] INFO  server.RaftServerConfigKeys (ConfUtils.java:logGet(43)) - raft.server.rpc.timeout.min = 5s (custom)
2019-09-11 18:33:10,029 [pool-47-thread-1] INFO  server.RaftServerConfigKeys (ConfUtils.java:logGet(43)) - raft.server.rpc.timeout.max = 5200ms (custom)
2019-09-11 18:33:10,029 [pool-47-thread-1] INFO  server.RaftServerConfigKeys (ConfUtils.java:logGet(43)) - raft.server.rpcslowness.timeout = 1000s (custom)
2019-09-11 18:33:10,030 [pool-47-thread-1] INFO  server.RaftServerConfigKeys (ConfUtils.java:logGet(43)) - raft.server.sleep.deviation.threshold = 300 (default)
2019-09-11 18:33:10,030 [pool-47-thread-1] INFO  server.RaftServerConfigKeys (ConfUtils.java:logGet(43)) - raft.server.log.appender.install.snapshot.enabled = false (custom)
2019-09-11 18:33:10,030 [pool-47-thread-1] INFO  impl.RaftServerImpl (ServerState.java:<init>(105)) - ecc5ee86-76f5-4926-81e0-62b54abd444b:group-A53BEC651ACA ConfigurationManager, init=-1: [ecc5ee86-76f5-4926-81e0-62b54abd444b:192.168.34.14:45860], old=null, confs=<EMPTY_MAP>
2019-09-11 18:33:10,030 [pool-47-thread-1] INFO  server.RaftServerConfigKeys (ConfUtils.java:logGet(43)) - raft.server.storage.dir = [/workdir/hadoop-ozone/integration-test/target/test-dir/MiniOzoneClusterImpl-fe7db7e8-fd61-4d9c-99cb-81ca0fbccd3e/datanode-2/data/ratis] (custom)
2019-09-11 18:33:10,031 [pool-47-thread-1] INFO  storage.RaftStorageDirectory (RaftStorageDirectory.java:analyzeStorage(246)) - The storage directory /workdir/hadoop-ozone/integration-test/target/test-dir/MiniOzoneClusterImpl-fe7db7e8-fd61-4d9c-99cb-81ca0fbccd3e/datanode-2/data/ratis/be956ecd-a0a0-4642-a9ed-a53bec651aca does not exist. Creating ...
2019-09-11 18:33:10,057 [pool-47-thread-1] INFO  storage.RaftStorageDirectory (RaftStorageDirectory.java:tryLock(328)) - Lock on /workdir/hadoop-ozone/integration-test/target/test-dir/MiniOzoneClusterImpl-fe7db7e8-fd61-4d9c-99cb-81ca0fbccd3e/datanode-2/data/ratis/be956ecd-a0a0-4642-a9ed-a53bec651aca/in_use.lock acquired by nodename 26231@pr-hdds-2076-h65fj-2956048825
2019-09-11 18:33:10,070 [pool-47-thread-1] INFO  storage.RaftStorage (RaftStorage.java:format(72)) - Storage directory /workdir/hadoop-ozone/integration-test/target/test-dir/MiniOzoneClusterImpl-fe7db7e8-fd61-4d9c-99cb-81ca0fbccd3e/datanode-2/data/ratis/be956ecd-a0a0-4642-a9ed-a53bec651aca has been successfully formatted.
2019-09-11 18:33:10,071 [pool-47-thread-1] INFO  ratis.ContainerStateMachine (ContainerStateMachine.java:loadSnapshot(227)) - group-A53BEC651ACA: The snapshot info is null. Setting the last applied indexto:(t:0, i:~)
2019-09-11 18:33:10,071 [pool-47-thread-1] INFO  server.RaftServerConfigKeys (ConfUtils.java:logGet(43)) - raft.server.leader.election.timeout = 1000s (custom)
2019-09-11 18:33:10,071 [pool-47-thread-1] INFO  server.RaftServerConfigKeys (ConfUtils.java:logGet(43)) - raft.server.log.use.memory = false (default)
2019-09-11 18:33:10,072 [pool-47-thread-1] INFO  server.RaftServerConfigKeys (ConfUtils.java:logGet(43)) - raft.server.log.purge.gap = 1000000 (custom)
2019-09-11 18:33:10,072 [pool-47-thread-1] INFO  server.RaftServerConfigKeys (ConfUtils.java:logGet(43)) - raft.server.log.appender.buffer.byte-limit = 33554432 (custom)
2019-09-11 18:33:10,072 [pool-47-thread-1] INFO  server.RaftServerConfigKeys (ConfUtils.java:logGet(43)) - raft.server.log.segment.size.max = 1048576 (custom)
2019-09-11 18:33:10,072 [pool-47-thread-1] INFO  server.RaftServerConfigKeys (ConfUtils.java:logGet(43)) - raft.server.log.segment.cache.num.max = 2 (custom)
2019-09-11 18:33:10,073 [pool-47-thread-1] INFO  segmented.SegmentedRaftLogWorker (SegmentedRaftLogWorker.java:<init>(172)) - new ecc5ee86-76f5-4926-81e0-62b54abd444b-SegmentedRaftLogWorker:Storage Directory /workdir/hadoop-ozone/integration-test/target/test-dir/MiniOzoneClusterImpl-fe7db7e8-fd61-4d9c-99cb-81ca0fbccd3e/datanode-2/data/ratis/be956ecd-a0a0-4642-a9ed-a53bec651aca for RaftStorage:Storage Directory /workdir/hadoop-ozone/integration-test/target/test-dir/MiniOzoneClusterImpl-fe7db7e8-fd61-4d9c-99cb-81ca0fbccd3e/datanode-2/data/ratis/be956ecd-a0a0-4642-a9ed-a53bec651aca
2019-09-11 18:33:10,073 [pool-47-thread-1] INFO  server.RaftServerConfigKeys (ConfUtils.java:logGet(43)) - raft.server.log.queue.byte-limit = 2147483647 (custom)
2019-09-11 18:33:10,073 [pool-47-thread-1] INFO  server.RaftServerConfigKeys (ConfUtils.java:logGet(43)) - raft.server.log.queue.element-limit = 1024 (custom)
2019-09-11 18:33:10,073 [pool-47-thread-1] INFO  server.RaftServerConfigKeys (ConfUtils.java:logGet(43)) - raft.server.log.segment.size.max = 1048576 (custom)
2019-09-11 18:33:10,073 [pool-47-thread-1] INFO  server.RaftServerConfigKeys (ConfUtils.java:logGet(43)) - raft.server.log.preallocated.size = 16384 (custom)
2019-09-11 18:33:10,074 [pool-47-thread-1] INFO  server.RaftServerConfigKeys (ConfUtils.java:logGet(43)) - raft.server.log.write.buffer.size = 33554432 (custom)
2019-09-11 18:33:10,074 [pool-47-thread-1] INFO  server.RaftServerConfigKeys (ConfUtils.java:logGet(43)) - raft.server.log.force.sync.num = 128 (default)
2019-09-11 18:33:10,074 [pool-47-thread-1] INFO  server.RaftServerConfigKeys (ConfUtils.java:logGet(43)) - raft.server.log.statemachine.data.sync = true (default)
2019-09-11 18:33:10,074 [pool-47-thread-1] INFO  server.RaftServerConfigKeys (ConfUtils.java:logGet(43)) - raft.server.log.statemachine.data.sync.timeout = 10s (default)
2019-09-11 18:33:10,075 [pool-47-thread-1] INFO  server.RaftServerConfigKeys (ConfUtils.java:logGet(43)) - raft.server.log.statemachine.data.sync.timeout.retry = -1 (default)
2019-09-11 18:33:10,075 [pool-47-thread-1] INFO  server.RaftServerConfigKeys (ConfUtils.java:logGet(43)) - raft.server.log.statemachine.data.caching.enabled = true (custom)
2019-09-11 18:33:10,078 [pool-47-thread-1] INFO  segmented.SegmentedRaftLogWorker (SegmentedRaftLogWorker.java:lambda$new$0(132)) - ecc5ee86-76f5-4926-81e0-62b54abd444b-SegmentedRaftLogWorker:Storage Directory /workdir/hadoop-ozone/integration-test/target/test-dir/MiniOzoneClusterImpl-fe7db7e8-fd61-4d9c-99cb-81ca0fbccd3e/datanode-2/data/ratis/be956ecd-a0a0-4642-a9ed-a53bec651aca: flushIndex: setUnconditionally 0 -> -1
2019-09-11 18:33:10,078 [pool-47-thread-1] INFO  server.RaftServerConfigKeys (ConfUtils.java:logGet(43)) - raft.server.snapshot.auto.trigger.enabled = true (custom)
2019-09-11 18:33:10,079 [pool-47-thread-1] INFO  server.RaftServerConfigKeys (ConfUtils.java:logGet(43)) - raft.server.snapshot.auto.trigger.threshold = 10000 (custom)
2019-09-11 18:33:10,079 [pool-47-thread-1] INFO  server.RaftServerConfigKeys (ConfUtils.java:logGet(43)) - raft.server.retrycache.expirytime = 600000ms (custom)
2019-09-11 18:33:10,079 [pool-47-thread-1] INFO  impl.RaftServerImpl (RaftServerImpl.java:start(180)) - ecc5ee86-76f5-4926-81e0-62b54abd444b: start group-A53BEC651ACA
2019-09-11 18:33:10,079 [pool-47-thread-1] INFO  impl.RaftServerImpl (RaftServerImpl.java:setRole(171)) - ecc5ee86-76f5-4926-81e0-62b54abd444b:group-A53BEC651ACA changes role from null to FOLLOWER at term 0 for startAsFollower
2019-09-11 18:33:10,080 [pool-47-thread-1] INFO  impl.RoleInfo (RoleInfo.java:updateAndGet(143)) - ecc5ee86-76f5-4926-81e0-62b54abd444b: start FollowerState
2019-09-11 18:33:10,080 [pool-47-thread-1] INFO  util.JmxRegister (JmxRegister.java:tryRegister(44)) - Successfully registered JMX Bean with object name Ratis:service=RaftServer,group=group-A53BEC651ACA,id=ecc5ee86-76f5-4926-81e0-62b54abd444b
2019-09-11 18:33:10,094 [RatisPipelineUtilsThread] INFO  pipeline.PipelineStateManager (PipelineStateManager.java:addPipeline(56)) - Created pipeline Pipeline[ Id: be956ecd-a0a0-4642-a9ed-a53bec651aca, Nodes: ecc5ee86-76f5-4926-81e0-62b54abd444b{ip: 192.168.34.14, host: pr-hdds-2076-h65fj-2956048825, networkLocation: /default-rack, certSerialId: null}, Type:RATIS, Factor:ONE, State:OPEN]
2019-09-11 18:33:10,100 [grpc-default-executor-1] INFO  client.GrpcClientProtocolClient (GrpcClientProtocolClient.java:onNext(255)) - client-360478570AD7->ecc5ee86-76f5-4926-81e0-62b54abd444b: receive RaftClientReply:client-360478570AD7->ecc5ee86-76f5-4926-81e0-62b54abd444b@group-C4E8AEF099C5, cid=8, FAILED org.apache.ratis.protocol.NotLeaderException: Server ecc5ee86-76f5-4926-81e0-62b54abd444b is not the leader (null). Request must be sent to leader., logIndex=0, commits[ecc5ee86-76f5-4926-81e0-62b54abd444b:c-1]
2019-09-11 18:33:10,114 [grpc-default-executor-2] INFO  impl.RaftServerProxy (RaftServerProxy.java:addNew(89)) - a252aeae-ea32-484f-a17a-a311016863b7: addNew group-9EF3A8153C05:[a252aeae-ea32-484f-a17a-a311016863b7:192.168.34.14:42749] returns group-9EF3A8153C05:java.util.concurrent.CompletableFuture@74e3646a[Not completed]
2019-09-11 18:33:10,116 [pool-37-thread-1] INFO  impl.RaftServerImpl (RaftServerImpl.java:<init>(93)) - a252aeae-ea32-484f-a17a-a311016863b7: new RaftServerImpl for group-9EF3A8153C05:[a252aeae-ea32-484f-a17a-a311016863b7:192.168.34.14:42749] with ContainerStateMachine:uninitialized
2019-09-11 18:33:10,117 [pool-37-thread-1] INFO  server.RaftServerConfigKeys (ConfUtils.java:logGet(43)) - raft.server.rpc.timeout.min = 5s (custom)
2019-09-11 18:33:10,117 [pool-37-thread-1] INFO  server.RaftServerConfigKeys (ConfUtils.java:logGet(43)) - raft.server.rpc.timeout.max = 5200ms (custom)
2019-09-11 18:33:10,117 [pool-37-thread-1] INFO  server.RaftServerConfigKeys (ConfUtils.java:logGet(43)) - raft.server.rpcslowness.timeout = 1000s (custom)
2019-09-11 18:33:10,117 [pool-37-thread-1] INFO  server.RaftServerConfigKeys (ConfUtils.java:logGet(43)) - raft.server.sleep.deviation.threshold = 300 (default)
2019-09-11 18:33:10,117 [pool-37-thread-1] INFO  server.RaftServerConfigKeys (ConfUtils.java:logGet(43)) - raft.server.log.appender.install.snapshot.enabled = false (custom)
2019-09-11 18:33:10,118 [pool-37-thread-1] INFO  impl.RaftServerImpl (ServerState.java:<init>(105)) - a252aeae-ea32-484f-a17a-a311016863b7:group-9EF3A8153C05 ConfigurationManager, init=-1: [a252aeae-ea32-484f-a17a-a311016863b7:192.168.34.14:42749], old=null, confs=<EMPTY_MAP>
2019-09-11 18:33:10,118 [pool-37-thread-1] INFO  server.RaftServerConfigKeys (ConfUtils.java:logGet(43)) - raft.server.storage.dir = [/workdir/hadoop-ozone/integration-test/target/test-dir/MiniOzoneClusterImpl-fe7db7e8-fd61-4d9c-99cb-81ca0fbccd3e/datanode-1/data/ratis] (custom)
2019-09-11 18:33:10,118 [pool-37-thread-1] INFO  storage.RaftStorageDirectory (RaftStorageDirectory.java:analyzeStorage(246)) - The storage directory /workdir/hadoop-ozone/integration-test/target/test-dir/MiniOzoneClusterImpl-fe7db7e8-fd61-4d9c-99cb-81ca0fbccd3e/datanode-1/data/ratis/52a748f7-7231-470e-9d56-9ef3a8153c05 does not exist. Creating ...
2019-09-11 18:33:10,133 [pool-37-thread-1] INFO  storage.RaftStorageDirectory (RaftStorageDirectory.java:tryLock(328)) - Lock on /workdir/hadoop-ozone/integration-test/target/test-dir/MiniOzoneClusterImpl-fe7db7e8-fd61-4d9c-99cb-81ca0fbccd3e/datanode-1/data/ratis/52a748f7-7231-470e-9d56-9ef3a8153c05/in_use.lock acquired by nodename 26231@pr-hdds-2076-h65fj-2956048825
2019-09-11 18:33:10,158 [pool-37-thread-1] INFO  storage.RaftStorage (RaftStorage.java:format(72)) - Storage directory /workdir/hadoop-ozone/integration-test/target/test-dir/MiniOzoneClusterImpl-fe7db7e8-fd61-4d9c-99cb-81ca0fbccd3e/datanode-1/data/ratis/52a748f7-7231-470e-9d56-9ef3a8153c05 has been successfully formatted.
2019-09-11 18:33:10,158 [pool-37-thread-1] INFO  ratis.ContainerStateMachine (ContainerStateMachine.java:loadSnapshot(227)) - group-9EF3A8153C05: The snapshot info is null. Setting the last applied indexto:(t:0, i:~)
2019-09-11 18:33:10,158 [pool-37-thread-1] INFO  server.RaftServerConfigKeys (ConfUtils.java:logGet(43)) - raft.server.leader.election.timeout = 1000s (custom)
2019-09-11 18:33:10,159 [pool-37-thread-1] INFO  server.RaftServerConfigKeys (ConfUtils.java:logGet(43)) - raft.server.log.use.memory = false (default)
2019-09-11 18:33:10,159 [pool-37-thread-1] INFO  server.RaftServerConfigKeys (ConfUtils.java:logGet(43)) - raft.server.log.purge.gap = 1000000 (custom)
2019-09-11 18:33:10,159 [pool-37-thread-1] INFO  server.RaftServerConfigKeys (ConfUtils.java:logGet(43)) - raft.server.log.appender.buffer.byte-limit = 33554432 (custom)
2019-09-11 18:33:10,159 [pool-37-thread-1] INFO  server.RaftServerConfigKeys (ConfUtils.java:logGet(43)) - raft.server.log.segment.size.max = 1048576 (custom)
2019-09-11 18:33:10,159 [pool-37-thread-1] INFO  server.RaftServerConfigKeys (ConfUtils.java:logGet(43)) - raft.server.log.segment.cache.num.max = 2 (custom)
2019-09-11 18:33:10,159 [pool-37-thread-1] INFO  segmented.SegmentedRaftLogWorker (SegmentedRaftLogWorker.java:<init>(172)) - new a252aeae-ea32-484f-a17a-a311016863b7-SegmentedRaftLogWorker:Storage Directory /workdir/hadoop-ozone/integration-test/target/test-dir/MiniOzoneClusterImpl-fe7db7e8-fd61-4d9c-99cb-81ca0fbccd3e/datanode-1/data/ratis/52a748f7-7231-470e-9d56-9ef3a8153c05 for RaftStorage:Storage Directory /workdir/hadoop-ozone/integration-test/target/test-dir/MiniOzoneClusterImpl-fe7db7e8-fd61-4d9c-99cb-81ca0fbccd3e/datanode-1/data/ratis/52a748f7-7231-470e-9d56-9ef3a8153c05
2019-09-11 18:33:10,159 [pool-37-thread-1] INFO  server.RaftServerConfigKeys (ConfUtils.java:logGet(43)) - raft.server.log.queue.byte-limit = 2147483647 (custom)
2019-09-11 18:33:10,159 [pool-37-thread-1] INFO  server.RaftServerConfigKeys (ConfUtils.java:logGet(43)) - raft.server.log.queue.element-limit = 1024 (custom)
2019-09-11 18:33:10,159 [pool-37-thread-1] INFO  server.RaftServerConfigKeys (ConfUtils.java:logGet(43)) - raft.server.log.segment.size.max = 1048576 (custom)
2019-09-11 18:33:10,160 [pool-37-thread-1] INFO  server.RaftServerConfigKeys (ConfUtils.java:logGet(43)) - raft.server.log.preallocated.size = 16384 (custom)
2019-09-11 18:33:10,160 [pool-37-thread-1] INFO  server.RaftServerConfigKeys (ConfUtils.java:logGet(43)) - raft.server.log.write.buffer.size = 33554432 (custom)
2019-09-11 18:33:10,160 [pool-37-thread-1] INFO  server.RaftServerConfigKeys (ConfUtils.java:logGet(43)) - raft.server.log.force.sync.num = 128 (default)
2019-09-11 18:33:10,160 [pool-37-thread-1] INFO  server.RaftServerConfigKeys (ConfUtils.java:logGet(43)) - raft.server.log.statemachine.data.sync = true (default)
2019-09-11 18:33:10,160 [pool-37-thread-1] INFO  server.RaftServerConfigKeys (ConfUtils.java:logGet(43)) - raft.server.log.statemachine.data.sync.timeout = 10s (default)
2019-09-11 18:33:10,160 [pool-37-thread-1] INFO  server.RaftServerConfigKeys (ConfUtils.java:logGet(43)) - raft.server.log.statemachine.data.sync.timeout.retry = -1 (default)
2019-09-11 18:33:10,160 [pool-37-thread-1] INFO  server.RaftServerConfigKeys (ConfUtils.java:logGet(43)) - raft.server.log.statemachine.data.caching.enabled = true (custom)
2019-09-11 18:33:10,161 [pool-37-thread-1] INFO  segmented.SegmentedRaftLogWorker (SegmentedRaftLogWorker.java:lambda$new$0(132)) - a252aeae-ea32-484f-a17a-a311016863b7-SegmentedRaftLogWorker:Storage Directory /workdir/hadoop-ozone/integration-test/target/test-dir/MiniOzoneClusterImpl-fe7db7e8-fd61-4d9c-99cb-81ca0fbccd3e/datanode-1/data/ratis/52a748f7-7231-470e-9d56-9ef3a8153c05: flushIndex: setUnconditionally 0 -> -1
2019-09-11 18:33:10,161 [pool-37-thread-1] INFO  server.RaftServerConfigKeys (ConfUtils.java:logGet(43)) - raft.server.snapshot.auto.trigger.enabled = true (custom)
2019-09-11 18:33:10,161 [pool-37-thread-1] INFO  server.RaftServerConfigKeys (ConfUtils.java:logGet(43)) - raft.server.snapshot.auto.trigger.threshold = 10000 (custom)
2019-09-11 18:33:10,161 [pool-37-thread-1] INFO  server.RaftServerConfigKeys (ConfUtils.java:logGet(43)) - raft.server.retrycache.expirytime = 600000ms (custom)
2019-09-11 18:33:10,161 [pool-37-thread-1] INFO  impl.RaftServerImpl (RaftServerImpl.java:start(180)) - a252aeae-ea32-484f-a17a-a311016863b7: start group-9EF3A8153C05
2019-09-11 18:33:10,162 [pool-37-thread-1] INFO  impl.RaftServerImpl (RaftServerImpl.java:setRole(171)) - a252aeae-ea32-484f-a17a-a311016863b7:group-9EF3A8153C05 changes role from null to FOLLOWER at term 0 for startAsFollower
2019-09-11 18:33:10,162 [pool-37-thread-1] INFO  impl.RoleInfo (RoleInfo.java:updateAndGet(143)) - a252aeae-ea32-484f-a17a-a311016863b7: start FollowerState
2019-09-11 18:33:10,162 [pool-37-thread-1] INFO  util.JmxRegister (JmxRegister.java:tryRegister(44)) - Successfully registered JMX Bean with object name Ratis:service=RaftServer,group=group-9EF3A8153C05,id=a252aeae-ea32-484f-a17a-a311016863b7
2019-09-11 18:33:10,170 [RatisPipelineUtilsThread] INFO  pipeline.PipelineStateManager (PipelineStateManager.java:addPipeline(56)) - Created pipeline Pipeline[ Id: 52a748f7-7231-470e-9d56-9ef3a8153c05, Nodes: a252aeae-ea32-484f-a17a-a311016863b7{ip: 192.168.34.14, host: pr-hdds-2076-h65fj-2956048825, networkLocation: /default-rack, certSerialId: null}, Type:RATIS, Factor:ONE, State:OPEN]
2019-09-11 18:33:10,186 [grpc-default-executor-1] INFO  impl.RaftServerProxy (RaftServerProxy.java:addNew(89)) - 7a57f1e7-20c8-4d4a-aac3-6c686880e77e: addNew group-6B59A7C20380:[7a57f1e7-20c8-4d4a-aac3-6c686880e77e:192.168.34.14:45603] returns group-6B59A7C20380:java.util.concurrent.CompletableFuture@5b49abec[Not completed]
2019-09-11 18:33:10,188 [pool-57-thread-1] INFO  impl.RaftServerImpl (RaftServerImpl.java:<init>(93)) - 7a57f1e7-20c8-4d4a-aac3-6c686880e77e: new RaftServerImpl for group-6B59A7C20380:[7a57f1e7-20c8-4d4a-aac3-6c686880e77e:192.168.34.14:45603] with ContainerStateMachine:uninitialized
2019-09-11 18:33:10,188 [pool-57-thread-1] INFO  server.RaftServerConfigKeys (ConfUtils.java:logGet(43)) - raft.server.rpc.timeout.min = 5s (custom)
2019-09-11 18:33:10,188 [pool-57-thread-1] INFO  server.RaftServerConfigKeys (ConfUtils.java:logGet(43)) - raft.server.rpc.timeout.max = 5200ms (custom)
2019-09-11 18:33:10,188 [pool-57-thread-1] INFO  server.RaftServerConfigKeys (ConfUtils.java:logGet(43)) - raft.server.rpcslowness.timeout = 1000s (custom)
2019-09-11 18:33:10,189 [pool-57-thread-1] INFO  server.RaftServerConfigKeys (ConfUtils.java:logGet(43)) - raft.server.sleep.deviation.threshold = 300 (default)
2019-09-11 18:33:10,189 [pool-57-thread-1] INFO  server.RaftServerConfigKeys (ConfUtils.java:logGet(43)) - raft.server.log.appender.install.snapshot.enabled = false (custom)
2019-09-11 18:33:10,189 [pool-57-thread-1] INFO  impl.RaftServerImpl (ServerState.java:<init>(105)) - 7a57f1e7-20c8-4d4a-aac3-6c686880e77e:group-6B59A7C20380 ConfigurationManager, init=-1: [7a57f1e7-20c8-4d4a-aac3-6c686880e77e:192.168.34.14:45603], old=null, confs=<EMPTY_MAP>
2019-09-11 18:33:10,189 [pool-57-thread-1] INFO  server.RaftServerConfigKeys (ConfUtils.java:logGet(43)) - raft.server.storage.dir = [/workdir/hadoop-ozone/integration-test/target/test-dir/MiniOzoneClusterImpl-fe7db7e8-fd61-4d9c-99cb-81ca0fbccd3e/datanode-3/data/ratis] (custom)
2019-09-11 18:33:10,190 [pool-57-thread-1] INFO  storage.RaftStorageDirectory (RaftStorageDirectory.java:analyzeStorage(246)) - The storage directory /workdir/hadoop-ozone/integration-test/target/test-dir/MiniOzoneClusterImpl-fe7db7e8-fd61-4d9c-99cb-81ca0fbccd3e/datanode-3/data/ratis/f1475d99-39a9-4634-8d51-6b59a7c20380 does not exist. Creating ...
2019-09-11 18:33:10,202 [pool-57-thread-1] INFO  storage.RaftStorageDirectory (RaftStorageDirectory.java:tryLock(328)) - Lock on /workdir/hadoop-ozone/integration-test/target/test-dir/MiniOzoneClusterImpl-fe7db7e8-fd61-4d9c-99cb-81ca0fbccd3e/datanode-3/data/ratis/f1475d99-39a9-4634-8d51-6b59a7c20380/in_use.lock acquired by nodename 26231@pr-hdds-2076-h65fj-2956048825
2019-09-11 18:33:10,216 [pool-57-thread-1] INFO  storage.RaftStorage (RaftStorage.java:format(72)) - Storage directory /workdir/hadoop-ozone/integration-test/target/test-dir/MiniOzoneClusterImpl-fe7db7e8-fd61-4d9c-99cb-81ca0fbccd3e/datanode-3/data/ratis/f1475d99-39a9-4634-8d51-6b59a7c20380 has been successfully formatted.
2019-09-11 18:33:10,216 [pool-57-thread-1] INFO  ratis.ContainerStateMachine (ContainerStateMachine.java:loadSnapshot(227)) - group-6B59A7C20380: The snapshot info is null. Setting the last applied indexto:(t:0, i:~)
2019-09-11 18:33:10,216 [pool-57-thread-1] INFO  server.RaftServerConfigKeys (ConfUtils.java:logGet(43)) - raft.server.leader.election.timeout = 1000s (custom)
2019-09-11 18:33:10,216 [pool-57-thread-1] INFO  server.RaftServerConfigKeys (ConfUtils.java:logGet(43)) - raft.server.log.use.memory = false (default)
2019-09-11 18:33:10,217 [pool-57-thread-1] INFO  server.RaftServerConfigKeys (ConfUtils.java:logGet(43)) - raft.server.log.purge.gap = 1000000 (custom)
2019-09-11 18:33:10,217 [pool-57-thread-1] INFO  server.RaftServerConfigKeys (ConfUtils.java:logGet(43)) - raft.server.log.appender.buffer.byte-limit = 33554432 (custom)
2019-09-11 18:33:10,217 [pool-57-thread-1] INFO  server.RaftServerConfigKeys (ConfUtils.java:logGet(43)) - raft.server.log.segment.size.max = 1048576 (custom)
2019-09-11 18:33:10,217 [pool-57-thread-1] INFO  server.RaftServerConfigKeys (ConfUtils.java:logGet(43)) - raft.server.log.segment.cache.num.max = 2 (custom)
2019-09-11 18:33:10,217 [pool-57-thread-1] INFO  segmented.SegmentedRaftLogWorker (SegmentedRaftLogWorker.java:<init>(172)) - new 7a57f1e7-20c8-4d4a-aac3-6c686880e77e-SegmentedRaftLogWorker:Storage Directory /workdir/hadoop-ozone/integration-test/target/test-dir/MiniOzoneClusterImpl-fe7db7e8-fd61-4d9c-99cb-81ca0fbccd3e/datanode-3/data/ratis/f1475d99-39a9-4634-8d51-6b59a7c20380 for RaftStorage:Storage Directory /workdir/hadoop-ozone/integration-test/target/test-dir/MiniOzoneClusterImpl-fe7db7e8-fd61-4d9c-99cb-81ca0fbccd3e/datanode-3/data/ratis/f1475d99-39a9-4634-8d51-6b59a7c20380
2019-09-11 18:33:10,217 [pool-57-thread-1] INFO  server.RaftServerConfigKeys (ConfUtils.java:logGet(43)) - raft.server.log.queue.byte-limit = 2147483647 (custom)
2019-09-11 18:33:10,218 [pool-57-thread-1] INFO  server.RaftServerConfigKeys (ConfUtils.java:logGet(43)) - raft.server.log.queue.element-limit = 1024 (custom)
2019-09-11 18:33:10,218 [pool-57-thread-1] INFO  server.RaftServerConfigKeys (ConfUtils.java:logGet(43)) - raft.server.log.segment.size.max = 1048576 (custom)
2019-09-11 18:33:10,218 [pool-57-thread-1] INFO  server.RaftServerConfigKeys (ConfUtils.java:logGet(43)) - raft.server.log.preallocated.size = 16384 (custom)
2019-09-11 18:33:10,218 [pool-57-thread-1] INFO  server.RaftServerConfigKeys (ConfUtils.java:logGet(43)) - raft.server.log.write.buffer.size = 33554432 (custom)
2019-09-11 18:33:10,218 [pool-57-thread-1] INFO  server.RaftServerConfigKeys (ConfUtils.java:logGet(43)) - raft.server.log.force.sync.num = 128 (default)
2019-09-11 18:33:10,218 [pool-57-thread-1] INFO  server.RaftServerConfigKeys (ConfUtils.java:logGet(43)) - raft.server.log.statemachine.data.sync = true (default)
2019-09-11 18:33:10,219 [pool-57-thread-1] INFO  server.RaftServerConfigKeys (ConfUtils.java:logGet(43)) - raft.server.log.statemachine.data.sync.timeout = 10s (default)
2019-09-11 18:33:10,219 [pool-57-thread-1] INFO  server.RaftServerConfigKeys (ConfUtils.java:logGet(43)) - raft.server.log.statemachine.data.sync.timeout.retry = -1 (default)
2019-09-11 18:33:10,219 [pool-57-thread-1] INFO  server.RaftServerConfigKeys (ConfUtils.java:logGet(43)) - raft.server.log.statemachine.data.caching.enabled = true (custom)
2019-09-11 18:33:10,219 [pool-57-thread-1] INFO  segmented.SegmentedRaftLogWorker (SegmentedRaftLogWorker.java:lambda$new$0(132)) - 7a57f1e7-20c8-4d4a-aac3-6c686880e77e-SegmentedRaftLogWorker:Storage Directory /workdir/hadoop-ozone/integration-test/target/test-dir/MiniOzoneClusterImpl-fe7db7e8-fd61-4d9c-99cb-81ca0fbccd3e/datanode-3/data/ratis/f1475d99-39a9-4634-8d51-6b59a7c20380: flushIndex: setUnconditionally 0 -> -1
2019-09-11 18:33:10,220 [pool-57-thread-1] INFO  server.RaftServerConfigKeys (ConfUtils.java:logGet(43)) - raft.server.snapshot.auto.trigger.enabled = true (custom)
2019-09-11 18:33:10,220 [pool-57-thread-1] INFO  server.RaftServerConfigKeys (ConfUtils.java:logGet(43)) - raft.server.snapshot.auto.trigger.threshold = 10000 (custom)
2019-09-11 18:33:10,220 [pool-57-thread-1] INFO  server.RaftServerConfigKeys (ConfUtils.java:logGet(43)) - raft.server.retrycache.expirytime = 600000ms (custom)
2019-09-11 18:33:10,220 [pool-57-thread-1] INFO  impl.RaftServerImpl (RaftServerImpl.java:start(180)) - 7a57f1e7-20c8-4d4a-aac3-6c686880e77e: start group-6B59A7C20380
2019-09-11 18:33:10,220 [pool-57-thread-1] INFO  impl.RaftServerImpl (RaftServerImpl.java:setRole(171)) - 7a57f1e7-20c8-4d4a-aac3-6c686880e77e:group-6B59A7C20380 changes role from null to FOLLOWER at term 0 for startAsFollower
2019-09-11 18:33:10,221 [pool-57-thread-1] INFO  impl.RoleInfo (RoleInfo.java:updateAndGet(143)) - 7a57f1e7-20c8-4d4a-aac3-6c686880e77e: start FollowerState
2019-09-11 18:33:10,221 [pool-57-thread-1] INFO  util.JmxRegister (JmxRegister.java:tryRegister(44)) - Successfully registered JMX Bean with object name Ratis:service=RaftServer,group=group-6B59A7C20380,id=7a57f1e7-20c8-4d4a-aac3-6c686880e77e
2019-09-11 18:33:10,229 [RatisPipelineUtilsThread] INFO  pipeline.PipelineStateManager (PipelineStateManager.java:addPipeline(56)) - Created pipeline Pipeline[ Id: f1475d99-39a9-4634-8d51-6b59a7c20380, Nodes: 7a57f1e7-20c8-4d4a-aac3-6c686880e77e{ip: 192.168.34.14, host: pr-hdds-2076-h65fj-2956048825, networkLocation: /default-rack, certSerialId: null}, Type:RATIS, Factor:ONE, State:OPEN]
2019-09-11 18:33:10,244 [grpc-default-executor-1] INFO  impl.RaftServerProxy (RaftServerProxy.java:addNew(89)) - fec6197a-76e7-45dd-9283-db975e2d3fe6: addNew group-2D7D402CBFA9:[fec6197a-76e7-45dd-9283-db975e2d3fe6:192.168.34.14:45311] returns group-2D7D402CBFA9:java.util.concurrent.CompletableFuture@6285dfbd[Not completed]
2019-09-11 18:33:10,246 [pool-27-thread-1] INFO  impl.RaftServerImpl (RaftServerImpl.java:<init>(93)) - fec6197a-76e7-45dd-9283-db975e2d3fe6: new RaftServerImpl for group-2D7D402CBFA9:[fec6197a-76e7-45dd-9283-db975e2d3fe6:192.168.34.14:45311] with ContainerStateMachine:uninitialized
2019-09-11 18:33:10,246 [pool-27-thread-1] INFO  server.RaftServerConfigKeys (ConfUtils.java:logGet(43)) - raft.server.rpc.timeout.min = 5s (custom)
2019-09-11 18:33:10,246 [pool-27-thread-1] INFO  server.RaftServerConfigKeys (ConfUtils.java:logGet(43)) - raft.server.rpc.timeout.max = 5200ms (custom)
2019-09-11 18:33:10,246 [pool-27-thread-1] INFO  server.RaftServerConfigKeys (ConfUtils.java:logGet(43)) - raft.server.rpcslowness.timeout = 1000s (custom)
2019-09-11 18:33:10,246 [pool-27-thread-1] INFO  server.RaftServerConfigKeys (ConfUtils.java:logGet(43)) - raft.server.sleep.deviation.threshold = 300 (default)
2019-09-11 18:33:10,247 [pool-27-thread-1] INFO  server.RaftServerConfigKeys (ConfUtils.java:logGet(43)) - raft.server.log.appender.install.snapshot.enabled = false (custom)
2019-09-11 18:33:10,247 [pool-27-thread-1] INFO  impl.RaftServerImpl (ServerState.java:<init>(105)) - fec6197a-76e7-45dd-9283-db975e2d3fe6:group-2D7D402CBFA9 ConfigurationManager, init=-1: [fec6197a-76e7-45dd-9283-db975e2d3fe6:192.168.34.14:45311], old=null, confs=<EMPTY_MAP>
2019-09-11 18:33:10,247 [pool-27-thread-1] INFO  server.RaftServerConfigKeys (ConfUtils.java:logGet(43)) - raft.server.storage.dir = [/workdir/hadoop-ozone/integration-test/target/test-dir/MiniOzoneClusterImpl-fe7db7e8-fd61-4d9c-99cb-81ca0fbccd3e/datanode-0/data/ratis] (custom)
2019-09-11 18:33:10,248 [pool-27-thread-1] INFO  storage.RaftStorageDirectory (RaftStorageDirectory.java:analyzeStorage(246)) - The storage directory /workdir/hadoop-ozone/integration-test/target/test-dir/MiniOzoneClusterImpl-fe7db7e8-fd61-4d9c-99cb-81ca0fbccd3e/datanode-0/data/ratis/37a1ed05-acf6-451d-b78f-2d7d402cbfa9 does not exist. Creating ...
2019-09-11 18:33:10,262 [pool-27-thread-1] INFO  storage.RaftStorageDirectory (RaftStorageDirectory.java:tryLock(328)) - Lock on /workdir/hadoop-ozone/integration-test/target/test-dir/MiniOzoneClusterImpl-fe7db7e8-fd61-4d9c-99cb-81ca0fbccd3e/datanode-0/data/ratis/37a1ed05-acf6-451d-b78f-2d7d402cbfa9/in_use.lock acquired by nodename 26231@pr-hdds-2076-h65fj-2956048825
2019-09-11 18:33:10,275 [pool-27-thread-1] INFO  storage.RaftStorage (RaftStorage.java:format(72)) - Storage directory /workdir/hadoop-ozone/integration-test/target/test-dir/MiniOzoneClusterImpl-fe7db7e8-fd61-4d9c-99cb-81ca0fbccd3e/datanode-0/data/ratis/37a1ed05-acf6-451d-b78f-2d7d402cbfa9 has been successfully formatted.
2019-09-11 18:33:10,276 [pool-27-thread-1] INFO  ratis.ContainerStateMachine (ContainerStateMachine.java:loadSnapshot(227)) - group-2D7D402CBFA9: The snapshot info is null. Setting the last applied indexto:(t:0, i:~)
2019-09-11 18:33:10,276 [pool-27-thread-1] INFO  server.RaftServerConfigKeys (ConfUtils.java:logGet(43)) - raft.server.leader.election.timeout = 1000s (custom)
2019-09-11 18:33:10,276 [pool-27-thread-1] INFO  server.RaftServerConfigKeys (ConfUtils.java:logGet(43)) - raft.server.log.use.memory = false (default)
2019-09-11 18:33:10,276 [pool-27-thread-1] INFO  server.RaftServerConfigKeys (ConfUtils.java:logGet(43)) - raft.server.log.purge.gap = 1000000 (custom)
2019-09-11 18:33:10,276 [pool-27-thread-1] INFO  server.RaftServerConfigKeys (ConfUtils.java:logGet(43)) - raft.server.log.appender.buffer.byte-limit = 33554432 (custom)
2019-09-11 18:33:10,277 [pool-27-thread-1] INFO  server.RaftServerConfigKeys (ConfUtils.java:logGet(43)) - raft.server.log.segment.size.max = 1048576 (custom)
2019-09-11 18:33:10,277 [pool-27-thread-1] INFO  server.RaftServerConfigKeys (ConfUtils.java:logGet(43)) - raft.server.log.segment.cache.num.max = 2 (custom)
2019-09-11 18:33:10,277 [pool-27-thread-1] INFO  segmented.SegmentedRaftLogWorker (SegmentedRaftLogWorker.java:<init>(172)) - new fec6197a-76e7-45dd-9283-db975e2d3fe6-SegmentedRaftLogWorker:Storage Directory /workdir/hadoop-ozone/integration-test/target/test-dir/MiniOzoneClusterImpl-fe7db7e8-fd61-4d9c-99cb-81ca0fbccd3e/datanode-0/data/ratis/37a1ed05-acf6-451d-b78f-2d7d402cbfa9 for RaftStorage:Storage Directory /workdir/hadoop-ozone/integration-test/target/test-dir/MiniOzoneClusterImpl-fe7db7e8-fd61-4d9c-99cb-81ca0fbccd3e/datanode-0/data/ratis/37a1ed05-acf6-451d-b78f-2d7d402cbfa9
2019-09-11 18:33:10,277 [pool-27-thread-1] INFO  server.RaftServerConfigKeys (ConfUtils.java:logGet(43)) - raft.server.log.queue.byte-limit = 2147483647 (custom)
2019-09-11 18:33:10,277 [pool-27-thread-1] INFO  server.RaftServerConfigKeys (ConfUtils.java:logGet(43)) - raft.server.log.queue.element-limit = 1024 (custom)
2019-09-11 18:33:10,277 [pool-27-thread-1] INFO  server.RaftServerConfigKeys (ConfUtils.java:logGet(43)) - raft.server.log.segment.size.max = 1048576 (custom)
2019-09-11 18:33:10,278 [pool-27-thread-1] INFO  server.RaftServerConfigKeys (ConfUtils.java:logGet(43)) - raft.server.log.preallocated.size = 16384 (custom)
2019-09-11 18:33:10,278 [pool-27-thread-1] INFO  server.RaftServerConfigKeys (ConfUtils.java:logGet(43)) - raft.server.log.write.buffer.size = 33554432 (custom)
2019-09-11 18:33:10,278 [pool-27-thread-1] INFO  server.RaftServerConfigKeys (ConfUtils.java:logGet(43)) - raft.server.log.force.sync.num = 128 (default)
2019-09-11 18:33:10,278 [pool-27-thread-1] INFO  server.RaftServerConfigKeys (ConfUtils.java:logGet(43)) - raft.server.log.statemachine.data.sync = true (default)
2019-09-11 18:33:10,278 [pool-27-thread-1] INFO  server.RaftServerConfigKeys (ConfUtils.java:logGet(43)) - raft.server.log.statemachine.data.sync.timeout = 10s (default)
2019-09-11 18:33:10,278 [pool-27-thread-1] INFO  server.RaftServerConfigKeys (ConfUtils.java:logGet(43)) - raft.server.log.statemachine.data.sync.timeout.retry = -1 (default)
2019-09-11 18:33:10,279 [pool-27-thread-1] INFO  server.RaftServerConfigKeys (ConfUtils.java:logGet(43)) - raft.server.log.statemachine.data.caching.enabled = true (custom)
2019-09-11 18:33:10,279 [pool-27-thread-1] INFO  segmented.SegmentedRaftLogWorker (SegmentedRaftLogWorker.java:lambda$new$0(132)) - fec6197a-76e7-45dd-9283-db975e2d3fe6-SegmentedRaftLogWorker:Storage Directory /workdir/hadoop-ozone/integration-test/target/test-dir/MiniOzoneClusterImpl-fe7db7e8-fd61-4d9c-99cb-81ca0fbccd3e/datanode-0/data/ratis/37a1ed05-acf6-451d-b78f-2d7d402cbfa9: flushIndex: setUnconditionally 0 -> -1
2019-09-11 18:33:10,280 [pool-27-thread-1] INFO  server.RaftServerConfigKeys (ConfUtils.java:logGet(43)) - raft.server.snapshot.auto.trigger.enabled = true (custom)
2019-09-11 18:33:10,280 [pool-27-thread-1] INFO  server.RaftServerConfigKeys (ConfUtils.java:logGet(43)) - raft.server.snapshot.auto.trigger.threshold = 10000 (custom)
2019-09-11 18:33:10,280 [pool-27-thread-1] INFO  server.RaftServerConfigKeys (ConfUtils.java:logGet(43)) - raft.server.retrycache.expirytime = 600000ms (custom)
2019-09-11 18:33:10,280 [pool-27-thread-1] INFO  impl.RaftServerImpl (RaftServerImpl.java:start(180)) - fec6197a-76e7-45dd-9283-db975e2d3fe6: start group-2D7D402CBFA9
2019-09-11 18:33:10,280 [pool-27-thread-1] INFO  impl.RaftServerImpl (RaftServerImpl.java:setRole(171)) - fec6197a-76e7-45dd-9283-db975e2d3fe6:group-2D7D402CBFA9 changes role from null to FOLLOWER at term 0 for startAsFollower
2019-09-11 18:33:10,281 [pool-27-thread-1] INFO  impl.RoleInfo (RoleInfo.java:updateAndGet(143)) - fec6197a-76e7-45dd-9283-db975e2d3fe6: start FollowerState
2019-09-11 18:33:10,281 [pool-27-thread-1] INFO  util.JmxRegister (JmxRegister.java:tryRegister(44)) - Successfully registered JMX Bean with object name Ratis:service=RaftServer,group=group-2D7D402CBFA9,id=fec6197a-76e7-45dd-9283-db975e2d3fe6
2019-09-11 18:33:10,290 [RatisPipelineUtilsThread] INFO  pipeline.PipelineStateManager (PipelineStateManager.java:addPipeline(56)) - Created pipeline Pipeline[ Id: 37a1ed05-acf6-451d-b78f-2d7d402cbfa9, Nodes: fec6197a-76e7-45dd-9283-db975e2d3fe6{ip: 192.168.34.14, host: pr-hdds-2076-h65fj-2956048825, networkLocation: /default-rack, certSerialId: null}, Type:RATIS, Factor:ONE, State:OPEN]
2019-09-11 18:33:10,314 [grpc-default-executor-0] INFO  impl.RaftServerProxy (RaftServerProxy.java:addNew(89)) - 7a57f1e7-20c8-4d4a-aac3-6c686880e77e: addNew group-59D5CC5F8F0F:[ecc5ee86-76f5-4926-81e0-62b54abd444b:192.168.34.14:45860, 7a57f1e7-20c8-4d4a-aac3-6c686880e77e:192.168.34.14:45603, a252aeae-ea32-484f-a17a-a311016863b7:192.168.34.14:42749] returns group-59D5CC5F8F0F:java.util.concurrent.CompletableFuture@4d33da3b[Not completed]
2019-09-11 18:33:10,314 [grpc-default-executor-2] INFO  impl.RaftServerProxy (RaftServerProxy.java:addNew(89)) - a252aeae-ea32-484f-a17a-a311016863b7: addNew group-59D5CC5F8F0F:[ecc5ee86-76f5-4926-81e0-62b54abd444b:192.168.34.14:45860, 7a57f1e7-20c8-4d4a-aac3-6c686880e77e:192.168.34.14:45603, a252aeae-ea32-484f-a17a-a311016863b7:192.168.34.14:42749] returns group-59D5CC5F8F0F:java.util.concurrent.CompletableFuture@25c35d6a[Not completed]
2019-09-11 18:33:10,314 [grpc-default-executor-1] INFO  impl.RaftServerProxy (RaftServerProxy.java:addNew(89)) - ecc5ee86-76f5-4926-81e0-62b54abd444b: addNew group-59D5CC5F8F0F:[ecc5ee86-76f5-4926-81e0-62b54abd444b:192.168.34.14:45860, 7a57f1e7-20c8-4d4a-aac3-6c686880e77e:192.168.34.14:45603, a252aeae-ea32-484f-a17a-a311016863b7:192.168.34.14:42749] returns group-59D5CC5F8F0F:java.util.concurrent.CompletableFuture@62a07bc6[Not completed]
2019-09-11 18:33:10,316 [pool-57-thread-1] INFO  impl.RaftServerImpl (RaftServerImpl.java:<init>(93)) - 7a57f1e7-20c8-4d4a-aac3-6c686880e77e: new RaftServerImpl for group-59D5CC5F8F0F:[ecc5ee86-76f5-4926-81e0-62b54abd444b:192.168.34.14:45860, 7a57f1e7-20c8-4d4a-aac3-6c686880e77e:192.168.34.14:45603, a252aeae-ea32-484f-a17a-a311016863b7:192.168.34.14:42749] with ContainerStateMachine:uninitialized
2019-09-11 18:33:10,317 [pool-57-thread-1] INFO  server.RaftServerConfigKeys (ConfUtils.java:logGet(43)) - raft.server.rpc.timeout.min = 5s (custom)
2019-09-11 18:33:10,317 [pool-57-thread-1] INFO  server.RaftServerConfigKeys (ConfUtils.java:logGet(43)) - raft.server.rpc.timeout.max = 5200ms (custom)
2019-09-11 18:33:10,317 [pool-57-thread-1] INFO  server.RaftServerConfigKeys (ConfUtils.java:logGet(43)) - raft.server.rpcslowness.timeout = 1000s (custom)
2019-09-11 18:33:10,317 [pool-57-thread-1] INFO  server.RaftServerConfigKeys (ConfUtils.java:logGet(43)) - raft.server.sleep.deviation.threshold = 300 (default)
2019-09-11 18:33:10,317 [pool-57-thread-1] INFO  server.RaftServerConfigKeys (ConfUtils.java:logGet(43)) - raft.server.log.appender.install.snapshot.enabled = false (custom)
2019-09-11 18:33:10,318 [pool-57-thread-1] INFO  impl.RaftServerImpl (ServerState.java:<init>(105)) - 7a57f1e7-20c8-4d4a-aac3-6c686880e77e:group-59D5CC5F8F0F ConfigurationManager, init=-1: [ecc5ee86-76f5-4926-81e0-62b54abd444b:192.168.34.14:45860, 7a57f1e7-20c8-4d4a-aac3-6c686880e77e:192.168.34.14:45603, a252aeae-ea32-484f-a17a-a311016863b7:192.168.34.14:42749], old=null, confs=<EMPTY_MAP>
2019-09-11 18:33:10,318 [pool-47-thread-1] INFO  impl.RaftServerImpl (RaftServerImpl.java:<init>(93)) - ecc5ee86-76f5-4926-81e0-62b54abd444b: new RaftServerImpl for group-59D5CC5F8F0F:[ecc5ee86-76f5-4926-81e0-62b54abd444b:192.168.34.14:45860, 7a57f1e7-20c8-4d4a-aac3-6c686880e77e:192.168.34.14:45603, a252aeae-ea32-484f-a17a-a311016863b7:192.168.34.14:42749] with ContainerStateMachine:uninitialized
2019-09-11 18:33:10,318 [pool-57-thread-1] INFO  server.RaftServerConfigKeys (ConfUtils.java:logGet(43)) - raft.server.storage.dir = [/workdir/hadoop-ozone/integration-test/target/test-dir/MiniOzoneClusterImpl-fe7db7e8-fd61-4d9c-99cb-81ca0fbccd3e/datanode-3/data/ratis] (custom)
2019-09-11 18:33:10,318 [pool-47-thread-1] INFO  server.RaftServerConfigKeys (ConfUtils.java:logGet(43)) - raft.server.rpc.timeout.min = 5s (custom)
2019-09-11 18:33:10,318 [pool-47-thread-1] INFO  server.RaftServerConfigKeys (ConfUtils.java:logGet(43)) - raft.server.rpc.timeout.max = 5200ms (custom)
2019-09-11 18:33:10,318 [pool-57-thread-1] INFO  storage.RaftStorageDirectory (RaftStorageDirectory.java:analyzeStorage(246)) - The storage directory /workdir/hadoop-ozone/integration-test/target/test-dir/MiniOzoneClusterImpl-fe7db7e8-fd61-4d9c-99cb-81ca0fbccd3e/datanode-3/data/ratis/1682e7f3-ed56-42c0-b97d-59d5cc5f8f0f does not exist. Creating ...
2019-09-11 18:33:10,319 [pool-47-thread-1] INFO  server.RaftServerConfigKeys (ConfUtils.java:logGet(43)) - raft.server.rpcslowness.timeout = 1000s (custom)
2019-09-11 18:33:10,319 [pool-47-thread-1] INFO  server.RaftServerConfigKeys (ConfUtils.java:logGet(43)) - raft.server.sleep.deviation.threshold = 300 (default)
2019-09-11 18:33:10,319 [pool-47-thread-1] INFO  server.RaftServerConfigKeys (ConfUtils.java:logGet(43)) - raft.server.log.appender.install.snapshot.enabled = false (custom)
2019-09-11 18:33:10,319 [pool-37-thread-1] INFO  impl.RaftServerImpl (RaftServerImpl.java:<init>(93)) - a252aeae-ea32-484f-a17a-a311016863b7: new RaftServerImpl for group-59D5CC5F8F0F:[ecc5ee86-76f5-4926-81e0-62b54abd444b:192.168.34.14:45860, 7a57f1e7-20c8-4d4a-aac3-6c686880e77e:192.168.34.14:45603, a252aeae-ea32-484f-a17a-a311016863b7:192.168.34.14:42749] with ContainerStateMachine:uninitialized
2019-09-11 18:33:10,320 [pool-47-thread-1] INFO  impl.RaftServerImpl (ServerState.java:<init>(105)) - ecc5ee86-76f5-4926-81e0-62b54abd444b:group-59D5CC5F8F0F ConfigurationManager, init=-1: [ecc5ee86-76f5-4926-81e0-62b54abd444b:192.168.34.14:45860, 7a57f1e7-20c8-4d4a-aac3-6c686880e77e:192.168.34.14:45603, a252aeae-ea32-484f-a17a-a311016863b7:192.168.34.14:42749], old=null, confs=<EMPTY_MAP>
2019-09-11 18:33:10,320 [pool-37-thread-1] INFO  server.RaftServerConfigKeys (ConfUtils.java:logGet(43)) - raft.server.rpc.timeout.min = 5s (custom)
2019-09-11 18:33:10,320 [pool-47-thread-1] INFO  server.RaftServerConfigKeys (ConfUtils.java:logGet(43)) - raft.server.storage.dir = [/workdir/hadoop-ozone/integration-test/target/test-dir/MiniOzoneClusterImpl-fe7db7e8-fd61-4d9c-99cb-81ca0fbccd3e/datanode-2/data/ratis] (custom)
2019-09-11 18:33:10,320 [pool-37-thread-1] INFO  server.RaftServerConfigKeys (ConfUtils.java:logGet(43)) - raft.server.rpc.timeout.max = 5200ms (custom)
2019-09-11 18:33:10,320 [pool-37-thread-1] INFO  server.RaftServerConfigKeys (ConfUtils.java:logGet(43)) - raft.server.rpcslowness.timeout = 1000s (custom)
2019-09-11 18:33:10,321 [pool-47-thread-1] INFO  storage.RaftStorageDirectory (RaftStorageDirectory.java:analyzeStorage(246)) - The storage directory /workdir/hadoop-ozone/integration-test/target/test-dir/MiniOzoneClusterImpl-fe7db7e8-fd61-4d9c-99cb-81ca0fbccd3e/datanode-2/data/ratis/1682e7f3-ed56-42c0-b97d-59d5cc5f8f0f does not exist. Creating ...
2019-09-11 18:33:10,321 [pool-37-thread-1] INFO  server.RaftServerConfigKeys (ConfUtils.java:logGet(43)) - raft.server.sleep.deviation.threshold = 300 (default)
2019-09-11 18:33:10,321 [pool-37-thread-1] INFO  server.RaftServerConfigKeys (ConfUtils.java:logGet(43)) - raft.server.log.appender.install.snapshot.enabled = false (custom)
2019-09-11 18:33:10,321 [pool-37-thread-1] INFO  impl.RaftServerImpl (ServerState.java:<init>(105)) - a252aeae-ea32-484f-a17a-a311016863b7:group-59D5CC5F8F0F ConfigurationManager, init=-1: [ecc5ee86-76f5-4926-81e0-62b54abd444b:192.168.34.14:45860, 7a57f1e7-20c8-4d4a-aac3-6c686880e77e:192.168.34.14:45603, a252aeae-ea32-484f-a17a-a311016863b7:192.168.34.14:42749], old=null, confs=<EMPTY_MAP>
2019-09-11 18:33:10,321 [pool-37-thread-1] INFO  server.RaftServerConfigKeys (ConfUtils.java:logGet(43)) - raft.server.storage.dir = [/workdir/hadoop-ozone/integration-test/target/test-dir/MiniOzoneClusterImpl-fe7db7e8-fd61-4d9c-99cb-81ca0fbccd3e/datanode-1/data/ratis] (custom)
2019-09-11 18:33:10,322 [pool-37-thread-1] INFO  storage.RaftStorageDirectory (RaftStorageDirectory.java:analyzeStorage(246)) - The storage directory /workdir/hadoop-ozone/integration-test/target/test-dir/MiniOzoneClusterImpl-fe7db7e8-fd61-4d9c-99cb-81ca0fbccd3e/datanode-1/data/ratis/1682e7f3-ed56-42c0-b97d-59d5cc5f8f0f does not exist. Creating ...
2019-09-11 18:33:10,322 [pool-57-thread-1] INFO  storage.RaftStorageDirectory (RaftStorageDirectory.java:tryLock(328)) - Lock on /workdir/hadoop-ozone/integration-test/target/test-dir/MiniOzoneClusterImpl-fe7db7e8-fd61-4d9c-99cb-81ca0fbccd3e/datanode-3/data/ratis/1682e7f3-ed56-42c0-b97d-59d5cc5f8f0f/in_use.lock acquired by nodename 26231@pr-hdds-2076-h65fj-2956048825
2019-09-11 18:33:10,326 [pool-47-thread-1] INFO  storage.RaftStorageDirectory (RaftStorageDirectory.java:tryLock(328)) - Lock on /workdir/hadoop-ozone/integration-test/target/test-dir/MiniOzoneClusterImpl-fe7db7e8-fd61-4d9c-99cb-81ca0fbccd3e/datanode-2/data/ratis/1682e7f3-ed56-42c0-b97d-59d5cc5f8f0f/in_use.lock acquired by nodename 26231@pr-hdds-2076-h65fj-2956048825
2019-09-11 18:33:10,326 [pool-37-thread-1] INFO  storage.RaftStorageDirectory (RaftStorageDirectory.java:tryLock(328)) - Lock on /workdir/hadoop-ozone/integration-test/target/test-dir/MiniOzoneClusterImpl-fe7db7e8-fd61-4d9c-99cb-81ca0fbccd3e/datanode-1/data/ratis/1682e7f3-ed56-42c0-b97d-59d5cc5f8f0f/in_use.lock acquired by nodename 26231@pr-hdds-2076-h65fj-2956048825
2019-09-11 18:33:10,333 [pool-37-thread-1] INFO  storage.RaftStorage (RaftStorage.java:format(72)) - Storage directory /workdir/hadoop-ozone/integration-test/target/test-dir/MiniOzoneClusterImpl-fe7db7e8-fd61-4d9c-99cb-81ca0fbccd3e/datanode-1/data/ratis/1682e7f3-ed56-42c0-b97d-59d5cc5f8f0f has been successfully formatted.
2019-09-11 18:33:10,333 [pool-47-thread-1] INFO  storage.RaftStorage (RaftStorage.java:format(72)) - Storage directory /workdir/hadoop-ozone/integration-test/target/test-dir/MiniOzoneClusterImpl-fe7db7e8-fd61-4d9c-99cb-81ca0fbccd3e/datanode-2/data/ratis/1682e7f3-ed56-42c0-b97d-59d5cc5f8f0f has been successfully formatted.
2019-09-11 18:33:10,333 [pool-57-thread-1] INFO  storage.RaftStorage (RaftStorage.java:format(72)) - Storage directory /workdir/hadoop-ozone/integration-test/target/test-dir/MiniOzoneClusterImpl-fe7db7e8-fd61-4d9c-99cb-81ca0fbccd3e/datanode-3/data/ratis/1682e7f3-ed56-42c0-b97d-59d5cc5f8f0f has been successfully formatted.
2019-09-11 18:33:10,333 [pool-47-thread-1] INFO  ratis.ContainerStateMachine (ContainerStateMachine.java:loadSnapshot(227)) - group-59D5CC5F8F0F: The snapshot info is null. Setting the last applied indexto:(t:0, i:~)
2019-09-11 18:33:10,333 [pool-37-thread-1] INFO  ratis.ContainerStateMachine (ContainerStateMachine.java:loadSnapshot(227)) - group-59D5CC5F8F0F: The snapshot info is null. Setting the last applied indexto:(t:0, i:~)
2019-09-11 18:33:10,333 [pool-57-thread-1] INFO  ratis.ContainerStateMachine (ContainerStateMachine.java:loadSnapshot(227)) - group-59D5CC5F8F0F: The snapshot info is null. Setting the last applied indexto:(t:0, i:~)
2019-09-11 18:33:10,333 [pool-47-thread-1] INFO  server.RaftServerConfigKeys (ConfUtils.java:logGet(43)) - raft.server.leader.election.timeout = 1000s (custom)
2019-09-11 18:33:10,334 [pool-57-thread-1] INFO  server.RaftServerConfigKeys (ConfUtils.java:logGet(43)) - raft.server.leader.election.timeout = 1000s (custom)
2019-09-11 18:33:10,333 [pool-37-thread-1] INFO  server.RaftServerConfigKeys (ConfUtils.java:logGet(43)) - raft.server.leader.election.timeout = 1000s (custom)
2019-09-11 18:33:10,334 [pool-57-thread-1] INFO  server.RaftServerConfigKeys (ConfUtils.java:logGet(43)) - raft.server.log.use.memory = false (default)
2019-09-11 18:33:10,334 [pool-47-thread-1] INFO  server.RaftServerConfigKeys (ConfUtils.java:logGet(43)) - raft.server.log.use.memory = false (default)
2019-09-11 18:33:10,334 [pool-57-thread-1] INFO  server.RaftServerConfigKeys (ConfUtils.java:logGet(43)) - raft.server.log.purge.gap = 1000000 (custom)
2019-09-11 18:33:10,334 [pool-37-thread-1] INFO  server.RaftServerConfigKeys (ConfUtils.java:logGet(43)) - raft.server.log.use.memory = false (default)
2019-09-11 18:33:10,334 [pool-57-thread-1] INFO  server.RaftServerConfigKeys (ConfUtils.java:logGet(43)) - raft.server.log.appender.buffer.byte-limit = 33554432 (custom)
2019-09-11 18:33:10,334 [pool-47-thread-1] INFO  server.RaftServerConfigKeys (ConfUtils.java:logGet(43)) - raft.server.log.purge.gap = 1000000 (custom)
2019-09-11 18:33:10,335 [pool-57-thread-1] INFO  server.RaftServerConfigKeys (ConfUtils.java:logGet(43)) - raft.server.log.segment.size.max = 1048576 (custom)
2019-09-11 18:33:10,335 [pool-47-thread-1] INFO  server.RaftServerConfigKeys (ConfUtils.java:logGet(43)) - raft.server.log.appender.buffer.byte-limit = 33554432 (custom)
2019-09-11 18:33:10,335 [pool-37-thread-1] INFO  server.RaftServerConfigKeys (ConfUtils.java:logGet(43)) - raft.server.log.purge.gap = 1000000 (custom)
2019-09-11 18:33:10,335 [pool-47-thread-1] INFO  server.RaftServerConfigKeys (ConfUtils.java:logGet(43)) - raft.server.log.segment.size.max = 1048576 (custom)
2019-09-11 18:33:10,335 [pool-57-thread-1] INFO  server.RaftServerConfigKeys (ConfUtils.java:logGet(43)) - raft.server.log.segment.cache.num.max = 2 (custom)
2019-09-11 18:33:10,336 [pool-47-thread-1] INFO  server.RaftServerConfigKeys (ConfUtils.java:logGet(43)) - raft.server.log.segment.cache.num.max = 2 (custom)
2019-09-11 18:33:10,335 [pool-37-thread-1] INFO  server.RaftServerConfigKeys (ConfUtils.java:logGet(43)) - raft.server.log.appender.buffer.byte-limit = 33554432 (custom)
2019-09-11 18:33:10,336 [pool-47-thread-1] INFO  segmented.SegmentedRaftLogWorker (SegmentedRaftLogWorker.java:<init>(172)) - new ecc5ee86-76f5-4926-81e0-62b54abd444b-SegmentedRaftLogWorker:Storage Directory /workdir/hadoop-ozone/integration-test/target/test-dir/MiniOzoneClusterImpl-fe7db7e8-fd61-4d9c-99cb-81ca0fbccd3e/datanode-2/data/ratis/1682e7f3-ed56-42c0-b97d-59d5cc5f8f0f for RaftStorage:Storage Directory /workdir/hadoop-ozone/integration-test/target/test-dir/MiniOzoneClusterImpl-fe7db7e8-fd61-4d9c-99cb-81ca0fbccd3e/datanode-2/data/ratis/1682e7f3-ed56-42c0-b97d-59d5cc5f8f0f
2019-09-11 18:33:10,336 [pool-57-thread-1] INFO  segmented.SegmentedRaftLogWorker (SegmentedRaftLogWorker.java:<init>(172)) - new 7a57f1e7-20c8-4d4a-aac3-6c686880e77e-SegmentedRaftLogWorker:Storage Directory /workdir/hadoop-ozone/integration-test/target/test-dir/MiniOzoneClusterImpl-fe7db7e8-fd61-4d9c-99cb-81ca0fbccd3e/datanode-3/data/ratis/1682e7f3-ed56-42c0-b97d-59d5cc5f8f0f for RaftStorage:Storage Directory /workdir/hadoop-ozone/integration-test/target/test-dir/MiniOzoneClusterImpl-fe7db7e8-fd61-4d9c-99cb-81ca0fbccd3e/datanode-3/data/ratis/1682e7f3-ed56-42c0-b97d-59d5cc5f8f0f
2019-09-11 18:33:10,336 [pool-47-thread-1] INFO  server.RaftServerConfigKeys (ConfUtils.java:logGet(43)) - raft.server.log.queue.byte-limit = 2147483647 (custom)
2019-09-11 18:33:10,336 [pool-37-thread-1] INFO  server.RaftServerConfigKeys (ConfUtils.java:logGet(43)) - raft.server.log.segment.size.max = 1048576 (custom)
2019-09-11 18:33:10,338 [pool-47-thread-1] INFO  server.RaftServerConfigKeys (ConfUtils.java:logGet(43)) - raft.server.log.queue.element-limit = 1024 (custom)
2019-09-11 18:33:10,336 [pool-57-thread-1] INFO  server.RaftServerConfigKeys (ConfUtils.java:logGet(43)) - raft.server.log.queue.byte-limit = 2147483647 (custom)
2019-09-11 18:33:10,339 [pool-47-thread-1] INFO  server.RaftServerConfigKeys (ConfUtils.java:logGet(43)) - raft.server.log.segment.size.max = 1048576 (custom)
2019-09-11 18:33:10,339 [pool-37-thread-1] INFO  server.RaftServerConfigKeys (ConfUtils.java:logGet(43)) - raft.server.log.segment.cache.num.max = 2 (custom)
2019-09-11 18:33:10,340 [pool-47-thread-1] INFO  server.RaftServerConfigKeys (ConfUtils.java:logGet(43)) - raft.server.log.preallocated.size = 16384 (custom)
2019-09-11 18:33:10,340 [pool-57-thread-1] INFO  server.RaftServerConfigKeys (ConfUtils.java:logGet(43)) - raft.server.log.queue.element-limit = 1024 (custom)
2019-09-11 18:33:10,340 [pool-47-thread-1] INFO  server.RaftServerConfigKeys (ConfUtils.java:logGet(43)) - raft.server.log.write.buffer.size = 33554432 (custom)
2019-09-11 18:33:10,340 [pool-37-thread-1] INFO  segmented.SegmentedRaftLogWorker (SegmentedRaftLogWorker.java:<init>(172)) - new a252aeae-ea32-484f-a17a-a311016863b7-SegmentedRaftLogWorker:Storage Directory /workdir/hadoop-ozone/integration-test/target/test-dir/MiniOzoneClusterImpl-fe7db7e8-fd61-4d9c-99cb-81ca0fbccd3e/datanode-1/data/ratis/1682e7f3-ed56-42c0-b97d-59d5cc5f8f0f for RaftStorage:Storage Directory /workdir/hadoop-ozone/integration-test/target/test-dir/MiniOzoneClusterImpl-fe7db7e8-fd61-4d9c-99cb-81ca0fbccd3e/datanode-1/data/ratis/1682e7f3-ed56-42c0-b97d-59d5cc5f8f0f
2019-09-11 18:33:10,340 [pool-47-thread-1] INFO  server.RaftServerConfigKeys (ConfUtils.java:logGet(43)) - raft.server.log.force.sync.num = 128 (default)
2019-09-11 18:33:10,340 [pool-57-thread-1] INFO  server.RaftServerConfigKeys (ConfUtils.java:logGet(43)) - raft.server.log.segment.size.max = 1048576 (custom)
2019-09-11 18:33:10,341 [pool-47-thread-1] INFO  server.RaftServerConfigKeys (ConfUtils.java:logGet(43)) - raft.server.log.statemachine.data.sync = true (default)
2019-09-11 18:33:10,341 [pool-37-thread-1] INFO  server.RaftServerConfigKeys (ConfUtils.java:logGet(43)) - raft.server.log.queue.byte-limit = 2147483647 (custom)
2019-09-11 18:33:10,342 [pool-47-thread-1] INFO  server.RaftServerConfigKeys (ConfUtils.java:logGet(43)) - raft.server.log.statemachine.data.sync.timeout = 10s (default)
2019-09-11 18:33:10,342 [pool-57-thread-1] INFO  server.RaftServerConfigKeys (ConfUtils.java:logGet(43)) - raft.server.log.preallocated.size = 16384 (custom)
2019-09-11 18:33:10,343 [pool-47-thread-1] INFO  server.RaftServerConfigKeys (ConfUtils.java:logGet(43)) - raft.server.log.statemachine.data.sync.timeout.retry = -1 (default)
2019-09-11 18:33:10,343 [pool-37-thread-1] INFO  server.RaftServerConfigKeys (ConfUtils.java:logGet(43)) - raft.server.log.queue.element-limit = 1024 (custom)
2019-09-11 18:33:10,343 [pool-47-thread-1] INFO  server.RaftServerConfigKeys (ConfUtils.java:logGet(43)) - raft.server.log.statemachine.data.caching.enabled = true (custom)
2019-09-11 18:33:10,343 [pool-57-thread-1] INFO  server.RaftServerConfigKeys (ConfUtils.java:logGet(43)) - raft.server.log.write.buffer.size = 33554432 (custom)
2019-09-11 18:33:10,343 [pool-37-thread-1] INFO  server.RaftServerConfigKeys (ConfUtils.java:logGet(43)) - raft.server.log.segment.size.max = 1048576 (custom)
2019-09-11 18:33:10,344 [pool-57-thread-1] INFO  server.RaftServerConfigKeys (ConfUtils.java:logGet(43)) - raft.server.log.force.sync.num = 128 (default)
2019-09-11 18:33:10,344 [pool-47-thread-1] INFO  segmented.SegmentedRaftLogWorker (SegmentedRaftLogWorker.java:lambda$new$0(132)) - ecc5ee86-76f5-4926-81e0-62b54abd444b-SegmentedRaftLogWorker:Storage Directory /workdir/hadoop-ozone/integration-test/target/test-dir/MiniOzoneClusterImpl-fe7db7e8-fd61-4d9c-99cb-81ca0fbccd3e/datanode-2/data/ratis/1682e7f3-ed56-42c0-b97d-59d5cc5f8f0f: flushIndex: setUnconditionally 0 -> -1
2019-09-11 18:33:10,344 [pool-37-thread-1] INFO  server.RaftServerConfigKeys (ConfUtils.java:logGet(43)) - raft.server.log.preallocated.size = 16384 (custom)
2019-09-11 18:33:10,344 [pool-57-thread-1] INFO  server.RaftServerConfigKeys (ConfUtils.java:logGet(43)) - raft.server.log.statemachine.data.sync = true (default)
2019-09-11 18:33:10,344 [pool-47-thread-1] INFO  server.RaftServerConfigKeys (ConfUtils.java:logGet(43)) - raft.server.snapshot.auto.trigger.enabled = true (custom)
2019-09-11 18:33:10,344 [pool-37-thread-1] INFO  server.RaftServerConfigKeys (ConfUtils.java:logGet(43)) - raft.server.log.write.buffer.size = 33554432 (custom)
2019-09-11 18:33:10,345 [pool-47-thread-1] INFO  server.RaftServerConfigKeys (ConfUtils.java:logGet(43)) - raft.server.snapshot.auto.trigger.threshold = 10000 (custom)
2019-09-11 18:33:10,344 [pool-57-thread-1] INFO  server.RaftServerConfigKeys (ConfUtils.java:logGet(43)) - raft.server.log.statemachine.data.sync.timeout = 10s (default)
2019-09-11 18:33:10,345 [pool-47-thread-1] INFO  server.RaftServerConfigKeys (ConfUtils.java:logGet(43)) - raft.server.retrycache.expirytime = 600000ms (custom)
2019-09-11 18:33:10,345 [pool-37-thread-1] INFO  server.RaftServerConfigKeys (ConfUtils.java:logGet(43)) - raft.server.log.force.sync.num = 128 (default)
2019-09-11 18:33:10,345 [pool-47-thread-1] INFO  impl.RaftServerImpl (RaftServerImpl.java:start(180)) - ecc5ee86-76f5-4926-81e0-62b54abd444b: start group-59D5CC5F8F0F
2019-09-11 18:33:10,345 [pool-57-thread-1] INFO  server.RaftServerConfigKeys (ConfUtils.java:logGet(43)) - raft.server.log.statemachine.data.sync.timeout.retry = -1 (default)
2019-09-11 18:33:10,345 [pool-47-thread-1] INFO  impl.RaftServerImpl (RaftServerImpl.java:setRole(171)) - ecc5ee86-76f5-4926-81e0-62b54abd444b:group-59D5CC5F8F0F changes role from null to FOLLOWER at term 0 for startAsFollower
2019-09-11 18:33:10,345 [pool-37-thread-1] INFO  server.RaftServerConfigKeys (ConfUtils.java:logGet(43)) - raft.server.log.statemachine.data.sync = true (default)
2019-09-11 18:33:10,346 [pool-47-thread-1] INFO  impl.RoleInfo (RoleInfo.java:updateAndGet(143)) - ecc5ee86-76f5-4926-81e0-62b54abd444b: start FollowerState
2019-09-11 18:33:10,346 [pool-57-thread-1] INFO  server.RaftServerConfigKeys (ConfUtils.java:logGet(43)) - raft.server.log.statemachine.data.caching.enabled = true (custom)
2019-09-11 18:33:10,346 [pool-37-thread-1] INFO  server.RaftServerConfigKeys (ConfUtils.java:logGet(43)) - raft.server.log.statemachine.data.sync.timeout = 10s (default)
2019-09-11 18:33:10,346 [pool-47-thread-1] INFO  util.JmxRegister (JmxRegister.java:tryRegister(44)) - Successfully registered JMX Bean with object name Ratis:service=RaftServer,group=group-59D5CC5F8F0F,id=ecc5ee86-76f5-4926-81e0-62b54abd444b
2019-09-11 18:33:10,346 [pool-37-thread-1] INFO  server.RaftServerConfigKeys (ConfUtils.java:logGet(43)) - raft.server.log.statemachine.data.sync.timeout.retry = -1 (default)
2019-09-11 18:33:10,346 [pool-57-thread-1] INFO  segmented.SegmentedRaftLogWorker (SegmentedRaftLogWorker.java:lambda$new$0(132)) - 7a57f1e7-20c8-4d4a-aac3-6c686880e77e-SegmentedRaftLogWorker:Storage Directory /workdir/hadoop-ozone/integration-test/target/test-dir/MiniOzoneClusterImpl-fe7db7e8-fd61-4d9c-99cb-81ca0fbccd3e/datanode-3/data/ratis/1682e7f3-ed56-42c0-b97d-59d5cc5f8f0f: flushIndex: setUnconditionally 0 -> -1
2019-09-11 18:33:10,347 [pool-37-thread-1] INFO  server.RaftServerConfigKeys (ConfUtils.java:logGet(43)) - raft.server.log.statemachine.data.caching.enabled = true (custom)
2019-09-11 18:33:10,347 [pool-57-thread-1] INFO  server.RaftServerConfigKeys (ConfUtils.java:logGet(43)) - raft.server.snapshot.auto.trigger.enabled = true (custom)
2019-09-11 18:33:10,347 [pool-37-thread-1] INFO  segmented.SegmentedRaftLogWorker (SegmentedRaftLogWorker.java:lambda$new$0(132)) - a252aeae-ea32-484f-a17a-a311016863b7-SegmentedRaftLogWorker:Storage Directory /workdir/hadoop-ozone/integration-test/target/test-dir/MiniOzoneClusterImpl-fe7db7e8-fd61-4d9c-99cb-81ca0fbccd3e/datanode-1/data/ratis/1682e7f3-ed56-42c0-b97d-59d5cc5f8f0f: flushIndex: setUnconditionally 0 -> -1
2019-09-11 18:33:10,347 [pool-57-thread-1] INFO  server.RaftServerConfigKeys (ConfUtils.java:logGet(43)) - raft.server.snapshot.auto.trigger.threshold = 10000 (custom)
2019-09-11 18:33:10,348 [pool-57-thread-1] INFO  server.RaftServerConfigKeys (ConfUtils.java:logGet(43)) - raft.server.retrycache.expirytime = 600000ms (custom)
2019-09-11 18:33:10,348 [pool-37-thread-1] INFO  server.RaftServerConfigKeys (ConfUtils.java:logGet(43)) - raft.server.snapshot.auto.trigger.enabled = true (custom)
2019-09-11 18:33:10,350 [pool-57-thread-1] INFO  impl.RaftServerImpl (RaftServerImpl.java:start(180)) - 7a57f1e7-20c8-4d4a-aac3-6c686880e77e: start group-59D5CC5F8F0F
2019-09-11 18:33:10,350 [pool-37-thread-1] INFO  server.RaftServerConfigKeys (ConfUtils.java:logGet(43)) - raft.server.snapshot.auto.trigger.threshold = 10000 (custom)
2019-09-11 18:33:10,350 [pool-57-thread-1] INFO  impl.RaftServerImpl (RaftServerImpl.java:setRole(171)) - 7a57f1e7-20c8-4d4a-aac3-6c686880e77e:group-59D5CC5F8F0F changes role from null to FOLLOWER at term 0 for startAsFollower
2019-09-11 18:33:10,352 [pool-37-thread-1] INFO  server.RaftServerConfigKeys (ConfUtils.java:logGet(43)) - raft.server.retrycache.expirytime = 600000ms (custom)
2019-09-11 18:33:10,352 [pool-57-thread-1] INFO  impl.RoleInfo (RoleInfo.java:updateAndGet(143)) - 7a57f1e7-20c8-4d4a-aac3-6c686880e77e: start FollowerState
2019-09-11 18:33:10,353 [pool-37-thread-1] INFO  impl.RaftServerImpl (RaftServerImpl.java:start(180)) - a252aeae-ea32-484f-a17a-a311016863b7: start group-59D5CC5F8F0F
2019-09-11 18:33:10,355 [pool-37-thread-1] INFO  impl.RaftServerImpl (RaftServerImpl.java:setRole(171)) - a252aeae-ea32-484f-a17a-a311016863b7:group-59D5CC5F8F0F changes role from null to FOLLOWER at term 0 for startAsFollower
2019-09-11 18:33:10,355 [pool-57-thread-1] INFO  util.JmxRegister (JmxRegister.java:tryRegister(44)) - Successfully registered JMX Bean with object name Ratis:service=RaftServer,group=group-59D5CC5F8F0F,id=7a57f1e7-20c8-4d4a-aac3-6c686880e77e
2019-09-11 18:33:10,355 [pool-37-thread-1] INFO  impl.RoleInfo (RoleInfo.java:updateAndGet(143)) - a252aeae-ea32-484f-a17a-a311016863b7: start FollowerState
2019-09-11 18:33:10,356 [pool-37-thread-1] INFO  util.JmxRegister (JmxRegister.java:tryRegister(44)) - Successfully registered JMX Bean with object name Ratis:service=RaftServer,group=group-59D5CC5F8F0F,id=a252aeae-ea32-484f-a17a-a311016863b7
2019-09-11 18:33:10,368 [RatisPipelineUtilsThread] INFO  pipeline.PipelineStateManager (PipelineStateManager.java:addPipeline(56)) - Created pipeline Pipeline[ Id: 1682e7f3-ed56-42c0-b97d-59d5cc5f8f0f, Nodes: ecc5ee86-76f5-4926-81e0-62b54abd444b{ip: 192.168.34.14, host: pr-hdds-2076-h65fj-2956048825, networkLocation: /default-rack, certSerialId: null}a252aeae-ea32-484f-a17a-a311016863b7{ip: 192.168.34.14, host: pr-hdds-2076-h65fj-2956048825, networkLocation: /default-rack, certSerialId: null}7a57f1e7-20c8-4d4a-aac3-6c686880e77e{ip: 192.168.34.14, host: pr-hdds-2076-h65fj-2956048825, networkLocation: /default-rack, certSerialId: null}, Type:RATIS, Factor:THREE, State:OPEN]
2019-09-11 18:33:10,591 [Thread-193] INFO  container.ReplicationManager (ReplicationManager.java:start(169)) - Replication Monitor Thread is already running.
2019-09-11 18:33:10,639 [Command processor thread] ERROR commandhandler.CloseContainerCommandHandler (CloseContainerCommandHandler.java:handle(84)) - Container #1 does not exist in datanode. Container close failed.
2019-09-11 18:33:10,714 [Command processor thread] ERROR commandhandler.CloseContainerCommandHandler (CloseContainerCommandHandler.java:handle(84)) - Container #1 does not exist in datanode. Container close failed.
2019-09-11 18:33:10,784 [Command processor thread] ERROR commandhandler.CloseContainerCommandHandler (CloseContainerCommandHandler.java:handle(84)) - Container #1 does not exist in datanode. Container close failed.
2019-09-11 18:33:10,796 [ReplicationMonitor] INFO  container.ReplicationManager (ReplicationManager.java:run(225)) - Replication Monitor Thread took 1 milliseconds for processing 1 containers.
2019-09-11 18:33:11,138 [grpc-default-executor-1] INFO  client.GrpcClientProtocolClient (GrpcClientProtocolClient.java:onNext(255)) - client-360478570AD7->7a57f1e7-20c8-4d4a-aac3-6c686880e77e: receive RaftClientReply:client-360478570AD7->7a57f1e7-20c8-4d4a-aac3-6c686880e77e@group-C4E8AEF099C5, cid=8, FAILED org.apache.ratis.protocol.NotLeaderException: Server 7a57f1e7-20c8-4d4a-aac3-6c686880e77e is not the leader (null). Request must be sent to leader., logIndex=0, commits[7a57f1e7-20c8-4d4a-aac3-6c686880e77e:c-1]
2019-09-11 18:33:12,164 [grpc-default-executor-2] INFO  client.GrpcClientProtocolClient (GrpcClientProtocolClient.java:onNext(255)) - client-360478570AD7->a252aeae-ea32-484f-a17a-a311016863b7: receive RaftClientReply:client-360478570AD7->a252aeae-ea32-484f-a17a-a311016863b7@group-C4E8AEF099C5, cid=8, FAILED org.apache.ratis.protocol.NotLeaderException: Server a252aeae-ea32-484f-a17a-a311016863b7 is not the leader (null). Request must be sent to leader., logIndex=0, commits[a252aeae-ea32-484f-a17a-a311016863b7:c-1]
2019-09-11 18:33:12,796 [ReplicationMonitor] INFO  container.ReplicationManager (ReplicationManager.java:run(225)) - Replication Monitor Thread took 0 milliseconds for processing 1 containers.
2019-09-11 18:33:13,187 [grpc-default-executor-2] INFO  client.GrpcClientProtocolClient (GrpcClientProtocolClient.java:onNext(255)) - client-360478570AD7->ecc5ee86-76f5-4926-81e0-62b54abd444b: receive RaftClientReply:client-360478570AD7->ecc5ee86-76f5-4926-81e0-62b54abd444b@group-C4E8AEF099C5, cid=8, FAILED org.apache.ratis.protocol.NotLeaderException: Server ecc5ee86-76f5-4926-81e0-62b54abd444b is not the leader (null). Request must be sent to leader., logIndex=0, commits[ecc5ee86-76f5-4926-81e0-62b54abd444b:c-1]
2019-09-11 18:33:13,481 [Thread-195] INFO  impl.FollowerState (FollowerState.java:run(106)) - fec6197a-76e7-45dd-9283-db975e2d3fe6:group-7484CDC65557 changes to CANDIDATE, lastRpcTime:5165, electionTimeout:5162ms
2019-09-11 18:33:13,481 [Thread-195] INFO  impl.RoleInfo (RoleInfo.java:shutdownFollowerState(121)) - fec6197a-76e7-45dd-9283-db975e2d3fe6: shutdown FollowerState
2019-09-11 18:33:13,481 [Thread-195] INFO  impl.RaftServerImpl (RaftServerImpl.java:setRole(171)) - fec6197a-76e7-45dd-9283-db975e2d3fe6:group-7484CDC65557 changes role from FOLLOWER to CANDIDATE at term 0 for changeToCandidate
2019-09-11 18:33:13,488 [Thread-195] INFO  impl.RoleInfo (RoleInfo.java:updateAndGet(143)) - fec6197a-76e7-45dd-9283-db975e2d3fe6: start LeaderElection
2019-09-11 18:33:13,506 [fec6197a-76e7-45dd-9283-db975e2d3fe6:group-7484CDC65557:LeaderElection1] INFO  impl.LeaderElection (LeaderElection.java:askForVotes(181)) - fec6197a-76e7-45dd-9283-db975e2d3fe6:group-7484CDC65557:LeaderElection1: begin an election at term 1 for -1: [fec6197a-76e7-45dd-9283-db975e2d3fe6:192.168.34.14:45311], old=null
2019-09-11 18:33:13,509 [fec6197a-76e7-45dd-9283-db975e2d3fe6:group-7484CDC65557:LeaderElection1] INFO  impl.RoleInfo (RoleInfo.java:shutdownLeaderElection(134)) - fec6197a-76e7-45dd-9283-db975e2d3fe6: shutdown LeaderElection
2019-09-11 18:33:13,510 [fec6197a-76e7-45dd-9283-db975e2d3fe6:group-7484CDC65557:LeaderElection1] INFO  impl.RaftServerImpl (RaftServerImpl.java:setRole(171)) - fec6197a-76e7-45dd-9283-db975e2d3fe6:group-7484CDC65557 changes role from CANDIDATE to LEADER at term 1 for changeToLeader
2019-09-11 18:33:13,510 [fec6197a-76e7-45dd-9283-db975e2d3fe6:group-7484CDC65557:LeaderElection1] INFO  impl.RaftServerImpl (ServerState.java:setLeader(263)) - fec6197a-76e7-45dd-9283-db975e2d3fe6:group-7484CDC65557 change Leader from null to fec6197a-76e7-45dd-9283-db975e2d3fe6 at term 1 for becomeLeader, leader elected after 5285ms
2019-09-11 18:33:13,518 [fec6197a-76e7-45dd-9283-db975e2d3fe6:group-7484CDC65557:LeaderElection1] INFO  server.RaftServerConfigKeys (ConfUtils.java:logGet(43)) - raft.server.staging.catchup.gap = 1000 (default)
2019-09-11 18:33:13,518 [fec6197a-76e7-45dd-9283-db975e2d3fe6:group-7484CDC65557:LeaderElection1] INFO  server.RaftServerConfigKeys (ConfUtils.java:logGet(43)) - raft.server.rpc.sleep.time = 25ms (default)
2019-09-11 18:33:13,521 [fec6197a-76e7-45dd-9283-db975e2d3fe6:group-7484CDC65557:LeaderElection1] INFO  server.RaftServerConfigKeys (ConfUtils.java:logGet(43)) - raft.server.write.element-limit = 4096 (default)
2019-09-11 18:33:13,524 [fec6197a-76e7-45dd-9283-db975e2d3fe6:group-7484CDC65557:LeaderElection1] INFO  server.RaftServerConfigKeys (ConfUtils.java:logGet(43)) - raft.server.watch.timeout = 10s (default)
2019-09-11 18:33:13,524 [fec6197a-76e7-45dd-9283-db975e2d3fe6:group-7484CDC65557:LeaderElection1] INFO  server.RaftServerConfigKeys (ConfUtils.java:logGet(43)) - raft.server.watch.timeout.denomination = 1s (default)
2019-09-11 18:33:13,526 [fec6197a-76e7-45dd-9283-db975e2d3fe6:group-7484CDC65557:LeaderElection1] INFO  server.RaftServerConfigKeys (ConfUtils.java:logGet(43)) - raft.server.watch.element-limit = 65536 (default)
2019-09-11 18:33:13,535 [fec6197a-76e7-45dd-9283-db975e2d3fe6:group-7484CDC65557:LeaderElection1] INFO  impl.RoleInfo (RoleInfo.java:updateAndGet(143)) - fec6197a-76e7-45dd-9283-db975e2d3fe6: start LeaderState
2019-09-11 18:33:13,558 [fec6197a-76e7-45dd-9283-db975e2d3fe6:group-7484CDC65557:LeaderElection1] INFO  segmented.SegmentedRaftLogWorker (SegmentedRaftLogWorker.java:startLogSegment(380)) - fec6197a-76e7-45dd-9283-db975e2d3fe6-SegmentedRaftLogWorker:Storage Directory /workdir/hadoop-ozone/integration-test/target/test-dir/MiniOzoneClusterImpl-fe7db7e8-fd61-4d9c-99cb-81ca0fbccd3e/datanode-0/data/ratis/03aeceb9-bcf4-48b2-aa75-7484cdc65557: Starting segment from index:0
2019-09-11 18:33:13,566 [fec6197a-76e7-45dd-9283-db975e2d3fe6:group-7484CDC65557:LeaderElection1] INFO  impl.RaftServerImpl (ServerState.java:setRaftConf(361)) - fec6197a-76e7-45dd-9283-db975e2d3fe6:group-7484CDC65557 set configuration 0: [fec6197a-76e7-45dd-9283-db975e2d3fe6:192.168.34.14:45311], old=null at 0
2019-09-11 18:33:13,596 [Thread-198] INFO  impl.FollowerState (FollowerState.java:run(106)) - ecc5ee86-76f5-4926-81e0-62b54abd444b:group-194BCC8909A8 changes to CANDIDATE, lastRpcTime:5100, electionTimeout:5099ms
2019-09-11 18:33:13,603 [Thread-198] INFO  impl.RoleInfo (RoleInfo.java:shutdownFollowerState(121)) - ecc5ee86-76f5-4926-81e0-62b54abd444b: shutdown FollowerState
2019-09-11 18:33:13,603 [Thread-198] INFO  impl.RaftServerImpl (RaftServerImpl.java:setRole(171)) - ecc5ee86-76f5-4926-81e0-62b54abd444b:group-194BCC8909A8 changes role from FOLLOWER to CANDIDATE at term 0 for changeToCandidate
2019-09-11 18:33:13,603 [Thread-198] INFO  impl.RoleInfo (RoleInfo.java:updateAndGet(143)) - ecc5ee86-76f5-4926-81e0-62b54abd444b: start LeaderElection
2019-09-11 18:33:13,633 [ecc5ee86-76f5-4926-81e0-62b54abd444b:group-194BCC8909A8:LeaderElection2] INFO  impl.LeaderElection (LeaderElection.java:askForVotes(181)) - ecc5ee86-76f5-4926-81e0-62b54abd444b:group-194BCC8909A8:LeaderElection2: begin an election at term 1 for -1: [ecc5ee86-76f5-4926-81e0-62b54abd444b:192.168.34.14:45860], old=null
2019-09-11 18:33:13,633 [ecc5ee86-76f5-4926-81e0-62b54abd444b:group-194BCC8909A8:LeaderElection2] INFO  impl.RoleInfo (RoleInfo.java:shutdownLeaderElection(134)) - ecc5ee86-76f5-4926-81e0-62b54abd444b: shutdown LeaderElection
2019-09-11 18:33:13,633 [ecc5ee86-76f5-4926-81e0-62b54abd444b:group-194BCC8909A8:LeaderElection2] INFO  impl.RaftServerImpl (RaftServerImpl.java:setRole(171)) - ecc5ee86-76f5-4926-81e0-62b54abd444b:group-194BCC8909A8 changes role from CANDIDATE to LEADER at term 1 for changeToLeader
2019-09-11 18:33:13,633 [ecc5ee86-76f5-4926-81e0-62b54abd444b:group-194BCC8909A8:LeaderElection2] INFO  impl.RaftServerImpl (ServerState.java:setLeader(263)) - ecc5ee86-76f5-4926-81e0-62b54abd444b:group-194BCC8909A8 change Leader from null to ecc5ee86-76f5-4926-81e0-62b54abd444b at term 1 for becomeLeader, leader elected after 5145ms
2019-09-11 18:33:13,634 [ecc5ee86-76f5-4926-81e0-62b54abd444b:group-194BCC8909A8:LeaderElection2] INFO  server.RaftServerConfigKeys (ConfUtils.java:logGet(43)) - raft.server.staging.catchup.gap = 1000 (default)
2019-09-11 18:33:13,634 [ecc5ee86-76f5-4926-81e0-62b54abd444b:group-194BCC8909A8:LeaderElection2] INFO  server.RaftServerConfigKeys (ConfUtils.java:logGet(43)) - raft.server.rpc.sleep.time = 25ms (default)
2019-09-11 18:33:13,634 [ecc5ee86-76f5-4926-81e0-62b54abd444b:group-194BCC8909A8:LeaderElection2] INFO  server.RaftServerConfigKeys (ConfUtils.java:logGet(43)) - raft.server.write.element-limit = 4096 (default)
2019-09-11 18:33:13,634 [ecc5ee86-76f5-4926-81e0-62b54abd444b:group-194BCC8909A8:LeaderElection2] INFO  server.RaftServerConfigKeys (ConfUtils.java:logGet(43)) - raft.server.watch.timeout = 10s (default)
2019-09-11 18:33:13,634 [ecc5ee86-76f5-4926-81e0-62b54abd444b:group-194BCC8909A8:LeaderElection2] INFO  server.RaftServerConfigKeys (ConfUtils.java:logGet(43)) - raft.server.watch.timeout.denomination = 1s (default)
2019-09-11 18:33:13,635 [ecc5ee86-76f5-4926-81e0-62b54abd444b:group-194BCC8909A8:LeaderElection2] INFO  server.RaftServerConfigKeys (ConfUtils.java:logGet(43)) - raft.server.watch.element-limit = 65536 (default)
2019-09-11 18:33:13,635 [ecc5ee86-76f5-4926-81e0-62b54abd444b:group-194BCC8909A8:LeaderElection2] INFO  impl.RoleInfo (RoleInfo.java:updateAndGet(143)) - ecc5ee86-76f5-4926-81e0-62b54abd444b: start LeaderState
2019-09-11 18:33:13,635 [ecc5ee86-76f5-4926-81e0-62b54abd444b:group-194BCC8909A8:LeaderElection2] INFO  segmented.SegmentedRaftLogWorker (SegmentedRaftLogWorker.java:startLogSegment(380)) - ecc5ee86-76f5-4926-81e0-62b54abd444b-SegmentedRaftLogWorker:Storage Directory /workdir/hadoop-ozone/integration-test/target/test-dir/MiniOzoneClusterImpl-fe7db7e8-fd61-4d9c-99cb-81ca0fbccd3e/datanode-2/data/ratis/4177627e-d0f1-4f12-a227-194bcc8909a8: Starting segment from index:0
2019-09-11 18:33:13,636 [ecc5ee86-76f5-4926-81e0-62b54abd444b:group-194BCC8909A8:LeaderElection2] INFO  impl.RaftServerImpl (ServerState.java:setRaftConf(361)) - ecc5ee86-76f5-4926-81e0-62b54abd444b:group-194BCC8909A8 set configuration 0: [ecc5ee86-76f5-4926-81e0-62b54abd444b:192.168.34.14:45860], old=null at 0
2019-09-11 18:33:13,804 [Thread-204] INFO  impl.FollowerState (FollowerState.java:run(106)) - 7a57f1e7-20c8-4d4a-aac3-6c686880e77e:group-1E80029F1DBB changes to CANDIDATE, lastRpcTime:5146, electionTimeout:5146ms
2019-09-11 18:33:13,771 [Thread-201] INFO  impl.FollowerState (FollowerState.java:run(106)) - a252aeae-ea32-484f-a17a-a311016863b7:group-60DF0F2AF37E changes to CANDIDATE, lastRpcTime:5181, electionTimeout:5181ms
2019-09-11 18:33:13,804 [Thread-204] INFO  impl.RoleInfo (RoleInfo.java:shutdownFollowerState(121)) - 7a57f1e7-20c8-4d4a-aac3-6c686880e77e: shutdown FollowerState
2019-09-11 18:33:13,805 [Thread-201] INFO  impl.RoleInfo (RoleInfo.java:shutdownFollowerState(121)) - a252aeae-ea32-484f-a17a-a311016863b7: shutdown FollowerState
2019-09-11 18:33:13,805 [Thread-204] INFO  impl.RaftServerImpl (RaftServerImpl.java:setRole(171)) - 7a57f1e7-20c8-4d4a-aac3-6c686880e77e:group-1E80029F1DBB changes role from FOLLOWER to CANDIDATE at term 0 for changeToCandidate
2019-09-11 18:33:13,805 [Thread-201] INFO  impl.RaftServerImpl (RaftServerImpl.java:setRole(171)) - a252aeae-ea32-484f-a17a-a311016863b7:group-60DF0F2AF37E changes role from FOLLOWER to CANDIDATE at term 0 for changeToCandidate
2019-09-11 18:33:13,805 [Thread-204] INFO  impl.RoleInfo (RoleInfo.java:updateAndGet(143)) - 7a57f1e7-20c8-4d4a-aac3-6c686880e77e: start LeaderElection
2019-09-11 18:33:13,805 [Thread-201] INFO  impl.RoleInfo (RoleInfo.java:updateAndGet(143)) - a252aeae-ea32-484f-a17a-a311016863b7: start LeaderElection
2019-09-11 18:33:13,825 [fec6197a-76e7-45dd-9283-db975e2d3fe6-SegmentedRaftLogWorker:Storage Directory /workdir/hadoop-ozone/integration-test/target/test-dir/MiniOzoneClusterImpl-fe7db7e8-fd61-4d9c-99cb-81ca0fbccd3e/datanode-0/data/ratis/03aeceb9-bcf4-48b2-aa75-7484cdc65557] INFO  segmented.SegmentedRaftLogWorker (SegmentedRaftLogWorker.java:execute(569)) - fec6197a-76e7-45dd-9283-db975e2d3fe6-SegmentedRaftLogWorker:Storage Directory /workdir/hadoop-ozone/integration-test/target/test-dir/MiniOzoneClusterImpl-fe7db7e8-fd61-4d9c-99cb-81ca0fbccd3e/datanode-0/data/ratis/03aeceb9-bcf4-48b2-aa75-7484cdc65557: created new log segment /workdir/hadoop-ozone/integration-test/target/test-dir/MiniOzoneClusterImpl-fe7db7e8-fd61-4d9c-99cb-81ca0fbccd3e/datanode-0/data/ratis/03aeceb9-bcf4-48b2-aa75-7484cdc65557/current/log_inprogress_0
2019-09-11 18:33:13,825 [ecc5ee86-76f5-4926-81e0-62b54abd444b-SegmentedRaftLogWorker:Storage Directory /workdir/hadoop-ozone/integration-test/target/test-dir/MiniOzoneClusterImpl-fe7db7e8-fd61-4d9c-99cb-81ca0fbccd3e/datanode-2/data/ratis/4177627e-d0f1-4f12-a227-194bcc8909a8] INFO  segmented.SegmentedRaftLogWorker (SegmentedRaftLogWorker.java:execute(569)) - ecc5ee86-76f5-4926-81e0-62b54abd444b-SegmentedRaftLogWorker:Storage Directory /workdir/hadoop-ozone/integration-test/target/test-dir/MiniOzoneClusterImpl-fe7db7e8-fd61-4d9c-99cb-81ca0fbccd3e/datanode-2/data/ratis/4177627e-d0f1-4f12-a227-194bcc8909a8: created new log segment /workdir/hadoop-ozone/integration-test/target/test-dir/MiniOzoneClusterImpl-fe7db7e8-fd61-4d9c-99cb-81ca0fbccd3e/datanode-2/data/ratis/4177627e-d0f1-4f12-a227-194bcc8909a8/current/log_inprogress_0
2019-09-11 18:33:13,825 [7a57f1e7-20c8-4d4a-aac3-6c686880e77e:group-1E80029F1DBB:LeaderElection3] INFO  impl.LeaderElection (LeaderElection.java:askForVotes(181)) - 7a57f1e7-20c8-4d4a-aac3-6c686880e77e:group-1E80029F1DBB:LeaderElection3: begin an election at term 1 for -1: [7a57f1e7-20c8-4d4a-aac3-6c686880e77e:192.168.34.14:45603], old=null
2019-09-11 18:33:13,825 [a252aeae-ea32-484f-a17a-a311016863b7:group-60DF0F2AF37E:LeaderElection4] INFO  impl.LeaderElection (LeaderElection.java:askForVotes(181)) - a252aeae-ea32-484f-a17a-a311016863b7:group-60DF0F2AF37E:LeaderElection4: begin an election at term 1 for -1: [a252aeae-ea32-484f-a17a-a311016863b7:192.168.34.14:42749], old=null
2019-09-11 18:33:13,829 [7a57f1e7-20c8-4d4a-aac3-6c686880e77e:group-1E80029F1DBB:LeaderElection3] INFO  impl.RoleInfo (RoleInfo.java:shutdownLeaderElection(134)) - 7a57f1e7-20c8-4d4a-aac3-6c686880e77e: shutdown LeaderElection
2019-09-11 18:33:13,829 [a252aeae-ea32-484f-a17a-a311016863b7:group-60DF0F2AF37E:LeaderElection4] INFO  impl.RoleInfo (RoleInfo.java:shutdownLeaderElection(134)) - a252aeae-ea32-484f-a17a-a311016863b7: shutdown LeaderElection
2019-09-11 18:33:13,829 [7a57f1e7-20c8-4d4a-aac3-6c686880e77e:group-1E80029F1DBB:LeaderElection3] INFO  impl.RaftServerImpl (RaftServerImpl.java:setRole(171)) - 7a57f1e7-20c8-4d4a-aac3-6c686880e77e:group-1E80029F1DBB changes role from CANDIDATE to LEADER at term 1 for changeToLeader
2019-09-11 18:33:13,830 [a252aeae-ea32-484f-a17a-a311016863b7:group-60DF0F2AF37E:LeaderElection4] INFO  impl.RaftServerImpl (RaftServerImpl.java:setRole(171)) - a252aeae-ea32-484f-a17a-a311016863b7:group-60DF0F2AF37E changes role from CANDIDATE to LEADER at term 1 for changeToLeader
2019-09-11 18:33:13,830 [7a57f1e7-20c8-4d4a-aac3-6c686880e77e:group-1E80029F1DBB:LeaderElection3] INFO  impl.RaftServerImpl (ServerState.java:setLeader(263)) - 7a57f1e7-20c8-4d4a-aac3-6c686880e77e:group-1E80029F1DBB change Leader from null to 7a57f1e7-20c8-4d4a-aac3-6c686880e77e at term 1 for becomeLeader, leader elected after 5178ms
2019-09-11 18:33:13,830 [a252aeae-ea32-484f-a17a-a311016863b7:group-60DF0F2AF37E:LeaderElection4] INFO  impl.RaftServerImpl (ServerState.java:setLeader(263)) - a252aeae-ea32-484f-a17a-a311016863b7:group-60DF0F2AF37E change Leader from null to a252aeae-ea32-484f-a17a-a311016863b7 at term 1 for becomeLeader, leader elected after 5245ms
2019-09-11 18:33:13,831 [7a57f1e7-20c8-4d4a-aac3-6c686880e77e:group-1E80029F1DBB:LeaderElection3] INFO  server.RaftServerConfigKeys (ConfUtils.java:logGet(43)) - raft.server.staging.catchup.gap = 1000 (default)
2019-09-11 18:33:13,832 [a252aeae-ea32-484f-a17a-a311016863b7:group-60DF0F2AF37E:LeaderElection4] INFO  server.RaftServerConfigKeys (ConfUtils.java:logGet(43)) - raft.server.staging.catchup.gap = 1000 (default)
2019-09-11 18:33:13,833 [7a57f1e7-20c8-4d4a-aac3-6c686880e77e:group-1E80029F1DBB:LeaderElection3] INFO  server.RaftServerConfigKeys (ConfUtils.java:logGet(43)) - raft.server.rpc.sleep.time = 25ms (default)
2019-09-11 18:33:13,833 [a252aeae-ea32-484f-a17a-a311016863b7:group-60DF0F2AF37E:LeaderElection4] INFO  server.RaftServerConfigKeys (ConfUtils.java:logGet(43)) - raft.server.rpc.sleep.time = 25ms (default)
2019-09-11 18:33:13,833 [7a57f1e7-20c8-4d4a-aac3-6c686880e77e:group-1E80029F1DBB:LeaderElection3] INFO  server.RaftServerConfigKeys (ConfUtils.java:logGet(43)) - raft.server.write.element-limit = 4096 (default)
2019-09-11 18:33:13,833 [a252aeae-ea32-484f-a17a-a311016863b7:group-60DF0F2AF37E:LeaderElection4] INFO  server.RaftServerConfigKeys (ConfUtils.java:logGet(43)) - raft.server.write.element-limit = 4096 (default)
2019-09-11 18:33:13,833 [7a57f1e7-20c8-4d4a-aac3-6c686880e77e:group-1E80029F1DBB:LeaderElection3] INFO  server.RaftServerConfigKeys (ConfUtils.java:logGet(43)) - raft.server.watch.timeout = 10s (default)
2019-09-11 18:33:13,833 [a252aeae-ea32-484f-a17a-a311016863b7:group-60DF0F2AF37E:LeaderElection4] INFO  server.RaftServerConfigKeys (ConfUtils.java:logGet(43)) - raft.server.watch.timeout = 10s (default)
2019-09-11 18:33:13,833 [7a57f1e7-20c8-4d4a-aac3-6c686880e77e:group-1E80029F1DBB:LeaderElection3] INFO  server.RaftServerConfigKeys (ConfUtils.java:logGet(43)) - raft.server.watch.timeout.denomination = 1s (default)
2019-09-11 18:33:13,834 [a252aeae-ea32-484f-a17a-a311016863b7:group-60DF0F2AF37E:LeaderElection4] INFO  server.RaftServerConfigKeys (ConfUtils.java:logGet(43)) - raft.server.watch.timeout.denomination = 1s (default)
2019-09-11 18:33:13,834 [7a57f1e7-20c8-4d4a-aac3-6c686880e77e:group-1E80029F1DBB:LeaderElection3] INFO  server.RaftServerConfigKeys (ConfUtils.java:logGet(43)) - raft.server.watch.element-limit = 65536 (default)
2019-09-11 18:33:13,834 [a252aeae-ea32-484f-a17a-a311016863b7:group-60DF0F2AF37E:LeaderElection4] INFO  server.RaftServerConfigKeys (ConfUtils.java:logGet(43)) - raft.server.watch.element-limit = 65536 (default)
2019-09-11 18:33:13,834 [7a57f1e7-20c8-4d4a-aac3-6c686880e77e:group-1E80029F1DBB:LeaderElection3] INFO  impl.RoleInfo (RoleInfo.java:updateAndGet(143)) - 7a57f1e7-20c8-4d4a-aac3-6c686880e77e: start LeaderState
2019-09-11 18:33:13,834 [a252aeae-ea32-484f-a17a-a311016863b7:group-60DF0F2AF37E:LeaderElection4] INFO  impl.RoleInfo (RoleInfo.java:updateAndGet(143)) - a252aeae-ea32-484f-a17a-a311016863b7: start LeaderState
2019-09-11 18:33:13,835 [7a57f1e7-20c8-4d4a-aac3-6c686880e77e:group-1E80029F1DBB:LeaderElection3] INFO  segmented.SegmentedRaftLogWorker (SegmentedRaftLogWorker.java:startLogSegment(380)) - 7a57f1e7-20c8-4d4a-aac3-6c686880e77e-SegmentedRaftLogWorker:Storage Directory /workdir/hadoop-ozone/integration-test/target/test-dir/MiniOzoneClusterImpl-fe7db7e8-fd61-4d9c-99cb-81ca0fbccd3e/datanode-3/data/ratis/14e93318-22ca-4fa9-9edc-1e80029f1dbb: Starting segment from index:0
2019-09-11 18:33:13,835 [a252aeae-ea32-484f-a17a-a311016863b7:group-60DF0F2AF37E:LeaderElection4] INFO  segmented.SegmentedRaftLogWorker (SegmentedRaftLogWorker.java:startLogSegment(380)) - a252aeae-ea32-484f-a17a-a311016863b7-SegmentedRaftLogWorker:Storage Directory /workdir/hadoop-ozone/integration-test/target/test-dir/MiniOzoneClusterImpl-fe7db7e8-fd61-4d9c-99cb-81ca0fbccd3e/datanode-1/data/ratis/5c0058c8-bbf3-45d6-89cc-60df0f2af37e: Starting segment from index:0
2019-09-11 18:33:13,835 [7a57f1e7-20c8-4d4a-aac3-6c686880e77e:group-1E80029F1DBB:LeaderElection3] INFO  impl.RaftServerImpl (ServerState.java:setRaftConf(361)) - 7a57f1e7-20c8-4d4a-aac3-6c686880e77e:group-1E80029F1DBB set configuration 0: [7a57f1e7-20c8-4d4a-aac3-6c686880e77e:192.168.34.14:45603], old=null at 0
2019-09-11 18:33:13,877 [Thread-207] INFO  impl.FollowerState (FollowerState.java:run(106)) - 7a57f1e7-20c8-4d4a-aac3-6c686880e77e:group-C4E8AEF099C5 changes to CANDIDATE, lastRpcTime:5087, electionTimeout:5056ms
2019-09-11 18:33:13,877 [a252aeae-ea32-484f-a17a-a311016863b7:group-60DF0F2AF37E:LeaderElection4] INFO  impl.RaftServerImpl (ServerState.java:setRaftConf(361)) - a252aeae-ea32-484f-a17a-a311016863b7:group-60DF0F2AF37E set configuration 0: [a252aeae-ea32-484f-a17a-a311016863b7:192.168.34.14:42749], old=null at 0
2019-09-11 18:33:13,877 [Thread-207] INFO  impl.RoleInfo (RoleInfo.java:shutdownFollowerState(121)) - 7a57f1e7-20c8-4d4a-aac3-6c686880e77e: shutdown FollowerState
2019-09-11 18:33:13,879 [Thread-207] INFO  impl.RaftServerImpl (RaftServerImpl.java:setRole(171)) - 7a57f1e7-20c8-4d4a-aac3-6c686880e77e:group-C4E8AEF099C5 changes role from FOLLOWER to CANDIDATE at term 0 for changeToCandidate
2019-09-11 18:33:13,879 [Thread-207] INFO  impl.RoleInfo (RoleInfo.java:updateAndGet(143)) - 7a57f1e7-20c8-4d4a-aac3-6c686880e77e: start LeaderElection
2019-09-11 18:33:13,890 [a252aeae-ea32-484f-a17a-a311016863b7-SegmentedRaftLogWorker:Storage Directory /workdir/hadoop-ozone/integration-test/target/test-dir/MiniOzoneClusterImpl-fe7db7e8-fd61-4d9c-99cb-81ca0fbccd3e/datanode-1/data/ratis/5c0058c8-bbf3-45d6-89cc-60df0f2af37e] INFO  segmented.SegmentedRaftLogWorker (SegmentedRaftLogWorker.java:execute(569)) - a252aeae-ea32-484f-a17a-a311016863b7-SegmentedRaftLogWorker:Storage Directory /workdir/hadoop-ozone/integration-test/target/test-dir/MiniOzoneClusterImpl-fe7db7e8-fd61-4d9c-99cb-81ca0fbccd3e/datanode-1/data/ratis/5c0058c8-bbf3-45d6-89cc-60df0f2af37e: created new log segment /workdir/hadoop-ozone/integration-test/target/test-dir/MiniOzoneClusterImpl-fe7db7e8-fd61-4d9c-99cb-81ca0fbccd3e/datanode-1/data/ratis/5c0058c8-bbf3-45d6-89cc-60df0f2af37e/current/log_inprogress_0
2019-09-11 18:33:13,890 [7a57f1e7-20c8-4d4a-aac3-6c686880e77e-SegmentedRaftLogWorker:Storage Directory /workdir/hadoop-ozone/integration-test/target/test-dir/MiniOzoneClusterImpl-fe7db7e8-fd61-4d9c-99cb-81ca0fbccd3e/datanode-3/data/ratis/14e93318-22ca-4fa9-9edc-1e80029f1dbb] INFO  segmented.SegmentedRaftLogWorker (SegmentedRaftLogWorker.java:execute(569)) - 7a57f1e7-20c8-4d4a-aac3-6c686880e77e-SegmentedRaftLogWorker:Storage Directory /workdir/hadoop-ozone/integration-test/target/test-dir/MiniOzoneClusterImpl-fe7db7e8-fd61-4d9c-99cb-81ca0fbccd3e/datanode-3/data/ratis/14e93318-22ca-4fa9-9edc-1e80029f1dbb: created new log segment /workdir/hadoop-ozone/integration-test/target/test-dir/MiniOzoneClusterImpl-fe7db7e8-fd61-4d9c-99cb-81ca0fbccd3e/datanode-3/data/ratis/14e93318-22ca-4fa9-9edc-1e80029f1dbb/current/log_inprogress_0
2019-09-11 18:33:13,890 [7a57f1e7-20c8-4d4a-aac3-6c686880e77e:group-C4E8AEF099C5:LeaderElection5] INFO  impl.LeaderElection (LeaderElection.java:askForVotes(181)) - 7a57f1e7-20c8-4d4a-aac3-6c686880e77e:group-C4E8AEF099C5:LeaderElection5: begin an election at term 1 for -1: [ecc5ee86-76f5-4926-81e0-62b54abd444b:192.168.34.14:45860, 7a57f1e7-20c8-4d4a-aac3-6c686880e77e:192.168.34.14:45603, a252aeae-ea32-484f-a17a-a311016863b7:192.168.34.14:42749], old=null
2019-09-11 18:33:13,921 [grpc-default-executor-1] INFO  impl.RaftServerImpl (RaftServerImpl.java:setRole(171)) - ecc5ee86-76f5-4926-81e0-62b54abd444b:group-C4E8AEF099C5 changes role from FOLLOWER to FOLLOWER at term 1 for recognizeCandidate:7a57f1e7-20c8-4d4a-aac3-6c686880e77e
2019-09-11 18:33:13,921 [grpc-default-executor-2] INFO  impl.RaftServerImpl (RaftServerImpl.java:setRole(171)) - a252aeae-ea32-484f-a17a-a311016863b7:group-C4E8AEF099C5 changes role from FOLLOWER to FOLLOWER at term 1 for recognizeCandidate:7a57f1e7-20c8-4d4a-aac3-6c686880e77e
2019-09-11 18:33:13,923 [grpc-default-executor-1] INFO  impl.RoleInfo (RoleInfo.java:shutdownFollowerState(121)) - ecc5ee86-76f5-4926-81e0-62b54abd444b: shutdown FollowerState
2019-09-11 18:33:13,923 [grpc-default-executor-2] INFO  impl.RoleInfo (RoleInfo.java:shutdownFollowerState(121)) - a252aeae-ea32-484f-a17a-a311016863b7: shutdown FollowerState
2019-09-11 18:33:13,923 [Thread-213] INFO  impl.FollowerState (FollowerState.java:run(114)) - ecc5ee86-76f5-4926-81e0-62b54abd444b: FollowerState was interrupted: java.lang.InterruptedException: sleep interrupted
2019-09-11 18:33:13,923 [Thread-212] INFO  impl.FollowerState (FollowerState.java:run(114)) - a252aeae-ea32-484f-a17a-a311016863b7: FollowerState was interrupted: java.lang.InterruptedException: sleep interrupted
2019-09-11 18:33:13,923 [grpc-default-executor-1] INFO  impl.RoleInfo (RoleInfo.java:updateAndGet(143)) - ecc5ee86-76f5-4926-81e0-62b54abd444b: start FollowerState
2019-09-11 18:33:13,923 [grpc-default-executor-2] INFO  impl.RoleInfo (RoleInfo.java:updateAndGet(143)) - a252aeae-ea32-484f-a17a-a311016863b7: start FollowerState
2019-09-11 18:33:13,969 [7a57f1e7-20c8-4d4a-aac3-6c686880e77e:group-C4E8AEF099C5:LeaderElection5] INFO  impl.LeaderElection (LeaderElection.java:logAndReturn(56)) - 7a57f1e7-20c8-4d4a-aac3-6c686880e77e:group-C4E8AEF099C5:LeaderElection5: Election PASSED; received 1 response(s) [7a57f1e7-20c8-4d4a-aac3-6c686880e77e<-ecc5ee86-76f5-4926-81e0-62b54abd444b#0:OK-t1] and 0 exception(s); 7a57f1e7-20c8-4d4a-aac3-6c686880e77e:t1, leader=null, voted=7a57f1e7-20c8-4d4a-aac3-6c686880e77e, raftlog=7a57f1e7-20c8-4d4a-aac3-6c686880e77e-SegmentedRaftLog:OPENED:c-1,f-1,i0, conf=-1: [ecc5ee86-76f5-4926-81e0-62b54abd444b:192.168.34.14:45860, 7a57f1e7-20c8-4d4a-aac3-6c686880e77e:192.168.34.14:45603, a252aeae-ea32-484f-a17a-a311016863b7:192.168.34.14:42749], old=null
2019-09-11 18:33:13,970 [7a57f1e7-20c8-4d4a-aac3-6c686880e77e:group-C4E8AEF099C5:LeaderElection5] INFO  impl.RoleInfo (RoleInfo.java:shutdownLeaderElection(134)) - 7a57f1e7-20c8-4d4a-aac3-6c686880e77e: shutdown LeaderElection
2019-09-11 18:33:13,970 [7a57f1e7-20c8-4d4a-aac3-6c686880e77e:group-C4E8AEF099C5:LeaderElection5] INFO  impl.RaftServerImpl (RaftServerImpl.java:setRole(171)) - 7a57f1e7-20c8-4d4a-aac3-6c686880e77e:group-C4E8AEF099C5 changes role from CANDIDATE to LEADER at term 1 for changeToLeader
2019-09-11 18:33:13,971 [7a57f1e7-20c8-4d4a-aac3-6c686880e77e:group-C4E8AEF099C5:LeaderElection5] INFO  impl.RaftServerImpl (ServerState.java:setLeader(263)) - 7a57f1e7-20c8-4d4a-aac3-6c686880e77e:group-C4E8AEF099C5 change Leader from null to 7a57f1e7-20c8-4d4a-aac3-6c686880e77e at term 1 for becomeLeader, leader elected after 5195ms
2019-09-11 18:33:13,971 [7a57f1e7-20c8-4d4a-aac3-6c686880e77e:group-C4E8AEF099C5:LeaderElection5] INFO  server.RaftServerConfigKeys (ConfUtils.java:logGet(43)) - raft.server.staging.catchup.gap = 1000 (default)
2019-09-11 18:33:13,972 [7a57f1e7-20c8-4d4a-aac3-6c686880e77e:group-C4E8AEF099C5:LeaderElection5] INFO  server.RaftServerConfigKeys (ConfUtils.java:logGet(43)) - raft.server.rpc.sleep.time = 25ms (default)
2019-09-11 18:33:13,972 [7a57f1e7-20c8-4d4a-aac3-6c686880e77e:group-C4E8AEF099C5:LeaderElection5] INFO  server.RaftServerConfigKeys (ConfUtils.java:logGet(43)) - raft.server.write.element-limit = 4096 (default)
2019-09-11 18:33:13,972 [7a57f1e7-20c8-4d4a-aac3-6c686880e77e:group-C4E8AEF099C5:LeaderElection5] INFO  server.RaftServerConfigKeys (ConfUtils.java:logGet(43)) - raft.server.watch.timeout = 10s (default)
2019-09-11 18:33:13,972 [7a57f1e7-20c8-4d4a-aac3-6c686880e77e:group-C4E8AEF099C5:LeaderElection5] INFO  server.RaftServerConfigKeys (ConfUtils.java:logGet(43)) - raft.server.watch.timeout.denomination = 1s (default)
2019-09-11 18:33:13,972 [7a57f1e7-20c8-4d4a-aac3-6c686880e77e:group-C4E8AEF099C5:LeaderElection5] INFO  server.RaftServerConfigKeys (ConfUtils.java:logGet(43)) - raft.server.watch.element-limit = 65536 (default)
2019-09-11 18:33:13,976 [7a57f1e7-20c8-4d4a-aac3-6c686880e77e:group-C4E8AEF099C5:LeaderElection5] INFO  server.RaftServerConfigKeys (ConfUtils.java:logGet(43)) - raft.server.log.appender.snapshot.chunk.size.max = 16MB (=16777216) (default)
2019-09-11 18:33:13,976 [7a57f1e7-20c8-4d4a-aac3-6c686880e77e:group-C4E8AEF099C5:LeaderElection5] INFO  server.RaftServerConfigKeys (ConfUtils.java:logGet(43)) - raft.server.log.appender.buffer.byte-limit = 33554432 (custom)
2019-09-11 18:33:13,977 [7a57f1e7-20c8-4d4a-aac3-6c686880e77e:group-C4E8AEF099C5:LeaderElection5] INFO  server.RaftServerConfigKeys (ConfUtils.java:logGet(43)) - raft.server.log.appender.buffer.element-limit = 1 (custom)
2019-09-11 18:33:13,980 [7a57f1e7-20c8-4d4a-aac3-6c686880e77e:group-C4E8AEF099C5:LeaderElection5] INFO  grpc.GrpcConfigKeys$Server (ConfUtils.java:logGet(43)) - raft.grpc.server.leader.outstanding.appends.max = 128 (default)
2019-09-11 18:33:13,981 [7a57f1e7-20c8-4d4a-aac3-6c686880e77e:group-C4E8AEF099C5:LeaderElection5] INFO  server.RaftServerConfigKeys (ConfUtils.java:logGet(43)) - raft.server.rpc.request.timeout = 3000ms (default)
2019-09-11 18:33:13,981 [7a57f1e7-20c8-4d4a-aac3-6c686880e77e:group-C4E8AEF099C5:LeaderElection5] INFO  server.RaftServerConfigKeys (ConfUtils.java:logGet(43)) - raft.server.log.appender.install.snapshot.enabled = false (custom)
2019-09-11 18:33:13,981 [7a57f1e7-20c8-4d4a-aac3-6c686880e77e:group-C4E8AEF099C5:LeaderElection5] INFO  server.RaftServerConfigKeys (ConfUtils.java:logGet(43)) - raft.server.log.appender.snapshot.chunk.size.max = 16MB (=16777216) (default)
2019-09-11 18:33:13,981 [7a57f1e7-20c8-4d4a-aac3-6c686880e77e:group-C4E8AEF099C5:LeaderElection5] INFO  server.RaftServerConfigKeys (ConfUtils.java:logGet(43)) - raft.server.log.appender.buffer.byte-limit = 33554432 (custom)
2019-09-11 18:33:13,982 [7a57f1e7-20c8-4d4a-aac3-6c686880e77e:group-C4E8AEF099C5:LeaderElection5] INFO  server.RaftServerConfigKeys (ConfUtils.java:logGet(43)) - raft.server.log.appender.buffer.element-limit = 1 (custom)
2019-09-11 18:33:13,982 [7a57f1e7-20c8-4d4a-aac3-6c686880e77e:group-C4E8AEF099C5:LeaderElection5] INFO  grpc.GrpcConfigKeys$Server (ConfUtils.java:logGet(43)) - raft.grpc.server.leader.outstanding.appends.max = 128 (default)
2019-09-11 18:33:13,982 [7a57f1e7-20c8-4d4a-aac3-6c686880e77e:group-C4E8AEF099C5:LeaderElection5] INFO  server.RaftServerConfigKeys (ConfUtils.java:logGet(43)) - raft.server.rpc.request.timeout = 3000ms (default)
2019-09-11 18:33:13,982 [7a57f1e7-20c8-4d4a-aac3-6c686880e77e:group-C4E8AEF099C5:LeaderElection5] INFO  server.RaftServerConfigKeys (ConfUtils.java:logGet(43)) - raft.server.log.appender.install.snapshot.enabled = false (custom)
2019-09-11 18:33:13,984 [7a57f1e7-20c8-4d4a-aac3-6c686880e77e:group-C4E8AEF099C5:LeaderElection5] INFO  impl.RoleInfo (RoleInfo.java:updateAndGet(143)) - 7a57f1e7-20c8-4d4a-aac3-6c686880e77e: start LeaderState
2019-09-11 18:33:13,985 [7a57f1e7-20c8-4d4a-aac3-6c686880e77e:group-C4E8AEF099C5:LeaderElection5] INFO  segmented.SegmentedRaftLogWorker (SegmentedRaftLogWorker.java:startLogSegment(380)) - 7a57f1e7-20c8-4d4a-aac3-6c686880e77e-SegmentedRaftLogWorker:Storage Directory /workdir/hadoop-ozone/integration-test/target/test-dir/MiniOzoneClusterImpl-fe7db7e8-fd61-4d9c-99cb-81ca0fbccd3e/datanode-3/data/ratis/3be9483f-dbab-44ac-a101-c4e8aef099c5: Starting segment from index:0
2019-09-11 18:33:13,986 [7a57f1e7-20c8-4d4a-aac3-6c686880e77e:group-C4E8AEF099C5:LeaderElection5] INFO  impl.RaftServerImpl (ServerState.java:setRaftConf(361)) - 7a57f1e7-20c8-4d4a-aac3-6c686880e77e:group-C4E8AEF099C5 set configuration 0: [ecc5ee86-76f5-4926-81e0-62b54abd444b:192.168.34.14:45860, 7a57f1e7-20c8-4d4a-aac3-6c686880e77e:192.168.34.14:45603, a252aeae-ea32-484f-a17a-a311016863b7:192.168.34.14:42749], old=null at 0
2019-09-11 18:33:14,035 [grpc-default-executor-2] INFO  impl.RaftServerImpl (ServerState.java:setLeader(263)) - a252aeae-ea32-484f-a17a-a311016863b7:group-C4E8AEF099C5 change Leader from null to 7a57f1e7-20c8-4d4a-aac3-6c686880e77e at term 1 for appendEntries, leader elected after 5260ms
2019-09-11 18:33:14,036 [grpc-default-executor-1] INFO  impl.RaftServerImpl (ServerState.java:setLeader(263)) - ecc5ee86-76f5-4926-81e0-62b54abd444b:group-C4E8AEF099C5 change Leader from null to 7a57f1e7-20c8-4d4a-aac3-6c686880e77e at term 1 for appendEntries, leader elected after 5259ms
2019-09-11 18:33:14,042 [7a57f1e7-20c8-4d4a-aac3-6c686880e77e-SegmentedRaftLogWorker:Storage Directory /workdir/hadoop-ozone/integration-test/target/test-dir/MiniOzoneClusterImpl-fe7db7e8-fd61-4d9c-99cb-81ca0fbccd3e/datanode-3/data/ratis/3be9483f-dbab-44ac-a101-c4e8aef099c5] INFO  segmented.SegmentedRaftLogWorker (SegmentedRaftLogWorker.java:execute(569)) - 7a57f1e7-20c8-4d4a-aac3-6c686880e77e-SegmentedRaftLogWorker:Storage Directory /workdir/hadoop-ozone/integration-test/target/test-dir/MiniOzoneClusterImpl-fe7db7e8-fd61-4d9c-99cb-81ca0fbccd3e/datanode-3/data/ratis/3be9483f-dbab-44ac-a101-c4e8aef099c5: created new log segment /workdir/hadoop-ozone/integration-test/target/test-dir/MiniOzoneClusterImpl-fe7db7e8-fd61-4d9c-99cb-81ca0fbccd3e/datanode-3/data/ratis/3be9483f-dbab-44ac-a101-c4e8aef099c5/current/log_inprogress_0
2019-09-11 18:33:14,065 [grpc-default-executor-1] INFO  impl.RaftServerImpl (ServerState.java:setRaftConf(361)) - ecc5ee86-76f5-4926-81e0-62b54abd444b:group-C4E8AEF099C5 set configuration 0: [ecc5ee86-76f5-4926-81e0-62b54abd444b:192.168.34.14:45860, 7a57f1e7-20c8-4d4a-aac3-6c686880e77e:192.168.34.14:45603, a252aeae-ea32-484f-a17a-a311016863b7:192.168.34.14:42749], old=null at 0
2019-09-11 18:33:14,065 [grpc-default-executor-2] INFO  impl.RaftServerImpl (ServerState.java:setRaftConf(361)) - a252aeae-ea32-484f-a17a-a311016863b7:group-C4E8AEF099C5 set configuration 0: [ecc5ee86-76f5-4926-81e0-62b54abd444b:192.168.34.14:45860, 7a57f1e7-20c8-4d4a-aac3-6c686880e77e:192.168.34.14:45603, a252aeae-ea32-484f-a17a-a311016863b7:192.168.34.14:42749], old=null at 0
2019-09-11 18:33:14,067 [grpc-default-executor-1] INFO  segmented.SegmentedRaftLogWorker (SegmentedRaftLogWorker.java:startLogSegment(380)) - ecc5ee86-76f5-4926-81e0-62b54abd444b-SegmentedRaftLogWorker:Storage Directory /workdir/hadoop-ozone/integration-test/target/test-dir/MiniOzoneClusterImpl-fe7db7e8-fd61-4d9c-99cb-81ca0fbccd3e/datanode-2/data/ratis/3be9483f-dbab-44ac-a101-c4e8aef099c5: Starting segment from index:0
2019-09-11 18:33:14,067 [grpc-default-executor-2] INFO  segmented.SegmentedRaftLogWorker (SegmentedRaftLogWorker.java:startLogSegment(380)) - a252aeae-ea32-484f-a17a-a311016863b7-SegmentedRaftLogWorker:Storage Directory /workdir/hadoop-ozone/integration-test/target/test-dir/MiniOzoneClusterImpl-fe7db7e8-fd61-4d9c-99cb-81ca0fbccd3e/datanode-1/data/ratis/3be9483f-dbab-44ac-a101-c4e8aef099c5: Starting segment from index:0
2019-09-11 18:33:14,107 [ecc5ee86-76f5-4926-81e0-62b54abd444b-SegmentedRaftLogWorker:Storage Directory /workdir/hadoop-ozone/integration-test/target/test-dir/MiniOzoneClusterImpl-fe7db7e8-fd61-4d9c-99cb-81ca0fbccd3e/datanode-2/data/ratis/3be9483f-dbab-44ac-a101-c4e8aef099c5] INFO  segmented.SegmentedRaftLogWorker (SegmentedRaftLogWorker.java:execute(569)) - ecc5ee86-76f5-4926-81e0-62b54abd444b-SegmentedRaftLogWorker:Storage Directory /workdir/hadoop-ozone/integration-test/target/test-dir/MiniOzoneClusterImpl-fe7db7e8-fd61-4d9c-99cb-81ca0fbccd3e/datanode-2/data/ratis/3be9483f-dbab-44ac-a101-c4e8aef099c5: created new log segment /workdir/hadoop-ozone/integration-test/target/test-dir/MiniOzoneClusterImpl-fe7db7e8-fd61-4d9c-99cb-81ca0fbccd3e/datanode-2/data/ratis/3be9483f-dbab-44ac-a101-c4e8aef099c5/current/log_inprogress_0
2019-09-11 18:33:14,107 [a252aeae-ea32-484f-a17a-a311016863b7-SegmentedRaftLogWorker:Storage Directory /workdir/hadoop-ozone/integration-test/target/test-dir/MiniOzoneClusterImpl-fe7db7e8-fd61-4d9c-99cb-81ca0fbccd3e/datanode-1/data/ratis/3be9483f-dbab-44ac-a101-c4e8aef099c5] INFO  segmented.SegmentedRaftLogWorker (SegmentedRaftLogWorker.java:execute(569)) - a252aeae-ea32-484f-a17a-a311016863b7-SegmentedRaftLogWorker:Storage Directory /workdir/hadoop-ozone/integration-test/target/test-dir/MiniOzoneClusterImpl-fe7db7e8-fd61-4d9c-99cb-81ca0fbccd3e/datanode-1/data/ratis/3be9483f-dbab-44ac-a101-c4e8aef099c5: created new log segment /workdir/hadoop-ozone/integration-test/target/test-dir/MiniOzoneClusterImpl-fe7db7e8-fd61-4d9c-99cb-81ca0fbccd3e/datanode-1/data/ratis/3be9483f-dbab-44ac-a101-c4e8aef099c5/current/log_inprogress_0
2019-09-11 18:33:14,208 [grpc-default-executor-2] INFO  client.GrpcClientProtocolClient (GrpcClientProtocolClient.java:onNext(255)) - client-360478570AD7->a252aeae-ea32-484f-a17a-a311016863b7: receive RaftClientReply:client-360478570AD7->a252aeae-ea32-484f-a17a-a311016863b7@group-C4E8AEF099C5, cid=8, FAILED org.apache.ratis.protocol.NotLeaderException: Server a252aeae-ea32-484f-a17a-a311016863b7 is not the leader (7a57f1e7-20c8-4d4a-aac3-6c686880e77e:192.168.34.14:45603). Request must be sent to leader., logIndex=0, commits[a252aeae-ea32-484f-a17a-a311016863b7:c0, ecc5ee86-76f5-4926-81e0-62b54abd444b:c-1, 7a57f1e7-20c8-4d4a-aac3-6c686880e77e:c0]
2019-09-11 18:33:14,504 [grpc-default-executor-1] INFO  client.GrpcClientProtocolClient (GrpcClientProtocolClient.java:onNext(255)) - client-360478570AD7->7a57f1e7-20c8-4d4a-aac3-6c686880e77e: receive RaftClientReply:client-360478570AD7->7a57f1e7-20c8-4d4a-aac3-6c686880e77e@group-C4E8AEF099C5, cid=8, SUCCESS, logIndex=1, commits[7a57f1e7-20c8-4d4a-aac3-6c686880e77e:c1, ecc5ee86-76f5-4926-81e0-62b54abd444b:c0, a252aeae-ea32-484f-a17a-a311016863b7:c0]
2019-09-11 18:33:14,581 [grpc-default-executor-1] INFO  client.GrpcClientProtocolClient (GrpcClientProtocolClient.java:onNext(255)) - client-360478570AD7->7a57f1e7-20c8-4d4a-aac3-6c686880e77e: receive RaftClientReply:client-360478570AD7->7a57f1e7-20c8-4d4a-aac3-6c686880e77e@group-C4E8AEF099C5, cid=9, SUCCESS, logIndex=3, commits[7a57f1e7-20c8-4d4a-aac3-6c686880e77e:c4, ecc5ee86-76f5-4926-81e0-62b54abd444b:c3, a252aeae-ea32-484f-a17a-a311016863b7:c3]
2019-09-11 18:33:14,608 [main] ERROR container.ContainerStateManager (ContainerStateManager.java:updateContainerState(335)) - Failed to update container state #1, reason: invalid state transition from state: CLOSING upon event: FINALIZE.
]]></system-out>
    <system-err><![CDATA[ERROR StatusLogger No Log4j 2 configuration file found. Using default configuration (logging only errors to the console), or user programmatically provided configurations. Set system property 'log4j2.debug' to show Log4j 2 internal initialization logging. See https://logging.apache.org/log4j/2.x/manual/configuration.html for instructions on how to configure Log4j 2
]]></system-err>
  </testcase>
</testsuite>