<?xml version="1.0" encoding="UTF-8"?>
<testsuite xmlns:xsi="http://www.w3.org/2001/XMLSchema-instance" xsi:noNamespaceSchemaLocation="https://maven.apache.org/surefire/maven-surefire-plugin/xsd/surefire-test-report.xsd" name="org.apache.hadoop.ozone.freon.TestDataValidateWithUnsafeByteOperations" time="56.141" tests="3" errors="3" skipped="0" failures="0">
  <properties>
    <property name="awt.toolkit" value="sun.awt.X11.XToolkit"/>
    <property name="file.encoding.pkg" value="sun.io"/>
    <property name="java.specification.version" value="1.8"/>
    <property name="sun.cpu.isalist" value=""/>
    <property name="sun.jnu.encoding" value="UTF-8"/>
    <property name="java.class.path" value="/workdir/hadoop-ozone/tools/target/test-classes:/workdir/hadoop-ozone/tools/target/classes:/home/user/.m2/repository/org/apache/hadoop/hadoop-ozone-ozone-manager/0.5.0-SNAPSHOT/hadoop-ozone-ozone-manager-0.5.0-SNAPSHOT.jar:/home/user/.m2/repository/org/apache/hadoop/hadoop-hdds-docs/0.5.0-SNAPSHOT/hadoop-hdds-docs-0.5.0-SNAPSHOT.jar:/home/user/.m2/repository/org/bouncycastle/bcprov-jdk15on/1.60/bcprov-jdk15on-1.60.jar:/home/user/.m2/repository/org/apache/hadoop/hadoop-ozone-common/0.5.0-SNAPSHOT/hadoop-ozone-common-0.5.0-SNAPSHOT.jar:/home/user/.m2/repository/org/apache/commons/commons-compress/1.4.1/commons-compress-1.4.1.jar:/home/user/.m2/repository/org/tukaani/xz/1.0/xz-1.0.jar:/home/user/.m2/repository/org/apache/hadoop/hadoop-hdfs-client/3.2.0/hadoop-hdfs-client-3.2.0.jar:/home/user/.m2/repository/com/fasterxml/jackson/core/jackson-annotations/2.9.9/jackson-annotations-2.9.9.jar:/home/user/.m2/repository/org/apache/hadoop/hadoop-hdds-common/0.5.0-SNAPSHOT/hadoop-hdds-common-0.5.0-SNAPSHOT.jar:/home/user/.m2/repository/org/apache/hadoop/hadoop-hdds-config/0.5.0-SNAPSHOT/hadoop-hdds-config-0.5.0-SNAPSHOT.jar:/home/user/.m2/repository/javax/annotation/javax.annotation-api/1.2/javax.annotation-api-1.2.jar:/home/user/.m2/repository/org/apache/ratis/ratis-server/0.4.0/ratis-server-0.4.0.jar:/home/user/.m2/repository/org/apache/ratis/ratis-thirdparty-misc/0.2.0/ratis-thirdparty-misc-0.2.0.jar:/home/user/.m2/repository/org/apache/ratis/ratis-proto/0.4.0/ratis-proto-0.4.0.jar:/home/user/.m2/repository/org/apache/ratis/ratis-common/0.4.0/ratis-common-0.4.0.jar:/home/user/.m2/repository/org/apache/ratis/ratis-client/0.4.0/ratis-client-0.4.0.jar:/home/user/.m2/repository/org/apache/ratis/ratis-metrics/0.4.0/ratis-metrics-0.4.0.jar:/home/user/.m2/repository/com/github/joshelser/dropwizard-metrics-hadoop-metrics2-reporter/0.1.2/dropwizard-metrics-hadoop-metrics2-reporter-0.1.2.jar:/home/user/.m2/repository/io/dropwizard/metrics/metrics-jvm/3.2.5/metrics-jvm-3.2.5.jar:/home/user/.m2/repository/io/dropwizard/metrics/metrics-ganglia/3.2.5/metrics-ganglia-3.2.5.jar:/home/user/.m2/repository/info/ganglia/gmetric4j/gmetric4j/1.0.7/gmetric4j-1.0.7.jar:/home/user/.m2/repository/org/apache/ratis/ratis-netty/0.4.0/ratis-netty-0.4.0.jar:/home/user/.m2/repository/org/apache/ratis/ratis-grpc/0.4.0/ratis-grpc-0.4.0.jar:/home/user/.m2/repository/org/rocksdb/rocksdbjni/6.0.1/rocksdbjni-6.0.1.jar:/home/user/.m2/repository/org/apache/logging/log4j/log4j-api/2.11.0/log4j-api-2.11.0.jar:/home/user/.m2/repository/org/apache/logging/log4j/log4j-core/2.11.0/log4j-core-2.11.0.jar:/home/user/.m2/repository/com/lmax/disruptor/3.4.2/disruptor-3.4.2.jar:/home/user/.m2/repository/org/apache/commons/commons-pool2/2.6.0/commons-pool2-2.6.0.jar:/home/user/.m2/repository/org/bouncycastle/bcpkix-jdk15on/1.60/bcpkix-jdk15on-1.60.jar:/home/user/.m2/repository/commons-validator/commons-validator/1.6/commons-validator-1.6.jar:/home/user/.m2/repository/commons-digester/commons-digester/1.8.1/commons-digester-1.8.1.jar:/home/user/.m2/repository/io/jaegertracing/jaeger-client/0.34.0/jaeger-client-0.34.0.jar:/home/user/.m2/repository/io/jaegertracing/jaeger-thrift/0.34.0/jaeger-thrift-0.34.0.jar:/home/user/.m2/repository/org/apache/thrift/libthrift/0.12.0/libthrift-0.12.0.jar:/home/user/.m2/repository/com/squareup/okhttp3/okhttp/3.9.0/okhttp-3.9.0.jar:/home/user/.m2/repository/com/squareup/okio/okio/1.13.0/okio-1.13.0.jar:/home/user/.m2/repository/io/jaegertracing/jaeger-core/0.34.0/jaeger-core-0.34.0.jar:/home/user/.m2/repository/io/jaegertracing/jaeger-tracerresolver/0.34.0/jaeger-tracerresolver-0.34.0.jar:/home/user/.m2/repository/io/opentracing/contrib/opentracing-tracerresolver/0.1.5/opentracing-tracerresolver-0.1.5.jar:/home/user/.m2/repository/io/opentracing/opentracing-util/0.31.0/opentracing-util-0.31.0.jar:/home/user/.m2/repository/io/opentracing/opentracing-api/0.31.0/opentracing-api-0.31.0.jar:/home/user/.m2/repository/io/opentracing/opentracing-noop/0.31.0/opentracing-noop-0.31.0.jar:/home/user/.m2/repository/org/yaml/snakeyaml/1.16/snakeyaml-1.16.jar:/home/user/.m2/repository/org/apache/hadoop/hadoop-hdds-container-service/0.5.0-SNAPSHOT/hadoop-hdds-container-service-0.5.0-SNAPSHOT.jar:/home/user/.m2/repository/org/apache/hadoop/hadoop-hdds-client/0.5.0-SNAPSHOT/hadoop-hdds-client-0.5.0-SNAPSHOT.jar:/home/user/.m2/repository/org/apache/hadoop/hadoop-hdds-tools/0.5.0-SNAPSHOT/hadoop-hdds-tools-0.5.0-SNAPSHOT.jar:/home/user/.m2/repository/org/xerial/sqlite-jdbc/3.25.2/sqlite-jdbc-3.25.2.jar:/home/user/.m2/repository/org/apache/hadoop/hadoop-hdds-server-scm/0.5.0-SNAPSHOT/hadoop-hdds-server-scm-0.5.0-SNAPSHOT.jar:/home/user/.m2/repository/org/hamcrest/hamcrest-all/1.3/hamcrest-all-1.3.jar:/home/user/.m2/repository/info/picocli/picocli/3.9.6/picocli-3.9.6.jar:/home/user/.m2/repository/com/google/protobuf/protobuf-java/2.5.0/protobuf-java-2.5.0.jar:/home/user/.m2/repository/com/google/guava/guava/11.0.2/guava-11.0.2.jar:/home/user/.m2/repository/org/apache/hadoop/hadoop-ozone-client/0.5.0-SNAPSHOT/hadoop-ozone-client-0.5.0-SNAPSHOT.jar:/workdir/hadoop-ozone/ozonefs/target/classes:/home/user/.m2/repository/org/apache/hadoop/hadoop-hdds-server-framework/0.5.0-SNAPSHOT/hadoop-hdds-server-framework-0.5.0-SNAPSHOT.jar:/home/user/.m2/repository/org/apache/hadoop/hadoop-common/3.2.0/hadoop-common-3.2.0.jar:/home/user/.m2/repository/org/apache/hadoop/hadoop-annotations/3.2.0/hadoop-annotations-3.2.0.jar:/usr/lib/jvm/java-1.8-openjdk/jre/../lib/tools.jar:/home/user/.m2/repository/commons-cli/commons-cli/1.2/commons-cli-1.2.jar:/home/user/.m2/repository/org/apache/commons/commons-math3/3.1.1/commons-math3-3.1.1.jar:/home/user/.m2/repository/org/apache/httpcomponents/httpclient/4.5.2/httpclient-4.5.2.jar:/home/user/.m2/repository/org/apache/httpcomponents/httpcore/4.4.4/httpcore-4.4.4.jar:/home/user/.m2/repository/commons-codec/commons-codec/1.11/commons-codec-1.11.jar:/home/user/.m2/repository/commons-io/commons-io/2.5/commons-io-2.5.jar:/home/user/.m2/repository/commons-net/commons-net/3.6/commons-net-3.6.jar:/home/user/.m2/repository/commons-collections/commons-collections/3.2.2/commons-collections-3.2.2.jar:/home/user/.m2/repository/javax/servlet/javax.servlet-api/3.1.0/javax.servlet-api-3.1.0.jar:/home/user/.m2/repository/org/eclipse/jetty/jetty-server/9.3.25.v20180904/jetty-server-9.3.25.v20180904.jar:/home/user/.m2/repository/org/eclipse/jetty/jetty-http/9.3.25.v20180904/jetty-http-9.3.25.v20180904.jar:/home/user/.m2/repository/org/eclipse/jetty/jetty-io/9.3.25.v20180904/jetty-io-9.3.25.v20180904.jar:/home/user/.m2/repository/org/eclipse/jetty/jetty-util/9.3.25.v20180904/jetty-util-9.3.25.v20180904.jar:/home/user/.m2/repository/org/eclipse/jetty/jetty-servlet/9.3.25.v20180904/jetty-servlet-9.3.25.v20180904.jar:/home/user/.m2/repository/org/eclipse/jetty/jetty-security/9.3.25.v20180904/jetty-security-9.3.25.v20180904.jar:/home/user/.m2/repository/org/eclipse/jetty/jetty-webapp/9.3.25.v20180904/jetty-webapp-9.3.25.v20180904.jar:/home/user/.m2/repository/org/eclipse/jetty/jetty-xml/9.3.25.v20180904/jetty-xml-9.3.25.v20180904.jar:/home/user/.m2/repository/javax/servlet/jsp/jsp-api/2.1/jsp-api-2.1.jar:/home/user/.m2/repository/com/sun/jersey/jersey-core/1.19/jersey-core-1.19.jar:/home/user/.m2/repository/javax/ws/rs/jsr311-api/1.1.1/jsr311-api-1.1.1.jar:/home/user/.m2/repository/com/sun/jersey/jersey-servlet/1.19/jersey-servlet-1.19.jar:/home/user/.m2/repository/com/sun/jersey/jersey-json/1.19/jersey-json-1.19.jar:/home/user/.m2/repository/org/codehaus/jettison/jettison/1.1/jettison-1.1.jar:/home/user/.m2/repository/com/sun/xml/bind/jaxb-impl/2.3.0.1/jaxb-impl-2.3.0.1.jar:/home/user/.m2/repository/org/codehaus/jackson/jackson-core-asl/1.9.13/jackson-core-asl-1.9.13.jar:/home/user/.m2/repository/org/codehaus/jackson/jackson-mapper-asl/1.9.13/jackson-mapper-asl-1.9.13.jar:/home/user/.m2/repository/org/codehaus/jackson/jackson-jaxrs/1.9.13/jackson-jaxrs-1.9.13.jar:/home/user/.m2/repository/org/codehaus/jackson/jackson-xc/1.9.13/jackson-xc-1.9.13.jar:/home/user/.m2/repository/com/sun/jersey/jersey-server/1.19/jersey-server-1.19.jar:/home/user/.m2/repository/commons-logging/commons-logging/1.1.3/commons-logging-1.1.3.jar:/home/user/.m2/repository/log4j/log4j/1.2.17/log4j-1.2.17.jar:/home/user/.m2/repository/commons-beanutils/commons-beanutils/1.9.4/commons-beanutils-1.9.4.jar:/home/user/.m2/repository/org/apache/commons/commons-configuration2/2.1.1/commons-configuration2-2.1.1.jar:/home/user/.m2/repository/org/apache/commons/commons-lang3/3.7/commons-lang3-3.7.jar:/home/user/.m2/repository/org/apache/commons/commons-text/1.4/commons-text-1.4.jar:/home/user/.m2/repository/org/slf4j/slf4j-api/1.7.25/slf4j-api-1.7.25.jar:/home/user/.m2/repository/org/slf4j/slf4j-log4j12/1.7.25/slf4j-log4j12-1.7.25.jar:/home/user/.m2/repository/org/apache/avro/avro/1.7.7/avro-1.7.7.jar:/home/user/.m2/repository/com/thoughtworks/paranamer/paranamer/2.3/paranamer-2.3.jar:/home/user/.m2/repository/org/xerial/snappy/snappy-java/1.0.5/snappy-java-1.0.5.jar:/home/user/.m2/repository/com/google/re2j/re2j/1.1/re2j-1.1.jar:/home/user/.m2/repository/com/google/code/gson/gson/2.2.4/gson-2.2.4.jar:/home/user/.m2/repository/org/apache/hadoop/hadoop-auth/3.2.0/hadoop-auth-3.2.0.jar:/home/user/.m2/repository/com/nimbusds/nimbus-jose-jwt/4.41.1/nimbus-jose-jwt-4.41.1.jar:/home/user/.m2/repository/com/github/stephenc/jcip/jcip-annotations/1.0-1/jcip-annotations-1.0-1.jar:/home/user/.m2/repository/net/minidev/json-smart/2.3/json-smart-2.3.jar:/home/user/.m2/repository/net/minidev/accessors-smart/1.2/accessors-smart-1.2.jar:/home/user/.m2/repository/org/apache/curator/curator-framework/2.12.0/curator-framework-2.12.0.jar:/home/user/.m2/repository/com/jcraft/jsch/0.1.54/jsch-0.1.54.jar:/home/user/.m2/repository/org/apache/curator/curator-client/2.12.0/curator-client-2.12.0.jar:/home/user/.m2/repository/org/apache/curator/curator-recipes/2.12.0/curator-recipes-2.12.0.jar:/home/user/.m2/repository/com/google/code/findbugs/jsr305/3.0.0/jsr305-3.0.0.jar:/home/user/.m2/repository/org/apache/htrace/htrace-core4/4.1.0-incubating/htrace-core4-4.1.0-incubating.jar:/home/user/.m2/repository/org/apache/zookeeper/zookeeper/3.4.13/zookeeper-3.4.13.jar:/home/user/.m2/repository/jline/jline/0.9.94/jline-0.9.94.jar:/home/user/.m2/repository/org/apache/yetus/audience-annotations/0.5.0/audience-annotations-0.5.0.jar:/home/user/.m2/repository/org/apache/kerby/kerb-simplekdc/1.0.1/kerb-simplekdc-1.0.1.jar:/home/user/.m2/repository/org/apache/kerby/kerb-client/1.0.1/kerb-client-1.0.1.jar:/home/user/.m2/repository/org/apache/kerby/kerby-config/1.0.1/kerby-config-1.0.1.jar:/home/user/.m2/repository/org/apache/kerby/kerb-core/1.0.1/kerb-core-1.0.1.jar:/home/user/.m2/repository/org/apache/kerby/kerby-pkix/1.0.1/kerby-pkix-1.0.1.jar:/home/user/.m2/repository/org/apache/kerby/kerby-asn1/1.0.1/kerby-asn1-1.0.1.jar:/home/user/.m2/repository/org/apache/kerby/kerby-util/1.0.1/kerby-util-1.0.1.jar:/home/user/.m2/repository/org/apache/kerby/kerb-common/1.0.1/kerb-common-1.0.1.jar:/home/user/.m2/repository/org/apache/kerby/kerb-crypto/1.0.1/kerb-crypto-1.0.1.jar:/home/user/.m2/repository/org/apache/kerby/kerb-util/1.0.1/kerb-util-1.0.1.jar:/home/user/.m2/repository/org/apache/kerby/token-provider/1.0.1/token-provider-1.0.1.jar:/home/user/.m2/repository/org/apache/kerby/kerb-admin/1.0.1/kerb-admin-1.0.1.jar:/home/user/.m2/repository/org/apache/kerby/kerb-server/1.0.1/kerb-server-1.0.1.jar:/home/user/.m2/repository/org/apache/kerby/kerb-identity/1.0.1/kerb-identity-1.0.1.jar:/home/user/.m2/repository/org/apache/kerby/kerby-xdr/1.0.1/kerby-xdr-1.0.1.jar:/home/user/.m2/repository/com/fasterxml/jackson/core/jackson-databind/2.9.9/jackson-databind-2.9.9.jar:/home/user/.m2/repository/com/fasterxml/jackson/core/jackson-core/2.9.9/jackson-core-2.9.9.jar:/home/user/.m2/repository/org/codehaus/woodstox/stax2-api/3.1.4/stax2-api-3.1.4.jar:/home/user/.m2/repository/com/fasterxml/woodstox/woodstox-core/5.0.3/woodstox-core-5.0.3.jar:/home/user/.m2/repository/dnsjava/dnsjava/2.1.7/dnsjava-2.1.7.jar:/home/user/.m2/repository/org/apache/hadoop/hadoop-hdfs/3.2.0/hadoop-hdfs-3.2.0.jar:/home/user/.m2/repository/org/eclipse/jetty/jetty-util-ajax/9.3.25.v20180904/jetty-util-ajax-9.3.25.v20180904.jar:/home/user/.m2/repository/commons-daemon/commons-daemon/1.0.13/commons-daemon-1.0.13.jar:/home/user/.m2/repository/io/netty/netty/3.10.5.Final/netty-3.10.5.Final.jar:/home/user/.m2/repository/io/netty/netty-all/4.0.52.Final/netty-all-4.0.52.Final.jar:/home/user/.m2/repository/org/fusesource/leveldbjni/leveldbjni-all/1.8/leveldbjni-all-1.8.jar:/home/user/.m2/repository/com/sun/xml/bind/jaxb-core/2.3.0.1/jaxb-core-2.3.0.1.jar:/home/user/.m2/repository/javax/xml/bind/jaxb-api/2.3.0/jaxb-api-2.3.0.jar:/home/user/.m2/repository/javax/activation/activation/1.1.1/activation-1.1.1.jar:/home/user/.m2/repository/io/dropwizard/metrics/metrics-core/3.2.4/metrics-core-3.2.4.jar:/home/user/.m2/repository/org/openjdk/jmh/jmh-core/1.19/jmh-core-1.19.jar:/home/user/.m2/repository/net/sf/jopt-simple/jopt-simple/4.6/jopt-simple-4.6.jar:/home/user/.m2/repository/org/openjdk/jmh/jmh-generator-annprocess/1.19/jmh-generator-annprocess-1.19.jar:/home/user/.m2/repository/com/amazonaws/aws-java-sdk-s3/1.11.615/aws-java-sdk-s3-1.11.615.jar:/home/user/.m2/repository/com/amazonaws/aws-java-sdk-kms/1.11.615/aws-java-sdk-kms-1.11.615.jar:/home/user/.m2/repository/com/amazonaws/aws-java-sdk-core/1.11.615/aws-java-sdk-core-1.11.615.jar:/home/user/.m2/repository/software/amazon/ion/ion-java/1.0.2/ion-java-1.0.2.jar:/home/user/.m2/repository/com/fasterxml/jackson/dataformat/jackson-dataformat-cbor/2.9.9/jackson-dataformat-cbor-2.9.9.jar:/home/user/.m2/repository/joda-time/joda-time/2.9.9/joda-time-2.9.9.jar:/home/user/.m2/repository/com/amazonaws/jmespath-java/1.11.615/jmespath-java-1.11.615.jar:/home/user/.m2/repository/com/google/code/findbugs/findbugs/3.0.1/findbugs-3.0.1.jar:/home/user/.m2/repository/net/jcip/jcip-annotations/1.0/jcip-annotations-1.0.jar:/home/user/.m2/repository/com/google/code/findbugs/bcel-findbugs/6.0/bcel-findbugs-6.0.jar:/home/user/.m2/repository/com/google/code/findbugs/jFormatString/2.0.1/jFormatString-2.0.1.jar:/home/user/.m2/repository/dom4j/dom4j/1.6.1/dom4j-1.6.1.jar:/home/user/.m2/repository/xml-apis/xml-apis/1.0.b2/xml-apis-1.0.b2.jar:/home/user/.m2/repository/org/ow2/asm/asm-debug-all/5.0.2/asm-debug-all-5.0.2.jar:/home/user/.m2/repository/org/ow2/asm/asm-commons/5.0.2/asm-commons-5.0.2.jar:/home/user/.m2/repository/org/ow2/asm/asm-tree/5.0.2/asm-tree-5.0.2.jar:/home/user/.m2/repository/org/ow2/asm/asm/5.0.4/asm-5.0.4.jar:/home/user/.m2/repository/commons-lang/commons-lang/2.6/commons-lang-2.6.jar:/home/user/.m2/repository/com/apple/AppleJavaExtensions/1.4/AppleJavaExtensions-1.4.jar:/home/user/.m2/repository/jaxen/jaxen/1.1.6/jaxen-1.1.6.jar:/home/user/.m2/repository/junit/junit/4.11/junit-4.11.jar:/home/user/.m2/repository/org/hamcrest/hamcrest-core/1.3/hamcrest-core-1.3.jar:/home/user/.m2/repository/org/apache/hadoop/hadoop-common/3.2.0/hadoop-common-3.2.0-tests.jar:/workdir/hadoop-ozone/integration-test/target/test-classes:/home/user/.m2/repository/org/apache/hadoop/hadoop-ozone-s3gateway/0.5.0-SNAPSHOT/hadoop-ozone-s3gateway-0.5.0-SNAPSHOT.jar:/home/user/.m2/repository/org/jboss/weld/servlet/weld-servlet/2.4.7.Final/weld-servlet-2.4.7.Final.jar:/home/user/.m2/repository/org/glassfish/jersey/containers/jersey-container-servlet-core/2.27/jersey-container-servlet-core-2.27.jar:/home/user/.m2/repository/org/glassfish/hk2/external/javax.inject/2.5.0-b42/javax.inject-2.5.0-b42.jar:/home/user/.m2/repository/org/glassfish/jersey/core/jersey-common/2.27/jersey-common-2.27.jar:/home/user/.m2/repository/org/glassfish/hk2/osgi-resource-locator/1.0.1/osgi-resource-locator-1.0.1.jar:/home/user/.m2/repository/javax/ws/rs/javax.ws.rs-api/2.1/javax.ws.rs-api-2.1.jar:/home/user/.m2/repository/org/glassfish/jersey/ext/cdi/jersey-cdi1x/2.27/jersey-cdi1x-2.27.jar:/home/user/.m2/repository/org/glassfish/jersey/inject/jersey-hk2/2.27/jersey-hk2-2.27.jar:/home/user/.m2/repository/org/glassfish/hk2/hk2-locator/2.5.0-b42/hk2-locator-2.5.0-b42.jar:/home/user/.m2/repository/org/javassist/javassist/3.22.0-CR2/javassist-3.22.0-CR2.jar:/home/user/.m2/repository/org/glassfish/hk2/hk2-api/2.5.0/hk2-api-2.5.0.jar:/home/user/.m2/repository/org/glassfish/hk2/external/jakarta.inject/2.5.0/jakarta.inject-2.5.0.jar:/home/user/.m2/repository/org/glassfish/hk2/hk2-utils/2.5.0/hk2-utils-2.5.0.jar:/home/user/.m2/repository/jakarta/annotation/jakarta.annotation-api/1.3.4/jakarta.annotation-api-1.3.4.jar:/home/user/.m2/repository/org/glassfish/hk2/external/aopalliance-repackaged/2.5.0/aopalliance-repackaged-2.5.0.jar:/home/user/.m2/repository/com/fasterxml/jackson/dataformat/jackson-dataformat-xml/2.9.0/jackson-dataformat-xml-2.9.0.jar:/home/user/.m2/repository/com/fasterxml/jackson/module/jackson-module-jaxb-annotations/2.9.9/jackson-module-jaxb-annotations-2.9.9.jar:/home/user/.m2/repository/javax/enterprise/cdi-api/1.2/cdi-api-1.2.jar:/home/user/.m2/repository/javax/el/javax.el-api/3.0.0/javax.el-api-3.0.0.jar:/home/user/.m2/repository/javax/interceptor/javax.interceptor-api/1.2/javax.interceptor-api-1.2.jar:/home/user/.m2/repository/javax/inject/javax.inject/1/javax.inject-1.jar:/home/user/.m2/repository/org/apache/hadoop/hadoop-ozone-csi/0.5.0-SNAPSHOT/hadoop-ozone-csi-0.5.0-SNAPSHOT.jar:/home/user/.m2/repository/com/google/protobuf/protobuf-java-util/3.5.1/protobuf-java-util-3.5.1.jar:/home/user/.m2/repository/io/grpc/grpc-netty/1.17.1/grpc-netty-1.17.1.jar:/home/user/.m2/repository/io/grpc/grpc-core/1.17.1/grpc-core-1.17.1.jar:/home/user/.m2/repository/io/grpc/grpc-context/1.17.1/grpc-context-1.17.1.jar:/home/user/.m2/repository/com/google/errorprone/error_prone_annotations/2.2.0/error_prone_annotations-2.2.0.jar:/home/user/.m2/repository/org/codehaus/mojo/animal-sniffer-annotations/1.17/animal-sniffer-annotations-1.17.jar:/home/user/.m2/repository/io/opencensus/opencensus-api/0.17.0/opencensus-api-0.17.0.jar:/home/user/.m2/repository/io/opencensus/opencensus-contrib-grpc-metrics/0.17.0/opencensus-contrib-grpc-metrics-0.17.0.jar:/home/user/.m2/repository/io/netty/netty-codec-http2/4.1.30.Final/netty-codec-http2-4.1.30.Final.jar:/home/user/.m2/repository/io/netty/netty-codec-http/4.1.30.Final/netty-codec-http-4.1.30.Final.jar:/home/user/.m2/repository/io/netty/netty-codec/4.1.30.Final/netty-codec-4.1.30.Final.jar:/home/user/.m2/repository/io/netty/netty-handler/4.1.30.Final/netty-handler-4.1.30.Final.jar:/home/user/.m2/repository/io/netty/netty-handler-proxy/4.1.30.Final/netty-handler-proxy-4.1.30.Final.jar:/home/user/.m2/repository/io/netty/netty-codec-socks/4.1.30.Final/netty-codec-socks-4.1.30.Final.jar:/home/user/.m2/repository/io/netty/netty-transport-native-epoll/4.1.30.Final/netty-transport-native-epoll-4.1.30.Final.jar:/home/user/.m2/repository/io/netty/netty-common/4.1.30.Final/netty-common-4.1.30.Final.jar:/home/user/.m2/repository/io/netty/netty-buffer/4.1.30.Final/netty-buffer-4.1.30.Final.jar:/home/user/.m2/repository/io/netty/netty-transport/4.1.30.Final/netty-transport-4.1.30.Final.jar:/home/user/.m2/repository/io/netty/netty-resolver/4.1.30.Final/netty-resolver-4.1.30.Final.jar:/home/user/.m2/repository/io/netty/netty-transport-native-unix-common/4.1.30.Final/netty-transport-native-unix-common-4.1.30.Final.jar:/home/user/.m2/repository/io/grpc/grpc-protobuf/1.17.1/grpc-protobuf-1.17.1.jar:/home/user/.m2/repository/com/google/api/grpc/proto-google-common-protos/1.0.0/proto-google-common-protos-1.0.0.jar:/home/user/.m2/repository/io/grpc/grpc-protobuf-lite/1.17.1/grpc-protobuf-lite-1.17.1.jar:/home/user/.m2/repository/io/grpc/grpc-stub/1.17.1/grpc-stub-1.17.1.jar:/home/user/.m2/repository/org/apache/hadoop/hadoop-ozone-recon/0.5.0-SNAPSHOT/hadoop-ozone-recon-0.5.0-SNAPSHOT.jar:/home/user/.m2/repository/org/apache/hadoop/hadoop-ozone-reconcodegen/0.5.0-SNAPSHOT/hadoop-ozone-reconcodegen-0.5.0-SNAPSHOT.jar:/home/user/.m2/repository/com/google/inject/extensions/guice-multibindings/4.0/guice-multibindings-4.0.jar:/home/user/.m2/repository/com/google/inject/guice/4.0/guice-4.0.jar:/home/user/.m2/repository/aopalliance/aopalliance/1.0/aopalliance-1.0.jar:/home/user/.m2/repository/com/google/inject/extensions/guice-servlet/4.0/guice-servlet-4.0.jar:/home/user/.m2/repository/org/glassfish/jersey/containers/jersey-container-servlet/2.27/jersey-container-servlet-2.27.jar:/home/user/.m2/repository/org/glassfish/hk2/guice-bridge/2.5.0/guice-bridge-2.5.0.jar:/home/user/.m2/repository/org/glassfish/jersey/core/jersey-server/2.27/jersey-server-2.27.jar:/home/user/.m2/repository/org/glassfish/jersey/core/jersey-client/2.27/jersey-client-2.27.jar:/home/user/.m2/repository/org/glassfish/jersey/media/jersey-media-jaxb/2.27/jersey-media-jaxb-2.27.jar:/home/user/.m2/repository/javax/validation/validation-api/1.1.0.Final/validation-api-1.1.0.Final.jar:/home/user/.m2/repository/org/glassfish/jersey/media/jersey-media-json-jackson/2.27/jersey-media-json-jackson-2.27.jar:/home/user/.m2/repository/org/glassfish/jersey/ext/jersey-entity-filtering/2.27/jersey-entity-filtering-2.27.jar:/home/user/.m2/repository/com/google/inject/extensions/guice-assistedinject/4.0/guice-assistedinject-4.0.jar:/home/user/.m2/repository/org/jooq/jooq/3.11.10/jooq-3.11.10.jar:/home/user/.m2/repository/org/jooq/jooq-meta/3.11.10/jooq-meta-3.11.10.jar:/home/user/.m2/repository/org/jooq/jooq-codegen/3.11.10/jooq-codegen-3.11.10.jar:/home/user/.m2/repository/com/jolbox/bonecp/0.8.0.RELEASE/bonecp-0.8.0.RELEASE.jar:/home/user/.m2/repository/org/springframework/spring-jdbc/5.1.3.RELEASE/spring-jdbc-5.1.3.RELEASE.jar:/home/user/.m2/repository/org/springframework/spring-beans/5.1.3.RELEASE/spring-beans-5.1.3.RELEASE.jar:/home/user/.m2/repository/org/springframework/spring-core/5.1.3.RELEASE/spring-core-5.1.3.RELEASE.jar:/home/user/.m2/repository/org/springframework/spring-jcl/5.1.3.RELEASE/spring-jcl-5.1.3.RELEASE.jar:/home/user/.m2/repository/org/springframework/spring-tx/5.1.3.RELEASE/spring-tx-5.1.3.RELEASE.jar:/home/user/.m2/repository/org/mockito/mockito-core/2.15.0/mockito-core-2.15.0.jar:/home/user/.m2/repository/net/bytebuddy/byte-buddy/1.7.9/byte-buddy-1.7.9.jar:/home/user/.m2/repository/net/bytebuddy/byte-buddy-agent/1.7.9/byte-buddy-agent-1.7.9.jar:/home/user/.m2/repository/org/objenesis/objenesis/1.0/objenesis-1.0.jar:"/>
    <property name="java.vm.vendor" value="IcedTea"/>
    <property name="sun.arch.data.model" value="64"/>
    <property name="test.build.dir" value="/workdir/hadoop-ozone/tools/target/test-dir"/>
    <property name="test.cache.data" value=""/>
    <property name="java.vendor.url" value="https://icedtea.classpath.org"/>
    <property name="user.timezone" value=""/>
    <property name="java.vm.specification.version" value="1.8"/>
    <property name="os.name" value="Linux"/>
    <property name="test.build.data" value="/workdir/hadoop-ozone/tools/target/test-dir"/>
    <property name="user.country" value="US"/>
    <property name="sun.java.launcher" value="SUN_STANDARD"/>
    <property name="sun.boot.library.path" value="/usr/lib/jvm/java-1.8-openjdk/jre/lib/amd64"/>
    <property name="sun.java.command" value="/workdir/hadoop-ozone/tools/target/surefire/surefirebooter1967043747419905422.jar /workdir/hadoop-ozone/tools/target/surefire 2019-09-26T11-49-28_115-jvmRun1 surefire7924284726530957451tmp surefire_1133863971813805108084tmp"/>
    <property name="test" value="!TestMiniChaosOzoneCluster"/>
    <property name="surefire.test.class.path" value="/workdir/hadoop-ozone/tools/target/test-classes:/workdir/hadoop-ozone/tools/target/classes:/home/user/.m2/repository/org/apache/hadoop/hadoop-ozone-ozone-manager/0.5.0-SNAPSHOT/hadoop-ozone-ozone-manager-0.5.0-SNAPSHOT.jar:/home/user/.m2/repository/org/apache/hadoop/hadoop-hdds-docs/0.5.0-SNAPSHOT/hadoop-hdds-docs-0.5.0-SNAPSHOT.jar:/home/user/.m2/repository/org/bouncycastle/bcprov-jdk15on/1.60/bcprov-jdk15on-1.60.jar:/home/user/.m2/repository/org/apache/hadoop/hadoop-ozone-common/0.5.0-SNAPSHOT/hadoop-ozone-common-0.5.0-SNAPSHOT.jar:/home/user/.m2/repository/org/apache/commons/commons-compress/1.4.1/commons-compress-1.4.1.jar:/home/user/.m2/repository/org/tukaani/xz/1.0/xz-1.0.jar:/home/user/.m2/repository/org/apache/hadoop/hadoop-hdfs-client/3.2.0/hadoop-hdfs-client-3.2.0.jar:/home/user/.m2/repository/com/fasterxml/jackson/core/jackson-annotations/2.9.9/jackson-annotations-2.9.9.jar:/home/user/.m2/repository/org/apache/hadoop/hadoop-hdds-common/0.5.0-SNAPSHOT/hadoop-hdds-common-0.5.0-SNAPSHOT.jar:/home/user/.m2/repository/org/apache/hadoop/hadoop-hdds-config/0.5.0-SNAPSHOT/hadoop-hdds-config-0.5.0-SNAPSHOT.jar:/home/user/.m2/repository/javax/annotation/javax.annotation-api/1.2/javax.annotation-api-1.2.jar:/home/user/.m2/repository/org/apache/ratis/ratis-server/0.4.0/ratis-server-0.4.0.jar:/home/user/.m2/repository/org/apache/ratis/ratis-thirdparty-misc/0.2.0/ratis-thirdparty-misc-0.2.0.jar:/home/user/.m2/repository/org/apache/ratis/ratis-proto/0.4.0/ratis-proto-0.4.0.jar:/home/user/.m2/repository/org/apache/ratis/ratis-common/0.4.0/ratis-common-0.4.0.jar:/home/user/.m2/repository/org/apache/ratis/ratis-client/0.4.0/ratis-client-0.4.0.jar:/home/user/.m2/repository/org/apache/ratis/ratis-metrics/0.4.0/ratis-metrics-0.4.0.jar:/home/user/.m2/repository/com/github/joshelser/dropwizard-metrics-hadoop-metrics2-reporter/0.1.2/dropwizard-metrics-hadoop-metrics2-reporter-0.1.2.jar:/home/user/.m2/repository/io/dropwizard/metrics/metrics-jvm/3.2.5/metrics-jvm-3.2.5.jar:/home/user/.m2/repository/io/dropwizard/metrics/metrics-ganglia/3.2.5/metrics-ganglia-3.2.5.jar:/home/user/.m2/repository/info/ganglia/gmetric4j/gmetric4j/1.0.7/gmetric4j-1.0.7.jar:/home/user/.m2/repository/org/apache/ratis/ratis-netty/0.4.0/ratis-netty-0.4.0.jar:/home/user/.m2/repository/org/apache/ratis/ratis-grpc/0.4.0/ratis-grpc-0.4.0.jar:/home/user/.m2/repository/org/rocksdb/rocksdbjni/6.0.1/rocksdbjni-6.0.1.jar:/home/user/.m2/repository/org/apache/logging/log4j/log4j-api/2.11.0/log4j-api-2.11.0.jar:/home/user/.m2/repository/org/apache/logging/log4j/log4j-core/2.11.0/log4j-core-2.11.0.jar:/home/user/.m2/repository/com/lmax/disruptor/3.4.2/disruptor-3.4.2.jar:/home/user/.m2/repository/org/apache/commons/commons-pool2/2.6.0/commons-pool2-2.6.0.jar:/home/user/.m2/repository/org/bouncycastle/bcpkix-jdk15on/1.60/bcpkix-jdk15on-1.60.jar:/home/user/.m2/repository/commons-validator/commons-validator/1.6/commons-validator-1.6.jar:/home/user/.m2/repository/commons-digester/commons-digester/1.8.1/commons-digester-1.8.1.jar:/home/user/.m2/repository/io/jaegertracing/jaeger-client/0.34.0/jaeger-client-0.34.0.jar:/home/user/.m2/repository/io/jaegertracing/jaeger-thrift/0.34.0/jaeger-thrift-0.34.0.jar:/home/user/.m2/repository/org/apache/thrift/libthrift/0.12.0/libthrift-0.12.0.jar:/home/user/.m2/repository/com/squareup/okhttp3/okhttp/3.9.0/okhttp-3.9.0.jar:/home/user/.m2/repository/com/squareup/okio/okio/1.13.0/okio-1.13.0.jar:/home/user/.m2/repository/io/jaegertracing/jaeger-core/0.34.0/jaeger-core-0.34.0.jar:/home/user/.m2/repository/io/jaegertracing/jaeger-tracerresolver/0.34.0/jaeger-tracerresolver-0.34.0.jar:/home/user/.m2/repository/io/opentracing/contrib/opentracing-tracerresolver/0.1.5/opentracing-tracerresolver-0.1.5.jar:/home/user/.m2/repository/io/opentracing/opentracing-util/0.31.0/opentracing-util-0.31.0.jar:/home/user/.m2/repository/io/opentracing/opentracing-api/0.31.0/opentracing-api-0.31.0.jar:/home/user/.m2/repository/io/opentracing/opentracing-noop/0.31.0/opentracing-noop-0.31.0.jar:/home/user/.m2/repository/org/yaml/snakeyaml/1.16/snakeyaml-1.16.jar:/home/user/.m2/repository/org/apache/hadoop/hadoop-hdds-container-service/0.5.0-SNAPSHOT/hadoop-hdds-container-service-0.5.0-SNAPSHOT.jar:/home/user/.m2/repository/org/apache/hadoop/hadoop-hdds-client/0.5.0-SNAPSHOT/hadoop-hdds-client-0.5.0-SNAPSHOT.jar:/home/user/.m2/repository/org/apache/hadoop/hadoop-hdds-tools/0.5.0-SNAPSHOT/hadoop-hdds-tools-0.5.0-SNAPSHOT.jar:/home/user/.m2/repository/org/xerial/sqlite-jdbc/3.25.2/sqlite-jdbc-3.25.2.jar:/home/user/.m2/repository/org/apache/hadoop/hadoop-hdds-server-scm/0.5.0-SNAPSHOT/hadoop-hdds-server-scm-0.5.0-SNAPSHOT.jar:/home/user/.m2/repository/org/hamcrest/hamcrest-all/1.3/hamcrest-all-1.3.jar:/home/user/.m2/repository/info/picocli/picocli/3.9.6/picocli-3.9.6.jar:/home/user/.m2/repository/com/google/protobuf/protobuf-java/2.5.0/protobuf-java-2.5.0.jar:/home/user/.m2/repository/com/google/guava/guava/11.0.2/guava-11.0.2.jar:/home/user/.m2/repository/org/apache/hadoop/hadoop-ozone-client/0.5.0-SNAPSHOT/hadoop-ozone-client-0.5.0-SNAPSHOT.jar:/workdir/hadoop-ozone/ozonefs/target/classes:/home/user/.m2/repository/org/apache/hadoop/hadoop-hdds-server-framework/0.5.0-SNAPSHOT/hadoop-hdds-server-framework-0.5.0-SNAPSHOT.jar:/home/user/.m2/repository/org/apache/hadoop/hadoop-common/3.2.0/hadoop-common-3.2.0.jar:/home/user/.m2/repository/org/apache/hadoop/hadoop-annotations/3.2.0/hadoop-annotations-3.2.0.jar:/usr/lib/jvm/java-1.8-openjdk/jre/../lib/tools.jar:/home/user/.m2/repository/commons-cli/commons-cli/1.2/commons-cli-1.2.jar:/home/user/.m2/repository/org/apache/commons/commons-math3/3.1.1/commons-math3-3.1.1.jar:/home/user/.m2/repository/org/apache/httpcomponents/httpclient/4.5.2/httpclient-4.5.2.jar:/home/user/.m2/repository/org/apache/httpcomponents/httpcore/4.4.4/httpcore-4.4.4.jar:/home/user/.m2/repository/commons-codec/commons-codec/1.11/commons-codec-1.11.jar:/home/user/.m2/repository/commons-io/commons-io/2.5/commons-io-2.5.jar:/home/user/.m2/repository/commons-net/commons-net/3.6/commons-net-3.6.jar:/home/user/.m2/repository/commons-collections/commons-collections/3.2.2/commons-collections-3.2.2.jar:/home/user/.m2/repository/javax/servlet/javax.servlet-api/3.1.0/javax.servlet-api-3.1.0.jar:/home/user/.m2/repository/org/eclipse/jetty/jetty-server/9.3.25.v20180904/jetty-server-9.3.25.v20180904.jar:/home/user/.m2/repository/org/eclipse/jetty/jetty-http/9.3.25.v20180904/jetty-http-9.3.25.v20180904.jar:/home/user/.m2/repository/org/eclipse/jetty/jetty-io/9.3.25.v20180904/jetty-io-9.3.25.v20180904.jar:/home/user/.m2/repository/org/eclipse/jetty/jetty-util/9.3.25.v20180904/jetty-util-9.3.25.v20180904.jar:/home/user/.m2/repository/org/eclipse/jetty/jetty-servlet/9.3.25.v20180904/jetty-servlet-9.3.25.v20180904.jar:/home/user/.m2/repository/org/eclipse/jetty/jetty-security/9.3.25.v20180904/jetty-security-9.3.25.v20180904.jar:/home/user/.m2/repository/org/eclipse/jetty/jetty-webapp/9.3.25.v20180904/jetty-webapp-9.3.25.v20180904.jar:/home/user/.m2/repository/org/eclipse/jetty/jetty-xml/9.3.25.v20180904/jetty-xml-9.3.25.v20180904.jar:/home/user/.m2/repository/javax/servlet/jsp/jsp-api/2.1/jsp-api-2.1.jar:/home/user/.m2/repository/com/sun/jersey/jersey-core/1.19/jersey-core-1.19.jar:/home/user/.m2/repository/javax/ws/rs/jsr311-api/1.1.1/jsr311-api-1.1.1.jar:/home/user/.m2/repository/com/sun/jersey/jersey-servlet/1.19/jersey-servlet-1.19.jar:/home/user/.m2/repository/com/sun/jersey/jersey-json/1.19/jersey-json-1.19.jar:/home/user/.m2/repository/org/codehaus/jettison/jettison/1.1/jettison-1.1.jar:/home/user/.m2/repository/com/sun/xml/bind/jaxb-impl/2.3.0.1/jaxb-impl-2.3.0.1.jar:/home/user/.m2/repository/org/codehaus/jackson/jackson-core-asl/1.9.13/jackson-core-asl-1.9.13.jar:/home/user/.m2/repository/org/codehaus/jackson/jackson-mapper-asl/1.9.13/jackson-mapper-asl-1.9.13.jar:/home/user/.m2/repository/org/codehaus/jackson/jackson-jaxrs/1.9.13/jackson-jaxrs-1.9.13.jar:/home/user/.m2/repository/org/codehaus/jackson/jackson-xc/1.9.13/jackson-xc-1.9.13.jar:/home/user/.m2/repository/com/sun/jersey/jersey-server/1.19/jersey-server-1.19.jar:/home/user/.m2/repository/commons-logging/commons-logging/1.1.3/commons-logging-1.1.3.jar:/home/user/.m2/repository/log4j/log4j/1.2.17/log4j-1.2.17.jar:/home/user/.m2/repository/commons-beanutils/commons-beanutils/1.9.4/commons-beanutils-1.9.4.jar:/home/user/.m2/repository/org/apache/commons/commons-configuration2/2.1.1/commons-configuration2-2.1.1.jar:/home/user/.m2/repository/org/apache/commons/commons-lang3/3.7/commons-lang3-3.7.jar:/home/user/.m2/repository/org/apache/commons/commons-text/1.4/commons-text-1.4.jar:/home/user/.m2/repository/org/slf4j/slf4j-api/1.7.25/slf4j-api-1.7.25.jar:/home/user/.m2/repository/org/slf4j/slf4j-log4j12/1.7.25/slf4j-log4j12-1.7.25.jar:/home/user/.m2/repository/org/apache/avro/avro/1.7.7/avro-1.7.7.jar:/home/user/.m2/repository/com/thoughtworks/paranamer/paranamer/2.3/paranamer-2.3.jar:/home/user/.m2/repository/org/xerial/snappy/snappy-java/1.0.5/snappy-java-1.0.5.jar:/home/user/.m2/repository/com/google/re2j/re2j/1.1/re2j-1.1.jar:/home/user/.m2/repository/com/google/code/gson/gson/2.2.4/gson-2.2.4.jar:/home/user/.m2/repository/org/apache/hadoop/hadoop-auth/3.2.0/hadoop-auth-3.2.0.jar:/home/user/.m2/repository/com/nimbusds/nimbus-jose-jwt/4.41.1/nimbus-jose-jwt-4.41.1.jar:/home/user/.m2/repository/com/github/stephenc/jcip/jcip-annotations/1.0-1/jcip-annotations-1.0-1.jar:/home/user/.m2/repository/net/minidev/json-smart/2.3/json-smart-2.3.jar:/home/user/.m2/repository/net/minidev/accessors-smart/1.2/accessors-smart-1.2.jar:/home/user/.m2/repository/org/apache/curator/curator-framework/2.12.0/curator-framework-2.12.0.jar:/home/user/.m2/repository/com/jcraft/jsch/0.1.54/jsch-0.1.54.jar:/home/user/.m2/repository/org/apache/curator/curator-client/2.12.0/curator-client-2.12.0.jar:/home/user/.m2/repository/org/apache/curator/curator-recipes/2.12.0/curator-recipes-2.12.0.jar:/home/user/.m2/repository/com/google/code/findbugs/jsr305/3.0.0/jsr305-3.0.0.jar:/home/user/.m2/repository/org/apache/htrace/htrace-core4/4.1.0-incubating/htrace-core4-4.1.0-incubating.jar:/home/user/.m2/repository/org/apache/zookeeper/zookeeper/3.4.13/zookeeper-3.4.13.jar:/home/user/.m2/repository/jline/jline/0.9.94/jline-0.9.94.jar:/home/user/.m2/repository/org/apache/yetus/audience-annotations/0.5.0/audience-annotations-0.5.0.jar:/home/user/.m2/repository/org/apache/kerby/kerb-simplekdc/1.0.1/kerb-simplekdc-1.0.1.jar:/home/user/.m2/repository/org/apache/kerby/kerb-client/1.0.1/kerb-client-1.0.1.jar:/home/user/.m2/repository/org/apache/kerby/kerby-config/1.0.1/kerby-config-1.0.1.jar:/home/user/.m2/repository/org/apache/kerby/kerb-core/1.0.1/kerb-core-1.0.1.jar:/home/user/.m2/repository/org/apache/kerby/kerby-pkix/1.0.1/kerby-pkix-1.0.1.jar:/home/user/.m2/repository/org/apache/kerby/kerby-asn1/1.0.1/kerby-asn1-1.0.1.jar:/home/user/.m2/repository/org/apache/kerby/kerby-util/1.0.1/kerby-util-1.0.1.jar:/home/user/.m2/repository/org/apache/kerby/kerb-common/1.0.1/kerb-common-1.0.1.jar:/home/user/.m2/repository/org/apache/kerby/kerb-crypto/1.0.1/kerb-crypto-1.0.1.jar:/home/user/.m2/repository/org/apache/kerby/kerb-util/1.0.1/kerb-util-1.0.1.jar:/home/user/.m2/repository/org/apache/kerby/token-provider/1.0.1/token-provider-1.0.1.jar:/home/user/.m2/repository/org/apache/kerby/kerb-admin/1.0.1/kerb-admin-1.0.1.jar:/home/user/.m2/repository/org/apache/kerby/kerb-server/1.0.1/kerb-server-1.0.1.jar:/home/user/.m2/repository/org/apache/kerby/kerb-identity/1.0.1/kerb-identity-1.0.1.jar:/home/user/.m2/repository/org/apache/kerby/kerby-xdr/1.0.1/kerby-xdr-1.0.1.jar:/home/user/.m2/repository/com/fasterxml/jackson/core/jackson-databind/2.9.9/jackson-databind-2.9.9.jar:/home/user/.m2/repository/com/fasterxml/jackson/core/jackson-core/2.9.9/jackson-core-2.9.9.jar:/home/user/.m2/repository/org/codehaus/woodstox/stax2-api/3.1.4/stax2-api-3.1.4.jar:/home/user/.m2/repository/com/fasterxml/woodstox/woodstox-core/5.0.3/woodstox-core-5.0.3.jar:/home/user/.m2/repository/dnsjava/dnsjava/2.1.7/dnsjava-2.1.7.jar:/home/user/.m2/repository/org/apache/hadoop/hadoop-hdfs/3.2.0/hadoop-hdfs-3.2.0.jar:/home/user/.m2/repository/org/eclipse/jetty/jetty-util-ajax/9.3.25.v20180904/jetty-util-ajax-9.3.25.v20180904.jar:/home/user/.m2/repository/commons-daemon/commons-daemon/1.0.13/commons-daemon-1.0.13.jar:/home/user/.m2/repository/io/netty/netty/3.10.5.Final/netty-3.10.5.Final.jar:/home/user/.m2/repository/io/netty/netty-all/4.0.52.Final/netty-all-4.0.52.Final.jar:/home/user/.m2/repository/org/fusesource/leveldbjni/leveldbjni-all/1.8/leveldbjni-all-1.8.jar:/home/user/.m2/repository/com/sun/xml/bind/jaxb-core/2.3.0.1/jaxb-core-2.3.0.1.jar:/home/user/.m2/repository/javax/xml/bind/jaxb-api/2.3.0/jaxb-api-2.3.0.jar:/home/user/.m2/repository/javax/activation/activation/1.1.1/activation-1.1.1.jar:/home/user/.m2/repository/io/dropwizard/metrics/metrics-core/3.2.4/metrics-core-3.2.4.jar:/home/user/.m2/repository/org/openjdk/jmh/jmh-core/1.19/jmh-core-1.19.jar:/home/user/.m2/repository/net/sf/jopt-simple/jopt-simple/4.6/jopt-simple-4.6.jar:/home/user/.m2/repository/org/openjdk/jmh/jmh-generator-annprocess/1.19/jmh-generator-annprocess-1.19.jar:/home/user/.m2/repository/com/amazonaws/aws-java-sdk-s3/1.11.615/aws-java-sdk-s3-1.11.615.jar:/home/user/.m2/repository/com/amazonaws/aws-java-sdk-kms/1.11.615/aws-java-sdk-kms-1.11.615.jar:/home/user/.m2/repository/com/amazonaws/aws-java-sdk-core/1.11.615/aws-java-sdk-core-1.11.615.jar:/home/user/.m2/repository/software/amazon/ion/ion-java/1.0.2/ion-java-1.0.2.jar:/home/user/.m2/repository/com/fasterxml/jackson/dataformat/jackson-dataformat-cbor/2.9.9/jackson-dataformat-cbor-2.9.9.jar:/home/user/.m2/repository/joda-time/joda-time/2.9.9/joda-time-2.9.9.jar:/home/user/.m2/repository/com/amazonaws/jmespath-java/1.11.615/jmespath-java-1.11.615.jar:/home/user/.m2/repository/com/google/code/findbugs/findbugs/3.0.1/findbugs-3.0.1.jar:/home/user/.m2/repository/net/jcip/jcip-annotations/1.0/jcip-annotations-1.0.jar:/home/user/.m2/repository/com/google/code/findbugs/bcel-findbugs/6.0/bcel-findbugs-6.0.jar:/home/user/.m2/repository/com/google/code/findbugs/jFormatString/2.0.1/jFormatString-2.0.1.jar:/home/user/.m2/repository/dom4j/dom4j/1.6.1/dom4j-1.6.1.jar:/home/user/.m2/repository/xml-apis/xml-apis/1.0.b2/xml-apis-1.0.b2.jar:/home/user/.m2/repository/org/ow2/asm/asm-debug-all/5.0.2/asm-debug-all-5.0.2.jar:/home/user/.m2/repository/org/ow2/asm/asm-commons/5.0.2/asm-commons-5.0.2.jar:/home/user/.m2/repository/org/ow2/asm/asm-tree/5.0.2/asm-tree-5.0.2.jar:/home/user/.m2/repository/org/ow2/asm/asm/5.0.4/asm-5.0.4.jar:/home/user/.m2/repository/commons-lang/commons-lang/2.6/commons-lang-2.6.jar:/home/user/.m2/repository/com/apple/AppleJavaExtensions/1.4/AppleJavaExtensions-1.4.jar:/home/user/.m2/repository/jaxen/jaxen/1.1.6/jaxen-1.1.6.jar:/home/user/.m2/repository/junit/junit/4.11/junit-4.11.jar:/home/user/.m2/repository/org/hamcrest/hamcrest-core/1.3/hamcrest-core-1.3.jar:/home/user/.m2/repository/org/apache/hadoop/hadoop-common/3.2.0/hadoop-common-3.2.0-tests.jar:/workdir/hadoop-ozone/integration-test/target/test-classes:/home/user/.m2/repository/org/apache/hadoop/hadoop-ozone-s3gateway/0.5.0-SNAPSHOT/hadoop-ozone-s3gateway-0.5.0-SNAPSHOT.jar:/home/user/.m2/repository/org/jboss/weld/servlet/weld-servlet/2.4.7.Final/weld-servlet-2.4.7.Final.jar:/home/user/.m2/repository/org/glassfish/jersey/containers/jersey-container-servlet-core/2.27/jersey-container-servlet-core-2.27.jar:/home/user/.m2/repository/org/glassfish/hk2/external/javax.inject/2.5.0-b42/javax.inject-2.5.0-b42.jar:/home/user/.m2/repository/org/glassfish/jersey/core/jersey-common/2.27/jersey-common-2.27.jar:/home/user/.m2/repository/org/glassfish/hk2/osgi-resource-locator/1.0.1/osgi-resource-locator-1.0.1.jar:/home/user/.m2/repository/javax/ws/rs/javax.ws.rs-api/2.1/javax.ws.rs-api-2.1.jar:/home/user/.m2/repository/org/glassfish/jersey/ext/cdi/jersey-cdi1x/2.27/jersey-cdi1x-2.27.jar:/home/user/.m2/repository/org/glassfish/jersey/inject/jersey-hk2/2.27/jersey-hk2-2.27.jar:/home/user/.m2/repository/org/glassfish/hk2/hk2-locator/2.5.0-b42/hk2-locator-2.5.0-b42.jar:/home/user/.m2/repository/org/javassist/javassist/3.22.0-CR2/javassist-3.22.0-CR2.jar:/home/user/.m2/repository/org/glassfish/hk2/hk2-api/2.5.0/hk2-api-2.5.0.jar:/home/user/.m2/repository/org/glassfish/hk2/external/jakarta.inject/2.5.0/jakarta.inject-2.5.0.jar:/home/user/.m2/repository/org/glassfish/hk2/hk2-utils/2.5.0/hk2-utils-2.5.0.jar:/home/user/.m2/repository/jakarta/annotation/jakarta.annotation-api/1.3.4/jakarta.annotation-api-1.3.4.jar:/home/user/.m2/repository/org/glassfish/hk2/external/aopalliance-repackaged/2.5.0/aopalliance-repackaged-2.5.0.jar:/home/user/.m2/repository/com/fasterxml/jackson/dataformat/jackson-dataformat-xml/2.9.0/jackson-dataformat-xml-2.9.0.jar:/home/user/.m2/repository/com/fasterxml/jackson/module/jackson-module-jaxb-annotations/2.9.9/jackson-module-jaxb-annotations-2.9.9.jar:/home/user/.m2/repository/javax/enterprise/cdi-api/1.2/cdi-api-1.2.jar:/home/user/.m2/repository/javax/el/javax.el-api/3.0.0/javax.el-api-3.0.0.jar:/home/user/.m2/repository/javax/interceptor/javax.interceptor-api/1.2/javax.interceptor-api-1.2.jar:/home/user/.m2/repository/javax/inject/javax.inject/1/javax.inject-1.jar:/home/user/.m2/repository/org/apache/hadoop/hadoop-ozone-csi/0.5.0-SNAPSHOT/hadoop-ozone-csi-0.5.0-SNAPSHOT.jar:/home/user/.m2/repository/com/google/protobuf/protobuf-java-util/3.5.1/protobuf-java-util-3.5.1.jar:/home/user/.m2/repository/io/grpc/grpc-netty/1.17.1/grpc-netty-1.17.1.jar:/home/user/.m2/repository/io/grpc/grpc-core/1.17.1/grpc-core-1.17.1.jar:/home/user/.m2/repository/io/grpc/grpc-context/1.17.1/grpc-context-1.17.1.jar:/home/user/.m2/repository/com/google/errorprone/error_prone_annotations/2.2.0/error_prone_annotations-2.2.0.jar:/home/user/.m2/repository/org/codehaus/mojo/animal-sniffer-annotations/1.17/animal-sniffer-annotations-1.17.jar:/home/user/.m2/repository/io/opencensus/opencensus-api/0.17.0/opencensus-api-0.17.0.jar:/home/user/.m2/repository/io/opencensus/opencensus-contrib-grpc-metrics/0.17.0/opencensus-contrib-grpc-metrics-0.17.0.jar:/home/user/.m2/repository/io/netty/netty-codec-http2/4.1.30.Final/netty-codec-http2-4.1.30.Final.jar:/home/user/.m2/repository/io/netty/netty-codec-http/4.1.30.Final/netty-codec-http-4.1.30.Final.jar:/home/user/.m2/repository/io/netty/netty-codec/4.1.30.Final/netty-codec-4.1.30.Final.jar:/home/user/.m2/repository/io/netty/netty-handler/4.1.30.Final/netty-handler-4.1.30.Final.jar:/home/user/.m2/repository/io/netty/netty-handler-proxy/4.1.30.Final/netty-handler-proxy-4.1.30.Final.jar:/home/user/.m2/repository/io/netty/netty-codec-socks/4.1.30.Final/netty-codec-socks-4.1.30.Final.jar:/home/user/.m2/repository/io/netty/netty-transport-native-epoll/4.1.30.Final/netty-transport-native-epoll-4.1.30.Final.jar:/home/user/.m2/repository/io/netty/netty-common/4.1.30.Final/netty-common-4.1.30.Final.jar:/home/user/.m2/repository/io/netty/netty-buffer/4.1.30.Final/netty-buffer-4.1.30.Final.jar:/home/user/.m2/repository/io/netty/netty-transport/4.1.30.Final/netty-transport-4.1.30.Final.jar:/home/user/.m2/repository/io/netty/netty-resolver/4.1.30.Final/netty-resolver-4.1.30.Final.jar:/home/user/.m2/repository/io/netty/netty-transport-native-unix-common/4.1.30.Final/netty-transport-native-unix-common-4.1.30.Final.jar:/home/user/.m2/repository/io/grpc/grpc-protobuf/1.17.1/grpc-protobuf-1.17.1.jar:/home/user/.m2/repository/com/google/api/grpc/proto-google-common-protos/1.0.0/proto-google-common-protos-1.0.0.jar:/home/user/.m2/repository/io/grpc/grpc-protobuf-lite/1.17.1/grpc-protobuf-lite-1.17.1.jar:/home/user/.m2/repository/io/grpc/grpc-stub/1.17.1/grpc-stub-1.17.1.jar:/home/user/.m2/repository/org/apache/hadoop/hadoop-ozone-recon/0.5.0-SNAPSHOT/hadoop-ozone-recon-0.5.0-SNAPSHOT.jar:/home/user/.m2/repository/org/apache/hadoop/hadoop-ozone-reconcodegen/0.5.0-SNAPSHOT/hadoop-ozone-reconcodegen-0.5.0-SNAPSHOT.jar:/home/user/.m2/repository/com/google/inject/extensions/guice-multibindings/4.0/guice-multibindings-4.0.jar:/home/user/.m2/repository/com/google/inject/guice/4.0/guice-4.0.jar:/home/user/.m2/repository/aopalliance/aopalliance/1.0/aopalliance-1.0.jar:/home/user/.m2/repository/com/google/inject/extensions/guice-servlet/4.0/guice-servlet-4.0.jar:/home/user/.m2/repository/org/glassfish/jersey/containers/jersey-container-servlet/2.27/jersey-container-servlet-2.27.jar:/home/user/.m2/repository/org/glassfish/hk2/guice-bridge/2.5.0/guice-bridge-2.5.0.jar:/home/user/.m2/repository/org/glassfish/jersey/core/jersey-server/2.27/jersey-server-2.27.jar:/home/user/.m2/repository/org/glassfish/jersey/core/jersey-client/2.27/jersey-client-2.27.jar:/home/user/.m2/repository/org/glassfish/jersey/media/jersey-media-jaxb/2.27/jersey-media-jaxb-2.27.jar:/home/user/.m2/repository/javax/validation/validation-api/1.1.0.Final/validation-api-1.1.0.Final.jar:/home/user/.m2/repository/org/glassfish/jersey/media/jersey-media-json-jackson/2.27/jersey-media-json-jackson-2.27.jar:/home/user/.m2/repository/org/glassfish/jersey/ext/jersey-entity-filtering/2.27/jersey-entity-filtering-2.27.jar:/home/user/.m2/repository/com/google/inject/extensions/guice-assistedinject/4.0/guice-assistedinject-4.0.jar:/home/user/.m2/repository/org/jooq/jooq/3.11.10/jooq-3.11.10.jar:/home/user/.m2/repository/org/jooq/jooq-meta/3.11.10/jooq-meta-3.11.10.jar:/home/user/.m2/repository/org/jooq/jooq-codegen/3.11.10/jooq-codegen-3.11.10.jar:/home/user/.m2/repository/com/jolbox/bonecp/0.8.0.RELEASE/bonecp-0.8.0.RELEASE.jar:/home/user/.m2/repository/org/springframework/spring-jdbc/5.1.3.RELEASE/spring-jdbc-5.1.3.RELEASE.jar:/home/user/.m2/repository/org/springframework/spring-beans/5.1.3.RELEASE/spring-beans-5.1.3.RELEASE.jar:/home/user/.m2/repository/org/springframework/spring-core/5.1.3.RELEASE/spring-core-5.1.3.RELEASE.jar:/home/user/.m2/repository/org/springframework/spring-jcl/5.1.3.RELEASE/spring-jcl-5.1.3.RELEASE.jar:/home/user/.m2/repository/org/springframework/spring-tx/5.1.3.RELEASE/spring-tx-5.1.3.RELEASE.jar:/home/user/.m2/repository/org/mockito/mockito-core/2.15.0/mockito-core-2.15.0.jar:/home/user/.m2/repository/net/bytebuddy/byte-buddy/1.7.9/byte-buddy-1.7.9.jar:/home/user/.m2/repository/net/bytebuddy/byte-buddy-agent/1.7.9/byte-buddy-agent-1.7.9.jar:/home/user/.m2/repository/org/objenesis/objenesis/1.0/objenesis-1.0.jar:"/>
    <property name="sun.cpu.endian" value="little"/>
    <property name="user.home" value="/home/user"/>
    <property name="user.language" value="en"/>
    <property name="java.specification.vendor" value="Oracle Corporation"/>
    <property name="java.home" value="/usr/lib/jvm/java-1.8-openjdk/jre"/>
    <property name="java.security.krb5.conf" value="/workdir/hadoop-ozone/tools/target/test-classes/krb5.conf"/>
    <property name="basedir" value="/workdir/hadoop-ozone/tools"/>
    <property name="file.separator" value="/"/>
    <property name="line.separator" value="&#10;"/>
    <property name="java.vm.specification.vendor" value="Oracle Corporation"/>
    <property name="java.specification.name" value="Java Platform API Specification"/>
    <property name="java.awt.graphicsenv" value="sun.awt.X11GraphicsEnvironment"/>
    <property name="surefire.real.class.path" value="/workdir/hadoop-ozone/tools/target/surefire/surefirebooter1967043747419905422.jar"/>
    <property name="hadoop.log.dir" value="/workdir/hadoop-ozone/tools/target/log"/>
    <property name="sun.boot.class.path" value="/usr/lib/jvm/java-1.8-openjdk/jre/lib/resources.jar:/usr/lib/jvm/java-1.8-openjdk/jre/lib/rt.jar:/usr/lib/jvm/java-1.8-openjdk/jre/lib/sunrsasign.jar:/usr/lib/jvm/java-1.8-openjdk/jre/lib/jsse.jar:/usr/lib/jvm/java-1.8-openjdk/jre/lib/jce.jar:/usr/lib/jvm/java-1.8-openjdk/jre/lib/charsets.jar:/usr/lib/jvm/java-1.8-openjdk/jre/lib/jfr.jar:/usr/lib/jvm/java-1.8-openjdk/jre/classes"/>
    <property name="sun.management.compiler" value="HotSpot 64-Bit Tiered Compilers"/>
    <property name="java.runtime.version" value="1.8.0_212-b04"/>
    <property name="java.net.preferIPv4Stack" value="true"/>
    <property name="user.name" value="jenkins1000"/>
    <property name="path.separator" value=":"/>
    <property name="java.security.egd" value="file:///dev/urandom"/>
    <property name="os.version" value="3.10.0-957.12.2.el7.x86_64"/>
    <property name="java.endorsed.dirs" value="/usr/lib/jvm/java-1.8-openjdk/jre/lib/endorsed"/>
    <property name="java.runtime.name" value="OpenJDK Runtime Environment"/>
    <property name="file.encoding" value="UTF-8"/>
    <property name="java.vm.name" value="OpenJDK 64-Bit Server VM"/>
    <property name="test.build.webapps" value=""/>
    <property name="localRepository" value="/home/user/.m2/repository"/>
    <property name="java.vendor.url.bug" value="https://icedtea.classpath.org/bugzilla"/>
    <property name="java.io.tmpdir" value="/tmp"/>
    <property name="require.test.libhadoop" value=""/>
    <property name="java.version" value="1.8.0_212"/>
    <property name="user.dir" value="/workdir/hadoop-ozone/tools"/>
    <property name="os.arch" value="amd64"/>
    <property name="java.vm.specification.name" value="Java Virtual Machine Specification"/>
    <property name="test.build.classes" value="/workdir/hadoop-ozone/tools/target/test-classes"/>
    <property name="java.awt.printerjob" value="sun.print.PSPrinterJob"/>
    <property name="sun.os.patch.level" value="unknown"/>
    <property name="hadoop.tmp.dir" value="/workdir/hadoop-ozone/tools/target/tmp"/>
    <property name="java.library.path" value="/usr/lib/jvm/java-1.8-openjdk/jre/lib/amd64/server:/usr/lib/jvm/java-1.8-openjdk/jre/lib/amd64:/usr/lib/jvm/java-1.8-openjdk/jre/../lib/amd64:/workdir/hadoop-ozone/tools/target/native/target/usr/local/lib:/workdir/hadoop-ozone/tools/../../hadoop-common-project/hadoop-common/target/native/target/usr/local/lib:/usr/java/packages/lib/amd64:/usr/lib64:/lib64:/lib:/usr/lib"/>
    <property name="java.vm.info" value="mixed mode"/>
    <property name="java.vendor" value="IcedTea"/>
    <property name="java.vm.version" value="25.212-b04"/>
    <property name="java.ext.dirs" value="/usr/lib/jvm/java-1.8-openjdk/jre/lib/ext:/usr/java/packages/lib/ext"/>
    <property name="sun.io.unicode.encoding" value="UnicodeLittle"/>
    <property name="java.class.version" value="52.0"/>
  </properties>
  <testcase name="ratisTestLargeKey" classname="org.apache.hadoop.ozone.freon.TestDataValidateWithUnsafeByteOperations" time="10.813">
    <error message="Allocated 0 blocks. Requested 5 blocks" type="INTERNAL_ERROR org.apache.hadoop.ozone.om.exceptions.OMException">INTERNAL_ERROR org.apache.hadoop.ozone.om.exceptions.OMException: Allocated 0 blocks. Requested 5 blocks
	at org.apache.hadoop.ozone.om.protocolPB.OzoneManagerProtocolClientSideTranslatorPB.handleError(OzoneManagerProtocolClientSideTranslatorPB.java:732)
	at org.apache.hadoop.ozone.om.protocolPB.OzoneManagerProtocolClientSideTranslatorPB.openKey(OzoneManagerProtocolClientSideTranslatorPB.java:723)
	at sun.reflect.NativeMethodAccessorImpl.invoke0(Native Method)
	at sun.reflect.NativeMethodAccessorImpl.invoke(NativeMethodAccessorImpl.java:62)
	at sun.reflect.DelegatingMethodAccessorImpl.invoke(DelegatingMethodAccessorImpl.java:43)
	at java.lang.reflect.Method.invoke(Method.java:498)
	at org.apache.hadoop.hdds.tracing.TraceAllMethod.invoke(TraceAllMethod.java:66)
	at com.sun.proxy.$Proxy37.openKey(Unknown Source)
	at org.apache.hadoop.ozone.client.rpc.RpcClient.createKey(RpcClient.java:614)
	at org.apache.hadoop.ozone.client.OzoneBucket.createKey(OzoneBucket.java:325)
	at org.apache.hadoop.ozone.freon.RandomKeyGenerator.createKey(RandomKeyGenerator.java:695)
	at org.apache.hadoop.ozone.freon.RandomKeyGenerator.access$1100(RandomKeyGenerator.java:88)
	at org.apache.hadoop.ozone.freon.RandomKeyGenerator$ObjectCreator.run(RandomKeyGenerator.java:615)
	at java.util.concurrent.Executors$RunnableAdapter.call(Executors.java:511)
	at java.util.concurrent.FutureTask.run(FutureTask.java:266)
	at java.util.concurrent.ThreadPoolExecutor.runWorker(ThreadPoolExecutor.java:1149)
	at java.util.concurrent.ThreadPoolExecutor$Worker.run(ThreadPoolExecutor.java:624)
	at java.lang.Thread.run(Thread.java:748)
</error>
    <system-out><![CDATA[2019-09-26 13:36:06,073 [main] WARN  server.ServerUtils (ServerUtils.java:getScmDbDir(145)) - ozone.scm.db.dirs is not configured. We recommend adding this setting. Falling back to ozone.metadata.dirs instead.
2019-09-26 13:36:06,231 [main] WARN  server.ServerUtils (ServerUtils.java:getScmDbDir(145)) - ozone.scm.db.dirs is not configured. We recommend adding this setting. Falling back to ozone.metadata.dirs instead.
2019-09-26 13:36:06,235 [main] WARN  server.ServerUtils (ServerUtils.java:getScmDbDir(145)) - ozone.scm.db.dirs is not configured. We recommend adding this setting. Falling back to ozone.metadata.dirs instead.
2019-09-26 13:36:06,254 [main] INFO  util.log (Log.java:initialized(192)) - Logging initialized @997ms
2019-09-26 13:36:06,385 [main] INFO  db.DBStoreBuilder (DBStoreBuilder.java:addTable(110)) - using custom profile for table: deletedBlocks
2019-09-26 13:36:06,386 [main] INFO  db.DBStoreBuilder (DBStoreBuilder.java:processTables(161)) - Using default column profile:DBProfile.DISK for Table:deletedBlocks
2019-09-26 13:36:06,386 [main] INFO  db.DBStoreBuilder (DBStoreBuilder.java:addTable(110)) - using custom profile for table: validCerts
2019-09-26 13:36:06,387 [main] INFO  db.DBStoreBuilder (DBStoreBuilder.java:processTables(161)) - Using default column profile:DBProfile.DISK for Table:validCerts
2019-09-26 13:36:06,387 [main] INFO  db.DBStoreBuilder (DBStoreBuilder.java:addTable(110)) - using custom profile for table: revokedCerts
2019-09-26 13:36:06,387 [main] INFO  db.DBStoreBuilder (DBStoreBuilder.java:processTables(161)) - Using default column profile:DBProfile.DISK for Table:revokedCerts
2019-09-26 13:36:06,402 [main] INFO  db.DBStoreBuilder (DBStoreBuilder.java:addTable(110)) - using custom profile for table: default
2019-09-26 13:36:06,402 [main] INFO  db.DBStoreBuilder (DBStoreBuilder.java:processTables(167)) - Using default column profile:DBProfile.DISK for Table:default
2019-09-26 13:36:06,403 [main] INFO  db.DBStoreBuilder (DBStoreBuilder.java:getDbProfile(198)) - Using default options. DBProfile.DISK
2019-09-26 13:36:06,658 [main] INFO  net.NodeSchemaLoader (NodeSchemaLoader.java:loadSchemaFromFile(125)) - Loading file from sun.misc.CompoundEnumeration@3e694b3f
2019-09-26 13:36:06,660 [main] INFO  net.NodeSchemaLoader (NodeSchemaLoader.java:loadSchema(171)) - Loading network topology layer schema file
2019-09-26 13:36:06,747 [main] WARN  server.ServerUtils (ServerUtils.java:sanitizeUserArgs(70)) - ozone.scm.stale.node.interval value = 300000 is larger than max = 100000 based on the key value of ozone.scm.heartbeat.thread.interval, reset to the max value 100000.
2019-09-26 13:36:06,749 [main] WARN  server.ServerUtils (ServerUtils.java:sanitizeUserArgs(70)) - ozone.scm.stale.node.interval value = 300000 is larger than max = 100000 based on the key value of ozone.scm.heartbeat.thread.interval, reset to the max value 100000.
2019-09-26 13:36:06,751 [main] INFO  node.SCMNodeManager (SCMNodeManager.java:<init>(114)) - Entering startup safe mode.
2019-09-26 13:36:06,826 [main] INFO  algorithms.ContainerPlacementPolicyFactory (ContainerPlacementPolicyFactory.java:getPolicy(59)) - Create container placement policy of type org.apache.hadoop.hdds.scm.container.placement.algorithms.SCMContainerPlacementRandom
2019-09-26 13:36:06,842 [main] WARN  server.ServerUtils (ServerUtils.java:getScmDbDir(145)) - ozone.scm.db.dirs is not configured. We recommend adding this setting. Falling back to ozone.metadata.dirs instead.
2019-09-26 13:36:06,915 [main] INFO  pipeline.SCMPipelineManager (SCMPipelineManager.java:initializePipelineState(132)) - No pipeline exists in current db
2019-09-26 13:36:06,919 [main] WARN  server.ServerUtils (ServerUtils.java:getScmDbDir(145)) - ozone.scm.db.dirs is not configured. We recommend adding this setting. Falling back to ozone.metadata.dirs instead.
2019-09-26 13:36:07,036 [main] WARN  events.EventQueue (EventQueue.java:fireEvent(183)) - No event handler registered for event TypedEvent{payloadType=SafeModeStatus, name='SafeModeStatus'}
2019-09-26 13:36:07,431 [main] INFO  ipc.CallQueueManager (CallQueueManager.java:<init>(84)) - Using callQueue: class java.util.concurrent.LinkedBlockingQueue, queueCapacity: 2000, scheduler: class org.apache.hadoop.ipc.DefaultRpcScheduler, ipcBackoff: false.
2019-09-26 13:36:07,460 [Socket Reader #1 for port 35772] INFO  ipc.Server (Server.java:run(1074)) - Starting Socket Reader #1 for port 35772
2019-09-26 13:36:07,622 [main] INFO  ipc.CallQueueManager (CallQueueManager.java:<init>(84)) - Using callQueue: class java.util.concurrent.LinkedBlockingQueue, queueCapacity: 2000, scheduler: class org.apache.hadoop.ipc.DefaultRpcScheduler, ipcBackoff: false.
2019-09-26 13:36:07,623 [Socket Reader #1 for port 41365] INFO  ipc.Server (Server.java:run(1074)) - Starting Socket Reader #1 for port 41365
2019-09-26 13:36:07,635 [main] INFO  ipc.CallQueueManager (CallQueueManager.java:<init>(84)) - Using callQueue: class java.util.concurrent.LinkedBlockingQueue, queueCapacity: 2000, scheduler: class org.apache.hadoop.ipc.DefaultRpcScheduler, ipcBackoff: false.
2019-09-26 13:36:07,636 [Socket Reader #1 for port 37254] INFO  ipc.Server (Server.java:run(1074)) - Starting Socket Reader #1 for port 37254
2019-09-26 13:36:07,666 [main] INFO  hdfs.DFSUtil (DFSUtil.java:httpServerTemplateForNNAndJN(1641)) - Starting Web-server for scm at: http://0.0.0.0:0
2019-09-26 13:36:07,824 [main] INFO  server.AuthenticationFilter (AuthenticationFilter.java:constructSecretProvider(240)) - Unable to initialize FileSignerSecretProvider, falling back to use random secrets.
2019-09-26 13:36:07,841 [main] WARN  http.HttpRequestLog (HttpRequestLog.java:getRequestLog(97)) - Jetty request log can only be enabled using Log4j
2019-09-26 13:36:07,851 [main] INFO  http.HttpServer2 (HttpServer2.java:addGlobalFilter(975)) - Added global filter 'safety' (class=org.apache.hadoop.http.HttpServer2$QuotingInputFilter)
2019-09-26 13:36:07,854 [main] INFO  http.HttpServer2 (HttpServer2.java:addFilter(948)) - Added filter static_user_filter (class=org.apache.hadoop.http.lib.StaticUserWebFilter$StaticUserFilter) to context scm
2019-09-26 13:36:07,855 [main] INFO  http.HttpServer2 (HttpServer2.java:addFilter(958)) - Added filter static_user_filter (class=org.apache.hadoop.http.lib.StaticUserWebFilter$StaticUserFilter) to context static
2019-09-26 13:36:07,855 [main] INFO  http.HttpServer2 (HttpServer2.java:addFilter(958)) - Added filter static_user_filter (class=org.apache.hadoop.http.lib.StaticUserWebFilter$StaticUserFilter) to context logs
2019-09-26 13:36:07,884 [main] INFO  server.StorageContainerManager (StorageContainerManager.java:start(770)) - StorageContainerLocationProtocol RPC server is listening at /0.0.0.0:37254
2019-09-26 13:36:07,963 [main] WARN  impl.MetricsConfig (MetricsConfig.java:loadFirst(134)) - Cannot locate configuration: tried hadoop-metrics2-storagecontainermanager.properties,hadoop-metrics2.properties
2019-09-26 13:36:07,981 [main] INFO  impl.MetricsSystemImpl (MetricsSystemImpl.java:startTimer(374)) - Scheduled Metric snapshot period at 10 second(s).
2019-09-26 13:36:07,981 [main] INFO  impl.MetricsSystemImpl (MetricsSystemImpl.java:start(191)) - StorageContainerManager metrics system started
2019-09-26 13:36:08,226 [main] INFO  server.SCMClientProtocolServer (SCMClientProtocolServer.java:start(151)) - RPC server for Client  is listening at /0.0.0.0:37254
2019-09-26 13:36:08,227 [IPC Server Responder] INFO  ipc.Server (Server.java:run(1314)) - IPC Server Responder: starting
2019-09-26 13:36:08,227 [IPC Server listener on 37254] INFO  ipc.Server (Server.java:run(1153)) - IPC Server listener on 37254: starting
2019-09-26 13:36:08,229 [main] INFO  server.StorageContainerManager (StorageContainerManager.java:start(780)) - ScmBlockLocationProtocol RPC server is listening at /0.0.0.0:41365
2019-09-26 13:36:08,231 [main] INFO  server.SCMBlockProtocolServer (SCMBlockProtocolServer.java:start(146)) - RPC server for Block Protocol is listening at /0.0.0.0:41365
2019-09-26 13:36:08,231 [IPC Server Responder] INFO  ipc.Server (Server.java:run(1314)) - IPC Server Responder: starting
2019-09-26 13:36:08,231 [IPC Server listener on 41365] INFO  ipc.Server (Server.java:run(1153)) - IPC Server listener on 41365: starting
2019-09-26 13:36:08,234 [main] INFO  server.StorageContainerManager (StorageContainerManager.java:start(784)) - ScmDatanodeProtocl RPC server is listening at /0.0.0.0:35772
2019-09-26 13:36:08,234 [main] INFO  server.SCMDatanodeProtocolServer (SCMDatanodeProtocolServer.java:start(191)) - RPC server for DataNodes is listening at /0.0.0.0:35772
2019-09-26 13:36:08,234 [IPC Server Responder] INFO  ipc.Server (Server.java:run(1314)) - IPC Server Responder: starting
2019-09-26 13:36:08,234 [IPC Server listener on 35772] INFO  ipc.Server (Server.java:run(1153)) - IPC Server listener on 35772: starting
2019-09-26 13:36:08,238 [main] INFO  http.HttpServer2 (HttpServer2.java:bindListener(1191)) - Jetty bound to port 43105
2019-09-26 13:36:08,239 [main] INFO  server.Server (Server.java:doStart(351)) - jetty-9.3.25.v20180904, build timestamp: 2018-09-04T21:11:46Z, git hash: 3ce520221d0240229c862b122d2b06c12a625732
2019-09-26 13:36:08,274 [main] INFO  handler.ContextHandler (ContextHandler.java:doStart(781)) - Started o.e.j.s.ServletContextHandler@4983159f{/logs,file:///workdir/hadoop-ozone/tools/target/log,AVAILABLE}
2019-09-26 13:36:08,275 [main] INFO  handler.ContextHandler (ContextHandler.java:doStart(781)) - Started o.e.j.s.ServletContextHandler@1d2bd371{/static,jar:file:/home/user/.m2/repository/org/apache/hadoop/hadoop-hdds-server-scm/0.5.0-SNAPSHOT/hadoop-hdds-server-scm-0.5.0-SNAPSHOT.jar!/webapps/static,AVAILABLE}
2019-09-26 13:36:08,347 [main] INFO  handler.ContextHandler (ContextHandler.java:doStart(781)) - Started o.e.j.w.WebAppContext@78461bc4{/,file:///tmp/jetty-0.0.0.0-43105-scm-_-any-1063853636964480577.dir/webapp/,AVAILABLE}{/scm}
2019-09-26 13:36:08,352 [main] INFO  server.AbstractConnector (AbstractConnector.java:doStart(278)) - Started ServerConnector@51f49060{HTTP/1.1,[http/1.1]}{0.0.0.0:43105}
2019-09-26 13:36:08,353 [main] INFO  server.Server (Server.java:doStart(419)) - Started @3097ms
2019-09-26 13:36:08,355 [main] INFO  impl.MetricsSinkAdapter (MetricsSinkAdapter.java:start(204)) - Sink prometheus started
2019-09-26 13:36:08,355 [main] INFO  impl.MetricsSystemImpl (MetricsSystemImpl.java:registerSink(301)) - Registered sink prometheus
2019-09-26 13:36:08,356 [main] INFO  server.BaseHttpServer (BaseHttpServer.java:updateConnectorAddress(215)) - HTTP server of SCM is listening at http://0.0.0.0:43105
2019-09-26 13:36:08,365 [org.apache.hadoop.util.JvmPauseMonitor$Monitor@46ab18da] INFO  util.JvmPauseMonitor (JvmPauseMonitor.java:run(188)) - Starting JVM pause monitor
2019-09-26 13:36:08,369 [main] WARN  server.ServerUtils (ServerUtils.java:getDBPath(222)) - ozone.om.db.dirs is not configured. We recommend adding this setting. Falling back to ozone.metadata.dirs instead.
2019-09-26 13:36:08,491 [main] WARN  server.ServerUtils (ServerUtils.java:getDBPath(222)) - ozone.om.db.dirs is not configured. We recommend adding this setting. Falling back to ozone.metadata.dirs instead.
2019-09-26 13:36:08,492 [main] WARN  server.ServerUtils (ServerUtils.java:getDBPath(222)) - ozone.om.db.dirs is not configured. We recommend adding this setting. Falling back to ozone.metadata.dirs instead.
2019-09-26 13:36:08,493 [main] INFO  om.OzoneManager (OzoneManager.java:setOMNodeDetails(652)) - OM Service ID is not set. Setting it to the default ID: omServiceIdDefault
2019-09-26 13:36:08,493 [main] INFO  om.OzoneManager (OzoneManager.java:setOMNodeDetails(658)) - OM Node ID is not set. Setting it to the OmStorage's OmID: 0a5a19d2-7668-4ca4-8790-3f6b6c714f7e
2019-09-26 13:36:08,494 [main] INFO  om.OzoneManager (OzoneManager.java:loadOMHAConfigs(609)) - Found matching OM address with OMServiceId: null, OMNodeId: null, RPC Address: localhost:0 and Ratis port: 9872
2019-09-26 13:36:09,191 [main] WARN  server.ServerUtils (ServerUtils.java:getDBPath(222)) - ozone.om.db.dirs is not configured. We recommend adding this setting. Falling back to ozone.metadata.dirs instead.
2019-09-26 13:36:09,198 [main] INFO  db.DBStoreBuilder (DBStoreBuilder.java:addTable(110)) - using custom profile for table: userTable
2019-09-26 13:36:09,199 [main] INFO  db.DBStoreBuilder (DBStoreBuilder.java:processTables(161)) - Using default column profile:DBProfile.DISK for Table:userTable
2019-09-26 13:36:09,199 [main] INFO  db.DBStoreBuilder (DBStoreBuilder.java:addTable(110)) - using custom profile for table: volumeTable
2019-09-26 13:36:09,199 [main] INFO  db.DBStoreBuilder (DBStoreBuilder.java:processTables(161)) - Using default column profile:DBProfile.DISK for Table:volumeTable
2019-09-26 13:36:09,199 [main] INFO  db.DBStoreBuilder (DBStoreBuilder.java:addTable(110)) - using custom profile for table: bucketTable
2019-09-26 13:36:09,199 [main] INFO  db.DBStoreBuilder (DBStoreBuilder.java:processTables(161)) - Using default column profile:DBProfile.DISK for Table:bucketTable
2019-09-26 13:36:09,200 [main] INFO  db.DBStoreBuilder (DBStoreBuilder.java:addTable(110)) - using custom profile for table: keyTable
2019-09-26 13:36:09,200 [main] INFO  db.DBStoreBuilder (DBStoreBuilder.java:processTables(161)) - Using default column profile:DBProfile.DISK for Table:keyTable
2019-09-26 13:36:09,200 [main] INFO  db.DBStoreBuilder (DBStoreBuilder.java:addTable(110)) - using custom profile for table: deletedTable
2019-09-26 13:36:09,200 [main] INFO  db.DBStoreBuilder (DBStoreBuilder.java:processTables(161)) - Using default column profile:DBProfile.DISK for Table:deletedTable
2019-09-26 13:36:09,201 [main] INFO  db.DBStoreBuilder (DBStoreBuilder.java:addTable(110)) - using custom profile for table: openKeyTable
2019-09-26 13:36:09,201 [main] INFO  db.DBStoreBuilder (DBStoreBuilder.java:processTables(161)) - Using default column profile:DBProfile.DISK for Table:openKeyTable
2019-09-26 13:36:09,201 [main] INFO  db.DBStoreBuilder (DBStoreBuilder.java:addTable(110)) - using custom profile for table: s3Table
2019-09-26 13:36:09,201 [main] INFO  db.DBStoreBuilder (DBStoreBuilder.java:processTables(161)) - Using default column profile:DBProfile.DISK for Table:s3Table
2019-09-26 13:36:09,202 [main] INFO  db.DBStoreBuilder (DBStoreBuilder.java:addTable(110)) - using custom profile for table: multipartInfoTable
2019-09-26 13:36:09,202 [main] INFO  db.DBStoreBuilder (DBStoreBuilder.java:processTables(161)) - Using default column profile:DBProfile.DISK for Table:multipartInfoTable
2019-09-26 13:36:09,202 [main] INFO  db.DBStoreBuilder (DBStoreBuilder.java:addTable(110)) - using custom profile for table: dTokenTable
2019-09-26 13:36:09,202 [main] INFO  db.DBStoreBuilder (DBStoreBuilder.java:processTables(161)) - Using default column profile:DBProfile.DISK for Table:dTokenTable
2019-09-26 13:36:09,203 [main] INFO  db.DBStoreBuilder (DBStoreBuilder.java:addTable(110)) - using custom profile for table: s3SecretTable
2019-09-26 13:36:09,203 [main] INFO  db.DBStoreBuilder (DBStoreBuilder.java:processTables(161)) - Using default column profile:DBProfile.DISK for Table:s3SecretTable
2019-09-26 13:36:09,203 [main] INFO  db.DBStoreBuilder (DBStoreBuilder.java:addTable(110)) - using custom profile for table: prefixTable
2019-09-26 13:36:09,203 [main] INFO  db.DBStoreBuilder (DBStoreBuilder.java:processTables(161)) - Using default column profile:DBProfile.DISK for Table:prefixTable
2019-09-26 13:36:09,204 [main] INFO  db.DBStoreBuilder (DBStoreBuilder.java:addTable(110)) - using custom profile for table: default
2019-09-26 13:36:09,204 [main] INFO  db.DBStoreBuilder (DBStoreBuilder.java:processTables(167)) - Using default column profile:DBProfile.DISK for Table:default
2019-09-26 13:36:09,204 [main] INFO  db.DBStoreBuilder (DBStoreBuilder.java:getDbProfile(198)) - Using default options. DBProfile.DISK
2019-09-26 13:36:09,756 [main] INFO  ipc.CallQueueManager (CallQueueManager.java:<init>(84)) - Using callQueue: class java.util.concurrent.LinkedBlockingQueue, queueCapacity: 2000, scheduler: class org.apache.hadoop.ipc.DefaultRpcScheduler, ipcBackoff: false.
2019-09-26 13:36:09,757 [Socket Reader #1 for port 37845] INFO  ipc.Server (Server.java:run(1074)) - Starting Socket Reader #1 for port 37845
2019-09-26 13:36:09,786 [main] INFO  om.OzoneManager (OzoneManager.java:start(1243)) - OzoneManager RPC server is listening at localhost/127.0.0.1:37845
2019-09-26 13:36:09,787 [main] INFO  impl.MetricsSystemImpl (MetricsSystemImpl.java:init(158)) - OzoneManager metrics system started (again)
2019-09-26 13:36:09,788 [IPC Server Responder] INFO  ipc.Server (Server.java:run(1314)) - IPC Server Responder: starting
2019-09-26 13:36:09,789 [IPC Server listener on 37845] INFO  ipc.Server (Server.java:run(1153)) - IPC Server listener on 37845: starting
2019-09-26 13:36:09,795 [main] INFO  hdfs.DFSUtil (DFSUtil.java:httpServerTemplateForNNAndJN(1641)) - Starting Web-server for ozoneManager at: http://0.0.0.0:0
2019-09-26 13:36:09,797 [main] INFO  server.AuthenticationFilter (AuthenticationFilter.java:constructSecretProvider(240)) - Unable to initialize FileSignerSecretProvider, falling back to use random secrets.
2019-09-26 13:36:09,798 [main] WARN  http.HttpRequestLog (HttpRequestLog.java:getRequestLog(97)) - Jetty request log can only be enabled using Log4j
2019-09-26 13:36:09,801 [main] INFO  http.HttpServer2 (HttpServer2.java:addGlobalFilter(975)) - Added global filter 'safety' (class=org.apache.hadoop.http.HttpServer2$QuotingInputFilter)
2019-09-26 13:36:09,803 [main] INFO  http.HttpServer2 (HttpServer2.java:addFilter(948)) - Added filter static_user_filter (class=org.apache.hadoop.http.lib.StaticUserWebFilter$StaticUserFilter) to context ozoneManager
2019-09-26 13:36:09,803 [main] INFO  http.HttpServer2 (HttpServer2.java:addFilter(958)) - Added filter static_user_filter (class=org.apache.hadoop.http.lib.StaticUserWebFilter$StaticUserFilter) to context logs
2019-09-26 13:36:09,803 [main] INFO  http.HttpServer2 (HttpServer2.java:addFilter(958)) - Added filter static_user_filter (class=org.apache.hadoop.http.lib.StaticUserWebFilter$StaticUserFilter) to context static
2019-09-26 13:36:09,806 [main] INFO  http.HttpServer2 (HttpServer2.java:bindListener(1191)) - Jetty bound to port 36840
2019-09-26 13:36:09,807 [main] INFO  server.Server (Server.java:doStart(351)) - jetty-9.3.25.v20180904, build timestamp: 2018-09-04T21:11:46Z, git hash: 3ce520221d0240229c862b122d2b06c12a625732
2019-09-26 13:36:09,809 [main] INFO  handler.ContextHandler (ContextHandler.java:doStart(781)) - Started o.e.j.s.ServletContextHandler@55b8dbda{/logs,file:///workdir/hadoop-ozone/tools/target/log,AVAILABLE}
2019-09-26 13:36:09,810 [main] INFO  handler.ContextHandler (ContextHandler.java:doStart(781)) - Started o.e.j.s.ServletContextHandler@3a022576{/static,jar:file:/home/user/.m2/repository/org/apache/hadoop/hadoop-ozone-ozone-manager/0.5.0-SNAPSHOT/hadoop-ozone-ozone-manager-0.5.0-SNAPSHOT.jar!/webapps/static,AVAILABLE}
2019-09-26 13:36:09,878 [main] INFO  handler.ContextHandler (ContextHandler.java:doStart(781)) - Started o.e.j.w.WebAppContext@388b401d{/,file:///tmp/jetty-0.0.0.0-36840-ozoneManager-_-any-1241695545978027770.dir/webapp/,AVAILABLE}{/ozoneManager}
2019-09-26 13:36:09,879 [main] INFO  server.AbstractConnector (AbstractConnector.java:doStart(278)) - Started ServerConnector@2bcec6a6{HTTP/1.1,[http/1.1]}{0.0.0.0:36840}
2019-09-26 13:36:09,880 [main] INFO  server.Server (Server.java:doStart(419)) - Started @4624ms
2019-09-26 13:36:09,881 [main] WARN  impl.MetricsSystemImpl (MetricsSystemImpl.java:register(276)) - Sink prometheus already exists!
2019-09-26 13:36:09,882 [main] INFO  server.BaseHttpServer (BaseHttpServer.java:updateConnectorAddress(215)) - HTTP server of OZONEMANAGER is listening at http://0.0.0.0:36840
2019-09-26 13:36:10,218 [main] INFO  impl.MetricsSystemImpl (MetricsSystemImpl.java:init(158)) - HddsDatanode metrics system started (again)
2019-09-26 13:36:10,298 [main] INFO  ozone.HddsDatanodeService (HddsDatanodeService.java:start(184)) - HddsDatanodeService host:pr-hdds-1569-87zkn-1081879488 ip:192.168.164.238
2019-09-26 13:36:10,336 [main] INFO  volume.HddsVolume (HddsVolume.java:<init>(176)) - Creating Volume: /workdir/hadoop-ozone/tools/target/test-dir/MiniOzoneClusterImpl-9370444f-6a38-4216-baa9-a19329eb6ac6/datanode-0/data/containers/hdds of  storage type : DISK and capacity : 1482555576320
2019-09-26 13:36:10,339 [main] INFO  volume.VolumeSet (VolumeSet.java:initializeVolumeSet(170)) - Added Volume : /workdir/hadoop-ozone/tools/target/test-dir/MiniOzoneClusterImpl-9370444f-6a38-4216-baa9-a19329eb6ac6/datanode-0/data/containers/hdds to VolumeSet
2019-09-26 13:36:10,343 [main] INFO  volume.ThrottledAsyncChecker (ThrottledAsyncChecker.java:schedule(139)) - Scheduling a check for org.apache.hadoop.ozone.container.common.volume.HddsVolume@5ff60a8c
2019-09-26 13:36:10,366 [main] INFO  volume.HddsVolumeChecker (HddsVolumeChecker.java:checkAllVolumes(202)) - Scheduled health check for volume org.apache.hadoop.ozone.container.common.volume.HddsVolume@5ff60a8c
2019-09-26 13:36:10,488 [main] INFO  impl.RaftServerProxy (ConfUtils.java:logGet(43)) - raft.rpc.type = GRPC (default)
2019-09-26 13:36:10,559 [main] INFO  grpc.GrpcFactory (GrpcFactory.java:checkPooledByteBufAllocatorUseCacheForAllThreads(45)) - PERFORMANCE WARNING: useCacheForAllThreads is true that may cause Netty to create a lot garbage objects and, as a result, trigger GC.
	It is recommended to disable useCacheForAllThreads by setting -Dorg.apache.ratis.thirdparty.io.netty.allocator.useCacheForAllThreads=false in command line.
2019-09-26 13:36:10,564 [main] INFO  grpc.GrpcConfigKeys$Server (ConfUtils.java:logGet(43)) - raft.grpc.server.port = 0 (default)
2019-09-26 13:36:10,565 [main] INFO  server.GrpcService (ConfUtils.java:logGet(43)) - raft.grpc.message.size.max = 33570816 (custom)
2019-09-26 13:36:10,567 [main] INFO  server.RaftServerConfigKeys (ConfUtils.java:logGet(43)) - raft.server.log.appender.buffer.byte-limit = 33554432 (custom)
2019-09-26 13:36:10,568 [main] INFO  server.GrpcService (ConfUtils.java:logGet(43)) - raft.grpc.flow.control.window = 1MB (=1048576) (default)
2019-09-26 13:36:10,569 [main] INFO  server.RaftServerConfigKeys (ConfUtils.java:logGet(43)) - raft.server.rpc.request.timeout = 3000ms (default)
2019-09-26 13:36:10,752 [main] INFO  server.RaftServerConfigKeys (ConfUtils.java:logGet(43)) - raft.server.storage.dir = [/workdir/hadoop-ozone/tools/target/test-dir/MiniOzoneClusterImpl-9370444f-6a38-4216-baa9-a19329eb6ac6/datanode-0/data/ratis] (custom)
2019-09-26 13:36:10,809 [main] INFO  hdfs.DFSUtil (DFSUtil.java:httpServerTemplateForNNAndJN(1641)) - Starting Web-server for hddsDatanode at: http://0.0.0.0:0
2019-09-26 13:36:10,812 [main] INFO  server.AuthenticationFilter (AuthenticationFilter.java:constructSecretProvider(240)) - Unable to initialize FileSignerSecretProvider, falling back to use random secrets.
2019-09-26 13:36:10,813 [main] WARN  http.HttpRequestLog (HttpRequestLog.java:getRequestLog(97)) - Jetty request log can only be enabled using Log4j
2019-09-26 13:36:10,815 [main] INFO  http.HttpServer2 (HttpServer2.java:addGlobalFilter(975)) - Added global filter 'safety' (class=org.apache.hadoop.http.HttpServer2$QuotingInputFilter)
2019-09-26 13:36:10,816 [main] INFO  http.HttpServer2 (HttpServer2.java:addFilter(948)) - Added filter static_user_filter (class=org.apache.hadoop.http.lib.StaticUserWebFilter$StaticUserFilter) to context hddsDatanode
2019-09-26 13:36:10,817 [main] INFO  http.HttpServer2 (HttpServer2.java:addFilter(958)) - Added filter static_user_filter (class=org.apache.hadoop.http.lib.StaticUserWebFilter$StaticUserFilter) to context logs
2019-09-26 13:36:10,817 [main] INFO  http.HttpServer2 (HttpServer2.java:addFilter(958)) - Added filter static_user_filter (class=org.apache.hadoop.http.lib.StaticUserWebFilter$StaticUserFilter) to context static
2019-09-26 13:36:10,819 [main] INFO  http.HttpServer2 (HttpServer2.java:bindListener(1191)) - Jetty bound to port 34682
2019-09-26 13:36:10,819 [main] INFO  server.Server (Server.java:doStart(351)) - jetty-9.3.25.v20180904, build timestamp: 2018-09-04T21:11:46Z, git hash: 3ce520221d0240229c862b122d2b06c12a625732
2019-09-26 13:36:10,822 [main] INFO  handler.ContextHandler (ContextHandler.java:doStart(781)) - Started o.e.j.s.ServletContextHandler@352c44a8{/logs,file:///workdir/hadoop-ozone/tools/target/log,AVAILABLE}
2019-09-26 13:36:10,823 [main] INFO  handler.ContextHandler (ContextHandler.java:doStart(781)) - Started o.e.j.s.ServletContextHandler@a66e580{/static,jar:file:/home/user/.m2/repository/org/apache/hadoop/hadoop-hdds-container-service/0.5.0-SNAPSHOT/hadoop-hdds-container-service-0.5.0-SNAPSHOT.jar!/webapps/static,AVAILABLE}
2019-09-26 13:36:10,868 [main] INFO  handler.ContextHandler (ContextHandler.java:doStart(781)) - Started o.e.j.w.WebAppContext@3dffc764{/,file:///tmp/jetty-0.0.0.0-34682-hddsDatanode-_-any-5615082301270123852.dir/webapp/,AVAILABLE}{/hddsDatanode}
2019-09-26 13:36:10,869 [main] INFO  server.AbstractConnector (AbstractConnector.java:doStart(278)) - Started ServerConnector@4b6e1c0{HTTP/1.1,[http/1.1]}{0.0.0.0:34682}
2019-09-26 13:36:10,871 [main] INFO  server.Server (Server.java:doStart(419)) - Started @5615ms
2019-09-26 13:36:10,871 [main] WARN  impl.MetricsSystemImpl (MetricsSystemImpl.java:register(276)) - Sink prometheus already exists!
2019-09-26 13:36:10,872 [main] INFO  server.BaseHttpServer (BaseHttpServer.java:updateConnectorAddress(215)) - HTTP server of HDDSDATANODE is listening at http://0.0.0.0:34682
2019-09-26 13:36:10,874 [main] INFO  impl.MetricsSystemImpl (MetricsSystemImpl.java:init(158)) - HddsDatanode metrics system started (again)
2019-09-26 13:36:10,877 [main] INFO  ozone.HddsDatanodeService (HddsDatanodeService.java:start(184)) - HddsDatanodeService host:pr-hdds-1569-87zkn-1081879488 ip:192.168.164.238
2019-09-26 13:36:10,881 [org.apache.hadoop.util.JvmPauseMonitor$Monitor@40a09a79] INFO  util.JvmPauseMonitor (JvmPauseMonitor.java:run(188)) - Starting JVM pause monitor
2019-09-26 13:36:10,886 [main] INFO  volume.HddsVolume (HddsVolume.java:<init>(176)) - Creating Volume: /workdir/hadoop-ozone/tools/target/test-dir/MiniOzoneClusterImpl-9370444f-6a38-4216-baa9-a19329eb6ac6/datanode-1/data/containers/hdds of  storage type : DISK and capacity : 1482555576320
2019-09-26 13:36:10,887 [main] INFO  volume.VolumeSet (VolumeSet.java:initializeVolumeSet(170)) - Added Volume : /workdir/hadoop-ozone/tools/target/test-dir/MiniOzoneClusterImpl-9370444f-6a38-4216-baa9-a19329eb6ac6/datanode-1/data/containers/hdds to VolumeSet
2019-09-26 13:36:10,887 [main] INFO  volume.ThrottledAsyncChecker (ThrottledAsyncChecker.java:schedule(139)) - Scheduling a check for org.apache.hadoop.ozone.container.common.volume.HddsVolume@59dc36d4
2019-09-26 13:36:10,888 [main] INFO  volume.HddsVolumeChecker (HddsVolumeChecker.java:checkAllVolumes(202)) - Scheduled health check for volume org.apache.hadoop.ozone.container.common.volume.HddsVolume@59dc36d4
2019-09-26 13:36:10,906 [main] INFO  impl.RaftServerProxy (ConfUtils.java:logGet(43)) - raft.rpc.type = GRPC (default)
2019-09-26 13:36:10,906 [main] INFO  grpc.GrpcFactory (GrpcFactory.java:checkPooledByteBufAllocatorUseCacheForAllThreads(45)) - PERFORMANCE WARNING: useCacheForAllThreads is true that may cause Netty to create a lot garbage objects and, as a result, trigger GC.
	It is recommended to disable useCacheForAllThreads by setting -Dorg.apache.ratis.thirdparty.io.netty.allocator.useCacheForAllThreads=false in command line.
2019-09-26 13:36:10,906 [main] INFO  grpc.GrpcConfigKeys$Server (ConfUtils.java:logGet(43)) - raft.grpc.server.port = 0 (default)
2019-09-26 13:36:10,907 [main] INFO  server.GrpcService (ConfUtils.java:logGet(43)) - raft.grpc.message.size.max = 33570816 (custom)
2019-09-26 13:36:10,907 [main] INFO  server.RaftServerConfigKeys (ConfUtils.java:logGet(43)) - raft.server.log.appender.buffer.byte-limit = 33554432 (custom)
2019-09-26 13:36:10,907 [main] INFO  server.GrpcService (ConfUtils.java:logGet(43)) - raft.grpc.flow.control.window = 1MB (=1048576) (default)
2019-09-26 13:36:10,907 [main] INFO  server.RaftServerConfigKeys (ConfUtils.java:logGet(43)) - raft.server.rpc.request.timeout = 3000ms (default)
2019-09-26 13:36:10,908 [main] INFO  server.RaftServerConfigKeys (ConfUtils.java:logGet(43)) - raft.server.storage.dir = [/workdir/hadoop-ozone/tools/target/test-dir/MiniOzoneClusterImpl-9370444f-6a38-4216-baa9-a19329eb6ac6/datanode-1/data/ratis] (custom)
2019-09-26 13:36:10,910 [main] INFO  hdfs.DFSUtil (DFSUtil.java:httpServerTemplateForNNAndJN(1641)) - Starting Web-server for hddsDatanode at: http://0.0.0.0:0
2019-09-26 13:36:10,912 [main] INFO  server.AuthenticationFilter (AuthenticationFilter.java:constructSecretProvider(240)) - Unable to initialize FileSignerSecretProvider, falling back to use random secrets.
2019-09-26 13:36:10,913 [main] WARN  http.HttpRequestLog (HttpRequestLog.java:getRequestLog(97)) - Jetty request log can only be enabled using Log4j
2019-09-26 13:36:10,915 [main] INFO  http.HttpServer2 (HttpServer2.java:addGlobalFilter(975)) - Added global filter 'safety' (class=org.apache.hadoop.http.HttpServer2$QuotingInputFilter)
2019-09-26 13:36:10,916 [main] INFO  http.HttpServer2 (HttpServer2.java:addFilter(948)) - Added filter static_user_filter (class=org.apache.hadoop.http.lib.StaticUserWebFilter$StaticUserFilter) to context hddsDatanode
2019-09-26 13:36:10,916 [main] INFO  http.HttpServer2 (HttpServer2.java:addFilter(958)) - Added filter static_user_filter (class=org.apache.hadoop.http.lib.StaticUserWebFilter$StaticUserFilter) to context logs
2019-09-26 13:36:10,916 [main] INFO  http.HttpServer2 (HttpServer2.java:addFilter(958)) - Added filter static_user_filter (class=org.apache.hadoop.http.lib.StaticUserWebFilter$StaticUserFilter) to context static
2019-09-26 13:36:10,917 [main] INFO  http.HttpServer2 (HttpServer2.java:bindListener(1191)) - Jetty bound to port 46026
2019-09-26 13:36:10,917 [main] INFO  server.Server (Server.java:doStart(351)) - jetty-9.3.25.v20180904, build timestamp: 2018-09-04T21:11:46Z, git hash: 3ce520221d0240229c862b122d2b06c12a625732
2019-09-26 13:36:10,920 [main] INFO  handler.ContextHandler (ContextHandler.java:doStart(781)) - Started o.e.j.s.ServletContextHandler@5e519ad3{/logs,file:///workdir/hadoop-ozone/tools/target/log,AVAILABLE}
2019-09-26 13:36:10,921 [main] INFO  handler.ContextHandler (ContextHandler.java:doStart(781)) - Started o.e.j.s.ServletContextHandler@59072e9d{/static,jar:file:/home/user/.m2/repository/org/apache/hadoop/hadoop-hdds-container-service/0.5.0-SNAPSHOT/hadoop-hdds-container-service-0.5.0-SNAPSHOT.jar!/webapps/static,AVAILABLE}
2019-09-26 13:36:10,951 [main] INFO  handler.ContextHandler (ContextHandler.java:doStart(781)) - Started o.e.j.w.WebAppContext@799ed4e8{/,file:///tmp/jetty-0.0.0.0-46026-hddsDatanode-_-any-9223062612451006415.dir/webapp/,AVAILABLE}{/hddsDatanode}
2019-09-26 13:36:10,951 [main] INFO  server.AbstractConnector (AbstractConnector.java:doStart(278)) - Started ServerConnector@2e66bc32{HTTP/1.1,[http/1.1]}{0.0.0.0:46026}
2019-09-26 13:36:10,952 [main] INFO  server.Server (Server.java:doStart(419)) - Started @5696ms
2019-09-26 13:36:10,954 [main] WARN  impl.MetricsSystemImpl (MetricsSystemImpl.java:register(276)) - Sink prometheus already exists!
2019-09-26 13:36:10,955 [main] INFO  server.BaseHttpServer (BaseHttpServer.java:updateConnectorAddress(215)) - HTTP server of HDDSDATANODE is listening at http://0.0.0.0:46026
2019-09-26 13:36:10,955 [main] INFO  impl.MetricsSystemImpl (MetricsSystemImpl.java:init(158)) - HddsDatanode metrics system started (again)
2019-09-26 13:36:10,958 [org.apache.hadoop.util.JvmPauseMonitor$Monitor@5937e525] INFO  util.JvmPauseMonitor (JvmPauseMonitor.java:run(188)) - Starting JVM pause monitor
2019-09-26 13:36:10,958 [main] INFO  ozone.HddsDatanodeService (HddsDatanodeService.java:start(184)) - HddsDatanodeService host:pr-hdds-1569-87zkn-1081879488 ip:192.168.164.238
2019-09-26 13:36:10,968 [main] INFO  volume.HddsVolume (HddsVolume.java:<init>(176)) - Creating Volume: /workdir/hadoop-ozone/tools/target/test-dir/MiniOzoneClusterImpl-9370444f-6a38-4216-baa9-a19329eb6ac6/datanode-2/data/containers/hdds of  storage type : DISK and capacity : 1482555576320
2019-09-26 13:36:10,968 [main] INFO  volume.VolumeSet (VolumeSet.java:initializeVolumeSet(170)) - Added Volume : /workdir/hadoop-ozone/tools/target/test-dir/MiniOzoneClusterImpl-9370444f-6a38-4216-baa9-a19329eb6ac6/datanode-2/data/containers/hdds to VolumeSet
2019-09-26 13:36:10,969 [main] INFO  volume.ThrottledAsyncChecker (ThrottledAsyncChecker.java:schedule(139)) - Scheduling a check for org.apache.hadoop.ozone.container.common.volume.HddsVolume@4faa298
2019-09-26 13:36:10,969 [main] INFO  volume.HddsVolumeChecker (HddsVolumeChecker.java:checkAllVolumes(202)) - Scheduled health check for volume org.apache.hadoop.ozone.container.common.volume.HddsVolume@4faa298
2019-09-26 13:36:10,987 [Datanode State Machine Thread - 0] INFO  datanode.InitDatanodeState (InitDatanodeState.java:persistContainerDatanodeDetails(140)) - DatanodeDetails is persisted to /workdir/hadoop-ozone/tools/target/test-dir/MiniOzoneClusterImpl-9370444f-6a38-4216-baa9-a19329eb6ac6/datanode-0/meta/datanode.id
2019-09-26 13:36:10,992 [Datanode State Machine Thread - 0] INFO  datanode.InitDatanodeState (InitDatanodeState.java:persistContainerDatanodeDetails(140)) - DatanodeDetails is persisted to /workdir/hadoop-ozone/tools/target/test-dir/MiniOzoneClusterImpl-9370444f-6a38-4216-baa9-a19329eb6ac6/datanode-1/meta/datanode.id
2019-09-26 13:36:10,996 [main] INFO  impl.RaftServerProxy (ConfUtils.java:logGet(43)) - raft.rpc.type = GRPC (default)
2019-09-26 13:36:10,996 [main] INFO  grpc.GrpcFactory (GrpcFactory.java:checkPooledByteBufAllocatorUseCacheForAllThreads(45)) - PERFORMANCE WARNING: useCacheForAllThreads is true that may cause Netty to create a lot garbage objects and, as a result, trigger GC.
	It is recommended to disable useCacheForAllThreads by setting -Dorg.apache.ratis.thirdparty.io.netty.allocator.useCacheForAllThreads=false in command line.
2019-09-26 13:36:10,997 [main] INFO  grpc.GrpcConfigKeys$Server (ConfUtils.java:logGet(43)) - raft.grpc.server.port = 0 (default)
2019-09-26 13:36:10,997 [main] INFO  server.GrpcService (ConfUtils.java:logGet(43)) - raft.grpc.message.size.max = 33570816 (custom)
2019-09-26 13:36:10,998 [main] INFO  server.RaftServerConfigKeys (ConfUtils.java:logGet(43)) - raft.server.log.appender.buffer.byte-limit = 33554432 (custom)
2019-09-26 13:36:10,998 [main] INFO  server.GrpcService (ConfUtils.java:logGet(43)) - raft.grpc.flow.control.window = 1MB (=1048576) (default)
2019-09-26 13:36:10,998 [main] INFO  server.RaftServerConfigKeys (ConfUtils.java:logGet(43)) - raft.server.rpc.request.timeout = 3000ms (default)
2019-09-26 13:36:10,999 [main] INFO  server.RaftServerConfigKeys (ConfUtils.java:logGet(43)) - raft.server.storage.dir = [/workdir/hadoop-ozone/tools/target/test-dir/MiniOzoneClusterImpl-9370444f-6a38-4216-baa9-a19329eb6ac6/datanode-2/data/ratis] (custom)
2019-09-26 13:36:11,002 [main] INFO  hdfs.DFSUtil (DFSUtil.java:httpServerTemplateForNNAndJN(1641)) - Starting Web-server for hddsDatanode at: http://0.0.0.0:0
2019-09-26 13:36:11,004 [main] INFO  server.AuthenticationFilter (AuthenticationFilter.java:constructSecretProvider(240)) - Unable to initialize FileSignerSecretProvider, falling back to use random secrets.
2019-09-26 13:36:11,004 [main] WARN  http.HttpRequestLog (HttpRequestLog.java:getRequestLog(97)) - Jetty request log can only be enabled using Log4j
2019-09-26 13:36:11,006 [main] INFO  http.HttpServer2 (HttpServer2.java:addGlobalFilter(975)) - Added global filter 'safety' (class=org.apache.hadoop.http.HttpServer2$QuotingInputFilter)
2019-09-26 13:36:11,006 [main] INFO  http.HttpServer2 (HttpServer2.java:addFilter(948)) - Added filter static_user_filter (class=org.apache.hadoop.http.lib.StaticUserWebFilter$StaticUserFilter) to context hddsDatanode
2019-09-26 13:36:11,006 [main] INFO  http.HttpServer2 (HttpServer2.java:addFilter(958)) - Added filter static_user_filter (class=org.apache.hadoop.http.lib.StaticUserWebFilter$StaticUserFilter) to context static
2019-09-26 13:36:11,006 [main] INFO  http.HttpServer2 (HttpServer2.java:addFilter(958)) - Added filter static_user_filter (class=org.apache.hadoop.http.lib.StaticUserWebFilter$StaticUserFilter) to context logs
2019-09-26 13:36:11,007 [main] INFO  http.HttpServer2 (HttpServer2.java:bindListener(1191)) - Jetty bound to port 36404
2019-09-26 13:36:11,007 [main] INFO  server.Server (Server.java:doStart(351)) - jetty-9.3.25.v20180904, build timestamp: 2018-09-04T21:11:46Z, git hash: 3ce520221d0240229c862b122d2b06c12a625732
2019-09-26 13:36:11,010 [main] INFO  handler.ContextHandler (ContextHandler.java:doStart(781)) - Started o.e.j.s.ServletContextHandler@5dd903be{/logs,file:///workdir/hadoop-ozone/tools/target/log,AVAILABLE}
2019-09-26 13:36:11,010 [main] INFO  handler.ContextHandler (ContextHandler.java:doStart(781)) - Started o.e.j.s.ServletContextHandler@4a163575{/static,jar:file:/home/user/.m2/repository/org/apache/hadoop/hadoop-hdds-container-service/0.5.0-SNAPSHOT/hadoop-hdds-container-service-0.5.0-SNAPSHOT.jar!/webapps/static,AVAILABLE}
2019-09-26 13:36:11,042 [main] INFO  handler.ContextHandler (ContextHandler.java:doStart(781)) - Started o.e.j.w.WebAppContext@74ecacc3{/,file:///tmp/jetty-0.0.0.0-36404-hddsDatanode-_-any-4118405307232527696.dir/webapp/,AVAILABLE}{/hddsDatanode}
2019-09-26 13:36:11,043 [main] INFO  server.AbstractConnector (AbstractConnector.java:doStart(278)) - Started ServerConnector@517a2b0{HTTP/1.1,[http/1.1]}{0.0.0.0:36404}
2019-09-26 13:36:11,044 [main] INFO  server.Server (Server.java:doStart(419)) - Started @5788ms
2019-09-26 13:36:11,045 [main] WARN  impl.MetricsSystemImpl (MetricsSystemImpl.java:register(276)) - Sink prometheus already exists!
2019-09-26 13:36:11,046 [main] INFO  server.BaseHttpServer (BaseHttpServer.java:updateConnectorAddress(215)) - HTTP server of HDDSDATANODE is listening at http://0.0.0.0:36404
2019-09-26 13:36:11,046 [main] INFO  impl.MetricsSystemImpl (MetricsSystemImpl.java:init(158)) - HddsDatanode metrics system started (again)
2019-09-26 13:36:11,049 [org.apache.hadoop.util.JvmPauseMonitor$Monitor@66437503] INFO  util.JvmPauseMonitor (JvmPauseMonitor.java:run(188)) - Starting JVM pause monitor
2019-09-26 13:36:11,050 [main] INFO  ozone.HddsDatanodeService (HddsDatanodeService.java:start(184)) - HddsDatanodeService host:pr-hdds-1569-87zkn-1081879488 ip:192.168.164.238
2019-09-26 13:36:11,052 [Datanode State Machine Thread - 0] INFO  datanode.InitDatanodeState (InitDatanodeState.java:persistContainerDatanodeDetails(140)) - DatanodeDetails is persisted to /workdir/hadoop-ozone/tools/target/test-dir/MiniOzoneClusterImpl-9370444f-6a38-4216-baa9-a19329eb6ac6/datanode-2/meta/datanode.id
2019-09-26 13:36:11,059 [main] INFO  volume.HddsVolume (HddsVolume.java:<init>(176)) - Creating Volume: /workdir/hadoop-ozone/tools/target/test-dir/MiniOzoneClusterImpl-9370444f-6a38-4216-baa9-a19329eb6ac6/datanode-3/data/containers/hdds of  storage type : DISK and capacity : 1482555576320
2019-09-26 13:36:11,060 [main] INFO  volume.VolumeSet (VolumeSet.java:initializeVolumeSet(170)) - Added Volume : /workdir/hadoop-ozone/tools/target/test-dir/MiniOzoneClusterImpl-9370444f-6a38-4216-baa9-a19329eb6ac6/datanode-3/data/containers/hdds to VolumeSet
2019-09-26 13:36:11,060 [main] INFO  volume.ThrottledAsyncChecker (ThrottledAsyncChecker.java:schedule(139)) - Scheduling a check for org.apache.hadoop.ozone.container.common.volume.HddsVolume@23f3da8b
2019-09-26 13:36:11,060 [main] INFO  volume.HddsVolumeChecker (HddsVolumeChecker.java:checkAllVolumes(202)) - Scheduled health check for volume org.apache.hadoop.ozone.container.common.volume.HddsVolume@23f3da8b
2019-09-26 13:36:11,077 [main] INFO  impl.RaftServerProxy (ConfUtils.java:logGet(43)) - raft.rpc.type = GRPC (default)
2019-09-26 13:36:11,078 [main] INFO  grpc.GrpcFactory (GrpcFactory.java:checkPooledByteBufAllocatorUseCacheForAllThreads(45)) - PERFORMANCE WARNING: useCacheForAllThreads is true that may cause Netty to create a lot garbage objects and, as a result, trigger GC.
	It is recommended to disable useCacheForAllThreads by setting -Dorg.apache.ratis.thirdparty.io.netty.allocator.useCacheForAllThreads=false in command line.
2019-09-26 13:36:11,078 [main] INFO  grpc.GrpcConfigKeys$Server (ConfUtils.java:logGet(43)) - raft.grpc.server.port = 0 (default)
2019-09-26 13:36:11,078 [main] INFO  server.GrpcService (ConfUtils.java:logGet(43)) - raft.grpc.message.size.max = 33570816 (custom)
2019-09-26 13:36:11,079 [main] INFO  server.RaftServerConfigKeys (ConfUtils.java:logGet(43)) - raft.server.log.appender.buffer.byte-limit = 33554432 (custom)
2019-09-26 13:36:11,079 [main] INFO  server.GrpcService (ConfUtils.java:logGet(43)) - raft.grpc.flow.control.window = 1MB (=1048576) (default)
2019-09-26 13:36:11,079 [main] INFO  server.RaftServerConfigKeys (ConfUtils.java:logGet(43)) - raft.server.rpc.request.timeout = 3000ms (default)
2019-09-26 13:36:11,080 [main] INFO  server.RaftServerConfigKeys (ConfUtils.java:logGet(43)) - raft.server.storage.dir = [/workdir/hadoop-ozone/tools/target/test-dir/MiniOzoneClusterImpl-9370444f-6a38-4216-baa9-a19329eb6ac6/datanode-3/data/ratis] (custom)
2019-09-26 13:36:11,082 [main] INFO  hdfs.DFSUtil (DFSUtil.java:httpServerTemplateForNNAndJN(1641)) - Starting Web-server for hddsDatanode at: http://0.0.0.0:0
2019-09-26 13:36:11,084 [main] INFO  server.AuthenticationFilter (AuthenticationFilter.java:constructSecretProvider(240)) - Unable to initialize FileSignerSecretProvider, falling back to use random secrets.
2019-09-26 13:36:11,085 [main] WARN  http.HttpRequestLog (HttpRequestLog.java:getRequestLog(97)) - Jetty request log can only be enabled using Log4j
2019-09-26 13:36:11,087 [main] INFO  http.HttpServer2 (HttpServer2.java:addGlobalFilter(975)) - Added global filter 'safety' (class=org.apache.hadoop.http.HttpServer2$QuotingInputFilter)
2019-09-26 13:36:11,088 [main] INFO  http.HttpServer2 (HttpServer2.java:addFilter(948)) - Added filter static_user_filter (class=org.apache.hadoop.http.lib.StaticUserWebFilter$StaticUserFilter) to context hddsDatanode
2019-09-26 13:36:11,088 [main] INFO  http.HttpServer2 (HttpServer2.java:addFilter(958)) - Added filter static_user_filter (class=org.apache.hadoop.http.lib.StaticUserWebFilter$StaticUserFilter) to context logs
2019-09-26 13:36:11,088 [main] INFO  http.HttpServer2 (HttpServer2.java:addFilter(958)) - Added filter static_user_filter (class=org.apache.hadoop.http.lib.StaticUserWebFilter$StaticUserFilter) to context static
2019-09-26 13:36:11,089 [main] INFO  http.HttpServer2 (HttpServer2.java:bindListener(1191)) - Jetty bound to port 40330
2019-09-26 13:36:11,089 [main] INFO  server.Server (Server.java:doStart(351)) - jetty-9.3.25.v20180904, build timestamp: 2018-09-04T21:11:46Z, git hash: 3ce520221d0240229c862b122d2b06c12a625732
2019-09-26 13:36:11,094 [main] INFO  handler.ContextHandler (ContextHandler.java:doStart(781)) - Started o.e.j.s.ServletContextHandler@38eb0f4d{/logs,file:///workdir/hadoop-ozone/tools/target/log,AVAILABLE}
2019-09-26 13:36:11,095 [main] INFO  handler.ContextHandler (ContextHandler.java:doStart(781)) - Started o.e.j.s.ServletContextHandler@15b642b9{/static,jar:file:/home/user/.m2/repository/org/apache/hadoop/hadoop-hdds-container-service/0.5.0-SNAPSHOT/hadoop-hdds-container-service-0.5.0-SNAPSHOT.jar!/webapps/static,AVAILABLE}
2019-09-26 13:36:11,129 [main] INFO  handler.ContextHandler (ContextHandler.java:doStart(781)) - Started o.e.j.w.WebAppContext@333c8791{/,file:///tmp/jetty-0.0.0.0-40330-hddsDatanode-_-any-7936759975604068276.dir/webapp/,AVAILABLE}{/hddsDatanode}
2019-09-26 13:36:11,131 [main] INFO  server.AbstractConnector (AbstractConnector.java:doStart(278)) - Started ServerConnector@6c0e13b7{HTTP/1.1,[http/1.1]}{0.0.0.0:40330}
2019-09-26 13:36:11,131 [main] INFO  server.Server (Server.java:doStart(419)) - Started @5875ms
2019-09-26 13:36:11,131 [main] WARN  impl.MetricsSystemImpl (MetricsSystemImpl.java:register(276)) - Sink prometheus already exists!
2019-09-26 13:36:11,132 [main] INFO  server.BaseHttpServer (BaseHttpServer.java:updateConnectorAddress(215)) - HTTP server of HDDSDATANODE is listening at http://0.0.0.0:40330
2019-09-26 13:36:11,133 [main] INFO  impl.MetricsSystemImpl (MetricsSystemImpl.java:init(158)) - HddsDatanode metrics system started (again)
2019-09-26 13:36:11,136 [org.apache.hadoop.util.JvmPauseMonitor$Monitor@3a847a4a] INFO  util.JvmPauseMonitor (JvmPauseMonitor.java:run(188)) - Starting JVM pause monitor
2019-09-26 13:36:11,137 [main] INFO  ozone.HddsDatanodeService (HddsDatanodeService.java:start(184)) - HddsDatanodeService host:pr-hdds-1569-87zkn-1081879488 ip:192.168.164.238
2019-09-26 13:36:11,139 [Datanode State Machine Thread - 0] INFO  datanode.InitDatanodeState (InitDatanodeState.java:persistContainerDatanodeDetails(140)) - DatanodeDetails is persisted to /workdir/hadoop-ozone/tools/target/test-dir/MiniOzoneClusterImpl-9370444f-6a38-4216-baa9-a19329eb6ac6/datanode-3/meta/datanode.id
2019-09-26 13:36:11,145 [main] INFO  volume.HddsVolume (HddsVolume.java:<init>(176)) - Creating Volume: /workdir/hadoop-ozone/tools/target/test-dir/MiniOzoneClusterImpl-9370444f-6a38-4216-baa9-a19329eb6ac6/datanode-4/data/containers/hdds of  storage type : DISK and capacity : 1482555576320
2019-09-26 13:36:11,145 [main] INFO  volume.VolumeSet (VolumeSet.java:initializeVolumeSet(170)) - Added Volume : /workdir/hadoop-ozone/tools/target/test-dir/MiniOzoneClusterImpl-9370444f-6a38-4216-baa9-a19329eb6ac6/datanode-4/data/containers/hdds to VolumeSet
2019-09-26 13:36:11,146 [main] INFO  volume.ThrottledAsyncChecker (ThrottledAsyncChecker.java:schedule(139)) - Scheduling a check for org.apache.hadoop.ozone.container.common.volume.HddsVolume@60c8a093
2019-09-26 13:36:11,146 [main] INFO  volume.HddsVolumeChecker (HddsVolumeChecker.java:checkAllVolumes(202)) - Scheduled health check for volume org.apache.hadoop.ozone.container.common.volume.HddsVolume@60c8a093
2019-09-26 13:36:11,172 [main] INFO  impl.RaftServerProxy (ConfUtils.java:logGet(43)) - raft.rpc.type = GRPC (default)
2019-09-26 13:36:11,173 [main] INFO  grpc.GrpcFactory (GrpcFactory.java:checkPooledByteBufAllocatorUseCacheForAllThreads(45)) - PERFORMANCE WARNING: useCacheForAllThreads is true that may cause Netty to create a lot garbage objects and, as a result, trigger GC.
	It is recommended to disable useCacheForAllThreads by setting -Dorg.apache.ratis.thirdparty.io.netty.allocator.useCacheForAllThreads=false in command line.
2019-09-26 13:36:11,173 [main] INFO  grpc.GrpcConfigKeys$Server (ConfUtils.java:logGet(43)) - raft.grpc.server.port = 0 (default)
2019-09-26 13:36:11,173 [main] INFO  server.GrpcService (ConfUtils.java:logGet(43)) - raft.grpc.message.size.max = 33570816 (custom)
2019-09-26 13:36:11,173 [main] INFO  server.RaftServerConfigKeys (ConfUtils.java:logGet(43)) - raft.server.log.appender.buffer.byte-limit = 33554432 (custom)
2019-09-26 13:36:11,174 [main] INFO  server.GrpcService (ConfUtils.java:logGet(43)) - raft.grpc.flow.control.window = 1MB (=1048576) (default)
2019-09-26 13:36:11,174 [main] INFO  server.RaftServerConfigKeys (ConfUtils.java:logGet(43)) - raft.server.rpc.request.timeout = 3000ms (default)
2019-09-26 13:36:11,175 [main] INFO  server.RaftServerConfigKeys (ConfUtils.java:logGet(43)) - raft.server.storage.dir = [/workdir/hadoop-ozone/tools/target/test-dir/MiniOzoneClusterImpl-9370444f-6a38-4216-baa9-a19329eb6ac6/datanode-4/data/ratis] (custom)
2019-09-26 13:36:11,177 [main] INFO  hdfs.DFSUtil (DFSUtil.java:httpServerTemplateForNNAndJN(1641)) - Starting Web-server for hddsDatanode at: http://0.0.0.0:0
2019-09-26 13:36:11,179 [main] INFO  server.AuthenticationFilter (AuthenticationFilter.java:constructSecretProvider(240)) - Unable to initialize FileSignerSecretProvider, falling back to use random secrets.
2019-09-26 13:36:11,180 [main] WARN  http.HttpRequestLog (HttpRequestLog.java:getRequestLog(97)) - Jetty request log can only be enabled using Log4j
2019-09-26 13:36:11,182 [main] INFO  http.HttpServer2 (HttpServer2.java:addGlobalFilter(975)) - Added global filter 'safety' (class=org.apache.hadoop.http.HttpServer2$QuotingInputFilter)
2019-09-26 13:36:11,182 [main] INFO  http.HttpServer2 (HttpServer2.java:addFilter(948)) - Added filter static_user_filter (class=org.apache.hadoop.http.lib.StaticUserWebFilter$StaticUserFilter) to context hddsDatanode
2019-09-26 13:36:11,183 [main] INFO  http.HttpServer2 (HttpServer2.java:addFilter(958)) - Added filter static_user_filter (class=org.apache.hadoop.http.lib.StaticUserWebFilter$StaticUserFilter) to context static
2019-09-26 13:36:11,183 [main] INFO  http.HttpServer2 (HttpServer2.java:addFilter(958)) - Added filter static_user_filter (class=org.apache.hadoop.http.lib.StaticUserWebFilter$StaticUserFilter) to context logs
2019-09-26 13:36:11,184 [main] INFO  http.HttpServer2 (HttpServer2.java:bindListener(1191)) - Jetty bound to port 43480
2019-09-26 13:36:11,184 [main] INFO  server.Server (Server.java:doStart(351)) - jetty-9.3.25.v20180904, build timestamp: 2018-09-04T21:11:46Z, git hash: 3ce520221d0240229c862b122d2b06c12a625732
2019-09-26 13:36:11,186 [main] INFO  handler.ContextHandler (ContextHandler.java:doStart(781)) - Started o.e.j.s.ServletContextHandler@eac3a26{/logs,file:///workdir/hadoop-ozone/tools/target/log,AVAILABLE}
2019-09-26 13:36:11,187 [main] INFO  handler.ContextHandler (ContextHandler.java:doStart(781)) - Started o.e.j.s.ServletContextHandler@53cf9c99{/static,jar:file:/home/user/.m2/repository/org/apache/hadoop/hadoop-hdds-container-service/0.5.0-SNAPSHOT/hadoop-hdds-container-service-0.5.0-SNAPSHOT.jar!/webapps/static,AVAILABLE}
2019-09-26 13:36:11,224 [main] INFO  handler.ContextHandler (ContextHandler.java:doStart(781)) - Started o.e.j.w.WebAppContext@ccf91df{/,file:///tmp/jetty-0.0.0.0-43480-hddsDatanode-_-any-2979502510545863889.dir/webapp/,AVAILABLE}{/hddsDatanode}
2019-09-26 13:36:11,226 [main] INFO  server.AbstractConnector (AbstractConnector.java:doStart(278)) - Started ServerConnector@117d32e{HTTP/1.1,[http/1.1]}{0.0.0.0:43480}
2019-09-26 13:36:11,226 [main] INFO  server.Server (Server.java:doStart(419)) - Started @5970ms
2019-09-26 13:36:11,227 [main] WARN  impl.MetricsSystemImpl (MetricsSystemImpl.java:register(276)) - Sink prometheus already exists!
2019-09-26 13:36:11,228 [main] INFO  server.BaseHttpServer (BaseHttpServer.java:updateConnectorAddress(215)) - HTTP server of HDDSDATANODE is listening at http://0.0.0.0:43480
2019-09-26 13:36:11,231 [org.apache.hadoop.util.JvmPauseMonitor$Monitor@62e98d0d] INFO  util.JvmPauseMonitor (JvmPauseMonitor.java:run(188)) - Starting JVM pause monitor
2019-09-26 13:36:11,233 [main] INFO  ozone.MiniOzoneClusterImpl (MiniOzoneClusterImpl.java:lambda$waitForClusterToBeReady$0(147)) - Waiting for cluster to be ready. Got 0 of 5 DN Heartbeats.
2019-09-26 13:36:11,237 [Datanode State Machine Thread - 0] INFO  datanode.InitDatanodeState (InitDatanodeState.java:persistContainerDatanodeDetails(140)) - DatanodeDetails is persisted to /workdir/hadoop-ozone/tools/target/test-dir/MiniOzoneClusterImpl-9370444f-6a38-4216-baa9-a19329eb6ac6/datanode-4/meta/datanode.id
2019-09-26 13:36:12,234 [main] INFO  ozone.MiniOzoneClusterImpl (MiniOzoneClusterImpl.java:lambda$waitForClusterToBeReady$0(147)) - Waiting for cluster to be ready. Got 0 of 5 DN Heartbeats.
2019-09-26 13:36:12,941 [Datanode State Machine Thread - 0] INFO  ozoneimpl.OzoneContainer (OzoneContainer.java:start(217)) - Attempting to start container services.
2019-09-26 13:36:12,944 [Datanode State Machine Thread - 0] INFO  ozoneimpl.OzoneContainer (OzoneContainer.java:startContainerScrub(179)) - Background container scanner has been disabled.
2019-09-26 13:36:12,944 [Datanode State Machine Thread - 0] INFO  ratis.XceiverServerRatis (XceiverServerRatis.java:start(411)) - Starting XceiverServerRatis eded3bc9-84b9-4250-ab82-94085e7bf343 at port 0
2019-09-26 13:36:12,973 [Datanode State Machine Thread - 0] INFO  impl.RaftServerProxy (RaftServerProxy.java:lambda$start$3(299)) - eded3bc9-84b9-4250-ab82-94085e7bf343: start RPC server
2019-09-26 13:36:12,975 [Datanode State Machine Thread - 0] INFO  ozoneimpl.OzoneContainer (OzoneContainer.java:start(217)) - Attempting to start container services.
2019-09-26 13:36:12,981 [Datanode State Machine Thread - 0] INFO  ozoneimpl.OzoneContainer (OzoneContainer.java:startContainerScrub(179)) - Background container scanner has been disabled.
2019-09-26 13:36:12,981 [Datanode State Machine Thread - 0] INFO  ratis.XceiverServerRatis (XceiverServerRatis.java:start(411)) - Starting XceiverServerRatis 0846c5d9-d8fd-49e0-9805-817523babe5a at port 0
2019-09-26 13:36:12,991 [Datanode State Machine Thread - 0] INFO  impl.RaftServerProxy (RaftServerProxy.java:lambda$start$3(299)) - 0846c5d9-d8fd-49e0-9805-817523babe5a: start RPC server
2019-09-26 13:36:13,065 [Datanode State Machine Thread - 0] INFO  ozoneimpl.OzoneContainer (OzoneContainer.java:start(217)) - Attempting to start container services.
2019-09-26 13:36:13,067 [Datanode State Machine Thread - 0] INFO  ozoneimpl.OzoneContainer (OzoneContainer.java:startContainerScrub(179)) - Background container scanner has been disabled.
2019-09-26 13:36:13,067 [Datanode State Machine Thread - 0] INFO  ratis.XceiverServerRatis (XceiverServerRatis.java:start(411)) - Starting XceiverServerRatis 1d0de9a6-3b8a-4f01-86ad-2ac4521aa9e5 at port 0
2019-09-26 13:36:13,075 [Datanode State Machine Thread - 0] INFO  impl.RaftServerProxy (RaftServerProxy.java:lambda$start$3(299)) - 1d0de9a6-3b8a-4f01-86ad-2ac4521aa9e5: start RPC server
2019-09-26 13:36:13,134 [Datanode State Machine Thread - 0] INFO  server.GrpcService (GrpcService.java:startImpl(158)) - 0846c5d9-d8fd-49e0-9805-817523babe5a: GrpcService started, listening on 0.0.0.0/0.0.0.0:38031
2019-09-26 13:36:13,134 [Datanode State Machine Thread - 0] INFO  server.GrpcService (GrpcService.java:startImpl(158)) - 1d0de9a6-3b8a-4f01-86ad-2ac4521aa9e5: GrpcService started, listening on 0.0.0.0/0.0.0.0:45430
2019-09-26 13:36:13,134 [Datanode State Machine Thread - 0] INFO  server.GrpcService (GrpcService.java:startImpl(158)) - eded3bc9-84b9-4250-ab82-94085e7bf343: GrpcService started, listening on 0.0.0.0/0.0.0.0:43918
2019-09-26 13:36:13,136 [Datanode State Machine Thread - 0] INFO  ratis.XceiverServerRatis (XceiverServerRatis.java:start(421)) - XceiverServerRatis 1d0de9a6-3b8a-4f01-86ad-2ac4521aa9e5 is started using port 45430
2019-09-26 13:36:13,136 [Datanode State Machine Thread - 0] INFO  ratis.XceiverServerRatis (XceiverServerRatis.java:start(421)) - XceiverServerRatis 0846c5d9-d8fd-49e0-9805-817523babe5a is started using port 38031
2019-09-26 13:36:13,136 [Datanode State Machine Thread - 0] INFO  ratis.XceiverServerRatis (XceiverServerRatis.java:start(421)) - XceiverServerRatis eded3bc9-84b9-4250-ab82-94085e7bf343 is started using port 43918
2019-09-26 13:36:13,144 [Datanode State Machine Thread - 0] INFO  server.XceiverServerGrpc (XceiverServerGrpc.java:start(149)) - XceiverServerGrpc 0846c5d9-d8fd-49e0-9805-817523babe5a is started using port 44432
2019-09-26 13:36:13,145 [Datanode State Machine Thread - 0] INFO  server.XceiverServerGrpc (XceiverServerGrpc.java:start(149)) - XceiverServerGrpc eded3bc9-84b9-4250-ab82-94085e7bf343 is started using port 45158
2019-09-26 13:36:13,144 [Datanode State Machine Thread - 0] INFO  server.XceiverServerGrpc (XceiverServerGrpc.java:start(149)) - XceiverServerGrpc 1d0de9a6-3b8a-4f01-86ad-2ac4521aa9e5 is started using port 38624
2019-09-26 13:36:13,157 [Datanode State Machine Thread - 0] INFO  ozoneimpl.OzoneContainer (OzoneContainer.java:start(217)) - Attempting to start container services.
2019-09-26 13:36:13,158 [Datanode State Machine Thread - 0] INFO  ozoneimpl.OzoneContainer (OzoneContainer.java:startContainerScrub(179)) - Background container scanner has been disabled.
2019-09-26 13:36:13,158 [Datanode State Machine Thread - 0] INFO  ratis.XceiverServerRatis (XceiverServerRatis.java:start(411)) - Starting XceiverServerRatis 782e32e3-c0a7-42e5-b748-90e00549b00d at port 0
2019-09-26 13:36:13,166 [Datanode State Machine Thread - 0] INFO  impl.RaftServerProxy (RaftServerProxy.java:lambda$start$3(299)) - 782e32e3-c0a7-42e5-b748-90e00549b00d: start RPC server
2019-09-26 13:36:13,169 [Datanode State Machine Thread - 0] INFO  server.GrpcService (GrpcService.java:startImpl(158)) - 782e32e3-c0a7-42e5-b748-90e00549b00d: GrpcService started, listening on 0.0.0.0/0.0.0.0:33921
2019-09-26 13:36:13,169 [Datanode State Machine Thread - 0] INFO  ratis.XceiverServerRatis (XceiverServerRatis.java:start(421)) - XceiverServerRatis 782e32e3-c0a7-42e5-b748-90e00549b00d is started using port 33921
2019-09-26 13:36:13,171 [Datanode State Machine Thread - 0] INFO  server.XceiverServerGrpc (XceiverServerGrpc.java:start(149)) - XceiverServerGrpc 782e32e3-c0a7-42e5-b748-90e00549b00d is started using port 39010
2019-09-26 13:36:13,234 [main] INFO  ozone.MiniOzoneClusterImpl (MiniOzoneClusterImpl.java:lambda$waitForClusterToBeReady$0(147)) - Waiting for cluster to be ready. Got 0 of 5 DN Heartbeats.
2019-09-26 13:36:13,247 [Datanode State Machine Thread - 0] INFO  ozoneimpl.OzoneContainer (OzoneContainer.java:start(217)) - Attempting to start container services.
2019-09-26 13:36:13,253 [Datanode State Machine Thread - 0] INFO  ozoneimpl.OzoneContainer (OzoneContainer.java:startContainerScrub(179)) - Background container scanner has been disabled.
2019-09-26 13:36:13,254 [Datanode State Machine Thread - 0] INFO  ratis.XceiverServerRatis (XceiverServerRatis.java:start(411)) - Starting XceiverServerRatis 346062cc-ad15-42e2-9beb-d47eb155c827 at port 0
2019-09-26 13:36:13,264 [Datanode State Machine Thread - 0] INFO  impl.RaftServerProxy (RaftServerProxy.java:lambda$start$3(299)) - 346062cc-ad15-42e2-9beb-d47eb155c827: start RPC server
2019-09-26 13:36:13,268 [Datanode State Machine Thread - 0] INFO  server.GrpcService (GrpcService.java:startImpl(158)) - 346062cc-ad15-42e2-9beb-d47eb155c827: GrpcService started, listening on 0.0.0.0/0.0.0.0:43674
2019-09-26 13:36:13,268 [Datanode State Machine Thread - 0] INFO  ratis.XceiverServerRatis (XceiverServerRatis.java:start(421)) - XceiverServerRatis 346062cc-ad15-42e2-9beb-d47eb155c827 is started using port 43674
2019-09-26 13:36:13,272 [Datanode State Machine Thread - 0] INFO  server.XceiverServerGrpc (XceiverServerGrpc.java:start(149)) - XceiverServerGrpc 346062cc-ad15-42e2-9beb-d47eb155c827 is started using port 46152
2019-09-26 13:36:14,235 [main] INFO  ozone.MiniOzoneClusterImpl (MiniOzoneClusterImpl.java:lambda$waitForClusterToBeReady$0(147)) - Waiting for cluster to be ready. Got 0 of 5 DN Heartbeats.
2019-09-26 13:36:14,925 [IPC Server handler 3 on 35772] INFO  net.NetworkTopology (NetworkTopologyImpl.java:add(111)) - Added a new node: /default-rack/eded3bc9-84b9-4250-ab82-94085e7bf343
2019-09-26 13:36:14,926 [IPC Server handler 3 on 35772] INFO  node.SCMNodeManager (SCMNodeManager.java:register(266)) - Registered Data node : eded3bc9-84b9-4250-ab82-94085e7bf343{ip: 192.168.164.238, host: pr-hdds-1569-87zkn-1081879488, networkLocation: /default-rack, certSerialId: null}
2019-09-26 13:36:14,931 [EventQueue-NodeRegistrationContainerReportForDataNodeSafeModeRule] INFO  safemode.SCMSafeModeManager (DataNodeSafeModeRule.java:process(71)) - SCM in safe mode. 1 DataNodes registered, 1 required.
2019-09-26 13:36:14,931 [EventQueue-NodeRegistrationContainerReportForDataNodeSafeModeRule] INFO  safemode.SCMSafeModeManager (SCMSafeModeManager.java:validateSafeModeExitRules(177)) - ScmSafeModeManager, all rules are successfully validated
2019-09-26 13:36:14,932 [EventQueue-NodeRegistrationContainerReportForDataNodeSafeModeRule] INFO  safemode.SCMSafeModeManager (SCMSafeModeManager.java:exitSafeMode(193)) - SCM exiting safe mode.
2019-09-26 13:36:14,961 [IPC Server handler 0 on 35772] INFO  net.NetworkTopology (NetworkTopologyImpl.java:add(111)) - Added a new node: /default-rack/0846c5d9-d8fd-49e0-9805-817523babe5a
2019-09-26 13:36:14,961 [IPC Server handler 0 on 35772] INFO  node.SCMNodeManager (SCMNodeManager.java:register(266)) - Registered Data node : 0846c5d9-d8fd-49e0-9805-817523babe5a{ip: 192.168.164.238, host: pr-hdds-1569-87zkn-1081879488, networkLocation: /default-rack, certSerialId: null}
2019-09-26 13:36:15,052 [IPC Server handler 2 on 35772] INFO  net.NetworkTopology (NetworkTopologyImpl.java:add(111)) - Added a new node: /default-rack/1d0de9a6-3b8a-4f01-86ad-2ac4521aa9e5
2019-09-26 13:36:15,053 [IPC Server handler 2 on 35772] INFO  node.SCMNodeManager (SCMNodeManager.java:register(266)) - Registered Data node : 1d0de9a6-3b8a-4f01-86ad-2ac4521aa9e5{ip: 192.168.164.238, host: pr-hdds-1569-87zkn-1081879488, networkLocation: /default-rack, certSerialId: null}
2019-09-26 13:36:15,139 [IPC Server handler 4 on 35772] INFO  net.NetworkTopology (NetworkTopologyImpl.java:add(111)) - Added a new node: /default-rack/782e32e3-c0a7-42e5-b748-90e00549b00d
2019-09-26 13:36:15,139 [IPC Server handler 4 on 35772] INFO  node.SCMNodeManager (SCMNodeManager.java:register(266)) - Registered Data node : 782e32e3-c0a7-42e5-b748-90e00549b00d{ip: 192.168.164.238, host: pr-hdds-1569-87zkn-1081879488, networkLocation: /default-rack, certSerialId: null}
2019-09-26 13:36:15,235 [IPC Server handler 5 on 35772] INFO  net.NetworkTopology (NetworkTopologyImpl.java:add(111)) - Added a new node: /default-rack/346062cc-ad15-42e2-9beb-d47eb155c827
2019-09-26 13:36:15,235 [IPC Server handler 5 on 35772] INFO  node.SCMNodeManager (SCMNodeManager.java:register(266)) - Registered Data node : 346062cc-ad15-42e2-9beb-d47eb155c827{ip: 192.168.164.238, host: pr-hdds-1569-87zkn-1081879488, networkLocation: /default-rack, certSerialId: null}
2019-09-26 13:36:15,235 [main] INFO  ozone.MiniOzoneClusterImpl (MiniOzoneClusterImpl.java:lambda$waitForClusterToBeReady$0(147)) - Cluster is ready. Got 5 of 5 DN Heartbeats.
2019-09-26 13:36:15,462 [grpc-default-executor-0] INFO  impl.RaftServerProxy (RaftServerProxy.java:addNew(89)) - eded3bc9-84b9-4250-ab82-94085e7bf343: addNew group-7AC2547ECDC3:[eded3bc9-84b9-4250-ab82-94085e7bf343:192.168.164.238:43918] returns group-7AC2547ECDC3:java.util.concurrent.CompletableFuture@3d23466c[Not completed]
2019-09-26 13:36:15,489 [pool-27-thread-1] INFO  impl.RaftServerImpl (RaftServerImpl.java:<init>(95)) - eded3bc9-84b9-4250-ab82-94085e7bf343: new RaftServerImpl for group-7AC2547ECDC3:[eded3bc9-84b9-4250-ab82-94085e7bf343:192.168.164.238:43918] with ContainerStateMachine:uninitialized
2019-09-26 13:36:15,492 [pool-27-thread-1] INFO  server.RaftServerConfigKeys (ConfUtils.java:logGet(43)) - raft.server.rpc.timeout.min = 5s (custom)
2019-09-26 13:36:15,493 [pool-27-thread-1] INFO  server.RaftServerConfigKeys (ConfUtils.java:logGet(43)) - raft.server.rpc.timeout.max = 5200ms (custom)
2019-09-26 13:36:15,494 [pool-27-thread-1] INFO  server.RaftServerConfigKeys (ConfUtils.java:logGet(43)) - raft.server.rpcslowness.timeout = 120s (custom)
2019-09-26 13:36:15,494 [pool-27-thread-1] INFO  server.RaftServerConfigKeys (ConfUtils.java:logGet(43)) - raft.server.sleep.deviation.threshold = 300 (default)
2019-09-26 13:36:15,495 [pool-27-thread-1] INFO  server.RaftServerConfigKeys (ConfUtils.java:logGet(43)) - raft.server.log.appender.install.snapshot.enabled = false (custom)
2019-09-26 13:36:15,506 [pool-27-thread-1] INFO  impl.RaftServerImpl (ServerState.java:<init>(103)) - eded3bc9-84b9-4250-ab82-94085e7bf343@group-7AC2547ECDC3: ConfigurationManager, init=-1: [eded3bc9-84b9-4250-ab82-94085e7bf343:192.168.164.238:43918], old=null, confs=<EMPTY_MAP>
2019-09-26 13:36:15,507 [pool-27-thread-1] INFO  server.RaftServerConfigKeys (ConfUtils.java:logGet(43)) - raft.server.storage.dir = [/workdir/hadoop-ozone/tools/target/test-dir/MiniOzoneClusterImpl-9370444f-6a38-4216-baa9-a19329eb6ac6/datanode-0/data/ratis] (custom)
2019-09-26 13:36:15,522 [pool-27-thread-1] INFO  storage.RaftStorageDirectory (RaftStorageDirectory.java:analyzeStorage(246)) - The storage directory /workdir/hadoop-ozone/tools/target/test-dir/MiniOzoneClusterImpl-9370444f-6a38-4216-baa9-a19329eb6ac6/datanode-0/data/ratis/6d28a23c-408b-430f-b300-7ac2547ecdc3 does not exist. Creating ...
2019-09-26 13:36:15,541 [pool-27-thread-1] INFO  storage.RaftStorageDirectory (RaftStorageDirectory.java:tryLock(328)) - Lock on /workdir/hadoop-ozone/tools/target/test-dir/MiniOzoneClusterImpl-9370444f-6a38-4216-baa9-a19329eb6ac6/datanode-0/data/ratis/6d28a23c-408b-430f-b300-7ac2547ecdc3/in_use.lock acquired by nodename 19660@pr-hdds-1569-87zkn-1081879488
2019-09-26 13:36:15,557 [pool-27-thread-1] INFO  storage.RaftStorage (RaftStorage.java:format(72)) - Storage directory /workdir/hadoop-ozone/tools/target/test-dir/MiniOzoneClusterImpl-9370444f-6a38-4216-baa9-a19329eb6ac6/datanode-0/data/ratis/6d28a23c-408b-430f-b300-7ac2547ecdc3 has been successfully formatted.
2019-09-26 13:36:15,560 [pool-27-thread-1] INFO  ratis.ContainerStateMachine (ContainerStateMachine.java:loadSnapshot(230)) - group-7AC2547ECDC3: The snapshot info is null. Setting the last applied indexto:(t:0, i:~)
2019-09-26 13:36:15,560 [pool-27-thread-1] INFO  server.RaftServerConfigKeys (ConfUtils.java:logGet(43)) - raft.server.notification.no-leader.timeout = 120s (custom)
2019-09-26 13:36:15,563 [pool-27-thread-1] INFO  server.RaftServerConfigKeys (ConfUtils.java:logGet(43)) - raft.server.log.use.memory = false (default)
2019-09-26 13:36:15,569 [pool-27-thread-1] INFO  server.RaftServerConfigKeys (ConfUtils.java:logGet(43)) - raft.server.log.purge.gap = 1000000 (custom)
2019-09-26 13:36:15,569 [pool-27-thread-1] INFO  server.RaftServerConfigKeys (ConfUtils.java:logGet(43)) - raft.server.log.appender.buffer.byte-limit = 33554432 (custom)
2019-09-26 13:36:15,572 [pool-27-thread-1] INFO  server.RaftServerConfigKeys (ConfUtils.java:logGet(43)) - raft.server.log.segment.size.max = 1048576 (custom)
2019-09-26 13:36:15,577 [pool-27-thread-1] INFO  server.RaftServerConfigKeys (ConfUtils.java:logGet(43)) - raft.server.log.segment.cache.num.max = 2 (custom)
2019-09-26 13:36:15,585 [pool-27-thread-1] INFO  segmented.SegmentedRaftLogWorker (SegmentedRaftLogWorker.java:<init>(172)) - new eded3bc9-84b9-4250-ab82-94085e7bf343@group-7AC2547ECDC3-SegmentedRaftLogWorker for RaftStorage:Storage Directory /workdir/hadoop-ozone/tools/target/test-dir/MiniOzoneClusterImpl-9370444f-6a38-4216-baa9-a19329eb6ac6/datanode-0/data/ratis/6d28a23c-408b-430f-b300-7ac2547ecdc3
2019-09-26 13:36:15,587 [pool-27-thread-1] INFO  impl.MetricsSystemImpl (MetricsSystemImpl.java:init(158)) - ratis metrics system started (again)
2019-09-26 13:36:15,594 [pool-27-thread-1] INFO  metrics.MetricRegistries (MetricRegistriesLoader.java:load(64)) - Loaded MetricRegistries class org.apache.ratis.metrics.impl.MetricRegistriesImpl
2019-09-26 13:36:15,626 [pool-27-thread-1] INFO  server.RaftServerConfigKeys (ConfUtils.java:logGet(43)) - raft.server.log.queue.byte-limit = 2147483647 (custom)
2019-09-26 13:36:15,627 [pool-27-thread-1] INFO  server.RaftServerConfigKeys (ConfUtils.java:logGet(43)) - raft.server.log.queue.element-limit = 1024 (custom)
2019-09-26 13:36:15,630 [pool-27-thread-1] INFO  server.RaftServerConfigKeys (ConfUtils.java:logGet(43)) - raft.server.log.segment.size.max = 1048576 (custom)
2019-09-26 13:36:15,631 [pool-27-thread-1] INFO  server.RaftServerConfigKeys (ConfUtils.java:logGet(43)) - raft.server.log.preallocated.size = 16384 (custom)
2019-09-26 13:36:15,631 [pool-27-thread-1] INFO  server.RaftServerConfigKeys (ConfUtils.java:logGet(43)) - raft.server.log.write.buffer.size = 33554432 (custom)
2019-09-26 13:36:15,632 [pool-27-thread-1] INFO  server.RaftServerConfigKeys (ConfUtils.java:logGet(43)) - raft.server.log.force.sync.num = 128 (default)
2019-09-26 13:36:15,633 [pool-27-thread-1] INFO  server.RaftServerConfigKeys (ConfUtils.java:logGet(43)) - raft.server.log.statemachine.data.sync = true (default)
2019-09-26 13:36:15,633 [pool-27-thread-1] INFO  server.RaftServerConfigKeys (ConfUtils.java:logGet(43)) - raft.server.log.statemachine.data.sync.timeout = 10s (default)
2019-09-26 13:36:15,633 [pool-27-thread-1] INFO  server.RaftServerConfigKeys (ConfUtils.java:logGet(43)) - raft.server.log.statemachine.data.sync.timeout.retry = -1 (default)
2019-09-26 13:36:15,645 [pool-27-thread-1] INFO  server.RaftServerConfigKeys (ConfUtils.java:logGet(43)) - raft.server.log.statemachine.data.caching.enabled = true (custom)
2019-09-26 13:36:15,649 [pool-27-thread-1] INFO  segmented.SegmentedRaftLogWorker (SegmentedRaftLogWorker.java:lambda$new$0(132)) - eded3bc9-84b9-4250-ab82-94085e7bf343@group-7AC2547ECDC3-SegmentedRaftLogWorker: flushIndex: setUnconditionally 0 -> -1
2019-09-26 13:36:15,654 [pool-27-thread-1] INFO  server.RaftServerConfigKeys (ConfUtils.java:logGet(43)) - raft.server.snapshot.auto.trigger.enabled = true (custom)
2019-09-26 13:36:15,655 [pool-27-thread-1] INFO  server.RaftServerConfigKeys (ConfUtils.java:logGet(43)) - raft.server.snapshot.auto.trigger.threshold = 10000 (custom)
2019-09-26 13:36:15,655 [pool-27-thread-1] INFO  server.RaftServerConfigKeys (ConfUtils.java:logGet(43)) - raft.server.snapshot.retention.num.files = 5 (custom)
2019-09-26 13:36:15,656 [pool-27-thread-1] INFO  server.RaftServerConfigKeys (ConfUtils.java:logGet(43)) - raft.server.retrycache.expirytime = 600000ms (custom)
2019-09-26 13:36:15,686 [pool-27-thread-1] INFO  impl.RaftServerImpl (RaftServerImpl.java:start(185)) - eded3bc9-84b9-4250-ab82-94085e7bf343@group-7AC2547ECDC3: start as a follower, conf=-1: [eded3bc9-84b9-4250-ab82-94085e7bf343:192.168.164.238:43918], old=null
2019-09-26 13:36:15,687 [pool-27-thread-1] INFO  impl.RaftServerImpl (RaftServerImpl.java:setRole(174)) - eded3bc9-84b9-4250-ab82-94085e7bf343@group-7AC2547ECDC3: changes role from      null to FOLLOWER at term 0 for startAsFollower
2019-09-26 13:36:15,688 [pool-27-thread-1] INFO  impl.RoleInfo (RoleInfo.java:updateAndGet(143)) - eded3bc9-84b9-4250-ab82-94085e7bf343: start FollowerState
2019-09-26 13:36:15,690 [pool-27-thread-1] INFO  util.JmxRegister (JmxRegister.java:tryRegister(44)) - Successfully registered JMX Bean with object name Ratis:service=RaftServer,group=group-7AC2547ECDC3,id=eded3bc9-84b9-4250-ab82-94085e7bf343
2019-09-26 13:36:15,768 [RatisPipelineUtilsThread] INFO  pipeline.PipelineStateManager (PipelineStateManager.java:addPipeline(56)) - Created pipeline Pipeline[ Id: 6d28a23c-408b-430f-b300-7ac2547ecdc3, Nodes: eded3bc9-84b9-4250-ab82-94085e7bf343{ip: 192.168.164.238, host: pr-hdds-1569-87zkn-1081879488, networkLocation: /default-rack, certSerialId: null}, Type:RATIS, Factor:ONE, State:OPEN]
2019-09-26 13:36:15,801 [grpc-default-executor-0] INFO  impl.RaftServerProxy (RaftServerProxy.java:addNew(89)) - 0846c5d9-d8fd-49e0-9805-817523babe5a: addNew group-A183F00CB9A3:[0846c5d9-d8fd-49e0-9805-817523babe5a:192.168.164.238:38031] returns group-A183F00CB9A3:java.util.concurrent.CompletableFuture@3016ede2[Not completed]
2019-09-26 13:36:15,829 [pool-37-thread-1] INFO  impl.RaftServerImpl (RaftServerImpl.java:<init>(95)) - 0846c5d9-d8fd-49e0-9805-817523babe5a: new RaftServerImpl for group-A183F00CB9A3:[0846c5d9-d8fd-49e0-9805-817523babe5a:192.168.164.238:38031] with ContainerStateMachine:uninitialized
2019-09-26 13:36:15,830 [pool-37-thread-1] INFO  server.RaftServerConfigKeys (ConfUtils.java:logGet(43)) - raft.server.rpc.timeout.min = 5s (custom)
2019-09-26 13:36:15,830 [pool-37-thread-1] INFO  server.RaftServerConfigKeys (ConfUtils.java:logGet(43)) - raft.server.rpc.timeout.max = 5200ms (custom)
2019-09-26 13:36:15,830 [pool-37-thread-1] INFO  server.RaftServerConfigKeys (ConfUtils.java:logGet(43)) - raft.server.rpcslowness.timeout = 120s (custom)
2019-09-26 13:36:15,830 [pool-37-thread-1] INFO  server.RaftServerConfigKeys (ConfUtils.java:logGet(43)) - raft.server.sleep.deviation.threshold = 300 (default)
2019-09-26 13:36:15,830 [pool-37-thread-1] INFO  server.RaftServerConfigKeys (ConfUtils.java:logGet(43)) - raft.server.log.appender.install.snapshot.enabled = false (custom)
2019-09-26 13:36:15,830 [pool-37-thread-1] INFO  impl.RaftServerImpl (ServerState.java:<init>(103)) - 0846c5d9-d8fd-49e0-9805-817523babe5a@group-A183F00CB9A3: ConfigurationManager, init=-1: [0846c5d9-d8fd-49e0-9805-817523babe5a:192.168.164.238:38031], old=null, confs=<EMPTY_MAP>
2019-09-26 13:36:15,831 [pool-37-thread-1] INFO  server.RaftServerConfigKeys (ConfUtils.java:logGet(43)) - raft.server.storage.dir = [/workdir/hadoop-ozone/tools/target/test-dir/MiniOzoneClusterImpl-9370444f-6a38-4216-baa9-a19329eb6ac6/datanode-1/data/ratis] (custom)
2019-09-26 13:36:15,831 [pool-37-thread-1] INFO  storage.RaftStorageDirectory (RaftStorageDirectory.java:analyzeStorage(246)) - The storage directory /workdir/hadoop-ozone/tools/target/test-dir/MiniOzoneClusterImpl-9370444f-6a38-4216-baa9-a19329eb6ac6/datanode-1/data/ratis/f2153972-0196-4742-9cd8-a183f00cb9a3 does not exist. Creating ...
2019-09-26 13:36:15,839 [pool-37-thread-1] INFO  storage.RaftStorageDirectory (RaftStorageDirectory.java:tryLock(328)) - Lock on /workdir/hadoop-ozone/tools/target/test-dir/MiniOzoneClusterImpl-9370444f-6a38-4216-baa9-a19329eb6ac6/datanode-1/data/ratis/f2153972-0196-4742-9cd8-a183f00cb9a3/in_use.lock acquired by nodename 19660@pr-hdds-1569-87zkn-1081879488
2019-09-26 13:36:15,852 [pool-37-thread-1] INFO  storage.RaftStorage (RaftStorage.java:format(72)) - Storage directory /workdir/hadoop-ozone/tools/target/test-dir/MiniOzoneClusterImpl-9370444f-6a38-4216-baa9-a19329eb6ac6/datanode-1/data/ratis/f2153972-0196-4742-9cd8-a183f00cb9a3 has been successfully formatted.
2019-09-26 13:36:15,855 [pool-37-thread-1] INFO  ratis.ContainerStateMachine (ContainerStateMachine.java:loadSnapshot(230)) - group-A183F00CB9A3: The snapshot info is null. Setting the last applied indexto:(t:0, i:~)
2019-09-26 13:36:15,856 [pool-37-thread-1] INFO  server.RaftServerConfigKeys (ConfUtils.java:logGet(43)) - raft.server.notification.no-leader.timeout = 120s (custom)
2019-09-26 13:36:15,856 [pool-37-thread-1] INFO  server.RaftServerConfigKeys (ConfUtils.java:logGet(43)) - raft.server.log.use.memory = false (default)
2019-09-26 13:36:15,856 [pool-37-thread-1] INFO  server.RaftServerConfigKeys (ConfUtils.java:logGet(43)) - raft.server.log.purge.gap = 1000000 (custom)
2019-09-26 13:36:15,856 [pool-37-thread-1] INFO  server.RaftServerConfigKeys (ConfUtils.java:logGet(43)) - raft.server.log.appender.buffer.byte-limit = 33554432 (custom)
2019-09-26 13:36:15,857 [pool-37-thread-1] INFO  server.RaftServerConfigKeys (ConfUtils.java:logGet(43)) - raft.server.log.segment.size.max = 1048576 (custom)
2019-09-26 13:36:15,857 [pool-37-thread-1] INFO  server.RaftServerConfigKeys (ConfUtils.java:logGet(43)) - raft.server.log.segment.cache.num.max = 2 (custom)
2019-09-26 13:36:15,857 [pool-37-thread-1] INFO  segmented.SegmentedRaftLogWorker (SegmentedRaftLogWorker.java:<init>(172)) - new 0846c5d9-d8fd-49e0-9805-817523babe5a@group-A183F00CB9A3-SegmentedRaftLogWorker for RaftStorage:Storage Directory /workdir/hadoop-ozone/tools/target/test-dir/MiniOzoneClusterImpl-9370444f-6a38-4216-baa9-a19329eb6ac6/datanode-1/data/ratis/f2153972-0196-4742-9cd8-a183f00cb9a3
2019-09-26 13:36:15,862 [pool-37-thread-1] INFO  server.RaftServerConfigKeys (ConfUtils.java:logGet(43)) - raft.server.log.queue.byte-limit = 2147483647 (custom)
2019-09-26 13:36:15,863 [pool-37-thread-1] INFO  server.RaftServerConfigKeys (ConfUtils.java:logGet(43)) - raft.server.log.queue.element-limit = 1024 (custom)
2019-09-26 13:36:15,863 [pool-37-thread-1] INFO  server.RaftServerConfigKeys (ConfUtils.java:logGet(43)) - raft.server.log.segment.size.max = 1048576 (custom)
2019-09-26 13:36:15,863 [pool-37-thread-1] INFO  server.RaftServerConfigKeys (ConfUtils.java:logGet(43)) - raft.server.log.preallocated.size = 16384 (custom)
2019-09-26 13:36:15,863 [pool-37-thread-1] INFO  server.RaftServerConfigKeys (ConfUtils.java:logGet(43)) - raft.server.log.write.buffer.size = 33554432 (custom)
2019-09-26 13:36:15,863 [pool-37-thread-1] INFO  server.RaftServerConfigKeys (ConfUtils.java:logGet(43)) - raft.server.log.force.sync.num = 128 (default)
2019-09-26 13:36:15,863 [pool-37-thread-1] INFO  server.RaftServerConfigKeys (ConfUtils.java:logGet(43)) - raft.server.log.statemachine.data.sync = true (default)
2019-09-26 13:36:15,863 [pool-37-thread-1] INFO  server.RaftServerConfigKeys (ConfUtils.java:logGet(43)) - raft.server.log.statemachine.data.sync.timeout = 10s (default)
2019-09-26 13:36:15,864 [pool-37-thread-1] INFO  server.RaftServerConfigKeys (ConfUtils.java:logGet(43)) - raft.server.log.statemachine.data.sync.timeout.retry = -1 (default)
2019-09-26 13:36:15,864 [pool-37-thread-1] INFO  server.RaftServerConfigKeys (ConfUtils.java:logGet(43)) - raft.server.log.statemachine.data.caching.enabled = true (custom)
2019-09-26 13:36:15,864 [pool-37-thread-1] INFO  segmented.SegmentedRaftLogWorker (SegmentedRaftLogWorker.java:lambda$new$0(132)) - 0846c5d9-d8fd-49e0-9805-817523babe5a@group-A183F00CB9A3-SegmentedRaftLogWorker: flushIndex: setUnconditionally 0 -> -1
2019-09-26 13:36:15,864 [pool-37-thread-1] INFO  server.RaftServerConfigKeys (ConfUtils.java:logGet(43)) - raft.server.snapshot.auto.trigger.enabled = true (custom)
2019-09-26 13:36:15,865 [pool-37-thread-1] INFO  server.RaftServerConfigKeys (ConfUtils.java:logGet(43)) - raft.server.snapshot.auto.trigger.threshold = 10000 (custom)
2019-09-26 13:36:15,865 [pool-37-thread-1] INFO  server.RaftServerConfigKeys (ConfUtils.java:logGet(43)) - raft.server.snapshot.retention.num.files = 5 (custom)
2019-09-26 13:36:15,865 [pool-37-thread-1] INFO  server.RaftServerConfigKeys (ConfUtils.java:logGet(43)) - raft.server.retrycache.expirytime = 600000ms (custom)
2019-09-26 13:36:15,869 [pool-37-thread-1] INFO  impl.RaftServerImpl (RaftServerImpl.java:start(185)) - 0846c5d9-d8fd-49e0-9805-817523babe5a@group-A183F00CB9A3: start as a follower, conf=-1: [0846c5d9-d8fd-49e0-9805-817523babe5a:192.168.164.238:38031], old=null
2019-09-26 13:36:15,869 [pool-37-thread-1] INFO  impl.RaftServerImpl (RaftServerImpl.java:setRole(174)) - 0846c5d9-d8fd-49e0-9805-817523babe5a@group-A183F00CB9A3: changes role from      null to FOLLOWER at term 0 for startAsFollower
2019-09-26 13:36:15,869 [pool-37-thread-1] INFO  impl.RoleInfo (RoleInfo.java:updateAndGet(143)) - 0846c5d9-d8fd-49e0-9805-817523babe5a: start FollowerState
2019-09-26 13:36:15,871 [pool-37-thread-1] INFO  util.JmxRegister (JmxRegister.java:tryRegister(44)) - Successfully registered JMX Bean with object name Ratis:service=RaftServer,group=group-A183F00CB9A3,id=0846c5d9-d8fd-49e0-9805-817523babe5a
2019-09-26 13:36:15,885 [RatisPipelineUtilsThread] INFO  pipeline.PipelineStateManager (PipelineStateManager.java:addPipeline(56)) - Created pipeline Pipeline[ Id: f2153972-0196-4742-9cd8-a183f00cb9a3, Nodes: 0846c5d9-d8fd-49e0-9805-817523babe5a{ip: 192.168.164.238, host: pr-hdds-1569-87zkn-1081879488, networkLocation: /default-rack, certSerialId: null}, Type:RATIS, Factor:ONE, State:OPEN]
2019-09-26 13:36:15,903 [grpc-default-executor-0] INFO  impl.RaftServerProxy (RaftServerProxy.java:addNew(89)) - 346062cc-ad15-42e2-9beb-d47eb155c827: addNew group-CDF18DFC60AD:[346062cc-ad15-42e2-9beb-d47eb155c827:192.168.164.238:43674] returns group-CDF18DFC60AD:java.util.concurrent.CompletableFuture@2bd3b4d[Not completed]
2019-09-26 13:36:15,930 [pool-67-thread-1] INFO  impl.RaftServerImpl (RaftServerImpl.java:<init>(95)) - 346062cc-ad15-42e2-9beb-d47eb155c827: new RaftServerImpl for group-CDF18DFC60AD:[346062cc-ad15-42e2-9beb-d47eb155c827:192.168.164.238:43674] with ContainerStateMachine:uninitialized
2019-09-26 13:36:15,930 [pool-67-thread-1] INFO  server.RaftServerConfigKeys (ConfUtils.java:logGet(43)) - raft.server.rpc.timeout.min = 5s (custom)
2019-09-26 13:36:15,930 [pool-67-thread-1] INFO  server.RaftServerConfigKeys (ConfUtils.java:logGet(43)) - raft.server.rpc.timeout.max = 5200ms (custom)
2019-09-26 13:36:15,930 [pool-67-thread-1] INFO  server.RaftServerConfigKeys (ConfUtils.java:logGet(43)) - raft.server.rpcslowness.timeout = 120s (custom)
2019-09-26 13:36:15,930 [pool-67-thread-1] INFO  server.RaftServerConfigKeys (ConfUtils.java:logGet(43)) - raft.server.sleep.deviation.threshold = 300 (default)
2019-09-26 13:36:15,931 [pool-67-thread-1] INFO  server.RaftServerConfigKeys (ConfUtils.java:logGet(43)) - raft.server.log.appender.install.snapshot.enabled = false (custom)
2019-09-26 13:36:15,931 [pool-67-thread-1] INFO  impl.RaftServerImpl (ServerState.java:<init>(103)) - 346062cc-ad15-42e2-9beb-d47eb155c827@group-CDF18DFC60AD: ConfigurationManager, init=-1: [346062cc-ad15-42e2-9beb-d47eb155c827:192.168.164.238:43674], old=null, confs=<EMPTY_MAP>
2019-09-26 13:36:15,931 [pool-67-thread-1] INFO  server.RaftServerConfigKeys (ConfUtils.java:logGet(43)) - raft.server.storage.dir = [/workdir/hadoop-ozone/tools/target/test-dir/MiniOzoneClusterImpl-9370444f-6a38-4216-baa9-a19329eb6ac6/datanode-4/data/ratis] (custom)
2019-09-26 13:36:15,931 [pool-67-thread-1] INFO  storage.RaftStorageDirectory (RaftStorageDirectory.java:analyzeStorage(246)) - The storage directory /workdir/hadoop-ozone/tools/target/test-dir/MiniOzoneClusterImpl-9370444f-6a38-4216-baa9-a19329eb6ac6/datanode-4/data/ratis/edcd3e9f-6fc5-4d63-9904-cdf18dfc60ad does not exist. Creating ...
2019-09-26 13:36:15,943 [pool-67-thread-1] INFO  storage.RaftStorageDirectory (RaftStorageDirectory.java:tryLock(328)) - Lock on /workdir/hadoop-ozone/tools/target/test-dir/MiniOzoneClusterImpl-9370444f-6a38-4216-baa9-a19329eb6ac6/datanode-4/data/ratis/edcd3e9f-6fc5-4d63-9904-cdf18dfc60ad/in_use.lock acquired by nodename 19660@pr-hdds-1569-87zkn-1081879488
2019-09-26 13:36:15,957 [pool-67-thread-1] INFO  storage.RaftStorage (RaftStorage.java:format(72)) - Storage directory /workdir/hadoop-ozone/tools/target/test-dir/MiniOzoneClusterImpl-9370444f-6a38-4216-baa9-a19329eb6ac6/datanode-4/data/ratis/edcd3e9f-6fc5-4d63-9904-cdf18dfc60ad has been successfully formatted.
2019-09-26 13:36:15,957 [pool-67-thread-1] INFO  ratis.ContainerStateMachine (ContainerStateMachine.java:loadSnapshot(230)) - group-CDF18DFC60AD: The snapshot info is null. Setting the last applied indexto:(t:0, i:~)
2019-09-26 13:36:15,958 [pool-67-thread-1] INFO  server.RaftServerConfigKeys (ConfUtils.java:logGet(43)) - raft.server.notification.no-leader.timeout = 120s (custom)
2019-09-26 13:36:15,958 [pool-67-thread-1] INFO  server.RaftServerConfigKeys (ConfUtils.java:logGet(43)) - raft.server.log.use.memory = false (default)
2019-09-26 13:36:15,958 [pool-67-thread-1] INFO  server.RaftServerConfigKeys (ConfUtils.java:logGet(43)) - raft.server.log.purge.gap = 1000000 (custom)
2019-09-26 13:36:15,958 [pool-67-thread-1] INFO  server.RaftServerConfigKeys (ConfUtils.java:logGet(43)) - raft.server.log.appender.buffer.byte-limit = 33554432 (custom)
2019-09-26 13:36:15,958 [pool-67-thread-1] INFO  server.RaftServerConfigKeys (ConfUtils.java:logGet(43)) - raft.server.log.segment.size.max = 1048576 (custom)
2019-09-26 13:36:15,959 [pool-67-thread-1] INFO  server.RaftServerConfigKeys (ConfUtils.java:logGet(43)) - raft.server.log.segment.cache.num.max = 2 (custom)
2019-09-26 13:36:15,959 [pool-67-thread-1] INFO  segmented.SegmentedRaftLogWorker (SegmentedRaftLogWorker.java:<init>(172)) - new 346062cc-ad15-42e2-9beb-d47eb155c827@group-CDF18DFC60AD-SegmentedRaftLogWorker for RaftStorage:Storage Directory /workdir/hadoop-ozone/tools/target/test-dir/MiniOzoneClusterImpl-9370444f-6a38-4216-baa9-a19329eb6ac6/datanode-4/data/ratis/edcd3e9f-6fc5-4d63-9904-cdf18dfc60ad
2019-09-26 13:36:15,991 [pool-67-thread-1] INFO  server.RaftServerConfigKeys (ConfUtils.java:logGet(43)) - raft.server.log.queue.byte-limit = 2147483647 (custom)
2019-09-26 13:36:15,991 [pool-67-thread-1] INFO  server.RaftServerConfigKeys (ConfUtils.java:logGet(43)) - raft.server.log.queue.element-limit = 1024 (custom)
2019-09-26 13:36:15,991 [pool-67-thread-1] INFO  server.RaftServerConfigKeys (ConfUtils.java:logGet(43)) - raft.server.log.segment.size.max = 1048576 (custom)
2019-09-26 13:36:15,991 [pool-67-thread-1] INFO  server.RaftServerConfigKeys (ConfUtils.java:logGet(43)) - raft.server.log.preallocated.size = 16384 (custom)
2019-09-26 13:36:15,991 [pool-67-thread-1] INFO  server.RaftServerConfigKeys (ConfUtils.java:logGet(43)) - raft.server.log.write.buffer.size = 33554432 (custom)
2019-09-26 13:36:15,991 [pool-67-thread-1] INFO  server.RaftServerConfigKeys (ConfUtils.java:logGet(43)) - raft.server.log.force.sync.num = 128 (default)
2019-09-26 13:36:15,992 [pool-67-thread-1] INFO  server.RaftServerConfigKeys (ConfUtils.java:logGet(43)) - raft.server.log.statemachine.data.sync = true (default)
2019-09-26 13:36:15,992 [pool-67-thread-1] INFO  server.RaftServerConfigKeys (ConfUtils.java:logGet(43)) - raft.server.log.statemachine.data.sync.timeout = 10s (default)
2019-09-26 13:36:15,992 [pool-67-thread-1] INFO  server.RaftServerConfigKeys (ConfUtils.java:logGet(43)) - raft.server.log.statemachine.data.sync.timeout.retry = -1 (default)
2019-09-26 13:36:15,992 [pool-67-thread-1] INFO  server.RaftServerConfigKeys (ConfUtils.java:logGet(43)) - raft.server.log.statemachine.data.caching.enabled = true (custom)
2019-09-26 13:36:15,992 [pool-67-thread-1] INFO  segmented.SegmentedRaftLogWorker (SegmentedRaftLogWorker.java:lambda$new$0(132)) - 346062cc-ad15-42e2-9beb-d47eb155c827@group-CDF18DFC60AD-SegmentedRaftLogWorker: flushIndex: setUnconditionally 0 -> -1
2019-09-26 13:36:15,993 [pool-67-thread-1] INFO  server.RaftServerConfigKeys (ConfUtils.java:logGet(43)) - raft.server.snapshot.auto.trigger.enabled = true (custom)
2019-09-26 13:36:15,993 [pool-67-thread-1] INFO  server.RaftServerConfigKeys (ConfUtils.java:logGet(43)) - raft.server.snapshot.auto.trigger.threshold = 10000 (custom)
2019-09-26 13:36:15,993 [pool-67-thread-1] INFO  server.RaftServerConfigKeys (ConfUtils.java:logGet(43)) - raft.server.snapshot.retention.num.files = 5 (custom)
2019-09-26 13:36:15,993 [pool-67-thread-1] INFO  server.RaftServerConfigKeys (ConfUtils.java:logGet(43)) - raft.server.retrycache.expirytime = 600000ms (custom)
2019-09-26 13:36:15,997 [pool-67-thread-1] INFO  impl.RaftServerImpl (RaftServerImpl.java:start(185)) - 346062cc-ad15-42e2-9beb-d47eb155c827@group-CDF18DFC60AD: start as a follower, conf=-1: [346062cc-ad15-42e2-9beb-d47eb155c827:192.168.164.238:43674], old=null
2019-09-26 13:36:15,997 [pool-67-thread-1] INFO  impl.RaftServerImpl (RaftServerImpl.java:setRole(174)) - 346062cc-ad15-42e2-9beb-d47eb155c827@group-CDF18DFC60AD: changes role from      null to FOLLOWER at term 0 for startAsFollower
2019-09-26 13:36:15,997 [pool-67-thread-1] INFO  impl.RoleInfo (RoleInfo.java:updateAndGet(143)) - 346062cc-ad15-42e2-9beb-d47eb155c827: start FollowerState
2019-09-26 13:36:15,997 [pool-67-thread-1] INFO  util.JmxRegister (JmxRegister.java:tryRegister(44)) - Successfully registered JMX Bean with object name Ratis:service=RaftServer,group=group-CDF18DFC60AD,id=346062cc-ad15-42e2-9beb-d47eb155c827
2019-09-26 13:36:16,009 [RatisPipelineUtilsThread] INFO  pipeline.PipelineStateManager (PipelineStateManager.java:addPipeline(56)) - Created pipeline Pipeline[ Id: edcd3e9f-6fc5-4d63-9904-cdf18dfc60ad, Nodes: 346062cc-ad15-42e2-9beb-d47eb155c827{ip: 192.168.164.238, host: pr-hdds-1569-87zkn-1081879488, networkLocation: /default-rack, certSerialId: null}, Type:RATIS, Factor:ONE, State:OPEN]
2019-09-26 13:36:16,027 [grpc-default-executor-0] INFO  impl.RaftServerProxy (RaftServerProxy.java:addNew(89)) - eded3bc9-84b9-4250-ab82-94085e7bf343: addNew group-57367370BBAC:[eded3bc9-84b9-4250-ab82-94085e7bf343:192.168.164.238:43918] returns group-57367370BBAC:java.util.concurrent.CompletableFuture@120b06b4[Not completed]
2019-09-26 13:36:16,029 [main] INFO  freon.RandomKeyGenerator (RandomKeyGenerator.java:call(283)) - Number of Threads: 10
2019-09-26 13:36:16,029 [pool-27-thread-1] INFO  impl.RaftServerImpl (RaftServerImpl.java:<init>(95)) - eded3bc9-84b9-4250-ab82-94085e7bf343: new RaftServerImpl for group-57367370BBAC:[eded3bc9-84b9-4250-ab82-94085e7bf343:192.168.164.238:43918] with ContainerStateMachine:uninitialized
2019-09-26 13:36:16,029 [pool-27-thread-1] INFO  server.RaftServerConfigKeys (ConfUtils.java:logGet(43)) - raft.server.rpc.timeout.min = 5s (custom)
2019-09-26 13:36:16,029 [pool-27-thread-1] INFO  server.RaftServerConfigKeys (ConfUtils.java:logGet(43)) - raft.server.rpc.timeout.max = 5200ms (custom)
2019-09-26 13:36:16,029 [main] INFO  freon.RandomKeyGenerator (RandomKeyGenerator.java:call(288)) - Number of Volumes: 1.
2019-09-26 13:36:16,030 [pool-27-thread-1] INFO  server.RaftServerConfigKeys (ConfUtils.java:logGet(43)) - raft.server.rpcslowness.timeout = 120s (custom)
2019-09-26 13:36:16,030 [main] INFO  freon.RandomKeyGenerator (RandomKeyGenerator.java:call(289)) - Number of Buckets per Volume: 1.
2019-09-26 13:36:16,030 [pool-27-thread-1] INFO  server.RaftServerConfigKeys (ConfUtils.java:logGet(43)) - raft.server.sleep.deviation.threshold = 300 (default)
2019-09-26 13:36:16,030 [main] INFO  freon.RandomKeyGenerator (RandomKeyGenerator.java:call(290)) - Number of Keys per Bucket: 1.
2019-09-26 13:36:16,030 [pool-27-thread-1] INFO  server.RaftServerConfigKeys (ConfUtils.java:logGet(43)) - raft.server.log.appender.install.snapshot.enabled = false (custom)
2019-09-26 13:36:16,030 [main] INFO  freon.RandomKeyGenerator (RandomKeyGenerator.java:call(291)) - Key size: 20971520 bytes
2019-09-26 13:36:16,030 [pool-27-thread-1] INFO  impl.RaftServerImpl (ServerState.java:<init>(103)) - eded3bc9-84b9-4250-ab82-94085e7bf343@group-57367370BBAC: ConfigurationManager, init=-1: [eded3bc9-84b9-4250-ab82-94085e7bf343:192.168.164.238:43918], old=null, confs=<EMPTY_MAP>
2019-09-26 13:36:16,030 [main] INFO  freon.RandomKeyGenerator (RandomKeyGenerator.java:call(292)) - Buffer size: 4096 bytes
2019-09-26 13:36:16,031 [main] INFO  freon.RandomKeyGenerator (RandomKeyGenerator.java:call(293)) - validateWrites : true
2019-09-26 13:36:16,031 [pool-27-thread-1] INFO  server.RaftServerConfigKeys (ConfUtils.java:logGet(43)) - raft.server.storage.dir = [/workdir/hadoop-ozone/tools/target/test-dir/MiniOzoneClusterImpl-9370444f-6a38-4216-baa9-a19329eb6ac6/datanode-0/data/ratis] (custom)
2019-09-26 13:36:16,031 [pool-27-thread-1] INFO  storage.RaftStorageDirectory (RaftStorageDirectory.java:analyzeStorage(246)) - The storage directory /workdir/hadoop-ozone/tools/target/test-dir/MiniOzoneClusterImpl-9370444f-6a38-4216-baa9-a19329eb6ac6/datanode-0/data/ratis/afd2f917-90f0-4212-bb70-57367370bbac does not exist. Creating ...
2019-09-26 13:36:16,036 [main] INFO  freon.RandomKeyGenerator (RandomKeyGenerator.java:call(307)) - Data validation is enabled.
2019-09-26 13:36:16,037 [main] INFO  freon.RandomKeyGenerator (RandomKeyGenerator.java:call(313)) - Starting progress bar Thread.

 0.00% |█                                                                                                    |  0/1 Time: 0:00:002019-09-26 13:36:16,046 [pool-27-thread-1] INFO  storage.RaftStorageDirectory (RaftStorageDirectory.java:tryLock(328)) - Lock on /workdir/hadoop-ozone/tools/target/test-dir/MiniOzoneClusterImpl-9370444f-6a38-4216-baa9-a19329eb6ac6/datanode-0/data/ratis/afd2f917-90f0-4212-bb70-57367370bbac/in_use.lock acquired by nodename 19660@pr-hdds-1569-87zkn-1081879488
2019-09-26 13:36:16,059 [pool-27-thread-1] INFO  storage.RaftStorage (RaftStorage.java:format(72)) - Storage directory /workdir/hadoop-ozone/tools/target/test-dir/MiniOzoneClusterImpl-9370444f-6a38-4216-baa9-a19329eb6ac6/datanode-0/data/ratis/afd2f917-90f0-4212-bb70-57367370bbac has been successfully formatted.
2019-09-26 13:36:16,059 [pool-27-thread-1] INFO  ratis.ContainerStateMachine (ContainerStateMachine.java:loadSnapshot(230)) - group-57367370BBAC: The snapshot info is null. Setting the last applied indexto:(t:0, i:~)
2019-09-26 13:36:16,059 [pool-27-thread-1] INFO  server.RaftServerConfigKeys (ConfUtils.java:logGet(43)) - raft.server.notification.no-leader.timeout = 120s (custom)
2019-09-26 13:36:16,059 [pool-27-thread-1] INFO  server.RaftServerConfigKeys (ConfUtils.java:logGet(43)) - raft.server.log.use.memory = false (default)
2019-09-26 13:36:16,060 [pool-27-thread-1] INFO  server.RaftServerConfigKeys (ConfUtils.java:logGet(43)) - raft.server.log.purge.gap = 1000000 (custom)
2019-09-26 13:36:16,060 [pool-27-thread-1] INFO  server.RaftServerConfigKeys (ConfUtils.java:logGet(43)) - raft.server.log.appender.buffer.byte-limit = 33554432 (custom)
2019-09-26 13:36:16,060 [pool-27-thread-1] INFO  server.RaftServerConfigKeys (ConfUtils.java:logGet(43)) - raft.server.log.segment.size.max = 1048576 (custom)
2019-09-26 13:36:16,060 [pool-27-thread-1] INFO  server.RaftServerConfigKeys (ConfUtils.java:logGet(43)) - raft.server.log.segment.cache.num.max = 2 (custom)
2019-09-26 13:36:16,060 [pool-27-thread-1] INFO  segmented.SegmentedRaftLogWorker (SegmentedRaftLogWorker.java:<init>(172)) - new eded3bc9-84b9-4250-ab82-94085e7bf343@group-57367370BBAC-SegmentedRaftLogWorker for RaftStorage:Storage Directory /workdir/hadoop-ozone/tools/target/test-dir/MiniOzoneClusterImpl-9370444f-6a38-4216-baa9-a19329eb6ac6/datanode-0/data/ratis/afd2f917-90f0-4212-bb70-57367370bbac
2019-09-26 13:36:16,061 [pool-27-thread-1] INFO  server.RaftServerConfigKeys (ConfUtils.java:logGet(43)) - raft.server.log.queue.byte-limit = 2147483647 (custom)
2019-09-26 13:36:16,061 [pool-27-thread-1] INFO  server.RaftServerConfigKeys (ConfUtils.java:logGet(43)) - raft.server.log.queue.element-limit = 1024 (custom)
2019-09-26 13:36:16,061 [pool-27-thread-1] INFO  server.RaftServerConfigKeys (ConfUtils.java:logGet(43)) - raft.server.log.segment.size.max = 1048576 (custom)
2019-09-26 13:36:16,061 [pool-27-thread-1] INFO  server.RaftServerConfigKeys (ConfUtils.java:logGet(43)) - raft.server.log.preallocated.size = 16384 (custom)
2019-09-26 13:36:16,061 [pool-27-thread-1] INFO  server.RaftServerConfigKeys (ConfUtils.java:logGet(43)) - raft.server.log.write.buffer.size = 33554432 (custom)
2019-09-26 13:36:16,061 [pool-27-thread-1] INFO  server.RaftServerConfigKeys (ConfUtils.java:logGet(43)) - raft.server.log.force.sync.num = 128 (default)
2019-09-26 13:36:16,062 [pool-27-thread-1] INFO  server.RaftServerConfigKeys (ConfUtils.java:logGet(43)) - raft.server.log.statemachine.data.sync = true (default)
2019-09-26 13:36:16,062 [pool-27-thread-1] INFO  server.RaftServerConfigKeys (ConfUtils.java:logGet(43)) - raft.server.log.statemachine.data.sync.timeout = 10s (default)
2019-09-26 13:36:16,062 [pool-27-thread-1] INFO  server.RaftServerConfigKeys (ConfUtils.java:logGet(43)) - raft.server.log.statemachine.data.sync.timeout.retry = -1 (default)
2019-09-26 13:36:16,062 [pool-27-thread-1] INFO  server.RaftServerConfigKeys (ConfUtils.java:logGet(43)) - raft.server.log.statemachine.data.caching.enabled = true (custom)
2019-09-26 13:36:16,062 [pool-27-thread-1] INFO  segmented.SegmentedRaftLogWorker (SegmentedRaftLogWorker.java:lambda$new$0(132)) - eded3bc9-84b9-4250-ab82-94085e7bf343@group-57367370BBAC-SegmentedRaftLogWorker: flushIndex: setUnconditionally 0 -> -1
2019-09-26 13:36:16,063 [pool-27-thread-1] INFO  server.RaftServerConfigKeys (ConfUtils.java:logGet(43)) - raft.server.snapshot.auto.trigger.enabled = true (custom)
2019-09-26 13:36:16,063 [pool-27-thread-1] INFO  server.RaftServerConfigKeys (ConfUtils.java:logGet(43)) - raft.server.snapshot.auto.trigger.threshold = 10000 (custom)
2019-09-26 13:36:16,063 [pool-27-thread-1] INFO  server.RaftServerConfigKeys (ConfUtils.java:logGet(43)) - raft.server.snapshot.retention.num.files = 5 (custom)
2019-09-26 13:36:16,063 [pool-27-thread-1] INFO  server.RaftServerConfigKeys (ConfUtils.java:logGet(43)) - raft.server.retrycache.expirytime = 600000ms (custom)
2019-09-26 13:36:16,066 [pool-73-thread-1] INFO  rpc.RpcClient (RpcClient.java:createVolume(276)) - Creating Volume: vol-0-15395, with jenkins1000 as owner.
2019-09-26 13:36:16,068 [pool-27-thread-1] INFO  impl.RaftServerImpl (RaftServerImpl.java:start(185)) - eded3bc9-84b9-4250-ab82-94085e7bf343@group-57367370BBAC: start as a follower, conf=-1: [eded3bc9-84b9-4250-ab82-94085e7bf343:192.168.164.238:43918], old=null
2019-09-26 13:36:16,068 [pool-27-thread-1] INFO  impl.RaftServerImpl (RaftServerImpl.java:setRole(174)) - eded3bc9-84b9-4250-ab82-94085e7bf343@group-57367370BBAC: changes role from      null to FOLLOWER at term 0 for startAsFollower
2019-09-26 13:36:16,068 [pool-27-thread-1] INFO  impl.RoleInfo (RoleInfo.java:updateAndGet(143)) - eded3bc9-84b9-4250-ab82-94085e7bf343: start FollowerState
2019-09-26 13:36:16,068 [pool-27-thread-1] INFO  util.JmxRegister (JmxRegister.java:tryRegister(44)) - Successfully registered JMX Bean with object name Ratis:service=RaftServer,group=group-57367370BBAC,id=eded3bc9-84b9-4250-ab82-94085e7bf343
2019-09-26 13:36:16,080 [RatisPipelineUtilsThread] INFO  pipeline.PipelineStateManager (PipelineStateManager.java:addPipeline(56)) - Created pipeline Pipeline[ Id: afd2f917-90f0-4212-bb70-57367370bbac, Nodes: eded3bc9-84b9-4250-ab82-94085e7bf343{ip: 192.168.164.238, host: pr-hdds-1569-87zkn-1081879488, networkLocation: /default-rack, certSerialId: null}, Type:RATIS, Factor:ONE, State:OPEN]
2019-09-26 13:36:16,104 [grpc-default-executor-0] INFO  impl.RaftServerProxy (RaftServerProxy.java:addNew(89)) - 1d0de9a6-3b8a-4f01-86ad-2ac4521aa9e5: addNew group-0F849D0C87F7:[1d0de9a6-3b8a-4f01-86ad-2ac4521aa9e5:192.168.164.238:45430] returns group-0F849D0C87F7:java.util.concurrent.CompletableFuture@115f787f[Not completed]
2019-09-26 13:36:16,107 [pool-47-thread-1] INFO  impl.RaftServerImpl (RaftServerImpl.java:<init>(95)) - 1d0de9a6-3b8a-4f01-86ad-2ac4521aa9e5: new RaftServerImpl for group-0F849D0C87F7:[1d0de9a6-3b8a-4f01-86ad-2ac4521aa9e5:192.168.164.238:45430] with ContainerStateMachine:uninitialized
2019-09-26 13:36:16,108 [pool-47-thread-1] INFO  server.RaftServerConfigKeys (ConfUtils.java:logGet(43)) - raft.server.rpc.timeout.min = 5s (custom)
2019-09-26 13:36:16,108 [pool-47-thread-1] INFO  server.RaftServerConfigKeys (ConfUtils.java:logGet(43)) - raft.server.rpc.timeout.max = 5200ms (custom)
2019-09-26 13:36:16,108 [pool-47-thread-1] INFO  server.RaftServerConfigKeys (ConfUtils.java:logGet(43)) - raft.server.rpcslowness.timeout = 120s (custom)
2019-09-26 13:36:16,108 [pool-47-thread-1] INFO  server.RaftServerConfigKeys (ConfUtils.java:logGet(43)) - raft.server.sleep.deviation.threshold = 300 (default)
2019-09-26 13:36:16,108 [pool-47-thread-1] INFO  server.RaftServerConfigKeys (ConfUtils.java:logGet(43)) - raft.server.log.appender.install.snapshot.enabled = false (custom)
2019-09-26 13:36:16,109 [pool-47-thread-1] INFO  impl.RaftServerImpl (ServerState.java:<init>(103)) - 1d0de9a6-3b8a-4f01-86ad-2ac4521aa9e5@group-0F849D0C87F7: ConfigurationManager, init=-1: [1d0de9a6-3b8a-4f01-86ad-2ac4521aa9e5:192.168.164.238:45430], old=null, confs=<EMPTY_MAP>
2019-09-26 13:36:16,110 [pool-47-thread-1] INFO  server.RaftServerConfigKeys (ConfUtils.java:logGet(43)) - raft.server.storage.dir = [/workdir/hadoop-ozone/tools/target/test-dir/MiniOzoneClusterImpl-9370444f-6a38-4216-baa9-a19329eb6ac6/datanode-2/data/ratis] (custom)
2019-09-26 13:36:16,111 [pool-47-thread-1] INFO  storage.RaftStorageDirectory (RaftStorageDirectory.java:analyzeStorage(246)) - The storage directory /workdir/hadoop-ozone/tools/target/test-dir/MiniOzoneClusterImpl-9370444f-6a38-4216-baa9-a19329eb6ac6/datanode-2/data/ratis/086dd56a-26b9-440a-b1de-0f849d0c87f7 does not exist. Creating ...
2019-09-26 13:36:16,134 [pool-47-thread-1] INFO  storage.RaftStorageDirectory (RaftStorageDirectory.java:tryLock(328)) - Lock on /workdir/hadoop-ozone/tools/target/test-dir/MiniOzoneClusterImpl-9370444f-6a38-4216-baa9-a19329eb6ac6/datanode-2/data/ratis/086dd56a-26b9-440a-b1de-0f849d0c87f7/in_use.lock acquired by nodename 19660@pr-hdds-1569-87zkn-1081879488
2019-09-26 13:36:16,148 [pool-47-thread-1] INFO  storage.RaftStorage (RaftStorage.java:format(72)) - Storage directory /workdir/hadoop-ozone/tools/target/test-dir/MiniOzoneClusterImpl-9370444f-6a38-4216-baa9-a19329eb6ac6/datanode-2/data/ratis/086dd56a-26b9-440a-b1de-0f849d0c87f7 has been successfully formatted.
2019-09-26 13:36:16,148 [pool-47-thread-1] INFO  ratis.ContainerStateMachine (ContainerStateMachine.java:loadSnapshot(230)) - group-0F849D0C87F7: The snapshot info is null. Setting the last applied indexto:(t:0, i:~)
2019-09-26 13:36:16,149 [pool-47-thread-1] INFO  server.RaftServerConfigKeys (ConfUtils.java:logGet(43)) - raft.server.notification.no-leader.timeout = 120s (custom)
2019-09-26 13:36:16,149 [pool-47-thread-1] INFO  server.RaftServerConfigKeys (ConfUtils.java:logGet(43)) - raft.server.log.use.memory = false (default)
2019-09-26 13:36:16,149 [pool-47-thread-1] INFO  server.RaftServerConfigKeys (ConfUtils.java:logGet(43)) - raft.server.log.purge.gap = 1000000 (custom)
2019-09-26 13:36:16,149 [pool-47-thread-1] INFO  server.RaftServerConfigKeys (ConfUtils.java:logGet(43)) - raft.server.log.appender.buffer.byte-limit = 33554432 (custom)
2019-09-26 13:36:16,150 [pool-47-thread-1] INFO  server.RaftServerConfigKeys (ConfUtils.java:logGet(43)) - raft.server.log.segment.size.max = 1048576 (custom)
2019-09-26 13:36:16,150 [pool-47-thread-1] INFO  server.RaftServerConfigKeys (ConfUtils.java:logGet(43)) - raft.server.log.segment.cache.num.max = 2 (custom)
2019-09-26 13:36:16,150 [pool-47-thread-1] INFO  segmented.SegmentedRaftLogWorker (SegmentedRaftLogWorker.java:<init>(172)) - new 1d0de9a6-3b8a-4f01-86ad-2ac4521aa9e5@group-0F849D0C87F7-SegmentedRaftLogWorker for RaftStorage:Storage Directory /workdir/hadoop-ozone/tools/target/test-dir/MiniOzoneClusterImpl-9370444f-6a38-4216-baa9-a19329eb6ac6/datanode-2/data/ratis/086dd56a-26b9-440a-b1de-0f849d0c87f7
2019-09-26 13:36:16,154 [pool-47-thread-1] INFO  server.RaftServerConfigKeys (ConfUtils.java:logGet(43)) - raft.server.log.queue.byte-limit = 2147483647 (custom)
2019-09-26 13:36:16,154 [pool-47-thread-1] INFO  server.RaftServerConfigKeys (ConfUtils.java:logGet(43)) - raft.server.log.queue.element-limit = 1024 (custom)
2019-09-26 13:36:16,154 [pool-47-thread-1] INFO  server.RaftServerConfigKeys (ConfUtils.java:logGet(43)) - raft.server.log.segment.size.max = 1048576 (custom)
2019-09-26 13:36:16,154 [pool-47-thread-1] INFO  server.RaftServerConfigKeys (ConfUtils.java:logGet(43)) - raft.server.log.preallocated.size = 16384 (custom)
2019-09-26 13:36:16,155 [pool-47-thread-1] INFO  server.RaftServerConfigKeys (ConfUtils.java:logGet(43)) - raft.server.log.write.buffer.size = 33554432 (custom)
2019-09-26 13:36:16,155 [pool-47-thread-1] INFO  server.RaftServerConfigKeys (ConfUtils.java:logGet(43)) - raft.server.log.force.sync.num = 128 (default)
2019-09-26 13:36:16,155 [pool-47-thread-1] INFO  server.RaftServerConfigKeys (ConfUtils.java:logGet(43)) - raft.server.log.statemachine.data.sync = true (default)
2019-09-26 13:36:16,155 [pool-47-thread-1] INFO  server.RaftServerConfigKeys (ConfUtils.java:logGet(43)) - raft.server.log.statemachine.data.sync.timeout = 10s (default)
2019-09-26 13:36:16,155 [pool-47-thread-1] INFO  server.RaftServerConfigKeys (ConfUtils.java:logGet(43)) - raft.server.log.statemachine.data.sync.timeout.retry = -1 (default)
2019-09-26 13:36:16,156 [pool-47-thread-1] INFO  server.RaftServerConfigKeys (ConfUtils.java:logGet(43)) - raft.server.log.statemachine.data.caching.enabled = true (custom)
2019-09-26 13:36:16,156 [pool-47-thread-1] INFO  segmented.SegmentedRaftLogWorker (SegmentedRaftLogWorker.java:lambda$new$0(132)) - 1d0de9a6-3b8a-4f01-86ad-2ac4521aa9e5@group-0F849D0C87F7-SegmentedRaftLogWorker: flushIndex: setUnconditionally 0 -> -1
2019-09-26 13:36:16,156 [pool-47-thread-1] INFO  server.RaftServerConfigKeys (ConfUtils.java:logGet(43)) - raft.server.snapshot.auto.trigger.enabled = true (custom)
2019-09-26 13:36:16,157 [pool-47-thread-1] INFO  server.RaftServerConfigKeys (ConfUtils.java:logGet(43)) - raft.server.snapshot.auto.trigger.threshold = 10000 (custom)
2019-09-26 13:36:16,157 [pool-47-thread-1] INFO  server.RaftServerConfigKeys (ConfUtils.java:logGet(43)) - raft.server.snapshot.retention.num.files = 5 (custom)
2019-09-26 13:36:16,157 [pool-47-thread-1] INFO  server.RaftServerConfigKeys (ConfUtils.java:logGet(43)) - raft.server.retrycache.expirytime = 600000ms (custom)
2019-09-26 13:36:16,160 [pool-47-thread-1] INFO  impl.RaftServerImpl (RaftServerImpl.java:start(185)) - 1d0de9a6-3b8a-4f01-86ad-2ac4521aa9e5@group-0F849D0C87F7: start as a follower, conf=-1: [1d0de9a6-3b8a-4f01-86ad-2ac4521aa9e5:192.168.164.238:45430], old=null
2019-09-26 13:36:16,161 [pool-47-thread-1] INFO  impl.RaftServerImpl (RaftServerImpl.java:setRole(174)) - 1d0de9a6-3b8a-4f01-86ad-2ac4521aa9e5@group-0F849D0C87F7: changes role from      null to FOLLOWER at term 0 for startAsFollower
2019-09-26 13:36:16,161 [pool-47-thread-1] INFO  impl.RoleInfo (RoleInfo.java:updateAndGet(143)) - 1d0de9a6-3b8a-4f01-86ad-2ac4521aa9e5: start FollowerState
2019-09-26 13:36:16,161 [pool-47-thread-1] INFO  util.JmxRegister (JmxRegister.java:tryRegister(44)) - Successfully registered JMX Bean with object name Ratis:service=RaftServer,group=group-0F849D0C87F7,id=1d0de9a6-3b8a-4f01-86ad-2ac4521aa9e5
2019-09-26 13:36:16,173 [RatisPipelineUtilsThread] INFO  pipeline.PipelineStateManager (PipelineStateManager.java:addPipeline(56)) - Created pipeline Pipeline[ Id: 086dd56a-26b9-440a-b1de-0f849d0c87f7, Nodes: 1d0de9a6-3b8a-4f01-86ad-2ac4521aa9e5{ip: 192.168.164.238, host: pr-hdds-1569-87zkn-1081879488, networkLocation: /default-rack, certSerialId: null}, Type:RATIS, Factor:ONE, State:OPEN]
2019-09-26 13:36:16,190 [grpc-default-executor-0] INFO  impl.RaftServerProxy (RaftServerProxy.java:addNew(89)) - 0846c5d9-d8fd-49e0-9805-817523babe5a: addNew group-41D272473208:[0846c5d9-d8fd-49e0-9805-817523babe5a:192.168.164.238:38031] returns group-41D272473208:java.util.concurrent.CompletableFuture@3ed2885c[Not completed]
2019-09-26 13:36:16,192 [pool-37-thread-1] INFO  impl.RaftServerImpl (RaftServerImpl.java:<init>(95)) - 0846c5d9-d8fd-49e0-9805-817523babe5a: new RaftServerImpl for group-41D272473208:[0846c5d9-d8fd-49e0-9805-817523babe5a:192.168.164.238:38031] with ContainerStateMachine:uninitialized
2019-09-26 13:36:16,192 [pool-37-thread-1] INFO  server.RaftServerConfigKeys (ConfUtils.java:logGet(43)) - raft.server.rpc.timeout.min = 5s (custom)
2019-09-26 13:36:16,192 [pool-37-thread-1] INFO  server.RaftServerConfigKeys (ConfUtils.java:logGet(43)) - raft.server.rpc.timeout.max = 5200ms (custom)
2019-09-26 13:36:16,192 [pool-37-thread-1] INFO  server.RaftServerConfigKeys (ConfUtils.java:logGet(43)) - raft.server.rpcslowness.timeout = 120s (custom)
2019-09-26 13:36:16,192 [pool-37-thread-1] INFO  server.RaftServerConfigKeys (ConfUtils.java:logGet(43)) - raft.server.sleep.deviation.threshold = 300 (default)
2019-09-26 13:36:16,192 [pool-37-thread-1] INFO  server.RaftServerConfigKeys (ConfUtils.java:logGet(43)) - raft.server.log.appender.install.snapshot.enabled = false (custom)
2019-09-26 13:36:16,192 [pool-37-thread-1] INFO  impl.RaftServerImpl (ServerState.java:<init>(103)) - 0846c5d9-d8fd-49e0-9805-817523babe5a@group-41D272473208: ConfigurationManager, init=-1: [0846c5d9-d8fd-49e0-9805-817523babe5a:192.168.164.238:38031], old=null, confs=<EMPTY_MAP>
2019-09-26 13:36:16,193 [pool-37-thread-1] INFO  server.RaftServerConfigKeys (ConfUtils.java:logGet(43)) - raft.server.storage.dir = [/workdir/hadoop-ozone/tools/target/test-dir/MiniOzoneClusterImpl-9370444f-6a38-4216-baa9-a19329eb6ac6/datanode-1/data/ratis] (custom)
2019-09-26 13:36:16,193 [pool-37-thread-1] INFO  storage.RaftStorageDirectory (RaftStorageDirectory.java:analyzeStorage(246)) - The storage directory /workdir/hadoop-ozone/tools/target/test-dir/MiniOzoneClusterImpl-9370444f-6a38-4216-baa9-a19329eb6ac6/datanode-1/data/ratis/55081559-b7f5-49c6-8422-41d272473208 does not exist. Creating ...
2019-09-26 13:36:16,203 [IPC Server handler 1 on 37845] INFO  volume.OMVolumeCreateRequest (OMVolumeCreateRequest.java:validateAndUpdateCache(189)) - created volume:vol-0-15395 for user:jenkins1000
2019-09-26 13:36:16,206 [pool-37-thread-1] INFO  storage.RaftStorageDirectory (RaftStorageDirectory.java:tryLock(328)) - Lock on /workdir/hadoop-ozone/tools/target/test-dir/MiniOzoneClusterImpl-9370444f-6a38-4216-baa9-a19329eb6ac6/datanode-1/data/ratis/55081559-b7f5-49c6-8422-41d272473208/in_use.lock acquired by nodename 19660@pr-hdds-1569-87zkn-1081879488
2019-09-26 13:36:16,220 [pool-37-thread-1] INFO  storage.RaftStorage (RaftStorage.java:format(72)) - Storage directory /workdir/hadoop-ozone/tools/target/test-dir/MiniOzoneClusterImpl-9370444f-6a38-4216-baa9-a19329eb6ac6/datanode-1/data/ratis/55081559-b7f5-49c6-8422-41d272473208 has been successfully formatted.
2019-09-26 13:36:16,220 [pool-37-thread-1] INFO  ratis.ContainerStateMachine (ContainerStateMachine.java:loadSnapshot(230)) - group-41D272473208: The snapshot info is null. Setting the last applied indexto:(t:0, i:~)
2019-09-26 13:36:16,221 [pool-37-thread-1] INFO  server.RaftServerConfigKeys (ConfUtils.java:logGet(43)) - raft.server.notification.no-leader.timeout = 120s (custom)
2019-09-26 13:36:16,221 [pool-37-thread-1] INFO  server.RaftServerConfigKeys (ConfUtils.java:logGet(43)) - raft.server.log.use.memory = false (default)
2019-09-26 13:36:16,221 [pool-37-thread-1] INFO  server.RaftServerConfigKeys (ConfUtils.java:logGet(43)) - raft.server.log.purge.gap = 1000000 (custom)
2019-09-26 13:36:16,221 [pool-37-thread-1] INFO  server.RaftServerConfigKeys (ConfUtils.java:logGet(43)) - raft.server.log.appender.buffer.byte-limit = 33554432 (custom)
2019-09-26 13:36:16,221 [pool-37-thread-1] INFO  server.RaftServerConfigKeys (ConfUtils.java:logGet(43)) - raft.server.log.segment.size.max = 1048576 (custom)
2019-09-26 13:36:16,221 [pool-37-thread-1] INFO  server.RaftServerConfigKeys (ConfUtils.java:logGet(43)) - raft.server.log.segment.cache.num.max = 2 (custom)
2019-09-26 13:36:16,222 [pool-37-thread-1] INFO  segmented.SegmentedRaftLogWorker (SegmentedRaftLogWorker.java:<init>(172)) - new 0846c5d9-d8fd-49e0-9805-817523babe5a@group-41D272473208-SegmentedRaftLogWorker for RaftStorage:Storage Directory /workdir/hadoop-ozone/tools/target/test-dir/MiniOzoneClusterImpl-9370444f-6a38-4216-baa9-a19329eb6ac6/datanode-1/data/ratis/55081559-b7f5-49c6-8422-41d272473208
2019-09-26 13:36:16,222 [pool-37-thread-1] INFO  server.RaftServerConfigKeys (ConfUtils.java:logGet(43)) - raft.server.log.queue.byte-limit = 2147483647 (custom)
2019-09-26 13:36:16,224 [pool-37-thread-1] INFO  server.RaftServerConfigKeys (ConfUtils.java:logGet(43)) - raft.server.log.queue.element-limit = 1024 (custom)
2019-09-26 13:36:16,224 [pool-37-thread-1] INFO  server.RaftServerConfigKeys (ConfUtils.java:logGet(43)) - raft.server.log.segment.size.max = 1048576 (custom)
2019-09-26 13:36:16,224 [pool-37-thread-1] INFO  server.RaftServerConfigKeys (ConfUtils.java:logGet(43)) - raft.server.log.preallocated.size = 16384 (custom)
2019-09-26 13:36:16,224 [pool-37-thread-1] INFO  server.RaftServerConfigKeys (ConfUtils.java:logGet(43)) - raft.server.log.write.buffer.size = 33554432 (custom)
2019-09-26 13:36:16,224 [pool-37-thread-1] INFO  server.RaftServerConfigKeys (ConfUtils.java:logGet(43)) - raft.server.log.force.sync.num = 128 (default)
2019-09-26 13:36:16,224 [pool-37-thread-1] INFO  server.RaftServerConfigKeys (ConfUtils.java:logGet(43)) - raft.server.log.statemachine.data.sync = true (default)
2019-09-26 13:36:16,224 [pool-37-thread-1] INFO  server.RaftServerConfigKeys (ConfUtils.java:logGet(43)) - raft.server.log.statemachine.data.sync.timeout = 10s (default)
2019-09-26 13:36:16,225 [pool-37-thread-1] INFO  server.RaftServerConfigKeys (ConfUtils.java:logGet(43)) - raft.server.log.statemachine.data.sync.timeout.retry = -1 (default)
2019-09-26 13:36:16,225 [pool-37-thread-1] INFO  server.RaftServerConfigKeys (ConfUtils.java:logGet(43)) - raft.server.log.statemachine.data.caching.enabled = true (custom)
2019-09-26 13:36:16,225 [pool-37-thread-1] INFO  segmented.SegmentedRaftLogWorker (SegmentedRaftLogWorker.java:lambda$new$0(132)) - 0846c5d9-d8fd-49e0-9805-817523babe5a@group-41D272473208-SegmentedRaftLogWorker: flushIndex: setUnconditionally 0 -> -1
2019-09-26 13:36:16,225 [pool-37-thread-1] INFO  server.RaftServerConfigKeys (ConfUtils.java:logGet(43)) - raft.server.snapshot.auto.trigger.enabled = true (custom)
2019-09-26 13:36:16,226 [pool-37-thread-1] INFO  server.RaftServerConfigKeys (ConfUtils.java:logGet(43)) - raft.server.snapshot.auto.trigger.threshold = 10000 (custom)
2019-09-26 13:36:16,226 [pool-37-thread-1] INFO  server.RaftServerConfigKeys (ConfUtils.java:logGet(43)) - raft.server.snapshot.retention.num.files = 5 (custom)
2019-09-26 13:36:16,226 [pool-37-thread-1] INFO  server.RaftServerConfigKeys (ConfUtils.java:logGet(43)) - raft.server.retrycache.expirytime = 600000ms (custom)
2019-09-26 13:36:16,229 [pool-37-thread-1] INFO  impl.RaftServerImpl (RaftServerImpl.java:start(185)) - 0846c5d9-d8fd-49e0-9805-817523babe5a@group-41D272473208: start as a follower, conf=-1: [0846c5d9-d8fd-49e0-9805-817523babe5a:192.168.164.238:38031], old=null
2019-09-26 13:36:16,229 [pool-37-thread-1] INFO  impl.RaftServerImpl (RaftServerImpl.java:setRole(174)) - 0846c5d9-d8fd-49e0-9805-817523babe5a@group-41D272473208: changes role from      null to FOLLOWER at term 0 for startAsFollower
2019-09-26 13:36:16,229 [pool-37-thread-1] INFO  impl.RoleInfo (RoleInfo.java:updateAndGet(143)) - 0846c5d9-d8fd-49e0-9805-817523babe5a: start FollowerState
2019-09-26 13:36:16,230 [pool-37-thread-1] INFO  util.JmxRegister (JmxRegister.java:tryRegister(44)) - Successfully registered JMX Bean with object name Ratis:service=RaftServer,group=group-41D272473208,id=0846c5d9-d8fd-49e0-9805-817523babe5a
2019-09-26 13:36:16,243 [RatisPipelineUtilsThread] INFO  pipeline.PipelineStateManager (PipelineStateManager.java:addPipeline(56)) - Created pipeline Pipeline[ Id: 55081559-b7f5-49c6-8422-41d272473208, Nodes: 0846c5d9-d8fd-49e0-9805-817523babe5a{ip: 192.168.164.238, host: pr-hdds-1569-87zkn-1081879488, networkLocation: /default-rack, certSerialId: null}, Type:RATIS, Factor:ONE, State:OPEN]
2019-09-26 13:36:16,243 [pool-73-thread-2] INFO  rpc.RpcClient (RpcClient.java:createBucket(415)) - Creating Bucket: vol-0-15395/bucket-0-39780, with Versioning false and Storage Type set to DISK and Encryption set to false 
2019-09-26 13:36:16,259 [grpc-default-executor-0] INFO  impl.RaftServerProxy (RaftServerProxy.java:addNew(89)) - 782e32e3-c0a7-42e5-b748-90e00549b00d: addNew group-CFBC9923484E:[782e32e3-c0a7-42e5-b748-90e00549b00d:192.168.164.238:33921] returns group-CFBC9923484E:java.util.concurrent.CompletableFuture@3f24e224[Not completed]
2019-09-26 13:36:16,261 [pool-57-thread-1] INFO  impl.RaftServerImpl (RaftServerImpl.java:<init>(95)) - 782e32e3-c0a7-42e5-b748-90e00549b00d: new RaftServerImpl for group-CFBC9923484E:[782e32e3-c0a7-42e5-b748-90e00549b00d:192.168.164.238:33921] with ContainerStateMachine:uninitialized
2019-09-26 13:36:16,261 [pool-57-thread-1] INFO  server.RaftServerConfigKeys (ConfUtils.java:logGet(43)) - raft.server.rpc.timeout.min = 5s (custom)
2019-09-26 13:36:16,262 [pool-57-thread-1] INFO  server.RaftServerConfigKeys (ConfUtils.java:logGet(43)) - raft.server.rpc.timeout.max = 5200ms (custom)
2019-09-26 13:36:16,262 [pool-57-thread-1] INFO  server.RaftServerConfigKeys (ConfUtils.java:logGet(43)) - raft.server.rpcslowness.timeout = 120s (custom)
2019-09-26 13:36:16,262 [pool-57-thread-1] INFO  server.RaftServerConfigKeys (ConfUtils.java:logGet(43)) - raft.server.sleep.deviation.threshold = 300 (default)
2019-09-26 13:36:16,262 [pool-57-thread-1] INFO  server.RaftServerConfigKeys (ConfUtils.java:logGet(43)) - raft.server.log.appender.install.snapshot.enabled = false (custom)
2019-09-26 13:36:16,262 [pool-57-thread-1] INFO  impl.RaftServerImpl (ServerState.java:<init>(103)) - 782e32e3-c0a7-42e5-b748-90e00549b00d@group-CFBC9923484E: ConfigurationManager, init=-1: [782e32e3-c0a7-42e5-b748-90e00549b00d:192.168.164.238:33921], old=null, confs=<EMPTY_MAP>
2019-09-26 13:36:16,262 [pool-57-thread-1] INFO  server.RaftServerConfigKeys (ConfUtils.java:logGet(43)) - raft.server.storage.dir = [/workdir/hadoop-ozone/tools/target/test-dir/MiniOzoneClusterImpl-9370444f-6a38-4216-baa9-a19329eb6ac6/datanode-3/data/ratis] (custom)
2019-09-26 13:36:16,262 [pool-57-thread-1] INFO  storage.RaftStorageDirectory (RaftStorageDirectory.java:analyzeStorage(246)) - The storage directory /workdir/hadoop-ozone/tools/target/test-dir/MiniOzoneClusterImpl-9370444f-6a38-4216-baa9-a19329eb6ac6/datanode-3/data/ratis/f116a9cc-f6d6-49f1-b294-cfbc9923484e does not exist. Creating ...
2019-09-26 13:36:16,276 [pool-57-thread-1] INFO  storage.RaftStorageDirectory (RaftStorageDirectory.java:tryLock(328)) - Lock on /workdir/hadoop-ozone/tools/target/test-dir/MiniOzoneClusterImpl-9370444f-6a38-4216-baa9-a19329eb6ac6/datanode-3/data/ratis/f116a9cc-f6d6-49f1-b294-cfbc9923484e/in_use.lock acquired by nodename 19660@pr-hdds-1569-87zkn-1081879488
2019-09-26 13:36:16,288 [pool-57-thread-1] INFO  storage.RaftStorage (RaftStorage.java:format(72)) - Storage directory /workdir/hadoop-ozone/tools/target/test-dir/MiniOzoneClusterImpl-9370444f-6a38-4216-baa9-a19329eb6ac6/datanode-3/data/ratis/f116a9cc-f6d6-49f1-b294-cfbc9923484e has been successfully formatted.
2019-09-26 13:36:16,288 [pool-57-thread-1] INFO  ratis.ContainerStateMachine (ContainerStateMachine.java:loadSnapshot(230)) - group-CFBC9923484E: The snapshot info is null. Setting the last applied indexto:(t:0, i:~)
2019-09-26 13:36:16,289 [pool-57-thread-1] INFO  server.RaftServerConfigKeys (ConfUtils.java:logGet(43)) - raft.server.notification.no-leader.timeout = 120s (custom)
2019-09-26 13:36:16,289 [pool-57-thread-1] INFO  server.RaftServerConfigKeys (ConfUtils.java:logGet(43)) - raft.server.log.use.memory = false (default)
2019-09-26 13:36:16,289 [pool-57-thread-1] INFO  server.RaftServerConfigKeys (ConfUtils.java:logGet(43)) - raft.server.log.purge.gap = 1000000 (custom)
2019-09-26 13:36:16,289 [pool-57-thread-1] INFO  server.RaftServerConfigKeys (ConfUtils.java:logGet(43)) - raft.server.log.appender.buffer.byte-limit = 33554432 (custom)
2019-09-26 13:36:16,290 [pool-57-thread-1] INFO  server.RaftServerConfigKeys (ConfUtils.java:logGet(43)) - raft.server.log.segment.size.max = 1048576 (custom)
2019-09-26 13:36:16,291 [pool-57-thread-1] INFO  server.RaftServerConfigKeys (ConfUtils.java:logGet(43)) - raft.server.log.segment.cache.num.max = 2 (custom)
2019-09-26 13:36:16,291 [pool-57-thread-1] INFO  segmented.SegmentedRaftLogWorker (SegmentedRaftLogWorker.java:<init>(172)) - new 782e32e3-c0a7-42e5-b748-90e00549b00d@group-CFBC9923484E-SegmentedRaftLogWorker for RaftStorage:Storage Directory /workdir/hadoop-ozone/tools/target/test-dir/MiniOzoneClusterImpl-9370444f-6a38-4216-baa9-a19329eb6ac6/datanode-3/data/ratis/f116a9cc-f6d6-49f1-b294-cfbc9923484e
2019-09-26 13:36:16,294 [pool-57-thread-1] INFO  server.RaftServerConfigKeys (ConfUtils.java:logGet(43)) - raft.server.log.queue.byte-limit = 2147483647 (custom)
2019-09-26 13:36:16,294 [pool-57-thread-1] INFO  server.RaftServerConfigKeys (ConfUtils.java:logGet(43)) - raft.server.log.queue.element-limit = 1024 (custom)
2019-09-26 13:36:16,294 [pool-57-thread-1] INFO  server.RaftServerConfigKeys (ConfUtils.java:logGet(43)) - raft.server.log.segment.size.max = 1048576 (custom)
2019-09-26 13:36:16,294 [pool-57-thread-1] INFO  server.RaftServerConfigKeys (ConfUtils.java:logGet(43)) - raft.server.log.preallocated.size = 16384 (custom)
2019-09-26 13:36:16,294 [pool-57-thread-1] INFO  server.RaftServerConfigKeys (ConfUtils.java:logGet(43)) - raft.server.log.write.buffer.size = 33554432 (custom)
2019-09-26 13:36:16,294 [pool-57-thread-1] INFO  server.RaftServerConfigKeys (ConfUtils.java:logGet(43)) - raft.server.log.force.sync.num = 128 (default)
2019-09-26 13:36:16,294 [pool-57-thread-1] INFO  server.RaftServerConfigKeys (ConfUtils.java:logGet(43)) - raft.server.log.statemachine.data.sync = true (default)
2019-09-26 13:36:16,295 [pool-57-thread-1] INFO  server.RaftServerConfigKeys (ConfUtils.java:logGet(43)) - raft.server.log.statemachine.data.sync.timeout = 10s (default)
2019-09-26 13:36:16,295 [pool-57-thread-1] INFO  server.RaftServerConfigKeys (ConfUtils.java:logGet(43)) - raft.server.log.statemachine.data.sync.timeout.retry = -1 (default)
2019-09-26 13:36:16,295 [pool-57-thread-1] INFO  server.RaftServerConfigKeys (ConfUtils.java:logGet(43)) - raft.server.log.statemachine.data.caching.enabled = true (custom)
2019-09-26 13:36:16,295 [pool-57-thread-1] INFO  segmented.SegmentedRaftLogWorker (SegmentedRaftLogWorker.java:lambda$new$0(132)) - 782e32e3-c0a7-42e5-b748-90e00549b00d@group-CFBC9923484E-SegmentedRaftLogWorker: flushIndex: setUnconditionally 0 -> -1
2019-09-26 13:36:16,296 [pool-57-thread-1] INFO  server.RaftServerConfigKeys (ConfUtils.java:logGet(43)) - raft.server.snapshot.auto.trigger.enabled = true (custom)
2019-09-26 13:36:16,296 [pool-57-thread-1] INFO  server.RaftServerConfigKeys (ConfUtils.java:logGet(43)) - raft.server.snapshot.auto.trigger.threshold = 10000 (custom)
2019-09-26 13:36:16,296 [pool-57-thread-1] INFO  server.RaftServerConfigKeys (ConfUtils.java:logGet(43)) - raft.server.snapshot.retention.num.files = 5 (custom)
2019-09-26 13:36:16,296 [pool-57-thread-1] INFO  server.RaftServerConfigKeys (ConfUtils.java:logGet(43)) - raft.server.retrycache.expirytime = 600000ms (custom)
2019-09-26 13:36:16,298 [pool-57-thread-1] INFO  impl.RaftServerImpl (RaftServerImpl.java:start(185)) - 782e32e3-c0a7-42e5-b748-90e00549b00d@group-CFBC9923484E: start as a follower, conf=-1: [782e32e3-c0a7-42e5-b748-90e00549b00d:192.168.164.238:33921], old=null
2019-09-26 13:36:16,298 [pool-57-thread-1] INFO  impl.RaftServerImpl (RaftServerImpl.java:setRole(174)) - 782e32e3-c0a7-42e5-b748-90e00549b00d@group-CFBC9923484E: changes role from      null to FOLLOWER at term 0 for startAsFollower
2019-09-26 13:36:16,299 [pool-57-thread-1] INFO  impl.RoleInfo (RoleInfo.java:updateAndGet(143)) - 782e32e3-c0a7-42e5-b748-90e00549b00d: start FollowerState
2019-09-26 13:36:16,299 [pool-57-thread-1] INFO  util.JmxRegister (JmxRegister.java:tryRegister(44)) - Successfully registered JMX Bean with object name Ratis:service=RaftServer,group=group-CFBC9923484E,id=782e32e3-c0a7-42e5-b748-90e00549b00d
2019-09-26 13:36:16,312 [RatisPipelineUtilsThread] INFO  pipeline.PipelineStateManager (PipelineStateManager.java:addPipeline(56)) - Created pipeline Pipeline[ Id: f116a9cc-f6d6-49f1-b294-cfbc9923484e, Nodes: 782e32e3-c0a7-42e5-b748-90e00549b00d{ip: 192.168.164.238, host: pr-hdds-1569-87zkn-1081879488, networkLocation: /default-rack, certSerialId: null}, Type:RATIS, Factor:ONE, State:OPEN]
2019-09-26 13:36:16,323 [grpc-default-executor-0] INFO  impl.RaftServerProxy (RaftServerProxy.java:addNew(89)) - 1d0de9a6-3b8a-4f01-86ad-2ac4521aa9e5: addNew group-B999D4577B51:[1d0de9a6-3b8a-4f01-86ad-2ac4521aa9e5:192.168.164.238:45430] returns group-B999D4577B51:java.util.concurrent.CompletableFuture@389ca0d6[Not completed]
2019-09-26 13:36:16,325 [pool-47-thread-1] INFO  impl.RaftServerImpl (RaftServerImpl.java:<init>(95)) - 1d0de9a6-3b8a-4f01-86ad-2ac4521aa9e5: new RaftServerImpl for group-B999D4577B51:[1d0de9a6-3b8a-4f01-86ad-2ac4521aa9e5:192.168.164.238:45430] with ContainerStateMachine:uninitialized
2019-09-26 13:36:16,325 [pool-47-thread-1] INFO  server.RaftServerConfigKeys (ConfUtils.java:logGet(43)) - raft.server.rpc.timeout.min = 5s (custom)
2019-09-26 13:36:16,325 [pool-47-thread-1] INFO  server.RaftServerConfigKeys (ConfUtils.java:logGet(43)) - raft.server.rpc.timeout.max = 5200ms (custom)
2019-09-26 13:36:16,326 [pool-47-thread-1] INFO  server.RaftServerConfigKeys (ConfUtils.java:logGet(43)) - raft.server.rpcslowness.timeout = 120s (custom)
2019-09-26 13:36:16,326 [pool-47-thread-1] INFO  server.RaftServerConfigKeys (ConfUtils.java:logGet(43)) - raft.server.sleep.deviation.threshold = 300 (default)
2019-09-26 13:36:16,326 [pool-47-thread-1] INFO  server.RaftServerConfigKeys (ConfUtils.java:logGet(43)) - raft.server.log.appender.install.snapshot.enabled = false (custom)
2019-09-26 13:36:16,326 [pool-47-thread-1] INFO  impl.RaftServerImpl (ServerState.java:<init>(103)) - 1d0de9a6-3b8a-4f01-86ad-2ac4521aa9e5@group-B999D4577B51: ConfigurationManager, init=-1: [1d0de9a6-3b8a-4f01-86ad-2ac4521aa9e5:192.168.164.238:45430], old=null, confs=<EMPTY_MAP>
2019-09-26 13:36:16,326 [pool-47-thread-1] INFO  server.RaftServerConfigKeys (ConfUtils.java:logGet(43)) - raft.server.storage.dir = [/workdir/hadoop-ozone/tools/target/test-dir/MiniOzoneClusterImpl-9370444f-6a38-4216-baa9-a19329eb6ac6/datanode-2/data/ratis] (custom)
2019-09-26 13:36:16,326 [pool-47-thread-1] INFO  storage.RaftStorageDirectory (RaftStorageDirectory.java:analyzeStorage(246)) - The storage directory /workdir/hadoop-ozone/tools/target/test-dir/MiniOzoneClusterImpl-9370444f-6a38-4216-baa9-a19329eb6ac6/datanode-2/data/ratis/bfd0530e-2302-427e-9bdf-b999d4577b51 does not exist. Creating ...
2019-09-26 13:36:16,339 [pool-47-thread-1] INFO  storage.RaftStorageDirectory (RaftStorageDirectory.java:tryLock(328)) - Lock on /workdir/hadoop-ozone/tools/target/test-dir/MiniOzoneClusterImpl-9370444f-6a38-4216-baa9-a19329eb6ac6/datanode-2/data/ratis/bfd0530e-2302-427e-9bdf-b999d4577b51/in_use.lock acquired by nodename 19660@pr-hdds-1569-87zkn-1081879488
2019-09-26 13:36:16,352 [pool-47-thread-1] INFO  storage.RaftStorage (RaftStorage.java:format(72)) - Storage directory /workdir/hadoop-ozone/tools/target/test-dir/MiniOzoneClusterImpl-9370444f-6a38-4216-baa9-a19329eb6ac6/datanode-2/data/ratis/bfd0530e-2302-427e-9bdf-b999d4577b51 has been successfully formatted.
2019-09-26 13:36:16,353 [pool-47-thread-1] INFO  ratis.ContainerStateMachine (ContainerStateMachine.java:loadSnapshot(230)) - group-B999D4577B51: The snapshot info is null. Setting the last applied indexto:(t:0, i:~)
2019-09-26 13:36:16,353 [pool-47-thread-1] INFO  server.RaftServerConfigKeys (ConfUtils.java:logGet(43)) - raft.server.notification.no-leader.timeout = 120s (custom)
2019-09-26 13:36:16,353 [pool-47-thread-1] INFO  server.RaftServerConfigKeys (ConfUtils.java:logGet(43)) - raft.server.log.use.memory = false (default)
2019-09-26 13:36:16,353 [pool-47-thread-1] INFO  server.RaftServerConfigKeys (ConfUtils.java:logGet(43)) - raft.server.log.purge.gap = 1000000 (custom)
2019-09-26 13:36:16,353 [pool-47-thread-1] INFO  server.RaftServerConfigKeys (ConfUtils.java:logGet(43)) - raft.server.log.appender.buffer.byte-limit = 33554432 (custom)
2019-09-26 13:36:16,353 [pool-47-thread-1] INFO  server.RaftServerConfigKeys (ConfUtils.java:logGet(43)) - raft.server.log.segment.size.max = 1048576 (custom)
2019-09-26 13:36:16,353 [pool-47-thread-1] INFO  server.RaftServerConfigKeys (ConfUtils.java:logGet(43)) - raft.server.log.segment.cache.num.max = 2 (custom)
2019-09-26 13:36:16,353 [pool-47-thread-1] INFO  segmented.SegmentedRaftLogWorker (SegmentedRaftLogWorker.java:<init>(172)) - new 1d0de9a6-3b8a-4f01-86ad-2ac4521aa9e5@group-B999D4577B51-SegmentedRaftLogWorker for RaftStorage:Storage Directory /workdir/hadoop-ozone/tools/target/test-dir/MiniOzoneClusterImpl-9370444f-6a38-4216-baa9-a19329eb6ac6/datanode-2/data/ratis/bfd0530e-2302-427e-9bdf-b999d4577b51
2019-09-26 13:36:16,354 [pool-47-thread-1] INFO  server.RaftServerConfigKeys (ConfUtils.java:logGet(43)) - raft.server.log.queue.byte-limit = 2147483647 (custom)
2019-09-26 13:36:16,354 [pool-47-thread-1] INFO  server.RaftServerConfigKeys (ConfUtils.java:logGet(43)) - raft.server.log.queue.element-limit = 1024 (custom)
2019-09-26 13:36:16,354 [pool-47-thread-1] INFO  server.RaftServerConfigKeys (ConfUtils.java:logGet(43)) - raft.server.log.segment.size.max = 1048576 (custom)
2019-09-26 13:36:16,354 [pool-47-thread-1] INFO  server.RaftServerConfigKeys (ConfUtils.java:logGet(43)) - raft.server.log.preallocated.size = 16384 (custom)
2019-09-26 13:36:16,354 [pool-47-thread-1] INFO  server.RaftServerConfigKeys (ConfUtils.java:logGet(43)) - raft.server.log.write.buffer.size = 33554432 (custom)
2019-09-26 13:36:16,354 [pool-47-thread-1] INFO  server.RaftServerConfigKeys (ConfUtils.java:logGet(43)) - raft.server.log.force.sync.num = 128 (default)
2019-09-26 13:36:16,354 [pool-47-thread-1] INFO  server.RaftServerConfigKeys (ConfUtils.java:logGet(43)) - raft.server.log.statemachine.data.sync = true (default)
2019-09-26 13:36:16,354 [pool-47-thread-1] INFO  server.RaftServerConfigKeys (ConfUtils.java:logGet(43)) - raft.server.log.statemachine.data.sync.timeout = 10s (default)
2019-09-26 13:36:16,354 [pool-47-thread-1] INFO  server.RaftServerConfigKeys (ConfUtils.java:logGet(43)) - raft.server.log.statemachine.data.sync.timeout.retry = -1 (default)
2019-09-26 13:36:16,355 [pool-47-thread-1] INFO  server.RaftServerConfigKeys (ConfUtils.java:logGet(43)) - raft.server.log.statemachine.data.caching.enabled = true (custom)
2019-09-26 13:36:16,355 [pool-47-thread-1] INFO  segmented.SegmentedRaftLogWorker (SegmentedRaftLogWorker.java:lambda$new$0(132)) - 1d0de9a6-3b8a-4f01-86ad-2ac4521aa9e5@group-B999D4577B51-SegmentedRaftLogWorker: flushIndex: setUnconditionally 0 -> -1
2019-09-26 13:36:16,355 [pool-47-thread-1] INFO  server.RaftServerConfigKeys (ConfUtils.java:logGet(43)) - raft.server.snapshot.auto.trigger.enabled = true (custom)
2019-09-26 13:36:16,355 [pool-47-thread-1] INFO  server.RaftServerConfigKeys (ConfUtils.java:logGet(43)) - raft.server.snapshot.auto.trigger.threshold = 10000 (custom)
2019-09-26 13:36:16,355 [pool-47-thread-1] INFO  server.RaftServerConfigKeys (ConfUtils.java:logGet(43)) - raft.server.snapshot.retention.num.files = 5 (custom)
2019-09-26 13:36:16,356 [pool-47-thread-1] INFO  server.RaftServerConfigKeys (ConfUtils.java:logGet(43)) - raft.server.retrycache.expirytime = 600000ms (custom)
2019-09-26 13:36:16,358 [pool-47-thread-1] INFO  impl.RaftServerImpl (RaftServerImpl.java:start(185)) - 1d0de9a6-3b8a-4f01-86ad-2ac4521aa9e5@group-B999D4577B51: start as a follower, conf=-1: [1d0de9a6-3b8a-4f01-86ad-2ac4521aa9e5:192.168.164.238:45430], old=null
2019-09-26 13:36:16,358 [pool-47-thread-1] INFO  impl.RaftServerImpl (RaftServerImpl.java:setRole(174)) - 1d0de9a6-3b8a-4f01-86ad-2ac4521aa9e5@group-B999D4577B51: changes role from      null to FOLLOWER at term 0 for startAsFollower
2019-09-26 13:36:16,358 [pool-47-thread-1] INFO  impl.RoleInfo (RoleInfo.java:updateAndGet(143)) - 1d0de9a6-3b8a-4f01-86ad-2ac4521aa9e5: start FollowerState
2019-09-26 13:36:16,359 [pool-47-thread-1] INFO  util.JmxRegister (JmxRegister.java:tryRegister(44)) - Successfully registered JMX Bean with object name Ratis:service=RaftServer,group=group-B999D4577B51,id=1d0de9a6-3b8a-4f01-86ad-2ac4521aa9e5
2019-09-26 13:36:16,367 [RatisPipelineUtilsThread] INFO  pipeline.PipelineStateManager (PipelineStateManager.java:addPipeline(56)) - Created pipeline Pipeline[ Id: bfd0530e-2302-427e-9bdf-b999d4577b51, Nodes: 1d0de9a6-3b8a-4f01-86ad-2ac4521aa9e5{ip: 192.168.164.238, host: pr-hdds-1569-87zkn-1081879488, networkLocation: /default-rack, certSerialId: null}, Type:RATIS, Factor:ONE, State:OPEN]
2019-09-26 13:36:16,377 [grpc-default-executor-0] INFO  impl.RaftServerProxy (RaftServerProxy.java:addNew(89)) - 782e32e3-c0a7-42e5-b748-90e00549b00d: addNew group-48C9BBFE48AE:[782e32e3-c0a7-42e5-b748-90e00549b00d:192.168.164.238:33921] returns group-48C9BBFE48AE:java.util.concurrent.CompletableFuture@57a93006[Not completed]
2019-09-26 13:36:16,379 [pool-57-thread-1] INFO  impl.RaftServerImpl (RaftServerImpl.java:<init>(95)) - 782e32e3-c0a7-42e5-b748-90e00549b00d: new RaftServerImpl for group-48C9BBFE48AE:[782e32e3-c0a7-42e5-b748-90e00549b00d:192.168.164.238:33921] with ContainerStateMachine:uninitialized
2019-09-26 13:36:16,380 [pool-57-thread-1] INFO  server.RaftServerConfigKeys (ConfUtils.java:logGet(43)) - raft.server.rpc.timeout.min = 5s (custom)
2019-09-26 13:36:16,380 [pool-57-thread-1] INFO  server.RaftServerConfigKeys (ConfUtils.java:logGet(43)) - raft.server.rpc.timeout.max = 5200ms (custom)
2019-09-26 13:36:16,380 [pool-57-thread-1] INFO  server.RaftServerConfigKeys (ConfUtils.java:logGet(43)) - raft.server.rpcslowness.timeout = 120s (custom)
2019-09-26 13:36:16,380 [pool-57-thread-1] INFO  server.RaftServerConfigKeys (ConfUtils.java:logGet(43)) - raft.server.sleep.deviation.threshold = 300 (default)
2019-09-26 13:36:16,380 [pool-57-thread-1] INFO  server.RaftServerConfigKeys (ConfUtils.java:logGet(43)) - raft.server.log.appender.install.snapshot.enabled = false (custom)
2019-09-26 13:36:16,381 [pool-57-thread-1] INFO  impl.RaftServerImpl (ServerState.java:<init>(103)) - 782e32e3-c0a7-42e5-b748-90e00549b00d@group-48C9BBFE48AE: ConfigurationManager, init=-1: [782e32e3-c0a7-42e5-b748-90e00549b00d:192.168.164.238:33921], old=null, confs=<EMPTY_MAP>
2019-09-26 13:36:16,381 [pool-57-thread-1] INFO  server.RaftServerConfigKeys (ConfUtils.java:logGet(43)) - raft.server.storage.dir = [/workdir/hadoop-ozone/tools/target/test-dir/MiniOzoneClusterImpl-9370444f-6a38-4216-baa9-a19329eb6ac6/datanode-3/data/ratis] (custom)
2019-09-26 13:36:16,382 [pool-57-thread-1] INFO  storage.RaftStorageDirectory (RaftStorageDirectory.java:analyzeStorage(246)) - The storage directory /workdir/hadoop-ozone/tools/target/test-dir/MiniOzoneClusterImpl-9370444f-6a38-4216-baa9-a19329eb6ac6/datanode-3/data/ratis/ddc5c7b5-7868-4de4-b00b-48c9bbfe48ae does not exist. Creating ...
2019-09-26 13:36:16,395 [pool-57-thread-1] INFO  storage.RaftStorageDirectory (RaftStorageDirectory.java:tryLock(328)) - Lock on /workdir/hadoop-ozone/tools/target/test-dir/MiniOzoneClusterImpl-9370444f-6a38-4216-baa9-a19329eb6ac6/datanode-3/data/ratis/ddc5c7b5-7868-4de4-b00b-48c9bbfe48ae/in_use.lock acquired by nodename 19660@pr-hdds-1569-87zkn-1081879488
2019-09-26 13:36:16,416 [pool-57-thread-1] INFO  storage.RaftStorage (RaftStorage.java:format(72)) - Storage directory /workdir/hadoop-ozone/tools/target/test-dir/MiniOzoneClusterImpl-9370444f-6a38-4216-baa9-a19329eb6ac6/datanode-3/data/ratis/ddc5c7b5-7868-4de4-b00b-48c9bbfe48ae has been successfully formatted.
2019-09-26 13:36:16,416 [pool-57-thread-1] INFO  ratis.ContainerStateMachine (ContainerStateMachine.java:loadSnapshot(230)) - group-48C9BBFE48AE: The snapshot info is null. Setting the last applied indexto:(t:0, i:~)
2019-09-26 13:36:16,416 [pool-57-thread-1] INFO  server.RaftServerConfigKeys (ConfUtils.java:logGet(43)) - raft.server.notification.no-leader.timeout = 120s (custom)
2019-09-26 13:36:16,417 [pool-57-thread-1] INFO  server.RaftServerConfigKeys (ConfUtils.java:logGet(43)) - raft.server.log.use.memory = false (default)
2019-09-26 13:36:16,417 [pool-57-thread-1] INFO  server.RaftServerConfigKeys (ConfUtils.java:logGet(43)) - raft.server.log.purge.gap = 1000000 (custom)
2019-09-26 13:36:16,417 [pool-57-thread-1] INFO  server.RaftServerConfigKeys (ConfUtils.java:logGet(43)) - raft.server.log.appender.buffer.byte-limit = 33554432 (custom)
2019-09-26 13:36:16,417 [pool-57-thread-1] INFO  server.RaftServerConfigKeys (ConfUtils.java:logGet(43)) - raft.server.log.segment.size.max = 1048576 (custom)
2019-09-26 13:36:16,418 [pool-57-thread-1] INFO  server.RaftServerConfigKeys (ConfUtils.java:logGet(43)) - raft.server.log.segment.cache.num.max = 2 (custom)
2019-09-26 13:36:16,418 [pool-57-thread-1] INFO  segmented.SegmentedRaftLogWorker (SegmentedRaftLogWorker.java:<init>(172)) - new 782e32e3-c0a7-42e5-b748-90e00549b00d@group-48C9BBFE48AE-SegmentedRaftLogWorker for RaftStorage:Storage Directory /workdir/hadoop-ozone/tools/target/test-dir/MiniOzoneClusterImpl-9370444f-6a38-4216-baa9-a19329eb6ac6/datanode-3/data/ratis/ddc5c7b5-7868-4de4-b00b-48c9bbfe48ae
2019-09-26 13:36:16,418 [pool-57-thread-1] INFO  server.RaftServerConfigKeys (ConfUtils.java:logGet(43)) - raft.server.log.queue.byte-limit = 2147483647 (custom)
2019-09-26 13:36:16,418 [pool-57-thread-1] INFO  server.RaftServerConfigKeys (ConfUtils.java:logGet(43)) - raft.server.log.queue.element-limit = 1024 (custom)
2019-09-26 13:36:16,418 [pool-57-thread-1] INFO  server.RaftServerConfigKeys (ConfUtils.java:logGet(43)) - raft.server.log.segment.size.max = 1048576 (custom)
2019-09-26 13:36:16,419 [pool-57-thread-1] INFO  server.RaftServerConfigKeys (ConfUtils.java:logGet(43)) - raft.server.log.preallocated.size = 16384 (custom)
2019-09-26 13:36:16,419 [pool-57-thread-1] INFO  server.RaftServerConfigKeys (ConfUtils.java:logGet(43)) - raft.server.log.write.buffer.size = 33554432 (custom)
2019-09-26 13:36:16,419 [pool-57-thread-1] INFO  server.RaftServerConfigKeys (ConfUtils.java:logGet(43)) - raft.server.log.force.sync.num = 128 (default)
2019-09-26 13:36:16,419 [pool-57-thread-1] INFO  server.RaftServerConfigKeys (ConfUtils.java:logGet(43)) - raft.server.log.statemachine.data.sync = true (default)
2019-09-26 13:36:16,420 [pool-57-thread-1] INFO  server.RaftServerConfigKeys (ConfUtils.java:logGet(43)) - raft.server.log.statemachine.data.sync.timeout = 10s (default)
2019-09-26 13:36:16,420 [pool-57-thread-1] INFO  server.RaftServerConfigKeys (ConfUtils.java:logGet(43)) - raft.server.log.statemachine.data.sync.timeout.retry = -1 (default)
2019-09-26 13:36:16,420 [pool-57-thread-1] INFO  server.RaftServerConfigKeys (ConfUtils.java:logGet(43)) - raft.server.log.statemachine.data.caching.enabled = true (custom)
2019-09-26 13:36:16,420 [pool-57-thread-1] INFO  segmented.SegmentedRaftLogWorker (SegmentedRaftLogWorker.java:lambda$new$0(132)) - 782e32e3-c0a7-42e5-b748-90e00549b00d@group-48C9BBFE48AE-SegmentedRaftLogWorker: flushIndex: setUnconditionally 0 -> -1
2019-09-26 13:36:16,421 [pool-57-thread-1] INFO  server.RaftServerConfigKeys (ConfUtils.java:logGet(43)) - raft.server.snapshot.auto.trigger.enabled = true (custom)
2019-09-26 13:36:16,421 [pool-57-thread-1] INFO  server.RaftServerConfigKeys (ConfUtils.java:logGet(43)) - raft.server.snapshot.auto.trigger.threshold = 10000 (custom)
2019-09-26 13:36:16,421 [pool-57-thread-1] INFO  server.RaftServerConfigKeys (ConfUtils.java:logGet(43)) - raft.server.snapshot.retention.num.files = 5 (custom)
2019-09-26 13:36:16,421 [pool-57-thread-1] INFO  server.RaftServerConfigKeys (ConfUtils.java:logGet(43)) - raft.server.retrycache.expirytime = 600000ms (custom)
2019-09-26 13:36:16,425 [pool-57-thread-1] INFO  impl.RaftServerImpl (RaftServerImpl.java:start(185)) - 782e32e3-c0a7-42e5-b748-90e00549b00d@group-48C9BBFE48AE: start as a follower, conf=-1: [782e32e3-c0a7-42e5-b748-90e00549b00d:192.168.164.238:33921], old=null
2019-09-26 13:36:16,425 [pool-57-thread-1] INFO  impl.RaftServerImpl (RaftServerImpl.java:setRole(174)) - 782e32e3-c0a7-42e5-b748-90e00549b00d@group-48C9BBFE48AE: changes role from      null to FOLLOWER at term 0 for startAsFollower
2019-09-26 13:36:16,425 [pool-57-thread-1] INFO  impl.RoleInfo (RoleInfo.java:updateAndGet(143)) - 782e32e3-c0a7-42e5-b748-90e00549b00d: start FollowerState
2019-09-26 13:36:16,426 [pool-57-thread-1] INFO  util.JmxRegister (JmxRegister.java:tryRegister(44)) - Successfully registered JMX Bean with object name Ratis:service=RaftServer,group=group-48C9BBFE48AE,id=782e32e3-c0a7-42e5-b748-90e00549b00d
2019-09-26 13:36:16,436 [RatisPipelineUtilsThread] INFO  pipeline.PipelineStateManager (PipelineStateManager.java:addPipeline(56)) - Created pipeline Pipeline[ Id: ddc5c7b5-7868-4de4-b00b-48c9bbfe48ae, Nodes: 782e32e3-c0a7-42e5-b748-90e00549b00d{ip: 192.168.164.238, host: pr-hdds-1569-87zkn-1081879488, networkLocation: /default-rack, certSerialId: null}, Type:RATIS, Factor:ONE, State:OPEN]
2019-09-26 13:36:16,448 [grpc-default-executor-0] INFO  impl.RaftServerProxy (RaftServerProxy.java:addNew(89)) - 346062cc-ad15-42e2-9beb-d47eb155c827: addNew group-7FD4710F428A:[346062cc-ad15-42e2-9beb-d47eb155c827:192.168.164.238:43674] returns group-7FD4710F428A:java.util.concurrent.CompletableFuture@6ffa7a2b[Not completed]
2019-09-26 13:36:16,450 [pool-67-thread-1] INFO  impl.RaftServerImpl (RaftServerImpl.java:<init>(95)) - 346062cc-ad15-42e2-9beb-d47eb155c827: new RaftServerImpl for group-7FD4710F428A:[346062cc-ad15-42e2-9beb-d47eb155c827:192.168.164.238:43674] with ContainerStateMachine:uninitialized
2019-09-26 13:36:16,450 [pool-67-thread-1] INFO  server.RaftServerConfigKeys (ConfUtils.java:logGet(43)) - raft.server.rpc.timeout.min = 5s (custom)
2019-09-26 13:36:16,450 [pool-67-thread-1] INFO  server.RaftServerConfigKeys (ConfUtils.java:logGet(43)) - raft.server.rpc.timeout.max = 5200ms (custom)
2019-09-26 13:36:16,451 [pool-67-thread-1] INFO  server.RaftServerConfigKeys (ConfUtils.java:logGet(43)) - raft.server.rpcslowness.timeout = 120s (custom)
2019-09-26 13:36:16,451 [pool-67-thread-1] INFO  server.RaftServerConfigKeys (ConfUtils.java:logGet(43)) - raft.server.sleep.deviation.threshold = 300 (default)
2019-09-26 13:36:16,451 [pool-67-thread-1] INFO  server.RaftServerConfigKeys (ConfUtils.java:logGet(43)) - raft.server.log.appender.install.snapshot.enabled = false (custom)
2019-09-26 13:36:16,451 [pool-67-thread-1] INFO  impl.RaftServerImpl (ServerState.java:<init>(103)) - 346062cc-ad15-42e2-9beb-d47eb155c827@group-7FD4710F428A: ConfigurationManager, init=-1: [346062cc-ad15-42e2-9beb-d47eb155c827:192.168.164.238:43674], old=null, confs=<EMPTY_MAP>
2019-09-26 13:36:16,451 [pool-67-thread-1] INFO  server.RaftServerConfigKeys (ConfUtils.java:logGet(43)) - raft.server.storage.dir = [/workdir/hadoop-ozone/tools/target/test-dir/MiniOzoneClusterImpl-9370444f-6a38-4216-baa9-a19329eb6ac6/datanode-4/data/ratis] (custom)
2019-09-26 13:36:16,452 [pool-67-thread-1] INFO  storage.RaftStorageDirectory (RaftStorageDirectory.java:analyzeStorage(246)) - The storage directory /workdir/hadoop-ozone/tools/target/test-dir/MiniOzoneClusterImpl-9370444f-6a38-4216-baa9-a19329eb6ac6/datanode-4/data/ratis/5a0de428-607d-4628-bb0f-7fd4710f428a does not exist. Creating ...
2019-09-26 13:36:16,465 [pool-67-thread-1] INFO  storage.RaftStorageDirectory (RaftStorageDirectory.java:tryLock(328)) - Lock on /workdir/hadoop-ozone/tools/target/test-dir/MiniOzoneClusterImpl-9370444f-6a38-4216-baa9-a19329eb6ac6/datanode-4/data/ratis/5a0de428-607d-4628-bb0f-7fd4710f428a/in_use.lock acquired by nodename 19660@pr-hdds-1569-87zkn-1081879488
2019-09-26 13:36:16,477 [pool-67-thread-1] INFO  storage.RaftStorage (RaftStorage.java:format(72)) - Storage directory /workdir/hadoop-ozone/tools/target/test-dir/MiniOzoneClusterImpl-9370444f-6a38-4216-baa9-a19329eb6ac6/datanode-4/data/ratis/5a0de428-607d-4628-bb0f-7fd4710f428a has been successfully formatted.
2019-09-26 13:36:16,478 [pool-67-thread-1] INFO  ratis.ContainerStateMachine (ContainerStateMachine.java:loadSnapshot(230)) - group-7FD4710F428A: The snapshot info is null. Setting the last applied indexto:(t:0, i:~)
2019-09-26 13:36:16,478 [pool-67-thread-1] INFO  server.RaftServerConfigKeys (ConfUtils.java:logGet(43)) - raft.server.notification.no-leader.timeout = 120s (custom)
2019-09-26 13:36:16,478 [pool-67-thread-1] INFO  server.RaftServerConfigKeys (ConfUtils.java:logGet(43)) - raft.server.log.use.memory = false (default)
2019-09-26 13:36:16,478 [pool-67-thread-1] INFO  server.RaftServerConfigKeys (ConfUtils.java:logGet(43)) - raft.server.log.purge.gap = 1000000 (custom)
2019-09-26 13:36:16,478 [pool-67-thread-1] INFO  server.RaftServerConfigKeys (ConfUtils.java:logGet(43)) - raft.server.log.appender.buffer.byte-limit = 33554432 (custom)
2019-09-26 13:36:16,479 [pool-67-thread-1] INFO  server.RaftServerConfigKeys (ConfUtils.java:logGet(43)) - raft.server.log.segment.size.max = 1048576 (custom)
2019-09-26 13:36:16,479 [pool-67-thread-1] INFO  server.RaftServerConfigKeys (ConfUtils.java:logGet(43)) - raft.server.log.segment.cache.num.max = 2 (custom)
2019-09-26 13:36:16,479 [pool-67-thread-1] INFO  segmented.SegmentedRaftLogWorker (SegmentedRaftLogWorker.java:<init>(172)) - new 346062cc-ad15-42e2-9beb-d47eb155c827@group-7FD4710F428A-SegmentedRaftLogWorker for RaftStorage:Storage Directory /workdir/hadoop-ozone/tools/target/test-dir/MiniOzoneClusterImpl-9370444f-6a38-4216-baa9-a19329eb6ac6/datanode-4/data/ratis/5a0de428-607d-4628-bb0f-7fd4710f428a
2019-09-26 13:36:16,479 [pool-67-thread-1] INFO  server.RaftServerConfigKeys (ConfUtils.java:logGet(43)) - raft.server.log.queue.byte-limit = 2147483647 (custom)
2019-09-26 13:36:16,479 [pool-67-thread-1] INFO  server.RaftServerConfigKeys (ConfUtils.java:logGet(43)) - raft.server.log.queue.element-limit = 1024 (custom)
2019-09-26 13:36:16,480 [pool-67-thread-1] INFO  server.RaftServerConfigKeys (ConfUtils.java:logGet(43)) - raft.server.log.segment.size.max = 1048576 (custom)
2019-09-26 13:36:16,480 [pool-67-thread-1] INFO  server.RaftServerConfigKeys (ConfUtils.java:logGet(43)) - raft.server.log.preallocated.size = 16384 (custom)
2019-09-26 13:36:16,480 [pool-67-thread-1] INFO  server.RaftServerConfigKeys (ConfUtils.java:logGet(43)) - raft.server.log.write.buffer.size = 33554432 (custom)
2019-09-26 13:36:16,480 [pool-67-thread-1] INFO  server.RaftServerConfigKeys (ConfUtils.java:logGet(43)) - raft.server.log.force.sync.num = 128 (default)
2019-09-26 13:36:16,480 [pool-67-thread-1] INFO  server.RaftServerConfigKeys (ConfUtils.java:logGet(43)) - raft.server.log.statemachine.data.sync = true (default)
2019-09-26 13:36:16,480 [pool-67-thread-1] INFO  server.RaftServerConfigKeys (ConfUtils.java:logGet(43)) - raft.server.log.statemachine.data.sync.timeout = 10s (default)
2019-09-26 13:36:16,480 [pool-67-thread-1] INFO  server.RaftServerConfigKeys (ConfUtils.java:logGet(43)) - raft.server.log.statemachine.data.sync.timeout.retry = -1 (default)
2019-09-26 13:36:16,481 [pool-67-thread-1] INFO  server.RaftServerConfigKeys (ConfUtils.java:logGet(43)) - raft.server.log.statemachine.data.caching.enabled = true (custom)
2019-09-26 13:36:16,481 [pool-67-thread-1] INFO  segmented.SegmentedRaftLogWorker (SegmentedRaftLogWorker.java:lambda$new$0(132)) - 346062cc-ad15-42e2-9beb-d47eb155c827@group-7FD4710F428A-SegmentedRaftLogWorker: flushIndex: setUnconditionally 0 -> -1
2019-09-26 13:36:16,481 [pool-67-thread-1] INFO  server.RaftServerConfigKeys (ConfUtils.java:logGet(43)) - raft.server.snapshot.auto.trigger.enabled = true (custom)
2019-09-26 13:36:16,482 [pool-67-thread-1] INFO  server.RaftServerConfigKeys (ConfUtils.java:logGet(43)) - raft.server.snapshot.auto.trigger.threshold = 10000 (custom)
2019-09-26 13:36:16,482 [pool-67-thread-1] INFO  server.RaftServerConfigKeys (ConfUtils.java:logGet(43)) - raft.server.snapshot.retention.num.files = 5 (custom)
2019-09-26 13:36:16,482 [pool-67-thread-1] INFO  server.RaftServerConfigKeys (ConfUtils.java:logGet(43)) - raft.server.retrycache.expirytime = 600000ms (custom)
2019-09-26 13:36:16,484 [pool-67-thread-1] INFO  impl.RaftServerImpl (RaftServerImpl.java:start(185)) - 346062cc-ad15-42e2-9beb-d47eb155c827@group-7FD4710F428A: start as a follower, conf=-1: [346062cc-ad15-42e2-9beb-d47eb155c827:192.168.164.238:43674], old=null
2019-09-26 13:36:16,485 [pool-67-thread-1] INFO  impl.RaftServerImpl (RaftServerImpl.java:setRole(174)) - 346062cc-ad15-42e2-9beb-d47eb155c827@group-7FD4710F428A: changes role from      null to FOLLOWER at term 0 for startAsFollower
2019-09-26 13:36:16,485 [pool-67-thread-1] INFO  impl.RoleInfo (RoleInfo.java:updateAndGet(143)) - 346062cc-ad15-42e2-9beb-d47eb155c827: start FollowerState
2019-09-26 13:36:16,485 [pool-67-thread-1] INFO  util.JmxRegister (JmxRegister.java:tryRegister(44)) - Successfully registered JMX Bean with object name Ratis:service=RaftServer,group=group-7FD4710F428A,id=346062cc-ad15-42e2-9beb-d47eb155c827
2019-09-26 13:36:16,498 [RatisPipelineUtilsThread] INFO  pipeline.PipelineStateManager (PipelineStateManager.java:addPipeline(56)) - Created pipeline Pipeline[ Id: 5a0de428-607d-4628-bb0f-7fd4710f428a, Nodes: 346062cc-ad15-42e2-9beb-d47eb155c827{ip: 192.168.164.238, host: pr-hdds-1569-87zkn-1081879488, networkLocation: /default-rack, certSerialId: null}, Type:RATIS, Factor:ONE, State:OPEN]
2019-09-26 13:36:16,513 [grpc-default-executor-0] INFO  impl.RaftServerProxy (RaftServerProxy.java:addNew(89)) - 346062cc-ad15-42e2-9beb-d47eb155c827: addNew group-A6FBD92DBE51:[346062cc-ad15-42e2-9beb-d47eb155c827:192.168.164.238:43674] returns group-A6FBD92DBE51:java.util.concurrent.CompletableFuture@1850e4c0[Not completed]
2019-09-26 13:36:16,515 [pool-67-thread-1] INFO  impl.RaftServerImpl (RaftServerImpl.java:<init>(95)) - 346062cc-ad15-42e2-9beb-d47eb155c827: new RaftServerImpl for group-A6FBD92DBE51:[346062cc-ad15-42e2-9beb-d47eb155c827:192.168.164.238:43674] with ContainerStateMachine:uninitialized
2019-09-26 13:36:16,515 [pool-67-thread-1] INFO  server.RaftServerConfigKeys (ConfUtils.java:logGet(43)) - raft.server.rpc.timeout.min = 5s (custom)
2019-09-26 13:36:16,515 [pool-67-thread-1] INFO  server.RaftServerConfigKeys (ConfUtils.java:logGet(43)) - raft.server.rpc.timeout.max = 5200ms (custom)
2019-09-26 13:36:16,516 [pool-67-thread-1] INFO  server.RaftServerConfigKeys (ConfUtils.java:logGet(43)) - raft.server.rpcslowness.timeout = 120s (custom)
2019-09-26 13:36:16,516 [pool-67-thread-1] INFO  server.RaftServerConfigKeys (ConfUtils.java:logGet(43)) - raft.server.sleep.deviation.threshold = 300 (default)
2019-09-26 13:36:16,516 [pool-67-thread-1] INFO  server.RaftServerConfigKeys (ConfUtils.java:logGet(43)) - raft.server.log.appender.install.snapshot.enabled = false (custom)
2019-09-26 13:36:16,516 [pool-67-thread-1] INFO  impl.RaftServerImpl (ServerState.java:<init>(103)) - 346062cc-ad15-42e2-9beb-d47eb155c827@group-A6FBD92DBE51: ConfigurationManager, init=-1: [346062cc-ad15-42e2-9beb-d47eb155c827:192.168.164.238:43674], old=null, confs=<EMPTY_MAP>
2019-09-26 13:36:16,516 [pool-67-thread-1] INFO  server.RaftServerConfigKeys (ConfUtils.java:logGet(43)) - raft.server.storage.dir = [/workdir/hadoop-ozone/tools/target/test-dir/MiniOzoneClusterImpl-9370444f-6a38-4216-baa9-a19329eb6ac6/datanode-4/data/ratis] (custom)
2019-09-26 13:36:16,517 [pool-67-thread-1] INFO  storage.RaftStorageDirectory (RaftStorageDirectory.java:analyzeStorage(246)) - The storage directory /workdir/hadoop-ozone/tools/target/test-dir/MiniOzoneClusterImpl-9370444f-6a38-4216-baa9-a19329eb6ac6/datanode-4/data/ratis/43ef8a28-7c07-447e-adf4-a6fbd92dbe51 does not exist. Creating ...
2019-09-26 13:36:16,530 [pool-67-thread-1] INFO  storage.RaftStorageDirectory (RaftStorageDirectory.java:tryLock(328)) - Lock on /workdir/hadoop-ozone/tools/target/test-dir/MiniOzoneClusterImpl-9370444f-6a38-4216-baa9-a19329eb6ac6/datanode-4/data/ratis/43ef8a28-7c07-447e-adf4-a6fbd92dbe51/in_use.lock acquired by nodename 19660@pr-hdds-1569-87zkn-1081879488
2019-09-26 13:36:16,543 [pool-67-thread-1] INFO  storage.RaftStorage (RaftStorage.java:format(72)) - Storage directory /workdir/hadoop-ozone/tools/target/test-dir/MiniOzoneClusterImpl-9370444f-6a38-4216-baa9-a19329eb6ac6/datanode-4/data/ratis/43ef8a28-7c07-447e-adf4-a6fbd92dbe51 has been successfully formatted.
2019-09-26 13:36:16,544 [pool-67-thread-1] INFO  ratis.ContainerStateMachine (ContainerStateMachine.java:loadSnapshot(230)) - group-A6FBD92DBE51: The snapshot info is null. Setting the last applied indexto:(t:0, i:~)
2019-09-26 13:36:16,544 [pool-67-thread-1] INFO  server.RaftServerConfigKeys (ConfUtils.java:logGet(43)) - raft.server.notification.no-leader.timeout = 120s (custom)
2019-09-26 13:36:16,544 [pool-67-thread-1] INFO  server.RaftServerConfigKeys (ConfUtils.java:logGet(43)) - raft.server.log.use.memory = false (default)
2019-09-26 13:36:16,544 [pool-67-thread-1] INFO  server.RaftServerConfigKeys (ConfUtils.java:logGet(43)) - raft.server.log.purge.gap = 1000000 (custom)
2019-09-26 13:36:16,544 [pool-67-thread-1] INFO  server.RaftServerConfigKeys (ConfUtils.java:logGet(43)) - raft.server.log.appender.buffer.byte-limit = 33554432 (custom)
2019-09-26 13:36:16,544 [pool-67-thread-1] INFO  server.RaftServerConfigKeys (ConfUtils.java:logGet(43)) - raft.server.log.segment.size.max = 1048576 (custom)
2019-09-26 13:36:16,545 [pool-67-thread-1] INFO  server.RaftServerConfigKeys (ConfUtils.java:logGet(43)) - raft.server.log.segment.cache.num.max = 2 (custom)
2019-09-26 13:36:16,545 [pool-67-thread-1] INFO  segmented.SegmentedRaftLogWorker (SegmentedRaftLogWorker.java:<init>(172)) - new 346062cc-ad15-42e2-9beb-d47eb155c827@group-A6FBD92DBE51-SegmentedRaftLogWorker for RaftStorage:Storage Directory /workdir/hadoop-ozone/tools/target/test-dir/MiniOzoneClusterImpl-9370444f-6a38-4216-baa9-a19329eb6ac6/datanode-4/data/ratis/43ef8a28-7c07-447e-adf4-a6fbd92dbe51
2019-09-26 13:36:16,545 [pool-67-thread-1] INFO  server.RaftServerConfigKeys (ConfUtils.java:logGet(43)) - raft.server.log.queue.byte-limit = 2147483647 (custom)
2019-09-26 13:36:16,545 [pool-67-thread-1] INFO  server.RaftServerConfigKeys (ConfUtils.java:logGet(43)) - raft.server.log.queue.element-limit = 1024 (custom)
2019-09-26 13:36:16,545 [pool-67-thread-1] INFO  server.RaftServerConfigKeys (ConfUtils.java:logGet(43)) - raft.server.log.segment.size.max = 1048576 (custom)
2019-09-26 13:36:16,545 [pool-67-thread-1] INFO  server.RaftServerConfigKeys (ConfUtils.java:logGet(43)) - raft.server.log.preallocated.size = 16384 (custom)
2019-09-26 13:36:16,546 [pool-67-thread-1] INFO  server.RaftServerConfigKeys (ConfUtils.java:logGet(43)) - raft.server.log.write.buffer.size = 33554432 (custom)
2019-09-26 13:36:16,546 [pool-67-thread-1] INFO  server.RaftServerConfigKeys (ConfUtils.java:logGet(43)) - raft.server.log.force.sync.num = 128 (default)
2019-09-26 13:36:16,546 [pool-67-thread-1] INFO  server.RaftServerConfigKeys (ConfUtils.java:logGet(43)) - raft.server.log.statemachine.data.sync = true (default)
2019-09-26 13:36:16,546 [pool-67-thread-1] INFO  server.RaftServerConfigKeys (ConfUtils.java:logGet(43)) - raft.server.log.statemachine.data.sync.timeout = 10s (default)
2019-09-26 13:36:16,546 [pool-67-thread-1] INFO  server.RaftServerConfigKeys (ConfUtils.java:logGet(43)) - raft.server.log.statemachine.data.sync.timeout.retry = -1 (default)
2019-09-26 13:36:16,546 [pool-67-thread-1] INFO  server.RaftServerConfigKeys (ConfUtils.java:logGet(43)) - raft.server.log.statemachine.data.caching.enabled = true (custom)
2019-09-26 13:36:16,547 [pool-67-thread-1] INFO  segmented.SegmentedRaftLogWorker (SegmentedRaftLogWorker.java:lambda$new$0(132)) - 346062cc-ad15-42e2-9beb-d47eb155c827@group-A6FBD92DBE51-SegmentedRaftLogWorker: flushIndex: setUnconditionally 0 -> -1
2019-09-26 13:36:16,547 [pool-67-thread-1] INFO  server.RaftServerConfigKeys (ConfUtils.java:logGet(43)) - raft.server.snapshot.auto.trigger.enabled = true (custom)
2019-09-26 13:36:16,547 [pool-67-thread-1] INFO  server.RaftServerConfigKeys (ConfUtils.java:logGet(43)) - raft.server.snapshot.auto.trigger.threshold = 10000 (custom)
2019-09-26 13:36:16,547 [pool-67-thread-1] INFO  server.RaftServerConfigKeys (ConfUtils.java:logGet(43)) - raft.server.snapshot.retention.num.files = 5 (custom)
2019-09-26 13:36:16,548 [pool-67-thread-1] INFO  server.RaftServerConfigKeys (ConfUtils.java:logGet(43)) - raft.server.retrycache.expirytime = 600000ms (custom)
2019-09-26 13:36:16,550 [pool-67-thread-1] INFO  impl.RaftServerImpl (RaftServerImpl.java:start(185)) - 346062cc-ad15-42e2-9beb-d47eb155c827@group-A6FBD92DBE51: start as a follower, conf=-1: [346062cc-ad15-42e2-9beb-d47eb155c827:192.168.164.238:43674], old=null
2019-09-26 13:36:16,551 [pool-67-thread-1] INFO  impl.RaftServerImpl (RaftServerImpl.java:setRole(174)) - 346062cc-ad15-42e2-9beb-d47eb155c827@group-A6FBD92DBE51: changes role from      null to FOLLOWER at term 0 for startAsFollower
2019-09-26 13:36:16,551 [pool-67-thread-1] INFO  impl.RoleInfo (RoleInfo.java:updateAndGet(143)) - 346062cc-ad15-42e2-9beb-d47eb155c827: start FollowerState
2019-09-26 13:36:16,551 [pool-67-thread-1] INFO  util.JmxRegister (JmxRegister.java:tryRegister(44)) - Successfully registered JMX Bean with object name Ratis:service=RaftServer,group=group-A6FBD92DBE51,id=346062cc-ad15-42e2-9beb-d47eb155c827
2019-09-26 13:36:16,562 [RatisPipelineUtilsThread] INFO  pipeline.PipelineStateManager (PipelineStateManager.java:addPipeline(56)) - Created pipeline Pipeline[ Id: 43ef8a28-7c07-447e-adf4-a6fbd92dbe51, Nodes: 346062cc-ad15-42e2-9beb-d47eb155c827{ip: 192.168.164.238, host: pr-hdds-1569-87zkn-1081879488, networkLocation: /default-rack, certSerialId: null}, Type:RATIS, Factor:ONE, State:OPEN]
2019-09-26 13:36:16,577 [grpc-default-executor-0] INFO  impl.RaftServerProxy (RaftServerProxy.java:addNew(89)) - 1d0de9a6-3b8a-4f01-86ad-2ac4521aa9e5: addNew group-314FAC5B4C1E:[1d0de9a6-3b8a-4f01-86ad-2ac4521aa9e5:192.168.164.238:45430] returns group-314FAC5B4C1E:java.util.concurrent.CompletableFuture@7992d86f[Not completed]
2019-09-26 13:36:16,579 [pool-47-thread-1] INFO  impl.RaftServerImpl (RaftServerImpl.java:<init>(95)) - 1d0de9a6-3b8a-4f01-86ad-2ac4521aa9e5: new RaftServerImpl for group-314FAC5B4C1E:[1d0de9a6-3b8a-4f01-86ad-2ac4521aa9e5:192.168.164.238:45430] with ContainerStateMachine:uninitialized
2019-09-26 13:36:16,579 [pool-47-thread-1] INFO  server.RaftServerConfigKeys (ConfUtils.java:logGet(43)) - raft.server.rpc.timeout.min = 5s (custom)
2019-09-26 13:36:16,580 [pool-47-thread-1] INFO  server.RaftServerConfigKeys (ConfUtils.java:logGet(43)) - raft.server.rpc.timeout.max = 5200ms (custom)
2019-09-26 13:36:16,580 [pool-47-thread-1] INFO  server.RaftServerConfigKeys (ConfUtils.java:logGet(43)) - raft.server.rpcslowness.timeout = 120s (custom)
2019-09-26 13:36:16,580 [pool-47-thread-1] INFO  server.RaftServerConfigKeys (ConfUtils.java:logGet(43)) - raft.server.sleep.deviation.threshold = 300 (default)
2019-09-26 13:36:16,580 [pool-47-thread-1] INFO  server.RaftServerConfigKeys (ConfUtils.java:logGet(43)) - raft.server.log.appender.install.snapshot.enabled = false (custom)
2019-09-26 13:36:16,580 [pool-47-thread-1] INFO  impl.RaftServerImpl (ServerState.java:<init>(103)) - 1d0de9a6-3b8a-4f01-86ad-2ac4521aa9e5@group-314FAC5B4C1E: ConfigurationManager, init=-1: [1d0de9a6-3b8a-4f01-86ad-2ac4521aa9e5:192.168.164.238:45430], old=null, confs=<EMPTY_MAP>
2019-09-26 13:36:16,580 [pool-47-thread-1] INFO  server.RaftServerConfigKeys (ConfUtils.java:logGet(43)) - raft.server.storage.dir = [/workdir/hadoop-ozone/tools/target/test-dir/MiniOzoneClusterImpl-9370444f-6a38-4216-baa9-a19329eb6ac6/datanode-2/data/ratis] (custom)
2019-09-26 13:36:16,581 [pool-47-thread-1] INFO  storage.RaftStorageDirectory (RaftStorageDirectory.java:analyzeStorage(246)) - The storage directory /workdir/hadoop-ozone/tools/target/test-dir/MiniOzoneClusterImpl-9370444f-6a38-4216-baa9-a19329eb6ac6/datanode-2/data/ratis/29b78230-2d48-4d39-998b-314fac5b4c1e does not exist. Creating ...
2019-09-26 13:36:16,594 [pool-47-thread-1] INFO  storage.RaftStorageDirectory (RaftStorageDirectory.java:tryLock(328)) - Lock on /workdir/hadoop-ozone/tools/target/test-dir/MiniOzoneClusterImpl-9370444f-6a38-4216-baa9-a19329eb6ac6/datanode-2/data/ratis/29b78230-2d48-4d39-998b-314fac5b4c1e/in_use.lock acquired by nodename 19660@pr-hdds-1569-87zkn-1081879488
2019-09-26 13:36:16,607 [pool-47-thread-1] INFO  storage.RaftStorage (RaftStorage.java:format(72)) - Storage directory /workdir/hadoop-ozone/tools/target/test-dir/MiniOzoneClusterImpl-9370444f-6a38-4216-baa9-a19329eb6ac6/datanode-2/data/ratis/29b78230-2d48-4d39-998b-314fac5b4c1e has been successfully formatted.
2019-09-26 13:36:16,607 [pool-47-thread-1] INFO  ratis.ContainerStateMachine (ContainerStateMachine.java:loadSnapshot(230)) - group-314FAC5B4C1E: The snapshot info is null. Setting the last applied indexto:(t:0, i:~)
2019-09-26 13:36:16,607 [pool-47-thread-1] INFO  server.RaftServerConfigKeys (ConfUtils.java:logGet(43)) - raft.server.notification.no-leader.timeout = 120s (custom)
2019-09-26 13:36:16,608 [pool-47-thread-1] INFO  server.RaftServerConfigKeys (ConfUtils.java:logGet(43)) - raft.server.log.use.memory = false (default)
2019-09-26 13:36:16,608 [pool-47-thread-1] INFO  server.RaftServerConfigKeys (ConfUtils.java:logGet(43)) - raft.server.log.purge.gap = 1000000 (custom)
2019-09-26 13:36:16,608 [pool-47-thread-1] INFO  server.RaftServerConfigKeys (ConfUtils.java:logGet(43)) - raft.server.log.appender.buffer.byte-limit = 33554432 (custom)
2019-09-26 13:36:16,608 [pool-47-thread-1] INFO  server.RaftServerConfigKeys (ConfUtils.java:logGet(43)) - raft.server.log.segment.size.max = 1048576 (custom)
2019-09-26 13:36:16,608 [pool-47-thread-1] INFO  server.RaftServerConfigKeys (ConfUtils.java:logGet(43)) - raft.server.log.segment.cache.num.max = 2 (custom)
2019-09-26 13:36:16,609 [pool-47-thread-1] INFO  segmented.SegmentedRaftLogWorker (SegmentedRaftLogWorker.java:<init>(172)) - new 1d0de9a6-3b8a-4f01-86ad-2ac4521aa9e5@group-314FAC5B4C1E-SegmentedRaftLogWorker for RaftStorage:Storage Directory /workdir/hadoop-ozone/tools/target/test-dir/MiniOzoneClusterImpl-9370444f-6a38-4216-baa9-a19329eb6ac6/datanode-2/data/ratis/29b78230-2d48-4d39-998b-314fac5b4c1e
2019-09-26 13:36:16,609 [pool-47-thread-1] INFO  server.RaftServerConfigKeys (ConfUtils.java:logGet(43)) - raft.server.log.queue.byte-limit = 2147483647 (custom)
2019-09-26 13:36:16,609 [pool-47-thread-1] INFO  server.RaftServerConfigKeys (ConfUtils.java:logGet(43)) - raft.server.log.queue.element-limit = 1024 (custom)
2019-09-26 13:36:16,609 [pool-47-thread-1] INFO  server.RaftServerConfigKeys (ConfUtils.java:logGet(43)) - raft.server.log.segment.size.max = 1048576 (custom)
2019-09-26 13:36:16,609 [pool-47-thread-1] INFO  server.RaftServerConfigKeys (ConfUtils.java:logGet(43)) - raft.server.log.preallocated.size = 16384 (custom)
2019-09-26 13:36:16,609 [pool-47-thread-1] INFO  server.RaftServerConfigKeys (ConfUtils.java:logGet(43)) - raft.server.log.write.buffer.size = 33554432 (custom)
2019-09-26 13:36:16,609 [pool-47-thread-1] INFO  server.RaftServerConfigKeys (ConfUtils.java:logGet(43)) - raft.server.log.force.sync.num = 128 (default)
2019-09-26 13:36:16,610 [pool-47-thread-1] INFO  server.RaftServerConfigKeys (ConfUtils.java:logGet(43)) - raft.server.log.statemachine.data.sync = true (default)
2019-09-26 13:36:16,610 [pool-47-thread-1] INFO  server.RaftServerConfigKeys (ConfUtils.java:logGet(43)) - raft.server.log.statemachine.data.sync.timeout = 10s (default)
2019-09-26 13:36:16,610 [pool-47-thread-1] INFO  server.RaftServerConfigKeys (ConfUtils.java:logGet(43)) - raft.server.log.statemachine.data.sync.timeout.retry = -1 (default)
2019-09-26 13:36:16,610 [pool-47-thread-1] INFO  server.RaftServerConfigKeys (ConfUtils.java:logGet(43)) - raft.server.log.statemachine.data.caching.enabled = true (custom)
2019-09-26 13:36:16,610 [pool-47-thread-1] INFO  segmented.SegmentedRaftLogWorker (SegmentedRaftLogWorker.java:lambda$new$0(132)) - 1d0de9a6-3b8a-4f01-86ad-2ac4521aa9e5@group-314FAC5B4C1E-SegmentedRaftLogWorker: flushIndex: setUnconditionally 0 -> -1
2019-09-26 13:36:16,611 [pool-47-thread-1] INFO  server.RaftServerConfigKeys (ConfUtils.java:logGet(43)) - raft.server.snapshot.auto.trigger.enabled = true (custom)
2019-09-26 13:36:16,611 [pool-47-thread-1] INFO  server.RaftServerConfigKeys (ConfUtils.java:logGet(43)) - raft.server.snapshot.auto.trigger.threshold = 10000 (custom)
2019-09-26 13:36:16,611 [pool-47-thread-1] INFO  server.RaftServerConfigKeys (ConfUtils.java:logGet(43)) - raft.server.snapshot.retention.num.files = 5 (custom)
2019-09-26 13:36:16,611 [pool-47-thread-1] INFO  server.RaftServerConfigKeys (ConfUtils.java:logGet(43)) - raft.server.retrycache.expirytime = 600000ms (custom)
2019-09-26 13:36:16,614 [pool-47-thread-1] INFO  impl.RaftServerImpl (RaftServerImpl.java:start(185)) - 1d0de9a6-3b8a-4f01-86ad-2ac4521aa9e5@group-314FAC5B4C1E: start as a follower, conf=-1: [1d0de9a6-3b8a-4f01-86ad-2ac4521aa9e5:192.168.164.238:45430], old=null
2019-09-26 13:36:16,614 [pool-47-thread-1] INFO  impl.RaftServerImpl (RaftServerImpl.java:setRole(174)) - 1d0de9a6-3b8a-4f01-86ad-2ac4521aa9e5@group-314FAC5B4C1E: changes role from      null to FOLLOWER at term 0 for startAsFollower
2019-09-26 13:36:16,615 [pool-47-thread-1] INFO  impl.RoleInfo (RoleInfo.java:updateAndGet(143)) - 1d0de9a6-3b8a-4f01-86ad-2ac4521aa9e5: start FollowerState
2019-09-26 13:36:16,615 [pool-47-thread-1] INFO  util.JmxRegister (JmxRegister.java:tryRegister(44)) - Successfully registered JMX Bean with object name Ratis:service=RaftServer,group=group-314FAC5B4C1E,id=1d0de9a6-3b8a-4f01-86ad-2ac4521aa9e5
2019-09-26 13:36:16,624 [RatisPipelineUtilsThread] INFO  pipeline.PipelineStateManager (PipelineStateManager.java:addPipeline(56)) - Created pipeline Pipeline[ Id: 29b78230-2d48-4d39-998b-314fac5b4c1e, Nodes: 1d0de9a6-3b8a-4f01-86ad-2ac4521aa9e5{ip: 192.168.164.238, host: pr-hdds-1569-87zkn-1081879488, networkLocation: /default-rack, certSerialId: null}, Type:RATIS, Factor:ONE, State:OPEN]
2019-09-26 13:36:16,635 [grpc-default-executor-0] INFO  impl.RaftServerProxy (RaftServerProxy.java:addNew(89)) - 1d0de9a6-3b8a-4f01-86ad-2ac4521aa9e5: addNew group-8B84F67D6E3B:[1d0de9a6-3b8a-4f01-86ad-2ac4521aa9e5:192.168.164.238:45430] returns group-8B84F67D6E3B:java.util.concurrent.CompletableFuture@5e4cdf5a[Not completed]
2019-09-26 13:36:16,637 [pool-47-thread-1] INFO  impl.RaftServerImpl (RaftServerImpl.java:<init>(95)) - 1d0de9a6-3b8a-4f01-86ad-2ac4521aa9e5: new RaftServerImpl for group-8B84F67D6E3B:[1d0de9a6-3b8a-4f01-86ad-2ac4521aa9e5:192.168.164.238:45430] with ContainerStateMachine:uninitialized
2019-09-26 13:36:16,637 [pool-47-thread-1] INFO  server.RaftServerConfigKeys (ConfUtils.java:logGet(43)) - raft.server.rpc.timeout.min = 5s (custom)
2019-09-26 13:36:16,637 [pool-47-thread-1] INFO  server.RaftServerConfigKeys (ConfUtils.java:logGet(43)) - raft.server.rpc.timeout.max = 5200ms (custom)
2019-09-26 13:36:16,637 [pool-47-thread-1] INFO  server.RaftServerConfigKeys (ConfUtils.java:logGet(43)) - raft.server.rpcslowness.timeout = 120s (custom)
2019-09-26 13:36:16,637 [pool-47-thread-1] INFO  server.RaftServerConfigKeys (ConfUtils.java:logGet(43)) - raft.server.sleep.deviation.threshold = 300 (default)
2019-09-26 13:36:16,637 [pool-47-thread-1] INFO  server.RaftServerConfigKeys (ConfUtils.java:logGet(43)) - raft.server.log.appender.install.snapshot.enabled = false (custom)
2019-09-26 13:36:16,638 [pool-47-thread-1] INFO  impl.RaftServerImpl (ServerState.java:<init>(103)) - 1d0de9a6-3b8a-4f01-86ad-2ac4521aa9e5@group-8B84F67D6E3B: ConfigurationManager, init=-1: [1d0de9a6-3b8a-4f01-86ad-2ac4521aa9e5:192.168.164.238:45430], old=null, confs=<EMPTY_MAP>
2019-09-26 13:36:16,638 [pool-47-thread-1] INFO  server.RaftServerConfigKeys (ConfUtils.java:logGet(43)) - raft.server.storage.dir = [/workdir/hadoop-ozone/tools/target/test-dir/MiniOzoneClusterImpl-9370444f-6a38-4216-baa9-a19329eb6ac6/datanode-2/data/ratis] (custom)
2019-09-26 13:36:16,638 [pool-47-thread-1] INFO  storage.RaftStorageDirectory (RaftStorageDirectory.java:analyzeStorage(246)) - The storage directory /workdir/hadoop-ozone/tools/target/test-dir/MiniOzoneClusterImpl-9370444f-6a38-4216-baa9-a19329eb6ac6/datanode-2/data/ratis/14830681-f531-4fba-9f25-8b84f67d6e3b does not exist. Creating ...
2019-09-26 13:36:16,652 [pool-47-thread-1] INFO  storage.RaftStorageDirectory (RaftStorageDirectory.java:tryLock(328)) - Lock on /workdir/hadoop-ozone/tools/target/test-dir/MiniOzoneClusterImpl-9370444f-6a38-4216-baa9-a19329eb6ac6/datanode-2/data/ratis/14830681-f531-4fba-9f25-8b84f67d6e3b/in_use.lock acquired by nodename 19660@pr-hdds-1569-87zkn-1081879488
2019-09-26 13:36:16,676 [pool-47-thread-1] INFO  storage.RaftStorage (RaftStorage.java:format(72)) - Storage directory /workdir/hadoop-ozone/tools/target/test-dir/MiniOzoneClusterImpl-9370444f-6a38-4216-baa9-a19329eb6ac6/datanode-2/data/ratis/14830681-f531-4fba-9f25-8b84f67d6e3b has been successfully formatted.
2019-09-26 13:36:16,676 [pool-47-thread-1] INFO  ratis.ContainerStateMachine (ContainerStateMachine.java:loadSnapshot(230)) - group-8B84F67D6E3B: The snapshot info is null. Setting the last applied indexto:(t:0, i:~)
2019-09-26 13:36:16,676 [pool-47-thread-1] INFO  server.RaftServerConfigKeys (ConfUtils.java:logGet(43)) - raft.server.notification.no-leader.timeout = 120s (custom)
2019-09-26 13:36:16,676 [pool-47-thread-1] INFO  server.RaftServerConfigKeys (ConfUtils.java:logGet(43)) - raft.server.log.use.memory = false (default)
2019-09-26 13:36:16,676 [pool-47-thread-1] INFO  server.RaftServerConfigKeys (ConfUtils.java:logGet(43)) - raft.server.log.purge.gap = 1000000 (custom)
2019-09-26 13:36:16,676 [pool-47-thread-1] INFO  server.RaftServerConfigKeys (ConfUtils.java:logGet(43)) - raft.server.log.appender.buffer.byte-limit = 33554432 (custom)
2019-09-26 13:36:16,677 [pool-47-thread-1] INFO  server.RaftServerConfigKeys (ConfUtils.java:logGet(43)) - raft.server.log.segment.size.max = 1048576 (custom)
2019-09-26 13:36:16,677 [pool-47-thread-1] INFO  server.RaftServerConfigKeys (ConfUtils.java:logGet(43)) - raft.server.log.segment.cache.num.max = 2 (custom)
2019-09-26 13:36:16,677 [pool-47-thread-1] INFO  segmented.SegmentedRaftLogWorker (SegmentedRaftLogWorker.java:<init>(172)) - new 1d0de9a6-3b8a-4f01-86ad-2ac4521aa9e5@group-8B84F67D6E3B-SegmentedRaftLogWorker for RaftStorage:Storage Directory /workdir/hadoop-ozone/tools/target/test-dir/MiniOzoneClusterImpl-9370444f-6a38-4216-baa9-a19329eb6ac6/datanode-2/data/ratis/14830681-f531-4fba-9f25-8b84f67d6e3b
2019-09-26 13:36:16,677 [pool-47-thread-1] INFO  server.RaftServerConfigKeys (ConfUtils.java:logGet(43)) - raft.server.log.queue.byte-limit = 2147483647 (custom)
2019-09-26 13:36:16,677 [pool-47-thread-1] INFO  server.RaftServerConfigKeys (ConfUtils.java:logGet(43)) - raft.server.log.queue.element-limit = 1024 (custom)
2019-09-26 13:36:16,677 [pool-47-thread-1] INFO  server.RaftServerConfigKeys (ConfUtils.java:logGet(43)) - raft.server.log.segment.size.max = 1048576 (custom)
2019-09-26 13:36:16,678 [pool-47-thread-1] INFO  server.RaftServerConfigKeys (ConfUtils.java:logGet(43)) - raft.server.log.preallocated.size = 16384 (custom)
2019-09-26 13:36:16,678 [pool-47-thread-1] INFO  server.RaftServerConfigKeys (ConfUtils.java:logGet(43)) - raft.server.log.write.buffer.size = 33554432 (custom)
2019-09-26 13:36:16,678 [pool-47-thread-1] INFO  server.RaftServerConfigKeys (ConfUtils.java:logGet(43)) - raft.server.log.force.sync.num = 128 (default)
2019-09-26 13:36:16,678 [pool-47-thread-1] INFO  server.RaftServerConfigKeys (ConfUtils.java:logGet(43)) - raft.server.log.statemachine.data.sync = true (default)
2019-09-26 13:36:16,678 [pool-47-thread-1] INFO  server.RaftServerConfigKeys (ConfUtils.java:logGet(43)) - raft.server.log.statemachine.data.sync.timeout = 10s (default)
2019-09-26 13:36:16,678 [pool-47-thread-1] INFO  server.RaftServerConfigKeys (ConfUtils.java:logGet(43)) - raft.server.log.statemachine.data.sync.timeout.retry = -1 (default)
2019-09-26 13:36:16,678 [pool-47-thread-1] INFO  server.RaftServerConfigKeys (ConfUtils.java:logGet(43)) - raft.server.log.statemachine.data.caching.enabled = true (custom)
2019-09-26 13:36:16,679 [pool-47-thread-1] INFO  segmented.SegmentedRaftLogWorker (SegmentedRaftLogWorker.java:lambda$new$0(132)) - 1d0de9a6-3b8a-4f01-86ad-2ac4521aa9e5@group-8B84F67D6E3B-SegmentedRaftLogWorker: flushIndex: setUnconditionally 0 -> -1
2019-09-26 13:36:16,679 [pool-47-thread-1] INFO  server.RaftServerConfigKeys (ConfUtils.java:logGet(43)) - raft.server.snapshot.auto.trigger.enabled = true (custom)
2019-09-26 13:36:16,679 [pool-47-thread-1] INFO  server.RaftServerConfigKeys (ConfUtils.java:logGet(43)) - raft.server.snapshot.auto.trigger.threshold = 10000 (custom)
2019-09-26 13:36:16,679 [pool-47-thread-1] INFO  server.RaftServerConfigKeys (ConfUtils.java:logGet(43)) - raft.server.snapshot.retention.num.files = 5 (custom)
2019-09-26 13:36:16,680 [pool-47-thread-1] INFO  server.RaftServerConfigKeys (ConfUtils.java:logGet(43)) - raft.server.retrycache.expirytime = 600000ms (custom)
2019-09-26 13:36:16,682 [pool-47-thread-1] INFO  impl.RaftServerImpl (RaftServerImpl.java:start(185)) - 1d0de9a6-3b8a-4f01-86ad-2ac4521aa9e5@group-8B84F67D6E3B: start as a follower, conf=-1: [1d0de9a6-3b8a-4f01-86ad-2ac4521aa9e5:192.168.164.238:45430], old=null
2019-09-26 13:36:16,682 [pool-47-thread-1] INFO  impl.RaftServerImpl (RaftServerImpl.java:setRole(174)) - 1d0de9a6-3b8a-4f01-86ad-2ac4521aa9e5@group-8B84F67D6E3B: changes role from      null to FOLLOWER at term 0 for startAsFollower
2019-09-26 13:36:16,683 [pool-47-thread-1] INFO  impl.RoleInfo (RoleInfo.java:updateAndGet(143)) - 1d0de9a6-3b8a-4f01-86ad-2ac4521aa9e5: start FollowerState
2019-09-26 13:36:16,683 [pool-47-thread-1] INFO  util.JmxRegister (JmxRegister.java:tryRegister(44)) - Successfully registered JMX Bean with object name Ratis:service=RaftServer,group=group-8B84F67D6E3B,id=1d0de9a6-3b8a-4f01-86ad-2ac4521aa9e5
2019-09-26 13:36:16,692 [RatisPipelineUtilsThread] INFO  pipeline.PipelineStateManager (PipelineStateManager.java:addPipeline(56)) - Created pipeline Pipeline[ Id: 14830681-f531-4fba-9f25-8b84f67d6e3b, Nodes: 1d0de9a6-3b8a-4f01-86ad-2ac4521aa9e5{ip: 192.168.164.238, host: pr-hdds-1569-87zkn-1081879488, networkLocation: /default-rack, certSerialId: null}, Type:RATIS, Factor:ONE, State:OPEN]
2019-09-26 13:36:16,705 [grpc-default-executor-0] INFO  impl.RaftServerProxy (RaftServerProxy.java:addNew(89)) - 1d0de9a6-3b8a-4f01-86ad-2ac4521aa9e5: addNew group-BD775FF81F90:[1d0de9a6-3b8a-4f01-86ad-2ac4521aa9e5:192.168.164.238:45430] returns group-BD775FF81F90:java.util.concurrent.CompletableFuture@5ad201ce[Not completed]
2019-09-26 13:36:16,706 [pool-47-thread-1] INFO  impl.RaftServerImpl (RaftServerImpl.java:<init>(95)) - 1d0de9a6-3b8a-4f01-86ad-2ac4521aa9e5: new RaftServerImpl for group-BD775FF81F90:[1d0de9a6-3b8a-4f01-86ad-2ac4521aa9e5:192.168.164.238:45430] with ContainerStateMachine:uninitialized
2019-09-26 13:36:16,706 [pool-47-thread-1] INFO  server.RaftServerConfigKeys (ConfUtils.java:logGet(43)) - raft.server.rpc.timeout.min = 5s (custom)
2019-09-26 13:36:16,706 [pool-47-thread-1] INFO  server.RaftServerConfigKeys (ConfUtils.java:logGet(43)) - raft.server.rpc.timeout.max = 5200ms (custom)
2019-09-26 13:36:16,707 [pool-47-thread-1] INFO  server.RaftServerConfigKeys (ConfUtils.java:logGet(43)) - raft.server.rpcslowness.timeout = 120s (custom)
2019-09-26 13:36:16,707 [pool-47-thread-1] INFO  server.RaftServerConfigKeys (ConfUtils.java:logGet(43)) - raft.server.sleep.deviation.threshold = 300 (default)
2019-09-26 13:36:16,707 [pool-47-thread-1] INFO  server.RaftServerConfigKeys (ConfUtils.java:logGet(43)) - raft.server.log.appender.install.snapshot.enabled = false (custom)
2019-09-26 13:36:16,707 [pool-47-thread-1] INFO  impl.RaftServerImpl (ServerState.java:<init>(103)) - 1d0de9a6-3b8a-4f01-86ad-2ac4521aa9e5@group-BD775FF81F90: ConfigurationManager, init=-1: [1d0de9a6-3b8a-4f01-86ad-2ac4521aa9e5:192.168.164.238:45430], old=null, confs=<EMPTY_MAP>
2019-09-26 13:36:16,707 [pool-47-thread-1] INFO  server.RaftServerConfigKeys (ConfUtils.java:logGet(43)) - raft.server.storage.dir = [/workdir/hadoop-ozone/tools/target/test-dir/MiniOzoneClusterImpl-9370444f-6a38-4216-baa9-a19329eb6ac6/datanode-2/data/ratis] (custom)
2019-09-26 13:36:16,707 [pool-47-thread-1] INFO  storage.RaftStorageDirectory (RaftStorageDirectory.java:analyzeStorage(246)) - The storage directory /workdir/hadoop-ozone/tools/target/test-dir/MiniOzoneClusterImpl-9370444f-6a38-4216-baa9-a19329eb6ac6/datanode-2/data/ratis/41001503-191f-4be6-b3de-bd775ff81f90 does not exist. Creating ...
2019-09-26 13:36:16,720 [pool-47-thread-1] INFO  storage.RaftStorageDirectory (RaftStorageDirectory.java:tryLock(328)) - Lock on /workdir/hadoop-ozone/tools/target/test-dir/MiniOzoneClusterImpl-9370444f-6a38-4216-baa9-a19329eb6ac6/datanode-2/data/ratis/41001503-191f-4be6-b3de-bd775ff81f90/in_use.lock acquired by nodename 19660@pr-hdds-1569-87zkn-1081879488
2019-09-26 13:36:16,733 [pool-47-thread-1] INFO  storage.RaftStorage (RaftStorage.java:format(72)) - Storage directory /workdir/hadoop-ozone/tools/target/test-dir/MiniOzoneClusterImpl-9370444f-6a38-4216-baa9-a19329eb6ac6/datanode-2/data/ratis/41001503-191f-4be6-b3de-bd775ff81f90 has been successfully formatted.
2019-09-26 13:36:16,733 [pool-47-thread-1] INFO  ratis.ContainerStateMachine (ContainerStateMachine.java:loadSnapshot(230)) - group-BD775FF81F90: The snapshot info is null. Setting the last applied indexto:(t:0, i:~)
2019-09-26 13:36:16,733 [pool-47-thread-1] INFO  server.RaftServerConfigKeys (ConfUtils.java:logGet(43)) - raft.server.notification.no-leader.timeout = 120s (custom)
2019-09-26 13:36:16,733 [pool-47-thread-1] INFO  server.RaftServerConfigKeys (ConfUtils.java:logGet(43)) - raft.server.log.use.memory = false (default)
2019-09-26 13:36:16,733 [pool-47-thread-1] INFO  server.RaftServerConfigKeys (ConfUtils.java:logGet(43)) - raft.server.log.purge.gap = 1000000 (custom)
2019-09-26 13:36:16,733 [pool-47-thread-1] INFO  server.RaftServerConfigKeys (ConfUtils.java:logGet(43)) - raft.server.log.appender.buffer.byte-limit = 33554432 (custom)
2019-09-26 13:36:16,734 [pool-47-thread-1] INFO  server.RaftServerConfigKeys (ConfUtils.java:logGet(43)) - raft.server.log.segment.size.max = 1048576 (custom)
2019-09-26 13:36:16,734 [pool-47-thread-1] INFO  server.RaftServerConfigKeys (ConfUtils.java:logGet(43)) - raft.server.log.segment.cache.num.max = 2 (custom)
2019-09-26 13:36:16,734 [pool-47-thread-1] INFO  segmented.SegmentedRaftLogWorker (SegmentedRaftLogWorker.java:<init>(172)) - new 1d0de9a6-3b8a-4f01-86ad-2ac4521aa9e5@group-BD775FF81F90-SegmentedRaftLogWorker for RaftStorage:Storage Directory /workdir/hadoop-ozone/tools/target/test-dir/MiniOzoneClusterImpl-9370444f-6a38-4216-baa9-a19329eb6ac6/datanode-2/data/ratis/41001503-191f-4be6-b3de-bd775ff81f90
2019-09-26 13:36:16,734 [pool-47-thread-1] INFO  server.RaftServerConfigKeys (ConfUtils.java:logGet(43)) - raft.server.log.queue.byte-limit = 2147483647 (custom)
2019-09-26 13:36:16,734 [pool-47-thread-1] INFO  server.RaftServerConfigKeys (ConfUtils.java:logGet(43)) - raft.server.log.queue.element-limit = 1024 (custom)
2019-09-26 13:36:16,734 [pool-47-thread-1] INFO  server.RaftServerConfigKeys (ConfUtils.java:logGet(43)) - raft.server.log.segment.size.max = 1048576 (custom)
2019-09-26 13:36:16,734 [pool-47-thread-1] INFO  server.RaftServerConfigKeys (ConfUtils.java:logGet(43)) - raft.server.log.preallocated.size = 16384 (custom)
2019-09-26 13:36:16,735 [pool-47-thread-1] INFO  server.RaftServerConfigKeys (ConfUtils.java:logGet(43)) - raft.server.log.write.buffer.size = 33554432 (custom)
2019-09-26 13:36:16,735 [pool-47-thread-1] INFO  server.RaftServerConfigKeys (ConfUtils.java:logGet(43)) - raft.server.log.force.sync.num = 128 (default)
2019-09-26 13:36:16,735 [pool-47-thread-1] INFO  server.RaftServerConfigKeys (ConfUtils.java:logGet(43)) - raft.server.log.statemachine.data.sync = true (default)
2019-09-26 13:36:16,735 [pool-47-thread-1] INFO  server.RaftServerConfigKeys (ConfUtils.java:logGet(43)) - raft.server.log.statemachine.data.sync.timeout = 10s (default)
2019-09-26 13:36:16,735 [pool-47-thread-1] INFO  server.RaftServerConfigKeys (ConfUtils.java:logGet(43)) - raft.server.log.statemachine.data.sync.timeout.retry = -1 (default)
2019-09-26 13:36:16,735 [pool-47-thread-1] INFO  server.RaftServerConfigKeys (ConfUtils.java:logGet(43)) - raft.server.log.statemachine.data.caching.enabled = true (custom)
2019-09-26 13:36:16,735 [pool-47-thread-1] INFO  segmented.SegmentedRaftLogWorker (SegmentedRaftLogWorker.java:lambda$new$0(132)) - 1d0de9a6-3b8a-4f01-86ad-2ac4521aa9e5@group-BD775FF81F90-SegmentedRaftLogWorker: flushIndex: setUnconditionally 0 -> -1
2019-09-26 13:36:16,736 [pool-47-thread-1] INFO  server.RaftServerConfigKeys (ConfUtils.java:logGet(43)) - raft.server.snapshot.auto.trigger.enabled = true (custom)
2019-09-26 13:36:16,736 [pool-47-thread-1] INFO  server.RaftServerConfigKeys (ConfUtils.java:logGet(43)) - raft.server.snapshot.auto.trigger.threshold = 10000 (custom)
2019-09-26 13:36:16,736 [pool-47-thread-1] INFO  server.RaftServerConfigKeys (ConfUtils.java:logGet(43)) - raft.server.snapshot.retention.num.files = 5 (custom)
2019-09-26 13:36:16,736 [pool-47-thread-1] INFO  server.RaftServerConfigKeys (ConfUtils.java:logGet(43)) - raft.server.retrycache.expirytime = 600000ms (custom)
2019-09-26 13:36:16,739 [pool-47-thread-1] INFO  impl.RaftServerImpl (RaftServerImpl.java:start(185)) - 1d0de9a6-3b8a-4f01-86ad-2ac4521aa9e5@group-BD775FF81F90: start as a follower, conf=-1: [1d0de9a6-3b8a-4f01-86ad-2ac4521aa9e5:192.168.164.238:45430], old=null
2019-09-26 13:36:16,739 [pool-47-thread-1] INFO  impl.RaftServerImpl (RaftServerImpl.java:setRole(174)) - 1d0de9a6-3b8a-4f01-86ad-2ac4521aa9e5@group-BD775FF81F90: changes role from      null to FOLLOWER at term 0 for startAsFollower
2019-09-26 13:36:16,739 [pool-47-thread-1] INFO  impl.RoleInfo (RoleInfo.java:updateAndGet(143)) - 1d0de9a6-3b8a-4f01-86ad-2ac4521aa9e5: start FollowerState
2019-09-26 13:36:16,739 [pool-47-thread-1] INFO  util.JmxRegister (JmxRegister.java:tryRegister(44)) - Successfully registered JMX Bean with object name Ratis:service=RaftServer,group=group-BD775FF81F90,id=1d0de9a6-3b8a-4f01-86ad-2ac4521aa9e5
2019-09-26 13:36:16,749 [RatisPipelineUtilsThread] INFO  pipeline.PipelineStateManager (PipelineStateManager.java:addPipeline(56)) - Created pipeline Pipeline[ Id: 41001503-191f-4be6-b3de-bd775ff81f90, Nodes: 1d0de9a6-3b8a-4f01-86ad-2ac4521aa9e5{ip: 192.168.164.238, host: pr-hdds-1569-87zkn-1081879488, networkLocation: /default-rack, certSerialId: null}, Type:RATIS, Factor:ONE, State:OPEN]
2019-09-26 13:36:16,771 [grpc-default-executor-0] INFO  impl.RaftServerProxy (RaftServerProxy.java:addNew(89)) - 0846c5d9-d8fd-49e0-9805-817523babe5a: addNew group-4BE802471BF0:[0846c5d9-d8fd-49e0-9805-817523babe5a:192.168.164.238:38031] returns group-4BE802471BF0:java.util.concurrent.CompletableFuture@9b8af28[Not completed]
2019-09-26 13:36:16,772 [pool-37-thread-1] INFO  impl.RaftServerImpl (RaftServerImpl.java:<init>(95)) - 0846c5d9-d8fd-49e0-9805-817523babe5a: new RaftServerImpl for group-4BE802471BF0:[0846c5d9-d8fd-49e0-9805-817523babe5a:192.168.164.238:38031] with ContainerStateMachine:uninitialized
2019-09-26 13:36:16,773 [pool-37-thread-1] INFO  server.RaftServerConfigKeys (ConfUtils.java:logGet(43)) - raft.server.rpc.timeout.min = 5s (custom)
2019-09-26 13:36:16,773 [pool-37-thread-1] INFO  server.RaftServerConfigKeys (ConfUtils.java:logGet(43)) - raft.server.rpc.timeout.max = 5200ms (custom)
2019-09-26 13:36:16,773 [pool-37-thread-1] INFO  server.RaftServerConfigKeys (ConfUtils.java:logGet(43)) - raft.server.rpcslowness.timeout = 120s (custom)
2019-09-26 13:36:16,773 [pool-37-thread-1] INFO  server.RaftServerConfigKeys (ConfUtils.java:logGet(43)) - raft.server.sleep.deviation.threshold = 300 (default)
2019-09-26 13:36:16,773 [pool-37-thread-1] INFO  server.RaftServerConfigKeys (ConfUtils.java:logGet(43)) - raft.server.log.appender.install.snapshot.enabled = false (custom)
2019-09-26 13:36:16,773 [pool-37-thread-1] INFO  impl.RaftServerImpl (ServerState.java:<init>(103)) - 0846c5d9-d8fd-49e0-9805-817523babe5a@group-4BE802471BF0: ConfigurationManager, init=-1: [0846c5d9-d8fd-49e0-9805-817523babe5a:192.168.164.238:38031], old=null, confs=<EMPTY_MAP>
2019-09-26 13:36:16,773 [pool-37-thread-1] INFO  server.RaftServerConfigKeys (ConfUtils.java:logGet(43)) - raft.server.storage.dir = [/workdir/hadoop-ozone/tools/target/test-dir/MiniOzoneClusterImpl-9370444f-6a38-4216-baa9-a19329eb6ac6/datanode-1/data/ratis] (custom)
2019-09-26 13:36:16,774 [pool-37-thread-1] INFO  storage.RaftStorageDirectory (RaftStorageDirectory.java:analyzeStorage(246)) - The storage directory /workdir/hadoop-ozone/tools/target/test-dir/MiniOzoneClusterImpl-9370444f-6a38-4216-baa9-a19329eb6ac6/datanode-1/data/ratis/37fb044e-c8e6-4ba8-a485-4be802471bf0 does not exist. Creating ...
2019-09-26 13:36:16,786 [pool-37-thread-1] INFO  storage.RaftStorageDirectory (RaftStorageDirectory.java:tryLock(328)) - Lock on /workdir/hadoop-ozone/tools/target/test-dir/MiniOzoneClusterImpl-9370444f-6a38-4216-baa9-a19329eb6ac6/datanode-1/data/ratis/37fb044e-c8e6-4ba8-a485-4be802471bf0/in_use.lock acquired by nodename 19660@pr-hdds-1569-87zkn-1081879488
2019-09-26 13:36:16,799 [pool-37-thread-1] INFO  storage.RaftStorage (RaftStorage.java:format(72)) - Storage directory /workdir/hadoop-ozone/tools/target/test-dir/MiniOzoneClusterImpl-9370444f-6a38-4216-baa9-a19329eb6ac6/datanode-1/data/ratis/37fb044e-c8e6-4ba8-a485-4be802471bf0 has been successfully formatted.
2019-09-26 13:36:16,800 [pool-37-thread-1] INFO  ratis.ContainerStateMachine (ContainerStateMachine.java:loadSnapshot(230)) - group-4BE802471BF0: The snapshot info is null. Setting the last applied indexto:(t:0, i:~)
2019-09-26 13:36:16,800 [pool-37-thread-1] INFO  server.RaftServerConfigKeys (ConfUtils.java:logGet(43)) - raft.server.notification.no-leader.timeout = 120s (custom)
2019-09-26 13:36:16,800 [pool-37-thread-1] INFO  server.RaftServerConfigKeys (ConfUtils.java:logGet(43)) - raft.server.log.use.memory = false (default)
2019-09-26 13:36:16,801 [pool-37-thread-1] INFO  server.RaftServerConfigKeys (ConfUtils.java:logGet(43)) - raft.server.log.purge.gap = 1000000 (custom)
2019-09-26 13:36:16,801 [pool-37-thread-1] INFO  server.RaftServerConfigKeys (ConfUtils.java:logGet(43)) - raft.server.log.appender.buffer.byte-limit = 33554432 (custom)
2019-09-26 13:36:16,801 [pool-37-thread-1] INFO  server.RaftServerConfigKeys (ConfUtils.java:logGet(43)) - raft.server.log.segment.size.max = 1048576 (custom)
2019-09-26 13:36:16,801 [pool-37-thread-1] INFO  server.RaftServerConfigKeys (ConfUtils.java:logGet(43)) - raft.server.log.segment.cache.num.max = 2 (custom)
2019-09-26 13:36:16,801 [pool-37-thread-1] INFO  segmented.SegmentedRaftLogWorker (SegmentedRaftLogWorker.java:<init>(172)) - new 0846c5d9-d8fd-49e0-9805-817523babe5a@group-4BE802471BF0-SegmentedRaftLogWorker for RaftStorage:Storage Directory /workdir/hadoop-ozone/tools/target/test-dir/MiniOzoneClusterImpl-9370444f-6a38-4216-baa9-a19329eb6ac6/datanode-1/data/ratis/37fb044e-c8e6-4ba8-a485-4be802471bf0
2019-09-26 13:36:16,802 [pool-37-thread-1] INFO  server.RaftServerConfigKeys (ConfUtils.java:logGet(43)) - raft.server.log.queue.byte-limit = 2147483647 (custom)
2019-09-26 13:36:16,802 [pool-37-thread-1] INFO  server.RaftServerConfigKeys (ConfUtils.java:logGet(43)) - raft.server.log.queue.element-limit = 1024 (custom)
2019-09-26 13:36:16,802 [pool-37-thread-1] INFO  server.RaftServerConfigKeys (ConfUtils.java:logGet(43)) - raft.server.log.segment.size.max = 1048576 (custom)
2019-09-26 13:36:16,802 [pool-37-thread-1] INFO  server.RaftServerConfigKeys (ConfUtils.java:logGet(43)) - raft.server.log.preallocated.size = 16384 (custom)
2019-09-26 13:36:16,802 [pool-37-thread-1] INFO  server.RaftServerConfigKeys (ConfUtils.java:logGet(43)) - raft.server.log.write.buffer.size = 33554432 (custom)
2019-09-26 13:36:16,803 [pool-37-thread-1] INFO  server.RaftServerConfigKeys (ConfUtils.java:logGet(43)) - raft.server.log.force.sync.num = 128 (default)
2019-09-26 13:36:16,803 [pool-37-thread-1] INFO  server.RaftServerConfigKeys (ConfUtils.java:logGet(43)) - raft.server.log.statemachine.data.sync = true (default)
2019-09-26 13:36:16,803 [pool-37-thread-1] INFO  server.RaftServerConfigKeys (ConfUtils.java:logGet(43)) - raft.server.log.statemachine.data.sync.timeout = 10s (default)
2019-09-26 13:36:16,803 [pool-37-thread-1] INFO  server.RaftServerConfigKeys (ConfUtils.java:logGet(43)) - raft.server.log.statemachine.data.sync.timeout.retry = -1 (default)
2019-09-26 13:36:16,803 [pool-37-thread-1] INFO  server.RaftServerConfigKeys (ConfUtils.java:logGet(43)) - raft.server.log.statemachine.data.caching.enabled = true (custom)
2019-09-26 13:36:16,803 [pool-37-thread-1] INFO  segmented.SegmentedRaftLogWorker (SegmentedRaftLogWorker.java:lambda$new$0(132)) - 0846c5d9-d8fd-49e0-9805-817523babe5a@group-4BE802471BF0-SegmentedRaftLogWorker: flushIndex: setUnconditionally 0 -> -1
2019-09-26 13:36:16,804 [pool-37-thread-1] INFO  server.RaftServerConfigKeys (ConfUtils.java:logGet(43)) - raft.server.snapshot.auto.trigger.enabled = true (custom)
2019-09-26 13:36:16,804 [pool-37-thread-1] INFO  server.RaftServerConfigKeys (ConfUtils.java:logGet(43)) - raft.server.snapshot.auto.trigger.threshold = 10000 (custom)
2019-09-26 13:36:16,804 [pool-37-thread-1] INFO  server.RaftServerConfigKeys (ConfUtils.java:logGet(43)) - raft.server.snapshot.retention.num.files = 5 (custom)
2019-09-26 13:36:16,804 [pool-37-thread-1] INFO  server.RaftServerConfigKeys (ConfUtils.java:logGet(43)) - raft.server.retrycache.expirytime = 600000ms (custom)
2019-09-26 13:36:16,806 [pool-37-thread-1] INFO  impl.RaftServerImpl (RaftServerImpl.java:start(185)) - 0846c5d9-d8fd-49e0-9805-817523babe5a@group-4BE802471BF0: start as a follower, conf=-1: [0846c5d9-d8fd-49e0-9805-817523babe5a:192.168.164.238:38031], old=null
2019-09-26 13:36:16,806 [pool-37-thread-1] INFO  impl.RaftServerImpl (RaftServerImpl.java:setRole(174)) - 0846c5d9-d8fd-49e0-9805-817523babe5a@group-4BE802471BF0: changes role from      null to FOLLOWER at term 0 for startAsFollower
2019-09-26 13:36:16,806 [pool-37-thread-1] INFO  impl.RoleInfo (RoleInfo.java:updateAndGet(143)) - 0846c5d9-d8fd-49e0-9805-817523babe5a: start FollowerState
2019-09-26 13:36:16,807 [pool-37-thread-1] INFO  util.JmxRegister (JmxRegister.java:tryRegister(44)) - Successfully registered JMX Bean with object name Ratis:service=RaftServer,group=group-4BE802471BF0,id=0846c5d9-d8fd-49e0-9805-817523babe5a
2019-09-26 13:36:16,811 [RatisPipelineUtilsThread] INFO  pipeline.PipelineStateManager (PipelineStateManager.java:addPipeline(56)) - Created pipeline Pipeline[ Id: 37fb044e-c8e6-4ba8-a485-4be802471bf0, Nodes: 0846c5d9-d8fd-49e0-9805-817523babe5a{ip: 192.168.164.238, host: pr-hdds-1569-87zkn-1081879488, networkLocation: /default-rack, certSerialId: null}, Type:RATIS, Factor:ONE, State:OPEN]
 0.00% |█                                                                                                    |  0/1 Time: 0:00:012019-09-26 13:36:17,155 [grpc-default-executor-0] INFO  impl.RaftServerProxy (RaftServerProxy.java:addNew(89)) - 0846c5d9-d8fd-49e0-9805-817523babe5a: addNew group-5E03CBFB3C0B:[0846c5d9-d8fd-49e0-9805-817523babe5a:192.168.164.238:38031] returns group-5E03CBFB3C0B:java.util.concurrent.CompletableFuture@5c1d859e[Not completed]
2019-09-26 13:36:17,157 [pool-37-thread-1] INFO  impl.RaftServerImpl (RaftServerImpl.java:<init>(95)) - 0846c5d9-d8fd-49e0-9805-817523babe5a: new RaftServerImpl for group-5E03CBFB3C0B:[0846c5d9-d8fd-49e0-9805-817523babe5a:192.168.164.238:38031] with ContainerStateMachine:uninitialized
2019-09-26 13:36:17,157 [pool-37-thread-1] INFO  server.RaftServerConfigKeys (ConfUtils.java:logGet(43)) - raft.server.rpc.timeout.min = 5s (custom)
2019-09-26 13:36:17,158 [pool-37-thread-1] INFO  server.RaftServerConfigKeys (ConfUtils.java:logGet(43)) - raft.server.rpc.timeout.max = 5200ms (custom)
2019-09-26 13:36:17,158 [pool-37-thread-1] INFO  server.RaftServerConfigKeys (ConfUtils.java:logGet(43)) - raft.server.rpcslowness.timeout = 120s (custom)
2019-09-26 13:36:17,158 [pool-37-thread-1] INFO  server.RaftServerConfigKeys (ConfUtils.java:logGet(43)) - raft.server.sleep.deviation.threshold = 300 (default)
2019-09-26 13:36:17,158 [pool-37-thread-1] INFO  server.RaftServerConfigKeys (ConfUtils.java:logGet(43)) - raft.server.log.appender.install.snapshot.enabled = false (custom)
2019-09-26 13:36:17,158 [pool-37-thread-1] INFO  impl.RaftServerImpl (ServerState.java:<init>(103)) - 0846c5d9-d8fd-49e0-9805-817523babe5a@group-5E03CBFB3C0B: ConfigurationManager, init=-1: [0846c5d9-d8fd-49e0-9805-817523babe5a:192.168.164.238:38031], old=null, confs=<EMPTY_MAP>
2019-09-26 13:36:17,158 [pool-37-thread-1] INFO  server.RaftServerConfigKeys (ConfUtils.java:logGet(43)) - raft.server.storage.dir = [/workdir/hadoop-ozone/tools/target/test-dir/MiniOzoneClusterImpl-9370444f-6a38-4216-baa9-a19329eb6ac6/datanode-1/data/ratis] (custom)
2019-09-26 13:36:17,159 [pool-37-thread-1] INFO  storage.RaftStorageDirectory (RaftStorageDirectory.java:analyzeStorage(246)) - The storage directory /workdir/hadoop-ozone/tools/target/test-dir/MiniOzoneClusterImpl-9370444f-6a38-4216-baa9-a19329eb6ac6/datanode-1/data/ratis/96d29e0b-5b44-4704-823c-5e03cbfb3c0b does not exist. Creating ...
2019-09-26 13:36:17,171 [pool-37-thread-1] INFO  storage.RaftStorageDirectory (RaftStorageDirectory.java:tryLock(328)) - Lock on /workdir/hadoop-ozone/tools/target/test-dir/MiniOzoneClusterImpl-9370444f-6a38-4216-baa9-a19329eb6ac6/datanode-1/data/ratis/96d29e0b-5b44-4704-823c-5e03cbfb3c0b/in_use.lock acquired by nodename 19660@pr-hdds-1569-87zkn-1081879488
2019-09-26 13:36:17,184 [pool-37-thread-1] INFO  storage.RaftStorage (RaftStorage.java:format(72)) - Storage directory /workdir/hadoop-ozone/tools/target/test-dir/MiniOzoneClusterImpl-9370444f-6a38-4216-baa9-a19329eb6ac6/datanode-1/data/ratis/96d29e0b-5b44-4704-823c-5e03cbfb3c0b has been successfully formatted.
2019-09-26 13:36:17,184 [pool-37-thread-1] INFO  ratis.ContainerStateMachine (ContainerStateMachine.java:loadSnapshot(230)) - group-5E03CBFB3C0B: The snapshot info is null. Setting the last applied indexto:(t:0, i:~)
2019-09-26 13:36:17,184 [pool-37-thread-1] INFO  server.RaftServerConfigKeys (ConfUtils.java:logGet(43)) - raft.server.notification.no-leader.timeout = 120s (custom)
2019-09-26 13:36:17,185 [pool-37-thread-1] INFO  server.RaftServerConfigKeys (ConfUtils.java:logGet(43)) - raft.server.log.use.memory = false (default)
2019-09-26 13:36:17,185 [pool-37-thread-1] INFO  server.RaftServerConfigKeys (ConfUtils.java:logGet(43)) - raft.server.log.purge.gap = 1000000 (custom)
2019-09-26 13:36:17,185 [pool-37-thread-1] INFO  server.RaftServerConfigKeys (ConfUtils.java:logGet(43)) - raft.server.log.appender.buffer.byte-limit = 33554432 (custom)
2019-09-26 13:36:17,185 [pool-37-thread-1] INFO  server.RaftServerConfigKeys (ConfUtils.java:logGet(43)) - raft.server.log.segment.size.max = 1048576 (custom)
2019-09-26 13:36:17,185 [pool-37-thread-1] INFO  server.RaftServerConfigKeys (ConfUtils.java:logGet(43)) - raft.server.log.segment.cache.num.max = 2 (custom)
2019-09-26 13:36:17,185 [pool-37-thread-1] INFO  segmented.SegmentedRaftLogWorker (SegmentedRaftLogWorker.java:<init>(172)) - new 0846c5d9-d8fd-49e0-9805-817523babe5a@group-5E03CBFB3C0B-SegmentedRaftLogWorker for RaftStorage:Storage Directory /workdir/hadoop-ozone/tools/target/test-dir/MiniOzoneClusterImpl-9370444f-6a38-4216-baa9-a19329eb6ac6/datanode-1/data/ratis/96d29e0b-5b44-4704-823c-5e03cbfb3c0b
2019-09-26 13:36:17,185 [pool-37-thread-1] INFO  server.RaftServerConfigKeys (ConfUtils.java:logGet(43)) - raft.server.log.queue.byte-limit = 2147483647 (custom)
2019-09-26 13:36:17,185 [pool-37-thread-1] INFO  server.RaftServerConfigKeys (ConfUtils.java:logGet(43)) - raft.server.log.queue.element-limit = 1024 (custom)
2019-09-26 13:36:17,185 [pool-37-thread-1] INFO  server.RaftServerConfigKeys (ConfUtils.java:logGet(43)) - raft.server.log.segment.size.max = 1048576 (custom)
2019-09-26 13:36:17,186 [pool-37-thread-1] INFO  server.RaftServerConfigKeys (ConfUtils.java:logGet(43)) - raft.server.log.preallocated.size = 16384 (custom)
2019-09-26 13:36:17,186 [pool-37-thread-1] INFO  server.RaftServerConfigKeys (ConfUtils.java:logGet(43)) - raft.server.log.write.buffer.size = 33554432 (custom)
2019-09-26 13:36:17,186 [pool-37-thread-1] INFO  server.RaftServerConfigKeys (ConfUtils.java:logGet(43)) - raft.server.log.force.sync.num = 128 (default)
2019-09-26 13:36:17,186 [pool-37-thread-1] INFO  server.RaftServerConfigKeys (ConfUtils.java:logGet(43)) - raft.server.log.statemachine.data.sync = true (default)
2019-09-26 13:36:17,186 [pool-37-thread-1] INFO  server.RaftServerConfigKeys (ConfUtils.java:logGet(43)) - raft.server.log.statemachine.data.sync.timeout = 10s (default)
2019-09-26 13:36:17,186 [pool-37-thread-1] INFO  server.RaftServerConfigKeys (ConfUtils.java:logGet(43)) - raft.server.log.statemachine.data.sync.timeout.retry = -1 (default)
2019-09-26 13:36:17,186 [pool-37-thread-1] INFO  server.RaftServerConfigKeys (ConfUtils.java:logGet(43)) - raft.server.log.statemachine.data.caching.enabled = true (custom)
2019-09-26 13:36:17,187 [pool-37-thread-1] INFO  segmented.SegmentedRaftLogWorker (SegmentedRaftLogWorker.java:lambda$new$0(132)) - 0846c5d9-d8fd-49e0-9805-817523babe5a@group-5E03CBFB3C0B-SegmentedRaftLogWorker: flushIndex: setUnconditionally 0 -> -1
2019-09-26 13:36:17,187 [pool-37-thread-1] INFO  server.RaftServerConfigKeys (ConfUtils.java:logGet(43)) - raft.server.snapshot.auto.trigger.enabled = true (custom)
2019-09-26 13:36:17,187 [pool-37-thread-1] INFO  server.RaftServerConfigKeys (ConfUtils.java:logGet(43)) - raft.server.snapshot.auto.trigger.threshold = 10000 (custom)
2019-09-26 13:36:17,187 [pool-37-thread-1] INFO  server.RaftServerConfigKeys (ConfUtils.java:logGet(43)) - raft.server.snapshot.retention.num.files = 5 (custom)
2019-09-26 13:36:17,187 [pool-37-thread-1] INFO  server.RaftServerConfigKeys (ConfUtils.java:logGet(43)) - raft.server.retrycache.expirytime = 600000ms (custom)
2019-09-26 13:36:17,189 [pool-37-thread-1] INFO  impl.RaftServerImpl (RaftServerImpl.java:start(185)) - 0846c5d9-d8fd-49e0-9805-817523babe5a@group-5E03CBFB3C0B: start as a follower, conf=-1: [0846c5d9-d8fd-49e0-9805-817523babe5a:192.168.164.238:38031], old=null
2019-09-26 13:36:17,189 [pool-37-thread-1] INFO  impl.RaftServerImpl (RaftServerImpl.java:setRole(174)) - 0846c5d9-d8fd-49e0-9805-817523babe5a@group-5E03CBFB3C0B: changes role from      null to FOLLOWER at term 0 for startAsFollower
2019-09-26 13:36:17,189 [pool-37-thread-1] INFO  impl.RoleInfo (RoleInfo.java:updateAndGet(143)) - 0846c5d9-d8fd-49e0-9805-817523babe5a: start FollowerState
2019-09-26 13:36:17,190 [pool-37-thread-1] INFO  util.JmxRegister (JmxRegister.java:tryRegister(44)) - Successfully registered JMX Bean with object name Ratis:service=RaftServer,group=group-5E03CBFB3C0B,id=0846c5d9-d8fd-49e0-9805-817523babe5a
2019-09-26 13:36:17,194 [RatisPipelineUtilsThread] INFO  pipeline.PipelineStateManager (PipelineStateManager.java:addPipeline(56)) - Created pipeline Pipeline[ Id: 96d29e0b-5b44-4704-823c-5e03cbfb3c0b, Nodes: 0846c5d9-d8fd-49e0-9805-817523babe5a{ip: 192.168.164.238, host: pr-hdds-1569-87zkn-1081879488, networkLocation: /default-rack, certSerialId: null}, Type:RATIS, Factor:ONE, State:OPEN]
2019-09-26 13:36:17,205 [grpc-default-executor-0] INFO  impl.RaftServerProxy (RaftServerProxy.java:addNew(89)) - 0846c5d9-d8fd-49e0-9805-817523babe5a: addNew group-3423C66D5CE7:[0846c5d9-d8fd-49e0-9805-817523babe5a:192.168.164.238:38031] returns group-3423C66D5CE7:java.util.concurrent.CompletableFuture@2342d3b6[Not completed]
2019-09-26 13:36:17,206 [pool-37-thread-1] INFO  impl.RaftServerImpl (RaftServerImpl.java:<init>(95)) - 0846c5d9-d8fd-49e0-9805-817523babe5a: new RaftServerImpl for group-3423C66D5CE7:[0846c5d9-d8fd-49e0-9805-817523babe5a:192.168.164.238:38031] with ContainerStateMachine:uninitialized
2019-09-26 13:36:17,206 [pool-37-thread-1] INFO  server.RaftServerConfigKeys (ConfUtils.java:logGet(43)) - raft.server.rpc.timeout.min = 5s (custom)
2019-09-26 13:36:17,206 [pool-37-thread-1] INFO  server.RaftServerConfigKeys (ConfUtils.java:logGet(43)) - raft.server.rpc.timeout.max = 5200ms (custom)
2019-09-26 13:36:17,206 [pool-37-thread-1] INFO  server.RaftServerConfigKeys (ConfUtils.java:logGet(43)) - raft.server.rpcslowness.timeout = 120s (custom)
2019-09-26 13:36:17,206 [pool-37-thread-1] INFO  server.RaftServerConfigKeys (ConfUtils.java:logGet(43)) - raft.server.sleep.deviation.threshold = 300 (default)
2019-09-26 13:36:17,206 [pool-37-thread-1] INFO  server.RaftServerConfigKeys (ConfUtils.java:logGet(43)) - raft.server.log.appender.install.snapshot.enabled = false (custom)
2019-09-26 13:36:17,206 [pool-37-thread-1] INFO  impl.RaftServerImpl (ServerState.java:<init>(103)) - 0846c5d9-d8fd-49e0-9805-817523babe5a@group-3423C66D5CE7: ConfigurationManager, init=-1: [0846c5d9-d8fd-49e0-9805-817523babe5a:192.168.164.238:38031], old=null, confs=<EMPTY_MAP>
2019-09-26 13:36:17,206 [pool-37-thread-1] INFO  server.RaftServerConfigKeys (ConfUtils.java:logGet(43)) - raft.server.storage.dir = [/workdir/hadoop-ozone/tools/target/test-dir/MiniOzoneClusterImpl-9370444f-6a38-4216-baa9-a19329eb6ac6/datanode-1/data/ratis] (custom)
2019-09-26 13:36:17,207 [pool-37-thread-1] INFO  storage.RaftStorageDirectory (RaftStorageDirectory.java:analyzeStorage(246)) - The storage directory /workdir/hadoop-ozone/tools/target/test-dir/MiniOzoneClusterImpl-9370444f-6a38-4216-baa9-a19329eb6ac6/datanode-1/data/ratis/7864cc3f-207c-4391-a0b7-3423c66d5ce7 does not exist. Creating ...
2019-09-26 13:36:17,220 [pool-37-thread-1] INFO  storage.RaftStorageDirectory (RaftStorageDirectory.java:tryLock(328)) - Lock on /workdir/hadoop-ozone/tools/target/test-dir/MiniOzoneClusterImpl-9370444f-6a38-4216-baa9-a19329eb6ac6/datanode-1/data/ratis/7864cc3f-207c-4391-a0b7-3423c66d5ce7/in_use.lock acquired by nodename 19660@pr-hdds-1569-87zkn-1081879488
2019-09-26 13:36:17,233 [pool-37-thread-1] INFO  storage.RaftStorage (RaftStorage.java:format(72)) - Storage directory /workdir/hadoop-ozone/tools/target/test-dir/MiniOzoneClusterImpl-9370444f-6a38-4216-baa9-a19329eb6ac6/datanode-1/data/ratis/7864cc3f-207c-4391-a0b7-3423c66d5ce7 has been successfully formatted.
2019-09-26 13:36:17,233 [pool-37-thread-1] INFO  ratis.ContainerStateMachine (ContainerStateMachine.java:loadSnapshot(230)) - group-3423C66D5CE7: The snapshot info is null. Setting the last applied indexto:(t:0, i:~)
2019-09-26 13:36:17,233 [pool-37-thread-1] INFO  server.RaftServerConfigKeys (ConfUtils.java:logGet(43)) - raft.server.notification.no-leader.timeout = 120s (custom)
2019-09-26 13:36:17,233 [pool-37-thread-1] INFO  server.RaftServerConfigKeys (ConfUtils.java:logGet(43)) - raft.server.log.use.memory = false (default)
2019-09-26 13:36:17,233 [pool-37-thread-1] INFO  server.RaftServerConfigKeys (ConfUtils.java:logGet(43)) - raft.server.log.purge.gap = 1000000 (custom)
2019-09-26 13:36:17,233 [pool-37-thread-1] INFO  server.RaftServerConfigKeys (ConfUtils.java:logGet(43)) - raft.server.log.appender.buffer.byte-limit = 33554432 (custom)
2019-09-26 13:36:17,233 [pool-37-thread-1] INFO  server.RaftServerConfigKeys (ConfUtils.java:logGet(43)) - raft.server.log.segment.size.max = 1048576 (custom)
2019-09-26 13:36:17,234 [pool-37-thread-1] INFO  server.RaftServerConfigKeys (ConfUtils.java:logGet(43)) - raft.server.log.segment.cache.num.max = 2 (custom)
2019-09-26 13:36:17,234 [pool-37-thread-1] INFO  segmented.SegmentedRaftLogWorker (SegmentedRaftLogWorker.java:<init>(172)) - new 0846c5d9-d8fd-49e0-9805-817523babe5a@group-3423C66D5CE7-SegmentedRaftLogWorker for RaftStorage:Storage Directory /workdir/hadoop-ozone/tools/target/test-dir/MiniOzoneClusterImpl-9370444f-6a38-4216-baa9-a19329eb6ac6/datanode-1/data/ratis/7864cc3f-207c-4391-a0b7-3423c66d5ce7
2019-09-26 13:36:17,234 [pool-37-thread-1] INFO  server.RaftServerConfigKeys (ConfUtils.java:logGet(43)) - raft.server.log.queue.byte-limit = 2147483647 (custom)
2019-09-26 13:36:17,234 [pool-37-thread-1] INFO  server.RaftServerConfigKeys (ConfUtils.java:logGet(43)) - raft.server.log.queue.element-limit = 1024 (custom)
2019-09-26 13:36:17,234 [pool-37-thread-1] INFO  server.RaftServerConfigKeys (ConfUtils.java:logGet(43)) - raft.server.log.segment.size.max = 1048576 (custom)
2019-09-26 13:36:17,234 [pool-37-thread-1] INFO  server.RaftServerConfigKeys (ConfUtils.java:logGet(43)) - raft.server.log.preallocated.size = 16384 (custom)
2019-09-26 13:36:17,234 [pool-37-thread-1] INFO  server.RaftServerConfigKeys (ConfUtils.java:logGet(43)) - raft.server.log.write.buffer.size = 33554432 (custom)
2019-09-26 13:36:17,234 [pool-37-thread-1] INFO  server.RaftServerConfigKeys (ConfUtils.java:logGet(43)) - raft.server.log.force.sync.num = 128 (default)
2019-09-26 13:36:17,234 [pool-37-thread-1] INFO  server.RaftServerConfigKeys (ConfUtils.java:logGet(43)) - raft.server.log.statemachine.data.sync = true (default)
2019-09-26 13:36:17,234 [pool-37-thread-1] INFO  server.RaftServerConfigKeys (ConfUtils.java:logGet(43)) - raft.server.log.statemachine.data.sync.timeout = 10s (default)
2019-09-26 13:36:17,235 [pool-37-thread-1] INFO  server.RaftServerConfigKeys (ConfUtils.java:logGet(43)) - raft.server.log.statemachine.data.sync.timeout.retry = -1 (default)
2019-09-26 13:36:17,235 [pool-37-thread-1] INFO  server.RaftServerConfigKeys (ConfUtils.java:logGet(43)) - raft.server.log.statemachine.data.caching.enabled = true (custom)
2019-09-26 13:36:17,235 [pool-37-thread-1] INFO  segmented.SegmentedRaftLogWorker (SegmentedRaftLogWorker.java:lambda$new$0(132)) - 0846c5d9-d8fd-49e0-9805-817523babe5a@group-3423C66D5CE7-SegmentedRaftLogWorker: flushIndex: setUnconditionally 0 -> -1
2019-09-26 13:36:17,235 [pool-37-thread-1] INFO  server.RaftServerConfigKeys (ConfUtils.java:logGet(43)) - raft.server.snapshot.auto.trigger.enabled = true (custom)
2019-09-26 13:36:17,235 [pool-37-thread-1] INFO  server.RaftServerConfigKeys (ConfUtils.java:logGet(43)) - raft.server.snapshot.auto.trigger.threshold = 10000 (custom)
2019-09-26 13:36:17,235 [pool-37-thread-1] INFO  server.RaftServerConfigKeys (ConfUtils.java:logGet(43)) - raft.server.snapshot.retention.num.files = 5 (custom)
2019-09-26 13:36:17,236 [pool-37-thread-1] INFO  server.RaftServerConfigKeys (ConfUtils.java:logGet(43)) - raft.server.retrycache.expirytime = 600000ms (custom)
2019-09-26 13:36:17,238 [pool-37-thread-1] INFO  impl.RaftServerImpl (RaftServerImpl.java:start(185)) - 0846c5d9-d8fd-49e0-9805-817523babe5a@group-3423C66D5CE7: start as a follower, conf=-1: [0846c5d9-d8fd-49e0-9805-817523babe5a:192.168.164.238:38031], old=null
2019-09-26 13:36:17,239 [pool-37-thread-1] INFO  impl.RaftServerImpl (RaftServerImpl.java:setRole(174)) - 0846c5d9-d8fd-49e0-9805-817523babe5a@group-3423C66D5CE7: changes role from      null to FOLLOWER at term 0 for startAsFollower
2019-09-26 13:36:17,239 [pool-37-thread-1] INFO  impl.RoleInfo (RoleInfo.java:updateAndGet(143)) - 0846c5d9-d8fd-49e0-9805-817523babe5a: start FollowerState
2019-09-26 13:36:17,239 [pool-37-thread-1] INFO  util.JmxRegister (JmxRegister.java:tryRegister(44)) - Successfully registered JMX Bean with object name Ratis:service=RaftServer,group=group-3423C66D5CE7,id=0846c5d9-d8fd-49e0-9805-817523babe5a
2019-09-26 13:36:17,243 [RatisPipelineUtilsThread] INFO  pipeline.PipelineStateManager (PipelineStateManager.java:addPipeline(56)) - Created pipeline Pipeline[ Id: 7864cc3f-207c-4391-a0b7-3423c66d5ce7, Nodes: 0846c5d9-d8fd-49e0-9805-817523babe5a{ip: 192.168.164.238, host: pr-hdds-1569-87zkn-1081879488, networkLocation: /default-rack, certSerialId: null}, Type:RATIS, Factor:ONE, State:OPEN]
2019-09-26 13:36:17,252 [grpc-default-executor-0] INFO  impl.RaftServerProxy (RaftServerProxy.java:addNew(89)) - 1d0de9a6-3b8a-4f01-86ad-2ac4521aa9e5: addNew group-633AA6283C01:[1d0de9a6-3b8a-4f01-86ad-2ac4521aa9e5:192.168.164.238:45430] returns group-633AA6283C01:java.util.concurrent.CompletableFuture@60c2e5e[Not completed]
2019-09-26 13:36:17,254 [pool-47-thread-1] INFO  impl.RaftServerImpl (RaftServerImpl.java:<init>(95)) - 1d0de9a6-3b8a-4f01-86ad-2ac4521aa9e5: new RaftServerImpl for group-633AA6283C01:[1d0de9a6-3b8a-4f01-86ad-2ac4521aa9e5:192.168.164.238:45430] with ContainerStateMachine:uninitialized
2019-09-26 13:36:17,254 [pool-47-thread-1] INFO  server.RaftServerConfigKeys (ConfUtils.java:logGet(43)) - raft.server.rpc.timeout.min = 5s (custom)
2019-09-26 13:36:17,254 [pool-47-thread-1] INFO  server.RaftServerConfigKeys (ConfUtils.java:logGet(43)) - raft.server.rpc.timeout.max = 5200ms (custom)
2019-09-26 13:36:17,255 [pool-47-thread-1] INFO  server.RaftServerConfigKeys (ConfUtils.java:logGet(43)) - raft.server.rpcslowness.timeout = 120s (custom)
2019-09-26 13:36:17,255 [pool-47-thread-1] INFO  server.RaftServerConfigKeys (ConfUtils.java:logGet(43)) - raft.server.sleep.deviation.threshold = 300 (default)
2019-09-26 13:36:17,255 [pool-47-thread-1] INFO  server.RaftServerConfigKeys (ConfUtils.java:logGet(43)) - raft.server.log.appender.install.snapshot.enabled = false (custom)
2019-09-26 13:36:17,255 [pool-47-thread-1] INFO  impl.RaftServerImpl (ServerState.java:<init>(103)) - 1d0de9a6-3b8a-4f01-86ad-2ac4521aa9e5@group-633AA6283C01: ConfigurationManager, init=-1: [1d0de9a6-3b8a-4f01-86ad-2ac4521aa9e5:192.168.164.238:45430], old=null, confs=<EMPTY_MAP>
2019-09-26 13:36:17,255 [pool-47-thread-1] INFO  server.RaftServerConfigKeys (ConfUtils.java:logGet(43)) - raft.server.storage.dir = [/workdir/hadoop-ozone/tools/target/test-dir/MiniOzoneClusterImpl-9370444f-6a38-4216-baa9-a19329eb6ac6/datanode-2/data/ratis] (custom)
2019-09-26 13:36:17,256 [pool-47-thread-1] INFO  storage.RaftStorageDirectory (RaftStorageDirectory.java:analyzeStorage(246)) - The storage directory /workdir/hadoop-ozone/tools/target/test-dir/MiniOzoneClusterImpl-9370444f-6a38-4216-baa9-a19329eb6ac6/datanode-2/data/ratis/79dd93ec-de4c-4eed-8ad3-633aa6283c01 does not exist. Creating ...
2019-09-26 13:36:17,269 [pool-47-thread-1] INFO  storage.RaftStorageDirectory (RaftStorageDirectory.java:tryLock(328)) - Lock on /workdir/hadoop-ozone/tools/target/test-dir/MiniOzoneClusterImpl-9370444f-6a38-4216-baa9-a19329eb6ac6/datanode-2/data/ratis/79dd93ec-de4c-4eed-8ad3-633aa6283c01/in_use.lock acquired by nodename 19660@pr-hdds-1569-87zkn-1081879488
2019-09-26 13:36:17,283 [pool-47-thread-1] INFO  storage.RaftStorage (RaftStorage.java:format(72)) - Storage directory /workdir/hadoop-ozone/tools/target/test-dir/MiniOzoneClusterImpl-9370444f-6a38-4216-baa9-a19329eb6ac6/datanode-2/data/ratis/79dd93ec-de4c-4eed-8ad3-633aa6283c01 has been successfully formatted.
2019-09-26 13:36:17,283 [pool-47-thread-1] INFO  ratis.ContainerStateMachine (ContainerStateMachine.java:loadSnapshot(230)) - group-633AA6283C01: The snapshot info is null. Setting the last applied indexto:(t:0, i:~)
2019-09-26 13:36:17,283 [pool-47-thread-1] INFO  server.RaftServerConfigKeys (ConfUtils.java:logGet(43)) - raft.server.notification.no-leader.timeout = 120s (custom)
2019-09-26 13:36:17,283 [pool-47-thread-1] INFO  server.RaftServerConfigKeys (ConfUtils.java:logGet(43)) - raft.server.log.use.memory = false (default)
2019-09-26 13:36:17,283 [pool-47-thread-1] INFO  server.RaftServerConfigKeys (ConfUtils.java:logGet(43)) - raft.server.log.purge.gap = 1000000 (custom)
2019-09-26 13:36:17,284 [pool-47-thread-1] INFO  server.RaftServerConfigKeys (ConfUtils.java:logGet(43)) - raft.server.log.appender.buffer.byte-limit = 33554432 (custom)
2019-09-26 13:36:17,284 [pool-47-thread-1] INFO  server.RaftServerConfigKeys (ConfUtils.java:logGet(43)) - raft.server.log.segment.size.max = 1048576 (custom)
2019-09-26 13:36:17,284 [pool-47-thread-1] INFO  server.RaftServerConfigKeys (ConfUtils.java:logGet(43)) - raft.server.log.segment.cache.num.max = 2 (custom)
2019-09-26 13:36:17,284 [pool-47-thread-1] INFO  segmented.SegmentedRaftLogWorker (SegmentedRaftLogWorker.java:<init>(172)) - new 1d0de9a6-3b8a-4f01-86ad-2ac4521aa9e5@group-633AA6283C01-SegmentedRaftLogWorker for RaftStorage:Storage Directory /workdir/hadoop-ozone/tools/target/test-dir/MiniOzoneClusterImpl-9370444f-6a38-4216-baa9-a19329eb6ac6/datanode-2/data/ratis/79dd93ec-de4c-4eed-8ad3-633aa6283c01
2019-09-26 13:36:17,284 [pool-47-thread-1] INFO  server.RaftServerConfigKeys (ConfUtils.java:logGet(43)) - raft.server.log.queue.byte-limit = 2147483647 (custom)
2019-09-26 13:36:17,284 [pool-47-thread-1] INFO  server.RaftServerConfigKeys (ConfUtils.java:logGet(43)) - raft.server.log.queue.element-limit = 1024 (custom)
2019-09-26 13:36:17,285 [pool-47-thread-1] INFO  server.RaftServerConfigKeys (ConfUtils.java:logGet(43)) - raft.server.log.segment.size.max = 1048576 (custom)
2019-09-26 13:36:17,285 [pool-47-thread-1] INFO  server.RaftServerConfigKeys (ConfUtils.java:logGet(43)) - raft.server.log.preallocated.size = 16384 (custom)
2019-09-26 13:36:17,285 [pool-47-thread-1] INFO  server.RaftServerConfigKeys (ConfUtils.java:logGet(43)) - raft.server.log.write.buffer.size = 33554432 (custom)
2019-09-26 13:36:17,285 [pool-47-thread-1] INFO  server.RaftServerConfigKeys (ConfUtils.java:logGet(43)) - raft.server.log.force.sync.num = 128 (default)
2019-09-26 13:36:17,285 [pool-47-thread-1] INFO  server.RaftServerConfigKeys (ConfUtils.java:logGet(43)) - raft.server.log.statemachine.data.sync = true (default)
2019-09-26 13:36:17,285 [pool-47-thread-1] INFO  server.RaftServerConfigKeys (ConfUtils.java:logGet(43)) - raft.server.log.statemachine.data.sync.timeout = 10s (default)
2019-09-26 13:36:17,286 [pool-47-thread-1] INFO  server.RaftServerConfigKeys (ConfUtils.java:logGet(43)) - raft.server.log.statemachine.data.sync.timeout.retry = -1 (default)
2019-09-26 13:36:17,286 [pool-47-thread-1] INFO  server.RaftServerConfigKeys (ConfUtils.java:logGet(43)) - raft.server.log.statemachine.data.caching.enabled = true (custom)
2019-09-26 13:36:17,286 [pool-47-thread-1] INFO  segmented.SegmentedRaftLogWorker (SegmentedRaftLogWorker.java:lambda$new$0(132)) - 1d0de9a6-3b8a-4f01-86ad-2ac4521aa9e5@group-633AA6283C01-SegmentedRaftLogWorker: flushIndex: setUnconditionally 0 -> -1
2019-09-26 13:36:17,287 [pool-47-thread-1] INFO  server.RaftServerConfigKeys (ConfUtils.java:logGet(43)) - raft.server.snapshot.auto.trigger.enabled = true (custom)
2019-09-26 13:36:17,287 [pool-47-thread-1] INFO  server.RaftServerConfigKeys (ConfUtils.java:logGet(43)) - raft.server.snapshot.auto.trigger.threshold = 10000 (custom)
2019-09-26 13:36:17,287 [pool-47-thread-1] INFO  server.RaftServerConfigKeys (ConfUtils.java:logGet(43)) - raft.server.snapshot.retention.num.files = 5 (custom)
2019-09-26 13:36:17,287 [pool-47-thread-1] INFO  server.RaftServerConfigKeys (ConfUtils.java:logGet(43)) - raft.server.retrycache.expirytime = 600000ms (custom)
2019-09-26 13:36:17,290 [pool-47-thread-1] INFO  impl.RaftServerImpl (RaftServerImpl.java:start(185)) - 1d0de9a6-3b8a-4f01-86ad-2ac4521aa9e5@group-633AA6283C01: start as a follower, conf=-1: [1d0de9a6-3b8a-4f01-86ad-2ac4521aa9e5:192.168.164.238:45430], old=null
2019-09-26 13:36:17,290 [pool-47-thread-1] INFO  impl.RaftServerImpl (RaftServerImpl.java:setRole(174)) - 1d0de9a6-3b8a-4f01-86ad-2ac4521aa9e5@group-633AA6283C01: changes role from      null to FOLLOWER at term 0 for startAsFollower
2019-09-26 13:36:17,291 [pool-47-thread-1] INFO  impl.RoleInfo (RoleInfo.java:updateAndGet(143)) - 1d0de9a6-3b8a-4f01-86ad-2ac4521aa9e5: start FollowerState
2019-09-26 13:36:17,291 [pool-47-thread-1] INFO  util.JmxRegister (JmxRegister.java:tryRegister(44)) - Successfully registered JMX Bean with object name Ratis:service=RaftServer,group=group-633AA6283C01,id=1d0de9a6-3b8a-4f01-86ad-2ac4521aa9e5
2019-09-26 13:36:17,297 [RatisPipelineUtilsThread] INFO  pipeline.PipelineStateManager (PipelineStateManager.java:addPipeline(56)) - Created pipeline Pipeline[ Id: 79dd93ec-de4c-4eed-8ad3-633aa6283c01, Nodes: 1d0de9a6-3b8a-4f01-86ad-2ac4521aa9e5{ip: 192.168.164.238, host: pr-hdds-1569-87zkn-1081879488, networkLocation: /default-rack, certSerialId: null}, Type:RATIS, Factor:ONE, State:OPEN]
2019-09-26 13:36:17,297 [RatisPipelineUtilsThread] INFO  pipeline.PipelinePlacementPolicy (PipelinePlacementPolicy.java:meetCriteria(91)) - Pipeline Placement: can't place more pipeline on heavy datanode： 1d0de9a6-3b8a-4f01-86ad-2ac4521aa9e5 Heaviness: 6 limit: 5
2019-09-26 13:36:17,312 [grpc-default-executor-0] INFO  impl.RaftServerProxy (RaftServerProxy.java:addNew(89)) - 346062cc-ad15-42e2-9beb-d47eb155c827: addNew group-7B2A6DBAC859:[346062cc-ad15-42e2-9beb-d47eb155c827:192.168.164.238:43674] returns group-7B2A6DBAC859:java.util.concurrent.CompletableFuture@34cd5f7e[Not completed]
2019-09-26 13:36:17,313 [pool-67-thread-1] INFO  impl.RaftServerImpl (RaftServerImpl.java:<init>(95)) - 346062cc-ad15-42e2-9beb-d47eb155c827: new RaftServerImpl for group-7B2A6DBAC859:[346062cc-ad15-42e2-9beb-d47eb155c827:192.168.164.238:43674] with ContainerStateMachine:uninitialized
2019-09-26 13:36:17,313 [pool-67-thread-1] INFO  server.RaftServerConfigKeys (ConfUtils.java:logGet(43)) - raft.server.rpc.timeout.min = 5s (custom)
2019-09-26 13:36:17,314 [pool-67-thread-1] INFO  server.RaftServerConfigKeys (ConfUtils.java:logGet(43)) - raft.server.rpc.timeout.max = 5200ms (custom)
2019-09-26 13:36:17,314 [pool-67-thread-1] INFO  server.RaftServerConfigKeys (ConfUtils.java:logGet(43)) - raft.server.rpcslowness.timeout = 120s (custom)
2019-09-26 13:36:17,314 [pool-67-thread-1] INFO  server.RaftServerConfigKeys (ConfUtils.java:logGet(43)) - raft.server.sleep.deviation.threshold = 300 (default)
2019-09-26 13:36:17,314 [pool-67-thread-1] INFO  server.RaftServerConfigKeys (ConfUtils.java:logGet(43)) - raft.server.log.appender.install.snapshot.enabled = false (custom)
2019-09-26 13:36:17,314 [pool-67-thread-1] INFO  impl.RaftServerImpl (ServerState.java:<init>(103)) - 346062cc-ad15-42e2-9beb-d47eb155c827@group-7B2A6DBAC859: ConfigurationManager, init=-1: [346062cc-ad15-42e2-9beb-d47eb155c827:192.168.164.238:43674], old=null, confs=<EMPTY_MAP>
2019-09-26 13:36:17,314 [pool-67-thread-1] INFO  server.RaftServerConfigKeys (ConfUtils.java:logGet(43)) - raft.server.storage.dir = [/workdir/hadoop-ozone/tools/target/test-dir/MiniOzoneClusterImpl-9370444f-6a38-4216-baa9-a19329eb6ac6/datanode-4/data/ratis] (custom)
2019-09-26 13:36:17,315 [pool-67-thread-1] INFO  storage.RaftStorageDirectory (RaftStorageDirectory.java:analyzeStorage(246)) - The storage directory /workdir/hadoop-ozone/tools/target/test-dir/MiniOzoneClusterImpl-9370444f-6a38-4216-baa9-a19329eb6ac6/datanode-4/data/ratis/cdd8351b-040e-4d7b-ad86-7b2a6dbac859 does not exist. Creating ...
2019-09-26 13:36:17,327 [pool-67-thread-1] INFO  storage.RaftStorageDirectory (RaftStorageDirectory.java:tryLock(328)) - Lock on /workdir/hadoop-ozone/tools/target/test-dir/MiniOzoneClusterImpl-9370444f-6a38-4216-baa9-a19329eb6ac6/datanode-4/data/ratis/cdd8351b-040e-4d7b-ad86-7b2a6dbac859/in_use.lock acquired by nodename 19660@pr-hdds-1569-87zkn-1081879488
2019-09-26 13:36:17,340 [pool-67-thread-1] INFO  storage.RaftStorage (RaftStorage.java:format(72)) - Storage directory /workdir/hadoop-ozone/tools/target/test-dir/MiniOzoneClusterImpl-9370444f-6a38-4216-baa9-a19329eb6ac6/datanode-4/data/ratis/cdd8351b-040e-4d7b-ad86-7b2a6dbac859 has been successfully formatted.
2019-09-26 13:36:17,340 [pool-67-thread-1] INFO  ratis.ContainerStateMachine (ContainerStateMachine.java:loadSnapshot(230)) - group-7B2A6DBAC859: The snapshot info is null. Setting the last applied indexto:(t:0, i:~)
2019-09-26 13:36:17,340 [pool-67-thread-1] INFO  server.RaftServerConfigKeys (ConfUtils.java:logGet(43)) - raft.server.notification.no-leader.timeout = 120s (custom)
2019-09-26 13:36:17,341 [pool-67-thread-1] INFO  server.RaftServerConfigKeys (ConfUtils.java:logGet(43)) - raft.server.log.use.memory = false (default)
2019-09-26 13:36:17,341 [pool-67-thread-1] INFO  server.RaftServerConfigKeys (ConfUtils.java:logGet(43)) - raft.server.log.purge.gap = 1000000 (custom)
2019-09-26 13:36:17,341 [pool-67-thread-1] INFO  server.RaftServerConfigKeys (ConfUtils.java:logGet(43)) - raft.server.log.appender.buffer.byte-limit = 33554432 (custom)
2019-09-26 13:36:17,341 [pool-67-thread-1] INFO  server.RaftServerConfigKeys (ConfUtils.java:logGet(43)) - raft.server.log.segment.size.max = 1048576 (custom)
2019-09-26 13:36:17,341 [pool-67-thread-1] INFO  server.RaftServerConfigKeys (ConfUtils.java:logGet(43)) - raft.server.log.segment.cache.num.max = 2 (custom)
2019-09-26 13:36:17,341 [pool-67-thread-1] INFO  segmented.SegmentedRaftLogWorker (SegmentedRaftLogWorker.java:<init>(172)) - new 346062cc-ad15-42e2-9beb-d47eb155c827@group-7B2A6DBAC859-SegmentedRaftLogWorker for RaftStorage:Storage Directory /workdir/hadoop-ozone/tools/target/test-dir/MiniOzoneClusterImpl-9370444f-6a38-4216-baa9-a19329eb6ac6/datanode-4/data/ratis/cdd8351b-040e-4d7b-ad86-7b2a6dbac859
2019-09-26 13:36:17,341 [pool-67-thread-1] INFO  server.RaftServerConfigKeys (ConfUtils.java:logGet(43)) - raft.server.log.queue.byte-limit = 2147483647 (custom)
2019-09-26 13:36:17,341 [pool-67-thread-1] INFO  server.RaftServerConfigKeys (ConfUtils.java:logGet(43)) - raft.server.log.queue.element-limit = 1024 (custom)
2019-09-26 13:36:17,341 [pool-67-thread-1] INFO  server.RaftServerConfigKeys (ConfUtils.java:logGet(43)) - raft.server.log.segment.size.max = 1048576 (custom)
2019-09-26 13:36:17,342 [pool-67-thread-1] INFO  server.RaftServerConfigKeys (ConfUtils.java:logGet(43)) - raft.server.log.preallocated.size = 16384 (custom)
2019-09-26 13:36:17,342 [pool-67-thread-1] INFO  server.RaftServerConfigKeys (ConfUtils.java:logGet(43)) - raft.server.log.write.buffer.size = 33554432 (custom)
2019-09-26 13:36:17,342 [pool-67-thread-1] INFO  server.RaftServerConfigKeys (ConfUtils.java:logGet(43)) - raft.server.log.force.sync.num = 128 (default)
2019-09-26 13:36:17,342 [pool-67-thread-1] INFO  server.RaftServerConfigKeys (ConfUtils.java:logGet(43)) - raft.server.log.statemachine.data.sync = true (default)
2019-09-26 13:36:17,342 [pool-67-thread-1] INFO  server.RaftServerConfigKeys (ConfUtils.java:logGet(43)) - raft.server.log.statemachine.data.sync.timeout = 10s (default)
2019-09-26 13:36:17,342 [pool-67-thread-1] INFO  server.RaftServerConfigKeys (ConfUtils.java:logGet(43)) - raft.server.log.statemachine.data.sync.timeout.retry = -1 (default)
2019-09-26 13:36:17,342 [pool-67-thread-1] INFO  server.RaftServerConfigKeys (ConfUtils.java:logGet(43)) - raft.server.log.statemachine.data.caching.enabled = true (custom)
2019-09-26 13:36:17,343 [pool-67-thread-1] INFO  segmented.SegmentedRaftLogWorker (SegmentedRaftLogWorker.java:lambda$new$0(132)) - 346062cc-ad15-42e2-9beb-d47eb155c827@group-7B2A6DBAC859-SegmentedRaftLogWorker: flushIndex: setUnconditionally 0 -> -1
2019-09-26 13:36:17,343 [pool-67-thread-1] INFO  server.RaftServerConfigKeys (ConfUtils.java:logGet(43)) - raft.server.snapshot.auto.trigger.enabled = true (custom)
2019-09-26 13:36:17,343 [pool-67-thread-1] INFO  server.RaftServerConfigKeys (ConfUtils.java:logGet(43)) - raft.server.snapshot.auto.trigger.threshold = 10000 (custom)
2019-09-26 13:36:17,343 [pool-67-thread-1] INFO  server.RaftServerConfigKeys (ConfUtils.java:logGet(43)) - raft.server.snapshot.retention.num.files = 5 (custom)
2019-09-26 13:36:17,344 [pool-67-thread-1] INFO  server.RaftServerConfigKeys (ConfUtils.java:logGet(43)) - raft.server.retrycache.expirytime = 600000ms (custom)
2019-09-26 13:36:17,346 [pool-67-thread-1] INFO  impl.RaftServerImpl (RaftServerImpl.java:start(185)) - 346062cc-ad15-42e2-9beb-d47eb155c827@group-7B2A6DBAC859: start as a follower, conf=-1: [346062cc-ad15-42e2-9beb-d47eb155c827:192.168.164.238:43674], old=null
2019-09-26 13:36:17,346 [pool-67-thread-1] INFO  impl.RaftServerImpl (RaftServerImpl.java:setRole(174)) - 346062cc-ad15-42e2-9beb-d47eb155c827@group-7B2A6DBAC859: changes role from      null to FOLLOWER at term 0 for startAsFollower
2019-09-26 13:36:17,347 [pool-67-thread-1] INFO  impl.RoleInfo (RoleInfo.java:updateAndGet(143)) - 346062cc-ad15-42e2-9beb-d47eb155c827: start FollowerState
2019-09-26 13:36:17,347 [pool-67-thread-1] INFO  util.JmxRegister (JmxRegister.java:tryRegister(44)) - Successfully registered JMX Bean with object name Ratis:service=RaftServer,group=group-7B2A6DBAC859,id=346062cc-ad15-42e2-9beb-d47eb155c827
2019-09-26 13:36:17,352 [RatisPipelineUtilsThread] INFO  pipeline.PipelineStateManager (PipelineStateManager.java:addPipeline(56)) - Created pipeline Pipeline[ Id: cdd8351b-040e-4d7b-ad86-7b2a6dbac859, Nodes: 346062cc-ad15-42e2-9beb-d47eb155c827{ip: 192.168.164.238, host: pr-hdds-1569-87zkn-1081879488, networkLocation: /default-rack, certSerialId: null}, Type:RATIS, Factor:ONE, State:OPEN]
2019-09-26 13:36:17,353 [RatisPipelineUtilsThread] INFO  pipeline.PipelinePlacementPolicy (PipelinePlacementPolicy.java:meetCriteria(91)) - Pipeline Placement: can't place more pipeline on heavy datanode： 1d0de9a6-3b8a-4f01-86ad-2ac4521aa9e5 Heaviness: 6 limit: 5
2019-09-26 13:36:17,375 [grpc-default-executor-0] INFO  impl.RaftServerProxy (RaftServerProxy.java:addNew(89)) - 782e32e3-c0a7-42e5-b748-90e00549b00d: addNew group-8EDBFE1E79E6:[782e32e3-c0a7-42e5-b748-90e00549b00d:192.168.164.238:33921] returns group-8EDBFE1E79E6:java.util.concurrent.CompletableFuture@ee756e0[Not completed]
2019-09-26 13:36:17,377 [pool-57-thread-1] INFO  impl.RaftServerImpl (RaftServerImpl.java:<init>(95)) - 782e32e3-c0a7-42e5-b748-90e00549b00d: new RaftServerImpl for group-8EDBFE1E79E6:[782e32e3-c0a7-42e5-b748-90e00549b00d:192.168.164.238:33921] with ContainerStateMachine:uninitialized
2019-09-26 13:36:17,378 [pool-57-thread-1] INFO  server.RaftServerConfigKeys (ConfUtils.java:logGet(43)) - raft.server.rpc.timeout.min = 5s (custom)
2019-09-26 13:36:17,378 [pool-57-thread-1] INFO  server.RaftServerConfigKeys (ConfUtils.java:logGet(43)) - raft.server.rpc.timeout.max = 5200ms (custom)
2019-09-26 13:36:17,378 [pool-57-thread-1] INFO  server.RaftServerConfigKeys (ConfUtils.java:logGet(43)) - raft.server.rpcslowness.timeout = 120s (custom)
2019-09-26 13:36:17,378 [pool-57-thread-1] INFO  server.RaftServerConfigKeys (ConfUtils.java:logGet(43)) - raft.server.sleep.deviation.threshold = 300 (default)
2019-09-26 13:36:17,378 [pool-57-thread-1] INFO  server.RaftServerConfigKeys (ConfUtils.java:logGet(43)) - raft.server.log.appender.install.snapshot.enabled = false (custom)
2019-09-26 13:36:17,378 [pool-57-thread-1] INFO  impl.RaftServerImpl (ServerState.java:<init>(103)) - 782e32e3-c0a7-42e5-b748-90e00549b00d@group-8EDBFE1E79E6: ConfigurationManager, init=-1: [782e32e3-c0a7-42e5-b748-90e00549b00d:192.168.164.238:33921], old=null, confs=<EMPTY_MAP>
2019-09-26 13:36:17,379 [pool-57-thread-1] INFO  server.RaftServerConfigKeys (ConfUtils.java:logGet(43)) - raft.server.storage.dir = [/workdir/hadoop-ozone/tools/target/test-dir/MiniOzoneClusterImpl-9370444f-6a38-4216-baa9-a19329eb6ac6/datanode-3/data/ratis] (custom)
2019-09-26 13:36:17,379 [pool-57-thread-1] INFO  storage.RaftStorageDirectory (RaftStorageDirectory.java:analyzeStorage(246)) - The storage directory /workdir/hadoop-ozone/tools/target/test-dir/MiniOzoneClusterImpl-9370444f-6a38-4216-baa9-a19329eb6ac6/datanode-3/data/ratis/d80107b4-e973-445c-9ac1-8edbfe1e79e6 does not exist. Creating ...
2019-09-26 13:36:17,392 [pool-57-thread-1] INFO  storage.RaftStorageDirectory (RaftStorageDirectory.java:tryLock(328)) - Lock on /workdir/hadoop-ozone/tools/target/test-dir/MiniOzoneClusterImpl-9370444f-6a38-4216-baa9-a19329eb6ac6/datanode-3/data/ratis/d80107b4-e973-445c-9ac1-8edbfe1e79e6/in_use.lock acquired by nodename 19660@pr-hdds-1569-87zkn-1081879488
2019-09-26 13:36:17,405 [pool-57-thread-1] INFO  storage.RaftStorage (RaftStorage.java:format(72)) - Storage directory /workdir/hadoop-ozone/tools/target/test-dir/MiniOzoneClusterImpl-9370444f-6a38-4216-baa9-a19329eb6ac6/datanode-3/data/ratis/d80107b4-e973-445c-9ac1-8edbfe1e79e6 has been successfully formatted.
2019-09-26 13:36:17,405 [pool-57-thread-1] INFO  ratis.ContainerStateMachine (ContainerStateMachine.java:loadSnapshot(230)) - group-8EDBFE1E79E6: The snapshot info is null. Setting the last applied indexto:(t:0, i:~)
2019-09-26 13:36:17,405 [pool-57-thread-1] INFO  server.RaftServerConfigKeys (ConfUtils.java:logGet(43)) - raft.server.notification.no-leader.timeout = 120s (custom)
2019-09-26 13:36:17,405 [pool-57-thread-1] INFO  server.RaftServerConfigKeys (ConfUtils.java:logGet(43)) - raft.server.log.use.memory = false (default)
2019-09-26 13:36:17,406 [pool-57-thread-1] INFO  server.RaftServerConfigKeys (ConfUtils.java:logGet(43)) - raft.server.log.purge.gap = 1000000 (custom)
2019-09-26 13:36:17,406 [pool-57-thread-1] INFO  server.RaftServerConfigKeys (ConfUtils.java:logGet(43)) - raft.server.log.appender.buffer.byte-limit = 33554432 (custom)
2019-09-26 13:36:17,406 [pool-57-thread-1] INFO  server.RaftServerConfigKeys (ConfUtils.java:logGet(43)) - raft.server.log.segment.size.max = 1048576 (custom)
2019-09-26 13:36:17,406 [pool-57-thread-1] INFO  server.RaftServerConfigKeys (ConfUtils.java:logGet(43)) - raft.server.log.segment.cache.num.max = 2 (custom)
2019-09-26 13:36:17,406 [pool-57-thread-1] INFO  segmented.SegmentedRaftLogWorker (SegmentedRaftLogWorker.java:<init>(172)) - new 782e32e3-c0a7-42e5-b748-90e00549b00d@group-8EDBFE1E79E6-SegmentedRaftLogWorker for RaftStorage:Storage Directory /workdir/hadoop-ozone/tools/target/test-dir/MiniOzoneClusterImpl-9370444f-6a38-4216-baa9-a19329eb6ac6/datanode-3/data/ratis/d80107b4-e973-445c-9ac1-8edbfe1e79e6
2019-09-26 13:36:17,407 [pool-57-thread-1] INFO  server.RaftServerConfigKeys (ConfUtils.java:logGet(43)) - raft.server.log.queue.byte-limit = 2147483647 (custom)
2019-09-26 13:36:17,407 [pool-57-thread-1] INFO  server.RaftServerConfigKeys (ConfUtils.java:logGet(43)) - raft.server.log.queue.element-limit = 1024 (custom)
2019-09-26 13:36:17,407 [pool-57-thread-1] INFO  server.RaftServerConfigKeys (ConfUtils.java:logGet(43)) - raft.server.log.segment.size.max = 1048576 (custom)
2019-09-26 13:36:17,407 [pool-57-thread-1] INFO  server.RaftServerConfigKeys (ConfUtils.java:logGet(43)) - raft.server.log.preallocated.size = 16384 (custom)
2019-09-26 13:36:17,407 [pool-57-thread-1] INFO  server.RaftServerConfigKeys (ConfUtils.java:logGet(43)) - raft.server.log.write.buffer.size = 33554432 (custom)
2019-09-26 13:36:17,407 [pool-57-thread-1] INFO  server.RaftServerConfigKeys (ConfUtils.java:logGet(43)) - raft.server.log.force.sync.num = 128 (default)
2019-09-26 13:36:17,407 [pool-57-thread-1] INFO  server.RaftServerConfigKeys (ConfUtils.java:logGet(43)) - raft.server.log.statemachine.data.sync = true (default)
2019-09-26 13:36:17,408 [pool-57-thread-1] INFO  server.RaftServerConfigKeys (ConfUtils.java:logGet(43)) - raft.server.log.statemachine.data.sync.timeout = 10s (default)
2019-09-26 13:36:17,408 [pool-57-thread-1] INFO  server.RaftServerConfigKeys (ConfUtils.java:logGet(43)) - raft.server.log.statemachine.data.sync.timeout.retry = -1 (default)
2019-09-26 13:36:17,408 [pool-57-thread-1] INFO  server.RaftServerConfigKeys (ConfUtils.java:logGet(43)) - raft.server.log.statemachine.data.caching.enabled = true (custom)
2019-09-26 13:36:17,408 [pool-57-thread-1] INFO  segmented.SegmentedRaftLogWorker (SegmentedRaftLogWorker.java:lambda$new$0(132)) - 782e32e3-c0a7-42e5-b748-90e00549b00d@group-8EDBFE1E79E6-SegmentedRaftLogWorker: flushIndex: setUnconditionally 0 -> -1
2019-09-26 13:36:17,409 [pool-57-thread-1] INFO  server.RaftServerConfigKeys (ConfUtils.java:logGet(43)) - raft.server.snapshot.auto.trigger.enabled = true (custom)
2019-09-26 13:36:17,409 [pool-57-thread-1] INFO  server.RaftServerConfigKeys (ConfUtils.java:logGet(43)) - raft.server.snapshot.auto.trigger.threshold = 10000 (custom)
2019-09-26 13:36:17,409 [pool-57-thread-1] INFO  server.RaftServerConfigKeys (ConfUtils.java:logGet(43)) - raft.server.snapshot.retention.num.files = 5 (custom)
2019-09-26 13:36:17,409 [pool-57-thread-1] INFO  server.RaftServerConfigKeys (ConfUtils.java:logGet(43)) - raft.server.retrycache.expirytime = 600000ms (custom)
2019-09-26 13:36:17,411 [pool-57-thread-1] INFO  impl.RaftServerImpl (RaftServerImpl.java:start(185)) - 782e32e3-c0a7-42e5-b748-90e00549b00d@group-8EDBFE1E79E6: start as a follower, conf=-1: [782e32e3-c0a7-42e5-b748-90e00549b00d:192.168.164.238:33921], old=null
2019-09-26 13:36:17,412 [pool-57-thread-1] INFO  impl.RaftServerImpl (RaftServerImpl.java:setRole(174)) - 782e32e3-c0a7-42e5-b748-90e00549b00d@group-8EDBFE1E79E6: changes role from      null to FOLLOWER at term 0 for startAsFollower
2019-09-26 13:36:17,412 [pool-57-thread-1] INFO  impl.RoleInfo (RoleInfo.java:updateAndGet(143)) - 782e32e3-c0a7-42e5-b748-90e00549b00d: start FollowerState
2019-09-26 13:36:17,419 [pool-57-thread-1] INFO  util.JmxRegister (JmxRegister.java:tryRegister(44)) - Successfully registered JMX Bean with object name Ratis:service=RaftServer,group=group-8EDBFE1E79E6,id=782e32e3-c0a7-42e5-b748-90e00549b00d
2019-09-26 13:36:17,434 [RatisPipelineUtilsThread] INFO  pipeline.PipelineStateManager (PipelineStateManager.java:addPipeline(56)) - Created pipeline Pipeline[ Id: d80107b4-e973-445c-9ac1-8edbfe1e79e6, Nodes: 782e32e3-c0a7-42e5-b748-90e00549b00d{ip: 192.168.164.238, host: pr-hdds-1569-87zkn-1081879488, networkLocation: /default-rack, certSerialId: null}, Type:RATIS, Factor:ONE, State:OPEN]
2019-09-26 13:36:17,434 [RatisPipelineUtilsThread] INFO  pipeline.PipelinePlacementPolicy (PipelinePlacementPolicy.java:meetCriteria(91)) - Pipeline Placement: can't place more pipeline on heavy datanode： 1d0de9a6-3b8a-4f01-86ad-2ac4521aa9e5 Heaviness: 6 limit: 5
2019-09-26 13:36:17,443 [grpc-default-executor-0] INFO  impl.RaftServerProxy (RaftServerProxy.java:addNew(89)) - 346062cc-ad15-42e2-9beb-d47eb155c827: addNew group-620639CECA5F:[346062cc-ad15-42e2-9beb-d47eb155c827:192.168.164.238:43674] returns group-620639CECA5F:java.util.concurrent.CompletableFuture@6e8a68e5[Not completed]
2019-09-26 13:36:17,445 [pool-67-thread-1] INFO  impl.RaftServerImpl (RaftServerImpl.java:<init>(95)) - 346062cc-ad15-42e2-9beb-d47eb155c827: new RaftServerImpl for group-620639CECA5F:[346062cc-ad15-42e2-9beb-d47eb155c827:192.168.164.238:43674] with ContainerStateMachine:uninitialized
2019-09-26 13:36:17,445 [pool-67-thread-1] INFO  server.RaftServerConfigKeys (ConfUtils.java:logGet(43)) - raft.server.rpc.timeout.min = 5s (custom)
2019-09-26 13:36:17,445 [pool-67-thread-1] INFO  server.RaftServerConfigKeys (ConfUtils.java:logGet(43)) - raft.server.rpc.timeout.max = 5200ms (custom)
2019-09-26 13:36:17,445 [pool-67-thread-1] INFO  server.RaftServerConfigKeys (ConfUtils.java:logGet(43)) - raft.server.rpcslowness.timeout = 120s (custom)
2019-09-26 13:36:17,445 [pool-67-thread-1] INFO  server.RaftServerConfigKeys (ConfUtils.java:logGet(43)) - raft.server.sleep.deviation.threshold = 300 (default)
2019-09-26 13:36:17,446 [pool-67-thread-1] INFO  server.RaftServerConfigKeys (ConfUtils.java:logGet(43)) - raft.server.log.appender.install.snapshot.enabled = false (custom)
2019-09-26 13:36:17,446 [pool-67-thread-1] INFO  impl.RaftServerImpl (ServerState.java:<init>(103)) - 346062cc-ad15-42e2-9beb-d47eb155c827@group-620639CECA5F: ConfigurationManager, init=-1: [346062cc-ad15-42e2-9beb-d47eb155c827:192.168.164.238:43674], old=null, confs=<EMPTY_MAP>
2019-09-26 13:36:17,446 [pool-67-thread-1] INFO  server.RaftServerConfigKeys (ConfUtils.java:logGet(43)) - raft.server.storage.dir = [/workdir/hadoop-ozone/tools/target/test-dir/MiniOzoneClusterImpl-9370444f-6a38-4216-baa9-a19329eb6ac6/datanode-4/data/ratis] (custom)
2019-09-26 13:36:17,446 [pool-67-thread-1] INFO  storage.RaftStorageDirectory (RaftStorageDirectory.java:analyzeStorage(246)) - The storage directory /workdir/hadoop-ozone/tools/target/test-dir/MiniOzoneClusterImpl-9370444f-6a38-4216-baa9-a19329eb6ac6/datanode-4/data/ratis/f14f2ec4-a4d3-411e-932b-620639ceca5f does not exist. Creating ...
2019-09-26 13:36:17,459 [pool-67-thread-1] INFO  storage.RaftStorageDirectory (RaftStorageDirectory.java:tryLock(328)) - Lock on /workdir/hadoop-ozone/tools/target/test-dir/MiniOzoneClusterImpl-9370444f-6a38-4216-baa9-a19329eb6ac6/datanode-4/data/ratis/f14f2ec4-a4d3-411e-932b-620639ceca5f/in_use.lock acquired by nodename 19660@pr-hdds-1569-87zkn-1081879488
2019-09-26 13:36:17,478 [pool-67-thread-1] INFO  storage.RaftStorage (RaftStorage.java:format(72)) - Storage directory /workdir/hadoop-ozone/tools/target/test-dir/MiniOzoneClusterImpl-9370444f-6a38-4216-baa9-a19329eb6ac6/datanode-4/data/ratis/f14f2ec4-a4d3-411e-932b-620639ceca5f has been successfully formatted.
2019-09-26 13:36:17,479 [pool-67-thread-1] INFO  ratis.ContainerStateMachine (ContainerStateMachine.java:loadSnapshot(230)) - group-620639CECA5F: The snapshot info is null. Setting the last applied indexto:(t:0, i:~)
2019-09-26 13:36:17,479 [pool-67-thread-1] INFO  server.RaftServerConfigKeys (ConfUtils.java:logGet(43)) - raft.server.notification.no-leader.timeout = 120s (custom)
2019-09-26 13:36:17,479 [pool-67-thread-1] INFO  server.RaftServerConfigKeys (ConfUtils.java:logGet(43)) - raft.server.log.use.memory = false (default)
2019-09-26 13:36:17,479 [pool-67-thread-1] INFO  server.RaftServerConfigKeys (ConfUtils.java:logGet(43)) - raft.server.log.purge.gap = 1000000 (custom)
2019-09-26 13:36:17,479 [pool-67-thread-1] INFO  server.RaftServerConfigKeys (ConfUtils.java:logGet(43)) - raft.server.log.appender.buffer.byte-limit = 33554432 (custom)
2019-09-26 13:36:17,479 [pool-67-thread-1] INFO  server.RaftServerConfigKeys (ConfUtils.java:logGet(43)) - raft.server.log.segment.size.max = 1048576 (custom)
2019-09-26 13:36:17,480 [pool-67-thread-1] INFO  server.RaftServerConfigKeys (ConfUtils.java:logGet(43)) - raft.server.log.segment.cache.num.max = 2 (custom)
2019-09-26 13:36:17,480 [pool-67-thread-1] INFO  segmented.SegmentedRaftLogWorker (SegmentedRaftLogWorker.java:<init>(172)) - new 346062cc-ad15-42e2-9beb-d47eb155c827@group-620639CECA5F-SegmentedRaftLogWorker for RaftStorage:Storage Directory /workdir/hadoop-ozone/tools/target/test-dir/MiniOzoneClusterImpl-9370444f-6a38-4216-baa9-a19329eb6ac6/datanode-4/data/ratis/f14f2ec4-a4d3-411e-932b-620639ceca5f
2019-09-26 13:36:17,480 [pool-67-thread-1] INFO  server.RaftServerConfigKeys (ConfUtils.java:logGet(43)) - raft.server.log.queue.byte-limit = 2147483647 (custom)
2019-09-26 13:36:17,480 [pool-67-thread-1] INFO  server.RaftServerConfigKeys (ConfUtils.java:logGet(43)) - raft.server.log.queue.element-limit = 1024 (custom)
2019-09-26 13:36:17,480 [pool-67-thread-1] INFO  server.RaftServerConfigKeys (ConfUtils.java:logGet(43)) - raft.server.log.segment.size.max = 1048576 (custom)
2019-09-26 13:36:17,480 [pool-67-thread-1] INFO  server.RaftServerConfigKeys (ConfUtils.java:logGet(43)) - raft.server.log.preallocated.size = 16384 (custom)
2019-09-26 13:36:17,481 [pool-67-thread-1] INFO  server.RaftServerConfigKeys (ConfUtils.java:logGet(43)) - raft.server.log.write.buffer.size = 33554432 (custom)
2019-09-26 13:36:17,481 [pool-67-thread-1] INFO  server.RaftServerConfigKeys (ConfUtils.java:logGet(43)) - raft.server.log.force.sync.num = 128 (default)
2019-09-26 13:36:17,481 [pool-67-thread-1] INFO  server.RaftServerConfigKeys (ConfUtils.java:logGet(43)) - raft.server.log.statemachine.data.sync = true (default)
2019-09-26 13:36:17,481 [pool-67-thread-1] INFO  server.RaftServerConfigKeys (ConfUtils.java:logGet(43)) - raft.server.log.statemachine.data.sync.timeout = 10s (default)
2019-09-26 13:36:17,481 [pool-67-thread-1] INFO  server.RaftServerConfigKeys (ConfUtils.java:logGet(43)) - raft.server.log.statemachine.data.sync.timeout.retry = -1 (default)
2019-09-26 13:36:17,481 [pool-67-thread-1] INFO  server.RaftServerConfigKeys (ConfUtils.java:logGet(43)) - raft.server.log.statemachine.data.caching.enabled = true (custom)
2019-09-26 13:36:17,482 [pool-67-thread-1] INFO  segmented.SegmentedRaftLogWorker (SegmentedRaftLogWorker.java:lambda$new$0(132)) - 346062cc-ad15-42e2-9beb-d47eb155c827@group-620639CECA5F-SegmentedRaftLogWorker: flushIndex: setUnconditionally 0 -> -1
2019-09-26 13:36:17,482 [pool-67-thread-1] INFO  server.RaftServerConfigKeys (ConfUtils.java:logGet(43)) - raft.server.snapshot.auto.trigger.enabled = true (custom)
2019-09-26 13:36:17,482 [pool-67-thread-1] INFO  server.RaftServerConfigKeys (ConfUtils.java:logGet(43)) - raft.server.snapshot.auto.trigger.threshold = 10000 (custom)
2019-09-26 13:36:17,483 [pool-67-thread-1] INFO  server.RaftServerConfigKeys (ConfUtils.java:logGet(43)) - raft.server.snapshot.retention.num.files = 5 (custom)
2019-09-26 13:36:17,483 [pool-67-thread-1] INFO  server.RaftServerConfigKeys (ConfUtils.java:logGet(43)) - raft.server.retrycache.expirytime = 600000ms (custom)
2019-09-26 13:36:17,485 [pool-67-thread-1] INFO  impl.RaftServerImpl (RaftServerImpl.java:start(185)) - 346062cc-ad15-42e2-9beb-d47eb155c827@group-620639CECA5F: start as a follower, conf=-1: [346062cc-ad15-42e2-9beb-d47eb155c827:192.168.164.238:43674], old=null
2019-09-26 13:36:17,485 [pool-67-thread-1] INFO  impl.RaftServerImpl (RaftServerImpl.java:setRole(174)) - 346062cc-ad15-42e2-9beb-d47eb155c827@group-620639CECA5F: changes role from      null to FOLLOWER at term 0 for startAsFollower
2019-09-26 13:36:17,486 [pool-67-thread-1] INFO  impl.RoleInfo (RoleInfo.java:updateAndGet(143)) - 346062cc-ad15-42e2-9beb-d47eb155c827: start FollowerState
2019-09-26 13:36:17,486 [pool-67-thread-1] INFO  util.JmxRegister (JmxRegister.java:tryRegister(44)) - Successfully registered JMX Bean with object name Ratis:service=RaftServer,group=group-620639CECA5F,id=346062cc-ad15-42e2-9beb-d47eb155c827
2019-09-26 13:36:17,491 [RatisPipelineUtilsThread] INFO  pipeline.PipelineStateManager (PipelineStateManager.java:addPipeline(56)) - Created pipeline Pipeline[ Id: f14f2ec4-a4d3-411e-932b-620639ceca5f, Nodes: 346062cc-ad15-42e2-9beb-d47eb155c827{ip: 192.168.164.238, host: pr-hdds-1569-87zkn-1081879488, networkLocation: /default-rack, certSerialId: null}, Type:RATIS, Factor:ONE, State:OPEN]
2019-09-26 13:36:17,491 [RatisPipelineUtilsThread] INFO  pipeline.PipelinePlacementPolicy (PipelinePlacementPolicy.java:meetCriteria(91)) - Pipeline Placement: can't place more pipeline on heavy datanode： 1d0de9a6-3b8a-4f01-86ad-2ac4521aa9e5 Heaviness: 6 limit: 5
2019-09-26 13:36:17,502 [grpc-default-executor-0] INFO  impl.RaftServerProxy (RaftServerProxy.java:addNew(89)) - 346062cc-ad15-42e2-9beb-d47eb155c827: addNew group-62752CF42BDD:[346062cc-ad15-42e2-9beb-d47eb155c827:192.168.164.238:43674] returns group-62752CF42BDD:java.util.concurrent.CompletableFuture@44545ad8[Not completed]
2019-09-26 13:36:17,503 [pool-67-thread-1] INFO  impl.RaftServerImpl (RaftServerImpl.java:<init>(95)) - 346062cc-ad15-42e2-9beb-d47eb155c827: new RaftServerImpl for group-62752CF42BDD:[346062cc-ad15-42e2-9beb-d47eb155c827:192.168.164.238:43674] with ContainerStateMachine:uninitialized
2019-09-26 13:36:17,503 [pool-67-thread-1] INFO  server.RaftServerConfigKeys (ConfUtils.java:logGet(43)) - raft.server.rpc.timeout.min = 5s (custom)
2019-09-26 13:36:17,503 [pool-67-thread-1] INFO  server.RaftServerConfigKeys (ConfUtils.java:logGet(43)) - raft.server.rpc.timeout.max = 5200ms (custom)
2019-09-26 13:36:17,503 [pool-67-thread-1] INFO  server.RaftServerConfigKeys (ConfUtils.java:logGet(43)) - raft.server.rpcslowness.timeout = 120s (custom)
2019-09-26 13:36:17,503 [pool-67-thread-1] INFO  server.RaftServerConfigKeys (ConfUtils.java:logGet(43)) - raft.server.sleep.deviation.threshold = 300 (default)
2019-09-26 13:36:17,503 [pool-67-thread-1] INFO  server.RaftServerConfigKeys (ConfUtils.java:logGet(43)) - raft.server.log.appender.install.snapshot.enabled = false (custom)
2019-09-26 13:36:17,504 [pool-67-thread-1] INFO  impl.RaftServerImpl (ServerState.java:<init>(103)) - 346062cc-ad15-42e2-9beb-d47eb155c827@group-62752CF42BDD: ConfigurationManager, init=-1: [346062cc-ad15-42e2-9beb-d47eb155c827:192.168.164.238:43674], old=null, confs=<EMPTY_MAP>
2019-09-26 13:36:17,504 [pool-67-thread-1] INFO  server.RaftServerConfigKeys (ConfUtils.java:logGet(43)) - raft.server.storage.dir = [/workdir/hadoop-ozone/tools/target/test-dir/MiniOzoneClusterImpl-9370444f-6a38-4216-baa9-a19329eb6ac6/datanode-4/data/ratis] (custom)
2019-09-26 13:36:17,504 [pool-67-thread-1] INFO  storage.RaftStorageDirectory (RaftStorageDirectory.java:analyzeStorage(246)) - The storage directory /workdir/hadoop-ozone/tools/target/test-dir/MiniOzoneClusterImpl-9370444f-6a38-4216-baa9-a19329eb6ac6/datanode-4/data/ratis/63f064c4-fe73-4a6d-8956-62752cf42bdd does not exist. Creating ...
2019-09-26 13:36:17,517 [pool-67-thread-1] INFO  storage.RaftStorageDirectory (RaftStorageDirectory.java:tryLock(328)) - Lock on /workdir/hadoop-ozone/tools/target/test-dir/MiniOzoneClusterImpl-9370444f-6a38-4216-baa9-a19329eb6ac6/datanode-4/data/ratis/63f064c4-fe73-4a6d-8956-62752cf42bdd/in_use.lock acquired by nodename 19660@pr-hdds-1569-87zkn-1081879488
2019-09-26 13:36:17,531 [pool-67-thread-1] INFO  storage.RaftStorage (RaftStorage.java:format(72)) - Storage directory /workdir/hadoop-ozone/tools/target/test-dir/MiniOzoneClusterImpl-9370444f-6a38-4216-baa9-a19329eb6ac6/datanode-4/data/ratis/63f064c4-fe73-4a6d-8956-62752cf42bdd has been successfully formatted.
2019-09-26 13:36:17,531 [pool-67-thread-1] INFO  ratis.ContainerStateMachine (ContainerStateMachine.java:loadSnapshot(230)) - group-62752CF42BDD: The snapshot info is null. Setting the last applied indexto:(t:0, i:~)
2019-09-26 13:36:17,531 [pool-67-thread-1] INFO  server.RaftServerConfigKeys (ConfUtils.java:logGet(43)) - raft.server.notification.no-leader.timeout = 120s (custom)
2019-09-26 13:36:17,531 [pool-67-thread-1] INFO  server.RaftServerConfigKeys (ConfUtils.java:logGet(43)) - raft.server.log.use.memory = false (default)
2019-09-26 13:36:17,532 [pool-67-thread-1] INFO  server.RaftServerConfigKeys (ConfUtils.java:logGet(43)) - raft.server.log.purge.gap = 1000000 (custom)
2019-09-26 13:36:17,532 [pool-67-thread-1] INFO  server.RaftServerConfigKeys (ConfUtils.java:logGet(43)) - raft.server.log.appender.buffer.byte-limit = 33554432 (custom)
2019-09-26 13:36:17,532 [pool-67-thread-1] INFO  server.RaftServerConfigKeys (ConfUtils.java:logGet(43)) - raft.server.log.segment.size.max = 1048576 (custom)
2019-09-26 13:36:17,532 [pool-67-thread-1] INFO  server.RaftServerConfigKeys (ConfUtils.java:logGet(43)) - raft.server.log.segment.cache.num.max = 2 (custom)
2019-09-26 13:36:17,532 [pool-67-thread-1] INFO  segmented.SegmentedRaftLogWorker (SegmentedRaftLogWorker.java:<init>(172)) - new 346062cc-ad15-42e2-9beb-d47eb155c827@group-62752CF42BDD-SegmentedRaftLogWorker for RaftStorage:Storage Directory /workdir/hadoop-ozone/tools/target/test-dir/MiniOzoneClusterImpl-9370444f-6a38-4216-baa9-a19329eb6ac6/datanode-4/data/ratis/63f064c4-fe73-4a6d-8956-62752cf42bdd
2019-09-26 13:36:17,532 [pool-67-thread-1] INFO  server.RaftServerConfigKeys (ConfUtils.java:logGet(43)) - raft.server.log.queue.byte-limit = 2147483647 (custom)
2019-09-26 13:36:17,532 [pool-67-thread-1] INFO  server.RaftServerConfigKeys (ConfUtils.java:logGet(43)) - raft.server.log.queue.element-limit = 1024 (custom)
2019-09-26 13:36:17,533 [pool-67-thread-1] INFO  server.RaftServerConfigKeys (ConfUtils.java:logGet(43)) - raft.server.log.segment.size.max = 1048576 (custom)
2019-09-26 13:36:17,533 [pool-67-thread-1] INFO  server.RaftServerConfigKeys (ConfUtils.java:logGet(43)) - raft.server.log.preallocated.size = 16384 (custom)
2019-09-26 13:36:17,533 [pool-67-thread-1] INFO  server.RaftServerConfigKeys (ConfUtils.java:logGet(43)) - raft.server.log.write.buffer.size = 33554432 (custom)
2019-09-26 13:36:17,533 [pool-67-thread-1] INFO  server.RaftServerConfigKeys (ConfUtils.java:logGet(43)) - raft.server.log.force.sync.num = 128 (default)
2019-09-26 13:36:17,533 [pool-67-thread-1] INFO  server.RaftServerConfigKeys (ConfUtils.java:logGet(43)) - raft.server.log.statemachine.data.sync = true (default)
2019-09-26 13:36:17,533 [pool-67-thread-1] INFO  server.RaftServerConfigKeys (ConfUtils.java:logGet(43)) - raft.server.log.statemachine.data.sync.timeout = 10s (default)
2019-09-26 13:36:17,533 [pool-67-thread-1] INFO  server.RaftServerConfigKeys (ConfUtils.java:logGet(43)) - raft.server.log.statemachine.data.sync.timeout.retry = -1 (default)
2019-09-26 13:36:17,534 [pool-67-thread-1] INFO  server.RaftServerConfigKeys (ConfUtils.java:logGet(43)) - raft.server.log.statemachine.data.caching.enabled = true (custom)
2019-09-26 13:36:17,534 [pool-67-thread-1] INFO  segmented.SegmentedRaftLogWorker (SegmentedRaftLogWorker.java:lambda$new$0(132)) - 346062cc-ad15-42e2-9beb-d47eb155c827@group-62752CF42BDD-SegmentedRaftLogWorker: flushIndex: setUnconditionally 0 -> -1
2019-09-26 13:36:17,534 [pool-67-thread-1] INFO  server.RaftServerConfigKeys (ConfUtils.java:logGet(43)) - raft.server.snapshot.auto.trigger.enabled = true (custom)
2019-09-26 13:36:17,535 [pool-67-thread-1] INFO  server.RaftServerConfigKeys (ConfUtils.java:logGet(43)) - raft.server.snapshot.auto.trigger.threshold = 10000 (custom)
2019-09-26 13:36:17,535 [pool-67-thread-1] INFO  server.RaftServerConfigKeys (ConfUtils.java:logGet(43)) - raft.server.snapshot.retention.num.files = 5 (custom)
2019-09-26 13:36:17,535 [pool-67-thread-1] INFO  server.RaftServerConfigKeys (ConfUtils.java:logGet(43)) - raft.server.retrycache.expirytime = 600000ms (custom)
2019-09-26 13:36:17,537 [pool-67-thread-1] INFO  impl.RaftServerImpl (RaftServerImpl.java:start(185)) - 346062cc-ad15-42e2-9beb-d47eb155c827@group-62752CF42BDD: start as a follower, conf=-1: [346062cc-ad15-42e2-9beb-d47eb155c827:192.168.164.238:43674], old=null
2019-09-26 13:36:17,537 [pool-67-thread-1] INFO  impl.RaftServerImpl (RaftServerImpl.java:setRole(174)) - 346062cc-ad15-42e2-9beb-d47eb155c827@group-62752CF42BDD: changes role from      null to FOLLOWER at term 0 for startAsFollower
2019-09-26 13:36:17,537 [pool-67-thread-1] INFO  impl.RoleInfo (RoleInfo.java:updateAndGet(143)) - 346062cc-ad15-42e2-9beb-d47eb155c827: start FollowerState
2019-09-26 13:36:17,538 [pool-67-thread-1] INFO  util.JmxRegister (JmxRegister.java:tryRegister(44)) - Successfully registered JMX Bean with object name Ratis:service=RaftServer,group=group-62752CF42BDD,id=346062cc-ad15-42e2-9beb-d47eb155c827
2019-09-26 13:36:17,543 [RatisPipelineUtilsThread] INFO  pipeline.PipelineStateManager (PipelineStateManager.java:addPipeline(56)) - Created pipeline Pipeline[ Id: 63f064c4-fe73-4a6d-8956-62752cf42bdd, Nodes: 346062cc-ad15-42e2-9beb-d47eb155c827{ip: 192.168.164.238, host: pr-hdds-1569-87zkn-1081879488, networkLocation: /default-rack, certSerialId: null}, Type:RATIS, Factor:ONE, State:OPEN]
2019-09-26 13:36:17,543 [RatisPipelineUtilsThread] INFO  pipeline.PipelinePlacementPolicy (PipelinePlacementPolicy.java:meetCriteria(91)) - Pipeline Placement: can't place more pipeline on heavy datanode： 1d0de9a6-3b8a-4f01-86ad-2ac4521aa9e5 Heaviness: 6 limit: 5
2019-09-26 13:36:17,543 [RatisPipelineUtilsThread] INFO  pipeline.PipelinePlacementPolicy (PipelinePlacementPolicy.java:meetCriteria(91)) - Pipeline Placement: can't place more pipeline on heavy datanode： 346062cc-ad15-42e2-9beb-d47eb155c827 Heaviness: 6 limit: 5
2019-09-26 13:36:17,553 [grpc-default-executor-0] INFO  impl.RaftServerProxy (RaftServerProxy.java:addNew(89)) - 0846c5d9-d8fd-49e0-9805-817523babe5a: addNew group-DAD0DFD77F61:[0846c5d9-d8fd-49e0-9805-817523babe5a:192.168.164.238:38031] returns group-DAD0DFD77F61:java.util.concurrent.CompletableFuture@5ed83f0d[Not completed]
2019-09-26 13:36:17,556 [pool-37-thread-1] INFO  impl.RaftServerImpl (RaftServerImpl.java:<init>(95)) - 0846c5d9-d8fd-49e0-9805-817523babe5a: new RaftServerImpl for group-DAD0DFD77F61:[0846c5d9-d8fd-49e0-9805-817523babe5a:192.168.164.238:38031] with ContainerStateMachine:uninitialized
2019-09-26 13:36:17,556 [pool-37-thread-1] INFO  server.RaftServerConfigKeys (ConfUtils.java:logGet(43)) - raft.server.rpc.timeout.min = 5s (custom)
2019-09-26 13:36:17,556 [pool-37-thread-1] INFO  server.RaftServerConfigKeys (ConfUtils.java:logGet(43)) - raft.server.rpc.timeout.max = 5200ms (custom)
2019-09-26 13:36:17,556 [pool-37-thread-1] INFO  server.RaftServerConfigKeys (ConfUtils.java:logGet(43)) - raft.server.rpcslowness.timeout = 120s (custom)
2019-09-26 13:36:17,556 [pool-37-thread-1] INFO  server.RaftServerConfigKeys (ConfUtils.java:logGet(43)) - raft.server.sleep.deviation.threshold = 300 (default)
2019-09-26 13:36:17,557 [pool-37-thread-1] INFO  server.RaftServerConfigKeys (ConfUtils.java:logGet(43)) - raft.server.log.appender.install.snapshot.enabled = false (custom)
2019-09-26 13:36:17,557 [pool-37-thread-1] INFO  impl.RaftServerImpl (ServerState.java:<init>(103)) - 0846c5d9-d8fd-49e0-9805-817523babe5a@group-DAD0DFD77F61: ConfigurationManager, init=-1: [0846c5d9-d8fd-49e0-9805-817523babe5a:192.168.164.238:38031], old=null, confs=<EMPTY_MAP>
2019-09-26 13:36:17,557 [pool-37-thread-1] INFO  server.RaftServerConfigKeys (ConfUtils.java:logGet(43)) - raft.server.storage.dir = [/workdir/hadoop-ozone/tools/target/test-dir/MiniOzoneClusterImpl-9370444f-6a38-4216-baa9-a19329eb6ac6/datanode-1/data/ratis] (custom)
2019-09-26 13:36:17,557 [pool-37-thread-1] INFO  storage.RaftStorageDirectory (RaftStorageDirectory.java:analyzeStorage(246)) - The storage directory /workdir/hadoop-ozone/tools/target/test-dir/MiniOzoneClusterImpl-9370444f-6a38-4216-baa9-a19329eb6ac6/datanode-1/data/ratis/e8a7eb3e-673c-4c12-9635-dad0dfd77f61 does not exist. Creating ...
2019-09-26 13:36:17,570 [pool-37-thread-1] INFO  storage.RaftStorageDirectory (RaftStorageDirectory.java:tryLock(328)) - Lock on /workdir/hadoop-ozone/tools/target/test-dir/MiniOzoneClusterImpl-9370444f-6a38-4216-baa9-a19329eb6ac6/datanode-1/data/ratis/e8a7eb3e-673c-4c12-9635-dad0dfd77f61/in_use.lock acquired by nodename 19660@pr-hdds-1569-87zkn-1081879488
2019-09-26 13:36:17,583 [pool-37-thread-1] INFO  storage.RaftStorage (RaftStorage.java:format(72)) - Storage directory /workdir/hadoop-ozone/tools/target/test-dir/MiniOzoneClusterImpl-9370444f-6a38-4216-baa9-a19329eb6ac6/datanode-1/data/ratis/e8a7eb3e-673c-4c12-9635-dad0dfd77f61 has been successfully formatted.
2019-09-26 13:36:17,584 [pool-37-thread-1] INFO  ratis.ContainerStateMachine (ContainerStateMachine.java:loadSnapshot(230)) - group-DAD0DFD77F61: The snapshot info is null. Setting the last applied indexto:(t:0, i:~)
2019-09-26 13:36:17,584 [pool-37-thread-1] INFO  server.RaftServerConfigKeys (ConfUtils.java:logGet(43)) - raft.server.notification.no-leader.timeout = 120s (custom)
2019-09-26 13:36:17,584 [pool-37-thread-1] INFO  server.RaftServerConfigKeys (ConfUtils.java:logGet(43)) - raft.server.log.use.memory = false (default)
2019-09-26 13:36:17,584 [pool-37-thread-1] INFO  server.RaftServerConfigKeys (ConfUtils.java:logGet(43)) - raft.server.log.purge.gap = 1000000 (custom)
2019-09-26 13:36:17,585 [pool-37-thread-1] INFO  server.RaftServerConfigKeys (ConfUtils.java:logGet(43)) - raft.server.log.appender.buffer.byte-limit = 33554432 (custom)
2019-09-26 13:36:17,585 [pool-37-thread-1] INFO  server.RaftServerConfigKeys (ConfUtils.java:logGet(43)) - raft.server.log.segment.size.max = 1048576 (custom)
2019-09-26 13:36:17,585 [pool-37-thread-1] INFO  server.RaftServerConfigKeys (ConfUtils.java:logGet(43)) - raft.server.log.segment.cache.num.max = 2 (custom)
2019-09-26 13:36:17,585 [pool-37-thread-1] INFO  segmented.SegmentedRaftLogWorker (SegmentedRaftLogWorker.java:<init>(172)) - new 0846c5d9-d8fd-49e0-9805-817523babe5a@group-DAD0DFD77F61-SegmentedRaftLogWorker for RaftStorage:Storage Directory /workdir/hadoop-ozone/tools/target/test-dir/MiniOzoneClusterImpl-9370444f-6a38-4216-baa9-a19329eb6ac6/datanode-1/data/ratis/e8a7eb3e-673c-4c12-9635-dad0dfd77f61
2019-09-26 13:36:17,585 [pool-37-thread-1] INFO  server.RaftServerConfigKeys (ConfUtils.java:logGet(43)) - raft.server.log.queue.byte-limit = 2147483647 (custom)
2019-09-26 13:36:17,585 [pool-37-thread-1] INFO  server.RaftServerConfigKeys (ConfUtils.java:logGet(43)) - raft.server.log.queue.element-limit = 1024 (custom)
2019-09-26 13:36:17,586 [pool-37-thread-1] INFO  server.RaftServerConfigKeys (ConfUtils.java:logGet(43)) - raft.server.log.segment.size.max = 1048576 (custom)
2019-09-26 13:36:17,586 [pool-37-thread-1] INFO  server.RaftServerConfigKeys (ConfUtils.java:logGet(43)) - raft.server.log.preallocated.size = 16384 (custom)
2019-09-26 13:36:17,586 [pool-37-thread-1] INFO  server.RaftServerConfigKeys (ConfUtils.java:logGet(43)) - raft.server.log.write.buffer.size = 33554432 (custom)
2019-09-26 13:36:17,586 [pool-37-thread-1] INFO  server.RaftServerConfigKeys (ConfUtils.java:logGet(43)) - raft.server.log.force.sync.num = 128 (default)
2019-09-26 13:36:17,586 [pool-37-thread-1] INFO  server.RaftServerConfigKeys (ConfUtils.java:logGet(43)) - raft.server.log.statemachine.data.sync = true (default)
2019-09-26 13:36:17,586 [pool-37-thread-1] INFO  server.RaftServerConfigKeys (ConfUtils.java:logGet(43)) - raft.server.log.statemachine.data.sync.timeout = 10s (default)
2019-09-26 13:36:17,587 [pool-37-thread-1] INFO  server.RaftServerConfigKeys (ConfUtils.java:logGet(43)) - raft.server.log.statemachine.data.sync.timeout.retry = -1 (default)
2019-09-26 13:36:17,587 [pool-37-thread-1] INFO  server.RaftServerConfigKeys (ConfUtils.java:logGet(43)) - raft.server.log.statemachine.data.caching.enabled = true (custom)
2019-09-26 13:36:17,587 [pool-37-thread-1] INFO  segmented.SegmentedRaftLogWorker (SegmentedRaftLogWorker.java:lambda$new$0(132)) - 0846c5d9-d8fd-49e0-9805-817523babe5a@group-DAD0DFD77F61-SegmentedRaftLogWorker: flushIndex: setUnconditionally 0 -> -1
2019-09-26 13:36:17,588 [pool-37-thread-1] INFO  server.RaftServerConfigKeys (ConfUtils.java:logGet(43)) - raft.server.snapshot.auto.trigger.enabled = true (custom)
2019-09-26 13:36:17,588 [pool-37-thread-1] INFO  server.RaftServerConfigKeys (ConfUtils.java:logGet(43)) - raft.server.snapshot.auto.trigger.threshold = 10000 (custom)
2019-09-26 13:36:17,588 [pool-37-thread-1] INFO  server.RaftServerConfigKeys (ConfUtils.java:logGet(43)) - raft.server.snapshot.retention.num.files = 5 (custom)
2019-09-26 13:36:17,588 [pool-37-thread-1] INFO  server.RaftServerConfigKeys (ConfUtils.java:logGet(43)) - raft.server.retrycache.expirytime = 600000ms (custom)
2019-09-26 13:36:17,591 [pool-37-thread-1] INFO  impl.RaftServerImpl (RaftServerImpl.java:start(185)) - 0846c5d9-d8fd-49e0-9805-817523babe5a@group-DAD0DFD77F61: start as a follower, conf=-1: [0846c5d9-d8fd-49e0-9805-817523babe5a:192.168.164.238:38031], old=null
2019-09-26 13:36:17,591 [pool-37-thread-1] INFO  impl.RaftServerImpl (RaftServerImpl.java:setRole(174)) - 0846c5d9-d8fd-49e0-9805-817523babe5a@group-DAD0DFD77F61: changes role from      null to FOLLOWER at term 0 for startAsFollower
2019-09-26 13:36:17,592 [pool-37-thread-1] INFO  impl.RoleInfo (RoleInfo.java:updateAndGet(143)) - 0846c5d9-d8fd-49e0-9805-817523babe5a: start FollowerState
2019-09-26 13:36:17,592 [pool-37-thread-1] INFO  util.JmxRegister (JmxRegister.java:tryRegister(44)) - Successfully registered JMX Bean with object name Ratis:service=RaftServer,group=group-DAD0DFD77F61,id=0846c5d9-d8fd-49e0-9805-817523babe5a
2019-09-26 13:36:17,598 [RatisPipelineUtilsThread] INFO  pipeline.PipelineStateManager (PipelineStateManager.java:addPipeline(56)) - Created pipeline Pipeline[ Id: e8a7eb3e-673c-4c12-9635-dad0dfd77f61, Nodes: 0846c5d9-d8fd-49e0-9805-817523babe5a{ip: 192.168.164.238, host: pr-hdds-1569-87zkn-1081879488, networkLocation: /default-rack, certSerialId: null}, Type:RATIS, Factor:ONE, State:OPEN]
2019-09-26 13:36:17,598 [RatisPipelineUtilsThread] INFO  pipeline.PipelinePlacementPolicy (PipelinePlacementPolicy.java:meetCriteria(91)) - Pipeline Placement: can't place more pipeline on heavy datanode： 0846c5d9-d8fd-49e0-9805-817523babe5a Heaviness: 6 limit: 5
2019-09-26 13:36:17,598 [RatisPipelineUtilsThread] INFO  pipeline.PipelinePlacementPolicy (PipelinePlacementPolicy.java:meetCriteria(91)) - Pipeline Placement: can't place more pipeline on heavy datanode： 1d0de9a6-3b8a-4f01-86ad-2ac4521aa9e5 Heaviness: 6 limit: 5
2019-09-26 13:36:17,598 [RatisPipelineUtilsThread] INFO  pipeline.PipelinePlacementPolicy (PipelinePlacementPolicy.java:meetCriteria(91)) - Pipeline Placement: can't place more pipeline on heavy datanode： 346062cc-ad15-42e2-9beb-d47eb155c827 Heaviness: 6 limit: 5
2019-09-26 13:36:17,609 [grpc-default-executor-0] INFO  impl.RaftServerProxy (RaftServerProxy.java:addNew(89)) - 782e32e3-c0a7-42e5-b748-90e00549b00d: addNew group-0DC5B792A25C:[782e32e3-c0a7-42e5-b748-90e00549b00d:192.168.164.238:33921] returns group-0DC5B792A25C:java.util.concurrent.CompletableFuture@4a6d086f[Not completed]
2019-09-26 13:36:17,611 [pool-57-thread-1] INFO  impl.RaftServerImpl (RaftServerImpl.java:<init>(95)) - 782e32e3-c0a7-42e5-b748-90e00549b00d: new RaftServerImpl for group-0DC5B792A25C:[782e32e3-c0a7-42e5-b748-90e00549b00d:192.168.164.238:33921] with ContainerStateMachine:uninitialized
2019-09-26 13:36:17,611 [pool-57-thread-1] INFO  server.RaftServerConfigKeys (ConfUtils.java:logGet(43)) - raft.server.rpc.timeout.min = 5s (custom)
2019-09-26 13:36:17,611 [pool-57-thread-1] INFO  server.RaftServerConfigKeys (ConfUtils.java:logGet(43)) - raft.server.rpc.timeout.max = 5200ms (custom)
2019-09-26 13:36:17,611 [pool-57-thread-1] INFO  server.RaftServerConfigKeys (ConfUtils.java:logGet(43)) - raft.server.rpcslowness.timeout = 120s (custom)
2019-09-26 13:36:17,612 [pool-57-thread-1] INFO  server.RaftServerConfigKeys (ConfUtils.java:logGet(43)) - raft.server.sleep.deviation.threshold = 300 (default)
2019-09-26 13:36:17,612 [pool-57-thread-1] INFO  server.RaftServerConfigKeys (ConfUtils.java:logGet(43)) - raft.server.log.appender.install.snapshot.enabled = false (custom)
2019-09-26 13:36:17,612 [pool-57-thread-1] INFO  impl.RaftServerImpl (ServerState.java:<init>(103)) - 782e32e3-c0a7-42e5-b748-90e00549b00d@group-0DC5B792A25C: ConfigurationManager, init=-1: [782e32e3-c0a7-42e5-b748-90e00549b00d:192.168.164.238:33921], old=null, confs=<EMPTY_MAP>
2019-09-26 13:36:17,612 [pool-57-thread-1] INFO  server.RaftServerConfigKeys (ConfUtils.java:logGet(43)) - raft.server.storage.dir = [/workdir/hadoop-ozone/tools/target/test-dir/MiniOzoneClusterImpl-9370444f-6a38-4216-baa9-a19329eb6ac6/datanode-3/data/ratis] (custom)
2019-09-26 13:36:17,613 [pool-57-thread-1] INFO  storage.RaftStorageDirectory (RaftStorageDirectory.java:analyzeStorage(246)) - The storage directory /workdir/hadoop-ozone/tools/target/test-dir/MiniOzoneClusterImpl-9370444f-6a38-4216-baa9-a19329eb6ac6/datanode-3/data/ratis/c9cdfe80-e6c4-4067-a2f0-0dc5b792a25c does not exist. Creating ...
2019-09-26 13:36:17,625 [pool-57-thread-1] INFO  storage.RaftStorageDirectory (RaftStorageDirectory.java:tryLock(328)) - Lock on /workdir/hadoop-ozone/tools/target/test-dir/MiniOzoneClusterImpl-9370444f-6a38-4216-baa9-a19329eb6ac6/datanode-3/data/ratis/c9cdfe80-e6c4-4067-a2f0-0dc5b792a25c/in_use.lock acquired by nodename 19660@pr-hdds-1569-87zkn-1081879488
2019-09-26 13:36:17,638 [pool-57-thread-1] INFO  storage.RaftStorage (RaftStorage.java:format(72)) - Storage directory /workdir/hadoop-ozone/tools/target/test-dir/MiniOzoneClusterImpl-9370444f-6a38-4216-baa9-a19329eb6ac6/datanode-3/data/ratis/c9cdfe80-e6c4-4067-a2f0-0dc5b792a25c has been successfully formatted.
2019-09-26 13:36:17,638 [pool-57-thread-1] INFO  ratis.ContainerStateMachine (ContainerStateMachine.java:loadSnapshot(230)) - group-0DC5B792A25C: The snapshot info is null. Setting the last applied indexto:(t:0, i:~)
2019-09-26 13:36:17,638 [pool-57-thread-1] INFO  server.RaftServerConfigKeys (ConfUtils.java:logGet(43)) - raft.server.notification.no-leader.timeout = 120s (custom)
2019-09-26 13:36:17,638 [pool-57-thread-1] INFO  server.RaftServerConfigKeys (ConfUtils.java:logGet(43)) - raft.server.log.use.memory = false (default)
2019-09-26 13:36:17,639 [pool-57-thread-1] INFO  server.RaftServerConfigKeys (ConfUtils.java:logGet(43)) - raft.server.log.purge.gap = 1000000 (custom)
2019-09-26 13:36:17,639 [pool-57-thread-1] INFO  server.RaftServerConfigKeys (ConfUtils.java:logGet(43)) - raft.server.log.appender.buffer.byte-limit = 33554432 (custom)
2019-09-26 13:36:17,639 [pool-57-thread-1] INFO  server.RaftServerConfigKeys (ConfUtils.java:logGet(43)) - raft.server.log.segment.size.max = 1048576 (custom)
2019-09-26 13:36:17,639 [pool-57-thread-1] INFO  server.RaftServerConfigKeys (ConfUtils.java:logGet(43)) - raft.server.log.segment.cache.num.max = 2 (custom)
2019-09-26 13:36:17,639 [pool-57-thread-1] INFO  segmented.SegmentedRaftLogWorker (SegmentedRaftLogWorker.java:<init>(172)) - new 782e32e3-c0a7-42e5-b748-90e00549b00d@group-0DC5B792A25C-SegmentedRaftLogWorker for RaftStorage:Storage Directory /workdir/hadoop-ozone/tools/target/test-dir/MiniOzoneClusterImpl-9370444f-6a38-4216-baa9-a19329eb6ac6/datanode-3/data/ratis/c9cdfe80-e6c4-4067-a2f0-0dc5b792a25c
2019-09-26 13:36:17,639 [pool-57-thread-1] INFO  server.RaftServerConfigKeys (ConfUtils.java:logGet(43)) - raft.server.log.queue.byte-limit = 2147483647 (custom)
2019-09-26 13:36:17,640 [pool-57-thread-1] INFO  server.RaftServerConfigKeys (ConfUtils.java:logGet(43)) - raft.server.log.queue.element-limit = 1024 (custom)
2019-09-26 13:36:17,640 [pool-57-thread-1] INFO  server.RaftServerConfigKeys (ConfUtils.java:logGet(43)) - raft.server.log.segment.size.max = 1048576 (custom)
2019-09-26 13:36:17,640 [pool-57-thread-1] INFO  server.RaftServerConfigKeys (ConfUtils.java:logGet(43)) - raft.server.log.preallocated.size = 16384 (custom)
2019-09-26 13:36:17,640 [pool-57-thread-1] INFO  server.RaftServerConfigKeys (ConfUtils.java:logGet(43)) - raft.server.log.write.buffer.size = 33554432 (custom)
2019-09-26 13:36:17,640 [pool-57-thread-1] INFO  server.RaftServerConfigKeys (ConfUtils.java:logGet(43)) - raft.server.log.force.sync.num = 128 (default)
2019-09-26 13:36:17,640 [pool-57-thread-1] INFO  server.RaftServerConfigKeys (ConfUtils.java:logGet(43)) - raft.server.log.statemachine.data.sync = true (default)
2019-09-26 13:36:17,641 [pool-57-thread-1] INFO  server.RaftServerConfigKeys (ConfUtils.java:logGet(43)) - raft.server.log.statemachine.data.sync.timeout = 10s (default)
2019-09-26 13:36:17,641 [pool-57-thread-1] INFO  server.RaftServerConfigKeys (ConfUtils.java:logGet(43)) - raft.server.log.statemachine.data.sync.timeout.retry = -1 (default)
2019-09-26 13:36:17,641 [pool-57-thread-1] INFO  server.RaftServerConfigKeys (ConfUtils.java:logGet(43)) - raft.server.log.statemachine.data.caching.enabled = true (custom)
2019-09-26 13:36:17,641 [pool-57-thread-1] INFO  segmented.SegmentedRaftLogWorker (SegmentedRaftLogWorker.java:lambda$new$0(132)) - 782e32e3-c0a7-42e5-b748-90e00549b00d@group-0DC5B792A25C-SegmentedRaftLogWorker: flushIndex: setUnconditionally 0 -> -1
2019-09-26 13:36:17,642 [pool-57-thread-1] INFO  server.RaftServerConfigKeys (ConfUtils.java:logGet(43)) - raft.server.snapshot.auto.trigger.enabled = true (custom)
2019-09-26 13:36:17,642 [pool-57-thread-1] INFO  server.RaftServerConfigKeys (ConfUtils.java:logGet(43)) - raft.server.snapshot.auto.trigger.threshold = 10000 (custom)
2019-09-26 13:36:17,642 [pool-57-thread-1] INFO  server.RaftServerConfigKeys (ConfUtils.java:logGet(43)) - raft.server.snapshot.retention.num.files = 5 (custom)
2019-09-26 13:36:17,642 [pool-57-thread-1] INFO  server.RaftServerConfigKeys (ConfUtils.java:logGet(43)) - raft.server.retrycache.expirytime = 600000ms (custom)
2019-09-26 13:36:17,645 [pool-57-thread-1] INFO  impl.RaftServerImpl (RaftServerImpl.java:start(185)) - 782e32e3-c0a7-42e5-b748-90e00549b00d@group-0DC5B792A25C: start as a follower, conf=-1: [782e32e3-c0a7-42e5-b748-90e00549b00d:192.168.164.238:33921], old=null
2019-09-26 13:36:17,645 [pool-57-thread-1] INFO  impl.RaftServerImpl (RaftServerImpl.java:setRole(174)) - 782e32e3-c0a7-42e5-b748-90e00549b00d@group-0DC5B792A25C: changes role from      null to FOLLOWER at term 0 for startAsFollower
2019-09-26 13:36:17,645 [pool-57-thread-1] INFO  impl.RoleInfo (RoleInfo.java:updateAndGet(143)) - 782e32e3-c0a7-42e5-b748-90e00549b00d: start FollowerState
2019-09-26 13:36:17,646 [pool-57-thread-1] INFO  util.JmxRegister (JmxRegister.java:tryRegister(44)) - Successfully registered JMX Bean with object name Ratis:service=RaftServer,group=group-0DC5B792A25C,id=782e32e3-c0a7-42e5-b748-90e00549b00d
2019-09-26 13:36:17,651 [RatisPipelineUtilsThread] INFO  pipeline.PipelineStateManager (PipelineStateManager.java:addPipeline(56)) - Created pipeline Pipeline[ Id: c9cdfe80-e6c4-4067-a2f0-0dc5b792a25c, Nodes: 782e32e3-c0a7-42e5-b748-90e00549b00d{ip: 192.168.164.238, host: pr-hdds-1569-87zkn-1081879488, networkLocation: /default-rack, certSerialId: null}, Type:RATIS, Factor:ONE, State:OPEN]
2019-09-26 13:36:17,651 [RatisPipelineUtilsThread] INFO  pipeline.PipelinePlacementPolicy (PipelinePlacementPolicy.java:meetCriteria(91)) - Pipeline Placement: can't place more pipeline on heavy datanode： 0846c5d9-d8fd-49e0-9805-817523babe5a Heaviness: 6 limit: 5
2019-09-26 13:36:17,651 [RatisPipelineUtilsThread] INFO  pipeline.PipelinePlacementPolicy (PipelinePlacementPolicy.java:meetCriteria(91)) - Pipeline Placement: can't place more pipeline on heavy datanode： 1d0de9a6-3b8a-4f01-86ad-2ac4521aa9e5 Heaviness: 6 limit: 5
2019-09-26 13:36:17,651 [RatisPipelineUtilsThread] INFO  pipeline.PipelinePlacementPolicy (PipelinePlacementPolicy.java:meetCriteria(91)) - Pipeline Placement: can't place more pipeline on heavy datanode： 346062cc-ad15-42e2-9beb-d47eb155c827 Heaviness: 6 limit: 5
2019-09-26 13:36:17,661 [grpc-default-executor-0] INFO  impl.RaftServerProxy (RaftServerProxy.java:addNew(89)) - eded3bc9-84b9-4250-ab82-94085e7bf343: addNew group-48B0AE07200B:[eded3bc9-84b9-4250-ab82-94085e7bf343:192.168.164.238:43918] returns group-48B0AE07200B:java.util.concurrent.CompletableFuture@73aaf3e1[Not completed]
2019-09-26 13:36:17,662 [pool-27-thread-1] INFO  impl.RaftServerImpl (RaftServerImpl.java:<init>(95)) - eded3bc9-84b9-4250-ab82-94085e7bf343: new RaftServerImpl for group-48B0AE07200B:[eded3bc9-84b9-4250-ab82-94085e7bf343:192.168.164.238:43918] with ContainerStateMachine:uninitialized
2019-09-26 13:36:17,663 [pool-27-thread-1] INFO  server.RaftServerConfigKeys (ConfUtils.java:logGet(43)) - raft.server.rpc.timeout.min = 5s (custom)
2019-09-26 13:36:17,663 [pool-27-thread-1] INFO  server.RaftServerConfigKeys (ConfUtils.java:logGet(43)) - raft.server.rpc.timeout.max = 5200ms (custom)
2019-09-26 13:36:17,663 [pool-27-thread-1] INFO  server.RaftServerConfigKeys (ConfUtils.java:logGet(43)) - raft.server.rpcslowness.timeout = 120s (custom)
2019-09-26 13:36:17,663 [pool-27-thread-1] INFO  server.RaftServerConfigKeys (ConfUtils.java:logGet(43)) - raft.server.sleep.deviation.threshold = 300 (default)
2019-09-26 13:36:17,663 [pool-27-thread-1] INFO  server.RaftServerConfigKeys (ConfUtils.java:logGet(43)) - raft.server.log.appender.install.snapshot.enabled = false (custom)
2019-09-26 13:36:17,663 [pool-27-thread-1] INFO  impl.RaftServerImpl (ServerState.java:<init>(103)) - eded3bc9-84b9-4250-ab82-94085e7bf343@group-48B0AE07200B: ConfigurationManager, init=-1: [eded3bc9-84b9-4250-ab82-94085e7bf343:192.168.164.238:43918], old=null, confs=<EMPTY_MAP>
2019-09-26 13:36:17,663 [pool-27-thread-1] INFO  server.RaftServerConfigKeys (ConfUtils.java:logGet(43)) - raft.server.storage.dir = [/workdir/hadoop-ozone/tools/target/test-dir/MiniOzoneClusterImpl-9370444f-6a38-4216-baa9-a19329eb6ac6/datanode-0/data/ratis] (custom)
2019-09-26 13:36:17,664 [pool-27-thread-1] INFO  storage.RaftStorageDirectory (RaftStorageDirectory.java:analyzeStorage(246)) - The storage directory /workdir/hadoop-ozone/tools/target/test-dir/MiniOzoneClusterImpl-9370444f-6a38-4216-baa9-a19329eb6ac6/datanode-0/data/ratis/24f654aa-8fbe-4527-9519-48b0ae07200b does not exist. Creating ...
2019-09-26 13:36:17,677 [pool-27-thread-1] INFO  storage.RaftStorageDirectory (RaftStorageDirectory.java:tryLock(328)) - Lock on /workdir/hadoop-ozone/tools/target/test-dir/MiniOzoneClusterImpl-9370444f-6a38-4216-baa9-a19329eb6ac6/datanode-0/data/ratis/24f654aa-8fbe-4527-9519-48b0ae07200b/in_use.lock acquired by nodename 19660@pr-hdds-1569-87zkn-1081879488
2019-09-26 13:36:17,690 [pool-27-thread-1] INFO  storage.RaftStorage (RaftStorage.java:format(72)) - Storage directory /workdir/hadoop-ozone/tools/target/test-dir/MiniOzoneClusterImpl-9370444f-6a38-4216-baa9-a19329eb6ac6/datanode-0/data/ratis/24f654aa-8fbe-4527-9519-48b0ae07200b has been successfully formatted.
2019-09-26 13:36:17,690 [pool-27-thread-1] INFO  ratis.ContainerStateMachine (ContainerStateMachine.java:loadSnapshot(230)) - group-48B0AE07200B: The snapshot info is null. Setting the last applied indexto:(t:0, i:~)
2019-09-26 13:36:17,691 [pool-27-thread-1] INFO  server.RaftServerConfigKeys (ConfUtils.java:logGet(43)) - raft.server.notification.no-leader.timeout = 120s (custom)
2019-09-26 13:36:17,691 [pool-27-thread-1] INFO  server.RaftServerConfigKeys (ConfUtils.java:logGet(43)) - raft.server.log.use.memory = false (default)
2019-09-26 13:36:17,691 [pool-27-thread-1] INFO  server.RaftServerConfigKeys (ConfUtils.java:logGet(43)) - raft.server.log.purge.gap = 1000000 (custom)
2019-09-26 13:36:17,691 [pool-27-thread-1] INFO  server.RaftServerConfigKeys (ConfUtils.java:logGet(43)) - raft.server.log.appender.buffer.byte-limit = 33554432 (custom)
2019-09-26 13:36:17,691 [pool-27-thread-1] INFO  server.RaftServerConfigKeys (ConfUtils.java:logGet(43)) - raft.server.log.segment.size.max = 1048576 (custom)
2019-09-26 13:36:17,691 [pool-27-thread-1] INFO  server.RaftServerConfigKeys (ConfUtils.java:logGet(43)) - raft.server.log.segment.cache.num.max = 2 (custom)
2019-09-26 13:36:17,692 [pool-27-thread-1] INFO  segmented.SegmentedRaftLogWorker (SegmentedRaftLogWorker.java:<init>(172)) - new eded3bc9-84b9-4250-ab82-94085e7bf343@group-48B0AE07200B-SegmentedRaftLogWorker for RaftStorage:Storage Directory /workdir/hadoop-ozone/tools/target/test-dir/MiniOzoneClusterImpl-9370444f-6a38-4216-baa9-a19329eb6ac6/datanode-0/data/ratis/24f654aa-8fbe-4527-9519-48b0ae07200b
2019-09-26 13:36:17,692 [pool-27-thread-1] INFO  server.RaftServerConfigKeys (ConfUtils.java:logGet(43)) - raft.server.log.queue.byte-limit = 2147483647 (custom)
2019-09-26 13:36:17,692 [pool-27-thread-1] INFO  server.RaftServerConfigKeys (ConfUtils.java:logGet(43)) - raft.server.log.queue.element-limit = 1024 (custom)
2019-09-26 13:36:17,692 [pool-27-thread-1] INFO  server.RaftServerConfigKeys (ConfUtils.java:logGet(43)) - raft.server.log.segment.size.max = 1048576 (custom)
2019-09-26 13:36:17,692 [pool-27-thread-1] INFO  server.RaftServerConfigKeys (ConfUtils.java:logGet(43)) - raft.server.log.preallocated.size = 16384 (custom)
2019-09-26 13:36:17,692 [pool-27-thread-1] INFO  server.RaftServerConfigKeys (ConfUtils.java:logGet(43)) - raft.server.log.write.buffer.size = 33554432 (custom)
2019-09-26 13:36:17,692 [pool-27-thread-1] INFO  server.RaftServerConfigKeys (ConfUtils.java:logGet(43)) - raft.server.log.force.sync.num = 128 (default)
2019-09-26 13:36:17,693 [pool-27-thread-1] INFO  server.RaftServerConfigKeys (ConfUtils.java:logGet(43)) - raft.server.log.statemachine.data.sync = true (default)
2019-09-26 13:36:17,693 [pool-27-thread-1] INFO  server.RaftServerConfigKeys (ConfUtils.java:logGet(43)) - raft.server.log.statemachine.data.sync.timeout = 10s (default)
2019-09-26 13:36:17,693 [pool-27-thread-1] INFO  server.RaftServerConfigKeys (ConfUtils.java:logGet(43)) - raft.server.log.statemachine.data.sync.timeout.retry = -1 (default)
2019-09-26 13:36:17,693 [pool-27-thread-1] INFO  server.RaftServerConfigKeys (ConfUtils.java:logGet(43)) - raft.server.log.statemachine.data.caching.enabled = true (custom)
2019-09-26 13:36:17,694 [pool-27-thread-1] INFO  segmented.SegmentedRaftLogWorker (SegmentedRaftLogWorker.java:lambda$new$0(132)) - eded3bc9-84b9-4250-ab82-94085e7bf343@group-48B0AE07200B-SegmentedRaftLogWorker: flushIndex: setUnconditionally 0 -> -1
2019-09-26 13:36:17,694 [pool-27-thread-1] INFO  server.RaftServerConfigKeys (ConfUtils.java:logGet(43)) - raft.server.snapshot.auto.trigger.enabled = true (custom)
2019-09-26 13:36:17,694 [pool-27-thread-1] INFO  server.RaftServerConfigKeys (ConfUtils.java:logGet(43)) - raft.server.snapshot.auto.trigger.threshold = 10000 (custom)
2019-09-26 13:36:17,694 [pool-27-thread-1] INFO  server.RaftServerConfigKeys (ConfUtils.java:logGet(43)) - raft.server.snapshot.retention.num.files = 5 (custom)
2019-09-26 13:36:17,695 [pool-27-thread-1] INFO  server.RaftServerConfigKeys (ConfUtils.java:logGet(43)) - raft.server.retrycache.expirytime = 600000ms (custom)
2019-09-26 13:36:17,698 [pool-27-thread-1] INFO  impl.RaftServerImpl (RaftServerImpl.java:start(185)) - eded3bc9-84b9-4250-ab82-94085e7bf343@group-48B0AE07200B: start as a follower, conf=-1: [eded3bc9-84b9-4250-ab82-94085e7bf343:192.168.164.238:43918], old=null
2019-09-26 13:36:17,698 [pool-27-thread-1] INFO  impl.RaftServerImpl (RaftServerImpl.java:setRole(174)) - eded3bc9-84b9-4250-ab82-94085e7bf343@group-48B0AE07200B: changes role from      null to FOLLOWER at term 0 for startAsFollower
2019-09-26 13:36:17,698 [pool-27-thread-1] INFO  impl.RoleInfo (RoleInfo.java:updateAndGet(143)) - eded3bc9-84b9-4250-ab82-94085e7bf343: start FollowerState
2019-09-26 13:36:17,699 [pool-27-thread-1] INFO  util.JmxRegister (JmxRegister.java:tryRegister(44)) - Successfully registered JMX Bean with object name Ratis:service=RaftServer,group=group-48B0AE07200B,id=eded3bc9-84b9-4250-ab82-94085e7bf343
2019-09-26 13:36:17,705 [RatisPipelineUtilsThread] INFO  pipeline.PipelineStateManager (PipelineStateManager.java:addPipeline(56)) - Created pipeline Pipeline[ Id: 24f654aa-8fbe-4527-9519-48b0ae07200b, Nodes: eded3bc9-84b9-4250-ab82-94085e7bf343{ip: 192.168.164.238, host: pr-hdds-1569-87zkn-1081879488, networkLocation: /default-rack, certSerialId: null}, Type:RATIS, Factor:ONE, State:OPEN]
2019-09-26 13:36:17,705 [RatisPipelineUtilsThread] INFO  pipeline.PipelinePlacementPolicy (PipelinePlacementPolicy.java:meetCriteria(91)) - Pipeline Placement: can't place more pipeline on heavy datanode： 0846c5d9-d8fd-49e0-9805-817523babe5a Heaviness: 6 limit: 5
2019-09-26 13:36:17,705 [RatisPipelineUtilsThread] INFO  pipeline.PipelinePlacementPolicy (PipelinePlacementPolicy.java:meetCriteria(91)) - Pipeline Placement: can't place more pipeline on heavy datanode： 1d0de9a6-3b8a-4f01-86ad-2ac4521aa9e5 Heaviness: 6 limit: 5
2019-09-26 13:36:17,705 [RatisPipelineUtilsThread] INFO  pipeline.PipelinePlacementPolicy (PipelinePlacementPolicy.java:meetCriteria(91)) - Pipeline Placement: can't place more pipeline on heavy datanode： 346062cc-ad15-42e2-9beb-d47eb155c827 Heaviness: 6 limit: 5
2019-09-26 13:36:17,715 [grpc-default-executor-0] INFO  impl.RaftServerProxy (RaftServerProxy.java:addNew(89)) - eded3bc9-84b9-4250-ab82-94085e7bf343: addNew group-04C1A7C50AE7:[eded3bc9-84b9-4250-ab82-94085e7bf343:192.168.164.238:43918] returns group-04C1A7C50AE7:java.util.concurrent.CompletableFuture@3566f02f[Not completed]
2019-09-26 13:36:17,716 [pool-27-thread-1] INFO  impl.RaftServerImpl (RaftServerImpl.java:<init>(95)) - eded3bc9-84b9-4250-ab82-94085e7bf343: new RaftServerImpl for group-04C1A7C50AE7:[eded3bc9-84b9-4250-ab82-94085e7bf343:192.168.164.238:43918] with ContainerStateMachine:uninitialized
2019-09-26 13:36:17,716 [pool-27-thread-1] INFO  server.RaftServerConfigKeys (ConfUtils.java:logGet(43)) - raft.server.rpc.timeout.min = 5s (custom)
2019-09-26 13:36:17,717 [pool-27-thread-1] INFO  server.RaftServerConfigKeys (ConfUtils.java:logGet(43)) - raft.server.rpc.timeout.max = 5200ms (custom)
2019-09-26 13:36:17,717 [pool-27-thread-1] INFO  server.RaftServerConfigKeys (ConfUtils.java:logGet(43)) - raft.server.rpcslowness.timeout = 120s (custom)
2019-09-26 13:36:17,717 [pool-27-thread-1] INFO  server.RaftServerConfigKeys (ConfUtils.java:logGet(43)) - raft.server.sleep.deviation.threshold = 300 (default)
2019-09-26 13:36:17,717 [pool-27-thread-1] INFO  server.RaftServerConfigKeys (ConfUtils.java:logGet(43)) - raft.server.log.appender.install.snapshot.enabled = false (custom)
2019-09-26 13:36:17,717 [pool-27-thread-1] INFO  impl.RaftServerImpl (ServerState.java:<init>(103)) - eded3bc9-84b9-4250-ab82-94085e7bf343@group-04C1A7C50AE7: ConfigurationManager, init=-1: [eded3bc9-84b9-4250-ab82-94085e7bf343:192.168.164.238:43918], old=null, confs=<EMPTY_MAP>
2019-09-26 13:36:17,717 [pool-27-thread-1] INFO  server.RaftServerConfigKeys (ConfUtils.java:logGet(43)) - raft.server.storage.dir = [/workdir/hadoop-ozone/tools/target/test-dir/MiniOzoneClusterImpl-9370444f-6a38-4216-baa9-a19329eb6ac6/datanode-0/data/ratis] (custom)
2019-09-26 13:36:17,718 [pool-27-thread-1] INFO  storage.RaftStorageDirectory (RaftStorageDirectory.java:analyzeStorage(246)) - The storage directory /workdir/hadoop-ozone/tools/target/test-dir/MiniOzoneClusterImpl-9370444f-6a38-4216-baa9-a19329eb6ac6/datanode-0/data/ratis/4aff89a6-dddc-4eec-ac84-04c1a7c50ae7 does not exist. Creating ...
2019-09-26 13:36:17,736 [pool-27-thread-1] INFO  storage.RaftStorageDirectory (RaftStorageDirectory.java:tryLock(328)) - Lock on /workdir/hadoop-ozone/tools/target/test-dir/MiniOzoneClusterImpl-9370444f-6a38-4216-baa9-a19329eb6ac6/datanode-0/data/ratis/4aff89a6-dddc-4eec-ac84-04c1a7c50ae7/in_use.lock acquired by nodename 19660@pr-hdds-1569-87zkn-1081879488
2019-09-26 13:36:17,749 [pool-27-thread-1] INFO  storage.RaftStorage (RaftStorage.java:format(72)) - Storage directory /workdir/hadoop-ozone/tools/target/test-dir/MiniOzoneClusterImpl-9370444f-6a38-4216-baa9-a19329eb6ac6/datanode-0/data/ratis/4aff89a6-dddc-4eec-ac84-04c1a7c50ae7 has been successfully formatted.
2019-09-26 13:36:17,749 [pool-27-thread-1] INFO  ratis.ContainerStateMachine (ContainerStateMachine.java:loadSnapshot(230)) - group-04C1A7C50AE7: The snapshot info is null. Setting the last applied indexto:(t:0, i:~)
2019-09-26 13:36:17,750 [pool-27-thread-1] INFO  server.RaftServerConfigKeys (ConfUtils.java:logGet(43)) - raft.server.notification.no-leader.timeout = 120s (custom)
2019-09-26 13:36:17,750 [pool-27-thread-1] INFO  server.RaftServerConfigKeys (ConfUtils.java:logGet(43)) - raft.server.log.use.memory = false (default)
2019-09-26 13:36:17,750 [pool-27-thread-1] INFO  server.RaftServerConfigKeys (ConfUtils.java:logGet(43)) - raft.server.log.purge.gap = 1000000 (custom)
2019-09-26 13:36:17,750 [pool-27-thread-1] INFO  server.RaftServerConfigKeys (ConfUtils.java:logGet(43)) - raft.server.log.appender.buffer.byte-limit = 33554432 (custom)
2019-09-26 13:36:17,750 [pool-27-thread-1] INFO  server.RaftServerConfigKeys (ConfUtils.java:logGet(43)) - raft.server.log.segment.size.max = 1048576 (custom)
2019-09-26 13:36:17,750 [pool-27-thread-1] INFO  server.RaftServerConfigKeys (ConfUtils.java:logGet(43)) - raft.server.log.segment.cache.num.max = 2 (custom)
2019-09-26 13:36:17,750 [pool-27-thread-1] INFO  segmented.SegmentedRaftLogWorker (SegmentedRaftLogWorker.java:<init>(172)) - new eded3bc9-84b9-4250-ab82-94085e7bf343@group-04C1A7C50AE7-SegmentedRaftLogWorker for RaftStorage:Storage Directory /workdir/hadoop-ozone/tools/target/test-dir/MiniOzoneClusterImpl-9370444f-6a38-4216-baa9-a19329eb6ac6/datanode-0/data/ratis/4aff89a6-dddc-4eec-ac84-04c1a7c50ae7
2019-09-26 13:36:17,751 [pool-27-thread-1] INFO  server.RaftServerConfigKeys (ConfUtils.java:logGet(43)) - raft.server.log.queue.byte-limit = 2147483647 (custom)
2019-09-26 13:36:17,751 [pool-27-thread-1] INFO  server.RaftServerConfigKeys (ConfUtils.java:logGet(43)) - raft.server.log.queue.element-limit = 1024 (custom)
2019-09-26 13:36:17,751 [pool-27-thread-1] INFO  server.RaftServerConfigKeys (ConfUtils.java:logGet(43)) - raft.server.log.segment.size.max = 1048576 (custom)
2019-09-26 13:36:17,751 [pool-27-thread-1] INFO  server.RaftServerConfigKeys (ConfUtils.java:logGet(43)) - raft.server.log.preallocated.size = 16384 (custom)
2019-09-26 13:36:17,751 [pool-27-thread-1] INFO  server.RaftServerConfigKeys (ConfUtils.java:logGet(43)) - raft.server.log.write.buffer.size = 33554432 (custom)
2019-09-26 13:36:17,751 [pool-27-thread-1] INFO  server.RaftServerConfigKeys (ConfUtils.java:logGet(43)) - raft.server.log.force.sync.num = 128 (default)
2019-09-26 13:36:17,751 [pool-27-thread-1] INFO  server.RaftServerConfigKeys (ConfUtils.java:logGet(43)) - raft.server.log.statemachine.data.sync = true (default)
2019-09-26 13:36:17,751 [pool-27-thread-1] INFO  server.RaftServerConfigKeys (ConfUtils.java:logGet(43)) - raft.server.log.statemachine.data.sync.timeout = 10s (default)
2019-09-26 13:36:17,752 [pool-27-thread-1] INFO  server.RaftServerConfigKeys (ConfUtils.java:logGet(43)) - raft.server.log.statemachine.data.sync.timeout.retry = -1 (default)
2019-09-26 13:36:17,752 [pool-27-thread-1] INFO  server.RaftServerConfigKeys (ConfUtils.java:logGet(43)) - raft.server.log.statemachine.data.caching.enabled = true (custom)
2019-09-26 13:36:17,752 [pool-27-thread-1] INFO  segmented.SegmentedRaftLogWorker (SegmentedRaftLogWorker.java:lambda$new$0(132)) - eded3bc9-84b9-4250-ab82-94085e7bf343@group-04C1A7C50AE7-SegmentedRaftLogWorker: flushIndex: setUnconditionally 0 -> -1
2019-09-26 13:36:17,752 [pool-27-thread-1] INFO  server.RaftServerConfigKeys (ConfUtils.java:logGet(43)) - raft.server.snapshot.auto.trigger.enabled = true (custom)
2019-09-26 13:36:17,753 [pool-27-thread-1] INFO  server.RaftServerConfigKeys (ConfUtils.java:logGet(43)) - raft.server.snapshot.auto.trigger.threshold = 10000 (custom)
2019-09-26 13:36:17,753 [pool-27-thread-1] INFO  server.RaftServerConfigKeys (ConfUtils.java:logGet(43)) - raft.server.snapshot.retention.num.files = 5 (custom)
2019-09-26 13:36:17,753 [pool-27-thread-1] INFO  server.RaftServerConfigKeys (ConfUtils.java:logGet(43)) - raft.server.retrycache.expirytime = 600000ms (custom)
2019-09-26 13:36:17,755 [pool-27-thread-1] INFO  impl.RaftServerImpl (RaftServerImpl.java:start(185)) - eded3bc9-84b9-4250-ab82-94085e7bf343@group-04C1A7C50AE7: start as a follower, conf=-1: [eded3bc9-84b9-4250-ab82-94085e7bf343:192.168.164.238:43918], old=null
2019-09-26 13:36:17,755 [pool-27-thread-1] INFO  impl.RaftServerImpl (RaftServerImpl.java:setRole(174)) - eded3bc9-84b9-4250-ab82-94085e7bf343@group-04C1A7C50AE7: changes role from      null to FOLLOWER at term 0 for startAsFollower
2019-09-26 13:36:17,756 [pool-27-thread-1] INFO  impl.RoleInfo (RoleInfo.java:updateAndGet(143)) - eded3bc9-84b9-4250-ab82-94085e7bf343: start FollowerState
2019-09-26 13:36:17,756 [pool-27-thread-1] INFO  util.JmxRegister (JmxRegister.java:tryRegister(44)) - Successfully registered JMX Bean with object name Ratis:service=RaftServer,group=group-04C1A7C50AE7,id=eded3bc9-84b9-4250-ab82-94085e7bf343
2019-09-26 13:36:17,761 [RatisPipelineUtilsThread] INFO  pipeline.PipelineStateManager (PipelineStateManager.java:addPipeline(56)) - Created pipeline Pipeline[ Id: 4aff89a6-dddc-4eec-ac84-04c1a7c50ae7, Nodes: eded3bc9-84b9-4250-ab82-94085e7bf343{ip: 192.168.164.238, host: pr-hdds-1569-87zkn-1081879488, networkLocation: /default-rack, certSerialId: null}, Type:RATIS, Factor:ONE, State:OPEN]
2019-09-26 13:36:17,761 [RatisPipelineUtilsThread] INFO  pipeline.PipelinePlacementPolicy (PipelinePlacementPolicy.java:meetCriteria(91)) - Pipeline Placement: can't place more pipeline on heavy datanode： 0846c5d9-d8fd-49e0-9805-817523babe5a Heaviness: 6 limit: 5
2019-09-26 13:36:17,761 [RatisPipelineUtilsThread] INFO  pipeline.PipelinePlacementPolicy (PipelinePlacementPolicy.java:meetCriteria(91)) - Pipeline Placement: can't place more pipeline on heavy datanode： 1d0de9a6-3b8a-4f01-86ad-2ac4521aa9e5 Heaviness: 6 limit: 5
2019-09-26 13:36:17,761 [RatisPipelineUtilsThread] INFO  pipeline.PipelinePlacementPolicy (PipelinePlacementPolicy.java:meetCriteria(91)) - Pipeline Placement: can't place more pipeline on heavy datanode： 346062cc-ad15-42e2-9beb-d47eb155c827 Heaviness: 6 limit: 5
2019-09-26 13:36:17,773 [grpc-default-executor-0] INFO  impl.RaftServerProxy (RaftServerProxy.java:addNew(89)) - eded3bc9-84b9-4250-ab82-94085e7bf343: addNew group-C32D8A3181D9:[eded3bc9-84b9-4250-ab82-94085e7bf343:192.168.164.238:43918] returns group-C32D8A3181D9:java.util.concurrent.CompletableFuture@516b3bde[Not completed]
2019-09-26 13:36:17,774 [pool-27-thread-1] INFO  impl.RaftServerImpl (RaftServerImpl.java:<init>(95)) - eded3bc9-84b9-4250-ab82-94085e7bf343: new RaftServerImpl for group-C32D8A3181D9:[eded3bc9-84b9-4250-ab82-94085e7bf343:192.168.164.238:43918] with ContainerStateMachine:uninitialized
2019-09-26 13:36:17,774 [pool-27-thread-1] INFO  server.RaftServerConfigKeys (ConfUtils.java:logGet(43)) - raft.server.rpc.timeout.min = 5s (custom)
2019-09-26 13:36:17,774 [pool-27-thread-1] INFO  server.RaftServerConfigKeys (ConfUtils.java:logGet(43)) - raft.server.rpc.timeout.max = 5200ms (custom)
2019-09-26 13:36:17,775 [pool-27-thread-1] INFO  server.RaftServerConfigKeys (ConfUtils.java:logGet(43)) - raft.server.rpcslowness.timeout = 120s (custom)
2019-09-26 13:36:17,775 [pool-27-thread-1] INFO  server.RaftServerConfigKeys (ConfUtils.java:logGet(43)) - raft.server.sleep.deviation.threshold = 300 (default)
2019-09-26 13:36:17,775 [pool-27-thread-1] INFO  server.RaftServerConfigKeys (ConfUtils.java:logGet(43)) - raft.server.log.appender.install.snapshot.enabled = false (custom)
2019-09-26 13:36:17,775 [pool-27-thread-1] INFO  impl.RaftServerImpl (ServerState.java:<init>(103)) - eded3bc9-84b9-4250-ab82-94085e7bf343@group-C32D8A3181D9: ConfigurationManager, init=-1: [eded3bc9-84b9-4250-ab82-94085e7bf343:192.168.164.238:43918], old=null, confs=<EMPTY_MAP>
2019-09-26 13:36:17,775 [pool-27-thread-1] INFO  server.RaftServerConfigKeys (ConfUtils.java:logGet(43)) - raft.server.storage.dir = [/workdir/hadoop-ozone/tools/target/test-dir/MiniOzoneClusterImpl-9370444f-6a38-4216-baa9-a19329eb6ac6/datanode-0/data/ratis] (custom)
2019-09-26 13:36:17,775 [pool-27-thread-1] INFO  storage.RaftStorageDirectory (RaftStorageDirectory.java:analyzeStorage(246)) - The storage directory /workdir/hadoop-ozone/tools/target/test-dir/MiniOzoneClusterImpl-9370444f-6a38-4216-baa9-a19329eb6ac6/datanode-0/data/ratis/1d786edf-c9c3-46bf-902f-c32d8a3181d9 does not exist. Creating ...
2019-09-26 13:36:17,788 [pool-27-thread-1] INFO  storage.RaftStorageDirectory (RaftStorageDirectory.java:tryLock(328)) - Lock on /workdir/hadoop-ozone/tools/target/test-dir/MiniOzoneClusterImpl-9370444f-6a38-4216-baa9-a19329eb6ac6/datanode-0/data/ratis/1d786edf-c9c3-46bf-902f-c32d8a3181d9/in_use.lock acquired by nodename 19660@pr-hdds-1569-87zkn-1081879488
2019-09-26 13:36:17,802 [pool-27-thread-1] INFO  storage.RaftStorage (RaftStorage.java:format(72)) - Storage directory /workdir/hadoop-ozone/tools/target/test-dir/MiniOzoneClusterImpl-9370444f-6a38-4216-baa9-a19329eb6ac6/datanode-0/data/ratis/1d786edf-c9c3-46bf-902f-c32d8a3181d9 has been successfully formatted.
2019-09-26 13:36:17,802 [pool-27-thread-1] INFO  ratis.ContainerStateMachine (ContainerStateMachine.java:loadSnapshot(230)) - group-C32D8A3181D9: The snapshot info is null. Setting the last applied indexto:(t:0, i:~)
2019-09-26 13:36:17,803 [pool-27-thread-1] INFO  server.RaftServerConfigKeys (ConfUtils.java:logGet(43)) - raft.server.notification.no-leader.timeout = 120s (custom)
2019-09-26 13:36:17,803 [pool-27-thread-1] INFO  server.RaftServerConfigKeys (ConfUtils.java:logGet(43)) - raft.server.log.use.memory = false (default)
2019-09-26 13:36:17,803 [pool-27-thread-1] INFO  server.RaftServerConfigKeys (ConfUtils.java:logGet(43)) - raft.server.log.purge.gap = 1000000 (custom)
2019-09-26 13:36:17,803 [pool-27-thread-1] INFO  server.RaftServerConfigKeys (ConfUtils.java:logGet(43)) - raft.server.log.appender.buffer.byte-limit = 33554432 (custom)
2019-09-26 13:36:17,803 [pool-27-thread-1] INFO  server.RaftServerConfigKeys (ConfUtils.java:logGet(43)) - raft.server.log.segment.size.max = 1048576 (custom)
2019-09-26 13:36:17,804 [pool-27-thread-1] INFO  server.RaftServerConfigKeys (ConfUtils.java:logGet(43)) - raft.server.log.segment.cache.num.max = 2 (custom)
2019-09-26 13:36:17,804 [pool-27-thread-1] INFO  segmented.SegmentedRaftLogWorker (SegmentedRaftLogWorker.java:<init>(172)) - new eded3bc9-84b9-4250-ab82-94085e7bf343@group-C32D8A3181D9-SegmentedRaftLogWorker for RaftStorage:Storage Directory /workdir/hadoop-ozone/tools/target/test-dir/MiniOzoneClusterImpl-9370444f-6a38-4216-baa9-a19329eb6ac6/datanode-0/data/ratis/1d786edf-c9c3-46bf-902f-c32d8a3181d9
2019-09-26 13:36:17,804 [pool-27-thread-1] INFO  server.RaftServerConfigKeys (ConfUtils.java:logGet(43)) - raft.server.log.queue.byte-limit = 2147483647 (custom)
2019-09-26 13:36:17,804 [pool-27-thread-1] INFO  server.RaftServerConfigKeys (ConfUtils.java:logGet(43)) - raft.server.log.queue.element-limit = 1024 (custom)
2019-09-26 13:36:17,804 [pool-27-thread-1] INFO  server.RaftServerConfigKeys (ConfUtils.java:logGet(43)) - raft.server.log.segment.size.max = 1048576 (custom)
2019-09-26 13:36:17,804 [pool-27-thread-1] INFO  server.RaftServerConfigKeys (ConfUtils.java:logGet(43)) - raft.server.log.preallocated.size = 16384 (custom)
2019-09-26 13:36:17,805 [pool-27-thread-1] INFO  server.RaftServerConfigKeys (ConfUtils.java:logGet(43)) - raft.server.log.write.buffer.size = 33554432 (custom)
2019-09-26 13:36:17,805 [pool-27-thread-1] INFO  server.RaftServerConfigKeys (ConfUtils.java:logGet(43)) - raft.server.log.force.sync.num = 128 (default)
2019-09-26 13:36:17,805 [pool-27-thread-1] INFO  server.RaftServerConfigKeys (ConfUtils.java:logGet(43)) - raft.server.log.statemachine.data.sync = true (default)
2019-09-26 13:36:17,805 [pool-27-thread-1] INFO  server.RaftServerConfigKeys (ConfUtils.java:logGet(43)) - raft.server.log.statemachine.data.sync.timeout = 10s (default)
2019-09-26 13:36:17,805 [pool-27-thread-1] INFO  server.RaftServerConfigKeys (ConfUtils.java:logGet(43)) - raft.server.log.statemachine.data.sync.timeout.retry = -1 (default)
2019-09-26 13:36:17,806 [pool-27-thread-1] INFO  server.RaftServerConfigKeys (ConfUtils.java:logGet(43)) - raft.server.log.statemachine.data.caching.enabled = true (custom)
2019-09-26 13:36:17,806 [pool-27-thread-1] INFO  segmented.SegmentedRaftLogWorker (SegmentedRaftLogWorker.java:lambda$new$0(132)) - eded3bc9-84b9-4250-ab82-94085e7bf343@group-C32D8A3181D9-SegmentedRaftLogWorker: flushIndex: setUnconditionally 0 -> -1
2019-09-26 13:36:17,806 [pool-27-thread-1] INFO  server.RaftServerConfigKeys (ConfUtils.java:logGet(43)) - raft.server.snapshot.auto.trigger.enabled = true (custom)
2019-09-26 13:36:17,807 [pool-27-thread-1] INFO  server.RaftServerConfigKeys (ConfUtils.java:logGet(43)) - raft.server.snapshot.auto.trigger.threshold = 10000 (custom)
2019-09-26 13:36:17,807 [pool-27-thread-1] INFO  server.RaftServerConfigKeys (ConfUtils.java:logGet(43)) - raft.server.snapshot.retention.num.files = 5 (custom)
2019-09-26 13:36:17,807 [pool-27-thread-1] INFO  server.RaftServerConfigKeys (ConfUtils.java:logGet(43)) - raft.server.retrycache.expirytime = 600000ms (custom)
2019-09-26 13:36:17,811 [pool-27-thread-1] INFO  impl.RaftServerImpl (RaftServerImpl.java:start(185)) - eded3bc9-84b9-4250-ab82-94085e7bf343@group-C32D8A3181D9: start as a follower, conf=-1: [eded3bc9-84b9-4250-ab82-94085e7bf343:192.168.164.238:43918], old=null
2019-09-26 13:36:17,811 [pool-27-thread-1] INFO  impl.RaftServerImpl (RaftServerImpl.java:setRole(174)) - eded3bc9-84b9-4250-ab82-94085e7bf343@group-C32D8A3181D9: changes role from      null to FOLLOWER at term 0 for startAsFollower
2019-09-26 13:36:17,811 [pool-27-thread-1] INFO  impl.RoleInfo (RoleInfo.java:updateAndGet(143)) - eded3bc9-84b9-4250-ab82-94085e7bf343: start FollowerState
2019-09-26 13:36:17,812 [pool-27-thread-1] INFO  util.JmxRegister (JmxRegister.java:tryRegister(44)) - Successfully registered JMX Bean with object name Ratis:service=RaftServer,group=group-C32D8A3181D9,id=eded3bc9-84b9-4250-ab82-94085e7bf343
2019-09-26 13:36:17,818 [RatisPipelineUtilsThread] INFO  pipeline.PipelineStateManager (PipelineStateManager.java:addPipeline(56)) - Created pipeline Pipeline[ Id: 1d786edf-c9c3-46bf-902f-c32d8a3181d9, Nodes: eded3bc9-84b9-4250-ab82-94085e7bf343{ip: 192.168.164.238, host: pr-hdds-1569-87zkn-1081879488, networkLocation: /default-rack, certSerialId: null}, Type:RATIS, Factor:ONE, State:OPEN]
2019-09-26 13:36:17,818 [RatisPipelineUtilsThread] INFO  pipeline.PipelinePlacementPolicy (PipelinePlacementPolicy.java:meetCriteria(91)) - Pipeline Placement: can't place more pipeline on heavy datanode： 0846c5d9-d8fd-49e0-9805-817523babe5a Heaviness: 6 limit: 5
2019-09-26 13:36:17,818 [RatisPipelineUtilsThread] INFO  pipeline.PipelinePlacementPolicy (PipelinePlacementPolicy.java:meetCriteria(91)) - Pipeline Placement: can't place more pipeline on heavy datanode： 1d0de9a6-3b8a-4f01-86ad-2ac4521aa9e5 Heaviness: 6 limit: 5
2019-09-26 13:36:17,819 [RatisPipelineUtilsThread] INFO  pipeline.PipelinePlacementPolicy (PipelinePlacementPolicy.java:meetCriteria(91)) - Pipeline Placement: can't place more pipeline on heavy datanode： 346062cc-ad15-42e2-9beb-d47eb155c827 Heaviness: 6 limit: 5
2019-09-26 13:36:17,828 [grpc-default-executor-0] INFO  impl.RaftServerProxy (RaftServerProxy.java:addNew(89)) - 782e32e3-c0a7-42e5-b748-90e00549b00d: addNew group-F9BCBFB7636E:[782e32e3-c0a7-42e5-b748-90e00549b00d:192.168.164.238:33921] returns group-F9BCBFB7636E:java.util.concurrent.CompletableFuture@11409439[Not completed]
2019-09-26 13:36:17,830 [pool-57-thread-1] INFO  impl.RaftServerImpl (RaftServerImpl.java:<init>(95)) - 782e32e3-c0a7-42e5-b748-90e00549b00d: new RaftServerImpl for group-F9BCBFB7636E:[782e32e3-c0a7-42e5-b748-90e00549b00d:192.168.164.238:33921] with ContainerStateMachine:uninitialized
2019-09-26 13:36:17,830 [pool-57-thread-1] INFO  server.RaftServerConfigKeys (ConfUtils.java:logGet(43)) - raft.server.rpc.timeout.min = 5s (custom)
2019-09-26 13:36:17,830 [pool-57-thread-1] INFO  server.RaftServerConfigKeys (ConfUtils.java:logGet(43)) - raft.server.rpc.timeout.max = 5200ms (custom)
2019-09-26 13:36:17,830 [pool-57-thread-1] INFO  server.RaftServerConfigKeys (ConfUtils.java:logGet(43)) - raft.server.rpcslowness.timeout = 120s (custom)
2019-09-26 13:36:17,830 [pool-57-thread-1] INFO  server.RaftServerConfigKeys (ConfUtils.java:logGet(43)) - raft.server.sleep.deviation.threshold = 300 (default)
2019-09-26 13:36:17,831 [pool-57-thread-1] INFO  server.RaftServerConfigKeys (ConfUtils.java:logGet(43)) - raft.server.log.appender.install.snapshot.enabled = false (custom)
2019-09-26 13:36:17,831 [pool-57-thread-1] INFO  impl.RaftServerImpl (ServerState.java:<init>(103)) - 782e32e3-c0a7-42e5-b748-90e00549b00d@group-F9BCBFB7636E: ConfigurationManager, init=-1: [782e32e3-c0a7-42e5-b748-90e00549b00d:192.168.164.238:33921], old=null, confs=<EMPTY_MAP>
2019-09-26 13:36:17,831 [pool-57-thread-1] INFO  server.RaftServerConfigKeys (ConfUtils.java:logGet(43)) - raft.server.storage.dir = [/workdir/hadoop-ozone/tools/target/test-dir/MiniOzoneClusterImpl-9370444f-6a38-4216-baa9-a19329eb6ac6/datanode-3/data/ratis] (custom)
2019-09-26 13:36:17,832 [pool-57-thread-1] INFO  storage.RaftStorageDirectory (RaftStorageDirectory.java:analyzeStorage(246)) - The storage directory /workdir/hadoop-ozone/tools/target/test-dir/MiniOzoneClusterImpl-9370444f-6a38-4216-baa9-a19329eb6ac6/datanode-3/data/ratis/ee57cff1-873f-4ab0-ad78-f9bcbfb7636e does not exist. Creating ...
2019-09-26 13:36:17,847 [pool-57-thread-1] INFO  storage.RaftStorageDirectory (RaftStorageDirectory.java:tryLock(328)) - Lock on /workdir/hadoop-ozone/tools/target/test-dir/MiniOzoneClusterImpl-9370444f-6a38-4216-baa9-a19329eb6ac6/datanode-3/data/ratis/ee57cff1-873f-4ab0-ad78-f9bcbfb7636e/in_use.lock acquired by nodename 19660@pr-hdds-1569-87zkn-1081879488
2019-09-26 13:36:17,860 [pool-57-thread-1] INFO  storage.RaftStorage (RaftStorage.java:format(72)) - Storage directory /workdir/hadoop-ozone/tools/target/test-dir/MiniOzoneClusterImpl-9370444f-6a38-4216-baa9-a19329eb6ac6/datanode-3/data/ratis/ee57cff1-873f-4ab0-ad78-f9bcbfb7636e has been successfully formatted.
2019-09-26 13:36:17,861 [pool-57-thread-1] INFO  ratis.ContainerStateMachine (ContainerStateMachine.java:loadSnapshot(230)) - group-F9BCBFB7636E: The snapshot info is null. Setting the last applied indexto:(t:0, i:~)
2019-09-26 13:36:17,861 [pool-57-thread-1] INFO  server.RaftServerConfigKeys (ConfUtils.java:logGet(43)) - raft.server.notification.no-leader.timeout = 120s (custom)
2019-09-26 13:36:17,861 [pool-57-thread-1] INFO  server.RaftServerConfigKeys (ConfUtils.java:logGet(43)) - raft.server.log.use.memory = false (default)
2019-09-26 13:36:17,862 [pool-57-thread-1] INFO  server.RaftServerConfigKeys (ConfUtils.java:logGet(43)) - raft.server.log.purge.gap = 1000000 (custom)
2019-09-26 13:36:17,862 [pool-57-thread-1] INFO  server.RaftServerConfigKeys (ConfUtils.java:logGet(43)) - raft.server.log.appender.buffer.byte-limit = 33554432 (custom)
2019-09-26 13:36:17,862 [pool-57-thread-1] INFO  server.RaftServerConfigKeys (ConfUtils.java:logGet(43)) - raft.server.log.segment.size.max = 1048576 (custom)
2019-09-26 13:36:17,862 [pool-57-thread-1] INFO  server.RaftServerConfigKeys (ConfUtils.java:logGet(43)) - raft.server.log.segment.cache.num.max = 2 (custom)
2019-09-26 13:36:17,862 [pool-57-thread-1] INFO  segmented.SegmentedRaftLogWorker (SegmentedRaftLogWorker.java:<init>(172)) - new 782e32e3-c0a7-42e5-b748-90e00549b00d@group-F9BCBFB7636E-SegmentedRaftLogWorker for RaftStorage:Storage Directory /workdir/hadoop-ozone/tools/target/test-dir/MiniOzoneClusterImpl-9370444f-6a38-4216-baa9-a19329eb6ac6/datanode-3/data/ratis/ee57cff1-873f-4ab0-ad78-f9bcbfb7636e
2019-09-26 13:36:17,862 [pool-57-thread-1] INFO  server.RaftServerConfigKeys (ConfUtils.java:logGet(43)) - raft.server.log.queue.byte-limit = 2147483647 (custom)
2019-09-26 13:36:17,863 [pool-57-thread-1] INFO  server.RaftServerConfigKeys (ConfUtils.java:logGet(43)) - raft.server.log.queue.element-limit = 1024 (custom)
2019-09-26 13:36:17,863 [pool-57-thread-1] INFO  server.RaftServerConfigKeys (ConfUtils.java:logGet(43)) - raft.server.log.segment.size.max = 1048576 (custom)
2019-09-26 13:36:17,863 [pool-57-thread-1] INFO  server.RaftServerConfigKeys (ConfUtils.java:logGet(43)) - raft.server.log.preallocated.size = 16384 (custom)
2019-09-26 13:36:17,863 [pool-57-thread-1] INFO  server.RaftServerConfigKeys (ConfUtils.java:logGet(43)) - raft.server.log.write.buffer.size = 33554432 (custom)
2019-09-26 13:36:17,863 [pool-57-thread-1] INFO  server.RaftServerConfigKeys (ConfUtils.java:logGet(43)) - raft.server.log.force.sync.num = 128 (default)
2019-09-26 13:36:17,863 [pool-57-thread-1] INFO  server.RaftServerConfigKeys (ConfUtils.java:logGet(43)) - raft.server.log.statemachine.data.sync = true (default)
2019-09-26 13:36:17,864 [pool-57-thread-1] INFO  server.RaftServerConfigKeys (ConfUtils.java:logGet(43)) - raft.server.log.statemachine.data.sync.timeout = 10s (default)
2019-09-26 13:36:17,864 [pool-57-thread-1] INFO  server.RaftServerConfigKeys (ConfUtils.java:logGet(43)) - raft.server.log.statemachine.data.sync.timeout.retry = -1 (default)
2019-09-26 13:36:17,864 [pool-57-thread-1] INFO  server.RaftServerConfigKeys (ConfUtils.java:logGet(43)) - raft.server.log.statemachine.data.caching.enabled = true (custom)
2019-09-26 13:36:17,864 [pool-57-thread-1] INFO  segmented.SegmentedRaftLogWorker (SegmentedRaftLogWorker.java:lambda$new$0(132)) - 782e32e3-c0a7-42e5-b748-90e00549b00d@group-F9BCBFB7636E-SegmentedRaftLogWorker: flushIndex: setUnconditionally 0 -> -1
2019-09-26 13:36:17,865 [pool-57-thread-1] INFO  server.RaftServerConfigKeys (ConfUtils.java:logGet(43)) - raft.server.snapshot.auto.trigger.enabled = true (custom)
2019-09-26 13:36:17,865 [pool-57-thread-1] INFO  server.RaftServerConfigKeys (ConfUtils.java:logGet(43)) - raft.server.snapshot.auto.trigger.threshold = 10000 (custom)
2019-09-26 13:36:17,865 [pool-57-thread-1] INFO  server.RaftServerConfigKeys (ConfUtils.java:logGet(43)) - raft.server.snapshot.retention.num.files = 5 (custom)
2019-09-26 13:36:17,865 [pool-57-thread-1] INFO  server.RaftServerConfigKeys (ConfUtils.java:logGet(43)) - raft.server.retrycache.expirytime = 600000ms (custom)
2019-09-26 13:36:17,869 [pool-57-thread-1] INFO  impl.RaftServerImpl (RaftServerImpl.java:start(185)) - 782e32e3-c0a7-42e5-b748-90e00549b00d@group-F9BCBFB7636E: start as a follower, conf=-1: [782e32e3-c0a7-42e5-b748-90e00549b00d:192.168.164.238:33921], old=null
2019-09-26 13:36:17,869 [pool-57-thread-1] INFO  impl.RaftServerImpl (RaftServerImpl.java:setRole(174)) - 782e32e3-c0a7-42e5-b748-90e00549b00d@group-F9BCBFB7636E: changes role from      null to FOLLOWER at term 0 for startAsFollower
2019-09-26 13:36:17,869 [pool-57-thread-1] INFO  impl.RoleInfo (RoleInfo.java:updateAndGet(143)) - 782e32e3-c0a7-42e5-b748-90e00549b00d: start FollowerState
2019-09-26 13:36:17,870 [pool-57-thread-1] INFO  util.JmxRegister (JmxRegister.java:tryRegister(44)) - Successfully registered JMX Bean with object name Ratis:service=RaftServer,group=group-F9BCBFB7636E,id=782e32e3-c0a7-42e5-b748-90e00549b00d
2019-09-26 13:36:17,876 [RatisPipelineUtilsThread] INFO  pipeline.PipelineStateManager (PipelineStateManager.java:addPipeline(56)) - Created pipeline Pipeline[ Id: ee57cff1-873f-4ab0-ad78-f9bcbfb7636e, Nodes: 782e32e3-c0a7-42e5-b748-90e00549b00d{ip: 192.168.164.238, host: pr-hdds-1569-87zkn-1081879488, networkLocation: /default-rack, certSerialId: null}, Type:RATIS, Factor:ONE, State:OPEN]
2019-09-26 13:36:17,876 [RatisPipelineUtilsThread] INFO  pipeline.PipelinePlacementPolicy (PipelinePlacementPolicy.java:meetCriteria(91)) - Pipeline Placement: can't place more pipeline on heavy datanode： 0846c5d9-d8fd-49e0-9805-817523babe5a Heaviness: 6 limit: 5
2019-09-26 13:36:17,876 [RatisPipelineUtilsThread] INFO  pipeline.PipelinePlacementPolicy (PipelinePlacementPolicy.java:meetCriteria(91)) - Pipeline Placement: can't place more pipeline on heavy datanode： 1d0de9a6-3b8a-4f01-86ad-2ac4521aa9e5 Heaviness: 6 limit: 5
2019-09-26 13:36:17,877 [RatisPipelineUtilsThread] INFO  pipeline.PipelinePlacementPolicy (PipelinePlacementPolicy.java:meetCriteria(91)) - Pipeline Placement: can't place more pipeline on heavy datanode： 346062cc-ad15-42e2-9beb-d47eb155c827 Heaviness: 6 limit: 5
2019-09-26 13:36:17,888 [grpc-default-executor-0] INFO  impl.RaftServerProxy (RaftServerProxy.java:addNew(89)) - 782e32e3-c0a7-42e5-b748-90e00549b00d: addNew group-F5588229A822:[782e32e3-c0a7-42e5-b748-90e00549b00d:192.168.164.238:33921] returns group-F5588229A822:java.util.concurrent.CompletableFuture@3b7e7cb4[Not completed]
2019-09-26 13:36:17,889 [pool-57-thread-1] INFO  impl.RaftServerImpl (RaftServerImpl.java:<init>(95)) - 782e32e3-c0a7-42e5-b748-90e00549b00d: new RaftServerImpl for group-F5588229A822:[782e32e3-c0a7-42e5-b748-90e00549b00d:192.168.164.238:33921] with ContainerStateMachine:uninitialized
2019-09-26 13:36:17,889 [pool-57-thread-1] INFO  server.RaftServerConfigKeys (ConfUtils.java:logGet(43)) - raft.server.rpc.timeout.min = 5s (custom)
2019-09-26 13:36:17,890 [pool-57-thread-1] INFO  server.RaftServerConfigKeys (ConfUtils.java:logGet(43)) - raft.server.rpc.timeout.max = 5200ms (custom)
2019-09-26 13:36:17,890 [pool-57-thread-1] INFO  server.RaftServerConfigKeys (ConfUtils.java:logGet(43)) - raft.server.rpcslowness.timeout = 120s (custom)
2019-09-26 13:36:17,890 [pool-57-thread-1] INFO  server.RaftServerConfigKeys (ConfUtils.java:logGet(43)) - raft.server.sleep.deviation.threshold = 300 (default)
2019-09-26 13:36:17,890 [pool-57-thread-1] INFO  server.RaftServerConfigKeys (ConfUtils.java:logGet(43)) - raft.server.log.appender.install.snapshot.enabled = false (custom)
2019-09-26 13:36:17,890 [pool-57-thread-1] INFO  impl.RaftServerImpl (ServerState.java:<init>(103)) - 782e32e3-c0a7-42e5-b748-90e00549b00d@group-F5588229A822: ConfigurationManager, init=-1: [782e32e3-c0a7-42e5-b748-90e00549b00d:192.168.164.238:33921], old=null, confs=<EMPTY_MAP>
2019-09-26 13:36:17,890 [pool-57-thread-1] INFO  server.RaftServerConfigKeys (ConfUtils.java:logGet(43)) - raft.server.storage.dir = [/workdir/hadoop-ozone/tools/target/test-dir/MiniOzoneClusterImpl-9370444f-6a38-4216-baa9-a19329eb6ac6/datanode-3/data/ratis] (custom)
2019-09-26 13:36:17,891 [pool-57-thread-1] INFO  storage.RaftStorageDirectory (RaftStorageDirectory.java:analyzeStorage(246)) - The storage directory /workdir/hadoop-ozone/tools/target/test-dir/MiniOzoneClusterImpl-9370444f-6a38-4216-baa9-a19329eb6ac6/datanode-3/data/ratis/c1f63a0e-010e-45df-b80c-f5588229a822 does not exist. Creating ...
2019-09-26 13:36:17,903 [pool-57-thread-1] INFO  storage.RaftStorageDirectory (RaftStorageDirectory.java:tryLock(328)) - Lock on /workdir/hadoop-ozone/tools/target/test-dir/MiniOzoneClusterImpl-9370444f-6a38-4216-baa9-a19329eb6ac6/datanode-3/data/ratis/c1f63a0e-010e-45df-b80c-f5588229a822/in_use.lock acquired by nodename 19660@pr-hdds-1569-87zkn-1081879488
2019-09-26 13:36:17,917 [pool-57-thread-1] INFO  storage.RaftStorage (RaftStorage.java:format(72)) - Storage directory /workdir/hadoop-ozone/tools/target/test-dir/MiniOzoneClusterImpl-9370444f-6a38-4216-baa9-a19329eb6ac6/datanode-3/data/ratis/c1f63a0e-010e-45df-b80c-f5588229a822 has been successfully formatted.
2019-09-26 13:36:17,918 [pool-57-thread-1] INFO  ratis.ContainerStateMachine (ContainerStateMachine.java:loadSnapshot(230)) - group-F5588229A822: The snapshot info is null. Setting the last applied indexto:(t:0, i:~)
2019-09-26 13:36:17,918 [pool-57-thread-1] INFO  server.RaftServerConfigKeys (ConfUtils.java:logGet(43)) - raft.server.notification.no-leader.timeout = 120s (custom)
2019-09-26 13:36:17,918 [pool-57-thread-1] INFO  server.RaftServerConfigKeys (ConfUtils.java:logGet(43)) - raft.server.log.use.memory = false (default)
2019-09-26 13:36:17,918 [pool-57-thread-1] INFO  server.RaftServerConfigKeys (ConfUtils.java:logGet(43)) - raft.server.log.purge.gap = 1000000 (custom)
2019-09-26 13:36:17,918 [pool-57-thread-1] INFO  server.RaftServerConfigKeys (ConfUtils.java:logGet(43)) - raft.server.log.appender.buffer.byte-limit = 33554432 (custom)
2019-09-26 13:36:17,919 [pool-57-thread-1] INFO  server.RaftServerConfigKeys (ConfUtils.java:logGet(43)) - raft.server.log.segment.size.max = 1048576 (custom)
2019-09-26 13:36:17,919 [pool-57-thread-1] INFO  server.RaftServerConfigKeys (ConfUtils.java:logGet(43)) - raft.server.log.segment.cache.num.max = 2 (custom)
2019-09-26 13:36:17,919 [pool-57-thread-1] INFO  segmented.SegmentedRaftLogWorker (SegmentedRaftLogWorker.java:<init>(172)) - new 782e32e3-c0a7-42e5-b748-90e00549b00d@group-F5588229A822-SegmentedRaftLogWorker for RaftStorage:Storage Directory /workdir/hadoop-ozone/tools/target/test-dir/MiniOzoneClusterImpl-9370444f-6a38-4216-baa9-a19329eb6ac6/datanode-3/data/ratis/c1f63a0e-010e-45df-b80c-f5588229a822
2019-09-26 13:36:17,919 [pool-57-thread-1] INFO  server.RaftServerConfigKeys (ConfUtils.java:logGet(43)) - raft.server.log.queue.byte-limit = 2147483647 (custom)
2019-09-26 13:36:17,919 [pool-57-thread-1] INFO  server.RaftServerConfigKeys (ConfUtils.java:logGet(43)) - raft.server.log.queue.element-limit = 1024 (custom)
2019-09-26 13:36:17,919 [pool-57-thread-1] INFO  server.RaftServerConfigKeys (ConfUtils.java:logGet(43)) - raft.server.log.segment.size.max = 1048576 (custom)
2019-09-26 13:36:17,919 [pool-57-thread-1] INFO  server.RaftServerConfigKeys (ConfUtils.java:logGet(43)) - raft.server.log.preallocated.size = 16384 (custom)
2019-09-26 13:36:17,920 [pool-57-thread-1] INFO  server.RaftServerConfigKeys (ConfUtils.java:logGet(43)) - raft.server.log.write.buffer.size = 33554432 (custom)
2019-09-26 13:36:17,920 [pool-57-thread-1] INFO  server.RaftServerConfigKeys (ConfUtils.java:logGet(43)) - raft.server.log.force.sync.num = 128 (default)
2019-09-26 13:36:17,920 [pool-57-thread-1] INFO  server.RaftServerConfigKeys (ConfUtils.java:logGet(43)) - raft.server.log.statemachine.data.sync = true (default)
2019-09-26 13:36:17,920 [pool-57-thread-1] INFO  server.RaftServerConfigKeys (ConfUtils.java:logGet(43)) - raft.server.log.statemachine.data.sync.timeout = 10s (default)
2019-09-26 13:36:17,920 [pool-57-thread-1] INFO  server.RaftServerConfigKeys (ConfUtils.java:logGet(43)) - raft.server.log.statemachine.data.sync.timeout.retry = -1 (default)
2019-09-26 13:36:17,920 [pool-57-thread-1] INFO  server.RaftServerConfigKeys (ConfUtils.java:logGet(43)) - raft.server.log.statemachine.data.caching.enabled = true (custom)
2019-09-26 13:36:17,921 [pool-57-thread-1] INFO  segmented.SegmentedRaftLogWorker (SegmentedRaftLogWorker.java:lambda$new$0(132)) - 782e32e3-c0a7-42e5-b748-90e00549b00d@group-F5588229A822-SegmentedRaftLogWorker: flushIndex: setUnconditionally 0 -> -1
2019-09-26 13:36:17,921 [pool-57-thread-1] INFO  server.RaftServerConfigKeys (ConfUtils.java:logGet(43)) - raft.server.snapshot.auto.trigger.enabled = true (custom)
2019-09-26 13:36:17,921 [pool-57-thread-1] INFO  server.RaftServerConfigKeys (ConfUtils.java:logGet(43)) - raft.server.snapshot.auto.trigger.threshold = 10000 (custom)
2019-09-26 13:36:17,921 [pool-57-thread-1] INFO  server.RaftServerConfigKeys (ConfUtils.java:logGet(43)) - raft.server.snapshot.retention.num.files = 5 (custom)
2019-09-26 13:36:17,922 [pool-57-thread-1] INFO  server.RaftServerConfigKeys (ConfUtils.java:logGet(43)) - raft.server.retrycache.expirytime = 600000ms (custom)
2019-09-26 13:36:17,924 [pool-57-thread-1] INFO  impl.RaftServerImpl (RaftServerImpl.java:start(185)) - 782e32e3-c0a7-42e5-b748-90e00549b00d@group-F5588229A822: start as a follower, conf=-1: [782e32e3-c0a7-42e5-b748-90e00549b00d:192.168.164.238:33921], old=null
2019-09-26 13:36:17,924 [pool-57-thread-1] INFO  impl.RaftServerImpl (RaftServerImpl.java:setRole(174)) - 782e32e3-c0a7-42e5-b748-90e00549b00d@group-F5588229A822: changes role from      null to FOLLOWER at term 0 for startAsFollower
2019-09-26 13:36:17,925 [pool-57-thread-1] INFO  impl.RoleInfo (RoleInfo.java:updateAndGet(143)) - 782e32e3-c0a7-42e5-b748-90e00549b00d: start FollowerState
2019-09-26 13:36:17,925 [pool-57-thread-1] INFO  util.JmxRegister (JmxRegister.java:tryRegister(44)) - Successfully registered JMX Bean with object name Ratis:service=RaftServer,group=group-F5588229A822,id=782e32e3-c0a7-42e5-b748-90e00549b00d
2019-09-26 13:36:17,931 [RatisPipelineUtilsThread] INFO  pipeline.PipelineStateManager (PipelineStateManager.java:addPipeline(56)) - Created pipeline Pipeline[ Id: c1f63a0e-010e-45df-b80c-f5588229a822, Nodes: 782e32e3-c0a7-42e5-b748-90e00549b00d{ip: 192.168.164.238, host: pr-hdds-1569-87zkn-1081879488, networkLocation: /default-rack, certSerialId: null}, Type:RATIS, Factor:ONE, State:OPEN]
2019-09-26 13:36:17,931 [RatisPipelineUtilsThread] INFO  pipeline.PipelinePlacementPolicy (PipelinePlacementPolicy.java:meetCriteria(91)) - Pipeline Placement: can't place more pipeline on heavy datanode： 0846c5d9-d8fd-49e0-9805-817523babe5a Heaviness: 6 limit: 5
2019-09-26 13:36:17,931 [RatisPipelineUtilsThread] INFO  pipeline.PipelinePlacementPolicy (PipelinePlacementPolicy.java:meetCriteria(91)) - Pipeline Placement: can't place more pipeline on heavy datanode： 782e32e3-c0a7-42e5-b748-90e00549b00d Heaviness: 6 limit: 5
2019-09-26 13:36:17,932 [RatisPipelineUtilsThread] INFO  pipeline.PipelinePlacementPolicy (PipelinePlacementPolicy.java:meetCriteria(91)) - Pipeline Placement: can't place more pipeline on heavy datanode： 1d0de9a6-3b8a-4f01-86ad-2ac4521aa9e5 Heaviness: 6 limit: 5
2019-09-26 13:36:17,932 [RatisPipelineUtilsThread] INFO  pipeline.PipelinePlacementPolicy (PipelinePlacementPolicy.java:meetCriteria(91)) - Pipeline Placement: can't place more pipeline on heavy datanode： 346062cc-ad15-42e2-9beb-d47eb155c827 Heaviness: 6 limit: 5
2019-09-26 13:36:17,938 [Thread-208] INFO  container.ReplicationManager (ReplicationManager.java:start(163)) - Starting Replication Monitor Thread.
2019-09-26 13:36:17,941 [ReplicationMonitor] INFO  container.ReplicationManager (ReplicationManager.java:run(226)) - Replication Monitor Thread took 2 milliseconds for processing 0 containers.
2019-09-26 13:36:17,942 [grpc-default-executor-0] INFO  impl.RaftServerProxy (RaftServerProxy.java:addNew(89)) - eded3bc9-84b9-4250-ab82-94085e7bf343: addNew group-2F7D4CDFB7D6:[eded3bc9-84b9-4250-ab82-94085e7bf343:192.168.164.238:43918] returns group-2F7D4CDFB7D6:java.util.concurrent.CompletableFuture@12dc0518[Not completed]
2019-09-26 13:36:17,943 [pool-27-thread-1] INFO  impl.RaftServerImpl (RaftServerImpl.java:<init>(95)) - eded3bc9-84b9-4250-ab82-94085e7bf343: new RaftServerImpl for group-2F7D4CDFB7D6:[eded3bc9-84b9-4250-ab82-94085e7bf343:192.168.164.238:43918] with ContainerStateMachine:uninitialized
2019-09-26 13:36:17,943 [pool-27-thread-1] INFO  server.RaftServerConfigKeys (ConfUtils.java:logGet(43)) - raft.server.rpc.timeout.min = 5s (custom)
2019-09-26 13:36:17,943 [pool-27-thread-1] INFO  server.RaftServerConfigKeys (ConfUtils.java:logGet(43)) - raft.server.rpc.timeout.max = 5200ms (custom)
2019-09-26 13:36:17,943 [pool-27-thread-1] INFO  server.RaftServerConfigKeys (ConfUtils.java:logGet(43)) - raft.server.rpcslowness.timeout = 120s (custom)
2019-09-26 13:36:17,943 [pool-27-thread-1] INFO  server.RaftServerConfigKeys (ConfUtils.java:logGet(43)) - raft.server.sleep.deviation.threshold = 300 (default)
2019-09-26 13:36:17,943 [pool-27-thread-1] INFO  server.RaftServerConfigKeys (ConfUtils.java:logGet(43)) - raft.server.log.appender.install.snapshot.enabled = false (custom)
2019-09-26 13:36:17,944 [pool-27-thread-1] INFO  impl.RaftServerImpl (ServerState.java:<init>(103)) - eded3bc9-84b9-4250-ab82-94085e7bf343@group-2F7D4CDFB7D6: ConfigurationManager, init=-1: [eded3bc9-84b9-4250-ab82-94085e7bf343:192.168.164.238:43918], old=null, confs=<EMPTY_MAP>
2019-09-26 13:36:17,944 [pool-27-thread-1] INFO  server.RaftServerConfigKeys (ConfUtils.java:logGet(43)) - raft.server.storage.dir = [/workdir/hadoop-ozone/tools/target/test-dir/MiniOzoneClusterImpl-9370444f-6a38-4216-baa9-a19329eb6ac6/datanode-0/data/ratis] (custom)
2019-09-26 13:36:17,944 [pool-27-thread-1] INFO  storage.RaftStorageDirectory (RaftStorageDirectory.java:analyzeStorage(246)) - The storage directory /workdir/hadoop-ozone/tools/target/test-dir/MiniOzoneClusterImpl-9370444f-6a38-4216-baa9-a19329eb6ac6/datanode-0/data/ratis/322223fe-5412-4257-a74b-2f7d4cdfb7d6 does not exist. Creating ...
2019-09-26 13:36:17,957 [pool-27-thread-1] INFO  storage.RaftStorageDirectory (RaftStorageDirectory.java:tryLock(328)) - Lock on /workdir/hadoop-ozone/tools/target/test-dir/MiniOzoneClusterImpl-9370444f-6a38-4216-baa9-a19329eb6ac6/datanode-0/data/ratis/322223fe-5412-4257-a74b-2f7d4cdfb7d6/in_use.lock acquired by nodename 19660@pr-hdds-1569-87zkn-1081879488
2019-09-26 13:36:17,970 [pool-27-thread-1] INFO  storage.RaftStorage (RaftStorage.java:format(72)) - Storage directory /workdir/hadoop-ozone/tools/target/test-dir/MiniOzoneClusterImpl-9370444f-6a38-4216-baa9-a19329eb6ac6/datanode-0/data/ratis/322223fe-5412-4257-a74b-2f7d4cdfb7d6 has been successfully formatted.
2019-09-26 13:36:17,970 [pool-27-thread-1] INFO  ratis.ContainerStateMachine (ContainerStateMachine.java:loadSnapshot(230)) - group-2F7D4CDFB7D6: The snapshot info is null. Setting the last applied indexto:(t:0, i:~)
2019-09-26 13:36:17,971 [pool-27-thread-1] INFO  server.RaftServerConfigKeys (ConfUtils.java:logGet(43)) - raft.server.notification.no-leader.timeout = 120s (custom)
2019-09-26 13:36:17,971 [pool-27-thread-1] INFO  server.RaftServerConfigKeys (ConfUtils.java:logGet(43)) - raft.server.log.use.memory = false (default)
2019-09-26 13:36:17,971 [pool-27-thread-1] INFO  server.RaftServerConfigKeys (ConfUtils.java:logGet(43)) - raft.server.log.purge.gap = 1000000 (custom)
2019-09-26 13:36:17,971 [pool-27-thread-1] INFO  server.RaftServerConfigKeys (ConfUtils.java:logGet(43)) - raft.server.log.appender.buffer.byte-limit = 33554432 (custom)
2019-09-26 13:36:17,971 [pool-27-thread-1] INFO  server.RaftServerConfigKeys (ConfUtils.java:logGet(43)) - raft.server.log.segment.size.max = 1048576 (custom)
2019-09-26 13:36:17,971 [pool-27-thread-1] INFO  server.RaftServerConfigKeys (ConfUtils.java:logGet(43)) - raft.server.log.segment.cache.num.max = 2 (custom)
2019-09-26 13:36:17,971 [pool-27-thread-1] INFO  segmented.SegmentedRaftLogWorker (SegmentedRaftLogWorker.java:<init>(172)) - new eded3bc9-84b9-4250-ab82-94085e7bf343@group-2F7D4CDFB7D6-SegmentedRaftLogWorker for RaftStorage:Storage Directory /workdir/hadoop-ozone/tools/target/test-dir/MiniOzoneClusterImpl-9370444f-6a38-4216-baa9-a19329eb6ac6/datanode-0/data/ratis/322223fe-5412-4257-a74b-2f7d4cdfb7d6
2019-09-26 13:36:17,972 [pool-27-thread-1] INFO  server.RaftServerConfigKeys (ConfUtils.java:logGet(43)) - raft.server.log.queue.byte-limit = 2147483647 (custom)
2019-09-26 13:36:17,972 [pool-27-thread-1] INFO  server.RaftServerConfigKeys (ConfUtils.java:logGet(43)) - raft.server.log.queue.element-limit = 1024 (custom)
2019-09-26 13:36:17,972 [pool-27-thread-1] INFO  server.RaftServerConfigKeys (ConfUtils.java:logGet(43)) - raft.server.log.segment.size.max = 1048576 (custom)
2019-09-26 13:36:17,972 [pool-27-thread-1] INFO  server.RaftServerConfigKeys (ConfUtils.java:logGet(43)) - raft.server.log.preallocated.size = 16384 (custom)
2019-09-26 13:36:17,972 [pool-27-thread-1] INFO  server.RaftServerConfigKeys (ConfUtils.java:logGet(43)) - raft.server.log.write.buffer.size = 33554432 (custom)
2019-09-26 13:36:17,972 [pool-27-thread-1] INFO  server.RaftServerConfigKeys (ConfUtils.java:logGet(43)) - raft.server.log.force.sync.num = 128 (default)
2019-09-26 13:36:17,972 [pool-27-thread-1] INFO  server.RaftServerConfigKeys (ConfUtils.java:logGet(43)) - raft.server.log.statemachine.data.sync = true (default)
2019-09-26 13:36:17,972 [pool-27-thread-1] INFO  server.RaftServerConfigKeys (ConfUtils.java:logGet(43)) - raft.server.log.statemachine.data.sync.timeout = 10s (default)
2019-09-26 13:36:17,972 [pool-27-thread-1] INFO  server.RaftServerConfigKeys (ConfUtils.java:logGet(43)) - raft.server.log.statemachine.data.sync.timeout.retry = -1 (default)
2019-09-26 13:36:17,973 [pool-27-thread-1] INFO  server.RaftServerConfigKeys (ConfUtils.java:logGet(43)) - raft.server.log.statemachine.data.caching.enabled = true (custom)
2019-09-26 13:36:17,973 [pool-27-thread-1] INFO  segmented.SegmentedRaftLogWorker (SegmentedRaftLogWorker.java:lambda$new$0(132)) - eded3bc9-84b9-4250-ab82-94085e7bf343@group-2F7D4CDFB7D6-SegmentedRaftLogWorker: flushIndex: setUnconditionally 0 -> -1
2019-09-26 13:36:17,973 [pool-27-thread-1] INFO  server.RaftServerConfigKeys (ConfUtils.java:logGet(43)) - raft.server.snapshot.auto.trigger.enabled = true (custom)
2019-09-26 13:36:17,973 [pool-27-thread-1] INFO  server.RaftServerConfigKeys (ConfUtils.java:logGet(43)) - raft.server.snapshot.auto.trigger.threshold = 10000 (custom)
2019-09-26 13:36:17,973 [pool-27-thread-1] INFO  server.RaftServerConfigKeys (ConfUtils.java:logGet(43)) - raft.server.snapshot.retention.num.files = 5 (custom)
2019-09-26 13:36:17,974 [pool-27-thread-1] INFO  server.RaftServerConfigKeys (ConfUtils.java:logGet(43)) - raft.server.retrycache.expirytime = 600000ms (custom)
2019-09-26 13:36:17,977 [pool-27-thread-1] INFO  impl.RaftServerImpl (RaftServerImpl.java:start(185)) - eded3bc9-84b9-4250-ab82-94085e7bf343@group-2F7D4CDFB7D6: start as a follower, conf=-1: [eded3bc9-84b9-4250-ab82-94085e7bf343:192.168.164.238:43918], old=null
2019-09-26 13:36:17,977 [pool-27-thread-1] INFO  impl.RaftServerImpl (RaftServerImpl.java:setRole(174)) - eded3bc9-84b9-4250-ab82-94085e7bf343@group-2F7D4CDFB7D6: changes role from      null to FOLLOWER at term 0 for startAsFollower
2019-09-26 13:36:17,977 [pool-27-thread-1] INFO  impl.RoleInfo (RoleInfo.java:updateAndGet(143)) - eded3bc9-84b9-4250-ab82-94085e7bf343: start FollowerState
2019-09-26 13:36:17,978 [pool-27-thread-1] INFO  util.JmxRegister (JmxRegister.java:tryRegister(44)) - Successfully registered JMX Bean with object name Ratis:service=RaftServer,group=group-2F7D4CDFB7D6,id=eded3bc9-84b9-4250-ab82-94085e7bf343
2019-09-26 13:36:17,985 [RatisPipelineUtilsThread] INFO  pipeline.PipelineStateManager (PipelineStateManager.java:addPipeline(56)) - Created pipeline Pipeline[ Id: 322223fe-5412-4257-a74b-2f7d4cdfb7d6, Nodes: eded3bc9-84b9-4250-ab82-94085e7bf343{ip: 192.168.164.238, host: pr-hdds-1569-87zkn-1081879488, networkLocation: /default-rack, certSerialId: null}, Type:RATIS, Factor:ONE, State:OPEN]
2019-09-26 13:36:17,985 [RatisPipelineUtilsThread] INFO  pipeline.PipelinePlacementPolicy (PipelinePlacementPolicy.java:meetCriteria(91)) - Pipeline Placement: can't place more pipeline on heavy datanode： 0846c5d9-d8fd-49e0-9805-817523babe5a Heaviness: 6 limit: 5
2019-09-26 13:36:17,985 [RatisPipelineUtilsThread] INFO  pipeline.PipelinePlacementPolicy (PipelinePlacementPolicy.java:meetCriteria(91)) - Pipeline Placement: can't place more pipeline on heavy datanode： 782e32e3-c0a7-42e5-b748-90e00549b00d Heaviness: 6 limit: 5
2019-09-26 13:36:17,986 [RatisPipelineUtilsThread] INFO  pipeline.PipelinePlacementPolicy (PipelinePlacementPolicy.java:meetCriteria(91)) - Pipeline Placement: can't place more pipeline on heavy datanode： 1d0de9a6-3b8a-4f01-86ad-2ac4521aa9e5 Heaviness: 6 limit: 5
2019-09-26 13:36:17,986 [RatisPipelineUtilsThread] INFO  pipeline.PipelinePlacementPolicy (PipelinePlacementPolicy.java:meetCriteria(91)) - Pipeline Placement: can't place more pipeline on heavy datanode： 346062cc-ad15-42e2-9beb-d47eb155c827 Heaviness: 6 limit: 5
2019-09-26 13:36:17,986 [RatisPipelineUtilsThread] INFO  pipeline.PipelinePlacementPolicy (PipelinePlacementPolicy.java:meetCriteria(91)) - Pipeline Placement: can't place more pipeline on heavy datanode： eded3bc9-84b9-4250-ab82-94085e7bf343 Heaviness: 6 limit: 5
2019-09-26 13:36:17,986 [RatisPipelineUtilsThread] ERROR pipeline.PipelinePlacementPolicy (PipelinePlacementPolicy.java:filterViableNodes(148)) - Unable to find enough nodes that meet the criteria that cannot engage in more than 5 pipelines. Nodes required: 1 Found: 0, healthy nodes count inNodeManager: 5.
2019-09-26 13:36:17,988 [RatisPipelineUtilsThread] ERROR pipeline.SCMPipelineManager (SCMPipelineManager.java:createPipeline(167)) - Pipeline creation failed.
org.apache.hadoop.hdds.scm.exceptions.SCMException: Unable to find enough nodes that meet the criteria that cannot engage in more than 5 pipelines. Nodes required: 1 Found: 0, healthy nodes count inNodeManager: 5.
	at org.apache.hadoop.hdds.scm.pipeline.PipelinePlacementPolicy.filterViableNodes(PipelinePlacementPolicy.java:149)
	at org.apache.hadoop.hdds.scm.pipeline.PipelinePlacementPolicy.chooseDatanodes(PipelinePlacementPolicy.java:172)
	at org.apache.hadoop.hdds.scm.pipeline.RatisPipelineProvider.create(RatisPipelineProvider.java:93)
	at org.apache.hadoop.hdds.scm.pipeline.PipelineFactory.create(PipelineFactory.java:58)
	at org.apache.hadoop.hdds.scm.pipeline.SCMPipelineManager.createPipeline(SCMPipelineManager.java:155)
	at org.apache.hadoop.hdds.scm.pipeline.BackgroundPipelineCreator.createPipelines(BackgroundPipelineCreator.java:99)
	at java.util.concurrent.Executors$RunnableAdapter.call(Executors.java:511)
	at java.util.concurrent.FutureTask.run(FutureTask.java:266)
	at java.util.concurrent.ScheduledThreadPoolExecutor$ScheduledFutureTask.access$201(ScheduledThreadPoolExecutor.java:180)
	at java.util.concurrent.ScheduledThreadPoolExecutor$ScheduledFutureTask.run(ScheduledThreadPoolExecutor.java:293)
	at java.util.concurrent.ThreadPoolExecutor.runWorker(ThreadPoolExecutor.java:1149)
	at java.util.concurrent.ThreadPoolExecutor$Worker.run(ThreadPoolExecutor.java:624)
	at java.lang.Thread.run(Thread.java:748)
2019-09-26 13:36:17,989 [RatisPipelineUtilsThread] INFO  pipeline.PipelinePlacementPolicy (PipelinePlacementPolicy.java:meetCriteria(91)) - Pipeline Placement: can't place more pipeline on heavy datanode： 0846c5d9-d8fd-49e0-9805-817523babe5a Heaviness: 6 limit: 5
2019-09-26 13:36:17,989 [RatisPipelineUtilsThread] INFO  pipeline.PipelinePlacementPolicy (PipelinePlacementPolicy.java:meetCriteria(91)) - Pipeline Placement: can't place more pipeline on heavy datanode： 782e32e3-c0a7-42e5-b748-90e00549b00d Heaviness: 6 limit: 5
2019-09-26 13:36:17,989 [RatisPipelineUtilsThread] INFO  pipeline.PipelinePlacementPolicy (PipelinePlacementPolicy.java:meetCriteria(91)) - Pipeline Placement: can't place more pipeline on heavy datanode： 1d0de9a6-3b8a-4f01-86ad-2ac4521aa9e5 Heaviness: 6 limit: 5
2019-09-26 13:36:17,989 [RatisPipelineUtilsThread] INFO  pipeline.PipelinePlacementPolicy (PipelinePlacementPolicy.java:meetCriteria(91)) - Pipeline Placement: can't place more pipeline on heavy datanode： 346062cc-ad15-42e2-9beb-d47eb155c827 Heaviness: 6 limit: 5
2019-09-26 13:36:17,989 [RatisPipelineUtilsThread] INFO  pipeline.PipelinePlacementPolicy (PipelinePlacementPolicy.java:meetCriteria(91)) - Pipeline Placement: can't place more pipeline on heavy datanode： eded3bc9-84b9-4250-ab82-94085e7bf343 Heaviness: 6 limit: 5
2019-09-26 13:36:17,990 [RatisPipelineUtilsThread] ERROR pipeline.PipelinePlacementPolicy (PipelinePlacementPolicy.java:filterViableNodes(148)) - Unable to find enough nodes that meet the criteria that cannot engage in more than 5 pipelines. Nodes required: 3 Found: 0, healthy nodes count inNodeManager: 5.
2019-09-26 13:36:17,990 [RatisPipelineUtilsThread] ERROR pipeline.SCMPipelineManager (SCMPipelineManager.java:createPipeline(167)) - Pipeline creation failed.
org.apache.hadoop.hdds.scm.exceptions.SCMException: Unable to find enough nodes that meet the criteria that cannot engage in more than 5 pipelines. Nodes required: 3 Found: 0, healthy nodes count inNodeManager: 5.
	at org.apache.hadoop.hdds.scm.pipeline.PipelinePlacementPolicy.filterViableNodes(PipelinePlacementPolicy.java:149)
	at org.apache.hadoop.hdds.scm.pipeline.PipelinePlacementPolicy.chooseDatanodes(PipelinePlacementPolicy.java:172)
	at org.apache.hadoop.hdds.scm.pipeline.RatisPipelineProvider.create(RatisPipelineProvider.java:93)
	at org.apache.hadoop.hdds.scm.pipeline.PipelineFactory.create(PipelineFactory.java:58)
	at org.apache.hadoop.hdds.scm.pipeline.SCMPipelineManager.createPipeline(SCMPipelineManager.java:155)
	at org.apache.hadoop.hdds.scm.pipeline.BackgroundPipelineCreator.createPipelines(BackgroundPipelineCreator.java:99)
	at java.util.concurrent.Executors$RunnableAdapter.call(Executors.java:511)
	at java.util.concurrent.FutureTask.run(FutureTask.java:266)
	at java.util.concurrent.ScheduledThreadPoolExecutor$ScheduledFutureTask.access$201(ScheduledThreadPoolExecutor.java:180)
	at java.util.concurrent.ScheduledThreadPoolExecutor$ScheduledFutureTask.run(ScheduledThreadPoolExecutor.java:293)
	at java.util.concurrent.ThreadPoolExecutor.runWorker(ThreadPoolExecutor.java:1149)
	at java.util.concurrent.ThreadPoolExecutor$Worker.run(ThreadPoolExecutor.java:624)
	at java.lang.Thread.run(Thread.java:748)
2019-09-26 13:36:18,008 [RatisPipelineUtilsThread] INFO  pipeline.PipelinePlacementPolicy (PipelinePlacementPolicy.java:meetCriteria(91)) - Pipeline Placement: can't place more pipeline on heavy datanode： 0846c5d9-d8fd-49e0-9805-817523babe5a Heaviness: 6 limit: 5
2019-09-26 13:36:18,008 [RatisPipelineUtilsThread] INFO  pipeline.PipelinePlacementPolicy (PipelinePlacementPolicy.java:meetCriteria(91)) - Pipeline Placement: can't place more pipeline on heavy datanode： 782e32e3-c0a7-42e5-b748-90e00549b00d Heaviness: 6 limit: 5
2019-09-26 13:36:18,008 [RatisPipelineUtilsThread] INFO  pipeline.PipelinePlacementPolicy (PipelinePlacementPolicy.java:meetCriteria(91)) - Pipeline Placement: can't place more pipeline on heavy datanode： 1d0de9a6-3b8a-4f01-86ad-2ac4521aa9e5 Heaviness: 6 limit: 5
2019-09-26 13:36:18,008 [RatisPipelineUtilsThread] INFO  pipeline.PipelinePlacementPolicy (PipelinePlacementPolicy.java:meetCriteria(91)) - Pipeline Placement: can't place more pipeline on heavy datanode： 346062cc-ad15-42e2-9beb-d47eb155c827 Heaviness: 6 limit: 5
2019-09-26 13:36:18,009 [RatisPipelineUtilsThread] INFO  pipeline.PipelinePlacementPolicy (PipelinePlacementPolicy.java:meetCriteria(91)) - Pipeline Placement: can't place more pipeline on heavy datanode： eded3bc9-84b9-4250-ab82-94085e7bf343 Heaviness: 6 limit: 5
2019-09-26 13:36:18,009 [RatisPipelineUtilsThread] ERROR pipeline.PipelinePlacementPolicy (PipelinePlacementPolicy.java:filterViableNodes(148)) - Unable to find enough nodes that meet the criteria that cannot engage in more than 5 pipelines. Nodes required: 1 Found: 0, healthy nodes count inNodeManager: 5.
2019-09-26 13:36:18,009 [RatisPipelineUtilsThread] ERROR pipeline.SCMPipelineManager (SCMPipelineManager.java:createPipeline(167)) - Pipeline creation failed.
org.apache.hadoop.hdds.scm.exceptions.SCMException: Unable to find enough nodes that meet the criteria that cannot engage in more than 5 pipelines. Nodes required: 1 Found: 0, healthy nodes count inNodeManager: 5.
	at org.apache.hadoop.hdds.scm.pipeline.PipelinePlacementPolicy.filterViableNodes(PipelinePlacementPolicy.java:149)
	at org.apache.hadoop.hdds.scm.pipeline.PipelinePlacementPolicy.chooseDatanodes(PipelinePlacementPolicy.java:172)
	at org.apache.hadoop.hdds.scm.pipeline.RatisPipelineProvider.create(RatisPipelineProvider.java:93)
	at org.apache.hadoop.hdds.scm.pipeline.PipelineFactory.create(PipelineFactory.java:58)
	at org.apache.hadoop.hdds.scm.pipeline.SCMPipelineManager.createPipeline(SCMPipelineManager.java:155)
	at org.apache.hadoop.hdds.scm.pipeline.BackgroundPipelineCreator.createPipelines(BackgroundPipelineCreator.java:99)
	at org.apache.hadoop.hdds.scm.pipeline.BackgroundPipelineCreator.lambda$startFixedIntervalPipelineCreator$0(BackgroundPipelineCreator.java:70)
	at java.util.concurrent.Executors$RunnableAdapter.call(Executors.java:511)
	at java.util.concurrent.FutureTask.runAndReset(FutureTask.java:308)
	at java.util.concurrent.ScheduledThreadPoolExecutor$ScheduledFutureTask.access$301(ScheduledThreadPoolExecutor.java:180)
	at java.util.concurrent.ScheduledThreadPoolExecutor$ScheduledFutureTask.run(ScheduledThreadPoolExecutor.java:294)
	at java.util.concurrent.ThreadPoolExecutor.runWorker(ThreadPoolExecutor.java:1149)
	at java.util.concurrent.ThreadPoolExecutor$Worker.run(ThreadPoolExecutor.java:624)
	at java.lang.Thread.run(Thread.java:748)
2019-09-26 13:36:18,009 [RatisPipelineUtilsThread] INFO  pipeline.PipelinePlacementPolicy (PipelinePlacementPolicy.java:meetCriteria(91)) - Pipeline Placement: can't place more pipeline on heavy datanode： 0846c5d9-d8fd-49e0-9805-817523babe5a Heaviness: 6 limit: 5
2019-09-26 13:36:18,009 [RatisPipelineUtilsThread] INFO  pipeline.PipelinePlacementPolicy (PipelinePlacementPolicy.java:meetCriteria(91)) - Pipeline Placement: can't place more pipeline on heavy datanode： 782e32e3-c0a7-42e5-b748-90e00549b00d Heaviness: 6 limit: 5
2019-09-26 13:36:18,009 [RatisPipelineUtilsThread] INFO  pipeline.PipelinePlacementPolicy (PipelinePlacementPolicy.java:meetCriteria(91)) - Pipeline Placement: can't place more pipeline on heavy datanode： 1d0de9a6-3b8a-4f01-86ad-2ac4521aa9e5 Heaviness: 6 limit: 5
2019-09-26 13:36:18,010 [RatisPipelineUtilsThread] INFO  pipeline.PipelinePlacementPolicy (PipelinePlacementPolicy.java:meetCriteria(91)) - Pipeline Placement: can't place more pipeline on heavy datanode： 346062cc-ad15-42e2-9beb-d47eb155c827 Heaviness: 6 limit: 5
2019-09-26 13:36:18,010 [RatisPipelineUtilsThread] INFO  pipeline.PipelinePlacementPolicy (PipelinePlacementPolicy.java:meetCriteria(91)) - Pipeline Placement: can't place more pipeline on heavy datanode： eded3bc9-84b9-4250-ab82-94085e7bf343 Heaviness: 6 limit: 5
2019-09-26 13:36:18,010 [RatisPipelineUtilsThread] ERROR pipeline.PipelinePlacementPolicy (PipelinePlacementPolicy.java:filterViableNodes(148)) - Unable to find enough nodes that meet the criteria that cannot engage in more than 5 pipelines. Nodes required: 3 Found: 0, healthy nodes count inNodeManager: 5.
2019-09-26 13:36:18,010 [RatisPipelineUtilsThread] ERROR pipeline.SCMPipelineManager (SCMPipelineManager.java:createPipeline(167)) - Pipeline creation failed.
org.apache.hadoop.hdds.scm.exceptions.SCMException: Unable to find enough nodes that meet the criteria that cannot engage in more than 5 pipelines. Nodes required: 3 Found: 0, healthy nodes count inNodeManager: 5.
	at org.apache.hadoop.hdds.scm.pipeline.PipelinePlacementPolicy.filterViableNodes(PipelinePlacementPolicy.java:149)
	at org.apache.hadoop.hdds.scm.pipeline.PipelinePlacementPolicy.chooseDatanodes(PipelinePlacementPolicy.java:172)
	at org.apache.hadoop.hdds.scm.pipeline.RatisPipelineProvider.create(RatisPipelineProvider.java:93)
	at org.apache.hadoop.hdds.scm.pipeline.PipelineFactory.create(PipelineFactory.java:58)
	at org.apache.hadoop.hdds.scm.pipeline.SCMPipelineManager.createPipeline(SCMPipelineManager.java:155)
	at org.apache.hadoop.hdds.scm.pipeline.BackgroundPipelineCreator.createPipelines(BackgroundPipelineCreator.java:99)
	at org.apache.hadoop.hdds.scm.pipeline.BackgroundPipelineCreator.lambda$startFixedIntervalPipelineCreator$0(BackgroundPipelineCreator.java:70)
	at java.util.concurrent.Executors$RunnableAdapter.call(Executors.java:511)
	at java.util.concurrent.FutureTask.runAndReset(FutureTask.java:308)
	at java.util.concurrent.ScheduledThreadPoolExecutor$ScheduledFutureTask.access$301(ScheduledThreadPoolExecutor.java:180)
	at java.util.concurrent.ScheduledThreadPoolExecutor$ScheduledFutureTask.run(ScheduledThreadPoolExecutor.java:294)
	at java.util.concurrent.ThreadPoolExecutor.runWorker(ThreadPoolExecutor.java:1149)
	at java.util.concurrent.ThreadPoolExecutor$Worker.run(ThreadPoolExecutor.java:624)
	at java.lang.Thread.run(Thread.java:748)
2019-09-26 13:36:18,010 [IPC Server handler 0 on 41365] INFO  pipeline.PipelinePlacementPolicy (PipelinePlacementPolicy.java:meetCriteria(91)) - Pipeline Placement: can't place more pipeline on heavy datanode： 0846c5d9-d8fd-49e0-9805-817523babe5a Heaviness: 6 limit: 5
2019-09-26 13:36:18,011 [IPC Server handler 0 on 41365] INFO  pipeline.PipelinePlacementPolicy (PipelinePlacementPolicy.java:meetCriteria(91)) - Pipeline Placement: can't place more pipeline on heavy datanode： 782e32e3-c0a7-42e5-b748-90e00549b00d Heaviness: 6 limit: 5
2019-09-26 13:36:18,011 [IPC Server handler 0 on 41365] INFO  pipeline.PipelinePlacementPolicy (PipelinePlacementPolicy.java:meetCriteria(91)) - Pipeline Placement: can't place more pipeline on heavy datanode： 1d0de9a6-3b8a-4f01-86ad-2ac4521aa9e5 Heaviness: 6 limit: 5
2019-09-26 13:36:18,011 [IPC Server handler 0 on 41365] INFO  pipeline.PipelinePlacementPolicy (PipelinePlacementPolicy.java:meetCriteria(91)) - Pipeline Placement: can't place more pipeline on heavy datanode： 346062cc-ad15-42e2-9beb-d47eb155c827 Heaviness: 6 limit: 5
2019-09-26 13:36:18,011 [IPC Server handler 0 on 41365] INFO  pipeline.PipelinePlacementPolicy (PipelinePlacementPolicy.java:meetCriteria(91)) - Pipeline Placement: can't place more pipeline on heavy datanode： eded3bc9-84b9-4250-ab82-94085e7bf343 Heaviness: 6 limit: 5
2019-09-26 13:36:18,011 [IPC Server handler 0 on 41365] ERROR pipeline.PipelinePlacementPolicy (PipelinePlacementPolicy.java:filterViableNodes(148)) - Unable to find enough nodes that meet the criteria that cannot engage in more than 5 pipelines. Nodes required: 3 Found: 0, healthy nodes count inNodeManager: 5.
2019-09-26 13:36:18,011 [IPC Server handler 0 on 41365] ERROR pipeline.SCMPipelineManager (SCMPipelineManager.java:createPipeline(167)) - Pipeline creation failed.
org.apache.hadoop.hdds.scm.exceptions.SCMException: Unable to find enough nodes that meet the criteria that cannot engage in more than 5 pipelines. Nodes required: 3 Found: 0, healthy nodes count inNodeManager: 5.
	at org.apache.hadoop.hdds.scm.pipeline.PipelinePlacementPolicy.filterViableNodes(PipelinePlacementPolicy.java:149)
	at org.apache.hadoop.hdds.scm.pipeline.PipelinePlacementPolicy.chooseDatanodes(PipelinePlacementPolicy.java:172)
	at org.apache.hadoop.hdds.scm.pipeline.RatisPipelineProvider.create(RatisPipelineProvider.java:93)
	at org.apache.hadoop.hdds.scm.pipeline.PipelineFactory.create(PipelineFactory.java:58)
	at org.apache.hadoop.hdds.scm.pipeline.SCMPipelineManager.createPipeline(SCMPipelineManager.java:155)
	at org.apache.hadoop.hdds.scm.block.BlockManagerImpl.allocateBlock(BlockManagerImpl.java:190)
	at org.apache.hadoop.hdds.scm.server.SCMBlockProtocolServer.allocateBlock(SCMBlockProtocolServer.java:182)
	at org.apache.hadoop.ozone.protocolPB.ScmBlockLocationProtocolServerSideTranslatorPB.allocateScmBlock(ScmBlockLocationProtocolServerSideTranslatorPB.java:183)
	at org.apache.hadoop.ozone.protocolPB.ScmBlockLocationProtocolServerSideTranslatorPB.processMessage(ScmBlockLocationProtocolServerSideTranslatorPB.java:141)
	at org.apache.hadoop.ozone.protocolPB.ScmBlockLocationProtocolServerSideTranslatorPB.send(ScmBlockLocationProtocolServerSideTranslatorPB.java:116)
	at org.apache.hadoop.hdds.protocol.proto.ScmBlockLocationProtocolProtos$ScmBlockLocationProtocolService$2.callBlockingMethod(ScmBlockLocationProtocolProtos.java:13157)
	at org.apache.hadoop.ipc.ProtobufRpcEngine$Server$ProtoBufRpcInvoker.call(ProtobufRpcEngine.java:524)
	at org.apache.hadoop.ipc.RPC$Server.call(RPC.java:1025)
	at org.apache.hadoop.ipc.Server$RpcCall.run(Server.java:876)
	at org.apache.hadoop.ipc.Server$RpcCall.run(Server.java:822)
	at java.security.AccessController.doPrivileged(Native Method)
	at javax.security.auth.Subject.doAs(Subject.java:422)
	at org.apache.hadoop.security.UserGroupInformation.doAs(UserGroupInformation.java:1730)
	at org.apache.hadoop.ipc.Server$Handler.run(Server.java:2682)
2019-09-26 13:36:18,012 [IPC Server handler 0 on 41365] WARN  block.BlockManagerImpl (BlockManagerImpl.java:allocateBlock(192)) - Pipeline creation failed for type:RATIS factor:THREE. Retrying get pipelines call once.
org.apache.hadoop.hdds.scm.exceptions.SCMException: Unable to find enough nodes that meet the criteria that cannot engage in more than 5 pipelines. Nodes required: 3 Found: 0, healthy nodes count inNodeManager: 5.
	at org.apache.hadoop.hdds.scm.pipeline.PipelinePlacementPolicy.filterViableNodes(PipelinePlacementPolicy.java:149)
	at org.apache.hadoop.hdds.scm.pipeline.PipelinePlacementPolicy.chooseDatanodes(PipelinePlacementPolicy.java:172)
	at org.apache.hadoop.hdds.scm.pipeline.RatisPipelineProvider.create(RatisPipelineProvider.java:93)
	at org.apache.hadoop.hdds.scm.pipeline.PipelineFactory.create(PipelineFactory.java:58)
	at org.apache.hadoop.hdds.scm.pipeline.SCMPipelineManager.createPipeline(SCMPipelineManager.java:155)
	at org.apache.hadoop.hdds.scm.block.BlockManagerImpl.allocateBlock(BlockManagerImpl.java:190)
	at org.apache.hadoop.hdds.scm.server.SCMBlockProtocolServer.allocateBlock(SCMBlockProtocolServer.java:182)
	at org.apache.hadoop.ozone.protocolPB.ScmBlockLocationProtocolServerSideTranslatorPB.allocateScmBlock(ScmBlockLocationProtocolServerSideTranslatorPB.java:183)
	at org.apache.hadoop.ozone.protocolPB.ScmBlockLocationProtocolServerSideTranslatorPB.processMessage(ScmBlockLocationProtocolServerSideTranslatorPB.java:141)
	at org.apache.hadoop.ozone.protocolPB.ScmBlockLocationProtocolServerSideTranslatorPB.send(ScmBlockLocationProtocolServerSideTranslatorPB.java:116)
	at org.apache.hadoop.hdds.protocol.proto.ScmBlockLocationProtocolProtos$ScmBlockLocationProtocolService$2.callBlockingMethod(ScmBlockLocationProtocolProtos.java:13157)
	at org.apache.hadoop.ipc.ProtobufRpcEngine$Server$ProtoBufRpcInvoker.call(ProtobufRpcEngine.java:524)
	at org.apache.hadoop.ipc.RPC$Server.call(RPC.java:1025)
	at org.apache.hadoop.ipc.Server$RpcCall.run(Server.java:876)
	at org.apache.hadoop.ipc.Server$RpcCall.run(Server.java:822)
	at java.security.AccessController.doPrivileged(Native Method)
	at javax.security.auth.Subject.doAs(Subject.java:422)
	at org.apache.hadoop.security.UserGroupInformation.doAs(UserGroupInformation.java:1730)
	at org.apache.hadoop.ipc.Server$Handler.run(Server.java:2682)
2019-09-26 13:36:18,012 [IPC Server handler 0 on 41365] INFO  block.BlockManagerImpl (BlockManagerImpl.java:allocateBlock(198)) - Could not find available pipeline of type:RATIS and factor:THREE even after retrying
2019-09-26 13:36:18,012 [IPC Server handler 0 on 41365] ERROR block.BlockManagerImpl (BlockManagerImpl.java:allocateBlock(222)) - Unable to allocate a block for the size: 4194304, type: RATIS, factor: THREE
2019-09-26 13:36:18,012 [IPC Server handler 0 on 41365] INFO  pipeline.PipelinePlacementPolicy (PipelinePlacementPolicy.java:meetCriteria(91)) - Pipeline Placement: can't place more pipeline on heavy datanode： 0846c5d9-d8fd-49e0-9805-817523babe5a Heaviness: 6 limit: 5
2019-09-26 13:36:18,013 [IPC Server handler 0 on 41365] INFO  pipeline.PipelinePlacementPolicy (PipelinePlacementPolicy.java:meetCriteria(91)) - Pipeline Placement: can't place more pipeline on heavy datanode： 782e32e3-c0a7-42e5-b748-90e00549b00d Heaviness: 6 limit: 5
2019-09-26 13:36:18,013 [IPC Server handler 0 on 41365] INFO  pipeline.PipelinePlacementPolicy (PipelinePlacementPolicy.java:meetCriteria(91)) - Pipeline Placement: can't place more pipeline on heavy datanode： 1d0de9a6-3b8a-4f01-86ad-2ac4521aa9e5 Heaviness: 6 limit: 5
2019-09-26 13:36:18,013 [IPC Server handler 0 on 41365] INFO  pipeline.PipelinePlacementPolicy (PipelinePlacementPolicy.java:meetCriteria(91)) - Pipeline Placement: can't place more pipeline on heavy datanode： 346062cc-ad15-42e2-9beb-d47eb155c827 Heaviness: 6 limit: 5
2019-09-26 13:36:18,013 [IPC Server handler 0 on 41365] INFO  pipeline.PipelinePlacementPolicy (PipelinePlacementPolicy.java:meetCriteria(91)) - Pipeline Placement: can't place more pipeline on heavy datanode： eded3bc9-84b9-4250-ab82-94085e7bf343 Heaviness: 6 limit: 5
2019-09-26 13:36:18,013 [IPC Server handler 0 on 41365] ERROR pipeline.PipelinePlacementPolicy (PipelinePlacementPolicy.java:filterViableNodes(148)) - Unable to find enough nodes that meet the criteria that cannot engage in more than 5 pipelines. Nodes required: 3 Found: 0, healthy nodes count inNodeManager: 5.
2019-09-26 13:36:18,013 [IPC Server handler 0 on 41365] ERROR pipeline.SCMPipelineManager (SCMPipelineManager.java:createPipeline(167)) - Pipeline creation failed.
org.apache.hadoop.hdds.scm.exceptions.SCMException: Unable to find enough nodes that meet the criteria that cannot engage in more than 5 pipelines. Nodes required: 3 Found: 0, healthy nodes count inNodeManager: 5.
	at org.apache.hadoop.hdds.scm.pipeline.PipelinePlacementPolicy.filterViableNodes(PipelinePlacementPolicy.java:149)
	at org.apache.hadoop.hdds.scm.pipeline.PipelinePlacementPolicy.chooseDatanodes(PipelinePlacementPolicy.java:172)
	at org.apache.hadoop.hdds.scm.pipeline.RatisPipelineProvider.create(RatisPipelineProvider.java:93)
	at org.apache.hadoop.hdds.scm.pipeline.PipelineFactory.create(PipelineFactory.java:58)
	at org.apache.hadoop.hdds.scm.pipeline.SCMPipelineManager.createPipeline(SCMPipelineManager.java:155)
	at org.apache.hadoop.hdds.scm.block.BlockManagerImpl.allocateBlock(BlockManagerImpl.java:190)
	at org.apache.hadoop.hdds.scm.server.SCMBlockProtocolServer.allocateBlock(SCMBlockProtocolServer.java:182)
	at org.apache.hadoop.ozone.protocolPB.ScmBlockLocationProtocolServerSideTranslatorPB.allocateScmBlock(ScmBlockLocationProtocolServerSideTranslatorPB.java:183)
	at org.apache.hadoop.ozone.protocolPB.ScmBlockLocationProtocolServerSideTranslatorPB.processMessage(ScmBlockLocationProtocolServerSideTranslatorPB.java:141)
	at org.apache.hadoop.ozone.protocolPB.ScmBlockLocationProtocolServerSideTranslatorPB.send(ScmBlockLocationProtocolServerSideTranslatorPB.java:116)
	at org.apache.hadoop.hdds.protocol.proto.ScmBlockLocationProtocolProtos$ScmBlockLocationProtocolService$2.callBlockingMethod(ScmBlockLocationProtocolProtos.java:13157)
	at org.apache.hadoop.ipc.ProtobufRpcEngine$Server$ProtoBufRpcInvoker.call(ProtobufRpcEngine.java:524)
	at org.apache.hadoop.ipc.RPC$Server.call(RPC.java:1025)
	at org.apache.hadoop.ipc.Server$RpcCall.run(Server.java:876)
	at org.apache.hadoop.ipc.Server$RpcCall.run(Server.java:822)
	at java.security.AccessController.doPrivileged(Native Method)
	at javax.security.auth.Subject.doAs(Subject.java:422)
	at org.apache.hadoop.security.UserGroupInformation.doAs(UserGroupInformation.java:1730)
	at org.apache.hadoop.ipc.Server$Handler.run(Server.java:2682)
2019-09-26 13:36:18,014 [IPC Server handler 0 on 41365] WARN  block.BlockManagerImpl (BlockManagerImpl.java:allocateBlock(192)) - Pipeline creation failed for type:RATIS factor:THREE. Retrying get pipelines call once.
org.apache.hadoop.hdds.scm.exceptions.SCMException: Unable to find enough nodes that meet the criteria that cannot engage in more than 5 pipelines. Nodes required: 3 Found: 0, healthy nodes count inNodeManager: 5.
	at org.apache.hadoop.hdds.scm.pipeline.PipelinePlacementPolicy.filterViableNodes(PipelinePlacementPolicy.java:149)
	at org.apache.hadoop.hdds.scm.pipeline.PipelinePlacementPolicy.chooseDatanodes(PipelinePlacementPolicy.java:172)
	at org.apache.hadoop.hdds.scm.pipeline.RatisPipelineProvider.create(RatisPipelineProvider.java:93)
	at org.apache.hadoop.hdds.scm.pipeline.PipelineFactory.create(PipelineFactory.java:58)
	at org.apache.hadoop.hdds.scm.pipeline.SCMPipelineManager.createPipeline(SCMPipelineManager.java:155)
	at org.apache.hadoop.hdds.scm.block.BlockManagerImpl.allocateBlock(BlockManagerImpl.java:190)
	at org.apache.hadoop.hdds.scm.server.SCMBlockProtocolServer.allocateBlock(SCMBlockProtocolServer.java:182)
	at org.apache.hadoop.ozone.protocolPB.ScmBlockLocationProtocolServerSideTranslatorPB.allocateScmBlock(ScmBlockLocationProtocolServerSideTranslatorPB.java:183)
	at org.apache.hadoop.ozone.protocolPB.ScmBlockLocationProtocolServerSideTranslatorPB.processMessage(ScmBlockLocationProtocolServerSideTranslatorPB.java:141)
	at org.apache.hadoop.ozone.protocolPB.ScmBlockLocationProtocolServerSideTranslatorPB.send(ScmBlockLocationProtocolServerSideTranslatorPB.java:116)
	at org.apache.hadoop.hdds.protocol.proto.ScmBlockLocationProtocolProtos$ScmBlockLocationProtocolService$2.callBlockingMethod(ScmBlockLocationProtocolProtos.java:13157)
	at org.apache.hadoop.ipc.ProtobufRpcEngine$Server$ProtoBufRpcInvoker.call(ProtobufRpcEngine.java:524)
	at org.apache.hadoop.ipc.RPC$Server.call(RPC.java:1025)
	at org.apache.hadoop.ipc.Server$RpcCall.run(Server.java:876)
	at org.apache.hadoop.ipc.Server$RpcCall.run(Server.java:822)
	at java.security.AccessController.doPrivileged(Native Method)
	at javax.security.auth.Subject.doAs(Subject.java:422)
	at org.apache.hadoop.security.UserGroupInformation.doAs(UserGroupInformation.java:1730)
	at org.apache.hadoop.ipc.Server$Handler.run(Server.java:2682)
2019-09-26 13:36:18,014 [IPC Server handler 0 on 41365] INFO  block.BlockManagerImpl (BlockManagerImpl.java:allocateBlock(198)) - Could not find available pipeline of type:RATIS and factor:THREE even after retrying
2019-09-26 13:36:18,014 [IPC Server handler 0 on 41365] ERROR block.BlockManagerImpl (BlockManagerImpl.java:allocateBlock(222)) - Unable to allocate a block for the size: 4194304, type: RATIS, factor: THREE
2019-09-26 13:36:18,014 [IPC Server handler 0 on 41365] INFO  pipeline.PipelinePlacementPolicy (PipelinePlacementPolicy.java:meetCriteria(91)) - Pipeline Placement: can't place more pipeline on heavy datanode： 0846c5d9-d8fd-49e0-9805-817523babe5a Heaviness: 6 limit: 5
2019-09-26 13:36:18,014 [IPC Server handler 0 on 41365] INFO  pipeline.PipelinePlacementPolicy (PipelinePlacementPolicy.java:meetCriteria(91)) - Pipeline Placement: can't place more pipeline on heavy datanode： 782e32e3-c0a7-42e5-b748-90e00549b00d Heaviness: 6 limit: 5
2019-09-26 13:36:18,014 [IPC Server handler 0 on 41365] INFO  pipeline.PipelinePlacementPolicy (PipelinePlacementPolicy.java:meetCriteria(91)) - Pipeline Placement: can't place more pipeline on heavy datanode： 1d0de9a6-3b8a-4f01-86ad-2ac4521aa9e5 Heaviness: 6 limit: 5
2019-09-26 13:36:18,015 [IPC Server handler 0 on 41365] INFO  pipeline.PipelinePlacementPolicy (PipelinePlacementPolicy.java:meetCriteria(91)) - Pipeline Placement: can't place more pipeline on heavy datanode： 346062cc-ad15-42e2-9beb-d47eb155c827 Heaviness: 6 limit: 5
2019-09-26 13:36:18,015 [IPC Server handler 0 on 41365] INFO  pipeline.PipelinePlacementPolicy (PipelinePlacementPolicy.java:meetCriteria(91)) - Pipeline Placement: can't place more pipeline on heavy datanode： eded3bc9-84b9-4250-ab82-94085e7bf343 Heaviness: 6 limit: 5
2019-09-26 13:36:18,015 [IPC Server handler 0 on 41365] ERROR pipeline.PipelinePlacementPolicy (PipelinePlacementPolicy.java:filterViableNodes(148)) - Unable to find enough nodes that meet the criteria that cannot engage in more than 5 pipelines. Nodes required: 3 Found: 0, healthy nodes count inNodeManager: 5.
2019-09-26 13:36:18,015 [IPC Server handler 0 on 41365] ERROR pipeline.SCMPipelineManager (SCMPipelineManager.java:createPipeline(167)) - Pipeline creation failed.
org.apache.hadoop.hdds.scm.exceptions.SCMException: Unable to find enough nodes that meet the criteria that cannot engage in more than 5 pipelines. Nodes required: 3 Found: 0, healthy nodes count inNodeManager: 5.
	at org.apache.hadoop.hdds.scm.pipeline.PipelinePlacementPolicy.filterViableNodes(PipelinePlacementPolicy.java:149)
	at org.apache.hadoop.hdds.scm.pipeline.PipelinePlacementPolicy.chooseDatanodes(PipelinePlacementPolicy.java:172)
	at org.apache.hadoop.hdds.scm.pipeline.RatisPipelineProvider.create(RatisPipelineProvider.java:93)
	at org.apache.hadoop.hdds.scm.pipeline.PipelineFactory.create(PipelineFactory.java:58)
	at org.apache.hadoop.hdds.scm.pipeline.SCMPipelineManager.createPipeline(SCMPipelineManager.java:155)
	at org.apache.hadoop.hdds.scm.block.BlockManagerImpl.allocateBlock(BlockManagerImpl.java:190)
	at org.apache.hadoop.hdds.scm.server.SCMBlockProtocolServer.allocateBlock(SCMBlockProtocolServer.java:182)
	at org.apache.hadoop.ozone.protocolPB.ScmBlockLocationProtocolServerSideTranslatorPB.allocateScmBlock(ScmBlockLocationProtocolServerSideTranslatorPB.java:183)
	at org.apache.hadoop.ozone.protocolPB.ScmBlockLocationProtocolServerSideTranslatorPB.processMessage(ScmBlockLocationProtocolServerSideTranslatorPB.java:141)
	at org.apache.hadoop.ozone.protocolPB.ScmBlockLocationProtocolServerSideTranslatorPB.send(ScmBlockLocationProtocolServerSideTranslatorPB.java:116)
	at org.apache.hadoop.hdds.protocol.proto.ScmBlockLocationProtocolProtos$ScmBlockLocationProtocolService$2.callBlockingMethod(ScmBlockLocationProtocolProtos.java:13157)
	at org.apache.hadoop.ipc.ProtobufRpcEngine$Server$ProtoBufRpcInvoker.call(ProtobufRpcEngine.java:524)
	at org.apache.hadoop.ipc.RPC$Server.call(RPC.java:1025)
	at org.apache.hadoop.ipc.Server$RpcCall.run(Server.java:876)
	at org.apache.hadoop.ipc.Server$RpcCall.run(Server.java:822)
	at java.security.AccessController.doPrivileged(Native Method)
	at javax.security.auth.Subject.doAs(Subject.java:422)
	at org.apache.hadoop.security.UserGroupInformation.doAs(UserGroupInformation.java:1730)
	at org.apache.hadoop.ipc.Server$Handler.run(Server.java:2682)
2019-09-26 13:36:18,015 [IPC Server handler 0 on 41365] WARN  block.BlockManagerImpl (BlockManagerImpl.java:allocateBlock(192)) - Pipeline creation failed for type:RATIS factor:THREE. Retrying get pipelines call once.
org.apache.hadoop.hdds.scm.exceptions.SCMException: Unable to find enough nodes that meet the criteria that cannot engage in more than 5 pipelines. Nodes required: 3 Found: 0, healthy nodes count inNodeManager: 5.
	at org.apache.hadoop.hdds.scm.pipeline.PipelinePlacementPolicy.filterViableNodes(PipelinePlacementPolicy.java:149)
	at org.apache.hadoop.hdds.scm.pipeline.PipelinePlacementPolicy.chooseDatanodes(PipelinePlacementPolicy.java:172)
	at org.apache.hadoop.hdds.scm.pipeline.RatisPipelineProvider.create(RatisPipelineProvider.java:93)
	at org.apache.hadoop.hdds.scm.pipeline.PipelineFactory.create(PipelineFactory.java:58)
	at org.apache.hadoop.hdds.scm.pipeline.SCMPipelineManager.createPipeline(SCMPipelineManager.java:155)
	at org.apache.hadoop.hdds.scm.block.BlockManagerImpl.allocateBlock(BlockManagerImpl.java:190)
	at org.apache.hadoop.hdds.scm.server.SCMBlockProtocolServer.allocateBlock(SCMBlockProtocolServer.java:182)
	at org.apache.hadoop.ozone.protocolPB.ScmBlockLocationProtocolServerSideTranslatorPB.allocateScmBlock(ScmBlockLocationProtocolServerSideTranslatorPB.java:183)
	at org.apache.hadoop.ozone.protocolPB.ScmBlockLocationProtocolServerSideTranslatorPB.processMessage(ScmBlockLocationProtocolServerSideTranslatorPB.java:141)
	at org.apache.hadoop.ozone.protocolPB.ScmBlockLocationProtocolServerSideTranslatorPB.send(ScmBlockLocationProtocolServerSideTranslatorPB.java:116)
	at org.apache.hadoop.hdds.protocol.proto.ScmBlockLocationProtocolProtos$ScmBlockLocationProtocolService$2.callBlockingMethod(ScmBlockLocationProtocolProtos.java:13157)
	at org.apache.hadoop.ipc.ProtobufRpcEngine$Server$ProtoBufRpcInvoker.call(ProtobufRpcEngine.java:524)
	at org.apache.hadoop.ipc.RPC$Server.call(RPC.java:1025)
	at org.apache.hadoop.ipc.Server$RpcCall.run(Server.java:876)
	at org.apache.hadoop.ipc.Server$RpcCall.run(Server.java:822)
	at java.security.AccessController.doPrivileged(Native Method)
	at javax.security.auth.Subject.doAs(Subject.java:422)
	at org.apache.hadoop.security.UserGroupInformation.doAs(UserGroupInformation.java:1730)
	at org.apache.hadoop.ipc.Server$Handler.run(Server.java:2682)
2019-09-26 13:36:18,016 [IPC Server handler 0 on 41365] INFO  block.BlockManagerImpl (BlockManagerImpl.java:allocateBlock(198)) - Could not find available pipeline of type:RATIS and factor:THREE even after retrying
2019-09-26 13:36:18,016 [IPC Server handler 0 on 41365] ERROR block.BlockManagerImpl (BlockManagerImpl.java:allocateBlock(222)) - Unable to allocate a block for the size: 4194304, type: RATIS, factor: THREE
2019-09-26 13:36:18,016 [IPC Server handler 0 on 41365] INFO  pipeline.PipelinePlacementPolicy (PipelinePlacementPolicy.java:meetCriteria(91)) - Pipeline Placement: can't place more pipeline on heavy datanode： 0846c5d9-d8fd-49e0-9805-817523babe5a Heaviness: 6 limit: 5
2019-09-26 13:36:18,016 [IPC Server handler 0 on 41365] INFO  pipeline.PipelinePlacementPolicy (PipelinePlacementPolicy.java:meetCriteria(91)) - Pipeline Placement: can't place more pipeline on heavy datanode： 782e32e3-c0a7-42e5-b748-90e00549b00d Heaviness: 6 limit: 5
2019-09-26 13:36:18,016 [IPC Server handler 0 on 41365] INFO  pipeline.PipelinePlacementPolicy (PipelinePlacementPolicy.java:meetCriteria(91)) - Pipeline Placement: can't place more pipeline on heavy datanode： 1d0de9a6-3b8a-4f01-86ad-2ac4521aa9e5 Heaviness: 6 limit: 5
2019-09-26 13:36:18,016 [IPC Server handler 0 on 41365] INFO  pipeline.PipelinePlacementPolicy (PipelinePlacementPolicy.java:meetCriteria(91)) - Pipeline Placement: can't place more pipeline on heavy datanode： 346062cc-ad15-42e2-9beb-d47eb155c827 Heaviness: 6 limit: 5
2019-09-26 13:36:18,017 [IPC Server handler 0 on 41365] INFO  pipeline.PipelinePlacementPolicy (PipelinePlacementPolicy.java:meetCriteria(91)) - Pipeline Placement: can't place more pipeline on heavy datanode： eded3bc9-84b9-4250-ab82-94085e7bf343 Heaviness: 6 limit: 5
2019-09-26 13:36:18,017 [IPC Server handler 0 on 41365] ERROR pipeline.PipelinePlacementPolicy (PipelinePlacementPolicy.java:filterViableNodes(148)) - Unable to find enough nodes that meet the criteria that cannot engage in more than 5 pipelines. Nodes required: 3 Found: 0, healthy nodes count inNodeManager: 5.
2019-09-26 13:36:18,017 [IPC Server handler 0 on 41365] ERROR pipeline.SCMPipelineManager (SCMPipelineManager.java:createPipeline(167)) - Pipeline creation failed.
org.apache.hadoop.hdds.scm.exceptions.SCMException: Unable to find enough nodes that meet the criteria that cannot engage in more than 5 pipelines. Nodes required: 3 Found: 0, healthy nodes count inNodeManager: 5.
	at org.apache.hadoop.hdds.scm.pipeline.PipelinePlacementPolicy.filterViableNodes(PipelinePlacementPolicy.java:149)
	at org.apache.hadoop.hdds.scm.pipeline.PipelinePlacementPolicy.chooseDatanodes(PipelinePlacementPolicy.java:172)
	at org.apache.hadoop.hdds.scm.pipeline.RatisPipelineProvider.create(RatisPipelineProvider.java:93)
	at org.apache.hadoop.hdds.scm.pipeline.PipelineFactory.create(PipelineFactory.java:58)
	at org.apache.hadoop.hdds.scm.pipeline.SCMPipelineManager.createPipeline(SCMPipelineManager.java:155)
	at org.apache.hadoop.hdds.scm.block.BlockManagerImpl.allocateBlock(BlockManagerImpl.java:190)
	at org.apache.hadoop.hdds.scm.server.SCMBlockProtocolServer.allocateBlock(SCMBlockProtocolServer.java:182)
	at org.apache.hadoop.ozone.protocolPB.ScmBlockLocationProtocolServerSideTranslatorPB.allocateScmBlock(ScmBlockLocationProtocolServerSideTranslatorPB.java:183)
	at org.apache.hadoop.ozone.protocolPB.ScmBlockLocationProtocolServerSideTranslatorPB.processMessage(ScmBlockLocationProtocolServerSideTranslatorPB.java:141)
	at org.apache.hadoop.ozone.protocolPB.ScmBlockLocationProtocolServerSideTranslatorPB.send(ScmBlockLocationProtocolServerSideTranslatorPB.java:116)
	at org.apache.hadoop.hdds.protocol.proto.ScmBlockLocationProtocolProtos$ScmBlockLocationProtocolService$2.callBlockingMethod(ScmBlockLocationProtocolProtos.java:13157)
	at org.apache.hadoop.ipc.ProtobufRpcEngine$Server$ProtoBufRpcInvoker.call(ProtobufRpcEngine.java:524)
	at org.apache.hadoop.ipc.RPC$Server.call(RPC.java:1025)
	at org.apache.hadoop.ipc.Server$RpcCall.run(Server.java:876)
	at org.apache.hadoop.ipc.Server$RpcCall.run(Server.java:822)
	at java.security.AccessController.doPrivileged(Native Method)
	at javax.security.auth.Subject.doAs(Subject.java:422)
	at org.apache.hadoop.security.UserGroupInformation.doAs(UserGroupInformation.java:1730)
	at org.apache.hadoop.ipc.Server$Handler.run(Server.java:2682)
2019-09-26 13:36:18,017 [IPC Server handler 0 on 41365] WARN  block.BlockManagerImpl (BlockManagerImpl.java:allocateBlock(192)) - Pipeline creation failed for type:RATIS factor:THREE. Retrying get pipelines call once.
org.apache.hadoop.hdds.scm.exceptions.SCMException: Unable to find enough nodes that meet the criteria that cannot engage in more than 5 pipelines. Nodes required: 3 Found: 0, healthy nodes count inNodeManager: 5.
	at org.apache.hadoop.hdds.scm.pipeline.PipelinePlacementPolicy.filterViableNodes(PipelinePlacementPolicy.java:149)
	at org.apache.hadoop.hdds.scm.pipeline.PipelinePlacementPolicy.chooseDatanodes(PipelinePlacementPolicy.java:172)
	at org.apache.hadoop.hdds.scm.pipeline.RatisPipelineProvider.create(RatisPipelineProvider.java:93)
	at org.apache.hadoop.hdds.scm.pipeline.PipelineFactory.create(PipelineFactory.java:58)
	at org.apache.hadoop.hdds.scm.pipeline.SCMPipelineManager.createPipeline(SCMPipelineManager.java:155)
	at org.apache.hadoop.hdds.scm.block.BlockManagerImpl.allocateBlock(BlockManagerImpl.java:190)
	at org.apache.hadoop.hdds.scm.server.SCMBlockProtocolServer.allocateBlock(SCMBlockProtocolServer.java:182)
	at org.apache.hadoop.ozone.protocolPB.ScmBlockLocationProtocolServerSideTranslatorPB.allocateScmBlock(ScmBlockLocationProtocolServerSideTranslatorPB.java:183)
	at org.apache.hadoop.ozone.protocolPB.ScmBlockLocationProtocolServerSideTranslatorPB.processMessage(ScmBlockLocationProtocolServerSideTranslatorPB.java:141)
	at org.apache.hadoop.ozone.protocolPB.ScmBlockLocationProtocolServerSideTranslatorPB.send(ScmBlockLocationProtocolServerSideTranslatorPB.java:116)
	at org.apache.hadoop.hdds.protocol.proto.ScmBlockLocationProtocolProtos$ScmBlockLocationProtocolService$2.callBlockingMethod(ScmBlockLocationProtocolProtos.java:13157)
	at org.apache.hadoop.ipc.ProtobufRpcEngine$Server$ProtoBufRpcInvoker.call(ProtobufRpcEngine.java:524)
	at org.apache.hadoop.ipc.RPC$Server.call(RPC.java:1025)
	at org.apache.hadoop.ipc.Server$RpcCall.run(Server.java:876)
	at org.apache.hadoop.ipc.Server$RpcCall.run(Server.java:822)
	at java.security.AccessController.doPrivileged(Native Method)
	at javax.security.auth.Subject.doAs(Subject.java:422)
	at org.apache.hadoop.security.UserGroupInformation.doAs(UserGroupInformation.java:1730)
	at org.apache.hadoop.ipc.Server$Handler.run(Server.java:2682)
2019-09-26 13:36:18,017 [IPC Server handler 0 on 41365] INFO  block.BlockManagerImpl (BlockManagerImpl.java:allocateBlock(198)) - Could not find available pipeline of type:RATIS and factor:THREE even after retrying
2019-09-26 13:36:18,019 [IPC Server handler 0 on 41365] ERROR block.BlockManagerImpl (BlockManagerImpl.java:allocateBlock(222)) - Unable to allocate a block for the size: 4194304, type: RATIS, factor: THREE
2019-09-26 13:36:18,022 [IPC Server handler 0 on 41365] INFO  pipeline.PipelinePlacementPolicy (PipelinePlacementPolicy.java:meetCriteria(91)) - Pipeline Placement: can't place more pipeline on heavy datanode： 0846c5d9-d8fd-49e0-9805-817523babe5a Heaviness: 6 limit: 5
2019-09-26 13:36:18,022 [IPC Server handler 0 on 41365] INFO  pipeline.PipelinePlacementPolicy (PipelinePlacementPolicy.java:meetCriteria(91)) - Pipeline Placement: can't place more pipeline on heavy datanode： 782e32e3-c0a7-42e5-b748-90e00549b00d Heaviness: 6 limit: 5
2019-09-26 13:36:18,022 [IPC Server handler 0 on 41365] INFO  pipeline.PipelinePlacementPolicy (PipelinePlacementPolicy.java:meetCriteria(91)) - Pipeline Placement: can't place more pipeline on heavy datanode： 1d0de9a6-3b8a-4f01-86ad-2ac4521aa9e5 Heaviness: 6 limit: 5
2019-09-26 13:36:18,022 [IPC Server handler 0 on 41365] INFO  pipeline.PipelinePlacementPolicy (PipelinePlacementPolicy.java:meetCriteria(91)) - Pipeline Placement: can't place more pipeline on heavy datanode： 346062cc-ad15-42e2-9beb-d47eb155c827 Heaviness: 6 limit: 5
2019-09-26 13:36:18,022 [IPC Server handler 0 on 41365] INFO  pipeline.PipelinePlacementPolicy (PipelinePlacementPolicy.java:meetCriteria(91)) - Pipeline Placement: can't place more pipeline on heavy datanode： eded3bc9-84b9-4250-ab82-94085e7bf343 Heaviness: 6 limit: 5
2019-09-26 13:36:18,022 [IPC Server handler 0 on 41365] ERROR pipeline.PipelinePlacementPolicy (PipelinePlacementPolicy.java:filterViableNodes(148)) - Unable to find enough nodes that meet the criteria that cannot engage in more than 5 pipelines. Nodes required: 3 Found: 0, healthy nodes count inNodeManager: 5.
2019-09-26 13:36:18,022 [IPC Server handler 0 on 41365] ERROR pipeline.SCMPipelineManager (SCMPipelineManager.java:createPipeline(167)) - Pipeline creation failed.
org.apache.hadoop.hdds.scm.exceptions.SCMException: Unable to find enough nodes that meet the criteria that cannot engage in more than 5 pipelines. Nodes required: 3 Found: 0, healthy nodes count inNodeManager: 5.
	at org.apache.hadoop.hdds.scm.pipeline.PipelinePlacementPolicy.filterViableNodes(PipelinePlacementPolicy.java:149)
	at org.apache.hadoop.hdds.scm.pipeline.PipelinePlacementPolicy.chooseDatanodes(PipelinePlacementPolicy.java:172)
	at org.apache.hadoop.hdds.scm.pipeline.RatisPipelineProvider.create(RatisPipelineProvider.java:93)
	at org.apache.hadoop.hdds.scm.pipeline.PipelineFactory.create(PipelineFactory.java:58)
	at org.apache.hadoop.hdds.scm.pipeline.SCMPipelineManager.createPipeline(SCMPipelineManager.java:155)
	at org.apache.hadoop.hdds.scm.block.BlockManagerImpl.allocateBlock(BlockManagerImpl.java:190)
	at org.apache.hadoop.hdds.scm.server.SCMBlockProtocolServer.allocateBlock(SCMBlockProtocolServer.java:182)
	at org.apache.hadoop.ozone.protocolPB.ScmBlockLocationProtocolServerSideTranslatorPB.allocateScmBlock(ScmBlockLocationProtocolServerSideTranslatorPB.java:183)
	at org.apache.hadoop.ozone.protocolPB.ScmBlockLocationProtocolServerSideTranslatorPB.processMessage(ScmBlockLocationProtocolServerSideTranslatorPB.java:141)
	at org.apache.hadoop.ozone.protocolPB.ScmBlockLocationProtocolServerSideTranslatorPB.send(ScmBlockLocationProtocolServerSideTranslatorPB.java:116)
	at org.apache.hadoop.hdds.protocol.proto.ScmBlockLocationProtocolProtos$ScmBlockLocationProtocolService$2.callBlockingMethod(ScmBlockLocationProtocolProtos.java:13157)
	at org.apache.hadoop.ipc.ProtobufRpcEngine$Server$ProtoBufRpcInvoker.call(ProtobufRpcEngine.java:524)
	at org.apache.hadoop.ipc.RPC$Server.call(RPC.java:1025)
	at org.apache.hadoop.ipc.Server$RpcCall.run(Server.java:876)
	at org.apache.hadoop.ipc.Server$RpcCall.run(Server.java:822)
	at java.security.AccessController.doPrivileged(Native Method)
	at javax.security.auth.Subject.doAs(Subject.java:422)
	at org.apache.hadoop.security.UserGroupInformation.doAs(UserGroupInformation.java:1730)
	at org.apache.hadoop.ipc.Server$Handler.run(Server.java:2682)
2019-09-26 13:36:18,032 [IPC Server handler 0 on 41365] WARN  block.BlockManagerImpl (BlockManagerImpl.java:allocateBlock(192)) - Pipeline creation failed for type:RATIS factor:THREE. Retrying get pipelines call once.
org.apache.hadoop.hdds.scm.exceptions.SCMException: Unable to find enough nodes that meet the criteria that cannot engage in more than 5 pipelines. Nodes required: 3 Found: 0, healthy nodes count inNodeManager: 5.
	at org.apache.hadoop.hdds.scm.pipeline.PipelinePlacementPolicy.filterViableNodes(PipelinePlacementPolicy.java:149)
	at org.apache.hadoop.hdds.scm.pipeline.PipelinePlacementPolicy.chooseDatanodes(PipelinePlacementPolicy.java:172)
	at org.apache.hadoop.hdds.scm.pipeline.RatisPipelineProvider.create(RatisPipelineProvider.java:93)
	at org.apache.hadoop.hdds.scm.pipeline.PipelineFactory.create(PipelineFactory.java:58)
	at org.apache.hadoop.hdds.scm.pipeline.SCMPipelineManager.createPipeline(SCMPipelineManager.java:155)
	at org.apache.hadoop.hdds.scm.block.BlockManagerImpl.allocateBlock(BlockManagerImpl.java:190)
	at org.apache.hadoop.hdds.scm.server.SCMBlockProtocolServer.allocateBlock(SCMBlockProtocolServer.java:182)
	at org.apache.hadoop.ozone.protocolPB.ScmBlockLocationProtocolServerSideTranslatorPB.allocateScmBlock(ScmBlockLocationProtocolServerSideTranslatorPB.java:183)
	at org.apache.hadoop.ozone.protocolPB.ScmBlockLocationProtocolServerSideTranslatorPB.processMessage(ScmBlockLocationProtocolServerSideTranslatorPB.java:141)
	at org.apache.hadoop.ozone.protocolPB.ScmBlockLocationProtocolServerSideTranslatorPB.send(ScmBlockLocationProtocolServerSideTranslatorPB.java:116)
	at org.apache.hadoop.hdds.protocol.proto.ScmBlockLocationProtocolProtos$ScmBlockLocationProtocolService$2.callBlockingMethod(ScmBlockLocationProtocolProtos.java:13157)
	at org.apache.hadoop.ipc.ProtobufRpcEngine$Server$ProtoBufRpcInvoker.call(ProtobufRpcEngine.java:524)
	at org.apache.hadoop.ipc.RPC$Server.call(RPC.java:1025)
	at org.apache.hadoop.ipc.Server$RpcCall.run(Server.java:876)
	at org.apache.hadoop.ipc.Server$RpcCall.run(Server.java:822)
	at java.security.AccessController.doPrivileged(Native Method)
	at javax.security.auth.Subject.doAs(Subject.java:422)
	at org.apache.hadoop.security.UserGroupInformation.doAs(UserGroupInformation.java:1730)
	at org.apache.hadoop.ipc.Server$Handler.run(Server.java:2682)
2019-09-26 13:36:18,033 [IPC Server handler 0 on 41365] INFO  block.BlockManagerImpl (BlockManagerImpl.java:allocateBlock(198)) - Could not find available pipeline of type:RATIS and factor:THREE even after retrying
2019-09-26 13:36:18,033 [IPC Server handler 0 on 41365] ERROR block.BlockManagerImpl (BlockManagerImpl.java:allocateBlock(222)) - Unable to allocate a block for the size: 4194304, type: RATIS, factor: THREE
2019-09-26 13:36:18,039 [pool-73-thread-3] ERROR freon.RandomKeyGenerator (RandomKeyGenerator.java:createKey(733)) - Exception while adding key: key-0-11987 in bucket: bucket-0-39780 of volume: vol-0-15395.
INTERNAL_ERROR org.apache.hadoop.ozone.om.exceptions.OMException: Allocated 0 blocks. Requested 5 blocks
	at org.apache.hadoop.ozone.om.protocolPB.OzoneManagerProtocolClientSideTranslatorPB.handleError(OzoneManagerProtocolClientSideTranslatorPB.java:732)
	at org.apache.hadoop.ozone.om.protocolPB.OzoneManagerProtocolClientSideTranslatorPB.openKey(OzoneManagerProtocolClientSideTranslatorPB.java:723)
	at sun.reflect.NativeMethodAccessorImpl.invoke0(Native Method)
	at sun.reflect.NativeMethodAccessorImpl.invoke(NativeMethodAccessorImpl.java:62)
	at sun.reflect.DelegatingMethodAccessorImpl.invoke(DelegatingMethodAccessorImpl.java:43)
	at java.lang.reflect.Method.invoke(Method.java:498)
	at org.apache.hadoop.hdds.tracing.TraceAllMethod.invoke(TraceAllMethod.java:66)
	at com.sun.proxy.$Proxy37.openKey(Unknown Source)
	at org.apache.hadoop.ozone.client.rpc.RpcClient.createKey(RpcClient.java:614)
	at org.apache.hadoop.ozone.client.OzoneBucket.createKey(OzoneBucket.java:325)
	at org.apache.hadoop.ozone.freon.RandomKeyGenerator.createKey(RandomKeyGenerator.java:695)
	at org.apache.hadoop.ozone.freon.RandomKeyGenerator.access$1100(RandomKeyGenerator.java:88)
	at org.apache.hadoop.ozone.freon.RandomKeyGenerator$ObjectCreator.run(RandomKeyGenerator.java:615)
	at java.util.concurrent.Executors$RunnableAdapter.call(Executors.java:511)
	at java.util.concurrent.FutureTask.run(FutureTask.java:266)
	at java.util.concurrent.ThreadPoolExecutor.runWorker(ThreadPoolExecutor.java:1149)
	at java.util.concurrent.ThreadPoolExecutor$Worker.run(ThreadPoolExecutor.java:624)
	at java.lang.Thread.run(Thread.java:748)
 0.00% |█                                                                                                    |  0/1 Time: 0:00:02 0.00% |█                                                                                                    |  0/1 Time: 0:00:03 0.00% |█                                                                                                    |  0/1 Time: 0:00:042019-09-26 13:36:20,709 [Thread-211] INFO  impl.FollowerState (FollowerState.java:run(106)) - eded3bc9-84b9-4250-ab82-94085e7bf343:group-7AC2547ECDC3 changes to CANDIDATE, lastRpcTime:5021, electionTimeout:5020ms
2019-09-26 13:36:20,713 [Thread-211] INFO  impl.RoleInfo (RoleInfo.java:shutdownFollowerState(121)) - eded3bc9-84b9-4250-ab82-94085e7bf343: shutdown FollowerState
2019-09-26 13:36:20,713 [Thread-211] INFO  impl.RaftServerImpl (RaftServerImpl.java:setRole(174)) - eded3bc9-84b9-4250-ab82-94085e7bf343@group-7AC2547ECDC3: changes role from  FOLLOWER to CANDIDATE at term 0 for changeToCandidate
2019-09-26 13:36:20,721 [Thread-211] INFO  impl.RoleInfo (RoleInfo.java:updateAndGet(143)) - eded3bc9-84b9-4250-ab82-94085e7bf343: start LeaderElection
2019-09-26 13:36:20,742 [eded3bc9-84b9-4250-ab82-94085e7bf343@group-7AC2547ECDC3:LeaderElection1] INFO  impl.LeaderElection (LeaderElection.java:askForVotes(182)) - eded3bc9-84b9-4250-ab82-94085e7bf343@group-7AC2547ECDC3:LeaderElection1: begin an election at term 1 for -1: [eded3bc9-84b9-4250-ab82-94085e7bf343:192.168.164.238:43918], old=null
2019-09-26 13:36:20,744 [eded3bc9-84b9-4250-ab82-94085e7bf343@group-7AC2547ECDC3:LeaderElection1] INFO  impl.RoleInfo (RoleInfo.java:shutdownLeaderElection(134)) - eded3bc9-84b9-4250-ab82-94085e7bf343: shutdown LeaderElection
2019-09-26 13:36:20,745 [eded3bc9-84b9-4250-ab82-94085e7bf343@group-7AC2547ECDC3:LeaderElection1] INFO  impl.RaftServerImpl (RaftServerImpl.java:setRole(174)) - eded3bc9-84b9-4250-ab82-94085e7bf343@group-7AC2547ECDC3: changes role from CANDIDATE to LEADER at term 1 for changeToLeader
2019-09-26 13:36:20,745 [eded3bc9-84b9-4250-ab82-94085e7bf343@group-7AC2547ECDC3:LeaderElection1] INFO  impl.RaftServerImpl (ServerState.java:setLeader(253)) - eded3bc9-84b9-4250-ab82-94085e7bf343@group-7AC2547ECDC3: change Leader from null to eded3bc9-84b9-4250-ab82-94085e7bf343 at term 1 for becomeLeader, leader elected after 5185ms
2019-09-26 13:36:20,755 [eded3bc9-84b9-4250-ab82-94085e7bf343@group-7AC2547ECDC3:LeaderElection1] INFO  server.RaftServerConfigKeys (ConfUtils.java:logGet(43)) - raft.server.staging.catchup.gap = 1000 (default)
2019-09-26 13:36:20,756 [eded3bc9-84b9-4250-ab82-94085e7bf343@group-7AC2547ECDC3:LeaderElection1] INFO  server.RaftServerConfigKeys (ConfUtils.java:logGet(43)) - raft.server.rpc.sleep.time = 25ms (default)
2019-09-26 13:36:20,760 [eded3bc9-84b9-4250-ab82-94085e7bf343@group-7AC2547ECDC3:LeaderElection1] INFO  server.RaftServerConfigKeys (ConfUtils.java:logGet(43)) - raft.server.write.element-limit = 4096 (default)
2019-09-26 13:36:20,763 [eded3bc9-84b9-4250-ab82-94085e7bf343@group-7AC2547ECDC3:LeaderElection1] INFO  server.RaftServerConfigKeys (ConfUtils.java:logGet(43)) - raft.server.watch.timeout = 10s (default)
2019-09-26 13:36:20,763 [eded3bc9-84b9-4250-ab82-94085e7bf343@group-7AC2547ECDC3:LeaderElection1] INFO  server.RaftServerConfigKeys (ConfUtils.java:logGet(43)) - raft.server.watch.timeout.denomination = 1s (default)
2019-09-26 13:36:20,764 [eded3bc9-84b9-4250-ab82-94085e7bf343@group-7AC2547ECDC3:LeaderElection1] INFO  server.RaftServerConfigKeys (ConfUtils.java:logGet(43)) - raft.server.watch.element-limit = 65536 (default)
2019-09-26 13:36:20,778 [eded3bc9-84b9-4250-ab82-94085e7bf343@group-7AC2547ECDC3:LeaderElection1] INFO  impl.RoleInfo (RoleInfo.java:updateAndGet(143)) - eded3bc9-84b9-4250-ab82-94085e7bf343: start LeaderState
2019-09-26 13:36:20,804 [eded3bc9-84b9-4250-ab82-94085e7bf343@group-7AC2547ECDC3:LeaderElection1] INFO  segmented.SegmentedRaftLogWorker (SegmentedRaftLogWorker.java:startLogSegment(380)) - eded3bc9-84b9-4250-ab82-94085e7bf343@group-7AC2547ECDC3-SegmentedRaftLogWorker: Starting segment from index:0
2019-09-26 13:36:20,818 [eded3bc9-84b9-4250-ab82-94085e7bf343@group-7AC2547ECDC3:LeaderElection1] INFO  impl.RaftServerImpl (ServerState.java:setRaftConf(354)) - eded3bc9-84b9-4250-ab82-94085e7bf343@group-7AC2547ECDC3: set configuration 0: [eded3bc9-84b9-4250-ab82-94085e7bf343:192.168.164.238:43918], old=null at 0
2019-09-26 13:36:21,007 [Thread-215] INFO  impl.FollowerState (FollowerState.java:run(106)) - 0846c5d9-d8fd-49e0-9805-817523babe5a:group-A183F00CB9A3 changes to CANDIDATE, lastRpcTime:5137, electionTimeout:5136ms
2019-09-26 13:36:21,016 [Thread-215] INFO  impl.RoleInfo (RoleInfo.java:shutdownFollowerState(121)) - 0846c5d9-d8fd-49e0-9805-817523babe5a: shutdown FollowerState
2019-09-26 13:36:21,016 [Thread-215] INFO  impl.RaftServerImpl (RaftServerImpl.java:setRole(174)) - 0846c5d9-d8fd-49e0-9805-817523babe5a@group-A183F00CB9A3: changes role from  FOLLOWER to CANDIDATE at term 0 for changeToCandidate
2019-09-26 13:36:21,017 [Thread-215] INFO  impl.RoleInfo (RoleInfo.java:updateAndGet(143)) - 0846c5d9-d8fd-49e0-9805-817523babe5a: start LeaderElection
2019-09-26 13:36:21,030 [eded3bc9-84b9-4250-ab82-94085e7bf343@group-7AC2547ECDC3-SegmentedRaftLogWorker] INFO  segmented.SegmentedRaftLogWorker (SegmentedRaftLogWorker.java:execute(569)) - eded3bc9-84b9-4250-ab82-94085e7bf343@group-7AC2547ECDC3-SegmentedRaftLogWorker: created new log segment /workdir/hadoop-ozone/tools/target/test-dir/MiniOzoneClusterImpl-9370444f-6a38-4216-baa9-a19329eb6ac6/datanode-0/data/ratis/6d28a23c-408b-430f-b300-7ac2547ecdc3/current/log_inprogress_0
2019-09-26 13:36:21,030 [0846c5d9-d8fd-49e0-9805-817523babe5a@group-A183F00CB9A3:LeaderElection2] INFO  impl.LeaderElection (LeaderElection.java:askForVotes(182)) - 0846c5d9-d8fd-49e0-9805-817523babe5a@group-A183F00CB9A3:LeaderElection2: begin an election at term 1 for -1: [0846c5d9-d8fd-49e0-9805-817523babe5a:192.168.164.238:38031], old=null
2019-09-26 13:36:21,039 [0846c5d9-d8fd-49e0-9805-817523babe5a@group-A183F00CB9A3:LeaderElection2] INFO  impl.RoleInfo (RoleInfo.java:shutdownLeaderElection(134)) - 0846c5d9-d8fd-49e0-9805-817523babe5a: shutdown LeaderElection
2019-09-26 13:36:21,039 [0846c5d9-d8fd-49e0-9805-817523babe5a@group-A183F00CB9A3:LeaderElection2] INFO  impl.RaftServerImpl (RaftServerImpl.java:setRole(174)) - 0846c5d9-d8fd-49e0-9805-817523babe5a@group-A183F00CB9A3: changes role from CANDIDATE to LEADER at term 1 for changeToLeader
2019-09-26 13:36:21,039 [0846c5d9-d8fd-49e0-9805-817523babe5a@group-A183F00CB9A3:LeaderElection2] INFO  impl.RaftServerImpl (ServerState.java:setLeader(253)) - 0846c5d9-d8fd-49e0-9805-817523babe5a@group-A183F00CB9A3: change Leader from null to 0846c5d9-d8fd-49e0-9805-817523babe5a at term 1 for becomeLeader, leader elected after 5183ms
2019-09-26 13:36:21,042 [0846c5d9-d8fd-49e0-9805-817523babe5a@group-A183F00CB9A3:LeaderElection2] INFO  server.RaftServerConfigKeys (ConfUtils.java:logGet(43)) - raft.server.staging.catchup.gap = 1000 (default)
2019-09-26 13:36:21,042 [0846c5d9-d8fd-49e0-9805-817523babe5a@group-A183F00CB9A3:LeaderElection2] INFO  server.RaftServerConfigKeys (ConfUtils.java:logGet(43)) - raft.server.rpc.sleep.time = 25ms (default)
2019-09-26 13:36:21,042 [0846c5d9-d8fd-49e0-9805-817523babe5a@group-A183F00CB9A3:LeaderElection2] INFO  server.RaftServerConfigKeys (ConfUtils.java:logGet(43)) - raft.server.write.element-limit = 4096 (default)
2019-09-26 13:36:21,042 [0846c5d9-d8fd-49e0-9805-817523babe5a@group-A183F00CB9A3:LeaderElection2] INFO  server.RaftServerConfigKeys (ConfUtils.java:logGet(43)) - raft.server.watch.timeout = 10s (default)
2019-09-26 13:36:21,042 [0846c5d9-d8fd-49e0-9805-817523babe5a@group-A183F00CB9A3:LeaderElection2] INFO  server.RaftServerConfigKeys (ConfUtils.java:logGet(43)) - raft.server.watch.timeout.denomination = 1s (default)
2019-09-26 13:36:21,043 [0846c5d9-d8fd-49e0-9805-817523babe5a@group-A183F00CB9A3:LeaderElection2] INFO  server.RaftServerConfigKeys (ConfUtils.java:logGet(43)) - raft.server.watch.element-limit = 65536 (default)
2019-09-26 13:36:21,046 [0846c5d9-d8fd-49e0-9805-817523babe5a@group-A183F00CB9A3:LeaderElection2] INFO  impl.RoleInfo (RoleInfo.java:updateAndGet(143)) - 0846c5d9-d8fd-49e0-9805-817523babe5a: start LeaderState
2019-09-26 13:36:21,046 [0846c5d9-d8fd-49e0-9805-817523babe5a@group-A183F00CB9A3:LeaderElection2] INFO  segmented.SegmentedRaftLogWorker (SegmentedRaftLogWorker.java:startLogSegment(380)) - 0846c5d9-d8fd-49e0-9805-817523babe5a@group-A183F00CB9A3-SegmentedRaftLogWorker: Starting segment from index:0
2019-09-26 13:36:21,047 [0846c5d9-d8fd-49e0-9805-817523babe5a@group-A183F00CB9A3:LeaderElection2] INFO  impl.RaftServerImpl (ServerState.java:setRaftConf(354)) - 0846c5d9-d8fd-49e0-9805-817523babe5a@group-A183F00CB9A3: set configuration 0: [0846c5d9-d8fd-49e0-9805-817523babe5a:192.168.164.238:38031], old=null at 0
2019-09-26 13:36:21,097 [0846c5d9-d8fd-49e0-9805-817523babe5a@group-A183F00CB9A3-SegmentedRaftLogWorker] INFO  segmented.SegmentedRaftLogWorker (SegmentedRaftLogWorker.java:execute(569)) - 0846c5d9-d8fd-49e0-9805-817523babe5a@group-A183F00CB9A3-SegmentedRaftLogWorker: created new log segment /workdir/hadoop-ozone/tools/target/test-dir/MiniOzoneClusterImpl-9370444f-6a38-4216-baa9-a19329eb6ac6/datanode-1/data/ratis/f2153972-0196-4742-9cd8-a183f00cb9a3/current/log_inprogress_0
2019-09-26 13:36:21,131 [Thread-218] INFO  impl.FollowerState (FollowerState.java:run(106)) - 346062cc-ad15-42e2-9beb-d47eb155c827:group-CDF18DFC60AD changes to CANDIDATE, lastRpcTime:5133, electionTimeout:5129ms
 100.00% |█████████████████████████████████████████████████████████████████████████████████████████████████████|  1/1 Time: 0:00:05
2019-09-26 13:36:21,131 [Thread-218] INFO  impl.RoleInfo (RoleInfo.java:shutdownFollowerState(121)) - 346062cc-ad15-42e2-9beb-d47eb155c827: shutdown FollowerState
2019-09-26 13:36:21,133 [Thread-218] INFO  impl.RaftServerImpl (RaftServerImpl.java:setRole(174)) - 346062cc-ad15-42e2-9beb-d47eb155c827@group-CDF18DFC60AD: changes role from  FOLLOWER to CANDIDATE at term 0 for changeToCandidate
2019-09-26 13:36:21,135 [Thread-218] INFO  impl.RoleInfo (RoleInfo.java:updateAndGet(143)) - 346062cc-ad15-42e2-9beb-d47eb155c827: start LeaderElection
2019-09-26 13:36:21,159 [346062cc-ad15-42e2-9beb-d47eb155c827@group-CDF18DFC60AD:LeaderElection3] INFO  impl.LeaderElection (LeaderElection.java:askForVotes(182)) - 346062cc-ad15-42e2-9beb-d47eb155c827@group-CDF18DFC60AD:LeaderElection3: begin an election at term 1 for -1: [346062cc-ad15-42e2-9beb-d47eb155c827:192.168.164.238:43674], old=null
2019-09-26 13:36:21,161 [346062cc-ad15-42e2-9beb-d47eb155c827@group-CDF18DFC60AD:LeaderElection3] INFO  impl.RoleInfo (RoleInfo.java:shutdownLeaderElection(134)) - 346062cc-ad15-42e2-9beb-d47eb155c827: shutdown LeaderElection
2019-09-26 13:36:21,161 [346062cc-ad15-42e2-9beb-d47eb155c827@group-CDF18DFC60AD:LeaderElection3] INFO  impl.RaftServerImpl (RaftServerImpl.java:setRole(174)) - 346062cc-ad15-42e2-9beb-d47eb155c827@group-CDF18DFC60AD: changes role from CANDIDATE to LEADER at term 1 for changeToLeader
2019-09-26 13:36:21,161 [346062cc-ad15-42e2-9beb-d47eb155c827@group-CDF18DFC60AD:LeaderElection3] INFO  impl.RaftServerImpl (ServerState.java:setLeader(253)) - 346062cc-ad15-42e2-9beb-d47eb155c827@group-CDF18DFC60AD: change Leader from null to 346062cc-ad15-42e2-9beb-d47eb155c827 at term 1 for becomeLeader, leader elected after 5203ms
2019-09-26 13:36:21,163 [346062cc-ad15-42e2-9beb-d47eb155c827@group-CDF18DFC60AD:LeaderElection3] INFO  server.RaftServerConfigKeys (ConfUtils.java:logGet(43)) - raft.server.staging.catchup.gap = 1000 (default)
2019-09-26 13:36:21,163 [346062cc-ad15-42e2-9beb-d47eb155c827@group-CDF18DFC60AD:LeaderElection3] INFO  server.RaftServerConfigKeys (ConfUtils.java:logGet(43)) - raft.server.rpc.sleep.time = 25ms (default)
2019-09-26 13:36:21,163 [346062cc-ad15-42e2-9beb-d47eb155c827@group-CDF18DFC60AD:LeaderElection3] INFO  server.RaftServerConfigKeys (ConfUtils.java:logGet(43)) - raft.server.write.element-limit = 4096 (default)
2019-09-26 13:36:21,163 [346062cc-ad15-42e2-9beb-d47eb155c827@group-CDF18DFC60AD:LeaderElection3] INFO  server.RaftServerConfigKeys (ConfUtils.java:logGet(43)) - raft.server.watch.timeout = 10s (default)
2019-09-26 13:36:21,164 [346062cc-ad15-42e2-9beb-d47eb155c827@group-CDF18DFC60AD:LeaderElection3] INFO  server.RaftServerConfigKeys (ConfUtils.java:logGet(43)) - raft.server.watch.timeout.denomination = 1s (default)
2019-09-26 13:36:21,164 [346062cc-ad15-42e2-9beb-d47eb155c827@group-CDF18DFC60AD:LeaderElection3] INFO  server.RaftServerConfigKeys (ConfUtils.java:logGet(43)) - raft.server.watch.element-limit = 65536 (default)
2019-09-26 13:36:21,167 [346062cc-ad15-42e2-9beb-d47eb155c827@group-CDF18DFC60AD:LeaderElection3] INFO  impl.RoleInfo (RoleInfo.java:updateAndGet(143)) - 346062cc-ad15-42e2-9beb-d47eb155c827: start LeaderState
2019-09-26 13:36:21,168 [346062cc-ad15-42e2-9beb-d47eb155c827@group-CDF18DFC60AD:LeaderElection3] INFO  segmented.SegmentedRaftLogWorker (SegmentedRaftLogWorker.java:startLogSegment(380)) - 346062cc-ad15-42e2-9beb-d47eb155c827@group-CDF18DFC60AD-SegmentedRaftLogWorker: Starting segment from index:0
2019-09-26 13:36:21,168 [346062cc-ad15-42e2-9beb-d47eb155c827@group-CDF18DFC60AD:LeaderElection3] INFO  impl.RaftServerImpl (ServerState.java:setRaftConf(354)) - 346062cc-ad15-42e2-9beb-d47eb155c827@group-CDF18DFC60AD: set configuration 0: [346062cc-ad15-42e2-9beb-d47eb155c827:192.168.164.238:43674], old=null at 0
2019-09-26 13:36:21,217 [Thread-225] INFO  impl.FollowerState (FollowerState.java:run(106)) - eded3bc9-84b9-4250-ab82-94085e7bf343:group-57367370BBAC changes to CANDIDATE, lastRpcTime:5149, electionTimeout:5149ms
2019-09-26 13:36:21,218 [Thread-225] INFO  impl.RoleInfo (RoleInfo.java:shutdownFollowerState(121)) - eded3bc9-84b9-4250-ab82-94085e7bf343: shutdown FollowerState
2019-09-26 13:36:21,218 [Thread-225] INFO  impl.RaftServerImpl (RaftServerImpl.java:setRole(174)) - eded3bc9-84b9-4250-ab82-94085e7bf343@group-57367370BBAC: changes role from  FOLLOWER to CANDIDATE at term 0 for changeToCandidate
2019-09-26 13:36:21,218 [346062cc-ad15-42e2-9beb-d47eb155c827@group-CDF18DFC60AD-SegmentedRaftLogWorker] INFO  segmented.SegmentedRaftLogWorker (SegmentedRaftLogWorker.java:execute(569)) - 346062cc-ad15-42e2-9beb-d47eb155c827@group-CDF18DFC60AD-SegmentedRaftLogWorker: created new log segment /workdir/hadoop-ozone/tools/target/test-dir/MiniOzoneClusterImpl-9370444f-6a38-4216-baa9-a19329eb6ac6/datanode-4/data/ratis/edcd3e9f-6fc5-4d63-9904-cdf18dfc60ad/current/log_inprogress_0
2019-09-26 13:36:21,218 [Thread-225] INFO  impl.RoleInfo (RoleInfo.java:updateAndGet(143)) - eded3bc9-84b9-4250-ab82-94085e7bf343: start LeaderElection
2019-09-26 13:36:21,231 [eded3bc9-84b9-4250-ab82-94085e7bf343@group-57367370BBAC:LeaderElection4] INFO  impl.LeaderElection (LeaderElection.java:askForVotes(182)) - eded3bc9-84b9-4250-ab82-94085e7bf343@group-57367370BBAC:LeaderElection4: begin an election at term 1 for -1: [eded3bc9-84b9-4250-ab82-94085e7bf343:192.168.164.238:43918], old=null
2019-09-26 13:36:21,232 [eded3bc9-84b9-4250-ab82-94085e7bf343@group-57367370BBAC:LeaderElection4] INFO  impl.RoleInfo (RoleInfo.java:shutdownLeaderElection(134)) - eded3bc9-84b9-4250-ab82-94085e7bf343: shutdown LeaderElection
2019-09-26 13:36:21,232 [eded3bc9-84b9-4250-ab82-94085e7bf343@group-57367370BBAC:LeaderElection4] INFO  impl.RaftServerImpl (RaftServerImpl.java:setRole(174)) - eded3bc9-84b9-4250-ab82-94085e7bf343@group-57367370BBAC: changes role from CANDIDATE to LEADER at term 1 for changeToLeader
2019-09-26 13:36:21,232 [eded3bc9-84b9-4250-ab82-94085e7bf343@group-57367370BBAC:LeaderElection4] INFO  impl.RaftServerImpl (ServerState.java:setLeader(253)) - eded3bc9-84b9-4250-ab82-94085e7bf343@group-57367370BBAC: change Leader from null to eded3bc9-84b9-4250-ab82-94085e7bf343 at term 1 for becomeLeader, leader elected after 5172ms
2019-09-26 13:36:21,232 [eded3bc9-84b9-4250-ab82-94085e7bf343@group-57367370BBAC:LeaderElection4] INFO  server.RaftServerConfigKeys (ConfUtils.java:logGet(43)) - raft.server.staging.catchup.gap = 1000 (default)
2019-09-26 13:36:21,232 [eded3bc9-84b9-4250-ab82-94085e7bf343@group-57367370BBAC:LeaderElection4] INFO  server.RaftServerConfigKeys (ConfUtils.java:logGet(43)) - raft.server.rpc.sleep.time = 25ms (default)
2019-09-26 13:36:21,233 [eded3bc9-84b9-4250-ab82-94085e7bf343@group-57367370BBAC:LeaderElection4] INFO  server.RaftServerConfigKeys (ConfUtils.java:logGet(43)) - raft.server.write.element-limit = 4096 (default)
2019-09-26 13:36:21,233 [eded3bc9-84b9-4250-ab82-94085e7bf343@group-57367370BBAC:LeaderElection4] INFO  server.RaftServerConfigKeys (ConfUtils.java:logGet(43)) - raft.server.watch.timeout = 10s (default)
2019-09-26 13:36:21,233 [eded3bc9-84b9-4250-ab82-94085e7bf343@group-57367370BBAC:LeaderElection4] INFO  server.RaftServerConfigKeys (ConfUtils.java:logGet(43)) - raft.server.watch.timeout.denomination = 1s (default)
2019-09-26 13:36:21,233 [eded3bc9-84b9-4250-ab82-94085e7bf343@group-57367370BBAC:LeaderElection4] INFO  server.RaftServerConfigKeys (ConfUtils.java:logGet(43)) - raft.server.watch.element-limit = 65536 (default)
2019-09-26 13:36:21,236 [eded3bc9-84b9-4250-ab82-94085e7bf343@group-57367370BBAC:LeaderElection4] INFO  impl.RoleInfo (RoleInfo.java:updateAndGet(143)) - eded3bc9-84b9-4250-ab82-94085e7bf343: start LeaderState
2019-09-26 13:36:21,236 [eded3bc9-84b9-4250-ab82-94085e7bf343@group-57367370BBAC:LeaderElection4] INFO  segmented.SegmentedRaftLogWorker (SegmentedRaftLogWorker.java:startLogSegment(380)) - eded3bc9-84b9-4250-ab82-94085e7bf343@group-57367370BBAC-SegmentedRaftLogWorker: Starting segment from index:0
2019-09-26 13:36:21,237 [eded3bc9-84b9-4250-ab82-94085e7bf343@group-57367370BBAC:LeaderElection4] INFO  impl.RaftServerImpl (ServerState.java:setRaftConf(354)) - eded3bc9-84b9-4250-ab82-94085e7bf343@group-57367370BBAC: set configuration 0: [eded3bc9-84b9-4250-ab82-94085e7bf343:192.168.164.238:43918], old=null at 0
2019-09-26 13:36:21,291 [eded3bc9-84b9-4250-ab82-94085e7bf343@group-57367370BBAC-SegmentedRaftLogWorker] INFO  segmented.SegmentedRaftLogWorker (SegmentedRaftLogWorker.java:execute(569)) - eded3bc9-84b9-4250-ab82-94085e7bf343@group-57367370BBAC-SegmentedRaftLogWorker: created new log segment /workdir/hadoop-ozone/tools/target/test-dir/MiniOzoneClusterImpl-9370444f-6a38-4216-baa9-a19329eb6ac6/datanode-0/data/ratis/afd2f917-90f0-4212-bb70-57367370bbac/current/log_inprogress_0
2019-09-26 13:36:21,305 [Thread-228] INFO  impl.FollowerState (FollowerState.java:run(106)) - 1d0de9a6-3b8a-4f01-86ad-2ac4521aa9e5:group-0F849D0C87F7 changes to CANDIDATE, lastRpcTime:5144, electionTimeout:5144ms
2019-09-26 13:36:21,306 [Thread-228] INFO  impl.RoleInfo (RoleInfo.java:shutdownFollowerState(121)) - 1d0de9a6-3b8a-4f01-86ad-2ac4521aa9e5: shutdown FollowerState
2019-09-26 13:36:21,306 [Thread-228] INFO  impl.RaftServerImpl (RaftServerImpl.java:setRole(174)) - 1d0de9a6-3b8a-4f01-86ad-2ac4521aa9e5@group-0F849D0C87F7: changes role from  FOLLOWER to CANDIDATE at term 0 for changeToCandidate
2019-09-26 13:36:21,306 [Thread-228] INFO  impl.RoleInfo (RoleInfo.java:updateAndGet(143)) - 1d0de9a6-3b8a-4f01-86ad-2ac4521aa9e5: start LeaderElection
2019-09-26 13:36:21,322 [1d0de9a6-3b8a-4f01-86ad-2ac4521aa9e5@group-0F849D0C87F7:LeaderElection5] INFO  impl.LeaderElection (LeaderElection.java:askForVotes(182)) - 1d0de9a6-3b8a-4f01-86ad-2ac4521aa9e5@group-0F849D0C87F7:LeaderElection5: begin an election at term 1 for -1: [1d0de9a6-3b8a-4f01-86ad-2ac4521aa9e5:192.168.164.238:45430], old=null
2019-09-26 13:36:21,322 [1d0de9a6-3b8a-4f01-86ad-2ac4521aa9e5@group-0F849D0C87F7:LeaderElection5] INFO  impl.RoleInfo (RoleInfo.java:shutdownLeaderElection(134)) - 1d0de9a6-3b8a-4f01-86ad-2ac4521aa9e5: shutdown LeaderElection
2019-09-26 13:36:21,322 [1d0de9a6-3b8a-4f01-86ad-2ac4521aa9e5@group-0F849D0C87F7:LeaderElection5] INFO  impl.RaftServerImpl (RaftServerImpl.java:setRole(174)) - 1d0de9a6-3b8a-4f01-86ad-2ac4521aa9e5@group-0F849D0C87F7: changes role from CANDIDATE to LEADER at term 1 for changeToLeader
2019-09-26 13:36:21,322 [1d0de9a6-3b8a-4f01-86ad-2ac4521aa9e5@group-0F849D0C87F7:LeaderElection5] INFO  impl.RaftServerImpl (ServerState.java:setLeader(253)) - 1d0de9a6-3b8a-4f01-86ad-2ac4521aa9e5@group-0F849D0C87F7: change Leader from null to 1d0de9a6-3b8a-4f01-86ad-2ac4521aa9e5 at term 1 for becomeLeader, leader elected after 5173ms
2019-09-26 13:36:21,324 [1d0de9a6-3b8a-4f01-86ad-2ac4521aa9e5@group-0F849D0C87F7:LeaderElection5] INFO  server.RaftServerConfigKeys (ConfUtils.java:logGet(43)) - raft.server.staging.catchup.gap = 1000 (default)
2019-09-26 13:36:21,324 [1d0de9a6-3b8a-4f01-86ad-2ac4521aa9e5@group-0F849D0C87F7:LeaderElection5] INFO  server.RaftServerConfigKeys (ConfUtils.java:logGet(43)) - raft.server.rpc.sleep.time = 25ms (default)
2019-09-26 13:36:21,324 [1d0de9a6-3b8a-4f01-86ad-2ac4521aa9e5@group-0F849D0C87F7:LeaderElection5] INFO  server.RaftServerConfigKeys (ConfUtils.java:logGet(43)) - raft.server.write.element-limit = 4096 (default)
2019-09-26 13:36:21,324 [1d0de9a6-3b8a-4f01-86ad-2ac4521aa9e5@group-0F849D0C87F7:LeaderElection5] INFO  server.RaftServerConfigKeys (ConfUtils.java:logGet(43)) - raft.server.watch.timeout = 10s (default)
2019-09-26 13:36:21,325 [1d0de9a6-3b8a-4f01-86ad-2ac4521aa9e5@group-0F849D0C87F7:LeaderElection5] INFO  server.RaftServerConfigKeys (ConfUtils.java:logGet(43)) - raft.server.watch.timeout.denomination = 1s (default)
2019-09-26 13:36:21,325 [1d0de9a6-3b8a-4f01-86ad-2ac4521aa9e5@group-0F849D0C87F7:LeaderElection5] INFO  server.RaftServerConfigKeys (ConfUtils.java:logGet(43)) - raft.server.watch.element-limit = 65536 (default)
2019-09-26 13:36:21,327 [1d0de9a6-3b8a-4f01-86ad-2ac4521aa9e5@group-0F849D0C87F7:LeaderElection5] INFO  impl.RoleInfo (RoleInfo.java:updateAndGet(143)) - 1d0de9a6-3b8a-4f01-86ad-2ac4521aa9e5: start LeaderState
2019-09-26 13:36:21,327 [1d0de9a6-3b8a-4f01-86ad-2ac4521aa9e5@group-0F849D0C87F7:LeaderElection5] INFO  segmented.SegmentedRaftLogWorker (SegmentedRaftLogWorker.java:startLogSegment(380)) - 1d0de9a6-3b8a-4f01-86ad-2ac4521aa9e5@group-0F849D0C87F7-SegmentedRaftLogWorker: Starting segment from index:0
2019-09-26 13:36:21,328 [1d0de9a6-3b8a-4f01-86ad-2ac4521aa9e5@group-0F849D0C87F7:LeaderElection5] INFO  impl.RaftServerImpl (ServerState.java:setRaftConf(354)) - 1d0de9a6-3b8a-4f01-86ad-2ac4521aa9e5@group-0F849D0C87F7: set configuration 0: [1d0de9a6-3b8a-4f01-86ad-2ac4521aa9e5:192.168.164.238:45430], old=null at 0
2019-09-26 13:36:21,370 [Thread-231] INFO  impl.FollowerState (FollowerState.java:run(106)) - 0846c5d9-d8fd-49e0-9805-817523babe5a:group-41D272473208 changes to CANDIDATE, lastRpcTime:5140, electionTimeout:5128ms
2019-09-26 13:36:21,371 [Thread-231] INFO  impl.RoleInfo (RoleInfo.java:shutdownFollowerState(121)) - 0846c5d9-d8fd-49e0-9805-817523babe5a: shutdown FollowerState
2019-09-26 13:36:21,371 [Thread-231] INFO  impl.RaftServerImpl (RaftServerImpl.java:setRole(174)) - 0846c5d9-d8fd-49e0-9805-817523babe5a@group-41D272473208: changes role from  FOLLOWER to CANDIDATE at term 0 for changeToCandidate
2019-09-26 13:36:21,371 [Thread-231] INFO  impl.RoleInfo (RoleInfo.java:updateAndGet(143)) - 0846c5d9-d8fd-49e0-9805-817523babe5a: start LeaderElection
2019-09-26 13:36:21,384 [0846c5d9-d8fd-49e0-9805-817523babe5a@group-41D272473208:LeaderElection6] INFO  impl.LeaderElection (LeaderElection.java:askForVotes(182)) - 0846c5d9-d8fd-49e0-9805-817523babe5a@group-41D272473208:LeaderElection6: begin an election at term 1 for -1: [0846c5d9-d8fd-49e0-9805-817523babe5a:192.168.164.238:38031], old=null
2019-09-26 13:36:21,384 [1d0de9a6-3b8a-4f01-86ad-2ac4521aa9e5@group-0F849D0C87F7-SegmentedRaftLogWorker] INFO  segmented.SegmentedRaftLogWorker (SegmentedRaftLogWorker.java:execute(569)) - 1d0de9a6-3b8a-4f01-86ad-2ac4521aa9e5@group-0F849D0C87F7-SegmentedRaftLogWorker: created new log segment /workdir/hadoop-ozone/tools/target/test-dir/MiniOzoneClusterImpl-9370444f-6a38-4216-baa9-a19329eb6ac6/datanode-2/data/ratis/086dd56a-26b9-440a-b1de-0f849d0c87f7/current/log_inprogress_0
2019-09-26 13:36:21,385 [0846c5d9-d8fd-49e0-9805-817523babe5a@group-41D272473208:LeaderElection6] INFO  impl.RoleInfo (RoleInfo.java:shutdownLeaderElection(134)) - 0846c5d9-d8fd-49e0-9805-817523babe5a: shutdown LeaderElection
2019-09-26 13:36:21,385 [0846c5d9-d8fd-49e0-9805-817523babe5a@group-41D272473208:LeaderElection6] INFO  impl.RaftServerImpl (RaftServerImpl.java:setRole(174)) - 0846c5d9-d8fd-49e0-9805-817523babe5a@group-41D272473208: changes role from CANDIDATE to LEADER at term 1 for changeToLeader
2019-09-26 13:36:21,385 [0846c5d9-d8fd-49e0-9805-817523babe5a@group-41D272473208:LeaderElection6] INFO  impl.RaftServerImpl (ServerState.java:setLeader(253)) - 0846c5d9-d8fd-49e0-9805-817523babe5a@group-41D272473208: change Leader from null to 0846c5d9-d8fd-49e0-9805-817523babe5a at term 1 for becomeLeader, leader elected after 5164ms
2019-09-26 13:36:21,385 [0846c5d9-d8fd-49e0-9805-817523babe5a@group-41D272473208:LeaderElection6] INFO  server.RaftServerConfigKeys (ConfUtils.java:logGet(43)) - raft.server.staging.catchup.gap = 1000 (default)
2019-09-26 13:36:21,385 [0846c5d9-d8fd-49e0-9805-817523babe5a@group-41D272473208:LeaderElection6] INFO  server.RaftServerConfigKeys (ConfUtils.java:logGet(43)) - raft.server.rpc.sleep.time = 25ms (default)
2019-09-26 13:36:21,386 [0846c5d9-d8fd-49e0-9805-817523babe5a@group-41D272473208:LeaderElection6] INFO  server.RaftServerConfigKeys (ConfUtils.java:logGet(43)) - raft.server.write.element-limit = 4096 (default)
2019-09-26 13:36:21,386 [0846c5d9-d8fd-49e0-9805-817523babe5a@group-41D272473208:LeaderElection6] INFO  server.RaftServerConfigKeys (ConfUtils.java:logGet(43)) - raft.server.watch.timeout = 10s (default)
2019-09-26 13:36:21,386 [0846c5d9-d8fd-49e0-9805-817523babe5a@group-41D272473208:LeaderElection6] INFO  server.RaftServerConfigKeys (ConfUtils.java:logGet(43)) - raft.server.watch.timeout.denomination = 1s (default)
2019-09-26 13:36:21,386 [0846c5d9-d8fd-49e0-9805-817523babe5a@group-41D272473208:LeaderElection6] INFO  server.RaftServerConfigKeys (ConfUtils.java:logGet(43)) - raft.server.watch.element-limit = 65536 (default)
2019-09-26 13:36:21,389 [0846c5d9-d8fd-49e0-9805-817523babe5a@group-41D272473208:LeaderElection6] INFO  impl.RoleInfo (RoleInfo.java:updateAndGet(143)) - 0846c5d9-d8fd-49e0-9805-817523babe5a: start LeaderState
2019-09-26 13:36:21,389 [0846c5d9-d8fd-49e0-9805-817523babe5a@group-41D272473208:LeaderElection6] INFO  segmented.SegmentedRaftLogWorker (SegmentedRaftLogWorker.java:startLogSegment(380)) - 0846c5d9-d8fd-49e0-9805-817523babe5a@group-41D272473208-SegmentedRaftLogWorker: Starting segment from index:0
2019-09-26 13:36:21,389 [0846c5d9-d8fd-49e0-9805-817523babe5a@group-41D272473208:LeaderElection6] INFO  impl.RaftServerImpl (ServerState.java:setRaftConf(354)) - 0846c5d9-d8fd-49e0-9805-817523babe5a@group-41D272473208: set configuration 0: [0846c5d9-d8fd-49e0-9805-817523babe5a:192.168.164.238:38031], old=null at 0
2019-09-26 13:36:21,430 [Thread-237] INFO  impl.FollowerState (FollowerState.java:run(106)) - 1d0de9a6-3b8a-4f01-86ad-2ac4521aa9e5:group-B999D4577B51 changes to CANDIDATE, lastRpcTime:5072, electionTimeout:5069ms
2019-09-26 13:36:21,431 [Thread-237] INFO  impl.RoleInfo (RoleInfo.java:shutdownFollowerState(121)) - 1d0de9a6-3b8a-4f01-86ad-2ac4521aa9e5: shutdown FollowerState
2019-09-26 13:36:21,431 [Thread-237] INFO  impl.RaftServerImpl (RaftServerImpl.java:setRole(174)) - 1d0de9a6-3b8a-4f01-86ad-2ac4521aa9e5@group-B999D4577B51: changes role from  FOLLOWER to CANDIDATE at term 0 for changeToCandidate
2019-09-26 13:36:21,431 [Thread-237] INFO  impl.RoleInfo (RoleInfo.java:updateAndGet(143)) - 1d0de9a6-3b8a-4f01-86ad-2ac4521aa9e5: start LeaderElection
2019-09-26 13:36:21,444 [0846c5d9-d8fd-49e0-9805-817523babe5a@group-41D272473208-SegmentedRaftLogWorker] INFO  segmented.SegmentedRaftLogWorker (SegmentedRaftLogWorker.java:execute(569)) - 0846c5d9-d8fd-49e0-9805-817523babe5a@group-41D272473208-SegmentedRaftLogWorker: created new log segment /workdir/hadoop-ozone/tools/target/test-dir/MiniOzoneClusterImpl-9370444f-6a38-4216-baa9-a19329eb6ac6/datanode-1/data/ratis/55081559-b7f5-49c6-8422-41d272473208/current/log_inprogress_0
2019-09-26 13:36:21,444 [1d0de9a6-3b8a-4f01-86ad-2ac4521aa9e5@group-B999D4577B51:LeaderElection7] INFO  impl.LeaderElection (LeaderElection.java:askForVotes(182)) - 1d0de9a6-3b8a-4f01-86ad-2ac4521aa9e5@group-B999D4577B51:LeaderElection7: begin an election at term 1 for -1: [1d0de9a6-3b8a-4f01-86ad-2ac4521aa9e5:192.168.164.238:45430], old=null
2019-09-26 13:36:21,444 [1d0de9a6-3b8a-4f01-86ad-2ac4521aa9e5@group-B999D4577B51:LeaderElection7] INFO  impl.RoleInfo (RoleInfo.java:shutdownLeaderElection(134)) - 1d0de9a6-3b8a-4f01-86ad-2ac4521aa9e5: shutdown LeaderElection
2019-09-26 13:36:21,444 [1d0de9a6-3b8a-4f01-86ad-2ac4521aa9e5@group-B999D4577B51:LeaderElection7] INFO  impl.RaftServerImpl (RaftServerImpl.java:setRole(174)) - 1d0de9a6-3b8a-4f01-86ad-2ac4521aa9e5@group-B999D4577B51: changes role from CANDIDATE to LEADER at term 1 for changeToLeader
2019-09-26 13:36:21,445 [1d0de9a6-3b8a-4f01-86ad-2ac4521aa9e5@group-B999D4577B51:LeaderElection7] INFO  impl.RaftServerImpl (ServerState.java:setLeader(253)) - 1d0de9a6-3b8a-4f01-86ad-2ac4521aa9e5@group-B999D4577B51: change Leader from null to 1d0de9a6-3b8a-4f01-86ad-2ac4521aa9e5 at term 1 for becomeLeader, leader elected after 5091ms
2019-09-26 13:36:21,445 [1d0de9a6-3b8a-4f01-86ad-2ac4521aa9e5@group-B999D4577B51:LeaderElection7] INFO  server.RaftServerConfigKeys (ConfUtils.java:logGet(43)) - raft.server.staging.catchup.gap = 1000 (default)
2019-09-26 13:36:21,445 [1d0de9a6-3b8a-4f01-86ad-2ac4521aa9e5@group-B999D4577B51:LeaderElection7] INFO  server.RaftServerConfigKeys (ConfUtils.java:logGet(43)) - raft.server.rpc.sleep.time = 25ms (default)
2019-09-26 13:36:21,445 [1d0de9a6-3b8a-4f01-86ad-2ac4521aa9e5@group-B999D4577B51:LeaderElection7] INFO  server.RaftServerConfigKeys (ConfUtils.java:logGet(43)) - raft.server.write.element-limit = 4096 (default)
2019-09-26 13:36:21,445 [1d0de9a6-3b8a-4f01-86ad-2ac4521aa9e5@group-B999D4577B51:LeaderElection7] INFO  server.RaftServerConfigKeys (ConfUtils.java:logGet(43)) - raft.server.watch.timeout = 10s (default)
2019-09-26 13:36:21,446 [1d0de9a6-3b8a-4f01-86ad-2ac4521aa9e5@group-B999D4577B51:LeaderElection7] INFO  server.RaftServerConfigKeys (ConfUtils.java:logGet(43)) - raft.server.watch.timeout.denomination = 1s (default)
2019-09-26 13:36:21,446 [1d0de9a6-3b8a-4f01-86ad-2ac4521aa9e5@group-B999D4577B51:LeaderElection7] INFO  server.RaftServerConfigKeys (ConfUtils.java:logGet(43)) - raft.server.watch.element-limit = 65536 (default)
2019-09-26 13:36:21,449 [1d0de9a6-3b8a-4f01-86ad-2ac4521aa9e5@group-B999D4577B51:LeaderElection7] INFO  impl.RoleInfo (RoleInfo.java:updateAndGet(143)) - 1d0de9a6-3b8a-4f01-86ad-2ac4521aa9e5: start LeaderState
2019-09-26 13:36:21,449 [1d0de9a6-3b8a-4f01-86ad-2ac4521aa9e5@group-B999D4577B51:LeaderElection7] INFO  segmented.SegmentedRaftLogWorker (SegmentedRaftLogWorker.java:startLogSegment(380)) - 1d0de9a6-3b8a-4f01-86ad-2ac4521aa9e5@group-B999D4577B51-SegmentedRaftLogWorker: Starting segment from index:0
2019-09-26 13:36:21,450 [1d0de9a6-3b8a-4f01-86ad-2ac4521aa9e5@group-B999D4577B51:LeaderElection7] INFO  impl.RaftServerImpl (ServerState.java:setRaftConf(354)) - 1d0de9a6-3b8a-4f01-86ad-2ac4521aa9e5@group-B999D4577B51: set configuration 0: [1d0de9a6-3b8a-4f01-86ad-2ac4521aa9e5:192.168.164.238:45430], old=null at 0
2019-09-26 13:36:21,480 [Thread-240] INFO  impl.FollowerState (FollowerState.java:run(106)) - 782e32e3-c0a7-42e5-b748-90e00549b00d:group-48C9BBFE48AE changes to CANDIDATE, lastRpcTime:5054, electionTimeout:5054ms
2019-09-26 13:36:21,481 [Thread-240] INFO  impl.RoleInfo (RoleInfo.java:shutdownFollowerState(121)) - 782e32e3-c0a7-42e5-b748-90e00549b00d: shutdown FollowerState
2019-09-26 13:36:21,481 [Thread-240] INFO  impl.RaftServerImpl (RaftServerImpl.java:setRole(174)) - 782e32e3-c0a7-42e5-b748-90e00549b00d@group-48C9BBFE48AE: changes role from  FOLLOWER to CANDIDATE at term 0 for changeToCandidate
2019-09-26 13:36:21,481 [Thread-240] INFO  impl.RoleInfo (RoleInfo.java:updateAndGet(143)) - 782e32e3-c0a7-42e5-b748-90e00549b00d: start LeaderElection
2019-09-26 13:36:21,481 [Thread-234] INFO  impl.FollowerState (FollowerState.java:run(106)) - 782e32e3-c0a7-42e5-b748-90e00549b00d:group-CFBC9923484E changes to CANDIDATE, lastRpcTime:5182, electionTimeout:5182ms
2019-09-26 13:36:21,481 [Thread-234] INFO  impl.RoleInfo (RoleInfo.java:shutdownFollowerState(121)) - 782e32e3-c0a7-42e5-b748-90e00549b00d: shutdown FollowerState
2019-09-26 13:36:21,485 [Thread-234] INFO  impl.RaftServerImpl (RaftServerImpl.java:setRole(174)) - 782e32e3-c0a7-42e5-b748-90e00549b00d@group-CFBC9923484E: changes role from  FOLLOWER to CANDIDATE at term 0 for changeToCandidate
2019-09-26 13:36:21,485 [Thread-234] INFO  impl.RoleInfo (RoleInfo.java:updateAndGet(143)) - 782e32e3-c0a7-42e5-b748-90e00549b00d: start LeaderElection
2019-09-26 13:36:21,493 [1d0de9a6-3b8a-4f01-86ad-2ac4521aa9e5@group-B999D4577B51-SegmentedRaftLogWorker] INFO  segmented.SegmentedRaftLogWorker (SegmentedRaftLogWorker.java:execute(569)) - 1d0de9a6-3b8a-4f01-86ad-2ac4521aa9e5@group-B999D4577B51-SegmentedRaftLogWorker: created new log segment /workdir/hadoop-ozone/tools/target/test-dir/MiniOzoneClusterImpl-9370444f-6a38-4216-baa9-a19329eb6ac6/datanode-2/data/ratis/bfd0530e-2302-427e-9bdf-b999d4577b51/current/log_inprogress_0
2019-09-26 13:36:21,493 [782e32e3-c0a7-42e5-b748-90e00549b00d@group-CFBC9923484E:LeaderElection9] INFO  impl.LeaderElection (LeaderElection.java:askForVotes(182)) - 782e32e3-c0a7-42e5-b748-90e00549b00d@group-CFBC9923484E:LeaderElection9: begin an election at term 1 for -1: [782e32e3-c0a7-42e5-b748-90e00549b00d:192.168.164.238:33921], old=null
2019-09-26 13:36:21,493 [782e32e3-c0a7-42e5-b748-90e00549b00d@group-48C9BBFE48AE:LeaderElection8] INFO  impl.LeaderElection (LeaderElection.java:askForVotes(182)) - 782e32e3-c0a7-42e5-b748-90e00549b00d@group-48C9BBFE48AE:LeaderElection8: begin an election at term 1 for -1: [782e32e3-c0a7-42e5-b748-90e00549b00d:192.168.164.238:33921], old=null
2019-09-26 13:36:21,494 [782e32e3-c0a7-42e5-b748-90e00549b00d@group-CFBC9923484E:LeaderElection9] INFO  impl.RoleInfo (RoleInfo.java:shutdownLeaderElection(134)) - 782e32e3-c0a7-42e5-b748-90e00549b00d: shutdown LeaderElection
2019-09-26 13:36:21,494 [782e32e3-c0a7-42e5-b748-90e00549b00d@group-48C9BBFE48AE:LeaderElection8] INFO  impl.RoleInfo (RoleInfo.java:shutdownLeaderElection(134)) - 782e32e3-c0a7-42e5-b748-90e00549b00d: shutdown LeaderElection
2019-09-26 13:36:21,494 [782e32e3-c0a7-42e5-b748-90e00549b00d@group-CFBC9923484E:LeaderElection9] INFO  impl.RaftServerImpl (RaftServerImpl.java:setRole(174)) - 782e32e3-c0a7-42e5-b748-90e00549b00d@group-CFBC9923484E: changes role from CANDIDATE to LEADER at term 1 for changeToLeader
2019-09-26 13:36:21,494 [782e32e3-c0a7-42e5-b748-90e00549b00d@group-48C9BBFE48AE:LeaderElection8] INFO  impl.RaftServerImpl (RaftServerImpl.java:setRole(174)) - 782e32e3-c0a7-42e5-b748-90e00549b00d@group-48C9BBFE48AE: changes role from CANDIDATE to LEADER at term 1 for changeToLeader
2019-09-26 13:36:21,494 [782e32e3-c0a7-42e5-b748-90e00549b00d@group-CFBC9923484E:LeaderElection9] INFO  impl.RaftServerImpl (ServerState.java:setLeader(253)) - 782e32e3-c0a7-42e5-b748-90e00549b00d@group-CFBC9923484E: change Leader from null to 782e32e3-c0a7-42e5-b748-90e00549b00d at term 1 for becomeLeader, leader elected after 5205ms
2019-09-26 13:36:21,494 [782e32e3-c0a7-42e5-b748-90e00549b00d@group-48C9BBFE48AE:LeaderElection8] INFO  impl.RaftServerImpl (ServerState.java:setLeader(253)) - 782e32e3-c0a7-42e5-b748-90e00549b00d@group-48C9BBFE48AE: change Leader from null to 782e32e3-c0a7-42e5-b748-90e00549b00d at term 1 for becomeLeader, leader elected after 5077ms
2019-09-26 13:36:21,496 [782e32e3-c0a7-42e5-b748-90e00549b00d@group-CFBC9923484E:LeaderElection9] INFO  server.RaftServerConfigKeys (ConfUtils.java:logGet(43)) - raft.server.staging.catchup.gap = 1000 (default)
2019-09-26 13:36:21,496 [782e32e3-c0a7-42e5-b748-90e00549b00d@group-48C9BBFE48AE:LeaderElection8] INFO  server.RaftServerConfigKeys (ConfUtils.java:logGet(43)) - raft.server.staging.catchup.gap = 1000 (default)
2019-09-26 13:36:21,496 [782e32e3-c0a7-42e5-b748-90e00549b00d@group-CFBC9923484E:LeaderElection9] INFO  server.RaftServerConfigKeys (ConfUtils.java:logGet(43)) - raft.server.rpc.sleep.time = 25ms (default)
2019-09-26 13:36:21,497 [782e32e3-c0a7-42e5-b748-90e00549b00d@group-48C9BBFE48AE:LeaderElection8] INFO  server.RaftServerConfigKeys (ConfUtils.java:logGet(43)) - raft.server.rpc.sleep.time = 25ms (default)
2019-09-26 13:36:21,497 [782e32e3-c0a7-42e5-b748-90e00549b00d@group-CFBC9923484E:LeaderElection9] INFO  server.RaftServerConfigKeys (ConfUtils.java:logGet(43)) - raft.server.write.element-limit = 4096 (default)
2019-09-26 13:36:21,497 [782e32e3-c0a7-42e5-b748-90e00549b00d@group-48C9BBFE48AE:LeaderElection8] INFO  server.RaftServerConfigKeys (ConfUtils.java:logGet(43)) - raft.server.write.element-limit = 4096 (default)
2019-09-26 13:36:21,497 [782e32e3-c0a7-42e5-b748-90e00549b00d@group-CFBC9923484E:LeaderElection9] INFO  server.RaftServerConfigKeys (ConfUtils.java:logGet(43)) - raft.server.watch.timeout = 10s (default)
2019-09-26 13:36:21,497 [782e32e3-c0a7-42e5-b748-90e00549b00d@group-48C9BBFE48AE:LeaderElection8] INFO  server.RaftServerConfigKeys (ConfUtils.java:logGet(43)) - raft.server.watch.timeout = 10s (default)
2019-09-26 13:36:21,497 [782e32e3-c0a7-42e5-b748-90e00549b00d@group-CFBC9923484E:LeaderElection9] INFO  server.RaftServerConfigKeys (ConfUtils.java:logGet(43)) - raft.server.watch.timeout.denomination = 1s (default)
2019-09-26 13:36:21,498 [782e32e3-c0a7-42e5-b748-90e00549b00d@group-48C9BBFE48AE:LeaderElection8] INFO  server.RaftServerConfigKeys (ConfUtils.java:logGet(43)) - raft.server.watch.timeout.denomination = 1s (default)
2019-09-26 13:36:21,498 [782e32e3-c0a7-42e5-b748-90e00549b00d@group-CFBC9923484E:LeaderElection9] INFO  server.RaftServerConfigKeys (ConfUtils.java:logGet(43)) - raft.server.watch.element-limit = 65536 (default)
2019-09-26 13:36:21,498 [782e32e3-c0a7-42e5-b748-90e00549b00d@group-48C9BBFE48AE:LeaderElection8] INFO  server.RaftServerConfigKeys (ConfUtils.java:logGet(43)) - raft.server.watch.element-limit = 65536 (default)
2019-09-26 13:36:21,502 [782e32e3-c0a7-42e5-b748-90e00549b00d@group-CFBC9923484E:LeaderElection9] INFO  impl.RoleInfo (RoleInfo.java:updateAndGet(143)) - 782e32e3-c0a7-42e5-b748-90e00549b00d: start LeaderState
2019-09-26 13:36:21,502 [782e32e3-c0a7-42e5-b748-90e00549b00d@group-CFBC9923484E:LeaderElection9] INFO  segmented.SegmentedRaftLogWorker (SegmentedRaftLogWorker.java:startLogSegment(380)) - 782e32e3-c0a7-42e5-b748-90e00549b00d@group-CFBC9923484E-SegmentedRaftLogWorker: Starting segment from index:0
2019-09-26 13:36:21,503 [782e32e3-c0a7-42e5-b748-90e00549b00d@group-CFBC9923484E:LeaderElection9] INFO  impl.RaftServerImpl (ServerState.java:setRaftConf(354)) - 782e32e3-c0a7-42e5-b748-90e00549b00d@group-CFBC9923484E: set configuration 0: [782e32e3-c0a7-42e5-b748-90e00549b00d:192.168.164.238:33921], old=null at 0
2019-09-26 13:36:21,542 [782e32e3-c0a7-42e5-b748-90e00549b00d@group-48C9BBFE48AE:LeaderElection8] INFO  impl.RoleInfo (RoleInfo.java:updateAndGet(143)) - 782e32e3-c0a7-42e5-b748-90e00549b00d: start LeaderState
2019-09-26 13:36:21,542 [782e32e3-c0a7-42e5-b748-90e00549b00d@group-48C9BBFE48AE:LeaderElection8] INFO  segmented.SegmentedRaftLogWorker (SegmentedRaftLogWorker.java:startLogSegment(380)) - 782e32e3-c0a7-42e5-b748-90e00549b00d@group-48C9BBFE48AE-SegmentedRaftLogWorker: Starting segment from index:0
2019-09-26 13:36:21,543 [782e32e3-c0a7-42e5-b748-90e00549b00d@group-48C9BBFE48AE:LeaderElection8] INFO  impl.RaftServerImpl (ServerState.java:setRaftConf(354)) - 782e32e3-c0a7-42e5-b748-90e00549b00d@group-48C9BBFE48AE: set configuration 0: [782e32e3-c0a7-42e5-b748-90e00549b00d:192.168.164.238:33921], old=null at 0
2019-09-26 13:36:21,577 [Thread-243] INFO  impl.FollowerState (FollowerState.java:run(106)) - 346062cc-ad15-42e2-9beb-d47eb155c827:group-7FD4710F428A changes to CANDIDATE, lastRpcTime:5091, electionTimeout:5086ms
2019-09-26 13:36:21,577 [782e32e3-c0a7-42e5-b748-90e00549b00d@group-CFBC9923484E-SegmentedRaftLogWorker] INFO  segmented.SegmentedRaftLogWorker (SegmentedRaftLogWorker.java:execute(569)) - 782e32e3-c0a7-42e5-b748-90e00549b00d@group-CFBC9923484E-SegmentedRaftLogWorker: created new log segment /workdir/hadoop-ozone/tools/target/test-dir/MiniOzoneClusterImpl-9370444f-6a38-4216-baa9-a19329eb6ac6/datanode-3/data/ratis/f116a9cc-f6d6-49f1-b294-cfbc9923484e/current/log_inprogress_0
2019-09-26 13:36:21,577 [Thread-246] INFO  impl.FollowerState (FollowerState.java:run(106)) - 346062cc-ad15-42e2-9beb-d47eb155c827:group-A6FBD92DBE51 changes to CANDIDATE, lastRpcTime:5025, electionTimeout:5010ms
2019-09-26 13:36:21,579 [Thread-243] INFO  impl.RoleInfo (RoleInfo.java:shutdownFollowerState(121)) - 346062cc-ad15-42e2-9beb-d47eb155c827: shutdown FollowerState
2019-09-26 13:36:21,579 [Thread-246] INFO  impl.RoleInfo (RoleInfo.java:shutdownFollowerState(121)) - 346062cc-ad15-42e2-9beb-d47eb155c827: shutdown FollowerState
2019-09-26 13:36:21,579 [Thread-243] INFO  impl.RaftServerImpl (RaftServerImpl.java:setRole(174)) - 346062cc-ad15-42e2-9beb-d47eb155c827@group-7FD4710F428A: changes role from  FOLLOWER to CANDIDATE at term 0 for changeToCandidate
2019-09-26 13:36:21,579 [Thread-246] INFO  impl.RaftServerImpl (RaftServerImpl.java:setRole(174)) - 346062cc-ad15-42e2-9beb-d47eb155c827@group-A6FBD92DBE51: changes role from  FOLLOWER to CANDIDATE at term 0 for changeToCandidate
2019-09-26 13:36:21,579 [Thread-243] INFO  impl.RoleInfo (RoleInfo.java:updateAndGet(143)) - 346062cc-ad15-42e2-9beb-d47eb155c827: start LeaderElection
2019-09-26 13:36:21,580 [Thread-246] INFO  impl.RoleInfo (RoleInfo.java:updateAndGet(143)) - 346062cc-ad15-42e2-9beb-d47eb155c827: start LeaderElection
2019-09-26 13:36:21,585 [782e32e3-c0a7-42e5-b748-90e00549b00d@group-48C9BBFE48AE-SegmentedRaftLogWorker] INFO  segmented.SegmentedRaftLogWorker (SegmentedRaftLogWorker.java:execute(569)) - 782e32e3-c0a7-42e5-b748-90e00549b00d@group-48C9BBFE48AE-SegmentedRaftLogWorker: created new log segment /workdir/hadoop-ozone/tools/target/test-dir/MiniOzoneClusterImpl-9370444f-6a38-4216-baa9-a19329eb6ac6/datanode-3/data/ratis/ddc5c7b5-7868-4de4-b00b-48c9bbfe48ae/current/log_inprogress_0
2019-09-26 13:36:21,603 [346062cc-ad15-42e2-9beb-d47eb155c827@group-7FD4710F428A:LeaderElection10] INFO  impl.LeaderElection (LeaderElection.java:askForVotes(182)) - 346062cc-ad15-42e2-9beb-d47eb155c827@group-7FD4710F428A:LeaderElection10: begin an election at term 1 for -1: [346062cc-ad15-42e2-9beb-d47eb155c827:192.168.164.238:43674], old=null
2019-09-26 13:36:21,603 [346062cc-ad15-42e2-9beb-d47eb155c827@group-A6FBD92DBE51:LeaderElection11] INFO  impl.LeaderElection (LeaderElection.java:askForVotes(182)) - 346062cc-ad15-42e2-9beb-d47eb155c827@group-A6FBD92DBE51:LeaderElection11: begin an election at term 1 for -1: [346062cc-ad15-42e2-9beb-d47eb155c827:192.168.164.238:43674], old=null
2019-09-26 13:36:21,603 [346062cc-ad15-42e2-9beb-d47eb155c827@group-7FD4710F428A:LeaderElection10] INFO  impl.RoleInfo (RoleInfo.java:shutdownLeaderElection(134)) - 346062cc-ad15-42e2-9beb-d47eb155c827: shutdown LeaderElection
2019-09-26 13:36:21,603 [346062cc-ad15-42e2-9beb-d47eb155c827@group-A6FBD92DBE51:LeaderElection11] INFO  impl.RoleInfo (RoleInfo.java:shutdownLeaderElection(134)) - 346062cc-ad15-42e2-9beb-d47eb155c827: shutdown LeaderElection
2019-09-26 13:36:21,604 [346062cc-ad15-42e2-9beb-d47eb155c827@group-7FD4710F428A:LeaderElection10] INFO  impl.RaftServerImpl (RaftServerImpl.java:setRole(174)) - 346062cc-ad15-42e2-9beb-d47eb155c827@group-7FD4710F428A: changes role from CANDIDATE to LEADER at term 1 for changeToLeader
2019-09-26 13:36:21,604 [346062cc-ad15-42e2-9beb-d47eb155c827@group-A6FBD92DBE51:LeaderElection11] INFO  impl.RaftServerImpl (RaftServerImpl.java:setRole(174)) - 346062cc-ad15-42e2-9beb-d47eb155c827@group-A6FBD92DBE51: changes role from CANDIDATE to LEADER at term 1 for changeToLeader
2019-09-26 13:36:21,604 [346062cc-ad15-42e2-9beb-d47eb155c827@group-7FD4710F428A:LeaderElection10] INFO  impl.RaftServerImpl (ServerState.java:setLeader(253)) - 346062cc-ad15-42e2-9beb-d47eb155c827@group-7FD4710F428A: change Leader from null to 346062cc-ad15-42e2-9beb-d47eb155c827 at term 1 for becomeLeader, leader elected after 5125ms
2019-09-26 13:36:21,604 [346062cc-ad15-42e2-9beb-d47eb155c827@group-A6FBD92DBE51:LeaderElection11] INFO  impl.RaftServerImpl (ServerState.java:setLeader(253)) - 346062cc-ad15-42e2-9beb-d47eb155c827@group-A6FBD92DBE51: change Leader from null to 346062cc-ad15-42e2-9beb-d47eb155c827 at term 1 for becomeLeader, leader elected after 5060ms
2019-09-26 13:36:21,604 [346062cc-ad15-42e2-9beb-d47eb155c827@group-7FD4710F428A:LeaderElection10] INFO  server.RaftServerConfigKeys (ConfUtils.java:logGet(43)) - raft.server.staging.catchup.gap = 1000 (default)
2019-09-26 13:36:21,604 [346062cc-ad15-42e2-9beb-d47eb155c827@group-A6FBD92DBE51:LeaderElection11] INFO  server.RaftServerConfigKeys (ConfUtils.java:logGet(43)) - raft.server.staging.catchup.gap = 1000 (default)
2019-09-26 13:36:21,604 [346062cc-ad15-42e2-9beb-d47eb155c827@group-7FD4710F428A:LeaderElection10] INFO  server.RaftServerConfigKeys (ConfUtils.java:logGet(43)) - raft.server.rpc.sleep.time = 25ms (default)
2019-09-26 13:36:21,604 [346062cc-ad15-42e2-9beb-d47eb155c827@group-A6FBD92DBE51:LeaderElection11] INFO  server.RaftServerConfigKeys (ConfUtils.java:logGet(43)) - raft.server.rpc.sleep.time = 25ms (default)
2019-09-26 13:36:21,605 [346062cc-ad15-42e2-9beb-d47eb155c827@group-7FD4710F428A:LeaderElection10] INFO  server.RaftServerConfigKeys (ConfUtils.java:logGet(43)) - raft.server.write.element-limit = 4096 (default)
2019-09-26 13:36:21,605 [346062cc-ad15-42e2-9beb-d47eb155c827@group-A6FBD92DBE51:LeaderElection11] INFO  server.RaftServerConfigKeys (ConfUtils.java:logGet(43)) - raft.server.write.element-limit = 4096 (default)
2019-09-26 13:36:21,605 [346062cc-ad15-42e2-9beb-d47eb155c827@group-7FD4710F428A:LeaderElection10] INFO  server.RaftServerConfigKeys (ConfUtils.java:logGet(43)) - raft.server.watch.timeout = 10s (default)
2019-09-26 13:36:21,605 [346062cc-ad15-42e2-9beb-d47eb155c827@group-A6FBD92DBE51:LeaderElection11] INFO  server.RaftServerConfigKeys (ConfUtils.java:logGet(43)) - raft.server.watch.timeout = 10s (default)
2019-09-26 13:36:21,605 [346062cc-ad15-42e2-9beb-d47eb155c827@group-7FD4710F428A:LeaderElection10] INFO  server.RaftServerConfigKeys (ConfUtils.java:logGet(43)) - raft.server.watch.timeout.denomination = 1s (default)
2019-09-26 13:36:21,605 [346062cc-ad15-42e2-9beb-d47eb155c827@group-A6FBD92DBE51:LeaderElection11] INFO  server.RaftServerConfigKeys (ConfUtils.java:logGet(43)) - raft.server.watch.timeout.denomination = 1s (default)
2019-09-26 13:36:21,605 [346062cc-ad15-42e2-9beb-d47eb155c827@group-7FD4710F428A:LeaderElection10] INFO  server.RaftServerConfigKeys (ConfUtils.java:logGet(43)) - raft.server.watch.element-limit = 65536 (default)
2019-09-26 13:36:21,606 [346062cc-ad15-42e2-9beb-d47eb155c827@group-A6FBD92DBE51:LeaderElection11] INFO  server.RaftServerConfigKeys (ConfUtils.java:logGet(43)) - raft.server.watch.element-limit = 65536 (default)
2019-09-26 13:36:21,609 [346062cc-ad15-42e2-9beb-d47eb155c827@group-7FD4710F428A:LeaderElection10] INFO  impl.RoleInfo (RoleInfo.java:updateAndGet(143)) - 346062cc-ad15-42e2-9beb-d47eb155c827: start LeaderState
2019-09-26 13:36:21,609 [346062cc-ad15-42e2-9beb-d47eb155c827@group-7FD4710F428A:LeaderElection10] INFO  segmented.SegmentedRaftLogWorker (SegmentedRaftLogWorker.java:startLogSegment(380)) - 346062cc-ad15-42e2-9beb-d47eb155c827@group-7FD4710F428A-SegmentedRaftLogWorker: Starting segment from index:0
2019-09-26 13:36:21,609 [346062cc-ad15-42e2-9beb-d47eb155c827@group-A6FBD92DBE51:LeaderElection11] INFO  impl.RoleInfo (RoleInfo.java:updateAndGet(143)) - 346062cc-ad15-42e2-9beb-d47eb155c827: start LeaderState
2019-09-26 13:36:21,610 [346062cc-ad15-42e2-9beb-d47eb155c827@group-A6FBD92DBE51:LeaderElection11] INFO  segmented.SegmentedRaftLogWorker (SegmentedRaftLogWorker.java:startLogSegment(380)) - 346062cc-ad15-42e2-9beb-d47eb155c827@group-A6FBD92DBE51-SegmentedRaftLogWorker: Starting segment from index:0
2019-09-26 13:36:21,610 [346062cc-ad15-42e2-9beb-d47eb155c827@group-7FD4710F428A:LeaderElection10] INFO  impl.RaftServerImpl (ServerState.java:setRaftConf(354)) - 346062cc-ad15-42e2-9beb-d47eb155c827@group-7FD4710F428A: set configuration 0: [346062cc-ad15-42e2-9beb-d47eb155c827:192.168.164.238:43674], old=null at 0
2019-09-26 13:36:21,650 [346062cc-ad15-42e2-9beb-d47eb155c827@group-A6FBD92DBE51:LeaderElection11] INFO  impl.RaftServerImpl (ServerState.java:setRaftConf(354)) - 346062cc-ad15-42e2-9beb-d47eb155c827@group-A6FBD92DBE51: set configuration 0: [346062cc-ad15-42e2-9beb-d47eb155c827:192.168.164.238:43674], old=null at 0
2019-09-26 13:36:21,694 [346062cc-ad15-42e2-9beb-d47eb155c827@group-7FD4710F428A-SegmentedRaftLogWorker] INFO  segmented.SegmentedRaftLogWorker (SegmentedRaftLogWorker.java:execute(569)) - 346062cc-ad15-42e2-9beb-d47eb155c827@group-7FD4710F428A-SegmentedRaftLogWorker: created new log segment /workdir/hadoop-ozone/tools/target/test-dir/MiniOzoneClusterImpl-9370444f-6a38-4216-baa9-a19329eb6ac6/datanode-4/data/ratis/5a0de428-607d-4628-bb0f-7fd4710f428a/current/log_inprogress_0
2019-09-26 13:36:21,705 [346062cc-ad15-42e2-9beb-d47eb155c827@group-A6FBD92DBE51-SegmentedRaftLogWorker] INFO  segmented.SegmentedRaftLogWorker (SegmentedRaftLogWorker.java:execute(569)) - 346062cc-ad15-42e2-9beb-d47eb155c827@group-A6FBD92DBE51-SegmentedRaftLogWorker: created new log segment /workdir/hadoop-ozone/tools/target/test-dir/MiniOzoneClusterImpl-9370444f-6a38-4216-baa9-a19329eb6ac6/datanode-4/data/ratis/43ef8a28-7c07-447e-adf4-a6fbd92dbe51/current/log_inprogress_0
2019-09-26 13:36:21,763 [Thread-249] INFO  impl.FollowerState (FollowerState.java:run(106)) - 1d0de9a6-3b8a-4f01-86ad-2ac4521aa9e5:group-314FAC5B4C1E changes to CANDIDATE, lastRpcTime:5148, electionTimeout:5148ms
2019-09-26 13:36:21,764 [Thread-249] INFO  impl.RoleInfo (RoleInfo.java:shutdownFollowerState(121)) - 1d0de9a6-3b8a-4f01-86ad-2ac4521aa9e5: shutdown FollowerState
2019-09-26 13:36:21,764 [Thread-249] INFO  impl.RaftServerImpl (RaftServerImpl.java:setRole(174)) - 1d0de9a6-3b8a-4f01-86ad-2ac4521aa9e5@group-314FAC5B4C1E: changes role from  FOLLOWER to CANDIDATE at term 0 for changeToCandidate
2019-09-26 13:36:21,764 [Thread-249] INFO  impl.RoleInfo (RoleInfo.java:updateAndGet(143)) - 1d0de9a6-3b8a-4f01-86ad-2ac4521aa9e5: start LeaderElection
2019-09-26 13:36:21,782 [1d0de9a6-3b8a-4f01-86ad-2ac4521aa9e5@group-314FAC5B4C1E:LeaderElection12] INFO  impl.LeaderElection (LeaderElection.java:askForVotes(182)) - 1d0de9a6-3b8a-4f01-86ad-2ac4521aa9e5@group-314FAC5B4C1E:LeaderElection12: begin an election at term 1 for -1: [1d0de9a6-3b8a-4f01-86ad-2ac4521aa9e5:192.168.164.238:45430], old=null
2019-09-26 13:36:21,783 [1d0de9a6-3b8a-4f01-86ad-2ac4521aa9e5@group-314FAC5B4C1E:LeaderElection12] INFO  impl.RoleInfo (RoleInfo.java:shutdownLeaderElection(134)) - 1d0de9a6-3b8a-4f01-86ad-2ac4521aa9e5: shutdown LeaderElection
2019-09-26 13:36:21,783 [1d0de9a6-3b8a-4f01-86ad-2ac4521aa9e5@group-314FAC5B4C1E:LeaderElection12] INFO  impl.RaftServerImpl (RaftServerImpl.java:setRole(174)) - 1d0de9a6-3b8a-4f01-86ad-2ac4521aa9e5@group-314FAC5B4C1E: changes role from CANDIDATE to LEADER at term 1 for changeToLeader
2019-09-26 13:36:21,783 [1d0de9a6-3b8a-4f01-86ad-2ac4521aa9e5@group-314FAC5B4C1E:LeaderElection12] INFO  impl.RaftServerImpl (ServerState.java:setLeader(253)) - 1d0de9a6-3b8a-4f01-86ad-2ac4521aa9e5@group-314FAC5B4C1E: change Leader from null to 1d0de9a6-3b8a-4f01-86ad-2ac4521aa9e5 at term 1 for becomeLeader, leader elected after 5175ms
2019-09-26 13:36:21,783 [1d0de9a6-3b8a-4f01-86ad-2ac4521aa9e5@group-314FAC5B4C1E:LeaderElection12] INFO  server.RaftServerConfigKeys (ConfUtils.java:logGet(43)) - raft.server.staging.catchup.gap = 1000 (default)
2019-09-26 13:36:21,783 [1d0de9a6-3b8a-4f01-86ad-2ac4521aa9e5@group-314FAC5B4C1E:LeaderElection12] INFO  server.RaftServerConfigKeys (ConfUtils.java:logGet(43)) - raft.server.rpc.sleep.time = 25ms (default)
2019-09-26 13:36:21,784 [1d0de9a6-3b8a-4f01-86ad-2ac4521aa9e5@group-314FAC5B4C1E:LeaderElection12] INFO  server.RaftServerConfigKeys (ConfUtils.java:logGet(43)) - raft.server.write.element-limit = 4096 (default)
2019-09-26 13:36:21,784 [1d0de9a6-3b8a-4f01-86ad-2ac4521aa9e5@group-314FAC5B4C1E:LeaderElection12] INFO  server.RaftServerConfigKeys (ConfUtils.java:logGet(43)) - raft.server.watch.timeout = 10s (default)
2019-09-26 13:36:21,784 [1d0de9a6-3b8a-4f01-86ad-2ac4521aa9e5@group-314FAC5B4C1E:LeaderElection12] INFO  server.RaftServerConfigKeys (ConfUtils.java:logGet(43)) - raft.server.watch.timeout.denomination = 1s (default)
2019-09-26 13:36:21,784 [1d0de9a6-3b8a-4f01-86ad-2ac4521aa9e5@group-314FAC5B4C1E:LeaderElection12] INFO  server.RaftServerConfigKeys (ConfUtils.java:logGet(43)) - raft.server.watch.element-limit = 65536 (default)
2019-09-26 13:36:21,787 [1d0de9a6-3b8a-4f01-86ad-2ac4521aa9e5@group-314FAC5B4C1E:LeaderElection12] INFO  impl.RoleInfo (RoleInfo.java:updateAndGet(143)) - 1d0de9a6-3b8a-4f01-86ad-2ac4521aa9e5: start LeaderState
2019-09-26 13:36:21,788 [1d0de9a6-3b8a-4f01-86ad-2ac4521aa9e5@group-314FAC5B4C1E:LeaderElection12] INFO  segmented.SegmentedRaftLogWorker (SegmentedRaftLogWorker.java:startLogSegment(380)) - 1d0de9a6-3b8a-4f01-86ad-2ac4521aa9e5@group-314FAC5B4C1E-SegmentedRaftLogWorker: Starting segment from index:0
2019-09-26 13:36:21,788 [1d0de9a6-3b8a-4f01-86ad-2ac4521aa9e5@group-314FAC5B4C1E:LeaderElection12] INFO  impl.RaftServerImpl (ServerState.java:setRaftConf(354)) - 1d0de9a6-3b8a-4f01-86ad-2ac4521aa9e5@group-314FAC5B4C1E: set configuration 0: [1d0de9a6-3b8a-4f01-86ad-2ac4521aa9e5:192.168.164.238:45430], old=null at 0
2019-09-26 13:36:21,831 [Thread-255] INFO  impl.FollowerState (FollowerState.java:run(106)) - 1d0de9a6-3b8a-4f01-86ad-2ac4521aa9e5:group-BD775FF81F90 changes to CANDIDATE, lastRpcTime:5092, electionTimeout:5088ms
2019-09-26 13:36:21,834 [Thread-255] INFO  impl.RoleInfo (RoleInfo.java:shutdownFollowerState(121)) - 1d0de9a6-3b8a-4f01-86ad-2ac4521aa9e5: shutdown FollowerState
2019-09-26 13:36:21,834 [Thread-255] INFO  impl.RaftServerImpl (RaftServerImpl.java:setRole(174)) - 1d0de9a6-3b8a-4f01-86ad-2ac4521aa9e5@group-BD775FF81F90: changes role from  FOLLOWER to CANDIDATE at term 0 for changeToCandidate
2019-09-26 13:36:21,835 [Thread-255] INFO  impl.RoleInfo (RoleInfo.java:updateAndGet(143)) - 1d0de9a6-3b8a-4f01-86ad-2ac4521aa9e5: start LeaderElection
2019-09-26 13:36:21,839 [Thread-252] INFO  impl.FollowerState (FollowerState.java:run(106)) - 1d0de9a6-3b8a-4f01-86ad-2ac4521aa9e5:group-8B84F67D6E3B changes to CANDIDATE, lastRpcTime:5156, electionTimeout:5156ms
2019-09-26 13:36:21,839 [1d0de9a6-3b8a-4f01-86ad-2ac4521aa9e5@group-314FAC5B4C1E-SegmentedRaftLogWorker] INFO  segmented.SegmentedRaftLogWorker (SegmentedRaftLogWorker.java:execute(569)) - 1d0de9a6-3b8a-4f01-86ad-2ac4521aa9e5@group-314FAC5B4C1E-SegmentedRaftLogWorker: created new log segment /workdir/hadoop-ozone/tools/target/test-dir/MiniOzoneClusterImpl-9370444f-6a38-4216-baa9-a19329eb6ac6/datanode-2/data/ratis/29b78230-2d48-4d39-998b-314fac5b4c1e/current/log_inprogress_0
2019-09-26 13:36:21,839 [Thread-252] INFO  impl.RoleInfo (RoleInfo.java:shutdownFollowerState(121)) - 1d0de9a6-3b8a-4f01-86ad-2ac4521aa9e5: shutdown FollowerState
2019-09-26 13:36:21,839 [Thread-252] INFO  impl.RaftServerImpl (RaftServerImpl.java:setRole(174)) - 1d0de9a6-3b8a-4f01-86ad-2ac4521aa9e5@group-8B84F67D6E3B: changes role from  FOLLOWER to CANDIDATE at term 0 for changeToCandidate
2019-09-26 13:36:21,840 [Thread-252] INFO  impl.RoleInfo (RoleInfo.java:updateAndGet(143)) - 1d0de9a6-3b8a-4f01-86ad-2ac4521aa9e5: start LeaderElection
2019-09-26 13:36:21,852 [1d0de9a6-3b8a-4f01-86ad-2ac4521aa9e5@group-8B84F67D6E3B:LeaderElection14] INFO  impl.LeaderElection (LeaderElection.java:askForVotes(182)) - 1d0de9a6-3b8a-4f01-86ad-2ac4521aa9e5@group-8B84F67D6E3B:LeaderElection14: begin an election at term 1 for -1: [1d0de9a6-3b8a-4f01-86ad-2ac4521aa9e5:192.168.164.238:45430], old=null
2019-09-26 13:36:21,852 [1d0de9a6-3b8a-4f01-86ad-2ac4521aa9e5@group-BD775FF81F90:LeaderElection13] INFO  impl.LeaderElection (LeaderElection.java:askForVotes(182)) - 1d0de9a6-3b8a-4f01-86ad-2ac4521aa9e5@group-BD775FF81F90:LeaderElection13: begin an election at term 1 for -1: [1d0de9a6-3b8a-4f01-86ad-2ac4521aa9e5:192.168.164.238:45430], old=null
2019-09-26 13:36:21,853 [1d0de9a6-3b8a-4f01-86ad-2ac4521aa9e5@group-8B84F67D6E3B:LeaderElection14] INFO  impl.RoleInfo (RoleInfo.java:shutdownLeaderElection(134)) - 1d0de9a6-3b8a-4f01-86ad-2ac4521aa9e5: shutdown LeaderElection
2019-09-26 13:36:21,853 [1d0de9a6-3b8a-4f01-86ad-2ac4521aa9e5@group-BD775FF81F90:LeaderElection13] INFO  impl.RoleInfo (RoleInfo.java:shutdownLeaderElection(134)) - 1d0de9a6-3b8a-4f01-86ad-2ac4521aa9e5: shutdown LeaderElection
2019-09-26 13:36:21,853 [1d0de9a6-3b8a-4f01-86ad-2ac4521aa9e5@group-8B84F67D6E3B:LeaderElection14] INFO  impl.RaftServerImpl (RaftServerImpl.java:setRole(174)) - 1d0de9a6-3b8a-4f01-86ad-2ac4521aa9e5@group-8B84F67D6E3B: changes role from CANDIDATE to LEADER at term 1 for changeToLeader
2019-09-26 13:36:21,853 [1d0de9a6-3b8a-4f01-86ad-2ac4521aa9e5@group-BD775FF81F90:LeaderElection13] INFO  impl.RaftServerImpl (RaftServerImpl.java:setRole(174)) - 1d0de9a6-3b8a-4f01-86ad-2ac4521aa9e5@group-BD775FF81F90: changes role from CANDIDATE to LEADER at term 1 for changeToLeader
2019-09-26 13:36:21,853 [1d0de9a6-3b8a-4f01-86ad-2ac4521aa9e5@group-8B84F67D6E3B:LeaderElection14] INFO  impl.RaftServerImpl (ServerState.java:setLeader(253)) - 1d0de9a6-3b8a-4f01-86ad-2ac4521aa9e5@group-8B84F67D6E3B: change Leader from null to 1d0de9a6-3b8a-4f01-86ad-2ac4521aa9e5 at term 1 for becomeLeader, leader elected after 5177ms
2019-09-26 13:36:21,853 [1d0de9a6-3b8a-4f01-86ad-2ac4521aa9e5@group-BD775FF81F90:LeaderElection13] INFO  impl.RaftServerImpl (ServerState.java:setLeader(253)) - 1d0de9a6-3b8a-4f01-86ad-2ac4521aa9e5@group-BD775FF81F90: change Leader from null to 1d0de9a6-3b8a-4f01-86ad-2ac4521aa9e5 at term 1 for becomeLeader, leader elected after 5120ms
2019-09-26 13:36:21,853 [1d0de9a6-3b8a-4f01-86ad-2ac4521aa9e5@group-8B84F67D6E3B:LeaderElection14] INFO  server.RaftServerConfigKeys (ConfUtils.java:logGet(43)) - raft.server.staging.catchup.gap = 1000 (default)
2019-09-26 13:36:21,854 [1d0de9a6-3b8a-4f01-86ad-2ac4521aa9e5@group-BD775FF81F90:LeaderElection13] INFO  server.RaftServerConfigKeys (ConfUtils.java:logGet(43)) - raft.server.staging.catchup.gap = 1000 (default)
2019-09-26 13:36:21,854 [1d0de9a6-3b8a-4f01-86ad-2ac4521aa9e5@group-8B84F67D6E3B:LeaderElection14] INFO  server.RaftServerConfigKeys (ConfUtils.java:logGet(43)) - raft.server.rpc.sleep.time = 25ms (default)
2019-09-26 13:36:21,854 [1d0de9a6-3b8a-4f01-86ad-2ac4521aa9e5@group-BD775FF81F90:LeaderElection13] INFO  server.RaftServerConfigKeys (ConfUtils.java:logGet(43)) - raft.server.rpc.sleep.time = 25ms (default)
2019-09-26 13:36:21,854 [1d0de9a6-3b8a-4f01-86ad-2ac4521aa9e5@group-8B84F67D6E3B:LeaderElection14] INFO  server.RaftServerConfigKeys (ConfUtils.java:logGet(43)) - raft.server.write.element-limit = 4096 (default)
2019-09-26 13:36:21,854 [1d0de9a6-3b8a-4f01-86ad-2ac4521aa9e5@group-BD775FF81F90:LeaderElection13] INFO  server.RaftServerConfigKeys (ConfUtils.java:logGet(43)) - raft.server.write.element-limit = 4096 (default)
2019-09-26 13:36:21,854 [1d0de9a6-3b8a-4f01-86ad-2ac4521aa9e5@group-8B84F67D6E3B:LeaderElection14] INFO  server.RaftServerConfigKeys (ConfUtils.java:logGet(43)) - raft.server.watch.timeout = 10s (default)
2019-09-26 13:36:21,854 [1d0de9a6-3b8a-4f01-86ad-2ac4521aa9e5@group-BD775FF81F90:LeaderElection13] INFO  server.RaftServerConfigKeys (ConfUtils.java:logGet(43)) - raft.server.watch.timeout = 10s (default)
2019-09-26 13:36:21,854 [1d0de9a6-3b8a-4f01-86ad-2ac4521aa9e5@group-8B84F67D6E3B:LeaderElection14] INFO  server.RaftServerConfigKeys (ConfUtils.java:logGet(43)) - raft.server.watch.timeout.denomination = 1s (default)
2019-09-26 13:36:21,854 [1d0de9a6-3b8a-4f01-86ad-2ac4521aa9e5@group-BD775FF81F90:LeaderElection13] INFO  server.RaftServerConfigKeys (ConfUtils.java:logGet(43)) - raft.server.watch.timeout.denomination = 1s (default)
2019-09-26 13:36:21,855 [1d0de9a6-3b8a-4f01-86ad-2ac4521aa9e5@group-8B84F67D6E3B:LeaderElection14] INFO  server.RaftServerConfigKeys (ConfUtils.java:logGet(43)) - raft.server.watch.element-limit = 65536 (default)
2019-09-26 13:36:21,855 [1d0de9a6-3b8a-4f01-86ad-2ac4521aa9e5@group-BD775FF81F90:LeaderElection13] INFO  server.RaftServerConfigKeys (ConfUtils.java:logGet(43)) - raft.server.watch.element-limit = 65536 (default)
2019-09-26 13:36:21,858 [1d0de9a6-3b8a-4f01-86ad-2ac4521aa9e5@group-8B84F67D6E3B:LeaderElection14] INFO  impl.RoleInfo (RoleInfo.java:updateAndGet(143)) - 1d0de9a6-3b8a-4f01-86ad-2ac4521aa9e5: start LeaderState
2019-09-26 13:36:21,858 [1d0de9a6-3b8a-4f01-86ad-2ac4521aa9e5@group-8B84F67D6E3B:LeaderElection14] INFO  segmented.SegmentedRaftLogWorker (SegmentedRaftLogWorker.java:startLogSegment(380)) - 1d0de9a6-3b8a-4f01-86ad-2ac4521aa9e5@group-8B84F67D6E3B-SegmentedRaftLogWorker: Starting segment from index:0
2019-09-26 13:36:21,858 [1d0de9a6-3b8a-4f01-86ad-2ac4521aa9e5@group-BD775FF81F90:LeaderElection13] INFO  impl.RoleInfo (RoleInfo.java:updateAndGet(143)) - 1d0de9a6-3b8a-4f01-86ad-2ac4521aa9e5: start LeaderState
2019-09-26 13:36:21,859 [1d0de9a6-3b8a-4f01-86ad-2ac4521aa9e5@group-8B84F67D6E3B:LeaderElection14] INFO  impl.RaftServerImpl (ServerState.java:setRaftConf(354)) - 1d0de9a6-3b8a-4f01-86ad-2ac4521aa9e5@group-8B84F67D6E3B: set configuration 0: [1d0de9a6-3b8a-4f01-86ad-2ac4521aa9e5:192.168.164.238:45430], old=null at 0
2019-09-26 13:36:21,859 [1d0de9a6-3b8a-4f01-86ad-2ac4521aa9e5@group-BD775FF81F90:LeaderElection13] INFO  segmented.SegmentedRaftLogWorker (SegmentedRaftLogWorker.java:startLogSegment(380)) - 1d0de9a6-3b8a-4f01-86ad-2ac4521aa9e5@group-BD775FF81F90-SegmentedRaftLogWorker: Starting segment from index:0
2019-09-26 13:36:21,899 [1d0de9a6-3b8a-4f01-86ad-2ac4521aa9e5@group-BD775FF81F90:LeaderElection13] INFO  impl.RaftServerImpl (ServerState.java:setRaftConf(354)) - 1d0de9a6-3b8a-4f01-86ad-2ac4521aa9e5@group-BD775FF81F90: set configuration 0: [1d0de9a6-3b8a-4f01-86ad-2ac4521aa9e5:192.168.164.238:45430], old=null at 0
2019-09-26 13:36:21,935 [Thread-258] INFO  impl.FollowerState (FollowerState.java:run(106)) - 0846c5d9-d8fd-49e0-9805-817523babe5a:group-4BE802471BF0 changes to CANDIDATE, lastRpcTime:5128, electionTimeout:5123ms
2019-09-26 13:36:21,935 [1d0de9a6-3b8a-4f01-86ad-2ac4521aa9e5@group-8B84F67D6E3B-SegmentedRaftLogWorker] INFO  segmented.SegmentedRaftLogWorker (SegmentedRaftLogWorker.java:execute(569)) - 1d0de9a6-3b8a-4f01-86ad-2ac4521aa9e5@group-8B84F67D6E3B-SegmentedRaftLogWorker: created new log segment /workdir/hadoop-ozone/tools/target/test-dir/MiniOzoneClusterImpl-9370444f-6a38-4216-baa9-a19329eb6ac6/datanode-2/data/ratis/14830681-f531-4fba-9f25-8b84f67d6e3b/current/log_inprogress_0
2019-09-26 13:36:21,935 [Thread-258] INFO  impl.RoleInfo (RoleInfo.java:shutdownFollowerState(121)) - 0846c5d9-d8fd-49e0-9805-817523babe5a: shutdown FollowerState
2019-09-26 13:36:21,936 [Thread-258] INFO  impl.RaftServerImpl (RaftServerImpl.java:setRole(174)) - 0846c5d9-d8fd-49e0-9805-817523babe5a@group-4BE802471BF0: changes role from  FOLLOWER to CANDIDATE at term 0 for changeToCandidate
2019-09-26 13:36:21,936 [Thread-258] INFO  impl.RoleInfo (RoleInfo.java:updateAndGet(143)) - 0846c5d9-d8fd-49e0-9805-817523babe5a: start LeaderElection
2019-09-26 13:36:21,948 [1d0de9a6-3b8a-4f01-86ad-2ac4521aa9e5@group-BD775FF81F90-SegmentedRaftLogWorker] INFO  segmented.SegmentedRaftLogWorker (SegmentedRaftLogWorker.java:execute(569)) - 1d0de9a6-3b8a-4f01-86ad-2ac4521aa9e5@group-BD775FF81F90-SegmentedRaftLogWorker: created new log segment /workdir/hadoop-ozone/tools/target/test-dir/MiniOzoneClusterImpl-9370444f-6a38-4216-baa9-a19329eb6ac6/datanode-2/data/ratis/41001503-191f-4be6-b3de-bd775ff81f90/current/log_inprogress_0
2019-09-26 13:36:21,948 [0846c5d9-d8fd-49e0-9805-817523babe5a@group-4BE802471BF0:LeaderElection15] INFO  impl.LeaderElection (LeaderElection.java:askForVotes(182)) - 0846c5d9-d8fd-49e0-9805-817523babe5a@group-4BE802471BF0:LeaderElection15: begin an election at term 1 for -1: [0846c5d9-d8fd-49e0-9805-817523babe5a:192.168.164.238:38031], old=null
2019-09-26 13:36:21,948 [0846c5d9-d8fd-49e0-9805-817523babe5a@group-4BE802471BF0:LeaderElection15] INFO  impl.RoleInfo (RoleInfo.java:shutdownLeaderElection(134)) - 0846c5d9-d8fd-49e0-9805-817523babe5a: shutdown LeaderElection
2019-09-26 13:36:21,948 [0846c5d9-d8fd-49e0-9805-817523babe5a@group-4BE802471BF0:LeaderElection15] INFO  impl.RaftServerImpl (RaftServerImpl.java:setRole(174)) - 0846c5d9-d8fd-49e0-9805-817523babe5a@group-4BE802471BF0: changes role from CANDIDATE to LEADER at term 1 for changeToLeader
2019-09-26 13:36:21,949 [0846c5d9-d8fd-49e0-9805-817523babe5a@group-4BE802471BF0:LeaderElection15] INFO  impl.RaftServerImpl (ServerState.java:setLeader(253)) - 0846c5d9-d8fd-49e0-9805-817523babe5a@group-4BE802471BF0: change Leader from null to 0846c5d9-d8fd-49e0-9805-817523babe5a at term 1 for becomeLeader, leader elected after 5148ms
2019-09-26 13:36:21,949 [0846c5d9-d8fd-49e0-9805-817523babe5a@group-4BE802471BF0:LeaderElection15] INFO  server.RaftServerConfigKeys (ConfUtils.java:logGet(43)) - raft.server.staging.catchup.gap = 1000 (default)
2019-09-26 13:36:21,949 [0846c5d9-d8fd-49e0-9805-817523babe5a@group-4BE802471BF0:LeaderElection15] INFO  server.RaftServerConfigKeys (ConfUtils.java:logGet(43)) - raft.server.rpc.sleep.time = 25ms (default)
2019-09-26 13:36:21,949 [0846c5d9-d8fd-49e0-9805-817523babe5a@group-4BE802471BF0:LeaderElection15] INFO  server.RaftServerConfigKeys (ConfUtils.java:logGet(43)) - raft.server.write.element-limit = 4096 (default)
2019-09-26 13:36:21,950 [0846c5d9-d8fd-49e0-9805-817523babe5a@group-4BE802471BF0:LeaderElection15] INFO  server.RaftServerConfigKeys (ConfUtils.java:logGet(43)) - raft.server.watch.timeout = 10s (default)
2019-09-26 13:36:21,950 [0846c5d9-d8fd-49e0-9805-817523babe5a@group-4BE802471BF0:LeaderElection15] INFO  server.RaftServerConfigKeys (ConfUtils.java:logGet(43)) - raft.server.watch.timeout.denomination = 1s (default)
2019-09-26 13:36:21,950 [0846c5d9-d8fd-49e0-9805-817523babe5a@group-4BE802471BF0:LeaderElection15] INFO  server.RaftServerConfigKeys (ConfUtils.java:logGet(43)) - raft.server.watch.element-limit = 65536 (default)
2019-09-26 13:36:21,954 [0846c5d9-d8fd-49e0-9805-817523babe5a@group-4BE802471BF0:LeaderElection15] INFO  impl.RoleInfo (RoleInfo.java:updateAndGet(143)) - 0846c5d9-d8fd-49e0-9805-817523babe5a: start LeaderState
2019-09-26 13:36:21,954 [0846c5d9-d8fd-49e0-9805-817523babe5a@group-4BE802471BF0:LeaderElection15] INFO  segmented.SegmentedRaftLogWorker (SegmentedRaftLogWorker.java:startLogSegment(380)) - 0846c5d9-d8fd-49e0-9805-817523babe5a@group-4BE802471BF0-SegmentedRaftLogWorker: Starting segment from index:0
2019-09-26 13:36:21,955 [0846c5d9-d8fd-49e0-9805-817523babe5a@group-4BE802471BF0:LeaderElection15] INFO  impl.RaftServerImpl (ServerState.java:setRaftConf(354)) - 0846c5d9-d8fd-49e0-9805-817523babe5a@group-4BE802471BF0: set configuration 0: [0846c5d9-d8fd-49e0-9805-817523babe5a:192.168.164.238:38031], old=null at 0
2019-09-26 13:36:22,001 [0846c5d9-d8fd-49e0-9805-817523babe5a@group-4BE802471BF0-SegmentedRaftLogWorker] INFO  segmented.SegmentedRaftLogWorker (SegmentedRaftLogWorker.java:execute(569)) - 0846c5d9-d8fd-49e0-9805-817523babe5a@group-4BE802471BF0-SegmentedRaftLogWorker: created new log segment /workdir/hadoop-ozone/tools/target/test-dir/MiniOzoneClusterImpl-9370444f-6a38-4216-baa9-a19329eb6ac6/datanode-1/data/ratis/37fb044e-c8e6-4ba8-a485-4be802471bf0/current/log_inprogress_0
2019-09-26 13:36:22,269 [Thread-261] INFO  impl.FollowerState (FollowerState.java:run(106)) - 0846c5d9-d8fd-49e0-9805-817523babe5a:group-5E03CBFB3C0B changes to CANDIDATE, lastRpcTime:5079, electionTimeout:5079ms
2019-09-26 13:36:22,269 [Thread-261] INFO  impl.RoleInfo (RoleInfo.java:shutdownFollowerState(121)) - 0846c5d9-d8fd-49e0-9805-817523babe5a: shutdown FollowerState
2019-09-26 13:36:22,269 [Thread-261] INFO  impl.RaftServerImpl (RaftServerImpl.java:setRole(174)) - 0846c5d9-d8fd-49e0-9805-817523babe5a@group-5E03CBFB3C0B: changes role from  FOLLOWER to CANDIDATE at term 0 for changeToCandidate
2019-09-26 13:36:22,270 [Thread-261] INFO  impl.RoleInfo (RoleInfo.java:updateAndGet(143)) - 0846c5d9-d8fd-49e0-9805-817523babe5a: start LeaderElection
2019-09-26 13:36:22,289 [0846c5d9-d8fd-49e0-9805-817523babe5a@group-5E03CBFB3C0B:LeaderElection16] INFO  impl.LeaderElection (LeaderElection.java:askForVotes(182)) - 0846c5d9-d8fd-49e0-9805-817523babe5a@group-5E03CBFB3C0B:LeaderElection16: begin an election at term 1 for -1: [0846c5d9-d8fd-49e0-9805-817523babe5a:192.168.164.238:38031], old=null
2019-09-26 13:36:22,289 [0846c5d9-d8fd-49e0-9805-817523babe5a@group-5E03CBFB3C0B:LeaderElection16] INFO  impl.RoleInfo (RoleInfo.java:shutdownLeaderElection(134)) - 0846c5d9-d8fd-49e0-9805-817523babe5a: shutdown LeaderElection
2019-09-26 13:36:22,290 [0846c5d9-d8fd-49e0-9805-817523babe5a@group-5E03CBFB3C0B:LeaderElection16] INFO  impl.RaftServerImpl (RaftServerImpl.java:setRole(174)) - 0846c5d9-d8fd-49e0-9805-817523babe5a@group-5E03CBFB3C0B: changes role from CANDIDATE to LEADER at term 1 for changeToLeader
2019-09-26 13:36:22,290 [0846c5d9-d8fd-49e0-9805-817523babe5a@group-5E03CBFB3C0B:LeaderElection16] INFO  impl.RaftServerImpl (ServerState.java:setLeader(253)) - 0846c5d9-d8fd-49e0-9805-817523babe5a@group-5E03CBFB3C0B: change Leader from null to 0846c5d9-d8fd-49e0-9805-817523babe5a at term 1 for becomeLeader, leader elected after 5105ms
2019-09-26 13:36:22,290 [0846c5d9-d8fd-49e0-9805-817523babe5a@group-5E03CBFB3C0B:LeaderElection16] INFO  server.RaftServerConfigKeys (ConfUtils.java:logGet(43)) - raft.server.staging.catchup.gap = 1000 (default)
2019-09-26 13:36:22,290 [0846c5d9-d8fd-49e0-9805-817523babe5a@group-5E03CBFB3C0B:LeaderElection16] INFO  server.RaftServerConfigKeys (ConfUtils.java:logGet(43)) - raft.server.rpc.sleep.time = 25ms (default)
2019-09-26 13:36:22,290 [0846c5d9-d8fd-49e0-9805-817523babe5a@group-5E03CBFB3C0B:LeaderElection16] INFO  server.RaftServerConfigKeys (ConfUtils.java:logGet(43)) - raft.server.write.element-limit = 4096 (default)
2019-09-26 13:36:22,290 [0846c5d9-d8fd-49e0-9805-817523babe5a@group-5E03CBFB3C0B:LeaderElection16] INFO  server.RaftServerConfigKeys (ConfUtils.java:logGet(43)) - raft.server.watch.timeout = 10s (default)
2019-09-26 13:36:22,291 [0846c5d9-d8fd-49e0-9805-817523babe5a@group-5E03CBFB3C0B:LeaderElection16] INFO  server.RaftServerConfigKeys (ConfUtils.java:logGet(43)) - raft.server.watch.timeout.denomination = 1s (default)
2019-09-26 13:36:22,291 [0846c5d9-d8fd-49e0-9805-817523babe5a@group-5E03CBFB3C0B:LeaderElection16] INFO  server.RaftServerConfigKeys (ConfUtils.java:logGet(43)) - raft.server.watch.element-limit = 65536 (default)
2019-09-26 13:36:22,294 [0846c5d9-d8fd-49e0-9805-817523babe5a@group-5E03CBFB3C0B:LeaderElection16] INFO  impl.RoleInfo (RoleInfo.java:updateAndGet(143)) - 0846c5d9-d8fd-49e0-9805-817523babe5a: start LeaderState
2019-09-26 13:36:22,294 [0846c5d9-d8fd-49e0-9805-817523babe5a@group-5E03CBFB3C0B:LeaderElection16] INFO  segmented.SegmentedRaftLogWorker (SegmentedRaftLogWorker.java:startLogSegment(380)) - 0846c5d9-d8fd-49e0-9805-817523babe5a@group-5E03CBFB3C0B-SegmentedRaftLogWorker: Starting segment from index:0
2019-09-26 13:36:22,295 [0846c5d9-d8fd-49e0-9805-817523babe5a@group-5E03CBFB3C0B:LeaderElection16] INFO  impl.RaftServerImpl (ServerState.java:setRaftConf(354)) - 0846c5d9-d8fd-49e0-9805-817523babe5a@group-5E03CBFB3C0B: set configuration 0: [0846c5d9-d8fd-49e0-9805-817523babe5a:192.168.164.238:38031], old=null at 0
2019-09-26 13:36:22,344 [0846c5d9-d8fd-49e0-9805-817523babe5a@group-5E03CBFB3C0B-SegmentedRaftLogWorker] INFO  segmented.SegmentedRaftLogWorker (SegmentedRaftLogWorker.java:execute(569)) - 0846c5d9-d8fd-49e0-9805-817523babe5a@group-5E03CBFB3C0B-SegmentedRaftLogWorker: created new log segment /workdir/hadoop-ozone/tools/target/test-dir/MiniOzoneClusterImpl-9370444f-6a38-4216-baa9-a19329eb6ac6/datanode-1/data/ratis/96d29e0b-5b44-4704-823c-5e03cbfb3c0b/current/log_inprogress_0
2019-09-26 13:36:22,395 [Thread-264] INFO  impl.FollowerState (FollowerState.java:run(106)) - 0846c5d9-d8fd-49e0-9805-817523babe5a:group-3423C66D5CE7 changes to CANDIDATE, lastRpcTime:5156, electionTimeout:5156ms
2019-09-26 13:36:22,396 [Thread-264] INFO  impl.RoleInfo (RoleInfo.java:shutdownFollowerState(121)) - 0846c5d9-d8fd-49e0-9805-817523babe5a: shutdown FollowerState
2019-09-26 13:36:22,396 [Thread-264] INFO  impl.RaftServerImpl (RaftServerImpl.java:setRole(174)) - 0846c5d9-d8fd-49e0-9805-817523babe5a@group-3423C66D5CE7: changes role from  FOLLOWER to CANDIDATE at term 0 for changeToCandidate
2019-09-26 13:36:22,396 [Thread-264] INFO  impl.RoleInfo (RoleInfo.java:updateAndGet(143)) - 0846c5d9-d8fd-49e0-9805-817523babe5a: start LeaderElection
2019-09-26 13:36:22,414 [0846c5d9-d8fd-49e0-9805-817523babe5a@group-3423C66D5CE7:LeaderElection17] INFO  impl.LeaderElection (LeaderElection.java:askForVotes(182)) - 0846c5d9-d8fd-49e0-9805-817523babe5a@group-3423C66D5CE7:LeaderElection17: begin an election at term 1 for -1: [0846c5d9-d8fd-49e0-9805-817523babe5a:192.168.164.238:38031], old=null
2019-09-26 13:36:22,414 [0846c5d9-d8fd-49e0-9805-817523babe5a@group-3423C66D5CE7:LeaderElection17] INFO  impl.RoleInfo (RoleInfo.java:shutdownLeaderElection(134)) - 0846c5d9-d8fd-49e0-9805-817523babe5a: shutdown LeaderElection
2019-09-26 13:36:22,414 [0846c5d9-d8fd-49e0-9805-817523babe5a@group-3423C66D5CE7:LeaderElection17] INFO  impl.RaftServerImpl (RaftServerImpl.java:setRole(174)) - 0846c5d9-d8fd-49e0-9805-817523babe5a@group-3423C66D5CE7: changes role from CANDIDATE to LEADER at term 1 for changeToLeader
2019-09-26 13:36:22,415 [0846c5d9-d8fd-49e0-9805-817523babe5a@group-3423C66D5CE7:LeaderElection17] INFO  impl.RaftServerImpl (ServerState.java:setLeader(253)) - 0846c5d9-d8fd-49e0-9805-817523babe5a@group-3423C66D5CE7: change Leader from null to 0846c5d9-d8fd-49e0-9805-817523babe5a at term 1 for becomeLeader, leader elected after 5181ms
2019-09-26 13:36:22,415 [0846c5d9-d8fd-49e0-9805-817523babe5a@group-3423C66D5CE7:LeaderElection17] INFO  server.RaftServerConfigKeys (ConfUtils.java:logGet(43)) - raft.server.staging.catchup.gap = 1000 (default)
2019-09-26 13:36:22,415 [0846c5d9-d8fd-49e0-9805-817523babe5a@group-3423C66D5CE7:LeaderElection17] INFO  server.RaftServerConfigKeys (ConfUtils.java:logGet(43)) - raft.server.rpc.sleep.time = 25ms (default)
2019-09-26 13:36:22,415 [0846c5d9-d8fd-49e0-9805-817523babe5a@group-3423C66D5CE7:LeaderElection17] INFO  server.RaftServerConfigKeys (ConfUtils.java:logGet(43)) - raft.server.write.element-limit = 4096 (default)
2019-09-26 13:36:22,415 [0846c5d9-d8fd-49e0-9805-817523babe5a@group-3423C66D5CE7:LeaderElection17] INFO  server.RaftServerConfigKeys (ConfUtils.java:logGet(43)) - raft.server.watch.timeout = 10s (default)
2019-09-26 13:36:22,415 [0846c5d9-d8fd-49e0-9805-817523babe5a@group-3423C66D5CE7:LeaderElection17] INFO  server.RaftServerConfigKeys (ConfUtils.java:logGet(43)) - raft.server.watch.timeout.denomination = 1s (default)
2019-09-26 13:36:22,416 [0846c5d9-d8fd-49e0-9805-817523babe5a@group-3423C66D5CE7:LeaderElection17] INFO  server.RaftServerConfigKeys (ConfUtils.java:logGet(43)) - raft.server.watch.element-limit = 65536 (default)
2019-09-26 13:36:22,418 [0846c5d9-d8fd-49e0-9805-817523babe5a@group-3423C66D5CE7:LeaderElection17] INFO  impl.RoleInfo (RoleInfo.java:updateAndGet(143)) - 0846c5d9-d8fd-49e0-9805-817523babe5a: start LeaderState
2019-09-26 13:36:22,419 [0846c5d9-d8fd-49e0-9805-817523babe5a@group-3423C66D5CE7:LeaderElection17] INFO  segmented.SegmentedRaftLogWorker (SegmentedRaftLogWorker.java:startLogSegment(380)) - 0846c5d9-d8fd-49e0-9805-817523babe5a@group-3423C66D5CE7-SegmentedRaftLogWorker: Starting segment from index:0
2019-09-26 13:36:22,419 [0846c5d9-d8fd-49e0-9805-817523babe5a@group-3423C66D5CE7:LeaderElection17] INFO  impl.RaftServerImpl (ServerState.java:setRaftConf(354)) - 0846c5d9-d8fd-49e0-9805-817523babe5a@group-3423C66D5CE7: set configuration 0: [0846c5d9-d8fd-49e0-9805-817523babe5a:192.168.164.238:38031], old=null at 0
2019-09-26 13:36:22,461 [Thread-270] INFO  impl.FollowerState (FollowerState.java:run(106)) - 346062cc-ad15-42e2-9beb-d47eb155c827:group-7B2A6DBAC859 changes to CANDIDATE, lastRpcTime:5114, electionTimeout:5101ms
2019-09-26 13:36:22,462 [Thread-270] INFO  impl.RoleInfo (RoleInfo.java:shutdownFollowerState(121)) - 346062cc-ad15-42e2-9beb-d47eb155c827: shutdown FollowerState
2019-09-26 13:36:22,462 [Thread-270] INFO  impl.RaftServerImpl (RaftServerImpl.java:setRole(174)) - 346062cc-ad15-42e2-9beb-d47eb155c827@group-7B2A6DBAC859: changes role from  FOLLOWER to CANDIDATE at term 0 for changeToCandidate
2019-09-26 13:36:22,462 [Thread-270] INFO  impl.RoleInfo (RoleInfo.java:updateAndGet(143)) - 346062cc-ad15-42e2-9beb-d47eb155c827: start LeaderElection
2019-09-26 13:36:22,466 [Thread-267] INFO  impl.FollowerState (FollowerState.java:run(106)) - 1d0de9a6-3b8a-4f01-86ad-2ac4521aa9e5:group-633AA6283C01 changes to CANDIDATE, lastRpcTime:5175, electionTimeout:5175ms
2019-09-26 13:36:22,468 [Thread-267] INFO  impl.RoleInfo (RoleInfo.java:shutdownFollowerState(121)) - 1d0de9a6-3b8a-4f01-86ad-2ac4521aa9e5: shutdown FollowerState
2019-09-26 13:36:22,468 [Thread-267] INFO  impl.RaftServerImpl (RaftServerImpl.java:setRole(174)) - 1d0de9a6-3b8a-4f01-86ad-2ac4521aa9e5@group-633AA6283C01: changes role from  FOLLOWER to CANDIDATE at term 0 for changeToCandidate
2019-09-26 13:36:22,468 [Thread-267] INFO  impl.RoleInfo (RoleInfo.java:updateAndGet(143)) - 1d0de9a6-3b8a-4f01-86ad-2ac4521aa9e5: start LeaderElection
2019-09-26 13:36:22,474 [0846c5d9-d8fd-49e0-9805-817523babe5a@group-3423C66D5CE7-SegmentedRaftLogWorker] INFO  segmented.SegmentedRaftLogWorker (SegmentedRaftLogWorker.java:execute(569)) - 0846c5d9-d8fd-49e0-9805-817523babe5a@group-3423C66D5CE7-SegmentedRaftLogWorker: created new log segment /workdir/hadoop-ozone/tools/target/test-dir/MiniOzoneClusterImpl-9370444f-6a38-4216-baa9-a19329eb6ac6/datanode-1/data/ratis/7864cc3f-207c-4391-a0b7-3423c66d5ce7/current/log_inprogress_0
2019-09-26 13:36:22,478 [346062cc-ad15-42e2-9beb-d47eb155c827@group-7B2A6DBAC859:LeaderElection18] INFO  impl.LeaderElection (LeaderElection.java:askForVotes(182)) - 346062cc-ad15-42e2-9beb-d47eb155c827@group-7B2A6DBAC859:LeaderElection18: begin an election at term 1 for -1: [346062cc-ad15-42e2-9beb-d47eb155c827:192.168.164.238:43674], old=null
2019-09-26 13:36:22,478 [346062cc-ad15-42e2-9beb-d47eb155c827@group-7B2A6DBAC859:LeaderElection18] INFO  impl.RoleInfo (RoleInfo.java:shutdownLeaderElection(134)) - 346062cc-ad15-42e2-9beb-d47eb155c827: shutdown LeaderElection
2019-09-26 13:36:22,478 [346062cc-ad15-42e2-9beb-d47eb155c827@group-7B2A6DBAC859:LeaderElection18] INFO  impl.RaftServerImpl (RaftServerImpl.java:setRole(174)) - 346062cc-ad15-42e2-9beb-d47eb155c827@group-7B2A6DBAC859: changes role from CANDIDATE to LEADER at term 1 for changeToLeader
2019-09-26 13:36:22,478 [1d0de9a6-3b8a-4f01-86ad-2ac4521aa9e5@group-633AA6283C01:LeaderElection19] INFO  impl.LeaderElection (LeaderElection.java:askForVotes(182)) - 1d0de9a6-3b8a-4f01-86ad-2ac4521aa9e5@group-633AA6283C01:LeaderElection19: begin an election at term 1 for -1: [1d0de9a6-3b8a-4f01-86ad-2ac4521aa9e5:192.168.164.238:45430], old=null
2019-09-26 13:36:22,478 [346062cc-ad15-42e2-9beb-d47eb155c827@group-7B2A6DBAC859:LeaderElection18] INFO  impl.RaftServerImpl (ServerState.java:setLeader(253)) - 346062cc-ad15-42e2-9beb-d47eb155c827@group-7B2A6DBAC859: change Leader from null to 346062cc-ad15-42e2-9beb-d47eb155c827 at term 1 for becomeLeader, leader elected after 5137ms
2019-09-26 13:36:22,479 [1d0de9a6-3b8a-4f01-86ad-2ac4521aa9e5@group-633AA6283C01:LeaderElection19] INFO  impl.RoleInfo (RoleInfo.java:shutdownLeaderElection(134)) - 1d0de9a6-3b8a-4f01-86ad-2ac4521aa9e5: shutdown LeaderElection
2019-09-26 13:36:22,479 [346062cc-ad15-42e2-9beb-d47eb155c827@group-7B2A6DBAC859:LeaderElection18] INFO  server.RaftServerConfigKeys (ConfUtils.java:logGet(43)) - raft.server.staging.catchup.gap = 1000 (default)
2019-09-26 13:36:22,479 [1d0de9a6-3b8a-4f01-86ad-2ac4521aa9e5@group-633AA6283C01:LeaderElection19] INFO  impl.RaftServerImpl (RaftServerImpl.java:setRole(174)) - 1d0de9a6-3b8a-4f01-86ad-2ac4521aa9e5@group-633AA6283C01: changes role from CANDIDATE to LEADER at term 1 for changeToLeader
2019-09-26 13:36:22,479 [346062cc-ad15-42e2-9beb-d47eb155c827@group-7B2A6DBAC859:LeaderElection18] INFO  server.RaftServerConfigKeys (ConfUtils.java:logGet(43)) - raft.server.rpc.sleep.time = 25ms (default)
2019-09-26 13:36:22,479 [1d0de9a6-3b8a-4f01-86ad-2ac4521aa9e5@group-633AA6283C01:LeaderElection19] INFO  impl.RaftServerImpl (ServerState.java:setLeader(253)) - 1d0de9a6-3b8a-4f01-86ad-2ac4521aa9e5@group-633AA6283C01: change Leader from null to 1d0de9a6-3b8a-4f01-86ad-2ac4521aa9e5 at term 1 for becomeLeader, leader elected after 5196ms
2019-09-26 13:36:22,479 [346062cc-ad15-42e2-9beb-d47eb155c827@group-7B2A6DBAC859:LeaderElection18] INFO  server.RaftServerConfigKeys (ConfUtils.java:logGet(43)) - raft.server.write.element-limit = 4096 (default)
2019-09-26 13:36:22,479 [1d0de9a6-3b8a-4f01-86ad-2ac4521aa9e5@group-633AA6283C01:LeaderElection19] INFO  server.RaftServerConfigKeys (ConfUtils.java:logGet(43)) - raft.server.staging.catchup.gap = 1000 (default)
2019-09-26 13:36:22,480 [346062cc-ad15-42e2-9beb-d47eb155c827@group-7B2A6DBAC859:LeaderElection18] INFO  server.RaftServerConfigKeys (ConfUtils.java:logGet(43)) - raft.server.watch.timeout = 10s (default)
2019-09-26 13:36:22,480 [1d0de9a6-3b8a-4f01-86ad-2ac4521aa9e5@group-633AA6283C01:LeaderElection19] INFO  server.RaftServerConfigKeys (ConfUtils.java:logGet(43)) - raft.server.rpc.sleep.time = 25ms (default)
2019-09-26 13:36:22,480 [346062cc-ad15-42e2-9beb-d47eb155c827@group-7B2A6DBAC859:LeaderElection18] INFO  server.RaftServerConfigKeys (ConfUtils.java:logGet(43)) - raft.server.watch.timeout.denomination = 1s (default)
2019-09-26 13:36:22,480 [1d0de9a6-3b8a-4f01-86ad-2ac4521aa9e5@group-633AA6283C01:LeaderElection19] INFO  server.RaftServerConfigKeys (ConfUtils.java:logGet(43)) - raft.server.write.element-limit = 4096 (default)
2019-09-26 13:36:22,480 [346062cc-ad15-42e2-9beb-d47eb155c827@group-7B2A6DBAC859:LeaderElection18] INFO  server.RaftServerConfigKeys (ConfUtils.java:logGet(43)) - raft.server.watch.element-limit = 65536 (default)
2019-09-26 13:36:22,480 [1d0de9a6-3b8a-4f01-86ad-2ac4521aa9e5@group-633AA6283C01:LeaderElection19] INFO  server.RaftServerConfigKeys (ConfUtils.java:logGet(43)) - raft.server.watch.timeout = 10s (default)
2019-09-26 13:36:22,481 [1d0de9a6-3b8a-4f01-86ad-2ac4521aa9e5@group-633AA6283C01:LeaderElection19] INFO  server.RaftServerConfigKeys (ConfUtils.java:logGet(43)) - raft.server.watch.timeout.denomination = 1s (default)
2019-09-26 13:36:22,481 [1d0de9a6-3b8a-4f01-86ad-2ac4521aa9e5@group-633AA6283C01:LeaderElection19] INFO  server.RaftServerConfigKeys (ConfUtils.java:logGet(43)) - raft.server.watch.element-limit = 65536 (default)
2019-09-26 13:36:22,484 [346062cc-ad15-42e2-9beb-d47eb155c827@group-7B2A6DBAC859:LeaderElection18] INFO  impl.RoleInfo (RoleInfo.java:updateAndGet(143)) - 346062cc-ad15-42e2-9beb-d47eb155c827: start LeaderState
2019-09-26 13:36:22,484 [1d0de9a6-3b8a-4f01-86ad-2ac4521aa9e5@group-633AA6283C01:LeaderElection19] INFO  impl.RoleInfo (RoleInfo.java:updateAndGet(143)) - 1d0de9a6-3b8a-4f01-86ad-2ac4521aa9e5: start LeaderState
2019-09-26 13:36:22,484 [346062cc-ad15-42e2-9beb-d47eb155c827@group-7B2A6DBAC859:LeaderElection18] INFO  segmented.SegmentedRaftLogWorker (SegmentedRaftLogWorker.java:startLogSegment(380)) - 346062cc-ad15-42e2-9beb-d47eb155c827@group-7B2A6DBAC859-SegmentedRaftLogWorker: Starting segment from index:0
2019-09-26 13:36:22,485 [1d0de9a6-3b8a-4f01-86ad-2ac4521aa9e5@group-633AA6283C01:LeaderElection19] INFO  segmented.SegmentedRaftLogWorker (SegmentedRaftLogWorker.java:startLogSegment(380)) - 1d0de9a6-3b8a-4f01-86ad-2ac4521aa9e5@group-633AA6283C01-SegmentedRaftLogWorker: Starting segment from index:0
2019-09-26 13:36:22,485 [346062cc-ad15-42e2-9beb-d47eb155c827@group-7B2A6DBAC859:LeaderElection18] INFO  impl.RaftServerImpl (ServerState.java:setRaftConf(354)) - 346062cc-ad15-42e2-9beb-d47eb155c827@group-7B2A6DBAC859: set configuration 0: [346062cc-ad15-42e2-9beb-d47eb155c827:192.168.164.238:43674], old=null at 0
2019-09-26 13:36:22,485 [1d0de9a6-3b8a-4f01-86ad-2ac4521aa9e5@group-633AA6283C01:LeaderElection19] INFO  impl.RaftServerImpl (ServerState.java:setRaftConf(354)) - 1d0de9a6-3b8a-4f01-86ad-2ac4521aa9e5@group-633AA6283C01: set configuration 0: [1d0de9a6-3b8a-4f01-86ad-2ac4521aa9e5:192.168.164.238:45430], old=null at 0
2019-09-26 13:36:22,543 [1d0de9a6-3b8a-4f01-86ad-2ac4521aa9e5@group-633AA6283C01-SegmentedRaftLogWorker] INFO  segmented.SegmentedRaftLogWorker (SegmentedRaftLogWorker.java:execute(569)) - 1d0de9a6-3b8a-4f01-86ad-2ac4521aa9e5@group-633AA6283C01-SegmentedRaftLogWorker: created new log segment /workdir/hadoop-ozone/tools/target/test-dir/MiniOzoneClusterImpl-9370444f-6a38-4216-baa9-a19329eb6ac6/datanode-2/data/ratis/79dd93ec-de4c-4eed-8ad3-633aa6283c01/current/log_inprogress_0
2019-09-26 13:36:22,543 [346062cc-ad15-42e2-9beb-d47eb155c827@group-7B2A6DBAC859-SegmentedRaftLogWorker] INFO  segmented.SegmentedRaftLogWorker (SegmentedRaftLogWorker.java:execute(569)) - 346062cc-ad15-42e2-9beb-d47eb155c827@group-7B2A6DBAC859-SegmentedRaftLogWorker: created new log segment /workdir/hadoop-ozone/tools/target/test-dir/MiniOzoneClusterImpl-9370444f-6a38-4216-baa9-a19329eb6ac6/datanode-4/data/ratis/cdd8351b-040e-4d7b-ad86-7b2a6dbac859/current/log_inprogress_0
2019-09-26 13:36:22,552 [Thread-279] INFO  impl.FollowerState (FollowerState.java:run(106)) - 346062cc-ad15-42e2-9beb-d47eb155c827:group-62752CF42BDD changes to CANDIDATE, lastRpcTime:5014, electionTimeout:5014ms
2019-09-26 13:36:22,552 [Thread-279] INFO  impl.RoleInfo (RoleInfo.java:shutdownFollowerState(121)) - 346062cc-ad15-42e2-9beb-d47eb155c827: shutdown FollowerState
2019-09-26 13:36:22,552 [Thread-279] INFO  impl.RaftServerImpl (RaftServerImpl.java:setRole(174)) - 346062cc-ad15-42e2-9beb-d47eb155c827@group-62752CF42BDD: changes role from  FOLLOWER to CANDIDATE at term 0 for changeToCandidate
2019-09-26 13:36:22,553 [Thread-279] INFO  impl.RoleInfo (RoleInfo.java:updateAndGet(143)) - 346062cc-ad15-42e2-9beb-d47eb155c827: start LeaderElection
2019-09-26 13:36:22,574 [Thread-276] INFO  impl.FollowerState (FollowerState.java:run(106)) - 346062cc-ad15-42e2-9beb-d47eb155c827:group-620639CECA5F changes to CANDIDATE, lastRpcTime:5088, electionTimeout:5088ms
2019-09-26 13:36:22,574 [Thread-276] INFO  impl.RoleInfo (RoleInfo.java:shutdownFollowerState(121)) - 346062cc-ad15-42e2-9beb-d47eb155c827: shutdown FollowerState
2019-09-26 13:36:22,575 [Thread-276] INFO  impl.RaftServerImpl (RaftServerImpl.java:setRole(174)) - 346062cc-ad15-42e2-9beb-d47eb155c827@group-620639CECA5F: changes role from  FOLLOWER to CANDIDATE at term 0 for changeToCandidate
2019-09-26 13:36:22,575 [Thread-276] INFO  impl.RoleInfo (RoleInfo.java:updateAndGet(143)) - 346062cc-ad15-42e2-9beb-d47eb155c827: start LeaderElection
2019-09-26 13:36:22,583 [346062cc-ad15-42e2-9beb-d47eb155c827@group-620639CECA5F:LeaderElection21] INFO  impl.LeaderElection (LeaderElection.java:askForVotes(182)) - 346062cc-ad15-42e2-9beb-d47eb155c827@group-620639CECA5F:LeaderElection21: begin an election at term 1 for -1: [346062cc-ad15-42e2-9beb-d47eb155c827:192.168.164.238:43674], old=null
2019-09-26 13:36:22,583 [346062cc-ad15-42e2-9beb-d47eb155c827@group-62752CF42BDD:LeaderElection20] INFO  impl.LeaderElection (LeaderElection.java:askForVotes(182)) - 346062cc-ad15-42e2-9beb-d47eb155c827@group-62752CF42BDD:LeaderElection20: begin an election at term 1 for -1: [346062cc-ad15-42e2-9beb-d47eb155c827:192.168.164.238:43674], old=null
2019-09-26 13:36:22,584 [346062cc-ad15-42e2-9beb-d47eb155c827@group-620639CECA5F:LeaderElection21] INFO  impl.RoleInfo (RoleInfo.java:shutdownLeaderElection(134)) - 346062cc-ad15-42e2-9beb-d47eb155c827: shutdown LeaderElection
2019-09-26 13:36:22,584 [346062cc-ad15-42e2-9beb-d47eb155c827@group-62752CF42BDD:LeaderElection20] INFO  impl.RoleInfo (RoleInfo.java:shutdownLeaderElection(134)) - 346062cc-ad15-42e2-9beb-d47eb155c827: shutdown LeaderElection
2019-09-26 13:36:22,584 [346062cc-ad15-42e2-9beb-d47eb155c827@group-620639CECA5F:LeaderElection21] INFO  impl.RaftServerImpl (RaftServerImpl.java:setRole(174)) - 346062cc-ad15-42e2-9beb-d47eb155c827@group-620639CECA5F: changes role from CANDIDATE to LEADER at term 1 for changeToLeader
2019-09-26 13:36:22,584 [346062cc-ad15-42e2-9beb-d47eb155c827@group-62752CF42BDD:LeaderElection20] INFO  impl.RaftServerImpl (RaftServerImpl.java:setRole(174)) - 346062cc-ad15-42e2-9beb-d47eb155c827@group-62752CF42BDD: changes role from CANDIDATE to LEADER at term 1 for changeToLeader
2019-09-26 13:36:22,584 [346062cc-ad15-42e2-9beb-d47eb155c827@group-620639CECA5F:LeaderElection21] INFO  impl.RaftServerImpl (ServerState.java:setLeader(253)) - 346062cc-ad15-42e2-9beb-d47eb155c827@group-620639CECA5F: change Leader from null to 346062cc-ad15-42e2-9beb-d47eb155c827 at term 1 for becomeLeader, leader elected after 5105ms
2019-09-26 13:36:22,584 [346062cc-ad15-42e2-9beb-d47eb155c827@group-62752CF42BDD:LeaderElection20] INFO  impl.RaftServerImpl (ServerState.java:setLeader(253)) - 346062cc-ad15-42e2-9beb-d47eb155c827@group-62752CF42BDD: change Leader from null to 346062cc-ad15-42e2-9beb-d47eb155c827 at term 1 for becomeLeader, leader elected after 5052ms
2019-09-26 13:36:22,584 [346062cc-ad15-42e2-9beb-d47eb155c827@group-620639CECA5F:LeaderElection21] INFO  server.RaftServerConfigKeys (ConfUtils.java:logGet(43)) - raft.server.staging.catchup.gap = 1000 (default)
2019-09-26 13:36:22,585 [346062cc-ad15-42e2-9beb-d47eb155c827@group-62752CF42BDD:LeaderElection20] INFO  server.RaftServerConfigKeys (ConfUtils.java:logGet(43)) - raft.server.staging.catchup.gap = 1000 (default)
2019-09-26 13:36:22,585 [346062cc-ad15-42e2-9beb-d47eb155c827@group-620639CECA5F:LeaderElection21] INFO  server.RaftServerConfigKeys (ConfUtils.java:logGet(43)) - raft.server.rpc.sleep.time = 25ms (default)
2019-09-26 13:36:22,585 [346062cc-ad15-42e2-9beb-d47eb155c827@group-62752CF42BDD:LeaderElection20] INFO  server.RaftServerConfigKeys (ConfUtils.java:logGet(43)) - raft.server.rpc.sleep.time = 25ms (default)
2019-09-26 13:36:22,585 [346062cc-ad15-42e2-9beb-d47eb155c827@group-620639CECA5F:LeaderElection21] INFO  server.RaftServerConfigKeys (ConfUtils.java:logGet(43)) - raft.server.write.element-limit = 4096 (default)
2019-09-26 13:36:22,585 [346062cc-ad15-42e2-9beb-d47eb155c827@group-62752CF42BDD:LeaderElection20] INFO  server.RaftServerConfigKeys (ConfUtils.java:logGet(43)) - raft.server.write.element-limit = 4096 (default)
2019-09-26 13:36:22,585 [346062cc-ad15-42e2-9beb-d47eb155c827@group-620639CECA5F:LeaderElection21] INFO  server.RaftServerConfigKeys (ConfUtils.java:logGet(43)) - raft.server.watch.timeout = 10s (default)
2019-09-26 13:36:22,586 [346062cc-ad15-42e2-9beb-d47eb155c827@group-62752CF42BDD:LeaderElection20] INFO  server.RaftServerConfigKeys (ConfUtils.java:logGet(43)) - raft.server.watch.timeout = 10s (default)
2019-09-26 13:36:22,586 [346062cc-ad15-42e2-9beb-d47eb155c827@group-620639CECA5F:LeaderElection21] INFO  server.RaftServerConfigKeys (ConfUtils.java:logGet(43)) - raft.server.watch.timeout.denomination = 1s (default)
2019-09-26 13:36:22,586 [346062cc-ad15-42e2-9beb-d47eb155c827@group-62752CF42BDD:LeaderElection20] INFO  server.RaftServerConfigKeys (ConfUtils.java:logGet(43)) - raft.server.watch.timeout.denomination = 1s (default)
2019-09-26 13:36:22,586 [346062cc-ad15-42e2-9beb-d47eb155c827@group-620639CECA5F:LeaderElection21] INFO  server.RaftServerConfigKeys (ConfUtils.java:logGet(43)) - raft.server.watch.element-limit = 65536 (default)
2019-09-26 13:36:22,586 [346062cc-ad15-42e2-9beb-d47eb155c827@group-62752CF42BDD:LeaderElection20] INFO  server.RaftServerConfigKeys (ConfUtils.java:logGet(43)) - raft.server.watch.element-limit = 65536 (default)
2019-09-26 13:36:22,590 [346062cc-ad15-42e2-9beb-d47eb155c827@group-620639CECA5F:LeaderElection21] INFO  impl.RoleInfo (RoleInfo.java:updateAndGet(143)) - 346062cc-ad15-42e2-9beb-d47eb155c827: start LeaderState
2019-09-26 13:36:22,590 [346062cc-ad15-42e2-9beb-d47eb155c827@group-620639CECA5F:LeaderElection21] INFO  segmented.SegmentedRaftLogWorker (SegmentedRaftLogWorker.java:startLogSegment(380)) - 346062cc-ad15-42e2-9beb-d47eb155c827@group-620639CECA5F-SegmentedRaftLogWorker: Starting segment from index:0
2019-09-26 13:36:22,590 [346062cc-ad15-42e2-9beb-d47eb155c827@group-62752CF42BDD:LeaderElection20] INFO  impl.RoleInfo (RoleInfo.java:updateAndGet(143)) - 346062cc-ad15-42e2-9beb-d47eb155c827: start LeaderState
2019-09-26 13:36:22,591 [346062cc-ad15-42e2-9beb-d47eb155c827@group-620639CECA5F:LeaderElection21] INFO  impl.RaftServerImpl (ServerState.java:setRaftConf(354)) - 346062cc-ad15-42e2-9beb-d47eb155c827@group-620639CECA5F: set configuration 0: [346062cc-ad15-42e2-9beb-d47eb155c827:192.168.164.238:43674], old=null at 0
2019-09-26 13:36:22,591 [346062cc-ad15-42e2-9beb-d47eb155c827@group-62752CF42BDD:LeaderElection20] INFO  segmented.SegmentedRaftLogWorker (SegmentedRaftLogWorker.java:startLogSegment(380)) - 346062cc-ad15-42e2-9beb-d47eb155c827@group-62752CF42BDD-SegmentedRaftLogWorker: Starting segment from index:0
2019-09-26 13:36:22,626 [Thread-273] INFO  impl.FollowerState (FollowerState.java:run(106)) - 782e32e3-c0a7-42e5-b748-90e00549b00d:group-8EDBFE1E79E6 changes to CANDIDATE, lastRpcTime:5214, electionTimeout:5192ms
2019-09-26 13:36:22,627 [Thread-273] INFO  impl.RoleInfo (RoleInfo.java:shutdownFollowerState(121)) - 782e32e3-c0a7-42e5-b748-90e00549b00d: shutdown FollowerState
2019-09-26 13:36:22,627 [346062cc-ad15-42e2-9beb-d47eb155c827@group-62752CF42BDD:LeaderElection20] INFO  impl.RaftServerImpl (ServerState.java:setRaftConf(354)) - 346062cc-ad15-42e2-9beb-d47eb155c827@group-62752CF42BDD: set configuration 0: [346062cc-ad15-42e2-9beb-d47eb155c827:192.168.164.238:43674], old=null at 0
2019-09-26 13:36:22,656 [Thread-273] INFO  impl.RaftServerImpl (RaftServerImpl.java:setRole(174)) - 782e32e3-c0a7-42e5-b748-90e00549b00d@group-8EDBFE1E79E6: changes role from  FOLLOWER to CANDIDATE at term 0 for changeToCandidate
2019-09-26 13:36:22,656 [Thread-282] INFO  impl.FollowerState (FollowerState.java:run(106)) - 0846c5d9-d8fd-49e0-9805-817523babe5a:group-DAD0DFD77F61 changes to CANDIDATE, lastRpcTime:5064, electionTimeout:5042ms
2019-09-26 13:36:22,656 [346062cc-ad15-42e2-9beb-d47eb155c827@group-620639CECA5F-SegmentedRaftLogWorker] INFO  segmented.SegmentedRaftLogWorker (SegmentedRaftLogWorker.java:execute(569)) - 346062cc-ad15-42e2-9beb-d47eb155c827@group-620639CECA5F-SegmentedRaftLogWorker: created new log segment /workdir/hadoop-ozone/tools/target/test-dir/MiniOzoneClusterImpl-9370444f-6a38-4216-baa9-a19329eb6ac6/datanode-4/data/ratis/f14f2ec4-a4d3-411e-932b-620639ceca5f/current/log_inprogress_0
2019-09-26 13:36:22,658 [Thread-282] INFO  impl.RoleInfo (RoleInfo.java:shutdownFollowerState(121)) - 0846c5d9-d8fd-49e0-9805-817523babe5a: shutdown FollowerState
2019-09-26 13:36:22,658 [Thread-273] INFO  impl.RoleInfo (RoleInfo.java:updateAndGet(143)) - 782e32e3-c0a7-42e5-b748-90e00549b00d: start LeaderElection
2019-09-26 13:36:22,659 [Thread-282] INFO  impl.RaftServerImpl (RaftServerImpl.java:setRole(174)) - 0846c5d9-d8fd-49e0-9805-817523babe5a@group-DAD0DFD77F61: changes role from  FOLLOWER to CANDIDATE at term 0 for changeToCandidate
2019-09-26 13:36:22,659 [Thread-282] INFO  impl.RoleInfo (RoleInfo.java:updateAndGet(143)) - 0846c5d9-d8fd-49e0-9805-817523babe5a: start LeaderElection
2019-09-26 13:36:22,669 [346062cc-ad15-42e2-9beb-d47eb155c827@group-62752CF42BDD-SegmentedRaftLogWorker] INFO  segmented.SegmentedRaftLogWorker (SegmentedRaftLogWorker.java:execute(569)) - 346062cc-ad15-42e2-9beb-d47eb155c827@group-62752CF42BDD-SegmentedRaftLogWorker: created new log segment /workdir/hadoop-ozone/tools/target/test-dir/MiniOzoneClusterImpl-9370444f-6a38-4216-baa9-a19329eb6ac6/datanode-4/data/ratis/63f064c4-fe73-4a6d-8956-62752cf42bdd/current/log_inprogress_0
2019-09-26 13:36:22,669 [0846c5d9-d8fd-49e0-9805-817523babe5a@group-DAD0DFD77F61:LeaderElection23] INFO  impl.LeaderElection (LeaderElection.java:askForVotes(182)) - 0846c5d9-d8fd-49e0-9805-817523babe5a@group-DAD0DFD77F61:LeaderElection23: begin an election at term 1 for -1: [0846c5d9-d8fd-49e0-9805-817523babe5a:192.168.164.238:38031], old=null
2019-09-26 13:36:22,669 [782e32e3-c0a7-42e5-b748-90e00549b00d@group-8EDBFE1E79E6:LeaderElection22] INFO  impl.LeaderElection (LeaderElection.java:askForVotes(182)) - 782e32e3-c0a7-42e5-b748-90e00549b00d@group-8EDBFE1E79E6:LeaderElection22: begin an election at term 1 for -1: [782e32e3-c0a7-42e5-b748-90e00549b00d:192.168.164.238:33921], old=null
2019-09-26 13:36:22,669 [0846c5d9-d8fd-49e0-9805-817523babe5a@group-DAD0DFD77F61:LeaderElection23] INFO  impl.RoleInfo (RoleInfo.java:shutdownLeaderElection(134)) - 0846c5d9-d8fd-49e0-9805-817523babe5a: shutdown LeaderElection
2019-09-26 13:36:22,669 [782e32e3-c0a7-42e5-b748-90e00549b00d@group-8EDBFE1E79E6:LeaderElection22] INFO  impl.RoleInfo (RoleInfo.java:shutdownLeaderElection(134)) - 782e32e3-c0a7-42e5-b748-90e00549b00d: shutdown LeaderElection
2019-09-26 13:36:22,669 [0846c5d9-d8fd-49e0-9805-817523babe5a@group-DAD0DFD77F61:LeaderElection23] INFO  impl.RaftServerImpl (RaftServerImpl.java:setRole(174)) - 0846c5d9-d8fd-49e0-9805-817523babe5a@group-DAD0DFD77F61: changes role from CANDIDATE to LEADER at term 1 for changeToLeader
2019-09-26 13:36:22,669 [782e32e3-c0a7-42e5-b748-90e00549b00d@group-8EDBFE1E79E6:LeaderElection22] INFO  impl.RaftServerImpl (RaftServerImpl.java:setRole(174)) - 782e32e3-c0a7-42e5-b748-90e00549b00d@group-8EDBFE1E79E6: changes role from CANDIDATE to LEADER at term 1 for changeToLeader
2019-09-26 13:36:22,670 [0846c5d9-d8fd-49e0-9805-817523babe5a@group-DAD0DFD77F61:LeaderElection23] INFO  impl.RaftServerImpl (ServerState.java:setLeader(253)) - 0846c5d9-d8fd-49e0-9805-817523babe5a@group-DAD0DFD77F61: change Leader from null to 0846c5d9-d8fd-49e0-9805-817523babe5a at term 1 for becomeLeader, leader elected after 5085ms
2019-09-26 13:36:22,670 [782e32e3-c0a7-42e5-b748-90e00549b00d@group-8EDBFE1E79E6:LeaderElection22] INFO  impl.RaftServerImpl (ServerState.java:setLeader(253)) - 782e32e3-c0a7-42e5-b748-90e00549b00d@group-8EDBFE1E79E6: change Leader from null to 782e32e3-c0a7-42e5-b748-90e00549b00d at term 1 for becomeLeader, leader elected after 5264ms
2019-09-26 13:36:22,670 [0846c5d9-d8fd-49e0-9805-817523babe5a@group-DAD0DFD77F61:LeaderElection23] INFO  server.RaftServerConfigKeys (ConfUtils.java:logGet(43)) - raft.server.staging.catchup.gap = 1000 (default)
2019-09-26 13:36:22,670 [782e32e3-c0a7-42e5-b748-90e00549b00d@group-8EDBFE1E79E6:LeaderElection22] INFO  server.RaftServerConfigKeys (ConfUtils.java:logGet(43)) - raft.server.staging.catchup.gap = 1000 (default)
2019-09-26 13:36:22,670 [0846c5d9-d8fd-49e0-9805-817523babe5a@group-DAD0DFD77F61:LeaderElection23] INFO  server.RaftServerConfigKeys (ConfUtils.java:logGet(43)) - raft.server.rpc.sleep.time = 25ms (default)
2019-09-26 13:36:22,670 [782e32e3-c0a7-42e5-b748-90e00549b00d@group-8EDBFE1E79E6:LeaderElection22] INFO  server.RaftServerConfigKeys (ConfUtils.java:logGet(43)) - raft.server.rpc.sleep.time = 25ms (default)
2019-09-26 13:36:22,671 [0846c5d9-d8fd-49e0-9805-817523babe5a@group-DAD0DFD77F61:LeaderElection23] INFO  server.RaftServerConfigKeys (ConfUtils.java:logGet(43)) - raft.server.write.element-limit = 4096 (default)
2019-09-26 13:36:22,671 [782e32e3-c0a7-42e5-b748-90e00549b00d@group-8EDBFE1E79E6:LeaderElection22] INFO  server.RaftServerConfigKeys (ConfUtils.java:logGet(43)) - raft.server.write.element-limit = 4096 (default)
2019-09-26 13:36:22,671 [0846c5d9-d8fd-49e0-9805-817523babe5a@group-DAD0DFD77F61:LeaderElection23] INFO  server.RaftServerConfigKeys (ConfUtils.java:logGet(43)) - raft.server.watch.timeout = 10s (default)
2019-09-26 13:36:22,671 [782e32e3-c0a7-42e5-b748-90e00549b00d@group-8EDBFE1E79E6:LeaderElection22] INFO  server.RaftServerConfigKeys (ConfUtils.java:logGet(43)) - raft.server.watch.timeout = 10s (default)
2019-09-26 13:36:22,671 [0846c5d9-d8fd-49e0-9805-817523babe5a@group-DAD0DFD77F61:LeaderElection23] INFO  server.RaftServerConfigKeys (ConfUtils.java:logGet(43)) - raft.server.watch.timeout.denomination = 1s (default)
2019-09-26 13:36:22,671 [782e32e3-c0a7-42e5-b748-90e00549b00d@group-8EDBFE1E79E6:LeaderElection22] INFO  server.RaftServerConfigKeys (ConfUtils.java:logGet(43)) - raft.server.watch.timeout.denomination = 1s (default)
2019-09-26 13:36:22,671 [0846c5d9-d8fd-49e0-9805-817523babe5a@group-DAD0DFD77F61:LeaderElection23] INFO  server.RaftServerConfigKeys (ConfUtils.java:logGet(43)) - raft.server.watch.element-limit = 65536 (default)
2019-09-26 13:36:22,672 [782e32e3-c0a7-42e5-b748-90e00549b00d@group-8EDBFE1E79E6:LeaderElection22] INFO  server.RaftServerConfigKeys (ConfUtils.java:logGet(43)) - raft.server.watch.element-limit = 65536 (default)
2019-09-26 13:36:22,675 [0846c5d9-d8fd-49e0-9805-817523babe5a@group-DAD0DFD77F61:LeaderElection23] INFO  impl.RoleInfo (RoleInfo.java:updateAndGet(143)) - 0846c5d9-d8fd-49e0-9805-817523babe5a: start LeaderState
2019-09-26 13:36:22,675 [782e32e3-c0a7-42e5-b748-90e00549b00d@group-8EDBFE1E79E6:LeaderElection22] INFO  impl.RoleInfo (RoleInfo.java:updateAndGet(143)) - 782e32e3-c0a7-42e5-b748-90e00549b00d: start LeaderState
2019-09-26 13:36:22,675 [0846c5d9-d8fd-49e0-9805-817523babe5a@group-DAD0DFD77F61:LeaderElection23] INFO  segmented.SegmentedRaftLogWorker (SegmentedRaftLogWorker.java:startLogSegment(380)) - 0846c5d9-d8fd-49e0-9805-817523babe5a@group-DAD0DFD77F61-SegmentedRaftLogWorker: Starting segment from index:0
2019-09-26 13:36:22,675 [782e32e3-c0a7-42e5-b748-90e00549b00d@group-8EDBFE1E79E6:LeaderElection22] INFO  segmented.SegmentedRaftLogWorker (SegmentedRaftLogWorker.java:startLogSegment(380)) - 782e32e3-c0a7-42e5-b748-90e00549b00d@group-8EDBFE1E79E6-SegmentedRaftLogWorker: Starting segment from index:0
2019-09-26 13:36:22,676 [0846c5d9-d8fd-49e0-9805-817523babe5a@group-DAD0DFD77F61:LeaderElection23] INFO  impl.RaftServerImpl (ServerState.java:setRaftConf(354)) - 0846c5d9-d8fd-49e0-9805-817523babe5a@group-DAD0DFD77F61: set configuration 0: [0846c5d9-d8fd-49e0-9805-817523babe5a:192.168.164.238:38031], old=null at 0
2019-09-26 13:36:22,716 [782e32e3-c0a7-42e5-b748-90e00549b00d@group-8EDBFE1E79E6:LeaderElection22] INFO  impl.RaftServerImpl (ServerState.java:setRaftConf(354)) - 782e32e3-c0a7-42e5-b748-90e00549b00d@group-8EDBFE1E79E6: set configuration 0: [782e32e3-c0a7-42e5-b748-90e00549b00d:192.168.164.238:33921], old=null at 0
2019-09-26 13:36:22,761 [0846c5d9-d8fd-49e0-9805-817523babe5a@group-DAD0DFD77F61-SegmentedRaftLogWorker] INFO  segmented.SegmentedRaftLogWorker (SegmentedRaftLogWorker.java:execute(569)) - 0846c5d9-d8fd-49e0-9805-817523babe5a@group-DAD0DFD77F61-SegmentedRaftLogWorker: created new log segment /workdir/hadoop-ozone/tools/target/test-dir/MiniOzoneClusterImpl-9370444f-6a38-4216-baa9-a19329eb6ac6/datanode-1/data/ratis/e8a7eb3e-673c-4c12-9635-dad0dfd77f61/current/log_inprogress_0
2019-09-26 13:36:22,767 [Thread-288] INFO  impl.FollowerState (FollowerState.java:run(106)) - eded3bc9-84b9-4250-ab82-94085e7bf343:group-48B0AE07200B changes to CANDIDATE, lastRpcTime:5068, electionTimeout:5068ms
2019-09-26 13:36:22,768 [Thread-288] INFO  impl.RoleInfo (RoleInfo.java:shutdownFollowerState(121)) - eded3bc9-84b9-4250-ab82-94085e7bf343: shutdown FollowerState
2019-09-26 13:36:22,768 [Thread-288] INFO  impl.RaftServerImpl (RaftServerImpl.java:setRole(174)) - eded3bc9-84b9-4250-ab82-94085e7bf343@group-48B0AE07200B: changes role from  FOLLOWER to CANDIDATE at term 0 for changeToCandidate
2019-09-26 13:36:22,768 [Thread-288] INFO  impl.RoleInfo (RoleInfo.java:updateAndGet(143)) - eded3bc9-84b9-4250-ab82-94085e7bf343: start LeaderElection
2019-09-26 13:36:22,774 [782e32e3-c0a7-42e5-b748-90e00549b00d@group-8EDBFE1E79E6-SegmentedRaftLogWorker] INFO  segmented.SegmentedRaftLogWorker (SegmentedRaftLogWorker.java:execute(569)) - 782e32e3-c0a7-42e5-b748-90e00549b00d@group-8EDBFE1E79E6-SegmentedRaftLogWorker: created new log segment /workdir/hadoop-ozone/tools/target/test-dir/MiniOzoneClusterImpl-9370444f-6a38-4216-baa9-a19329eb6ac6/datanode-3/data/ratis/d80107b4-e973-445c-9ac1-8edbfe1e79e6/current/log_inprogress_0
2019-09-26 13:36:22,774 [eded3bc9-84b9-4250-ab82-94085e7bf343@group-48B0AE07200B:LeaderElection24] INFO  impl.LeaderElection (LeaderElection.java:askForVotes(182)) - eded3bc9-84b9-4250-ab82-94085e7bf343@group-48B0AE07200B:LeaderElection24: begin an election at term 1 for -1: [eded3bc9-84b9-4250-ab82-94085e7bf343:192.168.164.238:43918], old=null
2019-09-26 13:36:22,775 [eded3bc9-84b9-4250-ab82-94085e7bf343@group-48B0AE07200B:LeaderElection24] INFO  impl.RoleInfo (RoleInfo.java:shutdownLeaderElection(134)) - eded3bc9-84b9-4250-ab82-94085e7bf343: shutdown LeaderElection
2019-09-26 13:36:22,775 [eded3bc9-84b9-4250-ab82-94085e7bf343@group-48B0AE07200B:LeaderElection24] INFO  impl.RaftServerImpl (RaftServerImpl.java:setRole(174)) - eded3bc9-84b9-4250-ab82-94085e7bf343@group-48B0AE07200B: changes role from CANDIDATE to LEADER at term 1 for changeToLeader
2019-09-26 13:36:22,775 [eded3bc9-84b9-4250-ab82-94085e7bf343@group-48B0AE07200B:LeaderElection24] INFO  impl.RaftServerImpl (ServerState.java:setLeader(253)) - eded3bc9-84b9-4250-ab82-94085e7bf343@group-48B0AE07200B: change Leader from null to eded3bc9-84b9-4250-ab82-94085e7bf343 at term 1 for becomeLeader, leader elected after 5084ms
2019-09-26 13:36:22,775 [eded3bc9-84b9-4250-ab82-94085e7bf343@group-48B0AE07200B:LeaderElection24] INFO  server.RaftServerConfigKeys (ConfUtils.java:logGet(43)) - raft.server.staging.catchup.gap = 1000 (default)
2019-09-26 13:36:22,775 [eded3bc9-84b9-4250-ab82-94085e7bf343@group-48B0AE07200B:LeaderElection24] INFO  server.RaftServerConfigKeys (ConfUtils.java:logGet(43)) - raft.server.rpc.sleep.time = 25ms (default)
2019-09-26 13:36:22,776 [eded3bc9-84b9-4250-ab82-94085e7bf343@group-48B0AE07200B:LeaderElection24] INFO  server.RaftServerConfigKeys (ConfUtils.java:logGet(43)) - raft.server.write.element-limit = 4096 (default)
2019-09-26 13:36:22,776 [eded3bc9-84b9-4250-ab82-94085e7bf343@group-48B0AE07200B:LeaderElection24] INFO  server.RaftServerConfigKeys (ConfUtils.java:logGet(43)) - raft.server.watch.timeout = 10s (default)
2019-09-26 13:36:22,776 [eded3bc9-84b9-4250-ab82-94085e7bf343@group-48B0AE07200B:LeaderElection24] INFO  server.RaftServerConfigKeys (ConfUtils.java:logGet(43)) - raft.server.watch.timeout.denomination = 1s (default)
2019-09-26 13:36:22,776 [eded3bc9-84b9-4250-ab82-94085e7bf343@group-48B0AE07200B:LeaderElection24] INFO  server.RaftServerConfigKeys (ConfUtils.java:logGet(43)) - raft.server.watch.element-limit = 65536 (default)
2019-09-26 13:36:22,780 [eded3bc9-84b9-4250-ab82-94085e7bf343@group-48B0AE07200B:LeaderElection24] INFO  impl.RoleInfo (RoleInfo.java:updateAndGet(143)) - eded3bc9-84b9-4250-ab82-94085e7bf343: start LeaderState
2019-09-26 13:36:22,780 [eded3bc9-84b9-4250-ab82-94085e7bf343@group-48B0AE07200B:LeaderElection24] INFO  segmented.SegmentedRaftLogWorker (SegmentedRaftLogWorker.java:startLogSegment(380)) - eded3bc9-84b9-4250-ab82-94085e7bf343@group-48B0AE07200B-SegmentedRaftLogWorker: Starting segment from index:0
2019-09-26 13:36:22,781 [eded3bc9-84b9-4250-ab82-94085e7bf343@group-48B0AE07200B:LeaderElection24] INFO  impl.RaftServerImpl (ServerState.java:setRaftConf(354)) - eded3bc9-84b9-4250-ab82-94085e7bf343@group-48B0AE07200B: set configuration 0: [eded3bc9-84b9-4250-ab82-94085e7bf343:192.168.164.238:43918], old=null at 0
2019-09-26 13:36:22,823 [Thread-285] INFO  impl.FollowerState (FollowerState.java:run(106)) - 782e32e3-c0a7-42e5-b748-90e00549b00d:group-0DC5B792A25C changes to CANDIDATE, lastRpcTime:5177, electionTimeout:5154ms
2019-09-26 13:36:22,823 [Thread-285] INFO  impl.RoleInfo (RoleInfo.java:shutdownFollowerState(121)) - 782e32e3-c0a7-42e5-b748-90e00549b00d: shutdown FollowerState
2019-09-26 13:36:22,824 [Thread-285] INFO  impl.RaftServerImpl (RaftServerImpl.java:setRole(174)) - 782e32e3-c0a7-42e5-b748-90e00549b00d@group-0DC5B792A25C: changes role from  FOLLOWER to CANDIDATE at term 0 for changeToCandidate
2019-09-26 13:36:22,824 [Thread-285] INFO  impl.RoleInfo (RoleInfo.java:updateAndGet(143)) - 782e32e3-c0a7-42e5-b748-90e00549b00d: start LeaderElection
2019-09-26 13:36:22,836 [eded3bc9-84b9-4250-ab82-94085e7bf343@group-48B0AE07200B-SegmentedRaftLogWorker] INFO  segmented.SegmentedRaftLogWorker (SegmentedRaftLogWorker.java:execute(569)) - eded3bc9-84b9-4250-ab82-94085e7bf343@group-48B0AE07200B-SegmentedRaftLogWorker: created new log segment /workdir/hadoop-ozone/tools/target/test-dir/MiniOzoneClusterImpl-9370444f-6a38-4216-baa9-a19329eb6ac6/datanode-0/data/ratis/24f654aa-8fbe-4527-9519-48b0ae07200b/current/log_inprogress_0
2019-09-26 13:36:22,836 [782e32e3-c0a7-42e5-b748-90e00549b00d@group-0DC5B792A25C:LeaderElection25] INFO  impl.LeaderElection (LeaderElection.java:askForVotes(182)) - 782e32e3-c0a7-42e5-b748-90e00549b00d@group-0DC5B792A25C:LeaderElection25: begin an election at term 1 for -1: [782e32e3-c0a7-42e5-b748-90e00549b00d:192.168.164.238:33921], old=null
2019-09-26 13:36:22,836 [782e32e3-c0a7-42e5-b748-90e00549b00d@group-0DC5B792A25C:LeaderElection25] INFO  impl.RoleInfo (RoleInfo.java:shutdownLeaderElection(134)) - 782e32e3-c0a7-42e5-b748-90e00549b00d: shutdown LeaderElection
2019-09-26 13:36:22,837 [782e32e3-c0a7-42e5-b748-90e00549b00d@group-0DC5B792A25C:LeaderElection25] INFO  impl.RaftServerImpl (RaftServerImpl.java:setRole(174)) - 782e32e3-c0a7-42e5-b748-90e00549b00d@group-0DC5B792A25C: changes role from CANDIDATE to LEADER at term 1 for changeToLeader
2019-09-26 13:36:22,837 [782e32e3-c0a7-42e5-b748-90e00549b00d@group-0DC5B792A25C:LeaderElection25] INFO  impl.RaftServerImpl (ServerState.java:setLeader(253)) - 782e32e3-c0a7-42e5-b748-90e00549b00d@group-0DC5B792A25C: change Leader from null to 782e32e3-c0a7-42e5-b748-90e00549b00d at term 1 for becomeLeader, leader elected after 5198ms
2019-09-26 13:36:22,837 [782e32e3-c0a7-42e5-b748-90e00549b00d@group-0DC5B792A25C:LeaderElection25] INFO  server.RaftServerConfigKeys (ConfUtils.java:logGet(43)) - raft.server.staging.catchup.gap = 1000 (default)
2019-09-26 13:36:22,837 [782e32e3-c0a7-42e5-b748-90e00549b00d@group-0DC5B792A25C:LeaderElection25] INFO  server.RaftServerConfigKeys (ConfUtils.java:logGet(43)) - raft.server.rpc.sleep.time = 25ms (default)
2019-09-26 13:36:22,837 [782e32e3-c0a7-42e5-b748-90e00549b00d@group-0DC5B792A25C:LeaderElection25] INFO  server.RaftServerConfigKeys (ConfUtils.java:logGet(43)) - raft.server.write.element-limit = 4096 (default)
2019-09-26 13:36:22,837 [782e32e3-c0a7-42e5-b748-90e00549b00d@group-0DC5B792A25C:LeaderElection25] INFO  server.RaftServerConfigKeys (ConfUtils.java:logGet(43)) - raft.server.watch.timeout = 10s (default)
2019-09-26 13:36:22,837 [782e32e3-c0a7-42e5-b748-90e00549b00d@group-0DC5B792A25C:LeaderElection25] INFO  server.RaftServerConfigKeys (ConfUtils.java:logGet(43)) - raft.server.watch.timeout.denomination = 1s (default)
2019-09-26 13:36:22,838 [782e32e3-c0a7-42e5-b748-90e00549b00d@group-0DC5B792A25C:LeaderElection25] INFO  server.RaftServerConfigKeys (ConfUtils.java:logGet(43)) - raft.server.watch.element-limit = 65536 (default)
2019-09-26 13:36:22,857 [Thread-294] INFO  impl.FollowerState (FollowerState.java:run(106)) - eded3bc9-84b9-4250-ab82-94085e7bf343:group-C32D8A3181D9 changes to CANDIDATE, lastRpcTime:5039, electionTimeout:5034ms
2019-09-26 13:36:22,857 [Thread-291] INFO  impl.FollowerState (FollowerState.java:run(106)) - eded3bc9-84b9-4250-ab82-94085e7bf343:group-04C1A7C50AE7 changes to CANDIDATE, lastRpcTime:5101, electionTimeout:5097ms
2019-09-26 13:36:22,858 [Thread-294] INFO  impl.RoleInfo (RoleInfo.java:shutdownFollowerState(121)) - eded3bc9-84b9-4250-ab82-94085e7bf343: shutdown FollowerState
2019-09-26 13:36:22,858 [Thread-294] INFO  impl.RaftServerImpl (RaftServerImpl.java:setRole(174)) - eded3bc9-84b9-4250-ab82-94085e7bf343@group-C32D8A3181D9: changes role from  FOLLOWER to CANDIDATE at term 0 for changeToCandidate
2019-09-26 13:36:22,858 [Thread-291] INFO  impl.RoleInfo (RoleInfo.java:shutdownFollowerState(121)) - eded3bc9-84b9-4250-ab82-94085e7bf343: shutdown FollowerState
2019-09-26 13:36:22,858 [Thread-294] INFO  impl.RoleInfo (RoleInfo.java:updateAndGet(143)) - eded3bc9-84b9-4250-ab82-94085e7bf343: start LeaderElection
2019-09-26 13:36:22,858 [Thread-291] INFO  impl.RaftServerImpl (RaftServerImpl.java:setRole(174)) - eded3bc9-84b9-4250-ab82-94085e7bf343@group-04C1A7C50AE7: changes role from  FOLLOWER to CANDIDATE at term 0 for changeToCandidate
2019-09-26 13:36:22,859 [Thread-291] INFO  impl.RoleInfo (RoleInfo.java:updateAndGet(143)) - eded3bc9-84b9-4250-ab82-94085e7bf343: start LeaderElection
2019-09-26 13:36:22,863 [782e32e3-c0a7-42e5-b748-90e00549b00d@group-0DC5B792A25C:LeaderElection25] INFO  impl.RoleInfo (RoleInfo.java:updateAndGet(143)) - 782e32e3-c0a7-42e5-b748-90e00549b00d: start LeaderState
2019-09-26 13:36:22,863 [782e32e3-c0a7-42e5-b748-90e00549b00d@group-0DC5B792A25C:LeaderElection25] INFO  segmented.SegmentedRaftLogWorker (SegmentedRaftLogWorker.java:startLogSegment(380)) - 782e32e3-c0a7-42e5-b748-90e00549b00d@group-0DC5B792A25C-SegmentedRaftLogWorker: Starting segment from index:0
2019-09-26 13:36:22,864 [782e32e3-c0a7-42e5-b748-90e00549b00d@group-0DC5B792A25C:LeaderElection25] INFO  impl.RaftServerImpl (ServerState.java:setRaftConf(354)) - 782e32e3-c0a7-42e5-b748-90e00549b00d@group-0DC5B792A25C: set configuration 0: [782e32e3-c0a7-42e5-b748-90e00549b00d:192.168.164.238:33921], old=null at 0
2019-09-26 13:36:22,896 [eded3bc9-84b9-4250-ab82-94085e7bf343@group-04C1A7C50AE7:LeaderElection27] INFO  impl.LeaderElection (LeaderElection.java:askForVotes(182)) - eded3bc9-84b9-4250-ab82-94085e7bf343@group-04C1A7C50AE7:LeaderElection27: begin an election at term 1 for -1: [eded3bc9-84b9-4250-ab82-94085e7bf343:192.168.164.238:43918], old=null
2019-09-26 13:36:22,896 [eded3bc9-84b9-4250-ab82-94085e7bf343@group-C32D8A3181D9:LeaderElection26] INFO  impl.LeaderElection (LeaderElection.java:askForVotes(182)) - eded3bc9-84b9-4250-ab82-94085e7bf343@group-C32D8A3181D9:LeaderElection26: begin an election at term 1 for -1: [eded3bc9-84b9-4250-ab82-94085e7bf343:192.168.164.238:43918], old=null
2019-09-26 13:36:22,897 [eded3bc9-84b9-4250-ab82-94085e7bf343@group-04C1A7C50AE7:LeaderElection27] INFO  impl.RoleInfo (RoleInfo.java:shutdownLeaderElection(134)) - eded3bc9-84b9-4250-ab82-94085e7bf343: shutdown LeaderElection
2019-09-26 13:36:22,897 [eded3bc9-84b9-4250-ab82-94085e7bf343@group-C32D8A3181D9:LeaderElection26] INFO  impl.RoleInfo (RoleInfo.java:shutdownLeaderElection(134)) - eded3bc9-84b9-4250-ab82-94085e7bf343: shutdown LeaderElection
2019-09-26 13:36:22,897 [eded3bc9-84b9-4250-ab82-94085e7bf343@group-04C1A7C50AE7:LeaderElection27] INFO  impl.RaftServerImpl (RaftServerImpl.java:setRole(174)) - eded3bc9-84b9-4250-ab82-94085e7bf343@group-04C1A7C50AE7: changes role from CANDIDATE to LEADER at term 1 for changeToLeader
2019-09-26 13:36:22,897 [eded3bc9-84b9-4250-ab82-94085e7bf343@group-C32D8A3181D9:LeaderElection26] INFO  impl.RaftServerImpl (RaftServerImpl.java:setRole(174)) - eded3bc9-84b9-4250-ab82-94085e7bf343@group-C32D8A3181D9: changes role from CANDIDATE to LEADER at term 1 for changeToLeader
2019-09-26 13:36:22,897 [eded3bc9-84b9-4250-ab82-94085e7bf343@group-04C1A7C50AE7:LeaderElection27] INFO  impl.RaftServerImpl (ServerState.java:setLeader(253)) - eded3bc9-84b9-4250-ab82-94085e7bf343@group-04C1A7C50AE7: change Leader from null to eded3bc9-84b9-4250-ab82-94085e7bf343 at term 1 for becomeLeader, leader elected after 5147ms
2019-09-26 13:36:22,897 [eded3bc9-84b9-4250-ab82-94085e7bf343@group-C32D8A3181D9:LeaderElection26] INFO  impl.RaftServerImpl (ServerState.java:setLeader(253)) - eded3bc9-84b9-4250-ab82-94085e7bf343@group-C32D8A3181D9: change Leader from null to eded3bc9-84b9-4250-ab82-94085e7bf343 at term 1 for becomeLeader, leader elected after 5094ms
2019-09-26 13:36:22,897 [eded3bc9-84b9-4250-ab82-94085e7bf343@group-04C1A7C50AE7:LeaderElection27] INFO  server.RaftServerConfigKeys (ConfUtils.java:logGet(43)) - raft.server.staging.catchup.gap = 1000 (default)
2019-09-26 13:36:22,898 [eded3bc9-84b9-4250-ab82-94085e7bf343@group-C32D8A3181D9:LeaderElection26] INFO  server.RaftServerConfigKeys (ConfUtils.java:logGet(43)) - raft.server.staging.catchup.gap = 1000 (default)
2019-09-26 13:36:22,898 [eded3bc9-84b9-4250-ab82-94085e7bf343@group-04C1A7C50AE7:LeaderElection27] INFO  server.RaftServerConfigKeys (ConfUtils.java:logGet(43)) - raft.server.rpc.sleep.time = 25ms (default)
2019-09-26 13:36:22,898 [eded3bc9-84b9-4250-ab82-94085e7bf343@group-C32D8A3181D9:LeaderElection26] INFO  server.RaftServerConfigKeys (ConfUtils.java:logGet(43)) - raft.server.rpc.sleep.time = 25ms (default)
2019-09-26 13:36:22,898 [eded3bc9-84b9-4250-ab82-94085e7bf343@group-04C1A7C50AE7:LeaderElection27] INFO  server.RaftServerConfigKeys (ConfUtils.java:logGet(43)) - raft.server.write.element-limit = 4096 (default)
2019-09-26 13:36:22,898 [eded3bc9-84b9-4250-ab82-94085e7bf343@group-C32D8A3181D9:LeaderElection26] INFO  server.RaftServerConfigKeys (ConfUtils.java:logGet(43)) - raft.server.write.element-limit = 4096 (default)
2019-09-26 13:36:22,898 [eded3bc9-84b9-4250-ab82-94085e7bf343@group-04C1A7C50AE7:LeaderElection27] INFO  server.RaftServerConfigKeys (ConfUtils.java:logGet(43)) - raft.server.watch.timeout = 10s (default)
2019-09-26 13:36:22,898 [eded3bc9-84b9-4250-ab82-94085e7bf343@group-C32D8A3181D9:LeaderElection26] INFO  server.RaftServerConfigKeys (ConfUtils.java:logGet(43)) - raft.server.watch.timeout = 10s (default)
2019-09-26 13:36:22,898 [eded3bc9-84b9-4250-ab82-94085e7bf343@group-04C1A7C50AE7:LeaderElection27] INFO  server.RaftServerConfigKeys (ConfUtils.java:logGet(43)) - raft.server.watch.timeout.denomination = 1s (default)
2019-09-26 13:36:22,898 [eded3bc9-84b9-4250-ab82-94085e7bf343@group-C32D8A3181D9:LeaderElection26] INFO  server.RaftServerConfigKeys (ConfUtils.java:logGet(43)) - raft.server.watch.timeout.denomination = 1s (default)
2019-09-26 13:36:22,899 [eded3bc9-84b9-4250-ab82-94085e7bf343@group-04C1A7C50AE7:LeaderElection27] INFO  server.RaftServerConfigKeys (ConfUtils.java:logGet(43)) - raft.server.watch.element-limit = 65536 (default)
2019-09-26 13:36:22,899 [eded3bc9-84b9-4250-ab82-94085e7bf343@group-C32D8A3181D9:LeaderElection26] INFO  server.RaftServerConfigKeys (ConfUtils.java:logGet(43)) - raft.server.watch.element-limit = 65536 (default)
2019-09-26 13:36:22,902 [eded3bc9-84b9-4250-ab82-94085e7bf343@group-04C1A7C50AE7:LeaderElection27] INFO  impl.RoleInfo (RoleInfo.java:updateAndGet(143)) - eded3bc9-84b9-4250-ab82-94085e7bf343: start LeaderState
2019-09-26 13:36:22,902 [eded3bc9-84b9-4250-ab82-94085e7bf343@group-04C1A7C50AE7:LeaderElection27] INFO  segmented.SegmentedRaftLogWorker (SegmentedRaftLogWorker.java:startLogSegment(380)) - eded3bc9-84b9-4250-ab82-94085e7bf343@group-04C1A7C50AE7-SegmentedRaftLogWorker: Starting segment from index:0
2019-09-26 13:36:22,903 [eded3bc9-84b9-4250-ab82-94085e7bf343@group-C32D8A3181D9:LeaderElection26] INFO  impl.RoleInfo (RoleInfo.java:updateAndGet(143)) - eded3bc9-84b9-4250-ab82-94085e7bf343: start LeaderState
2019-09-26 13:36:22,903 [eded3bc9-84b9-4250-ab82-94085e7bf343@group-C32D8A3181D9:LeaderElection26] INFO  segmented.SegmentedRaftLogWorker (SegmentedRaftLogWorker.java:startLogSegment(380)) - eded3bc9-84b9-4250-ab82-94085e7bf343@group-C32D8A3181D9-SegmentedRaftLogWorker: Starting segment from index:0
2019-09-26 13:36:22,903 [eded3bc9-84b9-4250-ab82-94085e7bf343@group-04C1A7C50AE7:LeaderElection27] INFO  impl.RaftServerImpl (ServerState.java:setRaftConf(354)) - eded3bc9-84b9-4250-ab82-94085e7bf343@group-04C1A7C50AE7: set configuration 0: [eded3bc9-84b9-4250-ab82-94085e7bf343:192.168.164.238:43918], old=null at 0
2019-09-26 13:36:22,937 [782e32e3-c0a7-42e5-b748-90e00549b00d@group-0DC5B792A25C-SegmentedRaftLogWorker] INFO  segmented.SegmentedRaftLogWorker (SegmentedRaftLogWorker.java:execute(569)) - 782e32e3-c0a7-42e5-b748-90e00549b00d@group-0DC5B792A25C-SegmentedRaftLogWorker: created new log segment /workdir/hadoop-ozone/tools/target/test-dir/MiniOzoneClusterImpl-9370444f-6a38-4216-baa9-a19329eb6ac6/datanode-3/data/ratis/c9cdfe80-e6c4-4067-a2f0-0dc5b792a25c/current/log_inprogress_0
2019-09-26 13:36:22,937 [eded3bc9-84b9-4250-ab82-94085e7bf343@group-C32D8A3181D9:LeaderElection26] INFO  impl.RaftServerImpl (ServerState.java:setRaftConf(354)) - eded3bc9-84b9-4250-ab82-94085e7bf343@group-C32D8A3181D9: set configuration 0: [eded3bc9-84b9-4250-ab82-94085e7bf343:192.168.164.238:43918], old=null at 0
2019-09-26 13:36:22,965 [eded3bc9-84b9-4250-ab82-94085e7bf343@group-04C1A7C50AE7-SegmentedRaftLogWorker] INFO  segmented.SegmentedRaftLogWorker (SegmentedRaftLogWorker.java:execute(569)) - eded3bc9-84b9-4250-ab82-94085e7bf343@group-04C1A7C50AE7-SegmentedRaftLogWorker: created new log segment /workdir/hadoop-ozone/tools/target/test-dir/MiniOzoneClusterImpl-9370444f-6a38-4216-baa9-a19329eb6ac6/datanode-0/data/ratis/4aff89a6-dddc-4eec-ac84-04c1a7c50ae7/current/log_inprogress_0
2019-09-26 13:36:22,978 [eded3bc9-84b9-4250-ab82-94085e7bf343@group-C32D8A3181D9-SegmentedRaftLogWorker] INFO  segmented.SegmentedRaftLogWorker (SegmentedRaftLogWorker.java:execute(569)) - eded3bc9-84b9-4250-ab82-94085e7bf343@group-C32D8A3181D9-SegmentedRaftLogWorker: created new log segment /workdir/hadoop-ozone/tools/target/test-dir/MiniOzoneClusterImpl-9370444f-6a38-4216-baa9-a19329eb6ac6/datanode-0/data/ratis/1d786edf-c9c3-46bf-902f-c32d8a3181d9/current/log_inprogress_0
2019-09-26 13:36:22,980 [Thread-304] INFO  impl.FollowerState (FollowerState.java:run(106)) - eded3bc9-84b9-4250-ab82-94085e7bf343:group-2F7D4CDFB7D6 changes to CANDIDATE, lastRpcTime:5002, electionTimeout:5002ms
2019-09-26 13:36:22,980 [Thread-304] INFO  impl.RoleInfo (RoleInfo.java:shutdownFollowerState(121)) - eded3bc9-84b9-4250-ab82-94085e7bf343: shutdown FollowerState
2019-09-26 13:36:22,980 [Thread-304] INFO  impl.RaftServerImpl (RaftServerImpl.java:setRole(174)) - eded3bc9-84b9-4250-ab82-94085e7bf343@group-2F7D4CDFB7D6: changes role from  FOLLOWER to CANDIDATE at term 0 for changeToCandidate
2019-09-26 13:36:22,980 [Thread-304] INFO  impl.RoleInfo (RoleInfo.java:updateAndGet(143)) - eded3bc9-84b9-4250-ab82-94085e7bf343: start LeaderElection
2019-09-26 13:36:22,989 [Thread-300] INFO  impl.FollowerState (FollowerState.java:run(106)) - 782e32e3-c0a7-42e5-b748-90e00549b00d:group-F5588229A822 changes to CANDIDATE, lastRpcTime:5064, electionTimeout:5064ms
2019-09-26 13:36:22,989 [Thread-300] INFO  impl.RoleInfo (RoleInfo.java:shutdownFollowerState(121)) - 782e32e3-c0a7-42e5-b748-90e00549b00d: shutdown FollowerState
2019-09-26 13:36:22,990 [Thread-300] INFO  impl.RaftServerImpl (RaftServerImpl.java:setRole(174)) - 782e32e3-c0a7-42e5-b748-90e00549b00d@group-F5588229A822: changes role from  FOLLOWER to CANDIDATE at term 0 for changeToCandidate
2019-09-26 13:36:22,990 [Thread-300] INFO  impl.RoleInfo (RoleInfo.java:updateAndGet(143)) - 782e32e3-c0a7-42e5-b748-90e00549b00d: start LeaderElection
2019-09-26 13:36:22,994 [Thread-297] INFO  impl.FollowerState (FollowerState.java:run(106)) - 782e32e3-c0a7-42e5-b748-90e00549b00d:group-F9BCBFB7636E changes to CANDIDATE, lastRpcTime:5124, electionTimeout:5124ms
2019-09-26 13:36:22,994 [Thread-297] INFO  impl.RoleInfo (RoleInfo.java:shutdownFollowerState(121)) - 782e32e3-c0a7-42e5-b748-90e00549b00d: shutdown FollowerState
2019-09-26 13:36:22,994 [Thread-297] INFO  impl.RaftServerImpl (RaftServerImpl.java:setRole(174)) - 782e32e3-c0a7-42e5-b748-90e00549b00d@group-F9BCBFB7636E: changes role from  FOLLOWER to CANDIDATE at term 0 for changeToCandidate
2019-09-26 13:36:22,994 [Thread-297] INFO  impl.RoleInfo (RoleInfo.java:updateAndGet(143)) - 782e32e3-c0a7-42e5-b748-90e00549b00d: start LeaderElection
2019-09-26 13:36:22,997 [782e32e3-c0a7-42e5-b748-90e00549b00d@group-F5588229A822:LeaderElection29] INFO  impl.LeaderElection (LeaderElection.java:askForVotes(182)) - 782e32e3-c0a7-42e5-b748-90e00549b00d@group-F5588229A822:LeaderElection29: begin an election at term 1 for -1: [782e32e3-c0a7-42e5-b748-90e00549b00d:192.168.164.238:33921], old=null
2019-09-26 13:36:22,997 [eded3bc9-84b9-4250-ab82-94085e7bf343@group-2F7D4CDFB7D6:LeaderElection28] INFO  impl.LeaderElection (LeaderElection.java:askForVotes(182)) - eded3bc9-84b9-4250-ab82-94085e7bf343@group-2F7D4CDFB7D6:LeaderElection28: begin an election at term 1 for -1: [eded3bc9-84b9-4250-ab82-94085e7bf343:192.168.164.238:43918], old=null
2019-09-26 13:36:22,997 [782e32e3-c0a7-42e5-b748-90e00549b00d@group-F5588229A822:LeaderElection29] INFO  impl.RoleInfo (RoleInfo.java:shutdownLeaderElection(134)) - 782e32e3-c0a7-42e5-b748-90e00549b00d: shutdown LeaderElection
2019-09-26 13:36:22,997 [eded3bc9-84b9-4250-ab82-94085e7bf343@group-2F7D4CDFB7D6:LeaderElection28] INFO  impl.RoleInfo (RoleInfo.java:shutdownLeaderElection(134)) - eded3bc9-84b9-4250-ab82-94085e7bf343: shutdown LeaderElection
2019-09-26 13:36:22,997 [782e32e3-c0a7-42e5-b748-90e00549b00d@group-F5588229A822:LeaderElection29] INFO  impl.RaftServerImpl (RaftServerImpl.java:setRole(174)) - 782e32e3-c0a7-42e5-b748-90e00549b00d@group-F5588229A822: changes role from CANDIDATE to LEADER at term 1 for changeToLeader
2019-09-26 13:36:22,998 [eded3bc9-84b9-4250-ab82-94085e7bf343@group-2F7D4CDFB7D6:LeaderElection28] INFO  impl.RaftServerImpl (RaftServerImpl.java:setRole(174)) - eded3bc9-84b9-4250-ab82-94085e7bf343@group-2F7D4CDFB7D6: changes role from CANDIDATE to LEADER at term 1 for changeToLeader
2019-09-26 13:36:22,998 [782e32e3-c0a7-42e5-b748-90e00549b00d@group-F5588229A822:LeaderElection29] INFO  impl.RaftServerImpl (ServerState.java:setLeader(253)) - 782e32e3-c0a7-42e5-b748-90e00549b00d@group-F5588229A822: change Leader from null to 782e32e3-c0a7-42e5-b748-90e00549b00d at term 1 for becomeLeader, leader elected after 5079ms
2019-09-26 13:36:22,998 [eded3bc9-84b9-4250-ab82-94085e7bf343@group-2F7D4CDFB7D6:LeaderElection28] INFO  impl.RaftServerImpl (ServerState.java:setLeader(253)) - eded3bc9-84b9-4250-ab82-94085e7bf343@group-2F7D4CDFB7D6: change Leader from null to eded3bc9-84b9-4250-ab82-94085e7bf343 at term 1 for becomeLeader, leader elected after 5027ms
2019-09-26 13:36:22,998 [782e32e3-c0a7-42e5-b748-90e00549b00d@group-F5588229A822:LeaderElection29] INFO  server.RaftServerConfigKeys (ConfUtils.java:logGet(43)) - raft.server.staging.catchup.gap = 1000 (default)
2019-09-26 13:36:22,998 [eded3bc9-84b9-4250-ab82-94085e7bf343@group-2F7D4CDFB7D6:LeaderElection28] INFO  server.RaftServerConfigKeys (ConfUtils.java:logGet(43)) - raft.server.staging.catchup.gap = 1000 (default)
2019-09-26 13:36:22,998 [782e32e3-c0a7-42e5-b748-90e00549b00d@group-F5588229A822:LeaderElection29] INFO  server.RaftServerConfigKeys (ConfUtils.java:logGet(43)) - raft.server.rpc.sleep.time = 25ms (default)
2019-09-26 13:36:22,998 [eded3bc9-84b9-4250-ab82-94085e7bf343@group-2F7D4CDFB7D6:LeaderElection28] INFO  server.RaftServerConfigKeys (ConfUtils.java:logGet(43)) - raft.server.rpc.sleep.time = 25ms (default)
2019-09-26 13:36:22,999 [782e32e3-c0a7-42e5-b748-90e00549b00d@group-F5588229A822:LeaderElection29] INFO  server.RaftServerConfigKeys (ConfUtils.java:logGet(43)) - raft.server.write.element-limit = 4096 (default)
2019-09-26 13:36:22,999 [eded3bc9-84b9-4250-ab82-94085e7bf343@group-2F7D4CDFB7D6:LeaderElection28] INFO  server.RaftServerConfigKeys (ConfUtils.java:logGet(43)) - raft.server.write.element-limit = 4096 (default)
2019-09-26 13:36:22,999 [782e32e3-c0a7-42e5-b748-90e00549b00d@group-F5588229A822:LeaderElection29] INFO  server.RaftServerConfigKeys (ConfUtils.java:logGet(43)) - raft.server.watch.timeout = 10s (default)
2019-09-26 13:36:22,999 [eded3bc9-84b9-4250-ab82-94085e7bf343@group-2F7D4CDFB7D6:LeaderElection28] INFO  server.RaftServerConfigKeys (ConfUtils.java:logGet(43)) - raft.server.watch.timeout = 10s (default)
2019-09-26 13:36:22,999 [782e32e3-c0a7-42e5-b748-90e00549b00d@group-F5588229A822:LeaderElection29] INFO  server.RaftServerConfigKeys (ConfUtils.java:logGet(43)) - raft.server.watch.timeout.denomination = 1s (default)
2019-09-26 13:36:22,999 [782e32e3-c0a7-42e5-b748-90e00549b00d@group-F9BCBFB7636E:LeaderElection30] INFO  impl.LeaderElection (LeaderElection.java:askForVotes(182)) - 782e32e3-c0a7-42e5-b748-90e00549b00d@group-F9BCBFB7636E:LeaderElection30: begin an election at term 1 for -1: [782e32e3-c0a7-42e5-b748-90e00549b00d:192.168.164.238:33921], old=null
2019-09-26 13:36:23,000 [782e32e3-c0a7-42e5-b748-90e00549b00d@group-F5588229A822:LeaderElection29] INFO  server.RaftServerConfigKeys (ConfUtils.java:logGet(43)) - raft.server.watch.element-limit = 65536 (default)
2019-09-26 13:36:22,999 [eded3bc9-84b9-4250-ab82-94085e7bf343@group-2F7D4CDFB7D6:LeaderElection28] INFO  server.RaftServerConfigKeys (ConfUtils.java:logGet(43)) - raft.server.watch.timeout.denomination = 1s (default)
2019-09-26 13:36:23,000 [782e32e3-c0a7-42e5-b748-90e00549b00d@group-F9BCBFB7636E:LeaderElection30] INFO  impl.RoleInfo (RoleInfo.java:shutdownLeaderElection(134)) - 782e32e3-c0a7-42e5-b748-90e00549b00d: shutdown LeaderElection
2019-09-26 13:36:23,000 [eded3bc9-84b9-4250-ab82-94085e7bf343@group-2F7D4CDFB7D6:LeaderElection28] INFO  server.RaftServerConfigKeys (ConfUtils.java:logGet(43)) - raft.server.watch.element-limit = 65536 (default)
2019-09-26 13:36:23,000 [782e32e3-c0a7-42e5-b748-90e00549b00d@group-F9BCBFB7636E:LeaderElection30] INFO  impl.RaftServerImpl (RaftServerImpl.java:setRole(174)) - 782e32e3-c0a7-42e5-b748-90e00549b00d@group-F9BCBFB7636E: changes role from CANDIDATE to LEADER at term 1 for changeToLeader
2019-09-26 13:36:23,001 [782e32e3-c0a7-42e5-b748-90e00549b00d@group-F9BCBFB7636E:LeaderElection30] INFO  impl.RaftServerImpl (ServerState.java:setLeader(253)) - 782e32e3-c0a7-42e5-b748-90e00549b00d@group-F9BCBFB7636E: change Leader from null to 782e32e3-c0a7-42e5-b748-90e00549b00d at term 1 for becomeLeader, leader elected after 5139ms
2019-09-26 13:36:23,001 [782e32e3-c0a7-42e5-b748-90e00549b00d@group-F9BCBFB7636E:LeaderElection30] INFO  server.RaftServerConfigKeys (ConfUtils.java:logGet(43)) - raft.server.staging.catchup.gap = 1000 (default)
2019-09-26 13:36:23,001 [782e32e3-c0a7-42e5-b748-90e00549b00d@group-F9BCBFB7636E:LeaderElection30] INFO  server.RaftServerConfigKeys (ConfUtils.java:logGet(43)) - raft.server.rpc.sleep.time = 25ms (default)
2019-09-26 13:36:23,001 [782e32e3-c0a7-42e5-b748-90e00549b00d@group-F9BCBFB7636E:LeaderElection30] INFO  server.RaftServerConfigKeys (ConfUtils.java:logGet(43)) - raft.server.write.element-limit = 4096 (default)
2019-09-26 13:36:23,001 [782e32e3-c0a7-42e5-b748-90e00549b00d@group-F9BCBFB7636E:LeaderElection30] INFO  server.RaftServerConfigKeys (ConfUtils.java:logGet(43)) - raft.server.watch.timeout = 10s (default)
2019-09-26 13:36:23,002 [782e32e3-c0a7-42e5-b748-90e00549b00d@group-F9BCBFB7636E:LeaderElection30] INFO  server.RaftServerConfigKeys (ConfUtils.java:logGet(43)) - raft.server.watch.timeout.denomination = 1s (default)
2019-09-26 13:36:23,002 [782e32e3-c0a7-42e5-b748-90e00549b00d@group-F9BCBFB7636E:LeaderElection30] INFO  server.RaftServerConfigKeys (ConfUtils.java:logGet(43)) - raft.server.watch.element-limit = 65536 (default)
2019-09-26 13:36:23,006 [782e32e3-c0a7-42e5-b748-90e00549b00d@group-F5588229A822:LeaderElection29] INFO  impl.RoleInfo (RoleInfo.java:updateAndGet(143)) - 782e32e3-c0a7-42e5-b748-90e00549b00d: start LeaderState
2019-09-26 13:36:23,006 [782e32e3-c0a7-42e5-b748-90e00549b00d@group-F5588229A822:LeaderElection29] INFO  segmented.SegmentedRaftLogWorker (SegmentedRaftLogWorker.java:startLogSegment(380)) - 782e32e3-c0a7-42e5-b748-90e00549b00d@group-F5588229A822-SegmentedRaftLogWorker: Starting segment from index:0
2019-09-26 13:36:23,007 [782e32e3-c0a7-42e5-b748-90e00549b00d@group-F5588229A822:LeaderElection29] INFO  impl.RaftServerImpl (ServerState.java:setRaftConf(354)) - 782e32e3-c0a7-42e5-b748-90e00549b00d@group-F5588229A822: set configuration 0: [782e32e3-c0a7-42e5-b748-90e00549b00d:192.168.164.238:33921], old=null at 0
2019-09-26 13:36:23,007 [eded3bc9-84b9-4250-ab82-94085e7bf343@group-2F7D4CDFB7D6:LeaderElection28] INFO  impl.RoleInfo (RoleInfo.java:updateAndGet(143)) - eded3bc9-84b9-4250-ab82-94085e7bf343: start LeaderState
2019-09-26 13:36:23,044 [782e32e3-c0a7-42e5-b748-90e00549b00d@group-F9BCBFB7636E:LeaderElection30] INFO  impl.RoleInfo (RoleInfo.java:updateAndGet(143)) - 782e32e3-c0a7-42e5-b748-90e00549b00d: start LeaderState
2019-09-26 13:36:23,044 [eded3bc9-84b9-4250-ab82-94085e7bf343@group-2F7D4CDFB7D6:LeaderElection28] INFO  segmented.SegmentedRaftLogWorker (SegmentedRaftLogWorker.java:startLogSegment(380)) - eded3bc9-84b9-4250-ab82-94085e7bf343@group-2F7D4CDFB7D6-SegmentedRaftLogWorker: Starting segment from index:0
2019-09-26 13:36:23,044 [782e32e3-c0a7-42e5-b748-90e00549b00d@group-F9BCBFB7636E:LeaderElection30] INFO  segmented.SegmentedRaftLogWorker (SegmentedRaftLogWorker.java:startLogSegment(380)) - 782e32e3-c0a7-42e5-b748-90e00549b00d@group-F9BCBFB7636E-SegmentedRaftLogWorker: Starting segment from index:0
2019-09-26 13:36:23,045 [eded3bc9-84b9-4250-ab82-94085e7bf343@group-2F7D4CDFB7D6:LeaderElection28] INFO  impl.RaftServerImpl (ServerState.java:setRaftConf(354)) - eded3bc9-84b9-4250-ab82-94085e7bf343@group-2F7D4CDFB7D6: set configuration 0: [eded3bc9-84b9-4250-ab82-94085e7bf343:192.168.164.238:43918], old=null at 0
2019-09-26 13:36:23,045 [782e32e3-c0a7-42e5-b748-90e00549b00d@group-F9BCBFB7636E:LeaderElection30] INFO  impl.RaftServerImpl (ServerState.java:setRaftConf(354)) - 782e32e3-c0a7-42e5-b748-90e00549b00d@group-F9BCBFB7636E: set configuration 0: [782e32e3-c0a7-42e5-b748-90e00549b00d:192.168.164.238:33921], old=null at 0
2019-09-26 13:36:23,085 [782e32e3-c0a7-42e5-b748-90e00549b00d@group-F5588229A822-SegmentedRaftLogWorker] INFO  segmented.SegmentedRaftLogWorker (SegmentedRaftLogWorker.java:execute(569)) - 782e32e3-c0a7-42e5-b748-90e00549b00d@group-F5588229A822-SegmentedRaftLogWorker: created new log segment /workdir/hadoop-ozone/tools/target/test-dir/MiniOzoneClusterImpl-9370444f-6a38-4216-baa9-a19329eb6ac6/datanode-3/data/ratis/c1f63a0e-010e-45df-b80c-f5588229a822/current/log_inprogress_0
2019-09-26 13:36:23,098 [eded3bc9-84b9-4250-ab82-94085e7bf343@group-2F7D4CDFB7D6-SegmentedRaftLogWorker] INFO  segmented.SegmentedRaftLogWorker (SegmentedRaftLogWorker.java:execute(569)) - eded3bc9-84b9-4250-ab82-94085e7bf343@group-2F7D4CDFB7D6-SegmentedRaftLogWorker: created new log segment /workdir/hadoop-ozone/tools/target/test-dir/MiniOzoneClusterImpl-9370444f-6a38-4216-baa9-a19329eb6ac6/datanode-0/data/ratis/322223fe-5412-4257-a74b-2f7d4cdfb7d6/current/log_inprogress_0
2019-09-26 13:36:23,098 [782e32e3-c0a7-42e5-b748-90e00549b00d@group-F9BCBFB7636E-SegmentedRaftLogWorker] INFO  segmented.SegmentedRaftLogWorker (SegmentedRaftLogWorker.java:execute(569)) - 782e32e3-c0a7-42e5-b748-90e00549b00d@group-F9BCBFB7636E-SegmentedRaftLogWorker: created new log segment /workdir/hadoop-ozone/tools/target/test-dir/MiniOzoneClusterImpl-9370444f-6a38-4216-baa9-a19329eb6ac6/datanode-3/data/ratis/ee57cff1-873f-4ab0-ad78-f9bcbfb7636e/current/log_inprogress_0
]]></system-out>
    <system-err><![CDATA[ERROR StatusLogger No Log4j 2 configuration file found. Using default configuration (logging only errors to the console), or user programmatically provided configurations. Set system property 'log4j2.debug' to show Log4j 2 internal initialization logging. See https://logging.apache.org/log4j/2.x/manual/configuration.html for instructions on how to configure Log4j 2
]]></system-err>
  </testcase>
  <testcase name="standaloneTestLargeKey" classname="org.apache.hadoop.ozone.freon.TestDataValidateWithUnsafeByteOperations" time="10.129">
    <error message="Allocated 0 blocks. Requested 5 blocks" type="INTERNAL_ERROR org.apache.hadoop.ozone.om.exceptions.OMException">INTERNAL_ERROR org.apache.hadoop.ozone.om.exceptions.OMException: Allocated 0 blocks. Requested 5 blocks
	at org.apache.hadoop.ozone.om.protocolPB.OzoneManagerProtocolClientSideTranslatorPB.handleError(OzoneManagerProtocolClientSideTranslatorPB.java:732)
	at org.apache.hadoop.ozone.om.protocolPB.OzoneManagerProtocolClientSideTranslatorPB.openKey(OzoneManagerProtocolClientSideTranslatorPB.java:723)
	at sun.reflect.NativeMethodAccessorImpl.invoke0(Native Method)
	at sun.reflect.NativeMethodAccessorImpl.invoke(NativeMethodAccessorImpl.java:62)
	at sun.reflect.DelegatingMethodAccessorImpl.invoke(DelegatingMethodAccessorImpl.java:43)
	at java.lang.reflect.Method.invoke(Method.java:498)
	at org.apache.hadoop.hdds.tracing.TraceAllMethod.invoke(TraceAllMethod.java:66)
	at com.sun.proxy.$Proxy37.openKey(Unknown Source)
	at org.apache.hadoop.ozone.client.rpc.RpcClient.createKey(RpcClient.java:614)
	at org.apache.hadoop.ozone.client.OzoneBucket.createKey(OzoneBucket.java:325)
	at org.apache.hadoop.ozone.freon.RandomKeyGenerator.createKey(RandomKeyGenerator.java:695)
	at org.apache.hadoop.ozone.freon.RandomKeyGenerator.access$1100(RandomKeyGenerator.java:88)
	at org.apache.hadoop.ozone.freon.RandomKeyGenerator$ObjectCreator.run(RandomKeyGenerator.java:615)
	at java.util.concurrent.Executors$RunnableAdapter.call(Executors.java:511)
	at java.util.concurrent.FutureTask.run(FutureTask.java:266)
	at java.util.concurrent.ThreadPoolExecutor.runWorker(ThreadPoolExecutor.java:1149)
	at java.util.concurrent.ThreadPoolExecutor$Worker.run(ThreadPoolExecutor.java:624)
	at java.lang.Thread.run(Thread.java:748)
</error>
    <system-out><![CDATA[2019-09-26 13:36:26,179 [main] INFO  freon.RandomKeyGenerator (RandomKeyGenerator.java:call(283)) - Number of Threads: 10
2019-09-26 13:36:26,180 [main] INFO  freon.RandomKeyGenerator (RandomKeyGenerator.java:call(288)) - Number of Volumes: 1.
2019-09-26 13:36:26,180 [main] INFO  freon.RandomKeyGenerator (RandomKeyGenerator.java:call(289)) - Number of Buckets per Volume: 1.
2019-09-26 13:36:26,180 [main] INFO  freon.RandomKeyGenerator (RandomKeyGenerator.java:call(290)) - Number of Keys per Bucket: 1.
2019-09-26 13:36:26,180 [main] INFO  freon.RandomKeyGenerator (RandomKeyGenerator.java:call(291)) - Key size: 20971520 bytes
2019-09-26 13:36:26,180 [main] INFO  freon.RandomKeyGenerator (RandomKeyGenerator.java:call(292)) - Buffer size: 4096 bytes
2019-09-26 13:36:26,180 [main] INFO  freon.RandomKeyGenerator (RandomKeyGenerator.java:call(293)) - validateWrites : true
2019-09-26 13:36:26,182 [pool-74-thread-1] INFO  rpc.RpcClient (RpcClient.java:createVolume(276)) - Creating Volume: vol-0-58511, with jenkins1000 as owner.
2019-09-26 13:36:26,182 [main] INFO  freon.RandomKeyGenerator (RandomKeyGenerator.java:call(307)) - Data validation is enabled.
2019-09-26 13:36:26,182 [main] INFO  freon.RandomKeyGenerator (RandomKeyGenerator.java:call(313)) - Starting progress bar Thread.

 0.00% |█                                                                                                    |  0/1 Time: 0:00:002019-09-26 13:36:26,188 [IPC Server handler 0 on 37845] INFO  volume.OMVolumeCreateRequest (OMVolumeCreateRequest.java:validateAndUpdateCache(189)) - created volume:vol-0-58511 for user:jenkins1000
2019-09-26 13:36:26,203 [pool-74-thread-2] INFO  rpc.RpcClient (RpcClient.java:createBucket(415)) - Creating Bucket: vol-0-58511/bucket-0-49597, with Versioning false and Storage Type set to DISK and Encryption set to false 
2019-09-26 13:36:26,217 [IPC Server handler 19 on 41365] INFO  pipeline.PipelinePlacementPolicy (PipelinePlacementPolicy.java:meetCriteria(91)) - Pipeline Placement: can't place more pipeline on heavy datanode： 0846c5d9-d8fd-49e0-9805-817523babe5a Heaviness: 6 limit: 5
2019-09-26 13:36:26,217 [IPC Server handler 19 on 41365] INFO  pipeline.PipelinePlacementPolicy (PipelinePlacementPolicy.java:meetCriteria(91)) - Pipeline Placement: can't place more pipeline on heavy datanode： 782e32e3-c0a7-42e5-b748-90e00549b00d Heaviness: 6 limit: 5
2019-09-26 13:36:26,217 [IPC Server handler 19 on 41365] INFO  pipeline.PipelinePlacementPolicy (PipelinePlacementPolicy.java:meetCriteria(91)) - Pipeline Placement: can't place more pipeline on heavy datanode： 1d0de9a6-3b8a-4f01-86ad-2ac4521aa9e5 Heaviness: 6 limit: 5
2019-09-26 13:36:26,217 [IPC Server handler 19 on 41365] INFO  pipeline.PipelinePlacementPolicy (PipelinePlacementPolicy.java:meetCriteria(91)) - Pipeline Placement: can't place more pipeline on heavy datanode： 346062cc-ad15-42e2-9beb-d47eb155c827 Heaviness: 6 limit: 5
2019-09-26 13:36:26,218 [IPC Server handler 19 on 41365] INFO  pipeline.PipelinePlacementPolicy (PipelinePlacementPolicy.java:meetCriteria(91)) - Pipeline Placement: can't place more pipeline on heavy datanode： eded3bc9-84b9-4250-ab82-94085e7bf343 Heaviness: 6 limit: 5
2019-09-26 13:36:26,218 [IPC Server handler 19 on 41365] ERROR pipeline.PipelinePlacementPolicy (PipelinePlacementPolicy.java:filterViableNodes(148)) - Unable to find enough nodes that meet the criteria that cannot engage in more than 5 pipelines. Nodes required: 3 Found: 0, healthy nodes count inNodeManager: 5.
2019-09-26 13:36:26,218 [IPC Server handler 19 on 41365] ERROR pipeline.SCMPipelineManager (SCMPipelineManager.java:createPipeline(167)) - Pipeline creation failed.
org.apache.hadoop.hdds.scm.exceptions.SCMException: Unable to find enough nodes that meet the criteria that cannot engage in more than 5 pipelines. Nodes required: 3 Found: 0, healthy nodes count inNodeManager: 5.
	at org.apache.hadoop.hdds.scm.pipeline.PipelinePlacementPolicy.filterViableNodes(PipelinePlacementPolicy.java:149)
	at org.apache.hadoop.hdds.scm.pipeline.PipelinePlacementPolicy.chooseDatanodes(PipelinePlacementPolicy.java:172)
	at org.apache.hadoop.hdds.scm.pipeline.RatisPipelineProvider.create(RatisPipelineProvider.java:93)
	at org.apache.hadoop.hdds.scm.pipeline.PipelineFactory.create(PipelineFactory.java:58)
	at org.apache.hadoop.hdds.scm.pipeline.SCMPipelineManager.createPipeline(SCMPipelineManager.java:155)
	at org.apache.hadoop.hdds.scm.block.BlockManagerImpl.allocateBlock(BlockManagerImpl.java:190)
	at org.apache.hadoop.hdds.scm.server.SCMBlockProtocolServer.allocateBlock(SCMBlockProtocolServer.java:182)
	at org.apache.hadoop.ozone.protocolPB.ScmBlockLocationProtocolServerSideTranslatorPB.allocateScmBlock(ScmBlockLocationProtocolServerSideTranslatorPB.java:183)
	at org.apache.hadoop.ozone.protocolPB.ScmBlockLocationProtocolServerSideTranslatorPB.processMessage(ScmBlockLocationProtocolServerSideTranslatorPB.java:141)
	at org.apache.hadoop.ozone.protocolPB.ScmBlockLocationProtocolServerSideTranslatorPB.send(ScmBlockLocationProtocolServerSideTranslatorPB.java:116)
	at org.apache.hadoop.hdds.protocol.proto.ScmBlockLocationProtocolProtos$ScmBlockLocationProtocolService$2.callBlockingMethod(ScmBlockLocationProtocolProtos.java:13157)
	at org.apache.hadoop.ipc.ProtobufRpcEngine$Server$ProtoBufRpcInvoker.call(ProtobufRpcEngine.java:524)
	at org.apache.hadoop.ipc.RPC$Server.call(RPC.java:1025)
	at org.apache.hadoop.ipc.Server$RpcCall.run(Server.java:876)
	at org.apache.hadoop.ipc.Server$RpcCall.run(Server.java:822)
	at java.security.AccessController.doPrivileged(Native Method)
	at javax.security.auth.Subject.doAs(Subject.java:422)
	at org.apache.hadoop.security.UserGroupInformation.doAs(UserGroupInformation.java:1730)
	at org.apache.hadoop.ipc.Server$Handler.run(Server.java:2682)
2019-09-26 13:36:26,220 [IPC Server handler 19 on 41365] WARN  block.BlockManagerImpl (BlockManagerImpl.java:allocateBlock(192)) - Pipeline creation failed for type:RATIS factor:THREE. Retrying get pipelines call once.
org.apache.hadoop.hdds.scm.exceptions.SCMException: Unable to find enough nodes that meet the criteria that cannot engage in more than 5 pipelines. Nodes required: 3 Found: 0, healthy nodes count inNodeManager: 5.
	at org.apache.hadoop.hdds.scm.pipeline.PipelinePlacementPolicy.filterViableNodes(PipelinePlacementPolicy.java:149)
	at org.apache.hadoop.hdds.scm.pipeline.PipelinePlacementPolicy.chooseDatanodes(PipelinePlacementPolicy.java:172)
	at org.apache.hadoop.hdds.scm.pipeline.RatisPipelineProvider.create(RatisPipelineProvider.java:93)
	at org.apache.hadoop.hdds.scm.pipeline.PipelineFactory.create(PipelineFactory.java:58)
	at org.apache.hadoop.hdds.scm.pipeline.SCMPipelineManager.createPipeline(SCMPipelineManager.java:155)
	at org.apache.hadoop.hdds.scm.block.BlockManagerImpl.allocateBlock(BlockManagerImpl.java:190)
	at org.apache.hadoop.hdds.scm.server.SCMBlockProtocolServer.allocateBlock(SCMBlockProtocolServer.java:182)
	at org.apache.hadoop.ozone.protocolPB.ScmBlockLocationProtocolServerSideTranslatorPB.allocateScmBlock(ScmBlockLocationProtocolServerSideTranslatorPB.java:183)
	at org.apache.hadoop.ozone.protocolPB.ScmBlockLocationProtocolServerSideTranslatorPB.processMessage(ScmBlockLocationProtocolServerSideTranslatorPB.java:141)
	at org.apache.hadoop.ozone.protocolPB.ScmBlockLocationProtocolServerSideTranslatorPB.send(ScmBlockLocationProtocolServerSideTranslatorPB.java:116)
	at org.apache.hadoop.hdds.protocol.proto.ScmBlockLocationProtocolProtos$ScmBlockLocationProtocolService$2.callBlockingMethod(ScmBlockLocationProtocolProtos.java:13157)
	at org.apache.hadoop.ipc.ProtobufRpcEngine$Server$ProtoBufRpcInvoker.call(ProtobufRpcEngine.java:524)
	at org.apache.hadoop.ipc.RPC$Server.call(RPC.java:1025)
	at org.apache.hadoop.ipc.Server$RpcCall.run(Server.java:876)
	at org.apache.hadoop.ipc.Server$RpcCall.run(Server.java:822)
	at java.security.AccessController.doPrivileged(Native Method)
	at javax.security.auth.Subject.doAs(Subject.java:422)
	at org.apache.hadoop.security.UserGroupInformation.doAs(UserGroupInformation.java:1730)
	at org.apache.hadoop.ipc.Server$Handler.run(Server.java:2682)
2019-09-26 13:36:26,221 [IPC Server handler 19 on 41365] INFO  block.BlockManagerImpl (BlockManagerImpl.java:allocateBlock(198)) - Could not find available pipeline of type:RATIS and factor:THREE even after retrying
2019-09-26 13:36:26,221 [IPC Server handler 19 on 41365] ERROR block.BlockManagerImpl (BlockManagerImpl.java:allocateBlock(222)) - Unable to allocate a block for the size: 4194304, type: RATIS, factor: THREE
2019-09-26 13:36:26,221 [IPC Server handler 19 on 41365] INFO  pipeline.PipelinePlacementPolicy (PipelinePlacementPolicy.java:meetCriteria(91)) - Pipeline Placement: can't place more pipeline on heavy datanode： 0846c5d9-d8fd-49e0-9805-817523babe5a Heaviness: 6 limit: 5
2019-09-26 13:36:26,221 [IPC Server handler 19 on 41365] INFO  pipeline.PipelinePlacementPolicy (PipelinePlacementPolicy.java:meetCriteria(91)) - Pipeline Placement: can't place more pipeline on heavy datanode： 782e32e3-c0a7-42e5-b748-90e00549b00d Heaviness: 6 limit: 5
2019-09-26 13:36:26,221 [IPC Server handler 19 on 41365] INFO  pipeline.PipelinePlacementPolicy (PipelinePlacementPolicy.java:meetCriteria(91)) - Pipeline Placement: can't place more pipeline on heavy datanode： 1d0de9a6-3b8a-4f01-86ad-2ac4521aa9e5 Heaviness: 6 limit: 5
2019-09-26 13:36:26,222 [IPC Server handler 19 on 41365] INFO  pipeline.PipelinePlacementPolicy (PipelinePlacementPolicy.java:meetCriteria(91)) - Pipeline Placement: can't place more pipeline on heavy datanode： 346062cc-ad15-42e2-9beb-d47eb155c827 Heaviness: 6 limit: 5
2019-09-26 13:36:26,222 [IPC Server handler 19 on 41365] INFO  pipeline.PipelinePlacementPolicy (PipelinePlacementPolicy.java:meetCriteria(91)) - Pipeline Placement: can't place more pipeline on heavy datanode： eded3bc9-84b9-4250-ab82-94085e7bf343 Heaviness: 6 limit: 5
2019-09-26 13:36:26,222 [IPC Server handler 19 on 41365] ERROR pipeline.PipelinePlacementPolicy (PipelinePlacementPolicy.java:filterViableNodes(148)) - Unable to find enough nodes that meet the criteria that cannot engage in more than 5 pipelines. Nodes required: 3 Found: 0, healthy nodes count inNodeManager: 5.
2019-09-26 13:36:26,222 [IPC Server handler 19 on 41365] ERROR pipeline.SCMPipelineManager (SCMPipelineManager.java:createPipeline(167)) - Pipeline creation failed.
org.apache.hadoop.hdds.scm.exceptions.SCMException: Unable to find enough nodes that meet the criteria that cannot engage in more than 5 pipelines. Nodes required: 3 Found: 0, healthy nodes count inNodeManager: 5.
	at org.apache.hadoop.hdds.scm.pipeline.PipelinePlacementPolicy.filterViableNodes(PipelinePlacementPolicy.java:149)
	at org.apache.hadoop.hdds.scm.pipeline.PipelinePlacementPolicy.chooseDatanodes(PipelinePlacementPolicy.java:172)
	at org.apache.hadoop.hdds.scm.pipeline.RatisPipelineProvider.create(RatisPipelineProvider.java:93)
	at org.apache.hadoop.hdds.scm.pipeline.PipelineFactory.create(PipelineFactory.java:58)
	at org.apache.hadoop.hdds.scm.pipeline.SCMPipelineManager.createPipeline(SCMPipelineManager.java:155)
	at org.apache.hadoop.hdds.scm.block.BlockManagerImpl.allocateBlock(BlockManagerImpl.java:190)
	at org.apache.hadoop.hdds.scm.server.SCMBlockProtocolServer.allocateBlock(SCMBlockProtocolServer.java:182)
	at org.apache.hadoop.ozone.protocolPB.ScmBlockLocationProtocolServerSideTranslatorPB.allocateScmBlock(ScmBlockLocationProtocolServerSideTranslatorPB.java:183)
	at org.apache.hadoop.ozone.protocolPB.ScmBlockLocationProtocolServerSideTranslatorPB.processMessage(ScmBlockLocationProtocolServerSideTranslatorPB.java:141)
	at org.apache.hadoop.ozone.protocolPB.ScmBlockLocationProtocolServerSideTranslatorPB.send(ScmBlockLocationProtocolServerSideTranslatorPB.java:116)
	at org.apache.hadoop.hdds.protocol.proto.ScmBlockLocationProtocolProtos$ScmBlockLocationProtocolService$2.callBlockingMethod(ScmBlockLocationProtocolProtos.java:13157)
	at org.apache.hadoop.ipc.ProtobufRpcEngine$Server$ProtoBufRpcInvoker.call(ProtobufRpcEngine.java:524)
	at org.apache.hadoop.ipc.RPC$Server.call(RPC.java:1025)
	at org.apache.hadoop.ipc.Server$RpcCall.run(Server.java:876)
	at org.apache.hadoop.ipc.Server$RpcCall.run(Server.java:822)
	at java.security.AccessController.doPrivileged(Native Method)
	at javax.security.auth.Subject.doAs(Subject.java:422)
	at org.apache.hadoop.security.UserGroupInformation.doAs(UserGroupInformation.java:1730)
	at org.apache.hadoop.ipc.Server$Handler.run(Server.java:2682)
2019-09-26 13:36:26,223 [IPC Server handler 19 on 41365] WARN  block.BlockManagerImpl (BlockManagerImpl.java:allocateBlock(192)) - Pipeline creation failed for type:RATIS factor:THREE. Retrying get pipelines call once.
org.apache.hadoop.hdds.scm.exceptions.SCMException: Unable to find enough nodes that meet the criteria that cannot engage in more than 5 pipelines. Nodes required: 3 Found: 0, healthy nodes count inNodeManager: 5.
	at org.apache.hadoop.hdds.scm.pipeline.PipelinePlacementPolicy.filterViableNodes(PipelinePlacementPolicy.java:149)
	at org.apache.hadoop.hdds.scm.pipeline.PipelinePlacementPolicy.chooseDatanodes(PipelinePlacementPolicy.java:172)
	at org.apache.hadoop.hdds.scm.pipeline.RatisPipelineProvider.create(RatisPipelineProvider.java:93)
	at org.apache.hadoop.hdds.scm.pipeline.PipelineFactory.create(PipelineFactory.java:58)
	at org.apache.hadoop.hdds.scm.pipeline.SCMPipelineManager.createPipeline(SCMPipelineManager.java:155)
	at org.apache.hadoop.hdds.scm.block.BlockManagerImpl.allocateBlock(BlockManagerImpl.java:190)
	at org.apache.hadoop.hdds.scm.server.SCMBlockProtocolServer.allocateBlock(SCMBlockProtocolServer.java:182)
	at org.apache.hadoop.ozone.protocolPB.ScmBlockLocationProtocolServerSideTranslatorPB.allocateScmBlock(ScmBlockLocationProtocolServerSideTranslatorPB.java:183)
	at org.apache.hadoop.ozone.protocolPB.ScmBlockLocationProtocolServerSideTranslatorPB.processMessage(ScmBlockLocationProtocolServerSideTranslatorPB.java:141)
	at org.apache.hadoop.ozone.protocolPB.ScmBlockLocationProtocolServerSideTranslatorPB.send(ScmBlockLocationProtocolServerSideTranslatorPB.java:116)
	at org.apache.hadoop.hdds.protocol.proto.ScmBlockLocationProtocolProtos$ScmBlockLocationProtocolService$2.callBlockingMethod(ScmBlockLocationProtocolProtos.java:13157)
	at org.apache.hadoop.ipc.ProtobufRpcEngine$Server$ProtoBufRpcInvoker.call(ProtobufRpcEngine.java:524)
	at org.apache.hadoop.ipc.RPC$Server.call(RPC.java:1025)
	at org.apache.hadoop.ipc.Server$RpcCall.run(Server.java:876)
	at org.apache.hadoop.ipc.Server$RpcCall.run(Server.java:822)
	at java.security.AccessController.doPrivileged(Native Method)
	at javax.security.auth.Subject.doAs(Subject.java:422)
	at org.apache.hadoop.security.UserGroupInformation.doAs(UserGroupInformation.java:1730)
	at org.apache.hadoop.ipc.Server$Handler.run(Server.java:2682)
2019-09-26 13:36:26,223 [IPC Server handler 19 on 41365] INFO  block.BlockManagerImpl (BlockManagerImpl.java:allocateBlock(198)) - Could not find available pipeline of type:RATIS and factor:THREE even after retrying
2019-09-26 13:36:26,223 [IPC Server handler 19 on 41365] ERROR block.BlockManagerImpl (BlockManagerImpl.java:allocateBlock(222)) - Unable to allocate a block for the size: 4194304, type: RATIS, factor: THREE
2019-09-26 13:36:26,223 [IPC Server handler 19 on 41365] INFO  pipeline.PipelinePlacementPolicy (PipelinePlacementPolicy.java:meetCriteria(91)) - Pipeline Placement: can't place more pipeline on heavy datanode： 0846c5d9-d8fd-49e0-9805-817523babe5a Heaviness: 6 limit: 5
2019-09-26 13:36:26,223 [IPC Server handler 19 on 41365] INFO  pipeline.PipelinePlacementPolicy (PipelinePlacementPolicy.java:meetCriteria(91)) - Pipeline Placement: can't place more pipeline on heavy datanode： 782e32e3-c0a7-42e5-b748-90e00549b00d Heaviness: 6 limit: 5
2019-09-26 13:36:26,224 [IPC Server handler 19 on 41365] INFO  pipeline.PipelinePlacementPolicy (PipelinePlacementPolicy.java:meetCriteria(91)) - Pipeline Placement: can't place more pipeline on heavy datanode： 1d0de9a6-3b8a-4f01-86ad-2ac4521aa9e5 Heaviness: 6 limit: 5
2019-09-26 13:36:26,224 [IPC Server handler 19 on 41365] INFO  pipeline.PipelinePlacementPolicy (PipelinePlacementPolicy.java:meetCriteria(91)) - Pipeline Placement: can't place more pipeline on heavy datanode： 346062cc-ad15-42e2-9beb-d47eb155c827 Heaviness: 6 limit: 5
2019-09-26 13:36:26,224 [IPC Server handler 19 on 41365] INFO  pipeline.PipelinePlacementPolicy (PipelinePlacementPolicy.java:meetCriteria(91)) - Pipeline Placement: can't place more pipeline on heavy datanode： eded3bc9-84b9-4250-ab82-94085e7bf343 Heaviness: 6 limit: 5
2019-09-26 13:36:26,224 [IPC Server handler 19 on 41365] ERROR pipeline.PipelinePlacementPolicy (PipelinePlacementPolicy.java:filterViableNodes(148)) - Unable to find enough nodes that meet the criteria that cannot engage in more than 5 pipelines. Nodes required: 3 Found: 0, healthy nodes count inNodeManager: 5.
2019-09-26 13:36:26,224 [IPC Server handler 19 on 41365] ERROR pipeline.SCMPipelineManager (SCMPipelineManager.java:createPipeline(167)) - Pipeline creation failed.
org.apache.hadoop.hdds.scm.exceptions.SCMException: Unable to find enough nodes that meet the criteria that cannot engage in more than 5 pipelines. Nodes required: 3 Found: 0, healthy nodes count inNodeManager: 5.
	at org.apache.hadoop.hdds.scm.pipeline.PipelinePlacementPolicy.filterViableNodes(PipelinePlacementPolicy.java:149)
	at org.apache.hadoop.hdds.scm.pipeline.PipelinePlacementPolicy.chooseDatanodes(PipelinePlacementPolicy.java:172)
	at org.apache.hadoop.hdds.scm.pipeline.RatisPipelineProvider.create(RatisPipelineProvider.java:93)
	at org.apache.hadoop.hdds.scm.pipeline.PipelineFactory.create(PipelineFactory.java:58)
	at org.apache.hadoop.hdds.scm.pipeline.SCMPipelineManager.createPipeline(SCMPipelineManager.java:155)
	at org.apache.hadoop.hdds.scm.block.BlockManagerImpl.allocateBlock(BlockManagerImpl.java:190)
	at org.apache.hadoop.hdds.scm.server.SCMBlockProtocolServer.allocateBlock(SCMBlockProtocolServer.java:182)
	at org.apache.hadoop.ozone.protocolPB.ScmBlockLocationProtocolServerSideTranslatorPB.allocateScmBlock(ScmBlockLocationProtocolServerSideTranslatorPB.java:183)
	at org.apache.hadoop.ozone.protocolPB.ScmBlockLocationProtocolServerSideTranslatorPB.processMessage(ScmBlockLocationProtocolServerSideTranslatorPB.java:141)
	at org.apache.hadoop.ozone.protocolPB.ScmBlockLocationProtocolServerSideTranslatorPB.send(ScmBlockLocationProtocolServerSideTranslatorPB.java:116)
	at org.apache.hadoop.hdds.protocol.proto.ScmBlockLocationProtocolProtos$ScmBlockLocationProtocolService$2.callBlockingMethod(ScmBlockLocationProtocolProtos.java:13157)
	at org.apache.hadoop.ipc.ProtobufRpcEngine$Server$ProtoBufRpcInvoker.call(ProtobufRpcEngine.java:524)
	at org.apache.hadoop.ipc.RPC$Server.call(RPC.java:1025)
	at org.apache.hadoop.ipc.Server$RpcCall.run(Server.java:876)
	at org.apache.hadoop.ipc.Server$RpcCall.run(Server.java:822)
	at java.security.AccessController.doPrivileged(Native Method)
	at javax.security.auth.Subject.doAs(Subject.java:422)
	at org.apache.hadoop.security.UserGroupInformation.doAs(UserGroupInformation.java:1730)
	at org.apache.hadoop.ipc.Server$Handler.run(Server.java:2682)
2019-09-26 13:36:26,225 [IPC Server handler 19 on 41365] WARN  block.BlockManagerImpl (BlockManagerImpl.java:allocateBlock(192)) - Pipeline creation failed for type:RATIS factor:THREE. Retrying get pipelines call once.
org.apache.hadoop.hdds.scm.exceptions.SCMException: Unable to find enough nodes that meet the criteria that cannot engage in more than 5 pipelines. Nodes required: 3 Found: 0, healthy nodes count inNodeManager: 5.
	at org.apache.hadoop.hdds.scm.pipeline.PipelinePlacementPolicy.filterViableNodes(PipelinePlacementPolicy.java:149)
	at org.apache.hadoop.hdds.scm.pipeline.PipelinePlacementPolicy.chooseDatanodes(PipelinePlacementPolicy.java:172)
	at org.apache.hadoop.hdds.scm.pipeline.RatisPipelineProvider.create(RatisPipelineProvider.java:93)
	at org.apache.hadoop.hdds.scm.pipeline.PipelineFactory.create(PipelineFactory.java:58)
	at org.apache.hadoop.hdds.scm.pipeline.SCMPipelineManager.createPipeline(SCMPipelineManager.java:155)
	at org.apache.hadoop.hdds.scm.block.BlockManagerImpl.allocateBlock(BlockManagerImpl.java:190)
	at org.apache.hadoop.hdds.scm.server.SCMBlockProtocolServer.allocateBlock(SCMBlockProtocolServer.java:182)
	at org.apache.hadoop.ozone.protocolPB.ScmBlockLocationProtocolServerSideTranslatorPB.allocateScmBlock(ScmBlockLocationProtocolServerSideTranslatorPB.java:183)
	at org.apache.hadoop.ozone.protocolPB.ScmBlockLocationProtocolServerSideTranslatorPB.processMessage(ScmBlockLocationProtocolServerSideTranslatorPB.java:141)
	at org.apache.hadoop.ozone.protocolPB.ScmBlockLocationProtocolServerSideTranslatorPB.send(ScmBlockLocationProtocolServerSideTranslatorPB.java:116)
	at org.apache.hadoop.hdds.protocol.proto.ScmBlockLocationProtocolProtos$ScmBlockLocationProtocolService$2.callBlockingMethod(ScmBlockLocationProtocolProtos.java:13157)
	at org.apache.hadoop.ipc.ProtobufRpcEngine$Server$ProtoBufRpcInvoker.call(ProtobufRpcEngine.java:524)
	at org.apache.hadoop.ipc.RPC$Server.call(RPC.java:1025)
	at org.apache.hadoop.ipc.Server$RpcCall.run(Server.java:876)
	at org.apache.hadoop.ipc.Server$RpcCall.run(Server.java:822)
	at java.security.AccessController.doPrivileged(Native Method)
	at javax.security.auth.Subject.doAs(Subject.java:422)
	at org.apache.hadoop.security.UserGroupInformation.doAs(UserGroupInformation.java:1730)
	at org.apache.hadoop.ipc.Server$Handler.run(Server.java:2682)
2019-09-26 13:36:26,225 [IPC Server handler 19 on 41365] INFO  block.BlockManagerImpl (BlockManagerImpl.java:allocateBlock(198)) - Could not find available pipeline of type:RATIS and factor:THREE even after retrying
2019-09-26 13:36:26,225 [IPC Server handler 19 on 41365] ERROR block.BlockManagerImpl (BlockManagerImpl.java:allocateBlock(222)) - Unable to allocate a block for the size: 4194304, type: RATIS, factor: THREE
2019-09-26 13:36:26,225 [IPC Server handler 19 on 41365] INFO  pipeline.PipelinePlacementPolicy (PipelinePlacementPolicy.java:meetCriteria(91)) - Pipeline Placement: can't place more pipeline on heavy datanode： 0846c5d9-d8fd-49e0-9805-817523babe5a Heaviness: 6 limit: 5
2019-09-26 13:36:26,226 [IPC Server handler 19 on 41365] INFO  pipeline.PipelinePlacementPolicy (PipelinePlacementPolicy.java:meetCriteria(91)) - Pipeline Placement: can't place more pipeline on heavy datanode： 782e32e3-c0a7-42e5-b748-90e00549b00d Heaviness: 6 limit: 5
2019-09-26 13:36:26,226 [IPC Server handler 19 on 41365] INFO  pipeline.PipelinePlacementPolicy (PipelinePlacementPolicy.java:meetCriteria(91)) - Pipeline Placement: can't place more pipeline on heavy datanode： 1d0de9a6-3b8a-4f01-86ad-2ac4521aa9e5 Heaviness: 6 limit: 5
2019-09-26 13:36:26,226 [IPC Server handler 19 on 41365] INFO  pipeline.PipelinePlacementPolicy (PipelinePlacementPolicy.java:meetCriteria(91)) - Pipeline Placement: can't place more pipeline on heavy datanode： 346062cc-ad15-42e2-9beb-d47eb155c827 Heaviness: 6 limit: 5
2019-09-26 13:36:26,226 [IPC Server handler 19 on 41365] INFO  pipeline.PipelinePlacementPolicy (PipelinePlacementPolicy.java:meetCriteria(91)) - Pipeline Placement: can't place more pipeline on heavy datanode： eded3bc9-84b9-4250-ab82-94085e7bf343 Heaviness: 6 limit: 5
2019-09-26 13:36:26,226 [IPC Server handler 19 on 41365] ERROR pipeline.PipelinePlacementPolicy (PipelinePlacementPolicy.java:filterViableNodes(148)) - Unable to find enough nodes that meet the criteria that cannot engage in more than 5 pipelines. Nodes required: 3 Found: 0, healthy nodes count inNodeManager: 5.
2019-09-26 13:36:26,227 [IPC Server handler 19 on 41365] ERROR pipeline.SCMPipelineManager (SCMPipelineManager.java:createPipeline(167)) - Pipeline creation failed.
org.apache.hadoop.hdds.scm.exceptions.SCMException: Unable to find enough nodes that meet the criteria that cannot engage in more than 5 pipelines. Nodes required: 3 Found: 0, healthy nodes count inNodeManager: 5.
	at org.apache.hadoop.hdds.scm.pipeline.PipelinePlacementPolicy.filterViableNodes(PipelinePlacementPolicy.java:149)
	at org.apache.hadoop.hdds.scm.pipeline.PipelinePlacementPolicy.chooseDatanodes(PipelinePlacementPolicy.java:172)
	at org.apache.hadoop.hdds.scm.pipeline.RatisPipelineProvider.create(RatisPipelineProvider.java:93)
	at org.apache.hadoop.hdds.scm.pipeline.PipelineFactory.create(PipelineFactory.java:58)
	at org.apache.hadoop.hdds.scm.pipeline.SCMPipelineManager.createPipeline(SCMPipelineManager.java:155)
	at org.apache.hadoop.hdds.scm.block.BlockManagerImpl.allocateBlock(BlockManagerImpl.java:190)
	at org.apache.hadoop.hdds.scm.server.SCMBlockProtocolServer.allocateBlock(SCMBlockProtocolServer.java:182)
	at org.apache.hadoop.ozone.protocolPB.ScmBlockLocationProtocolServerSideTranslatorPB.allocateScmBlock(ScmBlockLocationProtocolServerSideTranslatorPB.java:183)
	at org.apache.hadoop.ozone.protocolPB.ScmBlockLocationProtocolServerSideTranslatorPB.processMessage(ScmBlockLocationProtocolServerSideTranslatorPB.java:141)
	at org.apache.hadoop.ozone.protocolPB.ScmBlockLocationProtocolServerSideTranslatorPB.send(ScmBlockLocationProtocolServerSideTranslatorPB.java:116)
	at org.apache.hadoop.hdds.protocol.proto.ScmBlockLocationProtocolProtos$ScmBlockLocationProtocolService$2.callBlockingMethod(ScmBlockLocationProtocolProtos.java:13157)
	at org.apache.hadoop.ipc.ProtobufRpcEngine$Server$ProtoBufRpcInvoker.call(ProtobufRpcEngine.java:524)
	at org.apache.hadoop.ipc.RPC$Server.call(RPC.java:1025)
	at org.apache.hadoop.ipc.Server$RpcCall.run(Server.java:876)
	at org.apache.hadoop.ipc.Server$RpcCall.run(Server.java:822)
	at java.security.AccessController.doPrivileged(Native Method)
	at javax.security.auth.Subject.doAs(Subject.java:422)
	at org.apache.hadoop.security.UserGroupInformation.doAs(UserGroupInformation.java:1730)
	at org.apache.hadoop.ipc.Server$Handler.run(Server.java:2682)
2019-09-26 13:36:26,227 [IPC Server handler 19 on 41365] WARN  block.BlockManagerImpl (BlockManagerImpl.java:allocateBlock(192)) - Pipeline creation failed for type:RATIS factor:THREE. Retrying get pipelines call once.
org.apache.hadoop.hdds.scm.exceptions.SCMException: Unable to find enough nodes that meet the criteria that cannot engage in more than 5 pipelines. Nodes required: 3 Found: 0, healthy nodes count inNodeManager: 5.
	at org.apache.hadoop.hdds.scm.pipeline.PipelinePlacementPolicy.filterViableNodes(PipelinePlacementPolicy.java:149)
	at org.apache.hadoop.hdds.scm.pipeline.PipelinePlacementPolicy.chooseDatanodes(PipelinePlacementPolicy.java:172)
	at org.apache.hadoop.hdds.scm.pipeline.RatisPipelineProvider.create(RatisPipelineProvider.java:93)
	at org.apache.hadoop.hdds.scm.pipeline.PipelineFactory.create(PipelineFactory.java:58)
	at org.apache.hadoop.hdds.scm.pipeline.SCMPipelineManager.createPipeline(SCMPipelineManager.java:155)
	at org.apache.hadoop.hdds.scm.block.BlockManagerImpl.allocateBlock(BlockManagerImpl.java:190)
	at org.apache.hadoop.hdds.scm.server.SCMBlockProtocolServer.allocateBlock(SCMBlockProtocolServer.java:182)
	at org.apache.hadoop.ozone.protocolPB.ScmBlockLocationProtocolServerSideTranslatorPB.allocateScmBlock(ScmBlockLocationProtocolServerSideTranslatorPB.java:183)
	at org.apache.hadoop.ozone.protocolPB.ScmBlockLocationProtocolServerSideTranslatorPB.processMessage(ScmBlockLocationProtocolServerSideTranslatorPB.java:141)
	at org.apache.hadoop.ozone.protocolPB.ScmBlockLocationProtocolServerSideTranslatorPB.send(ScmBlockLocationProtocolServerSideTranslatorPB.java:116)
	at org.apache.hadoop.hdds.protocol.proto.ScmBlockLocationProtocolProtos$ScmBlockLocationProtocolService$2.callBlockingMethod(ScmBlockLocationProtocolProtos.java:13157)
	at org.apache.hadoop.ipc.ProtobufRpcEngine$Server$ProtoBufRpcInvoker.call(ProtobufRpcEngine.java:524)
	at org.apache.hadoop.ipc.RPC$Server.call(RPC.java:1025)
	at org.apache.hadoop.ipc.Server$RpcCall.run(Server.java:876)
	at org.apache.hadoop.ipc.Server$RpcCall.run(Server.java:822)
	at java.security.AccessController.doPrivileged(Native Method)
	at javax.security.auth.Subject.doAs(Subject.java:422)
	at org.apache.hadoop.security.UserGroupInformation.doAs(UserGroupInformation.java:1730)
	at org.apache.hadoop.ipc.Server$Handler.run(Server.java:2682)
2019-09-26 13:36:26,227 [IPC Server handler 19 on 41365] INFO  block.BlockManagerImpl (BlockManagerImpl.java:allocateBlock(198)) - Could not find available pipeline of type:RATIS and factor:THREE even after retrying
2019-09-26 13:36:26,228 [IPC Server handler 19 on 41365] ERROR block.BlockManagerImpl (BlockManagerImpl.java:allocateBlock(222)) - Unable to allocate a block for the size: 4194304, type: RATIS, factor: THREE
2019-09-26 13:36:26,228 [IPC Server handler 19 on 41365] INFO  pipeline.PipelinePlacementPolicy (PipelinePlacementPolicy.java:meetCriteria(91)) - Pipeline Placement: can't place more pipeline on heavy datanode： 0846c5d9-d8fd-49e0-9805-817523babe5a Heaviness: 6 limit: 5
2019-09-26 13:36:26,228 [IPC Server handler 19 on 41365] INFO  pipeline.PipelinePlacementPolicy (PipelinePlacementPolicy.java:meetCriteria(91)) - Pipeline Placement: can't place more pipeline on heavy datanode： 782e32e3-c0a7-42e5-b748-90e00549b00d Heaviness: 6 limit: 5
2019-09-26 13:36:26,228 [IPC Server handler 19 on 41365] INFO  pipeline.PipelinePlacementPolicy (PipelinePlacementPolicy.java:meetCriteria(91)) - Pipeline Placement: can't place more pipeline on heavy datanode： 1d0de9a6-3b8a-4f01-86ad-2ac4521aa9e5 Heaviness: 6 limit: 5
2019-09-26 13:36:26,228 [IPC Server handler 19 on 41365] INFO  pipeline.PipelinePlacementPolicy (PipelinePlacementPolicy.java:meetCriteria(91)) - Pipeline Placement: can't place more pipeline on heavy datanode： 346062cc-ad15-42e2-9beb-d47eb155c827 Heaviness: 6 limit: 5
2019-09-26 13:36:26,229 [IPC Server handler 19 on 41365] INFO  pipeline.PipelinePlacementPolicy (PipelinePlacementPolicy.java:meetCriteria(91)) - Pipeline Placement: can't place more pipeline on heavy datanode： eded3bc9-84b9-4250-ab82-94085e7bf343 Heaviness: 6 limit: 5
2019-09-26 13:36:26,229 [IPC Server handler 19 on 41365] ERROR pipeline.PipelinePlacementPolicy (PipelinePlacementPolicy.java:filterViableNodes(148)) - Unable to find enough nodes that meet the criteria that cannot engage in more than 5 pipelines. Nodes required: 3 Found: 0, healthy nodes count inNodeManager: 5.
2019-09-26 13:36:26,229 [IPC Server handler 19 on 41365] ERROR pipeline.SCMPipelineManager (SCMPipelineManager.java:createPipeline(167)) - Pipeline creation failed.
org.apache.hadoop.hdds.scm.exceptions.SCMException: Unable to find enough nodes that meet the criteria that cannot engage in more than 5 pipelines. Nodes required: 3 Found: 0, healthy nodes count inNodeManager: 5.
	at org.apache.hadoop.hdds.scm.pipeline.PipelinePlacementPolicy.filterViableNodes(PipelinePlacementPolicy.java:149)
	at org.apache.hadoop.hdds.scm.pipeline.PipelinePlacementPolicy.chooseDatanodes(PipelinePlacementPolicy.java:172)
	at org.apache.hadoop.hdds.scm.pipeline.RatisPipelineProvider.create(RatisPipelineProvider.java:93)
	at org.apache.hadoop.hdds.scm.pipeline.PipelineFactory.create(PipelineFactory.java:58)
	at org.apache.hadoop.hdds.scm.pipeline.SCMPipelineManager.createPipeline(SCMPipelineManager.java:155)
	at org.apache.hadoop.hdds.scm.block.BlockManagerImpl.allocateBlock(BlockManagerImpl.java:190)
	at org.apache.hadoop.hdds.scm.server.SCMBlockProtocolServer.allocateBlock(SCMBlockProtocolServer.java:182)
	at org.apache.hadoop.ozone.protocolPB.ScmBlockLocationProtocolServerSideTranslatorPB.allocateScmBlock(ScmBlockLocationProtocolServerSideTranslatorPB.java:183)
	at org.apache.hadoop.ozone.protocolPB.ScmBlockLocationProtocolServerSideTranslatorPB.processMessage(ScmBlockLocationProtocolServerSideTranslatorPB.java:141)
	at org.apache.hadoop.ozone.protocolPB.ScmBlockLocationProtocolServerSideTranslatorPB.send(ScmBlockLocationProtocolServerSideTranslatorPB.java:116)
	at org.apache.hadoop.hdds.protocol.proto.ScmBlockLocationProtocolProtos$ScmBlockLocationProtocolService$2.callBlockingMethod(ScmBlockLocationProtocolProtos.java:13157)
	at org.apache.hadoop.ipc.ProtobufRpcEngine$Server$ProtoBufRpcInvoker.call(ProtobufRpcEngine.java:524)
	at org.apache.hadoop.ipc.RPC$Server.call(RPC.java:1025)
	at org.apache.hadoop.ipc.Server$RpcCall.run(Server.java:876)
	at org.apache.hadoop.ipc.Server$RpcCall.run(Server.java:822)
	at java.security.AccessController.doPrivileged(Native Method)
	at javax.security.auth.Subject.doAs(Subject.java:422)
	at org.apache.hadoop.security.UserGroupInformation.doAs(UserGroupInformation.java:1730)
	at org.apache.hadoop.ipc.Server$Handler.run(Server.java:2682)
2019-09-26 13:36:26,229 [IPC Server handler 19 on 41365] WARN  block.BlockManagerImpl (BlockManagerImpl.java:allocateBlock(192)) - Pipeline creation failed for type:RATIS factor:THREE. Retrying get pipelines call once.
org.apache.hadoop.hdds.scm.exceptions.SCMException: Unable to find enough nodes that meet the criteria that cannot engage in more than 5 pipelines. Nodes required: 3 Found: 0, healthy nodes count inNodeManager: 5.
	at org.apache.hadoop.hdds.scm.pipeline.PipelinePlacementPolicy.filterViableNodes(PipelinePlacementPolicy.java:149)
	at org.apache.hadoop.hdds.scm.pipeline.PipelinePlacementPolicy.chooseDatanodes(PipelinePlacementPolicy.java:172)
	at org.apache.hadoop.hdds.scm.pipeline.RatisPipelineProvider.create(RatisPipelineProvider.java:93)
	at org.apache.hadoop.hdds.scm.pipeline.PipelineFactory.create(PipelineFactory.java:58)
	at org.apache.hadoop.hdds.scm.pipeline.SCMPipelineManager.createPipeline(SCMPipelineManager.java:155)
	at org.apache.hadoop.hdds.scm.block.BlockManagerImpl.allocateBlock(BlockManagerImpl.java:190)
	at org.apache.hadoop.hdds.scm.server.SCMBlockProtocolServer.allocateBlock(SCMBlockProtocolServer.java:182)
	at org.apache.hadoop.ozone.protocolPB.ScmBlockLocationProtocolServerSideTranslatorPB.allocateScmBlock(ScmBlockLocationProtocolServerSideTranslatorPB.java:183)
	at org.apache.hadoop.ozone.protocolPB.ScmBlockLocationProtocolServerSideTranslatorPB.processMessage(ScmBlockLocationProtocolServerSideTranslatorPB.java:141)
	at org.apache.hadoop.ozone.protocolPB.ScmBlockLocationProtocolServerSideTranslatorPB.send(ScmBlockLocationProtocolServerSideTranslatorPB.java:116)
	at org.apache.hadoop.hdds.protocol.proto.ScmBlockLocationProtocolProtos$ScmBlockLocationProtocolService$2.callBlockingMethod(ScmBlockLocationProtocolProtos.java:13157)
	at org.apache.hadoop.ipc.ProtobufRpcEngine$Server$ProtoBufRpcInvoker.call(ProtobufRpcEngine.java:524)
	at org.apache.hadoop.ipc.RPC$Server.call(RPC.java:1025)
	at org.apache.hadoop.ipc.Server$RpcCall.run(Server.java:876)
	at org.apache.hadoop.ipc.Server$RpcCall.run(Server.java:822)
	at java.security.AccessController.doPrivileged(Native Method)
	at javax.security.auth.Subject.doAs(Subject.java:422)
	at org.apache.hadoop.security.UserGroupInformation.doAs(UserGroupInformation.java:1730)
	at org.apache.hadoop.ipc.Server$Handler.run(Server.java:2682)
2019-09-26 13:36:26,230 [IPC Server handler 19 on 41365] INFO  block.BlockManagerImpl (BlockManagerImpl.java:allocateBlock(198)) - Could not find available pipeline of type:RATIS and factor:THREE even after retrying
2019-09-26 13:36:26,230 [IPC Server handler 19 on 41365] ERROR block.BlockManagerImpl (BlockManagerImpl.java:allocateBlock(222)) - Unable to allocate a block for the size: 4194304, type: RATIS, factor: THREE
2019-09-26 13:36:26,231 [pool-74-thread-3] ERROR freon.RandomKeyGenerator (RandomKeyGenerator.java:createKey(733)) - Exception while adding key: key-0-21604 in bucket: bucket-0-49597 of volume: vol-0-58511.
INTERNAL_ERROR org.apache.hadoop.ozone.om.exceptions.OMException: Allocated 0 blocks. Requested 5 blocks
	at org.apache.hadoop.ozone.om.protocolPB.OzoneManagerProtocolClientSideTranslatorPB.handleError(OzoneManagerProtocolClientSideTranslatorPB.java:732)
	at org.apache.hadoop.ozone.om.protocolPB.OzoneManagerProtocolClientSideTranslatorPB.openKey(OzoneManagerProtocolClientSideTranslatorPB.java:723)
	at sun.reflect.NativeMethodAccessorImpl.invoke0(Native Method)
	at sun.reflect.NativeMethodAccessorImpl.invoke(NativeMethodAccessorImpl.java:62)
	at sun.reflect.DelegatingMethodAccessorImpl.invoke(DelegatingMethodAccessorImpl.java:43)
	at java.lang.reflect.Method.invoke(Method.java:498)
	at org.apache.hadoop.hdds.tracing.TraceAllMethod.invoke(TraceAllMethod.java:66)
	at com.sun.proxy.$Proxy37.openKey(Unknown Source)
	at org.apache.hadoop.ozone.client.rpc.RpcClient.createKey(RpcClient.java:614)
	at org.apache.hadoop.ozone.client.OzoneBucket.createKey(OzoneBucket.java:325)
	at org.apache.hadoop.ozone.freon.RandomKeyGenerator.createKey(RandomKeyGenerator.java:695)
	at org.apache.hadoop.ozone.freon.RandomKeyGenerator.access$1100(RandomKeyGenerator.java:88)
	at org.apache.hadoop.ozone.freon.RandomKeyGenerator$ObjectCreator.run(RandomKeyGenerator.java:615)
	at java.util.concurrent.Executors$RunnableAdapter.call(Executors.java:511)
	at java.util.concurrent.FutureTask.run(FutureTask.java:266)
	at java.util.concurrent.ThreadPoolExecutor.runWorker(ThreadPoolExecutor.java:1149)
	at java.util.concurrent.ThreadPoolExecutor$Worker.run(ThreadPoolExecutor.java:624)
	at java.lang.Thread.run(Thread.java:748)
 0.00% |█                                                                                                    |  0/1 Time: 0:00:01 0.00% |█                                                                                                    |  0/1 Time: 0:00:02 0.00% |█                                                                                                    |  0/1 Time: 0:00:03 0.00% |█                                                                                                    |  0/1 Time: 0:00:04 100.00% |█████████████████████████████████████████████████████████████████████████████████████████████████████|  1/1 Time: 0:00:05
]]></system-out>
  </testcase>
  <testcase name="validateWriteTest" classname="org.apache.hadoop.ozone.freon.TestDataValidateWithUnsafeByteOperations" time="10.03">
    <error message="Allocated 0 blocks. Requested 1 blocks" type="INTERNAL_ERROR org.apache.hadoop.ozone.om.exceptions.OMException">INTERNAL_ERROR org.apache.hadoop.ozone.om.exceptions.OMException: Allocated 0 blocks. Requested 1 blocks
	at org.apache.hadoop.ozone.om.protocolPB.OzoneManagerProtocolClientSideTranslatorPB.handleError(OzoneManagerProtocolClientSideTranslatorPB.java:732)
	at org.apache.hadoop.ozone.om.protocolPB.OzoneManagerProtocolClientSideTranslatorPB.openKey(OzoneManagerProtocolClientSideTranslatorPB.java:723)
	at sun.reflect.NativeMethodAccessorImpl.invoke0(Native Method)
	at sun.reflect.NativeMethodAccessorImpl.invoke(NativeMethodAccessorImpl.java:62)
	at sun.reflect.DelegatingMethodAccessorImpl.invoke(DelegatingMethodAccessorImpl.java:43)
	at java.lang.reflect.Method.invoke(Method.java:498)
	at org.apache.hadoop.hdds.tracing.TraceAllMethod.invoke(TraceAllMethod.java:66)
	at com.sun.proxy.$Proxy37.openKey(Unknown Source)
	at org.apache.hadoop.ozone.client.rpc.RpcClient.createKey(RpcClient.java:614)
	at org.apache.hadoop.ozone.client.OzoneBucket.createKey(OzoneBucket.java:325)
	at org.apache.hadoop.ozone.freon.RandomKeyGenerator.createKey(RandomKeyGenerator.java:695)
	at org.apache.hadoop.ozone.freon.RandomKeyGenerator.access$1100(RandomKeyGenerator.java:88)
	at org.apache.hadoop.ozone.freon.RandomKeyGenerator$ObjectCreator.run(RandomKeyGenerator.java:615)
	at java.util.concurrent.Executors$RunnableAdapter.call(Executors.java:511)
	at java.util.concurrent.FutureTask.run(FutureTask.java:266)
	at java.util.concurrent.ThreadPoolExecutor.runWorker(ThreadPoolExecutor.java:1149)
	at java.util.concurrent.ThreadPoolExecutor$Worker.run(ThreadPoolExecutor.java:624)
	at java.lang.Thread.run(Thread.java:748)
</error>
    <system-out><![CDATA[2019-09-26 13:36:36,207 [main] INFO  freon.RandomKeyGenerator (RandomKeyGenerator.java:call(283)) - Number of Threads: 10
2019-09-26 13:36:36,207 [main] INFO  freon.RandomKeyGenerator (RandomKeyGenerator.java:call(288)) - Number of Volumes: 2.
2019-09-26 13:36:36,207 [main] INFO  freon.RandomKeyGenerator (RandomKeyGenerator.java:call(289)) - Number of Buckets per Volume: 5.
2019-09-26 13:36:36,207 [main] INFO  freon.RandomKeyGenerator (RandomKeyGenerator.java:call(290)) - Number of Keys per Bucket: 10.
2019-09-26 13:36:36,208 [main] INFO  freon.RandomKeyGenerator (RandomKeyGenerator.java:call(291)) - Key size: 10240 bytes
2019-09-26 13:36:36,208 [main] INFO  freon.RandomKeyGenerator (RandomKeyGenerator.java:call(292)) - Buffer size: 4096 bytes
2019-09-26 13:36:36,208 [main] INFO  freon.RandomKeyGenerator (RandomKeyGenerator.java:call(293)) - validateWrites : true
2019-09-26 13:36:36,209 [pool-75-thread-2] INFO  rpc.RpcClient (RpcClient.java:createVolume(276)) - Creating Volume: vol-1-59657, with jenkins1000 as owner.
2019-09-26 13:36:36,209 [pool-75-thread-1] INFO  rpc.RpcClient (RpcClient.java:createVolume(276)) - Creating Volume: vol-0-12623, with jenkins1000 as owner.
2019-09-26 13:36:36,212 [main] INFO  freon.RandomKeyGenerator (RandomKeyGenerator.java:call(307)) - Data validation is enabled.
2019-09-26 13:36:36,212 [main] INFO  freon.RandomKeyGenerator (RandomKeyGenerator.java:call(313)) - Starting progress bar Thread.

 0.00% |█                                                                                                    |  0/100 Time: 0:00:002019-09-26 13:36:36,214 [IPC Server handler 9 on 37845] INFO  volume.OMVolumeCreateRequest (OMVolumeCreateRequest.java:validateAndUpdateCache(189)) - created volume:vol-1-59657 for user:jenkins1000
2019-09-26 13:36:36,224 [IPC Server handler 13 on 37845] INFO  volume.OMVolumeCreateRequest (OMVolumeCreateRequest.java:validateAndUpdateCache(189)) - created volume:vol-0-12623 for user:jenkins1000
2019-09-26 13:36:36,230 [pool-75-thread-4] INFO  rpc.RpcClient (RpcClient.java:createBucket(415)) - Creating Bucket: vol-1-59657/bucket-0-00623, with Versioning false and Storage Type set to DISK and Encryption set to false 
2019-09-26 13:36:36,230 [pool-75-thread-6] INFO  rpc.RpcClient (RpcClient.java:createBucket(415)) - Creating Bucket: vol-1-59657/bucket-1-13390, with Versioning false and Storage Type set to DISK and Encryption set to false 
2019-09-26 13:36:36,230 [pool-75-thread-8] INFO  rpc.RpcClient (RpcClient.java:createBucket(415)) - Creating Bucket: vol-1-59657/bucket-2-53658, with Versioning false and Storage Type set to DISK and Encryption set to false 
2019-09-26 13:36:36,234 [pool-75-thread-10] INFO  rpc.RpcClient (RpcClient.java:createBucket(415)) - Creating Bucket: vol-1-59657/bucket-3-50170, with Versioning false and Storage Type set to DISK and Encryption set to false 
2019-09-26 13:36:36,239 [pool-75-thread-1] INFO  rpc.RpcClient (RpcClient.java:createBucket(415)) - Creating Bucket: vol-1-59657/bucket-4-08776, with Versioning false and Storage Type set to DISK and Encryption set to false 
2019-09-26 13:36:36,240 [pool-75-thread-3] INFO  rpc.RpcClient (RpcClient.java:createBucket(415)) - Creating Bucket: vol-0-12623/bucket-0-74716, with Versioning false and Storage Type set to DISK and Encryption set to false 
2019-09-26 13:36:36,240 [pool-75-thread-5] INFO  rpc.RpcClient (RpcClient.java:createBucket(415)) - Creating Bucket: vol-0-12623/bucket-1-49447, with Versioning false and Storage Type set to DISK and Encryption set to false 
2019-09-26 13:36:36,240 [pool-75-thread-7] INFO  rpc.RpcClient (RpcClient.java:createBucket(415)) - Creating Bucket: vol-0-12623/bucket-2-34686, with Versioning false and Storage Type set to DISK and Encryption set to false 
2019-09-26 13:36:36,244 [pool-75-thread-2] INFO  rpc.RpcClient (RpcClient.java:createBucket(415)) - Creating Bucket: vol-0-12623/bucket-4-34373, with Versioning false and Storage Type set to DISK and Encryption set to false 
2019-09-26 13:36:36,246 [pool-75-thread-9] INFO  rpc.RpcClient (RpcClient.java:createBucket(415)) - Creating Bucket: vol-0-12623/bucket-3-47613, with Versioning false and Storage Type set to DISK and Encryption set to false 
2019-09-26 13:36:36,279 [IPC Server handler 7 on 41365] INFO  pipeline.PipelinePlacementPolicy (PipelinePlacementPolicy.java:meetCriteria(91)) - Pipeline Placement: can't place more pipeline on heavy datanode： 0846c5d9-d8fd-49e0-9805-817523babe5a Heaviness: 6 limit: 5
2019-09-26 13:36:36,280 [IPC Server handler 7 on 41365] INFO  pipeline.PipelinePlacementPolicy (PipelinePlacementPolicy.java:meetCriteria(91)) - Pipeline Placement: can't place more pipeline on heavy datanode： 782e32e3-c0a7-42e5-b748-90e00549b00d Heaviness: 6 limit: 5
2019-09-26 13:36:36,280 [IPC Server handler 7 on 41365] INFO  pipeline.PipelinePlacementPolicy (PipelinePlacementPolicy.java:meetCriteria(91)) - Pipeline Placement: can't place more pipeline on heavy datanode： 1d0de9a6-3b8a-4f01-86ad-2ac4521aa9e5 Heaviness: 6 limit: 5
2019-09-26 13:36:36,280 [IPC Server handler 7 on 41365] INFO  pipeline.PipelinePlacementPolicy (PipelinePlacementPolicy.java:meetCriteria(91)) - Pipeline Placement: can't place more pipeline on heavy datanode： 346062cc-ad15-42e2-9beb-d47eb155c827 Heaviness: 6 limit: 5
2019-09-26 13:36:36,281 [IPC Server handler 7 on 41365] INFO  pipeline.PipelinePlacementPolicy (PipelinePlacementPolicy.java:meetCriteria(91)) - Pipeline Placement: can't place more pipeline on heavy datanode： eded3bc9-84b9-4250-ab82-94085e7bf343 Heaviness: 6 limit: 5
2019-09-26 13:36:36,281 [IPC Server handler 7 on 41365] ERROR pipeline.PipelinePlacementPolicy (PipelinePlacementPolicy.java:filterViableNodes(148)) - Unable to find enough nodes that meet the criteria that cannot engage in more than 5 pipelines. Nodes required: 3 Found: 0, healthy nodes count inNodeManager: 5.
2019-09-26 13:36:36,281 [IPC Server handler 7 on 41365] ERROR pipeline.SCMPipelineManager (SCMPipelineManager.java:createPipeline(167)) - Pipeline creation failed.
org.apache.hadoop.hdds.scm.exceptions.SCMException: Unable to find enough nodes that meet the criteria that cannot engage in more than 5 pipelines. Nodes required: 3 Found: 0, healthy nodes count inNodeManager: 5.
	at org.apache.hadoop.hdds.scm.pipeline.PipelinePlacementPolicy.filterViableNodes(PipelinePlacementPolicy.java:149)
	at org.apache.hadoop.hdds.scm.pipeline.PipelinePlacementPolicy.chooseDatanodes(PipelinePlacementPolicy.java:172)
	at org.apache.hadoop.hdds.scm.pipeline.RatisPipelineProvider.create(RatisPipelineProvider.java:93)
	at org.apache.hadoop.hdds.scm.pipeline.PipelineFactory.create(PipelineFactory.java:58)
	at org.apache.hadoop.hdds.scm.pipeline.SCMPipelineManager.createPipeline(SCMPipelineManager.java:155)
	at org.apache.hadoop.hdds.scm.block.BlockManagerImpl.allocateBlock(BlockManagerImpl.java:190)
	at org.apache.hadoop.hdds.scm.server.SCMBlockProtocolServer.allocateBlock(SCMBlockProtocolServer.java:182)
	at org.apache.hadoop.ozone.protocolPB.ScmBlockLocationProtocolServerSideTranslatorPB.allocateScmBlock(ScmBlockLocationProtocolServerSideTranslatorPB.java:183)
	at org.apache.hadoop.ozone.protocolPB.ScmBlockLocationProtocolServerSideTranslatorPB.processMessage(ScmBlockLocationProtocolServerSideTranslatorPB.java:141)
	at org.apache.hadoop.ozone.protocolPB.ScmBlockLocationProtocolServerSideTranslatorPB.send(ScmBlockLocationProtocolServerSideTranslatorPB.java:116)
	at org.apache.hadoop.hdds.protocol.proto.ScmBlockLocationProtocolProtos$ScmBlockLocationProtocolService$2.callBlockingMethod(ScmBlockLocationProtocolProtos.java:13157)
	at org.apache.hadoop.ipc.ProtobufRpcEngine$Server$ProtoBufRpcInvoker.call(ProtobufRpcEngine.java:524)
	at org.apache.hadoop.ipc.RPC$Server.call(RPC.java:1025)
	at org.apache.hadoop.ipc.Server$RpcCall.run(Server.java:876)
	at org.apache.hadoop.ipc.Server$RpcCall.run(Server.java:822)
	at java.security.AccessController.doPrivileged(Native Method)
	at javax.security.auth.Subject.doAs(Subject.java:422)
	at org.apache.hadoop.security.UserGroupInformation.doAs(UserGroupInformation.java:1730)
	at org.apache.hadoop.ipc.Server$Handler.run(Server.java:2682)
2019-09-26 13:36:36,282 [IPC Server handler 7 on 41365] WARN  block.BlockManagerImpl (BlockManagerImpl.java:allocateBlock(192)) - Pipeline creation failed for type:RATIS factor:THREE. Retrying get pipelines call once.
org.apache.hadoop.hdds.scm.exceptions.SCMException: Unable to find enough nodes that meet the criteria that cannot engage in more than 5 pipelines. Nodes required: 3 Found: 0, healthy nodes count inNodeManager: 5.
	at org.apache.hadoop.hdds.scm.pipeline.PipelinePlacementPolicy.filterViableNodes(PipelinePlacementPolicy.java:149)
	at org.apache.hadoop.hdds.scm.pipeline.PipelinePlacementPolicy.chooseDatanodes(PipelinePlacementPolicy.java:172)
	at org.apache.hadoop.hdds.scm.pipeline.RatisPipelineProvider.create(RatisPipelineProvider.java:93)
	at org.apache.hadoop.hdds.scm.pipeline.PipelineFactory.create(PipelineFactory.java:58)
	at org.apache.hadoop.hdds.scm.pipeline.SCMPipelineManager.createPipeline(SCMPipelineManager.java:155)
	at org.apache.hadoop.hdds.scm.block.BlockManagerImpl.allocateBlock(BlockManagerImpl.java:190)
	at org.apache.hadoop.hdds.scm.server.SCMBlockProtocolServer.allocateBlock(SCMBlockProtocolServer.java:182)
	at org.apache.hadoop.ozone.protocolPB.ScmBlockLocationProtocolServerSideTranslatorPB.allocateScmBlock(ScmBlockLocationProtocolServerSideTranslatorPB.java:183)
	at org.apache.hadoop.ozone.protocolPB.ScmBlockLocationProtocolServerSideTranslatorPB.processMessage(ScmBlockLocationProtocolServerSideTranslatorPB.java:141)
	at org.apache.hadoop.ozone.protocolPB.ScmBlockLocationProtocolServerSideTranslatorPB.send(ScmBlockLocationProtocolServerSideTranslatorPB.java:116)
	at org.apache.hadoop.hdds.protocol.proto.ScmBlockLocationProtocolProtos$ScmBlockLocationProtocolService$2.callBlockingMethod(ScmBlockLocationProtocolProtos.java:13157)
	at org.apache.hadoop.ipc.ProtobufRpcEngine$Server$ProtoBufRpcInvoker.call(ProtobufRpcEngine.java:524)
	at org.apache.hadoop.ipc.RPC$Server.call(RPC.java:1025)
	at org.apache.hadoop.ipc.Server$RpcCall.run(Server.java:876)
	at org.apache.hadoop.ipc.Server$RpcCall.run(Server.java:822)
	at java.security.AccessController.doPrivileged(Native Method)
	at javax.security.auth.Subject.doAs(Subject.java:422)
	at org.apache.hadoop.security.UserGroupInformation.doAs(UserGroupInformation.java:1730)
	at org.apache.hadoop.ipc.Server$Handler.run(Server.java:2682)
2019-09-26 13:36:36,282 [IPC Server handler 2 on 41365] INFO  pipeline.PipelinePlacementPolicy (PipelinePlacementPolicy.java:meetCriteria(91)) - Pipeline Placement: can't place more pipeline on heavy datanode： 0846c5d9-d8fd-49e0-9805-817523babe5a Heaviness: 6 limit: 5
2019-09-26 13:36:36,282 [IPC Server handler 2 on 41365] INFO  pipeline.PipelinePlacementPolicy (PipelinePlacementPolicy.java:meetCriteria(91)) - Pipeline Placement: can't place more pipeline on heavy datanode： 782e32e3-c0a7-42e5-b748-90e00549b00d Heaviness: 6 limit: 5
2019-09-26 13:36:36,283 [IPC Server handler 2 on 41365] INFO  pipeline.PipelinePlacementPolicy (PipelinePlacementPolicy.java:meetCriteria(91)) - Pipeline Placement: can't place more pipeline on heavy datanode： 1d0de9a6-3b8a-4f01-86ad-2ac4521aa9e5 Heaviness: 6 limit: 5
2019-09-26 13:36:36,283 [IPC Server handler 2 on 41365] INFO  pipeline.PipelinePlacementPolicy (PipelinePlacementPolicy.java:meetCriteria(91)) - Pipeline Placement: can't place more pipeline on heavy datanode： 346062cc-ad15-42e2-9beb-d47eb155c827 Heaviness: 6 limit: 5
2019-09-26 13:36:36,283 [IPC Server handler 2 on 41365] INFO  pipeline.PipelinePlacementPolicy (PipelinePlacementPolicy.java:meetCriteria(91)) - Pipeline Placement: can't place more pipeline on heavy datanode： eded3bc9-84b9-4250-ab82-94085e7bf343 Heaviness: 6 limit: 5
2019-09-26 13:36:36,283 [IPC Server handler 2 on 41365] ERROR pipeline.PipelinePlacementPolicy (PipelinePlacementPolicy.java:filterViableNodes(148)) - Unable to find enough nodes that meet the criteria that cannot engage in more than 5 pipelines. Nodes required: 3 Found: 0, healthy nodes count inNodeManager: 5.
2019-09-26 13:36:36,283 [IPC Server handler 2 on 41365] ERROR pipeline.SCMPipelineManager (SCMPipelineManager.java:createPipeline(167)) - Pipeline creation failed.
org.apache.hadoop.hdds.scm.exceptions.SCMException: Unable to find enough nodes that meet the criteria that cannot engage in more than 5 pipelines. Nodes required: 3 Found: 0, healthy nodes count inNodeManager: 5.
	at org.apache.hadoop.hdds.scm.pipeline.PipelinePlacementPolicy.filterViableNodes(PipelinePlacementPolicy.java:149)
	at org.apache.hadoop.hdds.scm.pipeline.PipelinePlacementPolicy.chooseDatanodes(PipelinePlacementPolicy.java:172)
	at org.apache.hadoop.hdds.scm.pipeline.RatisPipelineProvider.create(RatisPipelineProvider.java:93)
	at org.apache.hadoop.hdds.scm.pipeline.PipelineFactory.create(PipelineFactory.java:58)
	at org.apache.hadoop.hdds.scm.pipeline.SCMPipelineManager.createPipeline(SCMPipelineManager.java:155)
	at org.apache.hadoop.hdds.scm.block.BlockManagerImpl.allocateBlock(BlockManagerImpl.java:190)
	at org.apache.hadoop.hdds.scm.server.SCMBlockProtocolServer.allocateBlock(SCMBlockProtocolServer.java:182)
	at org.apache.hadoop.ozone.protocolPB.ScmBlockLocationProtocolServerSideTranslatorPB.allocateScmBlock(ScmBlockLocationProtocolServerSideTranslatorPB.java:183)
	at org.apache.hadoop.ozone.protocolPB.ScmBlockLocationProtocolServerSideTranslatorPB.processMessage(ScmBlockLocationProtocolServerSideTranslatorPB.java:141)
	at org.apache.hadoop.ozone.protocolPB.ScmBlockLocationProtocolServerSideTranslatorPB.send(ScmBlockLocationProtocolServerSideTranslatorPB.java:116)
	at org.apache.hadoop.hdds.protocol.proto.ScmBlockLocationProtocolProtos$ScmBlockLocationProtocolService$2.callBlockingMethod(ScmBlockLocationProtocolProtos.java:13157)
	at org.apache.hadoop.ipc.ProtobufRpcEngine$Server$ProtoBufRpcInvoker.call(ProtobufRpcEngine.java:524)
	at org.apache.hadoop.ipc.RPC$Server.call(RPC.java:1025)
	at org.apache.hadoop.ipc.Server$RpcCall.run(Server.java:876)
	at org.apache.hadoop.ipc.Server$RpcCall.run(Server.java:822)
	at java.security.AccessController.doPrivileged(Native Method)
	at javax.security.auth.Subject.doAs(Subject.java:422)
	at org.apache.hadoop.security.UserGroupInformation.doAs(UserGroupInformation.java:1730)
	at org.apache.hadoop.ipc.Server$Handler.run(Server.java:2682)
2019-09-26 13:36:36,283 [IPC Server handler 2 on 41365] WARN  block.BlockManagerImpl (BlockManagerImpl.java:allocateBlock(192)) - Pipeline creation failed for type:RATIS factor:THREE. Retrying get pipelines call once.
org.apache.hadoop.hdds.scm.exceptions.SCMException: Unable to find enough nodes that meet the criteria that cannot engage in more than 5 pipelines. Nodes required: 3 Found: 0, healthy nodes count inNodeManager: 5.
	at org.apache.hadoop.hdds.scm.pipeline.PipelinePlacementPolicy.filterViableNodes(PipelinePlacementPolicy.java:149)
	at org.apache.hadoop.hdds.scm.pipeline.PipelinePlacementPolicy.chooseDatanodes(PipelinePlacementPolicy.java:172)
	at org.apache.hadoop.hdds.scm.pipeline.RatisPipelineProvider.create(RatisPipelineProvider.java:93)
	at org.apache.hadoop.hdds.scm.pipeline.PipelineFactory.create(PipelineFactory.java:58)
	at org.apache.hadoop.hdds.scm.pipeline.SCMPipelineManager.createPipeline(SCMPipelineManager.java:155)
	at org.apache.hadoop.hdds.scm.block.BlockManagerImpl.allocateBlock(BlockManagerImpl.java:190)
	at org.apache.hadoop.hdds.scm.server.SCMBlockProtocolServer.allocateBlock(SCMBlockProtocolServer.java:182)
	at org.apache.hadoop.ozone.protocolPB.ScmBlockLocationProtocolServerSideTranslatorPB.allocateScmBlock(ScmBlockLocationProtocolServerSideTranslatorPB.java:183)
	at org.apache.hadoop.ozone.protocolPB.ScmBlockLocationProtocolServerSideTranslatorPB.processMessage(ScmBlockLocationProtocolServerSideTranslatorPB.java:141)
	at org.apache.hadoop.ozone.protocolPB.ScmBlockLocationProtocolServerSideTranslatorPB.send(ScmBlockLocationProtocolServerSideTranslatorPB.java:116)
	at org.apache.hadoop.hdds.protocol.proto.ScmBlockLocationProtocolProtos$ScmBlockLocationProtocolService$2.callBlockingMethod(ScmBlockLocationProtocolProtos.java:13157)
	at org.apache.hadoop.ipc.ProtobufRpcEngine$Server$ProtoBufRpcInvoker.call(ProtobufRpcEngine.java:524)
	at org.apache.hadoop.ipc.RPC$Server.call(RPC.java:1025)
	at org.apache.hadoop.ipc.Server$RpcCall.run(Server.java:876)
	at org.apache.hadoop.ipc.Server$RpcCall.run(Server.java:822)
	at java.security.AccessController.doPrivileged(Native Method)
	at javax.security.auth.Subject.doAs(Subject.java:422)
	at org.apache.hadoop.security.UserGroupInformation.doAs(UserGroupInformation.java:1730)
	at org.apache.hadoop.ipc.Server$Handler.run(Server.java:2682)
2019-09-26 13:36:36,284 [IPC Server handler 2 on 41365] INFO  block.BlockManagerImpl (BlockManagerImpl.java:allocateBlock(198)) - Could not find available pipeline of type:RATIS and factor:THREE even after retrying
2019-09-26 13:36:36,284 [IPC Server handler 7 on 41365] INFO  block.BlockManagerImpl (BlockManagerImpl.java:allocateBlock(198)) - Could not find available pipeline of type:RATIS and factor:THREE even after retrying
2019-09-26 13:36:36,284 [IPC Server handler 9 on 41365] INFO  pipeline.PipelinePlacementPolicy (PipelinePlacementPolicy.java:meetCriteria(91)) - Pipeline Placement: can't place more pipeline on heavy datanode： 0846c5d9-d8fd-49e0-9805-817523babe5a Heaviness: 6 limit: 5
2019-09-26 13:36:36,284 [IPC Server handler 2 on 41365] ERROR block.BlockManagerImpl (BlockManagerImpl.java:allocateBlock(222)) - Unable to allocate a block for the size: 4194304, type: RATIS, factor: THREE
2019-09-26 13:36:36,284 [IPC Server handler 9 on 41365] INFO  pipeline.PipelinePlacementPolicy (PipelinePlacementPolicy.java:meetCriteria(91)) - Pipeline Placement: can't place more pipeline on heavy datanode： 782e32e3-c0a7-42e5-b748-90e00549b00d Heaviness: 6 limit: 5
2019-09-26 13:36:36,284 [IPC Server handler 7 on 41365] ERROR block.BlockManagerImpl (BlockManagerImpl.java:allocateBlock(222)) - Unable to allocate a block for the size: 4194304, type: RATIS, factor: THREE
2019-09-26 13:36:36,285 [IPC Server handler 9 on 41365] INFO  pipeline.PipelinePlacementPolicy (PipelinePlacementPolicy.java:meetCriteria(91)) - Pipeline Placement: can't place more pipeline on heavy datanode： 1d0de9a6-3b8a-4f01-86ad-2ac4521aa9e5 Heaviness: 6 limit: 5
2019-09-26 13:36:36,285 [IPC Server handler 9 on 41365] INFO  pipeline.PipelinePlacementPolicy (PipelinePlacementPolicy.java:meetCriteria(91)) - Pipeline Placement: can't place more pipeline on heavy datanode： 346062cc-ad15-42e2-9beb-d47eb155c827 Heaviness: 6 limit: 5
2019-09-26 13:36:36,288 [IPC Server handler 9 on 41365] INFO  pipeline.PipelinePlacementPolicy (PipelinePlacementPolicy.java:meetCriteria(91)) - Pipeline Placement: can't place more pipeline on heavy datanode： eded3bc9-84b9-4250-ab82-94085e7bf343 Heaviness: 6 limit: 5
2019-09-26 13:36:36,288 [IPC Server handler 9 on 41365] ERROR pipeline.PipelinePlacementPolicy (PipelinePlacementPolicy.java:filterViableNodes(148)) - Unable to find enough nodes that meet the criteria that cannot engage in more than 5 pipelines. Nodes required: 3 Found: 0, healthy nodes count inNodeManager: 5.
2019-09-26 13:36:36,288 [IPC Server handler 9 on 41365] ERROR pipeline.SCMPipelineManager (SCMPipelineManager.java:createPipeline(167)) - Pipeline creation failed.
org.apache.hadoop.hdds.scm.exceptions.SCMException: Unable to find enough nodes that meet the criteria that cannot engage in more than 5 pipelines. Nodes required: 3 Found: 0, healthy nodes count inNodeManager: 5.
	at org.apache.hadoop.hdds.scm.pipeline.PipelinePlacementPolicy.filterViableNodes(PipelinePlacementPolicy.java:149)
	at org.apache.hadoop.hdds.scm.pipeline.PipelinePlacementPolicy.chooseDatanodes(PipelinePlacementPolicy.java:172)
	at org.apache.hadoop.hdds.scm.pipeline.RatisPipelineProvider.create(RatisPipelineProvider.java:93)
	at org.apache.hadoop.hdds.scm.pipeline.PipelineFactory.create(PipelineFactory.java:58)
	at org.apache.hadoop.hdds.scm.pipeline.SCMPipelineManager.createPipeline(SCMPipelineManager.java:155)
	at org.apache.hadoop.hdds.scm.block.BlockManagerImpl.allocateBlock(BlockManagerImpl.java:190)
	at org.apache.hadoop.hdds.scm.server.SCMBlockProtocolServer.allocateBlock(SCMBlockProtocolServer.java:182)
	at org.apache.hadoop.ozone.protocolPB.ScmBlockLocationProtocolServerSideTranslatorPB.allocateScmBlock(ScmBlockLocationProtocolServerSideTranslatorPB.java:183)
	at org.apache.hadoop.ozone.protocolPB.ScmBlockLocationProtocolServerSideTranslatorPB.processMessage(ScmBlockLocationProtocolServerSideTranslatorPB.java:141)
	at org.apache.hadoop.ozone.protocolPB.ScmBlockLocationProtocolServerSideTranslatorPB.send(ScmBlockLocationProtocolServerSideTranslatorPB.java:116)
	at org.apache.hadoop.hdds.protocol.proto.ScmBlockLocationProtocolProtos$ScmBlockLocationProtocolService$2.callBlockingMethod(ScmBlockLocationProtocolProtos.java:13157)
	at org.apache.hadoop.ipc.ProtobufRpcEngine$Server$ProtoBufRpcInvoker.call(ProtobufRpcEngine.java:524)
	at org.apache.hadoop.ipc.RPC$Server.call(RPC.java:1025)
	at org.apache.hadoop.ipc.Server$RpcCall.run(Server.java:876)
	at org.apache.hadoop.ipc.Server$RpcCall.run(Server.java:822)
	at java.security.AccessController.doPrivileged(Native Method)
	at javax.security.auth.Subject.doAs(Subject.java:422)
	at org.apache.hadoop.security.UserGroupInformation.doAs(UserGroupInformation.java:1730)
	at org.apache.hadoop.ipc.Server$Handler.run(Server.java:2682)
2019-09-26 13:36:36,289 [IPC Server handler 9 on 41365] WARN  block.BlockManagerImpl (BlockManagerImpl.java:allocateBlock(192)) - Pipeline creation failed for type:RATIS factor:THREE. Retrying get pipelines call once.
org.apache.hadoop.hdds.scm.exceptions.SCMException: Unable to find enough nodes that meet the criteria that cannot engage in more than 5 pipelines. Nodes required: 3 Found: 0, healthy nodes count inNodeManager: 5.
	at org.apache.hadoop.hdds.scm.pipeline.PipelinePlacementPolicy.filterViableNodes(PipelinePlacementPolicy.java:149)
	at org.apache.hadoop.hdds.scm.pipeline.PipelinePlacementPolicy.chooseDatanodes(PipelinePlacementPolicy.java:172)
	at org.apache.hadoop.hdds.scm.pipeline.RatisPipelineProvider.create(RatisPipelineProvider.java:93)
	at org.apache.hadoop.hdds.scm.pipeline.PipelineFactory.create(PipelineFactory.java:58)
	at org.apache.hadoop.hdds.scm.pipeline.SCMPipelineManager.createPipeline(SCMPipelineManager.java:155)
	at org.apache.hadoop.hdds.scm.block.BlockManagerImpl.allocateBlock(BlockManagerImpl.java:190)
	at org.apache.hadoop.hdds.scm.server.SCMBlockProtocolServer.allocateBlock(SCMBlockProtocolServer.java:182)
	at org.apache.hadoop.ozone.protocolPB.ScmBlockLocationProtocolServerSideTranslatorPB.allocateScmBlock(ScmBlockLocationProtocolServerSideTranslatorPB.java:183)
	at org.apache.hadoop.ozone.protocolPB.ScmBlockLocationProtocolServerSideTranslatorPB.processMessage(ScmBlockLocationProtocolServerSideTranslatorPB.java:141)
	at org.apache.hadoop.ozone.protocolPB.ScmBlockLocationProtocolServerSideTranslatorPB.send(ScmBlockLocationProtocolServerSideTranslatorPB.java:116)
	at org.apache.hadoop.hdds.protocol.proto.ScmBlockLocationProtocolProtos$ScmBlockLocationProtocolService$2.callBlockingMethod(ScmBlockLocationProtocolProtos.java:13157)
	at org.apache.hadoop.ipc.ProtobufRpcEngine$Server$ProtoBufRpcInvoker.call(ProtobufRpcEngine.java:524)
	at org.apache.hadoop.ipc.RPC$Server.call(RPC.java:1025)
	at org.apache.hadoop.ipc.Server$RpcCall.run(Server.java:876)
	at org.apache.hadoop.ipc.Server$RpcCall.run(Server.java:822)
	at java.security.AccessController.doPrivileged(Native Method)
	at javax.security.auth.Subject.doAs(Subject.java:422)
	at org.apache.hadoop.security.UserGroupInformation.doAs(UserGroupInformation.java:1730)
	at org.apache.hadoop.ipc.Server$Handler.run(Server.java:2682)
2019-09-26 13:36:36,288 [pool-75-thread-10] ERROR freon.RandomKeyGenerator (RandomKeyGenerator.java:createKey(733)) - Exception while adding key: key-0-34920 in bucket: bucket-0-00623 of volume: vol-1-59657.
INTERNAL_ERROR org.apache.hadoop.ozone.om.exceptions.OMException: Allocated 0 blocks. Requested 1 blocks
	at org.apache.hadoop.ozone.om.protocolPB.OzoneManagerProtocolClientSideTranslatorPB.handleError(OzoneManagerProtocolClientSideTranslatorPB.java:732)
	at org.apache.hadoop.ozone.om.protocolPB.OzoneManagerProtocolClientSideTranslatorPB.openKey(OzoneManagerProtocolClientSideTranslatorPB.java:723)
	at sun.reflect.NativeMethodAccessorImpl.invoke0(Native Method)
	at sun.reflect.NativeMethodAccessorImpl.invoke(NativeMethodAccessorImpl.java:62)
	at sun.reflect.DelegatingMethodAccessorImpl.invoke(DelegatingMethodAccessorImpl.java:43)
	at java.lang.reflect.Method.invoke(Method.java:498)
	at org.apache.hadoop.hdds.tracing.TraceAllMethod.invoke(TraceAllMethod.java:66)
	at com.sun.proxy.$Proxy37.openKey(Unknown Source)
	at org.apache.hadoop.ozone.client.rpc.RpcClient.createKey(RpcClient.java:614)
	at org.apache.hadoop.ozone.client.OzoneBucket.createKey(OzoneBucket.java:325)
	at org.apache.hadoop.ozone.freon.RandomKeyGenerator.createKey(RandomKeyGenerator.java:695)
	at org.apache.hadoop.ozone.freon.RandomKeyGenerator.access$1100(RandomKeyGenerator.java:88)
	at org.apache.hadoop.ozone.freon.RandomKeyGenerator$ObjectCreator.run(RandomKeyGenerator.java:615)
	at java.util.concurrent.Executors$RunnableAdapter.call(Executors.java:511)
	at java.util.concurrent.FutureTask.run(FutureTask.java:266)
	at java.util.concurrent.ThreadPoolExecutor.runWorker(ThreadPoolExecutor.java:1149)
	at java.util.concurrent.ThreadPoolExecutor$Worker.run(ThreadPoolExecutor.java:624)
	at java.lang.Thread.run(Thread.java:748)
2019-09-26 13:36:36,289 [IPC Server handler 15 on 41365] INFO  pipeline.PipelinePlacementPolicy (PipelinePlacementPolicy.java:meetCriteria(91)) - Pipeline Placement: can't place more pipeline on heavy datanode： 0846c5d9-d8fd-49e0-9805-817523babe5a Heaviness: 6 limit: 5
2019-09-26 13:36:36,288 [pool-75-thread-8] ERROR freon.RandomKeyGenerator (RandomKeyGenerator.java:createKey(733)) - Exception while adding key: key-0-18388 in bucket: bucket-0-74716 of volume: vol-0-12623.
INTERNAL_ERROR org.apache.hadoop.ozone.om.exceptions.OMException: Allocated 0 blocks. Requested 1 blocks
	at org.apache.hadoop.ozone.om.protocolPB.OzoneManagerProtocolClientSideTranslatorPB.handleError(OzoneManagerProtocolClientSideTranslatorPB.java:732)
	at org.apache.hadoop.ozone.om.protocolPB.OzoneManagerProtocolClientSideTranslatorPB.openKey(OzoneManagerProtocolClientSideTranslatorPB.java:723)
	at sun.reflect.NativeMethodAccessorImpl.invoke0(Native Method)
	at sun.reflect.NativeMethodAccessorImpl.invoke(NativeMethodAccessorImpl.java:62)
	at sun.reflect.DelegatingMethodAccessorImpl.invoke(DelegatingMethodAccessorImpl.java:43)
	at java.lang.reflect.Method.invoke(Method.java:498)
	at org.apache.hadoop.hdds.tracing.TraceAllMethod.invoke(TraceAllMethod.java:66)
	at com.sun.proxy.$Proxy37.openKey(Unknown Source)
	at org.apache.hadoop.ozone.client.rpc.RpcClient.createKey(RpcClient.java:614)
	at org.apache.hadoop.ozone.client.OzoneBucket.createKey(OzoneBucket.java:325)
	at org.apache.hadoop.ozone.freon.RandomKeyGenerator.createKey(RandomKeyGenerator.java:695)
	at org.apache.hadoop.ozone.freon.RandomKeyGenerator.access$1100(RandomKeyGenerator.java:88)
	at org.apache.hadoop.ozone.freon.RandomKeyGenerator$ObjectCreator.run(RandomKeyGenerator.java:615)
	at java.util.concurrent.Executors$RunnableAdapter.call(Executors.java:511)
	at java.util.concurrent.FutureTask.run(FutureTask.java:266)
	at java.util.concurrent.ThreadPoolExecutor.runWorker(ThreadPoolExecutor.java:1149)
	at java.util.concurrent.ThreadPoolExecutor$Worker.run(ThreadPoolExecutor.java:624)
	at java.lang.Thread.run(Thread.java:748)
2019-09-26 13:36:36,290 [IPC Server handler 15 on 41365] INFO  pipeline.PipelinePlacementPolicy (PipelinePlacementPolicy.java:meetCriteria(91)) - Pipeline Placement: can't place more pipeline on heavy datanode： 782e32e3-c0a7-42e5-b748-90e00549b00d Heaviness: 6 limit: 5
2019-09-26 13:36:36,291 [IPC Server handler 15 on 41365] INFO  pipeline.PipelinePlacementPolicy (PipelinePlacementPolicy.java:meetCriteria(91)) - Pipeline Placement: can't place more pipeline on heavy datanode： 1d0de9a6-3b8a-4f01-86ad-2ac4521aa9e5 Heaviness: 6 limit: 5
2019-09-26 13:36:36,291 [IPC Server handler 15 on 41365] INFO  pipeline.PipelinePlacementPolicy (PipelinePlacementPolicy.java:meetCriteria(91)) - Pipeline Placement: can't place more pipeline on heavy datanode： 346062cc-ad15-42e2-9beb-d47eb155c827 Heaviness: 6 limit: 5
2019-09-26 13:36:36,291 [IPC Server handler 15 on 41365] INFO  pipeline.PipelinePlacementPolicy (PipelinePlacementPolicy.java:meetCriteria(91)) - Pipeline Placement: can't place more pipeline on heavy datanode： eded3bc9-84b9-4250-ab82-94085e7bf343 Heaviness: 6 limit: 5
2019-09-26 13:36:36,291 [IPC Server handler 15 on 41365] ERROR pipeline.PipelinePlacementPolicy (PipelinePlacementPolicy.java:filterViableNodes(148)) - Unable to find enough nodes that meet the criteria that cannot engage in more than 5 pipelines. Nodes required: 3 Found: 0, healthy nodes count inNodeManager: 5.
2019-09-26 13:36:36,292 [IPC Server handler 15 on 41365] ERROR pipeline.SCMPipelineManager (SCMPipelineManager.java:createPipeline(167)) - Pipeline creation failed.
org.apache.hadoop.hdds.scm.exceptions.SCMException: Unable to find enough nodes that meet the criteria that cannot engage in more than 5 pipelines. Nodes required: 3 Found: 0, healthy nodes count inNodeManager: 5.
	at org.apache.hadoop.hdds.scm.pipeline.PipelinePlacementPolicy.filterViableNodes(PipelinePlacementPolicy.java:149)
	at org.apache.hadoop.hdds.scm.pipeline.PipelinePlacementPolicy.chooseDatanodes(PipelinePlacementPolicy.java:172)
	at org.apache.hadoop.hdds.scm.pipeline.RatisPipelineProvider.create(RatisPipelineProvider.java:93)
	at org.apache.hadoop.hdds.scm.pipeline.PipelineFactory.create(PipelineFactory.java:58)
	at org.apache.hadoop.hdds.scm.pipeline.SCMPipelineManager.createPipeline(SCMPipelineManager.java:155)
	at org.apache.hadoop.hdds.scm.block.BlockManagerImpl.allocateBlock(BlockManagerImpl.java:190)
	at org.apache.hadoop.hdds.scm.server.SCMBlockProtocolServer.allocateBlock(SCMBlockProtocolServer.java:182)
	at org.apache.hadoop.ozone.protocolPB.ScmBlockLocationProtocolServerSideTranslatorPB.allocateScmBlock(ScmBlockLocationProtocolServerSideTranslatorPB.java:183)
	at org.apache.hadoop.ozone.protocolPB.ScmBlockLocationProtocolServerSideTranslatorPB.processMessage(ScmBlockLocationProtocolServerSideTranslatorPB.java:141)
	at org.apache.hadoop.ozone.protocolPB.ScmBlockLocationProtocolServerSideTranslatorPB.send(ScmBlockLocationProtocolServerSideTranslatorPB.java:116)
	at org.apache.hadoop.hdds.protocol.proto.ScmBlockLocationProtocolProtos$ScmBlockLocationProtocolService$2.callBlockingMethod(ScmBlockLocationProtocolProtos.java:13157)
	at org.apache.hadoop.ipc.ProtobufRpcEngine$Server$ProtoBufRpcInvoker.call(ProtobufRpcEngine.java:524)
	at org.apache.hadoop.ipc.RPC$Server.call(RPC.java:1025)
	at org.apache.hadoop.ipc.Server$RpcCall.run(Server.java:876)
	at org.apache.hadoop.ipc.Server$RpcCall.run(Server.java:822)
	at java.security.AccessController.doPrivileged(Native Method)
	at javax.security.auth.Subject.doAs(Subject.java:422)
	at org.apache.hadoop.security.UserGroupInformation.doAs(UserGroupInformation.java:1730)
	at org.apache.hadoop.ipc.Server$Handler.run(Server.java:2682)
2019-09-26 13:36:36,292 [IPC Server handler 15 on 41365] WARN  block.BlockManagerImpl (BlockManagerImpl.java:allocateBlock(192)) - Pipeline creation failed for type:RATIS factor:THREE. Retrying get pipelines call once.
org.apache.hadoop.hdds.scm.exceptions.SCMException: Unable to find enough nodes that meet the criteria that cannot engage in more than 5 pipelines. Nodes required: 3 Found: 0, healthy nodes count inNodeManager: 5.
	at org.apache.hadoop.hdds.scm.pipeline.PipelinePlacementPolicy.filterViableNodes(PipelinePlacementPolicy.java:149)
	at org.apache.hadoop.hdds.scm.pipeline.PipelinePlacementPolicy.chooseDatanodes(PipelinePlacementPolicy.java:172)
	at org.apache.hadoop.hdds.scm.pipeline.RatisPipelineProvider.create(RatisPipelineProvider.java:93)
	at org.apache.hadoop.hdds.scm.pipeline.PipelineFactory.create(PipelineFactory.java:58)
	at org.apache.hadoop.hdds.scm.pipeline.SCMPipelineManager.createPipeline(SCMPipelineManager.java:155)
	at org.apache.hadoop.hdds.scm.block.BlockManagerImpl.allocateBlock(BlockManagerImpl.java:190)
	at org.apache.hadoop.hdds.scm.server.SCMBlockProtocolServer.allocateBlock(SCMBlockProtocolServer.java:182)
	at org.apache.hadoop.ozone.protocolPB.ScmBlockLocationProtocolServerSideTranslatorPB.allocateScmBlock(ScmBlockLocationProtocolServerSideTranslatorPB.java:183)
	at org.apache.hadoop.ozone.protocolPB.ScmBlockLocationProtocolServerSideTranslatorPB.processMessage(ScmBlockLocationProtocolServerSideTranslatorPB.java:141)
	at org.apache.hadoop.ozone.protocolPB.ScmBlockLocationProtocolServerSideTranslatorPB.send(ScmBlockLocationProtocolServerSideTranslatorPB.java:116)
	at org.apache.hadoop.hdds.protocol.proto.ScmBlockLocationProtocolProtos$ScmBlockLocationProtocolService$2.callBlockingMethod(ScmBlockLocationProtocolProtos.java:13157)
	at org.apache.hadoop.ipc.ProtobufRpcEngine$Server$ProtoBufRpcInvoker.call(ProtobufRpcEngine.java:524)
	at org.apache.hadoop.ipc.RPC$Server.call(RPC.java:1025)
	at org.apache.hadoop.ipc.Server$RpcCall.run(Server.java:876)
	at org.apache.hadoop.ipc.Server$RpcCall.run(Server.java:822)
	at java.security.AccessController.doPrivileged(Native Method)
	at javax.security.auth.Subject.doAs(Subject.java:422)
	at org.apache.hadoop.security.UserGroupInformation.doAs(UserGroupInformation.java:1730)
	at org.apache.hadoop.ipc.Server$Handler.run(Server.java:2682)
2019-09-26 13:36:36,292 [IPC Server handler 19 on 41365] INFO  pipeline.PipelinePlacementPolicy (PipelinePlacementPolicy.java:meetCriteria(91)) - Pipeline Placement: can't place more pipeline on heavy datanode： 0846c5d9-d8fd-49e0-9805-817523babe5a Heaviness: 6 limit: 5
2019-09-26 13:36:36,292 [IPC Server handler 9 on 41365] INFO  block.BlockManagerImpl (BlockManagerImpl.java:allocateBlock(198)) - Could not find available pipeline of type:RATIS and factor:THREE even after retrying
2019-09-26 13:36:36,293 [IPC Server handler 19 on 41365] INFO  pipeline.PipelinePlacementPolicy (PipelinePlacementPolicy.java:meetCriteria(91)) - Pipeline Placement: can't place more pipeline on heavy datanode： 782e32e3-c0a7-42e5-b748-90e00549b00d Heaviness: 6 limit: 5
2019-09-26 13:36:36,293 [IPC Server handler 9 on 41365] ERROR block.BlockManagerImpl (BlockManagerImpl.java:allocateBlock(222)) - Unable to allocate a block for the size: 4194304, type: RATIS, factor: THREE
2019-09-26 13:36:36,293 [IPC Server handler 19 on 41365] INFO  pipeline.PipelinePlacementPolicy (PipelinePlacementPolicy.java:meetCriteria(91)) - Pipeline Placement: can't place more pipeline on heavy datanode： 1d0de9a6-3b8a-4f01-86ad-2ac4521aa9e5 Heaviness: 6 limit: 5
2019-09-26 13:36:36,294 [IPC Server handler 19 on 41365] INFO  pipeline.PipelinePlacementPolicy (PipelinePlacementPolicy.java:meetCriteria(91)) - Pipeline Placement: can't place more pipeline on heavy datanode： 346062cc-ad15-42e2-9beb-d47eb155c827 Heaviness: 6 limit: 5
2019-09-26 13:36:36,294 [IPC Server handler 19 on 41365] INFO  pipeline.PipelinePlacementPolicy (PipelinePlacementPolicy.java:meetCriteria(91)) - Pipeline Placement: can't place more pipeline on heavy datanode： eded3bc9-84b9-4250-ab82-94085e7bf343 Heaviness: 6 limit: 5
2019-09-26 13:36:36,294 [IPC Server handler 19 on 41365] ERROR pipeline.PipelinePlacementPolicy (PipelinePlacementPolicy.java:filterViableNodes(148)) - Unable to find enough nodes that meet the criteria that cannot engage in more than 5 pipelines. Nodes required: 3 Found: 0, healthy nodes count inNodeManager: 5.
2019-09-26 13:36:36,294 [IPC Server handler 19 on 41365] ERROR pipeline.SCMPipelineManager (SCMPipelineManager.java:createPipeline(167)) - Pipeline creation failed.
org.apache.hadoop.hdds.scm.exceptions.SCMException: Unable to find enough nodes that meet the criteria that cannot engage in more than 5 pipelines. Nodes required: 3 Found: 0, healthy nodes count inNodeManager: 5.
	at org.apache.hadoop.hdds.scm.pipeline.PipelinePlacementPolicy.filterViableNodes(PipelinePlacementPolicy.java:149)
	at org.apache.hadoop.hdds.scm.pipeline.PipelinePlacementPolicy.chooseDatanodes(PipelinePlacementPolicy.java:172)
	at org.apache.hadoop.hdds.scm.pipeline.RatisPipelineProvider.create(RatisPipelineProvider.java:93)
	at org.apache.hadoop.hdds.scm.pipeline.PipelineFactory.create(PipelineFactory.java:58)
	at org.apache.hadoop.hdds.scm.pipeline.SCMPipelineManager.createPipeline(SCMPipelineManager.java:155)
	at org.apache.hadoop.hdds.scm.block.BlockManagerImpl.allocateBlock(BlockManagerImpl.java:190)
	at org.apache.hadoop.hdds.scm.server.SCMBlockProtocolServer.allocateBlock(SCMBlockProtocolServer.java:182)
	at org.apache.hadoop.ozone.protocolPB.ScmBlockLocationProtocolServerSideTranslatorPB.allocateScmBlock(ScmBlockLocationProtocolServerSideTranslatorPB.java:183)
	at org.apache.hadoop.ozone.protocolPB.ScmBlockLocationProtocolServerSideTranslatorPB.processMessage(ScmBlockLocationProtocolServerSideTranslatorPB.java:141)
	at org.apache.hadoop.ozone.protocolPB.ScmBlockLocationProtocolServerSideTranslatorPB.send(ScmBlockLocationProtocolServerSideTranslatorPB.java:116)
	at org.apache.hadoop.hdds.protocol.proto.ScmBlockLocationProtocolProtos$ScmBlockLocationProtocolService$2.callBlockingMethod(ScmBlockLocationProtocolProtos.java:13157)
	at org.apache.hadoop.ipc.ProtobufRpcEngine$Server$ProtoBufRpcInvoker.call(ProtobufRpcEngine.java:524)
	at org.apache.hadoop.ipc.RPC$Server.call(RPC.java:1025)
	at org.apache.hadoop.ipc.Server$RpcCall.run(Server.java:876)
	at org.apache.hadoop.ipc.Server$RpcCall.run(Server.java:822)
	at java.security.AccessController.doPrivileged(Native Method)
	at javax.security.auth.Subject.doAs(Subject.java:422)
	at org.apache.hadoop.security.UserGroupInformation.doAs(UserGroupInformation.java:1730)
	at org.apache.hadoop.ipc.Server$Handler.run(Server.java:2682)
2019-09-26 13:36:36,294 [pool-75-thread-5] ERROR freon.RandomKeyGenerator (RandomKeyGenerator.java:createKey(733)) - Exception while adding key: key-0-84290 in bucket: bucket-2-53658 of volume: vol-1-59657.
INTERNAL_ERROR org.apache.hadoop.ozone.om.exceptions.OMException: Allocated 0 blocks. Requested 1 blocks
	at org.apache.hadoop.ozone.om.protocolPB.OzoneManagerProtocolClientSideTranslatorPB.handleError(OzoneManagerProtocolClientSideTranslatorPB.java:732)
	at org.apache.hadoop.ozone.om.protocolPB.OzoneManagerProtocolClientSideTranslatorPB.openKey(OzoneManagerProtocolClientSideTranslatorPB.java:723)
	at sun.reflect.NativeMethodAccessorImpl.invoke0(Native Method)
	at sun.reflect.NativeMethodAccessorImpl.invoke(NativeMethodAccessorImpl.java:62)
	at sun.reflect.DelegatingMethodAccessorImpl.invoke(DelegatingMethodAccessorImpl.java:43)
	at java.lang.reflect.Method.invoke(Method.java:498)
	at org.apache.hadoop.hdds.tracing.TraceAllMethod.invoke(TraceAllMethod.java:66)
	at com.sun.proxy.$Proxy37.openKey(Unknown Source)
	at org.apache.hadoop.ozone.client.rpc.RpcClient.createKey(RpcClient.java:614)
	at org.apache.hadoop.ozone.client.OzoneBucket.createKey(OzoneBucket.java:325)
	at org.apache.hadoop.ozone.freon.RandomKeyGenerator.createKey(RandomKeyGenerator.java:695)
	at org.apache.hadoop.ozone.freon.RandomKeyGenerator.access$1100(RandomKeyGenerator.java:88)
	at org.apache.hadoop.ozone.freon.RandomKeyGenerator$ObjectCreator.run(RandomKeyGenerator.java:615)
	at java.util.concurrent.Executors$RunnableAdapter.call(Executors.java:511)
	at java.util.concurrent.FutureTask.run(FutureTask.java:266)
	at java.util.concurrent.ThreadPoolExecutor.runWorker(ThreadPoolExecutor.java:1149)
	at java.util.concurrent.ThreadPoolExecutor$Worker.run(ThreadPoolExecutor.java:624)
	at java.lang.Thread.run(Thread.java:748)
2019-09-26 13:36:36,295 [IPC Server handler 0 on 41365] INFO  pipeline.PipelinePlacementPolicy (PipelinePlacementPolicy.java:meetCriteria(91)) - Pipeline Placement: can't place more pipeline on heavy datanode： 0846c5d9-d8fd-49e0-9805-817523babe5a Heaviness: 6 limit: 5
2019-09-26 13:36:36,295 [IPC Server handler 19 on 41365] WARN  block.BlockManagerImpl (BlockManagerImpl.java:allocateBlock(192)) - Pipeline creation failed for type:RATIS factor:THREE. Retrying get pipelines call once.
org.apache.hadoop.hdds.scm.exceptions.SCMException: Unable to find enough nodes that meet the criteria that cannot engage in more than 5 pipelines. Nodes required: 3 Found: 0, healthy nodes count inNodeManager: 5.
	at org.apache.hadoop.hdds.scm.pipeline.PipelinePlacementPolicy.filterViableNodes(PipelinePlacementPolicy.java:149)
	at org.apache.hadoop.hdds.scm.pipeline.PipelinePlacementPolicy.chooseDatanodes(PipelinePlacementPolicy.java:172)
	at org.apache.hadoop.hdds.scm.pipeline.RatisPipelineProvider.create(RatisPipelineProvider.java:93)
	at org.apache.hadoop.hdds.scm.pipeline.PipelineFactory.create(PipelineFactory.java:58)
	at org.apache.hadoop.hdds.scm.pipeline.SCMPipelineManager.createPipeline(SCMPipelineManager.java:155)
	at org.apache.hadoop.hdds.scm.block.BlockManagerImpl.allocateBlock(BlockManagerImpl.java:190)
	at org.apache.hadoop.hdds.scm.server.SCMBlockProtocolServer.allocateBlock(SCMBlockProtocolServer.java:182)
	at org.apache.hadoop.ozone.protocolPB.ScmBlockLocationProtocolServerSideTranslatorPB.allocateScmBlock(ScmBlockLocationProtocolServerSideTranslatorPB.java:183)
	at org.apache.hadoop.ozone.protocolPB.ScmBlockLocationProtocolServerSideTranslatorPB.processMessage(ScmBlockLocationProtocolServerSideTranslatorPB.java:141)
	at org.apache.hadoop.ozone.protocolPB.ScmBlockLocationProtocolServerSideTranslatorPB.send(ScmBlockLocationProtocolServerSideTranslatorPB.java:116)
	at org.apache.hadoop.hdds.protocol.proto.ScmBlockLocationProtocolProtos$ScmBlockLocationProtocolService$2.callBlockingMethod(ScmBlockLocationProtocolProtos.java:13157)
	at org.apache.hadoop.ipc.ProtobufRpcEngine$Server$ProtoBufRpcInvoker.call(ProtobufRpcEngine.java:524)
	at org.apache.hadoop.ipc.RPC$Server.call(RPC.java:1025)
	at org.apache.hadoop.ipc.Server$RpcCall.run(Server.java:876)
	at org.apache.hadoop.ipc.Server$RpcCall.run(Server.java:822)
	at java.security.AccessController.doPrivileged(Native Method)
	at javax.security.auth.Subject.doAs(Subject.java:422)
	at org.apache.hadoop.security.UserGroupInformation.doAs(UserGroupInformation.java:1730)
	at org.apache.hadoop.ipc.Server$Handler.run(Server.java:2682)
2019-09-26 13:36:36,295 [IPC Server handler 0 on 41365] INFO  pipeline.PipelinePlacementPolicy (PipelinePlacementPolicy.java:meetCriteria(91)) - Pipeline Placement: can't place more pipeline on heavy datanode： 782e32e3-c0a7-42e5-b748-90e00549b00d Heaviness: 6 limit: 5
2019-09-26 13:36:36,296 [IPC Server handler 0 on 41365] INFO  pipeline.PipelinePlacementPolicy (PipelinePlacementPolicy.java:meetCriteria(91)) - Pipeline Placement: can't place more pipeline on heavy datanode： 1d0de9a6-3b8a-4f01-86ad-2ac4521aa9e5 Heaviness: 6 limit: 5
2019-09-26 13:36:36,296 [IPC Server handler 0 on 41365] INFO  pipeline.PipelinePlacementPolicy (PipelinePlacementPolicy.java:meetCriteria(91)) - Pipeline Placement: can't place more pipeline on heavy datanode： 346062cc-ad15-42e2-9beb-d47eb155c827 Heaviness: 6 limit: 5
2019-09-26 13:36:36,296 [IPC Server handler 0 on 41365] INFO  pipeline.PipelinePlacementPolicy (PipelinePlacementPolicy.java:meetCriteria(91)) - Pipeline Placement: can't place more pipeline on heavy datanode： eded3bc9-84b9-4250-ab82-94085e7bf343 Heaviness: 6 limit: 5
2019-09-26 13:36:36,296 [IPC Server handler 0 on 41365] ERROR pipeline.PipelinePlacementPolicy (PipelinePlacementPolicy.java:filterViableNodes(148)) - Unable to find enough nodes that meet the criteria that cannot engage in more than 5 pipelines. Nodes required: 3 Found: 0, healthy nodes count inNodeManager: 5.
2019-09-26 13:36:36,297 [IPC Server handler 0 on 41365] ERROR pipeline.SCMPipelineManager (SCMPipelineManager.java:createPipeline(167)) - Pipeline creation failed.
org.apache.hadoop.hdds.scm.exceptions.SCMException: Unable to find enough nodes that meet the criteria that cannot engage in more than 5 pipelines. Nodes required: 3 Found: 0, healthy nodes count inNodeManager: 5.
	at org.apache.hadoop.hdds.scm.pipeline.PipelinePlacementPolicy.filterViableNodes(PipelinePlacementPolicy.java:149)
	at org.apache.hadoop.hdds.scm.pipeline.PipelinePlacementPolicy.chooseDatanodes(PipelinePlacementPolicy.java:172)
	at org.apache.hadoop.hdds.scm.pipeline.RatisPipelineProvider.create(RatisPipelineProvider.java:93)
	at org.apache.hadoop.hdds.scm.pipeline.PipelineFactory.create(PipelineFactory.java:58)
	at org.apache.hadoop.hdds.scm.pipeline.SCMPipelineManager.createPipeline(SCMPipelineManager.java:155)
	at org.apache.hadoop.hdds.scm.block.BlockManagerImpl.allocateBlock(BlockManagerImpl.java:190)
	at org.apache.hadoop.hdds.scm.server.SCMBlockProtocolServer.allocateBlock(SCMBlockProtocolServer.java:182)
	at org.apache.hadoop.ozone.protocolPB.ScmBlockLocationProtocolServerSideTranslatorPB.allocateScmBlock(ScmBlockLocationProtocolServerSideTranslatorPB.java:183)
	at org.apache.hadoop.ozone.protocolPB.ScmBlockLocationProtocolServerSideTranslatorPB.processMessage(ScmBlockLocationProtocolServerSideTranslatorPB.java:141)
	at org.apache.hadoop.ozone.protocolPB.ScmBlockLocationProtocolServerSideTranslatorPB.send(ScmBlockLocationProtocolServerSideTranslatorPB.java:116)
	at org.apache.hadoop.hdds.protocol.proto.ScmBlockLocationProtocolProtos$ScmBlockLocationProtocolService$2.callBlockingMethod(ScmBlockLocationProtocolProtos.java:13157)
	at org.apache.hadoop.ipc.ProtobufRpcEngine$Server$ProtoBufRpcInvoker.call(ProtobufRpcEngine.java:524)
	at org.apache.hadoop.ipc.RPC$Server.call(RPC.java:1025)
	at org.apache.hadoop.ipc.Server$RpcCall.run(Server.java:876)
	at org.apache.hadoop.ipc.Server$RpcCall.run(Server.java:822)
	at java.security.AccessController.doPrivileged(Native Method)
	at javax.security.auth.Subject.doAs(Subject.java:422)
	at org.apache.hadoop.security.UserGroupInformation.doAs(UserGroupInformation.java:1730)
	at org.apache.hadoop.ipc.Server$Handler.run(Server.java:2682)
2019-09-26 13:36:36,307 [IPC Server handler 0 on 41365] WARN  block.BlockManagerImpl (BlockManagerImpl.java:allocateBlock(192)) - Pipeline creation failed for type:RATIS factor:THREE. Retrying get pipelines call once.
org.apache.hadoop.hdds.scm.exceptions.SCMException: Unable to find enough nodes that meet the criteria that cannot engage in more than 5 pipelines. Nodes required: 3 Found: 0, healthy nodes count inNodeManager: 5.
	at org.apache.hadoop.hdds.scm.pipeline.PipelinePlacementPolicy.filterViableNodes(PipelinePlacementPolicy.java:149)
	at org.apache.hadoop.hdds.scm.pipeline.PipelinePlacementPolicy.chooseDatanodes(PipelinePlacementPolicy.java:172)
	at org.apache.hadoop.hdds.scm.pipeline.RatisPipelineProvider.create(RatisPipelineProvider.java:93)
	at org.apache.hadoop.hdds.scm.pipeline.PipelineFactory.create(PipelineFactory.java:58)
	at org.apache.hadoop.hdds.scm.pipeline.SCMPipelineManager.createPipeline(SCMPipelineManager.java:155)
	at org.apache.hadoop.hdds.scm.block.BlockManagerImpl.allocateBlock(BlockManagerImpl.java:190)
	at org.apache.hadoop.hdds.scm.server.SCMBlockProtocolServer.allocateBlock(SCMBlockProtocolServer.java:182)
	at org.apache.hadoop.ozone.protocolPB.ScmBlockLocationProtocolServerSideTranslatorPB.allocateScmBlock(ScmBlockLocationProtocolServerSideTranslatorPB.java:183)
	at org.apache.hadoop.ozone.protocolPB.ScmBlockLocationProtocolServerSideTranslatorPB.processMessage(ScmBlockLocationProtocolServerSideTranslatorPB.java:141)
	at org.apache.hadoop.ozone.protocolPB.ScmBlockLocationProtocolServerSideTranslatorPB.send(ScmBlockLocationProtocolServerSideTranslatorPB.java:116)
	at org.apache.hadoop.hdds.protocol.proto.ScmBlockLocationProtocolProtos$ScmBlockLocationProtocolService$2.callBlockingMethod(ScmBlockLocationProtocolProtos.java:13157)
	at org.apache.hadoop.ipc.ProtobufRpcEngine$Server$ProtoBufRpcInvoker.call(ProtobufRpcEngine.java:524)
	at org.apache.hadoop.ipc.RPC$Server.call(RPC.java:1025)
	at org.apache.hadoop.ipc.Server$RpcCall.run(Server.java:876)
	at org.apache.hadoop.ipc.Server$RpcCall.run(Server.java:822)
	at java.security.AccessController.doPrivileged(Native Method)
	at javax.security.auth.Subject.doAs(Subject.java:422)
	at org.apache.hadoop.security.UserGroupInformation.doAs(UserGroupInformation.java:1730)
	at org.apache.hadoop.ipc.Server$Handler.run(Server.java:2682)
2019-09-26 13:36:36,307 [IPC Server handler 3 on 41365] INFO  pipeline.PipelinePlacementPolicy (PipelinePlacementPolicy.java:meetCriteria(91)) - Pipeline Placement: can't place more pipeline on heavy datanode： 0846c5d9-d8fd-49e0-9805-817523babe5a Heaviness: 6 limit: 5
2019-09-26 13:36:36,308 [IPC Server handler 3 on 41365] INFO  pipeline.PipelinePlacementPolicy (PipelinePlacementPolicy.java:meetCriteria(91)) - Pipeline Placement: can't place more pipeline on heavy datanode： 782e32e3-c0a7-42e5-b748-90e00549b00d Heaviness: 6 limit: 5
2019-09-26 13:36:36,308 [IPC Server handler 3 on 41365] INFO  pipeline.PipelinePlacementPolicy (PipelinePlacementPolicy.java:meetCriteria(91)) - Pipeline Placement: can't place more pipeline on heavy datanode： 1d0de9a6-3b8a-4f01-86ad-2ac4521aa9e5 Heaviness: 6 limit: 5
2019-09-26 13:36:36,308 [IPC Server handler 3 on 41365] INFO  pipeline.PipelinePlacementPolicy (PipelinePlacementPolicy.java:meetCriteria(91)) - Pipeline Placement: can't place more pipeline on heavy datanode： 346062cc-ad15-42e2-9beb-d47eb155c827 Heaviness: 6 limit: 5
2019-09-26 13:36:36,308 [IPC Server handler 3 on 41365] INFO  pipeline.PipelinePlacementPolicy (PipelinePlacementPolicy.java:meetCriteria(91)) - Pipeline Placement: can't place more pipeline on heavy datanode： eded3bc9-84b9-4250-ab82-94085e7bf343 Heaviness: 6 limit: 5
2019-09-26 13:36:36,308 [IPC Server handler 3 on 41365] ERROR pipeline.PipelinePlacementPolicy (PipelinePlacementPolicy.java:filterViableNodes(148)) - Unable to find enough nodes that meet the criteria that cannot engage in more than 5 pipelines. Nodes required: 3 Found: 0, healthy nodes count inNodeManager: 5.
2019-09-26 13:36:36,309 [IPC Server handler 3 on 41365] ERROR pipeline.SCMPipelineManager (SCMPipelineManager.java:createPipeline(167)) - Pipeline creation failed.
org.apache.hadoop.hdds.scm.exceptions.SCMException: Unable to find enough nodes that meet the criteria that cannot engage in more than 5 pipelines. Nodes required: 3 Found: 0, healthy nodes count inNodeManager: 5.
	at org.apache.hadoop.hdds.scm.pipeline.PipelinePlacementPolicy.filterViableNodes(PipelinePlacementPolicy.java:149)
	at org.apache.hadoop.hdds.scm.pipeline.PipelinePlacementPolicy.chooseDatanodes(PipelinePlacementPolicy.java:172)
	at org.apache.hadoop.hdds.scm.pipeline.RatisPipelineProvider.create(RatisPipelineProvider.java:93)
	at org.apache.hadoop.hdds.scm.pipeline.PipelineFactory.create(PipelineFactory.java:58)
	at org.apache.hadoop.hdds.scm.pipeline.SCMPipelineManager.createPipeline(SCMPipelineManager.java:155)
	at org.apache.hadoop.hdds.scm.block.BlockManagerImpl.allocateBlock(BlockManagerImpl.java:190)
	at org.apache.hadoop.hdds.scm.server.SCMBlockProtocolServer.allocateBlock(SCMBlockProtocolServer.java:182)
	at org.apache.hadoop.ozone.protocolPB.ScmBlockLocationProtocolServerSideTranslatorPB.allocateScmBlock(ScmBlockLocationProtocolServerSideTranslatorPB.java:183)
	at org.apache.hadoop.ozone.protocolPB.ScmBlockLocationProtocolServerSideTranslatorPB.processMessage(ScmBlockLocationProtocolServerSideTranslatorPB.java:141)
	at org.apache.hadoop.ozone.protocolPB.ScmBlockLocationProtocolServerSideTranslatorPB.send(ScmBlockLocationProtocolServerSideTranslatorPB.java:116)
	at org.apache.hadoop.hdds.protocol.proto.ScmBlockLocationProtocolProtos$ScmBlockLocationProtocolService$2.callBlockingMethod(ScmBlockLocationProtocolProtos.java:13157)
	at org.apache.hadoop.ipc.ProtobufRpcEngine$Server$ProtoBufRpcInvoker.call(ProtobufRpcEngine.java:524)
	at org.apache.hadoop.ipc.RPC$Server.call(RPC.java:1025)
	at org.apache.hadoop.ipc.Server$RpcCall.run(Server.java:876)
	at org.apache.hadoop.ipc.Server$RpcCall.run(Server.java:822)
	at java.security.AccessController.doPrivileged(Native Method)
	at javax.security.auth.Subject.doAs(Subject.java:422)
	at org.apache.hadoop.security.UserGroupInformation.doAs(UserGroupInformation.java:1730)
	at org.apache.hadoop.ipc.Server$Handler.run(Server.java:2682)
2019-09-26 13:36:36,309 [IPC Server handler 3 on 41365] WARN  block.BlockManagerImpl (BlockManagerImpl.java:allocateBlock(192)) - Pipeline creation failed for type:RATIS factor:THREE. Retrying get pipelines call once.
org.apache.hadoop.hdds.scm.exceptions.SCMException: Unable to find enough nodes that meet the criteria that cannot engage in more than 5 pipelines. Nodes required: 3 Found: 0, healthy nodes count inNodeManager: 5.
	at org.apache.hadoop.hdds.scm.pipeline.PipelinePlacementPolicy.filterViableNodes(PipelinePlacementPolicy.java:149)
	at org.apache.hadoop.hdds.scm.pipeline.PipelinePlacementPolicy.chooseDatanodes(PipelinePlacementPolicy.java:172)
	at org.apache.hadoop.hdds.scm.pipeline.RatisPipelineProvider.create(RatisPipelineProvider.java:93)
	at org.apache.hadoop.hdds.scm.pipeline.PipelineFactory.create(PipelineFactory.java:58)
	at org.apache.hadoop.hdds.scm.pipeline.SCMPipelineManager.createPipeline(SCMPipelineManager.java:155)
	at org.apache.hadoop.hdds.scm.block.BlockManagerImpl.allocateBlock(BlockManagerImpl.java:190)
	at org.apache.hadoop.hdds.scm.server.SCMBlockProtocolServer.allocateBlock(SCMBlockProtocolServer.java:182)
	at org.apache.hadoop.ozone.protocolPB.ScmBlockLocationProtocolServerSideTranslatorPB.allocateScmBlock(ScmBlockLocationProtocolServerSideTranslatorPB.java:183)
	at org.apache.hadoop.ozone.protocolPB.ScmBlockLocationProtocolServerSideTranslatorPB.processMessage(ScmBlockLocationProtocolServerSideTranslatorPB.java:141)
	at org.apache.hadoop.ozone.protocolPB.ScmBlockLocationProtocolServerSideTranslatorPB.send(ScmBlockLocationProtocolServerSideTranslatorPB.java:116)
	at org.apache.hadoop.hdds.protocol.proto.ScmBlockLocationProtocolProtos$ScmBlockLocationProtocolService$2.callBlockingMethod(ScmBlockLocationProtocolProtos.java:13157)
	at org.apache.hadoop.ipc.ProtobufRpcEngine$Server$ProtoBufRpcInvoker.call(ProtobufRpcEngine.java:524)
	at org.apache.hadoop.ipc.RPC$Server.call(RPC.java:1025)
	at org.apache.hadoop.ipc.Server$RpcCall.run(Server.java:876)
	at org.apache.hadoop.ipc.Server$RpcCall.run(Server.java:822)
	at java.security.AccessController.doPrivileged(Native Method)
	at javax.security.auth.Subject.doAs(Subject.java:422)
	at org.apache.hadoop.security.UserGroupInformation.doAs(UserGroupInformation.java:1730)
	at org.apache.hadoop.ipc.Server$Handler.run(Server.java:2682)
2019-09-26 13:36:36,309 [IPC Server handler 10 on 41365] INFO  pipeline.PipelinePlacementPolicy (PipelinePlacementPolicy.java:meetCriteria(91)) - Pipeline Placement: can't place more pipeline on heavy datanode： 0846c5d9-d8fd-49e0-9805-817523babe5a Heaviness: 6 limit: 5
2019-09-26 13:36:36,309 [IPC Server handler 10 on 41365] INFO  pipeline.PipelinePlacementPolicy (PipelinePlacementPolicy.java:meetCriteria(91)) - Pipeline Placement: can't place more pipeline on heavy datanode： 782e32e3-c0a7-42e5-b748-90e00549b00d Heaviness: 6 limit: 5
2019-09-26 13:36:36,310 [IPC Server handler 10 on 41365] INFO  pipeline.PipelinePlacementPolicy (PipelinePlacementPolicy.java:meetCriteria(91)) - Pipeline Placement: can't place more pipeline on heavy datanode： 1d0de9a6-3b8a-4f01-86ad-2ac4521aa9e5 Heaviness: 6 limit: 5
2019-09-26 13:36:36,310 [IPC Server handler 10 on 41365] INFO  pipeline.PipelinePlacementPolicy (PipelinePlacementPolicy.java:meetCriteria(91)) - Pipeline Placement: can't place more pipeline on heavy datanode： 346062cc-ad15-42e2-9beb-d47eb155c827 Heaviness: 6 limit: 5
2019-09-26 13:36:36,310 [IPC Server handler 10 on 41365] INFO  pipeline.PipelinePlacementPolicy (PipelinePlacementPolicy.java:meetCriteria(91)) - Pipeline Placement: can't place more pipeline on heavy datanode： eded3bc9-84b9-4250-ab82-94085e7bf343 Heaviness: 6 limit: 5
2019-09-26 13:36:36,310 [IPC Server handler 10 on 41365] ERROR pipeline.PipelinePlacementPolicy (PipelinePlacementPolicy.java:filterViableNodes(148)) - Unable to find enough nodes that meet the criteria that cannot engage in more than 5 pipelines. Nodes required: 3 Found: 0, healthy nodes count inNodeManager: 5.
2019-09-26 13:36:36,310 [IPC Server handler 10 on 41365] ERROR pipeline.SCMPipelineManager (SCMPipelineManager.java:createPipeline(167)) - Pipeline creation failed.
org.apache.hadoop.hdds.scm.exceptions.SCMException: Unable to find enough nodes that meet the criteria that cannot engage in more than 5 pipelines. Nodes required: 3 Found: 0, healthy nodes count inNodeManager: 5.
	at org.apache.hadoop.hdds.scm.pipeline.PipelinePlacementPolicy.filterViableNodes(PipelinePlacementPolicy.java:149)
	at org.apache.hadoop.hdds.scm.pipeline.PipelinePlacementPolicy.chooseDatanodes(PipelinePlacementPolicy.java:172)
	at org.apache.hadoop.hdds.scm.pipeline.RatisPipelineProvider.create(RatisPipelineProvider.java:93)
	at org.apache.hadoop.hdds.scm.pipeline.PipelineFactory.create(PipelineFactory.java:58)
	at org.apache.hadoop.hdds.scm.pipeline.SCMPipelineManager.createPipeline(SCMPipelineManager.java:155)
	at org.apache.hadoop.hdds.scm.block.BlockManagerImpl.allocateBlock(BlockManagerImpl.java:190)
	at org.apache.hadoop.hdds.scm.server.SCMBlockProtocolServer.allocateBlock(SCMBlockProtocolServer.java:182)
	at org.apache.hadoop.ozone.protocolPB.ScmBlockLocationProtocolServerSideTranslatorPB.allocateScmBlock(ScmBlockLocationProtocolServerSideTranslatorPB.java:183)
	at org.apache.hadoop.ozone.protocolPB.ScmBlockLocationProtocolServerSideTranslatorPB.processMessage(ScmBlockLocationProtocolServerSideTranslatorPB.java:141)
	at org.apache.hadoop.ozone.protocolPB.ScmBlockLocationProtocolServerSideTranslatorPB.send(ScmBlockLocationProtocolServerSideTranslatorPB.java:116)
	at org.apache.hadoop.hdds.protocol.proto.ScmBlockLocationProtocolProtos$ScmBlockLocationProtocolService$2.callBlockingMethod(ScmBlockLocationProtocolProtos.java:13157)
	at org.apache.hadoop.ipc.ProtobufRpcEngine$Server$ProtoBufRpcInvoker.call(ProtobufRpcEngine.java:524)
	at org.apache.hadoop.ipc.RPC$Server.call(RPC.java:1025)
	at org.apache.hadoop.ipc.Server$RpcCall.run(Server.java:876)
	at org.apache.hadoop.ipc.Server$RpcCall.run(Server.java:822)
	at java.security.AccessController.doPrivileged(Native Method)
	at javax.security.auth.Subject.doAs(Subject.java:422)
	at org.apache.hadoop.security.UserGroupInformation.doAs(UserGroupInformation.java:1730)
	at org.apache.hadoop.ipc.Server$Handler.run(Server.java:2682)
2019-09-26 13:36:36,311 [IPC Server handler 10 on 41365] WARN  block.BlockManagerImpl (BlockManagerImpl.java:allocateBlock(192)) - Pipeline creation failed for type:RATIS factor:THREE. Retrying get pipelines call once.
org.apache.hadoop.hdds.scm.exceptions.SCMException: Unable to find enough nodes that meet the criteria that cannot engage in more than 5 pipelines. Nodes required: 3 Found: 0, healthy nodes count inNodeManager: 5.
	at org.apache.hadoop.hdds.scm.pipeline.PipelinePlacementPolicy.filterViableNodes(PipelinePlacementPolicy.java:149)
	at org.apache.hadoop.hdds.scm.pipeline.PipelinePlacementPolicy.chooseDatanodes(PipelinePlacementPolicy.java:172)
	at org.apache.hadoop.hdds.scm.pipeline.RatisPipelineProvider.create(RatisPipelineProvider.java:93)
	at org.apache.hadoop.hdds.scm.pipeline.PipelineFactory.create(PipelineFactory.java:58)
	at org.apache.hadoop.hdds.scm.pipeline.SCMPipelineManager.createPipeline(SCMPipelineManager.java:155)
	at org.apache.hadoop.hdds.scm.block.BlockManagerImpl.allocateBlock(BlockManagerImpl.java:190)
	at org.apache.hadoop.hdds.scm.server.SCMBlockProtocolServer.allocateBlock(SCMBlockProtocolServer.java:182)
	at org.apache.hadoop.ozone.protocolPB.ScmBlockLocationProtocolServerSideTranslatorPB.allocateScmBlock(ScmBlockLocationProtocolServerSideTranslatorPB.java:183)
	at org.apache.hadoop.ozone.protocolPB.ScmBlockLocationProtocolServerSideTranslatorPB.processMessage(ScmBlockLocationProtocolServerSideTranslatorPB.java:141)
	at org.apache.hadoop.ozone.protocolPB.ScmBlockLocationProtocolServerSideTranslatorPB.send(ScmBlockLocationProtocolServerSideTranslatorPB.java:116)
	at org.apache.hadoop.hdds.protocol.proto.ScmBlockLocationProtocolProtos$ScmBlockLocationProtocolService$2.callBlockingMethod(ScmBlockLocationProtocolProtos.java:13157)
	at org.apache.hadoop.ipc.ProtobufRpcEngine$Server$ProtoBufRpcInvoker.call(ProtobufRpcEngine.java:524)
	at org.apache.hadoop.ipc.RPC$Server.call(RPC.java:1025)
	at org.apache.hadoop.ipc.Server$RpcCall.run(Server.java:876)
	at org.apache.hadoop.ipc.Server$RpcCall.run(Server.java:822)
	at java.security.AccessController.doPrivileged(Native Method)
	at javax.security.auth.Subject.doAs(Subject.java:422)
	at org.apache.hadoop.security.UserGroupInformation.doAs(UserGroupInformation.java:1730)
	at org.apache.hadoop.ipc.Server$Handler.run(Server.java:2682)
2019-09-26 13:36:36,311 [IPC Server handler 18 on 41365] INFO  pipeline.PipelinePlacementPolicy (PipelinePlacementPolicy.java:meetCriteria(91)) - Pipeline Placement: can't place more pipeline on heavy datanode： 0846c5d9-d8fd-49e0-9805-817523babe5a Heaviness: 6 limit: 5
2019-09-26 13:36:36,311 [IPC Server handler 18 on 41365] INFO  pipeline.PipelinePlacementPolicy (PipelinePlacementPolicy.java:meetCriteria(91)) - Pipeline Placement: can't place more pipeline on heavy datanode： 782e32e3-c0a7-42e5-b748-90e00549b00d Heaviness: 6 limit: 5
2019-09-26 13:36:36,311 [IPC Server handler 3 on 41365] INFO  block.BlockManagerImpl (BlockManagerImpl.java:allocateBlock(198)) - Could not find available pipeline of type:RATIS and factor:THREE even after retrying
2019-09-26 13:36:36,311 [IPC Server handler 0 on 41365] INFO  block.BlockManagerImpl (BlockManagerImpl.java:allocateBlock(198)) - Could not find available pipeline of type:RATIS and factor:THREE even after retrying
2019-09-26 13:36:36,311 [IPC Server handler 19 on 41365] INFO  block.BlockManagerImpl (BlockManagerImpl.java:allocateBlock(198)) - Could not find available pipeline of type:RATIS and factor:THREE even after retrying
2019-09-26 13:36:36,311 [IPC Server handler 15 on 41365] INFO  block.BlockManagerImpl (BlockManagerImpl.java:allocateBlock(198)) - Could not find available pipeline of type:RATIS and factor:THREE even after retrying
2019-09-26 13:36:36,312 [IPC Server handler 19 on 41365] ERROR block.BlockManagerImpl (BlockManagerImpl.java:allocateBlock(222)) - Unable to allocate a block for the size: 4194304, type: RATIS, factor: THREE
2019-09-26 13:36:36,312 [IPC Server handler 0 on 41365] ERROR block.BlockManagerImpl (BlockManagerImpl.java:allocateBlock(222)) - Unable to allocate a block for the size: 4194304, type: RATIS, factor: THREE
2019-09-26 13:36:36,312 [IPC Server handler 3 on 41365] ERROR block.BlockManagerImpl (BlockManagerImpl.java:allocateBlock(222)) - Unable to allocate a block for the size: 4194304, type: RATIS, factor: THREE
2019-09-26 13:36:36,311 [IPC Server handler 18 on 41365] INFO  pipeline.PipelinePlacementPolicy (PipelinePlacementPolicy.java:meetCriteria(91)) - Pipeline Placement: can't place more pipeline on heavy datanode： 1d0de9a6-3b8a-4f01-86ad-2ac4521aa9e5 Heaviness: 6 limit: 5
2019-09-26 13:36:36,313 [IPC Server handler 18 on 41365] INFO  pipeline.PipelinePlacementPolicy (PipelinePlacementPolicy.java:meetCriteria(91)) - Pipeline Placement: can't place more pipeline on heavy datanode： 346062cc-ad15-42e2-9beb-d47eb155c827 Heaviness: 6 limit: 5
2019-09-26 13:36:36,313 [IPC Server handler 18 on 41365] INFO  pipeline.PipelinePlacementPolicy (PipelinePlacementPolicy.java:meetCriteria(91)) - Pipeline Placement: can't place more pipeline on heavy datanode： eded3bc9-84b9-4250-ab82-94085e7bf343 Heaviness: 6 limit: 5
2019-09-26 13:36:36,312 [IPC Server handler 15 on 41365] ERROR block.BlockManagerImpl (BlockManagerImpl.java:allocateBlock(222)) - Unable to allocate a block for the size: 4194304, type: RATIS, factor: THREE
2019-09-26 13:36:36,313 [IPC Server handler 18 on 41365] ERROR pipeline.PipelinePlacementPolicy (PipelinePlacementPolicy.java:filterViableNodes(148)) - Unable to find enough nodes that meet the criteria that cannot engage in more than 5 pipelines. Nodes required: 3 Found: 0, healthy nodes count inNodeManager: 5.
2019-09-26 13:36:36,313 [pool-75-thread-7] ERROR freon.RandomKeyGenerator (RandomKeyGenerator.java:createKey(733)) - Exception while adding key: key-0-54443 in bucket: bucket-3-50170 of volume: vol-1-59657.
INTERNAL_ERROR org.apache.hadoop.ozone.om.exceptions.OMException: Allocated 0 blocks. Requested 1 blocks
	at org.apache.hadoop.ozone.om.protocolPB.OzoneManagerProtocolClientSideTranslatorPB.handleError(OzoneManagerProtocolClientSideTranslatorPB.java:732)
	at org.apache.hadoop.ozone.om.protocolPB.OzoneManagerProtocolClientSideTranslatorPB.openKey(OzoneManagerProtocolClientSideTranslatorPB.java:723)
	at sun.reflect.NativeMethodAccessorImpl.invoke0(Native Method)
	at sun.reflect.NativeMethodAccessorImpl.invoke(NativeMethodAccessorImpl.java:62)
	at sun.reflect.DelegatingMethodAccessorImpl.invoke(DelegatingMethodAccessorImpl.java:43)
	at java.lang.reflect.Method.invoke(Method.java:498)
	at org.apache.hadoop.hdds.tracing.TraceAllMethod.invoke(TraceAllMethod.java:66)
	at com.sun.proxy.$Proxy37.openKey(Unknown Source)
	at org.apache.hadoop.ozone.client.rpc.RpcClient.createKey(RpcClient.java:614)
	at org.apache.hadoop.ozone.client.OzoneBucket.createKey(OzoneBucket.java:325)
	at org.apache.hadoop.ozone.freon.RandomKeyGenerator.createKey(RandomKeyGenerator.java:695)
	at org.apache.hadoop.ozone.freon.RandomKeyGenerator.access$1100(RandomKeyGenerator.java:88)
	at org.apache.hadoop.ozone.freon.RandomKeyGenerator$ObjectCreator.run(RandomKeyGenerator.java:615)
	at java.util.concurrent.Executors$RunnableAdapter.call(Executors.java:511)
	at java.util.concurrent.FutureTask.run(FutureTask.java:266)
	at java.util.concurrent.ThreadPoolExecutor.runWorker(ThreadPoolExecutor.java:1149)
	at java.util.concurrent.ThreadPoolExecutor$Worker.run(ThreadPoolExecutor.java:624)
	at java.lang.Thread.run(Thread.java:748)
2019-09-26 13:36:36,313 [pool-75-thread-2] ERROR freon.RandomKeyGenerator (RandomKeyGenerator.java:createKey(733)) - Exception while adding key: key-0-66795 in bucket: bucket-4-34373 of volume: vol-0-12623.
INTERNAL_ERROR org.apache.hadoop.ozone.om.exceptions.OMException: Allocated 0 blocks. Requested 1 blocks
	at org.apache.hadoop.ozone.om.protocolPB.OzoneManagerProtocolClientSideTranslatorPB.handleError(OzoneManagerProtocolClientSideTranslatorPB.java:732)
	at org.apache.hadoop.ozone.om.protocolPB.OzoneManagerProtocolClientSideTranslatorPB.openKey(OzoneManagerProtocolClientSideTranslatorPB.java:723)
	at sun.reflect.NativeMethodAccessorImpl.invoke0(Native Method)
	at sun.reflect.NativeMethodAccessorImpl.invoke(NativeMethodAccessorImpl.java:62)
	at sun.reflect.DelegatingMethodAccessorImpl.invoke(DelegatingMethodAccessorImpl.java:43)
	at java.lang.reflect.Method.invoke(Method.java:498)
	at org.apache.hadoop.hdds.tracing.TraceAllMethod.invoke(TraceAllMethod.java:66)
	at com.sun.proxy.$Proxy37.openKey(Unknown Source)
	at org.apache.hadoop.ozone.client.rpc.RpcClient.createKey(RpcClient.java:614)
	at org.apache.hadoop.ozone.client.OzoneBucket.createKey(OzoneBucket.java:325)
	at org.apache.hadoop.ozone.freon.RandomKeyGenerator.createKey(RandomKeyGenerator.java:695)
	at org.apache.hadoop.ozone.freon.RandomKeyGenerator.access$1100(RandomKeyGenerator.java:88)
	at org.apache.hadoop.ozone.freon.RandomKeyGenerator$ObjectCreator.run(RandomKeyGenerator.java:615)
	at java.util.concurrent.Executors$RunnableAdapter.call(Executors.java:511)
	at java.util.concurrent.FutureTask.run(FutureTask.java:266)
	at java.util.concurrent.ThreadPoolExecutor.runWorker(ThreadPoolExecutor.java:1149)
	at java.util.concurrent.ThreadPoolExecutor$Worker.run(ThreadPoolExecutor.java:624)
	at java.lang.Thread.run(Thread.java:748)
2019-09-26 13:36:36,314 [pool-75-thread-9] ERROR freon.RandomKeyGenerator (RandomKeyGenerator.java:createKey(733)) - Exception while adding key: key-0-34274 in bucket: bucket-4-08776 of volume: vol-1-59657.
INTERNAL_ERROR org.apache.hadoop.ozone.om.exceptions.OMException: Allocated 0 blocks. Requested 1 blocks
	at org.apache.hadoop.ozone.om.protocolPB.OzoneManagerProtocolClientSideTranslatorPB.handleError(OzoneManagerProtocolClientSideTranslatorPB.java:732)
	at org.apache.hadoop.ozone.om.protocolPB.OzoneManagerProtocolClientSideTranslatorPB.openKey(OzoneManagerProtocolClientSideTranslatorPB.java:723)
	at sun.reflect.NativeMethodAccessorImpl.invoke0(Native Method)
	at sun.reflect.NativeMethodAccessorImpl.invoke(NativeMethodAccessorImpl.java:62)
	at sun.reflect.DelegatingMethodAccessorImpl.invoke(DelegatingMethodAccessorImpl.java:43)
	at java.lang.reflect.Method.invoke(Method.java:498)
	at org.apache.hadoop.hdds.tracing.TraceAllMethod.invoke(TraceAllMethod.java:66)
	at com.sun.proxy.$Proxy37.openKey(Unknown Source)
	at org.apache.hadoop.ozone.client.rpc.RpcClient.createKey(RpcClient.java:614)
	at org.apache.hadoop.ozone.client.OzoneBucket.createKey(OzoneBucket.java:325)
	at org.apache.hadoop.ozone.freon.RandomKeyGenerator.createKey(RandomKeyGenerator.java:695)
	at org.apache.hadoop.ozone.freon.RandomKeyGenerator.access$1100(RandomKeyGenerator.java:88)
	at org.apache.hadoop.ozone.freon.RandomKeyGenerator$ObjectCreator.run(RandomKeyGenerator.java:615)
	at java.util.concurrent.Executors$RunnableAdapter.call(Executors.java:511)
	at java.util.concurrent.FutureTask.run(FutureTask.java:266)
	at java.util.concurrent.ThreadPoolExecutor.runWorker(ThreadPoolExecutor.java:1149)
	at java.util.concurrent.ThreadPoolExecutor$Worker.run(ThreadPoolExecutor.java:624)
	at java.lang.Thread.run(Thread.java:748)
2019-09-26 13:36:36,314 [IPC Server handler 18 on 41365] ERROR pipeline.SCMPipelineManager (SCMPipelineManager.java:createPipeline(167)) - Pipeline creation failed.
org.apache.hadoop.hdds.scm.exceptions.SCMException: Unable to find enough nodes that meet the criteria that cannot engage in more than 5 pipelines. Nodes required: 3 Found: 0, healthy nodes count inNodeManager: 5.
	at org.apache.hadoop.hdds.scm.pipeline.PipelinePlacementPolicy.filterViableNodes(PipelinePlacementPolicy.java:149)
	at org.apache.hadoop.hdds.scm.pipeline.PipelinePlacementPolicy.chooseDatanodes(PipelinePlacementPolicy.java:172)
	at org.apache.hadoop.hdds.scm.pipeline.RatisPipelineProvider.create(RatisPipelineProvider.java:93)
	at org.apache.hadoop.hdds.scm.pipeline.PipelineFactory.create(PipelineFactory.java:58)
	at org.apache.hadoop.hdds.scm.pipeline.SCMPipelineManager.createPipeline(SCMPipelineManager.java:155)
	at org.apache.hadoop.hdds.scm.block.BlockManagerImpl.allocateBlock(BlockManagerImpl.java:190)
	at org.apache.hadoop.hdds.scm.server.SCMBlockProtocolServer.allocateBlock(SCMBlockProtocolServer.java:182)
	at org.apache.hadoop.ozone.protocolPB.ScmBlockLocationProtocolServerSideTranslatorPB.allocateScmBlock(ScmBlockLocationProtocolServerSideTranslatorPB.java:183)
	at org.apache.hadoop.ozone.protocolPB.ScmBlockLocationProtocolServerSideTranslatorPB.processMessage(ScmBlockLocationProtocolServerSideTranslatorPB.java:141)
	at org.apache.hadoop.ozone.protocolPB.ScmBlockLocationProtocolServerSideTranslatorPB.send(ScmBlockLocationProtocolServerSideTranslatorPB.java:116)
	at org.apache.hadoop.hdds.protocol.proto.ScmBlockLocationProtocolProtos$ScmBlockLocationProtocolService$2.callBlockingMethod(ScmBlockLocationProtocolProtos.java:13157)
	at org.apache.hadoop.ipc.ProtobufRpcEngine$Server$ProtoBufRpcInvoker.call(ProtobufRpcEngine.java:524)
	at org.apache.hadoop.ipc.RPC$Server.call(RPC.java:1025)
	at org.apache.hadoop.ipc.Server$RpcCall.run(Server.java:876)
	at org.apache.hadoop.ipc.Server$RpcCall.run(Server.java:822)
	at java.security.AccessController.doPrivileged(Native Method)
	at javax.security.auth.Subject.doAs(Subject.java:422)
	at org.apache.hadoop.security.UserGroupInformation.doAs(UserGroupInformation.java:1730)
	at org.apache.hadoop.ipc.Server$Handler.run(Server.java:2682)
2019-09-26 13:36:36,314 [pool-75-thread-6] ERROR freon.RandomKeyGenerator (RandomKeyGenerator.java:createKey(733)) - Exception while adding key: key-0-74439 in bucket: bucket-1-49447 of volume: vol-0-12623.
INTERNAL_ERROR org.apache.hadoop.ozone.om.exceptions.OMException: Allocated 0 blocks. Requested 1 blocks
	at org.apache.hadoop.ozone.om.protocolPB.OzoneManagerProtocolClientSideTranslatorPB.handleError(OzoneManagerProtocolClientSideTranslatorPB.java:732)
	at org.apache.hadoop.ozone.om.protocolPB.OzoneManagerProtocolClientSideTranslatorPB.openKey(OzoneManagerProtocolClientSideTranslatorPB.java:723)
	at sun.reflect.NativeMethodAccessorImpl.invoke0(Native Method)
	at sun.reflect.NativeMethodAccessorImpl.invoke(NativeMethodAccessorImpl.java:62)
	at sun.reflect.DelegatingMethodAccessorImpl.invoke(DelegatingMethodAccessorImpl.java:43)
	at java.lang.reflect.Method.invoke(Method.java:498)
	at org.apache.hadoop.hdds.tracing.TraceAllMethod.invoke(TraceAllMethod.java:66)
	at com.sun.proxy.$Proxy37.openKey(Unknown Source)
	at org.apache.hadoop.ozone.client.rpc.RpcClient.createKey(RpcClient.java:614)
	at org.apache.hadoop.ozone.client.OzoneBucket.createKey(OzoneBucket.java:325)
	at org.apache.hadoop.ozone.freon.RandomKeyGenerator.createKey(RandomKeyGenerator.java:695)
	at org.apache.hadoop.ozone.freon.RandomKeyGenerator.access$1100(RandomKeyGenerator.java:88)
	at org.apache.hadoop.ozone.freon.RandomKeyGenerator$ObjectCreator.run(RandomKeyGenerator.java:615)
	at java.util.concurrent.Executors$RunnableAdapter.call(Executors.java:511)
	at java.util.concurrent.FutureTask.run(FutureTask.java:266)
	at java.util.concurrent.ThreadPoolExecutor.runWorker(ThreadPoolExecutor.java:1149)
	at java.util.concurrent.ThreadPoolExecutor$Worker.run(ThreadPoolExecutor.java:624)
	at java.lang.Thread.run(Thread.java:748)
2019-09-26 13:36:36,316 [IPC Server handler 16 on 41365] INFO  pipeline.PipelinePlacementPolicy (PipelinePlacementPolicy.java:meetCriteria(91)) - Pipeline Placement: can't place more pipeline on heavy datanode： 0846c5d9-d8fd-49e0-9805-817523babe5a Heaviness: 6 limit: 5
2019-09-26 13:36:36,316 [IPC Server handler 10 on 41365] INFO  block.BlockManagerImpl (BlockManagerImpl.java:allocateBlock(198)) - Could not find available pipeline of type:RATIS and factor:THREE even after retrying
2019-09-26 13:36:36,316 [IPC Server handler 18 on 41365] WARN  block.BlockManagerImpl (BlockManagerImpl.java:allocateBlock(192)) - Pipeline creation failed for type:RATIS factor:THREE. Retrying get pipelines call once.
org.apache.hadoop.hdds.scm.exceptions.SCMException: Unable to find enough nodes that meet the criteria that cannot engage in more than 5 pipelines. Nodes required: 3 Found: 0, healthy nodes count inNodeManager: 5.
	at org.apache.hadoop.hdds.scm.pipeline.PipelinePlacementPolicy.filterViableNodes(PipelinePlacementPolicy.java:149)
	at org.apache.hadoop.hdds.scm.pipeline.PipelinePlacementPolicy.chooseDatanodes(PipelinePlacementPolicy.java:172)
	at org.apache.hadoop.hdds.scm.pipeline.RatisPipelineProvider.create(RatisPipelineProvider.java:93)
	at org.apache.hadoop.hdds.scm.pipeline.PipelineFactory.create(PipelineFactory.java:58)
	at org.apache.hadoop.hdds.scm.pipeline.SCMPipelineManager.createPipeline(SCMPipelineManager.java:155)
	at org.apache.hadoop.hdds.scm.block.BlockManagerImpl.allocateBlock(BlockManagerImpl.java:190)
	at org.apache.hadoop.hdds.scm.server.SCMBlockProtocolServer.allocateBlock(SCMBlockProtocolServer.java:182)
	at org.apache.hadoop.ozone.protocolPB.ScmBlockLocationProtocolServerSideTranslatorPB.allocateScmBlock(ScmBlockLocationProtocolServerSideTranslatorPB.java:183)
	at org.apache.hadoop.ozone.protocolPB.ScmBlockLocationProtocolServerSideTranslatorPB.processMessage(ScmBlockLocationProtocolServerSideTranslatorPB.java:141)
	at org.apache.hadoop.ozone.protocolPB.ScmBlockLocationProtocolServerSideTranslatorPB.send(ScmBlockLocationProtocolServerSideTranslatorPB.java:116)
	at org.apache.hadoop.hdds.protocol.proto.ScmBlockLocationProtocolProtos$ScmBlockLocationProtocolService$2.callBlockingMethod(ScmBlockLocationProtocolProtos.java:13157)
	at org.apache.hadoop.ipc.ProtobufRpcEngine$Server$ProtoBufRpcInvoker.call(ProtobufRpcEngine.java:524)
	at org.apache.hadoop.ipc.RPC$Server.call(RPC.java:1025)
	at org.apache.hadoop.ipc.Server$RpcCall.run(Server.java:876)
	at org.apache.hadoop.ipc.Server$RpcCall.run(Server.java:822)
	at java.security.AccessController.doPrivileged(Native Method)
	at javax.security.auth.Subject.doAs(Subject.java:422)
	at org.apache.hadoop.security.UserGroupInformation.doAs(UserGroupInformation.java:1730)
	at org.apache.hadoop.ipc.Server$Handler.run(Server.java:2682)
2019-09-26 13:36:36,317 [IPC Server handler 10 on 41365] ERROR block.BlockManagerImpl (BlockManagerImpl.java:allocateBlock(222)) - Unable to allocate a block for the size: 4194304, type: RATIS, factor: THREE
2019-09-26 13:36:36,316 [IPC Server handler 16 on 41365] INFO  pipeline.PipelinePlacementPolicy (PipelinePlacementPolicy.java:meetCriteria(91)) - Pipeline Placement: can't place more pipeline on heavy datanode： 782e32e3-c0a7-42e5-b748-90e00549b00d Heaviness: 6 limit: 5
2019-09-26 13:36:36,317 [IPC Server handler 16 on 41365] INFO  pipeline.PipelinePlacementPolicy (PipelinePlacementPolicy.java:meetCriteria(91)) - Pipeline Placement: can't place more pipeline on heavy datanode： 1d0de9a6-3b8a-4f01-86ad-2ac4521aa9e5 Heaviness: 6 limit: 5
2019-09-26 13:36:36,318 [IPC Server handler 16 on 41365] INFO  pipeline.PipelinePlacementPolicy (PipelinePlacementPolicy.java:meetCriteria(91)) - Pipeline Placement: can't place more pipeline on heavy datanode： 346062cc-ad15-42e2-9beb-d47eb155c827 Heaviness: 6 limit: 5
2019-09-26 13:36:36,318 [IPC Server handler 16 on 41365] INFO  pipeline.PipelinePlacementPolicy (PipelinePlacementPolicy.java:meetCriteria(91)) - Pipeline Placement: can't place more pipeline on heavy datanode： eded3bc9-84b9-4250-ab82-94085e7bf343 Heaviness: 6 limit: 5
2019-09-26 13:36:36,318 [IPC Server handler 16 on 41365] ERROR pipeline.PipelinePlacementPolicy (PipelinePlacementPolicy.java:filterViableNodes(148)) - Unable to find enough nodes that meet the criteria that cannot engage in more than 5 pipelines. Nodes required: 3 Found: 0, healthy nodes count inNodeManager: 5.
2019-09-26 13:36:36,318 [IPC Server handler 16 on 41365] ERROR pipeline.SCMPipelineManager (SCMPipelineManager.java:createPipeline(167)) - Pipeline creation failed.
org.apache.hadoop.hdds.scm.exceptions.SCMException: Unable to find enough nodes that meet the criteria that cannot engage in more than 5 pipelines. Nodes required: 3 Found: 0, healthy nodes count inNodeManager: 5.
	at org.apache.hadoop.hdds.scm.pipeline.PipelinePlacementPolicy.filterViableNodes(PipelinePlacementPolicy.java:149)
	at org.apache.hadoop.hdds.scm.pipeline.PipelinePlacementPolicy.chooseDatanodes(PipelinePlacementPolicy.java:172)
	at org.apache.hadoop.hdds.scm.pipeline.RatisPipelineProvider.create(RatisPipelineProvider.java:93)
	at org.apache.hadoop.hdds.scm.pipeline.PipelineFactory.create(PipelineFactory.java:58)
	at org.apache.hadoop.hdds.scm.pipeline.SCMPipelineManager.createPipeline(SCMPipelineManager.java:155)
	at org.apache.hadoop.hdds.scm.block.BlockManagerImpl.allocateBlock(BlockManagerImpl.java:190)
	at org.apache.hadoop.hdds.scm.server.SCMBlockProtocolServer.allocateBlock(SCMBlockProtocolServer.java:182)
	at org.apache.hadoop.ozone.protocolPB.ScmBlockLocationProtocolServerSideTranslatorPB.allocateScmBlock(ScmBlockLocationProtocolServerSideTranslatorPB.java:183)
	at org.apache.hadoop.ozone.protocolPB.ScmBlockLocationProtocolServerSideTranslatorPB.processMessage(ScmBlockLocationProtocolServerSideTranslatorPB.java:141)
	at org.apache.hadoop.ozone.protocolPB.ScmBlockLocationProtocolServerSideTranslatorPB.send(ScmBlockLocationProtocolServerSideTranslatorPB.java:116)
	at org.apache.hadoop.hdds.protocol.proto.ScmBlockLocationProtocolProtos$ScmBlockLocationProtocolService$2.callBlockingMethod(ScmBlockLocationProtocolProtos.java:13157)
	at org.apache.hadoop.ipc.ProtobufRpcEngine$Server$ProtoBufRpcInvoker.call(ProtobufRpcEngine.java:524)
	at org.apache.hadoop.ipc.RPC$Server.call(RPC.java:1025)
	at org.apache.hadoop.ipc.Server$RpcCall.run(Server.java:876)
	at org.apache.hadoop.ipc.Server$RpcCall.run(Server.java:822)
	at java.security.AccessController.doPrivileged(Native Method)
	at javax.security.auth.Subject.doAs(Subject.java:422)
	at org.apache.hadoop.security.UserGroupInformation.doAs(UserGroupInformation.java:1730)
	at org.apache.hadoop.ipc.Server$Handler.run(Server.java:2682)
2019-09-26 13:36:36,318 [pool-75-thread-4] ERROR freon.RandomKeyGenerator (RandomKeyGenerator.java:createKey(733)) - Exception while adding key: key-0-73137 in bucket: bucket-1-13390 of volume: vol-1-59657.
INTERNAL_ERROR org.apache.hadoop.ozone.om.exceptions.OMException: Allocated 0 blocks. Requested 1 blocks
	at org.apache.hadoop.ozone.om.protocolPB.OzoneManagerProtocolClientSideTranslatorPB.handleError(OzoneManagerProtocolClientSideTranslatorPB.java:732)
	at org.apache.hadoop.ozone.om.protocolPB.OzoneManagerProtocolClientSideTranslatorPB.openKey(OzoneManagerProtocolClientSideTranslatorPB.java:723)
	at sun.reflect.NativeMethodAccessorImpl.invoke0(Native Method)
	at sun.reflect.NativeMethodAccessorImpl.invoke(NativeMethodAccessorImpl.java:62)
	at sun.reflect.DelegatingMethodAccessorImpl.invoke(DelegatingMethodAccessorImpl.java:43)
	at java.lang.reflect.Method.invoke(Method.java:498)
	at org.apache.hadoop.hdds.tracing.TraceAllMethod.invoke(TraceAllMethod.java:66)
	at com.sun.proxy.$Proxy37.openKey(Unknown Source)
	at org.apache.hadoop.ozone.client.rpc.RpcClient.createKey(RpcClient.java:614)
	at org.apache.hadoop.ozone.client.OzoneBucket.createKey(OzoneBucket.java:325)
	at org.apache.hadoop.ozone.freon.RandomKeyGenerator.createKey(RandomKeyGenerator.java:695)
	at org.apache.hadoop.ozone.freon.RandomKeyGenerator.access$1100(RandomKeyGenerator.java:88)
	at org.apache.hadoop.ozone.freon.RandomKeyGenerator$ObjectCreator.run(RandomKeyGenerator.java:615)
	at java.util.concurrent.Executors$RunnableAdapter.call(Executors.java:511)
	at java.util.concurrent.FutureTask.run(FutureTask.java:266)
	at java.util.concurrent.ThreadPoolExecutor.runWorker(ThreadPoolExecutor.java:1149)
	at java.util.concurrent.ThreadPoolExecutor$Worker.run(ThreadPoolExecutor.java:624)
	at java.lang.Thread.run(Thread.java:748)
2019-09-26 13:36:36,319 [IPC Server handler 18 on 41365] INFO  block.BlockManagerImpl (BlockManagerImpl.java:allocateBlock(198)) - Could not find available pipeline of type:RATIS and factor:THREE even after retrying
2019-09-26 13:36:36,319 [IPC Server handler 16 on 41365] WARN  block.BlockManagerImpl (BlockManagerImpl.java:allocateBlock(192)) - Pipeline creation failed for type:RATIS factor:THREE. Retrying get pipelines call once.
org.apache.hadoop.hdds.scm.exceptions.SCMException: Unable to find enough nodes that meet the criteria that cannot engage in more than 5 pipelines. Nodes required: 3 Found: 0, healthy nodes count inNodeManager: 5.
	at org.apache.hadoop.hdds.scm.pipeline.PipelinePlacementPolicy.filterViableNodes(PipelinePlacementPolicy.java:149)
	at org.apache.hadoop.hdds.scm.pipeline.PipelinePlacementPolicy.chooseDatanodes(PipelinePlacementPolicy.java:172)
	at org.apache.hadoop.hdds.scm.pipeline.RatisPipelineProvider.create(RatisPipelineProvider.java:93)
	at org.apache.hadoop.hdds.scm.pipeline.PipelineFactory.create(PipelineFactory.java:58)
	at org.apache.hadoop.hdds.scm.pipeline.SCMPipelineManager.createPipeline(SCMPipelineManager.java:155)
	at org.apache.hadoop.hdds.scm.block.BlockManagerImpl.allocateBlock(BlockManagerImpl.java:190)
	at org.apache.hadoop.hdds.scm.server.SCMBlockProtocolServer.allocateBlock(SCMBlockProtocolServer.java:182)
	at org.apache.hadoop.ozone.protocolPB.ScmBlockLocationProtocolServerSideTranslatorPB.allocateScmBlock(ScmBlockLocationProtocolServerSideTranslatorPB.java:183)
	at org.apache.hadoop.ozone.protocolPB.ScmBlockLocationProtocolServerSideTranslatorPB.processMessage(ScmBlockLocationProtocolServerSideTranslatorPB.java:141)
	at org.apache.hadoop.ozone.protocolPB.ScmBlockLocationProtocolServerSideTranslatorPB.send(ScmBlockLocationProtocolServerSideTranslatorPB.java:116)
	at org.apache.hadoop.hdds.protocol.proto.ScmBlockLocationProtocolProtos$ScmBlockLocationProtocolService$2.callBlockingMethod(ScmBlockLocationProtocolProtos.java:13157)
	at org.apache.hadoop.ipc.ProtobufRpcEngine$Server$ProtoBufRpcInvoker.call(ProtobufRpcEngine.java:524)
	at org.apache.hadoop.ipc.RPC$Server.call(RPC.java:1025)
	at org.apache.hadoop.ipc.Server$RpcCall.run(Server.java:876)
	at org.apache.hadoop.ipc.Server$RpcCall.run(Server.java:822)
	at java.security.AccessController.doPrivileged(Native Method)
	at javax.security.auth.Subject.doAs(Subject.java:422)
	at org.apache.hadoop.security.UserGroupInformation.doAs(UserGroupInformation.java:1730)
	at org.apache.hadoop.ipc.Server$Handler.run(Server.java:2682)
2019-09-26 13:36:36,319 [IPC Server handler 18 on 41365] ERROR block.BlockManagerImpl (BlockManagerImpl.java:allocateBlock(222)) - Unable to allocate a block for the size: 4194304, type: RATIS, factor: THREE
2019-09-26 13:36:36,320 [IPC Server handler 16 on 41365] INFO  block.BlockManagerImpl (BlockManagerImpl.java:allocateBlock(198)) - Could not find available pipeline of type:RATIS and factor:THREE even after retrying
2019-09-26 13:36:36,320 [IPC Server handler 16 on 41365] ERROR block.BlockManagerImpl (BlockManagerImpl.java:allocateBlock(222)) - Unable to allocate a block for the size: 4194304, type: RATIS, factor: THREE
2019-09-26 13:36:36,321 [pool-75-thread-1] ERROR freon.RandomKeyGenerator (RandomKeyGenerator.java:createKey(733)) - Exception while adding key: key-0-01340 in bucket: bucket-2-34686 of volume: vol-0-12623.
INTERNAL_ERROR org.apache.hadoop.ozone.om.exceptions.OMException: Allocated 0 blocks. Requested 1 blocks
	at org.apache.hadoop.ozone.om.protocolPB.OzoneManagerProtocolClientSideTranslatorPB.handleError(OzoneManagerProtocolClientSideTranslatorPB.java:732)
	at org.apache.hadoop.ozone.om.protocolPB.OzoneManagerProtocolClientSideTranslatorPB.openKey(OzoneManagerProtocolClientSideTranslatorPB.java:723)
	at sun.reflect.NativeMethodAccessorImpl.invoke0(Native Method)
	at sun.reflect.NativeMethodAccessorImpl.invoke(NativeMethodAccessorImpl.java:62)
	at sun.reflect.DelegatingMethodAccessorImpl.invoke(DelegatingMethodAccessorImpl.java:43)
	at java.lang.reflect.Method.invoke(Method.java:498)
	at org.apache.hadoop.hdds.tracing.TraceAllMethod.invoke(TraceAllMethod.java:66)
	at com.sun.proxy.$Proxy37.openKey(Unknown Source)
	at org.apache.hadoop.ozone.client.rpc.RpcClient.createKey(RpcClient.java:614)
	at org.apache.hadoop.ozone.client.OzoneBucket.createKey(OzoneBucket.java:325)
	at org.apache.hadoop.ozone.freon.RandomKeyGenerator.createKey(RandomKeyGenerator.java:695)
	at org.apache.hadoop.ozone.freon.RandomKeyGenerator.access$1100(RandomKeyGenerator.java:88)
	at org.apache.hadoop.ozone.freon.RandomKeyGenerator$ObjectCreator.run(RandomKeyGenerator.java:615)
	at java.util.concurrent.Executors$RunnableAdapter.call(Executors.java:511)
	at java.util.concurrent.FutureTask.run(FutureTask.java:266)
	at java.util.concurrent.ThreadPoolExecutor.runWorker(ThreadPoolExecutor.java:1149)
	at java.util.concurrent.ThreadPoolExecutor$Worker.run(ThreadPoolExecutor.java:624)
	at java.lang.Thread.run(Thread.java:748)
2019-09-26 13:36:36,321 [pool-75-thread-3] ERROR freon.RandomKeyGenerator (RandomKeyGenerator.java:createKey(733)) - Exception while adding key: key-0-37837 in bucket: bucket-3-47613 of volume: vol-0-12623.
INTERNAL_ERROR org.apache.hadoop.ozone.om.exceptions.OMException: Allocated 0 blocks. Requested 1 blocks
	at org.apache.hadoop.ozone.om.protocolPB.OzoneManagerProtocolClientSideTranslatorPB.handleError(OzoneManagerProtocolClientSideTranslatorPB.java:732)
	at org.apache.hadoop.ozone.om.protocolPB.OzoneManagerProtocolClientSideTranslatorPB.openKey(OzoneManagerProtocolClientSideTranslatorPB.java:723)
	at sun.reflect.NativeMethodAccessorImpl.invoke0(Native Method)
	at sun.reflect.NativeMethodAccessorImpl.invoke(NativeMethodAccessorImpl.java:62)
	at sun.reflect.DelegatingMethodAccessorImpl.invoke(DelegatingMethodAccessorImpl.java:43)
	at java.lang.reflect.Method.invoke(Method.java:498)
	at org.apache.hadoop.hdds.tracing.TraceAllMethod.invoke(TraceAllMethod.java:66)
	at com.sun.proxy.$Proxy37.openKey(Unknown Source)
	at org.apache.hadoop.ozone.client.rpc.RpcClient.createKey(RpcClient.java:614)
	at org.apache.hadoop.ozone.client.OzoneBucket.createKey(OzoneBucket.java:325)
	at org.apache.hadoop.ozone.freon.RandomKeyGenerator.createKey(RandomKeyGenerator.java:695)
	at org.apache.hadoop.ozone.freon.RandomKeyGenerator.access$1100(RandomKeyGenerator.java:88)
	at org.apache.hadoop.ozone.freon.RandomKeyGenerator$ObjectCreator.run(RandomKeyGenerator.java:615)
	at java.util.concurrent.Executors$RunnableAdapter.call(Executors.java:511)
	at java.util.concurrent.FutureTask.run(FutureTask.java:266)
	at java.util.concurrent.ThreadPoolExecutor.runWorker(ThreadPoolExecutor.java:1149)
	at java.util.concurrent.ThreadPoolExecutor$Worker.run(ThreadPoolExecutor.java:624)
	at java.lang.Thread.run(Thread.java:748)
 0.00% |█                                                                                                    |  0/100 Time: 0:00:01 0.00% |█                                                                                                    |  0/100 Time: 0:00:02 0.00% |█                                                                                                    |  0/100 Time: 0:00:03 0.00% |█                                                                                                    |  0/100 Time: 0:00:04 100.00% |█████████████████████████████████████████████████████████████████████████████████████████████████████|  100/100 Time: 0:00:05
]]></system-out>
  </testcase>
</testsuite>