<?xml version="1.0" encoding="UTF-8"?>
<testsuite xmlns:xsi="http://www.w3.org/2001/XMLSchema-instance" xsi:noNamespaceSchemaLocation="https://maven.apache.org/surefire/maven-surefire-plugin/xsd/surefire-test-report.xsd" name="org.apache.hadoop.ozone.freon.TestFreonWithPipelineDestroy" time="31.132" tests="1" errors="1" skipped="0" failures="0">
  <properties>
    <property name="awt.toolkit" value="sun.awt.X11.XToolkit"/>
    <property name="file.encoding.pkg" value="sun.io"/>
    <property name="java.specification.version" value="1.8"/>
    <property name="sun.cpu.isalist" value=""/>
    <property name="sun.jnu.encoding" value="UTF-8"/>
    <property name="java.class.path" value="/workdir/hadoop-ozone/tools/target/test-classes:/workdir/hadoop-ozone/tools/target/classes:/home/user/.m2/repository/org/apache/hadoop/hadoop-ozone-ozone-manager/0.5.0-SNAPSHOT/hadoop-ozone-ozone-manager-0.5.0-SNAPSHOT.jar:/home/user/.m2/repository/org/apache/hadoop/hadoop-hdds-docs/0.5.0-SNAPSHOT/hadoop-hdds-docs-0.5.0-SNAPSHOT.jar:/home/user/.m2/repository/org/bouncycastle/bcprov-jdk15on/1.60/bcprov-jdk15on-1.60.jar:/home/user/.m2/repository/org/apache/hadoop/hadoop-ozone-common/0.5.0-SNAPSHOT/hadoop-ozone-common-0.5.0-SNAPSHOT.jar:/home/user/.m2/repository/org/apache/commons/commons-compress/1.4.1/commons-compress-1.4.1.jar:/home/user/.m2/repository/org/tukaani/xz/1.0/xz-1.0.jar:/home/user/.m2/repository/org/apache/hadoop/hadoop-hdfs-client/3.2.0/hadoop-hdfs-client-3.2.0.jar:/home/user/.m2/repository/com/fasterxml/jackson/core/jackson-annotations/2.9.9/jackson-annotations-2.9.9.jar:/home/user/.m2/repository/org/apache/hadoop/hadoop-hdds-common/0.5.0-SNAPSHOT/hadoop-hdds-common-0.5.0-SNAPSHOT.jar:/home/user/.m2/repository/org/apache/hadoop/hadoop-hdds-config/0.5.0-SNAPSHOT/hadoop-hdds-config-0.5.0-SNAPSHOT.jar:/home/user/.m2/repository/javax/annotation/javax.annotation-api/1.2/javax.annotation-api-1.2.jar:/home/user/.m2/repository/org/apache/ratis/ratis-server/0.4.0/ratis-server-0.4.0.jar:/home/user/.m2/repository/org/apache/ratis/ratis-thirdparty-misc/0.2.0/ratis-thirdparty-misc-0.2.0.jar:/home/user/.m2/repository/org/apache/ratis/ratis-proto/0.4.0/ratis-proto-0.4.0.jar:/home/user/.m2/repository/org/apache/ratis/ratis-common/0.4.0/ratis-common-0.4.0.jar:/home/user/.m2/repository/org/apache/ratis/ratis-client/0.4.0/ratis-client-0.4.0.jar:/home/user/.m2/repository/org/apache/ratis/ratis-metrics/0.4.0/ratis-metrics-0.4.0.jar:/home/user/.m2/repository/com/github/joshelser/dropwizard-metrics-hadoop-metrics2-reporter/0.1.2/dropwizard-metrics-hadoop-metrics2-reporter-0.1.2.jar:/home/user/.m2/repository/io/dropwizard/metrics/metrics-jvm/3.2.5/metrics-jvm-3.2.5.jar:/home/user/.m2/repository/io/dropwizard/metrics/metrics-ganglia/3.2.5/metrics-ganglia-3.2.5.jar:/home/user/.m2/repository/info/ganglia/gmetric4j/gmetric4j/1.0.7/gmetric4j-1.0.7.jar:/home/user/.m2/repository/org/apache/ratis/ratis-netty/0.4.0/ratis-netty-0.4.0.jar:/home/user/.m2/repository/org/apache/ratis/ratis-grpc/0.4.0/ratis-grpc-0.4.0.jar:/home/user/.m2/repository/org/rocksdb/rocksdbjni/6.0.1/rocksdbjni-6.0.1.jar:/home/user/.m2/repository/org/apache/logging/log4j/log4j-api/2.11.0/log4j-api-2.11.0.jar:/home/user/.m2/repository/org/apache/logging/log4j/log4j-core/2.11.0/log4j-core-2.11.0.jar:/home/user/.m2/repository/com/lmax/disruptor/3.4.2/disruptor-3.4.2.jar:/home/user/.m2/repository/org/apache/commons/commons-pool2/2.6.0/commons-pool2-2.6.0.jar:/home/user/.m2/repository/org/bouncycastle/bcpkix-jdk15on/1.60/bcpkix-jdk15on-1.60.jar:/home/user/.m2/repository/commons-validator/commons-validator/1.6/commons-validator-1.6.jar:/home/user/.m2/repository/commons-digester/commons-digester/1.8.1/commons-digester-1.8.1.jar:/home/user/.m2/repository/io/jaegertracing/jaeger-client/0.34.0/jaeger-client-0.34.0.jar:/home/user/.m2/repository/io/jaegertracing/jaeger-thrift/0.34.0/jaeger-thrift-0.34.0.jar:/home/user/.m2/repository/org/apache/thrift/libthrift/0.12.0/libthrift-0.12.0.jar:/home/user/.m2/repository/com/squareup/okhttp3/okhttp/3.9.0/okhttp-3.9.0.jar:/home/user/.m2/repository/com/squareup/okio/okio/1.13.0/okio-1.13.0.jar:/home/user/.m2/repository/io/jaegertracing/jaeger-core/0.34.0/jaeger-core-0.34.0.jar:/home/user/.m2/repository/io/jaegertracing/jaeger-tracerresolver/0.34.0/jaeger-tracerresolver-0.34.0.jar:/home/user/.m2/repository/io/opentracing/contrib/opentracing-tracerresolver/0.1.5/opentracing-tracerresolver-0.1.5.jar:/home/user/.m2/repository/io/opentracing/opentracing-util/0.31.0/opentracing-util-0.31.0.jar:/home/user/.m2/repository/io/opentracing/opentracing-api/0.31.0/opentracing-api-0.31.0.jar:/home/user/.m2/repository/io/opentracing/opentracing-noop/0.31.0/opentracing-noop-0.31.0.jar:/home/user/.m2/repository/org/yaml/snakeyaml/1.16/snakeyaml-1.16.jar:/home/user/.m2/repository/org/apache/hadoop/hadoop-hdds-container-service/0.5.0-SNAPSHOT/hadoop-hdds-container-service-0.5.0-SNAPSHOT.jar:/home/user/.m2/repository/org/apache/hadoop/hadoop-hdds-client/0.5.0-SNAPSHOT/hadoop-hdds-client-0.5.0-SNAPSHOT.jar:/home/user/.m2/repository/org/apache/hadoop/hadoop-hdds-tools/0.5.0-SNAPSHOT/hadoop-hdds-tools-0.5.0-SNAPSHOT.jar:/home/user/.m2/repository/org/xerial/sqlite-jdbc/3.25.2/sqlite-jdbc-3.25.2.jar:/home/user/.m2/repository/org/apache/hadoop/hadoop-hdds-server-scm/0.5.0-SNAPSHOT/hadoop-hdds-server-scm-0.5.0-SNAPSHOT.jar:/home/user/.m2/repository/org/hamcrest/hamcrest-all/1.3/hamcrest-all-1.3.jar:/home/user/.m2/repository/info/picocli/picocli/3.9.6/picocli-3.9.6.jar:/home/user/.m2/repository/com/google/protobuf/protobuf-java/2.5.0/protobuf-java-2.5.0.jar:/home/user/.m2/repository/com/google/guava/guava/11.0.2/guava-11.0.2.jar:/home/user/.m2/repository/org/apache/hadoop/hadoop-ozone-client/0.5.0-SNAPSHOT/hadoop-ozone-client-0.5.0-SNAPSHOT.jar:/workdir/hadoop-ozone/ozonefs/target/classes:/home/user/.m2/repository/org/apache/hadoop/hadoop-hdds-server-framework/0.5.0-SNAPSHOT/hadoop-hdds-server-framework-0.5.0-SNAPSHOT.jar:/home/user/.m2/repository/org/apache/hadoop/hadoop-common/3.2.0/hadoop-common-3.2.0.jar:/home/user/.m2/repository/org/apache/hadoop/hadoop-annotations/3.2.0/hadoop-annotations-3.2.0.jar:/usr/lib/jvm/java-1.8-openjdk/jre/../lib/tools.jar:/home/user/.m2/repository/commons-cli/commons-cli/1.2/commons-cli-1.2.jar:/home/user/.m2/repository/org/apache/commons/commons-math3/3.1.1/commons-math3-3.1.1.jar:/home/user/.m2/repository/org/apache/httpcomponents/httpclient/4.5.2/httpclient-4.5.2.jar:/home/user/.m2/repository/org/apache/httpcomponents/httpcore/4.4.4/httpcore-4.4.4.jar:/home/user/.m2/repository/commons-codec/commons-codec/1.11/commons-codec-1.11.jar:/home/user/.m2/repository/commons-io/commons-io/2.5/commons-io-2.5.jar:/home/user/.m2/repository/commons-net/commons-net/3.6/commons-net-3.6.jar:/home/user/.m2/repository/commons-collections/commons-collections/3.2.2/commons-collections-3.2.2.jar:/home/user/.m2/repository/javax/servlet/javax.servlet-api/3.1.0/javax.servlet-api-3.1.0.jar:/home/user/.m2/repository/org/eclipse/jetty/jetty-server/9.3.25.v20180904/jetty-server-9.3.25.v20180904.jar:/home/user/.m2/repository/org/eclipse/jetty/jetty-http/9.3.25.v20180904/jetty-http-9.3.25.v20180904.jar:/home/user/.m2/repository/org/eclipse/jetty/jetty-io/9.3.25.v20180904/jetty-io-9.3.25.v20180904.jar:/home/user/.m2/repository/org/eclipse/jetty/jetty-util/9.3.25.v20180904/jetty-util-9.3.25.v20180904.jar:/home/user/.m2/repository/org/eclipse/jetty/jetty-servlet/9.3.25.v20180904/jetty-servlet-9.3.25.v20180904.jar:/home/user/.m2/repository/org/eclipse/jetty/jetty-security/9.3.25.v20180904/jetty-security-9.3.25.v20180904.jar:/home/user/.m2/repository/org/eclipse/jetty/jetty-webapp/9.3.25.v20180904/jetty-webapp-9.3.25.v20180904.jar:/home/user/.m2/repository/org/eclipse/jetty/jetty-xml/9.3.25.v20180904/jetty-xml-9.3.25.v20180904.jar:/home/user/.m2/repository/javax/servlet/jsp/jsp-api/2.1/jsp-api-2.1.jar:/home/user/.m2/repository/com/sun/jersey/jersey-core/1.19/jersey-core-1.19.jar:/home/user/.m2/repository/javax/ws/rs/jsr311-api/1.1.1/jsr311-api-1.1.1.jar:/home/user/.m2/repository/com/sun/jersey/jersey-servlet/1.19/jersey-servlet-1.19.jar:/home/user/.m2/repository/com/sun/jersey/jersey-json/1.19/jersey-json-1.19.jar:/home/user/.m2/repository/org/codehaus/jettison/jettison/1.1/jettison-1.1.jar:/home/user/.m2/repository/com/sun/xml/bind/jaxb-impl/2.3.0.1/jaxb-impl-2.3.0.1.jar:/home/user/.m2/repository/org/codehaus/jackson/jackson-core-asl/1.9.13/jackson-core-asl-1.9.13.jar:/home/user/.m2/repository/org/codehaus/jackson/jackson-mapper-asl/1.9.13/jackson-mapper-asl-1.9.13.jar:/home/user/.m2/repository/org/codehaus/jackson/jackson-jaxrs/1.9.13/jackson-jaxrs-1.9.13.jar:/home/user/.m2/repository/org/codehaus/jackson/jackson-xc/1.9.13/jackson-xc-1.9.13.jar:/home/user/.m2/repository/com/sun/jersey/jersey-server/1.19/jersey-server-1.19.jar:/home/user/.m2/repository/commons-logging/commons-logging/1.1.3/commons-logging-1.1.3.jar:/home/user/.m2/repository/log4j/log4j/1.2.17/log4j-1.2.17.jar:/home/user/.m2/repository/commons-beanutils/commons-beanutils/1.9.4/commons-beanutils-1.9.4.jar:/home/user/.m2/repository/org/apache/commons/commons-configuration2/2.1.1/commons-configuration2-2.1.1.jar:/home/user/.m2/repository/org/apache/commons/commons-lang3/3.7/commons-lang3-3.7.jar:/home/user/.m2/repository/org/apache/commons/commons-text/1.4/commons-text-1.4.jar:/home/user/.m2/repository/org/slf4j/slf4j-api/1.7.25/slf4j-api-1.7.25.jar:/home/user/.m2/repository/org/slf4j/slf4j-log4j12/1.7.25/slf4j-log4j12-1.7.25.jar:/home/user/.m2/repository/org/apache/avro/avro/1.7.7/avro-1.7.7.jar:/home/user/.m2/repository/com/thoughtworks/paranamer/paranamer/2.3/paranamer-2.3.jar:/home/user/.m2/repository/org/xerial/snappy/snappy-java/1.0.5/snappy-java-1.0.5.jar:/home/user/.m2/repository/com/google/re2j/re2j/1.1/re2j-1.1.jar:/home/user/.m2/repository/com/google/code/gson/gson/2.2.4/gson-2.2.4.jar:/home/user/.m2/repository/org/apache/hadoop/hadoop-auth/3.2.0/hadoop-auth-3.2.0.jar:/home/user/.m2/repository/com/nimbusds/nimbus-jose-jwt/4.41.1/nimbus-jose-jwt-4.41.1.jar:/home/user/.m2/repository/com/github/stephenc/jcip/jcip-annotations/1.0-1/jcip-annotations-1.0-1.jar:/home/user/.m2/repository/net/minidev/json-smart/2.3/json-smart-2.3.jar:/home/user/.m2/repository/net/minidev/accessors-smart/1.2/accessors-smart-1.2.jar:/home/user/.m2/repository/org/apache/curator/curator-framework/2.12.0/curator-framework-2.12.0.jar:/home/user/.m2/repository/com/jcraft/jsch/0.1.54/jsch-0.1.54.jar:/home/user/.m2/repository/org/apache/curator/curator-client/2.12.0/curator-client-2.12.0.jar:/home/user/.m2/repository/org/apache/curator/curator-recipes/2.12.0/curator-recipes-2.12.0.jar:/home/user/.m2/repository/com/google/code/findbugs/jsr305/3.0.0/jsr305-3.0.0.jar:/home/user/.m2/repository/org/apache/htrace/htrace-core4/4.1.0-incubating/htrace-core4-4.1.0-incubating.jar:/home/user/.m2/repository/org/apache/zookeeper/zookeeper/3.4.13/zookeeper-3.4.13.jar:/home/user/.m2/repository/jline/jline/0.9.94/jline-0.9.94.jar:/home/user/.m2/repository/org/apache/yetus/audience-annotations/0.5.0/audience-annotations-0.5.0.jar:/home/user/.m2/repository/org/apache/kerby/kerb-simplekdc/1.0.1/kerb-simplekdc-1.0.1.jar:/home/user/.m2/repository/org/apache/kerby/kerb-client/1.0.1/kerb-client-1.0.1.jar:/home/user/.m2/repository/org/apache/kerby/kerby-config/1.0.1/kerby-config-1.0.1.jar:/home/user/.m2/repository/org/apache/kerby/kerb-core/1.0.1/kerb-core-1.0.1.jar:/home/user/.m2/repository/org/apache/kerby/kerby-pkix/1.0.1/kerby-pkix-1.0.1.jar:/home/user/.m2/repository/org/apache/kerby/kerby-asn1/1.0.1/kerby-asn1-1.0.1.jar:/home/user/.m2/repository/org/apache/kerby/kerby-util/1.0.1/kerby-util-1.0.1.jar:/home/user/.m2/repository/org/apache/kerby/kerb-common/1.0.1/kerb-common-1.0.1.jar:/home/user/.m2/repository/org/apache/kerby/kerb-crypto/1.0.1/kerb-crypto-1.0.1.jar:/home/user/.m2/repository/org/apache/kerby/kerb-util/1.0.1/kerb-util-1.0.1.jar:/home/user/.m2/repository/org/apache/kerby/token-provider/1.0.1/token-provider-1.0.1.jar:/home/user/.m2/repository/org/apache/kerby/kerb-admin/1.0.1/kerb-admin-1.0.1.jar:/home/user/.m2/repository/org/apache/kerby/kerb-server/1.0.1/kerb-server-1.0.1.jar:/home/user/.m2/repository/org/apache/kerby/kerb-identity/1.0.1/kerb-identity-1.0.1.jar:/home/user/.m2/repository/org/apache/kerby/kerby-xdr/1.0.1/kerby-xdr-1.0.1.jar:/home/user/.m2/repository/com/fasterxml/jackson/core/jackson-databind/2.9.9/jackson-databind-2.9.9.jar:/home/user/.m2/repository/com/fasterxml/jackson/core/jackson-core/2.9.9/jackson-core-2.9.9.jar:/home/user/.m2/repository/org/codehaus/woodstox/stax2-api/3.1.4/stax2-api-3.1.4.jar:/home/user/.m2/repository/com/fasterxml/woodstox/woodstox-core/5.0.3/woodstox-core-5.0.3.jar:/home/user/.m2/repository/dnsjava/dnsjava/2.1.7/dnsjava-2.1.7.jar:/home/user/.m2/repository/org/apache/hadoop/hadoop-hdfs/3.2.0/hadoop-hdfs-3.2.0.jar:/home/user/.m2/repository/org/eclipse/jetty/jetty-util-ajax/9.3.25.v20180904/jetty-util-ajax-9.3.25.v20180904.jar:/home/user/.m2/repository/commons-daemon/commons-daemon/1.0.13/commons-daemon-1.0.13.jar:/home/user/.m2/repository/io/netty/netty/3.10.5.Final/netty-3.10.5.Final.jar:/home/user/.m2/repository/io/netty/netty-all/4.0.52.Final/netty-all-4.0.52.Final.jar:/home/user/.m2/repository/org/fusesource/leveldbjni/leveldbjni-all/1.8/leveldbjni-all-1.8.jar:/home/user/.m2/repository/com/sun/xml/bind/jaxb-core/2.3.0.1/jaxb-core-2.3.0.1.jar:/home/user/.m2/repository/javax/xml/bind/jaxb-api/2.3.0/jaxb-api-2.3.0.jar:/home/user/.m2/repository/javax/activation/activation/1.1.1/activation-1.1.1.jar:/home/user/.m2/repository/io/dropwizard/metrics/metrics-core/3.2.4/metrics-core-3.2.4.jar:/home/user/.m2/repository/org/openjdk/jmh/jmh-core/1.19/jmh-core-1.19.jar:/home/user/.m2/repository/net/sf/jopt-simple/jopt-simple/4.6/jopt-simple-4.6.jar:/home/user/.m2/repository/org/openjdk/jmh/jmh-generator-annprocess/1.19/jmh-generator-annprocess-1.19.jar:/home/user/.m2/repository/com/amazonaws/aws-java-sdk-s3/1.11.615/aws-java-sdk-s3-1.11.615.jar:/home/user/.m2/repository/com/amazonaws/aws-java-sdk-kms/1.11.615/aws-java-sdk-kms-1.11.615.jar:/home/user/.m2/repository/com/amazonaws/aws-java-sdk-core/1.11.615/aws-java-sdk-core-1.11.615.jar:/home/user/.m2/repository/software/amazon/ion/ion-java/1.0.2/ion-java-1.0.2.jar:/home/user/.m2/repository/com/fasterxml/jackson/dataformat/jackson-dataformat-cbor/2.9.9/jackson-dataformat-cbor-2.9.9.jar:/home/user/.m2/repository/joda-time/joda-time/2.9.9/joda-time-2.9.9.jar:/home/user/.m2/repository/com/amazonaws/jmespath-java/1.11.615/jmespath-java-1.11.615.jar:/home/user/.m2/repository/com/google/code/findbugs/findbugs/3.0.1/findbugs-3.0.1.jar:/home/user/.m2/repository/net/jcip/jcip-annotations/1.0/jcip-annotations-1.0.jar:/home/user/.m2/repository/com/google/code/findbugs/bcel-findbugs/6.0/bcel-findbugs-6.0.jar:/home/user/.m2/repository/com/google/code/findbugs/jFormatString/2.0.1/jFormatString-2.0.1.jar:/home/user/.m2/repository/dom4j/dom4j/1.6.1/dom4j-1.6.1.jar:/home/user/.m2/repository/xml-apis/xml-apis/1.0.b2/xml-apis-1.0.b2.jar:/home/user/.m2/repository/org/ow2/asm/asm-debug-all/5.0.2/asm-debug-all-5.0.2.jar:/home/user/.m2/repository/org/ow2/asm/asm-commons/5.0.2/asm-commons-5.0.2.jar:/home/user/.m2/repository/org/ow2/asm/asm-tree/5.0.2/asm-tree-5.0.2.jar:/home/user/.m2/repository/org/ow2/asm/asm/5.0.4/asm-5.0.4.jar:/home/user/.m2/repository/commons-lang/commons-lang/2.6/commons-lang-2.6.jar:/home/user/.m2/repository/com/apple/AppleJavaExtensions/1.4/AppleJavaExtensions-1.4.jar:/home/user/.m2/repository/jaxen/jaxen/1.1.6/jaxen-1.1.6.jar:/home/user/.m2/repository/junit/junit/4.11/junit-4.11.jar:/home/user/.m2/repository/org/hamcrest/hamcrest-core/1.3/hamcrest-core-1.3.jar:/home/user/.m2/repository/org/apache/hadoop/hadoop-common/3.2.0/hadoop-common-3.2.0-tests.jar:/workdir/hadoop-ozone/integration-test/target/test-classes:/home/user/.m2/repository/org/apache/hadoop/hadoop-ozone-s3gateway/0.5.0-SNAPSHOT/hadoop-ozone-s3gateway-0.5.0-SNAPSHOT.jar:/home/user/.m2/repository/org/jboss/weld/servlet/weld-servlet/2.4.7.Final/weld-servlet-2.4.7.Final.jar:/home/user/.m2/repository/org/glassfish/jersey/containers/jersey-container-servlet-core/2.27/jersey-container-servlet-core-2.27.jar:/home/user/.m2/repository/org/glassfish/hk2/external/javax.inject/2.5.0-b42/javax.inject-2.5.0-b42.jar:/home/user/.m2/repository/org/glassfish/jersey/core/jersey-common/2.27/jersey-common-2.27.jar:/home/user/.m2/repository/org/glassfish/hk2/osgi-resource-locator/1.0.1/osgi-resource-locator-1.0.1.jar:/home/user/.m2/repository/javax/ws/rs/javax.ws.rs-api/2.1/javax.ws.rs-api-2.1.jar:/home/user/.m2/repository/org/glassfish/jersey/ext/cdi/jersey-cdi1x/2.27/jersey-cdi1x-2.27.jar:/home/user/.m2/repository/org/glassfish/jersey/inject/jersey-hk2/2.27/jersey-hk2-2.27.jar:/home/user/.m2/repository/org/glassfish/hk2/hk2-locator/2.5.0-b42/hk2-locator-2.5.0-b42.jar:/home/user/.m2/repository/org/javassist/javassist/3.22.0-CR2/javassist-3.22.0-CR2.jar:/home/user/.m2/repository/org/glassfish/hk2/hk2-api/2.5.0/hk2-api-2.5.0.jar:/home/user/.m2/repository/org/glassfish/hk2/external/jakarta.inject/2.5.0/jakarta.inject-2.5.0.jar:/home/user/.m2/repository/org/glassfish/hk2/hk2-utils/2.5.0/hk2-utils-2.5.0.jar:/home/user/.m2/repository/jakarta/annotation/jakarta.annotation-api/1.3.4/jakarta.annotation-api-1.3.4.jar:/home/user/.m2/repository/org/glassfish/hk2/external/aopalliance-repackaged/2.5.0/aopalliance-repackaged-2.5.0.jar:/home/user/.m2/repository/com/fasterxml/jackson/dataformat/jackson-dataformat-xml/2.9.0/jackson-dataformat-xml-2.9.0.jar:/home/user/.m2/repository/com/fasterxml/jackson/module/jackson-module-jaxb-annotations/2.9.9/jackson-module-jaxb-annotations-2.9.9.jar:/home/user/.m2/repository/javax/enterprise/cdi-api/1.2/cdi-api-1.2.jar:/home/user/.m2/repository/javax/el/javax.el-api/3.0.0/javax.el-api-3.0.0.jar:/home/user/.m2/repository/javax/interceptor/javax.interceptor-api/1.2/javax.interceptor-api-1.2.jar:/home/user/.m2/repository/javax/inject/javax.inject/1/javax.inject-1.jar:/home/user/.m2/repository/org/apache/hadoop/hadoop-ozone-csi/0.5.0-SNAPSHOT/hadoop-ozone-csi-0.5.0-SNAPSHOT.jar:/home/user/.m2/repository/com/google/protobuf/protobuf-java-util/3.5.1/protobuf-java-util-3.5.1.jar:/home/user/.m2/repository/io/grpc/grpc-netty/1.17.1/grpc-netty-1.17.1.jar:/home/user/.m2/repository/io/grpc/grpc-core/1.17.1/grpc-core-1.17.1.jar:/home/user/.m2/repository/io/grpc/grpc-context/1.17.1/grpc-context-1.17.1.jar:/home/user/.m2/repository/com/google/errorprone/error_prone_annotations/2.2.0/error_prone_annotations-2.2.0.jar:/home/user/.m2/repository/org/codehaus/mojo/animal-sniffer-annotations/1.17/animal-sniffer-annotations-1.17.jar:/home/user/.m2/repository/io/opencensus/opencensus-api/0.17.0/opencensus-api-0.17.0.jar:/home/user/.m2/repository/io/opencensus/opencensus-contrib-grpc-metrics/0.17.0/opencensus-contrib-grpc-metrics-0.17.0.jar:/home/user/.m2/repository/io/netty/netty-codec-http2/4.1.30.Final/netty-codec-http2-4.1.30.Final.jar:/home/user/.m2/repository/io/netty/netty-codec-http/4.1.30.Final/netty-codec-http-4.1.30.Final.jar:/home/user/.m2/repository/io/netty/netty-codec/4.1.30.Final/netty-codec-4.1.30.Final.jar:/home/user/.m2/repository/io/netty/netty-handler/4.1.30.Final/netty-handler-4.1.30.Final.jar:/home/user/.m2/repository/io/netty/netty-handler-proxy/4.1.30.Final/netty-handler-proxy-4.1.30.Final.jar:/home/user/.m2/repository/io/netty/netty-codec-socks/4.1.30.Final/netty-codec-socks-4.1.30.Final.jar:/home/user/.m2/repository/io/netty/netty-transport-native-epoll/4.1.30.Final/netty-transport-native-epoll-4.1.30.Final.jar:/home/user/.m2/repository/io/netty/netty-common/4.1.30.Final/netty-common-4.1.30.Final.jar:/home/user/.m2/repository/io/netty/netty-buffer/4.1.30.Final/netty-buffer-4.1.30.Final.jar:/home/user/.m2/repository/io/netty/netty-transport/4.1.30.Final/netty-transport-4.1.30.Final.jar:/home/user/.m2/repository/io/netty/netty-resolver/4.1.30.Final/netty-resolver-4.1.30.Final.jar:/home/user/.m2/repository/io/netty/netty-transport-native-unix-common/4.1.30.Final/netty-transport-native-unix-common-4.1.30.Final.jar:/home/user/.m2/repository/io/grpc/grpc-protobuf/1.17.1/grpc-protobuf-1.17.1.jar:/home/user/.m2/repository/com/google/api/grpc/proto-google-common-protos/1.0.0/proto-google-common-protos-1.0.0.jar:/home/user/.m2/repository/io/grpc/grpc-protobuf-lite/1.17.1/grpc-protobuf-lite-1.17.1.jar:/home/user/.m2/repository/io/grpc/grpc-stub/1.17.1/grpc-stub-1.17.1.jar:/home/user/.m2/repository/org/apache/hadoop/hadoop-ozone-recon/0.5.0-SNAPSHOT/hadoop-ozone-recon-0.5.0-SNAPSHOT.jar:/home/user/.m2/repository/org/apache/hadoop/hadoop-ozone-reconcodegen/0.5.0-SNAPSHOT/hadoop-ozone-reconcodegen-0.5.0-SNAPSHOT.jar:/home/user/.m2/repository/com/google/inject/extensions/guice-multibindings/4.0/guice-multibindings-4.0.jar:/home/user/.m2/repository/com/google/inject/guice/4.0/guice-4.0.jar:/home/user/.m2/repository/aopalliance/aopalliance/1.0/aopalliance-1.0.jar:/home/user/.m2/repository/com/google/inject/extensions/guice-servlet/4.0/guice-servlet-4.0.jar:/home/user/.m2/repository/org/glassfish/jersey/containers/jersey-container-servlet/2.27/jersey-container-servlet-2.27.jar:/home/user/.m2/repository/org/glassfish/hk2/guice-bridge/2.5.0/guice-bridge-2.5.0.jar:/home/user/.m2/repository/org/glassfish/jersey/core/jersey-server/2.27/jersey-server-2.27.jar:/home/user/.m2/repository/org/glassfish/jersey/core/jersey-client/2.27/jersey-client-2.27.jar:/home/user/.m2/repository/org/glassfish/jersey/media/jersey-media-jaxb/2.27/jersey-media-jaxb-2.27.jar:/home/user/.m2/repository/javax/validation/validation-api/1.1.0.Final/validation-api-1.1.0.Final.jar:/home/user/.m2/repository/org/glassfish/jersey/media/jersey-media-json-jackson/2.27/jersey-media-json-jackson-2.27.jar:/home/user/.m2/repository/org/glassfish/jersey/ext/jersey-entity-filtering/2.27/jersey-entity-filtering-2.27.jar:/home/user/.m2/repository/com/google/inject/extensions/guice-assistedinject/4.0/guice-assistedinject-4.0.jar:/home/user/.m2/repository/org/jooq/jooq/3.11.10/jooq-3.11.10.jar:/home/user/.m2/repository/org/jooq/jooq-meta/3.11.10/jooq-meta-3.11.10.jar:/home/user/.m2/repository/org/jooq/jooq-codegen/3.11.10/jooq-codegen-3.11.10.jar:/home/user/.m2/repository/com/jolbox/bonecp/0.8.0.RELEASE/bonecp-0.8.0.RELEASE.jar:/home/user/.m2/repository/org/springframework/spring-jdbc/5.1.3.RELEASE/spring-jdbc-5.1.3.RELEASE.jar:/home/user/.m2/repository/org/springframework/spring-beans/5.1.3.RELEASE/spring-beans-5.1.3.RELEASE.jar:/home/user/.m2/repository/org/springframework/spring-core/5.1.3.RELEASE/spring-core-5.1.3.RELEASE.jar:/home/user/.m2/repository/org/springframework/spring-jcl/5.1.3.RELEASE/spring-jcl-5.1.3.RELEASE.jar:/home/user/.m2/repository/org/springframework/spring-tx/5.1.3.RELEASE/spring-tx-5.1.3.RELEASE.jar:/home/user/.m2/repository/org/mockito/mockito-core/2.15.0/mockito-core-2.15.0.jar:/home/user/.m2/repository/net/bytebuddy/byte-buddy/1.7.9/byte-buddy-1.7.9.jar:/home/user/.m2/repository/net/bytebuddy/byte-buddy-agent/1.7.9/byte-buddy-agent-1.7.9.jar:/home/user/.m2/repository/org/objenesis/objenesis/1.0/objenesis-1.0.jar:"/>
    <property name="java.vm.vendor" value="IcedTea"/>
    <property name="sun.arch.data.model" value="64"/>
    <property name="test.build.dir" value="/workdir/hadoop-ozone/tools/target/test-dir"/>
    <property name="test.cache.data" value=""/>
    <property name="java.vendor.url" value="https://icedtea.classpath.org"/>
    <property name="user.timezone" value=""/>
    <property name="java.vm.specification.version" value="1.8"/>
    <property name="os.name" value="Linux"/>
    <property name="test.build.data" value="/workdir/hadoop-ozone/tools/target/test-dir"/>
    <property name="user.country" value="US"/>
    <property name="sun.java.launcher" value="SUN_STANDARD"/>
    <property name="sun.boot.library.path" value="/usr/lib/jvm/java-1.8-openjdk/jre/lib/amd64"/>
    <property name="sun.java.command" value="/workdir/hadoop-ozone/tools/target/surefire/surefirebooter676303120592105801.jar /workdir/hadoop-ozone/tools/target/surefire 2019-09-26T11-49-28_115-jvmRun1 surefire9053454102203758019tmp surefire_1092161929469533322161tmp"/>
    <property name="test" value="!TestMiniChaosOzoneCluster"/>
    <property name="surefire.test.class.path" value="/workdir/hadoop-ozone/tools/target/test-classes:/workdir/hadoop-ozone/tools/target/classes:/home/user/.m2/repository/org/apache/hadoop/hadoop-ozone-ozone-manager/0.5.0-SNAPSHOT/hadoop-ozone-ozone-manager-0.5.0-SNAPSHOT.jar:/home/user/.m2/repository/org/apache/hadoop/hadoop-hdds-docs/0.5.0-SNAPSHOT/hadoop-hdds-docs-0.5.0-SNAPSHOT.jar:/home/user/.m2/repository/org/bouncycastle/bcprov-jdk15on/1.60/bcprov-jdk15on-1.60.jar:/home/user/.m2/repository/org/apache/hadoop/hadoop-ozone-common/0.5.0-SNAPSHOT/hadoop-ozone-common-0.5.0-SNAPSHOT.jar:/home/user/.m2/repository/org/apache/commons/commons-compress/1.4.1/commons-compress-1.4.1.jar:/home/user/.m2/repository/org/tukaani/xz/1.0/xz-1.0.jar:/home/user/.m2/repository/org/apache/hadoop/hadoop-hdfs-client/3.2.0/hadoop-hdfs-client-3.2.0.jar:/home/user/.m2/repository/com/fasterxml/jackson/core/jackson-annotations/2.9.9/jackson-annotations-2.9.9.jar:/home/user/.m2/repository/org/apache/hadoop/hadoop-hdds-common/0.5.0-SNAPSHOT/hadoop-hdds-common-0.5.0-SNAPSHOT.jar:/home/user/.m2/repository/org/apache/hadoop/hadoop-hdds-config/0.5.0-SNAPSHOT/hadoop-hdds-config-0.5.0-SNAPSHOT.jar:/home/user/.m2/repository/javax/annotation/javax.annotation-api/1.2/javax.annotation-api-1.2.jar:/home/user/.m2/repository/org/apache/ratis/ratis-server/0.4.0/ratis-server-0.4.0.jar:/home/user/.m2/repository/org/apache/ratis/ratis-thirdparty-misc/0.2.0/ratis-thirdparty-misc-0.2.0.jar:/home/user/.m2/repository/org/apache/ratis/ratis-proto/0.4.0/ratis-proto-0.4.0.jar:/home/user/.m2/repository/org/apache/ratis/ratis-common/0.4.0/ratis-common-0.4.0.jar:/home/user/.m2/repository/org/apache/ratis/ratis-client/0.4.0/ratis-client-0.4.0.jar:/home/user/.m2/repository/org/apache/ratis/ratis-metrics/0.4.0/ratis-metrics-0.4.0.jar:/home/user/.m2/repository/com/github/joshelser/dropwizard-metrics-hadoop-metrics2-reporter/0.1.2/dropwizard-metrics-hadoop-metrics2-reporter-0.1.2.jar:/home/user/.m2/repository/io/dropwizard/metrics/metrics-jvm/3.2.5/metrics-jvm-3.2.5.jar:/home/user/.m2/repository/io/dropwizard/metrics/metrics-ganglia/3.2.5/metrics-ganglia-3.2.5.jar:/home/user/.m2/repository/info/ganglia/gmetric4j/gmetric4j/1.0.7/gmetric4j-1.0.7.jar:/home/user/.m2/repository/org/apache/ratis/ratis-netty/0.4.0/ratis-netty-0.4.0.jar:/home/user/.m2/repository/org/apache/ratis/ratis-grpc/0.4.0/ratis-grpc-0.4.0.jar:/home/user/.m2/repository/org/rocksdb/rocksdbjni/6.0.1/rocksdbjni-6.0.1.jar:/home/user/.m2/repository/org/apache/logging/log4j/log4j-api/2.11.0/log4j-api-2.11.0.jar:/home/user/.m2/repository/org/apache/logging/log4j/log4j-core/2.11.0/log4j-core-2.11.0.jar:/home/user/.m2/repository/com/lmax/disruptor/3.4.2/disruptor-3.4.2.jar:/home/user/.m2/repository/org/apache/commons/commons-pool2/2.6.0/commons-pool2-2.6.0.jar:/home/user/.m2/repository/org/bouncycastle/bcpkix-jdk15on/1.60/bcpkix-jdk15on-1.60.jar:/home/user/.m2/repository/commons-validator/commons-validator/1.6/commons-validator-1.6.jar:/home/user/.m2/repository/commons-digester/commons-digester/1.8.1/commons-digester-1.8.1.jar:/home/user/.m2/repository/io/jaegertracing/jaeger-client/0.34.0/jaeger-client-0.34.0.jar:/home/user/.m2/repository/io/jaegertracing/jaeger-thrift/0.34.0/jaeger-thrift-0.34.0.jar:/home/user/.m2/repository/org/apache/thrift/libthrift/0.12.0/libthrift-0.12.0.jar:/home/user/.m2/repository/com/squareup/okhttp3/okhttp/3.9.0/okhttp-3.9.0.jar:/home/user/.m2/repository/com/squareup/okio/okio/1.13.0/okio-1.13.0.jar:/home/user/.m2/repository/io/jaegertracing/jaeger-core/0.34.0/jaeger-core-0.34.0.jar:/home/user/.m2/repository/io/jaegertracing/jaeger-tracerresolver/0.34.0/jaeger-tracerresolver-0.34.0.jar:/home/user/.m2/repository/io/opentracing/contrib/opentracing-tracerresolver/0.1.5/opentracing-tracerresolver-0.1.5.jar:/home/user/.m2/repository/io/opentracing/opentracing-util/0.31.0/opentracing-util-0.31.0.jar:/home/user/.m2/repository/io/opentracing/opentracing-api/0.31.0/opentracing-api-0.31.0.jar:/home/user/.m2/repository/io/opentracing/opentracing-noop/0.31.0/opentracing-noop-0.31.0.jar:/home/user/.m2/repository/org/yaml/snakeyaml/1.16/snakeyaml-1.16.jar:/home/user/.m2/repository/org/apache/hadoop/hadoop-hdds-container-service/0.5.0-SNAPSHOT/hadoop-hdds-container-service-0.5.0-SNAPSHOT.jar:/home/user/.m2/repository/org/apache/hadoop/hadoop-hdds-client/0.5.0-SNAPSHOT/hadoop-hdds-client-0.5.0-SNAPSHOT.jar:/home/user/.m2/repository/org/apache/hadoop/hadoop-hdds-tools/0.5.0-SNAPSHOT/hadoop-hdds-tools-0.5.0-SNAPSHOT.jar:/home/user/.m2/repository/org/xerial/sqlite-jdbc/3.25.2/sqlite-jdbc-3.25.2.jar:/home/user/.m2/repository/org/apache/hadoop/hadoop-hdds-server-scm/0.5.0-SNAPSHOT/hadoop-hdds-server-scm-0.5.0-SNAPSHOT.jar:/home/user/.m2/repository/org/hamcrest/hamcrest-all/1.3/hamcrest-all-1.3.jar:/home/user/.m2/repository/info/picocli/picocli/3.9.6/picocli-3.9.6.jar:/home/user/.m2/repository/com/google/protobuf/protobuf-java/2.5.0/protobuf-java-2.5.0.jar:/home/user/.m2/repository/com/google/guava/guava/11.0.2/guava-11.0.2.jar:/home/user/.m2/repository/org/apache/hadoop/hadoop-ozone-client/0.5.0-SNAPSHOT/hadoop-ozone-client-0.5.0-SNAPSHOT.jar:/workdir/hadoop-ozone/ozonefs/target/classes:/home/user/.m2/repository/org/apache/hadoop/hadoop-hdds-server-framework/0.5.0-SNAPSHOT/hadoop-hdds-server-framework-0.5.0-SNAPSHOT.jar:/home/user/.m2/repository/org/apache/hadoop/hadoop-common/3.2.0/hadoop-common-3.2.0.jar:/home/user/.m2/repository/org/apache/hadoop/hadoop-annotations/3.2.0/hadoop-annotations-3.2.0.jar:/usr/lib/jvm/java-1.8-openjdk/jre/../lib/tools.jar:/home/user/.m2/repository/commons-cli/commons-cli/1.2/commons-cli-1.2.jar:/home/user/.m2/repository/org/apache/commons/commons-math3/3.1.1/commons-math3-3.1.1.jar:/home/user/.m2/repository/org/apache/httpcomponents/httpclient/4.5.2/httpclient-4.5.2.jar:/home/user/.m2/repository/org/apache/httpcomponents/httpcore/4.4.4/httpcore-4.4.4.jar:/home/user/.m2/repository/commons-codec/commons-codec/1.11/commons-codec-1.11.jar:/home/user/.m2/repository/commons-io/commons-io/2.5/commons-io-2.5.jar:/home/user/.m2/repository/commons-net/commons-net/3.6/commons-net-3.6.jar:/home/user/.m2/repository/commons-collections/commons-collections/3.2.2/commons-collections-3.2.2.jar:/home/user/.m2/repository/javax/servlet/javax.servlet-api/3.1.0/javax.servlet-api-3.1.0.jar:/home/user/.m2/repository/org/eclipse/jetty/jetty-server/9.3.25.v20180904/jetty-server-9.3.25.v20180904.jar:/home/user/.m2/repository/org/eclipse/jetty/jetty-http/9.3.25.v20180904/jetty-http-9.3.25.v20180904.jar:/home/user/.m2/repository/org/eclipse/jetty/jetty-io/9.3.25.v20180904/jetty-io-9.3.25.v20180904.jar:/home/user/.m2/repository/org/eclipse/jetty/jetty-util/9.3.25.v20180904/jetty-util-9.3.25.v20180904.jar:/home/user/.m2/repository/org/eclipse/jetty/jetty-servlet/9.3.25.v20180904/jetty-servlet-9.3.25.v20180904.jar:/home/user/.m2/repository/org/eclipse/jetty/jetty-security/9.3.25.v20180904/jetty-security-9.3.25.v20180904.jar:/home/user/.m2/repository/org/eclipse/jetty/jetty-webapp/9.3.25.v20180904/jetty-webapp-9.3.25.v20180904.jar:/home/user/.m2/repository/org/eclipse/jetty/jetty-xml/9.3.25.v20180904/jetty-xml-9.3.25.v20180904.jar:/home/user/.m2/repository/javax/servlet/jsp/jsp-api/2.1/jsp-api-2.1.jar:/home/user/.m2/repository/com/sun/jersey/jersey-core/1.19/jersey-core-1.19.jar:/home/user/.m2/repository/javax/ws/rs/jsr311-api/1.1.1/jsr311-api-1.1.1.jar:/home/user/.m2/repository/com/sun/jersey/jersey-servlet/1.19/jersey-servlet-1.19.jar:/home/user/.m2/repository/com/sun/jersey/jersey-json/1.19/jersey-json-1.19.jar:/home/user/.m2/repository/org/codehaus/jettison/jettison/1.1/jettison-1.1.jar:/home/user/.m2/repository/com/sun/xml/bind/jaxb-impl/2.3.0.1/jaxb-impl-2.3.0.1.jar:/home/user/.m2/repository/org/codehaus/jackson/jackson-core-asl/1.9.13/jackson-core-asl-1.9.13.jar:/home/user/.m2/repository/org/codehaus/jackson/jackson-mapper-asl/1.9.13/jackson-mapper-asl-1.9.13.jar:/home/user/.m2/repository/org/codehaus/jackson/jackson-jaxrs/1.9.13/jackson-jaxrs-1.9.13.jar:/home/user/.m2/repository/org/codehaus/jackson/jackson-xc/1.9.13/jackson-xc-1.9.13.jar:/home/user/.m2/repository/com/sun/jersey/jersey-server/1.19/jersey-server-1.19.jar:/home/user/.m2/repository/commons-logging/commons-logging/1.1.3/commons-logging-1.1.3.jar:/home/user/.m2/repository/log4j/log4j/1.2.17/log4j-1.2.17.jar:/home/user/.m2/repository/commons-beanutils/commons-beanutils/1.9.4/commons-beanutils-1.9.4.jar:/home/user/.m2/repository/org/apache/commons/commons-configuration2/2.1.1/commons-configuration2-2.1.1.jar:/home/user/.m2/repository/org/apache/commons/commons-lang3/3.7/commons-lang3-3.7.jar:/home/user/.m2/repository/org/apache/commons/commons-text/1.4/commons-text-1.4.jar:/home/user/.m2/repository/org/slf4j/slf4j-api/1.7.25/slf4j-api-1.7.25.jar:/home/user/.m2/repository/org/slf4j/slf4j-log4j12/1.7.25/slf4j-log4j12-1.7.25.jar:/home/user/.m2/repository/org/apache/avro/avro/1.7.7/avro-1.7.7.jar:/home/user/.m2/repository/com/thoughtworks/paranamer/paranamer/2.3/paranamer-2.3.jar:/home/user/.m2/repository/org/xerial/snappy/snappy-java/1.0.5/snappy-java-1.0.5.jar:/home/user/.m2/repository/com/google/re2j/re2j/1.1/re2j-1.1.jar:/home/user/.m2/repository/com/google/code/gson/gson/2.2.4/gson-2.2.4.jar:/home/user/.m2/repository/org/apache/hadoop/hadoop-auth/3.2.0/hadoop-auth-3.2.0.jar:/home/user/.m2/repository/com/nimbusds/nimbus-jose-jwt/4.41.1/nimbus-jose-jwt-4.41.1.jar:/home/user/.m2/repository/com/github/stephenc/jcip/jcip-annotations/1.0-1/jcip-annotations-1.0-1.jar:/home/user/.m2/repository/net/minidev/json-smart/2.3/json-smart-2.3.jar:/home/user/.m2/repository/net/minidev/accessors-smart/1.2/accessors-smart-1.2.jar:/home/user/.m2/repository/org/apache/curator/curator-framework/2.12.0/curator-framework-2.12.0.jar:/home/user/.m2/repository/com/jcraft/jsch/0.1.54/jsch-0.1.54.jar:/home/user/.m2/repository/org/apache/curator/curator-client/2.12.0/curator-client-2.12.0.jar:/home/user/.m2/repository/org/apache/curator/curator-recipes/2.12.0/curator-recipes-2.12.0.jar:/home/user/.m2/repository/com/google/code/findbugs/jsr305/3.0.0/jsr305-3.0.0.jar:/home/user/.m2/repository/org/apache/htrace/htrace-core4/4.1.0-incubating/htrace-core4-4.1.0-incubating.jar:/home/user/.m2/repository/org/apache/zookeeper/zookeeper/3.4.13/zookeeper-3.4.13.jar:/home/user/.m2/repository/jline/jline/0.9.94/jline-0.9.94.jar:/home/user/.m2/repository/org/apache/yetus/audience-annotations/0.5.0/audience-annotations-0.5.0.jar:/home/user/.m2/repository/org/apache/kerby/kerb-simplekdc/1.0.1/kerb-simplekdc-1.0.1.jar:/home/user/.m2/repository/org/apache/kerby/kerb-client/1.0.1/kerb-client-1.0.1.jar:/home/user/.m2/repository/org/apache/kerby/kerby-config/1.0.1/kerby-config-1.0.1.jar:/home/user/.m2/repository/org/apache/kerby/kerb-core/1.0.1/kerb-core-1.0.1.jar:/home/user/.m2/repository/org/apache/kerby/kerby-pkix/1.0.1/kerby-pkix-1.0.1.jar:/home/user/.m2/repository/org/apache/kerby/kerby-asn1/1.0.1/kerby-asn1-1.0.1.jar:/home/user/.m2/repository/org/apache/kerby/kerby-util/1.0.1/kerby-util-1.0.1.jar:/home/user/.m2/repository/org/apache/kerby/kerb-common/1.0.1/kerb-common-1.0.1.jar:/home/user/.m2/repository/org/apache/kerby/kerb-crypto/1.0.1/kerb-crypto-1.0.1.jar:/home/user/.m2/repository/org/apache/kerby/kerb-util/1.0.1/kerb-util-1.0.1.jar:/home/user/.m2/repository/org/apache/kerby/token-provider/1.0.1/token-provider-1.0.1.jar:/home/user/.m2/repository/org/apache/kerby/kerb-admin/1.0.1/kerb-admin-1.0.1.jar:/home/user/.m2/repository/org/apache/kerby/kerb-server/1.0.1/kerb-server-1.0.1.jar:/home/user/.m2/repository/org/apache/kerby/kerb-identity/1.0.1/kerb-identity-1.0.1.jar:/home/user/.m2/repository/org/apache/kerby/kerby-xdr/1.0.1/kerby-xdr-1.0.1.jar:/home/user/.m2/repository/com/fasterxml/jackson/core/jackson-databind/2.9.9/jackson-databind-2.9.9.jar:/home/user/.m2/repository/com/fasterxml/jackson/core/jackson-core/2.9.9/jackson-core-2.9.9.jar:/home/user/.m2/repository/org/codehaus/woodstox/stax2-api/3.1.4/stax2-api-3.1.4.jar:/home/user/.m2/repository/com/fasterxml/woodstox/woodstox-core/5.0.3/woodstox-core-5.0.3.jar:/home/user/.m2/repository/dnsjava/dnsjava/2.1.7/dnsjava-2.1.7.jar:/home/user/.m2/repository/org/apache/hadoop/hadoop-hdfs/3.2.0/hadoop-hdfs-3.2.0.jar:/home/user/.m2/repository/org/eclipse/jetty/jetty-util-ajax/9.3.25.v20180904/jetty-util-ajax-9.3.25.v20180904.jar:/home/user/.m2/repository/commons-daemon/commons-daemon/1.0.13/commons-daemon-1.0.13.jar:/home/user/.m2/repository/io/netty/netty/3.10.5.Final/netty-3.10.5.Final.jar:/home/user/.m2/repository/io/netty/netty-all/4.0.52.Final/netty-all-4.0.52.Final.jar:/home/user/.m2/repository/org/fusesource/leveldbjni/leveldbjni-all/1.8/leveldbjni-all-1.8.jar:/home/user/.m2/repository/com/sun/xml/bind/jaxb-core/2.3.0.1/jaxb-core-2.3.0.1.jar:/home/user/.m2/repository/javax/xml/bind/jaxb-api/2.3.0/jaxb-api-2.3.0.jar:/home/user/.m2/repository/javax/activation/activation/1.1.1/activation-1.1.1.jar:/home/user/.m2/repository/io/dropwizard/metrics/metrics-core/3.2.4/metrics-core-3.2.4.jar:/home/user/.m2/repository/org/openjdk/jmh/jmh-core/1.19/jmh-core-1.19.jar:/home/user/.m2/repository/net/sf/jopt-simple/jopt-simple/4.6/jopt-simple-4.6.jar:/home/user/.m2/repository/org/openjdk/jmh/jmh-generator-annprocess/1.19/jmh-generator-annprocess-1.19.jar:/home/user/.m2/repository/com/amazonaws/aws-java-sdk-s3/1.11.615/aws-java-sdk-s3-1.11.615.jar:/home/user/.m2/repository/com/amazonaws/aws-java-sdk-kms/1.11.615/aws-java-sdk-kms-1.11.615.jar:/home/user/.m2/repository/com/amazonaws/aws-java-sdk-core/1.11.615/aws-java-sdk-core-1.11.615.jar:/home/user/.m2/repository/software/amazon/ion/ion-java/1.0.2/ion-java-1.0.2.jar:/home/user/.m2/repository/com/fasterxml/jackson/dataformat/jackson-dataformat-cbor/2.9.9/jackson-dataformat-cbor-2.9.9.jar:/home/user/.m2/repository/joda-time/joda-time/2.9.9/joda-time-2.9.9.jar:/home/user/.m2/repository/com/amazonaws/jmespath-java/1.11.615/jmespath-java-1.11.615.jar:/home/user/.m2/repository/com/google/code/findbugs/findbugs/3.0.1/findbugs-3.0.1.jar:/home/user/.m2/repository/net/jcip/jcip-annotations/1.0/jcip-annotations-1.0.jar:/home/user/.m2/repository/com/google/code/findbugs/bcel-findbugs/6.0/bcel-findbugs-6.0.jar:/home/user/.m2/repository/com/google/code/findbugs/jFormatString/2.0.1/jFormatString-2.0.1.jar:/home/user/.m2/repository/dom4j/dom4j/1.6.1/dom4j-1.6.1.jar:/home/user/.m2/repository/xml-apis/xml-apis/1.0.b2/xml-apis-1.0.b2.jar:/home/user/.m2/repository/org/ow2/asm/asm-debug-all/5.0.2/asm-debug-all-5.0.2.jar:/home/user/.m2/repository/org/ow2/asm/asm-commons/5.0.2/asm-commons-5.0.2.jar:/home/user/.m2/repository/org/ow2/asm/asm-tree/5.0.2/asm-tree-5.0.2.jar:/home/user/.m2/repository/org/ow2/asm/asm/5.0.4/asm-5.0.4.jar:/home/user/.m2/repository/commons-lang/commons-lang/2.6/commons-lang-2.6.jar:/home/user/.m2/repository/com/apple/AppleJavaExtensions/1.4/AppleJavaExtensions-1.4.jar:/home/user/.m2/repository/jaxen/jaxen/1.1.6/jaxen-1.1.6.jar:/home/user/.m2/repository/junit/junit/4.11/junit-4.11.jar:/home/user/.m2/repository/org/hamcrest/hamcrest-core/1.3/hamcrest-core-1.3.jar:/home/user/.m2/repository/org/apache/hadoop/hadoop-common/3.2.0/hadoop-common-3.2.0-tests.jar:/workdir/hadoop-ozone/integration-test/target/test-classes:/home/user/.m2/repository/org/apache/hadoop/hadoop-ozone-s3gateway/0.5.0-SNAPSHOT/hadoop-ozone-s3gateway-0.5.0-SNAPSHOT.jar:/home/user/.m2/repository/org/jboss/weld/servlet/weld-servlet/2.4.7.Final/weld-servlet-2.4.7.Final.jar:/home/user/.m2/repository/org/glassfish/jersey/containers/jersey-container-servlet-core/2.27/jersey-container-servlet-core-2.27.jar:/home/user/.m2/repository/org/glassfish/hk2/external/javax.inject/2.5.0-b42/javax.inject-2.5.0-b42.jar:/home/user/.m2/repository/org/glassfish/jersey/core/jersey-common/2.27/jersey-common-2.27.jar:/home/user/.m2/repository/org/glassfish/hk2/osgi-resource-locator/1.0.1/osgi-resource-locator-1.0.1.jar:/home/user/.m2/repository/javax/ws/rs/javax.ws.rs-api/2.1/javax.ws.rs-api-2.1.jar:/home/user/.m2/repository/org/glassfish/jersey/ext/cdi/jersey-cdi1x/2.27/jersey-cdi1x-2.27.jar:/home/user/.m2/repository/org/glassfish/jersey/inject/jersey-hk2/2.27/jersey-hk2-2.27.jar:/home/user/.m2/repository/org/glassfish/hk2/hk2-locator/2.5.0-b42/hk2-locator-2.5.0-b42.jar:/home/user/.m2/repository/org/javassist/javassist/3.22.0-CR2/javassist-3.22.0-CR2.jar:/home/user/.m2/repository/org/glassfish/hk2/hk2-api/2.5.0/hk2-api-2.5.0.jar:/home/user/.m2/repository/org/glassfish/hk2/external/jakarta.inject/2.5.0/jakarta.inject-2.5.0.jar:/home/user/.m2/repository/org/glassfish/hk2/hk2-utils/2.5.0/hk2-utils-2.5.0.jar:/home/user/.m2/repository/jakarta/annotation/jakarta.annotation-api/1.3.4/jakarta.annotation-api-1.3.4.jar:/home/user/.m2/repository/org/glassfish/hk2/external/aopalliance-repackaged/2.5.0/aopalliance-repackaged-2.5.0.jar:/home/user/.m2/repository/com/fasterxml/jackson/dataformat/jackson-dataformat-xml/2.9.0/jackson-dataformat-xml-2.9.0.jar:/home/user/.m2/repository/com/fasterxml/jackson/module/jackson-module-jaxb-annotations/2.9.9/jackson-module-jaxb-annotations-2.9.9.jar:/home/user/.m2/repository/javax/enterprise/cdi-api/1.2/cdi-api-1.2.jar:/home/user/.m2/repository/javax/el/javax.el-api/3.0.0/javax.el-api-3.0.0.jar:/home/user/.m2/repository/javax/interceptor/javax.interceptor-api/1.2/javax.interceptor-api-1.2.jar:/home/user/.m2/repository/javax/inject/javax.inject/1/javax.inject-1.jar:/home/user/.m2/repository/org/apache/hadoop/hadoop-ozone-csi/0.5.0-SNAPSHOT/hadoop-ozone-csi-0.5.0-SNAPSHOT.jar:/home/user/.m2/repository/com/google/protobuf/protobuf-java-util/3.5.1/protobuf-java-util-3.5.1.jar:/home/user/.m2/repository/io/grpc/grpc-netty/1.17.1/grpc-netty-1.17.1.jar:/home/user/.m2/repository/io/grpc/grpc-core/1.17.1/grpc-core-1.17.1.jar:/home/user/.m2/repository/io/grpc/grpc-context/1.17.1/grpc-context-1.17.1.jar:/home/user/.m2/repository/com/google/errorprone/error_prone_annotations/2.2.0/error_prone_annotations-2.2.0.jar:/home/user/.m2/repository/org/codehaus/mojo/animal-sniffer-annotations/1.17/animal-sniffer-annotations-1.17.jar:/home/user/.m2/repository/io/opencensus/opencensus-api/0.17.0/opencensus-api-0.17.0.jar:/home/user/.m2/repository/io/opencensus/opencensus-contrib-grpc-metrics/0.17.0/opencensus-contrib-grpc-metrics-0.17.0.jar:/home/user/.m2/repository/io/netty/netty-codec-http2/4.1.30.Final/netty-codec-http2-4.1.30.Final.jar:/home/user/.m2/repository/io/netty/netty-codec-http/4.1.30.Final/netty-codec-http-4.1.30.Final.jar:/home/user/.m2/repository/io/netty/netty-codec/4.1.30.Final/netty-codec-4.1.30.Final.jar:/home/user/.m2/repository/io/netty/netty-handler/4.1.30.Final/netty-handler-4.1.30.Final.jar:/home/user/.m2/repository/io/netty/netty-handler-proxy/4.1.30.Final/netty-handler-proxy-4.1.30.Final.jar:/home/user/.m2/repository/io/netty/netty-codec-socks/4.1.30.Final/netty-codec-socks-4.1.30.Final.jar:/home/user/.m2/repository/io/netty/netty-transport-native-epoll/4.1.30.Final/netty-transport-native-epoll-4.1.30.Final.jar:/home/user/.m2/repository/io/netty/netty-common/4.1.30.Final/netty-common-4.1.30.Final.jar:/home/user/.m2/repository/io/netty/netty-buffer/4.1.30.Final/netty-buffer-4.1.30.Final.jar:/home/user/.m2/repository/io/netty/netty-transport/4.1.30.Final/netty-transport-4.1.30.Final.jar:/home/user/.m2/repository/io/netty/netty-resolver/4.1.30.Final/netty-resolver-4.1.30.Final.jar:/home/user/.m2/repository/io/netty/netty-transport-native-unix-common/4.1.30.Final/netty-transport-native-unix-common-4.1.30.Final.jar:/home/user/.m2/repository/io/grpc/grpc-protobuf/1.17.1/grpc-protobuf-1.17.1.jar:/home/user/.m2/repository/com/google/api/grpc/proto-google-common-protos/1.0.0/proto-google-common-protos-1.0.0.jar:/home/user/.m2/repository/io/grpc/grpc-protobuf-lite/1.17.1/grpc-protobuf-lite-1.17.1.jar:/home/user/.m2/repository/io/grpc/grpc-stub/1.17.1/grpc-stub-1.17.1.jar:/home/user/.m2/repository/org/apache/hadoop/hadoop-ozone-recon/0.5.0-SNAPSHOT/hadoop-ozone-recon-0.5.0-SNAPSHOT.jar:/home/user/.m2/repository/org/apache/hadoop/hadoop-ozone-reconcodegen/0.5.0-SNAPSHOT/hadoop-ozone-reconcodegen-0.5.0-SNAPSHOT.jar:/home/user/.m2/repository/com/google/inject/extensions/guice-multibindings/4.0/guice-multibindings-4.0.jar:/home/user/.m2/repository/com/google/inject/guice/4.0/guice-4.0.jar:/home/user/.m2/repository/aopalliance/aopalliance/1.0/aopalliance-1.0.jar:/home/user/.m2/repository/com/google/inject/extensions/guice-servlet/4.0/guice-servlet-4.0.jar:/home/user/.m2/repository/org/glassfish/jersey/containers/jersey-container-servlet/2.27/jersey-container-servlet-2.27.jar:/home/user/.m2/repository/org/glassfish/hk2/guice-bridge/2.5.0/guice-bridge-2.5.0.jar:/home/user/.m2/repository/org/glassfish/jersey/core/jersey-server/2.27/jersey-server-2.27.jar:/home/user/.m2/repository/org/glassfish/jersey/core/jersey-client/2.27/jersey-client-2.27.jar:/home/user/.m2/repository/org/glassfish/jersey/media/jersey-media-jaxb/2.27/jersey-media-jaxb-2.27.jar:/home/user/.m2/repository/javax/validation/validation-api/1.1.0.Final/validation-api-1.1.0.Final.jar:/home/user/.m2/repository/org/glassfish/jersey/media/jersey-media-json-jackson/2.27/jersey-media-json-jackson-2.27.jar:/home/user/.m2/repository/org/glassfish/jersey/ext/jersey-entity-filtering/2.27/jersey-entity-filtering-2.27.jar:/home/user/.m2/repository/com/google/inject/extensions/guice-assistedinject/4.0/guice-assistedinject-4.0.jar:/home/user/.m2/repository/org/jooq/jooq/3.11.10/jooq-3.11.10.jar:/home/user/.m2/repository/org/jooq/jooq-meta/3.11.10/jooq-meta-3.11.10.jar:/home/user/.m2/repository/org/jooq/jooq-codegen/3.11.10/jooq-codegen-3.11.10.jar:/home/user/.m2/repository/com/jolbox/bonecp/0.8.0.RELEASE/bonecp-0.8.0.RELEASE.jar:/home/user/.m2/repository/org/springframework/spring-jdbc/5.1.3.RELEASE/spring-jdbc-5.1.3.RELEASE.jar:/home/user/.m2/repository/org/springframework/spring-beans/5.1.3.RELEASE/spring-beans-5.1.3.RELEASE.jar:/home/user/.m2/repository/org/springframework/spring-core/5.1.3.RELEASE/spring-core-5.1.3.RELEASE.jar:/home/user/.m2/repository/org/springframework/spring-jcl/5.1.3.RELEASE/spring-jcl-5.1.3.RELEASE.jar:/home/user/.m2/repository/org/springframework/spring-tx/5.1.3.RELEASE/spring-tx-5.1.3.RELEASE.jar:/home/user/.m2/repository/org/mockito/mockito-core/2.15.0/mockito-core-2.15.0.jar:/home/user/.m2/repository/net/bytebuddy/byte-buddy/1.7.9/byte-buddy-1.7.9.jar:/home/user/.m2/repository/net/bytebuddy/byte-buddy-agent/1.7.9/byte-buddy-agent-1.7.9.jar:/home/user/.m2/repository/org/objenesis/objenesis/1.0/objenesis-1.0.jar:"/>
    <property name="sun.cpu.endian" value="little"/>
    <property name="user.home" value="/home/user"/>
    <property name="user.language" value="en"/>
    <property name="java.specification.vendor" value="Oracle Corporation"/>
    <property name="java.home" value="/usr/lib/jvm/java-1.8-openjdk/jre"/>
    <property name="java.security.krb5.conf" value="/workdir/hadoop-ozone/tools/target/test-classes/krb5.conf"/>
    <property name="basedir" value="/workdir/hadoop-ozone/tools"/>
    <property name="file.separator" value="/"/>
    <property name="line.separator" value="&#10;"/>
    <property name="java.vm.specification.vendor" value="Oracle Corporation"/>
    <property name="java.specification.name" value="Java Platform API Specification"/>
    <property name="java.awt.graphicsenv" value="sun.awt.X11GraphicsEnvironment"/>
    <property name="surefire.real.class.path" value="/workdir/hadoop-ozone/tools/target/surefire/surefirebooter676303120592105801.jar"/>
    <property name="hadoop.log.dir" value="/workdir/hadoop-ozone/tools/target/log"/>
    <property name="sun.boot.class.path" value="/usr/lib/jvm/java-1.8-openjdk/jre/lib/resources.jar:/usr/lib/jvm/java-1.8-openjdk/jre/lib/rt.jar:/usr/lib/jvm/java-1.8-openjdk/jre/lib/sunrsasign.jar:/usr/lib/jvm/java-1.8-openjdk/jre/lib/jsse.jar:/usr/lib/jvm/java-1.8-openjdk/jre/lib/jce.jar:/usr/lib/jvm/java-1.8-openjdk/jre/lib/charsets.jar:/usr/lib/jvm/java-1.8-openjdk/jre/lib/jfr.jar:/usr/lib/jvm/java-1.8-openjdk/jre/classes"/>
    <property name="sun.management.compiler" value="HotSpot 64-Bit Tiered Compilers"/>
    <property name="java.runtime.version" value="1.8.0_212-b04"/>
    <property name="java.net.preferIPv4Stack" value="true"/>
    <property name="user.name" value="jenkins1000"/>
    <property name="path.separator" value=":"/>
    <property name="java.security.egd" value="file:///dev/urandom"/>
    <property name="os.version" value="3.10.0-957.12.2.el7.x86_64"/>
    <property name="java.endorsed.dirs" value="/usr/lib/jvm/java-1.8-openjdk/jre/lib/endorsed"/>
    <property name="java.runtime.name" value="OpenJDK Runtime Environment"/>
    <property name="file.encoding" value="UTF-8"/>
    <property name="java.vm.name" value="OpenJDK 64-Bit Server VM"/>
    <property name="test.build.webapps" value=""/>
    <property name="localRepository" value="/home/user/.m2/repository"/>
    <property name="java.vendor.url.bug" value="https://icedtea.classpath.org/bugzilla"/>
    <property name="java.io.tmpdir" value="/tmp"/>
    <property name="require.test.libhadoop" value=""/>
    <property name="java.version" value="1.8.0_212"/>
    <property name="user.dir" value="/workdir/hadoop-ozone/tools"/>
    <property name="os.arch" value="amd64"/>
    <property name="java.vm.specification.name" value="Java Virtual Machine Specification"/>
    <property name="test.build.classes" value="/workdir/hadoop-ozone/tools/target/test-classes"/>
    <property name="java.awt.printerjob" value="sun.print.PSPrinterJob"/>
    <property name="sun.os.patch.level" value="unknown"/>
    <property name="hadoop.tmp.dir" value="/workdir/hadoop-ozone/tools/target/tmp"/>
    <property name="java.library.path" value="/usr/lib/jvm/java-1.8-openjdk/jre/lib/amd64/server:/usr/lib/jvm/java-1.8-openjdk/jre/lib/amd64:/usr/lib/jvm/java-1.8-openjdk/jre/../lib/amd64:/workdir/hadoop-ozone/tools/target/native/target/usr/local/lib:/workdir/hadoop-ozone/tools/../../hadoop-common-project/hadoop-common/target/native/target/usr/local/lib:/usr/java/packages/lib/amd64:/usr/lib64:/lib64:/lib:/usr/lib"/>
    <property name="java.vm.info" value="mixed mode"/>
    <property name="java.vendor" value="IcedTea"/>
    <property name="java.vm.version" value="25.212-b04"/>
    <property name="java.ext.dirs" value="/usr/lib/jvm/java-1.8-openjdk/jre/lib/ext:/usr/java/packages/lib/ext"/>
    <property name="sun.io.unicode.encoding" value="UnicodeLittle"/>
    <property name="java.class.version" value="52.0"/>
  </properties>
  <testcase name="testRestart" classname="org.apache.hadoop.ozone.freon.TestFreonWithPipelineDestroy" time="10.619">
    <error message="Allocated 0 blocks. Requested 5 blocks" type="INTERNAL_ERROR org.apache.hadoop.ozone.om.exceptions.OMException">INTERNAL_ERROR org.apache.hadoop.ozone.om.exceptions.OMException: Allocated 0 blocks. Requested 5 blocks
	at org.apache.hadoop.ozone.om.protocolPB.OzoneManagerProtocolClientSideTranslatorPB.handleError(OzoneManagerProtocolClientSideTranslatorPB.java:732)
	at org.apache.hadoop.ozone.om.protocolPB.OzoneManagerProtocolClientSideTranslatorPB.openKey(OzoneManagerProtocolClientSideTranslatorPB.java:723)
	at sun.reflect.NativeMethodAccessorImpl.invoke0(Native Method)
	at sun.reflect.NativeMethodAccessorImpl.invoke(NativeMethodAccessorImpl.java:62)
	at sun.reflect.DelegatingMethodAccessorImpl.invoke(DelegatingMethodAccessorImpl.java:43)
	at java.lang.reflect.Method.invoke(Method.java:498)
	at org.apache.hadoop.hdds.tracing.TraceAllMethod.invoke(TraceAllMethod.java:66)
	at com.sun.proxy.$Proxy37.openKey(Unknown Source)
	at org.apache.hadoop.ozone.client.rpc.RpcClient.createKey(RpcClient.java:614)
	at org.apache.hadoop.ozone.client.OzoneBucket.createKey(OzoneBucket.java:325)
	at org.apache.hadoop.ozone.freon.RandomKeyGenerator.createKey(RandomKeyGenerator.java:695)
	at org.apache.hadoop.ozone.freon.RandomKeyGenerator.access$1100(RandomKeyGenerator.java:88)
	at org.apache.hadoop.ozone.freon.RandomKeyGenerator$ObjectCreator.run(RandomKeyGenerator.java:615)
	at java.util.concurrent.Executors$RunnableAdapter.call(Executors.java:511)
	at java.util.concurrent.FutureTask.run(FutureTask.java:266)
	at java.util.concurrent.ThreadPoolExecutor.runWorker(ThreadPoolExecutor.java:1149)
	at java.util.concurrent.ThreadPoolExecutor$Worker.run(ThreadPoolExecutor.java:624)
	at java.lang.Thread.run(Thread.java:748)
</error>
    <system-out><![CDATA[2019-09-26 13:33:55,131 [main] WARN  server.ServerUtils (ServerUtils.java:getScmDbDir(145)) - ozone.scm.db.dirs is not configured. We recommend adding this setting. Falling back to ozone.metadata.dirs instead.
2019-09-26 13:33:55,228 [main] WARN  server.ServerUtils (ServerUtils.java:getScmDbDir(145)) - ozone.scm.db.dirs is not configured. We recommend adding this setting. Falling back to ozone.metadata.dirs instead.
2019-09-26 13:33:55,231 [main] WARN  server.ServerUtils (ServerUtils.java:getScmDbDir(145)) - ozone.scm.db.dirs is not configured. We recommend adding this setting. Falling back to ozone.metadata.dirs instead.
2019-09-26 13:33:55,250 [main] INFO  util.log (Log.java:initialized(192)) - Logging initialized @887ms
2019-09-26 13:33:55,361 [main] INFO  db.DBStoreBuilder (DBStoreBuilder.java:addTable(110)) - using custom profile for table: deletedBlocks
2019-09-26 13:33:55,362 [main] INFO  db.DBStoreBuilder (DBStoreBuilder.java:processTables(161)) - Using default column profile:DBProfile.DISK for Table:deletedBlocks
2019-09-26 13:33:55,362 [main] INFO  db.DBStoreBuilder (DBStoreBuilder.java:addTable(110)) - using custom profile for table: validCerts
2019-09-26 13:33:55,362 [main] INFO  db.DBStoreBuilder (DBStoreBuilder.java:processTables(161)) - Using default column profile:DBProfile.DISK for Table:validCerts
2019-09-26 13:33:55,363 [main] INFO  db.DBStoreBuilder (DBStoreBuilder.java:addTable(110)) - using custom profile for table: revokedCerts
2019-09-26 13:33:55,363 [main] INFO  db.DBStoreBuilder (DBStoreBuilder.java:processTables(161)) - Using default column profile:DBProfile.DISK for Table:revokedCerts
2019-09-26 13:33:55,373 [main] INFO  db.DBStoreBuilder (DBStoreBuilder.java:addTable(110)) - using custom profile for table: default
2019-09-26 13:33:55,373 [main] INFO  db.DBStoreBuilder (DBStoreBuilder.java:processTables(167)) - Using default column profile:DBProfile.DISK for Table:default
2019-09-26 13:33:55,374 [main] INFO  db.DBStoreBuilder (DBStoreBuilder.java:getDbProfile(198)) - Using default options. DBProfile.DISK
2019-09-26 13:33:55,649 [main] INFO  net.NodeSchemaLoader (NodeSchemaLoader.java:loadSchemaFromFile(125)) - Loading file from sun.misc.CompoundEnumeration@65fb9ffc
2019-09-26 13:33:55,652 [main] INFO  net.NodeSchemaLoader (NodeSchemaLoader.java:loadSchema(171)) - Loading network topology layer schema file
2019-09-26 13:33:55,743 [main] INFO  node.SCMNodeManager (SCMNodeManager.java:<init>(114)) - Entering startup safe mode.
2019-09-26 13:33:55,820 [main] INFO  algorithms.ContainerPlacementPolicyFactory (ContainerPlacementPolicyFactory.java:getPolicy(59)) - Create container placement policy of type org.apache.hadoop.hdds.scm.container.placement.algorithms.SCMContainerPlacementRandom
2019-09-26 13:33:55,836 [main] WARN  server.ServerUtils (ServerUtils.java:getScmDbDir(145)) - ozone.scm.db.dirs is not configured. We recommend adding this setting. Falling back to ozone.metadata.dirs instead.
2019-09-26 13:33:55,901 [main] INFO  pipeline.SCMPipelineManager (SCMPipelineManager.java:initializePipelineState(132)) - No pipeline exists in current db
2019-09-26 13:33:55,905 [main] WARN  server.ServerUtils (ServerUtils.java:getScmDbDir(145)) - ozone.scm.db.dirs is not configured. We recommend adding this setting. Falling back to ozone.metadata.dirs instead.
2019-09-26 13:33:56,009 [main] WARN  events.EventQueue (EventQueue.java:fireEvent(183)) - No event handler registered for event TypedEvent{payloadType=SafeModeStatus, name='SafeModeStatus'}
2019-09-26 13:33:56,401 [main] INFO  ipc.CallQueueManager (CallQueueManager.java:<init>(84)) - Using callQueue: class java.util.concurrent.LinkedBlockingQueue, queueCapacity: 2000, scheduler: class org.apache.hadoop.ipc.DefaultRpcScheduler, ipcBackoff: false.
2019-09-26 13:33:56,431 [Socket Reader #1 for port 42479] INFO  ipc.Server (Server.java:run(1074)) - Starting Socket Reader #1 for port 42479
2019-09-26 13:33:56,597 [main] INFO  ipc.CallQueueManager (CallQueueManager.java:<init>(84)) - Using callQueue: class java.util.concurrent.LinkedBlockingQueue, queueCapacity: 2000, scheduler: class org.apache.hadoop.ipc.DefaultRpcScheduler, ipcBackoff: false.
2019-09-26 13:33:56,598 [Socket Reader #1 for port 43124] INFO  ipc.Server (Server.java:run(1074)) - Starting Socket Reader #1 for port 43124
2019-09-26 13:33:56,608 [main] INFO  ipc.CallQueueManager (CallQueueManager.java:<init>(84)) - Using callQueue: class java.util.concurrent.LinkedBlockingQueue, queueCapacity: 2000, scheduler: class org.apache.hadoop.ipc.DefaultRpcScheduler, ipcBackoff: false.
2019-09-26 13:33:56,609 [Socket Reader #1 for port 38509] INFO  ipc.Server (Server.java:run(1074)) - Starting Socket Reader #1 for port 38509
2019-09-26 13:33:56,638 [main] INFO  hdfs.DFSUtil (DFSUtil.java:httpServerTemplateForNNAndJN(1641)) - Starting Web-server for scm at: http://0.0.0.0:0
2019-09-26 13:33:56,819 [main] INFO  server.AuthenticationFilter (AuthenticationFilter.java:constructSecretProvider(240)) - Unable to initialize FileSignerSecretProvider, falling back to use random secrets.
2019-09-26 13:33:56,841 [main] WARN  http.HttpRequestLog (HttpRequestLog.java:getRequestLog(97)) - Jetty request log can only be enabled using Log4j
2019-09-26 13:33:56,858 [main] INFO  http.HttpServer2 (HttpServer2.java:addGlobalFilter(975)) - Added global filter 'safety' (class=org.apache.hadoop.http.HttpServer2$QuotingInputFilter)
2019-09-26 13:33:56,862 [main] INFO  http.HttpServer2 (HttpServer2.java:addFilter(948)) - Added filter static_user_filter (class=org.apache.hadoop.http.lib.StaticUserWebFilter$StaticUserFilter) to context scm
2019-09-26 13:33:56,863 [main] INFO  http.HttpServer2 (HttpServer2.java:addFilter(958)) - Added filter static_user_filter (class=org.apache.hadoop.http.lib.StaticUserWebFilter$StaticUserFilter) to context static
2019-09-26 13:33:56,863 [main] INFO  http.HttpServer2 (HttpServer2.java:addFilter(958)) - Added filter static_user_filter (class=org.apache.hadoop.http.lib.StaticUserWebFilter$StaticUserFilter) to context logs
2019-09-26 13:33:56,901 [main] INFO  server.StorageContainerManager (StorageContainerManager.java:start(770)) - StorageContainerLocationProtocol RPC server is listening at /0.0.0.0:38509
2019-09-26 13:33:56,964 [main] WARN  impl.MetricsConfig (MetricsConfig.java:loadFirst(134)) - Cannot locate configuration: tried hadoop-metrics2-storagecontainermanager.properties,hadoop-metrics2.properties
2019-09-26 13:33:56,979 [main] INFO  impl.MetricsSystemImpl (MetricsSystemImpl.java:startTimer(374)) - Scheduled Metric snapshot period at 10 second(s).
2019-09-26 13:33:56,979 [main] INFO  impl.MetricsSystemImpl (MetricsSystemImpl.java:start(191)) - StorageContainerManager metrics system started
2019-09-26 13:33:57,207 [main] INFO  server.SCMClientProtocolServer (SCMClientProtocolServer.java:start(151)) - RPC server for Client  is listening at /0.0.0.0:38509
2019-09-26 13:33:57,208 [IPC Server Responder] INFO  ipc.Server (Server.java:run(1314)) - IPC Server Responder: starting
2019-09-26 13:33:57,208 [IPC Server listener on 38509] INFO  ipc.Server (Server.java:run(1153)) - IPC Server listener on 38509: starting
2019-09-26 13:33:57,211 [main] INFO  server.StorageContainerManager (StorageContainerManager.java:start(780)) - ScmBlockLocationProtocol RPC server is listening at /0.0.0.0:43124
2019-09-26 13:33:57,212 [main] INFO  server.SCMBlockProtocolServer (SCMBlockProtocolServer.java:start(146)) - RPC server for Block Protocol is listening at /0.0.0.0:43124
2019-09-26 13:33:57,213 [IPC Server Responder] INFO  ipc.Server (Server.java:run(1314)) - IPC Server Responder: starting
2019-09-26 13:33:57,213 [IPC Server listener on 43124] INFO  ipc.Server (Server.java:run(1153)) - IPC Server listener on 43124: starting
2019-09-26 13:33:57,215 [main] INFO  server.StorageContainerManager (StorageContainerManager.java:start(784)) - ScmDatanodeProtocl RPC server is listening at /0.0.0.0:42479
2019-09-26 13:33:57,215 [main] INFO  server.SCMDatanodeProtocolServer (SCMDatanodeProtocolServer.java:start(191)) - RPC server for DataNodes is listening at /0.0.0.0:42479
2019-09-26 13:33:57,216 [IPC Server Responder] INFO  ipc.Server (Server.java:run(1314)) - IPC Server Responder: starting
2019-09-26 13:33:57,216 [IPC Server listener on 42479] INFO  ipc.Server (Server.java:run(1153)) - IPC Server listener on 42479: starting
2019-09-26 13:33:57,220 [main] INFO  http.HttpServer2 (HttpServer2.java:bindListener(1191)) - Jetty bound to port 43862
2019-09-26 13:33:57,221 [main] INFO  server.Server (Server.java:doStart(351)) - jetty-9.3.25.v20180904, build timestamp: 2018-09-04T21:11:46Z, git hash: 3ce520221d0240229c862b122d2b06c12a625732
2019-09-26 13:33:57,260 [main] INFO  handler.ContextHandler (ContextHandler.java:doStart(781)) - Started o.e.j.s.ServletContextHandler@4983159f{/logs,file:///workdir/hadoop-ozone/tools/target/log,AVAILABLE}
2019-09-26 13:33:57,260 [main] INFO  handler.ContextHandler (ContextHandler.java:doStart(781)) - Started o.e.j.s.ServletContextHandler@1d2bd371{/static,jar:file:/home/user/.m2/repository/org/apache/hadoop/hadoop-hdds-server-scm/0.5.0-SNAPSHOT/hadoop-hdds-server-scm-0.5.0-SNAPSHOT.jar!/webapps/static,AVAILABLE}
2019-09-26 13:33:57,335 [main] INFO  handler.ContextHandler (ContextHandler.java:doStart(781)) - Started o.e.j.w.WebAppContext@78461bc4{/,file:///tmp/jetty-0.0.0.0-43862-scm-_-any-881524362334896176.dir/webapp/,AVAILABLE}{/scm}
2019-09-26 13:33:57,340 [main] INFO  server.AbstractConnector (AbstractConnector.java:doStart(278)) - Started ServerConnector@51f49060{HTTP/1.1,[http/1.1]}{0.0.0.0:43862}
2019-09-26 13:33:57,340 [main] INFO  server.Server (Server.java:doStart(419)) - Started @2978ms
2019-09-26 13:33:57,342 [main] INFO  impl.MetricsSinkAdapter (MetricsSinkAdapter.java:start(204)) - Sink prometheus started
2019-09-26 13:33:57,343 [main] INFO  impl.MetricsSystemImpl (MetricsSystemImpl.java:registerSink(301)) - Registered sink prometheus
2019-09-26 13:33:57,344 [main] INFO  server.BaseHttpServer (BaseHttpServer.java:updateConnectorAddress(215)) - HTTP server of SCM is listening at http://0.0.0.0:43862
2019-09-26 13:33:57,351 [org.apache.hadoop.util.JvmPauseMonitor$Monitor@46ab18da] INFO  util.JvmPauseMonitor (JvmPauseMonitor.java:run(188)) - Starting JVM pause monitor
2019-09-26 13:33:57,353 [main] WARN  server.ServerUtils (ServerUtils.java:getDBPath(222)) - ozone.om.db.dirs is not configured. We recommend adding this setting. Falling back to ozone.metadata.dirs instead.
2019-09-26 13:33:57,457 [main] WARN  server.ServerUtils (ServerUtils.java:getDBPath(222)) - ozone.om.db.dirs is not configured. We recommend adding this setting. Falling back to ozone.metadata.dirs instead.
2019-09-26 13:33:57,458 [main] WARN  server.ServerUtils (ServerUtils.java:getDBPath(222)) - ozone.om.db.dirs is not configured. We recommend adding this setting. Falling back to ozone.metadata.dirs instead.
2019-09-26 13:33:57,459 [main] INFO  om.OzoneManager (OzoneManager.java:setOMNodeDetails(652)) - OM Service ID is not set. Setting it to the default ID: omServiceIdDefault
2019-09-26 13:33:57,459 [main] INFO  om.OzoneManager (OzoneManager.java:setOMNodeDetails(658)) - OM Node ID is not set. Setting it to the OmStorage's OmID: b65a392f-b335-4e22-84a5-421c32e8da26
2019-09-26 13:33:57,461 [main] INFO  om.OzoneManager (OzoneManager.java:loadOMHAConfigs(609)) - Found matching OM address with OMServiceId: null, OMNodeId: null, RPC Address: localhost:0 and Ratis port: 9872
2019-09-26 13:33:58,202 [main] WARN  server.ServerUtils (ServerUtils.java:getDBPath(222)) - ozone.om.db.dirs is not configured. We recommend adding this setting. Falling back to ozone.metadata.dirs instead.
2019-09-26 13:33:58,211 [main] INFO  db.DBStoreBuilder (DBStoreBuilder.java:addTable(110)) - using custom profile for table: userTable
2019-09-26 13:33:58,211 [main] INFO  db.DBStoreBuilder (DBStoreBuilder.java:processTables(161)) - Using default column profile:DBProfile.DISK for Table:userTable
2019-09-26 13:33:58,211 [main] INFO  db.DBStoreBuilder (DBStoreBuilder.java:addTable(110)) - using custom profile for table: volumeTable
2019-09-26 13:33:58,212 [main] INFO  db.DBStoreBuilder (DBStoreBuilder.java:processTables(161)) - Using default column profile:DBProfile.DISK for Table:volumeTable
2019-09-26 13:33:58,212 [main] INFO  db.DBStoreBuilder (DBStoreBuilder.java:addTable(110)) - using custom profile for table: bucketTable
2019-09-26 13:33:58,212 [main] INFO  db.DBStoreBuilder (DBStoreBuilder.java:processTables(161)) - Using default column profile:DBProfile.DISK for Table:bucketTable
2019-09-26 13:33:58,213 [main] INFO  db.DBStoreBuilder (DBStoreBuilder.java:addTable(110)) - using custom profile for table: keyTable
2019-09-26 13:33:58,213 [main] INFO  db.DBStoreBuilder (DBStoreBuilder.java:processTables(161)) - Using default column profile:DBProfile.DISK for Table:keyTable
2019-09-26 13:33:58,213 [main] INFO  db.DBStoreBuilder (DBStoreBuilder.java:addTable(110)) - using custom profile for table: deletedTable
2019-09-26 13:33:58,213 [main] INFO  db.DBStoreBuilder (DBStoreBuilder.java:processTables(161)) - Using default column profile:DBProfile.DISK for Table:deletedTable
2019-09-26 13:33:58,214 [main] INFO  db.DBStoreBuilder (DBStoreBuilder.java:addTable(110)) - using custom profile for table: openKeyTable
2019-09-26 13:33:58,214 [main] INFO  db.DBStoreBuilder (DBStoreBuilder.java:processTables(161)) - Using default column profile:DBProfile.DISK for Table:openKeyTable
2019-09-26 13:33:58,214 [main] INFO  db.DBStoreBuilder (DBStoreBuilder.java:addTable(110)) - using custom profile for table: s3Table
2019-09-26 13:33:58,215 [main] INFO  db.DBStoreBuilder (DBStoreBuilder.java:processTables(161)) - Using default column profile:DBProfile.DISK for Table:s3Table
2019-09-26 13:33:58,215 [main] INFO  db.DBStoreBuilder (DBStoreBuilder.java:addTable(110)) - using custom profile for table: multipartInfoTable
2019-09-26 13:33:58,215 [main] INFO  db.DBStoreBuilder (DBStoreBuilder.java:processTables(161)) - Using default column profile:DBProfile.DISK for Table:multipartInfoTable
2019-09-26 13:33:58,216 [main] INFO  db.DBStoreBuilder (DBStoreBuilder.java:addTable(110)) - using custom profile for table: dTokenTable
2019-09-26 13:33:58,216 [main] INFO  db.DBStoreBuilder (DBStoreBuilder.java:processTables(161)) - Using default column profile:DBProfile.DISK for Table:dTokenTable
2019-09-26 13:33:58,216 [main] INFO  db.DBStoreBuilder (DBStoreBuilder.java:addTable(110)) - using custom profile for table: s3SecretTable
2019-09-26 13:33:58,216 [main] INFO  db.DBStoreBuilder (DBStoreBuilder.java:processTables(161)) - Using default column profile:DBProfile.DISK for Table:s3SecretTable
2019-09-26 13:33:58,217 [main] INFO  db.DBStoreBuilder (DBStoreBuilder.java:addTable(110)) - using custom profile for table: prefixTable
2019-09-26 13:33:58,217 [main] INFO  db.DBStoreBuilder (DBStoreBuilder.java:processTables(161)) - Using default column profile:DBProfile.DISK for Table:prefixTable
2019-09-26 13:33:58,217 [main] INFO  db.DBStoreBuilder (DBStoreBuilder.java:addTable(110)) - using custom profile for table: default
2019-09-26 13:33:58,218 [main] INFO  db.DBStoreBuilder (DBStoreBuilder.java:processTables(167)) - Using default column profile:DBProfile.DISK for Table:default
2019-09-26 13:33:58,218 [main] INFO  db.DBStoreBuilder (DBStoreBuilder.java:getDbProfile(198)) - Using default options. DBProfile.DISK
2019-09-26 13:33:58,689 [main] INFO  ipc.CallQueueManager (CallQueueManager.java:<init>(84)) - Using callQueue: class java.util.concurrent.LinkedBlockingQueue, queueCapacity: 2000, scheduler: class org.apache.hadoop.ipc.DefaultRpcScheduler, ipcBackoff: false.
2019-09-26 13:33:58,690 [Socket Reader #1 for port 35162] INFO  ipc.Server (Server.java:run(1074)) - Starting Socket Reader #1 for port 35162
2019-09-26 13:33:58,715 [main] INFO  om.OzoneManager (OzoneManager.java:start(1243)) - OzoneManager RPC server is listening at localhost/127.0.0.1:35162
2019-09-26 13:33:58,716 [main] INFO  impl.MetricsSystemImpl (MetricsSystemImpl.java:init(158)) - OzoneManager metrics system started (again)
2019-09-26 13:33:58,717 [IPC Server Responder] INFO  ipc.Server (Server.java:run(1314)) - IPC Server Responder: starting
2019-09-26 13:33:58,717 [IPC Server listener on 35162] INFO  ipc.Server (Server.java:run(1153)) - IPC Server listener on 35162: starting
2019-09-26 13:33:58,724 [main] INFO  hdfs.DFSUtil (DFSUtil.java:httpServerTemplateForNNAndJN(1641)) - Starting Web-server for ozoneManager at: http://0.0.0.0:0
2019-09-26 13:33:58,726 [main] INFO  server.AuthenticationFilter (AuthenticationFilter.java:constructSecretProvider(240)) - Unable to initialize FileSignerSecretProvider, falling back to use random secrets.
2019-09-26 13:33:58,727 [main] WARN  http.HttpRequestLog (HttpRequestLog.java:getRequestLog(97)) - Jetty request log can only be enabled using Log4j
2019-09-26 13:33:58,730 [main] INFO  http.HttpServer2 (HttpServer2.java:addGlobalFilter(975)) - Added global filter 'safety' (class=org.apache.hadoop.http.HttpServer2$QuotingInputFilter)
2019-09-26 13:33:58,732 [main] INFO  http.HttpServer2 (HttpServer2.java:addFilter(948)) - Added filter static_user_filter (class=org.apache.hadoop.http.lib.StaticUserWebFilter$StaticUserFilter) to context ozoneManager
2019-09-26 13:33:58,732 [main] INFO  http.HttpServer2 (HttpServer2.java:addFilter(958)) - Added filter static_user_filter (class=org.apache.hadoop.http.lib.StaticUserWebFilter$StaticUserFilter) to context logs
2019-09-26 13:33:58,732 [main] INFO  http.HttpServer2 (HttpServer2.java:addFilter(958)) - Added filter static_user_filter (class=org.apache.hadoop.http.lib.StaticUserWebFilter$StaticUserFilter) to context static
2019-09-26 13:33:58,735 [main] INFO  http.HttpServer2 (HttpServer2.java:bindListener(1191)) - Jetty bound to port 43599
2019-09-26 13:33:58,736 [main] INFO  server.Server (Server.java:doStart(351)) - jetty-9.3.25.v20180904, build timestamp: 2018-09-04T21:11:46Z, git hash: 3ce520221d0240229c862b122d2b06c12a625732
2019-09-26 13:33:58,739 [main] INFO  handler.ContextHandler (ContextHandler.java:doStart(781)) - Started o.e.j.s.ServletContextHandler@55b8dbda{/logs,file:///workdir/hadoop-ozone/tools/target/log,AVAILABLE}
2019-09-26 13:33:58,740 [main] INFO  handler.ContextHandler (ContextHandler.java:doStart(781)) - Started o.e.j.s.ServletContextHandler@3a022576{/static,jar:file:/home/user/.m2/repository/org/apache/hadoop/hadoop-ozone-ozone-manager/0.5.0-SNAPSHOT/hadoop-ozone-ozone-manager-0.5.0-SNAPSHOT.jar!/webapps/static,AVAILABLE}
2019-09-26 13:33:58,812 [main] INFO  handler.ContextHandler (ContextHandler.java:doStart(781)) - Started o.e.j.w.WebAppContext@388b401d{/,file:///tmp/jetty-0.0.0.0-43599-ozoneManager-_-any-7718402445329990036.dir/webapp/,AVAILABLE}{/ozoneManager}
2019-09-26 13:33:58,813 [main] INFO  server.AbstractConnector (AbstractConnector.java:doStart(278)) - Started ServerConnector@2bcec6a6{HTTP/1.1,[http/1.1]}{0.0.0.0:43599}
2019-09-26 13:33:58,814 [main] INFO  server.Server (Server.java:doStart(419)) - Started @4451ms
2019-09-26 13:33:58,815 [main] WARN  impl.MetricsSystemImpl (MetricsSystemImpl.java:register(276)) - Sink prometheus already exists!
2019-09-26 13:33:58,816 [main] INFO  server.BaseHttpServer (BaseHttpServer.java:updateConnectorAddress(215)) - HTTP server of OZONEMANAGER is listening at http://0.0.0.0:43599
2019-09-26 13:33:59,143 [main] INFO  impl.MetricsSystemImpl (MetricsSystemImpl.java:init(158)) - HddsDatanode metrics system started (again)
2019-09-26 13:33:59,200 [main] INFO  ozone.HddsDatanodeService (HddsDatanodeService.java:start(184)) - HddsDatanodeService host:pr-hdds-1569-87zkn-1081879488 ip:192.168.164.238
2019-09-26 13:33:59,247 [main] INFO  volume.HddsVolume (HddsVolume.java:<init>(176)) - Creating Volume: /workdir/hadoop-ozone/tools/target/test-dir/MiniOzoneClusterImpl-dc29704b-fdb8-4d9e-ab20-a88de5d9579b/datanode-0/data/containers/hdds of  storage type : DISK and capacity : 1482555576320
2019-09-26 13:33:59,250 [main] INFO  volume.VolumeSet (VolumeSet.java:initializeVolumeSet(170)) - Added Volume : /workdir/hadoop-ozone/tools/target/test-dir/MiniOzoneClusterImpl-dc29704b-fdb8-4d9e-ab20-a88de5d9579b/datanode-0/data/containers/hdds to VolumeSet
2019-09-26 13:33:59,254 [main] INFO  volume.ThrottledAsyncChecker (ThrottledAsyncChecker.java:schedule(139)) - Scheduling a check for org.apache.hadoop.ozone.container.common.volume.HddsVolume@7d0cc890
2019-09-26 13:33:59,273 [main] INFO  volume.HddsVolumeChecker (HddsVolumeChecker.java:checkAllVolumes(202)) - Scheduled health check for volume org.apache.hadoop.ozone.container.common.volume.HddsVolume@7d0cc890
2019-09-26 13:33:59,394 [main] INFO  impl.RaftServerProxy (ConfUtils.java:logGet(43)) - raft.rpc.type = GRPC (default)
2019-09-26 13:33:59,470 [main] INFO  grpc.GrpcFactory (GrpcFactory.java:checkPooledByteBufAllocatorUseCacheForAllThreads(45)) - PERFORMANCE WARNING: useCacheForAllThreads is true that may cause Netty to create a lot garbage objects and, as a result, trigger GC.
	It is recommended to disable useCacheForAllThreads by setting -Dorg.apache.ratis.thirdparty.io.netty.allocator.useCacheForAllThreads=false in command line.
2019-09-26 13:33:59,475 [main] INFO  grpc.GrpcConfigKeys$Server (ConfUtils.java:logGet(43)) - raft.grpc.server.port = 0 (default)
2019-09-26 13:33:59,476 [main] INFO  server.GrpcService (ConfUtils.java:logGet(43)) - raft.grpc.message.size.max = 33570816 (custom)
2019-09-26 13:33:59,478 [main] INFO  server.RaftServerConfigKeys (ConfUtils.java:logGet(43)) - raft.server.log.appender.buffer.byte-limit = 33554432 (custom)
2019-09-26 13:33:59,478 [main] INFO  server.GrpcService (ConfUtils.java:logGet(43)) - raft.grpc.flow.control.window = 1MB (=1048576) (default)
2019-09-26 13:33:59,479 [main] INFO  server.RaftServerConfigKeys (ConfUtils.java:logGet(43)) - raft.server.rpc.request.timeout = 3000ms (default)
2019-09-26 13:33:59,664 [main] INFO  server.RaftServerConfigKeys (ConfUtils.java:logGet(43)) - raft.server.storage.dir = [/workdir/hadoop-ozone/tools/target/test-dir/MiniOzoneClusterImpl-dc29704b-fdb8-4d9e-ab20-a88de5d9579b/datanode-0/data/ratis] (custom)
2019-09-26 13:33:59,722 [main] INFO  hdfs.DFSUtil (DFSUtil.java:httpServerTemplateForNNAndJN(1641)) - Starting Web-server for hddsDatanode at: http://0.0.0.0:0
2019-09-26 13:33:59,727 [main] INFO  server.AuthenticationFilter (AuthenticationFilter.java:constructSecretProvider(240)) - Unable to initialize FileSignerSecretProvider, falling back to use random secrets.
2019-09-26 13:33:59,728 [main] WARN  http.HttpRequestLog (HttpRequestLog.java:getRequestLog(97)) - Jetty request log can only be enabled using Log4j
2019-09-26 13:33:59,731 [main] INFO  http.HttpServer2 (HttpServer2.java:addGlobalFilter(975)) - Added global filter 'safety' (class=org.apache.hadoop.http.HttpServer2$QuotingInputFilter)
2019-09-26 13:33:59,732 [main] INFO  http.HttpServer2 (HttpServer2.java:addFilter(948)) - Added filter static_user_filter (class=org.apache.hadoop.http.lib.StaticUserWebFilter$StaticUserFilter) to context hddsDatanode
2019-09-26 13:33:59,733 [main] INFO  http.HttpServer2 (HttpServer2.java:addFilter(958)) - Added filter static_user_filter (class=org.apache.hadoop.http.lib.StaticUserWebFilter$StaticUserFilter) to context static
2019-09-26 13:33:59,733 [main] INFO  http.HttpServer2 (HttpServer2.java:addFilter(958)) - Added filter static_user_filter (class=org.apache.hadoop.http.lib.StaticUserWebFilter$StaticUserFilter) to context logs
2019-09-26 13:33:59,735 [main] INFO  http.HttpServer2 (HttpServer2.java:bindListener(1191)) - Jetty bound to port 37376
2019-09-26 13:33:59,735 [main] INFO  server.Server (Server.java:doStart(351)) - jetty-9.3.25.v20180904, build timestamp: 2018-09-04T21:11:46Z, git hash: 3ce520221d0240229c862b122d2b06c12a625732
2019-09-26 13:33:59,739 [main] INFO  handler.ContextHandler (ContextHandler.java:doStart(781)) - Started o.e.j.s.ServletContextHandler@43e9089{/logs,file:///workdir/hadoop-ozone/tools/target/log,AVAILABLE}
2019-09-26 13:33:59,740 [main] INFO  handler.ContextHandler (ContextHandler.java:doStart(781)) - Started o.e.j.s.ServletContextHandler@352c44a8{/static,jar:file:/home/user/.m2/repository/org/apache/hadoop/hadoop-hdds-container-service/0.5.0-SNAPSHOT/hadoop-hdds-container-service-0.5.0-SNAPSHOT.jar!/webapps/static,AVAILABLE}
2019-09-26 13:33:59,781 [main] INFO  handler.ContextHandler (ContextHandler.java:doStart(781)) - Started o.e.j.w.WebAppContext@78054f54{/,file:///tmp/jetty-0.0.0.0-37376-hddsDatanode-_-any-8710378384338399952.dir/webapp/,AVAILABLE}{/hddsDatanode}
2019-09-26 13:33:59,782 [main] INFO  server.AbstractConnector (AbstractConnector.java:doStart(278)) - Started ServerConnector@cb7fa71{HTTP/1.1,[http/1.1]}{0.0.0.0:37376}
2019-09-26 13:33:59,783 [main] INFO  server.Server (Server.java:doStart(419)) - Started @5420ms
2019-09-26 13:33:59,784 [main] WARN  impl.MetricsSystemImpl (MetricsSystemImpl.java:register(276)) - Sink prometheus already exists!
2019-09-26 13:33:59,785 [main] INFO  server.BaseHttpServer (BaseHttpServer.java:updateConnectorAddress(215)) - HTTP server of HDDSDATANODE is listening at http://0.0.0.0:37376
2019-09-26 13:33:59,789 [main] INFO  impl.MetricsSystemImpl (MetricsSystemImpl.java:init(158)) - HddsDatanode metrics system started (again)
2019-09-26 13:33:59,793 [main] INFO  ozone.HddsDatanodeService (HddsDatanodeService.java:start(184)) - HddsDatanodeService host:pr-hdds-1569-87zkn-1081879488 ip:192.168.164.238
2019-09-26 13:33:59,794 [org.apache.hadoop.util.JvmPauseMonitor$Monitor@4088fe79] INFO  util.JvmPauseMonitor (JvmPauseMonitor.java:run(188)) - Starting JVM pause monitor
2019-09-26 13:33:59,807 [main] INFO  volume.HddsVolume (HddsVolume.java:<init>(176)) - Creating Volume: /workdir/hadoop-ozone/tools/target/test-dir/MiniOzoneClusterImpl-dc29704b-fdb8-4d9e-ab20-a88de5d9579b/datanode-1/data/containers/hdds of  storage type : DISK and capacity : 1482555576320
2019-09-26 13:33:59,808 [main] INFO  volume.VolumeSet (VolumeSet.java:initializeVolumeSet(170)) - Added Volume : /workdir/hadoop-ozone/tools/target/test-dir/MiniOzoneClusterImpl-dc29704b-fdb8-4d9e-ab20-a88de5d9579b/datanode-1/data/containers/hdds to VolumeSet
2019-09-26 13:33:59,809 [main] INFO  volume.ThrottledAsyncChecker (ThrottledAsyncChecker.java:schedule(139)) - Scheduling a check for org.apache.hadoop.ozone.container.common.volume.HddsVolume@68d7a2df
2019-09-26 13:33:59,809 [main] INFO  volume.HddsVolumeChecker (HddsVolumeChecker.java:checkAllVolumes(202)) - Scheduled health check for volume org.apache.hadoop.ozone.container.common.volume.HddsVolume@68d7a2df
2019-09-26 13:33:59,829 [main] INFO  impl.RaftServerProxy (ConfUtils.java:logGet(43)) - raft.rpc.type = GRPC (default)
2019-09-26 13:33:59,830 [main] INFO  grpc.GrpcFactory (GrpcFactory.java:checkPooledByteBufAllocatorUseCacheForAllThreads(45)) - PERFORMANCE WARNING: useCacheForAllThreads is true that may cause Netty to create a lot garbage objects and, as a result, trigger GC.
	It is recommended to disable useCacheForAllThreads by setting -Dorg.apache.ratis.thirdparty.io.netty.allocator.useCacheForAllThreads=false in command line.
2019-09-26 13:33:59,830 [main] INFO  grpc.GrpcConfigKeys$Server (ConfUtils.java:logGet(43)) - raft.grpc.server.port = 0 (default)
2019-09-26 13:33:59,830 [main] INFO  server.GrpcService (ConfUtils.java:logGet(43)) - raft.grpc.message.size.max = 33570816 (custom)
2019-09-26 13:33:59,830 [main] INFO  server.RaftServerConfigKeys (ConfUtils.java:logGet(43)) - raft.server.log.appender.buffer.byte-limit = 33554432 (custom)
2019-09-26 13:33:59,831 [main] INFO  server.GrpcService (ConfUtils.java:logGet(43)) - raft.grpc.flow.control.window = 1MB (=1048576) (default)
2019-09-26 13:33:59,831 [main] INFO  server.RaftServerConfigKeys (ConfUtils.java:logGet(43)) - raft.server.rpc.request.timeout = 3000ms (default)
2019-09-26 13:33:59,832 [main] INFO  server.RaftServerConfigKeys (ConfUtils.java:logGet(43)) - raft.server.storage.dir = [/workdir/hadoop-ozone/tools/target/test-dir/MiniOzoneClusterImpl-dc29704b-fdb8-4d9e-ab20-a88de5d9579b/datanode-1/data/ratis] (custom)
2019-09-26 13:33:59,834 [main] INFO  hdfs.DFSUtil (DFSUtil.java:httpServerTemplateForNNAndJN(1641)) - Starting Web-server for hddsDatanode at: http://0.0.0.0:0
2019-09-26 13:33:59,835 [main] INFO  server.AuthenticationFilter (AuthenticationFilter.java:constructSecretProvider(240)) - Unable to initialize FileSignerSecretProvider, falling back to use random secrets.
2019-09-26 13:33:59,837 [main] WARN  http.HttpRequestLog (HttpRequestLog.java:getRequestLog(97)) - Jetty request log can only be enabled using Log4j
2019-09-26 13:33:59,838 [main] INFO  http.HttpServer2 (HttpServer2.java:addGlobalFilter(975)) - Added global filter 'safety' (class=org.apache.hadoop.http.HttpServer2$QuotingInputFilter)
2019-09-26 13:33:59,839 [main] INFO  http.HttpServer2 (HttpServer2.java:addFilter(948)) - Added filter static_user_filter (class=org.apache.hadoop.http.lib.StaticUserWebFilter$StaticUserFilter) to context hddsDatanode
2019-09-26 13:33:59,839 [main] INFO  http.HttpServer2 (HttpServer2.java:addFilter(958)) - Added filter static_user_filter (class=org.apache.hadoop.http.lib.StaticUserWebFilter$StaticUserFilter) to context static
2019-09-26 13:33:59,840 [main] INFO  http.HttpServer2 (HttpServer2.java:addFilter(958)) - Added filter static_user_filter (class=org.apache.hadoop.http.lib.StaticUserWebFilter$StaticUserFilter) to context logs
2019-09-26 13:33:59,841 [main] INFO  http.HttpServer2 (HttpServer2.java:bindListener(1191)) - Jetty bound to port 39323
2019-09-26 13:33:59,841 [main] INFO  server.Server (Server.java:doStart(351)) - jetty-9.3.25.v20180904, build timestamp: 2018-09-04T21:11:46Z, git hash: 3ce520221d0240229c862b122d2b06c12a625732
2019-09-26 13:33:59,846 [main] INFO  handler.ContextHandler (ContextHandler.java:doStart(781)) - Started o.e.j.s.ServletContextHandler@1422ac7f{/logs,file:///workdir/hadoop-ozone/tools/target/log,AVAILABLE}
2019-09-26 13:33:59,846 [main] INFO  handler.ContextHandler (ContextHandler.java:doStart(781)) - Started o.e.j.s.ServletContextHandler@7bc44ce8{/static,jar:file:/home/user/.m2/repository/org/apache/hadoop/hadoop-hdds-container-service/0.5.0-SNAPSHOT/hadoop-hdds-container-service-0.5.0-SNAPSHOT.jar!/webapps/static,AVAILABLE}
2019-09-26 13:33:59,876 [main] INFO  handler.ContextHandler (ContextHandler.java:doStart(781)) - Started o.e.j.w.WebAppContext@5af8bb51{/,file:///tmp/jetty-0.0.0.0-39323-hddsDatanode-_-any-7981354454749413388.dir/webapp/,AVAILABLE}{/hddsDatanode}
2019-09-26 13:33:59,877 [main] INFO  server.AbstractConnector (AbstractConnector.java:doStart(278)) - Started ServerConnector@799ed4e8{HTTP/1.1,[http/1.1]}{0.0.0.0:39323}
2019-09-26 13:33:59,878 [main] INFO  server.Server (Server.java:doStart(419)) - Started @5515ms
2019-09-26 13:33:59,878 [main] WARN  impl.MetricsSystemImpl (MetricsSystemImpl.java:register(276)) - Sink prometheus already exists!
2019-09-26 13:33:59,879 [main] INFO  server.BaseHttpServer (BaseHttpServer.java:updateConnectorAddress(215)) - HTTP server of HDDSDATANODE is listening at http://0.0.0.0:39323
2019-09-26 13:33:59,880 [main] INFO  impl.MetricsSystemImpl (MetricsSystemImpl.java:init(158)) - HddsDatanode metrics system started (again)
2019-09-26 13:33:59,882 [org.apache.hadoop.util.JvmPauseMonitor$Monitor@5937e525] INFO  util.JvmPauseMonitor (JvmPauseMonitor.java:run(188)) - Starting JVM pause monitor
2019-09-26 13:33:59,883 [main] INFO  ozone.HddsDatanodeService (HddsDatanodeService.java:start(184)) - HddsDatanodeService host:pr-hdds-1569-87zkn-1081879488 ip:192.168.164.238
2019-09-26 13:33:59,890 [main] INFO  volume.HddsVolume (HddsVolume.java:<init>(176)) - Creating Volume: /workdir/hadoop-ozone/tools/target/test-dir/MiniOzoneClusterImpl-dc29704b-fdb8-4d9e-ab20-a88de5d9579b/datanode-2/data/containers/hdds of  storage type : DISK and capacity : 1482555576320
2019-09-26 13:33:59,890 [main] INFO  volume.VolumeSet (VolumeSet.java:initializeVolumeSet(170)) - Added Volume : /workdir/hadoop-ozone/tools/target/test-dir/MiniOzoneClusterImpl-dc29704b-fdb8-4d9e-ab20-a88de5d9579b/datanode-2/data/containers/hdds to VolumeSet
2019-09-26 13:33:59,891 [main] INFO  volume.ThrottledAsyncChecker (ThrottledAsyncChecker.java:schedule(139)) - Scheduling a check for org.apache.hadoop.ozone.container.common.volume.HddsVolume@15639440
2019-09-26 13:33:59,891 [main] INFO  volume.HddsVolumeChecker (HddsVolumeChecker.java:checkAllVolumes(202)) - Scheduled health check for volume org.apache.hadoop.ozone.container.common.volume.HddsVolume@15639440
2019-09-26 13:33:59,906 [main] INFO  impl.RaftServerProxy (ConfUtils.java:logGet(43)) - raft.rpc.type = GRPC (default)
2019-09-26 13:33:59,907 [main] INFO  grpc.GrpcFactory (GrpcFactory.java:checkPooledByteBufAllocatorUseCacheForAllThreads(45)) - PERFORMANCE WARNING: useCacheForAllThreads is true that may cause Netty to create a lot garbage objects and, as a result, trigger GC.
	It is recommended to disable useCacheForAllThreads by setting -Dorg.apache.ratis.thirdparty.io.netty.allocator.useCacheForAllThreads=false in command line.
2019-09-26 13:33:59,907 [main] INFO  grpc.GrpcConfigKeys$Server (ConfUtils.java:logGet(43)) - raft.grpc.server.port = 0 (default)
2019-09-26 13:33:59,907 [main] INFO  server.GrpcService (ConfUtils.java:logGet(43)) - raft.grpc.message.size.max = 33570816 (custom)
2019-09-26 13:33:59,907 [main] INFO  server.RaftServerConfigKeys (ConfUtils.java:logGet(43)) - raft.server.log.appender.buffer.byte-limit = 33554432 (custom)
2019-09-26 13:33:59,908 [main] INFO  server.GrpcService (ConfUtils.java:logGet(43)) - raft.grpc.flow.control.window = 1MB (=1048576) (default)
2019-09-26 13:33:59,909 [main] INFO  server.RaftServerConfigKeys (ConfUtils.java:logGet(43)) - raft.server.rpc.request.timeout = 3000ms (default)
2019-09-26 13:33:59,910 [main] INFO  server.RaftServerConfigKeys (ConfUtils.java:logGet(43)) - raft.server.storage.dir = [/workdir/hadoop-ozone/tools/target/test-dir/MiniOzoneClusterImpl-dc29704b-fdb8-4d9e-ab20-a88de5d9579b/datanode-2/data/ratis] (custom)
2019-09-26 13:33:59,912 [main] INFO  hdfs.DFSUtil (DFSUtil.java:httpServerTemplateForNNAndJN(1641)) - Starting Web-server for hddsDatanode at: http://0.0.0.0:0
2019-09-26 13:33:59,913 [Datanode State Machine Thread - 0] INFO  datanode.InitDatanodeState (InitDatanodeState.java:persistContainerDatanodeDetails(140)) - DatanodeDetails is persisted to /workdir/hadoop-ozone/tools/target/test-dir/MiniOzoneClusterImpl-dc29704b-fdb8-4d9e-ab20-a88de5d9579b/datanode-0/meta/datanode.id
2019-09-26 13:33:59,916 [main] INFO  server.AuthenticationFilter (AuthenticationFilter.java:constructSecretProvider(240)) - Unable to initialize FileSignerSecretProvider, falling back to use random secrets.
2019-09-26 13:33:59,916 [main] WARN  http.HttpRequestLog (HttpRequestLog.java:getRequestLog(97)) - Jetty request log can only be enabled using Log4j
2019-09-26 13:33:59,917 [Datanode State Machine Thread - 0] INFO  datanode.InitDatanodeState (InitDatanodeState.java:persistContainerDatanodeDetails(140)) - DatanodeDetails is persisted to /workdir/hadoop-ozone/tools/target/test-dir/MiniOzoneClusterImpl-dc29704b-fdb8-4d9e-ab20-a88de5d9579b/datanode-1/meta/datanode.id
2019-09-26 13:33:59,919 [main] INFO  http.HttpServer2 (HttpServer2.java:addGlobalFilter(975)) - Added global filter 'safety' (class=org.apache.hadoop.http.HttpServer2$QuotingInputFilter)
2019-09-26 13:33:59,919 [main] INFO  http.HttpServer2 (HttpServer2.java:addFilter(948)) - Added filter static_user_filter (class=org.apache.hadoop.http.lib.StaticUserWebFilter$StaticUserFilter) to context hddsDatanode
2019-09-26 13:33:59,920 [main] INFO  http.HttpServer2 (HttpServer2.java:addFilter(958)) - Added filter static_user_filter (class=org.apache.hadoop.http.lib.StaticUserWebFilter$StaticUserFilter) to context logs
2019-09-26 13:33:59,920 [main] INFO  http.HttpServer2 (HttpServer2.java:addFilter(958)) - Added filter static_user_filter (class=org.apache.hadoop.http.lib.StaticUserWebFilter$StaticUserFilter) to context static
2019-09-26 13:33:59,921 [main] INFO  http.HttpServer2 (HttpServer2.java:bindListener(1191)) - Jetty bound to port 45584
2019-09-26 13:33:59,921 [main] INFO  server.Server (Server.java:doStart(351)) - jetty-9.3.25.v20180904, build timestamp: 2018-09-04T21:11:46Z, git hash: 3ce520221d0240229c862b122d2b06c12a625732
2019-09-26 13:33:59,923 [main] INFO  handler.ContextHandler (ContextHandler.java:doStart(781)) - Started o.e.j.s.ServletContextHandler@296e281a{/logs,file:///workdir/hadoop-ozone/tools/target/log,AVAILABLE}
2019-09-26 13:33:59,924 [main] INFO  handler.ContextHandler (ContextHandler.java:doStart(781)) - Started o.e.j.s.ServletContextHandler@5dd903be{/static,jar:file:/home/user/.m2/repository/org/apache/hadoop/hadoop-hdds-container-service/0.5.0-SNAPSHOT/hadoop-hdds-container-service-0.5.0-SNAPSHOT.jar!/webapps/static,AVAILABLE}
2019-09-26 13:33:59,957 [main] INFO  handler.ContextHandler (ContextHandler.java:doStart(781)) - Started o.e.j.w.WebAppContext@42b84286{/,file:///tmp/jetty-0.0.0.0-45584-hddsDatanode-_-any-7943056173398499693.dir/webapp/,AVAILABLE}{/hddsDatanode}
2019-09-26 13:33:59,959 [main] INFO  server.AbstractConnector (AbstractConnector.java:doStart(278)) - Started ServerConnector@443effcb{HTTP/1.1,[http/1.1]}{0.0.0.0:45584}
2019-09-26 13:33:59,960 [main] INFO  server.Server (Server.java:doStart(419)) - Started @5598ms
2019-09-26 13:33:59,961 [main] WARN  impl.MetricsSystemImpl (MetricsSystemImpl.java:register(276)) - Sink prometheus already exists!
2019-09-26 13:33:59,962 [main] INFO  server.BaseHttpServer (BaseHttpServer.java:updateConnectorAddress(215)) - HTTP server of HDDSDATANODE is listening at http://0.0.0.0:45584
2019-09-26 13:33:59,966 [org.apache.hadoop.util.JvmPauseMonitor$Monitor@66437503] INFO  util.JvmPauseMonitor (JvmPauseMonitor.java:run(188)) - Starting JVM pause monitor
2019-09-26 13:33:59,967 [main] INFO  ozone.MiniOzoneClusterImpl (MiniOzoneClusterImpl.java:lambda$waitForClusterToBeReady$0(147)) - Waiting for cluster to be ready. Got 0 of 3 DN Heartbeats.
2019-09-26 13:33:59,972 [Datanode State Machine Thread - 0] INFO  datanode.InitDatanodeState (InitDatanodeState.java:persistContainerDatanodeDetails(140)) - DatanodeDetails is persisted to /workdir/hadoop-ozone/tools/target/test-dir/MiniOzoneClusterImpl-dc29704b-fdb8-4d9e-ab20-a88de5d9579b/datanode-2/meta/datanode.id
2019-09-26 13:34:00,968 [main] INFO  ozone.MiniOzoneClusterImpl (MiniOzoneClusterImpl.java:lambda$waitForClusterToBeReady$0(147)) - Waiting for cluster to be ready. Got 0 of 3 DN Heartbeats.
2019-09-26 13:34:01,858 [Datanode State Machine Thread - 0] INFO  ozoneimpl.OzoneContainer (OzoneContainer.java:start(217)) - Attempting to start container services.
2019-09-26 13:34:01,861 [Datanode State Machine Thread - 0] INFO  ozoneimpl.OzoneContainer (OzoneContainer.java:startContainerScrub(179)) - Background container scanner has been disabled.
2019-09-26 13:34:01,861 [Datanode State Machine Thread - 0] INFO  ratis.XceiverServerRatis (XceiverServerRatis.java:start(411)) - Starting XceiverServerRatis a6cc820d-4c20-4116-9864-c0f90ea69363 at port 0
2019-09-26 13:34:01,882 [Datanode State Machine Thread - 0] INFO  impl.RaftServerProxy (RaftServerProxy.java:lambda$start$3(299)) - a6cc820d-4c20-4116-9864-c0f90ea69363: start RPC server
2019-09-26 13:34:01,921 [Datanode State Machine Thread - 0] INFO  ozoneimpl.OzoneContainer (OzoneContainer.java:start(217)) - Attempting to start container services.
2019-09-26 13:34:01,928 [Datanode State Machine Thread - 0] INFO  ozoneimpl.OzoneContainer (OzoneContainer.java:startContainerScrub(179)) - Background container scanner has been disabled.
2019-09-26 13:34:01,928 [Datanode State Machine Thread - 0] INFO  ratis.XceiverServerRatis (XceiverServerRatis.java:start(411)) - Starting XceiverServerRatis e87194ae-6196-464a-8fce-fc61cfb56335 at port 0
2019-09-26 13:34:01,938 [Datanode State Machine Thread - 0] INFO  impl.RaftServerProxy (RaftServerProxy.java:lambda$start$3(299)) - e87194ae-6196-464a-8fce-fc61cfb56335: start RPC server
2019-09-26 13:34:01,969 [main] INFO  ozone.MiniOzoneClusterImpl (MiniOzoneClusterImpl.java:lambda$waitForClusterToBeReady$0(147)) - Waiting for cluster to be ready. Got 0 of 3 DN Heartbeats.
2019-09-26 13:34:01,983 [Datanode State Machine Thread - 0] INFO  ozoneimpl.OzoneContainer (OzoneContainer.java:start(217)) - Attempting to start container services.
2019-09-26 13:34:01,985 [Datanode State Machine Thread - 0] INFO  ozoneimpl.OzoneContainer (OzoneContainer.java:startContainerScrub(179)) - Background container scanner has been disabled.
2019-09-26 13:34:01,985 [Datanode State Machine Thread - 0] INFO  ratis.XceiverServerRatis (XceiverServerRatis.java:start(411)) - Starting XceiverServerRatis 225bd7ce-61cd-45a9-80d4-d38af20818a5 at port 0
2019-09-26 13:34:01,995 [Datanode State Machine Thread - 0] INFO  impl.RaftServerProxy (RaftServerProxy.java:lambda$start$3(299)) - 225bd7ce-61cd-45a9-80d4-d38af20818a5: start RPC server
2019-09-26 13:34:02,068 [Datanode State Machine Thread - 0] INFO  server.GrpcService (GrpcService.java:startImpl(158)) - 225bd7ce-61cd-45a9-80d4-d38af20818a5: GrpcService started, listening on 0.0.0.0/0.0.0.0:41146
2019-09-26 13:34:02,068 [Datanode State Machine Thread - 0] INFO  server.GrpcService (GrpcService.java:startImpl(158)) - e87194ae-6196-464a-8fce-fc61cfb56335: GrpcService started, listening on 0.0.0.0/0.0.0.0:37233
2019-09-26 13:34:02,068 [Datanode State Machine Thread - 0] INFO  server.GrpcService (GrpcService.java:startImpl(158)) - a6cc820d-4c20-4116-9864-c0f90ea69363: GrpcService started, listening on 0.0.0.0/0.0.0.0:45777
2019-09-26 13:34:02,070 [Datanode State Machine Thread - 0] INFO  ratis.XceiverServerRatis (XceiverServerRatis.java:start(421)) - XceiverServerRatis e87194ae-6196-464a-8fce-fc61cfb56335 is started using port 37233
2019-09-26 13:34:02,069 [Datanode State Machine Thread - 0] INFO  ratis.XceiverServerRatis (XceiverServerRatis.java:start(421)) - XceiverServerRatis 225bd7ce-61cd-45a9-80d4-d38af20818a5 is started using port 41146
2019-09-26 13:34:02,070 [Datanode State Machine Thread - 0] INFO  ratis.XceiverServerRatis (XceiverServerRatis.java:start(421)) - XceiverServerRatis a6cc820d-4c20-4116-9864-c0f90ea69363 is started using port 45777
2019-09-26 13:34:02,075 [Datanode State Machine Thread - 0] INFO  server.XceiverServerGrpc (XceiverServerGrpc.java:start(149)) - XceiverServerGrpc e87194ae-6196-464a-8fce-fc61cfb56335 is started using port 35305
2019-09-26 13:34:02,076 [Datanode State Machine Thread - 0] INFO  server.XceiverServerGrpc (XceiverServerGrpc.java:start(149)) - XceiverServerGrpc a6cc820d-4c20-4116-9864-c0f90ea69363 is started using port 36061
2019-09-26 13:34:02,075 [Datanode State Machine Thread - 0] INFO  server.XceiverServerGrpc (XceiverServerGrpc.java:start(149)) - XceiverServerGrpc 225bd7ce-61cd-45a9-80d4-d38af20818a5 is started using port 33548
2019-09-26 13:34:02,969 [main] INFO  ozone.MiniOzoneClusterImpl (MiniOzoneClusterImpl.java:lambda$waitForClusterToBeReady$0(147)) - Waiting for cluster to be ready. Got 0 of 3 DN Heartbeats.
2019-09-26 13:34:03,844 [IPC Server handler 0 on 42479] INFO  net.NetworkTopology (NetworkTopologyImpl.java:add(111)) - Added a new node: /default-rack/a6cc820d-4c20-4116-9864-c0f90ea69363
2019-09-26 13:34:03,845 [IPC Server handler 0 on 42479] INFO  node.SCMNodeManager (SCMNodeManager.java:register(266)) - Registered Data node : a6cc820d-4c20-4116-9864-c0f90ea69363{ip: 192.168.164.238, host: pr-hdds-1569-87zkn-1081879488, networkLocation: /default-rack, certSerialId: null}
2019-09-26 13:34:03,850 [EventQueue-NodeRegistrationContainerReportForDataNodeSafeModeRule] INFO  safemode.SCMSafeModeManager (DataNodeSafeModeRule.java:process(71)) - SCM in safe mode. 1 DataNodes registered, 1 required.
2019-09-26 13:34:03,850 [EventQueue-NodeRegistrationContainerReportForDataNodeSafeModeRule] INFO  safemode.SCMSafeModeManager (SCMSafeModeManager.java:validateSafeModeExitRules(177)) - ScmSafeModeManager, all rules are successfully validated
2019-09-26 13:34:03,851 [EventQueue-NodeRegistrationContainerReportForDataNodeSafeModeRule] INFO  safemode.SCMSafeModeManager (SCMSafeModeManager.java:exitSafeMode(193)) - SCM exiting safe mode.
2019-09-26 13:34:03,886 [IPC Server handler 1 on 42479] INFO  net.NetworkTopology (NetworkTopologyImpl.java:add(111)) - Added a new node: /default-rack/e87194ae-6196-464a-8fce-fc61cfb56335
2019-09-26 13:34:03,886 [IPC Server handler 1 on 42479] INFO  node.SCMNodeManager (SCMNodeManager.java:register(266)) - Registered Data node : e87194ae-6196-464a-8fce-fc61cfb56335{ip: 192.168.164.238, host: pr-hdds-1569-87zkn-1081879488, networkLocation: /default-rack, certSerialId: null}
2019-09-26 13:34:03,969 [IPC Server handler 2 on 42479] INFO  net.NetworkTopology (NetworkTopologyImpl.java:add(111)) - Added a new node: /default-rack/225bd7ce-61cd-45a9-80d4-d38af20818a5
2019-09-26 13:34:03,970 [IPC Server handler 2 on 42479] INFO  node.SCMNodeManager (SCMNodeManager.java:register(266)) - Registered Data node : 225bd7ce-61cd-45a9-80d4-d38af20818a5{ip: 192.168.164.238, host: pr-hdds-1569-87zkn-1081879488, networkLocation: /default-rack, certSerialId: null}
2019-09-26 13:34:03,970 [main] INFO  ozone.MiniOzoneClusterImpl (MiniOzoneClusterImpl.java:lambda$waitForClusterToBeReady$0(147)) - Cluster is ready. Got 3 of 3 DN Heartbeats.
2019-09-26 13:34:04,348 [grpc-default-executor-0] INFO  impl.RaftServerProxy (RaftServerProxy.java:addNew(89)) - a6cc820d-4c20-4116-9864-c0f90ea69363: addNew group-CF7A8DAFB2E1:[a6cc820d-4c20-4116-9864-c0f90ea69363:192.168.164.238:45777] returns group-CF7A8DAFB2E1:java.util.concurrent.CompletableFuture@644b79d3[Not completed]
2019-09-26 13:34:04,364 [pool-27-thread-1] INFO  impl.RaftServerImpl (RaftServerImpl.java:<init>(95)) - a6cc820d-4c20-4116-9864-c0f90ea69363: new RaftServerImpl for group-CF7A8DAFB2E1:[a6cc820d-4c20-4116-9864-c0f90ea69363:192.168.164.238:45777] with ContainerStateMachine:uninitialized
2019-09-26 13:34:04,366 [pool-27-thread-1] INFO  server.RaftServerConfigKeys (ConfUtils.java:logGet(43)) - raft.server.rpc.timeout.min = 5s (custom)
2019-09-26 13:34:04,367 [pool-27-thread-1] INFO  server.RaftServerConfigKeys (ConfUtils.java:logGet(43)) - raft.server.rpc.timeout.max = 5200ms (custom)
2019-09-26 13:34:04,367 [pool-27-thread-1] INFO  server.RaftServerConfigKeys (ConfUtils.java:logGet(43)) - raft.server.rpcslowness.timeout = 120s (custom)
2019-09-26 13:34:04,368 [pool-27-thread-1] INFO  server.RaftServerConfigKeys (ConfUtils.java:logGet(43)) - raft.server.sleep.deviation.threshold = 300 (default)
2019-09-26 13:34:04,369 [pool-27-thread-1] INFO  server.RaftServerConfigKeys (ConfUtils.java:logGet(43)) - raft.server.log.appender.install.snapshot.enabled = false (custom)
2019-09-26 13:34:04,376 [pool-27-thread-1] INFO  impl.RaftServerImpl (ServerState.java:<init>(103)) - a6cc820d-4c20-4116-9864-c0f90ea69363@group-CF7A8DAFB2E1: ConfigurationManager, init=-1: [a6cc820d-4c20-4116-9864-c0f90ea69363:192.168.164.238:45777], old=null, confs=<EMPTY_MAP>
2019-09-26 13:34:04,376 [pool-27-thread-1] INFO  server.RaftServerConfigKeys (ConfUtils.java:logGet(43)) - raft.server.storage.dir = [/workdir/hadoop-ozone/tools/target/test-dir/MiniOzoneClusterImpl-dc29704b-fdb8-4d9e-ab20-a88de5d9579b/datanode-0/data/ratis] (custom)
2019-09-26 13:34:04,383 [pool-27-thread-1] INFO  storage.RaftStorageDirectory (RaftStorageDirectory.java:analyzeStorage(246)) - The storage directory /workdir/hadoop-ozone/tools/target/test-dir/MiniOzoneClusterImpl-dc29704b-fdb8-4d9e-ab20-a88de5d9579b/datanode-0/data/ratis/65b8ec4a-d30f-4f77-b0e0-cf7a8dafb2e1 does not exist. Creating ...
2019-09-26 13:34:04,401 [pool-27-thread-1] INFO  storage.RaftStorageDirectory (RaftStorageDirectory.java:tryLock(328)) - Lock on /workdir/hadoop-ozone/tools/target/test-dir/MiniOzoneClusterImpl-dc29704b-fdb8-4d9e-ab20-a88de5d9579b/datanode-0/data/ratis/65b8ec4a-d30f-4f77-b0e0-cf7a8dafb2e1/in_use.lock acquired by nodename 17110@pr-hdds-1569-87zkn-1081879488
2019-09-26 13:34:04,418 [pool-27-thread-1] INFO  storage.RaftStorage (RaftStorage.java:format(72)) - Storage directory /workdir/hadoop-ozone/tools/target/test-dir/MiniOzoneClusterImpl-dc29704b-fdb8-4d9e-ab20-a88de5d9579b/datanode-0/data/ratis/65b8ec4a-d30f-4f77-b0e0-cf7a8dafb2e1 has been successfully formatted.
2019-09-26 13:34:04,426 [pool-27-thread-1] INFO  ratis.ContainerStateMachine (ContainerStateMachine.java:loadSnapshot(230)) - group-CF7A8DAFB2E1: The snapshot info is null. Setting the last applied indexto:(t:0, i:~)
2019-09-26 13:34:04,427 [pool-27-thread-1] INFO  server.RaftServerConfigKeys (ConfUtils.java:logGet(43)) - raft.server.notification.no-leader.timeout = 120s (custom)
2019-09-26 13:34:04,429 [pool-27-thread-1] INFO  server.RaftServerConfigKeys (ConfUtils.java:logGet(43)) - raft.server.log.use.memory = false (default)
2019-09-26 13:34:04,434 [pool-27-thread-1] INFO  server.RaftServerConfigKeys (ConfUtils.java:logGet(43)) - raft.server.log.purge.gap = 1000000 (custom)
2019-09-26 13:34:04,434 [pool-27-thread-1] INFO  server.RaftServerConfigKeys (ConfUtils.java:logGet(43)) - raft.server.log.appender.buffer.byte-limit = 33554432 (custom)
2019-09-26 13:34:04,436 [pool-27-thread-1] INFO  server.RaftServerConfigKeys (ConfUtils.java:logGet(43)) - raft.server.log.segment.size.max = 1048576 (custom)
2019-09-26 13:34:04,441 [pool-27-thread-1] INFO  server.RaftServerConfigKeys (ConfUtils.java:logGet(43)) - raft.server.log.segment.cache.num.max = 2 (custom)
2019-09-26 13:34:04,448 [pool-27-thread-1] INFO  segmented.SegmentedRaftLogWorker (SegmentedRaftLogWorker.java:<init>(172)) - new a6cc820d-4c20-4116-9864-c0f90ea69363@group-CF7A8DAFB2E1-SegmentedRaftLogWorker for RaftStorage:Storage Directory /workdir/hadoop-ozone/tools/target/test-dir/MiniOzoneClusterImpl-dc29704b-fdb8-4d9e-ab20-a88de5d9579b/datanode-0/data/ratis/65b8ec4a-d30f-4f77-b0e0-cf7a8dafb2e1
2019-09-26 13:34:04,451 [pool-27-thread-1] INFO  impl.MetricsSystemImpl (MetricsSystemImpl.java:init(158)) - ratis metrics system started (again)
2019-09-26 13:34:04,461 [pool-27-thread-1] INFO  metrics.MetricRegistries (MetricRegistriesLoader.java:load(64)) - Loaded MetricRegistries class org.apache.ratis.metrics.impl.MetricRegistriesImpl
2019-09-26 13:34:04,496 [pool-27-thread-1] INFO  server.RaftServerConfigKeys (ConfUtils.java:logGet(43)) - raft.server.log.queue.byte-limit = 2147483647 (custom)
2019-09-26 13:34:04,496 [pool-27-thread-1] INFO  server.RaftServerConfigKeys (ConfUtils.java:logGet(43)) - raft.server.log.queue.element-limit = 1024 (custom)
2019-09-26 13:34:04,500 [pool-27-thread-1] INFO  server.RaftServerConfigKeys (ConfUtils.java:logGet(43)) - raft.server.log.segment.size.max = 1048576 (custom)
2019-09-26 13:34:04,500 [pool-27-thread-1] INFO  server.RaftServerConfigKeys (ConfUtils.java:logGet(43)) - raft.server.log.preallocated.size = 16384 (custom)
2019-09-26 13:34:04,500 [pool-27-thread-1] INFO  server.RaftServerConfigKeys (ConfUtils.java:logGet(43)) - raft.server.log.write.buffer.size = 33554432 (custom)
2019-09-26 13:34:04,501 [pool-27-thread-1] INFO  server.RaftServerConfigKeys (ConfUtils.java:logGet(43)) - raft.server.log.force.sync.num = 128 (default)
2019-09-26 13:34:04,502 [pool-27-thread-1] INFO  server.RaftServerConfigKeys (ConfUtils.java:logGet(43)) - raft.server.log.statemachine.data.sync = true (default)
2019-09-26 13:34:04,502 [pool-27-thread-1] INFO  server.RaftServerConfigKeys (ConfUtils.java:logGet(43)) - raft.server.log.statemachine.data.sync.timeout = 10s (default)
2019-09-26 13:34:04,503 [pool-27-thread-1] INFO  server.RaftServerConfigKeys (ConfUtils.java:logGet(43)) - raft.server.log.statemachine.data.sync.timeout.retry = -1 (default)
2019-09-26 13:34:04,511 [pool-27-thread-1] INFO  server.RaftServerConfigKeys (ConfUtils.java:logGet(43)) - raft.server.log.statemachine.data.caching.enabled = true (custom)
2019-09-26 13:34:04,515 [pool-27-thread-1] INFO  segmented.SegmentedRaftLogWorker (SegmentedRaftLogWorker.java:lambda$new$0(132)) - a6cc820d-4c20-4116-9864-c0f90ea69363@group-CF7A8DAFB2E1-SegmentedRaftLogWorker: flushIndex: setUnconditionally 0 -> -1
2019-09-26 13:34:04,520 [pool-27-thread-1] INFO  server.RaftServerConfigKeys (ConfUtils.java:logGet(43)) - raft.server.snapshot.auto.trigger.enabled = true (custom)
2019-09-26 13:34:04,521 [pool-27-thread-1] INFO  server.RaftServerConfigKeys (ConfUtils.java:logGet(43)) - raft.server.snapshot.auto.trigger.threshold = 10000 (custom)
2019-09-26 13:34:04,521 [pool-27-thread-1] INFO  server.RaftServerConfigKeys (ConfUtils.java:logGet(43)) - raft.server.snapshot.retention.num.files = 5 (custom)
2019-09-26 13:34:04,522 [pool-27-thread-1] INFO  server.RaftServerConfigKeys (ConfUtils.java:logGet(43)) - raft.server.retrycache.expirytime = 600000ms (custom)
2019-09-26 13:34:04,549 [pool-27-thread-1] INFO  impl.RaftServerImpl (RaftServerImpl.java:start(185)) - a6cc820d-4c20-4116-9864-c0f90ea69363@group-CF7A8DAFB2E1: start as a follower, conf=-1: [a6cc820d-4c20-4116-9864-c0f90ea69363:192.168.164.238:45777], old=null
2019-09-26 13:34:04,550 [pool-27-thread-1] INFO  impl.RaftServerImpl (RaftServerImpl.java:setRole(174)) - a6cc820d-4c20-4116-9864-c0f90ea69363@group-CF7A8DAFB2E1: changes role from      null to FOLLOWER at term 0 for startAsFollower
2019-09-26 13:34:04,551 [pool-27-thread-1] INFO  impl.RoleInfo (RoleInfo.java:updateAndGet(143)) - a6cc820d-4c20-4116-9864-c0f90ea69363: start FollowerState
2019-09-26 13:34:04,553 [pool-27-thread-1] INFO  util.JmxRegister (JmxRegister.java:tryRegister(44)) - Successfully registered JMX Bean with object name Ratis:service=RaftServer,group=group-CF7A8DAFB2E1,id=a6cc820d-4c20-4116-9864-c0f90ea69363
2019-09-26 13:34:04,573 [main] INFO  freon.RandomKeyGenerator (RandomKeyGenerator.java:call(283)) - Number of Threads: 10
2019-09-26 13:34:04,575 [main] INFO  freon.RandomKeyGenerator (RandomKeyGenerator.java:call(288)) - Number of Volumes: 1.
2019-09-26 13:34:04,575 [main] INFO  freon.RandomKeyGenerator (RandomKeyGenerator.java:call(289)) - Number of Buckets per Volume: 1.
2019-09-26 13:34:04,575 [main] INFO  freon.RandomKeyGenerator (RandomKeyGenerator.java:call(290)) - Number of Keys per Bucket: 1.
2019-09-26 13:34:04,575 [main] INFO  freon.RandomKeyGenerator (RandomKeyGenerator.java:call(291)) - Key size: 20971520 bytes
2019-09-26 13:34:04,576 [main] INFO  freon.RandomKeyGenerator (RandomKeyGenerator.java:call(292)) - Buffer size: 4096 bytes
2019-09-26 13:34:04,576 [main] INFO  freon.RandomKeyGenerator (RandomKeyGenerator.java:call(293)) - validateWrites : true
2019-09-26 13:34:04,580 [main] INFO  freon.RandomKeyGenerator (RandomKeyGenerator.java:call(307)) - Data validation is enabled.
2019-09-26 13:34:04,583 [main] INFO  freon.RandomKeyGenerator (RandomKeyGenerator.java:call(313)) - Starting progress bar Thread.

 0.00% |█                                                                                                    |  0/1 Time: 0:00:002019-09-26 13:34:04,603 [pool-53-thread-2] INFO  rpc.RpcClient (RpcClient.java:createVolume(276)) - Creating Volume: vol-0-41850, with jenkins1000 as owner.
2019-09-26 13:34:04,612 [RatisPipelineUtilsThread] INFO  pipeline.PipelineStateManager (PipelineStateManager.java:addPipeline(56)) - Created pipeline Pipeline[ Id: 65b8ec4a-d30f-4f77-b0e0-cf7a8dafb2e1, Nodes: a6cc820d-4c20-4116-9864-c0f90ea69363{ip: 192.168.164.238, host: pr-hdds-1569-87zkn-1081879488, networkLocation: /default-rack, certSerialId: null}, Type:RATIS, Factor:ONE, State:OPEN]
2019-09-26 13:34:04,632 [grpc-default-executor-0] INFO  impl.RaftServerProxy (RaftServerProxy.java:addNew(89)) - 225bd7ce-61cd-45a9-80d4-d38af20818a5: addNew group-7CF41D7171C4:[225bd7ce-61cd-45a9-80d4-d38af20818a5:192.168.164.238:41146] returns group-7CF41D7171C4:java.util.concurrent.CompletableFuture@e2d39c2[Not completed]
2019-09-26 13:34:04,655 [pool-47-thread-1] INFO  impl.RaftServerImpl (RaftServerImpl.java:<init>(95)) - 225bd7ce-61cd-45a9-80d4-d38af20818a5: new RaftServerImpl for group-7CF41D7171C4:[225bd7ce-61cd-45a9-80d4-d38af20818a5:192.168.164.238:41146] with ContainerStateMachine:uninitialized
2019-09-26 13:34:04,656 [pool-47-thread-1] INFO  server.RaftServerConfigKeys (ConfUtils.java:logGet(43)) - raft.server.rpc.timeout.min = 5s (custom)
2019-09-26 13:34:04,656 [pool-47-thread-1] INFO  server.RaftServerConfigKeys (ConfUtils.java:logGet(43)) - raft.server.rpc.timeout.max = 5200ms (custom)
2019-09-26 13:34:04,657 [pool-47-thread-1] INFO  server.RaftServerConfigKeys (ConfUtils.java:logGet(43)) - raft.server.rpcslowness.timeout = 120s (custom)
2019-09-26 13:34:04,657 [pool-47-thread-1] INFO  server.RaftServerConfigKeys (ConfUtils.java:logGet(43)) - raft.server.sleep.deviation.threshold = 300 (default)
2019-09-26 13:34:04,657 [pool-47-thread-1] INFO  server.RaftServerConfigKeys (ConfUtils.java:logGet(43)) - raft.server.log.appender.install.snapshot.enabled = false (custom)
2019-09-26 13:34:04,657 [pool-47-thread-1] INFO  impl.RaftServerImpl (ServerState.java:<init>(103)) - 225bd7ce-61cd-45a9-80d4-d38af20818a5@group-7CF41D7171C4: ConfigurationManager, init=-1: [225bd7ce-61cd-45a9-80d4-d38af20818a5:192.168.164.238:41146], old=null, confs=<EMPTY_MAP>
2019-09-26 13:34:04,657 [pool-47-thread-1] INFO  server.RaftServerConfigKeys (ConfUtils.java:logGet(43)) - raft.server.storage.dir = [/workdir/hadoop-ozone/tools/target/test-dir/MiniOzoneClusterImpl-dc29704b-fdb8-4d9e-ab20-a88de5d9579b/datanode-2/data/ratis] (custom)
2019-09-26 13:34:04,658 [pool-47-thread-1] INFO  storage.RaftStorageDirectory (RaftStorageDirectory.java:analyzeStorage(246)) - The storage directory /workdir/hadoop-ozone/tools/target/test-dir/MiniOzoneClusterImpl-dc29704b-fdb8-4d9e-ab20-a88de5d9579b/datanode-2/data/ratis/1beeb09d-a6f8-4981-994e-7cf41d7171c4 does not exist. Creating ...
2019-09-26 13:34:04,682 [pool-47-thread-1] INFO  storage.RaftStorageDirectory (RaftStorageDirectory.java:tryLock(328)) - Lock on /workdir/hadoop-ozone/tools/target/test-dir/MiniOzoneClusterImpl-dc29704b-fdb8-4d9e-ab20-a88de5d9579b/datanode-2/data/ratis/1beeb09d-a6f8-4981-994e-7cf41d7171c4/in_use.lock acquired by nodename 17110@pr-hdds-1569-87zkn-1081879488
2019-09-26 13:34:04,695 [pool-47-thread-1] INFO  storage.RaftStorage (RaftStorage.java:format(72)) - Storage directory /workdir/hadoop-ozone/tools/target/test-dir/MiniOzoneClusterImpl-dc29704b-fdb8-4d9e-ab20-a88de5d9579b/datanode-2/data/ratis/1beeb09d-a6f8-4981-994e-7cf41d7171c4 has been successfully formatted.
2019-09-26 13:34:04,697 [pool-47-thread-1] INFO  ratis.ContainerStateMachine (ContainerStateMachine.java:loadSnapshot(230)) - group-7CF41D7171C4: The snapshot info is null. Setting the last applied indexto:(t:0, i:~)
2019-09-26 13:34:04,698 [pool-47-thread-1] INFO  server.RaftServerConfigKeys (ConfUtils.java:logGet(43)) - raft.server.notification.no-leader.timeout = 120s (custom)
2019-09-26 13:34:04,698 [pool-47-thread-1] INFO  server.RaftServerConfigKeys (ConfUtils.java:logGet(43)) - raft.server.log.use.memory = false (default)
2019-09-26 13:34:04,699 [pool-47-thread-1] INFO  server.RaftServerConfigKeys (ConfUtils.java:logGet(43)) - raft.server.log.purge.gap = 1000000 (custom)
2019-09-26 13:34:04,699 [pool-47-thread-1] INFO  server.RaftServerConfigKeys (ConfUtils.java:logGet(43)) - raft.server.log.appender.buffer.byte-limit = 33554432 (custom)
2019-09-26 13:34:04,699 [pool-47-thread-1] INFO  server.RaftServerConfigKeys (ConfUtils.java:logGet(43)) - raft.server.log.segment.size.max = 1048576 (custom)
2019-09-26 13:34:04,699 [pool-47-thread-1] INFO  server.RaftServerConfigKeys (ConfUtils.java:logGet(43)) - raft.server.log.segment.cache.num.max = 2 (custom)
2019-09-26 13:34:04,699 [pool-47-thread-1] INFO  segmented.SegmentedRaftLogWorker (SegmentedRaftLogWorker.java:<init>(172)) - new 225bd7ce-61cd-45a9-80d4-d38af20818a5@group-7CF41D7171C4-SegmentedRaftLogWorker for RaftStorage:Storage Directory /workdir/hadoop-ozone/tools/target/test-dir/MiniOzoneClusterImpl-dc29704b-fdb8-4d9e-ab20-a88de5d9579b/datanode-2/data/ratis/1beeb09d-a6f8-4981-994e-7cf41d7171c4
2019-09-26 13:34:04,705 [pool-47-thread-1] INFO  server.RaftServerConfigKeys (ConfUtils.java:logGet(43)) - raft.server.log.queue.byte-limit = 2147483647 (custom)
2019-09-26 13:34:04,706 [pool-47-thread-1] INFO  server.RaftServerConfigKeys (ConfUtils.java:logGet(43)) - raft.server.log.queue.element-limit = 1024 (custom)
2019-09-26 13:34:04,706 [pool-47-thread-1] INFO  server.RaftServerConfigKeys (ConfUtils.java:logGet(43)) - raft.server.log.segment.size.max = 1048576 (custom)
2019-09-26 13:34:04,706 [pool-47-thread-1] INFO  server.RaftServerConfigKeys (ConfUtils.java:logGet(43)) - raft.server.log.preallocated.size = 16384 (custom)
2019-09-26 13:34:04,706 [pool-47-thread-1] INFO  server.RaftServerConfigKeys (ConfUtils.java:logGet(43)) - raft.server.log.write.buffer.size = 33554432 (custom)
2019-09-26 13:34:04,706 [pool-47-thread-1] INFO  server.RaftServerConfigKeys (ConfUtils.java:logGet(43)) - raft.server.log.force.sync.num = 128 (default)
2019-09-26 13:34:04,706 [pool-47-thread-1] INFO  server.RaftServerConfigKeys (ConfUtils.java:logGet(43)) - raft.server.log.statemachine.data.sync = true (default)
2019-09-26 13:34:04,707 [pool-47-thread-1] INFO  server.RaftServerConfigKeys (ConfUtils.java:logGet(43)) - raft.server.log.statemachine.data.sync.timeout = 10s (default)
2019-09-26 13:34:04,707 [pool-47-thread-1] INFO  server.RaftServerConfigKeys (ConfUtils.java:logGet(43)) - raft.server.log.statemachine.data.sync.timeout.retry = -1 (default)
2019-09-26 13:34:04,707 [pool-47-thread-1] INFO  server.RaftServerConfigKeys (ConfUtils.java:logGet(43)) - raft.server.log.statemachine.data.caching.enabled = true (custom)
2019-09-26 13:34:04,707 [pool-47-thread-1] INFO  segmented.SegmentedRaftLogWorker (SegmentedRaftLogWorker.java:lambda$new$0(132)) - 225bd7ce-61cd-45a9-80d4-d38af20818a5@group-7CF41D7171C4-SegmentedRaftLogWorker: flushIndex: setUnconditionally 0 -> -1
2019-09-26 13:34:04,708 [pool-47-thread-1] INFO  server.RaftServerConfigKeys (ConfUtils.java:logGet(43)) - raft.server.snapshot.auto.trigger.enabled = true (custom)
2019-09-26 13:34:04,708 [pool-47-thread-1] INFO  server.RaftServerConfigKeys (ConfUtils.java:logGet(43)) - raft.server.snapshot.auto.trigger.threshold = 10000 (custom)
2019-09-26 13:34:04,708 [pool-47-thread-1] INFO  server.RaftServerConfigKeys (ConfUtils.java:logGet(43)) - raft.server.snapshot.retention.num.files = 5 (custom)
2019-09-26 13:34:04,708 [pool-47-thread-1] INFO  server.RaftServerConfigKeys (ConfUtils.java:logGet(43)) - raft.server.retrycache.expirytime = 600000ms (custom)
2019-09-26 13:34:04,713 [pool-47-thread-1] INFO  impl.RaftServerImpl (RaftServerImpl.java:start(185)) - 225bd7ce-61cd-45a9-80d4-d38af20818a5@group-7CF41D7171C4: start as a follower, conf=-1: [225bd7ce-61cd-45a9-80d4-d38af20818a5:192.168.164.238:41146], old=null
2019-09-26 13:34:04,713 [pool-47-thread-1] INFO  impl.RaftServerImpl (RaftServerImpl.java:setRole(174)) - 225bd7ce-61cd-45a9-80d4-d38af20818a5@group-7CF41D7171C4: changes role from      null to FOLLOWER at term 0 for startAsFollower
2019-09-26 13:34:04,713 [pool-47-thread-1] INFO  impl.RoleInfo (RoleInfo.java:updateAndGet(143)) - 225bd7ce-61cd-45a9-80d4-d38af20818a5: start FollowerState
2019-09-26 13:34:04,715 [pool-47-thread-1] INFO  util.JmxRegister (JmxRegister.java:tryRegister(44)) - Successfully registered JMX Bean with object name Ratis:service=RaftServer,group=group-7CF41D7171C4,id=225bd7ce-61cd-45a9-80d4-d38af20818a5
2019-09-26 13:34:04,728 [RatisPipelineUtilsThread] INFO  pipeline.PipelineStateManager (PipelineStateManager.java:addPipeline(56)) - Created pipeline Pipeline[ Id: 1beeb09d-a6f8-4981-994e-7cf41d7171c4, Nodes: 225bd7ce-61cd-45a9-80d4-d38af20818a5{ip: 192.168.164.238, host: pr-hdds-1569-87zkn-1081879488, networkLocation: /default-rack, certSerialId: null}, Type:RATIS, Factor:ONE, State:OPEN]
2019-09-26 13:34:04,732 [IPC Server handler 1 on 35162] INFO  volume.OMVolumeCreateRequest (OMVolumeCreateRequest.java:validateAndUpdateCache(189)) - created volume:vol-0-41850 for user:jenkins1000
2019-09-26 13:34:04,746 [grpc-default-executor-0] INFO  impl.RaftServerProxy (RaftServerProxy.java:addNew(89)) - a6cc820d-4c20-4116-9864-c0f90ea69363: addNew group-BF9900470043:[a6cc820d-4c20-4116-9864-c0f90ea69363:192.168.164.238:45777] returns group-BF9900470043:java.util.concurrent.CompletableFuture@5bcb4ca7[Not completed]
2019-09-26 13:34:04,765 [pool-27-thread-1] INFO  impl.RaftServerImpl (RaftServerImpl.java:<init>(95)) - a6cc820d-4c20-4116-9864-c0f90ea69363: new RaftServerImpl for group-BF9900470043:[a6cc820d-4c20-4116-9864-c0f90ea69363:192.168.164.238:45777] with ContainerStateMachine:uninitialized
2019-09-26 13:34:04,766 [pool-27-thread-1] INFO  server.RaftServerConfigKeys (ConfUtils.java:logGet(43)) - raft.server.rpc.timeout.min = 5s (custom)
2019-09-26 13:34:04,766 [pool-27-thread-1] INFO  server.RaftServerConfigKeys (ConfUtils.java:logGet(43)) - raft.server.rpc.timeout.max = 5200ms (custom)
2019-09-26 13:34:04,767 [pool-27-thread-1] INFO  server.RaftServerConfigKeys (ConfUtils.java:logGet(43)) - raft.server.rpcslowness.timeout = 120s (custom)
2019-09-26 13:34:04,767 [pool-27-thread-1] INFO  server.RaftServerConfigKeys (ConfUtils.java:logGet(43)) - raft.server.sleep.deviation.threshold = 300 (default)
2019-09-26 13:34:04,767 [pool-27-thread-1] INFO  server.RaftServerConfigKeys (ConfUtils.java:logGet(43)) - raft.server.log.appender.install.snapshot.enabled = false (custom)
2019-09-26 13:34:04,767 [pool-27-thread-1] INFO  impl.RaftServerImpl (ServerState.java:<init>(103)) - a6cc820d-4c20-4116-9864-c0f90ea69363@group-BF9900470043: ConfigurationManager, init=-1: [a6cc820d-4c20-4116-9864-c0f90ea69363:192.168.164.238:45777], old=null, confs=<EMPTY_MAP>
2019-09-26 13:34:04,768 [pool-27-thread-1] INFO  server.RaftServerConfigKeys (ConfUtils.java:logGet(43)) - raft.server.storage.dir = [/workdir/hadoop-ozone/tools/target/test-dir/MiniOzoneClusterImpl-dc29704b-fdb8-4d9e-ab20-a88de5d9579b/datanode-0/data/ratis] (custom)
2019-09-26 13:34:04,768 [pool-27-thread-1] INFO  storage.RaftStorageDirectory (RaftStorageDirectory.java:analyzeStorage(246)) - The storage directory /workdir/hadoop-ozone/tools/target/test-dir/MiniOzoneClusterImpl-dc29704b-fdb8-4d9e-ab20-a88de5d9579b/datanode-0/data/ratis/daec9807-61df-40d2-a9d2-bf9900470043 does not exist. Creating ...
2019-09-26 13:34:04,776 [pool-53-thread-1] INFO  rpc.RpcClient (RpcClient.java:createBucket(415)) - Creating Bucket: vol-0-41850/bucket-0-81553, with Versioning false and Storage Type set to DISK and Encryption set to false 
2019-09-26 13:34:04,781 [pool-27-thread-1] INFO  storage.RaftStorageDirectory (RaftStorageDirectory.java:tryLock(328)) - Lock on /workdir/hadoop-ozone/tools/target/test-dir/MiniOzoneClusterImpl-dc29704b-fdb8-4d9e-ab20-a88de5d9579b/datanode-0/data/ratis/daec9807-61df-40d2-a9d2-bf9900470043/in_use.lock acquired by nodename 17110@pr-hdds-1569-87zkn-1081879488
2019-09-26 13:34:04,795 [pool-27-thread-1] INFO  storage.RaftStorage (RaftStorage.java:format(72)) - Storage directory /workdir/hadoop-ozone/tools/target/test-dir/MiniOzoneClusterImpl-dc29704b-fdb8-4d9e-ab20-a88de5d9579b/datanode-0/data/ratis/daec9807-61df-40d2-a9d2-bf9900470043 has been successfully formatted.
2019-09-26 13:34:04,795 [pool-27-thread-1] INFO  ratis.ContainerStateMachine (ContainerStateMachine.java:loadSnapshot(230)) - group-BF9900470043: The snapshot info is null. Setting the last applied indexto:(t:0, i:~)
2019-09-26 13:34:04,796 [pool-27-thread-1] INFO  server.RaftServerConfigKeys (ConfUtils.java:logGet(43)) - raft.server.notification.no-leader.timeout = 120s (custom)
2019-09-26 13:34:04,796 [pool-27-thread-1] INFO  server.RaftServerConfigKeys (ConfUtils.java:logGet(43)) - raft.server.log.use.memory = false (default)
2019-09-26 13:34:04,796 [pool-27-thread-1] INFO  server.RaftServerConfigKeys (ConfUtils.java:logGet(43)) - raft.server.log.purge.gap = 1000000 (custom)
2019-09-26 13:34:04,796 [pool-27-thread-1] INFO  server.RaftServerConfigKeys (ConfUtils.java:logGet(43)) - raft.server.log.appender.buffer.byte-limit = 33554432 (custom)
2019-09-26 13:34:04,797 [pool-27-thread-1] INFO  server.RaftServerConfigKeys (ConfUtils.java:logGet(43)) - raft.server.log.segment.size.max = 1048576 (custom)
2019-09-26 13:34:04,797 [pool-27-thread-1] INFO  server.RaftServerConfigKeys (ConfUtils.java:logGet(43)) - raft.server.log.segment.cache.num.max = 2 (custom)
2019-09-26 13:34:04,797 [pool-27-thread-1] INFO  segmented.SegmentedRaftLogWorker (SegmentedRaftLogWorker.java:<init>(172)) - new a6cc820d-4c20-4116-9864-c0f90ea69363@group-BF9900470043-SegmentedRaftLogWorker for RaftStorage:Storage Directory /workdir/hadoop-ozone/tools/target/test-dir/MiniOzoneClusterImpl-dc29704b-fdb8-4d9e-ab20-a88de5d9579b/datanode-0/data/ratis/daec9807-61df-40d2-a9d2-bf9900470043
2019-09-26 13:34:04,797 [pool-27-thread-1] INFO  server.RaftServerConfigKeys (ConfUtils.java:logGet(43)) - raft.server.log.queue.byte-limit = 2147483647 (custom)
2019-09-26 13:34:04,798 [pool-27-thread-1] INFO  server.RaftServerConfigKeys (ConfUtils.java:logGet(43)) - raft.server.log.queue.element-limit = 1024 (custom)
2019-09-26 13:34:04,798 [pool-27-thread-1] INFO  server.RaftServerConfigKeys (ConfUtils.java:logGet(43)) - raft.server.log.segment.size.max = 1048576 (custom)
2019-09-26 13:34:04,798 [pool-27-thread-1] INFO  server.RaftServerConfigKeys (ConfUtils.java:logGet(43)) - raft.server.log.preallocated.size = 16384 (custom)
2019-09-26 13:34:04,798 [pool-27-thread-1] INFO  server.RaftServerConfigKeys (ConfUtils.java:logGet(43)) - raft.server.log.write.buffer.size = 33554432 (custom)
2019-09-26 13:34:04,799 [pool-27-thread-1] INFO  server.RaftServerConfigKeys (ConfUtils.java:logGet(43)) - raft.server.log.force.sync.num = 128 (default)
2019-09-26 13:34:04,799 [pool-27-thread-1] INFO  server.RaftServerConfigKeys (ConfUtils.java:logGet(43)) - raft.server.log.statemachine.data.sync = true (default)
2019-09-26 13:34:04,799 [pool-27-thread-1] INFO  server.RaftServerConfigKeys (ConfUtils.java:logGet(43)) - raft.server.log.statemachine.data.sync.timeout = 10s (default)
2019-09-26 13:34:04,799 [pool-27-thread-1] INFO  server.RaftServerConfigKeys (ConfUtils.java:logGet(43)) - raft.server.log.statemachine.data.sync.timeout.retry = -1 (default)
2019-09-26 13:34:04,800 [pool-27-thread-1] INFO  server.RaftServerConfigKeys (ConfUtils.java:logGet(43)) - raft.server.log.statemachine.data.caching.enabled = true (custom)
2019-09-26 13:34:04,800 [pool-27-thread-1] INFO  segmented.SegmentedRaftLogWorker (SegmentedRaftLogWorker.java:lambda$new$0(132)) - a6cc820d-4c20-4116-9864-c0f90ea69363@group-BF9900470043-SegmentedRaftLogWorker: flushIndex: setUnconditionally 0 -> -1
2019-09-26 13:34:04,801 [pool-27-thread-1] INFO  server.RaftServerConfigKeys (ConfUtils.java:logGet(43)) - raft.server.snapshot.auto.trigger.enabled = true (custom)
2019-09-26 13:34:04,801 [pool-27-thread-1] INFO  server.RaftServerConfigKeys (ConfUtils.java:logGet(43)) - raft.server.snapshot.auto.trigger.threshold = 10000 (custom)
2019-09-26 13:34:04,801 [pool-27-thread-1] INFO  server.RaftServerConfigKeys (ConfUtils.java:logGet(43)) - raft.server.snapshot.retention.num.files = 5 (custom)
2019-09-26 13:34:04,802 [pool-27-thread-1] INFO  server.RaftServerConfigKeys (ConfUtils.java:logGet(43)) - raft.server.retrycache.expirytime = 600000ms (custom)
2019-09-26 13:34:04,823 [pool-27-thread-1] INFO  impl.RaftServerImpl (RaftServerImpl.java:start(185)) - a6cc820d-4c20-4116-9864-c0f90ea69363@group-BF9900470043: start as a follower, conf=-1: [a6cc820d-4c20-4116-9864-c0f90ea69363:192.168.164.238:45777], old=null
2019-09-26 13:34:04,823 [pool-27-thread-1] INFO  impl.RaftServerImpl (RaftServerImpl.java:setRole(174)) - a6cc820d-4c20-4116-9864-c0f90ea69363@group-BF9900470043: changes role from      null to FOLLOWER at term 0 for startAsFollower
2019-09-26 13:34:04,824 [pool-27-thread-1] INFO  impl.RoleInfo (RoleInfo.java:updateAndGet(143)) - a6cc820d-4c20-4116-9864-c0f90ea69363: start FollowerState
2019-09-26 13:34:04,824 [pool-27-thread-1] INFO  util.JmxRegister (JmxRegister.java:tryRegister(44)) - Successfully registered JMX Bean with object name Ratis:service=RaftServer,group=group-BF9900470043,id=a6cc820d-4c20-4116-9864-c0f90ea69363
2019-09-26 13:34:04,835 [RatisPipelineUtilsThread] INFO  pipeline.PipelineStateManager (PipelineStateManager.java:addPipeline(56)) - Created pipeline Pipeline[ Id: daec9807-61df-40d2-a9d2-bf9900470043, Nodes: a6cc820d-4c20-4116-9864-c0f90ea69363{ip: 192.168.164.238, host: pr-hdds-1569-87zkn-1081879488, networkLocation: /default-rack, certSerialId: null}, Type:RATIS, Factor:ONE, State:OPEN]
2019-09-26 13:34:04,857 [grpc-default-executor-0] INFO  impl.RaftServerProxy (RaftServerProxy.java:addNew(89)) - a6cc820d-4c20-4116-9864-c0f90ea69363: addNew group-FC77AF626872:[a6cc820d-4c20-4116-9864-c0f90ea69363:192.168.164.238:45777] returns group-FC77AF626872:java.util.concurrent.CompletableFuture@22f2bdf1[Not completed]
2019-09-26 13:34:04,860 [pool-27-thread-1] INFO  impl.RaftServerImpl (RaftServerImpl.java:<init>(95)) - a6cc820d-4c20-4116-9864-c0f90ea69363: new RaftServerImpl for group-FC77AF626872:[a6cc820d-4c20-4116-9864-c0f90ea69363:192.168.164.238:45777] with ContainerStateMachine:uninitialized
2019-09-26 13:34:04,860 [pool-27-thread-1] INFO  server.RaftServerConfigKeys (ConfUtils.java:logGet(43)) - raft.server.rpc.timeout.min = 5s (custom)
2019-09-26 13:34:04,860 [pool-27-thread-1] INFO  server.RaftServerConfigKeys (ConfUtils.java:logGet(43)) - raft.server.rpc.timeout.max = 5200ms (custom)
2019-09-26 13:34:04,860 [pool-27-thread-1] INFO  server.RaftServerConfigKeys (ConfUtils.java:logGet(43)) - raft.server.rpcslowness.timeout = 120s (custom)
2019-09-26 13:34:04,861 [pool-27-thread-1] INFO  server.RaftServerConfigKeys (ConfUtils.java:logGet(43)) - raft.server.sleep.deviation.threshold = 300 (default)
2019-09-26 13:34:04,861 [pool-27-thread-1] INFO  server.RaftServerConfigKeys (ConfUtils.java:logGet(43)) - raft.server.log.appender.install.snapshot.enabled = false (custom)
2019-09-26 13:34:04,861 [pool-27-thread-1] INFO  impl.RaftServerImpl (ServerState.java:<init>(103)) - a6cc820d-4c20-4116-9864-c0f90ea69363@group-FC77AF626872: ConfigurationManager, init=-1: [a6cc820d-4c20-4116-9864-c0f90ea69363:192.168.164.238:45777], old=null, confs=<EMPTY_MAP>
2019-09-26 13:34:04,861 [pool-27-thread-1] INFO  server.RaftServerConfigKeys (ConfUtils.java:logGet(43)) - raft.server.storage.dir = [/workdir/hadoop-ozone/tools/target/test-dir/MiniOzoneClusterImpl-dc29704b-fdb8-4d9e-ab20-a88de5d9579b/datanode-0/data/ratis] (custom)
2019-09-26 13:34:04,862 [pool-27-thread-1] INFO  storage.RaftStorageDirectory (RaftStorageDirectory.java:analyzeStorage(246)) - The storage directory /workdir/hadoop-ozone/tools/target/test-dir/MiniOzoneClusterImpl-dc29704b-fdb8-4d9e-ab20-a88de5d9579b/datanode-0/data/ratis/2b304ea8-6a33-443a-9c24-fc77af626872 does not exist. Creating ...
2019-09-26 13:34:04,883 [pool-27-thread-1] INFO  storage.RaftStorageDirectory (RaftStorageDirectory.java:tryLock(328)) - Lock on /workdir/hadoop-ozone/tools/target/test-dir/MiniOzoneClusterImpl-dc29704b-fdb8-4d9e-ab20-a88de5d9579b/datanode-0/data/ratis/2b304ea8-6a33-443a-9c24-fc77af626872/in_use.lock acquired by nodename 17110@pr-hdds-1569-87zkn-1081879488
2019-09-26 13:34:04,896 [pool-27-thread-1] INFO  storage.RaftStorage (RaftStorage.java:format(72)) - Storage directory /workdir/hadoop-ozone/tools/target/test-dir/MiniOzoneClusterImpl-dc29704b-fdb8-4d9e-ab20-a88de5d9579b/datanode-0/data/ratis/2b304ea8-6a33-443a-9c24-fc77af626872 has been successfully formatted.
2019-09-26 13:34:04,896 [pool-27-thread-1] INFO  ratis.ContainerStateMachine (ContainerStateMachine.java:loadSnapshot(230)) - group-FC77AF626872: The snapshot info is null. Setting the last applied indexto:(t:0, i:~)
2019-09-26 13:34:04,897 [pool-27-thread-1] INFO  server.RaftServerConfigKeys (ConfUtils.java:logGet(43)) - raft.server.notification.no-leader.timeout = 120s (custom)
2019-09-26 13:34:04,897 [pool-27-thread-1] INFO  server.RaftServerConfigKeys (ConfUtils.java:logGet(43)) - raft.server.log.use.memory = false (default)
2019-09-26 13:34:04,897 [pool-27-thread-1] INFO  server.RaftServerConfigKeys (ConfUtils.java:logGet(43)) - raft.server.log.purge.gap = 1000000 (custom)
2019-09-26 13:34:04,897 [pool-27-thread-1] INFO  server.RaftServerConfigKeys (ConfUtils.java:logGet(43)) - raft.server.log.appender.buffer.byte-limit = 33554432 (custom)
2019-09-26 13:34:04,897 [pool-27-thread-1] INFO  server.RaftServerConfigKeys (ConfUtils.java:logGet(43)) - raft.server.log.segment.size.max = 1048576 (custom)
2019-09-26 13:34:04,898 [pool-27-thread-1] INFO  server.RaftServerConfigKeys (ConfUtils.java:logGet(43)) - raft.server.log.segment.cache.num.max = 2 (custom)
2019-09-26 13:34:04,898 [pool-27-thread-1] INFO  segmented.SegmentedRaftLogWorker (SegmentedRaftLogWorker.java:<init>(172)) - new a6cc820d-4c20-4116-9864-c0f90ea69363@group-FC77AF626872-SegmentedRaftLogWorker for RaftStorage:Storage Directory /workdir/hadoop-ozone/tools/target/test-dir/MiniOzoneClusterImpl-dc29704b-fdb8-4d9e-ab20-a88de5d9579b/datanode-0/data/ratis/2b304ea8-6a33-443a-9c24-fc77af626872
2019-09-26 13:34:04,898 [pool-27-thread-1] INFO  server.RaftServerConfigKeys (ConfUtils.java:logGet(43)) - raft.server.log.queue.byte-limit = 2147483647 (custom)
2019-09-26 13:34:04,898 [pool-27-thread-1] INFO  server.RaftServerConfigKeys (ConfUtils.java:logGet(43)) - raft.server.log.queue.element-limit = 1024 (custom)
2019-09-26 13:34:04,899 [pool-27-thread-1] INFO  server.RaftServerConfigKeys (ConfUtils.java:logGet(43)) - raft.server.log.segment.size.max = 1048576 (custom)
2019-09-26 13:34:04,899 [pool-27-thread-1] INFO  server.RaftServerConfigKeys (ConfUtils.java:logGet(43)) - raft.server.log.preallocated.size = 16384 (custom)
2019-09-26 13:34:04,899 [pool-27-thread-1] INFO  server.RaftServerConfigKeys (ConfUtils.java:logGet(43)) - raft.server.log.write.buffer.size = 33554432 (custom)
2019-09-26 13:34:04,899 [pool-27-thread-1] INFO  server.RaftServerConfigKeys (ConfUtils.java:logGet(43)) - raft.server.log.force.sync.num = 128 (default)
2019-09-26 13:34:04,899 [pool-27-thread-1] INFO  server.RaftServerConfigKeys (ConfUtils.java:logGet(43)) - raft.server.log.statemachine.data.sync = true (default)
2019-09-26 13:34:04,899 [pool-27-thread-1] INFO  server.RaftServerConfigKeys (ConfUtils.java:logGet(43)) - raft.server.log.statemachine.data.sync.timeout = 10s (default)
2019-09-26 13:34:04,900 [pool-27-thread-1] INFO  server.RaftServerConfigKeys (ConfUtils.java:logGet(43)) - raft.server.log.statemachine.data.sync.timeout.retry = -1 (default)
2019-09-26 13:34:04,900 [pool-27-thread-1] INFO  server.RaftServerConfigKeys (ConfUtils.java:logGet(43)) - raft.server.log.statemachine.data.caching.enabled = true (custom)
2019-09-26 13:34:04,900 [pool-27-thread-1] INFO  segmented.SegmentedRaftLogWorker (SegmentedRaftLogWorker.java:lambda$new$0(132)) - a6cc820d-4c20-4116-9864-c0f90ea69363@group-FC77AF626872-SegmentedRaftLogWorker: flushIndex: setUnconditionally 0 -> -1
2019-09-26 13:34:04,901 [pool-27-thread-1] INFO  server.RaftServerConfigKeys (ConfUtils.java:logGet(43)) - raft.server.snapshot.auto.trigger.enabled = true (custom)
2019-09-26 13:34:04,901 [pool-27-thread-1] INFO  server.RaftServerConfigKeys (ConfUtils.java:logGet(43)) - raft.server.snapshot.auto.trigger.threshold = 10000 (custom)
2019-09-26 13:34:04,901 [pool-27-thread-1] INFO  server.RaftServerConfigKeys (ConfUtils.java:logGet(43)) - raft.server.snapshot.retention.num.files = 5 (custom)
2019-09-26 13:34:04,901 [pool-27-thread-1] INFO  server.RaftServerConfigKeys (ConfUtils.java:logGet(43)) - raft.server.retrycache.expirytime = 600000ms (custom)
2019-09-26 13:34:04,907 [pool-27-thread-1] INFO  impl.RaftServerImpl (RaftServerImpl.java:start(185)) - a6cc820d-4c20-4116-9864-c0f90ea69363@group-FC77AF626872: start as a follower, conf=-1: [a6cc820d-4c20-4116-9864-c0f90ea69363:192.168.164.238:45777], old=null
2019-09-26 13:34:04,907 [pool-27-thread-1] INFO  impl.RaftServerImpl (RaftServerImpl.java:setRole(174)) - a6cc820d-4c20-4116-9864-c0f90ea69363@group-FC77AF626872: changes role from      null to FOLLOWER at term 0 for startAsFollower
2019-09-26 13:34:04,908 [pool-27-thread-1] INFO  impl.RoleInfo (RoleInfo.java:updateAndGet(143)) - a6cc820d-4c20-4116-9864-c0f90ea69363: start FollowerState
2019-09-26 13:34:04,908 [pool-27-thread-1] INFO  util.JmxRegister (JmxRegister.java:tryRegister(44)) - Successfully registered JMX Bean with object name Ratis:service=RaftServer,group=group-FC77AF626872,id=a6cc820d-4c20-4116-9864-c0f90ea69363
2019-09-26 13:34:04,918 [RatisPipelineUtilsThread] INFO  pipeline.PipelineStateManager (PipelineStateManager.java:addPipeline(56)) - Created pipeline Pipeline[ Id: 2b304ea8-6a33-443a-9c24-fc77af626872, Nodes: a6cc820d-4c20-4116-9864-c0f90ea69363{ip: 192.168.164.238, host: pr-hdds-1569-87zkn-1081879488, networkLocation: /default-rack, certSerialId: null}, Type:RATIS, Factor:ONE, State:OPEN]
2019-09-26 13:34:04,933 [grpc-default-executor-0] INFO  impl.RaftServerProxy (RaftServerProxy.java:addNew(89)) - a6cc820d-4c20-4116-9864-c0f90ea69363: addNew group-713F11DD94EE:[a6cc820d-4c20-4116-9864-c0f90ea69363:192.168.164.238:45777] returns group-713F11DD94EE:java.util.concurrent.CompletableFuture@4d82f0d9[Not completed]
2019-09-26 13:34:04,935 [pool-27-thread-1] INFO  impl.RaftServerImpl (RaftServerImpl.java:<init>(95)) - a6cc820d-4c20-4116-9864-c0f90ea69363: new RaftServerImpl for group-713F11DD94EE:[a6cc820d-4c20-4116-9864-c0f90ea69363:192.168.164.238:45777] with ContainerStateMachine:uninitialized
2019-09-26 13:34:04,935 [pool-27-thread-1] INFO  server.RaftServerConfigKeys (ConfUtils.java:logGet(43)) - raft.server.rpc.timeout.min = 5s (custom)
2019-09-26 13:34:04,936 [pool-27-thread-1] INFO  server.RaftServerConfigKeys (ConfUtils.java:logGet(43)) - raft.server.rpc.timeout.max = 5200ms (custom)
2019-09-26 13:34:04,936 [pool-27-thread-1] INFO  server.RaftServerConfigKeys (ConfUtils.java:logGet(43)) - raft.server.rpcslowness.timeout = 120s (custom)
2019-09-26 13:34:04,936 [pool-27-thread-1] INFO  server.RaftServerConfigKeys (ConfUtils.java:logGet(43)) - raft.server.sleep.deviation.threshold = 300 (default)
2019-09-26 13:34:04,936 [pool-27-thread-1] INFO  server.RaftServerConfigKeys (ConfUtils.java:logGet(43)) - raft.server.log.appender.install.snapshot.enabled = false (custom)
2019-09-26 13:34:04,936 [pool-27-thread-1] INFO  impl.RaftServerImpl (ServerState.java:<init>(103)) - a6cc820d-4c20-4116-9864-c0f90ea69363@group-713F11DD94EE: ConfigurationManager, init=-1: [a6cc820d-4c20-4116-9864-c0f90ea69363:192.168.164.238:45777], old=null, confs=<EMPTY_MAP>
2019-09-26 13:34:04,937 [pool-27-thread-1] INFO  server.RaftServerConfigKeys (ConfUtils.java:logGet(43)) - raft.server.storage.dir = [/workdir/hadoop-ozone/tools/target/test-dir/MiniOzoneClusterImpl-dc29704b-fdb8-4d9e-ab20-a88de5d9579b/datanode-0/data/ratis] (custom)
2019-09-26 13:34:04,937 [pool-27-thread-1] INFO  storage.RaftStorageDirectory (RaftStorageDirectory.java:analyzeStorage(246)) - The storage directory /workdir/hadoop-ozone/tools/target/test-dir/MiniOzoneClusterImpl-dc29704b-fdb8-4d9e-ab20-a88de5d9579b/datanode-0/data/ratis/6a16c6e7-58a9-4934-907d-713f11dd94ee does not exist. Creating ...
2019-09-26 13:34:04,950 [pool-27-thread-1] INFO  storage.RaftStorageDirectory (RaftStorageDirectory.java:tryLock(328)) - Lock on /workdir/hadoop-ozone/tools/target/test-dir/MiniOzoneClusterImpl-dc29704b-fdb8-4d9e-ab20-a88de5d9579b/datanode-0/data/ratis/6a16c6e7-58a9-4934-907d-713f11dd94ee/in_use.lock acquired by nodename 17110@pr-hdds-1569-87zkn-1081879488
2019-09-26 13:34:04,969 [pool-27-thread-1] INFO  storage.RaftStorage (RaftStorage.java:format(72)) - Storage directory /workdir/hadoop-ozone/tools/target/test-dir/MiniOzoneClusterImpl-dc29704b-fdb8-4d9e-ab20-a88de5d9579b/datanode-0/data/ratis/6a16c6e7-58a9-4934-907d-713f11dd94ee has been successfully formatted.
2019-09-26 13:34:04,969 [pool-27-thread-1] INFO  ratis.ContainerStateMachine (ContainerStateMachine.java:loadSnapshot(230)) - group-713F11DD94EE: The snapshot info is null. Setting the last applied indexto:(t:0, i:~)
2019-09-26 13:34:04,969 [pool-27-thread-1] INFO  server.RaftServerConfigKeys (ConfUtils.java:logGet(43)) - raft.server.notification.no-leader.timeout = 120s (custom)
2019-09-26 13:34:04,969 [pool-27-thread-1] INFO  server.RaftServerConfigKeys (ConfUtils.java:logGet(43)) - raft.server.log.use.memory = false (default)
2019-09-26 13:34:04,970 [pool-27-thread-1] INFO  server.RaftServerConfigKeys (ConfUtils.java:logGet(43)) - raft.server.log.purge.gap = 1000000 (custom)
2019-09-26 13:34:04,970 [pool-27-thread-1] INFO  server.RaftServerConfigKeys (ConfUtils.java:logGet(43)) - raft.server.log.appender.buffer.byte-limit = 33554432 (custom)
2019-09-26 13:34:04,970 [pool-27-thread-1] INFO  server.RaftServerConfigKeys (ConfUtils.java:logGet(43)) - raft.server.log.segment.size.max = 1048576 (custom)
2019-09-26 13:34:04,970 [pool-27-thread-1] INFO  server.RaftServerConfigKeys (ConfUtils.java:logGet(43)) - raft.server.log.segment.cache.num.max = 2 (custom)
2019-09-26 13:34:04,970 [pool-27-thread-1] INFO  segmented.SegmentedRaftLogWorker (SegmentedRaftLogWorker.java:<init>(172)) - new a6cc820d-4c20-4116-9864-c0f90ea69363@group-713F11DD94EE-SegmentedRaftLogWorker for RaftStorage:Storage Directory /workdir/hadoop-ozone/tools/target/test-dir/MiniOzoneClusterImpl-dc29704b-fdb8-4d9e-ab20-a88de5d9579b/datanode-0/data/ratis/6a16c6e7-58a9-4934-907d-713f11dd94ee
2019-09-26 13:34:04,970 [pool-27-thread-1] INFO  server.RaftServerConfigKeys (ConfUtils.java:logGet(43)) - raft.server.log.queue.byte-limit = 2147483647 (custom)
2019-09-26 13:34:04,971 [pool-27-thread-1] INFO  server.RaftServerConfigKeys (ConfUtils.java:logGet(43)) - raft.server.log.queue.element-limit = 1024 (custom)
2019-09-26 13:34:04,971 [pool-27-thread-1] INFO  server.RaftServerConfigKeys (ConfUtils.java:logGet(43)) - raft.server.log.segment.size.max = 1048576 (custom)
2019-09-26 13:34:04,971 [pool-27-thread-1] INFO  server.RaftServerConfigKeys (ConfUtils.java:logGet(43)) - raft.server.log.preallocated.size = 16384 (custom)
2019-09-26 13:34:04,971 [pool-27-thread-1] INFO  server.RaftServerConfigKeys (ConfUtils.java:logGet(43)) - raft.server.log.write.buffer.size = 33554432 (custom)
2019-09-26 13:34:04,971 [pool-27-thread-1] INFO  server.RaftServerConfigKeys (ConfUtils.java:logGet(43)) - raft.server.log.force.sync.num = 128 (default)
2019-09-26 13:34:04,971 [pool-27-thread-1] INFO  server.RaftServerConfigKeys (ConfUtils.java:logGet(43)) - raft.server.log.statemachine.data.sync = true (default)
2019-09-26 13:34:04,972 [pool-27-thread-1] INFO  server.RaftServerConfigKeys (ConfUtils.java:logGet(43)) - raft.server.log.statemachine.data.sync.timeout = 10s (default)
2019-09-26 13:34:04,972 [pool-27-thread-1] INFO  server.RaftServerConfigKeys (ConfUtils.java:logGet(43)) - raft.server.log.statemachine.data.sync.timeout.retry = -1 (default)
2019-09-26 13:34:04,972 [pool-27-thread-1] INFO  server.RaftServerConfigKeys (ConfUtils.java:logGet(43)) - raft.server.log.statemachine.data.caching.enabled = true (custom)
2019-09-26 13:34:04,973 [pool-27-thread-1] INFO  segmented.SegmentedRaftLogWorker (SegmentedRaftLogWorker.java:lambda$new$0(132)) - a6cc820d-4c20-4116-9864-c0f90ea69363@group-713F11DD94EE-SegmentedRaftLogWorker: flushIndex: setUnconditionally 0 -> -1
2019-09-26 13:34:04,973 [pool-27-thread-1] INFO  server.RaftServerConfigKeys (ConfUtils.java:logGet(43)) - raft.server.snapshot.auto.trigger.enabled = true (custom)
2019-09-26 13:34:04,973 [pool-27-thread-1] INFO  server.RaftServerConfigKeys (ConfUtils.java:logGet(43)) - raft.server.snapshot.auto.trigger.threshold = 10000 (custom)
2019-09-26 13:34:04,973 [pool-27-thread-1] INFO  server.RaftServerConfigKeys (ConfUtils.java:logGet(43)) - raft.server.snapshot.retention.num.files = 5 (custom)
2019-09-26 13:34:04,974 [pool-27-thread-1] INFO  server.RaftServerConfigKeys (ConfUtils.java:logGet(43)) - raft.server.retrycache.expirytime = 600000ms (custom)
2019-09-26 13:34:04,978 [pool-27-thread-1] INFO  impl.RaftServerImpl (RaftServerImpl.java:start(185)) - a6cc820d-4c20-4116-9864-c0f90ea69363@group-713F11DD94EE: start as a follower, conf=-1: [a6cc820d-4c20-4116-9864-c0f90ea69363:192.168.164.238:45777], old=null
2019-09-26 13:34:04,980 [pool-27-thread-1] INFO  impl.RaftServerImpl (RaftServerImpl.java:setRole(174)) - a6cc820d-4c20-4116-9864-c0f90ea69363@group-713F11DD94EE: changes role from      null to FOLLOWER at term 0 for startAsFollower
2019-09-26 13:34:04,981 [pool-27-thread-1] INFO  impl.RoleInfo (RoleInfo.java:updateAndGet(143)) - a6cc820d-4c20-4116-9864-c0f90ea69363: start FollowerState
2019-09-26 13:34:04,981 [pool-27-thread-1] INFO  util.JmxRegister (JmxRegister.java:tryRegister(44)) - Successfully registered JMX Bean with object name Ratis:service=RaftServer,group=group-713F11DD94EE,id=a6cc820d-4c20-4116-9864-c0f90ea69363
2019-09-26 13:34:04,994 [RatisPipelineUtilsThread] INFO  pipeline.PipelineStateManager (PipelineStateManager.java:addPipeline(56)) - Created pipeline Pipeline[ Id: 6a16c6e7-58a9-4934-907d-713f11dd94ee, Nodes: a6cc820d-4c20-4116-9864-c0f90ea69363{ip: 192.168.164.238, host: pr-hdds-1569-87zkn-1081879488, networkLocation: /default-rack, certSerialId: null}, Type:RATIS, Factor:ONE, State:OPEN]
2019-09-26 13:34:05,011 [grpc-default-executor-0] INFO  impl.RaftServerProxy (RaftServerProxy.java:addNew(89)) - a6cc820d-4c20-4116-9864-c0f90ea69363: addNew group-2ACB5372BC9C:[a6cc820d-4c20-4116-9864-c0f90ea69363:192.168.164.238:45777] returns group-2ACB5372BC9C:java.util.concurrent.CompletableFuture@cd512a9[Not completed]
2019-09-26 13:34:05,013 [pool-27-thread-1] INFO  impl.RaftServerImpl (RaftServerImpl.java:<init>(95)) - a6cc820d-4c20-4116-9864-c0f90ea69363: new RaftServerImpl for group-2ACB5372BC9C:[a6cc820d-4c20-4116-9864-c0f90ea69363:192.168.164.238:45777] with ContainerStateMachine:uninitialized
2019-09-26 13:34:05,014 [pool-27-thread-1] INFO  server.RaftServerConfigKeys (ConfUtils.java:logGet(43)) - raft.server.rpc.timeout.min = 5s (custom)
2019-09-26 13:34:05,014 [pool-27-thread-1] INFO  server.RaftServerConfigKeys (ConfUtils.java:logGet(43)) - raft.server.rpc.timeout.max = 5200ms (custom)
2019-09-26 13:34:05,014 [pool-27-thread-1] INFO  server.RaftServerConfigKeys (ConfUtils.java:logGet(43)) - raft.server.rpcslowness.timeout = 120s (custom)
2019-09-26 13:34:05,014 [pool-27-thread-1] INFO  server.RaftServerConfigKeys (ConfUtils.java:logGet(43)) - raft.server.sleep.deviation.threshold = 300 (default)
2019-09-26 13:34:05,014 [pool-27-thread-1] INFO  server.RaftServerConfigKeys (ConfUtils.java:logGet(43)) - raft.server.log.appender.install.snapshot.enabled = false (custom)
2019-09-26 13:34:05,014 [pool-27-thread-1] INFO  impl.RaftServerImpl (ServerState.java:<init>(103)) - a6cc820d-4c20-4116-9864-c0f90ea69363@group-2ACB5372BC9C: ConfigurationManager, init=-1: [a6cc820d-4c20-4116-9864-c0f90ea69363:192.168.164.238:45777], old=null, confs=<EMPTY_MAP>
2019-09-26 13:34:05,015 [pool-27-thread-1] INFO  server.RaftServerConfigKeys (ConfUtils.java:logGet(43)) - raft.server.storage.dir = [/workdir/hadoop-ozone/tools/target/test-dir/MiniOzoneClusterImpl-dc29704b-fdb8-4d9e-ab20-a88de5d9579b/datanode-0/data/ratis] (custom)
2019-09-26 13:34:05,015 [pool-27-thread-1] INFO  storage.RaftStorageDirectory (RaftStorageDirectory.java:analyzeStorage(246)) - The storage directory /workdir/hadoop-ozone/tools/target/test-dir/MiniOzoneClusterImpl-dc29704b-fdb8-4d9e-ab20-a88de5d9579b/datanode-0/data/ratis/5ca3c16c-e44a-4b18-b5a1-2acb5372bc9c does not exist. Creating ...
2019-09-26 13:34:05,027 [pool-27-thread-1] INFO  storage.RaftStorageDirectory (RaftStorageDirectory.java:tryLock(328)) - Lock on /workdir/hadoop-ozone/tools/target/test-dir/MiniOzoneClusterImpl-dc29704b-fdb8-4d9e-ab20-a88de5d9579b/datanode-0/data/ratis/5ca3c16c-e44a-4b18-b5a1-2acb5372bc9c/in_use.lock acquired by nodename 17110@pr-hdds-1569-87zkn-1081879488
2019-09-26 13:34:05,040 [pool-27-thread-1] INFO  storage.RaftStorage (RaftStorage.java:format(72)) - Storage directory /workdir/hadoop-ozone/tools/target/test-dir/MiniOzoneClusterImpl-dc29704b-fdb8-4d9e-ab20-a88de5d9579b/datanode-0/data/ratis/5ca3c16c-e44a-4b18-b5a1-2acb5372bc9c has been successfully formatted.
2019-09-26 13:34:05,041 [pool-27-thread-1] INFO  ratis.ContainerStateMachine (ContainerStateMachine.java:loadSnapshot(230)) - group-2ACB5372BC9C: The snapshot info is null. Setting the last applied indexto:(t:0, i:~)
2019-09-26 13:34:05,041 [pool-27-thread-1] INFO  server.RaftServerConfigKeys (ConfUtils.java:logGet(43)) - raft.server.notification.no-leader.timeout = 120s (custom)
2019-09-26 13:34:05,041 [pool-27-thread-1] INFO  server.RaftServerConfigKeys (ConfUtils.java:logGet(43)) - raft.server.log.use.memory = false (default)
2019-09-26 13:34:05,041 [pool-27-thread-1] INFO  server.RaftServerConfigKeys (ConfUtils.java:logGet(43)) - raft.server.log.purge.gap = 1000000 (custom)
2019-09-26 13:34:05,042 [pool-27-thread-1] INFO  server.RaftServerConfigKeys (ConfUtils.java:logGet(43)) - raft.server.log.appender.buffer.byte-limit = 33554432 (custom)
2019-09-26 13:34:05,042 [pool-27-thread-1] INFO  server.RaftServerConfigKeys (ConfUtils.java:logGet(43)) - raft.server.log.segment.size.max = 1048576 (custom)
2019-09-26 13:34:05,042 [pool-27-thread-1] INFO  server.RaftServerConfigKeys (ConfUtils.java:logGet(43)) - raft.server.log.segment.cache.num.max = 2 (custom)
2019-09-26 13:34:05,042 [pool-27-thread-1] INFO  segmented.SegmentedRaftLogWorker (SegmentedRaftLogWorker.java:<init>(172)) - new a6cc820d-4c20-4116-9864-c0f90ea69363@group-2ACB5372BC9C-SegmentedRaftLogWorker for RaftStorage:Storage Directory /workdir/hadoop-ozone/tools/target/test-dir/MiniOzoneClusterImpl-dc29704b-fdb8-4d9e-ab20-a88de5d9579b/datanode-0/data/ratis/5ca3c16c-e44a-4b18-b5a1-2acb5372bc9c
2019-09-26 13:34:05,042 [pool-27-thread-1] INFO  server.RaftServerConfigKeys (ConfUtils.java:logGet(43)) - raft.server.log.queue.byte-limit = 2147483647 (custom)
2019-09-26 13:34:05,043 [pool-27-thread-1] INFO  server.RaftServerConfigKeys (ConfUtils.java:logGet(43)) - raft.server.log.queue.element-limit = 1024 (custom)
2019-09-26 13:34:05,043 [pool-27-thread-1] INFO  server.RaftServerConfigKeys (ConfUtils.java:logGet(43)) - raft.server.log.segment.size.max = 1048576 (custom)
2019-09-26 13:34:05,043 [pool-27-thread-1] INFO  server.RaftServerConfigKeys (ConfUtils.java:logGet(43)) - raft.server.log.preallocated.size = 16384 (custom)
2019-09-26 13:34:05,043 [pool-27-thread-1] INFO  server.RaftServerConfigKeys (ConfUtils.java:logGet(43)) - raft.server.log.write.buffer.size = 33554432 (custom)
2019-09-26 13:34:05,043 [pool-27-thread-1] INFO  server.RaftServerConfigKeys (ConfUtils.java:logGet(43)) - raft.server.log.force.sync.num = 128 (default)
2019-09-26 13:34:05,044 [pool-27-thread-1] INFO  server.RaftServerConfigKeys (ConfUtils.java:logGet(43)) - raft.server.log.statemachine.data.sync = true (default)
2019-09-26 13:34:05,045 [pool-27-thread-1] INFO  server.RaftServerConfigKeys (ConfUtils.java:logGet(43)) - raft.server.log.statemachine.data.sync.timeout = 10s (default)
2019-09-26 13:34:05,045 [pool-27-thread-1] INFO  server.RaftServerConfigKeys (ConfUtils.java:logGet(43)) - raft.server.log.statemachine.data.sync.timeout.retry = -1 (default)
2019-09-26 13:34:05,046 [pool-27-thread-1] INFO  server.RaftServerConfigKeys (ConfUtils.java:logGet(43)) - raft.server.log.statemachine.data.caching.enabled = true (custom)
2019-09-26 13:34:05,046 [pool-27-thread-1] INFO  segmented.SegmentedRaftLogWorker (SegmentedRaftLogWorker.java:lambda$new$0(132)) - a6cc820d-4c20-4116-9864-c0f90ea69363@group-2ACB5372BC9C-SegmentedRaftLogWorker: flushIndex: setUnconditionally 0 -> -1
2019-09-26 13:34:05,047 [pool-27-thread-1] INFO  server.RaftServerConfigKeys (ConfUtils.java:logGet(43)) - raft.server.snapshot.auto.trigger.enabled = true (custom)
2019-09-26 13:34:05,047 [pool-27-thread-1] INFO  server.RaftServerConfigKeys (ConfUtils.java:logGet(43)) - raft.server.snapshot.auto.trigger.threshold = 10000 (custom)
2019-09-26 13:34:05,047 [pool-27-thread-1] INFO  server.RaftServerConfigKeys (ConfUtils.java:logGet(43)) - raft.server.snapshot.retention.num.files = 5 (custom)
2019-09-26 13:34:05,047 [pool-27-thread-1] INFO  server.RaftServerConfigKeys (ConfUtils.java:logGet(43)) - raft.server.retrycache.expirytime = 600000ms (custom)
2019-09-26 13:34:05,053 [pool-27-thread-1] INFO  impl.RaftServerImpl (RaftServerImpl.java:start(185)) - a6cc820d-4c20-4116-9864-c0f90ea69363@group-2ACB5372BC9C: start as a follower, conf=-1: [a6cc820d-4c20-4116-9864-c0f90ea69363:192.168.164.238:45777], old=null
2019-09-26 13:34:05,053 [pool-27-thread-1] INFO  impl.RaftServerImpl (RaftServerImpl.java:setRole(174)) - a6cc820d-4c20-4116-9864-c0f90ea69363@group-2ACB5372BC9C: changes role from      null to FOLLOWER at term 0 for startAsFollower
2019-09-26 13:34:05,054 [pool-27-thread-1] INFO  impl.RoleInfo (RoleInfo.java:updateAndGet(143)) - a6cc820d-4c20-4116-9864-c0f90ea69363: start FollowerState
2019-09-26 13:34:05,054 [pool-27-thread-1] INFO  util.JmxRegister (JmxRegister.java:tryRegister(44)) - Successfully registered JMX Bean with object name Ratis:service=RaftServer,group=group-2ACB5372BC9C,id=a6cc820d-4c20-4116-9864-c0f90ea69363
2019-09-26 13:34:05,065 [RatisPipelineUtilsThread] INFO  pipeline.PipelineStateManager (PipelineStateManager.java:addPipeline(56)) - Created pipeline Pipeline[ Id: 5ca3c16c-e44a-4b18-b5a1-2acb5372bc9c, Nodes: a6cc820d-4c20-4116-9864-c0f90ea69363{ip: 192.168.164.238, host: pr-hdds-1569-87zkn-1081879488, networkLocation: /default-rack, certSerialId: null}, Type:RATIS, Factor:ONE, State:OPEN]
2019-09-26 13:34:05,087 [grpc-default-executor-0] INFO  impl.RaftServerProxy (RaftServerProxy.java:addNew(89)) - a6cc820d-4c20-4116-9864-c0f90ea69363: addNew group-4FC2795D56D7:[a6cc820d-4c20-4116-9864-c0f90ea69363:192.168.164.238:45777] returns group-4FC2795D56D7:java.util.concurrent.CompletableFuture@731fc02e[Not completed]
2019-09-26 13:34:05,090 [pool-27-thread-1] INFO  impl.RaftServerImpl (RaftServerImpl.java:<init>(95)) - a6cc820d-4c20-4116-9864-c0f90ea69363: new RaftServerImpl for group-4FC2795D56D7:[a6cc820d-4c20-4116-9864-c0f90ea69363:192.168.164.238:45777] with ContainerStateMachine:uninitialized
2019-09-26 13:34:05,090 [pool-27-thread-1] INFO  server.RaftServerConfigKeys (ConfUtils.java:logGet(43)) - raft.server.rpc.timeout.min = 5s (custom)
2019-09-26 13:34:05,090 [pool-27-thread-1] INFO  server.RaftServerConfigKeys (ConfUtils.java:logGet(43)) - raft.server.rpc.timeout.max = 5200ms (custom)
2019-09-26 13:34:05,090 [pool-27-thread-1] INFO  server.RaftServerConfigKeys (ConfUtils.java:logGet(43)) - raft.server.rpcslowness.timeout = 120s (custom)
2019-09-26 13:34:05,091 [pool-27-thread-1] INFO  server.RaftServerConfigKeys (ConfUtils.java:logGet(43)) - raft.server.sleep.deviation.threshold = 300 (default)
2019-09-26 13:34:05,091 [pool-27-thread-1] INFO  server.RaftServerConfigKeys (ConfUtils.java:logGet(43)) - raft.server.log.appender.install.snapshot.enabled = false (custom)
2019-09-26 13:34:05,091 [pool-27-thread-1] INFO  impl.RaftServerImpl (ServerState.java:<init>(103)) - a6cc820d-4c20-4116-9864-c0f90ea69363@group-4FC2795D56D7: ConfigurationManager, init=-1: [a6cc820d-4c20-4116-9864-c0f90ea69363:192.168.164.238:45777], old=null, confs=<EMPTY_MAP>
2019-09-26 13:34:05,091 [pool-27-thread-1] INFO  server.RaftServerConfigKeys (ConfUtils.java:logGet(43)) - raft.server.storage.dir = [/workdir/hadoop-ozone/tools/target/test-dir/MiniOzoneClusterImpl-dc29704b-fdb8-4d9e-ab20-a88de5d9579b/datanode-0/data/ratis] (custom)
2019-09-26 13:34:05,092 [pool-27-thread-1] INFO  storage.RaftStorageDirectory (RaftStorageDirectory.java:analyzeStorage(246)) - The storage directory /workdir/hadoop-ozone/tools/target/test-dir/MiniOzoneClusterImpl-dc29704b-fdb8-4d9e-ab20-a88de5d9579b/datanode-0/data/ratis/ce27c51e-6ef4-4298-a34c-4fc2795d56d7 does not exist. Creating ...
2019-09-26 13:34:05,106 [pool-27-thread-1] INFO  storage.RaftStorageDirectory (RaftStorageDirectory.java:tryLock(328)) - Lock on /workdir/hadoop-ozone/tools/target/test-dir/MiniOzoneClusterImpl-dc29704b-fdb8-4d9e-ab20-a88de5d9579b/datanode-0/data/ratis/ce27c51e-6ef4-4298-a34c-4fc2795d56d7/in_use.lock acquired by nodename 17110@pr-hdds-1569-87zkn-1081879488
2019-09-26 13:34:05,119 [pool-27-thread-1] INFO  storage.RaftStorage (RaftStorage.java:format(72)) - Storage directory /workdir/hadoop-ozone/tools/target/test-dir/MiniOzoneClusterImpl-dc29704b-fdb8-4d9e-ab20-a88de5d9579b/datanode-0/data/ratis/ce27c51e-6ef4-4298-a34c-4fc2795d56d7 has been successfully formatted.
2019-09-26 13:34:05,119 [pool-27-thread-1] INFO  ratis.ContainerStateMachine (ContainerStateMachine.java:loadSnapshot(230)) - group-4FC2795D56D7: The snapshot info is null. Setting the last applied indexto:(t:0, i:~)
2019-09-26 13:34:05,120 [pool-27-thread-1] INFO  server.RaftServerConfigKeys (ConfUtils.java:logGet(43)) - raft.server.notification.no-leader.timeout = 120s (custom)
2019-09-26 13:34:05,120 [pool-27-thread-1] INFO  server.RaftServerConfigKeys (ConfUtils.java:logGet(43)) - raft.server.log.use.memory = false (default)
2019-09-26 13:34:05,120 [pool-27-thread-1] INFO  server.RaftServerConfigKeys (ConfUtils.java:logGet(43)) - raft.server.log.purge.gap = 1000000 (custom)
2019-09-26 13:34:05,120 [pool-27-thread-1] INFO  server.RaftServerConfigKeys (ConfUtils.java:logGet(43)) - raft.server.log.appender.buffer.byte-limit = 33554432 (custom)
2019-09-26 13:34:05,120 [pool-27-thread-1] INFO  server.RaftServerConfigKeys (ConfUtils.java:logGet(43)) - raft.server.log.segment.size.max = 1048576 (custom)
2019-09-26 13:34:05,120 [pool-27-thread-1] INFO  server.RaftServerConfigKeys (ConfUtils.java:logGet(43)) - raft.server.log.segment.cache.num.max = 2 (custom)
2019-09-26 13:34:05,121 [pool-27-thread-1] INFO  segmented.SegmentedRaftLogWorker (SegmentedRaftLogWorker.java:<init>(172)) - new a6cc820d-4c20-4116-9864-c0f90ea69363@group-4FC2795D56D7-SegmentedRaftLogWorker for RaftStorage:Storage Directory /workdir/hadoop-ozone/tools/target/test-dir/MiniOzoneClusterImpl-dc29704b-fdb8-4d9e-ab20-a88de5d9579b/datanode-0/data/ratis/ce27c51e-6ef4-4298-a34c-4fc2795d56d7
2019-09-26 13:34:05,121 [pool-27-thread-1] INFO  server.RaftServerConfigKeys (ConfUtils.java:logGet(43)) - raft.server.log.queue.byte-limit = 2147483647 (custom)
2019-09-26 13:34:05,121 [pool-27-thread-1] INFO  server.RaftServerConfigKeys (ConfUtils.java:logGet(43)) - raft.server.log.queue.element-limit = 1024 (custom)
2019-09-26 13:34:05,121 [pool-27-thread-1] INFO  server.RaftServerConfigKeys (ConfUtils.java:logGet(43)) - raft.server.log.segment.size.max = 1048576 (custom)
2019-09-26 13:34:05,121 [pool-27-thread-1] INFO  server.RaftServerConfigKeys (ConfUtils.java:logGet(43)) - raft.server.log.preallocated.size = 16384 (custom)
2019-09-26 13:34:05,121 [pool-27-thread-1] INFO  server.RaftServerConfigKeys (ConfUtils.java:logGet(43)) - raft.server.log.write.buffer.size = 33554432 (custom)
2019-09-26 13:34:05,121 [pool-27-thread-1] INFO  server.RaftServerConfigKeys (ConfUtils.java:logGet(43)) - raft.server.log.force.sync.num = 128 (default)
2019-09-26 13:34:05,122 [pool-27-thread-1] INFO  server.RaftServerConfigKeys (ConfUtils.java:logGet(43)) - raft.server.log.statemachine.data.sync = true (default)
2019-09-26 13:34:05,122 [pool-27-thread-1] INFO  server.RaftServerConfigKeys (ConfUtils.java:logGet(43)) - raft.server.log.statemachine.data.sync.timeout = 10s (default)
2019-09-26 13:34:05,122 [pool-27-thread-1] INFO  server.RaftServerConfigKeys (ConfUtils.java:logGet(43)) - raft.server.log.statemachine.data.sync.timeout.retry = -1 (default)
2019-09-26 13:34:05,122 [pool-27-thread-1] INFO  server.RaftServerConfigKeys (ConfUtils.java:logGet(43)) - raft.server.log.statemachine.data.caching.enabled = true (custom)
2019-09-26 13:34:05,122 [pool-27-thread-1] INFO  segmented.SegmentedRaftLogWorker (SegmentedRaftLogWorker.java:lambda$new$0(132)) - a6cc820d-4c20-4116-9864-c0f90ea69363@group-4FC2795D56D7-SegmentedRaftLogWorker: flushIndex: setUnconditionally 0 -> -1
2019-09-26 13:34:05,123 [pool-27-thread-1] INFO  server.RaftServerConfigKeys (ConfUtils.java:logGet(43)) - raft.server.snapshot.auto.trigger.enabled = true (custom)
2019-09-26 13:34:05,123 [pool-27-thread-1] INFO  server.RaftServerConfigKeys (ConfUtils.java:logGet(43)) - raft.server.snapshot.auto.trigger.threshold = 10000 (custom)
2019-09-26 13:34:05,123 [pool-27-thread-1] INFO  server.RaftServerConfigKeys (ConfUtils.java:logGet(43)) - raft.server.snapshot.retention.num.files = 5 (custom)
2019-09-26 13:34:05,123 [pool-27-thread-1] INFO  server.RaftServerConfigKeys (ConfUtils.java:logGet(43)) - raft.server.retrycache.expirytime = 600000ms (custom)
2019-09-26 13:34:05,127 [pool-27-thread-1] INFO  impl.RaftServerImpl (RaftServerImpl.java:start(185)) - a6cc820d-4c20-4116-9864-c0f90ea69363@group-4FC2795D56D7: start as a follower, conf=-1: [a6cc820d-4c20-4116-9864-c0f90ea69363:192.168.164.238:45777], old=null
2019-09-26 13:34:05,127 [pool-27-thread-1] INFO  impl.RaftServerImpl (RaftServerImpl.java:setRole(174)) - a6cc820d-4c20-4116-9864-c0f90ea69363@group-4FC2795D56D7: changes role from      null to FOLLOWER at term 0 for startAsFollower
2019-09-26 13:34:05,127 [pool-27-thread-1] INFO  impl.RoleInfo (RoleInfo.java:updateAndGet(143)) - a6cc820d-4c20-4116-9864-c0f90ea69363: start FollowerState
2019-09-26 13:34:05,128 [pool-27-thread-1] INFO  util.JmxRegister (JmxRegister.java:tryRegister(44)) - Successfully registered JMX Bean with object name Ratis:service=RaftServer,group=group-4FC2795D56D7,id=a6cc820d-4c20-4116-9864-c0f90ea69363
2019-09-26 13:34:05,140 [RatisPipelineUtilsThread] INFO  pipeline.PipelineStateManager (PipelineStateManager.java:addPipeline(56)) - Created pipeline Pipeline[ Id: ce27c51e-6ef4-4298-a34c-4fc2795d56d7, Nodes: a6cc820d-4c20-4116-9864-c0f90ea69363{ip: 192.168.164.238, host: pr-hdds-1569-87zkn-1081879488, networkLocation: /default-rack, certSerialId: null}, Type:RATIS, Factor:ONE, State:OPEN]
2019-09-26 13:34:05,141 [RatisPipelineUtilsThread] INFO  pipeline.PipelinePlacementPolicy (PipelinePlacementPolicy.java:meetCriteria(91)) - Pipeline Placement: can't place more pipeline on heavy datanode： a6cc820d-4c20-4116-9864-c0f90ea69363 Heaviness: 6 limit: 5
2019-09-26 13:34:05,154 [grpc-default-executor-0] INFO  impl.RaftServerProxy (RaftServerProxy.java:addNew(89)) - e87194ae-6196-464a-8fce-fc61cfb56335: addNew group-8F048AD47B6D:[e87194ae-6196-464a-8fce-fc61cfb56335:192.168.164.238:37233] returns group-8F048AD47B6D:java.util.concurrent.CompletableFuture@3386a52b[Not completed]
2019-09-26 13:34:05,157 [pool-37-thread-1] INFO  impl.RaftServerImpl (RaftServerImpl.java:<init>(95)) - e87194ae-6196-464a-8fce-fc61cfb56335: new RaftServerImpl for group-8F048AD47B6D:[e87194ae-6196-464a-8fce-fc61cfb56335:192.168.164.238:37233] with ContainerStateMachine:uninitialized
2019-09-26 13:34:05,158 [pool-37-thread-1] INFO  server.RaftServerConfigKeys (ConfUtils.java:logGet(43)) - raft.server.rpc.timeout.min = 5s (custom)
2019-09-26 13:34:05,158 [pool-37-thread-1] INFO  server.RaftServerConfigKeys (ConfUtils.java:logGet(43)) - raft.server.rpc.timeout.max = 5200ms (custom)
2019-09-26 13:34:05,158 [pool-37-thread-1] INFO  server.RaftServerConfigKeys (ConfUtils.java:logGet(43)) - raft.server.rpcslowness.timeout = 120s (custom)
2019-09-26 13:34:05,159 [pool-37-thread-1] INFO  server.RaftServerConfigKeys (ConfUtils.java:logGet(43)) - raft.server.sleep.deviation.threshold = 300 (default)
2019-09-26 13:34:05,159 [pool-37-thread-1] INFO  server.RaftServerConfigKeys (ConfUtils.java:logGet(43)) - raft.server.log.appender.install.snapshot.enabled = false (custom)
2019-09-26 13:34:05,159 [pool-37-thread-1] INFO  impl.RaftServerImpl (ServerState.java:<init>(103)) - e87194ae-6196-464a-8fce-fc61cfb56335@group-8F048AD47B6D: ConfigurationManager, init=-1: [e87194ae-6196-464a-8fce-fc61cfb56335:192.168.164.238:37233], old=null, confs=<EMPTY_MAP>
2019-09-26 13:34:05,159 [pool-37-thread-1] INFO  server.RaftServerConfigKeys (ConfUtils.java:logGet(43)) - raft.server.storage.dir = [/workdir/hadoop-ozone/tools/target/test-dir/MiniOzoneClusterImpl-dc29704b-fdb8-4d9e-ab20-a88de5d9579b/datanode-1/data/ratis] (custom)
2019-09-26 13:34:05,160 [pool-37-thread-1] INFO  storage.RaftStorageDirectory (RaftStorageDirectory.java:analyzeStorage(246)) - The storage directory /workdir/hadoop-ozone/tools/target/test-dir/MiniOzoneClusterImpl-dc29704b-fdb8-4d9e-ab20-a88de5d9579b/datanode-1/data/ratis/9972b17d-93c2-4a56-95a4-8f048ad47b6d does not exist. Creating ...
2019-09-26 13:34:05,173 [pool-37-thread-1] INFO  storage.RaftStorageDirectory (RaftStorageDirectory.java:tryLock(328)) - Lock on /workdir/hadoop-ozone/tools/target/test-dir/MiniOzoneClusterImpl-dc29704b-fdb8-4d9e-ab20-a88de5d9579b/datanode-1/data/ratis/9972b17d-93c2-4a56-95a4-8f048ad47b6d/in_use.lock acquired by nodename 17110@pr-hdds-1569-87zkn-1081879488
2019-09-26 13:34:05,186 [pool-37-thread-1] INFO  storage.RaftStorage (RaftStorage.java:format(72)) - Storage directory /workdir/hadoop-ozone/tools/target/test-dir/MiniOzoneClusterImpl-dc29704b-fdb8-4d9e-ab20-a88de5d9579b/datanode-1/data/ratis/9972b17d-93c2-4a56-95a4-8f048ad47b6d has been successfully formatted.
2019-09-26 13:34:05,186 [pool-37-thread-1] INFO  ratis.ContainerStateMachine (ContainerStateMachine.java:loadSnapshot(230)) - group-8F048AD47B6D: The snapshot info is null. Setting the last applied indexto:(t:0, i:~)
2019-09-26 13:34:05,187 [pool-37-thread-1] INFO  server.RaftServerConfigKeys (ConfUtils.java:logGet(43)) - raft.server.notification.no-leader.timeout = 120s (custom)
2019-09-26 13:34:05,187 [pool-37-thread-1] INFO  server.RaftServerConfigKeys (ConfUtils.java:logGet(43)) - raft.server.log.use.memory = false (default)
2019-09-26 13:34:05,187 [pool-37-thread-1] INFO  server.RaftServerConfigKeys (ConfUtils.java:logGet(43)) - raft.server.log.purge.gap = 1000000 (custom)
2019-09-26 13:34:05,187 [pool-37-thread-1] INFO  server.RaftServerConfigKeys (ConfUtils.java:logGet(43)) - raft.server.log.appender.buffer.byte-limit = 33554432 (custom)
2019-09-26 13:34:05,187 [pool-37-thread-1] INFO  server.RaftServerConfigKeys (ConfUtils.java:logGet(43)) - raft.server.log.segment.size.max = 1048576 (custom)
2019-09-26 13:34:05,187 [pool-37-thread-1] INFO  server.RaftServerConfigKeys (ConfUtils.java:logGet(43)) - raft.server.log.segment.cache.num.max = 2 (custom)
2019-09-26 13:34:05,188 [pool-37-thread-1] INFO  segmented.SegmentedRaftLogWorker (SegmentedRaftLogWorker.java:<init>(172)) - new e87194ae-6196-464a-8fce-fc61cfb56335@group-8F048AD47B6D-SegmentedRaftLogWorker for RaftStorage:Storage Directory /workdir/hadoop-ozone/tools/target/test-dir/MiniOzoneClusterImpl-dc29704b-fdb8-4d9e-ab20-a88de5d9579b/datanode-1/data/ratis/9972b17d-93c2-4a56-95a4-8f048ad47b6d
2019-09-26 13:34:05,191 [pool-37-thread-1] INFO  server.RaftServerConfigKeys (ConfUtils.java:logGet(43)) - raft.server.log.queue.byte-limit = 2147483647 (custom)
2019-09-26 13:34:05,191 [pool-37-thread-1] INFO  server.RaftServerConfigKeys (ConfUtils.java:logGet(43)) - raft.server.log.queue.element-limit = 1024 (custom)
2019-09-26 13:34:05,191 [pool-37-thread-1] INFO  server.RaftServerConfigKeys (ConfUtils.java:logGet(43)) - raft.server.log.segment.size.max = 1048576 (custom)
2019-09-26 13:34:05,192 [pool-37-thread-1] INFO  server.RaftServerConfigKeys (ConfUtils.java:logGet(43)) - raft.server.log.preallocated.size = 16384 (custom)
2019-09-26 13:34:05,192 [pool-37-thread-1] INFO  server.RaftServerConfigKeys (ConfUtils.java:logGet(43)) - raft.server.log.write.buffer.size = 33554432 (custom)
2019-09-26 13:34:05,192 [pool-37-thread-1] INFO  server.RaftServerConfigKeys (ConfUtils.java:logGet(43)) - raft.server.log.force.sync.num = 128 (default)
2019-09-26 13:34:05,192 [pool-37-thread-1] INFO  server.RaftServerConfigKeys (ConfUtils.java:logGet(43)) - raft.server.log.statemachine.data.sync = true (default)
2019-09-26 13:34:05,192 [pool-37-thread-1] INFO  server.RaftServerConfigKeys (ConfUtils.java:logGet(43)) - raft.server.log.statemachine.data.sync.timeout = 10s (default)
2019-09-26 13:34:05,192 [pool-37-thread-1] INFO  server.RaftServerConfigKeys (ConfUtils.java:logGet(43)) - raft.server.log.statemachine.data.sync.timeout.retry = -1 (default)
2019-09-26 13:34:05,193 [pool-37-thread-1] INFO  server.RaftServerConfigKeys (ConfUtils.java:logGet(43)) - raft.server.log.statemachine.data.caching.enabled = true (custom)
2019-09-26 13:34:05,193 [pool-37-thread-1] INFO  segmented.SegmentedRaftLogWorker (SegmentedRaftLogWorker.java:lambda$new$0(132)) - e87194ae-6196-464a-8fce-fc61cfb56335@group-8F048AD47B6D-SegmentedRaftLogWorker: flushIndex: setUnconditionally 0 -> -1
2019-09-26 13:34:05,193 [pool-37-thread-1] INFO  server.RaftServerConfigKeys (ConfUtils.java:logGet(43)) - raft.server.snapshot.auto.trigger.enabled = true (custom)
2019-09-26 13:34:05,194 [pool-37-thread-1] INFO  server.RaftServerConfigKeys (ConfUtils.java:logGet(43)) - raft.server.snapshot.auto.trigger.threshold = 10000 (custom)
2019-09-26 13:34:05,194 [pool-37-thread-1] INFO  server.RaftServerConfigKeys (ConfUtils.java:logGet(43)) - raft.server.snapshot.retention.num.files = 5 (custom)
2019-09-26 13:34:05,194 [pool-37-thread-1] INFO  server.RaftServerConfigKeys (ConfUtils.java:logGet(43)) - raft.server.retrycache.expirytime = 600000ms (custom)
2019-09-26 13:34:05,197 [pool-37-thread-1] INFO  impl.RaftServerImpl (RaftServerImpl.java:start(185)) - e87194ae-6196-464a-8fce-fc61cfb56335@group-8F048AD47B6D: start as a follower, conf=-1: [e87194ae-6196-464a-8fce-fc61cfb56335:192.168.164.238:37233], old=null
2019-09-26 13:34:05,197 [pool-37-thread-1] INFO  impl.RaftServerImpl (RaftServerImpl.java:setRole(174)) - e87194ae-6196-464a-8fce-fc61cfb56335@group-8F048AD47B6D: changes role from      null to FOLLOWER at term 0 for startAsFollower
2019-09-26 13:34:05,197 [pool-37-thread-1] INFO  impl.RoleInfo (RoleInfo.java:updateAndGet(143)) - e87194ae-6196-464a-8fce-fc61cfb56335: start FollowerState
2019-09-26 13:34:05,198 [pool-37-thread-1] INFO  util.JmxRegister (JmxRegister.java:tryRegister(44)) - Successfully registered JMX Bean with object name Ratis:service=RaftServer,group=group-8F048AD47B6D,id=e87194ae-6196-464a-8fce-fc61cfb56335
2019-09-26 13:34:05,206 [RatisPipelineUtilsThread] INFO  pipeline.PipelineStateManager (PipelineStateManager.java:addPipeline(56)) - Created pipeline Pipeline[ Id: 9972b17d-93c2-4a56-95a4-8f048ad47b6d, Nodes: e87194ae-6196-464a-8fce-fc61cfb56335{ip: 192.168.164.238, host: pr-hdds-1569-87zkn-1081879488, networkLocation: /default-rack, certSerialId: null}, Type:RATIS, Factor:ONE, State:OPEN]
2019-09-26 13:34:05,206 [RatisPipelineUtilsThread] INFO  pipeline.PipelinePlacementPolicy (PipelinePlacementPolicy.java:meetCriteria(91)) - Pipeline Placement: can't place more pipeline on heavy datanode： a6cc820d-4c20-4116-9864-c0f90ea69363 Heaviness: 6 limit: 5
2019-09-26 13:34:05,216 [grpc-default-executor-0] INFO  impl.RaftServerProxy (RaftServerProxy.java:addNew(89)) - e87194ae-6196-464a-8fce-fc61cfb56335: addNew group-8932E6710BCD:[e87194ae-6196-464a-8fce-fc61cfb56335:192.168.164.238:37233] returns group-8932E6710BCD:java.util.concurrent.CompletableFuture@581e8311[Not completed]
2019-09-26 13:34:05,218 [pool-37-thread-1] INFO  impl.RaftServerImpl (RaftServerImpl.java:<init>(95)) - e87194ae-6196-464a-8fce-fc61cfb56335: new RaftServerImpl for group-8932E6710BCD:[e87194ae-6196-464a-8fce-fc61cfb56335:192.168.164.238:37233] with ContainerStateMachine:uninitialized
2019-09-26 13:34:05,218 [pool-37-thread-1] INFO  server.RaftServerConfigKeys (ConfUtils.java:logGet(43)) - raft.server.rpc.timeout.min = 5s (custom)
2019-09-26 13:34:05,218 [pool-37-thread-1] INFO  server.RaftServerConfigKeys (ConfUtils.java:logGet(43)) - raft.server.rpc.timeout.max = 5200ms (custom)
2019-09-26 13:34:05,218 [pool-37-thread-1] INFO  server.RaftServerConfigKeys (ConfUtils.java:logGet(43)) - raft.server.rpcslowness.timeout = 120s (custom)
2019-09-26 13:34:05,218 [pool-37-thread-1] INFO  server.RaftServerConfigKeys (ConfUtils.java:logGet(43)) - raft.server.sleep.deviation.threshold = 300 (default)
2019-09-26 13:34:05,218 [pool-37-thread-1] INFO  server.RaftServerConfigKeys (ConfUtils.java:logGet(43)) - raft.server.log.appender.install.snapshot.enabled = false (custom)
2019-09-26 13:34:05,218 [pool-37-thread-1] INFO  impl.RaftServerImpl (ServerState.java:<init>(103)) - e87194ae-6196-464a-8fce-fc61cfb56335@group-8932E6710BCD: ConfigurationManager, init=-1: [e87194ae-6196-464a-8fce-fc61cfb56335:192.168.164.238:37233], old=null, confs=<EMPTY_MAP>
2019-09-26 13:34:05,219 [pool-37-thread-1] INFO  server.RaftServerConfigKeys (ConfUtils.java:logGet(43)) - raft.server.storage.dir = [/workdir/hadoop-ozone/tools/target/test-dir/MiniOzoneClusterImpl-dc29704b-fdb8-4d9e-ab20-a88de5d9579b/datanode-1/data/ratis] (custom)
2019-09-26 13:34:05,219 [pool-37-thread-1] INFO  storage.RaftStorageDirectory (RaftStorageDirectory.java:analyzeStorage(246)) - The storage directory /workdir/hadoop-ozone/tools/target/test-dir/MiniOzoneClusterImpl-dc29704b-fdb8-4d9e-ab20-a88de5d9579b/datanode-1/data/ratis/cea1da08-8035-45cb-a63e-8932e6710bcd does not exist. Creating ...
2019-09-26 13:34:05,233 [pool-37-thread-1] INFO  storage.RaftStorageDirectory (RaftStorageDirectory.java:tryLock(328)) - Lock on /workdir/hadoop-ozone/tools/target/test-dir/MiniOzoneClusterImpl-dc29704b-fdb8-4d9e-ab20-a88de5d9579b/datanode-1/data/ratis/cea1da08-8035-45cb-a63e-8932e6710bcd/in_use.lock acquired by nodename 17110@pr-hdds-1569-87zkn-1081879488
2019-09-26 13:34:05,247 [pool-37-thread-1] INFO  storage.RaftStorage (RaftStorage.java:format(72)) - Storage directory /workdir/hadoop-ozone/tools/target/test-dir/MiniOzoneClusterImpl-dc29704b-fdb8-4d9e-ab20-a88de5d9579b/datanode-1/data/ratis/cea1da08-8035-45cb-a63e-8932e6710bcd has been successfully formatted.
2019-09-26 13:34:05,247 [pool-37-thread-1] INFO  ratis.ContainerStateMachine (ContainerStateMachine.java:loadSnapshot(230)) - group-8932E6710BCD: The snapshot info is null. Setting the last applied indexto:(t:0, i:~)
2019-09-26 13:34:05,247 [pool-37-thread-1] INFO  server.RaftServerConfigKeys (ConfUtils.java:logGet(43)) - raft.server.notification.no-leader.timeout = 120s (custom)
2019-09-26 13:34:05,247 [pool-37-thread-1] INFO  server.RaftServerConfigKeys (ConfUtils.java:logGet(43)) - raft.server.log.use.memory = false (default)
2019-09-26 13:34:05,247 [pool-37-thread-1] INFO  server.RaftServerConfigKeys (ConfUtils.java:logGet(43)) - raft.server.log.purge.gap = 1000000 (custom)
2019-09-26 13:34:05,247 [pool-37-thread-1] INFO  server.RaftServerConfigKeys (ConfUtils.java:logGet(43)) - raft.server.log.appender.buffer.byte-limit = 33554432 (custom)
2019-09-26 13:34:05,248 [pool-37-thread-1] INFO  server.RaftServerConfigKeys (ConfUtils.java:logGet(43)) - raft.server.log.segment.size.max = 1048576 (custom)
2019-09-26 13:34:05,248 [pool-37-thread-1] INFO  server.RaftServerConfigKeys (ConfUtils.java:logGet(43)) - raft.server.log.segment.cache.num.max = 2 (custom)
2019-09-26 13:34:05,248 [pool-37-thread-1] INFO  segmented.SegmentedRaftLogWorker (SegmentedRaftLogWorker.java:<init>(172)) - new e87194ae-6196-464a-8fce-fc61cfb56335@group-8932E6710BCD-SegmentedRaftLogWorker for RaftStorage:Storage Directory /workdir/hadoop-ozone/tools/target/test-dir/MiniOzoneClusterImpl-dc29704b-fdb8-4d9e-ab20-a88de5d9579b/datanode-1/data/ratis/cea1da08-8035-45cb-a63e-8932e6710bcd
2019-09-26 13:34:05,248 [pool-37-thread-1] INFO  server.RaftServerConfigKeys (ConfUtils.java:logGet(43)) - raft.server.log.queue.byte-limit = 2147483647 (custom)
2019-09-26 13:34:05,248 [pool-37-thread-1] INFO  server.RaftServerConfigKeys (ConfUtils.java:logGet(43)) - raft.server.log.queue.element-limit = 1024 (custom)
2019-09-26 13:34:05,248 [pool-37-thread-1] INFO  server.RaftServerConfigKeys (ConfUtils.java:logGet(43)) - raft.server.log.segment.size.max = 1048576 (custom)
2019-09-26 13:34:05,248 [pool-37-thread-1] INFO  server.RaftServerConfigKeys (ConfUtils.java:logGet(43)) - raft.server.log.preallocated.size = 16384 (custom)
2019-09-26 13:34:05,248 [pool-37-thread-1] INFO  server.RaftServerConfigKeys (ConfUtils.java:logGet(43)) - raft.server.log.write.buffer.size = 33554432 (custom)
2019-09-26 13:34:05,249 [pool-37-thread-1] INFO  server.RaftServerConfigKeys (ConfUtils.java:logGet(43)) - raft.server.log.force.sync.num = 128 (default)
2019-09-26 13:34:05,249 [pool-37-thread-1] INFO  server.RaftServerConfigKeys (ConfUtils.java:logGet(43)) - raft.server.log.statemachine.data.sync = true (default)
2019-09-26 13:34:05,249 [pool-37-thread-1] INFO  server.RaftServerConfigKeys (ConfUtils.java:logGet(43)) - raft.server.log.statemachine.data.sync.timeout = 10s (default)
2019-09-26 13:34:05,249 [pool-37-thread-1] INFO  server.RaftServerConfigKeys (ConfUtils.java:logGet(43)) - raft.server.log.statemachine.data.sync.timeout.retry = -1 (default)
2019-09-26 13:34:05,249 [pool-37-thread-1] INFO  server.RaftServerConfigKeys (ConfUtils.java:logGet(43)) - raft.server.log.statemachine.data.caching.enabled = true (custom)
2019-09-26 13:34:05,250 [pool-37-thread-1] INFO  segmented.SegmentedRaftLogWorker (SegmentedRaftLogWorker.java:lambda$new$0(132)) - e87194ae-6196-464a-8fce-fc61cfb56335@group-8932E6710BCD-SegmentedRaftLogWorker: flushIndex: setUnconditionally 0 -> -1
2019-09-26 13:34:05,250 [pool-37-thread-1] INFO  server.RaftServerConfigKeys (ConfUtils.java:logGet(43)) - raft.server.snapshot.auto.trigger.enabled = true (custom)
2019-09-26 13:34:05,250 [pool-37-thread-1] INFO  server.RaftServerConfigKeys (ConfUtils.java:logGet(43)) - raft.server.snapshot.auto.trigger.threshold = 10000 (custom)
2019-09-26 13:34:05,250 [pool-37-thread-1] INFO  server.RaftServerConfigKeys (ConfUtils.java:logGet(43)) - raft.server.snapshot.retention.num.files = 5 (custom)
2019-09-26 13:34:05,250 [pool-37-thread-1] INFO  server.RaftServerConfigKeys (ConfUtils.java:logGet(43)) - raft.server.retrycache.expirytime = 600000ms (custom)
2019-09-26 13:34:05,253 [pool-37-thread-1] INFO  impl.RaftServerImpl (RaftServerImpl.java:start(185)) - e87194ae-6196-464a-8fce-fc61cfb56335@group-8932E6710BCD: start as a follower, conf=-1: [e87194ae-6196-464a-8fce-fc61cfb56335:192.168.164.238:37233], old=null
2019-09-26 13:34:05,253 [pool-37-thread-1] INFO  impl.RaftServerImpl (RaftServerImpl.java:setRole(174)) - e87194ae-6196-464a-8fce-fc61cfb56335@group-8932E6710BCD: changes role from      null to FOLLOWER at term 0 for startAsFollower
2019-09-26 13:34:05,253 [pool-37-thread-1] INFO  impl.RoleInfo (RoleInfo.java:updateAndGet(143)) - e87194ae-6196-464a-8fce-fc61cfb56335: start FollowerState
2019-09-26 13:34:05,254 [pool-37-thread-1] INFO  util.JmxRegister (JmxRegister.java:tryRegister(44)) - Successfully registered JMX Bean with object name Ratis:service=RaftServer,group=group-8932E6710BCD,id=e87194ae-6196-464a-8fce-fc61cfb56335
2019-09-26 13:34:05,263 [RatisPipelineUtilsThread] INFO  pipeline.PipelineStateManager (PipelineStateManager.java:addPipeline(56)) - Created pipeline Pipeline[ Id: cea1da08-8035-45cb-a63e-8932e6710bcd, Nodes: e87194ae-6196-464a-8fce-fc61cfb56335{ip: 192.168.164.238, host: pr-hdds-1569-87zkn-1081879488, networkLocation: /default-rack, certSerialId: null}, Type:RATIS, Factor:ONE, State:OPEN]
2019-09-26 13:34:05,264 [RatisPipelineUtilsThread] INFO  pipeline.PipelinePlacementPolicy (PipelinePlacementPolicy.java:meetCriteria(91)) - Pipeline Placement: can't place more pipeline on heavy datanode： a6cc820d-4c20-4116-9864-c0f90ea69363 Heaviness: 6 limit: 5
2019-09-26 13:34:05,275 [grpc-default-executor-0] INFO  impl.RaftServerProxy (RaftServerProxy.java:addNew(89)) - 225bd7ce-61cd-45a9-80d4-d38af20818a5: addNew group-A538A747B400:[225bd7ce-61cd-45a9-80d4-d38af20818a5:192.168.164.238:41146] returns group-A538A747B400:java.util.concurrent.CompletableFuture@3cba1a06[Not completed]
2019-09-26 13:34:05,277 [pool-47-thread-1] INFO  impl.RaftServerImpl (RaftServerImpl.java:<init>(95)) - 225bd7ce-61cd-45a9-80d4-d38af20818a5: new RaftServerImpl for group-A538A747B400:[225bd7ce-61cd-45a9-80d4-d38af20818a5:192.168.164.238:41146] with ContainerStateMachine:uninitialized
2019-09-26 13:34:05,278 [pool-47-thread-1] INFO  server.RaftServerConfigKeys (ConfUtils.java:logGet(43)) - raft.server.rpc.timeout.min = 5s (custom)
2019-09-26 13:34:05,278 [pool-47-thread-1] INFO  server.RaftServerConfigKeys (ConfUtils.java:logGet(43)) - raft.server.rpc.timeout.max = 5200ms (custom)
2019-09-26 13:34:05,278 [pool-47-thread-1] INFO  server.RaftServerConfigKeys (ConfUtils.java:logGet(43)) - raft.server.rpcslowness.timeout = 120s (custom)
2019-09-26 13:34:05,278 [pool-47-thread-1] INFO  server.RaftServerConfigKeys (ConfUtils.java:logGet(43)) - raft.server.sleep.deviation.threshold = 300 (default)
2019-09-26 13:34:05,278 [pool-47-thread-1] INFO  server.RaftServerConfigKeys (ConfUtils.java:logGet(43)) - raft.server.log.appender.install.snapshot.enabled = false (custom)
2019-09-26 13:34:05,278 [pool-47-thread-1] INFO  impl.RaftServerImpl (ServerState.java:<init>(103)) - 225bd7ce-61cd-45a9-80d4-d38af20818a5@group-A538A747B400: ConfigurationManager, init=-1: [225bd7ce-61cd-45a9-80d4-d38af20818a5:192.168.164.238:41146], old=null, confs=<EMPTY_MAP>
2019-09-26 13:34:05,279 [pool-47-thread-1] INFO  server.RaftServerConfigKeys (ConfUtils.java:logGet(43)) - raft.server.storage.dir = [/workdir/hadoop-ozone/tools/target/test-dir/MiniOzoneClusterImpl-dc29704b-fdb8-4d9e-ab20-a88de5d9579b/datanode-2/data/ratis] (custom)
2019-09-26 13:34:05,279 [pool-47-thread-1] INFO  storage.RaftStorageDirectory (RaftStorageDirectory.java:analyzeStorage(246)) - The storage directory /workdir/hadoop-ozone/tools/target/test-dir/MiniOzoneClusterImpl-dc29704b-fdb8-4d9e-ab20-a88de5d9579b/datanode-2/data/ratis/94b0653a-8863-4ad0-a01a-a538a747b400 does not exist. Creating ...
2019-09-26 13:34:05,292 [pool-47-thread-1] INFO  storage.RaftStorageDirectory (RaftStorageDirectory.java:tryLock(328)) - Lock on /workdir/hadoop-ozone/tools/target/test-dir/MiniOzoneClusterImpl-dc29704b-fdb8-4d9e-ab20-a88de5d9579b/datanode-2/data/ratis/94b0653a-8863-4ad0-a01a-a538a747b400/in_use.lock acquired by nodename 17110@pr-hdds-1569-87zkn-1081879488
2019-09-26 13:34:05,305 [pool-47-thread-1] INFO  storage.RaftStorage (RaftStorage.java:format(72)) - Storage directory /workdir/hadoop-ozone/tools/target/test-dir/MiniOzoneClusterImpl-dc29704b-fdb8-4d9e-ab20-a88de5d9579b/datanode-2/data/ratis/94b0653a-8863-4ad0-a01a-a538a747b400 has been successfully formatted.
2019-09-26 13:34:05,306 [pool-47-thread-1] INFO  ratis.ContainerStateMachine (ContainerStateMachine.java:loadSnapshot(230)) - group-A538A747B400: The snapshot info is null. Setting the last applied indexto:(t:0, i:~)
2019-09-26 13:34:05,306 [pool-47-thread-1] INFO  server.RaftServerConfigKeys (ConfUtils.java:logGet(43)) - raft.server.notification.no-leader.timeout = 120s (custom)
2019-09-26 13:34:05,306 [pool-47-thread-1] INFO  server.RaftServerConfigKeys (ConfUtils.java:logGet(43)) - raft.server.log.use.memory = false (default)
2019-09-26 13:34:05,306 [pool-47-thread-1] INFO  server.RaftServerConfigKeys (ConfUtils.java:logGet(43)) - raft.server.log.purge.gap = 1000000 (custom)
2019-09-26 13:34:05,306 [pool-47-thread-1] INFO  server.RaftServerConfigKeys (ConfUtils.java:logGet(43)) - raft.server.log.appender.buffer.byte-limit = 33554432 (custom)
2019-09-26 13:34:05,307 [pool-47-thread-1] INFO  server.RaftServerConfigKeys (ConfUtils.java:logGet(43)) - raft.server.log.segment.size.max = 1048576 (custom)
2019-09-26 13:34:05,307 [pool-47-thread-1] INFO  server.RaftServerConfigKeys (ConfUtils.java:logGet(43)) - raft.server.log.segment.cache.num.max = 2 (custom)
2019-09-26 13:34:05,307 [pool-47-thread-1] INFO  segmented.SegmentedRaftLogWorker (SegmentedRaftLogWorker.java:<init>(172)) - new 225bd7ce-61cd-45a9-80d4-d38af20818a5@group-A538A747B400-SegmentedRaftLogWorker for RaftStorage:Storage Directory /workdir/hadoop-ozone/tools/target/test-dir/MiniOzoneClusterImpl-dc29704b-fdb8-4d9e-ab20-a88de5d9579b/datanode-2/data/ratis/94b0653a-8863-4ad0-a01a-a538a747b400
2019-09-26 13:34:05,307 [pool-47-thread-1] INFO  server.RaftServerConfigKeys (ConfUtils.java:logGet(43)) - raft.server.log.queue.byte-limit = 2147483647 (custom)
2019-09-26 13:34:05,307 [pool-47-thread-1] INFO  server.RaftServerConfigKeys (ConfUtils.java:logGet(43)) - raft.server.log.queue.element-limit = 1024 (custom)
2019-09-26 13:34:05,307 [pool-47-thread-1] INFO  server.RaftServerConfigKeys (ConfUtils.java:logGet(43)) - raft.server.log.segment.size.max = 1048576 (custom)
2019-09-26 13:34:05,308 [pool-47-thread-1] INFO  server.RaftServerConfigKeys (ConfUtils.java:logGet(43)) - raft.server.log.preallocated.size = 16384 (custom)
2019-09-26 13:34:05,308 [pool-47-thread-1] INFO  server.RaftServerConfigKeys (ConfUtils.java:logGet(43)) - raft.server.log.write.buffer.size = 33554432 (custom)
2019-09-26 13:34:05,308 [pool-47-thread-1] INFO  server.RaftServerConfigKeys (ConfUtils.java:logGet(43)) - raft.server.log.force.sync.num = 128 (default)
2019-09-26 13:34:05,308 [pool-47-thread-1] INFO  server.RaftServerConfigKeys (ConfUtils.java:logGet(43)) - raft.server.log.statemachine.data.sync = true (default)
2019-09-26 13:34:05,308 [pool-47-thread-1] INFO  server.RaftServerConfigKeys (ConfUtils.java:logGet(43)) - raft.server.log.statemachine.data.sync.timeout = 10s (default)
2019-09-26 13:34:05,309 [pool-47-thread-1] INFO  server.RaftServerConfigKeys (ConfUtils.java:logGet(43)) - raft.server.log.statemachine.data.sync.timeout.retry = -1 (default)
2019-09-26 13:34:05,309 [pool-47-thread-1] INFO  server.RaftServerConfigKeys (ConfUtils.java:logGet(43)) - raft.server.log.statemachine.data.caching.enabled = true (custom)
2019-09-26 13:34:05,309 [pool-47-thread-1] INFO  segmented.SegmentedRaftLogWorker (SegmentedRaftLogWorker.java:lambda$new$0(132)) - 225bd7ce-61cd-45a9-80d4-d38af20818a5@group-A538A747B400-SegmentedRaftLogWorker: flushIndex: setUnconditionally 0 -> -1
2019-09-26 13:34:05,309 [pool-47-thread-1] INFO  server.RaftServerConfigKeys (ConfUtils.java:logGet(43)) - raft.server.snapshot.auto.trigger.enabled = true (custom)
2019-09-26 13:34:05,310 [pool-47-thread-1] INFO  server.RaftServerConfigKeys (ConfUtils.java:logGet(43)) - raft.server.snapshot.auto.trigger.threshold = 10000 (custom)
2019-09-26 13:34:05,310 [pool-47-thread-1] INFO  server.RaftServerConfigKeys (ConfUtils.java:logGet(43)) - raft.server.snapshot.retention.num.files = 5 (custom)
2019-09-26 13:34:05,310 [pool-47-thread-1] INFO  server.RaftServerConfigKeys (ConfUtils.java:logGet(43)) - raft.server.retrycache.expirytime = 600000ms (custom)
2019-09-26 13:34:05,313 [pool-47-thread-1] INFO  impl.RaftServerImpl (RaftServerImpl.java:start(185)) - 225bd7ce-61cd-45a9-80d4-d38af20818a5@group-A538A747B400: start as a follower, conf=-1: [225bd7ce-61cd-45a9-80d4-d38af20818a5:192.168.164.238:41146], old=null
2019-09-26 13:34:05,313 [pool-47-thread-1] INFO  impl.RaftServerImpl (RaftServerImpl.java:setRole(174)) - 225bd7ce-61cd-45a9-80d4-d38af20818a5@group-A538A747B400: changes role from      null to FOLLOWER at term 0 for startAsFollower
2019-09-26 13:34:05,313 [pool-47-thread-1] INFO  impl.RoleInfo (RoleInfo.java:updateAndGet(143)) - 225bd7ce-61cd-45a9-80d4-d38af20818a5: start FollowerState
2019-09-26 13:34:05,314 [pool-47-thread-1] INFO  util.JmxRegister (JmxRegister.java:tryRegister(44)) - Successfully registered JMX Bean with object name Ratis:service=RaftServer,group=group-A538A747B400,id=225bd7ce-61cd-45a9-80d4-d38af20818a5
2019-09-26 13:34:05,324 [RatisPipelineUtilsThread] INFO  pipeline.PipelineStateManager (PipelineStateManager.java:addPipeline(56)) - Created pipeline Pipeline[ Id: 94b0653a-8863-4ad0-a01a-a538a747b400, Nodes: 225bd7ce-61cd-45a9-80d4-d38af20818a5{ip: 192.168.164.238, host: pr-hdds-1569-87zkn-1081879488, networkLocation: /default-rack, certSerialId: null}, Type:RATIS, Factor:ONE, State:OPEN]
2019-09-26 13:34:05,324 [RatisPipelineUtilsThread] INFO  pipeline.PipelinePlacementPolicy (PipelinePlacementPolicy.java:meetCriteria(91)) - Pipeline Placement: can't place more pipeline on heavy datanode： a6cc820d-4c20-4116-9864-c0f90ea69363 Heaviness: 6 limit: 5
2019-09-26 13:34:05,337 [grpc-default-executor-0] INFO  impl.RaftServerProxy (RaftServerProxy.java:addNew(89)) - e87194ae-6196-464a-8fce-fc61cfb56335: addNew group-5E5F6545F35A:[e87194ae-6196-464a-8fce-fc61cfb56335:192.168.164.238:37233] returns group-5E5F6545F35A:java.util.concurrent.CompletableFuture@67d5b21[Not completed]
2019-09-26 13:34:05,338 [pool-37-thread-1] INFO  impl.RaftServerImpl (RaftServerImpl.java:<init>(95)) - e87194ae-6196-464a-8fce-fc61cfb56335: new RaftServerImpl for group-5E5F6545F35A:[e87194ae-6196-464a-8fce-fc61cfb56335:192.168.164.238:37233] with ContainerStateMachine:uninitialized
2019-09-26 13:34:05,339 [pool-37-thread-1] INFO  server.RaftServerConfigKeys (ConfUtils.java:logGet(43)) - raft.server.rpc.timeout.min = 5s (custom)
2019-09-26 13:34:05,339 [pool-37-thread-1] INFO  server.RaftServerConfigKeys (ConfUtils.java:logGet(43)) - raft.server.rpc.timeout.max = 5200ms (custom)
2019-09-26 13:34:05,339 [pool-37-thread-1] INFO  server.RaftServerConfigKeys (ConfUtils.java:logGet(43)) - raft.server.rpcslowness.timeout = 120s (custom)
2019-09-26 13:34:05,339 [pool-37-thread-1] INFO  server.RaftServerConfigKeys (ConfUtils.java:logGet(43)) - raft.server.sleep.deviation.threshold = 300 (default)
2019-09-26 13:34:05,339 [pool-37-thread-1] INFO  server.RaftServerConfigKeys (ConfUtils.java:logGet(43)) - raft.server.log.appender.install.snapshot.enabled = false (custom)
2019-09-26 13:34:05,339 [pool-37-thread-1] INFO  impl.RaftServerImpl (ServerState.java:<init>(103)) - e87194ae-6196-464a-8fce-fc61cfb56335@group-5E5F6545F35A: ConfigurationManager, init=-1: [e87194ae-6196-464a-8fce-fc61cfb56335:192.168.164.238:37233], old=null, confs=<EMPTY_MAP>
2019-09-26 13:34:05,340 [pool-37-thread-1] INFO  server.RaftServerConfigKeys (ConfUtils.java:logGet(43)) - raft.server.storage.dir = [/workdir/hadoop-ozone/tools/target/test-dir/MiniOzoneClusterImpl-dc29704b-fdb8-4d9e-ab20-a88de5d9579b/datanode-1/data/ratis] (custom)
2019-09-26 13:34:05,340 [pool-37-thread-1] INFO  storage.RaftStorageDirectory (RaftStorageDirectory.java:analyzeStorage(246)) - The storage directory /workdir/hadoop-ozone/tools/target/test-dir/MiniOzoneClusterImpl-dc29704b-fdb8-4d9e-ab20-a88de5d9579b/datanode-1/data/ratis/d763b598-91a4-49fb-85d1-5e5f6545f35a does not exist. Creating ...
2019-09-26 13:34:05,354 [pool-37-thread-1] INFO  storage.RaftStorageDirectory (RaftStorageDirectory.java:tryLock(328)) - Lock on /workdir/hadoop-ozone/tools/target/test-dir/MiniOzoneClusterImpl-dc29704b-fdb8-4d9e-ab20-a88de5d9579b/datanode-1/data/ratis/d763b598-91a4-49fb-85d1-5e5f6545f35a/in_use.lock acquired by nodename 17110@pr-hdds-1569-87zkn-1081879488
2019-09-26 13:34:05,367 [pool-37-thread-1] INFO  storage.RaftStorage (RaftStorage.java:format(72)) - Storage directory /workdir/hadoop-ozone/tools/target/test-dir/MiniOzoneClusterImpl-dc29704b-fdb8-4d9e-ab20-a88de5d9579b/datanode-1/data/ratis/d763b598-91a4-49fb-85d1-5e5f6545f35a has been successfully formatted.
2019-09-26 13:34:05,367 [pool-37-thread-1] INFO  ratis.ContainerStateMachine (ContainerStateMachine.java:loadSnapshot(230)) - group-5E5F6545F35A: The snapshot info is null. Setting the last applied indexto:(t:0, i:~)
2019-09-26 13:34:05,367 [pool-37-thread-1] INFO  server.RaftServerConfigKeys (ConfUtils.java:logGet(43)) - raft.server.notification.no-leader.timeout = 120s (custom)
2019-09-26 13:34:05,367 [pool-37-thread-1] INFO  server.RaftServerConfigKeys (ConfUtils.java:logGet(43)) - raft.server.log.use.memory = false (default)
2019-09-26 13:34:05,367 [pool-37-thread-1] INFO  server.RaftServerConfigKeys (ConfUtils.java:logGet(43)) - raft.server.log.purge.gap = 1000000 (custom)
2019-09-26 13:34:05,367 [pool-37-thread-1] INFO  server.RaftServerConfigKeys (ConfUtils.java:logGet(43)) - raft.server.log.appender.buffer.byte-limit = 33554432 (custom)
2019-09-26 13:34:05,368 [pool-37-thread-1] INFO  server.RaftServerConfigKeys (ConfUtils.java:logGet(43)) - raft.server.log.segment.size.max = 1048576 (custom)
2019-09-26 13:34:05,368 [pool-37-thread-1] INFO  server.RaftServerConfigKeys (ConfUtils.java:logGet(43)) - raft.server.log.segment.cache.num.max = 2 (custom)
2019-09-26 13:34:05,368 [pool-37-thread-1] INFO  segmented.SegmentedRaftLogWorker (SegmentedRaftLogWorker.java:<init>(172)) - new e87194ae-6196-464a-8fce-fc61cfb56335@group-5E5F6545F35A-SegmentedRaftLogWorker for RaftStorage:Storage Directory /workdir/hadoop-ozone/tools/target/test-dir/MiniOzoneClusterImpl-dc29704b-fdb8-4d9e-ab20-a88de5d9579b/datanode-1/data/ratis/d763b598-91a4-49fb-85d1-5e5f6545f35a
2019-09-26 13:34:05,368 [pool-37-thread-1] INFO  server.RaftServerConfigKeys (ConfUtils.java:logGet(43)) - raft.server.log.queue.byte-limit = 2147483647 (custom)
2019-09-26 13:34:05,368 [pool-37-thread-1] INFO  server.RaftServerConfigKeys (ConfUtils.java:logGet(43)) - raft.server.log.queue.element-limit = 1024 (custom)
2019-09-26 13:34:05,368 [pool-37-thread-1] INFO  server.RaftServerConfigKeys (ConfUtils.java:logGet(43)) - raft.server.log.segment.size.max = 1048576 (custom)
2019-09-26 13:34:05,368 [pool-37-thread-1] INFO  server.RaftServerConfigKeys (ConfUtils.java:logGet(43)) - raft.server.log.preallocated.size = 16384 (custom)
2019-09-26 13:34:05,369 [pool-37-thread-1] INFO  server.RaftServerConfigKeys (ConfUtils.java:logGet(43)) - raft.server.log.write.buffer.size = 33554432 (custom)
2019-09-26 13:34:05,369 [pool-37-thread-1] INFO  server.RaftServerConfigKeys (ConfUtils.java:logGet(43)) - raft.server.log.force.sync.num = 128 (default)
2019-09-26 13:34:05,369 [pool-37-thread-1] INFO  server.RaftServerConfigKeys (ConfUtils.java:logGet(43)) - raft.server.log.statemachine.data.sync = true (default)
2019-09-26 13:34:05,369 [pool-37-thread-1] INFO  server.RaftServerConfigKeys (ConfUtils.java:logGet(43)) - raft.server.log.statemachine.data.sync.timeout = 10s (default)
2019-09-26 13:34:05,369 [pool-37-thread-1] INFO  server.RaftServerConfigKeys (ConfUtils.java:logGet(43)) - raft.server.log.statemachine.data.sync.timeout.retry = -1 (default)
2019-09-26 13:34:05,369 [pool-37-thread-1] INFO  server.RaftServerConfigKeys (ConfUtils.java:logGet(43)) - raft.server.log.statemachine.data.caching.enabled = true (custom)
2019-09-26 13:34:05,370 [pool-37-thread-1] INFO  segmented.SegmentedRaftLogWorker (SegmentedRaftLogWorker.java:lambda$new$0(132)) - e87194ae-6196-464a-8fce-fc61cfb56335@group-5E5F6545F35A-SegmentedRaftLogWorker: flushIndex: setUnconditionally 0 -> -1
2019-09-26 13:34:05,370 [pool-37-thread-1] INFO  server.RaftServerConfigKeys (ConfUtils.java:logGet(43)) - raft.server.snapshot.auto.trigger.enabled = true (custom)
2019-09-26 13:34:05,370 [pool-37-thread-1] INFO  server.RaftServerConfigKeys (ConfUtils.java:logGet(43)) - raft.server.snapshot.auto.trigger.threshold = 10000 (custom)
2019-09-26 13:34:05,370 [pool-37-thread-1] INFO  server.RaftServerConfigKeys (ConfUtils.java:logGet(43)) - raft.server.snapshot.retention.num.files = 5 (custom)
2019-09-26 13:34:05,370 [pool-37-thread-1] INFO  server.RaftServerConfigKeys (ConfUtils.java:logGet(43)) - raft.server.retrycache.expirytime = 600000ms (custom)
2019-09-26 13:34:05,373 [pool-37-thread-1] INFO  impl.RaftServerImpl (RaftServerImpl.java:start(185)) - e87194ae-6196-464a-8fce-fc61cfb56335@group-5E5F6545F35A: start as a follower, conf=-1: [e87194ae-6196-464a-8fce-fc61cfb56335:192.168.164.238:37233], old=null
2019-09-26 13:34:05,373 [pool-37-thread-1] INFO  impl.RaftServerImpl (RaftServerImpl.java:setRole(174)) - e87194ae-6196-464a-8fce-fc61cfb56335@group-5E5F6545F35A: changes role from      null to FOLLOWER at term 0 for startAsFollower
2019-09-26 13:34:05,373 [pool-37-thread-1] INFO  impl.RoleInfo (RoleInfo.java:updateAndGet(143)) - e87194ae-6196-464a-8fce-fc61cfb56335: start FollowerState
2019-09-26 13:34:05,374 [pool-37-thread-1] INFO  util.JmxRegister (JmxRegister.java:tryRegister(44)) - Successfully registered JMX Bean with object name Ratis:service=RaftServer,group=group-5E5F6545F35A,id=e87194ae-6196-464a-8fce-fc61cfb56335
2019-09-26 13:34:05,382 [RatisPipelineUtilsThread] INFO  pipeline.PipelineStateManager (PipelineStateManager.java:addPipeline(56)) - Created pipeline Pipeline[ Id: d763b598-91a4-49fb-85d1-5e5f6545f35a, Nodes: e87194ae-6196-464a-8fce-fc61cfb56335{ip: 192.168.164.238, host: pr-hdds-1569-87zkn-1081879488, networkLocation: /default-rack, certSerialId: null}, Type:RATIS, Factor:ONE, State:OPEN]
2019-09-26 13:34:05,383 [RatisPipelineUtilsThread] INFO  pipeline.PipelinePlacementPolicy (PipelinePlacementPolicy.java:meetCriteria(91)) - Pipeline Placement: can't place more pipeline on heavy datanode： a6cc820d-4c20-4116-9864-c0f90ea69363 Heaviness: 6 limit: 5
2019-09-26 13:34:05,396 [grpc-default-executor-0] INFO  impl.RaftServerProxy (RaftServerProxy.java:addNew(89)) - e87194ae-6196-464a-8fce-fc61cfb56335: addNew group-A0B25C8FB697:[e87194ae-6196-464a-8fce-fc61cfb56335:192.168.164.238:37233] returns group-A0B25C8FB697:java.util.concurrent.CompletableFuture@4ab43fc9[Not completed]
2019-09-26 13:34:05,397 [pool-37-thread-1] INFO  impl.RaftServerImpl (RaftServerImpl.java:<init>(95)) - e87194ae-6196-464a-8fce-fc61cfb56335: new RaftServerImpl for group-A0B25C8FB697:[e87194ae-6196-464a-8fce-fc61cfb56335:192.168.164.238:37233] with ContainerStateMachine:uninitialized
2019-09-26 13:34:05,398 [pool-37-thread-1] INFO  server.RaftServerConfigKeys (ConfUtils.java:logGet(43)) - raft.server.rpc.timeout.min = 5s (custom)
2019-09-26 13:34:05,398 [pool-37-thread-1] INFO  server.RaftServerConfigKeys (ConfUtils.java:logGet(43)) - raft.server.rpc.timeout.max = 5200ms (custom)
2019-09-26 13:34:05,398 [pool-37-thread-1] INFO  server.RaftServerConfigKeys (ConfUtils.java:logGet(43)) - raft.server.rpcslowness.timeout = 120s (custom)
2019-09-26 13:34:05,398 [pool-37-thread-1] INFO  server.RaftServerConfigKeys (ConfUtils.java:logGet(43)) - raft.server.sleep.deviation.threshold = 300 (default)
2019-09-26 13:34:05,398 [pool-37-thread-1] INFO  server.RaftServerConfigKeys (ConfUtils.java:logGet(43)) - raft.server.log.appender.install.snapshot.enabled = false (custom)
2019-09-26 13:34:05,398 [pool-37-thread-1] INFO  impl.RaftServerImpl (ServerState.java:<init>(103)) - e87194ae-6196-464a-8fce-fc61cfb56335@group-A0B25C8FB697: ConfigurationManager, init=-1: [e87194ae-6196-464a-8fce-fc61cfb56335:192.168.164.238:37233], old=null, confs=<EMPTY_MAP>
2019-09-26 13:34:05,399 [pool-37-thread-1] INFO  server.RaftServerConfigKeys (ConfUtils.java:logGet(43)) - raft.server.storage.dir = [/workdir/hadoop-ozone/tools/target/test-dir/MiniOzoneClusterImpl-dc29704b-fdb8-4d9e-ab20-a88de5d9579b/datanode-1/data/ratis] (custom)
2019-09-26 13:34:05,399 [pool-37-thread-1] INFO  storage.RaftStorageDirectory (RaftStorageDirectory.java:analyzeStorage(246)) - The storage directory /workdir/hadoop-ozone/tools/target/test-dir/MiniOzoneClusterImpl-dc29704b-fdb8-4d9e-ab20-a88de5d9579b/datanode-1/data/ratis/b0e81a11-f6ec-4b68-b0b2-a0b25c8fb697 does not exist. Creating ...
2019-09-26 13:34:05,412 [pool-37-thread-1] INFO  storage.RaftStorageDirectory (RaftStorageDirectory.java:tryLock(328)) - Lock on /workdir/hadoop-ozone/tools/target/test-dir/MiniOzoneClusterImpl-dc29704b-fdb8-4d9e-ab20-a88de5d9579b/datanode-1/data/ratis/b0e81a11-f6ec-4b68-b0b2-a0b25c8fb697/in_use.lock acquired by nodename 17110@pr-hdds-1569-87zkn-1081879488
2019-09-26 13:34:05,425 [pool-37-thread-1] INFO  storage.RaftStorage (RaftStorage.java:format(72)) - Storage directory /workdir/hadoop-ozone/tools/target/test-dir/MiniOzoneClusterImpl-dc29704b-fdb8-4d9e-ab20-a88de5d9579b/datanode-1/data/ratis/b0e81a11-f6ec-4b68-b0b2-a0b25c8fb697 has been successfully formatted.
2019-09-26 13:34:05,426 [pool-37-thread-1] INFO  ratis.ContainerStateMachine (ContainerStateMachine.java:loadSnapshot(230)) - group-A0B25C8FB697: The snapshot info is null. Setting the last applied indexto:(t:0, i:~)
2019-09-26 13:34:05,426 [pool-37-thread-1] INFO  server.RaftServerConfigKeys (ConfUtils.java:logGet(43)) - raft.server.notification.no-leader.timeout = 120s (custom)
2019-09-26 13:34:05,426 [pool-37-thread-1] INFO  server.RaftServerConfigKeys (ConfUtils.java:logGet(43)) - raft.server.log.use.memory = false (default)
2019-09-26 13:34:05,426 [pool-37-thread-1] INFO  server.RaftServerConfigKeys (ConfUtils.java:logGet(43)) - raft.server.log.purge.gap = 1000000 (custom)
2019-09-26 13:34:05,426 [pool-37-thread-1] INFO  server.RaftServerConfigKeys (ConfUtils.java:logGet(43)) - raft.server.log.appender.buffer.byte-limit = 33554432 (custom)
2019-09-26 13:34:05,426 [pool-37-thread-1] INFO  server.RaftServerConfigKeys (ConfUtils.java:logGet(43)) - raft.server.log.segment.size.max = 1048576 (custom)
2019-09-26 13:34:05,427 [pool-37-thread-1] INFO  server.RaftServerConfigKeys (ConfUtils.java:logGet(43)) - raft.server.log.segment.cache.num.max = 2 (custom)
2019-09-26 13:34:05,427 [pool-37-thread-1] INFO  segmented.SegmentedRaftLogWorker (SegmentedRaftLogWorker.java:<init>(172)) - new e87194ae-6196-464a-8fce-fc61cfb56335@group-A0B25C8FB697-SegmentedRaftLogWorker for RaftStorage:Storage Directory /workdir/hadoop-ozone/tools/target/test-dir/MiniOzoneClusterImpl-dc29704b-fdb8-4d9e-ab20-a88de5d9579b/datanode-1/data/ratis/b0e81a11-f6ec-4b68-b0b2-a0b25c8fb697
2019-09-26 13:34:05,427 [pool-37-thread-1] INFO  server.RaftServerConfigKeys (ConfUtils.java:logGet(43)) - raft.server.log.queue.byte-limit = 2147483647 (custom)
2019-09-26 13:34:05,427 [pool-37-thread-1] INFO  server.RaftServerConfigKeys (ConfUtils.java:logGet(43)) - raft.server.log.queue.element-limit = 1024 (custom)
2019-09-26 13:34:05,427 [pool-37-thread-1] INFO  server.RaftServerConfigKeys (ConfUtils.java:logGet(43)) - raft.server.log.segment.size.max = 1048576 (custom)
2019-09-26 13:34:05,427 [pool-37-thread-1] INFO  server.RaftServerConfigKeys (ConfUtils.java:logGet(43)) - raft.server.log.preallocated.size = 16384 (custom)
2019-09-26 13:34:05,428 [pool-37-thread-1] INFO  server.RaftServerConfigKeys (ConfUtils.java:logGet(43)) - raft.server.log.write.buffer.size = 33554432 (custom)
2019-09-26 13:34:05,428 [pool-37-thread-1] INFO  server.RaftServerConfigKeys (ConfUtils.java:logGet(43)) - raft.server.log.force.sync.num = 128 (default)
2019-09-26 13:34:05,428 [pool-37-thread-1] INFO  server.RaftServerConfigKeys (ConfUtils.java:logGet(43)) - raft.server.log.statemachine.data.sync = true (default)
2019-09-26 13:34:05,428 [pool-37-thread-1] INFO  server.RaftServerConfigKeys (ConfUtils.java:logGet(43)) - raft.server.log.statemachine.data.sync.timeout = 10s (default)
2019-09-26 13:34:05,428 [pool-37-thread-1] INFO  server.RaftServerConfigKeys (ConfUtils.java:logGet(43)) - raft.server.log.statemachine.data.sync.timeout.retry = -1 (default)
2019-09-26 13:34:05,428 [pool-37-thread-1] INFO  server.RaftServerConfigKeys (ConfUtils.java:logGet(43)) - raft.server.log.statemachine.data.caching.enabled = true (custom)
2019-09-26 13:34:05,429 [pool-37-thread-1] INFO  segmented.SegmentedRaftLogWorker (SegmentedRaftLogWorker.java:lambda$new$0(132)) - e87194ae-6196-464a-8fce-fc61cfb56335@group-A0B25C8FB697-SegmentedRaftLogWorker: flushIndex: setUnconditionally 0 -> -1
2019-09-26 13:34:05,429 [pool-37-thread-1] INFO  server.RaftServerConfigKeys (ConfUtils.java:logGet(43)) - raft.server.snapshot.auto.trigger.enabled = true (custom)
2019-09-26 13:34:05,429 [pool-37-thread-1] INFO  server.RaftServerConfigKeys (ConfUtils.java:logGet(43)) - raft.server.snapshot.auto.trigger.threshold = 10000 (custom)
2019-09-26 13:34:05,429 [pool-37-thread-1] INFO  server.RaftServerConfigKeys (ConfUtils.java:logGet(43)) - raft.server.snapshot.retention.num.files = 5 (custom)
2019-09-26 13:34:05,430 [pool-37-thread-1] INFO  server.RaftServerConfigKeys (ConfUtils.java:logGet(43)) - raft.server.retrycache.expirytime = 600000ms (custom)
2019-09-26 13:34:05,433 [pool-37-thread-1] INFO  impl.RaftServerImpl (RaftServerImpl.java:start(185)) - e87194ae-6196-464a-8fce-fc61cfb56335@group-A0B25C8FB697: start as a follower, conf=-1: [e87194ae-6196-464a-8fce-fc61cfb56335:192.168.164.238:37233], old=null
2019-09-26 13:34:05,433 [pool-37-thread-1] INFO  impl.RaftServerImpl (RaftServerImpl.java:setRole(174)) - e87194ae-6196-464a-8fce-fc61cfb56335@group-A0B25C8FB697: changes role from      null to FOLLOWER at term 0 for startAsFollower
2019-09-26 13:34:05,433 [pool-37-thread-1] INFO  impl.RoleInfo (RoleInfo.java:updateAndGet(143)) - e87194ae-6196-464a-8fce-fc61cfb56335: start FollowerState
2019-09-26 13:34:05,433 [pool-37-thread-1] INFO  util.JmxRegister (JmxRegister.java:tryRegister(44)) - Successfully registered JMX Bean with object name Ratis:service=RaftServer,group=group-A0B25C8FB697,id=e87194ae-6196-464a-8fce-fc61cfb56335
2019-09-26 13:34:05,442 [RatisPipelineUtilsThread] INFO  pipeline.PipelineStateManager (PipelineStateManager.java:addPipeline(56)) - Created pipeline Pipeline[ Id: b0e81a11-f6ec-4b68-b0b2-a0b25c8fb697, Nodes: e87194ae-6196-464a-8fce-fc61cfb56335{ip: 192.168.164.238, host: pr-hdds-1569-87zkn-1081879488, networkLocation: /default-rack, certSerialId: null}, Type:RATIS, Factor:ONE, State:OPEN]
2019-09-26 13:34:05,442 [RatisPipelineUtilsThread] INFO  pipeline.PipelinePlacementPolicy (PipelinePlacementPolicy.java:meetCriteria(91)) - Pipeline Placement: can't place more pipeline on heavy datanode： a6cc820d-4c20-4116-9864-c0f90ea69363 Heaviness: 6 limit: 5
2019-09-26 13:34:05,457 [grpc-default-executor-0] INFO  impl.RaftServerProxy (RaftServerProxy.java:addNew(89)) - 225bd7ce-61cd-45a9-80d4-d38af20818a5: addNew group-1E0DCBEB4FA2:[225bd7ce-61cd-45a9-80d4-d38af20818a5:192.168.164.238:41146] returns group-1E0DCBEB4FA2:java.util.concurrent.CompletableFuture@36a0cd9a[Not completed]
2019-09-26 13:34:05,458 [pool-47-thread-1] INFO  impl.RaftServerImpl (RaftServerImpl.java:<init>(95)) - 225bd7ce-61cd-45a9-80d4-d38af20818a5: new RaftServerImpl for group-1E0DCBEB4FA2:[225bd7ce-61cd-45a9-80d4-d38af20818a5:192.168.164.238:41146] with ContainerStateMachine:uninitialized
2019-09-26 13:34:05,459 [pool-47-thread-1] INFO  server.RaftServerConfigKeys (ConfUtils.java:logGet(43)) - raft.server.rpc.timeout.min = 5s (custom)
2019-09-26 13:34:05,459 [pool-47-thread-1] INFO  server.RaftServerConfigKeys (ConfUtils.java:logGet(43)) - raft.server.rpc.timeout.max = 5200ms (custom)
2019-09-26 13:34:05,459 [pool-47-thread-1] INFO  server.RaftServerConfigKeys (ConfUtils.java:logGet(43)) - raft.server.rpcslowness.timeout = 120s (custom)
2019-09-26 13:34:05,459 [pool-47-thread-1] INFO  server.RaftServerConfigKeys (ConfUtils.java:logGet(43)) - raft.server.sleep.deviation.threshold = 300 (default)
2019-09-26 13:34:05,459 [pool-47-thread-1] INFO  server.RaftServerConfigKeys (ConfUtils.java:logGet(43)) - raft.server.log.appender.install.snapshot.enabled = false (custom)
2019-09-26 13:34:05,460 [pool-47-thread-1] INFO  impl.RaftServerImpl (ServerState.java:<init>(103)) - 225bd7ce-61cd-45a9-80d4-d38af20818a5@group-1E0DCBEB4FA2: ConfigurationManager, init=-1: [225bd7ce-61cd-45a9-80d4-d38af20818a5:192.168.164.238:41146], old=null, confs=<EMPTY_MAP>
2019-09-26 13:34:05,460 [pool-47-thread-1] INFO  server.RaftServerConfigKeys (ConfUtils.java:logGet(43)) - raft.server.storage.dir = [/workdir/hadoop-ozone/tools/target/test-dir/MiniOzoneClusterImpl-dc29704b-fdb8-4d9e-ab20-a88de5d9579b/datanode-2/data/ratis] (custom)
2019-09-26 13:34:05,460 [pool-47-thread-1] INFO  storage.RaftStorageDirectory (RaftStorageDirectory.java:analyzeStorage(246)) - The storage directory /workdir/hadoop-ozone/tools/target/test-dir/MiniOzoneClusterImpl-dc29704b-fdb8-4d9e-ab20-a88de5d9579b/datanode-2/data/ratis/cf162305-db21-495b-b02b-1e0dcbeb4fa2 does not exist. Creating ...
2019-09-26 13:34:05,474 [pool-47-thread-1] INFO  storage.RaftStorageDirectory (RaftStorageDirectory.java:tryLock(328)) - Lock on /workdir/hadoop-ozone/tools/target/test-dir/MiniOzoneClusterImpl-dc29704b-fdb8-4d9e-ab20-a88de5d9579b/datanode-2/data/ratis/cf162305-db21-495b-b02b-1e0dcbeb4fa2/in_use.lock acquired by nodename 17110@pr-hdds-1569-87zkn-1081879488
2019-09-26 13:34:05,494 [pool-47-thread-1] INFO  storage.RaftStorage (RaftStorage.java:format(72)) - Storage directory /workdir/hadoop-ozone/tools/target/test-dir/MiniOzoneClusterImpl-dc29704b-fdb8-4d9e-ab20-a88de5d9579b/datanode-2/data/ratis/cf162305-db21-495b-b02b-1e0dcbeb4fa2 has been successfully formatted.
2019-09-26 13:34:05,494 [pool-47-thread-1] INFO  ratis.ContainerStateMachine (ContainerStateMachine.java:loadSnapshot(230)) - group-1E0DCBEB4FA2: The snapshot info is null. Setting the last applied indexto:(t:0, i:~)
2019-09-26 13:34:05,494 [pool-47-thread-1] INFO  server.RaftServerConfigKeys (ConfUtils.java:logGet(43)) - raft.server.notification.no-leader.timeout = 120s (custom)
2019-09-26 13:34:05,494 [pool-47-thread-1] INFO  server.RaftServerConfigKeys (ConfUtils.java:logGet(43)) - raft.server.log.use.memory = false (default)
2019-09-26 13:34:05,495 [pool-47-thread-1] INFO  server.RaftServerConfigKeys (ConfUtils.java:logGet(43)) - raft.server.log.purge.gap = 1000000 (custom)
2019-09-26 13:34:05,495 [pool-47-thread-1] INFO  server.RaftServerConfigKeys (ConfUtils.java:logGet(43)) - raft.server.log.appender.buffer.byte-limit = 33554432 (custom)
2019-09-26 13:34:05,495 [pool-47-thread-1] INFO  server.RaftServerConfigKeys (ConfUtils.java:logGet(43)) - raft.server.log.segment.size.max = 1048576 (custom)
2019-09-26 13:34:05,495 [pool-47-thread-1] INFO  server.RaftServerConfigKeys (ConfUtils.java:logGet(43)) - raft.server.log.segment.cache.num.max = 2 (custom)
2019-09-26 13:34:05,495 [pool-47-thread-1] INFO  segmented.SegmentedRaftLogWorker (SegmentedRaftLogWorker.java:<init>(172)) - new 225bd7ce-61cd-45a9-80d4-d38af20818a5@group-1E0DCBEB4FA2-SegmentedRaftLogWorker for RaftStorage:Storage Directory /workdir/hadoop-ozone/tools/target/test-dir/MiniOzoneClusterImpl-dc29704b-fdb8-4d9e-ab20-a88de5d9579b/datanode-2/data/ratis/cf162305-db21-495b-b02b-1e0dcbeb4fa2
2019-09-26 13:34:05,496 [pool-47-thread-1] INFO  server.RaftServerConfigKeys (ConfUtils.java:logGet(43)) - raft.server.log.queue.byte-limit = 2147483647 (custom)
2019-09-26 13:34:05,496 [pool-47-thread-1] INFO  server.RaftServerConfigKeys (ConfUtils.java:logGet(43)) - raft.server.log.queue.element-limit = 1024 (custom)
2019-09-26 13:34:05,496 [pool-47-thread-1] INFO  server.RaftServerConfigKeys (ConfUtils.java:logGet(43)) - raft.server.log.segment.size.max = 1048576 (custom)
2019-09-26 13:34:05,496 [pool-47-thread-1] INFO  server.RaftServerConfigKeys (ConfUtils.java:logGet(43)) - raft.server.log.preallocated.size = 16384 (custom)
2019-09-26 13:34:05,496 [pool-47-thread-1] INFO  server.RaftServerConfigKeys (ConfUtils.java:logGet(43)) - raft.server.log.write.buffer.size = 33554432 (custom)
2019-09-26 13:34:05,497 [pool-47-thread-1] INFO  server.RaftServerConfigKeys (ConfUtils.java:logGet(43)) - raft.server.log.force.sync.num = 128 (default)
2019-09-26 13:34:05,497 [pool-47-thread-1] INFO  server.RaftServerConfigKeys (ConfUtils.java:logGet(43)) - raft.server.log.statemachine.data.sync = true (default)
2019-09-26 13:34:05,497 [pool-47-thread-1] INFO  server.RaftServerConfigKeys (ConfUtils.java:logGet(43)) - raft.server.log.statemachine.data.sync.timeout = 10s (default)
2019-09-26 13:34:05,497 [pool-47-thread-1] INFO  server.RaftServerConfigKeys (ConfUtils.java:logGet(43)) - raft.server.log.statemachine.data.sync.timeout.retry = -1 (default)
2019-09-26 13:34:05,498 [pool-47-thread-1] INFO  server.RaftServerConfigKeys (ConfUtils.java:logGet(43)) - raft.server.log.statemachine.data.caching.enabled = true (custom)
2019-09-26 13:34:05,498 [pool-47-thread-1] INFO  segmented.SegmentedRaftLogWorker (SegmentedRaftLogWorker.java:lambda$new$0(132)) - 225bd7ce-61cd-45a9-80d4-d38af20818a5@group-1E0DCBEB4FA2-SegmentedRaftLogWorker: flushIndex: setUnconditionally 0 -> -1
2019-09-26 13:34:05,499 [pool-47-thread-1] INFO  server.RaftServerConfigKeys (ConfUtils.java:logGet(43)) - raft.server.snapshot.auto.trigger.enabled = true (custom)
2019-09-26 13:34:05,499 [pool-47-thread-1] INFO  server.RaftServerConfigKeys (ConfUtils.java:logGet(43)) - raft.server.snapshot.auto.trigger.threshold = 10000 (custom)
2019-09-26 13:34:05,499 [pool-47-thread-1] INFO  server.RaftServerConfigKeys (ConfUtils.java:logGet(43)) - raft.server.snapshot.retention.num.files = 5 (custom)
2019-09-26 13:34:05,499 [pool-47-thread-1] INFO  server.RaftServerConfigKeys (ConfUtils.java:logGet(43)) - raft.server.retrycache.expirytime = 600000ms (custom)
2019-09-26 13:34:05,503 [pool-47-thread-1] INFO  impl.RaftServerImpl (RaftServerImpl.java:start(185)) - 225bd7ce-61cd-45a9-80d4-d38af20818a5@group-1E0DCBEB4FA2: start as a follower, conf=-1: [225bd7ce-61cd-45a9-80d4-d38af20818a5:192.168.164.238:41146], old=null
2019-09-26 13:34:05,503 [pool-47-thread-1] INFO  impl.RaftServerImpl (RaftServerImpl.java:setRole(174)) - 225bd7ce-61cd-45a9-80d4-d38af20818a5@group-1E0DCBEB4FA2: changes role from      null to FOLLOWER at term 0 for startAsFollower
2019-09-26 13:34:05,503 [pool-47-thread-1] INFO  impl.RoleInfo (RoleInfo.java:updateAndGet(143)) - 225bd7ce-61cd-45a9-80d4-d38af20818a5: start FollowerState
2019-09-26 13:34:05,504 [pool-47-thread-1] INFO  util.JmxRegister (JmxRegister.java:tryRegister(44)) - Successfully registered JMX Bean with object name Ratis:service=RaftServer,group=group-1E0DCBEB4FA2,id=225bd7ce-61cd-45a9-80d4-d38af20818a5
2019-09-26 13:34:05,513 [RatisPipelineUtilsThread] INFO  pipeline.PipelineStateManager (PipelineStateManager.java:addPipeline(56)) - Created pipeline Pipeline[ Id: cf162305-db21-495b-b02b-1e0dcbeb4fa2, Nodes: 225bd7ce-61cd-45a9-80d4-d38af20818a5{ip: 192.168.164.238, host: pr-hdds-1569-87zkn-1081879488, networkLocation: /default-rack, certSerialId: null}, Type:RATIS, Factor:ONE, State:OPEN]
2019-09-26 13:34:05,514 [RatisPipelineUtilsThread] INFO  pipeline.PipelinePlacementPolicy (PipelinePlacementPolicy.java:meetCriteria(91)) - Pipeline Placement: can't place more pipeline on heavy datanode： a6cc820d-4c20-4116-9864-c0f90ea69363 Heaviness: 6 limit: 5
2019-09-26 13:34:05,527 [grpc-default-executor-0] INFO  impl.RaftServerProxy (RaftServerProxy.java:addNew(89)) - 225bd7ce-61cd-45a9-80d4-d38af20818a5: addNew group-74DA40ADF20C:[225bd7ce-61cd-45a9-80d4-d38af20818a5:192.168.164.238:41146] returns group-74DA40ADF20C:java.util.concurrent.CompletableFuture@685feedf[Not completed]
2019-09-26 13:34:05,529 [pool-47-thread-1] INFO  impl.RaftServerImpl (RaftServerImpl.java:<init>(95)) - 225bd7ce-61cd-45a9-80d4-d38af20818a5: new RaftServerImpl for group-74DA40ADF20C:[225bd7ce-61cd-45a9-80d4-d38af20818a5:192.168.164.238:41146] with ContainerStateMachine:uninitialized
2019-09-26 13:34:05,529 [pool-47-thread-1] INFO  server.RaftServerConfigKeys (ConfUtils.java:logGet(43)) - raft.server.rpc.timeout.min = 5s (custom)
2019-09-26 13:34:05,529 [pool-47-thread-1] INFO  server.RaftServerConfigKeys (ConfUtils.java:logGet(43)) - raft.server.rpc.timeout.max = 5200ms (custom)
2019-09-26 13:34:05,530 [pool-47-thread-1] INFO  server.RaftServerConfigKeys (ConfUtils.java:logGet(43)) - raft.server.rpcslowness.timeout = 120s (custom)
2019-09-26 13:34:05,530 [pool-47-thread-1] INFO  server.RaftServerConfigKeys (ConfUtils.java:logGet(43)) - raft.server.sleep.deviation.threshold = 300 (default)
2019-09-26 13:34:05,530 [pool-47-thread-1] INFO  server.RaftServerConfigKeys (ConfUtils.java:logGet(43)) - raft.server.log.appender.install.snapshot.enabled = false (custom)
2019-09-26 13:34:05,530 [pool-47-thread-1] INFO  impl.RaftServerImpl (ServerState.java:<init>(103)) - 225bd7ce-61cd-45a9-80d4-d38af20818a5@group-74DA40ADF20C: ConfigurationManager, init=-1: [225bd7ce-61cd-45a9-80d4-d38af20818a5:192.168.164.238:41146], old=null, confs=<EMPTY_MAP>
2019-09-26 13:34:05,530 [pool-47-thread-1] INFO  server.RaftServerConfigKeys (ConfUtils.java:logGet(43)) - raft.server.storage.dir = [/workdir/hadoop-ozone/tools/target/test-dir/MiniOzoneClusterImpl-dc29704b-fdb8-4d9e-ab20-a88de5d9579b/datanode-2/data/ratis] (custom)
2019-09-26 13:34:05,531 [pool-47-thread-1] INFO  storage.RaftStorageDirectory (RaftStorageDirectory.java:analyzeStorage(246)) - The storage directory /workdir/hadoop-ozone/tools/target/test-dir/MiniOzoneClusterImpl-dc29704b-fdb8-4d9e-ab20-a88de5d9579b/datanode-2/data/ratis/366ee319-9b4f-40bb-8ede-74da40adf20c does not exist. Creating ...
2019-09-26 13:34:05,544 [pool-47-thread-1] INFO  storage.RaftStorageDirectory (RaftStorageDirectory.java:tryLock(328)) - Lock on /workdir/hadoop-ozone/tools/target/test-dir/MiniOzoneClusterImpl-dc29704b-fdb8-4d9e-ab20-a88de5d9579b/datanode-2/data/ratis/366ee319-9b4f-40bb-8ede-74da40adf20c/in_use.lock acquired by nodename 17110@pr-hdds-1569-87zkn-1081879488
2019-09-26 13:34:05,557 [pool-47-thread-1] INFO  storage.RaftStorage (RaftStorage.java:format(72)) - Storage directory /workdir/hadoop-ozone/tools/target/test-dir/MiniOzoneClusterImpl-dc29704b-fdb8-4d9e-ab20-a88de5d9579b/datanode-2/data/ratis/366ee319-9b4f-40bb-8ede-74da40adf20c has been successfully formatted.
2019-09-26 13:34:05,558 [pool-47-thread-1] INFO  ratis.ContainerStateMachine (ContainerStateMachine.java:loadSnapshot(230)) - group-74DA40ADF20C: The snapshot info is null. Setting the last applied indexto:(t:0, i:~)
2019-09-26 13:34:05,558 [pool-47-thread-1] INFO  server.RaftServerConfigKeys (ConfUtils.java:logGet(43)) - raft.server.notification.no-leader.timeout = 120s (custom)
2019-09-26 13:34:05,558 [pool-47-thread-1] INFO  server.RaftServerConfigKeys (ConfUtils.java:logGet(43)) - raft.server.log.use.memory = false (default)
2019-09-26 13:34:05,558 [pool-47-thread-1] INFO  server.RaftServerConfigKeys (ConfUtils.java:logGet(43)) - raft.server.log.purge.gap = 1000000 (custom)
2019-09-26 13:34:05,558 [pool-47-thread-1] INFO  server.RaftServerConfigKeys (ConfUtils.java:logGet(43)) - raft.server.log.appender.buffer.byte-limit = 33554432 (custom)
2019-09-26 13:34:05,559 [pool-47-thread-1] INFO  server.RaftServerConfigKeys (ConfUtils.java:logGet(43)) - raft.server.log.segment.size.max = 1048576 (custom)
2019-09-26 13:34:05,559 [pool-47-thread-1] INFO  server.RaftServerConfigKeys (ConfUtils.java:logGet(43)) - raft.server.log.segment.cache.num.max = 2 (custom)
2019-09-26 13:34:05,559 [pool-47-thread-1] INFO  segmented.SegmentedRaftLogWorker (SegmentedRaftLogWorker.java:<init>(172)) - new 225bd7ce-61cd-45a9-80d4-d38af20818a5@group-74DA40ADF20C-SegmentedRaftLogWorker for RaftStorage:Storage Directory /workdir/hadoop-ozone/tools/target/test-dir/MiniOzoneClusterImpl-dc29704b-fdb8-4d9e-ab20-a88de5d9579b/datanode-2/data/ratis/366ee319-9b4f-40bb-8ede-74da40adf20c
2019-09-26 13:34:05,559 [pool-47-thread-1] INFO  server.RaftServerConfigKeys (ConfUtils.java:logGet(43)) - raft.server.log.queue.byte-limit = 2147483647 (custom)
2019-09-26 13:34:05,559 [pool-47-thread-1] INFO  server.RaftServerConfigKeys (ConfUtils.java:logGet(43)) - raft.server.log.queue.element-limit = 1024 (custom)
2019-09-26 13:34:05,559 [pool-47-thread-1] INFO  server.RaftServerConfigKeys (ConfUtils.java:logGet(43)) - raft.server.log.segment.size.max = 1048576 (custom)
2019-09-26 13:34:05,560 [pool-47-thread-1] INFO  server.RaftServerConfigKeys (ConfUtils.java:logGet(43)) - raft.server.log.preallocated.size = 16384 (custom)
2019-09-26 13:34:05,560 [pool-47-thread-1] INFO  server.RaftServerConfigKeys (ConfUtils.java:logGet(43)) - raft.server.log.write.buffer.size = 33554432 (custom)
2019-09-26 13:34:05,560 [pool-47-thread-1] INFO  server.RaftServerConfigKeys (ConfUtils.java:logGet(43)) - raft.server.log.force.sync.num = 128 (default)
2019-09-26 13:34:05,560 [pool-47-thread-1] INFO  server.RaftServerConfigKeys (ConfUtils.java:logGet(43)) - raft.server.log.statemachine.data.sync = true (default)
2019-09-26 13:34:05,560 [pool-47-thread-1] INFO  server.RaftServerConfigKeys (ConfUtils.java:logGet(43)) - raft.server.log.statemachine.data.sync.timeout = 10s (default)
2019-09-26 13:34:05,560 [pool-47-thread-1] INFO  server.RaftServerConfigKeys (ConfUtils.java:logGet(43)) - raft.server.log.statemachine.data.sync.timeout.retry = -1 (default)
2019-09-26 13:34:05,561 [pool-47-thread-1] INFO  server.RaftServerConfigKeys (ConfUtils.java:logGet(43)) - raft.server.log.statemachine.data.caching.enabled = true (custom)
2019-09-26 13:34:05,561 [pool-47-thread-1] INFO  segmented.SegmentedRaftLogWorker (SegmentedRaftLogWorker.java:lambda$new$0(132)) - 225bd7ce-61cd-45a9-80d4-d38af20818a5@group-74DA40ADF20C-SegmentedRaftLogWorker: flushIndex: setUnconditionally 0 -> -1
2019-09-26 13:34:05,561 [pool-47-thread-1] INFO  server.RaftServerConfigKeys (ConfUtils.java:logGet(43)) - raft.server.snapshot.auto.trigger.enabled = true (custom)
2019-09-26 13:34:05,562 [pool-47-thread-1] INFO  server.RaftServerConfigKeys (ConfUtils.java:logGet(43)) - raft.server.snapshot.auto.trigger.threshold = 10000 (custom)
2019-09-26 13:34:05,562 [pool-47-thread-1] INFO  server.RaftServerConfigKeys (ConfUtils.java:logGet(43)) - raft.server.snapshot.retention.num.files = 5 (custom)
2019-09-26 13:34:05,562 [pool-47-thread-1] INFO  server.RaftServerConfigKeys (ConfUtils.java:logGet(43)) - raft.server.retrycache.expirytime = 600000ms (custom)
2019-09-26 13:34:05,565 [pool-47-thread-1] INFO  impl.RaftServerImpl (RaftServerImpl.java:start(185)) - 225bd7ce-61cd-45a9-80d4-d38af20818a5@group-74DA40ADF20C: start as a follower, conf=-1: [225bd7ce-61cd-45a9-80d4-d38af20818a5:192.168.164.238:41146], old=null
2019-09-26 13:34:05,566 [pool-47-thread-1] INFO  impl.RaftServerImpl (RaftServerImpl.java:setRole(174)) - 225bd7ce-61cd-45a9-80d4-d38af20818a5@group-74DA40ADF20C: changes role from      null to FOLLOWER at term 0 for startAsFollower
2019-09-26 13:34:05,566 [pool-47-thread-1] INFO  impl.RoleInfo (RoleInfo.java:updateAndGet(143)) - 225bd7ce-61cd-45a9-80d4-d38af20818a5: start FollowerState
2019-09-26 13:34:05,566 [pool-47-thread-1] INFO  util.JmxRegister (JmxRegister.java:tryRegister(44)) - Successfully registered JMX Bean with object name Ratis:service=RaftServer,group=group-74DA40ADF20C,id=225bd7ce-61cd-45a9-80d4-d38af20818a5
2019-09-26 13:34:05,576 [RatisPipelineUtilsThread] INFO  pipeline.PipelineStateManager (PipelineStateManager.java:addPipeline(56)) - Created pipeline Pipeline[ Id: 366ee319-9b4f-40bb-8ede-74da40adf20c, Nodes: 225bd7ce-61cd-45a9-80d4-d38af20818a5{ip: 192.168.164.238, host: pr-hdds-1569-87zkn-1081879488, networkLocation: /default-rack, certSerialId: null}, Type:RATIS, Factor:ONE, State:OPEN]
2019-09-26 13:34:05,577 [RatisPipelineUtilsThread] INFO  pipeline.PipelinePlacementPolicy (PipelinePlacementPolicy.java:meetCriteria(91)) - Pipeline Placement: can't place more pipeline on heavy datanode： a6cc820d-4c20-4116-9864-c0f90ea69363 Heaviness: 6 limit: 5
 0.00% |█                                                                                                    |  0/1 Time: 0:00:012019-09-26 13:34:05,592 [grpc-default-executor-0] INFO  impl.RaftServerProxy (RaftServerProxy.java:addNew(89)) - e87194ae-6196-464a-8fce-fc61cfb56335: addNew group-5A2D9F80C674:[e87194ae-6196-464a-8fce-fc61cfb56335:192.168.164.238:37233] returns group-5A2D9F80C674:java.util.concurrent.CompletableFuture@43dd408b[Not completed]
2019-09-26 13:34:05,594 [pool-37-thread-1] INFO  impl.RaftServerImpl (RaftServerImpl.java:<init>(95)) - e87194ae-6196-464a-8fce-fc61cfb56335: new RaftServerImpl for group-5A2D9F80C674:[e87194ae-6196-464a-8fce-fc61cfb56335:192.168.164.238:37233] with ContainerStateMachine:uninitialized
2019-09-26 13:34:05,594 [pool-37-thread-1] INFO  server.RaftServerConfigKeys (ConfUtils.java:logGet(43)) - raft.server.rpc.timeout.min = 5s (custom)
2019-09-26 13:34:05,594 [pool-37-thread-1] INFO  server.RaftServerConfigKeys (ConfUtils.java:logGet(43)) - raft.server.rpc.timeout.max = 5200ms (custom)
2019-09-26 13:34:05,594 [pool-37-thread-1] INFO  server.RaftServerConfigKeys (ConfUtils.java:logGet(43)) - raft.server.rpcslowness.timeout = 120s (custom)
2019-09-26 13:34:05,595 [pool-37-thread-1] INFO  server.RaftServerConfigKeys (ConfUtils.java:logGet(43)) - raft.server.sleep.deviation.threshold = 300 (default)
2019-09-26 13:34:05,595 [pool-37-thread-1] INFO  server.RaftServerConfigKeys (ConfUtils.java:logGet(43)) - raft.server.log.appender.install.snapshot.enabled = false (custom)
2019-09-26 13:34:05,595 [pool-37-thread-1] INFO  impl.RaftServerImpl (ServerState.java:<init>(103)) - e87194ae-6196-464a-8fce-fc61cfb56335@group-5A2D9F80C674: ConfigurationManager, init=-1: [e87194ae-6196-464a-8fce-fc61cfb56335:192.168.164.238:37233], old=null, confs=<EMPTY_MAP>
2019-09-26 13:34:05,595 [pool-37-thread-1] INFO  server.RaftServerConfigKeys (ConfUtils.java:logGet(43)) - raft.server.storage.dir = [/workdir/hadoop-ozone/tools/target/test-dir/MiniOzoneClusterImpl-dc29704b-fdb8-4d9e-ab20-a88de5d9579b/datanode-1/data/ratis] (custom)
2019-09-26 13:34:05,596 [pool-37-thread-1] INFO  storage.RaftStorageDirectory (RaftStorageDirectory.java:analyzeStorage(246)) - The storage directory /workdir/hadoop-ozone/tools/target/test-dir/MiniOzoneClusterImpl-dc29704b-fdb8-4d9e-ab20-a88de5d9579b/datanode-1/data/ratis/2ddd0fc3-dde4-401b-b135-5a2d9f80c674 does not exist. Creating ...
2019-09-26 13:34:05,609 [pool-37-thread-1] INFO  storage.RaftStorageDirectory (RaftStorageDirectory.java:tryLock(328)) - Lock on /workdir/hadoop-ozone/tools/target/test-dir/MiniOzoneClusterImpl-dc29704b-fdb8-4d9e-ab20-a88de5d9579b/datanode-1/data/ratis/2ddd0fc3-dde4-401b-b135-5a2d9f80c674/in_use.lock acquired by nodename 17110@pr-hdds-1569-87zkn-1081879488
2019-09-26 13:34:05,622 [pool-37-thread-1] INFO  storage.RaftStorage (RaftStorage.java:format(72)) - Storage directory /workdir/hadoop-ozone/tools/target/test-dir/MiniOzoneClusterImpl-dc29704b-fdb8-4d9e-ab20-a88de5d9579b/datanode-1/data/ratis/2ddd0fc3-dde4-401b-b135-5a2d9f80c674 has been successfully formatted.
2019-09-26 13:34:05,623 [pool-37-thread-1] INFO  ratis.ContainerStateMachine (ContainerStateMachine.java:loadSnapshot(230)) - group-5A2D9F80C674: The snapshot info is null. Setting the last applied indexto:(t:0, i:~)
2019-09-26 13:34:05,623 [pool-37-thread-1] INFO  server.RaftServerConfigKeys (ConfUtils.java:logGet(43)) - raft.server.notification.no-leader.timeout = 120s (custom)
2019-09-26 13:34:05,623 [pool-37-thread-1] INFO  server.RaftServerConfigKeys (ConfUtils.java:logGet(43)) - raft.server.log.use.memory = false (default)
2019-09-26 13:34:05,623 [pool-37-thread-1] INFO  server.RaftServerConfigKeys (ConfUtils.java:logGet(43)) - raft.server.log.purge.gap = 1000000 (custom)
2019-09-26 13:34:05,623 [pool-37-thread-1] INFO  server.RaftServerConfigKeys (ConfUtils.java:logGet(43)) - raft.server.log.appender.buffer.byte-limit = 33554432 (custom)
2019-09-26 13:34:05,624 [pool-37-thread-1] INFO  server.RaftServerConfigKeys (ConfUtils.java:logGet(43)) - raft.server.log.segment.size.max = 1048576 (custom)
2019-09-26 13:34:05,624 [pool-37-thread-1] INFO  server.RaftServerConfigKeys (ConfUtils.java:logGet(43)) - raft.server.log.segment.cache.num.max = 2 (custom)
2019-09-26 13:34:05,624 [pool-37-thread-1] INFO  segmented.SegmentedRaftLogWorker (SegmentedRaftLogWorker.java:<init>(172)) - new e87194ae-6196-464a-8fce-fc61cfb56335@group-5A2D9F80C674-SegmentedRaftLogWorker for RaftStorage:Storage Directory /workdir/hadoop-ozone/tools/target/test-dir/MiniOzoneClusterImpl-dc29704b-fdb8-4d9e-ab20-a88de5d9579b/datanode-1/data/ratis/2ddd0fc3-dde4-401b-b135-5a2d9f80c674
2019-09-26 13:34:05,624 [pool-37-thread-1] INFO  server.RaftServerConfigKeys (ConfUtils.java:logGet(43)) - raft.server.log.queue.byte-limit = 2147483647 (custom)
2019-09-26 13:34:05,624 [pool-37-thread-1] INFO  server.RaftServerConfigKeys (ConfUtils.java:logGet(43)) - raft.server.log.queue.element-limit = 1024 (custom)
2019-09-26 13:34:05,626 [pool-37-thread-1] INFO  server.RaftServerConfigKeys (ConfUtils.java:logGet(43)) - raft.server.log.segment.size.max = 1048576 (custom)
2019-09-26 13:34:05,626 [pool-37-thread-1] INFO  server.RaftServerConfigKeys (ConfUtils.java:logGet(43)) - raft.server.log.preallocated.size = 16384 (custom)
2019-09-26 13:34:05,627 [pool-37-thread-1] INFO  server.RaftServerConfigKeys (ConfUtils.java:logGet(43)) - raft.server.log.write.buffer.size = 33554432 (custom)
2019-09-26 13:34:05,627 [pool-37-thread-1] INFO  server.RaftServerConfigKeys (ConfUtils.java:logGet(43)) - raft.server.log.force.sync.num = 128 (default)
2019-09-26 13:34:05,627 [pool-37-thread-1] INFO  server.RaftServerConfigKeys (ConfUtils.java:logGet(43)) - raft.server.log.statemachine.data.sync = true (default)
2019-09-26 13:34:05,627 [pool-37-thread-1] INFO  server.RaftServerConfigKeys (ConfUtils.java:logGet(43)) - raft.server.log.statemachine.data.sync.timeout = 10s (default)
2019-09-26 13:34:05,627 [pool-37-thread-1] INFO  server.RaftServerConfigKeys (ConfUtils.java:logGet(43)) - raft.server.log.statemachine.data.sync.timeout.retry = -1 (default)
2019-09-26 13:34:05,628 [pool-37-thread-1] INFO  server.RaftServerConfigKeys (ConfUtils.java:logGet(43)) - raft.server.log.statemachine.data.caching.enabled = true (custom)
2019-09-26 13:34:05,628 [pool-37-thread-1] INFO  segmented.SegmentedRaftLogWorker (SegmentedRaftLogWorker.java:lambda$new$0(132)) - e87194ae-6196-464a-8fce-fc61cfb56335@group-5A2D9F80C674-SegmentedRaftLogWorker: flushIndex: setUnconditionally 0 -> -1
2019-09-26 13:34:05,628 [pool-37-thread-1] INFO  server.RaftServerConfigKeys (ConfUtils.java:logGet(43)) - raft.server.snapshot.auto.trigger.enabled = true (custom)
2019-09-26 13:34:05,628 [pool-37-thread-1] INFO  server.RaftServerConfigKeys (ConfUtils.java:logGet(43)) - raft.server.snapshot.auto.trigger.threshold = 10000 (custom)
2019-09-26 13:34:05,629 [pool-37-thread-1] INFO  server.RaftServerConfigKeys (ConfUtils.java:logGet(43)) - raft.server.snapshot.retention.num.files = 5 (custom)
2019-09-26 13:34:05,629 [pool-37-thread-1] INFO  server.RaftServerConfigKeys (ConfUtils.java:logGet(43)) - raft.server.retrycache.expirytime = 600000ms (custom)
2019-09-26 13:34:05,632 [pool-37-thread-1] INFO  impl.RaftServerImpl (RaftServerImpl.java:start(185)) - e87194ae-6196-464a-8fce-fc61cfb56335@group-5A2D9F80C674: start as a follower, conf=-1: [e87194ae-6196-464a-8fce-fc61cfb56335:192.168.164.238:37233], old=null
2019-09-26 13:34:05,632 [pool-37-thread-1] INFO  impl.RaftServerImpl (RaftServerImpl.java:setRole(174)) - e87194ae-6196-464a-8fce-fc61cfb56335@group-5A2D9F80C674: changes role from      null to FOLLOWER at term 0 for startAsFollower
2019-09-26 13:34:05,632 [pool-37-thread-1] INFO  impl.RoleInfo (RoleInfo.java:updateAndGet(143)) - e87194ae-6196-464a-8fce-fc61cfb56335: start FollowerState
2019-09-26 13:34:05,633 [pool-37-thread-1] INFO  util.JmxRegister (JmxRegister.java:tryRegister(44)) - Successfully registered JMX Bean with object name Ratis:service=RaftServer,group=group-5A2D9F80C674,id=e87194ae-6196-464a-8fce-fc61cfb56335
2019-09-26 13:34:05,638 [RatisPipelineUtilsThread] INFO  pipeline.PipelineStateManager (PipelineStateManager.java:addPipeline(56)) - Created pipeline Pipeline[ Id: 2ddd0fc3-dde4-401b-b135-5a2d9f80c674, Nodes: e87194ae-6196-464a-8fce-fc61cfb56335{ip: 192.168.164.238, host: pr-hdds-1569-87zkn-1081879488, networkLocation: /default-rack, certSerialId: null}, Type:RATIS, Factor:ONE, State:OPEN]
2019-09-26 13:34:05,639 [RatisPipelineUtilsThread] INFO  pipeline.PipelinePlacementPolicy (PipelinePlacementPolicy.java:meetCriteria(91)) - Pipeline Placement: can't place more pipeline on heavy datanode： a6cc820d-4c20-4116-9864-c0f90ea69363 Heaviness: 6 limit: 5
2019-09-26 13:34:05,652 [grpc-default-executor-0] INFO  impl.RaftServerProxy (RaftServerProxy.java:addNew(89)) - e87194ae-6196-464a-8fce-fc61cfb56335: addNew group-1E1B0DF571AF:[e87194ae-6196-464a-8fce-fc61cfb56335:192.168.164.238:37233] returns group-1E1B0DF571AF:java.util.concurrent.CompletableFuture@77a5ef9d[Not completed]
2019-09-26 13:34:05,654 [pool-37-thread-1] INFO  impl.RaftServerImpl (RaftServerImpl.java:<init>(95)) - e87194ae-6196-464a-8fce-fc61cfb56335: new RaftServerImpl for group-1E1B0DF571AF:[e87194ae-6196-464a-8fce-fc61cfb56335:192.168.164.238:37233] with ContainerStateMachine:uninitialized
2019-09-26 13:34:05,654 [pool-37-thread-1] INFO  server.RaftServerConfigKeys (ConfUtils.java:logGet(43)) - raft.server.rpc.timeout.min = 5s (custom)
2019-09-26 13:34:05,654 [pool-37-thread-1] INFO  server.RaftServerConfigKeys (ConfUtils.java:logGet(43)) - raft.server.rpc.timeout.max = 5200ms (custom)
2019-09-26 13:34:05,654 [pool-37-thread-1] INFO  server.RaftServerConfigKeys (ConfUtils.java:logGet(43)) - raft.server.rpcslowness.timeout = 120s (custom)
2019-09-26 13:34:05,654 [pool-37-thread-1] INFO  server.RaftServerConfigKeys (ConfUtils.java:logGet(43)) - raft.server.sleep.deviation.threshold = 300 (default)
2019-09-26 13:34:05,654 [pool-37-thread-1] INFO  server.RaftServerConfigKeys (ConfUtils.java:logGet(43)) - raft.server.log.appender.install.snapshot.enabled = false (custom)
2019-09-26 13:34:05,655 [pool-37-thread-1] INFO  impl.RaftServerImpl (ServerState.java:<init>(103)) - e87194ae-6196-464a-8fce-fc61cfb56335@group-1E1B0DF571AF: ConfigurationManager, init=-1: [e87194ae-6196-464a-8fce-fc61cfb56335:192.168.164.238:37233], old=null, confs=<EMPTY_MAP>
2019-09-26 13:34:05,655 [pool-37-thread-1] INFO  server.RaftServerConfigKeys (ConfUtils.java:logGet(43)) - raft.server.storage.dir = [/workdir/hadoop-ozone/tools/target/test-dir/MiniOzoneClusterImpl-dc29704b-fdb8-4d9e-ab20-a88de5d9579b/datanode-1/data/ratis] (custom)
2019-09-26 13:34:05,655 [pool-37-thread-1] INFO  storage.RaftStorageDirectory (RaftStorageDirectory.java:analyzeStorage(246)) - The storage directory /workdir/hadoop-ozone/tools/target/test-dir/MiniOzoneClusterImpl-dc29704b-fdb8-4d9e-ab20-a88de5d9579b/datanode-1/data/ratis/fb27056f-6381-44db-8865-1e1b0df571af does not exist. Creating ...
2019-09-26 13:34:05,668 [pool-37-thread-1] INFO  storage.RaftStorageDirectory (RaftStorageDirectory.java:tryLock(328)) - Lock on /workdir/hadoop-ozone/tools/target/test-dir/MiniOzoneClusterImpl-dc29704b-fdb8-4d9e-ab20-a88de5d9579b/datanode-1/data/ratis/fb27056f-6381-44db-8865-1e1b0df571af/in_use.lock acquired by nodename 17110@pr-hdds-1569-87zkn-1081879488
2019-09-26 13:34:05,681 [pool-37-thread-1] INFO  storage.RaftStorage (RaftStorage.java:format(72)) - Storage directory /workdir/hadoop-ozone/tools/target/test-dir/MiniOzoneClusterImpl-dc29704b-fdb8-4d9e-ab20-a88de5d9579b/datanode-1/data/ratis/fb27056f-6381-44db-8865-1e1b0df571af has been successfully formatted.
2019-09-26 13:34:05,681 [pool-37-thread-1] INFO  ratis.ContainerStateMachine (ContainerStateMachine.java:loadSnapshot(230)) - group-1E1B0DF571AF: The snapshot info is null. Setting the last applied indexto:(t:0, i:~)
2019-09-26 13:34:05,682 [pool-37-thread-1] INFO  server.RaftServerConfigKeys (ConfUtils.java:logGet(43)) - raft.server.notification.no-leader.timeout = 120s (custom)
2019-09-26 13:34:05,682 [pool-37-thread-1] INFO  server.RaftServerConfigKeys (ConfUtils.java:logGet(43)) - raft.server.log.use.memory = false (default)
2019-09-26 13:34:05,682 [pool-37-thread-1] INFO  server.RaftServerConfigKeys (ConfUtils.java:logGet(43)) - raft.server.log.purge.gap = 1000000 (custom)
2019-09-26 13:34:05,682 [pool-37-thread-1] INFO  server.RaftServerConfigKeys (ConfUtils.java:logGet(43)) - raft.server.log.appender.buffer.byte-limit = 33554432 (custom)
2019-09-26 13:34:05,682 [pool-37-thread-1] INFO  server.RaftServerConfigKeys (ConfUtils.java:logGet(43)) - raft.server.log.segment.size.max = 1048576 (custom)
2019-09-26 13:34:05,683 [pool-37-thread-1] INFO  server.RaftServerConfigKeys (ConfUtils.java:logGet(43)) - raft.server.log.segment.cache.num.max = 2 (custom)
2019-09-26 13:34:05,683 [pool-37-thread-1] INFO  segmented.SegmentedRaftLogWorker (SegmentedRaftLogWorker.java:<init>(172)) - new e87194ae-6196-464a-8fce-fc61cfb56335@group-1E1B0DF571AF-SegmentedRaftLogWorker for RaftStorage:Storage Directory /workdir/hadoop-ozone/tools/target/test-dir/MiniOzoneClusterImpl-dc29704b-fdb8-4d9e-ab20-a88de5d9579b/datanode-1/data/ratis/fb27056f-6381-44db-8865-1e1b0df571af
2019-09-26 13:34:05,683 [pool-37-thread-1] INFO  server.RaftServerConfigKeys (ConfUtils.java:logGet(43)) - raft.server.log.queue.byte-limit = 2147483647 (custom)
2019-09-26 13:34:05,683 [pool-37-thread-1] INFO  server.RaftServerConfigKeys (ConfUtils.java:logGet(43)) - raft.server.log.queue.element-limit = 1024 (custom)
2019-09-26 13:34:05,684 [pool-37-thread-1] INFO  server.RaftServerConfigKeys (ConfUtils.java:logGet(43)) - raft.server.log.segment.size.max = 1048576 (custom)
2019-09-26 13:34:05,684 [pool-37-thread-1] INFO  server.RaftServerConfigKeys (ConfUtils.java:logGet(43)) - raft.server.log.preallocated.size = 16384 (custom)
2019-09-26 13:34:05,684 [pool-37-thread-1] INFO  server.RaftServerConfigKeys (ConfUtils.java:logGet(43)) - raft.server.log.write.buffer.size = 33554432 (custom)
2019-09-26 13:34:05,684 [pool-37-thread-1] INFO  server.RaftServerConfigKeys (ConfUtils.java:logGet(43)) - raft.server.log.force.sync.num = 128 (default)
2019-09-26 13:34:05,684 [pool-37-thread-1] INFO  server.RaftServerConfigKeys (ConfUtils.java:logGet(43)) - raft.server.log.statemachine.data.sync = true (default)
2019-09-26 13:34:05,685 [pool-37-thread-1] INFO  server.RaftServerConfigKeys (ConfUtils.java:logGet(43)) - raft.server.log.statemachine.data.sync.timeout = 10s (default)
2019-09-26 13:34:05,685 [pool-37-thread-1] INFO  server.RaftServerConfigKeys (ConfUtils.java:logGet(43)) - raft.server.log.statemachine.data.sync.timeout.retry = -1 (default)
2019-09-26 13:34:05,685 [pool-37-thread-1] INFO  server.RaftServerConfigKeys (ConfUtils.java:logGet(43)) - raft.server.log.statemachine.data.caching.enabled = true (custom)
2019-09-26 13:34:05,685 [pool-37-thread-1] INFO  segmented.SegmentedRaftLogWorker (SegmentedRaftLogWorker.java:lambda$new$0(132)) - e87194ae-6196-464a-8fce-fc61cfb56335@group-1E1B0DF571AF-SegmentedRaftLogWorker: flushIndex: setUnconditionally 0 -> -1
2019-09-26 13:34:05,686 [pool-37-thread-1] INFO  server.RaftServerConfigKeys (ConfUtils.java:logGet(43)) - raft.server.snapshot.auto.trigger.enabled = true (custom)
2019-09-26 13:34:05,686 [pool-37-thread-1] INFO  server.RaftServerConfigKeys (ConfUtils.java:logGet(43)) - raft.server.snapshot.auto.trigger.threshold = 10000 (custom)
2019-09-26 13:34:05,686 [pool-37-thread-1] INFO  server.RaftServerConfigKeys (ConfUtils.java:logGet(43)) - raft.server.snapshot.retention.num.files = 5 (custom)
2019-09-26 13:34:05,687 [pool-37-thread-1] INFO  server.RaftServerConfigKeys (ConfUtils.java:logGet(43)) - raft.server.retrycache.expirytime = 600000ms (custom)
2019-09-26 13:34:05,692 [pool-37-thread-1] INFO  impl.RaftServerImpl (RaftServerImpl.java:start(185)) - e87194ae-6196-464a-8fce-fc61cfb56335@group-1E1B0DF571AF: start as a follower, conf=-1: [e87194ae-6196-464a-8fce-fc61cfb56335:192.168.164.238:37233], old=null
2019-09-26 13:34:05,692 [pool-37-thread-1] INFO  impl.RaftServerImpl (RaftServerImpl.java:setRole(174)) - e87194ae-6196-464a-8fce-fc61cfb56335@group-1E1B0DF571AF: changes role from      null to FOLLOWER at term 0 for startAsFollower
2019-09-26 13:34:05,693 [pool-37-thread-1] INFO  impl.RoleInfo (RoleInfo.java:updateAndGet(143)) - e87194ae-6196-464a-8fce-fc61cfb56335: start FollowerState
2019-09-26 13:34:05,693 [pool-37-thread-1] INFO  util.JmxRegister (JmxRegister.java:tryRegister(44)) - Successfully registered JMX Bean with object name Ratis:service=RaftServer,group=group-1E1B0DF571AF,id=e87194ae-6196-464a-8fce-fc61cfb56335
2019-09-26 13:34:05,699 [RatisPipelineUtilsThread] INFO  pipeline.PipelineStateManager (PipelineStateManager.java:addPipeline(56)) - Created pipeline Pipeline[ Id: fb27056f-6381-44db-8865-1e1b0df571af, Nodes: e87194ae-6196-464a-8fce-fc61cfb56335{ip: 192.168.164.238, host: pr-hdds-1569-87zkn-1081879488, networkLocation: /default-rack, certSerialId: null}, Type:RATIS, Factor:ONE, State:OPEN]
2019-09-26 13:34:05,700 [RatisPipelineUtilsThread] INFO  pipeline.PipelinePlacementPolicy (PipelinePlacementPolicy.java:meetCriteria(91)) - Pipeline Placement: can't place more pipeline on heavy datanode： e87194ae-6196-464a-8fce-fc61cfb56335 Heaviness: 6 limit: 5
2019-09-26 13:34:05,700 [RatisPipelineUtilsThread] INFO  pipeline.PipelinePlacementPolicy (PipelinePlacementPolicy.java:meetCriteria(91)) - Pipeline Placement: can't place more pipeline on heavy datanode： a6cc820d-4c20-4116-9864-c0f90ea69363 Heaviness: 6 limit: 5
2019-09-26 13:34:05,715 [grpc-default-executor-0] INFO  impl.RaftServerProxy (RaftServerProxy.java:addNew(89)) - 225bd7ce-61cd-45a9-80d4-d38af20818a5: addNew group-9991F5F77B87:[225bd7ce-61cd-45a9-80d4-d38af20818a5:192.168.164.238:41146] returns group-9991F5F77B87:java.util.concurrent.CompletableFuture@11b5a8f8[Not completed]
2019-09-26 13:34:05,717 [pool-47-thread-1] INFO  impl.RaftServerImpl (RaftServerImpl.java:<init>(95)) - 225bd7ce-61cd-45a9-80d4-d38af20818a5: new RaftServerImpl for group-9991F5F77B87:[225bd7ce-61cd-45a9-80d4-d38af20818a5:192.168.164.238:41146] with ContainerStateMachine:uninitialized
2019-09-26 13:34:05,717 [pool-47-thread-1] INFO  server.RaftServerConfigKeys (ConfUtils.java:logGet(43)) - raft.server.rpc.timeout.min = 5s (custom)
2019-09-26 13:34:05,717 [pool-47-thread-1] INFO  server.RaftServerConfigKeys (ConfUtils.java:logGet(43)) - raft.server.rpc.timeout.max = 5200ms (custom)
2019-09-26 13:34:05,717 [pool-47-thread-1] INFO  server.RaftServerConfigKeys (ConfUtils.java:logGet(43)) - raft.server.rpcslowness.timeout = 120s (custom)
2019-09-26 13:34:05,717 [pool-47-thread-1] INFO  server.RaftServerConfigKeys (ConfUtils.java:logGet(43)) - raft.server.sleep.deviation.threshold = 300 (default)
2019-09-26 13:34:05,717 [pool-47-thread-1] INFO  server.RaftServerConfigKeys (ConfUtils.java:logGet(43)) - raft.server.log.appender.install.snapshot.enabled = false (custom)
2019-09-26 13:34:05,717 [pool-47-thread-1] INFO  impl.RaftServerImpl (ServerState.java:<init>(103)) - 225bd7ce-61cd-45a9-80d4-d38af20818a5@group-9991F5F77B87: ConfigurationManager, init=-1: [225bd7ce-61cd-45a9-80d4-d38af20818a5:192.168.164.238:41146], old=null, confs=<EMPTY_MAP>
2019-09-26 13:34:05,718 [pool-47-thread-1] INFO  server.RaftServerConfigKeys (ConfUtils.java:logGet(43)) - raft.server.storage.dir = [/workdir/hadoop-ozone/tools/target/test-dir/MiniOzoneClusterImpl-dc29704b-fdb8-4d9e-ab20-a88de5d9579b/datanode-2/data/ratis] (custom)
2019-09-26 13:34:05,718 [pool-47-thread-1] INFO  storage.RaftStorageDirectory (RaftStorageDirectory.java:analyzeStorage(246)) - The storage directory /workdir/hadoop-ozone/tools/target/test-dir/MiniOzoneClusterImpl-dc29704b-fdb8-4d9e-ab20-a88de5d9579b/datanode-2/data/ratis/ce868e0b-7e4f-48da-b754-9991f5f77b87 does not exist. Creating ...
2019-09-26 13:34:05,731 [pool-47-thread-1] INFO  storage.RaftStorageDirectory (RaftStorageDirectory.java:tryLock(328)) - Lock on /workdir/hadoop-ozone/tools/target/test-dir/MiniOzoneClusterImpl-dc29704b-fdb8-4d9e-ab20-a88de5d9579b/datanode-2/data/ratis/ce868e0b-7e4f-48da-b754-9991f5f77b87/in_use.lock acquired by nodename 17110@pr-hdds-1569-87zkn-1081879488
2019-09-26 13:34:05,743 [pool-47-thread-1] INFO  storage.RaftStorage (RaftStorage.java:format(72)) - Storage directory /workdir/hadoop-ozone/tools/target/test-dir/MiniOzoneClusterImpl-dc29704b-fdb8-4d9e-ab20-a88de5d9579b/datanode-2/data/ratis/ce868e0b-7e4f-48da-b754-9991f5f77b87 has been successfully formatted.
2019-09-26 13:34:05,744 [pool-47-thread-1] INFO  ratis.ContainerStateMachine (ContainerStateMachine.java:loadSnapshot(230)) - group-9991F5F77B87: The snapshot info is null. Setting the last applied indexto:(t:0, i:~)
2019-09-26 13:34:05,744 [pool-47-thread-1] INFO  server.RaftServerConfigKeys (ConfUtils.java:logGet(43)) - raft.server.notification.no-leader.timeout = 120s (custom)
2019-09-26 13:34:05,744 [pool-47-thread-1] INFO  server.RaftServerConfigKeys (ConfUtils.java:logGet(43)) - raft.server.log.use.memory = false (default)
2019-09-26 13:34:05,744 [pool-47-thread-1] INFO  server.RaftServerConfigKeys (ConfUtils.java:logGet(43)) - raft.server.log.purge.gap = 1000000 (custom)
2019-09-26 13:34:05,744 [pool-47-thread-1] INFO  server.RaftServerConfigKeys (ConfUtils.java:logGet(43)) - raft.server.log.appender.buffer.byte-limit = 33554432 (custom)
2019-09-26 13:34:05,744 [pool-47-thread-1] INFO  server.RaftServerConfigKeys (ConfUtils.java:logGet(43)) - raft.server.log.segment.size.max = 1048576 (custom)
2019-09-26 13:34:05,744 [pool-47-thread-1] INFO  server.RaftServerConfigKeys (ConfUtils.java:logGet(43)) - raft.server.log.segment.cache.num.max = 2 (custom)
2019-09-26 13:34:05,745 [pool-47-thread-1] INFO  segmented.SegmentedRaftLogWorker (SegmentedRaftLogWorker.java:<init>(172)) - new 225bd7ce-61cd-45a9-80d4-d38af20818a5@group-9991F5F77B87-SegmentedRaftLogWorker for RaftStorage:Storage Directory /workdir/hadoop-ozone/tools/target/test-dir/MiniOzoneClusterImpl-dc29704b-fdb8-4d9e-ab20-a88de5d9579b/datanode-2/data/ratis/ce868e0b-7e4f-48da-b754-9991f5f77b87
2019-09-26 13:34:05,745 [pool-47-thread-1] INFO  server.RaftServerConfigKeys (ConfUtils.java:logGet(43)) - raft.server.log.queue.byte-limit = 2147483647 (custom)
2019-09-26 13:34:05,745 [pool-47-thread-1] INFO  server.RaftServerConfigKeys (ConfUtils.java:logGet(43)) - raft.server.log.queue.element-limit = 1024 (custom)
2019-09-26 13:34:05,745 [pool-47-thread-1] INFO  server.RaftServerConfigKeys (ConfUtils.java:logGet(43)) - raft.server.log.segment.size.max = 1048576 (custom)
2019-09-26 13:34:05,745 [pool-47-thread-1] INFO  server.RaftServerConfigKeys (ConfUtils.java:logGet(43)) - raft.server.log.preallocated.size = 16384 (custom)
2019-09-26 13:34:05,745 [pool-47-thread-1] INFO  server.RaftServerConfigKeys (ConfUtils.java:logGet(43)) - raft.server.log.write.buffer.size = 33554432 (custom)
2019-09-26 13:34:05,745 [pool-47-thread-1] INFO  server.RaftServerConfigKeys (ConfUtils.java:logGet(43)) - raft.server.log.force.sync.num = 128 (default)
2019-09-26 13:34:05,745 [pool-47-thread-1] INFO  server.RaftServerConfigKeys (ConfUtils.java:logGet(43)) - raft.server.log.statemachine.data.sync = true (default)
2019-09-26 13:34:05,746 [pool-47-thread-1] INFO  server.RaftServerConfigKeys (ConfUtils.java:logGet(43)) - raft.server.log.statemachine.data.sync.timeout = 10s (default)
2019-09-26 13:34:05,746 [pool-47-thread-1] INFO  server.RaftServerConfigKeys (ConfUtils.java:logGet(43)) - raft.server.log.statemachine.data.sync.timeout.retry = -1 (default)
2019-09-26 13:34:05,746 [pool-47-thread-1] INFO  server.RaftServerConfigKeys (ConfUtils.java:logGet(43)) - raft.server.log.statemachine.data.caching.enabled = true (custom)
2019-09-26 13:34:05,746 [pool-47-thread-1] INFO  segmented.SegmentedRaftLogWorker (SegmentedRaftLogWorker.java:lambda$new$0(132)) - 225bd7ce-61cd-45a9-80d4-d38af20818a5@group-9991F5F77B87-SegmentedRaftLogWorker: flushIndex: setUnconditionally 0 -> -1
2019-09-26 13:34:05,747 [pool-47-thread-1] INFO  server.RaftServerConfigKeys (ConfUtils.java:logGet(43)) - raft.server.snapshot.auto.trigger.enabled = true (custom)
2019-09-26 13:34:05,747 [pool-47-thread-1] INFO  server.RaftServerConfigKeys (ConfUtils.java:logGet(43)) - raft.server.snapshot.auto.trigger.threshold = 10000 (custom)
2019-09-26 13:34:05,747 [pool-47-thread-1] INFO  server.RaftServerConfigKeys (ConfUtils.java:logGet(43)) - raft.server.snapshot.retention.num.files = 5 (custom)
2019-09-26 13:34:05,747 [pool-47-thread-1] INFO  server.RaftServerConfigKeys (ConfUtils.java:logGet(43)) - raft.server.retrycache.expirytime = 600000ms (custom)
2019-09-26 13:34:05,749 [pool-47-thread-1] INFO  impl.RaftServerImpl (RaftServerImpl.java:start(185)) - 225bd7ce-61cd-45a9-80d4-d38af20818a5@group-9991F5F77B87: start as a follower, conf=-1: [225bd7ce-61cd-45a9-80d4-d38af20818a5:192.168.164.238:41146], old=null
2019-09-26 13:34:05,750 [pool-47-thread-1] INFO  impl.RaftServerImpl (RaftServerImpl.java:setRole(174)) - 225bd7ce-61cd-45a9-80d4-d38af20818a5@group-9991F5F77B87: changes role from      null to FOLLOWER at term 0 for startAsFollower
2019-09-26 13:34:05,750 [pool-47-thread-1] INFO  impl.RoleInfo (RoleInfo.java:updateAndGet(143)) - 225bd7ce-61cd-45a9-80d4-d38af20818a5: start FollowerState
2019-09-26 13:34:05,750 [pool-47-thread-1] INFO  util.JmxRegister (JmxRegister.java:tryRegister(44)) - Successfully registered JMX Bean with object name Ratis:service=RaftServer,group=group-9991F5F77B87,id=225bd7ce-61cd-45a9-80d4-d38af20818a5
2019-09-26 13:34:05,757 [RatisPipelineUtilsThread] INFO  pipeline.PipelineStateManager (PipelineStateManager.java:addPipeline(56)) - Created pipeline Pipeline[ Id: ce868e0b-7e4f-48da-b754-9991f5f77b87, Nodes: 225bd7ce-61cd-45a9-80d4-d38af20818a5{ip: 192.168.164.238, host: pr-hdds-1569-87zkn-1081879488, networkLocation: /default-rack, certSerialId: null}, Type:RATIS, Factor:ONE, State:OPEN]
2019-09-26 13:34:05,757 [RatisPipelineUtilsThread] INFO  pipeline.PipelinePlacementPolicy (PipelinePlacementPolicy.java:meetCriteria(91)) - Pipeline Placement: can't place more pipeline on heavy datanode： e87194ae-6196-464a-8fce-fc61cfb56335 Heaviness: 6 limit: 5
2019-09-26 13:34:05,757 [RatisPipelineUtilsThread] INFO  pipeline.PipelinePlacementPolicy (PipelinePlacementPolicy.java:meetCriteria(91)) - Pipeline Placement: can't place more pipeline on heavy datanode： a6cc820d-4c20-4116-9864-c0f90ea69363 Heaviness: 6 limit: 5
2019-09-26 13:34:05,768 [grpc-default-executor-0] INFO  impl.RaftServerProxy (RaftServerProxy.java:addNew(89)) - 225bd7ce-61cd-45a9-80d4-d38af20818a5: addNew group-688FF178337A:[225bd7ce-61cd-45a9-80d4-d38af20818a5:192.168.164.238:41146] returns group-688FF178337A:java.util.concurrent.CompletableFuture@3eb816d2[Not completed]
2019-09-26 13:34:05,770 [pool-47-thread-1] INFO  impl.RaftServerImpl (RaftServerImpl.java:<init>(95)) - 225bd7ce-61cd-45a9-80d4-d38af20818a5: new RaftServerImpl for group-688FF178337A:[225bd7ce-61cd-45a9-80d4-d38af20818a5:192.168.164.238:41146] with ContainerStateMachine:uninitialized
2019-09-26 13:34:05,770 [pool-47-thread-1] INFO  server.RaftServerConfigKeys (ConfUtils.java:logGet(43)) - raft.server.rpc.timeout.min = 5s (custom)
2019-09-26 13:34:05,770 [pool-47-thread-1] INFO  server.RaftServerConfigKeys (ConfUtils.java:logGet(43)) - raft.server.rpc.timeout.max = 5200ms (custom)
2019-09-26 13:34:05,770 [pool-47-thread-1] INFO  server.RaftServerConfigKeys (ConfUtils.java:logGet(43)) - raft.server.rpcslowness.timeout = 120s (custom)
2019-09-26 13:34:05,770 [pool-47-thread-1] INFO  server.RaftServerConfigKeys (ConfUtils.java:logGet(43)) - raft.server.sleep.deviation.threshold = 300 (default)
2019-09-26 13:34:05,770 [pool-47-thread-1] INFO  server.RaftServerConfigKeys (ConfUtils.java:logGet(43)) - raft.server.log.appender.install.snapshot.enabled = false (custom)
2019-09-26 13:34:05,771 [pool-47-thread-1] INFO  impl.RaftServerImpl (ServerState.java:<init>(103)) - 225bd7ce-61cd-45a9-80d4-d38af20818a5@group-688FF178337A: ConfigurationManager, init=-1: [225bd7ce-61cd-45a9-80d4-d38af20818a5:192.168.164.238:41146], old=null, confs=<EMPTY_MAP>
2019-09-26 13:34:05,771 [pool-47-thread-1] INFO  server.RaftServerConfigKeys (ConfUtils.java:logGet(43)) - raft.server.storage.dir = [/workdir/hadoop-ozone/tools/target/test-dir/MiniOzoneClusterImpl-dc29704b-fdb8-4d9e-ab20-a88de5d9579b/datanode-2/data/ratis] (custom)
2019-09-26 13:34:05,771 [pool-47-thread-1] INFO  storage.RaftStorageDirectory (RaftStorageDirectory.java:analyzeStorage(246)) - The storage directory /workdir/hadoop-ozone/tools/target/test-dir/MiniOzoneClusterImpl-dc29704b-fdb8-4d9e-ab20-a88de5d9579b/datanode-2/data/ratis/244a6672-42d9-410e-8f0e-688ff178337a does not exist. Creating ...
2019-09-26 13:34:05,820 [pool-47-thread-1] INFO  storage.RaftStorageDirectory (RaftStorageDirectory.java:tryLock(328)) - Lock on /workdir/hadoop-ozone/tools/target/test-dir/MiniOzoneClusterImpl-dc29704b-fdb8-4d9e-ab20-a88de5d9579b/datanode-2/data/ratis/244a6672-42d9-410e-8f0e-688ff178337a/in_use.lock acquired by nodename 17110@pr-hdds-1569-87zkn-1081879488
2019-09-26 13:34:05,833 [pool-47-thread-1] INFO  storage.RaftStorage (RaftStorage.java:format(72)) - Storage directory /workdir/hadoop-ozone/tools/target/test-dir/MiniOzoneClusterImpl-dc29704b-fdb8-4d9e-ab20-a88de5d9579b/datanode-2/data/ratis/244a6672-42d9-410e-8f0e-688ff178337a has been successfully formatted.
2019-09-26 13:34:05,834 [pool-47-thread-1] INFO  ratis.ContainerStateMachine (ContainerStateMachine.java:loadSnapshot(230)) - group-688FF178337A: The snapshot info is null. Setting the last applied indexto:(t:0, i:~)
2019-09-26 13:34:05,834 [pool-47-thread-1] INFO  server.RaftServerConfigKeys (ConfUtils.java:logGet(43)) - raft.server.notification.no-leader.timeout = 120s (custom)
2019-09-26 13:34:05,834 [pool-47-thread-1] INFO  server.RaftServerConfigKeys (ConfUtils.java:logGet(43)) - raft.server.log.use.memory = false (default)
2019-09-26 13:34:05,834 [pool-47-thread-1] INFO  server.RaftServerConfigKeys (ConfUtils.java:logGet(43)) - raft.server.log.purge.gap = 1000000 (custom)
2019-09-26 13:34:05,834 [pool-47-thread-1] INFO  server.RaftServerConfigKeys (ConfUtils.java:logGet(43)) - raft.server.log.appender.buffer.byte-limit = 33554432 (custom)
2019-09-26 13:34:05,834 [pool-47-thread-1] INFO  server.RaftServerConfigKeys (ConfUtils.java:logGet(43)) - raft.server.log.segment.size.max = 1048576 (custom)
2019-09-26 13:34:05,835 [pool-47-thread-1] INFO  server.RaftServerConfigKeys (ConfUtils.java:logGet(43)) - raft.server.log.segment.cache.num.max = 2 (custom)
2019-09-26 13:34:05,835 [pool-47-thread-1] INFO  segmented.SegmentedRaftLogWorker (SegmentedRaftLogWorker.java:<init>(172)) - new 225bd7ce-61cd-45a9-80d4-d38af20818a5@group-688FF178337A-SegmentedRaftLogWorker for RaftStorage:Storage Directory /workdir/hadoop-ozone/tools/target/test-dir/MiniOzoneClusterImpl-dc29704b-fdb8-4d9e-ab20-a88de5d9579b/datanode-2/data/ratis/244a6672-42d9-410e-8f0e-688ff178337a
2019-09-26 13:34:05,835 [pool-47-thread-1] INFO  server.RaftServerConfigKeys (ConfUtils.java:logGet(43)) - raft.server.log.queue.byte-limit = 2147483647 (custom)
2019-09-26 13:34:05,835 [pool-47-thread-1] INFO  server.RaftServerConfigKeys (ConfUtils.java:logGet(43)) - raft.server.log.queue.element-limit = 1024 (custom)
2019-09-26 13:34:05,835 [pool-47-thread-1] INFO  server.RaftServerConfigKeys (ConfUtils.java:logGet(43)) - raft.server.log.segment.size.max = 1048576 (custom)
2019-09-26 13:34:05,835 [pool-47-thread-1] INFO  server.RaftServerConfigKeys (ConfUtils.java:logGet(43)) - raft.server.log.preallocated.size = 16384 (custom)
2019-09-26 13:34:05,835 [pool-47-thread-1] INFO  server.RaftServerConfigKeys (ConfUtils.java:logGet(43)) - raft.server.log.write.buffer.size = 33554432 (custom)
2019-09-26 13:34:05,835 [pool-47-thread-1] INFO  server.RaftServerConfigKeys (ConfUtils.java:logGet(43)) - raft.server.log.force.sync.num = 128 (default)
2019-09-26 13:34:05,836 [pool-47-thread-1] INFO  server.RaftServerConfigKeys (ConfUtils.java:logGet(43)) - raft.server.log.statemachine.data.sync = true (default)
2019-09-26 13:34:05,836 [pool-47-thread-1] INFO  server.RaftServerConfigKeys (ConfUtils.java:logGet(43)) - raft.server.log.statemachine.data.sync.timeout = 10s (default)
2019-09-26 13:34:05,836 [pool-47-thread-1] INFO  server.RaftServerConfigKeys (ConfUtils.java:logGet(43)) - raft.server.log.statemachine.data.sync.timeout.retry = -1 (default)
2019-09-26 13:34:05,836 [pool-47-thread-1] INFO  server.RaftServerConfigKeys (ConfUtils.java:logGet(43)) - raft.server.log.statemachine.data.caching.enabled = true (custom)
2019-09-26 13:34:05,836 [pool-47-thread-1] INFO  segmented.SegmentedRaftLogWorker (SegmentedRaftLogWorker.java:lambda$new$0(132)) - 225bd7ce-61cd-45a9-80d4-d38af20818a5@group-688FF178337A-SegmentedRaftLogWorker: flushIndex: setUnconditionally 0 -> -1
2019-09-26 13:34:05,837 [pool-47-thread-1] INFO  server.RaftServerConfigKeys (ConfUtils.java:logGet(43)) - raft.server.snapshot.auto.trigger.enabled = true (custom)
2019-09-26 13:34:05,837 [pool-47-thread-1] INFO  server.RaftServerConfigKeys (ConfUtils.java:logGet(43)) - raft.server.snapshot.auto.trigger.threshold = 10000 (custom)
2019-09-26 13:34:05,837 [pool-47-thread-1] INFO  server.RaftServerConfigKeys (ConfUtils.java:logGet(43)) - raft.server.snapshot.retention.num.files = 5 (custom)
2019-09-26 13:34:05,837 [pool-47-thread-1] INFO  server.RaftServerConfigKeys (ConfUtils.java:logGet(43)) - raft.server.retrycache.expirytime = 600000ms (custom)
2019-09-26 13:34:05,840 [pool-47-thread-1] INFO  impl.RaftServerImpl (RaftServerImpl.java:start(185)) - 225bd7ce-61cd-45a9-80d4-d38af20818a5@group-688FF178337A: start as a follower, conf=-1: [225bd7ce-61cd-45a9-80d4-d38af20818a5:192.168.164.238:41146], old=null
2019-09-26 13:34:05,840 [pool-47-thread-1] INFO  impl.RaftServerImpl (RaftServerImpl.java:setRole(174)) - 225bd7ce-61cd-45a9-80d4-d38af20818a5@group-688FF178337A: changes role from      null to FOLLOWER at term 0 for startAsFollower
2019-09-26 13:34:05,840 [pool-47-thread-1] INFO  impl.RoleInfo (RoleInfo.java:updateAndGet(143)) - 225bd7ce-61cd-45a9-80d4-d38af20818a5: start FollowerState
2019-09-26 13:34:05,841 [pool-47-thread-1] INFO  util.JmxRegister (JmxRegister.java:tryRegister(44)) - Successfully registered JMX Bean with object name Ratis:service=RaftServer,group=group-688FF178337A,id=225bd7ce-61cd-45a9-80d4-d38af20818a5
2019-09-26 13:34:05,847 [RatisPipelineUtilsThread] INFO  pipeline.PipelineStateManager (PipelineStateManager.java:addPipeline(56)) - Created pipeline Pipeline[ Id: 244a6672-42d9-410e-8f0e-688ff178337a, Nodes: 225bd7ce-61cd-45a9-80d4-d38af20818a5{ip: 192.168.164.238, host: pr-hdds-1569-87zkn-1081879488, networkLocation: /default-rack, certSerialId: null}, Type:RATIS, Factor:ONE, State:OPEN]
2019-09-26 13:34:05,847 [RatisPipelineUtilsThread] INFO  pipeline.PipelinePlacementPolicy (PipelinePlacementPolicy.java:meetCriteria(91)) - Pipeline Placement: can't place more pipeline on heavy datanode： 225bd7ce-61cd-45a9-80d4-d38af20818a5 Heaviness: 6 limit: 5
2019-09-26 13:34:05,847 [RatisPipelineUtilsThread] INFO  pipeline.PipelinePlacementPolicy (PipelinePlacementPolicy.java:meetCriteria(91)) - Pipeline Placement: can't place more pipeline on heavy datanode： e87194ae-6196-464a-8fce-fc61cfb56335 Heaviness: 6 limit: 5
2019-09-26 13:34:05,848 [RatisPipelineUtilsThread] INFO  pipeline.PipelinePlacementPolicy (PipelinePlacementPolicy.java:meetCriteria(91)) - Pipeline Placement: can't place more pipeline on heavy datanode： a6cc820d-4c20-4116-9864-c0f90ea69363 Heaviness: 6 limit: 5
2019-09-26 13:34:05,848 [RatisPipelineUtilsThread] ERROR pipeline.PipelinePlacementPolicy (PipelinePlacementPolicy.java:filterViableNodes(148)) - Unable to find enough nodes that meet the criteria that cannot engage in more than 5 pipelines. Nodes required: 1 Found: 0, healthy nodes count inNodeManager: 3.
2019-09-26 13:34:05,851 [RatisPipelineUtilsThread] ERROR pipeline.SCMPipelineManager (SCMPipelineManager.java:createPipeline(167)) - Pipeline creation failed.
org.apache.hadoop.hdds.scm.exceptions.SCMException: Unable to find enough nodes that meet the criteria that cannot engage in more than 5 pipelines. Nodes required: 1 Found: 0, healthy nodes count inNodeManager: 3.
	at org.apache.hadoop.hdds.scm.pipeline.PipelinePlacementPolicy.filterViableNodes(PipelinePlacementPolicy.java:149)
	at org.apache.hadoop.hdds.scm.pipeline.PipelinePlacementPolicy.chooseDatanodes(PipelinePlacementPolicy.java:172)
	at org.apache.hadoop.hdds.scm.pipeline.RatisPipelineProvider.create(RatisPipelineProvider.java:93)
	at org.apache.hadoop.hdds.scm.pipeline.PipelineFactory.create(PipelineFactory.java:58)
	at org.apache.hadoop.hdds.scm.pipeline.SCMPipelineManager.createPipeline(SCMPipelineManager.java:155)
	at org.apache.hadoop.hdds.scm.pipeline.BackgroundPipelineCreator.createPipelines(BackgroundPipelineCreator.java:99)
	at java.util.concurrent.Executors$RunnableAdapter.call(Executors.java:511)
	at java.util.concurrent.FutureTask.run(FutureTask.java:266)
	at java.util.concurrent.ScheduledThreadPoolExecutor$ScheduledFutureTask.access$201(ScheduledThreadPoolExecutor.java:180)
	at java.util.concurrent.ScheduledThreadPoolExecutor$ScheduledFutureTask.run(ScheduledThreadPoolExecutor.java:293)
	at java.util.concurrent.ThreadPoolExecutor.runWorker(ThreadPoolExecutor.java:1149)
	at java.util.concurrent.ThreadPoolExecutor$Worker.run(ThreadPoolExecutor.java:624)
	at java.lang.Thread.run(Thread.java:748)
2019-09-26 13:34:05,853 [RatisPipelineUtilsThread] INFO  pipeline.PipelinePlacementPolicy (PipelinePlacementPolicy.java:meetCriteria(91)) - Pipeline Placement: can't place more pipeline on heavy datanode： 225bd7ce-61cd-45a9-80d4-d38af20818a5 Heaviness: 6 limit: 5
2019-09-26 13:34:05,853 [RatisPipelineUtilsThread] INFO  pipeline.PipelinePlacementPolicy (PipelinePlacementPolicy.java:meetCriteria(91)) - Pipeline Placement: can't place more pipeline on heavy datanode： e87194ae-6196-464a-8fce-fc61cfb56335 Heaviness: 6 limit: 5
2019-09-26 13:34:05,854 [RatisPipelineUtilsThread] INFO  pipeline.PipelinePlacementPolicy (PipelinePlacementPolicy.java:meetCriteria(91)) - Pipeline Placement: can't place more pipeline on heavy datanode： a6cc820d-4c20-4116-9864-c0f90ea69363 Heaviness: 6 limit: 5
2019-09-26 13:34:05,854 [RatisPipelineUtilsThread] ERROR pipeline.PipelinePlacementPolicy (PipelinePlacementPolicy.java:filterViableNodes(148)) - Unable to find enough nodes that meet the criteria that cannot engage in more than 5 pipelines. Nodes required: 3 Found: 0, healthy nodes count inNodeManager: 3.
2019-09-26 13:34:05,854 [RatisPipelineUtilsThread] ERROR pipeline.SCMPipelineManager (SCMPipelineManager.java:createPipeline(167)) - Pipeline creation failed.
org.apache.hadoop.hdds.scm.exceptions.SCMException: Unable to find enough nodes that meet the criteria that cannot engage in more than 5 pipelines. Nodes required: 3 Found: 0, healthy nodes count inNodeManager: 3.
	at org.apache.hadoop.hdds.scm.pipeline.PipelinePlacementPolicy.filterViableNodes(PipelinePlacementPolicy.java:149)
	at org.apache.hadoop.hdds.scm.pipeline.PipelinePlacementPolicy.chooseDatanodes(PipelinePlacementPolicy.java:172)
	at org.apache.hadoop.hdds.scm.pipeline.RatisPipelineProvider.create(RatisPipelineProvider.java:93)
	at org.apache.hadoop.hdds.scm.pipeline.PipelineFactory.create(PipelineFactory.java:58)
	at org.apache.hadoop.hdds.scm.pipeline.SCMPipelineManager.createPipeline(SCMPipelineManager.java:155)
	at org.apache.hadoop.hdds.scm.pipeline.BackgroundPipelineCreator.createPipelines(BackgroundPipelineCreator.java:99)
	at java.util.concurrent.Executors$RunnableAdapter.call(Executors.java:511)
	at java.util.concurrent.FutureTask.run(FutureTask.java:266)
	at java.util.concurrent.ScheduledThreadPoolExecutor$ScheduledFutureTask.access$201(ScheduledThreadPoolExecutor.java:180)
	at java.util.concurrent.ScheduledThreadPoolExecutor$ScheduledFutureTask.run(ScheduledThreadPoolExecutor.java:293)
	at java.util.concurrent.ThreadPoolExecutor.runWorker(ThreadPoolExecutor.java:1149)
	at java.util.concurrent.ThreadPoolExecutor$Worker.run(ThreadPoolExecutor.java:624)
	at java.lang.Thread.run(Thread.java:748)
2019-09-26 13:34:05,856 [RatisPipelineUtilsThread] INFO  pipeline.PipelinePlacementPolicy (PipelinePlacementPolicy.java:meetCriteria(91)) - Pipeline Placement: can't place more pipeline on heavy datanode： 225bd7ce-61cd-45a9-80d4-d38af20818a5 Heaviness: 6 limit: 5
2019-09-26 13:34:05,857 [RatisPipelineUtilsThread] INFO  pipeline.PipelinePlacementPolicy (PipelinePlacementPolicy.java:meetCriteria(91)) - Pipeline Placement: can't place more pipeline on heavy datanode： e87194ae-6196-464a-8fce-fc61cfb56335 Heaviness: 6 limit: 5
2019-09-26 13:34:05,857 [RatisPipelineUtilsThread] INFO  pipeline.PipelinePlacementPolicy (PipelinePlacementPolicy.java:meetCriteria(91)) - Pipeline Placement: can't place more pipeline on heavy datanode： a6cc820d-4c20-4116-9864-c0f90ea69363 Heaviness: 6 limit: 5
2019-09-26 13:34:05,857 [RatisPipelineUtilsThread] ERROR pipeline.PipelinePlacementPolicy (PipelinePlacementPolicy.java:filterViableNodes(148)) - Unable to find enough nodes that meet the criteria that cannot engage in more than 5 pipelines. Nodes required: 1 Found: 0, healthy nodes count inNodeManager: 3.
2019-09-26 13:34:05,857 [RatisPipelineUtilsThread] ERROR pipeline.SCMPipelineManager (SCMPipelineManager.java:createPipeline(167)) - Pipeline creation failed.
org.apache.hadoop.hdds.scm.exceptions.SCMException: Unable to find enough nodes that meet the criteria that cannot engage in more than 5 pipelines. Nodes required: 1 Found: 0, healthy nodes count inNodeManager: 3.
	at org.apache.hadoop.hdds.scm.pipeline.PipelinePlacementPolicy.filterViableNodes(PipelinePlacementPolicy.java:149)
	at org.apache.hadoop.hdds.scm.pipeline.PipelinePlacementPolicy.chooseDatanodes(PipelinePlacementPolicy.java:172)
	at org.apache.hadoop.hdds.scm.pipeline.RatisPipelineProvider.create(RatisPipelineProvider.java:93)
	at org.apache.hadoop.hdds.scm.pipeline.PipelineFactory.create(PipelineFactory.java:58)
	at org.apache.hadoop.hdds.scm.pipeline.SCMPipelineManager.createPipeline(SCMPipelineManager.java:155)
	at org.apache.hadoop.hdds.scm.pipeline.BackgroundPipelineCreator.createPipelines(BackgroundPipelineCreator.java:99)
	at org.apache.hadoop.hdds.scm.pipeline.BackgroundPipelineCreator.lambda$startFixedIntervalPipelineCreator$0(BackgroundPipelineCreator.java:70)
	at java.util.concurrent.Executors$RunnableAdapter.call(Executors.java:511)
	at java.util.concurrent.FutureTask.runAndReset(FutureTask.java:308)
	at java.util.concurrent.ScheduledThreadPoolExecutor$ScheduledFutureTask.access$301(ScheduledThreadPoolExecutor.java:180)
	at java.util.concurrent.ScheduledThreadPoolExecutor$ScheduledFutureTask.run(ScheduledThreadPoolExecutor.java:294)
	at java.util.concurrent.ThreadPoolExecutor.runWorker(ThreadPoolExecutor.java:1149)
	at java.util.concurrent.ThreadPoolExecutor$Worker.run(ThreadPoolExecutor.java:624)
	at java.lang.Thread.run(Thread.java:748)
2019-09-26 13:34:05,858 [RatisPipelineUtilsThread] INFO  pipeline.PipelinePlacementPolicy (PipelinePlacementPolicy.java:meetCriteria(91)) - Pipeline Placement: can't place more pipeline on heavy datanode： 225bd7ce-61cd-45a9-80d4-d38af20818a5 Heaviness: 6 limit: 5
2019-09-26 13:34:05,858 [RatisPipelineUtilsThread] INFO  pipeline.PipelinePlacementPolicy (PipelinePlacementPolicy.java:meetCriteria(91)) - Pipeline Placement: can't place more pipeline on heavy datanode： e87194ae-6196-464a-8fce-fc61cfb56335 Heaviness: 6 limit: 5
2019-09-26 13:34:05,858 [RatisPipelineUtilsThread] INFO  pipeline.PipelinePlacementPolicy (PipelinePlacementPolicy.java:meetCriteria(91)) - Pipeline Placement: can't place more pipeline on heavy datanode： a6cc820d-4c20-4116-9864-c0f90ea69363 Heaviness: 6 limit: 5
2019-09-26 13:34:05,859 [RatisPipelineUtilsThread] ERROR pipeline.PipelinePlacementPolicy (PipelinePlacementPolicy.java:filterViableNodes(148)) - Unable to find enough nodes that meet the criteria that cannot engage in more than 5 pipelines. Nodes required: 3 Found: 0, healthy nodes count inNodeManager: 3.
2019-09-26 13:34:05,859 [RatisPipelineUtilsThread] ERROR pipeline.SCMPipelineManager (SCMPipelineManager.java:createPipeline(167)) - Pipeline creation failed.
org.apache.hadoop.hdds.scm.exceptions.SCMException: Unable to find enough nodes that meet the criteria that cannot engage in more than 5 pipelines. Nodes required: 3 Found: 0, healthy nodes count inNodeManager: 3.
	at org.apache.hadoop.hdds.scm.pipeline.PipelinePlacementPolicy.filterViableNodes(PipelinePlacementPolicy.java:149)
	at org.apache.hadoop.hdds.scm.pipeline.PipelinePlacementPolicy.chooseDatanodes(PipelinePlacementPolicy.java:172)
	at org.apache.hadoop.hdds.scm.pipeline.RatisPipelineProvider.create(RatisPipelineProvider.java:93)
	at org.apache.hadoop.hdds.scm.pipeline.PipelineFactory.create(PipelineFactory.java:58)
	at org.apache.hadoop.hdds.scm.pipeline.SCMPipelineManager.createPipeline(SCMPipelineManager.java:155)
	at org.apache.hadoop.hdds.scm.pipeline.BackgroundPipelineCreator.createPipelines(BackgroundPipelineCreator.java:99)
	at org.apache.hadoop.hdds.scm.pipeline.BackgroundPipelineCreator.lambda$startFixedIntervalPipelineCreator$0(BackgroundPipelineCreator.java:70)
	at java.util.concurrent.Executors$RunnableAdapter.call(Executors.java:511)
	at java.util.concurrent.FutureTask.runAndReset(FutureTask.java:308)
	at java.util.concurrent.ScheduledThreadPoolExecutor$ScheduledFutureTask.access$301(ScheduledThreadPoolExecutor.java:180)
	at java.util.concurrent.ScheduledThreadPoolExecutor$ScheduledFutureTask.run(ScheduledThreadPoolExecutor.java:294)
	at java.util.concurrent.ThreadPoolExecutor.runWorker(ThreadPoolExecutor.java:1149)
	at java.util.concurrent.ThreadPoolExecutor$Worker.run(ThreadPoolExecutor.java:624)
	at java.lang.Thread.run(Thread.java:748)
2019-09-26 13:34:05,864 [IPC Server handler 1 on 43124] INFO  pipeline.PipelinePlacementPolicy (PipelinePlacementPolicy.java:meetCriteria(91)) - Pipeline Placement: can't place more pipeline on heavy datanode： 225bd7ce-61cd-45a9-80d4-d38af20818a5 Heaviness: 6 limit: 5
2019-09-26 13:34:05,864 [IPC Server handler 1 on 43124] INFO  pipeline.PipelinePlacementPolicy (PipelinePlacementPolicy.java:meetCriteria(91)) - Pipeline Placement: can't place more pipeline on heavy datanode： e87194ae-6196-464a-8fce-fc61cfb56335 Heaviness: 6 limit: 5
2019-09-26 13:34:05,864 [IPC Server handler 1 on 43124] INFO  pipeline.PipelinePlacementPolicy (PipelinePlacementPolicy.java:meetCriteria(91)) - Pipeline Placement: can't place more pipeline on heavy datanode： a6cc820d-4c20-4116-9864-c0f90ea69363 Heaviness: 6 limit: 5
2019-09-26 13:34:05,865 [IPC Server handler 1 on 43124] ERROR pipeline.PipelinePlacementPolicy (PipelinePlacementPolicy.java:filterViableNodes(148)) - Unable to find enough nodes that meet the criteria that cannot engage in more than 5 pipelines. Nodes required: 3 Found: 0, healthy nodes count inNodeManager: 3.
2019-09-26 13:34:05,865 [IPC Server handler 1 on 43124] ERROR pipeline.SCMPipelineManager (SCMPipelineManager.java:createPipeline(167)) - Pipeline creation failed.
org.apache.hadoop.hdds.scm.exceptions.SCMException: Unable to find enough nodes that meet the criteria that cannot engage in more than 5 pipelines. Nodes required: 3 Found: 0, healthy nodes count inNodeManager: 3.
	at org.apache.hadoop.hdds.scm.pipeline.PipelinePlacementPolicy.filterViableNodes(PipelinePlacementPolicy.java:149)
	at org.apache.hadoop.hdds.scm.pipeline.PipelinePlacementPolicy.chooseDatanodes(PipelinePlacementPolicy.java:172)
	at org.apache.hadoop.hdds.scm.pipeline.RatisPipelineProvider.create(RatisPipelineProvider.java:93)
	at org.apache.hadoop.hdds.scm.pipeline.PipelineFactory.create(PipelineFactory.java:58)
	at org.apache.hadoop.hdds.scm.pipeline.SCMPipelineManager.createPipeline(SCMPipelineManager.java:155)
	at org.apache.hadoop.hdds.scm.block.BlockManagerImpl.allocateBlock(BlockManagerImpl.java:190)
	at org.apache.hadoop.hdds.scm.server.SCMBlockProtocolServer.allocateBlock(SCMBlockProtocolServer.java:182)
	at org.apache.hadoop.ozone.protocolPB.ScmBlockLocationProtocolServerSideTranslatorPB.allocateScmBlock(ScmBlockLocationProtocolServerSideTranslatorPB.java:183)
	at org.apache.hadoop.ozone.protocolPB.ScmBlockLocationProtocolServerSideTranslatorPB.processMessage(ScmBlockLocationProtocolServerSideTranslatorPB.java:141)
	at org.apache.hadoop.ozone.protocolPB.ScmBlockLocationProtocolServerSideTranslatorPB.send(ScmBlockLocationProtocolServerSideTranslatorPB.java:116)
	at org.apache.hadoop.hdds.protocol.proto.ScmBlockLocationProtocolProtos$ScmBlockLocationProtocolService$2.callBlockingMethod(ScmBlockLocationProtocolProtos.java:13157)
	at org.apache.hadoop.ipc.ProtobufRpcEngine$Server$ProtoBufRpcInvoker.call(ProtobufRpcEngine.java:524)
	at org.apache.hadoop.ipc.RPC$Server.call(RPC.java:1025)
	at org.apache.hadoop.ipc.Server$RpcCall.run(Server.java:876)
	at org.apache.hadoop.ipc.Server$RpcCall.run(Server.java:822)
	at java.security.AccessController.doPrivileged(Native Method)
	at javax.security.auth.Subject.doAs(Subject.java:422)
	at org.apache.hadoop.security.UserGroupInformation.doAs(UserGroupInformation.java:1730)
	at org.apache.hadoop.ipc.Server$Handler.run(Server.java:2682)
2019-09-26 13:34:05,865 [IPC Server handler 1 on 43124] WARN  block.BlockManagerImpl (BlockManagerImpl.java:allocateBlock(192)) - Pipeline creation failed for type:RATIS factor:THREE. Retrying get pipelines call once.
org.apache.hadoop.hdds.scm.exceptions.SCMException: Unable to find enough nodes that meet the criteria that cannot engage in more than 5 pipelines. Nodes required: 3 Found: 0, healthy nodes count inNodeManager: 3.
	at org.apache.hadoop.hdds.scm.pipeline.PipelinePlacementPolicy.filterViableNodes(PipelinePlacementPolicy.java:149)
	at org.apache.hadoop.hdds.scm.pipeline.PipelinePlacementPolicy.chooseDatanodes(PipelinePlacementPolicy.java:172)
	at org.apache.hadoop.hdds.scm.pipeline.RatisPipelineProvider.create(RatisPipelineProvider.java:93)
	at org.apache.hadoop.hdds.scm.pipeline.PipelineFactory.create(PipelineFactory.java:58)
	at org.apache.hadoop.hdds.scm.pipeline.SCMPipelineManager.createPipeline(SCMPipelineManager.java:155)
	at org.apache.hadoop.hdds.scm.block.BlockManagerImpl.allocateBlock(BlockManagerImpl.java:190)
	at org.apache.hadoop.hdds.scm.server.SCMBlockProtocolServer.allocateBlock(SCMBlockProtocolServer.java:182)
	at org.apache.hadoop.ozone.protocolPB.ScmBlockLocationProtocolServerSideTranslatorPB.allocateScmBlock(ScmBlockLocationProtocolServerSideTranslatorPB.java:183)
	at org.apache.hadoop.ozone.protocolPB.ScmBlockLocationProtocolServerSideTranslatorPB.processMessage(ScmBlockLocationProtocolServerSideTranslatorPB.java:141)
	at org.apache.hadoop.ozone.protocolPB.ScmBlockLocationProtocolServerSideTranslatorPB.send(ScmBlockLocationProtocolServerSideTranslatorPB.java:116)
	at org.apache.hadoop.hdds.protocol.proto.ScmBlockLocationProtocolProtos$ScmBlockLocationProtocolService$2.callBlockingMethod(ScmBlockLocationProtocolProtos.java:13157)
	at org.apache.hadoop.ipc.ProtobufRpcEngine$Server$ProtoBufRpcInvoker.call(ProtobufRpcEngine.java:524)
	at org.apache.hadoop.ipc.RPC$Server.call(RPC.java:1025)
	at org.apache.hadoop.ipc.Server$RpcCall.run(Server.java:876)
	at org.apache.hadoop.ipc.Server$RpcCall.run(Server.java:822)
	at java.security.AccessController.doPrivileged(Native Method)
	at javax.security.auth.Subject.doAs(Subject.java:422)
	at org.apache.hadoop.security.UserGroupInformation.doAs(UserGroupInformation.java:1730)
	at org.apache.hadoop.ipc.Server$Handler.run(Server.java:2682)
2019-09-26 13:34:05,866 [IPC Server handler 1 on 43124] INFO  block.BlockManagerImpl (BlockManagerImpl.java:allocateBlock(198)) - Could not find available pipeline of type:RATIS and factor:THREE even after retrying
2019-09-26 13:34:05,866 [IPC Server handler 1 on 43124] ERROR block.BlockManagerImpl (BlockManagerImpl.java:allocateBlock(222)) - Unable to allocate a block for the size: 4194304, type: RATIS, factor: THREE
2019-09-26 13:34:05,866 [IPC Server handler 1 on 43124] INFO  pipeline.PipelinePlacementPolicy (PipelinePlacementPolicy.java:meetCriteria(91)) - Pipeline Placement: can't place more pipeline on heavy datanode： 225bd7ce-61cd-45a9-80d4-d38af20818a5 Heaviness: 6 limit: 5
2019-09-26 13:34:05,867 [IPC Server handler 1 on 43124] INFO  pipeline.PipelinePlacementPolicy (PipelinePlacementPolicy.java:meetCriteria(91)) - Pipeline Placement: can't place more pipeline on heavy datanode： e87194ae-6196-464a-8fce-fc61cfb56335 Heaviness: 6 limit: 5
2019-09-26 13:34:05,867 [IPC Server handler 1 on 43124] INFO  pipeline.PipelinePlacementPolicy (PipelinePlacementPolicy.java:meetCriteria(91)) - Pipeline Placement: can't place more pipeline on heavy datanode： a6cc820d-4c20-4116-9864-c0f90ea69363 Heaviness: 6 limit: 5
2019-09-26 13:34:05,867 [IPC Server handler 1 on 43124] ERROR pipeline.PipelinePlacementPolicy (PipelinePlacementPolicy.java:filterViableNodes(148)) - Unable to find enough nodes that meet the criteria that cannot engage in more than 5 pipelines. Nodes required: 3 Found: 0, healthy nodes count inNodeManager: 3.
2019-09-26 13:34:05,867 [IPC Server handler 1 on 43124] ERROR pipeline.SCMPipelineManager (SCMPipelineManager.java:createPipeline(167)) - Pipeline creation failed.
org.apache.hadoop.hdds.scm.exceptions.SCMException: Unable to find enough nodes that meet the criteria that cannot engage in more than 5 pipelines. Nodes required: 3 Found: 0, healthy nodes count inNodeManager: 3.
	at org.apache.hadoop.hdds.scm.pipeline.PipelinePlacementPolicy.filterViableNodes(PipelinePlacementPolicy.java:149)
	at org.apache.hadoop.hdds.scm.pipeline.PipelinePlacementPolicy.chooseDatanodes(PipelinePlacementPolicy.java:172)
	at org.apache.hadoop.hdds.scm.pipeline.RatisPipelineProvider.create(RatisPipelineProvider.java:93)
	at org.apache.hadoop.hdds.scm.pipeline.PipelineFactory.create(PipelineFactory.java:58)
	at org.apache.hadoop.hdds.scm.pipeline.SCMPipelineManager.createPipeline(SCMPipelineManager.java:155)
	at org.apache.hadoop.hdds.scm.block.BlockManagerImpl.allocateBlock(BlockManagerImpl.java:190)
	at org.apache.hadoop.hdds.scm.server.SCMBlockProtocolServer.allocateBlock(SCMBlockProtocolServer.java:182)
	at org.apache.hadoop.ozone.protocolPB.ScmBlockLocationProtocolServerSideTranslatorPB.allocateScmBlock(ScmBlockLocationProtocolServerSideTranslatorPB.java:183)
	at org.apache.hadoop.ozone.protocolPB.ScmBlockLocationProtocolServerSideTranslatorPB.processMessage(ScmBlockLocationProtocolServerSideTranslatorPB.java:141)
	at org.apache.hadoop.ozone.protocolPB.ScmBlockLocationProtocolServerSideTranslatorPB.send(ScmBlockLocationProtocolServerSideTranslatorPB.java:116)
	at org.apache.hadoop.hdds.protocol.proto.ScmBlockLocationProtocolProtos$ScmBlockLocationProtocolService$2.callBlockingMethod(ScmBlockLocationProtocolProtos.java:13157)
	at org.apache.hadoop.ipc.ProtobufRpcEngine$Server$ProtoBufRpcInvoker.call(ProtobufRpcEngine.java:524)
	at org.apache.hadoop.ipc.RPC$Server.call(RPC.java:1025)
	at org.apache.hadoop.ipc.Server$RpcCall.run(Server.java:876)
	at org.apache.hadoop.ipc.Server$RpcCall.run(Server.java:822)
	at java.security.AccessController.doPrivileged(Native Method)
	at javax.security.auth.Subject.doAs(Subject.java:422)
	at org.apache.hadoop.security.UserGroupInformation.doAs(UserGroupInformation.java:1730)
	at org.apache.hadoop.ipc.Server$Handler.run(Server.java:2682)
2019-09-26 13:34:05,868 [IPC Server handler 1 on 43124] WARN  block.BlockManagerImpl (BlockManagerImpl.java:allocateBlock(192)) - Pipeline creation failed for type:RATIS factor:THREE. Retrying get pipelines call once.
org.apache.hadoop.hdds.scm.exceptions.SCMException: Unable to find enough nodes that meet the criteria that cannot engage in more than 5 pipelines. Nodes required: 3 Found: 0, healthy nodes count inNodeManager: 3.
	at org.apache.hadoop.hdds.scm.pipeline.PipelinePlacementPolicy.filterViableNodes(PipelinePlacementPolicy.java:149)
	at org.apache.hadoop.hdds.scm.pipeline.PipelinePlacementPolicy.chooseDatanodes(PipelinePlacementPolicy.java:172)
	at org.apache.hadoop.hdds.scm.pipeline.RatisPipelineProvider.create(RatisPipelineProvider.java:93)
	at org.apache.hadoop.hdds.scm.pipeline.PipelineFactory.create(PipelineFactory.java:58)
	at org.apache.hadoop.hdds.scm.pipeline.SCMPipelineManager.createPipeline(SCMPipelineManager.java:155)
	at org.apache.hadoop.hdds.scm.block.BlockManagerImpl.allocateBlock(BlockManagerImpl.java:190)
	at org.apache.hadoop.hdds.scm.server.SCMBlockProtocolServer.allocateBlock(SCMBlockProtocolServer.java:182)
	at org.apache.hadoop.ozone.protocolPB.ScmBlockLocationProtocolServerSideTranslatorPB.allocateScmBlock(ScmBlockLocationProtocolServerSideTranslatorPB.java:183)
	at org.apache.hadoop.ozone.protocolPB.ScmBlockLocationProtocolServerSideTranslatorPB.processMessage(ScmBlockLocationProtocolServerSideTranslatorPB.java:141)
	at org.apache.hadoop.ozone.protocolPB.ScmBlockLocationProtocolServerSideTranslatorPB.send(ScmBlockLocationProtocolServerSideTranslatorPB.java:116)
	at org.apache.hadoop.hdds.protocol.proto.ScmBlockLocationProtocolProtos$ScmBlockLocationProtocolService$2.callBlockingMethod(ScmBlockLocationProtocolProtos.java:13157)
	at org.apache.hadoop.ipc.ProtobufRpcEngine$Server$ProtoBufRpcInvoker.call(ProtobufRpcEngine.java:524)
	at org.apache.hadoop.ipc.RPC$Server.call(RPC.java:1025)
	at org.apache.hadoop.ipc.Server$RpcCall.run(Server.java:876)
	at org.apache.hadoop.ipc.Server$RpcCall.run(Server.java:822)
	at java.security.AccessController.doPrivileged(Native Method)
	at javax.security.auth.Subject.doAs(Subject.java:422)
	at org.apache.hadoop.security.UserGroupInformation.doAs(UserGroupInformation.java:1730)
	at org.apache.hadoop.ipc.Server$Handler.run(Server.java:2682)
2019-09-26 13:34:05,868 [IPC Server handler 1 on 43124] INFO  block.BlockManagerImpl (BlockManagerImpl.java:allocateBlock(198)) - Could not find available pipeline of type:RATIS and factor:THREE even after retrying
2019-09-26 13:34:05,868 [IPC Server handler 1 on 43124] ERROR block.BlockManagerImpl (BlockManagerImpl.java:allocateBlock(222)) - Unable to allocate a block for the size: 4194304, type: RATIS, factor: THREE
2019-09-26 13:34:05,869 [IPC Server handler 1 on 43124] INFO  pipeline.PipelinePlacementPolicy (PipelinePlacementPolicy.java:meetCriteria(91)) - Pipeline Placement: can't place more pipeline on heavy datanode： 225bd7ce-61cd-45a9-80d4-d38af20818a5 Heaviness: 6 limit: 5
2019-09-26 13:34:05,869 [IPC Server handler 1 on 43124] INFO  pipeline.PipelinePlacementPolicy (PipelinePlacementPolicy.java:meetCriteria(91)) - Pipeline Placement: can't place more pipeline on heavy datanode： e87194ae-6196-464a-8fce-fc61cfb56335 Heaviness: 6 limit: 5
2019-09-26 13:34:05,869 [IPC Server handler 1 on 43124] INFO  pipeline.PipelinePlacementPolicy (PipelinePlacementPolicy.java:meetCriteria(91)) - Pipeline Placement: can't place more pipeline on heavy datanode： a6cc820d-4c20-4116-9864-c0f90ea69363 Heaviness: 6 limit: 5
2019-09-26 13:34:05,869 [IPC Server handler 1 on 43124] ERROR pipeline.PipelinePlacementPolicy (PipelinePlacementPolicy.java:filterViableNodes(148)) - Unable to find enough nodes that meet the criteria that cannot engage in more than 5 pipelines. Nodes required: 3 Found: 0, healthy nodes count inNodeManager: 3.
2019-09-26 13:34:05,869 [IPC Server handler 1 on 43124] ERROR pipeline.SCMPipelineManager (SCMPipelineManager.java:createPipeline(167)) - Pipeline creation failed.
org.apache.hadoop.hdds.scm.exceptions.SCMException: Unable to find enough nodes that meet the criteria that cannot engage in more than 5 pipelines. Nodes required: 3 Found: 0, healthy nodes count inNodeManager: 3.
	at org.apache.hadoop.hdds.scm.pipeline.PipelinePlacementPolicy.filterViableNodes(PipelinePlacementPolicy.java:149)
	at org.apache.hadoop.hdds.scm.pipeline.PipelinePlacementPolicy.chooseDatanodes(PipelinePlacementPolicy.java:172)
	at org.apache.hadoop.hdds.scm.pipeline.RatisPipelineProvider.create(RatisPipelineProvider.java:93)
	at org.apache.hadoop.hdds.scm.pipeline.PipelineFactory.create(PipelineFactory.java:58)
	at org.apache.hadoop.hdds.scm.pipeline.SCMPipelineManager.createPipeline(SCMPipelineManager.java:155)
	at org.apache.hadoop.hdds.scm.block.BlockManagerImpl.allocateBlock(BlockManagerImpl.java:190)
	at org.apache.hadoop.hdds.scm.server.SCMBlockProtocolServer.allocateBlock(SCMBlockProtocolServer.java:182)
	at org.apache.hadoop.ozone.protocolPB.ScmBlockLocationProtocolServerSideTranslatorPB.allocateScmBlock(ScmBlockLocationProtocolServerSideTranslatorPB.java:183)
	at org.apache.hadoop.ozone.protocolPB.ScmBlockLocationProtocolServerSideTranslatorPB.processMessage(ScmBlockLocationProtocolServerSideTranslatorPB.java:141)
	at org.apache.hadoop.ozone.protocolPB.ScmBlockLocationProtocolServerSideTranslatorPB.send(ScmBlockLocationProtocolServerSideTranslatorPB.java:116)
	at org.apache.hadoop.hdds.protocol.proto.ScmBlockLocationProtocolProtos$ScmBlockLocationProtocolService$2.callBlockingMethod(ScmBlockLocationProtocolProtos.java:13157)
	at org.apache.hadoop.ipc.ProtobufRpcEngine$Server$ProtoBufRpcInvoker.call(ProtobufRpcEngine.java:524)
	at org.apache.hadoop.ipc.RPC$Server.call(RPC.java:1025)
	at org.apache.hadoop.ipc.Server$RpcCall.run(Server.java:876)
	at org.apache.hadoop.ipc.Server$RpcCall.run(Server.java:822)
	at java.security.AccessController.doPrivileged(Native Method)
	at javax.security.auth.Subject.doAs(Subject.java:422)
	at org.apache.hadoop.security.UserGroupInformation.doAs(UserGroupInformation.java:1730)
	at org.apache.hadoop.ipc.Server$Handler.run(Server.java:2682)
2019-09-26 13:34:05,870 [IPC Server handler 1 on 43124] WARN  block.BlockManagerImpl (BlockManagerImpl.java:allocateBlock(192)) - Pipeline creation failed for type:RATIS factor:THREE. Retrying get pipelines call once.
org.apache.hadoop.hdds.scm.exceptions.SCMException: Unable to find enough nodes that meet the criteria that cannot engage in more than 5 pipelines. Nodes required: 3 Found: 0, healthy nodes count inNodeManager: 3.
	at org.apache.hadoop.hdds.scm.pipeline.PipelinePlacementPolicy.filterViableNodes(PipelinePlacementPolicy.java:149)
	at org.apache.hadoop.hdds.scm.pipeline.PipelinePlacementPolicy.chooseDatanodes(PipelinePlacementPolicy.java:172)
	at org.apache.hadoop.hdds.scm.pipeline.RatisPipelineProvider.create(RatisPipelineProvider.java:93)
	at org.apache.hadoop.hdds.scm.pipeline.PipelineFactory.create(PipelineFactory.java:58)
	at org.apache.hadoop.hdds.scm.pipeline.SCMPipelineManager.createPipeline(SCMPipelineManager.java:155)
	at org.apache.hadoop.hdds.scm.block.BlockManagerImpl.allocateBlock(BlockManagerImpl.java:190)
	at org.apache.hadoop.hdds.scm.server.SCMBlockProtocolServer.allocateBlock(SCMBlockProtocolServer.java:182)
	at org.apache.hadoop.ozone.protocolPB.ScmBlockLocationProtocolServerSideTranslatorPB.allocateScmBlock(ScmBlockLocationProtocolServerSideTranslatorPB.java:183)
	at org.apache.hadoop.ozone.protocolPB.ScmBlockLocationProtocolServerSideTranslatorPB.processMessage(ScmBlockLocationProtocolServerSideTranslatorPB.java:141)
	at org.apache.hadoop.ozone.protocolPB.ScmBlockLocationProtocolServerSideTranslatorPB.send(ScmBlockLocationProtocolServerSideTranslatorPB.java:116)
	at org.apache.hadoop.hdds.protocol.proto.ScmBlockLocationProtocolProtos$ScmBlockLocationProtocolService$2.callBlockingMethod(ScmBlockLocationProtocolProtos.java:13157)
	at org.apache.hadoop.ipc.ProtobufRpcEngine$Server$ProtoBufRpcInvoker.call(ProtobufRpcEngine.java:524)
	at org.apache.hadoop.ipc.RPC$Server.call(RPC.java:1025)
	at org.apache.hadoop.ipc.Server$RpcCall.run(Server.java:876)
	at org.apache.hadoop.ipc.Server$RpcCall.run(Server.java:822)
	at java.security.AccessController.doPrivileged(Native Method)
	at javax.security.auth.Subject.doAs(Subject.java:422)
	at org.apache.hadoop.security.UserGroupInformation.doAs(UserGroupInformation.java:1730)
	at org.apache.hadoop.ipc.Server$Handler.run(Server.java:2682)
2019-09-26 13:34:05,870 [IPC Server handler 1 on 43124] INFO  block.BlockManagerImpl (BlockManagerImpl.java:allocateBlock(198)) - Could not find available pipeline of type:RATIS and factor:THREE even after retrying
2019-09-26 13:34:05,870 [IPC Server handler 1 on 43124] ERROR block.BlockManagerImpl (BlockManagerImpl.java:allocateBlock(222)) - Unable to allocate a block for the size: 4194304, type: RATIS, factor: THREE
2019-09-26 13:34:05,871 [IPC Server handler 1 on 43124] INFO  pipeline.PipelinePlacementPolicy (PipelinePlacementPolicy.java:meetCriteria(91)) - Pipeline Placement: can't place more pipeline on heavy datanode： 225bd7ce-61cd-45a9-80d4-d38af20818a5 Heaviness: 6 limit: 5
2019-09-26 13:34:05,871 [IPC Server handler 1 on 43124] INFO  pipeline.PipelinePlacementPolicy (PipelinePlacementPolicy.java:meetCriteria(91)) - Pipeline Placement: can't place more pipeline on heavy datanode： e87194ae-6196-464a-8fce-fc61cfb56335 Heaviness: 6 limit: 5
2019-09-26 13:34:05,871 [IPC Server handler 1 on 43124] INFO  pipeline.PipelinePlacementPolicy (PipelinePlacementPolicy.java:meetCriteria(91)) - Pipeline Placement: can't place more pipeline on heavy datanode： a6cc820d-4c20-4116-9864-c0f90ea69363 Heaviness: 6 limit: 5
2019-09-26 13:34:05,871 [IPC Server handler 1 on 43124] ERROR pipeline.PipelinePlacementPolicy (PipelinePlacementPolicy.java:filterViableNodes(148)) - Unable to find enough nodes that meet the criteria that cannot engage in more than 5 pipelines. Nodes required: 3 Found: 0, healthy nodes count inNodeManager: 3.
2019-09-26 13:34:05,872 [IPC Server handler 1 on 43124] ERROR pipeline.SCMPipelineManager (SCMPipelineManager.java:createPipeline(167)) - Pipeline creation failed.
org.apache.hadoop.hdds.scm.exceptions.SCMException: Unable to find enough nodes that meet the criteria that cannot engage in more than 5 pipelines. Nodes required: 3 Found: 0, healthy nodes count inNodeManager: 3.
	at org.apache.hadoop.hdds.scm.pipeline.PipelinePlacementPolicy.filterViableNodes(PipelinePlacementPolicy.java:149)
	at org.apache.hadoop.hdds.scm.pipeline.PipelinePlacementPolicy.chooseDatanodes(PipelinePlacementPolicy.java:172)
	at org.apache.hadoop.hdds.scm.pipeline.RatisPipelineProvider.create(RatisPipelineProvider.java:93)
	at org.apache.hadoop.hdds.scm.pipeline.PipelineFactory.create(PipelineFactory.java:58)
	at org.apache.hadoop.hdds.scm.pipeline.SCMPipelineManager.createPipeline(SCMPipelineManager.java:155)
	at org.apache.hadoop.hdds.scm.block.BlockManagerImpl.allocateBlock(BlockManagerImpl.java:190)
	at org.apache.hadoop.hdds.scm.server.SCMBlockProtocolServer.allocateBlock(SCMBlockProtocolServer.java:182)
	at org.apache.hadoop.ozone.protocolPB.ScmBlockLocationProtocolServerSideTranslatorPB.allocateScmBlock(ScmBlockLocationProtocolServerSideTranslatorPB.java:183)
	at org.apache.hadoop.ozone.protocolPB.ScmBlockLocationProtocolServerSideTranslatorPB.processMessage(ScmBlockLocationProtocolServerSideTranslatorPB.java:141)
	at org.apache.hadoop.ozone.protocolPB.ScmBlockLocationProtocolServerSideTranslatorPB.send(ScmBlockLocationProtocolServerSideTranslatorPB.java:116)
	at org.apache.hadoop.hdds.protocol.proto.ScmBlockLocationProtocolProtos$ScmBlockLocationProtocolService$2.callBlockingMethod(ScmBlockLocationProtocolProtos.java:13157)
	at org.apache.hadoop.ipc.ProtobufRpcEngine$Server$ProtoBufRpcInvoker.call(ProtobufRpcEngine.java:524)
	at org.apache.hadoop.ipc.RPC$Server.call(RPC.java:1025)
	at org.apache.hadoop.ipc.Server$RpcCall.run(Server.java:876)
	at org.apache.hadoop.ipc.Server$RpcCall.run(Server.java:822)
	at java.security.AccessController.doPrivileged(Native Method)
	at javax.security.auth.Subject.doAs(Subject.java:422)
	at org.apache.hadoop.security.UserGroupInformation.doAs(UserGroupInformation.java:1730)
	at org.apache.hadoop.ipc.Server$Handler.run(Server.java:2682)
2019-09-26 13:34:05,873 [IPC Server handler 1 on 43124] WARN  block.BlockManagerImpl (BlockManagerImpl.java:allocateBlock(192)) - Pipeline creation failed for type:RATIS factor:THREE. Retrying get pipelines call once.
org.apache.hadoop.hdds.scm.exceptions.SCMException: Unable to find enough nodes that meet the criteria that cannot engage in more than 5 pipelines. Nodes required: 3 Found: 0, healthy nodes count inNodeManager: 3.
	at org.apache.hadoop.hdds.scm.pipeline.PipelinePlacementPolicy.filterViableNodes(PipelinePlacementPolicy.java:149)
	at org.apache.hadoop.hdds.scm.pipeline.PipelinePlacementPolicy.chooseDatanodes(PipelinePlacementPolicy.java:172)
	at org.apache.hadoop.hdds.scm.pipeline.RatisPipelineProvider.create(RatisPipelineProvider.java:93)
	at org.apache.hadoop.hdds.scm.pipeline.PipelineFactory.create(PipelineFactory.java:58)
	at org.apache.hadoop.hdds.scm.pipeline.SCMPipelineManager.createPipeline(SCMPipelineManager.java:155)
	at org.apache.hadoop.hdds.scm.block.BlockManagerImpl.allocateBlock(BlockManagerImpl.java:190)
	at org.apache.hadoop.hdds.scm.server.SCMBlockProtocolServer.allocateBlock(SCMBlockProtocolServer.java:182)
	at org.apache.hadoop.ozone.protocolPB.ScmBlockLocationProtocolServerSideTranslatorPB.allocateScmBlock(ScmBlockLocationProtocolServerSideTranslatorPB.java:183)
	at org.apache.hadoop.ozone.protocolPB.ScmBlockLocationProtocolServerSideTranslatorPB.processMessage(ScmBlockLocationProtocolServerSideTranslatorPB.java:141)
	at org.apache.hadoop.ozone.protocolPB.ScmBlockLocationProtocolServerSideTranslatorPB.send(ScmBlockLocationProtocolServerSideTranslatorPB.java:116)
	at org.apache.hadoop.hdds.protocol.proto.ScmBlockLocationProtocolProtos$ScmBlockLocationProtocolService$2.callBlockingMethod(ScmBlockLocationProtocolProtos.java:13157)
	at org.apache.hadoop.ipc.ProtobufRpcEngine$Server$ProtoBufRpcInvoker.call(ProtobufRpcEngine.java:524)
	at org.apache.hadoop.ipc.RPC$Server.call(RPC.java:1025)
	at org.apache.hadoop.ipc.Server$RpcCall.run(Server.java:876)
	at org.apache.hadoop.ipc.Server$RpcCall.run(Server.java:822)
	at java.security.AccessController.doPrivileged(Native Method)
	at javax.security.auth.Subject.doAs(Subject.java:422)
	at org.apache.hadoop.security.UserGroupInformation.doAs(UserGroupInformation.java:1730)
	at org.apache.hadoop.ipc.Server$Handler.run(Server.java:2682)
2019-09-26 13:34:05,873 [IPC Server handler 1 on 43124] INFO  block.BlockManagerImpl (BlockManagerImpl.java:allocateBlock(198)) - Could not find available pipeline of type:RATIS and factor:THREE even after retrying
2019-09-26 13:34:05,873 [IPC Server handler 1 on 43124] ERROR block.BlockManagerImpl (BlockManagerImpl.java:allocateBlock(222)) - Unable to allocate a block for the size: 4194304, type: RATIS, factor: THREE
2019-09-26 13:34:05,873 [IPC Server handler 1 on 43124] INFO  pipeline.PipelinePlacementPolicy (PipelinePlacementPolicy.java:meetCriteria(91)) - Pipeline Placement: can't place more pipeline on heavy datanode： 225bd7ce-61cd-45a9-80d4-d38af20818a5 Heaviness: 6 limit: 5
2019-09-26 13:34:05,874 [IPC Server handler 1 on 43124] INFO  pipeline.PipelinePlacementPolicy (PipelinePlacementPolicy.java:meetCriteria(91)) - Pipeline Placement: can't place more pipeline on heavy datanode： e87194ae-6196-464a-8fce-fc61cfb56335 Heaviness: 6 limit: 5
2019-09-26 13:34:05,874 [IPC Server handler 1 on 43124] INFO  pipeline.PipelinePlacementPolicy (PipelinePlacementPolicy.java:meetCriteria(91)) - Pipeline Placement: can't place more pipeline on heavy datanode： a6cc820d-4c20-4116-9864-c0f90ea69363 Heaviness: 6 limit: 5
2019-09-26 13:34:05,874 [IPC Server handler 1 on 43124] ERROR pipeline.PipelinePlacementPolicy (PipelinePlacementPolicy.java:filterViableNodes(148)) - Unable to find enough nodes that meet the criteria that cannot engage in more than 5 pipelines. Nodes required: 3 Found: 0, healthy nodes count inNodeManager: 3.
2019-09-26 13:34:05,874 [IPC Server handler 1 on 43124] ERROR pipeline.SCMPipelineManager (SCMPipelineManager.java:createPipeline(167)) - Pipeline creation failed.
org.apache.hadoop.hdds.scm.exceptions.SCMException: Unable to find enough nodes that meet the criteria that cannot engage in more than 5 pipelines. Nodes required: 3 Found: 0, healthy nodes count inNodeManager: 3.
	at org.apache.hadoop.hdds.scm.pipeline.PipelinePlacementPolicy.filterViableNodes(PipelinePlacementPolicy.java:149)
	at org.apache.hadoop.hdds.scm.pipeline.PipelinePlacementPolicy.chooseDatanodes(PipelinePlacementPolicy.java:172)
	at org.apache.hadoop.hdds.scm.pipeline.RatisPipelineProvider.create(RatisPipelineProvider.java:93)
	at org.apache.hadoop.hdds.scm.pipeline.PipelineFactory.create(PipelineFactory.java:58)
	at org.apache.hadoop.hdds.scm.pipeline.SCMPipelineManager.createPipeline(SCMPipelineManager.java:155)
	at org.apache.hadoop.hdds.scm.block.BlockManagerImpl.allocateBlock(BlockManagerImpl.java:190)
	at org.apache.hadoop.hdds.scm.server.SCMBlockProtocolServer.allocateBlock(SCMBlockProtocolServer.java:182)
	at org.apache.hadoop.ozone.protocolPB.ScmBlockLocationProtocolServerSideTranslatorPB.allocateScmBlock(ScmBlockLocationProtocolServerSideTranslatorPB.java:183)
	at org.apache.hadoop.ozone.protocolPB.ScmBlockLocationProtocolServerSideTranslatorPB.processMessage(ScmBlockLocationProtocolServerSideTranslatorPB.java:141)
	at org.apache.hadoop.ozone.protocolPB.ScmBlockLocationProtocolServerSideTranslatorPB.send(ScmBlockLocationProtocolServerSideTranslatorPB.java:116)
	at org.apache.hadoop.hdds.protocol.proto.ScmBlockLocationProtocolProtos$ScmBlockLocationProtocolService$2.callBlockingMethod(ScmBlockLocationProtocolProtos.java:13157)
	at org.apache.hadoop.ipc.ProtobufRpcEngine$Server$ProtoBufRpcInvoker.call(ProtobufRpcEngine.java:524)
	at org.apache.hadoop.ipc.RPC$Server.call(RPC.java:1025)
	at org.apache.hadoop.ipc.Server$RpcCall.run(Server.java:876)
	at org.apache.hadoop.ipc.Server$RpcCall.run(Server.java:822)
	at java.security.AccessController.doPrivileged(Native Method)
	at javax.security.auth.Subject.doAs(Subject.java:422)
	at org.apache.hadoop.security.UserGroupInformation.doAs(UserGroupInformation.java:1730)
	at org.apache.hadoop.ipc.Server$Handler.run(Server.java:2682)
2019-09-26 13:34:05,875 [IPC Server handler 1 on 43124] WARN  block.BlockManagerImpl (BlockManagerImpl.java:allocateBlock(192)) - Pipeline creation failed for type:RATIS factor:THREE. Retrying get pipelines call once.
org.apache.hadoop.hdds.scm.exceptions.SCMException: Unable to find enough nodes that meet the criteria that cannot engage in more than 5 pipelines. Nodes required: 3 Found: 0, healthy nodes count inNodeManager: 3.
	at org.apache.hadoop.hdds.scm.pipeline.PipelinePlacementPolicy.filterViableNodes(PipelinePlacementPolicy.java:149)
	at org.apache.hadoop.hdds.scm.pipeline.PipelinePlacementPolicy.chooseDatanodes(PipelinePlacementPolicy.java:172)
	at org.apache.hadoop.hdds.scm.pipeline.RatisPipelineProvider.create(RatisPipelineProvider.java:93)
	at org.apache.hadoop.hdds.scm.pipeline.PipelineFactory.create(PipelineFactory.java:58)
	at org.apache.hadoop.hdds.scm.pipeline.SCMPipelineManager.createPipeline(SCMPipelineManager.java:155)
	at org.apache.hadoop.hdds.scm.block.BlockManagerImpl.allocateBlock(BlockManagerImpl.java:190)
	at org.apache.hadoop.hdds.scm.server.SCMBlockProtocolServer.allocateBlock(SCMBlockProtocolServer.java:182)
	at org.apache.hadoop.ozone.protocolPB.ScmBlockLocationProtocolServerSideTranslatorPB.allocateScmBlock(ScmBlockLocationProtocolServerSideTranslatorPB.java:183)
	at org.apache.hadoop.ozone.protocolPB.ScmBlockLocationProtocolServerSideTranslatorPB.processMessage(ScmBlockLocationProtocolServerSideTranslatorPB.java:141)
	at org.apache.hadoop.ozone.protocolPB.ScmBlockLocationProtocolServerSideTranslatorPB.send(ScmBlockLocationProtocolServerSideTranslatorPB.java:116)
	at org.apache.hadoop.hdds.protocol.proto.ScmBlockLocationProtocolProtos$ScmBlockLocationProtocolService$2.callBlockingMethod(ScmBlockLocationProtocolProtos.java:13157)
	at org.apache.hadoop.ipc.ProtobufRpcEngine$Server$ProtoBufRpcInvoker.call(ProtobufRpcEngine.java:524)
	at org.apache.hadoop.ipc.RPC$Server.call(RPC.java:1025)
	at org.apache.hadoop.ipc.Server$RpcCall.run(Server.java:876)
	at org.apache.hadoop.ipc.Server$RpcCall.run(Server.java:822)
	at java.security.AccessController.doPrivileged(Native Method)
	at javax.security.auth.Subject.doAs(Subject.java:422)
	at org.apache.hadoop.security.UserGroupInformation.doAs(UserGroupInformation.java:1730)
	at org.apache.hadoop.ipc.Server$Handler.run(Server.java:2682)
2019-09-26 13:34:05,875 [IPC Server handler 1 on 43124] INFO  block.BlockManagerImpl (BlockManagerImpl.java:allocateBlock(198)) - Could not find available pipeline of type:RATIS and factor:THREE even after retrying
2019-09-26 13:34:05,875 [IPC Server handler 1 on 43124] ERROR block.BlockManagerImpl (BlockManagerImpl.java:allocateBlock(222)) - Unable to allocate a block for the size: 4194304, type: RATIS, factor: THREE
2019-09-26 13:34:06,222 [pool-53-thread-3] ERROR freon.RandomKeyGenerator (RandomKeyGenerator.java:createKey(733)) - Exception while adding key: key-0-70850 in bucket: bucket-0-81553 of volume: vol-0-41850.
INTERNAL_ERROR org.apache.hadoop.ozone.om.exceptions.OMException: Allocated 0 blocks. Requested 5 blocks
	at org.apache.hadoop.ozone.om.protocolPB.OzoneManagerProtocolClientSideTranslatorPB.handleError(OzoneManagerProtocolClientSideTranslatorPB.java:732)
	at org.apache.hadoop.ozone.om.protocolPB.OzoneManagerProtocolClientSideTranslatorPB.openKey(OzoneManagerProtocolClientSideTranslatorPB.java:723)
	at sun.reflect.NativeMethodAccessorImpl.invoke0(Native Method)
	at sun.reflect.NativeMethodAccessorImpl.invoke(NativeMethodAccessorImpl.java:62)
	at sun.reflect.DelegatingMethodAccessorImpl.invoke(DelegatingMethodAccessorImpl.java:43)
	at java.lang.reflect.Method.invoke(Method.java:498)
	at org.apache.hadoop.hdds.tracing.TraceAllMethod.invoke(TraceAllMethod.java:66)
	at com.sun.proxy.$Proxy37.openKey(Unknown Source)
	at org.apache.hadoop.ozone.client.rpc.RpcClient.createKey(RpcClient.java:614)
	at org.apache.hadoop.ozone.client.OzoneBucket.createKey(OzoneBucket.java:325)
	at org.apache.hadoop.ozone.freon.RandomKeyGenerator.createKey(RandomKeyGenerator.java:695)
	at org.apache.hadoop.ozone.freon.RandomKeyGenerator.access$1100(RandomKeyGenerator.java:88)
	at org.apache.hadoop.ozone.freon.RandomKeyGenerator$ObjectCreator.run(RandomKeyGenerator.java:615)
	at java.util.concurrent.Executors$RunnableAdapter.call(Executors.java:511)
	at java.util.concurrent.FutureTask.run(FutureTask.java:266)
	at java.util.concurrent.ThreadPoolExecutor.runWorker(ThreadPoolExecutor.java:1149)
	at java.util.concurrent.ThreadPoolExecutor$Worker.run(ThreadPoolExecutor.java:624)
	at java.lang.Thread.run(Thread.java:748)
 0.00% |█                                                                                                    |  0/1 Time: 0:00:022019-09-26 13:34:06,858 [Thread-178] INFO  container.ReplicationManager (ReplicationManager.java:start(163)) - Starting Replication Monitor Thread.
2019-09-26 13:34:06,860 [ReplicationMonitor] INFO  container.ReplicationManager (ReplicationManager.java:run(226)) - Replication Monitor Thread took 1 milliseconds for processing 0 containers.
 0.00% |█                                                                                                    |  0/1 Time: 0:00:03 0.00% |█                                                                                                    |  0/1 Time: 0:00:04 100.00% |█████████████████████████████████████████████████████████████████████████████████████████████████████|  1/1 Time: 0:00:05
2019-09-26 13:34:09,675 [Thread-182] INFO  impl.FollowerState (FollowerState.java:run(106)) - a6cc820d-4c20-4116-9864-c0f90ea69363:group-CF7A8DAFB2E1 changes to CANDIDATE, lastRpcTime:5124, electionTimeout:5123ms
2019-09-26 13:34:09,679 [Thread-182] INFO  impl.RoleInfo (RoleInfo.java:shutdownFollowerState(121)) - a6cc820d-4c20-4116-9864-c0f90ea69363: shutdown FollowerState
2019-09-26 13:34:09,679 [Thread-182] INFO  impl.RaftServerImpl (RaftServerImpl.java:setRole(174)) - a6cc820d-4c20-4116-9864-c0f90ea69363@group-CF7A8DAFB2E1: changes role from  FOLLOWER to CANDIDATE at term 0 for changeToCandidate
2019-09-26 13:34:09,687 [Thread-182] INFO  impl.RoleInfo (RoleInfo.java:updateAndGet(143)) - a6cc820d-4c20-4116-9864-c0f90ea69363: start LeaderElection
2019-09-26 13:34:09,705 [a6cc820d-4c20-4116-9864-c0f90ea69363@group-CF7A8DAFB2E1:LeaderElection1] INFO  impl.LeaderElection (LeaderElection.java:askForVotes(182)) - a6cc820d-4c20-4116-9864-c0f90ea69363@group-CF7A8DAFB2E1:LeaderElection1: begin an election at term 1 for -1: [a6cc820d-4c20-4116-9864-c0f90ea69363:192.168.164.238:45777], old=null
2019-09-26 13:34:09,707 [a6cc820d-4c20-4116-9864-c0f90ea69363@group-CF7A8DAFB2E1:LeaderElection1] INFO  impl.RoleInfo (RoleInfo.java:shutdownLeaderElection(134)) - a6cc820d-4c20-4116-9864-c0f90ea69363: shutdown LeaderElection
2019-09-26 13:34:09,708 [a6cc820d-4c20-4116-9864-c0f90ea69363@group-CF7A8DAFB2E1:LeaderElection1] INFO  impl.RaftServerImpl (RaftServerImpl.java:setRole(174)) - a6cc820d-4c20-4116-9864-c0f90ea69363@group-CF7A8DAFB2E1: changes role from CANDIDATE to LEADER at term 1 for changeToLeader
2019-09-26 13:34:09,708 [a6cc820d-4c20-4116-9864-c0f90ea69363@group-CF7A8DAFB2E1:LeaderElection1] INFO  impl.RaftServerImpl (ServerState.java:setLeader(253)) - a6cc820d-4c20-4116-9864-c0f90ea69363@group-CF7A8DAFB2E1: change Leader from null to a6cc820d-4c20-4116-9864-c0f90ea69363 at term 1 for becomeLeader, leader elected after 5281ms
2019-09-26 13:34:09,717 [a6cc820d-4c20-4116-9864-c0f90ea69363@group-CF7A8DAFB2E1:LeaderElection1] INFO  server.RaftServerConfigKeys (ConfUtils.java:logGet(43)) - raft.server.staging.catchup.gap = 1000 (default)
2019-09-26 13:34:09,717 [a6cc820d-4c20-4116-9864-c0f90ea69363@group-CF7A8DAFB2E1:LeaderElection1] INFO  server.RaftServerConfigKeys (ConfUtils.java:logGet(43)) - raft.server.rpc.sleep.time = 25ms (default)
2019-09-26 13:34:09,722 [a6cc820d-4c20-4116-9864-c0f90ea69363@group-CF7A8DAFB2E1:LeaderElection1] INFO  server.RaftServerConfigKeys (ConfUtils.java:logGet(43)) - raft.server.write.element-limit = 4096 (default)
2019-09-26 13:34:09,725 [a6cc820d-4c20-4116-9864-c0f90ea69363@group-CF7A8DAFB2E1:LeaderElection1] INFO  server.RaftServerConfigKeys (ConfUtils.java:logGet(43)) - raft.server.watch.timeout = 10s (default)
2019-09-26 13:34:09,726 [a6cc820d-4c20-4116-9864-c0f90ea69363@group-CF7A8DAFB2E1:LeaderElection1] INFO  server.RaftServerConfigKeys (ConfUtils.java:logGet(43)) - raft.server.watch.timeout.denomination = 1s (default)
2019-09-26 13:34:09,727 [a6cc820d-4c20-4116-9864-c0f90ea69363@group-CF7A8DAFB2E1:LeaderElection1] INFO  server.RaftServerConfigKeys (ConfUtils.java:logGet(43)) - raft.server.watch.element-limit = 65536 (default)
2019-09-26 13:34:09,733 [Thread-189] INFO  impl.FollowerState (FollowerState.java:run(106)) - 225bd7ce-61cd-45a9-80d4-d38af20818a5:group-7CF41D7171C4 changes to CANDIDATE, lastRpcTime:5019, electionTimeout:5018ms
2019-09-26 13:34:09,735 [Thread-189] INFO  impl.RoleInfo (RoleInfo.java:shutdownFollowerState(121)) - 225bd7ce-61cd-45a9-80d4-d38af20818a5: shutdown FollowerState
2019-09-26 13:34:09,735 [Thread-189] INFO  impl.RaftServerImpl (RaftServerImpl.java:setRole(174)) - 225bd7ce-61cd-45a9-80d4-d38af20818a5@group-7CF41D7171C4: changes role from  FOLLOWER to CANDIDATE at term 0 for changeToCandidate
2019-09-26 13:34:09,735 [Thread-189] INFO  impl.RoleInfo (RoleInfo.java:updateAndGet(143)) - 225bd7ce-61cd-45a9-80d4-d38af20818a5: start LeaderElection
2019-09-26 13:34:09,748 [a6cc820d-4c20-4116-9864-c0f90ea69363@group-CF7A8DAFB2E1:LeaderElection1] INFO  impl.RoleInfo (RoleInfo.java:updateAndGet(143)) - a6cc820d-4c20-4116-9864-c0f90ea69363: start LeaderState
2019-09-26 13:34:09,753 [225bd7ce-61cd-45a9-80d4-d38af20818a5@group-7CF41D7171C4:LeaderElection2] INFO  impl.LeaderElection (LeaderElection.java:askForVotes(182)) - 225bd7ce-61cd-45a9-80d4-d38af20818a5@group-7CF41D7171C4:LeaderElection2: begin an election at term 1 for -1: [225bd7ce-61cd-45a9-80d4-d38af20818a5:192.168.164.238:41146], old=null
2019-09-26 13:34:09,758 [225bd7ce-61cd-45a9-80d4-d38af20818a5@group-7CF41D7171C4:LeaderElection2] INFO  impl.RoleInfo (RoleInfo.java:shutdownLeaderElection(134)) - 225bd7ce-61cd-45a9-80d4-d38af20818a5: shutdown LeaderElection
2019-09-26 13:34:09,758 [225bd7ce-61cd-45a9-80d4-d38af20818a5@group-7CF41D7171C4:LeaderElection2] INFO  impl.RaftServerImpl (RaftServerImpl.java:setRole(174)) - 225bd7ce-61cd-45a9-80d4-d38af20818a5@group-7CF41D7171C4: changes role from CANDIDATE to LEADER at term 1 for changeToLeader
2019-09-26 13:34:09,758 [225bd7ce-61cd-45a9-80d4-d38af20818a5@group-7CF41D7171C4:LeaderElection2] INFO  impl.RaftServerImpl (ServerState.java:setLeader(253)) - 225bd7ce-61cd-45a9-80d4-d38af20818a5@group-7CF41D7171C4: change Leader from null to 225bd7ce-61cd-45a9-80d4-d38af20818a5 at term 1 for becomeLeader, leader elected after 5059ms
2019-09-26 13:34:09,758 [225bd7ce-61cd-45a9-80d4-d38af20818a5@group-7CF41D7171C4:LeaderElection2] INFO  server.RaftServerConfigKeys (ConfUtils.java:logGet(43)) - raft.server.staging.catchup.gap = 1000 (default)
2019-09-26 13:34:09,758 [225bd7ce-61cd-45a9-80d4-d38af20818a5@group-7CF41D7171C4:LeaderElection2] INFO  server.RaftServerConfigKeys (ConfUtils.java:logGet(43)) - raft.server.rpc.sleep.time = 25ms (default)
2019-09-26 13:34:09,759 [225bd7ce-61cd-45a9-80d4-d38af20818a5@group-7CF41D7171C4:LeaderElection2] INFO  server.RaftServerConfigKeys (ConfUtils.java:logGet(43)) - raft.server.write.element-limit = 4096 (default)
2019-09-26 13:34:09,759 [225bd7ce-61cd-45a9-80d4-d38af20818a5@group-7CF41D7171C4:LeaderElection2] INFO  server.RaftServerConfigKeys (ConfUtils.java:logGet(43)) - raft.server.watch.timeout = 10s (default)
2019-09-26 13:34:09,759 [225bd7ce-61cd-45a9-80d4-d38af20818a5@group-7CF41D7171C4:LeaderElection2] INFO  server.RaftServerConfigKeys (ConfUtils.java:logGet(43)) - raft.server.watch.timeout.denomination = 1s (default)
2019-09-26 13:34:09,759 [225bd7ce-61cd-45a9-80d4-d38af20818a5@group-7CF41D7171C4:LeaderElection2] INFO  server.RaftServerConfigKeys (ConfUtils.java:logGet(43)) - raft.server.watch.element-limit = 65536 (default)
2019-09-26 13:34:09,763 [225bd7ce-61cd-45a9-80d4-d38af20818a5@group-7CF41D7171C4:LeaderElection2] INFO  impl.RoleInfo (RoleInfo.java:updateAndGet(143)) - 225bd7ce-61cd-45a9-80d4-d38af20818a5: start LeaderState
2019-09-26 13:34:09,782 [a6cc820d-4c20-4116-9864-c0f90ea69363@group-CF7A8DAFB2E1:LeaderElection1] INFO  segmented.SegmentedRaftLogWorker (SegmentedRaftLogWorker.java:startLogSegment(380)) - a6cc820d-4c20-4116-9864-c0f90ea69363@group-CF7A8DAFB2E1-SegmentedRaftLogWorker: Starting segment from index:0
2019-09-26 13:34:09,782 [225bd7ce-61cd-45a9-80d4-d38af20818a5@group-7CF41D7171C4:LeaderElection2] INFO  segmented.SegmentedRaftLogWorker (SegmentedRaftLogWorker.java:startLogSegment(380)) - 225bd7ce-61cd-45a9-80d4-d38af20818a5@group-7CF41D7171C4-SegmentedRaftLogWorker: Starting segment from index:0
2019-09-26 13:34:09,793 [225bd7ce-61cd-45a9-80d4-d38af20818a5@group-7CF41D7171C4:LeaderElection2] INFO  impl.RaftServerImpl (ServerState.java:setRaftConf(354)) - 225bd7ce-61cd-45a9-80d4-d38af20818a5@group-7CF41D7171C4: set configuration 0: [225bd7ce-61cd-45a9-80d4-d38af20818a5:192.168.164.238:41146], old=null at 0
2019-09-26 13:34:09,793 [a6cc820d-4c20-4116-9864-c0f90ea69363@group-CF7A8DAFB2E1:LeaderElection1] INFO  impl.RaftServerImpl (ServerState.java:setRaftConf(354)) - a6cc820d-4c20-4116-9864-c0f90ea69363@group-CF7A8DAFB2E1: set configuration 0: [a6cc820d-4c20-4116-9864-c0f90ea69363:192.168.164.238:45777], old=null at 0
2019-09-26 13:34:10,000 [225bd7ce-61cd-45a9-80d4-d38af20818a5@group-7CF41D7171C4-SegmentedRaftLogWorker] INFO  segmented.SegmentedRaftLogWorker (SegmentedRaftLogWorker.java:execute(569)) - 225bd7ce-61cd-45a9-80d4-d38af20818a5@group-7CF41D7171C4-SegmentedRaftLogWorker: created new log segment /workdir/hadoop-ozone/tools/target/test-dir/MiniOzoneClusterImpl-dc29704b-fdb8-4d9e-ab20-a88de5d9579b/datanode-2/data/ratis/1beeb09d-a6f8-4981-994e-7cf41d7171c4/current/log_inprogress_0
2019-09-26 13:34:10,000 [a6cc820d-4c20-4116-9864-c0f90ea69363@group-CF7A8DAFB2E1-SegmentedRaftLogWorker] INFO  segmented.SegmentedRaftLogWorker (SegmentedRaftLogWorker.java:execute(569)) - a6cc820d-4c20-4116-9864-c0f90ea69363@group-CF7A8DAFB2E1-SegmentedRaftLogWorker: created new log segment /workdir/hadoop-ozone/tools/target/test-dir/MiniOzoneClusterImpl-dc29704b-fdb8-4d9e-ab20-a88de5d9579b/datanode-0/data/ratis/65b8ec4a-d30f-4f77-b0e0-cf7a8dafb2e1/current/log_inprogress_0
2019-09-26 13:34:10,013 [Thread-192] INFO  impl.FollowerState (FollowerState.java:run(106)) - a6cc820d-4c20-4116-9864-c0f90ea69363:group-BF9900470043 changes to CANDIDATE, lastRpcTime:5189, electionTimeout:5189ms
2019-09-26 13:34:10,014 [Thread-192] INFO  impl.RoleInfo (RoleInfo.java:shutdownFollowerState(121)) - a6cc820d-4c20-4116-9864-c0f90ea69363: shutdown FollowerState
2019-09-26 13:34:10,014 [Thread-192] INFO  impl.RaftServerImpl (RaftServerImpl.java:setRole(174)) - a6cc820d-4c20-4116-9864-c0f90ea69363@group-BF9900470043: changes role from  FOLLOWER to CANDIDATE at term 0 for changeToCandidate
2019-09-26 13:34:10,014 [Thread-192] INFO  impl.RoleInfo (RoleInfo.java:updateAndGet(143)) - a6cc820d-4c20-4116-9864-c0f90ea69363: start LeaderElection
2019-09-26 13:34:10,031 [a6cc820d-4c20-4116-9864-c0f90ea69363@group-BF9900470043:LeaderElection3] INFO  impl.LeaderElection (LeaderElection.java:askForVotes(182)) - a6cc820d-4c20-4116-9864-c0f90ea69363@group-BF9900470043:LeaderElection3: begin an election at term 1 for -1: [a6cc820d-4c20-4116-9864-c0f90ea69363:192.168.164.238:45777], old=null
2019-09-26 13:34:10,033 [a6cc820d-4c20-4116-9864-c0f90ea69363@group-BF9900470043:LeaderElection3] INFO  impl.RoleInfo (RoleInfo.java:shutdownLeaderElection(134)) - a6cc820d-4c20-4116-9864-c0f90ea69363: shutdown LeaderElection
2019-09-26 13:34:10,033 [a6cc820d-4c20-4116-9864-c0f90ea69363@group-BF9900470043:LeaderElection3] INFO  impl.RaftServerImpl (RaftServerImpl.java:setRole(174)) - a6cc820d-4c20-4116-9864-c0f90ea69363@group-BF9900470043: changes role from CANDIDATE to LEADER at term 1 for changeToLeader
2019-09-26 13:34:10,033 [a6cc820d-4c20-4116-9864-c0f90ea69363@group-BF9900470043:LeaderElection3] INFO  impl.RaftServerImpl (ServerState.java:setLeader(253)) - a6cc820d-4c20-4116-9864-c0f90ea69363@group-BF9900470043: change Leader from null to a6cc820d-4c20-4116-9864-c0f90ea69363 at term 1 for becomeLeader, leader elected after 5237ms
2019-09-26 13:34:10,033 [a6cc820d-4c20-4116-9864-c0f90ea69363@group-BF9900470043:LeaderElection3] INFO  server.RaftServerConfigKeys (ConfUtils.java:logGet(43)) - raft.server.staging.catchup.gap = 1000 (default)
2019-09-26 13:34:10,033 [a6cc820d-4c20-4116-9864-c0f90ea69363@group-BF9900470043:LeaderElection3] INFO  server.RaftServerConfigKeys (ConfUtils.java:logGet(43)) - raft.server.rpc.sleep.time = 25ms (default)
2019-09-26 13:34:10,033 [a6cc820d-4c20-4116-9864-c0f90ea69363@group-BF9900470043:LeaderElection3] INFO  server.RaftServerConfigKeys (ConfUtils.java:logGet(43)) - raft.server.write.element-limit = 4096 (default)
2019-09-26 13:34:10,034 [a6cc820d-4c20-4116-9864-c0f90ea69363@group-BF9900470043:LeaderElection3] INFO  server.RaftServerConfigKeys (ConfUtils.java:logGet(43)) - raft.server.watch.timeout = 10s (default)
2019-09-26 13:34:10,034 [a6cc820d-4c20-4116-9864-c0f90ea69363@group-BF9900470043:LeaderElection3] INFO  server.RaftServerConfigKeys (ConfUtils.java:logGet(43)) - raft.server.watch.timeout.denomination = 1s (default)
2019-09-26 13:34:10,034 [a6cc820d-4c20-4116-9864-c0f90ea69363@group-BF9900470043:LeaderElection3] INFO  server.RaftServerConfigKeys (ConfUtils.java:logGet(43)) - raft.server.watch.element-limit = 65536 (default)
2019-09-26 13:34:10,036 [a6cc820d-4c20-4116-9864-c0f90ea69363@group-BF9900470043:LeaderElection3] INFO  impl.RoleInfo (RoleInfo.java:updateAndGet(143)) - a6cc820d-4c20-4116-9864-c0f90ea69363: start LeaderState
2019-09-26 13:34:10,037 [a6cc820d-4c20-4116-9864-c0f90ea69363@group-BF9900470043:LeaderElection3] INFO  segmented.SegmentedRaftLogWorker (SegmentedRaftLogWorker.java:startLogSegment(380)) - a6cc820d-4c20-4116-9864-c0f90ea69363@group-BF9900470043-SegmentedRaftLogWorker: Starting segment from index:0
2019-09-26 13:34:10,037 [a6cc820d-4c20-4116-9864-c0f90ea69363@group-BF9900470043:LeaderElection3] INFO  impl.RaftServerImpl (ServerState.java:setRaftConf(354)) - a6cc820d-4c20-4116-9864-c0f90ea69363@group-BF9900470043: set configuration 0: [a6cc820d-4c20-4116-9864-c0f90ea69363:192.168.164.238:45777], old=null at 0
2019-09-26 13:34:10,063 [Thread-195] INFO  impl.FollowerState (FollowerState.java:run(106)) - a6cc820d-4c20-4116-9864-c0f90ea69363:group-FC77AF626872 changes to CANDIDATE, lastRpcTime:5155, electionTimeout:5155ms
2019-09-26 13:34:10,063 [Thread-195] INFO  impl.RoleInfo (RoleInfo.java:shutdownFollowerState(121)) - a6cc820d-4c20-4116-9864-c0f90ea69363: shutdown FollowerState
2019-09-26 13:34:10,064 [Thread-195] INFO  impl.RaftServerImpl (RaftServerImpl.java:setRole(174)) - a6cc820d-4c20-4116-9864-c0f90ea69363@group-FC77AF626872: changes role from  FOLLOWER to CANDIDATE at term 0 for changeToCandidate
2019-09-26 13:34:10,064 [Thread-195] INFO  impl.RoleInfo (RoleInfo.java:updateAndGet(143)) - a6cc820d-4c20-4116-9864-c0f90ea69363: start LeaderElection
2019-09-26 13:34:10,066 [Thread-198] INFO  impl.FollowerState (FollowerState.java:run(106)) - a6cc820d-4c20-4116-9864-c0f90ea69363:group-713F11DD94EE changes to CANDIDATE, lastRpcTime:5085, electionTimeout:5084ms
2019-09-26 13:34:10,067 [Thread-198] INFO  impl.RoleInfo (RoleInfo.java:shutdownFollowerState(121)) - a6cc820d-4c20-4116-9864-c0f90ea69363: shutdown FollowerState
2019-09-26 13:34:10,067 [Thread-198] INFO  impl.RaftServerImpl (RaftServerImpl.java:setRole(174)) - a6cc820d-4c20-4116-9864-c0f90ea69363@group-713F11DD94EE: changes role from  FOLLOWER to CANDIDATE at term 0 for changeToCandidate
2019-09-26 13:34:10,067 [Thread-198] INFO  impl.RoleInfo (RoleInfo.java:updateAndGet(143)) - a6cc820d-4c20-4116-9864-c0f90ea69363: start LeaderElection
2019-09-26 13:34:10,071 [Thread-201] INFO  impl.FollowerState (FollowerState.java:run(106)) - a6cc820d-4c20-4116-9864-c0f90ea69363:group-2ACB5372BC9C changes to CANDIDATE, lastRpcTime:5017, electionTimeout:5017ms
2019-09-26 13:34:10,071 [Thread-201] INFO  impl.RoleInfo (RoleInfo.java:shutdownFollowerState(121)) - a6cc820d-4c20-4116-9864-c0f90ea69363: shutdown FollowerState
2019-09-26 13:34:10,072 [Thread-201] INFO  impl.RaftServerImpl (RaftServerImpl.java:setRole(174)) - a6cc820d-4c20-4116-9864-c0f90ea69363@group-2ACB5372BC9C: changes role from  FOLLOWER to CANDIDATE at term 0 for changeToCandidate
2019-09-26 13:34:10,072 [Thread-201] INFO  impl.RoleInfo (RoleInfo.java:updateAndGet(143)) - a6cc820d-4c20-4116-9864-c0f90ea69363: start LeaderElection
2019-09-26 13:34:10,075 [a6cc820d-4c20-4116-9864-c0f90ea69363@group-BF9900470043-SegmentedRaftLogWorker] INFO  segmented.SegmentedRaftLogWorker (SegmentedRaftLogWorker.java:execute(569)) - a6cc820d-4c20-4116-9864-c0f90ea69363@group-BF9900470043-SegmentedRaftLogWorker: created new log segment /workdir/hadoop-ozone/tools/target/test-dir/MiniOzoneClusterImpl-dc29704b-fdb8-4d9e-ab20-a88de5d9579b/datanode-0/data/ratis/daec9807-61df-40d2-a9d2-bf9900470043/current/log_inprogress_0
2019-09-26 13:34:10,075 [a6cc820d-4c20-4116-9864-c0f90ea69363@group-713F11DD94EE:LeaderElection5] INFO  impl.LeaderElection (LeaderElection.java:askForVotes(182)) - a6cc820d-4c20-4116-9864-c0f90ea69363@group-713F11DD94EE:LeaderElection5: begin an election at term 1 for -1: [a6cc820d-4c20-4116-9864-c0f90ea69363:192.168.164.238:45777], old=null
2019-09-26 13:34:10,075 [a6cc820d-4c20-4116-9864-c0f90ea69363@group-FC77AF626872:LeaderElection4] INFO  impl.LeaderElection (LeaderElection.java:askForVotes(182)) - a6cc820d-4c20-4116-9864-c0f90ea69363@group-FC77AF626872:LeaderElection4: begin an election at term 1 for -1: [a6cc820d-4c20-4116-9864-c0f90ea69363:192.168.164.238:45777], old=null
2019-09-26 13:34:10,075 [a6cc820d-4c20-4116-9864-c0f90ea69363@group-713F11DD94EE:LeaderElection5] INFO  impl.RoleInfo (RoleInfo.java:shutdownLeaderElection(134)) - a6cc820d-4c20-4116-9864-c0f90ea69363: shutdown LeaderElection
2019-09-26 13:34:10,076 [a6cc820d-4c20-4116-9864-c0f90ea69363@group-FC77AF626872:LeaderElection4] INFO  impl.RoleInfo (RoleInfo.java:shutdownLeaderElection(134)) - a6cc820d-4c20-4116-9864-c0f90ea69363: shutdown LeaderElection
2019-09-26 13:34:10,076 [a6cc820d-4c20-4116-9864-c0f90ea69363@group-713F11DD94EE:LeaderElection5] INFO  impl.RaftServerImpl (RaftServerImpl.java:setRole(174)) - a6cc820d-4c20-4116-9864-c0f90ea69363@group-713F11DD94EE: changes role from CANDIDATE to LEADER at term 1 for changeToLeader
2019-09-26 13:34:10,076 [a6cc820d-4c20-4116-9864-c0f90ea69363@group-FC77AF626872:LeaderElection4] INFO  impl.RaftServerImpl (RaftServerImpl.java:setRole(174)) - a6cc820d-4c20-4116-9864-c0f90ea69363@group-FC77AF626872: changes role from CANDIDATE to LEADER at term 1 for changeToLeader
2019-09-26 13:34:10,076 [a6cc820d-4c20-4116-9864-c0f90ea69363@group-713F11DD94EE:LeaderElection5] INFO  impl.RaftServerImpl (ServerState.java:setLeader(253)) - a6cc820d-4c20-4116-9864-c0f90ea69363@group-713F11DD94EE: change Leader from null to a6cc820d-4c20-4116-9864-c0f90ea69363 at term 1 for becomeLeader, leader elected after 5106ms
2019-09-26 13:34:10,076 [a6cc820d-4c20-4116-9864-c0f90ea69363@group-FC77AF626872:LeaderElection4] INFO  impl.RaftServerImpl (ServerState.java:setLeader(253)) - a6cc820d-4c20-4116-9864-c0f90ea69363@group-FC77AF626872: change Leader from null to a6cc820d-4c20-4116-9864-c0f90ea69363 at term 1 for becomeLeader, leader elected after 5179ms
2019-09-26 13:34:10,076 [a6cc820d-4c20-4116-9864-c0f90ea69363@group-713F11DD94EE:LeaderElection5] INFO  server.RaftServerConfigKeys (ConfUtils.java:logGet(43)) - raft.server.staging.catchup.gap = 1000 (default)
2019-09-26 13:34:10,076 [a6cc820d-4c20-4116-9864-c0f90ea69363@group-FC77AF626872:LeaderElection4] INFO  server.RaftServerConfigKeys (ConfUtils.java:logGet(43)) - raft.server.staging.catchup.gap = 1000 (default)
2019-09-26 13:34:10,076 [a6cc820d-4c20-4116-9864-c0f90ea69363@group-713F11DD94EE:LeaderElection5] INFO  server.RaftServerConfigKeys (ConfUtils.java:logGet(43)) - raft.server.rpc.sleep.time = 25ms (default)
2019-09-26 13:34:10,076 [a6cc820d-4c20-4116-9864-c0f90ea69363@group-FC77AF626872:LeaderElection4] INFO  server.RaftServerConfigKeys (ConfUtils.java:logGet(43)) - raft.server.rpc.sleep.time = 25ms (default)
2019-09-26 13:34:10,076 [a6cc820d-4c20-4116-9864-c0f90ea69363@group-713F11DD94EE:LeaderElection5] INFO  server.RaftServerConfigKeys (ConfUtils.java:logGet(43)) - raft.server.write.element-limit = 4096 (default)
2019-09-26 13:34:10,076 [a6cc820d-4c20-4116-9864-c0f90ea69363@group-FC77AF626872:LeaderElection4] INFO  server.RaftServerConfigKeys (ConfUtils.java:logGet(43)) - raft.server.write.element-limit = 4096 (default)
2019-09-26 13:34:10,076 [a6cc820d-4c20-4116-9864-c0f90ea69363@group-713F11DD94EE:LeaderElection5] INFO  server.RaftServerConfigKeys (ConfUtils.java:logGet(43)) - raft.server.watch.timeout = 10s (default)
2019-09-26 13:34:10,077 [a6cc820d-4c20-4116-9864-c0f90ea69363@group-FC77AF626872:LeaderElection4] INFO  server.RaftServerConfigKeys (ConfUtils.java:logGet(43)) - raft.server.watch.timeout = 10s (default)
2019-09-26 13:34:10,077 [a6cc820d-4c20-4116-9864-c0f90ea69363@group-713F11DD94EE:LeaderElection5] INFO  server.RaftServerConfigKeys (ConfUtils.java:logGet(43)) - raft.server.watch.timeout.denomination = 1s (default)
2019-09-26 13:34:10,077 [a6cc820d-4c20-4116-9864-c0f90ea69363@group-FC77AF626872:LeaderElection4] INFO  server.RaftServerConfigKeys (ConfUtils.java:logGet(43)) - raft.server.watch.timeout.denomination = 1s (default)
2019-09-26 13:34:10,077 [a6cc820d-4c20-4116-9864-c0f90ea69363@group-713F11DD94EE:LeaderElection5] INFO  server.RaftServerConfigKeys (ConfUtils.java:logGet(43)) - raft.server.watch.element-limit = 65536 (default)
2019-09-26 13:34:10,077 [a6cc820d-4c20-4116-9864-c0f90ea69363@group-FC77AF626872:LeaderElection4] INFO  server.RaftServerConfigKeys (ConfUtils.java:logGet(43)) - raft.server.watch.element-limit = 65536 (default)
2019-09-26 13:34:10,077 [a6cc820d-4c20-4116-9864-c0f90ea69363@group-2ACB5372BC9C:LeaderElection6] INFO  impl.LeaderElection (LeaderElection.java:askForVotes(182)) - a6cc820d-4c20-4116-9864-c0f90ea69363@group-2ACB5372BC9C:LeaderElection6: begin an election at term 1 for -1: [a6cc820d-4c20-4116-9864-c0f90ea69363:192.168.164.238:45777], old=null
2019-09-26 13:34:10,078 [a6cc820d-4c20-4116-9864-c0f90ea69363@group-2ACB5372BC9C:LeaderElection6] INFO  impl.RoleInfo (RoleInfo.java:shutdownLeaderElection(134)) - a6cc820d-4c20-4116-9864-c0f90ea69363: shutdown LeaderElection
2019-09-26 13:34:10,078 [a6cc820d-4c20-4116-9864-c0f90ea69363@group-2ACB5372BC9C:LeaderElection6] INFO  impl.RaftServerImpl (RaftServerImpl.java:setRole(174)) - a6cc820d-4c20-4116-9864-c0f90ea69363@group-2ACB5372BC9C: changes role from CANDIDATE to LEADER at term 1 for changeToLeader
2019-09-26 13:34:10,078 [a6cc820d-4c20-4116-9864-c0f90ea69363@group-2ACB5372BC9C:LeaderElection6] INFO  impl.RaftServerImpl (ServerState.java:setLeader(253)) - a6cc820d-4c20-4116-9864-c0f90ea69363@group-2ACB5372BC9C: change Leader from null to a6cc820d-4c20-4116-9864-c0f90ea69363 at term 1 for becomeLeader, leader elected after 5036ms
2019-09-26 13:34:10,078 [a6cc820d-4c20-4116-9864-c0f90ea69363@group-2ACB5372BC9C:LeaderElection6] INFO  server.RaftServerConfigKeys (ConfUtils.java:logGet(43)) - raft.server.staging.catchup.gap = 1000 (default)
2019-09-26 13:34:10,078 [a6cc820d-4c20-4116-9864-c0f90ea69363@group-2ACB5372BC9C:LeaderElection6] INFO  server.RaftServerConfigKeys (ConfUtils.java:logGet(43)) - raft.server.rpc.sleep.time = 25ms (default)
2019-09-26 13:34:10,078 [a6cc820d-4c20-4116-9864-c0f90ea69363@group-2ACB5372BC9C:LeaderElection6] INFO  server.RaftServerConfigKeys (ConfUtils.java:logGet(43)) - raft.server.write.element-limit = 4096 (default)
2019-09-26 13:34:10,079 [a6cc820d-4c20-4116-9864-c0f90ea69363@group-2ACB5372BC9C:LeaderElection6] INFO  server.RaftServerConfigKeys (ConfUtils.java:logGet(43)) - raft.server.watch.timeout = 10s (default)
2019-09-26 13:34:10,079 [a6cc820d-4c20-4116-9864-c0f90ea69363@group-2ACB5372BC9C:LeaderElection6] INFO  server.RaftServerConfigKeys (ConfUtils.java:logGet(43)) - raft.server.watch.timeout.denomination = 1s (default)
2019-09-26 13:34:10,079 [a6cc820d-4c20-4116-9864-c0f90ea69363@group-2ACB5372BC9C:LeaderElection6] INFO  server.RaftServerConfigKeys (ConfUtils.java:logGet(43)) - raft.server.watch.element-limit = 65536 (default)
2019-09-26 13:34:10,080 [a6cc820d-4c20-4116-9864-c0f90ea69363@group-713F11DD94EE:LeaderElection5] INFO  impl.RoleInfo (RoleInfo.java:updateAndGet(143)) - a6cc820d-4c20-4116-9864-c0f90ea69363: start LeaderState
2019-09-26 13:34:10,081 [a6cc820d-4c20-4116-9864-c0f90ea69363@group-713F11DD94EE:LeaderElection5] INFO  segmented.SegmentedRaftLogWorker (SegmentedRaftLogWorker.java:startLogSegment(380)) - a6cc820d-4c20-4116-9864-c0f90ea69363@group-713F11DD94EE-SegmentedRaftLogWorker: Starting segment from index:0
2019-09-26 13:34:10,081 [a6cc820d-4c20-4116-9864-c0f90ea69363@group-713F11DD94EE:LeaderElection5] INFO  impl.RaftServerImpl (ServerState.java:setRaftConf(354)) - a6cc820d-4c20-4116-9864-c0f90ea69363@group-713F11DD94EE: set configuration 0: [a6cc820d-4c20-4116-9864-c0f90ea69363:192.168.164.238:45777], old=null at 0
2019-09-26 13:34:10,106 [a6cc820d-4c20-4116-9864-c0f90ea69363@group-FC77AF626872:LeaderElection4] INFO  impl.RoleInfo (RoleInfo.java:updateAndGet(143)) - a6cc820d-4c20-4116-9864-c0f90ea69363: start LeaderState
2019-09-26 13:34:10,107 [a6cc820d-4c20-4116-9864-c0f90ea69363@group-FC77AF626872:LeaderElection4] INFO  segmented.SegmentedRaftLogWorker (SegmentedRaftLogWorker.java:startLogSegment(380)) - a6cc820d-4c20-4116-9864-c0f90ea69363@group-FC77AF626872-SegmentedRaftLogWorker: Starting segment from index:0
2019-09-26 13:34:10,107 [a6cc820d-4c20-4116-9864-c0f90ea69363@group-FC77AF626872:LeaderElection4] INFO  impl.RaftServerImpl (ServerState.java:setRaftConf(354)) - a6cc820d-4c20-4116-9864-c0f90ea69363@group-FC77AF626872: set configuration 0: [a6cc820d-4c20-4116-9864-c0f90ea69363:192.168.164.238:45777], old=null at 0
2019-09-26 13:34:10,133 [a6cc820d-4c20-4116-9864-c0f90ea69363@group-2ACB5372BC9C:LeaderElection6] INFO  impl.RoleInfo (RoleInfo.java:updateAndGet(143)) - a6cc820d-4c20-4116-9864-c0f90ea69363: start LeaderState
2019-09-26 13:34:10,133 [a6cc820d-4c20-4116-9864-c0f90ea69363@group-713F11DD94EE-SegmentedRaftLogWorker] INFO  segmented.SegmentedRaftLogWorker (SegmentedRaftLogWorker.java:execute(569)) - a6cc820d-4c20-4116-9864-c0f90ea69363@group-713F11DD94EE-SegmentedRaftLogWorker: created new log segment /workdir/hadoop-ozone/tools/target/test-dir/MiniOzoneClusterImpl-dc29704b-fdb8-4d9e-ab20-a88de5d9579b/datanode-0/data/ratis/6a16c6e7-58a9-4934-907d-713f11dd94ee/current/log_inprogress_0
2019-09-26 13:34:10,134 [a6cc820d-4c20-4116-9864-c0f90ea69363@group-2ACB5372BC9C:LeaderElection6] INFO  segmented.SegmentedRaftLogWorker (SegmentedRaftLogWorker.java:startLogSegment(380)) - a6cc820d-4c20-4116-9864-c0f90ea69363@group-2ACB5372BC9C-SegmentedRaftLogWorker: Starting segment from index:0
2019-09-26 13:34:10,134 [a6cc820d-4c20-4116-9864-c0f90ea69363@group-2ACB5372BC9C:LeaderElection6] INFO  impl.RaftServerImpl (ServerState.java:setRaftConf(354)) - a6cc820d-4c20-4116-9864-c0f90ea69363@group-2ACB5372BC9C: set configuration 0: [a6cc820d-4c20-4116-9864-c0f90ea69363:192.168.164.238:45777], old=null at 0
2019-09-26 13:34:10,159 [a6cc820d-4c20-4116-9864-c0f90ea69363@group-FC77AF626872-SegmentedRaftLogWorker] INFO  segmented.SegmentedRaftLogWorker (SegmentedRaftLogWorker.java:execute(569)) - a6cc820d-4c20-4116-9864-c0f90ea69363@group-FC77AF626872-SegmentedRaftLogWorker: created new log segment /workdir/hadoop-ozone/tools/target/test-dir/MiniOzoneClusterImpl-dc29704b-fdb8-4d9e-ab20-a88de5d9579b/datanode-0/data/ratis/2b304ea8-6a33-443a-9c24-fc77af626872/current/log_inprogress_0
2019-09-26 13:34:10,172 [a6cc820d-4c20-4116-9864-c0f90ea69363@group-2ACB5372BC9C-SegmentedRaftLogWorker] INFO  segmented.SegmentedRaftLogWorker (SegmentedRaftLogWorker.java:execute(569)) - a6cc820d-4c20-4116-9864-c0f90ea69363@group-2ACB5372BC9C-SegmentedRaftLogWorker: created new log segment /workdir/hadoop-ozone/tools/target/test-dir/MiniOzoneClusterImpl-dc29704b-fdb8-4d9e-ab20-a88de5d9579b/datanode-0/data/ratis/5ca3c16c-e44a-4b18-b5a1-2acb5372bc9c/current/log_inprogress_0
2019-09-26 13:34:10,232 [Thread-204] INFO  impl.FollowerState (FollowerState.java:run(106)) - a6cc820d-4c20-4116-9864-c0f90ea69363:group-4FC2795D56D7 changes to CANDIDATE, lastRpcTime:5104, electionTimeout:5104ms
2019-09-26 13:34:10,232 [Thread-204] INFO  impl.RoleInfo (RoleInfo.java:shutdownFollowerState(121)) - a6cc820d-4c20-4116-9864-c0f90ea69363: shutdown FollowerState
2019-09-26 13:34:10,232 [Thread-204] INFO  impl.RaftServerImpl (RaftServerImpl.java:setRole(174)) - a6cc820d-4c20-4116-9864-c0f90ea69363@group-4FC2795D56D7: changes role from  FOLLOWER to CANDIDATE at term 0 for changeToCandidate
2019-09-26 13:34:10,233 [Thread-204] INFO  impl.RoleInfo (RoleInfo.java:updateAndGet(143)) - a6cc820d-4c20-4116-9864-c0f90ea69363: start LeaderElection
2019-09-26 13:34:10,249 [a6cc820d-4c20-4116-9864-c0f90ea69363@group-4FC2795D56D7:LeaderElection7] INFO  impl.LeaderElection (LeaderElection.java:askForVotes(182)) - a6cc820d-4c20-4116-9864-c0f90ea69363@group-4FC2795D56D7:LeaderElection7: begin an election at term 1 for -1: [a6cc820d-4c20-4116-9864-c0f90ea69363:192.168.164.238:45777], old=null
2019-09-26 13:34:10,250 [a6cc820d-4c20-4116-9864-c0f90ea69363@group-4FC2795D56D7:LeaderElection7] INFO  impl.RoleInfo (RoleInfo.java:shutdownLeaderElection(134)) - a6cc820d-4c20-4116-9864-c0f90ea69363: shutdown LeaderElection
2019-09-26 13:34:10,250 [a6cc820d-4c20-4116-9864-c0f90ea69363@group-4FC2795D56D7:LeaderElection7] INFO  impl.RaftServerImpl (RaftServerImpl.java:setRole(174)) - a6cc820d-4c20-4116-9864-c0f90ea69363@group-4FC2795D56D7: changes role from CANDIDATE to LEADER at term 1 for changeToLeader
2019-09-26 13:34:10,250 [a6cc820d-4c20-4116-9864-c0f90ea69363@group-4FC2795D56D7:LeaderElection7] INFO  impl.RaftServerImpl (ServerState.java:setLeader(253)) - a6cc820d-4c20-4116-9864-c0f90ea69363@group-4FC2795D56D7: change Leader from null to a6cc820d-4c20-4116-9864-c0f90ea69363 at term 1 for becomeLeader, leader elected after 5130ms
2019-09-26 13:34:10,250 [a6cc820d-4c20-4116-9864-c0f90ea69363@group-4FC2795D56D7:LeaderElection7] INFO  server.RaftServerConfigKeys (ConfUtils.java:logGet(43)) - raft.server.staging.catchup.gap = 1000 (default)
2019-09-26 13:34:10,250 [a6cc820d-4c20-4116-9864-c0f90ea69363@group-4FC2795D56D7:LeaderElection7] INFO  server.RaftServerConfigKeys (ConfUtils.java:logGet(43)) - raft.server.rpc.sleep.time = 25ms (default)
2019-09-26 13:34:10,251 [a6cc820d-4c20-4116-9864-c0f90ea69363@group-4FC2795D56D7:LeaderElection7] INFO  server.RaftServerConfigKeys (ConfUtils.java:logGet(43)) - raft.server.write.element-limit = 4096 (default)
2019-09-26 13:34:10,251 [a6cc820d-4c20-4116-9864-c0f90ea69363@group-4FC2795D56D7:LeaderElection7] INFO  server.RaftServerConfigKeys (ConfUtils.java:logGet(43)) - raft.server.watch.timeout = 10s (default)
2019-09-26 13:34:10,251 [a6cc820d-4c20-4116-9864-c0f90ea69363@group-4FC2795D56D7:LeaderElection7] INFO  server.RaftServerConfigKeys (ConfUtils.java:logGet(43)) - raft.server.watch.timeout.denomination = 1s (default)
2019-09-26 13:34:10,251 [a6cc820d-4c20-4116-9864-c0f90ea69363@group-4FC2795D56D7:LeaderElection7] INFO  server.RaftServerConfigKeys (ConfUtils.java:logGet(43)) - raft.server.watch.element-limit = 65536 (default)
2019-09-26 13:34:10,255 [a6cc820d-4c20-4116-9864-c0f90ea69363@group-4FC2795D56D7:LeaderElection7] INFO  impl.RoleInfo (RoleInfo.java:updateAndGet(143)) - a6cc820d-4c20-4116-9864-c0f90ea69363: start LeaderState
2019-09-26 13:34:10,256 [a6cc820d-4c20-4116-9864-c0f90ea69363@group-4FC2795D56D7:LeaderElection7] INFO  segmented.SegmentedRaftLogWorker (SegmentedRaftLogWorker.java:startLogSegment(380)) - a6cc820d-4c20-4116-9864-c0f90ea69363@group-4FC2795D56D7-SegmentedRaftLogWorker: Starting segment from index:0
2019-09-26 13:34:10,256 [a6cc820d-4c20-4116-9864-c0f90ea69363@group-4FC2795D56D7:LeaderElection7] INFO  impl.RaftServerImpl (ServerState.java:setRaftConf(354)) - a6cc820d-4c20-4116-9864-c0f90ea69363@group-4FC2795D56D7: set configuration 0: [a6cc820d-4c20-4116-9864-c0f90ea69363:192.168.164.238:45777], old=null at 0
2019-09-26 13:34:10,285 [Thread-210] INFO  impl.FollowerState (FollowerState.java:run(106)) - e87194ae-6196-464a-8fce-fc61cfb56335:group-8932E6710BCD changes to CANDIDATE, lastRpcTime:5030, electionTimeout:5015ms
2019-09-26 13:34:10,285 [Thread-210] INFO  impl.RoleInfo (RoleInfo.java:shutdownFollowerState(121)) - e87194ae-6196-464a-8fce-fc61cfb56335: shutdown FollowerState
2019-09-26 13:34:10,285 [Thread-210] INFO  impl.RaftServerImpl (RaftServerImpl.java:setRole(174)) - e87194ae-6196-464a-8fce-fc61cfb56335@group-8932E6710BCD: changes role from  FOLLOWER to CANDIDATE at term 0 for changeToCandidate
2019-09-26 13:34:10,286 [Thread-210] INFO  impl.RoleInfo (RoleInfo.java:updateAndGet(143)) - e87194ae-6196-464a-8fce-fc61cfb56335: start LeaderElection
2019-09-26 13:34:10,298 [a6cc820d-4c20-4116-9864-c0f90ea69363@group-4FC2795D56D7-SegmentedRaftLogWorker] INFO  segmented.SegmentedRaftLogWorker (SegmentedRaftLogWorker.java:execute(569)) - a6cc820d-4c20-4116-9864-c0f90ea69363@group-4FC2795D56D7-SegmentedRaftLogWorker: created new log segment /workdir/hadoop-ozone/tools/target/test-dir/MiniOzoneClusterImpl-dc29704b-fdb8-4d9e-ab20-a88de5d9579b/datanode-0/data/ratis/ce27c51e-6ef4-4298-a34c-4fc2795d56d7/current/log_inprogress_0
2019-09-26 13:34:10,298 [e87194ae-6196-464a-8fce-fc61cfb56335@group-8932E6710BCD:LeaderElection8] INFO  impl.LeaderElection (LeaderElection.java:askForVotes(182)) - e87194ae-6196-464a-8fce-fc61cfb56335@group-8932E6710BCD:LeaderElection8: begin an election at term 1 for -1: [e87194ae-6196-464a-8fce-fc61cfb56335:192.168.164.238:37233], old=null
2019-09-26 13:34:10,298 [e87194ae-6196-464a-8fce-fc61cfb56335@group-8932E6710BCD:LeaderElection8] INFO  impl.RoleInfo (RoleInfo.java:shutdownLeaderElection(134)) - e87194ae-6196-464a-8fce-fc61cfb56335: shutdown LeaderElection
2019-09-26 13:34:10,299 [e87194ae-6196-464a-8fce-fc61cfb56335@group-8932E6710BCD:LeaderElection8] INFO  impl.RaftServerImpl (RaftServerImpl.java:setRole(174)) - e87194ae-6196-464a-8fce-fc61cfb56335@group-8932E6710BCD: changes role from CANDIDATE to LEADER at term 1 for changeToLeader
2019-09-26 13:34:10,299 [e87194ae-6196-464a-8fce-fc61cfb56335@group-8932E6710BCD:LeaderElection8] INFO  impl.RaftServerImpl (ServerState.java:setLeader(253)) - e87194ae-6196-464a-8fce-fc61cfb56335@group-8932E6710BCD: change Leader from null to e87194ae-6196-464a-8fce-fc61cfb56335 at term 1 for becomeLeader, leader elected after 5051ms
2019-09-26 13:34:10,299 [e87194ae-6196-464a-8fce-fc61cfb56335@group-8932E6710BCD:LeaderElection8] INFO  server.RaftServerConfigKeys (ConfUtils.java:logGet(43)) - raft.server.staging.catchup.gap = 1000 (default)
2019-09-26 13:34:10,299 [e87194ae-6196-464a-8fce-fc61cfb56335@group-8932E6710BCD:LeaderElection8] INFO  server.RaftServerConfigKeys (ConfUtils.java:logGet(43)) - raft.server.rpc.sleep.time = 25ms (default)
2019-09-26 13:34:10,299 [e87194ae-6196-464a-8fce-fc61cfb56335@group-8932E6710BCD:LeaderElection8] INFO  server.RaftServerConfigKeys (ConfUtils.java:logGet(43)) - raft.server.write.element-limit = 4096 (default)
2019-09-26 13:34:10,299 [e87194ae-6196-464a-8fce-fc61cfb56335@group-8932E6710BCD:LeaderElection8] INFO  server.RaftServerConfigKeys (ConfUtils.java:logGet(43)) - raft.server.watch.timeout = 10s (default)
2019-09-26 13:34:10,299 [e87194ae-6196-464a-8fce-fc61cfb56335@group-8932E6710BCD:LeaderElection8] INFO  server.RaftServerConfigKeys (ConfUtils.java:logGet(43)) - raft.server.watch.timeout.denomination = 1s (default)
2019-09-26 13:34:10,300 [e87194ae-6196-464a-8fce-fc61cfb56335@group-8932E6710BCD:LeaderElection8] INFO  server.RaftServerConfigKeys (ConfUtils.java:logGet(43)) - raft.server.watch.element-limit = 65536 (default)
2019-09-26 13:34:10,302 [e87194ae-6196-464a-8fce-fc61cfb56335@group-8932E6710BCD:LeaderElection8] INFO  impl.RoleInfo (RoleInfo.java:updateAndGet(143)) - e87194ae-6196-464a-8fce-fc61cfb56335: start LeaderState
2019-09-26 13:34:10,302 [e87194ae-6196-464a-8fce-fc61cfb56335@group-8932E6710BCD:LeaderElection8] INFO  segmented.SegmentedRaftLogWorker (SegmentedRaftLogWorker.java:startLogSegment(380)) - e87194ae-6196-464a-8fce-fc61cfb56335@group-8932E6710BCD-SegmentedRaftLogWorker: Starting segment from index:0
2019-09-26 13:34:10,303 [e87194ae-6196-464a-8fce-fc61cfb56335@group-8932E6710BCD:LeaderElection8] INFO  impl.RaftServerImpl (ServerState.java:setRaftConf(354)) - e87194ae-6196-464a-8fce-fc61cfb56335@group-8932E6710BCD: set configuration 0: [e87194ae-6196-464a-8fce-fc61cfb56335:192.168.164.238:37233], old=null at 0
2019-09-26 13:34:10,336 [Thread-207] INFO  impl.FollowerState (FollowerState.java:run(106)) - e87194ae-6196-464a-8fce-fc61cfb56335:group-8F048AD47B6D changes to CANDIDATE, lastRpcTime:5138, electionTimeout:5124ms
2019-09-26 13:34:10,336 [Thread-207] INFO  impl.RoleInfo (RoleInfo.java:shutdownFollowerState(121)) - e87194ae-6196-464a-8fce-fc61cfb56335: shutdown FollowerState
2019-09-26 13:34:10,336 [Thread-207] INFO  impl.RaftServerImpl (RaftServerImpl.java:setRole(174)) - e87194ae-6196-464a-8fce-fc61cfb56335@group-8F048AD47B6D: changes role from  FOLLOWER to CANDIDATE at term 0 for changeToCandidate
2019-09-26 13:34:10,336 [Thread-207] INFO  impl.RoleInfo (RoleInfo.java:updateAndGet(143)) - e87194ae-6196-464a-8fce-fc61cfb56335: start LeaderElection
2019-09-26 13:34:10,349 [e87194ae-6196-464a-8fce-fc61cfb56335@group-8932E6710BCD-SegmentedRaftLogWorker] INFO  segmented.SegmentedRaftLogWorker (SegmentedRaftLogWorker.java:execute(569)) - e87194ae-6196-464a-8fce-fc61cfb56335@group-8932E6710BCD-SegmentedRaftLogWorker: created new log segment /workdir/hadoop-ozone/tools/target/test-dir/MiniOzoneClusterImpl-dc29704b-fdb8-4d9e-ab20-a88de5d9579b/datanode-1/data/ratis/cea1da08-8035-45cb-a63e-8932e6710bcd/current/log_inprogress_0
2019-09-26 13:34:10,349 [e87194ae-6196-464a-8fce-fc61cfb56335@group-8F048AD47B6D:LeaderElection9] INFO  impl.LeaderElection (LeaderElection.java:askForVotes(182)) - e87194ae-6196-464a-8fce-fc61cfb56335@group-8F048AD47B6D:LeaderElection9: begin an election at term 1 for -1: [e87194ae-6196-464a-8fce-fc61cfb56335:192.168.164.238:37233], old=null
2019-09-26 13:34:10,349 [e87194ae-6196-464a-8fce-fc61cfb56335@group-8F048AD47B6D:LeaderElection9] INFO  impl.RoleInfo (RoleInfo.java:shutdownLeaderElection(134)) - e87194ae-6196-464a-8fce-fc61cfb56335: shutdown LeaderElection
2019-09-26 13:34:10,349 [e87194ae-6196-464a-8fce-fc61cfb56335@group-8F048AD47B6D:LeaderElection9] INFO  impl.RaftServerImpl (RaftServerImpl.java:setRole(174)) - e87194ae-6196-464a-8fce-fc61cfb56335@group-8F048AD47B6D: changes role from CANDIDATE to LEADER at term 1 for changeToLeader
2019-09-26 13:34:10,349 [e87194ae-6196-464a-8fce-fc61cfb56335@group-8F048AD47B6D:LeaderElection9] INFO  impl.RaftServerImpl (ServerState.java:setLeader(253)) - e87194ae-6196-464a-8fce-fc61cfb56335@group-8F048AD47B6D: change Leader from null to e87194ae-6196-464a-8fce-fc61cfb56335 at term 1 for becomeLeader, leader elected after 5162ms
2019-09-26 13:34:10,350 [e87194ae-6196-464a-8fce-fc61cfb56335@group-8F048AD47B6D:LeaderElection9] INFO  server.RaftServerConfigKeys (ConfUtils.java:logGet(43)) - raft.server.staging.catchup.gap = 1000 (default)
2019-09-26 13:34:10,350 [e87194ae-6196-464a-8fce-fc61cfb56335@group-8F048AD47B6D:LeaderElection9] INFO  server.RaftServerConfigKeys (ConfUtils.java:logGet(43)) - raft.server.rpc.sleep.time = 25ms (default)
2019-09-26 13:34:10,350 [e87194ae-6196-464a-8fce-fc61cfb56335@group-8F048AD47B6D:LeaderElection9] INFO  server.RaftServerConfigKeys (ConfUtils.java:logGet(43)) - raft.server.write.element-limit = 4096 (default)
2019-09-26 13:34:10,350 [e87194ae-6196-464a-8fce-fc61cfb56335@group-8F048AD47B6D:LeaderElection9] INFO  server.RaftServerConfigKeys (ConfUtils.java:logGet(43)) - raft.server.watch.timeout = 10s (default)
2019-09-26 13:34:10,350 [e87194ae-6196-464a-8fce-fc61cfb56335@group-8F048AD47B6D:LeaderElection9] INFO  server.RaftServerConfigKeys (ConfUtils.java:logGet(43)) - raft.server.watch.timeout.denomination = 1s (default)
2019-09-26 13:34:10,351 [e87194ae-6196-464a-8fce-fc61cfb56335@group-8F048AD47B6D:LeaderElection9] INFO  server.RaftServerConfigKeys (ConfUtils.java:logGet(43)) - raft.server.watch.element-limit = 65536 (default)
2019-09-26 13:34:10,352 [e87194ae-6196-464a-8fce-fc61cfb56335@group-8F048AD47B6D:LeaderElection9] INFO  impl.RoleInfo (RoleInfo.java:updateAndGet(143)) - e87194ae-6196-464a-8fce-fc61cfb56335: start LeaderState
2019-09-26 13:34:10,352 [e87194ae-6196-464a-8fce-fc61cfb56335@group-8F048AD47B6D:LeaderElection9] INFO  segmented.SegmentedRaftLogWorker (SegmentedRaftLogWorker.java:startLogSegment(380)) - e87194ae-6196-464a-8fce-fc61cfb56335@group-8F048AD47B6D-SegmentedRaftLogWorker: Starting segment from index:0
2019-09-26 13:34:10,353 [e87194ae-6196-464a-8fce-fc61cfb56335@group-8F048AD47B6D:LeaderElection9] INFO  impl.RaftServerImpl (ServerState.java:setRaftConf(354)) - e87194ae-6196-464a-8fce-fc61cfb56335@group-8F048AD47B6D: set configuration 0: [e87194ae-6196-464a-8fce-fc61cfb56335:192.168.164.238:37233], old=null at 0
2019-09-26 13:34:10,382 [Thread-213] INFO  impl.FollowerState (FollowerState.java:run(106)) - 225bd7ce-61cd-45a9-80d4-d38af20818a5:group-A538A747B400 changes to CANDIDATE, lastRpcTime:5068, electionTimeout:5047ms
2019-09-26 13:34:10,383 [Thread-213] INFO  impl.RoleInfo (RoleInfo.java:shutdownFollowerState(121)) - 225bd7ce-61cd-45a9-80d4-d38af20818a5: shutdown FollowerState
2019-09-26 13:34:10,383 [Thread-216] INFO  impl.FollowerState (FollowerState.java:run(106)) - e87194ae-6196-464a-8fce-fc61cfb56335:group-5E5F6545F35A changes to CANDIDATE, lastRpcTime:5009, electionTimeout:5009ms
2019-09-26 13:34:10,383 [Thread-213] INFO  impl.RaftServerImpl (RaftServerImpl.java:setRole(174)) - 225bd7ce-61cd-45a9-80d4-d38af20818a5@group-A538A747B400: changes role from  FOLLOWER to CANDIDATE at term 0 for changeToCandidate
2019-09-26 13:34:10,383 [Thread-216] INFO  impl.RoleInfo (RoleInfo.java:shutdownFollowerState(121)) - e87194ae-6196-464a-8fce-fc61cfb56335: shutdown FollowerState
2019-09-26 13:34:10,383 [Thread-213] INFO  impl.RoleInfo (RoleInfo.java:updateAndGet(143)) - 225bd7ce-61cd-45a9-80d4-d38af20818a5: start LeaderElection
2019-09-26 13:34:10,383 [Thread-216] INFO  impl.RaftServerImpl (RaftServerImpl.java:setRole(174)) - e87194ae-6196-464a-8fce-fc61cfb56335@group-5E5F6545F35A: changes role from  FOLLOWER to CANDIDATE at term 0 for changeToCandidate
2019-09-26 13:34:10,384 [Thread-216] INFO  impl.RoleInfo (RoleInfo.java:updateAndGet(143)) - e87194ae-6196-464a-8fce-fc61cfb56335: start LeaderElection
2019-09-26 13:34:10,395 [e87194ae-6196-464a-8fce-fc61cfb56335@group-8F048AD47B6D-SegmentedRaftLogWorker] INFO  segmented.SegmentedRaftLogWorker (SegmentedRaftLogWorker.java:execute(569)) - e87194ae-6196-464a-8fce-fc61cfb56335@group-8F048AD47B6D-SegmentedRaftLogWorker: created new log segment /workdir/hadoop-ozone/tools/target/test-dir/MiniOzoneClusterImpl-dc29704b-fdb8-4d9e-ab20-a88de5d9579b/datanode-1/data/ratis/9972b17d-93c2-4a56-95a4-8f048ad47b6d/current/log_inprogress_0
2019-09-26 13:34:10,395 [e87194ae-6196-464a-8fce-fc61cfb56335@group-5E5F6545F35A:LeaderElection11] INFO  impl.LeaderElection (LeaderElection.java:askForVotes(182)) - e87194ae-6196-464a-8fce-fc61cfb56335@group-5E5F6545F35A:LeaderElection11: begin an election at term 1 for -1: [e87194ae-6196-464a-8fce-fc61cfb56335:192.168.164.238:37233], old=null
2019-09-26 13:34:10,395 [225bd7ce-61cd-45a9-80d4-d38af20818a5@group-A538A747B400:LeaderElection10] INFO  impl.LeaderElection (LeaderElection.java:askForVotes(182)) - 225bd7ce-61cd-45a9-80d4-d38af20818a5@group-A538A747B400:LeaderElection10: begin an election at term 1 for -1: [225bd7ce-61cd-45a9-80d4-d38af20818a5:192.168.164.238:41146], old=null
2019-09-26 13:34:10,395 [e87194ae-6196-464a-8fce-fc61cfb56335@group-5E5F6545F35A:LeaderElection11] INFO  impl.RoleInfo (RoleInfo.java:shutdownLeaderElection(134)) - e87194ae-6196-464a-8fce-fc61cfb56335: shutdown LeaderElection
2019-09-26 13:34:10,395 [225bd7ce-61cd-45a9-80d4-d38af20818a5@group-A538A747B400:LeaderElection10] INFO  impl.RoleInfo (RoleInfo.java:shutdownLeaderElection(134)) - 225bd7ce-61cd-45a9-80d4-d38af20818a5: shutdown LeaderElection
2019-09-26 13:34:10,395 [e87194ae-6196-464a-8fce-fc61cfb56335@group-5E5F6545F35A:LeaderElection11] INFO  impl.RaftServerImpl (RaftServerImpl.java:setRole(174)) - e87194ae-6196-464a-8fce-fc61cfb56335@group-5E5F6545F35A: changes role from CANDIDATE to LEADER at term 1 for changeToLeader
2019-09-26 13:34:10,396 [225bd7ce-61cd-45a9-80d4-d38af20818a5@group-A538A747B400:LeaderElection10] INFO  impl.RaftServerImpl (RaftServerImpl.java:setRole(174)) - 225bd7ce-61cd-45a9-80d4-d38af20818a5@group-A538A747B400: changes role from CANDIDATE to LEADER at term 1 for changeToLeader
2019-09-26 13:34:10,396 [e87194ae-6196-464a-8fce-fc61cfb56335@group-5E5F6545F35A:LeaderElection11] INFO  impl.RaftServerImpl (ServerState.java:setLeader(253)) - e87194ae-6196-464a-8fce-fc61cfb56335@group-5E5F6545F35A: change Leader from null to e87194ae-6196-464a-8fce-fc61cfb56335 at term 1 for becomeLeader, leader elected after 5028ms
2019-09-26 13:34:10,396 [225bd7ce-61cd-45a9-80d4-d38af20818a5@group-A538A747B400:LeaderElection10] INFO  impl.RaftServerImpl (ServerState.java:setLeader(253)) - 225bd7ce-61cd-45a9-80d4-d38af20818a5@group-A538A747B400: change Leader from null to 225bd7ce-61cd-45a9-80d4-d38af20818a5 at term 1 for becomeLeader, leader elected after 5089ms
2019-09-26 13:34:10,396 [e87194ae-6196-464a-8fce-fc61cfb56335@group-5E5F6545F35A:LeaderElection11] INFO  server.RaftServerConfigKeys (ConfUtils.java:logGet(43)) - raft.server.staging.catchup.gap = 1000 (default)
2019-09-26 13:34:10,396 [225bd7ce-61cd-45a9-80d4-d38af20818a5@group-A538A747B400:LeaderElection10] INFO  server.RaftServerConfigKeys (ConfUtils.java:logGet(43)) - raft.server.staging.catchup.gap = 1000 (default)
2019-09-26 13:34:10,396 [e87194ae-6196-464a-8fce-fc61cfb56335@group-5E5F6545F35A:LeaderElection11] INFO  server.RaftServerConfigKeys (ConfUtils.java:logGet(43)) - raft.server.rpc.sleep.time = 25ms (default)
2019-09-26 13:34:10,396 [225bd7ce-61cd-45a9-80d4-d38af20818a5@group-A538A747B400:LeaderElection10] INFO  server.RaftServerConfigKeys (ConfUtils.java:logGet(43)) - raft.server.rpc.sleep.time = 25ms (default)
2019-09-26 13:34:10,396 [e87194ae-6196-464a-8fce-fc61cfb56335@group-5E5F6545F35A:LeaderElection11] INFO  server.RaftServerConfigKeys (ConfUtils.java:logGet(43)) - raft.server.write.element-limit = 4096 (default)
2019-09-26 13:34:10,397 [225bd7ce-61cd-45a9-80d4-d38af20818a5@group-A538A747B400:LeaderElection10] INFO  server.RaftServerConfigKeys (ConfUtils.java:logGet(43)) - raft.server.write.element-limit = 4096 (default)
2019-09-26 13:34:10,397 [e87194ae-6196-464a-8fce-fc61cfb56335@group-5E5F6545F35A:LeaderElection11] INFO  server.RaftServerConfigKeys (ConfUtils.java:logGet(43)) - raft.server.watch.timeout = 10s (default)
2019-09-26 13:34:10,397 [225bd7ce-61cd-45a9-80d4-d38af20818a5@group-A538A747B400:LeaderElection10] INFO  server.RaftServerConfigKeys (ConfUtils.java:logGet(43)) - raft.server.watch.timeout = 10s (default)
2019-09-26 13:34:10,397 [e87194ae-6196-464a-8fce-fc61cfb56335@group-5E5F6545F35A:LeaderElection11] INFO  server.RaftServerConfigKeys (ConfUtils.java:logGet(43)) - raft.server.watch.timeout.denomination = 1s (default)
2019-09-26 13:34:10,397 [225bd7ce-61cd-45a9-80d4-d38af20818a5@group-A538A747B400:LeaderElection10] INFO  server.RaftServerConfigKeys (ConfUtils.java:logGet(43)) - raft.server.watch.timeout.denomination = 1s (default)
2019-09-26 13:34:10,397 [e87194ae-6196-464a-8fce-fc61cfb56335@group-5E5F6545F35A:LeaderElection11] INFO  server.RaftServerConfigKeys (ConfUtils.java:logGet(43)) - raft.server.watch.element-limit = 65536 (default)
2019-09-26 13:34:10,397 [225bd7ce-61cd-45a9-80d4-d38af20818a5@group-A538A747B400:LeaderElection10] INFO  server.RaftServerConfigKeys (ConfUtils.java:logGet(43)) - raft.server.watch.element-limit = 65536 (default)
2019-09-26 13:34:10,399 [e87194ae-6196-464a-8fce-fc61cfb56335@group-5E5F6545F35A:LeaderElection11] INFO  impl.RoleInfo (RoleInfo.java:updateAndGet(143)) - e87194ae-6196-464a-8fce-fc61cfb56335: start LeaderState
2019-09-26 13:34:10,400 [e87194ae-6196-464a-8fce-fc61cfb56335@group-5E5F6545F35A:LeaderElection11] INFO  segmented.SegmentedRaftLogWorker (SegmentedRaftLogWorker.java:startLogSegment(380)) - e87194ae-6196-464a-8fce-fc61cfb56335@group-5E5F6545F35A-SegmentedRaftLogWorker: Starting segment from index:0
2019-09-26 13:34:10,400 [e87194ae-6196-464a-8fce-fc61cfb56335@group-5E5F6545F35A:LeaderElection11] INFO  impl.RaftServerImpl (ServerState.java:setRaftConf(354)) - e87194ae-6196-464a-8fce-fc61cfb56335@group-5E5F6545F35A: set configuration 0: [e87194ae-6196-464a-8fce-fc61cfb56335:192.168.164.238:37233], old=null at 0
2019-09-26 13:34:10,429 [225bd7ce-61cd-45a9-80d4-d38af20818a5@group-A538A747B400:LeaderElection10] INFO  impl.RoleInfo (RoleInfo.java:updateAndGet(143)) - 225bd7ce-61cd-45a9-80d4-d38af20818a5: start LeaderState
2019-09-26 13:34:10,429 [225bd7ce-61cd-45a9-80d4-d38af20818a5@group-A538A747B400:LeaderElection10] INFO  segmented.SegmentedRaftLogWorker (SegmentedRaftLogWorker.java:startLogSegment(380)) - 225bd7ce-61cd-45a9-80d4-d38af20818a5@group-A538A747B400-SegmentedRaftLogWorker: Starting segment from index:0
2019-09-26 13:34:10,430 [225bd7ce-61cd-45a9-80d4-d38af20818a5@group-A538A747B400:LeaderElection10] INFO  impl.RaftServerImpl (ServerState.java:setRaftConf(354)) - 225bd7ce-61cd-45a9-80d4-d38af20818a5@group-A538A747B400: set configuration 0: [225bd7ce-61cd-45a9-80d4-d38af20818a5:192.168.164.238:41146], old=null at 0
2019-09-26 13:34:10,462 [e87194ae-6196-464a-8fce-fc61cfb56335@group-5E5F6545F35A-SegmentedRaftLogWorker] INFO  segmented.SegmentedRaftLogWorker (SegmentedRaftLogWorker.java:execute(569)) - e87194ae-6196-464a-8fce-fc61cfb56335@group-5E5F6545F35A-SegmentedRaftLogWorker: created new log segment /workdir/hadoop-ozone/tools/target/test-dir/MiniOzoneClusterImpl-dc29704b-fdb8-4d9e-ab20-a88de5d9579b/datanode-1/data/ratis/d763b598-91a4-49fb-85d1-5e5f6545f35a/current/log_inprogress_0
2019-09-26 13:34:10,475 [225bd7ce-61cd-45a9-80d4-d38af20818a5@group-A538A747B400-SegmentedRaftLogWorker] INFO  segmented.SegmentedRaftLogWorker (SegmentedRaftLogWorker.java:execute(569)) - 225bd7ce-61cd-45a9-80d4-d38af20818a5@group-A538A747B400-SegmentedRaftLogWorker: created new log segment /workdir/hadoop-ozone/tools/target/test-dir/MiniOzoneClusterImpl-dc29704b-fdb8-4d9e-ab20-a88de5d9579b/datanode-2/data/ratis/94b0653a-8863-4ad0-a01a-a538a747b400/current/log_inprogress_0
2019-09-26 13:34:10,568 [Thread-222] INFO  impl.FollowerState (FollowerState.java:run(106)) - 225bd7ce-61cd-45a9-80d4-d38af20818a5:group-1E0DCBEB4FA2 changes to CANDIDATE, lastRpcTime:5064, electionTimeout:5064ms
2019-09-26 13:34:10,568 [Thread-222] INFO  impl.RoleInfo (RoleInfo.java:shutdownFollowerState(121)) - 225bd7ce-61cd-45a9-80d4-d38af20818a5: shutdown FollowerState
2019-09-26 13:34:10,569 [Thread-222] INFO  impl.RaftServerImpl (RaftServerImpl.java:setRole(174)) - 225bd7ce-61cd-45a9-80d4-d38af20818a5@group-1E0DCBEB4FA2: changes role from  FOLLOWER to CANDIDATE at term 0 for changeToCandidate
2019-09-26 13:34:10,569 [Thread-222] INFO  impl.RoleInfo (RoleInfo.java:updateAndGet(143)) - 225bd7ce-61cd-45a9-80d4-d38af20818a5: start LeaderElection
2019-09-26 13:34:10,586 [225bd7ce-61cd-45a9-80d4-d38af20818a5@group-1E0DCBEB4FA2:LeaderElection12] INFO  impl.LeaderElection (LeaderElection.java:askForVotes(182)) - 225bd7ce-61cd-45a9-80d4-d38af20818a5@group-1E0DCBEB4FA2:LeaderElection12: begin an election at term 1 for -1: [225bd7ce-61cd-45a9-80d4-d38af20818a5:192.168.164.238:41146], old=null
2019-09-26 13:34:10,586 [225bd7ce-61cd-45a9-80d4-d38af20818a5@group-1E0DCBEB4FA2:LeaderElection12] INFO  impl.RoleInfo (RoleInfo.java:shutdownLeaderElection(134)) - 225bd7ce-61cd-45a9-80d4-d38af20818a5: shutdown LeaderElection
2019-09-26 13:34:10,586 [225bd7ce-61cd-45a9-80d4-d38af20818a5@group-1E0DCBEB4FA2:LeaderElection12] INFO  impl.RaftServerImpl (RaftServerImpl.java:setRole(174)) - 225bd7ce-61cd-45a9-80d4-d38af20818a5@group-1E0DCBEB4FA2: changes role from CANDIDATE to LEADER at term 1 for changeToLeader
2019-09-26 13:34:10,586 [225bd7ce-61cd-45a9-80d4-d38af20818a5@group-1E0DCBEB4FA2:LeaderElection12] INFO  impl.RaftServerImpl (ServerState.java:setLeader(253)) - 225bd7ce-61cd-45a9-80d4-d38af20818a5@group-1E0DCBEB4FA2: change Leader from null to 225bd7ce-61cd-45a9-80d4-d38af20818a5 at term 1 for becomeLeader, leader elected after 5092ms
2019-09-26 13:34:10,586 [225bd7ce-61cd-45a9-80d4-d38af20818a5@group-1E0DCBEB4FA2:LeaderElection12] INFO  server.RaftServerConfigKeys (ConfUtils.java:logGet(43)) - raft.server.staging.catchup.gap = 1000 (default)
2019-09-26 13:34:10,587 [225bd7ce-61cd-45a9-80d4-d38af20818a5@group-1E0DCBEB4FA2:LeaderElection12] INFO  server.RaftServerConfigKeys (ConfUtils.java:logGet(43)) - raft.server.rpc.sleep.time = 25ms (default)
2019-09-26 13:34:10,587 [225bd7ce-61cd-45a9-80d4-d38af20818a5@group-1E0DCBEB4FA2:LeaderElection12] INFO  server.RaftServerConfigKeys (ConfUtils.java:logGet(43)) - raft.server.write.element-limit = 4096 (default)
2019-09-26 13:34:10,587 [225bd7ce-61cd-45a9-80d4-d38af20818a5@group-1E0DCBEB4FA2:LeaderElection12] INFO  server.RaftServerConfigKeys (ConfUtils.java:logGet(43)) - raft.server.watch.timeout = 10s (default)
2019-09-26 13:34:10,587 [225bd7ce-61cd-45a9-80d4-d38af20818a5@group-1E0DCBEB4FA2:LeaderElection12] INFO  server.RaftServerConfigKeys (ConfUtils.java:logGet(43)) - raft.server.watch.timeout.denomination = 1s (default)
2019-09-26 13:34:10,588 [225bd7ce-61cd-45a9-80d4-d38af20818a5@group-1E0DCBEB4FA2:LeaderElection12] INFO  server.RaftServerConfigKeys (ConfUtils.java:logGet(43)) - raft.server.watch.element-limit = 65536 (default)
2019-09-26 13:34:10,591 [225bd7ce-61cd-45a9-80d4-d38af20818a5@group-1E0DCBEB4FA2:LeaderElection12] INFO  impl.RoleInfo (RoleInfo.java:updateAndGet(143)) - 225bd7ce-61cd-45a9-80d4-d38af20818a5: start LeaderState
2019-09-26 13:34:10,591 [225bd7ce-61cd-45a9-80d4-d38af20818a5@group-1E0DCBEB4FA2:LeaderElection12] INFO  segmented.SegmentedRaftLogWorker (SegmentedRaftLogWorker.java:startLogSegment(380)) - 225bd7ce-61cd-45a9-80d4-d38af20818a5@group-1E0DCBEB4FA2-SegmentedRaftLogWorker: Starting segment from index:0
2019-09-26 13:34:10,591 [Thread-219] INFO  impl.FollowerState (FollowerState.java:run(106)) - e87194ae-6196-464a-8fce-fc61cfb56335:group-A0B25C8FB697 changes to CANDIDATE, lastRpcTime:5158, electionTimeout:5158ms
2019-09-26 13:34:10,592 [Thread-219] INFO  impl.RoleInfo (RoleInfo.java:shutdownFollowerState(121)) - e87194ae-6196-464a-8fce-fc61cfb56335: shutdown FollowerState
2019-09-26 13:34:10,592 [225bd7ce-61cd-45a9-80d4-d38af20818a5@group-1E0DCBEB4FA2:LeaderElection12] INFO  impl.RaftServerImpl (ServerState.java:setRaftConf(354)) - 225bd7ce-61cd-45a9-80d4-d38af20818a5@group-1E0DCBEB4FA2: set configuration 0: [225bd7ce-61cd-45a9-80d4-d38af20818a5:192.168.164.238:41146], old=null at 0
2019-09-26 13:34:10,592 [Thread-219] INFO  impl.RaftServerImpl (RaftServerImpl.java:setRole(174)) - e87194ae-6196-464a-8fce-fc61cfb56335@group-A0B25C8FB697: changes role from  FOLLOWER to CANDIDATE at term 0 for changeToCandidate
2019-09-26 13:34:10,628 [Thread-225] INFO  impl.FollowerState (FollowerState.java:run(106)) - 225bd7ce-61cd-45a9-80d4-d38af20818a5:group-74DA40ADF20C changes to CANDIDATE, lastRpcTime:5061, electionTimeout:5037ms
2019-09-26 13:34:10,628 [Thread-219] INFO  impl.RoleInfo (RoleInfo.java:updateAndGet(143)) - e87194ae-6196-464a-8fce-fc61cfb56335: start LeaderElection
2019-09-26 13:34:10,628 [Thread-225] INFO  impl.RoleInfo (RoleInfo.java:shutdownFollowerState(121)) - 225bd7ce-61cd-45a9-80d4-d38af20818a5: shutdown FollowerState
2019-09-26 13:34:10,628 [Thread-225] INFO  impl.RaftServerImpl (RaftServerImpl.java:setRole(174)) - 225bd7ce-61cd-45a9-80d4-d38af20818a5@group-74DA40ADF20C: changes role from  FOLLOWER to CANDIDATE at term 0 for changeToCandidate
2019-09-26 13:34:10,631 [Thread-225] INFO  impl.RoleInfo (RoleInfo.java:updateAndGet(143)) - 225bd7ce-61cd-45a9-80d4-d38af20818a5: start LeaderElection
2019-09-26 13:34:10,641 [225bd7ce-61cd-45a9-80d4-d38af20818a5@group-1E0DCBEB4FA2-SegmentedRaftLogWorker] INFO  segmented.SegmentedRaftLogWorker (SegmentedRaftLogWorker.java:execute(569)) - 225bd7ce-61cd-45a9-80d4-d38af20818a5@group-1E0DCBEB4FA2-SegmentedRaftLogWorker: created new log segment /workdir/hadoop-ozone/tools/target/test-dir/MiniOzoneClusterImpl-dc29704b-fdb8-4d9e-ab20-a88de5d9579b/datanode-2/data/ratis/cf162305-db21-495b-b02b-1e0dcbeb4fa2/current/log_inprogress_0
2019-09-26 13:34:10,641 [225bd7ce-61cd-45a9-80d4-d38af20818a5@group-74DA40ADF20C:LeaderElection14] INFO  impl.LeaderElection (LeaderElection.java:askForVotes(182)) - 225bd7ce-61cd-45a9-80d4-d38af20818a5@group-74DA40ADF20C:LeaderElection14: begin an election at term 1 for -1: [225bd7ce-61cd-45a9-80d4-d38af20818a5:192.168.164.238:41146], old=null
2019-09-26 13:34:10,641 [e87194ae-6196-464a-8fce-fc61cfb56335@group-A0B25C8FB697:LeaderElection13] INFO  impl.LeaderElection (LeaderElection.java:askForVotes(182)) - e87194ae-6196-464a-8fce-fc61cfb56335@group-A0B25C8FB697:LeaderElection13: begin an election at term 1 for -1: [e87194ae-6196-464a-8fce-fc61cfb56335:192.168.164.238:37233], old=null
2019-09-26 13:34:10,641 [225bd7ce-61cd-45a9-80d4-d38af20818a5@group-74DA40ADF20C:LeaderElection14] INFO  impl.RoleInfo (RoleInfo.java:shutdownLeaderElection(134)) - 225bd7ce-61cd-45a9-80d4-d38af20818a5: shutdown LeaderElection
2019-09-26 13:34:10,641 [e87194ae-6196-464a-8fce-fc61cfb56335@group-A0B25C8FB697:LeaderElection13] INFO  impl.RoleInfo (RoleInfo.java:shutdownLeaderElection(134)) - e87194ae-6196-464a-8fce-fc61cfb56335: shutdown LeaderElection
2019-09-26 13:34:10,641 [225bd7ce-61cd-45a9-80d4-d38af20818a5@group-74DA40ADF20C:LeaderElection14] INFO  impl.RaftServerImpl (RaftServerImpl.java:setRole(174)) - 225bd7ce-61cd-45a9-80d4-d38af20818a5@group-74DA40ADF20C: changes role from CANDIDATE to LEADER at term 1 for changeToLeader
2019-09-26 13:34:10,642 [e87194ae-6196-464a-8fce-fc61cfb56335@group-A0B25C8FB697:LeaderElection13] INFO  impl.RaftServerImpl (RaftServerImpl.java:setRole(174)) - e87194ae-6196-464a-8fce-fc61cfb56335@group-A0B25C8FB697: changes role from CANDIDATE to LEADER at term 1 for changeToLeader
2019-09-26 13:34:10,642 [225bd7ce-61cd-45a9-80d4-d38af20818a5@group-74DA40ADF20C:LeaderElection14] INFO  impl.RaftServerImpl (ServerState.java:setLeader(253)) - 225bd7ce-61cd-45a9-80d4-d38af20818a5@group-74DA40ADF20C: change Leader from null to 225bd7ce-61cd-45a9-80d4-d38af20818a5 at term 1 for becomeLeader, leader elected after 5083ms
2019-09-26 13:34:10,642 [e87194ae-6196-464a-8fce-fc61cfb56335@group-A0B25C8FB697:LeaderElection13] INFO  impl.RaftServerImpl (ServerState.java:setLeader(253)) - e87194ae-6196-464a-8fce-fc61cfb56335@group-A0B25C8FB697: change Leader from null to e87194ae-6196-464a-8fce-fc61cfb56335 at term 1 for becomeLeader, leader elected after 5216ms
2019-09-26 13:34:10,642 [225bd7ce-61cd-45a9-80d4-d38af20818a5@group-74DA40ADF20C:LeaderElection14] INFO  server.RaftServerConfigKeys (ConfUtils.java:logGet(43)) - raft.server.staging.catchup.gap = 1000 (default)
2019-09-26 13:34:10,642 [e87194ae-6196-464a-8fce-fc61cfb56335@group-A0B25C8FB697:LeaderElection13] INFO  server.RaftServerConfigKeys (ConfUtils.java:logGet(43)) - raft.server.staging.catchup.gap = 1000 (default)
2019-09-26 13:34:10,642 [225bd7ce-61cd-45a9-80d4-d38af20818a5@group-74DA40ADF20C:LeaderElection14] INFO  server.RaftServerConfigKeys (ConfUtils.java:logGet(43)) - raft.server.rpc.sleep.time = 25ms (default)
2019-09-26 13:34:10,642 [e87194ae-6196-464a-8fce-fc61cfb56335@group-A0B25C8FB697:LeaderElection13] INFO  server.RaftServerConfigKeys (ConfUtils.java:logGet(43)) - raft.server.rpc.sleep.time = 25ms (default)
2019-09-26 13:34:10,643 [225bd7ce-61cd-45a9-80d4-d38af20818a5@group-74DA40ADF20C:LeaderElection14] INFO  server.RaftServerConfigKeys (ConfUtils.java:logGet(43)) - raft.server.write.element-limit = 4096 (default)
2019-09-26 13:34:10,643 [e87194ae-6196-464a-8fce-fc61cfb56335@group-A0B25C8FB697:LeaderElection13] INFO  server.RaftServerConfigKeys (ConfUtils.java:logGet(43)) - raft.server.write.element-limit = 4096 (default)
2019-09-26 13:34:10,643 [225bd7ce-61cd-45a9-80d4-d38af20818a5@group-74DA40ADF20C:LeaderElection14] INFO  server.RaftServerConfigKeys (ConfUtils.java:logGet(43)) - raft.server.watch.timeout = 10s (default)
2019-09-26 13:34:10,643 [e87194ae-6196-464a-8fce-fc61cfb56335@group-A0B25C8FB697:LeaderElection13] INFO  server.RaftServerConfigKeys (ConfUtils.java:logGet(43)) - raft.server.watch.timeout = 10s (default)
2019-09-26 13:34:10,643 [225bd7ce-61cd-45a9-80d4-d38af20818a5@group-74DA40ADF20C:LeaderElection14] INFO  server.RaftServerConfigKeys (ConfUtils.java:logGet(43)) - raft.server.watch.timeout.denomination = 1s (default)
2019-09-26 13:34:10,643 [e87194ae-6196-464a-8fce-fc61cfb56335@group-A0B25C8FB697:LeaderElection13] INFO  server.RaftServerConfigKeys (ConfUtils.java:logGet(43)) - raft.server.watch.timeout.denomination = 1s (default)
2019-09-26 13:34:10,643 [225bd7ce-61cd-45a9-80d4-d38af20818a5@group-74DA40ADF20C:LeaderElection14] INFO  server.RaftServerConfigKeys (ConfUtils.java:logGet(43)) - raft.server.watch.element-limit = 65536 (default)
2019-09-26 13:34:10,644 [e87194ae-6196-464a-8fce-fc61cfb56335@group-A0B25C8FB697:LeaderElection13] INFO  server.RaftServerConfigKeys (ConfUtils.java:logGet(43)) - raft.server.watch.element-limit = 65536 (default)
2019-09-26 13:34:10,647 [225bd7ce-61cd-45a9-80d4-d38af20818a5@group-74DA40ADF20C:LeaderElection14] INFO  impl.RoleInfo (RoleInfo.java:updateAndGet(143)) - 225bd7ce-61cd-45a9-80d4-d38af20818a5: start LeaderState
2019-09-26 13:34:10,648 [225bd7ce-61cd-45a9-80d4-d38af20818a5@group-74DA40ADF20C:LeaderElection14] INFO  segmented.SegmentedRaftLogWorker (SegmentedRaftLogWorker.java:startLogSegment(380)) - 225bd7ce-61cd-45a9-80d4-d38af20818a5@group-74DA40ADF20C-SegmentedRaftLogWorker: Starting segment from index:0
2019-09-26 13:34:10,648 [e87194ae-6196-464a-8fce-fc61cfb56335@group-A0B25C8FB697:LeaderElection13] INFO  impl.RoleInfo (RoleInfo.java:updateAndGet(143)) - e87194ae-6196-464a-8fce-fc61cfb56335: start LeaderState
2019-09-26 13:34:10,648 [e87194ae-6196-464a-8fce-fc61cfb56335@group-A0B25C8FB697:LeaderElection13] INFO  segmented.SegmentedRaftLogWorker (SegmentedRaftLogWorker.java:startLogSegment(380)) - e87194ae-6196-464a-8fce-fc61cfb56335@group-A0B25C8FB697-SegmentedRaftLogWorker: Starting segment from index:0
2019-09-26 13:34:10,648 [225bd7ce-61cd-45a9-80d4-d38af20818a5@group-74DA40ADF20C:LeaderElection14] INFO  impl.RaftServerImpl (ServerState.java:setRaftConf(354)) - 225bd7ce-61cd-45a9-80d4-d38af20818a5@group-74DA40ADF20C: set configuration 0: [225bd7ce-61cd-45a9-80d4-d38af20818a5:192.168.164.238:41146], old=null at 0
2019-09-26 13:34:10,688 [Thread-228] INFO  impl.FollowerState (FollowerState.java:run(106)) - e87194ae-6196-464a-8fce-fc61cfb56335:group-5A2D9F80C674 changes to CANDIDATE, lastRpcTime:5055, electionTimeout:5036ms
2019-09-26 13:34:10,688 [e87194ae-6196-464a-8fce-fc61cfb56335@group-A0B25C8FB697:LeaderElection13] INFO  impl.RaftServerImpl (ServerState.java:setRaftConf(354)) - e87194ae-6196-464a-8fce-fc61cfb56335@group-A0B25C8FB697: set configuration 0: [e87194ae-6196-464a-8fce-fc61cfb56335:192.168.164.238:37233], old=null at 0
2019-09-26 13:34:10,688 [Thread-228] INFO  impl.RoleInfo (RoleInfo.java:shutdownFollowerState(121)) - e87194ae-6196-464a-8fce-fc61cfb56335: shutdown FollowerState
2019-09-26 13:34:10,721 [Thread-231] INFO  impl.FollowerState (FollowerState.java:run(106)) - e87194ae-6196-464a-8fce-fc61cfb56335:group-1E1B0DF571AF changes to CANDIDATE, lastRpcTime:5028, electionTimeout:5021ms
2019-09-26 13:34:10,721 [225bd7ce-61cd-45a9-80d4-d38af20818a5@group-74DA40ADF20C-SegmentedRaftLogWorker] INFO  segmented.SegmentedRaftLogWorker (SegmentedRaftLogWorker.java:execute(569)) - 225bd7ce-61cd-45a9-80d4-d38af20818a5@group-74DA40ADF20C-SegmentedRaftLogWorker: created new log segment /workdir/hadoop-ozone/tools/target/test-dir/MiniOzoneClusterImpl-dc29704b-fdb8-4d9e-ab20-a88de5d9579b/datanode-2/data/ratis/366ee319-9b4f-40bb-8ede-74da40adf20c/current/log_inprogress_0
2019-09-26 13:34:10,721 [Thread-228] INFO  impl.RaftServerImpl (RaftServerImpl.java:setRole(174)) - e87194ae-6196-464a-8fce-fc61cfb56335@group-5A2D9F80C674: changes role from  FOLLOWER to CANDIDATE at term 0 for changeToCandidate
2019-09-26 13:34:10,721 [Thread-231] INFO  impl.RoleInfo (RoleInfo.java:shutdownFollowerState(121)) - e87194ae-6196-464a-8fce-fc61cfb56335: shutdown FollowerState
2019-09-26 13:34:10,721 [Thread-231] INFO  impl.RaftServerImpl (RaftServerImpl.java:setRole(174)) - e87194ae-6196-464a-8fce-fc61cfb56335@group-1E1B0DF571AF: changes role from  FOLLOWER to CANDIDATE at term 0 for changeToCandidate
2019-09-26 13:34:10,722 [Thread-228] INFO  impl.RoleInfo (RoleInfo.java:updateAndGet(143)) - e87194ae-6196-464a-8fce-fc61cfb56335: start LeaderElection
2019-09-26 13:34:10,722 [Thread-231] INFO  impl.RoleInfo (RoleInfo.java:updateAndGet(143)) - e87194ae-6196-464a-8fce-fc61cfb56335: start LeaderElection
2019-09-26 13:34:10,734 [e87194ae-6196-464a-8fce-fc61cfb56335@group-A0B25C8FB697-SegmentedRaftLogWorker] INFO  segmented.SegmentedRaftLogWorker (SegmentedRaftLogWorker.java:execute(569)) - e87194ae-6196-464a-8fce-fc61cfb56335@group-A0B25C8FB697-SegmentedRaftLogWorker: created new log segment /workdir/hadoop-ozone/tools/target/test-dir/MiniOzoneClusterImpl-dc29704b-fdb8-4d9e-ab20-a88de5d9579b/datanode-1/data/ratis/b0e81a11-f6ec-4b68-b0b2-a0b25c8fb697/current/log_inprogress_0
2019-09-26 13:34:10,734 [e87194ae-6196-464a-8fce-fc61cfb56335@group-1E1B0DF571AF:LeaderElection16] INFO  impl.LeaderElection (LeaderElection.java:askForVotes(182)) - e87194ae-6196-464a-8fce-fc61cfb56335@group-1E1B0DF571AF:LeaderElection16: begin an election at term 1 for -1: [e87194ae-6196-464a-8fce-fc61cfb56335:192.168.164.238:37233], old=null
2019-09-26 13:34:10,734 [e87194ae-6196-464a-8fce-fc61cfb56335@group-5A2D9F80C674:LeaderElection15] INFO  impl.LeaderElection (LeaderElection.java:askForVotes(182)) - e87194ae-6196-464a-8fce-fc61cfb56335@group-5A2D9F80C674:LeaderElection15: begin an election at term 1 for -1: [e87194ae-6196-464a-8fce-fc61cfb56335:192.168.164.238:37233], old=null
2019-09-26 13:34:10,734 [e87194ae-6196-464a-8fce-fc61cfb56335@group-1E1B0DF571AF:LeaderElection16] INFO  impl.RoleInfo (RoleInfo.java:shutdownLeaderElection(134)) - e87194ae-6196-464a-8fce-fc61cfb56335: shutdown LeaderElection
2019-09-26 13:34:10,734 [e87194ae-6196-464a-8fce-fc61cfb56335@group-5A2D9F80C674:LeaderElection15] INFO  impl.RoleInfo (RoleInfo.java:shutdownLeaderElection(134)) - e87194ae-6196-464a-8fce-fc61cfb56335: shutdown LeaderElection
2019-09-26 13:34:10,734 [e87194ae-6196-464a-8fce-fc61cfb56335@group-1E1B0DF571AF:LeaderElection16] INFO  impl.RaftServerImpl (RaftServerImpl.java:setRole(174)) - e87194ae-6196-464a-8fce-fc61cfb56335@group-1E1B0DF571AF: changes role from CANDIDATE to LEADER at term 1 for changeToLeader
2019-09-26 13:34:10,735 [e87194ae-6196-464a-8fce-fc61cfb56335@group-5A2D9F80C674:LeaderElection15] INFO  impl.RaftServerImpl (RaftServerImpl.java:setRole(174)) - e87194ae-6196-464a-8fce-fc61cfb56335@group-5A2D9F80C674: changes role from CANDIDATE to LEADER at term 1 for changeToLeader
2019-09-26 13:34:10,735 [e87194ae-6196-464a-8fce-fc61cfb56335@group-1E1B0DF571AF:LeaderElection16] INFO  impl.RaftServerImpl (ServerState.java:setLeader(253)) - e87194ae-6196-464a-8fce-fc61cfb56335@group-1E1B0DF571AF: change Leader from null to e87194ae-6196-464a-8fce-fc61cfb56335 at term 1 for becomeLeader, leader elected after 5053ms
2019-09-26 13:34:10,735 [e87194ae-6196-464a-8fce-fc61cfb56335@group-5A2D9F80C674:LeaderElection15] INFO  impl.RaftServerImpl (ServerState.java:setLeader(253)) - e87194ae-6196-464a-8fce-fc61cfb56335@group-5A2D9F80C674: change Leader from null to e87194ae-6196-464a-8fce-fc61cfb56335 at term 1 for becomeLeader, leader elected after 5111ms
2019-09-26 13:34:10,735 [e87194ae-6196-464a-8fce-fc61cfb56335@group-1E1B0DF571AF:LeaderElection16] INFO  server.RaftServerConfigKeys (ConfUtils.java:logGet(43)) - raft.server.staging.catchup.gap = 1000 (default)
2019-09-26 13:34:10,735 [e87194ae-6196-464a-8fce-fc61cfb56335@group-5A2D9F80C674:LeaderElection15] INFO  server.RaftServerConfigKeys (ConfUtils.java:logGet(43)) - raft.server.staging.catchup.gap = 1000 (default)
2019-09-26 13:34:10,735 [e87194ae-6196-464a-8fce-fc61cfb56335@group-1E1B0DF571AF:LeaderElection16] INFO  server.RaftServerConfigKeys (ConfUtils.java:logGet(43)) - raft.server.rpc.sleep.time = 25ms (default)
2019-09-26 13:34:10,735 [e87194ae-6196-464a-8fce-fc61cfb56335@group-5A2D9F80C674:LeaderElection15] INFO  server.RaftServerConfigKeys (ConfUtils.java:logGet(43)) - raft.server.rpc.sleep.time = 25ms (default)
2019-09-26 13:34:10,735 [e87194ae-6196-464a-8fce-fc61cfb56335@group-1E1B0DF571AF:LeaderElection16] INFO  server.RaftServerConfigKeys (ConfUtils.java:logGet(43)) - raft.server.write.element-limit = 4096 (default)
2019-09-26 13:34:10,736 [e87194ae-6196-464a-8fce-fc61cfb56335@group-5A2D9F80C674:LeaderElection15] INFO  server.RaftServerConfigKeys (ConfUtils.java:logGet(43)) - raft.server.write.element-limit = 4096 (default)
2019-09-26 13:34:10,736 [e87194ae-6196-464a-8fce-fc61cfb56335@group-1E1B0DF571AF:LeaderElection16] INFO  server.RaftServerConfigKeys (ConfUtils.java:logGet(43)) - raft.server.watch.timeout = 10s (default)
2019-09-26 13:34:10,736 [e87194ae-6196-464a-8fce-fc61cfb56335@group-5A2D9F80C674:LeaderElection15] INFO  server.RaftServerConfigKeys (ConfUtils.java:logGet(43)) - raft.server.watch.timeout = 10s (default)
2019-09-26 13:34:10,736 [e87194ae-6196-464a-8fce-fc61cfb56335@group-1E1B0DF571AF:LeaderElection16] INFO  server.RaftServerConfigKeys (ConfUtils.java:logGet(43)) - raft.server.watch.timeout.denomination = 1s (default)
2019-09-26 13:34:10,736 [e87194ae-6196-464a-8fce-fc61cfb56335@group-5A2D9F80C674:LeaderElection15] INFO  server.RaftServerConfigKeys (ConfUtils.java:logGet(43)) - raft.server.watch.timeout.denomination = 1s (default)
2019-09-26 13:34:10,736 [e87194ae-6196-464a-8fce-fc61cfb56335@group-1E1B0DF571AF:LeaderElection16] INFO  server.RaftServerConfigKeys (ConfUtils.java:logGet(43)) - raft.server.watch.element-limit = 65536 (default)
2019-09-26 13:34:10,736 [e87194ae-6196-464a-8fce-fc61cfb56335@group-5A2D9F80C674:LeaderElection15] INFO  server.RaftServerConfigKeys (ConfUtils.java:logGet(43)) - raft.server.watch.element-limit = 65536 (default)
2019-09-26 13:34:10,740 [e87194ae-6196-464a-8fce-fc61cfb56335@group-1E1B0DF571AF:LeaderElection16] INFO  impl.RoleInfo (RoleInfo.java:updateAndGet(143)) - e87194ae-6196-464a-8fce-fc61cfb56335: start LeaderState
2019-09-26 13:34:10,740 [e87194ae-6196-464a-8fce-fc61cfb56335@group-5A2D9F80C674:LeaderElection15] INFO  impl.RoleInfo (RoleInfo.java:updateAndGet(143)) - e87194ae-6196-464a-8fce-fc61cfb56335: start LeaderState
2019-09-26 13:34:10,740 [e87194ae-6196-464a-8fce-fc61cfb56335@group-1E1B0DF571AF:LeaderElection16] INFO  segmented.SegmentedRaftLogWorker (SegmentedRaftLogWorker.java:startLogSegment(380)) - e87194ae-6196-464a-8fce-fc61cfb56335@group-1E1B0DF571AF-SegmentedRaftLogWorker: Starting segment from index:0
2019-09-26 13:34:10,741 [e87194ae-6196-464a-8fce-fc61cfb56335@group-5A2D9F80C674:LeaderElection15] INFO  segmented.SegmentedRaftLogWorker (SegmentedRaftLogWorker.java:startLogSegment(380)) - e87194ae-6196-464a-8fce-fc61cfb56335@group-5A2D9F80C674-SegmentedRaftLogWorker: Starting segment from index:0
2019-09-26 13:34:10,741 [e87194ae-6196-464a-8fce-fc61cfb56335@group-1E1B0DF571AF:LeaderElection16] INFO  impl.RaftServerImpl (ServerState.java:setRaftConf(354)) - e87194ae-6196-464a-8fce-fc61cfb56335@group-1E1B0DF571AF: set configuration 0: [e87194ae-6196-464a-8fce-fc61cfb56335:192.168.164.238:37233], old=null at 0
2019-09-26 13:34:10,741 [e87194ae-6196-464a-8fce-fc61cfb56335@group-5A2D9F80C674:LeaderElection15] INFO  impl.RaftServerImpl (ServerState.java:setRaftConf(354)) - e87194ae-6196-464a-8fce-fc61cfb56335@group-5A2D9F80C674: set configuration 0: [e87194ae-6196-464a-8fce-fc61cfb56335:192.168.164.238:37233], old=null at 0
2019-09-26 13:34:10,790 [e87194ae-6196-464a-8fce-fc61cfb56335@group-5A2D9F80C674-SegmentedRaftLogWorker] INFO  segmented.SegmentedRaftLogWorker (SegmentedRaftLogWorker.java:execute(569)) - e87194ae-6196-464a-8fce-fc61cfb56335@group-5A2D9F80C674-SegmentedRaftLogWorker: created new log segment /workdir/hadoop-ozone/tools/target/test-dir/MiniOzoneClusterImpl-dc29704b-fdb8-4d9e-ab20-a88de5d9579b/datanode-1/data/ratis/2ddd0fc3-dde4-401b-b135-5a2d9f80c674/current/log_inprogress_0
2019-09-26 13:34:10,790 [e87194ae-6196-464a-8fce-fc61cfb56335@group-1E1B0DF571AF-SegmentedRaftLogWorker] INFO  segmented.SegmentedRaftLogWorker (SegmentedRaftLogWorker.java:execute(569)) - e87194ae-6196-464a-8fce-fc61cfb56335@group-1E1B0DF571AF-SegmentedRaftLogWorker: created new log segment /workdir/hadoop-ozone/tools/target/test-dir/MiniOzoneClusterImpl-dc29704b-fdb8-4d9e-ab20-a88de5d9579b/datanode-1/data/ratis/fb27056f-6381-44db-8865-1e1b0df571af/current/log_inprogress_0
2019-09-26 13:34:10,881 [Thread-234] INFO  impl.FollowerState (FollowerState.java:run(106)) - 225bd7ce-61cd-45a9-80d4-d38af20818a5:group-9991F5F77B87 changes to CANDIDATE, lastRpcTime:5131, electionTimeout:5131ms
2019-09-26 13:34:10,882 [Thread-234] INFO  impl.RoleInfo (RoleInfo.java:shutdownFollowerState(121)) - 225bd7ce-61cd-45a9-80d4-d38af20818a5: shutdown FollowerState
2019-09-26 13:34:10,882 [Thread-234] INFO  impl.RaftServerImpl (RaftServerImpl.java:setRole(174)) - 225bd7ce-61cd-45a9-80d4-d38af20818a5@group-9991F5F77B87: changes role from  FOLLOWER to CANDIDATE at term 0 for changeToCandidate
2019-09-26 13:34:10,882 [Thread-234] INFO  impl.RoleInfo (RoleInfo.java:updateAndGet(143)) - 225bd7ce-61cd-45a9-80d4-d38af20818a5: start LeaderElection
2019-09-26 13:34:10,901 [225bd7ce-61cd-45a9-80d4-d38af20818a5@group-9991F5F77B87:LeaderElection17] INFO  impl.LeaderElection (LeaderElection.java:askForVotes(182)) - 225bd7ce-61cd-45a9-80d4-d38af20818a5@group-9991F5F77B87:LeaderElection17: begin an election at term 1 for -1: [225bd7ce-61cd-45a9-80d4-d38af20818a5:192.168.164.238:41146], old=null
2019-09-26 13:34:10,901 [225bd7ce-61cd-45a9-80d4-d38af20818a5@group-9991F5F77B87:LeaderElection17] INFO  impl.RoleInfo (RoleInfo.java:shutdownLeaderElection(134)) - 225bd7ce-61cd-45a9-80d4-d38af20818a5: shutdown LeaderElection
2019-09-26 13:34:10,901 [225bd7ce-61cd-45a9-80d4-d38af20818a5@group-9991F5F77B87:LeaderElection17] INFO  impl.RaftServerImpl (RaftServerImpl.java:setRole(174)) - 225bd7ce-61cd-45a9-80d4-d38af20818a5@group-9991F5F77B87: changes role from CANDIDATE to LEADER at term 1 for changeToLeader
2019-09-26 13:34:10,901 [225bd7ce-61cd-45a9-80d4-d38af20818a5@group-9991F5F77B87:LeaderElection17] INFO  impl.RaftServerImpl (ServerState.java:setLeader(253)) - 225bd7ce-61cd-45a9-80d4-d38af20818a5@group-9991F5F77B87: change Leader from null to 225bd7ce-61cd-45a9-80d4-d38af20818a5 at term 1 for becomeLeader, leader elected after 5157ms
2019-09-26 13:34:10,901 [225bd7ce-61cd-45a9-80d4-d38af20818a5@group-9991F5F77B87:LeaderElection17] INFO  server.RaftServerConfigKeys (ConfUtils.java:logGet(43)) - raft.server.staging.catchup.gap = 1000 (default)
2019-09-26 13:34:10,901 [225bd7ce-61cd-45a9-80d4-d38af20818a5@group-9991F5F77B87:LeaderElection17] INFO  server.RaftServerConfigKeys (ConfUtils.java:logGet(43)) - raft.server.rpc.sleep.time = 25ms (default)
2019-09-26 13:34:10,902 [225bd7ce-61cd-45a9-80d4-d38af20818a5@group-9991F5F77B87:LeaderElection17] INFO  server.RaftServerConfigKeys (ConfUtils.java:logGet(43)) - raft.server.write.element-limit = 4096 (default)
2019-09-26 13:34:10,902 [225bd7ce-61cd-45a9-80d4-d38af20818a5@group-9991F5F77B87:LeaderElection17] INFO  server.RaftServerConfigKeys (ConfUtils.java:logGet(43)) - raft.server.watch.timeout = 10s (default)
2019-09-26 13:34:10,902 [225bd7ce-61cd-45a9-80d4-d38af20818a5@group-9991F5F77B87:LeaderElection17] INFO  server.RaftServerConfigKeys (ConfUtils.java:logGet(43)) - raft.server.watch.timeout.denomination = 1s (default)
2019-09-26 13:34:10,902 [225bd7ce-61cd-45a9-80d4-d38af20818a5@group-9991F5F77B87:LeaderElection17] INFO  server.RaftServerConfigKeys (ConfUtils.java:logGet(43)) - raft.server.watch.element-limit = 65536 (default)
2019-09-26 13:34:10,905 [225bd7ce-61cd-45a9-80d4-d38af20818a5@group-9991F5F77B87:LeaderElection17] INFO  impl.RoleInfo (RoleInfo.java:updateAndGet(143)) - 225bd7ce-61cd-45a9-80d4-d38af20818a5: start LeaderState
2019-09-26 13:34:10,906 [225bd7ce-61cd-45a9-80d4-d38af20818a5@group-9991F5F77B87:LeaderElection17] INFO  segmented.SegmentedRaftLogWorker (SegmentedRaftLogWorker.java:startLogSegment(380)) - 225bd7ce-61cd-45a9-80d4-d38af20818a5@group-9991F5F77B87-SegmentedRaftLogWorker: Starting segment from index:0
2019-09-26 13:34:10,906 [225bd7ce-61cd-45a9-80d4-d38af20818a5@group-9991F5F77B87:LeaderElection17] INFO  impl.RaftServerImpl (ServerState.java:setRaftConf(354)) - 225bd7ce-61cd-45a9-80d4-d38af20818a5@group-9991F5F77B87: set configuration 0: [225bd7ce-61cd-45a9-80d4-d38af20818a5:192.168.164.238:41146], old=null at 0
2019-09-26 13:34:10,946 [225bd7ce-61cd-45a9-80d4-d38af20818a5@group-9991F5F77B87-SegmentedRaftLogWorker] INFO  segmented.SegmentedRaftLogWorker (SegmentedRaftLogWorker.java:execute(569)) - 225bd7ce-61cd-45a9-80d4-d38af20818a5@group-9991F5F77B87-SegmentedRaftLogWorker: created new log segment /workdir/hadoop-ozone/tools/target/test-dir/MiniOzoneClusterImpl-dc29704b-fdb8-4d9e-ab20-a88de5d9579b/datanode-2/data/ratis/ce868e0b-7e4f-48da-b754-9991f5f77b87/current/log_inprogress_0
2019-09-26 13:34:10,973 [Thread-237] INFO  impl.FollowerState (FollowerState.java:run(106)) - 225bd7ce-61cd-45a9-80d4-d38af20818a5:group-688FF178337A changes to CANDIDATE, lastRpcTime:5132, electionTimeout:5132ms
2019-09-26 13:34:10,973 [Thread-237] INFO  impl.RoleInfo (RoleInfo.java:shutdownFollowerState(121)) - 225bd7ce-61cd-45a9-80d4-d38af20818a5: shutdown FollowerState
2019-09-26 13:34:10,973 [Thread-237] INFO  impl.RaftServerImpl (RaftServerImpl.java:setRole(174)) - 225bd7ce-61cd-45a9-80d4-d38af20818a5@group-688FF178337A: changes role from  FOLLOWER to CANDIDATE at term 0 for changeToCandidate
2019-09-26 13:34:10,973 [Thread-237] INFO  impl.RoleInfo (RoleInfo.java:updateAndGet(143)) - 225bd7ce-61cd-45a9-80d4-d38af20818a5: start LeaderElection
2019-09-26 13:34:10,990 [225bd7ce-61cd-45a9-80d4-d38af20818a5@group-688FF178337A:LeaderElection18] INFO  impl.LeaderElection (LeaderElection.java:askForVotes(182)) - 225bd7ce-61cd-45a9-80d4-d38af20818a5@group-688FF178337A:LeaderElection18: begin an election at term 1 for -1: [225bd7ce-61cd-45a9-80d4-d38af20818a5:192.168.164.238:41146], old=null
2019-09-26 13:34:10,990 [225bd7ce-61cd-45a9-80d4-d38af20818a5@group-688FF178337A:LeaderElection18] INFO  impl.RoleInfo (RoleInfo.java:shutdownLeaderElection(134)) - 225bd7ce-61cd-45a9-80d4-d38af20818a5: shutdown LeaderElection
2019-09-26 13:34:10,990 [225bd7ce-61cd-45a9-80d4-d38af20818a5@group-688FF178337A:LeaderElection18] INFO  impl.RaftServerImpl (RaftServerImpl.java:setRole(174)) - 225bd7ce-61cd-45a9-80d4-d38af20818a5@group-688FF178337A: changes role from CANDIDATE to LEADER at term 1 for changeToLeader
2019-09-26 13:34:10,990 [225bd7ce-61cd-45a9-80d4-d38af20818a5@group-688FF178337A:LeaderElection18] INFO  impl.RaftServerImpl (ServerState.java:setLeader(253)) - 225bd7ce-61cd-45a9-80d4-d38af20818a5@group-688FF178337A: change Leader from null to 225bd7ce-61cd-45a9-80d4-d38af20818a5 at term 1 for becomeLeader, leader elected after 5156ms
2019-09-26 13:34:10,990 [225bd7ce-61cd-45a9-80d4-d38af20818a5@group-688FF178337A:LeaderElection18] INFO  server.RaftServerConfigKeys (ConfUtils.java:logGet(43)) - raft.server.staging.catchup.gap = 1000 (default)
2019-09-26 13:34:10,990 [225bd7ce-61cd-45a9-80d4-d38af20818a5@group-688FF178337A:LeaderElection18] INFO  server.RaftServerConfigKeys (ConfUtils.java:logGet(43)) - raft.server.rpc.sleep.time = 25ms (default)
2019-09-26 13:34:10,990 [225bd7ce-61cd-45a9-80d4-d38af20818a5@group-688FF178337A:LeaderElection18] INFO  server.RaftServerConfigKeys (ConfUtils.java:logGet(43)) - raft.server.write.element-limit = 4096 (default)
2019-09-26 13:34:10,991 [225bd7ce-61cd-45a9-80d4-d38af20818a5@group-688FF178337A:LeaderElection18] INFO  server.RaftServerConfigKeys (ConfUtils.java:logGet(43)) - raft.server.watch.timeout = 10s (default)
2019-09-26 13:34:10,991 [225bd7ce-61cd-45a9-80d4-d38af20818a5@group-688FF178337A:LeaderElection18] INFO  server.RaftServerConfigKeys (ConfUtils.java:logGet(43)) - raft.server.watch.timeout.denomination = 1s (default)
2019-09-26 13:34:10,991 [225bd7ce-61cd-45a9-80d4-d38af20818a5@group-688FF178337A:LeaderElection18] INFO  server.RaftServerConfigKeys (ConfUtils.java:logGet(43)) - raft.server.watch.element-limit = 65536 (default)
2019-09-26 13:34:10,993 [225bd7ce-61cd-45a9-80d4-d38af20818a5@group-688FF178337A:LeaderElection18] INFO  impl.RoleInfo (RoleInfo.java:updateAndGet(143)) - 225bd7ce-61cd-45a9-80d4-d38af20818a5: start LeaderState
2019-09-26 13:34:10,993 [225bd7ce-61cd-45a9-80d4-d38af20818a5@group-688FF178337A:LeaderElection18] INFO  segmented.SegmentedRaftLogWorker (SegmentedRaftLogWorker.java:startLogSegment(380)) - 225bd7ce-61cd-45a9-80d4-d38af20818a5@group-688FF178337A-SegmentedRaftLogWorker: Starting segment from index:0
2019-09-26 13:34:10,993 [225bd7ce-61cd-45a9-80d4-d38af20818a5@group-688FF178337A:LeaderElection18] INFO  impl.RaftServerImpl (ServerState.java:setRaftConf(354)) - 225bd7ce-61cd-45a9-80d4-d38af20818a5@group-688FF178337A: set configuration 0: [225bd7ce-61cd-45a9-80d4-d38af20818a5:192.168.164.238:41146], old=null at 0
2019-09-26 13:34:11,036 [225bd7ce-61cd-45a9-80d4-d38af20818a5@group-688FF178337A-SegmentedRaftLogWorker] INFO  segmented.SegmentedRaftLogWorker (SegmentedRaftLogWorker.java:execute(569)) - 225bd7ce-61cd-45a9-80d4-d38af20818a5@group-688FF178337A-SegmentedRaftLogWorker: created new log segment /workdir/hadoop-ozone/tools/target/test-dir/MiniOzoneClusterImpl-dc29704b-fdb8-4d9e-ab20-a88de5d9579b/datanode-2/data/ratis/244a6672-42d9-410e-8f0e-688ff178337a/current/log_inprogress_0
]]></system-out>
    <system-err><![CDATA[ERROR StatusLogger No Log4j 2 configuration file found. Using default configuration (logging only errors to the console), or user programmatically provided configurations. Set system property 'log4j2.debug' to show Log4j 2 internal initialization logging. See https://logging.apache.org/log4j/2.x/manual/configuration.html for instructions on how to configure Log4j 2
]]></system-err>
  </testcase>
</testsuite>