<?xml version="1.0" encoding="UTF-8"?>
<testsuite xmlns:xsi="http://www.w3.org/2001/XMLSchema-instance" xsi:noNamespaceSchemaLocation="https://maven.apache.org/surefire/maven-surefire-plugin/xsd/surefire-test-report.xsd" name="org.apache.hadoop.ozone.freon.TestDataValidateWithDummyContainers" time="37.254" tests="3" errors="2" skipped="0" failures="0">
  <properties>
    <property name="awt.toolkit" value="sun.awt.X11.XToolkit"/>
    <property name="file.encoding.pkg" value="sun.io"/>
    <property name="java.specification.version" value="1.8"/>
    <property name="sun.cpu.isalist" value=""/>
    <property name="sun.jnu.encoding" value="UTF-8"/>
    <property name="java.class.path" value="/workdir/hadoop-ozone/tools/target/test-classes:/workdir/hadoop-ozone/tools/target/classes:/home/user/.m2/repository/org/apache/hadoop/hadoop-ozone-ozone-manager/0.5.0-SNAPSHOT/hadoop-ozone-ozone-manager-0.5.0-SNAPSHOT.jar:/home/user/.m2/repository/org/apache/hadoop/hadoop-hdds-docs/0.5.0-SNAPSHOT/hadoop-hdds-docs-0.5.0-SNAPSHOT.jar:/home/user/.m2/repository/org/bouncycastle/bcprov-jdk15on/1.60/bcprov-jdk15on-1.60.jar:/home/user/.m2/repository/org/apache/hadoop/hadoop-ozone-common/0.5.0-SNAPSHOT/hadoop-ozone-common-0.5.0-SNAPSHOT.jar:/home/user/.m2/repository/org/apache/commons/commons-compress/1.4.1/commons-compress-1.4.1.jar:/home/user/.m2/repository/org/tukaani/xz/1.0/xz-1.0.jar:/home/user/.m2/repository/org/apache/hadoop/hadoop-hdfs-client/3.2.0/hadoop-hdfs-client-3.2.0.jar:/home/user/.m2/repository/com/fasterxml/jackson/core/jackson-annotations/2.9.9/jackson-annotations-2.9.9.jar:/home/user/.m2/repository/org/apache/hadoop/hadoop-hdds-common/0.5.0-SNAPSHOT/hadoop-hdds-common-0.5.0-SNAPSHOT.jar:/home/user/.m2/repository/org/apache/hadoop/hadoop-hdds-config/0.5.0-SNAPSHOT/hadoop-hdds-config-0.5.0-SNAPSHOT.jar:/home/user/.m2/repository/javax/annotation/javax.annotation-api/1.2/javax.annotation-api-1.2.jar:/home/user/.m2/repository/org/apache/ratis/ratis-server/0.4.0/ratis-server-0.4.0.jar:/home/user/.m2/repository/org/apache/ratis/ratis-thirdparty-misc/0.2.0/ratis-thirdparty-misc-0.2.0.jar:/home/user/.m2/repository/org/apache/ratis/ratis-proto/0.4.0/ratis-proto-0.4.0.jar:/home/user/.m2/repository/org/apache/ratis/ratis-common/0.4.0/ratis-common-0.4.0.jar:/home/user/.m2/repository/org/apache/ratis/ratis-client/0.4.0/ratis-client-0.4.0.jar:/home/user/.m2/repository/org/apache/ratis/ratis-metrics/0.4.0/ratis-metrics-0.4.0.jar:/home/user/.m2/repository/com/github/joshelser/dropwizard-metrics-hadoop-metrics2-reporter/0.1.2/dropwizard-metrics-hadoop-metrics2-reporter-0.1.2.jar:/home/user/.m2/repository/io/dropwizard/metrics/metrics-jvm/3.2.5/metrics-jvm-3.2.5.jar:/home/user/.m2/repository/io/dropwizard/metrics/metrics-ganglia/3.2.5/metrics-ganglia-3.2.5.jar:/home/user/.m2/repository/info/ganglia/gmetric4j/gmetric4j/1.0.7/gmetric4j-1.0.7.jar:/home/user/.m2/repository/org/apache/ratis/ratis-netty/0.4.0/ratis-netty-0.4.0.jar:/home/user/.m2/repository/org/apache/ratis/ratis-grpc/0.4.0/ratis-grpc-0.4.0.jar:/home/user/.m2/repository/org/rocksdb/rocksdbjni/6.0.1/rocksdbjni-6.0.1.jar:/home/user/.m2/repository/org/apache/logging/log4j/log4j-api/2.11.0/log4j-api-2.11.0.jar:/home/user/.m2/repository/org/apache/logging/log4j/log4j-core/2.11.0/log4j-core-2.11.0.jar:/home/user/.m2/repository/com/lmax/disruptor/3.4.2/disruptor-3.4.2.jar:/home/user/.m2/repository/org/apache/commons/commons-pool2/2.6.0/commons-pool2-2.6.0.jar:/home/user/.m2/repository/org/bouncycastle/bcpkix-jdk15on/1.60/bcpkix-jdk15on-1.60.jar:/home/user/.m2/repository/commons-validator/commons-validator/1.6/commons-validator-1.6.jar:/home/user/.m2/repository/commons-digester/commons-digester/1.8.1/commons-digester-1.8.1.jar:/home/user/.m2/repository/io/jaegertracing/jaeger-client/0.34.0/jaeger-client-0.34.0.jar:/home/user/.m2/repository/io/jaegertracing/jaeger-thrift/0.34.0/jaeger-thrift-0.34.0.jar:/home/user/.m2/repository/org/apache/thrift/libthrift/0.12.0/libthrift-0.12.0.jar:/home/user/.m2/repository/com/squareup/okhttp3/okhttp/3.9.0/okhttp-3.9.0.jar:/home/user/.m2/repository/com/squareup/okio/okio/1.13.0/okio-1.13.0.jar:/home/user/.m2/repository/io/jaegertracing/jaeger-core/0.34.0/jaeger-core-0.34.0.jar:/home/user/.m2/repository/io/jaegertracing/jaeger-tracerresolver/0.34.0/jaeger-tracerresolver-0.34.0.jar:/home/user/.m2/repository/io/opentracing/contrib/opentracing-tracerresolver/0.1.5/opentracing-tracerresolver-0.1.5.jar:/home/user/.m2/repository/io/opentracing/opentracing-util/0.31.0/opentracing-util-0.31.0.jar:/home/user/.m2/repository/io/opentracing/opentracing-api/0.31.0/opentracing-api-0.31.0.jar:/home/user/.m2/repository/io/opentracing/opentracing-noop/0.31.0/opentracing-noop-0.31.0.jar:/home/user/.m2/repository/org/yaml/snakeyaml/1.16/snakeyaml-1.16.jar:/home/user/.m2/repository/org/apache/hadoop/hadoop-hdds-container-service/0.5.0-SNAPSHOT/hadoop-hdds-container-service-0.5.0-SNAPSHOT.jar:/home/user/.m2/repository/org/apache/hadoop/hadoop-hdds-client/0.5.0-SNAPSHOT/hadoop-hdds-client-0.5.0-SNAPSHOT.jar:/home/user/.m2/repository/org/apache/hadoop/hadoop-hdds-tools/0.5.0-SNAPSHOT/hadoop-hdds-tools-0.5.0-SNAPSHOT.jar:/home/user/.m2/repository/org/xerial/sqlite-jdbc/3.25.2/sqlite-jdbc-3.25.2.jar:/home/user/.m2/repository/org/apache/hadoop/hadoop-hdds-server-scm/0.5.0-SNAPSHOT/hadoop-hdds-server-scm-0.5.0-SNAPSHOT.jar:/home/user/.m2/repository/org/hamcrest/hamcrest-all/1.3/hamcrest-all-1.3.jar:/home/user/.m2/repository/info/picocli/picocli/3.9.6/picocli-3.9.6.jar:/home/user/.m2/repository/com/google/protobuf/protobuf-java/2.5.0/protobuf-java-2.5.0.jar:/home/user/.m2/repository/com/google/guava/guava/11.0.2/guava-11.0.2.jar:/home/user/.m2/repository/org/apache/hadoop/hadoop-ozone-client/0.5.0-SNAPSHOT/hadoop-ozone-client-0.5.0-SNAPSHOT.jar:/workdir/hadoop-ozone/ozonefs/target/classes:/home/user/.m2/repository/org/apache/hadoop/hadoop-hdds-server-framework/0.5.0-SNAPSHOT/hadoop-hdds-server-framework-0.5.0-SNAPSHOT.jar:/home/user/.m2/repository/org/apache/hadoop/hadoop-common/3.2.0/hadoop-common-3.2.0.jar:/home/user/.m2/repository/org/apache/hadoop/hadoop-annotations/3.2.0/hadoop-annotations-3.2.0.jar:/usr/lib/jvm/java-1.8-openjdk/jre/../lib/tools.jar:/home/user/.m2/repository/commons-cli/commons-cli/1.2/commons-cli-1.2.jar:/home/user/.m2/repository/org/apache/commons/commons-math3/3.1.1/commons-math3-3.1.1.jar:/home/user/.m2/repository/org/apache/httpcomponents/httpclient/4.5.2/httpclient-4.5.2.jar:/home/user/.m2/repository/org/apache/httpcomponents/httpcore/4.4.4/httpcore-4.4.4.jar:/home/user/.m2/repository/commons-codec/commons-codec/1.11/commons-codec-1.11.jar:/home/user/.m2/repository/commons-io/commons-io/2.5/commons-io-2.5.jar:/home/user/.m2/repository/commons-net/commons-net/3.6/commons-net-3.6.jar:/home/user/.m2/repository/commons-collections/commons-collections/3.2.2/commons-collections-3.2.2.jar:/home/user/.m2/repository/javax/servlet/javax.servlet-api/3.1.0/javax.servlet-api-3.1.0.jar:/home/user/.m2/repository/org/eclipse/jetty/jetty-server/9.3.25.v20180904/jetty-server-9.3.25.v20180904.jar:/home/user/.m2/repository/org/eclipse/jetty/jetty-http/9.3.25.v20180904/jetty-http-9.3.25.v20180904.jar:/home/user/.m2/repository/org/eclipse/jetty/jetty-io/9.3.25.v20180904/jetty-io-9.3.25.v20180904.jar:/home/user/.m2/repository/org/eclipse/jetty/jetty-util/9.3.25.v20180904/jetty-util-9.3.25.v20180904.jar:/home/user/.m2/repository/org/eclipse/jetty/jetty-servlet/9.3.25.v20180904/jetty-servlet-9.3.25.v20180904.jar:/home/user/.m2/repository/org/eclipse/jetty/jetty-security/9.3.25.v20180904/jetty-security-9.3.25.v20180904.jar:/home/user/.m2/repository/org/eclipse/jetty/jetty-webapp/9.3.25.v20180904/jetty-webapp-9.3.25.v20180904.jar:/home/user/.m2/repository/org/eclipse/jetty/jetty-xml/9.3.25.v20180904/jetty-xml-9.3.25.v20180904.jar:/home/user/.m2/repository/javax/servlet/jsp/jsp-api/2.1/jsp-api-2.1.jar:/home/user/.m2/repository/com/sun/jersey/jersey-core/1.19/jersey-core-1.19.jar:/home/user/.m2/repository/javax/ws/rs/jsr311-api/1.1.1/jsr311-api-1.1.1.jar:/home/user/.m2/repository/com/sun/jersey/jersey-servlet/1.19/jersey-servlet-1.19.jar:/home/user/.m2/repository/com/sun/jersey/jersey-json/1.19/jersey-json-1.19.jar:/home/user/.m2/repository/org/codehaus/jettison/jettison/1.1/jettison-1.1.jar:/home/user/.m2/repository/com/sun/xml/bind/jaxb-impl/2.3.0.1/jaxb-impl-2.3.0.1.jar:/home/user/.m2/repository/org/codehaus/jackson/jackson-core-asl/1.9.13/jackson-core-asl-1.9.13.jar:/home/user/.m2/repository/org/codehaus/jackson/jackson-mapper-asl/1.9.13/jackson-mapper-asl-1.9.13.jar:/home/user/.m2/repository/org/codehaus/jackson/jackson-jaxrs/1.9.13/jackson-jaxrs-1.9.13.jar:/home/user/.m2/repository/org/codehaus/jackson/jackson-xc/1.9.13/jackson-xc-1.9.13.jar:/home/user/.m2/repository/com/sun/jersey/jersey-server/1.19/jersey-server-1.19.jar:/home/user/.m2/repository/commons-logging/commons-logging/1.1.3/commons-logging-1.1.3.jar:/home/user/.m2/repository/log4j/log4j/1.2.17/log4j-1.2.17.jar:/home/user/.m2/repository/commons-beanutils/commons-beanutils/1.9.4/commons-beanutils-1.9.4.jar:/home/user/.m2/repository/org/apache/commons/commons-configuration2/2.1.1/commons-configuration2-2.1.1.jar:/home/user/.m2/repository/org/apache/commons/commons-lang3/3.7/commons-lang3-3.7.jar:/home/user/.m2/repository/org/apache/commons/commons-text/1.4/commons-text-1.4.jar:/home/user/.m2/repository/org/slf4j/slf4j-api/1.7.25/slf4j-api-1.7.25.jar:/home/user/.m2/repository/org/slf4j/slf4j-log4j12/1.7.25/slf4j-log4j12-1.7.25.jar:/home/user/.m2/repository/org/apache/avro/avro/1.7.7/avro-1.7.7.jar:/home/user/.m2/repository/com/thoughtworks/paranamer/paranamer/2.3/paranamer-2.3.jar:/home/user/.m2/repository/org/xerial/snappy/snappy-java/1.0.5/snappy-java-1.0.5.jar:/home/user/.m2/repository/com/google/re2j/re2j/1.1/re2j-1.1.jar:/home/user/.m2/repository/com/google/code/gson/gson/2.2.4/gson-2.2.4.jar:/home/user/.m2/repository/org/apache/hadoop/hadoop-auth/3.2.0/hadoop-auth-3.2.0.jar:/home/user/.m2/repository/com/nimbusds/nimbus-jose-jwt/4.41.1/nimbus-jose-jwt-4.41.1.jar:/home/user/.m2/repository/com/github/stephenc/jcip/jcip-annotations/1.0-1/jcip-annotations-1.0-1.jar:/home/user/.m2/repository/net/minidev/json-smart/2.3/json-smart-2.3.jar:/home/user/.m2/repository/net/minidev/accessors-smart/1.2/accessors-smart-1.2.jar:/home/user/.m2/repository/org/apache/curator/curator-framework/2.12.0/curator-framework-2.12.0.jar:/home/user/.m2/repository/com/jcraft/jsch/0.1.54/jsch-0.1.54.jar:/home/user/.m2/repository/org/apache/curator/curator-client/2.12.0/curator-client-2.12.0.jar:/home/user/.m2/repository/org/apache/curator/curator-recipes/2.12.0/curator-recipes-2.12.0.jar:/home/user/.m2/repository/com/google/code/findbugs/jsr305/3.0.0/jsr305-3.0.0.jar:/home/user/.m2/repository/org/apache/htrace/htrace-core4/4.1.0-incubating/htrace-core4-4.1.0-incubating.jar:/home/user/.m2/repository/org/apache/zookeeper/zookeeper/3.4.13/zookeeper-3.4.13.jar:/home/user/.m2/repository/jline/jline/0.9.94/jline-0.9.94.jar:/home/user/.m2/repository/org/apache/yetus/audience-annotations/0.5.0/audience-annotations-0.5.0.jar:/home/user/.m2/repository/org/apache/kerby/kerb-simplekdc/1.0.1/kerb-simplekdc-1.0.1.jar:/home/user/.m2/repository/org/apache/kerby/kerb-client/1.0.1/kerb-client-1.0.1.jar:/home/user/.m2/repository/org/apache/kerby/kerby-config/1.0.1/kerby-config-1.0.1.jar:/home/user/.m2/repository/org/apache/kerby/kerb-core/1.0.1/kerb-core-1.0.1.jar:/home/user/.m2/repository/org/apache/kerby/kerby-pkix/1.0.1/kerby-pkix-1.0.1.jar:/home/user/.m2/repository/org/apache/kerby/kerby-asn1/1.0.1/kerby-asn1-1.0.1.jar:/home/user/.m2/repository/org/apache/kerby/kerby-util/1.0.1/kerby-util-1.0.1.jar:/home/user/.m2/repository/org/apache/kerby/kerb-common/1.0.1/kerb-common-1.0.1.jar:/home/user/.m2/repository/org/apache/kerby/kerb-crypto/1.0.1/kerb-crypto-1.0.1.jar:/home/user/.m2/repository/org/apache/kerby/kerb-util/1.0.1/kerb-util-1.0.1.jar:/home/user/.m2/repository/org/apache/kerby/token-provider/1.0.1/token-provider-1.0.1.jar:/home/user/.m2/repository/org/apache/kerby/kerb-admin/1.0.1/kerb-admin-1.0.1.jar:/home/user/.m2/repository/org/apache/kerby/kerb-server/1.0.1/kerb-server-1.0.1.jar:/home/user/.m2/repository/org/apache/kerby/kerb-identity/1.0.1/kerb-identity-1.0.1.jar:/home/user/.m2/repository/org/apache/kerby/kerby-xdr/1.0.1/kerby-xdr-1.0.1.jar:/home/user/.m2/repository/com/fasterxml/jackson/core/jackson-databind/2.9.9/jackson-databind-2.9.9.jar:/home/user/.m2/repository/com/fasterxml/jackson/core/jackson-core/2.9.9/jackson-core-2.9.9.jar:/home/user/.m2/repository/org/codehaus/woodstox/stax2-api/3.1.4/stax2-api-3.1.4.jar:/home/user/.m2/repository/com/fasterxml/woodstox/woodstox-core/5.0.3/woodstox-core-5.0.3.jar:/home/user/.m2/repository/dnsjava/dnsjava/2.1.7/dnsjava-2.1.7.jar:/home/user/.m2/repository/org/apache/hadoop/hadoop-hdfs/3.2.0/hadoop-hdfs-3.2.0.jar:/home/user/.m2/repository/org/eclipse/jetty/jetty-util-ajax/9.3.25.v20180904/jetty-util-ajax-9.3.25.v20180904.jar:/home/user/.m2/repository/commons-daemon/commons-daemon/1.0.13/commons-daemon-1.0.13.jar:/home/user/.m2/repository/io/netty/netty/3.10.5.Final/netty-3.10.5.Final.jar:/home/user/.m2/repository/io/netty/netty-all/4.0.52.Final/netty-all-4.0.52.Final.jar:/home/user/.m2/repository/org/fusesource/leveldbjni/leveldbjni-all/1.8/leveldbjni-all-1.8.jar:/home/user/.m2/repository/com/sun/xml/bind/jaxb-core/2.3.0.1/jaxb-core-2.3.0.1.jar:/home/user/.m2/repository/javax/xml/bind/jaxb-api/2.3.0/jaxb-api-2.3.0.jar:/home/user/.m2/repository/javax/activation/activation/1.1.1/activation-1.1.1.jar:/home/user/.m2/repository/io/dropwizard/metrics/metrics-core/3.2.4/metrics-core-3.2.4.jar:/home/user/.m2/repository/org/openjdk/jmh/jmh-core/1.19/jmh-core-1.19.jar:/home/user/.m2/repository/net/sf/jopt-simple/jopt-simple/4.6/jopt-simple-4.6.jar:/home/user/.m2/repository/org/openjdk/jmh/jmh-generator-annprocess/1.19/jmh-generator-annprocess-1.19.jar:/home/user/.m2/repository/com/amazonaws/aws-java-sdk-s3/1.11.615/aws-java-sdk-s3-1.11.615.jar:/home/user/.m2/repository/com/amazonaws/aws-java-sdk-kms/1.11.615/aws-java-sdk-kms-1.11.615.jar:/home/user/.m2/repository/com/amazonaws/aws-java-sdk-core/1.11.615/aws-java-sdk-core-1.11.615.jar:/home/user/.m2/repository/software/amazon/ion/ion-java/1.0.2/ion-java-1.0.2.jar:/home/user/.m2/repository/com/fasterxml/jackson/dataformat/jackson-dataformat-cbor/2.9.9/jackson-dataformat-cbor-2.9.9.jar:/home/user/.m2/repository/joda-time/joda-time/2.9.9/joda-time-2.9.9.jar:/home/user/.m2/repository/com/amazonaws/jmespath-java/1.11.615/jmespath-java-1.11.615.jar:/home/user/.m2/repository/com/google/code/findbugs/findbugs/3.0.1/findbugs-3.0.1.jar:/home/user/.m2/repository/net/jcip/jcip-annotations/1.0/jcip-annotations-1.0.jar:/home/user/.m2/repository/com/google/code/findbugs/bcel-findbugs/6.0/bcel-findbugs-6.0.jar:/home/user/.m2/repository/com/google/code/findbugs/jFormatString/2.0.1/jFormatString-2.0.1.jar:/home/user/.m2/repository/dom4j/dom4j/1.6.1/dom4j-1.6.1.jar:/home/user/.m2/repository/xml-apis/xml-apis/1.0.b2/xml-apis-1.0.b2.jar:/home/user/.m2/repository/org/ow2/asm/asm-debug-all/5.0.2/asm-debug-all-5.0.2.jar:/home/user/.m2/repository/org/ow2/asm/asm-commons/5.0.2/asm-commons-5.0.2.jar:/home/user/.m2/repository/org/ow2/asm/asm-tree/5.0.2/asm-tree-5.0.2.jar:/home/user/.m2/repository/org/ow2/asm/asm/5.0.4/asm-5.0.4.jar:/home/user/.m2/repository/commons-lang/commons-lang/2.6/commons-lang-2.6.jar:/home/user/.m2/repository/com/apple/AppleJavaExtensions/1.4/AppleJavaExtensions-1.4.jar:/home/user/.m2/repository/jaxen/jaxen/1.1.6/jaxen-1.1.6.jar:/home/user/.m2/repository/junit/junit/4.11/junit-4.11.jar:/home/user/.m2/repository/org/hamcrest/hamcrest-core/1.3/hamcrest-core-1.3.jar:/home/user/.m2/repository/org/apache/hadoop/hadoop-common/3.2.0/hadoop-common-3.2.0-tests.jar:/workdir/hadoop-ozone/integration-test/target/test-classes:/home/user/.m2/repository/org/apache/hadoop/hadoop-ozone-s3gateway/0.5.0-SNAPSHOT/hadoop-ozone-s3gateway-0.5.0-SNAPSHOT.jar:/home/user/.m2/repository/org/jboss/weld/servlet/weld-servlet/2.4.7.Final/weld-servlet-2.4.7.Final.jar:/home/user/.m2/repository/org/glassfish/jersey/containers/jersey-container-servlet-core/2.27/jersey-container-servlet-core-2.27.jar:/home/user/.m2/repository/org/glassfish/hk2/external/javax.inject/2.5.0-b42/javax.inject-2.5.0-b42.jar:/home/user/.m2/repository/org/glassfish/jersey/core/jersey-common/2.27/jersey-common-2.27.jar:/home/user/.m2/repository/org/glassfish/hk2/osgi-resource-locator/1.0.1/osgi-resource-locator-1.0.1.jar:/home/user/.m2/repository/javax/ws/rs/javax.ws.rs-api/2.1/javax.ws.rs-api-2.1.jar:/home/user/.m2/repository/org/glassfish/jersey/ext/cdi/jersey-cdi1x/2.27/jersey-cdi1x-2.27.jar:/home/user/.m2/repository/org/glassfish/jersey/inject/jersey-hk2/2.27/jersey-hk2-2.27.jar:/home/user/.m2/repository/org/glassfish/hk2/hk2-locator/2.5.0-b42/hk2-locator-2.5.0-b42.jar:/home/user/.m2/repository/org/javassist/javassist/3.22.0-CR2/javassist-3.22.0-CR2.jar:/home/user/.m2/repository/org/glassfish/hk2/hk2-api/2.5.0/hk2-api-2.5.0.jar:/home/user/.m2/repository/org/glassfish/hk2/external/jakarta.inject/2.5.0/jakarta.inject-2.5.0.jar:/home/user/.m2/repository/org/glassfish/hk2/hk2-utils/2.5.0/hk2-utils-2.5.0.jar:/home/user/.m2/repository/jakarta/annotation/jakarta.annotation-api/1.3.4/jakarta.annotation-api-1.3.4.jar:/home/user/.m2/repository/org/glassfish/hk2/external/aopalliance-repackaged/2.5.0/aopalliance-repackaged-2.5.0.jar:/home/user/.m2/repository/com/fasterxml/jackson/dataformat/jackson-dataformat-xml/2.9.0/jackson-dataformat-xml-2.9.0.jar:/home/user/.m2/repository/com/fasterxml/jackson/module/jackson-module-jaxb-annotations/2.9.9/jackson-module-jaxb-annotations-2.9.9.jar:/home/user/.m2/repository/javax/enterprise/cdi-api/1.2/cdi-api-1.2.jar:/home/user/.m2/repository/javax/el/javax.el-api/3.0.0/javax.el-api-3.0.0.jar:/home/user/.m2/repository/javax/interceptor/javax.interceptor-api/1.2/javax.interceptor-api-1.2.jar:/home/user/.m2/repository/javax/inject/javax.inject/1/javax.inject-1.jar:/home/user/.m2/repository/org/apache/hadoop/hadoop-ozone-csi/0.5.0-SNAPSHOT/hadoop-ozone-csi-0.5.0-SNAPSHOT.jar:/home/user/.m2/repository/com/google/protobuf/protobuf-java-util/3.5.1/protobuf-java-util-3.5.1.jar:/home/user/.m2/repository/io/grpc/grpc-netty/1.17.1/grpc-netty-1.17.1.jar:/home/user/.m2/repository/io/grpc/grpc-core/1.17.1/grpc-core-1.17.1.jar:/home/user/.m2/repository/io/grpc/grpc-context/1.17.1/grpc-context-1.17.1.jar:/home/user/.m2/repository/com/google/errorprone/error_prone_annotations/2.2.0/error_prone_annotations-2.2.0.jar:/home/user/.m2/repository/org/codehaus/mojo/animal-sniffer-annotations/1.17/animal-sniffer-annotations-1.17.jar:/home/user/.m2/repository/io/opencensus/opencensus-api/0.17.0/opencensus-api-0.17.0.jar:/home/user/.m2/repository/io/opencensus/opencensus-contrib-grpc-metrics/0.17.0/opencensus-contrib-grpc-metrics-0.17.0.jar:/home/user/.m2/repository/io/netty/netty-codec-http2/4.1.30.Final/netty-codec-http2-4.1.30.Final.jar:/home/user/.m2/repository/io/netty/netty-codec-http/4.1.30.Final/netty-codec-http-4.1.30.Final.jar:/home/user/.m2/repository/io/netty/netty-codec/4.1.30.Final/netty-codec-4.1.30.Final.jar:/home/user/.m2/repository/io/netty/netty-handler/4.1.30.Final/netty-handler-4.1.30.Final.jar:/home/user/.m2/repository/io/netty/netty-handler-proxy/4.1.30.Final/netty-handler-proxy-4.1.30.Final.jar:/home/user/.m2/repository/io/netty/netty-codec-socks/4.1.30.Final/netty-codec-socks-4.1.30.Final.jar:/home/user/.m2/repository/io/netty/netty-transport-native-epoll/4.1.30.Final/netty-transport-native-epoll-4.1.30.Final.jar:/home/user/.m2/repository/io/netty/netty-common/4.1.30.Final/netty-common-4.1.30.Final.jar:/home/user/.m2/repository/io/netty/netty-buffer/4.1.30.Final/netty-buffer-4.1.30.Final.jar:/home/user/.m2/repository/io/netty/netty-transport/4.1.30.Final/netty-transport-4.1.30.Final.jar:/home/user/.m2/repository/io/netty/netty-resolver/4.1.30.Final/netty-resolver-4.1.30.Final.jar:/home/user/.m2/repository/io/netty/netty-transport-native-unix-common/4.1.30.Final/netty-transport-native-unix-common-4.1.30.Final.jar:/home/user/.m2/repository/io/grpc/grpc-protobuf/1.17.1/grpc-protobuf-1.17.1.jar:/home/user/.m2/repository/com/google/api/grpc/proto-google-common-protos/1.0.0/proto-google-common-protos-1.0.0.jar:/home/user/.m2/repository/io/grpc/grpc-protobuf-lite/1.17.1/grpc-protobuf-lite-1.17.1.jar:/home/user/.m2/repository/io/grpc/grpc-stub/1.17.1/grpc-stub-1.17.1.jar:/home/user/.m2/repository/org/apache/hadoop/hadoop-ozone-recon/0.5.0-SNAPSHOT/hadoop-ozone-recon-0.5.0-SNAPSHOT.jar:/home/user/.m2/repository/org/apache/hadoop/hadoop-ozone-reconcodegen/0.5.0-SNAPSHOT/hadoop-ozone-reconcodegen-0.5.0-SNAPSHOT.jar:/home/user/.m2/repository/com/google/inject/extensions/guice-multibindings/4.0/guice-multibindings-4.0.jar:/home/user/.m2/repository/com/google/inject/guice/4.0/guice-4.0.jar:/home/user/.m2/repository/aopalliance/aopalliance/1.0/aopalliance-1.0.jar:/home/user/.m2/repository/com/google/inject/extensions/guice-servlet/4.0/guice-servlet-4.0.jar:/home/user/.m2/repository/org/glassfish/jersey/containers/jersey-container-servlet/2.27/jersey-container-servlet-2.27.jar:/home/user/.m2/repository/org/glassfish/hk2/guice-bridge/2.5.0/guice-bridge-2.5.0.jar:/home/user/.m2/repository/org/glassfish/jersey/core/jersey-server/2.27/jersey-server-2.27.jar:/home/user/.m2/repository/org/glassfish/jersey/core/jersey-client/2.27/jersey-client-2.27.jar:/home/user/.m2/repository/org/glassfish/jersey/media/jersey-media-jaxb/2.27/jersey-media-jaxb-2.27.jar:/home/user/.m2/repository/javax/validation/validation-api/1.1.0.Final/validation-api-1.1.0.Final.jar:/home/user/.m2/repository/org/glassfish/jersey/media/jersey-media-json-jackson/2.27/jersey-media-json-jackson-2.27.jar:/home/user/.m2/repository/org/glassfish/jersey/ext/jersey-entity-filtering/2.27/jersey-entity-filtering-2.27.jar:/home/user/.m2/repository/com/google/inject/extensions/guice-assistedinject/4.0/guice-assistedinject-4.0.jar:/home/user/.m2/repository/org/jooq/jooq/3.11.10/jooq-3.11.10.jar:/home/user/.m2/repository/org/jooq/jooq-meta/3.11.10/jooq-meta-3.11.10.jar:/home/user/.m2/repository/org/jooq/jooq-codegen/3.11.10/jooq-codegen-3.11.10.jar:/home/user/.m2/repository/com/jolbox/bonecp/0.8.0.RELEASE/bonecp-0.8.0.RELEASE.jar:/home/user/.m2/repository/org/springframework/spring-jdbc/5.1.3.RELEASE/spring-jdbc-5.1.3.RELEASE.jar:/home/user/.m2/repository/org/springframework/spring-beans/5.1.3.RELEASE/spring-beans-5.1.3.RELEASE.jar:/home/user/.m2/repository/org/springframework/spring-core/5.1.3.RELEASE/spring-core-5.1.3.RELEASE.jar:/home/user/.m2/repository/org/springframework/spring-jcl/5.1.3.RELEASE/spring-jcl-5.1.3.RELEASE.jar:/home/user/.m2/repository/org/springframework/spring-tx/5.1.3.RELEASE/spring-tx-5.1.3.RELEASE.jar:/home/user/.m2/repository/org/mockito/mockito-core/2.15.0/mockito-core-2.15.0.jar:/home/user/.m2/repository/net/bytebuddy/byte-buddy/1.7.9/byte-buddy-1.7.9.jar:/home/user/.m2/repository/net/bytebuddy/byte-buddy-agent/1.7.9/byte-buddy-agent-1.7.9.jar:/home/user/.m2/repository/org/objenesis/objenesis/1.0/objenesis-1.0.jar:"/>
    <property name="java.vm.vendor" value="IcedTea"/>
    <property name="sun.arch.data.model" value="64"/>
    <property name="test.build.dir" value="/workdir/hadoop-ozone/tools/target/test-dir"/>
    <property name="test.cache.data" value=""/>
    <property name="java.vendor.url" value="https://icedtea.classpath.org"/>
    <property name="user.timezone" value=""/>
    <property name="java.vm.specification.version" value="1.8"/>
    <property name="os.name" value="Linux"/>
    <property name="test.build.data" value="/workdir/hadoop-ozone/tools/target/test-dir"/>
    <property name="user.country" value="US"/>
    <property name="sun.java.launcher" value="SUN_STANDARD"/>
    <property name="sun.boot.library.path" value="/usr/lib/jvm/java-1.8-openjdk/jre/lib/amd64"/>
    <property name="sun.java.command" value="/workdir/hadoop-ozone/tools/target/surefire/surefirebooter220479047743915269.jar /workdir/hadoop-ozone/tools/target/surefire 2019-09-26T11-49-28_115-jvmRun1 surefire5883439087384915597tmp surefire_1145870539655934096386tmp"/>
    <property name="test" value="!TestMiniChaosOzoneCluster"/>
    <property name="surefire.test.class.path" value="/workdir/hadoop-ozone/tools/target/test-classes:/workdir/hadoop-ozone/tools/target/classes:/home/user/.m2/repository/org/apache/hadoop/hadoop-ozone-ozone-manager/0.5.0-SNAPSHOT/hadoop-ozone-ozone-manager-0.5.0-SNAPSHOT.jar:/home/user/.m2/repository/org/apache/hadoop/hadoop-hdds-docs/0.5.0-SNAPSHOT/hadoop-hdds-docs-0.5.0-SNAPSHOT.jar:/home/user/.m2/repository/org/bouncycastle/bcprov-jdk15on/1.60/bcprov-jdk15on-1.60.jar:/home/user/.m2/repository/org/apache/hadoop/hadoop-ozone-common/0.5.0-SNAPSHOT/hadoop-ozone-common-0.5.0-SNAPSHOT.jar:/home/user/.m2/repository/org/apache/commons/commons-compress/1.4.1/commons-compress-1.4.1.jar:/home/user/.m2/repository/org/tukaani/xz/1.0/xz-1.0.jar:/home/user/.m2/repository/org/apache/hadoop/hadoop-hdfs-client/3.2.0/hadoop-hdfs-client-3.2.0.jar:/home/user/.m2/repository/com/fasterxml/jackson/core/jackson-annotations/2.9.9/jackson-annotations-2.9.9.jar:/home/user/.m2/repository/org/apache/hadoop/hadoop-hdds-common/0.5.0-SNAPSHOT/hadoop-hdds-common-0.5.0-SNAPSHOT.jar:/home/user/.m2/repository/org/apache/hadoop/hadoop-hdds-config/0.5.0-SNAPSHOT/hadoop-hdds-config-0.5.0-SNAPSHOT.jar:/home/user/.m2/repository/javax/annotation/javax.annotation-api/1.2/javax.annotation-api-1.2.jar:/home/user/.m2/repository/org/apache/ratis/ratis-server/0.4.0/ratis-server-0.4.0.jar:/home/user/.m2/repository/org/apache/ratis/ratis-thirdparty-misc/0.2.0/ratis-thirdparty-misc-0.2.0.jar:/home/user/.m2/repository/org/apache/ratis/ratis-proto/0.4.0/ratis-proto-0.4.0.jar:/home/user/.m2/repository/org/apache/ratis/ratis-common/0.4.0/ratis-common-0.4.0.jar:/home/user/.m2/repository/org/apache/ratis/ratis-client/0.4.0/ratis-client-0.4.0.jar:/home/user/.m2/repository/org/apache/ratis/ratis-metrics/0.4.0/ratis-metrics-0.4.0.jar:/home/user/.m2/repository/com/github/joshelser/dropwizard-metrics-hadoop-metrics2-reporter/0.1.2/dropwizard-metrics-hadoop-metrics2-reporter-0.1.2.jar:/home/user/.m2/repository/io/dropwizard/metrics/metrics-jvm/3.2.5/metrics-jvm-3.2.5.jar:/home/user/.m2/repository/io/dropwizard/metrics/metrics-ganglia/3.2.5/metrics-ganglia-3.2.5.jar:/home/user/.m2/repository/info/ganglia/gmetric4j/gmetric4j/1.0.7/gmetric4j-1.0.7.jar:/home/user/.m2/repository/org/apache/ratis/ratis-netty/0.4.0/ratis-netty-0.4.0.jar:/home/user/.m2/repository/org/apache/ratis/ratis-grpc/0.4.0/ratis-grpc-0.4.0.jar:/home/user/.m2/repository/org/rocksdb/rocksdbjni/6.0.1/rocksdbjni-6.0.1.jar:/home/user/.m2/repository/org/apache/logging/log4j/log4j-api/2.11.0/log4j-api-2.11.0.jar:/home/user/.m2/repository/org/apache/logging/log4j/log4j-core/2.11.0/log4j-core-2.11.0.jar:/home/user/.m2/repository/com/lmax/disruptor/3.4.2/disruptor-3.4.2.jar:/home/user/.m2/repository/org/apache/commons/commons-pool2/2.6.0/commons-pool2-2.6.0.jar:/home/user/.m2/repository/org/bouncycastle/bcpkix-jdk15on/1.60/bcpkix-jdk15on-1.60.jar:/home/user/.m2/repository/commons-validator/commons-validator/1.6/commons-validator-1.6.jar:/home/user/.m2/repository/commons-digester/commons-digester/1.8.1/commons-digester-1.8.1.jar:/home/user/.m2/repository/io/jaegertracing/jaeger-client/0.34.0/jaeger-client-0.34.0.jar:/home/user/.m2/repository/io/jaegertracing/jaeger-thrift/0.34.0/jaeger-thrift-0.34.0.jar:/home/user/.m2/repository/org/apache/thrift/libthrift/0.12.0/libthrift-0.12.0.jar:/home/user/.m2/repository/com/squareup/okhttp3/okhttp/3.9.0/okhttp-3.9.0.jar:/home/user/.m2/repository/com/squareup/okio/okio/1.13.0/okio-1.13.0.jar:/home/user/.m2/repository/io/jaegertracing/jaeger-core/0.34.0/jaeger-core-0.34.0.jar:/home/user/.m2/repository/io/jaegertracing/jaeger-tracerresolver/0.34.0/jaeger-tracerresolver-0.34.0.jar:/home/user/.m2/repository/io/opentracing/contrib/opentracing-tracerresolver/0.1.5/opentracing-tracerresolver-0.1.5.jar:/home/user/.m2/repository/io/opentracing/opentracing-util/0.31.0/opentracing-util-0.31.0.jar:/home/user/.m2/repository/io/opentracing/opentracing-api/0.31.0/opentracing-api-0.31.0.jar:/home/user/.m2/repository/io/opentracing/opentracing-noop/0.31.0/opentracing-noop-0.31.0.jar:/home/user/.m2/repository/org/yaml/snakeyaml/1.16/snakeyaml-1.16.jar:/home/user/.m2/repository/org/apache/hadoop/hadoop-hdds-container-service/0.5.0-SNAPSHOT/hadoop-hdds-container-service-0.5.0-SNAPSHOT.jar:/home/user/.m2/repository/org/apache/hadoop/hadoop-hdds-client/0.5.0-SNAPSHOT/hadoop-hdds-client-0.5.0-SNAPSHOT.jar:/home/user/.m2/repository/org/apache/hadoop/hadoop-hdds-tools/0.5.0-SNAPSHOT/hadoop-hdds-tools-0.5.0-SNAPSHOT.jar:/home/user/.m2/repository/org/xerial/sqlite-jdbc/3.25.2/sqlite-jdbc-3.25.2.jar:/home/user/.m2/repository/org/apache/hadoop/hadoop-hdds-server-scm/0.5.0-SNAPSHOT/hadoop-hdds-server-scm-0.5.0-SNAPSHOT.jar:/home/user/.m2/repository/org/hamcrest/hamcrest-all/1.3/hamcrest-all-1.3.jar:/home/user/.m2/repository/info/picocli/picocli/3.9.6/picocli-3.9.6.jar:/home/user/.m2/repository/com/google/protobuf/protobuf-java/2.5.0/protobuf-java-2.5.0.jar:/home/user/.m2/repository/com/google/guava/guava/11.0.2/guava-11.0.2.jar:/home/user/.m2/repository/org/apache/hadoop/hadoop-ozone-client/0.5.0-SNAPSHOT/hadoop-ozone-client-0.5.0-SNAPSHOT.jar:/workdir/hadoop-ozone/ozonefs/target/classes:/home/user/.m2/repository/org/apache/hadoop/hadoop-hdds-server-framework/0.5.0-SNAPSHOT/hadoop-hdds-server-framework-0.5.0-SNAPSHOT.jar:/home/user/.m2/repository/org/apache/hadoop/hadoop-common/3.2.0/hadoop-common-3.2.0.jar:/home/user/.m2/repository/org/apache/hadoop/hadoop-annotations/3.2.0/hadoop-annotations-3.2.0.jar:/usr/lib/jvm/java-1.8-openjdk/jre/../lib/tools.jar:/home/user/.m2/repository/commons-cli/commons-cli/1.2/commons-cli-1.2.jar:/home/user/.m2/repository/org/apache/commons/commons-math3/3.1.1/commons-math3-3.1.1.jar:/home/user/.m2/repository/org/apache/httpcomponents/httpclient/4.5.2/httpclient-4.5.2.jar:/home/user/.m2/repository/org/apache/httpcomponents/httpcore/4.4.4/httpcore-4.4.4.jar:/home/user/.m2/repository/commons-codec/commons-codec/1.11/commons-codec-1.11.jar:/home/user/.m2/repository/commons-io/commons-io/2.5/commons-io-2.5.jar:/home/user/.m2/repository/commons-net/commons-net/3.6/commons-net-3.6.jar:/home/user/.m2/repository/commons-collections/commons-collections/3.2.2/commons-collections-3.2.2.jar:/home/user/.m2/repository/javax/servlet/javax.servlet-api/3.1.0/javax.servlet-api-3.1.0.jar:/home/user/.m2/repository/org/eclipse/jetty/jetty-server/9.3.25.v20180904/jetty-server-9.3.25.v20180904.jar:/home/user/.m2/repository/org/eclipse/jetty/jetty-http/9.3.25.v20180904/jetty-http-9.3.25.v20180904.jar:/home/user/.m2/repository/org/eclipse/jetty/jetty-io/9.3.25.v20180904/jetty-io-9.3.25.v20180904.jar:/home/user/.m2/repository/org/eclipse/jetty/jetty-util/9.3.25.v20180904/jetty-util-9.3.25.v20180904.jar:/home/user/.m2/repository/org/eclipse/jetty/jetty-servlet/9.3.25.v20180904/jetty-servlet-9.3.25.v20180904.jar:/home/user/.m2/repository/org/eclipse/jetty/jetty-security/9.3.25.v20180904/jetty-security-9.3.25.v20180904.jar:/home/user/.m2/repository/org/eclipse/jetty/jetty-webapp/9.3.25.v20180904/jetty-webapp-9.3.25.v20180904.jar:/home/user/.m2/repository/org/eclipse/jetty/jetty-xml/9.3.25.v20180904/jetty-xml-9.3.25.v20180904.jar:/home/user/.m2/repository/javax/servlet/jsp/jsp-api/2.1/jsp-api-2.1.jar:/home/user/.m2/repository/com/sun/jersey/jersey-core/1.19/jersey-core-1.19.jar:/home/user/.m2/repository/javax/ws/rs/jsr311-api/1.1.1/jsr311-api-1.1.1.jar:/home/user/.m2/repository/com/sun/jersey/jersey-servlet/1.19/jersey-servlet-1.19.jar:/home/user/.m2/repository/com/sun/jersey/jersey-json/1.19/jersey-json-1.19.jar:/home/user/.m2/repository/org/codehaus/jettison/jettison/1.1/jettison-1.1.jar:/home/user/.m2/repository/com/sun/xml/bind/jaxb-impl/2.3.0.1/jaxb-impl-2.3.0.1.jar:/home/user/.m2/repository/org/codehaus/jackson/jackson-core-asl/1.9.13/jackson-core-asl-1.9.13.jar:/home/user/.m2/repository/org/codehaus/jackson/jackson-mapper-asl/1.9.13/jackson-mapper-asl-1.9.13.jar:/home/user/.m2/repository/org/codehaus/jackson/jackson-jaxrs/1.9.13/jackson-jaxrs-1.9.13.jar:/home/user/.m2/repository/org/codehaus/jackson/jackson-xc/1.9.13/jackson-xc-1.9.13.jar:/home/user/.m2/repository/com/sun/jersey/jersey-server/1.19/jersey-server-1.19.jar:/home/user/.m2/repository/commons-logging/commons-logging/1.1.3/commons-logging-1.1.3.jar:/home/user/.m2/repository/log4j/log4j/1.2.17/log4j-1.2.17.jar:/home/user/.m2/repository/commons-beanutils/commons-beanutils/1.9.4/commons-beanutils-1.9.4.jar:/home/user/.m2/repository/org/apache/commons/commons-configuration2/2.1.1/commons-configuration2-2.1.1.jar:/home/user/.m2/repository/org/apache/commons/commons-lang3/3.7/commons-lang3-3.7.jar:/home/user/.m2/repository/org/apache/commons/commons-text/1.4/commons-text-1.4.jar:/home/user/.m2/repository/org/slf4j/slf4j-api/1.7.25/slf4j-api-1.7.25.jar:/home/user/.m2/repository/org/slf4j/slf4j-log4j12/1.7.25/slf4j-log4j12-1.7.25.jar:/home/user/.m2/repository/org/apache/avro/avro/1.7.7/avro-1.7.7.jar:/home/user/.m2/repository/com/thoughtworks/paranamer/paranamer/2.3/paranamer-2.3.jar:/home/user/.m2/repository/org/xerial/snappy/snappy-java/1.0.5/snappy-java-1.0.5.jar:/home/user/.m2/repository/com/google/re2j/re2j/1.1/re2j-1.1.jar:/home/user/.m2/repository/com/google/code/gson/gson/2.2.4/gson-2.2.4.jar:/home/user/.m2/repository/org/apache/hadoop/hadoop-auth/3.2.0/hadoop-auth-3.2.0.jar:/home/user/.m2/repository/com/nimbusds/nimbus-jose-jwt/4.41.1/nimbus-jose-jwt-4.41.1.jar:/home/user/.m2/repository/com/github/stephenc/jcip/jcip-annotations/1.0-1/jcip-annotations-1.0-1.jar:/home/user/.m2/repository/net/minidev/json-smart/2.3/json-smart-2.3.jar:/home/user/.m2/repository/net/minidev/accessors-smart/1.2/accessors-smart-1.2.jar:/home/user/.m2/repository/org/apache/curator/curator-framework/2.12.0/curator-framework-2.12.0.jar:/home/user/.m2/repository/com/jcraft/jsch/0.1.54/jsch-0.1.54.jar:/home/user/.m2/repository/org/apache/curator/curator-client/2.12.0/curator-client-2.12.0.jar:/home/user/.m2/repository/org/apache/curator/curator-recipes/2.12.0/curator-recipes-2.12.0.jar:/home/user/.m2/repository/com/google/code/findbugs/jsr305/3.0.0/jsr305-3.0.0.jar:/home/user/.m2/repository/org/apache/htrace/htrace-core4/4.1.0-incubating/htrace-core4-4.1.0-incubating.jar:/home/user/.m2/repository/org/apache/zookeeper/zookeeper/3.4.13/zookeeper-3.4.13.jar:/home/user/.m2/repository/jline/jline/0.9.94/jline-0.9.94.jar:/home/user/.m2/repository/org/apache/yetus/audience-annotations/0.5.0/audience-annotations-0.5.0.jar:/home/user/.m2/repository/org/apache/kerby/kerb-simplekdc/1.0.1/kerb-simplekdc-1.0.1.jar:/home/user/.m2/repository/org/apache/kerby/kerb-client/1.0.1/kerb-client-1.0.1.jar:/home/user/.m2/repository/org/apache/kerby/kerby-config/1.0.1/kerby-config-1.0.1.jar:/home/user/.m2/repository/org/apache/kerby/kerb-core/1.0.1/kerb-core-1.0.1.jar:/home/user/.m2/repository/org/apache/kerby/kerby-pkix/1.0.1/kerby-pkix-1.0.1.jar:/home/user/.m2/repository/org/apache/kerby/kerby-asn1/1.0.1/kerby-asn1-1.0.1.jar:/home/user/.m2/repository/org/apache/kerby/kerby-util/1.0.1/kerby-util-1.0.1.jar:/home/user/.m2/repository/org/apache/kerby/kerb-common/1.0.1/kerb-common-1.0.1.jar:/home/user/.m2/repository/org/apache/kerby/kerb-crypto/1.0.1/kerb-crypto-1.0.1.jar:/home/user/.m2/repository/org/apache/kerby/kerb-util/1.0.1/kerb-util-1.0.1.jar:/home/user/.m2/repository/org/apache/kerby/token-provider/1.0.1/token-provider-1.0.1.jar:/home/user/.m2/repository/org/apache/kerby/kerb-admin/1.0.1/kerb-admin-1.0.1.jar:/home/user/.m2/repository/org/apache/kerby/kerb-server/1.0.1/kerb-server-1.0.1.jar:/home/user/.m2/repository/org/apache/kerby/kerb-identity/1.0.1/kerb-identity-1.0.1.jar:/home/user/.m2/repository/org/apache/kerby/kerby-xdr/1.0.1/kerby-xdr-1.0.1.jar:/home/user/.m2/repository/com/fasterxml/jackson/core/jackson-databind/2.9.9/jackson-databind-2.9.9.jar:/home/user/.m2/repository/com/fasterxml/jackson/core/jackson-core/2.9.9/jackson-core-2.9.9.jar:/home/user/.m2/repository/org/codehaus/woodstox/stax2-api/3.1.4/stax2-api-3.1.4.jar:/home/user/.m2/repository/com/fasterxml/woodstox/woodstox-core/5.0.3/woodstox-core-5.0.3.jar:/home/user/.m2/repository/dnsjava/dnsjava/2.1.7/dnsjava-2.1.7.jar:/home/user/.m2/repository/org/apache/hadoop/hadoop-hdfs/3.2.0/hadoop-hdfs-3.2.0.jar:/home/user/.m2/repository/org/eclipse/jetty/jetty-util-ajax/9.3.25.v20180904/jetty-util-ajax-9.3.25.v20180904.jar:/home/user/.m2/repository/commons-daemon/commons-daemon/1.0.13/commons-daemon-1.0.13.jar:/home/user/.m2/repository/io/netty/netty/3.10.5.Final/netty-3.10.5.Final.jar:/home/user/.m2/repository/io/netty/netty-all/4.0.52.Final/netty-all-4.0.52.Final.jar:/home/user/.m2/repository/org/fusesource/leveldbjni/leveldbjni-all/1.8/leveldbjni-all-1.8.jar:/home/user/.m2/repository/com/sun/xml/bind/jaxb-core/2.3.0.1/jaxb-core-2.3.0.1.jar:/home/user/.m2/repository/javax/xml/bind/jaxb-api/2.3.0/jaxb-api-2.3.0.jar:/home/user/.m2/repository/javax/activation/activation/1.1.1/activation-1.1.1.jar:/home/user/.m2/repository/io/dropwizard/metrics/metrics-core/3.2.4/metrics-core-3.2.4.jar:/home/user/.m2/repository/org/openjdk/jmh/jmh-core/1.19/jmh-core-1.19.jar:/home/user/.m2/repository/net/sf/jopt-simple/jopt-simple/4.6/jopt-simple-4.6.jar:/home/user/.m2/repository/org/openjdk/jmh/jmh-generator-annprocess/1.19/jmh-generator-annprocess-1.19.jar:/home/user/.m2/repository/com/amazonaws/aws-java-sdk-s3/1.11.615/aws-java-sdk-s3-1.11.615.jar:/home/user/.m2/repository/com/amazonaws/aws-java-sdk-kms/1.11.615/aws-java-sdk-kms-1.11.615.jar:/home/user/.m2/repository/com/amazonaws/aws-java-sdk-core/1.11.615/aws-java-sdk-core-1.11.615.jar:/home/user/.m2/repository/software/amazon/ion/ion-java/1.0.2/ion-java-1.0.2.jar:/home/user/.m2/repository/com/fasterxml/jackson/dataformat/jackson-dataformat-cbor/2.9.9/jackson-dataformat-cbor-2.9.9.jar:/home/user/.m2/repository/joda-time/joda-time/2.9.9/joda-time-2.9.9.jar:/home/user/.m2/repository/com/amazonaws/jmespath-java/1.11.615/jmespath-java-1.11.615.jar:/home/user/.m2/repository/com/google/code/findbugs/findbugs/3.0.1/findbugs-3.0.1.jar:/home/user/.m2/repository/net/jcip/jcip-annotations/1.0/jcip-annotations-1.0.jar:/home/user/.m2/repository/com/google/code/findbugs/bcel-findbugs/6.0/bcel-findbugs-6.0.jar:/home/user/.m2/repository/com/google/code/findbugs/jFormatString/2.0.1/jFormatString-2.0.1.jar:/home/user/.m2/repository/dom4j/dom4j/1.6.1/dom4j-1.6.1.jar:/home/user/.m2/repository/xml-apis/xml-apis/1.0.b2/xml-apis-1.0.b2.jar:/home/user/.m2/repository/org/ow2/asm/asm-debug-all/5.0.2/asm-debug-all-5.0.2.jar:/home/user/.m2/repository/org/ow2/asm/asm-commons/5.0.2/asm-commons-5.0.2.jar:/home/user/.m2/repository/org/ow2/asm/asm-tree/5.0.2/asm-tree-5.0.2.jar:/home/user/.m2/repository/org/ow2/asm/asm/5.0.4/asm-5.0.4.jar:/home/user/.m2/repository/commons-lang/commons-lang/2.6/commons-lang-2.6.jar:/home/user/.m2/repository/com/apple/AppleJavaExtensions/1.4/AppleJavaExtensions-1.4.jar:/home/user/.m2/repository/jaxen/jaxen/1.1.6/jaxen-1.1.6.jar:/home/user/.m2/repository/junit/junit/4.11/junit-4.11.jar:/home/user/.m2/repository/org/hamcrest/hamcrest-core/1.3/hamcrest-core-1.3.jar:/home/user/.m2/repository/org/apache/hadoop/hadoop-common/3.2.0/hadoop-common-3.2.0-tests.jar:/workdir/hadoop-ozone/integration-test/target/test-classes:/home/user/.m2/repository/org/apache/hadoop/hadoop-ozone-s3gateway/0.5.0-SNAPSHOT/hadoop-ozone-s3gateway-0.5.0-SNAPSHOT.jar:/home/user/.m2/repository/org/jboss/weld/servlet/weld-servlet/2.4.7.Final/weld-servlet-2.4.7.Final.jar:/home/user/.m2/repository/org/glassfish/jersey/containers/jersey-container-servlet-core/2.27/jersey-container-servlet-core-2.27.jar:/home/user/.m2/repository/org/glassfish/hk2/external/javax.inject/2.5.0-b42/javax.inject-2.5.0-b42.jar:/home/user/.m2/repository/org/glassfish/jersey/core/jersey-common/2.27/jersey-common-2.27.jar:/home/user/.m2/repository/org/glassfish/hk2/osgi-resource-locator/1.0.1/osgi-resource-locator-1.0.1.jar:/home/user/.m2/repository/javax/ws/rs/javax.ws.rs-api/2.1/javax.ws.rs-api-2.1.jar:/home/user/.m2/repository/org/glassfish/jersey/ext/cdi/jersey-cdi1x/2.27/jersey-cdi1x-2.27.jar:/home/user/.m2/repository/org/glassfish/jersey/inject/jersey-hk2/2.27/jersey-hk2-2.27.jar:/home/user/.m2/repository/org/glassfish/hk2/hk2-locator/2.5.0-b42/hk2-locator-2.5.0-b42.jar:/home/user/.m2/repository/org/javassist/javassist/3.22.0-CR2/javassist-3.22.0-CR2.jar:/home/user/.m2/repository/org/glassfish/hk2/hk2-api/2.5.0/hk2-api-2.5.0.jar:/home/user/.m2/repository/org/glassfish/hk2/external/jakarta.inject/2.5.0/jakarta.inject-2.5.0.jar:/home/user/.m2/repository/org/glassfish/hk2/hk2-utils/2.5.0/hk2-utils-2.5.0.jar:/home/user/.m2/repository/jakarta/annotation/jakarta.annotation-api/1.3.4/jakarta.annotation-api-1.3.4.jar:/home/user/.m2/repository/org/glassfish/hk2/external/aopalliance-repackaged/2.5.0/aopalliance-repackaged-2.5.0.jar:/home/user/.m2/repository/com/fasterxml/jackson/dataformat/jackson-dataformat-xml/2.9.0/jackson-dataformat-xml-2.9.0.jar:/home/user/.m2/repository/com/fasterxml/jackson/module/jackson-module-jaxb-annotations/2.9.9/jackson-module-jaxb-annotations-2.9.9.jar:/home/user/.m2/repository/javax/enterprise/cdi-api/1.2/cdi-api-1.2.jar:/home/user/.m2/repository/javax/el/javax.el-api/3.0.0/javax.el-api-3.0.0.jar:/home/user/.m2/repository/javax/interceptor/javax.interceptor-api/1.2/javax.interceptor-api-1.2.jar:/home/user/.m2/repository/javax/inject/javax.inject/1/javax.inject-1.jar:/home/user/.m2/repository/org/apache/hadoop/hadoop-ozone-csi/0.5.0-SNAPSHOT/hadoop-ozone-csi-0.5.0-SNAPSHOT.jar:/home/user/.m2/repository/com/google/protobuf/protobuf-java-util/3.5.1/protobuf-java-util-3.5.1.jar:/home/user/.m2/repository/io/grpc/grpc-netty/1.17.1/grpc-netty-1.17.1.jar:/home/user/.m2/repository/io/grpc/grpc-core/1.17.1/grpc-core-1.17.1.jar:/home/user/.m2/repository/io/grpc/grpc-context/1.17.1/grpc-context-1.17.1.jar:/home/user/.m2/repository/com/google/errorprone/error_prone_annotations/2.2.0/error_prone_annotations-2.2.0.jar:/home/user/.m2/repository/org/codehaus/mojo/animal-sniffer-annotations/1.17/animal-sniffer-annotations-1.17.jar:/home/user/.m2/repository/io/opencensus/opencensus-api/0.17.0/opencensus-api-0.17.0.jar:/home/user/.m2/repository/io/opencensus/opencensus-contrib-grpc-metrics/0.17.0/opencensus-contrib-grpc-metrics-0.17.0.jar:/home/user/.m2/repository/io/netty/netty-codec-http2/4.1.30.Final/netty-codec-http2-4.1.30.Final.jar:/home/user/.m2/repository/io/netty/netty-codec-http/4.1.30.Final/netty-codec-http-4.1.30.Final.jar:/home/user/.m2/repository/io/netty/netty-codec/4.1.30.Final/netty-codec-4.1.30.Final.jar:/home/user/.m2/repository/io/netty/netty-handler/4.1.30.Final/netty-handler-4.1.30.Final.jar:/home/user/.m2/repository/io/netty/netty-handler-proxy/4.1.30.Final/netty-handler-proxy-4.1.30.Final.jar:/home/user/.m2/repository/io/netty/netty-codec-socks/4.1.30.Final/netty-codec-socks-4.1.30.Final.jar:/home/user/.m2/repository/io/netty/netty-transport-native-epoll/4.1.30.Final/netty-transport-native-epoll-4.1.30.Final.jar:/home/user/.m2/repository/io/netty/netty-common/4.1.30.Final/netty-common-4.1.30.Final.jar:/home/user/.m2/repository/io/netty/netty-buffer/4.1.30.Final/netty-buffer-4.1.30.Final.jar:/home/user/.m2/repository/io/netty/netty-transport/4.1.30.Final/netty-transport-4.1.30.Final.jar:/home/user/.m2/repository/io/netty/netty-resolver/4.1.30.Final/netty-resolver-4.1.30.Final.jar:/home/user/.m2/repository/io/netty/netty-transport-native-unix-common/4.1.30.Final/netty-transport-native-unix-common-4.1.30.Final.jar:/home/user/.m2/repository/io/grpc/grpc-protobuf/1.17.1/grpc-protobuf-1.17.1.jar:/home/user/.m2/repository/com/google/api/grpc/proto-google-common-protos/1.0.0/proto-google-common-protos-1.0.0.jar:/home/user/.m2/repository/io/grpc/grpc-protobuf-lite/1.17.1/grpc-protobuf-lite-1.17.1.jar:/home/user/.m2/repository/io/grpc/grpc-stub/1.17.1/grpc-stub-1.17.1.jar:/home/user/.m2/repository/org/apache/hadoop/hadoop-ozone-recon/0.5.0-SNAPSHOT/hadoop-ozone-recon-0.5.0-SNAPSHOT.jar:/home/user/.m2/repository/org/apache/hadoop/hadoop-ozone-reconcodegen/0.5.0-SNAPSHOT/hadoop-ozone-reconcodegen-0.5.0-SNAPSHOT.jar:/home/user/.m2/repository/com/google/inject/extensions/guice-multibindings/4.0/guice-multibindings-4.0.jar:/home/user/.m2/repository/com/google/inject/guice/4.0/guice-4.0.jar:/home/user/.m2/repository/aopalliance/aopalliance/1.0/aopalliance-1.0.jar:/home/user/.m2/repository/com/google/inject/extensions/guice-servlet/4.0/guice-servlet-4.0.jar:/home/user/.m2/repository/org/glassfish/jersey/containers/jersey-container-servlet/2.27/jersey-container-servlet-2.27.jar:/home/user/.m2/repository/org/glassfish/hk2/guice-bridge/2.5.0/guice-bridge-2.5.0.jar:/home/user/.m2/repository/org/glassfish/jersey/core/jersey-server/2.27/jersey-server-2.27.jar:/home/user/.m2/repository/org/glassfish/jersey/core/jersey-client/2.27/jersey-client-2.27.jar:/home/user/.m2/repository/org/glassfish/jersey/media/jersey-media-jaxb/2.27/jersey-media-jaxb-2.27.jar:/home/user/.m2/repository/javax/validation/validation-api/1.1.0.Final/validation-api-1.1.0.Final.jar:/home/user/.m2/repository/org/glassfish/jersey/media/jersey-media-json-jackson/2.27/jersey-media-json-jackson-2.27.jar:/home/user/.m2/repository/org/glassfish/jersey/ext/jersey-entity-filtering/2.27/jersey-entity-filtering-2.27.jar:/home/user/.m2/repository/com/google/inject/extensions/guice-assistedinject/4.0/guice-assistedinject-4.0.jar:/home/user/.m2/repository/org/jooq/jooq/3.11.10/jooq-3.11.10.jar:/home/user/.m2/repository/org/jooq/jooq-meta/3.11.10/jooq-meta-3.11.10.jar:/home/user/.m2/repository/org/jooq/jooq-codegen/3.11.10/jooq-codegen-3.11.10.jar:/home/user/.m2/repository/com/jolbox/bonecp/0.8.0.RELEASE/bonecp-0.8.0.RELEASE.jar:/home/user/.m2/repository/org/springframework/spring-jdbc/5.1.3.RELEASE/spring-jdbc-5.1.3.RELEASE.jar:/home/user/.m2/repository/org/springframework/spring-beans/5.1.3.RELEASE/spring-beans-5.1.3.RELEASE.jar:/home/user/.m2/repository/org/springframework/spring-core/5.1.3.RELEASE/spring-core-5.1.3.RELEASE.jar:/home/user/.m2/repository/org/springframework/spring-jcl/5.1.3.RELEASE/spring-jcl-5.1.3.RELEASE.jar:/home/user/.m2/repository/org/springframework/spring-tx/5.1.3.RELEASE/spring-tx-5.1.3.RELEASE.jar:/home/user/.m2/repository/org/mockito/mockito-core/2.15.0/mockito-core-2.15.0.jar:/home/user/.m2/repository/net/bytebuddy/byte-buddy/1.7.9/byte-buddy-1.7.9.jar:/home/user/.m2/repository/net/bytebuddy/byte-buddy-agent/1.7.9/byte-buddy-agent-1.7.9.jar:/home/user/.m2/repository/org/objenesis/objenesis/1.0/objenesis-1.0.jar:"/>
    <property name="sun.cpu.endian" value="little"/>
    <property name="user.home" value="/home/user"/>
    <property name="user.language" value="en"/>
    <property name="java.specification.vendor" value="Oracle Corporation"/>
    <property name="java.home" value="/usr/lib/jvm/java-1.8-openjdk/jre"/>
    <property name="java.security.krb5.conf" value="/workdir/hadoop-ozone/tools/target/test-classes/krb5.conf"/>
    <property name="basedir" value="/workdir/hadoop-ozone/tools"/>
    <property name="file.separator" value="/"/>
    <property name="line.separator" value="&#10;"/>
    <property name="java.vm.specification.vendor" value="Oracle Corporation"/>
    <property name="java.specification.name" value="Java Platform API Specification"/>
    <property name="java.awt.graphicsenv" value="sun.awt.X11GraphicsEnvironment"/>
    <property name="surefire.real.class.path" value="/workdir/hadoop-ozone/tools/target/surefire/surefirebooter220479047743915269.jar"/>
    <property name="hadoop.log.dir" value="/workdir/hadoop-ozone/tools/target/log"/>
    <property name="sun.boot.class.path" value="/usr/lib/jvm/java-1.8-openjdk/jre/lib/resources.jar:/usr/lib/jvm/java-1.8-openjdk/jre/lib/rt.jar:/usr/lib/jvm/java-1.8-openjdk/jre/lib/sunrsasign.jar:/usr/lib/jvm/java-1.8-openjdk/jre/lib/jsse.jar:/usr/lib/jvm/java-1.8-openjdk/jre/lib/jce.jar:/usr/lib/jvm/java-1.8-openjdk/jre/lib/charsets.jar:/usr/lib/jvm/java-1.8-openjdk/jre/lib/jfr.jar:/usr/lib/jvm/java-1.8-openjdk/jre/classes"/>
    <property name="sun.management.compiler" value="HotSpot 64-Bit Tiered Compilers"/>
    <property name="java.runtime.version" value="1.8.0_212-b04"/>
    <property name="java.net.preferIPv4Stack" value="true"/>
    <property name="user.name" value="jenkins1000"/>
    <property name="path.separator" value=":"/>
    <property name="java.security.egd" value="file:///dev/urandom"/>
    <property name="os.version" value="3.10.0-957.12.2.el7.x86_64"/>
    <property name="java.endorsed.dirs" value="/usr/lib/jvm/java-1.8-openjdk/jre/lib/endorsed"/>
    <property name="java.runtime.name" value="OpenJDK Runtime Environment"/>
    <property name="file.encoding" value="UTF-8"/>
    <property name="java.vm.name" value="OpenJDK 64-Bit Server VM"/>
    <property name="test.build.webapps" value=""/>
    <property name="localRepository" value="/home/user/.m2/repository"/>
    <property name="java.vendor.url.bug" value="https://icedtea.classpath.org/bugzilla"/>
    <property name="java.io.tmpdir" value="/tmp"/>
    <property name="require.test.libhadoop" value=""/>
    <property name="java.version" value="1.8.0_212"/>
    <property name="user.dir" value="/workdir/hadoop-ozone/tools"/>
    <property name="os.arch" value="amd64"/>
    <property name="java.vm.specification.name" value="Java Virtual Machine Specification"/>
    <property name="test.build.classes" value="/workdir/hadoop-ozone/tools/target/test-classes"/>
    <property name="java.awt.printerjob" value="sun.print.PSPrinterJob"/>
    <property name="sun.os.patch.level" value="unknown"/>
    <property name="hadoop.tmp.dir" value="/workdir/hadoop-ozone/tools/target/tmp"/>
    <property name="java.library.path" value="/usr/lib/jvm/java-1.8-openjdk/jre/lib/amd64/server:/usr/lib/jvm/java-1.8-openjdk/jre/lib/amd64:/usr/lib/jvm/java-1.8-openjdk/jre/../lib/amd64:/workdir/hadoop-ozone/tools/target/native/target/usr/local/lib:/workdir/hadoop-ozone/tools/../../hadoop-common-project/hadoop-common/target/native/target/usr/local/lib:/usr/java/packages/lib/amd64:/usr/lib64:/lib64:/lib:/usr/lib"/>
    <property name="java.vm.info" value="mixed mode"/>
    <property name="java.vendor" value="IcedTea"/>
    <property name="java.vm.version" value="25.212-b04"/>
    <property name="java.ext.dirs" value="/usr/lib/jvm/java-1.8-openjdk/jre/lib/ext:/usr/java/packages/lib/ext"/>
    <property name="sun.io.unicode.encoding" value="UnicodeLittle"/>
    <property name="java.class.version" value="52.0"/>
  </properties>
  <testcase name="validateWriteTest" classname="org.apache.hadoop.ozone.freon.TestDataValidateWithDummyContainers" time="0.001"/>
  <testcase name="ratisTestLargeKey" classname="org.apache.hadoop.ozone.freon.TestDataValidateWithDummyContainers" time="6.578">
    <error message="Allocated 0 blocks. Requested 5 blocks" type="INTERNAL_ERROR org.apache.hadoop.ozone.om.exceptions.OMException">INTERNAL_ERROR org.apache.hadoop.ozone.om.exceptions.OMException: Allocated 0 blocks. Requested 5 blocks
	at org.apache.hadoop.ozone.om.protocolPB.OzoneManagerProtocolClientSideTranslatorPB.handleError(OzoneManagerProtocolClientSideTranslatorPB.java:732)
	at org.apache.hadoop.ozone.om.protocolPB.OzoneManagerProtocolClientSideTranslatorPB.openKey(OzoneManagerProtocolClientSideTranslatorPB.java:723)
	at sun.reflect.NativeMethodAccessorImpl.invoke0(Native Method)
	at sun.reflect.NativeMethodAccessorImpl.invoke(NativeMethodAccessorImpl.java:62)
	at sun.reflect.DelegatingMethodAccessorImpl.invoke(DelegatingMethodAccessorImpl.java:43)
	at java.lang.reflect.Method.invoke(Method.java:498)
	at org.apache.hadoop.hdds.tracing.TraceAllMethod.invoke(TraceAllMethod.java:66)
	at com.sun.proxy.$Proxy37.openKey(Unknown Source)
	at org.apache.hadoop.ozone.client.rpc.RpcClient.createKey(RpcClient.java:614)
	at org.apache.hadoop.ozone.client.OzoneBucket.createKey(OzoneBucket.java:325)
	at org.apache.hadoop.ozone.freon.RandomKeyGenerator.createKey(RandomKeyGenerator.java:695)
	at org.apache.hadoop.ozone.freon.RandomKeyGenerator.access$1100(RandomKeyGenerator.java:88)
	at org.apache.hadoop.ozone.freon.RandomKeyGenerator$ObjectCreator.run(RandomKeyGenerator.java:615)
	at java.util.concurrent.Executors$RunnableAdapter.call(Executors.java:511)
	at java.util.concurrent.FutureTask.run(FutureTask.java:266)
	at java.util.concurrent.ThreadPoolExecutor.runWorker(ThreadPoolExecutor.java:1149)
	at java.util.concurrent.ThreadPoolExecutor$Worker.run(ThreadPoolExecutor.java:624)
	at java.lang.Thread.run(Thread.java:748)
</error>
    <system-out><![CDATA[2019-09-26 13:37:12,956 [pool-57-thread-1] INFO  storage.RaftStorageDirectory (RaftStorageDirectory.java:tryLock(328)) - Lock on /workdir/hadoop-ozone/tools/target/test-dir/MiniOzoneClusterImpl-3a20bb1b-dac2-4ca8-91d1-f72b8431aeb5/datanode-3/data/ratis/3e8c37c4-b012-4edf-aba9-7d0f6eef491c/in_use.lock acquired by nodename 20735@pr-hdds-1569-87zkn-1081879488
2019-09-26 13:37:12,959 [main] INFO  freon.RandomKeyGenerator (RandomKeyGenerator.java:call(258)) - Override validateWrites to false, because hdds.container.chunk.persistdata is set to false.
2019-09-26 13:37:12,968 [pool-57-thread-1] INFO  storage.RaftStorage (RaftStorage.java:format(72)) - Storage directory /workdir/hadoop-ozone/tools/target/test-dir/MiniOzoneClusterImpl-3a20bb1b-dac2-4ca8-91d1-f72b8431aeb5/datanode-3/data/ratis/3e8c37c4-b012-4edf-aba9-7d0f6eef491c has been successfully formatted.
2019-09-26 13:37:12,969 [pool-57-thread-1] INFO  ratis.ContainerStateMachine (ContainerStateMachine.java:loadSnapshot(230)) - group-7D0F6EEF491C: The snapshot info is null. Setting the last applied indexto:(t:0, i:~)
2019-09-26 13:37:12,969 [pool-57-thread-1] INFO  server.RaftServerConfigKeys (ConfUtils.java:logGet(43)) - raft.server.notification.no-leader.timeout = 120s (custom)
2019-09-26 13:37:12,969 [pool-57-thread-1] INFO  server.RaftServerConfigKeys (ConfUtils.java:logGet(43)) - raft.server.log.use.memory = false (default)
2019-09-26 13:37:12,969 [pool-57-thread-1] INFO  server.RaftServerConfigKeys (ConfUtils.java:logGet(43)) - raft.server.log.purge.gap = 1000000 (custom)
2019-09-26 13:37:12,969 [pool-57-thread-1] INFO  server.RaftServerConfigKeys (ConfUtils.java:logGet(43)) - raft.server.log.appender.buffer.byte-limit = 33554432 (custom)
2019-09-26 13:37:12,969 [pool-57-thread-1] INFO  server.RaftServerConfigKeys (ConfUtils.java:logGet(43)) - raft.server.log.segment.size.max = 1048576 (custom)
2019-09-26 13:37:12,970 [pool-57-thread-1] INFO  server.RaftServerConfigKeys (ConfUtils.java:logGet(43)) - raft.server.log.segment.cache.num.max = 2 (custom)
2019-09-26 13:37:12,970 [pool-57-thread-1] INFO  segmented.SegmentedRaftLogWorker (SegmentedRaftLogWorker.java:<init>(172)) - new 9bae32d7-3aab-4e1e-ace1-c4157a7584ea@group-7D0F6EEF491C-SegmentedRaftLogWorker for RaftStorage:Storage Directory /workdir/hadoop-ozone/tools/target/test-dir/MiniOzoneClusterImpl-3a20bb1b-dac2-4ca8-91d1-f72b8431aeb5/datanode-3/data/ratis/3e8c37c4-b012-4edf-aba9-7d0f6eef491c
2019-09-26 13:37:12,970 [pool-57-thread-1] INFO  server.RaftServerConfigKeys (ConfUtils.java:logGet(43)) - raft.server.log.queue.byte-limit = 2147483647 (custom)
2019-09-26 13:37:12,970 [pool-57-thread-1] INFO  server.RaftServerConfigKeys (ConfUtils.java:logGet(43)) - raft.server.log.queue.element-limit = 1024 (custom)
2019-09-26 13:37:12,970 [pool-57-thread-1] INFO  server.RaftServerConfigKeys (ConfUtils.java:logGet(43)) - raft.server.log.segment.size.max = 1048576 (custom)
2019-09-26 13:37:12,970 [pool-57-thread-1] INFO  server.RaftServerConfigKeys (ConfUtils.java:logGet(43)) - raft.server.log.preallocated.size = 16384 (custom)
2019-09-26 13:37:12,971 [pool-57-thread-1] INFO  server.RaftServerConfigKeys (ConfUtils.java:logGet(43)) - raft.server.log.write.buffer.size = 33554432 (custom)
2019-09-26 13:37:12,971 [pool-57-thread-1] INFO  server.RaftServerConfigKeys (ConfUtils.java:logGet(43)) - raft.server.log.force.sync.num = 128 (default)
2019-09-26 13:37:12,971 [pool-57-thread-1] INFO  server.RaftServerConfigKeys (ConfUtils.java:logGet(43)) - raft.server.log.statemachine.data.sync = true (default)
2019-09-26 13:37:12,971 [pool-57-thread-1] INFO  server.RaftServerConfigKeys (ConfUtils.java:logGet(43)) - raft.server.log.statemachine.data.sync.timeout = 10s (default)
2019-09-26 13:37:12,971 [pool-57-thread-1] INFO  server.RaftServerConfigKeys (ConfUtils.java:logGet(43)) - raft.server.log.statemachine.data.sync.timeout.retry = -1 (default)
2019-09-26 13:37:12,972 [pool-57-thread-1] INFO  server.RaftServerConfigKeys (ConfUtils.java:logGet(43)) - raft.server.log.statemachine.data.caching.enabled = true (custom)
2019-09-26 13:37:12,972 [pool-57-thread-1] INFO  segmented.SegmentedRaftLogWorker (SegmentedRaftLogWorker.java:lambda$new$0(132)) - 9bae32d7-3aab-4e1e-ace1-c4157a7584ea@group-7D0F6EEF491C-SegmentedRaftLogWorker: flushIndex: setUnconditionally 0 -> -1
2019-09-26 13:37:12,972 [pool-57-thread-1] INFO  server.RaftServerConfigKeys (ConfUtils.java:logGet(43)) - raft.server.snapshot.auto.trigger.enabled = true (custom)
2019-09-26 13:37:12,972 [pool-57-thread-1] INFO  server.RaftServerConfigKeys (ConfUtils.java:logGet(43)) - raft.server.snapshot.auto.trigger.threshold = 10000 (custom)
2019-09-26 13:37:12,972 [pool-57-thread-1] INFO  server.RaftServerConfigKeys (ConfUtils.java:logGet(43)) - raft.server.snapshot.retention.num.files = 5 (custom)
2019-09-26 13:37:12,973 [pool-57-thread-1] INFO  server.RaftServerConfigKeys (ConfUtils.java:logGet(43)) - raft.server.retrycache.expirytime = 600000ms (custom)
2019-09-26 13:37:12,977 [pool-57-thread-1] INFO  impl.RaftServerImpl (RaftServerImpl.java:start(185)) - 9bae32d7-3aab-4e1e-ace1-c4157a7584ea@group-7D0F6EEF491C: start as a follower, conf=-1: [9bae32d7-3aab-4e1e-ace1-c4157a7584ea:192.168.164.238:36744], old=null
2019-09-26 13:37:12,978 [pool-57-thread-1] INFO  impl.RaftServerImpl (RaftServerImpl.java:setRole(174)) - 9bae32d7-3aab-4e1e-ace1-c4157a7584ea@group-7D0F6EEF491C: changes role from      null to FOLLOWER at term 0 for startAsFollower
2019-09-26 13:37:12,978 [pool-57-thread-1] INFO  impl.RoleInfo (RoleInfo.java:updateAndGet(143)) - 9bae32d7-3aab-4e1e-ace1-c4157a7584ea: start FollowerState
2019-09-26 13:37:12,978 [pool-57-thread-1] INFO  util.JmxRegister (JmxRegister.java:tryRegister(44)) - Successfully registered JMX Bean with object name Ratis:service=RaftServer,group=group-7D0F6EEF491C,id=9bae32d7-3aab-4e1e-ace1-c4157a7584ea
2019-09-26 13:37:12,996 [RatisPipelineUtilsThread] INFO  pipeline.PipelineStateManager (PipelineStateManager.java:addPipeline(56)) - Created pipeline Pipeline[ Id: 3e8c37c4-b012-4edf-aba9-7d0f6eef491c, Nodes: 9bae32d7-3aab-4e1e-ace1-c4157a7584ea{ip: 192.168.164.238, host: pr-hdds-1569-87zkn-1081879488, networkLocation: /default-rack, certSerialId: null}, Type:RATIS, Factor:ONE, State:OPEN]
2019-09-26 13:37:13,011 [grpc-default-executor-0] INFO  impl.RaftServerProxy (RaftServerProxy.java:addNew(89)) - 9bae32d7-3aab-4e1e-ace1-c4157a7584ea: addNew group-86FC02878FC3:[9bae32d7-3aab-4e1e-ace1-c4157a7584ea:192.168.164.238:36744] returns group-86FC02878FC3:java.util.concurrent.CompletableFuture@4d6bf241[Not completed]
2019-09-26 13:37:13,013 [pool-57-thread-1] INFO  impl.RaftServerImpl (RaftServerImpl.java:<init>(95)) - 9bae32d7-3aab-4e1e-ace1-c4157a7584ea: new RaftServerImpl for group-86FC02878FC3:[9bae32d7-3aab-4e1e-ace1-c4157a7584ea:192.168.164.238:36744] with ContainerStateMachine:uninitialized
2019-09-26 13:37:13,013 [pool-57-thread-1] INFO  server.RaftServerConfigKeys (ConfUtils.java:logGet(43)) - raft.server.rpc.timeout.min = 5s (custom)
2019-09-26 13:37:13,013 [pool-57-thread-1] INFO  server.RaftServerConfigKeys (ConfUtils.java:logGet(43)) - raft.server.rpc.timeout.max = 5200ms (custom)
2019-09-26 13:37:13,013 [pool-57-thread-1] INFO  server.RaftServerConfigKeys (ConfUtils.java:logGet(43)) - raft.server.rpcslowness.timeout = 120s (custom)
2019-09-26 13:37:13,013 [pool-57-thread-1] INFO  server.RaftServerConfigKeys (ConfUtils.java:logGet(43)) - raft.server.sleep.deviation.threshold = 300 (default)
2019-09-26 13:37:13,014 [pool-57-thread-1] INFO  server.RaftServerConfigKeys (ConfUtils.java:logGet(43)) - raft.server.log.appender.install.snapshot.enabled = false (custom)
2019-09-26 13:37:13,014 [pool-57-thread-1] INFO  impl.RaftServerImpl (ServerState.java:<init>(103)) - 9bae32d7-3aab-4e1e-ace1-c4157a7584ea@group-86FC02878FC3: ConfigurationManager, init=-1: [9bae32d7-3aab-4e1e-ace1-c4157a7584ea:192.168.164.238:36744], old=null, confs=<EMPTY_MAP>
2019-09-26 13:37:13,014 [pool-57-thread-1] INFO  server.RaftServerConfigKeys (ConfUtils.java:logGet(43)) - raft.server.storage.dir = [/workdir/hadoop-ozone/tools/target/test-dir/MiniOzoneClusterImpl-3a20bb1b-dac2-4ca8-91d1-f72b8431aeb5/datanode-3/data/ratis] (custom)
2019-09-26 13:37:13,014 [pool-57-thread-1] INFO  storage.RaftStorageDirectory (RaftStorageDirectory.java:analyzeStorage(246)) - The storage directory /workdir/hadoop-ozone/tools/target/test-dir/MiniOzoneClusterImpl-3a20bb1b-dac2-4ca8-91d1-f72b8431aeb5/datanode-3/data/ratis/8d0130ef-8bd3-4cb7-a87b-86fc02878fc3 does not exist. Creating ...
2019-09-26 13:37:13,027 [pool-57-thread-1] INFO  storage.RaftStorageDirectory (RaftStorageDirectory.java:tryLock(328)) - Lock on /workdir/hadoop-ozone/tools/target/test-dir/MiniOzoneClusterImpl-3a20bb1b-dac2-4ca8-91d1-f72b8431aeb5/datanode-3/data/ratis/8d0130ef-8bd3-4cb7-a87b-86fc02878fc3/in_use.lock acquired by nodename 20735@pr-hdds-1569-87zkn-1081879488
2019-09-26 13:37:13,040 [pool-57-thread-1] INFO  storage.RaftStorage (RaftStorage.java:format(72)) - Storage directory /workdir/hadoop-ozone/tools/target/test-dir/MiniOzoneClusterImpl-3a20bb1b-dac2-4ca8-91d1-f72b8431aeb5/datanode-3/data/ratis/8d0130ef-8bd3-4cb7-a87b-86fc02878fc3 has been successfully formatted.
2019-09-26 13:37:13,040 [pool-57-thread-1] INFO  ratis.ContainerStateMachine (ContainerStateMachine.java:loadSnapshot(230)) - group-86FC02878FC3: The snapshot info is null. Setting the last applied indexto:(t:0, i:~)
2019-09-26 13:37:13,040 [pool-57-thread-1] INFO  server.RaftServerConfigKeys (ConfUtils.java:logGet(43)) - raft.server.notification.no-leader.timeout = 120s (custom)
2019-09-26 13:37:13,040 [pool-57-thread-1] INFO  server.RaftServerConfigKeys (ConfUtils.java:logGet(43)) - raft.server.log.use.memory = false (default)
2019-09-26 13:37:13,041 [pool-57-thread-1] INFO  server.RaftServerConfigKeys (ConfUtils.java:logGet(43)) - raft.server.log.purge.gap = 1000000 (custom)
2019-09-26 13:37:13,041 [pool-57-thread-1] INFO  server.RaftServerConfigKeys (ConfUtils.java:logGet(43)) - raft.server.log.appender.buffer.byte-limit = 33554432 (custom)
2019-09-26 13:37:13,041 [pool-57-thread-1] INFO  server.RaftServerConfigKeys (ConfUtils.java:logGet(43)) - raft.server.log.segment.size.max = 1048576 (custom)
2019-09-26 13:37:13,041 [pool-57-thread-1] INFO  server.RaftServerConfigKeys (ConfUtils.java:logGet(43)) - raft.server.log.segment.cache.num.max = 2 (custom)
2019-09-26 13:37:13,041 [pool-57-thread-1] INFO  segmented.SegmentedRaftLogWorker (SegmentedRaftLogWorker.java:<init>(172)) - new 9bae32d7-3aab-4e1e-ace1-c4157a7584ea@group-86FC02878FC3-SegmentedRaftLogWorker for RaftStorage:Storage Directory /workdir/hadoop-ozone/tools/target/test-dir/MiniOzoneClusterImpl-3a20bb1b-dac2-4ca8-91d1-f72b8431aeb5/datanode-3/data/ratis/8d0130ef-8bd3-4cb7-a87b-86fc02878fc3
2019-09-26 13:37:13,041 [pool-57-thread-1] INFO  server.RaftServerConfigKeys (ConfUtils.java:logGet(43)) - raft.server.log.queue.byte-limit = 2147483647 (custom)
2019-09-26 13:37:13,042 [pool-57-thread-1] INFO  server.RaftServerConfigKeys (ConfUtils.java:logGet(43)) - raft.server.log.queue.element-limit = 1024 (custom)
2019-09-26 13:37:13,042 [pool-57-thread-1] INFO  server.RaftServerConfigKeys (ConfUtils.java:logGet(43)) - raft.server.log.segment.size.max = 1048576 (custom)
2019-09-26 13:37:13,042 [pool-57-thread-1] INFO  server.RaftServerConfigKeys (ConfUtils.java:logGet(43)) - raft.server.log.preallocated.size = 16384 (custom)
2019-09-26 13:37:13,042 [pool-57-thread-1] INFO  server.RaftServerConfigKeys (ConfUtils.java:logGet(43)) - raft.server.log.write.buffer.size = 33554432 (custom)
2019-09-26 13:37:13,042 [pool-57-thread-1] INFO  server.RaftServerConfigKeys (ConfUtils.java:logGet(43)) - raft.server.log.force.sync.num = 128 (default)
2019-09-26 13:37:13,042 [pool-57-thread-1] INFO  server.RaftServerConfigKeys (ConfUtils.java:logGet(43)) - raft.server.log.statemachine.data.sync = true (default)
2019-09-26 13:37:13,043 [pool-57-thread-1] INFO  server.RaftServerConfigKeys (ConfUtils.java:logGet(43)) - raft.server.log.statemachine.data.sync.timeout = 10s (default)
2019-09-26 13:37:13,043 [pool-57-thread-1] INFO  server.RaftServerConfigKeys (ConfUtils.java:logGet(43)) - raft.server.log.statemachine.data.sync.timeout.retry = -1 (default)
2019-09-26 13:37:13,043 [pool-57-thread-1] INFO  server.RaftServerConfigKeys (ConfUtils.java:logGet(43)) - raft.server.log.statemachine.data.caching.enabled = true (custom)
2019-09-26 13:37:13,043 [pool-57-thread-1] INFO  segmented.SegmentedRaftLogWorker (SegmentedRaftLogWorker.java:lambda$new$0(132)) - 9bae32d7-3aab-4e1e-ace1-c4157a7584ea@group-86FC02878FC3-SegmentedRaftLogWorker: flushIndex: setUnconditionally 0 -> -1
2019-09-26 13:37:13,044 [pool-57-thread-1] INFO  server.RaftServerConfigKeys (ConfUtils.java:logGet(43)) - raft.server.snapshot.auto.trigger.enabled = true (custom)
2019-09-26 13:37:13,044 [pool-57-thread-1] INFO  server.RaftServerConfigKeys (ConfUtils.java:logGet(43)) - raft.server.snapshot.auto.trigger.threshold = 10000 (custom)
2019-09-26 13:37:13,044 [pool-57-thread-1] INFO  server.RaftServerConfigKeys (ConfUtils.java:logGet(43)) - raft.server.snapshot.retention.num.files = 5 (custom)
2019-09-26 13:37:13,044 [pool-57-thread-1] INFO  server.RaftServerConfigKeys (ConfUtils.java:logGet(43)) - raft.server.retrycache.expirytime = 600000ms (custom)
2019-09-26 13:37:13,049 [pool-57-thread-1] INFO  impl.RaftServerImpl (RaftServerImpl.java:start(185)) - 9bae32d7-3aab-4e1e-ace1-c4157a7584ea@group-86FC02878FC3: start as a follower, conf=-1: [9bae32d7-3aab-4e1e-ace1-c4157a7584ea:192.168.164.238:36744], old=null
2019-09-26 13:37:13,049 [pool-57-thread-1] INFO  impl.RaftServerImpl (RaftServerImpl.java:setRole(174)) - 9bae32d7-3aab-4e1e-ace1-c4157a7584ea@group-86FC02878FC3: changes role from      null to FOLLOWER at term 0 for startAsFollower
2019-09-26 13:37:13,049 [pool-57-thread-1] INFO  impl.RoleInfo (RoleInfo.java:updateAndGet(143)) - 9bae32d7-3aab-4e1e-ace1-c4157a7584ea: start FollowerState
2019-09-26 13:37:13,050 [pool-57-thread-1] INFO  util.JmxRegister (JmxRegister.java:tryRegister(44)) - Successfully registered JMX Bean with object name Ratis:service=RaftServer,group=group-86FC02878FC3,id=9bae32d7-3aab-4e1e-ace1-c4157a7584ea
2019-09-26 13:37:13,062 [RatisPipelineUtilsThread] INFO  pipeline.PipelineStateManager (PipelineStateManager.java:addPipeline(56)) - Created pipeline Pipeline[ Id: 8d0130ef-8bd3-4cb7-a87b-86fc02878fc3, Nodes: 9bae32d7-3aab-4e1e-ace1-c4157a7584ea{ip: 192.168.164.238, host: pr-hdds-1569-87zkn-1081879488, networkLocation: /default-rack, certSerialId: null}, Type:RATIS, Factor:ONE, State:OPEN]
2019-09-26 13:37:13,074 [grpc-default-executor-0] INFO  impl.RaftServerProxy (RaftServerProxy.java:addNew(89)) - 37170b5e-38e8-41e6-8e7f-73d816854ae3: addNew group-BC023330109D:[37170b5e-38e8-41e6-8e7f-73d816854ae3:192.168.164.238:39488] returns group-BC023330109D:java.util.concurrent.CompletableFuture@6e8a01fb[Not completed]
2019-09-26 13:37:13,078 [pool-67-thread-1] INFO  impl.RaftServerImpl (RaftServerImpl.java:<init>(95)) - 37170b5e-38e8-41e6-8e7f-73d816854ae3: new RaftServerImpl for group-BC023330109D:[37170b5e-38e8-41e6-8e7f-73d816854ae3:192.168.164.238:39488] with ContainerStateMachine:uninitialized
2019-09-26 13:37:13,078 [pool-67-thread-1] INFO  server.RaftServerConfigKeys (ConfUtils.java:logGet(43)) - raft.server.rpc.timeout.min = 5s (custom)
2019-09-26 13:37:13,078 [pool-67-thread-1] INFO  server.RaftServerConfigKeys (ConfUtils.java:logGet(43)) - raft.server.rpc.timeout.max = 5200ms (custom)
2019-09-26 13:37:13,079 [pool-67-thread-1] INFO  server.RaftServerConfigKeys (ConfUtils.java:logGet(43)) - raft.server.rpcslowness.timeout = 120s (custom)
2019-09-26 13:37:13,079 [pool-67-thread-1] INFO  server.RaftServerConfigKeys (ConfUtils.java:logGet(43)) - raft.server.sleep.deviation.threshold = 300 (default)
2019-09-26 13:37:13,079 [pool-67-thread-1] INFO  server.RaftServerConfigKeys (ConfUtils.java:logGet(43)) - raft.server.log.appender.install.snapshot.enabled = false (custom)
2019-09-26 13:37:13,079 [pool-67-thread-1] INFO  impl.RaftServerImpl (ServerState.java:<init>(103)) - 37170b5e-38e8-41e6-8e7f-73d816854ae3@group-BC023330109D: ConfigurationManager, init=-1: [37170b5e-38e8-41e6-8e7f-73d816854ae3:192.168.164.238:39488], old=null, confs=<EMPTY_MAP>
2019-09-26 13:37:13,079 [pool-67-thread-1] INFO  server.RaftServerConfigKeys (ConfUtils.java:logGet(43)) - raft.server.storage.dir = [/workdir/hadoop-ozone/tools/target/test-dir/MiniOzoneClusterImpl-3a20bb1b-dac2-4ca8-91d1-f72b8431aeb5/datanode-4/data/ratis] (custom)
2019-09-26 13:37:13,080 [pool-67-thread-1] INFO  storage.RaftStorageDirectory (RaftStorageDirectory.java:analyzeStorage(246)) - The storage directory /workdir/hadoop-ozone/tools/target/test-dir/MiniOzoneClusterImpl-3a20bb1b-dac2-4ca8-91d1-f72b8431aeb5/datanode-4/data/ratis/74bfbdd1-3b54-4faf-8be3-bc023330109d does not exist. Creating ...
2019-09-26 13:37:13,092 [pool-67-thread-1] INFO  storage.RaftStorageDirectory (RaftStorageDirectory.java:tryLock(328)) - Lock on /workdir/hadoop-ozone/tools/target/test-dir/MiniOzoneClusterImpl-3a20bb1b-dac2-4ca8-91d1-f72b8431aeb5/datanode-4/data/ratis/74bfbdd1-3b54-4faf-8be3-bc023330109d/in_use.lock acquired by nodename 20735@pr-hdds-1569-87zkn-1081879488
2019-09-26 13:37:13,112 [pool-67-thread-1] INFO  storage.RaftStorage (RaftStorage.java:format(72)) - Storage directory /workdir/hadoop-ozone/tools/target/test-dir/MiniOzoneClusterImpl-3a20bb1b-dac2-4ca8-91d1-f72b8431aeb5/datanode-4/data/ratis/74bfbdd1-3b54-4faf-8be3-bc023330109d has been successfully formatted.
2019-09-26 13:37:13,112 [pool-67-thread-1] INFO  ratis.ContainerStateMachine (ContainerStateMachine.java:loadSnapshot(230)) - group-BC023330109D: The snapshot info is null. Setting the last applied indexto:(t:0, i:~)
2019-09-26 13:37:13,113 [pool-67-thread-1] INFO  server.RaftServerConfigKeys (ConfUtils.java:logGet(43)) - raft.server.notification.no-leader.timeout = 120s (custom)
2019-09-26 13:37:13,113 [pool-67-thread-1] INFO  server.RaftServerConfigKeys (ConfUtils.java:logGet(43)) - raft.server.log.use.memory = false (default)
2019-09-26 13:37:13,113 [pool-67-thread-1] INFO  server.RaftServerConfigKeys (ConfUtils.java:logGet(43)) - raft.server.log.purge.gap = 1000000 (custom)
2019-09-26 13:37:13,113 [pool-67-thread-1] INFO  server.RaftServerConfigKeys (ConfUtils.java:logGet(43)) - raft.server.log.appender.buffer.byte-limit = 33554432 (custom)
2019-09-26 13:37:13,113 [pool-67-thread-1] INFO  server.RaftServerConfigKeys (ConfUtils.java:logGet(43)) - raft.server.log.segment.size.max = 1048576 (custom)
2019-09-26 13:37:13,114 [pool-67-thread-1] INFO  server.RaftServerConfigKeys (ConfUtils.java:logGet(43)) - raft.server.log.segment.cache.num.max = 2 (custom)
2019-09-26 13:37:13,114 [pool-67-thread-1] INFO  segmented.SegmentedRaftLogWorker (SegmentedRaftLogWorker.java:<init>(172)) - new 37170b5e-38e8-41e6-8e7f-73d816854ae3@group-BC023330109D-SegmentedRaftLogWorker for RaftStorage:Storage Directory /workdir/hadoop-ozone/tools/target/test-dir/MiniOzoneClusterImpl-3a20bb1b-dac2-4ca8-91d1-f72b8431aeb5/datanode-4/data/ratis/74bfbdd1-3b54-4faf-8be3-bc023330109d
2019-09-26 13:37:13,114 [pool-67-thread-1] INFO  server.RaftServerConfigKeys (ConfUtils.java:logGet(43)) - raft.server.log.queue.byte-limit = 2147483647 (custom)
2019-09-26 13:37:13,114 [pool-67-thread-1] INFO  server.RaftServerConfigKeys (ConfUtils.java:logGet(43)) - raft.server.log.queue.element-limit = 1024 (custom)
2019-09-26 13:37:13,114 [pool-67-thread-1] INFO  server.RaftServerConfigKeys (ConfUtils.java:logGet(43)) - raft.server.log.segment.size.max = 1048576 (custom)
2019-09-26 13:37:13,114 [pool-67-thread-1] INFO  server.RaftServerConfigKeys (ConfUtils.java:logGet(43)) - raft.server.log.preallocated.size = 16384 (custom)
2019-09-26 13:37:13,115 [pool-67-thread-1] INFO  server.RaftServerConfigKeys (ConfUtils.java:logGet(43)) - raft.server.log.write.buffer.size = 33554432 (custom)
2019-09-26 13:37:13,115 [pool-67-thread-1] INFO  server.RaftServerConfigKeys (ConfUtils.java:logGet(43)) - raft.server.log.force.sync.num = 128 (default)
2019-09-26 13:37:13,115 [pool-67-thread-1] INFO  server.RaftServerConfigKeys (ConfUtils.java:logGet(43)) - raft.server.log.statemachine.data.sync = true (default)
2019-09-26 13:37:13,115 [pool-67-thread-1] INFO  server.RaftServerConfigKeys (ConfUtils.java:logGet(43)) - raft.server.log.statemachine.data.sync.timeout = 10s (default)
2019-09-26 13:37:13,115 [pool-67-thread-1] INFO  server.RaftServerConfigKeys (ConfUtils.java:logGet(43)) - raft.server.log.statemachine.data.sync.timeout.retry = -1 (default)
2019-09-26 13:37:13,116 [pool-67-thread-1] INFO  server.RaftServerConfigKeys (ConfUtils.java:logGet(43)) - raft.server.log.statemachine.data.caching.enabled = true (custom)
2019-09-26 13:37:13,116 [pool-67-thread-1] INFO  segmented.SegmentedRaftLogWorker (SegmentedRaftLogWorker.java:lambda$new$0(132)) - 37170b5e-38e8-41e6-8e7f-73d816854ae3@group-BC023330109D-SegmentedRaftLogWorker: flushIndex: setUnconditionally 0 -> -1
2019-09-26 13:37:13,116 [pool-67-thread-1] INFO  server.RaftServerConfigKeys (ConfUtils.java:logGet(43)) - raft.server.snapshot.auto.trigger.enabled = true (custom)
2019-09-26 13:37:13,116 [pool-67-thread-1] INFO  server.RaftServerConfigKeys (ConfUtils.java:logGet(43)) - raft.server.snapshot.auto.trigger.threshold = 10000 (custom)
2019-09-26 13:37:13,117 [pool-67-thread-1] INFO  server.RaftServerConfigKeys (ConfUtils.java:logGet(43)) - raft.server.snapshot.retention.num.files = 5 (custom)
2019-09-26 13:37:13,117 [pool-67-thread-1] INFO  server.RaftServerConfigKeys (ConfUtils.java:logGet(43)) - raft.server.retrycache.expirytime = 600000ms (custom)
2019-09-26 13:37:13,120 [pool-67-thread-1] INFO  impl.RaftServerImpl (RaftServerImpl.java:start(185)) - 37170b5e-38e8-41e6-8e7f-73d816854ae3@group-BC023330109D: start as a follower, conf=-1: [37170b5e-38e8-41e6-8e7f-73d816854ae3:192.168.164.238:39488], old=null
2019-09-26 13:37:13,121 [pool-67-thread-1] INFO  impl.RaftServerImpl (RaftServerImpl.java:setRole(174)) - 37170b5e-38e8-41e6-8e7f-73d816854ae3@group-BC023330109D: changes role from      null to FOLLOWER at term 0 for startAsFollower
2019-09-26 13:37:13,121 [pool-67-thread-1] INFO  impl.RoleInfo (RoleInfo.java:updateAndGet(143)) - 37170b5e-38e8-41e6-8e7f-73d816854ae3: start FollowerState
2019-09-26 13:37:13,121 [pool-67-thread-1] INFO  util.JmxRegister (JmxRegister.java:tryRegister(44)) - Successfully registered JMX Bean with object name Ratis:service=RaftServer,group=group-BC023330109D,id=37170b5e-38e8-41e6-8e7f-73d816854ae3
2019-09-26 13:37:13,133 [RatisPipelineUtilsThread] INFO  pipeline.PipelineStateManager (PipelineStateManager.java:addPipeline(56)) - Created pipeline Pipeline[ Id: 74bfbdd1-3b54-4faf-8be3-bc023330109d, Nodes: 37170b5e-38e8-41e6-8e7f-73d816854ae3{ip: 192.168.164.238, host: pr-hdds-1569-87zkn-1081879488, networkLocation: /default-rack, certSerialId: null}, Type:RATIS, Factor:ONE, State:OPEN]
2019-09-26 13:37:13,149 [grpc-default-executor-0] INFO  impl.RaftServerProxy (RaftServerProxy.java:addNew(89)) - 37170b5e-38e8-41e6-8e7f-73d816854ae3: addNew group-F4F407B30376:[37170b5e-38e8-41e6-8e7f-73d816854ae3:192.168.164.238:39488] returns group-F4F407B30376:java.util.concurrent.CompletableFuture@241b82a9[Not completed]
2019-09-26 13:37:13,151 [pool-67-thread-1] INFO  impl.RaftServerImpl (RaftServerImpl.java:<init>(95)) - 37170b5e-38e8-41e6-8e7f-73d816854ae3: new RaftServerImpl for group-F4F407B30376:[37170b5e-38e8-41e6-8e7f-73d816854ae3:192.168.164.238:39488] with ContainerStateMachine:uninitialized
2019-09-26 13:37:13,152 [pool-67-thread-1] INFO  server.RaftServerConfigKeys (ConfUtils.java:logGet(43)) - raft.server.rpc.timeout.min = 5s (custom)
2019-09-26 13:37:13,152 [pool-67-thread-1] INFO  server.RaftServerConfigKeys (ConfUtils.java:logGet(43)) - raft.server.rpc.timeout.max = 5200ms (custom)
2019-09-26 13:37:13,152 [pool-67-thread-1] INFO  server.RaftServerConfigKeys (ConfUtils.java:logGet(43)) - raft.server.rpcslowness.timeout = 120s (custom)
2019-09-26 13:37:13,152 [pool-67-thread-1] INFO  server.RaftServerConfigKeys (ConfUtils.java:logGet(43)) - raft.server.sleep.deviation.threshold = 300 (default)
2019-09-26 13:37:13,152 [pool-67-thread-1] INFO  server.RaftServerConfigKeys (ConfUtils.java:logGet(43)) - raft.server.log.appender.install.snapshot.enabled = false (custom)
2019-09-26 13:37:13,152 [pool-67-thread-1] INFO  impl.RaftServerImpl (ServerState.java:<init>(103)) - 37170b5e-38e8-41e6-8e7f-73d816854ae3@group-F4F407B30376: ConfigurationManager, init=-1: [37170b5e-38e8-41e6-8e7f-73d816854ae3:192.168.164.238:39488], old=null, confs=<EMPTY_MAP>
2019-09-26 13:37:13,153 [pool-67-thread-1] INFO  server.RaftServerConfigKeys (ConfUtils.java:logGet(43)) - raft.server.storage.dir = [/workdir/hadoop-ozone/tools/target/test-dir/MiniOzoneClusterImpl-3a20bb1b-dac2-4ca8-91d1-f72b8431aeb5/datanode-4/data/ratis] (custom)
2019-09-26 13:37:13,153 [pool-67-thread-1] INFO  storage.RaftStorageDirectory (RaftStorageDirectory.java:analyzeStorage(246)) - The storage directory /workdir/hadoop-ozone/tools/target/test-dir/MiniOzoneClusterImpl-3a20bb1b-dac2-4ca8-91d1-f72b8431aeb5/datanode-4/data/ratis/90b5ddd9-8bde-4875-abe1-f4f407b30376 does not exist. Creating ...
2019-09-26 13:37:13,165 [pool-67-thread-1] INFO  storage.RaftStorageDirectory (RaftStorageDirectory.java:tryLock(328)) - Lock on /workdir/hadoop-ozone/tools/target/test-dir/MiniOzoneClusterImpl-3a20bb1b-dac2-4ca8-91d1-f72b8431aeb5/datanode-4/data/ratis/90b5ddd9-8bde-4875-abe1-f4f407b30376/in_use.lock acquired by nodename 20735@pr-hdds-1569-87zkn-1081879488
2019-09-26 13:37:13,178 [pool-67-thread-1] INFO  storage.RaftStorage (RaftStorage.java:format(72)) - Storage directory /workdir/hadoop-ozone/tools/target/test-dir/MiniOzoneClusterImpl-3a20bb1b-dac2-4ca8-91d1-f72b8431aeb5/datanode-4/data/ratis/90b5ddd9-8bde-4875-abe1-f4f407b30376 has been successfully formatted.
2019-09-26 13:37:13,179 [pool-67-thread-1] INFO  ratis.ContainerStateMachine (ContainerStateMachine.java:loadSnapshot(230)) - group-F4F407B30376: The snapshot info is null. Setting the last applied indexto:(t:0, i:~)
2019-09-26 13:37:13,179 [pool-67-thread-1] INFO  server.RaftServerConfigKeys (ConfUtils.java:logGet(43)) - raft.server.notification.no-leader.timeout = 120s (custom)
2019-09-26 13:37:13,179 [pool-67-thread-1] INFO  server.RaftServerConfigKeys (ConfUtils.java:logGet(43)) - raft.server.log.use.memory = false (default)
2019-09-26 13:37:13,179 [pool-67-thread-1] INFO  server.RaftServerConfigKeys (ConfUtils.java:logGet(43)) - raft.server.log.purge.gap = 1000000 (custom)
2019-09-26 13:37:13,179 [pool-67-thread-1] INFO  server.RaftServerConfigKeys (ConfUtils.java:logGet(43)) - raft.server.log.appender.buffer.byte-limit = 33554432 (custom)
2019-09-26 13:37:13,180 [pool-67-thread-1] INFO  server.RaftServerConfigKeys (ConfUtils.java:logGet(43)) - raft.server.log.segment.size.max = 1048576 (custom)
2019-09-26 13:37:13,180 [pool-67-thread-1] INFO  server.RaftServerConfigKeys (ConfUtils.java:logGet(43)) - raft.server.log.segment.cache.num.max = 2 (custom)
2019-09-26 13:37:13,180 [pool-67-thread-1] INFO  segmented.SegmentedRaftLogWorker (SegmentedRaftLogWorker.java:<init>(172)) - new 37170b5e-38e8-41e6-8e7f-73d816854ae3@group-F4F407B30376-SegmentedRaftLogWorker for RaftStorage:Storage Directory /workdir/hadoop-ozone/tools/target/test-dir/MiniOzoneClusterImpl-3a20bb1b-dac2-4ca8-91d1-f72b8431aeb5/datanode-4/data/ratis/90b5ddd9-8bde-4875-abe1-f4f407b30376
2019-09-26 13:37:13,180 [pool-67-thread-1] INFO  server.RaftServerConfigKeys (ConfUtils.java:logGet(43)) - raft.server.log.queue.byte-limit = 2147483647 (custom)
2019-09-26 13:37:13,180 [pool-67-thread-1] INFO  server.RaftServerConfigKeys (ConfUtils.java:logGet(43)) - raft.server.log.queue.element-limit = 1024 (custom)
2019-09-26 13:37:13,180 [pool-67-thread-1] INFO  server.RaftServerConfigKeys (ConfUtils.java:logGet(43)) - raft.server.log.segment.size.max = 1048576 (custom)
2019-09-26 13:37:13,181 [pool-67-thread-1] INFO  server.RaftServerConfigKeys (ConfUtils.java:logGet(43)) - raft.server.log.preallocated.size = 16384 (custom)
2019-09-26 13:37:13,181 [pool-67-thread-1] INFO  server.RaftServerConfigKeys (ConfUtils.java:logGet(43)) - raft.server.log.write.buffer.size = 33554432 (custom)
2019-09-26 13:37:13,181 [pool-67-thread-1] INFO  server.RaftServerConfigKeys (ConfUtils.java:logGet(43)) - raft.server.log.force.sync.num = 128 (default)
2019-09-26 13:37:13,181 [pool-67-thread-1] INFO  server.RaftServerConfigKeys (ConfUtils.java:logGet(43)) - raft.server.log.statemachine.data.sync = true (default)
2019-09-26 13:37:13,181 [pool-67-thread-1] INFO  server.RaftServerConfigKeys (ConfUtils.java:logGet(43)) - raft.server.log.statemachine.data.sync.timeout = 10s (default)
2019-09-26 13:37:13,181 [pool-67-thread-1] INFO  server.RaftServerConfigKeys (ConfUtils.java:logGet(43)) - raft.server.log.statemachine.data.sync.timeout.retry = -1 (default)
2019-09-26 13:37:13,181 [pool-67-thread-1] INFO  server.RaftServerConfigKeys (ConfUtils.java:logGet(43)) - raft.server.log.statemachine.data.caching.enabled = true (custom)
2019-09-26 13:37:13,182 [pool-67-thread-1] INFO  segmented.SegmentedRaftLogWorker (SegmentedRaftLogWorker.java:lambda$new$0(132)) - 37170b5e-38e8-41e6-8e7f-73d816854ae3@group-F4F407B30376-SegmentedRaftLogWorker: flushIndex: setUnconditionally 0 -> -1
2019-09-26 13:37:13,182 [pool-67-thread-1] INFO  server.RaftServerConfigKeys (ConfUtils.java:logGet(43)) - raft.server.snapshot.auto.trigger.enabled = true (custom)
2019-09-26 13:37:13,182 [pool-67-thread-1] INFO  server.RaftServerConfigKeys (ConfUtils.java:logGet(43)) - raft.server.snapshot.auto.trigger.threshold = 10000 (custom)
2019-09-26 13:37:13,182 [pool-67-thread-1] INFO  server.RaftServerConfigKeys (ConfUtils.java:logGet(43)) - raft.server.snapshot.retention.num.files = 5 (custom)
2019-09-26 13:37:13,183 [pool-67-thread-1] INFO  server.RaftServerConfigKeys (ConfUtils.java:logGet(43)) - raft.server.retrycache.expirytime = 600000ms (custom)
2019-09-26 13:37:13,186 [pool-67-thread-1] INFO  impl.RaftServerImpl (RaftServerImpl.java:start(185)) - 37170b5e-38e8-41e6-8e7f-73d816854ae3@group-F4F407B30376: start as a follower, conf=-1: [37170b5e-38e8-41e6-8e7f-73d816854ae3:192.168.164.238:39488], old=null
2019-09-26 13:37:13,186 [pool-67-thread-1] INFO  impl.RaftServerImpl (RaftServerImpl.java:setRole(174)) - 37170b5e-38e8-41e6-8e7f-73d816854ae3@group-F4F407B30376: changes role from      null to FOLLOWER at term 0 for startAsFollower
2019-09-26 13:37:13,186 [pool-67-thread-1] INFO  impl.RoleInfo (RoleInfo.java:updateAndGet(143)) - 37170b5e-38e8-41e6-8e7f-73d816854ae3: start FollowerState
2019-09-26 13:37:13,187 [pool-67-thread-1] INFO  util.JmxRegister (JmxRegister.java:tryRegister(44)) - Successfully registered JMX Bean with object name Ratis:service=RaftServer,group=group-F4F407B30376,id=37170b5e-38e8-41e6-8e7f-73d816854ae3
2019-09-26 13:37:13,197 [RatisPipelineUtilsThread] INFO  pipeline.PipelineStateManager (PipelineStateManager.java:addPipeline(56)) - Created pipeline Pipeline[ Id: 90b5ddd9-8bde-4875-abe1-f4f407b30376, Nodes: 37170b5e-38e8-41e6-8e7f-73d816854ae3{ip: 192.168.164.238, host: pr-hdds-1569-87zkn-1081879488, networkLocation: /default-rack, certSerialId: null}, Type:RATIS, Factor:ONE, State:OPEN]
2019-09-26 13:37:13,209 [grpc-default-executor-0] INFO  impl.RaftServerProxy (RaftServerProxy.java:addNew(89)) - 9bae32d7-3aab-4e1e-ace1-c4157a7584ea: addNew group-0ACE94E293BE:[9bae32d7-3aab-4e1e-ace1-c4157a7584ea:192.168.164.238:36744] returns group-0ACE94E293BE:java.util.concurrent.CompletableFuture@7bee886[Not completed]
2019-09-26 13:37:13,211 [pool-57-thread-1] INFO  impl.RaftServerImpl (RaftServerImpl.java:<init>(95)) - 9bae32d7-3aab-4e1e-ace1-c4157a7584ea: new RaftServerImpl for group-0ACE94E293BE:[9bae32d7-3aab-4e1e-ace1-c4157a7584ea:192.168.164.238:36744] with ContainerStateMachine:uninitialized
2019-09-26 13:37:13,211 [pool-57-thread-1] INFO  server.RaftServerConfigKeys (ConfUtils.java:logGet(43)) - raft.server.rpc.timeout.min = 5s (custom)
2019-09-26 13:37:13,211 [pool-57-thread-1] INFO  server.RaftServerConfigKeys (ConfUtils.java:logGet(43)) - raft.server.rpc.timeout.max = 5200ms (custom)
2019-09-26 13:37:13,211 [pool-57-thread-1] INFO  server.RaftServerConfigKeys (ConfUtils.java:logGet(43)) - raft.server.rpcslowness.timeout = 120s (custom)
2019-09-26 13:37:13,212 [pool-57-thread-1] INFO  server.RaftServerConfigKeys (ConfUtils.java:logGet(43)) - raft.server.sleep.deviation.threshold = 300 (default)
2019-09-26 13:37:13,212 [pool-57-thread-1] INFO  server.RaftServerConfigKeys (ConfUtils.java:logGet(43)) - raft.server.log.appender.install.snapshot.enabled = false (custom)
2019-09-26 13:37:13,212 [pool-57-thread-1] INFO  impl.RaftServerImpl (ServerState.java:<init>(103)) - 9bae32d7-3aab-4e1e-ace1-c4157a7584ea@group-0ACE94E293BE: ConfigurationManager, init=-1: [9bae32d7-3aab-4e1e-ace1-c4157a7584ea:192.168.164.238:36744], old=null, confs=<EMPTY_MAP>
2019-09-26 13:37:13,212 [pool-57-thread-1] INFO  server.RaftServerConfigKeys (ConfUtils.java:logGet(43)) - raft.server.storage.dir = [/workdir/hadoop-ozone/tools/target/test-dir/MiniOzoneClusterImpl-3a20bb1b-dac2-4ca8-91d1-f72b8431aeb5/datanode-3/data/ratis] (custom)
2019-09-26 13:37:13,242 [pool-57-thread-1] INFO  storage.RaftStorageDirectory (RaftStorageDirectory.java:analyzeStorage(246)) - The storage directory /workdir/hadoop-ozone/tools/target/test-dir/MiniOzoneClusterImpl-3a20bb1b-dac2-4ca8-91d1-f72b8431aeb5/datanode-3/data/ratis/4a4e43dc-fa68-43cf-b84d-0ace94e293be does not exist. Creating ...
2019-09-26 13:37:13,249 [pool-57-thread-1] INFO  storage.RaftStorageDirectory (RaftStorageDirectory.java:tryLock(328)) - Lock on /workdir/hadoop-ozone/tools/target/test-dir/MiniOzoneClusterImpl-3a20bb1b-dac2-4ca8-91d1-f72b8431aeb5/datanode-3/data/ratis/4a4e43dc-fa68-43cf-b84d-0ace94e293be/in_use.lock acquired by nodename 20735@pr-hdds-1569-87zkn-1081879488
2019-09-26 13:37:13,265 [pool-57-thread-1] INFO  storage.RaftStorage (RaftStorage.java:format(72)) - Storage directory /workdir/hadoop-ozone/tools/target/test-dir/MiniOzoneClusterImpl-3a20bb1b-dac2-4ca8-91d1-f72b8431aeb5/datanode-3/data/ratis/4a4e43dc-fa68-43cf-b84d-0ace94e293be has been successfully formatted.
2019-09-26 13:37:13,265 [pool-57-thread-1] INFO  ratis.ContainerStateMachine (ContainerStateMachine.java:loadSnapshot(230)) - group-0ACE94E293BE: The snapshot info is null. Setting the last applied indexto:(t:0, i:~)
2019-09-26 13:37:13,266 [pool-57-thread-1] INFO  server.RaftServerConfigKeys (ConfUtils.java:logGet(43)) - raft.server.notification.no-leader.timeout = 120s (custom)
2019-09-26 13:37:13,266 [pool-57-thread-1] INFO  server.RaftServerConfigKeys (ConfUtils.java:logGet(43)) - raft.server.log.use.memory = false (default)
2019-09-26 13:37:13,266 [pool-57-thread-1] INFO  server.RaftServerConfigKeys (ConfUtils.java:logGet(43)) - raft.server.log.purge.gap = 1000000 (custom)
2019-09-26 13:37:13,266 [pool-57-thread-1] INFO  server.RaftServerConfigKeys (ConfUtils.java:logGet(43)) - raft.server.log.appender.buffer.byte-limit = 33554432 (custom)
2019-09-26 13:37:13,267 [pool-57-thread-1] INFO  server.RaftServerConfigKeys (ConfUtils.java:logGet(43)) - raft.server.log.segment.size.max = 1048576 (custom)
2019-09-26 13:37:13,267 [pool-57-thread-1] INFO  server.RaftServerConfigKeys (ConfUtils.java:logGet(43)) - raft.server.log.segment.cache.num.max = 2 (custom)
2019-09-26 13:37:13,267 [pool-57-thread-1] INFO  segmented.SegmentedRaftLogWorker (SegmentedRaftLogWorker.java:<init>(172)) - new 9bae32d7-3aab-4e1e-ace1-c4157a7584ea@group-0ACE94E293BE-SegmentedRaftLogWorker for RaftStorage:Storage Directory /workdir/hadoop-ozone/tools/target/test-dir/MiniOzoneClusterImpl-3a20bb1b-dac2-4ca8-91d1-f72b8431aeb5/datanode-3/data/ratis/4a4e43dc-fa68-43cf-b84d-0ace94e293be
2019-09-26 13:37:13,267 [pool-57-thread-1] INFO  server.RaftServerConfigKeys (ConfUtils.java:logGet(43)) - raft.server.log.queue.byte-limit = 2147483647 (custom)
2019-09-26 13:37:13,267 [pool-57-thread-1] INFO  server.RaftServerConfigKeys (ConfUtils.java:logGet(43)) - raft.server.log.queue.element-limit = 1024 (custom)
2019-09-26 13:37:13,268 [pool-57-thread-1] INFO  server.RaftServerConfigKeys (ConfUtils.java:logGet(43)) - raft.server.log.segment.size.max = 1048576 (custom)
2019-09-26 13:37:13,268 [pool-57-thread-1] INFO  server.RaftServerConfigKeys (ConfUtils.java:logGet(43)) - raft.server.log.preallocated.size = 16384 (custom)
2019-09-26 13:37:13,268 [pool-57-thread-1] INFO  server.RaftServerConfigKeys (ConfUtils.java:logGet(43)) - raft.server.log.write.buffer.size = 33554432 (custom)
2019-09-26 13:37:13,268 [pool-57-thread-1] INFO  server.RaftServerConfigKeys (ConfUtils.java:logGet(43)) - raft.server.log.force.sync.num = 128 (default)
2019-09-26 13:37:13,268 [pool-57-thread-1] INFO  server.RaftServerConfigKeys (ConfUtils.java:logGet(43)) - raft.server.log.statemachine.data.sync = true (default)
2019-09-26 13:37:13,269 [pool-57-thread-1] INFO  server.RaftServerConfigKeys (ConfUtils.java:logGet(43)) - raft.server.log.statemachine.data.sync.timeout = 10s (default)
2019-09-26 13:37:13,269 [pool-57-thread-1] INFO  server.RaftServerConfigKeys (ConfUtils.java:logGet(43)) - raft.server.log.statemachine.data.sync.timeout.retry = -1 (default)
2019-09-26 13:37:13,269 [pool-57-thread-1] INFO  server.RaftServerConfigKeys (ConfUtils.java:logGet(43)) - raft.server.log.statemachine.data.caching.enabled = true (custom)
2019-09-26 13:37:13,270 [pool-57-thread-1] INFO  segmented.SegmentedRaftLogWorker (SegmentedRaftLogWorker.java:lambda$new$0(132)) - 9bae32d7-3aab-4e1e-ace1-c4157a7584ea@group-0ACE94E293BE-SegmentedRaftLogWorker: flushIndex: setUnconditionally 0 -> -1
2019-09-26 13:37:13,270 [pool-57-thread-1] INFO  server.RaftServerConfigKeys (ConfUtils.java:logGet(43)) - raft.server.snapshot.auto.trigger.enabled = true (custom)
2019-09-26 13:37:13,270 [pool-57-thread-1] INFO  server.RaftServerConfigKeys (ConfUtils.java:logGet(43)) - raft.server.snapshot.auto.trigger.threshold = 10000 (custom)
2019-09-26 13:37:13,270 [pool-57-thread-1] INFO  server.RaftServerConfigKeys (ConfUtils.java:logGet(43)) - raft.server.snapshot.retention.num.files = 5 (custom)
2019-09-26 13:37:13,271 [pool-57-thread-1] INFO  server.RaftServerConfigKeys (ConfUtils.java:logGet(43)) - raft.server.retrycache.expirytime = 600000ms (custom)
2019-09-26 13:37:13,275 [pool-57-thread-1] INFO  impl.RaftServerImpl (RaftServerImpl.java:start(185)) - 9bae32d7-3aab-4e1e-ace1-c4157a7584ea@group-0ACE94E293BE: start as a follower, conf=-1: [9bae32d7-3aab-4e1e-ace1-c4157a7584ea:192.168.164.238:36744], old=null
2019-09-26 13:37:13,275 [pool-57-thread-1] INFO  impl.RaftServerImpl (RaftServerImpl.java:setRole(174)) - 9bae32d7-3aab-4e1e-ace1-c4157a7584ea@group-0ACE94E293BE: changes role from      null to FOLLOWER at term 0 for startAsFollower
2019-09-26 13:37:13,275 [pool-57-thread-1] INFO  impl.RoleInfo (RoleInfo.java:updateAndGet(143)) - 9bae32d7-3aab-4e1e-ace1-c4157a7584ea: start FollowerState
2019-09-26 13:37:13,276 [pool-57-thread-1] INFO  util.JmxRegister (JmxRegister.java:tryRegister(44)) - Successfully registered JMX Bean with object name Ratis:service=RaftServer,group=group-0ACE94E293BE,id=9bae32d7-3aab-4e1e-ace1-c4157a7584ea
2019-09-26 13:37:13,286 [RatisPipelineUtilsThread] INFO  pipeline.PipelineStateManager (PipelineStateManager.java:addPipeline(56)) - Created pipeline Pipeline[ Id: 4a4e43dc-fa68-43cf-b84d-0ace94e293be, Nodes: 9bae32d7-3aab-4e1e-ace1-c4157a7584ea{ip: 192.168.164.238, host: pr-hdds-1569-87zkn-1081879488, networkLocation: /default-rack, certSerialId: null}, Type:RATIS, Factor:ONE, State:OPEN]
2019-09-26 13:37:13,298 [grpc-default-executor-0] INFO  impl.RaftServerProxy (RaftServerProxy.java:addNew(89)) - 9bae32d7-3aab-4e1e-ace1-c4157a7584ea: addNew group-F16E0DC42E35:[9bae32d7-3aab-4e1e-ace1-c4157a7584ea:192.168.164.238:36744] returns group-F16E0DC42E35:java.util.concurrent.CompletableFuture@4d341301[Not completed]
2019-09-26 13:37:13,300 [pool-57-thread-1] INFO  impl.RaftServerImpl (RaftServerImpl.java:<init>(95)) - 9bae32d7-3aab-4e1e-ace1-c4157a7584ea: new RaftServerImpl for group-F16E0DC42E35:[9bae32d7-3aab-4e1e-ace1-c4157a7584ea:192.168.164.238:36744] with ContainerStateMachine:uninitialized
2019-09-26 13:37:13,300 [pool-57-thread-1] INFO  server.RaftServerConfigKeys (ConfUtils.java:logGet(43)) - raft.server.rpc.timeout.min = 5s (custom)
2019-09-26 13:37:13,300 [pool-57-thread-1] INFO  server.RaftServerConfigKeys (ConfUtils.java:logGet(43)) - raft.server.rpc.timeout.max = 5200ms (custom)
2019-09-26 13:37:13,300 [pool-57-thread-1] INFO  server.RaftServerConfigKeys (ConfUtils.java:logGet(43)) - raft.server.rpcslowness.timeout = 120s (custom)
2019-09-26 13:37:13,300 [pool-57-thread-1] INFO  server.RaftServerConfigKeys (ConfUtils.java:logGet(43)) - raft.server.sleep.deviation.threshold = 300 (default)
2019-09-26 13:37:13,300 [pool-57-thread-1] INFO  server.RaftServerConfigKeys (ConfUtils.java:logGet(43)) - raft.server.log.appender.install.snapshot.enabled = false (custom)
2019-09-26 13:37:13,300 [pool-57-thread-1] INFO  impl.RaftServerImpl (ServerState.java:<init>(103)) - 9bae32d7-3aab-4e1e-ace1-c4157a7584ea@group-F16E0DC42E35: ConfigurationManager, init=-1: [9bae32d7-3aab-4e1e-ace1-c4157a7584ea:192.168.164.238:36744], old=null, confs=<EMPTY_MAP>
2019-09-26 13:37:13,301 [pool-57-thread-1] INFO  server.RaftServerConfigKeys (ConfUtils.java:logGet(43)) - raft.server.storage.dir = [/workdir/hadoop-ozone/tools/target/test-dir/MiniOzoneClusterImpl-3a20bb1b-dac2-4ca8-91d1-f72b8431aeb5/datanode-3/data/ratis] (custom)
2019-09-26 13:37:13,301 [pool-57-thread-1] INFO  storage.RaftStorageDirectory (RaftStorageDirectory.java:analyzeStorage(246)) - The storage directory /workdir/hadoop-ozone/tools/target/test-dir/MiniOzoneClusterImpl-3a20bb1b-dac2-4ca8-91d1-f72b8431aeb5/datanode-3/data/ratis/ab5ad3d9-3b45-4a45-9da6-f16e0dc42e35 does not exist. Creating ...
2019-09-26 13:37:13,315 [pool-57-thread-1] INFO  storage.RaftStorageDirectory (RaftStorageDirectory.java:tryLock(328)) - Lock on /workdir/hadoop-ozone/tools/target/test-dir/MiniOzoneClusterImpl-3a20bb1b-dac2-4ca8-91d1-f72b8431aeb5/datanode-3/data/ratis/ab5ad3d9-3b45-4a45-9da6-f16e0dc42e35/in_use.lock acquired by nodename 20735@pr-hdds-1569-87zkn-1081879488
2019-09-26 13:37:13,325 [pool-57-thread-1] INFO  storage.RaftStorage (RaftStorage.java:format(72)) - Storage directory /workdir/hadoop-ozone/tools/target/test-dir/MiniOzoneClusterImpl-3a20bb1b-dac2-4ca8-91d1-f72b8431aeb5/datanode-3/data/ratis/ab5ad3d9-3b45-4a45-9da6-f16e0dc42e35 has been successfully formatted.
2019-09-26 13:37:13,325 [pool-57-thread-1] INFO  ratis.ContainerStateMachine (ContainerStateMachine.java:loadSnapshot(230)) - group-F16E0DC42E35: The snapshot info is null. Setting the last applied indexto:(t:0, i:~)
2019-09-26 13:37:13,325 [pool-57-thread-1] INFO  server.RaftServerConfigKeys (ConfUtils.java:logGet(43)) - raft.server.notification.no-leader.timeout = 120s (custom)
2019-09-26 13:37:13,326 [pool-57-thread-1] INFO  server.RaftServerConfigKeys (ConfUtils.java:logGet(43)) - raft.server.log.use.memory = false (default)
2019-09-26 13:37:13,326 [pool-57-thread-1] INFO  server.RaftServerConfigKeys (ConfUtils.java:logGet(43)) - raft.server.log.purge.gap = 1000000 (custom)
2019-09-26 13:37:13,326 [pool-57-thread-1] INFO  server.RaftServerConfigKeys (ConfUtils.java:logGet(43)) - raft.server.log.appender.buffer.byte-limit = 33554432 (custom)
2019-09-26 13:37:13,326 [pool-57-thread-1] INFO  server.RaftServerConfigKeys (ConfUtils.java:logGet(43)) - raft.server.log.segment.size.max = 1048576 (custom)
2019-09-26 13:37:13,326 [pool-57-thread-1] INFO  server.RaftServerConfigKeys (ConfUtils.java:logGet(43)) - raft.server.log.segment.cache.num.max = 2 (custom)
2019-09-26 13:37:13,326 [pool-57-thread-1] INFO  segmented.SegmentedRaftLogWorker (SegmentedRaftLogWorker.java:<init>(172)) - new 9bae32d7-3aab-4e1e-ace1-c4157a7584ea@group-F16E0DC42E35-SegmentedRaftLogWorker for RaftStorage:Storage Directory /workdir/hadoop-ozone/tools/target/test-dir/MiniOzoneClusterImpl-3a20bb1b-dac2-4ca8-91d1-f72b8431aeb5/datanode-3/data/ratis/ab5ad3d9-3b45-4a45-9da6-f16e0dc42e35
2019-09-26 13:37:13,327 [pool-57-thread-1] INFO  server.RaftServerConfigKeys (ConfUtils.java:logGet(43)) - raft.server.log.queue.byte-limit = 2147483647 (custom)
2019-09-26 13:37:13,327 [pool-57-thread-1] INFO  server.RaftServerConfigKeys (ConfUtils.java:logGet(43)) - raft.server.log.queue.element-limit = 1024 (custom)
2019-09-26 13:37:13,327 [pool-57-thread-1] INFO  server.RaftServerConfigKeys (ConfUtils.java:logGet(43)) - raft.server.log.segment.size.max = 1048576 (custom)
2019-09-26 13:37:13,327 [pool-57-thread-1] INFO  server.RaftServerConfigKeys (ConfUtils.java:logGet(43)) - raft.server.log.preallocated.size = 16384 (custom)
2019-09-26 13:37:13,327 [pool-57-thread-1] INFO  server.RaftServerConfigKeys (ConfUtils.java:logGet(43)) - raft.server.log.write.buffer.size = 33554432 (custom)
2019-09-26 13:37:13,327 [pool-57-thread-1] INFO  server.RaftServerConfigKeys (ConfUtils.java:logGet(43)) - raft.server.log.force.sync.num = 128 (default)
2019-09-26 13:37:13,328 [pool-57-thread-1] INFO  server.RaftServerConfigKeys (ConfUtils.java:logGet(43)) - raft.server.log.statemachine.data.sync = true (default)
2019-09-26 13:37:13,328 [pool-57-thread-1] INFO  server.RaftServerConfigKeys (ConfUtils.java:logGet(43)) - raft.server.log.statemachine.data.sync.timeout = 10s (default)
2019-09-26 13:37:13,328 [pool-57-thread-1] INFO  server.RaftServerConfigKeys (ConfUtils.java:logGet(43)) - raft.server.log.statemachine.data.sync.timeout.retry = -1 (default)
2019-09-26 13:37:13,328 [pool-57-thread-1] INFO  server.RaftServerConfigKeys (ConfUtils.java:logGet(43)) - raft.server.log.statemachine.data.caching.enabled = true (custom)
2019-09-26 13:37:13,338 [pool-57-thread-1] INFO  segmented.SegmentedRaftLogWorker (SegmentedRaftLogWorker.java:lambda$new$0(132)) - 9bae32d7-3aab-4e1e-ace1-c4157a7584ea@group-F16E0DC42E35-SegmentedRaftLogWorker: flushIndex: setUnconditionally 0 -> -1
2019-09-26 13:37:13,339 [pool-57-thread-1] INFO  server.RaftServerConfigKeys (ConfUtils.java:logGet(43)) - raft.server.snapshot.auto.trigger.enabled = true (custom)
2019-09-26 13:37:13,339 [pool-57-thread-1] INFO  server.RaftServerConfigKeys (ConfUtils.java:logGet(43)) - raft.server.snapshot.auto.trigger.threshold = 10000 (custom)
2019-09-26 13:37:13,339 [pool-57-thread-1] INFO  server.RaftServerConfigKeys (ConfUtils.java:logGet(43)) - raft.server.snapshot.retention.num.files = 5 (custom)
2019-09-26 13:37:13,339 [pool-57-thread-1] INFO  server.RaftServerConfigKeys (ConfUtils.java:logGet(43)) - raft.server.retrycache.expirytime = 600000ms (custom)
2019-09-26 13:37:13,342 [pool-57-thread-1] INFO  impl.RaftServerImpl (RaftServerImpl.java:start(185)) - 9bae32d7-3aab-4e1e-ace1-c4157a7584ea@group-F16E0DC42E35: start as a follower, conf=-1: [9bae32d7-3aab-4e1e-ace1-c4157a7584ea:192.168.164.238:36744], old=null
2019-09-26 13:37:13,342 [pool-57-thread-1] INFO  impl.RaftServerImpl (RaftServerImpl.java:setRole(174)) - 9bae32d7-3aab-4e1e-ace1-c4157a7584ea@group-F16E0DC42E35: changes role from      null to FOLLOWER at term 0 for startAsFollower
2019-09-26 13:37:13,343 [pool-57-thread-1] INFO  impl.RoleInfo (RoleInfo.java:updateAndGet(143)) - 9bae32d7-3aab-4e1e-ace1-c4157a7584ea: start FollowerState
2019-09-26 13:37:13,343 [pool-57-thread-1] INFO  util.JmxRegister (JmxRegister.java:tryRegister(44)) - Successfully registered JMX Bean with object name Ratis:service=RaftServer,group=group-F16E0DC42E35,id=9bae32d7-3aab-4e1e-ace1-c4157a7584ea
2019-09-26 13:37:13,352 [RatisPipelineUtilsThread] INFO  pipeline.PipelineStateManager (PipelineStateManager.java:addPipeline(56)) - Created pipeline Pipeline[ Id: ab5ad3d9-3b45-4a45-9da6-f16e0dc42e35, Nodes: 9bae32d7-3aab-4e1e-ace1-c4157a7584ea{ip: 192.168.164.238, host: pr-hdds-1569-87zkn-1081879488, networkLocation: /default-rack, certSerialId: null}, Type:RATIS, Factor:ONE, State:OPEN]
2019-09-26 13:37:13,364 [grpc-default-executor-0] INFO  impl.RaftServerProxy (RaftServerProxy.java:addNew(89)) - 37170b5e-38e8-41e6-8e7f-73d816854ae3: addNew group-C81C3B579ADA:[37170b5e-38e8-41e6-8e7f-73d816854ae3:192.168.164.238:39488] returns group-C81C3B579ADA:java.util.concurrent.CompletableFuture@29b339d9[Not completed]
2019-09-26 13:37:13,367 [pool-67-thread-1] INFO  impl.RaftServerImpl (RaftServerImpl.java:<init>(95)) - 37170b5e-38e8-41e6-8e7f-73d816854ae3: new RaftServerImpl for group-C81C3B579ADA:[37170b5e-38e8-41e6-8e7f-73d816854ae3:192.168.164.238:39488] with ContainerStateMachine:uninitialized
2019-09-26 13:37:13,367 [pool-67-thread-1] INFO  server.RaftServerConfigKeys (ConfUtils.java:logGet(43)) - raft.server.rpc.timeout.min = 5s (custom)
2019-09-26 13:37:13,368 [pool-67-thread-1] INFO  server.RaftServerConfigKeys (ConfUtils.java:logGet(43)) - raft.server.rpc.timeout.max = 5200ms (custom)
2019-09-26 13:37:13,368 [pool-67-thread-1] INFO  server.RaftServerConfigKeys (ConfUtils.java:logGet(43)) - raft.server.rpcslowness.timeout = 120s (custom)
2019-09-26 13:37:13,368 [pool-67-thread-1] INFO  server.RaftServerConfigKeys (ConfUtils.java:logGet(43)) - raft.server.sleep.deviation.threshold = 300 (default)
2019-09-26 13:37:13,368 [pool-67-thread-1] INFO  server.RaftServerConfigKeys (ConfUtils.java:logGet(43)) - raft.server.log.appender.install.snapshot.enabled = false (custom)
2019-09-26 13:37:13,368 [pool-67-thread-1] INFO  impl.RaftServerImpl (ServerState.java:<init>(103)) - 37170b5e-38e8-41e6-8e7f-73d816854ae3@group-C81C3B579ADA: ConfigurationManager, init=-1: [37170b5e-38e8-41e6-8e7f-73d816854ae3:192.168.164.238:39488], old=null, confs=<EMPTY_MAP>
2019-09-26 13:37:13,369 [pool-67-thread-1] INFO  server.RaftServerConfigKeys (ConfUtils.java:logGet(43)) - raft.server.storage.dir = [/workdir/hadoop-ozone/tools/target/test-dir/MiniOzoneClusterImpl-3a20bb1b-dac2-4ca8-91d1-f72b8431aeb5/datanode-4/data/ratis] (custom)
2019-09-26 13:37:13,369 [pool-67-thread-1] INFO  storage.RaftStorageDirectory (RaftStorageDirectory.java:analyzeStorage(246)) - The storage directory /workdir/hadoop-ozone/tools/target/test-dir/MiniOzoneClusterImpl-3a20bb1b-dac2-4ca8-91d1-f72b8431aeb5/datanode-4/data/ratis/8cdd751b-29a8-495d-be5a-c81c3b579ada does not exist. Creating ...
2019-09-26 13:37:13,377 [pool-67-thread-1] INFO  storage.RaftStorageDirectory (RaftStorageDirectory.java:tryLock(328)) - Lock on /workdir/hadoop-ozone/tools/target/test-dir/MiniOzoneClusterImpl-3a20bb1b-dac2-4ca8-91d1-f72b8431aeb5/datanode-4/data/ratis/8cdd751b-29a8-495d-be5a-c81c3b579ada/in_use.lock acquired by nodename 20735@pr-hdds-1569-87zkn-1081879488
2019-09-26 13:37:13,385 [pool-67-thread-1] INFO  storage.RaftStorage (RaftStorage.java:format(72)) - Storage directory /workdir/hadoop-ozone/tools/target/test-dir/MiniOzoneClusterImpl-3a20bb1b-dac2-4ca8-91d1-f72b8431aeb5/datanode-4/data/ratis/8cdd751b-29a8-495d-be5a-c81c3b579ada has been successfully formatted.
2019-09-26 13:37:13,386 [pool-67-thread-1] INFO  ratis.ContainerStateMachine (ContainerStateMachine.java:loadSnapshot(230)) - group-C81C3B579ADA: The snapshot info is null. Setting the last applied indexto:(t:0, i:~)
2019-09-26 13:37:13,386 [pool-67-thread-1] INFO  server.RaftServerConfigKeys (ConfUtils.java:logGet(43)) - raft.server.notification.no-leader.timeout = 120s (custom)
2019-09-26 13:37:13,386 [pool-67-thread-1] INFO  server.RaftServerConfigKeys (ConfUtils.java:logGet(43)) - raft.server.log.use.memory = false (default)
2019-09-26 13:37:13,387 [pool-67-thread-1] INFO  server.RaftServerConfigKeys (ConfUtils.java:logGet(43)) - raft.server.log.purge.gap = 1000000 (custom)
2019-09-26 13:37:13,393 [pool-67-thread-1] INFO  server.RaftServerConfigKeys (ConfUtils.java:logGet(43)) - raft.server.log.appender.buffer.byte-limit = 33554432 (custom)
2019-09-26 13:37:13,396 [pool-67-thread-1] INFO  server.RaftServerConfigKeys (ConfUtils.java:logGet(43)) - raft.server.log.segment.size.max = 1048576 (custom)
2019-09-26 13:37:13,396 [pool-67-thread-1] INFO  server.RaftServerConfigKeys (ConfUtils.java:logGet(43)) - raft.server.log.segment.cache.num.max = 2 (custom)
2019-09-26 13:37:13,396 [pool-67-thread-1] INFO  segmented.SegmentedRaftLogWorker (SegmentedRaftLogWorker.java:<init>(172)) - new 37170b5e-38e8-41e6-8e7f-73d816854ae3@group-C81C3B579ADA-SegmentedRaftLogWorker for RaftStorage:Storage Directory /workdir/hadoop-ozone/tools/target/test-dir/MiniOzoneClusterImpl-3a20bb1b-dac2-4ca8-91d1-f72b8431aeb5/datanode-4/data/ratis/8cdd751b-29a8-495d-be5a-c81c3b579ada
2019-09-26 13:37:13,396 [pool-67-thread-1] INFO  server.RaftServerConfigKeys (ConfUtils.java:logGet(43)) - raft.server.log.queue.byte-limit = 2147483647 (custom)
2019-09-26 13:37:13,396 [pool-67-thread-1] INFO  server.RaftServerConfigKeys (ConfUtils.java:logGet(43)) - raft.server.log.queue.element-limit = 1024 (custom)
2019-09-26 13:37:13,399 [pool-67-thread-1] INFO  server.RaftServerConfigKeys (ConfUtils.java:logGet(43)) - raft.server.log.segment.size.max = 1048576 (custom)
2019-09-26 13:37:13,399 [pool-67-thread-1] INFO  server.RaftServerConfigKeys (ConfUtils.java:logGet(43)) - raft.server.log.preallocated.size = 16384 (custom)
2019-09-26 13:37:13,399 [pool-67-thread-1] INFO  server.RaftServerConfigKeys (ConfUtils.java:logGet(43)) - raft.server.log.write.buffer.size = 33554432 (custom)
2019-09-26 13:37:13,399 [pool-67-thread-1] INFO  server.RaftServerConfigKeys (ConfUtils.java:logGet(43)) - raft.server.log.force.sync.num = 128 (default)
2019-09-26 13:37:13,399 [pool-67-thread-1] INFO  server.RaftServerConfigKeys (ConfUtils.java:logGet(43)) - raft.server.log.statemachine.data.sync = true (default)
2019-09-26 13:37:13,400 [pool-67-thread-1] INFO  server.RaftServerConfigKeys (ConfUtils.java:logGet(43)) - raft.server.log.statemachine.data.sync.timeout = 10s (default)
2019-09-26 13:37:13,400 [pool-67-thread-1] INFO  server.RaftServerConfigKeys (ConfUtils.java:logGet(43)) - raft.server.log.statemachine.data.sync.timeout.retry = -1 (default)
2019-09-26 13:37:13,400 [pool-67-thread-1] INFO  server.RaftServerConfigKeys (ConfUtils.java:logGet(43)) - raft.server.log.statemachine.data.caching.enabled = true (custom)
2019-09-26 13:37:13,400 [pool-67-thread-1] INFO  segmented.SegmentedRaftLogWorker (SegmentedRaftLogWorker.java:lambda$new$0(132)) - 37170b5e-38e8-41e6-8e7f-73d816854ae3@group-C81C3B579ADA-SegmentedRaftLogWorker: flushIndex: setUnconditionally 0 -> -1
2019-09-26 13:37:13,401 [pool-67-thread-1] INFO  server.RaftServerConfigKeys (ConfUtils.java:logGet(43)) - raft.server.snapshot.auto.trigger.enabled = true (custom)
2019-09-26 13:37:13,401 [pool-67-thread-1] INFO  server.RaftServerConfigKeys (ConfUtils.java:logGet(43)) - raft.server.snapshot.auto.trigger.threshold = 10000 (custom)
2019-09-26 13:37:13,401 [pool-67-thread-1] INFO  server.RaftServerConfigKeys (ConfUtils.java:logGet(43)) - raft.server.snapshot.retention.num.files = 5 (custom)
2019-09-26 13:37:13,401 [pool-67-thread-1] INFO  server.RaftServerConfigKeys (ConfUtils.java:logGet(43)) - raft.server.retrycache.expirytime = 600000ms (custom)
2019-09-26 13:37:13,405 [pool-67-thread-1] INFO  impl.RaftServerImpl (RaftServerImpl.java:start(185)) - 37170b5e-38e8-41e6-8e7f-73d816854ae3@group-C81C3B579ADA: start as a follower, conf=-1: [37170b5e-38e8-41e6-8e7f-73d816854ae3:192.168.164.238:39488], old=null
2019-09-26 13:37:13,405 [pool-67-thread-1] INFO  impl.RaftServerImpl (RaftServerImpl.java:setRole(174)) - 37170b5e-38e8-41e6-8e7f-73d816854ae3@group-C81C3B579ADA: changes role from      null to FOLLOWER at term 0 for startAsFollower
2019-09-26 13:37:13,405 [pool-67-thread-1] INFO  impl.RoleInfo (RoleInfo.java:updateAndGet(143)) - 37170b5e-38e8-41e6-8e7f-73d816854ae3: start FollowerState
2019-09-26 13:37:13,405 [pool-67-thread-1] INFO  util.JmxRegister (JmxRegister.java:tryRegister(44)) - Successfully registered JMX Bean with object name Ratis:service=RaftServer,group=group-C81C3B579ADA,id=37170b5e-38e8-41e6-8e7f-73d816854ae3
2019-09-26 13:37:13,415 [RatisPipelineUtilsThread] INFO  pipeline.PipelineStateManager (PipelineStateManager.java:addPipeline(56)) - Created pipeline Pipeline[ Id: 8cdd751b-29a8-495d-be5a-c81c3b579ada, Nodes: 37170b5e-38e8-41e6-8e7f-73d816854ae3{ip: 192.168.164.238, host: pr-hdds-1569-87zkn-1081879488, networkLocation: /default-rack, certSerialId: null}, Type:RATIS, Factor:ONE, State:OPEN]
2019-09-26 13:37:13,428 [grpc-default-executor-0] INFO  impl.RaftServerProxy (RaftServerProxy.java:addNew(89)) - 9bae32d7-3aab-4e1e-ace1-c4157a7584ea: addNew group-34F7532E4066:[9bae32d7-3aab-4e1e-ace1-c4157a7584ea:192.168.164.238:36744] returns group-34F7532E4066:java.util.concurrent.CompletableFuture@679d47e5[Not completed]
2019-09-26 13:37:13,432 [pool-57-thread-1] INFO  impl.RaftServerImpl (RaftServerImpl.java:<init>(95)) - 9bae32d7-3aab-4e1e-ace1-c4157a7584ea: new RaftServerImpl for group-34F7532E4066:[9bae32d7-3aab-4e1e-ace1-c4157a7584ea:192.168.164.238:36744] with ContainerStateMachine:uninitialized
2019-09-26 13:37:13,432 [pool-57-thread-1] INFO  server.RaftServerConfigKeys (ConfUtils.java:logGet(43)) - raft.server.rpc.timeout.min = 5s (custom)
2019-09-26 13:37:13,432 [pool-57-thread-1] INFO  server.RaftServerConfigKeys (ConfUtils.java:logGet(43)) - raft.server.rpc.timeout.max = 5200ms (custom)
2019-09-26 13:37:13,432 [pool-57-thread-1] INFO  server.RaftServerConfigKeys (ConfUtils.java:logGet(43)) - raft.server.rpcslowness.timeout = 120s (custom)
2019-09-26 13:37:13,433 [pool-57-thread-1] INFO  server.RaftServerConfigKeys (ConfUtils.java:logGet(43)) - raft.server.sleep.deviation.threshold = 300 (default)
2019-09-26 13:37:13,434 [pool-57-thread-1] INFO  server.RaftServerConfigKeys (ConfUtils.java:logGet(43)) - raft.server.log.appender.install.snapshot.enabled = false (custom)
2019-09-26 13:37:13,434 [pool-57-thread-1] INFO  impl.RaftServerImpl (ServerState.java:<init>(103)) - 9bae32d7-3aab-4e1e-ace1-c4157a7584ea@group-34F7532E4066: ConfigurationManager, init=-1: [9bae32d7-3aab-4e1e-ace1-c4157a7584ea:192.168.164.238:36744], old=null, confs=<EMPTY_MAP>
2019-09-26 13:37:13,434 [pool-57-thread-1] INFO  server.RaftServerConfigKeys (ConfUtils.java:logGet(43)) - raft.server.storage.dir = [/workdir/hadoop-ozone/tools/target/test-dir/MiniOzoneClusterImpl-3a20bb1b-dac2-4ca8-91d1-f72b8431aeb5/datanode-3/data/ratis] (custom)
2019-09-26 13:37:13,435 [pool-57-thread-1] INFO  storage.RaftStorageDirectory (RaftStorageDirectory.java:analyzeStorage(246)) - The storage directory /workdir/hadoop-ozone/tools/target/test-dir/MiniOzoneClusterImpl-3a20bb1b-dac2-4ca8-91d1-f72b8431aeb5/datanode-3/data/ratis/e90e3628-c643-4c26-aaa4-34f7532e4066 does not exist. Creating ...
2019-09-26 13:37:13,448 [pool-57-thread-1] INFO  storage.RaftStorageDirectory (RaftStorageDirectory.java:tryLock(328)) - Lock on /workdir/hadoop-ozone/tools/target/test-dir/MiniOzoneClusterImpl-3a20bb1b-dac2-4ca8-91d1-f72b8431aeb5/datanode-3/data/ratis/e90e3628-c643-4c26-aaa4-34f7532e4066/in_use.lock acquired by nodename 20735@pr-hdds-1569-87zkn-1081879488
2019-09-26 13:37:13,462 [pool-57-thread-1] INFO  storage.RaftStorage (RaftStorage.java:format(72)) - Storage directory /workdir/hadoop-ozone/tools/target/test-dir/MiniOzoneClusterImpl-3a20bb1b-dac2-4ca8-91d1-f72b8431aeb5/datanode-3/data/ratis/e90e3628-c643-4c26-aaa4-34f7532e4066 has been successfully formatted.
2019-09-26 13:37:13,462 [pool-57-thread-1] INFO  ratis.ContainerStateMachine (ContainerStateMachine.java:loadSnapshot(230)) - group-34F7532E4066: The snapshot info is null. Setting the last applied indexto:(t:0, i:~)
2019-09-26 13:37:13,462 [pool-57-thread-1] INFO  server.RaftServerConfigKeys (ConfUtils.java:logGet(43)) - raft.server.notification.no-leader.timeout = 120s (custom)
2019-09-26 13:37:13,462 [pool-57-thread-1] INFO  server.RaftServerConfigKeys (ConfUtils.java:logGet(43)) - raft.server.log.use.memory = false (default)
2019-09-26 13:37:13,463 [pool-57-thread-1] INFO  server.RaftServerConfigKeys (ConfUtils.java:logGet(43)) - raft.server.log.purge.gap = 1000000 (custom)
2019-09-26 13:37:13,463 [pool-57-thread-1] INFO  server.RaftServerConfigKeys (ConfUtils.java:logGet(43)) - raft.server.log.appender.buffer.byte-limit = 33554432 (custom)
2019-09-26 13:37:13,463 [pool-57-thread-1] INFO  server.RaftServerConfigKeys (ConfUtils.java:logGet(43)) - raft.server.log.segment.size.max = 1048576 (custom)
2019-09-26 13:37:13,463 [pool-57-thread-1] INFO  server.RaftServerConfigKeys (ConfUtils.java:logGet(43)) - raft.server.log.segment.cache.num.max = 2 (custom)
2019-09-26 13:37:13,463 [pool-57-thread-1] INFO  segmented.SegmentedRaftLogWorker (SegmentedRaftLogWorker.java:<init>(172)) - new 9bae32d7-3aab-4e1e-ace1-c4157a7584ea@group-34F7532E4066-SegmentedRaftLogWorker for RaftStorage:Storage Directory /workdir/hadoop-ozone/tools/target/test-dir/MiniOzoneClusterImpl-3a20bb1b-dac2-4ca8-91d1-f72b8431aeb5/datanode-3/data/ratis/e90e3628-c643-4c26-aaa4-34f7532e4066
2019-09-26 13:37:13,464 [pool-57-thread-1] INFO  server.RaftServerConfigKeys (ConfUtils.java:logGet(43)) - raft.server.log.queue.byte-limit = 2147483647 (custom)
2019-09-26 13:37:13,464 [pool-57-thread-1] INFO  server.RaftServerConfigKeys (ConfUtils.java:logGet(43)) - raft.server.log.queue.element-limit = 1024 (custom)
2019-09-26 13:37:13,464 [pool-57-thread-1] INFO  server.RaftServerConfigKeys (ConfUtils.java:logGet(43)) - raft.server.log.segment.size.max = 1048576 (custom)
2019-09-26 13:37:13,464 [pool-57-thread-1] INFO  server.RaftServerConfigKeys (ConfUtils.java:logGet(43)) - raft.server.log.preallocated.size = 16384 (custom)
2019-09-26 13:37:13,464 [pool-57-thread-1] INFO  server.RaftServerConfigKeys (ConfUtils.java:logGet(43)) - raft.server.log.write.buffer.size = 33554432 (custom)
2019-09-26 13:37:13,465 [pool-57-thread-1] INFO  server.RaftServerConfigKeys (ConfUtils.java:logGet(43)) - raft.server.log.force.sync.num = 128 (default)
2019-09-26 13:37:13,465 [pool-57-thread-1] INFO  server.RaftServerConfigKeys (ConfUtils.java:logGet(43)) - raft.server.log.statemachine.data.sync = true (default)
2019-09-26 13:37:13,465 [pool-57-thread-1] INFO  server.RaftServerConfigKeys (ConfUtils.java:logGet(43)) - raft.server.log.statemachine.data.sync.timeout = 10s (default)
2019-09-26 13:37:13,466 [pool-57-thread-1] INFO  server.RaftServerConfigKeys (ConfUtils.java:logGet(43)) - raft.server.log.statemachine.data.sync.timeout.retry = -1 (default)
2019-09-26 13:37:13,467 [pool-57-thread-1] INFO  server.RaftServerConfigKeys (ConfUtils.java:logGet(43)) - raft.server.log.statemachine.data.caching.enabled = true (custom)
2019-09-26 13:37:13,467 [pool-57-thread-1] INFO  segmented.SegmentedRaftLogWorker (SegmentedRaftLogWorker.java:lambda$new$0(132)) - 9bae32d7-3aab-4e1e-ace1-c4157a7584ea@group-34F7532E4066-SegmentedRaftLogWorker: flushIndex: setUnconditionally 0 -> -1
2019-09-26 13:37:13,467 [pool-57-thread-1] INFO  server.RaftServerConfigKeys (ConfUtils.java:logGet(43)) - raft.server.snapshot.auto.trigger.enabled = true (custom)
2019-09-26 13:37:13,468 [pool-57-thread-1] INFO  server.RaftServerConfigKeys (ConfUtils.java:logGet(43)) - raft.server.snapshot.auto.trigger.threshold = 10000 (custom)
2019-09-26 13:37:13,468 [pool-57-thread-1] INFO  server.RaftServerConfigKeys (ConfUtils.java:logGet(43)) - raft.server.snapshot.retention.num.files = 5 (custom)
2019-09-26 13:37:13,468 [pool-57-thread-1] INFO  server.RaftServerConfigKeys (ConfUtils.java:logGet(43)) - raft.server.retrycache.expirytime = 600000ms (custom)
2019-09-26 13:37:13,472 [pool-57-thread-1] INFO  impl.RaftServerImpl (RaftServerImpl.java:start(185)) - 9bae32d7-3aab-4e1e-ace1-c4157a7584ea@group-34F7532E4066: start as a follower, conf=-1: [9bae32d7-3aab-4e1e-ace1-c4157a7584ea:192.168.164.238:36744], old=null
2019-09-26 13:37:13,472 [pool-57-thread-1] INFO  impl.RaftServerImpl (RaftServerImpl.java:setRole(174)) - 9bae32d7-3aab-4e1e-ace1-c4157a7584ea@group-34F7532E4066: changes role from      null to FOLLOWER at term 0 for startAsFollower
2019-09-26 13:37:13,472 [pool-57-thread-1] INFO  impl.RoleInfo (RoleInfo.java:updateAndGet(143)) - 9bae32d7-3aab-4e1e-ace1-c4157a7584ea: start FollowerState
2019-09-26 13:37:13,473 [pool-57-thread-1] INFO  util.JmxRegister (JmxRegister.java:tryRegister(44)) - Successfully registered JMX Bean with object name Ratis:service=RaftServer,group=group-34F7532E4066,id=9bae32d7-3aab-4e1e-ace1-c4157a7584ea
2019-09-26 13:37:13,481 [main] INFO  freon.RandomKeyGenerator (RandomKeyGenerator.java:call(283)) - Number of Threads: 10
2019-09-26 13:37:13,483 [RatisPipelineUtilsThread] INFO  pipeline.PipelineStateManager (PipelineStateManager.java:addPipeline(56)) - Created pipeline Pipeline[ Id: e90e3628-c643-4c26-aaa4-34f7532e4066, Nodes: 9bae32d7-3aab-4e1e-ace1-c4157a7584ea{ip: 192.168.164.238, host: pr-hdds-1569-87zkn-1081879488, networkLocation: /default-rack, certSerialId: null}, Type:RATIS, Factor:ONE, State:OPEN]
2019-09-26 13:37:13,483 [main] INFO  freon.RandomKeyGenerator (RandomKeyGenerator.java:call(288)) - Number of Volumes: 1.
2019-09-26 13:37:13,483 [RatisPipelineUtilsThread] INFO  pipeline.PipelinePlacementPolicy (PipelinePlacementPolicy.java:meetCriteria(91)) - Pipeline Placement: can't place more pipeline on heavy datanode： 9bae32d7-3aab-4e1e-ace1-c4157a7584ea Heaviness: 6 limit: 5
2019-09-26 13:37:13,483 [main] INFO  freon.RandomKeyGenerator (RandomKeyGenerator.java:call(289)) - Number of Buckets per Volume: 1.
2019-09-26 13:37:13,484 [main] INFO  freon.RandomKeyGenerator (RandomKeyGenerator.java:call(290)) - Number of Keys per Bucket: 1.
2019-09-26 13:37:13,484 [main] INFO  freon.RandomKeyGenerator (RandomKeyGenerator.java:call(291)) - Key size: 20971520 bytes
2019-09-26 13:37:13,484 [main] INFO  freon.RandomKeyGenerator (RandomKeyGenerator.java:call(292)) - Buffer size: 4096 bytes
2019-09-26 13:37:13,484 [main] INFO  freon.RandomKeyGenerator (RandomKeyGenerator.java:call(293)) - validateWrites : false
2019-09-26 13:37:13,495 [main] INFO  freon.RandomKeyGenerator (RandomKeyGenerator.java:call(313)) - Starting progress bar Thread.

 0.00% |█                                                                                                    |  0/1 Time: 0:00:002019-09-26 13:37:13,501 [grpc-default-executor-0] INFO  impl.RaftServerProxy (RaftServerProxy.java:addNew(89)) - 65b6a922-0f0f-4d93-80ba-5d2577e616a7: addNew group-F9C99F6A29DA:[65b6a922-0f0f-4d93-80ba-5d2577e616a7:192.168.164.238:37480] returns group-F9C99F6A29DA:java.util.concurrent.CompletableFuture@2bc1ede2[Not completed]
2019-09-26 13:37:13,503 [pool-37-thread-1] INFO  impl.RaftServerImpl (RaftServerImpl.java:<init>(95)) - 65b6a922-0f0f-4d93-80ba-5d2577e616a7: new RaftServerImpl for group-F9C99F6A29DA:[65b6a922-0f0f-4d93-80ba-5d2577e616a7:192.168.164.238:37480] with ContainerStateMachine:uninitialized
2019-09-26 13:37:13,504 [pool-37-thread-1] INFO  server.RaftServerConfigKeys (ConfUtils.java:logGet(43)) - raft.server.rpc.timeout.min = 5s (custom)
2019-09-26 13:37:13,504 [pool-37-thread-1] INFO  server.RaftServerConfigKeys (ConfUtils.java:logGet(43)) - raft.server.rpc.timeout.max = 5200ms (custom)
2019-09-26 13:37:13,504 [pool-37-thread-1] INFO  server.RaftServerConfigKeys (ConfUtils.java:logGet(43)) - raft.server.rpcslowness.timeout = 120s (custom)
2019-09-26 13:37:13,504 [pool-37-thread-1] INFO  server.RaftServerConfigKeys (ConfUtils.java:logGet(43)) - raft.server.sleep.deviation.threshold = 300 (default)
2019-09-26 13:37:13,504 [pool-37-thread-1] INFO  server.RaftServerConfigKeys (ConfUtils.java:logGet(43)) - raft.server.log.appender.install.snapshot.enabled = false (custom)
2019-09-26 13:37:13,505 [pool-37-thread-1] INFO  impl.RaftServerImpl (ServerState.java:<init>(103)) - 65b6a922-0f0f-4d93-80ba-5d2577e616a7@group-F9C99F6A29DA: ConfigurationManager, init=-1: [65b6a922-0f0f-4d93-80ba-5d2577e616a7:192.168.164.238:37480], old=null, confs=<EMPTY_MAP>
2019-09-26 13:37:13,505 [pool-37-thread-1] INFO  server.RaftServerConfigKeys (ConfUtils.java:logGet(43)) - raft.server.storage.dir = [/workdir/hadoop-ozone/tools/target/test-dir/MiniOzoneClusterImpl-3a20bb1b-dac2-4ca8-91d1-f72b8431aeb5/datanode-1/data/ratis] (custom)
2019-09-26 13:37:13,505 [pool-37-thread-1] INFO  storage.RaftStorageDirectory (RaftStorageDirectory.java:analyzeStorage(246)) - The storage directory /workdir/hadoop-ozone/tools/target/test-dir/MiniOzoneClusterImpl-3a20bb1b-dac2-4ca8-91d1-f72b8431aeb5/datanode-1/data/ratis/aa585b6a-6412-4f0f-b4ba-f9c99f6a29da does not exist. Creating ...
2019-09-26 13:37:13,518 [pool-37-thread-1] INFO  storage.RaftStorageDirectory (RaftStorageDirectory.java:tryLock(328)) - Lock on /workdir/hadoop-ozone/tools/target/test-dir/MiniOzoneClusterImpl-3a20bb1b-dac2-4ca8-91d1-f72b8431aeb5/datanode-1/data/ratis/aa585b6a-6412-4f0f-b4ba-f9c99f6a29da/in_use.lock acquired by nodename 20735@pr-hdds-1569-87zkn-1081879488
2019-09-26 13:37:13,522 [pool-73-thread-1] INFO  rpc.RpcClient (RpcClient.java:createVolume(276)) - Creating Volume: vol-0-17365, with jenkins1000 as owner.
2019-09-26 13:37:13,549 [pool-37-thread-1] INFO  storage.RaftStorage (RaftStorage.java:format(72)) - Storage directory /workdir/hadoop-ozone/tools/target/test-dir/MiniOzoneClusterImpl-3a20bb1b-dac2-4ca8-91d1-f72b8431aeb5/datanode-1/data/ratis/aa585b6a-6412-4f0f-b4ba-f9c99f6a29da has been successfully formatted.
2019-09-26 13:37:13,550 [pool-37-thread-1] INFO  ratis.ContainerStateMachine (ContainerStateMachine.java:loadSnapshot(230)) - group-F9C99F6A29DA: The snapshot info is null. Setting the last applied indexto:(t:0, i:~)
2019-09-26 13:37:13,550 [pool-37-thread-1] INFO  server.RaftServerConfigKeys (ConfUtils.java:logGet(43)) - raft.server.notification.no-leader.timeout = 120s (custom)
2019-09-26 13:37:13,550 [pool-37-thread-1] INFO  server.RaftServerConfigKeys (ConfUtils.java:logGet(43)) - raft.server.log.use.memory = false (default)
2019-09-26 13:37:13,550 [pool-37-thread-1] INFO  server.RaftServerConfigKeys (ConfUtils.java:logGet(43)) - raft.server.log.purge.gap = 1000000 (custom)
2019-09-26 13:37:13,551 [pool-37-thread-1] INFO  server.RaftServerConfigKeys (ConfUtils.java:logGet(43)) - raft.server.log.appender.buffer.byte-limit = 33554432 (custom)
2019-09-26 13:37:13,551 [pool-37-thread-1] INFO  server.RaftServerConfigKeys (ConfUtils.java:logGet(43)) - raft.server.log.segment.size.max = 1048576 (custom)
2019-09-26 13:37:13,551 [pool-37-thread-1] INFO  server.RaftServerConfigKeys (ConfUtils.java:logGet(43)) - raft.server.log.segment.cache.num.max = 2 (custom)
2019-09-26 13:37:13,551 [pool-37-thread-1] INFO  segmented.SegmentedRaftLogWorker (SegmentedRaftLogWorker.java:<init>(172)) - new 65b6a922-0f0f-4d93-80ba-5d2577e616a7@group-F9C99F6A29DA-SegmentedRaftLogWorker for RaftStorage:Storage Directory /workdir/hadoop-ozone/tools/target/test-dir/MiniOzoneClusterImpl-3a20bb1b-dac2-4ca8-91d1-f72b8431aeb5/datanode-1/data/ratis/aa585b6a-6412-4f0f-b4ba-f9c99f6a29da
2019-09-26 13:37:13,555 [pool-37-thread-1] INFO  server.RaftServerConfigKeys (ConfUtils.java:logGet(43)) - raft.server.log.queue.byte-limit = 2147483647 (custom)
2019-09-26 13:37:13,555 [pool-37-thread-1] INFO  server.RaftServerConfigKeys (ConfUtils.java:logGet(43)) - raft.server.log.queue.element-limit = 1024 (custom)
2019-09-26 13:37:13,555 [pool-37-thread-1] INFO  server.RaftServerConfigKeys (ConfUtils.java:logGet(43)) - raft.server.log.segment.size.max = 1048576 (custom)
2019-09-26 13:37:13,555 [pool-37-thread-1] INFO  server.RaftServerConfigKeys (ConfUtils.java:logGet(43)) - raft.server.log.preallocated.size = 16384 (custom)
2019-09-26 13:37:13,556 [pool-37-thread-1] INFO  server.RaftServerConfigKeys (ConfUtils.java:logGet(43)) - raft.server.log.write.buffer.size = 33554432 (custom)
2019-09-26 13:37:13,556 [pool-37-thread-1] INFO  server.RaftServerConfigKeys (ConfUtils.java:logGet(43)) - raft.server.log.force.sync.num = 128 (default)
2019-09-26 13:37:13,556 [pool-37-thread-1] INFO  server.RaftServerConfigKeys (ConfUtils.java:logGet(43)) - raft.server.log.statemachine.data.sync = true (default)
2019-09-26 13:37:13,556 [pool-37-thread-1] INFO  server.RaftServerConfigKeys (ConfUtils.java:logGet(43)) - raft.server.log.statemachine.data.sync.timeout = 10s (default)
2019-09-26 13:37:13,556 [pool-37-thread-1] INFO  server.RaftServerConfigKeys (ConfUtils.java:logGet(43)) - raft.server.log.statemachine.data.sync.timeout.retry = -1 (default)
2019-09-26 13:37:13,557 [pool-37-thread-1] INFO  server.RaftServerConfigKeys (ConfUtils.java:logGet(43)) - raft.server.log.statemachine.data.caching.enabled = true (custom)
2019-09-26 13:37:13,557 [pool-37-thread-1] INFO  segmented.SegmentedRaftLogWorker (SegmentedRaftLogWorker.java:lambda$new$0(132)) - 65b6a922-0f0f-4d93-80ba-5d2577e616a7@group-F9C99F6A29DA-SegmentedRaftLogWorker: flushIndex: setUnconditionally 0 -> -1
2019-09-26 13:37:13,558 [pool-37-thread-1] INFO  server.RaftServerConfigKeys (ConfUtils.java:logGet(43)) - raft.server.snapshot.auto.trigger.enabled = true (custom)
2019-09-26 13:37:13,558 [pool-37-thread-1] INFO  server.RaftServerConfigKeys (ConfUtils.java:logGet(43)) - raft.server.snapshot.auto.trigger.threshold = 10000 (custom)
2019-09-26 13:37:13,558 [pool-37-thread-1] INFO  server.RaftServerConfigKeys (ConfUtils.java:logGet(43)) - raft.server.snapshot.retention.num.files = 5 (custom)
2019-09-26 13:37:13,558 [pool-37-thread-1] INFO  server.RaftServerConfigKeys (ConfUtils.java:logGet(43)) - raft.server.retrycache.expirytime = 600000ms (custom)
2019-09-26 13:37:13,561 [pool-37-thread-1] INFO  impl.RaftServerImpl (RaftServerImpl.java:start(185)) - 65b6a922-0f0f-4d93-80ba-5d2577e616a7@group-F9C99F6A29DA: start as a follower, conf=-1: [65b6a922-0f0f-4d93-80ba-5d2577e616a7:192.168.164.238:37480], old=null
2019-09-26 13:37:13,562 [pool-37-thread-1] INFO  impl.RaftServerImpl (RaftServerImpl.java:setRole(174)) - 65b6a922-0f0f-4d93-80ba-5d2577e616a7@group-F9C99F6A29DA: changes role from      null to FOLLOWER at term 0 for startAsFollower
2019-09-26 13:37:13,562 [pool-37-thread-1] INFO  impl.RoleInfo (RoleInfo.java:updateAndGet(143)) - 65b6a922-0f0f-4d93-80ba-5d2577e616a7: start FollowerState
2019-09-26 13:37:13,562 [pool-37-thread-1] INFO  util.JmxRegister (JmxRegister.java:tryRegister(44)) - Successfully registered JMX Bean with object name Ratis:service=RaftServer,group=group-F9C99F6A29DA,id=65b6a922-0f0f-4d93-80ba-5d2577e616a7
2019-09-26 13:37:13,576 [RatisPipelineUtilsThread] INFO  pipeline.PipelineStateManager (PipelineStateManager.java:addPipeline(56)) - Created pipeline Pipeline[ Id: aa585b6a-6412-4f0f-b4ba-f9c99f6a29da, Nodes: 65b6a922-0f0f-4d93-80ba-5d2577e616a7{ip: 192.168.164.238, host: pr-hdds-1569-87zkn-1081879488, networkLocation: /default-rack, certSerialId: null}, Type:RATIS, Factor:ONE, State:OPEN]
2019-09-26 13:37:13,577 [RatisPipelineUtilsThread] INFO  pipeline.PipelinePlacementPolicy (PipelinePlacementPolicy.java:meetCriteria(91)) - Pipeline Placement: can't place more pipeline on heavy datanode： 9bae32d7-3aab-4e1e-ace1-c4157a7584ea Heaviness: 6 limit: 5
2019-09-26 13:37:13,595 [grpc-default-executor-0] INFO  impl.RaftServerProxy (RaftServerProxy.java:addNew(89)) - fa623484-5385-4c02-af08-45448d3dc09d: addNew group-DC5882523F2D:[fa623484-5385-4c02-af08-45448d3dc09d:192.168.164.238:42639] returns group-DC5882523F2D:java.util.concurrent.CompletableFuture@53127fac[Not completed]
2019-09-26 13:37:13,597 [pool-27-thread-1] INFO  impl.RaftServerImpl (RaftServerImpl.java:<init>(95)) - fa623484-5385-4c02-af08-45448d3dc09d: new RaftServerImpl for group-DC5882523F2D:[fa623484-5385-4c02-af08-45448d3dc09d:192.168.164.238:42639] with ContainerStateMachine:uninitialized
2019-09-26 13:37:13,597 [pool-27-thread-1] INFO  server.RaftServerConfigKeys (ConfUtils.java:logGet(43)) - raft.server.rpc.timeout.min = 5s (custom)
2019-09-26 13:37:13,597 [pool-27-thread-1] INFO  server.RaftServerConfigKeys (ConfUtils.java:logGet(43)) - raft.server.rpc.timeout.max = 5200ms (custom)
2019-09-26 13:37:13,597 [pool-27-thread-1] INFO  server.RaftServerConfigKeys (ConfUtils.java:logGet(43)) - raft.server.rpcslowness.timeout = 120s (custom)
2019-09-26 13:37:13,598 [pool-27-thread-1] INFO  server.RaftServerConfigKeys (ConfUtils.java:logGet(43)) - raft.server.sleep.deviation.threshold = 300 (default)
2019-09-26 13:37:13,598 [pool-27-thread-1] INFO  server.RaftServerConfigKeys (ConfUtils.java:logGet(43)) - raft.server.log.appender.install.snapshot.enabled = false (custom)
2019-09-26 13:37:13,598 [pool-27-thread-1] INFO  impl.RaftServerImpl (ServerState.java:<init>(103)) - fa623484-5385-4c02-af08-45448d3dc09d@group-DC5882523F2D: ConfigurationManager, init=-1: [fa623484-5385-4c02-af08-45448d3dc09d:192.168.164.238:42639], old=null, confs=<EMPTY_MAP>
2019-09-26 13:37:13,598 [pool-27-thread-1] INFO  server.RaftServerConfigKeys (ConfUtils.java:logGet(43)) - raft.server.storage.dir = [/workdir/hadoop-ozone/tools/target/test-dir/MiniOzoneClusterImpl-3a20bb1b-dac2-4ca8-91d1-f72b8431aeb5/datanode-0/data/ratis] (custom)
2019-09-26 13:37:13,598 [pool-27-thread-1] INFO  storage.RaftStorageDirectory (RaftStorageDirectory.java:analyzeStorage(246)) - The storage directory /workdir/hadoop-ozone/tools/target/test-dir/MiniOzoneClusterImpl-3a20bb1b-dac2-4ca8-91d1-f72b8431aeb5/datanode-0/data/ratis/d9b289bc-e393-47bf-b324-dc5882523f2d does not exist. Creating ...
2019-09-26 13:37:13,611 [pool-27-thread-1] INFO  storage.RaftStorageDirectory (RaftStorageDirectory.java:tryLock(328)) - Lock on /workdir/hadoop-ozone/tools/target/test-dir/MiniOzoneClusterImpl-3a20bb1b-dac2-4ca8-91d1-f72b8431aeb5/datanode-0/data/ratis/d9b289bc-e393-47bf-b324-dc5882523f2d/in_use.lock acquired by nodename 20735@pr-hdds-1569-87zkn-1081879488
2019-09-26 13:37:13,624 [pool-27-thread-1] INFO  storage.RaftStorage (RaftStorage.java:format(72)) - Storage directory /workdir/hadoop-ozone/tools/target/test-dir/MiniOzoneClusterImpl-3a20bb1b-dac2-4ca8-91d1-f72b8431aeb5/datanode-0/data/ratis/d9b289bc-e393-47bf-b324-dc5882523f2d has been successfully formatted.
2019-09-26 13:37:13,625 [pool-27-thread-1] INFO  ratis.ContainerStateMachine (ContainerStateMachine.java:loadSnapshot(230)) - group-DC5882523F2D: The snapshot info is null. Setting the last applied indexto:(t:0, i:~)
2019-09-26 13:37:13,625 [pool-27-thread-1] INFO  server.RaftServerConfigKeys (ConfUtils.java:logGet(43)) - raft.server.notification.no-leader.timeout = 120s (custom)
2019-09-26 13:37:13,625 [pool-27-thread-1] INFO  server.RaftServerConfigKeys (ConfUtils.java:logGet(43)) - raft.server.log.use.memory = false (default)
2019-09-26 13:37:13,625 [pool-27-thread-1] INFO  server.RaftServerConfigKeys (ConfUtils.java:logGet(43)) - raft.server.log.purge.gap = 1000000 (custom)
2019-09-26 13:37:13,626 [pool-27-thread-1] INFO  server.RaftServerConfigKeys (ConfUtils.java:logGet(43)) - raft.server.log.appender.buffer.byte-limit = 33554432 (custom)
2019-09-26 13:37:13,626 [pool-27-thread-1] INFO  server.RaftServerConfigKeys (ConfUtils.java:logGet(43)) - raft.server.log.segment.size.max = 1048576 (custom)
2019-09-26 13:37:13,626 [pool-27-thread-1] INFO  server.RaftServerConfigKeys (ConfUtils.java:logGet(43)) - raft.server.log.segment.cache.num.max = 2 (custom)
2019-09-26 13:37:13,626 [pool-27-thread-1] INFO  segmented.SegmentedRaftLogWorker (SegmentedRaftLogWorker.java:<init>(172)) - new fa623484-5385-4c02-af08-45448d3dc09d@group-DC5882523F2D-SegmentedRaftLogWorker for RaftStorage:Storage Directory /workdir/hadoop-ozone/tools/target/test-dir/MiniOzoneClusterImpl-3a20bb1b-dac2-4ca8-91d1-f72b8431aeb5/datanode-0/data/ratis/d9b289bc-e393-47bf-b324-dc5882523f2d
2019-09-26 13:37:13,626 [pool-27-thread-1] INFO  server.RaftServerConfigKeys (ConfUtils.java:logGet(43)) - raft.server.log.queue.byte-limit = 2147483647 (custom)
2019-09-26 13:37:13,626 [pool-27-thread-1] INFO  server.RaftServerConfigKeys (ConfUtils.java:logGet(43)) - raft.server.log.queue.element-limit = 1024 (custom)
2019-09-26 13:37:13,627 [pool-27-thread-1] INFO  server.RaftServerConfigKeys (ConfUtils.java:logGet(43)) - raft.server.log.segment.size.max = 1048576 (custom)
2019-09-26 13:37:13,627 [pool-27-thread-1] INFO  server.RaftServerConfigKeys (ConfUtils.java:logGet(43)) - raft.server.log.preallocated.size = 16384 (custom)
2019-09-26 13:37:13,627 [pool-27-thread-1] INFO  server.RaftServerConfigKeys (ConfUtils.java:logGet(43)) - raft.server.log.write.buffer.size = 33554432 (custom)
2019-09-26 13:37:13,627 [pool-27-thread-1] INFO  server.RaftServerConfigKeys (ConfUtils.java:logGet(43)) - raft.server.log.force.sync.num = 128 (default)
2019-09-26 13:37:13,627 [pool-27-thread-1] INFO  server.RaftServerConfigKeys (ConfUtils.java:logGet(43)) - raft.server.log.statemachine.data.sync = true (default)
2019-09-26 13:37:13,628 [pool-27-thread-1] INFO  server.RaftServerConfigKeys (ConfUtils.java:logGet(43)) - raft.server.log.statemachine.data.sync.timeout = 10s (default)
2019-09-26 13:37:13,628 [pool-27-thread-1] INFO  server.RaftServerConfigKeys (ConfUtils.java:logGet(43)) - raft.server.log.statemachine.data.sync.timeout.retry = -1 (default)
2019-09-26 13:37:13,628 [pool-27-thread-1] INFO  server.RaftServerConfigKeys (ConfUtils.java:logGet(43)) - raft.server.log.statemachine.data.caching.enabled = true (custom)
2019-09-26 13:37:13,628 [pool-27-thread-1] INFO  segmented.SegmentedRaftLogWorker (SegmentedRaftLogWorker.java:lambda$new$0(132)) - fa623484-5385-4c02-af08-45448d3dc09d@group-DC5882523F2D-SegmentedRaftLogWorker: flushIndex: setUnconditionally 0 -> -1
2019-09-26 13:37:13,629 [pool-27-thread-1] INFO  server.RaftServerConfigKeys (ConfUtils.java:logGet(43)) - raft.server.snapshot.auto.trigger.enabled = true (custom)
2019-09-26 13:37:13,629 [pool-27-thread-1] INFO  server.RaftServerConfigKeys (ConfUtils.java:logGet(43)) - raft.server.snapshot.auto.trigger.threshold = 10000 (custom)
2019-09-26 13:37:13,629 [pool-27-thread-1] INFO  server.RaftServerConfigKeys (ConfUtils.java:logGet(43)) - raft.server.snapshot.retention.num.files = 5 (custom)
2019-09-26 13:37:13,629 [pool-27-thread-1] INFO  server.RaftServerConfigKeys (ConfUtils.java:logGet(43)) - raft.server.retrycache.expirytime = 600000ms (custom)
2019-09-26 13:37:13,632 [pool-27-thread-1] INFO  impl.RaftServerImpl (RaftServerImpl.java:start(185)) - fa623484-5385-4c02-af08-45448d3dc09d@group-DC5882523F2D: start as a follower, conf=-1: [fa623484-5385-4c02-af08-45448d3dc09d:192.168.164.238:42639], old=null
2019-09-26 13:37:13,633 [pool-27-thread-1] INFO  impl.RaftServerImpl (RaftServerImpl.java:setRole(174)) - fa623484-5385-4c02-af08-45448d3dc09d@group-DC5882523F2D: changes role from      null to FOLLOWER at term 0 for startAsFollower
2019-09-26 13:37:13,633 [pool-27-thread-1] INFO  impl.RoleInfo (RoleInfo.java:updateAndGet(143)) - fa623484-5385-4c02-af08-45448d3dc09d: start FollowerState
2019-09-26 13:37:13,633 [pool-27-thread-1] INFO  util.JmxRegister (JmxRegister.java:tryRegister(44)) - Successfully registered JMX Bean with object name Ratis:service=RaftServer,group=group-DC5882523F2D,id=fa623484-5385-4c02-af08-45448d3dc09d
2019-09-26 13:37:13,639 [RatisPipelineUtilsThread] INFO  pipeline.PipelineStateManager (PipelineStateManager.java:addPipeline(56)) - Created pipeline Pipeline[ Id: d9b289bc-e393-47bf-b324-dc5882523f2d, Nodes: fa623484-5385-4c02-af08-45448d3dc09d{ip: 192.168.164.238, host: pr-hdds-1569-87zkn-1081879488, networkLocation: /default-rack, certSerialId: null}, Type:RATIS, Factor:ONE, State:OPEN]
2019-09-26 13:37:13,639 [RatisPipelineUtilsThread] INFO  pipeline.PipelinePlacementPolicy (PipelinePlacementPolicy.java:meetCriteria(91)) - Pipeline Placement: can't place more pipeline on heavy datanode： 9bae32d7-3aab-4e1e-ace1-c4157a7584ea Heaviness: 6 limit: 5
2019-09-26 13:37:13,649 [grpc-default-executor-0] INFO  impl.RaftServerProxy (RaftServerProxy.java:addNew(89)) - 65b6a922-0f0f-4d93-80ba-5d2577e616a7: addNew group-F9180A4D93CE:[65b6a922-0f0f-4d93-80ba-5d2577e616a7:192.168.164.238:37480] returns group-F9180A4D93CE:java.util.concurrent.CompletableFuture@495cc615[Not completed]
2019-09-26 13:37:13,651 [pool-37-thread-1] INFO  impl.RaftServerImpl (RaftServerImpl.java:<init>(95)) - 65b6a922-0f0f-4d93-80ba-5d2577e616a7: new RaftServerImpl for group-F9180A4D93CE:[65b6a922-0f0f-4d93-80ba-5d2577e616a7:192.168.164.238:37480] with ContainerStateMachine:uninitialized
2019-09-26 13:37:13,651 [pool-37-thread-1] INFO  server.RaftServerConfigKeys (ConfUtils.java:logGet(43)) - raft.server.rpc.timeout.min = 5s (custom)
2019-09-26 13:37:13,651 [pool-37-thread-1] INFO  server.RaftServerConfigKeys (ConfUtils.java:logGet(43)) - raft.server.rpc.timeout.max = 5200ms (custom)
2019-09-26 13:37:13,651 [pool-37-thread-1] INFO  server.RaftServerConfigKeys (ConfUtils.java:logGet(43)) - raft.server.rpcslowness.timeout = 120s (custom)
2019-09-26 13:37:13,651 [pool-37-thread-1] INFO  server.RaftServerConfigKeys (ConfUtils.java:logGet(43)) - raft.server.sleep.deviation.threshold = 300 (default)
2019-09-26 13:37:13,651 [pool-37-thread-1] INFO  server.RaftServerConfigKeys (ConfUtils.java:logGet(43)) - raft.server.log.appender.install.snapshot.enabled = false (custom)
2019-09-26 13:37:13,652 [pool-37-thread-1] INFO  impl.RaftServerImpl (ServerState.java:<init>(103)) - 65b6a922-0f0f-4d93-80ba-5d2577e616a7@group-F9180A4D93CE: ConfigurationManager, init=-1: [65b6a922-0f0f-4d93-80ba-5d2577e616a7:192.168.164.238:37480], old=null, confs=<EMPTY_MAP>
2019-09-26 13:37:13,652 [pool-37-thread-1] INFO  server.RaftServerConfigKeys (ConfUtils.java:logGet(43)) - raft.server.storage.dir = [/workdir/hadoop-ozone/tools/target/test-dir/MiniOzoneClusterImpl-3a20bb1b-dac2-4ca8-91d1-f72b8431aeb5/datanode-1/data/ratis] (custom)
2019-09-26 13:37:13,652 [pool-37-thread-1] INFO  storage.RaftStorageDirectory (RaftStorageDirectory.java:analyzeStorage(246)) - The storage directory /workdir/hadoop-ozone/tools/target/test-dir/MiniOzoneClusterImpl-3a20bb1b-dac2-4ca8-91d1-f72b8431aeb5/datanode-1/data/ratis/9c896290-59c1-40ab-926d-f9180a4d93ce does not exist. Creating ...
2019-09-26 13:37:13,662 [IPC Server handler 1 on 38689] INFO  volume.OMVolumeCreateRequest (OMVolumeCreateRequest.java:validateAndUpdateCache(189)) - created volume:vol-0-17365 for user:jenkins1000
2019-09-26 13:37:13,665 [pool-37-thread-1] INFO  storage.RaftStorageDirectory (RaftStorageDirectory.java:tryLock(328)) - Lock on /workdir/hadoop-ozone/tools/target/test-dir/MiniOzoneClusterImpl-3a20bb1b-dac2-4ca8-91d1-f72b8431aeb5/datanode-1/data/ratis/9c896290-59c1-40ab-926d-f9180a4d93ce/in_use.lock acquired by nodename 20735@pr-hdds-1569-87zkn-1081879488
2019-09-26 13:37:13,677 [pool-37-thread-1] INFO  storage.RaftStorage (RaftStorage.java:format(72)) - Storage directory /workdir/hadoop-ozone/tools/target/test-dir/MiniOzoneClusterImpl-3a20bb1b-dac2-4ca8-91d1-f72b8431aeb5/datanode-1/data/ratis/9c896290-59c1-40ab-926d-f9180a4d93ce has been successfully formatted.
2019-09-26 13:37:13,678 [pool-37-thread-1] INFO  ratis.ContainerStateMachine (ContainerStateMachine.java:loadSnapshot(230)) - group-F9180A4D93CE: The snapshot info is null. Setting the last applied indexto:(t:0, i:~)
2019-09-26 13:37:13,678 [pool-37-thread-1] INFO  server.RaftServerConfigKeys (ConfUtils.java:logGet(43)) - raft.server.notification.no-leader.timeout = 120s (custom)
2019-09-26 13:37:13,678 [pool-37-thread-1] INFO  server.RaftServerConfigKeys (ConfUtils.java:logGet(43)) - raft.server.log.use.memory = false (default)
2019-09-26 13:37:13,678 [pool-37-thread-1] INFO  server.RaftServerConfigKeys (ConfUtils.java:logGet(43)) - raft.server.log.purge.gap = 1000000 (custom)
2019-09-26 13:37:13,678 [pool-37-thread-1] INFO  server.RaftServerConfigKeys (ConfUtils.java:logGet(43)) - raft.server.log.appender.buffer.byte-limit = 33554432 (custom)
2019-09-26 13:37:13,678 [pool-37-thread-1] INFO  server.RaftServerConfigKeys (ConfUtils.java:logGet(43)) - raft.server.log.segment.size.max = 1048576 (custom)
2019-09-26 13:37:13,679 [pool-37-thread-1] INFO  server.RaftServerConfigKeys (ConfUtils.java:logGet(43)) - raft.server.log.segment.cache.num.max = 2 (custom)
2019-09-26 13:37:13,679 [pool-37-thread-1] INFO  segmented.SegmentedRaftLogWorker (SegmentedRaftLogWorker.java:<init>(172)) - new 65b6a922-0f0f-4d93-80ba-5d2577e616a7@group-F9180A4D93CE-SegmentedRaftLogWorker for RaftStorage:Storage Directory /workdir/hadoop-ozone/tools/target/test-dir/MiniOzoneClusterImpl-3a20bb1b-dac2-4ca8-91d1-f72b8431aeb5/datanode-1/data/ratis/9c896290-59c1-40ab-926d-f9180a4d93ce
2019-09-26 13:37:13,679 [pool-37-thread-1] INFO  server.RaftServerConfigKeys (ConfUtils.java:logGet(43)) - raft.server.log.queue.byte-limit = 2147483647 (custom)
2019-09-26 13:37:13,679 [pool-37-thread-1] INFO  server.RaftServerConfigKeys (ConfUtils.java:logGet(43)) - raft.server.log.queue.element-limit = 1024 (custom)
2019-09-26 13:37:13,680 [pool-37-thread-1] INFO  server.RaftServerConfigKeys (ConfUtils.java:logGet(43)) - raft.server.log.segment.size.max = 1048576 (custom)
2019-09-26 13:37:13,680 [pool-37-thread-1] INFO  server.RaftServerConfigKeys (ConfUtils.java:logGet(43)) - raft.server.log.preallocated.size = 16384 (custom)
2019-09-26 13:37:13,680 [pool-37-thread-1] INFO  server.RaftServerConfigKeys (ConfUtils.java:logGet(43)) - raft.server.log.write.buffer.size = 33554432 (custom)
2019-09-26 13:37:13,681 [pool-37-thread-1] INFO  server.RaftServerConfigKeys (ConfUtils.java:logGet(43)) - raft.server.log.force.sync.num = 128 (default)
2019-09-26 13:37:13,681 [pool-37-thread-1] INFO  server.RaftServerConfigKeys (ConfUtils.java:logGet(43)) - raft.server.log.statemachine.data.sync = true (default)
2019-09-26 13:37:13,682 [pool-37-thread-1] INFO  server.RaftServerConfigKeys (ConfUtils.java:logGet(43)) - raft.server.log.statemachine.data.sync.timeout = 10s (default)
2019-09-26 13:37:13,682 [pool-37-thread-1] INFO  server.RaftServerConfigKeys (ConfUtils.java:logGet(43)) - raft.server.log.statemachine.data.sync.timeout.retry = -1 (default)
2019-09-26 13:37:13,682 [pool-37-thread-1] INFO  server.RaftServerConfigKeys (ConfUtils.java:logGet(43)) - raft.server.log.statemachine.data.caching.enabled = true (custom)
2019-09-26 13:37:13,683 [pool-37-thread-1] INFO  segmented.SegmentedRaftLogWorker (SegmentedRaftLogWorker.java:lambda$new$0(132)) - 65b6a922-0f0f-4d93-80ba-5d2577e616a7@group-F9180A4D93CE-SegmentedRaftLogWorker: flushIndex: setUnconditionally 0 -> -1
2019-09-26 13:37:13,683 [pool-37-thread-1] INFO  server.RaftServerConfigKeys (ConfUtils.java:logGet(43)) - raft.server.snapshot.auto.trigger.enabled = true (custom)
2019-09-26 13:37:13,683 [pool-37-thread-1] INFO  server.RaftServerConfigKeys (ConfUtils.java:logGet(43)) - raft.server.snapshot.auto.trigger.threshold = 10000 (custom)
2019-09-26 13:37:13,683 [pool-37-thread-1] INFO  server.RaftServerConfigKeys (ConfUtils.java:logGet(43)) - raft.server.snapshot.retention.num.files = 5 (custom)
2019-09-26 13:37:13,683 [pool-37-thread-1] INFO  server.RaftServerConfigKeys (ConfUtils.java:logGet(43)) - raft.server.retrycache.expirytime = 600000ms (custom)
2019-09-26 13:37:13,690 [pool-37-thread-1] INFO  impl.RaftServerImpl (RaftServerImpl.java:start(185)) - 65b6a922-0f0f-4d93-80ba-5d2577e616a7@group-F9180A4D93CE: start as a follower, conf=-1: [65b6a922-0f0f-4d93-80ba-5d2577e616a7:192.168.164.238:37480], old=null
2019-09-26 13:37:13,691 [pool-37-thread-1] INFO  impl.RaftServerImpl (RaftServerImpl.java:setRole(174)) - 65b6a922-0f0f-4d93-80ba-5d2577e616a7@group-F9180A4D93CE: changes role from      null to FOLLOWER at term 0 for startAsFollower
2019-09-26 13:37:13,691 [pool-37-thread-1] INFO  impl.RoleInfo (RoleInfo.java:updateAndGet(143)) - 65b6a922-0f0f-4d93-80ba-5d2577e616a7: start FollowerState
2019-09-26 13:37:13,691 [pool-37-thread-1] INFO  util.JmxRegister (JmxRegister.java:tryRegister(44)) - Successfully registered JMX Bean with object name Ratis:service=RaftServer,group=group-F9180A4D93CE,id=65b6a922-0f0f-4d93-80ba-5d2577e616a7
2019-09-26 13:37:13,696 [RatisPipelineUtilsThread] INFO  pipeline.PipelineStateManager (PipelineStateManager.java:addPipeline(56)) - Created pipeline Pipeline[ Id: 9c896290-59c1-40ab-926d-f9180a4d93ce, Nodes: 65b6a922-0f0f-4d93-80ba-5d2577e616a7{ip: 192.168.164.238, host: pr-hdds-1569-87zkn-1081879488, networkLocation: /default-rack, certSerialId: null}, Type:RATIS, Factor:ONE, State:OPEN]
2019-09-26 13:37:13,697 [RatisPipelineUtilsThread] INFO  pipeline.PipelinePlacementPolicy (PipelinePlacementPolicy.java:meetCriteria(91)) - Pipeline Placement: can't place more pipeline on heavy datanode： 9bae32d7-3aab-4e1e-ace1-c4157a7584ea Heaviness: 6 limit: 5
2019-09-26 13:37:13,698 [pool-73-thread-2] INFO  rpc.RpcClient (RpcClient.java:createBucket(415)) - Creating Bucket: vol-0-17365/bucket-0-74723, with Versioning false and Storage Type set to DISK and Encryption set to false 
2019-09-26 13:37:13,709 [grpc-default-executor-0] INFO  impl.RaftServerProxy (RaftServerProxy.java:addNew(89)) - 8e03446a-97fa-4aed-a68a-73437ef1131e: addNew group-68C8C42B0702:[8e03446a-97fa-4aed-a68a-73437ef1131e:192.168.164.238:42766] returns group-68C8C42B0702:java.util.concurrent.CompletableFuture@3fc265d2[Not completed]
2019-09-26 13:37:13,711 [pool-47-thread-1] INFO  impl.RaftServerImpl (RaftServerImpl.java:<init>(95)) - 8e03446a-97fa-4aed-a68a-73437ef1131e: new RaftServerImpl for group-68C8C42B0702:[8e03446a-97fa-4aed-a68a-73437ef1131e:192.168.164.238:42766] with ContainerStateMachine:uninitialized
2019-09-26 13:37:13,711 [pool-47-thread-1] INFO  server.RaftServerConfigKeys (ConfUtils.java:logGet(43)) - raft.server.rpc.timeout.min = 5s (custom)
2019-09-26 13:37:13,712 [pool-47-thread-1] INFO  server.RaftServerConfigKeys (ConfUtils.java:logGet(43)) - raft.server.rpc.timeout.max = 5200ms (custom)
2019-09-26 13:37:13,712 [pool-47-thread-1] INFO  server.RaftServerConfigKeys (ConfUtils.java:logGet(43)) - raft.server.rpcslowness.timeout = 120s (custom)
2019-09-26 13:37:13,712 [pool-47-thread-1] INFO  server.RaftServerConfigKeys (ConfUtils.java:logGet(43)) - raft.server.sleep.deviation.threshold = 300 (default)
2019-09-26 13:37:13,712 [pool-47-thread-1] INFO  server.RaftServerConfigKeys (ConfUtils.java:logGet(43)) - raft.server.log.appender.install.snapshot.enabled = false (custom)
2019-09-26 13:37:13,712 [pool-47-thread-1] INFO  impl.RaftServerImpl (ServerState.java:<init>(103)) - 8e03446a-97fa-4aed-a68a-73437ef1131e@group-68C8C42B0702: ConfigurationManager, init=-1: [8e03446a-97fa-4aed-a68a-73437ef1131e:192.168.164.238:42766], old=null, confs=<EMPTY_MAP>
2019-09-26 13:37:13,712 [pool-47-thread-1] INFO  server.RaftServerConfigKeys (ConfUtils.java:logGet(43)) - raft.server.storage.dir = [/workdir/hadoop-ozone/tools/target/test-dir/MiniOzoneClusterImpl-3a20bb1b-dac2-4ca8-91d1-f72b8431aeb5/datanode-2/data/ratis] (custom)
2019-09-26 13:37:13,713 [pool-47-thread-1] INFO  storage.RaftStorageDirectory (RaftStorageDirectory.java:analyzeStorage(246)) - The storage directory /workdir/hadoop-ozone/tools/target/test-dir/MiniOzoneClusterImpl-3a20bb1b-dac2-4ca8-91d1-f72b8431aeb5/datanode-2/data/ratis/7c418087-41a9-4d79-97d2-68c8c42b0702 does not exist. Creating ...
2019-09-26 13:37:13,725 [pool-47-thread-1] INFO  storage.RaftStorageDirectory (RaftStorageDirectory.java:tryLock(328)) - Lock on /workdir/hadoop-ozone/tools/target/test-dir/MiniOzoneClusterImpl-3a20bb1b-dac2-4ca8-91d1-f72b8431aeb5/datanode-2/data/ratis/7c418087-41a9-4d79-97d2-68c8c42b0702/in_use.lock acquired by nodename 20735@pr-hdds-1569-87zkn-1081879488
2019-09-26 13:37:13,738 [pool-47-thread-1] INFO  storage.RaftStorage (RaftStorage.java:format(72)) - Storage directory /workdir/hadoop-ozone/tools/target/test-dir/MiniOzoneClusterImpl-3a20bb1b-dac2-4ca8-91d1-f72b8431aeb5/datanode-2/data/ratis/7c418087-41a9-4d79-97d2-68c8c42b0702 has been successfully formatted.
2019-09-26 13:37:13,739 [pool-47-thread-1] INFO  ratis.ContainerStateMachine (ContainerStateMachine.java:loadSnapshot(230)) - group-68C8C42B0702: The snapshot info is null. Setting the last applied indexto:(t:0, i:~)
2019-09-26 13:37:13,739 [pool-47-thread-1] INFO  server.RaftServerConfigKeys (ConfUtils.java:logGet(43)) - raft.server.notification.no-leader.timeout = 120s (custom)
2019-09-26 13:37:13,739 [pool-47-thread-1] INFO  server.RaftServerConfigKeys (ConfUtils.java:logGet(43)) - raft.server.log.use.memory = false (default)
2019-09-26 13:37:13,739 [pool-47-thread-1] INFO  server.RaftServerConfigKeys (ConfUtils.java:logGet(43)) - raft.server.log.purge.gap = 1000000 (custom)
2019-09-26 13:37:13,739 [pool-47-thread-1] INFO  server.RaftServerConfigKeys (ConfUtils.java:logGet(43)) - raft.server.log.appender.buffer.byte-limit = 33554432 (custom)
2019-09-26 13:37:13,739 [pool-47-thread-1] INFO  server.RaftServerConfigKeys (ConfUtils.java:logGet(43)) - raft.server.log.segment.size.max = 1048576 (custom)
2019-09-26 13:37:13,740 [pool-47-thread-1] INFO  server.RaftServerConfigKeys (ConfUtils.java:logGet(43)) - raft.server.log.segment.cache.num.max = 2 (custom)
2019-09-26 13:37:13,740 [pool-47-thread-1] INFO  segmented.SegmentedRaftLogWorker (SegmentedRaftLogWorker.java:<init>(172)) - new 8e03446a-97fa-4aed-a68a-73437ef1131e@group-68C8C42B0702-SegmentedRaftLogWorker for RaftStorage:Storage Directory /workdir/hadoop-ozone/tools/target/test-dir/MiniOzoneClusterImpl-3a20bb1b-dac2-4ca8-91d1-f72b8431aeb5/datanode-2/data/ratis/7c418087-41a9-4d79-97d2-68c8c42b0702
2019-09-26 13:37:13,740 [pool-47-thread-1] INFO  server.RaftServerConfigKeys (ConfUtils.java:logGet(43)) - raft.server.log.queue.byte-limit = 2147483647 (custom)
2019-09-26 13:37:13,740 [pool-47-thread-1] INFO  server.RaftServerConfigKeys (ConfUtils.java:logGet(43)) - raft.server.log.queue.element-limit = 1024 (custom)
2019-09-26 13:37:13,740 [pool-47-thread-1] INFO  server.RaftServerConfigKeys (ConfUtils.java:logGet(43)) - raft.server.log.segment.size.max = 1048576 (custom)
2019-09-26 13:37:13,740 [pool-47-thread-1] INFO  server.RaftServerConfigKeys (ConfUtils.java:logGet(43)) - raft.server.log.preallocated.size = 16384 (custom)
2019-09-26 13:37:13,741 [pool-47-thread-1] INFO  server.RaftServerConfigKeys (ConfUtils.java:logGet(43)) - raft.server.log.write.buffer.size = 33554432 (custom)
2019-09-26 13:37:13,741 [pool-47-thread-1] INFO  server.RaftServerConfigKeys (ConfUtils.java:logGet(43)) - raft.server.log.force.sync.num = 128 (default)
2019-09-26 13:37:13,741 [pool-47-thread-1] INFO  server.RaftServerConfigKeys (ConfUtils.java:logGet(43)) - raft.server.log.statemachine.data.sync = true (default)
2019-09-26 13:37:13,741 [pool-47-thread-1] INFO  server.RaftServerConfigKeys (ConfUtils.java:logGet(43)) - raft.server.log.statemachine.data.sync.timeout = 10s (default)
2019-09-26 13:37:13,741 [pool-47-thread-1] INFO  server.RaftServerConfigKeys (ConfUtils.java:logGet(43)) - raft.server.log.statemachine.data.sync.timeout.retry = -1 (default)
2019-09-26 13:37:13,741 [pool-47-thread-1] INFO  server.RaftServerConfigKeys (ConfUtils.java:logGet(43)) - raft.server.log.statemachine.data.caching.enabled = true (custom)
2019-09-26 13:37:13,742 [pool-47-thread-1] INFO  segmented.SegmentedRaftLogWorker (SegmentedRaftLogWorker.java:lambda$new$0(132)) - 8e03446a-97fa-4aed-a68a-73437ef1131e@group-68C8C42B0702-SegmentedRaftLogWorker: flushIndex: setUnconditionally 0 -> -1
2019-09-26 13:37:13,742 [pool-47-thread-1] INFO  server.RaftServerConfigKeys (ConfUtils.java:logGet(43)) - raft.server.snapshot.auto.trigger.enabled = true (custom)
2019-09-26 13:37:13,742 [pool-47-thread-1] INFO  server.RaftServerConfigKeys (ConfUtils.java:logGet(43)) - raft.server.snapshot.auto.trigger.threshold = 10000 (custom)
2019-09-26 13:37:13,742 [pool-47-thread-1] INFO  server.RaftServerConfigKeys (ConfUtils.java:logGet(43)) - raft.server.snapshot.retention.num.files = 5 (custom)
2019-09-26 13:37:13,742 [pool-47-thread-1] INFO  server.RaftServerConfigKeys (ConfUtils.java:logGet(43)) - raft.server.retrycache.expirytime = 600000ms (custom)
2019-09-26 13:37:14,143 [pool-47-thread-1] INFO  impl.RaftServerImpl (RaftServerImpl.java:start(185)) - 8e03446a-97fa-4aed-a68a-73437ef1131e@group-68C8C42B0702: start as a follower, conf=-1: [8e03446a-97fa-4aed-a68a-73437ef1131e:192.168.164.238:42766], old=null
2019-09-26 13:37:14,144 [pool-47-thread-1] INFO  impl.RaftServerImpl (RaftServerImpl.java:setRole(174)) - 8e03446a-97fa-4aed-a68a-73437ef1131e@group-68C8C42B0702: changes role from      null to FOLLOWER at term 0 for startAsFollower
2019-09-26 13:37:14,144 [pool-47-thread-1] INFO  impl.RoleInfo (RoleInfo.java:updateAndGet(143)) - 8e03446a-97fa-4aed-a68a-73437ef1131e: start FollowerState
2019-09-26 13:37:14,145 [pool-47-thread-1] INFO  util.JmxRegister (JmxRegister.java:tryRegister(44)) - Successfully registered JMX Bean with object name Ratis:service=RaftServer,group=group-68C8C42B0702,id=8e03446a-97fa-4aed-a68a-73437ef1131e
2019-09-26 13:37:14,177 [RatisPipelineUtilsThread] INFO  pipeline.PipelineStateManager (PipelineStateManager.java:addPipeline(56)) - Created pipeline Pipeline[ Id: 7c418087-41a9-4d79-97d2-68c8c42b0702, Nodes: 8e03446a-97fa-4aed-a68a-73437ef1131e{ip: 192.168.164.238, host: pr-hdds-1569-87zkn-1081879488, networkLocation: /default-rack, certSerialId: null}, Type:RATIS, Factor:ONE, State:OPEN]
2019-09-26 13:37:14,177 [RatisPipelineUtilsThread] INFO  pipeline.PipelinePlacementPolicy (PipelinePlacementPolicy.java:meetCriteria(91)) - Pipeline Placement: can't place more pipeline on heavy datanode： 9bae32d7-3aab-4e1e-ace1-c4157a7584ea Heaviness: 6 limit: 5
2019-09-26 13:37:14,190 [grpc-default-executor-0] INFO  impl.RaftServerProxy (RaftServerProxy.java:addNew(89)) - fa623484-5385-4c02-af08-45448d3dc09d: addNew group-2D39EB30BC0D:[fa623484-5385-4c02-af08-45448d3dc09d:192.168.164.238:42639] returns group-2D39EB30BC0D:java.util.concurrent.CompletableFuture@5e4d4d[Not completed]
2019-09-26 13:37:14,192 [pool-27-thread-1] INFO  impl.RaftServerImpl (RaftServerImpl.java:<init>(95)) - fa623484-5385-4c02-af08-45448d3dc09d: new RaftServerImpl for group-2D39EB30BC0D:[fa623484-5385-4c02-af08-45448d3dc09d:192.168.164.238:42639] with ContainerStateMachine:uninitialized
2019-09-26 13:37:14,192 [pool-27-thread-1] INFO  server.RaftServerConfigKeys (ConfUtils.java:logGet(43)) - raft.server.rpc.timeout.min = 5s (custom)
2019-09-26 13:37:14,192 [pool-27-thread-1] INFO  server.RaftServerConfigKeys (ConfUtils.java:logGet(43)) - raft.server.rpc.timeout.max = 5200ms (custom)
2019-09-26 13:37:14,192 [pool-27-thread-1] INFO  server.RaftServerConfigKeys (ConfUtils.java:logGet(43)) - raft.server.rpcslowness.timeout = 120s (custom)
2019-09-26 13:37:14,192 [pool-27-thread-1] INFO  server.RaftServerConfigKeys (ConfUtils.java:logGet(43)) - raft.server.sleep.deviation.threshold = 300 (default)
2019-09-26 13:37:14,193 [pool-27-thread-1] INFO  server.RaftServerConfigKeys (ConfUtils.java:logGet(43)) - raft.server.log.appender.install.snapshot.enabled = false (custom)
2019-09-26 13:37:14,193 [pool-27-thread-1] INFO  impl.RaftServerImpl (ServerState.java:<init>(103)) - fa623484-5385-4c02-af08-45448d3dc09d@group-2D39EB30BC0D: ConfigurationManager, init=-1: [fa623484-5385-4c02-af08-45448d3dc09d:192.168.164.238:42639], old=null, confs=<EMPTY_MAP>
2019-09-26 13:37:14,193 [pool-27-thread-1] INFO  server.RaftServerConfigKeys (ConfUtils.java:logGet(43)) - raft.server.storage.dir = [/workdir/hadoop-ozone/tools/target/test-dir/MiniOzoneClusterImpl-3a20bb1b-dac2-4ca8-91d1-f72b8431aeb5/datanode-0/data/ratis] (custom)
2019-09-26 13:37:14,194 [pool-27-thread-1] INFO  storage.RaftStorageDirectory (RaftStorageDirectory.java:analyzeStorage(246)) - The storage directory /workdir/hadoop-ozone/tools/target/test-dir/MiniOzoneClusterImpl-3a20bb1b-dac2-4ca8-91d1-f72b8431aeb5/datanode-0/data/ratis/1c51dc26-72da-492b-95c1-2d39eb30bc0d does not exist. Creating ...
2019-09-26 13:37:14,207 [pool-27-thread-1] INFO  storage.RaftStorageDirectory (RaftStorageDirectory.java:tryLock(328)) - Lock on /workdir/hadoop-ozone/tools/target/test-dir/MiniOzoneClusterImpl-3a20bb1b-dac2-4ca8-91d1-f72b8431aeb5/datanode-0/data/ratis/1c51dc26-72da-492b-95c1-2d39eb30bc0d/in_use.lock acquired by nodename 20735@pr-hdds-1569-87zkn-1081879488
2019-09-26 13:37:14,220 [pool-27-thread-1] INFO  storage.RaftStorage (RaftStorage.java:format(72)) - Storage directory /workdir/hadoop-ozone/tools/target/test-dir/MiniOzoneClusterImpl-3a20bb1b-dac2-4ca8-91d1-f72b8431aeb5/datanode-0/data/ratis/1c51dc26-72da-492b-95c1-2d39eb30bc0d has been successfully formatted.
2019-09-26 13:37:14,220 [pool-27-thread-1] INFO  ratis.ContainerStateMachine (ContainerStateMachine.java:loadSnapshot(230)) - group-2D39EB30BC0D: The snapshot info is null. Setting the last applied indexto:(t:0, i:~)
2019-09-26 13:37:14,220 [pool-27-thread-1] INFO  server.RaftServerConfigKeys (ConfUtils.java:logGet(43)) - raft.server.notification.no-leader.timeout = 120s (custom)
2019-09-26 13:37:14,220 [pool-27-thread-1] INFO  server.RaftServerConfigKeys (ConfUtils.java:logGet(43)) - raft.server.log.use.memory = false (default)
2019-09-26 13:37:14,221 [pool-27-thread-1] INFO  server.RaftServerConfigKeys (ConfUtils.java:logGet(43)) - raft.server.log.purge.gap = 1000000 (custom)
2019-09-26 13:37:14,221 [pool-27-thread-1] INFO  server.RaftServerConfigKeys (ConfUtils.java:logGet(43)) - raft.server.log.appender.buffer.byte-limit = 33554432 (custom)
2019-09-26 13:37:14,221 [pool-27-thread-1] INFO  server.RaftServerConfigKeys (ConfUtils.java:logGet(43)) - raft.server.log.segment.size.max = 1048576 (custom)
2019-09-26 13:37:14,221 [pool-27-thread-1] INFO  server.RaftServerConfigKeys (ConfUtils.java:logGet(43)) - raft.server.log.segment.cache.num.max = 2 (custom)
2019-09-26 13:37:14,221 [pool-27-thread-1] INFO  segmented.SegmentedRaftLogWorker (SegmentedRaftLogWorker.java:<init>(172)) - new fa623484-5385-4c02-af08-45448d3dc09d@group-2D39EB30BC0D-SegmentedRaftLogWorker for RaftStorage:Storage Directory /workdir/hadoop-ozone/tools/target/test-dir/MiniOzoneClusterImpl-3a20bb1b-dac2-4ca8-91d1-f72b8431aeb5/datanode-0/data/ratis/1c51dc26-72da-492b-95c1-2d39eb30bc0d
2019-09-26 13:37:14,221 [pool-27-thread-1] INFO  server.RaftServerConfigKeys (ConfUtils.java:logGet(43)) - raft.server.log.queue.byte-limit = 2147483647 (custom)
2019-09-26 13:37:14,222 [pool-27-thread-1] INFO  server.RaftServerConfigKeys (ConfUtils.java:logGet(43)) - raft.server.log.queue.element-limit = 1024 (custom)
2019-09-26 13:37:14,222 [pool-27-thread-1] INFO  server.RaftServerConfigKeys (ConfUtils.java:logGet(43)) - raft.server.log.segment.size.max = 1048576 (custom)
2019-09-26 13:37:14,222 [pool-27-thread-1] INFO  server.RaftServerConfigKeys (ConfUtils.java:logGet(43)) - raft.server.log.preallocated.size = 16384 (custom)
2019-09-26 13:37:14,222 [pool-27-thread-1] INFO  server.RaftServerConfigKeys (ConfUtils.java:logGet(43)) - raft.server.log.write.buffer.size = 33554432 (custom)
2019-09-26 13:37:14,222 [pool-27-thread-1] INFO  server.RaftServerConfigKeys (ConfUtils.java:logGet(43)) - raft.server.log.force.sync.num = 128 (default)
2019-09-26 13:37:14,222 [pool-27-thread-1] INFO  server.RaftServerConfigKeys (ConfUtils.java:logGet(43)) - raft.server.log.statemachine.data.sync = true (default)
2019-09-26 13:37:14,223 [pool-27-thread-1] INFO  server.RaftServerConfigKeys (ConfUtils.java:logGet(43)) - raft.server.log.statemachine.data.sync.timeout = 10s (default)
2019-09-26 13:37:14,223 [pool-27-thread-1] INFO  server.RaftServerConfigKeys (ConfUtils.java:logGet(43)) - raft.server.log.statemachine.data.sync.timeout.retry = -1 (default)
2019-09-26 13:37:14,223 [pool-27-thread-1] INFO  server.RaftServerConfigKeys (ConfUtils.java:logGet(43)) - raft.server.log.statemachine.data.caching.enabled = true (custom)
2019-09-26 13:37:14,223 [pool-27-thread-1] INFO  segmented.SegmentedRaftLogWorker (SegmentedRaftLogWorker.java:lambda$new$0(132)) - fa623484-5385-4c02-af08-45448d3dc09d@group-2D39EB30BC0D-SegmentedRaftLogWorker: flushIndex: setUnconditionally 0 -> -1
2019-09-26 13:37:14,224 [pool-27-thread-1] INFO  server.RaftServerConfigKeys (ConfUtils.java:logGet(43)) - raft.server.snapshot.auto.trigger.enabled = true (custom)
2019-09-26 13:37:14,224 [pool-27-thread-1] INFO  server.RaftServerConfigKeys (ConfUtils.java:logGet(43)) - raft.server.snapshot.auto.trigger.threshold = 10000 (custom)
2019-09-26 13:37:14,224 [pool-27-thread-1] INFO  server.RaftServerConfigKeys (ConfUtils.java:logGet(43)) - raft.server.snapshot.retention.num.files = 5 (custom)
2019-09-26 13:37:14,224 [pool-27-thread-1] INFO  server.RaftServerConfigKeys (ConfUtils.java:logGet(43)) - raft.server.retrycache.expirytime = 600000ms (custom)
2019-09-26 13:37:14,227 [pool-27-thread-1] INFO  impl.RaftServerImpl (RaftServerImpl.java:start(185)) - fa623484-5385-4c02-af08-45448d3dc09d@group-2D39EB30BC0D: start as a follower, conf=-1: [fa623484-5385-4c02-af08-45448d3dc09d:192.168.164.238:42639], old=null
2019-09-26 13:37:14,227 [pool-27-thread-1] INFO  impl.RaftServerImpl (RaftServerImpl.java:setRole(174)) - fa623484-5385-4c02-af08-45448d3dc09d@group-2D39EB30BC0D: changes role from      null to FOLLOWER at term 0 for startAsFollower
2019-09-26 13:37:14,227 [pool-27-thread-1] INFO  impl.RoleInfo (RoleInfo.java:updateAndGet(143)) - fa623484-5385-4c02-af08-45448d3dc09d: start FollowerState
2019-09-26 13:37:14,228 [pool-27-thread-1] INFO  util.JmxRegister (JmxRegister.java:tryRegister(44)) - Successfully registered JMX Bean with object name Ratis:service=RaftServer,group=group-2D39EB30BC0D,id=fa623484-5385-4c02-af08-45448d3dc09d
2019-09-26 13:37:14,233 [RatisPipelineUtilsThread] INFO  pipeline.PipelineStateManager (PipelineStateManager.java:addPipeline(56)) - Created pipeline Pipeline[ Id: 1c51dc26-72da-492b-95c1-2d39eb30bc0d, Nodes: fa623484-5385-4c02-af08-45448d3dc09d{ip: 192.168.164.238, host: pr-hdds-1569-87zkn-1081879488, networkLocation: /default-rack, certSerialId: null}, Type:RATIS, Factor:ONE, State:OPEN]
2019-09-26 13:37:14,233 [RatisPipelineUtilsThread] INFO  pipeline.PipelinePlacementPolicy (PipelinePlacementPolicy.java:meetCriteria(91)) - Pipeline Placement: can't place more pipeline on heavy datanode： 9bae32d7-3aab-4e1e-ace1-c4157a7584ea Heaviness: 6 limit: 5
2019-09-26 13:37:14,244 [grpc-default-executor-0] INFO  impl.RaftServerProxy (RaftServerProxy.java:addNew(89)) - 37170b5e-38e8-41e6-8e7f-73d816854ae3: addNew group-E0486BED7EF6:[37170b5e-38e8-41e6-8e7f-73d816854ae3:192.168.164.238:39488] returns group-E0486BED7EF6:java.util.concurrent.CompletableFuture@66cfc727[Not completed]
2019-09-26 13:37:14,245 [pool-67-thread-1] INFO  impl.RaftServerImpl (RaftServerImpl.java:<init>(95)) - 37170b5e-38e8-41e6-8e7f-73d816854ae3: new RaftServerImpl for group-E0486BED7EF6:[37170b5e-38e8-41e6-8e7f-73d816854ae3:192.168.164.238:39488] with ContainerStateMachine:uninitialized
2019-09-26 13:37:14,245 [pool-67-thread-1] INFO  server.RaftServerConfigKeys (ConfUtils.java:logGet(43)) - raft.server.rpc.timeout.min = 5s (custom)
2019-09-26 13:37:14,245 [pool-67-thread-1] INFO  server.RaftServerConfigKeys (ConfUtils.java:logGet(43)) - raft.server.rpc.timeout.max = 5200ms (custom)
2019-09-26 13:37:14,245 [pool-67-thread-1] INFO  server.RaftServerConfigKeys (ConfUtils.java:logGet(43)) - raft.server.rpcslowness.timeout = 120s (custom)
2019-09-26 13:37:14,246 [pool-67-thread-1] INFO  server.RaftServerConfigKeys (ConfUtils.java:logGet(43)) - raft.server.sleep.deviation.threshold = 300 (default)
2019-09-26 13:37:14,246 [pool-67-thread-1] INFO  server.RaftServerConfigKeys (ConfUtils.java:logGet(43)) - raft.server.log.appender.install.snapshot.enabled = false (custom)
2019-09-26 13:37:14,246 [pool-67-thread-1] INFO  impl.RaftServerImpl (ServerState.java:<init>(103)) - 37170b5e-38e8-41e6-8e7f-73d816854ae3@group-E0486BED7EF6: ConfigurationManager, init=-1: [37170b5e-38e8-41e6-8e7f-73d816854ae3:192.168.164.238:39488], old=null, confs=<EMPTY_MAP>
2019-09-26 13:37:14,246 [pool-67-thread-1] INFO  server.RaftServerConfigKeys (ConfUtils.java:logGet(43)) - raft.server.storage.dir = [/workdir/hadoop-ozone/tools/target/test-dir/MiniOzoneClusterImpl-3a20bb1b-dac2-4ca8-91d1-f72b8431aeb5/datanode-4/data/ratis] (custom)
2019-09-26 13:37:14,246 [pool-67-thread-1] INFO  storage.RaftStorageDirectory (RaftStorageDirectory.java:analyzeStorage(246)) - The storage directory /workdir/hadoop-ozone/tools/target/test-dir/MiniOzoneClusterImpl-3a20bb1b-dac2-4ca8-91d1-f72b8431aeb5/datanode-4/data/ratis/e7033f5b-a38d-4b25-8f24-e0486bed7ef6 does not exist. Creating ...
2019-09-26 13:37:14,259 [pool-67-thread-1] INFO  storage.RaftStorageDirectory (RaftStorageDirectory.java:tryLock(328)) - Lock on /workdir/hadoop-ozone/tools/target/test-dir/MiniOzoneClusterImpl-3a20bb1b-dac2-4ca8-91d1-f72b8431aeb5/datanode-4/data/ratis/e7033f5b-a38d-4b25-8f24-e0486bed7ef6/in_use.lock acquired by nodename 20735@pr-hdds-1569-87zkn-1081879488
2019-09-26 13:37:14,272 [pool-67-thread-1] INFO  storage.RaftStorage (RaftStorage.java:format(72)) - Storage directory /workdir/hadoop-ozone/tools/target/test-dir/MiniOzoneClusterImpl-3a20bb1b-dac2-4ca8-91d1-f72b8431aeb5/datanode-4/data/ratis/e7033f5b-a38d-4b25-8f24-e0486bed7ef6 has been successfully formatted.
2019-09-26 13:37:14,272 [pool-67-thread-1] INFO  ratis.ContainerStateMachine (ContainerStateMachine.java:loadSnapshot(230)) - group-E0486BED7EF6: The snapshot info is null. Setting the last applied indexto:(t:0, i:~)
2019-09-26 13:37:14,273 [pool-67-thread-1] INFO  server.RaftServerConfigKeys (ConfUtils.java:logGet(43)) - raft.server.notification.no-leader.timeout = 120s (custom)
2019-09-26 13:37:14,273 [pool-67-thread-1] INFO  server.RaftServerConfigKeys (ConfUtils.java:logGet(43)) - raft.server.log.use.memory = false (default)
2019-09-26 13:37:14,273 [pool-67-thread-1] INFO  server.RaftServerConfigKeys (ConfUtils.java:logGet(43)) - raft.server.log.purge.gap = 1000000 (custom)
2019-09-26 13:37:14,273 [pool-67-thread-1] INFO  server.RaftServerConfigKeys (ConfUtils.java:logGet(43)) - raft.server.log.appender.buffer.byte-limit = 33554432 (custom)
2019-09-26 13:37:14,273 [pool-67-thread-1] INFO  server.RaftServerConfigKeys (ConfUtils.java:logGet(43)) - raft.server.log.segment.size.max = 1048576 (custom)
2019-09-26 13:37:14,273 [pool-67-thread-1] INFO  server.RaftServerConfigKeys (ConfUtils.java:logGet(43)) - raft.server.log.segment.cache.num.max = 2 (custom)
2019-09-26 13:37:14,273 [pool-67-thread-1] INFO  segmented.SegmentedRaftLogWorker (SegmentedRaftLogWorker.java:<init>(172)) - new 37170b5e-38e8-41e6-8e7f-73d816854ae3@group-E0486BED7EF6-SegmentedRaftLogWorker for RaftStorage:Storage Directory /workdir/hadoop-ozone/tools/target/test-dir/MiniOzoneClusterImpl-3a20bb1b-dac2-4ca8-91d1-f72b8431aeb5/datanode-4/data/ratis/e7033f5b-a38d-4b25-8f24-e0486bed7ef6
2019-09-26 13:37:14,273 [pool-67-thread-1] INFO  server.RaftServerConfigKeys (ConfUtils.java:logGet(43)) - raft.server.log.queue.byte-limit = 2147483647 (custom)
2019-09-26 13:37:14,273 [pool-67-thread-1] INFO  server.RaftServerConfigKeys (ConfUtils.java:logGet(43)) - raft.server.log.queue.element-limit = 1024 (custom)
2019-09-26 13:37:14,274 [pool-67-thread-1] INFO  server.RaftServerConfigKeys (ConfUtils.java:logGet(43)) - raft.server.log.segment.size.max = 1048576 (custom)
2019-09-26 13:37:14,274 [pool-67-thread-1] INFO  server.RaftServerConfigKeys (ConfUtils.java:logGet(43)) - raft.server.log.preallocated.size = 16384 (custom)
2019-09-26 13:37:14,274 [pool-67-thread-1] INFO  server.RaftServerConfigKeys (ConfUtils.java:logGet(43)) - raft.server.log.write.buffer.size = 33554432 (custom)
2019-09-26 13:37:14,274 [pool-67-thread-1] INFO  server.RaftServerConfigKeys (ConfUtils.java:logGet(43)) - raft.server.log.force.sync.num = 128 (default)
2019-09-26 13:37:14,274 [pool-67-thread-1] INFO  server.RaftServerConfigKeys (ConfUtils.java:logGet(43)) - raft.server.log.statemachine.data.sync = true (default)
2019-09-26 13:37:14,274 [pool-67-thread-1] INFO  server.RaftServerConfigKeys (ConfUtils.java:logGet(43)) - raft.server.log.statemachine.data.sync.timeout = 10s (default)
2019-09-26 13:37:14,274 [pool-67-thread-1] INFO  server.RaftServerConfigKeys (ConfUtils.java:logGet(43)) - raft.server.log.statemachine.data.sync.timeout.retry = -1 (default)
2019-09-26 13:37:14,274 [pool-67-thread-1] INFO  server.RaftServerConfigKeys (ConfUtils.java:logGet(43)) - raft.server.log.statemachine.data.caching.enabled = true (custom)
2019-09-26 13:37:14,275 [pool-67-thread-1] INFO  segmented.SegmentedRaftLogWorker (SegmentedRaftLogWorker.java:lambda$new$0(132)) - 37170b5e-38e8-41e6-8e7f-73d816854ae3@group-E0486BED7EF6-SegmentedRaftLogWorker: flushIndex: setUnconditionally 0 -> -1
2019-09-26 13:37:14,275 [pool-67-thread-1] INFO  server.RaftServerConfigKeys (ConfUtils.java:logGet(43)) - raft.server.snapshot.auto.trigger.enabled = true (custom)
2019-09-26 13:37:14,275 [pool-67-thread-1] INFO  server.RaftServerConfigKeys (ConfUtils.java:logGet(43)) - raft.server.snapshot.auto.trigger.threshold = 10000 (custom)
2019-09-26 13:37:14,275 [pool-67-thread-1] INFO  server.RaftServerConfigKeys (ConfUtils.java:logGet(43)) - raft.server.snapshot.retention.num.files = 5 (custom)
2019-09-26 13:37:14,275 [pool-67-thread-1] INFO  server.RaftServerConfigKeys (ConfUtils.java:logGet(43)) - raft.server.retrycache.expirytime = 600000ms (custom)
2019-09-26 13:37:14,278 [pool-67-thread-1] INFO  impl.RaftServerImpl (RaftServerImpl.java:start(185)) - 37170b5e-38e8-41e6-8e7f-73d816854ae3@group-E0486BED7EF6: start as a follower, conf=-1: [37170b5e-38e8-41e6-8e7f-73d816854ae3:192.168.164.238:39488], old=null
2019-09-26 13:37:14,278 [pool-67-thread-1] INFO  impl.RaftServerImpl (RaftServerImpl.java:setRole(174)) - 37170b5e-38e8-41e6-8e7f-73d816854ae3@group-E0486BED7EF6: changes role from      null to FOLLOWER at term 0 for startAsFollower
2019-09-26 13:37:14,278 [pool-67-thread-1] INFO  impl.RoleInfo (RoleInfo.java:updateAndGet(143)) - 37170b5e-38e8-41e6-8e7f-73d816854ae3: start FollowerState
2019-09-26 13:37:14,278 [pool-67-thread-1] INFO  util.JmxRegister (JmxRegister.java:tryRegister(44)) - Successfully registered JMX Bean with object name Ratis:service=RaftServer,group=group-E0486BED7EF6,id=37170b5e-38e8-41e6-8e7f-73d816854ae3
2019-09-26 13:37:14,283 [RatisPipelineUtilsThread] INFO  pipeline.PipelineStateManager (PipelineStateManager.java:addPipeline(56)) - Created pipeline Pipeline[ Id: e7033f5b-a38d-4b25-8f24-e0486bed7ef6, Nodes: 37170b5e-38e8-41e6-8e7f-73d816854ae3{ip: 192.168.164.238, host: pr-hdds-1569-87zkn-1081879488, networkLocation: /default-rack, certSerialId: null}, Type:RATIS, Factor:ONE, State:OPEN]
2019-09-26 13:37:14,284 [RatisPipelineUtilsThread] INFO  pipeline.PipelinePlacementPolicy (PipelinePlacementPolicy.java:meetCriteria(91)) - Pipeline Placement: can't place more pipeline on heavy datanode： 9bae32d7-3aab-4e1e-ace1-c4157a7584ea Heaviness: 6 limit: 5
2019-09-26 13:37:14,308 [grpc-default-executor-0] INFO  impl.RaftServerProxy (RaftServerProxy.java:addNew(89)) - 65b6a922-0f0f-4d93-80ba-5d2577e616a7: addNew group-215A4B80FACB:[65b6a922-0f0f-4d93-80ba-5d2577e616a7:192.168.164.238:37480] returns group-215A4B80FACB:java.util.concurrent.CompletableFuture@51876749[Not completed]
2019-09-26 13:37:14,310 [pool-37-thread-1] INFO  impl.RaftServerImpl (RaftServerImpl.java:<init>(95)) - 65b6a922-0f0f-4d93-80ba-5d2577e616a7: new RaftServerImpl for group-215A4B80FACB:[65b6a922-0f0f-4d93-80ba-5d2577e616a7:192.168.164.238:37480] with ContainerStateMachine:uninitialized
2019-09-26 13:37:14,310 [pool-37-thread-1] INFO  server.RaftServerConfigKeys (ConfUtils.java:logGet(43)) - raft.server.rpc.timeout.min = 5s (custom)
2019-09-26 13:37:14,310 [pool-37-thread-1] INFO  server.RaftServerConfigKeys (ConfUtils.java:logGet(43)) - raft.server.rpc.timeout.max = 5200ms (custom)
2019-09-26 13:37:14,311 [pool-37-thread-1] INFO  server.RaftServerConfigKeys (ConfUtils.java:logGet(43)) - raft.server.rpcslowness.timeout = 120s (custom)
2019-09-26 13:37:14,311 [pool-37-thread-1] INFO  server.RaftServerConfigKeys (ConfUtils.java:logGet(43)) - raft.server.sleep.deviation.threshold = 300 (default)
2019-09-26 13:37:14,311 [pool-37-thread-1] INFO  server.RaftServerConfigKeys (ConfUtils.java:logGet(43)) - raft.server.log.appender.install.snapshot.enabled = false (custom)
2019-09-26 13:37:14,311 [pool-37-thread-1] INFO  impl.RaftServerImpl (ServerState.java:<init>(103)) - 65b6a922-0f0f-4d93-80ba-5d2577e616a7@group-215A4B80FACB: ConfigurationManager, init=-1: [65b6a922-0f0f-4d93-80ba-5d2577e616a7:192.168.164.238:37480], old=null, confs=<EMPTY_MAP>
2019-09-26 13:37:14,311 [pool-37-thread-1] INFO  server.RaftServerConfigKeys (ConfUtils.java:logGet(43)) - raft.server.storage.dir = [/workdir/hadoop-ozone/tools/target/test-dir/MiniOzoneClusterImpl-3a20bb1b-dac2-4ca8-91d1-f72b8431aeb5/datanode-1/data/ratis] (custom)
2019-09-26 13:37:14,312 [pool-37-thread-1] INFO  storage.RaftStorageDirectory (RaftStorageDirectory.java:analyzeStorage(246)) - The storage directory /workdir/hadoop-ozone/tools/target/test-dir/MiniOzoneClusterImpl-3a20bb1b-dac2-4ca8-91d1-f72b8431aeb5/datanode-1/data/ratis/6a4fc4b9-bce6-40f2-bb93-215a4b80facb does not exist. Creating ...
2019-09-26 13:37:14,324 [pool-37-thread-1] INFO  storage.RaftStorageDirectory (RaftStorageDirectory.java:tryLock(328)) - Lock on /workdir/hadoop-ozone/tools/target/test-dir/MiniOzoneClusterImpl-3a20bb1b-dac2-4ca8-91d1-f72b8431aeb5/datanode-1/data/ratis/6a4fc4b9-bce6-40f2-bb93-215a4b80facb/in_use.lock acquired by nodename 20735@pr-hdds-1569-87zkn-1081879488
2019-09-26 13:37:14,337 [pool-37-thread-1] INFO  storage.RaftStorage (RaftStorage.java:format(72)) - Storage directory /workdir/hadoop-ozone/tools/target/test-dir/MiniOzoneClusterImpl-3a20bb1b-dac2-4ca8-91d1-f72b8431aeb5/datanode-1/data/ratis/6a4fc4b9-bce6-40f2-bb93-215a4b80facb has been successfully formatted.
2019-09-26 13:37:14,337 [pool-37-thread-1] INFO  ratis.ContainerStateMachine (ContainerStateMachine.java:loadSnapshot(230)) - group-215A4B80FACB: The snapshot info is null. Setting the last applied indexto:(t:0, i:~)
2019-09-26 13:37:14,338 [pool-37-thread-1] INFO  server.RaftServerConfigKeys (ConfUtils.java:logGet(43)) - raft.server.notification.no-leader.timeout = 120s (custom)
2019-09-26 13:37:14,338 [pool-37-thread-1] INFO  server.RaftServerConfigKeys (ConfUtils.java:logGet(43)) - raft.server.log.use.memory = false (default)
2019-09-26 13:37:14,338 [pool-37-thread-1] INFO  server.RaftServerConfigKeys (ConfUtils.java:logGet(43)) - raft.server.log.purge.gap = 1000000 (custom)
2019-09-26 13:37:14,338 [pool-37-thread-1] INFO  server.RaftServerConfigKeys (ConfUtils.java:logGet(43)) - raft.server.log.appender.buffer.byte-limit = 33554432 (custom)
2019-09-26 13:37:14,338 [pool-37-thread-1] INFO  server.RaftServerConfigKeys (ConfUtils.java:logGet(43)) - raft.server.log.segment.size.max = 1048576 (custom)
2019-09-26 13:37:14,338 [pool-37-thread-1] INFO  server.RaftServerConfigKeys (ConfUtils.java:logGet(43)) - raft.server.log.segment.cache.num.max = 2 (custom)
2019-09-26 13:37:14,338 [pool-37-thread-1] INFO  segmented.SegmentedRaftLogWorker (SegmentedRaftLogWorker.java:<init>(172)) - new 65b6a922-0f0f-4d93-80ba-5d2577e616a7@group-215A4B80FACB-SegmentedRaftLogWorker for RaftStorage:Storage Directory /workdir/hadoop-ozone/tools/target/test-dir/MiniOzoneClusterImpl-3a20bb1b-dac2-4ca8-91d1-f72b8431aeb5/datanode-1/data/ratis/6a4fc4b9-bce6-40f2-bb93-215a4b80facb
2019-09-26 13:37:14,339 [pool-37-thread-1] INFO  server.RaftServerConfigKeys (ConfUtils.java:logGet(43)) - raft.server.log.queue.byte-limit = 2147483647 (custom)
2019-09-26 13:37:14,339 [pool-37-thread-1] INFO  server.RaftServerConfigKeys (ConfUtils.java:logGet(43)) - raft.server.log.queue.element-limit = 1024 (custom)
2019-09-26 13:37:14,339 [pool-37-thread-1] INFO  server.RaftServerConfigKeys (ConfUtils.java:logGet(43)) - raft.server.log.segment.size.max = 1048576 (custom)
2019-09-26 13:37:14,339 [pool-37-thread-1] INFO  server.RaftServerConfigKeys (ConfUtils.java:logGet(43)) - raft.server.log.preallocated.size = 16384 (custom)
2019-09-26 13:37:14,339 [pool-37-thread-1] INFO  server.RaftServerConfigKeys (ConfUtils.java:logGet(43)) - raft.server.log.write.buffer.size = 33554432 (custom)
2019-09-26 13:37:14,339 [pool-37-thread-1] INFO  server.RaftServerConfigKeys (ConfUtils.java:logGet(43)) - raft.server.log.force.sync.num = 128 (default)
2019-09-26 13:37:14,339 [pool-37-thread-1] INFO  server.RaftServerConfigKeys (ConfUtils.java:logGet(43)) - raft.server.log.statemachine.data.sync = true (default)
2019-09-26 13:37:14,340 [pool-37-thread-1] INFO  server.RaftServerConfigKeys (ConfUtils.java:logGet(43)) - raft.server.log.statemachine.data.sync.timeout = 10s (default)
2019-09-26 13:37:14,340 [pool-37-thread-1] INFO  server.RaftServerConfigKeys (ConfUtils.java:logGet(43)) - raft.server.log.statemachine.data.sync.timeout.retry = -1 (default)
2019-09-26 13:37:14,340 [pool-37-thread-1] INFO  server.RaftServerConfigKeys (ConfUtils.java:logGet(43)) - raft.server.log.statemachine.data.caching.enabled = true (custom)
2019-09-26 13:37:14,340 [pool-37-thread-1] INFO  segmented.SegmentedRaftLogWorker (SegmentedRaftLogWorker.java:lambda$new$0(132)) - 65b6a922-0f0f-4d93-80ba-5d2577e616a7@group-215A4B80FACB-SegmentedRaftLogWorker: flushIndex: setUnconditionally 0 -> -1
2019-09-26 13:37:14,341 [pool-37-thread-1] INFO  server.RaftServerConfigKeys (ConfUtils.java:logGet(43)) - raft.server.snapshot.auto.trigger.enabled = true (custom)
2019-09-26 13:37:14,341 [pool-37-thread-1] INFO  server.RaftServerConfigKeys (ConfUtils.java:logGet(43)) - raft.server.snapshot.auto.trigger.threshold = 10000 (custom)
2019-09-26 13:37:14,341 [pool-37-thread-1] INFO  server.RaftServerConfigKeys (ConfUtils.java:logGet(43)) - raft.server.snapshot.retention.num.files = 5 (custom)
2019-09-26 13:37:14,341 [pool-37-thread-1] INFO  server.RaftServerConfigKeys (ConfUtils.java:logGet(43)) - raft.server.retrycache.expirytime = 600000ms (custom)
2019-09-26 13:37:14,344 [pool-37-thread-1] INFO  impl.RaftServerImpl (RaftServerImpl.java:start(185)) - 65b6a922-0f0f-4d93-80ba-5d2577e616a7@group-215A4B80FACB: start as a follower, conf=-1: [65b6a922-0f0f-4d93-80ba-5d2577e616a7:192.168.164.238:37480], old=null
2019-09-26 13:37:14,344 [pool-37-thread-1] INFO  impl.RaftServerImpl (RaftServerImpl.java:setRole(174)) - 65b6a922-0f0f-4d93-80ba-5d2577e616a7@group-215A4B80FACB: changes role from      null to FOLLOWER at term 0 for startAsFollower
2019-09-26 13:37:14,344 [pool-37-thread-1] INFO  impl.RoleInfo (RoleInfo.java:updateAndGet(143)) - 65b6a922-0f0f-4d93-80ba-5d2577e616a7: start FollowerState
2019-09-26 13:37:14,352 [pool-37-thread-1] INFO  util.JmxRegister (JmxRegister.java:tryRegister(44)) - Successfully registered JMX Bean with object name Ratis:service=RaftServer,group=group-215A4B80FACB,id=65b6a922-0f0f-4d93-80ba-5d2577e616a7
2019-09-26 13:37:14,369 [RatisPipelineUtilsThread] INFO  pipeline.PipelineStateManager (PipelineStateManager.java:addPipeline(56)) - Created pipeline Pipeline[ Id: 6a4fc4b9-bce6-40f2-bb93-215a4b80facb, Nodes: 65b6a922-0f0f-4d93-80ba-5d2577e616a7{ip: 192.168.164.238, host: pr-hdds-1569-87zkn-1081879488, networkLocation: /default-rack, certSerialId: null}, Type:RATIS, Factor:ONE, State:OPEN]
2019-09-26 13:37:14,370 [RatisPipelineUtilsThread] INFO  pipeline.PipelinePlacementPolicy (PipelinePlacementPolicy.java:meetCriteria(91)) - Pipeline Placement: can't place more pipeline on heavy datanode： 9bae32d7-3aab-4e1e-ace1-c4157a7584ea Heaviness: 6 limit: 5
2019-09-26 13:37:14,380 [grpc-default-executor-0] INFO  impl.RaftServerProxy (RaftServerProxy.java:addNew(89)) - fa623484-5385-4c02-af08-45448d3dc09d: addNew group-2643AB06EF7E:[fa623484-5385-4c02-af08-45448d3dc09d:192.168.164.238:42639] returns group-2643AB06EF7E:java.util.concurrent.CompletableFuture@7d68828f[Not completed]
2019-09-26 13:37:14,382 [pool-27-thread-1] INFO  impl.RaftServerImpl (RaftServerImpl.java:<init>(95)) - fa623484-5385-4c02-af08-45448d3dc09d: new RaftServerImpl for group-2643AB06EF7E:[fa623484-5385-4c02-af08-45448d3dc09d:192.168.164.238:42639] with ContainerStateMachine:uninitialized
2019-09-26 13:37:14,382 [pool-27-thread-1] INFO  server.RaftServerConfigKeys (ConfUtils.java:logGet(43)) - raft.server.rpc.timeout.min = 5s (custom)
2019-09-26 13:37:14,382 [pool-27-thread-1] INFO  server.RaftServerConfigKeys (ConfUtils.java:logGet(43)) - raft.server.rpc.timeout.max = 5200ms (custom)
2019-09-26 13:37:14,382 [pool-27-thread-1] INFO  server.RaftServerConfigKeys (ConfUtils.java:logGet(43)) - raft.server.rpcslowness.timeout = 120s (custom)
2019-09-26 13:37:14,382 [pool-27-thread-1] INFO  server.RaftServerConfigKeys (ConfUtils.java:logGet(43)) - raft.server.sleep.deviation.threshold = 300 (default)
2019-09-26 13:37:14,382 [pool-27-thread-1] INFO  server.RaftServerConfigKeys (ConfUtils.java:logGet(43)) - raft.server.log.appender.install.snapshot.enabled = false (custom)
2019-09-26 13:37:14,383 [pool-27-thread-1] INFO  impl.RaftServerImpl (ServerState.java:<init>(103)) - fa623484-5385-4c02-af08-45448d3dc09d@group-2643AB06EF7E: ConfigurationManager, init=-1: [fa623484-5385-4c02-af08-45448d3dc09d:192.168.164.238:42639], old=null, confs=<EMPTY_MAP>
2019-09-26 13:37:14,383 [pool-27-thread-1] INFO  server.RaftServerConfigKeys (ConfUtils.java:logGet(43)) - raft.server.storage.dir = [/workdir/hadoop-ozone/tools/target/test-dir/MiniOzoneClusterImpl-3a20bb1b-dac2-4ca8-91d1-f72b8431aeb5/datanode-0/data/ratis] (custom)
2019-09-26 13:37:14,383 [pool-27-thread-1] INFO  storage.RaftStorageDirectory (RaftStorageDirectory.java:analyzeStorage(246)) - The storage directory /workdir/hadoop-ozone/tools/target/test-dir/MiniOzoneClusterImpl-3a20bb1b-dac2-4ca8-91d1-f72b8431aeb5/datanode-0/data/ratis/ecfb455c-0556-400e-945b-2643ab06ef7e does not exist. Creating ...
2019-09-26 13:37:14,396 [pool-27-thread-1] INFO  storage.RaftStorageDirectory (RaftStorageDirectory.java:tryLock(328)) - Lock on /workdir/hadoop-ozone/tools/target/test-dir/MiniOzoneClusterImpl-3a20bb1b-dac2-4ca8-91d1-f72b8431aeb5/datanode-0/data/ratis/ecfb455c-0556-400e-945b-2643ab06ef7e/in_use.lock acquired by nodename 20735@pr-hdds-1569-87zkn-1081879488
2019-09-26 13:37:14,418 [pool-27-thread-1] INFO  storage.RaftStorage (RaftStorage.java:format(72)) - Storage directory /workdir/hadoop-ozone/tools/target/test-dir/MiniOzoneClusterImpl-3a20bb1b-dac2-4ca8-91d1-f72b8431aeb5/datanode-0/data/ratis/ecfb455c-0556-400e-945b-2643ab06ef7e has been successfully formatted.
2019-09-26 13:37:14,419 [pool-27-thread-1] INFO  ratis.ContainerStateMachine (ContainerStateMachine.java:loadSnapshot(230)) - group-2643AB06EF7E: The snapshot info is null. Setting the last applied indexto:(t:0, i:~)
2019-09-26 13:37:14,419 [pool-27-thread-1] INFO  server.RaftServerConfigKeys (ConfUtils.java:logGet(43)) - raft.server.notification.no-leader.timeout = 120s (custom)
2019-09-26 13:37:14,419 [pool-27-thread-1] INFO  server.RaftServerConfigKeys (ConfUtils.java:logGet(43)) - raft.server.log.use.memory = false (default)
2019-09-26 13:37:14,419 [pool-27-thread-1] INFO  server.RaftServerConfigKeys (ConfUtils.java:logGet(43)) - raft.server.log.purge.gap = 1000000 (custom)
2019-09-26 13:37:14,419 [pool-27-thread-1] INFO  server.RaftServerConfigKeys (ConfUtils.java:logGet(43)) - raft.server.log.appender.buffer.byte-limit = 33554432 (custom)
2019-09-26 13:37:14,419 [pool-27-thread-1] INFO  server.RaftServerConfigKeys (ConfUtils.java:logGet(43)) - raft.server.log.segment.size.max = 1048576 (custom)
2019-09-26 13:37:14,419 [pool-27-thread-1] INFO  server.RaftServerConfigKeys (ConfUtils.java:logGet(43)) - raft.server.log.segment.cache.num.max = 2 (custom)
2019-09-26 13:37:14,420 [pool-27-thread-1] INFO  segmented.SegmentedRaftLogWorker (SegmentedRaftLogWorker.java:<init>(172)) - new fa623484-5385-4c02-af08-45448d3dc09d@group-2643AB06EF7E-SegmentedRaftLogWorker for RaftStorage:Storage Directory /workdir/hadoop-ozone/tools/target/test-dir/MiniOzoneClusterImpl-3a20bb1b-dac2-4ca8-91d1-f72b8431aeb5/datanode-0/data/ratis/ecfb455c-0556-400e-945b-2643ab06ef7e
2019-09-26 13:37:14,420 [pool-27-thread-1] INFO  server.RaftServerConfigKeys (ConfUtils.java:logGet(43)) - raft.server.log.queue.byte-limit = 2147483647 (custom)
2019-09-26 13:37:14,420 [pool-27-thread-1] INFO  server.RaftServerConfigKeys (ConfUtils.java:logGet(43)) - raft.server.log.queue.element-limit = 1024 (custom)
2019-09-26 13:37:14,420 [pool-27-thread-1] INFO  server.RaftServerConfigKeys (ConfUtils.java:logGet(43)) - raft.server.log.segment.size.max = 1048576 (custom)
2019-09-26 13:37:14,420 [pool-27-thread-1] INFO  server.RaftServerConfigKeys (ConfUtils.java:logGet(43)) - raft.server.log.preallocated.size = 16384 (custom)
2019-09-26 13:37:14,420 [pool-27-thread-1] INFO  server.RaftServerConfigKeys (ConfUtils.java:logGet(43)) - raft.server.log.write.buffer.size = 33554432 (custom)
2019-09-26 13:37:14,420 [pool-27-thread-1] INFO  server.RaftServerConfigKeys (ConfUtils.java:logGet(43)) - raft.server.log.force.sync.num = 128 (default)
2019-09-26 13:37:14,420 [pool-27-thread-1] INFO  server.RaftServerConfigKeys (ConfUtils.java:logGet(43)) - raft.server.log.statemachine.data.sync = true (default)
2019-09-26 13:37:14,421 [pool-27-thread-1] INFO  server.RaftServerConfigKeys (ConfUtils.java:logGet(43)) - raft.server.log.statemachine.data.sync.timeout = 10s (default)
2019-09-26 13:37:14,421 [pool-27-thread-1] INFO  server.RaftServerConfigKeys (ConfUtils.java:logGet(43)) - raft.server.log.statemachine.data.sync.timeout.retry = -1 (default)
2019-09-26 13:37:14,421 [pool-27-thread-1] INFO  server.RaftServerConfigKeys (ConfUtils.java:logGet(43)) - raft.server.log.statemachine.data.caching.enabled = true (custom)
2019-09-26 13:37:14,421 [pool-27-thread-1] INFO  segmented.SegmentedRaftLogWorker (SegmentedRaftLogWorker.java:lambda$new$0(132)) - fa623484-5385-4c02-af08-45448d3dc09d@group-2643AB06EF7E-SegmentedRaftLogWorker: flushIndex: setUnconditionally 0 -> -1
2019-09-26 13:37:14,422 [pool-27-thread-1] INFO  server.RaftServerConfigKeys (ConfUtils.java:logGet(43)) - raft.server.snapshot.auto.trigger.enabled = true (custom)
2019-09-26 13:37:14,422 [pool-27-thread-1] INFO  server.RaftServerConfigKeys (ConfUtils.java:logGet(43)) - raft.server.snapshot.auto.trigger.threshold = 10000 (custom)
2019-09-26 13:37:14,422 [pool-27-thread-1] INFO  server.RaftServerConfigKeys (ConfUtils.java:logGet(43)) - raft.server.snapshot.retention.num.files = 5 (custom)
2019-09-26 13:37:14,422 [pool-27-thread-1] INFO  server.RaftServerConfigKeys (ConfUtils.java:logGet(43)) - raft.server.retrycache.expirytime = 600000ms (custom)
2019-09-26 13:37:14,424 [pool-27-thread-1] INFO  impl.RaftServerImpl (RaftServerImpl.java:start(185)) - fa623484-5385-4c02-af08-45448d3dc09d@group-2643AB06EF7E: start as a follower, conf=-1: [fa623484-5385-4c02-af08-45448d3dc09d:192.168.164.238:42639], old=null
2019-09-26 13:37:14,425 [pool-27-thread-1] INFO  impl.RaftServerImpl (RaftServerImpl.java:setRole(174)) - fa623484-5385-4c02-af08-45448d3dc09d@group-2643AB06EF7E: changes role from      null to FOLLOWER at term 0 for startAsFollower
2019-09-26 13:37:14,425 [pool-27-thread-1] INFO  impl.RoleInfo (RoleInfo.java:updateAndGet(143)) - fa623484-5385-4c02-af08-45448d3dc09d: start FollowerState
2019-09-26 13:37:14,425 [pool-27-thread-1] INFO  util.JmxRegister (JmxRegister.java:tryRegister(44)) - Successfully registered JMX Bean with object name Ratis:service=RaftServer,group=group-2643AB06EF7E,id=fa623484-5385-4c02-af08-45448d3dc09d
2019-09-26 13:37:14,430 [RatisPipelineUtilsThread] INFO  pipeline.PipelineStateManager (PipelineStateManager.java:addPipeline(56)) - Created pipeline Pipeline[ Id: ecfb455c-0556-400e-945b-2643ab06ef7e, Nodes: fa623484-5385-4c02-af08-45448d3dc09d{ip: 192.168.164.238, host: pr-hdds-1569-87zkn-1081879488, networkLocation: /default-rack, certSerialId: null}, Type:RATIS, Factor:ONE, State:OPEN]
2019-09-26 13:37:14,431 [RatisPipelineUtilsThread] INFO  pipeline.PipelinePlacementPolicy (PipelinePlacementPolicy.java:meetCriteria(91)) - Pipeline Placement: can't place more pipeline on heavy datanode： 9bae32d7-3aab-4e1e-ace1-c4157a7584ea Heaviness: 6 limit: 5
2019-09-26 13:37:14,440 [grpc-default-executor-0] INFO  impl.RaftServerProxy (RaftServerProxy.java:addNew(89)) - 37170b5e-38e8-41e6-8e7f-73d816854ae3: addNew group-8CEE6A4904B9:[37170b5e-38e8-41e6-8e7f-73d816854ae3:192.168.164.238:39488] returns group-8CEE6A4904B9:java.util.concurrent.CompletableFuture@3fc4fc05[Not completed]
2019-09-26 13:37:14,441 [pool-67-thread-1] INFO  impl.RaftServerImpl (RaftServerImpl.java:<init>(95)) - 37170b5e-38e8-41e6-8e7f-73d816854ae3: new RaftServerImpl for group-8CEE6A4904B9:[37170b5e-38e8-41e6-8e7f-73d816854ae3:192.168.164.238:39488] with ContainerStateMachine:uninitialized
2019-09-26 13:37:14,441 [pool-67-thread-1] INFO  server.RaftServerConfigKeys (ConfUtils.java:logGet(43)) - raft.server.rpc.timeout.min = 5s (custom)
2019-09-26 13:37:14,441 [pool-67-thread-1] INFO  server.RaftServerConfigKeys (ConfUtils.java:logGet(43)) - raft.server.rpc.timeout.max = 5200ms (custom)
2019-09-26 13:37:14,441 [pool-67-thread-1] INFO  server.RaftServerConfigKeys (ConfUtils.java:logGet(43)) - raft.server.rpcslowness.timeout = 120s (custom)
2019-09-26 13:37:14,441 [pool-67-thread-1] INFO  server.RaftServerConfigKeys (ConfUtils.java:logGet(43)) - raft.server.sleep.deviation.threshold = 300 (default)
2019-09-26 13:37:14,441 [pool-67-thread-1] INFO  server.RaftServerConfigKeys (ConfUtils.java:logGet(43)) - raft.server.log.appender.install.snapshot.enabled = false (custom)
2019-09-26 13:37:14,441 [pool-67-thread-1] INFO  impl.RaftServerImpl (ServerState.java:<init>(103)) - 37170b5e-38e8-41e6-8e7f-73d816854ae3@group-8CEE6A4904B9: ConfigurationManager, init=-1: [37170b5e-38e8-41e6-8e7f-73d816854ae3:192.168.164.238:39488], old=null, confs=<EMPTY_MAP>
2019-09-26 13:37:14,441 [pool-67-thread-1] INFO  server.RaftServerConfigKeys (ConfUtils.java:logGet(43)) - raft.server.storage.dir = [/workdir/hadoop-ozone/tools/target/test-dir/MiniOzoneClusterImpl-3a20bb1b-dac2-4ca8-91d1-f72b8431aeb5/datanode-4/data/ratis] (custom)
2019-09-26 13:37:14,442 [pool-67-thread-1] INFO  storage.RaftStorageDirectory (RaftStorageDirectory.java:analyzeStorage(246)) - The storage directory /workdir/hadoop-ozone/tools/target/test-dir/MiniOzoneClusterImpl-3a20bb1b-dac2-4ca8-91d1-f72b8431aeb5/datanode-4/data/ratis/a8f16a67-cd01-450c-8398-8cee6a4904b9 does not exist. Creating ...
2019-09-26 13:37:14,455 [pool-67-thread-1] INFO  storage.RaftStorageDirectory (RaftStorageDirectory.java:tryLock(328)) - Lock on /workdir/hadoop-ozone/tools/target/test-dir/MiniOzoneClusterImpl-3a20bb1b-dac2-4ca8-91d1-f72b8431aeb5/datanode-4/data/ratis/a8f16a67-cd01-450c-8398-8cee6a4904b9/in_use.lock acquired by nodename 20735@pr-hdds-1569-87zkn-1081879488
2019-09-26 13:37:14,476 [pool-67-thread-1] INFO  storage.RaftStorage (RaftStorage.java:format(72)) - Storage directory /workdir/hadoop-ozone/tools/target/test-dir/MiniOzoneClusterImpl-3a20bb1b-dac2-4ca8-91d1-f72b8431aeb5/datanode-4/data/ratis/a8f16a67-cd01-450c-8398-8cee6a4904b9 has been successfully formatted.
2019-09-26 13:37:14,476 [pool-67-thread-1] INFO  ratis.ContainerStateMachine (ContainerStateMachine.java:loadSnapshot(230)) - group-8CEE6A4904B9: The snapshot info is null. Setting the last applied indexto:(t:0, i:~)
2019-09-26 13:37:14,477 [pool-67-thread-1] INFO  server.RaftServerConfigKeys (ConfUtils.java:logGet(43)) - raft.server.notification.no-leader.timeout = 120s (custom)
2019-09-26 13:37:14,477 [pool-67-thread-1] INFO  server.RaftServerConfigKeys (ConfUtils.java:logGet(43)) - raft.server.log.use.memory = false (default)
2019-09-26 13:37:14,477 [pool-67-thread-1] INFO  server.RaftServerConfigKeys (ConfUtils.java:logGet(43)) - raft.server.log.purge.gap = 1000000 (custom)
2019-09-26 13:37:14,477 [pool-67-thread-1] INFO  server.RaftServerConfigKeys (ConfUtils.java:logGet(43)) - raft.server.log.appender.buffer.byte-limit = 33554432 (custom)
2019-09-26 13:37:14,477 [pool-67-thread-1] INFO  server.RaftServerConfigKeys (ConfUtils.java:logGet(43)) - raft.server.log.segment.size.max = 1048576 (custom)
2019-09-26 13:37:14,477 [pool-67-thread-1] INFO  server.RaftServerConfigKeys (ConfUtils.java:logGet(43)) - raft.server.log.segment.cache.num.max = 2 (custom)
2019-09-26 13:37:14,477 [pool-67-thread-1] INFO  segmented.SegmentedRaftLogWorker (SegmentedRaftLogWorker.java:<init>(172)) - new 37170b5e-38e8-41e6-8e7f-73d816854ae3@group-8CEE6A4904B9-SegmentedRaftLogWorker for RaftStorage:Storage Directory /workdir/hadoop-ozone/tools/target/test-dir/MiniOzoneClusterImpl-3a20bb1b-dac2-4ca8-91d1-f72b8431aeb5/datanode-4/data/ratis/a8f16a67-cd01-450c-8398-8cee6a4904b9
2019-09-26 13:37:14,478 [pool-67-thread-1] INFO  server.RaftServerConfigKeys (ConfUtils.java:logGet(43)) - raft.server.log.queue.byte-limit = 2147483647 (custom)
2019-09-26 13:37:14,478 [pool-67-thread-1] INFO  server.RaftServerConfigKeys (ConfUtils.java:logGet(43)) - raft.server.log.queue.element-limit = 1024 (custom)
2019-09-26 13:37:14,478 [pool-67-thread-1] INFO  server.RaftServerConfigKeys (ConfUtils.java:logGet(43)) - raft.server.log.segment.size.max = 1048576 (custom)
2019-09-26 13:37:14,478 [pool-67-thread-1] INFO  server.RaftServerConfigKeys (ConfUtils.java:logGet(43)) - raft.server.log.preallocated.size = 16384 (custom)
2019-09-26 13:37:14,478 [pool-67-thread-1] INFO  server.RaftServerConfigKeys (ConfUtils.java:logGet(43)) - raft.server.log.write.buffer.size = 33554432 (custom)
2019-09-26 13:37:14,478 [pool-67-thread-1] INFO  server.RaftServerConfigKeys (ConfUtils.java:logGet(43)) - raft.server.log.force.sync.num = 128 (default)
2019-09-26 13:37:14,478 [pool-67-thread-1] INFO  server.RaftServerConfigKeys (ConfUtils.java:logGet(43)) - raft.server.log.statemachine.data.sync = true (default)
2019-09-26 13:37:14,478 [pool-67-thread-1] INFO  server.RaftServerConfigKeys (ConfUtils.java:logGet(43)) - raft.server.log.statemachine.data.sync.timeout = 10s (default)
2019-09-26 13:37:14,479 [pool-67-thread-1] INFO  server.RaftServerConfigKeys (ConfUtils.java:logGet(43)) - raft.server.log.statemachine.data.sync.timeout.retry = -1 (default)
2019-09-26 13:37:14,479 [pool-67-thread-1] INFO  server.RaftServerConfigKeys (ConfUtils.java:logGet(43)) - raft.server.log.statemachine.data.caching.enabled = true (custom)
2019-09-26 13:37:14,479 [pool-67-thread-1] INFO  segmented.SegmentedRaftLogWorker (SegmentedRaftLogWorker.java:lambda$new$0(132)) - 37170b5e-38e8-41e6-8e7f-73d816854ae3@group-8CEE6A4904B9-SegmentedRaftLogWorker: flushIndex: setUnconditionally 0 -> -1
2019-09-26 13:37:14,479 [pool-67-thread-1] INFO  server.RaftServerConfigKeys (ConfUtils.java:logGet(43)) - raft.server.snapshot.auto.trigger.enabled = true (custom)
2019-09-26 13:37:14,479 [pool-67-thread-1] INFO  server.RaftServerConfigKeys (ConfUtils.java:logGet(43)) - raft.server.snapshot.auto.trigger.threshold = 10000 (custom)
2019-09-26 13:37:14,480 [pool-67-thread-1] INFO  server.RaftServerConfigKeys (ConfUtils.java:logGet(43)) - raft.server.snapshot.retention.num.files = 5 (custom)
2019-09-26 13:37:14,480 [pool-67-thread-1] INFO  server.RaftServerConfigKeys (ConfUtils.java:logGet(43)) - raft.server.retrycache.expirytime = 600000ms (custom)
2019-09-26 13:37:14,482 [pool-67-thread-1] INFO  impl.RaftServerImpl (RaftServerImpl.java:start(185)) - 37170b5e-38e8-41e6-8e7f-73d816854ae3@group-8CEE6A4904B9: start as a follower, conf=-1: [37170b5e-38e8-41e6-8e7f-73d816854ae3:192.168.164.238:39488], old=null
2019-09-26 13:37:14,482 [pool-67-thread-1] INFO  impl.RaftServerImpl (RaftServerImpl.java:setRole(174)) - 37170b5e-38e8-41e6-8e7f-73d816854ae3@group-8CEE6A4904B9: changes role from      null to FOLLOWER at term 0 for startAsFollower
2019-09-26 13:37:14,482 [pool-67-thread-1] INFO  impl.RoleInfo (RoleInfo.java:updateAndGet(143)) - 37170b5e-38e8-41e6-8e7f-73d816854ae3: start FollowerState
2019-09-26 13:37:14,483 [pool-67-thread-1] INFO  util.JmxRegister (JmxRegister.java:tryRegister(44)) - Successfully registered JMX Bean with object name Ratis:service=RaftServer,group=group-8CEE6A4904B9,id=37170b5e-38e8-41e6-8e7f-73d816854ae3
2019-09-26 13:37:14,488 [RatisPipelineUtilsThread] INFO  pipeline.PipelineStateManager (PipelineStateManager.java:addPipeline(56)) - Created pipeline Pipeline[ Id: a8f16a67-cd01-450c-8398-8cee6a4904b9, Nodes: 37170b5e-38e8-41e6-8e7f-73d816854ae3{ip: 192.168.164.238, host: pr-hdds-1569-87zkn-1081879488, networkLocation: /default-rack, certSerialId: null}, Type:RATIS, Factor:ONE, State:OPEN]
2019-09-26 13:37:14,488 [RatisPipelineUtilsThread] INFO  pipeline.PipelinePlacementPolicy (PipelinePlacementPolicy.java:meetCriteria(91)) - Pipeline Placement: can't place more pipeline on heavy datanode： 37170b5e-38e8-41e6-8e7f-73d816854ae3 Heaviness: 6 limit: 5
2019-09-26 13:37:14,489 [RatisPipelineUtilsThread] INFO  pipeline.PipelinePlacementPolicy (PipelinePlacementPolicy.java:meetCriteria(91)) - Pipeline Placement: can't place more pipeline on heavy datanode： 9bae32d7-3aab-4e1e-ace1-c4157a7584ea Heaviness: 6 limit: 5
2019-09-26 13:37:14,497 [grpc-default-executor-0] INFO  impl.RaftServerProxy (RaftServerProxy.java:addNew(89)) - fa623484-5385-4c02-af08-45448d3dc09d: addNew group-1F74153084E8:[fa623484-5385-4c02-af08-45448d3dc09d:192.168.164.238:42639] returns group-1F74153084E8:java.util.concurrent.CompletableFuture@57e9f685[Not completed]
 0.00% |█                                                                                                    |  0/1 Time: 0:00:012019-09-26 13:37:14,499 [pool-27-thread-1] INFO  impl.RaftServerImpl (RaftServerImpl.java:<init>(95)) - fa623484-5385-4c02-af08-45448d3dc09d: new RaftServerImpl for group-1F74153084E8:[fa623484-5385-4c02-af08-45448d3dc09d:192.168.164.238:42639] with ContainerStateMachine:uninitialized
2019-09-26 13:37:14,499 [pool-27-thread-1] INFO  server.RaftServerConfigKeys (ConfUtils.java:logGet(43)) - raft.server.rpc.timeout.min = 5s (custom)
2019-09-26 13:37:14,499 [pool-27-thread-1] INFO  server.RaftServerConfigKeys (ConfUtils.java:logGet(43)) - raft.server.rpc.timeout.max = 5200ms (custom)
2019-09-26 13:37:14,499 [pool-27-thread-1] INFO  server.RaftServerConfigKeys (ConfUtils.java:logGet(43)) - raft.server.rpcslowness.timeout = 120s (custom)
2019-09-26 13:37:14,500 [pool-27-thread-1] INFO  server.RaftServerConfigKeys (ConfUtils.java:logGet(43)) - raft.server.sleep.deviation.threshold = 300 (default)
2019-09-26 13:37:14,500 [pool-27-thread-1] INFO  server.RaftServerConfigKeys (ConfUtils.java:logGet(43)) - raft.server.log.appender.install.snapshot.enabled = false (custom)
2019-09-26 13:37:14,500 [pool-27-thread-1] INFO  impl.RaftServerImpl (ServerState.java:<init>(103)) - fa623484-5385-4c02-af08-45448d3dc09d@group-1F74153084E8: ConfigurationManager, init=-1: [fa623484-5385-4c02-af08-45448d3dc09d:192.168.164.238:42639], old=null, confs=<EMPTY_MAP>
2019-09-26 13:37:14,500 [pool-27-thread-1] INFO  server.RaftServerConfigKeys (ConfUtils.java:logGet(43)) - raft.server.storage.dir = [/workdir/hadoop-ozone/tools/target/test-dir/MiniOzoneClusterImpl-3a20bb1b-dac2-4ca8-91d1-f72b8431aeb5/datanode-0/data/ratis] (custom)
2019-09-26 13:37:14,501 [pool-27-thread-1] INFO  storage.RaftStorageDirectory (RaftStorageDirectory.java:analyzeStorage(246)) - The storage directory /workdir/hadoop-ozone/tools/target/test-dir/MiniOzoneClusterImpl-3a20bb1b-dac2-4ca8-91d1-f72b8431aeb5/datanode-0/data/ratis/a04cde76-5abb-4dda-b61b-1f74153084e8 does not exist. Creating ...
2019-09-26 13:37:14,513 [pool-27-thread-1] INFO  storage.RaftStorageDirectory (RaftStorageDirectory.java:tryLock(328)) - Lock on /workdir/hadoop-ozone/tools/target/test-dir/MiniOzoneClusterImpl-3a20bb1b-dac2-4ca8-91d1-f72b8431aeb5/datanode-0/data/ratis/a04cde76-5abb-4dda-b61b-1f74153084e8/in_use.lock acquired by nodename 20735@pr-hdds-1569-87zkn-1081879488
2019-09-26 13:37:14,526 [pool-27-thread-1] INFO  storage.RaftStorage (RaftStorage.java:format(72)) - Storage directory /workdir/hadoop-ozone/tools/target/test-dir/MiniOzoneClusterImpl-3a20bb1b-dac2-4ca8-91d1-f72b8431aeb5/datanode-0/data/ratis/a04cde76-5abb-4dda-b61b-1f74153084e8 has been successfully formatted.
2019-09-26 13:37:14,527 [pool-27-thread-1] INFO  ratis.ContainerStateMachine (ContainerStateMachine.java:loadSnapshot(230)) - group-1F74153084E8: The snapshot info is null. Setting the last applied indexto:(t:0, i:~)
2019-09-26 13:37:14,527 [pool-27-thread-1] INFO  server.RaftServerConfigKeys (ConfUtils.java:logGet(43)) - raft.server.notification.no-leader.timeout = 120s (custom)
2019-09-26 13:37:14,527 [pool-27-thread-1] INFO  server.RaftServerConfigKeys (ConfUtils.java:logGet(43)) - raft.server.log.use.memory = false (default)
2019-09-26 13:37:14,527 [pool-27-thread-1] INFO  server.RaftServerConfigKeys (ConfUtils.java:logGet(43)) - raft.server.log.purge.gap = 1000000 (custom)
2019-09-26 13:37:14,527 [pool-27-thread-1] INFO  server.RaftServerConfigKeys (ConfUtils.java:logGet(43)) - raft.server.log.appender.buffer.byte-limit = 33554432 (custom)
2019-09-26 13:37:14,527 [pool-27-thread-1] INFO  server.RaftServerConfigKeys (ConfUtils.java:logGet(43)) - raft.server.log.segment.size.max = 1048576 (custom)
2019-09-26 13:37:14,528 [pool-27-thread-1] INFO  server.RaftServerConfigKeys (ConfUtils.java:logGet(43)) - raft.server.log.segment.cache.num.max = 2 (custom)
2019-09-26 13:37:14,528 [pool-27-thread-1] INFO  segmented.SegmentedRaftLogWorker (SegmentedRaftLogWorker.java:<init>(172)) - new fa623484-5385-4c02-af08-45448d3dc09d@group-1F74153084E8-SegmentedRaftLogWorker for RaftStorage:Storage Directory /workdir/hadoop-ozone/tools/target/test-dir/MiniOzoneClusterImpl-3a20bb1b-dac2-4ca8-91d1-f72b8431aeb5/datanode-0/data/ratis/a04cde76-5abb-4dda-b61b-1f74153084e8
2019-09-26 13:37:14,528 [pool-27-thread-1] INFO  server.RaftServerConfigKeys (ConfUtils.java:logGet(43)) - raft.server.log.queue.byte-limit = 2147483647 (custom)
2019-09-26 13:37:14,528 [pool-27-thread-1] INFO  server.RaftServerConfigKeys (ConfUtils.java:logGet(43)) - raft.server.log.queue.element-limit = 1024 (custom)
2019-09-26 13:37:14,528 [pool-27-thread-1] INFO  server.RaftServerConfigKeys (ConfUtils.java:logGet(43)) - raft.server.log.segment.size.max = 1048576 (custom)
2019-09-26 13:37:14,528 [pool-27-thread-1] INFO  server.RaftServerConfigKeys (ConfUtils.java:logGet(43)) - raft.server.log.preallocated.size = 16384 (custom)
2019-09-26 13:37:14,529 [pool-27-thread-1] INFO  server.RaftServerConfigKeys (ConfUtils.java:logGet(43)) - raft.server.log.write.buffer.size = 33554432 (custom)
2019-09-26 13:37:14,529 [pool-27-thread-1] INFO  server.RaftServerConfigKeys (ConfUtils.java:logGet(43)) - raft.server.log.force.sync.num = 128 (default)
2019-09-26 13:37:14,529 [pool-27-thread-1] INFO  server.RaftServerConfigKeys (ConfUtils.java:logGet(43)) - raft.server.log.statemachine.data.sync = true (default)
2019-09-26 13:37:14,529 [pool-27-thread-1] INFO  server.RaftServerConfigKeys (ConfUtils.java:logGet(43)) - raft.server.log.statemachine.data.sync.timeout = 10s (default)
2019-09-26 13:37:14,529 [pool-27-thread-1] INFO  server.RaftServerConfigKeys (ConfUtils.java:logGet(43)) - raft.server.log.statemachine.data.sync.timeout.retry = -1 (default)
2019-09-26 13:37:14,530 [pool-27-thread-1] INFO  server.RaftServerConfigKeys (ConfUtils.java:logGet(43)) - raft.server.log.statemachine.data.caching.enabled = true (custom)
2019-09-26 13:37:14,530 [pool-27-thread-1] INFO  segmented.SegmentedRaftLogWorker (SegmentedRaftLogWorker.java:lambda$new$0(132)) - fa623484-5385-4c02-af08-45448d3dc09d@group-1F74153084E8-SegmentedRaftLogWorker: flushIndex: setUnconditionally 0 -> -1
2019-09-26 13:37:14,530 [pool-27-thread-1] INFO  server.RaftServerConfigKeys (ConfUtils.java:logGet(43)) - raft.server.snapshot.auto.trigger.enabled = true (custom)
2019-09-26 13:37:14,531 [pool-27-thread-1] INFO  server.RaftServerConfigKeys (ConfUtils.java:logGet(43)) - raft.server.snapshot.auto.trigger.threshold = 10000 (custom)
2019-09-26 13:37:14,531 [pool-27-thread-1] INFO  server.RaftServerConfigKeys (ConfUtils.java:logGet(43)) - raft.server.snapshot.retention.num.files = 5 (custom)
2019-09-26 13:37:14,531 [pool-27-thread-1] INFO  server.RaftServerConfigKeys (ConfUtils.java:logGet(43)) - raft.server.retrycache.expirytime = 600000ms (custom)
2019-09-26 13:37:14,534 [pool-27-thread-1] INFO  impl.RaftServerImpl (RaftServerImpl.java:start(185)) - fa623484-5385-4c02-af08-45448d3dc09d@group-1F74153084E8: start as a follower, conf=-1: [fa623484-5385-4c02-af08-45448d3dc09d:192.168.164.238:42639], old=null
2019-09-26 13:37:14,534 [pool-27-thread-1] INFO  impl.RaftServerImpl (RaftServerImpl.java:setRole(174)) - fa623484-5385-4c02-af08-45448d3dc09d@group-1F74153084E8: changes role from      null to FOLLOWER at term 0 for startAsFollower
2019-09-26 13:37:14,534 [pool-27-thread-1] INFO  impl.RoleInfo (RoleInfo.java:updateAndGet(143)) - fa623484-5385-4c02-af08-45448d3dc09d: start FollowerState
2019-09-26 13:37:14,535 [pool-27-thread-1] INFO  util.JmxRegister (JmxRegister.java:tryRegister(44)) - Successfully registered JMX Bean with object name Ratis:service=RaftServer,group=group-1F74153084E8,id=fa623484-5385-4c02-af08-45448d3dc09d
2019-09-26 13:37:14,540 [RatisPipelineUtilsThread] INFO  pipeline.PipelineStateManager (PipelineStateManager.java:addPipeline(56)) - Created pipeline Pipeline[ Id: a04cde76-5abb-4dda-b61b-1f74153084e8, Nodes: fa623484-5385-4c02-af08-45448d3dc09d{ip: 192.168.164.238, host: pr-hdds-1569-87zkn-1081879488, networkLocation: /default-rack, certSerialId: null}, Type:RATIS, Factor:ONE, State:OPEN]
2019-09-26 13:37:14,540 [RatisPipelineUtilsThread] INFO  pipeline.PipelinePlacementPolicy (PipelinePlacementPolicy.java:meetCriteria(91)) - Pipeline Placement: can't place more pipeline on heavy datanode： 37170b5e-38e8-41e6-8e7f-73d816854ae3 Heaviness: 6 limit: 5
2019-09-26 13:37:14,540 [RatisPipelineUtilsThread] INFO  pipeline.PipelinePlacementPolicy (PipelinePlacementPolicy.java:meetCriteria(91)) - Pipeline Placement: can't place more pipeline on heavy datanode： 9bae32d7-3aab-4e1e-ace1-c4157a7584ea Heaviness: 6 limit: 5
2019-09-26 13:37:14,540 [RatisPipelineUtilsThread] INFO  pipeline.PipelinePlacementPolicy (PipelinePlacementPolicy.java:meetCriteria(91)) - Pipeline Placement: can't place more pipeline on heavy datanode： fa623484-5385-4c02-af08-45448d3dc09d Heaviness: 6 limit: 5
2019-09-26 13:37:14,551 [grpc-default-executor-0] INFO  impl.RaftServerProxy (RaftServerProxy.java:addNew(89)) - 8e03446a-97fa-4aed-a68a-73437ef1131e: addNew group-883B7EE45581:[8e03446a-97fa-4aed-a68a-73437ef1131e:192.168.164.238:42766] returns group-883B7EE45581:java.util.concurrent.CompletableFuture@12e4626[Not completed]
2019-09-26 13:37:14,553 [pool-47-thread-1] INFO  impl.RaftServerImpl (RaftServerImpl.java:<init>(95)) - 8e03446a-97fa-4aed-a68a-73437ef1131e: new RaftServerImpl for group-883B7EE45581:[8e03446a-97fa-4aed-a68a-73437ef1131e:192.168.164.238:42766] with ContainerStateMachine:uninitialized
2019-09-26 13:37:14,553 [pool-47-thread-1] INFO  server.RaftServerConfigKeys (ConfUtils.java:logGet(43)) - raft.server.rpc.timeout.min = 5s (custom)
2019-09-26 13:37:14,553 [pool-47-thread-1] INFO  server.RaftServerConfigKeys (ConfUtils.java:logGet(43)) - raft.server.rpc.timeout.max = 5200ms (custom)
2019-09-26 13:37:14,553 [pool-47-thread-1] INFO  server.RaftServerConfigKeys (ConfUtils.java:logGet(43)) - raft.server.rpcslowness.timeout = 120s (custom)
2019-09-26 13:37:14,553 [pool-47-thread-1] INFO  server.RaftServerConfigKeys (ConfUtils.java:logGet(43)) - raft.server.sleep.deviation.threshold = 300 (default)
2019-09-26 13:37:14,553 [pool-47-thread-1] INFO  server.RaftServerConfigKeys (ConfUtils.java:logGet(43)) - raft.server.log.appender.install.snapshot.enabled = false (custom)
2019-09-26 13:37:14,553 [pool-47-thread-1] INFO  impl.RaftServerImpl (ServerState.java:<init>(103)) - 8e03446a-97fa-4aed-a68a-73437ef1131e@group-883B7EE45581: ConfigurationManager, init=-1: [8e03446a-97fa-4aed-a68a-73437ef1131e:192.168.164.238:42766], old=null, confs=<EMPTY_MAP>
2019-09-26 13:37:14,554 [pool-47-thread-1] INFO  server.RaftServerConfigKeys (ConfUtils.java:logGet(43)) - raft.server.storage.dir = [/workdir/hadoop-ozone/tools/target/test-dir/MiniOzoneClusterImpl-3a20bb1b-dac2-4ca8-91d1-f72b8431aeb5/datanode-2/data/ratis] (custom)
2019-09-26 13:37:14,554 [pool-47-thread-1] INFO  storage.RaftStorageDirectory (RaftStorageDirectory.java:analyzeStorage(246)) - The storage directory /workdir/hadoop-ozone/tools/target/test-dir/MiniOzoneClusterImpl-3a20bb1b-dac2-4ca8-91d1-f72b8431aeb5/datanode-2/data/ratis/5d52a3ed-b045-484b-a669-883b7ee45581 does not exist. Creating ...
2019-09-26 13:37:14,567 [pool-47-thread-1] INFO  storage.RaftStorageDirectory (RaftStorageDirectory.java:tryLock(328)) - Lock on /workdir/hadoop-ozone/tools/target/test-dir/MiniOzoneClusterImpl-3a20bb1b-dac2-4ca8-91d1-f72b8431aeb5/datanode-2/data/ratis/5d52a3ed-b045-484b-a669-883b7ee45581/in_use.lock acquired by nodename 20735@pr-hdds-1569-87zkn-1081879488
2019-09-26 13:37:14,579 [pool-47-thread-1] INFO  storage.RaftStorage (RaftStorage.java:format(72)) - Storage directory /workdir/hadoop-ozone/tools/target/test-dir/MiniOzoneClusterImpl-3a20bb1b-dac2-4ca8-91d1-f72b8431aeb5/datanode-2/data/ratis/5d52a3ed-b045-484b-a669-883b7ee45581 has been successfully formatted.
2019-09-26 13:37:14,580 [pool-47-thread-1] INFO  ratis.ContainerStateMachine (ContainerStateMachine.java:loadSnapshot(230)) - group-883B7EE45581: The snapshot info is null. Setting the last applied indexto:(t:0, i:~)
2019-09-26 13:37:14,580 [pool-47-thread-1] INFO  server.RaftServerConfigKeys (ConfUtils.java:logGet(43)) - raft.server.notification.no-leader.timeout = 120s (custom)
2019-09-26 13:37:14,580 [pool-47-thread-1] INFO  server.RaftServerConfigKeys (ConfUtils.java:logGet(43)) - raft.server.log.use.memory = false (default)
2019-09-26 13:37:14,580 [pool-47-thread-1] INFO  server.RaftServerConfigKeys (ConfUtils.java:logGet(43)) - raft.server.log.purge.gap = 1000000 (custom)
2019-09-26 13:37:14,581 [pool-47-thread-1] INFO  server.RaftServerConfigKeys (ConfUtils.java:logGet(43)) - raft.server.log.appender.buffer.byte-limit = 33554432 (custom)
2019-09-26 13:37:14,581 [pool-47-thread-1] INFO  server.RaftServerConfigKeys (ConfUtils.java:logGet(43)) - raft.server.log.segment.size.max = 1048576 (custom)
2019-09-26 13:37:14,581 [pool-47-thread-1] INFO  server.RaftServerConfigKeys (ConfUtils.java:logGet(43)) - raft.server.log.segment.cache.num.max = 2 (custom)
2019-09-26 13:37:14,581 [pool-47-thread-1] INFO  segmented.SegmentedRaftLogWorker (SegmentedRaftLogWorker.java:<init>(172)) - new 8e03446a-97fa-4aed-a68a-73437ef1131e@group-883B7EE45581-SegmentedRaftLogWorker for RaftStorage:Storage Directory /workdir/hadoop-ozone/tools/target/test-dir/MiniOzoneClusterImpl-3a20bb1b-dac2-4ca8-91d1-f72b8431aeb5/datanode-2/data/ratis/5d52a3ed-b045-484b-a669-883b7ee45581
2019-09-26 13:37:14,581 [pool-47-thread-1] INFO  server.RaftServerConfigKeys (ConfUtils.java:logGet(43)) - raft.server.log.queue.byte-limit = 2147483647 (custom)
2019-09-26 13:37:14,582 [pool-47-thread-1] INFO  server.RaftServerConfigKeys (ConfUtils.java:logGet(43)) - raft.server.log.queue.element-limit = 1024 (custom)
2019-09-26 13:37:14,582 [pool-47-thread-1] INFO  server.RaftServerConfigKeys (ConfUtils.java:logGet(43)) - raft.server.log.segment.size.max = 1048576 (custom)
2019-09-26 13:37:14,582 [pool-47-thread-1] INFO  server.RaftServerConfigKeys (ConfUtils.java:logGet(43)) - raft.server.log.preallocated.size = 16384 (custom)
2019-09-26 13:37:14,582 [pool-47-thread-1] INFO  server.RaftServerConfigKeys (ConfUtils.java:logGet(43)) - raft.server.log.write.buffer.size = 33554432 (custom)
2019-09-26 13:37:14,582 [pool-47-thread-1] INFO  server.RaftServerConfigKeys (ConfUtils.java:logGet(43)) - raft.server.log.force.sync.num = 128 (default)
2019-09-26 13:37:14,582 [pool-47-thread-1] INFO  server.RaftServerConfigKeys (ConfUtils.java:logGet(43)) - raft.server.log.statemachine.data.sync = true (default)
2019-09-26 13:37:14,583 [pool-47-thread-1] INFO  server.RaftServerConfigKeys (ConfUtils.java:logGet(43)) - raft.server.log.statemachine.data.sync.timeout = 10s (default)
2019-09-26 13:37:14,583 [pool-47-thread-1] INFO  server.RaftServerConfigKeys (ConfUtils.java:logGet(43)) - raft.server.log.statemachine.data.sync.timeout.retry = -1 (default)
2019-09-26 13:37:14,583 [pool-47-thread-1] INFO  server.RaftServerConfigKeys (ConfUtils.java:logGet(43)) - raft.server.log.statemachine.data.caching.enabled = true (custom)
2019-09-26 13:37:14,583 [pool-47-thread-1] INFO  segmented.SegmentedRaftLogWorker (SegmentedRaftLogWorker.java:lambda$new$0(132)) - 8e03446a-97fa-4aed-a68a-73437ef1131e@group-883B7EE45581-SegmentedRaftLogWorker: flushIndex: setUnconditionally 0 -> -1
2019-09-26 13:37:14,584 [pool-47-thread-1] INFO  server.RaftServerConfigKeys (ConfUtils.java:logGet(43)) - raft.server.snapshot.auto.trigger.enabled = true (custom)
2019-09-26 13:37:14,584 [pool-47-thread-1] INFO  server.RaftServerConfigKeys (ConfUtils.java:logGet(43)) - raft.server.snapshot.auto.trigger.threshold = 10000 (custom)
2019-09-26 13:37:14,584 [pool-47-thread-1] INFO  server.RaftServerConfigKeys (ConfUtils.java:logGet(43)) - raft.server.snapshot.retention.num.files = 5 (custom)
2019-09-26 13:37:14,585 [pool-47-thread-1] INFO  server.RaftServerConfigKeys (ConfUtils.java:logGet(43)) - raft.server.retrycache.expirytime = 600000ms (custom)
2019-09-26 13:37:14,588 [pool-47-thread-1] INFO  impl.RaftServerImpl (RaftServerImpl.java:start(185)) - 8e03446a-97fa-4aed-a68a-73437ef1131e@group-883B7EE45581: start as a follower, conf=-1: [8e03446a-97fa-4aed-a68a-73437ef1131e:192.168.164.238:42766], old=null
2019-09-26 13:37:14,588 [pool-47-thread-1] INFO  impl.RaftServerImpl (RaftServerImpl.java:setRole(174)) - 8e03446a-97fa-4aed-a68a-73437ef1131e@group-883B7EE45581: changes role from      null to FOLLOWER at term 0 for startAsFollower
2019-09-26 13:37:14,588 [pool-47-thread-1] INFO  impl.RoleInfo (RoleInfo.java:updateAndGet(143)) - 8e03446a-97fa-4aed-a68a-73437ef1131e: start FollowerState
2019-09-26 13:37:14,589 [pool-47-thread-1] INFO  util.JmxRegister (JmxRegister.java:tryRegister(44)) - Successfully registered JMX Bean with object name Ratis:service=RaftServer,group=group-883B7EE45581,id=8e03446a-97fa-4aed-a68a-73437ef1131e
2019-09-26 13:37:14,594 [RatisPipelineUtilsThread] INFO  pipeline.PipelineStateManager (PipelineStateManager.java:addPipeline(56)) - Created pipeline Pipeline[ Id: 5d52a3ed-b045-484b-a669-883b7ee45581, Nodes: 8e03446a-97fa-4aed-a68a-73437ef1131e{ip: 192.168.164.238, host: pr-hdds-1569-87zkn-1081879488, networkLocation: /default-rack, certSerialId: null}, Type:RATIS, Factor:ONE, State:OPEN]
2019-09-26 13:37:14,595 [RatisPipelineUtilsThread] INFO  pipeline.PipelinePlacementPolicy (PipelinePlacementPolicy.java:meetCriteria(91)) - Pipeline Placement: can't place more pipeline on heavy datanode： 37170b5e-38e8-41e6-8e7f-73d816854ae3 Heaviness: 6 limit: 5
2019-09-26 13:37:14,595 [RatisPipelineUtilsThread] INFO  pipeline.PipelinePlacementPolicy (PipelinePlacementPolicy.java:meetCriteria(91)) - Pipeline Placement: can't place more pipeline on heavy datanode： 9bae32d7-3aab-4e1e-ace1-c4157a7584ea Heaviness: 6 limit: 5
2019-09-26 13:37:14,595 [RatisPipelineUtilsThread] INFO  pipeline.PipelinePlacementPolicy (PipelinePlacementPolicy.java:meetCriteria(91)) - Pipeline Placement: can't place more pipeline on heavy datanode： fa623484-5385-4c02-af08-45448d3dc09d Heaviness: 6 limit: 5
2019-09-26 13:37:14,604 [grpc-default-executor-0] INFO  impl.RaftServerProxy (RaftServerProxy.java:addNew(89)) - 65b6a922-0f0f-4d93-80ba-5d2577e616a7: addNew group-5A01BF6C751A:[65b6a922-0f0f-4d93-80ba-5d2577e616a7:192.168.164.238:37480] returns group-5A01BF6C751A:java.util.concurrent.CompletableFuture@14a354b4[Not completed]
2019-09-26 13:37:14,605 [pool-37-thread-1] INFO  impl.RaftServerImpl (RaftServerImpl.java:<init>(95)) - 65b6a922-0f0f-4d93-80ba-5d2577e616a7: new RaftServerImpl for group-5A01BF6C751A:[65b6a922-0f0f-4d93-80ba-5d2577e616a7:192.168.164.238:37480] with ContainerStateMachine:uninitialized
2019-09-26 13:37:14,605 [pool-37-thread-1] INFO  server.RaftServerConfigKeys (ConfUtils.java:logGet(43)) - raft.server.rpc.timeout.min = 5s (custom)
2019-09-26 13:37:14,606 [pool-37-thread-1] INFO  server.RaftServerConfigKeys (ConfUtils.java:logGet(43)) - raft.server.rpc.timeout.max = 5200ms (custom)
2019-09-26 13:37:14,606 [pool-37-thread-1] INFO  server.RaftServerConfigKeys (ConfUtils.java:logGet(43)) - raft.server.rpcslowness.timeout = 120s (custom)
2019-09-26 13:37:14,606 [pool-37-thread-1] INFO  server.RaftServerConfigKeys (ConfUtils.java:logGet(43)) - raft.server.sleep.deviation.threshold = 300 (default)
2019-09-26 13:37:14,606 [pool-37-thread-1] INFO  server.RaftServerConfigKeys (ConfUtils.java:logGet(43)) - raft.server.log.appender.install.snapshot.enabled = false (custom)
2019-09-26 13:37:14,606 [pool-37-thread-1] INFO  impl.RaftServerImpl (ServerState.java:<init>(103)) - 65b6a922-0f0f-4d93-80ba-5d2577e616a7@group-5A01BF6C751A: ConfigurationManager, init=-1: [65b6a922-0f0f-4d93-80ba-5d2577e616a7:192.168.164.238:37480], old=null, confs=<EMPTY_MAP>
2019-09-26 13:37:14,606 [pool-37-thread-1] INFO  server.RaftServerConfigKeys (ConfUtils.java:logGet(43)) - raft.server.storage.dir = [/workdir/hadoop-ozone/tools/target/test-dir/MiniOzoneClusterImpl-3a20bb1b-dac2-4ca8-91d1-f72b8431aeb5/datanode-1/data/ratis] (custom)
2019-09-26 13:37:14,607 [pool-37-thread-1] INFO  storage.RaftStorageDirectory (RaftStorageDirectory.java:analyzeStorage(246)) - The storage directory /workdir/hadoop-ozone/tools/target/test-dir/MiniOzoneClusterImpl-3a20bb1b-dac2-4ca8-91d1-f72b8431aeb5/datanode-1/data/ratis/aaff29e0-4c31-4a07-85b7-5a01bf6c751a does not exist. Creating ...
2019-09-26 13:37:14,620 [pool-37-thread-1] INFO  storage.RaftStorageDirectory (RaftStorageDirectory.java:tryLock(328)) - Lock on /workdir/hadoop-ozone/tools/target/test-dir/MiniOzoneClusterImpl-3a20bb1b-dac2-4ca8-91d1-f72b8431aeb5/datanode-1/data/ratis/aaff29e0-4c31-4a07-85b7-5a01bf6c751a/in_use.lock acquired by nodename 20735@pr-hdds-1569-87zkn-1081879488
2019-09-26 13:37:14,633 [pool-37-thread-1] INFO  storage.RaftStorage (RaftStorage.java:format(72)) - Storage directory /workdir/hadoop-ozone/tools/target/test-dir/MiniOzoneClusterImpl-3a20bb1b-dac2-4ca8-91d1-f72b8431aeb5/datanode-1/data/ratis/aaff29e0-4c31-4a07-85b7-5a01bf6c751a has been successfully formatted.
2019-09-26 13:37:14,633 [pool-37-thread-1] INFO  ratis.ContainerStateMachine (ContainerStateMachine.java:loadSnapshot(230)) - group-5A01BF6C751A: The snapshot info is null. Setting the last applied indexto:(t:0, i:~)
2019-09-26 13:37:14,633 [pool-37-thread-1] INFO  server.RaftServerConfigKeys (ConfUtils.java:logGet(43)) - raft.server.notification.no-leader.timeout = 120s (custom)
2019-09-26 13:37:14,634 [pool-37-thread-1] INFO  server.RaftServerConfigKeys (ConfUtils.java:logGet(43)) - raft.server.log.use.memory = false (default)
2019-09-26 13:37:14,634 [pool-37-thread-1] INFO  server.RaftServerConfigKeys (ConfUtils.java:logGet(43)) - raft.server.log.purge.gap = 1000000 (custom)
2019-09-26 13:37:14,634 [pool-37-thread-1] INFO  server.RaftServerConfigKeys (ConfUtils.java:logGet(43)) - raft.server.log.appender.buffer.byte-limit = 33554432 (custom)
2019-09-26 13:37:14,634 [pool-37-thread-1] INFO  server.RaftServerConfigKeys (ConfUtils.java:logGet(43)) - raft.server.log.segment.size.max = 1048576 (custom)
2019-09-26 13:37:14,634 [pool-37-thread-1] INFO  server.RaftServerConfigKeys (ConfUtils.java:logGet(43)) - raft.server.log.segment.cache.num.max = 2 (custom)
2019-09-26 13:37:14,634 [pool-37-thread-1] INFO  segmented.SegmentedRaftLogWorker (SegmentedRaftLogWorker.java:<init>(172)) - new 65b6a922-0f0f-4d93-80ba-5d2577e616a7@group-5A01BF6C751A-SegmentedRaftLogWorker for RaftStorage:Storage Directory /workdir/hadoop-ozone/tools/target/test-dir/MiniOzoneClusterImpl-3a20bb1b-dac2-4ca8-91d1-f72b8431aeb5/datanode-1/data/ratis/aaff29e0-4c31-4a07-85b7-5a01bf6c751a
2019-09-26 13:37:14,635 [pool-37-thread-1] INFO  server.RaftServerConfigKeys (ConfUtils.java:logGet(43)) - raft.server.log.queue.byte-limit = 2147483647 (custom)
2019-09-26 13:37:14,635 [pool-37-thread-1] INFO  server.RaftServerConfigKeys (ConfUtils.java:logGet(43)) - raft.server.log.queue.element-limit = 1024 (custom)
2019-09-26 13:37:14,635 [pool-37-thread-1] INFO  server.RaftServerConfigKeys (ConfUtils.java:logGet(43)) - raft.server.log.segment.size.max = 1048576 (custom)
2019-09-26 13:37:14,635 [pool-37-thread-1] INFO  server.RaftServerConfigKeys (ConfUtils.java:logGet(43)) - raft.server.log.preallocated.size = 16384 (custom)
2019-09-26 13:37:14,635 [pool-37-thread-1] INFO  server.RaftServerConfigKeys (ConfUtils.java:logGet(43)) - raft.server.log.write.buffer.size = 33554432 (custom)
2019-09-26 13:37:14,635 [pool-37-thread-1] INFO  server.RaftServerConfigKeys (ConfUtils.java:logGet(43)) - raft.server.log.force.sync.num = 128 (default)
2019-09-26 13:37:14,636 [pool-37-thread-1] INFO  server.RaftServerConfigKeys (ConfUtils.java:logGet(43)) - raft.server.log.statemachine.data.sync = true (default)
2019-09-26 13:37:14,636 [pool-37-thread-1] INFO  server.RaftServerConfigKeys (ConfUtils.java:logGet(43)) - raft.server.log.statemachine.data.sync.timeout = 10s (default)
2019-09-26 13:37:14,636 [pool-37-thread-1] INFO  server.RaftServerConfigKeys (ConfUtils.java:logGet(43)) - raft.server.log.statemachine.data.sync.timeout.retry = -1 (default)
2019-09-26 13:37:14,636 [pool-37-thread-1] INFO  server.RaftServerConfigKeys (ConfUtils.java:logGet(43)) - raft.server.log.statemachine.data.caching.enabled = true (custom)
2019-09-26 13:37:14,637 [pool-37-thread-1] INFO  segmented.SegmentedRaftLogWorker (SegmentedRaftLogWorker.java:lambda$new$0(132)) - 65b6a922-0f0f-4d93-80ba-5d2577e616a7@group-5A01BF6C751A-SegmentedRaftLogWorker: flushIndex: setUnconditionally 0 -> -1
2019-09-26 13:37:14,638 [pool-37-thread-1] INFO  server.RaftServerConfigKeys (ConfUtils.java:logGet(43)) - raft.server.snapshot.auto.trigger.enabled = true (custom)
2019-09-26 13:37:14,639 [pool-37-thread-1] INFO  server.RaftServerConfigKeys (ConfUtils.java:logGet(43)) - raft.server.snapshot.auto.trigger.threshold = 10000 (custom)
2019-09-26 13:37:14,639 [pool-37-thread-1] INFO  server.RaftServerConfigKeys (ConfUtils.java:logGet(43)) - raft.server.snapshot.retention.num.files = 5 (custom)
2019-09-26 13:37:14,639 [pool-37-thread-1] INFO  server.RaftServerConfigKeys (ConfUtils.java:logGet(43)) - raft.server.retrycache.expirytime = 600000ms (custom)
2019-09-26 13:37:14,642 [pool-37-thread-1] INFO  impl.RaftServerImpl (RaftServerImpl.java:start(185)) - 65b6a922-0f0f-4d93-80ba-5d2577e616a7@group-5A01BF6C751A: start as a follower, conf=-1: [65b6a922-0f0f-4d93-80ba-5d2577e616a7:192.168.164.238:37480], old=null
2019-09-26 13:37:14,642 [pool-37-thread-1] INFO  impl.RaftServerImpl (RaftServerImpl.java:setRole(174)) - 65b6a922-0f0f-4d93-80ba-5d2577e616a7@group-5A01BF6C751A: changes role from      null to FOLLOWER at term 0 for startAsFollower
2019-09-26 13:37:14,643 [pool-37-thread-1] INFO  impl.RoleInfo (RoleInfo.java:updateAndGet(143)) - 65b6a922-0f0f-4d93-80ba-5d2577e616a7: start FollowerState
2019-09-26 13:37:14,643 [pool-37-thread-1] INFO  util.JmxRegister (JmxRegister.java:tryRegister(44)) - Successfully registered JMX Bean with object name Ratis:service=RaftServer,group=group-5A01BF6C751A,id=65b6a922-0f0f-4d93-80ba-5d2577e616a7
2019-09-26 13:37:14,648 [RatisPipelineUtilsThread] INFO  pipeline.PipelineStateManager (PipelineStateManager.java:addPipeline(56)) - Created pipeline Pipeline[ Id: aaff29e0-4c31-4a07-85b7-5a01bf6c751a, Nodes: 65b6a922-0f0f-4d93-80ba-5d2577e616a7{ip: 192.168.164.238, host: pr-hdds-1569-87zkn-1081879488, networkLocation: /default-rack, certSerialId: null}, Type:RATIS, Factor:ONE, State:OPEN]
2019-09-26 13:37:14,649 [RatisPipelineUtilsThread] INFO  pipeline.PipelinePlacementPolicy (PipelinePlacementPolicy.java:meetCriteria(91)) - Pipeline Placement: can't place more pipeline on heavy datanode： 37170b5e-38e8-41e6-8e7f-73d816854ae3 Heaviness: 6 limit: 5
2019-09-26 13:37:14,649 [RatisPipelineUtilsThread] INFO  pipeline.PipelinePlacementPolicy (PipelinePlacementPolicy.java:meetCriteria(91)) - Pipeline Placement: can't place more pipeline on heavy datanode： 9bae32d7-3aab-4e1e-ace1-c4157a7584ea Heaviness: 6 limit: 5
2019-09-26 13:37:14,649 [RatisPipelineUtilsThread] INFO  pipeline.PipelinePlacementPolicy (PipelinePlacementPolicy.java:meetCriteria(91)) - Pipeline Placement: can't place more pipeline on heavy datanode： fa623484-5385-4c02-af08-45448d3dc09d Heaviness: 6 limit: 5
2019-09-26 13:37:14,658 [grpc-default-executor-0] INFO  impl.RaftServerProxy (RaftServerProxy.java:addNew(89)) - 65b6a922-0f0f-4d93-80ba-5d2577e616a7: addNew group-A8FBC031C399:[65b6a922-0f0f-4d93-80ba-5d2577e616a7:192.168.164.238:37480] returns group-A8FBC031C399:java.util.concurrent.CompletableFuture@6bff8daa[Not completed]
2019-09-26 13:37:14,660 [pool-37-thread-1] INFO  impl.RaftServerImpl (RaftServerImpl.java:<init>(95)) - 65b6a922-0f0f-4d93-80ba-5d2577e616a7: new RaftServerImpl for group-A8FBC031C399:[65b6a922-0f0f-4d93-80ba-5d2577e616a7:192.168.164.238:37480] with ContainerStateMachine:uninitialized
2019-09-26 13:37:14,660 [pool-37-thread-1] INFO  server.RaftServerConfigKeys (ConfUtils.java:logGet(43)) - raft.server.rpc.timeout.min = 5s (custom)
2019-09-26 13:37:14,660 [pool-37-thread-1] INFO  server.RaftServerConfigKeys (ConfUtils.java:logGet(43)) - raft.server.rpc.timeout.max = 5200ms (custom)
2019-09-26 13:37:14,660 [pool-37-thread-1] INFO  server.RaftServerConfigKeys (ConfUtils.java:logGet(43)) - raft.server.rpcslowness.timeout = 120s (custom)
2019-09-26 13:37:14,660 [pool-37-thread-1] INFO  server.RaftServerConfigKeys (ConfUtils.java:logGet(43)) - raft.server.sleep.deviation.threshold = 300 (default)
2019-09-26 13:37:14,660 [pool-37-thread-1] INFO  server.RaftServerConfigKeys (ConfUtils.java:logGet(43)) - raft.server.log.appender.install.snapshot.enabled = false (custom)
2019-09-26 13:37:14,660 [pool-37-thread-1] INFO  impl.RaftServerImpl (ServerState.java:<init>(103)) - 65b6a922-0f0f-4d93-80ba-5d2577e616a7@group-A8FBC031C399: ConfigurationManager, init=-1: [65b6a922-0f0f-4d93-80ba-5d2577e616a7:192.168.164.238:37480], old=null, confs=<EMPTY_MAP>
2019-09-26 13:37:14,661 [pool-37-thread-1] INFO  server.RaftServerConfigKeys (ConfUtils.java:logGet(43)) - raft.server.storage.dir = [/workdir/hadoop-ozone/tools/target/test-dir/MiniOzoneClusterImpl-3a20bb1b-dac2-4ca8-91d1-f72b8431aeb5/datanode-1/data/ratis] (custom)
2019-09-26 13:37:14,661 [pool-37-thread-1] INFO  storage.RaftStorageDirectory (RaftStorageDirectory.java:analyzeStorage(246)) - The storage directory /workdir/hadoop-ozone/tools/target/test-dir/MiniOzoneClusterImpl-3a20bb1b-dac2-4ca8-91d1-f72b8431aeb5/datanode-1/data/ratis/3c69306e-57e4-4eea-a83d-a8fbc031c399 does not exist. Creating ...
2019-09-26 13:37:14,670 [Thread-208] INFO  container.ReplicationManager (ReplicationManager.java:start(163)) - Starting Replication Monitor Thread.
2019-09-26 13:37:14,672 [ReplicationMonitor] INFO  container.ReplicationManager (ReplicationManager.java:run(226)) - Replication Monitor Thread took 0 milliseconds for processing 0 containers.
2019-09-26 13:37:14,701 [pool-37-thread-1] INFO  storage.RaftStorageDirectory (RaftStorageDirectory.java:tryLock(328)) - Lock on /workdir/hadoop-ozone/tools/target/test-dir/MiniOzoneClusterImpl-3a20bb1b-dac2-4ca8-91d1-f72b8431aeb5/datanode-1/data/ratis/3c69306e-57e4-4eea-a83d-a8fbc031c399/in_use.lock acquired by nodename 20735@pr-hdds-1569-87zkn-1081879488
2019-09-26 13:37:14,714 [pool-37-thread-1] INFO  storage.RaftStorage (RaftStorage.java:format(72)) - Storage directory /workdir/hadoop-ozone/tools/target/test-dir/MiniOzoneClusterImpl-3a20bb1b-dac2-4ca8-91d1-f72b8431aeb5/datanode-1/data/ratis/3c69306e-57e4-4eea-a83d-a8fbc031c399 has been successfully formatted.
2019-09-26 13:37:14,714 [pool-37-thread-1] INFO  ratis.ContainerStateMachine (ContainerStateMachine.java:loadSnapshot(230)) - group-A8FBC031C399: The snapshot info is null. Setting the last applied indexto:(t:0, i:~)
2019-09-26 13:37:14,715 [pool-37-thread-1] INFO  server.RaftServerConfigKeys (ConfUtils.java:logGet(43)) - raft.server.notification.no-leader.timeout = 120s (custom)
2019-09-26 13:37:14,715 [pool-37-thread-1] INFO  server.RaftServerConfigKeys (ConfUtils.java:logGet(43)) - raft.server.log.use.memory = false (default)
2019-09-26 13:37:14,715 [pool-37-thread-1] INFO  server.RaftServerConfigKeys (ConfUtils.java:logGet(43)) - raft.server.log.purge.gap = 1000000 (custom)
2019-09-26 13:37:14,715 [pool-37-thread-1] INFO  server.RaftServerConfigKeys (ConfUtils.java:logGet(43)) - raft.server.log.appender.buffer.byte-limit = 33554432 (custom)
2019-09-26 13:37:14,715 [pool-37-thread-1] INFO  server.RaftServerConfigKeys (ConfUtils.java:logGet(43)) - raft.server.log.segment.size.max = 1048576 (custom)
2019-09-26 13:37:14,715 [pool-37-thread-1] INFO  server.RaftServerConfigKeys (ConfUtils.java:logGet(43)) - raft.server.log.segment.cache.num.max = 2 (custom)
2019-09-26 13:37:14,716 [pool-37-thread-1] INFO  segmented.SegmentedRaftLogWorker (SegmentedRaftLogWorker.java:<init>(172)) - new 65b6a922-0f0f-4d93-80ba-5d2577e616a7@group-A8FBC031C399-SegmentedRaftLogWorker for RaftStorage:Storage Directory /workdir/hadoop-ozone/tools/target/test-dir/MiniOzoneClusterImpl-3a20bb1b-dac2-4ca8-91d1-f72b8431aeb5/datanode-1/data/ratis/3c69306e-57e4-4eea-a83d-a8fbc031c399
2019-09-26 13:37:14,716 [pool-37-thread-1] INFO  server.RaftServerConfigKeys (ConfUtils.java:logGet(43)) - raft.server.log.queue.byte-limit = 2147483647 (custom)
2019-09-26 13:37:14,716 [pool-37-thread-1] INFO  server.RaftServerConfigKeys (ConfUtils.java:logGet(43)) - raft.server.log.queue.element-limit = 1024 (custom)
2019-09-26 13:37:14,716 [pool-37-thread-1] INFO  server.RaftServerConfigKeys (ConfUtils.java:logGet(43)) - raft.server.log.segment.size.max = 1048576 (custom)
2019-09-26 13:37:14,716 [pool-37-thread-1] INFO  server.RaftServerConfigKeys (ConfUtils.java:logGet(43)) - raft.server.log.preallocated.size = 16384 (custom)
2019-09-26 13:37:14,716 [pool-37-thread-1] INFO  server.RaftServerConfigKeys (ConfUtils.java:logGet(43)) - raft.server.log.write.buffer.size = 33554432 (custom)
2019-09-26 13:37:14,716 [pool-37-thread-1] INFO  server.RaftServerConfigKeys (ConfUtils.java:logGet(43)) - raft.server.log.force.sync.num = 128 (default)
2019-09-26 13:37:14,717 [pool-37-thread-1] INFO  server.RaftServerConfigKeys (ConfUtils.java:logGet(43)) - raft.server.log.statemachine.data.sync = true (default)
2019-09-26 13:37:14,717 [pool-37-thread-1] INFO  server.RaftServerConfigKeys (ConfUtils.java:logGet(43)) - raft.server.log.statemachine.data.sync.timeout = 10s (default)
2019-09-26 13:37:14,717 [pool-37-thread-1] INFO  server.RaftServerConfigKeys (ConfUtils.java:logGet(43)) - raft.server.log.statemachine.data.sync.timeout.retry = -1 (default)
2019-09-26 13:37:14,717 [pool-37-thread-1] INFO  server.RaftServerConfigKeys (ConfUtils.java:logGet(43)) - raft.server.log.statemachine.data.caching.enabled = true (custom)
2019-09-26 13:37:14,717 [pool-37-thread-1] INFO  segmented.SegmentedRaftLogWorker (SegmentedRaftLogWorker.java:lambda$new$0(132)) - 65b6a922-0f0f-4d93-80ba-5d2577e616a7@group-A8FBC031C399-SegmentedRaftLogWorker: flushIndex: setUnconditionally 0 -> -1
2019-09-26 13:37:14,718 [pool-37-thread-1] INFO  server.RaftServerConfigKeys (ConfUtils.java:logGet(43)) - raft.server.snapshot.auto.trigger.enabled = true (custom)
2019-09-26 13:37:14,718 [pool-37-thread-1] INFO  server.RaftServerConfigKeys (ConfUtils.java:logGet(43)) - raft.server.snapshot.auto.trigger.threshold = 10000 (custom)
2019-09-26 13:37:14,718 [pool-37-thread-1] INFO  server.RaftServerConfigKeys (ConfUtils.java:logGet(43)) - raft.server.snapshot.retention.num.files = 5 (custom)
2019-09-26 13:37:14,718 [pool-37-thread-1] INFO  server.RaftServerConfigKeys (ConfUtils.java:logGet(43)) - raft.server.retrycache.expirytime = 600000ms (custom)
2019-09-26 13:37:14,721 [pool-37-thread-1] INFO  impl.RaftServerImpl (RaftServerImpl.java:start(185)) - 65b6a922-0f0f-4d93-80ba-5d2577e616a7@group-A8FBC031C399: start as a follower, conf=-1: [65b6a922-0f0f-4d93-80ba-5d2577e616a7:192.168.164.238:37480], old=null
2019-09-26 13:37:14,721 [pool-37-thread-1] INFO  impl.RaftServerImpl (RaftServerImpl.java:setRole(174)) - 65b6a922-0f0f-4d93-80ba-5d2577e616a7@group-A8FBC031C399: changes role from      null to FOLLOWER at term 0 for startAsFollower
2019-09-26 13:37:14,721 [pool-37-thread-1] INFO  impl.RoleInfo (RoleInfo.java:updateAndGet(143)) - 65b6a922-0f0f-4d93-80ba-5d2577e616a7: start FollowerState
2019-09-26 13:37:14,722 [pool-37-thread-1] INFO  util.JmxRegister (JmxRegister.java:tryRegister(44)) - Successfully registered JMX Bean with object name Ratis:service=RaftServer,group=group-A8FBC031C399,id=65b6a922-0f0f-4d93-80ba-5d2577e616a7
2019-09-26 13:37:14,730 [RatisPipelineUtilsThread] INFO  pipeline.PipelineStateManager (PipelineStateManager.java:addPipeline(56)) - Created pipeline Pipeline[ Id: 3c69306e-57e4-4eea-a83d-a8fbc031c399, Nodes: 65b6a922-0f0f-4d93-80ba-5d2577e616a7{ip: 192.168.164.238, host: pr-hdds-1569-87zkn-1081879488, networkLocation: /default-rack, certSerialId: null}, Type:RATIS, Factor:ONE, State:OPEN]
2019-09-26 13:37:14,730 [RatisPipelineUtilsThread] INFO  pipeline.PipelinePlacementPolicy (PipelinePlacementPolicy.java:meetCriteria(91)) - Pipeline Placement: can't place more pipeline on heavy datanode： 37170b5e-38e8-41e6-8e7f-73d816854ae3 Heaviness: 6 limit: 5
2019-09-26 13:37:14,730 [RatisPipelineUtilsThread] INFO  pipeline.PipelinePlacementPolicy (PipelinePlacementPolicy.java:meetCriteria(91)) - Pipeline Placement: can't place more pipeline on heavy datanode： 9bae32d7-3aab-4e1e-ace1-c4157a7584ea Heaviness: 6 limit: 5
2019-09-26 13:37:14,730 [RatisPipelineUtilsThread] INFO  pipeline.PipelinePlacementPolicy (PipelinePlacementPolicy.java:meetCriteria(91)) - Pipeline Placement: can't place more pipeline on heavy datanode： fa623484-5385-4c02-af08-45448d3dc09d Heaviness: 6 limit: 5
2019-09-26 13:37:14,741 [grpc-default-executor-0] INFO  impl.RaftServerProxy (RaftServerProxy.java:addNew(89)) - 65b6a922-0f0f-4d93-80ba-5d2577e616a7: addNew group-13EA66812E11:[65b6a922-0f0f-4d93-80ba-5d2577e616a7:192.168.164.238:37480] returns group-13EA66812E11:java.util.concurrent.CompletableFuture@5f18e30a[Not completed]
2019-09-26 13:37:14,742 [pool-37-thread-1] INFO  impl.RaftServerImpl (RaftServerImpl.java:<init>(95)) - 65b6a922-0f0f-4d93-80ba-5d2577e616a7: new RaftServerImpl for group-13EA66812E11:[65b6a922-0f0f-4d93-80ba-5d2577e616a7:192.168.164.238:37480] with ContainerStateMachine:uninitialized
2019-09-26 13:37:14,742 [pool-37-thread-1] INFO  server.RaftServerConfigKeys (ConfUtils.java:logGet(43)) - raft.server.rpc.timeout.min = 5s (custom)
2019-09-26 13:37:14,742 [pool-37-thread-1] INFO  server.RaftServerConfigKeys (ConfUtils.java:logGet(43)) - raft.server.rpc.timeout.max = 5200ms (custom)
2019-09-26 13:37:14,742 [pool-37-thread-1] INFO  server.RaftServerConfigKeys (ConfUtils.java:logGet(43)) - raft.server.rpcslowness.timeout = 120s (custom)
2019-09-26 13:37:14,743 [pool-37-thread-1] INFO  server.RaftServerConfigKeys (ConfUtils.java:logGet(43)) - raft.server.sleep.deviation.threshold = 300 (default)
2019-09-26 13:37:14,743 [pool-37-thread-1] INFO  server.RaftServerConfigKeys (ConfUtils.java:logGet(43)) - raft.server.log.appender.install.snapshot.enabled = false (custom)
2019-09-26 13:37:14,743 [pool-37-thread-1] INFO  impl.RaftServerImpl (ServerState.java:<init>(103)) - 65b6a922-0f0f-4d93-80ba-5d2577e616a7@group-13EA66812E11: ConfigurationManager, init=-1: [65b6a922-0f0f-4d93-80ba-5d2577e616a7:192.168.164.238:37480], old=null, confs=<EMPTY_MAP>
2019-09-26 13:37:14,743 [pool-37-thread-1] INFO  server.RaftServerConfigKeys (ConfUtils.java:logGet(43)) - raft.server.storage.dir = [/workdir/hadoop-ozone/tools/target/test-dir/MiniOzoneClusterImpl-3a20bb1b-dac2-4ca8-91d1-f72b8431aeb5/datanode-1/data/ratis] (custom)
2019-09-26 13:37:14,743 [pool-37-thread-1] INFO  storage.RaftStorageDirectory (RaftStorageDirectory.java:analyzeStorage(246)) - The storage directory /workdir/hadoop-ozone/tools/target/test-dir/MiniOzoneClusterImpl-3a20bb1b-dac2-4ca8-91d1-f72b8431aeb5/datanode-1/data/ratis/a90031e5-1dcd-4d7b-a0fc-13ea66812e11 does not exist. Creating ...
2019-09-26 13:37:14,765 [pool-37-thread-1] INFO  storage.RaftStorageDirectory (RaftStorageDirectory.java:tryLock(328)) - Lock on /workdir/hadoop-ozone/tools/target/test-dir/MiniOzoneClusterImpl-3a20bb1b-dac2-4ca8-91d1-f72b8431aeb5/datanode-1/data/ratis/a90031e5-1dcd-4d7b-a0fc-13ea66812e11/in_use.lock acquired by nodename 20735@pr-hdds-1569-87zkn-1081879488
2019-09-26 13:37:14,778 [pool-37-thread-1] INFO  storage.RaftStorage (RaftStorage.java:format(72)) - Storage directory /workdir/hadoop-ozone/tools/target/test-dir/MiniOzoneClusterImpl-3a20bb1b-dac2-4ca8-91d1-f72b8431aeb5/datanode-1/data/ratis/a90031e5-1dcd-4d7b-a0fc-13ea66812e11 has been successfully formatted.
2019-09-26 13:37:14,778 [pool-37-thread-1] INFO  ratis.ContainerStateMachine (ContainerStateMachine.java:loadSnapshot(230)) - group-13EA66812E11: The snapshot info is null. Setting the last applied indexto:(t:0, i:~)
2019-09-26 13:37:14,778 [pool-37-thread-1] INFO  server.RaftServerConfigKeys (ConfUtils.java:logGet(43)) - raft.server.notification.no-leader.timeout = 120s (custom)
2019-09-26 13:37:14,779 [pool-37-thread-1] INFO  server.RaftServerConfigKeys (ConfUtils.java:logGet(43)) - raft.server.log.use.memory = false (default)
2019-09-26 13:37:14,779 [pool-37-thread-1] INFO  server.RaftServerConfigKeys (ConfUtils.java:logGet(43)) - raft.server.log.purge.gap = 1000000 (custom)
2019-09-26 13:37:14,779 [pool-37-thread-1] INFO  server.RaftServerConfigKeys (ConfUtils.java:logGet(43)) - raft.server.log.appender.buffer.byte-limit = 33554432 (custom)
2019-09-26 13:37:14,779 [pool-37-thread-1] INFO  server.RaftServerConfigKeys (ConfUtils.java:logGet(43)) - raft.server.log.segment.size.max = 1048576 (custom)
2019-09-26 13:37:14,779 [pool-37-thread-1] INFO  server.RaftServerConfigKeys (ConfUtils.java:logGet(43)) - raft.server.log.segment.cache.num.max = 2 (custom)
2019-09-26 13:37:14,779 [pool-37-thread-1] INFO  segmented.SegmentedRaftLogWorker (SegmentedRaftLogWorker.java:<init>(172)) - new 65b6a922-0f0f-4d93-80ba-5d2577e616a7@group-13EA66812E11-SegmentedRaftLogWorker for RaftStorage:Storage Directory /workdir/hadoop-ozone/tools/target/test-dir/MiniOzoneClusterImpl-3a20bb1b-dac2-4ca8-91d1-f72b8431aeb5/datanode-1/data/ratis/a90031e5-1dcd-4d7b-a0fc-13ea66812e11
2019-09-26 13:37:14,780 [pool-37-thread-1] INFO  server.RaftServerConfigKeys (ConfUtils.java:logGet(43)) - raft.server.log.queue.byte-limit = 2147483647 (custom)
2019-09-26 13:37:14,780 [pool-37-thread-1] INFO  server.RaftServerConfigKeys (ConfUtils.java:logGet(43)) - raft.server.log.queue.element-limit = 1024 (custom)
2019-09-26 13:37:14,780 [pool-37-thread-1] INFO  server.RaftServerConfigKeys (ConfUtils.java:logGet(43)) - raft.server.log.segment.size.max = 1048576 (custom)
2019-09-26 13:37:14,780 [pool-37-thread-1] INFO  server.RaftServerConfigKeys (ConfUtils.java:logGet(43)) - raft.server.log.preallocated.size = 16384 (custom)
2019-09-26 13:37:14,780 [pool-37-thread-1] INFO  server.RaftServerConfigKeys (ConfUtils.java:logGet(43)) - raft.server.log.write.buffer.size = 33554432 (custom)
2019-09-26 13:37:14,780 [pool-37-thread-1] INFO  server.RaftServerConfigKeys (ConfUtils.java:logGet(43)) - raft.server.log.force.sync.num = 128 (default)
2019-09-26 13:37:14,780 [pool-37-thread-1] INFO  server.RaftServerConfigKeys (ConfUtils.java:logGet(43)) - raft.server.log.statemachine.data.sync = true (default)
2019-09-26 13:37:14,781 [pool-37-thread-1] INFO  server.RaftServerConfigKeys (ConfUtils.java:logGet(43)) - raft.server.log.statemachine.data.sync.timeout = 10s (default)
2019-09-26 13:37:14,781 [pool-37-thread-1] INFO  server.RaftServerConfigKeys (ConfUtils.java:logGet(43)) - raft.server.log.statemachine.data.sync.timeout.retry = -1 (default)
2019-09-26 13:37:14,781 [pool-37-thread-1] INFO  server.RaftServerConfigKeys (ConfUtils.java:logGet(43)) - raft.server.log.statemachine.data.caching.enabled = true (custom)
2019-09-26 13:37:14,781 [pool-37-thread-1] INFO  segmented.SegmentedRaftLogWorker (SegmentedRaftLogWorker.java:lambda$new$0(132)) - 65b6a922-0f0f-4d93-80ba-5d2577e616a7@group-13EA66812E11-SegmentedRaftLogWorker: flushIndex: setUnconditionally 0 -> -1
2019-09-26 13:37:14,782 [pool-37-thread-1] INFO  server.RaftServerConfigKeys (ConfUtils.java:logGet(43)) - raft.server.snapshot.auto.trigger.enabled = true (custom)
2019-09-26 13:37:14,782 [pool-37-thread-1] INFO  server.RaftServerConfigKeys (ConfUtils.java:logGet(43)) - raft.server.snapshot.auto.trigger.threshold = 10000 (custom)
2019-09-26 13:37:14,782 [pool-37-thread-1] INFO  server.RaftServerConfigKeys (ConfUtils.java:logGet(43)) - raft.server.snapshot.retention.num.files = 5 (custom)
2019-09-26 13:37:14,782 [pool-37-thread-1] INFO  server.RaftServerConfigKeys (ConfUtils.java:logGet(43)) - raft.server.retrycache.expirytime = 600000ms (custom)
2019-09-26 13:37:14,785 [pool-37-thread-1] INFO  impl.RaftServerImpl (RaftServerImpl.java:start(185)) - 65b6a922-0f0f-4d93-80ba-5d2577e616a7@group-13EA66812E11: start as a follower, conf=-1: [65b6a922-0f0f-4d93-80ba-5d2577e616a7:192.168.164.238:37480], old=null
2019-09-26 13:37:14,785 [pool-37-thread-1] INFO  impl.RaftServerImpl (RaftServerImpl.java:setRole(174)) - 65b6a922-0f0f-4d93-80ba-5d2577e616a7@group-13EA66812E11: changes role from      null to FOLLOWER at term 0 for startAsFollower
2019-09-26 13:37:14,785 [pool-37-thread-1] INFO  impl.RoleInfo (RoleInfo.java:updateAndGet(143)) - 65b6a922-0f0f-4d93-80ba-5d2577e616a7: start FollowerState
2019-09-26 13:37:14,785 [pool-37-thread-1] INFO  util.JmxRegister (JmxRegister.java:tryRegister(44)) - Successfully registered JMX Bean with object name Ratis:service=RaftServer,group=group-13EA66812E11,id=65b6a922-0f0f-4d93-80ba-5d2577e616a7
2019-09-26 13:37:14,792 [RatisPipelineUtilsThread] INFO  pipeline.PipelineStateManager (PipelineStateManager.java:addPipeline(56)) - Created pipeline Pipeline[ Id: a90031e5-1dcd-4d7b-a0fc-13ea66812e11, Nodes: 65b6a922-0f0f-4d93-80ba-5d2577e616a7{ip: 192.168.164.238, host: pr-hdds-1569-87zkn-1081879488, networkLocation: /default-rack, certSerialId: null}, Type:RATIS, Factor:ONE, State:OPEN]
2019-09-26 13:37:14,792 [RatisPipelineUtilsThread] INFO  pipeline.PipelinePlacementPolicy (PipelinePlacementPolicy.java:meetCriteria(91)) - Pipeline Placement: can't place more pipeline on heavy datanode： 65b6a922-0f0f-4d93-80ba-5d2577e616a7 Heaviness: 6 limit: 5
2019-09-26 13:37:14,792 [RatisPipelineUtilsThread] INFO  pipeline.PipelinePlacementPolicy (PipelinePlacementPolicy.java:meetCriteria(91)) - Pipeline Placement: can't place more pipeline on heavy datanode： 37170b5e-38e8-41e6-8e7f-73d816854ae3 Heaviness: 6 limit: 5
2019-09-26 13:37:14,792 [RatisPipelineUtilsThread] INFO  pipeline.PipelinePlacementPolicy (PipelinePlacementPolicy.java:meetCriteria(91)) - Pipeline Placement: can't place more pipeline on heavy datanode： 9bae32d7-3aab-4e1e-ace1-c4157a7584ea Heaviness: 6 limit: 5
2019-09-26 13:37:14,793 [RatisPipelineUtilsThread] INFO  pipeline.PipelinePlacementPolicy (PipelinePlacementPolicy.java:meetCriteria(91)) - Pipeline Placement: can't place more pipeline on heavy datanode： fa623484-5385-4c02-af08-45448d3dc09d Heaviness: 6 limit: 5
2019-09-26 13:37:14,803 [grpc-default-executor-0] INFO  impl.RaftServerProxy (RaftServerProxy.java:addNew(89)) - 8e03446a-97fa-4aed-a68a-73437ef1131e: addNew group-E99D81FC3B72:[8e03446a-97fa-4aed-a68a-73437ef1131e:192.168.164.238:42766] returns group-E99D81FC3B72:java.util.concurrent.CompletableFuture@4fb637c7[Not completed]
2019-09-26 13:37:14,804 [pool-47-thread-1] INFO  impl.RaftServerImpl (RaftServerImpl.java:<init>(95)) - 8e03446a-97fa-4aed-a68a-73437ef1131e: new RaftServerImpl for group-E99D81FC3B72:[8e03446a-97fa-4aed-a68a-73437ef1131e:192.168.164.238:42766] with ContainerStateMachine:uninitialized
2019-09-26 13:37:14,805 [pool-47-thread-1] INFO  server.RaftServerConfigKeys (ConfUtils.java:logGet(43)) - raft.server.rpc.timeout.min = 5s (custom)
2019-09-26 13:37:14,805 [pool-47-thread-1] INFO  server.RaftServerConfigKeys (ConfUtils.java:logGet(43)) - raft.server.rpc.timeout.max = 5200ms (custom)
2019-09-26 13:37:14,805 [pool-47-thread-1] INFO  server.RaftServerConfigKeys (ConfUtils.java:logGet(43)) - raft.server.rpcslowness.timeout = 120s (custom)
2019-09-26 13:37:14,805 [pool-47-thread-1] INFO  server.RaftServerConfigKeys (ConfUtils.java:logGet(43)) - raft.server.sleep.deviation.threshold = 300 (default)
2019-09-26 13:37:14,805 [pool-47-thread-1] INFO  server.RaftServerConfigKeys (ConfUtils.java:logGet(43)) - raft.server.log.appender.install.snapshot.enabled = false (custom)
2019-09-26 13:37:14,805 [pool-47-thread-1] INFO  impl.RaftServerImpl (ServerState.java:<init>(103)) - 8e03446a-97fa-4aed-a68a-73437ef1131e@group-E99D81FC3B72: ConfigurationManager, init=-1: [8e03446a-97fa-4aed-a68a-73437ef1131e:192.168.164.238:42766], old=null, confs=<EMPTY_MAP>
2019-09-26 13:37:14,806 [pool-47-thread-1] INFO  server.RaftServerConfigKeys (ConfUtils.java:logGet(43)) - raft.server.storage.dir = [/workdir/hadoop-ozone/tools/target/test-dir/MiniOzoneClusterImpl-3a20bb1b-dac2-4ca8-91d1-f72b8431aeb5/datanode-2/data/ratis] (custom)
2019-09-26 13:37:14,806 [pool-47-thread-1] INFO  storage.RaftStorageDirectory (RaftStorageDirectory.java:analyzeStorage(246)) - The storage directory /workdir/hadoop-ozone/tools/target/test-dir/MiniOzoneClusterImpl-3a20bb1b-dac2-4ca8-91d1-f72b8431aeb5/datanode-2/data/ratis/69abe1c3-1808-4f61-89a0-e99d81fc3b72 does not exist. Creating ...
2019-09-26 13:37:14,819 [pool-47-thread-1] INFO  storage.RaftStorageDirectory (RaftStorageDirectory.java:tryLock(328)) - Lock on /workdir/hadoop-ozone/tools/target/test-dir/MiniOzoneClusterImpl-3a20bb1b-dac2-4ca8-91d1-f72b8431aeb5/datanode-2/data/ratis/69abe1c3-1808-4f61-89a0-e99d81fc3b72/in_use.lock acquired by nodename 20735@pr-hdds-1569-87zkn-1081879488
2019-09-26 13:37:14,832 [pool-47-thread-1] INFO  storage.RaftStorage (RaftStorage.java:format(72)) - Storage directory /workdir/hadoop-ozone/tools/target/test-dir/MiniOzoneClusterImpl-3a20bb1b-dac2-4ca8-91d1-f72b8431aeb5/datanode-2/data/ratis/69abe1c3-1808-4f61-89a0-e99d81fc3b72 has been successfully formatted.
2019-09-26 13:37:14,832 [pool-47-thread-1] INFO  ratis.ContainerStateMachine (ContainerStateMachine.java:loadSnapshot(230)) - group-E99D81FC3B72: The snapshot info is null. Setting the last applied indexto:(t:0, i:~)
2019-09-26 13:37:14,833 [pool-47-thread-1] INFO  server.RaftServerConfigKeys (ConfUtils.java:logGet(43)) - raft.server.notification.no-leader.timeout = 120s (custom)
2019-09-26 13:37:14,833 [pool-47-thread-1] INFO  server.RaftServerConfigKeys (ConfUtils.java:logGet(43)) - raft.server.log.use.memory = false (default)
2019-09-26 13:37:14,833 [pool-47-thread-1] INFO  server.RaftServerConfigKeys (ConfUtils.java:logGet(43)) - raft.server.log.purge.gap = 1000000 (custom)
2019-09-26 13:37:14,833 [pool-47-thread-1] INFO  server.RaftServerConfigKeys (ConfUtils.java:logGet(43)) - raft.server.log.appender.buffer.byte-limit = 33554432 (custom)
2019-09-26 13:37:14,833 [pool-47-thread-1] INFO  server.RaftServerConfigKeys (ConfUtils.java:logGet(43)) - raft.server.log.segment.size.max = 1048576 (custom)
2019-09-26 13:37:14,834 [pool-47-thread-1] INFO  server.RaftServerConfigKeys (ConfUtils.java:logGet(43)) - raft.server.log.segment.cache.num.max = 2 (custom)
2019-09-26 13:37:14,834 [pool-47-thread-1] INFO  segmented.SegmentedRaftLogWorker (SegmentedRaftLogWorker.java:<init>(172)) - new 8e03446a-97fa-4aed-a68a-73437ef1131e@group-E99D81FC3B72-SegmentedRaftLogWorker for RaftStorage:Storage Directory /workdir/hadoop-ozone/tools/target/test-dir/MiniOzoneClusterImpl-3a20bb1b-dac2-4ca8-91d1-f72b8431aeb5/datanode-2/data/ratis/69abe1c3-1808-4f61-89a0-e99d81fc3b72
2019-09-26 13:37:14,834 [pool-47-thread-1] INFO  server.RaftServerConfigKeys (ConfUtils.java:logGet(43)) - raft.server.log.queue.byte-limit = 2147483647 (custom)
2019-09-26 13:37:14,834 [pool-47-thread-1] INFO  server.RaftServerConfigKeys (ConfUtils.java:logGet(43)) - raft.server.log.queue.element-limit = 1024 (custom)
2019-09-26 13:37:14,834 [pool-47-thread-1] INFO  server.RaftServerConfigKeys (ConfUtils.java:logGet(43)) - raft.server.log.segment.size.max = 1048576 (custom)
2019-09-26 13:37:14,835 [pool-47-thread-1] INFO  server.RaftServerConfigKeys (ConfUtils.java:logGet(43)) - raft.server.log.preallocated.size = 16384 (custom)
2019-09-26 13:37:14,835 [pool-47-thread-1] INFO  server.RaftServerConfigKeys (ConfUtils.java:logGet(43)) - raft.server.log.write.buffer.size = 33554432 (custom)
2019-09-26 13:37:14,835 [pool-47-thread-1] INFO  server.RaftServerConfigKeys (ConfUtils.java:logGet(43)) - raft.server.log.force.sync.num = 128 (default)
2019-09-26 13:37:14,835 [pool-47-thread-1] INFO  server.RaftServerConfigKeys (ConfUtils.java:logGet(43)) - raft.server.log.statemachine.data.sync = true (default)
2019-09-26 13:37:14,835 [pool-47-thread-1] INFO  server.RaftServerConfigKeys (ConfUtils.java:logGet(43)) - raft.server.log.statemachine.data.sync.timeout = 10s (default)
2019-09-26 13:37:14,836 [pool-47-thread-1] INFO  server.RaftServerConfigKeys (ConfUtils.java:logGet(43)) - raft.server.log.statemachine.data.sync.timeout.retry = -1 (default)
2019-09-26 13:37:14,836 [pool-47-thread-1] INFO  server.RaftServerConfigKeys (ConfUtils.java:logGet(43)) - raft.server.log.statemachine.data.caching.enabled = true (custom)
2019-09-26 13:37:14,836 [pool-47-thread-1] INFO  segmented.SegmentedRaftLogWorker (SegmentedRaftLogWorker.java:lambda$new$0(132)) - 8e03446a-97fa-4aed-a68a-73437ef1131e@group-E99D81FC3B72-SegmentedRaftLogWorker: flushIndex: setUnconditionally 0 -> -1
2019-09-26 13:37:14,837 [pool-47-thread-1] INFO  server.RaftServerConfigKeys (ConfUtils.java:logGet(43)) - raft.server.snapshot.auto.trigger.enabled = true (custom)
2019-09-26 13:37:14,837 [pool-47-thread-1] INFO  server.RaftServerConfigKeys (ConfUtils.java:logGet(43)) - raft.server.snapshot.auto.trigger.threshold = 10000 (custom)
2019-09-26 13:37:14,837 [pool-47-thread-1] INFO  server.RaftServerConfigKeys (ConfUtils.java:logGet(43)) - raft.server.snapshot.retention.num.files = 5 (custom)
2019-09-26 13:37:14,837 [pool-47-thread-1] INFO  server.RaftServerConfigKeys (ConfUtils.java:logGet(43)) - raft.server.retrycache.expirytime = 600000ms (custom)
2019-09-26 13:37:14,841 [pool-47-thread-1] INFO  impl.RaftServerImpl (RaftServerImpl.java:start(185)) - 8e03446a-97fa-4aed-a68a-73437ef1131e@group-E99D81FC3B72: start as a follower, conf=-1: [8e03446a-97fa-4aed-a68a-73437ef1131e:192.168.164.238:42766], old=null
2019-09-26 13:37:14,841 [pool-47-thread-1] INFO  impl.RaftServerImpl (RaftServerImpl.java:setRole(174)) - 8e03446a-97fa-4aed-a68a-73437ef1131e@group-E99D81FC3B72: changes role from      null to FOLLOWER at term 0 for startAsFollower
2019-09-26 13:37:14,841 [pool-47-thread-1] INFO  impl.RoleInfo (RoleInfo.java:updateAndGet(143)) - 8e03446a-97fa-4aed-a68a-73437ef1131e: start FollowerState
2019-09-26 13:37:14,842 [pool-47-thread-1] INFO  util.JmxRegister (JmxRegister.java:tryRegister(44)) - Successfully registered JMX Bean with object name Ratis:service=RaftServer,group=group-E99D81FC3B72,id=8e03446a-97fa-4aed-a68a-73437ef1131e
2019-09-26 13:37:14,849 [RatisPipelineUtilsThread] INFO  pipeline.PipelineStateManager (PipelineStateManager.java:addPipeline(56)) - Created pipeline Pipeline[ Id: 69abe1c3-1808-4f61-89a0-e99d81fc3b72, Nodes: 8e03446a-97fa-4aed-a68a-73437ef1131e{ip: 192.168.164.238, host: pr-hdds-1569-87zkn-1081879488, networkLocation: /default-rack, certSerialId: null}, Type:RATIS, Factor:ONE, State:OPEN]
2019-09-26 13:37:14,849 [RatisPipelineUtilsThread] INFO  pipeline.PipelinePlacementPolicy (PipelinePlacementPolicy.java:meetCriteria(91)) - Pipeline Placement: can't place more pipeline on heavy datanode： 65b6a922-0f0f-4d93-80ba-5d2577e616a7 Heaviness: 6 limit: 5
2019-09-26 13:37:14,849 [RatisPipelineUtilsThread] INFO  pipeline.PipelinePlacementPolicy (PipelinePlacementPolicy.java:meetCriteria(91)) - Pipeline Placement: can't place more pipeline on heavy datanode： 37170b5e-38e8-41e6-8e7f-73d816854ae3 Heaviness: 6 limit: 5
2019-09-26 13:37:14,849 [RatisPipelineUtilsThread] INFO  pipeline.PipelinePlacementPolicy (PipelinePlacementPolicy.java:meetCriteria(91)) - Pipeline Placement: can't place more pipeline on heavy datanode： 9bae32d7-3aab-4e1e-ace1-c4157a7584ea Heaviness: 6 limit: 5
2019-09-26 13:37:14,850 [RatisPipelineUtilsThread] INFO  pipeline.PipelinePlacementPolicy (PipelinePlacementPolicy.java:meetCriteria(91)) - Pipeline Placement: can't place more pipeline on heavy datanode： fa623484-5385-4c02-af08-45448d3dc09d Heaviness: 6 limit: 5
2019-09-26 13:37:14,859 [grpc-default-executor-0] INFO  impl.RaftServerProxy (RaftServerProxy.java:addNew(89)) - 8e03446a-97fa-4aed-a68a-73437ef1131e: addNew group-2844C86A38D9:[8e03446a-97fa-4aed-a68a-73437ef1131e:192.168.164.238:42766] returns group-2844C86A38D9:java.util.concurrent.CompletableFuture@6340e6e[Not completed]
2019-09-26 13:37:14,861 [pool-47-thread-1] INFO  impl.RaftServerImpl (RaftServerImpl.java:<init>(95)) - 8e03446a-97fa-4aed-a68a-73437ef1131e: new RaftServerImpl for group-2844C86A38D9:[8e03446a-97fa-4aed-a68a-73437ef1131e:192.168.164.238:42766] with ContainerStateMachine:uninitialized
2019-09-26 13:37:14,861 [pool-47-thread-1] INFO  server.RaftServerConfigKeys (ConfUtils.java:logGet(43)) - raft.server.rpc.timeout.min = 5s (custom)
2019-09-26 13:37:14,861 [pool-47-thread-1] INFO  server.RaftServerConfigKeys (ConfUtils.java:logGet(43)) - raft.server.rpc.timeout.max = 5200ms (custom)
2019-09-26 13:37:14,861 [pool-47-thread-1] INFO  server.RaftServerConfigKeys (ConfUtils.java:logGet(43)) - raft.server.rpcslowness.timeout = 120s (custom)
2019-09-26 13:37:14,861 [pool-47-thread-1] INFO  server.RaftServerConfigKeys (ConfUtils.java:logGet(43)) - raft.server.sleep.deviation.threshold = 300 (default)
2019-09-26 13:37:14,862 [pool-47-thread-1] INFO  server.RaftServerConfigKeys (ConfUtils.java:logGet(43)) - raft.server.log.appender.install.snapshot.enabled = false (custom)
2019-09-26 13:37:14,862 [pool-47-thread-1] INFO  impl.RaftServerImpl (ServerState.java:<init>(103)) - 8e03446a-97fa-4aed-a68a-73437ef1131e@group-2844C86A38D9: ConfigurationManager, init=-1: [8e03446a-97fa-4aed-a68a-73437ef1131e:192.168.164.238:42766], old=null, confs=<EMPTY_MAP>
2019-09-26 13:37:14,862 [pool-47-thread-1] INFO  server.RaftServerConfigKeys (ConfUtils.java:logGet(43)) - raft.server.storage.dir = [/workdir/hadoop-ozone/tools/target/test-dir/MiniOzoneClusterImpl-3a20bb1b-dac2-4ca8-91d1-f72b8431aeb5/datanode-2/data/ratis] (custom)
2019-09-26 13:37:14,862 [pool-47-thread-1] INFO  storage.RaftStorageDirectory (RaftStorageDirectory.java:analyzeStorage(246)) - The storage directory /workdir/hadoop-ozone/tools/target/test-dir/MiniOzoneClusterImpl-3a20bb1b-dac2-4ca8-91d1-f72b8431aeb5/datanode-2/data/ratis/1e8ec9ae-ce0f-4aef-bb52-2844c86a38d9 does not exist. Creating ...
2019-09-26 13:37:14,875 [pool-47-thread-1] INFO  storage.RaftStorageDirectory (RaftStorageDirectory.java:tryLock(328)) - Lock on /workdir/hadoop-ozone/tools/target/test-dir/MiniOzoneClusterImpl-3a20bb1b-dac2-4ca8-91d1-f72b8431aeb5/datanode-2/data/ratis/1e8ec9ae-ce0f-4aef-bb52-2844c86a38d9/in_use.lock acquired by nodename 20735@pr-hdds-1569-87zkn-1081879488
2019-09-26 13:37:14,888 [pool-47-thread-1] INFO  storage.RaftStorage (RaftStorage.java:format(72)) - Storage directory /workdir/hadoop-ozone/tools/target/test-dir/MiniOzoneClusterImpl-3a20bb1b-dac2-4ca8-91d1-f72b8431aeb5/datanode-2/data/ratis/1e8ec9ae-ce0f-4aef-bb52-2844c86a38d9 has been successfully formatted.
2019-09-26 13:37:14,889 [pool-47-thread-1] INFO  ratis.ContainerStateMachine (ContainerStateMachine.java:loadSnapshot(230)) - group-2844C86A38D9: The snapshot info is null. Setting the last applied indexto:(t:0, i:~)
2019-09-26 13:37:14,889 [pool-47-thread-1] INFO  server.RaftServerConfigKeys (ConfUtils.java:logGet(43)) - raft.server.notification.no-leader.timeout = 120s (custom)
2019-09-26 13:37:14,889 [pool-47-thread-1] INFO  server.RaftServerConfigKeys (ConfUtils.java:logGet(43)) - raft.server.log.use.memory = false (default)
2019-09-26 13:37:14,889 [pool-47-thread-1] INFO  server.RaftServerConfigKeys (ConfUtils.java:logGet(43)) - raft.server.log.purge.gap = 1000000 (custom)
2019-09-26 13:37:14,889 [pool-47-thread-1] INFO  server.RaftServerConfigKeys (ConfUtils.java:logGet(43)) - raft.server.log.appender.buffer.byte-limit = 33554432 (custom)
2019-09-26 13:37:14,890 [pool-47-thread-1] INFO  server.RaftServerConfigKeys (ConfUtils.java:logGet(43)) - raft.server.log.segment.size.max = 1048576 (custom)
2019-09-26 13:37:14,890 [pool-47-thread-1] INFO  server.RaftServerConfigKeys (ConfUtils.java:logGet(43)) - raft.server.log.segment.cache.num.max = 2 (custom)
2019-09-26 13:37:14,890 [pool-47-thread-1] INFO  segmented.SegmentedRaftLogWorker (SegmentedRaftLogWorker.java:<init>(172)) - new 8e03446a-97fa-4aed-a68a-73437ef1131e@group-2844C86A38D9-SegmentedRaftLogWorker for RaftStorage:Storage Directory /workdir/hadoop-ozone/tools/target/test-dir/MiniOzoneClusterImpl-3a20bb1b-dac2-4ca8-91d1-f72b8431aeb5/datanode-2/data/ratis/1e8ec9ae-ce0f-4aef-bb52-2844c86a38d9
2019-09-26 13:37:14,890 [pool-47-thread-1] INFO  server.RaftServerConfigKeys (ConfUtils.java:logGet(43)) - raft.server.log.queue.byte-limit = 2147483647 (custom)
2019-09-26 13:37:14,890 [pool-47-thread-1] INFO  server.RaftServerConfigKeys (ConfUtils.java:logGet(43)) - raft.server.log.queue.element-limit = 1024 (custom)
2019-09-26 13:37:14,891 [pool-47-thread-1] INFO  server.RaftServerConfigKeys (ConfUtils.java:logGet(43)) - raft.server.log.segment.size.max = 1048576 (custom)
2019-09-26 13:37:14,891 [pool-47-thread-1] INFO  server.RaftServerConfigKeys (ConfUtils.java:logGet(43)) - raft.server.log.preallocated.size = 16384 (custom)
2019-09-26 13:37:14,891 [pool-47-thread-1] INFO  server.RaftServerConfigKeys (ConfUtils.java:logGet(43)) - raft.server.log.write.buffer.size = 33554432 (custom)
2019-09-26 13:37:14,891 [pool-47-thread-1] INFO  server.RaftServerConfigKeys (ConfUtils.java:logGet(43)) - raft.server.log.force.sync.num = 128 (default)
2019-09-26 13:37:14,891 [pool-47-thread-1] INFO  server.RaftServerConfigKeys (ConfUtils.java:logGet(43)) - raft.server.log.statemachine.data.sync = true (default)
2019-09-26 13:37:14,892 [pool-47-thread-1] INFO  server.RaftServerConfigKeys (ConfUtils.java:logGet(43)) - raft.server.log.statemachine.data.sync.timeout = 10s (default)
2019-09-26 13:37:14,892 [pool-47-thread-1] INFO  server.RaftServerConfigKeys (ConfUtils.java:logGet(43)) - raft.server.log.statemachine.data.sync.timeout.retry = -1 (default)
2019-09-26 13:37:14,892 [pool-47-thread-1] INFO  server.RaftServerConfigKeys (ConfUtils.java:logGet(43)) - raft.server.log.statemachine.data.caching.enabled = true (custom)
2019-09-26 13:37:14,893 [pool-47-thread-1] INFO  segmented.SegmentedRaftLogWorker (SegmentedRaftLogWorker.java:lambda$new$0(132)) - 8e03446a-97fa-4aed-a68a-73437ef1131e@group-2844C86A38D9-SegmentedRaftLogWorker: flushIndex: setUnconditionally 0 -> -1
2019-09-26 13:37:14,893 [pool-47-thread-1] INFO  server.RaftServerConfigKeys (ConfUtils.java:logGet(43)) - raft.server.snapshot.auto.trigger.enabled = true (custom)
2019-09-26 13:37:14,893 [pool-47-thread-1] INFO  server.RaftServerConfigKeys (ConfUtils.java:logGet(43)) - raft.server.snapshot.auto.trigger.threshold = 10000 (custom)
2019-09-26 13:37:14,893 [pool-47-thread-1] INFO  server.RaftServerConfigKeys (ConfUtils.java:logGet(43)) - raft.server.snapshot.retention.num.files = 5 (custom)
2019-09-26 13:37:14,894 [pool-47-thread-1] INFO  server.RaftServerConfigKeys (ConfUtils.java:logGet(43)) - raft.server.retrycache.expirytime = 600000ms (custom)
2019-09-26 13:37:14,897 [pool-47-thread-1] INFO  impl.RaftServerImpl (RaftServerImpl.java:start(185)) - 8e03446a-97fa-4aed-a68a-73437ef1131e@group-2844C86A38D9: start as a follower, conf=-1: [8e03446a-97fa-4aed-a68a-73437ef1131e:192.168.164.238:42766], old=null
2019-09-26 13:37:14,897 [pool-47-thread-1] INFO  impl.RaftServerImpl (RaftServerImpl.java:setRole(174)) - 8e03446a-97fa-4aed-a68a-73437ef1131e@group-2844C86A38D9: changes role from      null to FOLLOWER at term 0 for startAsFollower
2019-09-26 13:37:14,897 [pool-47-thread-1] INFO  impl.RoleInfo (RoleInfo.java:updateAndGet(143)) - 8e03446a-97fa-4aed-a68a-73437ef1131e: start FollowerState
2019-09-26 13:37:14,898 [pool-47-thread-1] INFO  util.JmxRegister (JmxRegister.java:tryRegister(44)) - Successfully registered JMX Bean with object name Ratis:service=RaftServer,group=group-2844C86A38D9,id=8e03446a-97fa-4aed-a68a-73437ef1131e
2019-09-26 13:37:14,905 [RatisPipelineUtilsThread] INFO  pipeline.PipelineStateManager (PipelineStateManager.java:addPipeline(56)) - Created pipeline Pipeline[ Id: 1e8ec9ae-ce0f-4aef-bb52-2844c86a38d9, Nodes: 8e03446a-97fa-4aed-a68a-73437ef1131e{ip: 192.168.164.238, host: pr-hdds-1569-87zkn-1081879488, networkLocation: /default-rack, certSerialId: null}, Type:RATIS, Factor:ONE, State:OPEN]
2019-09-26 13:37:14,905 [RatisPipelineUtilsThread] INFO  pipeline.PipelinePlacementPolicy (PipelinePlacementPolicy.java:meetCriteria(91)) - Pipeline Placement: can't place more pipeline on heavy datanode： 65b6a922-0f0f-4d93-80ba-5d2577e616a7 Heaviness: 6 limit: 5
2019-09-26 13:37:14,906 [RatisPipelineUtilsThread] INFO  pipeline.PipelinePlacementPolicy (PipelinePlacementPolicy.java:meetCriteria(91)) - Pipeline Placement: can't place more pipeline on heavy datanode： 37170b5e-38e8-41e6-8e7f-73d816854ae3 Heaviness: 6 limit: 5
2019-09-26 13:37:14,906 [RatisPipelineUtilsThread] INFO  pipeline.PipelinePlacementPolicy (PipelinePlacementPolicy.java:meetCriteria(91)) - Pipeline Placement: can't place more pipeline on heavy datanode： 9bae32d7-3aab-4e1e-ace1-c4157a7584ea Heaviness: 6 limit: 5
2019-09-26 13:37:14,906 [RatisPipelineUtilsThread] INFO  pipeline.PipelinePlacementPolicy (PipelinePlacementPolicy.java:meetCriteria(91)) - Pipeline Placement: can't place more pipeline on heavy datanode： fa623484-5385-4c02-af08-45448d3dc09d Heaviness: 6 limit: 5
2019-09-26 13:37:14,935 [grpc-default-executor-0] INFO  impl.RaftServerProxy (RaftServerProxy.java:addNew(89)) - 8e03446a-97fa-4aed-a68a-73437ef1131e: addNew group-A56AE6B6ACE3:[8e03446a-97fa-4aed-a68a-73437ef1131e:192.168.164.238:42766] returns group-A56AE6B6ACE3:java.util.concurrent.CompletableFuture@3baf7cbe[Not completed]
2019-09-26 13:37:15,098 [pool-47-thread-1] INFO  impl.RaftServerImpl (RaftServerImpl.java:<init>(95)) - 8e03446a-97fa-4aed-a68a-73437ef1131e: new RaftServerImpl for group-A56AE6B6ACE3:[8e03446a-97fa-4aed-a68a-73437ef1131e:192.168.164.238:42766] with ContainerStateMachine:uninitialized
2019-09-26 13:37:15,099 [pool-47-thread-1] INFO  server.RaftServerConfigKeys (ConfUtils.java:logGet(43)) - raft.server.rpc.timeout.min = 5s (custom)
2019-09-26 13:37:15,099 [pool-47-thread-1] INFO  server.RaftServerConfigKeys (ConfUtils.java:logGet(43)) - raft.server.rpc.timeout.max = 5200ms (custom)
2019-09-26 13:37:15,099 [pool-47-thread-1] INFO  server.RaftServerConfigKeys (ConfUtils.java:logGet(43)) - raft.server.rpcslowness.timeout = 120s (custom)
2019-09-26 13:37:15,100 [pool-47-thread-1] INFO  server.RaftServerConfigKeys (ConfUtils.java:logGet(43)) - raft.server.sleep.deviation.threshold = 300 (default)
2019-09-26 13:37:15,101 [pool-47-thread-1] INFO  server.RaftServerConfigKeys (ConfUtils.java:logGet(43)) - raft.server.log.appender.install.snapshot.enabled = false (custom)
2019-09-26 13:37:15,101 [pool-47-thread-1] INFO  impl.RaftServerImpl (ServerState.java:<init>(103)) - 8e03446a-97fa-4aed-a68a-73437ef1131e@group-A56AE6B6ACE3: ConfigurationManager, init=-1: [8e03446a-97fa-4aed-a68a-73437ef1131e:192.168.164.238:42766], old=null, confs=<EMPTY_MAP>
2019-09-26 13:37:15,103 [pool-47-thread-1] INFO  server.RaftServerConfigKeys (ConfUtils.java:logGet(43)) - raft.server.storage.dir = [/workdir/hadoop-ozone/tools/target/test-dir/MiniOzoneClusterImpl-3a20bb1b-dac2-4ca8-91d1-f72b8431aeb5/datanode-2/data/ratis] (custom)
2019-09-26 13:37:15,104 [pool-47-thread-1] INFO  storage.RaftStorageDirectory (RaftStorageDirectory.java:analyzeStorage(246)) - The storage directory /workdir/hadoop-ozone/tools/target/test-dir/MiniOzoneClusterImpl-3a20bb1b-dac2-4ca8-91d1-f72b8431aeb5/datanode-2/data/ratis/10d9b2f5-1b3b-4a6a-998e-a56ae6b6ace3 does not exist. Creating ...
2019-09-26 13:37:15,117 [pool-47-thread-1] INFO  storage.RaftStorageDirectory (RaftStorageDirectory.java:tryLock(328)) - Lock on /workdir/hadoop-ozone/tools/target/test-dir/MiniOzoneClusterImpl-3a20bb1b-dac2-4ca8-91d1-f72b8431aeb5/datanode-2/data/ratis/10d9b2f5-1b3b-4a6a-998e-a56ae6b6ace3/in_use.lock acquired by nodename 20735@pr-hdds-1569-87zkn-1081879488
2019-09-26 13:37:15,138 [pool-47-thread-1] INFO  storage.RaftStorage (RaftStorage.java:format(72)) - Storage directory /workdir/hadoop-ozone/tools/target/test-dir/MiniOzoneClusterImpl-3a20bb1b-dac2-4ca8-91d1-f72b8431aeb5/datanode-2/data/ratis/10d9b2f5-1b3b-4a6a-998e-a56ae6b6ace3 has been successfully formatted.
2019-09-26 13:37:15,138 [pool-47-thread-1] INFO  ratis.ContainerStateMachine (ContainerStateMachine.java:loadSnapshot(230)) - group-A56AE6B6ACE3: The snapshot info is null. Setting the last applied indexto:(t:0, i:~)
2019-09-26 13:37:15,139 [pool-47-thread-1] INFO  server.RaftServerConfigKeys (ConfUtils.java:logGet(43)) - raft.server.notification.no-leader.timeout = 120s (custom)
2019-09-26 13:37:15,139 [pool-47-thread-1] INFO  server.RaftServerConfigKeys (ConfUtils.java:logGet(43)) - raft.server.log.use.memory = false (default)
2019-09-26 13:37:15,139 [pool-47-thread-1] INFO  server.RaftServerConfigKeys (ConfUtils.java:logGet(43)) - raft.server.log.purge.gap = 1000000 (custom)
2019-09-26 13:37:15,139 [pool-47-thread-1] INFO  server.RaftServerConfigKeys (ConfUtils.java:logGet(43)) - raft.server.log.appender.buffer.byte-limit = 33554432 (custom)
2019-09-26 13:37:15,139 [pool-47-thread-1] INFO  server.RaftServerConfigKeys (ConfUtils.java:logGet(43)) - raft.server.log.segment.size.max = 1048576 (custom)
2019-09-26 13:37:15,139 [pool-47-thread-1] INFO  server.RaftServerConfigKeys (ConfUtils.java:logGet(43)) - raft.server.log.segment.cache.num.max = 2 (custom)
2019-09-26 13:37:15,140 [pool-47-thread-1] INFO  segmented.SegmentedRaftLogWorker (SegmentedRaftLogWorker.java:<init>(172)) - new 8e03446a-97fa-4aed-a68a-73437ef1131e@group-A56AE6B6ACE3-SegmentedRaftLogWorker for RaftStorage:Storage Directory /workdir/hadoop-ozone/tools/target/test-dir/MiniOzoneClusterImpl-3a20bb1b-dac2-4ca8-91d1-f72b8431aeb5/datanode-2/data/ratis/10d9b2f5-1b3b-4a6a-998e-a56ae6b6ace3
2019-09-26 13:37:15,140 [pool-47-thread-1] INFO  server.RaftServerConfigKeys (ConfUtils.java:logGet(43)) - raft.server.log.queue.byte-limit = 2147483647 (custom)
2019-09-26 13:37:15,140 [pool-47-thread-1] INFO  server.RaftServerConfigKeys (ConfUtils.java:logGet(43)) - raft.server.log.queue.element-limit = 1024 (custom)
2019-09-26 13:37:15,140 [pool-47-thread-1] INFO  server.RaftServerConfigKeys (ConfUtils.java:logGet(43)) - raft.server.log.segment.size.max = 1048576 (custom)
2019-09-26 13:37:15,141 [pool-47-thread-1] INFO  server.RaftServerConfigKeys (ConfUtils.java:logGet(43)) - raft.server.log.preallocated.size = 16384 (custom)
2019-09-26 13:37:15,141 [pool-47-thread-1] INFO  server.RaftServerConfigKeys (ConfUtils.java:logGet(43)) - raft.server.log.write.buffer.size = 33554432 (custom)
2019-09-26 13:37:15,141 [pool-47-thread-1] INFO  server.RaftServerConfigKeys (ConfUtils.java:logGet(43)) - raft.server.log.force.sync.num = 128 (default)
2019-09-26 13:37:15,141 [pool-47-thread-1] INFO  server.RaftServerConfigKeys (ConfUtils.java:logGet(43)) - raft.server.log.statemachine.data.sync = true (default)
2019-09-26 13:37:15,141 [pool-47-thread-1] INFO  server.RaftServerConfigKeys (ConfUtils.java:logGet(43)) - raft.server.log.statemachine.data.sync.timeout = 10s (default)
2019-09-26 13:37:15,142 [pool-47-thread-1] INFO  server.RaftServerConfigKeys (ConfUtils.java:logGet(43)) - raft.server.log.statemachine.data.sync.timeout.retry = -1 (default)
2019-09-26 13:37:15,142 [pool-47-thread-1] INFO  server.RaftServerConfigKeys (ConfUtils.java:logGet(43)) - raft.server.log.statemachine.data.caching.enabled = true (custom)
2019-09-26 13:37:15,142 [pool-47-thread-1] INFO  segmented.SegmentedRaftLogWorker (SegmentedRaftLogWorker.java:lambda$new$0(132)) - 8e03446a-97fa-4aed-a68a-73437ef1131e@group-A56AE6B6ACE3-SegmentedRaftLogWorker: flushIndex: setUnconditionally 0 -> -1
2019-09-26 13:37:15,143 [pool-47-thread-1] INFO  server.RaftServerConfigKeys (ConfUtils.java:logGet(43)) - raft.server.snapshot.auto.trigger.enabled = true (custom)
2019-09-26 13:37:15,143 [pool-47-thread-1] INFO  server.RaftServerConfigKeys (ConfUtils.java:logGet(43)) - raft.server.snapshot.auto.trigger.threshold = 10000 (custom)
2019-09-26 13:37:15,143 [pool-47-thread-1] INFO  server.RaftServerConfigKeys (ConfUtils.java:logGet(43)) - raft.server.snapshot.retention.num.files = 5 (custom)
2019-09-26 13:37:15,143 [pool-47-thread-1] INFO  server.RaftServerConfigKeys (ConfUtils.java:logGet(43)) - raft.server.retrycache.expirytime = 600000ms (custom)
2019-09-26 13:37:15,147 [pool-47-thread-1] INFO  impl.RaftServerImpl (RaftServerImpl.java:start(185)) - 8e03446a-97fa-4aed-a68a-73437ef1131e@group-A56AE6B6ACE3: start as a follower, conf=-1: [8e03446a-97fa-4aed-a68a-73437ef1131e:192.168.164.238:42766], old=null
2019-09-26 13:37:15,147 [pool-47-thread-1] INFO  impl.RaftServerImpl (RaftServerImpl.java:setRole(174)) - 8e03446a-97fa-4aed-a68a-73437ef1131e@group-A56AE6B6ACE3: changes role from      null to FOLLOWER at term 0 for startAsFollower
2019-09-26 13:37:15,147 [pool-47-thread-1] INFO  impl.RoleInfo (RoleInfo.java:updateAndGet(143)) - 8e03446a-97fa-4aed-a68a-73437ef1131e: start FollowerState
2019-09-26 13:37:15,148 [pool-47-thread-1] INFO  util.JmxRegister (JmxRegister.java:tryRegister(44)) - Successfully registered JMX Bean with object name Ratis:service=RaftServer,group=group-A56AE6B6ACE3,id=8e03446a-97fa-4aed-a68a-73437ef1131e
2019-09-26 13:37:15,160 [RatisPipelineUtilsThread] INFO  pipeline.PipelineStateManager (PipelineStateManager.java:addPipeline(56)) - Created pipeline Pipeline[ Id: 10d9b2f5-1b3b-4a6a-998e-a56ae6b6ace3, Nodes: 8e03446a-97fa-4aed-a68a-73437ef1131e{ip: 192.168.164.238, host: pr-hdds-1569-87zkn-1081879488, networkLocation: /default-rack, certSerialId: null}, Type:RATIS, Factor:ONE, State:OPEN]
2019-09-26 13:37:15,161 [RatisPipelineUtilsThread] INFO  pipeline.PipelinePlacementPolicy (PipelinePlacementPolicy.java:meetCriteria(91)) - Pipeline Placement: can't place more pipeline on heavy datanode： 65b6a922-0f0f-4d93-80ba-5d2577e616a7 Heaviness: 6 limit: 5
2019-09-26 13:37:15,161 [RatisPipelineUtilsThread] INFO  pipeline.PipelinePlacementPolicy (PipelinePlacementPolicy.java:meetCriteria(91)) - Pipeline Placement: can't place more pipeline on heavy datanode： 37170b5e-38e8-41e6-8e7f-73d816854ae3 Heaviness: 6 limit: 5
2019-09-26 13:37:15,161 [RatisPipelineUtilsThread] INFO  pipeline.PipelinePlacementPolicy (PipelinePlacementPolicy.java:meetCriteria(91)) - Pipeline Placement: can't place more pipeline on heavy datanode： 9bae32d7-3aab-4e1e-ace1-c4157a7584ea Heaviness: 6 limit: 5
2019-09-26 13:37:15,161 [RatisPipelineUtilsThread] INFO  pipeline.PipelinePlacementPolicy (PipelinePlacementPolicy.java:meetCriteria(91)) - Pipeline Placement: can't place more pipeline on heavy datanode： 8e03446a-97fa-4aed-a68a-73437ef1131e Heaviness: 6 limit: 5
2019-09-26 13:37:15,161 [RatisPipelineUtilsThread] INFO  pipeline.PipelinePlacementPolicy (PipelinePlacementPolicy.java:meetCriteria(91)) - Pipeline Placement: can't place more pipeline on heavy datanode： fa623484-5385-4c02-af08-45448d3dc09d Heaviness: 6 limit: 5
2019-09-26 13:37:15,162 [RatisPipelineUtilsThread] ERROR pipeline.PipelinePlacementPolicy (PipelinePlacementPolicy.java:filterViableNodes(148)) - Unable to find enough nodes that meet the criteria that cannot engage in more than 5 pipelines. Nodes required: 1 Found: 0, healthy nodes count inNodeManager: 5.
2019-09-26 13:37:15,164 [RatisPipelineUtilsThread] ERROR pipeline.SCMPipelineManager (SCMPipelineManager.java:createPipeline(167)) - Pipeline creation failed.
org.apache.hadoop.hdds.scm.exceptions.SCMException: Unable to find enough nodes that meet the criteria that cannot engage in more than 5 pipelines. Nodes required: 1 Found: 0, healthy nodes count inNodeManager: 5.
	at org.apache.hadoop.hdds.scm.pipeline.PipelinePlacementPolicy.filterViableNodes(PipelinePlacementPolicy.java:149)
	at org.apache.hadoop.hdds.scm.pipeline.PipelinePlacementPolicy.chooseDatanodes(PipelinePlacementPolicy.java:172)
	at org.apache.hadoop.hdds.scm.pipeline.RatisPipelineProvider.create(RatisPipelineProvider.java:93)
	at org.apache.hadoop.hdds.scm.pipeline.PipelineFactory.create(PipelineFactory.java:58)
	at org.apache.hadoop.hdds.scm.pipeline.SCMPipelineManager.createPipeline(SCMPipelineManager.java:155)
	at org.apache.hadoop.hdds.scm.pipeline.BackgroundPipelineCreator.createPipelines(BackgroundPipelineCreator.java:99)
	at java.util.concurrent.Executors$RunnableAdapter.call(Executors.java:511)
	at java.util.concurrent.FutureTask.run(FutureTask.java:266)
	at java.util.concurrent.ScheduledThreadPoolExecutor$ScheduledFutureTask.access$201(ScheduledThreadPoolExecutor.java:180)
	at java.util.concurrent.ScheduledThreadPoolExecutor$ScheduledFutureTask.run(ScheduledThreadPoolExecutor.java:293)
	at java.util.concurrent.ThreadPoolExecutor.runWorker(ThreadPoolExecutor.java:1149)
	at java.util.concurrent.ThreadPoolExecutor$Worker.run(ThreadPoolExecutor.java:624)
	at java.lang.Thread.run(Thread.java:748)
2019-09-26 13:37:15,166 [RatisPipelineUtilsThread] INFO  pipeline.PipelinePlacementPolicy (PipelinePlacementPolicy.java:meetCriteria(91)) - Pipeline Placement: can't place more pipeline on heavy datanode： 65b6a922-0f0f-4d93-80ba-5d2577e616a7 Heaviness: 6 limit: 5
2019-09-26 13:37:15,166 [RatisPipelineUtilsThread] INFO  pipeline.PipelinePlacementPolicy (PipelinePlacementPolicy.java:meetCriteria(91)) - Pipeline Placement: can't place more pipeline on heavy datanode： 37170b5e-38e8-41e6-8e7f-73d816854ae3 Heaviness: 6 limit: 5
2019-09-26 13:37:15,167 [RatisPipelineUtilsThread] INFO  pipeline.PipelinePlacementPolicy (PipelinePlacementPolicy.java:meetCriteria(91)) - Pipeline Placement: can't place more pipeline on heavy datanode： 9bae32d7-3aab-4e1e-ace1-c4157a7584ea Heaviness: 6 limit: 5
2019-09-26 13:37:15,167 [RatisPipelineUtilsThread] INFO  pipeline.PipelinePlacementPolicy (PipelinePlacementPolicy.java:meetCriteria(91)) - Pipeline Placement: can't place more pipeline on heavy datanode： 8e03446a-97fa-4aed-a68a-73437ef1131e Heaviness: 6 limit: 5
2019-09-26 13:37:15,167 [RatisPipelineUtilsThread] INFO  pipeline.PipelinePlacementPolicy (PipelinePlacementPolicy.java:meetCriteria(91)) - Pipeline Placement: can't place more pipeline on heavy datanode： fa623484-5385-4c02-af08-45448d3dc09d Heaviness: 6 limit: 5
2019-09-26 13:37:15,167 [RatisPipelineUtilsThread] ERROR pipeline.PipelinePlacementPolicy (PipelinePlacementPolicy.java:filterViableNodes(148)) - Unable to find enough nodes that meet the criteria that cannot engage in more than 5 pipelines. Nodes required: 3 Found: 0, healthy nodes count inNodeManager: 5.
2019-09-26 13:37:15,167 [RatisPipelineUtilsThread] ERROR pipeline.SCMPipelineManager (SCMPipelineManager.java:createPipeline(167)) - Pipeline creation failed.
org.apache.hadoop.hdds.scm.exceptions.SCMException: Unable to find enough nodes that meet the criteria that cannot engage in more than 5 pipelines. Nodes required: 3 Found: 0, healthy nodes count inNodeManager: 5.
	at org.apache.hadoop.hdds.scm.pipeline.PipelinePlacementPolicy.filterViableNodes(PipelinePlacementPolicy.java:149)
	at org.apache.hadoop.hdds.scm.pipeline.PipelinePlacementPolicy.chooseDatanodes(PipelinePlacementPolicy.java:172)
	at org.apache.hadoop.hdds.scm.pipeline.RatisPipelineProvider.create(RatisPipelineProvider.java:93)
	at org.apache.hadoop.hdds.scm.pipeline.PipelineFactory.create(PipelineFactory.java:58)
	at org.apache.hadoop.hdds.scm.pipeline.SCMPipelineManager.createPipeline(SCMPipelineManager.java:155)
	at org.apache.hadoop.hdds.scm.pipeline.BackgroundPipelineCreator.createPipelines(BackgroundPipelineCreator.java:99)
	at java.util.concurrent.Executors$RunnableAdapter.call(Executors.java:511)
	at java.util.concurrent.FutureTask.run(FutureTask.java:266)
	at java.util.concurrent.ScheduledThreadPoolExecutor$ScheduledFutureTask.access$201(ScheduledThreadPoolExecutor.java:180)
	at java.util.concurrent.ScheduledThreadPoolExecutor$ScheduledFutureTask.run(ScheduledThreadPoolExecutor.java:293)
	at java.util.concurrent.ThreadPoolExecutor.runWorker(ThreadPoolExecutor.java:1149)
	at java.util.concurrent.ThreadPoolExecutor$Worker.run(ThreadPoolExecutor.java:624)
	at java.lang.Thread.run(Thread.java:748)
2019-09-26 13:37:15,169 [RatisPipelineUtilsThread] INFO  pipeline.PipelinePlacementPolicy (PipelinePlacementPolicy.java:meetCriteria(91)) - Pipeline Placement: can't place more pipeline on heavy datanode： 65b6a922-0f0f-4d93-80ba-5d2577e616a7 Heaviness: 6 limit: 5
2019-09-26 13:37:15,169 [RatisPipelineUtilsThread] INFO  pipeline.PipelinePlacementPolicy (PipelinePlacementPolicy.java:meetCriteria(91)) - Pipeline Placement: can't place more pipeline on heavy datanode： 37170b5e-38e8-41e6-8e7f-73d816854ae3 Heaviness: 6 limit: 5
2019-09-26 13:37:15,170 [RatisPipelineUtilsThread] INFO  pipeline.PipelinePlacementPolicy (PipelinePlacementPolicy.java:meetCriteria(91)) - Pipeline Placement: can't place more pipeline on heavy datanode： 9bae32d7-3aab-4e1e-ace1-c4157a7584ea Heaviness: 6 limit: 5
2019-09-26 13:37:15,170 [RatisPipelineUtilsThread] INFO  pipeline.PipelinePlacementPolicy (PipelinePlacementPolicy.java:meetCriteria(91)) - Pipeline Placement: can't place more pipeline on heavy datanode： 8e03446a-97fa-4aed-a68a-73437ef1131e Heaviness: 6 limit: 5
2019-09-26 13:37:15,170 [RatisPipelineUtilsThread] INFO  pipeline.PipelinePlacementPolicy (PipelinePlacementPolicy.java:meetCriteria(91)) - Pipeline Placement: can't place more pipeline on heavy datanode： fa623484-5385-4c02-af08-45448d3dc09d Heaviness: 6 limit: 5
2019-09-26 13:37:15,170 [RatisPipelineUtilsThread] ERROR pipeline.PipelinePlacementPolicy (PipelinePlacementPolicy.java:filterViableNodes(148)) - Unable to find enough nodes that meet the criteria that cannot engage in more than 5 pipelines. Nodes required: 1 Found: 0, healthy nodes count inNodeManager: 5.
2019-09-26 13:37:15,170 [RatisPipelineUtilsThread] ERROR pipeline.SCMPipelineManager (SCMPipelineManager.java:createPipeline(167)) - Pipeline creation failed.
org.apache.hadoop.hdds.scm.exceptions.SCMException: Unable to find enough nodes that meet the criteria that cannot engage in more than 5 pipelines. Nodes required: 1 Found: 0, healthy nodes count inNodeManager: 5.
	at org.apache.hadoop.hdds.scm.pipeline.PipelinePlacementPolicy.filterViableNodes(PipelinePlacementPolicy.java:149)
	at org.apache.hadoop.hdds.scm.pipeline.PipelinePlacementPolicy.chooseDatanodes(PipelinePlacementPolicy.java:172)
	at org.apache.hadoop.hdds.scm.pipeline.RatisPipelineProvider.create(RatisPipelineProvider.java:93)
	at org.apache.hadoop.hdds.scm.pipeline.PipelineFactory.create(PipelineFactory.java:58)
	at org.apache.hadoop.hdds.scm.pipeline.SCMPipelineManager.createPipeline(SCMPipelineManager.java:155)
	at org.apache.hadoop.hdds.scm.pipeline.BackgroundPipelineCreator.createPipelines(BackgroundPipelineCreator.java:99)
	at org.apache.hadoop.hdds.scm.pipeline.BackgroundPipelineCreator.lambda$startFixedIntervalPipelineCreator$0(BackgroundPipelineCreator.java:70)
	at java.util.concurrent.Executors$RunnableAdapter.call(Executors.java:511)
	at java.util.concurrent.FutureTask.runAndReset(FutureTask.java:308)
	at java.util.concurrent.ScheduledThreadPoolExecutor$ScheduledFutureTask.access$301(ScheduledThreadPoolExecutor.java:180)
	at java.util.concurrent.ScheduledThreadPoolExecutor$ScheduledFutureTask.run(ScheduledThreadPoolExecutor.java:294)
	at java.util.concurrent.ThreadPoolExecutor.runWorker(ThreadPoolExecutor.java:1149)
	at java.util.concurrent.ThreadPoolExecutor$Worker.run(ThreadPoolExecutor.java:624)
	at java.lang.Thread.run(Thread.java:748)
2019-09-26 13:37:15,171 [RatisPipelineUtilsThread] INFO  pipeline.PipelinePlacementPolicy (PipelinePlacementPolicy.java:meetCriteria(91)) - Pipeline Placement: can't place more pipeline on heavy datanode： 65b6a922-0f0f-4d93-80ba-5d2577e616a7 Heaviness: 6 limit: 5
2019-09-26 13:37:15,171 [RatisPipelineUtilsThread] INFO  pipeline.PipelinePlacementPolicy (PipelinePlacementPolicy.java:meetCriteria(91)) - Pipeline Placement: can't place more pipeline on heavy datanode： 37170b5e-38e8-41e6-8e7f-73d816854ae3 Heaviness: 6 limit: 5
2019-09-26 13:37:15,171 [RatisPipelineUtilsThread] INFO  pipeline.PipelinePlacementPolicy (PipelinePlacementPolicy.java:meetCriteria(91)) - Pipeline Placement: can't place more pipeline on heavy datanode： 9bae32d7-3aab-4e1e-ace1-c4157a7584ea Heaviness: 6 limit: 5
2019-09-26 13:37:15,171 [RatisPipelineUtilsThread] INFO  pipeline.PipelinePlacementPolicy (PipelinePlacementPolicy.java:meetCriteria(91)) - Pipeline Placement: can't place more pipeline on heavy datanode： 8e03446a-97fa-4aed-a68a-73437ef1131e Heaviness: 6 limit: 5
2019-09-26 13:37:15,171 [RatisPipelineUtilsThread] INFO  pipeline.PipelinePlacementPolicy (PipelinePlacementPolicy.java:meetCriteria(91)) - Pipeline Placement: can't place more pipeline on heavy datanode： fa623484-5385-4c02-af08-45448d3dc09d Heaviness: 6 limit: 5
2019-09-26 13:37:15,172 [RatisPipelineUtilsThread] ERROR pipeline.PipelinePlacementPolicy (PipelinePlacementPolicy.java:filterViableNodes(148)) - Unable to find enough nodes that meet the criteria that cannot engage in more than 5 pipelines. Nodes required: 3 Found: 0, healthy nodes count inNodeManager: 5.
2019-09-26 13:37:15,172 [RatisPipelineUtilsThread] ERROR pipeline.SCMPipelineManager (SCMPipelineManager.java:createPipeline(167)) - Pipeline creation failed.
org.apache.hadoop.hdds.scm.exceptions.SCMException: Unable to find enough nodes that meet the criteria that cannot engage in more than 5 pipelines. Nodes required: 3 Found: 0, healthy nodes count inNodeManager: 5.
	at org.apache.hadoop.hdds.scm.pipeline.PipelinePlacementPolicy.filterViableNodes(PipelinePlacementPolicy.java:149)
	at org.apache.hadoop.hdds.scm.pipeline.PipelinePlacementPolicy.chooseDatanodes(PipelinePlacementPolicy.java:172)
	at org.apache.hadoop.hdds.scm.pipeline.RatisPipelineProvider.create(RatisPipelineProvider.java:93)
	at org.apache.hadoop.hdds.scm.pipeline.PipelineFactory.create(PipelineFactory.java:58)
	at org.apache.hadoop.hdds.scm.pipeline.SCMPipelineManager.createPipeline(SCMPipelineManager.java:155)
	at org.apache.hadoop.hdds.scm.pipeline.BackgroundPipelineCreator.createPipelines(BackgroundPipelineCreator.java:99)
	at org.apache.hadoop.hdds.scm.pipeline.BackgroundPipelineCreator.lambda$startFixedIntervalPipelineCreator$0(BackgroundPipelineCreator.java:70)
	at java.util.concurrent.Executors$RunnableAdapter.call(Executors.java:511)
	at java.util.concurrent.FutureTask.runAndReset(FutureTask.java:308)
	at java.util.concurrent.ScheduledThreadPoolExecutor$ScheduledFutureTask.access$301(ScheduledThreadPoolExecutor.java:180)
	at java.util.concurrent.ScheduledThreadPoolExecutor$ScheduledFutureTask.run(ScheduledThreadPoolExecutor.java:294)
	at java.util.concurrent.ThreadPoolExecutor.runWorker(ThreadPoolExecutor.java:1149)
	at java.util.concurrent.ThreadPoolExecutor$Worker.run(ThreadPoolExecutor.java:624)
	at java.lang.Thread.run(Thread.java:748)
2019-09-26 13:37:15,172 [IPC Server handler 0 on 33372] INFO  pipeline.PipelinePlacementPolicy (PipelinePlacementPolicy.java:meetCriteria(91)) - Pipeline Placement: can't place more pipeline on heavy datanode： 65b6a922-0f0f-4d93-80ba-5d2577e616a7 Heaviness: 6 limit: 5
2019-09-26 13:37:15,173 [IPC Server handler 0 on 33372] INFO  pipeline.PipelinePlacementPolicy (PipelinePlacementPolicy.java:meetCriteria(91)) - Pipeline Placement: can't place more pipeline on heavy datanode： 37170b5e-38e8-41e6-8e7f-73d816854ae3 Heaviness: 6 limit: 5
2019-09-26 13:37:15,173 [IPC Server handler 0 on 33372] INFO  pipeline.PipelinePlacementPolicy (PipelinePlacementPolicy.java:meetCriteria(91)) - Pipeline Placement: can't place more pipeline on heavy datanode： 9bae32d7-3aab-4e1e-ace1-c4157a7584ea Heaviness: 6 limit: 5
2019-09-26 13:37:15,173 [IPC Server handler 0 on 33372] INFO  pipeline.PipelinePlacementPolicy (PipelinePlacementPolicy.java:meetCriteria(91)) - Pipeline Placement: can't place more pipeline on heavy datanode： 8e03446a-97fa-4aed-a68a-73437ef1131e Heaviness: 6 limit: 5
2019-09-26 13:37:15,173 [IPC Server handler 0 on 33372] INFO  pipeline.PipelinePlacementPolicy (PipelinePlacementPolicy.java:meetCriteria(91)) - Pipeline Placement: can't place more pipeline on heavy datanode： fa623484-5385-4c02-af08-45448d3dc09d Heaviness: 6 limit: 5
2019-09-26 13:37:15,173 [IPC Server handler 0 on 33372] ERROR pipeline.PipelinePlacementPolicy (PipelinePlacementPolicy.java:filterViableNodes(148)) - Unable to find enough nodes that meet the criteria that cannot engage in more than 5 pipelines. Nodes required: 3 Found: 0, healthy nodes count inNodeManager: 5.
2019-09-26 13:37:15,174 [IPC Server handler 0 on 33372] ERROR pipeline.SCMPipelineManager (SCMPipelineManager.java:createPipeline(167)) - Pipeline creation failed.
org.apache.hadoop.hdds.scm.exceptions.SCMException: Unable to find enough nodes that meet the criteria that cannot engage in more than 5 pipelines. Nodes required: 3 Found: 0, healthy nodes count inNodeManager: 5.
	at org.apache.hadoop.hdds.scm.pipeline.PipelinePlacementPolicy.filterViableNodes(PipelinePlacementPolicy.java:149)
	at org.apache.hadoop.hdds.scm.pipeline.PipelinePlacementPolicy.chooseDatanodes(PipelinePlacementPolicy.java:172)
	at org.apache.hadoop.hdds.scm.pipeline.RatisPipelineProvider.create(RatisPipelineProvider.java:93)
	at org.apache.hadoop.hdds.scm.pipeline.PipelineFactory.create(PipelineFactory.java:58)
	at org.apache.hadoop.hdds.scm.pipeline.SCMPipelineManager.createPipeline(SCMPipelineManager.java:155)
	at org.apache.hadoop.hdds.scm.block.BlockManagerImpl.allocateBlock(BlockManagerImpl.java:190)
	at org.apache.hadoop.hdds.scm.server.SCMBlockProtocolServer.allocateBlock(SCMBlockProtocolServer.java:182)
	at org.apache.hadoop.ozone.protocolPB.ScmBlockLocationProtocolServerSideTranslatorPB.allocateScmBlock(ScmBlockLocationProtocolServerSideTranslatorPB.java:183)
	at org.apache.hadoop.ozone.protocolPB.ScmBlockLocationProtocolServerSideTranslatorPB.processMessage(ScmBlockLocationProtocolServerSideTranslatorPB.java:141)
	at org.apache.hadoop.ozone.protocolPB.ScmBlockLocationProtocolServerSideTranslatorPB.send(ScmBlockLocationProtocolServerSideTranslatorPB.java:116)
	at org.apache.hadoop.hdds.protocol.proto.ScmBlockLocationProtocolProtos$ScmBlockLocationProtocolService$2.callBlockingMethod(ScmBlockLocationProtocolProtos.java:13157)
	at org.apache.hadoop.ipc.ProtobufRpcEngine$Server$ProtoBufRpcInvoker.call(ProtobufRpcEngine.java:524)
	at org.apache.hadoop.ipc.RPC$Server.call(RPC.java:1025)
	at org.apache.hadoop.ipc.Server$RpcCall.run(Server.java:876)
	at org.apache.hadoop.ipc.Server$RpcCall.run(Server.java:822)
	at java.security.AccessController.doPrivileged(Native Method)
	at javax.security.auth.Subject.doAs(Subject.java:422)
	at org.apache.hadoop.security.UserGroupInformation.doAs(UserGroupInformation.java:1730)
	at org.apache.hadoop.ipc.Server$Handler.run(Server.java:2682)
2019-09-26 13:37:15,174 [IPC Server handler 0 on 33372] WARN  block.BlockManagerImpl (BlockManagerImpl.java:allocateBlock(192)) - Pipeline creation failed for type:RATIS factor:THREE. Retrying get pipelines call once.
org.apache.hadoop.hdds.scm.exceptions.SCMException: Unable to find enough nodes that meet the criteria that cannot engage in more than 5 pipelines. Nodes required: 3 Found: 0, healthy nodes count inNodeManager: 5.
	at org.apache.hadoop.hdds.scm.pipeline.PipelinePlacementPolicy.filterViableNodes(PipelinePlacementPolicy.java:149)
	at org.apache.hadoop.hdds.scm.pipeline.PipelinePlacementPolicy.chooseDatanodes(PipelinePlacementPolicy.java:172)
	at org.apache.hadoop.hdds.scm.pipeline.RatisPipelineProvider.create(RatisPipelineProvider.java:93)
	at org.apache.hadoop.hdds.scm.pipeline.PipelineFactory.create(PipelineFactory.java:58)
	at org.apache.hadoop.hdds.scm.pipeline.SCMPipelineManager.createPipeline(SCMPipelineManager.java:155)
	at org.apache.hadoop.hdds.scm.block.BlockManagerImpl.allocateBlock(BlockManagerImpl.java:190)
	at org.apache.hadoop.hdds.scm.server.SCMBlockProtocolServer.allocateBlock(SCMBlockProtocolServer.java:182)
	at org.apache.hadoop.ozone.protocolPB.ScmBlockLocationProtocolServerSideTranslatorPB.allocateScmBlock(ScmBlockLocationProtocolServerSideTranslatorPB.java:183)
	at org.apache.hadoop.ozone.protocolPB.ScmBlockLocationProtocolServerSideTranslatorPB.processMessage(ScmBlockLocationProtocolServerSideTranslatorPB.java:141)
	at org.apache.hadoop.ozone.protocolPB.ScmBlockLocationProtocolServerSideTranslatorPB.send(ScmBlockLocationProtocolServerSideTranslatorPB.java:116)
	at org.apache.hadoop.hdds.protocol.proto.ScmBlockLocationProtocolProtos$ScmBlockLocationProtocolService$2.callBlockingMethod(ScmBlockLocationProtocolProtos.java:13157)
	at org.apache.hadoop.ipc.ProtobufRpcEngine$Server$ProtoBufRpcInvoker.call(ProtobufRpcEngine.java:524)
	at org.apache.hadoop.ipc.RPC$Server.call(RPC.java:1025)
	at org.apache.hadoop.ipc.Server$RpcCall.run(Server.java:876)
	at org.apache.hadoop.ipc.Server$RpcCall.run(Server.java:822)
	at java.security.AccessController.doPrivileged(Native Method)
	at javax.security.auth.Subject.doAs(Subject.java:422)
	at org.apache.hadoop.security.UserGroupInformation.doAs(UserGroupInformation.java:1730)
	at org.apache.hadoop.ipc.Server$Handler.run(Server.java:2682)
2019-09-26 13:37:15,175 [IPC Server handler 0 on 33372] INFO  block.BlockManagerImpl (BlockManagerImpl.java:allocateBlock(198)) - Could not find available pipeline of type:RATIS and factor:THREE even after retrying
2019-09-26 13:37:15,175 [IPC Server handler 0 on 33372] ERROR block.BlockManagerImpl (BlockManagerImpl.java:allocateBlock(222)) - Unable to allocate a block for the size: 4194304, type: RATIS, factor: THREE
2019-09-26 13:37:15,175 [IPC Server handler 0 on 33372] INFO  pipeline.PipelinePlacementPolicy (PipelinePlacementPolicy.java:meetCriteria(91)) - Pipeline Placement: can't place more pipeline on heavy datanode： 65b6a922-0f0f-4d93-80ba-5d2577e616a7 Heaviness: 6 limit: 5
2019-09-26 13:37:15,176 [IPC Server handler 0 on 33372] INFO  pipeline.PipelinePlacementPolicy (PipelinePlacementPolicy.java:meetCriteria(91)) - Pipeline Placement: can't place more pipeline on heavy datanode： 37170b5e-38e8-41e6-8e7f-73d816854ae3 Heaviness: 6 limit: 5
2019-09-26 13:37:15,176 [IPC Server handler 0 on 33372] INFO  pipeline.PipelinePlacementPolicy (PipelinePlacementPolicy.java:meetCriteria(91)) - Pipeline Placement: can't place more pipeline on heavy datanode： 9bae32d7-3aab-4e1e-ace1-c4157a7584ea Heaviness: 6 limit: 5
2019-09-26 13:37:15,176 [IPC Server handler 0 on 33372] INFO  pipeline.PipelinePlacementPolicy (PipelinePlacementPolicy.java:meetCriteria(91)) - Pipeline Placement: can't place more pipeline on heavy datanode： 8e03446a-97fa-4aed-a68a-73437ef1131e Heaviness: 6 limit: 5
2019-09-26 13:37:15,176 [IPC Server handler 0 on 33372] INFO  pipeline.PipelinePlacementPolicy (PipelinePlacementPolicy.java:meetCriteria(91)) - Pipeline Placement: can't place more pipeline on heavy datanode： fa623484-5385-4c02-af08-45448d3dc09d Heaviness: 6 limit: 5
2019-09-26 13:37:15,177 [IPC Server handler 0 on 33372] ERROR pipeline.PipelinePlacementPolicy (PipelinePlacementPolicy.java:filterViableNodes(148)) - Unable to find enough nodes that meet the criteria that cannot engage in more than 5 pipelines. Nodes required: 3 Found: 0, healthy nodes count inNodeManager: 5.
2019-09-26 13:37:15,177 [IPC Server handler 0 on 33372] ERROR pipeline.SCMPipelineManager (SCMPipelineManager.java:createPipeline(167)) - Pipeline creation failed.
org.apache.hadoop.hdds.scm.exceptions.SCMException: Unable to find enough nodes that meet the criteria that cannot engage in more than 5 pipelines. Nodes required: 3 Found: 0, healthy nodes count inNodeManager: 5.
	at org.apache.hadoop.hdds.scm.pipeline.PipelinePlacementPolicy.filterViableNodes(PipelinePlacementPolicy.java:149)
	at org.apache.hadoop.hdds.scm.pipeline.PipelinePlacementPolicy.chooseDatanodes(PipelinePlacementPolicy.java:172)
	at org.apache.hadoop.hdds.scm.pipeline.RatisPipelineProvider.create(RatisPipelineProvider.java:93)
	at org.apache.hadoop.hdds.scm.pipeline.PipelineFactory.create(PipelineFactory.java:58)
	at org.apache.hadoop.hdds.scm.pipeline.SCMPipelineManager.createPipeline(SCMPipelineManager.java:155)
	at org.apache.hadoop.hdds.scm.block.BlockManagerImpl.allocateBlock(BlockManagerImpl.java:190)
	at org.apache.hadoop.hdds.scm.server.SCMBlockProtocolServer.allocateBlock(SCMBlockProtocolServer.java:182)
	at org.apache.hadoop.ozone.protocolPB.ScmBlockLocationProtocolServerSideTranslatorPB.allocateScmBlock(ScmBlockLocationProtocolServerSideTranslatorPB.java:183)
	at org.apache.hadoop.ozone.protocolPB.ScmBlockLocationProtocolServerSideTranslatorPB.processMessage(ScmBlockLocationProtocolServerSideTranslatorPB.java:141)
	at org.apache.hadoop.ozone.protocolPB.ScmBlockLocationProtocolServerSideTranslatorPB.send(ScmBlockLocationProtocolServerSideTranslatorPB.java:116)
	at org.apache.hadoop.hdds.protocol.proto.ScmBlockLocationProtocolProtos$ScmBlockLocationProtocolService$2.callBlockingMethod(ScmBlockLocationProtocolProtos.java:13157)
	at org.apache.hadoop.ipc.ProtobufRpcEngine$Server$ProtoBufRpcInvoker.call(ProtobufRpcEngine.java:524)
	at org.apache.hadoop.ipc.RPC$Server.call(RPC.java:1025)
	at org.apache.hadoop.ipc.Server$RpcCall.run(Server.java:876)
	at org.apache.hadoop.ipc.Server$RpcCall.run(Server.java:822)
	at java.security.AccessController.doPrivileged(Native Method)
	at javax.security.auth.Subject.doAs(Subject.java:422)
	at org.apache.hadoop.security.UserGroupInformation.doAs(UserGroupInformation.java:1730)
	at org.apache.hadoop.ipc.Server$Handler.run(Server.java:2682)
2019-09-26 13:37:15,177 [IPC Server handler 0 on 33372] WARN  block.BlockManagerImpl (BlockManagerImpl.java:allocateBlock(192)) - Pipeline creation failed for type:RATIS factor:THREE. Retrying get pipelines call once.
org.apache.hadoop.hdds.scm.exceptions.SCMException: Unable to find enough nodes that meet the criteria that cannot engage in more than 5 pipelines. Nodes required: 3 Found: 0, healthy nodes count inNodeManager: 5.
	at org.apache.hadoop.hdds.scm.pipeline.PipelinePlacementPolicy.filterViableNodes(PipelinePlacementPolicy.java:149)
	at org.apache.hadoop.hdds.scm.pipeline.PipelinePlacementPolicy.chooseDatanodes(PipelinePlacementPolicy.java:172)
	at org.apache.hadoop.hdds.scm.pipeline.RatisPipelineProvider.create(RatisPipelineProvider.java:93)
	at org.apache.hadoop.hdds.scm.pipeline.PipelineFactory.create(PipelineFactory.java:58)
	at org.apache.hadoop.hdds.scm.pipeline.SCMPipelineManager.createPipeline(SCMPipelineManager.java:155)
	at org.apache.hadoop.hdds.scm.block.BlockManagerImpl.allocateBlock(BlockManagerImpl.java:190)
	at org.apache.hadoop.hdds.scm.server.SCMBlockProtocolServer.allocateBlock(SCMBlockProtocolServer.java:182)
	at org.apache.hadoop.ozone.protocolPB.ScmBlockLocationProtocolServerSideTranslatorPB.allocateScmBlock(ScmBlockLocationProtocolServerSideTranslatorPB.java:183)
	at org.apache.hadoop.ozone.protocolPB.ScmBlockLocationProtocolServerSideTranslatorPB.processMessage(ScmBlockLocationProtocolServerSideTranslatorPB.java:141)
	at org.apache.hadoop.ozone.protocolPB.ScmBlockLocationProtocolServerSideTranslatorPB.send(ScmBlockLocationProtocolServerSideTranslatorPB.java:116)
	at org.apache.hadoop.hdds.protocol.proto.ScmBlockLocationProtocolProtos$ScmBlockLocationProtocolService$2.callBlockingMethod(ScmBlockLocationProtocolProtos.java:13157)
	at org.apache.hadoop.ipc.ProtobufRpcEngine$Server$ProtoBufRpcInvoker.call(ProtobufRpcEngine.java:524)
	at org.apache.hadoop.ipc.RPC$Server.call(RPC.java:1025)
	at org.apache.hadoop.ipc.Server$RpcCall.run(Server.java:876)
	at org.apache.hadoop.ipc.Server$RpcCall.run(Server.java:822)
	at java.security.AccessController.doPrivileged(Native Method)
	at javax.security.auth.Subject.doAs(Subject.java:422)
	at org.apache.hadoop.security.UserGroupInformation.doAs(UserGroupInformation.java:1730)
	at org.apache.hadoop.ipc.Server$Handler.run(Server.java:2682)
2019-09-26 13:37:15,178 [IPC Server handler 0 on 33372] INFO  block.BlockManagerImpl (BlockManagerImpl.java:allocateBlock(198)) - Could not find available pipeline of type:RATIS and factor:THREE even after retrying
2019-09-26 13:37:15,178 [IPC Server handler 0 on 33372] ERROR block.BlockManagerImpl (BlockManagerImpl.java:allocateBlock(222)) - Unable to allocate a block for the size: 4194304, type: RATIS, factor: THREE
2019-09-26 13:37:15,178 [IPC Server handler 0 on 33372] INFO  pipeline.PipelinePlacementPolicy (PipelinePlacementPolicy.java:meetCriteria(91)) - Pipeline Placement: can't place more pipeline on heavy datanode： 65b6a922-0f0f-4d93-80ba-5d2577e616a7 Heaviness: 6 limit: 5
2019-09-26 13:37:15,178 [IPC Server handler 0 on 33372] INFO  pipeline.PipelinePlacementPolicy (PipelinePlacementPolicy.java:meetCriteria(91)) - Pipeline Placement: can't place more pipeline on heavy datanode： 37170b5e-38e8-41e6-8e7f-73d816854ae3 Heaviness: 6 limit: 5
2019-09-26 13:37:15,178 [IPC Server handler 0 on 33372] INFO  pipeline.PipelinePlacementPolicy (PipelinePlacementPolicy.java:meetCriteria(91)) - Pipeline Placement: can't place more pipeline on heavy datanode： 9bae32d7-3aab-4e1e-ace1-c4157a7584ea Heaviness: 6 limit: 5
2019-09-26 13:37:15,179 [IPC Server handler 0 on 33372] INFO  pipeline.PipelinePlacementPolicy (PipelinePlacementPolicy.java:meetCriteria(91)) - Pipeline Placement: can't place more pipeline on heavy datanode： 8e03446a-97fa-4aed-a68a-73437ef1131e Heaviness: 6 limit: 5
2019-09-26 13:37:15,179 [IPC Server handler 0 on 33372] INFO  pipeline.PipelinePlacementPolicy (PipelinePlacementPolicy.java:meetCriteria(91)) - Pipeline Placement: can't place more pipeline on heavy datanode： fa623484-5385-4c02-af08-45448d3dc09d Heaviness: 6 limit: 5
2019-09-26 13:37:15,179 [IPC Server handler 0 on 33372] ERROR pipeline.PipelinePlacementPolicy (PipelinePlacementPolicy.java:filterViableNodes(148)) - Unable to find enough nodes that meet the criteria that cannot engage in more than 5 pipelines. Nodes required: 3 Found: 0, healthy nodes count inNodeManager: 5.
2019-09-26 13:37:15,179 [IPC Server handler 0 on 33372] ERROR pipeline.SCMPipelineManager (SCMPipelineManager.java:createPipeline(167)) - Pipeline creation failed.
org.apache.hadoop.hdds.scm.exceptions.SCMException: Unable to find enough nodes that meet the criteria that cannot engage in more than 5 pipelines. Nodes required: 3 Found: 0, healthy nodes count inNodeManager: 5.
	at org.apache.hadoop.hdds.scm.pipeline.PipelinePlacementPolicy.filterViableNodes(PipelinePlacementPolicy.java:149)
	at org.apache.hadoop.hdds.scm.pipeline.PipelinePlacementPolicy.chooseDatanodes(PipelinePlacementPolicy.java:172)
	at org.apache.hadoop.hdds.scm.pipeline.RatisPipelineProvider.create(RatisPipelineProvider.java:93)
	at org.apache.hadoop.hdds.scm.pipeline.PipelineFactory.create(PipelineFactory.java:58)
	at org.apache.hadoop.hdds.scm.pipeline.SCMPipelineManager.createPipeline(SCMPipelineManager.java:155)
	at org.apache.hadoop.hdds.scm.block.BlockManagerImpl.allocateBlock(BlockManagerImpl.java:190)
	at org.apache.hadoop.hdds.scm.server.SCMBlockProtocolServer.allocateBlock(SCMBlockProtocolServer.java:182)
	at org.apache.hadoop.ozone.protocolPB.ScmBlockLocationProtocolServerSideTranslatorPB.allocateScmBlock(ScmBlockLocationProtocolServerSideTranslatorPB.java:183)
	at org.apache.hadoop.ozone.protocolPB.ScmBlockLocationProtocolServerSideTranslatorPB.processMessage(ScmBlockLocationProtocolServerSideTranslatorPB.java:141)
	at org.apache.hadoop.ozone.protocolPB.ScmBlockLocationProtocolServerSideTranslatorPB.send(ScmBlockLocationProtocolServerSideTranslatorPB.java:116)
	at org.apache.hadoop.hdds.protocol.proto.ScmBlockLocationProtocolProtos$ScmBlockLocationProtocolService$2.callBlockingMethod(ScmBlockLocationProtocolProtos.java:13157)
	at org.apache.hadoop.ipc.ProtobufRpcEngine$Server$ProtoBufRpcInvoker.call(ProtobufRpcEngine.java:524)
	at org.apache.hadoop.ipc.RPC$Server.call(RPC.java:1025)
	at org.apache.hadoop.ipc.Server$RpcCall.run(Server.java:876)
	at org.apache.hadoop.ipc.Server$RpcCall.run(Server.java:822)
	at java.security.AccessController.doPrivileged(Native Method)
	at javax.security.auth.Subject.doAs(Subject.java:422)
	at org.apache.hadoop.security.UserGroupInformation.doAs(UserGroupInformation.java:1730)
	at org.apache.hadoop.ipc.Server$Handler.run(Server.java:2682)
2019-09-26 13:37:15,180 [IPC Server handler 0 on 33372] WARN  block.BlockManagerImpl (BlockManagerImpl.java:allocateBlock(192)) - Pipeline creation failed for type:RATIS factor:THREE. Retrying get pipelines call once.
org.apache.hadoop.hdds.scm.exceptions.SCMException: Unable to find enough nodes that meet the criteria that cannot engage in more than 5 pipelines. Nodes required: 3 Found: 0, healthy nodes count inNodeManager: 5.
	at org.apache.hadoop.hdds.scm.pipeline.PipelinePlacementPolicy.filterViableNodes(PipelinePlacementPolicy.java:149)
	at org.apache.hadoop.hdds.scm.pipeline.PipelinePlacementPolicy.chooseDatanodes(PipelinePlacementPolicy.java:172)
	at org.apache.hadoop.hdds.scm.pipeline.RatisPipelineProvider.create(RatisPipelineProvider.java:93)
	at org.apache.hadoop.hdds.scm.pipeline.PipelineFactory.create(PipelineFactory.java:58)
	at org.apache.hadoop.hdds.scm.pipeline.SCMPipelineManager.createPipeline(SCMPipelineManager.java:155)
	at org.apache.hadoop.hdds.scm.block.BlockManagerImpl.allocateBlock(BlockManagerImpl.java:190)
	at org.apache.hadoop.hdds.scm.server.SCMBlockProtocolServer.allocateBlock(SCMBlockProtocolServer.java:182)
	at org.apache.hadoop.ozone.protocolPB.ScmBlockLocationProtocolServerSideTranslatorPB.allocateScmBlock(ScmBlockLocationProtocolServerSideTranslatorPB.java:183)
	at org.apache.hadoop.ozone.protocolPB.ScmBlockLocationProtocolServerSideTranslatorPB.processMessage(ScmBlockLocationProtocolServerSideTranslatorPB.java:141)
	at org.apache.hadoop.ozone.protocolPB.ScmBlockLocationProtocolServerSideTranslatorPB.send(ScmBlockLocationProtocolServerSideTranslatorPB.java:116)
	at org.apache.hadoop.hdds.protocol.proto.ScmBlockLocationProtocolProtos$ScmBlockLocationProtocolService$2.callBlockingMethod(ScmBlockLocationProtocolProtos.java:13157)
	at org.apache.hadoop.ipc.ProtobufRpcEngine$Server$ProtoBufRpcInvoker.call(ProtobufRpcEngine.java:524)
	at org.apache.hadoop.ipc.RPC$Server.call(RPC.java:1025)
	at org.apache.hadoop.ipc.Server$RpcCall.run(Server.java:876)
	at org.apache.hadoop.ipc.Server$RpcCall.run(Server.java:822)
	at java.security.AccessController.doPrivileged(Native Method)
	at javax.security.auth.Subject.doAs(Subject.java:422)
	at org.apache.hadoop.security.UserGroupInformation.doAs(UserGroupInformation.java:1730)
	at org.apache.hadoop.ipc.Server$Handler.run(Server.java:2682)
2019-09-26 13:37:15,180 [IPC Server handler 0 on 33372] INFO  block.BlockManagerImpl (BlockManagerImpl.java:allocateBlock(198)) - Could not find available pipeline of type:RATIS and factor:THREE even after retrying
2019-09-26 13:37:15,180 [IPC Server handler 0 on 33372] ERROR block.BlockManagerImpl (BlockManagerImpl.java:allocateBlock(222)) - Unable to allocate a block for the size: 4194304, type: RATIS, factor: THREE
2019-09-26 13:37:15,181 [IPC Server handler 0 on 33372] INFO  pipeline.PipelinePlacementPolicy (PipelinePlacementPolicy.java:meetCriteria(91)) - Pipeline Placement: can't place more pipeline on heavy datanode： 65b6a922-0f0f-4d93-80ba-5d2577e616a7 Heaviness: 6 limit: 5
2019-09-26 13:37:15,181 [IPC Server handler 0 on 33372] INFO  pipeline.PipelinePlacementPolicy (PipelinePlacementPolicy.java:meetCriteria(91)) - Pipeline Placement: can't place more pipeline on heavy datanode： 37170b5e-38e8-41e6-8e7f-73d816854ae3 Heaviness: 6 limit: 5
2019-09-26 13:37:15,181 [IPC Server handler 0 on 33372] INFO  pipeline.PipelinePlacementPolicy (PipelinePlacementPolicy.java:meetCriteria(91)) - Pipeline Placement: can't place more pipeline on heavy datanode： 9bae32d7-3aab-4e1e-ace1-c4157a7584ea Heaviness: 6 limit: 5
2019-09-26 13:37:15,181 [IPC Server handler 0 on 33372] INFO  pipeline.PipelinePlacementPolicy (PipelinePlacementPolicy.java:meetCriteria(91)) - Pipeline Placement: can't place more pipeline on heavy datanode： 8e03446a-97fa-4aed-a68a-73437ef1131e Heaviness: 6 limit: 5
2019-09-26 13:37:15,182 [IPC Server handler 0 on 33372] INFO  pipeline.PipelinePlacementPolicy (PipelinePlacementPolicy.java:meetCriteria(91)) - Pipeline Placement: can't place more pipeline on heavy datanode： fa623484-5385-4c02-af08-45448d3dc09d Heaviness: 6 limit: 5
2019-09-26 13:37:15,182 [IPC Server handler 0 on 33372] ERROR pipeline.PipelinePlacementPolicy (PipelinePlacementPolicy.java:filterViableNodes(148)) - Unable to find enough nodes that meet the criteria that cannot engage in more than 5 pipelines. Nodes required: 3 Found: 0, healthy nodes count inNodeManager: 5.
2019-09-26 13:37:15,182 [IPC Server handler 0 on 33372] ERROR pipeline.SCMPipelineManager (SCMPipelineManager.java:createPipeline(167)) - Pipeline creation failed.
org.apache.hadoop.hdds.scm.exceptions.SCMException: Unable to find enough nodes that meet the criteria that cannot engage in more than 5 pipelines. Nodes required: 3 Found: 0, healthy nodes count inNodeManager: 5.
	at org.apache.hadoop.hdds.scm.pipeline.PipelinePlacementPolicy.filterViableNodes(PipelinePlacementPolicy.java:149)
	at org.apache.hadoop.hdds.scm.pipeline.PipelinePlacementPolicy.chooseDatanodes(PipelinePlacementPolicy.java:172)
	at org.apache.hadoop.hdds.scm.pipeline.RatisPipelineProvider.create(RatisPipelineProvider.java:93)
	at org.apache.hadoop.hdds.scm.pipeline.PipelineFactory.create(PipelineFactory.java:58)
	at org.apache.hadoop.hdds.scm.pipeline.SCMPipelineManager.createPipeline(SCMPipelineManager.java:155)
	at org.apache.hadoop.hdds.scm.block.BlockManagerImpl.allocateBlock(BlockManagerImpl.java:190)
	at org.apache.hadoop.hdds.scm.server.SCMBlockProtocolServer.allocateBlock(SCMBlockProtocolServer.java:182)
	at org.apache.hadoop.ozone.protocolPB.ScmBlockLocationProtocolServerSideTranslatorPB.allocateScmBlock(ScmBlockLocationProtocolServerSideTranslatorPB.java:183)
	at org.apache.hadoop.ozone.protocolPB.ScmBlockLocationProtocolServerSideTranslatorPB.processMessage(ScmBlockLocationProtocolServerSideTranslatorPB.java:141)
	at org.apache.hadoop.ozone.protocolPB.ScmBlockLocationProtocolServerSideTranslatorPB.send(ScmBlockLocationProtocolServerSideTranslatorPB.java:116)
	at org.apache.hadoop.hdds.protocol.proto.ScmBlockLocationProtocolProtos$ScmBlockLocationProtocolService$2.callBlockingMethod(ScmBlockLocationProtocolProtos.java:13157)
	at org.apache.hadoop.ipc.ProtobufRpcEngine$Server$ProtoBufRpcInvoker.call(ProtobufRpcEngine.java:524)
	at org.apache.hadoop.ipc.RPC$Server.call(RPC.java:1025)
	at org.apache.hadoop.ipc.Server$RpcCall.run(Server.java:876)
	at org.apache.hadoop.ipc.Server$RpcCall.run(Server.java:822)
	at java.security.AccessController.doPrivileged(Native Method)
	at javax.security.auth.Subject.doAs(Subject.java:422)
	at org.apache.hadoop.security.UserGroupInformation.doAs(UserGroupInformation.java:1730)
	at org.apache.hadoop.ipc.Server$Handler.run(Server.java:2682)
2019-09-26 13:37:15,182 [IPC Server handler 0 on 33372] WARN  block.BlockManagerImpl (BlockManagerImpl.java:allocateBlock(192)) - Pipeline creation failed for type:RATIS factor:THREE. Retrying get pipelines call once.
org.apache.hadoop.hdds.scm.exceptions.SCMException: Unable to find enough nodes that meet the criteria that cannot engage in more than 5 pipelines. Nodes required: 3 Found: 0, healthy nodes count inNodeManager: 5.
	at org.apache.hadoop.hdds.scm.pipeline.PipelinePlacementPolicy.filterViableNodes(PipelinePlacementPolicy.java:149)
	at org.apache.hadoop.hdds.scm.pipeline.PipelinePlacementPolicy.chooseDatanodes(PipelinePlacementPolicy.java:172)
	at org.apache.hadoop.hdds.scm.pipeline.RatisPipelineProvider.create(RatisPipelineProvider.java:93)
	at org.apache.hadoop.hdds.scm.pipeline.PipelineFactory.create(PipelineFactory.java:58)
	at org.apache.hadoop.hdds.scm.pipeline.SCMPipelineManager.createPipeline(SCMPipelineManager.java:155)
	at org.apache.hadoop.hdds.scm.block.BlockManagerImpl.allocateBlock(BlockManagerImpl.java:190)
	at org.apache.hadoop.hdds.scm.server.SCMBlockProtocolServer.allocateBlock(SCMBlockProtocolServer.java:182)
	at org.apache.hadoop.ozone.protocolPB.ScmBlockLocationProtocolServerSideTranslatorPB.allocateScmBlock(ScmBlockLocationProtocolServerSideTranslatorPB.java:183)
	at org.apache.hadoop.ozone.protocolPB.ScmBlockLocationProtocolServerSideTranslatorPB.processMessage(ScmBlockLocationProtocolServerSideTranslatorPB.java:141)
	at org.apache.hadoop.ozone.protocolPB.ScmBlockLocationProtocolServerSideTranslatorPB.send(ScmBlockLocationProtocolServerSideTranslatorPB.java:116)
	at org.apache.hadoop.hdds.protocol.proto.ScmBlockLocationProtocolProtos$ScmBlockLocationProtocolService$2.callBlockingMethod(ScmBlockLocationProtocolProtos.java:13157)
	at org.apache.hadoop.ipc.ProtobufRpcEngine$Server$ProtoBufRpcInvoker.call(ProtobufRpcEngine.java:524)
	at org.apache.hadoop.ipc.RPC$Server.call(RPC.java:1025)
	at org.apache.hadoop.ipc.Server$RpcCall.run(Server.java:876)
	at org.apache.hadoop.ipc.Server$RpcCall.run(Server.java:822)
	at java.security.AccessController.doPrivileged(Native Method)
	at javax.security.auth.Subject.doAs(Subject.java:422)
	at org.apache.hadoop.security.UserGroupInformation.doAs(UserGroupInformation.java:1730)
	at org.apache.hadoop.ipc.Server$Handler.run(Server.java:2682)
2019-09-26 13:37:15,183 [IPC Server handler 0 on 33372] INFO  block.BlockManagerImpl (BlockManagerImpl.java:allocateBlock(198)) - Could not find available pipeline of type:RATIS and factor:THREE even after retrying
2019-09-26 13:37:15,183 [IPC Server handler 0 on 33372] ERROR block.BlockManagerImpl (BlockManagerImpl.java:allocateBlock(222)) - Unable to allocate a block for the size: 4194304, type: RATIS, factor: THREE
2019-09-26 13:37:15,183 [IPC Server handler 0 on 33372] INFO  pipeline.PipelinePlacementPolicy (PipelinePlacementPolicy.java:meetCriteria(91)) - Pipeline Placement: can't place more pipeline on heavy datanode： 65b6a922-0f0f-4d93-80ba-5d2577e616a7 Heaviness: 6 limit: 5
2019-09-26 13:37:15,184 [IPC Server handler 0 on 33372] INFO  pipeline.PipelinePlacementPolicy (PipelinePlacementPolicy.java:meetCriteria(91)) - Pipeline Placement: can't place more pipeline on heavy datanode： 37170b5e-38e8-41e6-8e7f-73d816854ae3 Heaviness: 6 limit: 5
2019-09-26 13:37:15,184 [IPC Server handler 0 on 33372] INFO  pipeline.PipelinePlacementPolicy (PipelinePlacementPolicy.java:meetCriteria(91)) - Pipeline Placement: can't place more pipeline on heavy datanode： 9bae32d7-3aab-4e1e-ace1-c4157a7584ea Heaviness: 6 limit: 5
2019-09-26 13:37:15,184 [IPC Server handler 0 on 33372] INFO  pipeline.PipelinePlacementPolicy (PipelinePlacementPolicy.java:meetCriteria(91)) - Pipeline Placement: can't place more pipeline on heavy datanode： 8e03446a-97fa-4aed-a68a-73437ef1131e Heaviness: 6 limit: 5
2019-09-26 13:37:15,184 [IPC Server handler 0 on 33372] INFO  pipeline.PipelinePlacementPolicy (PipelinePlacementPolicy.java:meetCriteria(91)) - Pipeline Placement: can't place more pipeline on heavy datanode： fa623484-5385-4c02-af08-45448d3dc09d Heaviness: 6 limit: 5
2019-09-26 13:37:15,184 [IPC Server handler 0 on 33372] ERROR pipeline.PipelinePlacementPolicy (PipelinePlacementPolicy.java:filterViableNodes(148)) - Unable to find enough nodes that meet the criteria that cannot engage in more than 5 pipelines. Nodes required: 3 Found: 0, healthy nodes count inNodeManager: 5.
2019-09-26 13:37:15,185 [IPC Server handler 0 on 33372] ERROR pipeline.SCMPipelineManager (SCMPipelineManager.java:createPipeline(167)) - Pipeline creation failed.
org.apache.hadoop.hdds.scm.exceptions.SCMException: Unable to find enough nodes that meet the criteria that cannot engage in more than 5 pipelines. Nodes required: 3 Found: 0, healthy nodes count inNodeManager: 5.
	at org.apache.hadoop.hdds.scm.pipeline.PipelinePlacementPolicy.filterViableNodes(PipelinePlacementPolicy.java:149)
	at org.apache.hadoop.hdds.scm.pipeline.PipelinePlacementPolicy.chooseDatanodes(PipelinePlacementPolicy.java:172)
	at org.apache.hadoop.hdds.scm.pipeline.RatisPipelineProvider.create(RatisPipelineProvider.java:93)
	at org.apache.hadoop.hdds.scm.pipeline.PipelineFactory.create(PipelineFactory.java:58)
	at org.apache.hadoop.hdds.scm.pipeline.SCMPipelineManager.createPipeline(SCMPipelineManager.java:155)
	at org.apache.hadoop.hdds.scm.block.BlockManagerImpl.allocateBlock(BlockManagerImpl.java:190)
	at org.apache.hadoop.hdds.scm.server.SCMBlockProtocolServer.allocateBlock(SCMBlockProtocolServer.java:182)
	at org.apache.hadoop.ozone.protocolPB.ScmBlockLocationProtocolServerSideTranslatorPB.allocateScmBlock(ScmBlockLocationProtocolServerSideTranslatorPB.java:183)
	at org.apache.hadoop.ozone.protocolPB.ScmBlockLocationProtocolServerSideTranslatorPB.processMessage(ScmBlockLocationProtocolServerSideTranslatorPB.java:141)
	at org.apache.hadoop.ozone.protocolPB.ScmBlockLocationProtocolServerSideTranslatorPB.send(ScmBlockLocationProtocolServerSideTranslatorPB.java:116)
	at org.apache.hadoop.hdds.protocol.proto.ScmBlockLocationProtocolProtos$ScmBlockLocationProtocolService$2.callBlockingMethod(ScmBlockLocationProtocolProtos.java:13157)
	at org.apache.hadoop.ipc.ProtobufRpcEngine$Server$ProtoBufRpcInvoker.call(ProtobufRpcEngine.java:524)
	at org.apache.hadoop.ipc.RPC$Server.call(RPC.java:1025)
	at org.apache.hadoop.ipc.Server$RpcCall.run(Server.java:876)
	at org.apache.hadoop.ipc.Server$RpcCall.run(Server.java:822)
	at java.security.AccessController.doPrivileged(Native Method)
	at javax.security.auth.Subject.doAs(Subject.java:422)
	at org.apache.hadoop.security.UserGroupInformation.doAs(UserGroupInformation.java:1730)
	at org.apache.hadoop.ipc.Server$Handler.run(Server.java:2682)
2019-09-26 13:37:15,185 [IPC Server handler 0 on 33372] WARN  block.BlockManagerImpl (BlockManagerImpl.java:allocateBlock(192)) - Pipeline creation failed for type:RATIS factor:THREE. Retrying get pipelines call once.
org.apache.hadoop.hdds.scm.exceptions.SCMException: Unable to find enough nodes that meet the criteria that cannot engage in more than 5 pipelines. Nodes required: 3 Found: 0, healthy nodes count inNodeManager: 5.
	at org.apache.hadoop.hdds.scm.pipeline.PipelinePlacementPolicy.filterViableNodes(PipelinePlacementPolicy.java:149)
	at org.apache.hadoop.hdds.scm.pipeline.PipelinePlacementPolicy.chooseDatanodes(PipelinePlacementPolicy.java:172)
	at org.apache.hadoop.hdds.scm.pipeline.RatisPipelineProvider.create(RatisPipelineProvider.java:93)
	at org.apache.hadoop.hdds.scm.pipeline.PipelineFactory.create(PipelineFactory.java:58)
	at org.apache.hadoop.hdds.scm.pipeline.SCMPipelineManager.createPipeline(SCMPipelineManager.java:155)
	at org.apache.hadoop.hdds.scm.block.BlockManagerImpl.allocateBlock(BlockManagerImpl.java:190)
	at org.apache.hadoop.hdds.scm.server.SCMBlockProtocolServer.allocateBlock(SCMBlockProtocolServer.java:182)
	at org.apache.hadoop.ozone.protocolPB.ScmBlockLocationProtocolServerSideTranslatorPB.allocateScmBlock(ScmBlockLocationProtocolServerSideTranslatorPB.java:183)
	at org.apache.hadoop.ozone.protocolPB.ScmBlockLocationProtocolServerSideTranslatorPB.processMessage(ScmBlockLocationProtocolServerSideTranslatorPB.java:141)
	at org.apache.hadoop.ozone.protocolPB.ScmBlockLocationProtocolServerSideTranslatorPB.send(ScmBlockLocationProtocolServerSideTranslatorPB.java:116)
	at org.apache.hadoop.hdds.protocol.proto.ScmBlockLocationProtocolProtos$ScmBlockLocationProtocolService$2.callBlockingMethod(ScmBlockLocationProtocolProtos.java:13157)
	at org.apache.hadoop.ipc.ProtobufRpcEngine$Server$ProtoBufRpcInvoker.call(ProtobufRpcEngine.java:524)
	at org.apache.hadoop.ipc.RPC$Server.call(RPC.java:1025)
	at org.apache.hadoop.ipc.Server$RpcCall.run(Server.java:876)
	at org.apache.hadoop.ipc.Server$RpcCall.run(Server.java:822)
	at java.security.AccessController.doPrivileged(Native Method)
	at javax.security.auth.Subject.doAs(Subject.java:422)
	at org.apache.hadoop.security.UserGroupInformation.doAs(UserGroupInformation.java:1730)
	at org.apache.hadoop.ipc.Server$Handler.run(Server.java:2682)
2019-09-26 13:37:15,185 [IPC Server handler 0 on 33372] INFO  block.BlockManagerImpl (BlockManagerImpl.java:allocateBlock(198)) - Could not find available pipeline of type:RATIS and factor:THREE even after retrying
2019-09-26 13:37:15,186 [IPC Server handler 0 on 33372] ERROR block.BlockManagerImpl (BlockManagerImpl.java:allocateBlock(222)) - Unable to allocate a block for the size: 4194304, type: RATIS, factor: THREE
2019-09-26 13:37:15,192 [pool-73-thread-3] ERROR freon.RandomKeyGenerator (RandomKeyGenerator.java:createKey(733)) - Exception while adding key: key-0-40492 in bucket: bucket-0-74723 of volume: vol-0-17365.
INTERNAL_ERROR org.apache.hadoop.ozone.om.exceptions.OMException: Allocated 0 blocks. Requested 5 blocks
	at org.apache.hadoop.ozone.om.protocolPB.OzoneManagerProtocolClientSideTranslatorPB.handleError(OzoneManagerProtocolClientSideTranslatorPB.java:732)
	at org.apache.hadoop.ozone.om.protocolPB.OzoneManagerProtocolClientSideTranslatorPB.openKey(OzoneManagerProtocolClientSideTranslatorPB.java:723)
	at sun.reflect.NativeMethodAccessorImpl.invoke0(Native Method)
	at sun.reflect.NativeMethodAccessorImpl.invoke(NativeMethodAccessorImpl.java:62)
	at sun.reflect.DelegatingMethodAccessorImpl.invoke(DelegatingMethodAccessorImpl.java:43)
	at java.lang.reflect.Method.invoke(Method.java:498)
	at org.apache.hadoop.hdds.tracing.TraceAllMethod.invoke(TraceAllMethod.java:66)
	at com.sun.proxy.$Proxy37.openKey(Unknown Source)
	at org.apache.hadoop.ozone.client.rpc.RpcClient.createKey(RpcClient.java:614)
	at org.apache.hadoop.ozone.client.OzoneBucket.createKey(OzoneBucket.java:325)
	at org.apache.hadoop.ozone.freon.RandomKeyGenerator.createKey(RandomKeyGenerator.java:695)
	at org.apache.hadoop.ozone.freon.RandomKeyGenerator.access$1100(RandomKeyGenerator.java:88)
	at org.apache.hadoop.ozone.freon.RandomKeyGenerator$ObjectCreator.run(RandomKeyGenerator.java:615)
	at java.util.concurrent.Executors$RunnableAdapter.call(Executors.java:511)
	at java.util.concurrent.FutureTask.run(FutureTask.java:266)
	at java.util.concurrent.ThreadPoolExecutor.runWorker(ThreadPoolExecutor.java:1149)
	at java.util.concurrent.ThreadPoolExecutor$Worker.run(ThreadPoolExecutor.java:624)
	at java.lang.Thread.run(Thread.java:748)
 0.00% |█                                                                                                    |  0/1 Time: 0:00:02 0.00% |█                                                                                                    |  0/1 Time: 0:00:03 0.00% |█                                                                                                    |  0/1 Time: 0:00:042019-09-26 13:37:17,604 [Thread-210] INFO  impl.FollowerState (FollowerState.java:run(106)) - fa623484-5385-4c02-af08-45448d3dc09d:group-65A35B145134 changes to CANDIDATE, lastRpcTime:5181, electionTimeout:5181ms
2019-09-26 13:37:17,608 [Thread-210] INFO  impl.RoleInfo (RoleInfo.java:shutdownFollowerState(121)) - fa623484-5385-4c02-af08-45448d3dc09d: shutdown FollowerState
2019-09-26 13:37:17,608 [Thread-210] INFO  impl.RaftServerImpl (RaftServerImpl.java:setRole(174)) - fa623484-5385-4c02-af08-45448d3dc09d@group-65A35B145134: changes role from  FOLLOWER to CANDIDATE at term 0 for changeToCandidate
2019-09-26 13:37:17,616 [Thread-210] INFO  impl.RoleInfo (RoleInfo.java:updateAndGet(143)) - fa623484-5385-4c02-af08-45448d3dc09d: start LeaderElection
2019-09-26 13:37:17,654 [fa623484-5385-4c02-af08-45448d3dc09d@group-65A35B145134:LeaderElection1] INFO  impl.LeaderElection (LeaderElection.java:askForVotes(182)) - fa623484-5385-4c02-af08-45448d3dc09d@group-65A35B145134:LeaderElection1: begin an election at term 1 for -1: [fa623484-5385-4c02-af08-45448d3dc09d:192.168.164.238:42639], old=null
2019-09-26 13:37:17,656 [fa623484-5385-4c02-af08-45448d3dc09d@group-65A35B145134:LeaderElection1] INFO  impl.RoleInfo (RoleInfo.java:shutdownLeaderElection(134)) - fa623484-5385-4c02-af08-45448d3dc09d: shutdown LeaderElection
2019-09-26 13:37:17,656 [fa623484-5385-4c02-af08-45448d3dc09d@group-65A35B145134:LeaderElection1] INFO  impl.RaftServerImpl (RaftServerImpl.java:setRole(174)) - fa623484-5385-4c02-af08-45448d3dc09d@group-65A35B145134: changes role from CANDIDATE to LEADER at term 1 for changeToLeader
2019-09-26 13:37:17,657 [fa623484-5385-4c02-af08-45448d3dc09d@group-65A35B145134:LeaderElection1] INFO  impl.RaftServerImpl (ServerState.java:setLeader(253)) - fa623484-5385-4c02-af08-45448d3dc09d@group-65A35B145134: change Leader from null to fa623484-5385-4c02-af08-45448d3dc09d at term 1 for becomeLeader, leader elected after 5357ms
2019-09-26 13:37:17,666 [fa623484-5385-4c02-af08-45448d3dc09d@group-65A35B145134:LeaderElection1] INFO  server.RaftServerConfigKeys (ConfUtils.java:logGet(43)) - raft.server.staging.catchup.gap = 1000 (default)
2019-09-26 13:37:17,666 [fa623484-5385-4c02-af08-45448d3dc09d@group-65A35B145134:LeaderElection1] INFO  server.RaftServerConfigKeys (ConfUtils.java:logGet(43)) - raft.server.rpc.sleep.time = 25ms (default)
2019-09-26 13:37:17,669 [fa623484-5385-4c02-af08-45448d3dc09d@group-65A35B145134:LeaderElection1] INFO  server.RaftServerConfigKeys (ConfUtils.java:logGet(43)) - raft.server.write.element-limit = 4096 (default)
2019-09-26 13:37:17,672 [fa623484-5385-4c02-af08-45448d3dc09d@group-65A35B145134:LeaderElection1] INFO  server.RaftServerConfigKeys (ConfUtils.java:logGet(43)) - raft.server.watch.timeout = 10s (default)
2019-09-26 13:37:17,673 [fa623484-5385-4c02-af08-45448d3dc09d@group-65A35B145134:LeaderElection1] INFO  server.RaftServerConfigKeys (ConfUtils.java:logGet(43)) - raft.server.watch.timeout.denomination = 1s (default)
2019-09-26 13:37:17,674 [fa623484-5385-4c02-af08-45448d3dc09d@group-65A35B145134:LeaderElection1] INFO  server.RaftServerConfigKeys (ConfUtils.java:logGet(43)) - raft.server.watch.element-limit = 65536 (default)
2019-09-26 13:37:17,686 [fa623484-5385-4c02-af08-45448d3dc09d@group-65A35B145134:LeaderElection1] INFO  impl.RoleInfo (RoleInfo.java:updateAndGet(143)) - fa623484-5385-4c02-af08-45448d3dc09d: start LeaderState
2019-09-26 13:37:17,713 [fa623484-5385-4c02-af08-45448d3dc09d@group-65A35B145134:LeaderElection1] INFO  segmented.SegmentedRaftLogWorker (SegmentedRaftLogWorker.java:startLogSegment(380)) - fa623484-5385-4c02-af08-45448d3dc09d@group-65A35B145134-SegmentedRaftLogWorker: Starting segment from index:0
2019-09-26 13:37:17,723 [fa623484-5385-4c02-af08-45448d3dc09d@group-65A35B145134:LeaderElection1] INFO  impl.RaftServerImpl (ServerState.java:setRaftConf(354)) - fa623484-5385-4c02-af08-45448d3dc09d@group-65A35B145134: set configuration 0: [fa623484-5385-4c02-af08-45448d3dc09d:192.168.164.238:42639], old=null at 0
2019-09-26 13:37:17,726 [Thread-213] INFO  impl.FollowerState (FollowerState.java:run(106)) - fa623484-5385-4c02-af08-45448d3dc09d:group-DB718172A0DA changes to CANDIDATE, lastRpcTime:5156, electionTimeout:5156ms
2019-09-26 13:37:17,732 [Thread-213] INFO  impl.RoleInfo (RoleInfo.java:shutdownFollowerState(121)) - fa623484-5385-4c02-af08-45448d3dc09d: shutdown FollowerState
2019-09-26 13:37:17,733 [Thread-213] INFO  impl.RaftServerImpl (RaftServerImpl.java:setRole(174)) - fa623484-5385-4c02-af08-45448d3dc09d@group-DB718172A0DA: changes role from  FOLLOWER to CANDIDATE at term 0 for changeToCandidate
2019-09-26 13:37:17,733 [Thread-213] INFO  impl.RoleInfo (RoleInfo.java:updateAndGet(143)) - fa623484-5385-4c02-af08-45448d3dc09d: start LeaderElection
2019-09-26 13:37:17,750 [fa623484-5385-4c02-af08-45448d3dc09d@group-DB718172A0DA:LeaderElection2] INFO  impl.LeaderElection (LeaderElection.java:askForVotes(182)) - fa623484-5385-4c02-af08-45448d3dc09d@group-DB718172A0DA:LeaderElection2: begin an election at term 1 for -1: [fa623484-5385-4c02-af08-45448d3dc09d:192.168.164.238:42639], old=null
2019-09-26 13:37:17,751 [fa623484-5385-4c02-af08-45448d3dc09d@group-DB718172A0DA:LeaderElection2] INFO  impl.RoleInfo (RoleInfo.java:shutdownLeaderElection(134)) - fa623484-5385-4c02-af08-45448d3dc09d: shutdown LeaderElection
2019-09-26 13:37:17,751 [fa623484-5385-4c02-af08-45448d3dc09d@group-DB718172A0DA:LeaderElection2] INFO  impl.RaftServerImpl (RaftServerImpl.java:setRole(174)) - fa623484-5385-4c02-af08-45448d3dc09d@group-DB718172A0DA: changes role from CANDIDATE to LEADER at term 1 for changeToLeader
2019-09-26 13:37:17,751 [fa623484-5385-4c02-af08-45448d3dc09d@group-DB718172A0DA:LeaderElection2] INFO  impl.RaftServerImpl (ServerState.java:setLeader(253)) - fa623484-5385-4c02-af08-45448d3dc09d@group-DB718172A0DA: change Leader from null to fa623484-5385-4c02-af08-45448d3dc09d at term 1 for becomeLeader, leader elected after 5191ms
2019-09-26 13:37:17,751 [fa623484-5385-4c02-af08-45448d3dc09d@group-DB718172A0DA:LeaderElection2] INFO  server.RaftServerConfigKeys (ConfUtils.java:logGet(43)) - raft.server.staging.catchup.gap = 1000 (default)
2019-09-26 13:37:17,751 [fa623484-5385-4c02-af08-45448d3dc09d@group-DB718172A0DA:LeaderElection2] INFO  server.RaftServerConfigKeys (ConfUtils.java:logGet(43)) - raft.server.rpc.sleep.time = 25ms (default)
2019-09-26 13:37:17,752 [fa623484-5385-4c02-af08-45448d3dc09d@group-DB718172A0DA:LeaderElection2] INFO  server.RaftServerConfigKeys (ConfUtils.java:logGet(43)) - raft.server.write.element-limit = 4096 (default)
2019-09-26 13:37:17,752 [fa623484-5385-4c02-af08-45448d3dc09d@group-DB718172A0DA:LeaderElection2] INFO  server.RaftServerConfigKeys (ConfUtils.java:logGet(43)) - raft.server.watch.timeout = 10s (default)
2019-09-26 13:37:17,752 [fa623484-5385-4c02-af08-45448d3dc09d@group-DB718172A0DA:LeaderElection2] INFO  server.RaftServerConfigKeys (ConfUtils.java:logGet(43)) - raft.server.watch.timeout.denomination = 1s (default)
2019-09-26 13:37:17,752 [fa623484-5385-4c02-af08-45448d3dc09d@group-DB718172A0DA:LeaderElection2] INFO  server.RaftServerConfigKeys (ConfUtils.java:logGet(43)) - raft.server.watch.element-limit = 65536 (default)
2019-09-26 13:37:17,755 [fa623484-5385-4c02-af08-45448d3dc09d@group-DB718172A0DA:LeaderElection2] INFO  impl.RoleInfo (RoleInfo.java:updateAndGet(143)) - fa623484-5385-4c02-af08-45448d3dc09d: start LeaderState
2019-09-26 13:37:17,755 [fa623484-5385-4c02-af08-45448d3dc09d@group-DB718172A0DA:LeaderElection2] INFO  segmented.SegmentedRaftLogWorker (SegmentedRaftLogWorker.java:startLogSegment(380)) - fa623484-5385-4c02-af08-45448d3dc09d@group-DB718172A0DA-SegmentedRaftLogWorker: Starting segment from index:0
2019-09-26 13:37:17,756 [fa623484-5385-4c02-af08-45448d3dc09d@group-DB718172A0DA:LeaderElection2] INFO  impl.RaftServerImpl (ServerState.java:setRaftConf(354)) - fa623484-5385-4c02-af08-45448d3dc09d@group-DB718172A0DA: set configuration 0: [fa623484-5385-4c02-af08-45448d3dc09d:192.168.164.238:42639], old=null at 0
2019-09-26 13:37:17,861 [Thread-216] INFO  impl.FollowerState (FollowerState.java:run(106)) - 9bae32d7-3aab-4e1e-ace1-c4157a7584ea:group-6B9C7CD425BB changes to CANDIDATE, lastRpcTime:5153, electionTimeout:5152ms
2019-09-26 13:37:17,864 [Thread-216] INFO  impl.RoleInfo (RoleInfo.java:shutdownFollowerState(121)) - 9bae32d7-3aab-4e1e-ace1-c4157a7584ea: shutdown FollowerState
2019-09-26 13:37:17,864 [Thread-216] INFO  impl.RaftServerImpl (RaftServerImpl.java:setRole(174)) - 9bae32d7-3aab-4e1e-ace1-c4157a7584ea@group-6B9C7CD425BB: changes role from  FOLLOWER to CANDIDATE at term 0 for changeToCandidate
2019-09-26 13:37:17,864 [Thread-216] INFO  impl.RoleInfo (RoleInfo.java:updateAndGet(143)) - 9bae32d7-3aab-4e1e-ace1-c4157a7584ea: start LeaderElection
2019-09-26 13:37:17,883 [9bae32d7-3aab-4e1e-ace1-c4157a7584ea@group-6B9C7CD425BB:LeaderElection3] INFO  impl.LeaderElection (LeaderElection.java:askForVotes(182)) - 9bae32d7-3aab-4e1e-ace1-c4157a7584ea@group-6B9C7CD425BB:LeaderElection3: begin an election at term 1 for -1: [9bae32d7-3aab-4e1e-ace1-c4157a7584ea:192.168.164.238:36744], old=null
2019-09-26 13:37:17,884 [9bae32d7-3aab-4e1e-ace1-c4157a7584ea@group-6B9C7CD425BB:LeaderElection3] INFO  impl.RoleInfo (RoleInfo.java:shutdownLeaderElection(134)) - 9bae32d7-3aab-4e1e-ace1-c4157a7584ea: shutdown LeaderElection
2019-09-26 13:37:17,884 [9bae32d7-3aab-4e1e-ace1-c4157a7584ea@group-6B9C7CD425BB:LeaderElection3] INFO  impl.RaftServerImpl (RaftServerImpl.java:setRole(174)) - 9bae32d7-3aab-4e1e-ace1-c4157a7584ea@group-6B9C7CD425BB: changes role from CANDIDATE to LEADER at term 1 for changeToLeader
2019-09-26 13:37:17,884 [9bae32d7-3aab-4e1e-ace1-c4157a7584ea@group-6B9C7CD425BB:LeaderElection3] INFO  impl.RaftServerImpl (ServerState.java:setLeader(253)) - 9bae32d7-3aab-4e1e-ace1-c4157a7584ea@group-6B9C7CD425BB: change Leader from null to 9bae32d7-3aab-4e1e-ace1-c4157a7584ea at term 1 for becomeLeader, leader elected after 5194ms
2019-09-26 13:37:17,886 [9bae32d7-3aab-4e1e-ace1-c4157a7584ea@group-6B9C7CD425BB:LeaderElection3] INFO  server.RaftServerConfigKeys (ConfUtils.java:logGet(43)) - raft.server.staging.catchup.gap = 1000 (default)
2019-09-26 13:37:17,886 [9bae32d7-3aab-4e1e-ace1-c4157a7584ea@group-6B9C7CD425BB:LeaderElection3] INFO  server.RaftServerConfigKeys (ConfUtils.java:logGet(43)) - raft.server.rpc.sleep.time = 25ms (default)
2019-09-26 13:37:17,886 [9bae32d7-3aab-4e1e-ace1-c4157a7584ea@group-6B9C7CD425BB:LeaderElection3] INFO  server.RaftServerConfigKeys (ConfUtils.java:logGet(43)) - raft.server.write.element-limit = 4096 (default)
2019-09-26 13:37:17,886 [9bae32d7-3aab-4e1e-ace1-c4157a7584ea@group-6B9C7CD425BB:LeaderElection3] INFO  server.RaftServerConfigKeys (ConfUtils.java:logGet(43)) - raft.server.watch.timeout = 10s (default)
2019-09-26 13:37:17,886 [9bae32d7-3aab-4e1e-ace1-c4157a7584ea@group-6B9C7CD425BB:LeaderElection3] INFO  server.RaftServerConfigKeys (ConfUtils.java:logGet(43)) - raft.server.watch.timeout.denomination = 1s (default)
2019-09-26 13:37:17,887 [9bae32d7-3aab-4e1e-ace1-c4157a7584ea@group-6B9C7CD425BB:LeaderElection3] INFO  server.RaftServerConfigKeys (ConfUtils.java:logGet(43)) - raft.server.watch.element-limit = 65536 (default)
2019-09-26 13:37:17,887 [Thread-219] INFO  impl.FollowerState (FollowerState.java:run(106)) - 37170b5e-38e8-41e6-8e7f-73d816854ae3:group-B71108065598 changes to CANDIDATE, lastRpcTime:5055, electionTimeout:5055ms
2019-09-26 13:37:17,887 [Thread-219] INFO  impl.RoleInfo (RoleInfo.java:shutdownFollowerState(121)) - 37170b5e-38e8-41e6-8e7f-73d816854ae3: shutdown FollowerState
2019-09-26 13:37:17,888 [Thread-219] INFO  impl.RaftServerImpl (RaftServerImpl.java:setRole(174)) - 37170b5e-38e8-41e6-8e7f-73d816854ae3@group-B71108065598: changes role from  FOLLOWER to CANDIDATE at term 0 for changeToCandidate
2019-09-26 13:37:17,888 [Thread-219] INFO  impl.RoleInfo (RoleInfo.java:updateAndGet(143)) - 37170b5e-38e8-41e6-8e7f-73d816854ae3: start LeaderElection
2019-09-26 13:37:17,931 [9bae32d7-3aab-4e1e-ace1-c4157a7584ea@group-6B9C7CD425BB:LeaderElection3] INFO  impl.RoleInfo (RoleInfo.java:updateAndGet(143)) - 9bae32d7-3aab-4e1e-ace1-c4157a7584ea: start LeaderState
2019-09-26 13:37:17,932 [9bae32d7-3aab-4e1e-ace1-c4157a7584ea@group-6B9C7CD425BB:LeaderElection3] INFO  segmented.SegmentedRaftLogWorker (SegmentedRaftLogWorker.java:startLogSegment(380)) - 9bae32d7-3aab-4e1e-ace1-c4157a7584ea@group-6B9C7CD425BB-SegmentedRaftLogWorker: Starting segment from index:0
2019-09-26 13:37:17,932 [9bae32d7-3aab-4e1e-ace1-c4157a7584ea@group-6B9C7CD425BB:LeaderElection3] INFO  impl.RaftServerImpl (ServerState.java:setRaftConf(354)) - 9bae32d7-3aab-4e1e-ace1-c4157a7584ea@group-6B9C7CD425BB: set configuration 0: [9bae32d7-3aab-4e1e-ace1-c4157a7584ea:192.168.164.238:36744], old=null at 0
2019-09-26 13:37:17,966 [fa623484-5385-4c02-af08-45448d3dc09d@group-65A35B145134-SegmentedRaftLogWorker] INFO  segmented.SegmentedRaftLogWorker (SegmentedRaftLogWorker.java:execute(569)) - fa623484-5385-4c02-af08-45448d3dc09d@group-65A35B145134-SegmentedRaftLogWorker: created new log segment /workdir/hadoop-ozone/tools/target/test-dir/MiniOzoneClusterImpl-3a20bb1b-dac2-4ca8-91d1-f72b8431aeb5/datanode-0/data/ratis/8423f9c5-5929-4a7a-a5c2-65a35b145134/current/log_inprogress_0
2019-09-26 13:37:17,966 [37170b5e-38e8-41e6-8e7f-73d816854ae3@group-B71108065598:LeaderElection4] INFO  impl.LeaderElection (LeaderElection.java:askForVotes(182)) - 37170b5e-38e8-41e6-8e7f-73d816854ae3@group-B71108065598:LeaderElection4: begin an election at term 1 for -1: [37170b5e-38e8-41e6-8e7f-73d816854ae3:192.168.164.238:39488], old=null
2019-09-26 13:37:17,969 [37170b5e-38e8-41e6-8e7f-73d816854ae3@group-B71108065598:LeaderElection4] INFO  impl.RoleInfo (RoleInfo.java:shutdownLeaderElection(134)) - 37170b5e-38e8-41e6-8e7f-73d816854ae3: shutdown LeaderElection
2019-09-26 13:37:17,969 [37170b5e-38e8-41e6-8e7f-73d816854ae3@group-B71108065598:LeaderElection4] INFO  impl.RaftServerImpl (RaftServerImpl.java:setRole(174)) - 37170b5e-38e8-41e6-8e7f-73d816854ae3@group-B71108065598: changes role from CANDIDATE to LEADER at term 1 for changeToLeader
2019-09-26 13:37:17,969 [37170b5e-38e8-41e6-8e7f-73d816854ae3@group-B71108065598:LeaderElection4] INFO  impl.RaftServerImpl (ServerState.java:setLeader(253)) - 37170b5e-38e8-41e6-8e7f-73d816854ae3@group-B71108065598: change Leader from null to 37170b5e-38e8-41e6-8e7f-73d816854ae3 at term 1 for becomeLeader, leader elected after 5183ms
2019-09-26 13:37:17,971 [37170b5e-38e8-41e6-8e7f-73d816854ae3@group-B71108065598:LeaderElection4] INFO  server.RaftServerConfigKeys (ConfUtils.java:logGet(43)) - raft.server.staging.catchup.gap = 1000 (default)
2019-09-26 13:37:17,971 [37170b5e-38e8-41e6-8e7f-73d816854ae3@group-B71108065598:LeaderElection4] INFO  server.RaftServerConfigKeys (ConfUtils.java:logGet(43)) - raft.server.rpc.sleep.time = 25ms (default)
2019-09-26 13:37:17,971 [37170b5e-38e8-41e6-8e7f-73d816854ae3@group-B71108065598:LeaderElection4] INFO  server.RaftServerConfigKeys (ConfUtils.java:logGet(43)) - raft.server.write.element-limit = 4096 (default)
2019-09-26 13:37:17,972 [37170b5e-38e8-41e6-8e7f-73d816854ae3@group-B71108065598:LeaderElection4] INFO  server.RaftServerConfigKeys (ConfUtils.java:logGet(43)) - raft.server.watch.timeout = 10s (default)
2019-09-26 13:37:17,972 [37170b5e-38e8-41e6-8e7f-73d816854ae3@group-B71108065598:LeaderElection4] INFO  server.RaftServerConfigKeys (ConfUtils.java:logGet(43)) - raft.server.watch.timeout.denomination = 1s (default)
2019-09-26 13:37:17,972 [37170b5e-38e8-41e6-8e7f-73d816854ae3@group-B71108065598:LeaderElection4] INFO  server.RaftServerConfigKeys (ConfUtils.java:logGet(43)) - raft.server.watch.element-limit = 65536 (default)
2019-09-26 13:37:17,976 [37170b5e-38e8-41e6-8e7f-73d816854ae3@group-B71108065598:LeaderElection4] INFO  impl.RoleInfo (RoleInfo.java:updateAndGet(143)) - 37170b5e-38e8-41e6-8e7f-73d816854ae3: start LeaderState
2019-09-26 13:37:17,976 [37170b5e-38e8-41e6-8e7f-73d816854ae3@group-B71108065598:LeaderElection4] INFO  segmented.SegmentedRaftLogWorker (SegmentedRaftLogWorker.java:startLogSegment(380)) - 37170b5e-38e8-41e6-8e7f-73d816854ae3@group-B71108065598-SegmentedRaftLogWorker: Starting segment from index:0
2019-09-26 13:37:17,977 [37170b5e-38e8-41e6-8e7f-73d816854ae3@group-B71108065598:LeaderElection4] INFO  impl.RaftServerImpl (ServerState.java:setRaftConf(354)) - 37170b5e-38e8-41e6-8e7f-73d816854ae3@group-B71108065598: set configuration 0: [37170b5e-38e8-41e6-8e7f-73d816854ae3:192.168.164.238:39488], old=null at 0
2019-09-26 13:37:17,979 [9bae32d7-3aab-4e1e-ace1-c4157a7584ea@group-6B9C7CD425BB-SegmentedRaftLogWorker] INFO  segmented.SegmentedRaftLogWorker (SegmentedRaftLogWorker.java:execute(569)) - 9bae32d7-3aab-4e1e-ace1-c4157a7584ea@group-6B9C7CD425BB-SegmentedRaftLogWorker: created new log segment /workdir/hadoop-ozone/tools/target/test-dir/MiniOzoneClusterImpl-3a20bb1b-dac2-4ca8-91d1-f72b8431aeb5/datanode-3/data/ratis/66ee6b42-86d6-4e19-80c1-6b9c7cd425bb/current/log_inprogress_0
2019-09-26 13:37:17,979 [fa623484-5385-4c02-af08-45448d3dc09d@group-DB718172A0DA-SegmentedRaftLogWorker] INFO  segmented.SegmentedRaftLogWorker (SegmentedRaftLogWorker.java:execute(569)) - fa623484-5385-4c02-af08-45448d3dc09d@group-DB718172A0DA-SegmentedRaftLogWorker: created new log segment /workdir/hadoop-ozone/tools/target/test-dir/MiniOzoneClusterImpl-3a20bb1b-dac2-4ca8-91d1-f72b8431aeb5/datanode-0/data/ratis/d497144a-172f-40cb-8de1-db718172a0da/current/log_inprogress_0
2019-09-26 13:37:18,021 [37170b5e-38e8-41e6-8e7f-73d816854ae3@group-B71108065598-SegmentedRaftLogWorker] INFO  segmented.SegmentedRaftLogWorker (SegmentedRaftLogWorker.java:execute(569)) - 37170b5e-38e8-41e6-8e7f-73d816854ae3@group-B71108065598-SegmentedRaftLogWorker: created new log segment /workdir/hadoop-ozone/tools/target/test-dir/MiniOzoneClusterImpl-3a20bb1b-dac2-4ca8-91d1-f72b8431aeb5/datanode-4/data/ratis/30cad78e-d82b-4803-9eea-b71108065598/current/log_inprogress_0
2019-09-26 13:37:18,105 [Thread-222] INFO  impl.FollowerState (FollowerState.java:run(106)) - 8e03446a-97fa-4aed-a68a-73437ef1131e:group-D2C8511E16DA changes to CANDIDATE, lastRpcTime:5195, electionTimeout:5195ms
2019-09-26 13:37:18,106 [Thread-222] INFO  impl.RoleInfo (RoleInfo.java:shutdownFollowerState(121)) - 8e03446a-97fa-4aed-a68a-73437ef1131e: shutdown FollowerState
2019-09-26 13:37:18,106 [Thread-222] INFO  impl.RaftServerImpl (RaftServerImpl.java:setRole(174)) - 8e03446a-97fa-4aed-a68a-73437ef1131e@group-D2C8511E16DA: changes role from  FOLLOWER to CANDIDATE at term 0 for changeToCandidate
2019-09-26 13:37:18,106 [Thread-222] INFO  impl.RoleInfo (RoleInfo.java:updateAndGet(143)) - 8e03446a-97fa-4aed-a68a-73437ef1131e: start LeaderElection
2019-09-26 13:37:18,124 [8e03446a-97fa-4aed-a68a-73437ef1131e@group-D2C8511E16DA:LeaderElection5] INFO  impl.LeaderElection (LeaderElection.java:askForVotes(182)) - 8e03446a-97fa-4aed-a68a-73437ef1131e@group-D2C8511E16DA:LeaderElection5: begin an election at term 1 for -1: [8e03446a-97fa-4aed-a68a-73437ef1131e:192.168.164.238:42766], old=null
2019-09-26 13:37:18,125 [8e03446a-97fa-4aed-a68a-73437ef1131e@group-D2C8511E16DA:LeaderElection5] INFO  impl.RoleInfo (RoleInfo.java:shutdownLeaderElection(134)) - 8e03446a-97fa-4aed-a68a-73437ef1131e: shutdown LeaderElection
2019-09-26 13:37:18,125 [8e03446a-97fa-4aed-a68a-73437ef1131e@group-D2C8511E16DA:LeaderElection5] INFO  impl.RaftServerImpl (RaftServerImpl.java:setRole(174)) - 8e03446a-97fa-4aed-a68a-73437ef1131e@group-D2C8511E16DA: changes role from CANDIDATE to LEADER at term 1 for changeToLeader
2019-09-26 13:37:18,125 [8e03446a-97fa-4aed-a68a-73437ef1131e@group-D2C8511E16DA:LeaderElection5] INFO  impl.RaftServerImpl (ServerState.java:setLeader(253)) - 8e03446a-97fa-4aed-a68a-73437ef1131e@group-D2C8511E16DA: change Leader from null to 8e03446a-97fa-4aed-a68a-73437ef1131e at term 1 for becomeLeader, leader elected after 5230ms
2019-09-26 13:37:18,127 [8e03446a-97fa-4aed-a68a-73437ef1131e@group-D2C8511E16DA:LeaderElection5] INFO  server.RaftServerConfigKeys (ConfUtils.java:logGet(43)) - raft.server.staging.catchup.gap = 1000 (default)
2019-09-26 13:37:18,127 [8e03446a-97fa-4aed-a68a-73437ef1131e@group-D2C8511E16DA:LeaderElection5] INFO  server.RaftServerConfigKeys (ConfUtils.java:logGet(43)) - raft.server.rpc.sleep.time = 25ms (default)
2019-09-26 13:37:18,127 [8e03446a-97fa-4aed-a68a-73437ef1131e@group-D2C8511E16DA:LeaderElection5] INFO  server.RaftServerConfigKeys (ConfUtils.java:logGet(43)) - raft.server.write.element-limit = 4096 (default)
2019-09-26 13:37:18,127 [8e03446a-97fa-4aed-a68a-73437ef1131e@group-D2C8511E16DA:LeaderElection5] INFO  server.RaftServerConfigKeys (ConfUtils.java:logGet(43)) - raft.server.watch.timeout = 10s (default)
2019-09-26 13:37:18,127 [8e03446a-97fa-4aed-a68a-73437ef1131e@group-D2C8511E16DA:LeaderElection5] INFO  server.RaftServerConfigKeys (ConfUtils.java:logGet(43)) - raft.server.watch.timeout.denomination = 1s (default)
2019-09-26 13:37:18,127 [8e03446a-97fa-4aed-a68a-73437ef1131e@group-D2C8511E16DA:LeaderElection5] INFO  server.RaftServerConfigKeys (ConfUtils.java:logGet(43)) - raft.server.watch.element-limit = 65536 (default)
2019-09-26 13:37:18,130 [8e03446a-97fa-4aed-a68a-73437ef1131e@group-D2C8511E16DA:LeaderElection5] INFO  impl.RoleInfo (RoleInfo.java:updateAndGet(143)) - 8e03446a-97fa-4aed-a68a-73437ef1131e: start LeaderState
2019-09-26 13:37:18,130 [8e03446a-97fa-4aed-a68a-73437ef1131e@group-D2C8511E16DA:LeaderElection5] INFO  segmented.SegmentedRaftLogWorker (SegmentedRaftLogWorker.java:startLogSegment(380)) - 8e03446a-97fa-4aed-a68a-73437ef1131e@group-D2C8511E16DA-SegmentedRaftLogWorker: Starting segment from index:0
2019-09-26 13:37:18,131 [8e03446a-97fa-4aed-a68a-73437ef1131e@group-D2C8511E16DA:LeaderElection5] INFO  impl.RaftServerImpl (ServerState.java:setRaftConf(354)) - 8e03446a-97fa-4aed-a68a-73437ef1131e@group-D2C8511E16DA: set configuration 0: [8e03446a-97fa-4aed-a68a-73437ef1131e:192.168.164.238:42766], old=null at 0
2019-09-26 13:37:18,162 [Thread-228] INFO  impl.FollowerState (FollowerState.java:run(106)) - 9bae32d7-3aab-4e1e-ace1-c4157a7584ea:group-86FC02878FC3 changes to CANDIDATE, lastRpcTime:5112, electionTimeout:5110ms
2019-09-26 13:37:18,162 [Thread-228] INFO  impl.RoleInfo (RoleInfo.java:shutdownFollowerState(121)) - 9bae32d7-3aab-4e1e-ace1-c4157a7584ea: shutdown FollowerState
2019-09-26 13:37:18,163 [Thread-228] INFO  impl.RaftServerImpl (RaftServerImpl.java:setRole(174)) - 9bae32d7-3aab-4e1e-ace1-c4157a7584ea@group-86FC02878FC3: changes role from  FOLLOWER to CANDIDATE at term 0 for changeToCandidate
2019-09-26 13:37:18,163 [Thread-228] INFO  impl.RoleInfo (RoleInfo.java:updateAndGet(143)) - 9bae32d7-3aab-4e1e-ace1-c4157a7584ea: start LeaderElection
2019-09-26 13:37:18,166 [Thread-225] INFO  impl.FollowerState (FollowerState.java:run(106)) - 9bae32d7-3aab-4e1e-ace1-c4157a7584ea:group-7D0F6EEF491C changes to CANDIDATE, lastRpcTime:5187, electionTimeout:5185ms
2019-09-26 13:37:18,167 [Thread-225] INFO  impl.RoleInfo (RoleInfo.java:shutdownFollowerState(121)) - 9bae32d7-3aab-4e1e-ace1-c4157a7584ea: shutdown FollowerState
2019-09-26 13:37:18,168 [Thread-225] INFO  impl.RaftServerImpl (RaftServerImpl.java:setRole(174)) - 9bae32d7-3aab-4e1e-ace1-c4157a7584ea@group-7D0F6EEF491C: changes role from  FOLLOWER to CANDIDATE at term 0 for changeToCandidate
2019-09-26 13:37:18,168 [Thread-225] INFO  impl.RoleInfo (RoleInfo.java:updateAndGet(143)) - 9bae32d7-3aab-4e1e-ace1-c4157a7584ea: start LeaderElection
2019-09-26 13:37:18,175 [8e03446a-97fa-4aed-a68a-73437ef1131e@group-D2C8511E16DA-SegmentedRaftLogWorker] INFO  segmented.SegmentedRaftLogWorker (SegmentedRaftLogWorker.java:execute(569)) - 8e03446a-97fa-4aed-a68a-73437ef1131e@group-D2C8511E16DA-SegmentedRaftLogWorker: created new log segment /workdir/hadoop-ozone/tools/target/test-dir/MiniOzoneClusterImpl-3a20bb1b-dac2-4ca8-91d1-f72b8431aeb5/datanode-2/data/ratis/f89f2a95-3c2a-4e45-a8de-d2c8511e16da/current/log_inprogress_0
2019-09-26 13:37:18,175 [9bae32d7-3aab-4e1e-ace1-c4157a7584ea@group-7D0F6EEF491C:LeaderElection7] INFO  impl.LeaderElection (LeaderElection.java:askForVotes(182)) - 9bae32d7-3aab-4e1e-ace1-c4157a7584ea@group-7D0F6EEF491C:LeaderElection7: begin an election at term 1 for -1: [9bae32d7-3aab-4e1e-ace1-c4157a7584ea:192.168.164.238:36744], old=null
2019-09-26 13:37:18,175 [9bae32d7-3aab-4e1e-ace1-c4157a7584ea@group-86FC02878FC3:LeaderElection6] INFO  impl.LeaderElection (LeaderElection.java:askForVotes(182)) - 9bae32d7-3aab-4e1e-ace1-c4157a7584ea@group-86FC02878FC3:LeaderElection6: begin an election at term 1 for -1: [9bae32d7-3aab-4e1e-ace1-c4157a7584ea:192.168.164.238:36744], old=null
2019-09-26 13:37:18,175 [9bae32d7-3aab-4e1e-ace1-c4157a7584ea@group-7D0F6EEF491C:LeaderElection7] INFO  impl.RoleInfo (RoleInfo.java:shutdownLeaderElection(134)) - 9bae32d7-3aab-4e1e-ace1-c4157a7584ea: shutdown LeaderElection
2019-09-26 13:37:18,176 [9bae32d7-3aab-4e1e-ace1-c4157a7584ea@group-86FC02878FC3:LeaderElection6] INFO  impl.RoleInfo (RoleInfo.java:shutdownLeaderElection(134)) - 9bae32d7-3aab-4e1e-ace1-c4157a7584ea: shutdown LeaderElection
2019-09-26 13:37:18,176 [9bae32d7-3aab-4e1e-ace1-c4157a7584ea@group-7D0F6EEF491C:LeaderElection7] INFO  impl.RaftServerImpl (RaftServerImpl.java:setRole(174)) - 9bae32d7-3aab-4e1e-ace1-c4157a7584ea@group-7D0F6EEF491C: changes role from CANDIDATE to LEADER at term 1 for changeToLeader
2019-09-26 13:37:18,176 [9bae32d7-3aab-4e1e-ace1-c4157a7584ea@group-86FC02878FC3:LeaderElection6] INFO  impl.RaftServerImpl (RaftServerImpl.java:setRole(174)) - 9bae32d7-3aab-4e1e-ace1-c4157a7584ea@group-86FC02878FC3: changes role from CANDIDATE to LEADER at term 1 for changeToLeader
2019-09-26 13:37:18,176 [9bae32d7-3aab-4e1e-ace1-c4157a7584ea@group-7D0F6EEF491C:LeaderElection7] INFO  impl.RaftServerImpl (ServerState.java:setLeader(253)) - 9bae32d7-3aab-4e1e-ace1-c4157a7584ea@group-7D0F6EEF491C: change Leader from null to 9bae32d7-3aab-4e1e-ace1-c4157a7584ea at term 1 for becomeLeader, leader elected after 5207ms
2019-09-26 13:37:18,176 [9bae32d7-3aab-4e1e-ace1-c4157a7584ea@group-86FC02878FC3:LeaderElection6] INFO  impl.RaftServerImpl (ServerState.java:setLeader(253)) - 9bae32d7-3aab-4e1e-ace1-c4157a7584ea@group-86FC02878FC3: change Leader from null to 9bae32d7-3aab-4e1e-ace1-c4157a7584ea at term 1 for becomeLeader, leader elected after 5135ms
2019-09-26 13:37:18,176 [9bae32d7-3aab-4e1e-ace1-c4157a7584ea@group-7D0F6EEF491C:LeaderElection7] INFO  server.RaftServerConfigKeys (ConfUtils.java:logGet(43)) - raft.server.staging.catchup.gap = 1000 (default)
2019-09-26 13:37:18,176 [9bae32d7-3aab-4e1e-ace1-c4157a7584ea@group-86FC02878FC3:LeaderElection6] INFO  server.RaftServerConfigKeys (ConfUtils.java:logGet(43)) - raft.server.staging.catchup.gap = 1000 (default)
2019-09-26 13:37:18,176 [9bae32d7-3aab-4e1e-ace1-c4157a7584ea@group-7D0F6EEF491C:LeaderElection7] INFO  server.RaftServerConfigKeys (ConfUtils.java:logGet(43)) - raft.server.rpc.sleep.time = 25ms (default)
2019-09-26 13:37:18,177 [9bae32d7-3aab-4e1e-ace1-c4157a7584ea@group-86FC02878FC3:LeaderElection6] INFO  server.RaftServerConfigKeys (ConfUtils.java:logGet(43)) - raft.server.rpc.sleep.time = 25ms (default)
2019-09-26 13:37:18,177 [9bae32d7-3aab-4e1e-ace1-c4157a7584ea@group-7D0F6EEF491C:LeaderElection7] INFO  server.RaftServerConfigKeys (ConfUtils.java:logGet(43)) - raft.server.write.element-limit = 4096 (default)
2019-09-26 13:37:18,177 [9bae32d7-3aab-4e1e-ace1-c4157a7584ea@group-86FC02878FC3:LeaderElection6] INFO  server.RaftServerConfigKeys (ConfUtils.java:logGet(43)) - raft.server.write.element-limit = 4096 (default)
2019-09-26 13:37:18,177 [9bae32d7-3aab-4e1e-ace1-c4157a7584ea@group-7D0F6EEF491C:LeaderElection7] INFO  server.RaftServerConfigKeys (ConfUtils.java:logGet(43)) - raft.server.watch.timeout = 10s (default)
2019-09-26 13:37:18,177 [9bae32d7-3aab-4e1e-ace1-c4157a7584ea@group-86FC02878FC3:LeaderElection6] INFO  server.RaftServerConfigKeys (ConfUtils.java:logGet(43)) - raft.server.watch.timeout = 10s (default)
2019-09-26 13:37:18,177 [9bae32d7-3aab-4e1e-ace1-c4157a7584ea@group-7D0F6EEF491C:LeaderElection7] INFO  server.RaftServerConfigKeys (ConfUtils.java:logGet(43)) - raft.server.watch.timeout.denomination = 1s (default)
2019-09-26 13:37:18,177 [9bae32d7-3aab-4e1e-ace1-c4157a7584ea@group-86FC02878FC3:LeaderElection6] INFO  server.RaftServerConfigKeys (ConfUtils.java:logGet(43)) - raft.server.watch.timeout.denomination = 1s (default)
2019-09-26 13:37:18,177 [9bae32d7-3aab-4e1e-ace1-c4157a7584ea@group-7D0F6EEF491C:LeaderElection7] INFO  server.RaftServerConfigKeys (ConfUtils.java:logGet(43)) - raft.server.watch.element-limit = 65536 (default)
2019-09-26 13:37:18,178 [9bae32d7-3aab-4e1e-ace1-c4157a7584ea@group-86FC02878FC3:LeaderElection6] INFO  server.RaftServerConfigKeys (ConfUtils.java:logGet(43)) - raft.server.watch.element-limit = 65536 (default)
2019-09-26 13:37:18,188 [9bae32d7-3aab-4e1e-ace1-c4157a7584ea@group-7D0F6EEF491C:LeaderElection7] INFO  impl.RoleInfo (RoleInfo.java:updateAndGet(143)) - 9bae32d7-3aab-4e1e-ace1-c4157a7584ea: start LeaderState
2019-09-26 13:37:18,188 [9bae32d7-3aab-4e1e-ace1-c4157a7584ea@group-7D0F6EEF491C:LeaderElection7] INFO  segmented.SegmentedRaftLogWorker (SegmentedRaftLogWorker.java:startLogSegment(380)) - 9bae32d7-3aab-4e1e-ace1-c4157a7584ea@group-7D0F6EEF491C-SegmentedRaftLogWorker: Starting segment from index:0
2019-09-26 13:37:18,189 [9bae32d7-3aab-4e1e-ace1-c4157a7584ea@group-86FC02878FC3:LeaderElection6] INFO  impl.RoleInfo (RoleInfo.java:updateAndGet(143)) - 9bae32d7-3aab-4e1e-ace1-c4157a7584ea: start LeaderState
2019-09-26 13:37:18,189 [9bae32d7-3aab-4e1e-ace1-c4157a7584ea@group-7D0F6EEF491C:LeaderElection7] INFO  impl.RaftServerImpl (ServerState.java:setRaftConf(354)) - 9bae32d7-3aab-4e1e-ace1-c4157a7584ea@group-7D0F6EEF491C: set configuration 0: [9bae32d7-3aab-4e1e-ace1-c4157a7584ea:192.168.164.238:36744], old=null at 0
2019-09-26 13:37:18,217 [Thread-235] INFO  impl.FollowerState (FollowerState.java:run(106)) - 37170b5e-38e8-41e6-8e7f-73d816854ae3:group-F4F407B30376 changes to CANDIDATE, lastRpcTime:5030, electionTimeout:5023ms
2019-09-26 13:37:18,217 [9bae32d7-3aab-4e1e-ace1-c4157a7584ea@group-86FC02878FC3:LeaderElection6] INFO  segmented.SegmentedRaftLogWorker (SegmentedRaftLogWorker.java:startLogSegment(380)) - 9bae32d7-3aab-4e1e-ace1-c4157a7584ea@group-86FC02878FC3-SegmentedRaftLogWorker: Starting segment from index:0
2019-09-26 13:37:18,217 [Thread-235] INFO  impl.RoleInfo (RoleInfo.java:shutdownFollowerState(121)) - 37170b5e-38e8-41e6-8e7f-73d816854ae3: shutdown FollowerState
2019-09-26 13:37:18,218 [Thread-235] INFO  impl.RaftServerImpl (RaftServerImpl.java:setRole(174)) - 37170b5e-38e8-41e6-8e7f-73d816854ae3@group-F4F407B30376: changes role from  FOLLOWER to CANDIDATE at term 0 for changeToCandidate
2019-09-26 13:37:18,218 [Thread-235] INFO  impl.RoleInfo (RoleInfo.java:updateAndGet(143)) - 37170b5e-38e8-41e6-8e7f-73d816854ae3: start LeaderElection
2019-09-26 13:37:18,218 [9bae32d7-3aab-4e1e-ace1-c4157a7584ea@group-86FC02878FC3:LeaderElection6] INFO  impl.RaftServerImpl (ServerState.java:setRaftConf(354)) - 9bae32d7-3aab-4e1e-ace1-c4157a7584ea@group-86FC02878FC3: set configuration 0: [9bae32d7-3aab-4e1e-ace1-c4157a7584ea:192.168.164.238:36744], old=null at 0
2019-09-26 13:37:18,247 [9bae32d7-3aab-4e1e-ace1-c4157a7584ea@group-7D0F6EEF491C-SegmentedRaftLogWorker] INFO  segmented.SegmentedRaftLogWorker (SegmentedRaftLogWorker.java:execute(569)) - 9bae32d7-3aab-4e1e-ace1-c4157a7584ea@group-7D0F6EEF491C-SegmentedRaftLogWorker: created new log segment /workdir/hadoop-ozone/tools/target/test-dir/MiniOzoneClusterImpl-3a20bb1b-dac2-4ca8-91d1-f72b8431aeb5/datanode-3/data/ratis/3e8c37c4-b012-4edf-aba9-7d0f6eef491c/current/log_inprogress_0
2019-09-26 13:37:18,263 [Thread-231] INFO  impl.FollowerState (FollowerState.java:run(106)) - 37170b5e-38e8-41e6-8e7f-73d816854ae3:group-BC023330109D changes to CANDIDATE, lastRpcTime:5142, electionTimeout:5142ms
2019-09-26 13:37:18,264 [Thread-231] INFO  impl.RoleInfo (RoleInfo.java:shutdownFollowerState(121)) - 37170b5e-38e8-41e6-8e7f-73d816854ae3: shutdown FollowerState
2019-09-26 13:37:18,264 [Thread-231] INFO  impl.RaftServerImpl (RaftServerImpl.java:setRole(174)) - 37170b5e-38e8-41e6-8e7f-73d816854ae3@group-BC023330109D: changes role from  FOLLOWER to CANDIDATE at term 0 for changeToCandidate
2019-09-26 13:37:18,264 [Thread-231] INFO  impl.RoleInfo (RoleInfo.java:updateAndGet(143)) - 37170b5e-38e8-41e6-8e7f-73d816854ae3: start LeaderElection
2019-09-26 13:37:18,288 [9bae32d7-3aab-4e1e-ace1-c4157a7584ea@group-86FC02878FC3-SegmentedRaftLogWorker] INFO  segmented.SegmentedRaftLogWorker (SegmentedRaftLogWorker.java:execute(569)) - 9bae32d7-3aab-4e1e-ace1-c4157a7584ea@group-86FC02878FC3-SegmentedRaftLogWorker: created new log segment /workdir/hadoop-ozone/tools/target/test-dir/MiniOzoneClusterImpl-3a20bb1b-dac2-4ca8-91d1-f72b8431aeb5/datanode-3/data/ratis/8d0130ef-8bd3-4cb7-a87b-86fc02878fc3/current/log_inprogress_0
2019-09-26 13:37:18,289 [37170b5e-38e8-41e6-8e7f-73d816854ae3@group-F4F407B30376:LeaderElection8] INFO  impl.LeaderElection (LeaderElection.java:askForVotes(182)) - 37170b5e-38e8-41e6-8e7f-73d816854ae3@group-F4F407B30376:LeaderElection8: begin an election at term 1 for -1: [37170b5e-38e8-41e6-8e7f-73d816854ae3:192.168.164.238:39488], old=null
2019-09-26 13:37:18,289 [37170b5e-38e8-41e6-8e7f-73d816854ae3@group-F4F407B30376:LeaderElection8] INFO  impl.RoleInfo (RoleInfo.java:shutdownLeaderElection(134)) - 37170b5e-38e8-41e6-8e7f-73d816854ae3: shutdown LeaderElection
2019-09-26 13:37:18,289 [37170b5e-38e8-41e6-8e7f-73d816854ae3@group-F4F407B30376:LeaderElection8] INFO  impl.RaftServerImpl (RaftServerImpl.java:setRole(174)) - 37170b5e-38e8-41e6-8e7f-73d816854ae3@group-F4F407B30376: changes role from CANDIDATE to LEADER at term 1 for changeToLeader
2019-09-26 13:37:18,289 [37170b5e-38e8-41e6-8e7f-73d816854ae3@group-F4F407B30376:LeaderElection8] INFO  impl.RaftServerImpl (ServerState.java:setLeader(253)) - 37170b5e-38e8-41e6-8e7f-73d816854ae3@group-F4F407B30376: change Leader from null to 37170b5e-38e8-41e6-8e7f-73d816854ae3 at term 1 for becomeLeader, leader elected after 5110ms
2019-09-26 13:37:18,289 [37170b5e-38e8-41e6-8e7f-73d816854ae3@group-F4F407B30376:LeaderElection8] INFO  server.RaftServerConfigKeys (ConfUtils.java:logGet(43)) - raft.server.staging.catchup.gap = 1000 (default)
2019-09-26 13:37:18,290 [37170b5e-38e8-41e6-8e7f-73d816854ae3@group-F4F407B30376:LeaderElection8] INFO  server.RaftServerConfigKeys (ConfUtils.java:logGet(43)) - raft.server.rpc.sleep.time = 25ms (default)
2019-09-26 13:37:18,290 [37170b5e-38e8-41e6-8e7f-73d816854ae3@group-BC023330109D:LeaderElection9] INFO  impl.LeaderElection (LeaderElection.java:askForVotes(182)) - 37170b5e-38e8-41e6-8e7f-73d816854ae3@group-BC023330109D:LeaderElection9: begin an election at term 1 for -1: [37170b5e-38e8-41e6-8e7f-73d816854ae3:192.168.164.238:39488], old=null
2019-09-26 13:37:18,290 [37170b5e-38e8-41e6-8e7f-73d816854ae3@group-F4F407B30376:LeaderElection8] INFO  server.RaftServerConfigKeys (ConfUtils.java:logGet(43)) - raft.server.write.element-limit = 4096 (default)
2019-09-26 13:37:18,290 [37170b5e-38e8-41e6-8e7f-73d816854ae3@group-BC023330109D:LeaderElection9] INFO  impl.RoleInfo (RoleInfo.java:shutdownLeaderElection(134)) - 37170b5e-38e8-41e6-8e7f-73d816854ae3: shutdown LeaderElection
2019-09-26 13:37:18,290 [37170b5e-38e8-41e6-8e7f-73d816854ae3@group-F4F407B30376:LeaderElection8] INFO  server.RaftServerConfigKeys (ConfUtils.java:logGet(43)) - raft.server.watch.timeout = 10s (default)
2019-09-26 13:37:18,290 [37170b5e-38e8-41e6-8e7f-73d816854ae3@group-BC023330109D:LeaderElection9] INFO  impl.RaftServerImpl (RaftServerImpl.java:setRole(174)) - 37170b5e-38e8-41e6-8e7f-73d816854ae3@group-BC023330109D: changes role from CANDIDATE to LEADER at term 1 for changeToLeader
2019-09-26 13:37:18,290 [37170b5e-38e8-41e6-8e7f-73d816854ae3@group-F4F407B30376:LeaderElection8] INFO  server.RaftServerConfigKeys (ConfUtils.java:logGet(43)) - raft.server.watch.timeout.denomination = 1s (default)
2019-09-26 13:37:18,290 [37170b5e-38e8-41e6-8e7f-73d816854ae3@group-BC023330109D:LeaderElection9] INFO  impl.RaftServerImpl (ServerState.java:setLeader(253)) - 37170b5e-38e8-41e6-8e7f-73d816854ae3@group-BC023330109D: change Leader from null to 37170b5e-38e8-41e6-8e7f-73d816854ae3 at term 1 for becomeLeader, leader elected after 5177ms
2019-09-26 13:37:18,290 [37170b5e-38e8-41e6-8e7f-73d816854ae3@group-F4F407B30376:LeaderElection8] INFO  server.RaftServerConfigKeys (ConfUtils.java:logGet(43)) - raft.server.watch.element-limit = 65536 (default)
2019-09-26 13:37:18,290 [37170b5e-38e8-41e6-8e7f-73d816854ae3@group-BC023330109D:LeaderElection9] INFO  server.RaftServerConfigKeys (ConfUtils.java:logGet(43)) - raft.server.staging.catchup.gap = 1000 (default)
2019-09-26 13:37:18,290 [37170b5e-38e8-41e6-8e7f-73d816854ae3@group-BC023330109D:LeaderElection9] INFO  server.RaftServerConfigKeys (ConfUtils.java:logGet(43)) - raft.server.rpc.sleep.time = 25ms (default)
2019-09-26 13:37:18,291 [37170b5e-38e8-41e6-8e7f-73d816854ae3@group-BC023330109D:LeaderElection9] INFO  server.RaftServerConfigKeys (ConfUtils.java:logGet(43)) - raft.server.write.element-limit = 4096 (default)
2019-09-26 13:37:18,291 [37170b5e-38e8-41e6-8e7f-73d816854ae3@group-BC023330109D:LeaderElection9] INFO  server.RaftServerConfigKeys (ConfUtils.java:logGet(43)) - raft.server.watch.timeout = 10s (default)
2019-09-26 13:37:18,291 [37170b5e-38e8-41e6-8e7f-73d816854ae3@group-BC023330109D:LeaderElection9] INFO  server.RaftServerConfigKeys (ConfUtils.java:logGet(43)) - raft.server.watch.timeout.denomination = 1s (default)
2019-09-26 13:37:18,291 [37170b5e-38e8-41e6-8e7f-73d816854ae3@group-BC023330109D:LeaderElection9] INFO  server.RaftServerConfigKeys (ConfUtils.java:logGet(43)) - raft.server.watch.element-limit = 65536 (default)
2019-09-26 13:37:18,292 [37170b5e-38e8-41e6-8e7f-73d816854ae3@group-F4F407B30376:LeaderElection8] INFO  impl.RoleInfo (RoleInfo.java:updateAndGet(143)) - 37170b5e-38e8-41e6-8e7f-73d816854ae3: start LeaderState
2019-09-26 13:37:18,293 [37170b5e-38e8-41e6-8e7f-73d816854ae3@group-F4F407B30376:LeaderElection8] INFO  segmented.SegmentedRaftLogWorker (SegmentedRaftLogWorker.java:startLogSegment(380)) - 37170b5e-38e8-41e6-8e7f-73d816854ae3@group-F4F407B30376-SegmentedRaftLogWorker: Starting segment from index:0
2019-09-26 13:37:18,293 [37170b5e-38e8-41e6-8e7f-73d816854ae3@group-BC023330109D:LeaderElection9] INFO  impl.RoleInfo (RoleInfo.java:updateAndGet(143)) - 37170b5e-38e8-41e6-8e7f-73d816854ae3: start LeaderState
2019-09-26 13:37:18,293 [37170b5e-38e8-41e6-8e7f-73d816854ae3@group-BC023330109D:LeaderElection9] INFO  segmented.SegmentedRaftLogWorker (SegmentedRaftLogWorker.java:startLogSegment(380)) - 37170b5e-38e8-41e6-8e7f-73d816854ae3@group-BC023330109D-SegmentedRaftLogWorker: Starting segment from index:0
2019-09-26 13:37:18,293 [37170b5e-38e8-41e6-8e7f-73d816854ae3@group-F4F407B30376:LeaderElection8] INFO  impl.RaftServerImpl (ServerState.java:setRaftConf(354)) - 37170b5e-38e8-41e6-8e7f-73d816854ae3@group-F4F407B30376: set configuration 0: [37170b5e-38e8-41e6-8e7f-73d816854ae3:192.168.164.238:39488], old=null at 0
2019-09-26 13:37:18,320 [37170b5e-38e8-41e6-8e7f-73d816854ae3@group-BC023330109D:LeaderElection9] INFO  impl.RaftServerImpl (ServerState.java:setRaftConf(354)) - 37170b5e-38e8-41e6-8e7f-73d816854ae3@group-BC023330109D: set configuration 0: [37170b5e-38e8-41e6-8e7f-73d816854ae3:192.168.164.238:39488], old=null at 0
2019-09-26 13:37:18,348 [37170b5e-38e8-41e6-8e7f-73d816854ae3@group-F4F407B30376-SegmentedRaftLogWorker] INFO  segmented.SegmentedRaftLogWorker (SegmentedRaftLogWorker.java:execute(569)) - 37170b5e-38e8-41e6-8e7f-73d816854ae3@group-F4F407B30376-SegmentedRaftLogWorker: created new log segment /workdir/hadoop-ozone/tools/target/test-dir/MiniOzoneClusterImpl-3a20bb1b-dac2-4ca8-91d1-f72b8431aeb5/datanode-4/data/ratis/90b5ddd9-8bde-4875-abe1-f4f407b30376/current/log_inprogress_0
2019-09-26 13:37:18,358 [37170b5e-38e8-41e6-8e7f-73d816854ae3@group-BC023330109D-SegmentedRaftLogWorker] INFO  segmented.SegmentedRaftLogWorker (SegmentedRaftLogWorker.java:execute(569)) - 37170b5e-38e8-41e6-8e7f-73d816854ae3@group-BC023330109D-SegmentedRaftLogWorker: created new log segment /workdir/hadoop-ozone/tools/target/test-dir/MiniOzoneClusterImpl-3a20bb1b-dac2-4ca8-91d1-f72b8431aeb5/datanode-4/data/ratis/74bfbdd1-3b54-4faf-8be3-bc023330109d/current/log_inprogress_0
2019-09-26 13:37:18,408 [Thread-238] INFO  impl.FollowerState (FollowerState.java:run(106)) - 9bae32d7-3aab-4e1e-ace1-c4157a7584ea:group-0ACE94E293BE changes to CANDIDATE, lastRpcTime:5132, electionTimeout:5132ms
2019-09-26 13:37:18,408 [Thread-238] INFO  impl.RoleInfo (RoleInfo.java:shutdownFollowerState(121)) - 9bae32d7-3aab-4e1e-ace1-c4157a7584ea: shutdown FollowerState
2019-09-26 13:37:18,408 [Thread-238] INFO  impl.RaftServerImpl (RaftServerImpl.java:setRole(174)) - 9bae32d7-3aab-4e1e-ace1-c4157a7584ea@group-0ACE94E293BE: changes role from  FOLLOWER to CANDIDATE at term 0 for changeToCandidate
2019-09-26 13:37:18,409 [Thread-238] INFO  impl.RoleInfo (RoleInfo.java:updateAndGet(143)) - 9bae32d7-3aab-4e1e-ace1-c4157a7584ea: start LeaderElection
2019-09-26 13:37:18,426 [9bae32d7-3aab-4e1e-ace1-c4157a7584ea@group-0ACE94E293BE:LeaderElection10] INFO  impl.LeaderElection (LeaderElection.java:askForVotes(182)) - 9bae32d7-3aab-4e1e-ace1-c4157a7584ea@group-0ACE94E293BE:LeaderElection10: begin an election at term 1 for -1: [9bae32d7-3aab-4e1e-ace1-c4157a7584ea:192.168.164.238:36744], old=null
2019-09-26 13:37:18,426 [9bae32d7-3aab-4e1e-ace1-c4157a7584ea@group-0ACE94E293BE:LeaderElection10] INFO  impl.RoleInfo (RoleInfo.java:shutdownLeaderElection(134)) - 9bae32d7-3aab-4e1e-ace1-c4157a7584ea: shutdown LeaderElection
2019-09-26 13:37:18,426 [9bae32d7-3aab-4e1e-ace1-c4157a7584ea@group-0ACE94E293BE:LeaderElection10] INFO  impl.RaftServerImpl (RaftServerImpl.java:setRole(174)) - 9bae32d7-3aab-4e1e-ace1-c4157a7584ea@group-0ACE94E293BE: changes role from CANDIDATE to LEADER at term 1 for changeToLeader
2019-09-26 13:37:18,427 [9bae32d7-3aab-4e1e-ace1-c4157a7584ea@group-0ACE94E293BE:LeaderElection10] INFO  impl.RaftServerImpl (ServerState.java:setLeader(253)) - 9bae32d7-3aab-4e1e-ace1-c4157a7584ea@group-0ACE94E293BE: change Leader from null to 9bae32d7-3aab-4e1e-ace1-c4157a7584ea at term 1 for becomeLeader, leader elected after 5160ms
2019-09-26 13:37:18,427 [9bae32d7-3aab-4e1e-ace1-c4157a7584ea@group-0ACE94E293BE:LeaderElection10] INFO  server.RaftServerConfigKeys (ConfUtils.java:logGet(43)) - raft.server.staging.catchup.gap = 1000 (default)
2019-09-26 13:37:18,427 [9bae32d7-3aab-4e1e-ace1-c4157a7584ea@group-0ACE94E293BE:LeaderElection10] INFO  server.RaftServerConfigKeys (ConfUtils.java:logGet(43)) - raft.server.rpc.sleep.time = 25ms (default)
2019-09-26 13:37:18,427 [9bae32d7-3aab-4e1e-ace1-c4157a7584ea@group-0ACE94E293BE:LeaderElection10] INFO  server.RaftServerConfigKeys (ConfUtils.java:logGet(43)) - raft.server.write.element-limit = 4096 (default)
2019-09-26 13:37:18,427 [9bae32d7-3aab-4e1e-ace1-c4157a7584ea@group-0ACE94E293BE:LeaderElection10] INFO  server.RaftServerConfigKeys (ConfUtils.java:logGet(43)) - raft.server.watch.timeout = 10s (default)
2019-09-26 13:37:18,427 [9bae32d7-3aab-4e1e-ace1-c4157a7584ea@group-0ACE94E293BE:LeaderElection10] INFO  server.RaftServerConfigKeys (ConfUtils.java:logGet(43)) - raft.server.watch.timeout.denomination = 1s (default)
2019-09-26 13:37:18,427 [9bae32d7-3aab-4e1e-ace1-c4157a7584ea@group-0ACE94E293BE:LeaderElection10] INFO  server.RaftServerConfigKeys (ConfUtils.java:logGet(43)) - raft.server.watch.element-limit = 65536 (default)
2019-09-26 13:37:18,430 [9bae32d7-3aab-4e1e-ace1-c4157a7584ea@group-0ACE94E293BE:LeaderElection10] INFO  impl.RoleInfo (RoleInfo.java:updateAndGet(143)) - 9bae32d7-3aab-4e1e-ace1-c4157a7584ea: start LeaderState
2019-09-26 13:37:18,431 [9bae32d7-3aab-4e1e-ace1-c4157a7584ea@group-0ACE94E293BE:LeaderElection10] INFO  segmented.SegmentedRaftLogWorker (SegmentedRaftLogWorker.java:startLogSegment(380)) - 9bae32d7-3aab-4e1e-ace1-c4157a7584ea@group-0ACE94E293BE-SegmentedRaftLogWorker: Starting segment from index:0
2019-09-26 13:37:18,431 [9bae32d7-3aab-4e1e-ace1-c4157a7584ea@group-0ACE94E293BE:LeaderElection10] INFO  impl.RaftServerImpl (ServerState.java:setRaftConf(354)) - 9bae32d7-3aab-4e1e-ace1-c4157a7584ea@group-0ACE94E293BE: set configuration 0: [9bae32d7-3aab-4e1e-ace1-c4157a7584ea:192.168.164.238:36744], old=null at 0
2019-09-26 13:37:18,464 [Thread-245] INFO  impl.FollowerState (FollowerState.java:run(106)) - 37170b5e-38e8-41e6-8e7f-73d816854ae3:group-C81C3B579ADA changes to CANDIDATE, lastRpcTime:5059, electionTimeout:5041ms
2019-09-26 13:37:18,465 [Thread-245] INFO  impl.RoleInfo (RoleInfo.java:shutdownFollowerState(121)) - 37170b5e-38e8-41e6-8e7f-73d816854ae3: shutdown FollowerState
2019-09-26 13:37:18,465 [Thread-245] INFO  impl.RaftServerImpl (RaftServerImpl.java:setRole(174)) - 37170b5e-38e8-41e6-8e7f-73d816854ae3@group-C81C3B579ADA: changes role from  FOLLOWER to CANDIDATE at term 0 for changeToCandidate
2019-09-26 13:37:18,465 [Thread-245] INFO  impl.RoleInfo (RoleInfo.java:updateAndGet(143)) - 37170b5e-38e8-41e6-8e7f-73d816854ae3: start LeaderElection
2019-09-26 13:37:18,480 [9bae32d7-3aab-4e1e-ace1-c4157a7584ea@group-0ACE94E293BE-SegmentedRaftLogWorker] INFO  segmented.SegmentedRaftLogWorker (SegmentedRaftLogWorker.java:execute(569)) - 9bae32d7-3aab-4e1e-ace1-c4157a7584ea@group-0ACE94E293BE-SegmentedRaftLogWorker: created new log segment /workdir/hadoop-ozone/tools/target/test-dir/MiniOzoneClusterImpl-3a20bb1b-dac2-4ca8-91d1-f72b8431aeb5/datanode-3/data/ratis/4a4e43dc-fa68-43cf-b84d-0ace94e293be/current/log_inprogress_0
2019-09-26 13:37:18,480 [37170b5e-38e8-41e6-8e7f-73d816854ae3@group-C81C3B579ADA:LeaderElection11] INFO  impl.LeaderElection (LeaderElection.java:askForVotes(182)) - 37170b5e-38e8-41e6-8e7f-73d816854ae3@group-C81C3B579ADA:LeaderElection11: begin an election at term 1 for -1: [37170b5e-38e8-41e6-8e7f-73d816854ae3:192.168.164.238:39488], old=null
2019-09-26 13:37:18,480 [37170b5e-38e8-41e6-8e7f-73d816854ae3@group-C81C3B579ADA:LeaderElection11] INFO  impl.RoleInfo (RoleInfo.java:shutdownLeaderElection(134)) - 37170b5e-38e8-41e6-8e7f-73d816854ae3: shutdown LeaderElection
2019-09-26 13:37:18,480 [37170b5e-38e8-41e6-8e7f-73d816854ae3@group-C81C3B579ADA:LeaderElection11] INFO  impl.RaftServerImpl (RaftServerImpl.java:setRole(174)) - 37170b5e-38e8-41e6-8e7f-73d816854ae3@group-C81C3B579ADA: changes role from CANDIDATE to LEADER at term 1 for changeToLeader
2019-09-26 13:37:18,480 [37170b5e-38e8-41e6-8e7f-73d816854ae3@group-C81C3B579ADA:LeaderElection11] INFO  impl.RaftServerImpl (ServerState.java:setLeader(253)) - 37170b5e-38e8-41e6-8e7f-73d816854ae3@group-C81C3B579ADA: change Leader from null to 37170b5e-38e8-41e6-8e7f-73d816854ae3 at term 1 for becomeLeader, leader elected after 5094ms
2019-09-26 13:37:18,480 [37170b5e-38e8-41e6-8e7f-73d816854ae3@group-C81C3B579ADA:LeaderElection11] INFO  server.RaftServerConfigKeys (ConfUtils.java:logGet(43)) - raft.server.staging.catchup.gap = 1000 (default)
2019-09-26 13:37:18,480 [37170b5e-38e8-41e6-8e7f-73d816854ae3@group-C81C3B579ADA:LeaderElection11] INFO  server.RaftServerConfigKeys (ConfUtils.java:logGet(43)) - raft.server.rpc.sleep.time = 25ms (default)
2019-09-26 13:37:18,481 [37170b5e-38e8-41e6-8e7f-73d816854ae3@group-C81C3B579ADA:LeaderElection11] INFO  server.RaftServerConfigKeys (ConfUtils.java:logGet(43)) - raft.server.write.element-limit = 4096 (default)
2019-09-26 13:37:18,481 [37170b5e-38e8-41e6-8e7f-73d816854ae3@group-C81C3B579ADA:LeaderElection11] INFO  server.RaftServerConfigKeys (ConfUtils.java:logGet(43)) - raft.server.watch.timeout = 10s (default)
2019-09-26 13:37:18,481 [37170b5e-38e8-41e6-8e7f-73d816854ae3@group-C81C3B579ADA:LeaderElection11] INFO  server.RaftServerConfigKeys (ConfUtils.java:logGet(43)) - raft.server.watch.timeout.denomination = 1s (default)
2019-09-26 13:37:18,481 [37170b5e-38e8-41e6-8e7f-73d816854ae3@group-C81C3B579ADA:LeaderElection11] INFO  server.RaftServerConfigKeys (ConfUtils.java:logGet(43)) - raft.server.watch.element-limit = 65536 (default)
2019-09-26 13:37:18,483 [37170b5e-38e8-41e6-8e7f-73d816854ae3@group-C81C3B579ADA:LeaderElection11] INFO  impl.RoleInfo (RoleInfo.java:updateAndGet(143)) - 37170b5e-38e8-41e6-8e7f-73d816854ae3: start LeaderState
2019-09-26 13:37:18,483 [37170b5e-38e8-41e6-8e7f-73d816854ae3@group-C81C3B579ADA:LeaderElection11] INFO  segmented.SegmentedRaftLogWorker (SegmentedRaftLogWorker.java:startLogSegment(380)) - 37170b5e-38e8-41e6-8e7f-73d816854ae3@group-C81C3B579ADA-SegmentedRaftLogWorker: Starting segment from index:0
2019-09-26 13:37:18,483 [Thread-241] INFO  impl.FollowerState (FollowerState.java:run(106)) - 9bae32d7-3aab-4e1e-ace1-c4157a7584ea:group-F16E0DC42E35 changes to CANDIDATE, lastRpcTime:5140, electionTimeout:5140ms
2019-09-26 13:37:18,484 [Thread-241] INFO  impl.RoleInfo (RoleInfo.java:shutdownFollowerState(121)) - 9bae32d7-3aab-4e1e-ace1-c4157a7584ea: shutdown FollowerState
2019-09-26 13:37:18,484 [Thread-241] INFO  impl.RaftServerImpl (RaftServerImpl.java:setRole(174)) - 9bae32d7-3aab-4e1e-ace1-c4157a7584ea@group-F16E0DC42E35: changes role from  FOLLOWER to CANDIDATE at term 0 for changeToCandidate
2019-09-26 13:37:18,484 [37170b5e-38e8-41e6-8e7f-73d816854ae3@group-C81C3B579ADA:LeaderElection11] INFO  impl.RaftServerImpl (ServerState.java:setRaftConf(354)) - 37170b5e-38e8-41e6-8e7f-73d816854ae3@group-C81C3B579ADA: set configuration 0: [37170b5e-38e8-41e6-8e7f-73d816854ae3:192.168.164.238:39488], old=null at 0
2019-09-26 13:37:18,484 [Thread-241] INFO  impl.RoleInfo (RoleInfo.java:updateAndGet(143)) - 9bae32d7-3aab-4e1e-ace1-c4157a7584ea: start LeaderElection
 0.00% |█                                                                                                    |  0/1 Time: 0:00:052019-09-26 13:37:18,529 [37170b5e-38e8-41e6-8e7f-73d816854ae3@group-C81C3B579ADA-SegmentedRaftLogWorker] INFO  segmented.SegmentedRaftLogWorker (SegmentedRaftLogWorker.java:execute(569)) - 37170b5e-38e8-41e6-8e7f-73d816854ae3@group-C81C3B579ADA-SegmentedRaftLogWorker: created new log segment /workdir/hadoop-ozone/tools/target/test-dir/MiniOzoneClusterImpl-3a20bb1b-dac2-4ca8-91d1-f72b8431aeb5/datanode-4/data/ratis/8cdd751b-29a8-495d-be5a-c81c3b579ada/current/log_inprogress_0
2019-09-26 13:37:18,529 [9bae32d7-3aab-4e1e-ace1-c4157a7584ea@group-F16E0DC42E35:LeaderElection12] INFO  impl.LeaderElection (LeaderElection.java:askForVotes(182)) - 9bae32d7-3aab-4e1e-ace1-c4157a7584ea@group-F16E0DC42E35:LeaderElection12: begin an election at term 1 for -1: [9bae32d7-3aab-4e1e-ace1-c4157a7584ea:192.168.164.238:36744], old=null
2019-09-26 13:37:18,530 [9bae32d7-3aab-4e1e-ace1-c4157a7584ea@group-F16E0DC42E35:LeaderElection12] INFO  impl.RoleInfo (RoleInfo.java:shutdownLeaderElection(134)) - 9bae32d7-3aab-4e1e-ace1-c4157a7584ea: shutdown LeaderElection
2019-09-26 13:37:18,530 [9bae32d7-3aab-4e1e-ace1-c4157a7584ea@group-F16E0DC42E35:LeaderElection12] INFO  impl.RaftServerImpl (RaftServerImpl.java:setRole(174)) - 9bae32d7-3aab-4e1e-ace1-c4157a7584ea@group-F16E0DC42E35: changes role from CANDIDATE to LEADER at term 1 for changeToLeader
2019-09-26 13:37:18,530 [9bae32d7-3aab-4e1e-ace1-c4157a7584ea@group-F16E0DC42E35:LeaderElection12] INFO  impl.RaftServerImpl (ServerState.java:setLeader(253)) - 9bae32d7-3aab-4e1e-ace1-c4157a7584ea@group-F16E0DC42E35: change Leader from null to 9bae32d7-3aab-4e1e-ace1-c4157a7584ea at term 1 for becomeLeader, leader elected after 5204ms
2019-09-26 13:37:18,530 [9bae32d7-3aab-4e1e-ace1-c4157a7584ea@group-F16E0DC42E35:LeaderElection12] INFO  server.RaftServerConfigKeys (ConfUtils.java:logGet(43)) - raft.server.staging.catchup.gap = 1000 (default)
2019-09-26 13:37:18,530 [9bae32d7-3aab-4e1e-ace1-c4157a7584ea@group-F16E0DC42E35:LeaderElection12] INFO  server.RaftServerConfigKeys (ConfUtils.java:logGet(43)) - raft.server.rpc.sleep.time = 25ms (default)
2019-09-26 13:37:18,531 [9bae32d7-3aab-4e1e-ace1-c4157a7584ea@group-F16E0DC42E35:LeaderElection12] INFO  server.RaftServerConfigKeys (ConfUtils.java:logGet(43)) - raft.server.write.element-limit = 4096 (default)
2019-09-26 13:37:18,531 [9bae32d7-3aab-4e1e-ace1-c4157a7584ea@group-F16E0DC42E35:LeaderElection12] INFO  server.RaftServerConfigKeys (ConfUtils.java:logGet(43)) - raft.server.watch.timeout = 10s (default)
2019-09-26 13:37:18,531 [9bae32d7-3aab-4e1e-ace1-c4157a7584ea@group-F16E0DC42E35:LeaderElection12] INFO  server.RaftServerConfigKeys (ConfUtils.java:logGet(43)) - raft.server.watch.timeout.denomination = 1s (default)
2019-09-26 13:37:18,531 [9bae32d7-3aab-4e1e-ace1-c4157a7584ea@group-F16E0DC42E35:LeaderElection12] INFO  server.RaftServerConfigKeys (ConfUtils.java:logGet(43)) - raft.server.watch.element-limit = 65536 (default)
2019-09-26 13:37:18,534 [9bae32d7-3aab-4e1e-ace1-c4157a7584ea@group-F16E0DC42E35:LeaderElection12] INFO  impl.RoleInfo (RoleInfo.java:updateAndGet(143)) - 9bae32d7-3aab-4e1e-ace1-c4157a7584ea: start LeaderState
2019-09-26 13:37:18,534 [9bae32d7-3aab-4e1e-ace1-c4157a7584ea@group-F16E0DC42E35:LeaderElection12] INFO  segmented.SegmentedRaftLogWorker (SegmentedRaftLogWorker.java:startLogSegment(380)) - 9bae32d7-3aab-4e1e-ace1-c4157a7584ea@group-F16E0DC42E35-SegmentedRaftLogWorker: Starting segment from index:0
2019-09-26 13:37:18,535 [9bae32d7-3aab-4e1e-ace1-c4157a7584ea@group-F16E0DC42E35:LeaderElection12] INFO  impl.RaftServerImpl (ServerState.java:setRaftConf(354)) - 9bae32d7-3aab-4e1e-ace1-c4157a7584ea@group-F16E0DC42E35: set configuration 0: [9bae32d7-3aab-4e1e-ace1-c4157a7584ea:192.168.164.238:36744], old=null at 0
2019-09-26 13:37:18,567 [9bae32d7-3aab-4e1e-ace1-c4157a7584ea@group-F16E0DC42E35-SegmentedRaftLogWorker] INFO  segmented.SegmentedRaftLogWorker (SegmentedRaftLogWorker.java:execute(569)) - 9bae32d7-3aab-4e1e-ace1-c4157a7584ea@group-F16E0DC42E35-SegmentedRaftLogWorker: created new log segment /workdir/hadoop-ozone/tools/target/test-dir/MiniOzoneClusterImpl-3a20bb1b-dac2-4ca8-91d1-f72b8431aeb5/datanode-3/data/ratis/ab5ad3d9-3b45-4a45-9da6-f16e0dc42e35/current/log_inprogress_0
2019-09-26 13:37:18,653 [Thread-254] INFO  impl.FollowerState (FollowerState.java:run(106)) - 65b6a922-0f0f-4d93-80ba-5d2577e616a7:group-F9C99F6A29DA changes to CANDIDATE, lastRpcTime:5091, electionTimeout:5091ms
2019-09-26 13:37:18,654 [Thread-254] INFO  impl.RoleInfo (RoleInfo.java:shutdownFollowerState(121)) - 65b6a922-0f0f-4d93-80ba-5d2577e616a7: shutdown FollowerState
2019-09-26 13:37:18,654 [Thread-254] INFO  impl.RaftServerImpl (RaftServerImpl.java:setRole(174)) - 65b6a922-0f0f-4d93-80ba-5d2577e616a7@group-F9C99F6A29DA: changes role from  FOLLOWER to CANDIDATE at term 0 for changeToCandidate
2019-09-26 13:37:18,654 [Thread-254] INFO  impl.RoleInfo (RoleInfo.java:updateAndGet(143)) - 65b6a922-0f0f-4d93-80ba-5d2577e616a7: start LeaderElection
2019-09-26 13:37:18,668 [Thread-248] INFO  impl.FollowerState (FollowerState.java:run(106)) - 9bae32d7-3aab-4e1e-ace1-c4157a7584ea:group-34F7532E4066 changes to CANDIDATE, lastRpcTime:5195, electionTimeout:5195ms
2019-09-26 13:37:18,668 [Thread-248] INFO  impl.RoleInfo (RoleInfo.java:shutdownFollowerState(121)) - 9bae32d7-3aab-4e1e-ace1-c4157a7584ea: shutdown FollowerState
2019-09-26 13:37:18,668 [Thread-248] INFO  impl.RaftServerImpl (RaftServerImpl.java:setRole(174)) - 9bae32d7-3aab-4e1e-ace1-c4157a7584ea@group-34F7532E4066: changes role from  FOLLOWER to CANDIDATE at term 0 for changeToCandidate
2019-09-26 13:37:18,668 [Thread-248] INFO  impl.RoleInfo (RoleInfo.java:updateAndGet(143)) - 9bae32d7-3aab-4e1e-ace1-c4157a7584ea: start LeaderElection
2019-09-26 13:37:18,672 [65b6a922-0f0f-4d93-80ba-5d2577e616a7@group-F9C99F6A29DA:LeaderElection13] INFO  impl.LeaderElection (LeaderElection.java:askForVotes(182)) - 65b6a922-0f0f-4d93-80ba-5d2577e616a7@group-F9C99F6A29DA:LeaderElection13: begin an election at term 1 for -1: [65b6a922-0f0f-4d93-80ba-5d2577e616a7:192.168.164.238:37480], old=null
2019-09-26 13:37:18,673 [65b6a922-0f0f-4d93-80ba-5d2577e616a7@group-F9C99F6A29DA:LeaderElection13] INFO  impl.RoleInfo (RoleInfo.java:shutdownLeaderElection(134)) - 65b6a922-0f0f-4d93-80ba-5d2577e616a7: shutdown LeaderElection
2019-09-26 13:37:18,673 [65b6a922-0f0f-4d93-80ba-5d2577e616a7@group-F9C99F6A29DA:LeaderElection13] INFO  impl.RaftServerImpl (RaftServerImpl.java:setRole(174)) - 65b6a922-0f0f-4d93-80ba-5d2577e616a7@group-F9C99F6A29DA: changes role from CANDIDATE to LEADER at term 1 for changeToLeader
2019-09-26 13:37:18,673 [65b6a922-0f0f-4d93-80ba-5d2577e616a7@group-F9C99F6A29DA:LeaderElection13] INFO  impl.RaftServerImpl (ServerState.java:setLeader(253)) - 65b6a922-0f0f-4d93-80ba-5d2577e616a7@group-F9C99F6A29DA: change Leader from null to 65b6a922-0f0f-4d93-80ba-5d2577e616a7 at term 1 for becomeLeader, leader elected after 5123ms
2019-09-26 13:37:18,675 [65b6a922-0f0f-4d93-80ba-5d2577e616a7@group-F9C99F6A29DA:LeaderElection13] INFO  server.RaftServerConfigKeys (ConfUtils.java:logGet(43)) - raft.server.staging.catchup.gap = 1000 (default)
2019-09-26 13:37:18,675 [65b6a922-0f0f-4d93-80ba-5d2577e616a7@group-F9C99F6A29DA:LeaderElection13] INFO  server.RaftServerConfigKeys (ConfUtils.java:logGet(43)) - raft.server.rpc.sleep.time = 25ms (default)
2019-09-26 13:37:18,675 [65b6a922-0f0f-4d93-80ba-5d2577e616a7@group-F9C99F6A29DA:LeaderElection13] INFO  server.RaftServerConfigKeys (ConfUtils.java:logGet(43)) - raft.server.write.element-limit = 4096 (default)
2019-09-26 13:37:18,675 [65b6a922-0f0f-4d93-80ba-5d2577e616a7@group-F9C99F6A29DA:LeaderElection13] INFO  server.RaftServerConfigKeys (ConfUtils.java:logGet(43)) - raft.server.watch.timeout = 10s (default)
2019-09-26 13:37:18,676 [65b6a922-0f0f-4d93-80ba-5d2577e616a7@group-F9C99F6A29DA:LeaderElection13] INFO  server.RaftServerConfigKeys (ConfUtils.java:logGet(43)) - raft.server.watch.timeout.denomination = 1s (default)
2019-09-26 13:37:18,676 [65b6a922-0f0f-4d93-80ba-5d2577e616a7@group-F9C99F6A29DA:LeaderElection13] INFO  server.RaftServerConfigKeys (ConfUtils.java:logGet(43)) - raft.server.watch.element-limit = 65536 (default)
2019-09-26 13:37:18,679 [65b6a922-0f0f-4d93-80ba-5d2577e616a7@group-F9C99F6A29DA:LeaderElection13] INFO  impl.RoleInfo (RoleInfo.java:updateAndGet(143)) - 65b6a922-0f0f-4d93-80ba-5d2577e616a7: start LeaderState
2019-09-26 13:37:18,679 [65b6a922-0f0f-4d93-80ba-5d2577e616a7@group-F9C99F6A29DA:LeaderElection13] INFO  segmented.SegmentedRaftLogWorker (SegmentedRaftLogWorker.java:startLogSegment(380)) - 65b6a922-0f0f-4d93-80ba-5d2577e616a7@group-F9C99F6A29DA-SegmentedRaftLogWorker: Starting segment from index:0
2019-09-26 13:37:18,680 [65b6a922-0f0f-4d93-80ba-5d2577e616a7@group-F9C99F6A29DA:LeaderElection13] INFO  impl.RaftServerImpl (ServerState.java:setRaftConf(354)) - 65b6a922-0f0f-4d93-80ba-5d2577e616a7@group-F9C99F6A29DA: set configuration 0: [65b6a922-0f0f-4d93-80ba-5d2577e616a7:192.168.164.238:37480], old=null at 0
2019-09-26 13:37:18,719 [9bae32d7-3aab-4e1e-ace1-c4157a7584ea@group-34F7532E4066:LeaderElection14] INFO  impl.LeaderElection (LeaderElection.java:askForVotes(182)) - 9bae32d7-3aab-4e1e-ace1-c4157a7584ea@group-34F7532E4066:LeaderElection14: begin an election at term 1 for -1: [9bae32d7-3aab-4e1e-ace1-c4157a7584ea:192.168.164.238:36744], old=null
2019-09-26 13:37:18,719 [9bae32d7-3aab-4e1e-ace1-c4157a7584ea@group-34F7532E4066:LeaderElection14] INFO  impl.RoleInfo (RoleInfo.java:shutdownLeaderElection(134)) - 9bae32d7-3aab-4e1e-ace1-c4157a7584ea: shutdown LeaderElection
2019-09-26 13:37:18,720 [9bae32d7-3aab-4e1e-ace1-c4157a7584ea@group-34F7532E4066:LeaderElection14] INFO  impl.RaftServerImpl (RaftServerImpl.java:setRole(174)) - 9bae32d7-3aab-4e1e-ace1-c4157a7584ea@group-34F7532E4066: changes role from CANDIDATE to LEADER at term 1 for changeToLeader
2019-09-26 13:37:18,720 [9bae32d7-3aab-4e1e-ace1-c4157a7584ea@group-34F7532E4066:LeaderElection14] INFO  impl.RaftServerImpl (ServerState.java:setLeader(253)) - 9bae32d7-3aab-4e1e-ace1-c4157a7584ea@group-34F7532E4066: change Leader from null to 9bae32d7-3aab-4e1e-ace1-c4157a7584ea at term 1 for becomeLeader, leader elected after 5257ms
2019-09-26 13:37:18,720 [9bae32d7-3aab-4e1e-ace1-c4157a7584ea@group-34F7532E4066:LeaderElection14] INFO  server.RaftServerConfigKeys (ConfUtils.java:logGet(43)) - raft.server.staging.catchup.gap = 1000 (default)
2019-09-26 13:37:18,720 [9bae32d7-3aab-4e1e-ace1-c4157a7584ea@group-34F7532E4066:LeaderElection14] INFO  server.RaftServerConfigKeys (ConfUtils.java:logGet(43)) - raft.server.rpc.sleep.time = 25ms (default)
2019-09-26 13:37:18,720 [9bae32d7-3aab-4e1e-ace1-c4157a7584ea@group-34F7532E4066:LeaderElection14] INFO  server.RaftServerConfigKeys (ConfUtils.java:logGet(43)) - raft.server.write.element-limit = 4096 (default)
2019-09-26 13:37:18,721 [9bae32d7-3aab-4e1e-ace1-c4157a7584ea@group-34F7532E4066:LeaderElection14] INFO  server.RaftServerConfigKeys (ConfUtils.java:logGet(43)) - raft.server.watch.timeout = 10s (default)
2019-09-26 13:37:18,721 [9bae32d7-3aab-4e1e-ace1-c4157a7584ea@group-34F7532E4066:LeaderElection14] INFO  server.RaftServerConfigKeys (ConfUtils.java:logGet(43)) - raft.server.watch.timeout.denomination = 1s (default)
2019-09-26 13:37:18,721 [9bae32d7-3aab-4e1e-ace1-c4157a7584ea@group-34F7532E4066:LeaderElection14] INFO  server.RaftServerConfigKeys (ConfUtils.java:logGet(43)) - raft.server.watch.element-limit = 65536 (default)
2019-09-26 13:37:18,724 [9bae32d7-3aab-4e1e-ace1-c4157a7584ea@group-34F7532E4066:LeaderElection14] INFO  impl.RoleInfo (RoleInfo.java:updateAndGet(143)) - 9bae32d7-3aab-4e1e-ace1-c4157a7584ea: start LeaderState
2019-09-26 13:37:18,724 [9bae32d7-3aab-4e1e-ace1-c4157a7584ea@group-34F7532E4066:LeaderElection14] INFO  segmented.SegmentedRaftLogWorker (SegmentedRaftLogWorker.java:startLogSegment(380)) - 9bae32d7-3aab-4e1e-ace1-c4157a7584ea@group-34F7532E4066-SegmentedRaftLogWorker: Starting segment from index:0
2019-09-26 13:37:18,725 [9bae32d7-3aab-4e1e-ace1-c4157a7584ea@group-34F7532E4066:LeaderElection14] INFO  impl.RaftServerImpl (ServerState.java:setRaftConf(354)) - 9bae32d7-3aab-4e1e-ace1-c4157a7584ea@group-34F7532E4066: set configuration 0: [9bae32d7-3aab-4e1e-ace1-c4157a7584ea:192.168.164.238:36744], old=null at 0
2019-09-26 13:37:18,768 [65b6a922-0f0f-4d93-80ba-5d2577e616a7@group-F9C99F6A29DA-SegmentedRaftLogWorker] INFO  segmented.SegmentedRaftLogWorker (SegmentedRaftLogWorker.java:execute(569)) - 65b6a922-0f0f-4d93-80ba-5d2577e616a7@group-F9C99F6A29DA-SegmentedRaftLogWorker: created new log segment /workdir/hadoop-ozone/tools/target/test-dir/MiniOzoneClusterImpl-3a20bb1b-dac2-4ca8-91d1-f72b8431aeb5/datanode-1/data/ratis/aa585b6a-6412-4f0f-b4ba-f9c99f6a29da/current/log_inprogress_0
2019-09-26 13:37:18,780 [9bae32d7-3aab-4e1e-ace1-c4157a7584ea@group-34F7532E4066-SegmentedRaftLogWorker] INFO  segmented.SegmentedRaftLogWorker (SegmentedRaftLogWorker.java:execute(569)) - 9bae32d7-3aab-4e1e-ace1-c4157a7584ea@group-34F7532E4066-SegmentedRaftLogWorker: created new log segment /workdir/hadoop-ozone/tools/target/test-dir/MiniOzoneClusterImpl-3a20bb1b-dac2-4ca8-91d1-f72b8431aeb5/datanode-3/data/ratis/e90e3628-c643-4c26-aaa4-34f7532e4066/current/log_inprogress_0
2019-09-26 13:37:18,799 [Thread-257] INFO  impl.FollowerState (FollowerState.java:run(106)) - fa623484-5385-4c02-af08-45448d3dc09d:group-DC5882523F2D changes to CANDIDATE, lastRpcTime:5166, electionTimeout:5166ms
2019-09-26 13:37:18,800 [Thread-257] INFO  impl.RoleInfo (RoleInfo.java:shutdownFollowerState(121)) - fa623484-5385-4c02-af08-45448d3dc09d: shutdown FollowerState
2019-09-26 13:37:18,800 [Thread-257] INFO  impl.RaftServerImpl (RaftServerImpl.java:setRole(174)) - fa623484-5385-4c02-af08-45448d3dc09d@group-DC5882523F2D: changes role from  FOLLOWER to CANDIDATE at term 0 for changeToCandidate
2019-09-26 13:37:18,800 [Thread-257] INFO  impl.RoleInfo (RoleInfo.java:updateAndGet(143)) - fa623484-5385-4c02-af08-45448d3dc09d: start LeaderElection
2019-09-26 13:37:18,813 [fa623484-5385-4c02-af08-45448d3dc09d@group-DC5882523F2D:LeaderElection15] INFO  impl.LeaderElection (LeaderElection.java:askForVotes(182)) - fa623484-5385-4c02-af08-45448d3dc09d@group-DC5882523F2D:LeaderElection15: begin an election at term 1 for -1: [fa623484-5385-4c02-af08-45448d3dc09d:192.168.164.238:42639], old=null
2019-09-26 13:37:18,814 [fa623484-5385-4c02-af08-45448d3dc09d@group-DC5882523F2D:LeaderElection15] INFO  impl.RoleInfo (RoleInfo.java:shutdownLeaderElection(134)) - fa623484-5385-4c02-af08-45448d3dc09d: shutdown LeaderElection
2019-09-26 13:37:18,814 [fa623484-5385-4c02-af08-45448d3dc09d@group-DC5882523F2D:LeaderElection15] INFO  impl.RaftServerImpl (RaftServerImpl.java:setRole(174)) - fa623484-5385-4c02-af08-45448d3dc09d@group-DC5882523F2D: changes role from CANDIDATE to LEADER at term 1 for changeToLeader
2019-09-26 13:37:18,814 [fa623484-5385-4c02-af08-45448d3dc09d@group-DC5882523F2D:LeaderElection15] INFO  impl.RaftServerImpl (ServerState.java:setLeader(253)) - fa623484-5385-4c02-af08-45448d3dc09d@group-DC5882523F2D: change Leader from null to fa623484-5385-4c02-af08-45448d3dc09d at term 1 for becomeLeader, leader elected after 5188ms
2019-09-26 13:37:18,814 [fa623484-5385-4c02-af08-45448d3dc09d@group-DC5882523F2D:LeaderElection15] INFO  server.RaftServerConfigKeys (ConfUtils.java:logGet(43)) - raft.server.staging.catchup.gap = 1000 (default)
2019-09-26 13:37:18,814 [fa623484-5385-4c02-af08-45448d3dc09d@group-DC5882523F2D:LeaderElection15] INFO  server.RaftServerConfigKeys (ConfUtils.java:logGet(43)) - raft.server.rpc.sleep.time = 25ms (default)
2019-09-26 13:37:18,814 [fa623484-5385-4c02-af08-45448d3dc09d@group-DC5882523F2D:LeaderElection15] INFO  server.RaftServerConfigKeys (ConfUtils.java:logGet(43)) - raft.server.write.element-limit = 4096 (default)
2019-09-26 13:37:18,815 [fa623484-5385-4c02-af08-45448d3dc09d@group-DC5882523F2D:LeaderElection15] INFO  server.RaftServerConfigKeys (ConfUtils.java:logGet(43)) - raft.server.watch.timeout = 10s (default)
2019-09-26 13:37:18,815 [fa623484-5385-4c02-af08-45448d3dc09d@group-DC5882523F2D:LeaderElection15] INFO  server.RaftServerConfigKeys (ConfUtils.java:logGet(43)) - raft.server.watch.timeout.denomination = 1s (default)
2019-09-26 13:37:18,815 [fa623484-5385-4c02-af08-45448d3dc09d@group-DC5882523F2D:LeaderElection15] INFO  server.RaftServerConfigKeys (ConfUtils.java:logGet(43)) - raft.server.watch.element-limit = 65536 (default)
2019-09-26 13:37:18,818 [fa623484-5385-4c02-af08-45448d3dc09d@group-DC5882523F2D:LeaderElection15] INFO  impl.RoleInfo (RoleInfo.java:updateAndGet(143)) - fa623484-5385-4c02-af08-45448d3dc09d: start LeaderState
2019-09-26 13:37:18,818 [fa623484-5385-4c02-af08-45448d3dc09d@group-DC5882523F2D:LeaderElection15] INFO  segmented.SegmentedRaftLogWorker (SegmentedRaftLogWorker.java:startLogSegment(380)) - fa623484-5385-4c02-af08-45448d3dc09d@group-DC5882523F2D-SegmentedRaftLogWorker: Starting segment from index:0
2019-09-26 13:37:18,818 [fa623484-5385-4c02-af08-45448d3dc09d@group-DC5882523F2D:LeaderElection15] INFO  impl.RaftServerImpl (ServerState.java:setRaftConf(354)) - fa623484-5385-4c02-af08-45448d3dc09d@group-DC5882523F2D: set configuration 0: [fa623484-5385-4c02-af08-45448d3dc09d:192.168.164.238:42639], old=null at 0
2019-09-26 13:37:18,874 [fa623484-5385-4c02-af08-45448d3dc09d@group-DC5882523F2D-SegmentedRaftLogWorker] INFO  segmented.SegmentedRaftLogWorker (SegmentedRaftLogWorker.java:execute(569)) - fa623484-5385-4c02-af08-45448d3dc09d@group-DC5882523F2D-SegmentedRaftLogWorker: created new log segment /workdir/hadoop-ozone/tools/target/test-dir/MiniOzoneClusterImpl-3a20bb1b-dac2-4ca8-91d1-f72b8431aeb5/datanode-0/data/ratis/d9b289bc-e393-47bf-b324-dc5882523f2d/current/log_inprogress_0
2019-09-26 13:37:18,879 [Thread-260] INFO  impl.FollowerState (FollowerState.java:run(106)) - 65b6a922-0f0f-4d93-80ba-5d2577e616a7:group-F9180A4D93CE changes to CANDIDATE, lastRpcTime:5188, electionTimeout:5188ms
2019-09-26 13:37:18,880 [Thread-260] INFO  impl.RoleInfo (RoleInfo.java:shutdownFollowerState(121)) - 65b6a922-0f0f-4d93-80ba-5d2577e616a7: shutdown FollowerState
2019-09-26 13:37:18,880 [Thread-260] INFO  impl.RaftServerImpl (RaftServerImpl.java:setRole(174)) - 65b6a922-0f0f-4d93-80ba-5d2577e616a7@group-F9180A4D93CE: changes role from  FOLLOWER to CANDIDATE at term 0 for changeToCandidate
2019-09-26 13:37:18,880 [Thread-260] INFO  impl.RoleInfo (RoleInfo.java:updateAndGet(143)) - 65b6a922-0f0f-4d93-80ba-5d2577e616a7: start LeaderElection
2019-09-26 13:37:18,887 [65b6a922-0f0f-4d93-80ba-5d2577e616a7@group-F9180A4D93CE:LeaderElection16] INFO  impl.LeaderElection (LeaderElection.java:askForVotes(182)) - 65b6a922-0f0f-4d93-80ba-5d2577e616a7@group-F9180A4D93CE:LeaderElection16: begin an election at term 1 for -1: [65b6a922-0f0f-4d93-80ba-5d2577e616a7:192.168.164.238:37480], old=null
2019-09-26 13:37:18,887 [65b6a922-0f0f-4d93-80ba-5d2577e616a7@group-F9180A4D93CE:LeaderElection16] INFO  impl.RoleInfo (RoleInfo.java:shutdownLeaderElection(134)) - 65b6a922-0f0f-4d93-80ba-5d2577e616a7: shutdown LeaderElection
2019-09-26 13:37:18,888 [65b6a922-0f0f-4d93-80ba-5d2577e616a7@group-F9180A4D93CE:LeaderElection16] INFO  impl.RaftServerImpl (RaftServerImpl.java:setRole(174)) - 65b6a922-0f0f-4d93-80ba-5d2577e616a7@group-F9180A4D93CE: changes role from CANDIDATE to LEADER at term 1 for changeToLeader
2019-09-26 13:37:18,888 [65b6a922-0f0f-4d93-80ba-5d2577e616a7@group-F9180A4D93CE:LeaderElection16] INFO  impl.RaftServerImpl (ServerState.java:setLeader(253)) - 65b6a922-0f0f-4d93-80ba-5d2577e616a7@group-F9180A4D93CE: change Leader from null to 65b6a922-0f0f-4d93-80ba-5d2577e616a7 at term 1 for becomeLeader, leader elected after 5209ms
2019-09-26 13:37:18,888 [65b6a922-0f0f-4d93-80ba-5d2577e616a7@group-F9180A4D93CE:LeaderElection16] INFO  server.RaftServerConfigKeys (ConfUtils.java:logGet(43)) - raft.server.staging.catchup.gap = 1000 (default)
2019-09-26 13:37:18,888 [65b6a922-0f0f-4d93-80ba-5d2577e616a7@group-F9180A4D93CE:LeaderElection16] INFO  server.RaftServerConfigKeys (ConfUtils.java:logGet(43)) - raft.server.rpc.sleep.time = 25ms (default)
2019-09-26 13:37:18,888 [65b6a922-0f0f-4d93-80ba-5d2577e616a7@group-F9180A4D93CE:LeaderElection16] INFO  server.RaftServerConfigKeys (ConfUtils.java:logGet(43)) - raft.server.write.element-limit = 4096 (default)
2019-09-26 13:37:18,888 [65b6a922-0f0f-4d93-80ba-5d2577e616a7@group-F9180A4D93CE:LeaderElection16] INFO  server.RaftServerConfigKeys (ConfUtils.java:logGet(43)) - raft.server.watch.timeout = 10s (default)
2019-09-26 13:37:18,889 [65b6a922-0f0f-4d93-80ba-5d2577e616a7@group-F9180A4D93CE:LeaderElection16] INFO  server.RaftServerConfigKeys (ConfUtils.java:logGet(43)) - raft.server.watch.timeout.denomination = 1s (default)
2019-09-26 13:37:18,889 [65b6a922-0f0f-4d93-80ba-5d2577e616a7@group-F9180A4D93CE:LeaderElection16] INFO  server.RaftServerConfigKeys (ConfUtils.java:logGet(43)) - raft.server.watch.element-limit = 65536 (default)
2019-09-26 13:37:18,892 [65b6a922-0f0f-4d93-80ba-5d2577e616a7@group-F9180A4D93CE:LeaderElection16] INFO  impl.RoleInfo (RoleInfo.java:updateAndGet(143)) - 65b6a922-0f0f-4d93-80ba-5d2577e616a7: start LeaderState
2019-09-26 13:37:18,892 [65b6a922-0f0f-4d93-80ba-5d2577e616a7@group-F9180A4D93CE:LeaderElection16] INFO  segmented.SegmentedRaftLogWorker (SegmentedRaftLogWorker.java:startLogSegment(380)) - 65b6a922-0f0f-4d93-80ba-5d2577e616a7@group-F9180A4D93CE-SegmentedRaftLogWorker: Starting segment from index:0
2019-09-26 13:37:18,892 [65b6a922-0f0f-4d93-80ba-5d2577e616a7@group-F9180A4D93CE:LeaderElection16] INFO  impl.RaftServerImpl (ServerState.java:setRaftConf(354)) - 65b6a922-0f0f-4d93-80ba-5d2577e616a7@group-F9180A4D93CE: set configuration 0: [65b6a922-0f0f-4d93-80ba-5d2577e616a7:192.168.164.238:37480], old=null at 0
2019-09-26 13:37:18,948 [65b6a922-0f0f-4d93-80ba-5d2577e616a7@group-F9180A4D93CE-SegmentedRaftLogWorker] INFO  segmented.SegmentedRaftLogWorker (SegmentedRaftLogWorker.java:execute(569)) - 65b6a922-0f0f-4d93-80ba-5d2577e616a7@group-F9180A4D93CE-SegmentedRaftLogWorker: created new log segment /workdir/hadoop-ozone/tools/target/test-dir/MiniOzoneClusterImpl-3a20bb1b-dac2-4ca8-91d1-f72b8431aeb5/datanode-1/data/ratis/9c896290-59c1-40ab-926d-f9180a4d93ce/current/log_inprogress_0
2019-09-26 13:37:19,192 [Thread-263] INFO  impl.FollowerState (FollowerState.java:run(106)) - 8e03446a-97fa-4aed-a68a-73437ef1131e:group-68C8C42B0702 changes to CANDIDATE, lastRpcTime:5047, electionTimeout:5047ms
2019-09-26 13:37:19,192 [Thread-263] INFO  impl.RoleInfo (RoleInfo.java:shutdownFollowerState(121)) - 8e03446a-97fa-4aed-a68a-73437ef1131e: shutdown FollowerState
2019-09-26 13:37:19,192 [Thread-263] INFO  impl.RaftServerImpl (RaftServerImpl.java:setRole(174)) - 8e03446a-97fa-4aed-a68a-73437ef1131e@group-68C8C42B0702: changes role from  FOLLOWER to CANDIDATE at term 0 for changeToCandidate
2019-09-26 13:37:19,193 [Thread-263] INFO  impl.RoleInfo (RoleInfo.java:updateAndGet(143)) - 8e03446a-97fa-4aed-a68a-73437ef1131e: start LeaderElection
2019-09-26 13:37:19,217 [8e03446a-97fa-4aed-a68a-73437ef1131e@group-68C8C42B0702:LeaderElection17] INFO  impl.LeaderElection (LeaderElection.java:askForVotes(182)) - 8e03446a-97fa-4aed-a68a-73437ef1131e@group-68C8C42B0702:LeaderElection17: begin an election at term 1 for -1: [8e03446a-97fa-4aed-a68a-73437ef1131e:192.168.164.238:42766], old=null
2019-09-26 13:37:19,217 [8e03446a-97fa-4aed-a68a-73437ef1131e@group-68C8C42B0702:LeaderElection17] INFO  impl.RoleInfo (RoleInfo.java:shutdownLeaderElection(134)) - 8e03446a-97fa-4aed-a68a-73437ef1131e: shutdown LeaderElection
2019-09-26 13:37:19,217 [8e03446a-97fa-4aed-a68a-73437ef1131e@group-68C8C42B0702:LeaderElection17] INFO  impl.RaftServerImpl (RaftServerImpl.java:setRole(174)) - 8e03446a-97fa-4aed-a68a-73437ef1131e@group-68C8C42B0702: changes role from CANDIDATE to LEADER at term 1 for changeToLeader
2019-09-26 13:37:19,217 [8e03446a-97fa-4aed-a68a-73437ef1131e@group-68C8C42B0702:LeaderElection17] INFO  impl.RaftServerImpl (ServerState.java:setLeader(253)) - 8e03446a-97fa-4aed-a68a-73437ef1131e@group-68C8C42B0702: change Leader from null to 8e03446a-97fa-4aed-a68a-73437ef1131e at term 1 for becomeLeader, leader elected after 5478ms
2019-09-26 13:37:19,217 [8e03446a-97fa-4aed-a68a-73437ef1131e@group-68C8C42B0702:LeaderElection17] INFO  server.RaftServerConfigKeys (ConfUtils.java:logGet(43)) - raft.server.staging.catchup.gap = 1000 (default)
2019-09-26 13:37:19,217 [8e03446a-97fa-4aed-a68a-73437ef1131e@group-68C8C42B0702:LeaderElection17] INFO  server.RaftServerConfigKeys (ConfUtils.java:logGet(43)) - raft.server.rpc.sleep.time = 25ms (default)
2019-09-26 13:37:19,218 [8e03446a-97fa-4aed-a68a-73437ef1131e@group-68C8C42B0702:LeaderElection17] INFO  server.RaftServerConfigKeys (ConfUtils.java:logGet(43)) - raft.server.write.element-limit = 4096 (default)
2019-09-26 13:37:19,218 [8e03446a-97fa-4aed-a68a-73437ef1131e@group-68C8C42B0702:LeaderElection17] INFO  server.RaftServerConfigKeys (ConfUtils.java:logGet(43)) - raft.server.watch.timeout = 10s (default)
2019-09-26 13:37:19,218 [8e03446a-97fa-4aed-a68a-73437ef1131e@group-68C8C42B0702:LeaderElection17] INFO  server.RaftServerConfigKeys (ConfUtils.java:logGet(43)) - raft.server.watch.timeout.denomination = 1s (default)
2019-09-26 13:37:19,218 [8e03446a-97fa-4aed-a68a-73437ef1131e@group-68C8C42B0702:LeaderElection17] INFO  server.RaftServerConfigKeys (ConfUtils.java:logGet(43)) - raft.server.watch.element-limit = 65536 (default)
2019-09-26 13:37:19,221 [8e03446a-97fa-4aed-a68a-73437ef1131e@group-68C8C42B0702:LeaderElection17] INFO  impl.RoleInfo (RoleInfo.java:updateAndGet(143)) - 8e03446a-97fa-4aed-a68a-73437ef1131e: start LeaderState
2019-09-26 13:37:19,222 [8e03446a-97fa-4aed-a68a-73437ef1131e@group-68C8C42B0702:LeaderElection17] INFO  segmented.SegmentedRaftLogWorker (SegmentedRaftLogWorker.java:startLogSegment(380)) - 8e03446a-97fa-4aed-a68a-73437ef1131e@group-68C8C42B0702-SegmentedRaftLogWorker: Starting segment from index:0
2019-09-26 13:37:19,222 [8e03446a-97fa-4aed-a68a-73437ef1131e@group-68C8C42B0702:LeaderElection17] INFO  impl.RaftServerImpl (ServerState.java:setRaftConf(354)) - 8e03446a-97fa-4aed-a68a-73437ef1131e@group-68C8C42B0702: set configuration 0: [8e03446a-97fa-4aed-a68a-73437ef1131e:192.168.164.238:42766], old=null at 0
2019-09-26 13:37:19,274 [8e03446a-97fa-4aed-a68a-73437ef1131e@group-68C8C42B0702-SegmentedRaftLogWorker] INFO  segmented.SegmentedRaftLogWorker (SegmentedRaftLogWorker.java:execute(569)) - 8e03446a-97fa-4aed-a68a-73437ef1131e@group-68C8C42B0702-SegmentedRaftLogWorker: created new log segment /workdir/hadoop-ozone/tools/target/test-dir/MiniOzoneClusterImpl-3a20bb1b-dac2-4ca8-91d1-f72b8431aeb5/datanode-2/data/ratis/7c418087-41a9-4d79-97d2-68c8c42b0702/current/log_inprogress_0
2019-09-26 13:37:19,293 [Thread-266] INFO  impl.FollowerState (FollowerState.java:run(106)) - fa623484-5385-4c02-af08-45448d3dc09d:group-2D39EB30BC0D changes to CANDIDATE, lastRpcTime:5065, electionTimeout:5065ms
2019-09-26 13:37:19,293 [Thread-266] INFO  impl.RoleInfo (RoleInfo.java:shutdownFollowerState(121)) - fa623484-5385-4c02-af08-45448d3dc09d: shutdown FollowerState
2019-09-26 13:37:19,293 [Thread-266] INFO  impl.RaftServerImpl (RaftServerImpl.java:setRole(174)) - fa623484-5385-4c02-af08-45448d3dc09d@group-2D39EB30BC0D: changes role from  FOLLOWER to CANDIDATE at term 0 for changeToCandidate
2019-09-26 13:37:19,294 [Thread-266] INFO  impl.RoleInfo (RoleInfo.java:updateAndGet(143)) - fa623484-5385-4c02-af08-45448d3dc09d: start LeaderElection
2019-09-26 13:37:19,311 [fa623484-5385-4c02-af08-45448d3dc09d@group-2D39EB30BC0D:LeaderElection18] INFO  impl.LeaderElection (LeaderElection.java:askForVotes(182)) - fa623484-5385-4c02-af08-45448d3dc09d@group-2D39EB30BC0D:LeaderElection18: begin an election at term 1 for -1: [fa623484-5385-4c02-af08-45448d3dc09d:192.168.164.238:42639], old=null
2019-09-26 13:37:19,311 [fa623484-5385-4c02-af08-45448d3dc09d@group-2D39EB30BC0D:LeaderElection18] INFO  impl.RoleInfo (RoleInfo.java:shutdownLeaderElection(134)) - fa623484-5385-4c02-af08-45448d3dc09d: shutdown LeaderElection
2019-09-26 13:37:19,312 [fa623484-5385-4c02-af08-45448d3dc09d@group-2D39EB30BC0D:LeaderElection18] INFO  impl.RaftServerImpl (RaftServerImpl.java:setRole(174)) - fa623484-5385-4c02-af08-45448d3dc09d@group-2D39EB30BC0D: changes role from CANDIDATE to LEADER at term 1 for changeToLeader
2019-09-26 13:37:19,312 [fa623484-5385-4c02-af08-45448d3dc09d@group-2D39EB30BC0D:LeaderElection18] INFO  impl.RaftServerImpl (ServerState.java:setLeader(253)) - fa623484-5385-4c02-af08-45448d3dc09d@group-2D39EB30BC0D: change Leader from null to fa623484-5385-4c02-af08-45448d3dc09d at term 1 for becomeLeader, leader elected after 5091ms
2019-09-26 13:37:19,312 [fa623484-5385-4c02-af08-45448d3dc09d@group-2D39EB30BC0D:LeaderElection18] INFO  server.RaftServerConfigKeys (ConfUtils.java:logGet(43)) - raft.server.staging.catchup.gap = 1000 (default)
2019-09-26 13:37:19,312 [fa623484-5385-4c02-af08-45448d3dc09d@group-2D39EB30BC0D:LeaderElection18] INFO  server.RaftServerConfigKeys (ConfUtils.java:logGet(43)) - raft.server.rpc.sleep.time = 25ms (default)
2019-09-26 13:37:19,312 [fa623484-5385-4c02-af08-45448d3dc09d@group-2D39EB30BC0D:LeaderElection18] INFO  server.RaftServerConfigKeys (ConfUtils.java:logGet(43)) - raft.server.write.element-limit = 4096 (default)
2019-09-26 13:37:19,312 [fa623484-5385-4c02-af08-45448d3dc09d@group-2D39EB30BC0D:LeaderElection18] INFO  server.RaftServerConfigKeys (ConfUtils.java:logGet(43)) - raft.server.watch.timeout = 10s (default)
2019-09-26 13:37:19,313 [fa623484-5385-4c02-af08-45448d3dc09d@group-2D39EB30BC0D:LeaderElection18] INFO  server.RaftServerConfigKeys (ConfUtils.java:logGet(43)) - raft.server.watch.timeout.denomination = 1s (default)
2019-09-26 13:37:19,313 [fa623484-5385-4c02-af08-45448d3dc09d@group-2D39EB30BC0D:LeaderElection18] INFO  server.RaftServerConfigKeys (ConfUtils.java:logGet(43)) - raft.server.watch.element-limit = 65536 (default)
2019-09-26 13:37:19,315 [fa623484-5385-4c02-af08-45448d3dc09d@group-2D39EB30BC0D:LeaderElection18] INFO  impl.RoleInfo (RoleInfo.java:updateAndGet(143)) - fa623484-5385-4c02-af08-45448d3dc09d: start LeaderState
2019-09-26 13:37:19,315 [Thread-269] INFO  impl.FollowerState (FollowerState.java:run(106)) - 37170b5e-38e8-41e6-8e7f-73d816854ae3:group-E0486BED7EF6 changes to CANDIDATE, lastRpcTime:5037, electionTimeout:5037ms
2019-09-26 13:37:19,315 [fa623484-5385-4c02-af08-45448d3dc09d@group-2D39EB30BC0D:LeaderElection18] INFO  segmented.SegmentedRaftLogWorker (SegmentedRaftLogWorker.java:startLogSegment(380)) - fa623484-5385-4c02-af08-45448d3dc09d@group-2D39EB30BC0D-SegmentedRaftLogWorker: Starting segment from index:0
2019-09-26 13:37:19,315 [Thread-269] INFO  impl.RoleInfo (RoleInfo.java:shutdownFollowerState(121)) - 37170b5e-38e8-41e6-8e7f-73d816854ae3: shutdown FollowerState
2019-09-26 13:37:19,316 [Thread-269] INFO  impl.RaftServerImpl (RaftServerImpl.java:setRole(174)) - 37170b5e-38e8-41e6-8e7f-73d816854ae3@group-E0486BED7EF6: changes role from  FOLLOWER to CANDIDATE at term 0 for changeToCandidate
2019-09-26 13:37:19,316 [Thread-269] INFO  impl.RoleInfo (RoleInfo.java:updateAndGet(143)) - 37170b5e-38e8-41e6-8e7f-73d816854ae3: start LeaderElection
2019-09-26 13:37:19,316 [fa623484-5385-4c02-af08-45448d3dc09d@group-2D39EB30BC0D:LeaderElection18] INFO  impl.RaftServerImpl (ServerState.java:setRaftConf(354)) - fa623484-5385-4c02-af08-45448d3dc09d@group-2D39EB30BC0D: set configuration 0: [fa623484-5385-4c02-af08-45448d3dc09d:192.168.164.238:42639], old=null at 0
2019-09-26 13:37:19,369 [fa623484-5385-4c02-af08-45448d3dc09d@group-2D39EB30BC0D-SegmentedRaftLogWorker] INFO  segmented.SegmentedRaftLogWorker (SegmentedRaftLogWorker.java:execute(569)) - fa623484-5385-4c02-af08-45448d3dc09d@group-2D39EB30BC0D-SegmentedRaftLogWorker: created new log segment /workdir/hadoop-ozone/tools/target/test-dir/MiniOzoneClusterImpl-3a20bb1b-dac2-4ca8-91d1-f72b8431aeb5/datanode-0/data/ratis/1c51dc26-72da-492b-95c1-2d39eb30bc0d/current/log_inprogress_0
2019-09-26 13:37:19,369 [37170b5e-38e8-41e6-8e7f-73d816854ae3@group-E0486BED7EF6:LeaderElection19] INFO  impl.LeaderElection (LeaderElection.java:askForVotes(182)) - 37170b5e-38e8-41e6-8e7f-73d816854ae3@group-E0486BED7EF6:LeaderElection19: begin an election at term 1 for -1: [37170b5e-38e8-41e6-8e7f-73d816854ae3:192.168.164.238:39488], old=null
2019-09-26 13:37:19,369 [37170b5e-38e8-41e6-8e7f-73d816854ae3@group-E0486BED7EF6:LeaderElection19] INFO  impl.RoleInfo (RoleInfo.java:shutdownLeaderElection(134)) - 37170b5e-38e8-41e6-8e7f-73d816854ae3: shutdown LeaderElection
2019-09-26 13:37:19,369 [37170b5e-38e8-41e6-8e7f-73d816854ae3@group-E0486BED7EF6:LeaderElection19] INFO  impl.RaftServerImpl (RaftServerImpl.java:setRole(174)) - 37170b5e-38e8-41e6-8e7f-73d816854ae3@group-E0486BED7EF6: changes role from CANDIDATE to LEADER at term 1 for changeToLeader
2019-09-26 13:37:19,370 [37170b5e-38e8-41e6-8e7f-73d816854ae3@group-E0486BED7EF6:LeaderElection19] INFO  impl.RaftServerImpl (ServerState.java:setLeader(253)) - 37170b5e-38e8-41e6-8e7f-73d816854ae3@group-E0486BED7EF6: change Leader from null to 37170b5e-38e8-41e6-8e7f-73d816854ae3 at term 1 for becomeLeader, leader elected after 5097ms
2019-09-26 13:37:19,370 [37170b5e-38e8-41e6-8e7f-73d816854ae3@group-E0486BED7EF6:LeaderElection19] INFO  server.RaftServerConfigKeys (ConfUtils.java:logGet(43)) - raft.server.staging.catchup.gap = 1000 (default)
2019-09-26 13:37:19,370 [37170b5e-38e8-41e6-8e7f-73d816854ae3@group-E0486BED7EF6:LeaderElection19] INFO  server.RaftServerConfigKeys (ConfUtils.java:logGet(43)) - raft.server.rpc.sleep.time = 25ms (default)
2019-09-26 13:37:19,370 [37170b5e-38e8-41e6-8e7f-73d816854ae3@group-E0486BED7EF6:LeaderElection19] INFO  server.RaftServerConfigKeys (ConfUtils.java:logGet(43)) - raft.server.write.element-limit = 4096 (default)
2019-09-26 13:37:19,370 [37170b5e-38e8-41e6-8e7f-73d816854ae3@group-E0486BED7EF6:LeaderElection19] INFO  server.RaftServerConfigKeys (ConfUtils.java:logGet(43)) - raft.server.watch.timeout = 10s (default)
2019-09-26 13:37:19,371 [37170b5e-38e8-41e6-8e7f-73d816854ae3@group-E0486BED7EF6:LeaderElection19] INFO  server.RaftServerConfigKeys (ConfUtils.java:logGet(43)) - raft.server.watch.timeout.denomination = 1s (default)
2019-09-26 13:37:19,371 [37170b5e-38e8-41e6-8e7f-73d816854ae3@group-E0486BED7EF6:LeaderElection19] INFO  server.RaftServerConfigKeys (ConfUtils.java:logGet(43)) - raft.server.watch.element-limit = 65536 (default)
2019-09-26 13:37:19,373 [37170b5e-38e8-41e6-8e7f-73d816854ae3@group-E0486BED7EF6:LeaderElection19] INFO  impl.RoleInfo (RoleInfo.java:updateAndGet(143)) - 37170b5e-38e8-41e6-8e7f-73d816854ae3: start LeaderState
2019-09-26 13:37:19,374 [37170b5e-38e8-41e6-8e7f-73d816854ae3@group-E0486BED7EF6:LeaderElection19] INFO  segmented.SegmentedRaftLogWorker (SegmentedRaftLogWorker.java:startLogSegment(380)) - 37170b5e-38e8-41e6-8e7f-73d816854ae3@group-E0486BED7EF6-SegmentedRaftLogWorker: Starting segment from index:0
2019-09-26 13:37:19,374 [37170b5e-38e8-41e6-8e7f-73d816854ae3@group-E0486BED7EF6:LeaderElection19] INFO  impl.RaftServerImpl (ServerState.java:setRaftConf(354)) - 37170b5e-38e8-41e6-8e7f-73d816854ae3@group-E0486BED7EF6: set configuration 0: [37170b5e-38e8-41e6-8e7f-73d816854ae3:192.168.164.238:39488], old=null at 0
2019-09-26 13:37:19,413 [37170b5e-38e8-41e6-8e7f-73d816854ae3@group-E0486BED7EF6-SegmentedRaftLogWorker] INFO  segmented.SegmentedRaftLogWorker (SegmentedRaftLogWorker.java:execute(569)) - 37170b5e-38e8-41e6-8e7f-73d816854ae3@group-E0486BED7EF6-SegmentedRaftLogWorker: created new log segment /workdir/hadoop-ozone/tools/target/test-dir/MiniOzoneClusterImpl-3a20bb1b-dac2-4ca8-91d1-f72b8431aeb5/datanode-4/data/ratis/e7033f5b-a38d-4b25-8f24-e0486bed7ef6/current/log_inprogress_0
 100.00% |█████████████████████████████████████████████████████████████████████████████████████████████████████|  1/1 Time: 0:00:06
]]></system-out>
  </testcase>
  <testcase name="standaloneTestLargeKey" classname="org.apache.hadoop.ozone.freon.TestDataValidateWithDummyContainers" time="5.04">
    <error message="Allocated 0 blocks. Requested 5 blocks" type="INTERNAL_ERROR org.apache.hadoop.ozone.om.exceptions.OMException">INTERNAL_ERROR org.apache.hadoop.ozone.om.exceptions.OMException: Allocated 0 blocks. Requested 5 blocks
	at org.apache.hadoop.ozone.om.protocolPB.OzoneManagerProtocolClientSideTranslatorPB.handleError(OzoneManagerProtocolClientSideTranslatorPB.java:732)
	at org.apache.hadoop.ozone.om.protocolPB.OzoneManagerProtocolClientSideTranslatorPB.openKey(OzoneManagerProtocolClientSideTranslatorPB.java:723)
	at sun.reflect.NativeMethodAccessorImpl.invoke0(Native Method)
	at sun.reflect.NativeMethodAccessorImpl.invoke(NativeMethodAccessorImpl.java:62)
	at sun.reflect.DelegatingMethodAccessorImpl.invoke(DelegatingMethodAccessorImpl.java:43)
	at java.lang.reflect.Method.invoke(Method.java:498)
	at org.apache.hadoop.hdds.tracing.TraceAllMethod.invoke(TraceAllMethod.java:66)
	at com.sun.proxy.$Proxy37.openKey(Unknown Source)
	at org.apache.hadoop.ozone.client.rpc.RpcClient.createKey(RpcClient.java:614)
	at org.apache.hadoop.ozone.client.OzoneBucket.createKey(OzoneBucket.java:325)
	at org.apache.hadoop.ozone.freon.RandomKeyGenerator.createKey(RandomKeyGenerator.java:695)
	at org.apache.hadoop.ozone.freon.RandomKeyGenerator.access$1100(RandomKeyGenerator.java:88)
	at org.apache.hadoop.ozone.freon.RandomKeyGenerator$ObjectCreator.run(RandomKeyGenerator.java:615)
	at java.util.concurrent.Executors$RunnableAdapter.call(Executors.java:511)
	at java.util.concurrent.FutureTask.run(FutureTask.java:266)
	at java.util.concurrent.ThreadPoolExecutor.runWorker(ThreadPoolExecutor.java:1149)
	at java.util.concurrent.ThreadPoolExecutor$Worker.run(ThreadPoolExecutor.java:624)
	at java.lang.Thread.run(Thread.java:748)
</error>
    <system-out><![CDATA[2019-09-26 13:37:19,533 [main] INFO  freon.RandomKeyGenerator (RandomKeyGenerator.java:call(258)) - Override validateWrites to false, because hdds.container.chunk.persistdata is set to false.
2019-09-26 13:37:19,534 [Thread-272] INFO  impl.FollowerState (FollowerState.java:run(106)) - 65b6a922-0f0f-4d93-80ba-5d2577e616a7:group-215A4B80FACB changes to CANDIDATE, lastRpcTime:5189, electionTimeout:5189ms
2019-09-26 13:37:19,534 [Thread-272] INFO  impl.RoleInfo (RoleInfo.java:shutdownFollowerState(121)) - 65b6a922-0f0f-4d93-80ba-5d2577e616a7: shutdown FollowerState
2019-09-26 13:37:19,534 [Thread-272] INFO  impl.RaftServerImpl (RaftServerImpl.java:setRole(174)) - 65b6a922-0f0f-4d93-80ba-5d2577e616a7@group-215A4B80FACB: changes role from  FOLLOWER to CANDIDATE at term 0 for changeToCandidate
2019-09-26 13:37:19,534 [Thread-272] INFO  impl.RoleInfo (RoleInfo.java:updateAndGet(143)) - 65b6a922-0f0f-4d93-80ba-5d2577e616a7: start LeaderElection
2019-09-26 13:37:19,554 [Thread-278] INFO  impl.FollowerState (FollowerState.java:run(106)) - 37170b5e-38e8-41e6-8e7f-73d816854ae3:group-8CEE6A4904B9 changes to CANDIDATE, lastRpcTime:5071, electionTimeout:5071ms
2019-09-26 13:37:19,554 [Thread-278] INFO  impl.RoleInfo (RoleInfo.java:shutdownFollowerState(121)) - 37170b5e-38e8-41e6-8e7f-73d816854ae3: shutdown FollowerState
2019-09-26 13:37:19,554 [Thread-278] INFO  impl.RaftServerImpl (RaftServerImpl.java:setRole(174)) - 37170b5e-38e8-41e6-8e7f-73d816854ae3@group-8CEE6A4904B9: changes role from  FOLLOWER to CANDIDATE at term 0 for changeToCandidate
2019-09-26 13:37:19,554 [Thread-278] INFO  impl.RoleInfo (RoleInfo.java:updateAndGet(143)) - 37170b5e-38e8-41e6-8e7f-73d816854ae3: start LeaderElection
2019-09-26 13:37:19,564 [main] INFO  freon.RandomKeyGenerator (RandomKeyGenerator.java:call(283)) - Number of Threads: 10
2019-09-26 13:37:19,564 [main] INFO  freon.RandomKeyGenerator (RandomKeyGenerator.java:call(288)) - Number of Volumes: 1.
2019-09-26 13:37:19,565 [main] INFO  freon.RandomKeyGenerator (RandomKeyGenerator.java:call(289)) - Number of Buckets per Volume: 1.
2019-09-26 13:37:19,565 [main] INFO  freon.RandomKeyGenerator (RandomKeyGenerator.java:call(290)) - Number of Keys per Bucket: 1.
2019-09-26 13:37:19,565 [main] INFO  freon.RandomKeyGenerator (RandomKeyGenerator.java:call(291)) - Key size: 20971520 bytes
2019-09-26 13:37:19,565 [main] INFO  freon.RandomKeyGenerator (RandomKeyGenerator.java:call(292)) - Buffer size: 4096 bytes
2019-09-26 13:37:19,565 [main] INFO  freon.RandomKeyGenerator (RandomKeyGenerator.java:call(293)) - validateWrites : false
2019-09-26 13:37:19,566 [37170b5e-38e8-41e6-8e7f-73d816854ae3@group-8CEE6A4904B9:LeaderElection21] INFO  impl.LeaderElection (LeaderElection.java:askForVotes(182)) - 37170b5e-38e8-41e6-8e7f-73d816854ae3@group-8CEE6A4904B9:LeaderElection21: begin an election at term 1 for -1: [37170b5e-38e8-41e6-8e7f-73d816854ae3:192.168.164.238:39488], old=null
2019-09-26 13:37:19,566 [65b6a922-0f0f-4d93-80ba-5d2577e616a7@group-215A4B80FACB:LeaderElection20] INFO  impl.LeaderElection (LeaderElection.java:askForVotes(182)) - 65b6a922-0f0f-4d93-80ba-5d2577e616a7@group-215A4B80FACB:LeaderElection20: begin an election at term 1 for -1: [65b6a922-0f0f-4d93-80ba-5d2577e616a7:192.168.164.238:37480], old=null
2019-09-26 13:37:19,566 [37170b5e-38e8-41e6-8e7f-73d816854ae3@group-8CEE6A4904B9:LeaderElection21] INFO  impl.RoleInfo (RoleInfo.java:shutdownLeaderElection(134)) - 37170b5e-38e8-41e6-8e7f-73d816854ae3: shutdown LeaderElection
2019-09-26 13:37:19,566 [pool-74-thread-1] INFO  rpc.RpcClient (RpcClient.java:createVolume(276)) - Creating Volume: vol-0-10326, with jenkins1000 as owner.
2019-09-26 13:37:19,567 [main] INFO  freon.RandomKeyGenerator (RandomKeyGenerator.java:call(313)) - Starting progress bar Thread.
2019-09-26 13:37:19,566 [37170b5e-38e8-41e6-8e7f-73d816854ae3@group-8CEE6A4904B9:LeaderElection21] INFO  impl.RaftServerImpl (RaftServerImpl.java:setRole(174)) - 37170b5e-38e8-41e6-8e7f-73d816854ae3@group-8CEE6A4904B9: changes role from CANDIDATE to LEADER at term 1 for changeToLeader

2019-09-26 13:37:19,566 [65b6a922-0f0f-4d93-80ba-5d2577e616a7@group-215A4B80FACB:LeaderElection20] INFO  impl.RoleInfo (RoleInfo.java:shutdownLeaderElection(134)) - 65b6a922-0f0f-4d93-80ba-5d2577e616a7: shutdown LeaderElection
2019-09-26 13:37:19,569 [Thread-275] INFO  impl.FollowerState (FollowerState.java:run(106)) - fa623484-5385-4c02-af08-45448d3dc09d:group-2643AB06EF7E changes to CANDIDATE, lastRpcTime:5144, electionTimeout:5142ms
 0.00% |█                                                                                                    |  0/1 Time: 0:00:002019-09-26 13:37:19,567 [37170b5e-38e8-41e6-8e7f-73d816854ae3@group-8CEE6A4904B9:LeaderElection21] INFO  impl.RaftServerImpl (ServerState.java:setLeader(253)) - 37170b5e-38e8-41e6-8e7f-73d816854ae3@group-8CEE6A4904B9: change Leader from null to 37170b5e-38e8-41e6-8e7f-73d816854ae3 at term 1 for becomeLeader, leader elected after 5090ms
2019-09-26 13:37:19,569 [Thread-275] INFO  impl.RoleInfo (RoleInfo.java:shutdownFollowerState(121)) - fa623484-5385-4c02-af08-45448d3dc09d: shutdown FollowerState
2019-09-26 13:37:19,569 [65b6a922-0f0f-4d93-80ba-5d2577e616a7@group-215A4B80FACB:LeaderElection20] INFO  impl.RaftServerImpl (RaftServerImpl.java:setRole(174)) - 65b6a922-0f0f-4d93-80ba-5d2577e616a7@group-215A4B80FACB: changes role from CANDIDATE to LEADER at term 1 for changeToLeader
2019-09-26 13:37:19,569 [Thread-275] INFO  impl.RaftServerImpl (RaftServerImpl.java:setRole(174)) - fa623484-5385-4c02-af08-45448d3dc09d@group-2643AB06EF7E: changes role from  FOLLOWER to CANDIDATE at term 0 for changeToCandidate
2019-09-26 13:37:19,569 [37170b5e-38e8-41e6-8e7f-73d816854ae3@group-8CEE6A4904B9:LeaderElection21] INFO  server.RaftServerConfigKeys (ConfUtils.java:logGet(43)) - raft.server.staging.catchup.gap = 1000 (default)
2019-09-26 13:37:19,570 [Thread-275] INFO  impl.RoleInfo (RoleInfo.java:updateAndGet(143)) - fa623484-5385-4c02-af08-45448d3dc09d: start LeaderElection
2019-09-26 13:37:19,569 [65b6a922-0f0f-4d93-80ba-5d2577e616a7@group-215A4B80FACB:LeaderElection20] INFO  impl.RaftServerImpl (ServerState.java:setLeader(253)) - 65b6a922-0f0f-4d93-80ba-5d2577e616a7@group-215A4B80FACB: change Leader from null to 65b6a922-0f0f-4d93-80ba-5d2577e616a7 at term 1 for becomeLeader, leader elected after 5231ms
2019-09-26 13:37:19,570 [37170b5e-38e8-41e6-8e7f-73d816854ae3@group-8CEE6A4904B9:LeaderElection21] INFO  server.RaftServerConfigKeys (ConfUtils.java:logGet(43)) - raft.server.rpc.sleep.time = 25ms (default)
2019-09-26 13:37:19,570 [65b6a922-0f0f-4d93-80ba-5d2577e616a7@group-215A4B80FACB:LeaderElection20] INFO  server.RaftServerConfigKeys (ConfUtils.java:logGet(43)) - raft.server.staging.catchup.gap = 1000 (default)
2019-09-26 13:37:19,572 [65b6a922-0f0f-4d93-80ba-5d2577e616a7@group-215A4B80FACB:LeaderElection20] INFO  server.RaftServerConfigKeys (ConfUtils.java:logGet(43)) - raft.server.rpc.sleep.time = 25ms (default)
2019-09-26 13:37:19,570 [37170b5e-38e8-41e6-8e7f-73d816854ae3@group-8CEE6A4904B9:LeaderElection21] INFO  server.RaftServerConfigKeys (ConfUtils.java:logGet(43)) - raft.server.write.element-limit = 4096 (default)
2019-09-26 13:37:19,572 [65b6a922-0f0f-4d93-80ba-5d2577e616a7@group-215A4B80FACB:LeaderElection20] INFO  server.RaftServerConfigKeys (ConfUtils.java:logGet(43)) - raft.server.write.element-limit = 4096 (default)
2019-09-26 13:37:19,572 [37170b5e-38e8-41e6-8e7f-73d816854ae3@group-8CEE6A4904B9:LeaderElection21] INFO  server.RaftServerConfigKeys (ConfUtils.java:logGet(43)) - raft.server.watch.timeout = 10s (default)
2019-09-26 13:37:19,572 [65b6a922-0f0f-4d93-80ba-5d2577e616a7@group-215A4B80FACB:LeaderElection20] INFO  server.RaftServerConfigKeys (ConfUtils.java:logGet(43)) - raft.server.watch.timeout = 10s (default)
2019-09-26 13:37:19,572 [37170b5e-38e8-41e6-8e7f-73d816854ae3@group-8CEE6A4904B9:LeaderElection21] INFO  server.RaftServerConfigKeys (ConfUtils.java:logGet(43)) - raft.server.watch.timeout.denomination = 1s (default)
2019-09-26 13:37:19,573 [65b6a922-0f0f-4d93-80ba-5d2577e616a7@group-215A4B80FACB:LeaderElection20] INFO  server.RaftServerConfigKeys (ConfUtils.java:logGet(43)) - raft.server.watch.timeout.denomination = 1s (default)
2019-09-26 13:37:19,573 [37170b5e-38e8-41e6-8e7f-73d816854ae3@group-8CEE6A4904B9:LeaderElection21] INFO  server.RaftServerConfigKeys (ConfUtils.java:logGet(43)) - raft.server.watch.element-limit = 65536 (default)
2019-09-26 13:37:19,573 [65b6a922-0f0f-4d93-80ba-5d2577e616a7@group-215A4B80FACB:LeaderElection20] INFO  server.RaftServerConfigKeys (ConfUtils.java:logGet(43)) - raft.server.watch.element-limit = 65536 (default)
2019-09-26 13:37:19,573 [IPC Server handler 0 on 38689] INFO  volume.OMVolumeCreateRequest (OMVolumeCreateRequest.java:validateAndUpdateCache(189)) - created volume:vol-0-10326 for user:jenkins1000
2019-09-26 13:37:19,579 [37170b5e-38e8-41e6-8e7f-73d816854ae3@group-8CEE6A4904B9:LeaderElection21] INFO  impl.RoleInfo (RoleInfo.java:updateAndGet(143)) - 37170b5e-38e8-41e6-8e7f-73d816854ae3: start LeaderState
2019-09-26 13:37:19,581 [37170b5e-38e8-41e6-8e7f-73d816854ae3@group-8CEE6A4904B9:LeaderElection21] INFO  segmented.SegmentedRaftLogWorker (SegmentedRaftLogWorker.java:startLogSegment(380)) - 37170b5e-38e8-41e6-8e7f-73d816854ae3@group-8CEE6A4904B9-SegmentedRaftLogWorker: Starting segment from index:0
2019-09-26 13:37:19,581 [65b6a922-0f0f-4d93-80ba-5d2577e616a7@group-215A4B80FACB:LeaderElection20] INFO  impl.RoleInfo (RoleInfo.java:updateAndGet(143)) - 65b6a922-0f0f-4d93-80ba-5d2577e616a7: start LeaderState
2019-09-26 13:37:19,582 [65b6a922-0f0f-4d93-80ba-5d2577e616a7@group-215A4B80FACB:LeaderElection20] INFO  segmented.SegmentedRaftLogWorker (SegmentedRaftLogWorker.java:startLogSegment(380)) - 65b6a922-0f0f-4d93-80ba-5d2577e616a7@group-215A4B80FACB-SegmentedRaftLogWorker: Starting segment from index:0
2019-09-26 13:37:19,582 [37170b5e-38e8-41e6-8e7f-73d816854ae3@group-8CEE6A4904B9:LeaderElection21] INFO  impl.RaftServerImpl (ServerState.java:setRaftConf(354)) - 37170b5e-38e8-41e6-8e7f-73d816854ae3@group-8CEE6A4904B9: set configuration 0: [37170b5e-38e8-41e6-8e7f-73d816854ae3:192.168.164.238:39488], old=null at 0
2019-09-26 13:37:19,620 [Thread-281] INFO  impl.FollowerState (FollowerState.java:run(106)) - fa623484-5385-4c02-af08-45448d3dc09d:group-1F74153084E8 changes to CANDIDATE, lastRpcTime:5085, electionTimeout:5068ms
2019-09-26 13:37:19,620 [65b6a922-0f0f-4d93-80ba-5d2577e616a7@group-215A4B80FACB:LeaderElection20] INFO  impl.RaftServerImpl (ServerState.java:setRaftConf(354)) - 65b6a922-0f0f-4d93-80ba-5d2577e616a7@group-215A4B80FACB: set configuration 0: [65b6a922-0f0f-4d93-80ba-5d2577e616a7:192.168.164.238:37480], old=null at 0
2019-09-26 13:37:19,620 [Thread-281] INFO  impl.RoleInfo (RoleInfo.java:shutdownFollowerState(121)) - fa623484-5385-4c02-af08-45448d3dc09d: shutdown FollowerState
2019-09-26 13:37:19,620 [pool-74-thread-2] INFO  rpc.RpcClient (RpcClient.java:createBucket(415)) - Creating Bucket: vol-0-10326/bucket-0-28819, with Versioning false and Storage Type set to DISK and Encryption set to false 
2019-09-26 13:37:19,658 [37170b5e-38e8-41e6-8e7f-73d816854ae3@group-8CEE6A4904B9-SegmentedRaftLogWorker] INFO  segmented.SegmentedRaftLogWorker (SegmentedRaftLogWorker.java:execute(569)) - 37170b5e-38e8-41e6-8e7f-73d816854ae3@group-8CEE6A4904B9-SegmentedRaftLogWorker: created new log segment /workdir/hadoop-ozone/tools/target/test-dir/MiniOzoneClusterImpl-3a20bb1b-dac2-4ca8-91d1-f72b8431aeb5/datanode-4/data/ratis/a8f16a67-cd01-450c-8398-8cee6a4904b9/current/log_inprogress_0
2019-09-26 13:37:19,658 [Thread-287] INFO  impl.FollowerState (FollowerState.java:run(106)) - 65b6a922-0f0f-4d93-80ba-5d2577e616a7:group-5A01BF6C751A changes to CANDIDATE, lastRpcTime:5015, electionTimeout:5005ms
2019-09-26 13:37:19,620 [fa623484-5385-4c02-af08-45448d3dc09d@group-2643AB06EF7E:LeaderElection22] INFO  impl.LeaderElection (LeaderElection.java:askForVotes(182)) - fa623484-5385-4c02-af08-45448d3dc09d@group-2643AB06EF7E:LeaderElection22: begin an election at term 1 for -1: [fa623484-5385-4c02-af08-45448d3dc09d:192.168.164.238:42639], old=null
2019-09-26 13:37:19,661 [Thread-287] INFO  impl.RoleInfo (RoleInfo.java:shutdownFollowerState(121)) - 65b6a922-0f0f-4d93-80ba-5d2577e616a7: shutdown FollowerState
2019-09-26 13:37:19,660 [Thread-281] INFO  impl.RaftServerImpl (RaftServerImpl.java:setRole(174)) - fa623484-5385-4c02-af08-45448d3dc09d@group-1F74153084E8: changes role from  FOLLOWER to CANDIDATE at term 0 for changeToCandidate
2019-09-26 13:37:19,661 [Thread-287] INFO  impl.RaftServerImpl (RaftServerImpl.java:setRole(174)) - 65b6a922-0f0f-4d93-80ba-5d2577e616a7@group-5A01BF6C751A: changes role from  FOLLOWER to CANDIDATE at term 0 for changeToCandidate
2019-09-26 13:37:19,661 [fa623484-5385-4c02-af08-45448d3dc09d@group-2643AB06EF7E:LeaderElection22] INFO  impl.RoleInfo (RoleInfo.java:shutdownLeaderElection(134)) - fa623484-5385-4c02-af08-45448d3dc09d: shutdown LeaderElection
2019-09-26 13:37:19,662 [Thread-287] INFO  impl.RoleInfo (RoleInfo.java:updateAndGet(143)) - 65b6a922-0f0f-4d93-80ba-5d2577e616a7: start LeaderElection
2019-09-26 13:37:19,661 [Thread-281] INFO  impl.RoleInfo (RoleInfo.java:updateAndGet(143)) - fa623484-5385-4c02-af08-45448d3dc09d: start LeaderElection
2019-09-26 13:37:19,662 [fa623484-5385-4c02-af08-45448d3dc09d@group-2643AB06EF7E:LeaderElection22] INFO  impl.RaftServerImpl (RaftServerImpl.java:setRole(174)) - fa623484-5385-4c02-af08-45448d3dc09d@group-2643AB06EF7E: changes role from CANDIDATE to LEADER at term 1 for changeToLeader
2019-09-26 13:37:19,662 [fa623484-5385-4c02-af08-45448d3dc09d@group-2643AB06EF7E:LeaderElection22] INFO  impl.RaftServerImpl (ServerState.java:setLeader(253)) - fa623484-5385-4c02-af08-45448d3dc09d@group-2643AB06EF7E: change Leader from null to fa623484-5385-4c02-af08-45448d3dc09d at term 1 for becomeLeader, leader elected after 5243ms
2019-09-26 13:37:19,662 [fa623484-5385-4c02-af08-45448d3dc09d@group-2643AB06EF7E:LeaderElection22] INFO  server.RaftServerConfigKeys (ConfUtils.java:logGet(43)) - raft.server.staging.catchup.gap = 1000 (default)
2019-09-26 13:37:19,662 [fa623484-5385-4c02-af08-45448d3dc09d@group-2643AB06EF7E:LeaderElection22] INFO  server.RaftServerConfigKeys (ConfUtils.java:logGet(43)) - raft.server.rpc.sleep.time = 25ms (default)
2019-09-26 13:37:19,666 [fa623484-5385-4c02-af08-45448d3dc09d@group-2643AB06EF7E:LeaderElection22] INFO  server.RaftServerConfigKeys (ConfUtils.java:logGet(43)) - raft.server.write.element-limit = 4096 (default)
2019-09-26 13:37:19,666 [fa623484-5385-4c02-af08-45448d3dc09d@group-2643AB06EF7E:LeaderElection22] INFO  server.RaftServerConfigKeys (ConfUtils.java:logGet(43)) - raft.server.watch.timeout = 10s (default)
2019-09-26 13:37:19,666 [fa623484-5385-4c02-af08-45448d3dc09d@group-2643AB06EF7E:LeaderElection22] INFO  server.RaftServerConfigKeys (ConfUtils.java:logGet(43)) - raft.server.watch.timeout.denomination = 1s (default)
2019-09-26 13:37:19,667 [fa623484-5385-4c02-af08-45448d3dc09d@group-2643AB06EF7E:LeaderElection22] INFO  server.RaftServerConfigKeys (ConfUtils.java:logGet(43)) - raft.server.watch.element-limit = 65536 (default)
2019-09-26 13:37:19,671 [fa623484-5385-4c02-af08-45448d3dc09d@group-2643AB06EF7E:LeaderElection22] INFO  impl.RoleInfo (RoleInfo.java:updateAndGet(143)) - fa623484-5385-4c02-af08-45448d3dc09d: start LeaderState
2019-09-26 13:37:19,671 [65b6a922-0f0f-4d93-80ba-5d2577e616a7@group-215A4B80FACB-SegmentedRaftLogWorker] INFO  segmented.SegmentedRaftLogWorker (SegmentedRaftLogWorker.java:execute(569)) - 65b6a922-0f0f-4d93-80ba-5d2577e616a7@group-215A4B80FACB-SegmentedRaftLogWorker: created new log segment /workdir/hadoop-ozone/tools/target/test-dir/MiniOzoneClusterImpl-3a20bb1b-dac2-4ca8-91d1-f72b8431aeb5/datanode-1/data/ratis/6a4fc4b9-bce6-40f2-bb93-215a4b80facb/current/log_inprogress_0
2019-09-26 13:37:19,671 [fa623484-5385-4c02-af08-45448d3dc09d@group-1F74153084E8:LeaderElection23] INFO  impl.LeaderElection (LeaderElection.java:askForVotes(182)) - fa623484-5385-4c02-af08-45448d3dc09d@group-1F74153084E8:LeaderElection23: begin an election at term 1 for -1: [fa623484-5385-4c02-af08-45448d3dc09d:192.168.164.238:42639], old=null
2019-09-26 13:37:19,671 [65b6a922-0f0f-4d93-80ba-5d2577e616a7@group-5A01BF6C751A:LeaderElection24] INFO  impl.LeaderElection (LeaderElection.java:askForVotes(182)) - 65b6a922-0f0f-4d93-80ba-5d2577e616a7@group-5A01BF6C751A:LeaderElection24: begin an election at term 1 for -1: [65b6a922-0f0f-4d93-80ba-5d2577e616a7:192.168.164.238:37480], old=null
2019-09-26 13:37:19,671 [fa623484-5385-4c02-af08-45448d3dc09d@group-1F74153084E8:LeaderElection23] INFO  impl.RoleInfo (RoleInfo.java:shutdownLeaderElection(134)) - fa623484-5385-4c02-af08-45448d3dc09d: shutdown LeaderElection
2019-09-26 13:37:19,671 [fa623484-5385-4c02-af08-45448d3dc09d@group-2643AB06EF7E:LeaderElection22] INFO  segmented.SegmentedRaftLogWorker (SegmentedRaftLogWorker.java:startLogSegment(380)) - fa623484-5385-4c02-af08-45448d3dc09d@group-2643AB06EF7E-SegmentedRaftLogWorker: Starting segment from index:0
2019-09-26 13:37:19,672 [fa623484-5385-4c02-af08-45448d3dc09d@group-1F74153084E8:LeaderElection23] INFO  impl.RaftServerImpl (RaftServerImpl.java:setRole(174)) - fa623484-5385-4c02-af08-45448d3dc09d@group-1F74153084E8: changes role from CANDIDATE to LEADER at term 1 for changeToLeader
2019-09-26 13:37:19,672 [65b6a922-0f0f-4d93-80ba-5d2577e616a7@group-5A01BF6C751A:LeaderElection24] INFO  impl.RoleInfo (RoleInfo.java:shutdownLeaderElection(134)) - 65b6a922-0f0f-4d93-80ba-5d2577e616a7: shutdown LeaderElection
2019-09-26 13:37:19,672 [fa623484-5385-4c02-af08-45448d3dc09d@group-1F74153084E8:LeaderElection23] INFO  impl.RaftServerImpl (ServerState.java:setLeader(253)) - fa623484-5385-4c02-af08-45448d3dc09d@group-1F74153084E8: change Leader from null to fa623484-5385-4c02-af08-45448d3dc09d at term 1 for becomeLeader, leader elected after 5145ms
2019-09-26 13:37:19,672 [fa623484-5385-4c02-af08-45448d3dc09d@group-2643AB06EF7E:LeaderElection22] INFO  impl.RaftServerImpl (ServerState.java:setRaftConf(354)) - fa623484-5385-4c02-af08-45448d3dc09d@group-2643AB06EF7E: set configuration 0: [fa623484-5385-4c02-af08-45448d3dc09d:192.168.164.238:42639], old=null at 0
2019-09-26 13:37:19,672 [fa623484-5385-4c02-af08-45448d3dc09d@group-1F74153084E8:LeaderElection23] INFO  server.RaftServerConfigKeys (ConfUtils.java:logGet(43)) - raft.server.staging.catchup.gap = 1000 (default)
2019-09-26 13:37:19,672 [65b6a922-0f0f-4d93-80ba-5d2577e616a7@group-5A01BF6C751A:LeaderElection24] INFO  impl.RaftServerImpl (RaftServerImpl.java:setRole(174)) - 65b6a922-0f0f-4d93-80ba-5d2577e616a7@group-5A01BF6C751A: changes role from CANDIDATE to LEADER at term 1 for changeToLeader
2019-09-26 13:37:19,703 [fa623484-5385-4c02-af08-45448d3dc09d@group-1F74153084E8:LeaderElection23] INFO  server.RaftServerConfigKeys (ConfUtils.java:logGet(43)) - raft.server.rpc.sleep.time = 25ms (default)
2019-09-26 13:37:19,703 [65b6a922-0f0f-4d93-80ba-5d2577e616a7@group-5A01BF6C751A:LeaderElection24] INFO  impl.RaftServerImpl (ServerState.java:setLeader(253)) - 65b6a922-0f0f-4d93-80ba-5d2577e616a7@group-5A01BF6C751A: change Leader from null to 65b6a922-0f0f-4d93-80ba-5d2577e616a7 at term 1 for becomeLeader, leader elected after 5069ms
2019-09-26 13:37:19,703 [fa623484-5385-4c02-af08-45448d3dc09d@group-1F74153084E8:LeaderElection23] INFO  server.RaftServerConfigKeys (ConfUtils.java:logGet(43)) - raft.server.write.element-limit = 4096 (default)
2019-09-26 13:37:19,703 [65b6a922-0f0f-4d93-80ba-5d2577e616a7@group-5A01BF6C751A:LeaderElection24] INFO  server.RaftServerConfigKeys (ConfUtils.java:logGet(43)) - raft.server.staging.catchup.gap = 1000 (default)
2019-09-26 13:37:19,703 [fa623484-5385-4c02-af08-45448d3dc09d@group-1F74153084E8:LeaderElection23] INFO  server.RaftServerConfigKeys (ConfUtils.java:logGet(43)) - raft.server.watch.timeout = 10s (default)
2019-09-26 13:37:19,704 [65b6a922-0f0f-4d93-80ba-5d2577e616a7@group-5A01BF6C751A:LeaderElection24] INFO  server.RaftServerConfigKeys (ConfUtils.java:logGet(43)) - raft.server.rpc.sleep.time = 25ms (default)
2019-09-26 13:37:19,704 [fa623484-5385-4c02-af08-45448d3dc09d@group-1F74153084E8:LeaderElection23] INFO  server.RaftServerConfigKeys (ConfUtils.java:logGet(43)) - raft.server.watch.timeout.denomination = 1s (default)
2019-09-26 13:37:19,704 [65b6a922-0f0f-4d93-80ba-5d2577e616a7@group-5A01BF6C751A:LeaderElection24] INFO  server.RaftServerConfigKeys (ConfUtils.java:logGet(43)) - raft.server.write.element-limit = 4096 (default)
2019-09-26 13:37:19,704 [fa623484-5385-4c02-af08-45448d3dc09d@group-1F74153084E8:LeaderElection23] INFO  server.RaftServerConfigKeys (ConfUtils.java:logGet(43)) - raft.server.watch.element-limit = 65536 (default)
2019-09-26 13:37:19,704 [65b6a922-0f0f-4d93-80ba-5d2577e616a7@group-5A01BF6C751A:LeaderElection24] INFO  server.RaftServerConfigKeys (ConfUtils.java:logGet(43)) - raft.server.watch.timeout = 10s (default)
2019-09-26 13:37:19,704 [65b6a922-0f0f-4d93-80ba-5d2577e616a7@group-5A01BF6C751A:LeaderElection24] INFO  server.RaftServerConfigKeys (ConfUtils.java:logGet(43)) - raft.server.watch.timeout.denomination = 1s (default)
2019-09-26 13:37:19,705 [65b6a922-0f0f-4d93-80ba-5d2577e616a7@group-5A01BF6C751A:LeaderElection24] INFO  server.RaftServerConfigKeys (ConfUtils.java:logGet(43)) - raft.server.watch.element-limit = 65536 (default)
2019-09-26 13:37:19,706 [IPC Server handler 1 on 33372] INFO  pipeline.PipelinePlacementPolicy (PipelinePlacementPolicy.java:meetCriteria(91)) - Pipeline Placement: can't place more pipeline on heavy datanode： 65b6a922-0f0f-4d93-80ba-5d2577e616a7 Heaviness: 6 limit: 5
2019-09-26 13:37:19,707 [IPC Server handler 1 on 33372] INFO  pipeline.PipelinePlacementPolicy (PipelinePlacementPolicy.java:meetCriteria(91)) - Pipeline Placement: can't place more pipeline on heavy datanode： 37170b5e-38e8-41e6-8e7f-73d816854ae3 Heaviness: 6 limit: 5
2019-09-26 13:37:19,707 [IPC Server handler 1 on 33372] INFO  pipeline.PipelinePlacementPolicy (PipelinePlacementPolicy.java:meetCriteria(91)) - Pipeline Placement: can't place more pipeline on heavy datanode： 9bae32d7-3aab-4e1e-ace1-c4157a7584ea Heaviness: 6 limit: 5
2019-09-26 13:37:19,707 [IPC Server handler 1 on 33372] INFO  pipeline.PipelinePlacementPolicy (PipelinePlacementPolicy.java:meetCriteria(91)) - Pipeline Placement: can't place more pipeline on heavy datanode： 8e03446a-97fa-4aed-a68a-73437ef1131e Heaviness: 6 limit: 5
2019-09-26 13:37:19,707 [IPC Server handler 1 on 33372] INFO  pipeline.PipelinePlacementPolicy (PipelinePlacementPolicy.java:meetCriteria(91)) - Pipeline Placement: can't place more pipeline on heavy datanode： fa623484-5385-4c02-af08-45448d3dc09d Heaviness: 6 limit: 5
2019-09-26 13:37:19,707 [fa623484-5385-4c02-af08-45448d3dc09d@group-1F74153084E8:LeaderElection23] INFO  impl.RoleInfo (RoleInfo.java:updateAndGet(143)) - fa623484-5385-4c02-af08-45448d3dc09d: start LeaderState
2019-09-26 13:37:19,707 [IPC Server handler 1 on 33372] ERROR pipeline.PipelinePlacementPolicy (PipelinePlacementPolicy.java:filterViableNodes(148)) - Unable to find enough nodes that meet the criteria that cannot engage in more than 5 pipelines. Nodes required: 3 Found: 0, healthy nodes count inNodeManager: 5.
2019-09-26 13:37:19,708 [fa623484-5385-4c02-af08-45448d3dc09d@group-1F74153084E8:LeaderElection23] INFO  segmented.SegmentedRaftLogWorker (SegmentedRaftLogWorker.java:startLogSegment(380)) - fa623484-5385-4c02-af08-45448d3dc09d@group-1F74153084E8-SegmentedRaftLogWorker: Starting segment from index:0
2019-09-26 13:37:19,707 [65b6a922-0f0f-4d93-80ba-5d2577e616a7@group-5A01BF6C751A:LeaderElection24] INFO  impl.RoleInfo (RoleInfo.java:updateAndGet(143)) - 65b6a922-0f0f-4d93-80ba-5d2577e616a7: start LeaderState
2019-09-26 13:37:19,708 [IPC Server handler 1 on 33372] ERROR pipeline.SCMPipelineManager (SCMPipelineManager.java:createPipeline(167)) - Pipeline creation failed.
org.apache.hadoop.hdds.scm.exceptions.SCMException: Unable to find enough nodes that meet the criteria that cannot engage in more than 5 pipelines. Nodes required: 3 Found: 0, healthy nodes count inNodeManager: 5.
	at org.apache.hadoop.hdds.scm.pipeline.PipelinePlacementPolicy.filterViableNodes(PipelinePlacementPolicy.java:149)
	at org.apache.hadoop.hdds.scm.pipeline.PipelinePlacementPolicy.chooseDatanodes(PipelinePlacementPolicy.java:172)
	at org.apache.hadoop.hdds.scm.pipeline.RatisPipelineProvider.create(RatisPipelineProvider.java:93)
	at org.apache.hadoop.hdds.scm.pipeline.PipelineFactory.create(PipelineFactory.java:58)
	at org.apache.hadoop.hdds.scm.pipeline.SCMPipelineManager.createPipeline(SCMPipelineManager.java:155)
	at org.apache.hadoop.hdds.scm.block.BlockManagerImpl.allocateBlock(BlockManagerImpl.java:190)
	at org.apache.hadoop.hdds.scm.server.SCMBlockProtocolServer.allocateBlock(SCMBlockProtocolServer.java:182)
	at org.apache.hadoop.ozone.protocolPB.ScmBlockLocationProtocolServerSideTranslatorPB.allocateScmBlock(ScmBlockLocationProtocolServerSideTranslatorPB.java:183)
	at org.apache.hadoop.ozone.protocolPB.ScmBlockLocationProtocolServerSideTranslatorPB.processMessage(ScmBlockLocationProtocolServerSideTranslatorPB.java:141)
	at org.apache.hadoop.ozone.protocolPB.ScmBlockLocationProtocolServerSideTranslatorPB.send(ScmBlockLocationProtocolServerSideTranslatorPB.java:116)
	at org.apache.hadoop.hdds.protocol.proto.ScmBlockLocationProtocolProtos$ScmBlockLocationProtocolService$2.callBlockingMethod(ScmBlockLocationProtocolProtos.java:13157)
	at org.apache.hadoop.ipc.ProtobufRpcEngine$Server$ProtoBufRpcInvoker.call(ProtobufRpcEngine.java:524)
	at org.apache.hadoop.ipc.RPC$Server.call(RPC.java:1025)
	at org.apache.hadoop.ipc.Server$RpcCall.run(Server.java:876)
	at org.apache.hadoop.ipc.Server$RpcCall.run(Server.java:822)
	at java.security.AccessController.doPrivileged(Native Method)
	at javax.security.auth.Subject.doAs(Subject.java:422)
	at org.apache.hadoop.security.UserGroupInformation.doAs(UserGroupInformation.java:1730)
	at org.apache.hadoop.ipc.Server$Handler.run(Server.java:2682)
2019-09-26 13:37:19,708 [fa623484-5385-4c02-af08-45448d3dc09d@group-1F74153084E8:LeaderElection23] INFO  impl.RaftServerImpl (ServerState.java:setRaftConf(354)) - fa623484-5385-4c02-af08-45448d3dc09d@group-1F74153084E8: set configuration 0: [fa623484-5385-4c02-af08-45448d3dc09d:192.168.164.238:42639], old=null at 0
2019-09-26 13:37:19,708 [65b6a922-0f0f-4d93-80ba-5d2577e616a7@group-5A01BF6C751A:LeaderElection24] INFO  segmented.SegmentedRaftLogWorker (SegmentedRaftLogWorker.java:startLogSegment(380)) - 65b6a922-0f0f-4d93-80ba-5d2577e616a7@group-5A01BF6C751A-SegmentedRaftLogWorker: Starting segment from index:0
2019-09-26 13:37:19,742 [fa623484-5385-4c02-af08-45448d3dc09d@group-2643AB06EF7E-SegmentedRaftLogWorker] INFO  segmented.SegmentedRaftLogWorker (SegmentedRaftLogWorker.java:execute(569)) - fa623484-5385-4c02-af08-45448d3dc09d@group-2643AB06EF7E-SegmentedRaftLogWorker: created new log segment /workdir/hadoop-ozone/tools/target/test-dir/MiniOzoneClusterImpl-3a20bb1b-dac2-4ca8-91d1-f72b8431aeb5/datanode-0/data/ratis/ecfb455c-0556-400e-945b-2643ab06ef7e/current/log_inprogress_0
2019-09-26 13:37:19,742 [Thread-284] INFO  impl.FollowerState (FollowerState.java:run(106)) - 8e03446a-97fa-4aed-a68a-73437ef1131e:group-883B7EE45581 changes to CANDIDATE, lastRpcTime:5153, electionTimeout:5135ms
2019-09-26 13:37:19,743 [65b6a922-0f0f-4d93-80ba-5d2577e616a7@group-5A01BF6C751A:LeaderElection24] INFO  impl.RaftServerImpl (ServerState.java:setRaftConf(354)) - 65b6a922-0f0f-4d93-80ba-5d2577e616a7@group-5A01BF6C751A: set configuration 0: [65b6a922-0f0f-4d93-80ba-5d2577e616a7:192.168.164.238:37480], old=null at 0
2019-09-26 13:37:19,708 [IPC Server handler 1 on 33372] WARN  block.BlockManagerImpl (BlockManagerImpl.java:allocateBlock(192)) - Pipeline creation failed for type:RATIS factor:THREE. Retrying get pipelines call once.
org.apache.hadoop.hdds.scm.exceptions.SCMException: Unable to find enough nodes that meet the criteria that cannot engage in more than 5 pipelines. Nodes required: 3 Found: 0, healthy nodes count inNodeManager: 5.
	at org.apache.hadoop.hdds.scm.pipeline.PipelinePlacementPolicy.filterViableNodes(PipelinePlacementPolicy.java:149)
	at org.apache.hadoop.hdds.scm.pipeline.PipelinePlacementPolicy.chooseDatanodes(PipelinePlacementPolicy.java:172)
	at org.apache.hadoop.hdds.scm.pipeline.RatisPipelineProvider.create(RatisPipelineProvider.java:93)
	at org.apache.hadoop.hdds.scm.pipeline.PipelineFactory.create(PipelineFactory.java:58)
	at org.apache.hadoop.hdds.scm.pipeline.SCMPipelineManager.createPipeline(SCMPipelineManager.java:155)
	at org.apache.hadoop.hdds.scm.block.BlockManagerImpl.allocateBlock(BlockManagerImpl.java:190)
	at org.apache.hadoop.hdds.scm.server.SCMBlockProtocolServer.allocateBlock(SCMBlockProtocolServer.java:182)
	at org.apache.hadoop.ozone.protocolPB.ScmBlockLocationProtocolServerSideTranslatorPB.allocateScmBlock(ScmBlockLocationProtocolServerSideTranslatorPB.java:183)
	at org.apache.hadoop.ozone.protocolPB.ScmBlockLocationProtocolServerSideTranslatorPB.processMessage(ScmBlockLocationProtocolServerSideTranslatorPB.java:141)
	at org.apache.hadoop.ozone.protocolPB.ScmBlockLocationProtocolServerSideTranslatorPB.send(ScmBlockLocationProtocolServerSideTranslatorPB.java:116)
	at org.apache.hadoop.hdds.protocol.proto.ScmBlockLocationProtocolProtos$ScmBlockLocationProtocolService$2.callBlockingMethod(ScmBlockLocationProtocolProtos.java:13157)
	at org.apache.hadoop.ipc.ProtobufRpcEngine$Server$ProtoBufRpcInvoker.call(ProtobufRpcEngine.java:524)
	at org.apache.hadoop.ipc.RPC$Server.call(RPC.java:1025)
	at org.apache.hadoop.ipc.Server$RpcCall.run(Server.java:876)
	at org.apache.hadoop.ipc.Server$RpcCall.run(Server.java:822)
	at java.security.AccessController.doPrivileged(Native Method)
	at javax.security.auth.Subject.doAs(Subject.java:422)
	at org.apache.hadoop.security.UserGroupInformation.doAs(UserGroupInformation.java:1730)
	at org.apache.hadoop.ipc.Server$Handler.run(Server.java:2682)
2019-09-26 13:37:19,784 [fa623484-5385-4c02-af08-45448d3dc09d@group-1F74153084E8-SegmentedRaftLogWorker] INFO  segmented.SegmentedRaftLogWorker (SegmentedRaftLogWorker.java:execute(569)) - fa623484-5385-4c02-af08-45448d3dc09d@group-1F74153084E8-SegmentedRaftLogWorker: created new log segment /workdir/hadoop-ozone/tools/target/test-dir/MiniOzoneClusterImpl-3a20bb1b-dac2-4ca8-91d1-f72b8431aeb5/datanode-0/data/ratis/a04cde76-5abb-4dda-b61b-1f74153084e8/current/log_inprogress_0
2019-09-26 13:37:19,743 [Thread-284] INFO  impl.RoleInfo (RoleInfo.java:shutdownFollowerState(121)) - 8e03446a-97fa-4aed-a68a-73437ef1131e: shutdown FollowerState
2019-09-26 13:37:19,784 [IPC Server handler 1 on 33372] INFO  block.BlockManagerImpl (BlockManagerImpl.java:allocateBlock(198)) - Could not find available pipeline of type:RATIS and factor:THREE even after retrying
2019-09-26 13:37:19,785 [IPC Server handler 1 on 33372] ERROR block.BlockManagerImpl (BlockManagerImpl.java:allocateBlock(222)) - Unable to allocate a block for the size: 4194304, type: RATIS, factor: THREE
2019-09-26 13:37:19,785 [Thread-284] INFO  impl.RaftServerImpl (RaftServerImpl.java:setRole(174)) - 8e03446a-97fa-4aed-a68a-73437ef1131e@group-883B7EE45581: changes role from  FOLLOWER to CANDIDATE at term 0 for changeToCandidate
2019-09-26 13:37:19,785 [IPC Server handler 1 on 33372] INFO  pipeline.PipelinePlacementPolicy (PipelinePlacementPolicy.java:meetCriteria(91)) - Pipeline Placement: can't place more pipeline on heavy datanode： 65b6a922-0f0f-4d93-80ba-5d2577e616a7 Heaviness: 6 limit: 5
2019-09-26 13:37:19,786 [Thread-284] INFO  impl.RoleInfo (RoleInfo.java:updateAndGet(143)) - 8e03446a-97fa-4aed-a68a-73437ef1131e: start LeaderElection
2019-09-26 13:37:19,786 [IPC Server handler 1 on 33372] INFO  pipeline.PipelinePlacementPolicy (PipelinePlacementPolicy.java:meetCriteria(91)) - Pipeline Placement: can't place more pipeline on heavy datanode： 37170b5e-38e8-41e6-8e7f-73d816854ae3 Heaviness: 6 limit: 5
2019-09-26 13:37:19,786 [IPC Server handler 1 on 33372] INFO  pipeline.PipelinePlacementPolicy (PipelinePlacementPolicy.java:meetCriteria(91)) - Pipeline Placement: can't place more pipeline on heavy datanode： 9bae32d7-3aab-4e1e-ace1-c4157a7584ea Heaviness: 6 limit: 5
2019-09-26 13:37:19,789 [IPC Server handler 1 on 33372] INFO  pipeline.PipelinePlacementPolicy (PipelinePlacementPolicy.java:meetCriteria(91)) - Pipeline Placement: can't place more pipeline on heavy datanode： 8e03446a-97fa-4aed-a68a-73437ef1131e Heaviness: 6 limit: 5
2019-09-26 13:37:19,789 [IPC Server handler 1 on 33372] INFO  pipeline.PipelinePlacementPolicy (PipelinePlacementPolicy.java:meetCriteria(91)) - Pipeline Placement: can't place more pipeline on heavy datanode： fa623484-5385-4c02-af08-45448d3dc09d Heaviness: 6 limit: 5
2019-09-26 13:37:19,790 [IPC Server handler 1 on 33372] ERROR pipeline.PipelinePlacementPolicy (PipelinePlacementPolicy.java:filterViableNodes(148)) - Unable to find enough nodes that meet the criteria that cannot engage in more than 5 pipelines. Nodes required: 3 Found: 0, healthy nodes count inNodeManager: 5.
2019-09-26 13:37:19,790 [IPC Server handler 1 on 33372] ERROR pipeline.SCMPipelineManager (SCMPipelineManager.java:createPipeline(167)) - Pipeline creation failed.
org.apache.hadoop.hdds.scm.exceptions.SCMException: Unable to find enough nodes that meet the criteria that cannot engage in more than 5 pipelines. Nodes required: 3 Found: 0, healthy nodes count inNodeManager: 5.
	at org.apache.hadoop.hdds.scm.pipeline.PipelinePlacementPolicy.filterViableNodes(PipelinePlacementPolicy.java:149)
	at org.apache.hadoop.hdds.scm.pipeline.PipelinePlacementPolicy.chooseDatanodes(PipelinePlacementPolicy.java:172)
	at org.apache.hadoop.hdds.scm.pipeline.RatisPipelineProvider.create(RatisPipelineProvider.java:93)
	at org.apache.hadoop.hdds.scm.pipeline.PipelineFactory.create(PipelineFactory.java:58)
	at org.apache.hadoop.hdds.scm.pipeline.SCMPipelineManager.createPipeline(SCMPipelineManager.java:155)
	at org.apache.hadoop.hdds.scm.block.BlockManagerImpl.allocateBlock(BlockManagerImpl.java:190)
	at org.apache.hadoop.hdds.scm.server.SCMBlockProtocolServer.allocateBlock(SCMBlockProtocolServer.java:182)
	at org.apache.hadoop.ozone.protocolPB.ScmBlockLocationProtocolServerSideTranslatorPB.allocateScmBlock(ScmBlockLocationProtocolServerSideTranslatorPB.java:183)
	at org.apache.hadoop.ozone.protocolPB.ScmBlockLocationProtocolServerSideTranslatorPB.processMessage(ScmBlockLocationProtocolServerSideTranslatorPB.java:141)
	at org.apache.hadoop.ozone.protocolPB.ScmBlockLocationProtocolServerSideTranslatorPB.send(ScmBlockLocationProtocolServerSideTranslatorPB.java:116)
	at org.apache.hadoop.hdds.protocol.proto.ScmBlockLocationProtocolProtos$ScmBlockLocationProtocolService$2.callBlockingMethod(ScmBlockLocationProtocolProtos.java:13157)
	at org.apache.hadoop.ipc.ProtobufRpcEngine$Server$ProtoBufRpcInvoker.call(ProtobufRpcEngine.java:524)
	at org.apache.hadoop.ipc.RPC$Server.call(RPC.java:1025)
	at org.apache.hadoop.ipc.Server$RpcCall.run(Server.java:876)
	at org.apache.hadoop.ipc.Server$RpcCall.run(Server.java:822)
	at java.security.AccessController.doPrivileged(Native Method)
	at javax.security.auth.Subject.doAs(Subject.java:422)
	at org.apache.hadoop.security.UserGroupInformation.doAs(UserGroupInformation.java:1730)
	at org.apache.hadoop.ipc.Server$Handler.run(Server.java:2682)
2019-09-26 13:37:19,791 [IPC Server handler 1 on 33372] WARN  block.BlockManagerImpl (BlockManagerImpl.java:allocateBlock(192)) - Pipeline creation failed for type:RATIS factor:THREE. Retrying get pipelines call once.
org.apache.hadoop.hdds.scm.exceptions.SCMException: Unable to find enough nodes that meet the criteria that cannot engage in more than 5 pipelines. Nodes required: 3 Found: 0, healthy nodes count inNodeManager: 5.
	at org.apache.hadoop.hdds.scm.pipeline.PipelinePlacementPolicy.filterViableNodes(PipelinePlacementPolicy.java:149)
	at org.apache.hadoop.hdds.scm.pipeline.PipelinePlacementPolicy.chooseDatanodes(PipelinePlacementPolicy.java:172)
	at org.apache.hadoop.hdds.scm.pipeline.RatisPipelineProvider.create(RatisPipelineProvider.java:93)
	at org.apache.hadoop.hdds.scm.pipeline.PipelineFactory.create(PipelineFactory.java:58)
	at org.apache.hadoop.hdds.scm.pipeline.SCMPipelineManager.createPipeline(SCMPipelineManager.java:155)
	at org.apache.hadoop.hdds.scm.block.BlockManagerImpl.allocateBlock(BlockManagerImpl.java:190)
	at org.apache.hadoop.hdds.scm.server.SCMBlockProtocolServer.allocateBlock(SCMBlockProtocolServer.java:182)
	at org.apache.hadoop.ozone.protocolPB.ScmBlockLocationProtocolServerSideTranslatorPB.allocateScmBlock(ScmBlockLocationProtocolServerSideTranslatorPB.java:183)
	at org.apache.hadoop.ozone.protocolPB.ScmBlockLocationProtocolServerSideTranslatorPB.processMessage(ScmBlockLocationProtocolServerSideTranslatorPB.java:141)
	at org.apache.hadoop.ozone.protocolPB.ScmBlockLocationProtocolServerSideTranslatorPB.send(ScmBlockLocationProtocolServerSideTranslatorPB.java:116)
	at org.apache.hadoop.hdds.protocol.proto.ScmBlockLocationProtocolProtos$ScmBlockLocationProtocolService$2.callBlockingMethod(ScmBlockLocationProtocolProtos.java:13157)
	at org.apache.hadoop.ipc.ProtobufRpcEngine$Server$ProtoBufRpcInvoker.call(ProtobufRpcEngine.java:524)
	at org.apache.hadoop.ipc.RPC$Server.call(RPC.java:1025)
	at org.apache.hadoop.ipc.Server$RpcCall.run(Server.java:876)
	at org.apache.hadoop.ipc.Server$RpcCall.run(Server.java:822)
	at java.security.AccessController.doPrivileged(Native Method)
	at javax.security.auth.Subject.doAs(Subject.java:422)
	at org.apache.hadoop.security.UserGroupInformation.doAs(UserGroupInformation.java:1730)
	at org.apache.hadoop.ipc.Server$Handler.run(Server.java:2682)
2019-09-26 13:37:19,791 [IPC Server handler 1 on 33372] INFO  block.BlockManagerImpl (BlockManagerImpl.java:allocateBlock(198)) - Could not find available pipeline of type:RATIS and factor:THREE even after retrying
2019-09-26 13:37:19,791 [IPC Server handler 1 on 33372] ERROR block.BlockManagerImpl (BlockManagerImpl.java:allocateBlock(222)) - Unable to allocate a block for the size: 4194304, type: RATIS, factor: THREE
2019-09-26 13:37:19,791 [IPC Server handler 1 on 33372] INFO  pipeline.PipelinePlacementPolicy (PipelinePlacementPolicy.java:meetCriteria(91)) - Pipeline Placement: can't place more pipeline on heavy datanode： 65b6a922-0f0f-4d93-80ba-5d2577e616a7 Heaviness: 6 limit: 5
2019-09-26 13:37:19,792 [IPC Server handler 1 on 33372] INFO  pipeline.PipelinePlacementPolicy (PipelinePlacementPolicy.java:meetCriteria(91)) - Pipeline Placement: can't place more pipeline on heavy datanode： 37170b5e-38e8-41e6-8e7f-73d816854ae3 Heaviness: 6 limit: 5
2019-09-26 13:37:19,792 [IPC Server handler 1 on 33372] INFO  pipeline.PipelinePlacementPolicy (PipelinePlacementPolicy.java:meetCriteria(91)) - Pipeline Placement: can't place more pipeline on heavy datanode： 9bae32d7-3aab-4e1e-ace1-c4157a7584ea Heaviness: 6 limit: 5
2019-09-26 13:37:19,792 [IPC Server handler 1 on 33372] INFO  pipeline.PipelinePlacementPolicy (PipelinePlacementPolicy.java:meetCriteria(91)) - Pipeline Placement: can't place more pipeline on heavy datanode： 8e03446a-97fa-4aed-a68a-73437ef1131e Heaviness: 6 limit: 5
2019-09-26 13:37:19,792 [IPC Server handler 1 on 33372] INFO  pipeline.PipelinePlacementPolicy (PipelinePlacementPolicy.java:meetCriteria(91)) - Pipeline Placement: can't place more pipeline on heavy datanode： fa623484-5385-4c02-af08-45448d3dc09d Heaviness: 6 limit: 5
2019-09-26 13:37:19,793 [IPC Server handler 1 on 33372] ERROR pipeline.PipelinePlacementPolicy (PipelinePlacementPolicy.java:filterViableNodes(148)) - Unable to find enough nodes that meet the criteria that cannot engage in more than 5 pipelines. Nodes required: 3 Found: 0, healthy nodes count inNodeManager: 5.
2019-09-26 13:37:19,793 [IPC Server handler 1 on 33372] ERROR pipeline.SCMPipelineManager (SCMPipelineManager.java:createPipeline(167)) - Pipeline creation failed.
org.apache.hadoop.hdds.scm.exceptions.SCMException: Unable to find enough nodes that meet the criteria that cannot engage in more than 5 pipelines. Nodes required: 3 Found: 0, healthy nodes count inNodeManager: 5.
	at org.apache.hadoop.hdds.scm.pipeline.PipelinePlacementPolicy.filterViableNodes(PipelinePlacementPolicy.java:149)
	at org.apache.hadoop.hdds.scm.pipeline.PipelinePlacementPolicy.chooseDatanodes(PipelinePlacementPolicy.java:172)
	at org.apache.hadoop.hdds.scm.pipeline.RatisPipelineProvider.create(RatisPipelineProvider.java:93)
	at org.apache.hadoop.hdds.scm.pipeline.PipelineFactory.create(PipelineFactory.java:58)
	at org.apache.hadoop.hdds.scm.pipeline.SCMPipelineManager.createPipeline(SCMPipelineManager.java:155)
	at org.apache.hadoop.hdds.scm.block.BlockManagerImpl.allocateBlock(BlockManagerImpl.java:190)
	at org.apache.hadoop.hdds.scm.server.SCMBlockProtocolServer.allocateBlock(SCMBlockProtocolServer.java:182)
	at org.apache.hadoop.ozone.protocolPB.ScmBlockLocationProtocolServerSideTranslatorPB.allocateScmBlock(ScmBlockLocationProtocolServerSideTranslatorPB.java:183)
	at org.apache.hadoop.ozone.protocolPB.ScmBlockLocationProtocolServerSideTranslatorPB.processMessage(ScmBlockLocationProtocolServerSideTranslatorPB.java:141)
	at org.apache.hadoop.ozone.protocolPB.ScmBlockLocationProtocolServerSideTranslatorPB.send(ScmBlockLocationProtocolServerSideTranslatorPB.java:116)
	at org.apache.hadoop.hdds.protocol.proto.ScmBlockLocationProtocolProtos$ScmBlockLocationProtocolService$2.callBlockingMethod(ScmBlockLocationProtocolProtos.java:13157)
	at org.apache.hadoop.ipc.ProtobufRpcEngine$Server$ProtoBufRpcInvoker.call(ProtobufRpcEngine.java:524)
	at org.apache.hadoop.ipc.RPC$Server.call(RPC.java:1025)
	at org.apache.hadoop.ipc.Server$RpcCall.run(Server.java:876)
	at org.apache.hadoop.ipc.Server$RpcCall.run(Server.java:822)
	at java.security.AccessController.doPrivileged(Native Method)
	at javax.security.auth.Subject.doAs(Subject.java:422)
	at org.apache.hadoop.security.UserGroupInformation.doAs(UserGroupInformation.java:1730)
	at org.apache.hadoop.ipc.Server$Handler.run(Server.java:2682)
2019-09-26 13:37:19,793 [IPC Server handler 1 on 33372] WARN  block.BlockManagerImpl (BlockManagerImpl.java:allocateBlock(192)) - Pipeline creation failed for type:RATIS factor:THREE. Retrying get pipelines call once.
org.apache.hadoop.hdds.scm.exceptions.SCMException: Unable to find enough nodes that meet the criteria that cannot engage in more than 5 pipelines. Nodes required: 3 Found: 0, healthy nodes count inNodeManager: 5.
	at org.apache.hadoop.hdds.scm.pipeline.PipelinePlacementPolicy.filterViableNodes(PipelinePlacementPolicy.java:149)
	at org.apache.hadoop.hdds.scm.pipeline.PipelinePlacementPolicy.chooseDatanodes(PipelinePlacementPolicy.java:172)
	at org.apache.hadoop.hdds.scm.pipeline.RatisPipelineProvider.create(RatisPipelineProvider.java:93)
	at org.apache.hadoop.hdds.scm.pipeline.PipelineFactory.create(PipelineFactory.java:58)
	at org.apache.hadoop.hdds.scm.pipeline.SCMPipelineManager.createPipeline(SCMPipelineManager.java:155)
	at org.apache.hadoop.hdds.scm.block.BlockManagerImpl.allocateBlock(BlockManagerImpl.java:190)
	at org.apache.hadoop.hdds.scm.server.SCMBlockProtocolServer.allocateBlock(SCMBlockProtocolServer.java:182)
	at org.apache.hadoop.ozone.protocolPB.ScmBlockLocationProtocolServerSideTranslatorPB.allocateScmBlock(ScmBlockLocationProtocolServerSideTranslatorPB.java:183)
	at org.apache.hadoop.ozone.protocolPB.ScmBlockLocationProtocolServerSideTranslatorPB.processMessage(ScmBlockLocationProtocolServerSideTranslatorPB.java:141)
	at org.apache.hadoop.ozone.protocolPB.ScmBlockLocationProtocolServerSideTranslatorPB.send(ScmBlockLocationProtocolServerSideTranslatorPB.java:116)
	at org.apache.hadoop.hdds.protocol.proto.ScmBlockLocationProtocolProtos$ScmBlockLocationProtocolService$2.callBlockingMethod(ScmBlockLocationProtocolProtos.java:13157)
	at org.apache.hadoop.ipc.ProtobufRpcEngine$Server$ProtoBufRpcInvoker.call(ProtobufRpcEngine.java:524)
	at org.apache.hadoop.ipc.RPC$Server.call(RPC.java:1025)
	at org.apache.hadoop.ipc.Server$RpcCall.run(Server.java:876)
	at org.apache.hadoop.ipc.Server$RpcCall.run(Server.java:822)
	at java.security.AccessController.doPrivileged(Native Method)
	at javax.security.auth.Subject.doAs(Subject.java:422)
	at org.apache.hadoop.security.UserGroupInformation.doAs(UserGroupInformation.java:1730)
	at org.apache.hadoop.ipc.Server$Handler.run(Server.java:2682)
2019-09-26 13:37:19,794 [IPC Server handler 1 on 33372] INFO  block.BlockManagerImpl (BlockManagerImpl.java:allocateBlock(198)) - Could not find available pipeline of type:RATIS and factor:THREE even after retrying
2019-09-26 13:37:19,794 [IPC Server handler 1 on 33372] ERROR block.BlockManagerImpl (BlockManagerImpl.java:allocateBlock(222)) - Unable to allocate a block for the size: 4194304, type: RATIS, factor: THREE
2019-09-26 13:37:19,794 [IPC Server handler 1 on 33372] INFO  pipeline.PipelinePlacementPolicy (PipelinePlacementPolicy.java:meetCriteria(91)) - Pipeline Placement: can't place more pipeline on heavy datanode： 65b6a922-0f0f-4d93-80ba-5d2577e616a7 Heaviness: 6 limit: 5
2019-09-26 13:37:19,794 [IPC Server handler 1 on 33372] INFO  pipeline.PipelinePlacementPolicy (PipelinePlacementPolicy.java:meetCriteria(91)) - Pipeline Placement: can't place more pipeline on heavy datanode： 37170b5e-38e8-41e6-8e7f-73d816854ae3 Heaviness: 6 limit: 5
2019-09-26 13:37:19,795 [IPC Server handler 1 on 33372] INFO  pipeline.PipelinePlacementPolicy (PipelinePlacementPolicy.java:meetCriteria(91)) - Pipeline Placement: can't place more pipeline on heavy datanode： 9bae32d7-3aab-4e1e-ace1-c4157a7584ea Heaviness: 6 limit: 5
2019-09-26 13:37:19,795 [IPC Server handler 1 on 33372] INFO  pipeline.PipelinePlacementPolicy (PipelinePlacementPolicy.java:meetCriteria(91)) - Pipeline Placement: can't place more pipeline on heavy datanode： 8e03446a-97fa-4aed-a68a-73437ef1131e Heaviness: 6 limit: 5
2019-09-26 13:37:19,795 [IPC Server handler 1 on 33372] INFO  pipeline.PipelinePlacementPolicy (PipelinePlacementPolicy.java:meetCriteria(91)) - Pipeline Placement: can't place more pipeline on heavy datanode： fa623484-5385-4c02-af08-45448d3dc09d Heaviness: 6 limit: 5
2019-09-26 13:37:19,795 [IPC Server handler 1 on 33372] ERROR pipeline.PipelinePlacementPolicy (PipelinePlacementPolicy.java:filterViableNodes(148)) - Unable to find enough nodes that meet the criteria that cannot engage in more than 5 pipelines. Nodes required: 3 Found: 0, healthy nodes count inNodeManager: 5.
2019-09-26 13:37:19,795 [IPC Server handler 1 on 33372] ERROR pipeline.SCMPipelineManager (SCMPipelineManager.java:createPipeline(167)) - Pipeline creation failed.
org.apache.hadoop.hdds.scm.exceptions.SCMException: Unable to find enough nodes that meet the criteria that cannot engage in more than 5 pipelines. Nodes required: 3 Found: 0, healthy nodes count inNodeManager: 5.
	at org.apache.hadoop.hdds.scm.pipeline.PipelinePlacementPolicy.filterViableNodes(PipelinePlacementPolicy.java:149)
	at org.apache.hadoop.hdds.scm.pipeline.PipelinePlacementPolicy.chooseDatanodes(PipelinePlacementPolicy.java:172)
	at org.apache.hadoop.hdds.scm.pipeline.RatisPipelineProvider.create(RatisPipelineProvider.java:93)
	at org.apache.hadoop.hdds.scm.pipeline.PipelineFactory.create(PipelineFactory.java:58)
	at org.apache.hadoop.hdds.scm.pipeline.SCMPipelineManager.createPipeline(SCMPipelineManager.java:155)
	at org.apache.hadoop.hdds.scm.block.BlockManagerImpl.allocateBlock(BlockManagerImpl.java:190)
	at org.apache.hadoop.hdds.scm.server.SCMBlockProtocolServer.allocateBlock(SCMBlockProtocolServer.java:182)
	at org.apache.hadoop.ozone.protocolPB.ScmBlockLocationProtocolServerSideTranslatorPB.allocateScmBlock(ScmBlockLocationProtocolServerSideTranslatorPB.java:183)
	at org.apache.hadoop.ozone.protocolPB.ScmBlockLocationProtocolServerSideTranslatorPB.processMessage(ScmBlockLocationProtocolServerSideTranslatorPB.java:141)
	at org.apache.hadoop.ozone.protocolPB.ScmBlockLocationProtocolServerSideTranslatorPB.send(ScmBlockLocationProtocolServerSideTranslatorPB.java:116)
	at org.apache.hadoop.hdds.protocol.proto.ScmBlockLocationProtocolProtos$ScmBlockLocationProtocolService$2.callBlockingMethod(ScmBlockLocationProtocolProtos.java:13157)
	at org.apache.hadoop.ipc.ProtobufRpcEngine$Server$ProtoBufRpcInvoker.call(ProtobufRpcEngine.java:524)
	at org.apache.hadoop.ipc.RPC$Server.call(RPC.java:1025)
	at org.apache.hadoop.ipc.Server$RpcCall.run(Server.java:876)
	at org.apache.hadoop.ipc.Server$RpcCall.run(Server.java:822)
	at java.security.AccessController.doPrivileged(Native Method)
	at javax.security.auth.Subject.doAs(Subject.java:422)
	at org.apache.hadoop.security.UserGroupInformation.doAs(UserGroupInformation.java:1730)
	at org.apache.hadoop.ipc.Server$Handler.run(Server.java:2682)
2019-09-26 13:37:19,796 [IPC Server handler 1 on 33372] WARN  block.BlockManagerImpl (BlockManagerImpl.java:allocateBlock(192)) - Pipeline creation failed for type:RATIS factor:THREE. Retrying get pipelines call once.
org.apache.hadoop.hdds.scm.exceptions.SCMException: Unable to find enough nodes that meet the criteria that cannot engage in more than 5 pipelines. Nodes required: 3 Found: 0, healthy nodes count inNodeManager: 5.
	at org.apache.hadoop.hdds.scm.pipeline.PipelinePlacementPolicy.filterViableNodes(PipelinePlacementPolicy.java:149)
	at org.apache.hadoop.hdds.scm.pipeline.PipelinePlacementPolicy.chooseDatanodes(PipelinePlacementPolicy.java:172)
	at org.apache.hadoop.hdds.scm.pipeline.RatisPipelineProvider.create(RatisPipelineProvider.java:93)
	at org.apache.hadoop.hdds.scm.pipeline.PipelineFactory.create(PipelineFactory.java:58)
	at org.apache.hadoop.hdds.scm.pipeline.SCMPipelineManager.createPipeline(SCMPipelineManager.java:155)
	at org.apache.hadoop.hdds.scm.block.BlockManagerImpl.allocateBlock(BlockManagerImpl.java:190)
	at org.apache.hadoop.hdds.scm.server.SCMBlockProtocolServer.allocateBlock(SCMBlockProtocolServer.java:182)
	at org.apache.hadoop.ozone.protocolPB.ScmBlockLocationProtocolServerSideTranslatorPB.allocateScmBlock(ScmBlockLocationProtocolServerSideTranslatorPB.java:183)
	at org.apache.hadoop.ozone.protocolPB.ScmBlockLocationProtocolServerSideTranslatorPB.processMessage(ScmBlockLocationProtocolServerSideTranslatorPB.java:141)
	at org.apache.hadoop.ozone.protocolPB.ScmBlockLocationProtocolServerSideTranslatorPB.send(ScmBlockLocationProtocolServerSideTranslatorPB.java:116)
	at org.apache.hadoop.hdds.protocol.proto.ScmBlockLocationProtocolProtos$ScmBlockLocationProtocolService$2.callBlockingMethod(ScmBlockLocationProtocolProtos.java:13157)
	at org.apache.hadoop.ipc.ProtobufRpcEngine$Server$ProtoBufRpcInvoker.call(ProtobufRpcEngine.java:524)
	at org.apache.hadoop.ipc.RPC$Server.call(RPC.java:1025)
	at org.apache.hadoop.ipc.Server$RpcCall.run(Server.java:876)
	at org.apache.hadoop.ipc.Server$RpcCall.run(Server.java:822)
	at java.security.AccessController.doPrivileged(Native Method)
	at javax.security.auth.Subject.doAs(Subject.java:422)
	at org.apache.hadoop.security.UserGroupInformation.doAs(UserGroupInformation.java:1730)
	at org.apache.hadoop.ipc.Server$Handler.run(Server.java:2682)
2019-09-26 13:37:19,796 [IPC Server handler 1 on 33372] INFO  block.BlockManagerImpl (BlockManagerImpl.java:allocateBlock(198)) - Could not find available pipeline of type:RATIS and factor:THREE even after retrying
2019-09-26 13:37:19,796 [IPC Server handler 1 on 33372] ERROR block.BlockManagerImpl (BlockManagerImpl.java:allocateBlock(222)) - Unable to allocate a block for the size: 4194304, type: RATIS, factor: THREE
2019-09-26 13:37:19,796 [IPC Server handler 1 on 33372] INFO  pipeline.PipelinePlacementPolicy (PipelinePlacementPolicy.java:meetCriteria(91)) - Pipeline Placement: can't place more pipeline on heavy datanode： 65b6a922-0f0f-4d93-80ba-5d2577e616a7 Heaviness: 6 limit: 5
2019-09-26 13:37:19,796 [65b6a922-0f0f-4d93-80ba-5d2577e616a7@group-5A01BF6C751A-SegmentedRaftLogWorker] INFO  segmented.SegmentedRaftLogWorker (SegmentedRaftLogWorker.java:execute(569)) - 65b6a922-0f0f-4d93-80ba-5d2577e616a7@group-5A01BF6C751A-SegmentedRaftLogWorker: created new log segment /workdir/hadoop-ozone/tools/target/test-dir/MiniOzoneClusterImpl-3a20bb1b-dac2-4ca8-91d1-f72b8431aeb5/datanode-1/data/ratis/aaff29e0-4c31-4a07-85b7-5a01bf6c751a/current/log_inprogress_0
2019-09-26 13:37:19,796 [8e03446a-97fa-4aed-a68a-73437ef1131e@group-883B7EE45581:LeaderElection25] INFO  impl.LeaderElection (LeaderElection.java:askForVotes(182)) - 8e03446a-97fa-4aed-a68a-73437ef1131e@group-883B7EE45581:LeaderElection25: begin an election at term 1 for -1: [8e03446a-97fa-4aed-a68a-73437ef1131e:192.168.164.238:42766], old=null
2019-09-26 13:37:19,796 [IPC Server handler 1 on 33372] INFO  pipeline.PipelinePlacementPolicy (PipelinePlacementPolicy.java:meetCriteria(91)) - Pipeline Placement: can't place more pipeline on heavy datanode： 37170b5e-38e8-41e6-8e7f-73d816854ae3 Heaviness: 6 limit: 5
2019-09-26 13:37:19,797 [8e03446a-97fa-4aed-a68a-73437ef1131e@group-883B7EE45581:LeaderElection25] INFO  impl.RoleInfo (RoleInfo.java:shutdownLeaderElection(134)) - 8e03446a-97fa-4aed-a68a-73437ef1131e: shutdown LeaderElection
2019-09-26 13:37:19,797 [IPC Server handler 1 on 33372] INFO  pipeline.PipelinePlacementPolicy (PipelinePlacementPolicy.java:meetCriteria(91)) - Pipeline Placement: can't place more pipeline on heavy datanode： 9bae32d7-3aab-4e1e-ace1-c4157a7584ea Heaviness: 6 limit: 5
2019-09-26 13:37:19,797 [8e03446a-97fa-4aed-a68a-73437ef1131e@group-883B7EE45581:LeaderElection25] INFO  impl.RaftServerImpl (RaftServerImpl.java:setRole(174)) - 8e03446a-97fa-4aed-a68a-73437ef1131e@group-883B7EE45581: changes role from CANDIDATE to LEADER at term 1 for changeToLeader
2019-09-26 13:37:19,797 [IPC Server handler 1 on 33372] INFO  pipeline.PipelinePlacementPolicy (PipelinePlacementPolicy.java:meetCriteria(91)) - Pipeline Placement: can't place more pipeline on heavy datanode： 8e03446a-97fa-4aed-a68a-73437ef1131e Heaviness: 6 limit: 5
2019-09-26 13:37:19,797 [8e03446a-97fa-4aed-a68a-73437ef1131e@group-883B7EE45581:LeaderElection25] INFO  impl.RaftServerImpl (ServerState.java:setLeader(253)) - 8e03446a-97fa-4aed-a68a-73437ef1131e@group-883B7EE45581: change Leader from null to 8e03446a-97fa-4aed-a68a-73437ef1131e at term 1 for becomeLeader, leader elected after 5217ms
2019-09-26 13:37:19,797 [IPC Server handler 1 on 33372] INFO  pipeline.PipelinePlacementPolicy (PipelinePlacementPolicy.java:meetCriteria(91)) - Pipeline Placement: can't place more pipeline on heavy datanode： fa623484-5385-4c02-af08-45448d3dc09d Heaviness: 6 limit: 5
2019-09-26 13:37:19,798 [8e03446a-97fa-4aed-a68a-73437ef1131e@group-883B7EE45581:LeaderElection25] INFO  server.RaftServerConfigKeys (ConfUtils.java:logGet(43)) - raft.server.staging.catchup.gap = 1000 (default)
2019-09-26 13:37:19,798 [IPC Server handler 1 on 33372] ERROR pipeline.PipelinePlacementPolicy (PipelinePlacementPolicy.java:filterViableNodes(148)) - Unable to find enough nodes that meet the criteria that cannot engage in more than 5 pipelines. Nodes required: 3 Found: 0, healthy nodes count inNodeManager: 5.
2019-09-26 13:37:19,798 [8e03446a-97fa-4aed-a68a-73437ef1131e@group-883B7EE45581:LeaderElection25] INFO  server.RaftServerConfigKeys (ConfUtils.java:logGet(43)) - raft.server.rpc.sleep.time = 25ms (default)
2019-09-26 13:37:19,798 [IPC Server handler 1 on 33372] ERROR pipeline.SCMPipelineManager (SCMPipelineManager.java:createPipeline(167)) - Pipeline creation failed.
org.apache.hadoop.hdds.scm.exceptions.SCMException: Unable to find enough nodes that meet the criteria that cannot engage in more than 5 pipelines. Nodes required: 3 Found: 0, healthy nodes count inNodeManager: 5.
	at org.apache.hadoop.hdds.scm.pipeline.PipelinePlacementPolicy.filterViableNodes(PipelinePlacementPolicy.java:149)
	at org.apache.hadoop.hdds.scm.pipeline.PipelinePlacementPolicy.chooseDatanodes(PipelinePlacementPolicy.java:172)
	at org.apache.hadoop.hdds.scm.pipeline.RatisPipelineProvider.create(RatisPipelineProvider.java:93)
	at org.apache.hadoop.hdds.scm.pipeline.PipelineFactory.create(PipelineFactory.java:58)
	at org.apache.hadoop.hdds.scm.pipeline.SCMPipelineManager.createPipeline(SCMPipelineManager.java:155)
	at org.apache.hadoop.hdds.scm.block.BlockManagerImpl.allocateBlock(BlockManagerImpl.java:190)
	at org.apache.hadoop.hdds.scm.server.SCMBlockProtocolServer.allocateBlock(SCMBlockProtocolServer.java:182)
	at org.apache.hadoop.ozone.protocolPB.ScmBlockLocationProtocolServerSideTranslatorPB.allocateScmBlock(ScmBlockLocationProtocolServerSideTranslatorPB.java:183)
	at org.apache.hadoop.ozone.protocolPB.ScmBlockLocationProtocolServerSideTranslatorPB.processMessage(ScmBlockLocationProtocolServerSideTranslatorPB.java:141)
	at org.apache.hadoop.ozone.protocolPB.ScmBlockLocationProtocolServerSideTranslatorPB.send(ScmBlockLocationProtocolServerSideTranslatorPB.java:116)
	at org.apache.hadoop.hdds.protocol.proto.ScmBlockLocationProtocolProtos$ScmBlockLocationProtocolService$2.callBlockingMethod(ScmBlockLocationProtocolProtos.java:13157)
	at org.apache.hadoop.ipc.ProtobufRpcEngine$Server$ProtoBufRpcInvoker.call(ProtobufRpcEngine.java:524)
	at org.apache.hadoop.ipc.RPC$Server.call(RPC.java:1025)
	at org.apache.hadoop.ipc.Server$RpcCall.run(Server.java:876)
	at org.apache.hadoop.ipc.Server$RpcCall.run(Server.java:822)
	at java.security.AccessController.doPrivileged(Native Method)
	at javax.security.auth.Subject.doAs(Subject.java:422)
	at org.apache.hadoop.security.UserGroupInformation.doAs(UserGroupInformation.java:1730)
	at org.apache.hadoop.ipc.Server$Handler.run(Server.java:2682)
2019-09-26 13:37:19,798 [8e03446a-97fa-4aed-a68a-73437ef1131e@group-883B7EE45581:LeaderElection25] INFO  server.RaftServerConfigKeys (ConfUtils.java:logGet(43)) - raft.server.write.element-limit = 4096 (default)
2019-09-26 13:37:19,799 [IPC Server handler 1 on 33372] WARN  block.BlockManagerImpl (BlockManagerImpl.java:allocateBlock(192)) - Pipeline creation failed for type:RATIS factor:THREE. Retrying get pipelines call once.
org.apache.hadoop.hdds.scm.exceptions.SCMException: Unable to find enough nodes that meet the criteria that cannot engage in more than 5 pipelines. Nodes required: 3 Found: 0, healthy nodes count inNodeManager: 5.
	at org.apache.hadoop.hdds.scm.pipeline.PipelinePlacementPolicy.filterViableNodes(PipelinePlacementPolicy.java:149)
	at org.apache.hadoop.hdds.scm.pipeline.PipelinePlacementPolicy.chooseDatanodes(PipelinePlacementPolicy.java:172)
	at org.apache.hadoop.hdds.scm.pipeline.RatisPipelineProvider.create(RatisPipelineProvider.java:93)
	at org.apache.hadoop.hdds.scm.pipeline.PipelineFactory.create(PipelineFactory.java:58)
	at org.apache.hadoop.hdds.scm.pipeline.SCMPipelineManager.createPipeline(SCMPipelineManager.java:155)
	at org.apache.hadoop.hdds.scm.block.BlockManagerImpl.allocateBlock(BlockManagerImpl.java:190)
	at org.apache.hadoop.hdds.scm.server.SCMBlockProtocolServer.allocateBlock(SCMBlockProtocolServer.java:182)
	at org.apache.hadoop.ozone.protocolPB.ScmBlockLocationProtocolServerSideTranslatorPB.allocateScmBlock(ScmBlockLocationProtocolServerSideTranslatorPB.java:183)
	at org.apache.hadoop.ozone.protocolPB.ScmBlockLocationProtocolServerSideTranslatorPB.processMessage(ScmBlockLocationProtocolServerSideTranslatorPB.java:141)
	at org.apache.hadoop.ozone.protocolPB.ScmBlockLocationProtocolServerSideTranslatorPB.send(ScmBlockLocationProtocolServerSideTranslatorPB.java:116)
	at org.apache.hadoop.hdds.protocol.proto.ScmBlockLocationProtocolProtos$ScmBlockLocationProtocolService$2.callBlockingMethod(ScmBlockLocationProtocolProtos.java:13157)
	at org.apache.hadoop.ipc.ProtobufRpcEngine$Server$ProtoBufRpcInvoker.call(ProtobufRpcEngine.java:524)
	at org.apache.hadoop.ipc.RPC$Server.call(RPC.java:1025)
	at org.apache.hadoop.ipc.Server$RpcCall.run(Server.java:876)
	at org.apache.hadoop.ipc.Server$RpcCall.run(Server.java:822)
	at java.security.AccessController.doPrivileged(Native Method)
	at javax.security.auth.Subject.doAs(Subject.java:422)
	at org.apache.hadoop.security.UserGroupInformation.doAs(UserGroupInformation.java:1730)
	at org.apache.hadoop.ipc.Server$Handler.run(Server.java:2682)
2019-09-26 13:37:19,799 [8e03446a-97fa-4aed-a68a-73437ef1131e@group-883B7EE45581:LeaderElection25] INFO  server.RaftServerConfigKeys (ConfUtils.java:logGet(43)) - raft.server.watch.timeout = 10s (default)
2019-09-26 13:37:19,799 [IPC Server handler 1 on 33372] INFO  block.BlockManagerImpl (BlockManagerImpl.java:allocateBlock(198)) - Could not find available pipeline of type:RATIS and factor:THREE even after retrying
2019-09-26 13:37:19,799 [8e03446a-97fa-4aed-a68a-73437ef1131e@group-883B7EE45581:LeaderElection25] INFO  server.RaftServerConfigKeys (ConfUtils.java:logGet(43)) - raft.server.watch.timeout.denomination = 1s (default)
2019-09-26 13:37:19,800 [IPC Server handler 1 on 33372] ERROR block.BlockManagerImpl (BlockManagerImpl.java:allocateBlock(222)) - Unable to allocate a block for the size: 4194304, type: RATIS, factor: THREE
2019-09-26 13:37:19,800 [8e03446a-97fa-4aed-a68a-73437ef1131e@group-883B7EE45581:LeaderElection25] INFO  server.RaftServerConfigKeys (ConfUtils.java:logGet(43)) - raft.server.watch.element-limit = 65536 (default)
2019-09-26 13:37:19,802 [pool-74-thread-3] ERROR freon.RandomKeyGenerator (RandomKeyGenerator.java:createKey(733)) - Exception while adding key: key-0-27479 in bucket: bucket-0-28819 of volume: vol-0-10326.
INTERNAL_ERROR org.apache.hadoop.ozone.om.exceptions.OMException: Allocated 0 blocks. Requested 5 blocks
	at org.apache.hadoop.ozone.om.protocolPB.OzoneManagerProtocolClientSideTranslatorPB.handleError(OzoneManagerProtocolClientSideTranslatorPB.java:732)
	at org.apache.hadoop.ozone.om.protocolPB.OzoneManagerProtocolClientSideTranslatorPB.openKey(OzoneManagerProtocolClientSideTranslatorPB.java:723)
	at sun.reflect.NativeMethodAccessorImpl.invoke0(Native Method)
	at sun.reflect.NativeMethodAccessorImpl.invoke(NativeMethodAccessorImpl.java:62)
	at sun.reflect.DelegatingMethodAccessorImpl.invoke(DelegatingMethodAccessorImpl.java:43)
	at java.lang.reflect.Method.invoke(Method.java:498)
	at org.apache.hadoop.hdds.tracing.TraceAllMethod.invoke(TraceAllMethod.java:66)
	at com.sun.proxy.$Proxy37.openKey(Unknown Source)
	at org.apache.hadoop.ozone.client.rpc.RpcClient.createKey(RpcClient.java:614)
	at org.apache.hadoop.ozone.client.OzoneBucket.createKey(OzoneBucket.java:325)
	at org.apache.hadoop.ozone.freon.RandomKeyGenerator.createKey(RandomKeyGenerator.java:695)
	at org.apache.hadoop.ozone.freon.RandomKeyGenerator.access$1100(RandomKeyGenerator.java:88)
	at org.apache.hadoop.ozone.freon.RandomKeyGenerator$ObjectCreator.run(RandomKeyGenerator.java:615)
	at java.util.concurrent.Executors$RunnableAdapter.call(Executors.java:511)
	at java.util.concurrent.FutureTask.run(FutureTask.java:266)
	at java.util.concurrent.ThreadPoolExecutor.runWorker(ThreadPoolExecutor.java:1149)
	at java.util.concurrent.ThreadPoolExecutor$Worker.run(ThreadPoolExecutor.java:624)
	at java.lang.Thread.run(Thread.java:748)
2019-09-26 13:37:19,803 [8e03446a-97fa-4aed-a68a-73437ef1131e@group-883B7EE45581:LeaderElection25] INFO  impl.RoleInfo (RoleInfo.java:updateAndGet(143)) - 8e03446a-97fa-4aed-a68a-73437ef1131e: start LeaderState
2019-09-26 13:37:19,803 [8e03446a-97fa-4aed-a68a-73437ef1131e@group-883B7EE45581:LeaderElection25] INFO  segmented.SegmentedRaftLogWorker (SegmentedRaftLogWorker.java:startLogSegment(380)) - 8e03446a-97fa-4aed-a68a-73437ef1131e@group-883B7EE45581-SegmentedRaftLogWorker: Starting segment from index:0
2019-09-26 13:37:19,804 [8e03446a-97fa-4aed-a68a-73437ef1131e@group-883B7EE45581:LeaderElection25] INFO  impl.RaftServerImpl (ServerState.java:setRaftConf(354)) - 8e03446a-97fa-4aed-a68a-73437ef1131e@group-883B7EE45581: set configuration 0: [8e03446a-97fa-4aed-a68a-73437ef1131e:192.168.164.238:42766], old=null at 0
2019-09-26 13:37:19,848 [8e03446a-97fa-4aed-a68a-73437ef1131e@group-883B7EE45581-SegmentedRaftLogWorker] INFO  segmented.SegmentedRaftLogWorker (SegmentedRaftLogWorker.java:execute(569)) - 8e03446a-97fa-4aed-a68a-73437ef1131e@group-883B7EE45581-SegmentedRaftLogWorker: created new log segment /workdir/hadoop-ozone/tools/target/test-dir/MiniOzoneClusterImpl-3a20bb1b-dac2-4ca8-91d1-f72b8431aeb5/datanode-2/data/ratis/5d52a3ed-b045-484b-a669-883b7ee45581/current/log_inprogress_0
2019-09-26 13:37:19,911 [Thread-291] INFO  impl.FollowerState (FollowerState.java:run(106)) - 65b6a922-0f0f-4d93-80ba-5d2577e616a7:group-A8FBC031C399 changes to CANDIDATE, lastRpcTime:5189, electionTimeout:5189ms
2019-09-26 13:37:19,911 [Thread-291] INFO  impl.RoleInfo (RoleInfo.java:shutdownFollowerState(121)) - 65b6a922-0f0f-4d93-80ba-5d2577e616a7: shutdown FollowerState
2019-09-26 13:37:19,912 [Thread-291] INFO  impl.RaftServerImpl (RaftServerImpl.java:setRole(174)) - 65b6a922-0f0f-4d93-80ba-5d2577e616a7@group-A8FBC031C399: changes role from  FOLLOWER to CANDIDATE at term 0 for changeToCandidate
2019-09-26 13:37:19,912 [Thread-291] INFO  impl.RoleInfo (RoleInfo.java:updateAndGet(143)) - 65b6a922-0f0f-4d93-80ba-5d2577e616a7: start LeaderElection
2019-09-26 13:37:19,926 [Thread-297] INFO  impl.FollowerState (FollowerState.java:run(106)) - 8e03446a-97fa-4aed-a68a-73437ef1131e:group-E99D81FC3B72 changes to CANDIDATE, lastRpcTime:5084, electionTimeout:5084ms
2019-09-26 13:37:19,926 [Thread-297] INFO  impl.RoleInfo (RoleInfo.java:shutdownFollowerState(121)) - 8e03446a-97fa-4aed-a68a-73437ef1131e: shutdown FollowerState
2019-09-26 13:37:19,926 [Thread-297] INFO  impl.RaftServerImpl (RaftServerImpl.java:setRole(174)) - 8e03446a-97fa-4aed-a68a-73437ef1131e@group-E99D81FC3B72: changes role from  FOLLOWER to CANDIDATE at term 0 for changeToCandidate
2019-09-26 13:37:19,926 [Thread-297] INFO  impl.RoleInfo (RoleInfo.java:updateAndGet(143)) - 8e03446a-97fa-4aed-a68a-73437ef1131e: start LeaderElection
2019-09-26 13:37:19,928 [65b6a922-0f0f-4d93-80ba-5d2577e616a7@group-A8FBC031C399:LeaderElection26] INFO  impl.LeaderElection (LeaderElection.java:askForVotes(182)) - 65b6a922-0f0f-4d93-80ba-5d2577e616a7@group-A8FBC031C399:LeaderElection26: begin an election at term 1 for -1: [65b6a922-0f0f-4d93-80ba-5d2577e616a7:192.168.164.238:37480], old=null
2019-09-26 13:37:19,928 [65b6a922-0f0f-4d93-80ba-5d2577e616a7@group-A8FBC031C399:LeaderElection26] INFO  impl.RoleInfo (RoleInfo.java:shutdownLeaderElection(134)) - 65b6a922-0f0f-4d93-80ba-5d2577e616a7: shutdown LeaderElection
2019-09-26 13:37:19,928 [65b6a922-0f0f-4d93-80ba-5d2577e616a7@group-A8FBC031C399:LeaderElection26] INFO  impl.RaftServerImpl (RaftServerImpl.java:setRole(174)) - 65b6a922-0f0f-4d93-80ba-5d2577e616a7@group-A8FBC031C399: changes role from CANDIDATE to LEADER at term 1 for changeToLeader
2019-09-26 13:37:19,928 [65b6a922-0f0f-4d93-80ba-5d2577e616a7@group-A8FBC031C399:LeaderElection26] INFO  impl.RaftServerImpl (ServerState.java:setLeader(253)) - 65b6a922-0f0f-4d93-80ba-5d2577e616a7@group-A8FBC031C399: change Leader from null to 65b6a922-0f0f-4d93-80ba-5d2577e616a7 at term 1 for becomeLeader, leader elected after 5213ms
2019-09-26 13:37:19,929 [65b6a922-0f0f-4d93-80ba-5d2577e616a7@group-A8FBC031C399:LeaderElection26] INFO  server.RaftServerConfigKeys (ConfUtils.java:logGet(43)) - raft.server.staging.catchup.gap = 1000 (default)
2019-09-26 13:37:19,929 [65b6a922-0f0f-4d93-80ba-5d2577e616a7@group-A8FBC031C399:LeaderElection26] INFO  server.RaftServerConfigKeys (ConfUtils.java:logGet(43)) - raft.server.rpc.sleep.time = 25ms (default)
2019-09-26 13:37:19,929 [65b6a922-0f0f-4d93-80ba-5d2577e616a7@group-A8FBC031C399:LeaderElection26] INFO  server.RaftServerConfigKeys (ConfUtils.java:logGet(43)) - raft.server.write.element-limit = 4096 (default)
2019-09-26 13:37:19,929 [65b6a922-0f0f-4d93-80ba-5d2577e616a7@group-A8FBC031C399:LeaderElection26] INFO  server.RaftServerConfigKeys (ConfUtils.java:logGet(43)) - raft.server.watch.timeout = 10s (default)
2019-09-26 13:37:19,929 [65b6a922-0f0f-4d93-80ba-5d2577e616a7@group-A8FBC031C399:LeaderElection26] INFO  server.RaftServerConfigKeys (ConfUtils.java:logGet(43)) - raft.server.watch.timeout.denomination = 1s (default)
2019-09-26 13:37:19,929 [65b6a922-0f0f-4d93-80ba-5d2577e616a7@group-A8FBC031C399:LeaderElection26] INFO  server.RaftServerConfigKeys (ConfUtils.java:logGet(43)) - raft.server.watch.element-limit = 65536 (default)
2019-09-26 13:37:19,931 [65b6a922-0f0f-4d93-80ba-5d2577e616a7@group-A8FBC031C399:LeaderElection26] INFO  impl.RoleInfo (RoleInfo.java:updateAndGet(143)) - 65b6a922-0f0f-4d93-80ba-5d2577e616a7: start LeaderState
2019-09-26 13:37:19,932 [65b6a922-0f0f-4d93-80ba-5d2577e616a7@group-A8FBC031C399:LeaderElection26] INFO  segmented.SegmentedRaftLogWorker (SegmentedRaftLogWorker.java:startLogSegment(380)) - 65b6a922-0f0f-4d93-80ba-5d2577e616a7@group-A8FBC031C399-SegmentedRaftLogWorker: Starting segment from index:0
2019-09-26 13:37:19,932 [65b6a922-0f0f-4d93-80ba-5d2577e616a7@group-A8FBC031C399:LeaderElection26] INFO  impl.RaftServerImpl (ServerState.java:setRaftConf(354)) - 65b6a922-0f0f-4d93-80ba-5d2577e616a7@group-A8FBC031C399: set configuration 0: [65b6a922-0f0f-4d93-80ba-5d2577e616a7:192.168.164.238:37480], old=null at 0
2019-09-26 13:37:19,960 [8e03446a-97fa-4aed-a68a-73437ef1131e@group-E99D81FC3B72:LeaderElection27] INFO  impl.LeaderElection (LeaderElection.java:askForVotes(182)) - 8e03446a-97fa-4aed-a68a-73437ef1131e@group-E99D81FC3B72:LeaderElection27: begin an election at term 1 for -1: [8e03446a-97fa-4aed-a68a-73437ef1131e:192.168.164.238:42766], old=null
2019-09-26 13:37:19,960 [8e03446a-97fa-4aed-a68a-73437ef1131e@group-E99D81FC3B72:LeaderElection27] INFO  impl.RoleInfo (RoleInfo.java:shutdownLeaderElection(134)) - 8e03446a-97fa-4aed-a68a-73437ef1131e: shutdown LeaderElection
2019-09-26 13:37:19,961 [8e03446a-97fa-4aed-a68a-73437ef1131e@group-E99D81FC3B72:LeaderElection27] INFO  impl.RaftServerImpl (RaftServerImpl.java:setRole(174)) - 8e03446a-97fa-4aed-a68a-73437ef1131e@group-E99D81FC3B72: changes role from CANDIDATE to LEADER at term 1 for changeToLeader
2019-09-26 13:37:19,961 [8e03446a-97fa-4aed-a68a-73437ef1131e@group-E99D81FC3B72:LeaderElection27] INFO  impl.RaftServerImpl (ServerState.java:setLeader(253)) - 8e03446a-97fa-4aed-a68a-73437ef1131e@group-E99D81FC3B72: change Leader from null to 8e03446a-97fa-4aed-a68a-73437ef1131e at term 1 for becomeLeader, leader elected after 5128ms
2019-09-26 13:37:19,961 [8e03446a-97fa-4aed-a68a-73437ef1131e@group-E99D81FC3B72:LeaderElection27] INFO  server.RaftServerConfigKeys (ConfUtils.java:logGet(43)) - raft.server.staging.catchup.gap = 1000 (default)
2019-09-26 13:37:19,961 [8e03446a-97fa-4aed-a68a-73437ef1131e@group-E99D81FC3B72:LeaderElection27] INFO  server.RaftServerConfigKeys (ConfUtils.java:logGet(43)) - raft.server.rpc.sleep.time = 25ms (default)
2019-09-26 13:37:19,961 [8e03446a-97fa-4aed-a68a-73437ef1131e@group-E99D81FC3B72:LeaderElection27] INFO  server.RaftServerConfigKeys (ConfUtils.java:logGet(43)) - raft.server.write.element-limit = 4096 (default)
2019-09-26 13:37:19,962 [8e03446a-97fa-4aed-a68a-73437ef1131e@group-E99D81FC3B72:LeaderElection27] INFO  server.RaftServerConfigKeys (ConfUtils.java:logGet(43)) - raft.server.watch.timeout = 10s (default)
2019-09-26 13:37:19,962 [8e03446a-97fa-4aed-a68a-73437ef1131e@group-E99D81FC3B72:LeaderElection27] INFO  server.RaftServerConfigKeys (ConfUtils.java:logGet(43)) - raft.server.watch.timeout.denomination = 1s (default)
2019-09-26 13:37:19,962 [8e03446a-97fa-4aed-a68a-73437ef1131e@group-E99D81FC3B72:LeaderElection27] INFO  server.RaftServerConfigKeys (ConfUtils.java:logGet(43)) - raft.server.watch.element-limit = 65536 (default)
2019-09-26 13:37:19,965 [8e03446a-97fa-4aed-a68a-73437ef1131e@group-E99D81FC3B72:LeaderElection27] INFO  impl.RoleInfo (RoleInfo.java:updateAndGet(143)) - 8e03446a-97fa-4aed-a68a-73437ef1131e: start LeaderState
2019-09-26 13:37:19,965 [8e03446a-97fa-4aed-a68a-73437ef1131e@group-E99D81FC3B72:LeaderElection27] INFO  segmented.SegmentedRaftLogWorker (SegmentedRaftLogWorker.java:startLogSegment(380)) - 8e03446a-97fa-4aed-a68a-73437ef1131e@group-E99D81FC3B72-SegmentedRaftLogWorker: Starting segment from index:0
2019-09-26 13:37:19,966 [8e03446a-97fa-4aed-a68a-73437ef1131e@group-E99D81FC3B72:LeaderElection27] INFO  impl.RaftServerImpl (ServerState.java:setRaftConf(354)) - 8e03446a-97fa-4aed-a68a-73437ef1131e@group-E99D81FC3B72: set configuration 0: [8e03446a-97fa-4aed-a68a-73437ef1131e:192.168.164.238:42766], old=null at 0
2019-09-26 13:37:20,002 [65b6a922-0f0f-4d93-80ba-5d2577e616a7@group-A8FBC031C399-SegmentedRaftLogWorker] INFO  segmented.SegmentedRaftLogWorker (SegmentedRaftLogWorker.java:execute(569)) - 65b6a922-0f0f-4d93-80ba-5d2577e616a7@group-A8FBC031C399-SegmentedRaftLogWorker: created new log segment /workdir/hadoop-ozone/tools/target/test-dir/MiniOzoneClusterImpl-3a20bb1b-dac2-4ca8-91d1-f72b8431aeb5/datanode-1/data/ratis/3c69306e-57e4-4eea-a83d-a8fbc031c399/current/log_inprogress_0
2019-09-26 13:37:20,002 [Thread-294] INFO  impl.FollowerState (FollowerState.java:run(106)) - 65b6a922-0f0f-4d93-80ba-5d2577e616a7:group-13EA66812E11 changes to CANDIDATE, lastRpcTime:5216, electionTimeout:5198ms
2019-09-26 13:37:20,003 [Thread-294] INFO  impl.RoleInfo (RoleInfo.java:shutdownFollowerState(121)) - 65b6a922-0f0f-4d93-80ba-5d2577e616a7: shutdown FollowerState
2019-09-26 13:37:20,003 [Thread-294] INFO  impl.RaftServerImpl (RaftServerImpl.java:setRole(174)) - 65b6a922-0f0f-4d93-80ba-5d2577e616a7@group-13EA66812E11: changes role from  FOLLOWER to CANDIDATE at term 0 for changeToCandidate
2019-09-26 13:37:20,003 [Thread-294] INFO  impl.RoleInfo (RoleInfo.java:updateAndGet(143)) - 65b6a922-0f0f-4d93-80ba-5d2577e616a7: start LeaderElection
2019-09-26 13:37:20,005 [Thread-300] INFO  impl.FollowerState (FollowerState.java:run(106)) - 8e03446a-97fa-4aed-a68a-73437ef1131e:group-2844C86A38D9 changes to CANDIDATE, lastRpcTime:5107, electionTimeout:5106ms
2019-09-26 13:37:20,005 [Thread-300] INFO  impl.RoleInfo (RoleInfo.java:shutdownFollowerState(121)) - 8e03446a-97fa-4aed-a68a-73437ef1131e: shutdown FollowerState
2019-09-26 13:37:20,005 [Thread-300] INFO  impl.RaftServerImpl (RaftServerImpl.java:setRole(174)) - 8e03446a-97fa-4aed-a68a-73437ef1131e@group-2844C86A38D9: changes role from  FOLLOWER to CANDIDATE at term 0 for changeToCandidate
2019-09-26 13:37:20,005 [Thread-300] INFO  impl.RoleInfo (RoleInfo.java:updateAndGet(143)) - 8e03446a-97fa-4aed-a68a-73437ef1131e: start LeaderElection
2019-09-26 13:37:20,015 [8e03446a-97fa-4aed-a68a-73437ef1131e@group-E99D81FC3B72-SegmentedRaftLogWorker] INFO  segmented.SegmentedRaftLogWorker (SegmentedRaftLogWorker.java:execute(569)) - 8e03446a-97fa-4aed-a68a-73437ef1131e@group-E99D81FC3B72-SegmentedRaftLogWorker: created new log segment /workdir/hadoop-ozone/tools/target/test-dir/MiniOzoneClusterImpl-3a20bb1b-dac2-4ca8-91d1-f72b8431aeb5/datanode-2/data/ratis/69abe1c3-1808-4f61-89a0-e99d81fc3b72/current/log_inprogress_0
2019-09-26 13:37:20,015 [8e03446a-97fa-4aed-a68a-73437ef1131e@group-2844C86A38D9:LeaderElection29] INFO  impl.LeaderElection (LeaderElection.java:askForVotes(182)) - 8e03446a-97fa-4aed-a68a-73437ef1131e@group-2844C86A38D9:LeaderElection29: begin an election at term 1 for -1: [8e03446a-97fa-4aed-a68a-73437ef1131e:192.168.164.238:42766], old=null
2019-09-26 13:37:20,015 [65b6a922-0f0f-4d93-80ba-5d2577e616a7@group-13EA66812E11:LeaderElection28] INFO  impl.LeaderElection (LeaderElection.java:askForVotes(182)) - 65b6a922-0f0f-4d93-80ba-5d2577e616a7@group-13EA66812E11:LeaderElection28: begin an election at term 1 for -1: [65b6a922-0f0f-4d93-80ba-5d2577e616a7:192.168.164.238:37480], old=null
2019-09-26 13:37:20,016 [8e03446a-97fa-4aed-a68a-73437ef1131e@group-2844C86A38D9:LeaderElection29] INFO  impl.RoleInfo (RoleInfo.java:shutdownLeaderElection(134)) - 8e03446a-97fa-4aed-a68a-73437ef1131e: shutdown LeaderElection
2019-09-26 13:37:20,016 [65b6a922-0f0f-4d93-80ba-5d2577e616a7@group-13EA66812E11:LeaderElection28] INFO  impl.RoleInfo (RoleInfo.java:shutdownLeaderElection(134)) - 65b6a922-0f0f-4d93-80ba-5d2577e616a7: shutdown LeaderElection
2019-09-26 13:37:20,016 [8e03446a-97fa-4aed-a68a-73437ef1131e@group-2844C86A38D9:LeaderElection29] INFO  impl.RaftServerImpl (RaftServerImpl.java:setRole(174)) - 8e03446a-97fa-4aed-a68a-73437ef1131e@group-2844C86A38D9: changes role from CANDIDATE to LEADER at term 1 for changeToLeader
2019-09-26 13:37:20,016 [65b6a922-0f0f-4d93-80ba-5d2577e616a7@group-13EA66812E11:LeaderElection28] INFO  impl.RaftServerImpl (RaftServerImpl.java:setRole(174)) - 65b6a922-0f0f-4d93-80ba-5d2577e616a7@group-13EA66812E11: changes role from CANDIDATE to LEADER at term 1 for changeToLeader
2019-09-26 13:37:20,016 [8e03446a-97fa-4aed-a68a-73437ef1131e@group-2844C86A38D9:LeaderElection29] INFO  impl.RaftServerImpl (ServerState.java:setLeader(253)) - 8e03446a-97fa-4aed-a68a-73437ef1131e@group-2844C86A38D9: change Leader from null to 8e03446a-97fa-4aed-a68a-73437ef1131e at term 1 for becomeLeader, leader elected after 5127ms
2019-09-26 13:37:20,016 [65b6a922-0f0f-4d93-80ba-5d2577e616a7@group-13EA66812E11:LeaderElection28] INFO  impl.RaftServerImpl (ServerState.java:setLeader(253)) - 65b6a922-0f0f-4d93-80ba-5d2577e616a7@group-13EA66812E11: change Leader from null to 65b6a922-0f0f-4d93-80ba-5d2577e616a7 at term 1 for becomeLeader, leader elected after 5237ms
2019-09-26 13:37:20,016 [8e03446a-97fa-4aed-a68a-73437ef1131e@group-2844C86A38D9:LeaderElection29] INFO  server.RaftServerConfigKeys (ConfUtils.java:logGet(43)) - raft.server.staging.catchup.gap = 1000 (default)
2019-09-26 13:37:20,016 [65b6a922-0f0f-4d93-80ba-5d2577e616a7@group-13EA66812E11:LeaderElection28] INFO  server.RaftServerConfigKeys (ConfUtils.java:logGet(43)) - raft.server.staging.catchup.gap = 1000 (default)
2019-09-26 13:37:20,017 [8e03446a-97fa-4aed-a68a-73437ef1131e@group-2844C86A38D9:LeaderElection29] INFO  server.RaftServerConfigKeys (ConfUtils.java:logGet(43)) - raft.server.rpc.sleep.time = 25ms (default)
2019-09-26 13:37:20,017 [65b6a922-0f0f-4d93-80ba-5d2577e616a7@group-13EA66812E11:LeaderElection28] INFO  server.RaftServerConfigKeys (ConfUtils.java:logGet(43)) - raft.server.rpc.sleep.time = 25ms (default)
2019-09-26 13:37:20,017 [8e03446a-97fa-4aed-a68a-73437ef1131e@group-2844C86A38D9:LeaderElection29] INFO  server.RaftServerConfigKeys (ConfUtils.java:logGet(43)) - raft.server.write.element-limit = 4096 (default)
2019-09-26 13:37:20,017 [65b6a922-0f0f-4d93-80ba-5d2577e616a7@group-13EA66812E11:LeaderElection28] INFO  server.RaftServerConfigKeys (ConfUtils.java:logGet(43)) - raft.server.write.element-limit = 4096 (default)
2019-09-26 13:37:20,017 [8e03446a-97fa-4aed-a68a-73437ef1131e@group-2844C86A38D9:LeaderElection29] INFO  server.RaftServerConfigKeys (ConfUtils.java:logGet(43)) - raft.server.watch.timeout = 10s (default)
2019-09-26 13:37:20,017 [65b6a922-0f0f-4d93-80ba-5d2577e616a7@group-13EA66812E11:LeaderElection28] INFO  server.RaftServerConfigKeys (ConfUtils.java:logGet(43)) - raft.server.watch.timeout = 10s (default)
2019-09-26 13:37:20,017 [8e03446a-97fa-4aed-a68a-73437ef1131e@group-2844C86A38D9:LeaderElection29] INFO  server.RaftServerConfigKeys (ConfUtils.java:logGet(43)) - raft.server.watch.timeout.denomination = 1s (default)
2019-09-26 13:37:20,017 [65b6a922-0f0f-4d93-80ba-5d2577e616a7@group-13EA66812E11:LeaderElection28] INFO  server.RaftServerConfigKeys (ConfUtils.java:logGet(43)) - raft.server.watch.timeout.denomination = 1s (default)
2019-09-26 13:37:20,018 [8e03446a-97fa-4aed-a68a-73437ef1131e@group-2844C86A38D9:LeaderElection29] INFO  server.RaftServerConfigKeys (ConfUtils.java:logGet(43)) - raft.server.watch.element-limit = 65536 (default)
2019-09-26 13:37:20,018 [65b6a922-0f0f-4d93-80ba-5d2577e616a7@group-13EA66812E11:LeaderElection28] INFO  server.RaftServerConfigKeys (ConfUtils.java:logGet(43)) - raft.server.watch.element-limit = 65536 (default)
2019-09-26 13:37:20,021 [8e03446a-97fa-4aed-a68a-73437ef1131e@group-2844C86A38D9:LeaderElection29] INFO  impl.RoleInfo (RoleInfo.java:updateAndGet(143)) - 8e03446a-97fa-4aed-a68a-73437ef1131e: start LeaderState
2019-09-26 13:37:20,021 [8e03446a-97fa-4aed-a68a-73437ef1131e@group-2844C86A38D9:LeaderElection29] INFO  segmented.SegmentedRaftLogWorker (SegmentedRaftLogWorker.java:startLogSegment(380)) - 8e03446a-97fa-4aed-a68a-73437ef1131e@group-2844C86A38D9-SegmentedRaftLogWorker: Starting segment from index:0
2019-09-26 13:37:20,022 [65b6a922-0f0f-4d93-80ba-5d2577e616a7@group-13EA66812E11:LeaderElection28] INFO  impl.RoleInfo (RoleInfo.java:updateAndGet(143)) - 65b6a922-0f0f-4d93-80ba-5d2577e616a7: start LeaderState
2019-09-26 13:37:20,022 [8e03446a-97fa-4aed-a68a-73437ef1131e@group-2844C86A38D9:LeaderElection29] INFO  impl.RaftServerImpl (ServerState.java:setRaftConf(354)) - 8e03446a-97fa-4aed-a68a-73437ef1131e@group-2844C86A38D9: set configuration 0: [8e03446a-97fa-4aed-a68a-73437ef1131e:192.168.164.238:42766], old=null at 0
2019-09-26 13:37:20,022 [65b6a922-0f0f-4d93-80ba-5d2577e616a7@group-13EA66812E11:LeaderElection28] INFO  segmented.SegmentedRaftLogWorker (SegmentedRaftLogWorker.java:startLogSegment(380)) - 65b6a922-0f0f-4d93-80ba-5d2577e616a7@group-13EA66812E11-SegmentedRaftLogWorker: Starting segment from index:0
2019-09-26 13:37:20,052 [65b6a922-0f0f-4d93-80ba-5d2577e616a7@group-13EA66812E11:LeaderElection28] INFO  impl.RaftServerImpl (ServerState.java:setRaftConf(354)) - 65b6a922-0f0f-4d93-80ba-5d2577e616a7@group-13EA66812E11: set configuration 0: [65b6a922-0f0f-4d93-80ba-5d2577e616a7:192.168.164.238:37480], old=null at 0
2019-09-26 13:37:20,093 [8e03446a-97fa-4aed-a68a-73437ef1131e@group-2844C86A38D9-SegmentedRaftLogWorker] INFO  segmented.SegmentedRaftLogWorker (SegmentedRaftLogWorker.java:execute(569)) - 8e03446a-97fa-4aed-a68a-73437ef1131e@group-2844C86A38D9-SegmentedRaftLogWorker: created new log segment /workdir/hadoop-ozone/tools/target/test-dir/MiniOzoneClusterImpl-3a20bb1b-dac2-4ca8-91d1-f72b8431aeb5/datanode-2/data/ratis/1e8ec9ae-ce0f-4aef-bb52-2844c86a38d9/current/log_inprogress_0
2019-09-26 13:37:20,105 [65b6a922-0f0f-4d93-80ba-5d2577e616a7@group-13EA66812E11-SegmentedRaftLogWorker] INFO  segmented.SegmentedRaftLogWorker (SegmentedRaftLogWorker.java:execute(569)) - 65b6a922-0f0f-4d93-80ba-5d2577e616a7@group-13EA66812E11-SegmentedRaftLogWorker: created new log segment /workdir/hadoop-ozone/tools/target/test-dir/MiniOzoneClusterImpl-3a20bb1b-dac2-4ca8-91d1-f72b8431aeb5/datanode-1/data/ratis/a90031e5-1dcd-4d7b-a0fc-13ea66812e11/current/log_inprogress_0
2019-09-26 13:37:20,233 [Thread-303] INFO  impl.FollowerState (FollowerState.java:run(106)) - 8e03446a-97fa-4aed-a68a-73437ef1131e:group-A56AE6B6ACE3 changes to CANDIDATE, lastRpcTime:5085, electionTimeout:5079ms
2019-09-26 13:37:20,233 [Thread-303] INFO  impl.RoleInfo (RoleInfo.java:shutdownFollowerState(121)) - 8e03446a-97fa-4aed-a68a-73437ef1131e: shutdown FollowerState
2019-09-26 13:37:20,233 [Thread-303] INFO  impl.RaftServerImpl (RaftServerImpl.java:setRole(174)) - 8e03446a-97fa-4aed-a68a-73437ef1131e@group-A56AE6B6ACE3: changes role from  FOLLOWER to CANDIDATE at term 0 for changeToCandidate
2019-09-26 13:37:20,234 [Thread-303] INFO  impl.RoleInfo (RoleInfo.java:updateAndGet(143)) - 8e03446a-97fa-4aed-a68a-73437ef1131e: start LeaderElection
2019-09-26 13:37:20,249 [8e03446a-97fa-4aed-a68a-73437ef1131e@group-A56AE6B6ACE3:LeaderElection30] INFO  impl.LeaderElection (LeaderElection.java:askForVotes(182)) - 8e03446a-97fa-4aed-a68a-73437ef1131e@group-A56AE6B6ACE3:LeaderElection30: begin an election at term 1 for -1: [8e03446a-97fa-4aed-a68a-73437ef1131e:192.168.164.238:42766], old=null
2019-09-26 13:37:20,249 [8e03446a-97fa-4aed-a68a-73437ef1131e@group-A56AE6B6ACE3:LeaderElection30] INFO  impl.RoleInfo (RoleInfo.java:shutdownLeaderElection(134)) - 8e03446a-97fa-4aed-a68a-73437ef1131e: shutdown LeaderElection
2019-09-26 13:37:20,249 [8e03446a-97fa-4aed-a68a-73437ef1131e@group-A56AE6B6ACE3:LeaderElection30] INFO  impl.RaftServerImpl (RaftServerImpl.java:setRole(174)) - 8e03446a-97fa-4aed-a68a-73437ef1131e@group-A56AE6B6ACE3: changes role from CANDIDATE to LEADER at term 1 for changeToLeader
2019-09-26 13:37:20,249 [8e03446a-97fa-4aed-a68a-73437ef1131e@group-A56AE6B6ACE3:LeaderElection30] INFO  impl.RaftServerImpl (ServerState.java:setLeader(253)) - 8e03446a-97fa-4aed-a68a-73437ef1131e@group-A56AE6B6ACE3: change Leader from null to 8e03446a-97fa-4aed-a68a-73437ef1131e at term 1 for becomeLeader, leader elected after 5110ms
2019-09-26 13:37:20,249 [8e03446a-97fa-4aed-a68a-73437ef1131e@group-A56AE6B6ACE3:LeaderElection30] INFO  server.RaftServerConfigKeys (ConfUtils.java:logGet(43)) - raft.server.staging.catchup.gap = 1000 (default)
2019-09-26 13:37:20,249 [8e03446a-97fa-4aed-a68a-73437ef1131e@group-A56AE6B6ACE3:LeaderElection30] INFO  server.RaftServerConfigKeys (ConfUtils.java:logGet(43)) - raft.server.rpc.sleep.time = 25ms (default)
2019-09-26 13:37:20,249 [8e03446a-97fa-4aed-a68a-73437ef1131e@group-A56AE6B6ACE3:LeaderElection30] INFO  server.RaftServerConfigKeys (ConfUtils.java:logGet(43)) - raft.server.write.element-limit = 4096 (default)
2019-09-26 13:37:20,250 [8e03446a-97fa-4aed-a68a-73437ef1131e@group-A56AE6B6ACE3:LeaderElection30] INFO  server.RaftServerConfigKeys (ConfUtils.java:logGet(43)) - raft.server.watch.timeout = 10s (default)
2019-09-26 13:37:20,250 [8e03446a-97fa-4aed-a68a-73437ef1131e@group-A56AE6B6ACE3:LeaderElection30] INFO  server.RaftServerConfigKeys (ConfUtils.java:logGet(43)) - raft.server.watch.timeout.denomination = 1s (default)
2019-09-26 13:37:20,250 [8e03446a-97fa-4aed-a68a-73437ef1131e@group-A56AE6B6ACE3:LeaderElection30] INFO  server.RaftServerConfigKeys (ConfUtils.java:logGet(43)) - raft.server.watch.element-limit = 65536 (default)
2019-09-26 13:37:20,252 [8e03446a-97fa-4aed-a68a-73437ef1131e@group-A56AE6B6ACE3:LeaderElection30] INFO  impl.RoleInfo (RoleInfo.java:updateAndGet(143)) - 8e03446a-97fa-4aed-a68a-73437ef1131e: start LeaderState
2019-09-26 13:37:20,253 [8e03446a-97fa-4aed-a68a-73437ef1131e@group-A56AE6B6ACE3:LeaderElection30] INFO  segmented.SegmentedRaftLogWorker (SegmentedRaftLogWorker.java:startLogSegment(380)) - 8e03446a-97fa-4aed-a68a-73437ef1131e@group-A56AE6B6ACE3-SegmentedRaftLogWorker: Starting segment from index:0
2019-09-26 13:37:20,253 [8e03446a-97fa-4aed-a68a-73437ef1131e@group-A56AE6B6ACE3:LeaderElection30] INFO  impl.RaftServerImpl (ServerState.java:setRaftConf(354)) - 8e03446a-97fa-4aed-a68a-73437ef1131e@group-A56AE6B6ACE3: set configuration 0: [8e03446a-97fa-4aed-a68a-73437ef1131e:192.168.164.238:42766], old=null at 0
2019-09-26 13:37:20,305 [8e03446a-97fa-4aed-a68a-73437ef1131e@group-A56AE6B6ACE3-SegmentedRaftLogWorker] INFO  segmented.SegmentedRaftLogWorker (SegmentedRaftLogWorker.java:execute(569)) - 8e03446a-97fa-4aed-a68a-73437ef1131e@group-A56AE6B6ACE3-SegmentedRaftLogWorker: created new log segment /workdir/hadoop-ozone/tools/target/test-dir/MiniOzoneClusterImpl-3a20bb1b-dac2-4ca8-91d1-f72b8431aeb5/datanode-2/data/ratis/10d9b2f5-1b3b-4a6a-998e-a56ae6b6ace3/current/log_inprogress_0
 0.00% |█                                                                                                    |  0/1 Time: 0:00:01 0.00% |█                                                                                                    |  0/1 Time: 0:00:02 0.00% |█                                                                                                    |  0/1 Time: 0:00:03 0.00% |█                                                                                                    |  0/1 Time: 0:00:04 100.00% |█████████████████████████████████████████████████████████████████████████████████████████████████████|  1/1 Time: 0:00:05
]]></system-out>
  </testcase>
</testsuite>