<?xml version="1.0" encoding="UTF-8"?>
<testsuite xmlns:xsi="http://www.w3.org/2001/XMLSchema-instance" xsi:noNamespaceSchemaLocation="https://maven.apache.org/surefire/maven-surefire-plugin/xsd/surefire-test-report.xsd" name="org.apache.hadoop.ozone.freon.TestDataValidateWithSafeByteOperations" time="56.518" tests="3" errors="3" skipped="0" failures="0">
  <properties>
    <property name="awt.toolkit" value="sun.awt.X11.XToolkit"/>
    <property name="file.encoding.pkg" value="sun.io"/>
    <property name="java.specification.version" value="1.8"/>
    <property name="sun.cpu.isalist" value=""/>
    <property name="sun.jnu.encoding" value="UTF-8"/>
    <property name="java.class.path" value="/workdir/hadoop-ozone/tools/target/test-classes:/workdir/hadoop-ozone/tools/target/classes:/home/user/.m2/repository/org/apache/hadoop/hadoop-ozone-ozone-manager/0.5.0-SNAPSHOT/hadoop-ozone-ozone-manager-0.5.0-SNAPSHOT.jar:/home/user/.m2/repository/org/apache/hadoop/hadoop-hdds-docs/0.5.0-SNAPSHOT/hadoop-hdds-docs-0.5.0-SNAPSHOT.jar:/home/user/.m2/repository/org/bouncycastle/bcprov-jdk15on/1.60/bcprov-jdk15on-1.60.jar:/home/user/.m2/repository/org/apache/hadoop/hadoop-ozone-common/0.5.0-SNAPSHOT/hadoop-ozone-common-0.5.0-SNAPSHOT.jar:/home/user/.m2/repository/org/apache/commons/commons-compress/1.4.1/commons-compress-1.4.1.jar:/home/user/.m2/repository/org/tukaani/xz/1.0/xz-1.0.jar:/home/user/.m2/repository/org/apache/hadoop/hadoop-hdfs-client/3.2.0/hadoop-hdfs-client-3.2.0.jar:/home/user/.m2/repository/com/fasterxml/jackson/core/jackson-annotations/2.9.9/jackson-annotations-2.9.9.jar:/home/user/.m2/repository/org/apache/hadoop/hadoop-hdds-common/0.5.0-SNAPSHOT/hadoop-hdds-common-0.5.0-SNAPSHOT.jar:/home/user/.m2/repository/org/apache/hadoop/hadoop-hdds-config/0.5.0-SNAPSHOT/hadoop-hdds-config-0.5.0-SNAPSHOT.jar:/home/user/.m2/repository/javax/annotation/javax.annotation-api/1.2/javax.annotation-api-1.2.jar:/home/user/.m2/repository/org/apache/ratis/ratis-server/0.4.0/ratis-server-0.4.0.jar:/home/user/.m2/repository/org/apache/ratis/ratis-thirdparty-misc/0.2.0/ratis-thirdparty-misc-0.2.0.jar:/home/user/.m2/repository/org/apache/ratis/ratis-proto/0.4.0/ratis-proto-0.4.0.jar:/home/user/.m2/repository/org/apache/ratis/ratis-common/0.4.0/ratis-common-0.4.0.jar:/home/user/.m2/repository/org/apache/ratis/ratis-client/0.4.0/ratis-client-0.4.0.jar:/home/user/.m2/repository/org/apache/ratis/ratis-metrics/0.4.0/ratis-metrics-0.4.0.jar:/home/user/.m2/repository/com/github/joshelser/dropwizard-metrics-hadoop-metrics2-reporter/0.1.2/dropwizard-metrics-hadoop-metrics2-reporter-0.1.2.jar:/home/user/.m2/repository/io/dropwizard/metrics/metrics-jvm/3.2.5/metrics-jvm-3.2.5.jar:/home/user/.m2/repository/io/dropwizard/metrics/metrics-ganglia/3.2.5/metrics-ganglia-3.2.5.jar:/home/user/.m2/repository/info/ganglia/gmetric4j/gmetric4j/1.0.7/gmetric4j-1.0.7.jar:/home/user/.m2/repository/org/apache/ratis/ratis-netty/0.4.0/ratis-netty-0.4.0.jar:/home/user/.m2/repository/org/apache/ratis/ratis-grpc/0.4.0/ratis-grpc-0.4.0.jar:/home/user/.m2/repository/org/rocksdb/rocksdbjni/6.0.1/rocksdbjni-6.0.1.jar:/home/user/.m2/repository/org/apache/logging/log4j/log4j-api/2.11.0/log4j-api-2.11.0.jar:/home/user/.m2/repository/org/apache/logging/log4j/log4j-core/2.11.0/log4j-core-2.11.0.jar:/home/user/.m2/repository/com/lmax/disruptor/3.4.2/disruptor-3.4.2.jar:/home/user/.m2/repository/org/apache/commons/commons-pool2/2.6.0/commons-pool2-2.6.0.jar:/home/user/.m2/repository/org/bouncycastle/bcpkix-jdk15on/1.60/bcpkix-jdk15on-1.60.jar:/home/user/.m2/repository/commons-validator/commons-validator/1.6/commons-validator-1.6.jar:/home/user/.m2/repository/commons-digester/commons-digester/1.8.1/commons-digester-1.8.1.jar:/home/user/.m2/repository/io/jaegertracing/jaeger-client/0.34.0/jaeger-client-0.34.0.jar:/home/user/.m2/repository/io/jaegertracing/jaeger-thrift/0.34.0/jaeger-thrift-0.34.0.jar:/home/user/.m2/repository/org/apache/thrift/libthrift/0.12.0/libthrift-0.12.0.jar:/home/user/.m2/repository/com/squareup/okhttp3/okhttp/3.9.0/okhttp-3.9.0.jar:/home/user/.m2/repository/com/squareup/okio/okio/1.13.0/okio-1.13.0.jar:/home/user/.m2/repository/io/jaegertracing/jaeger-core/0.34.0/jaeger-core-0.34.0.jar:/home/user/.m2/repository/io/jaegertracing/jaeger-tracerresolver/0.34.0/jaeger-tracerresolver-0.34.0.jar:/home/user/.m2/repository/io/opentracing/contrib/opentracing-tracerresolver/0.1.5/opentracing-tracerresolver-0.1.5.jar:/home/user/.m2/repository/io/opentracing/opentracing-util/0.31.0/opentracing-util-0.31.0.jar:/home/user/.m2/repository/io/opentracing/opentracing-api/0.31.0/opentracing-api-0.31.0.jar:/home/user/.m2/repository/io/opentracing/opentracing-noop/0.31.0/opentracing-noop-0.31.0.jar:/home/user/.m2/repository/org/yaml/snakeyaml/1.16/snakeyaml-1.16.jar:/home/user/.m2/repository/org/apache/hadoop/hadoop-hdds-container-service/0.5.0-SNAPSHOT/hadoop-hdds-container-service-0.5.0-SNAPSHOT.jar:/home/user/.m2/repository/org/apache/hadoop/hadoop-hdds-client/0.5.0-SNAPSHOT/hadoop-hdds-client-0.5.0-SNAPSHOT.jar:/home/user/.m2/repository/org/apache/hadoop/hadoop-hdds-tools/0.5.0-SNAPSHOT/hadoop-hdds-tools-0.5.0-SNAPSHOT.jar:/home/user/.m2/repository/org/xerial/sqlite-jdbc/3.25.2/sqlite-jdbc-3.25.2.jar:/home/user/.m2/repository/org/apache/hadoop/hadoop-hdds-server-scm/0.5.0-SNAPSHOT/hadoop-hdds-server-scm-0.5.0-SNAPSHOT.jar:/home/user/.m2/repository/org/hamcrest/hamcrest-all/1.3/hamcrest-all-1.3.jar:/home/user/.m2/repository/info/picocli/picocli/3.9.6/picocli-3.9.6.jar:/home/user/.m2/repository/com/google/protobuf/protobuf-java/2.5.0/protobuf-java-2.5.0.jar:/home/user/.m2/repository/com/google/guava/guava/11.0.2/guava-11.0.2.jar:/home/user/.m2/repository/org/apache/hadoop/hadoop-ozone-client/0.5.0-SNAPSHOT/hadoop-ozone-client-0.5.0-SNAPSHOT.jar:/workdir/hadoop-ozone/ozonefs/target/classes:/home/user/.m2/repository/org/apache/hadoop/hadoop-hdds-server-framework/0.5.0-SNAPSHOT/hadoop-hdds-server-framework-0.5.0-SNAPSHOT.jar:/home/user/.m2/repository/org/apache/hadoop/hadoop-common/3.2.0/hadoop-common-3.2.0.jar:/home/user/.m2/repository/org/apache/hadoop/hadoop-annotations/3.2.0/hadoop-annotations-3.2.0.jar:/usr/lib/jvm/java-1.8-openjdk/jre/../lib/tools.jar:/home/user/.m2/repository/commons-cli/commons-cli/1.2/commons-cli-1.2.jar:/home/user/.m2/repository/org/apache/commons/commons-math3/3.1.1/commons-math3-3.1.1.jar:/home/user/.m2/repository/org/apache/httpcomponents/httpclient/4.5.2/httpclient-4.5.2.jar:/home/user/.m2/repository/org/apache/httpcomponents/httpcore/4.4.4/httpcore-4.4.4.jar:/home/user/.m2/repository/commons-codec/commons-codec/1.11/commons-codec-1.11.jar:/home/user/.m2/repository/commons-io/commons-io/2.5/commons-io-2.5.jar:/home/user/.m2/repository/commons-net/commons-net/3.6/commons-net-3.6.jar:/home/user/.m2/repository/commons-collections/commons-collections/3.2.2/commons-collections-3.2.2.jar:/home/user/.m2/repository/javax/servlet/javax.servlet-api/3.1.0/javax.servlet-api-3.1.0.jar:/home/user/.m2/repository/org/eclipse/jetty/jetty-server/9.3.25.v20180904/jetty-server-9.3.25.v20180904.jar:/home/user/.m2/repository/org/eclipse/jetty/jetty-http/9.3.25.v20180904/jetty-http-9.3.25.v20180904.jar:/home/user/.m2/repository/org/eclipse/jetty/jetty-io/9.3.25.v20180904/jetty-io-9.3.25.v20180904.jar:/home/user/.m2/repository/org/eclipse/jetty/jetty-util/9.3.25.v20180904/jetty-util-9.3.25.v20180904.jar:/home/user/.m2/repository/org/eclipse/jetty/jetty-servlet/9.3.25.v20180904/jetty-servlet-9.3.25.v20180904.jar:/home/user/.m2/repository/org/eclipse/jetty/jetty-security/9.3.25.v20180904/jetty-security-9.3.25.v20180904.jar:/home/user/.m2/repository/org/eclipse/jetty/jetty-webapp/9.3.25.v20180904/jetty-webapp-9.3.25.v20180904.jar:/home/user/.m2/repository/org/eclipse/jetty/jetty-xml/9.3.25.v20180904/jetty-xml-9.3.25.v20180904.jar:/home/user/.m2/repository/javax/servlet/jsp/jsp-api/2.1/jsp-api-2.1.jar:/home/user/.m2/repository/com/sun/jersey/jersey-core/1.19/jersey-core-1.19.jar:/home/user/.m2/repository/javax/ws/rs/jsr311-api/1.1.1/jsr311-api-1.1.1.jar:/home/user/.m2/repository/com/sun/jersey/jersey-servlet/1.19/jersey-servlet-1.19.jar:/home/user/.m2/repository/com/sun/jersey/jersey-json/1.19/jersey-json-1.19.jar:/home/user/.m2/repository/org/codehaus/jettison/jettison/1.1/jettison-1.1.jar:/home/user/.m2/repository/com/sun/xml/bind/jaxb-impl/2.3.0.1/jaxb-impl-2.3.0.1.jar:/home/user/.m2/repository/org/codehaus/jackson/jackson-core-asl/1.9.13/jackson-core-asl-1.9.13.jar:/home/user/.m2/repository/org/codehaus/jackson/jackson-mapper-asl/1.9.13/jackson-mapper-asl-1.9.13.jar:/home/user/.m2/repository/org/codehaus/jackson/jackson-jaxrs/1.9.13/jackson-jaxrs-1.9.13.jar:/home/user/.m2/repository/org/codehaus/jackson/jackson-xc/1.9.13/jackson-xc-1.9.13.jar:/home/user/.m2/repository/com/sun/jersey/jersey-server/1.19/jersey-server-1.19.jar:/home/user/.m2/repository/commons-logging/commons-logging/1.1.3/commons-logging-1.1.3.jar:/home/user/.m2/repository/log4j/log4j/1.2.17/log4j-1.2.17.jar:/home/user/.m2/repository/commons-beanutils/commons-beanutils/1.9.4/commons-beanutils-1.9.4.jar:/home/user/.m2/repository/org/apache/commons/commons-configuration2/2.1.1/commons-configuration2-2.1.1.jar:/home/user/.m2/repository/org/apache/commons/commons-lang3/3.7/commons-lang3-3.7.jar:/home/user/.m2/repository/org/apache/commons/commons-text/1.4/commons-text-1.4.jar:/home/user/.m2/repository/org/slf4j/slf4j-api/1.7.25/slf4j-api-1.7.25.jar:/home/user/.m2/repository/org/slf4j/slf4j-log4j12/1.7.25/slf4j-log4j12-1.7.25.jar:/home/user/.m2/repository/org/apache/avro/avro/1.7.7/avro-1.7.7.jar:/home/user/.m2/repository/com/thoughtworks/paranamer/paranamer/2.3/paranamer-2.3.jar:/home/user/.m2/repository/org/xerial/snappy/snappy-java/1.0.5/snappy-java-1.0.5.jar:/home/user/.m2/repository/com/google/re2j/re2j/1.1/re2j-1.1.jar:/home/user/.m2/repository/com/google/code/gson/gson/2.2.4/gson-2.2.4.jar:/home/user/.m2/repository/org/apache/hadoop/hadoop-auth/3.2.0/hadoop-auth-3.2.0.jar:/home/user/.m2/repository/com/nimbusds/nimbus-jose-jwt/4.41.1/nimbus-jose-jwt-4.41.1.jar:/home/user/.m2/repository/com/github/stephenc/jcip/jcip-annotations/1.0-1/jcip-annotations-1.0-1.jar:/home/user/.m2/repository/net/minidev/json-smart/2.3/json-smart-2.3.jar:/home/user/.m2/repository/net/minidev/accessors-smart/1.2/accessors-smart-1.2.jar:/home/user/.m2/repository/org/apache/curator/curator-framework/2.12.0/curator-framework-2.12.0.jar:/home/user/.m2/repository/com/jcraft/jsch/0.1.54/jsch-0.1.54.jar:/home/user/.m2/repository/org/apache/curator/curator-client/2.12.0/curator-client-2.12.0.jar:/home/user/.m2/repository/org/apache/curator/curator-recipes/2.12.0/curator-recipes-2.12.0.jar:/home/user/.m2/repository/com/google/code/findbugs/jsr305/3.0.0/jsr305-3.0.0.jar:/home/user/.m2/repository/org/apache/htrace/htrace-core4/4.1.0-incubating/htrace-core4-4.1.0-incubating.jar:/home/user/.m2/repository/org/apache/zookeeper/zookeeper/3.4.13/zookeeper-3.4.13.jar:/home/user/.m2/repository/jline/jline/0.9.94/jline-0.9.94.jar:/home/user/.m2/repository/org/apache/yetus/audience-annotations/0.5.0/audience-annotations-0.5.0.jar:/home/user/.m2/repository/org/apache/kerby/kerb-simplekdc/1.0.1/kerb-simplekdc-1.0.1.jar:/home/user/.m2/repository/org/apache/kerby/kerb-client/1.0.1/kerb-client-1.0.1.jar:/home/user/.m2/repository/org/apache/kerby/kerby-config/1.0.1/kerby-config-1.0.1.jar:/home/user/.m2/repository/org/apache/kerby/kerb-core/1.0.1/kerb-core-1.0.1.jar:/home/user/.m2/repository/org/apache/kerby/kerby-pkix/1.0.1/kerby-pkix-1.0.1.jar:/home/user/.m2/repository/org/apache/kerby/kerby-asn1/1.0.1/kerby-asn1-1.0.1.jar:/home/user/.m2/repository/org/apache/kerby/kerby-util/1.0.1/kerby-util-1.0.1.jar:/home/user/.m2/repository/org/apache/kerby/kerb-common/1.0.1/kerb-common-1.0.1.jar:/home/user/.m2/repository/org/apache/kerby/kerb-crypto/1.0.1/kerb-crypto-1.0.1.jar:/home/user/.m2/repository/org/apache/kerby/kerb-util/1.0.1/kerb-util-1.0.1.jar:/home/user/.m2/repository/org/apache/kerby/token-provider/1.0.1/token-provider-1.0.1.jar:/home/user/.m2/repository/org/apache/kerby/kerb-admin/1.0.1/kerb-admin-1.0.1.jar:/home/user/.m2/repository/org/apache/kerby/kerb-server/1.0.1/kerb-server-1.0.1.jar:/home/user/.m2/repository/org/apache/kerby/kerb-identity/1.0.1/kerb-identity-1.0.1.jar:/home/user/.m2/repository/org/apache/kerby/kerby-xdr/1.0.1/kerby-xdr-1.0.1.jar:/home/user/.m2/repository/com/fasterxml/jackson/core/jackson-databind/2.9.9/jackson-databind-2.9.9.jar:/home/user/.m2/repository/com/fasterxml/jackson/core/jackson-core/2.9.9/jackson-core-2.9.9.jar:/home/user/.m2/repository/org/codehaus/woodstox/stax2-api/3.1.4/stax2-api-3.1.4.jar:/home/user/.m2/repository/com/fasterxml/woodstox/woodstox-core/5.0.3/woodstox-core-5.0.3.jar:/home/user/.m2/repository/dnsjava/dnsjava/2.1.7/dnsjava-2.1.7.jar:/home/user/.m2/repository/org/apache/hadoop/hadoop-hdfs/3.2.0/hadoop-hdfs-3.2.0.jar:/home/user/.m2/repository/org/eclipse/jetty/jetty-util-ajax/9.3.25.v20180904/jetty-util-ajax-9.3.25.v20180904.jar:/home/user/.m2/repository/commons-daemon/commons-daemon/1.0.13/commons-daemon-1.0.13.jar:/home/user/.m2/repository/io/netty/netty/3.10.5.Final/netty-3.10.5.Final.jar:/home/user/.m2/repository/io/netty/netty-all/4.0.52.Final/netty-all-4.0.52.Final.jar:/home/user/.m2/repository/org/fusesource/leveldbjni/leveldbjni-all/1.8/leveldbjni-all-1.8.jar:/home/user/.m2/repository/com/sun/xml/bind/jaxb-core/2.3.0.1/jaxb-core-2.3.0.1.jar:/home/user/.m2/repository/javax/xml/bind/jaxb-api/2.3.0/jaxb-api-2.3.0.jar:/home/user/.m2/repository/javax/activation/activation/1.1.1/activation-1.1.1.jar:/home/user/.m2/repository/io/dropwizard/metrics/metrics-core/3.2.4/metrics-core-3.2.4.jar:/home/user/.m2/repository/org/openjdk/jmh/jmh-core/1.19/jmh-core-1.19.jar:/home/user/.m2/repository/net/sf/jopt-simple/jopt-simple/4.6/jopt-simple-4.6.jar:/home/user/.m2/repository/org/openjdk/jmh/jmh-generator-annprocess/1.19/jmh-generator-annprocess-1.19.jar:/home/user/.m2/repository/com/amazonaws/aws-java-sdk-s3/1.11.615/aws-java-sdk-s3-1.11.615.jar:/home/user/.m2/repository/com/amazonaws/aws-java-sdk-kms/1.11.615/aws-java-sdk-kms-1.11.615.jar:/home/user/.m2/repository/com/amazonaws/aws-java-sdk-core/1.11.615/aws-java-sdk-core-1.11.615.jar:/home/user/.m2/repository/software/amazon/ion/ion-java/1.0.2/ion-java-1.0.2.jar:/home/user/.m2/repository/com/fasterxml/jackson/dataformat/jackson-dataformat-cbor/2.9.9/jackson-dataformat-cbor-2.9.9.jar:/home/user/.m2/repository/joda-time/joda-time/2.9.9/joda-time-2.9.9.jar:/home/user/.m2/repository/com/amazonaws/jmespath-java/1.11.615/jmespath-java-1.11.615.jar:/home/user/.m2/repository/com/google/code/findbugs/findbugs/3.0.1/findbugs-3.0.1.jar:/home/user/.m2/repository/net/jcip/jcip-annotations/1.0/jcip-annotations-1.0.jar:/home/user/.m2/repository/com/google/code/findbugs/bcel-findbugs/6.0/bcel-findbugs-6.0.jar:/home/user/.m2/repository/com/google/code/findbugs/jFormatString/2.0.1/jFormatString-2.0.1.jar:/home/user/.m2/repository/dom4j/dom4j/1.6.1/dom4j-1.6.1.jar:/home/user/.m2/repository/xml-apis/xml-apis/1.0.b2/xml-apis-1.0.b2.jar:/home/user/.m2/repository/org/ow2/asm/asm-debug-all/5.0.2/asm-debug-all-5.0.2.jar:/home/user/.m2/repository/org/ow2/asm/asm-commons/5.0.2/asm-commons-5.0.2.jar:/home/user/.m2/repository/org/ow2/asm/asm-tree/5.0.2/asm-tree-5.0.2.jar:/home/user/.m2/repository/org/ow2/asm/asm/5.0.4/asm-5.0.4.jar:/home/user/.m2/repository/commons-lang/commons-lang/2.6/commons-lang-2.6.jar:/home/user/.m2/repository/com/apple/AppleJavaExtensions/1.4/AppleJavaExtensions-1.4.jar:/home/user/.m2/repository/jaxen/jaxen/1.1.6/jaxen-1.1.6.jar:/home/user/.m2/repository/junit/junit/4.11/junit-4.11.jar:/home/user/.m2/repository/org/hamcrest/hamcrest-core/1.3/hamcrest-core-1.3.jar:/home/user/.m2/repository/org/apache/hadoop/hadoop-common/3.2.0/hadoop-common-3.2.0-tests.jar:/workdir/hadoop-ozone/integration-test/target/test-classes:/home/user/.m2/repository/org/apache/hadoop/hadoop-ozone-s3gateway/0.5.0-SNAPSHOT/hadoop-ozone-s3gateway-0.5.0-SNAPSHOT.jar:/home/user/.m2/repository/org/jboss/weld/servlet/weld-servlet/2.4.7.Final/weld-servlet-2.4.7.Final.jar:/home/user/.m2/repository/org/glassfish/jersey/containers/jersey-container-servlet-core/2.27/jersey-container-servlet-core-2.27.jar:/home/user/.m2/repository/org/glassfish/hk2/external/javax.inject/2.5.0-b42/javax.inject-2.5.0-b42.jar:/home/user/.m2/repository/org/glassfish/jersey/core/jersey-common/2.27/jersey-common-2.27.jar:/home/user/.m2/repository/org/glassfish/hk2/osgi-resource-locator/1.0.1/osgi-resource-locator-1.0.1.jar:/home/user/.m2/repository/javax/ws/rs/javax.ws.rs-api/2.1/javax.ws.rs-api-2.1.jar:/home/user/.m2/repository/org/glassfish/jersey/ext/cdi/jersey-cdi1x/2.27/jersey-cdi1x-2.27.jar:/home/user/.m2/repository/org/glassfish/jersey/inject/jersey-hk2/2.27/jersey-hk2-2.27.jar:/home/user/.m2/repository/org/glassfish/hk2/hk2-locator/2.5.0-b42/hk2-locator-2.5.0-b42.jar:/home/user/.m2/repository/org/javassist/javassist/3.22.0-CR2/javassist-3.22.0-CR2.jar:/home/user/.m2/repository/org/glassfish/hk2/hk2-api/2.5.0/hk2-api-2.5.0.jar:/home/user/.m2/repository/org/glassfish/hk2/external/jakarta.inject/2.5.0/jakarta.inject-2.5.0.jar:/home/user/.m2/repository/org/glassfish/hk2/hk2-utils/2.5.0/hk2-utils-2.5.0.jar:/home/user/.m2/repository/jakarta/annotation/jakarta.annotation-api/1.3.4/jakarta.annotation-api-1.3.4.jar:/home/user/.m2/repository/org/glassfish/hk2/external/aopalliance-repackaged/2.5.0/aopalliance-repackaged-2.5.0.jar:/home/user/.m2/repository/com/fasterxml/jackson/dataformat/jackson-dataformat-xml/2.9.0/jackson-dataformat-xml-2.9.0.jar:/home/user/.m2/repository/com/fasterxml/jackson/module/jackson-module-jaxb-annotations/2.9.9/jackson-module-jaxb-annotations-2.9.9.jar:/home/user/.m2/repository/javax/enterprise/cdi-api/1.2/cdi-api-1.2.jar:/home/user/.m2/repository/javax/el/javax.el-api/3.0.0/javax.el-api-3.0.0.jar:/home/user/.m2/repository/javax/interceptor/javax.interceptor-api/1.2/javax.interceptor-api-1.2.jar:/home/user/.m2/repository/javax/inject/javax.inject/1/javax.inject-1.jar:/home/user/.m2/repository/org/apache/hadoop/hadoop-ozone-csi/0.5.0-SNAPSHOT/hadoop-ozone-csi-0.5.0-SNAPSHOT.jar:/home/user/.m2/repository/com/google/protobuf/protobuf-java-util/3.5.1/protobuf-java-util-3.5.1.jar:/home/user/.m2/repository/io/grpc/grpc-netty/1.17.1/grpc-netty-1.17.1.jar:/home/user/.m2/repository/io/grpc/grpc-core/1.17.1/grpc-core-1.17.1.jar:/home/user/.m2/repository/io/grpc/grpc-context/1.17.1/grpc-context-1.17.1.jar:/home/user/.m2/repository/com/google/errorprone/error_prone_annotations/2.2.0/error_prone_annotations-2.2.0.jar:/home/user/.m2/repository/org/codehaus/mojo/animal-sniffer-annotations/1.17/animal-sniffer-annotations-1.17.jar:/home/user/.m2/repository/io/opencensus/opencensus-api/0.17.0/opencensus-api-0.17.0.jar:/home/user/.m2/repository/io/opencensus/opencensus-contrib-grpc-metrics/0.17.0/opencensus-contrib-grpc-metrics-0.17.0.jar:/home/user/.m2/repository/io/netty/netty-codec-http2/4.1.30.Final/netty-codec-http2-4.1.30.Final.jar:/home/user/.m2/repository/io/netty/netty-codec-http/4.1.30.Final/netty-codec-http-4.1.30.Final.jar:/home/user/.m2/repository/io/netty/netty-codec/4.1.30.Final/netty-codec-4.1.30.Final.jar:/home/user/.m2/repository/io/netty/netty-handler/4.1.30.Final/netty-handler-4.1.30.Final.jar:/home/user/.m2/repository/io/netty/netty-handler-proxy/4.1.30.Final/netty-handler-proxy-4.1.30.Final.jar:/home/user/.m2/repository/io/netty/netty-codec-socks/4.1.30.Final/netty-codec-socks-4.1.30.Final.jar:/home/user/.m2/repository/io/netty/netty-transport-native-epoll/4.1.30.Final/netty-transport-native-epoll-4.1.30.Final.jar:/home/user/.m2/repository/io/netty/netty-common/4.1.30.Final/netty-common-4.1.30.Final.jar:/home/user/.m2/repository/io/netty/netty-buffer/4.1.30.Final/netty-buffer-4.1.30.Final.jar:/home/user/.m2/repository/io/netty/netty-transport/4.1.30.Final/netty-transport-4.1.30.Final.jar:/home/user/.m2/repository/io/netty/netty-resolver/4.1.30.Final/netty-resolver-4.1.30.Final.jar:/home/user/.m2/repository/io/netty/netty-transport-native-unix-common/4.1.30.Final/netty-transport-native-unix-common-4.1.30.Final.jar:/home/user/.m2/repository/io/grpc/grpc-protobuf/1.17.1/grpc-protobuf-1.17.1.jar:/home/user/.m2/repository/com/google/api/grpc/proto-google-common-protos/1.0.0/proto-google-common-protos-1.0.0.jar:/home/user/.m2/repository/io/grpc/grpc-protobuf-lite/1.17.1/grpc-protobuf-lite-1.17.1.jar:/home/user/.m2/repository/io/grpc/grpc-stub/1.17.1/grpc-stub-1.17.1.jar:/home/user/.m2/repository/org/apache/hadoop/hadoop-ozone-recon/0.5.0-SNAPSHOT/hadoop-ozone-recon-0.5.0-SNAPSHOT.jar:/home/user/.m2/repository/org/apache/hadoop/hadoop-ozone-reconcodegen/0.5.0-SNAPSHOT/hadoop-ozone-reconcodegen-0.5.0-SNAPSHOT.jar:/home/user/.m2/repository/com/google/inject/extensions/guice-multibindings/4.0/guice-multibindings-4.0.jar:/home/user/.m2/repository/com/google/inject/guice/4.0/guice-4.0.jar:/home/user/.m2/repository/aopalliance/aopalliance/1.0/aopalliance-1.0.jar:/home/user/.m2/repository/com/google/inject/extensions/guice-servlet/4.0/guice-servlet-4.0.jar:/home/user/.m2/repository/org/glassfish/jersey/containers/jersey-container-servlet/2.27/jersey-container-servlet-2.27.jar:/home/user/.m2/repository/org/glassfish/hk2/guice-bridge/2.5.0/guice-bridge-2.5.0.jar:/home/user/.m2/repository/org/glassfish/jersey/core/jersey-server/2.27/jersey-server-2.27.jar:/home/user/.m2/repository/org/glassfish/jersey/core/jersey-client/2.27/jersey-client-2.27.jar:/home/user/.m2/repository/org/glassfish/jersey/media/jersey-media-jaxb/2.27/jersey-media-jaxb-2.27.jar:/home/user/.m2/repository/javax/validation/validation-api/1.1.0.Final/validation-api-1.1.0.Final.jar:/home/user/.m2/repository/org/glassfish/jersey/media/jersey-media-json-jackson/2.27/jersey-media-json-jackson-2.27.jar:/home/user/.m2/repository/org/glassfish/jersey/ext/jersey-entity-filtering/2.27/jersey-entity-filtering-2.27.jar:/home/user/.m2/repository/com/google/inject/extensions/guice-assistedinject/4.0/guice-assistedinject-4.0.jar:/home/user/.m2/repository/org/jooq/jooq/3.11.10/jooq-3.11.10.jar:/home/user/.m2/repository/org/jooq/jooq-meta/3.11.10/jooq-meta-3.11.10.jar:/home/user/.m2/repository/org/jooq/jooq-codegen/3.11.10/jooq-codegen-3.11.10.jar:/home/user/.m2/repository/com/jolbox/bonecp/0.8.0.RELEASE/bonecp-0.8.0.RELEASE.jar:/home/user/.m2/repository/org/springframework/spring-jdbc/5.1.3.RELEASE/spring-jdbc-5.1.3.RELEASE.jar:/home/user/.m2/repository/org/springframework/spring-beans/5.1.3.RELEASE/spring-beans-5.1.3.RELEASE.jar:/home/user/.m2/repository/org/springframework/spring-core/5.1.3.RELEASE/spring-core-5.1.3.RELEASE.jar:/home/user/.m2/repository/org/springframework/spring-jcl/5.1.3.RELEASE/spring-jcl-5.1.3.RELEASE.jar:/home/user/.m2/repository/org/springframework/spring-tx/5.1.3.RELEASE/spring-tx-5.1.3.RELEASE.jar:/home/user/.m2/repository/org/mockito/mockito-core/2.15.0/mockito-core-2.15.0.jar:/home/user/.m2/repository/net/bytebuddy/byte-buddy/1.7.9/byte-buddy-1.7.9.jar:/home/user/.m2/repository/net/bytebuddy/byte-buddy-agent/1.7.9/byte-buddy-agent-1.7.9.jar:/home/user/.m2/repository/org/objenesis/objenesis/1.0/objenesis-1.0.jar:"/>
    <property name="java.vm.vendor" value="IcedTea"/>
    <property name="sun.arch.data.model" value="64"/>
    <property name="test.build.dir" value="/workdir/hadoop-ozone/tools/target/test-dir"/>
    <property name="test.cache.data" value=""/>
    <property name="java.vendor.url" value="https://icedtea.classpath.org"/>
    <property name="user.timezone" value=""/>
    <property name="java.vm.specification.version" value="1.8"/>
    <property name="os.name" value="Linux"/>
    <property name="test.build.data" value="/workdir/hadoop-ozone/tools/target/test-dir"/>
    <property name="user.country" value="US"/>
    <property name="sun.java.launcher" value="SUN_STANDARD"/>
    <property name="sun.boot.library.path" value="/usr/lib/jvm/java-1.8-openjdk/jre/lib/amd64"/>
    <property name="sun.java.command" value="/workdir/hadoop-ozone/tools/target/surefire/surefirebooter3703949230720417274.jar /workdir/hadoop-ozone/tools/target/surefire 2019-09-26T11-49-28_115-jvmRun1 surefire1648664900167529923tmp surefire_1155263916079592374142tmp"/>
    <property name="test" value="!TestMiniChaosOzoneCluster"/>
    <property name="surefire.test.class.path" value="/workdir/hadoop-ozone/tools/target/test-classes:/workdir/hadoop-ozone/tools/target/classes:/home/user/.m2/repository/org/apache/hadoop/hadoop-ozone-ozone-manager/0.5.0-SNAPSHOT/hadoop-ozone-ozone-manager-0.5.0-SNAPSHOT.jar:/home/user/.m2/repository/org/apache/hadoop/hadoop-hdds-docs/0.5.0-SNAPSHOT/hadoop-hdds-docs-0.5.0-SNAPSHOT.jar:/home/user/.m2/repository/org/bouncycastle/bcprov-jdk15on/1.60/bcprov-jdk15on-1.60.jar:/home/user/.m2/repository/org/apache/hadoop/hadoop-ozone-common/0.5.0-SNAPSHOT/hadoop-ozone-common-0.5.0-SNAPSHOT.jar:/home/user/.m2/repository/org/apache/commons/commons-compress/1.4.1/commons-compress-1.4.1.jar:/home/user/.m2/repository/org/tukaani/xz/1.0/xz-1.0.jar:/home/user/.m2/repository/org/apache/hadoop/hadoop-hdfs-client/3.2.0/hadoop-hdfs-client-3.2.0.jar:/home/user/.m2/repository/com/fasterxml/jackson/core/jackson-annotations/2.9.9/jackson-annotations-2.9.9.jar:/home/user/.m2/repository/org/apache/hadoop/hadoop-hdds-common/0.5.0-SNAPSHOT/hadoop-hdds-common-0.5.0-SNAPSHOT.jar:/home/user/.m2/repository/org/apache/hadoop/hadoop-hdds-config/0.5.0-SNAPSHOT/hadoop-hdds-config-0.5.0-SNAPSHOT.jar:/home/user/.m2/repository/javax/annotation/javax.annotation-api/1.2/javax.annotation-api-1.2.jar:/home/user/.m2/repository/org/apache/ratis/ratis-server/0.4.0/ratis-server-0.4.0.jar:/home/user/.m2/repository/org/apache/ratis/ratis-thirdparty-misc/0.2.0/ratis-thirdparty-misc-0.2.0.jar:/home/user/.m2/repository/org/apache/ratis/ratis-proto/0.4.0/ratis-proto-0.4.0.jar:/home/user/.m2/repository/org/apache/ratis/ratis-common/0.4.0/ratis-common-0.4.0.jar:/home/user/.m2/repository/org/apache/ratis/ratis-client/0.4.0/ratis-client-0.4.0.jar:/home/user/.m2/repository/org/apache/ratis/ratis-metrics/0.4.0/ratis-metrics-0.4.0.jar:/home/user/.m2/repository/com/github/joshelser/dropwizard-metrics-hadoop-metrics2-reporter/0.1.2/dropwizard-metrics-hadoop-metrics2-reporter-0.1.2.jar:/home/user/.m2/repository/io/dropwizard/metrics/metrics-jvm/3.2.5/metrics-jvm-3.2.5.jar:/home/user/.m2/repository/io/dropwizard/metrics/metrics-ganglia/3.2.5/metrics-ganglia-3.2.5.jar:/home/user/.m2/repository/info/ganglia/gmetric4j/gmetric4j/1.0.7/gmetric4j-1.0.7.jar:/home/user/.m2/repository/org/apache/ratis/ratis-netty/0.4.0/ratis-netty-0.4.0.jar:/home/user/.m2/repository/org/apache/ratis/ratis-grpc/0.4.0/ratis-grpc-0.4.0.jar:/home/user/.m2/repository/org/rocksdb/rocksdbjni/6.0.1/rocksdbjni-6.0.1.jar:/home/user/.m2/repository/org/apache/logging/log4j/log4j-api/2.11.0/log4j-api-2.11.0.jar:/home/user/.m2/repository/org/apache/logging/log4j/log4j-core/2.11.0/log4j-core-2.11.0.jar:/home/user/.m2/repository/com/lmax/disruptor/3.4.2/disruptor-3.4.2.jar:/home/user/.m2/repository/org/apache/commons/commons-pool2/2.6.0/commons-pool2-2.6.0.jar:/home/user/.m2/repository/org/bouncycastle/bcpkix-jdk15on/1.60/bcpkix-jdk15on-1.60.jar:/home/user/.m2/repository/commons-validator/commons-validator/1.6/commons-validator-1.6.jar:/home/user/.m2/repository/commons-digester/commons-digester/1.8.1/commons-digester-1.8.1.jar:/home/user/.m2/repository/io/jaegertracing/jaeger-client/0.34.0/jaeger-client-0.34.0.jar:/home/user/.m2/repository/io/jaegertracing/jaeger-thrift/0.34.0/jaeger-thrift-0.34.0.jar:/home/user/.m2/repository/org/apache/thrift/libthrift/0.12.0/libthrift-0.12.0.jar:/home/user/.m2/repository/com/squareup/okhttp3/okhttp/3.9.0/okhttp-3.9.0.jar:/home/user/.m2/repository/com/squareup/okio/okio/1.13.0/okio-1.13.0.jar:/home/user/.m2/repository/io/jaegertracing/jaeger-core/0.34.0/jaeger-core-0.34.0.jar:/home/user/.m2/repository/io/jaegertracing/jaeger-tracerresolver/0.34.0/jaeger-tracerresolver-0.34.0.jar:/home/user/.m2/repository/io/opentracing/contrib/opentracing-tracerresolver/0.1.5/opentracing-tracerresolver-0.1.5.jar:/home/user/.m2/repository/io/opentracing/opentracing-util/0.31.0/opentracing-util-0.31.0.jar:/home/user/.m2/repository/io/opentracing/opentracing-api/0.31.0/opentracing-api-0.31.0.jar:/home/user/.m2/repository/io/opentracing/opentracing-noop/0.31.0/opentracing-noop-0.31.0.jar:/home/user/.m2/repository/org/yaml/snakeyaml/1.16/snakeyaml-1.16.jar:/home/user/.m2/repository/org/apache/hadoop/hadoop-hdds-container-service/0.5.0-SNAPSHOT/hadoop-hdds-container-service-0.5.0-SNAPSHOT.jar:/home/user/.m2/repository/org/apache/hadoop/hadoop-hdds-client/0.5.0-SNAPSHOT/hadoop-hdds-client-0.5.0-SNAPSHOT.jar:/home/user/.m2/repository/org/apache/hadoop/hadoop-hdds-tools/0.5.0-SNAPSHOT/hadoop-hdds-tools-0.5.0-SNAPSHOT.jar:/home/user/.m2/repository/org/xerial/sqlite-jdbc/3.25.2/sqlite-jdbc-3.25.2.jar:/home/user/.m2/repository/org/apache/hadoop/hadoop-hdds-server-scm/0.5.0-SNAPSHOT/hadoop-hdds-server-scm-0.5.0-SNAPSHOT.jar:/home/user/.m2/repository/org/hamcrest/hamcrest-all/1.3/hamcrest-all-1.3.jar:/home/user/.m2/repository/info/picocli/picocli/3.9.6/picocli-3.9.6.jar:/home/user/.m2/repository/com/google/protobuf/protobuf-java/2.5.0/protobuf-java-2.5.0.jar:/home/user/.m2/repository/com/google/guava/guava/11.0.2/guava-11.0.2.jar:/home/user/.m2/repository/org/apache/hadoop/hadoop-ozone-client/0.5.0-SNAPSHOT/hadoop-ozone-client-0.5.0-SNAPSHOT.jar:/workdir/hadoop-ozone/ozonefs/target/classes:/home/user/.m2/repository/org/apache/hadoop/hadoop-hdds-server-framework/0.5.0-SNAPSHOT/hadoop-hdds-server-framework-0.5.0-SNAPSHOT.jar:/home/user/.m2/repository/org/apache/hadoop/hadoop-common/3.2.0/hadoop-common-3.2.0.jar:/home/user/.m2/repository/org/apache/hadoop/hadoop-annotations/3.2.0/hadoop-annotations-3.2.0.jar:/usr/lib/jvm/java-1.8-openjdk/jre/../lib/tools.jar:/home/user/.m2/repository/commons-cli/commons-cli/1.2/commons-cli-1.2.jar:/home/user/.m2/repository/org/apache/commons/commons-math3/3.1.1/commons-math3-3.1.1.jar:/home/user/.m2/repository/org/apache/httpcomponents/httpclient/4.5.2/httpclient-4.5.2.jar:/home/user/.m2/repository/org/apache/httpcomponents/httpcore/4.4.4/httpcore-4.4.4.jar:/home/user/.m2/repository/commons-codec/commons-codec/1.11/commons-codec-1.11.jar:/home/user/.m2/repository/commons-io/commons-io/2.5/commons-io-2.5.jar:/home/user/.m2/repository/commons-net/commons-net/3.6/commons-net-3.6.jar:/home/user/.m2/repository/commons-collections/commons-collections/3.2.2/commons-collections-3.2.2.jar:/home/user/.m2/repository/javax/servlet/javax.servlet-api/3.1.0/javax.servlet-api-3.1.0.jar:/home/user/.m2/repository/org/eclipse/jetty/jetty-server/9.3.25.v20180904/jetty-server-9.3.25.v20180904.jar:/home/user/.m2/repository/org/eclipse/jetty/jetty-http/9.3.25.v20180904/jetty-http-9.3.25.v20180904.jar:/home/user/.m2/repository/org/eclipse/jetty/jetty-io/9.3.25.v20180904/jetty-io-9.3.25.v20180904.jar:/home/user/.m2/repository/org/eclipse/jetty/jetty-util/9.3.25.v20180904/jetty-util-9.3.25.v20180904.jar:/home/user/.m2/repository/org/eclipse/jetty/jetty-servlet/9.3.25.v20180904/jetty-servlet-9.3.25.v20180904.jar:/home/user/.m2/repository/org/eclipse/jetty/jetty-security/9.3.25.v20180904/jetty-security-9.3.25.v20180904.jar:/home/user/.m2/repository/org/eclipse/jetty/jetty-webapp/9.3.25.v20180904/jetty-webapp-9.3.25.v20180904.jar:/home/user/.m2/repository/org/eclipse/jetty/jetty-xml/9.3.25.v20180904/jetty-xml-9.3.25.v20180904.jar:/home/user/.m2/repository/javax/servlet/jsp/jsp-api/2.1/jsp-api-2.1.jar:/home/user/.m2/repository/com/sun/jersey/jersey-core/1.19/jersey-core-1.19.jar:/home/user/.m2/repository/javax/ws/rs/jsr311-api/1.1.1/jsr311-api-1.1.1.jar:/home/user/.m2/repository/com/sun/jersey/jersey-servlet/1.19/jersey-servlet-1.19.jar:/home/user/.m2/repository/com/sun/jersey/jersey-json/1.19/jersey-json-1.19.jar:/home/user/.m2/repository/org/codehaus/jettison/jettison/1.1/jettison-1.1.jar:/home/user/.m2/repository/com/sun/xml/bind/jaxb-impl/2.3.0.1/jaxb-impl-2.3.0.1.jar:/home/user/.m2/repository/org/codehaus/jackson/jackson-core-asl/1.9.13/jackson-core-asl-1.9.13.jar:/home/user/.m2/repository/org/codehaus/jackson/jackson-mapper-asl/1.9.13/jackson-mapper-asl-1.9.13.jar:/home/user/.m2/repository/org/codehaus/jackson/jackson-jaxrs/1.9.13/jackson-jaxrs-1.9.13.jar:/home/user/.m2/repository/org/codehaus/jackson/jackson-xc/1.9.13/jackson-xc-1.9.13.jar:/home/user/.m2/repository/com/sun/jersey/jersey-server/1.19/jersey-server-1.19.jar:/home/user/.m2/repository/commons-logging/commons-logging/1.1.3/commons-logging-1.1.3.jar:/home/user/.m2/repository/log4j/log4j/1.2.17/log4j-1.2.17.jar:/home/user/.m2/repository/commons-beanutils/commons-beanutils/1.9.4/commons-beanutils-1.9.4.jar:/home/user/.m2/repository/org/apache/commons/commons-configuration2/2.1.1/commons-configuration2-2.1.1.jar:/home/user/.m2/repository/org/apache/commons/commons-lang3/3.7/commons-lang3-3.7.jar:/home/user/.m2/repository/org/apache/commons/commons-text/1.4/commons-text-1.4.jar:/home/user/.m2/repository/org/slf4j/slf4j-api/1.7.25/slf4j-api-1.7.25.jar:/home/user/.m2/repository/org/slf4j/slf4j-log4j12/1.7.25/slf4j-log4j12-1.7.25.jar:/home/user/.m2/repository/org/apache/avro/avro/1.7.7/avro-1.7.7.jar:/home/user/.m2/repository/com/thoughtworks/paranamer/paranamer/2.3/paranamer-2.3.jar:/home/user/.m2/repository/org/xerial/snappy/snappy-java/1.0.5/snappy-java-1.0.5.jar:/home/user/.m2/repository/com/google/re2j/re2j/1.1/re2j-1.1.jar:/home/user/.m2/repository/com/google/code/gson/gson/2.2.4/gson-2.2.4.jar:/home/user/.m2/repository/org/apache/hadoop/hadoop-auth/3.2.0/hadoop-auth-3.2.0.jar:/home/user/.m2/repository/com/nimbusds/nimbus-jose-jwt/4.41.1/nimbus-jose-jwt-4.41.1.jar:/home/user/.m2/repository/com/github/stephenc/jcip/jcip-annotations/1.0-1/jcip-annotations-1.0-1.jar:/home/user/.m2/repository/net/minidev/json-smart/2.3/json-smart-2.3.jar:/home/user/.m2/repository/net/minidev/accessors-smart/1.2/accessors-smart-1.2.jar:/home/user/.m2/repository/org/apache/curator/curator-framework/2.12.0/curator-framework-2.12.0.jar:/home/user/.m2/repository/com/jcraft/jsch/0.1.54/jsch-0.1.54.jar:/home/user/.m2/repository/org/apache/curator/curator-client/2.12.0/curator-client-2.12.0.jar:/home/user/.m2/repository/org/apache/curator/curator-recipes/2.12.0/curator-recipes-2.12.0.jar:/home/user/.m2/repository/com/google/code/findbugs/jsr305/3.0.0/jsr305-3.0.0.jar:/home/user/.m2/repository/org/apache/htrace/htrace-core4/4.1.0-incubating/htrace-core4-4.1.0-incubating.jar:/home/user/.m2/repository/org/apache/zookeeper/zookeeper/3.4.13/zookeeper-3.4.13.jar:/home/user/.m2/repository/jline/jline/0.9.94/jline-0.9.94.jar:/home/user/.m2/repository/org/apache/yetus/audience-annotations/0.5.0/audience-annotations-0.5.0.jar:/home/user/.m2/repository/org/apache/kerby/kerb-simplekdc/1.0.1/kerb-simplekdc-1.0.1.jar:/home/user/.m2/repository/org/apache/kerby/kerb-client/1.0.1/kerb-client-1.0.1.jar:/home/user/.m2/repository/org/apache/kerby/kerby-config/1.0.1/kerby-config-1.0.1.jar:/home/user/.m2/repository/org/apache/kerby/kerb-core/1.0.1/kerb-core-1.0.1.jar:/home/user/.m2/repository/org/apache/kerby/kerby-pkix/1.0.1/kerby-pkix-1.0.1.jar:/home/user/.m2/repository/org/apache/kerby/kerby-asn1/1.0.1/kerby-asn1-1.0.1.jar:/home/user/.m2/repository/org/apache/kerby/kerby-util/1.0.1/kerby-util-1.0.1.jar:/home/user/.m2/repository/org/apache/kerby/kerb-common/1.0.1/kerb-common-1.0.1.jar:/home/user/.m2/repository/org/apache/kerby/kerb-crypto/1.0.1/kerb-crypto-1.0.1.jar:/home/user/.m2/repository/org/apache/kerby/kerb-util/1.0.1/kerb-util-1.0.1.jar:/home/user/.m2/repository/org/apache/kerby/token-provider/1.0.1/token-provider-1.0.1.jar:/home/user/.m2/repository/org/apache/kerby/kerb-admin/1.0.1/kerb-admin-1.0.1.jar:/home/user/.m2/repository/org/apache/kerby/kerb-server/1.0.1/kerb-server-1.0.1.jar:/home/user/.m2/repository/org/apache/kerby/kerb-identity/1.0.1/kerb-identity-1.0.1.jar:/home/user/.m2/repository/org/apache/kerby/kerby-xdr/1.0.1/kerby-xdr-1.0.1.jar:/home/user/.m2/repository/com/fasterxml/jackson/core/jackson-databind/2.9.9/jackson-databind-2.9.9.jar:/home/user/.m2/repository/com/fasterxml/jackson/core/jackson-core/2.9.9/jackson-core-2.9.9.jar:/home/user/.m2/repository/org/codehaus/woodstox/stax2-api/3.1.4/stax2-api-3.1.4.jar:/home/user/.m2/repository/com/fasterxml/woodstox/woodstox-core/5.0.3/woodstox-core-5.0.3.jar:/home/user/.m2/repository/dnsjava/dnsjava/2.1.7/dnsjava-2.1.7.jar:/home/user/.m2/repository/org/apache/hadoop/hadoop-hdfs/3.2.0/hadoop-hdfs-3.2.0.jar:/home/user/.m2/repository/org/eclipse/jetty/jetty-util-ajax/9.3.25.v20180904/jetty-util-ajax-9.3.25.v20180904.jar:/home/user/.m2/repository/commons-daemon/commons-daemon/1.0.13/commons-daemon-1.0.13.jar:/home/user/.m2/repository/io/netty/netty/3.10.5.Final/netty-3.10.5.Final.jar:/home/user/.m2/repository/io/netty/netty-all/4.0.52.Final/netty-all-4.0.52.Final.jar:/home/user/.m2/repository/org/fusesource/leveldbjni/leveldbjni-all/1.8/leveldbjni-all-1.8.jar:/home/user/.m2/repository/com/sun/xml/bind/jaxb-core/2.3.0.1/jaxb-core-2.3.0.1.jar:/home/user/.m2/repository/javax/xml/bind/jaxb-api/2.3.0/jaxb-api-2.3.0.jar:/home/user/.m2/repository/javax/activation/activation/1.1.1/activation-1.1.1.jar:/home/user/.m2/repository/io/dropwizard/metrics/metrics-core/3.2.4/metrics-core-3.2.4.jar:/home/user/.m2/repository/org/openjdk/jmh/jmh-core/1.19/jmh-core-1.19.jar:/home/user/.m2/repository/net/sf/jopt-simple/jopt-simple/4.6/jopt-simple-4.6.jar:/home/user/.m2/repository/org/openjdk/jmh/jmh-generator-annprocess/1.19/jmh-generator-annprocess-1.19.jar:/home/user/.m2/repository/com/amazonaws/aws-java-sdk-s3/1.11.615/aws-java-sdk-s3-1.11.615.jar:/home/user/.m2/repository/com/amazonaws/aws-java-sdk-kms/1.11.615/aws-java-sdk-kms-1.11.615.jar:/home/user/.m2/repository/com/amazonaws/aws-java-sdk-core/1.11.615/aws-java-sdk-core-1.11.615.jar:/home/user/.m2/repository/software/amazon/ion/ion-java/1.0.2/ion-java-1.0.2.jar:/home/user/.m2/repository/com/fasterxml/jackson/dataformat/jackson-dataformat-cbor/2.9.9/jackson-dataformat-cbor-2.9.9.jar:/home/user/.m2/repository/joda-time/joda-time/2.9.9/joda-time-2.9.9.jar:/home/user/.m2/repository/com/amazonaws/jmespath-java/1.11.615/jmespath-java-1.11.615.jar:/home/user/.m2/repository/com/google/code/findbugs/findbugs/3.0.1/findbugs-3.0.1.jar:/home/user/.m2/repository/net/jcip/jcip-annotations/1.0/jcip-annotations-1.0.jar:/home/user/.m2/repository/com/google/code/findbugs/bcel-findbugs/6.0/bcel-findbugs-6.0.jar:/home/user/.m2/repository/com/google/code/findbugs/jFormatString/2.0.1/jFormatString-2.0.1.jar:/home/user/.m2/repository/dom4j/dom4j/1.6.1/dom4j-1.6.1.jar:/home/user/.m2/repository/xml-apis/xml-apis/1.0.b2/xml-apis-1.0.b2.jar:/home/user/.m2/repository/org/ow2/asm/asm-debug-all/5.0.2/asm-debug-all-5.0.2.jar:/home/user/.m2/repository/org/ow2/asm/asm-commons/5.0.2/asm-commons-5.0.2.jar:/home/user/.m2/repository/org/ow2/asm/asm-tree/5.0.2/asm-tree-5.0.2.jar:/home/user/.m2/repository/org/ow2/asm/asm/5.0.4/asm-5.0.4.jar:/home/user/.m2/repository/commons-lang/commons-lang/2.6/commons-lang-2.6.jar:/home/user/.m2/repository/com/apple/AppleJavaExtensions/1.4/AppleJavaExtensions-1.4.jar:/home/user/.m2/repository/jaxen/jaxen/1.1.6/jaxen-1.1.6.jar:/home/user/.m2/repository/junit/junit/4.11/junit-4.11.jar:/home/user/.m2/repository/org/hamcrest/hamcrest-core/1.3/hamcrest-core-1.3.jar:/home/user/.m2/repository/org/apache/hadoop/hadoop-common/3.2.0/hadoop-common-3.2.0-tests.jar:/workdir/hadoop-ozone/integration-test/target/test-classes:/home/user/.m2/repository/org/apache/hadoop/hadoop-ozone-s3gateway/0.5.0-SNAPSHOT/hadoop-ozone-s3gateway-0.5.0-SNAPSHOT.jar:/home/user/.m2/repository/org/jboss/weld/servlet/weld-servlet/2.4.7.Final/weld-servlet-2.4.7.Final.jar:/home/user/.m2/repository/org/glassfish/jersey/containers/jersey-container-servlet-core/2.27/jersey-container-servlet-core-2.27.jar:/home/user/.m2/repository/org/glassfish/hk2/external/javax.inject/2.5.0-b42/javax.inject-2.5.0-b42.jar:/home/user/.m2/repository/org/glassfish/jersey/core/jersey-common/2.27/jersey-common-2.27.jar:/home/user/.m2/repository/org/glassfish/hk2/osgi-resource-locator/1.0.1/osgi-resource-locator-1.0.1.jar:/home/user/.m2/repository/javax/ws/rs/javax.ws.rs-api/2.1/javax.ws.rs-api-2.1.jar:/home/user/.m2/repository/org/glassfish/jersey/ext/cdi/jersey-cdi1x/2.27/jersey-cdi1x-2.27.jar:/home/user/.m2/repository/org/glassfish/jersey/inject/jersey-hk2/2.27/jersey-hk2-2.27.jar:/home/user/.m2/repository/org/glassfish/hk2/hk2-locator/2.5.0-b42/hk2-locator-2.5.0-b42.jar:/home/user/.m2/repository/org/javassist/javassist/3.22.0-CR2/javassist-3.22.0-CR2.jar:/home/user/.m2/repository/org/glassfish/hk2/hk2-api/2.5.0/hk2-api-2.5.0.jar:/home/user/.m2/repository/org/glassfish/hk2/external/jakarta.inject/2.5.0/jakarta.inject-2.5.0.jar:/home/user/.m2/repository/org/glassfish/hk2/hk2-utils/2.5.0/hk2-utils-2.5.0.jar:/home/user/.m2/repository/jakarta/annotation/jakarta.annotation-api/1.3.4/jakarta.annotation-api-1.3.4.jar:/home/user/.m2/repository/org/glassfish/hk2/external/aopalliance-repackaged/2.5.0/aopalliance-repackaged-2.5.0.jar:/home/user/.m2/repository/com/fasterxml/jackson/dataformat/jackson-dataformat-xml/2.9.0/jackson-dataformat-xml-2.9.0.jar:/home/user/.m2/repository/com/fasterxml/jackson/module/jackson-module-jaxb-annotations/2.9.9/jackson-module-jaxb-annotations-2.9.9.jar:/home/user/.m2/repository/javax/enterprise/cdi-api/1.2/cdi-api-1.2.jar:/home/user/.m2/repository/javax/el/javax.el-api/3.0.0/javax.el-api-3.0.0.jar:/home/user/.m2/repository/javax/interceptor/javax.interceptor-api/1.2/javax.interceptor-api-1.2.jar:/home/user/.m2/repository/javax/inject/javax.inject/1/javax.inject-1.jar:/home/user/.m2/repository/org/apache/hadoop/hadoop-ozone-csi/0.5.0-SNAPSHOT/hadoop-ozone-csi-0.5.0-SNAPSHOT.jar:/home/user/.m2/repository/com/google/protobuf/protobuf-java-util/3.5.1/protobuf-java-util-3.5.1.jar:/home/user/.m2/repository/io/grpc/grpc-netty/1.17.1/grpc-netty-1.17.1.jar:/home/user/.m2/repository/io/grpc/grpc-core/1.17.1/grpc-core-1.17.1.jar:/home/user/.m2/repository/io/grpc/grpc-context/1.17.1/grpc-context-1.17.1.jar:/home/user/.m2/repository/com/google/errorprone/error_prone_annotations/2.2.0/error_prone_annotations-2.2.0.jar:/home/user/.m2/repository/org/codehaus/mojo/animal-sniffer-annotations/1.17/animal-sniffer-annotations-1.17.jar:/home/user/.m2/repository/io/opencensus/opencensus-api/0.17.0/opencensus-api-0.17.0.jar:/home/user/.m2/repository/io/opencensus/opencensus-contrib-grpc-metrics/0.17.0/opencensus-contrib-grpc-metrics-0.17.0.jar:/home/user/.m2/repository/io/netty/netty-codec-http2/4.1.30.Final/netty-codec-http2-4.1.30.Final.jar:/home/user/.m2/repository/io/netty/netty-codec-http/4.1.30.Final/netty-codec-http-4.1.30.Final.jar:/home/user/.m2/repository/io/netty/netty-codec/4.1.30.Final/netty-codec-4.1.30.Final.jar:/home/user/.m2/repository/io/netty/netty-handler/4.1.30.Final/netty-handler-4.1.30.Final.jar:/home/user/.m2/repository/io/netty/netty-handler-proxy/4.1.30.Final/netty-handler-proxy-4.1.30.Final.jar:/home/user/.m2/repository/io/netty/netty-codec-socks/4.1.30.Final/netty-codec-socks-4.1.30.Final.jar:/home/user/.m2/repository/io/netty/netty-transport-native-epoll/4.1.30.Final/netty-transport-native-epoll-4.1.30.Final.jar:/home/user/.m2/repository/io/netty/netty-common/4.1.30.Final/netty-common-4.1.30.Final.jar:/home/user/.m2/repository/io/netty/netty-buffer/4.1.30.Final/netty-buffer-4.1.30.Final.jar:/home/user/.m2/repository/io/netty/netty-transport/4.1.30.Final/netty-transport-4.1.30.Final.jar:/home/user/.m2/repository/io/netty/netty-resolver/4.1.30.Final/netty-resolver-4.1.30.Final.jar:/home/user/.m2/repository/io/netty/netty-transport-native-unix-common/4.1.30.Final/netty-transport-native-unix-common-4.1.30.Final.jar:/home/user/.m2/repository/io/grpc/grpc-protobuf/1.17.1/grpc-protobuf-1.17.1.jar:/home/user/.m2/repository/com/google/api/grpc/proto-google-common-protos/1.0.0/proto-google-common-protos-1.0.0.jar:/home/user/.m2/repository/io/grpc/grpc-protobuf-lite/1.17.1/grpc-protobuf-lite-1.17.1.jar:/home/user/.m2/repository/io/grpc/grpc-stub/1.17.1/grpc-stub-1.17.1.jar:/home/user/.m2/repository/org/apache/hadoop/hadoop-ozone-recon/0.5.0-SNAPSHOT/hadoop-ozone-recon-0.5.0-SNAPSHOT.jar:/home/user/.m2/repository/org/apache/hadoop/hadoop-ozone-reconcodegen/0.5.0-SNAPSHOT/hadoop-ozone-reconcodegen-0.5.0-SNAPSHOT.jar:/home/user/.m2/repository/com/google/inject/extensions/guice-multibindings/4.0/guice-multibindings-4.0.jar:/home/user/.m2/repository/com/google/inject/guice/4.0/guice-4.0.jar:/home/user/.m2/repository/aopalliance/aopalliance/1.0/aopalliance-1.0.jar:/home/user/.m2/repository/com/google/inject/extensions/guice-servlet/4.0/guice-servlet-4.0.jar:/home/user/.m2/repository/org/glassfish/jersey/containers/jersey-container-servlet/2.27/jersey-container-servlet-2.27.jar:/home/user/.m2/repository/org/glassfish/hk2/guice-bridge/2.5.0/guice-bridge-2.5.0.jar:/home/user/.m2/repository/org/glassfish/jersey/core/jersey-server/2.27/jersey-server-2.27.jar:/home/user/.m2/repository/org/glassfish/jersey/core/jersey-client/2.27/jersey-client-2.27.jar:/home/user/.m2/repository/org/glassfish/jersey/media/jersey-media-jaxb/2.27/jersey-media-jaxb-2.27.jar:/home/user/.m2/repository/javax/validation/validation-api/1.1.0.Final/validation-api-1.1.0.Final.jar:/home/user/.m2/repository/org/glassfish/jersey/media/jersey-media-json-jackson/2.27/jersey-media-json-jackson-2.27.jar:/home/user/.m2/repository/org/glassfish/jersey/ext/jersey-entity-filtering/2.27/jersey-entity-filtering-2.27.jar:/home/user/.m2/repository/com/google/inject/extensions/guice-assistedinject/4.0/guice-assistedinject-4.0.jar:/home/user/.m2/repository/org/jooq/jooq/3.11.10/jooq-3.11.10.jar:/home/user/.m2/repository/org/jooq/jooq-meta/3.11.10/jooq-meta-3.11.10.jar:/home/user/.m2/repository/org/jooq/jooq-codegen/3.11.10/jooq-codegen-3.11.10.jar:/home/user/.m2/repository/com/jolbox/bonecp/0.8.0.RELEASE/bonecp-0.8.0.RELEASE.jar:/home/user/.m2/repository/org/springframework/spring-jdbc/5.1.3.RELEASE/spring-jdbc-5.1.3.RELEASE.jar:/home/user/.m2/repository/org/springframework/spring-beans/5.1.3.RELEASE/spring-beans-5.1.3.RELEASE.jar:/home/user/.m2/repository/org/springframework/spring-core/5.1.3.RELEASE/spring-core-5.1.3.RELEASE.jar:/home/user/.m2/repository/org/springframework/spring-jcl/5.1.3.RELEASE/spring-jcl-5.1.3.RELEASE.jar:/home/user/.m2/repository/org/springframework/spring-tx/5.1.3.RELEASE/spring-tx-5.1.3.RELEASE.jar:/home/user/.m2/repository/org/mockito/mockito-core/2.15.0/mockito-core-2.15.0.jar:/home/user/.m2/repository/net/bytebuddy/byte-buddy/1.7.9/byte-buddy-1.7.9.jar:/home/user/.m2/repository/net/bytebuddy/byte-buddy-agent/1.7.9/byte-buddy-agent-1.7.9.jar:/home/user/.m2/repository/org/objenesis/objenesis/1.0/objenesis-1.0.jar:"/>
    <property name="sun.cpu.endian" value="little"/>
    <property name="user.home" value="/home/user"/>
    <property name="user.language" value="en"/>
    <property name="java.specification.vendor" value="Oracle Corporation"/>
    <property name="java.home" value="/usr/lib/jvm/java-1.8-openjdk/jre"/>
    <property name="java.security.krb5.conf" value="/workdir/hadoop-ozone/tools/target/test-classes/krb5.conf"/>
    <property name="basedir" value="/workdir/hadoop-ozone/tools"/>
    <property name="file.separator" value="/"/>
    <property name="line.separator" value="&#10;"/>
    <property name="java.vm.specification.vendor" value="Oracle Corporation"/>
    <property name="java.specification.name" value="Java Platform API Specification"/>
    <property name="java.awt.graphicsenv" value="sun.awt.X11GraphicsEnvironment"/>
    <property name="surefire.real.class.path" value="/workdir/hadoop-ozone/tools/target/surefire/surefirebooter3703949230720417274.jar"/>
    <property name="hadoop.log.dir" value="/workdir/hadoop-ozone/tools/target/log"/>
    <property name="sun.boot.class.path" value="/usr/lib/jvm/java-1.8-openjdk/jre/lib/resources.jar:/usr/lib/jvm/java-1.8-openjdk/jre/lib/rt.jar:/usr/lib/jvm/java-1.8-openjdk/jre/lib/sunrsasign.jar:/usr/lib/jvm/java-1.8-openjdk/jre/lib/jsse.jar:/usr/lib/jvm/java-1.8-openjdk/jre/lib/jce.jar:/usr/lib/jvm/java-1.8-openjdk/jre/lib/charsets.jar:/usr/lib/jvm/java-1.8-openjdk/jre/lib/jfr.jar:/usr/lib/jvm/java-1.8-openjdk/jre/classes"/>
    <property name="sun.management.compiler" value="HotSpot 64-Bit Tiered Compilers"/>
    <property name="java.runtime.version" value="1.8.0_212-b04"/>
    <property name="java.net.preferIPv4Stack" value="true"/>
    <property name="user.name" value="jenkins1000"/>
    <property name="path.separator" value=":"/>
    <property name="java.security.egd" value="file:///dev/urandom"/>
    <property name="os.version" value="3.10.0-957.12.2.el7.x86_64"/>
    <property name="java.endorsed.dirs" value="/usr/lib/jvm/java-1.8-openjdk/jre/lib/endorsed"/>
    <property name="java.runtime.name" value="OpenJDK Runtime Environment"/>
    <property name="file.encoding" value="UTF-8"/>
    <property name="java.vm.name" value="OpenJDK 64-Bit Server VM"/>
    <property name="test.build.webapps" value=""/>
    <property name="localRepository" value="/home/user/.m2/repository"/>
    <property name="java.vendor.url.bug" value="https://icedtea.classpath.org/bugzilla"/>
    <property name="java.io.tmpdir" value="/tmp"/>
    <property name="require.test.libhadoop" value=""/>
    <property name="java.version" value="1.8.0_212"/>
    <property name="user.dir" value="/workdir/hadoop-ozone/tools"/>
    <property name="os.arch" value="amd64"/>
    <property name="java.vm.specification.name" value="Java Virtual Machine Specification"/>
    <property name="test.build.classes" value="/workdir/hadoop-ozone/tools/target/test-classes"/>
    <property name="java.awt.printerjob" value="sun.print.PSPrinterJob"/>
    <property name="sun.os.patch.level" value="unknown"/>
    <property name="hadoop.tmp.dir" value="/workdir/hadoop-ozone/tools/target/tmp"/>
    <property name="java.library.path" value="/usr/lib/jvm/java-1.8-openjdk/jre/lib/amd64/server:/usr/lib/jvm/java-1.8-openjdk/jre/lib/amd64:/usr/lib/jvm/java-1.8-openjdk/jre/../lib/amd64:/workdir/hadoop-ozone/tools/target/native/target/usr/local/lib:/workdir/hadoop-ozone/tools/../../hadoop-common-project/hadoop-common/target/native/target/usr/local/lib:/usr/java/packages/lib/amd64:/usr/lib64:/lib64:/lib:/usr/lib"/>
    <property name="java.vm.info" value="mixed mode"/>
    <property name="java.vendor" value="IcedTea"/>
    <property name="java.vm.version" value="25.212-b04"/>
    <property name="java.ext.dirs" value="/usr/lib/jvm/java-1.8-openjdk/jre/lib/ext:/usr/java/packages/lib/ext"/>
    <property name="sun.io.unicode.encoding" value="UnicodeLittle"/>
    <property name="java.class.version" value="52.0"/>
  </properties>
  <testcase name="ratisTestLargeKey" classname="org.apache.hadoop.ozone.freon.TestDataValidateWithSafeByteOperations" time="10.652">
    <error message="Allocated 0 blocks. Requested 5 blocks" type="INTERNAL_ERROR org.apache.hadoop.ozone.om.exceptions.OMException">INTERNAL_ERROR org.apache.hadoop.ozone.om.exceptions.OMException: Allocated 0 blocks. Requested 5 blocks
	at org.apache.hadoop.ozone.om.protocolPB.OzoneManagerProtocolClientSideTranslatorPB.handleError(OzoneManagerProtocolClientSideTranslatorPB.java:732)
	at org.apache.hadoop.ozone.om.protocolPB.OzoneManagerProtocolClientSideTranslatorPB.openKey(OzoneManagerProtocolClientSideTranslatorPB.java:723)
	at sun.reflect.NativeMethodAccessorImpl.invoke0(Native Method)
	at sun.reflect.NativeMethodAccessorImpl.invoke(NativeMethodAccessorImpl.java:62)
	at sun.reflect.DelegatingMethodAccessorImpl.invoke(DelegatingMethodAccessorImpl.java:43)
	at java.lang.reflect.Method.invoke(Method.java:498)
	at org.apache.hadoop.hdds.tracing.TraceAllMethod.invoke(TraceAllMethod.java:66)
	at com.sun.proxy.$Proxy37.openKey(Unknown Source)
	at org.apache.hadoop.ozone.client.rpc.RpcClient.createKey(RpcClient.java:614)
	at org.apache.hadoop.ozone.client.OzoneBucket.createKey(OzoneBucket.java:325)
	at org.apache.hadoop.ozone.freon.RandomKeyGenerator.createKey(RandomKeyGenerator.java:695)
	at org.apache.hadoop.ozone.freon.RandomKeyGenerator.access$1100(RandomKeyGenerator.java:88)
	at org.apache.hadoop.ozone.freon.RandomKeyGenerator$ObjectCreator.run(RandomKeyGenerator.java:615)
	at java.util.concurrent.Executors$RunnableAdapter.call(Executors.java:511)
	at java.util.concurrent.FutureTask.run(FutureTask.java:266)
	at java.util.concurrent.ThreadPoolExecutor.runWorker(ThreadPoolExecutor.java:1149)
	at java.util.concurrent.ThreadPoolExecutor$Worker.run(ThreadPoolExecutor.java:624)
	at java.lang.Thread.run(Thread.java:748)
</error>
    <system-out><![CDATA[2019-09-26 13:37:41,479 [main] WARN  server.ServerUtils (ServerUtils.java:getScmDbDir(145)) - ozone.scm.db.dirs is not configured. We recommend adding this setting. Falling back to ozone.metadata.dirs instead.
2019-09-26 13:37:41,599 [main] WARN  server.ServerUtils (ServerUtils.java:getScmDbDir(145)) - ozone.scm.db.dirs is not configured. We recommend adding this setting. Falling back to ozone.metadata.dirs instead.
2019-09-26 13:37:41,602 [main] WARN  server.ServerUtils (ServerUtils.java:getScmDbDir(145)) - ozone.scm.db.dirs is not configured. We recommend adding this setting. Falling back to ozone.metadata.dirs instead.
2019-09-26 13:37:41,619 [main] INFO  util.log (Log.java:initialized(192)) - Logging initialized @913ms
2019-09-26 13:37:41,720 [main] INFO  db.DBStoreBuilder (DBStoreBuilder.java:addTable(110)) - using custom profile for table: deletedBlocks
2019-09-26 13:37:41,721 [main] INFO  db.DBStoreBuilder (DBStoreBuilder.java:processTables(161)) - Using default column profile:DBProfile.DISK for Table:deletedBlocks
2019-09-26 13:37:41,721 [main] INFO  db.DBStoreBuilder (DBStoreBuilder.java:addTable(110)) - using custom profile for table: validCerts
2019-09-26 13:37:41,721 [main] INFO  db.DBStoreBuilder (DBStoreBuilder.java:processTables(161)) - Using default column profile:DBProfile.DISK for Table:validCerts
2019-09-26 13:37:41,722 [main] INFO  db.DBStoreBuilder (DBStoreBuilder.java:addTable(110)) - using custom profile for table: revokedCerts
2019-09-26 13:37:41,722 [main] INFO  db.DBStoreBuilder (DBStoreBuilder.java:processTables(161)) - Using default column profile:DBProfile.DISK for Table:revokedCerts
2019-09-26 13:37:41,734 [main] INFO  db.DBStoreBuilder (DBStoreBuilder.java:addTable(110)) - using custom profile for table: default
2019-09-26 13:37:41,734 [main] INFO  db.DBStoreBuilder (DBStoreBuilder.java:processTables(167)) - Using default column profile:DBProfile.DISK for Table:default
2019-09-26 13:37:41,736 [main] INFO  db.DBStoreBuilder (DBStoreBuilder.java:getDbProfile(198)) - Using default options. DBProfile.DISK
2019-09-26 13:37:41,976 [main] INFO  net.NodeSchemaLoader (NodeSchemaLoader.java:loadSchemaFromFile(125)) - Loading file from sun.misc.CompoundEnumeration@3e694b3f
2019-09-26 13:37:41,978 [main] INFO  net.NodeSchemaLoader (NodeSchemaLoader.java:loadSchema(171)) - Loading network topology layer schema file
2019-09-26 13:37:42,051 [main] WARN  server.ServerUtils (ServerUtils.java:sanitizeUserArgs(70)) - ozone.scm.stale.node.interval value = 300000 is larger than max = 100000 based on the key value of ozone.scm.heartbeat.thread.interval, reset to the max value 100000.
2019-09-26 13:37:42,053 [main] WARN  server.ServerUtils (ServerUtils.java:sanitizeUserArgs(70)) - ozone.scm.stale.node.interval value = 300000 is larger than max = 100000 based on the key value of ozone.scm.heartbeat.thread.interval, reset to the max value 100000.
2019-09-26 13:37:42,055 [main] INFO  node.SCMNodeManager (SCMNodeManager.java:<init>(114)) - Entering startup safe mode.
2019-09-26 13:37:42,127 [main] INFO  algorithms.ContainerPlacementPolicyFactory (ContainerPlacementPolicyFactory.java:getPolicy(59)) - Create container placement policy of type org.apache.hadoop.hdds.scm.container.placement.algorithms.SCMContainerPlacementRandom
2019-09-26 13:37:42,142 [main] WARN  server.ServerUtils (ServerUtils.java:getScmDbDir(145)) - ozone.scm.db.dirs is not configured. We recommend adding this setting. Falling back to ozone.metadata.dirs instead.
2019-09-26 13:37:42,203 [main] INFO  pipeline.SCMPipelineManager (SCMPipelineManager.java:initializePipelineState(132)) - No pipeline exists in current db
2019-09-26 13:37:42,206 [main] WARN  server.ServerUtils (ServerUtils.java:getScmDbDir(145)) - ozone.scm.db.dirs is not configured. We recommend adding this setting. Falling back to ozone.metadata.dirs instead.
2019-09-26 13:37:42,315 [main] WARN  events.EventQueue (EventQueue.java:fireEvent(183)) - No event handler registered for event TypedEvent{payloadType=SafeModeStatus, name='SafeModeStatus'}
2019-09-26 13:37:42,674 [main] INFO  ipc.CallQueueManager (CallQueueManager.java:<init>(84)) - Using callQueue: class java.util.concurrent.LinkedBlockingQueue, queueCapacity: 2000, scheduler: class org.apache.hadoop.ipc.DefaultRpcScheduler, ipcBackoff: false.
2019-09-26 13:37:42,703 [Socket Reader #1 for port 35485] INFO  ipc.Server (Server.java:run(1074)) - Starting Socket Reader #1 for port 35485
2019-09-26 13:37:42,859 [main] INFO  ipc.CallQueueManager (CallQueueManager.java:<init>(84)) - Using callQueue: class java.util.concurrent.LinkedBlockingQueue, queueCapacity: 2000, scheduler: class org.apache.hadoop.ipc.DefaultRpcScheduler, ipcBackoff: false.
2019-09-26 13:37:42,861 [Socket Reader #1 for port 38161] INFO  ipc.Server (Server.java:run(1074)) - Starting Socket Reader #1 for port 38161
2019-09-26 13:37:42,873 [main] INFO  ipc.CallQueueManager (CallQueueManager.java:<init>(84)) - Using callQueue: class java.util.concurrent.LinkedBlockingQueue, queueCapacity: 2000, scheduler: class org.apache.hadoop.ipc.DefaultRpcScheduler, ipcBackoff: false.
2019-09-26 13:37:42,874 [Socket Reader #1 for port 43836] INFO  ipc.Server (Server.java:run(1074)) - Starting Socket Reader #1 for port 43836
2019-09-26 13:37:42,904 [main] INFO  hdfs.DFSUtil (DFSUtil.java:httpServerTemplateForNNAndJN(1641)) - Starting Web-server for scm at: http://0.0.0.0:0
2019-09-26 13:37:43,041 [main] INFO  server.AuthenticationFilter (AuthenticationFilter.java:constructSecretProvider(240)) - Unable to initialize FileSignerSecretProvider, falling back to use random secrets.
2019-09-26 13:37:43,060 [main] WARN  http.HttpRequestLog (HttpRequestLog.java:getRequestLog(97)) - Jetty request log can only be enabled using Log4j
2019-09-26 13:37:43,070 [main] INFO  http.HttpServer2 (HttpServer2.java:addGlobalFilter(975)) - Added global filter 'safety' (class=org.apache.hadoop.http.HttpServer2$QuotingInputFilter)
2019-09-26 13:37:43,073 [main] INFO  http.HttpServer2 (HttpServer2.java:addFilter(948)) - Added filter static_user_filter (class=org.apache.hadoop.http.lib.StaticUserWebFilter$StaticUserFilter) to context scm
2019-09-26 13:37:43,074 [main] INFO  http.HttpServer2 (HttpServer2.java:addFilter(958)) - Added filter static_user_filter (class=org.apache.hadoop.http.lib.StaticUserWebFilter$StaticUserFilter) to context static
2019-09-26 13:37:43,074 [main] INFO  http.HttpServer2 (HttpServer2.java:addFilter(958)) - Added filter static_user_filter (class=org.apache.hadoop.http.lib.StaticUserWebFilter$StaticUserFilter) to context logs
2019-09-26 13:37:43,107 [main] INFO  server.StorageContainerManager (StorageContainerManager.java:start(770)) - StorageContainerLocationProtocol RPC server is listening at /0.0.0.0:43836
2019-09-26 13:37:43,189 [main] WARN  impl.MetricsConfig (MetricsConfig.java:loadFirst(134)) - Cannot locate configuration: tried hadoop-metrics2-storagecontainermanager.properties,hadoop-metrics2.properties
2019-09-26 13:37:43,206 [main] INFO  impl.MetricsSystemImpl (MetricsSystemImpl.java:startTimer(374)) - Scheduled Metric snapshot period at 10 second(s).
2019-09-26 13:37:43,206 [main] INFO  impl.MetricsSystemImpl (MetricsSystemImpl.java:start(191)) - StorageContainerManager metrics system started
2019-09-26 13:37:43,440 [main] INFO  server.SCMClientProtocolServer (SCMClientProtocolServer.java:start(151)) - RPC server for Client  is listening at /0.0.0.0:43836
2019-09-26 13:37:43,441 [IPC Server Responder] INFO  ipc.Server (Server.java:run(1314)) - IPC Server Responder: starting
2019-09-26 13:37:43,441 [IPC Server listener on 43836] INFO  ipc.Server (Server.java:run(1153)) - IPC Server listener on 43836: starting
2019-09-26 13:37:43,444 [main] INFO  server.StorageContainerManager (StorageContainerManager.java:start(780)) - ScmBlockLocationProtocol RPC server is listening at /0.0.0.0:38161
2019-09-26 13:37:43,445 [main] INFO  server.SCMBlockProtocolServer (SCMBlockProtocolServer.java:start(146)) - RPC server for Block Protocol is listening at /0.0.0.0:38161
2019-09-26 13:37:43,446 [IPC Server Responder] INFO  ipc.Server (Server.java:run(1314)) - IPC Server Responder: starting
2019-09-26 13:37:43,446 [IPC Server listener on 38161] INFO  ipc.Server (Server.java:run(1153)) - IPC Server listener on 38161: starting
2019-09-26 13:37:43,448 [main] INFO  server.StorageContainerManager (StorageContainerManager.java:start(784)) - ScmDatanodeProtocl RPC server is listening at /0.0.0.0:35485
2019-09-26 13:37:43,449 [main] INFO  server.SCMDatanodeProtocolServer (SCMDatanodeProtocolServer.java:start(191)) - RPC server for DataNodes is listening at /0.0.0.0:35485
2019-09-26 13:37:43,449 [IPC Server Responder] INFO  ipc.Server (Server.java:run(1314)) - IPC Server Responder: starting
2019-09-26 13:37:43,449 [IPC Server listener on 35485] INFO  ipc.Server (Server.java:run(1153)) - IPC Server listener on 35485: starting
2019-09-26 13:37:43,453 [main] INFO  http.HttpServer2 (HttpServer2.java:bindListener(1191)) - Jetty bound to port 33231
2019-09-26 13:37:43,455 [main] INFO  server.Server (Server.java:doStart(351)) - jetty-9.3.25.v20180904, build timestamp: 2018-09-04T21:11:46Z, git hash: 3ce520221d0240229c862b122d2b06c12a625732
2019-09-26 13:37:43,490 [main] INFO  handler.ContextHandler (ContextHandler.java:doStart(781)) - Started o.e.j.s.ServletContextHandler@4983159f{/logs,file:///workdir/hadoop-ozone/tools/target/log,AVAILABLE}
2019-09-26 13:37:43,490 [main] INFO  handler.ContextHandler (ContextHandler.java:doStart(781)) - Started o.e.j.s.ServletContextHandler@1d2bd371{/static,jar:file:/home/user/.m2/repository/org/apache/hadoop/hadoop-hdds-server-scm/0.5.0-SNAPSHOT/hadoop-hdds-server-scm-0.5.0-SNAPSHOT.jar!/webapps/static,AVAILABLE}
2019-09-26 13:37:43,561 [main] INFO  handler.ContextHandler (ContextHandler.java:doStart(781)) - Started o.e.j.w.WebAppContext@78461bc4{/,file:///tmp/jetty-0.0.0.0-33231-scm-_-any-8741008282421152051.dir/webapp/,AVAILABLE}{/scm}
2019-09-26 13:37:43,566 [main] INFO  server.AbstractConnector (AbstractConnector.java:doStart(278)) - Started ServerConnector@51f49060{HTTP/1.1,[http/1.1]}{0.0.0.0:33231}
2019-09-26 13:37:43,566 [main] INFO  server.Server (Server.java:doStart(419)) - Started @2860ms
2019-09-26 13:37:43,568 [main] INFO  impl.MetricsSinkAdapter (MetricsSinkAdapter.java:start(204)) - Sink prometheus started
2019-09-26 13:37:43,568 [main] INFO  impl.MetricsSystemImpl (MetricsSystemImpl.java:registerSink(301)) - Registered sink prometheus
2019-09-26 13:37:43,570 [main] INFO  server.BaseHttpServer (BaseHttpServer.java:updateConnectorAddress(215)) - HTTP server of SCM is listening at http://0.0.0.0:33231
2019-09-26 13:37:43,580 [org.apache.hadoop.util.JvmPauseMonitor$Monitor@46ab18da] INFO  util.JvmPauseMonitor (JvmPauseMonitor.java:run(188)) - Starting JVM pause monitor
2019-09-26 13:37:43,584 [main] WARN  server.ServerUtils (ServerUtils.java:getDBPath(222)) - ozone.om.db.dirs is not configured. We recommend adding this setting. Falling back to ozone.metadata.dirs instead.
2019-09-26 13:37:43,701 [main] WARN  server.ServerUtils (ServerUtils.java:getDBPath(222)) - ozone.om.db.dirs is not configured. We recommend adding this setting. Falling back to ozone.metadata.dirs instead.
2019-09-26 13:37:43,701 [main] WARN  server.ServerUtils (ServerUtils.java:getDBPath(222)) - ozone.om.db.dirs is not configured. We recommend adding this setting. Falling back to ozone.metadata.dirs instead.
2019-09-26 13:37:43,702 [main] INFO  om.OzoneManager (OzoneManager.java:setOMNodeDetails(652)) - OM Service ID is not set. Setting it to the default ID: omServiceIdDefault
2019-09-26 13:37:43,702 [main] INFO  om.OzoneManager (OzoneManager.java:setOMNodeDetails(658)) - OM Node ID is not set. Setting it to the OmStorage's OmID: e484ac76-7b28-410b-8f5f-d025452b4aa0
2019-09-26 13:37:43,704 [main] INFO  om.OzoneManager (OzoneManager.java:loadOMHAConfigs(609)) - Found matching OM address with OMServiceId: null, OMNodeId: null, RPC Address: localhost:0 and Ratis port: 9872
2019-09-26 13:37:44,423 [main] WARN  server.ServerUtils (ServerUtils.java:getDBPath(222)) - ozone.om.db.dirs is not configured. We recommend adding this setting. Falling back to ozone.metadata.dirs instead.
2019-09-26 13:37:44,431 [main] INFO  db.DBStoreBuilder (DBStoreBuilder.java:addTable(110)) - using custom profile for table: userTable
2019-09-26 13:37:44,432 [main] INFO  db.DBStoreBuilder (DBStoreBuilder.java:processTables(161)) - Using default column profile:DBProfile.DISK for Table:userTable
2019-09-26 13:37:44,432 [main] INFO  db.DBStoreBuilder (DBStoreBuilder.java:addTable(110)) - using custom profile for table: volumeTable
2019-09-26 13:37:44,432 [main] INFO  db.DBStoreBuilder (DBStoreBuilder.java:processTables(161)) - Using default column profile:DBProfile.DISK for Table:volumeTable
2019-09-26 13:37:44,432 [main] INFO  db.DBStoreBuilder (DBStoreBuilder.java:addTable(110)) - using custom profile for table: bucketTable
2019-09-26 13:37:44,433 [main] INFO  db.DBStoreBuilder (DBStoreBuilder.java:processTables(161)) - Using default column profile:DBProfile.DISK for Table:bucketTable
2019-09-26 13:37:44,433 [main] INFO  db.DBStoreBuilder (DBStoreBuilder.java:addTable(110)) - using custom profile for table: keyTable
2019-09-26 13:37:44,433 [main] INFO  db.DBStoreBuilder (DBStoreBuilder.java:processTables(161)) - Using default column profile:DBProfile.DISK for Table:keyTable
2019-09-26 13:37:44,433 [main] INFO  db.DBStoreBuilder (DBStoreBuilder.java:addTable(110)) - using custom profile for table: deletedTable
2019-09-26 13:37:44,434 [main] INFO  db.DBStoreBuilder (DBStoreBuilder.java:processTables(161)) - Using default column profile:DBProfile.DISK for Table:deletedTable
2019-09-26 13:37:44,434 [main] INFO  db.DBStoreBuilder (DBStoreBuilder.java:addTable(110)) - using custom profile for table: openKeyTable
2019-09-26 13:37:44,434 [main] INFO  db.DBStoreBuilder (DBStoreBuilder.java:processTables(161)) - Using default column profile:DBProfile.DISK for Table:openKeyTable
2019-09-26 13:37:44,434 [main] INFO  db.DBStoreBuilder (DBStoreBuilder.java:addTable(110)) - using custom profile for table: s3Table
2019-09-26 13:37:44,435 [main] INFO  db.DBStoreBuilder (DBStoreBuilder.java:processTables(161)) - Using default column profile:DBProfile.DISK for Table:s3Table
2019-09-26 13:37:44,435 [main] INFO  db.DBStoreBuilder (DBStoreBuilder.java:addTable(110)) - using custom profile for table: multipartInfoTable
2019-09-26 13:37:44,435 [main] INFO  db.DBStoreBuilder (DBStoreBuilder.java:processTables(161)) - Using default column profile:DBProfile.DISK for Table:multipartInfoTable
2019-09-26 13:37:44,435 [main] INFO  db.DBStoreBuilder (DBStoreBuilder.java:addTable(110)) - using custom profile for table: dTokenTable
2019-09-26 13:37:44,435 [main] INFO  db.DBStoreBuilder (DBStoreBuilder.java:processTables(161)) - Using default column profile:DBProfile.DISK for Table:dTokenTable
2019-09-26 13:37:44,436 [main] INFO  db.DBStoreBuilder (DBStoreBuilder.java:addTable(110)) - using custom profile for table: s3SecretTable
2019-09-26 13:37:44,436 [main] INFO  db.DBStoreBuilder (DBStoreBuilder.java:processTables(161)) - Using default column profile:DBProfile.DISK for Table:s3SecretTable
2019-09-26 13:37:44,436 [main] INFO  db.DBStoreBuilder (DBStoreBuilder.java:addTable(110)) - using custom profile for table: prefixTable
2019-09-26 13:37:44,437 [main] INFO  db.DBStoreBuilder (DBStoreBuilder.java:processTables(161)) - Using default column profile:DBProfile.DISK for Table:prefixTable
2019-09-26 13:37:44,437 [main] INFO  db.DBStoreBuilder (DBStoreBuilder.java:addTable(110)) - using custom profile for table: default
2019-09-26 13:37:44,437 [main] INFO  db.DBStoreBuilder (DBStoreBuilder.java:processTables(167)) - Using default column profile:DBProfile.DISK for Table:default
2019-09-26 13:37:44,437 [main] INFO  db.DBStoreBuilder (DBStoreBuilder.java:getDbProfile(198)) - Using default options. DBProfile.DISK
2019-09-26 13:37:44,946 [main] INFO  ipc.CallQueueManager (CallQueueManager.java:<init>(84)) - Using callQueue: class java.util.concurrent.LinkedBlockingQueue, queueCapacity: 2000, scheduler: class org.apache.hadoop.ipc.DefaultRpcScheduler, ipcBackoff: false.
2019-09-26 13:37:44,947 [Socket Reader #1 for port 43283] INFO  ipc.Server (Server.java:run(1074)) - Starting Socket Reader #1 for port 43283
2019-09-26 13:37:44,969 [main] INFO  om.OzoneManager (OzoneManager.java:start(1243)) - OzoneManager RPC server is listening at localhost/127.0.0.1:43283
2019-09-26 13:37:44,969 [main] INFO  impl.MetricsSystemImpl (MetricsSystemImpl.java:init(158)) - OzoneManager metrics system started (again)
2019-09-26 13:37:44,971 [IPC Server Responder] INFO  ipc.Server (Server.java:run(1314)) - IPC Server Responder: starting
2019-09-26 13:37:44,971 [IPC Server listener on 43283] INFO  ipc.Server (Server.java:run(1153)) - IPC Server listener on 43283: starting
2019-09-26 13:37:44,976 [main] INFO  hdfs.DFSUtil (DFSUtil.java:httpServerTemplateForNNAndJN(1641)) - Starting Web-server for ozoneManager at: http://0.0.0.0:0
2019-09-26 13:37:44,978 [main] INFO  server.AuthenticationFilter (AuthenticationFilter.java:constructSecretProvider(240)) - Unable to initialize FileSignerSecretProvider, falling back to use random secrets.
2019-09-26 13:37:44,979 [main] WARN  http.HttpRequestLog (HttpRequestLog.java:getRequestLog(97)) - Jetty request log can only be enabled using Log4j
2019-09-26 13:37:44,981 [main] INFO  http.HttpServer2 (HttpServer2.java:addGlobalFilter(975)) - Added global filter 'safety' (class=org.apache.hadoop.http.HttpServer2$QuotingInputFilter)
2019-09-26 13:37:44,982 [main] INFO  http.HttpServer2 (HttpServer2.java:addFilter(948)) - Added filter static_user_filter (class=org.apache.hadoop.http.lib.StaticUserWebFilter$StaticUserFilter) to context ozoneManager
2019-09-26 13:37:44,983 [main] INFO  http.HttpServer2 (HttpServer2.java:addFilter(958)) - Added filter static_user_filter (class=org.apache.hadoop.http.lib.StaticUserWebFilter$StaticUserFilter) to context logs
2019-09-26 13:37:44,983 [main] INFO  http.HttpServer2 (HttpServer2.java:addFilter(958)) - Added filter static_user_filter (class=org.apache.hadoop.http.lib.StaticUserWebFilter$StaticUserFilter) to context static
2019-09-26 13:37:44,985 [main] INFO  http.HttpServer2 (HttpServer2.java:bindListener(1191)) - Jetty bound to port 40383
2019-09-26 13:37:44,986 [main] INFO  server.Server (Server.java:doStart(351)) - jetty-9.3.25.v20180904, build timestamp: 2018-09-04T21:11:46Z, git hash: 3ce520221d0240229c862b122d2b06c12a625732
2019-09-26 13:37:44,988 [main] INFO  handler.ContextHandler (ContextHandler.java:doStart(781)) - Started o.e.j.s.ServletContextHandler@55b8dbda{/logs,file:///workdir/hadoop-ozone/tools/target/log,AVAILABLE}
2019-09-26 13:37:44,989 [main] INFO  handler.ContextHandler (ContextHandler.java:doStart(781)) - Started o.e.j.s.ServletContextHandler@3a022576{/static,jar:file:/home/user/.m2/repository/org/apache/hadoop/hadoop-ozone-ozone-manager/0.5.0-SNAPSHOT/hadoop-ozone-ozone-manager-0.5.0-SNAPSHOT.jar!/webapps/static,AVAILABLE}
2019-09-26 13:37:45,043 [main] INFO  handler.ContextHandler (ContextHandler.java:doStart(781)) - Started o.e.j.w.WebAppContext@388b401d{/,file:///tmp/jetty-0.0.0.0-40383-ozoneManager-_-any-8496618694866843601.dir/webapp/,AVAILABLE}{/ozoneManager}
2019-09-26 13:37:45,043 [main] INFO  server.AbstractConnector (AbstractConnector.java:doStart(278)) - Started ServerConnector@2bcec6a6{HTTP/1.1,[http/1.1]}{0.0.0.0:40383}
2019-09-26 13:37:45,044 [main] INFO  server.Server (Server.java:doStart(419)) - Started @4338ms
2019-09-26 13:37:45,045 [main] WARN  impl.MetricsSystemImpl (MetricsSystemImpl.java:register(276)) - Sink prometheus already exists!
2019-09-26 13:37:45,046 [main] INFO  server.BaseHttpServer (BaseHttpServer.java:updateConnectorAddress(215)) - HTTP server of OZONEMANAGER is listening at http://0.0.0.0:40383
2019-09-26 13:37:45,340 [main] INFO  impl.MetricsSystemImpl (MetricsSystemImpl.java:init(158)) - HddsDatanode metrics system started (again)
2019-09-26 13:37:45,394 [main] INFO  ozone.HddsDatanodeService (HddsDatanodeService.java:start(184)) - HddsDatanodeService host:pr-hdds-1569-87zkn-1081879488 ip:192.168.164.238
2019-09-26 13:37:45,430 [main] INFO  volume.HddsVolume (HddsVolume.java:<init>(176)) - Creating Volume: /workdir/hadoop-ozone/tools/target/test-dir/MiniOzoneClusterImpl-d492c611-0ad2-4a0b-a9b3-2cc170b19582/datanode-0/data/containers/hdds of  storage type : DISK and capacity : 1482555576320
2019-09-26 13:37:45,432 [main] INFO  volume.VolumeSet (VolumeSet.java:initializeVolumeSet(170)) - Added Volume : /workdir/hadoop-ozone/tools/target/test-dir/MiniOzoneClusterImpl-d492c611-0ad2-4a0b-a9b3-2cc170b19582/datanode-0/data/containers/hdds to VolumeSet
2019-09-26 13:37:45,435 [main] INFO  volume.ThrottledAsyncChecker (ThrottledAsyncChecker.java:schedule(139)) - Scheduling a check for org.apache.hadoop.ozone.container.common.volume.HddsVolume@5ff60a8c
2019-09-26 13:37:45,452 [main] INFO  volume.HddsVolumeChecker (HddsVolumeChecker.java:checkAllVolumes(202)) - Scheduled health check for volume org.apache.hadoop.ozone.container.common.volume.HddsVolume@5ff60a8c
2019-09-26 13:37:45,587 [main] INFO  impl.RaftServerProxy (ConfUtils.java:logGet(43)) - raft.rpc.type = GRPC (default)
2019-09-26 13:37:45,659 [main] INFO  grpc.GrpcFactory (GrpcFactory.java:checkPooledByteBufAllocatorUseCacheForAllThreads(45)) - PERFORMANCE WARNING: useCacheForAllThreads is true that may cause Netty to create a lot garbage objects and, as a result, trigger GC.
	It is recommended to disable useCacheForAllThreads by setting -Dorg.apache.ratis.thirdparty.io.netty.allocator.useCacheForAllThreads=false in command line.
2019-09-26 13:37:45,664 [main] INFO  grpc.GrpcConfigKeys$Server (ConfUtils.java:logGet(43)) - raft.grpc.server.port = 0 (default)
2019-09-26 13:37:45,665 [main] INFO  server.GrpcService (ConfUtils.java:logGet(43)) - raft.grpc.message.size.max = 33570816 (custom)
2019-09-26 13:37:45,666 [main] INFO  server.RaftServerConfigKeys (ConfUtils.java:logGet(43)) - raft.server.log.appender.buffer.byte-limit = 33554432 (custom)
2019-09-26 13:37:45,667 [main] INFO  server.GrpcService (ConfUtils.java:logGet(43)) - raft.grpc.flow.control.window = 1MB (=1048576) (default)
2019-09-26 13:37:45,668 [main] INFO  server.RaftServerConfigKeys (ConfUtils.java:logGet(43)) - raft.server.rpc.request.timeout = 3000ms (default)
2019-09-26 13:37:45,837 [main] INFO  server.RaftServerConfigKeys (ConfUtils.java:logGet(43)) - raft.server.storage.dir = [/workdir/hadoop-ozone/tools/target/test-dir/MiniOzoneClusterImpl-d492c611-0ad2-4a0b-a9b3-2cc170b19582/datanode-0/data/ratis] (custom)
2019-09-26 13:37:45,918 [main] INFO  hdfs.DFSUtil (DFSUtil.java:httpServerTemplateForNNAndJN(1641)) - Starting Web-server for hddsDatanode at: http://0.0.0.0:0
2019-09-26 13:37:45,921 [main] INFO  server.AuthenticationFilter (AuthenticationFilter.java:constructSecretProvider(240)) - Unable to initialize FileSignerSecretProvider, falling back to use random secrets.
2019-09-26 13:37:45,922 [main] WARN  http.HttpRequestLog (HttpRequestLog.java:getRequestLog(97)) - Jetty request log can only be enabled using Log4j
2019-09-26 13:37:45,924 [main] INFO  http.HttpServer2 (HttpServer2.java:addGlobalFilter(975)) - Added global filter 'safety' (class=org.apache.hadoop.http.HttpServer2$QuotingInputFilter)
2019-09-26 13:37:45,925 [main] INFO  http.HttpServer2 (HttpServer2.java:addFilter(948)) - Added filter static_user_filter (class=org.apache.hadoop.http.lib.StaticUserWebFilter$StaticUserFilter) to context hddsDatanode
2019-09-26 13:37:45,925 [main] INFO  http.HttpServer2 (HttpServer2.java:addFilter(958)) - Added filter static_user_filter (class=org.apache.hadoop.http.lib.StaticUserWebFilter$StaticUserFilter) to context logs
2019-09-26 13:37:45,925 [main] INFO  http.HttpServer2 (HttpServer2.java:addFilter(958)) - Added filter static_user_filter (class=org.apache.hadoop.http.lib.StaticUserWebFilter$StaticUserFilter) to context static
2019-09-26 13:37:45,927 [main] INFO  http.HttpServer2 (HttpServer2.java:bindListener(1191)) - Jetty bound to port 39654
2019-09-26 13:37:45,927 [main] INFO  server.Server (Server.java:doStart(351)) - jetty-9.3.25.v20180904, build timestamp: 2018-09-04T21:11:46Z, git hash: 3ce520221d0240229c862b122d2b06c12a625732
2019-09-26 13:37:45,930 [main] INFO  handler.ContextHandler (ContextHandler.java:doStart(781)) - Started o.e.j.s.ServletContextHandler@352c44a8{/logs,file:///workdir/hadoop-ozone/tools/target/log,AVAILABLE}
2019-09-26 13:37:45,930 [main] INFO  handler.ContextHandler (ContextHandler.java:doStart(781)) - Started o.e.j.s.ServletContextHandler@a66e580{/static,jar:file:/home/user/.m2/repository/org/apache/hadoop/hadoop-hdds-container-service/0.5.0-SNAPSHOT/hadoop-hdds-container-service-0.5.0-SNAPSHOT.jar!/webapps/static,AVAILABLE}
2019-09-26 13:37:45,979 [main] INFO  handler.ContextHandler (ContextHandler.java:doStart(781)) - Started o.e.j.w.WebAppContext@3dffc764{/,file:///tmp/jetty-0.0.0.0-39654-hddsDatanode-_-any-7136980420932416932.dir/webapp/,AVAILABLE}{/hddsDatanode}
2019-09-26 13:37:45,981 [main] INFO  server.AbstractConnector (AbstractConnector.java:doStart(278)) - Started ServerConnector@4b6e1c0{HTTP/1.1,[http/1.1]}{0.0.0.0:39654}
2019-09-26 13:37:45,983 [main] INFO  server.Server (Server.java:doStart(419)) - Started @5277ms
2019-09-26 13:37:45,983 [main] WARN  impl.MetricsSystemImpl (MetricsSystemImpl.java:register(276)) - Sink prometheus already exists!
2019-09-26 13:37:45,984 [main] INFO  server.BaseHttpServer (BaseHttpServer.java:updateConnectorAddress(215)) - HTTP server of HDDSDATANODE is listening at http://0.0.0.0:39654
2019-09-26 13:37:45,986 [main] INFO  impl.MetricsSystemImpl (MetricsSystemImpl.java:init(158)) - HddsDatanode metrics system started (again)
2019-09-26 13:37:45,993 [main] INFO  ozone.HddsDatanodeService (HddsDatanodeService.java:start(184)) - HddsDatanodeService host:pr-hdds-1569-87zkn-1081879488 ip:192.168.164.238
2019-09-26 13:37:45,993 [org.apache.hadoop.util.JvmPauseMonitor$Monitor@10cf215b] INFO  util.JvmPauseMonitor (JvmPauseMonitor.java:run(188)) - Starting JVM pause monitor
2019-09-26 13:37:46,005 [main] INFO  volume.HddsVolume (HddsVolume.java:<init>(176)) - Creating Volume: /workdir/hadoop-ozone/tools/target/test-dir/MiniOzoneClusterImpl-d492c611-0ad2-4a0b-a9b3-2cc170b19582/datanode-1/data/containers/hdds of  storage type : DISK and capacity : 1482555576320
2019-09-26 13:37:46,006 [main] INFO  volume.VolumeSet (VolumeSet.java:initializeVolumeSet(170)) - Added Volume : /workdir/hadoop-ozone/tools/target/test-dir/MiniOzoneClusterImpl-d492c611-0ad2-4a0b-a9b3-2cc170b19582/datanode-1/data/containers/hdds to VolumeSet
2019-09-26 13:37:46,006 [main] INFO  volume.ThrottledAsyncChecker (ThrottledAsyncChecker.java:schedule(139)) - Scheduling a check for org.apache.hadoop.ozone.container.common.volume.HddsVolume@12fcc71f
2019-09-26 13:37:46,008 [main] INFO  volume.HddsVolumeChecker (HddsVolumeChecker.java:checkAllVolumes(202)) - Scheduled health check for volume org.apache.hadoop.ozone.container.common.volume.HddsVolume@12fcc71f
2019-09-26 13:37:46,032 [main] INFO  impl.RaftServerProxy (ConfUtils.java:logGet(43)) - raft.rpc.type = GRPC (default)
2019-09-26 13:37:46,033 [main] INFO  grpc.GrpcFactory (GrpcFactory.java:checkPooledByteBufAllocatorUseCacheForAllThreads(45)) - PERFORMANCE WARNING: useCacheForAllThreads is true that may cause Netty to create a lot garbage objects and, as a result, trigger GC.
	It is recommended to disable useCacheForAllThreads by setting -Dorg.apache.ratis.thirdparty.io.netty.allocator.useCacheForAllThreads=false in command line.
2019-09-26 13:37:46,033 [main] INFO  grpc.GrpcConfigKeys$Server (ConfUtils.java:logGet(43)) - raft.grpc.server.port = 0 (default)
2019-09-26 13:37:46,034 [main] INFO  server.GrpcService (ConfUtils.java:logGet(43)) - raft.grpc.message.size.max = 33570816 (custom)
2019-09-26 13:37:46,034 [main] INFO  server.RaftServerConfigKeys (ConfUtils.java:logGet(43)) - raft.server.log.appender.buffer.byte-limit = 33554432 (custom)
2019-09-26 13:37:46,034 [main] INFO  server.GrpcService (ConfUtils.java:logGet(43)) - raft.grpc.flow.control.window = 1MB (=1048576) (default)
2019-09-26 13:37:46,035 [main] INFO  server.RaftServerConfigKeys (ConfUtils.java:logGet(43)) - raft.server.rpc.request.timeout = 3000ms (default)
2019-09-26 13:37:46,036 [main] INFO  server.RaftServerConfigKeys (ConfUtils.java:logGet(43)) - raft.server.storage.dir = [/workdir/hadoop-ozone/tools/target/test-dir/MiniOzoneClusterImpl-d492c611-0ad2-4a0b-a9b3-2cc170b19582/datanode-1/data/ratis] (custom)
2019-09-26 13:37:46,037 [main] INFO  hdfs.DFSUtil (DFSUtil.java:httpServerTemplateForNNAndJN(1641)) - Starting Web-server for hddsDatanode at: http://0.0.0.0:0
2019-09-26 13:37:46,039 [main] INFO  server.AuthenticationFilter (AuthenticationFilter.java:constructSecretProvider(240)) - Unable to initialize FileSignerSecretProvider, falling back to use random secrets.
2019-09-26 13:37:46,040 [main] WARN  http.HttpRequestLog (HttpRequestLog.java:getRequestLog(97)) - Jetty request log can only be enabled using Log4j
2019-09-26 13:37:46,042 [main] INFO  http.HttpServer2 (HttpServer2.java:addGlobalFilter(975)) - Added global filter 'safety' (class=org.apache.hadoop.http.HttpServer2$QuotingInputFilter)
2019-09-26 13:37:46,043 [main] INFO  http.HttpServer2 (HttpServer2.java:addFilter(948)) - Added filter static_user_filter (class=org.apache.hadoop.http.lib.StaticUserWebFilter$StaticUserFilter) to context hddsDatanode
2019-09-26 13:37:46,043 [main] INFO  http.HttpServer2 (HttpServer2.java:addFilter(958)) - Added filter static_user_filter (class=org.apache.hadoop.http.lib.StaticUserWebFilter$StaticUserFilter) to context static
2019-09-26 13:37:46,044 [main] INFO  http.HttpServer2 (HttpServer2.java:addFilter(958)) - Added filter static_user_filter (class=org.apache.hadoop.http.lib.StaticUserWebFilter$StaticUserFilter) to context logs
2019-09-26 13:37:46,045 [main] INFO  http.HttpServer2 (HttpServer2.java:bindListener(1191)) - Jetty bound to port 38792
2019-09-26 13:37:46,045 [main] INFO  server.Server (Server.java:doStart(351)) - jetty-9.3.25.v20180904, build timestamp: 2018-09-04T21:11:46Z, git hash: 3ce520221d0240229c862b122d2b06c12a625732
2019-09-26 13:37:46,050 [main] INFO  handler.ContextHandler (ContextHandler.java:doStart(781)) - Started o.e.j.s.ServletContextHandler@7bc44ce8{/logs,file:///workdir/hadoop-ozone/tools/target/log,AVAILABLE}
2019-09-26 13:37:46,051 [main] INFO  handler.ContextHandler (ContextHandler.java:doStart(781)) - Started o.e.j.s.ServletContextHandler@58472096{/static,jar:file:/home/user/.m2/repository/org/apache/hadoop/hadoop-hdds-container-service/0.5.0-SNAPSHOT/hadoop-hdds-container-service-0.5.0-SNAPSHOT.jar!/webapps/static,AVAILABLE}
2019-09-26 13:37:46,084 [main] INFO  handler.ContextHandler (ContextHandler.java:doStart(781)) - Started o.e.j.w.WebAppContext@2e66bc32{/,file:///tmp/jetty-0.0.0.0-38792-hddsDatanode-_-any-3410810446716217894.dir/webapp/,AVAILABLE}{/hddsDatanode}
2019-09-26 13:37:46,085 [main] INFO  server.AbstractConnector (AbstractConnector.java:doStart(278)) - Started ServerConnector@54d8c20d{HTTP/1.1,[http/1.1]}{0.0.0.0:38792}
2019-09-26 13:37:46,086 [main] INFO  server.Server (Server.java:doStart(419)) - Started @5381ms
2019-09-26 13:37:46,088 [main] WARN  impl.MetricsSystemImpl (MetricsSystemImpl.java:register(276)) - Sink prometheus already exists!
2019-09-26 13:37:46,088 [main] INFO  server.BaseHttpServer (BaseHttpServer.java:updateConnectorAddress(215)) - HTTP server of HDDSDATANODE is listening at http://0.0.0.0:38792
2019-09-26 13:37:46,089 [main] INFO  impl.MetricsSystemImpl (MetricsSystemImpl.java:init(158)) - HddsDatanode metrics system started (again)
2019-09-26 13:37:46,092 [org.apache.hadoop.util.JvmPauseMonitor$Monitor@61868cb7] INFO  util.JvmPauseMonitor (JvmPauseMonitor.java:run(188)) - Starting JVM pause monitor
2019-09-26 13:37:46,092 [main] INFO  ozone.HddsDatanodeService (HddsDatanodeService.java:start(184)) - HddsDatanodeService host:pr-hdds-1569-87zkn-1081879488 ip:192.168.164.238
2019-09-26 13:37:46,101 [main] INFO  volume.HddsVolume (HddsVolume.java:<init>(176)) - Creating Volume: /workdir/hadoop-ozone/tools/target/test-dir/MiniOzoneClusterImpl-d492c611-0ad2-4a0b-a9b3-2cc170b19582/datanode-2/data/containers/hdds of  storage type : DISK and capacity : 1482555576320
2019-09-26 13:37:46,102 [main] INFO  volume.VolumeSet (VolumeSet.java:initializeVolumeSet(170)) - Added Volume : /workdir/hadoop-ozone/tools/target/test-dir/MiniOzoneClusterImpl-d492c611-0ad2-4a0b-a9b3-2cc170b19582/datanode-2/data/containers/hdds to VolumeSet
2019-09-26 13:37:46,102 [main] INFO  volume.ThrottledAsyncChecker (ThrottledAsyncChecker.java:schedule(139)) - Scheduling a check for org.apache.hadoop.ozone.container.common.volume.HddsVolume@4faa298
2019-09-26 13:37:46,103 [main] INFO  volume.HddsVolumeChecker (HddsVolumeChecker.java:checkAllVolumes(202)) - Scheduled health check for volume org.apache.hadoop.ozone.container.common.volume.HddsVolume@4faa298
2019-09-26 13:37:46,111 [Datanode State Machine Thread - 0] INFO  datanode.InitDatanodeState (InitDatanodeState.java:persistContainerDatanodeDetails(140)) - DatanodeDetails is persisted to /workdir/hadoop-ozone/tools/target/test-dir/MiniOzoneClusterImpl-d492c611-0ad2-4a0b-a9b3-2cc170b19582/datanode-0/meta/datanode.id
2019-09-26 13:37:46,115 [Datanode State Machine Thread - 0] INFO  datanode.InitDatanodeState (InitDatanodeState.java:persistContainerDatanodeDetails(140)) - DatanodeDetails is persisted to /workdir/hadoop-ozone/tools/target/test-dir/MiniOzoneClusterImpl-d492c611-0ad2-4a0b-a9b3-2cc170b19582/datanode-1/meta/datanode.id
2019-09-26 13:37:46,123 [main] INFO  impl.RaftServerProxy (ConfUtils.java:logGet(43)) - raft.rpc.type = GRPC (default)
2019-09-26 13:37:46,123 [main] INFO  grpc.GrpcFactory (GrpcFactory.java:checkPooledByteBufAllocatorUseCacheForAllThreads(45)) - PERFORMANCE WARNING: useCacheForAllThreads is true that may cause Netty to create a lot garbage objects and, as a result, trigger GC.
	It is recommended to disable useCacheForAllThreads by setting -Dorg.apache.ratis.thirdparty.io.netty.allocator.useCacheForAllThreads=false in command line.
2019-09-26 13:37:46,123 [main] INFO  grpc.GrpcConfigKeys$Server (ConfUtils.java:logGet(43)) - raft.grpc.server.port = 0 (default)
2019-09-26 13:37:46,123 [main] INFO  server.GrpcService (ConfUtils.java:logGet(43)) - raft.grpc.message.size.max = 33570816 (custom)
2019-09-26 13:37:46,124 [main] INFO  server.RaftServerConfigKeys (ConfUtils.java:logGet(43)) - raft.server.log.appender.buffer.byte-limit = 33554432 (custom)
2019-09-26 13:37:46,124 [main] INFO  server.GrpcService (ConfUtils.java:logGet(43)) - raft.grpc.flow.control.window = 1MB (=1048576) (default)
2019-09-26 13:37:46,124 [main] INFO  server.RaftServerConfigKeys (ConfUtils.java:logGet(43)) - raft.server.rpc.request.timeout = 3000ms (default)
2019-09-26 13:37:46,125 [main] INFO  server.RaftServerConfigKeys (ConfUtils.java:logGet(43)) - raft.server.storage.dir = [/workdir/hadoop-ozone/tools/target/test-dir/MiniOzoneClusterImpl-d492c611-0ad2-4a0b-a9b3-2cc170b19582/datanode-2/data/ratis] (custom)
2019-09-26 13:37:46,127 [main] INFO  hdfs.DFSUtil (DFSUtil.java:httpServerTemplateForNNAndJN(1641)) - Starting Web-server for hddsDatanode at: http://0.0.0.0:0
2019-09-26 13:37:46,128 [main] INFO  server.AuthenticationFilter (AuthenticationFilter.java:constructSecretProvider(240)) - Unable to initialize FileSignerSecretProvider, falling back to use random secrets.
2019-09-26 13:37:46,129 [main] WARN  http.HttpRequestLog (HttpRequestLog.java:getRequestLog(97)) - Jetty request log can only be enabled using Log4j
2019-09-26 13:37:46,131 [main] INFO  http.HttpServer2 (HttpServer2.java:addGlobalFilter(975)) - Added global filter 'safety' (class=org.apache.hadoop.http.HttpServer2$QuotingInputFilter)
2019-09-26 13:37:46,131 [main] INFO  http.HttpServer2 (HttpServer2.java:addFilter(948)) - Added filter static_user_filter (class=org.apache.hadoop.http.lib.StaticUserWebFilter$StaticUserFilter) to context hddsDatanode
2019-09-26 13:37:46,132 [main] INFO  http.HttpServer2 (HttpServer2.java:addFilter(958)) - Added filter static_user_filter (class=org.apache.hadoop.http.lib.StaticUserWebFilter$StaticUserFilter) to context static
2019-09-26 13:37:46,132 [main] INFO  http.HttpServer2 (HttpServer2.java:addFilter(958)) - Added filter static_user_filter (class=org.apache.hadoop.http.lib.StaticUserWebFilter$StaticUserFilter) to context logs
2019-09-26 13:37:46,133 [main] INFO  http.HttpServer2 (HttpServer2.java:bindListener(1191)) - Jetty bound to port 41582
2019-09-26 13:37:46,133 [main] INFO  server.Server (Server.java:doStart(351)) - jetty-9.3.25.v20180904, build timestamp: 2018-09-04T21:11:46Z, git hash: 3ce520221d0240229c862b122d2b06c12a625732
2019-09-26 13:37:46,135 [main] INFO  handler.ContextHandler (ContextHandler.java:doStart(781)) - Started o.e.j.s.ServletContextHandler@5dd903be{/logs,file:///workdir/hadoop-ozone/tools/target/log,AVAILABLE}
2019-09-26 13:37:46,135 [main] INFO  handler.ContextHandler (ContextHandler.java:doStart(781)) - Started o.e.j.s.ServletContextHandler@4a163575{/static,jar:file:/home/user/.m2/repository/org/apache/hadoop/hadoop-hdds-container-service/0.5.0-SNAPSHOT/hadoop-hdds-container-service-0.5.0-SNAPSHOT.jar!/webapps/static,AVAILABLE}
2019-09-26 13:37:46,163 [main] INFO  handler.ContextHandler (ContextHandler.java:doStart(781)) - Started o.e.j.w.WebAppContext@74ecacc3{/,file:///tmp/jetty-0.0.0.0-41582-hddsDatanode-_-any-6615830732711374565.dir/webapp/,AVAILABLE}{/hddsDatanode}
2019-09-26 13:37:46,164 [main] INFO  server.AbstractConnector (AbstractConnector.java:doStart(278)) - Started ServerConnector@517a2b0{HTTP/1.1,[http/1.1]}{0.0.0.0:41582}
2019-09-26 13:37:46,165 [main] INFO  server.Server (Server.java:doStart(419)) - Started @5459ms
2019-09-26 13:37:46,165 [main] WARN  impl.MetricsSystemImpl (MetricsSystemImpl.java:register(276)) - Sink prometheus already exists!
2019-09-26 13:37:46,166 [main] INFO  server.BaseHttpServer (BaseHttpServer.java:updateConnectorAddress(215)) - HTTP server of HDDSDATANODE is listening at http://0.0.0.0:41582
2019-09-26 13:37:46,166 [main] INFO  impl.MetricsSystemImpl (MetricsSystemImpl.java:init(158)) - HddsDatanode metrics system started (again)
2019-09-26 13:37:46,169 [main] INFO  ozone.HddsDatanodeService (HddsDatanodeService.java:start(184)) - HddsDatanodeService host:pr-hdds-1569-87zkn-1081879488 ip:192.168.164.238
2019-09-26 13:37:46,169 [org.apache.hadoop.util.JvmPauseMonitor$Monitor@770f4907] INFO  util.JvmPauseMonitor (JvmPauseMonitor.java:run(188)) - Starting JVM pause monitor
2019-09-26 13:37:46,173 [Datanode State Machine Thread - 0] INFO  datanode.InitDatanodeState (InitDatanodeState.java:persistContainerDatanodeDetails(140)) - DatanodeDetails is persisted to /workdir/hadoop-ozone/tools/target/test-dir/MiniOzoneClusterImpl-d492c611-0ad2-4a0b-a9b3-2cc170b19582/datanode-2/meta/datanode.id
2019-09-26 13:37:46,176 [main] INFO  volume.HddsVolume (HddsVolume.java:<init>(176)) - Creating Volume: /workdir/hadoop-ozone/tools/target/test-dir/MiniOzoneClusterImpl-d492c611-0ad2-4a0b-a9b3-2cc170b19582/datanode-3/data/containers/hdds of  storage type : DISK and capacity : 1482555576320
2019-09-26 13:37:46,176 [main] INFO  volume.VolumeSet (VolumeSet.java:initializeVolumeSet(170)) - Added Volume : /workdir/hadoop-ozone/tools/target/test-dir/MiniOzoneClusterImpl-d492c611-0ad2-4a0b-a9b3-2cc170b19582/datanode-3/data/containers/hdds to VolumeSet
2019-09-26 13:37:46,177 [main] INFO  volume.ThrottledAsyncChecker (ThrottledAsyncChecker.java:schedule(139)) - Scheduling a check for org.apache.hadoop.ozone.container.common.volume.HddsVolume@23f3da8b
2019-09-26 13:37:46,177 [main] INFO  volume.HddsVolumeChecker (HddsVolumeChecker.java:checkAllVolumes(202)) - Scheduled health check for volume org.apache.hadoop.ozone.container.common.volume.HddsVolume@23f3da8b
2019-09-26 13:37:46,194 [main] INFO  impl.RaftServerProxy (ConfUtils.java:logGet(43)) - raft.rpc.type = GRPC (default)
2019-09-26 13:37:46,195 [main] INFO  grpc.GrpcFactory (GrpcFactory.java:checkPooledByteBufAllocatorUseCacheForAllThreads(45)) - PERFORMANCE WARNING: useCacheForAllThreads is true that may cause Netty to create a lot garbage objects and, as a result, trigger GC.
	It is recommended to disable useCacheForAllThreads by setting -Dorg.apache.ratis.thirdparty.io.netty.allocator.useCacheForAllThreads=false in command line.
2019-09-26 13:37:46,195 [main] INFO  grpc.GrpcConfigKeys$Server (ConfUtils.java:logGet(43)) - raft.grpc.server.port = 0 (default)
2019-09-26 13:37:46,195 [main] INFO  server.GrpcService (ConfUtils.java:logGet(43)) - raft.grpc.message.size.max = 33570816 (custom)
2019-09-26 13:37:46,195 [main] INFO  server.RaftServerConfigKeys (ConfUtils.java:logGet(43)) - raft.server.log.appender.buffer.byte-limit = 33554432 (custom)
2019-09-26 13:37:46,196 [main] INFO  server.GrpcService (ConfUtils.java:logGet(43)) - raft.grpc.flow.control.window = 1MB (=1048576) (default)
2019-09-26 13:37:46,196 [main] INFO  server.RaftServerConfigKeys (ConfUtils.java:logGet(43)) - raft.server.rpc.request.timeout = 3000ms (default)
2019-09-26 13:37:46,197 [main] INFO  server.RaftServerConfigKeys (ConfUtils.java:logGet(43)) - raft.server.storage.dir = [/workdir/hadoop-ozone/tools/target/test-dir/MiniOzoneClusterImpl-d492c611-0ad2-4a0b-a9b3-2cc170b19582/datanode-3/data/ratis] (custom)
2019-09-26 13:37:46,198 [main] INFO  hdfs.DFSUtil (DFSUtil.java:httpServerTemplateForNNAndJN(1641)) - Starting Web-server for hddsDatanode at: http://0.0.0.0:0
2019-09-26 13:37:46,200 [main] INFO  server.AuthenticationFilter (AuthenticationFilter.java:constructSecretProvider(240)) - Unable to initialize FileSignerSecretProvider, falling back to use random secrets.
2019-09-26 13:37:46,200 [main] WARN  http.HttpRequestLog (HttpRequestLog.java:getRequestLog(97)) - Jetty request log can only be enabled using Log4j
2019-09-26 13:37:46,202 [main] INFO  http.HttpServer2 (HttpServer2.java:addGlobalFilter(975)) - Added global filter 'safety' (class=org.apache.hadoop.http.HttpServer2$QuotingInputFilter)
2019-09-26 13:37:46,203 [main] INFO  http.HttpServer2 (HttpServer2.java:addFilter(948)) - Added filter static_user_filter (class=org.apache.hadoop.http.lib.StaticUserWebFilter$StaticUserFilter) to context hddsDatanode
2019-09-26 13:37:46,203 [main] INFO  http.HttpServer2 (HttpServer2.java:addFilter(958)) - Added filter static_user_filter (class=org.apache.hadoop.http.lib.StaticUserWebFilter$StaticUserFilter) to context logs
2019-09-26 13:37:46,203 [main] INFO  http.HttpServer2 (HttpServer2.java:addFilter(958)) - Added filter static_user_filter (class=org.apache.hadoop.http.lib.StaticUserWebFilter$StaticUserFilter) to context static
2019-09-26 13:37:46,204 [main] INFO  http.HttpServer2 (HttpServer2.java:bindListener(1191)) - Jetty bound to port 45401
2019-09-26 13:37:46,204 [main] INFO  server.Server (Server.java:doStart(351)) - jetty-9.3.25.v20180904, build timestamp: 2018-09-04T21:11:46Z, git hash: 3ce520221d0240229c862b122d2b06c12a625732
2019-09-26 13:37:46,207 [main] INFO  handler.ContextHandler (ContextHandler.java:doStart(781)) - Started o.e.j.s.ServletContextHandler@38eb0f4d{/logs,file:///workdir/hadoop-ozone/tools/target/log,AVAILABLE}
2019-09-26 13:37:46,208 [main] INFO  handler.ContextHandler (ContextHandler.java:doStart(781)) - Started o.e.j.s.ServletContextHandler@15b642b9{/static,jar:file:/home/user/.m2/repository/org/apache/hadoop/hadoop-hdds-container-service/0.5.0-SNAPSHOT/hadoop-hdds-container-service-0.5.0-SNAPSHOT.jar!/webapps/static,AVAILABLE}
2019-09-26 13:37:46,243 [main] INFO  handler.ContextHandler (ContextHandler.java:doStart(781)) - Started o.e.j.w.WebAppContext@333c8791{/,file:///tmp/jetty-0.0.0.0-45401-hddsDatanode-_-any-7210754213974543619.dir/webapp/,AVAILABLE}{/hddsDatanode}
2019-09-26 13:37:46,244 [main] INFO  server.AbstractConnector (AbstractConnector.java:doStart(278)) - Started ServerConnector@6c0e13b7{HTTP/1.1,[http/1.1]}{0.0.0.0:45401}
2019-09-26 13:37:46,245 [main] INFO  server.Server (Server.java:doStart(419)) - Started @5539ms
2019-09-26 13:37:46,245 [main] WARN  impl.MetricsSystemImpl (MetricsSystemImpl.java:register(276)) - Sink prometheus already exists!
2019-09-26 13:37:46,245 [main] INFO  server.BaseHttpServer (BaseHttpServer.java:updateConnectorAddress(215)) - HTTP server of HDDSDATANODE is listening at http://0.0.0.0:45401
2019-09-26 13:37:46,246 [main] INFO  impl.MetricsSystemImpl (MetricsSystemImpl.java:init(158)) - HddsDatanode metrics system started (again)
2019-09-26 13:37:46,249 [org.apache.hadoop.util.JvmPauseMonitor$Monitor@1e569c9b] INFO  util.JvmPauseMonitor (JvmPauseMonitor.java:run(188)) - Starting JVM pause monitor
2019-09-26 13:37:46,249 [main] INFO  ozone.HddsDatanodeService (HddsDatanodeService.java:start(184)) - HddsDatanodeService host:pr-hdds-1569-87zkn-1081879488 ip:192.168.164.238
2019-09-26 13:37:46,253 [Datanode State Machine Thread - 0] INFO  datanode.InitDatanodeState (InitDatanodeState.java:persistContainerDatanodeDetails(140)) - DatanodeDetails is persisted to /workdir/hadoop-ozone/tools/target/test-dir/MiniOzoneClusterImpl-d492c611-0ad2-4a0b-a9b3-2cc170b19582/datanode-3/meta/datanode.id
2019-09-26 13:37:46,257 [main] INFO  volume.HddsVolume (HddsVolume.java:<init>(176)) - Creating Volume: /workdir/hadoop-ozone/tools/target/test-dir/MiniOzoneClusterImpl-d492c611-0ad2-4a0b-a9b3-2cc170b19582/datanode-4/data/containers/hdds of  storage type : DISK and capacity : 1482555576320
2019-09-26 13:37:46,257 [main] INFO  volume.VolumeSet (VolumeSet.java:initializeVolumeSet(170)) - Added Volume : /workdir/hadoop-ozone/tools/target/test-dir/MiniOzoneClusterImpl-d492c611-0ad2-4a0b-a9b3-2cc170b19582/datanode-4/data/containers/hdds to VolumeSet
2019-09-26 13:37:46,257 [main] INFO  volume.ThrottledAsyncChecker (ThrottledAsyncChecker.java:schedule(139)) - Scheduling a check for org.apache.hadoop.ozone.container.common.volume.HddsVolume@671d1157
2019-09-26 13:37:46,258 [main] INFO  volume.HddsVolumeChecker (HddsVolumeChecker.java:checkAllVolumes(202)) - Scheduled health check for volume org.apache.hadoop.ozone.container.common.volume.HddsVolume@671d1157
2019-09-26 13:37:46,274 [main] INFO  impl.RaftServerProxy (ConfUtils.java:logGet(43)) - raft.rpc.type = GRPC (default)
2019-09-26 13:37:46,274 [main] INFO  grpc.GrpcFactory (GrpcFactory.java:checkPooledByteBufAllocatorUseCacheForAllThreads(45)) - PERFORMANCE WARNING: useCacheForAllThreads is true that may cause Netty to create a lot garbage objects and, as a result, trigger GC.
	It is recommended to disable useCacheForAllThreads by setting -Dorg.apache.ratis.thirdparty.io.netty.allocator.useCacheForAllThreads=false in command line.
2019-09-26 13:37:46,274 [main] INFO  grpc.GrpcConfigKeys$Server (ConfUtils.java:logGet(43)) - raft.grpc.server.port = 0 (default)
2019-09-26 13:37:46,275 [main] INFO  server.GrpcService (ConfUtils.java:logGet(43)) - raft.grpc.message.size.max = 33570816 (custom)
2019-09-26 13:37:46,275 [main] INFO  server.RaftServerConfigKeys (ConfUtils.java:logGet(43)) - raft.server.log.appender.buffer.byte-limit = 33554432 (custom)
2019-09-26 13:37:46,275 [main] INFO  server.GrpcService (ConfUtils.java:logGet(43)) - raft.grpc.flow.control.window = 1MB (=1048576) (default)
2019-09-26 13:37:46,275 [main] INFO  server.RaftServerConfigKeys (ConfUtils.java:logGet(43)) - raft.server.rpc.request.timeout = 3000ms (default)
2019-09-26 13:37:46,276 [main] INFO  server.RaftServerConfigKeys (ConfUtils.java:logGet(43)) - raft.server.storage.dir = [/workdir/hadoop-ozone/tools/target/test-dir/MiniOzoneClusterImpl-d492c611-0ad2-4a0b-a9b3-2cc170b19582/datanode-4/data/ratis] (custom)
2019-09-26 13:37:46,277 [main] INFO  hdfs.DFSUtil (DFSUtil.java:httpServerTemplateForNNAndJN(1641)) - Starting Web-server for hddsDatanode at: http://0.0.0.0:0
2019-09-26 13:37:46,279 [main] INFO  server.AuthenticationFilter (AuthenticationFilter.java:constructSecretProvider(240)) - Unable to initialize FileSignerSecretProvider, falling back to use random secrets.
2019-09-26 13:37:46,280 [main] WARN  http.HttpRequestLog (HttpRequestLog.java:getRequestLog(97)) - Jetty request log can only be enabled using Log4j
2019-09-26 13:37:46,282 [main] INFO  http.HttpServer2 (HttpServer2.java:addGlobalFilter(975)) - Added global filter 'safety' (class=org.apache.hadoop.http.HttpServer2$QuotingInputFilter)
2019-09-26 13:37:46,282 [main] INFO  http.HttpServer2 (HttpServer2.java:addFilter(948)) - Added filter static_user_filter (class=org.apache.hadoop.http.lib.StaticUserWebFilter$StaticUserFilter) to context hddsDatanode
2019-09-26 13:37:46,283 [main] INFO  http.HttpServer2 (HttpServer2.java:addFilter(958)) - Added filter static_user_filter (class=org.apache.hadoop.http.lib.StaticUserWebFilter$StaticUserFilter) to context logs
2019-09-26 13:37:46,283 [main] INFO  http.HttpServer2 (HttpServer2.java:addFilter(958)) - Added filter static_user_filter (class=org.apache.hadoop.http.lib.StaticUserWebFilter$StaticUserFilter) to context static
2019-09-26 13:37:46,284 [main] INFO  http.HttpServer2 (HttpServer2.java:bindListener(1191)) - Jetty bound to port 41364
2019-09-26 13:37:46,284 [main] INFO  server.Server (Server.java:doStart(351)) - jetty-9.3.25.v20180904, build timestamp: 2018-09-04T21:11:46Z, git hash: 3ce520221d0240229c862b122d2b06c12a625732
2019-09-26 13:37:46,287 [main] INFO  handler.ContextHandler (ContextHandler.java:doStart(781)) - Started o.e.j.s.ServletContextHandler@4c58255{/logs,file:///workdir/hadoop-ozone/tools/target/log,AVAILABLE}
2019-09-26 13:37:46,287 [main] INFO  handler.ContextHandler (ContextHandler.java:doStart(781)) - Started o.e.j.s.ServletContextHandler@10b1a751{/static,jar:file:/home/user/.m2/repository/org/apache/hadoop/hadoop-hdds-container-service/0.5.0-SNAPSHOT/hadoop-hdds-container-service-0.5.0-SNAPSHOT.jar!/webapps/static,AVAILABLE}
2019-09-26 13:37:46,321 [main] INFO  handler.ContextHandler (ContextHandler.java:doStart(781)) - Started o.e.j.w.WebAppContext@4596f8f3{/,file:///tmp/jetty-0.0.0.0-41364-hddsDatanode-_-any-3985851555948312666.dir/webapp/,AVAILABLE}{/hddsDatanode}
2019-09-26 13:37:46,321 [main] INFO  server.AbstractConnector (AbstractConnector.java:doStart(278)) - Started ServerConnector@ccf91df{HTTP/1.1,[http/1.1]}{0.0.0.0:41364}
2019-09-26 13:37:46,323 [main] INFO  server.Server (Server.java:doStart(419)) - Started @5617ms
2019-09-26 13:37:46,323 [main] WARN  impl.MetricsSystemImpl (MetricsSystemImpl.java:register(276)) - Sink prometheus already exists!
2019-09-26 13:37:46,324 [main] INFO  server.BaseHttpServer (BaseHttpServer.java:updateConnectorAddress(215)) - HTTP server of HDDSDATANODE is listening at http://0.0.0.0:41364
2019-09-26 13:37:46,326 [main] INFO  ozone.MiniOzoneClusterImpl (MiniOzoneClusterImpl.java:lambda$waitForClusterToBeReady$0(147)) - Waiting for cluster to be ready. Got 0 of 5 DN Heartbeats.
2019-09-26 13:37:46,327 [org.apache.hadoop.util.JvmPauseMonitor$Monitor@74481288] INFO  util.JvmPauseMonitor (JvmPauseMonitor.java:run(188)) - Starting JVM pause monitor
2019-09-26 13:37:46,331 [Datanode State Machine Thread - 0] INFO  datanode.InitDatanodeState (InitDatanodeState.java:persistContainerDatanodeDetails(140)) - DatanodeDetails is persisted to /workdir/hadoop-ozone/tools/target/test-dir/MiniOzoneClusterImpl-d492c611-0ad2-4a0b-a9b3-2cc170b19582/datanode-4/meta/datanode.id
2019-09-26 13:37:47,327 [main] INFO  ozone.MiniOzoneClusterImpl (MiniOzoneClusterImpl.java:lambda$waitForClusterToBeReady$0(147)) - Waiting for cluster to be ready. Got 0 of 5 DN Heartbeats.
2019-09-26 13:37:48,072 [Datanode State Machine Thread - 0] INFO  ozoneimpl.OzoneContainer (OzoneContainer.java:start(217)) - Attempting to start container services.
2019-09-26 13:37:48,076 [Datanode State Machine Thread - 0] INFO  ozoneimpl.OzoneContainer (OzoneContainer.java:startContainerScrub(179)) - Background container scanner has been disabled.
2019-09-26 13:37:48,076 [Datanode State Machine Thread - 0] INFO  ratis.XceiverServerRatis (XceiverServerRatis.java:start(411)) - Starting XceiverServerRatis cdf4aa8b-8ba2-4318-b195-a0642de96b1e at port 0
2019-09-26 13:37:48,108 [Datanode State Machine Thread - 0] INFO  impl.RaftServerProxy (RaftServerProxy.java:lambda$start$3(299)) - cdf4aa8b-8ba2-4318-b195-a0642de96b1e: start RPC server
2019-09-26 13:37:48,111 [Datanode State Machine Thread - 0] INFO  ozoneimpl.OzoneContainer (OzoneContainer.java:start(217)) - Attempting to start container services.
2019-09-26 13:37:48,117 [Datanode State Machine Thread - 0] INFO  ozoneimpl.OzoneContainer (OzoneContainer.java:startContainerScrub(179)) - Background container scanner has been disabled.
2019-09-26 13:37:48,118 [Datanode State Machine Thread - 0] INFO  ratis.XceiverServerRatis (XceiverServerRatis.java:start(411)) - Starting XceiverServerRatis 07946d80-9a5e-4ca8-81a5-a2e240cd3767 at port 0
2019-09-26 13:37:48,128 [Datanode State Machine Thread - 0] INFO  impl.RaftServerProxy (RaftServerProxy.java:lambda$start$3(299)) - 07946d80-9a5e-4ca8-81a5-a2e240cd3767: start RPC server
2019-09-26 13:37:48,185 [Datanode State Machine Thread - 0] INFO  ozoneimpl.OzoneContainer (OzoneContainer.java:start(217)) - Attempting to start container services.
2019-09-26 13:37:48,187 [Datanode State Machine Thread - 0] INFO  ozoneimpl.OzoneContainer (OzoneContainer.java:startContainerScrub(179)) - Background container scanner has been disabled.
2019-09-26 13:37:48,187 [Datanode State Machine Thread - 0] INFO  ratis.XceiverServerRatis (XceiverServerRatis.java:start(411)) - Starting XceiverServerRatis 3b4472a9-0ad3-4b35-90c6-43d323919912 at port 0
2019-09-26 13:37:48,195 [Datanode State Machine Thread - 0] INFO  impl.RaftServerProxy (RaftServerProxy.java:lambda$start$3(299)) - 3b4472a9-0ad3-4b35-90c6-43d323919912: start RPC server
2019-09-26 13:37:48,265 [Datanode State Machine Thread - 0] INFO  ozoneimpl.OzoneContainer (OzoneContainer.java:start(217)) - Attempting to start container services.
2019-09-26 13:37:48,269 [Datanode State Machine Thread - 0] INFO  ozoneimpl.OzoneContainer (OzoneContainer.java:startContainerScrub(179)) - Background container scanner has been disabled.
2019-09-26 13:37:48,269 [Datanode State Machine Thread - 0] INFO  ratis.XceiverServerRatis (XceiverServerRatis.java:start(411)) - Starting XceiverServerRatis 3eabf511-42f2-4021-89ea-f049958471c8 at port 0
2019-09-26 13:37:48,284 [Datanode State Machine Thread - 0] INFO  impl.RaftServerProxy (RaftServerProxy.java:lambda$start$3(299)) - 3eabf511-42f2-4021-89ea-f049958471c8: start RPC server
2019-09-26 13:37:48,286 [Datanode State Machine Thread - 0] INFO  server.GrpcService (GrpcService.java:startImpl(158)) - 07946d80-9a5e-4ca8-81a5-a2e240cd3767: GrpcService started, listening on 0.0.0.0/0.0.0.0:37441
2019-09-26 13:37:48,288 [Datanode State Machine Thread - 0] INFO  server.GrpcService (GrpcService.java:startImpl(158)) - 3eabf511-42f2-4021-89ea-f049958471c8: GrpcService started, listening on 0.0.0.0/0.0.0.0:39308
2019-09-26 13:37:48,287 [Datanode State Machine Thread - 0] INFO  server.GrpcService (GrpcService.java:startImpl(158)) - 3b4472a9-0ad3-4b35-90c6-43d323919912: GrpcService started, listening on 0.0.0.0/0.0.0.0:38188
2019-09-26 13:37:48,287 [Datanode State Machine Thread - 0] INFO  server.GrpcService (GrpcService.java:startImpl(158)) - cdf4aa8b-8ba2-4318-b195-a0642de96b1e: GrpcService started, listening on 0.0.0.0/0.0.0.0:45948
2019-09-26 13:37:48,288 [Datanode State Machine Thread - 0] INFO  ratis.XceiverServerRatis (XceiverServerRatis.java:start(421)) - XceiverServerRatis 3b4472a9-0ad3-4b35-90c6-43d323919912 is started using port 38188
2019-09-26 13:37:48,288 [Datanode State Machine Thread - 0] INFO  ratis.XceiverServerRatis (XceiverServerRatis.java:start(421)) - XceiverServerRatis 3eabf511-42f2-4021-89ea-f049958471c8 is started using port 39308
2019-09-26 13:37:48,288 [Datanode State Machine Thread - 0] INFO  ratis.XceiverServerRatis (XceiverServerRatis.java:start(421)) - XceiverServerRatis 07946d80-9a5e-4ca8-81a5-a2e240cd3767 is started using port 37441
2019-09-26 13:37:48,289 [Datanode State Machine Thread - 0] INFO  ratis.XceiverServerRatis (XceiverServerRatis.java:start(421)) - XceiverServerRatis cdf4aa8b-8ba2-4318-b195-a0642de96b1e is started using port 45948
2019-09-26 13:37:48,295 [Datanode State Machine Thread - 0] INFO  server.XceiverServerGrpc (XceiverServerGrpc.java:start(149)) - XceiverServerGrpc 3eabf511-42f2-4021-89ea-f049958471c8 is started using port 36170
2019-09-26 13:37:48,295 [Datanode State Machine Thread - 0] INFO  server.XceiverServerGrpc (XceiverServerGrpc.java:start(149)) - XceiverServerGrpc 07946d80-9a5e-4ca8-81a5-a2e240cd3767 is started using port 35067
2019-09-26 13:37:48,295 [Datanode State Machine Thread - 0] INFO  server.XceiverServerGrpc (XceiverServerGrpc.java:start(149)) - XceiverServerGrpc cdf4aa8b-8ba2-4318-b195-a0642de96b1e is started using port 41131
2019-09-26 13:37:48,296 [Datanode State Machine Thread - 0] INFO  server.XceiverServerGrpc (XceiverServerGrpc.java:start(149)) - XceiverServerGrpc 3b4472a9-0ad3-4b35-90c6-43d323919912 is started using port 44448
2019-09-26 13:37:48,329 [main] INFO  ozone.MiniOzoneClusterImpl (MiniOzoneClusterImpl.java:lambda$waitForClusterToBeReady$0(147)) - Waiting for cluster to be ready. Got 0 of 5 DN Heartbeats.
2019-09-26 13:37:48,343 [Datanode State Machine Thread - 0] INFO  ozoneimpl.OzoneContainer (OzoneContainer.java:start(217)) - Attempting to start container services.
2019-09-26 13:37:48,349 [Datanode State Machine Thread - 0] INFO  ozoneimpl.OzoneContainer (OzoneContainer.java:startContainerScrub(179)) - Background container scanner has been disabled.
2019-09-26 13:37:48,349 [Datanode State Machine Thread - 0] INFO  ratis.XceiverServerRatis (XceiverServerRatis.java:start(411)) - Starting XceiverServerRatis 3557bb53-8e52-4f49-8c22-7e13e7d0c46b at port 0
2019-09-26 13:37:48,357 [Datanode State Machine Thread - 0] INFO  impl.RaftServerProxy (RaftServerProxy.java:lambda$start$3(299)) - 3557bb53-8e52-4f49-8c22-7e13e7d0c46b: start RPC server
2019-09-26 13:37:48,361 [Datanode State Machine Thread - 0] INFO  server.GrpcService (GrpcService.java:startImpl(158)) - 3557bb53-8e52-4f49-8c22-7e13e7d0c46b: GrpcService started, listening on 0.0.0.0/0.0.0.0:39348
2019-09-26 13:37:48,362 [Datanode State Machine Thread - 0] INFO  ratis.XceiverServerRatis (XceiverServerRatis.java:start(421)) - XceiverServerRatis 3557bb53-8e52-4f49-8c22-7e13e7d0c46b is started using port 39348
2019-09-26 13:37:48,364 [Datanode State Machine Thread - 0] INFO  server.XceiverServerGrpc (XceiverServerGrpc.java:start(149)) - XceiverServerGrpc 3557bb53-8e52-4f49-8c22-7e13e7d0c46b is started using port 36543
2019-09-26 13:37:49,329 [main] INFO  ozone.MiniOzoneClusterImpl (MiniOzoneClusterImpl.java:lambda$waitForClusterToBeReady$0(147)) - Waiting for cluster to be ready. Got 0 of 5 DN Heartbeats.
2019-09-26 13:37:50,036 [IPC Server handler 0 on 35485] INFO  net.NetworkTopology (NetworkTopologyImpl.java:add(111)) - Added a new node: /default-rack/cdf4aa8b-8ba2-4318-b195-a0642de96b1e
2019-09-26 13:37:50,037 [IPC Server handler 0 on 35485] INFO  node.SCMNodeManager (SCMNodeManager.java:register(266)) - Registered Data node : cdf4aa8b-8ba2-4318-b195-a0642de96b1e{ip: 192.168.164.238, host: pr-hdds-1569-87zkn-1081879488, networkLocation: /default-rack, certSerialId: null}
2019-09-26 13:37:50,042 [EventQueue-NodeRegistrationContainerReportForDataNodeSafeModeRule] INFO  safemode.SCMSafeModeManager (DataNodeSafeModeRule.java:process(71)) - SCM in safe mode. 1 DataNodes registered, 1 required.
2019-09-26 13:37:50,042 [EventQueue-NodeRegistrationContainerReportForDataNodeSafeModeRule] INFO  safemode.SCMSafeModeManager (SCMSafeModeManager.java:validateSafeModeExitRules(177)) - ScmSafeModeManager, all rules are successfully validated
2019-09-26 13:37:50,042 [EventQueue-NodeRegistrationContainerReportForDataNodeSafeModeRule] INFO  safemode.SCMSafeModeManager (SCMSafeModeManager.java:exitSafeMode(193)) - SCM exiting safe mode.
2019-09-26 13:37:50,095 [IPC Server handler 1 on 35485] INFO  net.NetworkTopology (NetworkTopologyImpl.java:add(111)) - Added a new node: /default-rack/07946d80-9a5e-4ca8-81a5-a2e240cd3767
2019-09-26 13:37:50,096 [IPC Server handler 1 on 35485] INFO  node.SCMNodeManager (SCMNodeManager.java:register(266)) - Registered Data node : 07946d80-9a5e-4ca8-81a5-a2e240cd3767{ip: 192.168.164.238, host: pr-hdds-1569-87zkn-1081879488, networkLocation: /default-rack, certSerialId: null}
2019-09-26 13:37:50,173 [IPC Server handler 4 on 35485] INFO  net.NetworkTopology (NetworkTopologyImpl.java:add(111)) - Added a new node: /default-rack/3b4472a9-0ad3-4b35-90c6-43d323919912
2019-09-26 13:37:50,173 [IPC Server handler 4 on 35485] INFO  node.SCMNodeManager (SCMNodeManager.java:register(266)) - Registered Data node : 3b4472a9-0ad3-4b35-90c6-43d323919912{ip: 192.168.164.238, host: pr-hdds-1569-87zkn-1081879488, networkLocation: /default-rack, certSerialId: null}
2019-09-26 13:37:50,252 [IPC Server handler 2 on 35485] INFO  net.NetworkTopology (NetworkTopologyImpl.java:add(111)) - Added a new node: /default-rack/3eabf511-42f2-4021-89ea-f049958471c8
2019-09-26 13:37:50,253 [IPC Server handler 2 on 35485] INFO  node.SCMNodeManager (SCMNodeManager.java:register(266)) - Registered Data node : 3eabf511-42f2-4021-89ea-f049958471c8{ip: 192.168.164.238, host: pr-hdds-1569-87zkn-1081879488, networkLocation: /default-rack, certSerialId: null}
2019-09-26 13:37:50,330 [main] INFO  ozone.MiniOzoneClusterImpl (MiniOzoneClusterImpl.java:lambda$waitForClusterToBeReady$0(147)) - Waiting for cluster to be ready. Got 4 of 5 DN Heartbeats.
2019-09-26 13:37:50,331 [IPC Server handler 7 on 35485] INFO  net.NetworkTopology (NetworkTopologyImpl.java:add(111)) - Added a new node: /default-rack/3557bb53-8e52-4f49-8c22-7e13e7d0c46b
2019-09-26 13:37:50,331 [IPC Server handler 7 on 35485] INFO  node.SCMNodeManager (SCMNodeManager.java:register(266)) - Registered Data node : 3557bb53-8e52-4f49-8c22-7e13e7d0c46b{ip: 192.168.164.238, host: pr-hdds-1569-87zkn-1081879488, networkLocation: /default-rack, certSerialId: null}
2019-09-26 13:37:50,523 [grpc-default-executor-0] INFO  impl.RaftServerProxy (RaftServerProxy.java:addNew(89)) - cdf4aa8b-8ba2-4318-b195-a0642de96b1e: addNew group-70B164BF3EA0:[cdf4aa8b-8ba2-4318-b195-a0642de96b1e:192.168.164.238:45948] returns group-70B164BF3EA0:java.util.concurrent.CompletableFuture@b7dac67[Not completed]
2019-09-26 13:37:50,544 [pool-27-thread-1] INFO  impl.RaftServerImpl (RaftServerImpl.java:<init>(95)) - cdf4aa8b-8ba2-4318-b195-a0642de96b1e: new RaftServerImpl for group-70B164BF3EA0:[cdf4aa8b-8ba2-4318-b195-a0642de96b1e:192.168.164.238:45948] with ContainerStateMachine:uninitialized
2019-09-26 13:37:50,546 [pool-27-thread-1] INFO  server.RaftServerConfigKeys (ConfUtils.java:logGet(43)) - raft.server.rpc.timeout.min = 5s (custom)
2019-09-26 13:37:50,547 [pool-27-thread-1] INFO  server.RaftServerConfigKeys (ConfUtils.java:logGet(43)) - raft.server.rpc.timeout.max = 5200ms (custom)
2019-09-26 13:37:50,548 [pool-27-thread-1] INFO  server.RaftServerConfigKeys (ConfUtils.java:logGet(43)) - raft.server.rpcslowness.timeout = 120s (custom)
2019-09-26 13:37:50,548 [pool-27-thread-1] INFO  server.RaftServerConfigKeys (ConfUtils.java:logGet(43)) - raft.server.sleep.deviation.threshold = 300 (default)
2019-09-26 13:37:50,549 [pool-27-thread-1] INFO  server.RaftServerConfigKeys (ConfUtils.java:logGet(43)) - raft.server.log.appender.install.snapshot.enabled = false (custom)
2019-09-26 13:37:50,560 [pool-27-thread-1] INFO  impl.RaftServerImpl (ServerState.java:<init>(103)) - cdf4aa8b-8ba2-4318-b195-a0642de96b1e@group-70B164BF3EA0: ConfigurationManager, init=-1: [cdf4aa8b-8ba2-4318-b195-a0642de96b1e:192.168.164.238:45948], old=null, confs=<EMPTY_MAP>
2019-09-26 13:37:50,560 [pool-27-thread-1] INFO  server.RaftServerConfigKeys (ConfUtils.java:logGet(43)) - raft.server.storage.dir = [/workdir/hadoop-ozone/tools/target/test-dir/MiniOzoneClusterImpl-d492c611-0ad2-4a0b-a9b3-2cc170b19582/datanode-0/data/ratis] (custom)
2019-09-26 13:37:50,569 [pool-27-thread-1] INFO  storage.RaftStorageDirectory (RaftStorageDirectory.java:analyzeStorage(246)) - The storage directory /workdir/hadoop-ozone/tools/target/test-dir/MiniOzoneClusterImpl-d492c611-0ad2-4a0b-a9b3-2cc170b19582/datanode-0/data/ratis/db1d3c9d-6930-454b-a6e2-70b164bf3ea0 does not exist. Creating ...
2019-09-26 13:37:50,587 [pool-27-thread-1] INFO  storage.RaftStorageDirectory (RaftStorageDirectory.java:tryLock(328)) - Lock on /workdir/hadoop-ozone/tools/target/test-dir/MiniOzoneClusterImpl-d492c611-0ad2-4a0b-a9b3-2cc170b19582/datanode-0/data/ratis/db1d3c9d-6930-454b-a6e2-70b164bf3ea0/in_use.lock acquired by nodename 21773@pr-hdds-1569-87zkn-1081879488
2019-09-26 13:37:50,602 [pool-27-thread-1] INFO  storage.RaftStorage (RaftStorage.java:format(72)) - Storage directory /workdir/hadoop-ozone/tools/target/test-dir/MiniOzoneClusterImpl-d492c611-0ad2-4a0b-a9b3-2cc170b19582/datanode-0/data/ratis/db1d3c9d-6930-454b-a6e2-70b164bf3ea0 has been successfully formatted.
2019-09-26 13:37:50,604 [pool-27-thread-1] INFO  ratis.ContainerStateMachine (ContainerStateMachine.java:loadSnapshot(230)) - group-70B164BF3EA0: The snapshot info is null. Setting the last applied indexto:(t:0, i:~)
2019-09-26 13:37:50,605 [pool-27-thread-1] INFO  server.RaftServerConfigKeys (ConfUtils.java:logGet(43)) - raft.server.notification.no-leader.timeout = 120s (custom)
2019-09-26 13:37:50,607 [pool-27-thread-1] INFO  server.RaftServerConfigKeys (ConfUtils.java:logGet(43)) - raft.server.log.use.memory = false (default)
2019-09-26 13:37:50,613 [pool-27-thread-1] INFO  server.RaftServerConfigKeys (ConfUtils.java:logGet(43)) - raft.server.log.purge.gap = 1000000 (custom)
2019-09-26 13:37:50,613 [pool-27-thread-1] INFO  server.RaftServerConfigKeys (ConfUtils.java:logGet(43)) - raft.server.log.appender.buffer.byte-limit = 33554432 (custom)
2019-09-26 13:37:50,616 [pool-27-thread-1] INFO  server.RaftServerConfigKeys (ConfUtils.java:logGet(43)) - raft.server.log.segment.size.max = 1048576 (custom)
2019-09-26 13:37:50,621 [pool-27-thread-1] INFO  server.RaftServerConfigKeys (ConfUtils.java:logGet(43)) - raft.server.log.segment.cache.num.max = 2 (custom)
2019-09-26 13:37:50,627 [pool-27-thread-1] INFO  segmented.SegmentedRaftLogWorker (SegmentedRaftLogWorker.java:<init>(172)) - new cdf4aa8b-8ba2-4318-b195-a0642de96b1e@group-70B164BF3EA0-SegmentedRaftLogWorker for RaftStorage:Storage Directory /workdir/hadoop-ozone/tools/target/test-dir/MiniOzoneClusterImpl-d492c611-0ad2-4a0b-a9b3-2cc170b19582/datanode-0/data/ratis/db1d3c9d-6930-454b-a6e2-70b164bf3ea0
2019-09-26 13:37:50,629 [pool-27-thread-1] INFO  impl.MetricsSystemImpl (MetricsSystemImpl.java:init(158)) - ratis metrics system started (again)
2019-09-26 13:37:50,636 [pool-27-thread-1] INFO  metrics.MetricRegistries (MetricRegistriesLoader.java:load(64)) - Loaded MetricRegistries class org.apache.ratis.metrics.impl.MetricRegistriesImpl
2019-09-26 13:37:50,667 [pool-27-thread-1] INFO  server.RaftServerConfigKeys (ConfUtils.java:logGet(43)) - raft.server.log.queue.byte-limit = 2147483647 (custom)
2019-09-26 13:37:50,667 [pool-27-thread-1] INFO  server.RaftServerConfigKeys (ConfUtils.java:logGet(43)) - raft.server.log.queue.element-limit = 1024 (custom)
2019-09-26 13:37:50,670 [pool-27-thread-1] INFO  server.RaftServerConfigKeys (ConfUtils.java:logGet(43)) - raft.server.log.segment.size.max = 1048576 (custom)
2019-09-26 13:37:50,671 [pool-27-thread-1] INFO  server.RaftServerConfigKeys (ConfUtils.java:logGet(43)) - raft.server.log.preallocated.size = 16384 (custom)
2019-09-26 13:37:50,671 [pool-27-thread-1] INFO  server.RaftServerConfigKeys (ConfUtils.java:logGet(43)) - raft.server.log.write.buffer.size = 33554432 (custom)
2019-09-26 13:37:50,672 [pool-27-thread-1] INFO  server.RaftServerConfigKeys (ConfUtils.java:logGet(43)) - raft.server.log.force.sync.num = 128 (default)
2019-09-26 13:37:50,673 [pool-27-thread-1] INFO  server.RaftServerConfigKeys (ConfUtils.java:logGet(43)) - raft.server.log.statemachine.data.sync = true (default)
2019-09-26 13:37:50,673 [pool-27-thread-1] INFO  server.RaftServerConfigKeys (ConfUtils.java:logGet(43)) - raft.server.log.statemachine.data.sync.timeout = 10s (default)
2019-09-26 13:37:50,673 [pool-27-thread-1] INFO  server.RaftServerConfigKeys (ConfUtils.java:logGet(43)) - raft.server.log.statemachine.data.sync.timeout.retry = -1 (default)
2019-09-26 13:37:50,684 [pool-27-thread-1] INFO  server.RaftServerConfigKeys (ConfUtils.java:logGet(43)) - raft.server.log.statemachine.data.caching.enabled = true (custom)
2019-09-26 13:37:50,688 [pool-27-thread-1] INFO  segmented.SegmentedRaftLogWorker (SegmentedRaftLogWorker.java:lambda$new$0(132)) - cdf4aa8b-8ba2-4318-b195-a0642de96b1e@group-70B164BF3EA0-SegmentedRaftLogWorker: flushIndex: setUnconditionally 0 -> -1
2019-09-26 13:37:50,692 [pool-27-thread-1] INFO  server.RaftServerConfigKeys (ConfUtils.java:logGet(43)) - raft.server.snapshot.auto.trigger.enabled = true (custom)
2019-09-26 13:37:50,693 [pool-27-thread-1] INFO  server.RaftServerConfigKeys (ConfUtils.java:logGet(43)) - raft.server.snapshot.auto.trigger.threshold = 10000 (custom)
2019-09-26 13:37:50,694 [pool-27-thread-1] INFO  server.RaftServerConfigKeys (ConfUtils.java:logGet(43)) - raft.server.snapshot.retention.num.files = 5 (custom)
2019-09-26 13:37:50,694 [pool-27-thread-1] INFO  server.RaftServerConfigKeys (ConfUtils.java:logGet(43)) - raft.server.retrycache.expirytime = 600000ms (custom)
2019-09-26 13:37:50,721 [pool-27-thread-1] INFO  impl.RaftServerImpl (RaftServerImpl.java:start(185)) - cdf4aa8b-8ba2-4318-b195-a0642de96b1e@group-70B164BF3EA0: start as a follower, conf=-1: [cdf4aa8b-8ba2-4318-b195-a0642de96b1e:192.168.164.238:45948], old=null
2019-09-26 13:37:50,722 [pool-27-thread-1] INFO  impl.RaftServerImpl (RaftServerImpl.java:setRole(174)) - cdf4aa8b-8ba2-4318-b195-a0642de96b1e@group-70B164BF3EA0: changes role from      null to FOLLOWER at term 0 for startAsFollower
2019-09-26 13:37:50,723 [pool-27-thread-1] INFO  impl.RoleInfo (RoleInfo.java:updateAndGet(143)) - cdf4aa8b-8ba2-4318-b195-a0642de96b1e: start FollowerState
2019-09-26 13:37:50,725 [pool-27-thread-1] INFO  util.JmxRegister (JmxRegister.java:tryRegister(44)) - Successfully registered JMX Bean with object name Ratis:service=RaftServer,group=group-70B164BF3EA0,id=cdf4aa8b-8ba2-4318-b195-a0642de96b1e
2019-09-26 13:37:50,793 [RatisPipelineUtilsThread] INFO  pipeline.PipelineStateManager (PipelineStateManager.java:addPipeline(56)) - Created pipeline Pipeline[ Id: db1d3c9d-6930-454b-a6e2-70b164bf3ea0, Nodes: cdf4aa8b-8ba2-4318-b195-a0642de96b1e{ip: 192.168.164.238, host: pr-hdds-1569-87zkn-1081879488, networkLocation: /default-rack, certSerialId: null}, Type:RATIS, Factor:ONE, State:OPEN]
2019-09-26 13:37:50,817 [grpc-default-executor-0] INFO  impl.RaftServerProxy (RaftServerProxy.java:addNew(89)) - 3eabf511-42f2-4021-89ea-f049958471c8: addNew group-81C71BCDA0E1:[3eabf511-42f2-4021-89ea-f049958471c8:192.168.164.238:39308] returns group-81C71BCDA0E1:java.util.concurrent.CompletableFuture@6dbe820e[Not completed]
2019-09-26 13:37:50,856 [pool-57-thread-1] INFO  impl.RaftServerImpl (RaftServerImpl.java:<init>(95)) - 3eabf511-42f2-4021-89ea-f049958471c8: new RaftServerImpl for group-81C71BCDA0E1:[3eabf511-42f2-4021-89ea-f049958471c8:192.168.164.238:39308] with ContainerStateMachine:uninitialized
2019-09-26 13:37:50,857 [pool-57-thread-1] INFO  server.RaftServerConfigKeys (ConfUtils.java:logGet(43)) - raft.server.rpc.timeout.min = 5s (custom)
2019-09-26 13:37:50,857 [pool-57-thread-1] INFO  server.RaftServerConfigKeys (ConfUtils.java:logGet(43)) - raft.server.rpc.timeout.max = 5200ms (custom)
2019-09-26 13:37:50,857 [pool-57-thread-1] INFO  server.RaftServerConfigKeys (ConfUtils.java:logGet(43)) - raft.server.rpcslowness.timeout = 120s (custom)
2019-09-26 13:37:50,857 [pool-57-thread-1] INFO  server.RaftServerConfigKeys (ConfUtils.java:logGet(43)) - raft.server.sleep.deviation.threshold = 300 (default)
2019-09-26 13:37:50,857 [pool-57-thread-1] INFO  server.RaftServerConfigKeys (ConfUtils.java:logGet(43)) - raft.server.log.appender.install.snapshot.enabled = false (custom)
2019-09-26 13:37:50,858 [pool-57-thread-1] INFO  impl.RaftServerImpl (ServerState.java:<init>(103)) - 3eabf511-42f2-4021-89ea-f049958471c8@group-81C71BCDA0E1: ConfigurationManager, init=-1: [3eabf511-42f2-4021-89ea-f049958471c8:192.168.164.238:39308], old=null, confs=<EMPTY_MAP>
2019-09-26 13:37:50,858 [pool-57-thread-1] INFO  server.RaftServerConfigKeys (ConfUtils.java:logGet(43)) - raft.server.storage.dir = [/workdir/hadoop-ozone/tools/target/test-dir/MiniOzoneClusterImpl-d492c611-0ad2-4a0b-a9b3-2cc170b19582/datanode-3/data/ratis] (custom)
2019-09-26 13:37:50,858 [pool-57-thread-1] INFO  storage.RaftStorageDirectory (RaftStorageDirectory.java:analyzeStorage(246)) - The storage directory /workdir/hadoop-ozone/tools/target/test-dir/MiniOzoneClusterImpl-d492c611-0ad2-4a0b-a9b3-2cc170b19582/datanode-3/data/ratis/8f911f43-e6ba-4578-b4ba-81c71bcda0e1 does not exist. Creating ...
2019-09-26 13:37:50,901 [pool-57-thread-1] INFO  storage.RaftStorageDirectory (RaftStorageDirectory.java:tryLock(328)) - Lock on /workdir/hadoop-ozone/tools/target/test-dir/MiniOzoneClusterImpl-d492c611-0ad2-4a0b-a9b3-2cc170b19582/datanode-3/data/ratis/8f911f43-e6ba-4578-b4ba-81c71bcda0e1/in_use.lock acquired by nodename 21773@pr-hdds-1569-87zkn-1081879488
2019-09-26 13:37:50,914 [pool-57-thread-1] INFO  storage.RaftStorage (RaftStorage.java:format(72)) - Storage directory /workdir/hadoop-ozone/tools/target/test-dir/MiniOzoneClusterImpl-d492c611-0ad2-4a0b-a9b3-2cc170b19582/datanode-3/data/ratis/8f911f43-e6ba-4578-b4ba-81c71bcda0e1 has been successfully formatted.
2019-09-26 13:37:50,916 [pool-57-thread-1] INFO  ratis.ContainerStateMachine (ContainerStateMachine.java:loadSnapshot(230)) - group-81C71BCDA0E1: The snapshot info is null. Setting the last applied indexto:(t:0, i:~)
2019-09-26 13:37:50,917 [pool-57-thread-1] INFO  server.RaftServerConfigKeys (ConfUtils.java:logGet(43)) - raft.server.notification.no-leader.timeout = 120s (custom)
2019-09-26 13:37:50,918 [pool-57-thread-1] INFO  server.RaftServerConfigKeys (ConfUtils.java:logGet(43)) - raft.server.log.use.memory = false (default)
2019-09-26 13:37:50,918 [pool-57-thread-1] INFO  server.RaftServerConfigKeys (ConfUtils.java:logGet(43)) - raft.server.log.purge.gap = 1000000 (custom)
2019-09-26 13:37:50,918 [pool-57-thread-1] INFO  server.RaftServerConfigKeys (ConfUtils.java:logGet(43)) - raft.server.log.appender.buffer.byte-limit = 33554432 (custom)
2019-09-26 13:37:50,918 [pool-57-thread-1] INFO  server.RaftServerConfigKeys (ConfUtils.java:logGet(43)) - raft.server.log.segment.size.max = 1048576 (custom)
2019-09-26 13:37:50,918 [pool-57-thread-1] INFO  server.RaftServerConfigKeys (ConfUtils.java:logGet(43)) - raft.server.log.segment.cache.num.max = 2 (custom)
2019-09-26 13:37:50,918 [pool-57-thread-1] INFO  segmented.SegmentedRaftLogWorker (SegmentedRaftLogWorker.java:<init>(172)) - new 3eabf511-42f2-4021-89ea-f049958471c8@group-81C71BCDA0E1-SegmentedRaftLogWorker for RaftStorage:Storage Directory /workdir/hadoop-ozone/tools/target/test-dir/MiniOzoneClusterImpl-d492c611-0ad2-4a0b-a9b3-2cc170b19582/datanode-3/data/ratis/8f911f43-e6ba-4578-b4ba-81c71bcda0e1
2019-09-26 13:37:50,924 [pool-57-thread-1] INFO  server.RaftServerConfigKeys (ConfUtils.java:logGet(43)) - raft.server.log.queue.byte-limit = 2147483647 (custom)
2019-09-26 13:37:50,924 [pool-57-thread-1] INFO  server.RaftServerConfigKeys (ConfUtils.java:logGet(43)) - raft.server.log.queue.element-limit = 1024 (custom)
2019-09-26 13:37:50,924 [pool-57-thread-1] INFO  server.RaftServerConfigKeys (ConfUtils.java:logGet(43)) - raft.server.log.segment.size.max = 1048576 (custom)
2019-09-26 13:37:50,925 [pool-57-thread-1] INFO  server.RaftServerConfigKeys (ConfUtils.java:logGet(43)) - raft.server.log.preallocated.size = 16384 (custom)
2019-09-26 13:37:50,925 [pool-57-thread-1] INFO  server.RaftServerConfigKeys (ConfUtils.java:logGet(43)) - raft.server.log.write.buffer.size = 33554432 (custom)
2019-09-26 13:37:50,925 [pool-57-thread-1] INFO  server.RaftServerConfigKeys (ConfUtils.java:logGet(43)) - raft.server.log.force.sync.num = 128 (default)
2019-09-26 13:37:50,925 [pool-57-thread-1] INFO  server.RaftServerConfigKeys (ConfUtils.java:logGet(43)) - raft.server.log.statemachine.data.sync = true (default)
2019-09-26 13:37:50,925 [pool-57-thread-1] INFO  server.RaftServerConfigKeys (ConfUtils.java:logGet(43)) - raft.server.log.statemachine.data.sync.timeout = 10s (default)
2019-09-26 13:37:50,925 [pool-57-thread-1] INFO  server.RaftServerConfigKeys (ConfUtils.java:logGet(43)) - raft.server.log.statemachine.data.sync.timeout.retry = -1 (default)
2019-09-26 13:37:50,926 [pool-57-thread-1] INFO  server.RaftServerConfigKeys (ConfUtils.java:logGet(43)) - raft.server.log.statemachine.data.caching.enabled = true (custom)
2019-09-26 13:37:50,926 [pool-57-thread-1] INFO  segmented.SegmentedRaftLogWorker (SegmentedRaftLogWorker.java:lambda$new$0(132)) - 3eabf511-42f2-4021-89ea-f049958471c8@group-81C71BCDA0E1-SegmentedRaftLogWorker: flushIndex: setUnconditionally 0 -> -1
2019-09-26 13:37:50,926 [pool-57-thread-1] INFO  server.RaftServerConfigKeys (ConfUtils.java:logGet(43)) - raft.server.snapshot.auto.trigger.enabled = true (custom)
2019-09-26 13:37:50,926 [pool-57-thread-1] INFO  server.RaftServerConfigKeys (ConfUtils.java:logGet(43)) - raft.server.snapshot.auto.trigger.threshold = 10000 (custom)
2019-09-26 13:37:50,926 [pool-57-thread-1] INFO  server.RaftServerConfigKeys (ConfUtils.java:logGet(43)) - raft.server.snapshot.retention.num.files = 5 (custom)
2019-09-26 13:37:50,927 [pool-57-thread-1] INFO  server.RaftServerConfigKeys (ConfUtils.java:logGet(43)) - raft.server.retrycache.expirytime = 600000ms (custom)
2019-09-26 13:37:50,931 [pool-57-thread-1] INFO  impl.RaftServerImpl (RaftServerImpl.java:start(185)) - 3eabf511-42f2-4021-89ea-f049958471c8@group-81C71BCDA0E1: start as a follower, conf=-1: [3eabf511-42f2-4021-89ea-f049958471c8:192.168.164.238:39308], old=null
2019-09-26 13:37:50,931 [pool-57-thread-1] INFO  impl.RaftServerImpl (RaftServerImpl.java:setRole(174)) - 3eabf511-42f2-4021-89ea-f049958471c8@group-81C71BCDA0E1: changes role from      null to FOLLOWER at term 0 for startAsFollower
2019-09-26 13:37:50,931 [pool-57-thread-1] INFO  impl.RoleInfo (RoleInfo.java:updateAndGet(143)) - 3eabf511-42f2-4021-89ea-f049958471c8: start FollowerState
2019-09-26 13:37:50,932 [pool-57-thread-1] INFO  util.JmxRegister (JmxRegister.java:tryRegister(44)) - Successfully registered JMX Bean with object name Ratis:service=RaftServer,group=group-81C71BCDA0E1,id=3eabf511-42f2-4021-89ea-f049958471c8
2019-09-26 13:37:50,946 [RatisPipelineUtilsThread] INFO  pipeline.PipelineStateManager (PipelineStateManager.java:addPipeline(56)) - Created pipeline Pipeline[ Id: 8f911f43-e6ba-4578-b4ba-81c71bcda0e1, Nodes: 3eabf511-42f2-4021-89ea-f049958471c8{ip: 192.168.164.238, host: pr-hdds-1569-87zkn-1081879488, networkLocation: /default-rack, certSerialId: null}, Type:RATIS, Factor:ONE, State:OPEN]
2019-09-26 13:37:50,963 [grpc-default-executor-0] INFO  impl.RaftServerProxy (RaftServerProxy.java:addNew(89)) - 3b4472a9-0ad3-4b35-90c6-43d323919912: addNew group-B0490C1A141B:[3b4472a9-0ad3-4b35-90c6-43d323919912:192.168.164.238:38188] returns group-B0490C1A141B:java.util.concurrent.CompletableFuture@4aa6da38[Not completed]
2019-09-26 13:37:50,978 [pool-47-thread-1] INFO  impl.RaftServerImpl (RaftServerImpl.java:<init>(95)) - 3b4472a9-0ad3-4b35-90c6-43d323919912: new RaftServerImpl for group-B0490C1A141B:[3b4472a9-0ad3-4b35-90c6-43d323919912:192.168.164.238:38188] with ContainerStateMachine:uninitialized
2019-09-26 13:37:50,978 [pool-47-thread-1] INFO  server.RaftServerConfigKeys (ConfUtils.java:logGet(43)) - raft.server.rpc.timeout.min = 5s (custom)
2019-09-26 13:37:50,978 [pool-47-thread-1] INFO  server.RaftServerConfigKeys (ConfUtils.java:logGet(43)) - raft.server.rpc.timeout.max = 5200ms (custom)
2019-09-26 13:37:50,979 [pool-47-thread-1] INFO  server.RaftServerConfigKeys (ConfUtils.java:logGet(43)) - raft.server.rpcslowness.timeout = 120s (custom)
2019-09-26 13:37:50,979 [pool-47-thread-1] INFO  server.RaftServerConfigKeys (ConfUtils.java:logGet(43)) - raft.server.sleep.deviation.threshold = 300 (default)
2019-09-26 13:37:50,979 [pool-47-thread-1] INFO  server.RaftServerConfigKeys (ConfUtils.java:logGet(43)) - raft.server.log.appender.install.snapshot.enabled = false (custom)
2019-09-26 13:37:50,979 [pool-47-thread-1] INFO  impl.RaftServerImpl (ServerState.java:<init>(103)) - 3b4472a9-0ad3-4b35-90c6-43d323919912@group-B0490C1A141B: ConfigurationManager, init=-1: [3b4472a9-0ad3-4b35-90c6-43d323919912:192.168.164.238:38188], old=null, confs=<EMPTY_MAP>
2019-09-26 13:37:50,979 [pool-47-thread-1] INFO  server.RaftServerConfigKeys (ConfUtils.java:logGet(43)) - raft.server.storage.dir = [/workdir/hadoop-ozone/tools/target/test-dir/MiniOzoneClusterImpl-d492c611-0ad2-4a0b-a9b3-2cc170b19582/datanode-2/data/ratis] (custom)
2019-09-26 13:37:50,980 [pool-47-thread-1] INFO  storage.RaftStorageDirectory (RaftStorageDirectory.java:analyzeStorage(246)) - The storage directory /workdir/hadoop-ozone/tools/target/test-dir/MiniOzoneClusterImpl-d492c611-0ad2-4a0b-a9b3-2cc170b19582/datanode-2/data/ratis/2b80ab7a-74e8-48dd-b550-b0490c1a141b does not exist. Creating ...
2019-09-26 13:37:50,993 [pool-47-thread-1] INFO  storage.RaftStorageDirectory (RaftStorageDirectory.java:tryLock(328)) - Lock on /workdir/hadoop-ozone/tools/target/test-dir/MiniOzoneClusterImpl-d492c611-0ad2-4a0b-a9b3-2cc170b19582/datanode-2/data/ratis/2b80ab7a-74e8-48dd-b550-b0490c1a141b/in_use.lock acquired by nodename 21773@pr-hdds-1569-87zkn-1081879488
2019-09-26 13:37:51,006 [pool-47-thread-1] INFO  storage.RaftStorage (RaftStorage.java:format(72)) - Storage directory /workdir/hadoop-ozone/tools/target/test-dir/MiniOzoneClusterImpl-d492c611-0ad2-4a0b-a9b3-2cc170b19582/datanode-2/data/ratis/2b80ab7a-74e8-48dd-b550-b0490c1a141b has been successfully formatted.
2019-09-26 13:37:51,006 [pool-47-thread-1] INFO  ratis.ContainerStateMachine (ContainerStateMachine.java:loadSnapshot(230)) - group-B0490C1A141B: The snapshot info is null. Setting the last applied indexto:(t:0, i:~)
2019-09-26 13:37:51,006 [pool-47-thread-1] INFO  server.RaftServerConfigKeys (ConfUtils.java:logGet(43)) - raft.server.notification.no-leader.timeout = 120s (custom)
2019-09-26 13:37:51,007 [pool-47-thread-1] INFO  server.RaftServerConfigKeys (ConfUtils.java:logGet(43)) - raft.server.log.use.memory = false (default)
2019-09-26 13:37:51,007 [pool-47-thread-1] INFO  server.RaftServerConfigKeys (ConfUtils.java:logGet(43)) - raft.server.log.purge.gap = 1000000 (custom)
2019-09-26 13:37:51,007 [pool-47-thread-1] INFO  server.RaftServerConfigKeys (ConfUtils.java:logGet(43)) - raft.server.log.appender.buffer.byte-limit = 33554432 (custom)
2019-09-26 13:37:51,007 [pool-47-thread-1] INFO  server.RaftServerConfigKeys (ConfUtils.java:logGet(43)) - raft.server.log.segment.size.max = 1048576 (custom)
2019-09-26 13:37:51,007 [pool-47-thread-1] INFO  server.RaftServerConfigKeys (ConfUtils.java:logGet(43)) - raft.server.log.segment.cache.num.max = 2 (custom)
2019-09-26 13:37:51,008 [pool-47-thread-1] INFO  segmented.SegmentedRaftLogWorker (SegmentedRaftLogWorker.java:<init>(172)) - new 3b4472a9-0ad3-4b35-90c6-43d323919912@group-B0490C1A141B-SegmentedRaftLogWorker for RaftStorage:Storage Directory /workdir/hadoop-ozone/tools/target/test-dir/MiniOzoneClusterImpl-d492c611-0ad2-4a0b-a9b3-2cc170b19582/datanode-2/data/ratis/2b80ab7a-74e8-48dd-b550-b0490c1a141b
2019-09-26 13:37:51,034 [pool-47-thread-1] INFO  server.RaftServerConfigKeys (ConfUtils.java:logGet(43)) - raft.server.log.queue.byte-limit = 2147483647 (custom)
2019-09-26 13:37:51,034 [pool-47-thread-1] INFO  server.RaftServerConfigKeys (ConfUtils.java:logGet(43)) - raft.server.log.queue.element-limit = 1024 (custom)
2019-09-26 13:37:51,035 [pool-47-thread-1] INFO  server.RaftServerConfigKeys (ConfUtils.java:logGet(43)) - raft.server.log.segment.size.max = 1048576 (custom)
2019-09-26 13:37:51,035 [pool-47-thread-1] INFO  server.RaftServerConfigKeys (ConfUtils.java:logGet(43)) - raft.server.log.preallocated.size = 16384 (custom)
2019-09-26 13:37:51,035 [pool-47-thread-1] INFO  server.RaftServerConfigKeys (ConfUtils.java:logGet(43)) - raft.server.log.write.buffer.size = 33554432 (custom)
2019-09-26 13:37:51,036 [pool-47-thread-1] INFO  server.RaftServerConfigKeys (ConfUtils.java:logGet(43)) - raft.server.log.force.sync.num = 128 (default)
2019-09-26 13:37:51,036 [pool-47-thread-1] INFO  server.RaftServerConfigKeys (ConfUtils.java:logGet(43)) - raft.server.log.statemachine.data.sync = true (default)
2019-09-26 13:37:51,036 [pool-47-thread-1] INFO  server.RaftServerConfigKeys (ConfUtils.java:logGet(43)) - raft.server.log.statemachine.data.sync.timeout = 10s (default)
2019-09-26 13:37:51,036 [pool-47-thread-1] INFO  server.RaftServerConfigKeys (ConfUtils.java:logGet(43)) - raft.server.log.statemachine.data.sync.timeout.retry = -1 (default)
2019-09-26 13:37:51,037 [pool-47-thread-1] INFO  server.RaftServerConfigKeys (ConfUtils.java:logGet(43)) - raft.server.log.statemachine.data.caching.enabled = true (custom)
2019-09-26 13:37:51,037 [pool-47-thread-1] INFO  segmented.SegmentedRaftLogWorker (SegmentedRaftLogWorker.java:lambda$new$0(132)) - 3b4472a9-0ad3-4b35-90c6-43d323919912@group-B0490C1A141B-SegmentedRaftLogWorker: flushIndex: setUnconditionally 0 -> -1
2019-09-26 13:37:51,038 [pool-47-thread-1] INFO  server.RaftServerConfigKeys (ConfUtils.java:logGet(43)) - raft.server.snapshot.auto.trigger.enabled = true (custom)
2019-09-26 13:37:51,038 [pool-47-thread-1] INFO  server.RaftServerConfigKeys (ConfUtils.java:logGet(43)) - raft.server.snapshot.auto.trigger.threshold = 10000 (custom)
2019-09-26 13:37:51,038 [pool-47-thread-1] INFO  server.RaftServerConfigKeys (ConfUtils.java:logGet(43)) - raft.server.snapshot.retention.num.files = 5 (custom)
2019-09-26 13:37:51,038 [pool-47-thread-1] INFO  server.RaftServerConfigKeys (ConfUtils.java:logGet(43)) - raft.server.retrycache.expirytime = 600000ms (custom)
2019-09-26 13:37:51,044 [pool-47-thread-1] INFO  impl.RaftServerImpl (RaftServerImpl.java:start(185)) - 3b4472a9-0ad3-4b35-90c6-43d323919912@group-B0490C1A141B: start as a follower, conf=-1: [3b4472a9-0ad3-4b35-90c6-43d323919912:192.168.164.238:38188], old=null
2019-09-26 13:37:51,044 [pool-47-thread-1] INFO  impl.RaftServerImpl (RaftServerImpl.java:setRole(174)) - 3b4472a9-0ad3-4b35-90c6-43d323919912@group-B0490C1A141B: changes role from      null to FOLLOWER at term 0 for startAsFollower
2019-09-26 13:37:51,045 [pool-47-thread-1] INFO  impl.RoleInfo (RoleInfo.java:updateAndGet(143)) - 3b4472a9-0ad3-4b35-90c6-43d323919912: start FollowerState
2019-09-26 13:37:51,045 [pool-47-thread-1] INFO  util.JmxRegister (JmxRegister.java:tryRegister(44)) - Successfully registered JMX Bean with object name Ratis:service=RaftServer,group=group-B0490C1A141B,id=3b4472a9-0ad3-4b35-90c6-43d323919912
2019-09-26 13:37:51,054 [RatisPipelineUtilsThread] INFO  pipeline.PipelineStateManager (PipelineStateManager.java:addPipeline(56)) - Created pipeline Pipeline[ Id: 2b80ab7a-74e8-48dd-b550-b0490c1a141b, Nodes: 3b4472a9-0ad3-4b35-90c6-43d323919912{ip: 192.168.164.238, host: pr-hdds-1569-87zkn-1081879488, networkLocation: /default-rack, certSerialId: null}, Type:RATIS, Factor:ONE, State:OPEN]
2019-09-26 13:37:51,069 [grpc-default-executor-0] INFO  impl.RaftServerProxy (RaftServerProxy.java:addNew(89)) - 3b4472a9-0ad3-4b35-90c6-43d323919912: addNew group-B6644108FAD7:[3b4472a9-0ad3-4b35-90c6-43d323919912:192.168.164.238:38188] returns group-B6644108FAD7:java.util.concurrent.CompletableFuture@637988db[Not completed]
2019-09-26 13:37:51,071 [pool-47-thread-1] INFO  impl.RaftServerImpl (RaftServerImpl.java:<init>(95)) - 3b4472a9-0ad3-4b35-90c6-43d323919912: new RaftServerImpl for group-B6644108FAD7:[3b4472a9-0ad3-4b35-90c6-43d323919912:192.168.164.238:38188] with ContainerStateMachine:uninitialized
2019-09-26 13:37:51,072 [pool-47-thread-1] INFO  server.RaftServerConfigKeys (ConfUtils.java:logGet(43)) - raft.server.rpc.timeout.min = 5s (custom)
2019-09-26 13:37:51,072 [pool-47-thread-1] INFO  server.RaftServerConfigKeys (ConfUtils.java:logGet(43)) - raft.server.rpc.timeout.max = 5200ms (custom)
2019-09-26 13:37:51,072 [pool-47-thread-1] INFO  server.RaftServerConfigKeys (ConfUtils.java:logGet(43)) - raft.server.rpcslowness.timeout = 120s (custom)
2019-09-26 13:37:51,072 [pool-47-thread-1] INFO  server.RaftServerConfigKeys (ConfUtils.java:logGet(43)) - raft.server.sleep.deviation.threshold = 300 (default)
2019-09-26 13:37:51,073 [pool-47-thread-1] INFO  server.RaftServerConfigKeys (ConfUtils.java:logGet(43)) - raft.server.log.appender.install.snapshot.enabled = false (custom)
2019-09-26 13:37:51,073 [pool-47-thread-1] INFO  impl.RaftServerImpl (ServerState.java:<init>(103)) - 3b4472a9-0ad3-4b35-90c6-43d323919912@group-B6644108FAD7: ConfigurationManager, init=-1: [3b4472a9-0ad3-4b35-90c6-43d323919912:192.168.164.238:38188], old=null, confs=<EMPTY_MAP>
2019-09-26 13:37:51,073 [pool-47-thread-1] INFO  server.RaftServerConfigKeys (ConfUtils.java:logGet(43)) - raft.server.storage.dir = [/workdir/hadoop-ozone/tools/target/test-dir/MiniOzoneClusterImpl-d492c611-0ad2-4a0b-a9b3-2cc170b19582/datanode-2/data/ratis] (custom)
2019-09-26 13:37:51,074 [pool-47-thread-1] INFO  storage.RaftStorageDirectory (RaftStorageDirectory.java:analyzeStorage(246)) - The storage directory /workdir/hadoop-ozone/tools/target/test-dir/MiniOzoneClusterImpl-d492c611-0ad2-4a0b-a9b3-2cc170b19582/datanode-2/data/ratis/b385ff29-d14e-481a-84a9-b6644108fad7 does not exist. Creating ...
2019-09-26 13:37:51,086 [pool-47-thread-1] INFO  storage.RaftStorageDirectory (RaftStorageDirectory.java:tryLock(328)) - Lock on /workdir/hadoop-ozone/tools/target/test-dir/MiniOzoneClusterImpl-d492c611-0ad2-4a0b-a9b3-2cc170b19582/datanode-2/data/ratis/b385ff29-d14e-481a-84a9-b6644108fad7/in_use.lock acquired by nodename 21773@pr-hdds-1569-87zkn-1081879488
2019-09-26 13:37:51,100 [pool-47-thread-1] INFO  storage.RaftStorage (RaftStorage.java:format(72)) - Storage directory /workdir/hadoop-ozone/tools/target/test-dir/MiniOzoneClusterImpl-d492c611-0ad2-4a0b-a9b3-2cc170b19582/datanode-2/data/ratis/b385ff29-d14e-481a-84a9-b6644108fad7 has been successfully formatted.
2019-09-26 13:37:51,100 [pool-47-thread-1] INFO  ratis.ContainerStateMachine (ContainerStateMachine.java:loadSnapshot(230)) - group-B6644108FAD7: The snapshot info is null. Setting the last applied indexto:(t:0, i:~)
2019-09-26 13:37:51,101 [pool-47-thread-1] INFO  server.RaftServerConfigKeys (ConfUtils.java:logGet(43)) - raft.server.notification.no-leader.timeout = 120s (custom)
2019-09-26 13:37:51,101 [pool-47-thread-1] INFO  server.RaftServerConfigKeys (ConfUtils.java:logGet(43)) - raft.server.log.use.memory = false (default)
2019-09-26 13:37:51,101 [pool-47-thread-1] INFO  server.RaftServerConfigKeys (ConfUtils.java:logGet(43)) - raft.server.log.purge.gap = 1000000 (custom)
2019-09-26 13:37:51,101 [pool-47-thread-1] INFO  server.RaftServerConfigKeys (ConfUtils.java:logGet(43)) - raft.server.log.appender.buffer.byte-limit = 33554432 (custom)
2019-09-26 13:37:51,101 [pool-47-thread-1] INFO  server.RaftServerConfigKeys (ConfUtils.java:logGet(43)) - raft.server.log.segment.size.max = 1048576 (custom)
2019-09-26 13:37:51,102 [pool-47-thread-1] INFO  server.RaftServerConfigKeys (ConfUtils.java:logGet(43)) - raft.server.log.segment.cache.num.max = 2 (custom)
2019-09-26 13:37:51,102 [pool-47-thread-1] INFO  segmented.SegmentedRaftLogWorker (SegmentedRaftLogWorker.java:<init>(172)) - new 3b4472a9-0ad3-4b35-90c6-43d323919912@group-B6644108FAD7-SegmentedRaftLogWorker for RaftStorage:Storage Directory /workdir/hadoop-ozone/tools/target/test-dir/MiniOzoneClusterImpl-d492c611-0ad2-4a0b-a9b3-2cc170b19582/datanode-2/data/ratis/b385ff29-d14e-481a-84a9-b6644108fad7
2019-09-26 13:37:51,102 [pool-47-thread-1] INFO  server.RaftServerConfigKeys (ConfUtils.java:logGet(43)) - raft.server.log.queue.byte-limit = 2147483647 (custom)
2019-09-26 13:37:51,102 [pool-47-thread-1] INFO  server.RaftServerConfigKeys (ConfUtils.java:logGet(43)) - raft.server.log.queue.element-limit = 1024 (custom)
2019-09-26 13:37:51,102 [pool-47-thread-1] INFO  server.RaftServerConfigKeys (ConfUtils.java:logGet(43)) - raft.server.log.segment.size.max = 1048576 (custom)
2019-09-26 13:37:51,103 [pool-47-thread-1] INFO  server.RaftServerConfigKeys (ConfUtils.java:logGet(43)) - raft.server.log.preallocated.size = 16384 (custom)
2019-09-26 13:37:51,103 [pool-47-thread-1] INFO  server.RaftServerConfigKeys (ConfUtils.java:logGet(43)) - raft.server.log.write.buffer.size = 33554432 (custom)
2019-09-26 13:37:51,103 [pool-47-thread-1] INFO  server.RaftServerConfigKeys (ConfUtils.java:logGet(43)) - raft.server.log.force.sync.num = 128 (default)
2019-09-26 13:37:51,103 [pool-47-thread-1] INFO  server.RaftServerConfigKeys (ConfUtils.java:logGet(43)) - raft.server.log.statemachine.data.sync = true (default)
2019-09-26 13:37:51,103 [pool-47-thread-1] INFO  server.RaftServerConfigKeys (ConfUtils.java:logGet(43)) - raft.server.log.statemachine.data.sync.timeout = 10s (default)
2019-09-26 13:37:51,104 [pool-47-thread-1] INFO  server.RaftServerConfigKeys (ConfUtils.java:logGet(43)) - raft.server.log.statemachine.data.sync.timeout.retry = -1 (default)
2019-09-26 13:37:51,104 [pool-47-thread-1] INFO  server.RaftServerConfigKeys (ConfUtils.java:logGet(43)) - raft.server.log.statemachine.data.caching.enabled = true (custom)
2019-09-26 13:37:51,104 [pool-47-thread-1] INFO  segmented.SegmentedRaftLogWorker (SegmentedRaftLogWorker.java:lambda$new$0(132)) - 3b4472a9-0ad3-4b35-90c6-43d323919912@group-B6644108FAD7-SegmentedRaftLogWorker: flushIndex: setUnconditionally 0 -> -1
2019-09-26 13:37:51,105 [pool-47-thread-1] INFO  server.RaftServerConfigKeys (ConfUtils.java:logGet(43)) - raft.server.snapshot.auto.trigger.enabled = true (custom)
2019-09-26 13:37:51,105 [pool-47-thread-1] INFO  server.RaftServerConfigKeys (ConfUtils.java:logGet(43)) - raft.server.snapshot.auto.trigger.threshold = 10000 (custom)
2019-09-26 13:37:51,105 [pool-47-thread-1] INFO  server.RaftServerConfigKeys (ConfUtils.java:logGet(43)) - raft.server.snapshot.retention.num.files = 5 (custom)
2019-09-26 13:37:51,105 [pool-47-thread-1] INFO  server.RaftServerConfigKeys (ConfUtils.java:logGet(43)) - raft.server.retrycache.expirytime = 600000ms (custom)
2019-09-26 13:37:51,112 [pool-47-thread-1] INFO  impl.RaftServerImpl (RaftServerImpl.java:start(185)) - 3b4472a9-0ad3-4b35-90c6-43d323919912@group-B6644108FAD7: start as a follower, conf=-1: [3b4472a9-0ad3-4b35-90c6-43d323919912:192.168.164.238:38188], old=null
2019-09-26 13:37:51,112 [pool-47-thread-1] INFO  impl.RaftServerImpl (RaftServerImpl.java:setRole(174)) - 3b4472a9-0ad3-4b35-90c6-43d323919912@group-B6644108FAD7: changes role from      null to FOLLOWER at term 0 for startAsFollower
2019-09-26 13:37:51,112 [pool-47-thread-1] INFO  impl.RoleInfo (RoleInfo.java:updateAndGet(143)) - 3b4472a9-0ad3-4b35-90c6-43d323919912: start FollowerState
2019-09-26 13:37:51,113 [pool-47-thread-1] INFO  util.JmxRegister (JmxRegister.java:tryRegister(44)) - Successfully registered JMX Bean with object name Ratis:service=RaftServer,group=group-B6644108FAD7,id=3b4472a9-0ad3-4b35-90c6-43d323919912
2019-09-26 13:37:51,123 [RatisPipelineUtilsThread] INFO  pipeline.PipelineStateManager (PipelineStateManager.java:addPipeline(56)) - Created pipeline Pipeline[ Id: b385ff29-d14e-481a-84a9-b6644108fad7, Nodes: 3b4472a9-0ad3-4b35-90c6-43d323919912{ip: 192.168.164.238, host: pr-hdds-1569-87zkn-1081879488, networkLocation: /default-rack, certSerialId: null}, Type:RATIS, Factor:ONE, State:OPEN]
2019-09-26 13:37:51,142 [grpc-default-executor-0] INFO  impl.RaftServerProxy (RaftServerProxy.java:addNew(89)) - cdf4aa8b-8ba2-4318-b195-a0642de96b1e: addNew group-855D728B83FF:[cdf4aa8b-8ba2-4318-b195-a0642de96b1e:192.168.164.238:45948] returns group-855D728B83FF:java.util.concurrent.CompletableFuture@6e964a8a[Not completed]
2019-09-26 13:37:51,145 [pool-27-thread-1] INFO  impl.RaftServerImpl (RaftServerImpl.java:<init>(95)) - cdf4aa8b-8ba2-4318-b195-a0642de96b1e: new RaftServerImpl for group-855D728B83FF:[cdf4aa8b-8ba2-4318-b195-a0642de96b1e:192.168.164.238:45948] with ContainerStateMachine:uninitialized
2019-09-26 13:37:51,145 [pool-27-thread-1] INFO  server.RaftServerConfigKeys (ConfUtils.java:logGet(43)) - raft.server.rpc.timeout.min = 5s (custom)
2019-09-26 13:37:51,145 [pool-27-thread-1] INFO  server.RaftServerConfigKeys (ConfUtils.java:logGet(43)) - raft.server.rpc.timeout.max = 5200ms (custom)
2019-09-26 13:37:51,145 [pool-27-thread-1] INFO  server.RaftServerConfigKeys (ConfUtils.java:logGet(43)) - raft.server.rpcslowness.timeout = 120s (custom)
2019-09-26 13:37:51,146 [pool-27-thread-1] INFO  server.RaftServerConfigKeys (ConfUtils.java:logGet(43)) - raft.server.sleep.deviation.threshold = 300 (default)
2019-09-26 13:37:51,146 [pool-27-thread-1] INFO  server.RaftServerConfigKeys (ConfUtils.java:logGet(43)) - raft.server.log.appender.install.snapshot.enabled = false (custom)
2019-09-26 13:37:51,146 [pool-27-thread-1] INFO  impl.RaftServerImpl (ServerState.java:<init>(103)) - cdf4aa8b-8ba2-4318-b195-a0642de96b1e@group-855D728B83FF: ConfigurationManager, init=-1: [cdf4aa8b-8ba2-4318-b195-a0642de96b1e:192.168.164.238:45948], old=null, confs=<EMPTY_MAP>
2019-09-26 13:37:51,146 [pool-27-thread-1] INFO  server.RaftServerConfigKeys (ConfUtils.java:logGet(43)) - raft.server.storage.dir = [/workdir/hadoop-ozone/tools/target/test-dir/MiniOzoneClusterImpl-d492c611-0ad2-4a0b-a9b3-2cc170b19582/datanode-0/data/ratis] (custom)
2019-09-26 13:37:51,147 [pool-27-thread-1] INFO  storage.RaftStorageDirectory (RaftStorageDirectory.java:analyzeStorage(246)) - The storage directory /workdir/hadoop-ozone/tools/target/test-dir/MiniOzoneClusterImpl-d492c611-0ad2-4a0b-a9b3-2cc170b19582/datanode-0/data/ratis/c32de29c-338d-4e4a-bd93-855d728b83ff does not exist. Creating ...
2019-09-26 13:37:51,159 [pool-27-thread-1] INFO  storage.RaftStorageDirectory (RaftStorageDirectory.java:tryLock(328)) - Lock on /workdir/hadoop-ozone/tools/target/test-dir/MiniOzoneClusterImpl-d492c611-0ad2-4a0b-a9b3-2cc170b19582/datanode-0/data/ratis/c32de29c-338d-4e4a-bd93-855d728b83ff/in_use.lock acquired by nodename 21773@pr-hdds-1569-87zkn-1081879488
2019-09-26 13:37:51,176 [pool-27-thread-1] INFO  storage.RaftStorage (RaftStorage.java:format(72)) - Storage directory /workdir/hadoop-ozone/tools/target/test-dir/MiniOzoneClusterImpl-d492c611-0ad2-4a0b-a9b3-2cc170b19582/datanode-0/data/ratis/c32de29c-338d-4e4a-bd93-855d728b83ff has been successfully formatted.
2019-09-26 13:37:51,176 [pool-27-thread-1] INFO  ratis.ContainerStateMachine (ContainerStateMachine.java:loadSnapshot(230)) - group-855D728B83FF: The snapshot info is null. Setting the last applied indexto:(t:0, i:~)
2019-09-26 13:37:51,176 [pool-27-thread-1] INFO  server.RaftServerConfigKeys (ConfUtils.java:logGet(43)) - raft.server.notification.no-leader.timeout = 120s (custom)
2019-09-26 13:37:51,176 [pool-27-thread-1] INFO  server.RaftServerConfigKeys (ConfUtils.java:logGet(43)) - raft.server.log.use.memory = false (default)
2019-09-26 13:37:51,177 [pool-27-thread-1] INFO  server.RaftServerConfigKeys (ConfUtils.java:logGet(43)) - raft.server.log.purge.gap = 1000000 (custom)
2019-09-26 13:37:51,177 [pool-27-thread-1] INFO  server.RaftServerConfigKeys (ConfUtils.java:logGet(43)) - raft.server.log.appender.buffer.byte-limit = 33554432 (custom)
2019-09-26 13:37:51,177 [pool-27-thread-1] INFO  server.RaftServerConfigKeys (ConfUtils.java:logGet(43)) - raft.server.log.segment.size.max = 1048576 (custom)
2019-09-26 13:37:51,177 [pool-27-thread-1] INFO  server.RaftServerConfigKeys (ConfUtils.java:logGet(43)) - raft.server.log.segment.cache.num.max = 2 (custom)
2019-09-26 13:37:51,178 [pool-27-thread-1] INFO  segmented.SegmentedRaftLogWorker (SegmentedRaftLogWorker.java:<init>(172)) - new cdf4aa8b-8ba2-4318-b195-a0642de96b1e@group-855D728B83FF-SegmentedRaftLogWorker for RaftStorage:Storage Directory /workdir/hadoop-ozone/tools/target/test-dir/MiniOzoneClusterImpl-d492c611-0ad2-4a0b-a9b3-2cc170b19582/datanode-0/data/ratis/c32de29c-338d-4e4a-bd93-855d728b83ff
2019-09-26 13:37:51,178 [pool-27-thread-1] INFO  server.RaftServerConfigKeys (ConfUtils.java:logGet(43)) - raft.server.log.queue.byte-limit = 2147483647 (custom)
2019-09-26 13:37:51,178 [pool-27-thread-1] INFO  server.RaftServerConfigKeys (ConfUtils.java:logGet(43)) - raft.server.log.queue.element-limit = 1024 (custom)
2019-09-26 13:37:51,179 [pool-27-thread-1] INFO  server.RaftServerConfigKeys (ConfUtils.java:logGet(43)) - raft.server.log.segment.size.max = 1048576 (custom)
2019-09-26 13:37:51,179 [pool-27-thread-1] INFO  server.RaftServerConfigKeys (ConfUtils.java:logGet(43)) - raft.server.log.preallocated.size = 16384 (custom)
2019-09-26 13:37:51,179 [pool-27-thread-1] INFO  server.RaftServerConfigKeys (ConfUtils.java:logGet(43)) - raft.server.log.write.buffer.size = 33554432 (custom)
2019-09-26 13:37:51,179 [pool-27-thread-1] INFO  server.RaftServerConfigKeys (ConfUtils.java:logGet(43)) - raft.server.log.force.sync.num = 128 (default)
2019-09-26 13:37:51,179 [pool-27-thread-1] INFO  server.RaftServerConfigKeys (ConfUtils.java:logGet(43)) - raft.server.log.statemachine.data.sync = true (default)
2019-09-26 13:37:51,179 [pool-27-thread-1] INFO  server.RaftServerConfigKeys (ConfUtils.java:logGet(43)) - raft.server.log.statemachine.data.sync.timeout = 10s (default)
2019-09-26 13:37:51,180 [pool-27-thread-1] INFO  server.RaftServerConfigKeys (ConfUtils.java:logGet(43)) - raft.server.log.statemachine.data.sync.timeout.retry = -1 (default)
2019-09-26 13:37:51,180 [pool-27-thread-1] INFO  server.RaftServerConfigKeys (ConfUtils.java:logGet(43)) - raft.server.log.statemachine.data.caching.enabled = true (custom)
2019-09-26 13:37:51,180 [pool-27-thread-1] INFO  segmented.SegmentedRaftLogWorker (SegmentedRaftLogWorker.java:lambda$new$0(132)) - cdf4aa8b-8ba2-4318-b195-a0642de96b1e@group-855D728B83FF-SegmentedRaftLogWorker: flushIndex: setUnconditionally 0 -> -1
2019-09-26 13:37:51,181 [pool-27-thread-1] INFO  server.RaftServerConfigKeys (ConfUtils.java:logGet(43)) - raft.server.snapshot.auto.trigger.enabled = true (custom)
2019-09-26 13:37:51,181 [pool-27-thread-1] INFO  server.RaftServerConfigKeys (ConfUtils.java:logGet(43)) - raft.server.snapshot.auto.trigger.threshold = 10000 (custom)
2019-09-26 13:37:51,181 [pool-27-thread-1] INFO  server.RaftServerConfigKeys (ConfUtils.java:logGet(43)) - raft.server.snapshot.retention.num.files = 5 (custom)
2019-09-26 13:37:51,181 [pool-27-thread-1] INFO  server.RaftServerConfigKeys (ConfUtils.java:logGet(43)) - raft.server.retrycache.expirytime = 600000ms (custom)
2019-09-26 13:37:51,187 [pool-27-thread-1] INFO  impl.RaftServerImpl (RaftServerImpl.java:start(185)) - cdf4aa8b-8ba2-4318-b195-a0642de96b1e@group-855D728B83FF: start as a follower, conf=-1: [cdf4aa8b-8ba2-4318-b195-a0642de96b1e:192.168.164.238:45948], old=null
2019-09-26 13:37:51,188 [pool-27-thread-1] INFO  impl.RaftServerImpl (RaftServerImpl.java:setRole(174)) - cdf4aa8b-8ba2-4318-b195-a0642de96b1e@group-855D728B83FF: changes role from      null to FOLLOWER at term 0 for startAsFollower
2019-09-26 13:37:51,188 [pool-27-thread-1] INFO  impl.RoleInfo (RoleInfo.java:updateAndGet(143)) - cdf4aa8b-8ba2-4318-b195-a0642de96b1e: start FollowerState
2019-09-26 13:37:51,189 [pool-27-thread-1] INFO  util.JmxRegister (JmxRegister.java:tryRegister(44)) - Successfully registered JMX Bean with object name Ratis:service=RaftServer,group=group-855D728B83FF,id=cdf4aa8b-8ba2-4318-b195-a0642de96b1e
2019-09-26 13:37:51,199 [RatisPipelineUtilsThread] INFO  pipeline.PipelineStateManager (PipelineStateManager.java:addPipeline(56)) - Created pipeline Pipeline[ Id: c32de29c-338d-4e4a-bd93-855d728b83ff, Nodes: cdf4aa8b-8ba2-4318-b195-a0642de96b1e{ip: 192.168.164.238, host: pr-hdds-1569-87zkn-1081879488, networkLocation: /default-rack, certSerialId: null}, Type:RATIS, Factor:ONE, State:OPEN]
2019-09-26 13:37:51,216 [grpc-default-executor-0] INFO  impl.RaftServerProxy (RaftServerProxy.java:addNew(89)) - 3eabf511-42f2-4021-89ea-f049958471c8: addNew group-19B87C7C1DC7:[3eabf511-42f2-4021-89ea-f049958471c8:192.168.164.238:39308] returns group-19B87C7C1DC7:java.util.concurrent.CompletableFuture@1eb45c68[Not completed]
2019-09-26 13:37:51,218 [pool-57-thread-1] INFO  impl.RaftServerImpl (RaftServerImpl.java:<init>(95)) - 3eabf511-42f2-4021-89ea-f049958471c8: new RaftServerImpl for group-19B87C7C1DC7:[3eabf511-42f2-4021-89ea-f049958471c8:192.168.164.238:39308] with ContainerStateMachine:uninitialized
2019-09-26 13:37:51,218 [pool-57-thread-1] INFO  server.RaftServerConfigKeys (ConfUtils.java:logGet(43)) - raft.server.rpc.timeout.min = 5s (custom)
2019-09-26 13:37:51,219 [pool-57-thread-1] INFO  server.RaftServerConfigKeys (ConfUtils.java:logGet(43)) - raft.server.rpc.timeout.max = 5200ms (custom)
2019-09-26 13:37:51,219 [pool-57-thread-1] INFO  server.RaftServerConfigKeys (ConfUtils.java:logGet(43)) - raft.server.rpcslowness.timeout = 120s (custom)
2019-09-26 13:37:51,219 [pool-57-thread-1] INFO  server.RaftServerConfigKeys (ConfUtils.java:logGet(43)) - raft.server.sleep.deviation.threshold = 300 (default)
2019-09-26 13:37:51,219 [pool-57-thread-1] INFO  server.RaftServerConfigKeys (ConfUtils.java:logGet(43)) - raft.server.log.appender.install.snapshot.enabled = false (custom)
2019-09-26 13:37:51,219 [pool-57-thread-1] INFO  impl.RaftServerImpl (ServerState.java:<init>(103)) - 3eabf511-42f2-4021-89ea-f049958471c8@group-19B87C7C1DC7: ConfigurationManager, init=-1: [3eabf511-42f2-4021-89ea-f049958471c8:192.168.164.238:39308], old=null, confs=<EMPTY_MAP>
2019-09-26 13:37:51,219 [pool-57-thread-1] INFO  server.RaftServerConfigKeys (ConfUtils.java:logGet(43)) - raft.server.storage.dir = [/workdir/hadoop-ozone/tools/target/test-dir/MiniOzoneClusterImpl-d492c611-0ad2-4a0b-a9b3-2cc170b19582/datanode-3/data/ratis] (custom)
2019-09-26 13:37:51,220 [pool-57-thread-1] INFO  storage.RaftStorageDirectory (RaftStorageDirectory.java:analyzeStorage(246)) - The storage directory /workdir/hadoop-ozone/tools/target/test-dir/MiniOzoneClusterImpl-d492c611-0ad2-4a0b-a9b3-2cc170b19582/datanode-3/data/ratis/ebda0e8c-9b80-469a-9b42-19b87c7c1dc7 does not exist. Creating ...
2019-09-26 13:37:51,232 [pool-57-thread-1] INFO  storage.RaftStorageDirectory (RaftStorageDirectory.java:tryLock(328)) - Lock on /workdir/hadoop-ozone/tools/target/test-dir/MiniOzoneClusterImpl-d492c611-0ad2-4a0b-a9b3-2cc170b19582/datanode-3/data/ratis/ebda0e8c-9b80-469a-9b42-19b87c7c1dc7/in_use.lock acquired by nodename 21773@pr-hdds-1569-87zkn-1081879488
2019-09-26 13:37:51,245 [pool-57-thread-1] INFO  storage.RaftStorage (RaftStorage.java:format(72)) - Storage directory /workdir/hadoop-ozone/tools/target/test-dir/MiniOzoneClusterImpl-d492c611-0ad2-4a0b-a9b3-2cc170b19582/datanode-3/data/ratis/ebda0e8c-9b80-469a-9b42-19b87c7c1dc7 has been successfully formatted.
2019-09-26 13:37:51,245 [pool-57-thread-1] INFO  ratis.ContainerStateMachine (ContainerStateMachine.java:loadSnapshot(230)) - group-19B87C7C1DC7: The snapshot info is null. Setting the last applied indexto:(t:0, i:~)
2019-09-26 13:37:51,245 [pool-57-thread-1] INFO  server.RaftServerConfigKeys (ConfUtils.java:logGet(43)) - raft.server.notification.no-leader.timeout = 120s (custom)
2019-09-26 13:37:51,245 [pool-57-thread-1] INFO  server.RaftServerConfigKeys (ConfUtils.java:logGet(43)) - raft.server.log.use.memory = false (default)
2019-09-26 13:37:51,246 [pool-57-thread-1] INFO  server.RaftServerConfigKeys (ConfUtils.java:logGet(43)) - raft.server.log.purge.gap = 1000000 (custom)
2019-09-26 13:37:51,246 [pool-57-thread-1] INFO  server.RaftServerConfigKeys (ConfUtils.java:logGet(43)) - raft.server.log.appender.buffer.byte-limit = 33554432 (custom)
2019-09-26 13:37:51,246 [pool-57-thread-1] INFO  server.RaftServerConfigKeys (ConfUtils.java:logGet(43)) - raft.server.log.segment.size.max = 1048576 (custom)
2019-09-26 13:37:51,246 [pool-57-thread-1] INFO  server.RaftServerConfigKeys (ConfUtils.java:logGet(43)) - raft.server.log.segment.cache.num.max = 2 (custom)
2019-09-26 13:37:51,246 [pool-57-thread-1] INFO  segmented.SegmentedRaftLogWorker (SegmentedRaftLogWorker.java:<init>(172)) - new 3eabf511-42f2-4021-89ea-f049958471c8@group-19B87C7C1DC7-SegmentedRaftLogWorker for RaftStorage:Storage Directory /workdir/hadoop-ozone/tools/target/test-dir/MiniOzoneClusterImpl-d492c611-0ad2-4a0b-a9b3-2cc170b19582/datanode-3/data/ratis/ebda0e8c-9b80-469a-9b42-19b87c7c1dc7
2019-09-26 13:37:51,246 [pool-57-thread-1] INFO  server.RaftServerConfigKeys (ConfUtils.java:logGet(43)) - raft.server.log.queue.byte-limit = 2147483647 (custom)
2019-09-26 13:37:51,246 [pool-57-thread-1] INFO  server.RaftServerConfigKeys (ConfUtils.java:logGet(43)) - raft.server.log.queue.element-limit = 1024 (custom)
2019-09-26 13:37:51,247 [pool-57-thread-1] INFO  server.RaftServerConfigKeys (ConfUtils.java:logGet(43)) - raft.server.log.segment.size.max = 1048576 (custom)
2019-09-26 13:37:51,247 [pool-57-thread-1] INFO  server.RaftServerConfigKeys (ConfUtils.java:logGet(43)) - raft.server.log.preallocated.size = 16384 (custom)
2019-09-26 13:37:51,247 [pool-57-thread-1] INFO  server.RaftServerConfigKeys (ConfUtils.java:logGet(43)) - raft.server.log.write.buffer.size = 33554432 (custom)
2019-09-26 13:37:51,247 [pool-57-thread-1] INFO  server.RaftServerConfigKeys (ConfUtils.java:logGet(43)) - raft.server.log.force.sync.num = 128 (default)
2019-09-26 13:37:51,247 [pool-57-thread-1] INFO  server.RaftServerConfigKeys (ConfUtils.java:logGet(43)) - raft.server.log.statemachine.data.sync = true (default)
2019-09-26 13:37:51,247 [pool-57-thread-1] INFO  server.RaftServerConfigKeys (ConfUtils.java:logGet(43)) - raft.server.log.statemachine.data.sync.timeout = 10s (default)
2019-09-26 13:37:51,247 [pool-57-thread-1] INFO  server.RaftServerConfigKeys (ConfUtils.java:logGet(43)) - raft.server.log.statemachine.data.sync.timeout.retry = -1 (default)
2019-09-26 13:37:51,248 [pool-57-thread-1] INFO  server.RaftServerConfigKeys (ConfUtils.java:logGet(43)) - raft.server.log.statemachine.data.caching.enabled = true (custom)
2019-09-26 13:37:51,248 [pool-57-thread-1] INFO  segmented.SegmentedRaftLogWorker (SegmentedRaftLogWorker.java:lambda$new$0(132)) - 3eabf511-42f2-4021-89ea-f049958471c8@group-19B87C7C1DC7-SegmentedRaftLogWorker: flushIndex: setUnconditionally 0 -> -1
2019-09-26 13:37:51,248 [pool-57-thread-1] INFO  server.RaftServerConfigKeys (ConfUtils.java:logGet(43)) - raft.server.snapshot.auto.trigger.enabled = true (custom)
2019-09-26 13:37:51,248 [pool-57-thread-1] INFO  server.RaftServerConfigKeys (ConfUtils.java:logGet(43)) - raft.server.snapshot.auto.trigger.threshold = 10000 (custom)
2019-09-26 13:37:51,248 [pool-57-thread-1] INFO  server.RaftServerConfigKeys (ConfUtils.java:logGet(43)) - raft.server.snapshot.retention.num.files = 5 (custom)
2019-09-26 13:37:51,249 [pool-57-thread-1] INFO  server.RaftServerConfigKeys (ConfUtils.java:logGet(43)) - raft.server.retrycache.expirytime = 600000ms (custom)
2019-09-26 13:37:51,252 [pool-57-thread-1] INFO  impl.RaftServerImpl (RaftServerImpl.java:start(185)) - 3eabf511-42f2-4021-89ea-f049958471c8@group-19B87C7C1DC7: start as a follower, conf=-1: [3eabf511-42f2-4021-89ea-f049958471c8:192.168.164.238:39308], old=null
2019-09-26 13:37:51,252 [pool-57-thread-1] INFO  impl.RaftServerImpl (RaftServerImpl.java:setRole(174)) - 3eabf511-42f2-4021-89ea-f049958471c8@group-19B87C7C1DC7: changes role from      null to FOLLOWER at term 0 for startAsFollower
2019-09-26 13:37:51,252 [pool-57-thread-1] INFO  impl.RoleInfo (RoleInfo.java:updateAndGet(143)) - 3eabf511-42f2-4021-89ea-f049958471c8: start FollowerState
2019-09-26 13:37:51,252 [pool-57-thread-1] INFO  util.JmxRegister (JmxRegister.java:tryRegister(44)) - Successfully registered JMX Bean with object name Ratis:service=RaftServer,group=group-19B87C7C1DC7,id=3eabf511-42f2-4021-89ea-f049958471c8
2019-09-26 13:37:51,265 [RatisPipelineUtilsThread] INFO  pipeline.PipelineStateManager (PipelineStateManager.java:addPipeline(56)) - Created pipeline Pipeline[ Id: ebda0e8c-9b80-469a-9b42-19b87c7c1dc7, Nodes: 3eabf511-42f2-4021-89ea-f049958471c8{ip: 192.168.164.238, host: pr-hdds-1569-87zkn-1081879488, networkLocation: /default-rack, certSerialId: null}, Type:RATIS, Factor:ONE, State:OPEN]
2019-09-26 13:37:51,282 [grpc-default-executor-0] INFO  impl.RaftServerProxy (RaftServerProxy.java:addNew(89)) - 3557bb53-8e52-4f49-8c22-7e13e7d0c46b: addNew group-9B61112DF356:[3557bb53-8e52-4f49-8c22-7e13e7d0c46b:192.168.164.238:39348] returns group-9B61112DF356:java.util.concurrent.CompletableFuture@29f9c461[Not completed]
2019-09-26 13:37:51,286 [pool-67-thread-1] INFO  impl.RaftServerImpl (RaftServerImpl.java:<init>(95)) - 3557bb53-8e52-4f49-8c22-7e13e7d0c46b: new RaftServerImpl for group-9B61112DF356:[3557bb53-8e52-4f49-8c22-7e13e7d0c46b:192.168.164.238:39348] with ContainerStateMachine:uninitialized
2019-09-26 13:37:51,286 [pool-67-thread-1] INFO  server.RaftServerConfigKeys (ConfUtils.java:logGet(43)) - raft.server.rpc.timeout.min = 5s (custom)
2019-09-26 13:37:51,286 [pool-67-thread-1] INFO  server.RaftServerConfigKeys (ConfUtils.java:logGet(43)) - raft.server.rpc.timeout.max = 5200ms (custom)
2019-09-26 13:37:51,286 [pool-67-thread-1] INFO  server.RaftServerConfigKeys (ConfUtils.java:logGet(43)) - raft.server.rpcslowness.timeout = 120s (custom)
2019-09-26 13:37:51,287 [pool-67-thread-1] INFO  server.RaftServerConfigKeys (ConfUtils.java:logGet(43)) - raft.server.sleep.deviation.threshold = 300 (default)
2019-09-26 13:37:51,287 [pool-67-thread-1] INFO  server.RaftServerConfigKeys (ConfUtils.java:logGet(43)) - raft.server.log.appender.install.snapshot.enabled = false (custom)
2019-09-26 13:37:51,287 [pool-67-thread-1] INFO  impl.RaftServerImpl (ServerState.java:<init>(103)) - 3557bb53-8e52-4f49-8c22-7e13e7d0c46b@group-9B61112DF356: ConfigurationManager, init=-1: [3557bb53-8e52-4f49-8c22-7e13e7d0c46b:192.168.164.238:39348], old=null, confs=<EMPTY_MAP>
2019-09-26 13:37:51,287 [pool-67-thread-1] INFO  server.RaftServerConfigKeys (ConfUtils.java:logGet(43)) - raft.server.storage.dir = [/workdir/hadoop-ozone/tools/target/test-dir/MiniOzoneClusterImpl-d492c611-0ad2-4a0b-a9b3-2cc170b19582/datanode-4/data/ratis] (custom)
2019-09-26 13:37:51,288 [pool-67-thread-1] INFO  storage.RaftStorageDirectory (RaftStorageDirectory.java:analyzeStorage(246)) - The storage directory /workdir/hadoop-ozone/tools/target/test-dir/MiniOzoneClusterImpl-d492c611-0ad2-4a0b-a9b3-2cc170b19582/datanode-4/data/ratis/df4be8a5-58a3-4e2b-bdef-9b61112df356 does not exist. Creating ...
2019-09-26 13:37:51,301 [pool-67-thread-1] INFO  storage.RaftStorageDirectory (RaftStorageDirectory.java:tryLock(328)) - Lock on /workdir/hadoop-ozone/tools/target/test-dir/MiniOzoneClusterImpl-d492c611-0ad2-4a0b-a9b3-2cc170b19582/datanode-4/data/ratis/df4be8a5-58a3-4e2b-bdef-9b61112df356/in_use.lock acquired by nodename 21773@pr-hdds-1569-87zkn-1081879488
2019-09-26 13:37:51,313 [pool-67-thread-1] INFO  storage.RaftStorage (RaftStorage.java:format(72)) - Storage directory /workdir/hadoop-ozone/tools/target/test-dir/MiniOzoneClusterImpl-d492c611-0ad2-4a0b-a9b3-2cc170b19582/datanode-4/data/ratis/df4be8a5-58a3-4e2b-bdef-9b61112df356 has been successfully formatted.
2019-09-26 13:37:51,314 [pool-67-thread-1] INFO  ratis.ContainerStateMachine (ContainerStateMachine.java:loadSnapshot(230)) - group-9B61112DF356: The snapshot info is null. Setting the last applied indexto:(t:0, i:~)
2019-09-26 13:37:51,314 [pool-67-thread-1] INFO  server.RaftServerConfigKeys (ConfUtils.java:logGet(43)) - raft.server.notification.no-leader.timeout = 120s (custom)
2019-09-26 13:37:51,314 [pool-67-thread-1] INFO  server.RaftServerConfigKeys (ConfUtils.java:logGet(43)) - raft.server.log.use.memory = false (default)
2019-09-26 13:37:51,314 [pool-67-thread-1] INFO  server.RaftServerConfigKeys (ConfUtils.java:logGet(43)) - raft.server.log.purge.gap = 1000000 (custom)
2019-09-26 13:37:51,314 [pool-67-thread-1] INFO  server.RaftServerConfigKeys (ConfUtils.java:logGet(43)) - raft.server.log.appender.buffer.byte-limit = 33554432 (custom)
2019-09-26 13:37:51,315 [pool-67-thread-1] INFO  server.RaftServerConfigKeys (ConfUtils.java:logGet(43)) - raft.server.log.segment.size.max = 1048576 (custom)
2019-09-26 13:37:51,315 [pool-67-thread-1] INFO  server.RaftServerConfigKeys (ConfUtils.java:logGet(43)) - raft.server.log.segment.cache.num.max = 2 (custom)
2019-09-26 13:37:51,315 [pool-67-thread-1] INFO  segmented.SegmentedRaftLogWorker (SegmentedRaftLogWorker.java:<init>(172)) - new 3557bb53-8e52-4f49-8c22-7e13e7d0c46b@group-9B61112DF356-SegmentedRaftLogWorker for RaftStorage:Storage Directory /workdir/hadoop-ozone/tools/target/test-dir/MiniOzoneClusterImpl-d492c611-0ad2-4a0b-a9b3-2cc170b19582/datanode-4/data/ratis/df4be8a5-58a3-4e2b-bdef-9b61112df356
2019-09-26 13:37:51,319 [pool-67-thread-1] INFO  server.RaftServerConfigKeys (ConfUtils.java:logGet(43)) - raft.server.log.queue.byte-limit = 2147483647 (custom)
2019-09-26 13:37:51,319 [pool-67-thread-1] INFO  server.RaftServerConfigKeys (ConfUtils.java:logGet(43)) - raft.server.log.queue.element-limit = 1024 (custom)
2019-09-26 13:37:51,320 [pool-67-thread-1] INFO  server.RaftServerConfigKeys (ConfUtils.java:logGet(43)) - raft.server.log.segment.size.max = 1048576 (custom)
2019-09-26 13:37:51,320 [pool-67-thread-1] INFO  server.RaftServerConfigKeys (ConfUtils.java:logGet(43)) - raft.server.log.preallocated.size = 16384 (custom)
2019-09-26 13:37:51,320 [pool-67-thread-1] INFO  server.RaftServerConfigKeys (ConfUtils.java:logGet(43)) - raft.server.log.write.buffer.size = 33554432 (custom)
2019-09-26 13:37:51,320 [pool-67-thread-1] INFO  server.RaftServerConfigKeys (ConfUtils.java:logGet(43)) - raft.server.log.force.sync.num = 128 (default)
2019-09-26 13:37:51,320 [pool-67-thread-1] INFO  server.RaftServerConfigKeys (ConfUtils.java:logGet(43)) - raft.server.log.statemachine.data.sync = true (default)
2019-09-26 13:37:51,320 [pool-67-thread-1] INFO  server.RaftServerConfigKeys (ConfUtils.java:logGet(43)) - raft.server.log.statemachine.data.sync.timeout = 10s (default)
2019-09-26 13:37:51,321 [pool-67-thread-1] INFO  server.RaftServerConfigKeys (ConfUtils.java:logGet(43)) - raft.server.log.statemachine.data.sync.timeout.retry = -1 (default)
2019-09-26 13:37:51,321 [pool-67-thread-1] INFO  server.RaftServerConfigKeys (ConfUtils.java:logGet(43)) - raft.server.log.statemachine.data.caching.enabled = true (custom)
2019-09-26 13:37:51,321 [pool-67-thread-1] INFO  segmented.SegmentedRaftLogWorker (SegmentedRaftLogWorker.java:lambda$new$0(132)) - 3557bb53-8e52-4f49-8c22-7e13e7d0c46b@group-9B61112DF356-SegmentedRaftLogWorker: flushIndex: setUnconditionally 0 -> -1
2019-09-26 13:37:51,322 [pool-67-thread-1] INFO  server.RaftServerConfigKeys (ConfUtils.java:logGet(43)) - raft.server.snapshot.auto.trigger.enabled = true (custom)
2019-09-26 13:37:51,322 [pool-67-thread-1] INFO  server.RaftServerConfigKeys (ConfUtils.java:logGet(43)) - raft.server.snapshot.auto.trigger.threshold = 10000 (custom)
2019-09-26 13:37:51,322 [pool-67-thread-1] INFO  server.RaftServerConfigKeys (ConfUtils.java:logGet(43)) - raft.server.snapshot.retention.num.files = 5 (custom)
2019-09-26 13:37:51,322 [pool-67-thread-1] INFO  server.RaftServerConfigKeys (ConfUtils.java:logGet(43)) - raft.server.retrycache.expirytime = 600000ms (custom)
2019-09-26 13:37:51,326 [pool-67-thread-1] INFO  impl.RaftServerImpl (RaftServerImpl.java:start(185)) - 3557bb53-8e52-4f49-8c22-7e13e7d0c46b@group-9B61112DF356: start as a follower, conf=-1: [3557bb53-8e52-4f49-8c22-7e13e7d0c46b:192.168.164.238:39348], old=null
2019-09-26 13:37:51,326 [pool-67-thread-1] INFO  impl.RaftServerImpl (RaftServerImpl.java:setRole(174)) - 3557bb53-8e52-4f49-8c22-7e13e7d0c46b@group-9B61112DF356: changes role from      null to FOLLOWER at term 0 for startAsFollower
2019-09-26 13:37:51,326 [pool-67-thread-1] INFO  impl.RoleInfo (RoleInfo.java:updateAndGet(143)) - 3557bb53-8e52-4f49-8c22-7e13e7d0c46b: start FollowerState
2019-09-26 13:37:51,326 [pool-67-thread-1] INFO  util.JmxRegister (JmxRegister.java:tryRegister(44)) - Successfully registered JMX Bean with object name Ratis:service=RaftServer,group=group-9B61112DF356,id=3557bb53-8e52-4f49-8c22-7e13e7d0c46b
2019-09-26 13:37:51,330 [main] INFO  ozone.MiniOzoneClusterImpl (MiniOzoneClusterImpl.java:lambda$waitForClusterToBeReady$0(147)) - Cluster is ready. Got 5 of 5 DN Heartbeats.
2019-09-26 13:37:51,343 [RatisPipelineUtilsThread] INFO  pipeline.PipelineStateManager (PipelineStateManager.java:addPipeline(56)) - Created pipeline Pipeline[ Id: df4be8a5-58a3-4e2b-bdef-9b61112df356, Nodes: 3557bb53-8e52-4f49-8c22-7e13e7d0c46b{ip: 192.168.164.238, host: pr-hdds-1569-87zkn-1081879488, networkLocation: /default-rack, certSerialId: null}, Type:RATIS, Factor:ONE, State:OPEN]
2019-09-26 13:37:51,359 [grpc-default-executor-0] INFO  impl.RaftServerProxy (RaftServerProxy.java:addNew(89)) - 07946d80-9a5e-4ca8-81a5-a2e240cd3767: addNew group-707A7AC701A1:[07946d80-9a5e-4ca8-81a5-a2e240cd3767:192.168.164.238:37441] returns group-707A7AC701A1:java.util.concurrent.CompletableFuture@3f879897[Not completed]
2019-09-26 13:37:51,361 [pool-37-thread-1] INFO  impl.RaftServerImpl (RaftServerImpl.java:<init>(95)) - 07946d80-9a5e-4ca8-81a5-a2e240cd3767: new RaftServerImpl for group-707A7AC701A1:[07946d80-9a5e-4ca8-81a5-a2e240cd3767:192.168.164.238:37441] with ContainerStateMachine:uninitialized
2019-09-26 13:37:51,361 [pool-37-thread-1] INFO  server.RaftServerConfigKeys (ConfUtils.java:logGet(43)) - raft.server.rpc.timeout.min = 5s (custom)
2019-09-26 13:37:51,362 [pool-37-thread-1] INFO  server.RaftServerConfigKeys (ConfUtils.java:logGet(43)) - raft.server.rpc.timeout.max = 5200ms (custom)
2019-09-26 13:37:51,362 [pool-37-thread-1] INFO  server.RaftServerConfigKeys (ConfUtils.java:logGet(43)) - raft.server.rpcslowness.timeout = 120s (custom)
2019-09-26 13:37:51,362 [pool-37-thread-1] INFO  server.RaftServerConfigKeys (ConfUtils.java:logGet(43)) - raft.server.sleep.deviation.threshold = 300 (default)
2019-09-26 13:37:51,362 [pool-37-thread-1] INFO  server.RaftServerConfigKeys (ConfUtils.java:logGet(43)) - raft.server.log.appender.install.snapshot.enabled = false (custom)
2019-09-26 13:37:51,362 [pool-37-thread-1] INFO  impl.RaftServerImpl (ServerState.java:<init>(103)) - 07946d80-9a5e-4ca8-81a5-a2e240cd3767@group-707A7AC701A1: ConfigurationManager, init=-1: [07946d80-9a5e-4ca8-81a5-a2e240cd3767:192.168.164.238:37441], old=null, confs=<EMPTY_MAP>
2019-09-26 13:37:51,362 [pool-37-thread-1] INFO  server.RaftServerConfigKeys (ConfUtils.java:logGet(43)) - raft.server.storage.dir = [/workdir/hadoop-ozone/tools/target/test-dir/MiniOzoneClusterImpl-d492c611-0ad2-4a0b-a9b3-2cc170b19582/datanode-1/data/ratis] (custom)
2019-09-26 13:37:51,363 [pool-37-thread-1] INFO  storage.RaftStorageDirectory (RaftStorageDirectory.java:analyzeStorage(246)) - The storage directory /workdir/hadoop-ozone/tools/target/test-dir/MiniOzoneClusterImpl-d492c611-0ad2-4a0b-a9b3-2cc170b19582/datanode-1/data/ratis/0f151436-846b-4dfa-ae7e-707a7ac701a1 does not exist. Creating ...
2019-09-26 13:37:51,375 [pool-37-thread-1] INFO  storage.RaftStorageDirectory (RaftStorageDirectory.java:tryLock(328)) - Lock on /workdir/hadoop-ozone/tools/target/test-dir/MiniOzoneClusterImpl-d492c611-0ad2-4a0b-a9b3-2cc170b19582/datanode-1/data/ratis/0f151436-846b-4dfa-ae7e-707a7ac701a1/in_use.lock acquired by nodename 21773@pr-hdds-1569-87zkn-1081879488
2019-09-26 13:37:51,388 [pool-37-thread-1] INFO  storage.RaftStorage (RaftStorage.java:format(72)) - Storage directory /workdir/hadoop-ozone/tools/target/test-dir/MiniOzoneClusterImpl-d492c611-0ad2-4a0b-a9b3-2cc170b19582/datanode-1/data/ratis/0f151436-846b-4dfa-ae7e-707a7ac701a1 has been successfully formatted.
2019-09-26 13:37:51,388 [pool-37-thread-1] INFO  ratis.ContainerStateMachine (ContainerStateMachine.java:loadSnapshot(230)) - group-707A7AC701A1: The snapshot info is null. Setting the last applied indexto:(t:0, i:~)
2019-09-26 13:37:51,388 [pool-37-thread-1] INFO  server.RaftServerConfigKeys (ConfUtils.java:logGet(43)) - raft.server.notification.no-leader.timeout = 120s (custom)
2019-09-26 13:37:51,389 [pool-37-thread-1] INFO  server.RaftServerConfigKeys (ConfUtils.java:logGet(43)) - raft.server.log.use.memory = false (default)
2019-09-26 13:37:51,389 [pool-37-thread-1] INFO  server.RaftServerConfigKeys (ConfUtils.java:logGet(43)) - raft.server.log.purge.gap = 1000000 (custom)
2019-09-26 13:37:51,389 [pool-37-thread-1] INFO  server.RaftServerConfigKeys (ConfUtils.java:logGet(43)) - raft.server.log.appender.buffer.byte-limit = 33554432 (custom)
2019-09-26 13:37:51,389 [pool-37-thread-1] INFO  server.RaftServerConfigKeys (ConfUtils.java:logGet(43)) - raft.server.log.segment.size.max = 1048576 (custom)
2019-09-26 13:37:51,389 [pool-37-thread-1] INFO  server.RaftServerConfigKeys (ConfUtils.java:logGet(43)) - raft.server.log.segment.cache.num.max = 2 (custom)
2019-09-26 13:37:51,389 [pool-37-thread-1] INFO  segmented.SegmentedRaftLogWorker (SegmentedRaftLogWorker.java:<init>(172)) - new 07946d80-9a5e-4ca8-81a5-a2e240cd3767@group-707A7AC701A1-SegmentedRaftLogWorker for RaftStorage:Storage Directory /workdir/hadoop-ozone/tools/target/test-dir/MiniOzoneClusterImpl-d492c611-0ad2-4a0b-a9b3-2cc170b19582/datanode-1/data/ratis/0f151436-846b-4dfa-ae7e-707a7ac701a1
2019-09-26 13:37:51,392 [pool-37-thread-1] INFO  server.RaftServerConfigKeys (ConfUtils.java:logGet(43)) - raft.server.log.queue.byte-limit = 2147483647 (custom)
2019-09-26 13:37:51,392 [pool-37-thread-1] INFO  server.RaftServerConfigKeys (ConfUtils.java:logGet(43)) - raft.server.log.queue.element-limit = 1024 (custom)
2019-09-26 13:37:51,393 [pool-37-thread-1] INFO  server.RaftServerConfigKeys (ConfUtils.java:logGet(43)) - raft.server.log.segment.size.max = 1048576 (custom)
2019-09-26 13:37:51,393 [pool-37-thread-1] INFO  server.RaftServerConfigKeys (ConfUtils.java:logGet(43)) - raft.server.log.preallocated.size = 16384 (custom)
2019-09-26 13:37:51,393 [pool-37-thread-1] INFO  server.RaftServerConfigKeys (ConfUtils.java:logGet(43)) - raft.server.log.write.buffer.size = 33554432 (custom)
2019-09-26 13:37:51,393 [pool-37-thread-1] INFO  server.RaftServerConfigKeys (ConfUtils.java:logGet(43)) - raft.server.log.force.sync.num = 128 (default)
2019-09-26 13:37:51,393 [pool-37-thread-1] INFO  server.RaftServerConfigKeys (ConfUtils.java:logGet(43)) - raft.server.log.statemachine.data.sync = true (default)
2019-09-26 13:37:51,393 [pool-37-thread-1] INFO  server.RaftServerConfigKeys (ConfUtils.java:logGet(43)) - raft.server.log.statemachine.data.sync.timeout = 10s (default)
2019-09-26 13:37:51,393 [pool-37-thread-1] INFO  server.RaftServerConfigKeys (ConfUtils.java:logGet(43)) - raft.server.log.statemachine.data.sync.timeout.retry = -1 (default)
2019-09-26 13:37:51,394 [pool-37-thread-1] INFO  server.RaftServerConfigKeys (ConfUtils.java:logGet(43)) - raft.server.log.statemachine.data.caching.enabled = true (custom)
2019-09-26 13:37:51,394 [pool-37-thread-1] INFO  segmented.SegmentedRaftLogWorker (SegmentedRaftLogWorker.java:lambda$new$0(132)) - 07946d80-9a5e-4ca8-81a5-a2e240cd3767@group-707A7AC701A1-SegmentedRaftLogWorker: flushIndex: setUnconditionally 0 -> -1
2019-09-26 13:37:51,394 [pool-37-thread-1] INFO  server.RaftServerConfigKeys (ConfUtils.java:logGet(43)) - raft.server.snapshot.auto.trigger.enabled = true (custom)
2019-09-26 13:37:51,394 [pool-37-thread-1] INFO  server.RaftServerConfigKeys (ConfUtils.java:logGet(43)) - raft.server.snapshot.auto.trigger.threshold = 10000 (custom)
2019-09-26 13:37:51,394 [pool-37-thread-1] INFO  server.RaftServerConfigKeys (ConfUtils.java:logGet(43)) - raft.server.snapshot.retention.num.files = 5 (custom)
2019-09-26 13:37:51,395 [pool-37-thread-1] INFO  server.RaftServerConfigKeys (ConfUtils.java:logGet(43)) - raft.server.retrycache.expirytime = 600000ms (custom)
2019-09-26 13:37:51,397 [pool-37-thread-1] INFO  impl.RaftServerImpl (RaftServerImpl.java:start(185)) - 07946d80-9a5e-4ca8-81a5-a2e240cd3767@group-707A7AC701A1: start as a follower, conf=-1: [07946d80-9a5e-4ca8-81a5-a2e240cd3767:192.168.164.238:37441], old=null
2019-09-26 13:37:51,398 [pool-37-thread-1] INFO  impl.RaftServerImpl (RaftServerImpl.java:setRole(174)) - 07946d80-9a5e-4ca8-81a5-a2e240cd3767@group-707A7AC701A1: changes role from      null to FOLLOWER at term 0 for startAsFollower
2019-09-26 13:37:51,398 [pool-37-thread-1] INFO  impl.RoleInfo (RoleInfo.java:updateAndGet(143)) - 07946d80-9a5e-4ca8-81a5-a2e240cd3767: start FollowerState
2019-09-26 13:37:51,398 [pool-37-thread-1] INFO  util.JmxRegister (JmxRegister.java:tryRegister(44)) - Successfully registered JMX Bean with object name Ratis:service=RaftServer,group=group-707A7AC701A1,id=07946d80-9a5e-4ca8-81a5-a2e240cd3767
2019-09-26 13:37:51,409 [RatisPipelineUtilsThread] INFO  pipeline.PipelineStateManager (PipelineStateManager.java:addPipeline(56)) - Created pipeline Pipeline[ Id: 0f151436-846b-4dfa-ae7e-707a7ac701a1, Nodes: 07946d80-9a5e-4ca8-81a5-a2e240cd3767{ip: 192.168.164.238, host: pr-hdds-1569-87zkn-1081879488, networkLocation: /default-rack, certSerialId: null}, Type:RATIS, Factor:ONE, State:OPEN]
2019-09-26 13:37:51,423 [grpc-default-executor-0] INFO  impl.RaftServerProxy (RaftServerProxy.java:addNew(89)) - 07946d80-9a5e-4ca8-81a5-a2e240cd3767: addNew group-A1FAB9181C7B:[07946d80-9a5e-4ca8-81a5-a2e240cd3767:192.168.164.238:37441] returns group-A1FAB9181C7B:java.util.concurrent.CompletableFuture@59780b2d[Not completed]
2019-09-26 13:37:51,424 [pool-37-thread-1] INFO  impl.RaftServerImpl (RaftServerImpl.java:<init>(95)) - 07946d80-9a5e-4ca8-81a5-a2e240cd3767: new RaftServerImpl for group-A1FAB9181C7B:[07946d80-9a5e-4ca8-81a5-a2e240cd3767:192.168.164.238:37441] with ContainerStateMachine:uninitialized
2019-09-26 13:37:51,424 [pool-37-thread-1] INFO  server.RaftServerConfigKeys (ConfUtils.java:logGet(43)) - raft.server.rpc.timeout.min = 5s (custom)
2019-09-26 13:37:51,424 [pool-37-thread-1] INFO  server.RaftServerConfigKeys (ConfUtils.java:logGet(43)) - raft.server.rpc.timeout.max = 5200ms (custom)
2019-09-26 13:37:51,424 [pool-37-thread-1] INFO  server.RaftServerConfigKeys (ConfUtils.java:logGet(43)) - raft.server.rpcslowness.timeout = 120s (custom)
2019-09-26 13:37:51,425 [pool-37-thread-1] INFO  server.RaftServerConfigKeys (ConfUtils.java:logGet(43)) - raft.server.sleep.deviation.threshold = 300 (default)
2019-09-26 13:37:51,425 [pool-37-thread-1] INFO  server.RaftServerConfigKeys (ConfUtils.java:logGet(43)) - raft.server.log.appender.install.snapshot.enabled = false (custom)
2019-09-26 13:37:51,425 [pool-37-thread-1] INFO  impl.RaftServerImpl (ServerState.java:<init>(103)) - 07946d80-9a5e-4ca8-81a5-a2e240cd3767@group-A1FAB9181C7B: ConfigurationManager, init=-1: [07946d80-9a5e-4ca8-81a5-a2e240cd3767:192.168.164.238:37441], old=null, confs=<EMPTY_MAP>
2019-09-26 13:37:51,425 [pool-37-thread-1] INFO  server.RaftServerConfigKeys (ConfUtils.java:logGet(43)) - raft.server.storage.dir = [/workdir/hadoop-ozone/tools/target/test-dir/MiniOzoneClusterImpl-d492c611-0ad2-4a0b-a9b3-2cc170b19582/datanode-1/data/ratis] (custom)
2019-09-26 13:37:51,425 [pool-37-thread-1] INFO  storage.RaftStorageDirectory (RaftStorageDirectory.java:analyzeStorage(246)) - The storage directory /workdir/hadoop-ozone/tools/target/test-dir/MiniOzoneClusterImpl-d492c611-0ad2-4a0b-a9b3-2cc170b19582/datanode-1/data/ratis/070882a0-3dde-45f7-b8ea-a1fab9181c7b does not exist. Creating ...
2019-09-26 13:37:51,451 [pool-37-thread-1] INFO  storage.RaftStorageDirectory (RaftStorageDirectory.java:tryLock(328)) - Lock on /workdir/hadoop-ozone/tools/target/test-dir/MiniOzoneClusterImpl-d492c611-0ad2-4a0b-a9b3-2cc170b19582/datanode-1/data/ratis/070882a0-3dde-45f7-b8ea-a1fab9181c7b/in_use.lock acquired by nodename 21773@pr-hdds-1569-87zkn-1081879488
2019-09-26 13:37:51,465 [pool-37-thread-1] INFO  storage.RaftStorage (RaftStorage.java:format(72)) - Storage directory /workdir/hadoop-ozone/tools/target/test-dir/MiniOzoneClusterImpl-d492c611-0ad2-4a0b-a9b3-2cc170b19582/datanode-1/data/ratis/070882a0-3dde-45f7-b8ea-a1fab9181c7b has been successfully formatted.
2019-09-26 13:37:51,465 [pool-37-thread-1] INFO  ratis.ContainerStateMachine (ContainerStateMachine.java:loadSnapshot(230)) - group-A1FAB9181C7B: The snapshot info is null. Setting the last applied indexto:(t:0, i:~)
2019-09-26 13:37:51,465 [pool-37-thread-1] INFO  server.RaftServerConfigKeys (ConfUtils.java:logGet(43)) - raft.server.notification.no-leader.timeout = 120s (custom)
2019-09-26 13:37:51,465 [pool-37-thread-1] INFO  server.RaftServerConfigKeys (ConfUtils.java:logGet(43)) - raft.server.log.use.memory = false (default)
2019-09-26 13:37:51,465 [pool-37-thread-1] INFO  server.RaftServerConfigKeys (ConfUtils.java:logGet(43)) - raft.server.log.purge.gap = 1000000 (custom)
2019-09-26 13:37:51,465 [pool-37-thread-1] INFO  server.RaftServerConfigKeys (ConfUtils.java:logGet(43)) - raft.server.log.appender.buffer.byte-limit = 33554432 (custom)
2019-09-26 13:37:51,466 [pool-37-thread-1] INFO  server.RaftServerConfigKeys (ConfUtils.java:logGet(43)) - raft.server.log.segment.size.max = 1048576 (custom)
2019-09-26 13:37:51,466 [pool-37-thread-1] INFO  server.RaftServerConfigKeys (ConfUtils.java:logGet(43)) - raft.server.log.segment.cache.num.max = 2 (custom)
2019-09-26 13:37:51,466 [pool-37-thread-1] INFO  segmented.SegmentedRaftLogWorker (SegmentedRaftLogWorker.java:<init>(172)) - new 07946d80-9a5e-4ca8-81a5-a2e240cd3767@group-A1FAB9181C7B-SegmentedRaftLogWorker for RaftStorage:Storage Directory /workdir/hadoop-ozone/tools/target/test-dir/MiniOzoneClusterImpl-d492c611-0ad2-4a0b-a9b3-2cc170b19582/datanode-1/data/ratis/070882a0-3dde-45f7-b8ea-a1fab9181c7b
2019-09-26 13:37:51,466 [pool-37-thread-1] INFO  server.RaftServerConfigKeys (ConfUtils.java:logGet(43)) - raft.server.log.queue.byte-limit = 2147483647 (custom)
2019-09-26 13:37:51,466 [pool-37-thread-1] INFO  server.RaftServerConfigKeys (ConfUtils.java:logGet(43)) - raft.server.log.queue.element-limit = 1024 (custom)
2019-09-26 13:37:51,466 [pool-37-thread-1] INFO  server.RaftServerConfigKeys (ConfUtils.java:logGet(43)) - raft.server.log.segment.size.max = 1048576 (custom)
2019-09-26 13:37:51,467 [pool-37-thread-1] INFO  server.RaftServerConfigKeys (ConfUtils.java:logGet(43)) - raft.server.log.preallocated.size = 16384 (custom)
2019-09-26 13:37:51,467 [pool-37-thread-1] INFO  server.RaftServerConfigKeys (ConfUtils.java:logGet(43)) - raft.server.log.write.buffer.size = 33554432 (custom)
2019-09-26 13:37:51,467 [pool-37-thread-1] INFO  server.RaftServerConfigKeys (ConfUtils.java:logGet(43)) - raft.server.log.force.sync.num = 128 (default)
2019-09-26 13:37:51,467 [pool-37-thread-1] INFO  server.RaftServerConfigKeys (ConfUtils.java:logGet(43)) - raft.server.log.statemachine.data.sync = true (default)
2019-09-26 13:37:51,467 [pool-37-thread-1] INFO  server.RaftServerConfigKeys (ConfUtils.java:logGet(43)) - raft.server.log.statemachine.data.sync.timeout = 10s (default)
2019-09-26 13:37:51,467 [pool-37-thread-1] INFO  server.RaftServerConfigKeys (ConfUtils.java:logGet(43)) - raft.server.log.statemachine.data.sync.timeout.retry = -1 (default)
2019-09-26 13:37:51,467 [pool-37-thread-1] INFO  server.RaftServerConfigKeys (ConfUtils.java:logGet(43)) - raft.server.log.statemachine.data.caching.enabled = true (custom)
2019-09-26 13:37:51,468 [pool-37-thread-1] INFO  segmented.SegmentedRaftLogWorker (SegmentedRaftLogWorker.java:lambda$new$0(132)) - 07946d80-9a5e-4ca8-81a5-a2e240cd3767@group-A1FAB9181C7B-SegmentedRaftLogWorker: flushIndex: setUnconditionally 0 -> -1
2019-09-26 13:37:51,468 [pool-37-thread-1] INFO  server.RaftServerConfigKeys (ConfUtils.java:logGet(43)) - raft.server.snapshot.auto.trigger.enabled = true (custom)
2019-09-26 13:37:51,468 [pool-37-thread-1] INFO  server.RaftServerConfigKeys (ConfUtils.java:logGet(43)) - raft.server.snapshot.auto.trigger.threshold = 10000 (custom)
2019-09-26 13:37:51,468 [pool-37-thread-1] INFO  server.RaftServerConfigKeys (ConfUtils.java:logGet(43)) - raft.server.snapshot.retention.num.files = 5 (custom)
2019-09-26 13:37:51,468 [pool-37-thread-1] INFO  server.RaftServerConfigKeys (ConfUtils.java:logGet(43)) - raft.server.retrycache.expirytime = 600000ms (custom)
2019-09-26 13:37:51,471 [pool-37-thread-1] INFO  impl.RaftServerImpl (RaftServerImpl.java:start(185)) - 07946d80-9a5e-4ca8-81a5-a2e240cd3767@group-A1FAB9181C7B: start as a follower, conf=-1: [07946d80-9a5e-4ca8-81a5-a2e240cd3767:192.168.164.238:37441], old=null
2019-09-26 13:37:51,471 [pool-37-thread-1] INFO  impl.RaftServerImpl (RaftServerImpl.java:setRole(174)) - 07946d80-9a5e-4ca8-81a5-a2e240cd3767@group-A1FAB9181C7B: changes role from      null to FOLLOWER at term 0 for startAsFollower
2019-09-26 13:37:51,472 [pool-37-thread-1] INFO  impl.RoleInfo (RoleInfo.java:updateAndGet(143)) - 07946d80-9a5e-4ca8-81a5-a2e240cd3767: start FollowerState
2019-09-26 13:37:51,472 [pool-37-thread-1] INFO  util.JmxRegister (JmxRegister.java:tryRegister(44)) - Successfully registered JMX Bean with object name Ratis:service=RaftServer,group=group-A1FAB9181C7B,id=07946d80-9a5e-4ca8-81a5-a2e240cd3767
2019-09-26 13:37:51,483 [RatisPipelineUtilsThread] INFO  pipeline.PipelineStateManager (PipelineStateManager.java:addPipeline(56)) - Created pipeline Pipeline[ Id: 070882a0-3dde-45f7-b8ea-a1fab9181c7b, Nodes: 07946d80-9a5e-4ca8-81a5-a2e240cd3767{ip: 192.168.164.238, host: pr-hdds-1569-87zkn-1081879488, networkLocation: /default-rack, certSerialId: null}, Type:RATIS, Factor:ONE, State:OPEN]
2019-09-26 13:37:51,496 [grpc-default-executor-0] INFO  impl.RaftServerProxy (RaftServerProxy.java:addNew(89)) - cdf4aa8b-8ba2-4318-b195-a0642de96b1e: addNew group-3A30BFCC7382:[cdf4aa8b-8ba2-4318-b195-a0642de96b1e:192.168.164.238:45948] returns group-3A30BFCC7382:java.util.concurrent.CompletableFuture@5f59bcf6[Not completed]
2019-09-26 13:37:51,498 [pool-27-thread-1] INFO  impl.RaftServerImpl (RaftServerImpl.java:<init>(95)) - cdf4aa8b-8ba2-4318-b195-a0642de96b1e: new RaftServerImpl for group-3A30BFCC7382:[cdf4aa8b-8ba2-4318-b195-a0642de96b1e:192.168.164.238:45948] with ContainerStateMachine:uninitialized
2019-09-26 13:37:51,498 [pool-27-thread-1] INFO  server.RaftServerConfigKeys (ConfUtils.java:logGet(43)) - raft.server.rpc.timeout.min = 5s (custom)
2019-09-26 13:37:51,498 [pool-27-thread-1] INFO  server.RaftServerConfigKeys (ConfUtils.java:logGet(43)) - raft.server.rpc.timeout.max = 5200ms (custom)
2019-09-26 13:37:51,498 [pool-27-thread-1] INFO  server.RaftServerConfigKeys (ConfUtils.java:logGet(43)) - raft.server.rpcslowness.timeout = 120s (custom)
2019-09-26 13:37:51,498 [pool-27-thread-1] INFO  server.RaftServerConfigKeys (ConfUtils.java:logGet(43)) - raft.server.sleep.deviation.threshold = 300 (default)
2019-09-26 13:37:51,498 [pool-27-thread-1] INFO  server.RaftServerConfigKeys (ConfUtils.java:logGet(43)) - raft.server.log.appender.install.snapshot.enabled = false (custom)
2019-09-26 13:37:51,499 [pool-27-thread-1] INFO  impl.RaftServerImpl (ServerState.java:<init>(103)) - cdf4aa8b-8ba2-4318-b195-a0642de96b1e@group-3A30BFCC7382: ConfigurationManager, init=-1: [cdf4aa8b-8ba2-4318-b195-a0642de96b1e:192.168.164.238:45948], old=null, confs=<EMPTY_MAP>
2019-09-26 13:37:51,499 [pool-27-thread-1] INFO  server.RaftServerConfigKeys (ConfUtils.java:logGet(43)) - raft.server.storage.dir = [/workdir/hadoop-ozone/tools/target/test-dir/MiniOzoneClusterImpl-d492c611-0ad2-4a0b-a9b3-2cc170b19582/datanode-0/data/ratis] (custom)
2019-09-26 13:37:51,499 [pool-27-thread-1] INFO  storage.RaftStorageDirectory (RaftStorageDirectory.java:analyzeStorage(246)) - The storage directory /workdir/hadoop-ozone/tools/target/test-dir/MiniOzoneClusterImpl-d492c611-0ad2-4a0b-a9b3-2cc170b19582/datanode-0/data/ratis/90360965-7f21-41dd-ba02-3a30bfcc7382 does not exist. Creating ...
2019-09-26 13:37:51,512 [pool-27-thread-1] INFO  storage.RaftStorageDirectory (RaftStorageDirectory.java:tryLock(328)) - Lock on /workdir/hadoop-ozone/tools/target/test-dir/MiniOzoneClusterImpl-d492c611-0ad2-4a0b-a9b3-2cc170b19582/datanode-0/data/ratis/90360965-7f21-41dd-ba02-3a30bfcc7382/in_use.lock acquired by nodename 21773@pr-hdds-1569-87zkn-1081879488
2019-09-26 13:37:51,525 [pool-27-thread-1] INFO  storage.RaftStorage (RaftStorage.java:format(72)) - Storage directory /workdir/hadoop-ozone/tools/target/test-dir/MiniOzoneClusterImpl-d492c611-0ad2-4a0b-a9b3-2cc170b19582/datanode-0/data/ratis/90360965-7f21-41dd-ba02-3a30bfcc7382 has been successfully formatted.
2019-09-26 13:37:51,526 [pool-27-thread-1] INFO  ratis.ContainerStateMachine (ContainerStateMachine.java:loadSnapshot(230)) - group-3A30BFCC7382: The snapshot info is null. Setting the last applied indexto:(t:0, i:~)
2019-09-26 13:37:51,526 [pool-27-thread-1] INFO  server.RaftServerConfigKeys (ConfUtils.java:logGet(43)) - raft.server.notification.no-leader.timeout = 120s (custom)
2019-09-26 13:37:51,526 [pool-27-thread-1] INFO  server.RaftServerConfigKeys (ConfUtils.java:logGet(43)) - raft.server.log.use.memory = false (default)
2019-09-26 13:37:51,526 [pool-27-thread-1] INFO  server.RaftServerConfigKeys (ConfUtils.java:logGet(43)) - raft.server.log.purge.gap = 1000000 (custom)
2019-09-26 13:37:51,526 [pool-27-thread-1] INFO  server.RaftServerConfigKeys (ConfUtils.java:logGet(43)) - raft.server.log.appender.buffer.byte-limit = 33554432 (custom)
2019-09-26 13:37:51,526 [pool-27-thread-1] INFO  server.RaftServerConfigKeys (ConfUtils.java:logGet(43)) - raft.server.log.segment.size.max = 1048576 (custom)
2019-09-26 13:37:51,527 [pool-27-thread-1] INFO  server.RaftServerConfigKeys (ConfUtils.java:logGet(43)) - raft.server.log.segment.cache.num.max = 2 (custom)
2019-09-26 13:37:51,527 [pool-27-thread-1] INFO  segmented.SegmentedRaftLogWorker (SegmentedRaftLogWorker.java:<init>(172)) - new cdf4aa8b-8ba2-4318-b195-a0642de96b1e@group-3A30BFCC7382-SegmentedRaftLogWorker for RaftStorage:Storage Directory /workdir/hadoop-ozone/tools/target/test-dir/MiniOzoneClusterImpl-d492c611-0ad2-4a0b-a9b3-2cc170b19582/datanode-0/data/ratis/90360965-7f21-41dd-ba02-3a30bfcc7382
2019-09-26 13:37:51,527 [pool-27-thread-1] INFO  server.RaftServerConfigKeys (ConfUtils.java:logGet(43)) - raft.server.log.queue.byte-limit = 2147483647 (custom)
2019-09-26 13:37:51,527 [pool-27-thread-1] INFO  server.RaftServerConfigKeys (ConfUtils.java:logGet(43)) - raft.server.log.queue.element-limit = 1024 (custom)
2019-09-26 13:37:51,527 [pool-27-thread-1] INFO  server.RaftServerConfigKeys (ConfUtils.java:logGet(43)) - raft.server.log.segment.size.max = 1048576 (custom)
2019-09-26 13:37:51,527 [pool-27-thread-1] INFO  server.RaftServerConfigKeys (ConfUtils.java:logGet(43)) - raft.server.log.preallocated.size = 16384 (custom)
2019-09-26 13:37:51,527 [pool-27-thread-1] INFO  server.RaftServerConfigKeys (ConfUtils.java:logGet(43)) - raft.server.log.write.buffer.size = 33554432 (custom)
2019-09-26 13:37:51,528 [pool-27-thread-1] INFO  server.RaftServerConfigKeys (ConfUtils.java:logGet(43)) - raft.server.log.force.sync.num = 128 (default)
2019-09-26 13:37:51,528 [pool-27-thread-1] INFO  server.RaftServerConfigKeys (ConfUtils.java:logGet(43)) - raft.server.log.statemachine.data.sync = true (default)
2019-09-26 13:37:51,528 [pool-27-thread-1] INFO  server.RaftServerConfigKeys (ConfUtils.java:logGet(43)) - raft.server.log.statemachine.data.sync.timeout = 10s (default)
2019-09-26 13:37:51,528 [pool-27-thread-1] INFO  server.RaftServerConfigKeys (ConfUtils.java:logGet(43)) - raft.server.log.statemachine.data.sync.timeout.retry = -1 (default)
2019-09-26 13:37:51,528 [pool-27-thread-1] INFO  server.RaftServerConfigKeys (ConfUtils.java:logGet(43)) - raft.server.log.statemachine.data.caching.enabled = true (custom)
2019-09-26 13:37:51,529 [pool-27-thread-1] INFO  segmented.SegmentedRaftLogWorker (SegmentedRaftLogWorker.java:lambda$new$0(132)) - cdf4aa8b-8ba2-4318-b195-a0642de96b1e@group-3A30BFCC7382-SegmentedRaftLogWorker: flushIndex: setUnconditionally 0 -> -1
2019-09-26 13:37:51,529 [pool-27-thread-1] INFO  server.RaftServerConfigKeys (ConfUtils.java:logGet(43)) - raft.server.snapshot.auto.trigger.enabled = true (custom)
2019-09-26 13:37:51,531 [pool-27-thread-1] INFO  server.RaftServerConfigKeys (ConfUtils.java:logGet(43)) - raft.server.snapshot.auto.trigger.threshold = 10000 (custom)
2019-09-26 13:37:51,531 [pool-27-thread-1] INFO  server.RaftServerConfigKeys (ConfUtils.java:logGet(43)) - raft.server.snapshot.retention.num.files = 5 (custom)
2019-09-26 13:37:51,531 [pool-27-thread-1] INFO  server.RaftServerConfigKeys (ConfUtils.java:logGet(43)) - raft.server.retrycache.expirytime = 600000ms (custom)
2019-09-26 13:37:51,534 [pool-27-thread-1] INFO  impl.RaftServerImpl (RaftServerImpl.java:start(185)) - cdf4aa8b-8ba2-4318-b195-a0642de96b1e@group-3A30BFCC7382: start as a follower, conf=-1: [cdf4aa8b-8ba2-4318-b195-a0642de96b1e:192.168.164.238:45948], old=null
2019-09-26 13:37:51,534 [pool-27-thread-1] INFO  impl.RaftServerImpl (RaftServerImpl.java:setRole(174)) - cdf4aa8b-8ba2-4318-b195-a0642de96b1e@group-3A30BFCC7382: changes role from      null to FOLLOWER at term 0 for startAsFollower
2019-09-26 13:37:51,535 [pool-27-thread-1] INFO  impl.RoleInfo (RoleInfo.java:updateAndGet(143)) - cdf4aa8b-8ba2-4318-b195-a0642de96b1e: start FollowerState
2019-09-26 13:37:51,535 [pool-27-thread-1] INFO  util.JmxRegister (JmxRegister.java:tryRegister(44)) - Successfully registered JMX Bean with object name Ratis:service=RaftServer,group=group-3A30BFCC7382,id=cdf4aa8b-8ba2-4318-b195-a0642de96b1e
2019-09-26 13:37:51,544 [RatisPipelineUtilsThread] INFO  pipeline.PipelineStateManager (PipelineStateManager.java:addPipeline(56)) - Created pipeline Pipeline[ Id: 90360965-7f21-41dd-ba02-3a30bfcc7382, Nodes: cdf4aa8b-8ba2-4318-b195-a0642de96b1e{ip: 192.168.164.238, host: pr-hdds-1569-87zkn-1081879488, networkLocation: /default-rack, certSerialId: null}, Type:RATIS, Factor:ONE, State:OPEN]
2019-09-26 13:37:51,558 [grpc-default-executor-0] INFO  impl.RaftServerProxy (RaftServerProxy.java:addNew(89)) - cdf4aa8b-8ba2-4318-b195-a0642de96b1e: addNew group-D5C113C70DF2:[cdf4aa8b-8ba2-4318-b195-a0642de96b1e:192.168.164.238:45948] returns group-D5C113C70DF2:java.util.concurrent.CompletableFuture@4a194234[Not completed]
2019-09-26 13:37:51,559 [pool-27-thread-1] INFO  impl.RaftServerImpl (RaftServerImpl.java:<init>(95)) - cdf4aa8b-8ba2-4318-b195-a0642de96b1e: new RaftServerImpl for group-D5C113C70DF2:[cdf4aa8b-8ba2-4318-b195-a0642de96b1e:192.168.164.238:45948] with ContainerStateMachine:uninitialized
2019-09-26 13:37:51,560 [pool-27-thread-1] INFO  server.RaftServerConfigKeys (ConfUtils.java:logGet(43)) - raft.server.rpc.timeout.min = 5s (custom)
2019-09-26 13:37:51,560 [pool-27-thread-1] INFO  server.RaftServerConfigKeys (ConfUtils.java:logGet(43)) - raft.server.rpc.timeout.max = 5200ms (custom)
2019-09-26 13:37:51,560 [pool-27-thread-1] INFO  server.RaftServerConfigKeys (ConfUtils.java:logGet(43)) - raft.server.rpcslowness.timeout = 120s (custom)
2019-09-26 13:37:51,560 [pool-27-thread-1] INFO  server.RaftServerConfigKeys (ConfUtils.java:logGet(43)) - raft.server.sleep.deviation.threshold = 300 (default)
2019-09-26 13:37:51,560 [pool-27-thread-1] INFO  server.RaftServerConfigKeys (ConfUtils.java:logGet(43)) - raft.server.log.appender.install.snapshot.enabled = false (custom)
2019-09-26 13:37:51,560 [pool-27-thread-1] INFO  impl.RaftServerImpl (ServerState.java:<init>(103)) - cdf4aa8b-8ba2-4318-b195-a0642de96b1e@group-D5C113C70DF2: ConfigurationManager, init=-1: [cdf4aa8b-8ba2-4318-b195-a0642de96b1e:192.168.164.238:45948], old=null, confs=<EMPTY_MAP>
2019-09-26 13:37:51,561 [pool-27-thread-1] INFO  server.RaftServerConfigKeys (ConfUtils.java:logGet(43)) - raft.server.storage.dir = [/workdir/hadoop-ozone/tools/target/test-dir/MiniOzoneClusterImpl-d492c611-0ad2-4a0b-a9b3-2cc170b19582/datanode-0/data/ratis] (custom)
2019-09-26 13:37:51,561 [pool-27-thread-1] INFO  storage.RaftStorageDirectory (RaftStorageDirectory.java:analyzeStorage(246)) - The storage directory /workdir/hadoop-ozone/tools/target/test-dir/MiniOzoneClusterImpl-d492c611-0ad2-4a0b-a9b3-2cc170b19582/datanode-0/data/ratis/18f536e5-7916-414c-a73f-d5c113c70df2 does not exist. Creating ...
2019-09-26 13:37:51,573 [pool-27-thread-1] INFO  storage.RaftStorageDirectory (RaftStorageDirectory.java:tryLock(328)) - Lock on /workdir/hadoop-ozone/tools/target/test-dir/MiniOzoneClusterImpl-d492c611-0ad2-4a0b-a9b3-2cc170b19582/datanode-0/data/ratis/18f536e5-7916-414c-a73f-d5c113c70df2/in_use.lock acquired by nodename 21773@pr-hdds-1569-87zkn-1081879488
2019-09-26 13:37:51,586 [pool-27-thread-1] INFO  storage.RaftStorage (RaftStorage.java:format(72)) - Storage directory /workdir/hadoop-ozone/tools/target/test-dir/MiniOzoneClusterImpl-d492c611-0ad2-4a0b-a9b3-2cc170b19582/datanode-0/data/ratis/18f536e5-7916-414c-a73f-d5c113c70df2 has been successfully formatted.
2019-09-26 13:37:51,587 [pool-27-thread-1] INFO  ratis.ContainerStateMachine (ContainerStateMachine.java:loadSnapshot(230)) - group-D5C113C70DF2: The snapshot info is null. Setting the last applied indexto:(t:0, i:~)
2019-09-26 13:37:51,587 [pool-27-thread-1] INFO  server.RaftServerConfigKeys (ConfUtils.java:logGet(43)) - raft.server.notification.no-leader.timeout = 120s (custom)
2019-09-26 13:37:51,587 [pool-27-thread-1] INFO  server.RaftServerConfigKeys (ConfUtils.java:logGet(43)) - raft.server.log.use.memory = false (default)
2019-09-26 13:37:51,587 [pool-27-thread-1] INFO  server.RaftServerConfigKeys (ConfUtils.java:logGet(43)) - raft.server.log.purge.gap = 1000000 (custom)
2019-09-26 13:37:51,587 [pool-27-thread-1] INFO  server.RaftServerConfigKeys (ConfUtils.java:logGet(43)) - raft.server.log.appender.buffer.byte-limit = 33554432 (custom)
2019-09-26 13:37:51,588 [pool-27-thread-1] INFO  server.RaftServerConfigKeys (ConfUtils.java:logGet(43)) - raft.server.log.segment.size.max = 1048576 (custom)
2019-09-26 13:37:51,588 [pool-27-thread-1] INFO  server.RaftServerConfigKeys (ConfUtils.java:logGet(43)) - raft.server.log.segment.cache.num.max = 2 (custom)
2019-09-26 13:37:51,588 [pool-27-thread-1] INFO  segmented.SegmentedRaftLogWorker (SegmentedRaftLogWorker.java:<init>(172)) - new cdf4aa8b-8ba2-4318-b195-a0642de96b1e@group-D5C113C70DF2-SegmentedRaftLogWorker for RaftStorage:Storage Directory /workdir/hadoop-ozone/tools/target/test-dir/MiniOzoneClusterImpl-d492c611-0ad2-4a0b-a9b3-2cc170b19582/datanode-0/data/ratis/18f536e5-7916-414c-a73f-d5c113c70df2
2019-09-26 13:37:51,588 [pool-27-thread-1] INFO  server.RaftServerConfigKeys (ConfUtils.java:logGet(43)) - raft.server.log.queue.byte-limit = 2147483647 (custom)
2019-09-26 13:37:51,588 [pool-27-thread-1] INFO  server.RaftServerConfigKeys (ConfUtils.java:logGet(43)) - raft.server.log.queue.element-limit = 1024 (custom)
2019-09-26 13:37:51,589 [pool-27-thread-1] INFO  server.RaftServerConfigKeys (ConfUtils.java:logGet(43)) - raft.server.log.segment.size.max = 1048576 (custom)
2019-09-26 13:37:51,589 [pool-27-thread-1] INFO  server.RaftServerConfigKeys (ConfUtils.java:logGet(43)) - raft.server.log.preallocated.size = 16384 (custom)
2019-09-26 13:37:51,589 [pool-27-thread-1] INFO  server.RaftServerConfigKeys (ConfUtils.java:logGet(43)) - raft.server.log.write.buffer.size = 33554432 (custom)
2019-09-26 13:37:51,589 [pool-27-thread-1] INFO  server.RaftServerConfigKeys (ConfUtils.java:logGet(43)) - raft.server.log.force.sync.num = 128 (default)
2019-09-26 13:37:51,589 [pool-27-thread-1] INFO  server.RaftServerConfigKeys (ConfUtils.java:logGet(43)) - raft.server.log.statemachine.data.sync = true (default)
2019-09-26 13:37:51,590 [pool-27-thread-1] INFO  server.RaftServerConfigKeys (ConfUtils.java:logGet(43)) - raft.server.log.statemachine.data.sync.timeout = 10s (default)
2019-09-26 13:37:51,590 [pool-27-thread-1] INFO  server.RaftServerConfigKeys (ConfUtils.java:logGet(43)) - raft.server.log.statemachine.data.sync.timeout.retry = -1 (default)
2019-09-26 13:37:51,590 [pool-27-thread-1] INFO  server.RaftServerConfigKeys (ConfUtils.java:logGet(43)) - raft.server.log.statemachine.data.caching.enabled = true (custom)
2019-09-26 13:37:51,591 [pool-27-thread-1] INFO  segmented.SegmentedRaftLogWorker (SegmentedRaftLogWorker.java:lambda$new$0(132)) - cdf4aa8b-8ba2-4318-b195-a0642de96b1e@group-D5C113C70DF2-SegmentedRaftLogWorker: flushIndex: setUnconditionally 0 -> -1
2019-09-26 13:37:51,591 [pool-27-thread-1] INFO  server.RaftServerConfigKeys (ConfUtils.java:logGet(43)) - raft.server.snapshot.auto.trigger.enabled = true (custom)
2019-09-26 13:37:51,591 [pool-27-thread-1] INFO  server.RaftServerConfigKeys (ConfUtils.java:logGet(43)) - raft.server.snapshot.auto.trigger.threshold = 10000 (custom)
2019-09-26 13:37:51,591 [pool-27-thread-1] INFO  server.RaftServerConfigKeys (ConfUtils.java:logGet(43)) - raft.server.snapshot.retention.num.files = 5 (custom)
2019-09-26 13:37:51,592 [pool-27-thread-1] INFO  server.RaftServerConfigKeys (ConfUtils.java:logGet(43)) - raft.server.retrycache.expirytime = 600000ms (custom)
2019-09-26 13:37:51,600 [pool-27-thread-1] INFO  impl.RaftServerImpl (RaftServerImpl.java:start(185)) - cdf4aa8b-8ba2-4318-b195-a0642de96b1e@group-D5C113C70DF2: start as a follower, conf=-1: [cdf4aa8b-8ba2-4318-b195-a0642de96b1e:192.168.164.238:45948], old=null
2019-09-26 13:37:51,601 [pool-27-thread-1] INFO  impl.RaftServerImpl (RaftServerImpl.java:setRole(174)) - cdf4aa8b-8ba2-4318-b195-a0642de96b1e@group-D5C113C70DF2: changes role from      null to FOLLOWER at term 0 for startAsFollower
2019-09-26 13:37:51,601 [pool-27-thread-1] INFO  impl.RoleInfo (RoleInfo.java:updateAndGet(143)) - cdf4aa8b-8ba2-4318-b195-a0642de96b1e: start FollowerState
2019-09-26 13:37:51,601 [pool-27-thread-1] INFO  util.JmxRegister (JmxRegister.java:tryRegister(44)) - Successfully registered JMX Bean with object name Ratis:service=RaftServer,group=group-D5C113C70DF2,id=cdf4aa8b-8ba2-4318-b195-a0642de96b1e
2019-09-26 13:37:51,612 [RatisPipelineUtilsThread] INFO  pipeline.PipelineStateManager (PipelineStateManager.java:addPipeline(56)) - Created pipeline Pipeline[ Id: 18f536e5-7916-414c-a73f-d5c113c70df2, Nodes: cdf4aa8b-8ba2-4318-b195-a0642de96b1e{ip: 192.168.164.238, host: pr-hdds-1569-87zkn-1081879488, networkLocation: /default-rack, certSerialId: null}, Type:RATIS, Factor:ONE, State:OPEN]
2019-09-26 13:37:51,624 [grpc-default-executor-0] INFO  impl.RaftServerProxy (RaftServerProxy.java:addNew(89)) - 3b4472a9-0ad3-4b35-90c6-43d323919912: addNew group-5BA64A3496D2:[3b4472a9-0ad3-4b35-90c6-43d323919912:192.168.164.238:38188] returns group-5BA64A3496D2:java.util.concurrent.CompletableFuture@4a98199d[Not completed]
2019-09-26 13:37:51,626 [pool-47-thread-1] INFO  impl.RaftServerImpl (RaftServerImpl.java:<init>(95)) - 3b4472a9-0ad3-4b35-90c6-43d323919912: new RaftServerImpl for group-5BA64A3496D2:[3b4472a9-0ad3-4b35-90c6-43d323919912:192.168.164.238:38188] with ContainerStateMachine:uninitialized
2019-09-26 13:37:51,626 [pool-47-thread-1] INFO  server.RaftServerConfigKeys (ConfUtils.java:logGet(43)) - raft.server.rpc.timeout.min = 5s (custom)
2019-09-26 13:37:51,626 [pool-47-thread-1] INFO  server.RaftServerConfigKeys (ConfUtils.java:logGet(43)) - raft.server.rpc.timeout.max = 5200ms (custom)
2019-09-26 13:37:51,626 [pool-47-thread-1] INFO  server.RaftServerConfigKeys (ConfUtils.java:logGet(43)) - raft.server.rpcslowness.timeout = 120s (custom)
2019-09-26 13:37:51,627 [pool-47-thread-1] INFO  server.RaftServerConfigKeys (ConfUtils.java:logGet(43)) - raft.server.sleep.deviation.threshold = 300 (default)
2019-09-26 13:37:51,627 [pool-47-thread-1] INFO  server.RaftServerConfigKeys (ConfUtils.java:logGet(43)) - raft.server.log.appender.install.snapshot.enabled = false (custom)
2019-09-26 13:37:51,627 [pool-47-thread-1] INFO  impl.RaftServerImpl (ServerState.java:<init>(103)) - 3b4472a9-0ad3-4b35-90c6-43d323919912@group-5BA64A3496D2: ConfigurationManager, init=-1: [3b4472a9-0ad3-4b35-90c6-43d323919912:192.168.164.238:38188], old=null, confs=<EMPTY_MAP>
2019-09-26 13:37:51,627 [pool-47-thread-1] INFO  server.RaftServerConfigKeys (ConfUtils.java:logGet(43)) - raft.server.storage.dir = [/workdir/hadoop-ozone/tools/target/test-dir/MiniOzoneClusterImpl-d492c611-0ad2-4a0b-a9b3-2cc170b19582/datanode-2/data/ratis] (custom)
2019-09-26 13:37:51,628 [pool-47-thread-1] INFO  storage.RaftStorageDirectory (RaftStorageDirectory.java:analyzeStorage(246)) - The storage directory /workdir/hadoop-ozone/tools/target/test-dir/MiniOzoneClusterImpl-d492c611-0ad2-4a0b-a9b3-2cc170b19582/datanode-2/data/ratis/3ca0e392-e4b2-4b68-bf20-5ba64a3496d2 does not exist. Creating ...
2019-09-26 13:37:51,640 [pool-47-thread-1] INFO  storage.RaftStorageDirectory (RaftStorageDirectory.java:tryLock(328)) - Lock on /workdir/hadoop-ozone/tools/target/test-dir/MiniOzoneClusterImpl-d492c611-0ad2-4a0b-a9b3-2cc170b19582/datanode-2/data/ratis/3ca0e392-e4b2-4b68-bf20-5ba64a3496d2/in_use.lock acquired by nodename 21773@pr-hdds-1569-87zkn-1081879488
2019-09-26 13:37:51,653 [pool-47-thread-1] INFO  storage.RaftStorage (RaftStorage.java:format(72)) - Storage directory /workdir/hadoop-ozone/tools/target/test-dir/MiniOzoneClusterImpl-d492c611-0ad2-4a0b-a9b3-2cc170b19582/datanode-2/data/ratis/3ca0e392-e4b2-4b68-bf20-5ba64a3496d2 has been successfully formatted.
2019-09-26 13:37:51,654 [pool-47-thread-1] INFO  ratis.ContainerStateMachine (ContainerStateMachine.java:loadSnapshot(230)) - group-5BA64A3496D2: The snapshot info is null. Setting the last applied indexto:(t:0, i:~)
2019-09-26 13:37:51,654 [pool-47-thread-1] INFO  server.RaftServerConfigKeys (ConfUtils.java:logGet(43)) - raft.server.notification.no-leader.timeout = 120s (custom)
2019-09-26 13:37:51,654 [pool-47-thread-1] INFO  server.RaftServerConfigKeys (ConfUtils.java:logGet(43)) - raft.server.log.use.memory = false (default)
2019-09-26 13:37:51,654 [pool-47-thread-1] INFO  server.RaftServerConfigKeys (ConfUtils.java:logGet(43)) - raft.server.log.purge.gap = 1000000 (custom)
2019-09-26 13:37:51,655 [pool-47-thread-1] INFO  server.RaftServerConfigKeys (ConfUtils.java:logGet(43)) - raft.server.log.appender.buffer.byte-limit = 33554432 (custom)
2019-09-26 13:37:51,655 [pool-47-thread-1] INFO  server.RaftServerConfigKeys (ConfUtils.java:logGet(43)) - raft.server.log.segment.size.max = 1048576 (custom)
2019-09-26 13:37:51,655 [pool-47-thread-1] INFO  server.RaftServerConfigKeys (ConfUtils.java:logGet(43)) - raft.server.log.segment.cache.num.max = 2 (custom)
2019-09-26 13:37:51,655 [pool-47-thread-1] INFO  segmented.SegmentedRaftLogWorker (SegmentedRaftLogWorker.java:<init>(172)) - new 3b4472a9-0ad3-4b35-90c6-43d323919912@group-5BA64A3496D2-SegmentedRaftLogWorker for RaftStorage:Storage Directory /workdir/hadoop-ozone/tools/target/test-dir/MiniOzoneClusterImpl-d492c611-0ad2-4a0b-a9b3-2cc170b19582/datanode-2/data/ratis/3ca0e392-e4b2-4b68-bf20-5ba64a3496d2
2019-09-26 13:37:51,655 [pool-47-thread-1] INFO  server.RaftServerConfigKeys (ConfUtils.java:logGet(43)) - raft.server.log.queue.byte-limit = 2147483647 (custom)
2019-09-26 13:37:51,655 [pool-47-thread-1] INFO  server.RaftServerConfigKeys (ConfUtils.java:logGet(43)) - raft.server.log.queue.element-limit = 1024 (custom)
2019-09-26 13:37:51,656 [pool-47-thread-1] INFO  server.RaftServerConfigKeys (ConfUtils.java:logGet(43)) - raft.server.log.segment.size.max = 1048576 (custom)
2019-09-26 13:37:51,656 [pool-47-thread-1] INFO  server.RaftServerConfigKeys (ConfUtils.java:logGet(43)) - raft.server.log.preallocated.size = 16384 (custom)
2019-09-26 13:37:51,656 [pool-47-thread-1] INFO  server.RaftServerConfigKeys (ConfUtils.java:logGet(43)) - raft.server.log.write.buffer.size = 33554432 (custom)
2019-09-26 13:37:51,656 [pool-47-thread-1] INFO  server.RaftServerConfigKeys (ConfUtils.java:logGet(43)) - raft.server.log.force.sync.num = 128 (default)
2019-09-26 13:37:51,656 [pool-47-thread-1] INFO  server.RaftServerConfigKeys (ConfUtils.java:logGet(43)) - raft.server.log.statemachine.data.sync = true (default)
2019-09-26 13:37:51,656 [pool-47-thread-1] INFO  server.RaftServerConfigKeys (ConfUtils.java:logGet(43)) - raft.server.log.statemachine.data.sync.timeout = 10s (default)
2019-09-26 13:37:51,657 [pool-47-thread-1] INFO  server.RaftServerConfigKeys (ConfUtils.java:logGet(43)) - raft.server.log.statemachine.data.sync.timeout.retry = -1 (default)
2019-09-26 13:37:51,657 [pool-47-thread-1] INFO  server.RaftServerConfigKeys (ConfUtils.java:logGet(43)) - raft.server.log.statemachine.data.caching.enabled = true (custom)
2019-09-26 13:37:51,657 [pool-47-thread-1] INFO  segmented.SegmentedRaftLogWorker (SegmentedRaftLogWorker.java:lambda$new$0(132)) - 3b4472a9-0ad3-4b35-90c6-43d323919912@group-5BA64A3496D2-SegmentedRaftLogWorker: flushIndex: setUnconditionally 0 -> -1
2019-09-26 13:37:51,658 [pool-47-thread-1] INFO  server.RaftServerConfigKeys (ConfUtils.java:logGet(43)) - raft.server.snapshot.auto.trigger.enabled = true (custom)
2019-09-26 13:37:51,658 [pool-47-thread-1] INFO  server.RaftServerConfigKeys (ConfUtils.java:logGet(43)) - raft.server.snapshot.auto.trigger.threshold = 10000 (custom)
2019-09-26 13:37:51,658 [pool-47-thread-1] INFO  server.RaftServerConfigKeys (ConfUtils.java:logGet(43)) - raft.server.snapshot.retention.num.files = 5 (custom)
2019-09-26 13:37:51,658 [pool-47-thread-1] INFO  server.RaftServerConfigKeys (ConfUtils.java:logGet(43)) - raft.server.retrycache.expirytime = 600000ms (custom)
2019-09-26 13:37:51,662 [pool-47-thread-1] INFO  impl.RaftServerImpl (RaftServerImpl.java:start(185)) - 3b4472a9-0ad3-4b35-90c6-43d323919912@group-5BA64A3496D2: start as a follower, conf=-1: [3b4472a9-0ad3-4b35-90c6-43d323919912:192.168.164.238:38188], old=null
2019-09-26 13:37:51,662 [pool-47-thread-1] INFO  impl.RaftServerImpl (RaftServerImpl.java:setRole(174)) - 3b4472a9-0ad3-4b35-90c6-43d323919912@group-5BA64A3496D2: changes role from      null to FOLLOWER at term 0 for startAsFollower
2019-09-26 13:37:51,662 [pool-47-thread-1] INFO  impl.RoleInfo (RoleInfo.java:updateAndGet(143)) - 3b4472a9-0ad3-4b35-90c6-43d323919912: start FollowerState
2019-09-26 13:37:51,662 [pool-47-thread-1] INFO  util.JmxRegister (JmxRegister.java:tryRegister(44)) - Successfully registered JMX Bean with object name Ratis:service=RaftServer,group=group-5BA64A3496D2,id=3b4472a9-0ad3-4b35-90c6-43d323919912
2019-09-26 13:37:51,671 [RatisPipelineUtilsThread] INFO  pipeline.PipelineStateManager (PipelineStateManager.java:addPipeline(56)) - Created pipeline Pipeline[ Id: 3ca0e392-e4b2-4b68-bf20-5ba64a3496d2, Nodes: 3b4472a9-0ad3-4b35-90c6-43d323919912{ip: 192.168.164.238, host: pr-hdds-1569-87zkn-1081879488, networkLocation: /default-rack, certSerialId: null}, Type:RATIS, Factor:ONE, State:OPEN]
2019-09-26 13:37:51,684 [grpc-default-executor-0] INFO  impl.RaftServerProxy (RaftServerProxy.java:addNew(89)) - cdf4aa8b-8ba2-4318-b195-a0642de96b1e: addNew group-7121A15A10DC:[cdf4aa8b-8ba2-4318-b195-a0642de96b1e:192.168.164.238:45948] returns group-7121A15A10DC:java.util.concurrent.CompletableFuture@113a734a[Not completed]
2019-09-26 13:37:51,685 [pool-27-thread-1] INFO  impl.RaftServerImpl (RaftServerImpl.java:<init>(95)) - cdf4aa8b-8ba2-4318-b195-a0642de96b1e: new RaftServerImpl for group-7121A15A10DC:[cdf4aa8b-8ba2-4318-b195-a0642de96b1e:192.168.164.238:45948] with ContainerStateMachine:uninitialized
2019-09-26 13:37:51,686 [pool-27-thread-1] INFO  server.RaftServerConfigKeys (ConfUtils.java:logGet(43)) - raft.server.rpc.timeout.min = 5s (custom)
2019-09-26 13:37:51,686 [pool-27-thread-1] INFO  server.RaftServerConfigKeys (ConfUtils.java:logGet(43)) - raft.server.rpc.timeout.max = 5200ms (custom)
2019-09-26 13:37:51,686 [pool-27-thread-1] INFO  server.RaftServerConfigKeys (ConfUtils.java:logGet(43)) - raft.server.rpcslowness.timeout = 120s (custom)
2019-09-26 13:37:51,686 [pool-27-thread-1] INFO  server.RaftServerConfigKeys (ConfUtils.java:logGet(43)) - raft.server.sleep.deviation.threshold = 300 (default)
2019-09-26 13:37:51,686 [pool-27-thread-1] INFO  server.RaftServerConfigKeys (ConfUtils.java:logGet(43)) - raft.server.log.appender.install.snapshot.enabled = false (custom)
2019-09-26 13:37:51,686 [pool-27-thread-1] INFO  impl.RaftServerImpl (ServerState.java:<init>(103)) - cdf4aa8b-8ba2-4318-b195-a0642de96b1e@group-7121A15A10DC: ConfigurationManager, init=-1: [cdf4aa8b-8ba2-4318-b195-a0642de96b1e:192.168.164.238:45948], old=null, confs=<EMPTY_MAP>
2019-09-26 13:37:51,686 [pool-27-thread-1] INFO  server.RaftServerConfigKeys (ConfUtils.java:logGet(43)) - raft.server.storage.dir = [/workdir/hadoop-ozone/tools/target/test-dir/MiniOzoneClusterImpl-d492c611-0ad2-4a0b-a9b3-2cc170b19582/datanode-0/data/ratis] (custom)
2019-09-26 13:37:51,687 [pool-27-thread-1] INFO  storage.RaftStorageDirectory (RaftStorageDirectory.java:analyzeStorage(246)) - The storage directory /workdir/hadoop-ozone/tools/target/test-dir/MiniOzoneClusterImpl-d492c611-0ad2-4a0b-a9b3-2cc170b19582/datanode-0/data/ratis/cbd1a89c-0588-405e-b3c8-7121a15a10dc does not exist. Creating ...
2019-09-26 13:37:51,699 [pool-27-thread-1] INFO  storage.RaftStorageDirectory (RaftStorageDirectory.java:tryLock(328)) - Lock on /workdir/hadoop-ozone/tools/target/test-dir/MiniOzoneClusterImpl-d492c611-0ad2-4a0b-a9b3-2cc170b19582/datanode-0/data/ratis/cbd1a89c-0588-405e-b3c8-7121a15a10dc/in_use.lock acquired by nodename 21773@pr-hdds-1569-87zkn-1081879488
2019-09-26 13:37:51,702 [pool-27-thread-1] INFO  storage.RaftStorage (RaftStorage.java:format(72)) - Storage directory /workdir/hadoop-ozone/tools/target/test-dir/MiniOzoneClusterImpl-d492c611-0ad2-4a0b-a9b3-2cc170b19582/datanode-0/data/ratis/cbd1a89c-0588-405e-b3c8-7121a15a10dc has been successfully formatted.
2019-09-26 13:37:51,702 [pool-27-thread-1] INFO  ratis.ContainerStateMachine (ContainerStateMachine.java:loadSnapshot(230)) - group-7121A15A10DC: The snapshot info is null. Setting the last applied indexto:(t:0, i:~)
2019-09-26 13:37:51,702 [pool-27-thread-1] INFO  server.RaftServerConfigKeys (ConfUtils.java:logGet(43)) - raft.server.notification.no-leader.timeout = 120s (custom)
2019-09-26 13:37:51,702 [pool-27-thread-1] INFO  server.RaftServerConfigKeys (ConfUtils.java:logGet(43)) - raft.server.log.use.memory = false (default)
2019-09-26 13:37:51,702 [pool-27-thread-1] INFO  server.RaftServerConfigKeys (ConfUtils.java:logGet(43)) - raft.server.log.purge.gap = 1000000 (custom)
2019-09-26 13:37:51,702 [pool-27-thread-1] INFO  server.RaftServerConfigKeys (ConfUtils.java:logGet(43)) - raft.server.log.appender.buffer.byte-limit = 33554432 (custom)
2019-09-26 13:37:51,702 [pool-27-thread-1] INFO  server.RaftServerConfigKeys (ConfUtils.java:logGet(43)) - raft.server.log.segment.size.max = 1048576 (custom)
2019-09-26 13:37:51,703 [pool-27-thread-1] INFO  server.RaftServerConfigKeys (ConfUtils.java:logGet(43)) - raft.server.log.segment.cache.num.max = 2 (custom)
2019-09-26 13:37:51,703 [pool-27-thread-1] INFO  segmented.SegmentedRaftLogWorker (SegmentedRaftLogWorker.java:<init>(172)) - new cdf4aa8b-8ba2-4318-b195-a0642de96b1e@group-7121A15A10DC-SegmentedRaftLogWorker for RaftStorage:Storage Directory /workdir/hadoop-ozone/tools/target/test-dir/MiniOzoneClusterImpl-d492c611-0ad2-4a0b-a9b3-2cc170b19582/datanode-0/data/ratis/cbd1a89c-0588-405e-b3c8-7121a15a10dc
2019-09-26 13:37:51,703 [pool-27-thread-1] INFO  server.RaftServerConfigKeys (ConfUtils.java:logGet(43)) - raft.server.log.queue.byte-limit = 2147483647 (custom)
2019-09-26 13:37:51,703 [pool-27-thread-1] INFO  server.RaftServerConfigKeys (ConfUtils.java:logGet(43)) - raft.server.log.queue.element-limit = 1024 (custom)
2019-09-26 13:37:51,703 [pool-27-thread-1] INFO  server.RaftServerConfigKeys (ConfUtils.java:logGet(43)) - raft.server.log.segment.size.max = 1048576 (custom)
2019-09-26 13:37:51,703 [pool-27-thread-1] INFO  server.RaftServerConfigKeys (ConfUtils.java:logGet(43)) - raft.server.log.preallocated.size = 16384 (custom)
2019-09-26 13:37:51,703 [pool-27-thread-1] INFO  server.RaftServerConfigKeys (ConfUtils.java:logGet(43)) - raft.server.log.write.buffer.size = 33554432 (custom)
2019-09-26 13:37:51,703 [pool-27-thread-1] INFO  server.RaftServerConfigKeys (ConfUtils.java:logGet(43)) - raft.server.log.force.sync.num = 128 (default)
2019-09-26 13:37:51,703 [pool-27-thread-1] INFO  server.RaftServerConfigKeys (ConfUtils.java:logGet(43)) - raft.server.log.statemachine.data.sync = true (default)
2019-09-26 13:37:51,704 [pool-27-thread-1] INFO  server.RaftServerConfigKeys (ConfUtils.java:logGet(43)) - raft.server.log.statemachine.data.sync.timeout = 10s (default)
2019-09-26 13:37:51,704 [pool-27-thread-1] INFO  server.RaftServerConfigKeys (ConfUtils.java:logGet(43)) - raft.server.log.statemachine.data.sync.timeout.retry = -1 (default)
2019-09-26 13:37:51,704 [pool-27-thread-1] INFO  server.RaftServerConfigKeys (ConfUtils.java:logGet(43)) - raft.server.log.statemachine.data.caching.enabled = true (custom)
2019-09-26 13:37:51,704 [pool-27-thread-1] INFO  segmented.SegmentedRaftLogWorker (SegmentedRaftLogWorker.java:lambda$new$0(132)) - cdf4aa8b-8ba2-4318-b195-a0642de96b1e@group-7121A15A10DC-SegmentedRaftLogWorker: flushIndex: setUnconditionally 0 -> -1
2019-09-26 13:37:51,704 [pool-27-thread-1] INFO  server.RaftServerConfigKeys (ConfUtils.java:logGet(43)) - raft.server.snapshot.auto.trigger.enabled = true (custom)
2019-09-26 13:37:51,705 [pool-27-thread-1] INFO  server.RaftServerConfigKeys (ConfUtils.java:logGet(43)) - raft.server.snapshot.auto.trigger.threshold = 10000 (custom)
2019-09-26 13:37:51,705 [pool-27-thread-1] INFO  server.RaftServerConfigKeys (ConfUtils.java:logGet(43)) - raft.server.snapshot.retention.num.files = 5 (custom)
2019-09-26 13:37:51,705 [pool-27-thread-1] INFO  server.RaftServerConfigKeys (ConfUtils.java:logGet(43)) - raft.server.retrycache.expirytime = 600000ms (custom)
2019-09-26 13:37:51,707 [pool-27-thread-1] INFO  impl.RaftServerImpl (RaftServerImpl.java:start(185)) - cdf4aa8b-8ba2-4318-b195-a0642de96b1e@group-7121A15A10DC: start as a follower, conf=-1: [cdf4aa8b-8ba2-4318-b195-a0642de96b1e:192.168.164.238:45948], old=null
2019-09-26 13:37:51,708 [pool-27-thread-1] INFO  impl.RaftServerImpl (RaftServerImpl.java:setRole(174)) - cdf4aa8b-8ba2-4318-b195-a0642de96b1e@group-7121A15A10DC: changes role from      null to FOLLOWER at term 0 for startAsFollower
2019-09-26 13:37:51,708 [pool-27-thread-1] INFO  impl.RoleInfo (RoleInfo.java:updateAndGet(143)) - cdf4aa8b-8ba2-4318-b195-a0642de96b1e: start FollowerState
2019-09-26 13:37:51,708 [pool-27-thread-1] INFO  util.JmxRegister (JmxRegister.java:tryRegister(44)) - Successfully registered JMX Bean with object name Ratis:service=RaftServer,group=group-7121A15A10DC,id=cdf4aa8b-8ba2-4318-b195-a0642de96b1e
2019-09-26 13:37:51,717 [RatisPipelineUtilsThread] INFO  pipeline.PipelineStateManager (PipelineStateManager.java:addPipeline(56)) - Created pipeline Pipeline[ Id: cbd1a89c-0588-405e-b3c8-7121a15a10dc, Nodes: cdf4aa8b-8ba2-4318-b195-a0642de96b1e{ip: 192.168.164.238, host: pr-hdds-1569-87zkn-1081879488, networkLocation: /default-rack, certSerialId: null}, Type:RATIS, Factor:ONE, State:OPEN]
2019-09-26 13:37:51,728 [grpc-default-executor-0] INFO  impl.RaftServerProxy (RaftServerProxy.java:addNew(89)) - cdf4aa8b-8ba2-4318-b195-a0642de96b1e: addNew group-02A910073BBC:[cdf4aa8b-8ba2-4318-b195-a0642de96b1e:192.168.164.238:45948] returns group-02A910073BBC:java.util.concurrent.CompletableFuture@66aed646[Not completed]
2019-09-26 13:37:51,730 [pool-27-thread-1] INFO  impl.RaftServerImpl (RaftServerImpl.java:<init>(95)) - cdf4aa8b-8ba2-4318-b195-a0642de96b1e: new RaftServerImpl for group-02A910073BBC:[cdf4aa8b-8ba2-4318-b195-a0642de96b1e:192.168.164.238:45948] with ContainerStateMachine:uninitialized
2019-09-26 13:37:51,730 [pool-27-thread-1] INFO  server.RaftServerConfigKeys (ConfUtils.java:logGet(43)) - raft.server.rpc.timeout.min = 5s (custom)
2019-09-26 13:37:51,730 [pool-27-thread-1] INFO  server.RaftServerConfigKeys (ConfUtils.java:logGet(43)) - raft.server.rpc.timeout.max = 5200ms (custom)
2019-09-26 13:37:51,730 [pool-27-thread-1] INFO  server.RaftServerConfigKeys (ConfUtils.java:logGet(43)) - raft.server.rpcslowness.timeout = 120s (custom)
2019-09-26 13:37:51,730 [pool-27-thread-1] INFO  server.RaftServerConfigKeys (ConfUtils.java:logGet(43)) - raft.server.sleep.deviation.threshold = 300 (default)
2019-09-26 13:37:51,730 [pool-27-thread-1] INFO  server.RaftServerConfigKeys (ConfUtils.java:logGet(43)) - raft.server.log.appender.install.snapshot.enabled = false (custom)
2019-09-26 13:37:51,730 [pool-27-thread-1] INFO  impl.RaftServerImpl (ServerState.java:<init>(103)) - cdf4aa8b-8ba2-4318-b195-a0642de96b1e@group-02A910073BBC: ConfigurationManager, init=-1: [cdf4aa8b-8ba2-4318-b195-a0642de96b1e:192.168.164.238:45948], old=null, confs=<EMPTY_MAP>
2019-09-26 13:37:51,730 [pool-27-thread-1] INFO  server.RaftServerConfigKeys (ConfUtils.java:logGet(43)) - raft.server.storage.dir = [/workdir/hadoop-ozone/tools/target/test-dir/MiniOzoneClusterImpl-d492c611-0ad2-4a0b-a9b3-2cc170b19582/datanode-0/data/ratis] (custom)
2019-09-26 13:37:51,731 [pool-27-thread-1] INFO  storage.RaftStorageDirectory (RaftStorageDirectory.java:analyzeStorage(246)) - The storage directory /workdir/hadoop-ozone/tools/target/test-dir/MiniOzoneClusterImpl-d492c611-0ad2-4a0b-a9b3-2cc170b19582/datanode-0/data/ratis/cddcb5c9-8946-45b1-a981-02a910073bbc does not exist. Creating ...
2019-09-26 13:37:51,743 [pool-27-thread-1] INFO  storage.RaftStorageDirectory (RaftStorageDirectory.java:tryLock(328)) - Lock on /workdir/hadoop-ozone/tools/target/test-dir/MiniOzoneClusterImpl-d492c611-0ad2-4a0b-a9b3-2cc170b19582/datanode-0/data/ratis/cddcb5c9-8946-45b1-a981-02a910073bbc/in_use.lock acquired by nodename 21773@pr-hdds-1569-87zkn-1081879488
2019-09-26 13:37:51,756 [pool-27-thread-1] INFO  storage.RaftStorage (RaftStorage.java:format(72)) - Storage directory /workdir/hadoop-ozone/tools/target/test-dir/MiniOzoneClusterImpl-d492c611-0ad2-4a0b-a9b3-2cc170b19582/datanode-0/data/ratis/cddcb5c9-8946-45b1-a981-02a910073bbc has been successfully formatted.
2019-09-26 13:37:51,756 [pool-27-thread-1] INFO  ratis.ContainerStateMachine (ContainerStateMachine.java:loadSnapshot(230)) - group-02A910073BBC: The snapshot info is null. Setting the last applied indexto:(t:0, i:~)
2019-09-26 13:37:51,756 [pool-27-thread-1] INFO  server.RaftServerConfigKeys (ConfUtils.java:logGet(43)) - raft.server.notification.no-leader.timeout = 120s (custom)
2019-09-26 13:37:51,757 [pool-27-thread-1] INFO  server.RaftServerConfigKeys (ConfUtils.java:logGet(43)) - raft.server.log.use.memory = false (default)
2019-09-26 13:37:51,757 [pool-27-thread-1] INFO  server.RaftServerConfigKeys (ConfUtils.java:logGet(43)) - raft.server.log.purge.gap = 1000000 (custom)
2019-09-26 13:37:51,757 [pool-27-thread-1] INFO  server.RaftServerConfigKeys (ConfUtils.java:logGet(43)) - raft.server.log.appender.buffer.byte-limit = 33554432 (custom)
2019-09-26 13:37:51,757 [pool-27-thread-1] INFO  server.RaftServerConfigKeys (ConfUtils.java:logGet(43)) - raft.server.log.segment.size.max = 1048576 (custom)
2019-09-26 13:37:51,757 [pool-27-thread-1] INFO  server.RaftServerConfigKeys (ConfUtils.java:logGet(43)) - raft.server.log.segment.cache.num.max = 2 (custom)
2019-09-26 13:37:51,757 [pool-27-thread-1] INFO  segmented.SegmentedRaftLogWorker (SegmentedRaftLogWorker.java:<init>(172)) - new cdf4aa8b-8ba2-4318-b195-a0642de96b1e@group-02A910073BBC-SegmentedRaftLogWorker for RaftStorage:Storage Directory /workdir/hadoop-ozone/tools/target/test-dir/MiniOzoneClusterImpl-d492c611-0ad2-4a0b-a9b3-2cc170b19582/datanode-0/data/ratis/cddcb5c9-8946-45b1-a981-02a910073bbc
2019-09-26 13:37:51,757 [pool-27-thread-1] INFO  server.RaftServerConfigKeys (ConfUtils.java:logGet(43)) - raft.server.log.queue.byte-limit = 2147483647 (custom)
2019-09-26 13:37:51,757 [pool-27-thread-1] INFO  server.RaftServerConfigKeys (ConfUtils.java:logGet(43)) - raft.server.log.queue.element-limit = 1024 (custom)
2019-09-26 13:37:51,758 [pool-27-thread-1] INFO  server.RaftServerConfigKeys (ConfUtils.java:logGet(43)) - raft.server.log.segment.size.max = 1048576 (custom)
2019-09-26 13:37:51,758 [pool-27-thread-1] INFO  server.RaftServerConfigKeys (ConfUtils.java:logGet(43)) - raft.server.log.preallocated.size = 16384 (custom)
2019-09-26 13:37:51,758 [pool-27-thread-1] INFO  server.RaftServerConfigKeys (ConfUtils.java:logGet(43)) - raft.server.log.write.buffer.size = 33554432 (custom)
2019-09-26 13:37:51,758 [pool-27-thread-1] INFO  server.RaftServerConfigKeys (ConfUtils.java:logGet(43)) - raft.server.log.force.sync.num = 128 (default)
2019-09-26 13:37:51,758 [pool-27-thread-1] INFO  server.RaftServerConfigKeys (ConfUtils.java:logGet(43)) - raft.server.log.statemachine.data.sync = true (default)
2019-09-26 13:37:51,758 [pool-27-thread-1] INFO  server.RaftServerConfigKeys (ConfUtils.java:logGet(43)) - raft.server.log.statemachine.data.sync.timeout = 10s (default)
2019-09-26 13:37:51,758 [pool-27-thread-1] INFO  server.RaftServerConfigKeys (ConfUtils.java:logGet(43)) - raft.server.log.statemachine.data.sync.timeout.retry = -1 (default)
2019-09-26 13:37:51,758 [pool-27-thread-1] INFO  server.RaftServerConfigKeys (ConfUtils.java:logGet(43)) - raft.server.log.statemachine.data.caching.enabled = true (custom)
2019-09-26 13:37:51,759 [pool-27-thread-1] INFO  segmented.SegmentedRaftLogWorker (SegmentedRaftLogWorker.java:lambda$new$0(132)) - cdf4aa8b-8ba2-4318-b195-a0642de96b1e@group-02A910073BBC-SegmentedRaftLogWorker: flushIndex: setUnconditionally 0 -> -1
2019-09-26 13:37:51,759 [pool-27-thread-1] INFO  server.RaftServerConfigKeys (ConfUtils.java:logGet(43)) - raft.server.snapshot.auto.trigger.enabled = true (custom)
2019-09-26 13:37:51,759 [pool-27-thread-1] INFO  server.RaftServerConfigKeys (ConfUtils.java:logGet(43)) - raft.server.snapshot.auto.trigger.threshold = 10000 (custom)
2019-09-26 13:37:51,759 [pool-27-thread-1] INFO  server.RaftServerConfigKeys (ConfUtils.java:logGet(43)) - raft.server.snapshot.retention.num.files = 5 (custom)
2019-09-26 13:37:51,759 [pool-27-thread-1] INFO  server.RaftServerConfigKeys (ConfUtils.java:logGet(43)) - raft.server.retrycache.expirytime = 600000ms (custom)
2019-09-26 13:37:51,762 [pool-27-thread-1] INFO  impl.RaftServerImpl (RaftServerImpl.java:start(185)) - cdf4aa8b-8ba2-4318-b195-a0642de96b1e@group-02A910073BBC: start as a follower, conf=-1: [cdf4aa8b-8ba2-4318-b195-a0642de96b1e:192.168.164.238:45948], old=null
2019-09-26 13:37:51,762 [pool-27-thread-1] INFO  impl.RaftServerImpl (RaftServerImpl.java:setRole(174)) - cdf4aa8b-8ba2-4318-b195-a0642de96b1e@group-02A910073BBC: changes role from      null to FOLLOWER at term 0 for startAsFollower
2019-09-26 13:37:51,762 [pool-27-thread-1] INFO  impl.RoleInfo (RoleInfo.java:updateAndGet(143)) - cdf4aa8b-8ba2-4318-b195-a0642de96b1e: start FollowerState
2019-09-26 13:37:51,762 [pool-27-thread-1] INFO  util.JmxRegister (JmxRegister.java:tryRegister(44)) - Successfully registered JMX Bean with object name Ratis:service=RaftServer,group=group-02A910073BBC,id=cdf4aa8b-8ba2-4318-b195-a0642de96b1e
2019-09-26 13:37:51,772 [RatisPipelineUtilsThread] INFO  pipeline.PipelineStateManager (PipelineStateManager.java:addPipeline(56)) - Created pipeline Pipeline[ Id: cddcb5c9-8946-45b1-a981-02a910073bbc, Nodes: cdf4aa8b-8ba2-4318-b195-a0642de96b1e{ip: 192.168.164.238, host: pr-hdds-1569-87zkn-1081879488, networkLocation: /default-rack, certSerialId: null}, Type:RATIS, Factor:ONE, State:OPEN]
2019-09-26 13:37:51,772 [RatisPipelineUtilsThread] INFO  pipeline.PipelinePlacementPolicy (PipelinePlacementPolicy.java:meetCriteria(91)) - Pipeline Placement: can't place more pipeline on heavy datanode： cdf4aa8b-8ba2-4318-b195-a0642de96b1e Heaviness: 6 limit: 5
2019-09-26 13:37:51,787 [grpc-default-executor-0] INFO  impl.RaftServerProxy (RaftServerProxy.java:addNew(89)) - 3557bb53-8e52-4f49-8c22-7e13e7d0c46b: addNew group-A69677D9F45A:[3557bb53-8e52-4f49-8c22-7e13e7d0c46b:192.168.164.238:39348] returns group-A69677D9F45A:java.util.concurrent.CompletableFuture@21266163[Not completed]
2019-09-26 13:37:51,789 [pool-67-thread-1] INFO  impl.RaftServerImpl (RaftServerImpl.java:<init>(95)) - 3557bb53-8e52-4f49-8c22-7e13e7d0c46b: new RaftServerImpl for group-A69677D9F45A:[3557bb53-8e52-4f49-8c22-7e13e7d0c46b:192.168.164.238:39348] with ContainerStateMachine:uninitialized
2019-09-26 13:37:51,789 [pool-67-thread-1] INFO  server.RaftServerConfigKeys (ConfUtils.java:logGet(43)) - raft.server.rpc.timeout.min = 5s (custom)
2019-09-26 13:37:51,790 [pool-67-thread-1] INFO  server.RaftServerConfigKeys (ConfUtils.java:logGet(43)) - raft.server.rpc.timeout.max = 5200ms (custom)
2019-09-26 13:37:51,790 [pool-67-thread-1] INFO  server.RaftServerConfigKeys (ConfUtils.java:logGet(43)) - raft.server.rpcslowness.timeout = 120s (custom)
2019-09-26 13:37:51,790 [pool-67-thread-1] INFO  server.RaftServerConfigKeys (ConfUtils.java:logGet(43)) - raft.server.sleep.deviation.threshold = 300 (default)
2019-09-26 13:37:51,790 [pool-67-thread-1] INFO  server.RaftServerConfigKeys (ConfUtils.java:logGet(43)) - raft.server.log.appender.install.snapshot.enabled = false (custom)
2019-09-26 13:37:51,791 [pool-67-thread-1] INFO  impl.RaftServerImpl (ServerState.java:<init>(103)) - 3557bb53-8e52-4f49-8c22-7e13e7d0c46b@group-A69677D9F45A: ConfigurationManager, init=-1: [3557bb53-8e52-4f49-8c22-7e13e7d0c46b:192.168.164.238:39348], old=null, confs=<EMPTY_MAP>
2019-09-26 13:37:51,791 [pool-67-thread-1] INFO  server.RaftServerConfigKeys (ConfUtils.java:logGet(43)) - raft.server.storage.dir = [/workdir/hadoop-ozone/tools/target/test-dir/MiniOzoneClusterImpl-d492c611-0ad2-4a0b-a9b3-2cc170b19582/datanode-4/data/ratis] (custom)
2019-09-26 13:37:51,793 [pool-67-thread-1] INFO  storage.RaftStorageDirectory (RaftStorageDirectory.java:analyzeStorage(246)) - The storage directory /workdir/hadoop-ozone/tools/target/test-dir/MiniOzoneClusterImpl-d492c611-0ad2-4a0b-a9b3-2cc170b19582/datanode-4/data/ratis/df283632-1ec8-473b-948d-a69677d9f45a does not exist. Creating ...
2019-09-26 13:37:51,806 [pool-67-thread-1] INFO  storage.RaftStorageDirectory (RaftStorageDirectory.java:tryLock(328)) - Lock on /workdir/hadoop-ozone/tools/target/test-dir/MiniOzoneClusterImpl-d492c611-0ad2-4a0b-a9b3-2cc170b19582/datanode-4/data/ratis/df283632-1ec8-473b-948d-a69677d9f45a/in_use.lock acquired by nodename 21773@pr-hdds-1569-87zkn-1081879488
2019-09-26 13:37:51,819 [pool-67-thread-1] INFO  storage.RaftStorage (RaftStorage.java:format(72)) - Storage directory /workdir/hadoop-ozone/tools/target/test-dir/MiniOzoneClusterImpl-d492c611-0ad2-4a0b-a9b3-2cc170b19582/datanode-4/data/ratis/df283632-1ec8-473b-948d-a69677d9f45a has been successfully formatted.
2019-09-26 13:37:51,820 [pool-67-thread-1] INFO  ratis.ContainerStateMachine (ContainerStateMachine.java:loadSnapshot(230)) - group-A69677D9F45A: The snapshot info is null. Setting the last applied indexto:(t:0, i:~)
2019-09-26 13:37:51,820 [pool-67-thread-1] INFO  server.RaftServerConfigKeys (ConfUtils.java:logGet(43)) - raft.server.notification.no-leader.timeout = 120s (custom)
2019-09-26 13:37:51,820 [pool-67-thread-1] INFO  server.RaftServerConfigKeys (ConfUtils.java:logGet(43)) - raft.server.log.use.memory = false (default)
2019-09-26 13:37:51,820 [pool-67-thread-1] INFO  server.RaftServerConfigKeys (ConfUtils.java:logGet(43)) - raft.server.log.purge.gap = 1000000 (custom)
2019-09-26 13:37:51,821 [pool-67-thread-1] INFO  server.RaftServerConfigKeys (ConfUtils.java:logGet(43)) - raft.server.log.appender.buffer.byte-limit = 33554432 (custom)
2019-09-26 13:37:51,821 [pool-67-thread-1] INFO  server.RaftServerConfigKeys (ConfUtils.java:logGet(43)) - raft.server.log.segment.size.max = 1048576 (custom)
2019-09-26 13:37:51,821 [pool-67-thread-1] INFO  server.RaftServerConfigKeys (ConfUtils.java:logGet(43)) - raft.server.log.segment.cache.num.max = 2 (custom)
2019-09-26 13:37:51,821 [pool-67-thread-1] INFO  segmented.SegmentedRaftLogWorker (SegmentedRaftLogWorker.java:<init>(172)) - new 3557bb53-8e52-4f49-8c22-7e13e7d0c46b@group-A69677D9F45A-SegmentedRaftLogWorker for RaftStorage:Storage Directory /workdir/hadoop-ozone/tools/target/test-dir/MiniOzoneClusterImpl-d492c611-0ad2-4a0b-a9b3-2cc170b19582/datanode-4/data/ratis/df283632-1ec8-473b-948d-a69677d9f45a
2019-09-26 13:37:51,821 [pool-67-thread-1] INFO  server.RaftServerConfigKeys (ConfUtils.java:logGet(43)) - raft.server.log.queue.byte-limit = 2147483647 (custom)
2019-09-26 13:37:51,821 [pool-67-thread-1] INFO  server.RaftServerConfigKeys (ConfUtils.java:logGet(43)) - raft.server.log.queue.element-limit = 1024 (custom)
2019-09-26 13:37:51,822 [pool-67-thread-1] INFO  server.RaftServerConfigKeys (ConfUtils.java:logGet(43)) - raft.server.log.segment.size.max = 1048576 (custom)
2019-09-26 13:37:51,822 [pool-67-thread-1] INFO  server.RaftServerConfigKeys (ConfUtils.java:logGet(43)) - raft.server.log.preallocated.size = 16384 (custom)
2019-09-26 13:37:51,822 [pool-67-thread-1] INFO  server.RaftServerConfigKeys (ConfUtils.java:logGet(43)) - raft.server.log.write.buffer.size = 33554432 (custom)
2019-09-26 13:37:51,822 [pool-67-thread-1] INFO  server.RaftServerConfigKeys (ConfUtils.java:logGet(43)) - raft.server.log.force.sync.num = 128 (default)
2019-09-26 13:37:51,822 [pool-67-thread-1] INFO  server.RaftServerConfigKeys (ConfUtils.java:logGet(43)) - raft.server.log.statemachine.data.sync = true (default)
2019-09-26 13:37:51,822 [pool-67-thread-1] INFO  server.RaftServerConfigKeys (ConfUtils.java:logGet(43)) - raft.server.log.statemachine.data.sync.timeout = 10s (default)
2019-09-26 13:37:51,822 [pool-67-thread-1] INFO  server.RaftServerConfigKeys (ConfUtils.java:logGet(43)) - raft.server.log.statemachine.data.sync.timeout.retry = -1 (default)
2019-09-26 13:37:51,823 [pool-67-thread-1] INFO  server.RaftServerConfigKeys (ConfUtils.java:logGet(43)) - raft.server.log.statemachine.data.caching.enabled = true (custom)
2019-09-26 13:37:51,824 [pool-67-thread-1] INFO  segmented.SegmentedRaftLogWorker (SegmentedRaftLogWorker.java:lambda$new$0(132)) - 3557bb53-8e52-4f49-8c22-7e13e7d0c46b@group-A69677D9F45A-SegmentedRaftLogWorker: flushIndex: setUnconditionally 0 -> -1
2019-09-26 13:37:51,825 [pool-67-thread-1] INFO  server.RaftServerConfigKeys (ConfUtils.java:logGet(43)) - raft.server.snapshot.auto.trigger.enabled = true (custom)
2019-09-26 13:37:51,825 [pool-67-thread-1] INFO  server.RaftServerConfigKeys (ConfUtils.java:logGet(43)) - raft.server.snapshot.auto.trigger.threshold = 10000 (custom)
2019-09-26 13:37:51,825 [pool-67-thread-1] INFO  server.RaftServerConfigKeys (ConfUtils.java:logGet(43)) - raft.server.snapshot.retention.num.files = 5 (custom)
2019-09-26 13:37:51,825 [pool-67-thread-1] INFO  server.RaftServerConfigKeys (ConfUtils.java:logGet(43)) - raft.server.retrycache.expirytime = 600000ms (custom)
2019-09-26 13:37:51,828 [pool-67-thread-1] INFO  impl.RaftServerImpl (RaftServerImpl.java:start(185)) - 3557bb53-8e52-4f49-8c22-7e13e7d0c46b@group-A69677D9F45A: start as a follower, conf=-1: [3557bb53-8e52-4f49-8c22-7e13e7d0c46b:192.168.164.238:39348], old=null
2019-09-26 13:37:51,829 [pool-67-thread-1] INFO  impl.RaftServerImpl (RaftServerImpl.java:setRole(174)) - 3557bb53-8e52-4f49-8c22-7e13e7d0c46b@group-A69677D9F45A: changes role from      null to FOLLOWER at term 0 for startAsFollower
2019-09-26 13:37:51,829 [pool-67-thread-1] INFO  impl.RoleInfo (RoleInfo.java:updateAndGet(143)) - 3557bb53-8e52-4f49-8c22-7e13e7d0c46b: start FollowerState
2019-09-26 13:37:51,829 [pool-67-thread-1] INFO  util.JmxRegister (JmxRegister.java:tryRegister(44)) - Successfully registered JMX Bean with object name Ratis:service=RaftServer,group=group-A69677D9F45A,id=3557bb53-8e52-4f49-8c22-7e13e7d0c46b
2019-09-26 13:37:51,835 [RatisPipelineUtilsThread] INFO  pipeline.PipelineStateManager (PipelineStateManager.java:addPipeline(56)) - Created pipeline Pipeline[ Id: df283632-1ec8-473b-948d-a69677d9f45a, Nodes: 3557bb53-8e52-4f49-8c22-7e13e7d0c46b{ip: 192.168.164.238, host: pr-hdds-1569-87zkn-1081879488, networkLocation: /default-rack, certSerialId: null}, Type:RATIS, Factor:ONE, State:OPEN]
2019-09-26 13:37:51,835 [RatisPipelineUtilsThread] INFO  pipeline.PipelinePlacementPolicy (PipelinePlacementPolicy.java:meetCriteria(91)) - Pipeline Placement: can't place more pipeline on heavy datanode： cdf4aa8b-8ba2-4318-b195-a0642de96b1e Heaviness: 6 limit: 5
2019-09-26 13:37:51,855 [grpc-default-executor-0] INFO  impl.RaftServerProxy (RaftServerProxy.java:addNew(89)) - 07946d80-9a5e-4ca8-81a5-a2e240cd3767: addNew group-B82956006A46:[07946d80-9a5e-4ca8-81a5-a2e240cd3767:192.168.164.238:37441] returns group-B82956006A46:java.util.concurrent.CompletableFuture@80cc8dc[Not completed]
2019-09-26 13:37:51,857 [pool-37-thread-1] INFO  impl.RaftServerImpl (RaftServerImpl.java:<init>(95)) - 07946d80-9a5e-4ca8-81a5-a2e240cd3767: new RaftServerImpl for group-B82956006A46:[07946d80-9a5e-4ca8-81a5-a2e240cd3767:192.168.164.238:37441] with ContainerStateMachine:uninitialized
2019-09-26 13:37:51,858 [pool-37-thread-1] INFO  server.RaftServerConfigKeys (ConfUtils.java:logGet(43)) - raft.server.rpc.timeout.min = 5s (custom)
2019-09-26 13:37:51,858 [pool-37-thread-1] INFO  server.RaftServerConfigKeys (ConfUtils.java:logGet(43)) - raft.server.rpc.timeout.max = 5200ms (custom)
2019-09-26 13:37:51,858 [pool-37-thread-1] INFO  server.RaftServerConfigKeys (ConfUtils.java:logGet(43)) - raft.server.rpcslowness.timeout = 120s (custom)
2019-09-26 13:37:51,858 [pool-37-thread-1] INFO  server.RaftServerConfigKeys (ConfUtils.java:logGet(43)) - raft.server.sleep.deviation.threshold = 300 (default)
2019-09-26 13:37:51,859 [pool-37-thread-1] INFO  server.RaftServerConfigKeys (ConfUtils.java:logGet(43)) - raft.server.log.appender.install.snapshot.enabled = false (custom)
2019-09-26 13:37:51,859 [pool-37-thread-1] INFO  impl.RaftServerImpl (ServerState.java:<init>(103)) - 07946d80-9a5e-4ca8-81a5-a2e240cd3767@group-B82956006A46: ConfigurationManager, init=-1: [07946d80-9a5e-4ca8-81a5-a2e240cd3767:192.168.164.238:37441], old=null, confs=<EMPTY_MAP>
2019-09-26 13:37:51,859 [pool-37-thread-1] INFO  server.RaftServerConfigKeys (ConfUtils.java:logGet(43)) - raft.server.storage.dir = [/workdir/hadoop-ozone/tools/target/test-dir/MiniOzoneClusterImpl-d492c611-0ad2-4a0b-a9b3-2cc170b19582/datanode-1/data/ratis] (custom)
2019-09-26 13:37:51,860 [pool-37-thread-1] INFO  storage.RaftStorageDirectory (RaftStorageDirectory.java:analyzeStorage(246)) - The storage directory /workdir/hadoop-ozone/tools/target/test-dir/MiniOzoneClusterImpl-d492c611-0ad2-4a0b-a9b3-2cc170b19582/datanode-1/data/ratis/a1cb26b7-90d5-43f1-a25d-b82956006a46 does not exist. Creating ...
2019-09-26 13:37:51,873 [pool-37-thread-1] INFO  storage.RaftStorageDirectory (RaftStorageDirectory.java:tryLock(328)) - Lock on /workdir/hadoop-ozone/tools/target/test-dir/MiniOzoneClusterImpl-d492c611-0ad2-4a0b-a9b3-2cc170b19582/datanode-1/data/ratis/a1cb26b7-90d5-43f1-a25d-b82956006a46/in_use.lock acquired by nodename 21773@pr-hdds-1569-87zkn-1081879488
2019-09-26 13:37:51,885 [pool-37-thread-1] INFO  storage.RaftStorage (RaftStorage.java:format(72)) - Storage directory /workdir/hadoop-ozone/tools/target/test-dir/MiniOzoneClusterImpl-d492c611-0ad2-4a0b-a9b3-2cc170b19582/datanode-1/data/ratis/a1cb26b7-90d5-43f1-a25d-b82956006a46 has been successfully formatted.
2019-09-26 13:37:51,886 [pool-37-thread-1] INFO  ratis.ContainerStateMachine (ContainerStateMachine.java:loadSnapshot(230)) - group-B82956006A46: The snapshot info is null. Setting the last applied indexto:(t:0, i:~)
2019-09-26 13:37:51,886 [pool-37-thread-1] INFO  server.RaftServerConfigKeys (ConfUtils.java:logGet(43)) - raft.server.notification.no-leader.timeout = 120s (custom)
2019-09-26 13:37:51,886 [pool-37-thread-1] INFO  server.RaftServerConfigKeys (ConfUtils.java:logGet(43)) - raft.server.log.use.memory = false (default)
2019-09-26 13:37:51,886 [pool-37-thread-1] INFO  server.RaftServerConfigKeys (ConfUtils.java:logGet(43)) - raft.server.log.purge.gap = 1000000 (custom)
2019-09-26 13:37:51,886 [pool-37-thread-1] INFO  server.RaftServerConfigKeys (ConfUtils.java:logGet(43)) - raft.server.log.appender.buffer.byte-limit = 33554432 (custom)
2019-09-26 13:37:51,886 [pool-37-thread-1] INFO  server.RaftServerConfigKeys (ConfUtils.java:logGet(43)) - raft.server.log.segment.size.max = 1048576 (custom)
2019-09-26 13:37:51,886 [pool-37-thread-1] INFO  server.RaftServerConfigKeys (ConfUtils.java:logGet(43)) - raft.server.log.segment.cache.num.max = 2 (custom)
2019-09-26 13:37:51,887 [pool-37-thread-1] INFO  segmented.SegmentedRaftLogWorker (SegmentedRaftLogWorker.java:<init>(172)) - new 07946d80-9a5e-4ca8-81a5-a2e240cd3767@group-B82956006A46-SegmentedRaftLogWorker for RaftStorage:Storage Directory /workdir/hadoop-ozone/tools/target/test-dir/MiniOzoneClusterImpl-d492c611-0ad2-4a0b-a9b3-2cc170b19582/datanode-1/data/ratis/a1cb26b7-90d5-43f1-a25d-b82956006a46
2019-09-26 13:37:51,887 [pool-37-thread-1] INFO  server.RaftServerConfigKeys (ConfUtils.java:logGet(43)) - raft.server.log.queue.byte-limit = 2147483647 (custom)
2019-09-26 13:37:51,887 [pool-37-thread-1] INFO  server.RaftServerConfigKeys (ConfUtils.java:logGet(43)) - raft.server.log.queue.element-limit = 1024 (custom)
2019-09-26 13:37:51,887 [pool-37-thread-1] INFO  server.RaftServerConfigKeys (ConfUtils.java:logGet(43)) - raft.server.log.segment.size.max = 1048576 (custom)
2019-09-26 13:37:51,887 [pool-37-thread-1] INFO  server.RaftServerConfigKeys (ConfUtils.java:logGet(43)) - raft.server.log.preallocated.size = 16384 (custom)
2019-09-26 13:37:51,887 [pool-37-thread-1] INFO  server.RaftServerConfigKeys (ConfUtils.java:logGet(43)) - raft.server.log.write.buffer.size = 33554432 (custom)
2019-09-26 13:37:51,887 [pool-37-thread-1] INFO  server.RaftServerConfigKeys (ConfUtils.java:logGet(43)) - raft.server.log.force.sync.num = 128 (default)
2019-09-26 13:37:51,888 [pool-37-thread-1] INFO  server.RaftServerConfigKeys (ConfUtils.java:logGet(43)) - raft.server.log.statemachine.data.sync = true (default)
2019-09-26 13:37:51,888 [pool-37-thread-1] INFO  server.RaftServerConfigKeys (ConfUtils.java:logGet(43)) - raft.server.log.statemachine.data.sync.timeout = 10s (default)
2019-09-26 13:37:51,888 [pool-37-thread-1] INFO  server.RaftServerConfigKeys (ConfUtils.java:logGet(43)) - raft.server.log.statemachine.data.sync.timeout.retry = -1 (default)
2019-09-26 13:37:51,888 [pool-37-thread-1] INFO  server.RaftServerConfigKeys (ConfUtils.java:logGet(43)) - raft.server.log.statemachine.data.caching.enabled = true (custom)
2019-09-26 13:37:51,889 [pool-37-thread-1] INFO  segmented.SegmentedRaftLogWorker (SegmentedRaftLogWorker.java:lambda$new$0(132)) - 07946d80-9a5e-4ca8-81a5-a2e240cd3767@group-B82956006A46-SegmentedRaftLogWorker: flushIndex: setUnconditionally 0 -> -1
2019-09-26 13:37:51,889 [pool-37-thread-1] INFO  server.RaftServerConfigKeys (ConfUtils.java:logGet(43)) - raft.server.snapshot.auto.trigger.enabled = true (custom)
2019-09-26 13:37:51,889 [pool-37-thread-1] INFO  server.RaftServerConfigKeys (ConfUtils.java:logGet(43)) - raft.server.snapshot.auto.trigger.threshold = 10000 (custom)
2019-09-26 13:37:51,889 [pool-37-thread-1] INFO  server.RaftServerConfigKeys (ConfUtils.java:logGet(43)) - raft.server.snapshot.retention.num.files = 5 (custom)
2019-09-26 13:37:51,889 [pool-37-thread-1] INFO  server.RaftServerConfigKeys (ConfUtils.java:logGet(43)) - raft.server.retrycache.expirytime = 600000ms (custom)
2019-09-26 13:37:51,894 [pool-37-thread-1] INFO  impl.RaftServerImpl (RaftServerImpl.java:start(185)) - 07946d80-9a5e-4ca8-81a5-a2e240cd3767@group-B82956006A46: start as a follower, conf=-1: [07946d80-9a5e-4ca8-81a5-a2e240cd3767:192.168.164.238:37441], old=null
2019-09-26 13:37:51,895 [pool-37-thread-1] INFO  impl.RaftServerImpl (RaftServerImpl.java:setRole(174)) - 07946d80-9a5e-4ca8-81a5-a2e240cd3767@group-B82956006A46: changes role from      null to FOLLOWER at term 0 for startAsFollower
2019-09-26 13:37:51,895 [pool-37-thread-1] INFO  impl.RoleInfo (RoleInfo.java:updateAndGet(143)) - 07946d80-9a5e-4ca8-81a5-a2e240cd3767: start FollowerState
2019-09-26 13:37:51,895 [pool-37-thread-1] INFO  util.JmxRegister (JmxRegister.java:tryRegister(44)) - Successfully registered JMX Bean with object name Ratis:service=RaftServer,group=group-B82956006A46,id=07946d80-9a5e-4ca8-81a5-a2e240cd3767
2019-09-26 13:37:51,901 [RatisPipelineUtilsThread] INFO  pipeline.PipelineStateManager (PipelineStateManager.java:addPipeline(56)) - Created pipeline Pipeline[ Id: a1cb26b7-90d5-43f1-a25d-b82956006a46, Nodes: 07946d80-9a5e-4ca8-81a5-a2e240cd3767{ip: 192.168.164.238, host: pr-hdds-1569-87zkn-1081879488, networkLocation: /default-rack, certSerialId: null}, Type:RATIS, Factor:ONE, State:OPEN]
2019-09-26 13:37:51,901 [RatisPipelineUtilsThread] INFO  pipeline.PipelinePlacementPolicy (PipelinePlacementPolicy.java:meetCriteria(91)) - Pipeline Placement: can't place more pipeline on heavy datanode： cdf4aa8b-8ba2-4318-b195-a0642de96b1e Heaviness: 6 limit: 5
2019-09-26 13:37:51,910 [grpc-default-executor-0] INFO  impl.RaftServerProxy (RaftServerProxy.java:addNew(89)) - 3b4472a9-0ad3-4b35-90c6-43d323919912: addNew group-FBC232236CD8:[3b4472a9-0ad3-4b35-90c6-43d323919912:192.168.164.238:38188] returns group-FBC232236CD8:java.util.concurrent.CompletableFuture@7f6c617c[Not completed]
2019-09-26 13:37:51,912 [pool-47-thread-1] INFO  impl.RaftServerImpl (RaftServerImpl.java:<init>(95)) - 3b4472a9-0ad3-4b35-90c6-43d323919912: new RaftServerImpl for group-FBC232236CD8:[3b4472a9-0ad3-4b35-90c6-43d323919912:192.168.164.238:38188] with ContainerStateMachine:uninitialized
2019-09-26 13:37:51,913 [pool-47-thread-1] INFO  server.RaftServerConfigKeys (ConfUtils.java:logGet(43)) - raft.server.rpc.timeout.min = 5s (custom)
2019-09-26 13:37:51,913 [pool-47-thread-1] INFO  server.RaftServerConfigKeys (ConfUtils.java:logGet(43)) - raft.server.rpc.timeout.max = 5200ms (custom)
2019-09-26 13:37:51,913 [pool-47-thread-1] INFO  server.RaftServerConfigKeys (ConfUtils.java:logGet(43)) - raft.server.rpcslowness.timeout = 120s (custom)
2019-09-26 13:37:51,913 [pool-47-thread-1] INFO  server.RaftServerConfigKeys (ConfUtils.java:logGet(43)) - raft.server.sleep.deviation.threshold = 300 (default)
2019-09-26 13:37:51,914 [pool-47-thread-1] INFO  server.RaftServerConfigKeys (ConfUtils.java:logGet(43)) - raft.server.log.appender.install.snapshot.enabled = false (custom)
2019-09-26 13:37:51,914 [pool-47-thread-1] INFO  impl.RaftServerImpl (ServerState.java:<init>(103)) - 3b4472a9-0ad3-4b35-90c6-43d323919912@group-FBC232236CD8: ConfigurationManager, init=-1: [3b4472a9-0ad3-4b35-90c6-43d323919912:192.168.164.238:38188], old=null, confs=<EMPTY_MAP>
2019-09-26 13:37:51,914 [pool-47-thread-1] INFO  server.RaftServerConfigKeys (ConfUtils.java:logGet(43)) - raft.server.storage.dir = [/workdir/hadoop-ozone/tools/target/test-dir/MiniOzoneClusterImpl-d492c611-0ad2-4a0b-a9b3-2cc170b19582/datanode-2/data/ratis] (custom)
2019-09-26 13:37:51,914 [pool-47-thread-1] INFO  storage.RaftStorageDirectory (RaftStorageDirectory.java:analyzeStorage(246)) - The storage directory /workdir/hadoop-ozone/tools/target/test-dir/MiniOzoneClusterImpl-d492c611-0ad2-4a0b-a9b3-2cc170b19582/datanode-2/data/ratis/75f04260-888d-4771-a098-fbc232236cd8 does not exist. Creating ...
2019-09-26 13:37:51,927 [pool-47-thread-1] INFO  storage.RaftStorageDirectory (RaftStorageDirectory.java:tryLock(328)) - Lock on /workdir/hadoop-ozone/tools/target/test-dir/MiniOzoneClusterImpl-d492c611-0ad2-4a0b-a9b3-2cc170b19582/datanode-2/data/ratis/75f04260-888d-4771-a098-fbc232236cd8/in_use.lock acquired by nodename 21773@pr-hdds-1569-87zkn-1081879488
2019-09-26 13:37:51,940 [pool-47-thread-1] INFO  storage.RaftStorage (RaftStorage.java:format(72)) - Storage directory /workdir/hadoop-ozone/tools/target/test-dir/MiniOzoneClusterImpl-d492c611-0ad2-4a0b-a9b3-2cc170b19582/datanode-2/data/ratis/75f04260-888d-4771-a098-fbc232236cd8 has been successfully formatted.
2019-09-26 13:37:51,941 [pool-47-thread-1] INFO  ratis.ContainerStateMachine (ContainerStateMachine.java:loadSnapshot(230)) - group-FBC232236CD8: The snapshot info is null. Setting the last applied indexto:(t:0, i:~)
2019-09-26 13:37:51,941 [pool-47-thread-1] INFO  server.RaftServerConfigKeys (ConfUtils.java:logGet(43)) - raft.server.notification.no-leader.timeout = 120s (custom)
2019-09-26 13:37:51,941 [pool-47-thread-1] INFO  server.RaftServerConfigKeys (ConfUtils.java:logGet(43)) - raft.server.log.use.memory = false (default)
2019-09-26 13:37:51,941 [pool-47-thread-1] INFO  server.RaftServerConfigKeys (ConfUtils.java:logGet(43)) - raft.server.log.purge.gap = 1000000 (custom)
2019-09-26 13:37:51,942 [pool-47-thread-1] INFO  server.RaftServerConfigKeys (ConfUtils.java:logGet(43)) - raft.server.log.appender.buffer.byte-limit = 33554432 (custom)
2019-09-26 13:37:51,942 [pool-47-thread-1] INFO  server.RaftServerConfigKeys (ConfUtils.java:logGet(43)) - raft.server.log.segment.size.max = 1048576 (custom)
2019-09-26 13:37:51,942 [pool-47-thread-1] INFO  server.RaftServerConfigKeys (ConfUtils.java:logGet(43)) - raft.server.log.segment.cache.num.max = 2 (custom)
2019-09-26 13:37:51,942 [pool-47-thread-1] INFO  segmented.SegmentedRaftLogWorker (SegmentedRaftLogWorker.java:<init>(172)) - new 3b4472a9-0ad3-4b35-90c6-43d323919912@group-FBC232236CD8-SegmentedRaftLogWorker for RaftStorage:Storage Directory /workdir/hadoop-ozone/tools/target/test-dir/MiniOzoneClusterImpl-d492c611-0ad2-4a0b-a9b3-2cc170b19582/datanode-2/data/ratis/75f04260-888d-4771-a098-fbc232236cd8
2019-09-26 13:37:51,942 [pool-47-thread-1] INFO  server.RaftServerConfigKeys (ConfUtils.java:logGet(43)) - raft.server.log.queue.byte-limit = 2147483647 (custom)
2019-09-26 13:37:51,943 [pool-47-thread-1] INFO  server.RaftServerConfigKeys (ConfUtils.java:logGet(43)) - raft.server.log.queue.element-limit = 1024 (custom)
2019-09-26 13:37:51,943 [pool-47-thread-1] INFO  server.RaftServerConfigKeys (ConfUtils.java:logGet(43)) - raft.server.log.segment.size.max = 1048576 (custom)
2019-09-26 13:37:51,943 [pool-47-thread-1] INFO  server.RaftServerConfigKeys (ConfUtils.java:logGet(43)) - raft.server.log.preallocated.size = 16384 (custom)
2019-09-26 13:37:51,943 [pool-47-thread-1] INFO  server.RaftServerConfigKeys (ConfUtils.java:logGet(43)) - raft.server.log.write.buffer.size = 33554432 (custom)
2019-09-26 13:37:51,943 [pool-47-thread-1] INFO  server.RaftServerConfigKeys (ConfUtils.java:logGet(43)) - raft.server.log.force.sync.num = 128 (default)
2019-09-26 13:37:51,943 [pool-47-thread-1] INFO  server.RaftServerConfigKeys (ConfUtils.java:logGet(43)) - raft.server.log.statemachine.data.sync = true (default)
2019-09-26 13:37:51,944 [pool-47-thread-1] INFO  server.RaftServerConfigKeys (ConfUtils.java:logGet(43)) - raft.server.log.statemachine.data.sync.timeout = 10s (default)
2019-09-26 13:37:51,944 [pool-47-thread-1] INFO  server.RaftServerConfigKeys (ConfUtils.java:logGet(43)) - raft.server.log.statemachine.data.sync.timeout.retry = -1 (default)
2019-09-26 13:37:51,944 [pool-47-thread-1] INFO  server.RaftServerConfigKeys (ConfUtils.java:logGet(43)) - raft.server.log.statemachine.data.caching.enabled = true (custom)
2019-09-26 13:37:51,945 [pool-47-thread-1] INFO  segmented.SegmentedRaftLogWorker (SegmentedRaftLogWorker.java:lambda$new$0(132)) - 3b4472a9-0ad3-4b35-90c6-43d323919912@group-FBC232236CD8-SegmentedRaftLogWorker: flushIndex: setUnconditionally 0 -> -1
2019-09-26 13:37:51,945 [pool-47-thread-1] INFO  server.RaftServerConfigKeys (ConfUtils.java:logGet(43)) - raft.server.snapshot.auto.trigger.enabled = true (custom)
2019-09-26 13:37:51,945 [pool-47-thread-1] INFO  server.RaftServerConfigKeys (ConfUtils.java:logGet(43)) - raft.server.snapshot.auto.trigger.threshold = 10000 (custom)
2019-09-26 13:37:51,945 [pool-47-thread-1] INFO  server.RaftServerConfigKeys (ConfUtils.java:logGet(43)) - raft.server.snapshot.retention.num.files = 5 (custom)
2019-09-26 13:37:51,946 [pool-47-thread-1] INFO  server.RaftServerConfigKeys (ConfUtils.java:logGet(43)) - raft.server.retrycache.expirytime = 600000ms (custom)
2019-09-26 13:37:51,949 [pool-47-thread-1] INFO  impl.RaftServerImpl (RaftServerImpl.java:start(185)) - 3b4472a9-0ad3-4b35-90c6-43d323919912@group-FBC232236CD8: start as a follower, conf=-1: [3b4472a9-0ad3-4b35-90c6-43d323919912:192.168.164.238:38188], old=null
2019-09-26 13:37:51,949 [pool-47-thread-1] INFO  impl.RaftServerImpl (RaftServerImpl.java:setRole(174)) - 3b4472a9-0ad3-4b35-90c6-43d323919912@group-FBC232236CD8: changes role from      null to FOLLOWER at term 0 for startAsFollower
2019-09-26 13:37:51,950 [pool-47-thread-1] INFO  impl.RoleInfo (RoleInfo.java:updateAndGet(143)) - 3b4472a9-0ad3-4b35-90c6-43d323919912: start FollowerState
2019-09-26 13:37:51,950 [pool-47-thread-1] INFO  util.JmxRegister (JmxRegister.java:tryRegister(44)) - Successfully registered JMX Bean with object name Ratis:service=RaftServer,group=group-FBC232236CD8,id=3b4472a9-0ad3-4b35-90c6-43d323919912
2019-09-26 13:37:51,955 [RatisPipelineUtilsThread] INFO  pipeline.PipelineStateManager (PipelineStateManager.java:addPipeline(56)) - Created pipeline Pipeline[ Id: 75f04260-888d-4771-a098-fbc232236cd8, Nodes: 3b4472a9-0ad3-4b35-90c6-43d323919912{ip: 192.168.164.238, host: pr-hdds-1569-87zkn-1081879488, networkLocation: /default-rack, certSerialId: null}, Type:RATIS, Factor:ONE, State:OPEN]
2019-09-26 13:37:51,955 [RatisPipelineUtilsThread] INFO  pipeline.PipelinePlacementPolicy (PipelinePlacementPolicy.java:meetCriteria(91)) - Pipeline Placement: can't place more pipeline on heavy datanode： cdf4aa8b-8ba2-4318-b195-a0642de96b1e Heaviness: 6 limit: 5
2019-09-26 13:37:51,963 [grpc-default-executor-0] INFO  impl.RaftServerProxy (RaftServerProxy.java:addNew(89)) - 3557bb53-8e52-4f49-8c22-7e13e7d0c46b: addNew group-D83F930C1359:[3557bb53-8e52-4f49-8c22-7e13e7d0c46b:192.168.164.238:39348] returns group-D83F930C1359:java.util.concurrent.CompletableFuture@1781c3ce[Not completed]
2019-09-26 13:37:51,966 [pool-67-thread-1] INFO  impl.RaftServerImpl (RaftServerImpl.java:<init>(95)) - 3557bb53-8e52-4f49-8c22-7e13e7d0c46b: new RaftServerImpl for group-D83F930C1359:[3557bb53-8e52-4f49-8c22-7e13e7d0c46b:192.168.164.238:39348] with ContainerStateMachine:uninitialized
2019-09-26 13:37:51,966 [pool-67-thread-1] INFO  server.RaftServerConfigKeys (ConfUtils.java:logGet(43)) - raft.server.rpc.timeout.min = 5s (custom)
2019-09-26 13:37:51,966 [pool-67-thread-1] INFO  server.RaftServerConfigKeys (ConfUtils.java:logGet(43)) - raft.server.rpc.timeout.max = 5200ms (custom)
2019-09-26 13:37:51,967 [pool-67-thread-1] INFO  server.RaftServerConfigKeys (ConfUtils.java:logGet(43)) - raft.server.rpcslowness.timeout = 120s (custom)
2019-09-26 13:37:51,967 [pool-67-thread-1] INFO  server.RaftServerConfigKeys (ConfUtils.java:logGet(43)) - raft.server.sleep.deviation.threshold = 300 (default)
2019-09-26 13:37:51,967 [pool-67-thread-1] INFO  server.RaftServerConfigKeys (ConfUtils.java:logGet(43)) - raft.server.log.appender.install.snapshot.enabled = false (custom)
2019-09-26 13:37:51,967 [pool-67-thread-1] INFO  impl.RaftServerImpl (ServerState.java:<init>(103)) - 3557bb53-8e52-4f49-8c22-7e13e7d0c46b@group-D83F930C1359: ConfigurationManager, init=-1: [3557bb53-8e52-4f49-8c22-7e13e7d0c46b:192.168.164.238:39348], old=null, confs=<EMPTY_MAP>
2019-09-26 13:37:51,967 [pool-67-thread-1] INFO  server.RaftServerConfigKeys (ConfUtils.java:logGet(43)) - raft.server.storage.dir = [/workdir/hadoop-ozone/tools/target/test-dir/MiniOzoneClusterImpl-d492c611-0ad2-4a0b-a9b3-2cc170b19582/datanode-4/data/ratis] (custom)
2019-09-26 13:37:51,968 [pool-67-thread-1] INFO  storage.RaftStorageDirectory (RaftStorageDirectory.java:analyzeStorage(246)) - The storage directory /workdir/hadoop-ozone/tools/target/test-dir/MiniOzoneClusterImpl-d492c611-0ad2-4a0b-a9b3-2cc170b19582/datanode-4/data/ratis/e29e65b8-8a2c-4f8f-85ca-d83f930c1359 does not exist. Creating ...
2019-09-26 13:37:51,974 [main] INFO  freon.RandomKeyGenerator (RandomKeyGenerator.java:call(283)) - Number of Threads: 10
2019-09-26 13:37:51,975 [main] INFO  freon.RandomKeyGenerator (RandomKeyGenerator.java:call(288)) - Number of Volumes: 1.
2019-09-26 13:37:51,975 [main] INFO  freon.RandomKeyGenerator (RandomKeyGenerator.java:call(289)) - Number of Buckets per Volume: 1.
2019-09-26 13:37:51,975 [main] INFO  freon.RandomKeyGenerator (RandomKeyGenerator.java:call(290)) - Number of Keys per Bucket: 1.
2019-09-26 13:37:51,976 [main] INFO  freon.RandomKeyGenerator (RandomKeyGenerator.java:call(291)) - Key size: 20971520 bytes
2019-09-26 13:37:51,976 [main] INFO  freon.RandomKeyGenerator (RandomKeyGenerator.java:call(292)) - Buffer size: 4096 bytes
2019-09-26 13:37:51,976 [main] INFO  freon.RandomKeyGenerator (RandomKeyGenerator.java:call(293)) - validateWrites : true
2019-09-26 13:37:51,980 [main] INFO  freon.RandomKeyGenerator (RandomKeyGenerator.java:call(307)) - Data validation is enabled.
2019-09-26 13:37:51,981 [pool-67-thread-1] INFO  storage.RaftStorageDirectory (RaftStorageDirectory.java:tryLock(328)) - Lock on /workdir/hadoop-ozone/tools/target/test-dir/MiniOzoneClusterImpl-d492c611-0ad2-4a0b-a9b3-2cc170b19582/datanode-4/data/ratis/e29e65b8-8a2c-4f8f-85ca-d83f930c1359/in_use.lock acquired by nodename 21773@pr-hdds-1569-87zkn-1081879488
2019-09-26 13:37:51,982 [main] INFO  freon.RandomKeyGenerator (RandomKeyGenerator.java:call(313)) - Starting progress bar Thread.

 0.00% |█                                                                                                    |  0/1 Time: 0:00:002019-09-26 13:37:51,996 [pool-67-thread-1] INFO  storage.RaftStorage (RaftStorage.java:format(72)) - Storage directory /workdir/hadoop-ozone/tools/target/test-dir/MiniOzoneClusterImpl-d492c611-0ad2-4a0b-a9b3-2cc170b19582/datanode-4/data/ratis/e29e65b8-8a2c-4f8f-85ca-d83f930c1359 has been successfully formatted.
2019-09-26 13:37:51,999 [pool-67-thread-1] INFO  ratis.ContainerStateMachine (ContainerStateMachine.java:loadSnapshot(230)) - group-D83F930C1359: The snapshot info is null. Setting the last applied indexto:(t:0, i:~)
2019-09-26 13:37:51,999 [pool-67-thread-1] INFO  server.RaftServerConfigKeys (ConfUtils.java:logGet(43)) - raft.server.notification.no-leader.timeout = 120s (custom)
2019-09-26 13:37:51,999 [pool-67-thread-1] INFO  server.RaftServerConfigKeys (ConfUtils.java:logGet(43)) - raft.server.log.use.memory = false (default)
2019-09-26 13:37:51,999 [pool-67-thread-1] INFO  server.RaftServerConfigKeys (ConfUtils.java:logGet(43)) - raft.server.log.purge.gap = 1000000 (custom)
2019-09-26 13:37:52,000 [pool-67-thread-1] INFO  server.RaftServerConfigKeys (ConfUtils.java:logGet(43)) - raft.server.log.appender.buffer.byte-limit = 33554432 (custom)
2019-09-26 13:37:52,000 [pool-67-thread-1] INFO  server.RaftServerConfigKeys (ConfUtils.java:logGet(43)) - raft.server.log.segment.size.max = 1048576 (custom)
2019-09-26 13:37:52,000 [pool-67-thread-1] INFO  server.RaftServerConfigKeys (ConfUtils.java:logGet(43)) - raft.server.log.segment.cache.num.max = 2 (custom)
2019-09-26 13:37:52,000 [pool-67-thread-1] INFO  segmented.SegmentedRaftLogWorker (SegmentedRaftLogWorker.java:<init>(172)) - new 3557bb53-8e52-4f49-8c22-7e13e7d0c46b@group-D83F930C1359-SegmentedRaftLogWorker for RaftStorage:Storage Directory /workdir/hadoop-ozone/tools/target/test-dir/MiniOzoneClusterImpl-d492c611-0ad2-4a0b-a9b3-2cc170b19582/datanode-4/data/ratis/e29e65b8-8a2c-4f8f-85ca-d83f930c1359
2019-09-26 13:37:52,000 [pool-67-thread-1] INFO  server.RaftServerConfigKeys (ConfUtils.java:logGet(43)) - raft.server.log.queue.byte-limit = 2147483647 (custom)
2019-09-26 13:37:52,000 [pool-67-thread-1] INFO  server.RaftServerConfigKeys (ConfUtils.java:logGet(43)) - raft.server.log.queue.element-limit = 1024 (custom)
2019-09-26 13:37:52,000 [pool-67-thread-1] INFO  server.RaftServerConfigKeys (ConfUtils.java:logGet(43)) - raft.server.log.segment.size.max = 1048576 (custom)
2019-09-26 13:37:52,001 [pool-67-thread-1] INFO  server.RaftServerConfigKeys (ConfUtils.java:logGet(43)) - raft.server.log.preallocated.size = 16384 (custom)
2019-09-26 13:37:52,001 [pool-67-thread-1] INFO  server.RaftServerConfigKeys (ConfUtils.java:logGet(43)) - raft.server.log.write.buffer.size = 33554432 (custom)
2019-09-26 13:37:52,001 [pool-67-thread-1] INFO  server.RaftServerConfigKeys (ConfUtils.java:logGet(43)) - raft.server.log.force.sync.num = 128 (default)
2019-09-26 13:37:52,001 [pool-67-thread-1] INFO  server.RaftServerConfigKeys (ConfUtils.java:logGet(43)) - raft.server.log.statemachine.data.sync = true (default)
2019-09-26 13:37:52,001 [pool-67-thread-1] INFO  server.RaftServerConfigKeys (ConfUtils.java:logGet(43)) - raft.server.log.statemachine.data.sync.timeout = 10s (default)
2019-09-26 13:37:52,001 [pool-67-thread-1] INFO  server.RaftServerConfigKeys (ConfUtils.java:logGet(43)) - raft.server.log.statemachine.data.sync.timeout.retry = -1 (default)
2019-09-26 13:37:52,001 [pool-67-thread-1] INFO  server.RaftServerConfigKeys (ConfUtils.java:logGet(43)) - raft.server.log.statemachine.data.caching.enabled = true (custom)
2019-09-26 13:37:52,002 [pool-67-thread-1] INFO  segmented.SegmentedRaftLogWorker (SegmentedRaftLogWorker.java:lambda$new$0(132)) - 3557bb53-8e52-4f49-8c22-7e13e7d0c46b@group-D83F930C1359-SegmentedRaftLogWorker: flushIndex: setUnconditionally 0 -> -1
2019-09-26 13:37:52,002 [pool-67-thread-1] INFO  server.RaftServerConfigKeys (ConfUtils.java:logGet(43)) - raft.server.snapshot.auto.trigger.enabled = true (custom)
2019-09-26 13:37:52,002 [pool-67-thread-1] INFO  server.RaftServerConfigKeys (ConfUtils.java:logGet(43)) - raft.server.snapshot.auto.trigger.threshold = 10000 (custom)
2019-09-26 13:37:52,002 [pool-67-thread-1] INFO  server.RaftServerConfigKeys (ConfUtils.java:logGet(43)) - raft.server.snapshot.retention.num.files = 5 (custom)
2019-09-26 13:37:52,002 [pool-67-thread-1] INFO  server.RaftServerConfigKeys (ConfUtils.java:logGet(43)) - raft.server.retrycache.expirytime = 600000ms (custom)
2019-09-26 13:37:52,005 [pool-67-thread-1] INFO  impl.RaftServerImpl (RaftServerImpl.java:start(185)) - 3557bb53-8e52-4f49-8c22-7e13e7d0c46b@group-D83F930C1359: start as a follower, conf=-1: [3557bb53-8e52-4f49-8c22-7e13e7d0c46b:192.168.164.238:39348], old=null
2019-09-26 13:37:52,005 [pool-67-thread-1] INFO  impl.RaftServerImpl (RaftServerImpl.java:setRole(174)) - 3557bb53-8e52-4f49-8c22-7e13e7d0c46b@group-D83F930C1359: changes role from      null to FOLLOWER at term 0 for startAsFollower
2019-09-26 13:37:52,005 [pool-67-thread-1] INFO  impl.RoleInfo (RoleInfo.java:updateAndGet(143)) - 3557bb53-8e52-4f49-8c22-7e13e7d0c46b: start FollowerState
2019-09-26 13:37:52,006 [pool-67-thread-1] INFO  util.JmxRegister (JmxRegister.java:tryRegister(44)) - Successfully registered JMX Bean with object name Ratis:service=RaftServer,group=group-D83F930C1359,id=3557bb53-8e52-4f49-8c22-7e13e7d0c46b
2019-09-26 13:37:52,006 [pool-73-thread-1] INFO  rpc.RpcClient (RpcClient.java:createVolume(276)) - Creating Volume: vol-0-39644, with jenkins1000 as owner.
2019-09-26 13:37:52,011 [RatisPipelineUtilsThread] INFO  pipeline.PipelineStateManager (PipelineStateManager.java:addPipeline(56)) - Created pipeline Pipeline[ Id: e29e65b8-8a2c-4f8f-85ca-d83f930c1359, Nodes: 3557bb53-8e52-4f49-8c22-7e13e7d0c46b{ip: 192.168.164.238, host: pr-hdds-1569-87zkn-1081879488, networkLocation: /default-rack, certSerialId: null}, Type:RATIS, Factor:ONE, State:OPEN]
2019-09-26 13:37:52,012 [RatisPipelineUtilsThread] INFO  pipeline.PipelinePlacementPolicy (PipelinePlacementPolicy.java:meetCriteria(91)) - Pipeline Placement: can't place more pipeline on heavy datanode： cdf4aa8b-8ba2-4318-b195-a0642de96b1e Heaviness: 6 limit: 5
2019-09-26 13:37:52,021 [grpc-default-executor-0] INFO  impl.RaftServerProxy (RaftServerProxy.java:addNew(89)) - 07946d80-9a5e-4ca8-81a5-a2e240cd3767: addNew group-DDD461811613:[07946d80-9a5e-4ca8-81a5-a2e240cd3767:192.168.164.238:37441] returns group-DDD461811613:java.util.concurrent.CompletableFuture@5da3324c[Not completed]
2019-09-26 13:37:52,023 [pool-37-thread-1] INFO  impl.RaftServerImpl (RaftServerImpl.java:<init>(95)) - 07946d80-9a5e-4ca8-81a5-a2e240cd3767: new RaftServerImpl for group-DDD461811613:[07946d80-9a5e-4ca8-81a5-a2e240cd3767:192.168.164.238:37441] with ContainerStateMachine:uninitialized
2019-09-26 13:37:52,023 [pool-37-thread-1] INFO  server.RaftServerConfigKeys (ConfUtils.java:logGet(43)) - raft.server.rpc.timeout.min = 5s (custom)
2019-09-26 13:37:52,023 [pool-37-thread-1] INFO  server.RaftServerConfigKeys (ConfUtils.java:logGet(43)) - raft.server.rpc.timeout.max = 5200ms (custom)
2019-09-26 13:37:52,023 [pool-37-thread-1] INFO  server.RaftServerConfigKeys (ConfUtils.java:logGet(43)) - raft.server.rpcslowness.timeout = 120s (custom)
2019-09-26 13:37:52,023 [pool-37-thread-1] INFO  server.RaftServerConfigKeys (ConfUtils.java:logGet(43)) - raft.server.sleep.deviation.threshold = 300 (default)
2019-09-26 13:37:52,024 [pool-37-thread-1] INFO  server.RaftServerConfigKeys (ConfUtils.java:logGet(43)) - raft.server.log.appender.install.snapshot.enabled = false (custom)
2019-09-26 13:37:52,024 [pool-37-thread-1] INFO  impl.RaftServerImpl (ServerState.java:<init>(103)) - 07946d80-9a5e-4ca8-81a5-a2e240cd3767@group-DDD461811613: ConfigurationManager, init=-1: [07946d80-9a5e-4ca8-81a5-a2e240cd3767:192.168.164.238:37441], old=null, confs=<EMPTY_MAP>
2019-09-26 13:37:52,024 [pool-37-thread-1] INFO  server.RaftServerConfigKeys (ConfUtils.java:logGet(43)) - raft.server.storage.dir = [/workdir/hadoop-ozone/tools/target/test-dir/MiniOzoneClusterImpl-d492c611-0ad2-4a0b-a9b3-2cc170b19582/datanode-1/data/ratis] (custom)
2019-09-26 13:37:52,024 [pool-37-thread-1] INFO  storage.RaftStorageDirectory (RaftStorageDirectory.java:analyzeStorage(246)) - The storage directory /workdir/hadoop-ozone/tools/target/test-dir/MiniOzoneClusterImpl-d492c611-0ad2-4a0b-a9b3-2cc170b19582/datanode-1/data/ratis/eb45ae6f-6cce-41e1-9188-ddd461811613 does not exist. Creating ...
2019-09-26 13:37:52,037 [pool-37-thread-1] INFO  storage.RaftStorageDirectory (RaftStorageDirectory.java:tryLock(328)) - Lock on /workdir/hadoop-ozone/tools/target/test-dir/MiniOzoneClusterImpl-d492c611-0ad2-4a0b-a9b3-2cc170b19582/datanode-1/data/ratis/eb45ae6f-6cce-41e1-9188-ddd461811613/in_use.lock acquired by nodename 21773@pr-hdds-1569-87zkn-1081879488
2019-09-26 13:37:52,050 [pool-37-thread-1] INFO  storage.RaftStorage (RaftStorage.java:format(72)) - Storage directory /workdir/hadoop-ozone/tools/target/test-dir/MiniOzoneClusterImpl-d492c611-0ad2-4a0b-a9b3-2cc170b19582/datanode-1/data/ratis/eb45ae6f-6cce-41e1-9188-ddd461811613 has been successfully formatted.
2019-09-26 13:37:52,050 [pool-37-thread-1] INFO  ratis.ContainerStateMachine (ContainerStateMachine.java:loadSnapshot(230)) - group-DDD461811613: The snapshot info is null. Setting the last applied indexto:(t:0, i:~)
2019-09-26 13:37:52,050 [pool-37-thread-1] INFO  server.RaftServerConfigKeys (ConfUtils.java:logGet(43)) - raft.server.notification.no-leader.timeout = 120s (custom)
2019-09-26 13:37:52,050 [pool-37-thread-1] INFO  server.RaftServerConfigKeys (ConfUtils.java:logGet(43)) - raft.server.log.use.memory = false (default)
2019-09-26 13:37:52,051 [pool-37-thread-1] INFO  server.RaftServerConfigKeys (ConfUtils.java:logGet(43)) - raft.server.log.purge.gap = 1000000 (custom)
2019-09-26 13:37:52,051 [pool-37-thread-1] INFO  server.RaftServerConfigKeys (ConfUtils.java:logGet(43)) - raft.server.log.appender.buffer.byte-limit = 33554432 (custom)
2019-09-26 13:37:52,051 [pool-37-thread-1] INFO  server.RaftServerConfigKeys (ConfUtils.java:logGet(43)) - raft.server.log.segment.size.max = 1048576 (custom)
2019-09-26 13:37:52,051 [pool-37-thread-1] INFO  server.RaftServerConfigKeys (ConfUtils.java:logGet(43)) - raft.server.log.segment.cache.num.max = 2 (custom)
2019-09-26 13:37:52,051 [pool-37-thread-1] INFO  segmented.SegmentedRaftLogWorker (SegmentedRaftLogWorker.java:<init>(172)) - new 07946d80-9a5e-4ca8-81a5-a2e240cd3767@group-DDD461811613-SegmentedRaftLogWorker for RaftStorage:Storage Directory /workdir/hadoop-ozone/tools/target/test-dir/MiniOzoneClusterImpl-d492c611-0ad2-4a0b-a9b3-2cc170b19582/datanode-1/data/ratis/eb45ae6f-6cce-41e1-9188-ddd461811613
2019-09-26 13:37:52,051 [pool-37-thread-1] INFO  server.RaftServerConfigKeys (ConfUtils.java:logGet(43)) - raft.server.log.queue.byte-limit = 2147483647 (custom)
2019-09-26 13:37:52,051 [pool-37-thread-1] INFO  server.RaftServerConfigKeys (ConfUtils.java:logGet(43)) - raft.server.log.queue.element-limit = 1024 (custom)
2019-09-26 13:37:52,051 [pool-37-thread-1] INFO  server.RaftServerConfigKeys (ConfUtils.java:logGet(43)) - raft.server.log.segment.size.max = 1048576 (custom)
2019-09-26 13:37:52,052 [pool-37-thread-1] INFO  server.RaftServerConfigKeys (ConfUtils.java:logGet(43)) - raft.server.log.preallocated.size = 16384 (custom)
2019-09-26 13:37:52,052 [pool-37-thread-1] INFO  server.RaftServerConfigKeys (ConfUtils.java:logGet(43)) - raft.server.log.write.buffer.size = 33554432 (custom)
2019-09-26 13:37:52,052 [pool-37-thread-1] INFO  server.RaftServerConfigKeys (ConfUtils.java:logGet(43)) - raft.server.log.force.sync.num = 128 (default)
2019-09-26 13:37:52,052 [pool-37-thread-1] INFO  server.RaftServerConfigKeys (ConfUtils.java:logGet(43)) - raft.server.log.statemachine.data.sync = true (default)
2019-09-26 13:37:52,052 [pool-37-thread-1] INFO  server.RaftServerConfigKeys (ConfUtils.java:logGet(43)) - raft.server.log.statemachine.data.sync.timeout = 10s (default)
2019-09-26 13:37:52,052 [pool-37-thread-1] INFO  server.RaftServerConfigKeys (ConfUtils.java:logGet(43)) - raft.server.log.statemachine.data.sync.timeout.retry = -1 (default)
2019-09-26 13:37:52,052 [pool-37-thread-1] INFO  server.RaftServerConfigKeys (ConfUtils.java:logGet(43)) - raft.server.log.statemachine.data.caching.enabled = true (custom)
2019-09-26 13:37:52,053 [pool-37-thread-1] INFO  segmented.SegmentedRaftLogWorker (SegmentedRaftLogWorker.java:lambda$new$0(132)) - 07946d80-9a5e-4ca8-81a5-a2e240cd3767@group-DDD461811613-SegmentedRaftLogWorker: flushIndex: setUnconditionally 0 -> -1
2019-09-26 13:37:52,053 [pool-37-thread-1] INFO  server.RaftServerConfigKeys (ConfUtils.java:logGet(43)) - raft.server.snapshot.auto.trigger.enabled = true (custom)
2019-09-26 13:37:52,053 [pool-37-thread-1] INFO  server.RaftServerConfigKeys (ConfUtils.java:logGet(43)) - raft.server.snapshot.auto.trigger.threshold = 10000 (custom)
2019-09-26 13:37:52,053 [pool-37-thread-1] INFO  server.RaftServerConfigKeys (ConfUtils.java:logGet(43)) - raft.server.snapshot.retention.num.files = 5 (custom)
2019-09-26 13:37:52,053 [pool-37-thread-1] INFO  server.RaftServerConfigKeys (ConfUtils.java:logGet(43)) - raft.server.retrycache.expirytime = 600000ms (custom)
2019-09-26 13:37:52,056 [pool-37-thread-1] INFO  impl.RaftServerImpl (RaftServerImpl.java:start(185)) - 07946d80-9a5e-4ca8-81a5-a2e240cd3767@group-DDD461811613: start as a follower, conf=-1: [07946d80-9a5e-4ca8-81a5-a2e240cd3767:192.168.164.238:37441], old=null
2019-09-26 13:37:52,056 [pool-37-thread-1] INFO  impl.RaftServerImpl (RaftServerImpl.java:setRole(174)) - 07946d80-9a5e-4ca8-81a5-a2e240cd3767@group-DDD461811613: changes role from      null to FOLLOWER at term 0 for startAsFollower
2019-09-26 13:37:52,056 [pool-37-thread-1] INFO  impl.RoleInfo (RoleInfo.java:updateAndGet(143)) - 07946d80-9a5e-4ca8-81a5-a2e240cd3767: start FollowerState
2019-09-26 13:37:52,057 [pool-37-thread-1] INFO  util.JmxRegister (JmxRegister.java:tryRegister(44)) - Successfully registered JMX Bean with object name Ratis:service=RaftServer,group=group-DDD461811613,id=07946d80-9a5e-4ca8-81a5-a2e240cd3767
2019-09-26 13:37:52,061 [RatisPipelineUtilsThread] INFO  pipeline.PipelineStateManager (PipelineStateManager.java:addPipeline(56)) - Created pipeline Pipeline[ Id: eb45ae6f-6cce-41e1-9188-ddd461811613, Nodes: 07946d80-9a5e-4ca8-81a5-a2e240cd3767{ip: 192.168.164.238, host: pr-hdds-1569-87zkn-1081879488, networkLocation: /default-rack, certSerialId: null}, Type:RATIS, Factor:ONE, State:OPEN]
2019-09-26 13:37:52,062 [RatisPipelineUtilsThread] INFO  pipeline.PipelinePlacementPolicy (PipelinePlacementPolicy.java:meetCriteria(91)) - Pipeline Placement: can't place more pipeline on heavy datanode： cdf4aa8b-8ba2-4318-b195-a0642de96b1e Heaviness: 6 limit: 5
2019-09-26 13:37:52,080 [grpc-default-executor-0] INFO  impl.RaftServerProxy (RaftServerProxy.java:addNew(89)) - 3b4472a9-0ad3-4b35-90c6-43d323919912: addNew group-7FB344758B6C:[3b4472a9-0ad3-4b35-90c6-43d323919912:192.168.164.238:38188] returns group-7FB344758B6C:java.util.concurrent.CompletableFuture@10249f61[Not completed]
2019-09-26 13:37:52,082 [pool-47-thread-1] INFO  impl.RaftServerImpl (RaftServerImpl.java:<init>(95)) - 3b4472a9-0ad3-4b35-90c6-43d323919912: new RaftServerImpl for group-7FB344758B6C:[3b4472a9-0ad3-4b35-90c6-43d323919912:192.168.164.238:38188] with ContainerStateMachine:uninitialized
2019-09-26 13:37:52,082 [pool-47-thread-1] INFO  server.RaftServerConfigKeys (ConfUtils.java:logGet(43)) - raft.server.rpc.timeout.min = 5s (custom)
2019-09-26 13:37:52,082 [pool-47-thread-1] INFO  server.RaftServerConfigKeys (ConfUtils.java:logGet(43)) - raft.server.rpc.timeout.max = 5200ms (custom)
2019-09-26 13:37:52,083 [pool-47-thread-1] INFO  server.RaftServerConfigKeys (ConfUtils.java:logGet(43)) - raft.server.rpcslowness.timeout = 120s (custom)
2019-09-26 13:37:52,083 [pool-47-thread-1] INFO  server.RaftServerConfigKeys (ConfUtils.java:logGet(43)) - raft.server.sleep.deviation.threshold = 300 (default)
2019-09-26 13:37:52,083 [pool-47-thread-1] INFO  server.RaftServerConfigKeys (ConfUtils.java:logGet(43)) - raft.server.log.appender.install.snapshot.enabled = false (custom)
2019-09-26 13:37:52,083 [pool-47-thread-1] INFO  impl.RaftServerImpl (ServerState.java:<init>(103)) - 3b4472a9-0ad3-4b35-90c6-43d323919912@group-7FB344758B6C: ConfigurationManager, init=-1: [3b4472a9-0ad3-4b35-90c6-43d323919912:192.168.164.238:38188], old=null, confs=<EMPTY_MAP>
2019-09-26 13:37:52,083 [pool-47-thread-1] INFO  server.RaftServerConfigKeys (ConfUtils.java:logGet(43)) - raft.server.storage.dir = [/workdir/hadoop-ozone/tools/target/test-dir/MiniOzoneClusterImpl-d492c611-0ad2-4a0b-a9b3-2cc170b19582/datanode-2/data/ratis] (custom)
2019-09-26 13:37:52,084 [pool-47-thread-1] INFO  storage.RaftStorageDirectory (RaftStorageDirectory.java:analyzeStorage(246)) - The storage directory /workdir/hadoop-ozone/tools/target/test-dir/MiniOzoneClusterImpl-d492c611-0ad2-4a0b-a9b3-2cc170b19582/datanode-2/data/ratis/ce5d6417-8575-4f13-8b00-7fb344758b6c does not exist. Creating ...
2019-09-26 13:37:52,097 [pool-47-thread-1] INFO  storage.RaftStorageDirectory (RaftStorageDirectory.java:tryLock(328)) - Lock on /workdir/hadoop-ozone/tools/target/test-dir/MiniOzoneClusterImpl-d492c611-0ad2-4a0b-a9b3-2cc170b19582/datanode-2/data/ratis/ce5d6417-8575-4f13-8b00-7fb344758b6c/in_use.lock acquired by nodename 21773@pr-hdds-1569-87zkn-1081879488
2019-09-26 13:37:52,110 [pool-47-thread-1] INFO  storage.RaftStorage (RaftStorage.java:format(72)) - Storage directory /workdir/hadoop-ozone/tools/target/test-dir/MiniOzoneClusterImpl-d492c611-0ad2-4a0b-a9b3-2cc170b19582/datanode-2/data/ratis/ce5d6417-8575-4f13-8b00-7fb344758b6c has been successfully formatted.
2019-09-26 13:37:52,110 [pool-47-thread-1] INFO  ratis.ContainerStateMachine (ContainerStateMachine.java:loadSnapshot(230)) - group-7FB344758B6C: The snapshot info is null. Setting the last applied indexto:(t:0, i:~)
2019-09-26 13:37:52,110 [pool-47-thread-1] INFO  server.RaftServerConfigKeys (ConfUtils.java:logGet(43)) - raft.server.notification.no-leader.timeout = 120s (custom)
2019-09-26 13:37:52,110 [pool-47-thread-1] INFO  server.RaftServerConfigKeys (ConfUtils.java:logGet(43)) - raft.server.log.use.memory = false (default)
2019-09-26 13:37:52,111 [pool-47-thread-1] INFO  server.RaftServerConfigKeys (ConfUtils.java:logGet(43)) - raft.server.log.purge.gap = 1000000 (custom)
2019-09-26 13:37:52,111 [pool-47-thread-1] INFO  server.RaftServerConfigKeys (ConfUtils.java:logGet(43)) - raft.server.log.appender.buffer.byte-limit = 33554432 (custom)
2019-09-26 13:37:52,111 [pool-47-thread-1] INFO  server.RaftServerConfigKeys (ConfUtils.java:logGet(43)) - raft.server.log.segment.size.max = 1048576 (custom)
2019-09-26 13:37:52,111 [pool-47-thread-1] INFO  server.RaftServerConfigKeys (ConfUtils.java:logGet(43)) - raft.server.log.segment.cache.num.max = 2 (custom)
2019-09-26 13:37:52,111 [pool-47-thread-1] INFO  segmented.SegmentedRaftLogWorker (SegmentedRaftLogWorker.java:<init>(172)) - new 3b4472a9-0ad3-4b35-90c6-43d323919912@group-7FB344758B6C-SegmentedRaftLogWorker for RaftStorage:Storage Directory /workdir/hadoop-ozone/tools/target/test-dir/MiniOzoneClusterImpl-d492c611-0ad2-4a0b-a9b3-2cc170b19582/datanode-2/data/ratis/ce5d6417-8575-4f13-8b00-7fb344758b6c
2019-09-26 13:37:52,111 [pool-47-thread-1] INFO  server.RaftServerConfigKeys (ConfUtils.java:logGet(43)) - raft.server.log.queue.byte-limit = 2147483647 (custom)
2019-09-26 13:37:52,112 [pool-47-thread-1] INFO  server.RaftServerConfigKeys (ConfUtils.java:logGet(43)) - raft.server.log.queue.element-limit = 1024 (custom)
2019-09-26 13:37:52,112 [pool-47-thread-1] INFO  server.RaftServerConfigKeys (ConfUtils.java:logGet(43)) - raft.server.log.segment.size.max = 1048576 (custom)
2019-09-26 13:37:52,112 [pool-47-thread-1] INFO  server.RaftServerConfigKeys (ConfUtils.java:logGet(43)) - raft.server.log.preallocated.size = 16384 (custom)
2019-09-26 13:37:52,112 [pool-47-thread-1] INFO  server.RaftServerConfigKeys (ConfUtils.java:logGet(43)) - raft.server.log.write.buffer.size = 33554432 (custom)
2019-09-26 13:37:52,112 [pool-47-thread-1] INFO  server.RaftServerConfigKeys (ConfUtils.java:logGet(43)) - raft.server.log.force.sync.num = 128 (default)
2019-09-26 13:37:52,112 [pool-47-thread-1] INFO  server.RaftServerConfigKeys (ConfUtils.java:logGet(43)) - raft.server.log.statemachine.data.sync = true (default)
2019-09-26 13:37:52,112 [pool-47-thread-1] INFO  server.RaftServerConfigKeys (ConfUtils.java:logGet(43)) - raft.server.log.statemachine.data.sync.timeout = 10s (default)
2019-09-26 13:37:52,113 [pool-47-thread-1] INFO  server.RaftServerConfigKeys (ConfUtils.java:logGet(43)) - raft.server.log.statemachine.data.sync.timeout.retry = -1 (default)
2019-09-26 13:37:52,115 [pool-47-thread-1] INFO  server.RaftServerConfigKeys (ConfUtils.java:logGet(43)) - raft.server.log.statemachine.data.caching.enabled = true (custom)
2019-09-26 13:37:52,115 [pool-47-thread-1] INFO  segmented.SegmentedRaftLogWorker (SegmentedRaftLogWorker.java:lambda$new$0(132)) - 3b4472a9-0ad3-4b35-90c6-43d323919912@group-7FB344758B6C-SegmentedRaftLogWorker: flushIndex: setUnconditionally 0 -> -1
2019-09-26 13:37:52,116 [pool-47-thread-1] INFO  server.RaftServerConfigKeys (ConfUtils.java:logGet(43)) - raft.server.snapshot.auto.trigger.enabled = true (custom)
2019-09-26 13:37:52,116 [pool-47-thread-1] INFO  server.RaftServerConfigKeys (ConfUtils.java:logGet(43)) - raft.server.snapshot.auto.trigger.threshold = 10000 (custom)
2019-09-26 13:37:52,116 [pool-47-thread-1] INFO  server.RaftServerConfigKeys (ConfUtils.java:logGet(43)) - raft.server.snapshot.retention.num.files = 5 (custom)
2019-09-26 13:37:52,116 [pool-47-thread-1] INFO  server.RaftServerConfigKeys (ConfUtils.java:logGet(43)) - raft.server.retrycache.expirytime = 600000ms (custom)
2019-09-26 13:37:52,120 [pool-47-thread-1] INFO  impl.RaftServerImpl (RaftServerImpl.java:start(185)) - 3b4472a9-0ad3-4b35-90c6-43d323919912@group-7FB344758B6C: start as a follower, conf=-1: [3b4472a9-0ad3-4b35-90c6-43d323919912:192.168.164.238:38188], old=null
2019-09-26 13:37:52,120 [pool-47-thread-1] INFO  impl.RaftServerImpl (RaftServerImpl.java:setRole(174)) - 3b4472a9-0ad3-4b35-90c6-43d323919912@group-7FB344758B6C: changes role from      null to FOLLOWER at term 0 for startAsFollower
2019-09-26 13:37:52,120 [pool-47-thread-1] INFO  impl.RoleInfo (RoleInfo.java:updateAndGet(143)) - 3b4472a9-0ad3-4b35-90c6-43d323919912: start FollowerState
2019-09-26 13:37:52,126 [pool-47-thread-1] INFO  util.JmxRegister (JmxRegister.java:tryRegister(44)) - Successfully registered JMX Bean with object name Ratis:service=RaftServer,group=group-7FB344758B6C,id=3b4472a9-0ad3-4b35-90c6-43d323919912
2019-09-26 13:37:52,139 [RatisPipelineUtilsThread] INFO  pipeline.PipelineStateManager (PipelineStateManager.java:addPipeline(56)) - Created pipeline Pipeline[ Id: ce5d6417-8575-4f13-8b00-7fb344758b6c, Nodes: 3b4472a9-0ad3-4b35-90c6-43d323919912{ip: 192.168.164.238, host: pr-hdds-1569-87zkn-1081879488, networkLocation: /default-rack, certSerialId: null}, Type:RATIS, Factor:ONE, State:OPEN]
2019-09-26 13:37:52,139 [RatisPipelineUtilsThread] INFO  pipeline.PipelinePlacementPolicy (PipelinePlacementPolicy.java:meetCriteria(91)) - Pipeline Placement: can't place more pipeline on heavy datanode： cdf4aa8b-8ba2-4318-b195-a0642de96b1e Heaviness: 6 limit: 5
2019-09-26 13:37:52,141 [IPC Server handler 9 on 43283] INFO  volume.OMVolumeCreateRequest (OMVolumeCreateRequest.java:validateAndUpdateCache(189)) - created volume:vol-0-39644 for user:jenkins1000
2019-09-26 13:37:52,149 [grpc-default-executor-0] INFO  impl.RaftServerProxy (RaftServerProxy.java:addNew(89)) - 07946d80-9a5e-4ca8-81a5-a2e240cd3767: addNew group-5BCC0D9F1A31:[07946d80-9a5e-4ca8-81a5-a2e240cd3767:192.168.164.238:37441] returns group-5BCC0D9F1A31:java.util.concurrent.CompletableFuture@536adc1e[Not completed]
2019-09-26 13:37:52,153 [pool-37-thread-1] INFO  impl.RaftServerImpl (RaftServerImpl.java:<init>(95)) - 07946d80-9a5e-4ca8-81a5-a2e240cd3767: new RaftServerImpl for group-5BCC0D9F1A31:[07946d80-9a5e-4ca8-81a5-a2e240cd3767:192.168.164.238:37441] with ContainerStateMachine:uninitialized
2019-09-26 13:37:52,153 [pool-37-thread-1] INFO  server.RaftServerConfigKeys (ConfUtils.java:logGet(43)) - raft.server.rpc.timeout.min = 5s (custom)
2019-09-26 13:37:52,153 [pool-37-thread-1] INFO  server.RaftServerConfigKeys (ConfUtils.java:logGet(43)) - raft.server.rpc.timeout.max = 5200ms (custom)
2019-09-26 13:37:52,153 [pool-37-thread-1] INFO  server.RaftServerConfigKeys (ConfUtils.java:logGet(43)) - raft.server.rpcslowness.timeout = 120s (custom)
2019-09-26 13:37:52,153 [pool-37-thread-1] INFO  server.RaftServerConfigKeys (ConfUtils.java:logGet(43)) - raft.server.sleep.deviation.threshold = 300 (default)
2019-09-26 13:37:52,156 [pool-37-thread-1] INFO  server.RaftServerConfigKeys (ConfUtils.java:logGet(43)) - raft.server.log.appender.install.snapshot.enabled = false (custom)
2019-09-26 13:37:52,156 [pool-37-thread-1] INFO  impl.RaftServerImpl (ServerState.java:<init>(103)) - 07946d80-9a5e-4ca8-81a5-a2e240cd3767@group-5BCC0D9F1A31: ConfigurationManager, init=-1: [07946d80-9a5e-4ca8-81a5-a2e240cd3767:192.168.164.238:37441], old=null, confs=<EMPTY_MAP>
2019-09-26 13:37:52,157 [pool-37-thread-1] INFO  server.RaftServerConfigKeys (ConfUtils.java:logGet(43)) - raft.server.storage.dir = [/workdir/hadoop-ozone/tools/target/test-dir/MiniOzoneClusterImpl-d492c611-0ad2-4a0b-a9b3-2cc170b19582/datanode-1/data/ratis] (custom)
2019-09-26 13:37:52,158 [pool-37-thread-1] INFO  storage.RaftStorageDirectory (RaftStorageDirectory.java:analyzeStorage(246)) - The storage directory /workdir/hadoop-ozone/tools/target/test-dir/MiniOzoneClusterImpl-d492c611-0ad2-4a0b-a9b3-2cc170b19582/datanode-1/data/ratis/a339f07f-0554-4d8b-8be2-5bcc0d9f1a31 does not exist. Creating ...
2019-09-26 13:37:52,171 [pool-37-thread-1] INFO  storage.RaftStorageDirectory (RaftStorageDirectory.java:tryLock(328)) - Lock on /workdir/hadoop-ozone/tools/target/test-dir/MiniOzoneClusterImpl-d492c611-0ad2-4a0b-a9b3-2cc170b19582/datanode-1/data/ratis/a339f07f-0554-4d8b-8be2-5bcc0d9f1a31/in_use.lock acquired by nodename 21773@pr-hdds-1569-87zkn-1081879488
2019-09-26 13:37:52,180 [pool-73-thread-2] INFO  rpc.RpcClient (RpcClient.java:createBucket(415)) - Creating Bucket: vol-0-39644/bucket-0-12594, with Versioning false and Storage Type set to DISK and Encryption set to false 
2019-09-26 13:37:52,184 [pool-37-thread-1] INFO  storage.RaftStorage (RaftStorage.java:format(72)) - Storage directory /workdir/hadoop-ozone/tools/target/test-dir/MiniOzoneClusterImpl-d492c611-0ad2-4a0b-a9b3-2cc170b19582/datanode-1/data/ratis/a339f07f-0554-4d8b-8be2-5bcc0d9f1a31 has been successfully formatted.
2019-09-26 13:37:52,185 [pool-37-thread-1] INFO  ratis.ContainerStateMachine (ContainerStateMachine.java:loadSnapshot(230)) - group-5BCC0D9F1A31: The snapshot info is null. Setting the last applied indexto:(t:0, i:~)
2019-09-26 13:37:52,185 [pool-37-thread-1] INFO  server.RaftServerConfigKeys (ConfUtils.java:logGet(43)) - raft.server.notification.no-leader.timeout = 120s (custom)
2019-09-26 13:37:52,185 [pool-37-thread-1] INFO  server.RaftServerConfigKeys (ConfUtils.java:logGet(43)) - raft.server.log.use.memory = false (default)
2019-09-26 13:37:52,185 [pool-37-thread-1] INFO  server.RaftServerConfigKeys (ConfUtils.java:logGet(43)) - raft.server.log.purge.gap = 1000000 (custom)
2019-09-26 13:37:52,185 [pool-37-thread-1] INFO  server.RaftServerConfigKeys (ConfUtils.java:logGet(43)) - raft.server.log.appender.buffer.byte-limit = 33554432 (custom)
2019-09-26 13:37:52,186 [pool-37-thread-1] INFO  server.RaftServerConfigKeys (ConfUtils.java:logGet(43)) - raft.server.log.segment.size.max = 1048576 (custom)
2019-09-26 13:37:52,186 [pool-37-thread-1] INFO  server.RaftServerConfigKeys (ConfUtils.java:logGet(43)) - raft.server.log.segment.cache.num.max = 2 (custom)
2019-09-26 13:37:52,186 [pool-37-thread-1] INFO  segmented.SegmentedRaftLogWorker (SegmentedRaftLogWorker.java:<init>(172)) - new 07946d80-9a5e-4ca8-81a5-a2e240cd3767@group-5BCC0D9F1A31-SegmentedRaftLogWorker for RaftStorage:Storage Directory /workdir/hadoop-ozone/tools/target/test-dir/MiniOzoneClusterImpl-d492c611-0ad2-4a0b-a9b3-2cc170b19582/datanode-1/data/ratis/a339f07f-0554-4d8b-8be2-5bcc0d9f1a31
2019-09-26 13:37:52,186 [pool-37-thread-1] INFO  server.RaftServerConfigKeys (ConfUtils.java:logGet(43)) - raft.server.log.queue.byte-limit = 2147483647 (custom)
2019-09-26 13:37:52,186 [pool-37-thread-1] INFO  server.RaftServerConfigKeys (ConfUtils.java:logGet(43)) - raft.server.log.queue.element-limit = 1024 (custom)
2019-09-26 13:37:52,187 [pool-37-thread-1] INFO  server.RaftServerConfigKeys (ConfUtils.java:logGet(43)) - raft.server.log.segment.size.max = 1048576 (custom)
2019-09-26 13:37:52,187 [pool-37-thread-1] INFO  server.RaftServerConfigKeys (ConfUtils.java:logGet(43)) - raft.server.log.preallocated.size = 16384 (custom)
2019-09-26 13:37:52,187 [pool-37-thread-1] INFO  server.RaftServerConfigKeys (ConfUtils.java:logGet(43)) - raft.server.log.write.buffer.size = 33554432 (custom)
2019-09-26 13:37:52,187 [pool-37-thread-1] INFO  server.RaftServerConfigKeys (ConfUtils.java:logGet(43)) - raft.server.log.force.sync.num = 128 (default)
2019-09-26 13:37:52,187 [pool-37-thread-1] INFO  server.RaftServerConfigKeys (ConfUtils.java:logGet(43)) - raft.server.log.statemachine.data.sync = true (default)
2019-09-26 13:37:52,187 [pool-37-thread-1] INFO  server.RaftServerConfigKeys (ConfUtils.java:logGet(43)) - raft.server.log.statemachine.data.sync.timeout = 10s (default)
2019-09-26 13:37:52,189 [pool-37-thread-1] INFO  server.RaftServerConfigKeys (ConfUtils.java:logGet(43)) - raft.server.log.statemachine.data.sync.timeout.retry = -1 (default)
2019-09-26 13:37:52,189 [pool-37-thread-1] INFO  server.RaftServerConfigKeys (ConfUtils.java:logGet(43)) - raft.server.log.statemachine.data.caching.enabled = true (custom)
2019-09-26 13:37:52,190 [pool-37-thread-1] INFO  segmented.SegmentedRaftLogWorker (SegmentedRaftLogWorker.java:lambda$new$0(132)) - 07946d80-9a5e-4ca8-81a5-a2e240cd3767@group-5BCC0D9F1A31-SegmentedRaftLogWorker: flushIndex: setUnconditionally 0 -> -1
2019-09-26 13:37:52,190 [pool-37-thread-1] INFO  server.RaftServerConfigKeys (ConfUtils.java:logGet(43)) - raft.server.snapshot.auto.trigger.enabled = true (custom)
2019-09-26 13:37:52,190 [pool-37-thread-1] INFO  server.RaftServerConfigKeys (ConfUtils.java:logGet(43)) - raft.server.snapshot.auto.trigger.threshold = 10000 (custom)
2019-09-26 13:37:52,191 [pool-37-thread-1] INFO  server.RaftServerConfigKeys (ConfUtils.java:logGet(43)) - raft.server.snapshot.retention.num.files = 5 (custom)
2019-09-26 13:37:52,191 [pool-37-thread-1] INFO  server.RaftServerConfigKeys (ConfUtils.java:logGet(43)) - raft.server.retrycache.expirytime = 600000ms (custom)
2019-09-26 13:37:52,195 [pool-37-thread-1] INFO  impl.RaftServerImpl (RaftServerImpl.java:start(185)) - 07946d80-9a5e-4ca8-81a5-a2e240cd3767@group-5BCC0D9F1A31: start as a follower, conf=-1: [07946d80-9a5e-4ca8-81a5-a2e240cd3767:192.168.164.238:37441], old=null
2019-09-26 13:37:52,196 [pool-37-thread-1] INFO  impl.RaftServerImpl (RaftServerImpl.java:setRole(174)) - 07946d80-9a5e-4ca8-81a5-a2e240cd3767@group-5BCC0D9F1A31: changes role from      null to FOLLOWER at term 0 for startAsFollower
2019-09-26 13:37:52,196 [pool-37-thread-1] INFO  impl.RoleInfo (RoleInfo.java:updateAndGet(143)) - 07946d80-9a5e-4ca8-81a5-a2e240cd3767: start FollowerState
2019-09-26 13:37:52,196 [pool-37-thread-1] INFO  util.JmxRegister (JmxRegister.java:tryRegister(44)) - Successfully registered JMX Bean with object name Ratis:service=RaftServer,group=group-5BCC0D9F1A31,id=07946d80-9a5e-4ca8-81a5-a2e240cd3767
2019-09-26 13:37:52,202 [RatisPipelineUtilsThread] INFO  pipeline.PipelineStateManager (PipelineStateManager.java:addPipeline(56)) - Created pipeline Pipeline[ Id: a339f07f-0554-4d8b-8be2-5bcc0d9f1a31, Nodes: 07946d80-9a5e-4ca8-81a5-a2e240cd3767{ip: 192.168.164.238, host: pr-hdds-1569-87zkn-1081879488, networkLocation: /default-rack, certSerialId: null}, Type:RATIS, Factor:ONE, State:OPEN]
2019-09-26 13:37:52,202 [RatisPipelineUtilsThread] INFO  pipeline.PipelinePlacementPolicy (PipelinePlacementPolicy.java:meetCriteria(91)) - Pipeline Placement: can't place more pipeline on heavy datanode： cdf4aa8b-8ba2-4318-b195-a0642de96b1e Heaviness: 6 limit: 5
2019-09-26 13:37:52,583 [grpc-default-executor-0] INFO  impl.RaftServerProxy (RaftServerProxy.java:addNew(89)) - 3eabf511-42f2-4021-89ea-f049958471c8: addNew group-C1B896FE7AF0:[3eabf511-42f2-4021-89ea-f049958471c8:192.168.164.238:39308] returns group-C1B896FE7AF0:java.util.concurrent.CompletableFuture@7b2ed627[Not completed]
2019-09-26 13:37:52,600 [pool-57-thread-1] INFO  impl.RaftServerImpl (RaftServerImpl.java:<init>(95)) - 3eabf511-42f2-4021-89ea-f049958471c8: new RaftServerImpl for group-C1B896FE7AF0:[3eabf511-42f2-4021-89ea-f049958471c8:192.168.164.238:39308] with ContainerStateMachine:uninitialized
2019-09-26 13:37:52,600 [pool-57-thread-1] INFO  server.RaftServerConfigKeys (ConfUtils.java:logGet(43)) - raft.server.rpc.timeout.min = 5s (custom)
2019-09-26 13:37:52,601 [pool-57-thread-1] INFO  server.RaftServerConfigKeys (ConfUtils.java:logGet(43)) - raft.server.rpc.timeout.max = 5200ms (custom)
2019-09-26 13:37:52,601 [pool-57-thread-1] INFO  server.RaftServerConfigKeys (ConfUtils.java:logGet(43)) - raft.server.rpcslowness.timeout = 120s (custom)
2019-09-26 13:37:52,601 [pool-57-thread-1] INFO  server.RaftServerConfigKeys (ConfUtils.java:logGet(43)) - raft.server.sleep.deviation.threshold = 300 (default)
2019-09-26 13:37:52,601 [pool-57-thread-1] INFO  server.RaftServerConfigKeys (ConfUtils.java:logGet(43)) - raft.server.log.appender.install.snapshot.enabled = false (custom)
2019-09-26 13:37:52,601 [pool-57-thread-1] INFO  impl.RaftServerImpl (ServerState.java:<init>(103)) - 3eabf511-42f2-4021-89ea-f049958471c8@group-C1B896FE7AF0: ConfigurationManager, init=-1: [3eabf511-42f2-4021-89ea-f049958471c8:192.168.164.238:39308], old=null, confs=<EMPTY_MAP>
2019-09-26 13:37:52,602 [pool-57-thread-1] INFO  server.RaftServerConfigKeys (ConfUtils.java:logGet(43)) - raft.server.storage.dir = [/workdir/hadoop-ozone/tools/target/test-dir/MiniOzoneClusterImpl-d492c611-0ad2-4a0b-a9b3-2cc170b19582/datanode-3/data/ratis] (custom)
2019-09-26 13:37:52,602 [pool-57-thread-1] INFO  storage.RaftStorageDirectory (RaftStorageDirectory.java:analyzeStorage(246)) - The storage directory /workdir/hadoop-ozone/tools/target/test-dir/MiniOzoneClusterImpl-d492c611-0ad2-4a0b-a9b3-2cc170b19582/datanode-3/data/ratis/6d36f265-8fee-4980-8f54-c1b896fe7af0 does not exist. Creating ...
2019-09-26 13:37:52,632 [pool-57-thread-1] INFO  storage.RaftStorageDirectory (RaftStorageDirectory.java:tryLock(328)) - Lock on /workdir/hadoop-ozone/tools/target/test-dir/MiniOzoneClusterImpl-d492c611-0ad2-4a0b-a9b3-2cc170b19582/datanode-3/data/ratis/6d36f265-8fee-4980-8f54-c1b896fe7af0/in_use.lock acquired by nodename 21773@pr-hdds-1569-87zkn-1081879488
2019-09-26 13:37:52,647 [pool-57-thread-1] INFO  storage.RaftStorage (RaftStorage.java:format(72)) - Storage directory /workdir/hadoop-ozone/tools/target/test-dir/MiniOzoneClusterImpl-d492c611-0ad2-4a0b-a9b3-2cc170b19582/datanode-3/data/ratis/6d36f265-8fee-4980-8f54-c1b896fe7af0 has been successfully formatted.
2019-09-26 13:37:52,647 [pool-57-thread-1] INFO  ratis.ContainerStateMachine (ContainerStateMachine.java:loadSnapshot(230)) - group-C1B896FE7AF0: The snapshot info is null. Setting the last applied indexto:(t:0, i:~)
2019-09-26 13:37:52,647 [pool-57-thread-1] INFO  server.RaftServerConfigKeys (ConfUtils.java:logGet(43)) - raft.server.notification.no-leader.timeout = 120s (custom)
2019-09-26 13:37:52,647 [pool-57-thread-1] INFO  server.RaftServerConfigKeys (ConfUtils.java:logGet(43)) - raft.server.log.use.memory = false (default)
2019-09-26 13:37:52,648 [pool-57-thread-1] INFO  server.RaftServerConfigKeys (ConfUtils.java:logGet(43)) - raft.server.log.purge.gap = 1000000 (custom)
2019-09-26 13:37:52,648 [pool-57-thread-1] INFO  server.RaftServerConfigKeys (ConfUtils.java:logGet(43)) - raft.server.log.appender.buffer.byte-limit = 33554432 (custom)
2019-09-26 13:37:52,648 [pool-57-thread-1] INFO  server.RaftServerConfigKeys (ConfUtils.java:logGet(43)) - raft.server.log.segment.size.max = 1048576 (custom)
2019-09-26 13:37:52,648 [pool-57-thread-1] INFO  server.RaftServerConfigKeys (ConfUtils.java:logGet(43)) - raft.server.log.segment.cache.num.max = 2 (custom)
2019-09-26 13:37:52,649 [pool-57-thread-1] INFO  segmented.SegmentedRaftLogWorker (SegmentedRaftLogWorker.java:<init>(172)) - new 3eabf511-42f2-4021-89ea-f049958471c8@group-C1B896FE7AF0-SegmentedRaftLogWorker for RaftStorage:Storage Directory /workdir/hadoop-ozone/tools/target/test-dir/MiniOzoneClusterImpl-d492c611-0ad2-4a0b-a9b3-2cc170b19582/datanode-3/data/ratis/6d36f265-8fee-4980-8f54-c1b896fe7af0
2019-09-26 13:37:52,649 [pool-57-thread-1] INFO  server.RaftServerConfigKeys (ConfUtils.java:logGet(43)) - raft.server.log.queue.byte-limit = 2147483647 (custom)
2019-09-26 13:37:52,649 [pool-57-thread-1] INFO  server.RaftServerConfigKeys (ConfUtils.java:logGet(43)) - raft.server.log.queue.element-limit = 1024 (custom)
2019-09-26 13:37:52,649 [pool-57-thread-1] INFO  server.RaftServerConfigKeys (ConfUtils.java:logGet(43)) - raft.server.log.segment.size.max = 1048576 (custom)
2019-09-26 13:37:52,649 [pool-57-thread-1] INFO  server.RaftServerConfigKeys (ConfUtils.java:logGet(43)) - raft.server.log.preallocated.size = 16384 (custom)
2019-09-26 13:37:52,650 [pool-57-thread-1] INFO  server.RaftServerConfigKeys (ConfUtils.java:logGet(43)) - raft.server.log.write.buffer.size = 33554432 (custom)
2019-09-26 13:37:52,650 [pool-57-thread-1] INFO  server.RaftServerConfigKeys (ConfUtils.java:logGet(43)) - raft.server.log.force.sync.num = 128 (default)
2019-09-26 13:37:52,650 [pool-57-thread-1] INFO  server.RaftServerConfigKeys (ConfUtils.java:logGet(43)) - raft.server.log.statemachine.data.sync = true (default)
2019-09-26 13:37:52,650 [pool-57-thread-1] INFO  server.RaftServerConfigKeys (ConfUtils.java:logGet(43)) - raft.server.log.statemachine.data.sync.timeout = 10s (default)
2019-09-26 13:37:52,650 [pool-57-thread-1] INFO  server.RaftServerConfigKeys (ConfUtils.java:logGet(43)) - raft.server.log.statemachine.data.sync.timeout.retry = -1 (default)
2019-09-26 13:37:52,651 [pool-57-thread-1] INFO  server.RaftServerConfigKeys (ConfUtils.java:logGet(43)) - raft.server.log.statemachine.data.caching.enabled = true (custom)
2019-09-26 13:37:52,651 [pool-57-thread-1] INFO  segmented.SegmentedRaftLogWorker (SegmentedRaftLogWorker.java:lambda$new$0(132)) - 3eabf511-42f2-4021-89ea-f049958471c8@group-C1B896FE7AF0-SegmentedRaftLogWorker: flushIndex: setUnconditionally 0 -> -1
2019-09-26 13:37:52,652 [pool-57-thread-1] INFO  server.RaftServerConfigKeys (ConfUtils.java:logGet(43)) - raft.server.snapshot.auto.trigger.enabled = true (custom)
2019-09-26 13:37:52,652 [pool-57-thread-1] INFO  server.RaftServerConfigKeys (ConfUtils.java:logGet(43)) - raft.server.snapshot.auto.trigger.threshold = 10000 (custom)
2019-09-26 13:37:52,652 [pool-57-thread-1] INFO  server.RaftServerConfigKeys (ConfUtils.java:logGet(43)) - raft.server.snapshot.retention.num.files = 5 (custom)
2019-09-26 13:37:52,652 [pool-57-thread-1] INFO  server.RaftServerConfigKeys (ConfUtils.java:logGet(43)) - raft.server.retrycache.expirytime = 600000ms (custom)
2019-09-26 13:37:52,658 [pool-57-thread-1] INFO  impl.RaftServerImpl (RaftServerImpl.java:start(185)) - 3eabf511-42f2-4021-89ea-f049958471c8@group-C1B896FE7AF0: start as a follower, conf=-1: [3eabf511-42f2-4021-89ea-f049958471c8:192.168.164.238:39308], old=null
2019-09-26 13:37:52,658 [pool-57-thread-1] INFO  impl.RaftServerImpl (RaftServerImpl.java:setRole(174)) - 3eabf511-42f2-4021-89ea-f049958471c8@group-C1B896FE7AF0: changes role from      null to FOLLOWER at term 0 for startAsFollower
2019-09-26 13:37:52,658 [pool-57-thread-1] INFO  impl.RoleInfo (RoleInfo.java:updateAndGet(143)) - 3eabf511-42f2-4021-89ea-f049958471c8: start FollowerState
2019-09-26 13:37:52,659 [pool-57-thread-1] INFO  util.JmxRegister (JmxRegister.java:tryRegister(44)) - Successfully registered JMX Bean with object name Ratis:service=RaftServer,group=group-C1B896FE7AF0,id=3eabf511-42f2-4021-89ea-f049958471c8
2019-09-26 13:37:52,665 [RatisPipelineUtilsThread] INFO  pipeline.PipelineStateManager (PipelineStateManager.java:addPipeline(56)) - Created pipeline Pipeline[ Id: 6d36f265-8fee-4980-8f54-c1b896fe7af0, Nodes: 3eabf511-42f2-4021-89ea-f049958471c8{ip: 192.168.164.238, host: pr-hdds-1569-87zkn-1081879488, networkLocation: /default-rack, certSerialId: null}, Type:RATIS, Factor:ONE, State:OPEN]
2019-09-26 13:37:52,666 [RatisPipelineUtilsThread] INFO  pipeline.PipelinePlacementPolicy (PipelinePlacementPolicy.java:meetCriteria(91)) - Pipeline Placement: can't place more pipeline on heavy datanode： cdf4aa8b-8ba2-4318-b195-a0642de96b1e Heaviness: 6 limit: 5
2019-09-26 13:37:52,678 [grpc-default-executor-0] INFO  impl.RaftServerProxy (RaftServerProxy.java:addNew(89)) - 3eabf511-42f2-4021-89ea-f049958471c8: addNew group-46D68E7322CD:[3eabf511-42f2-4021-89ea-f049958471c8:192.168.164.238:39308] returns group-46D68E7322CD:java.util.concurrent.CompletableFuture@14bb3810[Not completed]
2019-09-26 13:37:52,680 [pool-57-thread-1] INFO  impl.RaftServerImpl (RaftServerImpl.java:<init>(95)) - 3eabf511-42f2-4021-89ea-f049958471c8: new RaftServerImpl for group-46D68E7322CD:[3eabf511-42f2-4021-89ea-f049958471c8:192.168.164.238:39308] with ContainerStateMachine:uninitialized
2019-09-26 13:37:52,680 [pool-57-thread-1] INFO  server.RaftServerConfigKeys (ConfUtils.java:logGet(43)) - raft.server.rpc.timeout.min = 5s (custom)
2019-09-26 13:37:52,680 [pool-57-thread-1] INFO  server.RaftServerConfigKeys (ConfUtils.java:logGet(43)) - raft.server.rpc.timeout.max = 5200ms (custom)
2019-09-26 13:37:52,680 [pool-57-thread-1] INFO  server.RaftServerConfigKeys (ConfUtils.java:logGet(43)) - raft.server.rpcslowness.timeout = 120s (custom)
2019-09-26 13:37:52,680 [pool-57-thread-1] INFO  server.RaftServerConfigKeys (ConfUtils.java:logGet(43)) - raft.server.sleep.deviation.threshold = 300 (default)
2019-09-26 13:37:52,681 [pool-57-thread-1] INFO  server.RaftServerConfigKeys (ConfUtils.java:logGet(43)) - raft.server.log.appender.install.snapshot.enabled = false (custom)
2019-09-26 13:37:52,681 [pool-57-thread-1] INFO  impl.RaftServerImpl (ServerState.java:<init>(103)) - 3eabf511-42f2-4021-89ea-f049958471c8@group-46D68E7322CD: ConfigurationManager, init=-1: [3eabf511-42f2-4021-89ea-f049958471c8:192.168.164.238:39308], old=null, confs=<EMPTY_MAP>
2019-09-26 13:37:52,681 [pool-57-thread-1] INFO  server.RaftServerConfigKeys (ConfUtils.java:logGet(43)) - raft.server.storage.dir = [/workdir/hadoop-ozone/tools/target/test-dir/MiniOzoneClusterImpl-d492c611-0ad2-4a0b-a9b3-2cc170b19582/datanode-3/data/ratis] (custom)
2019-09-26 13:37:52,681 [pool-57-thread-1] INFO  storage.RaftStorageDirectory (RaftStorageDirectory.java:analyzeStorage(246)) - The storage directory /workdir/hadoop-ozone/tools/target/test-dir/MiniOzoneClusterImpl-d492c611-0ad2-4a0b-a9b3-2cc170b19582/datanode-3/data/ratis/8c24c6e1-0054-4b8d-ac6a-46d68e7322cd does not exist. Creating ...
2019-09-26 13:37:52,694 [pool-57-thread-1] INFO  storage.RaftStorageDirectory (RaftStorageDirectory.java:tryLock(328)) - Lock on /workdir/hadoop-ozone/tools/target/test-dir/MiniOzoneClusterImpl-d492c611-0ad2-4a0b-a9b3-2cc170b19582/datanode-3/data/ratis/8c24c6e1-0054-4b8d-ac6a-46d68e7322cd/in_use.lock acquired by nodename 21773@pr-hdds-1569-87zkn-1081879488
2019-09-26 13:37:52,707 [pool-57-thread-1] INFO  storage.RaftStorage (RaftStorage.java:format(72)) - Storage directory /workdir/hadoop-ozone/tools/target/test-dir/MiniOzoneClusterImpl-d492c611-0ad2-4a0b-a9b3-2cc170b19582/datanode-3/data/ratis/8c24c6e1-0054-4b8d-ac6a-46d68e7322cd has been successfully formatted.
2019-09-26 13:37:52,708 [pool-57-thread-1] INFO  ratis.ContainerStateMachine (ContainerStateMachine.java:loadSnapshot(230)) - group-46D68E7322CD: The snapshot info is null. Setting the last applied indexto:(t:0, i:~)
2019-09-26 13:37:52,708 [pool-57-thread-1] INFO  server.RaftServerConfigKeys (ConfUtils.java:logGet(43)) - raft.server.notification.no-leader.timeout = 120s (custom)
2019-09-26 13:37:52,708 [pool-57-thread-1] INFO  server.RaftServerConfigKeys (ConfUtils.java:logGet(43)) - raft.server.log.use.memory = false (default)
2019-09-26 13:37:52,708 [pool-57-thread-1] INFO  server.RaftServerConfigKeys (ConfUtils.java:logGet(43)) - raft.server.log.purge.gap = 1000000 (custom)
2019-09-26 13:37:52,708 [pool-57-thread-1] INFO  server.RaftServerConfigKeys (ConfUtils.java:logGet(43)) - raft.server.log.appender.buffer.byte-limit = 33554432 (custom)
2019-09-26 13:37:52,709 [pool-57-thread-1] INFO  server.RaftServerConfigKeys (ConfUtils.java:logGet(43)) - raft.server.log.segment.size.max = 1048576 (custom)
2019-09-26 13:37:52,709 [pool-57-thread-1] INFO  server.RaftServerConfigKeys (ConfUtils.java:logGet(43)) - raft.server.log.segment.cache.num.max = 2 (custom)
2019-09-26 13:37:52,709 [pool-57-thread-1] INFO  segmented.SegmentedRaftLogWorker (SegmentedRaftLogWorker.java:<init>(172)) - new 3eabf511-42f2-4021-89ea-f049958471c8@group-46D68E7322CD-SegmentedRaftLogWorker for RaftStorage:Storage Directory /workdir/hadoop-ozone/tools/target/test-dir/MiniOzoneClusterImpl-d492c611-0ad2-4a0b-a9b3-2cc170b19582/datanode-3/data/ratis/8c24c6e1-0054-4b8d-ac6a-46d68e7322cd
2019-09-26 13:37:52,709 [pool-57-thread-1] INFO  server.RaftServerConfigKeys (ConfUtils.java:logGet(43)) - raft.server.log.queue.byte-limit = 2147483647 (custom)
2019-09-26 13:37:52,709 [pool-57-thread-1] INFO  server.RaftServerConfigKeys (ConfUtils.java:logGet(43)) - raft.server.log.queue.element-limit = 1024 (custom)
2019-09-26 13:37:52,710 [pool-57-thread-1] INFO  server.RaftServerConfigKeys (ConfUtils.java:logGet(43)) - raft.server.log.segment.size.max = 1048576 (custom)
2019-09-26 13:37:52,710 [pool-57-thread-1] INFO  server.RaftServerConfigKeys (ConfUtils.java:logGet(43)) - raft.server.log.preallocated.size = 16384 (custom)
2019-09-26 13:37:52,710 [pool-57-thread-1] INFO  server.RaftServerConfigKeys (ConfUtils.java:logGet(43)) - raft.server.log.write.buffer.size = 33554432 (custom)
2019-09-26 13:37:52,710 [pool-57-thread-1] INFO  server.RaftServerConfigKeys (ConfUtils.java:logGet(43)) - raft.server.log.force.sync.num = 128 (default)
2019-09-26 13:37:52,710 [pool-57-thread-1] INFO  server.RaftServerConfigKeys (ConfUtils.java:logGet(43)) - raft.server.log.statemachine.data.sync = true (default)
2019-09-26 13:37:52,710 [pool-57-thread-1] INFO  server.RaftServerConfigKeys (ConfUtils.java:logGet(43)) - raft.server.log.statemachine.data.sync.timeout = 10s (default)
2019-09-26 13:37:52,711 [pool-57-thread-1] INFO  server.RaftServerConfigKeys (ConfUtils.java:logGet(43)) - raft.server.log.statemachine.data.sync.timeout.retry = -1 (default)
2019-09-26 13:37:52,711 [pool-57-thread-1] INFO  server.RaftServerConfigKeys (ConfUtils.java:logGet(43)) - raft.server.log.statemachine.data.caching.enabled = true (custom)
2019-09-26 13:37:52,711 [pool-57-thread-1] INFO  segmented.SegmentedRaftLogWorker (SegmentedRaftLogWorker.java:lambda$new$0(132)) - 3eabf511-42f2-4021-89ea-f049958471c8@group-46D68E7322CD-SegmentedRaftLogWorker: flushIndex: setUnconditionally 0 -> -1
2019-09-26 13:37:52,712 [pool-57-thread-1] INFO  server.RaftServerConfigKeys (ConfUtils.java:logGet(43)) - raft.server.snapshot.auto.trigger.enabled = true (custom)
2019-09-26 13:37:52,712 [pool-57-thread-1] INFO  server.RaftServerConfigKeys (ConfUtils.java:logGet(43)) - raft.server.snapshot.auto.trigger.threshold = 10000 (custom)
2019-09-26 13:37:52,712 [pool-57-thread-1] INFO  server.RaftServerConfigKeys (ConfUtils.java:logGet(43)) - raft.server.snapshot.retention.num.files = 5 (custom)
2019-09-26 13:37:52,712 [pool-57-thread-1] INFO  server.RaftServerConfigKeys (ConfUtils.java:logGet(43)) - raft.server.retrycache.expirytime = 600000ms (custom)
2019-09-26 13:37:52,716 [pool-57-thread-1] INFO  impl.RaftServerImpl (RaftServerImpl.java:start(185)) - 3eabf511-42f2-4021-89ea-f049958471c8@group-46D68E7322CD: start as a follower, conf=-1: [3eabf511-42f2-4021-89ea-f049958471c8:192.168.164.238:39308], old=null
2019-09-26 13:37:52,716 [pool-57-thread-1] INFO  impl.RaftServerImpl (RaftServerImpl.java:setRole(174)) - 3eabf511-42f2-4021-89ea-f049958471c8@group-46D68E7322CD: changes role from      null to FOLLOWER at term 0 for startAsFollower
2019-09-26 13:37:52,716 [pool-57-thread-1] INFO  impl.RoleInfo (RoleInfo.java:updateAndGet(143)) - 3eabf511-42f2-4021-89ea-f049958471c8: start FollowerState
2019-09-26 13:37:52,717 [pool-57-thread-1] INFO  util.JmxRegister (JmxRegister.java:tryRegister(44)) - Successfully registered JMX Bean with object name Ratis:service=RaftServer,group=group-46D68E7322CD,id=3eabf511-42f2-4021-89ea-f049958471c8
2019-09-26 13:37:52,722 [RatisPipelineUtilsThread] INFO  pipeline.PipelineStateManager (PipelineStateManager.java:addPipeline(56)) - Created pipeline Pipeline[ Id: 8c24c6e1-0054-4b8d-ac6a-46d68e7322cd, Nodes: 3eabf511-42f2-4021-89ea-f049958471c8{ip: 192.168.164.238, host: pr-hdds-1569-87zkn-1081879488, networkLocation: /default-rack, certSerialId: null}, Type:RATIS, Factor:ONE, State:OPEN]
2019-09-26 13:37:52,723 [RatisPipelineUtilsThread] INFO  pipeline.PipelinePlacementPolicy (PipelinePlacementPolicy.java:meetCriteria(91)) - Pipeline Placement: can't place more pipeline on heavy datanode： cdf4aa8b-8ba2-4318-b195-a0642de96b1e Heaviness: 6 limit: 5
2019-09-26 13:37:52,733 [grpc-default-executor-0] INFO  impl.RaftServerProxy (RaftServerProxy.java:addNew(89)) - 07946d80-9a5e-4ca8-81a5-a2e240cd3767: addNew group-FAE9DD783E93:[07946d80-9a5e-4ca8-81a5-a2e240cd3767:192.168.164.238:37441] returns group-FAE9DD783E93:java.util.concurrent.CompletableFuture@7ab6665c[Not completed]
2019-09-26 13:37:52,735 [pool-37-thread-1] INFO  impl.RaftServerImpl (RaftServerImpl.java:<init>(95)) - 07946d80-9a5e-4ca8-81a5-a2e240cd3767: new RaftServerImpl for group-FAE9DD783E93:[07946d80-9a5e-4ca8-81a5-a2e240cd3767:192.168.164.238:37441] with ContainerStateMachine:uninitialized
2019-09-26 13:37:52,735 [pool-37-thread-1] INFO  server.RaftServerConfigKeys (ConfUtils.java:logGet(43)) - raft.server.rpc.timeout.min = 5s (custom)
2019-09-26 13:37:52,735 [pool-37-thread-1] INFO  server.RaftServerConfigKeys (ConfUtils.java:logGet(43)) - raft.server.rpc.timeout.max = 5200ms (custom)
2019-09-26 13:37:52,735 [pool-37-thread-1] INFO  server.RaftServerConfigKeys (ConfUtils.java:logGet(43)) - raft.server.rpcslowness.timeout = 120s (custom)
2019-09-26 13:37:52,735 [pool-37-thread-1] INFO  server.RaftServerConfigKeys (ConfUtils.java:logGet(43)) - raft.server.sleep.deviation.threshold = 300 (default)
2019-09-26 13:37:52,735 [pool-37-thread-1] INFO  server.RaftServerConfigKeys (ConfUtils.java:logGet(43)) - raft.server.log.appender.install.snapshot.enabled = false (custom)
2019-09-26 13:37:52,736 [pool-37-thread-1] INFO  impl.RaftServerImpl (ServerState.java:<init>(103)) - 07946d80-9a5e-4ca8-81a5-a2e240cd3767@group-FAE9DD783E93: ConfigurationManager, init=-1: [07946d80-9a5e-4ca8-81a5-a2e240cd3767:192.168.164.238:37441], old=null, confs=<EMPTY_MAP>
2019-09-26 13:37:52,736 [pool-37-thread-1] INFO  server.RaftServerConfigKeys (ConfUtils.java:logGet(43)) - raft.server.storage.dir = [/workdir/hadoop-ozone/tools/target/test-dir/MiniOzoneClusterImpl-d492c611-0ad2-4a0b-a9b3-2cc170b19582/datanode-1/data/ratis] (custom)
2019-09-26 13:37:52,736 [pool-37-thread-1] INFO  storage.RaftStorageDirectory (RaftStorageDirectory.java:analyzeStorage(246)) - The storage directory /workdir/hadoop-ozone/tools/target/test-dir/MiniOzoneClusterImpl-d492c611-0ad2-4a0b-a9b3-2cc170b19582/datanode-1/data/ratis/8c619bce-cbcd-473d-af82-fae9dd783e93 does not exist. Creating ...
2019-09-26 13:37:52,749 [pool-37-thread-1] INFO  storage.RaftStorageDirectory (RaftStorageDirectory.java:tryLock(328)) - Lock on /workdir/hadoop-ozone/tools/target/test-dir/MiniOzoneClusterImpl-d492c611-0ad2-4a0b-a9b3-2cc170b19582/datanode-1/data/ratis/8c619bce-cbcd-473d-af82-fae9dd783e93/in_use.lock acquired by nodename 21773@pr-hdds-1569-87zkn-1081879488
2019-09-26 13:37:52,762 [pool-37-thread-1] INFO  storage.RaftStorage (RaftStorage.java:format(72)) - Storage directory /workdir/hadoop-ozone/tools/target/test-dir/MiniOzoneClusterImpl-d492c611-0ad2-4a0b-a9b3-2cc170b19582/datanode-1/data/ratis/8c619bce-cbcd-473d-af82-fae9dd783e93 has been successfully formatted.
2019-09-26 13:37:52,762 [pool-37-thread-1] INFO  ratis.ContainerStateMachine (ContainerStateMachine.java:loadSnapshot(230)) - group-FAE9DD783E93: The snapshot info is null. Setting the last applied indexto:(t:0, i:~)
2019-09-26 13:37:52,762 [pool-37-thread-1] INFO  server.RaftServerConfigKeys (ConfUtils.java:logGet(43)) - raft.server.notification.no-leader.timeout = 120s (custom)
2019-09-26 13:37:52,762 [pool-37-thread-1] INFO  server.RaftServerConfigKeys (ConfUtils.java:logGet(43)) - raft.server.log.use.memory = false (default)
2019-09-26 13:37:52,763 [pool-37-thread-1] INFO  server.RaftServerConfigKeys (ConfUtils.java:logGet(43)) - raft.server.log.purge.gap = 1000000 (custom)
2019-09-26 13:37:52,763 [pool-37-thread-1] INFO  server.RaftServerConfigKeys (ConfUtils.java:logGet(43)) - raft.server.log.appender.buffer.byte-limit = 33554432 (custom)
2019-09-26 13:37:52,763 [pool-37-thread-1] INFO  server.RaftServerConfigKeys (ConfUtils.java:logGet(43)) - raft.server.log.segment.size.max = 1048576 (custom)
2019-09-26 13:37:52,763 [pool-37-thread-1] INFO  server.RaftServerConfigKeys (ConfUtils.java:logGet(43)) - raft.server.log.segment.cache.num.max = 2 (custom)
2019-09-26 13:37:52,763 [pool-37-thread-1] INFO  segmented.SegmentedRaftLogWorker (SegmentedRaftLogWorker.java:<init>(172)) - new 07946d80-9a5e-4ca8-81a5-a2e240cd3767@group-FAE9DD783E93-SegmentedRaftLogWorker for RaftStorage:Storage Directory /workdir/hadoop-ozone/tools/target/test-dir/MiniOzoneClusterImpl-d492c611-0ad2-4a0b-a9b3-2cc170b19582/datanode-1/data/ratis/8c619bce-cbcd-473d-af82-fae9dd783e93
2019-09-26 13:37:52,763 [pool-37-thread-1] INFO  server.RaftServerConfigKeys (ConfUtils.java:logGet(43)) - raft.server.log.queue.byte-limit = 2147483647 (custom)
2019-09-26 13:37:52,764 [pool-37-thread-1] INFO  server.RaftServerConfigKeys (ConfUtils.java:logGet(43)) - raft.server.log.queue.element-limit = 1024 (custom)
2019-09-26 13:37:52,764 [pool-37-thread-1] INFO  server.RaftServerConfigKeys (ConfUtils.java:logGet(43)) - raft.server.log.segment.size.max = 1048576 (custom)
2019-09-26 13:37:52,764 [pool-37-thread-1] INFO  server.RaftServerConfigKeys (ConfUtils.java:logGet(43)) - raft.server.log.preallocated.size = 16384 (custom)
2019-09-26 13:37:52,764 [pool-37-thread-1] INFO  server.RaftServerConfigKeys (ConfUtils.java:logGet(43)) - raft.server.log.write.buffer.size = 33554432 (custom)
2019-09-26 13:37:52,764 [pool-37-thread-1] INFO  server.RaftServerConfigKeys (ConfUtils.java:logGet(43)) - raft.server.log.force.sync.num = 128 (default)
2019-09-26 13:37:52,764 [pool-37-thread-1] INFO  server.RaftServerConfigKeys (ConfUtils.java:logGet(43)) - raft.server.log.statemachine.data.sync = true (default)
2019-09-26 13:37:52,765 [pool-37-thread-1] INFO  server.RaftServerConfigKeys (ConfUtils.java:logGet(43)) - raft.server.log.statemachine.data.sync.timeout = 10s (default)
2019-09-26 13:37:52,765 [pool-37-thread-1] INFO  server.RaftServerConfigKeys (ConfUtils.java:logGet(43)) - raft.server.log.statemachine.data.sync.timeout.retry = -1 (default)
2019-09-26 13:37:52,765 [pool-37-thread-1] INFO  server.RaftServerConfigKeys (ConfUtils.java:logGet(43)) - raft.server.log.statemachine.data.caching.enabled = true (custom)
2019-09-26 13:37:52,765 [pool-37-thread-1] INFO  segmented.SegmentedRaftLogWorker (SegmentedRaftLogWorker.java:lambda$new$0(132)) - 07946d80-9a5e-4ca8-81a5-a2e240cd3767@group-FAE9DD783E93-SegmentedRaftLogWorker: flushIndex: setUnconditionally 0 -> -1
2019-09-26 13:37:52,766 [pool-37-thread-1] INFO  server.RaftServerConfigKeys (ConfUtils.java:logGet(43)) - raft.server.snapshot.auto.trigger.enabled = true (custom)
2019-09-26 13:37:52,766 [pool-37-thread-1] INFO  server.RaftServerConfigKeys (ConfUtils.java:logGet(43)) - raft.server.snapshot.auto.trigger.threshold = 10000 (custom)
2019-09-26 13:37:52,766 [pool-37-thread-1] INFO  server.RaftServerConfigKeys (ConfUtils.java:logGet(43)) - raft.server.snapshot.retention.num.files = 5 (custom)
2019-09-26 13:37:52,766 [pool-37-thread-1] INFO  server.RaftServerConfigKeys (ConfUtils.java:logGet(43)) - raft.server.retrycache.expirytime = 600000ms (custom)
2019-09-26 13:37:52,769 [pool-37-thread-1] INFO  impl.RaftServerImpl (RaftServerImpl.java:start(185)) - 07946d80-9a5e-4ca8-81a5-a2e240cd3767@group-FAE9DD783E93: start as a follower, conf=-1: [07946d80-9a5e-4ca8-81a5-a2e240cd3767:192.168.164.238:37441], old=null
2019-09-26 13:37:52,769 [pool-37-thread-1] INFO  impl.RaftServerImpl (RaftServerImpl.java:setRole(174)) - 07946d80-9a5e-4ca8-81a5-a2e240cd3767@group-FAE9DD783E93: changes role from      null to FOLLOWER at term 0 for startAsFollower
2019-09-26 13:37:52,769 [pool-37-thread-1] INFO  impl.RoleInfo (RoleInfo.java:updateAndGet(143)) - 07946d80-9a5e-4ca8-81a5-a2e240cd3767: start FollowerState
2019-09-26 13:37:52,770 [pool-37-thread-1] INFO  util.JmxRegister (JmxRegister.java:tryRegister(44)) - Successfully registered JMX Bean with object name Ratis:service=RaftServer,group=group-FAE9DD783E93,id=07946d80-9a5e-4ca8-81a5-a2e240cd3767
2019-09-26 13:37:52,775 [RatisPipelineUtilsThread] INFO  pipeline.PipelineStateManager (PipelineStateManager.java:addPipeline(56)) - Created pipeline Pipeline[ Id: 8c619bce-cbcd-473d-af82-fae9dd783e93, Nodes: 07946d80-9a5e-4ca8-81a5-a2e240cd3767{ip: 192.168.164.238, host: pr-hdds-1569-87zkn-1081879488, networkLocation: /default-rack, certSerialId: null}, Type:RATIS, Factor:ONE, State:OPEN]
2019-09-26 13:37:52,775 [RatisPipelineUtilsThread] INFO  pipeline.PipelinePlacementPolicy (PipelinePlacementPolicy.java:meetCriteria(91)) - Pipeline Placement: can't place more pipeline on heavy datanode： cdf4aa8b-8ba2-4318-b195-a0642de96b1e Heaviness: 6 limit: 5
2019-09-26 13:37:52,776 [RatisPipelineUtilsThread] INFO  pipeline.PipelinePlacementPolicy (PipelinePlacementPolicy.java:meetCriteria(91)) - Pipeline Placement: can't place more pipeline on heavy datanode： 07946d80-9a5e-4ca8-81a5-a2e240cd3767 Heaviness: 6 limit: 5
2019-09-26 13:37:52,785 [grpc-default-executor-0] INFO  impl.RaftServerProxy (RaftServerProxy.java:addNew(89)) - 3b4472a9-0ad3-4b35-90c6-43d323919912: addNew group-9ACC6DF4FF20:[3b4472a9-0ad3-4b35-90c6-43d323919912:192.168.164.238:38188] returns group-9ACC6DF4FF20:java.util.concurrent.CompletableFuture@261dbe0[Not completed]
2019-09-26 13:37:52,786 [pool-47-thread-1] INFO  impl.RaftServerImpl (RaftServerImpl.java:<init>(95)) - 3b4472a9-0ad3-4b35-90c6-43d323919912: new RaftServerImpl for group-9ACC6DF4FF20:[3b4472a9-0ad3-4b35-90c6-43d323919912:192.168.164.238:38188] with ContainerStateMachine:uninitialized
2019-09-26 13:37:52,787 [pool-47-thread-1] INFO  server.RaftServerConfigKeys (ConfUtils.java:logGet(43)) - raft.server.rpc.timeout.min = 5s (custom)
2019-09-26 13:37:52,787 [pool-47-thread-1] INFO  server.RaftServerConfigKeys (ConfUtils.java:logGet(43)) - raft.server.rpc.timeout.max = 5200ms (custom)
2019-09-26 13:37:52,787 [pool-47-thread-1] INFO  server.RaftServerConfigKeys (ConfUtils.java:logGet(43)) - raft.server.rpcslowness.timeout = 120s (custom)
2019-09-26 13:37:52,787 [pool-47-thread-1] INFO  server.RaftServerConfigKeys (ConfUtils.java:logGet(43)) - raft.server.sleep.deviation.threshold = 300 (default)
2019-09-26 13:37:52,787 [pool-47-thread-1] INFO  server.RaftServerConfigKeys (ConfUtils.java:logGet(43)) - raft.server.log.appender.install.snapshot.enabled = false (custom)
2019-09-26 13:37:52,787 [pool-47-thread-1] INFO  impl.RaftServerImpl (ServerState.java:<init>(103)) - 3b4472a9-0ad3-4b35-90c6-43d323919912@group-9ACC6DF4FF20: ConfigurationManager, init=-1: [3b4472a9-0ad3-4b35-90c6-43d323919912:192.168.164.238:38188], old=null, confs=<EMPTY_MAP>
2019-09-26 13:37:52,788 [pool-47-thread-1] INFO  server.RaftServerConfigKeys (ConfUtils.java:logGet(43)) - raft.server.storage.dir = [/workdir/hadoop-ozone/tools/target/test-dir/MiniOzoneClusterImpl-d492c611-0ad2-4a0b-a9b3-2cc170b19582/datanode-2/data/ratis] (custom)
2019-09-26 13:37:52,788 [pool-47-thread-1] INFO  storage.RaftStorageDirectory (RaftStorageDirectory.java:analyzeStorage(246)) - The storage directory /workdir/hadoop-ozone/tools/target/test-dir/MiniOzoneClusterImpl-d492c611-0ad2-4a0b-a9b3-2cc170b19582/datanode-2/data/ratis/f8656f29-fcc5-4fb7-9a2b-9acc6df4ff20 does not exist. Creating ...
2019-09-26 13:37:52,801 [pool-47-thread-1] INFO  storage.RaftStorageDirectory (RaftStorageDirectory.java:tryLock(328)) - Lock on /workdir/hadoop-ozone/tools/target/test-dir/MiniOzoneClusterImpl-d492c611-0ad2-4a0b-a9b3-2cc170b19582/datanode-2/data/ratis/f8656f29-fcc5-4fb7-9a2b-9acc6df4ff20/in_use.lock acquired by nodename 21773@pr-hdds-1569-87zkn-1081879488
2019-09-26 13:37:52,815 [pool-47-thread-1] INFO  storage.RaftStorage (RaftStorage.java:format(72)) - Storage directory /workdir/hadoop-ozone/tools/target/test-dir/MiniOzoneClusterImpl-d492c611-0ad2-4a0b-a9b3-2cc170b19582/datanode-2/data/ratis/f8656f29-fcc5-4fb7-9a2b-9acc6df4ff20 has been successfully formatted.
2019-09-26 13:37:52,815 [pool-47-thread-1] INFO  ratis.ContainerStateMachine (ContainerStateMachine.java:loadSnapshot(230)) - group-9ACC6DF4FF20: The snapshot info is null. Setting the last applied indexto:(t:0, i:~)
2019-09-26 13:37:52,816 [pool-47-thread-1] INFO  server.RaftServerConfigKeys (ConfUtils.java:logGet(43)) - raft.server.notification.no-leader.timeout = 120s (custom)
2019-09-26 13:37:52,816 [pool-47-thread-1] INFO  server.RaftServerConfigKeys (ConfUtils.java:logGet(43)) - raft.server.log.use.memory = false (default)
2019-09-26 13:37:52,816 [pool-47-thread-1] INFO  server.RaftServerConfigKeys (ConfUtils.java:logGet(43)) - raft.server.log.purge.gap = 1000000 (custom)
2019-09-26 13:37:52,816 [pool-47-thread-1] INFO  server.RaftServerConfigKeys (ConfUtils.java:logGet(43)) - raft.server.log.appender.buffer.byte-limit = 33554432 (custom)
2019-09-26 13:37:52,816 [pool-47-thread-1] INFO  server.RaftServerConfigKeys (ConfUtils.java:logGet(43)) - raft.server.log.segment.size.max = 1048576 (custom)
2019-09-26 13:37:52,816 [pool-47-thread-1] INFO  server.RaftServerConfigKeys (ConfUtils.java:logGet(43)) - raft.server.log.segment.cache.num.max = 2 (custom)
2019-09-26 13:37:52,817 [pool-47-thread-1] INFO  segmented.SegmentedRaftLogWorker (SegmentedRaftLogWorker.java:<init>(172)) - new 3b4472a9-0ad3-4b35-90c6-43d323919912@group-9ACC6DF4FF20-SegmentedRaftLogWorker for RaftStorage:Storage Directory /workdir/hadoop-ozone/tools/target/test-dir/MiniOzoneClusterImpl-d492c611-0ad2-4a0b-a9b3-2cc170b19582/datanode-2/data/ratis/f8656f29-fcc5-4fb7-9a2b-9acc6df4ff20
2019-09-26 13:37:52,817 [pool-47-thread-1] INFO  server.RaftServerConfigKeys (ConfUtils.java:logGet(43)) - raft.server.log.queue.byte-limit = 2147483647 (custom)
2019-09-26 13:37:52,817 [pool-47-thread-1] INFO  server.RaftServerConfigKeys (ConfUtils.java:logGet(43)) - raft.server.log.queue.element-limit = 1024 (custom)
2019-09-26 13:37:52,817 [pool-47-thread-1] INFO  server.RaftServerConfigKeys (ConfUtils.java:logGet(43)) - raft.server.log.segment.size.max = 1048576 (custom)
2019-09-26 13:37:52,817 [pool-47-thread-1] INFO  server.RaftServerConfigKeys (ConfUtils.java:logGet(43)) - raft.server.log.preallocated.size = 16384 (custom)
2019-09-26 13:37:52,818 [pool-47-thread-1] INFO  server.RaftServerConfigKeys (ConfUtils.java:logGet(43)) - raft.server.log.write.buffer.size = 33554432 (custom)
2019-09-26 13:37:52,818 [pool-47-thread-1] INFO  server.RaftServerConfigKeys (ConfUtils.java:logGet(43)) - raft.server.log.force.sync.num = 128 (default)
2019-09-26 13:37:52,818 [pool-47-thread-1] INFO  server.RaftServerConfigKeys (ConfUtils.java:logGet(43)) - raft.server.log.statemachine.data.sync = true (default)
2019-09-26 13:37:52,818 [pool-47-thread-1] INFO  server.RaftServerConfigKeys (ConfUtils.java:logGet(43)) - raft.server.log.statemachine.data.sync.timeout = 10s (default)
2019-09-26 13:37:52,818 [pool-47-thread-1] INFO  server.RaftServerConfigKeys (ConfUtils.java:logGet(43)) - raft.server.log.statemachine.data.sync.timeout.retry = -1 (default)
2019-09-26 13:37:52,819 [pool-47-thread-1] INFO  server.RaftServerConfigKeys (ConfUtils.java:logGet(43)) - raft.server.log.statemachine.data.caching.enabled = true (custom)
2019-09-26 13:37:52,819 [pool-47-thread-1] INFO  segmented.SegmentedRaftLogWorker (SegmentedRaftLogWorker.java:lambda$new$0(132)) - 3b4472a9-0ad3-4b35-90c6-43d323919912@group-9ACC6DF4FF20-SegmentedRaftLogWorker: flushIndex: setUnconditionally 0 -> -1
2019-09-26 13:37:52,819 [pool-47-thread-1] INFO  server.RaftServerConfigKeys (ConfUtils.java:logGet(43)) - raft.server.snapshot.auto.trigger.enabled = true (custom)
2019-09-26 13:37:52,820 [pool-47-thread-1] INFO  server.RaftServerConfigKeys (ConfUtils.java:logGet(43)) - raft.server.snapshot.auto.trigger.threshold = 10000 (custom)
2019-09-26 13:37:52,820 [pool-47-thread-1] INFO  server.RaftServerConfigKeys (ConfUtils.java:logGet(43)) - raft.server.snapshot.retention.num.files = 5 (custom)
2019-09-26 13:37:52,820 [pool-47-thread-1] INFO  server.RaftServerConfigKeys (ConfUtils.java:logGet(43)) - raft.server.retrycache.expirytime = 600000ms (custom)
2019-09-26 13:37:52,823 [pool-47-thread-1] INFO  impl.RaftServerImpl (RaftServerImpl.java:start(185)) - 3b4472a9-0ad3-4b35-90c6-43d323919912@group-9ACC6DF4FF20: start as a follower, conf=-1: [3b4472a9-0ad3-4b35-90c6-43d323919912:192.168.164.238:38188], old=null
2019-09-26 13:37:52,823 [pool-47-thread-1] INFO  impl.RaftServerImpl (RaftServerImpl.java:setRole(174)) - 3b4472a9-0ad3-4b35-90c6-43d323919912@group-9ACC6DF4FF20: changes role from      null to FOLLOWER at term 0 for startAsFollower
2019-09-26 13:37:52,824 [pool-47-thread-1] INFO  impl.RoleInfo (RoleInfo.java:updateAndGet(143)) - 3b4472a9-0ad3-4b35-90c6-43d323919912: start FollowerState
2019-09-26 13:37:52,824 [pool-47-thread-1] INFO  util.JmxRegister (JmxRegister.java:tryRegister(44)) - Successfully registered JMX Bean with object name Ratis:service=RaftServer,group=group-9ACC6DF4FF20,id=3b4472a9-0ad3-4b35-90c6-43d323919912
2019-09-26 13:37:52,830 [RatisPipelineUtilsThread] INFO  pipeline.PipelineStateManager (PipelineStateManager.java:addPipeline(56)) - Created pipeline Pipeline[ Id: f8656f29-fcc5-4fb7-9a2b-9acc6df4ff20, Nodes: 3b4472a9-0ad3-4b35-90c6-43d323919912{ip: 192.168.164.238, host: pr-hdds-1569-87zkn-1081879488, networkLocation: /default-rack, certSerialId: null}, Type:RATIS, Factor:ONE, State:OPEN]
2019-09-26 13:37:52,830 [RatisPipelineUtilsThread] INFO  pipeline.PipelinePlacementPolicy (PipelinePlacementPolicy.java:meetCriteria(91)) - Pipeline Placement: can't place more pipeline on heavy datanode： cdf4aa8b-8ba2-4318-b195-a0642de96b1e Heaviness: 6 limit: 5
2019-09-26 13:37:52,830 [RatisPipelineUtilsThread] INFO  pipeline.PipelinePlacementPolicy (PipelinePlacementPolicy.java:meetCriteria(91)) - Pipeline Placement: can't place more pipeline on heavy datanode： 3b4472a9-0ad3-4b35-90c6-43d323919912 Heaviness: 6 limit: 5
2019-09-26 13:37:52,830 [RatisPipelineUtilsThread] INFO  pipeline.PipelinePlacementPolicy (PipelinePlacementPolicy.java:meetCriteria(91)) - Pipeline Placement: can't place more pipeline on heavy datanode： 07946d80-9a5e-4ca8-81a5-a2e240cd3767 Heaviness: 6 limit: 5
2019-09-26 13:37:52,841 [grpc-default-executor-0] INFO  impl.RaftServerProxy (RaftServerProxy.java:addNew(89)) - 3eabf511-42f2-4021-89ea-f049958471c8: addNew group-81DCBC3AD7D1:[3eabf511-42f2-4021-89ea-f049958471c8:192.168.164.238:39308] returns group-81DCBC3AD7D1:java.util.concurrent.CompletableFuture@1c142dbd[Not completed]
2019-09-26 13:37:52,843 [pool-57-thread-1] INFO  impl.RaftServerImpl (RaftServerImpl.java:<init>(95)) - 3eabf511-42f2-4021-89ea-f049958471c8: new RaftServerImpl for group-81DCBC3AD7D1:[3eabf511-42f2-4021-89ea-f049958471c8:192.168.164.238:39308] with ContainerStateMachine:uninitialized
2019-09-26 13:37:52,843 [pool-57-thread-1] INFO  server.RaftServerConfigKeys (ConfUtils.java:logGet(43)) - raft.server.rpc.timeout.min = 5s (custom)
2019-09-26 13:37:52,843 [pool-57-thread-1] INFO  server.RaftServerConfigKeys (ConfUtils.java:logGet(43)) - raft.server.rpc.timeout.max = 5200ms (custom)
2019-09-26 13:37:52,843 [pool-57-thread-1] INFO  server.RaftServerConfigKeys (ConfUtils.java:logGet(43)) - raft.server.rpcslowness.timeout = 120s (custom)
2019-09-26 13:37:52,844 [pool-57-thread-1] INFO  server.RaftServerConfigKeys (ConfUtils.java:logGet(43)) - raft.server.sleep.deviation.threshold = 300 (default)
2019-09-26 13:37:52,844 [pool-57-thread-1] INFO  server.RaftServerConfigKeys (ConfUtils.java:logGet(43)) - raft.server.log.appender.install.snapshot.enabled = false (custom)
2019-09-26 13:37:52,844 [pool-57-thread-1] INFO  impl.RaftServerImpl (ServerState.java:<init>(103)) - 3eabf511-42f2-4021-89ea-f049958471c8@group-81DCBC3AD7D1: ConfigurationManager, init=-1: [3eabf511-42f2-4021-89ea-f049958471c8:192.168.164.238:39308], old=null, confs=<EMPTY_MAP>
2019-09-26 13:37:52,844 [pool-57-thread-1] INFO  server.RaftServerConfigKeys (ConfUtils.java:logGet(43)) - raft.server.storage.dir = [/workdir/hadoop-ozone/tools/target/test-dir/MiniOzoneClusterImpl-d492c611-0ad2-4a0b-a9b3-2cc170b19582/datanode-3/data/ratis] (custom)
2019-09-26 13:37:52,845 [pool-57-thread-1] INFO  storage.RaftStorageDirectory (RaftStorageDirectory.java:analyzeStorage(246)) - The storage directory /workdir/hadoop-ozone/tools/target/test-dir/MiniOzoneClusterImpl-d492c611-0ad2-4a0b-a9b3-2cc170b19582/datanode-3/data/ratis/113b7c45-39a3-4db3-9cc2-81dcbc3ad7d1 does not exist. Creating ...
2019-09-26 13:37:52,857 [pool-57-thread-1] INFO  storage.RaftStorageDirectory (RaftStorageDirectory.java:tryLock(328)) - Lock on /workdir/hadoop-ozone/tools/target/test-dir/MiniOzoneClusterImpl-d492c611-0ad2-4a0b-a9b3-2cc170b19582/datanode-3/data/ratis/113b7c45-39a3-4db3-9cc2-81dcbc3ad7d1/in_use.lock acquired by nodename 21773@pr-hdds-1569-87zkn-1081879488
2019-09-26 13:37:52,871 [pool-57-thread-1] INFO  storage.RaftStorage (RaftStorage.java:format(72)) - Storage directory /workdir/hadoop-ozone/tools/target/test-dir/MiniOzoneClusterImpl-d492c611-0ad2-4a0b-a9b3-2cc170b19582/datanode-3/data/ratis/113b7c45-39a3-4db3-9cc2-81dcbc3ad7d1 has been successfully formatted.
2019-09-26 13:37:52,871 [pool-57-thread-1] INFO  ratis.ContainerStateMachine (ContainerStateMachine.java:loadSnapshot(230)) - group-81DCBC3AD7D1: The snapshot info is null. Setting the last applied indexto:(t:0, i:~)
2019-09-26 13:37:52,871 [pool-57-thread-1] INFO  server.RaftServerConfigKeys (ConfUtils.java:logGet(43)) - raft.server.notification.no-leader.timeout = 120s (custom)
2019-09-26 13:37:52,871 [pool-57-thread-1] INFO  server.RaftServerConfigKeys (ConfUtils.java:logGet(43)) - raft.server.log.use.memory = false (default)
2019-09-26 13:37:52,871 [pool-57-thread-1] INFO  server.RaftServerConfigKeys (ConfUtils.java:logGet(43)) - raft.server.log.purge.gap = 1000000 (custom)
2019-09-26 13:37:52,872 [pool-57-thread-1] INFO  server.RaftServerConfigKeys (ConfUtils.java:logGet(43)) - raft.server.log.appender.buffer.byte-limit = 33554432 (custom)
2019-09-26 13:37:52,872 [pool-57-thread-1] INFO  server.RaftServerConfigKeys (ConfUtils.java:logGet(43)) - raft.server.log.segment.size.max = 1048576 (custom)
2019-09-26 13:37:52,872 [pool-57-thread-1] INFO  server.RaftServerConfigKeys (ConfUtils.java:logGet(43)) - raft.server.log.segment.cache.num.max = 2 (custom)
2019-09-26 13:37:52,872 [pool-57-thread-1] INFO  segmented.SegmentedRaftLogWorker (SegmentedRaftLogWorker.java:<init>(172)) - new 3eabf511-42f2-4021-89ea-f049958471c8@group-81DCBC3AD7D1-SegmentedRaftLogWorker for RaftStorage:Storage Directory /workdir/hadoop-ozone/tools/target/test-dir/MiniOzoneClusterImpl-d492c611-0ad2-4a0b-a9b3-2cc170b19582/datanode-3/data/ratis/113b7c45-39a3-4db3-9cc2-81dcbc3ad7d1
2019-09-26 13:37:52,872 [pool-57-thread-1] INFO  server.RaftServerConfigKeys (ConfUtils.java:logGet(43)) - raft.server.log.queue.byte-limit = 2147483647 (custom)
2019-09-26 13:37:52,873 [pool-57-thread-1] INFO  server.RaftServerConfigKeys (ConfUtils.java:logGet(43)) - raft.server.log.queue.element-limit = 1024 (custom)
2019-09-26 13:37:52,873 [pool-57-thread-1] INFO  server.RaftServerConfigKeys (ConfUtils.java:logGet(43)) - raft.server.log.segment.size.max = 1048576 (custom)
2019-09-26 13:37:52,873 [pool-57-thread-1] INFO  server.RaftServerConfigKeys (ConfUtils.java:logGet(43)) - raft.server.log.preallocated.size = 16384 (custom)
2019-09-26 13:37:52,873 [pool-57-thread-1] INFO  server.RaftServerConfigKeys (ConfUtils.java:logGet(43)) - raft.server.log.write.buffer.size = 33554432 (custom)
2019-09-26 13:37:52,873 [pool-57-thread-1] INFO  server.RaftServerConfigKeys (ConfUtils.java:logGet(43)) - raft.server.log.force.sync.num = 128 (default)
2019-09-26 13:37:52,873 [pool-57-thread-1] INFO  server.RaftServerConfigKeys (ConfUtils.java:logGet(43)) - raft.server.log.statemachine.data.sync = true (default)
2019-09-26 13:37:52,874 [pool-57-thread-1] INFO  server.RaftServerConfigKeys (ConfUtils.java:logGet(43)) - raft.server.log.statemachine.data.sync.timeout = 10s (default)
2019-09-26 13:37:52,874 [pool-57-thread-1] INFO  server.RaftServerConfigKeys (ConfUtils.java:logGet(43)) - raft.server.log.statemachine.data.sync.timeout.retry = -1 (default)
2019-09-26 13:37:52,874 [pool-57-thread-1] INFO  server.RaftServerConfigKeys (ConfUtils.java:logGet(43)) - raft.server.log.statemachine.data.caching.enabled = true (custom)
2019-09-26 13:37:52,875 [pool-57-thread-1] INFO  segmented.SegmentedRaftLogWorker (SegmentedRaftLogWorker.java:lambda$new$0(132)) - 3eabf511-42f2-4021-89ea-f049958471c8@group-81DCBC3AD7D1-SegmentedRaftLogWorker: flushIndex: setUnconditionally 0 -> -1
2019-09-26 13:37:52,875 [pool-57-thread-1] INFO  server.RaftServerConfigKeys (ConfUtils.java:logGet(43)) - raft.server.snapshot.auto.trigger.enabled = true (custom)
2019-09-26 13:37:52,875 [pool-57-thread-1] INFO  server.RaftServerConfigKeys (ConfUtils.java:logGet(43)) - raft.server.snapshot.auto.trigger.threshold = 10000 (custom)
2019-09-26 13:37:52,875 [pool-57-thread-1] INFO  server.RaftServerConfigKeys (ConfUtils.java:logGet(43)) - raft.server.snapshot.retention.num.files = 5 (custom)
2019-09-26 13:37:52,876 [pool-57-thread-1] INFO  server.RaftServerConfigKeys (ConfUtils.java:logGet(43)) - raft.server.retrycache.expirytime = 600000ms (custom)
2019-09-26 13:37:52,879 [pool-57-thread-1] INFO  impl.RaftServerImpl (RaftServerImpl.java:start(185)) - 3eabf511-42f2-4021-89ea-f049958471c8@group-81DCBC3AD7D1: start as a follower, conf=-1: [3eabf511-42f2-4021-89ea-f049958471c8:192.168.164.238:39308], old=null
2019-09-26 13:37:52,879 [pool-57-thread-1] INFO  impl.RaftServerImpl (RaftServerImpl.java:setRole(174)) - 3eabf511-42f2-4021-89ea-f049958471c8@group-81DCBC3AD7D1: changes role from      null to FOLLOWER at term 0 for startAsFollower
2019-09-26 13:37:52,880 [pool-57-thread-1] INFO  impl.RoleInfo (RoleInfo.java:updateAndGet(143)) - 3eabf511-42f2-4021-89ea-f049958471c8: start FollowerState
2019-09-26 13:37:52,880 [pool-57-thread-1] INFO  util.JmxRegister (JmxRegister.java:tryRegister(44)) - Successfully registered JMX Bean with object name Ratis:service=RaftServer,group=group-81DCBC3AD7D1,id=3eabf511-42f2-4021-89ea-f049958471c8
2019-09-26 13:37:52,887 [RatisPipelineUtilsThread] INFO  pipeline.PipelineStateManager (PipelineStateManager.java:addPipeline(56)) - Created pipeline Pipeline[ Id: 113b7c45-39a3-4db3-9cc2-81dcbc3ad7d1, Nodes: 3eabf511-42f2-4021-89ea-f049958471c8{ip: 192.168.164.238, host: pr-hdds-1569-87zkn-1081879488, networkLocation: /default-rack, certSerialId: null}, Type:RATIS, Factor:ONE, State:OPEN]
2019-09-26 13:37:52,888 [RatisPipelineUtilsThread] INFO  pipeline.PipelinePlacementPolicy (PipelinePlacementPolicy.java:meetCriteria(91)) - Pipeline Placement: can't place more pipeline on heavy datanode： cdf4aa8b-8ba2-4318-b195-a0642de96b1e Heaviness: 6 limit: 5
2019-09-26 13:37:52,888 [RatisPipelineUtilsThread] INFO  pipeline.PipelinePlacementPolicy (PipelinePlacementPolicy.java:meetCriteria(91)) - Pipeline Placement: can't place more pipeline on heavy datanode： 3b4472a9-0ad3-4b35-90c6-43d323919912 Heaviness: 6 limit: 5
2019-09-26 13:37:52,888 [RatisPipelineUtilsThread] INFO  pipeline.PipelinePlacementPolicy (PipelinePlacementPolicy.java:meetCriteria(91)) - Pipeline Placement: can't place more pipeline on heavy datanode： 07946d80-9a5e-4ca8-81a5-a2e240cd3767 Heaviness: 6 limit: 5
2019-09-26 13:37:52,897 [grpc-default-executor-0] INFO  impl.RaftServerProxy (RaftServerProxy.java:addNew(89)) - 3eabf511-42f2-4021-89ea-f049958471c8: addNew group-03C461832366:[3eabf511-42f2-4021-89ea-f049958471c8:192.168.164.238:39308] returns group-03C461832366:java.util.concurrent.CompletableFuture@670b0d50[Not completed]
2019-09-26 13:37:52,899 [pool-57-thread-1] INFO  impl.RaftServerImpl (RaftServerImpl.java:<init>(95)) - 3eabf511-42f2-4021-89ea-f049958471c8: new RaftServerImpl for group-03C461832366:[3eabf511-42f2-4021-89ea-f049958471c8:192.168.164.238:39308] with ContainerStateMachine:uninitialized
2019-09-26 13:37:52,899 [pool-57-thread-1] INFO  server.RaftServerConfigKeys (ConfUtils.java:logGet(43)) - raft.server.rpc.timeout.min = 5s (custom)
2019-09-26 13:37:52,899 [pool-57-thread-1] INFO  server.RaftServerConfigKeys (ConfUtils.java:logGet(43)) - raft.server.rpc.timeout.max = 5200ms (custom)
2019-09-26 13:37:52,899 [pool-57-thread-1] INFO  server.RaftServerConfigKeys (ConfUtils.java:logGet(43)) - raft.server.rpcslowness.timeout = 120s (custom)
2019-09-26 13:37:52,899 [pool-57-thread-1] INFO  server.RaftServerConfigKeys (ConfUtils.java:logGet(43)) - raft.server.sleep.deviation.threshold = 300 (default)
2019-09-26 13:37:52,899 [pool-57-thread-1] INFO  server.RaftServerConfigKeys (ConfUtils.java:logGet(43)) - raft.server.log.appender.install.snapshot.enabled = false (custom)
2019-09-26 13:37:52,900 [pool-57-thread-1] INFO  impl.RaftServerImpl (ServerState.java:<init>(103)) - 3eabf511-42f2-4021-89ea-f049958471c8@group-03C461832366: ConfigurationManager, init=-1: [3eabf511-42f2-4021-89ea-f049958471c8:192.168.164.238:39308], old=null, confs=<EMPTY_MAP>
2019-09-26 13:37:52,900 [pool-57-thread-1] INFO  server.RaftServerConfigKeys (ConfUtils.java:logGet(43)) - raft.server.storage.dir = [/workdir/hadoop-ozone/tools/target/test-dir/MiniOzoneClusterImpl-d492c611-0ad2-4a0b-a9b3-2cc170b19582/datanode-3/data/ratis] (custom)
2019-09-26 13:37:52,900 [pool-57-thread-1] INFO  storage.RaftStorageDirectory (RaftStorageDirectory.java:analyzeStorage(246)) - The storage directory /workdir/hadoop-ozone/tools/target/test-dir/MiniOzoneClusterImpl-d492c611-0ad2-4a0b-a9b3-2cc170b19582/datanode-3/data/ratis/2b8ac04b-bc50-4650-9d0b-03c461832366 does not exist. Creating ...
2019-09-26 13:37:52,912 [pool-57-thread-1] INFO  storage.RaftStorageDirectory (RaftStorageDirectory.java:tryLock(328)) - Lock on /workdir/hadoop-ozone/tools/target/test-dir/MiniOzoneClusterImpl-d492c611-0ad2-4a0b-a9b3-2cc170b19582/datanode-3/data/ratis/2b8ac04b-bc50-4650-9d0b-03c461832366/in_use.lock acquired by nodename 21773@pr-hdds-1569-87zkn-1081879488
2019-09-26 13:37:52,925 [pool-57-thread-1] INFO  storage.RaftStorage (RaftStorage.java:format(72)) - Storage directory /workdir/hadoop-ozone/tools/target/test-dir/MiniOzoneClusterImpl-d492c611-0ad2-4a0b-a9b3-2cc170b19582/datanode-3/data/ratis/2b8ac04b-bc50-4650-9d0b-03c461832366 has been successfully formatted.
2019-09-26 13:37:52,925 [pool-57-thread-1] INFO  ratis.ContainerStateMachine (ContainerStateMachine.java:loadSnapshot(230)) - group-03C461832366: The snapshot info is null. Setting the last applied indexto:(t:0, i:~)
2019-09-26 13:37:52,925 [pool-57-thread-1] INFO  server.RaftServerConfigKeys (ConfUtils.java:logGet(43)) - raft.server.notification.no-leader.timeout = 120s (custom)
2019-09-26 13:37:52,926 [pool-57-thread-1] INFO  server.RaftServerConfigKeys (ConfUtils.java:logGet(43)) - raft.server.log.use.memory = false (default)
2019-09-26 13:37:52,926 [pool-57-thread-1] INFO  server.RaftServerConfigKeys (ConfUtils.java:logGet(43)) - raft.server.log.purge.gap = 1000000 (custom)
2019-09-26 13:37:52,926 [pool-57-thread-1] INFO  server.RaftServerConfigKeys (ConfUtils.java:logGet(43)) - raft.server.log.appender.buffer.byte-limit = 33554432 (custom)
2019-09-26 13:37:52,926 [pool-57-thread-1] INFO  server.RaftServerConfigKeys (ConfUtils.java:logGet(43)) - raft.server.log.segment.size.max = 1048576 (custom)
2019-09-26 13:37:52,926 [pool-57-thread-1] INFO  server.RaftServerConfigKeys (ConfUtils.java:logGet(43)) - raft.server.log.segment.cache.num.max = 2 (custom)
2019-09-26 13:37:52,926 [pool-57-thread-1] INFO  segmented.SegmentedRaftLogWorker (SegmentedRaftLogWorker.java:<init>(172)) - new 3eabf511-42f2-4021-89ea-f049958471c8@group-03C461832366-SegmentedRaftLogWorker for RaftStorage:Storage Directory /workdir/hadoop-ozone/tools/target/test-dir/MiniOzoneClusterImpl-d492c611-0ad2-4a0b-a9b3-2cc170b19582/datanode-3/data/ratis/2b8ac04b-bc50-4650-9d0b-03c461832366
2019-09-26 13:37:52,926 [pool-57-thread-1] INFO  server.RaftServerConfigKeys (ConfUtils.java:logGet(43)) - raft.server.log.queue.byte-limit = 2147483647 (custom)
2019-09-26 13:37:52,926 [pool-57-thread-1] INFO  server.RaftServerConfigKeys (ConfUtils.java:logGet(43)) - raft.server.log.queue.element-limit = 1024 (custom)
2019-09-26 13:37:52,927 [pool-57-thread-1] INFO  server.RaftServerConfigKeys (ConfUtils.java:logGet(43)) - raft.server.log.segment.size.max = 1048576 (custom)
2019-09-26 13:37:52,927 [pool-57-thread-1] INFO  server.RaftServerConfigKeys (ConfUtils.java:logGet(43)) - raft.server.log.preallocated.size = 16384 (custom)
2019-09-26 13:37:52,927 [pool-57-thread-1] INFO  server.RaftServerConfigKeys (ConfUtils.java:logGet(43)) - raft.server.log.write.buffer.size = 33554432 (custom)
2019-09-26 13:37:52,927 [pool-57-thread-1] INFO  server.RaftServerConfigKeys (ConfUtils.java:logGet(43)) - raft.server.log.force.sync.num = 128 (default)
2019-09-26 13:37:52,927 [pool-57-thread-1] INFO  server.RaftServerConfigKeys (ConfUtils.java:logGet(43)) - raft.server.log.statemachine.data.sync = true (default)
2019-09-26 13:37:52,927 [pool-57-thread-1] INFO  server.RaftServerConfigKeys (ConfUtils.java:logGet(43)) - raft.server.log.statemachine.data.sync.timeout = 10s (default)
2019-09-26 13:37:52,927 [pool-57-thread-1] INFO  server.RaftServerConfigKeys (ConfUtils.java:logGet(43)) - raft.server.log.statemachine.data.sync.timeout.retry = -1 (default)
2019-09-26 13:37:52,928 [pool-57-thread-1] INFO  server.RaftServerConfigKeys (ConfUtils.java:logGet(43)) - raft.server.log.statemachine.data.caching.enabled = true (custom)
2019-09-26 13:37:52,928 [pool-57-thread-1] INFO  segmented.SegmentedRaftLogWorker (SegmentedRaftLogWorker.java:lambda$new$0(132)) - 3eabf511-42f2-4021-89ea-f049958471c8@group-03C461832366-SegmentedRaftLogWorker: flushIndex: setUnconditionally 0 -> -1
2019-09-26 13:37:52,928 [pool-57-thread-1] INFO  server.RaftServerConfigKeys (ConfUtils.java:logGet(43)) - raft.server.snapshot.auto.trigger.enabled = true (custom)
2019-09-26 13:37:52,928 [pool-57-thread-1] INFO  server.RaftServerConfigKeys (ConfUtils.java:logGet(43)) - raft.server.snapshot.auto.trigger.threshold = 10000 (custom)
2019-09-26 13:37:52,928 [pool-57-thread-1] INFO  server.RaftServerConfigKeys (ConfUtils.java:logGet(43)) - raft.server.snapshot.retention.num.files = 5 (custom)
2019-09-26 13:37:52,929 [pool-57-thread-1] INFO  server.RaftServerConfigKeys (ConfUtils.java:logGet(43)) - raft.server.retrycache.expirytime = 600000ms (custom)
2019-09-26 13:37:52,931 [pool-57-thread-1] INFO  impl.RaftServerImpl (RaftServerImpl.java:start(185)) - 3eabf511-42f2-4021-89ea-f049958471c8@group-03C461832366: start as a follower, conf=-1: [3eabf511-42f2-4021-89ea-f049958471c8:192.168.164.238:39308], old=null
2019-09-26 13:37:52,931 [pool-57-thread-1] INFO  impl.RaftServerImpl (RaftServerImpl.java:setRole(174)) - 3eabf511-42f2-4021-89ea-f049958471c8@group-03C461832366: changes role from      null to FOLLOWER at term 0 for startAsFollower
2019-09-26 13:37:52,931 [pool-57-thread-1] INFO  impl.RoleInfo (RoleInfo.java:updateAndGet(143)) - 3eabf511-42f2-4021-89ea-f049958471c8: start FollowerState
2019-09-26 13:37:52,932 [pool-57-thread-1] INFO  util.JmxRegister (JmxRegister.java:tryRegister(44)) - Successfully registered JMX Bean with object name Ratis:service=RaftServer,group=group-03C461832366,id=3eabf511-42f2-4021-89ea-f049958471c8
2019-09-26 13:37:52,937 [RatisPipelineUtilsThread] INFO  pipeline.PipelineStateManager (PipelineStateManager.java:addPipeline(56)) - Created pipeline Pipeline[ Id: 2b8ac04b-bc50-4650-9d0b-03c461832366, Nodes: 3eabf511-42f2-4021-89ea-f049958471c8{ip: 192.168.164.238, host: pr-hdds-1569-87zkn-1081879488, networkLocation: /default-rack, certSerialId: null}, Type:RATIS, Factor:ONE, State:OPEN]
2019-09-26 13:37:52,937 [RatisPipelineUtilsThread] INFO  pipeline.PipelinePlacementPolicy (PipelinePlacementPolicy.java:meetCriteria(91)) - Pipeline Placement: can't place more pipeline on heavy datanode： cdf4aa8b-8ba2-4318-b195-a0642de96b1e Heaviness: 6 limit: 5
2019-09-26 13:37:52,938 [RatisPipelineUtilsThread] INFO  pipeline.PipelinePlacementPolicy (PipelinePlacementPolicy.java:meetCriteria(91)) - Pipeline Placement: can't place more pipeline on heavy datanode： 3eabf511-42f2-4021-89ea-f049958471c8 Heaviness: 6 limit: 5
2019-09-26 13:37:52,938 [RatisPipelineUtilsThread] INFO  pipeline.PipelinePlacementPolicy (PipelinePlacementPolicy.java:meetCriteria(91)) - Pipeline Placement: can't place more pipeline on heavy datanode： 3b4472a9-0ad3-4b35-90c6-43d323919912 Heaviness: 6 limit: 5
2019-09-26 13:37:52,938 [RatisPipelineUtilsThread] INFO  pipeline.PipelinePlacementPolicy (PipelinePlacementPolicy.java:meetCriteria(91)) - Pipeline Placement: can't place more pipeline on heavy datanode： 07946d80-9a5e-4ca8-81a5-a2e240cd3767 Heaviness: 6 limit: 5
2019-09-26 13:37:52,947 [grpc-default-executor-0] INFO  impl.RaftServerProxy (RaftServerProxy.java:addNew(89)) - 3557bb53-8e52-4f49-8c22-7e13e7d0c46b: addNew group-5732E8242A8A:[3557bb53-8e52-4f49-8c22-7e13e7d0c46b:192.168.164.238:39348] returns group-5732E8242A8A:java.util.concurrent.CompletableFuture@4624102c[Not completed]
2019-09-26 13:37:52,948 [pool-67-thread-1] INFO  impl.RaftServerImpl (RaftServerImpl.java:<init>(95)) - 3557bb53-8e52-4f49-8c22-7e13e7d0c46b: new RaftServerImpl for group-5732E8242A8A:[3557bb53-8e52-4f49-8c22-7e13e7d0c46b:192.168.164.238:39348] with ContainerStateMachine:uninitialized
2019-09-26 13:37:52,948 [pool-67-thread-1] INFO  server.RaftServerConfigKeys (ConfUtils.java:logGet(43)) - raft.server.rpc.timeout.min = 5s (custom)
2019-09-26 13:37:52,949 [pool-67-thread-1] INFO  server.RaftServerConfigKeys (ConfUtils.java:logGet(43)) - raft.server.rpc.timeout.max = 5200ms (custom)
2019-09-26 13:37:52,949 [pool-67-thread-1] INFO  server.RaftServerConfigKeys (ConfUtils.java:logGet(43)) - raft.server.rpcslowness.timeout = 120s (custom)
2019-09-26 13:37:52,949 [pool-67-thread-1] INFO  server.RaftServerConfigKeys (ConfUtils.java:logGet(43)) - raft.server.sleep.deviation.threshold = 300 (default)
2019-09-26 13:37:52,949 [pool-67-thread-1] INFO  server.RaftServerConfigKeys (ConfUtils.java:logGet(43)) - raft.server.log.appender.install.snapshot.enabled = false (custom)
2019-09-26 13:37:52,949 [pool-67-thread-1] INFO  impl.RaftServerImpl (ServerState.java:<init>(103)) - 3557bb53-8e52-4f49-8c22-7e13e7d0c46b@group-5732E8242A8A: ConfigurationManager, init=-1: [3557bb53-8e52-4f49-8c22-7e13e7d0c46b:192.168.164.238:39348], old=null, confs=<EMPTY_MAP>
2019-09-26 13:37:52,949 [pool-67-thread-1] INFO  server.RaftServerConfigKeys (ConfUtils.java:logGet(43)) - raft.server.storage.dir = [/workdir/hadoop-ozone/tools/target/test-dir/MiniOzoneClusterImpl-d492c611-0ad2-4a0b-a9b3-2cc170b19582/datanode-4/data/ratis] (custom)
2019-09-26 13:37:52,950 [pool-67-thread-1] INFO  storage.RaftStorageDirectory (RaftStorageDirectory.java:analyzeStorage(246)) - The storage directory /workdir/hadoop-ozone/tools/target/test-dir/MiniOzoneClusterImpl-d492c611-0ad2-4a0b-a9b3-2cc170b19582/datanode-4/data/ratis/7295275b-c845-490d-a622-5732e8242a8a does not exist. Creating ...
2019-09-26 13:37:52,962 [pool-67-thread-1] INFO  storage.RaftStorageDirectory (RaftStorageDirectory.java:tryLock(328)) - Lock on /workdir/hadoop-ozone/tools/target/test-dir/MiniOzoneClusterImpl-d492c611-0ad2-4a0b-a9b3-2cc170b19582/datanode-4/data/ratis/7295275b-c845-490d-a622-5732e8242a8a/in_use.lock acquired by nodename 21773@pr-hdds-1569-87zkn-1081879488
2019-09-26 13:37:52,975 [pool-67-thread-1] INFO  storage.RaftStorage (RaftStorage.java:format(72)) - Storage directory /workdir/hadoop-ozone/tools/target/test-dir/MiniOzoneClusterImpl-d492c611-0ad2-4a0b-a9b3-2cc170b19582/datanode-4/data/ratis/7295275b-c845-490d-a622-5732e8242a8a has been successfully formatted.
2019-09-26 13:37:52,976 [pool-67-thread-1] INFO  ratis.ContainerStateMachine (ContainerStateMachine.java:loadSnapshot(230)) - group-5732E8242A8A: The snapshot info is null. Setting the last applied indexto:(t:0, i:~)
2019-09-26 13:37:52,976 [pool-67-thread-1] INFO  server.RaftServerConfigKeys (ConfUtils.java:logGet(43)) - raft.server.notification.no-leader.timeout = 120s (custom)
2019-09-26 13:37:52,976 [pool-67-thread-1] INFO  server.RaftServerConfigKeys (ConfUtils.java:logGet(43)) - raft.server.log.use.memory = false (default)
2019-09-26 13:37:52,976 [pool-67-thread-1] INFO  server.RaftServerConfigKeys (ConfUtils.java:logGet(43)) - raft.server.log.purge.gap = 1000000 (custom)
2019-09-26 13:37:52,976 [pool-67-thread-1] INFO  server.RaftServerConfigKeys (ConfUtils.java:logGet(43)) - raft.server.log.appender.buffer.byte-limit = 33554432 (custom)
2019-09-26 13:37:52,976 [pool-67-thread-1] INFO  server.RaftServerConfigKeys (ConfUtils.java:logGet(43)) - raft.server.log.segment.size.max = 1048576 (custom)
2019-09-26 13:37:52,977 [pool-67-thread-1] INFO  server.RaftServerConfigKeys (ConfUtils.java:logGet(43)) - raft.server.log.segment.cache.num.max = 2 (custom)
2019-09-26 13:37:52,977 [pool-67-thread-1] INFO  segmented.SegmentedRaftLogWorker (SegmentedRaftLogWorker.java:<init>(172)) - new 3557bb53-8e52-4f49-8c22-7e13e7d0c46b@group-5732E8242A8A-SegmentedRaftLogWorker for RaftStorage:Storage Directory /workdir/hadoop-ozone/tools/target/test-dir/MiniOzoneClusterImpl-d492c611-0ad2-4a0b-a9b3-2cc170b19582/datanode-4/data/ratis/7295275b-c845-490d-a622-5732e8242a8a
2019-09-26 13:37:52,977 [pool-67-thread-1] INFO  server.RaftServerConfigKeys (ConfUtils.java:logGet(43)) - raft.server.log.queue.byte-limit = 2147483647 (custom)
2019-09-26 13:37:52,977 [pool-67-thread-1] INFO  server.RaftServerConfigKeys (ConfUtils.java:logGet(43)) - raft.server.log.queue.element-limit = 1024 (custom)
2019-09-26 13:37:52,977 [pool-67-thread-1] INFO  server.RaftServerConfigKeys (ConfUtils.java:logGet(43)) - raft.server.log.segment.size.max = 1048576 (custom)
2019-09-26 13:37:52,977 [pool-67-thread-1] INFO  server.RaftServerConfigKeys (ConfUtils.java:logGet(43)) - raft.server.log.preallocated.size = 16384 (custom)
2019-09-26 13:37:52,977 [pool-67-thread-1] INFO  server.RaftServerConfigKeys (ConfUtils.java:logGet(43)) - raft.server.log.write.buffer.size = 33554432 (custom)
2019-09-26 13:37:52,978 [pool-67-thread-1] INFO  server.RaftServerConfigKeys (ConfUtils.java:logGet(43)) - raft.server.log.force.sync.num = 128 (default)
2019-09-26 13:37:52,978 [pool-67-thread-1] INFO  server.RaftServerConfigKeys (ConfUtils.java:logGet(43)) - raft.server.log.statemachine.data.sync = true (default)
2019-09-26 13:37:52,978 [pool-67-thread-1] INFO  server.RaftServerConfigKeys (ConfUtils.java:logGet(43)) - raft.server.log.statemachine.data.sync.timeout = 10s (default)
2019-09-26 13:37:52,978 [pool-67-thread-1] INFO  server.RaftServerConfigKeys (ConfUtils.java:logGet(43)) - raft.server.log.statemachine.data.sync.timeout.retry = -1 (default)
2019-09-26 13:37:52,978 [pool-67-thread-1] INFO  server.RaftServerConfigKeys (ConfUtils.java:logGet(43)) - raft.server.log.statemachine.data.caching.enabled = true (custom)
2019-09-26 13:37:52,979 [pool-67-thread-1] INFO  segmented.SegmentedRaftLogWorker (SegmentedRaftLogWorker.java:lambda$new$0(132)) - 3557bb53-8e52-4f49-8c22-7e13e7d0c46b@group-5732E8242A8A-SegmentedRaftLogWorker: flushIndex: setUnconditionally 0 -> -1
2019-09-26 13:37:52,979 [pool-67-thread-1] INFO  server.RaftServerConfigKeys (ConfUtils.java:logGet(43)) - raft.server.snapshot.auto.trigger.enabled = true (custom)
2019-09-26 13:37:52,979 [pool-67-thread-1] INFO  server.RaftServerConfigKeys (ConfUtils.java:logGet(43)) - raft.server.snapshot.auto.trigger.threshold = 10000 (custom)
2019-09-26 13:37:52,979 [pool-67-thread-1] INFO  server.RaftServerConfigKeys (ConfUtils.java:logGet(43)) - raft.server.snapshot.retention.num.files = 5 (custom)
2019-09-26 13:37:52,979 [pool-67-thread-1] INFO  server.RaftServerConfigKeys (ConfUtils.java:logGet(43)) - raft.server.retrycache.expirytime = 600000ms (custom)
2019-09-26 13:37:52,982 [pool-67-thread-1] INFO  impl.RaftServerImpl (RaftServerImpl.java:start(185)) - 3557bb53-8e52-4f49-8c22-7e13e7d0c46b@group-5732E8242A8A: start as a follower, conf=-1: [3557bb53-8e52-4f49-8c22-7e13e7d0c46b:192.168.164.238:39348], old=null
2019-09-26 13:37:52,982 [pool-67-thread-1] INFO  impl.RaftServerImpl (RaftServerImpl.java:setRole(174)) - 3557bb53-8e52-4f49-8c22-7e13e7d0c46b@group-5732E8242A8A: changes role from      null to FOLLOWER at term 0 for startAsFollower
2019-09-26 13:37:52,982 [pool-67-thread-1] INFO  impl.RoleInfo (RoleInfo.java:updateAndGet(143)) - 3557bb53-8e52-4f49-8c22-7e13e7d0c46b: start FollowerState
2019-09-26 13:37:52,983 [pool-67-thread-1] INFO  util.JmxRegister (JmxRegister.java:tryRegister(44)) - Successfully registered JMX Bean with object name Ratis:service=RaftServer,group=group-5732E8242A8A,id=3557bb53-8e52-4f49-8c22-7e13e7d0c46b
 0.00% |█                                                                                                    |  0/1 Time: 0:00:012019-09-26 13:37:52,988 [RatisPipelineUtilsThread] INFO  pipeline.PipelineStateManager (PipelineStateManager.java:addPipeline(56)) - Created pipeline Pipeline[ Id: 7295275b-c845-490d-a622-5732e8242a8a, Nodes: 3557bb53-8e52-4f49-8c22-7e13e7d0c46b{ip: 192.168.164.238, host: pr-hdds-1569-87zkn-1081879488, networkLocation: /default-rack, certSerialId: null}, Type:RATIS, Factor:ONE, State:OPEN]
2019-09-26 13:37:52,988 [RatisPipelineUtilsThread] INFO  pipeline.PipelinePlacementPolicy (PipelinePlacementPolicy.java:meetCriteria(91)) - Pipeline Placement: can't place more pipeline on heavy datanode： cdf4aa8b-8ba2-4318-b195-a0642de96b1e Heaviness: 6 limit: 5
2019-09-26 13:37:52,988 [RatisPipelineUtilsThread] INFO  pipeline.PipelinePlacementPolicy (PipelinePlacementPolicy.java:meetCriteria(91)) - Pipeline Placement: can't place more pipeline on heavy datanode： 3eabf511-42f2-4021-89ea-f049958471c8 Heaviness: 6 limit: 5
2019-09-26 13:37:52,988 [RatisPipelineUtilsThread] INFO  pipeline.PipelinePlacementPolicy (PipelinePlacementPolicy.java:meetCriteria(91)) - Pipeline Placement: can't place more pipeline on heavy datanode： 3b4472a9-0ad3-4b35-90c6-43d323919912 Heaviness: 6 limit: 5
2019-09-26 13:37:52,988 [RatisPipelineUtilsThread] INFO  pipeline.PipelinePlacementPolicy (PipelinePlacementPolicy.java:meetCriteria(91)) - Pipeline Placement: can't place more pipeline on heavy datanode： 07946d80-9a5e-4ca8-81a5-a2e240cd3767 Heaviness: 6 limit: 5
2019-09-26 13:37:52,999 [grpc-default-executor-0] INFO  impl.RaftServerProxy (RaftServerProxy.java:addNew(89)) - 3557bb53-8e52-4f49-8c22-7e13e7d0c46b: addNew group-D440289CF17A:[3557bb53-8e52-4f49-8c22-7e13e7d0c46b:192.168.164.238:39348] returns group-D440289CF17A:java.util.concurrent.CompletableFuture@594bfc6e[Not completed]
2019-09-26 13:37:53,000 [pool-67-thread-1] INFO  impl.RaftServerImpl (RaftServerImpl.java:<init>(95)) - 3557bb53-8e52-4f49-8c22-7e13e7d0c46b: new RaftServerImpl for group-D440289CF17A:[3557bb53-8e52-4f49-8c22-7e13e7d0c46b:192.168.164.238:39348] with ContainerStateMachine:uninitialized
2019-09-26 13:37:53,000 [pool-67-thread-1] INFO  server.RaftServerConfigKeys (ConfUtils.java:logGet(43)) - raft.server.rpc.timeout.min = 5s (custom)
2019-09-26 13:37:53,000 [pool-67-thread-1] INFO  server.RaftServerConfigKeys (ConfUtils.java:logGet(43)) - raft.server.rpc.timeout.max = 5200ms (custom)
2019-09-26 13:37:53,000 [pool-67-thread-1] INFO  server.RaftServerConfigKeys (ConfUtils.java:logGet(43)) - raft.server.rpcslowness.timeout = 120s (custom)
2019-09-26 13:37:53,000 [pool-67-thread-1] INFO  server.RaftServerConfigKeys (ConfUtils.java:logGet(43)) - raft.server.sleep.deviation.threshold = 300 (default)
2019-09-26 13:37:53,000 [pool-67-thread-1] INFO  server.RaftServerConfigKeys (ConfUtils.java:logGet(43)) - raft.server.log.appender.install.snapshot.enabled = false (custom)
2019-09-26 13:37:53,001 [pool-67-thread-1] INFO  impl.RaftServerImpl (ServerState.java:<init>(103)) - 3557bb53-8e52-4f49-8c22-7e13e7d0c46b@group-D440289CF17A: ConfigurationManager, init=-1: [3557bb53-8e52-4f49-8c22-7e13e7d0c46b:192.168.164.238:39348], old=null, confs=<EMPTY_MAP>
2019-09-26 13:37:53,001 [pool-67-thread-1] INFO  server.RaftServerConfigKeys (ConfUtils.java:logGet(43)) - raft.server.storage.dir = [/workdir/hadoop-ozone/tools/target/test-dir/MiniOzoneClusterImpl-d492c611-0ad2-4a0b-a9b3-2cc170b19582/datanode-4/data/ratis] (custom)
2019-09-26 13:37:53,001 [pool-67-thread-1] INFO  storage.RaftStorageDirectory (RaftStorageDirectory.java:analyzeStorage(246)) - The storage directory /workdir/hadoop-ozone/tools/target/test-dir/MiniOzoneClusterImpl-d492c611-0ad2-4a0b-a9b3-2cc170b19582/datanode-4/data/ratis/74e7dea9-c65e-4494-85ee-d440289cf17a does not exist. Creating ...
2019-09-26 13:37:53,013 [pool-67-thread-1] INFO  storage.RaftStorageDirectory (RaftStorageDirectory.java:tryLock(328)) - Lock on /workdir/hadoop-ozone/tools/target/test-dir/MiniOzoneClusterImpl-d492c611-0ad2-4a0b-a9b3-2cc170b19582/datanode-4/data/ratis/74e7dea9-c65e-4494-85ee-d440289cf17a/in_use.lock acquired by nodename 21773@pr-hdds-1569-87zkn-1081879488
2019-09-26 13:37:53,048 [Thread-208] INFO  container.ReplicationManager (ReplicationManager.java:start(163)) - Starting Replication Monitor Thread.
2019-09-26 13:37:53,048 [pool-67-thread-1] INFO  storage.RaftStorage (RaftStorage.java:format(72)) - Storage directory /workdir/hadoop-ozone/tools/target/test-dir/MiniOzoneClusterImpl-d492c611-0ad2-4a0b-a9b3-2cc170b19582/datanode-4/data/ratis/74e7dea9-c65e-4494-85ee-d440289cf17a has been successfully formatted.
2019-09-26 13:37:53,049 [pool-67-thread-1] INFO  ratis.ContainerStateMachine (ContainerStateMachine.java:loadSnapshot(230)) - group-D440289CF17A: The snapshot info is null. Setting the last applied indexto:(t:0, i:~)
2019-09-26 13:37:53,049 [pool-67-thread-1] INFO  server.RaftServerConfigKeys (ConfUtils.java:logGet(43)) - raft.server.notification.no-leader.timeout = 120s (custom)
2019-09-26 13:37:53,049 [pool-67-thread-1] INFO  server.RaftServerConfigKeys (ConfUtils.java:logGet(43)) - raft.server.log.use.memory = false (default)
2019-09-26 13:37:53,049 [pool-67-thread-1] INFO  server.RaftServerConfigKeys (ConfUtils.java:logGet(43)) - raft.server.log.purge.gap = 1000000 (custom)
2019-09-26 13:37:53,050 [pool-67-thread-1] INFO  server.RaftServerConfigKeys (ConfUtils.java:logGet(43)) - raft.server.log.appender.buffer.byte-limit = 33554432 (custom)
2019-09-26 13:37:53,050 [pool-67-thread-1] INFO  server.RaftServerConfigKeys (ConfUtils.java:logGet(43)) - raft.server.log.segment.size.max = 1048576 (custom)
2019-09-26 13:37:53,050 [pool-67-thread-1] INFO  server.RaftServerConfigKeys (ConfUtils.java:logGet(43)) - raft.server.log.segment.cache.num.max = 2 (custom)
2019-09-26 13:37:53,050 [pool-67-thread-1] INFO  segmented.SegmentedRaftLogWorker (SegmentedRaftLogWorker.java:<init>(172)) - new 3557bb53-8e52-4f49-8c22-7e13e7d0c46b@group-D440289CF17A-SegmentedRaftLogWorker for RaftStorage:Storage Directory /workdir/hadoop-ozone/tools/target/test-dir/MiniOzoneClusterImpl-d492c611-0ad2-4a0b-a9b3-2cc170b19582/datanode-4/data/ratis/74e7dea9-c65e-4494-85ee-d440289cf17a
2019-09-26 13:37:53,050 [pool-67-thread-1] INFO  server.RaftServerConfigKeys (ConfUtils.java:logGet(43)) - raft.server.log.queue.byte-limit = 2147483647 (custom)
2019-09-26 13:37:53,050 [pool-67-thread-1] INFO  server.RaftServerConfigKeys (ConfUtils.java:logGet(43)) - raft.server.log.queue.element-limit = 1024 (custom)
2019-09-26 13:37:53,051 [ReplicationMonitor] INFO  container.ReplicationManager (ReplicationManager.java:run(226)) - Replication Monitor Thread took 1 milliseconds for processing 0 containers.
2019-09-26 13:37:53,051 [pool-67-thread-1] INFO  server.RaftServerConfigKeys (ConfUtils.java:logGet(43)) - raft.server.log.segment.size.max = 1048576 (custom)
2019-09-26 13:37:53,051 [pool-67-thread-1] INFO  server.RaftServerConfigKeys (ConfUtils.java:logGet(43)) - raft.server.log.preallocated.size = 16384 (custom)
2019-09-26 13:37:53,051 [pool-67-thread-1] INFO  server.RaftServerConfigKeys (ConfUtils.java:logGet(43)) - raft.server.log.write.buffer.size = 33554432 (custom)
2019-09-26 13:37:53,051 [pool-67-thread-1] INFO  server.RaftServerConfigKeys (ConfUtils.java:logGet(43)) - raft.server.log.force.sync.num = 128 (default)
2019-09-26 13:37:53,051 [pool-67-thread-1] INFO  server.RaftServerConfigKeys (ConfUtils.java:logGet(43)) - raft.server.log.statemachine.data.sync = true (default)
2019-09-26 13:37:53,052 [pool-67-thread-1] INFO  server.RaftServerConfigKeys (ConfUtils.java:logGet(43)) - raft.server.log.statemachine.data.sync.timeout = 10s (default)
2019-09-26 13:37:53,052 [pool-67-thread-1] INFO  server.RaftServerConfigKeys (ConfUtils.java:logGet(43)) - raft.server.log.statemachine.data.sync.timeout.retry = -1 (default)
2019-09-26 13:37:53,052 [pool-67-thread-1] INFO  server.RaftServerConfigKeys (ConfUtils.java:logGet(43)) - raft.server.log.statemachine.data.caching.enabled = true (custom)
2019-09-26 13:37:53,052 [pool-67-thread-1] INFO  segmented.SegmentedRaftLogWorker (SegmentedRaftLogWorker.java:lambda$new$0(132)) - 3557bb53-8e52-4f49-8c22-7e13e7d0c46b@group-D440289CF17A-SegmentedRaftLogWorker: flushIndex: setUnconditionally 0 -> -1
2019-09-26 13:37:53,053 [pool-67-thread-1] INFO  server.RaftServerConfigKeys (ConfUtils.java:logGet(43)) - raft.server.snapshot.auto.trigger.enabled = true (custom)
2019-09-26 13:37:53,053 [pool-67-thread-1] INFO  server.RaftServerConfigKeys (ConfUtils.java:logGet(43)) - raft.server.snapshot.auto.trigger.threshold = 10000 (custom)
2019-09-26 13:37:53,053 [pool-67-thread-1] INFO  server.RaftServerConfigKeys (ConfUtils.java:logGet(43)) - raft.server.snapshot.retention.num.files = 5 (custom)
2019-09-26 13:37:53,053 [pool-67-thread-1] INFO  server.RaftServerConfigKeys (ConfUtils.java:logGet(43)) - raft.server.retrycache.expirytime = 600000ms (custom)
2019-09-26 13:37:53,056 [pool-67-thread-1] INFO  impl.RaftServerImpl (RaftServerImpl.java:start(185)) - 3557bb53-8e52-4f49-8c22-7e13e7d0c46b@group-D440289CF17A: start as a follower, conf=-1: [3557bb53-8e52-4f49-8c22-7e13e7d0c46b:192.168.164.238:39348], old=null
2019-09-26 13:37:53,056 [pool-67-thread-1] INFO  impl.RaftServerImpl (RaftServerImpl.java:setRole(174)) - 3557bb53-8e52-4f49-8c22-7e13e7d0c46b@group-D440289CF17A: changes role from      null to FOLLOWER at term 0 for startAsFollower
2019-09-26 13:37:53,056 [pool-67-thread-1] INFO  impl.RoleInfo (RoleInfo.java:updateAndGet(143)) - 3557bb53-8e52-4f49-8c22-7e13e7d0c46b: start FollowerState
2019-09-26 13:37:53,057 [pool-67-thread-1] INFO  util.JmxRegister (JmxRegister.java:tryRegister(44)) - Successfully registered JMX Bean with object name Ratis:service=RaftServer,group=group-D440289CF17A,id=3557bb53-8e52-4f49-8c22-7e13e7d0c46b
2019-09-26 13:37:53,062 [RatisPipelineUtilsThread] INFO  pipeline.PipelineStateManager (PipelineStateManager.java:addPipeline(56)) - Created pipeline Pipeline[ Id: 74e7dea9-c65e-4494-85ee-d440289cf17a, Nodes: 3557bb53-8e52-4f49-8c22-7e13e7d0c46b{ip: 192.168.164.238, host: pr-hdds-1569-87zkn-1081879488, networkLocation: /default-rack, certSerialId: null}, Type:RATIS, Factor:ONE, State:OPEN]
2019-09-26 13:37:53,062 [RatisPipelineUtilsThread] INFO  pipeline.PipelinePlacementPolicy (PipelinePlacementPolicy.java:meetCriteria(91)) - Pipeline Placement: can't place more pipeline on heavy datanode： cdf4aa8b-8ba2-4318-b195-a0642de96b1e Heaviness: 6 limit: 5
2019-09-26 13:37:53,063 [RatisPipelineUtilsThread] INFO  pipeline.PipelinePlacementPolicy (PipelinePlacementPolicy.java:meetCriteria(91)) - Pipeline Placement: can't place more pipeline on heavy datanode： 3eabf511-42f2-4021-89ea-f049958471c8 Heaviness: 6 limit: 5
2019-09-26 13:37:53,063 [RatisPipelineUtilsThread] INFO  pipeline.PipelinePlacementPolicy (PipelinePlacementPolicy.java:meetCriteria(91)) - Pipeline Placement: can't place more pipeline on heavy datanode： 3b4472a9-0ad3-4b35-90c6-43d323919912 Heaviness: 6 limit: 5
2019-09-26 13:37:53,063 [RatisPipelineUtilsThread] INFO  pipeline.PipelinePlacementPolicy (PipelinePlacementPolicy.java:meetCriteria(91)) - Pipeline Placement: can't place more pipeline on heavy datanode： 07946d80-9a5e-4ca8-81a5-a2e240cd3767 Heaviness: 6 limit: 5
2019-09-26 13:37:53,073 [grpc-default-executor-0] INFO  impl.RaftServerProxy (RaftServerProxy.java:addNew(89)) - 3557bb53-8e52-4f49-8c22-7e13e7d0c46b: addNew group-941A8DDBF832:[3557bb53-8e52-4f49-8c22-7e13e7d0c46b:192.168.164.238:39348] returns group-941A8DDBF832:java.util.concurrent.CompletableFuture@418f3c29[Not completed]
2019-09-26 13:37:53,074 [pool-67-thread-1] INFO  impl.RaftServerImpl (RaftServerImpl.java:<init>(95)) - 3557bb53-8e52-4f49-8c22-7e13e7d0c46b: new RaftServerImpl for group-941A8DDBF832:[3557bb53-8e52-4f49-8c22-7e13e7d0c46b:192.168.164.238:39348] with ContainerStateMachine:uninitialized
2019-09-26 13:37:53,074 [pool-67-thread-1] INFO  server.RaftServerConfigKeys (ConfUtils.java:logGet(43)) - raft.server.rpc.timeout.min = 5s (custom)
2019-09-26 13:37:53,074 [pool-67-thread-1] INFO  server.RaftServerConfigKeys (ConfUtils.java:logGet(43)) - raft.server.rpc.timeout.max = 5200ms (custom)
2019-09-26 13:37:53,074 [pool-67-thread-1] INFO  server.RaftServerConfigKeys (ConfUtils.java:logGet(43)) - raft.server.rpcslowness.timeout = 120s (custom)
2019-09-26 13:37:53,075 [pool-67-thread-1] INFO  server.RaftServerConfigKeys (ConfUtils.java:logGet(43)) - raft.server.sleep.deviation.threshold = 300 (default)
2019-09-26 13:37:53,075 [pool-67-thread-1] INFO  server.RaftServerConfigKeys (ConfUtils.java:logGet(43)) - raft.server.log.appender.install.snapshot.enabled = false (custom)
2019-09-26 13:37:53,075 [pool-67-thread-1] INFO  impl.RaftServerImpl (ServerState.java:<init>(103)) - 3557bb53-8e52-4f49-8c22-7e13e7d0c46b@group-941A8DDBF832: ConfigurationManager, init=-1: [3557bb53-8e52-4f49-8c22-7e13e7d0c46b:192.168.164.238:39348], old=null, confs=<EMPTY_MAP>
2019-09-26 13:37:53,075 [pool-67-thread-1] INFO  server.RaftServerConfigKeys (ConfUtils.java:logGet(43)) - raft.server.storage.dir = [/workdir/hadoop-ozone/tools/target/test-dir/MiniOzoneClusterImpl-d492c611-0ad2-4a0b-a9b3-2cc170b19582/datanode-4/data/ratis] (custom)
2019-09-26 13:37:53,075 [pool-67-thread-1] INFO  storage.RaftStorageDirectory (RaftStorageDirectory.java:analyzeStorage(246)) - The storage directory /workdir/hadoop-ozone/tools/target/test-dir/MiniOzoneClusterImpl-d492c611-0ad2-4a0b-a9b3-2cc170b19582/datanode-4/data/ratis/12823d66-d0cd-4f76-8c41-941a8ddbf832 does not exist. Creating ...
2019-09-26 13:37:53,097 [pool-67-thread-1] INFO  storage.RaftStorageDirectory (RaftStorageDirectory.java:tryLock(328)) - Lock on /workdir/hadoop-ozone/tools/target/test-dir/MiniOzoneClusterImpl-d492c611-0ad2-4a0b-a9b3-2cc170b19582/datanode-4/data/ratis/12823d66-d0cd-4f76-8c41-941a8ddbf832/in_use.lock acquired by nodename 21773@pr-hdds-1569-87zkn-1081879488
2019-09-26 13:37:53,110 [pool-67-thread-1] INFO  storage.RaftStorage (RaftStorage.java:format(72)) - Storage directory /workdir/hadoop-ozone/tools/target/test-dir/MiniOzoneClusterImpl-d492c611-0ad2-4a0b-a9b3-2cc170b19582/datanode-4/data/ratis/12823d66-d0cd-4f76-8c41-941a8ddbf832 has been successfully formatted.
2019-09-26 13:37:53,110 [pool-67-thread-1] INFO  ratis.ContainerStateMachine (ContainerStateMachine.java:loadSnapshot(230)) - group-941A8DDBF832: The snapshot info is null. Setting the last applied indexto:(t:0, i:~)
2019-09-26 13:37:53,110 [pool-67-thread-1] INFO  server.RaftServerConfigKeys (ConfUtils.java:logGet(43)) - raft.server.notification.no-leader.timeout = 120s (custom)
2019-09-26 13:37:53,110 [pool-67-thread-1] INFO  server.RaftServerConfigKeys (ConfUtils.java:logGet(43)) - raft.server.log.use.memory = false (default)
2019-09-26 13:37:53,111 [pool-67-thread-1] INFO  server.RaftServerConfigKeys (ConfUtils.java:logGet(43)) - raft.server.log.purge.gap = 1000000 (custom)
2019-09-26 13:37:53,111 [pool-67-thread-1] INFO  server.RaftServerConfigKeys (ConfUtils.java:logGet(43)) - raft.server.log.appender.buffer.byte-limit = 33554432 (custom)
2019-09-26 13:37:53,111 [pool-67-thread-1] INFO  server.RaftServerConfigKeys (ConfUtils.java:logGet(43)) - raft.server.log.segment.size.max = 1048576 (custom)
2019-09-26 13:37:53,111 [pool-67-thread-1] INFO  server.RaftServerConfigKeys (ConfUtils.java:logGet(43)) - raft.server.log.segment.cache.num.max = 2 (custom)
2019-09-26 13:37:53,111 [pool-67-thread-1] INFO  segmented.SegmentedRaftLogWorker (SegmentedRaftLogWorker.java:<init>(172)) - new 3557bb53-8e52-4f49-8c22-7e13e7d0c46b@group-941A8DDBF832-SegmentedRaftLogWorker for RaftStorage:Storage Directory /workdir/hadoop-ozone/tools/target/test-dir/MiniOzoneClusterImpl-d492c611-0ad2-4a0b-a9b3-2cc170b19582/datanode-4/data/ratis/12823d66-d0cd-4f76-8c41-941a8ddbf832
2019-09-26 13:37:53,111 [pool-67-thread-1] INFO  server.RaftServerConfigKeys (ConfUtils.java:logGet(43)) - raft.server.log.queue.byte-limit = 2147483647 (custom)
2019-09-26 13:37:53,111 [pool-67-thread-1] INFO  server.RaftServerConfigKeys (ConfUtils.java:logGet(43)) - raft.server.log.queue.element-limit = 1024 (custom)
2019-09-26 13:37:53,112 [pool-67-thread-1] INFO  server.RaftServerConfigKeys (ConfUtils.java:logGet(43)) - raft.server.log.segment.size.max = 1048576 (custom)
2019-09-26 13:37:53,112 [pool-67-thread-1] INFO  server.RaftServerConfigKeys (ConfUtils.java:logGet(43)) - raft.server.log.preallocated.size = 16384 (custom)
2019-09-26 13:37:53,112 [pool-67-thread-1] INFO  server.RaftServerConfigKeys (ConfUtils.java:logGet(43)) - raft.server.log.write.buffer.size = 33554432 (custom)
2019-09-26 13:37:53,112 [pool-67-thread-1] INFO  server.RaftServerConfigKeys (ConfUtils.java:logGet(43)) - raft.server.log.force.sync.num = 128 (default)
2019-09-26 13:37:53,112 [pool-67-thread-1] INFO  server.RaftServerConfigKeys (ConfUtils.java:logGet(43)) - raft.server.log.statemachine.data.sync = true (default)
2019-09-26 13:37:53,112 [pool-67-thread-1] INFO  server.RaftServerConfigKeys (ConfUtils.java:logGet(43)) - raft.server.log.statemachine.data.sync.timeout = 10s (default)
2019-09-26 13:37:53,112 [pool-67-thread-1] INFO  server.RaftServerConfigKeys (ConfUtils.java:logGet(43)) - raft.server.log.statemachine.data.sync.timeout.retry = -1 (default)
2019-09-26 13:37:53,113 [pool-67-thread-1] INFO  server.RaftServerConfigKeys (ConfUtils.java:logGet(43)) - raft.server.log.statemachine.data.caching.enabled = true (custom)
2019-09-26 13:37:53,113 [pool-67-thread-1] INFO  segmented.SegmentedRaftLogWorker (SegmentedRaftLogWorker.java:lambda$new$0(132)) - 3557bb53-8e52-4f49-8c22-7e13e7d0c46b@group-941A8DDBF832-SegmentedRaftLogWorker: flushIndex: setUnconditionally 0 -> -1
2019-09-26 13:37:53,113 [pool-67-thread-1] INFO  server.RaftServerConfigKeys (ConfUtils.java:logGet(43)) - raft.server.snapshot.auto.trigger.enabled = true (custom)
2019-09-26 13:37:53,113 [pool-67-thread-1] INFO  server.RaftServerConfigKeys (ConfUtils.java:logGet(43)) - raft.server.snapshot.auto.trigger.threshold = 10000 (custom)
2019-09-26 13:37:53,113 [pool-67-thread-1] INFO  server.RaftServerConfigKeys (ConfUtils.java:logGet(43)) - raft.server.snapshot.retention.num.files = 5 (custom)
2019-09-26 13:37:53,114 [pool-67-thread-1] INFO  server.RaftServerConfigKeys (ConfUtils.java:logGet(43)) - raft.server.retrycache.expirytime = 600000ms (custom)
2019-09-26 13:37:53,116 [pool-67-thread-1] INFO  impl.RaftServerImpl (RaftServerImpl.java:start(185)) - 3557bb53-8e52-4f49-8c22-7e13e7d0c46b@group-941A8DDBF832: start as a follower, conf=-1: [3557bb53-8e52-4f49-8c22-7e13e7d0c46b:192.168.164.238:39348], old=null
2019-09-26 13:37:53,116 [pool-67-thread-1] INFO  impl.RaftServerImpl (RaftServerImpl.java:setRole(174)) - 3557bb53-8e52-4f49-8c22-7e13e7d0c46b@group-941A8DDBF832: changes role from      null to FOLLOWER at term 0 for startAsFollower
2019-09-26 13:37:53,116 [pool-67-thread-1] INFO  impl.RoleInfo (RoleInfo.java:updateAndGet(143)) - 3557bb53-8e52-4f49-8c22-7e13e7d0c46b: start FollowerState
2019-09-26 13:37:53,116 [pool-67-thread-1] INFO  util.JmxRegister (JmxRegister.java:tryRegister(44)) - Successfully registered JMX Bean with object name Ratis:service=RaftServer,group=group-941A8DDBF832,id=3557bb53-8e52-4f49-8c22-7e13e7d0c46b
2019-09-26 13:37:53,121 [RatisPipelineUtilsThread] INFO  pipeline.PipelineStateManager (PipelineStateManager.java:addPipeline(56)) - Created pipeline Pipeline[ Id: 12823d66-d0cd-4f76-8c41-941a8ddbf832, Nodes: 3557bb53-8e52-4f49-8c22-7e13e7d0c46b{ip: 192.168.164.238, host: pr-hdds-1569-87zkn-1081879488, networkLocation: /default-rack, certSerialId: null}, Type:RATIS, Factor:ONE, State:OPEN]
2019-09-26 13:37:53,122 [RatisPipelineUtilsThread] INFO  pipeline.PipelinePlacementPolicy (PipelinePlacementPolicy.java:meetCriteria(91)) - Pipeline Placement: can't place more pipeline on heavy datanode： cdf4aa8b-8ba2-4318-b195-a0642de96b1e Heaviness: 6 limit: 5
2019-09-26 13:37:53,122 [RatisPipelineUtilsThread] INFO  pipeline.PipelinePlacementPolicy (PipelinePlacementPolicy.java:meetCriteria(91)) - Pipeline Placement: can't place more pipeline on heavy datanode： 3557bb53-8e52-4f49-8c22-7e13e7d0c46b Heaviness: 6 limit: 5
2019-09-26 13:37:53,122 [RatisPipelineUtilsThread] INFO  pipeline.PipelinePlacementPolicy (PipelinePlacementPolicy.java:meetCriteria(91)) - Pipeline Placement: can't place more pipeline on heavy datanode： 3eabf511-42f2-4021-89ea-f049958471c8 Heaviness: 6 limit: 5
2019-09-26 13:37:53,123 [RatisPipelineUtilsThread] INFO  pipeline.PipelinePlacementPolicy (PipelinePlacementPolicy.java:meetCriteria(91)) - Pipeline Placement: can't place more pipeline on heavy datanode： 3b4472a9-0ad3-4b35-90c6-43d323919912 Heaviness: 6 limit: 5
2019-09-26 13:37:53,123 [RatisPipelineUtilsThread] INFO  pipeline.PipelinePlacementPolicy (PipelinePlacementPolicy.java:meetCriteria(91)) - Pipeline Placement: can't place more pipeline on heavy datanode： 07946d80-9a5e-4ca8-81a5-a2e240cd3767 Heaviness: 6 limit: 5
2019-09-26 13:37:53,124 [RatisPipelineUtilsThread] ERROR pipeline.PipelinePlacementPolicy (PipelinePlacementPolicy.java:filterViableNodes(148)) - Unable to find enough nodes that meet the criteria that cannot engage in more than 5 pipelines. Nodes required: 1 Found: 0, healthy nodes count inNodeManager: 5.
2019-09-26 13:37:53,126 [RatisPipelineUtilsThread] ERROR pipeline.SCMPipelineManager (SCMPipelineManager.java:createPipeline(167)) - Pipeline creation failed.
org.apache.hadoop.hdds.scm.exceptions.SCMException: Unable to find enough nodes that meet the criteria that cannot engage in more than 5 pipelines. Nodes required: 1 Found: 0, healthy nodes count inNodeManager: 5.
	at org.apache.hadoop.hdds.scm.pipeline.PipelinePlacementPolicy.filterViableNodes(PipelinePlacementPolicy.java:149)
	at org.apache.hadoop.hdds.scm.pipeline.PipelinePlacementPolicy.chooseDatanodes(PipelinePlacementPolicy.java:172)
	at org.apache.hadoop.hdds.scm.pipeline.RatisPipelineProvider.create(RatisPipelineProvider.java:93)
	at org.apache.hadoop.hdds.scm.pipeline.PipelineFactory.create(PipelineFactory.java:58)
	at org.apache.hadoop.hdds.scm.pipeline.SCMPipelineManager.createPipeline(SCMPipelineManager.java:155)
	at org.apache.hadoop.hdds.scm.pipeline.BackgroundPipelineCreator.createPipelines(BackgroundPipelineCreator.java:99)
	at java.util.concurrent.Executors$RunnableAdapter.call(Executors.java:511)
	at java.util.concurrent.FutureTask.run(FutureTask.java:266)
	at java.util.concurrent.ScheduledThreadPoolExecutor$ScheduledFutureTask.access$201(ScheduledThreadPoolExecutor.java:180)
	at java.util.concurrent.ScheduledThreadPoolExecutor$ScheduledFutureTask.run(ScheduledThreadPoolExecutor.java:293)
	at java.util.concurrent.ThreadPoolExecutor.runWorker(ThreadPoolExecutor.java:1149)
	at java.util.concurrent.ThreadPoolExecutor$Worker.run(ThreadPoolExecutor.java:624)
	at java.lang.Thread.run(Thread.java:748)
2019-09-26 13:37:53,129 [RatisPipelineUtilsThread] INFO  pipeline.PipelinePlacementPolicy (PipelinePlacementPolicy.java:meetCriteria(91)) - Pipeline Placement: can't place more pipeline on heavy datanode： cdf4aa8b-8ba2-4318-b195-a0642de96b1e Heaviness: 6 limit: 5
2019-09-26 13:37:53,129 [RatisPipelineUtilsThread] INFO  pipeline.PipelinePlacementPolicy (PipelinePlacementPolicy.java:meetCriteria(91)) - Pipeline Placement: can't place more pipeline on heavy datanode： 3557bb53-8e52-4f49-8c22-7e13e7d0c46b Heaviness: 6 limit: 5
2019-09-26 13:37:53,129 [RatisPipelineUtilsThread] INFO  pipeline.PipelinePlacementPolicy (PipelinePlacementPolicy.java:meetCriteria(91)) - Pipeline Placement: can't place more pipeline on heavy datanode： 3eabf511-42f2-4021-89ea-f049958471c8 Heaviness: 6 limit: 5
2019-09-26 13:37:53,129 [RatisPipelineUtilsThread] INFO  pipeline.PipelinePlacementPolicy (PipelinePlacementPolicy.java:meetCriteria(91)) - Pipeline Placement: can't place more pipeline on heavy datanode： 3b4472a9-0ad3-4b35-90c6-43d323919912 Heaviness: 6 limit: 5
2019-09-26 13:37:53,129 [RatisPipelineUtilsThread] INFO  pipeline.PipelinePlacementPolicy (PipelinePlacementPolicy.java:meetCriteria(91)) - Pipeline Placement: can't place more pipeline on heavy datanode： 07946d80-9a5e-4ca8-81a5-a2e240cd3767 Heaviness: 6 limit: 5
2019-09-26 13:37:53,130 [RatisPipelineUtilsThread] ERROR pipeline.PipelinePlacementPolicy (PipelinePlacementPolicy.java:filterViableNodes(148)) - Unable to find enough nodes that meet the criteria that cannot engage in more than 5 pipelines. Nodes required: 3 Found: 0, healthy nodes count inNodeManager: 5.
2019-09-26 13:37:53,130 [RatisPipelineUtilsThread] ERROR pipeline.SCMPipelineManager (SCMPipelineManager.java:createPipeline(167)) - Pipeline creation failed.
org.apache.hadoop.hdds.scm.exceptions.SCMException: Unable to find enough nodes that meet the criteria that cannot engage in more than 5 pipelines. Nodes required: 3 Found: 0, healthy nodes count inNodeManager: 5.
	at org.apache.hadoop.hdds.scm.pipeline.PipelinePlacementPolicy.filterViableNodes(PipelinePlacementPolicy.java:149)
	at org.apache.hadoop.hdds.scm.pipeline.PipelinePlacementPolicy.chooseDatanodes(PipelinePlacementPolicy.java:172)
	at org.apache.hadoop.hdds.scm.pipeline.RatisPipelineProvider.create(RatisPipelineProvider.java:93)
	at org.apache.hadoop.hdds.scm.pipeline.PipelineFactory.create(PipelineFactory.java:58)
	at org.apache.hadoop.hdds.scm.pipeline.SCMPipelineManager.createPipeline(SCMPipelineManager.java:155)
	at org.apache.hadoop.hdds.scm.pipeline.BackgroundPipelineCreator.createPipelines(BackgroundPipelineCreator.java:99)
	at java.util.concurrent.Executors$RunnableAdapter.call(Executors.java:511)
	at java.util.concurrent.FutureTask.run(FutureTask.java:266)
	at java.util.concurrent.ScheduledThreadPoolExecutor$ScheduledFutureTask.access$201(ScheduledThreadPoolExecutor.java:180)
	at java.util.concurrent.ScheduledThreadPoolExecutor$ScheduledFutureTask.run(ScheduledThreadPoolExecutor.java:293)
	at java.util.concurrent.ThreadPoolExecutor.runWorker(ThreadPoolExecutor.java:1149)
	at java.util.concurrent.ThreadPoolExecutor$Worker.run(ThreadPoolExecutor.java:624)
	at java.lang.Thread.run(Thread.java:748)
2019-09-26 13:37:53,132 [RatisPipelineUtilsThread] INFO  pipeline.PipelinePlacementPolicy (PipelinePlacementPolicy.java:meetCriteria(91)) - Pipeline Placement: can't place more pipeline on heavy datanode： cdf4aa8b-8ba2-4318-b195-a0642de96b1e Heaviness: 6 limit: 5
2019-09-26 13:37:53,132 [RatisPipelineUtilsThread] INFO  pipeline.PipelinePlacementPolicy (PipelinePlacementPolicy.java:meetCriteria(91)) - Pipeline Placement: can't place more pipeline on heavy datanode： 3557bb53-8e52-4f49-8c22-7e13e7d0c46b Heaviness: 6 limit: 5
2019-09-26 13:37:53,132 [RatisPipelineUtilsThread] INFO  pipeline.PipelinePlacementPolicy (PipelinePlacementPolicy.java:meetCriteria(91)) - Pipeline Placement: can't place more pipeline on heavy datanode： 3eabf511-42f2-4021-89ea-f049958471c8 Heaviness: 6 limit: 5
2019-09-26 13:37:53,132 [RatisPipelineUtilsThread] INFO  pipeline.PipelinePlacementPolicy (PipelinePlacementPolicy.java:meetCriteria(91)) - Pipeline Placement: can't place more pipeline on heavy datanode： 3b4472a9-0ad3-4b35-90c6-43d323919912 Heaviness: 6 limit: 5
2019-09-26 13:37:53,133 [RatisPipelineUtilsThread] INFO  pipeline.PipelinePlacementPolicy (PipelinePlacementPolicy.java:meetCriteria(91)) - Pipeline Placement: can't place more pipeline on heavy datanode： 07946d80-9a5e-4ca8-81a5-a2e240cd3767 Heaviness: 6 limit: 5
2019-09-26 13:37:53,133 [RatisPipelineUtilsThread] ERROR pipeline.PipelinePlacementPolicy (PipelinePlacementPolicy.java:filterViableNodes(148)) - Unable to find enough nodes that meet the criteria that cannot engage in more than 5 pipelines. Nodes required: 1 Found: 0, healthy nodes count inNodeManager: 5.
2019-09-26 13:37:53,133 [RatisPipelineUtilsThread] ERROR pipeline.SCMPipelineManager (SCMPipelineManager.java:createPipeline(167)) - Pipeline creation failed.
org.apache.hadoop.hdds.scm.exceptions.SCMException: Unable to find enough nodes that meet the criteria that cannot engage in more than 5 pipelines. Nodes required: 1 Found: 0, healthy nodes count inNodeManager: 5.
	at org.apache.hadoop.hdds.scm.pipeline.PipelinePlacementPolicy.filterViableNodes(PipelinePlacementPolicy.java:149)
	at org.apache.hadoop.hdds.scm.pipeline.PipelinePlacementPolicy.chooseDatanodes(PipelinePlacementPolicy.java:172)
	at org.apache.hadoop.hdds.scm.pipeline.RatisPipelineProvider.create(RatisPipelineProvider.java:93)
	at org.apache.hadoop.hdds.scm.pipeline.PipelineFactory.create(PipelineFactory.java:58)
	at org.apache.hadoop.hdds.scm.pipeline.SCMPipelineManager.createPipeline(SCMPipelineManager.java:155)
	at org.apache.hadoop.hdds.scm.pipeline.BackgroundPipelineCreator.createPipelines(BackgroundPipelineCreator.java:99)
	at org.apache.hadoop.hdds.scm.pipeline.BackgroundPipelineCreator.lambda$startFixedIntervalPipelineCreator$0(BackgroundPipelineCreator.java:70)
	at java.util.concurrent.Executors$RunnableAdapter.call(Executors.java:511)
	at java.util.concurrent.FutureTask.runAndReset(FutureTask.java:308)
	at java.util.concurrent.ScheduledThreadPoolExecutor$ScheduledFutureTask.access$301(ScheduledThreadPoolExecutor.java:180)
	at java.util.concurrent.ScheduledThreadPoolExecutor$ScheduledFutureTask.run(ScheduledThreadPoolExecutor.java:294)
	at java.util.concurrent.ThreadPoolExecutor.runWorker(ThreadPoolExecutor.java:1149)
	at java.util.concurrent.ThreadPoolExecutor$Worker.run(ThreadPoolExecutor.java:624)
	at java.lang.Thread.run(Thread.java:748)
2019-09-26 13:37:53,134 [RatisPipelineUtilsThread] INFO  pipeline.PipelinePlacementPolicy (PipelinePlacementPolicy.java:meetCriteria(91)) - Pipeline Placement: can't place more pipeline on heavy datanode： cdf4aa8b-8ba2-4318-b195-a0642de96b1e Heaviness: 6 limit: 5
2019-09-26 13:37:53,134 [RatisPipelineUtilsThread] INFO  pipeline.PipelinePlacementPolicy (PipelinePlacementPolicy.java:meetCriteria(91)) - Pipeline Placement: can't place more pipeline on heavy datanode： 3557bb53-8e52-4f49-8c22-7e13e7d0c46b Heaviness: 6 limit: 5
2019-09-26 13:37:53,134 [RatisPipelineUtilsThread] INFO  pipeline.PipelinePlacementPolicy (PipelinePlacementPolicy.java:meetCriteria(91)) - Pipeline Placement: can't place more pipeline on heavy datanode： 3eabf511-42f2-4021-89ea-f049958471c8 Heaviness: 6 limit: 5
2019-09-26 13:37:53,134 [RatisPipelineUtilsThread] INFO  pipeline.PipelinePlacementPolicy (PipelinePlacementPolicy.java:meetCriteria(91)) - Pipeline Placement: can't place more pipeline on heavy datanode： 3b4472a9-0ad3-4b35-90c6-43d323919912 Heaviness: 6 limit: 5
2019-09-26 13:37:53,134 [RatisPipelineUtilsThread] INFO  pipeline.PipelinePlacementPolicy (PipelinePlacementPolicy.java:meetCriteria(91)) - Pipeline Placement: can't place more pipeline on heavy datanode： 07946d80-9a5e-4ca8-81a5-a2e240cd3767 Heaviness: 6 limit: 5
2019-09-26 13:37:53,135 [RatisPipelineUtilsThread] ERROR pipeline.PipelinePlacementPolicy (PipelinePlacementPolicy.java:filterViableNodes(148)) - Unable to find enough nodes that meet the criteria that cannot engage in more than 5 pipelines. Nodes required: 3 Found: 0, healthy nodes count inNodeManager: 5.
2019-09-26 13:37:53,135 [RatisPipelineUtilsThread] ERROR pipeline.SCMPipelineManager (SCMPipelineManager.java:createPipeline(167)) - Pipeline creation failed.
org.apache.hadoop.hdds.scm.exceptions.SCMException: Unable to find enough nodes that meet the criteria that cannot engage in more than 5 pipelines. Nodes required: 3 Found: 0, healthy nodes count inNodeManager: 5.
	at org.apache.hadoop.hdds.scm.pipeline.PipelinePlacementPolicy.filterViableNodes(PipelinePlacementPolicy.java:149)
	at org.apache.hadoop.hdds.scm.pipeline.PipelinePlacementPolicy.chooseDatanodes(PipelinePlacementPolicy.java:172)
	at org.apache.hadoop.hdds.scm.pipeline.RatisPipelineProvider.create(RatisPipelineProvider.java:93)
	at org.apache.hadoop.hdds.scm.pipeline.PipelineFactory.create(PipelineFactory.java:58)
	at org.apache.hadoop.hdds.scm.pipeline.SCMPipelineManager.createPipeline(SCMPipelineManager.java:155)
	at org.apache.hadoop.hdds.scm.pipeline.BackgroundPipelineCreator.createPipelines(BackgroundPipelineCreator.java:99)
	at org.apache.hadoop.hdds.scm.pipeline.BackgroundPipelineCreator.lambda$startFixedIntervalPipelineCreator$0(BackgroundPipelineCreator.java:70)
	at java.util.concurrent.Executors$RunnableAdapter.call(Executors.java:511)
	at java.util.concurrent.FutureTask.runAndReset(FutureTask.java:308)
	at java.util.concurrent.ScheduledThreadPoolExecutor$ScheduledFutureTask.access$301(ScheduledThreadPoolExecutor.java:180)
	at java.util.concurrent.ScheduledThreadPoolExecutor$ScheduledFutureTask.run(ScheduledThreadPoolExecutor.java:294)
	at java.util.concurrent.ThreadPoolExecutor.runWorker(ThreadPoolExecutor.java:1149)
	at java.util.concurrent.ThreadPoolExecutor$Worker.run(ThreadPoolExecutor.java:624)
	at java.lang.Thread.run(Thread.java:748)
2019-09-26 13:37:53,135 [IPC Server handler 0 on 38161] INFO  pipeline.PipelinePlacementPolicy (PipelinePlacementPolicy.java:meetCriteria(91)) - Pipeline Placement: can't place more pipeline on heavy datanode： cdf4aa8b-8ba2-4318-b195-a0642de96b1e Heaviness: 6 limit: 5
2019-09-26 13:37:53,136 [IPC Server handler 0 on 38161] INFO  pipeline.PipelinePlacementPolicy (PipelinePlacementPolicy.java:meetCriteria(91)) - Pipeline Placement: can't place more pipeline on heavy datanode： 3557bb53-8e52-4f49-8c22-7e13e7d0c46b Heaviness: 6 limit: 5
2019-09-26 13:37:53,136 [IPC Server handler 0 on 38161] INFO  pipeline.PipelinePlacementPolicy (PipelinePlacementPolicy.java:meetCriteria(91)) - Pipeline Placement: can't place more pipeline on heavy datanode： 3eabf511-42f2-4021-89ea-f049958471c8 Heaviness: 6 limit: 5
2019-09-26 13:37:53,136 [IPC Server handler 0 on 38161] INFO  pipeline.PipelinePlacementPolicy (PipelinePlacementPolicy.java:meetCriteria(91)) - Pipeline Placement: can't place more pipeline on heavy datanode： 3b4472a9-0ad3-4b35-90c6-43d323919912 Heaviness: 6 limit: 5
2019-09-26 13:37:53,136 [IPC Server handler 0 on 38161] INFO  pipeline.PipelinePlacementPolicy (PipelinePlacementPolicy.java:meetCriteria(91)) - Pipeline Placement: can't place more pipeline on heavy datanode： 07946d80-9a5e-4ca8-81a5-a2e240cd3767 Heaviness: 6 limit: 5
2019-09-26 13:37:53,136 [IPC Server handler 0 on 38161] ERROR pipeline.PipelinePlacementPolicy (PipelinePlacementPolicy.java:filterViableNodes(148)) - Unable to find enough nodes that meet the criteria that cannot engage in more than 5 pipelines. Nodes required: 3 Found: 0, healthy nodes count inNodeManager: 5.
2019-09-26 13:37:53,137 [IPC Server handler 0 on 38161] ERROR pipeline.SCMPipelineManager (SCMPipelineManager.java:createPipeline(167)) - Pipeline creation failed.
org.apache.hadoop.hdds.scm.exceptions.SCMException: Unable to find enough nodes that meet the criteria that cannot engage in more than 5 pipelines. Nodes required: 3 Found: 0, healthy nodes count inNodeManager: 5.
	at org.apache.hadoop.hdds.scm.pipeline.PipelinePlacementPolicy.filterViableNodes(PipelinePlacementPolicy.java:149)
	at org.apache.hadoop.hdds.scm.pipeline.PipelinePlacementPolicy.chooseDatanodes(PipelinePlacementPolicy.java:172)
	at org.apache.hadoop.hdds.scm.pipeline.RatisPipelineProvider.create(RatisPipelineProvider.java:93)
	at org.apache.hadoop.hdds.scm.pipeline.PipelineFactory.create(PipelineFactory.java:58)
	at org.apache.hadoop.hdds.scm.pipeline.SCMPipelineManager.createPipeline(SCMPipelineManager.java:155)
	at org.apache.hadoop.hdds.scm.block.BlockManagerImpl.allocateBlock(BlockManagerImpl.java:190)
	at org.apache.hadoop.hdds.scm.server.SCMBlockProtocolServer.allocateBlock(SCMBlockProtocolServer.java:182)
	at org.apache.hadoop.ozone.protocolPB.ScmBlockLocationProtocolServerSideTranslatorPB.allocateScmBlock(ScmBlockLocationProtocolServerSideTranslatorPB.java:183)
	at org.apache.hadoop.ozone.protocolPB.ScmBlockLocationProtocolServerSideTranslatorPB.processMessage(ScmBlockLocationProtocolServerSideTranslatorPB.java:141)
	at org.apache.hadoop.ozone.protocolPB.ScmBlockLocationProtocolServerSideTranslatorPB.send(ScmBlockLocationProtocolServerSideTranslatorPB.java:116)
	at org.apache.hadoop.hdds.protocol.proto.ScmBlockLocationProtocolProtos$ScmBlockLocationProtocolService$2.callBlockingMethod(ScmBlockLocationProtocolProtos.java:13157)
	at org.apache.hadoop.ipc.ProtobufRpcEngine$Server$ProtoBufRpcInvoker.call(ProtobufRpcEngine.java:524)
	at org.apache.hadoop.ipc.RPC$Server.call(RPC.java:1025)
	at org.apache.hadoop.ipc.Server$RpcCall.run(Server.java:876)
	at org.apache.hadoop.ipc.Server$RpcCall.run(Server.java:822)
	at java.security.AccessController.doPrivileged(Native Method)
	at javax.security.auth.Subject.doAs(Subject.java:422)
	at org.apache.hadoop.security.UserGroupInformation.doAs(UserGroupInformation.java:1730)
	at org.apache.hadoop.ipc.Server$Handler.run(Server.java:2682)
2019-09-26 13:37:53,137 [IPC Server handler 0 on 38161] WARN  block.BlockManagerImpl (BlockManagerImpl.java:allocateBlock(192)) - Pipeline creation failed for type:RATIS factor:THREE. Retrying get pipelines call once.
org.apache.hadoop.hdds.scm.exceptions.SCMException: Unable to find enough nodes that meet the criteria that cannot engage in more than 5 pipelines. Nodes required: 3 Found: 0, healthy nodes count inNodeManager: 5.
	at org.apache.hadoop.hdds.scm.pipeline.PipelinePlacementPolicy.filterViableNodes(PipelinePlacementPolicy.java:149)
	at org.apache.hadoop.hdds.scm.pipeline.PipelinePlacementPolicy.chooseDatanodes(PipelinePlacementPolicy.java:172)
	at org.apache.hadoop.hdds.scm.pipeline.RatisPipelineProvider.create(RatisPipelineProvider.java:93)
	at org.apache.hadoop.hdds.scm.pipeline.PipelineFactory.create(PipelineFactory.java:58)
	at org.apache.hadoop.hdds.scm.pipeline.SCMPipelineManager.createPipeline(SCMPipelineManager.java:155)
	at org.apache.hadoop.hdds.scm.block.BlockManagerImpl.allocateBlock(BlockManagerImpl.java:190)
	at org.apache.hadoop.hdds.scm.server.SCMBlockProtocolServer.allocateBlock(SCMBlockProtocolServer.java:182)
	at org.apache.hadoop.ozone.protocolPB.ScmBlockLocationProtocolServerSideTranslatorPB.allocateScmBlock(ScmBlockLocationProtocolServerSideTranslatorPB.java:183)
	at org.apache.hadoop.ozone.protocolPB.ScmBlockLocationProtocolServerSideTranslatorPB.processMessage(ScmBlockLocationProtocolServerSideTranslatorPB.java:141)
	at org.apache.hadoop.ozone.protocolPB.ScmBlockLocationProtocolServerSideTranslatorPB.send(ScmBlockLocationProtocolServerSideTranslatorPB.java:116)
	at org.apache.hadoop.hdds.protocol.proto.ScmBlockLocationProtocolProtos$ScmBlockLocationProtocolService$2.callBlockingMethod(ScmBlockLocationProtocolProtos.java:13157)
	at org.apache.hadoop.ipc.ProtobufRpcEngine$Server$ProtoBufRpcInvoker.call(ProtobufRpcEngine.java:524)
	at org.apache.hadoop.ipc.RPC$Server.call(RPC.java:1025)
	at org.apache.hadoop.ipc.Server$RpcCall.run(Server.java:876)
	at org.apache.hadoop.ipc.Server$RpcCall.run(Server.java:822)
	at java.security.AccessController.doPrivileged(Native Method)
	at javax.security.auth.Subject.doAs(Subject.java:422)
	at org.apache.hadoop.security.UserGroupInformation.doAs(UserGroupInformation.java:1730)
	at org.apache.hadoop.ipc.Server$Handler.run(Server.java:2682)
2019-09-26 13:37:53,138 [IPC Server handler 0 on 38161] INFO  block.BlockManagerImpl (BlockManagerImpl.java:allocateBlock(198)) - Could not find available pipeline of type:RATIS and factor:THREE even after retrying
2019-09-26 13:37:53,138 [IPC Server handler 0 on 38161] ERROR block.BlockManagerImpl (BlockManagerImpl.java:allocateBlock(222)) - Unable to allocate a block for the size: 4194304, type: RATIS, factor: THREE
2019-09-26 13:37:53,138 [IPC Server handler 0 on 38161] INFO  pipeline.PipelinePlacementPolicy (PipelinePlacementPolicy.java:meetCriteria(91)) - Pipeline Placement: can't place more pipeline on heavy datanode： cdf4aa8b-8ba2-4318-b195-a0642de96b1e Heaviness: 6 limit: 5
2019-09-26 13:37:53,138 [IPC Server handler 0 on 38161] INFO  pipeline.PipelinePlacementPolicy (PipelinePlacementPolicy.java:meetCriteria(91)) - Pipeline Placement: can't place more pipeline on heavy datanode： 3557bb53-8e52-4f49-8c22-7e13e7d0c46b Heaviness: 6 limit: 5
2019-09-26 13:37:53,138 [IPC Server handler 0 on 38161] INFO  pipeline.PipelinePlacementPolicy (PipelinePlacementPolicy.java:meetCriteria(91)) - Pipeline Placement: can't place more pipeline on heavy datanode： 3eabf511-42f2-4021-89ea-f049958471c8 Heaviness: 6 limit: 5
2019-09-26 13:37:53,139 [IPC Server handler 0 on 38161] INFO  pipeline.PipelinePlacementPolicy (PipelinePlacementPolicy.java:meetCriteria(91)) - Pipeline Placement: can't place more pipeline on heavy datanode： 3b4472a9-0ad3-4b35-90c6-43d323919912 Heaviness: 6 limit: 5
2019-09-26 13:37:53,139 [IPC Server handler 0 on 38161] INFO  pipeline.PipelinePlacementPolicy (PipelinePlacementPolicy.java:meetCriteria(91)) - Pipeline Placement: can't place more pipeline on heavy datanode： 07946d80-9a5e-4ca8-81a5-a2e240cd3767 Heaviness: 6 limit: 5
2019-09-26 13:37:53,139 [IPC Server handler 0 on 38161] ERROR pipeline.PipelinePlacementPolicy (PipelinePlacementPolicy.java:filterViableNodes(148)) - Unable to find enough nodes that meet the criteria that cannot engage in more than 5 pipelines. Nodes required: 3 Found: 0, healthy nodes count inNodeManager: 5.
2019-09-26 13:37:53,139 [IPC Server handler 0 on 38161] ERROR pipeline.SCMPipelineManager (SCMPipelineManager.java:createPipeline(167)) - Pipeline creation failed.
org.apache.hadoop.hdds.scm.exceptions.SCMException: Unable to find enough nodes that meet the criteria that cannot engage in more than 5 pipelines. Nodes required: 3 Found: 0, healthy nodes count inNodeManager: 5.
	at org.apache.hadoop.hdds.scm.pipeline.PipelinePlacementPolicy.filterViableNodes(PipelinePlacementPolicy.java:149)
	at org.apache.hadoop.hdds.scm.pipeline.PipelinePlacementPolicy.chooseDatanodes(PipelinePlacementPolicy.java:172)
	at org.apache.hadoop.hdds.scm.pipeline.RatisPipelineProvider.create(RatisPipelineProvider.java:93)
	at org.apache.hadoop.hdds.scm.pipeline.PipelineFactory.create(PipelineFactory.java:58)
	at org.apache.hadoop.hdds.scm.pipeline.SCMPipelineManager.createPipeline(SCMPipelineManager.java:155)
	at org.apache.hadoop.hdds.scm.block.BlockManagerImpl.allocateBlock(BlockManagerImpl.java:190)
	at org.apache.hadoop.hdds.scm.server.SCMBlockProtocolServer.allocateBlock(SCMBlockProtocolServer.java:182)
	at org.apache.hadoop.ozone.protocolPB.ScmBlockLocationProtocolServerSideTranslatorPB.allocateScmBlock(ScmBlockLocationProtocolServerSideTranslatorPB.java:183)
	at org.apache.hadoop.ozone.protocolPB.ScmBlockLocationProtocolServerSideTranslatorPB.processMessage(ScmBlockLocationProtocolServerSideTranslatorPB.java:141)
	at org.apache.hadoop.ozone.protocolPB.ScmBlockLocationProtocolServerSideTranslatorPB.send(ScmBlockLocationProtocolServerSideTranslatorPB.java:116)
	at org.apache.hadoop.hdds.protocol.proto.ScmBlockLocationProtocolProtos$ScmBlockLocationProtocolService$2.callBlockingMethod(ScmBlockLocationProtocolProtos.java:13157)
	at org.apache.hadoop.ipc.ProtobufRpcEngine$Server$ProtoBufRpcInvoker.call(ProtobufRpcEngine.java:524)
	at org.apache.hadoop.ipc.RPC$Server.call(RPC.java:1025)
	at org.apache.hadoop.ipc.Server$RpcCall.run(Server.java:876)
	at org.apache.hadoop.ipc.Server$RpcCall.run(Server.java:822)
	at java.security.AccessController.doPrivileged(Native Method)
	at javax.security.auth.Subject.doAs(Subject.java:422)
	at org.apache.hadoop.security.UserGroupInformation.doAs(UserGroupInformation.java:1730)
	at org.apache.hadoop.ipc.Server$Handler.run(Server.java:2682)
2019-09-26 13:37:53,140 [IPC Server handler 0 on 38161] WARN  block.BlockManagerImpl (BlockManagerImpl.java:allocateBlock(192)) - Pipeline creation failed for type:RATIS factor:THREE. Retrying get pipelines call once.
org.apache.hadoop.hdds.scm.exceptions.SCMException: Unable to find enough nodes that meet the criteria that cannot engage in more than 5 pipelines. Nodes required: 3 Found: 0, healthy nodes count inNodeManager: 5.
	at org.apache.hadoop.hdds.scm.pipeline.PipelinePlacementPolicy.filterViableNodes(PipelinePlacementPolicy.java:149)
	at org.apache.hadoop.hdds.scm.pipeline.PipelinePlacementPolicy.chooseDatanodes(PipelinePlacementPolicy.java:172)
	at org.apache.hadoop.hdds.scm.pipeline.RatisPipelineProvider.create(RatisPipelineProvider.java:93)
	at org.apache.hadoop.hdds.scm.pipeline.PipelineFactory.create(PipelineFactory.java:58)
	at org.apache.hadoop.hdds.scm.pipeline.SCMPipelineManager.createPipeline(SCMPipelineManager.java:155)
	at org.apache.hadoop.hdds.scm.block.BlockManagerImpl.allocateBlock(BlockManagerImpl.java:190)
	at org.apache.hadoop.hdds.scm.server.SCMBlockProtocolServer.allocateBlock(SCMBlockProtocolServer.java:182)
	at org.apache.hadoop.ozone.protocolPB.ScmBlockLocationProtocolServerSideTranslatorPB.allocateScmBlock(ScmBlockLocationProtocolServerSideTranslatorPB.java:183)
	at org.apache.hadoop.ozone.protocolPB.ScmBlockLocationProtocolServerSideTranslatorPB.processMessage(ScmBlockLocationProtocolServerSideTranslatorPB.java:141)
	at org.apache.hadoop.ozone.protocolPB.ScmBlockLocationProtocolServerSideTranslatorPB.send(ScmBlockLocationProtocolServerSideTranslatorPB.java:116)
	at org.apache.hadoop.hdds.protocol.proto.ScmBlockLocationProtocolProtos$ScmBlockLocationProtocolService$2.callBlockingMethod(ScmBlockLocationProtocolProtos.java:13157)
	at org.apache.hadoop.ipc.ProtobufRpcEngine$Server$ProtoBufRpcInvoker.call(ProtobufRpcEngine.java:524)
	at org.apache.hadoop.ipc.RPC$Server.call(RPC.java:1025)
	at org.apache.hadoop.ipc.Server$RpcCall.run(Server.java:876)
	at org.apache.hadoop.ipc.Server$RpcCall.run(Server.java:822)
	at java.security.AccessController.doPrivileged(Native Method)
	at javax.security.auth.Subject.doAs(Subject.java:422)
	at org.apache.hadoop.security.UserGroupInformation.doAs(UserGroupInformation.java:1730)
	at org.apache.hadoop.ipc.Server$Handler.run(Server.java:2682)
2019-09-26 13:37:53,140 [IPC Server handler 0 on 38161] INFO  block.BlockManagerImpl (BlockManagerImpl.java:allocateBlock(198)) - Could not find available pipeline of type:RATIS and factor:THREE even after retrying
2019-09-26 13:37:53,140 [IPC Server handler 0 on 38161] ERROR block.BlockManagerImpl (BlockManagerImpl.java:allocateBlock(222)) - Unable to allocate a block for the size: 4194304, type: RATIS, factor: THREE
2019-09-26 13:37:53,141 [IPC Server handler 0 on 38161] INFO  pipeline.PipelinePlacementPolicy (PipelinePlacementPolicy.java:meetCriteria(91)) - Pipeline Placement: can't place more pipeline on heavy datanode： cdf4aa8b-8ba2-4318-b195-a0642de96b1e Heaviness: 6 limit: 5
2019-09-26 13:37:53,141 [IPC Server handler 0 on 38161] INFO  pipeline.PipelinePlacementPolicy (PipelinePlacementPolicy.java:meetCriteria(91)) - Pipeline Placement: can't place more pipeline on heavy datanode： 3557bb53-8e52-4f49-8c22-7e13e7d0c46b Heaviness: 6 limit: 5
2019-09-26 13:37:53,141 [IPC Server handler 0 on 38161] INFO  pipeline.PipelinePlacementPolicy (PipelinePlacementPolicy.java:meetCriteria(91)) - Pipeline Placement: can't place more pipeline on heavy datanode： 3eabf511-42f2-4021-89ea-f049958471c8 Heaviness: 6 limit: 5
2019-09-26 13:37:53,141 [IPC Server handler 0 on 38161] INFO  pipeline.PipelinePlacementPolicy (PipelinePlacementPolicy.java:meetCriteria(91)) - Pipeline Placement: can't place more pipeline on heavy datanode： 3b4472a9-0ad3-4b35-90c6-43d323919912 Heaviness: 6 limit: 5
2019-09-26 13:37:53,141 [IPC Server handler 0 on 38161] INFO  pipeline.PipelinePlacementPolicy (PipelinePlacementPolicy.java:meetCriteria(91)) - Pipeline Placement: can't place more pipeline on heavy datanode： 07946d80-9a5e-4ca8-81a5-a2e240cd3767 Heaviness: 6 limit: 5
2019-09-26 13:37:53,142 [IPC Server handler 0 on 38161] ERROR pipeline.PipelinePlacementPolicy (PipelinePlacementPolicy.java:filterViableNodes(148)) - Unable to find enough nodes that meet the criteria that cannot engage in more than 5 pipelines. Nodes required: 3 Found: 0, healthy nodes count inNodeManager: 5.
2019-09-26 13:37:53,142 [IPC Server handler 0 on 38161] ERROR pipeline.SCMPipelineManager (SCMPipelineManager.java:createPipeline(167)) - Pipeline creation failed.
org.apache.hadoop.hdds.scm.exceptions.SCMException: Unable to find enough nodes that meet the criteria that cannot engage in more than 5 pipelines. Nodes required: 3 Found: 0, healthy nodes count inNodeManager: 5.
	at org.apache.hadoop.hdds.scm.pipeline.PipelinePlacementPolicy.filterViableNodes(PipelinePlacementPolicy.java:149)
	at org.apache.hadoop.hdds.scm.pipeline.PipelinePlacementPolicy.chooseDatanodes(PipelinePlacementPolicy.java:172)
	at org.apache.hadoop.hdds.scm.pipeline.RatisPipelineProvider.create(RatisPipelineProvider.java:93)
	at org.apache.hadoop.hdds.scm.pipeline.PipelineFactory.create(PipelineFactory.java:58)
	at org.apache.hadoop.hdds.scm.pipeline.SCMPipelineManager.createPipeline(SCMPipelineManager.java:155)
	at org.apache.hadoop.hdds.scm.block.BlockManagerImpl.allocateBlock(BlockManagerImpl.java:190)
	at org.apache.hadoop.hdds.scm.server.SCMBlockProtocolServer.allocateBlock(SCMBlockProtocolServer.java:182)
	at org.apache.hadoop.ozone.protocolPB.ScmBlockLocationProtocolServerSideTranslatorPB.allocateScmBlock(ScmBlockLocationProtocolServerSideTranslatorPB.java:183)
	at org.apache.hadoop.ozone.protocolPB.ScmBlockLocationProtocolServerSideTranslatorPB.processMessage(ScmBlockLocationProtocolServerSideTranslatorPB.java:141)
	at org.apache.hadoop.ozone.protocolPB.ScmBlockLocationProtocolServerSideTranslatorPB.send(ScmBlockLocationProtocolServerSideTranslatorPB.java:116)
	at org.apache.hadoop.hdds.protocol.proto.ScmBlockLocationProtocolProtos$ScmBlockLocationProtocolService$2.callBlockingMethod(ScmBlockLocationProtocolProtos.java:13157)
	at org.apache.hadoop.ipc.ProtobufRpcEngine$Server$ProtoBufRpcInvoker.call(ProtobufRpcEngine.java:524)
	at org.apache.hadoop.ipc.RPC$Server.call(RPC.java:1025)
	at org.apache.hadoop.ipc.Server$RpcCall.run(Server.java:876)
	at org.apache.hadoop.ipc.Server$RpcCall.run(Server.java:822)
	at java.security.AccessController.doPrivileged(Native Method)
	at javax.security.auth.Subject.doAs(Subject.java:422)
	at org.apache.hadoop.security.UserGroupInformation.doAs(UserGroupInformation.java:1730)
	at org.apache.hadoop.ipc.Server$Handler.run(Server.java:2682)
2019-09-26 13:37:53,142 [IPC Server handler 0 on 38161] WARN  block.BlockManagerImpl (BlockManagerImpl.java:allocateBlock(192)) - Pipeline creation failed for type:RATIS factor:THREE. Retrying get pipelines call once.
org.apache.hadoop.hdds.scm.exceptions.SCMException: Unable to find enough nodes that meet the criteria that cannot engage in more than 5 pipelines. Nodes required: 3 Found: 0, healthy nodes count inNodeManager: 5.
	at org.apache.hadoop.hdds.scm.pipeline.PipelinePlacementPolicy.filterViableNodes(PipelinePlacementPolicy.java:149)
	at org.apache.hadoop.hdds.scm.pipeline.PipelinePlacementPolicy.chooseDatanodes(PipelinePlacementPolicy.java:172)
	at org.apache.hadoop.hdds.scm.pipeline.RatisPipelineProvider.create(RatisPipelineProvider.java:93)
	at org.apache.hadoop.hdds.scm.pipeline.PipelineFactory.create(PipelineFactory.java:58)
	at org.apache.hadoop.hdds.scm.pipeline.SCMPipelineManager.createPipeline(SCMPipelineManager.java:155)
	at org.apache.hadoop.hdds.scm.block.BlockManagerImpl.allocateBlock(BlockManagerImpl.java:190)
	at org.apache.hadoop.hdds.scm.server.SCMBlockProtocolServer.allocateBlock(SCMBlockProtocolServer.java:182)
	at org.apache.hadoop.ozone.protocolPB.ScmBlockLocationProtocolServerSideTranslatorPB.allocateScmBlock(ScmBlockLocationProtocolServerSideTranslatorPB.java:183)
	at org.apache.hadoop.ozone.protocolPB.ScmBlockLocationProtocolServerSideTranslatorPB.processMessage(ScmBlockLocationProtocolServerSideTranslatorPB.java:141)
	at org.apache.hadoop.ozone.protocolPB.ScmBlockLocationProtocolServerSideTranslatorPB.send(ScmBlockLocationProtocolServerSideTranslatorPB.java:116)
	at org.apache.hadoop.hdds.protocol.proto.ScmBlockLocationProtocolProtos$ScmBlockLocationProtocolService$2.callBlockingMethod(ScmBlockLocationProtocolProtos.java:13157)
	at org.apache.hadoop.ipc.ProtobufRpcEngine$Server$ProtoBufRpcInvoker.call(ProtobufRpcEngine.java:524)
	at org.apache.hadoop.ipc.RPC$Server.call(RPC.java:1025)
	at org.apache.hadoop.ipc.Server$RpcCall.run(Server.java:876)
	at org.apache.hadoop.ipc.Server$RpcCall.run(Server.java:822)
	at java.security.AccessController.doPrivileged(Native Method)
	at javax.security.auth.Subject.doAs(Subject.java:422)
	at org.apache.hadoop.security.UserGroupInformation.doAs(UserGroupInformation.java:1730)
	at org.apache.hadoop.ipc.Server$Handler.run(Server.java:2682)
2019-09-26 13:37:53,143 [IPC Server handler 0 on 38161] INFO  block.BlockManagerImpl (BlockManagerImpl.java:allocateBlock(198)) - Could not find available pipeline of type:RATIS and factor:THREE even after retrying
2019-09-26 13:37:53,143 [IPC Server handler 0 on 38161] ERROR block.BlockManagerImpl (BlockManagerImpl.java:allocateBlock(222)) - Unable to allocate a block for the size: 4194304, type: RATIS, factor: THREE
2019-09-26 13:37:53,143 [IPC Server handler 0 on 38161] INFO  pipeline.PipelinePlacementPolicy (PipelinePlacementPolicy.java:meetCriteria(91)) - Pipeline Placement: can't place more pipeline on heavy datanode： cdf4aa8b-8ba2-4318-b195-a0642de96b1e Heaviness: 6 limit: 5
2019-09-26 13:37:53,143 [IPC Server handler 0 on 38161] INFO  pipeline.PipelinePlacementPolicy (PipelinePlacementPolicy.java:meetCriteria(91)) - Pipeline Placement: can't place more pipeline on heavy datanode： 3557bb53-8e52-4f49-8c22-7e13e7d0c46b Heaviness: 6 limit: 5
2019-09-26 13:37:53,143 [IPC Server handler 0 on 38161] INFO  pipeline.PipelinePlacementPolicy (PipelinePlacementPolicy.java:meetCriteria(91)) - Pipeline Placement: can't place more pipeline on heavy datanode： 3eabf511-42f2-4021-89ea-f049958471c8 Heaviness: 6 limit: 5
2019-09-26 13:37:53,144 [IPC Server handler 0 on 38161] INFO  pipeline.PipelinePlacementPolicy (PipelinePlacementPolicy.java:meetCriteria(91)) - Pipeline Placement: can't place more pipeline on heavy datanode： 3b4472a9-0ad3-4b35-90c6-43d323919912 Heaviness: 6 limit: 5
2019-09-26 13:37:53,144 [IPC Server handler 0 on 38161] INFO  pipeline.PipelinePlacementPolicy (PipelinePlacementPolicy.java:meetCriteria(91)) - Pipeline Placement: can't place more pipeline on heavy datanode： 07946d80-9a5e-4ca8-81a5-a2e240cd3767 Heaviness: 6 limit: 5
2019-09-26 13:37:53,144 [IPC Server handler 0 on 38161] ERROR pipeline.PipelinePlacementPolicy (PipelinePlacementPolicy.java:filterViableNodes(148)) - Unable to find enough nodes that meet the criteria that cannot engage in more than 5 pipelines. Nodes required: 3 Found: 0, healthy nodes count inNodeManager: 5.
2019-09-26 13:37:53,144 [IPC Server handler 0 on 38161] ERROR pipeline.SCMPipelineManager (SCMPipelineManager.java:createPipeline(167)) - Pipeline creation failed.
org.apache.hadoop.hdds.scm.exceptions.SCMException: Unable to find enough nodes that meet the criteria that cannot engage in more than 5 pipelines. Nodes required: 3 Found: 0, healthy nodes count inNodeManager: 5.
	at org.apache.hadoop.hdds.scm.pipeline.PipelinePlacementPolicy.filterViableNodes(PipelinePlacementPolicy.java:149)
	at org.apache.hadoop.hdds.scm.pipeline.PipelinePlacementPolicy.chooseDatanodes(PipelinePlacementPolicy.java:172)
	at org.apache.hadoop.hdds.scm.pipeline.RatisPipelineProvider.create(RatisPipelineProvider.java:93)
	at org.apache.hadoop.hdds.scm.pipeline.PipelineFactory.create(PipelineFactory.java:58)
	at org.apache.hadoop.hdds.scm.pipeline.SCMPipelineManager.createPipeline(SCMPipelineManager.java:155)
	at org.apache.hadoop.hdds.scm.block.BlockManagerImpl.allocateBlock(BlockManagerImpl.java:190)
	at org.apache.hadoop.hdds.scm.server.SCMBlockProtocolServer.allocateBlock(SCMBlockProtocolServer.java:182)
	at org.apache.hadoop.ozone.protocolPB.ScmBlockLocationProtocolServerSideTranslatorPB.allocateScmBlock(ScmBlockLocationProtocolServerSideTranslatorPB.java:183)
	at org.apache.hadoop.ozone.protocolPB.ScmBlockLocationProtocolServerSideTranslatorPB.processMessage(ScmBlockLocationProtocolServerSideTranslatorPB.java:141)
	at org.apache.hadoop.ozone.protocolPB.ScmBlockLocationProtocolServerSideTranslatorPB.send(ScmBlockLocationProtocolServerSideTranslatorPB.java:116)
	at org.apache.hadoop.hdds.protocol.proto.ScmBlockLocationProtocolProtos$ScmBlockLocationProtocolService$2.callBlockingMethod(ScmBlockLocationProtocolProtos.java:13157)
	at org.apache.hadoop.ipc.ProtobufRpcEngine$Server$ProtoBufRpcInvoker.call(ProtobufRpcEngine.java:524)
	at org.apache.hadoop.ipc.RPC$Server.call(RPC.java:1025)
	at org.apache.hadoop.ipc.Server$RpcCall.run(Server.java:876)
	at org.apache.hadoop.ipc.Server$RpcCall.run(Server.java:822)
	at java.security.AccessController.doPrivileged(Native Method)
	at javax.security.auth.Subject.doAs(Subject.java:422)
	at org.apache.hadoop.security.UserGroupInformation.doAs(UserGroupInformation.java:1730)
	at org.apache.hadoop.ipc.Server$Handler.run(Server.java:2682)
2019-09-26 13:37:53,145 [IPC Server handler 0 on 38161] WARN  block.BlockManagerImpl (BlockManagerImpl.java:allocateBlock(192)) - Pipeline creation failed for type:RATIS factor:THREE. Retrying get pipelines call once.
org.apache.hadoop.hdds.scm.exceptions.SCMException: Unable to find enough nodes that meet the criteria that cannot engage in more than 5 pipelines. Nodes required: 3 Found: 0, healthy nodes count inNodeManager: 5.
	at org.apache.hadoop.hdds.scm.pipeline.PipelinePlacementPolicy.filterViableNodes(PipelinePlacementPolicy.java:149)
	at org.apache.hadoop.hdds.scm.pipeline.PipelinePlacementPolicy.chooseDatanodes(PipelinePlacementPolicy.java:172)
	at org.apache.hadoop.hdds.scm.pipeline.RatisPipelineProvider.create(RatisPipelineProvider.java:93)
	at org.apache.hadoop.hdds.scm.pipeline.PipelineFactory.create(PipelineFactory.java:58)
	at org.apache.hadoop.hdds.scm.pipeline.SCMPipelineManager.createPipeline(SCMPipelineManager.java:155)
	at org.apache.hadoop.hdds.scm.block.BlockManagerImpl.allocateBlock(BlockManagerImpl.java:190)
	at org.apache.hadoop.hdds.scm.server.SCMBlockProtocolServer.allocateBlock(SCMBlockProtocolServer.java:182)
	at org.apache.hadoop.ozone.protocolPB.ScmBlockLocationProtocolServerSideTranslatorPB.allocateScmBlock(ScmBlockLocationProtocolServerSideTranslatorPB.java:183)
	at org.apache.hadoop.ozone.protocolPB.ScmBlockLocationProtocolServerSideTranslatorPB.processMessage(ScmBlockLocationProtocolServerSideTranslatorPB.java:141)
	at org.apache.hadoop.ozone.protocolPB.ScmBlockLocationProtocolServerSideTranslatorPB.send(ScmBlockLocationProtocolServerSideTranslatorPB.java:116)
	at org.apache.hadoop.hdds.protocol.proto.ScmBlockLocationProtocolProtos$ScmBlockLocationProtocolService$2.callBlockingMethod(ScmBlockLocationProtocolProtos.java:13157)
	at org.apache.hadoop.ipc.ProtobufRpcEngine$Server$ProtoBufRpcInvoker.call(ProtobufRpcEngine.java:524)
	at org.apache.hadoop.ipc.RPC$Server.call(RPC.java:1025)
	at org.apache.hadoop.ipc.Server$RpcCall.run(Server.java:876)
	at org.apache.hadoop.ipc.Server$RpcCall.run(Server.java:822)
	at java.security.AccessController.doPrivileged(Native Method)
	at javax.security.auth.Subject.doAs(Subject.java:422)
	at org.apache.hadoop.security.UserGroupInformation.doAs(UserGroupInformation.java:1730)
	at org.apache.hadoop.ipc.Server$Handler.run(Server.java:2682)
2019-09-26 13:37:53,145 [IPC Server handler 0 on 38161] INFO  block.BlockManagerImpl (BlockManagerImpl.java:allocateBlock(198)) - Could not find available pipeline of type:RATIS and factor:THREE even after retrying
2019-09-26 13:37:53,145 [IPC Server handler 0 on 38161] ERROR block.BlockManagerImpl (BlockManagerImpl.java:allocateBlock(222)) - Unable to allocate a block for the size: 4194304, type: RATIS, factor: THREE
2019-09-26 13:37:53,145 [IPC Server handler 0 on 38161] INFO  pipeline.PipelinePlacementPolicy (PipelinePlacementPolicy.java:meetCriteria(91)) - Pipeline Placement: can't place more pipeline on heavy datanode： cdf4aa8b-8ba2-4318-b195-a0642de96b1e Heaviness: 6 limit: 5
2019-09-26 13:37:53,146 [IPC Server handler 0 on 38161] INFO  pipeline.PipelinePlacementPolicy (PipelinePlacementPolicy.java:meetCriteria(91)) - Pipeline Placement: can't place more pipeline on heavy datanode： 3557bb53-8e52-4f49-8c22-7e13e7d0c46b Heaviness: 6 limit: 5
2019-09-26 13:37:53,146 [IPC Server handler 0 on 38161] INFO  pipeline.PipelinePlacementPolicy (PipelinePlacementPolicy.java:meetCriteria(91)) - Pipeline Placement: can't place more pipeline on heavy datanode： 3eabf511-42f2-4021-89ea-f049958471c8 Heaviness: 6 limit: 5
2019-09-26 13:37:53,146 [IPC Server handler 0 on 38161] INFO  pipeline.PipelinePlacementPolicy (PipelinePlacementPolicy.java:meetCriteria(91)) - Pipeline Placement: can't place more pipeline on heavy datanode： 3b4472a9-0ad3-4b35-90c6-43d323919912 Heaviness: 6 limit: 5
2019-09-26 13:37:53,146 [IPC Server handler 0 on 38161] INFO  pipeline.PipelinePlacementPolicy (PipelinePlacementPolicy.java:meetCriteria(91)) - Pipeline Placement: can't place more pipeline on heavy datanode： 07946d80-9a5e-4ca8-81a5-a2e240cd3767 Heaviness: 6 limit: 5
2019-09-26 13:37:53,147 [IPC Server handler 0 on 38161] ERROR pipeline.PipelinePlacementPolicy (PipelinePlacementPolicy.java:filterViableNodes(148)) - Unable to find enough nodes that meet the criteria that cannot engage in more than 5 pipelines. Nodes required: 3 Found: 0, healthy nodes count inNodeManager: 5.
2019-09-26 13:37:53,147 [IPC Server handler 0 on 38161] ERROR pipeline.SCMPipelineManager (SCMPipelineManager.java:createPipeline(167)) - Pipeline creation failed.
org.apache.hadoop.hdds.scm.exceptions.SCMException: Unable to find enough nodes that meet the criteria that cannot engage in more than 5 pipelines. Nodes required: 3 Found: 0, healthy nodes count inNodeManager: 5.
	at org.apache.hadoop.hdds.scm.pipeline.PipelinePlacementPolicy.filterViableNodes(PipelinePlacementPolicy.java:149)
	at org.apache.hadoop.hdds.scm.pipeline.PipelinePlacementPolicy.chooseDatanodes(PipelinePlacementPolicy.java:172)
	at org.apache.hadoop.hdds.scm.pipeline.RatisPipelineProvider.create(RatisPipelineProvider.java:93)
	at org.apache.hadoop.hdds.scm.pipeline.PipelineFactory.create(PipelineFactory.java:58)
	at org.apache.hadoop.hdds.scm.pipeline.SCMPipelineManager.createPipeline(SCMPipelineManager.java:155)
	at org.apache.hadoop.hdds.scm.block.BlockManagerImpl.allocateBlock(BlockManagerImpl.java:190)
	at org.apache.hadoop.hdds.scm.server.SCMBlockProtocolServer.allocateBlock(SCMBlockProtocolServer.java:182)
	at org.apache.hadoop.ozone.protocolPB.ScmBlockLocationProtocolServerSideTranslatorPB.allocateScmBlock(ScmBlockLocationProtocolServerSideTranslatorPB.java:183)
	at org.apache.hadoop.ozone.protocolPB.ScmBlockLocationProtocolServerSideTranslatorPB.processMessage(ScmBlockLocationProtocolServerSideTranslatorPB.java:141)
	at org.apache.hadoop.ozone.protocolPB.ScmBlockLocationProtocolServerSideTranslatorPB.send(ScmBlockLocationProtocolServerSideTranslatorPB.java:116)
	at org.apache.hadoop.hdds.protocol.proto.ScmBlockLocationProtocolProtos$ScmBlockLocationProtocolService$2.callBlockingMethod(ScmBlockLocationProtocolProtos.java:13157)
	at org.apache.hadoop.ipc.ProtobufRpcEngine$Server$ProtoBufRpcInvoker.call(ProtobufRpcEngine.java:524)
	at org.apache.hadoop.ipc.RPC$Server.call(RPC.java:1025)
	at org.apache.hadoop.ipc.Server$RpcCall.run(Server.java:876)
	at org.apache.hadoop.ipc.Server$RpcCall.run(Server.java:822)
	at java.security.AccessController.doPrivileged(Native Method)
	at javax.security.auth.Subject.doAs(Subject.java:422)
	at org.apache.hadoop.security.UserGroupInformation.doAs(UserGroupInformation.java:1730)
	at org.apache.hadoop.ipc.Server$Handler.run(Server.java:2682)
2019-09-26 13:37:53,147 [IPC Server handler 0 on 38161] WARN  block.BlockManagerImpl (BlockManagerImpl.java:allocateBlock(192)) - Pipeline creation failed for type:RATIS factor:THREE. Retrying get pipelines call once.
org.apache.hadoop.hdds.scm.exceptions.SCMException: Unable to find enough nodes that meet the criteria that cannot engage in more than 5 pipelines. Nodes required: 3 Found: 0, healthy nodes count inNodeManager: 5.
	at org.apache.hadoop.hdds.scm.pipeline.PipelinePlacementPolicy.filterViableNodes(PipelinePlacementPolicy.java:149)
	at org.apache.hadoop.hdds.scm.pipeline.PipelinePlacementPolicy.chooseDatanodes(PipelinePlacementPolicy.java:172)
	at org.apache.hadoop.hdds.scm.pipeline.RatisPipelineProvider.create(RatisPipelineProvider.java:93)
	at org.apache.hadoop.hdds.scm.pipeline.PipelineFactory.create(PipelineFactory.java:58)
	at org.apache.hadoop.hdds.scm.pipeline.SCMPipelineManager.createPipeline(SCMPipelineManager.java:155)
	at org.apache.hadoop.hdds.scm.block.BlockManagerImpl.allocateBlock(BlockManagerImpl.java:190)
	at org.apache.hadoop.hdds.scm.server.SCMBlockProtocolServer.allocateBlock(SCMBlockProtocolServer.java:182)
	at org.apache.hadoop.ozone.protocolPB.ScmBlockLocationProtocolServerSideTranslatorPB.allocateScmBlock(ScmBlockLocationProtocolServerSideTranslatorPB.java:183)
	at org.apache.hadoop.ozone.protocolPB.ScmBlockLocationProtocolServerSideTranslatorPB.processMessage(ScmBlockLocationProtocolServerSideTranslatorPB.java:141)
	at org.apache.hadoop.ozone.protocolPB.ScmBlockLocationProtocolServerSideTranslatorPB.send(ScmBlockLocationProtocolServerSideTranslatorPB.java:116)
	at org.apache.hadoop.hdds.protocol.proto.ScmBlockLocationProtocolProtos$ScmBlockLocationProtocolService$2.callBlockingMethod(ScmBlockLocationProtocolProtos.java:13157)
	at org.apache.hadoop.ipc.ProtobufRpcEngine$Server$ProtoBufRpcInvoker.call(ProtobufRpcEngine.java:524)
	at org.apache.hadoop.ipc.RPC$Server.call(RPC.java:1025)
	at org.apache.hadoop.ipc.Server$RpcCall.run(Server.java:876)
	at org.apache.hadoop.ipc.Server$RpcCall.run(Server.java:822)
	at java.security.AccessController.doPrivileged(Native Method)
	at javax.security.auth.Subject.doAs(Subject.java:422)
	at org.apache.hadoop.security.UserGroupInformation.doAs(UserGroupInformation.java:1730)
	at org.apache.hadoop.ipc.Server$Handler.run(Server.java:2682)
2019-09-26 13:37:53,148 [IPC Server handler 0 on 38161] INFO  block.BlockManagerImpl (BlockManagerImpl.java:allocateBlock(198)) - Could not find available pipeline of type:RATIS and factor:THREE even after retrying
2019-09-26 13:37:53,148 [IPC Server handler 0 on 38161] ERROR block.BlockManagerImpl (BlockManagerImpl.java:allocateBlock(222)) - Unable to allocate a block for the size: 4194304, type: RATIS, factor: THREE
2019-09-26 13:37:53,157 [pool-73-thread-3] ERROR freon.RandomKeyGenerator (RandomKeyGenerator.java:createKey(733)) - Exception while adding key: key-0-34439 in bucket: bucket-0-12594 of volume: vol-0-39644.
INTERNAL_ERROR org.apache.hadoop.ozone.om.exceptions.OMException: Allocated 0 blocks. Requested 5 blocks
	at org.apache.hadoop.ozone.om.protocolPB.OzoneManagerProtocolClientSideTranslatorPB.handleError(OzoneManagerProtocolClientSideTranslatorPB.java:732)
	at org.apache.hadoop.ozone.om.protocolPB.OzoneManagerProtocolClientSideTranslatorPB.openKey(OzoneManagerProtocolClientSideTranslatorPB.java:723)
	at sun.reflect.NativeMethodAccessorImpl.invoke0(Native Method)
	at sun.reflect.NativeMethodAccessorImpl.invoke(NativeMethodAccessorImpl.java:62)
	at sun.reflect.DelegatingMethodAccessorImpl.invoke(DelegatingMethodAccessorImpl.java:43)
	at java.lang.reflect.Method.invoke(Method.java:498)
	at org.apache.hadoop.hdds.tracing.TraceAllMethod.invoke(TraceAllMethod.java:66)
	at com.sun.proxy.$Proxy37.openKey(Unknown Source)
	at org.apache.hadoop.ozone.client.rpc.RpcClient.createKey(RpcClient.java:614)
	at org.apache.hadoop.ozone.client.OzoneBucket.createKey(OzoneBucket.java:325)
	at org.apache.hadoop.ozone.freon.RandomKeyGenerator.createKey(RandomKeyGenerator.java:695)
	at org.apache.hadoop.ozone.freon.RandomKeyGenerator.access$1100(RandomKeyGenerator.java:88)
	at org.apache.hadoop.ozone.freon.RandomKeyGenerator$ObjectCreator.run(RandomKeyGenerator.java:615)
	at java.util.concurrent.Executors$RunnableAdapter.call(Executors.java:511)
	at java.util.concurrent.FutureTask.run(FutureTask.java:266)
	at java.util.concurrent.ThreadPoolExecutor.runWorker(ThreadPoolExecutor.java:1149)
	at java.util.concurrent.ThreadPoolExecutor$Worker.run(ThreadPoolExecutor.java:624)
	at java.lang.Thread.run(Thread.java:748)
 0.00% |█                                                                                                    |  0/1 Time: 0:00:02 0.00% |█                                                                                                    |  0/1 Time: 0:00:032019-09-26 13:37:55,883 [Thread-210] INFO  impl.FollowerState (FollowerState.java:run(106)) - cdf4aa8b-8ba2-4318-b195-a0642de96b1e:group-70B164BF3EA0 changes to CANDIDATE, lastRpcTime:5159, electionTimeout:5159ms
2019-09-26 13:37:55,886 [Thread-210] INFO  impl.RoleInfo (RoleInfo.java:shutdownFollowerState(121)) - cdf4aa8b-8ba2-4318-b195-a0642de96b1e: shutdown FollowerState
2019-09-26 13:37:55,886 [Thread-210] INFO  impl.RaftServerImpl (RaftServerImpl.java:setRole(174)) - cdf4aa8b-8ba2-4318-b195-a0642de96b1e@group-70B164BF3EA0: changes role from  FOLLOWER to CANDIDATE at term 0 for changeToCandidate
2019-09-26 13:37:55,895 [Thread-210] INFO  impl.RoleInfo (RoleInfo.java:updateAndGet(143)) - cdf4aa8b-8ba2-4318-b195-a0642de96b1e: start LeaderElection
2019-09-26 13:37:55,924 [cdf4aa8b-8ba2-4318-b195-a0642de96b1e@group-70B164BF3EA0:LeaderElection1] INFO  impl.LeaderElection (LeaderElection.java:askForVotes(182)) - cdf4aa8b-8ba2-4318-b195-a0642de96b1e@group-70B164BF3EA0:LeaderElection1: begin an election at term 1 for -1: [cdf4aa8b-8ba2-4318-b195-a0642de96b1e:192.168.164.238:45948], old=null
2019-09-26 13:37:55,926 [cdf4aa8b-8ba2-4318-b195-a0642de96b1e@group-70B164BF3EA0:LeaderElection1] INFO  impl.RoleInfo (RoleInfo.java:shutdownLeaderElection(134)) - cdf4aa8b-8ba2-4318-b195-a0642de96b1e: shutdown LeaderElection
2019-09-26 13:37:55,927 [cdf4aa8b-8ba2-4318-b195-a0642de96b1e@group-70B164BF3EA0:LeaderElection1] INFO  impl.RaftServerImpl (RaftServerImpl.java:setRole(174)) - cdf4aa8b-8ba2-4318-b195-a0642de96b1e@group-70B164BF3EA0: changes role from CANDIDATE to LEADER at term 1 for changeToLeader
2019-09-26 13:37:55,927 [cdf4aa8b-8ba2-4318-b195-a0642de96b1e@group-70B164BF3EA0:LeaderElection1] INFO  impl.RaftServerImpl (ServerState.java:setLeader(253)) - cdf4aa8b-8ba2-4318-b195-a0642de96b1e@group-70B164BF3EA0: change Leader from null to cdf4aa8b-8ba2-4318-b195-a0642de96b1e at term 1 for becomeLeader, leader elected after 5322ms
2019-09-26 13:37:55,935 [cdf4aa8b-8ba2-4318-b195-a0642de96b1e@group-70B164BF3EA0:LeaderElection1] INFO  server.RaftServerConfigKeys (ConfUtils.java:logGet(43)) - raft.server.staging.catchup.gap = 1000 (default)
2019-09-26 13:37:55,935 [cdf4aa8b-8ba2-4318-b195-a0642de96b1e@group-70B164BF3EA0:LeaderElection1] INFO  server.RaftServerConfigKeys (ConfUtils.java:logGet(43)) - raft.server.rpc.sleep.time = 25ms (default)
2019-09-26 13:37:55,938 [cdf4aa8b-8ba2-4318-b195-a0642de96b1e@group-70B164BF3EA0:LeaderElection1] INFO  server.RaftServerConfigKeys (ConfUtils.java:logGet(43)) - raft.server.write.element-limit = 4096 (default)
2019-09-26 13:37:55,941 [cdf4aa8b-8ba2-4318-b195-a0642de96b1e@group-70B164BF3EA0:LeaderElection1] INFO  server.RaftServerConfigKeys (ConfUtils.java:logGet(43)) - raft.server.watch.timeout = 10s (default)
2019-09-26 13:37:55,941 [cdf4aa8b-8ba2-4318-b195-a0642de96b1e@group-70B164BF3EA0:LeaderElection1] INFO  server.RaftServerConfigKeys (ConfUtils.java:logGet(43)) - raft.server.watch.timeout.denomination = 1s (default)
2019-09-26 13:37:55,942 [cdf4aa8b-8ba2-4318-b195-a0642de96b1e@group-70B164BF3EA0:LeaderElection1] INFO  server.RaftServerConfigKeys (ConfUtils.java:logGet(43)) - raft.server.watch.element-limit = 65536 (default)
2019-09-26 13:37:55,954 [cdf4aa8b-8ba2-4318-b195-a0642de96b1e@group-70B164BF3EA0:LeaderElection1] INFO  impl.RoleInfo (RoleInfo.java:updateAndGet(143)) - cdf4aa8b-8ba2-4318-b195-a0642de96b1e: start LeaderState
2019-09-26 13:37:55,977 [cdf4aa8b-8ba2-4318-b195-a0642de96b1e@group-70B164BF3EA0:LeaderElection1] INFO  segmented.SegmentedRaftLogWorker (SegmentedRaftLogWorker.java:startLogSegment(380)) - cdf4aa8b-8ba2-4318-b195-a0642de96b1e@group-70B164BF3EA0-SegmentedRaftLogWorker: Starting segment from index:0
 0.00% |█                                                                                                    |  0/1 Time: 0:00:042019-09-26 13:37:55,986 [cdf4aa8b-8ba2-4318-b195-a0642de96b1e@group-70B164BF3EA0:LeaderElection1] INFO  impl.RaftServerImpl (ServerState.java:setRaftConf(354)) - cdf4aa8b-8ba2-4318-b195-a0642de96b1e@group-70B164BF3EA0: set configuration 0: [cdf4aa8b-8ba2-4318-b195-a0642de96b1e:192.168.164.238:45948], old=null at 0
2019-09-26 13:37:56,044 [Thread-213] INFO  impl.FollowerState (FollowerState.java:run(106)) - 3eabf511-42f2-4021-89ea-f049958471c8:group-81C71BCDA0E1 changes to CANDIDATE, lastRpcTime:5112, electionTimeout:5111ms
2019-09-26 13:37:56,046 [Thread-213] INFO  impl.RoleInfo (RoleInfo.java:shutdownFollowerState(121)) - 3eabf511-42f2-4021-89ea-f049958471c8: shutdown FollowerState
2019-09-26 13:37:56,046 [Thread-213] INFO  impl.RaftServerImpl (RaftServerImpl.java:setRole(174)) - 3eabf511-42f2-4021-89ea-f049958471c8@group-81C71BCDA0E1: changes role from  FOLLOWER to CANDIDATE at term 0 for changeToCandidate
2019-09-26 13:37:56,046 [Thread-213] INFO  impl.RoleInfo (RoleInfo.java:updateAndGet(143)) - 3eabf511-42f2-4021-89ea-f049958471c8: start LeaderElection
2019-09-26 13:37:56,062 [3eabf511-42f2-4021-89ea-f049958471c8@group-81C71BCDA0E1:LeaderElection2] INFO  impl.LeaderElection (LeaderElection.java:askForVotes(182)) - 3eabf511-42f2-4021-89ea-f049958471c8@group-81C71BCDA0E1:LeaderElection2: begin an election at term 1 for -1: [3eabf511-42f2-4021-89ea-f049958471c8:192.168.164.238:39308], old=null
2019-09-26 13:37:56,063 [3eabf511-42f2-4021-89ea-f049958471c8@group-81C71BCDA0E1:LeaderElection2] INFO  impl.RoleInfo (RoleInfo.java:shutdownLeaderElection(134)) - 3eabf511-42f2-4021-89ea-f049958471c8: shutdown LeaderElection
2019-09-26 13:37:56,063 [3eabf511-42f2-4021-89ea-f049958471c8@group-81C71BCDA0E1:LeaderElection2] INFO  impl.RaftServerImpl (RaftServerImpl.java:setRole(174)) - 3eabf511-42f2-4021-89ea-f049958471c8@group-81C71BCDA0E1: changes role from CANDIDATE to LEADER at term 1 for changeToLeader
2019-09-26 13:37:56,063 [3eabf511-42f2-4021-89ea-f049958471c8@group-81C71BCDA0E1:LeaderElection2] INFO  impl.RaftServerImpl (ServerState.java:setLeader(253)) - 3eabf511-42f2-4021-89ea-f049958471c8@group-81C71BCDA0E1: change Leader from null to 3eabf511-42f2-4021-89ea-f049958471c8 at term 1 for becomeLeader, leader elected after 5145ms
2019-09-26 13:37:56,065 [3eabf511-42f2-4021-89ea-f049958471c8@group-81C71BCDA0E1:LeaderElection2] INFO  server.RaftServerConfigKeys (ConfUtils.java:logGet(43)) - raft.server.staging.catchup.gap = 1000 (default)
2019-09-26 13:37:56,065 [3eabf511-42f2-4021-89ea-f049958471c8@group-81C71BCDA0E1:LeaderElection2] INFO  server.RaftServerConfigKeys (ConfUtils.java:logGet(43)) - raft.server.rpc.sleep.time = 25ms (default)
2019-09-26 13:37:56,065 [3eabf511-42f2-4021-89ea-f049958471c8@group-81C71BCDA0E1:LeaderElection2] INFO  server.RaftServerConfigKeys (ConfUtils.java:logGet(43)) - raft.server.write.element-limit = 4096 (default)
2019-09-26 13:37:56,065 [3eabf511-42f2-4021-89ea-f049958471c8@group-81C71BCDA0E1:LeaderElection2] INFO  server.RaftServerConfigKeys (ConfUtils.java:logGet(43)) - raft.server.watch.timeout = 10s (default)
2019-09-26 13:37:56,065 [3eabf511-42f2-4021-89ea-f049958471c8@group-81C71BCDA0E1:LeaderElection2] INFO  server.RaftServerConfigKeys (ConfUtils.java:logGet(43)) - raft.server.watch.timeout.denomination = 1s (default)
2019-09-26 13:37:56,065 [3eabf511-42f2-4021-89ea-f049958471c8@group-81C71BCDA0E1:LeaderElection2] INFO  server.RaftServerConfigKeys (ConfUtils.java:logGet(43)) - raft.server.watch.element-limit = 65536 (default)
2019-09-26 13:37:56,069 [3eabf511-42f2-4021-89ea-f049958471c8@group-81C71BCDA0E1:LeaderElection2] INFO  impl.RoleInfo (RoleInfo.java:updateAndGet(143)) - 3eabf511-42f2-4021-89ea-f049958471c8: start LeaderState
2019-09-26 13:37:56,069 [3eabf511-42f2-4021-89ea-f049958471c8@group-81C71BCDA0E1:LeaderElection2] INFO  segmented.SegmentedRaftLogWorker (SegmentedRaftLogWorker.java:startLogSegment(380)) - 3eabf511-42f2-4021-89ea-f049958471c8@group-81C71BCDA0E1-SegmentedRaftLogWorker: Starting segment from index:0
2019-09-26 13:37:56,070 [3eabf511-42f2-4021-89ea-f049958471c8@group-81C71BCDA0E1:LeaderElection2] INFO  impl.RaftServerImpl (ServerState.java:setRaftConf(354)) - 3eabf511-42f2-4021-89ea-f049958471c8@group-81C71BCDA0E1: set configuration 0: [3eabf511-42f2-4021-89ea-f049958471c8:192.168.164.238:39308], old=null at 0
2019-09-26 13:37:56,153 [Thread-216] INFO  impl.FollowerState (FollowerState.java:run(106)) - 3b4472a9-0ad3-4b35-90c6-43d323919912:group-B0490C1A141B changes to CANDIDATE, lastRpcTime:5108, electionTimeout:5108ms
2019-09-26 13:37:56,153 [Thread-216] INFO  impl.RoleInfo (RoleInfo.java:shutdownFollowerState(121)) - 3b4472a9-0ad3-4b35-90c6-43d323919912: shutdown FollowerState
2019-09-26 13:37:56,154 [Thread-216] INFO  impl.RaftServerImpl (RaftServerImpl.java:setRole(174)) - 3b4472a9-0ad3-4b35-90c6-43d323919912@group-B0490C1A141B: changes role from  FOLLOWER to CANDIDATE at term 0 for changeToCandidate
2019-09-26 13:37:56,154 [Thread-216] INFO  impl.RoleInfo (RoleInfo.java:updateAndGet(143)) - 3b4472a9-0ad3-4b35-90c6-43d323919912: start LeaderElection
2019-09-26 13:37:56,171 [3b4472a9-0ad3-4b35-90c6-43d323919912@group-B0490C1A141B:LeaderElection3] INFO  impl.LeaderElection (LeaderElection.java:askForVotes(182)) - 3b4472a9-0ad3-4b35-90c6-43d323919912@group-B0490C1A141B:LeaderElection3: begin an election at term 1 for -1: [3b4472a9-0ad3-4b35-90c6-43d323919912:192.168.164.238:38188], old=null
2019-09-26 13:37:56,202 [3b4472a9-0ad3-4b35-90c6-43d323919912@group-B0490C1A141B:LeaderElection3] INFO  impl.RoleInfo (RoleInfo.java:shutdownLeaderElection(134)) - 3b4472a9-0ad3-4b35-90c6-43d323919912: shutdown LeaderElection
2019-09-26 13:37:56,202 [3b4472a9-0ad3-4b35-90c6-43d323919912@group-B0490C1A141B:LeaderElection3] INFO  impl.RaftServerImpl (RaftServerImpl.java:setRole(174)) - 3b4472a9-0ad3-4b35-90c6-43d323919912@group-B0490C1A141B: changes role from CANDIDATE to LEADER at term 1 for changeToLeader
2019-09-26 13:37:56,202 [3b4472a9-0ad3-4b35-90c6-43d323919912@group-B0490C1A141B:LeaderElection3] INFO  impl.RaftServerImpl (ServerState.java:setLeader(253)) - 3b4472a9-0ad3-4b35-90c6-43d323919912@group-B0490C1A141B: change Leader from null to 3b4472a9-0ad3-4b35-90c6-43d323919912 at term 1 for becomeLeader, leader elected after 5195ms
2019-09-26 13:37:56,204 [3b4472a9-0ad3-4b35-90c6-43d323919912@group-B0490C1A141B:LeaderElection3] INFO  server.RaftServerConfigKeys (ConfUtils.java:logGet(43)) - raft.server.staging.catchup.gap = 1000 (default)
2019-09-26 13:37:56,204 [3b4472a9-0ad3-4b35-90c6-43d323919912@group-B0490C1A141B:LeaderElection3] INFO  server.RaftServerConfigKeys (ConfUtils.java:logGet(43)) - raft.server.rpc.sleep.time = 25ms (default)
2019-09-26 13:37:56,204 [3b4472a9-0ad3-4b35-90c6-43d323919912@group-B0490C1A141B:LeaderElection3] INFO  server.RaftServerConfigKeys (ConfUtils.java:logGet(43)) - raft.server.write.element-limit = 4096 (default)
2019-09-26 13:37:56,204 [3b4472a9-0ad3-4b35-90c6-43d323919912@group-B0490C1A141B:LeaderElection3] INFO  server.RaftServerConfigKeys (ConfUtils.java:logGet(43)) - raft.server.watch.timeout = 10s (default)
2019-09-26 13:37:56,204 [3b4472a9-0ad3-4b35-90c6-43d323919912@group-B0490C1A141B:LeaderElection3] INFO  server.RaftServerConfigKeys (ConfUtils.java:logGet(43)) - raft.server.watch.timeout.denomination = 1s (default)
2019-09-26 13:37:56,204 [3b4472a9-0ad3-4b35-90c6-43d323919912@group-B0490C1A141B:LeaderElection3] INFO  server.RaftServerConfigKeys (ConfUtils.java:logGet(43)) - raft.server.watch.element-limit = 65536 (default)
2019-09-26 13:37:56,207 [3b4472a9-0ad3-4b35-90c6-43d323919912@group-B0490C1A141B:LeaderElection3] INFO  impl.RoleInfo (RoleInfo.java:updateAndGet(143)) - 3b4472a9-0ad3-4b35-90c6-43d323919912: start LeaderState
2019-09-26 13:37:56,207 [3b4472a9-0ad3-4b35-90c6-43d323919912@group-B0490C1A141B:LeaderElection3] INFO  segmented.SegmentedRaftLogWorker (SegmentedRaftLogWorker.java:startLogSegment(380)) - 3b4472a9-0ad3-4b35-90c6-43d323919912@group-B0490C1A141B-SegmentedRaftLogWorker: Starting segment from index:0
2019-09-26 13:37:56,208 [3b4472a9-0ad3-4b35-90c6-43d323919912@group-B0490C1A141B:LeaderElection3] INFO  impl.RaftServerImpl (ServerState.java:setRaftConf(354)) - 3b4472a9-0ad3-4b35-90c6-43d323919912@group-B0490C1A141B: set configuration 0: [3b4472a9-0ad3-4b35-90c6-43d323919912:192.168.164.238:38188], old=null at 0
2019-09-26 13:37:56,246 [Thread-219] INFO  impl.FollowerState (FollowerState.java:run(106)) - 3b4472a9-0ad3-4b35-90c6-43d323919912:group-B6644108FAD7 changes to CANDIDATE, lastRpcTime:5134, electionTimeout:5115ms
2019-09-26 13:37:56,247 [3eabf511-42f2-4021-89ea-f049958471c8@group-81C71BCDA0E1-SegmentedRaftLogWorker] INFO  segmented.SegmentedRaftLogWorker (SegmentedRaftLogWorker.java:execute(569)) - 3eabf511-42f2-4021-89ea-f049958471c8@group-81C71BCDA0E1-SegmentedRaftLogWorker: created new log segment /workdir/hadoop-ozone/tools/target/test-dir/MiniOzoneClusterImpl-d492c611-0ad2-4a0b-a9b3-2cc170b19582/datanode-3/data/ratis/8f911f43-e6ba-4578-b4ba-81c71bcda0e1/current/log_inprogress_0
2019-09-26 13:37:56,247 [Thread-219] INFO  impl.RoleInfo (RoleInfo.java:shutdownFollowerState(121)) - 3b4472a9-0ad3-4b35-90c6-43d323919912: shutdown FollowerState
2019-09-26 13:37:56,247 [cdf4aa8b-8ba2-4318-b195-a0642de96b1e@group-70B164BF3EA0-SegmentedRaftLogWorker] INFO  segmented.SegmentedRaftLogWorker (SegmentedRaftLogWorker.java:execute(569)) - cdf4aa8b-8ba2-4318-b195-a0642de96b1e@group-70B164BF3EA0-SegmentedRaftLogWorker: created new log segment /workdir/hadoop-ozone/tools/target/test-dir/MiniOzoneClusterImpl-d492c611-0ad2-4a0b-a9b3-2cc170b19582/datanode-0/data/ratis/db1d3c9d-6930-454b-a6e2-70b164bf3ea0/current/log_inprogress_0
2019-09-26 13:37:56,247 [Thread-219] INFO  impl.RaftServerImpl (RaftServerImpl.java:setRole(174)) - 3b4472a9-0ad3-4b35-90c6-43d323919912@group-B6644108FAD7: changes role from  FOLLOWER to CANDIDATE at term 0 for changeToCandidate
2019-09-26 13:37:56,247 [Thread-219] INFO  impl.RoleInfo (RoleInfo.java:updateAndGet(143)) - 3b4472a9-0ad3-4b35-90c6-43d323919912: start LeaderElection
2019-09-26 13:37:56,259 [3b4472a9-0ad3-4b35-90c6-43d323919912@group-B0490C1A141B-SegmentedRaftLogWorker] INFO  segmented.SegmentedRaftLogWorker (SegmentedRaftLogWorker.java:execute(569)) - 3b4472a9-0ad3-4b35-90c6-43d323919912@group-B0490C1A141B-SegmentedRaftLogWorker: created new log segment /workdir/hadoop-ozone/tools/target/test-dir/MiniOzoneClusterImpl-d492c611-0ad2-4a0b-a9b3-2cc170b19582/datanode-2/data/ratis/2b80ab7a-74e8-48dd-b550-b0490c1a141b/current/log_inprogress_0
2019-09-26 13:37:56,259 [3b4472a9-0ad3-4b35-90c6-43d323919912@group-B6644108FAD7:LeaderElection4] INFO  impl.LeaderElection (LeaderElection.java:askForVotes(182)) - 3b4472a9-0ad3-4b35-90c6-43d323919912@group-B6644108FAD7:LeaderElection4: begin an election at term 1 for -1: [3b4472a9-0ad3-4b35-90c6-43d323919912:192.168.164.238:38188], old=null
2019-09-26 13:37:56,259 [3b4472a9-0ad3-4b35-90c6-43d323919912@group-B6644108FAD7:LeaderElection4] INFO  impl.RoleInfo (RoleInfo.java:shutdownLeaderElection(134)) - 3b4472a9-0ad3-4b35-90c6-43d323919912: shutdown LeaderElection
2019-09-26 13:37:56,259 [3b4472a9-0ad3-4b35-90c6-43d323919912@group-B6644108FAD7:LeaderElection4] INFO  impl.RaftServerImpl (RaftServerImpl.java:setRole(174)) - 3b4472a9-0ad3-4b35-90c6-43d323919912@group-B6644108FAD7: changes role from CANDIDATE to LEADER at term 1 for changeToLeader
2019-09-26 13:37:56,259 [3b4472a9-0ad3-4b35-90c6-43d323919912@group-B6644108FAD7:LeaderElection4] INFO  impl.RaftServerImpl (ServerState.java:setLeader(253)) - 3b4472a9-0ad3-4b35-90c6-43d323919912@group-B6644108FAD7: change Leader from null to 3b4472a9-0ad3-4b35-90c6-43d323919912 at term 1 for becomeLeader, leader elected after 5158ms
2019-09-26 13:37:56,259 [3b4472a9-0ad3-4b35-90c6-43d323919912@group-B6644108FAD7:LeaderElection4] INFO  server.RaftServerConfigKeys (ConfUtils.java:logGet(43)) - raft.server.staging.catchup.gap = 1000 (default)
2019-09-26 13:37:56,260 [3b4472a9-0ad3-4b35-90c6-43d323919912@group-B6644108FAD7:LeaderElection4] INFO  server.RaftServerConfigKeys (ConfUtils.java:logGet(43)) - raft.server.rpc.sleep.time = 25ms (default)
2019-09-26 13:37:56,260 [3b4472a9-0ad3-4b35-90c6-43d323919912@group-B6644108FAD7:LeaderElection4] INFO  server.RaftServerConfigKeys (ConfUtils.java:logGet(43)) - raft.server.write.element-limit = 4096 (default)
2019-09-26 13:37:56,260 [3b4472a9-0ad3-4b35-90c6-43d323919912@group-B6644108FAD7:LeaderElection4] INFO  server.RaftServerConfigKeys (ConfUtils.java:logGet(43)) - raft.server.watch.timeout = 10s (default)
2019-09-26 13:37:56,260 [3b4472a9-0ad3-4b35-90c6-43d323919912@group-B6644108FAD7:LeaderElection4] INFO  server.RaftServerConfigKeys (ConfUtils.java:logGet(43)) - raft.server.watch.timeout.denomination = 1s (default)
2019-09-26 13:37:56,260 [3b4472a9-0ad3-4b35-90c6-43d323919912@group-B6644108FAD7:LeaderElection4] INFO  server.RaftServerConfigKeys (ConfUtils.java:logGet(43)) - raft.server.watch.element-limit = 65536 (default)
2019-09-26 13:37:56,264 [3b4472a9-0ad3-4b35-90c6-43d323919912@group-B6644108FAD7:LeaderElection4] INFO  impl.RoleInfo (RoleInfo.java:updateAndGet(143)) - 3b4472a9-0ad3-4b35-90c6-43d323919912: start LeaderState
2019-09-26 13:37:56,265 [3b4472a9-0ad3-4b35-90c6-43d323919912@group-B6644108FAD7:LeaderElection4] INFO  segmented.SegmentedRaftLogWorker (SegmentedRaftLogWorker.java:startLogSegment(380)) - 3b4472a9-0ad3-4b35-90c6-43d323919912@group-B6644108FAD7-SegmentedRaftLogWorker: Starting segment from index:0
2019-09-26 13:37:56,265 [3b4472a9-0ad3-4b35-90c6-43d323919912@group-B6644108FAD7:LeaderElection4] INFO  impl.RaftServerImpl (ServerState.java:setRaftConf(354)) - 3b4472a9-0ad3-4b35-90c6-43d323919912@group-B6644108FAD7: set configuration 0: [3b4472a9-0ad3-4b35-90c6-43d323919912:192.168.164.238:38188], old=null at 0
2019-09-26 13:37:56,302 [Thread-225] INFO  impl.FollowerState (FollowerState.java:run(106)) - 3eabf511-42f2-4021-89ea-f049958471c8:group-19B87C7C1DC7 changes to CANDIDATE, lastRpcTime:5050, electionTimeout:5042ms
2019-09-26 13:37:56,302 [Thread-225] INFO  impl.RoleInfo (RoleInfo.java:shutdownFollowerState(121)) - 3eabf511-42f2-4021-89ea-f049958471c8: shutdown FollowerState
2019-09-26 13:37:56,303 [Thread-225] INFO  impl.RaftServerImpl (RaftServerImpl.java:setRole(174)) - 3eabf511-42f2-4021-89ea-f049958471c8@group-19B87C7C1DC7: changes role from  FOLLOWER to CANDIDATE at term 0 for changeToCandidate
2019-09-26 13:37:56,303 [Thread-225] INFO  impl.RoleInfo (RoleInfo.java:updateAndGet(143)) - 3eabf511-42f2-4021-89ea-f049958471c8: start LeaderElection
2019-09-26 13:37:56,315 [3b4472a9-0ad3-4b35-90c6-43d323919912@group-B6644108FAD7-SegmentedRaftLogWorker] INFO  segmented.SegmentedRaftLogWorker (SegmentedRaftLogWorker.java:execute(569)) - 3b4472a9-0ad3-4b35-90c6-43d323919912@group-B6644108FAD7-SegmentedRaftLogWorker: created new log segment /workdir/hadoop-ozone/tools/target/test-dir/MiniOzoneClusterImpl-d492c611-0ad2-4a0b-a9b3-2cc170b19582/datanode-2/data/ratis/b385ff29-d14e-481a-84a9-b6644108fad7/current/log_inprogress_0
2019-09-26 13:37:56,315 [3eabf511-42f2-4021-89ea-f049958471c8@group-19B87C7C1DC7:LeaderElection5] INFO  impl.LeaderElection (LeaderElection.java:askForVotes(182)) - 3eabf511-42f2-4021-89ea-f049958471c8@group-19B87C7C1DC7:LeaderElection5: begin an election at term 1 for -1: [3eabf511-42f2-4021-89ea-f049958471c8:192.168.164.238:39308], old=null
2019-09-26 13:37:56,316 [3eabf511-42f2-4021-89ea-f049958471c8@group-19B87C7C1DC7:LeaderElection5] INFO  impl.RoleInfo (RoleInfo.java:shutdownLeaderElection(134)) - 3eabf511-42f2-4021-89ea-f049958471c8: shutdown LeaderElection
2019-09-26 13:37:56,316 [3eabf511-42f2-4021-89ea-f049958471c8@group-19B87C7C1DC7:LeaderElection5] INFO  impl.RaftServerImpl (RaftServerImpl.java:setRole(174)) - 3eabf511-42f2-4021-89ea-f049958471c8@group-19B87C7C1DC7: changes role from CANDIDATE to LEADER at term 1 for changeToLeader
2019-09-26 13:37:56,316 [3eabf511-42f2-4021-89ea-f049958471c8@group-19B87C7C1DC7:LeaderElection5] INFO  impl.RaftServerImpl (ServerState.java:setLeader(253)) - 3eabf511-42f2-4021-89ea-f049958471c8@group-19B87C7C1DC7: change Leader from null to 3eabf511-42f2-4021-89ea-f049958471c8 at term 1 for becomeLeader, leader elected after 5070ms
2019-09-26 13:37:56,316 [3eabf511-42f2-4021-89ea-f049958471c8@group-19B87C7C1DC7:LeaderElection5] INFO  server.RaftServerConfigKeys (ConfUtils.java:logGet(43)) - raft.server.staging.catchup.gap = 1000 (default)
2019-09-26 13:37:56,316 [3eabf511-42f2-4021-89ea-f049958471c8@group-19B87C7C1DC7:LeaderElection5] INFO  server.RaftServerConfigKeys (ConfUtils.java:logGet(43)) - raft.server.rpc.sleep.time = 25ms (default)
2019-09-26 13:37:56,317 [3eabf511-42f2-4021-89ea-f049958471c8@group-19B87C7C1DC7:LeaderElection5] INFO  server.RaftServerConfigKeys (ConfUtils.java:logGet(43)) - raft.server.write.element-limit = 4096 (default)
2019-09-26 13:37:56,317 [3eabf511-42f2-4021-89ea-f049958471c8@group-19B87C7C1DC7:LeaderElection5] INFO  server.RaftServerConfigKeys (ConfUtils.java:logGet(43)) - raft.server.watch.timeout = 10s (default)
2019-09-26 13:37:56,317 [3eabf511-42f2-4021-89ea-f049958471c8@group-19B87C7C1DC7:LeaderElection5] INFO  server.RaftServerConfigKeys (ConfUtils.java:logGet(43)) - raft.server.watch.timeout.denomination = 1s (default)
2019-09-26 13:37:56,317 [3eabf511-42f2-4021-89ea-f049958471c8@group-19B87C7C1DC7:LeaderElection5] INFO  server.RaftServerConfigKeys (ConfUtils.java:logGet(43)) - raft.server.watch.element-limit = 65536 (default)
2019-09-26 13:37:56,320 [3eabf511-42f2-4021-89ea-f049958471c8@group-19B87C7C1DC7:LeaderElection5] INFO  impl.RoleInfo (RoleInfo.java:updateAndGet(143)) - 3eabf511-42f2-4021-89ea-f049958471c8: start LeaderState
2019-09-26 13:37:56,320 [3eabf511-42f2-4021-89ea-f049958471c8@group-19B87C7C1DC7:LeaderElection5] INFO  segmented.SegmentedRaftLogWorker (SegmentedRaftLogWorker.java:startLogSegment(380)) - 3eabf511-42f2-4021-89ea-f049958471c8@group-19B87C7C1DC7-SegmentedRaftLogWorker: Starting segment from index:0
2019-09-26 13:37:56,320 [3eabf511-42f2-4021-89ea-f049958471c8@group-19B87C7C1DC7:LeaderElection5] INFO  impl.RaftServerImpl (ServerState.java:setRaftConf(354)) - 3eabf511-42f2-4021-89ea-f049958471c8@group-19B87C7C1DC7: set configuration 0: [3eabf511-42f2-4021-89ea-f049958471c8:192.168.164.238:39308], old=null at 0
2019-09-26 13:37:56,356 [Thread-222] INFO  impl.FollowerState (FollowerState.java:run(106)) - cdf4aa8b-8ba2-4318-b195-a0642de96b1e:group-855D728B83FF changes to CANDIDATE, lastRpcTime:5167, electionTimeout:5149ms
2019-09-26 13:37:56,356 [Thread-222] INFO  impl.RoleInfo (RoleInfo.java:shutdownFollowerState(121)) - cdf4aa8b-8ba2-4318-b195-a0642de96b1e: shutdown FollowerState
2019-09-26 13:37:56,356 [Thread-222] INFO  impl.RaftServerImpl (RaftServerImpl.java:setRole(174)) - cdf4aa8b-8ba2-4318-b195-a0642de96b1e@group-855D728B83FF: changes role from  FOLLOWER to CANDIDATE at term 0 for changeToCandidate
2019-09-26 13:37:56,356 [Thread-222] INFO  impl.RoleInfo (RoleInfo.java:updateAndGet(143)) - cdf4aa8b-8ba2-4318-b195-a0642de96b1e: start LeaderElection
2019-09-26 13:37:56,360 [Thread-228] INFO  impl.FollowerState (FollowerState.java:run(106)) - 3557bb53-8e52-4f49-8c22-7e13e7d0c46b:group-9B61112DF356 changes to CANDIDATE, lastRpcTime:5033, electionTimeout:5033ms
2019-09-26 13:37:56,360 [Thread-228] INFO  impl.RoleInfo (RoleInfo.java:shutdownFollowerState(121)) - 3557bb53-8e52-4f49-8c22-7e13e7d0c46b: shutdown FollowerState
2019-09-26 13:37:56,360 [Thread-228] INFO  impl.RaftServerImpl (RaftServerImpl.java:setRole(174)) - 3557bb53-8e52-4f49-8c22-7e13e7d0c46b@group-9B61112DF356: changes role from  FOLLOWER to CANDIDATE at term 0 for changeToCandidate
2019-09-26 13:37:56,361 [Thread-228] INFO  impl.RoleInfo (RoleInfo.java:updateAndGet(143)) - 3557bb53-8e52-4f49-8c22-7e13e7d0c46b: start LeaderElection
2019-09-26 13:37:56,369 [3eabf511-42f2-4021-89ea-f049958471c8@group-19B87C7C1DC7-SegmentedRaftLogWorker] INFO  segmented.SegmentedRaftLogWorker (SegmentedRaftLogWorker.java:execute(569)) - 3eabf511-42f2-4021-89ea-f049958471c8@group-19B87C7C1DC7-SegmentedRaftLogWorker: created new log segment /workdir/hadoop-ozone/tools/target/test-dir/MiniOzoneClusterImpl-d492c611-0ad2-4a0b-a9b3-2cc170b19582/datanode-3/data/ratis/ebda0e8c-9b80-469a-9b42-19b87c7c1dc7/current/log_inprogress_0
2019-09-26 13:37:56,369 [cdf4aa8b-8ba2-4318-b195-a0642de96b1e@group-855D728B83FF:LeaderElection6] INFO  impl.LeaderElection (LeaderElection.java:askForVotes(182)) - cdf4aa8b-8ba2-4318-b195-a0642de96b1e@group-855D728B83FF:LeaderElection6: begin an election at term 1 for -1: [cdf4aa8b-8ba2-4318-b195-a0642de96b1e:192.168.164.238:45948], old=null
2019-09-26 13:37:56,369 [3557bb53-8e52-4f49-8c22-7e13e7d0c46b@group-9B61112DF356:LeaderElection7] INFO  impl.LeaderElection (LeaderElection.java:askForVotes(182)) - 3557bb53-8e52-4f49-8c22-7e13e7d0c46b@group-9B61112DF356:LeaderElection7: begin an election at term 1 for -1: [3557bb53-8e52-4f49-8c22-7e13e7d0c46b:192.168.164.238:39348], old=null
2019-09-26 13:37:56,369 [cdf4aa8b-8ba2-4318-b195-a0642de96b1e@group-855D728B83FF:LeaderElection6] INFO  impl.RoleInfo (RoleInfo.java:shutdownLeaderElection(134)) - cdf4aa8b-8ba2-4318-b195-a0642de96b1e: shutdown LeaderElection
2019-09-26 13:37:56,369 [3557bb53-8e52-4f49-8c22-7e13e7d0c46b@group-9B61112DF356:LeaderElection7] INFO  impl.RoleInfo (RoleInfo.java:shutdownLeaderElection(134)) - 3557bb53-8e52-4f49-8c22-7e13e7d0c46b: shutdown LeaderElection
2019-09-26 13:37:56,370 [cdf4aa8b-8ba2-4318-b195-a0642de96b1e@group-855D728B83FF:LeaderElection6] INFO  impl.RaftServerImpl (RaftServerImpl.java:setRole(174)) - cdf4aa8b-8ba2-4318-b195-a0642de96b1e@group-855D728B83FF: changes role from CANDIDATE to LEADER at term 1 for changeToLeader
2019-09-26 13:37:56,370 [3557bb53-8e52-4f49-8c22-7e13e7d0c46b@group-9B61112DF356:LeaderElection7] INFO  impl.RaftServerImpl (RaftServerImpl.java:setRole(174)) - 3557bb53-8e52-4f49-8c22-7e13e7d0c46b@group-9B61112DF356: changes role from CANDIDATE to LEADER at term 1 for changeToLeader
2019-09-26 13:37:56,370 [3557bb53-8e52-4f49-8c22-7e13e7d0c46b@group-9B61112DF356:LeaderElection7] INFO  impl.RaftServerImpl (ServerState.java:setLeader(253)) - 3557bb53-8e52-4f49-8c22-7e13e7d0c46b@group-9B61112DF356: change Leader from null to 3557bb53-8e52-4f49-8c22-7e13e7d0c46b at term 1 for becomeLeader, leader elected after 5055ms
2019-09-26 13:37:56,370 [cdf4aa8b-8ba2-4318-b195-a0642de96b1e@group-855D728B83FF:LeaderElection6] INFO  impl.RaftServerImpl (ServerState.java:setLeader(253)) - cdf4aa8b-8ba2-4318-b195-a0642de96b1e@group-855D728B83FF: change Leader from null to cdf4aa8b-8ba2-4318-b195-a0642de96b1e at term 1 for becomeLeader, leader elected after 5193ms
2019-09-26 13:37:56,372 [3557bb53-8e52-4f49-8c22-7e13e7d0c46b@group-9B61112DF356:LeaderElection7] INFO  server.RaftServerConfigKeys (ConfUtils.java:logGet(43)) - raft.server.staging.catchup.gap = 1000 (default)
2019-09-26 13:37:56,372 [cdf4aa8b-8ba2-4318-b195-a0642de96b1e@group-855D728B83FF:LeaderElection6] INFO  server.RaftServerConfigKeys (ConfUtils.java:logGet(43)) - raft.server.staging.catchup.gap = 1000 (default)
2019-09-26 13:37:56,372 [3557bb53-8e52-4f49-8c22-7e13e7d0c46b@group-9B61112DF356:LeaderElection7] INFO  server.RaftServerConfigKeys (ConfUtils.java:logGet(43)) - raft.server.rpc.sleep.time = 25ms (default)
2019-09-26 13:37:56,372 [cdf4aa8b-8ba2-4318-b195-a0642de96b1e@group-855D728B83FF:LeaderElection6] INFO  server.RaftServerConfigKeys (ConfUtils.java:logGet(43)) - raft.server.rpc.sleep.time = 25ms (default)
2019-09-26 13:37:56,373 [3557bb53-8e52-4f49-8c22-7e13e7d0c46b@group-9B61112DF356:LeaderElection7] INFO  server.RaftServerConfigKeys (ConfUtils.java:logGet(43)) - raft.server.write.element-limit = 4096 (default)
2019-09-26 13:37:56,373 [cdf4aa8b-8ba2-4318-b195-a0642de96b1e@group-855D728B83FF:LeaderElection6] INFO  server.RaftServerConfigKeys (ConfUtils.java:logGet(43)) - raft.server.write.element-limit = 4096 (default)
2019-09-26 13:37:56,373 [3557bb53-8e52-4f49-8c22-7e13e7d0c46b@group-9B61112DF356:LeaderElection7] INFO  server.RaftServerConfigKeys (ConfUtils.java:logGet(43)) - raft.server.watch.timeout = 10s (default)
2019-09-26 13:37:56,373 [cdf4aa8b-8ba2-4318-b195-a0642de96b1e@group-855D728B83FF:LeaderElection6] INFO  server.RaftServerConfigKeys (ConfUtils.java:logGet(43)) - raft.server.watch.timeout = 10s (default)
2019-09-26 13:37:56,373 [3557bb53-8e52-4f49-8c22-7e13e7d0c46b@group-9B61112DF356:LeaderElection7] INFO  server.RaftServerConfigKeys (ConfUtils.java:logGet(43)) - raft.server.watch.timeout.denomination = 1s (default)
2019-09-26 13:37:56,373 [cdf4aa8b-8ba2-4318-b195-a0642de96b1e@group-855D728B83FF:LeaderElection6] INFO  server.RaftServerConfigKeys (ConfUtils.java:logGet(43)) - raft.server.watch.timeout.denomination = 1s (default)
2019-09-26 13:37:56,373 [3557bb53-8e52-4f49-8c22-7e13e7d0c46b@group-9B61112DF356:LeaderElection7] INFO  server.RaftServerConfigKeys (ConfUtils.java:logGet(43)) - raft.server.watch.element-limit = 65536 (default)
2019-09-26 13:37:56,373 [cdf4aa8b-8ba2-4318-b195-a0642de96b1e@group-855D728B83FF:LeaderElection6] INFO  server.RaftServerConfigKeys (ConfUtils.java:logGet(43)) - raft.server.watch.element-limit = 65536 (default)
2019-09-26 13:37:56,376 [3557bb53-8e52-4f49-8c22-7e13e7d0c46b@group-9B61112DF356:LeaderElection7] INFO  impl.RoleInfo (RoleInfo.java:updateAndGet(143)) - 3557bb53-8e52-4f49-8c22-7e13e7d0c46b: start LeaderState
2019-09-26 13:37:56,376 [3557bb53-8e52-4f49-8c22-7e13e7d0c46b@group-9B61112DF356:LeaderElection7] INFO  segmented.SegmentedRaftLogWorker (SegmentedRaftLogWorker.java:startLogSegment(380)) - 3557bb53-8e52-4f49-8c22-7e13e7d0c46b@group-9B61112DF356-SegmentedRaftLogWorker: Starting segment from index:0
2019-09-26 13:37:56,377 [cdf4aa8b-8ba2-4318-b195-a0642de96b1e@group-855D728B83FF:LeaderElection6] INFO  impl.RoleInfo (RoleInfo.java:updateAndGet(143)) - cdf4aa8b-8ba2-4318-b195-a0642de96b1e: start LeaderState
2019-09-26 13:37:56,377 [3557bb53-8e52-4f49-8c22-7e13e7d0c46b@group-9B61112DF356:LeaderElection7] INFO  impl.RaftServerImpl (ServerState.java:setRaftConf(354)) - 3557bb53-8e52-4f49-8c22-7e13e7d0c46b@group-9B61112DF356: set configuration 0: [3557bb53-8e52-4f49-8c22-7e13e7d0c46b:192.168.164.238:39348], old=null at 0
2019-09-26 13:37:56,377 [cdf4aa8b-8ba2-4318-b195-a0642de96b1e@group-855D728B83FF:LeaderElection6] INFO  segmented.SegmentedRaftLogWorker (SegmentedRaftLogWorker.java:startLogSegment(380)) - cdf4aa8b-8ba2-4318-b195-a0642de96b1e@group-855D728B83FF-SegmentedRaftLogWorker: Starting segment from index:0
2019-09-26 13:37:56,418 [cdf4aa8b-8ba2-4318-b195-a0642de96b1e@group-855D728B83FF:LeaderElection6] INFO  impl.RaftServerImpl (ServerState.java:setRaftConf(354)) - cdf4aa8b-8ba2-4318-b195-a0642de96b1e@group-855D728B83FF: set configuration 0: [cdf4aa8b-8ba2-4318-b195-a0642de96b1e:192.168.164.238:45948], old=null at 0
2019-09-26 13:37:56,462 [3557bb53-8e52-4f49-8c22-7e13e7d0c46b@group-9B61112DF356-SegmentedRaftLogWorker] INFO  segmented.SegmentedRaftLogWorker (SegmentedRaftLogWorker.java:execute(569)) - 3557bb53-8e52-4f49-8c22-7e13e7d0c46b@group-9B61112DF356-SegmentedRaftLogWorker: created new log segment /workdir/hadoop-ozone/tools/target/test-dir/MiniOzoneClusterImpl-d492c611-0ad2-4a0b-a9b3-2cc170b19582/datanode-4/data/ratis/df4be8a5-58a3-4e2b-bdef-9b61112df356/current/log_inprogress_0
2019-09-26 13:37:56,475 [cdf4aa8b-8ba2-4318-b195-a0642de96b1e@group-855D728B83FF-SegmentedRaftLogWorker] INFO  segmented.SegmentedRaftLogWorker (SegmentedRaftLogWorker.java:execute(569)) - cdf4aa8b-8ba2-4318-b195-a0642de96b1e@group-855D728B83FF-SegmentedRaftLogWorker: created new log segment /workdir/hadoop-ozone/tools/target/test-dir/MiniOzoneClusterImpl-d492c611-0ad2-4a0b-a9b3-2cc170b19582/datanode-0/data/ratis/c32de29c-338d-4e4a-bd93-855d728b83ff/current/log_inprogress_0
2019-09-26 13:37:56,500 [Thread-234] INFO  impl.FollowerState (FollowerState.java:run(106)) - 07946d80-9a5e-4ca8-81a5-a2e240cd3767:group-A1FAB9181C7B changes to CANDIDATE, lastRpcTime:5028, electionTimeout:5028ms
2019-09-26 13:37:56,501 [Thread-234] INFO  impl.RoleInfo (RoleInfo.java:shutdownFollowerState(121)) - 07946d80-9a5e-4ca8-81a5-a2e240cd3767: shutdown FollowerState
2019-09-26 13:37:56,501 [Thread-234] INFO  impl.RaftServerImpl (RaftServerImpl.java:setRole(174)) - 07946d80-9a5e-4ca8-81a5-a2e240cd3767@group-A1FAB9181C7B: changes role from  FOLLOWER to CANDIDATE at term 0 for changeToCandidate
2019-09-26 13:37:56,501 [Thread-234] INFO  impl.RoleInfo (RoleInfo.java:updateAndGet(143)) - 07946d80-9a5e-4ca8-81a5-a2e240cd3767: start LeaderElection
2019-09-26 13:37:56,513 [Thread-231] INFO  impl.FollowerState (FollowerState.java:run(106)) - 07946d80-9a5e-4ca8-81a5-a2e240cd3767:group-707A7AC701A1 changes to CANDIDATE, lastRpcTime:5115, electionTimeout:5115ms
2019-09-26 13:37:56,514 [Thread-231] INFO  impl.RoleInfo (RoleInfo.java:shutdownFollowerState(121)) - 07946d80-9a5e-4ca8-81a5-a2e240cd3767: shutdown FollowerState
2019-09-26 13:37:56,514 [Thread-231] INFO  impl.RaftServerImpl (RaftServerImpl.java:setRole(174)) - 07946d80-9a5e-4ca8-81a5-a2e240cd3767@group-707A7AC701A1: changes role from  FOLLOWER to CANDIDATE at term 0 for changeToCandidate
2019-09-26 13:37:56,514 [Thread-231] INFO  impl.RoleInfo (RoleInfo.java:updateAndGet(143)) - 07946d80-9a5e-4ca8-81a5-a2e240cd3767: start LeaderElection
2019-09-26 13:37:56,521 [07946d80-9a5e-4ca8-81a5-a2e240cd3767@group-A1FAB9181C7B:LeaderElection8] INFO  impl.LeaderElection (LeaderElection.java:askForVotes(182)) - 07946d80-9a5e-4ca8-81a5-a2e240cd3767@group-A1FAB9181C7B:LeaderElection8: begin an election at term 1 for -1: [07946d80-9a5e-4ca8-81a5-a2e240cd3767:192.168.164.238:37441], old=null
2019-09-26 13:37:56,521 [07946d80-9a5e-4ca8-81a5-a2e240cd3767@group-A1FAB9181C7B:LeaderElection8] INFO  impl.RoleInfo (RoleInfo.java:shutdownLeaderElection(134)) - 07946d80-9a5e-4ca8-81a5-a2e240cd3767: shutdown LeaderElection
2019-09-26 13:37:56,521 [07946d80-9a5e-4ca8-81a5-a2e240cd3767@group-A1FAB9181C7B:LeaderElection8] INFO  impl.RaftServerImpl (RaftServerImpl.java:setRole(174)) - 07946d80-9a5e-4ca8-81a5-a2e240cd3767@group-A1FAB9181C7B: changes role from CANDIDATE to LEADER at term 1 for changeToLeader
2019-09-26 13:37:56,522 [07946d80-9a5e-4ca8-81a5-a2e240cd3767@group-A1FAB9181C7B:LeaderElection8] INFO  impl.RaftServerImpl (ServerState.java:setLeader(253)) - 07946d80-9a5e-4ca8-81a5-a2e240cd3767@group-A1FAB9181C7B: change Leader from null to 07946d80-9a5e-4ca8-81a5-a2e240cd3767 at term 1 for becomeLeader, leader elected after 5056ms
2019-09-26 13:37:56,523 [07946d80-9a5e-4ca8-81a5-a2e240cd3767@group-A1FAB9181C7B:LeaderElection8] INFO  server.RaftServerConfigKeys (ConfUtils.java:logGet(43)) - raft.server.staging.catchup.gap = 1000 (default)
2019-09-26 13:37:56,524 [07946d80-9a5e-4ca8-81a5-a2e240cd3767@group-A1FAB9181C7B:LeaderElection8] INFO  server.RaftServerConfigKeys (ConfUtils.java:logGet(43)) - raft.server.rpc.sleep.time = 25ms (default)
2019-09-26 13:37:56,524 [07946d80-9a5e-4ca8-81a5-a2e240cd3767@group-A1FAB9181C7B:LeaderElection8] INFO  server.RaftServerConfigKeys (ConfUtils.java:logGet(43)) - raft.server.write.element-limit = 4096 (default)
2019-09-26 13:37:56,524 [07946d80-9a5e-4ca8-81a5-a2e240cd3767@group-A1FAB9181C7B:LeaderElection8] INFO  server.RaftServerConfigKeys (ConfUtils.java:logGet(43)) - raft.server.watch.timeout = 10s (default)
2019-09-26 13:37:56,524 [07946d80-9a5e-4ca8-81a5-a2e240cd3767@group-A1FAB9181C7B:LeaderElection8] INFO  server.RaftServerConfigKeys (ConfUtils.java:logGet(43)) - raft.server.watch.timeout.denomination = 1s (default)
2019-09-26 13:37:56,524 [07946d80-9a5e-4ca8-81a5-a2e240cd3767@group-A1FAB9181C7B:LeaderElection8] INFO  server.RaftServerConfigKeys (ConfUtils.java:logGet(43)) - raft.server.watch.element-limit = 65536 (default)
2019-09-26 13:37:56,529 [07946d80-9a5e-4ca8-81a5-a2e240cd3767@group-A1FAB9181C7B:LeaderElection8] INFO  impl.RoleInfo (RoleInfo.java:updateAndGet(143)) - 07946d80-9a5e-4ca8-81a5-a2e240cd3767: start LeaderState
2019-09-26 13:37:56,530 [07946d80-9a5e-4ca8-81a5-a2e240cd3767@group-A1FAB9181C7B:LeaderElection8] INFO  segmented.SegmentedRaftLogWorker (SegmentedRaftLogWorker.java:startLogSegment(380)) - 07946d80-9a5e-4ca8-81a5-a2e240cd3767@group-A1FAB9181C7B-SegmentedRaftLogWorker: Starting segment from index:0
2019-09-26 13:37:56,531 [07946d80-9a5e-4ca8-81a5-a2e240cd3767@group-A1FAB9181C7B:LeaderElection8] INFO  impl.RaftServerImpl (ServerState.java:setRaftConf(354)) - 07946d80-9a5e-4ca8-81a5-a2e240cd3767@group-A1FAB9181C7B: set configuration 0: [07946d80-9a5e-4ca8-81a5-a2e240cd3767:192.168.164.238:37441], old=null at 0
2019-09-26 13:37:56,568 [07946d80-9a5e-4ca8-81a5-a2e240cd3767@group-707A7AC701A1:LeaderElection9] INFO  impl.LeaderElection (LeaderElection.java:askForVotes(182)) - 07946d80-9a5e-4ca8-81a5-a2e240cd3767@group-707A7AC701A1:LeaderElection9: begin an election at term 1 for -1: [07946d80-9a5e-4ca8-81a5-a2e240cd3767:192.168.164.238:37441], old=null
2019-09-26 13:37:56,569 [07946d80-9a5e-4ca8-81a5-a2e240cd3767@group-707A7AC701A1:LeaderElection9] INFO  impl.RoleInfo (RoleInfo.java:shutdownLeaderElection(134)) - 07946d80-9a5e-4ca8-81a5-a2e240cd3767: shutdown LeaderElection
2019-09-26 13:37:56,569 [07946d80-9a5e-4ca8-81a5-a2e240cd3767@group-707A7AC701A1:LeaderElection9] INFO  impl.RaftServerImpl (RaftServerImpl.java:setRole(174)) - 07946d80-9a5e-4ca8-81a5-a2e240cd3767@group-707A7AC701A1: changes role from CANDIDATE to LEADER at term 1 for changeToLeader
2019-09-26 13:37:56,569 [07946d80-9a5e-4ca8-81a5-a2e240cd3767@group-707A7AC701A1:LeaderElection9] INFO  impl.RaftServerImpl (ServerState.java:setLeader(253)) - 07946d80-9a5e-4ca8-81a5-a2e240cd3767@group-707A7AC701A1: change Leader from null to 07946d80-9a5e-4ca8-81a5-a2e240cd3767 at term 1 for becomeLeader, leader elected after 5180ms
2019-09-26 13:37:56,569 [07946d80-9a5e-4ca8-81a5-a2e240cd3767@group-707A7AC701A1:LeaderElection9] INFO  server.RaftServerConfigKeys (ConfUtils.java:logGet(43)) - raft.server.staging.catchup.gap = 1000 (default)
2019-09-26 13:37:56,569 [07946d80-9a5e-4ca8-81a5-a2e240cd3767@group-707A7AC701A1:LeaderElection9] INFO  server.RaftServerConfigKeys (ConfUtils.java:logGet(43)) - raft.server.rpc.sleep.time = 25ms (default)
2019-09-26 13:37:56,570 [07946d80-9a5e-4ca8-81a5-a2e240cd3767@group-707A7AC701A1:LeaderElection9] INFO  server.RaftServerConfigKeys (ConfUtils.java:logGet(43)) - raft.server.write.element-limit = 4096 (default)
2019-09-26 13:37:56,570 [07946d80-9a5e-4ca8-81a5-a2e240cd3767@group-707A7AC701A1:LeaderElection9] INFO  server.RaftServerConfigKeys (ConfUtils.java:logGet(43)) - raft.server.watch.timeout = 10s (default)
2019-09-26 13:37:56,570 [07946d80-9a5e-4ca8-81a5-a2e240cd3767@group-707A7AC701A1:LeaderElection9] INFO  server.RaftServerConfigKeys (ConfUtils.java:logGet(43)) - raft.server.watch.timeout.denomination = 1s (default)
2019-09-26 13:37:56,570 [07946d80-9a5e-4ca8-81a5-a2e240cd3767@group-707A7AC701A1:LeaderElection9] INFO  server.RaftServerConfigKeys (ConfUtils.java:logGet(43)) - raft.server.watch.element-limit = 65536 (default)
2019-09-26 13:37:56,574 [07946d80-9a5e-4ca8-81a5-a2e240cd3767@group-707A7AC701A1:LeaderElection9] INFO  impl.RoleInfo (RoleInfo.java:updateAndGet(143)) - 07946d80-9a5e-4ca8-81a5-a2e240cd3767: start LeaderState
2019-09-26 13:37:56,574 [07946d80-9a5e-4ca8-81a5-a2e240cd3767@group-707A7AC701A1:LeaderElection9] INFO  segmented.SegmentedRaftLogWorker (SegmentedRaftLogWorker.java:startLogSegment(380)) - 07946d80-9a5e-4ca8-81a5-a2e240cd3767@group-707A7AC701A1-SegmentedRaftLogWorker: Starting segment from index:0
2019-09-26 13:37:56,575 [07946d80-9a5e-4ca8-81a5-a2e240cd3767@group-707A7AC701A1:LeaderElection9] INFO  impl.RaftServerImpl (ServerState.java:setRaftConf(354)) - 07946d80-9a5e-4ca8-81a5-a2e240cd3767@group-707A7AC701A1: set configuration 0: [07946d80-9a5e-4ca8-81a5-a2e240cd3767:192.168.164.238:37441], old=null at 0
2019-09-26 13:37:56,617 [07946d80-9a5e-4ca8-81a5-a2e240cd3767@group-A1FAB9181C7B-SegmentedRaftLogWorker] INFO  segmented.SegmentedRaftLogWorker (SegmentedRaftLogWorker.java:execute(569)) - 07946d80-9a5e-4ca8-81a5-a2e240cd3767@group-A1FAB9181C7B-SegmentedRaftLogWorker: created new log segment /workdir/hadoop-ozone/tools/target/test-dir/MiniOzoneClusterImpl-d492c611-0ad2-4a0b-a9b3-2cc170b19582/datanode-1/data/ratis/070882a0-3dde-45f7-b8ea-a1fab9181c7b/current/log_inprogress_0
2019-09-26 13:37:56,628 [07946d80-9a5e-4ca8-81a5-a2e240cd3767@group-707A7AC701A1-SegmentedRaftLogWorker] INFO  segmented.SegmentedRaftLogWorker (SegmentedRaftLogWorker.java:execute(569)) - 07946d80-9a5e-4ca8-81a5-a2e240cd3767@group-707A7AC701A1-SegmentedRaftLogWorker: created new log segment /workdir/hadoop-ozone/tools/target/test-dir/MiniOzoneClusterImpl-d492c611-0ad2-4a0b-a9b3-2cc170b19582/datanode-1/data/ratis/0f151436-846b-4dfa-ae7e-707a7ac701a1/current/log_inprogress_0
2019-09-26 13:37:56,678 [Thread-237] INFO  impl.FollowerState (FollowerState.java:run(106)) - cdf4aa8b-8ba2-4318-b195-a0642de96b1e:group-3A30BFCC7382 changes to CANDIDATE, lastRpcTime:5143, electionTimeout:5143ms
2019-09-26 13:37:56,679 [Thread-237] INFO  impl.RoleInfo (RoleInfo.java:shutdownFollowerState(121)) - cdf4aa8b-8ba2-4318-b195-a0642de96b1e: shutdown FollowerState
2019-09-26 13:37:56,679 [Thread-237] INFO  impl.RaftServerImpl (RaftServerImpl.java:setRole(174)) - cdf4aa8b-8ba2-4318-b195-a0642de96b1e@group-3A30BFCC7382: changes role from  FOLLOWER to CANDIDATE at term 0 for changeToCandidate
2019-09-26 13:37:56,679 [Thread-237] INFO  impl.RoleInfo (RoleInfo.java:updateAndGet(143)) - cdf4aa8b-8ba2-4318-b195-a0642de96b1e: start LeaderElection
2019-09-26 13:37:56,689 [Thread-241] INFO  impl.FollowerState (FollowerState.java:run(106)) - cdf4aa8b-8ba2-4318-b195-a0642de96b1e:group-D5C113C70DF2 changes to CANDIDATE, lastRpcTime:5088, electionTimeout:5088ms
2019-09-26 13:37:56,690 [Thread-241] INFO  impl.RoleInfo (RoleInfo.java:shutdownFollowerState(121)) - cdf4aa8b-8ba2-4318-b195-a0642de96b1e: shutdown FollowerState
2019-09-26 13:37:56,690 [Thread-241] INFO  impl.RaftServerImpl (RaftServerImpl.java:setRole(174)) - cdf4aa8b-8ba2-4318-b195-a0642de96b1e@group-D5C113C70DF2: changes role from  FOLLOWER to CANDIDATE at term 0 for changeToCandidate
2019-09-26 13:37:56,690 [Thread-241] INFO  impl.RoleInfo (RoleInfo.java:updateAndGet(143)) - cdf4aa8b-8ba2-4318-b195-a0642de96b1e: start LeaderElection
2019-09-26 13:37:56,697 [cdf4aa8b-8ba2-4318-b195-a0642de96b1e@group-3A30BFCC7382:LeaderElection10] INFO  impl.LeaderElection (LeaderElection.java:askForVotes(182)) - cdf4aa8b-8ba2-4318-b195-a0642de96b1e@group-3A30BFCC7382:LeaderElection10: begin an election at term 1 for -1: [cdf4aa8b-8ba2-4318-b195-a0642de96b1e:192.168.164.238:45948], old=null
2019-09-26 13:37:56,697 [cdf4aa8b-8ba2-4318-b195-a0642de96b1e@group-D5C113C70DF2:LeaderElection11] INFO  impl.LeaderElection (LeaderElection.java:askForVotes(182)) - cdf4aa8b-8ba2-4318-b195-a0642de96b1e@group-D5C113C70DF2:LeaderElection11: begin an election at term 1 for -1: [cdf4aa8b-8ba2-4318-b195-a0642de96b1e:192.168.164.238:45948], old=null
2019-09-26 13:37:56,698 [cdf4aa8b-8ba2-4318-b195-a0642de96b1e@group-3A30BFCC7382:LeaderElection10] INFO  impl.RoleInfo (RoleInfo.java:shutdownLeaderElection(134)) - cdf4aa8b-8ba2-4318-b195-a0642de96b1e: shutdown LeaderElection
2019-09-26 13:37:56,698 [cdf4aa8b-8ba2-4318-b195-a0642de96b1e@group-D5C113C70DF2:LeaderElection11] INFO  impl.RoleInfo (RoleInfo.java:shutdownLeaderElection(134)) - cdf4aa8b-8ba2-4318-b195-a0642de96b1e: shutdown LeaderElection
2019-09-26 13:37:56,698 [cdf4aa8b-8ba2-4318-b195-a0642de96b1e@group-3A30BFCC7382:LeaderElection10] INFO  impl.RaftServerImpl (RaftServerImpl.java:setRole(174)) - cdf4aa8b-8ba2-4318-b195-a0642de96b1e@group-3A30BFCC7382: changes role from CANDIDATE to LEADER at term 1 for changeToLeader
2019-09-26 13:37:56,698 [cdf4aa8b-8ba2-4318-b195-a0642de96b1e@group-D5C113C70DF2:LeaderElection11] INFO  impl.RaftServerImpl (RaftServerImpl.java:setRole(174)) - cdf4aa8b-8ba2-4318-b195-a0642de96b1e@group-D5C113C70DF2: changes role from CANDIDATE to LEADER at term 1 for changeToLeader
2019-09-26 13:37:56,698 [cdf4aa8b-8ba2-4318-b195-a0642de96b1e@group-3A30BFCC7382:LeaderElection10] INFO  impl.RaftServerImpl (ServerState.java:setLeader(253)) - cdf4aa8b-8ba2-4318-b195-a0642de96b1e@group-3A30BFCC7382: change Leader from null to cdf4aa8b-8ba2-4318-b195-a0642de96b1e at term 1 for becomeLeader, leader elected after 5172ms
2019-09-26 13:37:56,698 [cdf4aa8b-8ba2-4318-b195-a0642de96b1e@group-D5C113C70DF2:LeaderElection11] INFO  impl.RaftServerImpl (ServerState.java:setLeader(253)) - cdf4aa8b-8ba2-4318-b195-a0642de96b1e@group-D5C113C70DF2: change Leader from null to cdf4aa8b-8ba2-4318-b195-a0642de96b1e at term 1 for becomeLeader, leader elected after 5111ms
2019-09-26 13:37:56,698 [cdf4aa8b-8ba2-4318-b195-a0642de96b1e@group-3A30BFCC7382:LeaderElection10] INFO  server.RaftServerConfigKeys (ConfUtils.java:logGet(43)) - raft.server.staging.catchup.gap = 1000 (default)
2019-09-26 13:37:56,699 [cdf4aa8b-8ba2-4318-b195-a0642de96b1e@group-D5C113C70DF2:LeaderElection11] INFO  server.RaftServerConfigKeys (ConfUtils.java:logGet(43)) - raft.server.staging.catchup.gap = 1000 (default)
2019-09-26 13:37:56,699 [cdf4aa8b-8ba2-4318-b195-a0642de96b1e@group-3A30BFCC7382:LeaderElection10] INFO  server.RaftServerConfigKeys (ConfUtils.java:logGet(43)) - raft.server.rpc.sleep.time = 25ms (default)
2019-09-26 13:37:56,699 [cdf4aa8b-8ba2-4318-b195-a0642de96b1e@group-D5C113C70DF2:LeaderElection11] INFO  server.RaftServerConfigKeys (ConfUtils.java:logGet(43)) - raft.server.rpc.sleep.time = 25ms (default)
2019-09-26 13:37:56,699 [cdf4aa8b-8ba2-4318-b195-a0642de96b1e@group-3A30BFCC7382:LeaderElection10] INFO  server.RaftServerConfigKeys (ConfUtils.java:logGet(43)) - raft.server.write.element-limit = 4096 (default)
2019-09-26 13:37:56,699 [cdf4aa8b-8ba2-4318-b195-a0642de96b1e@group-D5C113C70DF2:LeaderElection11] INFO  server.RaftServerConfigKeys (ConfUtils.java:logGet(43)) - raft.server.write.element-limit = 4096 (default)
2019-09-26 13:37:56,699 [cdf4aa8b-8ba2-4318-b195-a0642de96b1e@group-3A30BFCC7382:LeaderElection10] INFO  server.RaftServerConfigKeys (ConfUtils.java:logGet(43)) - raft.server.watch.timeout = 10s (default)
2019-09-26 13:37:56,699 [cdf4aa8b-8ba2-4318-b195-a0642de96b1e@group-D5C113C70DF2:LeaderElection11] INFO  server.RaftServerConfigKeys (ConfUtils.java:logGet(43)) - raft.server.watch.timeout = 10s (default)
2019-09-26 13:37:56,700 [cdf4aa8b-8ba2-4318-b195-a0642de96b1e@group-3A30BFCC7382:LeaderElection10] INFO  server.RaftServerConfigKeys (ConfUtils.java:logGet(43)) - raft.server.watch.timeout.denomination = 1s (default)
2019-09-26 13:37:56,700 [cdf4aa8b-8ba2-4318-b195-a0642de96b1e@group-D5C113C70DF2:LeaderElection11] INFO  server.RaftServerConfigKeys (ConfUtils.java:logGet(43)) - raft.server.watch.timeout.denomination = 1s (default)
2019-09-26 13:37:56,700 [cdf4aa8b-8ba2-4318-b195-a0642de96b1e@group-3A30BFCC7382:LeaderElection10] INFO  server.RaftServerConfigKeys (ConfUtils.java:logGet(43)) - raft.server.watch.element-limit = 65536 (default)
2019-09-26 13:37:56,700 [cdf4aa8b-8ba2-4318-b195-a0642de96b1e@group-D5C113C70DF2:LeaderElection11] INFO  server.RaftServerConfigKeys (ConfUtils.java:logGet(43)) - raft.server.watch.element-limit = 65536 (default)
2019-09-26 13:37:56,704 [cdf4aa8b-8ba2-4318-b195-a0642de96b1e@group-3A30BFCC7382:LeaderElection10] INFO  impl.RoleInfo (RoleInfo.java:updateAndGet(143)) - cdf4aa8b-8ba2-4318-b195-a0642de96b1e: start LeaderState
2019-09-26 13:37:56,705 [cdf4aa8b-8ba2-4318-b195-a0642de96b1e@group-D5C113C70DF2:LeaderElection11] INFO  impl.RoleInfo (RoleInfo.java:updateAndGet(143)) - cdf4aa8b-8ba2-4318-b195-a0642de96b1e: start LeaderState
2019-09-26 13:37:56,705 [cdf4aa8b-8ba2-4318-b195-a0642de96b1e@group-3A30BFCC7382:LeaderElection10] INFO  segmented.SegmentedRaftLogWorker (SegmentedRaftLogWorker.java:startLogSegment(380)) - cdf4aa8b-8ba2-4318-b195-a0642de96b1e@group-3A30BFCC7382-SegmentedRaftLogWorker: Starting segment from index:0
2019-09-26 13:37:56,705 [cdf4aa8b-8ba2-4318-b195-a0642de96b1e@group-D5C113C70DF2:LeaderElection11] INFO  segmented.SegmentedRaftLogWorker (SegmentedRaftLogWorker.java:startLogSegment(380)) - cdf4aa8b-8ba2-4318-b195-a0642de96b1e@group-D5C113C70DF2-SegmentedRaftLogWorker: Starting segment from index:0
2019-09-26 13:37:56,705 [cdf4aa8b-8ba2-4318-b195-a0642de96b1e@group-3A30BFCC7382:LeaderElection10] INFO  impl.RaftServerImpl (ServerState.java:setRaftConf(354)) - cdf4aa8b-8ba2-4318-b195-a0642de96b1e@group-3A30BFCC7382: set configuration 0: [cdf4aa8b-8ba2-4318-b195-a0642de96b1e:192.168.164.238:45948], old=null at 0
2019-09-26 13:37:56,745 [Thread-247] INFO  impl.FollowerState (FollowerState.java:run(106)) - cdf4aa8b-8ba2-4318-b195-a0642de96b1e:group-7121A15A10DC changes to CANDIDATE, lastRpcTime:5037, electionTimeout:5032ms
2019-09-26 13:37:56,746 [cdf4aa8b-8ba2-4318-b195-a0642de96b1e@group-D5C113C70DF2:LeaderElection11] INFO  impl.RaftServerImpl (ServerState.java:setRaftConf(354)) - cdf4aa8b-8ba2-4318-b195-a0642de96b1e@group-D5C113C70DF2: set configuration 0: [cdf4aa8b-8ba2-4318-b195-a0642de96b1e:192.168.164.238:45948], old=null at 0
2019-09-26 13:37:56,796 [Thread-247] INFO  impl.RoleInfo (RoleInfo.java:shutdownFollowerState(121)) - cdf4aa8b-8ba2-4318-b195-a0642de96b1e: shutdown FollowerState
2019-09-26 13:37:56,795 [cdf4aa8b-8ba2-4318-b195-a0642de96b1e@group-3A30BFCC7382-SegmentedRaftLogWorker] INFO  segmented.SegmentedRaftLogWorker (SegmentedRaftLogWorker.java:execute(569)) - cdf4aa8b-8ba2-4318-b195-a0642de96b1e@group-3A30BFCC7382-SegmentedRaftLogWorker: created new log segment /workdir/hadoop-ozone/tools/target/test-dir/MiniOzoneClusterImpl-d492c611-0ad2-4a0b-a9b3-2cc170b19582/datanode-0/data/ratis/90360965-7f21-41dd-ba02-3a30bfcc7382/current/log_inprogress_0
2019-09-26 13:37:56,797 [Thread-247] INFO  impl.RaftServerImpl (RaftServerImpl.java:setRole(174)) - cdf4aa8b-8ba2-4318-b195-a0642de96b1e@group-7121A15A10DC: changes role from  FOLLOWER to CANDIDATE at term 0 for changeToCandidate
2019-09-26 13:37:56,798 [Thread-247] INFO  impl.RoleInfo (RoleInfo.java:updateAndGet(143)) - cdf4aa8b-8ba2-4318-b195-a0642de96b1e: start LeaderElection
2019-09-26 13:37:56,810 [cdf4aa8b-8ba2-4318-b195-a0642de96b1e@group-D5C113C70DF2-SegmentedRaftLogWorker] INFO  segmented.SegmentedRaftLogWorker (SegmentedRaftLogWorker.java:execute(569)) - cdf4aa8b-8ba2-4318-b195-a0642de96b1e@group-D5C113C70DF2-SegmentedRaftLogWorker: created new log segment /workdir/hadoop-ozone/tools/target/test-dir/MiniOzoneClusterImpl-d492c611-0ad2-4a0b-a9b3-2cc170b19582/datanode-0/data/ratis/18f536e5-7916-414c-a73f-d5c113c70df2/current/log_inprogress_0
2019-09-26 13:37:56,810 [cdf4aa8b-8ba2-4318-b195-a0642de96b1e@group-7121A15A10DC:LeaderElection12] INFO  impl.LeaderElection (LeaderElection.java:askForVotes(182)) - cdf4aa8b-8ba2-4318-b195-a0642de96b1e@group-7121A15A10DC:LeaderElection12: begin an election at term 1 for -1: [cdf4aa8b-8ba2-4318-b195-a0642de96b1e:192.168.164.238:45948], old=null
2019-09-26 13:37:56,810 [cdf4aa8b-8ba2-4318-b195-a0642de96b1e@group-7121A15A10DC:LeaderElection12] INFO  impl.RoleInfo (RoleInfo.java:shutdownLeaderElection(134)) - cdf4aa8b-8ba2-4318-b195-a0642de96b1e: shutdown LeaderElection
2019-09-26 13:37:56,811 [cdf4aa8b-8ba2-4318-b195-a0642de96b1e@group-7121A15A10DC:LeaderElection12] INFO  impl.RaftServerImpl (RaftServerImpl.java:setRole(174)) - cdf4aa8b-8ba2-4318-b195-a0642de96b1e@group-7121A15A10DC: changes role from CANDIDATE to LEADER at term 1 for changeToLeader
2019-09-26 13:37:56,811 [cdf4aa8b-8ba2-4318-b195-a0642de96b1e@group-7121A15A10DC:LeaderElection12] INFO  impl.RaftServerImpl (ServerState.java:setLeader(253)) - cdf4aa8b-8ba2-4318-b195-a0642de96b1e@group-7121A15A10DC: change Leader from null to cdf4aa8b-8ba2-4318-b195-a0642de96b1e at term 1 for becomeLeader, leader elected after 5108ms
2019-09-26 13:37:56,811 [cdf4aa8b-8ba2-4318-b195-a0642de96b1e@group-7121A15A10DC:LeaderElection12] INFO  server.RaftServerConfigKeys (ConfUtils.java:logGet(43)) - raft.server.staging.catchup.gap = 1000 (default)
2019-09-26 13:37:56,811 [cdf4aa8b-8ba2-4318-b195-a0642de96b1e@group-7121A15A10DC:LeaderElection12] INFO  server.RaftServerConfigKeys (ConfUtils.java:logGet(43)) - raft.server.rpc.sleep.time = 25ms (default)
2019-09-26 13:37:56,811 [cdf4aa8b-8ba2-4318-b195-a0642de96b1e@group-7121A15A10DC:LeaderElection12] INFO  server.RaftServerConfigKeys (ConfUtils.java:logGet(43)) - raft.server.write.element-limit = 4096 (default)
2019-09-26 13:37:56,811 [cdf4aa8b-8ba2-4318-b195-a0642de96b1e@group-7121A15A10DC:LeaderElection12] INFO  server.RaftServerConfigKeys (ConfUtils.java:logGet(43)) - raft.server.watch.timeout = 10s (default)
2019-09-26 13:37:56,812 [cdf4aa8b-8ba2-4318-b195-a0642de96b1e@group-7121A15A10DC:LeaderElection12] INFO  server.RaftServerConfigKeys (ConfUtils.java:logGet(43)) - raft.server.watch.timeout.denomination = 1s (default)
2019-09-26 13:37:56,812 [cdf4aa8b-8ba2-4318-b195-a0642de96b1e@group-7121A15A10DC:LeaderElection12] INFO  server.RaftServerConfigKeys (ConfUtils.java:logGet(43)) - raft.server.watch.element-limit = 65536 (default)
2019-09-26 13:37:56,815 [cdf4aa8b-8ba2-4318-b195-a0642de96b1e@group-7121A15A10DC:LeaderElection12] INFO  impl.RoleInfo (RoleInfo.java:updateAndGet(143)) - cdf4aa8b-8ba2-4318-b195-a0642de96b1e: start LeaderState
2019-09-26 13:37:56,815 [cdf4aa8b-8ba2-4318-b195-a0642de96b1e@group-7121A15A10DC:LeaderElection12] INFO  segmented.SegmentedRaftLogWorker (SegmentedRaftLogWorker.java:startLogSegment(380)) - cdf4aa8b-8ba2-4318-b195-a0642de96b1e@group-7121A15A10DC-SegmentedRaftLogWorker: Starting segment from index:0
2019-09-26 13:37:56,816 [cdf4aa8b-8ba2-4318-b195-a0642de96b1e@group-7121A15A10DC:LeaderElection12] INFO  impl.RaftServerImpl (ServerState.java:setRaftConf(354)) - cdf4aa8b-8ba2-4318-b195-a0642de96b1e@group-7121A15A10DC: set configuration 0: [cdf4aa8b-8ba2-4318-b195-a0642de96b1e:192.168.164.238:45948], old=null at 0
2019-09-26 13:37:56,850 [Thread-244] INFO  impl.FollowerState (FollowerState.java:run(106)) - 3b4472a9-0ad3-4b35-90c6-43d323919912:group-5BA64A3496D2 changes to CANDIDATE, lastRpcTime:5188, electionTimeout:5158ms
2019-09-26 13:37:56,851 [Thread-244] INFO  impl.RoleInfo (RoleInfo.java:shutdownFollowerState(121)) - 3b4472a9-0ad3-4b35-90c6-43d323919912: shutdown FollowerState
2019-09-26 13:37:56,851 [Thread-244] INFO  impl.RaftServerImpl (RaftServerImpl.java:setRole(174)) - 3b4472a9-0ad3-4b35-90c6-43d323919912@group-5BA64A3496D2: changes role from  FOLLOWER to CANDIDATE at term 0 for changeToCandidate
2019-09-26 13:37:56,851 [Thread-244] INFO  impl.RoleInfo (RoleInfo.java:updateAndGet(143)) - 3b4472a9-0ad3-4b35-90c6-43d323919912: start LeaderElection
2019-09-26 13:37:56,863 [cdf4aa8b-8ba2-4318-b195-a0642de96b1e@group-7121A15A10DC-SegmentedRaftLogWorker] INFO  segmented.SegmentedRaftLogWorker (SegmentedRaftLogWorker.java:execute(569)) - cdf4aa8b-8ba2-4318-b195-a0642de96b1e@group-7121A15A10DC-SegmentedRaftLogWorker: created new log segment /workdir/hadoop-ozone/tools/target/test-dir/MiniOzoneClusterImpl-d492c611-0ad2-4a0b-a9b3-2cc170b19582/datanode-0/data/ratis/cbd1a89c-0588-405e-b3c8-7121a15a10dc/current/log_inprogress_0
2019-09-26 13:37:56,863 [3b4472a9-0ad3-4b35-90c6-43d323919912@group-5BA64A3496D2:LeaderElection13] INFO  impl.LeaderElection (LeaderElection.java:askForVotes(182)) - 3b4472a9-0ad3-4b35-90c6-43d323919912@group-5BA64A3496D2:LeaderElection13: begin an election at term 1 for -1: [3b4472a9-0ad3-4b35-90c6-43d323919912:192.168.164.238:38188], old=null
2019-09-26 13:37:56,864 [3b4472a9-0ad3-4b35-90c6-43d323919912@group-5BA64A3496D2:LeaderElection13] INFO  impl.RoleInfo (RoleInfo.java:shutdownLeaderElection(134)) - 3b4472a9-0ad3-4b35-90c6-43d323919912: shutdown LeaderElection
2019-09-26 13:37:56,864 [3b4472a9-0ad3-4b35-90c6-43d323919912@group-5BA64A3496D2:LeaderElection13] INFO  impl.RaftServerImpl (RaftServerImpl.java:setRole(174)) - 3b4472a9-0ad3-4b35-90c6-43d323919912@group-5BA64A3496D2: changes role from CANDIDATE to LEADER at term 1 for changeToLeader
2019-09-26 13:37:56,864 [3b4472a9-0ad3-4b35-90c6-43d323919912@group-5BA64A3496D2:LeaderElection13] INFO  impl.RaftServerImpl (ServerState.java:setLeader(253)) - 3b4472a9-0ad3-4b35-90c6-43d323919912@group-5BA64A3496D2: change Leader from null to 3b4472a9-0ad3-4b35-90c6-43d323919912 at term 1 for becomeLeader, leader elected after 5209ms
2019-09-26 13:37:56,864 [3b4472a9-0ad3-4b35-90c6-43d323919912@group-5BA64A3496D2:LeaderElection13] INFO  server.RaftServerConfigKeys (ConfUtils.java:logGet(43)) - raft.server.staging.catchup.gap = 1000 (default)
2019-09-26 13:37:56,864 [3b4472a9-0ad3-4b35-90c6-43d323919912@group-5BA64A3496D2:LeaderElection13] INFO  server.RaftServerConfigKeys (ConfUtils.java:logGet(43)) - raft.server.rpc.sleep.time = 25ms (default)
2019-09-26 13:37:56,864 [3b4472a9-0ad3-4b35-90c6-43d323919912@group-5BA64A3496D2:LeaderElection13] INFO  server.RaftServerConfigKeys (ConfUtils.java:logGet(43)) - raft.server.write.element-limit = 4096 (default)
2019-09-26 13:37:56,865 [3b4472a9-0ad3-4b35-90c6-43d323919912@group-5BA64A3496D2:LeaderElection13] INFO  server.RaftServerConfigKeys (ConfUtils.java:logGet(43)) - raft.server.watch.timeout = 10s (default)
2019-09-26 13:37:56,865 [3b4472a9-0ad3-4b35-90c6-43d323919912@group-5BA64A3496D2:LeaderElection13] INFO  server.RaftServerConfigKeys (ConfUtils.java:logGet(43)) - raft.server.watch.timeout.denomination = 1s (default)
2019-09-26 13:37:56,865 [3b4472a9-0ad3-4b35-90c6-43d323919912@group-5BA64A3496D2:LeaderElection13] INFO  server.RaftServerConfigKeys (ConfUtils.java:logGet(43)) - raft.server.watch.element-limit = 65536 (default)
2019-09-26 13:37:56,868 [3b4472a9-0ad3-4b35-90c6-43d323919912@group-5BA64A3496D2:LeaderElection13] INFO  impl.RoleInfo (RoleInfo.java:updateAndGet(143)) - 3b4472a9-0ad3-4b35-90c6-43d323919912: start LeaderState
2019-09-26 13:37:56,868 [3b4472a9-0ad3-4b35-90c6-43d323919912@group-5BA64A3496D2:LeaderElection13] INFO  segmented.SegmentedRaftLogWorker (SegmentedRaftLogWorker.java:startLogSegment(380)) - 3b4472a9-0ad3-4b35-90c6-43d323919912@group-5BA64A3496D2-SegmentedRaftLogWorker: Starting segment from index:0
2019-09-26 13:37:56,868 [3b4472a9-0ad3-4b35-90c6-43d323919912@group-5BA64A3496D2:LeaderElection13] INFO  impl.RaftServerImpl (ServerState.java:setRaftConf(354)) - 3b4472a9-0ad3-4b35-90c6-43d323919912@group-5BA64A3496D2: set configuration 0: [3b4472a9-0ad3-4b35-90c6-43d323919912:192.168.164.238:38188], old=null at 0
2019-09-26 13:37:56,907 [Thread-250] INFO  impl.FollowerState (FollowerState.java:run(106)) - cdf4aa8b-8ba2-4318-b195-a0642de96b1e:group-02A910073BBC changes to CANDIDATE, lastRpcTime:5144, electionTimeout:5127ms
2019-09-26 13:37:56,907 [Thread-250] INFO  impl.RoleInfo (RoleInfo.java:shutdownFollowerState(121)) - cdf4aa8b-8ba2-4318-b195-a0642de96b1e: shutdown FollowerState
2019-09-26 13:37:56,908 [Thread-250] INFO  impl.RaftServerImpl (RaftServerImpl.java:setRole(174)) - cdf4aa8b-8ba2-4318-b195-a0642de96b1e@group-02A910073BBC: changes role from  FOLLOWER to CANDIDATE at term 0 for changeToCandidate
2019-09-26 13:37:56,908 [Thread-250] INFO  impl.RoleInfo (RoleInfo.java:updateAndGet(143)) - cdf4aa8b-8ba2-4318-b195-a0642de96b1e: start LeaderElection
2019-09-26 13:37:56,919 [3b4472a9-0ad3-4b35-90c6-43d323919912@group-5BA64A3496D2-SegmentedRaftLogWorker] INFO  segmented.SegmentedRaftLogWorker (SegmentedRaftLogWorker.java:execute(569)) - 3b4472a9-0ad3-4b35-90c6-43d323919912@group-5BA64A3496D2-SegmentedRaftLogWorker: created new log segment /workdir/hadoop-ozone/tools/target/test-dir/MiniOzoneClusterImpl-d492c611-0ad2-4a0b-a9b3-2cc170b19582/datanode-2/data/ratis/3ca0e392-e4b2-4b68-bf20-5ba64a3496d2/current/log_inprogress_0
2019-09-26 13:37:56,919 [cdf4aa8b-8ba2-4318-b195-a0642de96b1e@group-02A910073BBC:LeaderElection14] INFO  impl.LeaderElection (LeaderElection.java:askForVotes(182)) - cdf4aa8b-8ba2-4318-b195-a0642de96b1e@group-02A910073BBC:LeaderElection14: begin an election at term 1 for -1: [cdf4aa8b-8ba2-4318-b195-a0642de96b1e:192.168.164.238:45948], old=null
2019-09-26 13:37:56,920 [cdf4aa8b-8ba2-4318-b195-a0642de96b1e@group-02A910073BBC:LeaderElection14] INFO  impl.RoleInfo (RoleInfo.java:shutdownLeaderElection(134)) - cdf4aa8b-8ba2-4318-b195-a0642de96b1e: shutdown LeaderElection
2019-09-26 13:37:56,920 [cdf4aa8b-8ba2-4318-b195-a0642de96b1e@group-02A910073BBC:LeaderElection14] INFO  impl.RaftServerImpl (RaftServerImpl.java:setRole(174)) - cdf4aa8b-8ba2-4318-b195-a0642de96b1e@group-02A910073BBC: changes role from CANDIDATE to LEADER at term 1 for changeToLeader
2019-09-26 13:37:56,920 [cdf4aa8b-8ba2-4318-b195-a0642de96b1e@group-02A910073BBC:LeaderElection14] INFO  impl.RaftServerImpl (ServerState.java:setLeader(253)) - cdf4aa8b-8ba2-4318-b195-a0642de96b1e@group-02A910073BBC: change Leader from null to cdf4aa8b-8ba2-4318-b195-a0642de96b1e at term 1 for becomeLeader, leader elected after 5163ms
2019-09-26 13:37:56,920 [cdf4aa8b-8ba2-4318-b195-a0642de96b1e@group-02A910073BBC:LeaderElection14] INFO  server.RaftServerConfigKeys (ConfUtils.java:logGet(43)) - raft.server.staging.catchup.gap = 1000 (default)
2019-09-26 13:37:56,920 [cdf4aa8b-8ba2-4318-b195-a0642de96b1e@group-02A910073BBC:LeaderElection14] INFO  server.RaftServerConfigKeys (ConfUtils.java:logGet(43)) - raft.server.rpc.sleep.time = 25ms (default)
2019-09-26 13:37:56,921 [cdf4aa8b-8ba2-4318-b195-a0642de96b1e@group-02A910073BBC:LeaderElection14] INFO  server.RaftServerConfigKeys (ConfUtils.java:logGet(43)) - raft.server.write.element-limit = 4096 (default)
2019-09-26 13:37:56,921 [cdf4aa8b-8ba2-4318-b195-a0642de96b1e@group-02A910073BBC:LeaderElection14] INFO  server.RaftServerConfigKeys (ConfUtils.java:logGet(43)) - raft.server.watch.timeout = 10s (default)
2019-09-26 13:37:56,921 [cdf4aa8b-8ba2-4318-b195-a0642de96b1e@group-02A910073BBC:LeaderElection14] INFO  server.RaftServerConfigKeys (ConfUtils.java:logGet(43)) - raft.server.watch.timeout.denomination = 1s (default)
2019-09-26 13:37:56,921 [cdf4aa8b-8ba2-4318-b195-a0642de96b1e@group-02A910073BBC:LeaderElection14] INFO  server.RaftServerConfigKeys (ConfUtils.java:logGet(43)) - raft.server.watch.element-limit = 65536 (default)
2019-09-26 13:37:56,924 [cdf4aa8b-8ba2-4318-b195-a0642de96b1e@group-02A910073BBC:LeaderElection14] INFO  impl.RoleInfo (RoleInfo.java:updateAndGet(143)) - cdf4aa8b-8ba2-4318-b195-a0642de96b1e: start LeaderState
2019-09-26 13:37:56,924 [cdf4aa8b-8ba2-4318-b195-a0642de96b1e@group-02A910073BBC:LeaderElection14] INFO  segmented.SegmentedRaftLogWorker (SegmentedRaftLogWorker.java:startLogSegment(380)) - cdf4aa8b-8ba2-4318-b195-a0642de96b1e@group-02A910073BBC-SegmentedRaftLogWorker: Starting segment from index:0
2019-09-26 13:37:56,924 [cdf4aa8b-8ba2-4318-b195-a0642de96b1e@group-02A910073BBC:LeaderElection14] INFO  impl.RaftServerImpl (ServerState.java:setRaftConf(354)) - cdf4aa8b-8ba2-4318-b195-a0642de96b1e@group-02A910073BBC: set configuration 0: [cdf4aa8b-8ba2-4318-b195-a0642de96b1e:192.168.164.238:45948], old=null at 0
2019-09-26 13:37:56,965 [cdf4aa8b-8ba2-4318-b195-a0642de96b1e@group-02A910073BBC-SegmentedRaftLogWorker] INFO  segmented.SegmentedRaftLogWorker (SegmentedRaftLogWorker.java:execute(569)) - cdf4aa8b-8ba2-4318-b195-a0642de96b1e@group-02A910073BBC-SegmentedRaftLogWorker: created new log segment /workdir/hadoop-ozone/tools/target/test-dir/MiniOzoneClusterImpl-d492c611-0ad2-4a0b-a9b3-2cc170b19582/datanode-0/data/ratis/cddcb5c9-8946-45b1-a981-02a910073bbc/current/log_inprogress_0
 100.00% |█████████████████████████████████████████████████████████████████████████████████████████████████████|  1/1 Time: 0:00:05
2019-09-26 13:37:56,991 [Thread-254] INFO  impl.FollowerState (FollowerState.java:run(106)) - 3557bb53-8e52-4f49-8c22-7e13e7d0c46b:group-A69677D9F45A changes to CANDIDATE, lastRpcTime:5162, electionTimeout:5162ms
2019-09-26 13:37:56,992 [Thread-254] INFO  impl.RoleInfo (RoleInfo.java:shutdownFollowerState(121)) - 3557bb53-8e52-4f49-8c22-7e13e7d0c46b: shutdown FollowerState
2019-09-26 13:37:56,992 [Thread-254] INFO  impl.RaftServerImpl (RaftServerImpl.java:setRole(174)) - 3557bb53-8e52-4f49-8c22-7e13e7d0c46b@group-A69677D9F45A: changes role from  FOLLOWER to CANDIDATE at term 0 for changeToCandidate
2019-09-26 13:37:56,992 [Thread-254] INFO  impl.RoleInfo (RoleInfo.java:updateAndGet(143)) - 3557bb53-8e52-4f49-8c22-7e13e7d0c46b: start LeaderElection
2019-09-26 13:37:57,001 [Thread-260] INFO  impl.FollowerState (FollowerState.java:run(106)) - 3b4472a9-0ad3-4b35-90c6-43d323919912:group-FBC232236CD8 changes to CANDIDATE, lastRpcTime:5051, electionTimeout:5051ms
2019-09-26 13:37:57,001 [Thread-260] INFO  impl.RoleInfo (RoleInfo.java:shutdownFollowerState(121)) - 3b4472a9-0ad3-4b35-90c6-43d323919912: shutdown FollowerState
2019-09-26 13:37:57,002 [Thread-260] INFO  impl.RaftServerImpl (RaftServerImpl.java:setRole(174)) - 3b4472a9-0ad3-4b35-90c6-43d323919912@group-FBC232236CD8: changes role from  FOLLOWER to CANDIDATE at term 0 for changeToCandidate
2019-09-26 13:37:57,002 [Thread-260] INFO  impl.RoleInfo (RoleInfo.java:updateAndGet(143)) - 3b4472a9-0ad3-4b35-90c6-43d323919912: start LeaderElection
2019-09-26 13:37:57,007 [3557bb53-8e52-4f49-8c22-7e13e7d0c46b@group-A69677D9F45A:LeaderElection15] INFO  impl.LeaderElection (LeaderElection.java:askForVotes(182)) - 3557bb53-8e52-4f49-8c22-7e13e7d0c46b@group-A69677D9F45A:LeaderElection15: begin an election at term 1 for -1: [3557bb53-8e52-4f49-8c22-7e13e7d0c46b:192.168.164.238:39348], old=null
2019-09-26 13:37:57,007 [3557bb53-8e52-4f49-8c22-7e13e7d0c46b@group-A69677D9F45A:LeaderElection15] INFO  impl.RoleInfo (RoleInfo.java:shutdownLeaderElection(134)) - 3557bb53-8e52-4f49-8c22-7e13e7d0c46b: shutdown LeaderElection
2019-09-26 13:37:57,007 [3557bb53-8e52-4f49-8c22-7e13e7d0c46b@group-A69677D9F45A:LeaderElection15] INFO  impl.RaftServerImpl (RaftServerImpl.java:setRole(174)) - 3557bb53-8e52-4f49-8c22-7e13e7d0c46b@group-A69677D9F45A: changes role from CANDIDATE to LEADER at term 1 for changeToLeader
2019-09-26 13:37:57,007 [3557bb53-8e52-4f49-8c22-7e13e7d0c46b@group-A69677D9F45A:LeaderElection15] INFO  impl.RaftServerImpl (ServerState.java:setLeader(253)) - 3557bb53-8e52-4f49-8c22-7e13e7d0c46b@group-A69677D9F45A: change Leader from null to 3557bb53-8e52-4f49-8c22-7e13e7d0c46b at term 1 for becomeLeader, leader elected after 5187ms
2019-09-26 13:37:57,007 [3557bb53-8e52-4f49-8c22-7e13e7d0c46b@group-A69677D9F45A:LeaderElection15] INFO  server.RaftServerConfigKeys (ConfUtils.java:logGet(43)) - raft.server.staging.catchup.gap = 1000 (default)
2019-09-26 13:37:57,007 [3557bb53-8e52-4f49-8c22-7e13e7d0c46b@group-A69677D9F45A:LeaderElection15] INFO  server.RaftServerConfigKeys (ConfUtils.java:logGet(43)) - raft.server.rpc.sleep.time = 25ms (default)
2019-09-26 13:37:57,008 [3557bb53-8e52-4f49-8c22-7e13e7d0c46b@group-A69677D9F45A:LeaderElection15] INFO  server.RaftServerConfigKeys (ConfUtils.java:logGet(43)) - raft.server.write.element-limit = 4096 (default)
2019-09-26 13:37:57,008 [3557bb53-8e52-4f49-8c22-7e13e7d0c46b@group-A69677D9F45A:LeaderElection15] INFO  server.RaftServerConfigKeys (ConfUtils.java:logGet(43)) - raft.server.watch.timeout = 10s (default)
2019-09-26 13:37:57,008 [3557bb53-8e52-4f49-8c22-7e13e7d0c46b@group-A69677D9F45A:LeaderElection15] INFO  server.RaftServerConfigKeys (ConfUtils.java:logGet(43)) - raft.server.watch.timeout.denomination = 1s (default)
2019-09-26 13:37:57,008 [3557bb53-8e52-4f49-8c22-7e13e7d0c46b@group-A69677D9F45A:LeaderElection15] INFO  server.RaftServerConfigKeys (ConfUtils.java:logGet(43)) - raft.server.watch.element-limit = 65536 (default)
2019-09-26 13:37:57,011 [3557bb53-8e52-4f49-8c22-7e13e7d0c46b@group-A69677D9F45A:LeaderElection15] INFO  impl.RoleInfo (RoleInfo.java:updateAndGet(143)) - 3557bb53-8e52-4f49-8c22-7e13e7d0c46b: start LeaderState
2019-09-26 13:37:57,011 [3557bb53-8e52-4f49-8c22-7e13e7d0c46b@group-A69677D9F45A:LeaderElection15] INFO  segmented.SegmentedRaftLogWorker (SegmentedRaftLogWorker.java:startLogSegment(380)) - 3557bb53-8e52-4f49-8c22-7e13e7d0c46b@group-A69677D9F45A-SegmentedRaftLogWorker: Starting segment from index:0
2019-09-26 13:37:57,012 [3557bb53-8e52-4f49-8c22-7e13e7d0c46b@group-A69677D9F45A:LeaderElection15] INFO  impl.RaftServerImpl (ServerState.java:setRaftConf(354)) - 3557bb53-8e52-4f49-8c22-7e13e7d0c46b@group-A69677D9F45A: set configuration 0: [3557bb53-8e52-4f49-8c22-7e13e7d0c46b:192.168.164.238:39348], old=null at 0
2019-09-26 13:37:57,049 [3b4472a9-0ad3-4b35-90c6-43d323919912@group-FBC232236CD8:LeaderElection16] INFO  impl.LeaderElection (LeaderElection.java:askForVotes(182)) - 3b4472a9-0ad3-4b35-90c6-43d323919912@group-FBC232236CD8:LeaderElection16: begin an election at term 1 for -1: [3b4472a9-0ad3-4b35-90c6-43d323919912:192.168.164.238:38188], old=null
2019-09-26 13:37:57,049 [3b4472a9-0ad3-4b35-90c6-43d323919912@group-FBC232236CD8:LeaderElection16] INFO  impl.RoleInfo (RoleInfo.java:shutdownLeaderElection(134)) - 3b4472a9-0ad3-4b35-90c6-43d323919912: shutdown LeaderElection
2019-09-26 13:37:57,050 [3b4472a9-0ad3-4b35-90c6-43d323919912@group-FBC232236CD8:LeaderElection16] INFO  impl.RaftServerImpl (RaftServerImpl.java:setRole(174)) - 3b4472a9-0ad3-4b35-90c6-43d323919912@group-FBC232236CD8: changes role from CANDIDATE to LEADER at term 1 for changeToLeader
2019-09-26 13:37:57,050 [3b4472a9-0ad3-4b35-90c6-43d323919912@group-FBC232236CD8:LeaderElection16] INFO  impl.RaftServerImpl (ServerState.java:setLeader(253)) - 3b4472a9-0ad3-4b35-90c6-43d323919912@group-FBC232236CD8: change Leader from null to 3b4472a9-0ad3-4b35-90c6-43d323919912 at term 1 for becomeLeader, leader elected after 5108ms
2019-09-26 13:37:57,050 [3b4472a9-0ad3-4b35-90c6-43d323919912@group-FBC232236CD8:LeaderElection16] INFO  server.RaftServerConfigKeys (ConfUtils.java:logGet(43)) - raft.server.staging.catchup.gap = 1000 (default)
2019-09-26 13:37:57,050 [3b4472a9-0ad3-4b35-90c6-43d323919912@group-FBC232236CD8:LeaderElection16] INFO  server.RaftServerConfigKeys (ConfUtils.java:logGet(43)) - raft.server.rpc.sleep.time = 25ms (default)
2019-09-26 13:37:57,050 [3b4472a9-0ad3-4b35-90c6-43d323919912@group-FBC232236CD8:LeaderElection16] INFO  server.RaftServerConfigKeys (ConfUtils.java:logGet(43)) - raft.server.write.element-limit = 4096 (default)
2019-09-26 13:37:57,050 [3b4472a9-0ad3-4b35-90c6-43d323919912@group-FBC232236CD8:LeaderElection16] INFO  server.RaftServerConfigKeys (ConfUtils.java:logGet(43)) - raft.server.watch.timeout = 10s (default)
2019-09-26 13:37:57,051 [3b4472a9-0ad3-4b35-90c6-43d323919912@group-FBC232236CD8:LeaderElection16] INFO  server.RaftServerConfigKeys (ConfUtils.java:logGet(43)) - raft.server.watch.timeout.denomination = 1s (default)
2019-09-26 13:37:57,051 [3b4472a9-0ad3-4b35-90c6-43d323919912@group-FBC232236CD8:LeaderElection16] INFO  server.RaftServerConfigKeys (ConfUtils.java:logGet(43)) - raft.server.watch.element-limit = 65536 (default)
2019-09-26 13:37:57,054 [3b4472a9-0ad3-4b35-90c6-43d323919912@group-FBC232236CD8:LeaderElection16] INFO  impl.RoleInfo (RoleInfo.java:updateAndGet(143)) - 3b4472a9-0ad3-4b35-90c6-43d323919912: start LeaderState
2019-09-26 13:37:57,054 [3b4472a9-0ad3-4b35-90c6-43d323919912@group-FBC232236CD8:LeaderElection16] INFO  segmented.SegmentedRaftLogWorker (SegmentedRaftLogWorker.java:startLogSegment(380)) - 3b4472a9-0ad3-4b35-90c6-43d323919912@group-FBC232236CD8-SegmentedRaftLogWorker: Starting segment from index:0
2019-09-26 13:37:57,054 [3b4472a9-0ad3-4b35-90c6-43d323919912@group-FBC232236CD8:LeaderElection16] INFO  impl.RaftServerImpl (ServerState.java:setRaftConf(354)) - 3b4472a9-0ad3-4b35-90c6-43d323919912@group-FBC232236CD8: set configuration 0: [3b4472a9-0ad3-4b35-90c6-43d323919912:192.168.164.238:38188], old=null at 0
2019-09-26 13:37:57,097 [Thread-257] INFO  impl.FollowerState (FollowerState.java:run(106)) - 07946d80-9a5e-4ca8-81a5-a2e240cd3767:group-B82956006A46 changes to CANDIDATE, lastRpcTime:5202, electionTimeout:5169ms
2019-09-26 13:37:57,097 [3557bb53-8e52-4f49-8c22-7e13e7d0c46b@group-A69677D9F45A-SegmentedRaftLogWorker] INFO  segmented.SegmentedRaftLogWorker (SegmentedRaftLogWorker.java:execute(569)) - 3557bb53-8e52-4f49-8c22-7e13e7d0c46b@group-A69677D9F45A-SegmentedRaftLogWorker: created new log segment /workdir/hadoop-ozone/tools/target/test-dir/MiniOzoneClusterImpl-d492c611-0ad2-4a0b-a9b3-2cc170b19582/datanode-4/data/ratis/df283632-1ec8-473b-948d-a69677d9f45a/current/log_inprogress_0
2019-09-26 13:37:57,097 [Thread-257] INFO  impl.RoleInfo (RoleInfo.java:shutdownFollowerState(121)) - 07946d80-9a5e-4ca8-81a5-a2e240cd3767: shutdown FollowerState
2019-09-26 13:37:57,098 [Thread-257] INFO  impl.RaftServerImpl (RaftServerImpl.java:setRole(174)) - 07946d80-9a5e-4ca8-81a5-a2e240cd3767@group-B82956006A46: changes role from  FOLLOWER to CANDIDATE at term 0 for changeToCandidate
2019-09-26 13:37:57,098 [Thread-257] INFO  impl.RoleInfo (RoleInfo.java:updateAndGet(143)) - 07946d80-9a5e-4ca8-81a5-a2e240cd3767: start LeaderElection
2019-09-26 13:37:57,110 [3b4472a9-0ad3-4b35-90c6-43d323919912@group-FBC232236CD8-SegmentedRaftLogWorker] INFO  segmented.SegmentedRaftLogWorker (SegmentedRaftLogWorker.java:execute(569)) - 3b4472a9-0ad3-4b35-90c6-43d323919912@group-FBC232236CD8-SegmentedRaftLogWorker: created new log segment /workdir/hadoop-ozone/tools/target/test-dir/MiniOzoneClusterImpl-d492c611-0ad2-4a0b-a9b3-2cc170b19582/datanode-2/data/ratis/75f04260-888d-4771-a098-fbc232236cd8/current/log_inprogress_0
2019-09-26 13:37:57,110 [07946d80-9a5e-4ca8-81a5-a2e240cd3767@group-B82956006A46:LeaderElection17] INFO  impl.LeaderElection (LeaderElection.java:askForVotes(182)) - 07946d80-9a5e-4ca8-81a5-a2e240cd3767@group-B82956006A46:LeaderElection17: begin an election at term 1 for -1: [07946d80-9a5e-4ca8-81a5-a2e240cd3767:192.168.164.238:37441], old=null
2019-09-26 13:37:57,110 [07946d80-9a5e-4ca8-81a5-a2e240cd3767@group-B82956006A46:LeaderElection17] INFO  impl.RoleInfo (RoleInfo.java:shutdownLeaderElection(134)) - 07946d80-9a5e-4ca8-81a5-a2e240cd3767: shutdown LeaderElection
2019-09-26 13:37:57,110 [07946d80-9a5e-4ca8-81a5-a2e240cd3767@group-B82956006A46:LeaderElection17] INFO  impl.RaftServerImpl (RaftServerImpl.java:setRole(174)) - 07946d80-9a5e-4ca8-81a5-a2e240cd3767@group-B82956006A46: changes role from CANDIDATE to LEADER at term 1 for changeToLeader
2019-09-26 13:37:57,111 [07946d80-9a5e-4ca8-81a5-a2e240cd3767@group-B82956006A46:LeaderElection17] INFO  impl.RaftServerImpl (ServerState.java:setLeader(253)) - 07946d80-9a5e-4ca8-81a5-a2e240cd3767@group-B82956006A46: change Leader from null to 07946d80-9a5e-4ca8-81a5-a2e240cd3767 at term 1 for becomeLeader, leader elected after 5224ms
2019-09-26 13:37:57,111 [07946d80-9a5e-4ca8-81a5-a2e240cd3767@group-B82956006A46:LeaderElection17] INFO  server.RaftServerConfigKeys (ConfUtils.java:logGet(43)) - raft.server.staging.catchup.gap = 1000 (default)
2019-09-26 13:37:57,111 [07946d80-9a5e-4ca8-81a5-a2e240cd3767@group-B82956006A46:LeaderElection17] INFO  server.RaftServerConfigKeys (ConfUtils.java:logGet(43)) - raft.server.rpc.sleep.time = 25ms (default)
2019-09-26 13:37:57,111 [07946d80-9a5e-4ca8-81a5-a2e240cd3767@group-B82956006A46:LeaderElection17] INFO  server.RaftServerConfigKeys (ConfUtils.java:logGet(43)) - raft.server.write.element-limit = 4096 (default)
2019-09-26 13:37:57,111 [07946d80-9a5e-4ca8-81a5-a2e240cd3767@group-B82956006A46:LeaderElection17] INFO  server.RaftServerConfigKeys (ConfUtils.java:logGet(43)) - raft.server.watch.timeout = 10s (default)
2019-09-26 13:37:57,111 [07946d80-9a5e-4ca8-81a5-a2e240cd3767@group-B82956006A46:LeaderElection17] INFO  server.RaftServerConfigKeys (ConfUtils.java:logGet(43)) - raft.server.watch.timeout.denomination = 1s (default)
2019-09-26 13:37:57,111 [07946d80-9a5e-4ca8-81a5-a2e240cd3767@group-B82956006A46:LeaderElection17] INFO  server.RaftServerConfigKeys (ConfUtils.java:logGet(43)) - raft.server.watch.element-limit = 65536 (default)
2019-09-26 13:37:57,114 [07946d80-9a5e-4ca8-81a5-a2e240cd3767@group-B82956006A46:LeaderElection17] INFO  impl.RoleInfo (RoleInfo.java:updateAndGet(143)) - 07946d80-9a5e-4ca8-81a5-a2e240cd3767: start LeaderState
2019-09-26 13:37:57,114 [07946d80-9a5e-4ca8-81a5-a2e240cd3767@group-B82956006A46:LeaderElection17] INFO  segmented.SegmentedRaftLogWorker (SegmentedRaftLogWorker.java:startLogSegment(380)) - 07946d80-9a5e-4ca8-81a5-a2e240cd3767@group-B82956006A46-SegmentedRaftLogWorker: Starting segment from index:0
2019-09-26 13:37:57,115 [07946d80-9a5e-4ca8-81a5-a2e240cd3767@group-B82956006A46:LeaderElection17] INFO  impl.RaftServerImpl (ServerState.java:setRaftConf(354)) - 07946d80-9a5e-4ca8-81a5-a2e240cd3767@group-B82956006A46: set configuration 0: [07946d80-9a5e-4ca8-81a5-a2e240cd3767:192.168.164.238:37441], old=null at 0
2019-09-26 13:37:57,156 [Thread-270] INFO  impl.FollowerState (FollowerState.java:run(106)) - 07946d80-9a5e-4ca8-81a5-a2e240cd3767:group-DDD461811613 changes to CANDIDATE, lastRpcTime:5099, electionTimeout:5073ms
2019-09-26 13:37:57,156 [Thread-270] INFO  impl.RoleInfo (RoleInfo.java:shutdownFollowerState(121)) - 07946d80-9a5e-4ca8-81a5-a2e240cd3767: shutdown FollowerState
2019-09-26 13:37:57,156 [Thread-270] INFO  impl.RaftServerImpl (RaftServerImpl.java:setRole(174)) - 07946d80-9a5e-4ca8-81a5-a2e240cd3767@group-DDD461811613: changes role from  FOLLOWER to CANDIDATE at term 0 for changeToCandidate
2019-09-26 13:37:57,157 [Thread-270] INFO  impl.RoleInfo (RoleInfo.java:updateAndGet(143)) - 07946d80-9a5e-4ca8-81a5-a2e240cd3767: start LeaderElection
2019-09-26 13:37:57,167 [Thread-267] INFO  impl.FollowerState (FollowerState.java:run(106)) - 3557bb53-8e52-4f49-8c22-7e13e7d0c46b:group-D83F930C1359 changes to CANDIDATE, lastRpcTime:5161, electionTimeout:5161ms
2019-09-26 13:37:57,167 [Thread-267] INFO  impl.RoleInfo (RoleInfo.java:shutdownFollowerState(121)) - 3557bb53-8e52-4f49-8c22-7e13e7d0c46b: shutdown FollowerState
2019-09-26 13:37:57,167 [Thread-267] INFO  impl.RaftServerImpl (RaftServerImpl.java:setRole(174)) - 3557bb53-8e52-4f49-8c22-7e13e7d0c46b@group-D83F930C1359: changes role from  FOLLOWER to CANDIDATE at term 0 for changeToCandidate
2019-09-26 13:37:57,167 [Thread-267] INFO  impl.RoleInfo (RoleInfo.java:updateAndGet(143)) - 3557bb53-8e52-4f49-8c22-7e13e7d0c46b: start LeaderElection
2019-09-26 13:37:57,170 [07946d80-9a5e-4ca8-81a5-a2e240cd3767@group-B82956006A46-SegmentedRaftLogWorker] INFO  segmented.SegmentedRaftLogWorker (SegmentedRaftLogWorker.java:execute(569)) - 07946d80-9a5e-4ca8-81a5-a2e240cd3767@group-B82956006A46-SegmentedRaftLogWorker: created new log segment /workdir/hadoop-ozone/tools/target/test-dir/MiniOzoneClusterImpl-d492c611-0ad2-4a0b-a9b3-2cc170b19582/datanode-1/data/ratis/a1cb26b7-90d5-43f1-a25d-b82956006a46/current/log_inprogress_0
2019-09-26 13:37:57,172 [07946d80-9a5e-4ca8-81a5-a2e240cd3767@group-DDD461811613:LeaderElection18] INFO  impl.LeaderElection (LeaderElection.java:askForVotes(182)) - 07946d80-9a5e-4ca8-81a5-a2e240cd3767@group-DDD461811613:LeaderElection18: begin an election at term 1 for -1: [07946d80-9a5e-4ca8-81a5-a2e240cd3767:192.168.164.238:37441], old=null
2019-09-26 13:37:57,172 [07946d80-9a5e-4ca8-81a5-a2e240cd3767@group-DDD461811613:LeaderElection18] INFO  impl.RoleInfo (RoleInfo.java:shutdownLeaderElection(134)) - 07946d80-9a5e-4ca8-81a5-a2e240cd3767: shutdown LeaderElection
2019-09-26 13:37:57,172 [07946d80-9a5e-4ca8-81a5-a2e240cd3767@group-DDD461811613:LeaderElection18] INFO  impl.RaftServerImpl (RaftServerImpl.java:setRole(174)) - 07946d80-9a5e-4ca8-81a5-a2e240cd3767@group-DDD461811613: changes role from CANDIDATE to LEADER at term 1 for changeToLeader
2019-09-26 13:37:57,172 [07946d80-9a5e-4ca8-81a5-a2e240cd3767@group-DDD461811613:LeaderElection18] INFO  impl.RaftServerImpl (ServerState.java:setLeader(253)) - 07946d80-9a5e-4ca8-81a5-a2e240cd3767@group-DDD461811613: change Leader from null to 07946d80-9a5e-4ca8-81a5-a2e240cd3767 at term 1 for becomeLeader, leader elected after 5121ms
2019-09-26 13:37:57,172 [07946d80-9a5e-4ca8-81a5-a2e240cd3767@group-DDD461811613:LeaderElection18] INFO  server.RaftServerConfigKeys (ConfUtils.java:logGet(43)) - raft.server.staging.catchup.gap = 1000 (default)
2019-09-26 13:37:57,172 [07946d80-9a5e-4ca8-81a5-a2e240cd3767@group-DDD461811613:LeaderElection18] INFO  server.RaftServerConfigKeys (ConfUtils.java:logGet(43)) - raft.server.rpc.sleep.time = 25ms (default)
2019-09-26 13:37:57,173 [07946d80-9a5e-4ca8-81a5-a2e240cd3767@group-DDD461811613:LeaderElection18] INFO  server.RaftServerConfigKeys (ConfUtils.java:logGet(43)) - raft.server.write.element-limit = 4096 (default)
2019-09-26 13:37:57,173 [07946d80-9a5e-4ca8-81a5-a2e240cd3767@group-DDD461811613:LeaderElection18] INFO  server.RaftServerConfigKeys (ConfUtils.java:logGet(43)) - raft.server.watch.timeout = 10s (default)
2019-09-26 13:37:57,173 [07946d80-9a5e-4ca8-81a5-a2e240cd3767@group-DDD461811613:LeaderElection18] INFO  server.RaftServerConfigKeys (ConfUtils.java:logGet(43)) - raft.server.watch.timeout.denomination = 1s (default)
2019-09-26 13:37:57,173 [07946d80-9a5e-4ca8-81a5-a2e240cd3767@group-DDD461811613:LeaderElection18] INFO  server.RaftServerConfigKeys (ConfUtils.java:logGet(43)) - raft.server.watch.element-limit = 65536 (default)
2019-09-26 13:37:57,177 [07946d80-9a5e-4ca8-81a5-a2e240cd3767@group-DDD461811613:LeaderElection18] INFO  impl.RoleInfo (RoleInfo.java:updateAndGet(143)) - 07946d80-9a5e-4ca8-81a5-a2e240cd3767: start LeaderState
2019-09-26 13:37:57,177 [07946d80-9a5e-4ca8-81a5-a2e240cd3767@group-DDD461811613:LeaderElection18] INFO  segmented.SegmentedRaftLogWorker (SegmentedRaftLogWorker.java:startLogSegment(380)) - 07946d80-9a5e-4ca8-81a5-a2e240cd3767@group-DDD461811613-SegmentedRaftLogWorker: Starting segment from index:0
2019-09-26 13:37:57,178 [07946d80-9a5e-4ca8-81a5-a2e240cd3767@group-DDD461811613:LeaderElection18] INFO  impl.RaftServerImpl (ServerState.java:setRaftConf(354)) - 07946d80-9a5e-4ca8-81a5-a2e240cd3767@group-DDD461811613: set configuration 0: [07946d80-9a5e-4ca8-81a5-a2e240cd3767:192.168.164.238:37441], old=null at 0
2019-09-26 13:37:57,217 [3557bb53-8e52-4f49-8c22-7e13e7d0c46b@group-D83F930C1359:LeaderElection19] INFO  impl.LeaderElection (LeaderElection.java:askForVotes(182)) - 3557bb53-8e52-4f49-8c22-7e13e7d0c46b@group-D83F930C1359:LeaderElection19: begin an election at term 1 for -1: [3557bb53-8e52-4f49-8c22-7e13e7d0c46b:192.168.164.238:39348], old=null
2019-09-26 13:37:57,218 [3557bb53-8e52-4f49-8c22-7e13e7d0c46b@group-D83F930C1359:LeaderElection19] INFO  impl.RoleInfo (RoleInfo.java:shutdownLeaderElection(134)) - 3557bb53-8e52-4f49-8c22-7e13e7d0c46b: shutdown LeaderElection
2019-09-26 13:37:57,218 [3557bb53-8e52-4f49-8c22-7e13e7d0c46b@group-D83F930C1359:LeaderElection19] INFO  impl.RaftServerImpl (RaftServerImpl.java:setRole(174)) - 3557bb53-8e52-4f49-8c22-7e13e7d0c46b@group-D83F930C1359: changes role from CANDIDATE to LEADER at term 1 for changeToLeader
2019-09-26 13:37:57,218 [3557bb53-8e52-4f49-8c22-7e13e7d0c46b@group-D83F930C1359:LeaderElection19] INFO  impl.RaftServerImpl (ServerState.java:setLeader(253)) - 3557bb53-8e52-4f49-8c22-7e13e7d0c46b@group-D83F930C1359: change Leader from null to 3557bb53-8e52-4f49-8c22-7e13e7d0c46b at term 1 for becomeLeader, leader elected after 5218ms
2019-09-26 13:37:57,218 [3557bb53-8e52-4f49-8c22-7e13e7d0c46b@group-D83F930C1359:LeaderElection19] INFO  server.RaftServerConfigKeys (ConfUtils.java:logGet(43)) - raft.server.staging.catchup.gap = 1000 (default)
2019-09-26 13:37:57,218 [3557bb53-8e52-4f49-8c22-7e13e7d0c46b@group-D83F930C1359:LeaderElection19] INFO  server.RaftServerConfigKeys (ConfUtils.java:logGet(43)) - raft.server.rpc.sleep.time = 25ms (default)
2019-09-26 13:37:57,219 [3557bb53-8e52-4f49-8c22-7e13e7d0c46b@group-D83F930C1359:LeaderElection19] INFO  server.RaftServerConfigKeys (ConfUtils.java:logGet(43)) - raft.server.write.element-limit = 4096 (default)
2019-09-26 13:37:57,219 [3557bb53-8e52-4f49-8c22-7e13e7d0c46b@group-D83F930C1359:LeaderElection19] INFO  server.RaftServerConfigKeys (ConfUtils.java:logGet(43)) - raft.server.watch.timeout = 10s (default)
2019-09-26 13:37:57,219 [3557bb53-8e52-4f49-8c22-7e13e7d0c46b@group-D83F930C1359:LeaderElection19] INFO  server.RaftServerConfigKeys (ConfUtils.java:logGet(43)) - raft.server.watch.timeout.denomination = 1s (default)
2019-09-26 13:37:57,219 [3557bb53-8e52-4f49-8c22-7e13e7d0c46b@group-D83F930C1359:LeaderElection19] INFO  server.RaftServerConfigKeys (ConfUtils.java:logGet(43)) - raft.server.watch.element-limit = 65536 (default)
2019-09-26 13:37:57,222 [3557bb53-8e52-4f49-8c22-7e13e7d0c46b@group-D83F930C1359:LeaderElection19] INFO  impl.RoleInfo (RoleInfo.java:updateAndGet(143)) - 3557bb53-8e52-4f49-8c22-7e13e7d0c46b: start LeaderState
2019-09-26 13:37:57,222 [3557bb53-8e52-4f49-8c22-7e13e7d0c46b@group-D83F930C1359:LeaderElection19] INFO  segmented.SegmentedRaftLogWorker (SegmentedRaftLogWorker.java:startLogSegment(380)) - 3557bb53-8e52-4f49-8c22-7e13e7d0c46b@group-D83F930C1359-SegmentedRaftLogWorker: Starting segment from index:0
2019-09-26 13:37:57,223 [3557bb53-8e52-4f49-8c22-7e13e7d0c46b@group-D83F930C1359:LeaderElection19] INFO  impl.RaftServerImpl (ServerState.java:setRaftConf(354)) - 3557bb53-8e52-4f49-8c22-7e13e7d0c46b@group-D83F930C1359: set configuration 0: [3557bb53-8e52-4f49-8c22-7e13e7d0c46b:192.168.164.238:39348], old=null at 0
2019-09-26 13:37:57,255 [Thread-276] INFO  impl.FollowerState (FollowerState.java:run(106)) - 07946d80-9a5e-4ca8-81a5-a2e240cd3767:group-5BCC0D9F1A31 changes to CANDIDATE, lastRpcTime:5059, electionTimeout:5046ms
2019-09-26 13:37:57,255 [07946d80-9a5e-4ca8-81a5-a2e240cd3767@group-DDD461811613-SegmentedRaftLogWorker] INFO  segmented.SegmentedRaftLogWorker (SegmentedRaftLogWorker.java:execute(569)) - 07946d80-9a5e-4ca8-81a5-a2e240cd3767@group-DDD461811613-SegmentedRaftLogWorker: created new log segment /workdir/hadoop-ozone/tools/target/test-dir/MiniOzoneClusterImpl-d492c611-0ad2-4a0b-a9b3-2cc170b19582/datanode-1/data/ratis/eb45ae6f-6cce-41e1-9188-ddd461811613/current/log_inprogress_0
2019-09-26 13:37:57,255 [Thread-276] INFO  impl.RoleInfo (RoleInfo.java:shutdownFollowerState(121)) - 07946d80-9a5e-4ca8-81a5-a2e240cd3767: shutdown FollowerState
2019-09-26 13:37:57,255 [Thread-273] INFO  impl.FollowerState (FollowerState.java:run(106)) - 3b4472a9-0ad3-4b35-90c6-43d323919912:group-7FB344758B6C changes to CANDIDATE, lastRpcTime:5135, electionTimeout:5113ms
2019-09-26 13:37:57,256 [Thread-276] INFO  impl.RaftServerImpl (RaftServerImpl.java:setRole(174)) - 07946d80-9a5e-4ca8-81a5-a2e240cd3767@group-5BCC0D9F1A31: changes role from  FOLLOWER to CANDIDATE at term 0 for changeToCandidate
2019-09-26 13:37:57,256 [Thread-273] INFO  impl.RoleInfo (RoleInfo.java:shutdownFollowerState(121)) - 3b4472a9-0ad3-4b35-90c6-43d323919912: shutdown FollowerState
2019-09-26 13:37:57,256 [Thread-276] INFO  impl.RoleInfo (RoleInfo.java:updateAndGet(143)) - 07946d80-9a5e-4ca8-81a5-a2e240cd3767: start LeaderElection
2019-09-26 13:37:57,256 [Thread-273] INFO  impl.RaftServerImpl (RaftServerImpl.java:setRole(174)) - 3b4472a9-0ad3-4b35-90c6-43d323919912@group-7FB344758B6C: changes role from  FOLLOWER to CANDIDATE at term 0 for changeToCandidate
2019-09-26 13:37:57,271 [Thread-273] INFO  impl.RoleInfo (RoleInfo.java:updateAndGet(143)) - 3b4472a9-0ad3-4b35-90c6-43d323919912: start LeaderElection
2019-09-26 13:37:57,272 [3557bb53-8e52-4f49-8c22-7e13e7d0c46b@group-D83F930C1359-SegmentedRaftLogWorker] INFO  segmented.SegmentedRaftLogWorker (SegmentedRaftLogWorker.java:execute(569)) - 3557bb53-8e52-4f49-8c22-7e13e7d0c46b@group-D83F930C1359-SegmentedRaftLogWorker: created new log segment /workdir/hadoop-ozone/tools/target/test-dir/MiniOzoneClusterImpl-d492c611-0ad2-4a0b-a9b3-2cc170b19582/datanode-4/data/ratis/e29e65b8-8a2c-4f8f-85ca-d83f930c1359/current/log_inprogress_0
2019-09-26 13:37:57,285 [3b4472a9-0ad3-4b35-90c6-43d323919912@group-7FB344758B6C:LeaderElection21] INFO  impl.LeaderElection (LeaderElection.java:askForVotes(182)) - 3b4472a9-0ad3-4b35-90c6-43d323919912@group-7FB344758B6C:LeaderElection21: begin an election at term 1 for -1: [3b4472a9-0ad3-4b35-90c6-43d323919912:192.168.164.238:38188], old=null
2019-09-26 13:37:57,285 [07946d80-9a5e-4ca8-81a5-a2e240cd3767@group-5BCC0D9F1A31:LeaderElection20] INFO  impl.LeaderElection (LeaderElection.java:askForVotes(182)) - 07946d80-9a5e-4ca8-81a5-a2e240cd3767@group-5BCC0D9F1A31:LeaderElection20: begin an election at term 1 for -1: [07946d80-9a5e-4ca8-81a5-a2e240cd3767:192.168.164.238:37441], old=null
2019-09-26 13:37:57,285 [3b4472a9-0ad3-4b35-90c6-43d323919912@group-7FB344758B6C:LeaderElection21] INFO  impl.RoleInfo (RoleInfo.java:shutdownLeaderElection(134)) - 3b4472a9-0ad3-4b35-90c6-43d323919912: shutdown LeaderElection
2019-09-26 13:37:57,286 [07946d80-9a5e-4ca8-81a5-a2e240cd3767@group-5BCC0D9F1A31:LeaderElection20] INFO  impl.RoleInfo (RoleInfo.java:shutdownLeaderElection(134)) - 07946d80-9a5e-4ca8-81a5-a2e240cd3767: shutdown LeaderElection
2019-09-26 13:37:57,286 [3b4472a9-0ad3-4b35-90c6-43d323919912@group-7FB344758B6C:LeaderElection21] INFO  impl.RaftServerImpl (RaftServerImpl.java:setRole(174)) - 3b4472a9-0ad3-4b35-90c6-43d323919912@group-7FB344758B6C: changes role from CANDIDATE to LEADER at term 1 for changeToLeader
2019-09-26 13:37:57,286 [07946d80-9a5e-4ca8-81a5-a2e240cd3767@group-5BCC0D9F1A31:LeaderElection20] INFO  impl.RaftServerImpl (RaftServerImpl.java:setRole(174)) - 07946d80-9a5e-4ca8-81a5-a2e240cd3767@group-5BCC0D9F1A31: changes role from CANDIDATE to LEADER at term 1 for changeToLeader
2019-09-26 13:37:57,286 [3b4472a9-0ad3-4b35-90c6-43d323919912@group-7FB344758B6C:LeaderElection21] INFO  impl.RaftServerImpl (ServerState.java:setLeader(253)) - 3b4472a9-0ad3-4b35-90c6-43d323919912@group-7FB344758B6C: change Leader from null to 3b4472a9-0ad3-4b35-90c6-43d323919912 at term 1 for becomeLeader, leader elected after 5175ms
2019-09-26 13:37:57,286 [07946d80-9a5e-4ca8-81a5-a2e240cd3767@group-5BCC0D9F1A31:LeaderElection20] INFO  impl.RaftServerImpl (ServerState.java:setLeader(253)) - 07946d80-9a5e-4ca8-81a5-a2e240cd3767@group-5BCC0D9F1A31: change Leader from null to 07946d80-9a5e-4ca8-81a5-a2e240cd3767 at term 1 for becomeLeader, leader elected after 5101ms
2019-09-26 13:37:57,286 [3b4472a9-0ad3-4b35-90c6-43d323919912@group-7FB344758B6C:LeaderElection21] INFO  server.RaftServerConfigKeys (ConfUtils.java:logGet(43)) - raft.server.staging.catchup.gap = 1000 (default)
2019-09-26 13:37:57,286 [07946d80-9a5e-4ca8-81a5-a2e240cd3767@group-5BCC0D9F1A31:LeaderElection20] INFO  server.RaftServerConfigKeys (ConfUtils.java:logGet(43)) - raft.server.staging.catchup.gap = 1000 (default)
2019-09-26 13:37:57,286 [3b4472a9-0ad3-4b35-90c6-43d323919912@group-7FB344758B6C:LeaderElection21] INFO  server.RaftServerConfigKeys (ConfUtils.java:logGet(43)) - raft.server.rpc.sleep.time = 25ms (default)
2019-09-26 13:37:57,286 [07946d80-9a5e-4ca8-81a5-a2e240cd3767@group-5BCC0D9F1A31:LeaderElection20] INFO  server.RaftServerConfigKeys (ConfUtils.java:logGet(43)) - raft.server.rpc.sleep.time = 25ms (default)
2019-09-26 13:37:57,287 [3b4472a9-0ad3-4b35-90c6-43d323919912@group-7FB344758B6C:LeaderElection21] INFO  server.RaftServerConfigKeys (ConfUtils.java:logGet(43)) - raft.server.write.element-limit = 4096 (default)
2019-09-26 13:37:57,287 [07946d80-9a5e-4ca8-81a5-a2e240cd3767@group-5BCC0D9F1A31:LeaderElection20] INFO  server.RaftServerConfigKeys (ConfUtils.java:logGet(43)) - raft.server.write.element-limit = 4096 (default)
2019-09-26 13:37:57,287 [3b4472a9-0ad3-4b35-90c6-43d323919912@group-7FB344758B6C:LeaderElection21] INFO  server.RaftServerConfigKeys (ConfUtils.java:logGet(43)) - raft.server.watch.timeout = 10s (default)
2019-09-26 13:37:57,287 [07946d80-9a5e-4ca8-81a5-a2e240cd3767@group-5BCC0D9F1A31:LeaderElection20] INFO  server.RaftServerConfigKeys (ConfUtils.java:logGet(43)) - raft.server.watch.timeout = 10s (default)
2019-09-26 13:37:57,287 [3b4472a9-0ad3-4b35-90c6-43d323919912@group-7FB344758B6C:LeaderElection21] INFO  server.RaftServerConfigKeys (ConfUtils.java:logGet(43)) - raft.server.watch.timeout.denomination = 1s (default)
2019-09-26 13:37:57,287 [07946d80-9a5e-4ca8-81a5-a2e240cd3767@group-5BCC0D9F1A31:LeaderElection20] INFO  server.RaftServerConfigKeys (ConfUtils.java:logGet(43)) - raft.server.watch.timeout.denomination = 1s (default)
2019-09-26 13:37:57,287 [3b4472a9-0ad3-4b35-90c6-43d323919912@group-7FB344758B6C:LeaderElection21] INFO  server.RaftServerConfigKeys (ConfUtils.java:logGet(43)) - raft.server.watch.element-limit = 65536 (default)
2019-09-26 13:37:57,288 [07946d80-9a5e-4ca8-81a5-a2e240cd3767@group-5BCC0D9F1A31:LeaderElection20] INFO  server.RaftServerConfigKeys (ConfUtils.java:logGet(43)) - raft.server.watch.element-limit = 65536 (default)
2019-09-26 13:37:57,291 [3b4472a9-0ad3-4b35-90c6-43d323919912@group-7FB344758B6C:LeaderElection21] INFO  impl.RoleInfo (RoleInfo.java:updateAndGet(143)) - 3b4472a9-0ad3-4b35-90c6-43d323919912: start LeaderState
2019-09-26 13:37:57,291 [07946d80-9a5e-4ca8-81a5-a2e240cd3767@group-5BCC0D9F1A31:LeaderElection20] INFO  impl.RoleInfo (RoleInfo.java:updateAndGet(143)) - 07946d80-9a5e-4ca8-81a5-a2e240cd3767: start LeaderState
2019-09-26 13:37:57,291 [3b4472a9-0ad3-4b35-90c6-43d323919912@group-7FB344758B6C:LeaderElection21] INFO  segmented.SegmentedRaftLogWorker (SegmentedRaftLogWorker.java:startLogSegment(380)) - 3b4472a9-0ad3-4b35-90c6-43d323919912@group-7FB344758B6C-SegmentedRaftLogWorker: Starting segment from index:0
2019-09-26 13:37:57,291 [07946d80-9a5e-4ca8-81a5-a2e240cd3767@group-5BCC0D9F1A31:LeaderElection20] INFO  segmented.SegmentedRaftLogWorker (SegmentedRaftLogWorker.java:startLogSegment(380)) - 07946d80-9a5e-4ca8-81a5-a2e240cd3767@group-5BCC0D9F1A31-SegmentedRaftLogWorker: Starting segment from index:0
2019-09-26 13:37:57,292 [3b4472a9-0ad3-4b35-90c6-43d323919912@group-7FB344758B6C:LeaderElection21] INFO  impl.RaftServerImpl (ServerState.java:setRaftConf(354)) - 3b4472a9-0ad3-4b35-90c6-43d323919912@group-7FB344758B6C: set configuration 0: [3b4472a9-0ad3-4b35-90c6-43d323919912:192.168.164.238:38188], old=null at 0
2019-09-26 13:37:57,292 [07946d80-9a5e-4ca8-81a5-a2e240cd3767@group-5BCC0D9F1A31:LeaderElection20] INFO  impl.RaftServerImpl (ServerState.java:setRaftConf(354)) - 07946d80-9a5e-4ca8-81a5-a2e240cd3767@group-5BCC0D9F1A31: set configuration 0: [07946d80-9a5e-4ca8-81a5-a2e240cd3767:192.168.164.238:37441], old=null at 0
2019-09-26 13:37:57,346 [07946d80-9a5e-4ca8-81a5-a2e240cd3767@group-5BCC0D9F1A31-SegmentedRaftLogWorker] INFO  segmented.SegmentedRaftLogWorker (SegmentedRaftLogWorker.java:execute(569)) - 07946d80-9a5e-4ca8-81a5-a2e240cd3767@group-5BCC0D9F1A31-SegmentedRaftLogWorker: created new log segment /workdir/hadoop-ozone/tools/target/test-dir/MiniOzoneClusterImpl-d492c611-0ad2-4a0b-a9b3-2cc170b19582/datanode-1/data/ratis/a339f07f-0554-4d8b-8be2-5bcc0d9f1a31/current/log_inprogress_0
2019-09-26 13:37:57,346 [3b4472a9-0ad3-4b35-90c6-43d323919912@group-7FB344758B6C-SegmentedRaftLogWorker] INFO  segmented.SegmentedRaftLogWorker (SegmentedRaftLogWorker.java:execute(569)) - 3b4472a9-0ad3-4b35-90c6-43d323919912@group-7FB344758B6C-SegmentedRaftLogWorker: created new log segment /workdir/hadoop-ozone/tools/target/test-dir/MiniOzoneClusterImpl-d492c611-0ad2-4a0b-a9b3-2cc170b19582/datanode-2/data/ratis/ce5d6417-8575-4f13-8b00-7fb344758b6c/current/log_inprogress_0
2019-09-26 13:37:57,728 [Thread-279] INFO  impl.FollowerState (FollowerState.java:run(106)) - 3eabf511-42f2-4021-89ea-f049958471c8:group-C1B896FE7AF0 changes to CANDIDATE, lastRpcTime:5069, electionTimeout:5069ms
2019-09-26 13:37:57,728 [Thread-279] INFO  impl.RoleInfo (RoleInfo.java:shutdownFollowerState(121)) - 3eabf511-42f2-4021-89ea-f049958471c8: shutdown FollowerState
2019-09-26 13:37:57,729 [Thread-279] INFO  impl.RaftServerImpl (RaftServerImpl.java:setRole(174)) - 3eabf511-42f2-4021-89ea-f049958471c8@group-C1B896FE7AF0: changes role from  FOLLOWER to CANDIDATE at term 0 for changeToCandidate
2019-09-26 13:37:57,729 [Thread-279] INFO  impl.RoleInfo (RoleInfo.java:updateAndGet(143)) - 3eabf511-42f2-4021-89ea-f049958471c8: start LeaderElection
2019-09-26 13:37:57,745 [3eabf511-42f2-4021-89ea-f049958471c8@group-C1B896FE7AF0:LeaderElection22] INFO  impl.LeaderElection (LeaderElection.java:askForVotes(182)) - 3eabf511-42f2-4021-89ea-f049958471c8@group-C1B896FE7AF0:LeaderElection22: begin an election at term 1 for -1: [3eabf511-42f2-4021-89ea-f049958471c8:192.168.164.238:39308], old=null
2019-09-26 13:37:57,746 [3eabf511-42f2-4021-89ea-f049958471c8@group-C1B896FE7AF0:LeaderElection22] INFO  impl.RoleInfo (RoleInfo.java:shutdownLeaderElection(134)) - 3eabf511-42f2-4021-89ea-f049958471c8: shutdown LeaderElection
2019-09-26 13:37:57,746 [3eabf511-42f2-4021-89ea-f049958471c8@group-C1B896FE7AF0:LeaderElection22] INFO  impl.RaftServerImpl (RaftServerImpl.java:setRole(174)) - 3eabf511-42f2-4021-89ea-f049958471c8@group-C1B896FE7AF0: changes role from CANDIDATE to LEADER at term 1 for changeToLeader
2019-09-26 13:37:57,746 [3eabf511-42f2-4021-89ea-f049958471c8@group-C1B896FE7AF0:LeaderElection22] INFO  impl.RaftServerImpl (ServerState.java:setLeader(253)) - 3eabf511-42f2-4021-89ea-f049958471c8@group-C1B896FE7AF0: change Leader from null to 3eabf511-42f2-4021-89ea-f049958471c8 at term 1 for becomeLeader, leader elected after 5098ms
2019-09-26 13:37:57,746 [3eabf511-42f2-4021-89ea-f049958471c8@group-C1B896FE7AF0:LeaderElection22] INFO  server.RaftServerConfigKeys (ConfUtils.java:logGet(43)) - raft.server.staging.catchup.gap = 1000 (default)
2019-09-26 13:37:57,746 [3eabf511-42f2-4021-89ea-f049958471c8@group-C1B896FE7AF0:LeaderElection22] INFO  server.RaftServerConfigKeys (ConfUtils.java:logGet(43)) - raft.server.rpc.sleep.time = 25ms (default)
2019-09-26 13:37:57,747 [3eabf511-42f2-4021-89ea-f049958471c8@group-C1B896FE7AF0:LeaderElection22] INFO  server.RaftServerConfigKeys (ConfUtils.java:logGet(43)) - raft.server.write.element-limit = 4096 (default)
2019-09-26 13:37:57,747 [3eabf511-42f2-4021-89ea-f049958471c8@group-C1B896FE7AF0:LeaderElection22] INFO  server.RaftServerConfigKeys (ConfUtils.java:logGet(43)) - raft.server.watch.timeout = 10s (default)
2019-09-26 13:37:57,747 [3eabf511-42f2-4021-89ea-f049958471c8@group-C1B896FE7AF0:LeaderElection22] INFO  server.RaftServerConfigKeys (ConfUtils.java:logGet(43)) - raft.server.watch.timeout.denomination = 1s (default)
2019-09-26 13:37:57,747 [3eabf511-42f2-4021-89ea-f049958471c8@group-C1B896FE7AF0:LeaderElection22] INFO  server.RaftServerConfigKeys (ConfUtils.java:logGet(43)) - raft.server.watch.element-limit = 65536 (default)
2019-09-26 13:37:57,750 [3eabf511-42f2-4021-89ea-f049958471c8@group-C1B896FE7AF0:LeaderElection22] INFO  impl.RoleInfo (RoleInfo.java:updateAndGet(143)) - 3eabf511-42f2-4021-89ea-f049958471c8: start LeaderState
2019-09-26 13:37:57,750 [3eabf511-42f2-4021-89ea-f049958471c8@group-C1B896FE7AF0:LeaderElection22] INFO  segmented.SegmentedRaftLogWorker (SegmentedRaftLogWorker.java:startLogSegment(380)) - 3eabf511-42f2-4021-89ea-f049958471c8@group-C1B896FE7AF0-SegmentedRaftLogWorker: Starting segment from index:0
2019-09-26 13:37:57,751 [3eabf511-42f2-4021-89ea-f049958471c8@group-C1B896FE7AF0:LeaderElection22] INFO  impl.RaftServerImpl (ServerState.java:setRaftConf(354)) - 3eabf511-42f2-4021-89ea-f049958471c8@group-C1B896FE7AF0: set configuration 0: [3eabf511-42f2-4021-89ea-f049958471c8:192.168.164.238:39308], old=null at 0
2019-09-26 13:37:57,805 [3eabf511-42f2-4021-89ea-f049958471c8@group-C1B896FE7AF0-SegmentedRaftLogWorker] INFO  segmented.SegmentedRaftLogWorker (SegmentedRaftLogWorker.java:execute(569)) - 3eabf511-42f2-4021-89ea-f049958471c8@group-C1B896FE7AF0-SegmentedRaftLogWorker: created new log segment /workdir/hadoop-ozone/tools/target/test-dir/MiniOzoneClusterImpl-d492c611-0ad2-4a0b-a9b3-2cc170b19582/datanode-3/data/ratis/6d36f265-8fee-4980-8f54-c1b896fe7af0/current/log_inprogress_0
2019-09-26 13:37:57,844 [Thread-282] INFO  impl.FollowerState (FollowerState.java:run(106)) - 3eabf511-42f2-4021-89ea-f049958471c8:group-46D68E7322CD changes to CANDIDATE, lastRpcTime:5127, electionTimeout:5127ms
2019-09-26 13:37:57,844 [Thread-282] INFO  impl.RoleInfo (RoleInfo.java:shutdownFollowerState(121)) - 3eabf511-42f2-4021-89ea-f049958471c8: shutdown FollowerState
2019-09-26 13:37:57,844 [Thread-282] INFO  impl.RaftServerImpl (RaftServerImpl.java:setRole(174)) - 3eabf511-42f2-4021-89ea-f049958471c8@group-46D68E7322CD: changes role from  FOLLOWER to CANDIDATE at term 0 for changeToCandidate
2019-09-26 13:37:57,844 [Thread-282] INFO  impl.RoleInfo (RoleInfo.java:updateAndGet(143)) - 3eabf511-42f2-4021-89ea-f049958471c8: start LeaderElection
2019-09-26 13:37:57,862 [3eabf511-42f2-4021-89ea-f049958471c8@group-46D68E7322CD:LeaderElection23] INFO  impl.LeaderElection (LeaderElection.java:askForVotes(182)) - 3eabf511-42f2-4021-89ea-f049958471c8@group-46D68E7322CD:LeaderElection23: begin an election at term 1 for -1: [3eabf511-42f2-4021-89ea-f049958471c8:192.168.164.238:39308], old=null
2019-09-26 13:37:57,862 [3eabf511-42f2-4021-89ea-f049958471c8@group-46D68E7322CD:LeaderElection23] INFO  impl.RoleInfo (RoleInfo.java:shutdownLeaderElection(134)) - 3eabf511-42f2-4021-89ea-f049958471c8: shutdown LeaderElection
2019-09-26 13:37:57,862 [3eabf511-42f2-4021-89ea-f049958471c8@group-46D68E7322CD:LeaderElection23] INFO  impl.RaftServerImpl (RaftServerImpl.java:setRole(174)) - 3eabf511-42f2-4021-89ea-f049958471c8@group-46D68E7322CD: changes role from CANDIDATE to LEADER at term 1 for changeToLeader
2019-09-26 13:37:57,862 [3eabf511-42f2-4021-89ea-f049958471c8@group-46D68E7322CD:LeaderElection23] INFO  impl.RaftServerImpl (ServerState.java:setLeader(253)) - 3eabf511-42f2-4021-89ea-f049958471c8@group-46D68E7322CD: change Leader from null to 3eabf511-42f2-4021-89ea-f049958471c8 at term 1 for becomeLeader, leader elected after 5154ms
2019-09-26 13:37:57,862 [3eabf511-42f2-4021-89ea-f049958471c8@group-46D68E7322CD:LeaderElection23] INFO  server.RaftServerConfigKeys (ConfUtils.java:logGet(43)) - raft.server.staging.catchup.gap = 1000 (default)
2019-09-26 13:37:57,862 [3eabf511-42f2-4021-89ea-f049958471c8@group-46D68E7322CD:LeaderElection23] INFO  server.RaftServerConfigKeys (ConfUtils.java:logGet(43)) - raft.server.rpc.sleep.time = 25ms (default)
2019-09-26 13:37:57,863 [3eabf511-42f2-4021-89ea-f049958471c8@group-46D68E7322CD:LeaderElection23] INFO  server.RaftServerConfigKeys (ConfUtils.java:logGet(43)) - raft.server.write.element-limit = 4096 (default)
2019-09-26 13:37:57,863 [3eabf511-42f2-4021-89ea-f049958471c8@group-46D68E7322CD:LeaderElection23] INFO  server.RaftServerConfigKeys (ConfUtils.java:logGet(43)) - raft.server.watch.timeout = 10s (default)
2019-09-26 13:37:57,863 [3eabf511-42f2-4021-89ea-f049958471c8@group-46D68E7322CD:LeaderElection23] INFO  server.RaftServerConfigKeys (ConfUtils.java:logGet(43)) - raft.server.watch.timeout.denomination = 1s (default)
2019-09-26 13:37:57,863 [3eabf511-42f2-4021-89ea-f049958471c8@group-46D68E7322CD:LeaderElection23] INFO  server.RaftServerConfigKeys (ConfUtils.java:logGet(43)) - raft.server.watch.element-limit = 65536 (default)
2019-09-26 13:37:57,865 [Thread-288] INFO  impl.FollowerState (FollowerState.java:run(106)) - 3b4472a9-0ad3-4b35-90c6-43d323919912:group-9ACC6DF4FF20 changes to CANDIDATE, lastRpcTime:5041, electionTimeout:5041ms
2019-09-26 13:37:57,865 [3eabf511-42f2-4021-89ea-f049958471c8@group-46D68E7322CD:LeaderElection23] INFO  impl.RoleInfo (RoleInfo.java:updateAndGet(143)) - 3eabf511-42f2-4021-89ea-f049958471c8: start LeaderState
2019-09-26 13:37:57,866 [Thread-288] INFO  impl.RoleInfo (RoleInfo.java:shutdownFollowerState(121)) - 3b4472a9-0ad3-4b35-90c6-43d323919912: shutdown FollowerState
2019-09-26 13:37:57,866 [Thread-288] INFO  impl.RaftServerImpl (RaftServerImpl.java:setRole(174)) - 3b4472a9-0ad3-4b35-90c6-43d323919912@group-9ACC6DF4FF20: changes role from  FOLLOWER to CANDIDATE at term 0 for changeToCandidate
2019-09-26 13:37:57,866 [3eabf511-42f2-4021-89ea-f049958471c8@group-46D68E7322CD:LeaderElection23] INFO  segmented.SegmentedRaftLogWorker (SegmentedRaftLogWorker.java:startLogSegment(380)) - 3eabf511-42f2-4021-89ea-f049958471c8@group-46D68E7322CD-SegmentedRaftLogWorker: Starting segment from index:0
2019-09-26 13:37:57,866 [Thread-288] INFO  impl.RoleInfo (RoleInfo.java:updateAndGet(143)) - 3b4472a9-0ad3-4b35-90c6-43d323919912: start LeaderElection
2019-09-26 13:37:57,866 [3eabf511-42f2-4021-89ea-f049958471c8@group-46D68E7322CD:LeaderElection23] INFO  impl.RaftServerImpl (ServerState.java:setRaftConf(354)) - 3eabf511-42f2-4021-89ea-f049958471c8@group-46D68E7322CD: set configuration 0: [3eabf511-42f2-4021-89ea-f049958471c8:192.168.164.238:39308], old=null at 0
2019-09-26 13:37:57,899 [Thread-291] INFO  impl.FollowerState (FollowerState.java:run(106)) - 3eabf511-42f2-4021-89ea-f049958471c8:group-81DCBC3AD7D1 changes to CANDIDATE, lastRpcTime:5019, electionTimeout:5019ms
2019-09-26 13:37:57,900 [Thread-291] INFO  impl.RoleInfo (RoleInfo.java:shutdownFollowerState(121)) - 3eabf511-42f2-4021-89ea-f049958471c8: shutdown FollowerState
2019-09-26 13:37:57,900 [Thread-291] INFO  impl.RaftServerImpl (RaftServerImpl.java:setRole(174)) - 3eabf511-42f2-4021-89ea-f049958471c8@group-81DCBC3AD7D1: changes role from  FOLLOWER to CANDIDATE at term 0 for changeToCandidate
2019-09-26 13:37:57,900 [Thread-291] INFO  impl.RoleInfo (RoleInfo.java:updateAndGet(143)) - 3eabf511-42f2-4021-89ea-f049958471c8: start LeaderElection
2019-09-26 13:37:57,902 [Thread-285] INFO  impl.FollowerState (FollowerState.java:run(106)) - 07946d80-9a5e-4ca8-81a5-a2e240cd3767:group-FAE9DD783E93 changes to CANDIDATE, lastRpcTime:5132, electionTimeout:5132ms
2019-09-26 13:37:57,902 [Thread-285] INFO  impl.RoleInfo (RoleInfo.java:shutdownFollowerState(121)) - 07946d80-9a5e-4ca8-81a5-a2e240cd3767: shutdown FollowerState
2019-09-26 13:37:57,903 [Thread-285] INFO  impl.RaftServerImpl (RaftServerImpl.java:setRole(174)) - 07946d80-9a5e-4ca8-81a5-a2e240cd3767@group-FAE9DD783E93: changes role from  FOLLOWER to CANDIDATE at term 0 for changeToCandidate
2019-09-26 13:37:57,903 [Thread-285] INFO  impl.RoleInfo (RoleInfo.java:updateAndGet(143)) - 07946d80-9a5e-4ca8-81a5-a2e240cd3767: start LeaderElection
2019-09-26 13:37:57,911 [3eabf511-42f2-4021-89ea-f049958471c8@group-46D68E7322CD-SegmentedRaftLogWorker] INFO  segmented.SegmentedRaftLogWorker (SegmentedRaftLogWorker.java:execute(569)) - 3eabf511-42f2-4021-89ea-f049958471c8@group-46D68E7322CD-SegmentedRaftLogWorker: created new log segment /workdir/hadoop-ozone/tools/target/test-dir/MiniOzoneClusterImpl-d492c611-0ad2-4a0b-a9b3-2cc170b19582/datanode-3/data/ratis/8c24c6e1-0054-4b8d-ac6a-46d68e7322cd/current/log_inprogress_0
2019-09-26 13:37:57,911 [07946d80-9a5e-4ca8-81a5-a2e240cd3767@group-FAE9DD783E93:LeaderElection26] INFO  impl.LeaderElection (LeaderElection.java:askForVotes(182)) - 07946d80-9a5e-4ca8-81a5-a2e240cd3767@group-FAE9DD783E93:LeaderElection26: begin an election at term 1 for -1: [07946d80-9a5e-4ca8-81a5-a2e240cd3767:192.168.164.238:37441], old=null
2019-09-26 13:37:57,911 [3b4472a9-0ad3-4b35-90c6-43d323919912@group-9ACC6DF4FF20:LeaderElection24] INFO  impl.LeaderElection (LeaderElection.java:askForVotes(182)) - 3b4472a9-0ad3-4b35-90c6-43d323919912@group-9ACC6DF4FF20:LeaderElection24: begin an election at term 1 for -1: [3b4472a9-0ad3-4b35-90c6-43d323919912:192.168.164.238:38188], old=null
2019-09-26 13:37:57,911 [07946d80-9a5e-4ca8-81a5-a2e240cd3767@group-FAE9DD783E93:LeaderElection26] INFO  impl.RoleInfo (RoleInfo.java:shutdownLeaderElection(134)) - 07946d80-9a5e-4ca8-81a5-a2e240cd3767: shutdown LeaderElection
2019-09-26 13:37:57,911 [3eabf511-42f2-4021-89ea-f049958471c8@group-81DCBC3AD7D1:LeaderElection25] INFO  impl.LeaderElection (LeaderElection.java:askForVotes(182)) - 3eabf511-42f2-4021-89ea-f049958471c8@group-81DCBC3AD7D1:LeaderElection25: begin an election at term 1 for -1: [3eabf511-42f2-4021-89ea-f049958471c8:192.168.164.238:39308], old=null
2019-09-26 13:37:57,911 [07946d80-9a5e-4ca8-81a5-a2e240cd3767@group-FAE9DD783E93:LeaderElection26] INFO  impl.RaftServerImpl (RaftServerImpl.java:setRole(174)) - 07946d80-9a5e-4ca8-81a5-a2e240cd3767@group-FAE9DD783E93: changes role from CANDIDATE to LEADER at term 1 for changeToLeader
2019-09-26 13:37:57,911 [3b4472a9-0ad3-4b35-90c6-43d323919912@group-9ACC6DF4FF20:LeaderElection24] INFO  impl.RoleInfo (RoleInfo.java:shutdownLeaderElection(134)) - 3b4472a9-0ad3-4b35-90c6-43d323919912: shutdown LeaderElection
2019-09-26 13:37:57,911 [07946d80-9a5e-4ca8-81a5-a2e240cd3767@group-FAE9DD783E93:LeaderElection26] INFO  impl.RaftServerImpl (ServerState.java:setLeader(253)) - 07946d80-9a5e-4ca8-81a5-a2e240cd3767@group-FAE9DD783E93: change Leader from null to 07946d80-9a5e-4ca8-81a5-a2e240cd3767 at term 1 for becomeLeader, leader elected after 5149ms
2019-09-26 13:37:57,911 [3eabf511-42f2-4021-89ea-f049958471c8@group-81DCBC3AD7D1:LeaderElection25] INFO  impl.RoleInfo (RoleInfo.java:shutdownLeaderElection(134)) - 3eabf511-42f2-4021-89ea-f049958471c8: shutdown LeaderElection
2019-09-26 13:37:57,912 [07946d80-9a5e-4ca8-81a5-a2e240cd3767@group-FAE9DD783E93:LeaderElection26] INFO  server.RaftServerConfigKeys (ConfUtils.java:logGet(43)) - raft.server.staging.catchup.gap = 1000 (default)
2019-09-26 13:37:57,911 [3b4472a9-0ad3-4b35-90c6-43d323919912@group-9ACC6DF4FF20:LeaderElection24] INFO  impl.RaftServerImpl (RaftServerImpl.java:setRole(174)) - 3b4472a9-0ad3-4b35-90c6-43d323919912@group-9ACC6DF4FF20: changes role from CANDIDATE to LEADER at term 1 for changeToLeader
2019-09-26 13:37:57,912 [07946d80-9a5e-4ca8-81a5-a2e240cd3767@group-FAE9DD783E93:LeaderElection26] INFO  server.RaftServerConfigKeys (ConfUtils.java:logGet(43)) - raft.server.rpc.sleep.time = 25ms (default)
2019-09-26 13:37:57,912 [3eabf511-42f2-4021-89ea-f049958471c8@group-81DCBC3AD7D1:LeaderElection25] INFO  impl.RaftServerImpl (RaftServerImpl.java:setRole(174)) - 3eabf511-42f2-4021-89ea-f049958471c8@group-81DCBC3AD7D1: changes role from CANDIDATE to LEADER at term 1 for changeToLeader
2019-09-26 13:37:57,912 [3b4472a9-0ad3-4b35-90c6-43d323919912@group-9ACC6DF4FF20:LeaderElection24] INFO  impl.RaftServerImpl (ServerState.java:setLeader(253)) - 3b4472a9-0ad3-4b35-90c6-43d323919912@group-9ACC6DF4FF20: change Leader from null to 3b4472a9-0ad3-4b35-90c6-43d323919912 at term 1 for becomeLeader, leader elected after 5096ms
2019-09-26 13:37:57,912 [07946d80-9a5e-4ca8-81a5-a2e240cd3767@group-FAE9DD783E93:LeaderElection26] INFO  server.RaftServerConfigKeys (ConfUtils.java:logGet(43)) - raft.server.write.element-limit = 4096 (default)
2019-09-26 13:37:57,912 [3eabf511-42f2-4021-89ea-f049958471c8@group-81DCBC3AD7D1:LeaderElection25] INFO  impl.RaftServerImpl (ServerState.java:setLeader(253)) - 3eabf511-42f2-4021-89ea-f049958471c8@group-81DCBC3AD7D1: change Leader from null to 3eabf511-42f2-4021-89ea-f049958471c8 at term 1 for becomeLeader, leader elected after 5041ms
2019-09-26 13:37:57,912 [07946d80-9a5e-4ca8-81a5-a2e240cd3767@group-FAE9DD783E93:LeaderElection26] INFO  server.RaftServerConfigKeys (ConfUtils.java:logGet(43)) - raft.server.watch.timeout = 10s (default)
2019-09-26 13:37:57,912 [3b4472a9-0ad3-4b35-90c6-43d323919912@group-9ACC6DF4FF20:LeaderElection24] INFO  server.RaftServerConfigKeys (ConfUtils.java:logGet(43)) - raft.server.staging.catchup.gap = 1000 (default)
2019-09-26 13:37:57,913 [07946d80-9a5e-4ca8-81a5-a2e240cd3767@group-FAE9DD783E93:LeaderElection26] INFO  server.RaftServerConfigKeys (ConfUtils.java:logGet(43)) - raft.server.watch.timeout.denomination = 1s (default)
2019-09-26 13:37:57,913 [3eabf511-42f2-4021-89ea-f049958471c8@group-81DCBC3AD7D1:LeaderElection25] INFO  server.RaftServerConfigKeys (ConfUtils.java:logGet(43)) - raft.server.staging.catchup.gap = 1000 (default)
2019-09-26 13:37:57,913 [07946d80-9a5e-4ca8-81a5-a2e240cd3767@group-FAE9DD783E93:LeaderElection26] INFO  server.RaftServerConfigKeys (ConfUtils.java:logGet(43)) - raft.server.watch.element-limit = 65536 (default)
2019-09-26 13:37:57,913 [3b4472a9-0ad3-4b35-90c6-43d323919912@group-9ACC6DF4FF20:LeaderElection24] INFO  server.RaftServerConfigKeys (ConfUtils.java:logGet(43)) - raft.server.rpc.sleep.time = 25ms (default)
2019-09-26 13:37:57,913 [3eabf511-42f2-4021-89ea-f049958471c8@group-81DCBC3AD7D1:LeaderElection25] INFO  server.RaftServerConfigKeys (ConfUtils.java:logGet(43)) - raft.server.rpc.sleep.time = 25ms (default)
2019-09-26 13:37:57,914 [3b4472a9-0ad3-4b35-90c6-43d323919912@group-9ACC6DF4FF20:LeaderElection24] INFO  server.RaftServerConfigKeys (ConfUtils.java:logGet(43)) - raft.server.write.element-limit = 4096 (default)
2019-09-26 13:37:57,914 [3eabf511-42f2-4021-89ea-f049958471c8@group-81DCBC3AD7D1:LeaderElection25] INFO  server.RaftServerConfigKeys (ConfUtils.java:logGet(43)) - raft.server.write.element-limit = 4096 (default)
2019-09-26 13:37:57,914 [3b4472a9-0ad3-4b35-90c6-43d323919912@group-9ACC6DF4FF20:LeaderElection24] INFO  server.RaftServerConfigKeys (ConfUtils.java:logGet(43)) - raft.server.watch.timeout = 10s (default)
2019-09-26 13:37:57,914 [3eabf511-42f2-4021-89ea-f049958471c8@group-81DCBC3AD7D1:LeaderElection25] INFO  server.RaftServerConfigKeys (ConfUtils.java:logGet(43)) - raft.server.watch.timeout = 10s (default)
2019-09-26 13:37:57,914 [3b4472a9-0ad3-4b35-90c6-43d323919912@group-9ACC6DF4FF20:LeaderElection24] INFO  server.RaftServerConfigKeys (ConfUtils.java:logGet(43)) - raft.server.watch.timeout.denomination = 1s (default)
2019-09-26 13:37:57,914 [3eabf511-42f2-4021-89ea-f049958471c8@group-81DCBC3AD7D1:LeaderElection25] INFO  server.RaftServerConfigKeys (ConfUtils.java:logGet(43)) - raft.server.watch.timeout.denomination = 1s (default)
2019-09-26 13:37:57,914 [3b4472a9-0ad3-4b35-90c6-43d323919912@group-9ACC6DF4FF20:LeaderElection24] INFO  server.RaftServerConfigKeys (ConfUtils.java:logGet(43)) - raft.server.watch.element-limit = 65536 (default)
2019-09-26 13:37:57,914 [3eabf511-42f2-4021-89ea-f049958471c8@group-81DCBC3AD7D1:LeaderElection25] INFO  server.RaftServerConfigKeys (ConfUtils.java:logGet(43)) - raft.server.watch.element-limit = 65536 (default)
2019-09-26 13:37:57,917 [07946d80-9a5e-4ca8-81a5-a2e240cd3767@group-FAE9DD783E93:LeaderElection26] INFO  impl.RoleInfo (RoleInfo.java:updateAndGet(143)) - 07946d80-9a5e-4ca8-81a5-a2e240cd3767: start LeaderState
2019-09-26 13:37:57,917 [07946d80-9a5e-4ca8-81a5-a2e240cd3767@group-FAE9DD783E93:LeaderElection26] INFO  segmented.SegmentedRaftLogWorker (SegmentedRaftLogWorker.java:startLogSegment(380)) - 07946d80-9a5e-4ca8-81a5-a2e240cd3767@group-FAE9DD783E93-SegmentedRaftLogWorker: Starting segment from index:0
2019-09-26 13:37:57,917 [07946d80-9a5e-4ca8-81a5-a2e240cd3767@group-FAE9DD783E93:LeaderElection26] INFO  impl.RaftServerImpl (ServerState.java:setRaftConf(354)) - 07946d80-9a5e-4ca8-81a5-a2e240cd3767@group-FAE9DD783E93: set configuration 0: [07946d80-9a5e-4ca8-81a5-a2e240cd3767:192.168.164.238:37441], old=null at 0
2019-09-26 13:37:57,950 [3b4472a9-0ad3-4b35-90c6-43d323919912@group-9ACC6DF4FF20:LeaderElection24] INFO  impl.RoleInfo (RoleInfo.java:updateAndGet(143)) - 3b4472a9-0ad3-4b35-90c6-43d323919912: start LeaderState
2019-09-26 13:37:57,950 [3eabf511-42f2-4021-89ea-f049958471c8@group-81DCBC3AD7D1:LeaderElection25] INFO  impl.RoleInfo (RoleInfo.java:updateAndGet(143)) - 3eabf511-42f2-4021-89ea-f049958471c8: start LeaderState
2019-09-26 13:37:57,950 [3b4472a9-0ad3-4b35-90c6-43d323919912@group-9ACC6DF4FF20:LeaderElection24] INFO  segmented.SegmentedRaftLogWorker (SegmentedRaftLogWorker.java:startLogSegment(380)) - 3b4472a9-0ad3-4b35-90c6-43d323919912@group-9ACC6DF4FF20-SegmentedRaftLogWorker: Starting segment from index:0
2019-09-26 13:37:57,950 [3eabf511-42f2-4021-89ea-f049958471c8@group-81DCBC3AD7D1:LeaderElection25] INFO  segmented.SegmentedRaftLogWorker (SegmentedRaftLogWorker.java:startLogSegment(380)) - 3eabf511-42f2-4021-89ea-f049958471c8@group-81DCBC3AD7D1-SegmentedRaftLogWorker: Starting segment from index:0
2019-09-26 13:37:57,951 [3b4472a9-0ad3-4b35-90c6-43d323919912@group-9ACC6DF4FF20:LeaderElection24] INFO  impl.RaftServerImpl (ServerState.java:setRaftConf(354)) - 3b4472a9-0ad3-4b35-90c6-43d323919912@group-9ACC6DF4FF20: set configuration 0: [3b4472a9-0ad3-4b35-90c6-43d323919912:192.168.164.238:38188], old=null at 0
2019-09-26 13:37:57,952 [3eabf511-42f2-4021-89ea-f049958471c8@group-81DCBC3AD7D1:LeaderElection25] INFO  impl.RaftServerImpl (ServerState.java:setRaftConf(354)) - 3eabf511-42f2-4021-89ea-f049958471c8@group-81DCBC3AD7D1: set configuration 0: [3eabf511-42f2-4021-89ea-f049958471c8:192.168.164.238:39308], old=null at 0
2019-09-26 13:37:57,979 [07946d80-9a5e-4ca8-81a5-a2e240cd3767@group-FAE9DD783E93-SegmentedRaftLogWorker] INFO  segmented.SegmentedRaftLogWorker (SegmentedRaftLogWorker.java:execute(569)) - 07946d80-9a5e-4ca8-81a5-a2e240cd3767@group-FAE9DD783E93-SegmentedRaftLogWorker: created new log segment /workdir/hadoop-ozone/tools/target/test-dir/MiniOzoneClusterImpl-d492c611-0ad2-4a0b-a9b3-2cc170b19582/datanode-1/data/ratis/8c619bce-cbcd-473d-af82-fae9dd783e93/current/log_inprogress_0
2019-09-26 13:37:57,992 [3eabf511-42f2-4021-89ea-f049958471c8@group-81DCBC3AD7D1-SegmentedRaftLogWorker] INFO  segmented.SegmentedRaftLogWorker (SegmentedRaftLogWorker.java:execute(569)) - 3eabf511-42f2-4021-89ea-f049958471c8@group-81DCBC3AD7D1-SegmentedRaftLogWorker: created new log segment /workdir/hadoop-ozone/tools/target/test-dir/MiniOzoneClusterImpl-d492c611-0ad2-4a0b-a9b3-2cc170b19582/datanode-3/data/ratis/113b7c45-39a3-4db3-9cc2-81dcbc3ad7d1/current/log_inprogress_0
2019-09-26 13:37:58,015 [3b4472a9-0ad3-4b35-90c6-43d323919912@group-9ACC6DF4FF20-SegmentedRaftLogWorker] INFO  segmented.SegmentedRaftLogWorker (SegmentedRaftLogWorker.java:execute(569)) - 3b4472a9-0ad3-4b35-90c6-43d323919912@group-9ACC6DF4FF20-SegmentedRaftLogWorker: created new log segment /workdir/hadoop-ozone/tools/target/test-dir/MiniOzoneClusterImpl-d492c611-0ad2-4a0b-a9b3-2cc170b19582/datanode-2/data/ratis/f8656f29-fcc5-4fb7-9a2b-9acc6df4ff20/current/log_inprogress_0
2019-09-26 13:37:58,062 [Thread-297] INFO  impl.FollowerState (FollowerState.java:run(106)) - 3557bb53-8e52-4f49-8c22-7e13e7d0c46b:group-5732E8242A8A changes to CANDIDATE, lastRpcTime:5079, electionTimeout:5079ms
2019-09-26 13:37:58,062 [Thread-297] INFO  impl.RoleInfo (RoleInfo.java:shutdownFollowerState(121)) - 3557bb53-8e52-4f49-8c22-7e13e7d0c46b: shutdown FollowerState
2019-09-26 13:37:58,063 [Thread-297] INFO  impl.RaftServerImpl (RaftServerImpl.java:setRole(174)) - 3557bb53-8e52-4f49-8c22-7e13e7d0c46b@group-5732E8242A8A: changes role from  FOLLOWER to CANDIDATE at term 0 for changeToCandidate
2019-09-26 13:37:58,063 [Thread-297] INFO  impl.RoleInfo (RoleInfo.java:updateAndGet(143)) - 3557bb53-8e52-4f49-8c22-7e13e7d0c46b: start LeaderElection
2019-09-26 13:37:58,071 [Thread-301] INFO  impl.FollowerState (FollowerState.java:run(106)) - 3557bb53-8e52-4f49-8c22-7e13e7d0c46b:group-D440289CF17A changes to CANDIDATE, lastRpcTime:5014, electionTimeout:5014ms
2019-09-26 13:37:58,071 [Thread-301] INFO  impl.RoleInfo (RoleInfo.java:shutdownFollowerState(121)) - 3557bb53-8e52-4f49-8c22-7e13e7d0c46b: shutdown FollowerState
2019-09-26 13:37:58,071 [Thread-301] INFO  impl.RaftServerImpl (RaftServerImpl.java:setRole(174)) - 3557bb53-8e52-4f49-8c22-7e13e7d0c46b@group-D440289CF17A: changes role from  FOLLOWER to CANDIDATE at term 0 for changeToCandidate
2019-09-26 13:37:58,072 [Thread-301] INFO  impl.RoleInfo (RoleInfo.java:updateAndGet(143)) - 3557bb53-8e52-4f49-8c22-7e13e7d0c46b: start LeaderElection
2019-09-26 13:37:58,080 [3557bb53-8e52-4f49-8c22-7e13e7d0c46b@group-5732E8242A8A:LeaderElection27] INFO  impl.LeaderElection (LeaderElection.java:askForVotes(182)) - 3557bb53-8e52-4f49-8c22-7e13e7d0c46b@group-5732E8242A8A:LeaderElection27: begin an election at term 1 for -1: [3557bb53-8e52-4f49-8c22-7e13e7d0c46b:192.168.164.238:39348], old=null
2019-09-26 13:37:58,080 [3557bb53-8e52-4f49-8c22-7e13e7d0c46b@group-D440289CF17A:LeaderElection28] INFO  impl.LeaderElection (LeaderElection.java:askForVotes(182)) - 3557bb53-8e52-4f49-8c22-7e13e7d0c46b@group-D440289CF17A:LeaderElection28: begin an election at term 1 for -1: [3557bb53-8e52-4f49-8c22-7e13e7d0c46b:192.168.164.238:39348], old=null
2019-09-26 13:37:58,080 [3557bb53-8e52-4f49-8c22-7e13e7d0c46b@group-5732E8242A8A:LeaderElection27] INFO  impl.RoleInfo (RoleInfo.java:shutdownLeaderElection(134)) - 3557bb53-8e52-4f49-8c22-7e13e7d0c46b: shutdown LeaderElection
2019-09-26 13:37:58,080 [3557bb53-8e52-4f49-8c22-7e13e7d0c46b@group-D440289CF17A:LeaderElection28] INFO  impl.RoleInfo (RoleInfo.java:shutdownLeaderElection(134)) - 3557bb53-8e52-4f49-8c22-7e13e7d0c46b: shutdown LeaderElection
2019-09-26 13:37:58,080 [3557bb53-8e52-4f49-8c22-7e13e7d0c46b@group-5732E8242A8A:LeaderElection27] INFO  impl.RaftServerImpl (RaftServerImpl.java:setRole(174)) - 3557bb53-8e52-4f49-8c22-7e13e7d0c46b@group-5732E8242A8A: changes role from CANDIDATE to LEADER at term 1 for changeToLeader
2019-09-26 13:37:58,080 [3557bb53-8e52-4f49-8c22-7e13e7d0c46b@group-D440289CF17A:LeaderElection28] INFO  impl.RaftServerImpl (RaftServerImpl.java:setRole(174)) - 3557bb53-8e52-4f49-8c22-7e13e7d0c46b@group-D440289CF17A: changes role from CANDIDATE to LEADER at term 1 for changeToLeader
2019-09-26 13:37:58,080 [3557bb53-8e52-4f49-8c22-7e13e7d0c46b@group-5732E8242A8A:LeaderElection27] INFO  impl.RaftServerImpl (ServerState.java:setLeader(253)) - 3557bb53-8e52-4f49-8c22-7e13e7d0c46b@group-5732E8242A8A: change Leader from null to 3557bb53-8e52-4f49-8c22-7e13e7d0c46b at term 1 for becomeLeader, leader elected after 5104ms
2019-09-26 13:37:58,080 [3557bb53-8e52-4f49-8c22-7e13e7d0c46b@group-D440289CF17A:LeaderElection28] INFO  impl.RaftServerImpl (ServerState.java:setLeader(253)) - 3557bb53-8e52-4f49-8c22-7e13e7d0c46b@group-D440289CF17A: change Leader from null to 3557bb53-8e52-4f49-8c22-7e13e7d0c46b at term 1 for becomeLeader, leader elected after 5031ms
2019-09-26 13:37:58,080 [3557bb53-8e52-4f49-8c22-7e13e7d0c46b@group-5732E8242A8A:LeaderElection27] INFO  server.RaftServerConfigKeys (ConfUtils.java:logGet(43)) - raft.server.staging.catchup.gap = 1000 (default)
2019-09-26 13:37:58,081 [3557bb53-8e52-4f49-8c22-7e13e7d0c46b@group-D440289CF17A:LeaderElection28] INFO  server.RaftServerConfigKeys (ConfUtils.java:logGet(43)) - raft.server.staging.catchup.gap = 1000 (default)
2019-09-26 13:37:58,081 [3557bb53-8e52-4f49-8c22-7e13e7d0c46b@group-5732E8242A8A:LeaderElection27] INFO  server.RaftServerConfigKeys (ConfUtils.java:logGet(43)) - raft.server.rpc.sleep.time = 25ms (default)
2019-09-26 13:37:58,081 [3557bb53-8e52-4f49-8c22-7e13e7d0c46b@group-D440289CF17A:LeaderElection28] INFO  server.RaftServerConfigKeys (ConfUtils.java:logGet(43)) - raft.server.rpc.sleep.time = 25ms (default)
2019-09-26 13:37:58,081 [3557bb53-8e52-4f49-8c22-7e13e7d0c46b@group-5732E8242A8A:LeaderElection27] INFO  server.RaftServerConfigKeys (ConfUtils.java:logGet(43)) - raft.server.write.element-limit = 4096 (default)
2019-09-26 13:37:58,081 [3557bb53-8e52-4f49-8c22-7e13e7d0c46b@group-D440289CF17A:LeaderElection28] INFO  server.RaftServerConfigKeys (ConfUtils.java:logGet(43)) - raft.server.write.element-limit = 4096 (default)
2019-09-26 13:37:58,081 [3557bb53-8e52-4f49-8c22-7e13e7d0c46b@group-5732E8242A8A:LeaderElection27] INFO  server.RaftServerConfigKeys (ConfUtils.java:logGet(43)) - raft.server.watch.timeout = 10s (default)
2019-09-26 13:37:58,081 [3557bb53-8e52-4f49-8c22-7e13e7d0c46b@group-D440289CF17A:LeaderElection28] INFO  server.RaftServerConfigKeys (ConfUtils.java:logGet(43)) - raft.server.watch.timeout = 10s (default)
2019-09-26 13:37:58,082 [3557bb53-8e52-4f49-8c22-7e13e7d0c46b@group-5732E8242A8A:LeaderElection27] INFO  server.RaftServerConfigKeys (ConfUtils.java:logGet(43)) - raft.server.watch.timeout.denomination = 1s (default)
2019-09-26 13:37:58,082 [3557bb53-8e52-4f49-8c22-7e13e7d0c46b@group-D440289CF17A:LeaderElection28] INFO  server.RaftServerConfigKeys (ConfUtils.java:logGet(43)) - raft.server.watch.timeout.denomination = 1s (default)
2019-09-26 13:37:58,082 [3557bb53-8e52-4f49-8c22-7e13e7d0c46b@group-5732E8242A8A:LeaderElection27] INFO  server.RaftServerConfigKeys (ConfUtils.java:logGet(43)) - raft.server.watch.element-limit = 65536 (default)
2019-09-26 13:37:58,082 [3557bb53-8e52-4f49-8c22-7e13e7d0c46b@group-D440289CF17A:LeaderElection28] INFO  server.RaftServerConfigKeys (ConfUtils.java:logGet(43)) - raft.server.watch.element-limit = 65536 (default)
2019-09-26 13:37:58,085 [3557bb53-8e52-4f49-8c22-7e13e7d0c46b@group-5732E8242A8A:LeaderElection27] INFO  impl.RoleInfo (RoleInfo.java:updateAndGet(143)) - 3557bb53-8e52-4f49-8c22-7e13e7d0c46b: start LeaderState
2019-09-26 13:37:58,085 [3557bb53-8e52-4f49-8c22-7e13e7d0c46b@group-5732E8242A8A:LeaderElection27] INFO  segmented.SegmentedRaftLogWorker (SegmentedRaftLogWorker.java:startLogSegment(380)) - 3557bb53-8e52-4f49-8c22-7e13e7d0c46b@group-5732E8242A8A-SegmentedRaftLogWorker: Starting segment from index:0
2019-09-26 13:37:58,085 [3557bb53-8e52-4f49-8c22-7e13e7d0c46b@group-D440289CF17A:LeaderElection28] INFO  impl.RoleInfo (RoleInfo.java:updateAndGet(143)) - 3557bb53-8e52-4f49-8c22-7e13e7d0c46b: start LeaderState
2019-09-26 13:37:58,085 [3557bb53-8e52-4f49-8c22-7e13e7d0c46b@group-D440289CF17A:LeaderElection28] INFO  segmented.SegmentedRaftLogWorker (SegmentedRaftLogWorker.java:startLogSegment(380)) - 3557bb53-8e52-4f49-8c22-7e13e7d0c46b@group-D440289CF17A-SegmentedRaftLogWorker: Starting segment from index:0
2019-09-26 13:37:58,086 [3557bb53-8e52-4f49-8c22-7e13e7d0c46b@group-5732E8242A8A:LeaderElection27] INFO  impl.RaftServerImpl (ServerState.java:setRaftConf(354)) - 3557bb53-8e52-4f49-8c22-7e13e7d0c46b@group-5732E8242A8A: set configuration 0: [3557bb53-8e52-4f49-8c22-7e13e7d0c46b:192.168.164.238:39348], old=null at 0
2019-09-26 13:37:58,088 [3557bb53-8e52-4f49-8c22-7e13e7d0c46b@group-D440289CF17A:LeaderElection28] INFO  impl.RaftServerImpl (ServerState.java:setRaftConf(354)) - 3557bb53-8e52-4f49-8c22-7e13e7d0c46b@group-D440289CF17A: set configuration 0: [3557bb53-8e52-4f49-8c22-7e13e7d0c46b:192.168.164.238:39348], old=null at 0
2019-09-26 13:37:58,126 [Thread-294] INFO  impl.FollowerState (FollowerState.java:run(106)) - 3eabf511-42f2-4021-89ea-f049958471c8:group-03C461832366 changes to CANDIDATE, lastRpcTime:5194, electionTimeout:5183ms
2019-09-26 13:37:58,127 [Thread-294] INFO  impl.RoleInfo (RoleInfo.java:shutdownFollowerState(121)) - 3eabf511-42f2-4021-89ea-f049958471c8: shutdown FollowerState
2019-09-26 13:37:58,127 [Thread-294] INFO  impl.RaftServerImpl (RaftServerImpl.java:setRole(174)) - 3eabf511-42f2-4021-89ea-f049958471c8@group-03C461832366: changes role from  FOLLOWER to CANDIDATE at term 0 for changeToCandidate
2019-09-26 13:37:58,127 [Thread-294] INFO  impl.RoleInfo (RoleInfo.java:updateAndGet(143)) - 3eabf511-42f2-4021-89ea-f049958471c8: start LeaderElection
2019-09-26 13:37:58,129 [Thread-304] INFO  impl.FollowerState (FollowerState.java:run(106)) - 3557bb53-8e52-4f49-8c22-7e13e7d0c46b:group-941A8DDBF832 changes to CANDIDATE, lastRpcTime:5012, electionTimeout:5011ms
2019-09-26 13:37:58,129 [Thread-304] INFO  impl.RoleInfo (RoleInfo.java:shutdownFollowerState(121)) - 3557bb53-8e52-4f49-8c22-7e13e7d0c46b: shutdown FollowerState
2019-09-26 13:37:58,129 [Thread-304] INFO  impl.RaftServerImpl (RaftServerImpl.java:setRole(174)) - 3557bb53-8e52-4f49-8c22-7e13e7d0c46b@group-941A8DDBF832: changes role from  FOLLOWER to CANDIDATE at term 0 for changeToCandidate
2019-09-26 13:37:58,129 [Thread-304] INFO  impl.RoleInfo (RoleInfo.java:updateAndGet(143)) - 3557bb53-8e52-4f49-8c22-7e13e7d0c46b: start LeaderElection
2019-09-26 13:37:58,151 [3557bb53-8e52-4f49-8c22-7e13e7d0c46b@group-5732E8242A8A-SegmentedRaftLogWorker] INFO  segmented.SegmentedRaftLogWorker (SegmentedRaftLogWorker.java:execute(569)) - 3557bb53-8e52-4f49-8c22-7e13e7d0c46b@group-5732E8242A8A-SegmentedRaftLogWorker: created new log segment /workdir/hadoop-ozone/tools/target/test-dir/MiniOzoneClusterImpl-d492c611-0ad2-4a0b-a9b3-2cc170b19582/datanode-4/data/ratis/7295275b-c845-490d-a622-5732e8242a8a/current/log_inprogress_0
2019-09-26 13:37:58,151 [3557bb53-8e52-4f49-8c22-7e13e7d0c46b@group-D440289CF17A-SegmentedRaftLogWorker] INFO  segmented.SegmentedRaftLogWorker (SegmentedRaftLogWorker.java:execute(569)) - 3557bb53-8e52-4f49-8c22-7e13e7d0c46b@group-D440289CF17A-SegmentedRaftLogWorker: created new log segment /workdir/hadoop-ozone/tools/target/test-dir/MiniOzoneClusterImpl-d492c611-0ad2-4a0b-a9b3-2cc170b19582/datanode-4/data/ratis/74e7dea9-c65e-4494-85ee-d440289cf17a/current/log_inprogress_0
2019-09-26 13:37:58,151 [3eabf511-42f2-4021-89ea-f049958471c8@group-03C461832366:LeaderElection29] INFO  impl.LeaderElection (LeaderElection.java:askForVotes(182)) - 3eabf511-42f2-4021-89ea-f049958471c8@group-03C461832366:LeaderElection29: begin an election at term 1 for -1: [3eabf511-42f2-4021-89ea-f049958471c8:192.168.164.238:39308], old=null
2019-09-26 13:37:58,151 [3557bb53-8e52-4f49-8c22-7e13e7d0c46b@group-941A8DDBF832:LeaderElection30] INFO  impl.LeaderElection (LeaderElection.java:askForVotes(182)) - 3557bb53-8e52-4f49-8c22-7e13e7d0c46b@group-941A8DDBF832:LeaderElection30: begin an election at term 1 for -1: [3557bb53-8e52-4f49-8c22-7e13e7d0c46b:192.168.164.238:39348], old=null
2019-09-26 13:37:58,151 [3eabf511-42f2-4021-89ea-f049958471c8@group-03C461832366:LeaderElection29] INFO  impl.RoleInfo (RoleInfo.java:shutdownLeaderElection(134)) - 3eabf511-42f2-4021-89ea-f049958471c8: shutdown LeaderElection
2019-09-26 13:37:58,152 [3557bb53-8e52-4f49-8c22-7e13e7d0c46b@group-941A8DDBF832:LeaderElection30] INFO  impl.RoleInfo (RoleInfo.java:shutdownLeaderElection(134)) - 3557bb53-8e52-4f49-8c22-7e13e7d0c46b: shutdown LeaderElection
2019-09-26 13:37:58,152 [3eabf511-42f2-4021-89ea-f049958471c8@group-03C461832366:LeaderElection29] INFO  impl.RaftServerImpl (RaftServerImpl.java:setRole(174)) - 3eabf511-42f2-4021-89ea-f049958471c8@group-03C461832366: changes role from CANDIDATE to LEADER at term 1 for changeToLeader
2019-09-26 13:37:58,152 [3557bb53-8e52-4f49-8c22-7e13e7d0c46b@group-941A8DDBF832:LeaderElection30] INFO  impl.RaftServerImpl (RaftServerImpl.java:setRole(174)) - 3557bb53-8e52-4f49-8c22-7e13e7d0c46b@group-941A8DDBF832: changes role from CANDIDATE to LEADER at term 1 for changeToLeader
2019-09-26 13:37:58,152 [3eabf511-42f2-4021-89ea-f049958471c8@group-03C461832366:LeaderElection29] INFO  impl.RaftServerImpl (ServerState.java:setLeader(253)) - 3eabf511-42f2-4021-89ea-f049958471c8@group-03C461832366: change Leader from null to 3eabf511-42f2-4021-89ea-f049958471c8 at term 1 for becomeLeader, leader elected after 5226ms
2019-09-26 13:37:58,152 [3557bb53-8e52-4f49-8c22-7e13e7d0c46b@group-941A8DDBF832:LeaderElection30] INFO  impl.RaftServerImpl (ServerState.java:setLeader(253)) - 3557bb53-8e52-4f49-8c22-7e13e7d0c46b@group-941A8DDBF832: change Leader from null to 3557bb53-8e52-4f49-8c22-7e13e7d0c46b at term 1 for becomeLeader, leader elected after 5041ms
2019-09-26 13:37:58,152 [3eabf511-42f2-4021-89ea-f049958471c8@group-03C461832366:LeaderElection29] INFO  server.RaftServerConfigKeys (ConfUtils.java:logGet(43)) - raft.server.staging.catchup.gap = 1000 (default)
2019-09-26 13:37:58,152 [3557bb53-8e52-4f49-8c22-7e13e7d0c46b@group-941A8DDBF832:LeaderElection30] INFO  server.RaftServerConfigKeys (ConfUtils.java:logGet(43)) - raft.server.staging.catchup.gap = 1000 (default)
2019-09-26 13:37:58,152 [3eabf511-42f2-4021-89ea-f049958471c8@group-03C461832366:LeaderElection29] INFO  server.RaftServerConfigKeys (ConfUtils.java:logGet(43)) - raft.server.rpc.sleep.time = 25ms (default)
2019-09-26 13:37:58,153 [3557bb53-8e52-4f49-8c22-7e13e7d0c46b@group-941A8DDBF832:LeaderElection30] INFO  server.RaftServerConfigKeys (ConfUtils.java:logGet(43)) - raft.server.rpc.sleep.time = 25ms (default)
2019-09-26 13:37:58,153 [3eabf511-42f2-4021-89ea-f049958471c8@group-03C461832366:LeaderElection29] INFO  server.RaftServerConfigKeys (ConfUtils.java:logGet(43)) - raft.server.write.element-limit = 4096 (default)
2019-09-26 13:37:58,153 [3557bb53-8e52-4f49-8c22-7e13e7d0c46b@group-941A8DDBF832:LeaderElection30] INFO  server.RaftServerConfigKeys (ConfUtils.java:logGet(43)) - raft.server.write.element-limit = 4096 (default)
2019-09-26 13:37:58,153 [3eabf511-42f2-4021-89ea-f049958471c8@group-03C461832366:LeaderElection29] INFO  server.RaftServerConfigKeys (ConfUtils.java:logGet(43)) - raft.server.watch.timeout = 10s (default)
2019-09-26 13:37:58,153 [3557bb53-8e52-4f49-8c22-7e13e7d0c46b@group-941A8DDBF832:LeaderElection30] INFO  server.RaftServerConfigKeys (ConfUtils.java:logGet(43)) - raft.server.watch.timeout = 10s (default)
2019-09-26 13:37:58,153 [3eabf511-42f2-4021-89ea-f049958471c8@group-03C461832366:LeaderElection29] INFO  server.RaftServerConfigKeys (ConfUtils.java:logGet(43)) - raft.server.watch.timeout.denomination = 1s (default)
2019-09-26 13:37:58,153 [3557bb53-8e52-4f49-8c22-7e13e7d0c46b@group-941A8DDBF832:LeaderElection30] INFO  server.RaftServerConfigKeys (ConfUtils.java:logGet(43)) - raft.server.watch.timeout.denomination = 1s (default)
2019-09-26 13:37:58,154 [3eabf511-42f2-4021-89ea-f049958471c8@group-03C461832366:LeaderElection29] INFO  server.RaftServerConfigKeys (ConfUtils.java:logGet(43)) - raft.server.watch.element-limit = 65536 (default)
2019-09-26 13:37:58,154 [3557bb53-8e52-4f49-8c22-7e13e7d0c46b@group-941A8DDBF832:LeaderElection30] INFO  server.RaftServerConfigKeys (ConfUtils.java:logGet(43)) - raft.server.watch.element-limit = 65536 (default)
2019-09-26 13:37:58,157 [3eabf511-42f2-4021-89ea-f049958471c8@group-03C461832366:LeaderElection29] INFO  impl.RoleInfo (RoleInfo.java:updateAndGet(143)) - 3eabf511-42f2-4021-89ea-f049958471c8: start LeaderState
2019-09-26 13:37:58,157 [3eabf511-42f2-4021-89ea-f049958471c8@group-03C461832366:LeaderElection29] INFO  segmented.SegmentedRaftLogWorker (SegmentedRaftLogWorker.java:startLogSegment(380)) - 3eabf511-42f2-4021-89ea-f049958471c8@group-03C461832366-SegmentedRaftLogWorker: Starting segment from index:0
2019-09-26 13:37:58,157 [3557bb53-8e52-4f49-8c22-7e13e7d0c46b@group-941A8DDBF832:LeaderElection30] INFO  impl.RoleInfo (RoleInfo.java:updateAndGet(143)) - 3557bb53-8e52-4f49-8c22-7e13e7d0c46b: start LeaderState
2019-09-26 13:37:58,158 [3557bb53-8e52-4f49-8c22-7e13e7d0c46b@group-941A8DDBF832:LeaderElection30] INFO  segmented.SegmentedRaftLogWorker (SegmentedRaftLogWorker.java:startLogSegment(380)) - 3557bb53-8e52-4f49-8c22-7e13e7d0c46b@group-941A8DDBF832-SegmentedRaftLogWorker: Starting segment from index:0
2019-09-26 13:37:58,158 [3eabf511-42f2-4021-89ea-f049958471c8@group-03C461832366:LeaderElection29] INFO  impl.RaftServerImpl (ServerState.java:setRaftConf(354)) - 3eabf511-42f2-4021-89ea-f049958471c8@group-03C461832366: set configuration 0: [3eabf511-42f2-4021-89ea-f049958471c8:192.168.164.238:39308], old=null at 0
2019-09-26 13:37:58,195 [3557bb53-8e52-4f49-8c22-7e13e7d0c46b@group-941A8DDBF832:LeaderElection30] INFO  impl.RaftServerImpl (ServerState.java:setRaftConf(354)) - 3557bb53-8e52-4f49-8c22-7e13e7d0c46b@group-941A8DDBF832: set configuration 0: [3557bb53-8e52-4f49-8c22-7e13e7d0c46b:192.168.164.238:39348], old=null at 0
2019-09-26 13:37:58,223 [3eabf511-42f2-4021-89ea-f049958471c8@group-03C461832366-SegmentedRaftLogWorker] INFO  segmented.SegmentedRaftLogWorker (SegmentedRaftLogWorker.java:execute(569)) - 3eabf511-42f2-4021-89ea-f049958471c8@group-03C461832366-SegmentedRaftLogWorker: created new log segment /workdir/hadoop-ozone/tools/target/test-dir/MiniOzoneClusterImpl-d492c611-0ad2-4a0b-a9b3-2cc170b19582/datanode-3/data/ratis/2b8ac04b-bc50-4650-9d0b-03c461832366/current/log_inprogress_0
2019-09-26 13:37:58,236 [3557bb53-8e52-4f49-8c22-7e13e7d0c46b@group-941A8DDBF832-SegmentedRaftLogWorker] INFO  segmented.SegmentedRaftLogWorker (SegmentedRaftLogWorker.java:execute(569)) - 3557bb53-8e52-4f49-8c22-7e13e7d0c46b@group-941A8DDBF832-SegmentedRaftLogWorker: created new log segment /workdir/hadoop-ozone/tools/target/test-dir/MiniOzoneClusterImpl-d492c611-0ad2-4a0b-a9b3-2cc170b19582/datanode-4/data/ratis/12823d66-d0cd-4f76-8c41-941a8ddbf832/current/log_inprogress_0
]]></system-out>
    <system-err><![CDATA[ERROR StatusLogger No Log4j 2 configuration file found. Using default configuration (logging only errors to the console), or user programmatically provided configurations. Set system property 'log4j2.debug' to show Log4j 2 internal initialization logging. See https://logging.apache.org/log4j/2.x/manual/configuration.html for instructions on how to configure Log4j 2
]]></system-err>
  </testcase>
  <testcase name="standaloneTestLargeKey" classname="org.apache.hadoop.ozone.freon.TestDataValidateWithSafeByteOperations" time="10.115">
    <error message="Allocated 0 blocks. Requested 5 blocks" type="INTERNAL_ERROR org.apache.hadoop.ozone.om.exceptions.OMException">INTERNAL_ERROR org.apache.hadoop.ozone.om.exceptions.OMException: Allocated 0 blocks. Requested 5 blocks
	at org.apache.hadoop.ozone.om.protocolPB.OzoneManagerProtocolClientSideTranslatorPB.handleError(OzoneManagerProtocolClientSideTranslatorPB.java:732)
	at org.apache.hadoop.ozone.om.protocolPB.OzoneManagerProtocolClientSideTranslatorPB.openKey(OzoneManagerProtocolClientSideTranslatorPB.java:723)
	at sun.reflect.NativeMethodAccessorImpl.invoke0(Native Method)
	at sun.reflect.NativeMethodAccessorImpl.invoke(NativeMethodAccessorImpl.java:62)
	at sun.reflect.DelegatingMethodAccessorImpl.invoke(DelegatingMethodAccessorImpl.java:43)
	at java.lang.reflect.Method.invoke(Method.java:498)
	at org.apache.hadoop.hdds.tracing.TraceAllMethod.invoke(TraceAllMethod.java:66)
	at com.sun.proxy.$Proxy37.openKey(Unknown Source)
	at org.apache.hadoop.ozone.client.rpc.RpcClient.createKey(RpcClient.java:614)
	at org.apache.hadoop.ozone.client.OzoneBucket.createKey(OzoneBucket.java:325)
	at org.apache.hadoop.ozone.freon.RandomKeyGenerator.createKey(RandomKeyGenerator.java:695)
	at org.apache.hadoop.ozone.freon.RandomKeyGenerator.access$1100(RandomKeyGenerator.java:88)
	at org.apache.hadoop.ozone.freon.RandomKeyGenerator$ObjectCreator.run(RandomKeyGenerator.java:615)
	at java.util.concurrent.Executors$RunnableAdapter.call(Executors.java:511)
	at java.util.concurrent.FutureTask.run(FutureTask.java:266)
	at java.util.concurrent.ThreadPoolExecutor.runWorker(ThreadPoolExecutor.java:1149)
	at java.util.concurrent.ThreadPoolExecutor$Worker.run(ThreadPoolExecutor.java:624)
	at java.lang.Thread.run(Thread.java:748)
</error>
    <system-out><![CDATA[2019-09-26 13:38:02,111 [main] INFO  freon.RandomKeyGenerator (RandomKeyGenerator.java:call(283)) - Number of Threads: 10
2019-09-26 13:38:02,112 [main] INFO  freon.RandomKeyGenerator (RandomKeyGenerator.java:call(288)) - Number of Volumes: 1.
2019-09-26 13:38:02,112 [main] INFO  freon.RandomKeyGenerator (RandomKeyGenerator.java:call(289)) - Number of Buckets per Volume: 1.
2019-09-26 13:38:02,112 [main] INFO  freon.RandomKeyGenerator (RandomKeyGenerator.java:call(290)) - Number of Keys per Bucket: 1.
2019-09-26 13:38:02,112 [main] INFO  freon.RandomKeyGenerator (RandomKeyGenerator.java:call(291)) - Key size: 20971520 bytes
2019-09-26 13:38:02,112 [main] INFO  freon.RandomKeyGenerator (RandomKeyGenerator.java:call(292)) - Buffer size: 4096 bytes
2019-09-26 13:38:02,112 [main] INFO  freon.RandomKeyGenerator (RandomKeyGenerator.java:call(293)) - validateWrites : true
2019-09-26 13:38:02,114 [pool-74-thread-1] INFO  rpc.RpcClient (RpcClient.java:createVolume(276)) - Creating Volume: vol-0-53711, with jenkins1000 as owner.
2019-09-26 13:38:02,114 [main] INFO  freon.RandomKeyGenerator (RandomKeyGenerator.java:call(307)) - Data validation is enabled.
2019-09-26 13:38:02,114 [main] INFO  freon.RandomKeyGenerator (RandomKeyGenerator.java:call(313)) - Starting progress bar Thread.

 0.00% |█                                                                                                    |  0/1 Time: 0:00:002019-09-26 13:38:02,120 [IPC Server handler 9 on 43283] INFO  volume.OMVolumeCreateRequest (OMVolumeCreateRequest.java:validateAndUpdateCache(189)) - created volume:vol-0-53711 for user:jenkins1000
2019-09-26 13:38:02,135 [pool-74-thread-2] INFO  rpc.RpcClient (RpcClient.java:createBucket(415)) - Creating Bucket: vol-0-53711/bucket-0-48183, with Versioning false and Storage Type set to DISK and Encryption set to false 
2019-09-26 13:38:02,148 [IPC Server handler 0 on 38161] INFO  pipeline.PipelinePlacementPolicy (PipelinePlacementPolicy.java:meetCriteria(91)) - Pipeline Placement: can't place more pipeline on heavy datanode： cdf4aa8b-8ba2-4318-b195-a0642de96b1e Heaviness: 6 limit: 5
2019-09-26 13:38:02,148 [IPC Server handler 0 on 38161] INFO  pipeline.PipelinePlacementPolicy (PipelinePlacementPolicy.java:meetCriteria(91)) - Pipeline Placement: can't place more pipeline on heavy datanode： 3557bb53-8e52-4f49-8c22-7e13e7d0c46b Heaviness: 6 limit: 5
2019-09-26 13:38:02,149 [IPC Server handler 0 on 38161] INFO  pipeline.PipelinePlacementPolicy (PipelinePlacementPolicy.java:meetCriteria(91)) - Pipeline Placement: can't place more pipeline on heavy datanode： 3eabf511-42f2-4021-89ea-f049958471c8 Heaviness: 6 limit: 5
2019-09-26 13:38:02,149 [IPC Server handler 0 on 38161] INFO  pipeline.PipelinePlacementPolicy (PipelinePlacementPolicy.java:meetCriteria(91)) - Pipeline Placement: can't place more pipeline on heavy datanode： 3b4472a9-0ad3-4b35-90c6-43d323919912 Heaviness: 6 limit: 5
2019-09-26 13:38:02,149 [IPC Server handler 0 on 38161] INFO  pipeline.PipelinePlacementPolicy (PipelinePlacementPolicy.java:meetCriteria(91)) - Pipeline Placement: can't place more pipeline on heavy datanode： 07946d80-9a5e-4ca8-81a5-a2e240cd3767 Heaviness: 6 limit: 5
2019-09-26 13:38:02,149 [IPC Server handler 0 on 38161] ERROR pipeline.PipelinePlacementPolicy (PipelinePlacementPolicy.java:filterViableNodes(148)) - Unable to find enough nodes that meet the criteria that cannot engage in more than 5 pipelines. Nodes required: 3 Found: 0, healthy nodes count inNodeManager: 5.
2019-09-26 13:38:02,149 [IPC Server handler 0 on 38161] ERROR pipeline.SCMPipelineManager (SCMPipelineManager.java:createPipeline(167)) - Pipeline creation failed.
org.apache.hadoop.hdds.scm.exceptions.SCMException: Unable to find enough nodes that meet the criteria that cannot engage in more than 5 pipelines. Nodes required: 3 Found: 0, healthy nodes count inNodeManager: 5.
	at org.apache.hadoop.hdds.scm.pipeline.PipelinePlacementPolicy.filterViableNodes(PipelinePlacementPolicy.java:149)
	at org.apache.hadoop.hdds.scm.pipeline.PipelinePlacementPolicy.chooseDatanodes(PipelinePlacementPolicy.java:172)
	at org.apache.hadoop.hdds.scm.pipeline.RatisPipelineProvider.create(RatisPipelineProvider.java:93)
	at org.apache.hadoop.hdds.scm.pipeline.PipelineFactory.create(PipelineFactory.java:58)
	at org.apache.hadoop.hdds.scm.pipeline.SCMPipelineManager.createPipeline(SCMPipelineManager.java:155)
	at org.apache.hadoop.hdds.scm.block.BlockManagerImpl.allocateBlock(BlockManagerImpl.java:190)
	at org.apache.hadoop.hdds.scm.server.SCMBlockProtocolServer.allocateBlock(SCMBlockProtocolServer.java:182)
	at org.apache.hadoop.ozone.protocolPB.ScmBlockLocationProtocolServerSideTranslatorPB.allocateScmBlock(ScmBlockLocationProtocolServerSideTranslatorPB.java:183)
	at org.apache.hadoop.ozone.protocolPB.ScmBlockLocationProtocolServerSideTranslatorPB.processMessage(ScmBlockLocationProtocolServerSideTranslatorPB.java:141)
	at org.apache.hadoop.ozone.protocolPB.ScmBlockLocationProtocolServerSideTranslatorPB.send(ScmBlockLocationProtocolServerSideTranslatorPB.java:116)
	at org.apache.hadoop.hdds.protocol.proto.ScmBlockLocationProtocolProtos$ScmBlockLocationProtocolService$2.callBlockingMethod(ScmBlockLocationProtocolProtos.java:13157)
	at org.apache.hadoop.ipc.ProtobufRpcEngine$Server$ProtoBufRpcInvoker.call(ProtobufRpcEngine.java:524)
	at org.apache.hadoop.ipc.RPC$Server.call(RPC.java:1025)
	at org.apache.hadoop.ipc.Server$RpcCall.run(Server.java:876)
	at org.apache.hadoop.ipc.Server$RpcCall.run(Server.java:822)
	at java.security.AccessController.doPrivileged(Native Method)
	at javax.security.auth.Subject.doAs(Subject.java:422)
	at org.apache.hadoop.security.UserGroupInformation.doAs(UserGroupInformation.java:1730)
	at org.apache.hadoop.ipc.Server$Handler.run(Server.java:2682)
2019-09-26 13:38:02,151 [IPC Server handler 0 on 38161] WARN  block.BlockManagerImpl (BlockManagerImpl.java:allocateBlock(192)) - Pipeline creation failed for type:RATIS factor:THREE. Retrying get pipelines call once.
org.apache.hadoop.hdds.scm.exceptions.SCMException: Unable to find enough nodes that meet the criteria that cannot engage in more than 5 pipelines. Nodes required: 3 Found: 0, healthy nodes count inNodeManager: 5.
	at org.apache.hadoop.hdds.scm.pipeline.PipelinePlacementPolicy.filterViableNodes(PipelinePlacementPolicy.java:149)
	at org.apache.hadoop.hdds.scm.pipeline.PipelinePlacementPolicy.chooseDatanodes(PipelinePlacementPolicy.java:172)
	at org.apache.hadoop.hdds.scm.pipeline.RatisPipelineProvider.create(RatisPipelineProvider.java:93)
	at org.apache.hadoop.hdds.scm.pipeline.PipelineFactory.create(PipelineFactory.java:58)
	at org.apache.hadoop.hdds.scm.pipeline.SCMPipelineManager.createPipeline(SCMPipelineManager.java:155)
	at org.apache.hadoop.hdds.scm.block.BlockManagerImpl.allocateBlock(BlockManagerImpl.java:190)
	at org.apache.hadoop.hdds.scm.server.SCMBlockProtocolServer.allocateBlock(SCMBlockProtocolServer.java:182)
	at org.apache.hadoop.ozone.protocolPB.ScmBlockLocationProtocolServerSideTranslatorPB.allocateScmBlock(ScmBlockLocationProtocolServerSideTranslatorPB.java:183)
	at org.apache.hadoop.ozone.protocolPB.ScmBlockLocationProtocolServerSideTranslatorPB.processMessage(ScmBlockLocationProtocolServerSideTranslatorPB.java:141)
	at org.apache.hadoop.ozone.protocolPB.ScmBlockLocationProtocolServerSideTranslatorPB.send(ScmBlockLocationProtocolServerSideTranslatorPB.java:116)
	at org.apache.hadoop.hdds.protocol.proto.ScmBlockLocationProtocolProtos$ScmBlockLocationProtocolService$2.callBlockingMethod(ScmBlockLocationProtocolProtos.java:13157)
	at org.apache.hadoop.ipc.ProtobufRpcEngine$Server$ProtoBufRpcInvoker.call(ProtobufRpcEngine.java:524)
	at org.apache.hadoop.ipc.RPC$Server.call(RPC.java:1025)
	at org.apache.hadoop.ipc.Server$RpcCall.run(Server.java:876)
	at org.apache.hadoop.ipc.Server$RpcCall.run(Server.java:822)
	at java.security.AccessController.doPrivileged(Native Method)
	at javax.security.auth.Subject.doAs(Subject.java:422)
	at org.apache.hadoop.security.UserGroupInformation.doAs(UserGroupInformation.java:1730)
	at org.apache.hadoop.ipc.Server$Handler.run(Server.java:2682)
2019-09-26 13:38:02,152 [IPC Server handler 0 on 38161] INFO  block.BlockManagerImpl (BlockManagerImpl.java:allocateBlock(198)) - Could not find available pipeline of type:RATIS and factor:THREE even after retrying
2019-09-26 13:38:02,152 [IPC Server handler 0 on 38161] ERROR block.BlockManagerImpl (BlockManagerImpl.java:allocateBlock(222)) - Unable to allocate a block for the size: 4194304, type: RATIS, factor: THREE
2019-09-26 13:38:02,152 [IPC Server handler 0 on 38161] INFO  pipeline.PipelinePlacementPolicy (PipelinePlacementPolicy.java:meetCriteria(91)) - Pipeline Placement: can't place more pipeline on heavy datanode： cdf4aa8b-8ba2-4318-b195-a0642de96b1e Heaviness: 6 limit: 5
2019-09-26 13:38:02,152 [IPC Server handler 0 on 38161] INFO  pipeline.PipelinePlacementPolicy (PipelinePlacementPolicy.java:meetCriteria(91)) - Pipeline Placement: can't place more pipeline on heavy datanode： 3557bb53-8e52-4f49-8c22-7e13e7d0c46b Heaviness: 6 limit: 5
2019-09-26 13:38:02,152 [IPC Server handler 0 on 38161] INFO  pipeline.PipelinePlacementPolicy (PipelinePlacementPolicy.java:meetCriteria(91)) - Pipeline Placement: can't place more pipeline on heavy datanode： 3eabf511-42f2-4021-89ea-f049958471c8 Heaviness: 6 limit: 5
2019-09-26 13:38:02,153 [IPC Server handler 0 on 38161] INFO  pipeline.PipelinePlacementPolicy (PipelinePlacementPolicy.java:meetCriteria(91)) - Pipeline Placement: can't place more pipeline on heavy datanode： 3b4472a9-0ad3-4b35-90c6-43d323919912 Heaviness: 6 limit: 5
2019-09-26 13:38:02,153 [IPC Server handler 0 on 38161] INFO  pipeline.PipelinePlacementPolicy (PipelinePlacementPolicy.java:meetCriteria(91)) - Pipeline Placement: can't place more pipeline on heavy datanode： 07946d80-9a5e-4ca8-81a5-a2e240cd3767 Heaviness: 6 limit: 5
2019-09-26 13:38:02,153 [IPC Server handler 0 on 38161] ERROR pipeline.PipelinePlacementPolicy (PipelinePlacementPolicy.java:filterViableNodes(148)) - Unable to find enough nodes that meet the criteria that cannot engage in more than 5 pipelines. Nodes required: 3 Found: 0, healthy nodes count inNodeManager: 5.
2019-09-26 13:38:02,153 [IPC Server handler 0 on 38161] ERROR pipeline.SCMPipelineManager (SCMPipelineManager.java:createPipeline(167)) - Pipeline creation failed.
org.apache.hadoop.hdds.scm.exceptions.SCMException: Unable to find enough nodes that meet the criteria that cannot engage in more than 5 pipelines. Nodes required: 3 Found: 0, healthy nodes count inNodeManager: 5.
	at org.apache.hadoop.hdds.scm.pipeline.PipelinePlacementPolicy.filterViableNodes(PipelinePlacementPolicy.java:149)
	at org.apache.hadoop.hdds.scm.pipeline.PipelinePlacementPolicy.chooseDatanodes(PipelinePlacementPolicy.java:172)
	at org.apache.hadoop.hdds.scm.pipeline.RatisPipelineProvider.create(RatisPipelineProvider.java:93)
	at org.apache.hadoop.hdds.scm.pipeline.PipelineFactory.create(PipelineFactory.java:58)
	at org.apache.hadoop.hdds.scm.pipeline.SCMPipelineManager.createPipeline(SCMPipelineManager.java:155)
	at org.apache.hadoop.hdds.scm.block.BlockManagerImpl.allocateBlock(BlockManagerImpl.java:190)
	at org.apache.hadoop.hdds.scm.server.SCMBlockProtocolServer.allocateBlock(SCMBlockProtocolServer.java:182)
	at org.apache.hadoop.ozone.protocolPB.ScmBlockLocationProtocolServerSideTranslatorPB.allocateScmBlock(ScmBlockLocationProtocolServerSideTranslatorPB.java:183)
	at org.apache.hadoop.ozone.protocolPB.ScmBlockLocationProtocolServerSideTranslatorPB.processMessage(ScmBlockLocationProtocolServerSideTranslatorPB.java:141)
	at org.apache.hadoop.ozone.protocolPB.ScmBlockLocationProtocolServerSideTranslatorPB.send(ScmBlockLocationProtocolServerSideTranslatorPB.java:116)
	at org.apache.hadoop.hdds.protocol.proto.ScmBlockLocationProtocolProtos$ScmBlockLocationProtocolService$2.callBlockingMethod(ScmBlockLocationProtocolProtos.java:13157)
	at org.apache.hadoop.ipc.ProtobufRpcEngine$Server$ProtoBufRpcInvoker.call(ProtobufRpcEngine.java:524)
	at org.apache.hadoop.ipc.RPC$Server.call(RPC.java:1025)
	at org.apache.hadoop.ipc.Server$RpcCall.run(Server.java:876)
	at org.apache.hadoop.ipc.Server$RpcCall.run(Server.java:822)
	at java.security.AccessController.doPrivileged(Native Method)
	at javax.security.auth.Subject.doAs(Subject.java:422)
	at org.apache.hadoop.security.UserGroupInformation.doAs(UserGroupInformation.java:1730)
	at org.apache.hadoop.ipc.Server$Handler.run(Server.java:2682)
2019-09-26 13:38:02,154 [IPC Server handler 0 on 38161] WARN  block.BlockManagerImpl (BlockManagerImpl.java:allocateBlock(192)) - Pipeline creation failed for type:RATIS factor:THREE. Retrying get pipelines call once.
org.apache.hadoop.hdds.scm.exceptions.SCMException: Unable to find enough nodes that meet the criteria that cannot engage in more than 5 pipelines. Nodes required: 3 Found: 0, healthy nodes count inNodeManager: 5.
	at org.apache.hadoop.hdds.scm.pipeline.PipelinePlacementPolicy.filterViableNodes(PipelinePlacementPolicy.java:149)
	at org.apache.hadoop.hdds.scm.pipeline.PipelinePlacementPolicy.chooseDatanodes(PipelinePlacementPolicy.java:172)
	at org.apache.hadoop.hdds.scm.pipeline.RatisPipelineProvider.create(RatisPipelineProvider.java:93)
	at org.apache.hadoop.hdds.scm.pipeline.PipelineFactory.create(PipelineFactory.java:58)
	at org.apache.hadoop.hdds.scm.pipeline.SCMPipelineManager.createPipeline(SCMPipelineManager.java:155)
	at org.apache.hadoop.hdds.scm.block.BlockManagerImpl.allocateBlock(BlockManagerImpl.java:190)
	at org.apache.hadoop.hdds.scm.server.SCMBlockProtocolServer.allocateBlock(SCMBlockProtocolServer.java:182)
	at org.apache.hadoop.ozone.protocolPB.ScmBlockLocationProtocolServerSideTranslatorPB.allocateScmBlock(ScmBlockLocationProtocolServerSideTranslatorPB.java:183)
	at org.apache.hadoop.ozone.protocolPB.ScmBlockLocationProtocolServerSideTranslatorPB.processMessage(ScmBlockLocationProtocolServerSideTranslatorPB.java:141)
	at org.apache.hadoop.ozone.protocolPB.ScmBlockLocationProtocolServerSideTranslatorPB.send(ScmBlockLocationProtocolServerSideTranslatorPB.java:116)
	at org.apache.hadoop.hdds.protocol.proto.ScmBlockLocationProtocolProtos$ScmBlockLocationProtocolService$2.callBlockingMethod(ScmBlockLocationProtocolProtos.java:13157)
	at org.apache.hadoop.ipc.ProtobufRpcEngine$Server$ProtoBufRpcInvoker.call(ProtobufRpcEngine.java:524)
	at org.apache.hadoop.ipc.RPC$Server.call(RPC.java:1025)
	at org.apache.hadoop.ipc.Server$RpcCall.run(Server.java:876)
	at org.apache.hadoop.ipc.Server$RpcCall.run(Server.java:822)
	at java.security.AccessController.doPrivileged(Native Method)
	at javax.security.auth.Subject.doAs(Subject.java:422)
	at org.apache.hadoop.security.UserGroupInformation.doAs(UserGroupInformation.java:1730)
	at org.apache.hadoop.ipc.Server$Handler.run(Server.java:2682)
2019-09-26 13:38:02,154 [IPC Server handler 0 on 38161] INFO  block.BlockManagerImpl (BlockManagerImpl.java:allocateBlock(198)) - Could not find available pipeline of type:RATIS and factor:THREE even after retrying
2019-09-26 13:38:02,154 [IPC Server handler 0 on 38161] ERROR block.BlockManagerImpl (BlockManagerImpl.java:allocateBlock(222)) - Unable to allocate a block for the size: 4194304, type: RATIS, factor: THREE
2019-09-26 13:38:02,154 [IPC Server handler 0 on 38161] INFO  pipeline.PipelinePlacementPolicy (PipelinePlacementPolicy.java:meetCriteria(91)) - Pipeline Placement: can't place more pipeline on heavy datanode： cdf4aa8b-8ba2-4318-b195-a0642de96b1e Heaviness: 6 limit: 5
2019-09-26 13:38:02,154 [IPC Server handler 0 on 38161] INFO  pipeline.PipelinePlacementPolicy (PipelinePlacementPolicy.java:meetCriteria(91)) - Pipeline Placement: can't place more pipeline on heavy datanode： 3557bb53-8e52-4f49-8c22-7e13e7d0c46b Heaviness: 6 limit: 5
2019-09-26 13:38:02,155 [IPC Server handler 0 on 38161] INFO  pipeline.PipelinePlacementPolicy (PipelinePlacementPolicy.java:meetCriteria(91)) - Pipeline Placement: can't place more pipeline on heavy datanode： 3eabf511-42f2-4021-89ea-f049958471c8 Heaviness: 6 limit: 5
2019-09-26 13:38:02,155 [IPC Server handler 0 on 38161] INFO  pipeline.PipelinePlacementPolicy (PipelinePlacementPolicy.java:meetCriteria(91)) - Pipeline Placement: can't place more pipeline on heavy datanode： 3b4472a9-0ad3-4b35-90c6-43d323919912 Heaviness: 6 limit: 5
2019-09-26 13:38:02,155 [IPC Server handler 0 on 38161] INFO  pipeline.PipelinePlacementPolicy (PipelinePlacementPolicy.java:meetCriteria(91)) - Pipeline Placement: can't place more pipeline on heavy datanode： 07946d80-9a5e-4ca8-81a5-a2e240cd3767 Heaviness: 6 limit: 5
2019-09-26 13:38:02,155 [IPC Server handler 0 on 38161] ERROR pipeline.PipelinePlacementPolicy (PipelinePlacementPolicy.java:filterViableNodes(148)) - Unable to find enough nodes that meet the criteria that cannot engage in more than 5 pipelines. Nodes required: 3 Found: 0, healthy nodes count inNodeManager: 5.
2019-09-26 13:38:02,155 [IPC Server handler 0 on 38161] ERROR pipeline.SCMPipelineManager (SCMPipelineManager.java:createPipeline(167)) - Pipeline creation failed.
org.apache.hadoop.hdds.scm.exceptions.SCMException: Unable to find enough nodes that meet the criteria that cannot engage in more than 5 pipelines. Nodes required: 3 Found: 0, healthy nodes count inNodeManager: 5.
	at org.apache.hadoop.hdds.scm.pipeline.PipelinePlacementPolicy.filterViableNodes(PipelinePlacementPolicy.java:149)
	at org.apache.hadoop.hdds.scm.pipeline.PipelinePlacementPolicy.chooseDatanodes(PipelinePlacementPolicy.java:172)
	at org.apache.hadoop.hdds.scm.pipeline.RatisPipelineProvider.create(RatisPipelineProvider.java:93)
	at org.apache.hadoop.hdds.scm.pipeline.PipelineFactory.create(PipelineFactory.java:58)
	at org.apache.hadoop.hdds.scm.pipeline.SCMPipelineManager.createPipeline(SCMPipelineManager.java:155)
	at org.apache.hadoop.hdds.scm.block.BlockManagerImpl.allocateBlock(BlockManagerImpl.java:190)
	at org.apache.hadoop.hdds.scm.server.SCMBlockProtocolServer.allocateBlock(SCMBlockProtocolServer.java:182)
	at org.apache.hadoop.ozone.protocolPB.ScmBlockLocationProtocolServerSideTranslatorPB.allocateScmBlock(ScmBlockLocationProtocolServerSideTranslatorPB.java:183)
	at org.apache.hadoop.ozone.protocolPB.ScmBlockLocationProtocolServerSideTranslatorPB.processMessage(ScmBlockLocationProtocolServerSideTranslatorPB.java:141)
	at org.apache.hadoop.ozone.protocolPB.ScmBlockLocationProtocolServerSideTranslatorPB.send(ScmBlockLocationProtocolServerSideTranslatorPB.java:116)
	at org.apache.hadoop.hdds.protocol.proto.ScmBlockLocationProtocolProtos$ScmBlockLocationProtocolService$2.callBlockingMethod(ScmBlockLocationProtocolProtos.java:13157)
	at org.apache.hadoop.ipc.ProtobufRpcEngine$Server$ProtoBufRpcInvoker.call(ProtobufRpcEngine.java:524)
	at org.apache.hadoop.ipc.RPC$Server.call(RPC.java:1025)
	at org.apache.hadoop.ipc.Server$RpcCall.run(Server.java:876)
	at org.apache.hadoop.ipc.Server$RpcCall.run(Server.java:822)
	at java.security.AccessController.doPrivileged(Native Method)
	at javax.security.auth.Subject.doAs(Subject.java:422)
	at org.apache.hadoop.security.UserGroupInformation.doAs(UserGroupInformation.java:1730)
	at org.apache.hadoop.ipc.Server$Handler.run(Server.java:2682)
2019-09-26 13:38:02,156 [IPC Server handler 0 on 38161] WARN  block.BlockManagerImpl (BlockManagerImpl.java:allocateBlock(192)) - Pipeline creation failed for type:RATIS factor:THREE. Retrying get pipelines call once.
org.apache.hadoop.hdds.scm.exceptions.SCMException: Unable to find enough nodes that meet the criteria that cannot engage in more than 5 pipelines. Nodes required: 3 Found: 0, healthy nodes count inNodeManager: 5.
	at org.apache.hadoop.hdds.scm.pipeline.PipelinePlacementPolicy.filterViableNodes(PipelinePlacementPolicy.java:149)
	at org.apache.hadoop.hdds.scm.pipeline.PipelinePlacementPolicy.chooseDatanodes(PipelinePlacementPolicy.java:172)
	at org.apache.hadoop.hdds.scm.pipeline.RatisPipelineProvider.create(RatisPipelineProvider.java:93)
	at org.apache.hadoop.hdds.scm.pipeline.PipelineFactory.create(PipelineFactory.java:58)
	at org.apache.hadoop.hdds.scm.pipeline.SCMPipelineManager.createPipeline(SCMPipelineManager.java:155)
	at org.apache.hadoop.hdds.scm.block.BlockManagerImpl.allocateBlock(BlockManagerImpl.java:190)
	at org.apache.hadoop.hdds.scm.server.SCMBlockProtocolServer.allocateBlock(SCMBlockProtocolServer.java:182)
	at org.apache.hadoop.ozone.protocolPB.ScmBlockLocationProtocolServerSideTranslatorPB.allocateScmBlock(ScmBlockLocationProtocolServerSideTranslatorPB.java:183)
	at org.apache.hadoop.ozone.protocolPB.ScmBlockLocationProtocolServerSideTranslatorPB.processMessage(ScmBlockLocationProtocolServerSideTranslatorPB.java:141)
	at org.apache.hadoop.ozone.protocolPB.ScmBlockLocationProtocolServerSideTranslatorPB.send(ScmBlockLocationProtocolServerSideTranslatorPB.java:116)
	at org.apache.hadoop.hdds.protocol.proto.ScmBlockLocationProtocolProtos$ScmBlockLocationProtocolService$2.callBlockingMethod(ScmBlockLocationProtocolProtos.java:13157)
	at org.apache.hadoop.ipc.ProtobufRpcEngine$Server$ProtoBufRpcInvoker.call(ProtobufRpcEngine.java:524)
	at org.apache.hadoop.ipc.RPC$Server.call(RPC.java:1025)
	at org.apache.hadoop.ipc.Server$RpcCall.run(Server.java:876)
	at org.apache.hadoop.ipc.Server$RpcCall.run(Server.java:822)
	at java.security.AccessController.doPrivileged(Native Method)
	at javax.security.auth.Subject.doAs(Subject.java:422)
	at org.apache.hadoop.security.UserGroupInformation.doAs(UserGroupInformation.java:1730)
	at org.apache.hadoop.ipc.Server$Handler.run(Server.java:2682)
2019-09-26 13:38:02,156 [IPC Server handler 0 on 38161] INFO  block.BlockManagerImpl (BlockManagerImpl.java:allocateBlock(198)) - Could not find available pipeline of type:RATIS and factor:THREE even after retrying
2019-09-26 13:38:02,156 [IPC Server handler 0 on 38161] ERROR block.BlockManagerImpl (BlockManagerImpl.java:allocateBlock(222)) - Unable to allocate a block for the size: 4194304, type: RATIS, factor: THREE
2019-09-26 13:38:02,157 [IPC Server handler 0 on 38161] INFO  pipeline.PipelinePlacementPolicy (PipelinePlacementPolicy.java:meetCriteria(91)) - Pipeline Placement: can't place more pipeline on heavy datanode： cdf4aa8b-8ba2-4318-b195-a0642de96b1e Heaviness: 6 limit: 5
2019-09-26 13:38:02,157 [IPC Server handler 0 on 38161] INFO  pipeline.PipelinePlacementPolicy (PipelinePlacementPolicy.java:meetCriteria(91)) - Pipeline Placement: can't place more pipeline on heavy datanode： 3557bb53-8e52-4f49-8c22-7e13e7d0c46b Heaviness: 6 limit: 5
2019-09-26 13:38:02,157 [IPC Server handler 0 on 38161] INFO  pipeline.PipelinePlacementPolicy (PipelinePlacementPolicy.java:meetCriteria(91)) - Pipeline Placement: can't place more pipeline on heavy datanode： 3eabf511-42f2-4021-89ea-f049958471c8 Heaviness: 6 limit: 5
2019-09-26 13:38:02,157 [IPC Server handler 0 on 38161] INFO  pipeline.PipelinePlacementPolicy (PipelinePlacementPolicy.java:meetCriteria(91)) - Pipeline Placement: can't place more pipeline on heavy datanode： 3b4472a9-0ad3-4b35-90c6-43d323919912 Heaviness: 6 limit: 5
2019-09-26 13:38:02,157 [IPC Server handler 0 on 38161] INFO  pipeline.PipelinePlacementPolicy (PipelinePlacementPolicy.java:meetCriteria(91)) - Pipeline Placement: can't place more pipeline on heavy datanode： 07946d80-9a5e-4ca8-81a5-a2e240cd3767 Heaviness: 6 limit: 5
2019-09-26 13:38:02,158 [IPC Server handler 0 on 38161] ERROR pipeline.PipelinePlacementPolicy (PipelinePlacementPolicy.java:filterViableNodes(148)) - Unable to find enough nodes that meet the criteria that cannot engage in more than 5 pipelines. Nodes required: 3 Found: 0, healthy nodes count inNodeManager: 5.
2019-09-26 13:38:02,158 [IPC Server handler 0 on 38161] ERROR pipeline.SCMPipelineManager (SCMPipelineManager.java:createPipeline(167)) - Pipeline creation failed.
org.apache.hadoop.hdds.scm.exceptions.SCMException: Unable to find enough nodes that meet the criteria that cannot engage in more than 5 pipelines. Nodes required: 3 Found: 0, healthy nodes count inNodeManager: 5.
	at org.apache.hadoop.hdds.scm.pipeline.PipelinePlacementPolicy.filterViableNodes(PipelinePlacementPolicy.java:149)
	at org.apache.hadoop.hdds.scm.pipeline.PipelinePlacementPolicy.chooseDatanodes(PipelinePlacementPolicy.java:172)
	at org.apache.hadoop.hdds.scm.pipeline.RatisPipelineProvider.create(RatisPipelineProvider.java:93)
	at org.apache.hadoop.hdds.scm.pipeline.PipelineFactory.create(PipelineFactory.java:58)
	at org.apache.hadoop.hdds.scm.pipeline.SCMPipelineManager.createPipeline(SCMPipelineManager.java:155)
	at org.apache.hadoop.hdds.scm.block.BlockManagerImpl.allocateBlock(BlockManagerImpl.java:190)
	at org.apache.hadoop.hdds.scm.server.SCMBlockProtocolServer.allocateBlock(SCMBlockProtocolServer.java:182)
	at org.apache.hadoop.ozone.protocolPB.ScmBlockLocationProtocolServerSideTranslatorPB.allocateScmBlock(ScmBlockLocationProtocolServerSideTranslatorPB.java:183)
	at org.apache.hadoop.ozone.protocolPB.ScmBlockLocationProtocolServerSideTranslatorPB.processMessage(ScmBlockLocationProtocolServerSideTranslatorPB.java:141)
	at org.apache.hadoop.ozone.protocolPB.ScmBlockLocationProtocolServerSideTranslatorPB.send(ScmBlockLocationProtocolServerSideTranslatorPB.java:116)
	at org.apache.hadoop.hdds.protocol.proto.ScmBlockLocationProtocolProtos$ScmBlockLocationProtocolService$2.callBlockingMethod(ScmBlockLocationProtocolProtos.java:13157)
	at org.apache.hadoop.ipc.ProtobufRpcEngine$Server$ProtoBufRpcInvoker.call(ProtobufRpcEngine.java:524)
	at org.apache.hadoop.ipc.RPC$Server.call(RPC.java:1025)
	at org.apache.hadoop.ipc.Server$RpcCall.run(Server.java:876)
	at org.apache.hadoop.ipc.Server$RpcCall.run(Server.java:822)
	at java.security.AccessController.doPrivileged(Native Method)
	at javax.security.auth.Subject.doAs(Subject.java:422)
	at org.apache.hadoop.security.UserGroupInformation.doAs(UserGroupInformation.java:1730)
	at org.apache.hadoop.ipc.Server$Handler.run(Server.java:2682)
2019-09-26 13:38:02,158 [IPC Server handler 0 on 38161] WARN  block.BlockManagerImpl (BlockManagerImpl.java:allocateBlock(192)) - Pipeline creation failed for type:RATIS factor:THREE. Retrying get pipelines call once.
org.apache.hadoop.hdds.scm.exceptions.SCMException: Unable to find enough nodes that meet the criteria that cannot engage in more than 5 pipelines. Nodes required: 3 Found: 0, healthy nodes count inNodeManager: 5.
	at org.apache.hadoop.hdds.scm.pipeline.PipelinePlacementPolicy.filterViableNodes(PipelinePlacementPolicy.java:149)
	at org.apache.hadoop.hdds.scm.pipeline.PipelinePlacementPolicy.chooseDatanodes(PipelinePlacementPolicy.java:172)
	at org.apache.hadoop.hdds.scm.pipeline.RatisPipelineProvider.create(RatisPipelineProvider.java:93)
	at org.apache.hadoop.hdds.scm.pipeline.PipelineFactory.create(PipelineFactory.java:58)
	at org.apache.hadoop.hdds.scm.pipeline.SCMPipelineManager.createPipeline(SCMPipelineManager.java:155)
	at org.apache.hadoop.hdds.scm.block.BlockManagerImpl.allocateBlock(BlockManagerImpl.java:190)
	at org.apache.hadoop.hdds.scm.server.SCMBlockProtocolServer.allocateBlock(SCMBlockProtocolServer.java:182)
	at org.apache.hadoop.ozone.protocolPB.ScmBlockLocationProtocolServerSideTranslatorPB.allocateScmBlock(ScmBlockLocationProtocolServerSideTranslatorPB.java:183)
	at org.apache.hadoop.ozone.protocolPB.ScmBlockLocationProtocolServerSideTranslatorPB.processMessage(ScmBlockLocationProtocolServerSideTranslatorPB.java:141)
	at org.apache.hadoop.ozone.protocolPB.ScmBlockLocationProtocolServerSideTranslatorPB.send(ScmBlockLocationProtocolServerSideTranslatorPB.java:116)
	at org.apache.hadoop.hdds.protocol.proto.ScmBlockLocationProtocolProtos$ScmBlockLocationProtocolService$2.callBlockingMethod(ScmBlockLocationProtocolProtos.java:13157)
	at org.apache.hadoop.ipc.ProtobufRpcEngine$Server$ProtoBufRpcInvoker.call(ProtobufRpcEngine.java:524)
	at org.apache.hadoop.ipc.RPC$Server.call(RPC.java:1025)
	at org.apache.hadoop.ipc.Server$RpcCall.run(Server.java:876)
	at org.apache.hadoop.ipc.Server$RpcCall.run(Server.java:822)
	at java.security.AccessController.doPrivileged(Native Method)
	at javax.security.auth.Subject.doAs(Subject.java:422)
	at org.apache.hadoop.security.UserGroupInformation.doAs(UserGroupInformation.java:1730)
	at org.apache.hadoop.ipc.Server$Handler.run(Server.java:2682)
2019-09-26 13:38:02,159 [IPC Server handler 0 on 38161] INFO  block.BlockManagerImpl (BlockManagerImpl.java:allocateBlock(198)) - Could not find available pipeline of type:RATIS and factor:THREE even after retrying
2019-09-26 13:38:02,159 [IPC Server handler 0 on 38161] ERROR block.BlockManagerImpl (BlockManagerImpl.java:allocateBlock(222)) - Unable to allocate a block for the size: 4194304, type: RATIS, factor: THREE
2019-09-26 13:38:02,159 [IPC Server handler 0 on 38161] INFO  pipeline.PipelinePlacementPolicy (PipelinePlacementPolicy.java:meetCriteria(91)) - Pipeline Placement: can't place more pipeline on heavy datanode： cdf4aa8b-8ba2-4318-b195-a0642de96b1e Heaviness: 6 limit: 5
2019-09-26 13:38:02,160 [IPC Server handler 0 on 38161] INFO  pipeline.PipelinePlacementPolicy (PipelinePlacementPolicy.java:meetCriteria(91)) - Pipeline Placement: can't place more pipeline on heavy datanode： 3557bb53-8e52-4f49-8c22-7e13e7d0c46b Heaviness: 6 limit: 5
2019-09-26 13:38:02,160 [IPC Server handler 0 on 38161] INFO  pipeline.PipelinePlacementPolicy (PipelinePlacementPolicy.java:meetCriteria(91)) - Pipeline Placement: can't place more pipeline on heavy datanode： 3eabf511-42f2-4021-89ea-f049958471c8 Heaviness: 6 limit: 5
2019-09-26 13:38:02,160 [IPC Server handler 0 on 38161] INFO  pipeline.PipelinePlacementPolicy (PipelinePlacementPolicy.java:meetCriteria(91)) - Pipeline Placement: can't place more pipeline on heavy datanode： 3b4472a9-0ad3-4b35-90c6-43d323919912 Heaviness: 6 limit: 5
2019-09-26 13:38:02,160 [IPC Server handler 0 on 38161] INFO  pipeline.PipelinePlacementPolicy (PipelinePlacementPolicy.java:meetCriteria(91)) - Pipeline Placement: can't place more pipeline on heavy datanode： 07946d80-9a5e-4ca8-81a5-a2e240cd3767 Heaviness: 6 limit: 5
2019-09-26 13:38:02,160 [IPC Server handler 0 on 38161] ERROR pipeline.PipelinePlacementPolicy (PipelinePlacementPolicy.java:filterViableNodes(148)) - Unable to find enough nodes that meet the criteria that cannot engage in more than 5 pipelines. Nodes required: 3 Found: 0, healthy nodes count inNodeManager: 5.
2019-09-26 13:38:02,161 [IPC Server handler 0 on 38161] ERROR pipeline.SCMPipelineManager (SCMPipelineManager.java:createPipeline(167)) - Pipeline creation failed.
org.apache.hadoop.hdds.scm.exceptions.SCMException: Unable to find enough nodes that meet the criteria that cannot engage in more than 5 pipelines. Nodes required: 3 Found: 0, healthy nodes count inNodeManager: 5.
	at org.apache.hadoop.hdds.scm.pipeline.PipelinePlacementPolicy.filterViableNodes(PipelinePlacementPolicy.java:149)
	at org.apache.hadoop.hdds.scm.pipeline.PipelinePlacementPolicy.chooseDatanodes(PipelinePlacementPolicy.java:172)
	at org.apache.hadoop.hdds.scm.pipeline.RatisPipelineProvider.create(RatisPipelineProvider.java:93)
	at org.apache.hadoop.hdds.scm.pipeline.PipelineFactory.create(PipelineFactory.java:58)
	at org.apache.hadoop.hdds.scm.pipeline.SCMPipelineManager.createPipeline(SCMPipelineManager.java:155)
	at org.apache.hadoop.hdds.scm.block.BlockManagerImpl.allocateBlock(BlockManagerImpl.java:190)
	at org.apache.hadoop.hdds.scm.server.SCMBlockProtocolServer.allocateBlock(SCMBlockProtocolServer.java:182)
	at org.apache.hadoop.ozone.protocolPB.ScmBlockLocationProtocolServerSideTranslatorPB.allocateScmBlock(ScmBlockLocationProtocolServerSideTranslatorPB.java:183)
	at org.apache.hadoop.ozone.protocolPB.ScmBlockLocationProtocolServerSideTranslatorPB.processMessage(ScmBlockLocationProtocolServerSideTranslatorPB.java:141)
	at org.apache.hadoop.ozone.protocolPB.ScmBlockLocationProtocolServerSideTranslatorPB.send(ScmBlockLocationProtocolServerSideTranslatorPB.java:116)
	at org.apache.hadoop.hdds.protocol.proto.ScmBlockLocationProtocolProtos$ScmBlockLocationProtocolService$2.callBlockingMethod(ScmBlockLocationProtocolProtos.java:13157)
	at org.apache.hadoop.ipc.ProtobufRpcEngine$Server$ProtoBufRpcInvoker.call(ProtobufRpcEngine.java:524)
	at org.apache.hadoop.ipc.RPC$Server.call(RPC.java:1025)
	at org.apache.hadoop.ipc.Server$RpcCall.run(Server.java:876)
	at org.apache.hadoop.ipc.Server$RpcCall.run(Server.java:822)
	at java.security.AccessController.doPrivileged(Native Method)
	at javax.security.auth.Subject.doAs(Subject.java:422)
	at org.apache.hadoop.security.UserGroupInformation.doAs(UserGroupInformation.java:1730)
	at org.apache.hadoop.ipc.Server$Handler.run(Server.java:2682)
2019-09-26 13:38:02,161 [IPC Server handler 0 on 38161] WARN  block.BlockManagerImpl (BlockManagerImpl.java:allocateBlock(192)) - Pipeline creation failed for type:RATIS factor:THREE. Retrying get pipelines call once.
org.apache.hadoop.hdds.scm.exceptions.SCMException: Unable to find enough nodes that meet the criteria that cannot engage in more than 5 pipelines. Nodes required: 3 Found: 0, healthy nodes count inNodeManager: 5.
	at org.apache.hadoop.hdds.scm.pipeline.PipelinePlacementPolicy.filterViableNodes(PipelinePlacementPolicy.java:149)
	at org.apache.hadoop.hdds.scm.pipeline.PipelinePlacementPolicy.chooseDatanodes(PipelinePlacementPolicy.java:172)
	at org.apache.hadoop.hdds.scm.pipeline.RatisPipelineProvider.create(RatisPipelineProvider.java:93)
	at org.apache.hadoop.hdds.scm.pipeline.PipelineFactory.create(PipelineFactory.java:58)
	at org.apache.hadoop.hdds.scm.pipeline.SCMPipelineManager.createPipeline(SCMPipelineManager.java:155)
	at org.apache.hadoop.hdds.scm.block.BlockManagerImpl.allocateBlock(BlockManagerImpl.java:190)
	at org.apache.hadoop.hdds.scm.server.SCMBlockProtocolServer.allocateBlock(SCMBlockProtocolServer.java:182)
	at org.apache.hadoop.ozone.protocolPB.ScmBlockLocationProtocolServerSideTranslatorPB.allocateScmBlock(ScmBlockLocationProtocolServerSideTranslatorPB.java:183)
	at org.apache.hadoop.ozone.protocolPB.ScmBlockLocationProtocolServerSideTranslatorPB.processMessage(ScmBlockLocationProtocolServerSideTranslatorPB.java:141)
	at org.apache.hadoop.ozone.protocolPB.ScmBlockLocationProtocolServerSideTranslatorPB.send(ScmBlockLocationProtocolServerSideTranslatorPB.java:116)
	at org.apache.hadoop.hdds.protocol.proto.ScmBlockLocationProtocolProtos$ScmBlockLocationProtocolService$2.callBlockingMethod(ScmBlockLocationProtocolProtos.java:13157)
	at org.apache.hadoop.ipc.ProtobufRpcEngine$Server$ProtoBufRpcInvoker.call(ProtobufRpcEngine.java:524)
	at org.apache.hadoop.ipc.RPC$Server.call(RPC.java:1025)
	at org.apache.hadoop.ipc.Server$RpcCall.run(Server.java:876)
	at org.apache.hadoop.ipc.Server$RpcCall.run(Server.java:822)
	at java.security.AccessController.doPrivileged(Native Method)
	at javax.security.auth.Subject.doAs(Subject.java:422)
	at org.apache.hadoop.security.UserGroupInformation.doAs(UserGroupInformation.java:1730)
	at org.apache.hadoop.ipc.Server$Handler.run(Server.java:2682)
2019-09-26 13:38:02,162 [IPC Server handler 0 on 38161] INFO  block.BlockManagerImpl (BlockManagerImpl.java:allocateBlock(198)) - Could not find available pipeline of type:RATIS and factor:THREE even after retrying
2019-09-26 13:38:02,162 [IPC Server handler 0 on 38161] ERROR block.BlockManagerImpl (BlockManagerImpl.java:allocateBlock(222)) - Unable to allocate a block for the size: 4194304, type: RATIS, factor: THREE
2019-09-26 13:38:02,163 [pool-74-thread-3] ERROR freon.RandomKeyGenerator (RandomKeyGenerator.java:createKey(733)) - Exception while adding key: key-0-06290 in bucket: bucket-0-48183 of volume: vol-0-53711.
INTERNAL_ERROR org.apache.hadoop.ozone.om.exceptions.OMException: Allocated 0 blocks. Requested 5 blocks
	at org.apache.hadoop.ozone.om.protocolPB.OzoneManagerProtocolClientSideTranslatorPB.handleError(OzoneManagerProtocolClientSideTranslatorPB.java:732)
	at org.apache.hadoop.ozone.om.protocolPB.OzoneManagerProtocolClientSideTranslatorPB.openKey(OzoneManagerProtocolClientSideTranslatorPB.java:723)
	at sun.reflect.NativeMethodAccessorImpl.invoke0(Native Method)
	at sun.reflect.NativeMethodAccessorImpl.invoke(NativeMethodAccessorImpl.java:62)
	at sun.reflect.DelegatingMethodAccessorImpl.invoke(DelegatingMethodAccessorImpl.java:43)
	at java.lang.reflect.Method.invoke(Method.java:498)
	at org.apache.hadoop.hdds.tracing.TraceAllMethod.invoke(TraceAllMethod.java:66)
	at com.sun.proxy.$Proxy37.openKey(Unknown Source)
	at org.apache.hadoop.ozone.client.rpc.RpcClient.createKey(RpcClient.java:614)
	at org.apache.hadoop.ozone.client.OzoneBucket.createKey(OzoneBucket.java:325)
	at org.apache.hadoop.ozone.freon.RandomKeyGenerator.createKey(RandomKeyGenerator.java:695)
	at org.apache.hadoop.ozone.freon.RandomKeyGenerator.access$1100(RandomKeyGenerator.java:88)
	at org.apache.hadoop.ozone.freon.RandomKeyGenerator$ObjectCreator.run(RandomKeyGenerator.java:615)
	at java.util.concurrent.Executors$RunnableAdapter.call(Executors.java:511)
	at java.util.concurrent.FutureTask.run(FutureTask.java:266)
	at java.util.concurrent.ThreadPoolExecutor.runWorker(ThreadPoolExecutor.java:1149)
	at java.util.concurrent.ThreadPoolExecutor$Worker.run(ThreadPoolExecutor.java:624)
	at java.lang.Thread.run(Thread.java:748)
 0.00% |█                                                                                                    |  0/1 Time: 0:00:01 0.00% |█                                                                                                    |  0/1 Time: 0:00:02 0.00% |█                                                                                                    |  0/1 Time: 0:00:03 0.00% |█                                                                                                    |  0/1 Time: 0:00:04 100.00% |█████████████████████████████████████████████████████████████████████████████████████████████████████|  1/1 Time: 0:00:05
]]></system-out>
  </testcase>
  <testcase name="validateWriteTest" classname="org.apache.hadoop.ozone.freon.TestDataValidateWithSafeByteOperations" time="10.024">
    <error message="Allocated 0 blocks. Requested 1 blocks" type="INTERNAL_ERROR org.apache.hadoop.ozone.om.exceptions.OMException">INTERNAL_ERROR org.apache.hadoop.ozone.om.exceptions.OMException: Allocated 0 blocks. Requested 1 blocks
	at org.apache.hadoop.ozone.om.protocolPB.OzoneManagerProtocolClientSideTranslatorPB.handleError(OzoneManagerProtocolClientSideTranslatorPB.java:732)
	at org.apache.hadoop.ozone.om.protocolPB.OzoneManagerProtocolClientSideTranslatorPB.openKey(OzoneManagerProtocolClientSideTranslatorPB.java:723)
	at sun.reflect.NativeMethodAccessorImpl.invoke0(Native Method)
	at sun.reflect.NativeMethodAccessorImpl.invoke(NativeMethodAccessorImpl.java:62)
	at sun.reflect.DelegatingMethodAccessorImpl.invoke(DelegatingMethodAccessorImpl.java:43)
	at java.lang.reflect.Method.invoke(Method.java:498)
	at org.apache.hadoop.hdds.tracing.TraceAllMethod.invoke(TraceAllMethod.java:66)
	at com.sun.proxy.$Proxy37.openKey(Unknown Source)
	at org.apache.hadoop.ozone.client.rpc.RpcClient.createKey(RpcClient.java:614)
	at org.apache.hadoop.ozone.client.OzoneBucket.createKey(OzoneBucket.java:325)
	at org.apache.hadoop.ozone.freon.RandomKeyGenerator.createKey(RandomKeyGenerator.java:695)
	at org.apache.hadoop.ozone.freon.RandomKeyGenerator.access$1100(RandomKeyGenerator.java:88)
	at org.apache.hadoop.ozone.freon.RandomKeyGenerator$ObjectCreator.run(RandomKeyGenerator.java:615)
	at java.util.concurrent.Executors$RunnableAdapter.call(Executors.java:511)
	at java.util.concurrent.FutureTask.run(FutureTask.java:266)
	at java.util.concurrent.ThreadPoolExecutor.runWorker(ThreadPoolExecutor.java:1149)
	at java.util.concurrent.ThreadPoolExecutor$Worker.run(ThreadPoolExecutor.java:624)
	at java.lang.Thread.run(Thread.java:748)
</error>
    <system-out><![CDATA[2019-09-26 13:38:12,133 [main] INFO  freon.RandomKeyGenerator (RandomKeyGenerator.java:call(283)) - Number of Threads: 10
2019-09-26 13:38:12,133 [main] INFO  freon.RandomKeyGenerator (RandomKeyGenerator.java:call(288)) - Number of Volumes: 2.
2019-09-26 13:38:12,133 [main] INFO  freon.RandomKeyGenerator (RandomKeyGenerator.java:call(289)) - Number of Buckets per Volume: 5.
2019-09-26 13:38:12,134 [main] INFO  freon.RandomKeyGenerator (RandomKeyGenerator.java:call(290)) - Number of Keys per Bucket: 10.
2019-09-26 13:38:12,134 [main] INFO  freon.RandomKeyGenerator (RandomKeyGenerator.java:call(291)) - Key size: 10240 bytes
2019-09-26 13:38:12,134 [main] INFO  freon.RandomKeyGenerator (RandomKeyGenerator.java:call(292)) - Buffer size: 4096 bytes
2019-09-26 13:38:12,134 [main] INFO  freon.RandomKeyGenerator (RandomKeyGenerator.java:call(293)) - validateWrites : true
2019-09-26 13:38:12,135 [pool-75-thread-1] INFO  rpc.RpcClient (RpcClient.java:createVolume(276)) - Creating Volume: vol-0-87771, with jenkins1000 as owner.
2019-09-26 13:38:12,135 [pool-75-thread-2] INFO  rpc.RpcClient (RpcClient.java:createVolume(276)) - Creating Volume: vol-1-52296, with jenkins1000 as owner.
2019-09-26 13:38:12,137 [main] INFO  freon.RandomKeyGenerator (RandomKeyGenerator.java:call(307)) - Data validation is enabled.
2019-09-26 13:38:12,138 [main] INFO  freon.RandomKeyGenerator (RandomKeyGenerator.java:call(313)) - Starting progress bar Thread.

 0.00% |█                                                                                                    |  0/100 Time: 0:00:002019-09-26 13:38:12,139 [IPC Server handler 3 on 43283] INFO  volume.OMVolumeCreateRequest (OMVolumeCreateRequest.java:validateAndUpdateCache(189)) - created volume:vol-1-52296 for user:jenkins1000
2019-09-26 13:38:12,156 [IPC Server handler 6 on 43283] INFO  volume.OMVolumeCreateRequest (OMVolumeCreateRequest.java:validateAndUpdateCache(189)) - created volume:vol-0-87771 for user:jenkins1000
2019-09-26 13:38:12,158 [pool-75-thread-10] INFO  rpc.RpcClient (RpcClient.java:createBucket(415)) - Creating Bucket: vol-1-52296/bucket-3-01983, with Versioning false and Storage Type set to DISK and Encryption set to false 
2019-09-26 13:38:12,159 [pool-75-thread-8] INFO  rpc.RpcClient (RpcClient.java:createBucket(415)) - Creating Bucket: vol-1-52296/bucket-2-66113, with Versioning false and Storage Type set to DISK and Encryption set to false 
2019-09-26 13:38:12,159 [pool-75-thread-4] INFO  rpc.RpcClient (RpcClient.java:createBucket(415)) - Creating Bucket: vol-1-52296/bucket-0-28499, with Versioning false and Storage Type set to DISK and Encryption set to false 
2019-09-26 13:38:12,159 [pool-75-thread-6] INFO  rpc.RpcClient (RpcClient.java:createBucket(415)) - Creating Bucket: vol-1-52296/bucket-1-18366, with Versioning false and Storage Type set to DISK and Encryption set to false 
2019-09-26 13:38:12,160 [pool-75-thread-1] INFO  rpc.RpcClient (RpcClient.java:createBucket(415)) - Creating Bucket: vol-1-52296/bucket-4-92904, with Versioning false and Storage Type set to DISK and Encryption set to false 
2019-09-26 13:38:12,165 [pool-75-thread-2] INFO  rpc.RpcClient (RpcClient.java:createBucket(415)) - Creating Bucket: vol-0-87771/bucket-4-11181, with Versioning false and Storage Type set to DISK and Encryption set to false 
2019-09-26 13:38:12,170 [pool-75-thread-3] INFO  rpc.RpcClient (RpcClient.java:createBucket(415)) - Creating Bucket: vol-0-87771/bucket-0-78140, with Versioning false and Storage Type set to DISK and Encryption set to false 
2019-09-26 13:38:12,170 [pool-75-thread-9] INFO  rpc.RpcClient (RpcClient.java:createBucket(415)) - Creating Bucket: vol-0-87771/bucket-3-84137, with Versioning false and Storage Type set to DISK and Encryption set to false 
2019-09-26 13:38:12,170 [pool-75-thread-7] INFO  rpc.RpcClient (RpcClient.java:createBucket(415)) - Creating Bucket: vol-0-87771/bucket-2-33376, with Versioning false and Storage Type set to DISK and Encryption set to false 
2019-09-26 13:38:12,170 [pool-75-thread-5] INFO  rpc.RpcClient (RpcClient.java:createBucket(415)) - Creating Bucket: vol-0-87771/bucket-1-08702, with Versioning false and Storage Type set to DISK and Encryption set to false 
2019-09-26 13:38:12,170 [IPC Server handler 2 on 38161] INFO  pipeline.PipelinePlacementPolicy (PipelinePlacementPolicy.java:meetCriteria(91)) - Pipeline Placement: can't place more pipeline on heavy datanode： cdf4aa8b-8ba2-4318-b195-a0642de96b1e Heaviness: 6 limit: 5
2019-09-26 13:38:12,171 [IPC Server handler 2 on 38161] INFO  pipeline.PipelinePlacementPolicy (PipelinePlacementPolicy.java:meetCriteria(91)) - Pipeline Placement: can't place more pipeline on heavy datanode： 3557bb53-8e52-4f49-8c22-7e13e7d0c46b Heaviness: 6 limit: 5
2019-09-26 13:38:12,171 [IPC Server handler 2 on 38161] INFO  pipeline.PipelinePlacementPolicy (PipelinePlacementPolicy.java:meetCriteria(91)) - Pipeline Placement: can't place more pipeline on heavy datanode： 3eabf511-42f2-4021-89ea-f049958471c8 Heaviness: 6 limit: 5
2019-09-26 13:38:12,171 [IPC Server handler 2 on 38161] INFO  pipeline.PipelinePlacementPolicy (PipelinePlacementPolicy.java:meetCriteria(91)) - Pipeline Placement: can't place more pipeline on heavy datanode： 3b4472a9-0ad3-4b35-90c6-43d323919912 Heaviness: 6 limit: 5
2019-09-26 13:38:12,171 [IPC Server handler 2 on 38161] INFO  pipeline.PipelinePlacementPolicy (PipelinePlacementPolicy.java:meetCriteria(91)) - Pipeline Placement: can't place more pipeline on heavy datanode： 07946d80-9a5e-4ca8-81a5-a2e240cd3767 Heaviness: 6 limit: 5
2019-09-26 13:38:12,171 [IPC Server handler 2 on 38161] ERROR pipeline.PipelinePlacementPolicy (PipelinePlacementPolicy.java:filterViableNodes(148)) - Unable to find enough nodes that meet the criteria that cannot engage in more than 5 pipelines. Nodes required: 3 Found: 0, healthy nodes count inNodeManager: 5.
2019-09-26 13:38:12,171 [IPC Server handler 2 on 38161] ERROR pipeline.SCMPipelineManager (SCMPipelineManager.java:createPipeline(167)) - Pipeline creation failed.
org.apache.hadoop.hdds.scm.exceptions.SCMException: Unable to find enough nodes that meet the criteria that cannot engage in more than 5 pipelines. Nodes required: 3 Found: 0, healthy nodes count inNodeManager: 5.
	at org.apache.hadoop.hdds.scm.pipeline.PipelinePlacementPolicy.filterViableNodes(PipelinePlacementPolicy.java:149)
	at org.apache.hadoop.hdds.scm.pipeline.PipelinePlacementPolicy.chooseDatanodes(PipelinePlacementPolicy.java:172)
	at org.apache.hadoop.hdds.scm.pipeline.RatisPipelineProvider.create(RatisPipelineProvider.java:93)
	at org.apache.hadoop.hdds.scm.pipeline.PipelineFactory.create(PipelineFactory.java:58)
	at org.apache.hadoop.hdds.scm.pipeline.SCMPipelineManager.createPipeline(SCMPipelineManager.java:155)
	at org.apache.hadoop.hdds.scm.block.BlockManagerImpl.allocateBlock(BlockManagerImpl.java:190)
	at org.apache.hadoop.hdds.scm.server.SCMBlockProtocolServer.allocateBlock(SCMBlockProtocolServer.java:182)
	at org.apache.hadoop.ozone.protocolPB.ScmBlockLocationProtocolServerSideTranslatorPB.allocateScmBlock(ScmBlockLocationProtocolServerSideTranslatorPB.java:183)
	at org.apache.hadoop.ozone.protocolPB.ScmBlockLocationProtocolServerSideTranslatorPB.processMessage(ScmBlockLocationProtocolServerSideTranslatorPB.java:141)
	at org.apache.hadoop.ozone.protocolPB.ScmBlockLocationProtocolServerSideTranslatorPB.send(ScmBlockLocationProtocolServerSideTranslatorPB.java:116)
	at org.apache.hadoop.hdds.protocol.proto.ScmBlockLocationProtocolProtos$ScmBlockLocationProtocolService$2.callBlockingMethod(ScmBlockLocationProtocolProtos.java:13157)
	at org.apache.hadoop.ipc.ProtobufRpcEngine$Server$ProtoBufRpcInvoker.call(ProtobufRpcEngine.java:524)
	at org.apache.hadoop.ipc.RPC$Server.call(RPC.java:1025)
	at org.apache.hadoop.ipc.Server$RpcCall.run(Server.java:876)
	at org.apache.hadoop.ipc.Server$RpcCall.run(Server.java:822)
	at java.security.AccessController.doPrivileged(Native Method)
	at javax.security.auth.Subject.doAs(Subject.java:422)
	at org.apache.hadoop.security.UserGroupInformation.doAs(UserGroupInformation.java:1730)
	at org.apache.hadoop.ipc.Server$Handler.run(Server.java:2682)
2019-09-26 13:38:12,172 [IPC Server handler 2 on 38161] WARN  block.BlockManagerImpl (BlockManagerImpl.java:allocateBlock(192)) - Pipeline creation failed for type:RATIS factor:THREE. Retrying get pipelines call once.
org.apache.hadoop.hdds.scm.exceptions.SCMException: Unable to find enough nodes that meet the criteria that cannot engage in more than 5 pipelines. Nodes required: 3 Found: 0, healthy nodes count inNodeManager: 5.
	at org.apache.hadoop.hdds.scm.pipeline.PipelinePlacementPolicy.filterViableNodes(PipelinePlacementPolicy.java:149)
	at org.apache.hadoop.hdds.scm.pipeline.PipelinePlacementPolicy.chooseDatanodes(PipelinePlacementPolicy.java:172)
	at org.apache.hadoop.hdds.scm.pipeline.RatisPipelineProvider.create(RatisPipelineProvider.java:93)
	at org.apache.hadoop.hdds.scm.pipeline.PipelineFactory.create(PipelineFactory.java:58)
	at org.apache.hadoop.hdds.scm.pipeline.SCMPipelineManager.createPipeline(SCMPipelineManager.java:155)
	at org.apache.hadoop.hdds.scm.block.BlockManagerImpl.allocateBlock(BlockManagerImpl.java:190)
	at org.apache.hadoop.hdds.scm.server.SCMBlockProtocolServer.allocateBlock(SCMBlockProtocolServer.java:182)
	at org.apache.hadoop.ozone.protocolPB.ScmBlockLocationProtocolServerSideTranslatorPB.allocateScmBlock(ScmBlockLocationProtocolServerSideTranslatorPB.java:183)
	at org.apache.hadoop.ozone.protocolPB.ScmBlockLocationProtocolServerSideTranslatorPB.processMessage(ScmBlockLocationProtocolServerSideTranslatorPB.java:141)
	at org.apache.hadoop.ozone.protocolPB.ScmBlockLocationProtocolServerSideTranslatorPB.send(ScmBlockLocationProtocolServerSideTranslatorPB.java:116)
	at org.apache.hadoop.hdds.protocol.proto.ScmBlockLocationProtocolProtos$ScmBlockLocationProtocolService$2.callBlockingMethod(ScmBlockLocationProtocolProtos.java:13157)
	at org.apache.hadoop.ipc.ProtobufRpcEngine$Server$ProtoBufRpcInvoker.call(ProtobufRpcEngine.java:524)
	at org.apache.hadoop.ipc.RPC$Server.call(RPC.java:1025)
	at org.apache.hadoop.ipc.Server$RpcCall.run(Server.java:876)
	at org.apache.hadoop.ipc.Server$RpcCall.run(Server.java:822)
	at java.security.AccessController.doPrivileged(Native Method)
	at javax.security.auth.Subject.doAs(Subject.java:422)
	at org.apache.hadoop.security.UserGroupInformation.doAs(UserGroupInformation.java:1730)
	at org.apache.hadoop.ipc.Server$Handler.run(Server.java:2682)
2019-09-26 13:38:12,172 [IPC Server handler 3 on 38161] INFO  pipeline.PipelinePlacementPolicy (PipelinePlacementPolicy.java:meetCriteria(91)) - Pipeline Placement: can't place more pipeline on heavy datanode： cdf4aa8b-8ba2-4318-b195-a0642de96b1e Heaviness: 6 limit: 5
2019-09-26 13:38:12,172 [IPC Server handler 3 on 38161] INFO  pipeline.PipelinePlacementPolicy (PipelinePlacementPolicy.java:meetCriteria(91)) - Pipeline Placement: can't place more pipeline on heavy datanode： 3557bb53-8e52-4f49-8c22-7e13e7d0c46b Heaviness: 6 limit: 5
2019-09-26 13:38:12,172 [IPC Server handler 3 on 38161] INFO  pipeline.PipelinePlacementPolicy (PipelinePlacementPolicy.java:meetCriteria(91)) - Pipeline Placement: can't place more pipeline on heavy datanode： 3eabf511-42f2-4021-89ea-f049958471c8 Heaviness: 6 limit: 5
2019-09-26 13:38:12,173 [IPC Server handler 3 on 38161] INFO  pipeline.PipelinePlacementPolicy (PipelinePlacementPolicy.java:meetCriteria(91)) - Pipeline Placement: can't place more pipeline on heavy datanode： 3b4472a9-0ad3-4b35-90c6-43d323919912 Heaviness: 6 limit: 5
2019-09-26 13:38:12,173 [IPC Server handler 3 on 38161] INFO  pipeline.PipelinePlacementPolicy (PipelinePlacementPolicy.java:meetCriteria(91)) - Pipeline Placement: can't place more pipeline on heavy datanode： 07946d80-9a5e-4ca8-81a5-a2e240cd3767 Heaviness: 6 limit: 5
2019-09-26 13:38:12,173 [IPC Server handler 3 on 38161] ERROR pipeline.PipelinePlacementPolicy (PipelinePlacementPolicy.java:filterViableNodes(148)) - Unable to find enough nodes that meet the criteria that cannot engage in more than 5 pipelines. Nodes required: 3 Found: 0, healthy nodes count inNodeManager: 5.
2019-09-26 13:38:12,173 [IPC Server handler 3 on 38161] ERROR pipeline.SCMPipelineManager (SCMPipelineManager.java:createPipeline(167)) - Pipeline creation failed.
org.apache.hadoop.hdds.scm.exceptions.SCMException: Unable to find enough nodes that meet the criteria that cannot engage in more than 5 pipelines. Nodes required: 3 Found: 0, healthy nodes count inNodeManager: 5.
	at org.apache.hadoop.hdds.scm.pipeline.PipelinePlacementPolicy.filterViableNodes(PipelinePlacementPolicy.java:149)
	at org.apache.hadoop.hdds.scm.pipeline.PipelinePlacementPolicy.chooseDatanodes(PipelinePlacementPolicy.java:172)
	at org.apache.hadoop.hdds.scm.pipeline.RatisPipelineProvider.create(RatisPipelineProvider.java:93)
	at org.apache.hadoop.hdds.scm.pipeline.PipelineFactory.create(PipelineFactory.java:58)
	at org.apache.hadoop.hdds.scm.pipeline.SCMPipelineManager.createPipeline(SCMPipelineManager.java:155)
	at org.apache.hadoop.hdds.scm.block.BlockManagerImpl.allocateBlock(BlockManagerImpl.java:190)
	at org.apache.hadoop.hdds.scm.server.SCMBlockProtocolServer.allocateBlock(SCMBlockProtocolServer.java:182)
	at org.apache.hadoop.ozone.protocolPB.ScmBlockLocationProtocolServerSideTranslatorPB.allocateScmBlock(ScmBlockLocationProtocolServerSideTranslatorPB.java:183)
	at org.apache.hadoop.ozone.protocolPB.ScmBlockLocationProtocolServerSideTranslatorPB.processMessage(ScmBlockLocationProtocolServerSideTranslatorPB.java:141)
	at org.apache.hadoop.ozone.protocolPB.ScmBlockLocationProtocolServerSideTranslatorPB.send(ScmBlockLocationProtocolServerSideTranslatorPB.java:116)
	at org.apache.hadoop.hdds.protocol.proto.ScmBlockLocationProtocolProtos$ScmBlockLocationProtocolService$2.callBlockingMethod(ScmBlockLocationProtocolProtos.java:13157)
	at org.apache.hadoop.ipc.ProtobufRpcEngine$Server$ProtoBufRpcInvoker.call(ProtobufRpcEngine.java:524)
	at org.apache.hadoop.ipc.RPC$Server.call(RPC.java:1025)
	at org.apache.hadoop.ipc.Server$RpcCall.run(Server.java:876)
	at org.apache.hadoop.ipc.Server$RpcCall.run(Server.java:822)
	at java.security.AccessController.doPrivileged(Native Method)
	at javax.security.auth.Subject.doAs(Subject.java:422)
	at org.apache.hadoop.security.UserGroupInformation.doAs(UserGroupInformation.java:1730)
	at org.apache.hadoop.ipc.Server$Handler.run(Server.java:2682)
2019-09-26 13:38:12,174 [IPC Server handler 3 on 38161] WARN  block.BlockManagerImpl (BlockManagerImpl.java:allocateBlock(192)) - Pipeline creation failed for type:RATIS factor:THREE. Retrying get pipelines call once.
org.apache.hadoop.hdds.scm.exceptions.SCMException: Unable to find enough nodes that meet the criteria that cannot engage in more than 5 pipelines. Nodes required: 3 Found: 0, healthy nodes count inNodeManager: 5.
	at org.apache.hadoop.hdds.scm.pipeline.PipelinePlacementPolicy.filterViableNodes(PipelinePlacementPolicy.java:149)
	at org.apache.hadoop.hdds.scm.pipeline.PipelinePlacementPolicy.chooseDatanodes(PipelinePlacementPolicy.java:172)
	at org.apache.hadoop.hdds.scm.pipeline.RatisPipelineProvider.create(RatisPipelineProvider.java:93)
	at org.apache.hadoop.hdds.scm.pipeline.PipelineFactory.create(PipelineFactory.java:58)
	at org.apache.hadoop.hdds.scm.pipeline.SCMPipelineManager.createPipeline(SCMPipelineManager.java:155)
	at org.apache.hadoop.hdds.scm.block.BlockManagerImpl.allocateBlock(BlockManagerImpl.java:190)
	at org.apache.hadoop.hdds.scm.server.SCMBlockProtocolServer.allocateBlock(SCMBlockProtocolServer.java:182)
	at org.apache.hadoop.ozone.protocolPB.ScmBlockLocationProtocolServerSideTranslatorPB.allocateScmBlock(ScmBlockLocationProtocolServerSideTranslatorPB.java:183)
	at org.apache.hadoop.ozone.protocolPB.ScmBlockLocationProtocolServerSideTranslatorPB.processMessage(ScmBlockLocationProtocolServerSideTranslatorPB.java:141)
	at org.apache.hadoop.ozone.protocolPB.ScmBlockLocationProtocolServerSideTranslatorPB.send(ScmBlockLocationProtocolServerSideTranslatorPB.java:116)
	at org.apache.hadoop.hdds.protocol.proto.ScmBlockLocationProtocolProtos$ScmBlockLocationProtocolService$2.callBlockingMethod(ScmBlockLocationProtocolProtos.java:13157)
	at org.apache.hadoop.ipc.ProtobufRpcEngine$Server$ProtoBufRpcInvoker.call(ProtobufRpcEngine.java:524)
	at org.apache.hadoop.ipc.RPC$Server.call(RPC.java:1025)
	at org.apache.hadoop.ipc.Server$RpcCall.run(Server.java:876)
	at org.apache.hadoop.ipc.Server$RpcCall.run(Server.java:822)
	at java.security.AccessController.doPrivileged(Native Method)
	at javax.security.auth.Subject.doAs(Subject.java:422)
	at org.apache.hadoop.security.UserGroupInformation.doAs(UserGroupInformation.java:1730)
	at org.apache.hadoop.ipc.Server$Handler.run(Server.java:2682)
2019-09-26 13:38:12,174 [IPC Server handler 2 on 38161] INFO  block.BlockManagerImpl (BlockManagerImpl.java:allocateBlock(198)) - Could not find available pipeline of type:RATIS and factor:THREE even after retrying
2019-09-26 13:38:12,174 [IPC Server handler 3 on 38161] INFO  block.BlockManagerImpl (BlockManagerImpl.java:allocateBlock(198)) - Could not find available pipeline of type:RATIS and factor:THREE even after retrying
2019-09-26 13:38:12,174 [IPC Server handler 2 on 38161] ERROR block.BlockManagerImpl (BlockManagerImpl.java:allocateBlock(222)) - Unable to allocate a block for the size: 4194304, type: RATIS, factor: THREE
2019-09-26 13:38:12,174 [IPC Server handler 3 on 38161] ERROR block.BlockManagerImpl (BlockManagerImpl.java:allocateBlock(222)) - Unable to allocate a block for the size: 4194304, type: RATIS, factor: THREE
2019-09-26 13:38:12,177 [pool-75-thread-4] ERROR freon.RandomKeyGenerator (RandomKeyGenerator.java:createKey(733)) - Exception while adding key: key-0-44738 in bucket: bucket-0-28499 of volume: vol-1-52296.
INTERNAL_ERROR org.apache.hadoop.ozone.om.exceptions.OMException: Allocated 0 blocks. Requested 1 blocks
	at org.apache.hadoop.ozone.om.protocolPB.OzoneManagerProtocolClientSideTranslatorPB.handleError(OzoneManagerProtocolClientSideTranslatorPB.java:732)
	at org.apache.hadoop.ozone.om.protocolPB.OzoneManagerProtocolClientSideTranslatorPB.openKey(OzoneManagerProtocolClientSideTranslatorPB.java:723)
	at sun.reflect.NativeMethodAccessorImpl.invoke0(Native Method)
	at sun.reflect.NativeMethodAccessorImpl.invoke(NativeMethodAccessorImpl.java:62)
	at sun.reflect.DelegatingMethodAccessorImpl.invoke(DelegatingMethodAccessorImpl.java:43)
	at java.lang.reflect.Method.invoke(Method.java:498)
	at org.apache.hadoop.hdds.tracing.TraceAllMethod.invoke(TraceAllMethod.java:66)
	at com.sun.proxy.$Proxy37.openKey(Unknown Source)
	at org.apache.hadoop.ozone.client.rpc.RpcClient.createKey(RpcClient.java:614)
	at org.apache.hadoop.ozone.client.OzoneBucket.createKey(OzoneBucket.java:325)
	at org.apache.hadoop.ozone.freon.RandomKeyGenerator.createKey(RandomKeyGenerator.java:695)
	at org.apache.hadoop.ozone.freon.RandomKeyGenerator.access$1100(RandomKeyGenerator.java:88)
	at org.apache.hadoop.ozone.freon.RandomKeyGenerator$ObjectCreator.run(RandomKeyGenerator.java:615)
	at java.util.concurrent.Executors$RunnableAdapter.call(Executors.java:511)
	at java.util.concurrent.FutureTask.run(FutureTask.java:266)
	at java.util.concurrent.ThreadPoolExecutor.runWorker(ThreadPoolExecutor.java:1149)
	at java.util.concurrent.ThreadPoolExecutor$Worker.run(ThreadPoolExecutor.java:624)
	at java.lang.Thread.run(Thread.java:748)
2019-09-26 13:38:12,178 [pool-75-thread-8] ERROR freon.RandomKeyGenerator (RandomKeyGenerator.java:createKey(733)) - Exception while adding key: key-0-35442 in bucket: bucket-1-18366 of volume: vol-1-52296.
INTERNAL_ERROR org.apache.hadoop.ozone.om.exceptions.OMException: Allocated 0 blocks. Requested 1 blocks
	at org.apache.hadoop.ozone.om.protocolPB.OzoneManagerProtocolClientSideTranslatorPB.handleError(OzoneManagerProtocolClientSideTranslatorPB.java:732)
	at org.apache.hadoop.ozone.om.protocolPB.OzoneManagerProtocolClientSideTranslatorPB.openKey(OzoneManagerProtocolClientSideTranslatorPB.java:723)
	at sun.reflect.NativeMethodAccessorImpl.invoke0(Native Method)
	at sun.reflect.NativeMethodAccessorImpl.invoke(NativeMethodAccessorImpl.java:62)
	at sun.reflect.DelegatingMethodAccessorImpl.invoke(DelegatingMethodAccessorImpl.java:43)
	at java.lang.reflect.Method.invoke(Method.java:498)
	at org.apache.hadoop.hdds.tracing.TraceAllMethod.invoke(TraceAllMethod.java:66)
	at com.sun.proxy.$Proxy37.openKey(Unknown Source)
	at org.apache.hadoop.ozone.client.rpc.RpcClient.createKey(RpcClient.java:614)
	at org.apache.hadoop.ozone.client.OzoneBucket.createKey(OzoneBucket.java:325)
	at org.apache.hadoop.ozone.freon.RandomKeyGenerator.createKey(RandomKeyGenerator.java:695)
	at org.apache.hadoop.ozone.freon.RandomKeyGenerator.access$1100(RandomKeyGenerator.java:88)
	at org.apache.hadoop.ozone.freon.RandomKeyGenerator$ObjectCreator.run(RandomKeyGenerator.java:615)
	at java.util.concurrent.Executors$RunnableAdapter.call(Executors.java:511)
	at java.util.concurrent.FutureTask.run(FutureTask.java:266)
	at java.util.concurrent.ThreadPoolExecutor.runWorker(ThreadPoolExecutor.java:1149)
	at java.util.concurrent.ThreadPoolExecutor$Worker.run(ThreadPoolExecutor.java:624)
	at java.lang.Thread.run(Thread.java:748)
2019-09-26 13:38:12,196 [IPC Server handler 4 on 38161] INFO  pipeline.PipelinePlacementPolicy (PipelinePlacementPolicy.java:meetCriteria(91)) - Pipeline Placement: can't place more pipeline on heavy datanode： cdf4aa8b-8ba2-4318-b195-a0642de96b1e Heaviness: 6 limit: 5
2019-09-26 13:38:12,196 [IPC Server handler 4 on 38161] INFO  pipeline.PipelinePlacementPolicy (PipelinePlacementPolicy.java:meetCriteria(91)) - Pipeline Placement: can't place more pipeline on heavy datanode： 3557bb53-8e52-4f49-8c22-7e13e7d0c46b Heaviness: 6 limit: 5
2019-09-26 13:38:12,196 [IPC Server handler 4 on 38161] INFO  pipeline.PipelinePlacementPolicy (PipelinePlacementPolicy.java:meetCriteria(91)) - Pipeline Placement: can't place more pipeline on heavy datanode： 3eabf511-42f2-4021-89ea-f049958471c8 Heaviness: 6 limit: 5
2019-09-26 13:38:12,196 [IPC Server handler 4 on 38161] INFO  pipeline.PipelinePlacementPolicy (PipelinePlacementPolicy.java:meetCriteria(91)) - Pipeline Placement: can't place more pipeline on heavy datanode： 3b4472a9-0ad3-4b35-90c6-43d323919912 Heaviness: 6 limit: 5
2019-09-26 13:38:12,196 [IPC Server handler 4 on 38161] INFO  pipeline.PipelinePlacementPolicy (PipelinePlacementPolicy.java:meetCriteria(91)) - Pipeline Placement: can't place more pipeline on heavy datanode： 07946d80-9a5e-4ca8-81a5-a2e240cd3767 Heaviness: 6 limit: 5
2019-09-26 13:38:12,196 [IPC Server handler 4 on 38161] ERROR pipeline.PipelinePlacementPolicy (PipelinePlacementPolicy.java:filterViableNodes(148)) - Unable to find enough nodes that meet the criteria that cannot engage in more than 5 pipelines. Nodes required: 3 Found: 0, healthy nodes count inNodeManager: 5.
2019-09-26 13:38:12,197 [IPC Server handler 4 on 38161] ERROR pipeline.SCMPipelineManager (SCMPipelineManager.java:createPipeline(167)) - Pipeline creation failed.
org.apache.hadoop.hdds.scm.exceptions.SCMException: Unable to find enough nodes that meet the criteria that cannot engage in more than 5 pipelines. Nodes required: 3 Found: 0, healthy nodes count inNodeManager: 5.
	at org.apache.hadoop.hdds.scm.pipeline.PipelinePlacementPolicy.filterViableNodes(PipelinePlacementPolicy.java:149)
	at org.apache.hadoop.hdds.scm.pipeline.PipelinePlacementPolicy.chooseDatanodes(PipelinePlacementPolicy.java:172)
	at org.apache.hadoop.hdds.scm.pipeline.RatisPipelineProvider.create(RatisPipelineProvider.java:93)
	at org.apache.hadoop.hdds.scm.pipeline.PipelineFactory.create(PipelineFactory.java:58)
	at org.apache.hadoop.hdds.scm.pipeline.SCMPipelineManager.createPipeline(SCMPipelineManager.java:155)
	at org.apache.hadoop.hdds.scm.block.BlockManagerImpl.allocateBlock(BlockManagerImpl.java:190)
	at org.apache.hadoop.hdds.scm.server.SCMBlockProtocolServer.allocateBlock(SCMBlockProtocolServer.java:182)
	at org.apache.hadoop.ozone.protocolPB.ScmBlockLocationProtocolServerSideTranslatorPB.allocateScmBlock(ScmBlockLocationProtocolServerSideTranslatorPB.java:183)
	at org.apache.hadoop.ozone.protocolPB.ScmBlockLocationProtocolServerSideTranslatorPB.processMessage(ScmBlockLocationProtocolServerSideTranslatorPB.java:141)
	at org.apache.hadoop.ozone.protocolPB.ScmBlockLocationProtocolServerSideTranslatorPB.send(ScmBlockLocationProtocolServerSideTranslatorPB.java:116)
	at org.apache.hadoop.hdds.protocol.proto.ScmBlockLocationProtocolProtos$ScmBlockLocationProtocolService$2.callBlockingMethod(ScmBlockLocationProtocolProtos.java:13157)
	at org.apache.hadoop.ipc.ProtobufRpcEngine$Server$ProtoBufRpcInvoker.call(ProtobufRpcEngine.java:524)
	at org.apache.hadoop.ipc.RPC$Server.call(RPC.java:1025)
	at org.apache.hadoop.ipc.Server$RpcCall.run(Server.java:876)
	at org.apache.hadoop.ipc.Server$RpcCall.run(Server.java:822)
	at java.security.AccessController.doPrivileged(Native Method)
	at javax.security.auth.Subject.doAs(Subject.java:422)
	at org.apache.hadoop.security.UserGroupInformation.doAs(UserGroupInformation.java:1730)
	at org.apache.hadoop.ipc.Server$Handler.run(Server.java:2682)
2019-09-26 13:38:12,197 [IPC Server handler 4 on 38161] WARN  block.BlockManagerImpl (BlockManagerImpl.java:allocateBlock(192)) - Pipeline creation failed for type:RATIS factor:THREE. Retrying get pipelines call once.
org.apache.hadoop.hdds.scm.exceptions.SCMException: Unable to find enough nodes that meet the criteria that cannot engage in more than 5 pipelines. Nodes required: 3 Found: 0, healthy nodes count inNodeManager: 5.
	at org.apache.hadoop.hdds.scm.pipeline.PipelinePlacementPolicy.filterViableNodes(PipelinePlacementPolicy.java:149)
	at org.apache.hadoop.hdds.scm.pipeline.PipelinePlacementPolicy.chooseDatanodes(PipelinePlacementPolicy.java:172)
	at org.apache.hadoop.hdds.scm.pipeline.RatisPipelineProvider.create(RatisPipelineProvider.java:93)
	at org.apache.hadoop.hdds.scm.pipeline.PipelineFactory.create(PipelineFactory.java:58)
	at org.apache.hadoop.hdds.scm.pipeline.SCMPipelineManager.createPipeline(SCMPipelineManager.java:155)
	at org.apache.hadoop.hdds.scm.block.BlockManagerImpl.allocateBlock(BlockManagerImpl.java:190)
	at org.apache.hadoop.hdds.scm.server.SCMBlockProtocolServer.allocateBlock(SCMBlockProtocolServer.java:182)
	at org.apache.hadoop.ozone.protocolPB.ScmBlockLocationProtocolServerSideTranslatorPB.allocateScmBlock(ScmBlockLocationProtocolServerSideTranslatorPB.java:183)
	at org.apache.hadoop.ozone.protocolPB.ScmBlockLocationProtocolServerSideTranslatorPB.processMessage(ScmBlockLocationProtocolServerSideTranslatorPB.java:141)
	at org.apache.hadoop.ozone.protocolPB.ScmBlockLocationProtocolServerSideTranslatorPB.send(ScmBlockLocationProtocolServerSideTranslatorPB.java:116)
	at org.apache.hadoop.hdds.protocol.proto.ScmBlockLocationProtocolProtos$ScmBlockLocationProtocolService$2.callBlockingMethod(ScmBlockLocationProtocolProtos.java:13157)
	at org.apache.hadoop.ipc.ProtobufRpcEngine$Server$ProtoBufRpcInvoker.call(ProtobufRpcEngine.java:524)
	at org.apache.hadoop.ipc.RPC$Server.call(RPC.java:1025)
	at org.apache.hadoop.ipc.Server$RpcCall.run(Server.java:876)
	at org.apache.hadoop.ipc.Server$RpcCall.run(Server.java:822)
	at java.security.AccessController.doPrivileged(Native Method)
	at javax.security.auth.Subject.doAs(Subject.java:422)
	at org.apache.hadoop.security.UserGroupInformation.doAs(UserGroupInformation.java:1730)
	at org.apache.hadoop.ipc.Server$Handler.run(Server.java:2682)
2019-09-26 13:38:12,197 [IPC Server handler 11 on 38161] INFO  pipeline.PipelinePlacementPolicy (PipelinePlacementPolicy.java:meetCriteria(91)) - Pipeline Placement: can't place more pipeline on heavy datanode： cdf4aa8b-8ba2-4318-b195-a0642de96b1e Heaviness: 6 limit: 5
2019-09-26 13:38:12,197 [IPC Server handler 11 on 38161] INFO  pipeline.PipelinePlacementPolicy (PipelinePlacementPolicy.java:meetCriteria(91)) - Pipeline Placement: can't place more pipeline on heavy datanode： 3557bb53-8e52-4f49-8c22-7e13e7d0c46b Heaviness: 6 limit: 5
2019-09-26 13:38:12,198 [IPC Server handler 11 on 38161] INFO  pipeline.PipelinePlacementPolicy (PipelinePlacementPolicy.java:meetCriteria(91)) - Pipeline Placement: can't place more pipeline on heavy datanode： 3eabf511-42f2-4021-89ea-f049958471c8 Heaviness: 6 limit: 5
2019-09-26 13:38:12,198 [IPC Server handler 11 on 38161] INFO  pipeline.PipelinePlacementPolicy (PipelinePlacementPolicy.java:meetCriteria(91)) - Pipeline Placement: can't place more pipeline on heavy datanode： 3b4472a9-0ad3-4b35-90c6-43d323919912 Heaviness: 6 limit: 5
2019-09-26 13:38:12,198 [IPC Server handler 11 on 38161] INFO  pipeline.PipelinePlacementPolicy (PipelinePlacementPolicy.java:meetCriteria(91)) - Pipeline Placement: can't place more pipeline on heavy datanode： 07946d80-9a5e-4ca8-81a5-a2e240cd3767 Heaviness: 6 limit: 5
2019-09-26 13:38:12,198 [IPC Server handler 11 on 38161] ERROR pipeline.PipelinePlacementPolicy (PipelinePlacementPolicy.java:filterViableNodes(148)) - Unable to find enough nodes that meet the criteria that cannot engage in more than 5 pipelines. Nodes required: 3 Found: 0, healthy nodes count inNodeManager: 5.
2019-09-26 13:38:12,198 [IPC Server handler 11 on 38161] ERROR pipeline.SCMPipelineManager (SCMPipelineManager.java:createPipeline(167)) - Pipeline creation failed.
org.apache.hadoop.hdds.scm.exceptions.SCMException: Unable to find enough nodes that meet the criteria that cannot engage in more than 5 pipelines. Nodes required: 3 Found: 0, healthy nodes count inNodeManager: 5.
	at org.apache.hadoop.hdds.scm.pipeline.PipelinePlacementPolicy.filterViableNodes(PipelinePlacementPolicy.java:149)
	at org.apache.hadoop.hdds.scm.pipeline.PipelinePlacementPolicy.chooseDatanodes(PipelinePlacementPolicy.java:172)
	at org.apache.hadoop.hdds.scm.pipeline.RatisPipelineProvider.create(RatisPipelineProvider.java:93)
	at org.apache.hadoop.hdds.scm.pipeline.PipelineFactory.create(PipelineFactory.java:58)
	at org.apache.hadoop.hdds.scm.pipeline.SCMPipelineManager.createPipeline(SCMPipelineManager.java:155)
	at org.apache.hadoop.hdds.scm.block.BlockManagerImpl.allocateBlock(BlockManagerImpl.java:190)
	at org.apache.hadoop.hdds.scm.server.SCMBlockProtocolServer.allocateBlock(SCMBlockProtocolServer.java:182)
	at org.apache.hadoop.ozone.protocolPB.ScmBlockLocationProtocolServerSideTranslatorPB.allocateScmBlock(ScmBlockLocationProtocolServerSideTranslatorPB.java:183)
	at org.apache.hadoop.ozone.protocolPB.ScmBlockLocationProtocolServerSideTranslatorPB.processMessage(ScmBlockLocationProtocolServerSideTranslatorPB.java:141)
	at org.apache.hadoop.ozone.protocolPB.ScmBlockLocationProtocolServerSideTranslatorPB.send(ScmBlockLocationProtocolServerSideTranslatorPB.java:116)
	at org.apache.hadoop.hdds.protocol.proto.ScmBlockLocationProtocolProtos$ScmBlockLocationProtocolService$2.callBlockingMethod(ScmBlockLocationProtocolProtos.java:13157)
	at org.apache.hadoop.ipc.ProtobufRpcEngine$Server$ProtoBufRpcInvoker.call(ProtobufRpcEngine.java:524)
	at org.apache.hadoop.ipc.RPC$Server.call(RPC.java:1025)
	at org.apache.hadoop.ipc.Server$RpcCall.run(Server.java:876)
	at org.apache.hadoop.ipc.Server$RpcCall.run(Server.java:822)
	at java.security.AccessController.doPrivileged(Native Method)
	at javax.security.auth.Subject.doAs(Subject.java:422)
	at org.apache.hadoop.security.UserGroupInformation.doAs(UserGroupInformation.java:1730)
	at org.apache.hadoop.ipc.Server$Handler.run(Server.java:2682)
2019-09-26 13:38:12,199 [IPC Server handler 11 on 38161] WARN  block.BlockManagerImpl (BlockManagerImpl.java:allocateBlock(192)) - Pipeline creation failed for type:RATIS factor:THREE. Retrying get pipelines call once.
org.apache.hadoop.hdds.scm.exceptions.SCMException: Unable to find enough nodes that meet the criteria that cannot engage in more than 5 pipelines. Nodes required: 3 Found: 0, healthy nodes count inNodeManager: 5.
	at org.apache.hadoop.hdds.scm.pipeline.PipelinePlacementPolicy.filterViableNodes(PipelinePlacementPolicy.java:149)
	at org.apache.hadoop.hdds.scm.pipeline.PipelinePlacementPolicy.chooseDatanodes(PipelinePlacementPolicy.java:172)
	at org.apache.hadoop.hdds.scm.pipeline.RatisPipelineProvider.create(RatisPipelineProvider.java:93)
	at org.apache.hadoop.hdds.scm.pipeline.PipelineFactory.create(PipelineFactory.java:58)
	at org.apache.hadoop.hdds.scm.pipeline.SCMPipelineManager.createPipeline(SCMPipelineManager.java:155)
	at org.apache.hadoop.hdds.scm.block.BlockManagerImpl.allocateBlock(BlockManagerImpl.java:190)
	at org.apache.hadoop.hdds.scm.server.SCMBlockProtocolServer.allocateBlock(SCMBlockProtocolServer.java:182)
	at org.apache.hadoop.ozone.protocolPB.ScmBlockLocationProtocolServerSideTranslatorPB.allocateScmBlock(ScmBlockLocationProtocolServerSideTranslatorPB.java:183)
	at org.apache.hadoop.ozone.protocolPB.ScmBlockLocationProtocolServerSideTranslatorPB.processMessage(ScmBlockLocationProtocolServerSideTranslatorPB.java:141)
	at org.apache.hadoop.ozone.protocolPB.ScmBlockLocationProtocolServerSideTranslatorPB.send(ScmBlockLocationProtocolServerSideTranslatorPB.java:116)
	at org.apache.hadoop.hdds.protocol.proto.ScmBlockLocationProtocolProtos$ScmBlockLocationProtocolService$2.callBlockingMethod(ScmBlockLocationProtocolProtos.java:13157)
	at org.apache.hadoop.ipc.ProtobufRpcEngine$Server$ProtoBufRpcInvoker.call(ProtobufRpcEngine.java:524)
	at org.apache.hadoop.ipc.RPC$Server.call(RPC.java:1025)
	at org.apache.hadoop.ipc.Server$RpcCall.run(Server.java:876)
	at org.apache.hadoop.ipc.Server$RpcCall.run(Server.java:822)
	at java.security.AccessController.doPrivileged(Native Method)
	at javax.security.auth.Subject.doAs(Subject.java:422)
	at org.apache.hadoop.security.UserGroupInformation.doAs(UserGroupInformation.java:1730)
	at org.apache.hadoop.ipc.Server$Handler.run(Server.java:2682)
2019-09-26 13:38:12,199 [IPC Server handler 1 on 38161] INFO  pipeline.PipelinePlacementPolicy (PipelinePlacementPolicy.java:meetCriteria(91)) - Pipeline Placement: can't place more pipeline on heavy datanode： cdf4aa8b-8ba2-4318-b195-a0642de96b1e Heaviness: 6 limit: 5
2019-09-26 13:38:12,199 [IPC Server handler 1 on 38161] INFO  pipeline.PipelinePlacementPolicy (PipelinePlacementPolicy.java:meetCriteria(91)) - Pipeline Placement: can't place more pipeline on heavy datanode： 3557bb53-8e52-4f49-8c22-7e13e7d0c46b Heaviness: 6 limit: 5
2019-09-26 13:38:12,199 [IPC Server handler 1 on 38161] INFO  pipeline.PipelinePlacementPolicy (PipelinePlacementPolicy.java:meetCriteria(91)) - Pipeline Placement: can't place more pipeline on heavy datanode： 3eabf511-42f2-4021-89ea-f049958471c8 Heaviness: 6 limit: 5
2019-09-26 13:38:12,199 [IPC Server handler 1 on 38161] INFO  pipeline.PipelinePlacementPolicy (PipelinePlacementPolicy.java:meetCriteria(91)) - Pipeline Placement: can't place more pipeline on heavy datanode： 3b4472a9-0ad3-4b35-90c6-43d323919912 Heaviness: 6 limit: 5
2019-09-26 13:38:12,200 [IPC Server handler 1 on 38161] INFO  pipeline.PipelinePlacementPolicy (PipelinePlacementPolicy.java:meetCriteria(91)) - Pipeline Placement: can't place more pipeline on heavy datanode： 07946d80-9a5e-4ca8-81a5-a2e240cd3767 Heaviness: 6 limit: 5
2019-09-26 13:38:12,200 [IPC Server handler 1 on 38161] ERROR pipeline.PipelinePlacementPolicy (PipelinePlacementPolicy.java:filterViableNodes(148)) - Unable to find enough nodes that meet the criteria that cannot engage in more than 5 pipelines. Nodes required: 3 Found: 0, healthy nodes count inNodeManager: 5.
2019-09-26 13:38:12,200 [IPC Server handler 1 on 38161] ERROR pipeline.SCMPipelineManager (SCMPipelineManager.java:createPipeline(167)) - Pipeline creation failed.
org.apache.hadoop.hdds.scm.exceptions.SCMException: Unable to find enough nodes that meet the criteria that cannot engage in more than 5 pipelines. Nodes required: 3 Found: 0, healthy nodes count inNodeManager: 5.
	at org.apache.hadoop.hdds.scm.pipeline.PipelinePlacementPolicy.filterViableNodes(PipelinePlacementPolicy.java:149)
	at org.apache.hadoop.hdds.scm.pipeline.PipelinePlacementPolicy.chooseDatanodes(PipelinePlacementPolicy.java:172)
	at org.apache.hadoop.hdds.scm.pipeline.RatisPipelineProvider.create(RatisPipelineProvider.java:93)
	at org.apache.hadoop.hdds.scm.pipeline.PipelineFactory.create(PipelineFactory.java:58)
	at org.apache.hadoop.hdds.scm.pipeline.SCMPipelineManager.createPipeline(SCMPipelineManager.java:155)
	at org.apache.hadoop.hdds.scm.block.BlockManagerImpl.allocateBlock(BlockManagerImpl.java:190)
	at org.apache.hadoop.hdds.scm.server.SCMBlockProtocolServer.allocateBlock(SCMBlockProtocolServer.java:182)
	at org.apache.hadoop.ozone.protocolPB.ScmBlockLocationProtocolServerSideTranslatorPB.allocateScmBlock(ScmBlockLocationProtocolServerSideTranslatorPB.java:183)
	at org.apache.hadoop.ozone.protocolPB.ScmBlockLocationProtocolServerSideTranslatorPB.processMessage(ScmBlockLocationProtocolServerSideTranslatorPB.java:141)
	at org.apache.hadoop.ozone.protocolPB.ScmBlockLocationProtocolServerSideTranslatorPB.send(ScmBlockLocationProtocolServerSideTranslatorPB.java:116)
	at org.apache.hadoop.hdds.protocol.proto.ScmBlockLocationProtocolProtos$ScmBlockLocationProtocolService$2.callBlockingMethod(ScmBlockLocationProtocolProtos.java:13157)
	at org.apache.hadoop.ipc.ProtobufRpcEngine$Server$ProtoBufRpcInvoker.call(ProtobufRpcEngine.java:524)
	at org.apache.hadoop.ipc.RPC$Server.call(RPC.java:1025)
	at org.apache.hadoop.ipc.Server$RpcCall.run(Server.java:876)
	at org.apache.hadoop.ipc.Server$RpcCall.run(Server.java:822)
	at java.security.AccessController.doPrivileged(Native Method)
	at javax.security.auth.Subject.doAs(Subject.java:422)
	at org.apache.hadoop.security.UserGroupInformation.doAs(UserGroupInformation.java:1730)
	at org.apache.hadoop.ipc.Server$Handler.run(Server.java:2682)
2019-09-26 13:38:12,200 [IPC Server handler 1 on 38161] WARN  block.BlockManagerImpl (BlockManagerImpl.java:allocateBlock(192)) - Pipeline creation failed for type:RATIS factor:THREE. Retrying get pipelines call once.
org.apache.hadoop.hdds.scm.exceptions.SCMException: Unable to find enough nodes that meet the criteria that cannot engage in more than 5 pipelines. Nodes required: 3 Found: 0, healthy nodes count inNodeManager: 5.
	at org.apache.hadoop.hdds.scm.pipeline.PipelinePlacementPolicy.filterViableNodes(PipelinePlacementPolicy.java:149)
	at org.apache.hadoop.hdds.scm.pipeline.PipelinePlacementPolicy.chooseDatanodes(PipelinePlacementPolicy.java:172)
	at org.apache.hadoop.hdds.scm.pipeline.RatisPipelineProvider.create(RatisPipelineProvider.java:93)
	at org.apache.hadoop.hdds.scm.pipeline.PipelineFactory.create(PipelineFactory.java:58)
	at org.apache.hadoop.hdds.scm.pipeline.SCMPipelineManager.createPipeline(SCMPipelineManager.java:155)
	at org.apache.hadoop.hdds.scm.block.BlockManagerImpl.allocateBlock(BlockManagerImpl.java:190)
	at org.apache.hadoop.hdds.scm.server.SCMBlockProtocolServer.allocateBlock(SCMBlockProtocolServer.java:182)
	at org.apache.hadoop.ozone.protocolPB.ScmBlockLocationProtocolServerSideTranslatorPB.allocateScmBlock(ScmBlockLocationProtocolServerSideTranslatorPB.java:183)
	at org.apache.hadoop.ozone.protocolPB.ScmBlockLocationProtocolServerSideTranslatorPB.processMessage(ScmBlockLocationProtocolServerSideTranslatorPB.java:141)
	at org.apache.hadoop.ozone.protocolPB.ScmBlockLocationProtocolServerSideTranslatorPB.send(ScmBlockLocationProtocolServerSideTranslatorPB.java:116)
	at org.apache.hadoop.hdds.protocol.proto.ScmBlockLocationProtocolProtos$ScmBlockLocationProtocolService$2.callBlockingMethod(ScmBlockLocationProtocolProtos.java:13157)
	at org.apache.hadoop.ipc.ProtobufRpcEngine$Server$ProtoBufRpcInvoker.call(ProtobufRpcEngine.java:524)
	at org.apache.hadoop.ipc.RPC$Server.call(RPC.java:1025)
	at org.apache.hadoop.ipc.Server$RpcCall.run(Server.java:876)
	at org.apache.hadoop.ipc.Server$RpcCall.run(Server.java:822)
	at java.security.AccessController.doPrivileged(Native Method)
	at javax.security.auth.Subject.doAs(Subject.java:422)
	at org.apache.hadoop.security.UserGroupInformation.doAs(UserGroupInformation.java:1730)
	at org.apache.hadoop.ipc.Server$Handler.run(Server.java:2682)
2019-09-26 13:38:12,200 [IPC Server handler 11 on 38161] INFO  block.BlockManagerImpl (BlockManagerImpl.java:allocateBlock(198)) - Could not find available pipeline of type:RATIS and factor:THREE even after retrying
2019-09-26 13:38:12,201 [IPC Server handler 11 on 38161] ERROR block.BlockManagerImpl (BlockManagerImpl.java:allocateBlock(222)) - Unable to allocate a block for the size: 4194304, type: RATIS, factor: THREE
2019-09-26 13:38:12,200 [IPC Server handler 4 on 38161] INFO  block.BlockManagerImpl (BlockManagerImpl.java:allocateBlock(198)) - Could not find available pipeline of type:RATIS and factor:THREE even after retrying
2019-09-26 13:38:12,201 [IPC Server handler 1 on 38161] INFO  block.BlockManagerImpl (BlockManagerImpl.java:allocateBlock(198)) - Could not find available pipeline of type:RATIS and factor:THREE even after retrying
2019-09-26 13:38:12,201 [IPC Server handler 4 on 38161] ERROR block.BlockManagerImpl (BlockManagerImpl.java:allocateBlock(222)) - Unable to allocate a block for the size: 4194304, type: RATIS, factor: THREE
2019-09-26 13:38:12,201 [IPC Server handler 1 on 38161] ERROR block.BlockManagerImpl (BlockManagerImpl.java:allocateBlock(222)) - Unable to allocate a block for the size: 4194304, type: RATIS, factor: THREE
2019-09-26 13:38:12,202 [pool-75-thread-2] ERROR freon.RandomKeyGenerator (RandomKeyGenerator.java:createKey(733)) - Exception while adding key: key-0-29255 in bucket: bucket-4-92904 of volume: vol-1-52296.
INTERNAL_ERROR org.apache.hadoop.ozone.om.exceptions.OMException: Allocated 0 blocks. Requested 1 blocks
	at org.apache.hadoop.ozone.om.protocolPB.OzoneManagerProtocolClientSideTranslatorPB.handleError(OzoneManagerProtocolClientSideTranslatorPB.java:732)
	at org.apache.hadoop.ozone.om.protocolPB.OzoneManagerProtocolClientSideTranslatorPB.openKey(OzoneManagerProtocolClientSideTranslatorPB.java:723)
	at sun.reflect.NativeMethodAccessorImpl.invoke0(Native Method)
	at sun.reflect.NativeMethodAccessorImpl.invoke(NativeMethodAccessorImpl.java:62)
	at sun.reflect.DelegatingMethodAccessorImpl.invoke(DelegatingMethodAccessorImpl.java:43)
	at java.lang.reflect.Method.invoke(Method.java:498)
	at org.apache.hadoop.hdds.tracing.TraceAllMethod.invoke(TraceAllMethod.java:66)
	at com.sun.proxy.$Proxy37.openKey(Unknown Source)
	at org.apache.hadoop.ozone.client.rpc.RpcClient.createKey(RpcClient.java:614)
	at org.apache.hadoop.ozone.client.OzoneBucket.createKey(OzoneBucket.java:325)
	at org.apache.hadoop.ozone.freon.RandomKeyGenerator.createKey(RandomKeyGenerator.java:695)
	at org.apache.hadoop.ozone.freon.RandomKeyGenerator.access$1100(RandomKeyGenerator.java:88)
	at org.apache.hadoop.ozone.freon.RandomKeyGenerator$ObjectCreator.run(RandomKeyGenerator.java:615)
	at java.util.concurrent.Executors$RunnableAdapter.call(Executors.java:511)
	at java.util.concurrent.FutureTask.run(FutureTask.java:266)
	at java.util.concurrent.ThreadPoolExecutor.runWorker(ThreadPoolExecutor.java:1149)
	at java.util.concurrent.ThreadPoolExecutor$Worker.run(ThreadPoolExecutor.java:624)
	at java.lang.Thread.run(Thread.java:748)
2019-09-26 13:38:12,202 [pool-75-thread-7] ERROR freon.RandomKeyGenerator (RandomKeyGenerator.java:createKey(733)) - Exception while adding key: key-0-62338 in bucket: bucket-3-01983 of volume: vol-1-52296.
INTERNAL_ERROR org.apache.hadoop.ozone.om.exceptions.OMException: Allocated 0 blocks. Requested 1 blocks
	at org.apache.hadoop.ozone.om.protocolPB.OzoneManagerProtocolClientSideTranslatorPB.handleError(OzoneManagerProtocolClientSideTranslatorPB.java:732)
	at org.apache.hadoop.ozone.om.protocolPB.OzoneManagerProtocolClientSideTranslatorPB.openKey(OzoneManagerProtocolClientSideTranslatorPB.java:723)
	at sun.reflect.NativeMethodAccessorImpl.invoke0(Native Method)
	at sun.reflect.NativeMethodAccessorImpl.invoke(NativeMethodAccessorImpl.java:62)
	at sun.reflect.DelegatingMethodAccessorImpl.invoke(DelegatingMethodAccessorImpl.java:43)
	at java.lang.reflect.Method.invoke(Method.java:498)
	at org.apache.hadoop.hdds.tracing.TraceAllMethod.invoke(TraceAllMethod.java:66)
	at com.sun.proxy.$Proxy37.openKey(Unknown Source)
	at org.apache.hadoop.ozone.client.rpc.RpcClient.createKey(RpcClient.java:614)
	at org.apache.hadoop.ozone.client.OzoneBucket.createKey(OzoneBucket.java:325)
	at org.apache.hadoop.ozone.freon.RandomKeyGenerator.createKey(RandomKeyGenerator.java:695)
	at org.apache.hadoop.ozone.freon.RandomKeyGenerator.access$1100(RandomKeyGenerator.java:88)
	at org.apache.hadoop.ozone.freon.RandomKeyGenerator$ObjectCreator.run(RandomKeyGenerator.java:615)
	at java.util.concurrent.Executors$RunnableAdapter.call(Executors.java:511)
	at java.util.concurrent.FutureTask.run(FutureTask.java:266)
	at java.util.concurrent.ThreadPoolExecutor.runWorker(ThreadPoolExecutor.java:1149)
	at java.util.concurrent.ThreadPoolExecutor$Worker.run(ThreadPoolExecutor.java:624)
	at java.lang.Thread.run(Thread.java:748)
2019-09-26 13:38:12,202 [pool-75-thread-3] ERROR freon.RandomKeyGenerator (RandomKeyGenerator.java:createKey(733)) - Exception while adding key: key-0-27532 in bucket: bucket-2-66113 of volume: vol-1-52296.
INTERNAL_ERROR org.apache.hadoop.ozone.om.exceptions.OMException: Allocated 0 blocks. Requested 1 blocks
	at org.apache.hadoop.ozone.om.protocolPB.OzoneManagerProtocolClientSideTranslatorPB.handleError(OzoneManagerProtocolClientSideTranslatorPB.java:732)
	at org.apache.hadoop.ozone.om.protocolPB.OzoneManagerProtocolClientSideTranslatorPB.openKey(OzoneManagerProtocolClientSideTranslatorPB.java:723)
	at sun.reflect.NativeMethodAccessorImpl.invoke0(Native Method)
	at sun.reflect.NativeMethodAccessorImpl.invoke(NativeMethodAccessorImpl.java:62)
	at sun.reflect.DelegatingMethodAccessorImpl.invoke(DelegatingMethodAccessorImpl.java:43)
	at java.lang.reflect.Method.invoke(Method.java:498)
	at org.apache.hadoop.hdds.tracing.TraceAllMethod.invoke(TraceAllMethod.java:66)
	at com.sun.proxy.$Proxy37.openKey(Unknown Source)
	at org.apache.hadoop.ozone.client.rpc.RpcClient.createKey(RpcClient.java:614)
	at org.apache.hadoop.ozone.client.OzoneBucket.createKey(OzoneBucket.java:325)
	at org.apache.hadoop.ozone.freon.RandomKeyGenerator.createKey(RandomKeyGenerator.java:695)
	at org.apache.hadoop.ozone.freon.RandomKeyGenerator.access$1100(RandomKeyGenerator.java:88)
	at org.apache.hadoop.ozone.freon.RandomKeyGenerator$ObjectCreator.run(RandomKeyGenerator.java:615)
	at java.util.concurrent.Executors$RunnableAdapter.call(Executors.java:511)
	at java.util.concurrent.FutureTask.run(FutureTask.java:266)
	at java.util.concurrent.ThreadPoolExecutor.runWorker(ThreadPoolExecutor.java:1149)
	at java.util.concurrent.ThreadPoolExecutor$Worker.run(ThreadPoolExecutor.java:624)
	at java.lang.Thread.run(Thread.java:748)
 0.00% |█                                                                                                    |  0/100 Time: 0:00:01 0.00% |█                                                                                                    |  0/100 Time: 0:00:02 0.00% |█                                                                                                    |  0/100 Time: 0:00:03 0.00% |█                                                                                                    |  0/100 Time: 0:00:04 100.00% |█████████████████████████████████████████████████████████████████████████████████████████████████████|  100/100 Time: 0:00:05
]]></system-out>
  </testcase>
</testsuite>