<?xml version="1.0" encoding="UTF-8"?>
<testsuite xmlns:xsi="http://www.w3.org/2001/XMLSchema-instance" xsi:noNamespaceSchemaLocation="https://maven.apache.org/surefire/maven-surefire-plugin/xsd/surefire-test-report.xsd" name="org.apache.hadoop.ozone.freon.TestDataValidateWithSafeByteOperations" time="161.197" tests="3" errors="1" skipped="0" failures="0">
  <properties>
    <property name="awt.toolkit" value="sun.awt.X11.XToolkit"/>
    <property name="file.encoding.pkg" value="sun.io"/>
    <property name="java.specification.version" value="1.8"/>
    <property name="sun.cpu.isalist" value=""/>
    <property name="sun.jnu.encoding" value="UTF-8"/>
    <property name="java.class.path" value="/workdir/hadoop-ozone/tools/target/test-classes:/workdir/hadoop-ozone/tools/target/classes:/home/user/.m2/repository/org/apache/hadoop/hadoop-ozone-ozone-manager/0.5.0-SNAPSHOT/hadoop-ozone-ozone-manager-0.5.0-SNAPSHOT.jar:/home/user/.m2/repository/org/apache/hadoop/hadoop-hdds-docs/0.5.0-SNAPSHOT/hadoop-hdds-docs-0.5.0-SNAPSHOT.jar:/home/user/.m2/repository/org/bouncycastle/bcprov-jdk15on/1.60/bcprov-jdk15on-1.60.jar:/home/user/.m2/repository/org/apache/hadoop/hadoop-ozone-common/0.5.0-SNAPSHOT/hadoop-ozone-common-0.5.0-SNAPSHOT.jar:/home/user/.m2/repository/org/apache/commons/commons-compress/1.4.1/commons-compress-1.4.1.jar:/home/user/.m2/repository/org/tukaani/xz/1.0/xz-1.0.jar:/home/user/.m2/repository/org/apache/hadoop/hadoop-hdfs-client/3.2.0/hadoop-hdfs-client-3.2.0.jar:/home/user/.m2/repository/com/fasterxml/jackson/core/jackson-annotations/2.9.9/jackson-annotations-2.9.9.jar:/home/user/.m2/repository/org/apache/hadoop/hadoop-hdds-common/0.5.0-SNAPSHOT/hadoop-hdds-common-0.5.0-SNAPSHOT.jar:/home/user/.m2/repository/org/apache/hadoop/hadoop-hdds-config/0.5.0-SNAPSHOT/hadoop-hdds-config-0.5.0-SNAPSHOT.jar:/home/user/.m2/repository/javax/annotation/javax.annotation-api/1.2/javax.annotation-api-1.2.jar:/home/user/.m2/repository/org/apache/ratis/ratis-server/0.4.0/ratis-server-0.4.0.jar:/home/user/.m2/repository/org/apache/ratis/ratis-thirdparty-misc/0.2.0/ratis-thirdparty-misc-0.2.0.jar:/home/user/.m2/repository/org/apache/ratis/ratis-proto/0.4.0/ratis-proto-0.4.0.jar:/home/user/.m2/repository/org/apache/ratis/ratis-common/0.4.0/ratis-common-0.4.0.jar:/home/user/.m2/repository/org/apache/ratis/ratis-client/0.4.0/ratis-client-0.4.0.jar:/home/user/.m2/repository/org/apache/ratis/ratis-metrics/0.4.0/ratis-metrics-0.4.0.jar:/home/user/.m2/repository/com/github/joshelser/dropwizard-metrics-hadoop-metrics2-reporter/0.1.2/dropwizard-metrics-hadoop-metrics2-reporter-0.1.2.jar:/home/user/.m2/repository/io/dropwizard/metrics/metrics-jvm/3.2.5/metrics-jvm-3.2.5.jar:/home/user/.m2/repository/io/dropwizard/metrics/metrics-ganglia/3.2.5/metrics-ganglia-3.2.5.jar:/home/user/.m2/repository/info/ganglia/gmetric4j/gmetric4j/1.0.7/gmetric4j-1.0.7.jar:/home/user/.m2/repository/org/apache/ratis/ratis-netty/0.4.0/ratis-netty-0.4.0.jar:/home/user/.m2/repository/org/apache/ratis/ratis-grpc/0.4.0/ratis-grpc-0.4.0.jar:/home/user/.m2/repository/org/rocksdb/rocksdbjni/6.0.1/rocksdbjni-6.0.1.jar:/home/user/.m2/repository/org/apache/logging/log4j/log4j-api/2.11.0/log4j-api-2.11.0.jar:/home/user/.m2/repository/org/apache/logging/log4j/log4j-core/2.11.0/log4j-core-2.11.0.jar:/home/user/.m2/repository/com/lmax/disruptor/3.4.2/disruptor-3.4.2.jar:/home/user/.m2/repository/org/apache/commons/commons-pool2/2.6.0/commons-pool2-2.6.0.jar:/home/user/.m2/repository/org/bouncycastle/bcpkix-jdk15on/1.60/bcpkix-jdk15on-1.60.jar:/home/user/.m2/repository/commons-validator/commons-validator/1.6/commons-validator-1.6.jar:/home/user/.m2/repository/commons-digester/commons-digester/1.8.1/commons-digester-1.8.1.jar:/home/user/.m2/repository/io/jaegertracing/jaeger-client/0.34.0/jaeger-client-0.34.0.jar:/home/user/.m2/repository/io/jaegertracing/jaeger-thrift/0.34.0/jaeger-thrift-0.34.0.jar:/home/user/.m2/repository/org/apache/thrift/libthrift/0.12.0/libthrift-0.12.0.jar:/home/user/.m2/repository/com/squareup/okhttp3/okhttp/3.9.0/okhttp-3.9.0.jar:/home/user/.m2/repository/com/squareup/okio/okio/1.13.0/okio-1.13.0.jar:/home/user/.m2/repository/io/jaegertracing/jaeger-core/0.34.0/jaeger-core-0.34.0.jar:/home/user/.m2/repository/io/jaegertracing/jaeger-tracerresolver/0.34.0/jaeger-tracerresolver-0.34.0.jar:/home/user/.m2/repository/io/opentracing/contrib/opentracing-tracerresolver/0.1.5/opentracing-tracerresolver-0.1.5.jar:/home/user/.m2/repository/io/opentracing/opentracing-util/0.31.0/opentracing-util-0.31.0.jar:/home/user/.m2/repository/io/opentracing/opentracing-api/0.31.0/opentracing-api-0.31.0.jar:/home/user/.m2/repository/io/opentracing/opentracing-noop/0.31.0/opentracing-noop-0.31.0.jar:/home/user/.m2/repository/org/yaml/snakeyaml/1.16/snakeyaml-1.16.jar:/home/user/.m2/repository/org/apache/hadoop/hadoop-hdds-container-service/0.5.0-SNAPSHOT/hadoop-hdds-container-service-0.5.0-SNAPSHOT.jar:/home/user/.m2/repository/org/apache/hadoop/hadoop-hdds-client/0.5.0-SNAPSHOT/hadoop-hdds-client-0.5.0-SNAPSHOT.jar:/home/user/.m2/repository/org/apache/hadoop/hadoop-hdds-tools/0.5.0-SNAPSHOT/hadoop-hdds-tools-0.5.0-SNAPSHOT.jar:/home/user/.m2/repository/org/xerial/sqlite-jdbc/3.25.2/sqlite-jdbc-3.25.2.jar:/home/user/.m2/repository/org/apache/hadoop/hadoop-hdds-server-scm/0.5.0-SNAPSHOT/hadoop-hdds-server-scm-0.5.0-SNAPSHOT.jar:/home/user/.m2/repository/org/hamcrest/hamcrest-all/1.3/hamcrest-all-1.3.jar:/home/user/.m2/repository/info/picocli/picocli/3.9.6/picocli-3.9.6.jar:/home/user/.m2/repository/com/google/protobuf/protobuf-java/2.5.0/protobuf-java-2.5.0.jar:/home/user/.m2/repository/com/google/guava/guava/11.0.2/guava-11.0.2.jar:/home/user/.m2/repository/org/apache/hadoop/hadoop-ozone-client/0.5.0-SNAPSHOT/hadoop-ozone-client-0.5.0-SNAPSHOT.jar:/workdir/hadoop-ozone/ozonefs/target/classes:/home/user/.m2/repository/org/apache/httpcomponents/httpclient/4.5.2/httpclient-4.5.2.jar:/home/user/.m2/repository/org/apache/httpcomponents/httpcore/4.4.4/httpcore-4.4.4.jar:/home/user/.m2/repository/org/apache/hadoop/hadoop-hdds-server-framework/0.5.0-SNAPSHOT/hadoop-hdds-server-framework-0.5.0-SNAPSHOT.jar:/home/user/.m2/repository/org/apache/hadoop/hadoop-common/3.2.0/hadoop-common-3.2.0.jar:/home/user/.m2/repository/org/apache/hadoop/hadoop-annotations/3.2.0/hadoop-annotations-3.2.0.jar:/usr/lib/jvm/java-1.8-openjdk/jre/../lib/tools.jar:/home/user/.m2/repository/commons-cli/commons-cli/1.2/commons-cli-1.2.jar:/home/user/.m2/repository/org/apache/commons/commons-math3/3.1.1/commons-math3-3.1.1.jar:/home/user/.m2/repository/commons-codec/commons-codec/1.11/commons-codec-1.11.jar:/home/user/.m2/repository/commons-io/commons-io/2.5/commons-io-2.5.jar:/home/user/.m2/repository/commons-net/commons-net/3.6/commons-net-3.6.jar:/home/user/.m2/repository/commons-collections/commons-collections/3.2.2/commons-collections-3.2.2.jar:/home/user/.m2/repository/javax/servlet/javax.servlet-api/3.1.0/javax.servlet-api-3.1.0.jar:/home/user/.m2/repository/org/eclipse/jetty/jetty-server/9.3.25.v20180904/jetty-server-9.3.25.v20180904.jar:/home/user/.m2/repository/org/eclipse/jetty/jetty-http/9.3.25.v20180904/jetty-http-9.3.25.v20180904.jar:/home/user/.m2/repository/org/eclipse/jetty/jetty-io/9.3.25.v20180904/jetty-io-9.3.25.v20180904.jar:/home/user/.m2/repository/org/eclipse/jetty/jetty-util/9.3.25.v20180904/jetty-util-9.3.25.v20180904.jar:/home/user/.m2/repository/org/eclipse/jetty/jetty-servlet/9.3.25.v20180904/jetty-servlet-9.3.25.v20180904.jar:/home/user/.m2/repository/org/eclipse/jetty/jetty-security/9.3.25.v20180904/jetty-security-9.3.25.v20180904.jar:/home/user/.m2/repository/org/eclipse/jetty/jetty-webapp/9.3.25.v20180904/jetty-webapp-9.3.25.v20180904.jar:/home/user/.m2/repository/org/eclipse/jetty/jetty-xml/9.3.25.v20180904/jetty-xml-9.3.25.v20180904.jar:/home/user/.m2/repository/javax/servlet/jsp/jsp-api/2.1/jsp-api-2.1.jar:/home/user/.m2/repository/com/sun/jersey/jersey-core/1.19/jersey-core-1.19.jar:/home/user/.m2/repository/javax/ws/rs/jsr311-api/1.1.1/jsr311-api-1.1.1.jar:/home/user/.m2/repository/com/sun/jersey/jersey-servlet/1.19/jersey-servlet-1.19.jar:/home/user/.m2/repository/com/sun/jersey/jersey-json/1.19/jersey-json-1.19.jar:/home/user/.m2/repository/org/codehaus/jettison/jettison/1.1/jettison-1.1.jar:/home/user/.m2/repository/com/sun/xml/bind/jaxb-impl/2.3.0.1/jaxb-impl-2.3.0.1.jar:/home/user/.m2/repository/org/codehaus/jackson/jackson-core-asl/1.9.13/jackson-core-asl-1.9.13.jar:/home/user/.m2/repository/org/codehaus/jackson/jackson-mapper-asl/1.9.13/jackson-mapper-asl-1.9.13.jar:/home/user/.m2/repository/org/codehaus/jackson/jackson-jaxrs/1.9.13/jackson-jaxrs-1.9.13.jar:/home/user/.m2/repository/org/codehaus/jackson/jackson-xc/1.9.13/jackson-xc-1.9.13.jar:/home/user/.m2/repository/com/sun/jersey/jersey-server/1.19/jersey-server-1.19.jar:/home/user/.m2/repository/commons-logging/commons-logging/1.1.3/commons-logging-1.1.3.jar:/home/user/.m2/repository/log4j/log4j/1.2.17/log4j-1.2.17.jar:/home/user/.m2/repository/commons-beanutils/commons-beanutils/1.9.4/commons-beanutils-1.9.4.jar:/home/user/.m2/repository/org/apache/commons/commons-configuration2/2.1.1/commons-configuration2-2.1.1.jar:/home/user/.m2/repository/org/apache/commons/commons-lang3/3.7/commons-lang3-3.7.jar:/home/user/.m2/repository/org/apache/commons/commons-text/1.4/commons-text-1.4.jar:/home/user/.m2/repository/org/slf4j/slf4j-api/1.7.25/slf4j-api-1.7.25.jar:/home/user/.m2/repository/org/slf4j/slf4j-log4j12/1.7.25/slf4j-log4j12-1.7.25.jar:/home/user/.m2/repository/org/apache/avro/avro/1.7.7/avro-1.7.7.jar:/home/user/.m2/repository/com/thoughtworks/paranamer/paranamer/2.3/paranamer-2.3.jar:/home/user/.m2/repository/org/xerial/snappy/snappy-java/1.0.5/snappy-java-1.0.5.jar:/home/user/.m2/repository/com/google/re2j/re2j/1.1/re2j-1.1.jar:/home/user/.m2/repository/com/google/code/gson/gson/2.2.4/gson-2.2.4.jar:/home/user/.m2/repository/org/apache/hadoop/hadoop-auth/3.2.0/hadoop-auth-3.2.0.jar:/home/user/.m2/repository/com/nimbusds/nimbus-jose-jwt/4.41.1/nimbus-jose-jwt-4.41.1.jar:/home/user/.m2/repository/com/github/stephenc/jcip/jcip-annotations/1.0-1/jcip-annotations-1.0-1.jar:/home/user/.m2/repository/net/minidev/json-smart/2.3/json-smart-2.3.jar:/home/user/.m2/repository/net/minidev/accessors-smart/1.2/accessors-smart-1.2.jar:/home/user/.m2/repository/org/apache/curator/curator-framework/2.12.0/curator-framework-2.12.0.jar:/home/user/.m2/repository/com/jcraft/jsch/0.1.54/jsch-0.1.54.jar:/home/user/.m2/repository/org/apache/curator/curator-client/2.12.0/curator-client-2.12.0.jar:/home/user/.m2/repository/org/apache/curator/curator-recipes/2.12.0/curator-recipes-2.12.0.jar:/home/user/.m2/repository/com/google/code/findbugs/jsr305/3.0.0/jsr305-3.0.0.jar:/home/user/.m2/repository/org/apache/htrace/htrace-core4/4.1.0-incubating/htrace-core4-4.1.0-incubating.jar:/home/user/.m2/repository/org/apache/zookeeper/zookeeper/3.4.13/zookeeper-3.4.13.jar:/home/user/.m2/repository/jline/jline/0.9.94/jline-0.9.94.jar:/home/user/.m2/repository/org/apache/yetus/audience-annotations/0.5.0/audience-annotations-0.5.0.jar:/home/user/.m2/repository/org/apache/kerby/kerb-simplekdc/1.0.1/kerb-simplekdc-1.0.1.jar:/home/user/.m2/repository/org/apache/kerby/kerb-client/1.0.1/kerb-client-1.0.1.jar:/home/user/.m2/repository/org/apache/kerby/kerby-config/1.0.1/kerby-config-1.0.1.jar:/home/user/.m2/repository/org/apache/kerby/kerb-core/1.0.1/kerb-core-1.0.1.jar:/home/user/.m2/repository/org/apache/kerby/kerby-pkix/1.0.1/kerby-pkix-1.0.1.jar:/home/user/.m2/repository/org/apache/kerby/kerby-asn1/1.0.1/kerby-asn1-1.0.1.jar:/home/user/.m2/repository/org/apache/kerby/kerby-util/1.0.1/kerby-util-1.0.1.jar:/home/user/.m2/repository/org/apache/kerby/kerb-common/1.0.1/kerb-common-1.0.1.jar:/home/user/.m2/repository/org/apache/kerby/kerb-crypto/1.0.1/kerb-crypto-1.0.1.jar:/home/user/.m2/repository/org/apache/kerby/kerb-util/1.0.1/kerb-util-1.0.1.jar:/home/user/.m2/repository/org/apache/kerby/token-provider/1.0.1/token-provider-1.0.1.jar:/home/user/.m2/repository/org/apache/kerby/kerb-admin/1.0.1/kerb-admin-1.0.1.jar:/home/user/.m2/repository/org/apache/kerby/kerb-server/1.0.1/kerb-server-1.0.1.jar:/home/user/.m2/repository/org/apache/kerby/kerb-identity/1.0.1/kerb-identity-1.0.1.jar:/home/user/.m2/repository/org/apache/kerby/kerby-xdr/1.0.1/kerby-xdr-1.0.1.jar:/home/user/.m2/repository/com/fasterxml/jackson/core/jackson-databind/2.9.9/jackson-databind-2.9.9.jar:/home/user/.m2/repository/com/fasterxml/jackson/core/jackson-core/2.9.9/jackson-core-2.9.9.jar:/home/user/.m2/repository/org/codehaus/woodstox/stax2-api/3.1.4/stax2-api-3.1.4.jar:/home/user/.m2/repository/com/fasterxml/woodstox/woodstox-core/5.0.3/woodstox-core-5.0.3.jar:/home/user/.m2/repository/dnsjava/dnsjava/2.1.7/dnsjava-2.1.7.jar:/home/user/.m2/repository/org/apache/hadoop/hadoop-hdfs/3.2.0/hadoop-hdfs-3.2.0.jar:/home/user/.m2/repository/org/eclipse/jetty/jetty-util-ajax/9.3.25.v20180904/jetty-util-ajax-9.3.25.v20180904.jar:/home/user/.m2/repository/commons-daemon/commons-daemon/1.0.13/commons-daemon-1.0.13.jar:/home/user/.m2/repository/io/netty/netty/3.10.5.Final/netty-3.10.5.Final.jar:/home/user/.m2/repository/io/netty/netty-all/4.0.52.Final/netty-all-4.0.52.Final.jar:/home/user/.m2/repository/org/fusesource/leveldbjni/leveldbjni-all/1.8/leveldbjni-all-1.8.jar:/home/user/.m2/repository/com/sun/xml/bind/jaxb-core/2.3.0.1/jaxb-core-2.3.0.1.jar:/home/user/.m2/repository/javax/xml/bind/jaxb-api/2.3.0/jaxb-api-2.3.0.jar:/home/user/.m2/repository/javax/activation/activation/1.1.1/activation-1.1.1.jar:/home/user/.m2/repository/io/dropwizard/metrics/metrics-core/3.2.4/metrics-core-3.2.4.jar:/home/user/.m2/repository/org/openjdk/jmh/jmh-core/1.19/jmh-core-1.19.jar:/home/user/.m2/repository/net/sf/jopt-simple/jopt-simple/4.6/jopt-simple-4.6.jar:/home/user/.m2/repository/org/openjdk/jmh/jmh-generator-annprocess/1.19/jmh-generator-annprocess-1.19.jar:/home/user/.m2/repository/com/amazonaws/aws-java-sdk-s3/1.11.615/aws-java-sdk-s3-1.11.615.jar:/home/user/.m2/repository/com/amazonaws/aws-java-sdk-kms/1.11.615/aws-java-sdk-kms-1.11.615.jar:/home/user/.m2/repository/com/amazonaws/aws-java-sdk-core/1.11.615/aws-java-sdk-core-1.11.615.jar:/home/user/.m2/repository/software/amazon/ion/ion-java/1.0.2/ion-java-1.0.2.jar:/home/user/.m2/repository/com/fasterxml/jackson/dataformat/jackson-dataformat-cbor/2.9.9/jackson-dataformat-cbor-2.9.9.jar:/home/user/.m2/repository/joda-time/joda-time/2.9.9/joda-time-2.9.9.jar:/home/user/.m2/repository/com/amazonaws/jmespath-java/1.11.615/jmespath-java-1.11.615.jar:/home/user/.m2/repository/com/google/code/findbugs/findbugs/3.0.1/findbugs-3.0.1.jar:/home/user/.m2/repository/net/jcip/jcip-annotations/1.0/jcip-annotations-1.0.jar:/home/user/.m2/repository/com/google/code/findbugs/bcel-findbugs/6.0/bcel-findbugs-6.0.jar:/home/user/.m2/repository/com/google/code/findbugs/jFormatString/2.0.1/jFormatString-2.0.1.jar:/home/user/.m2/repository/dom4j/dom4j/1.6.1/dom4j-1.6.1.jar:/home/user/.m2/repository/xml-apis/xml-apis/1.0.b2/xml-apis-1.0.b2.jar:/home/user/.m2/repository/org/ow2/asm/asm-debug-all/5.0.2/asm-debug-all-5.0.2.jar:/home/user/.m2/repository/org/ow2/asm/asm-commons/5.0.2/asm-commons-5.0.2.jar:/home/user/.m2/repository/org/ow2/asm/asm-tree/5.0.2/asm-tree-5.0.2.jar:/home/user/.m2/repository/org/ow2/asm/asm/5.0.4/asm-5.0.4.jar:/home/user/.m2/repository/commons-lang/commons-lang/2.6/commons-lang-2.6.jar:/home/user/.m2/repository/com/apple/AppleJavaExtensions/1.4/AppleJavaExtensions-1.4.jar:/home/user/.m2/repository/jaxen/jaxen/1.1.6/jaxen-1.1.6.jar:/home/user/.m2/repository/junit/junit/4.11/junit-4.11.jar:/home/user/.m2/repository/org/hamcrest/hamcrest-core/1.3/hamcrest-core-1.3.jar:/home/user/.m2/repository/org/apache/hadoop/hadoop-common/3.2.0/hadoop-common-3.2.0-tests.jar:/workdir/hadoop-ozone/integration-test/target/test-classes:/home/user/.m2/repository/org/apache/hadoop/hadoop-ozone-s3gateway/0.5.0-SNAPSHOT/hadoop-ozone-s3gateway-0.5.0-SNAPSHOT.jar:/home/user/.m2/repository/org/jboss/weld/servlet/weld-servlet/2.4.7.Final/weld-servlet-2.4.7.Final.jar:/home/user/.m2/repository/org/glassfish/jersey/containers/jersey-container-servlet-core/2.27/jersey-container-servlet-core-2.27.jar:/home/user/.m2/repository/org/glassfish/hk2/external/javax.inject/2.5.0-b42/javax.inject-2.5.0-b42.jar:/home/user/.m2/repository/org/glassfish/jersey/core/jersey-common/2.27/jersey-common-2.27.jar:/home/user/.m2/repository/org/glassfish/hk2/osgi-resource-locator/1.0.1/osgi-resource-locator-1.0.1.jar:/home/user/.m2/repository/javax/ws/rs/javax.ws.rs-api/2.1/javax.ws.rs-api-2.1.jar:/home/user/.m2/repository/org/glassfish/jersey/ext/cdi/jersey-cdi1x/2.27/jersey-cdi1x-2.27.jar:/home/user/.m2/repository/org/glassfish/jersey/inject/jersey-hk2/2.27/jersey-hk2-2.27.jar:/home/user/.m2/repository/org/glassfish/hk2/hk2-locator/2.5.0-b42/hk2-locator-2.5.0-b42.jar:/home/user/.m2/repository/org/javassist/javassist/3.22.0-CR2/javassist-3.22.0-CR2.jar:/home/user/.m2/repository/org/glassfish/hk2/hk2-api/2.5.0/hk2-api-2.5.0.jar:/home/user/.m2/repository/org/glassfish/hk2/external/jakarta.inject/2.5.0/jakarta.inject-2.5.0.jar:/home/user/.m2/repository/org/glassfish/hk2/hk2-utils/2.5.0/hk2-utils-2.5.0.jar:/home/user/.m2/repository/jakarta/annotation/jakarta.annotation-api/1.3.4/jakarta.annotation-api-1.3.4.jar:/home/user/.m2/repository/org/glassfish/hk2/external/aopalliance-repackaged/2.5.0/aopalliance-repackaged-2.5.0.jar:/home/user/.m2/repository/com/fasterxml/jackson/dataformat/jackson-dataformat-xml/2.9.0/jackson-dataformat-xml-2.9.0.jar:/home/user/.m2/repository/com/fasterxml/jackson/module/jackson-module-jaxb-annotations/2.9.9/jackson-module-jaxb-annotations-2.9.9.jar:/home/user/.m2/repository/javax/enterprise/cdi-api/1.2/cdi-api-1.2.jar:/home/user/.m2/repository/javax/el/javax.el-api/3.0.0/javax.el-api-3.0.0.jar:/home/user/.m2/repository/javax/interceptor/javax.interceptor-api/1.2/javax.interceptor-api-1.2.jar:/home/user/.m2/repository/javax/inject/javax.inject/1/javax.inject-1.jar:/home/user/.m2/repository/org/apache/hadoop/hadoop-ozone-csi/0.5.0-SNAPSHOT/hadoop-ozone-csi-0.5.0-SNAPSHOT.jar:/home/user/.m2/repository/com/google/protobuf/protobuf-java-util/3.5.1/protobuf-java-util-3.5.1.jar:/home/user/.m2/repository/io/grpc/grpc-netty/1.17.1/grpc-netty-1.17.1.jar:/home/user/.m2/repository/io/grpc/grpc-core/1.17.1/grpc-core-1.17.1.jar:/home/user/.m2/repository/io/grpc/grpc-context/1.17.1/grpc-context-1.17.1.jar:/home/user/.m2/repository/com/google/errorprone/error_prone_annotations/2.2.0/error_prone_annotations-2.2.0.jar:/home/user/.m2/repository/org/codehaus/mojo/animal-sniffer-annotations/1.17/animal-sniffer-annotations-1.17.jar:/home/user/.m2/repository/io/opencensus/opencensus-api/0.17.0/opencensus-api-0.17.0.jar:/home/user/.m2/repository/io/opencensus/opencensus-contrib-grpc-metrics/0.17.0/opencensus-contrib-grpc-metrics-0.17.0.jar:/home/user/.m2/repository/io/netty/netty-codec-http2/4.1.30.Final/netty-codec-http2-4.1.30.Final.jar:/home/user/.m2/repository/io/netty/netty-codec-http/4.1.30.Final/netty-codec-http-4.1.30.Final.jar:/home/user/.m2/repository/io/netty/netty-codec/4.1.30.Final/netty-codec-4.1.30.Final.jar:/home/user/.m2/repository/io/netty/netty-handler/4.1.30.Final/netty-handler-4.1.30.Final.jar:/home/user/.m2/repository/io/netty/netty-handler-proxy/4.1.30.Final/netty-handler-proxy-4.1.30.Final.jar:/home/user/.m2/repository/io/netty/netty-codec-socks/4.1.30.Final/netty-codec-socks-4.1.30.Final.jar:/home/user/.m2/repository/io/netty/netty-transport-native-epoll/4.1.30.Final/netty-transport-native-epoll-4.1.30.Final.jar:/home/user/.m2/repository/io/netty/netty-common/4.1.30.Final/netty-common-4.1.30.Final.jar:/home/user/.m2/repository/io/netty/netty-buffer/4.1.30.Final/netty-buffer-4.1.30.Final.jar:/home/user/.m2/repository/io/netty/netty-transport/4.1.30.Final/netty-transport-4.1.30.Final.jar:/home/user/.m2/repository/io/netty/netty-resolver/4.1.30.Final/netty-resolver-4.1.30.Final.jar:/home/user/.m2/repository/io/netty/netty-transport-native-unix-common/4.1.30.Final/netty-transport-native-unix-common-4.1.30.Final.jar:/home/user/.m2/repository/io/grpc/grpc-protobuf/1.17.1/grpc-protobuf-1.17.1.jar:/home/user/.m2/repository/com/google/api/grpc/proto-google-common-protos/1.0.0/proto-google-common-protos-1.0.0.jar:/home/user/.m2/repository/io/grpc/grpc-protobuf-lite/1.17.1/grpc-protobuf-lite-1.17.1.jar:/home/user/.m2/repository/io/grpc/grpc-stub/1.17.1/grpc-stub-1.17.1.jar:/home/user/.m2/repository/org/apache/hadoop/hadoop-ozone-recon/0.5.0-SNAPSHOT/hadoop-ozone-recon-0.5.0-SNAPSHOT.jar:/home/user/.m2/repository/org/apache/hadoop/hadoop-ozone-reconcodegen/0.5.0-SNAPSHOT/hadoop-ozone-reconcodegen-0.5.0-SNAPSHOT.jar:/home/user/.m2/repository/com/google/inject/extensions/guice-multibindings/4.0/guice-multibindings-4.0.jar:/home/user/.m2/repository/com/google/inject/guice/4.0/guice-4.0.jar:/home/user/.m2/repository/aopalliance/aopalliance/1.0/aopalliance-1.0.jar:/home/user/.m2/repository/com/google/inject/extensions/guice-servlet/4.0/guice-servlet-4.0.jar:/home/user/.m2/repository/org/glassfish/jersey/containers/jersey-container-servlet/2.27/jersey-container-servlet-2.27.jar:/home/user/.m2/repository/org/glassfish/hk2/guice-bridge/2.5.0/guice-bridge-2.5.0.jar:/home/user/.m2/repository/org/glassfish/jersey/core/jersey-server/2.27/jersey-server-2.27.jar:/home/user/.m2/repository/org/glassfish/jersey/core/jersey-client/2.27/jersey-client-2.27.jar:/home/user/.m2/repository/org/glassfish/jersey/media/jersey-media-jaxb/2.27/jersey-media-jaxb-2.27.jar:/home/user/.m2/repository/javax/validation/validation-api/1.1.0.Final/validation-api-1.1.0.Final.jar:/home/user/.m2/repository/org/glassfish/jersey/media/jersey-media-json-jackson/2.27/jersey-media-json-jackson-2.27.jar:/home/user/.m2/repository/org/glassfish/jersey/ext/jersey-entity-filtering/2.27/jersey-entity-filtering-2.27.jar:/home/user/.m2/repository/com/google/inject/extensions/guice-assistedinject/4.0/guice-assistedinject-4.0.jar:/home/user/.m2/repository/org/jooq/jooq/3.11.10/jooq-3.11.10.jar:/home/user/.m2/repository/org/jooq/jooq-meta/3.11.10/jooq-meta-3.11.10.jar:/home/user/.m2/repository/org/jooq/jooq-codegen/3.11.10/jooq-codegen-3.11.10.jar:/home/user/.m2/repository/com/jolbox/bonecp/0.8.0.RELEASE/bonecp-0.8.0.RELEASE.jar:/home/user/.m2/repository/org/springframework/spring-jdbc/5.1.3.RELEASE/spring-jdbc-5.1.3.RELEASE.jar:/home/user/.m2/repository/org/springframework/spring-beans/5.1.3.RELEASE/spring-beans-5.1.3.RELEASE.jar:/home/user/.m2/repository/org/springframework/spring-core/5.1.3.RELEASE/spring-core-5.1.3.RELEASE.jar:/home/user/.m2/repository/org/springframework/spring-jcl/5.1.3.RELEASE/spring-jcl-5.1.3.RELEASE.jar:/home/user/.m2/repository/org/springframework/spring-tx/5.1.3.RELEASE/spring-tx-5.1.3.RELEASE.jar:/home/user/.m2/repository/org/mockito/mockito-core/2.15.0/mockito-core-2.15.0.jar:/home/user/.m2/repository/net/bytebuddy/byte-buddy/1.7.9/byte-buddy-1.7.9.jar:/home/user/.m2/repository/net/bytebuddy/byte-buddy-agent/1.7.9/byte-buddy-agent-1.7.9.jar:/home/user/.m2/repository/org/objenesis/objenesis/1.0/objenesis-1.0.jar:"/>
    <property name="java.vm.vendor" value="IcedTea"/>
    <property name="sun.arch.data.model" value="64"/>
    <property name="test.build.dir" value="/workdir/hadoop-ozone/tools/target/test-dir"/>
    <property name="test.cache.data" value=""/>
    <property name="java.vendor.url" value="https://icedtea.classpath.org"/>
    <property name="user.timezone" value=""/>
    <property name="java.vm.specification.version" value="1.8"/>
    <property name="os.name" value="Linux"/>
    <property name="test.build.data" value="/workdir/hadoop-ozone/tools/target/test-dir"/>
    <property name="user.country" value="US"/>
    <property name="sun.java.launcher" value="SUN_STANDARD"/>
    <property name="sun.boot.library.path" value="/usr/lib/jvm/java-1.8-openjdk/jre/lib/amd64"/>
    <property name="sun.java.command" value="/workdir/hadoop-ozone/tools/target/surefire/surefirebooter507297612630627210.jar /workdir/hadoop-ozone/tools/target/surefire 2019-09-25T15-54-36_667-jvmRun1 surefire413946233098979899tmp surefire_1158378379520302024322tmp"/>
    <property name="test" value="!TestMiniChaosOzoneCluster"/>
    <property name="surefire.test.class.path" value="/workdir/hadoop-ozone/tools/target/test-classes:/workdir/hadoop-ozone/tools/target/classes:/home/user/.m2/repository/org/apache/hadoop/hadoop-ozone-ozone-manager/0.5.0-SNAPSHOT/hadoop-ozone-ozone-manager-0.5.0-SNAPSHOT.jar:/home/user/.m2/repository/org/apache/hadoop/hadoop-hdds-docs/0.5.0-SNAPSHOT/hadoop-hdds-docs-0.5.0-SNAPSHOT.jar:/home/user/.m2/repository/org/bouncycastle/bcprov-jdk15on/1.60/bcprov-jdk15on-1.60.jar:/home/user/.m2/repository/org/apache/hadoop/hadoop-ozone-common/0.5.0-SNAPSHOT/hadoop-ozone-common-0.5.0-SNAPSHOT.jar:/home/user/.m2/repository/org/apache/commons/commons-compress/1.4.1/commons-compress-1.4.1.jar:/home/user/.m2/repository/org/tukaani/xz/1.0/xz-1.0.jar:/home/user/.m2/repository/org/apache/hadoop/hadoop-hdfs-client/3.2.0/hadoop-hdfs-client-3.2.0.jar:/home/user/.m2/repository/com/fasterxml/jackson/core/jackson-annotations/2.9.9/jackson-annotations-2.9.9.jar:/home/user/.m2/repository/org/apache/hadoop/hadoop-hdds-common/0.5.0-SNAPSHOT/hadoop-hdds-common-0.5.0-SNAPSHOT.jar:/home/user/.m2/repository/org/apache/hadoop/hadoop-hdds-config/0.5.0-SNAPSHOT/hadoop-hdds-config-0.5.0-SNAPSHOT.jar:/home/user/.m2/repository/javax/annotation/javax.annotation-api/1.2/javax.annotation-api-1.2.jar:/home/user/.m2/repository/org/apache/ratis/ratis-server/0.4.0/ratis-server-0.4.0.jar:/home/user/.m2/repository/org/apache/ratis/ratis-thirdparty-misc/0.2.0/ratis-thirdparty-misc-0.2.0.jar:/home/user/.m2/repository/org/apache/ratis/ratis-proto/0.4.0/ratis-proto-0.4.0.jar:/home/user/.m2/repository/org/apache/ratis/ratis-common/0.4.0/ratis-common-0.4.0.jar:/home/user/.m2/repository/org/apache/ratis/ratis-client/0.4.0/ratis-client-0.4.0.jar:/home/user/.m2/repository/org/apache/ratis/ratis-metrics/0.4.0/ratis-metrics-0.4.0.jar:/home/user/.m2/repository/com/github/joshelser/dropwizard-metrics-hadoop-metrics2-reporter/0.1.2/dropwizard-metrics-hadoop-metrics2-reporter-0.1.2.jar:/home/user/.m2/repository/io/dropwizard/metrics/metrics-jvm/3.2.5/metrics-jvm-3.2.5.jar:/home/user/.m2/repository/io/dropwizard/metrics/metrics-ganglia/3.2.5/metrics-ganglia-3.2.5.jar:/home/user/.m2/repository/info/ganglia/gmetric4j/gmetric4j/1.0.7/gmetric4j-1.0.7.jar:/home/user/.m2/repository/org/apache/ratis/ratis-netty/0.4.0/ratis-netty-0.4.0.jar:/home/user/.m2/repository/org/apache/ratis/ratis-grpc/0.4.0/ratis-grpc-0.4.0.jar:/home/user/.m2/repository/org/rocksdb/rocksdbjni/6.0.1/rocksdbjni-6.0.1.jar:/home/user/.m2/repository/org/apache/logging/log4j/log4j-api/2.11.0/log4j-api-2.11.0.jar:/home/user/.m2/repository/org/apache/logging/log4j/log4j-core/2.11.0/log4j-core-2.11.0.jar:/home/user/.m2/repository/com/lmax/disruptor/3.4.2/disruptor-3.4.2.jar:/home/user/.m2/repository/org/apache/commons/commons-pool2/2.6.0/commons-pool2-2.6.0.jar:/home/user/.m2/repository/org/bouncycastle/bcpkix-jdk15on/1.60/bcpkix-jdk15on-1.60.jar:/home/user/.m2/repository/commons-validator/commons-validator/1.6/commons-validator-1.6.jar:/home/user/.m2/repository/commons-digester/commons-digester/1.8.1/commons-digester-1.8.1.jar:/home/user/.m2/repository/io/jaegertracing/jaeger-client/0.34.0/jaeger-client-0.34.0.jar:/home/user/.m2/repository/io/jaegertracing/jaeger-thrift/0.34.0/jaeger-thrift-0.34.0.jar:/home/user/.m2/repository/org/apache/thrift/libthrift/0.12.0/libthrift-0.12.0.jar:/home/user/.m2/repository/com/squareup/okhttp3/okhttp/3.9.0/okhttp-3.9.0.jar:/home/user/.m2/repository/com/squareup/okio/okio/1.13.0/okio-1.13.0.jar:/home/user/.m2/repository/io/jaegertracing/jaeger-core/0.34.0/jaeger-core-0.34.0.jar:/home/user/.m2/repository/io/jaegertracing/jaeger-tracerresolver/0.34.0/jaeger-tracerresolver-0.34.0.jar:/home/user/.m2/repository/io/opentracing/contrib/opentracing-tracerresolver/0.1.5/opentracing-tracerresolver-0.1.5.jar:/home/user/.m2/repository/io/opentracing/opentracing-util/0.31.0/opentracing-util-0.31.0.jar:/home/user/.m2/repository/io/opentracing/opentracing-api/0.31.0/opentracing-api-0.31.0.jar:/home/user/.m2/repository/io/opentracing/opentracing-noop/0.31.0/opentracing-noop-0.31.0.jar:/home/user/.m2/repository/org/yaml/snakeyaml/1.16/snakeyaml-1.16.jar:/home/user/.m2/repository/org/apache/hadoop/hadoop-hdds-container-service/0.5.0-SNAPSHOT/hadoop-hdds-container-service-0.5.0-SNAPSHOT.jar:/home/user/.m2/repository/org/apache/hadoop/hadoop-hdds-client/0.5.0-SNAPSHOT/hadoop-hdds-client-0.5.0-SNAPSHOT.jar:/home/user/.m2/repository/org/apache/hadoop/hadoop-hdds-tools/0.5.0-SNAPSHOT/hadoop-hdds-tools-0.5.0-SNAPSHOT.jar:/home/user/.m2/repository/org/xerial/sqlite-jdbc/3.25.2/sqlite-jdbc-3.25.2.jar:/home/user/.m2/repository/org/apache/hadoop/hadoop-hdds-server-scm/0.5.0-SNAPSHOT/hadoop-hdds-server-scm-0.5.0-SNAPSHOT.jar:/home/user/.m2/repository/org/hamcrest/hamcrest-all/1.3/hamcrest-all-1.3.jar:/home/user/.m2/repository/info/picocli/picocli/3.9.6/picocli-3.9.6.jar:/home/user/.m2/repository/com/google/protobuf/protobuf-java/2.5.0/protobuf-java-2.5.0.jar:/home/user/.m2/repository/com/google/guava/guava/11.0.2/guava-11.0.2.jar:/home/user/.m2/repository/org/apache/hadoop/hadoop-ozone-client/0.5.0-SNAPSHOT/hadoop-ozone-client-0.5.0-SNAPSHOT.jar:/workdir/hadoop-ozone/ozonefs/target/classes:/home/user/.m2/repository/org/apache/httpcomponents/httpclient/4.5.2/httpclient-4.5.2.jar:/home/user/.m2/repository/org/apache/httpcomponents/httpcore/4.4.4/httpcore-4.4.4.jar:/home/user/.m2/repository/org/apache/hadoop/hadoop-hdds-server-framework/0.5.0-SNAPSHOT/hadoop-hdds-server-framework-0.5.0-SNAPSHOT.jar:/home/user/.m2/repository/org/apache/hadoop/hadoop-common/3.2.0/hadoop-common-3.2.0.jar:/home/user/.m2/repository/org/apache/hadoop/hadoop-annotations/3.2.0/hadoop-annotations-3.2.0.jar:/usr/lib/jvm/java-1.8-openjdk/jre/../lib/tools.jar:/home/user/.m2/repository/commons-cli/commons-cli/1.2/commons-cli-1.2.jar:/home/user/.m2/repository/org/apache/commons/commons-math3/3.1.1/commons-math3-3.1.1.jar:/home/user/.m2/repository/commons-codec/commons-codec/1.11/commons-codec-1.11.jar:/home/user/.m2/repository/commons-io/commons-io/2.5/commons-io-2.5.jar:/home/user/.m2/repository/commons-net/commons-net/3.6/commons-net-3.6.jar:/home/user/.m2/repository/commons-collections/commons-collections/3.2.2/commons-collections-3.2.2.jar:/home/user/.m2/repository/javax/servlet/javax.servlet-api/3.1.0/javax.servlet-api-3.1.0.jar:/home/user/.m2/repository/org/eclipse/jetty/jetty-server/9.3.25.v20180904/jetty-server-9.3.25.v20180904.jar:/home/user/.m2/repository/org/eclipse/jetty/jetty-http/9.3.25.v20180904/jetty-http-9.3.25.v20180904.jar:/home/user/.m2/repository/org/eclipse/jetty/jetty-io/9.3.25.v20180904/jetty-io-9.3.25.v20180904.jar:/home/user/.m2/repository/org/eclipse/jetty/jetty-util/9.3.25.v20180904/jetty-util-9.3.25.v20180904.jar:/home/user/.m2/repository/org/eclipse/jetty/jetty-servlet/9.3.25.v20180904/jetty-servlet-9.3.25.v20180904.jar:/home/user/.m2/repository/org/eclipse/jetty/jetty-security/9.3.25.v20180904/jetty-security-9.3.25.v20180904.jar:/home/user/.m2/repository/org/eclipse/jetty/jetty-webapp/9.3.25.v20180904/jetty-webapp-9.3.25.v20180904.jar:/home/user/.m2/repository/org/eclipse/jetty/jetty-xml/9.3.25.v20180904/jetty-xml-9.3.25.v20180904.jar:/home/user/.m2/repository/javax/servlet/jsp/jsp-api/2.1/jsp-api-2.1.jar:/home/user/.m2/repository/com/sun/jersey/jersey-core/1.19/jersey-core-1.19.jar:/home/user/.m2/repository/javax/ws/rs/jsr311-api/1.1.1/jsr311-api-1.1.1.jar:/home/user/.m2/repository/com/sun/jersey/jersey-servlet/1.19/jersey-servlet-1.19.jar:/home/user/.m2/repository/com/sun/jersey/jersey-json/1.19/jersey-json-1.19.jar:/home/user/.m2/repository/org/codehaus/jettison/jettison/1.1/jettison-1.1.jar:/home/user/.m2/repository/com/sun/xml/bind/jaxb-impl/2.3.0.1/jaxb-impl-2.3.0.1.jar:/home/user/.m2/repository/org/codehaus/jackson/jackson-core-asl/1.9.13/jackson-core-asl-1.9.13.jar:/home/user/.m2/repository/org/codehaus/jackson/jackson-mapper-asl/1.9.13/jackson-mapper-asl-1.9.13.jar:/home/user/.m2/repository/org/codehaus/jackson/jackson-jaxrs/1.9.13/jackson-jaxrs-1.9.13.jar:/home/user/.m2/repository/org/codehaus/jackson/jackson-xc/1.9.13/jackson-xc-1.9.13.jar:/home/user/.m2/repository/com/sun/jersey/jersey-server/1.19/jersey-server-1.19.jar:/home/user/.m2/repository/commons-logging/commons-logging/1.1.3/commons-logging-1.1.3.jar:/home/user/.m2/repository/log4j/log4j/1.2.17/log4j-1.2.17.jar:/home/user/.m2/repository/commons-beanutils/commons-beanutils/1.9.4/commons-beanutils-1.9.4.jar:/home/user/.m2/repository/org/apache/commons/commons-configuration2/2.1.1/commons-configuration2-2.1.1.jar:/home/user/.m2/repository/org/apache/commons/commons-lang3/3.7/commons-lang3-3.7.jar:/home/user/.m2/repository/org/apache/commons/commons-text/1.4/commons-text-1.4.jar:/home/user/.m2/repository/org/slf4j/slf4j-api/1.7.25/slf4j-api-1.7.25.jar:/home/user/.m2/repository/org/slf4j/slf4j-log4j12/1.7.25/slf4j-log4j12-1.7.25.jar:/home/user/.m2/repository/org/apache/avro/avro/1.7.7/avro-1.7.7.jar:/home/user/.m2/repository/com/thoughtworks/paranamer/paranamer/2.3/paranamer-2.3.jar:/home/user/.m2/repository/org/xerial/snappy/snappy-java/1.0.5/snappy-java-1.0.5.jar:/home/user/.m2/repository/com/google/re2j/re2j/1.1/re2j-1.1.jar:/home/user/.m2/repository/com/google/code/gson/gson/2.2.4/gson-2.2.4.jar:/home/user/.m2/repository/org/apache/hadoop/hadoop-auth/3.2.0/hadoop-auth-3.2.0.jar:/home/user/.m2/repository/com/nimbusds/nimbus-jose-jwt/4.41.1/nimbus-jose-jwt-4.41.1.jar:/home/user/.m2/repository/com/github/stephenc/jcip/jcip-annotations/1.0-1/jcip-annotations-1.0-1.jar:/home/user/.m2/repository/net/minidev/json-smart/2.3/json-smart-2.3.jar:/home/user/.m2/repository/net/minidev/accessors-smart/1.2/accessors-smart-1.2.jar:/home/user/.m2/repository/org/apache/curator/curator-framework/2.12.0/curator-framework-2.12.0.jar:/home/user/.m2/repository/com/jcraft/jsch/0.1.54/jsch-0.1.54.jar:/home/user/.m2/repository/org/apache/curator/curator-client/2.12.0/curator-client-2.12.0.jar:/home/user/.m2/repository/org/apache/curator/curator-recipes/2.12.0/curator-recipes-2.12.0.jar:/home/user/.m2/repository/com/google/code/findbugs/jsr305/3.0.0/jsr305-3.0.0.jar:/home/user/.m2/repository/org/apache/htrace/htrace-core4/4.1.0-incubating/htrace-core4-4.1.0-incubating.jar:/home/user/.m2/repository/org/apache/zookeeper/zookeeper/3.4.13/zookeeper-3.4.13.jar:/home/user/.m2/repository/jline/jline/0.9.94/jline-0.9.94.jar:/home/user/.m2/repository/org/apache/yetus/audience-annotations/0.5.0/audience-annotations-0.5.0.jar:/home/user/.m2/repository/org/apache/kerby/kerb-simplekdc/1.0.1/kerb-simplekdc-1.0.1.jar:/home/user/.m2/repository/org/apache/kerby/kerb-client/1.0.1/kerb-client-1.0.1.jar:/home/user/.m2/repository/org/apache/kerby/kerby-config/1.0.1/kerby-config-1.0.1.jar:/home/user/.m2/repository/org/apache/kerby/kerb-core/1.0.1/kerb-core-1.0.1.jar:/home/user/.m2/repository/org/apache/kerby/kerby-pkix/1.0.1/kerby-pkix-1.0.1.jar:/home/user/.m2/repository/org/apache/kerby/kerby-asn1/1.0.1/kerby-asn1-1.0.1.jar:/home/user/.m2/repository/org/apache/kerby/kerby-util/1.0.1/kerby-util-1.0.1.jar:/home/user/.m2/repository/org/apache/kerby/kerb-common/1.0.1/kerb-common-1.0.1.jar:/home/user/.m2/repository/org/apache/kerby/kerb-crypto/1.0.1/kerb-crypto-1.0.1.jar:/home/user/.m2/repository/org/apache/kerby/kerb-util/1.0.1/kerb-util-1.0.1.jar:/home/user/.m2/repository/org/apache/kerby/token-provider/1.0.1/token-provider-1.0.1.jar:/home/user/.m2/repository/org/apache/kerby/kerb-admin/1.0.1/kerb-admin-1.0.1.jar:/home/user/.m2/repository/org/apache/kerby/kerb-server/1.0.1/kerb-server-1.0.1.jar:/home/user/.m2/repository/org/apache/kerby/kerb-identity/1.0.1/kerb-identity-1.0.1.jar:/home/user/.m2/repository/org/apache/kerby/kerby-xdr/1.0.1/kerby-xdr-1.0.1.jar:/home/user/.m2/repository/com/fasterxml/jackson/core/jackson-databind/2.9.9/jackson-databind-2.9.9.jar:/home/user/.m2/repository/com/fasterxml/jackson/core/jackson-core/2.9.9/jackson-core-2.9.9.jar:/home/user/.m2/repository/org/codehaus/woodstox/stax2-api/3.1.4/stax2-api-3.1.4.jar:/home/user/.m2/repository/com/fasterxml/woodstox/woodstox-core/5.0.3/woodstox-core-5.0.3.jar:/home/user/.m2/repository/dnsjava/dnsjava/2.1.7/dnsjava-2.1.7.jar:/home/user/.m2/repository/org/apache/hadoop/hadoop-hdfs/3.2.0/hadoop-hdfs-3.2.0.jar:/home/user/.m2/repository/org/eclipse/jetty/jetty-util-ajax/9.3.25.v20180904/jetty-util-ajax-9.3.25.v20180904.jar:/home/user/.m2/repository/commons-daemon/commons-daemon/1.0.13/commons-daemon-1.0.13.jar:/home/user/.m2/repository/io/netty/netty/3.10.5.Final/netty-3.10.5.Final.jar:/home/user/.m2/repository/io/netty/netty-all/4.0.52.Final/netty-all-4.0.52.Final.jar:/home/user/.m2/repository/org/fusesource/leveldbjni/leveldbjni-all/1.8/leveldbjni-all-1.8.jar:/home/user/.m2/repository/com/sun/xml/bind/jaxb-core/2.3.0.1/jaxb-core-2.3.0.1.jar:/home/user/.m2/repository/javax/xml/bind/jaxb-api/2.3.0/jaxb-api-2.3.0.jar:/home/user/.m2/repository/javax/activation/activation/1.1.1/activation-1.1.1.jar:/home/user/.m2/repository/io/dropwizard/metrics/metrics-core/3.2.4/metrics-core-3.2.4.jar:/home/user/.m2/repository/org/openjdk/jmh/jmh-core/1.19/jmh-core-1.19.jar:/home/user/.m2/repository/net/sf/jopt-simple/jopt-simple/4.6/jopt-simple-4.6.jar:/home/user/.m2/repository/org/openjdk/jmh/jmh-generator-annprocess/1.19/jmh-generator-annprocess-1.19.jar:/home/user/.m2/repository/com/amazonaws/aws-java-sdk-s3/1.11.615/aws-java-sdk-s3-1.11.615.jar:/home/user/.m2/repository/com/amazonaws/aws-java-sdk-kms/1.11.615/aws-java-sdk-kms-1.11.615.jar:/home/user/.m2/repository/com/amazonaws/aws-java-sdk-core/1.11.615/aws-java-sdk-core-1.11.615.jar:/home/user/.m2/repository/software/amazon/ion/ion-java/1.0.2/ion-java-1.0.2.jar:/home/user/.m2/repository/com/fasterxml/jackson/dataformat/jackson-dataformat-cbor/2.9.9/jackson-dataformat-cbor-2.9.9.jar:/home/user/.m2/repository/joda-time/joda-time/2.9.9/joda-time-2.9.9.jar:/home/user/.m2/repository/com/amazonaws/jmespath-java/1.11.615/jmespath-java-1.11.615.jar:/home/user/.m2/repository/com/google/code/findbugs/findbugs/3.0.1/findbugs-3.0.1.jar:/home/user/.m2/repository/net/jcip/jcip-annotations/1.0/jcip-annotations-1.0.jar:/home/user/.m2/repository/com/google/code/findbugs/bcel-findbugs/6.0/bcel-findbugs-6.0.jar:/home/user/.m2/repository/com/google/code/findbugs/jFormatString/2.0.1/jFormatString-2.0.1.jar:/home/user/.m2/repository/dom4j/dom4j/1.6.1/dom4j-1.6.1.jar:/home/user/.m2/repository/xml-apis/xml-apis/1.0.b2/xml-apis-1.0.b2.jar:/home/user/.m2/repository/org/ow2/asm/asm-debug-all/5.0.2/asm-debug-all-5.0.2.jar:/home/user/.m2/repository/org/ow2/asm/asm-commons/5.0.2/asm-commons-5.0.2.jar:/home/user/.m2/repository/org/ow2/asm/asm-tree/5.0.2/asm-tree-5.0.2.jar:/home/user/.m2/repository/org/ow2/asm/asm/5.0.4/asm-5.0.4.jar:/home/user/.m2/repository/commons-lang/commons-lang/2.6/commons-lang-2.6.jar:/home/user/.m2/repository/com/apple/AppleJavaExtensions/1.4/AppleJavaExtensions-1.4.jar:/home/user/.m2/repository/jaxen/jaxen/1.1.6/jaxen-1.1.6.jar:/home/user/.m2/repository/junit/junit/4.11/junit-4.11.jar:/home/user/.m2/repository/org/hamcrest/hamcrest-core/1.3/hamcrest-core-1.3.jar:/home/user/.m2/repository/org/apache/hadoop/hadoop-common/3.2.0/hadoop-common-3.2.0-tests.jar:/workdir/hadoop-ozone/integration-test/target/test-classes:/home/user/.m2/repository/org/apache/hadoop/hadoop-ozone-s3gateway/0.5.0-SNAPSHOT/hadoop-ozone-s3gateway-0.5.0-SNAPSHOT.jar:/home/user/.m2/repository/org/jboss/weld/servlet/weld-servlet/2.4.7.Final/weld-servlet-2.4.7.Final.jar:/home/user/.m2/repository/org/glassfish/jersey/containers/jersey-container-servlet-core/2.27/jersey-container-servlet-core-2.27.jar:/home/user/.m2/repository/org/glassfish/hk2/external/javax.inject/2.5.0-b42/javax.inject-2.5.0-b42.jar:/home/user/.m2/repository/org/glassfish/jersey/core/jersey-common/2.27/jersey-common-2.27.jar:/home/user/.m2/repository/org/glassfish/hk2/osgi-resource-locator/1.0.1/osgi-resource-locator-1.0.1.jar:/home/user/.m2/repository/javax/ws/rs/javax.ws.rs-api/2.1/javax.ws.rs-api-2.1.jar:/home/user/.m2/repository/org/glassfish/jersey/ext/cdi/jersey-cdi1x/2.27/jersey-cdi1x-2.27.jar:/home/user/.m2/repository/org/glassfish/jersey/inject/jersey-hk2/2.27/jersey-hk2-2.27.jar:/home/user/.m2/repository/org/glassfish/hk2/hk2-locator/2.5.0-b42/hk2-locator-2.5.0-b42.jar:/home/user/.m2/repository/org/javassist/javassist/3.22.0-CR2/javassist-3.22.0-CR2.jar:/home/user/.m2/repository/org/glassfish/hk2/hk2-api/2.5.0/hk2-api-2.5.0.jar:/home/user/.m2/repository/org/glassfish/hk2/external/jakarta.inject/2.5.0/jakarta.inject-2.5.0.jar:/home/user/.m2/repository/org/glassfish/hk2/hk2-utils/2.5.0/hk2-utils-2.5.0.jar:/home/user/.m2/repository/jakarta/annotation/jakarta.annotation-api/1.3.4/jakarta.annotation-api-1.3.4.jar:/home/user/.m2/repository/org/glassfish/hk2/external/aopalliance-repackaged/2.5.0/aopalliance-repackaged-2.5.0.jar:/home/user/.m2/repository/com/fasterxml/jackson/dataformat/jackson-dataformat-xml/2.9.0/jackson-dataformat-xml-2.9.0.jar:/home/user/.m2/repository/com/fasterxml/jackson/module/jackson-module-jaxb-annotations/2.9.9/jackson-module-jaxb-annotations-2.9.9.jar:/home/user/.m2/repository/javax/enterprise/cdi-api/1.2/cdi-api-1.2.jar:/home/user/.m2/repository/javax/el/javax.el-api/3.0.0/javax.el-api-3.0.0.jar:/home/user/.m2/repository/javax/interceptor/javax.interceptor-api/1.2/javax.interceptor-api-1.2.jar:/home/user/.m2/repository/javax/inject/javax.inject/1/javax.inject-1.jar:/home/user/.m2/repository/org/apache/hadoop/hadoop-ozone-csi/0.5.0-SNAPSHOT/hadoop-ozone-csi-0.5.0-SNAPSHOT.jar:/home/user/.m2/repository/com/google/protobuf/protobuf-java-util/3.5.1/protobuf-java-util-3.5.1.jar:/home/user/.m2/repository/io/grpc/grpc-netty/1.17.1/grpc-netty-1.17.1.jar:/home/user/.m2/repository/io/grpc/grpc-core/1.17.1/grpc-core-1.17.1.jar:/home/user/.m2/repository/io/grpc/grpc-context/1.17.1/grpc-context-1.17.1.jar:/home/user/.m2/repository/com/google/errorprone/error_prone_annotations/2.2.0/error_prone_annotations-2.2.0.jar:/home/user/.m2/repository/org/codehaus/mojo/animal-sniffer-annotations/1.17/animal-sniffer-annotations-1.17.jar:/home/user/.m2/repository/io/opencensus/opencensus-api/0.17.0/opencensus-api-0.17.0.jar:/home/user/.m2/repository/io/opencensus/opencensus-contrib-grpc-metrics/0.17.0/opencensus-contrib-grpc-metrics-0.17.0.jar:/home/user/.m2/repository/io/netty/netty-codec-http2/4.1.30.Final/netty-codec-http2-4.1.30.Final.jar:/home/user/.m2/repository/io/netty/netty-codec-http/4.1.30.Final/netty-codec-http-4.1.30.Final.jar:/home/user/.m2/repository/io/netty/netty-codec/4.1.30.Final/netty-codec-4.1.30.Final.jar:/home/user/.m2/repository/io/netty/netty-handler/4.1.30.Final/netty-handler-4.1.30.Final.jar:/home/user/.m2/repository/io/netty/netty-handler-proxy/4.1.30.Final/netty-handler-proxy-4.1.30.Final.jar:/home/user/.m2/repository/io/netty/netty-codec-socks/4.1.30.Final/netty-codec-socks-4.1.30.Final.jar:/home/user/.m2/repository/io/netty/netty-transport-native-epoll/4.1.30.Final/netty-transport-native-epoll-4.1.30.Final.jar:/home/user/.m2/repository/io/netty/netty-common/4.1.30.Final/netty-common-4.1.30.Final.jar:/home/user/.m2/repository/io/netty/netty-buffer/4.1.30.Final/netty-buffer-4.1.30.Final.jar:/home/user/.m2/repository/io/netty/netty-transport/4.1.30.Final/netty-transport-4.1.30.Final.jar:/home/user/.m2/repository/io/netty/netty-resolver/4.1.30.Final/netty-resolver-4.1.30.Final.jar:/home/user/.m2/repository/io/netty/netty-transport-native-unix-common/4.1.30.Final/netty-transport-native-unix-common-4.1.30.Final.jar:/home/user/.m2/repository/io/grpc/grpc-protobuf/1.17.1/grpc-protobuf-1.17.1.jar:/home/user/.m2/repository/com/google/api/grpc/proto-google-common-protos/1.0.0/proto-google-common-protos-1.0.0.jar:/home/user/.m2/repository/io/grpc/grpc-protobuf-lite/1.17.1/grpc-protobuf-lite-1.17.1.jar:/home/user/.m2/repository/io/grpc/grpc-stub/1.17.1/grpc-stub-1.17.1.jar:/home/user/.m2/repository/org/apache/hadoop/hadoop-ozone-recon/0.5.0-SNAPSHOT/hadoop-ozone-recon-0.5.0-SNAPSHOT.jar:/home/user/.m2/repository/org/apache/hadoop/hadoop-ozone-reconcodegen/0.5.0-SNAPSHOT/hadoop-ozone-reconcodegen-0.5.0-SNAPSHOT.jar:/home/user/.m2/repository/com/google/inject/extensions/guice-multibindings/4.0/guice-multibindings-4.0.jar:/home/user/.m2/repository/com/google/inject/guice/4.0/guice-4.0.jar:/home/user/.m2/repository/aopalliance/aopalliance/1.0/aopalliance-1.0.jar:/home/user/.m2/repository/com/google/inject/extensions/guice-servlet/4.0/guice-servlet-4.0.jar:/home/user/.m2/repository/org/glassfish/jersey/containers/jersey-container-servlet/2.27/jersey-container-servlet-2.27.jar:/home/user/.m2/repository/org/glassfish/hk2/guice-bridge/2.5.0/guice-bridge-2.5.0.jar:/home/user/.m2/repository/org/glassfish/jersey/core/jersey-server/2.27/jersey-server-2.27.jar:/home/user/.m2/repository/org/glassfish/jersey/core/jersey-client/2.27/jersey-client-2.27.jar:/home/user/.m2/repository/org/glassfish/jersey/media/jersey-media-jaxb/2.27/jersey-media-jaxb-2.27.jar:/home/user/.m2/repository/javax/validation/validation-api/1.1.0.Final/validation-api-1.1.0.Final.jar:/home/user/.m2/repository/org/glassfish/jersey/media/jersey-media-json-jackson/2.27/jersey-media-json-jackson-2.27.jar:/home/user/.m2/repository/org/glassfish/jersey/ext/jersey-entity-filtering/2.27/jersey-entity-filtering-2.27.jar:/home/user/.m2/repository/com/google/inject/extensions/guice-assistedinject/4.0/guice-assistedinject-4.0.jar:/home/user/.m2/repository/org/jooq/jooq/3.11.10/jooq-3.11.10.jar:/home/user/.m2/repository/org/jooq/jooq-meta/3.11.10/jooq-meta-3.11.10.jar:/home/user/.m2/repository/org/jooq/jooq-codegen/3.11.10/jooq-codegen-3.11.10.jar:/home/user/.m2/repository/com/jolbox/bonecp/0.8.0.RELEASE/bonecp-0.8.0.RELEASE.jar:/home/user/.m2/repository/org/springframework/spring-jdbc/5.1.3.RELEASE/spring-jdbc-5.1.3.RELEASE.jar:/home/user/.m2/repository/org/springframework/spring-beans/5.1.3.RELEASE/spring-beans-5.1.3.RELEASE.jar:/home/user/.m2/repository/org/springframework/spring-core/5.1.3.RELEASE/spring-core-5.1.3.RELEASE.jar:/home/user/.m2/repository/org/springframework/spring-jcl/5.1.3.RELEASE/spring-jcl-5.1.3.RELEASE.jar:/home/user/.m2/repository/org/springframework/spring-tx/5.1.3.RELEASE/spring-tx-5.1.3.RELEASE.jar:/home/user/.m2/repository/org/mockito/mockito-core/2.15.0/mockito-core-2.15.0.jar:/home/user/.m2/repository/net/bytebuddy/byte-buddy/1.7.9/byte-buddy-1.7.9.jar:/home/user/.m2/repository/net/bytebuddy/byte-buddy-agent/1.7.9/byte-buddy-agent-1.7.9.jar:/home/user/.m2/repository/org/objenesis/objenesis/1.0/objenesis-1.0.jar:"/>
    <property name="sun.cpu.endian" value="little"/>
    <property name="user.home" value="/home/user"/>
    <property name="user.language" value="en"/>
    <property name="java.specification.vendor" value="Oracle Corporation"/>
    <property name="java.home" value="/usr/lib/jvm/java-1.8-openjdk/jre"/>
    <property name="java.security.krb5.conf" value="/workdir/hadoop-ozone/tools/target/test-classes/krb5.conf"/>
    <property name="basedir" value="/workdir/hadoop-ozone/tools"/>
    <property name="file.separator" value="/"/>
    <property name="line.separator" value="&#10;"/>
    <property name="java.vm.specification.vendor" value="Oracle Corporation"/>
    <property name="java.specification.name" value="Java Platform API Specification"/>
    <property name="java.awt.graphicsenv" value="sun.awt.X11GraphicsEnvironment"/>
    <property name="surefire.real.class.path" value="/workdir/hadoop-ozone/tools/target/surefire/surefirebooter507297612630627210.jar"/>
    <property name="hadoop.log.dir" value="/workdir/hadoop-ozone/tools/target/log"/>
    <property name="sun.boot.class.path" value="/usr/lib/jvm/java-1.8-openjdk/jre/lib/resources.jar:/usr/lib/jvm/java-1.8-openjdk/jre/lib/rt.jar:/usr/lib/jvm/java-1.8-openjdk/jre/lib/sunrsasign.jar:/usr/lib/jvm/java-1.8-openjdk/jre/lib/jsse.jar:/usr/lib/jvm/java-1.8-openjdk/jre/lib/jce.jar:/usr/lib/jvm/java-1.8-openjdk/jre/lib/charsets.jar:/usr/lib/jvm/java-1.8-openjdk/jre/lib/jfr.jar:/usr/lib/jvm/java-1.8-openjdk/jre/classes"/>
    <property name="sun.management.compiler" value="HotSpot 64-Bit Tiered Compilers"/>
    <property name="java.runtime.version" value="1.8.0_212-b04"/>
    <property name="java.net.preferIPv4Stack" value="true"/>
    <property name="user.name" value="jenkins1000"/>
    <property name="path.separator" value=":"/>
    <property name="java.security.egd" value="file:///dev/urandom"/>
    <property name="os.version" value="3.10.0-957.12.2.el7.x86_64"/>
    <property name="java.endorsed.dirs" value="/usr/lib/jvm/java-1.8-openjdk/jre/lib/endorsed"/>
    <property name="java.runtime.name" value="OpenJDK Runtime Environment"/>
    <property name="file.encoding" value="UTF-8"/>
    <property name="java.vm.name" value="OpenJDK 64-Bit Server VM"/>
    <property name="test.build.webapps" value=""/>
    <property name="localRepository" value="/home/user/.m2/repository"/>
    <property name="java.vendor.url.bug" value="https://icedtea.classpath.org/bugzilla"/>
    <property name="java.io.tmpdir" value="/tmp"/>
    <property name="require.test.libhadoop" value=""/>
    <property name="java.version" value="1.8.0_212"/>
    <property name="user.dir" value="/workdir/hadoop-ozone/tools"/>
    <property name="os.arch" value="amd64"/>
    <property name="java.vm.specification.name" value="Java Virtual Machine Specification"/>
    <property name="test.build.classes" value="/workdir/hadoop-ozone/tools/target/test-classes"/>
    <property name="java.awt.printerjob" value="sun.print.PSPrinterJob"/>
    <property name="sun.os.patch.level" value="unknown"/>
    <property name="hadoop.tmp.dir" value="/workdir/hadoop-ozone/tools/target/tmp"/>
    <property name="java.library.path" value="/usr/lib/jvm/java-1.8-openjdk/jre/lib/amd64/server:/usr/lib/jvm/java-1.8-openjdk/jre/lib/amd64:/usr/lib/jvm/java-1.8-openjdk/jre/../lib/amd64:/workdir/hadoop-ozone/tools/target/native/target/usr/local/lib:/workdir/hadoop-ozone/tools/../../hadoop-common-project/hadoop-common/target/native/target/usr/local/lib:/usr/java/packages/lib/amd64:/usr/lib64:/lib64:/lib:/usr/lib"/>
    <property name="java.vm.info" value="mixed mode"/>
    <property name="java.vendor" value="IcedTea"/>
    <property name="java.vm.version" value="25.212-b04"/>
    <property name="java.ext.dirs" value="/usr/lib/jvm/java-1.8-openjdk/jre/lib/ext:/usr/java/packages/lib/ext"/>
    <property name="sun.io.unicode.encoding" value="UnicodeLittle"/>
    <property name="java.class.version" value="52.0"/>
  </properties>
  <testcase name="ratisTestLargeKey" classname="org.apache.hadoop.ozone.freon.TestDataValidateWithSafeByteOperations" time="60.405"/>
  <testcase name="standaloneTestLargeKey" classname="org.apache.hadoop.ozone.freon.TestDataValidateWithSafeByteOperations" time="6.092"/>
  <testcase name="validateWriteTest" classname="org.apache.hadoop.ozone.freon.TestDataValidateWithSafeByteOperations" time="46.098">
    <error message="Allocated 0 blocks. Requested 1 blocks" type="INTERNAL_ERROR org.apache.hadoop.ozone.om.exceptions.OMException">INTERNAL_ERROR org.apache.hadoop.ozone.om.exceptions.OMException: Allocated 0 blocks. Requested 1 blocks
	at org.apache.hadoop.ozone.om.protocolPB.OzoneManagerProtocolClientSideTranslatorPB.handleError(OzoneManagerProtocolClientSideTranslatorPB.java:732)
	at org.apache.hadoop.ozone.om.protocolPB.OzoneManagerProtocolClientSideTranslatorPB.allocateBlock(OzoneManagerProtocolClientSideTranslatorPB.java:764)
	at sun.reflect.NativeMethodAccessorImpl.invoke0(Native Method)
	at sun.reflect.NativeMethodAccessorImpl.invoke(NativeMethodAccessorImpl.java:62)
	at sun.reflect.DelegatingMethodAccessorImpl.invoke(DelegatingMethodAccessorImpl.java:43)
	at java.lang.reflect.Method.invoke(Method.java:498)
	at org.apache.hadoop.hdds.tracing.TraceAllMethod.invoke(TraceAllMethod.java:66)
	at com.sun.proxy.$Proxy37.allocateBlock(Unknown Source)
	at org.apache.hadoop.ozone.client.io.BlockOutputStreamEntryPool.allocateNewBlock(BlockOutputStreamEntryPool.java:248)
	at org.apache.hadoop.ozone.client.io.BlockOutputStreamEntryPool.allocateBlockIfNeeded(BlockOutputStreamEntryPool.java:296)
	at org.apache.hadoop.ozone.client.io.KeyOutputStream.handleWrite(KeyOutputStream.java:198)
	at org.apache.hadoop.ozone.client.io.KeyOutputStream.handleRetry(KeyOutputStream.java:375)
	at org.apache.hadoop.ozone.client.io.KeyOutputStream.handleException(KeyOutputStream.java:324)
	at org.apache.hadoop.ozone.client.io.KeyOutputStream.handleFlushOrClose(KeyOutputStream.java:449)
	at org.apache.hadoop.ozone.client.io.KeyOutputStream.close(KeyOutputStream.java:473)
	at org.apache.hadoop.ozone.client.io.OzoneOutputStream.close(OzoneOutputStream.java:60)
	at org.apache.hadoop.ozone.freon.RandomKeyGenerator.createKey(RandomKeyGenerator.java:710)
	at org.apache.hadoop.ozone.freon.RandomKeyGenerator.access$1100(RandomKeyGenerator.java:88)
	at org.apache.hadoop.ozone.freon.RandomKeyGenerator$ObjectCreator.run(RandomKeyGenerator.java:615)
	at java.util.concurrent.Executors$RunnableAdapter.call(Executors.java:511)
	at java.util.concurrent.FutureTask.run(FutureTask.java:266)
	at java.util.concurrent.ThreadPoolExecutor.runWorker(ThreadPoolExecutor.java:1149)
	at java.util.concurrent.ThreadPoolExecutor$Worker.run(ThreadPoolExecutor.java:624)
	at java.lang.Thread.run(Thread.java:748)
</error>
    <system-out><![CDATA[2019-09-25 20:03:19,715 [main] INFO  freon.RandomKeyGenerator (RandomKeyGenerator.java:call(283)) - Number of Threads: 10
2019-09-25 20:03:19,716 [main] INFO  freon.RandomKeyGenerator (RandomKeyGenerator.java:call(288)) - Number of Volumes: 2.
2019-09-25 20:03:19,716 [main] INFO  freon.RandomKeyGenerator (RandomKeyGenerator.java:call(289)) - Number of Buckets per Volume: 5.
2019-09-25 20:03:19,716 [main] INFO  freon.RandomKeyGenerator (RandomKeyGenerator.java:call(290)) - Number of Keys per Bucket: 10.
2019-09-25 20:03:19,716 [main] INFO  freon.RandomKeyGenerator (RandomKeyGenerator.java:call(291)) - Key size: 10240 bytes
2019-09-25 20:03:19,717 [main] INFO  freon.RandomKeyGenerator (RandomKeyGenerator.java:call(292)) - Buffer size: 4096 bytes
2019-09-25 20:03:19,717 [main] INFO  freon.RandomKeyGenerator (RandomKeyGenerator.java:call(293)) - validateWrites : true
2019-09-25 20:03:19,719 [pool-85-thread-2] INFO  rpc.RpcClient (RpcClient.java:createVolume(276)) - Creating Volume: vol-1-55188, with jenkins1000 as owner.
2019-09-25 20:03:19,719 [main] INFO  freon.RandomKeyGenerator (RandomKeyGenerator.java:call(307)) - Data validation is enabled.
2019-09-25 20:03:19,719 [main] INFO  freon.RandomKeyGenerator (RandomKeyGenerator.java:call(313)) - Starting progress bar Thread.

2019-09-25 20:03:19,719 [pool-85-thread-1] INFO  rpc.RpcClient (RpcClient.java:createVolume(276)) - Creating Volume: vol-0-27406, with jenkins1000 as owner.
 0.00% |█                                                                                                    |  0/100 Time: 0:00:002019-09-25 20:03:19,724 [IPC Server handler 16 on 36996] INFO  volume.OMVolumeCreateRequest (OMVolumeCreateRequest.java:validateAndUpdateCache(194)) - created volume:vol-1-55188 for user:jenkins1000
2019-09-25 20:03:19,732 [pool-85-thread-8] INFO  rpc.RpcClient (RpcClient.java:createBucket(415)) - Creating Bucket: vol-1-55188/bucket-2-62945, with Versioning false and Storage Type set to DISK and Encryption set to false 
2019-09-25 20:03:19,734 [IPC Server handler 6 on 36996] INFO  volume.OMVolumeCreateRequest (OMVolumeCreateRequest.java:validateAndUpdateCache(194)) - created volume:vol-0-27406 for user:jenkins1000
2019-09-25 20:03:19,736 [pool-85-thread-1] INFO  rpc.RpcClient (RpcClient.java:createBucket(415)) - Creating Bucket: vol-1-55188/bucket-4-68231, with Versioning false and Storage Type set to DISK and Encryption set to false 
2019-09-25 20:03:19,738 [pool-85-thread-3] INFO  rpc.RpcClient (RpcClient.java:createBucket(415)) - Creating Bucket: vol-0-27406/bucket-0-82638, with Versioning false and Storage Type set to DISK and Encryption set to false 
2019-09-25 20:03:19,738 [pool-85-thread-4] INFO  rpc.RpcClient (RpcClient.java:createBucket(415)) - Creating Bucket: vol-1-55188/bucket-0-96766, with Versioning false and Storage Type set to DISK and Encryption set to false 
2019-09-25 20:03:19,739 [pool-85-thread-5] INFO  rpc.RpcClient (RpcClient.java:createBucket(415)) - Creating Bucket: vol-0-27406/bucket-1-34556, with Versioning false and Storage Type set to DISK and Encryption set to false 
2019-09-25 20:03:19,739 [pool-85-thread-6] INFO  rpc.RpcClient (RpcClient.java:createBucket(415)) - Creating Bucket: vol-1-55188/bucket-1-43313, with Versioning false and Storage Type set to DISK and Encryption set to false 
2019-09-25 20:03:19,744 [pool-85-thread-10] INFO  rpc.RpcClient (RpcClient.java:createBucket(415)) - Creating Bucket: vol-1-55188/bucket-3-14291, with Versioning false and Storage Type set to DISK and Encryption set to false 
2019-09-25 20:03:19,744 [pool-85-thread-7] INFO  rpc.RpcClient (RpcClient.java:createBucket(415)) - Creating Bucket: vol-0-27406/bucket-2-43935, with Versioning false and Storage Type set to DISK and Encryption set to false 
2019-09-25 20:03:19,744 [pool-85-thread-2] INFO  rpc.RpcClient (RpcClient.java:createBucket(415)) - Creating Bucket: vol-0-27406/bucket-4-27980, with Versioning false and Storage Type set to DISK and Encryption set to false 
2019-09-25 20:03:19,744 [pool-85-thread-9] INFO  rpc.RpcClient (RpcClient.java:createBucket(415)) - Creating Bucket: vol-0-27406/bucket-3-52690, with Versioning false and Storage Type set to DISK and Encryption set to false 
 79.00% |████████████████████████████████████████████████████████████████████████████████                     |  79/100 Time: 0:00:01 79.00% |████████████████████████████████████████████████████████████████████████████████                     |  79/100 Time: 0:00:02 79.00% |████████████████████████████████████████████████████████████████████████████████                     |  79/100 Time: 0:00:032019-09-25 20:03:23,431 [java.util.concurrent.ThreadPoolExecutor$Worker@1c7b729e[State = -1, empty queue]] WARN  server.GrpcLogAppender (GrpcLogAppender.java:timeoutAppendRequest(200)) - bb059929-5614-48c6-a58f-6aecf783d9f9@group-0E599E84A094->ecfcfef9-0a1f-4a83-8f60-f1d853e02fb5-GrpcLogAppender: appendEntries Timeout, request=bb059929-5614-48c6-a58f-6aecf783d9f9->ecfcfef9-0a1f-4a83-8f60-f1d853e02fb5#453-t1, previous=(t:1, i:430), leaderCommit=426, initializing? false, entries: size=1, first=(t:1, i:431), STATEMACHINELOGENTRY, client-FA2340A44CEA, cid=345
2019-09-25 20:03:23,431 [java.util.concurrent.ThreadPoolExecutor$Worker@705443a7[State = -1, empty queue]] WARN  server.GrpcLogAppender (GrpcLogAppender.java:timeoutAppendRequest(200)) - bb059929-5614-48c6-a58f-6aecf783d9f9@group-0E599E84A094->19c6032e-47ed-4968-90cc-d60921880313-GrpcLogAppender: appendEntries Timeout, request=bb059929-5614-48c6-a58f-6aecf783d9f9->19c6032e-47ed-4968-90cc-d60921880313#453-t1, previous=(t:1, i:430), leaderCommit=426, initializing? false, entries: size=1, first=(t:1, i:431), STATEMACHINELOGENTRY, client-FA2340A44CEA, cid=345
2019-09-25 20:03:23,432 [java.util.concurrent.ThreadPoolExecutor$Worker@705443a7[State = -1, empty queue]] WARN  server.GrpcLogAppender (GrpcLogAppender.java:timeoutAppendRequest(200)) - bb059929-5614-48c6-a58f-6aecf783d9f9@group-0E599E84A094->19c6032e-47ed-4968-90cc-d60921880313-GrpcLogAppender: appendEntries Timeout, request=bb059929-5614-48c6-a58f-6aecf783d9f9->19c6032e-47ed-4968-90cc-d60921880313#454-t1, previous=(t:1, i:431), leaderCommit=428, initializing? false, entries: size=1, first=(t:1, i:432), STATEMACHINELOGENTRY, client-FA2340A44CEA, cid=346
2019-09-25 20:03:23,432 [java.util.concurrent.ThreadPoolExecutor$Worker@1c7b729e[State = -1, empty queue]] WARN  server.GrpcLogAppender (GrpcLogAppender.java:timeoutAppendRequest(200)) - bb059929-5614-48c6-a58f-6aecf783d9f9@group-0E599E84A094->ecfcfef9-0a1f-4a83-8f60-f1d853e02fb5-GrpcLogAppender: appendEntries Timeout, request=bb059929-5614-48c6-a58f-6aecf783d9f9->ecfcfef9-0a1f-4a83-8f60-f1d853e02fb5#454-t1, previous=(t:1, i:431), leaderCommit=428, initializing? false, entries: size=1, first=(t:1, i:432), STATEMACHINELOGENTRY, client-FA2340A44CEA, cid=346
2019-09-25 20:03:23,435 [java.util.concurrent.ThreadPoolExecutor$Worker@705443a7[State = -1, empty queue]] WARN  server.GrpcLogAppender (GrpcLogAppender.java:timeoutAppendRequest(200)) - bb059929-5614-48c6-a58f-6aecf783d9f9@group-0E599E84A094->19c6032e-47ed-4968-90cc-d60921880313-GrpcLogAppender: appendEntries Timeout, request=bb059929-5614-48c6-a58f-6aecf783d9f9->19c6032e-47ed-4968-90cc-d60921880313#455-t1, previous=(t:1, i:432), leaderCommit=428, initializing? false, entries: size=1, first=(t:1, i:433), STATEMACHINELOGENTRY, client-FA2340A44CEA, cid=347
2019-09-25 20:03:23,438 [java.util.concurrent.ThreadPoolExecutor$Worker@1c7b729e[State = -1, empty queue]] WARN  server.GrpcLogAppender (GrpcLogAppender.java:timeoutAppendRequest(200)) - bb059929-5614-48c6-a58f-6aecf783d9f9@group-0E599E84A094->ecfcfef9-0a1f-4a83-8f60-f1d853e02fb5-GrpcLogAppender: appendEntries Timeout, request=bb059929-5614-48c6-a58f-6aecf783d9f9->ecfcfef9-0a1f-4a83-8f60-f1d853e02fb5#455-t1, previous=(t:1, i:432), leaderCommit=428, initializing? false, entries: size=1, first=(t:1, i:433), STATEMACHINELOGENTRY, client-FA2340A44CEA, cid=347
2019-09-25 20:03:23,440 [java.util.concurrent.ThreadPoolExecutor$Worker@705443a7[State = -1, empty queue]] WARN  server.GrpcLogAppender (GrpcLogAppender.java:timeoutAppendRequest(200)) - bb059929-5614-48c6-a58f-6aecf783d9f9@group-0E599E84A094->19c6032e-47ed-4968-90cc-d60921880313-GrpcLogAppender: appendEntries Timeout, request=bb059929-5614-48c6-a58f-6aecf783d9f9->19c6032e-47ed-4968-90cc-d60921880313#456-t1, previous=(t:1, i:433), leaderCommit=428, initializing? false, entries: size=1, first=(t:1, i:434), STATEMACHINELOGENTRY, client-FA2340A44CEA, cid=348
2019-09-25 20:03:23,442 [java.util.concurrent.ThreadPoolExecutor$Worker@1c7b729e[State = -1, empty queue]] WARN  server.GrpcLogAppender (GrpcLogAppender.java:timeoutAppendRequest(200)) - bb059929-5614-48c6-a58f-6aecf783d9f9@group-0E599E84A094->ecfcfef9-0a1f-4a83-8f60-f1d853e02fb5-GrpcLogAppender: appendEntries Timeout, request=bb059929-5614-48c6-a58f-6aecf783d9f9->ecfcfef9-0a1f-4a83-8f60-f1d853e02fb5#456-t1, previous=(t:1, i:433), leaderCommit=428, initializing? false, entries: size=1, first=(t:1, i:434), STATEMACHINELOGENTRY, client-FA2340A44CEA, cid=348
2019-09-25 20:03:23,444 [java.util.concurrent.ThreadPoolExecutor$Worker@705443a7[State = -1, empty queue]] WARN  server.GrpcLogAppender (GrpcLogAppender.java:timeoutAppendRequest(200)) - bb059929-5614-48c6-a58f-6aecf783d9f9@group-0E599E84A094->19c6032e-47ed-4968-90cc-d60921880313-GrpcLogAppender: appendEntries Timeout, request=bb059929-5614-48c6-a58f-6aecf783d9f9->19c6032e-47ed-4968-90cc-d60921880313#457-t1, previous=(t:1, i:434), leaderCommit=428, initializing? false, entries: size=1, first=(t:1, i:435), STATEMACHINELOGENTRY, client-FA2340A44CEA, cid=349
2019-09-25 20:03:23,446 [java.util.concurrent.ThreadPoolExecutor$Worker@1c7b729e[State = -1, empty queue]] WARN  server.GrpcLogAppender (GrpcLogAppender.java:timeoutAppendRequest(200)) - bb059929-5614-48c6-a58f-6aecf783d9f9@group-0E599E84A094->ecfcfef9-0a1f-4a83-8f60-f1d853e02fb5-GrpcLogAppender: appendEntries Timeout, request=bb059929-5614-48c6-a58f-6aecf783d9f9->ecfcfef9-0a1f-4a83-8f60-f1d853e02fb5#457-t1, previous=(t:1, i:434), leaderCommit=428, initializing? false, entries: size=1, first=(t:1, i:435), STATEMACHINELOGENTRY, client-FA2340A44CEA, cid=349
2019-09-25 20:03:23,448 [java.util.concurrent.ThreadPoolExecutor$Worker@705443a7[State = -1, empty queue]] WARN  server.GrpcLogAppender (GrpcLogAppender.java:timeoutAppendRequest(200)) - bb059929-5614-48c6-a58f-6aecf783d9f9@group-0E599E84A094->19c6032e-47ed-4968-90cc-d60921880313-GrpcLogAppender: appendEntries Timeout, request=bb059929-5614-48c6-a58f-6aecf783d9f9->19c6032e-47ed-4968-90cc-d60921880313#458-t1, previous=(t:1, i:435), leaderCommit=428, initializing? false, entries: size=1, first=(t:1, i:436), STATEMACHINELOGENTRY, client-FA2340A44CEA, cid=350
2019-09-25 20:03:23,455 [java.util.concurrent.ThreadPoolExecutor$Worker@1c7b729e[State = -1, empty queue]] WARN  server.GrpcLogAppender (GrpcLogAppender.java:timeoutAppendRequest(200)) - bb059929-5614-48c6-a58f-6aecf783d9f9@group-0E599E84A094->ecfcfef9-0a1f-4a83-8f60-f1d853e02fb5-GrpcLogAppender: appendEntries Timeout, request=bb059929-5614-48c6-a58f-6aecf783d9f9->ecfcfef9-0a1f-4a83-8f60-f1d853e02fb5#458-t1, previous=(t:1, i:435), leaderCommit=428, initializing? false, entries: size=1, first=(t:1, i:436), STATEMACHINELOGENTRY, client-FA2340A44CEA, cid=350
2019-09-25 20:03:23,456 [java.util.concurrent.ThreadPoolExecutor$Worker@705443a7[State = -1, empty queue]] WARN  server.GrpcLogAppender (GrpcLogAppender.java:timeoutAppendRequest(200)) - bb059929-5614-48c6-a58f-6aecf783d9f9@group-0E599E84A094->19c6032e-47ed-4968-90cc-d60921880313-GrpcLogAppender: appendEntries Timeout, request=bb059929-5614-48c6-a58f-6aecf783d9f9->19c6032e-47ed-4968-90cc-d60921880313#459-t1, previous=(t:1, i:436), leaderCommit=428, initializing? false, entries: size=1, first=(t:1, i:437), STATEMACHINELOGENTRY, client-FA2340A44CEA, cid=351
2019-09-25 20:03:23,459 [java.util.concurrent.ThreadPoolExecutor$Worker@1c7b729e[State = -1, empty queue]] WARN  server.GrpcLogAppender (GrpcLogAppender.java:timeoutAppendRequest(200)) - bb059929-5614-48c6-a58f-6aecf783d9f9@group-0E599E84A094->ecfcfef9-0a1f-4a83-8f60-f1d853e02fb5-GrpcLogAppender: appendEntries Timeout, request=bb059929-5614-48c6-a58f-6aecf783d9f9->ecfcfef9-0a1f-4a83-8f60-f1d853e02fb5#459-t1, previous=(t:1, i:436), leaderCommit=428, initializing? false, entries: size=1, first=(t:1, i:437), STATEMACHINELOGENTRY, client-FA2340A44CEA, cid=351
2019-09-25 20:03:23,460 [java.util.concurrent.ThreadPoolExecutor$Worker@705443a7[State = -1, empty queue]] WARN  server.GrpcLogAppender (GrpcLogAppender.java:timeoutAppendRequest(200)) - bb059929-5614-48c6-a58f-6aecf783d9f9@group-0E599E84A094->19c6032e-47ed-4968-90cc-d60921880313-GrpcLogAppender: appendEntries Timeout, request=bb059929-5614-48c6-a58f-6aecf783d9f9->19c6032e-47ed-4968-90cc-d60921880313#460-t1, previous=(t:1, i:437), leaderCommit=428, initializing? false, entries: size=1, first=(t:1, i:438), STATEMACHINELOGENTRY, client-FA2340A44CEA, cid=352
2019-09-25 20:03:23,461 [java.util.concurrent.ThreadPoolExecutor$Worker@1c7b729e[State = -1, empty queue]] WARN  server.GrpcLogAppender (GrpcLogAppender.java:timeoutAppendRequest(200)) - bb059929-5614-48c6-a58f-6aecf783d9f9@group-0E599E84A094->ecfcfef9-0a1f-4a83-8f60-f1d853e02fb5-GrpcLogAppender: appendEntries Timeout, request=bb059929-5614-48c6-a58f-6aecf783d9f9->ecfcfef9-0a1f-4a83-8f60-f1d853e02fb5#460-t1, previous=(t:1, i:437), leaderCommit=428, initializing? false, entries: size=1, first=(t:1, i:438), STATEMACHINELOGENTRY, client-FA2340A44CEA, cid=352
2019-09-25 20:03:23,464 [java.util.concurrent.ThreadPoolExecutor$Worker@705443a7[State = -1, empty queue]] WARN  server.GrpcLogAppender (GrpcLogAppender.java:timeoutAppendRequest(200)) - bb059929-5614-48c6-a58f-6aecf783d9f9@group-0E599E84A094->19c6032e-47ed-4968-90cc-d60921880313-GrpcLogAppender: appendEntries Timeout, request=bb059929-5614-48c6-a58f-6aecf783d9f9->19c6032e-47ed-4968-90cc-d60921880313#461-t1, previous=(t:1, i:438), leaderCommit=428, initializing? false, entries: size=1, first=(t:1, i:439), STATEMACHINELOGENTRY, client-FA2340A44CEA, cid=353
2019-09-25 20:03:23,466 [java.util.concurrent.ThreadPoolExecutor$Worker@1c7b729e[State = -1, empty queue]] WARN  server.GrpcLogAppender (GrpcLogAppender.java:timeoutAppendRequest(200)) - bb059929-5614-48c6-a58f-6aecf783d9f9@group-0E599E84A094->ecfcfef9-0a1f-4a83-8f60-f1d853e02fb5-GrpcLogAppender: appendEntries Timeout, request=bb059929-5614-48c6-a58f-6aecf783d9f9->ecfcfef9-0a1f-4a83-8f60-f1d853e02fb5#461-t1, previous=(t:1, i:438), leaderCommit=428, initializing? false, entries: size=1, first=(t:1, i:439), STATEMACHINELOGENTRY, client-FA2340A44CEA, cid=353
2019-09-25 20:03:23,470 [java.util.concurrent.ThreadPoolExecutor$Worker@705443a7[State = -1, empty queue]] WARN  server.GrpcLogAppender (GrpcLogAppender.java:timeoutAppendRequest(200)) - bb059929-5614-48c6-a58f-6aecf783d9f9@group-0E599E84A094->19c6032e-47ed-4968-90cc-d60921880313-GrpcLogAppender: appendEntries Timeout, request=bb059929-5614-48c6-a58f-6aecf783d9f9->19c6032e-47ed-4968-90cc-d60921880313#462-t1, previous=(t:1, i:439), leaderCommit=428, initializing? false, entries: size=1, first=(t:1, i:440), STATEMACHINELOGENTRY, client-FA2340A44CEA, cid=354
2019-09-25 20:03:23,472 [java.util.concurrent.ThreadPoolExecutor$Worker@1c7b729e[State = -1, empty queue]] WARN  server.GrpcLogAppender (GrpcLogAppender.java:timeoutAppendRequest(200)) - bb059929-5614-48c6-a58f-6aecf783d9f9@group-0E599E84A094->ecfcfef9-0a1f-4a83-8f60-f1d853e02fb5-GrpcLogAppender: appendEntries Timeout, request=bb059929-5614-48c6-a58f-6aecf783d9f9->ecfcfef9-0a1f-4a83-8f60-f1d853e02fb5#462-t1, previous=(t:1, i:439), leaderCommit=428, initializing? false, entries: size=1, first=(t:1, i:440), STATEMACHINELOGENTRY, client-FA2340A44CEA, cid=354
2019-09-25 20:03:23,474 [java.util.concurrent.ThreadPoolExecutor$Worker@705443a7[State = -1, empty queue]] WARN  server.GrpcLogAppender (GrpcLogAppender.java:timeoutAppendRequest(200)) - bb059929-5614-48c6-a58f-6aecf783d9f9@group-0E599E84A094->19c6032e-47ed-4968-90cc-d60921880313-GrpcLogAppender: appendEntries Timeout, request=bb059929-5614-48c6-a58f-6aecf783d9f9->19c6032e-47ed-4968-90cc-d60921880313#463-t1, previous=(t:1, i:440), leaderCommit=428, initializing? false, entries: size=1, first=(t:1, i:441), STATEMACHINELOGENTRY, client-FA2340A44CEA, cid=355
2019-09-25 20:03:23,476 [java.util.concurrent.ThreadPoolExecutor$Worker@1c7b729e[State = -1, empty queue]] WARN  server.GrpcLogAppender (GrpcLogAppender.java:timeoutAppendRequest(200)) - bb059929-5614-48c6-a58f-6aecf783d9f9@group-0E599E84A094->ecfcfef9-0a1f-4a83-8f60-f1d853e02fb5-GrpcLogAppender: appendEntries Timeout, request=bb059929-5614-48c6-a58f-6aecf783d9f9->ecfcfef9-0a1f-4a83-8f60-f1d853e02fb5#463-t1, previous=(t:1, i:440), leaderCommit=428, initializing? false, entries: size=1, first=(t:1, i:441), STATEMACHINELOGENTRY, client-FA2340A44CEA, cid=355
2019-09-25 20:03:23,478 [java.util.concurrent.ThreadPoolExecutor$Worker@705443a7[State = -1, empty queue]] WARN  server.GrpcLogAppender (GrpcLogAppender.java:timeoutAppendRequest(200)) - bb059929-5614-48c6-a58f-6aecf783d9f9@group-0E599E84A094->19c6032e-47ed-4968-90cc-d60921880313-GrpcLogAppender: appendEntries Timeout, request=bb059929-5614-48c6-a58f-6aecf783d9f9->19c6032e-47ed-4968-90cc-d60921880313#464-t1, previous=(t:1, i:441), leaderCommit=428, initializing? false, entries: size=1, first=(t:1, i:442), STATEMACHINELOGENTRY, client-FA2340A44CEA, cid=356
2019-09-25 20:03:23,480 [java.util.concurrent.ThreadPoolExecutor$Worker@1c7b729e[State = -1, empty queue]] WARN  server.GrpcLogAppender (GrpcLogAppender.java:timeoutAppendRequest(200)) - bb059929-5614-48c6-a58f-6aecf783d9f9@group-0E599E84A094->ecfcfef9-0a1f-4a83-8f60-f1d853e02fb5-GrpcLogAppender: appendEntries Timeout, request=bb059929-5614-48c6-a58f-6aecf783d9f9->ecfcfef9-0a1f-4a83-8f60-f1d853e02fb5#464-t1, previous=(t:1, i:441), leaderCommit=428, initializing? false, entries: size=1, first=(t:1, i:442), STATEMACHINELOGENTRY, client-FA2340A44CEA, cid=356
2019-09-25 20:03:23,481 [java.util.concurrent.ThreadPoolExecutor$Worker@705443a7[State = -1, empty queue]] WARN  server.GrpcLogAppender (GrpcLogAppender.java:timeoutAppendRequest(200)) - bb059929-5614-48c6-a58f-6aecf783d9f9@group-0E599E84A094->19c6032e-47ed-4968-90cc-d60921880313-GrpcLogAppender: appendEntries Timeout, request=bb059929-5614-48c6-a58f-6aecf783d9f9->19c6032e-47ed-4968-90cc-d60921880313#465-t1, previous=(t:1, i:442), leaderCommit=428, initializing? false, entries: size=1, first=(t:1, i:443), STATEMACHINELOGENTRY, client-FA2340A44CEA, cid=357
2019-09-25 20:03:23,483 [java.util.concurrent.ThreadPoolExecutor$Worker@1c7b729e[State = -1, empty queue]] WARN  server.GrpcLogAppender (GrpcLogAppender.java:timeoutAppendRequest(200)) - bb059929-5614-48c6-a58f-6aecf783d9f9@group-0E599E84A094->ecfcfef9-0a1f-4a83-8f60-f1d853e02fb5-GrpcLogAppender: appendEntries Timeout, request=bb059929-5614-48c6-a58f-6aecf783d9f9->ecfcfef9-0a1f-4a83-8f60-f1d853e02fb5#465-t1, previous=(t:1, i:442), leaderCommit=428, initializing? false, entries: size=1, first=(t:1, i:443), STATEMACHINELOGENTRY, client-FA2340A44CEA, cid=357
2019-09-25 20:03:23,485 [java.util.concurrent.ThreadPoolExecutor$Worker@705443a7[State = -1, empty queue]] WARN  server.GrpcLogAppender (GrpcLogAppender.java:timeoutAppendRequest(200)) - bb059929-5614-48c6-a58f-6aecf783d9f9@group-0E599E84A094->19c6032e-47ed-4968-90cc-d60921880313-GrpcLogAppender: appendEntries Timeout, request=bb059929-5614-48c6-a58f-6aecf783d9f9->19c6032e-47ed-4968-90cc-d60921880313#466-t1, previous=(t:1, i:443), leaderCommit=428, initializing? false, entries: size=1, first=(t:1, i:444), STATEMACHINELOGENTRY, client-FA2340A44CEA, cid=358
2019-09-25 20:03:23,487 [java.util.concurrent.ThreadPoolExecutor$Worker@1c7b729e[State = -1, empty queue]] WARN  server.GrpcLogAppender (GrpcLogAppender.java:timeoutAppendRequest(200)) - bb059929-5614-48c6-a58f-6aecf783d9f9@group-0E599E84A094->ecfcfef9-0a1f-4a83-8f60-f1d853e02fb5-GrpcLogAppender: appendEntries Timeout, request=bb059929-5614-48c6-a58f-6aecf783d9f9->ecfcfef9-0a1f-4a83-8f60-f1d853e02fb5#466-t1, previous=(t:1, i:443), leaderCommit=428, initializing? false, entries: size=1, first=(t:1, i:444), STATEMACHINELOGENTRY, client-FA2340A44CEA, cid=358
2019-09-25 20:03:23,489 [java.util.concurrent.ThreadPoolExecutor$Worker@705443a7[State = -1, empty queue]] WARN  server.GrpcLogAppender (GrpcLogAppender.java:timeoutAppendRequest(200)) - bb059929-5614-48c6-a58f-6aecf783d9f9@group-0E599E84A094->19c6032e-47ed-4968-90cc-d60921880313-GrpcLogAppender: appendEntries Timeout, request=bb059929-5614-48c6-a58f-6aecf783d9f9->19c6032e-47ed-4968-90cc-d60921880313#467-t1, previous=(t:1, i:444), leaderCommit=428, initializing? false, entries: size=1, first=(t:1, i:445), STATEMACHINELOGENTRY, client-FA2340A44CEA, cid=359
2019-09-25 20:03:23,490 [java.util.concurrent.ThreadPoolExecutor$Worker@1c7b729e[State = -1, empty queue]] WARN  server.GrpcLogAppender (GrpcLogAppender.java:timeoutAppendRequest(200)) - bb059929-5614-48c6-a58f-6aecf783d9f9@group-0E599E84A094->ecfcfef9-0a1f-4a83-8f60-f1d853e02fb5-GrpcLogAppender: appendEntries Timeout, request=bb059929-5614-48c6-a58f-6aecf783d9f9->ecfcfef9-0a1f-4a83-8f60-f1d853e02fb5#467-t1, previous=(t:1, i:444), leaderCommit=428, initializing? false, entries: size=1, first=(t:1, i:445), STATEMACHINELOGENTRY, client-FA2340A44CEA, cid=359
2019-09-25 20:03:23,492 [java.util.concurrent.ThreadPoolExecutor$Worker@705443a7[State = -1, empty queue]] WARN  server.GrpcLogAppender (GrpcLogAppender.java:timeoutAppendRequest(200)) - bb059929-5614-48c6-a58f-6aecf783d9f9@group-0E599E84A094->19c6032e-47ed-4968-90cc-d60921880313-GrpcLogAppender: appendEntries Timeout, request=bb059929-5614-48c6-a58f-6aecf783d9f9->19c6032e-47ed-4968-90cc-d60921880313#468-t1, previous=(t:1, i:445), leaderCommit=428, initializing? false, entries: size=1, first=(t:1, i:446), STATEMACHINELOGENTRY, client-FA2340A44CEA, cid=360
2019-09-25 20:03:23,497 [java.util.concurrent.ThreadPoolExecutor$Worker@1c7b729e[State = -1, empty queue]] WARN  server.GrpcLogAppender (GrpcLogAppender.java:timeoutAppendRequest(200)) - bb059929-5614-48c6-a58f-6aecf783d9f9@group-0E599E84A094->ecfcfef9-0a1f-4a83-8f60-f1d853e02fb5-GrpcLogAppender: appendEntries Timeout, request=bb059929-5614-48c6-a58f-6aecf783d9f9->ecfcfef9-0a1f-4a83-8f60-f1d853e02fb5#468-t1, previous=(t:1, i:445), leaderCommit=428, initializing? false, entries: size=1, first=(t:1, i:446), STATEMACHINELOGENTRY, client-FA2340A44CEA, cid=360
2019-09-25 20:03:23,497 [java.util.concurrent.ThreadPoolExecutor$Worker@705443a7[State = -1, empty queue]] WARN  server.GrpcLogAppender (GrpcLogAppender.java:timeoutAppendRequest(200)) - bb059929-5614-48c6-a58f-6aecf783d9f9@group-0E599E84A094->19c6032e-47ed-4968-90cc-d60921880313-GrpcLogAppender: appendEntries Timeout, request=bb059929-5614-48c6-a58f-6aecf783d9f9->19c6032e-47ed-4968-90cc-d60921880313#469-t1, previous=(t:1, i:446), leaderCommit=428, initializing? false, entries: size=1, first=(t:1, i:447), STATEMACHINELOGENTRY, client-FA2340A44CEA, cid=361
2019-09-25 20:03:23,498 [java.util.concurrent.ThreadPoolExecutor$Worker@1c7b729e[State = -1, empty queue]] WARN  server.GrpcLogAppender (GrpcLogAppender.java:timeoutAppendRequest(200)) - bb059929-5614-48c6-a58f-6aecf783d9f9@group-0E599E84A094->ecfcfef9-0a1f-4a83-8f60-f1d853e02fb5-GrpcLogAppender: appendEntries Timeout, request=bb059929-5614-48c6-a58f-6aecf783d9f9->ecfcfef9-0a1f-4a83-8f60-f1d853e02fb5#469-t1, previous=(t:1, i:446), leaderCommit=428, initializing? false, entries: size=1, first=(t:1, i:447), STATEMACHINELOGENTRY, client-FA2340A44CEA, cid=361
2019-09-25 20:03:23,498 [java.util.concurrent.ThreadPoolExecutor$Worker@705443a7[State = -1, empty queue]] WARN  server.GrpcLogAppender (GrpcLogAppender.java:timeoutAppendRequest(200)) - bb059929-5614-48c6-a58f-6aecf783d9f9@group-0E599E84A094->19c6032e-47ed-4968-90cc-d60921880313-GrpcLogAppender: appendEntries Timeout, request=bb059929-5614-48c6-a58f-6aecf783d9f9->19c6032e-47ed-4968-90cc-d60921880313#470-t1, previous=(t:1, i:447), leaderCommit=428, initializing? false, entries: size=1, first=(t:1, i:448), STATEMACHINELOGENTRY, client-FA2340A44CEA, cid=362
2019-09-25 20:03:23,498 [java.util.concurrent.ThreadPoolExecutor$Worker@1c7b729e[State = -1, empty queue]] WARN  server.GrpcLogAppender (GrpcLogAppender.java:timeoutAppendRequest(200)) - bb059929-5614-48c6-a58f-6aecf783d9f9@group-0E599E84A094->ecfcfef9-0a1f-4a83-8f60-f1d853e02fb5-GrpcLogAppender: appendEntries Timeout, request=bb059929-5614-48c6-a58f-6aecf783d9f9->ecfcfef9-0a1f-4a83-8f60-f1d853e02fb5#470-t1, previous=(t:1, i:447), leaderCommit=428, initializing? false, entries: size=1, first=(t:1, i:448), STATEMACHINELOGENTRY, client-FA2340A44CEA, cid=362
2019-09-25 20:03:23,498 [java.util.concurrent.ThreadPoolExecutor$Worker@705443a7[State = -1, empty queue]] WARN  server.GrpcLogAppender (GrpcLogAppender.java:timeoutAppendRequest(200)) - bb059929-5614-48c6-a58f-6aecf783d9f9@group-0E599E84A094->19c6032e-47ed-4968-90cc-d60921880313-GrpcLogAppender: appendEntries Timeout, request=bb059929-5614-48c6-a58f-6aecf783d9f9->19c6032e-47ed-4968-90cc-d60921880313#471-t1, previous=(t:1, i:448), leaderCommit=429, initializing? false, entries: size=1, first=(t:1, i:449), METADATAENTRY(c429)
2019-09-25 20:03:23,498 [java.util.concurrent.ThreadPoolExecutor$Worker@1c7b729e[State = -1, empty queue]] WARN  server.GrpcLogAppender (GrpcLogAppender.java:timeoutAppendRequest(200)) - bb059929-5614-48c6-a58f-6aecf783d9f9@group-0E599E84A094->ecfcfef9-0a1f-4a83-8f60-f1d853e02fb5-GrpcLogAppender: appendEntries Timeout, request=bb059929-5614-48c6-a58f-6aecf783d9f9->ecfcfef9-0a1f-4a83-8f60-f1d853e02fb5#471-t1, previous=(t:1, i:448), leaderCommit=430, initializing? false, entries: size=1, first=(t:1, i:449), METADATAENTRY(c429)
2019-09-25 20:03:23,499 [java.util.concurrent.ThreadPoolExecutor$Worker@705443a7[State = -1, empty queue]] WARN  server.GrpcLogAppender (GrpcLogAppender.java:timeoutAppendRequest(200)) - bb059929-5614-48c6-a58f-6aecf783d9f9@group-0E599E84A094->19c6032e-47ed-4968-90cc-d60921880313-GrpcLogAppender: appendEntries Timeout, request=bb059929-5614-48c6-a58f-6aecf783d9f9->19c6032e-47ed-4968-90cc-d60921880313#472-t1, previous=(t:1, i:449), leaderCommit=430, initializing? false, entries: size=1, first=(t:1, i:450), METADATAENTRY(c430)
2019-09-25 20:03:23,499 [java.util.concurrent.ThreadPoolExecutor$Worker@1c7b729e[State = -1, empty queue]] WARN  server.GrpcLogAppender (GrpcLogAppender.java:timeoutAppendRequest(200)) - bb059929-5614-48c6-a58f-6aecf783d9f9@group-0E599E84A094->ecfcfef9-0a1f-4a83-8f60-f1d853e02fb5-GrpcLogAppender: appendEntries Timeout, request=bb059929-5614-48c6-a58f-6aecf783d9f9->ecfcfef9-0a1f-4a83-8f60-f1d853e02fb5#472-t1, previous=(t:1, i:449), leaderCommit=430, initializing? false, entries: size=1, first=(t:1, i:450), METADATAENTRY(c430)
 79.00% |████████████████████████████████████████████████████████████████████████████████                     |  79/100 Time: 0:00:042019-09-25 20:03:24,456 [grpc-default-executor-6] WARN  client.GrpcClientProtocolService (LogUtils.java:warn(134)) - 21-UnorderedRequestStreamObserver21: onError: org.apache.ratis.thirdparty.io.grpc.StatusRuntimeException: CANCELLED: cancelled before receiving half close
2019-09-25 20:03:24,515 [Thread-1700] INFO  client.GrpcClientProtocolService (GrpcClientProtocolService.java:lambda$processClientRequest$0(278)) - Failed RaftClientRequest:client-FA2340A44CEA->ecfcfef9-0a1f-4a83-8f60-f1d853e02fb5@group-0E599E84A094, cid=363, seq=0, Watch-ALL_COMMITTED(430), Message:<EMPTY>, reply=RaftClientReply:client-FA2340A44CEA->ecfcfef9-0a1f-4a83-8f60-f1d853e02fb5@group-0E599E84A094, cid=363, FAILED org.apache.ratis.protocol.NotLeaderException: Server ecfcfef9-0a1f-4a83-8f60-f1d853e02fb5@group-0E599E84A094 is not the leader bb059929-5614-48c6-a58f-6aecf783d9f9:192.168.164.231:45102, logIndex=0, commits[ecfcfef9-0a1f-4a83-8f60-f1d853e02fb5:c430, 19c6032e-47ed-4968-90cc-d60921880313:c422, bb059929-5614-48c6-a58f-6aecf783d9f9:c430]
 79.00% |████████████████████████████████████████████████████████████████████████████████                     |  79/100 Time: 0:00:052019-09-25 20:03:25,446 [pool-85-thread-6] WARN  scm.XceiverClientRatis (XceiverClientRatis.java:watchForCommit(292)) - 3 way commit failed on pipeline Pipeline[ Id: 4ee2654d-da8b-4b6c-81f4-0e599e84a094, Nodes: 19c6032e-47ed-4968-90cc-d60921880313{ip: 192.168.164.231, host: pr-hdds-2174-f48n4-3529231201, networkLocation: /default-rack, certSerialId: null}ecfcfef9-0a1f-4a83-8f60-f1d853e02fb5{ip: 192.168.164.231, host: pr-hdds-2174-f48n4-3529231201, networkLocation: /default-rack, certSerialId: null}bb059929-5614-48c6-a58f-6aecf783d9f9{ip: 192.168.164.231, host: pr-hdds-2174-f48n4-3529231201, networkLocation: /default-rack, certSerialId: null}, Type:RATIS, Factor:THREE, State:OPEN]
java.util.concurrent.TimeoutException
	at java.util.concurrent.CompletableFuture.timedGet(CompletableFuture.java:1771)
	at java.util.concurrent.CompletableFuture.get(CompletableFuture.java:1915)
	at org.apache.hadoop.hdds.scm.XceiverClientRatis.watchForCommit(XceiverClientRatis.java:289)
	at org.apache.hadoop.hdds.scm.storage.CommitWatcher.watchForCommit(CommitWatcher.java:194)
	at org.apache.hadoop.hdds.scm.storage.CommitWatcher.watchOnLastIndex(CommitWatcher.java:157)
	at org.apache.hadoop.hdds.scm.storage.BlockOutputStream.watchForCommit(BlockOutputStream.java:347)
	at org.apache.hadoop.hdds.scm.storage.BlockOutputStream.handleFlush(BlockOutputStream.java:479)
	at org.apache.hadoop.hdds.scm.storage.BlockOutputStream.close(BlockOutputStream.java:493)
	at org.apache.hadoop.ozone.client.io.BlockOutputStreamEntry.close(BlockOutputStreamEntry.java:143)
	at org.apache.hadoop.ozone.client.io.KeyOutputStream.handleFlushOrClose(KeyOutputStream.java:435)
	at org.apache.hadoop.ozone.client.io.KeyOutputStream.close(KeyOutputStream.java:473)
	at org.apache.hadoop.ozone.client.io.OzoneOutputStream.close(OzoneOutputStream.java:60)
	at org.apache.hadoop.ozone.freon.RandomKeyGenerator.createKey(RandomKeyGenerator.java:710)
	at org.apache.hadoop.ozone.freon.RandomKeyGenerator.access$1100(RandomKeyGenerator.java:88)
	at org.apache.hadoop.ozone.freon.RandomKeyGenerator$ObjectCreator.run(RandomKeyGenerator.java:615)
	at java.util.concurrent.Executors$RunnableAdapter.call(Executors.java:511)
	at java.util.concurrent.FutureTask.run(FutureTask.java:266)
	at java.util.concurrent.ThreadPoolExecutor.runWorker(ThreadPoolExecutor.java:1149)
	at java.util.concurrent.ThreadPoolExecutor$Worker.run(ThreadPoolExecutor.java:624)
	at java.lang.Thread.run(Thread.java:748)
2019-09-25 20:03:25,586 [grpc-default-executor-6] WARN  server.GrpcLogAppender (GrpcLogAppender.java:onNextImpl(251)) - bb059929-5614-48c6-a58f-6aecf783d9f9@group-0E599E84A094->ecfcfef9-0a1f-4a83-8f60-f1d853e02fb5-AppendLogResponseHandler: Request not found, ignoring reply: bb059929-5614-48c6-a58f-6aecf783d9f9<-ecfcfef9-0a1f-4a83-8f60-f1d853e02fb5#453:OK,SUCCESS,nextIndex:432,term:1,followerCommit:430
2019-09-25 20:03:25,586 [grpc-default-executor-3] WARN  server.GrpcLogAppender (GrpcLogAppender.java:onNextImpl(251)) - bb059929-5614-48c6-a58f-6aecf783d9f9@group-0E599E84A094->19c6032e-47ed-4968-90cc-d60921880313-AppendLogResponseHandler: Request not found, ignoring reply: bb059929-5614-48c6-a58f-6aecf783d9f9<-19c6032e-47ed-4968-90cc-d60921880313#453:OK,SUCCESS,nextIndex:432,term:1,followerCommit:430
2019-09-25 20:03:25,587 [grpc-default-executor-6] WARN  server.GrpcLogAppender (GrpcLogAppender.java:onNextImpl(251)) - bb059929-5614-48c6-a58f-6aecf783d9f9@group-0E599E84A094->ecfcfef9-0a1f-4a83-8f60-f1d853e02fb5-AppendLogResponseHandler: Request not found, ignoring reply: bb059929-5614-48c6-a58f-6aecf783d9f9<-ecfcfef9-0a1f-4a83-8f60-f1d853e02fb5#454:OK,SUCCESS,nextIndex:433,term:1,followerCommit:430
2019-09-25 20:03:25,587 [grpc-default-executor-3] WARN  server.GrpcLogAppender (GrpcLogAppender.java:onNextImpl(251)) - bb059929-5614-48c6-a58f-6aecf783d9f9@group-0E599E84A094->19c6032e-47ed-4968-90cc-d60921880313-AppendLogResponseHandler: Request not found, ignoring reply: bb059929-5614-48c6-a58f-6aecf783d9f9<-19c6032e-47ed-4968-90cc-d60921880313#454:OK,SUCCESS,nextIndex:433,term:1,followerCommit:430
2019-09-25 20:03:25,587 [grpc-default-executor-6] WARN  server.GrpcLogAppender (GrpcLogAppender.java:onNextImpl(251)) - bb059929-5614-48c6-a58f-6aecf783d9f9@group-0E599E84A094->ecfcfef9-0a1f-4a83-8f60-f1d853e02fb5-AppendLogResponseHandler: Request not found, ignoring reply: bb059929-5614-48c6-a58f-6aecf783d9f9<-ecfcfef9-0a1f-4a83-8f60-f1d853e02fb5#455:OK,SUCCESS,nextIndex:434,term:1,followerCommit:430
2019-09-25 20:03:25,587 [grpc-default-executor-3] WARN  server.GrpcLogAppender (GrpcLogAppender.java:onNextImpl(251)) - bb059929-5614-48c6-a58f-6aecf783d9f9@group-0E599E84A094->19c6032e-47ed-4968-90cc-d60921880313-AppendLogResponseHandler: Request not found, ignoring reply: bb059929-5614-48c6-a58f-6aecf783d9f9<-19c6032e-47ed-4968-90cc-d60921880313#455:OK,SUCCESS,nextIndex:434,term:1,followerCommit:430
2019-09-25 20:03:25,588 [grpc-default-executor-6] WARN  server.GrpcLogAppender (GrpcLogAppender.java:onNextImpl(251)) - bb059929-5614-48c6-a58f-6aecf783d9f9@group-0E599E84A094->ecfcfef9-0a1f-4a83-8f60-f1d853e02fb5-AppendLogResponseHandler: Request not found, ignoring reply: bb059929-5614-48c6-a58f-6aecf783d9f9<-ecfcfef9-0a1f-4a83-8f60-f1d853e02fb5#456:OK,SUCCESS,nextIndex:435,term:1,followerCommit:430
2019-09-25 20:03:25,588 [grpc-default-executor-3] WARN  server.GrpcLogAppender (GrpcLogAppender.java:onNextImpl(251)) - bb059929-5614-48c6-a58f-6aecf783d9f9@group-0E599E84A094->19c6032e-47ed-4968-90cc-d60921880313-AppendLogResponseHandler: Request not found, ignoring reply: bb059929-5614-48c6-a58f-6aecf783d9f9<-19c6032e-47ed-4968-90cc-d60921880313#456:OK,SUCCESS,nextIndex:435,term:1,followerCommit:430
2019-09-25 20:03:25,588 [grpc-default-executor-6] WARN  server.GrpcLogAppender (GrpcLogAppender.java:onNextImpl(251)) - bb059929-5614-48c6-a58f-6aecf783d9f9@group-0E599E84A094->ecfcfef9-0a1f-4a83-8f60-f1d853e02fb5-AppendLogResponseHandler: Request not found, ignoring reply: bb059929-5614-48c6-a58f-6aecf783d9f9<-ecfcfef9-0a1f-4a83-8f60-f1d853e02fb5#457:OK,SUCCESS,nextIndex:436,term:1,followerCommit:430
2019-09-25 20:03:25,589 [grpc-default-executor-3] WARN  server.GrpcLogAppender (GrpcLogAppender.java:onNextImpl(251)) - bb059929-5614-48c6-a58f-6aecf783d9f9@group-0E599E84A094->19c6032e-47ed-4968-90cc-d60921880313-AppendLogResponseHandler: Request not found, ignoring reply: bb059929-5614-48c6-a58f-6aecf783d9f9<-19c6032e-47ed-4968-90cc-d60921880313#457:OK,SUCCESS,nextIndex:436,term:1,followerCommit:430
2019-09-25 20:03:25,589 [grpc-default-executor-6] WARN  server.GrpcLogAppender (GrpcLogAppender.java:onNextImpl(251)) - bb059929-5614-48c6-a58f-6aecf783d9f9@group-0E599E84A094->ecfcfef9-0a1f-4a83-8f60-f1d853e02fb5-AppendLogResponseHandler: Request not found, ignoring reply: bb059929-5614-48c6-a58f-6aecf783d9f9<-ecfcfef9-0a1f-4a83-8f60-f1d853e02fb5#458:OK,SUCCESS,nextIndex:437,term:1,followerCommit:430
2019-09-25 20:03:25,589 [grpc-default-executor-3] WARN  server.GrpcLogAppender (GrpcLogAppender.java:onNextImpl(251)) - bb059929-5614-48c6-a58f-6aecf783d9f9@group-0E599E84A094->19c6032e-47ed-4968-90cc-d60921880313-AppendLogResponseHandler: Request not found, ignoring reply: bb059929-5614-48c6-a58f-6aecf783d9f9<-19c6032e-47ed-4968-90cc-d60921880313#458:OK,SUCCESS,nextIndex:437,term:1,followerCommit:430
2019-09-25 20:03:25,590 [grpc-default-executor-6] WARN  server.GrpcLogAppender (GrpcLogAppender.java:onNextImpl(251)) - bb059929-5614-48c6-a58f-6aecf783d9f9@group-0E599E84A094->ecfcfef9-0a1f-4a83-8f60-f1d853e02fb5-AppendLogResponseHandler: Request not found, ignoring reply: bb059929-5614-48c6-a58f-6aecf783d9f9<-ecfcfef9-0a1f-4a83-8f60-f1d853e02fb5#459:OK,SUCCESS,nextIndex:438,term:1,followerCommit:430
2019-09-25 20:03:25,590 [grpc-default-executor-3] WARN  server.GrpcLogAppender (GrpcLogAppender.java:onNextImpl(251)) - bb059929-5614-48c6-a58f-6aecf783d9f9@group-0E599E84A094->19c6032e-47ed-4968-90cc-d60921880313-AppendLogResponseHandler: Request not found, ignoring reply: bb059929-5614-48c6-a58f-6aecf783d9f9<-19c6032e-47ed-4968-90cc-d60921880313#459:OK,SUCCESS,nextIndex:438,term:1,followerCommit:430
2019-09-25 20:03:25,590 [grpc-default-executor-6] WARN  server.GrpcLogAppender (GrpcLogAppender.java:onNextImpl(251)) - bb059929-5614-48c6-a58f-6aecf783d9f9@group-0E599E84A094->ecfcfef9-0a1f-4a83-8f60-f1d853e02fb5-AppendLogResponseHandler: Request not found, ignoring reply: bb059929-5614-48c6-a58f-6aecf783d9f9<-ecfcfef9-0a1f-4a83-8f60-f1d853e02fb5#460:OK,SUCCESS,nextIndex:439,term:1,followerCommit:430
2019-09-25 20:03:25,590 [grpc-default-executor-3] WARN  server.GrpcLogAppender (GrpcLogAppender.java:onNextImpl(251)) - bb059929-5614-48c6-a58f-6aecf783d9f9@group-0E599E84A094->19c6032e-47ed-4968-90cc-d60921880313-AppendLogResponseHandler: Request not found, ignoring reply: bb059929-5614-48c6-a58f-6aecf783d9f9<-19c6032e-47ed-4968-90cc-d60921880313#460:OK,SUCCESS,nextIndex:439,term:1,followerCommit:430
2019-09-25 20:03:25,590 [grpc-default-executor-6] WARN  server.GrpcLogAppender (GrpcLogAppender.java:onNextImpl(251)) - bb059929-5614-48c6-a58f-6aecf783d9f9@group-0E599E84A094->ecfcfef9-0a1f-4a83-8f60-f1d853e02fb5-AppendLogResponseHandler: Request not found, ignoring reply: bb059929-5614-48c6-a58f-6aecf783d9f9<-ecfcfef9-0a1f-4a83-8f60-f1d853e02fb5#461:OK,SUCCESS,nextIndex:440,term:1,followerCommit:430
2019-09-25 20:03:25,591 [grpc-default-executor-3] WARN  server.GrpcLogAppender (GrpcLogAppender.java:onNextImpl(251)) - bb059929-5614-48c6-a58f-6aecf783d9f9@group-0E599E84A094->19c6032e-47ed-4968-90cc-d60921880313-AppendLogResponseHandler: Request not found, ignoring reply: bb059929-5614-48c6-a58f-6aecf783d9f9<-19c6032e-47ed-4968-90cc-d60921880313#461:OK,SUCCESS,nextIndex:440,term:1,followerCommit:430
2019-09-25 20:03:25,591 [grpc-default-executor-6] WARN  server.GrpcLogAppender (GrpcLogAppender.java:onNextImpl(251)) - bb059929-5614-48c6-a58f-6aecf783d9f9@group-0E599E84A094->ecfcfef9-0a1f-4a83-8f60-f1d853e02fb5-AppendLogResponseHandler: Request not found, ignoring reply: bb059929-5614-48c6-a58f-6aecf783d9f9<-ecfcfef9-0a1f-4a83-8f60-f1d853e02fb5#462:OK,SUCCESS,nextIndex:441,term:1,followerCommit:430
2019-09-25 20:03:25,591 [grpc-default-executor-3] WARN  server.GrpcLogAppender (GrpcLogAppender.java:onNextImpl(251)) - bb059929-5614-48c6-a58f-6aecf783d9f9@group-0E599E84A094->19c6032e-47ed-4968-90cc-d60921880313-AppendLogResponseHandler: Request not found, ignoring reply: bb059929-5614-48c6-a58f-6aecf783d9f9<-19c6032e-47ed-4968-90cc-d60921880313#462:OK,SUCCESS,nextIndex:441,term:1,followerCommit:430
2019-09-25 20:03:25,591 [grpc-default-executor-6] WARN  server.GrpcLogAppender (GrpcLogAppender.java:onNextImpl(251)) - bb059929-5614-48c6-a58f-6aecf783d9f9@group-0E599E84A094->ecfcfef9-0a1f-4a83-8f60-f1d853e02fb5-AppendLogResponseHandler: Request not found, ignoring reply: bb059929-5614-48c6-a58f-6aecf783d9f9<-ecfcfef9-0a1f-4a83-8f60-f1d853e02fb5#463:OK,SUCCESS,nextIndex:442,term:1,followerCommit:430
2019-09-25 20:03:25,592 [grpc-default-executor-3] WARN  server.GrpcLogAppender (GrpcLogAppender.java:onNextImpl(251)) - bb059929-5614-48c6-a58f-6aecf783d9f9@group-0E599E84A094->19c6032e-47ed-4968-90cc-d60921880313-AppendLogResponseHandler: Request not found, ignoring reply: bb059929-5614-48c6-a58f-6aecf783d9f9<-19c6032e-47ed-4968-90cc-d60921880313#463:OK,SUCCESS,nextIndex:442,term:1,followerCommit:430
2019-09-25 20:03:25,592 [grpc-default-executor-6] WARN  server.GrpcLogAppender (GrpcLogAppender.java:onNextImpl(251)) - bb059929-5614-48c6-a58f-6aecf783d9f9@group-0E599E84A094->ecfcfef9-0a1f-4a83-8f60-f1d853e02fb5-AppendLogResponseHandler: Request not found, ignoring reply: bb059929-5614-48c6-a58f-6aecf783d9f9<-ecfcfef9-0a1f-4a83-8f60-f1d853e02fb5#464:OK,SUCCESS,nextIndex:443,term:1,followerCommit:430
2019-09-25 20:03:25,592 [grpc-default-executor-3] WARN  server.GrpcLogAppender (GrpcLogAppender.java:onNextImpl(251)) - bb059929-5614-48c6-a58f-6aecf783d9f9@group-0E599E84A094->19c6032e-47ed-4968-90cc-d60921880313-AppendLogResponseHandler: Request not found, ignoring reply: bb059929-5614-48c6-a58f-6aecf783d9f9<-19c6032e-47ed-4968-90cc-d60921880313#464:OK,SUCCESS,nextIndex:443,term:1,followerCommit:430
2019-09-25 20:03:25,592 [grpc-default-executor-6] WARN  server.GrpcLogAppender (GrpcLogAppender.java:onNextImpl(251)) - bb059929-5614-48c6-a58f-6aecf783d9f9@group-0E599E84A094->ecfcfef9-0a1f-4a83-8f60-f1d853e02fb5-AppendLogResponseHandler: Request not found, ignoring reply: bb059929-5614-48c6-a58f-6aecf783d9f9<-ecfcfef9-0a1f-4a83-8f60-f1d853e02fb5#465:OK,SUCCESS,nextIndex:444,term:1,followerCommit:430
2019-09-25 20:03:25,592 [grpc-default-executor-3] WARN  server.GrpcLogAppender (GrpcLogAppender.java:onNextImpl(251)) - bb059929-5614-48c6-a58f-6aecf783d9f9@group-0E599E84A094->19c6032e-47ed-4968-90cc-d60921880313-AppendLogResponseHandler: Request not found, ignoring reply: bb059929-5614-48c6-a58f-6aecf783d9f9<-19c6032e-47ed-4968-90cc-d60921880313#465:OK,SUCCESS,nextIndex:444,term:1,followerCommit:430
2019-09-25 20:03:25,593 [grpc-default-executor-6] WARN  server.GrpcLogAppender (GrpcLogAppender.java:onNextImpl(251)) - bb059929-5614-48c6-a58f-6aecf783d9f9@group-0E599E84A094->ecfcfef9-0a1f-4a83-8f60-f1d853e02fb5-AppendLogResponseHandler: Request not found, ignoring reply: bb059929-5614-48c6-a58f-6aecf783d9f9<-ecfcfef9-0a1f-4a83-8f60-f1d853e02fb5#466:OK,SUCCESS,nextIndex:445,term:1,followerCommit:430
2019-09-25 20:03:25,593 [grpc-default-executor-3] WARN  server.GrpcLogAppender (GrpcLogAppender.java:onNextImpl(251)) - bb059929-5614-48c6-a58f-6aecf783d9f9@group-0E599E84A094->19c6032e-47ed-4968-90cc-d60921880313-AppendLogResponseHandler: Request not found, ignoring reply: bb059929-5614-48c6-a58f-6aecf783d9f9<-19c6032e-47ed-4968-90cc-d60921880313#466:OK,SUCCESS,nextIndex:445,term:1,followerCommit:430
2019-09-25 20:03:25,593 [grpc-default-executor-6] WARN  server.GrpcLogAppender (GrpcLogAppender.java:onNextImpl(251)) - bb059929-5614-48c6-a58f-6aecf783d9f9@group-0E599E84A094->ecfcfef9-0a1f-4a83-8f60-f1d853e02fb5-AppendLogResponseHandler: Request not found, ignoring reply: bb059929-5614-48c6-a58f-6aecf783d9f9<-ecfcfef9-0a1f-4a83-8f60-f1d853e02fb5#467:OK,SUCCESS,nextIndex:446,term:1,followerCommit:430
2019-09-25 20:03:25,593 [grpc-default-executor-3] WARN  server.GrpcLogAppender (GrpcLogAppender.java:onNextImpl(251)) - bb059929-5614-48c6-a58f-6aecf783d9f9@group-0E599E84A094->19c6032e-47ed-4968-90cc-d60921880313-AppendLogResponseHandler: Request not found, ignoring reply: bb059929-5614-48c6-a58f-6aecf783d9f9<-19c6032e-47ed-4968-90cc-d60921880313#467:OK,SUCCESS,nextIndex:446,term:1,followerCommit:430
 79.00% |████████████████████████████████████████████████████████████████████████████████                     |  79/100 Time: 0:00:062019-09-25 20:03:25,944 [java.util.concurrent.ThreadPoolExecutor$Worker@705443a7[State = -1, empty queue]] WARN  server.GrpcLogAppender (GrpcLogAppender.java:timeoutAppendRequest(200)) - bb059929-5614-48c6-a58f-6aecf783d9f9@group-0E599E84A094->19c6032e-47ed-4968-90cc-d60921880313-GrpcLogAppender: appendEntries Timeout, request=bb059929-5614-48c6-a58f-6aecf783d9f9->19c6032e-47ed-4968-90cc-d60921880313#473-t1, previous=(t:1, i:450), leaderCommit=430, initializing? false, entries: <empty>
2019-09-25 20:03:25,944 [java.util.concurrent.ThreadPoolExecutor$Worker@1c7b729e[State = -1, empty queue]] WARN  server.GrpcLogAppender (GrpcLogAppender.java:timeoutAppendRequest(200)) - bb059929-5614-48c6-a58f-6aecf783d9f9@group-0E599E84A094->ecfcfef9-0a1f-4a83-8f60-f1d853e02fb5-GrpcLogAppender: appendEntries Timeout, request=bb059929-5614-48c6-a58f-6aecf783d9f9->ecfcfef9-0a1f-4a83-8f60-f1d853e02fb5#473-t1, previous=(t:1, i:450), leaderCommit=430, initializing? false, entries: <empty>
 79.00% |████████████████████████████████████████████████████████████████████████████████                     |  79/100 Time: 0:00:07 79.00% |████████████████████████████████████████████████████████████████████████████████                     |  79/100 Time: 0:00:082019-09-25 20:03:28,445 [java.util.concurrent.ThreadPoolExecutor$Worker@705443a7[State = -1, empty queue]] WARN  server.GrpcLogAppender (GrpcLogAppender.java:timeoutAppendRequest(200)) - bb059929-5614-48c6-a58f-6aecf783d9f9@group-0E599E84A094->19c6032e-47ed-4968-90cc-d60921880313-GrpcLogAppender: appendEntries Timeout, request=bb059929-5614-48c6-a58f-6aecf783d9f9->19c6032e-47ed-4968-90cc-d60921880313#474-t1, previous=(t:1, i:450), leaderCommit=430, initializing? false, entries: <empty>
2019-09-25 20:03:28,445 [java.util.concurrent.ThreadPoolExecutor$Worker@1c7b729e[State = -1, empty queue]] WARN  server.GrpcLogAppender (GrpcLogAppender.java:timeoutAppendRequest(200)) - bb059929-5614-48c6-a58f-6aecf783d9f9@group-0E599E84A094->ecfcfef9-0a1f-4a83-8f60-f1d853e02fb5-GrpcLogAppender: appendEntries Timeout, request=bb059929-5614-48c6-a58f-6aecf783d9f9->ecfcfef9-0a1f-4a83-8f60-f1d853e02fb5#474-t1, previous=(t:1, i:450), leaderCommit=430, initializing? false, entries: <empty>
 79.00% |████████████████████████████████████████████████████████████████████████████████                     |  79/100 Time: 0:00:09 79.00% |████████████████████████████████████████████████████████████████████████████████                     |  79/100 Time: 0:00:102019-09-25 20:03:30,455 [pool-85-thread-6] WARN  storage.CommitWatcher (CommitWatcher.java:watchForCommit(203)) - watchForCommit failed for index 430
java.util.concurrent.TimeoutException
	at java.util.concurrent.CompletableFuture.timedGet(CompletableFuture.java:1771)
	at java.util.concurrent.CompletableFuture.get(CompletableFuture.java:1915)
	at org.apache.hadoop.hdds.scm.XceiverClientRatis.watchForCommit(XceiverClientRatis.java:298)
	at org.apache.hadoop.hdds.scm.storage.CommitWatcher.watchForCommit(CommitWatcher.java:194)
	at org.apache.hadoop.hdds.scm.storage.CommitWatcher.watchOnLastIndex(CommitWatcher.java:157)
	at org.apache.hadoop.hdds.scm.storage.BlockOutputStream.watchForCommit(BlockOutputStream.java:347)
	at org.apache.hadoop.hdds.scm.storage.BlockOutputStream.handleFlush(BlockOutputStream.java:479)
	at org.apache.hadoop.hdds.scm.storage.BlockOutputStream.close(BlockOutputStream.java:493)
	at org.apache.hadoop.ozone.client.io.BlockOutputStreamEntry.close(BlockOutputStreamEntry.java:143)
	at org.apache.hadoop.ozone.client.io.KeyOutputStream.handleFlushOrClose(KeyOutputStream.java:435)
	at org.apache.hadoop.ozone.client.io.KeyOutputStream.close(KeyOutputStream.java:473)
	at org.apache.hadoop.ozone.client.io.OzoneOutputStream.close(OzoneOutputStream.java:60)
	at org.apache.hadoop.ozone.freon.RandomKeyGenerator.createKey(RandomKeyGenerator.java:710)
	at org.apache.hadoop.ozone.freon.RandomKeyGenerator.access$1100(RandomKeyGenerator.java:88)
	at org.apache.hadoop.ozone.freon.RandomKeyGenerator$ObjectCreator.run(RandomKeyGenerator.java:615)
	at java.util.concurrent.Executors$RunnableAdapter.call(Executors.java:511)
	at java.util.concurrent.FutureTask.run(FutureTask.java:266)
	at java.util.concurrent.ThreadPoolExecutor.runWorker(ThreadPoolExecutor.java:1149)
	at java.util.concurrent.ThreadPoolExecutor$Worker.run(ThreadPoolExecutor.java:624)
	at java.lang.Thread.run(Thread.java:748)
2019-09-25 20:03:30,459 [pool-85-thread-6] WARN  io.KeyOutputStream (KeyOutputStream.java:handleException(274)) - Encountered exception java.io.IOException: Unexpected Storage Container Exception: java.io.IOException: Unexpected Storage Container Exception: java.util.concurrent.TimeoutException on the pipeline Pipeline[ Id: 4ee2654d-da8b-4b6c-81f4-0e599e84a094, Nodes: 19c6032e-47ed-4968-90cc-d60921880313{ip: 192.168.164.231, host: pr-hdds-2174-f48n4-3529231201, networkLocation: /default-rack, certSerialId: null}ecfcfef9-0a1f-4a83-8f60-f1d853e02fb5{ip: 192.168.164.231, host: pr-hdds-2174-f48n4-3529231201, networkLocation: /default-rack, certSerialId: null}bb059929-5614-48c6-a58f-6aecf783d9f9{ip: 192.168.164.231, host: pr-hdds-2174-f48n4-3529231201, networkLocation: /default-rack, certSerialId: null}, Type:RATIS, Factor:THREE, State:OPEN]. The last committed block length is 0, uncommitted data length is 10240 retry count 0
2019-09-25 20:03:30,488 [IPC Server handler 3 on 36915] WARN  block.BlockManagerImpl (BlockManagerImpl.java:allocateBlock(192)) - Pipeline creation failed for type:RATIS factor:THREE. Retrying get pipelines call once.
org.apache.hadoop.hdds.scm.pipeline.InsufficientDatanodesException: Cannot create pipeline of factor 3 using 2 nodes.
	at org.apache.hadoop.hdds.scm.pipeline.RatisPipelineProvider.create(RatisPipelineProvider.java:153)
	at org.apache.hadoop.hdds.scm.pipeline.PipelineFactory.create(PipelineFactory.java:58)
	at org.apache.hadoop.hdds.scm.pipeline.SCMPipelineManager.createPipeline(SCMPipelineManager.java:155)
	at org.apache.hadoop.hdds.scm.block.BlockManagerImpl.allocateBlock(BlockManagerImpl.java:190)
	at org.apache.hadoop.hdds.scm.server.SCMBlockProtocolServer.allocateBlock(SCMBlockProtocolServer.java:182)
	at org.apache.hadoop.ozone.protocolPB.ScmBlockLocationProtocolServerSideTranslatorPB.allocateScmBlock(ScmBlockLocationProtocolServerSideTranslatorPB.java:183)
	at org.apache.hadoop.ozone.protocolPB.ScmBlockLocationProtocolServerSideTranslatorPB.processMessage(ScmBlockLocationProtocolServerSideTranslatorPB.java:141)
	at org.apache.hadoop.ozone.protocolPB.ScmBlockLocationProtocolServerSideTranslatorPB.send(ScmBlockLocationProtocolServerSideTranslatorPB.java:116)
	at org.apache.hadoop.hdds.protocol.proto.ScmBlockLocationProtocolProtos$ScmBlockLocationProtocolService$2.callBlockingMethod(ScmBlockLocationProtocolProtos.java:13157)
	at org.apache.hadoop.ipc.ProtobufRpcEngine$Server$ProtoBufRpcInvoker.call(ProtobufRpcEngine.java:524)
	at org.apache.hadoop.ipc.RPC$Server.call(RPC.java:1025)
	at org.apache.hadoop.ipc.Server$RpcCall.run(Server.java:876)
	at org.apache.hadoop.ipc.Server$RpcCall.run(Server.java:822)
	at java.security.AccessController.doPrivileged(Native Method)
	at javax.security.auth.Subject.doAs(Subject.java:422)
	at org.apache.hadoop.security.UserGroupInformation.doAs(UserGroupInformation.java:1730)
	at org.apache.hadoop.ipc.Server$Handler.run(Server.java:2682)
2019-09-25 20:03:30,488 [IPC Server handler 3 on 36915] INFO  block.BlockManagerImpl (BlockManagerImpl.java:allocateBlock(198)) - Could not find available pipeline of type:RATIS and factor:THREE even after retrying
2019-09-25 20:03:30,489 [IPC Server handler 3 on 36915] ERROR block.BlockManagerImpl (BlockManagerImpl.java:allocateBlock(222)) - Unable to allocate a block for the size: 4194304, type: RATIS, factor: THREE
2019-09-25 20:03:30,494 [Thread-1743] INFO  client.GrpcClientProtocolService (GrpcClientProtocolService.java:lambda$processClientRequest$0(278)) - Failed RaftClientRequest:client-FA2340A44CEA->19c6032e-47ed-4968-90cc-d60921880313@group-0E599E84A094, cid=364, seq=0, Watch-MAJORITY_COMMITTED(430), Message:<EMPTY>, reply=RaftClientReply:client-FA2340A44CEA->19c6032e-47ed-4968-90cc-d60921880313@group-0E599E84A094, cid=364, FAILED org.apache.ratis.protocol.NotLeaderException: Server 19c6032e-47ed-4968-90cc-d60921880313@group-0E599E84A094 is not the leader bb059929-5614-48c6-a58f-6aecf783d9f9:192.168.164.231:45102, logIndex=0, commits[19c6032e-47ed-4968-90cc-d60921880313:c430, ecfcfef9-0a1f-4a83-8f60-f1d853e02fb5:c422, bb059929-5614-48c6-a58f-6aecf783d9f9:c430]
2019-09-25 20:03:30,497 [Thread-1745] INFO  client.GrpcClientProtocolService (GrpcClientProtocolService.java:lambda$processClientRequest$0(278)) - Failed RaftClientRequest:client-FA2340A44CEA->19c6032e-47ed-4968-90cc-d60921880313@group-0E599E84A094, cid=363, seq=0, Watch-ALL_COMMITTED(430), Message:<EMPTY>, reply=RaftClientReply:client-FA2340A44CEA->19c6032e-47ed-4968-90cc-d60921880313@group-0E599E84A094, cid=363, FAILED org.apache.ratis.protocol.NotLeaderException: Server 19c6032e-47ed-4968-90cc-d60921880313@group-0E599E84A094 is not the leader bb059929-5614-48c6-a58f-6aecf783d9f9:192.168.164.231:45102, logIndex=0, commits[19c6032e-47ed-4968-90cc-d60921880313:c430, ecfcfef9-0a1f-4a83-8f60-f1d853e02fb5:c422, bb059929-5614-48c6-a58f-6aecf783d9f9:c430]
2019-09-25 20:03:30,500 [pool-85-thread-6] ERROR io.BlockOutputStreamEntryPool (BlockOutputStreamEntryPool.java:allocateBlockIfNeeded(299)) - Try to allocate more blocks for write failed, already allocated 0 blocks for this write.
INTERNAL_ERROR org.apache.hadoop.ozone.om.exceptions.OMException: Allocated 0 blocks. Requested 1 blocks
	at org.apache.hadoop.ozone.om.protocolPB.OzoneManagerProtocolClientSideTranslatorPB.handleError(OzoneManagerProtocolClientSideTranslatorPB.java:732)
	at org.apache.hadoop.ozone.om.protocolPB.OzoneManagerProtocolClientSideTranslatorPB.allocateBlock(OzoneManagerProtocolClientSideTranslatorPB.java:764)
	at sun.reflect.NativeMethodAccessorImpl.invoke0(Native Method)
	at sun.reflect.NativeMethodAccessorImpl.invoke(NativeMethodAccessorImpl.java:62)
	at sun.reflect.DelegatingMethodAccessorImpl.invoke(DelegatingMethodAccessorImpl.java:43)
	at java.lang.reflect.Method.invoke(Method.java:498)
	at org.apache.hadoop.hdds.tracing.TraceAllMethod.invoke(TraceAllMethod.java:66)
	at com.sun.proxy.$Proxy37.allocateBlock(Unknown Source)
	at org.apache.hadoop.ozone.client.io.BlockOutputStreamEntryPool.allocateNewBlock(BlockOutputStreamEntryPool.java:248)
	at org.apache.hadoop.ozone.client.io.BlockOutputStreamEntryPool.allocateBlockIfNeeded(BlockOutputStreamEntryPool.java:296)
	at org.apache.hadoop.ozone.client.io.KeyOutputStream.handleWrite(KeyOutputStream.java:198)
	at org.apache.hadoop.ozone.client.io.KeyOutputStream.handleRetry(KeyOutputStream.java:375)
	at org.apache.hadoop.ozone.client.io.KeyOutputStream.handleException(KeyOutputStream.java:324)
	at org.apache.hadoop.ozone.client.io.KeyOutputStream.handleFlushOrClose(KeyOutputStream.java:449)
	at org.apache.hadoop.ozone.client.io.KeyOutputStream.close(KeyOutputStream.java:473)
	at org.apache.hadoop.ozone.client.io.OzoneOutputStream.close(OzoneOutputStream.java:60)
	at org.apache.hadoop.ozone.freon.RandomKeyGenerator.createKey(RandomKeyGenerator.java:710)
	at org.apache.hadoop.ozone.freon.RandomKeyGenerator.access$1100(RandomKeyGenerator.java:88)
	at org.apache.hadoop.ozone.freon.RandomKeyGenerator$ObjectCreator.run(RandomKeyGenerator.java:615)
	at java.util.concurrent.Executors$RunnableAdapter.call(Executors.java:511)
	at java.util.concurrent.FutureTask.run(FutureTask.java:266)
	at java.util.concurrent.ThreadPoolExecutor.runWorker(ThreadPoolExecutor.java:1149)
	at java.util.concurrent.ThreadPoolExecutor$Worker.run(ThreadPoolExecutor.java:624)
	at java.lang.Thread.run(Thread.java:748)
2019-09-25 20:03:30,513 [pool-85-thread-6] ERROR freon.RandomKeyGenerator (RandomKeyGenerator.java:createKey(733)) - Exception while adding key: key-7-03637 in bucket: bucket-4-68231 of volume: vol-1-55188.
INTERNAL_ERROR org.apache.hadoop.ozone.om.exceptions.OMException: Allocated 0 blocks. Requested 1 blocks
	at org.apache.hadoop.ozone.om.protocolPB.OzoneManagerProtocolClientSideTranslatorPB.handleError(OzoneManagerProtocolClientSideTranslatorPB.java:732)
	at org.apache.hadoop.ozone.om.protocolPB.OzoneManagerProtocolClientSideTranslatorPB.allocateBlock(OzoneManagerProtocolClientSideTranslatorPB.java:764)
	at sun.reflect.NativeMethodAccessorImpl.invoke0(Native Method)
	at sun.reflect.NativeMethodAccessorImpl.invoke(NativeMethodAccessorImpl.java:62)
	at sun.reflect.DelegatingMethodAccessorImpl.invoke(DelegatingMethodAccessorImpl.java:43)
	at java.lang.reflect.Method.invoke(Method.java:498)
	at org.apache.hadoop.hdds.tracing.TraceAllMethod.invoke(TraceAllMethod.java:66)
	at com.sun.proxy.$Proxy37.allocateBlock(Unknown Source)
	at org.apache.hadoop.ozone.client.io.BlockOutputStreamEntryPool.allocateNewBlock(BlockOutputStreamEntryPool.java:248)
	at org.apache.hadoop.ozone.client.io.BlockOutputStreamEntryPool.allocateBlockIfNeeded(BlockOutputStreamEntryPool.java:296)
	at org.apache.hadoop.ozone.client.io.KeyOutputStream.handleWrite(KeyOutputStream.java:198)
	at org.apache.hadoop.ozone.client.io.KeyOutputStream.handleRetry(KeyOutputStream.java:375)
	at org.apache.hadoop.ozone.client.io.KeyOutputStream.handleException(KeyOutputStream.java:324)
	at org.apache.hadoop.ozone.client.io.KeyOutputStream.handleFlushOrClose(KeyOutputStream.java:449)
	at org.apache.hadoop.ozone.client.io.KeyOutputStream.close(KeyOutputStream.java:473)
	at org.apache.hadoop.ozone.client.io.OzoneOutputStream.close(OzoneOutputStream.java:60)
	at org.apache.hadoop.ozone.freon.RandomKeyGenerator.createKey(RandomKeyGenerator.java:710)
	at org.apache.hadoop.ozone.freon.RandomKeyGenerator.access$1100(RandomKeyGenerator.java:88)
	at org.apache.hadoop.ozone.freon.RandomKeyGenerator$ObjectCreator.run(RandomKeyGenerator.java:615)
	at java.util.concurrent.Executors$RunnableAdapter.call(Executors.java:511)
	at java.util.concurrent.FutureTask.run(FutureTask.java:266)
	at java.util.concurrent.ThreadPoolExecutor.runWorker(ThreadPoolExecutor.java:1149)
	at java.util.concurrent.ThreadPoolExecutor$Worker.run(ThreadPoolExecutor.java:624)
	at java.lang.Thread.run(Thread.java:748)
2019-09-25 20:03:30,515 [grpc-default-executor-2] WARN  client.GrpcClientProtocolService (LogUtils.java:warn(134)) - 9-UnorderedRequestStreamObserver9: onError: org.apache.ratis.thirdparty.io.grpc.StatusRuntimeException: CANCELLED: cancelled before receiving half close
2019-09-25 20:03:30,684 [Thread-1751] INFO  client.GrpcClientProtocolService (GrpcClientProtocolService.java:lambda$processClientRequest$0(278)) - Failed RaftClientRequest:client-FA2340A44CEA->bb059929-5614-48c6-a58f-6aecf783d9f9@group-0E599E84A094, cid=363, seq=0, Watch-ALL_COMMITTED(430), Message:<EMPTY>, reply=RaftClientReply:client-FA2340A44CEA->bb059929-5614-48c6-a58f-6aecf783d9f9@group-0E599E84A094, cid=363, FAILED org.apache.ratis.protocol.NotReplicatedException: Request with call Id 363 and log index 430 is not yet replicated to ALL_COMMITTED, logIndex=430, commits[bb059929-5614-48c6-a58f-6aecf783d9f9:c430, 19c6032e-47ed-4968-90cc-d60921880313:c422, ecfcfef9-0a1f-4a83-8f60-f1d853e02fb5:c422]
 79.00% |████████████████████████████████████████████████████████████████████████████████                     |  79/100 Time: 0:00:112019-09-25 20:03:30,805 [grpc-default-executor-5] WARN  server.GrpcLogAppender (GrpcLogAppender.java:onNextImpl(251)) - bb059929-5614-48c6-a58f-6aecf783d9f9@group-0E599E84A094->19c6032e-47ed-4968-90cc-d60921880313-AppendLogResponseHandler: Request not found, ignoring reply: bb059929-5614-48c6-a58f-6aecf783d9f9<-19c6032e-47ed-4968-90cc-d60921880313#468:OK,SUCCESS,nextIndex:447,term:1,followerCommit:430
2019-09-25 20:03:30,806 [grpc-default-executor-2] WARN  server.GrpcLogAppender (GrpcLogAppender.java:onNextImpl(251)) - bb059929-5614-48c6-a58f-6aecf783d9f9@group-0E599E84A094->ecfcfef9-0a1f-4a83-8f60-f1d853e02fb5-AppendLogResponseHandler: Request not found, ignoring reply: bb059929-5614-48c6-a58f-6aecf783d9f9<-ecfcfef9-0a1f-4a83-8f60-f1d853e02fb5#468:OK,SUCCESS,nextIndex:447,term:1,followerCommit:430
2019-09-25 20:03:30,806 [grpc-default-executor-5] WARN  server.GrpcLogAppender (GrpcLogAppender.java:onNextImpl(251)) - bb059929-5614-48c6-a58f-6aecf783d9f9@group-0E599E84A094->19c6032e-47ed-4968-90cc-d60921880313-AppendLogResponseHandler: Request not found, ignoring reply: bb059929-5614-48c6-a58f-6aecf783d9f9<-19c6032e-47ed-4968-90cc-d60921880313#469:OK,SUCCESS,nextIndex:448,term:1,followerCommit:430
2019-09-25 20:03:30,806 [grpc-default-executor-2] WARN  server.GrpcLogAppender (GrpcLogAppender.java:onNextImpl(251)) - bb059929-5614-48c6-a58f-6aecf783d9f9@group-0E599E84A094->ecfcfef9-0a1f-4a83-8f60-f1d853e02fb5-AppendLogResponseHandler: Request not found, ignoring reply: bb059929-5614-48c6-a58f-6aecf783d9f9<-ecfcfef9-0a1f-4a83-8f60-f1d853e02fb5#469:OK,SUCCESS,nextIndex:448,term:1,followerCommit:430
2019-09-25 20:03:30,807 [grpc-default-executor-5] WARN  server.GrpcLogAppender (GrpcLogAppender.java:onNextImpl(251)) - bb059929-5614-48c6-a58f-6aecf783d9f9@group-0E599E84A094->19c6032e-47ed-4968-90cc-d60921880313-AppendLogResponseHandler: Request not found, ignoring reply: bb059929-5614-48c6-a58f-6aecf783d9f9<-19c6032e-47ed-4968-90cc-d60921880313#470:OK,SUCCESS,nextIndex:449,term:1,followerCommit:430
2019-09-25 20:03:30,807 [grpc-default-executor-5] WARN  server.GrpcLogAppender (GrpcLogAppender.java:onNextImpl(251)) - bb059929-5614-48c6-a58f-6aecf783d9f9@group-0E599E84A094->19c6032e-47ed-4968-90cc-d60921880313-AppendLogResponseHandler: Request not found, ignoring reply: bb059929-5614-48c6-a58f-6aecf783d9f9<-19c6032e-47ed-4968-90cc-d60921880313#471:OK,SUCCESS,nextIndex:450,term:1,followerCommit:430
2019-09-25 20:03:30,807 [grpc-default-executor-5] WARN  server.GrpcLogAppender (GrpcLogAppender.java:onNextImpl(251)) - bb059929-5614-48c6-a58f-6aecf783d9f9@group-0E599E84A094->19c6032e-47ed-4968-90cc-d60921880313-AppendLogResponseHandler: Request not found, ignoring reply: bb059929-5614-48c6-a58f-6aecf783d9f9<-19c6032e-47ed-4968-90cc-d60921880313#472:OK,SUCCESS,nextIndex:451,term:1,followerCommit:430
2019-09-25 20:03:30,807 [grpc-default-executor-2] WARN  server.GrpcLogAppender (GrpcLogAppender.java:onNextImpl(251)) - bb059929-5614-48c6-a58f-6aecf783d9f9@group-0E599E84A094->ecfcfef9-0a1f-4a83-8f60-f1d853e02fb5-AppendLogResponseHandler: Request not found, ignoring reply: bb059929-5614-48c6-a58f-6aecf783d9f9<-ecfcfef9-0a1f-4a83-8f60-f1d853e02fb5#470:OK,SUCCESS,nextIndex:449,term:1,followerCommit:430
2019-09-25 20:03:30,808 [grpc-default-executor-5] WARN  server.GrpcLogAppender (GrpcLogAppender.java:onNextImpl(251)) - bb059929-5614-48c6-a58f-6aecf783d9f9@group-0E599E84A094->19c6032e-47ed-4968-90cc-d60921880313-AppendLogResponseHandler: Request not found, ignoring reply: bb059929-5614-48c6-a58f-6aecf783d9f9<-19c6032e-47ed-4968-90cc-d60921880313#473:OK,SUCCESS,nextIndex:451,term:1,followerCommit:430
2019-09-25 20:03:30,808 [grpc-default-executor-2] WARN  server.GrpcLogAppender (GrpcLogAppender.java:onNextImpl(251)) - bb059929-5614-48c6-a58f-6aecf783d9f9@group-0E599E84A094->ecfcfef9-0a1f-4a83-8f60-f1d853e02fb5-AppendLogResponseHandler: Request not found, ignoring reply: bb059929-5614-48c6-a58f-6aecf783d9f9<-ecfcfef9-0a1f-4a83-8f60-f1d853e02fb5#471:OK,SUCCESS,nextIndex:450,term:1,followerCommit:430
2019-09-25 20:03:30,808 [grpc-default-executor-5] WARN  server.GrpcLogAppender (GrpcLogAppender.java:onNextImpl(251)) - bb059929-5614-48c6-a58f-6aecf783d9f9@group-0E599E84A094->19c6032e-47ed-4968-90cc-d60921880313-AppendLogResponseHandler: Request not found, ignoring reply: bb059929-5614-48c6-a58f-6aecf783d9f9<-19c6032e-47ed-4968-90cc-d60921880313#474:OK,SUCCESS,nextIndex:451,term:1,followerCommit:430
2019-09-25 20:03:30,808 [grpc-default-executor-2] WARN  server.GrpcLogAppender (GrpcLogAppender.java:onNextImpl(251)) - bb059929-5614-48c6-a58f-6aecf783d9f9@group-0E599E84A094->ecfcfef9-0a1f-4a83-8f60-f1d853e02fb5-AppendLogResponseHandler: Request not found, ignoring reply: bb059929-5614-48c6-a58f-6aecf783d9f9<-ecfcfef9-0a1f-4a83-8f60-f1d853e02fb5#472:OK,SUCCESS,nextIndex:451,term:1,followerCommit:430
2019-09-25 20:03:30,808 [grpc-default-executor-2] WARN  server.GrpcLogAppender (GrpcLogAppender.java:onNextImpl(251)) - bb059929-5614-48c6-a58f-6aecf783d9f9@group-0E599E84A094->ecfcfef9-0a1f-4a83-8f60-f1d853e02fb5-AppendLogResponseHandler: Request not found, ignoring reply: bb059929-5614-48c6-a58f-6aecf783d9f9<-ecfcfef9-0a1f-4a83-8f60-f1d853e02fb5#473:OK,SUCCESS,nextIndex:451,term:1,followerCommit:430
2019-09-25 20:03:30,808 [grpc-default-executor-2] WARN  server.GrpcLogAppender (GrpcLogAppender.java:onNextImpl(251)) - bb059929-5614-48c6-a58f-6aecf783d9f9@group-0E599E84A094->ecfcfef9-0a1f-4a83-8f60-f1d853e02fb5-AppendLogResponseHandler: Request not found, ignoring reply: bb059929-5614-48c6-a58f-6aecf783d9f9<-ecfcfef9-0a1f-4a83-8f60-f1d853e02fb5#474:OK,SUCCESS,nextIndex:451,term:1,followerCommit:430
 79.00% |████████████████████████████████████████████████████████████████████████████████                     |  79/100 Time: 0:00:12 79.00% |████████████████████████████████████████████████████████████████████████████████                     |  79/100 Time: 0:00:13 88.00% |█████████████████████████████████████████████████████████████████████████████████████████            |  88/100 Time: 0:00:14 88.00% |█████████████████████████████████████████████████████████████████████████████████████████            |  88/100 Time: 0:00:15 88.00% |█████████████████████████████████████████████████████████████████████████████████████████            |  88/100 Time: 0:00:162019-09-25 20:03:36,420 [java.util.concurrent.ThreadPoolExecutor$Worker@1c7b729e[State = -1, empty queue]] WARN  server.GrpcLogAppender (GrpcLogAppender.java:timeoutAppendRequest(200)) - bb059929-5614-48c6-a58f-6aecf783d9f9@group-0E599E84A094->ecfcfef9-0a1f-4a83-8f60-f1d853e02fb5-GrpcLogAppender: appendEntries Timeout, request=bb059929-5614-48c6-a58f-6aecf783d9f9->ecfcfef9-0a1f-4a83-8f60-f1d853e02fb5#478-t1, previous=(t:1, i:450), leaderCommit=450, initializing? false, entries: size=1, first=(t:1, i:451), STATEMACHINELOGENTRY, client-35088F6A0AE3, cid=374
2019-09-25 20:03:36,421 [java.util.concurrent.ThreadPoolExecutor$Worker@705443a7[State = -1, empty queue]] WARN  server.GrpcLogAppender (GrpcLogAppender.java:timeoutAppendRequest(200)) - bb059929-5614-48c6-a58f-6aecf783d9f9@group-0E599E84A094->19c6032e-47ed-4968-90cc-d60921880313-GrpcLogAppender: appendEntries Timeout, request=bb059929-5614-48c6-a58f-6aecf783d9f9->19c6032e-47ed-4968-90cc-d60921880313#478-t1, previous=(t:1, i:450), leaderCommit=450, initializing? false, entries: size=1, first=(t:1, i:451), STATEMACHINELOGENTRY, client-35088F6A0AE3, cid=374
 88.00% |█████████████████████████████████████████████████████████████████████████████████████████            |  88/100 Time: 0:00:17 88.00% |█████████████████████████████████████████████████████████████████████████████████████████            |  88/100 Time: 0:00:182019-09-25 20:03:37,858 [grpc-default-executor-6] WARN  server.GrpcLogAppender (GrpcLogAppender.java:onNextImpl(251)) - bb059929-5614-48c6-a58f-6aecf783d9f9@group-0E599E84A094->ecfcfef9-0a1f-4a83-8f60-f1d853e02fb5-AppendLogResponseHandler: Request not found, ignoring reply: bb059929-5614-48c6-a58f-6aecf783d9f9<-ecfcfef9-0a1f-4a83-8f60-f1d853e02fb5#478:OK,SUCCESS,nextIndex:452,term:1,followerCommit:450
2019-09-25 20:03:37,858 [grpc-default-executor-5] WARN  server.GrpcLogAppender (GrpcLogAppender.java:onNextImpl(251)) - bb059929-5614-48c6-a58f-6aecf783d9f9@group-0E599E84A094->19c6032e-47ed-4968-90cc-d60921880313-AppendLogResponseHandler: Request not found, ignoring reply: bb059929-5614-48c6-a58f-6aecf783d9f9<-19c6032e-47ed-4968-90cc-d60921880313#478:OK,SUCCESS,nextIndex:452,term:1,followerCommit:450
 88.00% |█████████████████████████████████████████████████████████████████████████████████████████            |  88/100 Time: 0:00:19 88.00% |█████████████████████████████████████████████████████████████████████████████████████████            |  88/100 Time: 0:00:20 88.00% |█████████████████████████████████████████████████████████████████████████████████████████            |  88/100 Time: 0:00:212019-09-25 20:03:40,860 [java.util.concurrent.ThreadPoolExecutor$Worker@705443a7[State = -1, empty queue]] WARN  server.GrpcLogAppender (GrpcLogAppender.java:timeoutAppendRequest(200)) - bb059929-5614-48c6-a58f-6aecf783d9f9@group-0E599E84A094->19c6032e-47ed-4968-90cc-d60921880313-GrpcLogAppender: appendEntries Timeout, request=bb059929-5614-48c6-a58f-6aecf783d9f9->19c6032e-47ed-4968-90cc-d60921880313#480-t1, previous=(t:1, i:451), leaderCommit=451, initializing? false, entries: size=1, first=(t:1, i:452), METADATAENTRY(c451)
2019-09-25 20:03:40,860 [java.util.concurrent.ThreadPoolExecutor$Worker@1c7b729e[State = -1, empty queue]] WARN  server.GrpcLogAppender (GrpcLogAppender.java:timeoutAppendRequest(200)) - bb059929-5614-48c6-a58f-6aecf783d9f9@group-0E599E84A094->ecfcfef9-0a1f-4a83-8f60-f1d853e02fb5-GrpcLogAppender: appendEntries Timeout, request=bb059929-5614-48c6-a58f-6aecf783d9f9->ecfcfef9-0a1f-4a83-8f60-f1d853e02fb5#480-t1, previous=(t:1, i:451), leaderCommit=451, initializing? false, entries: size=1, first=(t:1, i:452), METADATAENTRY(c451)
2019-09-25 20:03:41,476 [java.util.concurrent.ThreadPoolExecutor$Worker@1c7b729e[State = -1, empty queue]] WARN  server.GrpcLogAppender (GrpcLogAppender.java:timeoutAppendRequest(200)) - bb059929-5614-48c6-a58f-6aecf783d9f9@group-0E599E84A094->ecfcfef9-0a1f-4a83-8f60-f1d853e02fb5-GrpcLogAppender: appendEntries Timeout, request=bb059929-5614-48c6-a58f-6aecf783d9f9->ecfcfef9-0a1f-4a83-8f60-f1d853e02fb5#481-t1, previous=(t:1, i:452), leaderCommit=451, initializing? false, entries: size=1, first=(t:1, i:453), STATEMACHINELOGENTRY, client-35088F6A0AE3, cid=379
2019-09-25 20:03:41,476 [java.util.concurrent.ThreadPoolExecutor$Worker@705443a7[State = -1, empty queue]] WARN  server.GrpcLogAppender (GrpcLogAppender.java:timeoutAppendRequest(200)) - bb059929-5614-48c6-a58f-6aecf783d9f9@group-0E599E84A094->19c6032e-47ed-4968-90cc-d60921880313-GrpcLogAppender: appendEntries Timeout, request=bb059929-5614-48c6-a58f-6aecf783d9f9->19c6032e-47ed-4968-90cc-d60921880313#481-t1, previous=(t:1, i:452), leaderCommit=451, initializing? false, entries: size=1, first=(t:1, i:453), STATEMACHINELOGENTRY, client-35088F6A0AE3, cid=379
2019-09-25 20:03:41,477 [java.util.concurrent.ThreadPoolExecutor$Worker@1c7b729e[State = -1, empty queue]] WARN  server.GrpcLogAppender (GrpcLogAppender.java:timeoutAppendRequest(200)) - bb059929-5614-48c6-a58f-6aecf783d9f9@group-0E599E84A094->ecfcfef9-0a1f-4a83-8f60-f1d853e02fb5-GrpcLogAppender: appendEntries Timeout, request=bb059929-5614-48c6-a58f-6aecf783d9f9->ecfcfef9-0a1f-4a83-8f60-f1d853e02fb5#482-t1, previous=(t:1, i:453), leaderCommit=451, initializing? false, entries: size=1, first=(t:1, i:454), STATEMACHINELOGENTRY, client-35088F6A0AE3, cid=376
2019-09-25 20:03:41,477 [java.util.concurrent.ThreadPoolExecutor$Worker@705443a7[State = -1, empty queue]] WARN  server.GrpcLogAppender (GrpcLogAppender.java:timeoutAppendRequest(200)) - bb059929-5614-48c6-a58f-6aecf783d9f9@group-0E599E84A094->19c6032e-47ed-4968-90cc-d60921880313-GrpcLogAppender: appendEntries Timeout, request=bb059929-5614-48c6-a58f-6aecf783d9f9->19c6032e-47ed-4968-90cc-d60921880313#482-t1, previous=(t:1, i:453), leaderCommit=451, initializing? false, entries: size=1, first=(t:1, i:454), STATEMACHINELOGENTRY, client-35088F6A0AE3, cid=376
2019-09-25 20:03:41,477 [java.util.concurrent.ThreadPoolExecutor$Worker@1c7b729e[State = -1, empty queue]] WARN  server.GrpcLogAppender (GrpcLogAppender.java:timeoutAppendRequest(200)) - bb059929-5614-48c6-a58f-6aecf783d9f9@group-0E599E84A094->ecfcfef9-0a1f-4a83-8f60-f1d853e02fb5-GrpcLogAppender: appendEntries Timeout, request=bb059929-5614-48c6-a58f-6aecf783d9f9->ecfcfef9-0a1f-4a83-8f60-f1d853e02fb5#483-t1, previous=(t:1, i:454), leaderCommit=451, initializing? false, entries: size=1, first=(t:1, i:455), STATEMACHINELOGENTRY, client-35088F6A0AE3, cid=375
2019-09-25 20:03:41,477 [java.util.concurrent.ThreadPoolExecutor$Worker@705443a7[State = -1, empty queue]] WARN  server.GrpcLogAppender (GrpcLogAppender.java:timeoutAppendRequest(200)) - bb059929-5614-48c6-a58f-6aecf783d9f9@group-0E599E84A094->19c6032e-47ed-4968-90cc-d60921880313-GrpcLogAppender: appendEntries Timeout, request=bb059929-5614-48c6-a58f-6aecf783d9f9->19c6032e-47ed-4968-90cc-d60921880313#483-t1, previous=(t:1, i:454), leaderCommit=451, initializing? false, entries: size=1, first=(t:1, i:455), STATEMACHINELOGENTRY, client-35088F6A0AE3, cid=375
2019-09-25 20:03:41,478 [java.util.concurrent.ThreadPoolExecutor$Worker@1c7b729e[State = -1, empty queue]] WARN  server.GrpcLogAppender (GrpcLogAppender.java:timeoutAppendRequest(200)) - bb059929-5614-48c6-a58f-6aecf783d9f9@group-0E599E84A094->ecfcfef9-0a1f-4a83-8f60-f1d853e02fb5-GrpcLogAppender: appendEntries Timeout, request=bb059929-5614-48c6-a58f-6aecf783d9f9->ecfcfef9-0a1f-4a83-8f60-f1d853e02fb5#484-t1, previous=(t:1, i:455), leaderCommit=451, initializing? false, entries: size=1, first=(t:1, i:456), STATEMACHINELOGENTRY, client-35088F6A0AE3, cid=377
2019-09-25 20:03:41,478 [java.util.concurrent.ThreadPoolExecutor$Worker@705443a7[State = -1, empty queue]] WARN  server.GrpcLogAppender (GrpcLogAppender.java:timeoutAppendRequest(200)) - bb059929-5614-48c6-a58f-6aecf783d9f9@group-0E599E84A094->19c6032e-47ed-4968-90cc-d60921880313-GrpcLogAppender: appendEntries Timeout, request=bb059929-5614-48c6-a58f-6aecf783d9f9->19c6032e-47ed-4968-90cc-d60921880313#484-t1, previous=(t:1, i:455), leaderCommit=451, initializing? false, entries: size=1, first=(t:1, i:456), STATEMACHINELOGENTRY, client-35088F6A0AE3, cid=377
2019-09-25 20:03:41,478 [java.util.concurrent.ThreadPoolExecutor$Worker@1c7b729e[State = -1, empty queue]] WARN  server.GrpcLogAppender (GrpcLogAppender.java:timeoutAppendRequest(200)) - bb059929-5614-48c6-a58f-6aecf783d9f9@group-0E599E84A094->ecfcfef9-0a1f-4a83-8f60-f1d853e02fb5-GrpcLogAppender: appendEntries Timeout, request=bb059929-5614-48c6-a58f-6aecf783d9f9->ecfcfef9-0a1f-4a83-8f60-f1d853e02fb5#485-t1, previous=(t:1, i:456), leaderCommit=451, initializing? false, entries: size=1, first=(t:1, i:457), STATEMACHINELOGENTRY, client-35088F6A0AE3, cid=378
2019-09-25 20:03:41,478 [java.util.concurrent.ThreadPoolExecutor$Worker@705443a7[State = -1, empty queue]] WARN  server.GrpcLogAppender (GrpcLogAppender.java:timeoutAppendRequest(200)) - bb059929-5614-48c6-a58f-6aecf783d9f9@group-0E599E84A094->19c6032e-47ed-4968-90cc-d60921880313-GrpcLogAppender: appendEntries Timeout, request=bb059929-5614-48c6-a58f-6aecf783d9f9->19c6032e-47ed-4968-90cc-d60921880313#485-t1, previous=(t:1, i:456), leaderCommit=451, initializing? false, entries: size=1, first=(t:1, i:457), STATEMACHINELOGENTRY, client-35088F6A0AE3, cid=378
2019-09-25 20:03:41,479 [java.util.concurrent.ThreadPoolExecutor$Worker@1c7b729e[State = -1, empty queue]] WARN  server.GrpcLogAppender (GrpcLogAppender.java:timeoutAppendRequest(200)) - bb059929-5614-48c6-a58f-6aecf783d9f9@group-0E599E84A094->ecfcfef9-0a1f-4a83-8f60-f1d853e02fb5-GrpcLogAppender: appendEntries Timeout, request=bb059929-5614-48c6-a58f-6aecf783d9f9->ecfcfef9-0a1f-4a83-8f60-f1d853e02fb5#486-t1, previous=(t:1, i:457), leaderCommit=451, initializing? false, entries: size=1, first=(t:1, i:458), STATEMACHINELOGENTRY, client-35088F6A0AE3, cid=381
2019-09-25 20:03:41,479 [java.util.concurrent.ThreadPoolExecutor$Worker@705443a7[State = -1, empty queue]] WARN  server.GrpcLogAppender (GrpcLogAppender.java:timeoutAppendRequest(200)) - bb059929-5614-48c6-a58f-6aecf783d9f9@group-0E599E84A094->19c6032e-47ed-4968-90cc-d60921880313-GrpcLogAppender: appendEntries Timeout, request=bb059929-5614-48c6-a58f-6aecf783d9f9->19c6032e-47ed-4968-90cc-d60921880313#486-t1, previous=(t:1, i:457), leaderCommit=451, initializing? false, entries: size=1, first=(t:1, i:458), STATEMACHINELOGENTRY, client-35088F6A0AE3, cid=381
2019-09-25 20:03:41,480 [java.util.concurrent.ThreadPoolExecutor$Worker@1c7b729e[State = -1, empty queue]] WARN  server.GrpcLogAppender (GrpcLogAppender.java:timeoutAppendRequest(200)) - bb059929-5614-48c6-a58f-6aecf783d9f9@group-0E599E84A094->ecfcfef9-0a1f-4a83-8f60-f1d853e02fb5-GrpcLogAppender: appendEntries Timeout, request=bb059929-5614-48c6-a58f-6aecf783d9f9->ecfcfef9-0a1f-4a83-8f60-f1d853e02fb5#487-t1, previous=(t:1, i:458), leaderCommit=451, initializing? false, entries: size=1, first=(t:1, i:459), STATEMACHINELOGENTRY, client-35088F6A0AE3, cid=383
2019-09-25 20:03:41,480 [java.util.concurrent.ThreadPoolExecutor$Worker@705443a7[State = -1, empty queue]] WARN  server.GrpcLogAppender (GrpcLogAppender.java:timeoutAppendRequest(200)) - bb059929-5614-48c6-a58f-6aecf783d9f9@group-0E599E84A094->19c6032e-47ed-4968-90cc-d60921880313-GrpcLogAppender: appendEntries Timeout, request=bb059929-5614-48c6-a58f-6aecf783d9f9->19c6032e-47ed-4968-90cc-d60921880313#487-t1, previous=(t:1, i:458), leaderCommit=451, initializing? false, entries: size=1, first=(t:1, i:459), STATEMACHINELOGENTRY, client-35088F6A0AE3, cid=383
2019-09-25 20:03:41,481 [java.util.concurrent.ThreadPoolExecutor$Worker@1c7b729e[State = -1, empty queue]] WARN  server.GrpcLogAppender (GrpcLogAppender.java:timeoutAppendRequest(200)) - bb059929-5614-48c6-a58f-6aecf783d9f9@group-0E599E84A094->ecfcfef9-0a1f-4a83-8f60-f1d853e02fb5-GrpcLogAppender: appendEntries Timeout, request=bb059929-5614-48c6-a58f-6aecf783d9f9->ecfcfef9-0a1f-4a83-8f60-f1d853e02fb5#488-t1, previous=(t:1, i:459), leaderCommit=451, initializing? false, entries: size=1, first=(t:1, i:460), STATEMACHINELOGENTRY, client-35088F6A0AE3, cid=380
2019-09-25 20:03:41,481 [java.util.concurrent.ThreadPoolExecutor$Worker@705443a7[State = -1, empty queue]] WARN  server.GrpcLogAppender (GrpcLogAppender.java:timeoutAppendRequest(200)) - bb059929-5614-48c6-a58f-6aecf783d9f9@group-0E599E84A094->19c6032e-47ed-4968-90cc-d60921880313-GrpcLogAppender: appendEntries Timeout, request=bb059929-5614-48c6-a58f-6aecf783d9f9->19c6032e-47ed-4968-90cc-d60921880313#488-t1, previous=(t:1, i:459), leaderCommit=451, initializing? false, entries: size=1, first=(t:1, i:460), STATEMACHINELOGENTRY, client-35088F6A0AE3, cid=380
2019-09-25 20:03:41,481 [java.util.concurrent.ThreadPoolExecutor$Worker@1c7b729e[State = -1, empty queue]] WARN  server.GrpcLogAppender (GrpcLogAppender.java:timeoutAppendRequest(200)) - bb059929-5614-48c6-a58f-6aecf783d9f9@group-0E599E84A094->ecfcfef9-0a1f-4a83-8f60-f1d853e02fb5-GrpcLogAppender: appendEntries Timeout, request=bb059929-5614-48c6-a58f-6aecf783d9f9->ecfcfef9-0a1f-4a83-8f60-f1d853e02fb5#489-t1, previous=(t:1, i:460), leaderCommit=451, initializing? false, entries: size=1, first=(t:1, i:461), STATEMACHINELOGENTRY, client-35088F6A0AE3, cid=384
2019-09-25 20:03:41,481 [java.util.concurrent.ThreadPoolExecutor$Worker@705443a7[State = -1, empty queue]] WARN  server.GrpcLogAppender (GrpcLogAppender.java:timeoutAppendRequest(200)) - bb059929-5614-48c6-a58f-6aecf783d9f9@group-0E599E84A094->19c6032e-47ed-4968-90cc-d60921880313-GrpcLogAppender: appendEntries Timeout, request=bb059929-5614-48c6-a58f-6aecf783d9f9->19c6032e-47ed-4968-90cc-d60921880313#489-t1, previous=(t:1, i:460), leaderCommit=451, initializing? false, entries: size=1, first=(t:1, i:461), STATEMACHINELOGENTRY, client-35088F6A0AE3, cid=384
2019-09-25 20:03:41,481 [java.util.concurrent.ThreadPoolExecutor$Worker@1c7b729e[State = -1, empty queue]] WARN  server.GrpcLogAppender (GrpcLogAppender.java:timeoutAppendRequest(200)) - bb059929-5614-48c6-a58f-6aecf783d9f9@group-0E599E84A094->ecfcfef9-0a1f-4a83-8f60-f1d853e02fb5-GrpcLogAppender: appendEntries Timeout, request=bb059929-5614-48c6-a58f-6aecf783d9f9->ecfcfef9-0a1f-4a83-8f60-f1d853e02fb5#490-t1, previous=(t:1, i:461), leaderCommit=451, initializing? false, entries: size=1, first=(t:1, i:462), STATEMACHINELOGENTRY, client-35088F6A0AE3, cid=386
2019-09-25 20:03:41,481 [java.util.concurrent.ThreadPoolExecutor$Worker@705443a7[State = -1, empty queue]] WARN  server.GrpcLogAppender (GrpcLogAppender.java:timeoutAppendRequest(200)) - bb059929-5614-48c6-a58f-6aecf783d9f9@group-0E599E84A094->19c6032e-47ed-4968-90cc-d60921880313-GrpcLogAppender: appendEntries Timeout, request=bb059929-5614-48c6-a58f-6aecf783d9f9->19c6032e-47ed-4968-90cc-d60921880313#490-t1, previous=(t:1, i:461), leaderCommit=451, initializing? false, entries: size=1, first=(t:1, i:462), STATEMACHINELOGENTRY, client-35088F6A0AE3, cid=386
2019-09-25 20:03:41,482 [java.util.concurrent.ThreadPoolExecutor$Worker@1c7b729e[State = -1, empty queue]] WARN  server.GrpcLogAppender (GrpcLogAppender.java:timeoutAppendRequest(200)) - bb059929-5614-48c6-a58f-6aecf783d9f9@group-0E599E84A094->ecfcfef9-0a1f-4a83-8f60-f1d853e02fb5-GrpcLogAppender: appendEntries Timeout, request=bb059929-5614-48c6-a58f-6aecf783d9f9->ecfcfef9-0a1f-4a83-8f60-f1d853e02fb5#491-t1, previous=(t:1, i:462), leaderCommit=451, initializing? false, entries: size=1, first=(t:1, i:463), STATEMACHINELOGENTRY, client-35088F6A0AE3, cid=387
2019-09-25 20:03:41,482 [java.util.concurrent.ThreadPoolExecutor$Worker@705443a7[State = -1, empty queue]] WARN  server.GrpcLogAppender (GrpcLogAppender.java:timeoutAppendRequest(200)) - bb059929-5614-48c6-a58f-6aecf783d9f9@group-0E599E84A094->19c6032e-47ed-4968-90cc-d60921880313-GrpcLogAppender: appendEntries Timeout, request=bb059929-5614-48c6-a58f-6aecf783d9f9->19c6032e-47ed-4968-90cc-d60921880313#491-t1, previous=(t:1, i:462), leaderCommit=451, initializing? false, entries: size=1, first=(t:1, i:463), STATEMACHINELOGENTRY, client-35088F6A0AE3, cid=387
2019-09-25 20:03:41,483 [java.util.concurrent.ThreadPoolExecutor$Worker@1c7b729e[State = -1, empty queue]] WARN  server.GrpcLogAppender (GrpcLogAppender.java:timeoutAppendRequest(200)) - bb059929-5614-48c6-a58f-6aecf783d9f9@group-0E599E84A094->ecfcfef9-0a1f-4a83-8f60-f1d853e02fb5-GrpcLogAppender: appendEntries Timeout, request=bb059929-5614-48c6-a58f-6aecf783d9f9->ecfcfef9-0a1f-4a83-8f60-f1d853e02fb5#492-t1, previous=(t:1, i:463), leaderCommit=451, initializing? false, entries: size=1, first=(t:1, i:464), STATEMACHINELOGENTRY, client-35088F6A0AE3, cid=382
2019-09-25 20:03:41,483 [java.util.concurrent.ThreadPoolExecutor$Worker@705443a7[State = -1, empty queue]] WARN  server.GrpcLogAppender (GrpcLogAppender.java:timeoutAppendRequest(200)) - bb059929-5614-48c6-a58f-6aecf783d9f9@group-0E599E84A094->19c6032e-47ed-4968-90cc-d60921880313-GrpcLogAppender: appendEntries Timeout, request=bb059929-5614-48c6-a58f-6aecf783d9f9->19c6032e-47ed-4968-90cc-d60921880313#492-t1, previous=(t:1, i:463), leaderCommit=451, initializing? false, entries: size=1, first=(t:1, i:464), STATEMACHINELOGENTRY, client-35088F6A0AE3, cid=382
2019-09-25 20:03:41,483 [java.util.concurrent.ThreadPoolExecutor$Worker@1c7b729e[State = -1, empty queue]] WARN  server.GrpcLogAppender (GrpcLogAppender.java:timeoutAppendRequest(200)) - bb059929-5614-48c6-a58f-6aecf783d9f9@group-0E599E84A094->ecfcfef9-0a1f-4a83-8f60-f1d853e02fb5-GrpcLogAppender: appendEntries Timeout, request=bb059929-5614-48c6-a58f-6aecf783d9f9->ecfcfef9-0a1f-4a83-8f60-f1d853e02fb5#493-t1, previous=(t:1, i:464), leaderCommit=451, initializing? false, entries: size=1, first=(t:1, i:465), STATEMACHINELOGENTRY, client-35088F6A0AE3, cid=389
2019-09-25 20:03:41,483 [java.util.concurrent.ThreadPoolExecutor$Worker@705443a7[State = -1, empty queue]] WARN  server.GrpcLogAppender (GrpcLogAppender.java:timeoutAppendRequest(200)) - bb059929-5614-48c6-a58f-6aecf783d9f9@group-0E599E84A094->19c6032e-47ed-4968-90cc-d60921880313-GrpcLogAppender: appendEntries Timeout, request=bb059929-5614-48c6-a58f-6aecf783d9f9->19c6032e-47ed-4968-90cc-d60921880313#493-t1, previous=(t:1, i:464), leaderCommit=451, initializing? false, entries: size=1, first=(t:1, i:465), STATEMACHINELOGENTRY, client-35088F6A0AE3, cid=389
2019-09-25 20:03:41,484 [java.util.concurrent.ThreadPoolExecutor$Worker@1c7b729e[State = -1, empty queue]] WARN  server.GrpcLogAppender (GrpcLogAppender.java:timeoutAppendRequest(200)) - bb059929-5614-48c6-a58f-6aecf783d9f9@group-0E599E84A094->ecfcfef9-0a1f-4a83-8f60-f1d853e02fb5-GrpcLogAppender: appendEntries Timeout, request=bb059929-5614-48c6-a58f-6aecf783d9f9->ecfcfef9-0a1f-4a83-8f60-f1d853e02fb5#494-t1, previous=(t:1, i:465), leaderCommit=451, initializing? false, entries: size=1, first=(t:1, i:466), STATEMACHINELOGENTRY, client-35088F6A0AE3, cid=388
2019-09-25 20:03:41,484 [java.util.concurrent.ThreadPoolExecutor$Worker@705443a7[State = -1, empty queue]] WARN  server.GrpcLogAppender (GrpcLogAppender.java:timeoutAppendRequest(200)) - bb059929-5614-48c6-a58f-6aecf783d9f9@group-0E599E84A094->19c6032e-47ed-4968-90cc-d60921880313-GrpcLogAppender: appendEntries Timeout, request=bb059929-5614-48c6-a58f-6aecf783d9f9->19c6032e-47ed-4968-90cc-d60921880313#494-t1, previous=(t:1, i:465), leaderCommit=451, initializing? false, entries: size=1, first=(t:1, i:466), STATEMACHINELOGENTRY, client-35088F6A0AE3, cid=388
2019-09-25 20:03:41,484 [java.util.concurrent.ThreadPoolExecutor$Worker@1c7b729e[State = -1, empty queue]] WARN  server.GrpcLogAppender (GrpcLogAppender.java:timeoutAppendRequest(200)) - bb059929-5614-48c6-a58f-6aecf783d9f9@group-0E599E84A094->ecfcfef9-0a1f-4a83-8f60-f1d853e02fb5-GrpcLogAppender: appendEntries Timeout, request=bb059929-5614-48c6-a58f-6aecf783d9f9->ecfcfef9-0a1f-4a83-8f60-f1d853e02fb5#495-t1, previous=(t:1, i:466), leaderCommit=451, initializing? false, entries: size=1, first=(t:1, i:467), STATEMACHINELOGENTRY, client-35088F6A0AE3, cid=390
2019-09-25 20:03:41,484 [java.util.concurrent.ThreadPoolExecutor$Worker@705443a7[State = -1, empty queue]] WARN  server.GrpcLogAppender (GrpcLogAppender.java:timeoutAppendRequest(200)) - bb059929-5614-48c6-a58f-6aecf783d9f9@group-0E599E84A094->19c6032e-47ed-4968-90cc-d60921880313-GrpcLogAppender: appendEntries Timeout, request=bb059929-5614-48c6-a58f-6aecf783d9f9->19c6032e-47ed-4968-90cc-d60921880313#495-t1, previous=(t:1, i:466), leaderCommit=451, initializing? false, entries: size=1, first=(t:1, i:467), STATEMACHINELOGENTRY, client-35088F6A0AE3, cid=390
2019-09-25 20:03:41,484 [java.util.concurrent.ThreadPoolExecutor$Worker@705443a7[State = -1, empty queue]] WARN  server.GrpcLogAppender (GrpcLogAppender.java:timeoutAppendRequest(200)) - bb059929-5614-48c6-a58f-6aecf783d9f9@group-0E599E84A094->19c6032e-47ed-4968-90cc-d60921880313-GrpcLogAppender: appendEntries Timeout, request=bb059929-5614-48c6-a58f-6aecf783d9f9->19c6032e-47ed-4968-90cc-d60921880313#496-t1, previous=(t:1, i:467), leaderCommit=451, initializing? false, entries: size=1, first=(t:1, i:468), STATEMACHINELOGENTRY, client-35088F6A0AE3, cid=385
2019-09-25 20:03:41,484 [java.util.concurrent.ThreadPoolExecutor$Worker@1c7b729e[State = -1, empty queue]] WARN  server.GrpcLogAppender (GrpcLogAppender.java:timeoutAppendRequest(200)) - bb059929-5614-48c6-a58f-6aecf783d9f9@group-0E599E84A094->ecfcfef9-0a1f-4a83-8f60-f1d853e02fb5-GrpcLogAppender: appendEntries Timeout, request=bb059929-5614-48c6-a58f-6aecf783d9f9->ecfcfef9-0a1f-4a83-8f60-f1d853e02fb5#496-t1, previous=(t:1, i:467), leaderCommit=451, initializing? false, entries: size=1, first=(t:1, i:468), STATEMACHINELOGENTRY, client-35088F6A0AE3, cid=385
2019-09-25 20:03:41,485 [java.util.concurrent.ThreadPoolExecutor$Worker@1c7b729e[State = -1, empty queue]] WARN  server.GrpcLogAppender (GrpcLogAppender.java:timeoutAppendRequest(200)) - bb059929-5614-48c6-a58f-6aecf783d9f9@group-0E599E84A094->ecfcfef9-0a1f-4a83-8f60-f1d853e02fb5-GrpcLogAppender: appendEntries Timeout, request=bb059929-5614-48c6-a58f-6aecf783d9f9->ecfcfef9-0a1f-4a83-8f60-f1d853e02fb5#497-t1, previous=(t:1, i:468), leaderCommit=451, initializing? false, entries: size=1, first=(t:1, i:469), STATEMACHINELOGENTRY, client-35088F6A0AE3, cid=391
2019-09-25 20:03:41,485 [java.util.concurrent.ThreadPoolExecutor$Worker@705443a7[State = -1, empty queue]] WARN  server.GrpcLogAppender (GrpcLogAppender.java:timeoutAppendRequest(200)) - bb059929-5614-48c6-a58f-6aecf783d9f9@group-0E599E84A094->19c6032e-47ed-4968-90cc-d60921880313-GrpcLogAppender: appendEntries Timeout, request=bb059929-5614-48c6-a58f-6aecf783d9f9->19c6032e-47ed-4968-90cc-d60921880313#497-t1, previous=(t:1, i:468), leaderCommit=451, initializing? false, entries: size=1, first=(t:1, i:469), STATEMACHINELOGENTRY, client-35088F6A0AE3, cid=391
 88.00% |█████████████████████████████████████████████████████████████████████████████████████████            |  88/100 Time: 0:00:22 88.00% |█████████████████████████████████████████████████████████████████████████████████████████            |  88/100 Time: 0:00:232019-09-25 20:03:43,017 [grpc-default-executor-3] WARN  server.GrpcLogAppender (GrpcLogAppender.java:onNextImpl(251)) - bb059929-5614-48c6-a58f-6aecf783d9f9@group-0E599E84A094->ecfcfef9-0a1f-4a83-8f60-f1d853e02fb5-AppendLogResponseHandler: Request not found, ignoring reply: bb059929-5614-48c6-a58f-6aecf783d9f9<-ecfcfef9-0a1f-4a83-8f60-f1d853e02fb5#480:OK,SUCCESS,nextIndex:453,term:1,followerCommit:451
2019-09-25 20:03:43,017 [grpc-default-executor-6] WARN  server.GrpcLogAppender (GrpcLogAppender.java:onNextImpl(251)) - bb059929-5614-48c6-a58f-6aecf783d9f9@group-0E599E84A094->19c6032e-47ed-4968-90cc-d60921880313-AppendLogResponseHandler: Request not found, ignoring reply: bb059929-5614-48c6-a58f-6aecf783d9f9<-19c6032e-47ed-4968-90cc-d60921880313#480:OK,SUCCESS,nextIndex:453,term:1,followerCommit:451
 88.00% |█████████████████████████████████████████████████████████████████████████████████████████            |  88/100 Time: 0:00:242019-09-25 20:03:43,986 [java.util.concurrent.ThreadPoolExecutor$Worker@1c7b729e[State = -1, empty queue]] WARN  server.GrpcLogAppender (GrpcLogAppender.java:timeoutAppendRequest(200)) - bb059929-5614-48c6-a58f-6aecf783d9f9@group-0E599E84A094->ecfcfef9-0a1f-4a83-8f60-f1d853e02fb5-GrpcLogAppender: appendEntries Timeout, request=bb059929-5614-48c6-a58f-6aecf783d9f9->ecfcfef9-0a1f-4a83-8f60-f1d853e02fb5#498-t1, previous=(t:1, i:469), leaderCommit=451, initializing? false, entries: <empty>
2019-09-25 20:03:43,986 [java.util.concurrent.ThreadPoolExecutor$Worker@705443a7[State = -1, empty queue]] WARN  server.GrpcLogAppender (GrpcLogAppender.java:timeoutAppendRequest(200)) - bb059929-5614-48c6-a58f-6aecf783d9f9@group-0E599E84A094->19c6032e-47ed-4968-90cc-d60921880313-GrpcLogAppender: appendEntries Timeout, request=bb059929-5614-48c6-a58f-6aecf783d9f9->19c6032e-47ed-4968-90cc-d60921880313#498-t1, previous=(t:1, i:469), leaderCommit=451, initializing? false, entries: <empty>
 88.00% |█████████████████████████████████████████████████████████████████████████████████████████            |  88/100 Time: 0:00:25 88.00% |█████████████████████████████████████████████████████████████████████████████████████████            |  88/100 Time: 0:00:26 88.00% |█████████████████████████████████████████████████████████████████████████████████████████            |  88/100 Time: 0:00:27 88.00% |█████████████████████████████████████████████████████████████████████████████████████████            |  88/100 Time: 0:00:282019-09-25 20:03:48,209 [grpc-default-executor-6] WARN  server.GrpcLogAppender (GrpcLogAppender.java:onNextImpl(251)) - bb059929-5614-48c6-a58f-6aecf783d9f9@group-0E599E84A094->ecfcfef9-0a1f-4a83-8f60-f1d853e02fb5-AppendLogResponseHandler: Request not found, ignoring reply: bb059929-5614-48c6-a58f-6aecf783d9f9<-ecfcfef9-0a1f-4a83-8f60-f1d853e02fb5#481:OK,SUCCESS,nextIndex:454,term:1,followerCommit:451
2019-09-25 20:03:48,209 [grpc-default-executor-3] WARN  server.GrpcLogAppender (GrpcLogAppender.java:onNextImpl(251)) - bb059929-5614-48c6-a58f-6aecf783d9f9@group-0E599E84A094->19c6032e-47ed-4968-90cc-d60921880313-AppendLogResponseHandler: Request not found, ignoring reply: bb059929-5614-48c6-a58f-6aecf783d9f9<-19c6032e-47ed-4968-90cc-d60921880313#481:OK,SUCCESS,nextIndex:454,term:1,followerCommit:451
2019-09-25 20:03:48,211 [grpc-default-executor-6] WARN  server.GrpcLogAppender (GrpcLogAppender.java:onNextImpl(251)) - bb059929-5614-48c6-a58f-6aecf783d9f9@group-0E599E84A094->ecfcfef9-0a1f-4a83-8f60-f1d853e02fb5-AppendLogResponseHandler: Request not found, ignoring reply: bb059929-5614-48c6-a58f-6aecf783d9f9<-ecfcfef9-0a1f-4a83-8f60-f1d853e02fb5#482:OK,SUCCESS,nextIndex:455,term:1,followerCommit:451
2019-09-25 20:03:48,212 [grpc-default-executor-3] WARN  server.GrpcLogAppender (GrpcLogAppender.java:onNextImpl(251)) - bb059929-5614-48c6-a58f-6aecf783d9f9@group-0E599E84A094->19c6032e-47ed-4968-90cc-d60921880313-AppendLogResponseHandler: Request not found, ignoring reply: bb059929-5614-48c6-a58f-6aecf783d9f9<-19c6032e-47ed-4968-90cc-d60921880313#482:OK,SUCCESS,nextIndex:455,term:1,followerCommit:451
2019-09-25 20:03:48,212 [grpc-default-executor-6] WARN  server.GrpcLogAppender (GrpcLogAppender.java:onNextImpl(251)) - bb059929-5614-48c6-a58f-6aecf783d9f9@group-0E599E84A094->ecfcfef9-0a1f-4a83-8f60-f1d853e02fb5-AppendLogResponseHandler: Request not found, ignoring reply: bb059929-5614-48c6-a58f-6aecf783d9f9<-ecfcfef9-0a1f-4a83-8f60-f1d853e02fb5#483:OK,SUCCESS,nextIndex:456,term:1,followerCommit:451
2019-09-25 20:03:48,212 [grpc-default-executor-3] WARN  server.GrpcLogAppender (GrpcLogAppender.java:onNextImpl(251)) - bb059929-5614-48c6-a58f-6aecf783d9f9@group-0E599E84A094->19c6032e-47ed-4968-90cc-d60921880313-AppendLogResponseHandler: Request not found, ignoring reply: bb059929-5614-48c6-a58f-6aecf783d9f9<-19c6032e-47ed-4968-90cc-d60921880313#483:OK,SUCCESS,nextIndex:456,term:1,followerCommit:451
2019-09-25 20:03:48,212 [grpc-default-executor-6] WARN  server.GrpcLogAppender (GrpcLogAppender.java:onNextImpl(251)) - bb059929-5614-48c6-a58f-6aecf783d9f9@group-0E599E84A094->ecfcfef9-0a1f-4a83-8f60-f1d853e02fb5-AppendLogResponseHandler: Request not found, ignoring reply: bb059929-5614-48c6-a58f-6aecf783d9f9<-ecfcfef9-0a1f-4a83-8f60-f1d853e02fb5#484:OK,SUCCESS,nextIndex:457,term:1,followerCommit:451
2019-09-25 20:03:48,212 [grpc-default-executor-3] WARN  server.GrpcLogAppender (GrpcLogAppender.java:onNextImpl(251)) - bb059929-5614-48c6-a58f-6aecf783d9f9@group-0E599E84A094->19c6032e-47ed-4968-90cc-d60921880313-AppendLogResponseHandler: Request not found, ignoring reply: bb059929-5614-48c6-a58f-6aecf783d9f9<-19c6032e-47ed-4968-90cc-d60921880313#484:OK,SUCCESS,nextIndex:457,term:1,followerCommit:451
2019-09-25 20:03:48,212 [grpc-default-executor-6] WARN  server.GrpcLogAppender (GrpcLogAppender.java:onNextImpl(251)) - bb059929-5614-48c6-a58f-6aecf783d9f9@group-0E599E84A094->ecfcfef9-0a1f-4a83-8f60-f1d853e02fb5-AppendLogResponseHandler: Request not found, ignoring reply: bb059929-5614-48c6-a58f-6aecf783d9f9<-ecfcfef9-0a1f-4a83-8f60-f1d853e02fb5#485:OK,SUCCESS,nextIndex:458,term:1,followerCommit:451
2019-09-25 20:03:48,213 [grpc-default-executor-3] WARN  server.GrpcLogAppender (GrpcLogAppender.java:onNextImpl(251)) - bb059929-5614-48c6-a58f-6aecf783d9f9@group-0E599E84A094->19c6032e-47ed-4968-90cc-d60921880313-AppendLogResponseHandler: Request not found, ignoring reply: bb059929-5614-48c6-a58f-6aecf783d9f9<-19c6032e-47ed-4968-90cc-d60921880313#485:OK,SUCCESS,nextIndex:458,term:1,followerCommit:451
2019-09-25 20:03:48,213 [grpc-default-executor-6] WARN  server.GrpcLogAppender (GrpcLogAppender.java:onNextImpl(251)) - bb059929-5614-48c6-a58f-6aecf783d9f9@group-0E599E84A094->ecfcfef9-0a1f-4a83-8f60-f1d853e02fb5-AppendLogResponseHandler: Request not found, ignoring reply: bb059929-5614-48c6-a58f-6aecf783d9f9<-ecfcfef9-0a1f-4a83-8f60-f1d853e02fb5#486:OK,SUCCESS,nextIndex:459,term:1,followerCommit:451
2019-09-25 20:03:48,213 [grpc-default-executor-3] WARN  server.GrpcLogAppender (GrpcLogAppender.java:onNextImpl(251)) - bb059929-5614-48c6-a58f-6aecf783d9f9@group-0E599E84A094->19c6032e-47ed-4968-90cc-d60921880313-AppendLogResponseHandler: Request not found, ignoring reply: bb059929-5614-48c6-a58f-6aecf783d9f9<-19c6032e-47ed-4968-90cc-d60921880313#486:OK,SUCCESS,nextIndex:459,term:1,followerCommit:451
2019-09-25 20:03:48,213 [grpc-default-executor-6] WARN  server.GrpcLogAppender (GrpcLogAppender.java:onNextImpl(251)) - bb059929-5614-48c6-a58f-6aecf783d9f9@group-0E599E84A094->ecfcfef9-0a1f-4a83-8f60-f1d853e02fb5-AppendLogResponseHandler: Request not found, ignoring reply: bb059929-5614-48c6-a58f-6aecf783d9f9<-ecfcfef9-0a1f-4a83-8f60-f1d853e02fb5#487:OK,SUCCESS,nextIndex:460,term:1,followerCommit:451
2019-09-25 20:03:48,213 [grpc-default-executor-3] WARN  server.GrpcLogAppender (GrpcLogAppender.java:onNextImpl(251)) - bb059929-5614-48c6-a58f-6aecf783d9f9@group-0E599E84A094->19c6032e-47ed-4968-90cc-d60921880313-AppendLogResponseHandler: Request not found, ignoring reply: bb059929-5614-48c6-a58f-6aecf783d9f9<-19c6032e-47ed-4968-90cc-d60921880313#487:OK,SUCCESS,nextIndex:460,term:1,followerCommit:451
2019-09-25 20:03:48,213 [grpc-default-executor-6] WARN  server.GrpcLogAppender (GrpcLogAppender.java:onNextImpl(251)) - bb059929-5614-48c6-a58f-6aecf783d9f9@group-0E599E84A094->ecfcfef9-0a1f-4a83-8f60-f1d853e02fb5-AppendLogResponseHandler: Request not found, ignoring reply: bb059929-5614-48c6-a58f-6aecf783d9f9<-ecfcfef9-0a1f-4a83-8f60-f1d853e02fb5#488:OK,SUCCESS,nextIndex:461,term:1,followerCommit:451
2019-09-25 20:03:48,213 [grpc-default-executor-3] WARN  server.GrpcLogAppender (GrpcLogAppender.java:onNextImpl(251)) - bb059929-5614-48c6-a58f-6aecf783d9f9@group-0E599E84A094->19c6032e-47ed-4968-90cc-d60921880313-AppendLogResponseHandler: Request not found, ignoring reply: bb059929-5614-48c6-a58f-6aecf783d9f9<-19c6032e-47ed-4968-90cc-d60921880313#488:OK,SUCCESS,nextIndex:461,term:1,followerCommit:451
2019-09-25 20:03:48,214 [grpc-default-executor-6] WARN  server.GrpcLogAppender (GrpcLogAppender.java:onNextImpl(251)) - bb059929-5614-48c6-a58f-6aecf783d9f9@group-0E599E84A094->ecfcfef9-0a1f-4a83-8f60-f1d853e02fb5-AppendLogResponseHandler: Request not found, ignoring reply: bb059929-5614-48c6-a58f-6aecf783d9f9<-ecfcfef9-0a1f-4a83-8f60-f1d853e02fb5#489:OK,SUCCESS,nextIndex:462,term:1,followerCommit:451
2019-09-25 20:03:48,214 [grpc-default-executor-3] WARN  server.GrpcLogAppender (GrpcLogAppender.java:onNextImpl(251)) - bb059929-5614-48c6-a58f-6aecf783d9f9@group-0E599E84A094->19c6032e-47ed-4968-90cc-d60921880313-AppendLogResponseHandler: Request not found, ignoring reply: bb059929-5614-48c6-a58f-6aecf783d9f9<-19c6032e-47ed-4968-90cc-d60921880313#489:OK,SUCCESS,nextIndex:462,term:1,followerCommit:451
2019-09-25 20:03:48,214 [grpc-default-executor-6] WARN  server.GrpcLogAppender (GrpcLogAppender.java:onNextImpl(251)) - bb059929-5614-48c6-a58f-6aecf783d9f9@group-0E599E84A094->ecfcfef9-0a1f-4a83-8f60-f1d853e02fb5-AppendLogResponseHandler: Request not found, ignoring reply: bb059929-5614-48c6-a58f-6aecf783d9f9<-ecfcfef9-0a1f-4a83-8f60-f1d853e02fb5#490:OK,SUCCESS,nextIndex:463,term:1,followerCommit:451
2019-09-25 20:03:48,214 [grpc-default-executor-3] WARN  server.GrpcLogAppender (GrpcLogAppender.java:onNextImpl(251)) - bb059929-5614-48c6-a58f-6aecf783d9f9@group-0E599E84A094->19c6032e-47ed-4968-90cc-d60921880313-AppendLogResponseHandler: Request not found, ignoring reply: bb059929-5614-48c6-a58f-6aecf783d9f9<-19c6032e-47ed-4968-90cc-d60921880313#490:OK,SUCCESS,nextIndex:463,term:1,followerCommit:451
2019-09-25 20:03:48,214 [grpc-default-executor-6] WARN  server.GrpcLogAppender (GrpcLogAppender.java:onNextImpl(251)) - bb059929-5614-48c6-a58f-6aecf783d9f9@group-0E599E84A094->ecfcfef9-0a1f-4a83-8f60-f1d853e02fb5-AppendLogResponseHandler: Request not found, ignoring reply: bb059929-5614-48c6-a58f-6aecf783d9f9<-ecfcfef9-0a1f-4a83-8f60-f1d853e02fb5#491:OK,SUCCESS,nextIndex:464,term:1,followerCommit:451
2019-09-25 20:03:48,214 [grpc-default-executor-3] WARN  server.GrpcLogAppender (GrpcLogAppender.java:onNextImpl(251)) - bb059929-5614-48c6-a58f-6aecf783d9f9@group-0E599E84A094->19c6032e-47ed-4968-90cc-d60921880313-AppendLogResponseHandler: Request not found, ignoring reply: bb059929-5614-48c6-a58f-6aecf783d9f9<-19c6032e-47ed-4968-90cc-d60921880313#491:OK,SUCCESS,nextIndex:464,term:1,followerCommit:451
2019-09-25 20:03:48,214 [grpc-default-executor-6] WARN  server.GrpcLogAppender (GrpcLogAppender.java:onNextImpl(251)) - bb059929-5614-48c6-a58f-6aecf783d9f9@group-0E599E84A094->ecfcfef9-0a1f-4a83-8f60-f1d853e02fb5-AppendLogResponseHandler: Request not found, ignoring reply: bb059929-5614-48c6-a58f-6aecf783d9f9<-ecfcfef9-0a1f-4a83-8f60-f1d853e02fb5#492:OK,SUCCESS,nextIndex:465,term:1,followerCommit:451
2019-09-25 20:03:48,215 [grpc-default-executor-3] WARN  server.GrpcLogAppender (GrpcLogAppender.java:onNextImpl(251)) - bb059929-5614-48c6-a58f-6aecf783d9f9@group-0E599E84A094->19c6032e-47ed-4968-90cc-d60921880313-AppendLogResponseHandler: Request not found, ignoring reply: bb059929-5614-48c6-a58f-6aecf783d9f9<-19c6032e-47ed-4968-90cc-d60921880313#492:OK,SUCCESS,nextIndex:465,term:1,followerCommit:451
2019-09-25 20:03:48,215 [grpc-default-executor-6] WARN  server.GrpcLogAppender (GrpcLogAppender.java:onNextImpl(251)) - bb059929-5614-48c6-a58f-6aecf783d9f9@group-0E599E84A094->ecfcfef9-0a1f-4a83-8f60-f1d853e02fb5-AppendLogResponseHandler: Request not found, ignoring reply: bb059929-5614-48c6-a58f-6aecf783d9f9<-ecfcfef9-0a1f-4a83-8f60-f1d853e02fb5#493:OK,SUCCESS,nextIndex:466,term:1,followerCommit:451
2019-09-25 20:03:48,215 [grpc-default-executor-3] WARN  server.GrpcLogAppender (GrpcLogAppender.java:onNextImpl(251)) - bb059929-5614-48c6-a58f-6aecf783d9f9@group-0E599E84A094->19c6032e-47ed-4968-90cc-d60921880313-AppendLogResponseHandler: Request not found, ignoring reply: bb059929-5614-48c6-a58f-6aecf783d9f9<-19c6032e-47ed-4968-90cc-d60921880313#493:OK,SUCCESS,nextIndex:466,term:1,followerCommit:451
2019-09-25 20:03:48,215 [grpc-default-executor-6] WARN  server.GrpcLogAppender (GrpcLogAppender.java:onNextImpl(251)) - bb059929-5614-48c6-a58f-6aecf783d9f9@group-0E599E84A094->ecfcfef9-0a1f-4a83-8f60-f1d853e02fb5-AppendLogResponseHandler: Request not found, ignoring reply: bb059929-5614-48c6-a58f-6aecf783d9f9<-ecfcfef9-0a1f-4a83-8f60-f1d853e02fb5#494:OK,SUCCESS,nextIndex:467,term:1,followerCommit:451
2019-09-25 20:03:48,215 [grpc-default-executor-3] WARN  server.GrpcLogAppender (GrpcLogAppender.java:onNextImpl(251)) - bb059929-5614-48c6-a58f-6aecf783d9f9@group-0E599E84A094->19c6032e-47ed-4968-90cc-d60921880313-AppendLogResponseHandler: Request not found, ignoring reply: bb059929-5614-48c6-a58f-6aecf783d9f9<-19c6032e-47ed-4968-90cc-d60921880313#494:OK,SUCCESS,nextIndex:467,term:1,followerCommit:451
2019-09-25 20:03:48,215 [grpc-default-executor-6] WARN  server.GrpcLogAppender (GrpcLogAppender.java:onNextImpl(251)) - bb059929-5614-48c6-a58f-6aecf783d9f9@group-0E599E84A094->ecfcfef9-0a1f-4a83-8f60-f1d853e02fb5-AppendLogResponseHandler: Request not found, ignoring reply: bb059929-5614-48c6-a58f-6aecf783d9f9<-ecfcfef9-0a1f-4a83-8f60-f1d853e02fb5#495:OK,SUCCESS,nextIndex:468,term:1,followerCommit:451
2019-09-25 20:03:48,215 [grpc-default-executor-3] WARN  server.GrpcLogAppender (GrpcLogAppender.java:onNextImpl(251)) - bb059929-5614-48c6-a58f-6aecf783d9f9@group-0E599E84A094->19c6032e-47ed-4968-90cc-d60921880313-AppendLogResponseHandler: Request not found, ignoring reply: bb059929-5614-48c6-a58f-6aecf783d9f9<-19c6032e-47ed-4968-90cc-d60921880313#495:OK,SUCCESS,nextIndex:468,term:1,followerCommit:451
2019-09-25 20:03:48,216 [grpc-default-executor-6] WARN  server.GrpcLogAppender (GrpcLogAppender.java:onNextImpl(251)) - bb059929-5614-48c6-a58f-6aecf783d9f9@group-0E599E84A094->ecfcfef9-0a1f-4a83-8f60-f1d853e02fb5-AppendLogResponseHandler: Request not found, ignoring reply: bb059929-5614-48c6-a58f-6aecf783d9f9<-ecfcfef9-0a1f-4a83-8f60-f1d853e02fb5#496:OK,SUCCESS,nextIndex:469,term:1,followerCommit:451
2019-09-25 20:03:48,216 [grpc-default-executor-3] WARN  server.GrpcLogAppender (GrpcLogAppender.java:onNextImpl(251)) - bb059929-5614-48c6-a58f-6aecf783d9f9@group-0E599E84A094->19c6032e-47ed-4968-90cc-d60921880313-AppendLogResponseHandler: Request not found, ignoring reply: bb059929-5614-48c6-a58f-6aecf783d9f9<-19c6032e-47ed-4968-90cc-d60921880313#496:OK,SUCCESS,nextIndex:469,term:1,followerCommit:451
2019-09-25 20:03:48,216 [grpc-default-executor-6] WARN  server.GrpcLogAppender (GrpcLogAppender.java:onNextImpl(251)) - bb059929-5614-48c6-a58f-6aecf783d9f9@group-0E599E84A094->ecfcfef9-0a1f-4a83-8f60-f1d853e02fb5-AppendLogResponseHandler: Request not found, ignoring reply: bb059929-5614-48c6-a58f-6aecf783d9f9<-ecfcfef9-0a1f-4a83-8f60-f1d853e02fb5#497:OK,SUCCESS,nextIndex:470,term:1,followerCommit:451
2019-09-25 20:03:48,216 [grpc-default-executor-3] WARN  server.GrpcLogAppender (GrpcLogAppender.java:onNextImpl(251)) - bb059929-5614-48c6-a58f-6aecf783d9f9@group-0E599E84A094->19c6032e-47ed-4968-90cc-d60921880313-AppendLogResponseHandler: Request not found, ignoring reply: bb059929-5614-48c6-a58f-6aecf783d9f9<-19c6032e-47ed-4968-90cc-d60921880313#497:OK,SUCCESS,nextIndex:470,term:1,followerCommit:451
2019-09-25 20:03:48,216 [grpc-default-executor-6] WARN  server.GrpcLogAppender (GrpcLogAppender.java:onNextImpl(251)) - bb059929-5614-48c6-a58f-6aecf783d9f9@group-0E599E84A094->ecfcfef9-0a1f-4a83-8f60-f1d853e02fb5-AppendLogResponseHandler: Request not found, ignoring reply: bb059929-5614-48c6-a58f-6aecf783d9f9<-ecfcfef9-0a1f-4a83-8f60-f1d853e02fb5#498:OK,SUCCESS,nextIndex:470,term:1,followerCommit:451
2019-09-25 20:03:48,216 [grpc-default-executor-3] WARN  server.GrpcLogAppender (GrpcLogAppender.java:onNextImpl(251)) - bb059929-5614-48c6-a58f-6aecf783d9f9@group-0E599E84A094->19c6032e-47ed-4968-90cc-d60921880313-AppendLogResponseHandler: Request not found, ignoring reply: bb059929-5614-48c6-a58f-6aecf783d9f9<-19c6032e-47ed-4968-90cc-d60921880313#498:OK,SUCCESS,nextIndex:470,term:1,followerCommit:451
 88.00% |█████████████████████████████████████████████████████████████████████████████████████████            |  88/100 Time: 0:00:29 97.00% |██████████████████████████████████████████████████████████████████████████████████████████████████   |  97/100 Time: 0:00:30 97.00% |██████████████████████████████████████████████████████████████████████████████████████████████████   |  97/100 Time: 0:00:31 97.00% |██████████████████████████████████████████████████████████████████████████████████████████████████   |  97/100 Time: 0:00:322019-09-25 20:03:52,273 [java.util.concurrent.ThreadPoolExecutor$Worker@705443a7[State = -1, empty queue]] WARN  server.GrpcLogAppender (GrpcLogAppender.java:timeoutAppendRequest(200)) - bb059929-5614-48c6-a58f-6aecf783d9f9@group-0E599E84A094->19c6032e-47ed-4968-90cc-d60921880313-GrpcLogAppender: appendEntries Timeout, request=bb059929-5614-48c6-a58f-6aecf783d9f9->19c6032e-47ed-4968-90cc-d60921880313#503-t1, previous=(t:1, i:471), leaderCommit=471, initializing? false, entries: size=1, first=(t:1, i:472), METADATAENTRY(c471)
2019-09-25 20:03:52,273 [java.util.concurrent.ThreadPoolExecutor$Worker@1c7b729e[State = -1, empty queue]] WARN  server.GrpcLogAppender (GrpcLogAppender.java:timeoutAppendRequest(200)) - bb059929-5614-48c6-a58f-6aecf783d9f9@group-0E599E84A094->ecfcfef9-0a1f-4a83-8f60-f1d853e02fb5-GrpcLogAppender: appendEntries Timeout, request=bb059929-5614-48c6-a58f-6aecf783d9f9->ecfcfef9-0a1f-4a83-8f60-f1d853e02fb5#503-t1, previous=(t:1, i:471), leaderCommit=471, initializing? false, entries: size=1, first=(t:1, i:472), METADATAENTRY(c471)
2019-09-25 20:03:52,283 [java.util.concurrent.ThreadPoolExecutor$Worker@705443a7[State = -1, empty queue]] WARN  server.GrpcLogAppender (GrpcLogAppender.java:timeoutAppendRequest(200)) - bb059929-5614-48c6-a58f-6aecf783d9f9@group-0E599E84A094->19c6032e-47ed-4968-90cc-d60921880313-GrpcLogAppender: appendEntries Timeout, request=bb059929-5614-48c6-a58f-6aecf783d9f9->19c6032e-47ed-4968-90cc-d60921880313#504-t1, previous=(t:1, i:472), leaderCommit=471, initializing? false, entries: size=1, first=(t:1, i:473), STATEMACHINELOGENTRY, client-FF966770FF49, cid=401
2019-09-25 20:03:52,283 [java.util.concurrent.ThreadPoolExecutor$Worker@1c7b729e[State = -1, empty queue]] WARN  server.GrpcLogAppender (GrpcLogAppender.java:timeoutAppendRequest(200)) - bb059929-5614-48c6-a58f-6aecf783d9f9@group-0E599E84A094->ecfcfef9-0a1f-4a83-8f60-f1d853e02fb5-GrpcLogAppender: appendEntries Timeout, request=bb059929-5614-48c6-a58f-6aecf783d9f9->ecfcfef9-0a1f-4a83-8f60-f1d853e02fb5#504-t1, previous=(t:1, i:472), leaderCommit=471, initializing? false, entries: size=1, first=(t:1, i:473), STATEMACHINELOGENTRY, client-FF966770FF49, cid=401
2019-09-25 20:03:52,283 [java.util.concurrent.ThreadPoolExecutor$Worker@1c7b729e[State = -1, empty queue]] WARN  server.GrpcLogAppender (GrpcLogAppender.java:timeoutAppendRequest(200)) - bb059929-5614-48c6-a58f-6aecf783d9f9@group-0E599E84A094->ecfcfef9-0a1f-4a83-8f60-f1d853e02fb5-GrpcLogAppender: appendEntries Timeout, request=bb059929-5614-48c6-a58f-6aecf783d9f9->ecfcfef9-0a1f-4a83-8f60-f1d853e02fb5#505-t1, previous=(t:1, i:473), leaderCommit=471, initializing? false, entries: size=1, first=(t:1, i:474), STATEMACHINELOGENTRY, client-FF966770FF49, cid=403
2019-09-25 20:03:52,283 [java.util.concurrent.ThreadPoolExecutor$Worker@705443a7[State = -1, empty queue]] WARN  server.GrpcLogAppender (GrpcLogAppender.java:timeoutAppendRequest(200)) - bb059929-5614-48c6-a58f-6aecf783d9f9@group-0E599E84A094->19c6032e-47ed-4968-90cc-d60921880313-GrpcLogAppender: appendEntries Timeout, request=bb059929-5614-48c6-a58f-6aecf783d9f9->19c6032e-47ed-4968-90cc-d60921880313#505-t1, previous=(t:1, i:473), leaderCommit=471, initializing? false, entries: size=1, first=(t:1, i:474), STATEMACHINELOGENTRY, client-FF966770FF49, cid=403
2019-09-25 20:03:52,284 [java.util.concurrent.ThreadPoolExecutor$Worker@1c7b729e[State = -1, empty queue]] WARN  server.GrpcLogAppender (GrpcLogAppender.java:timeoutAppendRequest(200)) - bb059929-5614-48c6-a58f-6aecf783d9f9@group-0E599E84A094->ecfcfef9-0a1f-4a83-8f60-f1d853e02fb5-GrpcLogAppender: appendEntries Timeout, request=bb059929-5614-48c6-a58f-6aecf783d9f9->ecfcfef9-0a1f-4a83-8f60-f1d853e02fb5#506-t1, previous=(t:1, i:474), leaderCommit=471, initializing? false, entries: size=1, first=(t:1, i:475), STATEMACHINELOGENTRY, client-FF966770FF49, cid=404
2019-09-25 20:03:52,284 [java.util.concurrent.ThreadPoolExecutor$Worker@705443a7[State = -1, empty queue]] WARN  server.GrpcLogAppender (GrpcLogAppender.java:timeoutAppendRequest(200)) - bb059929-5614-48c6-a58f-6aecf783d9f9@group-0E599E84A094->19c6032e-47ed-4968-90cc-d60921880313-GrpcLogAppender: appendEntries Timeout, request=bb059929-5614-48c6-a58f-6aecf783d9f9->19c6032e-47ed-4968-90cc-d60921880313#506-t1, previous=(t:1, i:474), leaderCommit=471, initializing? false, entries: size=1, first=(t:1, i:475), STATEMACHINELOGENTRY, client-FF966770FF49, cid=404
 97.00% |██████████████████████████████████████████████████████████████████████████████████████████████████   |  97/100 Time: 0:00:33 97.00% |██████████████████████████████████████████████████████████████████████████████████████████████████   |  97/100 Time: 0:00:342019-09-25 20:03:54,619 [grpc-default-executor-5] WARN  server.GrpcLogAppender (GrpcLogAppender.java:onNextImpl(251)) - bb059929-5614-48c6-a58f-6aecf783d9f9@group-0E599E84A094->ecfcfef9-0a1f-4a83-8f60-f1d853e02fb5-AppendLogResponseHandler: Request not found, ignoring reply: bb059929-5614-48c6-a58f-6aecf783d9f9<-ecfcfef9-0a1f-4a83-8f60-f1d853e02fb5#503:OK,SUCCESS,nextIndex:473,term:1,followerCommit:471
2019-09-25 20:03:54,619 [grpc-default-executor-3] WARN  server.GrpcLogAppender (GrpcLogAppender.java:onNextImpl(251)) - bb059929-5614-48c6-a58f-6aecf783d9f9@group-0E599E84A094->19c6032e-47ed-4968-90cc-d60921880313-AppendLogResponseHandler: Request not found, ignoring reply: bb059929-5614-48c6-a58f-6aecf783d9f9<-19c6032e-47ed-4968-90cc-d60921880313#503:OK,SUCCESS,nextIndex:473,term:1,followerCommit:471
 97.00% |██████████████████████████████████████████████████████████████████████████████████████████████████   |  97/100 Time: 0:00:352019-09-25 20:03:54,785 [java.util.concurrent.ThreadPoolExecutor$Worker@705443a7[State = -1, empty queue]] WARN  server.GrpcLogAppender (GrpcLogAppender.java:timeoutAppendRequest(200)) - bb059929-5614-48c6-a58f-6aecf783d9f9@group-0E599E84A094->19c6032e-47ed-4968-90cc-d60921880313-GrpcLogAppender: appendEntries Timeout, request=bb059929-5614-48c6-a58f-6aecf783d9f9->19c6032e-47ed-4968-90cc-d60921880313#507-t1, previous=(t:1, i:475), leaderCommit=471, initializing? false, entries: <empty>
2019-09-25 20:03:54,786 [java.util.concurrent.ThreadPoolExecutor$Worker@1c7b729e[State = -1, empty queue]] WARN  server.GrpcLogAppender (GrpcLogAppender.java:timeoutAppendRequest(200)) - bb059929-5614-48c6-a58f-6aecf783d9f9@group-0E599E84A094->ecfcfef9-0a1f-4a83-8f60-f1d853e02fb5-GrpcLogAppender: appendEntries Timeout, request=bb059929-5614-48c6-a58f-6aecf783d9f9->ecfcfef9-0a1f-4a83-8f60-f1d853e02fb5#507-t1, previous=(t:1, i:475), leaderCommit=471, initializing? false, entries: <empty>
 97.00% |██████████████████████████████████████████████████████████████████████████████████████████████████   |  97/100 Time: 0:00:36 97.00% |██████████████████████████████████████████████████████████████████████████████████████████████████   |  97/100 Time: 0:00:372019-09-25 20:03:57,287 [java.util.concurrent.ThreadPoolExecutor$Worker@705443a7[State = -1, empty queue]] WARN  server.GrpcLogAppender (GrpcLogAppender.java:timeoutAppendRequest(200)) - bb059929-5614-48c6-a58f-6aecf783d9f9@group-0E599E84A094->19c6032e-47ed-4968-90cc-d60921880313-GrpcLogAppender: appendEntries Timeout, request=bb059929-5614-48c6-a58f-6aecf783d9f9->19c6032e-47ed-4968-90cc-d60921880313#508-t1, previous=(t:1, i:475), leaderCommit=471, initializing? false, entries: <empty>
2019-09-25 20:03:57,287 [java.util.concurrent.ThreadPoolExecutor$Worker@1c7b729e[State = -1, empty queue]] WARN  server.GrpcLogAppender (GrpcLogAppender.java:timeoutAppendRequest(200)) - bb059929-5614-48c6-a58f-6aecf783d9f9@group-0E599E84A094->ecfcfef9-0a1f-4a83-8f60-f1d853e02fb5-GrpcLogAppender: appendEntries Timeout, request=bb059929-5614-48c6-a58f-6aecf783d9f9->ecfcfef9-0a1f-4a83-8f60-f1d853e02fb5#508-t1, previous=(t:1, i:475), leaderCommit=471, initializing? false, entries: <empty>
 97.00% |██████████████████████████████████████████████████████████████████████████████████████████████████   |  97/100 Time: 0:00:38 97.00% |██████████████████████████████████████████████████████████████████████████████████████████████████   |  97/100 Time: 0:00:39 97.00% |██████████████████████████████████████████████████████████████████████████████████████████████████   |  97/100 Time: 0:00:402019-09-25 20:03:59,911 [grpc-default-executor-5] WARN  server.GrpcLogAppender (GrpcLogAppender.java:onNextImpl(251)) - bb059929-5614-48c6-a58f-6aecf783d9f9@group-0E599E84A094->19c6032e-47ed-4968-90cc-d60921880313-AppendLogResponseHandler: Request not found, ignoring reply: bb059929-5614-48c6-a58f-6aecf783d9f9<-19c6032e-47ed-4968-90cc-d60921880313#504:OK,SUCCESS,nextIndex:474,term:1,followerCommit:471
2019-09-25 20:03:59,911 [grpc-default-executor-3] WARN  server.GrpcLogAppender (GrpcLogAppender.java:onNextImpl(251)) - bb059929-5614-48c6-a58f-6aecf783d9f9@group-0E599E84A094->ecfcfef9-0a1f-4a83-8f60-f1d853e02fb5-AppendLogResponseHandler: Request not found, ignoring reply: bb059929-5614-48c6-a58f-6aecf783d9f9<-ecfcfef9-0a1f-4a83-8f60-f1d853e02fb5#504:OK,SUCCESS,nextIndex:474,term:1,followerCommit:471
2019-09-25 20:03:59,912 [grpc-default-executor-5] WARN  server.GrpcLogAppender (GrpcLogAppender.java:onNextImpl(251)) - bb059929-5614-48c6-a58f-6aecf783d9f9@group-0E599E84A094->19c6032e-47ed-4968-90cc-d60921880313-AppendLogResponseHandler: Request not found, ignoring reply: bb059929-5614-48c6-a58f-6aecf783d9f9<-19c6032e-47ed-4968-90cc-d60921880313#505:OK,SUCCESS,nextIndex:475,term:1,followerCommit:471
2019-09-25 20:03:59,912 [grpc-default-executor-3] WARN  server.GrpcLogAppender (GrpcLogAppender.java:onNextImpl(251)) - bb059929-5614-48c6-a58f-6aecf783d9f9@group-0E599E84A094->ecfcfef9-0a1f-4a83-8f60-f1d853e02fb5-AppendLogResponseHandler: Request not found, ignoring reply: bb059929-5614-48c6-a58f-6aecf783d9f9<-ecfcfef9-0a1f-4a83-8f60-f1d853e02fb5#505:OK,SUCCESS,nextIndex:475,term:1,followerCommit:471
2019-09-25 20:03:59,912 [grpc-default-executor-5] WARN  server.GrpcLogAppender (GrpcLogAppender.java:onNextImpl(251)) - bb059929-5614-48c6-a58f-6aecf783d9f9@group-0E599E84A094->19c6032e-47ed-4968-90cc-d60921880313-AppendLogResponseHandler: Request not found, ignoring reply: bb059929-5614-48c6-a58f-6aecf783d9f9<-19c6032e-47ed-4968-90cc-d60921880313#506:OK,SUCCESS,nextIndex:476,term:1,followerCommit:471
2019-09-25 20:03:59,912 [grpc-default-executor-3] WARN  server.GrpcLogAppender (GrpcLogAppender.java:onNextImpl(251)) - bb059929-5614-48c6-a58f-6aecf783d9f9@group-0E599E84A094->ecfcfef9-0a1f-4a83-8f60-f1d853e02fb5-AppendLogResponseHandler: Request not found, ignoring reply: bb059929-5614-48c6-a58f-6aecf783d9f9<-ecfcfef9-0a1f-4a83-8f60-f1d853e02fb5#506:OK,SUCCESS,nextIndex:476,term:1,followerCommit:471
2019-09-25 20:03:59,912 [grpc-default-executor-5] WARN  server.GrpcLogAppender (GrpcLogAppender.java:onNextImpl(251)) - bb059929-5614-48c6-a58f-6aecf783d9f9@group-0E599E84A094->19c6032e-47ed-4968-90cc-d60921880313-AppendLogResponseHandler: Request not found, ignoring reply: bb059929-5614-48c6-a58f-6aecf783d9f9<-19c6032e-47ed-4968-90cc-d60921880313#507:OK,SUCCESS,nextIndex:476,term:1,followerCommit:471
2019-09-25 20:03:59,912 [grpc-default-executor-3] WARN  server.GrpcLogAppender (GrpcLogAppender.java:onNextImpl(251)) - bb059929-5614-48c6-a58f-6aecf783d9f9@group-0E599E84A094->ecfcfef9-0a1f-4a83-8f60-f1d853e02fb5-AppendLogResponseHandler: Request not found, ignoring reply: bb059929-5614-48c6-a58f-6aecf783d9f9<-ecfcfef9-0a1f-4a83-8f60-f1d853e02fb5#507:OK,SUCCESS,nextIndex:476,term:1,followerCommit:471
2019-09-25 20:03:59,913 [grpc-default-executor-5] WARN  server.GrpcLogAppender (GrpcLogAppender.java:onNextImpl(251)) - bb059929-5614-48c6-a58f-6aecf783d9f9@group-0E599E84A094->19c6032e-47ed-4968-90cc-d60921880313-AppendLogResponseHandler: Request not found, ignoring reply: bb059929-5614-48c6-a58f-6aecf783d9f9<-19c6032e-47ed-4968-90cc-d60921880313#508:OK,SUCCESS,nextIndex:476,term:1,followerCommit:471
2019-09-25 20:03:59,913 [grpc-default-executor-3] WARN  server.GrpcLogAppender (GrpcLogAppender.java:onNextImpl(251)) - bb059929-5614-48c6-a58f-6aecf783d9f9@group-0E599E84A094->ecfcfef9-0a1f-4a83-8f60-f1d853e02fb5-AppendLogResponseHandler: Request not found, ignoring reply: bb059929-5614-48c6-a58f-6aecf783d9f9<-ecfcfef9-0a1f-4a83-8f60-f1d853e02fb5#508:OK,SUCCESS,nextIndex:476,term:1,followerCommit:471
 97.00% |██████████████████████████████████████████████████████████████████████████████████████████████████   |  97/100 Time: 0:00:41 97.00% |██████████████████████████████████████████████████████████████████████████████████████████████████   |  97/100 Time: 0:00:42 97.00% |██████████████████████████████████████████████████████████████████████████████████████████████████   |  97/100 Time: 0:00:432019-09-25 20:04:02,915 [java.util.concurrent.ThreadPoolExecutor$Worker@1c7b729e[State = -1, empty queue]] WARN  server.GrpcLogAppender (GrpcLogAppender.java:timeoutAppendRequest(200)) - bb059929-5614-48c6-a58f-6aecf783d9f9@group-0E599E84A094->ecfcfef9-0a1f-4a83-8f60-f1d853e02fb5-GrpcLogAppender: appendEntries Timeout, request=bb059929-5614-48c6-a58f-6aecf783d9f9->ecfcfef9-0a1f-4a83-8f60-f1d853e02fb5#511-t1, previous=(t:1, i:475), leaderCommit=475, initializing? false, entries: size=1, first=(t:1, i:476), METADATAENTRY(c475)
2019-09-25 20:04:02,915 [java.util.concurrent.ThreadPoolExecutor$Worker@705443a7[State = -1, empty queue]] WARN  server.GrpcLogAppender (GrpcLogAppender.java:timeoutAppendRequest(200)) - bb059929-5614-48c6-a58f-6aecf783d9f9@group-0E599E84A094->19c6032e-47ed-4968-90cc-d60921880313-GrpcLogAppender: appendEntries Timeout, request=bb059929-5614-48c6-a58f-6aecf783d9f9->19c6032e-47ed-4968-90cc-d60921880313#511-t1, previous=(t:1, i:475), leaderCommit=475, initializing? false, entries: size=1, first=(t:1, i:476), METADATAENTRY(c475)
 97.00% |██████████████████████████████████████████████████████████████████████████████████████████████████   |  97/100 Time: 0:00:44 97.00% |██████████████████████████████████████████████████████████████████████████████████████████████████   |  97/100 Time: 0:00:452019-09-25 20:04:04,937 [pool-85-thread-7] WARN  scm.XceiverClientRatis (XceiverClientRatis.java:watchForCommit(292)) - 3 way commit failed on pipeline Pipeline[ Id: 4ee2654d-da8b-4b6c-81f4-0e599e84a094, Nodes: 19c6032e-47ed-4968-90cc-d60921880313{ip: 192.168.164.231, host: pr-hdds-2174-f48n4-3529231201, networkLocation: /default-rack, certSerialId: null}ecfcfef9-0a1f-4a83-8f60-f1d853e02fb5{ip: 192.168.164.231, host: pr-hdds-2174-f48n4-3529231201, networkLocation: /default-rack, certSerialId: null}bb059929-5614-48c6-a58f-6aecf783d9f9{ip: 192.168.164.231, host: pr-hdds-2174-f48n4-3529231201, networkLocation: /default-rack, certSerialId: null}, Type:RATIS, Factor:THREE, State:OPEN]
java.util.concurrent.TimeoutException
	at java.util.concurrent.CompletableFuture.timedGet(CompletableFuture.java:1771)
	at java.util.concurrent.CompletableFuture.get(CompletableFuture.java:1915)
	at org.apache.hadoop.hdds.scm.XceiverClientRatis.watchForCommit(XceiverClientRatis.java:289)
	at org.apache.hadoop.hdds.scm.storage.CommitWatcher.watchForCommit(CommitWatcher.java:194)
	at org.apache.hadoop.hdds.scm.storage.CommitWatcher.watchOnLastIndex(CommitWatcher.java:157)
	at org.apache.hadoop.hdds.scm.storage.BlockOutputStream.watchForCommit(BlockOutputStream.java:347)
	at org.apache.hadoop.hdds.scm.storage.BlockOutputStream.handleFlush(BlockOutputStream.java:479)
	at org.apache.hadoop.hdds.scm.storage.BlockOutputStream.close(BlockOutputStream.java:493)
	at org.apache.hadoop.ozone.client.io.BlockOutputStreamEntry.close(BlockOutputStreamEntry.java:143)
	at org.apache.hadoop.ozone.client.io.KeyOutputStream.handleFlushOrClose(KeyOutputStream.java:435)
	at org.apache.hadoop.ozone.client.io.KeyOutputStream.close(KeyOutputStream.java:473)
	at org.apache.hadoop.ozone.client.io.OzoneOutputStream.close(OzoneOutputStream.java:60)
	at org.apache.hadoop.ozone.freon.RandomKeyGenerator.createKey(RandomKeyGenerator.java:710)
	at org.apache.hadoop.ozone.freon.RandomKeyGenerator.access$1100(RandomKeyGenerator.java:88)
	at org.apache.hadoop.ozone.freon.RandomKeyGenerator$ObjectCreator.run(RandomKeyGenerator.java:615)
	at java.util.concurrent.Executors$RunnableAdapter.call(Executors.java:511)
	at java.util.concurrent.FutureTask.run(FutureTask.java:266)
	at java.util.concurrent.ThreadPoolExecutor.runWorker(ThreadPoolExecutor.java:1149)
	at java.util.concurrent.ThreadPoolExecutor$Worker.run(ThreadPoolExecutor.java:624)
	at java.lang.Thread.run(Thread.java:748)
2019-09-25 20:04:04,937 [pool-85-thread-8] WARN  scm.XceiverClientRatis (XceiverClientRatis.java:watchForCommit(292)) - 3 way commit failed on pipeline Pipeline[ Id: 4ee2654d-da8b-4b6c-81f4-0e599e84a094, Nodes: 19c6032e-47ed-4968-90cc-d60921880313{ip: 192.168.164.231, host: pr-hdds-2174-f48n4-3529231201, networkLocation: /default-rack, certSerialId: null}ecfcfef9-0a1f-4a83-8f60-f1d853e02fb5{ip: 192.168.164.231, host: pr-hdds-2174-f48n4-3529231201, networkLocation: /default-rack, certSerialId: null}bb059929-5614-48c6-a58f-6aecf783d9f9{ip: 192.168.164.231, host: pr-hdds-2174-f48n4-3529231201, networkLocation: /default-rack, certSerialId: null}, Type:RATIS, Factor:THREE, State:OPEN]
java.util.concurrent.TimeoutException
	at java.util.concurrent.CompletableFuture.timedGet(CompletableFuture.java:1771)
	at java.util.concurrent.CompletableFuture.get(CompletableFuture.java:1915)
	at org.apache.hadoop.hdds.scm.XceiverClientRatis.watchForCommit(XceiverClientRatis.java:289)
	at org.apache.hadoop.hdds.scm.storage.CommitWatcher.watchForCommit(CommitWatcher.java:194)
	at org.apache.hadoop.hdds.scm.storage.CommitWatcher.watchOnLastIndex(CommitWatcher.java:157)
	at org.apache.hadoop.hdds.scm.storage.BlockOutputStream.watchForCommit(BlockOutputStream.java:347)
	at org.apache.hadoop.hdds.scm.storage.BlockOutputStream.handleFlush(BlockOutputStream.java:479)
	at org.apache.hadoop.hdds.scm.storage.BlockOutputStream.close(BlockOutputStream.java:493)
	at org.apache.hadoop.ozone.client.io.BlockOutputStreamEntry.close(BlockOutputStreamEntry.java:143)
	at org.apache.hadoop.ozone.client.io.KeyOutputStream.handleFlushOrClose(KeyOutputStream.java:435)
	at org.apache.hadoop.ozone.client.io.KeyOutputStream.close(KeyOutputStream.java:473)
	at org.apache.hadoop.ozone.client.io.OzoneOutputStream.close(OzoneOutputStream.java:60)
	at org.apache.hadoop.ozone.freon.RandomKeyGenerator.createKey(RandomKeyGenerator.java:710)
	at org.apache.hadoop.ozone.freon.RandomKeyGenerator.access$1100(RandomKeyGenerator.java:88)
	at org.apache.hadoop.ozone.freon.RandomKeyGenerator$ObjectCreator.run(RandomKeyGenerator.java:615)
	at java.util.concurrent.Executors$RunnableAdapter.call(Executors.java:511)
	at java.util.concurrent.FutureTask.run(FutureTask.java:266)
	at java.util.concurrent.ThreadPoolExecutor.runWorker(ThreadPoolExecutor.java:1149)
	at java.util.concurrent.ThreadPoolExecutor$Worker.run(ThreadPoolExecutor.java:624)
	at java.lang.Thread.run(Thread.java:748)
2019-09-25 20:04:05,061 [grpc-default-executor-3] WARN  server.GrpcLogAppender (GrpcLogAppender.java:onNextImpl(251)) - bb059929-5614-48c6-a58f-6aecf783d9f9@group-0E599E84A094->19c6032e-47ed-4968-90cc-d60921880313-AppendLogResponseHandler: Request not found, ignoring reply: bb059929-5614-48c6-a58f-6aecf783d9f9<-19c6032e-47ed-4968-90cc-d60921880313#511:OK,SUCCESS,nextIndex:477,term:1,followerCommit:475
2019-09-25 20:04:05,061 [grpc-default-executor-5] WARN  server.GrpcLogAppender (GrpcLogAppender.java:onNextImpl(251)) - bb059929-5614-48c6-a58f-6aecf783d9f9@group-0E599E84A094->ecfcfef9-0a1f-4a83-8f60-f1d853e02fb5-AppendLogResponseHandler: Request not found, ignoring reply: bb059929-5614-48c6-a58f-6aecf783d9f9<-ecfcfef9-0a1f-4a83-8f60-f1d853e02fb5#511:OK,SUCCESS,nextIndex:477,term:1,followerCommit:475
 100.00% |█████████████████████████████████████████████████████████████████████████████████████████████████████|  100/100 Time: 0:00:46
2019-09-25 20:04:05,778 [grpc-default-executor-4] WARN  client.GrpcClientProtocolService (LogUtils.java:warn(134)) - 34-UnorderedRequestStreamObserver34: onError: org.apache.ratis.thirdparty.io.grpc.StatusRuntimeException: CANCELLED: cancelled before receiving half close
]]></system-out>
  </testcase>
</testsuite>