<?xml version="1.0" encoding="UTF-8"?>
<testsuite xmlns:xsi="http://www.w3.org/2001/XMLSchema-instance" xsi:noNamespaceSchemaLocation="https://maven.apache.org/surefire/maven-surefire-plugin/xsd/surefire-test-report.xsd" name="org.apache.hadoop.ozone.freon.TestRandomKeyGenerator" time="381.865" tests="6" errors="2" skipped="0" failures="0">
  <properties>
    <property name="awt.toolkit" value="sun.awt.X11.XToolkit"/>
    <property name="file.encoding.pkg" value="sun.io"/>
    <property name="java.specification.version" value="1.8"/>
    <property name="sun.cpu.isalist" value=""/>
    <property name="sun.jnu.encoding" value="UTF-8"/>
    <property name="java.class.path" value="/workdir/hadoop-ozone/tools/target/test-classes:/workdir/hadoop-ozone/tools/target/classes:/home/user/.m2/repository/org/apache/hadoop/hadoop-ozone-ozone-manager/0.5.0-SNAPSHOT/hadoop-ozone-ozone-manager-0.5.0-SNAPSHOT.jar:/home/user/.m2/repository/org/apache/hadoop/hadoop-hdds-docs/0.5.0-SNAPSHOT/hadoop-hdds-docs-0.5.0-SNAPSHOT.jar:/home/user/.m2/repository/org/bouncycastle/bcprov-jdk15on/1.60/bcprov-jdk15on-1.60.jar:/home/user/.m2/repository/org/apache/hadoop/hadoop-ozone-common/0.5.0-SNAPSHOT/hadoop-ozone-common-0.5.0-SNAPSHOT.jar:/home/user/.m2/repository/org/apache/commons/commons-compress/1.4.1/commons-compress-1.4.1.jar:/home/user/.m2/repository/org/tukaani/xz/1.0/xz-1.0.jar:/home/user/.m2/repository/org/apache/hadoop/hadoop-hdfs-client/3.2.0/hadoop-hdfs-client-3.2.0.jar:/home/user/.m2/repository/com/fasterxml/jackson/core/jackson-annotations/2.9.9/jackson-annotations-2.9.9.jar:/home/user/.m2/repository/org/apache/hadoop/hadoop-hdds-common/0.5.0-SNAPSHOT/hadoop-hdds-common-0.5.0-SNAPSHOT.jar:/home/user/.m2/repository/org/apache/hadoop/hadoop-hdds-config/0.5.0-SNAPSHOT/hadoop-hdds-config-0.5.0-SNAPSHOT.jar:/home/user/.m2/repository/javax/annotation/javax.annotation-api/1.2/javax.annotation-api-1.2.jar:/home/user/.m2/repository/org/apache/ratis/ratis-server/0.4.0/ratis-server-0.4.0.jar:/home/user/.m2/repository/org/apache/ratis/ratis-thirdparty-misc/0.2.0/ratis-thirdparty-misc-0.2.0.jar:/home/user/.m2/repository/org/apache/ratis/ratis-proto/0.4.0/ratis-proto-0.4.0.jar:/home/user/.m2/repository/org/apache/ratis/ratis-common/0.4.0/ratis-common-0.4.0.jar:/home/user/.m2/repository/org/apache/ratis/ratis-client/0.4.0/ratis-client-0.4.0.jar:/home/user/.m2/repository/org/apache/ratis/ratis-metrics/0.4.0/ratis-metrics-0.4.0.jar:/home/user/.m2/repository/com/github/joshelser/dropwizard-metrics-hadoop-metrics2-reporter/0.1.2/dropwizard-metrics-hadoop-metrics2-reporter-0.1.2.jar:/home/user/.m2/repository/io/dropwizard/metrics/metrics-jvm/3.2.5/metrics-jvm-3.2.5.jar:/home/user/.m2/repository/io/dropwizard/metrics/metrics-ganglia/3.2.5/metrics-ganglia-3.2.5.jar:/home/user/.m2/repository/info/ganglia/gmetric4j/gmetric4j/1.0.7/gmetric4j-1.0.7.jar:/home/user/.m2/repository/org/apache/ratis/ratis-netty/0.4.0/ratis-netty-0.4.0.jar:/home/user/.m2/repository/org/apache/ratis/ratis-grpc/0.4.0/ratis-grpc-0.4.0.jar:/home/user/.m2/repository/org/rocksdb/rocksdbjni/6.0.1/rocksdbjni-6.0.1.jar:/home/user/.m2/repository/org/apache/logging/log4j/log4j-api/2.11.0/log4j-api-2.11.0.jar:/home/user/.m2/repository/org/apache/logging/log4j/log4j-core/2.11.0/log4j-core-2.11.0.jar:/home/user/.m2/repository/com/lmax/disruptor/3.4.2/disruptor-3.4.2.jar:/home/user/.m2/repository/org/apache/commons/commons-pool2/2.6.0/commons-pool2-2.6.0.jar:/home/user/.m2/repository/org/bouncycastle/bcpkix-jdk15on/1.60/bcpkix-jdk15on-1.60.jar:/home/user/.m2/repository/commons-validator/commons-validator/1.6/commons-validator-1.6.jar:/home/user/.m2/repository/commons-digester/commons-digester/1.8.1/commons-digester-1.8.1.jar:/home/user/.m2/repository/io/jaegertracing/jaeger-client/0.34.0/jaeger-client-0.34.0.jar:/home/user/.m2/repository/io/jaegertracing/jaeger-thrift/0.34.0/jaeger-thrift-0.34.0.jar:/home/user/.m2/repository/org/apache/thrift/libthrift/0.12.0/libthrift-0.12.0.jar:/home/user/.m2/repository/com/squareup/okhttp3/okhttp/3.9.0/okhttp-3.9.0.jar:/home/user/.m2/repository/com/squareup/okio/okio/1.13.0/okio-1.13.0.jar:/home/user/.m2/repository/io/jaegertracing/jaeger-core/0.34.0/jaeger-core-0.34.0.jar:/home/user/.m2/repository/io/jaegertracing/jaeger-tracerresolver/0.34.0/jaeger-tracerresolver-0.34.0.jar:/home/user/.m2/repository/io/opentracing/contrib/opentracing-tracerresolver/0.1.5/opentracing-tracerresolver-0.1.5.jar:/home/user/.m2/repository/io/opentracing/opentracing-util/0.31.0/opentracing-util-0.31.0.jar:/home/user/.m2/repository/io/opentracing/opentracing-api/0.31.0/opentracing-api-0.31.0.jar:/home/user/.m2/repository/io/opentracing/opentracing-noop/0.31.0/opentracing-noop-0.31.0.jar:/home/user/.m2/repository/org/yaml/snakeyaml/1.16/snakeyaml-1.16.jar:/home/user/.m2/repository/org/apache/hadoop/hadoop-hdds-container-service/0.5.0-SNAPSHOT/hadoop-hdds-container-service-0.5.0-SNAPSHOT.jar:/home/user/.m2/repository/org/apache/hadoop/hadoop-hdds-client/0.5.0-SNAPSHOT/hadoop-hdds-client-0.5.0-SNAPSHOT.jar:/home/user/.m2/repository/org/apache/hadoop/hadoop-hdds-tools/0.5.0-SNAPSHOT/hadoop-hdds-tools-0.5.0-SNAPSHOT.jar:/home/user/.m2/repository/org/xerial/sqlite-jdbc/3.25.2/sqlite-jdbc-3.25.2.jar:/home/user/.m2/repository/org/apache/hadoop/hadoop-hdds-server-scm/0.5.0-SNAPSHOT/hadoop-hdds-server-scm-0.5.0-SNAPSHOT.jar:/home/user/.m2/repository/org/hamcrest/hamcrest-all/1.3/hamcrest-all-1.3.jar:/home/user/.m2/repository/info/picocli/picocli/3.9.6/picocli-3.9.6.jar:/home/user/.m2/repository/com/google/protobuf/protobuf-java/2.5.0/protobuf-java-2.5.0.jar:/home/user/.m2/repository/com/google/guava/guava/11.0.2/guava-11.0.2.jar:/home/user/.m2/repository/org/apache/hadoop/hadoop-ozone-client/0.5.0-SNAPSHOT/hadoop-ozone-client-0.5.0-SNAPSHOT.jar:/workdir/hadoop-ozone/ozonefs/target/classes:/home/user/.m2/repository/org/apache/httpcomponents/httpclient/4.5.2/httpclient-4.5.2.jar:/home/user/.m2/repository/org/apache/httpcomponents/httpcore/4.4.4/httpcore-4.4.4.jar:/home/user/.m2/repository/org/apache/hadoop/hadoop-hdds-server-framework/0.5.0-SNAPSHOT/hadoop-hdds-server-framework-0.5.0-SNAPSHOT.jar:/home/user/.m2/repository/org/apache/hadoop/hadoop-common/3.2.0/hadoop-common-3.2.0.jar:/home/user/.m2/repository/org/apache/hadoop/hadoop-annotations/3.2.0/hadoop-annotations-3.2.0.jar:/usr/lib/jvm/java-1.8-openjdk/jre/../lib/tools.jar:/home/user/.m2/repository/commons-cli/commons-cli/1.2/commons-cli-1.2.jar:/home/user/.m2/repository/org/apache/commons/commons-math3/3.1.1/commons-math3-3.1.1.jar:/home/user/.m2/repository/commons-codec/commons-codec/1.11/commons-codec-1.11.jar:/home/user/.m2/repository/commons-io/commons-io/2.5/commons-io-2.5.jar:/home/user/.m2/repository/commons-net/commons-net/3.6/commons-net-3.6.jar:/home/user/.m2/repository/commons-collections/commons-collections/3.2.2/commons-collections-3.2.2.jar:/home/user/.m2/repository/javax/servlet/javax.servlet-api/3.1.0/javax.servlet-api-3.1.0.jar:/home/user/.m2/repository/org/eclipse/jetty/jetty-server/9.3.25.v20180904/jetty-server-9.3.25.v20180904.jar:/home/user/.m2/repository/org/eclipse/jetty/jetty-http/9.3.25.v20180904/jetty-http-9.3.25.v20180904.jar:/home/user/.m2/repository/org/eclipse/jetty/jetty-io/9.3.25.v20180904/jetty-io-9.3.25.v20180904.jar:/home/user/.m2/repository/org/eclipse/jetty/jetty-util/9.3.25.v20180904/jetty-util-9.3.25.v20180904.jar:/home/user/.m2/repository/org/eclipse/jetty/jetty-servlet/9.3.25.v20180904/jetty-servlet-9.3.25.v20180904.jar:/home/user/.m2/repository/org/eclipse/jetty/jetty-security/9.3.25.v20180904/jetty-security-9.3.25.v20180904.jar:/home/user/.m2/repository/org/eclipse/jetty/jetty-webapp/9.3.25.v20180904/jetty-webapp-9.3.25.v20180904.jar:/home/user/.m2/repository/org/eclipse/jetty/jetty-xml/9.3.25.v20180904/jetty-xml-9.3.25.v20180904.jar:/home/user/.m2/repository/javax/servlet/jsp/jsp-api/2.1/jsp-api-2.1.jar:/home/user/.m2/repository/com/sun/jersey/jersey-core/1.19/jersey-core-1.19.jar:/home/user/.m2/repository/javax/ws/rs/jsr311-api/1.1.1/jsr311-api-1.1.1.jar:/home/user/.m2/repository/com/sun/jersey/jersey-servlet/1.19/jersey-servlet-1.19.jar:/home/user/.m2/repository/com/sun/jersey/jersey-json/1.19/jersey-json-1.19.jar:/home/user/.m2/repository/org/codehaus/jettison/jettison/1.1/jettison-1.1.jar:/home/user/.m2/repository/com/sun/xml/bind/jaxb-impl/2.3.0.1/jaxb-impl-2.3.0.1.jar:/home/user/.m2/repository/org/codehaus/jackson/jackson-core-asl/1.9.13/jackson-core-asl-1.9.13.jar:/home/user/.m2/repository/org/codehaus/jackson/jackson-mapper-asl/1.9.13/jackson-mapper-asl-1.9.13.jar:/home/user/.m2/repository/org/codehaus/jackson/jackson-jaxrs/1.9.13/jackson-jaxrs-1.9.13.jar:/home/user/.m2/repository/org/codehaus/jackson/jackson-xc/1.9.13/jackson-xc-1.9.13.jar:/home/user/.m2/repository/com/sun/jersey/jersey-server/1.19/jersey-server-1.19.jar:/home/user/.m2/repository/commons-logging/commons-logging/1.1.3/commons-logging-1.1.3.jar:/home/user/.m2/repository/log4j/log4j/1.2.17/log4j-1.2.17.jar:/home/user/.m2/repository/commons-beanutils/commons-beanutils/1.9.4/commons-beanutils-1.9.4.jar:/home/user/.m2/repository/org/apache/commons/commons-configuration2/2.1.1/commons-configuration2-2.1.1.jar:/home/user/.m2/repository/org/apache/commons/commons-lang3/3.7/commons-lang3-3.7.jar:/home/user/.m2/repository/org/apache/commons/commons-text/1.4/commons-text-1.4.jar:/home/user/.m2/repository/org/slf4j/slf4j-api/1.7.25/slf4j-api-1.7.25.jar:/home/user/.m2/repository/org/slf4j/slf4j-log4j12/1.7.25/slf4j-log4j12-1.7.25.jar:/home/user/.m2/repository/org/apache/avro/avro/1.7.7/avro-1.7.7.jar:/home/user/.m2/repository/com/thoughtworks/paranamer/paranamer/2.3/paranamer-2.3.jar:/home/user/.m2/repository/org/xerial/snappy/snappy-java/1.0.5/snappy-java-1.0.5.jar:/home/user/.m2/repository/com/google/re2j/re2j/1.1/re2j-1.1.jar:/home/user/.m2/repository/com/google/code/gson/gson/2.2.4/gson-2.2.4.jar:/home/user/.m2/repository/org/apache/hadoop/hadoop-auth/3.2.0/hadoop-auth-3.2.0.jar:/home/user/.m2/repository/com/nimbusds/nimbus-jose-jwt/4.41.1/nimbus-jose-jwt-4.41.1.jar:/home/user/.m2/repository/com/github/stephenc/jcip/jcip-annotations/1.0-1/jcip-annotations-1.0-1.jar:/home/user/.m2/repository/net/minidev/json-smart/2.3/json-smart-2.3.jar:/home/user/.m2/repository/net/minidev/accessors-smart/1.2/accessors-smart-1.2.jar:/home/user/.m2/repository/org/apache/curator/curator-framework/2.12.0/curator-framework-2.12.0.jar:/home/user/.m2/repository/com/jcraft/jsch/0.1.54/jsch-0.1.54.jar:/home/user/.m2/repository/org/apache/curator/curator-client/2.12.0/curator-client-2.12.0.jar:/home/user/.m2/repository/org/apache/curator/curator-recipes/2.12.0/curator-recipes-2.12.0.jar:/home/user/.m2/repository/com/google/code/findbugs/jsr305/3.0.0/jsr305-3.0.0.jar:/home/user/.m2/repository/org/apache/htrace/htrace-core4/4.1.0-incubating/htrace-core4-4.1.0-incubating.jar:/home/user/.m2/repository/org/apache/zookeeper/zookeeper/3.4.13/zookeeper-3.4.13.jar:/home/user/.m2/repository/jline/jline/0.9.94/jline-0.9.94.jar:/home/user/.m2/repository/org/apache/yetus/audience-annotations/0.5.0/audience-annotations-0.5.0.jar:/home/user/.m2/repository/org/apache/kerby/kerb-simplekdc/1.0.1/kerb-simplekdc-1.0.1.jar:/home/user/.m2/repository/org/apache/kerby/kerb-client/1.0.1/kerb-client-1.0.1.jar:/home/user/.m2/repository/org/apache/kerby/kerby-config/1.0.1/kerby-config-1.0.1.jar:/home/user/.m2/repository/org/apache/kerby/kerb-core/1.0.1/kerb-core-1.0.1.jar:/home/user/.m2/repository/org/apache/kerby/kerby-pkix/1.0.1/kerby-pkix-1.0.1.jar:/home/user/.m2/repository/org/apache/kerby/kerby-asn1/1.0.1/kerby-asn1-1.0.1.jar:/home/user/.m2/repository/org/apache/kerby/kerby-util/1.0.1/kerby-util-1.0.1.jar:/home/user/.m2/repository/org/apache/kerby/kerb-common/1.0.1/kerb-common-1.0.1.jar:/home/user/.m2/repository/org/apache/kerby/kerb-crypto/1.0.1/kerb-crypto-1.0.1.jar:/home/user/.m2/repository/org/apache/kerby/kerb-util/1.0.1/kerb-util-1.0.1.jar:/home/user/.m2/repository/org/apache/kerby/token-provider/1.0.1/token-provider-1.0.1.jar:/home/user/.m2/repository/org/apache/kerby/kerb-admin/1.0.1/kerb-admin-1.0.1.jar:/home/user/.m2/repository/org/apache/kerby/kerb-server/1.0.1/kerb-server-1.0.1.jar:/home/user/.m2/repository/org/apache/kerby/kerb-identity/1.0.1/kerb-identity-1.0.1.jar:/home/user/.m2/repository/org/apache/kerby/kerby-xdr/1.0.1/kerby-xdr-1.0.1.jar:/home/user/.m2/repository/com/fasterxml/jackson/core/jackson-databind/2.9.9/jackson-databind-2.9.9.jar:/home/user/.m2/repository/com/fasterxml/jackson/core/jackson-core/2.9.9/jackson-core-2.9.9.jar:/home/user/.m2/repository/org/codehaus/woodstox/stax2-api/3.1.4/stax2-api-3.1.4.jar:/home/user/.m2/repository/com/fasterxml/woodstox/woodstox-core/5.0.3/woodstox-core-5.0.3.jar:/home/user/.m2/repository/dnsjava/dnsjava/2.1.7/dnsjava-2.1.7.jar:/home/user/.m2/repository/org/apache/hadoop/hadoop-hdfs/3.2.0/hadoop-hdfs-3.2.0.jar:/home/user/.m2/repository/org/eclipse/jetty/jetty-util-ajax/9.3.25.v20180904/jetty-util-ajax-9.3.25.v20180904.jar:/home/user/.m2/repository/commons-daemon/commons-daemon/1.0.13/commons-daemon-1.0.13.jar:/home/user/.m2/repository/io/netty/netty/3.10.5.Final/netty-3.10.5.Final.jar:/home/user/.m2/repository/io/netty/netty-all/4.0.52.Final/netty-all-4.0.52.Final.jar:/home/user/.m2/repository/org/fusesource/leveldbjni/leveldbjni-all/1.8/leveldbjni-all-1.8.jar:/home/user/.m2/repository/com/sun/xml/bind/jaxb-core/2.3.0.1/jaxb-core-2.3.0.1.jar:/home/user/.m2/repository/javax/xml/bind/jaxb-api/2.3.0/jaxb-api-2.3.0.jar:/home/user/.m2/repository/javax/activation/activation/1.1.1/activation-1.1.1.jar:/home/user/.m2/repository/io/dropwizard/metrics/metrics-core/3.2.4/metrics-core-3.2.4.jar:/home/user/.m2/repository/org/openjdk/jmh/jmh-core/1.19/jmh-core-1.19.jar:/home/user/.m2/repository/net/sf/jopt-simple/jopt-simple/4.6/jopt-simple-4.6.jar:/home/user/.m2/repository/org/openjdk/jmh/jmh-generator-annprocess/1.19/jmh-generator-annprocess-1.19.jar:/home/user/.m2/repository/com/amazonaws/aws-java-sdk-s3/1.11.615/aws-java-sdk-s3-1.11.615.jar:/home/user/.m2/repository/com/amazonaws/aws-java-sdk-kms/1.11.615/aws-java-sdk-kms-1.11.615.jar:/home/user/.m2/repository/com/amazonaws/aws-java-sdk-core/1.11.615/aws-java-sdk-core-1.11.615.jar:/home/user/.m2/repository/software/amazon/ion/ion-java/1.0.2/ion-java-1.0.2.jar:/home/user/.m2/repository/com/fasterxml/jackson/dataformat/jackson-dataformat-cbor/2.9.9/jackson-dataformat-cbor-2.9.9.jar:/home/user/.m2/repository/joda-time/joda-time/2.9.9/joda-time-2.9.9.jar:/home/user/.m2/repository/com/amazonaws/jmespath-java/1.11.615/jmespath-java-1.11.615.jar:/home/user/.m2/repository/com/google/code/findbugs/findbugs/3.0.1/findbugs-3.0.1.jar:/home/user/.m2/repository/net/jcip/jcip-annotations/1.0/jcip-annotations-1.0.jar:/home/user/.m2/repository/com/google/code/findbugs/bcel-findbugs/6.0/bcel-findbugs-6.0.jar:/home/user/.m2/repository/com/google/code/findbugs/jFormatString/2.0.1/jFormatString-2.0.1.jar:/home/user/.m2/repository/dom4j/dom4j/1.6.1/dom4j-1.6.1.jar:/home/user/.m2/repository/xml-apis/xml-apis/1.0.b2/xml-apis-1.0.b2.jar:/home/user/.m2/repository/org/ow2/asm/asm-debug-all/5.0.2/asm-debug-all-5.0.2.jar:/home/user/.m2/repository/org/ow2/asm/asm-commons/5.0.2/asm-commons-5.0.2.jar:/home/user/.m2/repository/org/ow2/asm/asm-tree/5.0.2/asm-tree-5.0.2.jar:/home/user/.m2/repository/org/ow2/asm/asm/5.0.4/asm-5.0.4.jar:/home/user/.m2/repository/commons-lang/commons-lang/2.6/commons-lang-2.6.jar:/home/user/.m2/repository/com/apple/AppleJavaExtensions/1.4/AppleJavaExtensions-1.4.jar:/home/user/.m2/repository/jaxen/jaxen/1.1.6/jaxen-1.1.6.jar:/home/user/.m2/repository/junit/junit/4.11/junit-4.11.jar:/home/user/.m2/repository/org/hamcrest/hamcrest-core/1.3/hamcrest-core-1.3.jar:/home/user/.m2/repository/org/apache/hadoop/hadoop-common/3.2.0/hadoop-common-3.2.0-tests.jar:/workdir/hadoop-ozone/integration-test/target/test-classes:/home/user/.m2/repository/org/apache/hadoop/hadoop-ozone-s3gateway/0.5.0-SNAPSHOT/hadoop-ozone-s3gateway-0.5.0-SNAPSHOT.jar:/home/user/.m2/repository/org/jboss/weld/servlet/weld-servlet/2.4.7.Final/weld-servlet-2.4.7.Final.jar:/home/user/.m2/repository/org/glassfish/jersey/containers/jersey-container-servlet-core/2.27/jersey-container-servlet-core-2.27.jar:/home/user/.m2/repository/org/glassfish/hk2/external/javax.inject/2.5.0-b42/javax.inject-2.5.0-b42.jar:/home/user/.m2/repository/org/glassfish/jersey/core/jersey-common/2.27/jersey-common-2.27.jar:/home/user/.m2/repository/org/glassfish/hk2/osgi-resource-locator/1.0.1/osgi-resource-locator-1.0.1.jar:/home/user/.m2/repository/javax/ws/rs/javax.ws.rs-api/2.1/javax.ws.rs-api-2.1.jar:/home/user/.m2/repository/org/glassfish/jersey/ext/cdi/jersey-cdi1x/2.27/jersey-cdi1x-2.27.jar:/home/user/.m2/repository/org/glassfish/jersey/inject/jersey-hk2/2.27/jersey-hk2-2.27.jar:/home/user/.m2/repository/org/glassfish/hk2/hk2-locator/2.5.0-b42/hk2-locator-2.5.0-b42.jar:/home/user/.m2/repository/org/javassist/javassist/3.22.0-CR2/javassist-3.22.0-CR2.jar:/home/user/.m2/repository/org/glassfish/hk2/hk2-api/2.5.0/hk2-api-2.5.0.jar:/home/user/.m2/repository/org/glassfish/hk2/external/jakarta.inject/2.5.0/jakarta.inject-2.5.0.jar:/home/user/.m2/repository/org/glassfish/hk2/hk2-utils/2.5.0/hk2-utils-2.5.0.jar:/home/user/.m2/repository/jakarta/annotation/jakarta.annotation-api/1.3.4/jakarta.annotation-api-1.3.4.jar:/home/user/.m2/repository/org/glassfish/hk2/external/aopalliance-repackaged/2.5.0/aopalliance-repackaged-2.5.0.jar:/home/user/.m2/repository/com/fasterxml/jackson/dataformat/jackson-dataformat-xml/2.9.0/jackson-dataformat-xml-2.9.0.jar:/home/user/.m2/repository/com/fasterxml/jackson/module/jackson-module-jaxb-annotations/2.9.9/jackson-module-jaxb-annotations-2.9.9.jar:/home/user/.m2/repository/javax/enterprise/cdi-api/1.2/cdi-api-1.2.jar:/home/user/.m2/repository/javax/el/javax.el-api/3.0.0/javax.el-api-3.0.0.jar:/home/user/.m2/repository/javax/interceptor/javax.interceptor-api/1.2/javax.interceptor-api-1.2.jar:/home/user/.m2/repository/javax/inject/javax.inject/1/javax.inject-1.jar:/home/user/.m2/repository/org/apache/hadoop/hadoop-ozone-csi/0.5.0-SNAPSHOT/hadoop-ozone-csi-0.5.0-SNAPSHOT.jar:/home/user/.m2/repository/com/google/protobuf/protobuf-java-util/3.5.1/protobuf-java-util-3.5.1.jar:/home/user/.m2/repository/io/grpc/grpc-netty/1.17.1/grpc-netty-1.17.1.jar:/home/user/.m2/repository/io/grpc/grpc-core/1.17.1/grpc-core-1.17.1.jar:/home/user/.m2/repository/io/grpc/grpc-context/1.17.1/grpc-context-1.17.1.jar:/home/user/.m2/repository/com/google/errorprone/error_prone_annotations/2.2.0/error_prone_annotations-2.2.0.jar:/home/user/.m2/repository/org/codehaus/mojo/animal-sniffer-annotations/1.17/animal-sniffer-annotations-1.17.jar:/home/user/.m2/repository/io/opencensus/opencensus-api/0.17.0/opencensus-api-0.17.0.jar:/home/user/.m2/repository/io/opencensus/opencensus-contrib-grpc-metrics/0.17.0/opencensus-contrib-grpc-metrics-0.17.0.jar:/home/user/.m2/repository/io/netty/netty-codec-http2/4.1.30.Final/netty-codec-http2-4.1.30.Final.jar:/home/user/.m2/repository/io/netty/netty-codec-http/4.1.30.Final/netty-codec-http-4.1.30.Final.jar:/home/user/.m2/repository/io/netty/netty-codec/4.1.30.Final/netty-codec-4.1.30.Final.jar:/home/user/.m2/repository/io/netty/netty-handler/4.1.30.Final/netty-handler-4.1.30.Final.jar:/home/user/.m2/repository/io/netty/netty-handler-proxy/4.1.30.Final/netty-handler-proxy-4.1.30.Final.jar:/home/user/.m2/repository/io/netty/netty-codec-socks/4.1.30.Final/netty-codec-socks-4.1.30.Final.jar:/home/user/.m2/repository/io/netty/netty-transport-native-epoll/4.1.30.Final/netty-transport-native-epoll-4.1.30.Final.jar:/home/user/.m2/repository/io/netty/netty-common/4.1.30.Final/netty-common-4.1.30.Final.jar:/home/user/.m2/repository/io/netty/netty-buffer/4.1.30.Final/netty-buffer-4.1.30.Final.jar:/home/user/.m2/repository/io/netty/netty-transport/4.1.30.Final/netty-transport-4.1.30.Final.jar:/home/user/.m2/repository/io/netty/netty-resolver/4.1.30.Final/netty-resolver-4.1.30.Final.jar:/home/user/.m2/repository/io/netty/netty-transport-native-unix-common/4.1.30.Final/netty-transport-native-unix-common-4.1.30.Final.jar:/home/user/.m2/repository/io/grpc/grpc-protobuf/1.17.1/grpc-protobuf-1.17.1.jar:/home/user/.m2/repository/com/google/api/grpc/proto-google-common-protos/1.0.0/proto-google-common-protos-1.0.0.jar:/home/user/.m2/repository/io/grpc/grpc-protobuf-lite/1.17.1/grpc-protobuf-lite-1.17.1.jar:/home/user/.m2/repository/io/grpc/grpc-stub/1.17.1/grpc-stub-1.17.1.jar:/home/user/.m2/repository/org/apache/hadoop/hadoop-ozone-recon/0.5.0-SNAPSHOT/hadoop-ozone-recon-0.5.0-SNAPSHOT.jar:/home/user/.m2/repository/org/apache/hadoop/hadoop-ozone-reconcodegen/0.5.0-SNAPSHOT/hadoop-ozone-reconcodegen-0.5.0-SNAPSHOT.jar:/home/user/.m2/repository/com/google/inject/extensions/guice-multibindings/4.0/guice-multibindings-4.0.jar:/home/user/.m2/repository/com/google/inject/guice/4.0/guice-4.0.jar:/home/user/.m2/repository/aopalliance/aopalliance/1.0/aopalliance-1.0.jar:/home/user/.m2/repository/com/google/inject/extensions/guice-servlet/4.0/guice-servlet-4.0.jar:/home/user/.m2/repository/org/glassfish/jersey/containers/jersey-container-servlet/2.27/jersey-container-servlet-2.27.jar:/home/user/.m2/repository/org/glassfish/hk2/guice-bridge/2.5.0/guice-bridge-2.5.0.jar:/home/user/.m2/repository/org/glassfish/jersey/core/jersey-server/2.27/jersey-server-2.27.jar:/home/user/.m2/repository/org/glassfish/jersey/core/jersey-client/2.27/jersey-client-2.27.jar:/home/user/.m2/repository/org/glassfish/jersey/media/jersey-media-jaxb/2.27/jersey-media-jaxb-2.27.jar:/home/user/.m2/repository/javax/validation/validation-api/1.1.0.Final/validation-api-1.1.0.Final.jar:/home/user/.m2/repository/org/glassfish/jersey/media/jersey-media-json-jackson/2.27/jersey-media-json-jackson-2.27.jar:/home/user/.m2/repository/org/glassfish/jersey/ext/jersey-entity-filtering/2.27/jersey-entity-filtering-2.27.jar:/home/user/.m2/repository/com/google/inject/extensions/guice-assistedinject/4.0/guice-assistedinject-4.0.jar:/home/user/.m2/repository/org/jooq/jooq/3.11.10/jooq-3.11.10.jar:/home/user/.m2/repository/org/jooq/jooq-meta/3.11.10/jooq-meta-3.11.10.jar:/home/user/.m2/repository/org/jooq/jooq-codegen/3.11.10/jooq-codegen-3.11.10.jar:/home/user/.m2/repository/com/jolbox/bonecp/0.8.0.RELEASE/bonecp-0.8.0.RELEASE.jar:/home/user/.m2/repository/org/springframework/spring-jdbc/5.1.3.RELEASE/spring-jdbc-5.1.3.RELEASE.jar:/home/user/.m2/repository/org/springframework/spring-beans/5.1.3.RELEASE/spring-beans-5.1.3.RELEASE.jar:/home/user/.m2/repository/org/springframework/spring-core/5.1.3.RELEASE/spring-core-5.1.3.RELEASE.jar:/home/user/.m2/repository/org/springframework/spring-jcl/5.1.3.RELEASE/spring-jcl-5.1.3.RELEASE.jar:/home/user/.m2/repository/org/springframework/spring-tx/5.1.3.RELEASE/spring-tx-5.1.3.RELEASE.jar:/home/user/.m2/repository/org/mockito/mockito-core/2.15.0/mockito-core-2.15.0.jar:/home/user/.m2/repository/net/bytebuddy/byte-buddy/1.7.9/byte-buddy-1.7.9.jar:/home/user/.m2/repository/net/bytebuddy/byte-buddy-agent/1.7.9/byte-buddy-agent-1.7.9.jar:/home/user/.m2/repository/org/objenesis/objenesis/1.0/objenesis-1.0.jar:"/>
    <property name="java.vm.vendor" value="IcedTea"/>
    <property name="sun.arch.data.model" value="64"/>
    <property name="test.build.dir" value="/workdir/hadoop-ozone/tools/target/test-dir"/>
    <property name="test.cache.data" value=""/>
    <property name="java.vendor.url" value="https://icedtea.classpath.org"/>
    <property name="user.timezone" value=""/>
    <property name="java.vm.specification.version" value="1.8"/>
    <property name="os.name" value="Linux"/>
    <property name="test.build.data" value="/workdir/hadoop-ozone/tools/target/test-dir"/>
    <property name="user.country" value="US"/>
    <property name="sun.java.launcher" value="SUN_STANDARD"/>
    <property name="sun.boot.library.path" value="/usr/lib/jvm/java-1.8-openjdk/jre/lib/amd64"/>
    <property name="sun.java.command" value="/workdir/hadoop-ozone/tools/target/surefire/surefirebooter926428880885929162.jar /workdir/hadoop-ozone/tools/target/surefire 2019-09-25T15-54-36_667-jvmRun1 surefire6482867273600944628tmp surefire_1126640171650217131306tmp"/>
    <property name="test" value="!TestMiniChaosOzoneCluster"/>
    <property name="surefire.test.class.path" value="/workdir/hadoop-ozone/tools/target/test-classes:/workdir/hadoop-ozone/tools/target/classes:/home/user/.m2/repository/org/apache/hadoop/hadoop-ozone-ozone-manager/0.5.0-SNAPSHOT/hadoop-ozone-ozone-manager-0.5.0-SNAPSHOT.jar:/home/user/.m2/repository/org/apache/hadoop/hadoop-hdds-docs/0.5.0-SNAPSHOT/hadoop-hdds-docs-0.5.0-SNAPSHOT.jar:/home/user/.m2/repository/org/bouncycastle/bcprov-jdk15on/1.60/bcprov-jdk15on-1.60.jar:/home/user/.m2/repository/org/apache/hadoop/hadoop-ozone-common/0.5.0-SNAPSHOT/hadoop-ozone-common-0.5.0-SNAPSHOT.jar:/home/user/.m2/repository/org/apache/commons/commons-compress/1.4.1/commons-compress-1.4.1.jar:/home/user/.m2/repository/org/tukaani/xz/1.0/xz-1.0.jar:/home/user/.m2/repository/org/apache/hadoop/hadoop-hdfs-client/3.2.0/hadoop-hdfs-client-3.2.0.jar:/home/user/.m2/repository/com/fasterxml/jackson/core/jackson-annotations/2.9.9/jackson-annotations-2.9.9.jar:/home/user/.m2/repository/org/apache/hadoop/hadoop-hdds-common/0.5.0-SNAPSHOT/hadoop-hdds-common-0.5.0-SNAPSHOT.jar:/home/user/.m2/repository/org/apache/hadoop/hadoop-hdds-config/0.5.0-SNAPSHOT/hadoop-hdds-config-0.5.0-SNAPSHOT.jar:/home/user/.m2/repository/javax/annotation/javax.annotation-api/1.2/javax.annotation-api-1.2.jar:/home/user/.m2/repository/org/apache/ratis/ratis-server/0.4.0/ratis-server-0.4.0.jar:/home/user/.m2/repository/org/apache/ratis/ratis-thirdparty-misc/0.2.0/ratis-thirdparty-misc-0.2.0.jar:/home/user/.m2/repository/org/apache/ratis/ratis-proto/0.4.0/ratis-proto-0.4.0.jar:/home/user/.m2/repository/org/apache/ratis/ratis-common/0.4.0/ratis-common-0.4.0.jar:/home/user/.m2/repository/org/apache/ratis/ratis-client/0.4.0/ratis-client-0.4.0.jar:/home/user/.m2/repository/org/apache/ratis/ratis-metrics/0.4.0/ratis-metrics-0.4.0.jar:/home/user/.m2/repository/com/github/joshelser/dropwizard-metrics-hadoop-metrics2-reporter/0.1.2/dropwizard-metrics-hadoop-metrics2-reporter-0.1.2.jar:/home/user/.m2/repository/io/dropwizard/metrics/metrics-jvm/3.2.5/metrics-jvm-3.2.5.jar:/home/user/.m2/repository/io/dropwizard/metrics/metrics-ganglia/3.2.5/metrics-ganglia-3.2.5.jar:/home/user/.m2/repository/info/ganglia/gmetric4j/gmetric4j/1.0.7/gmetric4j-1.0.7.jar:/home/user/.m2/repository/org/apache/ratis/ratis-netty/0.4.0/ratis-netty-0.4.0.jar:/home/user/.m2/repository/org/apache/ratis/ratis-grpc/0.4.0/ratis-grpc-0.4.0.jar:/home/user/.m2/repository/org/rocksdb/rocksdbjni/6.0.1/rocksdbjni-6.0.1.jar:/home/user/.m2/repository/org/apache/logging/log4j/log4j-api/2.11.0/log4j-api-2.11.0.jar:/home/user/.m2/repository/org/apache/logging/log4j/log4j-core/2.11.0/log4j-core-2.11.0.jar:/home/user/.m2/repository/com/lmax/disruptor/3.4.2/disruptor-3.4.2.jar:/home/user/.m2/repository/org/apache/commons/commons-pool2/2.6.0/commons-pool2-2.6.0.jar:/home/user/.m2/repository/org/bouncycastle/bcpkix-jdk15on/1.60/bcpkix-jdk15on-1.60.jar:/home/user/.m2/repository/commons-validator/commons-validator/1.6/commons-validator-1.6.jar:/home/user/.m2/repository/commons-digester/commons-digester/1.8.1/commons-digester-1.8.1.jar:/home/user/.m2/repository/io/jaegertracing/jaeger-client/0.34.0/jaeger-client-0.34.0.jar:/home/user/.m2/repository/io/jaegertracing/jaeger-thrift/0.34.0/jaeger-thrift-0.34.0.jar:/home/user/.m2/repository/org/apache/thrift/libthrift/0.12.0/libthrift-0.12.0.jar:/home/user/.m2/repository/com/squareup/okhttp3/okhttp/3.9.0/okhttp-3.9.0.jar:/home/user/.m2/repository/com/squareup/okio/okio/1.13.0/okio-1.13.0.jar:/home/user/.m2/repository/io/jaegertracing/jaeger-core/0.34.0/jaeger-core-0.34.0.jar:/home/user/.m2/repository/io/jaegertracing/jaeger-tracerresolver/0.34.0/jaeger-tracerresolver-0.34.0.jar:/home/user/.m2/repository/io/opentracing/contrib/opentracing-tracerresolver/0.1.5/opentracing-tracerresolver-0.1.5.jar:/home/user/.m2/repository/io/opentracing/opentracing-util/0.31.0/opentracing-util-0.31.0.jar:/home/user/.m2/repository/io/opentracing/opentracing-api/0.31.0/opentracing-api-0.31.0.jar:/home/user/.m2/repository/io/opentracing/opentracing-noop/0.31.0/opentracing-noop-0.31.0.jar:/home/user/.m2/repository/org/yaml/snakeyaml/1.16/snakeyaml-1.16.jar:/home/user/.m2/repository/org/apache/hadoop/hadoop-hdds-container-service/0.5.0-SNAPSHOT/hadoop-hdds-container-service-0.5.0-SNAPSHOT.jar:/home/user/.m2/repository/org/apache/hadoop/hadoop-hdds-client/0.5.0-SNAPSHOT/hadoop-hdds-client-0.5.0-SNAPSHOT.jar:/home/user/.m2/repository/org/apache/hadoop/hadoop-hdds-tools/0.5.0-SNAPSHOT/hadoop-hdds-tools-0.5.0-SNAPSHOT.jar:/home/user/.m2/repository/org/xerial/sqlite-jdbc/3.25.2/sqlite-jdbc-3.25.2.jar:/home/user/.m2/repository/org/apache/hadoop/hadoop-hdds-server-scm/0.5.0-SNAPSHOT/hadoop-hdds-server-scm-0.5.0-SNAPSHOT.jar:/home/user/.m2/repository/org/hamcrest/hamcrest-all/1.3/hamcrest-all-1.3.jar:/home/user/.m2/repository/info/picocli/picocli/3.9.6/picocli-3.9.6.jar:/home/user/.m2/repository/com/google/protobuf/protobuf-java/2.5.0/protobuf-java-2.5.0.jar:/home/user/.m2/repository/com/google/guava/guava/11.0.2/guava-11.0.2.jar:/home/user/.m2/repository/org/apache/hadoop/hadoop-ozone-client/0.5.0-SNAPSHOT/hadoop-ozone-client-0.5.0-SNAPSHOT.jar:/workdir/hadoop-ozone/ozonefs/target/classes:/home/user/.m2/repository/org/apache/httpcomponents/httpclient/4.5.2/httpclient-4.5.2.jar:/home/user/.m2/repository/org/apache/httpcomponents/httpcore/4.4.4/httpcore-4.4.4.jar:/home/user/.m2/repository/org/apache/hadoop/hadoop-hdds-server-framework/0.5.0-SNAPSHOT/hadoop-hdds-server-framework-0.5.0-SNAPSHOT.jar:/home/user/.m2/repository/org/apache/hadoop/hadoop-common/3.2.0/hadoop-common-3.2.0.jar:/home/user/.m2/repository/org/apache/hadoop/hadoop-annotations/3.2.0/hadoop-annotations-3.2.0.jar:/usr/lib/jvm/java-1.8-openjdk/jre/../lib/tools.jar:/home/user/.m2/repository/commons-cli/commons-cli/1.2/commons-cli-1.2.jar:/home/user/.m2/repository/org/apache/commons/commons-math3/3.1.1/commons-math3-3.1.1.jar:/home/user/.m2/repository/commons-codec/commons-codec/1.11/commons-codec-1.11.jar:/home/user/.m2/repository/commons-io/commons-io/2.5/commons-io-2.5.jar:/home/user/.m2/repository/commons-net/commons-net/3.6/commons-net-3.6.jar:/home/user/.m2/repository/commons-collections/commons-collections/3.2.2/commons-collections-3.2.2.jar:/home/user/.m2/repository/javax/servlet/javax.servlet-api/3.1.0/javax.servlet-api-3.1.0.jar:/home/user/.m2/repository/org/eclipse/jetty/jetty-server/9.3.25.v20180904/jetty-server-9.3.25.v20180904.jar:/home/user/.m2/repository/org/eclipse/jetty/jetty-http/9.3.25.v20180904/jetty-http-9.3.25.v20180904.jar:/home/user/.m2/repository/org/eclipse/jetty/jetty-io/9.3.25.v20180904/jetty-io-9.3.25.v20180904.jar:/home/user/.m2/repository/org/eclipse/jetty/jetty-util/9.3.25.v20180904/jetty-util-9.3.25.v20180904.jar:/home/user/.m2/repository/org/eclipse/jetty/jetty-servlet/9.3.25.v20180904/jetty-servlet-9.3.25.v20180904.jar:/home/user/.m2/repository/org/eclipse/jetty/jetty-security/9.3.25.v20180904/jetty-security-9.3.25.v20180904.jar:/home/user/.m2/repository/org/eclipse/jetty/jetty-webapp/9.3.25.v20180904/jetty-webapp-9.3.25.v20180904.jar:/home/user/.m2/repository/org/eclipse/jetty/jetty-xml/9.3.25.v20180904/jetty-xml-9.3.25.v20180904.jar:/home/user/.m2/repository/javax/servlet/jsp/jsp-api/2.1/jsp-api-2.1.jar:/home/user/.m2/repository/com/sun/jersey/jersey-core/1.19/jersey-core-1.19.jar:/home/user/.m2/repository/javax/ws/rs/jsr311-api/1.1.1/jsr311-api-1.1.1.jar:/home/user/.m2/repository/com/sun/jersey/jersey-servlet/1.19/jersey-servlet-1.19.jar:/home/user/.m2/repository/com/sun/jersey/jersey-json/1.19/jersey-json-1.19.jar:/home/user/.m2/repository/org/codehaus/jettison/jettison/1.1/jettison-1.1.jar:/home/user/.m2/repository/com/sun/xml/bind/jaxb-impl/2.3.0.1/jaxb-impl-2.3.0.1.jar:/home/user/.m2/repository/org/codehaus/jackson/jackson-core-asl/1.9.13/jackson-core-asl-1.9.13.jar:/home/user/.m2/repository/org/codehaus/jackson/jackson-mapper-asl/1.9.13/jackson-mapper-asl-1.9.13.jar:/home/user/.m2/repository/org/codehaus/jackson/jackson-jaxrs/1.9.13/jackson-jaxrs-1.9.13.jar:/home/user/.m2/repository/org/codehaus/jackson/jackson-xc/1.9.13/jackson-xc-1.9.13.jar:/home/user/.m2/repository/com/sun/jersey/jersey-server/1.19/jersey-server-1.19.jar:/home/user/.m2/repository/commons-logging/commons-logging/1.1.3/commons-logging-1.1.3.jar:/home/user/.m2/repository/log4j/log4j/1.2.17/log4j-1.2.17.jar:/home/user/.m2/repository/commons-beanutils/commons-beanutils/1.9.4/commons-beanutils-1.9.4.jar:/home/user/.m2/repository/org/apache/commons/commons-configuration2/2.1.1/commons-configuration2-2.1.1.jar:/home/user/.m2/repository/org/apache/commons/commons-lang3/3.7/commons-lang3-3.7.jar:/home/user/.m2/repository/org/apache/commons/commons-text/1.4/commons-text-1.4.jar:/home/user/.m2/repository/org/slf4j/slf4j-api/1.7.25/slf4j-api-1.7.25.jar:/home/user/.m2/repository/org/slf4j/slf4j-log4j12/1.7.25/slf4j-log4j12-1.7.25.jar:/home/user/.m2/repository/org/apache/avro/avro/1.7.7/avro-1.7.7.jar:/home/user/.m2/repository/com/thoughtworks/paranamer/paranamer/2.3/paranamer-2.3.jar:/home/user/.m2/repository/org/xerial/snappy/snappy-java/1.0.5/snappy-java-1.0.5.jar:/home/user/.m2/repository/com/google/re2j/re2j/1.1/re2j-1.1.jar:/home/user/.m2/repository/com/google/code/gson/gson/2.2.4/gson-2.2.4.jar:/home/user/.m2/repository/org/apache/hadoop/hadoop-auth/3.2.0/hadoop-auth-3.2.0.jar:/home/user/.m2/repository/com/nimbusds/nimbus-jose-jwt/4.41.1/nimbus-jose-jwt-4.41.1.jar:/home/user/.m2/repository/com/github/stephenc/jcip/jcip-annotations/1.0-1/jcip-annotations-1.0-1.jar:/home/user/.m2/repository/net/minidev/json-smart/2.3/json-smart-2.3.jar:/home/user/.m2/repository/net/minidev/accessors-smart/1.2/accessors-smart-1.2.jar:/home/user/.m2/repository/org/apache/curator/curator-framework/2.12.0/curator-framework-2.12.0.jar:/home/user/.m2/repository/com/jcraft/jsch/0.1.54/jsch-0.1.54.jar:/home/user/.m2/repository/org/apache/curator/curator-client/2.12.0/curator-client-2.12.0.jar:/home/user/.m2/repository/org/apache/curator/curator-recipes/2.12.0/curator-recipes-2.12.0.jar:/home/user/.m2/repository/com/google/code/findbugs/jsr305/3.0.0/jsr305-3.0.0.jar:/home/user/.m2/repository/org/apache/htrace/htrace-core4/4.1.0-incubating/htrace-core4-4.1.0-incubating.jar:/home/user/.m2/repository/org/apache/zookeeper/zookeeper/3.4.13/zookeeper-3.4.13.jar:/home/user/.m2/repository/jline/jline/0.9.94/jline-0.9.94.jar:/home/user/.m2/repository/org/apache/yetus/audience-annotations/0.5.0/audience-annotations-0.5.0.jar:/home/user/.m2/repository/org/apache/kerby/kerb-simplekdc/1.0.1/kerb-simplekdc-1.0.1.jar:/home/user/.m2/repository/org/apache/kerby/kerb-client/1.0.1/kerb-client-1.0.1.jar:/home/user/.m2/repository/org/apache/kerby/kerby-config/1.0.1/kerby-config-1.0.1.jar:/home/user/.m2/repository/org/apache/kerby/kerb-core/1.0.1/kerb-core-1.0.1.jar:/home/user/.m2/repository/org/apache/kerby/kerby-pkix/1.0.1/kerby-pkix-1.0.1.jar:/home/user/.m2/repository/org/apache/kerby/kerby-asn1/1.0.1/kerby-asn1-1.0.1.jar:/home/user/.m2/repository/org/apache/kerby/kerby-util/1.0.1/kerby-util-1.0.1.jar:/home/user/.m2/repository/org/apache/kerby/kerb-common/1.0.1/kerb-common-1.0.1.jar:/home/user/.m2/repository/org/apache/kerby/kerb-crypto/1.0.1/kerb-crypto-1.0.1.jar:/home/user/.m2/repository/org/apache/kerby/kerb-util/1.0.1/kerb-util-1.0.1.jar:/home/user/.m2/repository/org/apache/kerby/token-provider/1.0.1/token-provider-1.0.1.jar:/home/user/.m2/repository/org/apache/kerby/kerb-admin/1.0.1/kerb-admin-1.0.1.jar:/home/user/.m2/repository/org/apache/kerby/kerb-server/1.0.1/kerb-server-1.0.1.jar:/home/user/.m2/repository/org/apache/kerby/kerb-identity/1.0.1/kerb-identity-1.0.1.jar:/home/user/.m2/repository/org/apache/kerby/kerby-xdr/1.0.1/kerby-xdr-1.0.1.jar:/home/user/.m2/repository/com/fasterxml/jackson/core/jackson-databind/2.9.9/jackson-databind-2.9.9.jar:/home/user/.m2/repository/com/fasterxml/jackson/core/jackson-core/2.9.9/jackson-core-2.9.9.jar:/home/user/.m2/repository/org/codehaus/woodstox/stax2-api/3.1.4/stax2-api-3.1.4.jar:/home/user/.m2/repository/com/fasterxml/woodstox/woodstox-core/5.0.3/woodstox-core-5.0.3.jar:/home/user/.m2/repository/dnsjava/dnsjava/2.1.7/dnsjava-2.1.7.jar:/home/user/.m2/repository/org/apache/hadoop/hadoop-hdfs/3.2.0/hadoop-hdfs-3.2.0.jar:/home/user/.m2/repository/org/eclipse/jetty/jetty-util-ajax/9.3.25.v20180904/jetty-util-ajax-9.3.25.v20180904.jar:/home/user/.m2/repository/commons-daemon/commons-daemon/1.0.13/commons-daemon-1.0.13.jar:/home/user/.m2/repository/io/netty/netty/3.10.5.Final/netty-3.10.5.Final.jar:/home/user/.m2/repository/io/netty/netty-all/4.0.52.Final/netty-all-4.0.52.Final.jar:/home/user/.m2/repository/org/fusesource/leveldbjni/leveldbjni-all/1.8/leveldbjni-all-1.8.jar:/home/user/.m2/repository/com/sun/xml/bind/jaxb-core/2.3.0.1/jaxb-core-2.3.0.1.jar:/home/user/.m2/repository/javax/xml/bind/jaxb-api/2.3.0/jaxb-api-2.3.0.jar:/home/user/.m2/repository/javax/activation/activation/1.1.1/activation-1.1.1.jar:/home/user/.m2/repository/io/dropwizard/metrics/metrics-core/3.2.4/metrics-core-3.2.4.jar:/home/user/.m2/repository/org/openjdk/jmh/jmh-core/1.19/jmh-core-1.19.jar:/home/user/.m2/repository/net/sf/jopt-simple/jopt-simple/4.6/jopt-simple-4.6.jar:/home/user/.m2/repository/org/openjdk/jmh/jmh-generator-annprocess/1.19/jmh-generator-annprocess-1.19.jar:/home/user/.m2/repository/com/amazonaws/aws-java-sdk-s3/1.11.615/aws-java-sdk-s3-1.11.615.jar:/home/user/.m2/repository/com/amazonaws/aws-java-sdk-kms/1.11.615/aws-java-sdk-kms-1.11.615.jar:/home/user/.m2/repository/com/amazonaws/aws-java-sdk-core/1.11.615/aws-java-sdk-core-1.11.615.jar:/home/user/.m2/repository/software/amazon/ion/ion-java/1.0.2/ion-java-1.0.2.jar:/home/user/.m2/repository/com/fasterxml/jackson/dataformat/jackson-dataformat-cbor/2.9.9/jackson-dataformat-cbor-2.9.9.jar:/home/user/.m2/repository/joda-time/joda-time/2.9.9/joda-time-2.9.9.jar:/home/user/.m2/repository/com/amazonaws/jmespath-java/1.11.615/jmespath-java-1.11.615.jar:/home/user/.m2/repository/com/google/code/findbugs/findbugs/3.0.1/findbugs-3.0.1.jar:/home/user/.m2/repository/net/jcip/jcip-annotations/1.0/jcip-annotations-1.0.jar:/home/user/.m2/repository/com/google/code/findbugs/bcel-findbugs/6.0/bcel-findbugs-6.0.jar:/home/user/.m2/repository/com/google/code/findbugs/jFormatString/2.0.1/jFormatString-2.0.1.jar:/home/user/.m2/repository/dom4j/dom4j/1.6.1/dom4j-1.6.1.jar:/home/user/.m2/repository/xml-apis/xml-apis/1.0.b2/xml-apis-1.0.b2.jar:/home/user/.m2/repository/org/ow2/asm/asm-debug-all/5.0.2/asm-debug-all-5.0.2.jar:/home/user/.m2/repository/org/ow2/asm/asm-commons/5.0.2/asm-commons-5.0.2.jar:/home/user/.m2/repository/org/ow2/asm/asm-tree/5.0.2/asm-tree-5.0.2.jar:/home/user/.m2/repository/org/ow2/asm/asm/5.0.4/asm-5.0.4.jar:/home/user/.m2/repository/commons-lang/commons-lang/2.6/commons-lang-2.6.jar:/home/user/.m2/repository/com/apple/AppleJavaExtensions/1.4/AppleJavaExtensions-1.4.jar:/home/user/.m2/repository/jaxen/jaxen/1.1.6/jaxen-1.1.6.jar:/home/user/.m2/repository/junit/junit/4.11/junit-4.11.jar:/home/user/.m2/repository/org/hamcrest/hamcrest-core/1.3/hamcrest-core-1.3.jar:/home/user/.m2/repository/org/apache/hadoop/hadoop-common/3.2.0/hadoop-common-3.2.0-tests.jar:/workdir/hadoop-ozone/integration-test/target/test-classes:/home/user/.m2/repository/org/apache/hadoop/hadoop-ozone-s3gateway/0.5.0-SNAPSHOT/hadoop-ozone-s3gateway-0.5.0-SNAPSHOT.jar:/home/user/.m2/repository/org/jboss/weld/servlet/weld-servlet/2.4.7.Final/weld-servlet-2.4.7.Final.jar:/home/user/.m2/repository/org/glassfish/jersey/containers/jersey-container-servlet-core/2.27/jersey-container-servlet-core-2.27.jar:/home/user/.m2/repository/org/glassfish/hk2/external/javax.inject/2.5.0-b42/javax.inject-2.5.0-b42.jar:/home/user/.m2/repository/org/glassfish/jersey/core/jersey-common/2.27/jersey-common-2.27.jar:/home/user/.m2/repository/org/glassfish/hk2/osgi-resource-locator/1.0.1/osgi-resource-locator-1.0.1.jar:/home/user/.m2/repository/javax/ws/rs/javax.ws.rs-api/2.1/javax.ws.rs-api-2.1.jar:/home/user/.m2/repository/org/glassfish/jersey/ext/cdi/jersey-cdi1x/2.27/jersey-cdi1x-2.27.jar:/home/user/.m2/repository/org/glassfish/jersey/inject/jersey-hk2/2.27/jersey-hk2-2.27.jar:/home/user/.m2/repository/org/glassfish/hk2/hk2-locator/2.5.0-b42/hk2-locator-2.5.0-b42.jar:/home/user/.m2/repository/org/javassist/javassist/3.22.0-CR2/javassist-3.22.0-CR2.jar:/home/user/.m2/repository/org/glassfish/hk2/hk2-api/2.5.0/hk2-api-2.5.0.jar:/home/user/.m2/repository/org/glassfish/hk2/external/jakarta.inject/2.5.0/jakarta.inject-2.5.0.jar:/home/user/.m2/repository/org/glassfish/hk2/hk2-utils/2.5.0/hk2-utils-2.5.0.jar:/home/user/.m2/repository/jakarta/annotation/jakarta.annotation-api/1.3.4/jakarta.annotation-api-1.3.4.jar:/home/user/.m2/repository/org/glassfish/hk2/external/aopalliance-repackaged/2.5.0/aopalliance-repackaged-2.5.0.jar:/home/user/.m2/repository/com/fasterxml/jackson/dataformat/jackson-dataformat-xml/2.9.0/jackson-dataformat-xml-2.9.0.jar:/home/user/.m2/repository/com/fasterxml/jackson/module/jackson-module-jaxb-annotations/2.9.9/jackson-module-jaxb-annotations-2.9.9.jar:/home/user/.m2/repository/javax/enterprise/cdi-api/1.2/cdi-api-1.2.jar:/home/user/.m2/repository/javax/el/javax.el-api/3.0.0/javax.el-api-3.0.0.jar:/home/user/.m2/repository/javax/interceptor/javax.interceptor-api/1.2/javax.interceptor-api-1.2.jar:/home/user/.m2/repository/javax/inject/javax.inject/1/javax.inject-1.jar:/home/user/.m2/repository/org/apache/hadoop/hadoop-ozone-csi/0.5.0-SNAPSHOT/hadoop-ozone-csi-0.5.0-SNAPSHOT.jar:/home/user/.m2/repository/com/google/protobuf/protobuf-java-util/3.5.1/protobuf-java-util-3.5.1.jar:/home/user/.m2/repository/io/grpc/grpc-netty/1.17.1/grpc-netty-1.17.1.jar:/home/user/.m2/repository/io/grpc/grpc-core/1.17.1/grpc-core-1.17.1.jar:/home/user/.m2/repository/io/grpc/grpc-context/1.17.1/grpc-context-1.17.1.jar:/home/user/.m2/repository/com/google/errorprone/error_prone_annotations/2.2.0/error_prone_annotations-2.2.0.jar:/home/user/.m2/repository/org/codehaus/mojo/animal-sniffer-annotations/1.17/animal-sniffer-annotations-1.17.jar:/home/user/.m2/repository/io/opencensus/opencensus-api/0.17.0/opencensus-api-0.17.0.jar:/home/user/.m2/repository/io/opencensus/opencensus-contrib-grpc-metrics/0.17.0/opencensus-contrib-grpc-metrics-0.17.0.jar:/home/user/.m2/repository/io/netty/netty-codec-http2/4.1.30.Final/netty-codec-http2-4.1.30.Final.jar:/home/user/.m2/repository/io/netty/netty-codec-http/4.1.30.Final/netty-codec-http-4.1.30.Final.jar:/home/user/.m2/repository/io/netty/netty-codec/4.1.30.Final/netty-codec-4.1.30.Final.jar:/home/user/.m2/repository/io/netty/netty-handler/4.1.30.Final/netty-handler-4.1.30.Final.jar:/home/user/.m2/repository/io/netty/netty-handler-proxy/4.1.30.Final/netty-handler-proxy-4.1.30.Final.jar:/home/user/.m2/repository/io/netty/netty-codec-socks/4.1.30.Final/netty-codec-socks-4.1.30.Final.jar:/home/user/.m2/repository/io/netty/netty-transport-native-epoll/4.1.30.Final/netty-transport-native-epoll-4.1.30.Final.jar:/home/user/.m2/repository/io/netty/netty-common/4.1.30.Final/netty-common-4.1.30.Final.jar:/home/user/.m2/repository/io/netty/netty-buffer/4.1.30.Final/netty-buffer-4.1.30.Final.jar:/home/user/.m2/repository/io/netty/netty-transport/4.1.30.Final/netty-transport-4.1.30.Final.jar:/home/user/.m2/repository/io/netty/netty-resolver/4.1.30.Final/netty-resolver-4.1.30.Final.jar:/home/user/.m2/repository/io/netty/netty-transport-native-unix-common/4.1.30.Final/netty-transport-native-unix-common-4.1.30.Final.jar:/home/user/.m2/repository/io/grpc/grpc-protobuf/1.17.1/grpc-protobuf-1.17.1.jar:/home/user/.m2/repository/com/google/api/grpc/proto-google-common-protos/1.0.0/proto-google-common-protos-1.0.0.jar:/home/user/.m2/repository/io/grpc/grpc-protobuf-lite/1.17.1/grpc-protobuf-lite-1.17.1.jar:/home/user/.m2/repository/io/grpc/grpc-stub/1.17.1/grpc-stub-1.17.1.jar:/home/user/.m2/repository/org/apache/hadoop/hadoop-ozone-recon/0.5.0-SNAPSHOT/hadoop-ozone-recon-0.5.0-SNAPSHOT.jar:/home/user/.m2/repository/org/apache/hadoop/hadoop-ozone-reconcodegen/0.5.0-SNAPSHOT/hadoop-ozone-reconcodegen-0.5.0-SNAPSHOT.jar:/home/user/.m2/repository/com/google/inject/extensions/guice-multibindings/4.0/guice-multibindings-4.0.jar:/home/user/.m2/repository/com/google/inject/guice/4.0/guice-4.0.jar:/home/user/.m2/repository/aopalliance/aopalliance/1.0/aopalliance-1.0.jar:/home/user/.m2/repository/com/google/inject/extensions/guice-servlet/4.0/guice-servlet-4.0.jar:/home/user/.m2/repository/org/glassfish/jersey/containers/jersey-container-servlet/2.27/jersey-container-servlet-2.27.jar:/home/user/.m2/repository/org/glassfish/hk2/guice-bridge/2.5.0/guice-bridge-2.5.0.jar:/home/user/.m2/repository/org/glassfish/jersey/core/jersey-server/2.27/jersey-server-2.27.jar:/home/user/.m2/repository/org/glassfish/jersey/core/jersey-client/2.27/jersey-client-2.27.jar:/home/user/.m2/repository/org/glassfish/jersey/media/jersey-media-jaxb/2.27/jersey-media-jaxb-2.27.jar:/home/user/.m2/repository/javax/validation/validation-api/1.1.0.Final/validation-api-1.1.0.Final.jar:/home/user/.m2/repository/org/glassfish/jersey/media/jersey-media-json-jackson/2.27/jersey-media-json-jackson-2.27.jar:/home/user/.m2/repository/org/glassfish/jersey/ext/jersey-entity-filtering/2.27/jersey-entity-filtering-2.27.jar:/home/user/.m2/repository/com/google/inject/extensions/guice-assistedinject/4.0/guice-assistedinject-4.0.jar:/home/user/.m2/repository/org/jooq/jooq/3.11.10/jooq-3.11.10.jar:/home/user/.m2/repository/org/jooq/jooq-meta/3.11.10/jooq-meta-3.11.10.jar:/home/user/.m2/repository/org/jooq/jooq-codegen/3.11.10/jooq-codegen-3.11.10.jar:/home/user/.m2/repository/com/jolbox/bonecp/0.8.0.RELEASE/bonecp-0.8.0.RELEASE.jar:/home/user/.m2/repository/org/springframework/spring-jdbc/5.1.3.RELEASE/spring-jdbc-5.1.3.RELEASE.jar:/home/user/.m2/repository/org/springframework/spring-beans/5.1.3.RELEASE/spring-beans-5.1.3.RELEASE.jar:/home/user/.m2/repository/org/springframework/spring-core/5.1.3.RELEASE/spring-core-5.1.3.RELEASE.jar:/home/user/.m2/repository/org/springframework/spring-jcl/5.1.3.RELEASE/spring-jcl-5.1.3.RELEASE.jar:/home/user/.m2/repository/org/springframework/spring-tx/5.1.3.RELEASE/spring-tx-5.1.3.RELEASE.jar:/home/user/.m2/repository/org/mockito/mockito-core/2.15.0/mockito-core-2.15.0.jar:/home/user/.m2/repository/net/bytebuddy/byte-buddy/1.7.9/byte-buddy-1.7.9.jar:/home/user/.m2/repository/net/bytebuddy/byte-buddy-agent/1.7.9/byte-buddy-agent-1.7.9.jar:/home/user/.m2/repository/org/objenesis/objenesis/1.0/objenesis-1.0.jar:"/>
    <property name="sun.cpu.endian" value="little"/>
    <property name="user.home" value="/home/user"/>
    <property name="user.language" value="en"/>
    <property name="java.specification.vendor" value="Oracle Corporation"/>
    <property name="java.home" value="/usr/lib/jvm/java-1.8-openjdk/jre"/>
    <property name="java.security.krb5.conf" value="/workdir/hadoop-ozone/tools/target/test-classes/krb5.conf"/>
    <property name="basedir" value="/workdir/hadoop-ozone/tools"/>
    <property name="file.separator" value="/"/>
    <property name="line.separator" value="&#10;"/>
    <property name="java.vm.specification.vendor" value="Oracle Corporation"/>
    <property name="java.specification.name" value="Java Platform API Specification"/>
    <property name="java.awt.graphicsenv" value="sun.awt.X11GraphicsEnvironment"/>
    <property name="surefire.real.class.path" value="/workdir/hadoop-ozone/tools/target/surefire/surefirebooter926428880885929162.jar"/>
    <property name="hadoop.log.dir" value="/workdir/hadoop-ozone/tools/target/log"/>
    <property name="sun.boot.class.path" value="/usr/lib/jvm/java-1.8-openjdk/jre/lib/resources.jar:/usr/lib/jvm/java-1.8-openjdk/jre/lib/rt.jar:/usr/lib/jvm/java-1.8-openjdk/jre/lib/sunrsasign.jar:/usr/lib/jvm/java-1.8-openjdk/jre/lib/jsse.jar:/usr/lib/jvm/java-1.8-openjdk/jre/lib/jce.jar:/usr/lib/jvm/java-1.8-openjdk/jre/lib/charsets.jar:/usr/lib/jvm/java-1.8-openjdk/jre/lib/jfr.jar:/usr/lib/jvm/java-1.8-openjdk/jre/classes"/>
    <property name="sun.management.compiler" value="HotSpot 64-Bit Tiered Compilers"/>
    <property name="java.runtime.version" value="1.8.0_212-b04"/>
    <property name="java.net.preferIPv4Stack" value="true"/>
    <property name="user.name" value="jenkins1000"/>
    <property name="path.separator" value=":"/>
    <property name="java.security.egd" value="file:///dev/urandom"/>
    <property name="os.version" value="3.10.0-957.12.2.el7.x86_64"/>
    <property name="java.endorsed.dirs" value="/usr/lib/jvm/java-1.8-openjdk/jre/lib/endorsed"/>
    <property name="java.runtime.name" value="OpenJDK Runtime Environment"/>
    <property name="file.encoding" value="UTF-8"/>
    <property name="java.vm.name" value="OpenJDK 64-Bit Server VM"/>
    <property name="test.build.webapps" value=""/>
    <property name="localRepository" value="/home/user/.m2/repository"/>
    <property name="java.vendor.url.bug" value="https://icedtea.classpath.org/bugzilla"/>
    <property name="java.io.tmpdir" value="/tmp"/>
    <property name="require.test.libhadoop" value=""/>
    <property name="java.version" value="1.8.0_212"/>
    <property name="user.dir" value="/workdir/hadoop-ozone/tools"/>
    <property name="os.arch" value="amd64"/>
    <property name="java.vm.specification.name" value="Java Virtual Machine Specification"/>
    <property name="test.build.classes" value="/workdir/hadoop-ozone/tools/target/test-classes"/>
    <property name="java.awt.printerjob" value="sun.print.PSPrinterJob"/>
    <property name="sun.os.patch.level" value="unknown"/>
    <property name="hadoop.tmp.dir" value="/workdir/hadoop-ozone/tools/target/tmp"/>
    <property name="java.library.path" value="/usr/lib/jvm/java-1.8-openjdk/jre/lib/amd64/server:/usr/lib/jvm/java-1.8-openjdk/jre/lib/amd64:/usr/lib/jvm/java-1.8-openjdk/jre/../lib/amd64:/workdir/hadoop-ozone/tools/target/native/target/usr/local/lib:/workdir/hadoop-ozone/tools/../../hadoop-common-project/hadoop-common/target/native/target/usr/local/lib:/usr/java/packages/lib/amd64:/usr/lib64:/lib64:/lib:/usr/lib"/>
    <property name="java.vm.info" value="mixed mode"/>
    <property name="java.vendor" value="IcedTea"/>
    <property name="java.vm.version" value="25.212-b04"/>
    <property name="java.ext.dirs" value="/usr/lib/jvm/java-1.8-openjdk/jre/lib/ext:/usr/java/packages/lib/ext"/>
    <property name="sun.io.unicode.encoding" value="UnicodeLittle"/>
    <property name="java.class.version" value="52.0"/>
  </properties>
  <testcase name="ratisTest3" classname="org.apache.hadoop.ozone.freon.TestRandomKeyGenerator" time="75.634"/>
  <testcase name="testThreadPoolSize" classname="org.apache.hadoop.ozone.freon.TestRandomKeyGenerator" time="5.041"/>
  <testcase name="defaultTest" classname="org.apache.hadoop.ozone.freon.TestRandomKeyGenerator" time="54.216">
    <error message="Allocated 0 blocks. Requested 1 blocks" type="INTERNAL_ERROR org.apache.hadoop.ozone.om.exceptions.OMException">INTERNAL_ERROR org.apache.hadoop.ozone.om.exceptions.OMException: Allocated 0 blocks. Requested 1 blocks
	at org.apache.hadoop.ozone.om.protocolPB.OzoneManagerProtocolClientSideTranslatorPB.handleError(OzoneManagerProtocolClientSideTranslatorPB.java:732)
	at org.apache.hadoop.ozone.om.protocolPB.OzoneManagerProtocolClientSideTranslatorPB.allocateBlock(OzoneManagerProtocolClientSideTranslatorPB.java:764)
	at sun.reflect.NativeMethodAccessorImpl.invoke0(Native Method)
	at sun.reflect.NativeMethodAccessorImpl.invoke(NativeMethodAccessorImpl.java:62)
	at sun.reflect.DelegatingMethodAccessorImpl.invoke(DelegatingMethodAccessorImpl.java:43)
	at java.lang.reflect.Method.invoke(Method.java:498)
	at org.apache.hadoop.hdds.tracing.TraceAllMethod.invoke(TraceAllMethod.java:66)
	at com.sun.proxy.$Proxy37.allocateBlock(Unknown Source)
	at org.apache.hadoop.ozone.client.io.BlockOutputStreamEntryPool.allocateNewBlock(BlockOutputStreamEntryPool.java:248)
	at org.apache.hadoop.ozone.client.io.BlockOutputStreamEntryPool.allocateBlockIfNeeded(BlockOutputStreamEntryPool.java:296)
	at org.apache.hadoop.ozone.client.io.KeyOutputStream.handleWrite(KeyOutputStream.java:198)
	at org.apache.hadoop.ozone.client.io.KeyOutputStream.handleRetry(KeyOutputStream.java:375)
	at org.apache.hadoop.ozone.client.io.KeyOutputStream.handleException(KeyOutputStream.java:324)
	at org.apache.hadoop.ozone.client.io.KeyOutputStream.handleFlushOrClose(KeyOutputStream.java:449)
	at org.apache.hadoop.ozone.client.io.KeyOutputStream.close(KeyOutputStream.java:473)
	at org.apache.hadoop.ozone.client.io.OzoneOutputStream.close(OzoneOutputStream.java:60)
	at org.apache.hadoop.ozone.freon.RandomKeyGenerator.createKey(RandomKeyGenerator.java:710)
	at org.apache.hadoop.ozone.freon.RandomKeyGenerator.access$1100(RandomKeyGenerator.java:88)
	at org.apache.hadoop.ozone.freon.RandomKeyGenerator$ObjectCreator.run(RandomKeyGenerator.java:615)
	at java.util.concurrent.Executors$RunnableAdapter.call(Executors.java:511)
	at java.util.concurrent.FutureTask.run(FutureTask.java:266)
	at java.util.concurrent.ThreadPoolExecutor.runWorker(ThreadPoolExecutor.java:1149)
	at java.util.concurrent.ThreadPoolExecutor$Worker.run(ThreadPoolExecutor.java:624)
	at java.lang.Thread.run(Thread.java:748)
</error>
    <system-out><![CDATA[2019-09-25 19:52:00,419 [main] INFO  freon.RandomKeyGenerator (RandomKeyGenerator.java:call(283)) - Number of Threads: 10
2019-09-25 19:52:00,420 [main] INFO  freon.RandomKeyGenerator (RandomKeyGenerator.java:call(288)) - Number of Volumes: 2.
2019-09-25 19:52:00,420 [main] INFO  freon.RandomKeyGenerator (RandomKeyGenerator.java:call(289)) - Number of Buckets per Volume: 5.
2019-09-25 19:52:00,420 [main] INFO  freon.RandomKeyGenerator (RandomKeyGenerator.java:call(290)) - Number of Keys per Bucket: 10.
2019-09-25 19:52:00,421 [main] INFO  freon.RandomKeyGenerator (RandomKeyGenerator.java:call(291)) - Key size: 10240 bytes
2019-09-25 19:52:00,421 [main] INFO  freon.RandomKeyGenerator (RandomKeyGenerator.java:call(292)) - Buffer size: 4096 bytes
2019-09-25 19:52:00,421 [main] INFO  freon.RandomKeyGenerator (RandomKeyGenerator.java:call(293)) - validateWrites : false
2019-09-25 19:52:00,423 [main] INFO  freon.RandomKeyGenerator (RandomKeyGenerator.java:call(313)) - Starting progress bar Thread.
2019-09-25 19:52:00,423 [pool-176-thread-2] INFO  rpc.RpcClient (RpcClient.java:createVolume(276)) - Creating Volume: vol-1-91336, with jenkins1000 as owner.

2019-09-25 19:52:00,423 [pool-176-thread-1] INFO  rpc.RpcClient (RpcClient.java:createVolume(276)) - Creating Volume: vol-0-12278, with jenkins1000 as owner.
 0.00% |█                                                                                                    |  0/100 Time: 0:00:002019-09-25 19:52:00,429 [IPC Server handler 12 on 41159] INFO  volume.OMVolumeCreateRequest (OMVolumeCreateRequest.java:validateAndUpdateCache(194)) - created volume:vol-0-12278 for user:jenkins1000
2019-09-25 19:52:00,430 [IPC Server handler 5 on 41159] INFO  volume.OMVolumeCreateRequest (OMVolumeCreateRequest.java:validateAndUpdateCache(194)) - created volume:vol-1-91336 for user:jenkins1000
2019-09-25 19:52:00,435 [pool-176-thread-1] INFO  rpc.RpcClient (RpcClient.java:createBucket(415)) - Creating Bucket: vol-0-12278/bucket-4-91437, with Versioning false and Storage Type set to DISK and Encryption set to false 
2019-09-25 19:52:00,435 [pool-176-thread-5] INFO  rpc.RpcClient (RpcClient.java:createBucket(415)) - Creating Bucket: vol-0-12278/bucket-1-46254, with Versioning false and Storage Type set to DISK and Encryption set to false 
2019-09-25 19:52:00,435 [pool-176-thread-7] INFO  rpc.RpcClient (RpcClient.java:createBucket(415)) - Creating Bucket: vol-0-12278/bucket-2-58580, with Versioning false and Storage Type set to DISK and Encryption set to false 
2019-09-25 19:52:00,436 [pool-176-thread-2] INFO  rpc.RpcClient (RpcClient.java:createBucket(415)) - Creating Bucket: vol-1-91336/bucket-4-10215, with Versioning false and Storage Type set to DISK and Encryption set to false 
2019-09-25 19:52:00,442 [pool-176-thread-3] INFO  rpc.RpcClient (RpcClient.java:createBucket(415)) - Creating Bucket: vol-0-12278/bucket-0-37792, with Versioning false and Storage Type set to DISK and Encryption set to false 
2019-09-25 19:52:00,445 [pool-176-thread-9] INFO  rpc.RpcClient (RpcClient.java:createBucket(415)) - Creating Bucket: vol-0-12278/bucket-3-43707, with Versioning false and Storage Type set to DISK and Encryption set to false 
2019-09-25 19:52:00,445 [pool-176-thread-6] INFO  rpc.RpcClient (RpcClient.java:createBucket(415)) - Creating Bucket: vol-1-91336/bucket-1-39317, with Versioning false and Storage Type set to DISK and Encryption set to false 
2019-09-25 19:52:00,445 [pool-176-thread-4] INFO  rpc.RpcClient (RpcClient.java:createBucket(415)) - Creating Bucket: vol-1-91336/bucket-0-10327, with Versioning false and Storage Type set to DISK and Encryption set to false 
2019-09-25 19:52:00,445 [pool-176-thread-8] INFO  rpc.RpcClient (RpcClient.java:createBucket(415)) - Creating Bucket: vol-1-91336/bucket-2-10595, with Versioning false and Storage Type set to DISK and Encryption set to false 
2019-09-25 19:52:00,446 [pool-176-thread-10] INFO  rpc.RpcClient (RpcClient.java:createBucket(415)) - Creating Bucket: vol-1-91336/bucket-3-64321, with Versioning false and Storage Type set to DISK and Encryption set to false 
 30.00% |███████████████████████████████                                                                      |  30/100 Time: 0:00:01 30.00% |███████████████████████████████                                                                      |  30/100 Time: 0:00:02 30.00% |███████████████████████████████                                                                      |  30/100 Time: 0:00:032019-09-25 19:52:03,725 [java.util.concurrent.ThreadPoolExecutor$Worker@6b0d1944[State = -1, empty queue]] WARN  server.GrpcLogAppender (GrpcLogAppender.java:timeoutAppendRequest(200)) - 9fa3cfc6-f64e-4b08-bae1-f5e1c71227db@group-374B680C540A->bdc1229c-9b54-4d7c-bdb7-d9d8fc4af94a-GrpcLogAppender: appendEntries Timeout, request=9fa3cfc6-f64e-4b08-bae1-f5e1c71227db->bdc1229c-9b54-4d7c-bdb7-d9d8fc4af94a#474-t3, previous=(t:3, i:453), leaderCommit=450, initializing? false, entries: size=1, first=(t:3, i:454), STATEMACHINELOGENTRY, client-D2F5A3007046, cid=392
2019-09-25 19:52:03,725 [java.util.concurrent.ThreadPoolExecutor$Worker@41c7fc32[State = -1, empty queue]] WARN  server.GrpcLogAppender (GrpcLogAppender.java:timeoutAppendRequest(200)) - 9fa3cfc6-f64e-4b08-bae1-f5e1c71227db@group-374B680C540A->0874ac74-a522-45ec-a23a-074b79aa09bf-GrpcLogAppender: appendEntries Timeout, request=9fa3cfc6-f64e-4b08-bae1-f5e1c71227db->0874ac74-a522-45ec-a23a-074b79aa09bf#474-t3, previous=(t:3, i:453), leaderCommit=450, initializing? false, entries: size=1, first=(t:3, i:454), STATEMACHINELOGENTRY, client-D2F5A3007046, cid=392
2019-09-25 19:52:03,726 [java.util.concurrent.ThreadPoolExecutor$Worker@6b0d1944[State = -1, empty queue]] WARN  server.GrpcLogAppender (GrpcLogAppender.java:timeoutAppendRequest(200)) - 9fa3cfc6-f64e-4b08-bae1-f5e1c71227db@group-374B680C540A->bdc1229c-9b54-4d7c-bdb7-d9d8fc4af94a-GrpcLogAppender: appendEntries Timeout, request=9fa3cfc6-f64e-4b08-bae1-f5e1c71227db->bdc1229c-9b54-4d7c-bdb7-d9d8fc4af94a#475-t3, previous=(t:3, i:454), leaderCommit=450, initializing? false, entries: size=1, first=(t:3, i:455), STATEMACHINELOGENTRY, client-D2F5A3007046, cid=394
2019-09-25 19:52:03,727 [java.util.concurrent.ThreadPoolExecutor$Worker@41c7fc32[State = -1, empty queue]] WARN  server.GrpcLogAppender (GrpcLogAppender.java:timeoutAppendRequest(200)) - 9fa3cfc6-f64e-4b08-bae1-f5e1c71227db@group-374B680C540A->0874ac74-a522-45ec-a23a-074b79aa09bf-GrpcLogAppender: appendEntries Timeout, request=9fa3cfc6-f64e-4b08-bae1-f5e1c71227db->0874ac74-a522-45ec-a23a-074b79aa09bf#475-t3, previous=(t:3, i:454), leaderCommit=450, initializing? false, entries: size=1, first=(t:3, i:455), STATEMACHINELOGENTRY, client-D2F5A3007046, cid=394
2019-09-25 19:52:03,727 [java.util.concurrent.ThreadPoolExecutor$Worker@6b0d1944[State = -1, empty queue]] WARN  server.GrpcLogAppender (GrpcLogAppender.java:timeoutAppendRequest(200)) - 9fa3cfc6-f64e-4b08-bae1-f5e1c71227db@group-374B680C540A->bdc1229c-9b54-4d7c-bdb7-d9d8fc4af94a-GrpcLogAppender: appendEntries Timeout, request=9fa3cfc6-f64e-4b08-bae1-f5e1c71227db->bdc1229c-9b54-4d7c-bdb7-d9d8fc4af94a#476-t3, previous=(t:3, i:455), leaderCommit=450, initializing? false, entries: size=1, first=(t:3, i:456), STATEMACHINELOGENTRY, client-D2F5A3007046, cid=395
2019-09-25 19:52:03,727 [java.util.concurrent.ThreadPoolExecutor$Worker@41c7fc32[State = -1, empty queue]] WARN  server.GrpcLogAppender (GrpcLogAppender.java:timeoutAppendRequest(200)) - 9fa3cfc6-f64e-4b08-bae1-f5e1c71227db@group-374B680C540A->0874ac74-a522-45ec-a23a-074b79aa09bf-GrpcLogAppender: appendEntries Timeout, request=9fa3cfc6-f64e-4b08-bae1-f5e1c71227db->0874ac74-a522-45ec-a23a-074b79aa09bf#476-t3, previous=(t:3, i:455), leaderCommit=450, initializing? false, entries: size=1, first=(t:3, i:456), STATEMACHINELOGENTRY, client-D2F5A3007046, cid=395
2019-09-25 19:52:03,727 [java.util.concurrent.ThreadPoolExecutor$Worker@6b0d1944[State = -1, empty queue]] WARN  server.GrpcLogAppender (GrpcLogAppender.java:timeoutAppendRequest(200)) - 9fa3cfc6-f64e-4b08-bae1-f5e1c71227db@group-374B680C540A->bdc1229c-9b54-4d7c-bdb7-d9d8fc4af94a-GrpcLogAppender: appendEntries Timeout, request=9fa3cfc6-f64e-4b08-bae1-f5e1c71227db->bdc1229c-9b54-4d7c-bdb7-d9d8fc4af94a#477-t3, previous=(t:3, i:456), leaderCommit=450, initializing? false, entries: size=1, first=(t:3, i:457), STATEMACHINELOGENTRY, client-D2F5A3007046, cid=396
2019-09-25 19:52:03,727 [java.util.concurrent.ThreadPoolExecutor$Worker@41c7fc32[State = -1, empty queue]] WARN  server.GrpcLogAppender (GrpcLogAppender.java:timeoutAppendRequest(200)) - 9fa3cfc6-f64e-4b08-bae1-f5e1c71227db@group-374B680C540A->0874ac74-a522-45ec-a23a-074b79aa09bf-GrpcLogAppender: appendEntries Timeout, request=9fa3cfc6-f64e-4b08-bae1-f5e1c71227db->0874ac74-a522-45ec-a23a-074b79aa09bf#477-t3, previous=(t:3, i:456), leaderCommit=450, initializing? false, entries: size=1, first=(t:3, i:457), STATEMACHINELOGENTRY, client-D2F5A3007046, cid=396
2019-09-25 19:52:03,727 [java.util.concurrent.ThreadPoolExecutor$Worker@6b0d1944[State = -1, empty queue]] WARN  server.GrpcLogAppender (GrpcLogAppender.java:timeoutAppendRequest(200)) - 9fa3cfc6-f64e-4b08-bae1-f5e1c71227db@group-374B680C540A->bdc1229c-9b54-4d7c-bdb7-d9d8fc4af94a-GrpcLogAppender: appendEntries Timeout, request=9fa3cfc6-f64e-4b08-bae1-f5e1c71227db->bdc1229c-9b54-4d7c-bdb7-d9d8fc4af94a#478-t3, previous=(t:3, i:457), leaderCommit=450, initializing? false, entries: size=1, first=(t:3, i:458), STATEMACHINELOGENTRY, client-D2F5A3007046, cid=397
2019-09-25 19:52:03,728 [java.util.concurrent.ThreadPoolExecutor$Worker@41c7fc32[State = -1, empty queue]] WARN  server.GrpcLogAppender (GrpcLogAppender.java:timeoutAppendRequest(200)) - 9fa3cfc6-f64e-4b08-bae1-f5e1c71227db@group-374B680C540A->0874ac74-a522-45ec-a23a-074b79aa09bf-GrpcLogAppender: appendEntries Timeout, request=9fa3cfc6-f64e-4b08-bae1-f5e1c71227db->0874ac74-a522-45ec-a23a-074b79aa09bf#478-t3, previous=(t:3, i:457), leaderCommit=450, initializing? false, entries: size=1, first=(t:3, i:458), STATEMACHINELOGENTRY, client-D2F5A3007046, cid=397
2019-09-25 19:52:03,728 [java.util.concurrent.ThreadPoolExecutor$Worker@6b0d1944[State = -1, empty queue]] WARN  server.GrpcLogAppender (GrpcLogAppender.java:timeoutAppendRequest(200)) - 9fa3cfc6-f64e-4b08-bae1-f5e1c71227db@group-374B680C540A->bdc1229c-9b54-4d7c-bdb7-d9d8fc4af94a-GrpcLogAppender: appendEntries Timeout, request=9fa3cfc6-f64e-4b08-bae1-f5e1c71227db->bdc1229c-9b54-4d7c-bdb7-d9d8fc4af94a#479-t3, previous=(t:3, i:458), leaderCommit=451, initializing? false, entries: size=1, first=(t:3, i:459), STATEMACHINELOGENTRY, client-D2F5A3007046, cid=398
2019-09-25 19:52:03,728 [java.util.concurrent.ThreadPoolExecutor$Worker@41c7fc32[State = -1, empty queue]] WARN  server.GrpcLogAppender (GrpcLogAppender.java:timeoutAppendRequest(200)) - 9fa3cfc6-f64e-4b08-bae1-f5e1c71227db@group-374B680C540A->0874ac74-a522-45ec-a23a-074b79aa09bf-GrpcLogAppender: appendEntries Timeout, request=9fa3cfc6-f64e-4b08-bae1-f5e1c71227db->0874ac74-a522-45ec-a23a-074b79aa09bf#479-t3, previous=(t:3, i:458), leaderCommit=451, initializing? false, entries: size=1, first=(t:3, i:459), STATEMACHINELOGENTRY, client-D2F5A3007046, cid=398
2019-09-25 19:52:03,728 [java.util.concurrent.ThreadPoolExecutor$Worker@6b0d1944[State = -1, empty queue]] WARN  server.GrpcLogAppender (GrpcLogAppender.java:timeoutAppendRequest(200)) - 9fa3cfc6-f64e-4b08-bae1-f5e1c71227db@group-374B680C540A->bdc1229c-9b54-4d7c-bdb7-d9d8fc4af94a-GrpcLogAppender: appendEntries Timeout, request=9fa3cfc6-f64e-4b08-bae1-f5e1c71227db->bdc1229c-9b54-4d7c-bdb7-d9d8fc4af94a#480-t3, previous=(t:3, i:459), leaderCommit=451, initializing? false, entries: size=1, first=(t:3, i:460), METADATAENTRY(c451)
2019-09-25 19:52:03,728 [java.util.concurrent.ThreadPoolExecutor$Worker@41c7fc32[State = -1, empty queue]] WARN  server.GrpcLogAppender (GrpcLogAppender.java:timeoutAppendRequest(200)) - 9fa3cfc6-f64e-4b08-bae1-f5e1c71227db@group-374B680C540A->0874ac74-a522-45ec-a23a-074b79aa09bf-GrpcLogAppender: appendEntries Timeout, request=9fa3cfc6-f64e-4b08-bae1-f5e1c71227db->0874ac74-a522-45ec-a23a-074b79aa09bf#480-t3, previous=(t:3, i:459), leaderCommit=451, initializing? false, entries: size=1, first=(t:3, i:460), METADATAENTRY(c451)
2019-09-25 19:52:03,729 [java.util.concurrent.ThreadPoolExecutor$Worker@6b0d1944[State = -1, empty queue]] WARN  server.GrpcLogAppender (GrpcLogAppender.java:timeoutAppendRequest(200)) - 9fa3cfc6-f64e-4b08-bae1-f5e1c71227db@group-374B680C540A->bdc1229c-9b54-4d7c-bdb7-d9d8fc4af94a-GrpcLogAppender: appendEntries Timeout, request=9fa3cfc6-f64e-4b08-bae1-f5e1c71227db->bdc1229c-9b54-4d7c-bdb7-d9d8fc4af94a#481-t3, previous=(t:3, i:460), leaderCommit=451, initializing? false, entries: size=1, first=(t:3, i:461), STATEMACHINELOGENTRY, client-D2F5A3007046, cid=399
2019-09-25 19:52:03,729 [java.util.concurrent.ThreadPoolExecutor$Worker@41c7fc32[State = -1, empty queue]] WARN  server.GrpcLogAppender (GrpcLogAppender.java:timeoutAppendRequest(200)) - 9fa3cfc6-f64e-4b08-bae1-f5e1c71227db@group-374B680C540A->0874ac74-a522-45ec-a23a-074b79aa09bf-GrpcLogAppender: appendEntries Timeout, request=9fa3cfc6-f64e-4b08-bae1-f5e1c71227db->0874ac74-a522-45ec-a23a-074b79aa09bf#481-t3, previous=(t:3, i:460), leaderCommit=451, initializing? false, entries: size=1, first=(t:3, i:461), STATEMACHINELOGENTRY, client-D2F5A3007046, cid=399
2019-09-25 19:52:03,729 [java.util.concurrent.ThreadPoolExecutor$Worker@6b0d1944[State = -1, empty queue]] WARN  server.GrpcLogAppender (GrpcLogAppender.java:timeoutAppendRequest(200)) - 9fa3cfc6-f64e-4b08-bae1-f5e1c71227db@group-374B680C540A->bdc1229c-9b54-4d7c-bdb7-d9d8fc4af94a-GrpcLogAppender: appendEntries Timeout, request=9fa3cfc6-f64e-4b08-bae1-f5e1c71227db->bdc1229c-9b54-4d7c-bdb7-d9d8fc4af94a#482-t3, previous=(t:3, i:461), leaderCommit=451, initializing? false, entries: size=1, first=(t:3, i:462), STATEMACHINELOGENTRY, client-D2F5A3007046, cid=400
2019-09-25 19:52:03,729 [java.util.concurrent.ThreadPoolExecutor$Worker@41c7fc32[State = -1, empty queue]] WARN  server.GrpcLogAppender (GrpcLogAppender.java:timeoutAppendRequest(200)) - 9fa3cfc6-f64e-4b08-bae1-f5e1c71227db@group-374B680C540A->0874ac74-a522-45ec-a23a-074b79aa09bf-GrpcLogAppender: appendEntries Timeout, request=9fa3cfc6-f64e-4b08-bae1-f5e1c71227db->0874ac74-a522-45ec-a23a-074b79aa09bf#482-t3, previous=(t:3, i:461), leaderCommit=451, initializing? false, entries: size=1, first=(t:3, i:462), STATEMACHINELOGENTRY, client-D2F5A3007046, cid=400
2019-09-25 19:52:03,729 [java.util.concurrent.ThreadPoolExecutor$Worker@6b0d1944[State = -1, empty queue]] WARN  server.GrpcLogAppender (GrpcLogAppender.java:timeoutAppendRequest(200)) - 9fa3cfc6-f64e-4b08-bae1-f5e1c71227db@group-374B680C540A->bdc1229c-9b54-4d7c-bdb7-d9d8fc4af94a-GrpcLogAppender: appendEntries Timeout, request=9fa3cfc6-f64e-4b08-bae1-f5e1c71227db->bdc1229c-9b54-4d7c-bdb7-d9d8fc4af94a#483-t3, previous=(t:3, i:462), leaderCommit=452, initializing? false, entries: size=1, first=(t:3, i:463), METADATAENTRY(c452)
2019-09-25 19:52:03,729 [java.util.concurrent.ThreadPoolExecutor$Worker@41c7fc32[State = -1, empty queue]] WARN  server.GrpcLogAppender (GrpcLogAppender.java:timeoutAppendRequest(200)) - 9fa3cfc6-f64e-4b08-bae1-f5e1c71227db@group-374B680C540A->0874ac74-a522-45ec-a23a-074b79aa09bf-GrpcLogAppender: appendEntries Timeout, request=9fa3cfc6-f64e-4b08-bae1-f5e1c71227db->0874ac74-a522-45ec-a23a-074b79aa09bf#483-t3, previous=(t:3, i:462), leaderCommit=452, initializing? false, entries: size=1, first=(t:3, i:463), METADATAENTRY(c452)
2019-09-25 19:52:03,729 [java.util.concurrent.ThreadPoolExecutor$Worker@6b0d1944[State = -1, empty queue]] WARN  server.GrpcLogAppender (GrpcLogAppender.java:timeoutAppendRequest(200)) - 9fa3cfc6-f64e-4b08-bae1-f5e1c71227db@group-374B680C540A->bdc1229c-9b54-4d7c-bdb7-d9d8fc4af94a-GrpcLogAppender: appendEntries Timeout, request=9fa3cfc6-f64e-4b08-bae1-f5e1c71227db->bdc1229c-9b54-4d7c-bdb7-d9d8fc4af94a#484-t3, previous=(t:3, i:463), leaderCommit=453, initializing? false, entries: size=1, first=(t:3, i:464), METADATAENTRY(c453)
2019-09-25 19:52:03,730 [java.util.concurrent.ThreadPoolExecutor$Worker@41c7fc32[State = -1, empty queue]] WARN  server.GrpcLogAppender (GrpcLogAppender.java:timeoutAppendRequest(200)) - 9fa3cfc6-f64e-4b08-bae1-f5e1c71227db@group-374B680C540A->0874ac74-a522-45ec-a23a-074b79aa09bf-GrpcLogAppender: appendEntries Timeout, request=9fa3cfc6-f64e-4b08-bae1-f5e1c71227db->0874ac74-a522-45ec-a23a-074b79aa09bf#484-t3, previous=(t:3, i:463), leaderCommit=453, initializing? false, entries: size=1, first=(t:3, i:464), METADATAENTRY(c453)
2019-09-25 19:52:03,730 [java.util.concurrent.ThreadPoolExecutor$Worker@6b0d1944[State = -1, empty queue]] WARN  server.GrpcLogAppender (GrpcLogAppender.java:timeoutAppendRequest(200)) - 9fa3cfc6-f64e-4b08-bae1-f5e1c71227db@group-374B680C540A->bdc1229c-9b54-4d7c-bdb7-d9d8fc4af94a-GrpcLogAppender: appendEntries Timeout, request=9fa3cfc6-f64e-4b08-bae1-f5e1c71227db->bdc1229c-9b54-4d7c-bdb7-d9d8fc4af94a#485-t3, previous=(t:3, i:464), leaderCommit=453, initializing? false, entries: size=1, first=(t:3, i:465), STATEMACHINELOGENTRY, client-D2F5A3007046, cid=401
2019-09-25 19:52:03,730 [java.util.concurrent.ThreadPoolExecutor$Worker@41c7fc32[State = -1, empty queue]] WARN  server.GrpcLogAppender (GrpcLogAppender.java:timeoutAppendRequest(200)) - 9fa3cfc6-f64e-4b08-bae1-f5e1c71227db@group-374B680C540A->0874ac74-a522-45ec-a23a-074b79aa09bf-GrpcLogAppender: appendEntries Timeout, request=9fa3cfc6-f64e-4b08-bae1-f5e1c71227db->0874ac74-a522-45ec-a23a-074b79aa09bf#485-t3, previous=(t:3, i:464), leaderCommit=453, initializing? false, entries: size=1, first=(t:3, i:465), STATEMACHINELOGENTRY, client-D2F5A3007046, cid=401
2019-09-25 19:52:03,731 [java.util.concurrent.ThreadPoolExecutor$Worker@41c7fc32[State = -1, empty queue]] WARN  server.GrpcLogAppender (GrpcLogAppender.java:timeoutAppendRequest(200)) - 9fa3cfc6-f64e-4b08-bae1-f5e1c71227db@group-374B680C540A->0874ac74-a522-45ec-a23a-074b79aa09bf-GrpcLogAppender: appendEntries Timeout, request=9fa3cfc6-f64e-4b08-bae1-f5e1c71227db->0874ac74-a522-45ec-a23a-074b79aa09bf#486-t3, previous=(t:3, i:465), leaderCommit=453, initializing? false, entries: size=1, first=(t:3, i:466), STATEMACHINELOGENTRY, client-D2F5A3007046, cid=402
2019-09-25 19:52:03,731 [java.util.concurrent.ThreadPoolExecutor$Worker@6b0d1944[State = -1, empty queue]] WARN  server.GrpcLogAppender (GrpcLogAppender.java:timeoutAppendRequest(200)) - 9fa3cfc6-f64e-4b08-bae1-f5e1c71227db@group-374B680C540A->bdc1229c-9b54-4d7c-bdb7-d9d8fc4af94a-GrpcLogAppender: appendEntries Timeout, request=9fa3cfc6-f64e-4b08-bae1-f5e1c71227db->bdc1229c-9b54-4d7c-bdb7-d9d8fc4af94a#486-t3, previous=(t:3, i:465), leaderCommit=453, initializing? false, entries: size=1, first=(t:3, i:466), STATEMACHINELOGENTRY, client-D2F5A3007046, cid=402
2019-09-25 19:52:03,731 [java.util.concurrent.ThreadPoolExecutor$Worker@41c7fc32[State = -1, empty queue]] WARN  server.GrpcLogAppender (GrpcLogAppender.java:timeoutAppendRequest(200)) - 9fa3cfc6-f64e-4b08-bae1-f5e1c71227db@group-374B680C540A->0874ac74-a522-45ec-a23a-074b79aa09bf-GrpcLogAppender: appendEntries Timeout, request=9fa3cfc6-f64e-4b08-bae1-f5e1c71227db->0874ac74-a522-45ec-a23a-074b79aa09bf#487-t3, previous=(t:3, i:466), leaderCommit=453, initializing? false, entries: size=1, first=(t:3, i:467), STATEMACHINELOGENTRY, client-D2F5A3007046, cid=403
2019-09-25 19:52:03,731 [java.util.concurrent.ThreadPoolExecutor$Worker@6b0d1944[State = -1, empty queue]] WARN  server.GrpcLogAppender (GrpcLogAppender.java:timeoutAppendRequest(200)) - 9fa3cfc6-f64e-4b08-bae1-f5e1c71227db@group-374B680C540A->bdc1229c-9b54-4d7c-bdb7-d9d8fc4af94a-GrpcLogAppender: appendEntries Timeout, request=9fa3cfc6-f64e-4b08-bae1-f5e1c71227db->bdc1229c-9b54-4d7c-bdb7-d9d8fc4af94a#487-t3, previous=(t:3, i:466), leaderCommit=453, initializing? false, entries: size=1, first=(t:3, i:467), STATEMACHINELOGENTRY, client-D2F5A3007046, cid=403
2019-09-25 19:52:03,732 [java.util.concurrent.ThreadPoolExecutor$Worker@6b0d1944[State = -1, empty queue]] WARN  server.GrpcLogAppender (GrpcLogAppender.java:timeoutAppendRequest(200)) - 9fa3cfc6-f64e-4b08-bae1-f5e1c71227db@group-374B680C540A->bdc1229c-9b54-4d7c-bdb7-d9d8fc4af94a-GrpcLogAppender: appendEntries Timeout, request=9fa3cfc6-f64e-4b08-bae1-f5e1c71227db->bdc1229c-9b54-4d7c-bdb7-d9d8fc4af94a#488-t3, previous=(t:3, i:467), leaderCommit=453, initializing? false, entries: size=1, first=(t:3, i:468), STATEMACHINELOGENTRY, client-D2F5A3007046, cid=404
2019-09-25 19:52:03,732 [java.util.concurrent.ThreadPoolExecutor$Worker@41c7fc32[State = -1, empty queue]] WARN  server.GrpcLogAppender (GrpcLogAppender.java:timeoutAppendRequest(200)) - 9fa3cfc6-f64e-4b08-bae1-f5e1c71227db@group-374B680C540A->0874ac74-a522-45ec-a23a-074b79aa09bf-GrpcLogAppender: appendEntries Timeout, request=9fa3cfc6-f64e-4b08-bae1-f5e1c71227db->0874ac74-a522-45ec-a23a-074b79aa09bf#488-t3, previous=(t:3, i:467), leaderCommit=453, initializing? false, entries: size=1, first=(t:3, i:468), STATEMACHINELOGENTRY, client-D2F5A3007046, cid=404
2019-09-25 19:52:03,732 [java.util.concurrent.ThreadPoolExecutor$Worker@6b0d1944[State = -1, empty queue]] WARN  server.GrpcLogAppender (GrpcLogAppender.java:timeoutAppendRequest(200)) - 9fa3cfc6-f64e-4b08-bae1-f5e1c71227db@group-374B680C540A->bdc1229c-9b54-4d7c-bdb7-d9d8fc4af94a-GrpcLogAppender: appendEntries Timeout, request=9fa3cfc6-f64e-4b08-bae1-f5e1c71227db->bdc1229c-9b54-4d7c-bdb7-d9d8fc4af94a#489-t3, previous=(t:3, i:468), leaderCommit=453, initializing? false, entries: size=1, first=(t:3, i:469), STATEMACHINELOGENTRY, client-D2F5A3007046, cid=405
2019-09-25 19:52:03,735 [java.util.concurrent.ThreadPoolExecutor$Worker@41c7fc32[State = -1, empty queue]] WARN  server.GrpcLogAppender (GrpcLogAppender.java:timeoutAppendRequest(200)) - 9fa3cfc6-f64e-4b08-bae1-f5e1c71227db@group-374B680C540A->0874ac74-a522-45ec-a23a-074b79aa09bf-GrpcLogAppender: appendEntries Timeout, request=9fa3cfc6-f64e-4b08-bae1-f5e1c71227db->0874ac74-a522-45ec-a23a-074b79aa09bf#489-t3, previous=(t:3, i:468), leaderCommit=453, initializing? false, entries: size=1, first=(t:3, i:469), STATEMACHINELOGENTRY, client-D2F5A3007046, cid=405
2019-09-25 19:52:03,735 [java.util.concurrent.ThreadPoolExecutor$Worker@6b0d1944[State = -1, empty queue]] WARN  server.GrpcLogAppender (GrpcLogAppender.java:timeoutAppendRequest(200)) - 9fa3cfc6-f64e-4b08-bae1-f5e1c71227db@group-374B680C540A->bdc1229c-9b54-4d7c-bdb7-d9d8fc4af94a-GrpcLogAppender: appendEntries Timeout, request=9fa3cfc6-f64e-4b08-bae1-f5e1c71227db->bdc1229c-9b54-4d7c-bdb7-d9d8fc4af94a#490-t3, previous=(t:3, i:469), leaderCommit=453, initializing? false, entries: size=1, first=(t:3, i:470), STATEMACHINELOGENTRY, client-D2F5A3007046, cid=406
2019-09-25 19:52:03,735 [java.util.concurrent.ThreadPoolExecutor$Worker@41c7fc32[State = -1, empty queue]] WARN  server.GrpcLogAppender (GrpcLogAppender.java:timeoutAppendRequest(200)) - 9fa3cfc6-f64e-4b08-bae1-f5e1c71227db@group-374B680C540A->0874ac74-a522-45ec-a23a-074b79aa09bf-GrpcLogAppender: appendEntries Timeout, request=9fa3cfc6-f64e-4b08-bae1-f5e1c71227db->0874ac74-a522-45ec-a23a-074b79aa09bf#490-t3, previous=(t:3, i:469), leaderCommit=453, initializing? false, entries: size=1, first=(t:3, i:470), STATEMACHINELOGENTRY, client-D2F5A3007046, cid=406
2019-09-25 19:52:03,735 [java.util.concurrent.ThreadPoolExecutor$Worker@6b0d1944[State = -1, empty queue]] WARN  server.GrpcLogAppender (GrpcLogAppender.java:timeoutAppendRequest(200)) - 9fa3cfc6-f64e-4b08-bae1-f5e1c71227db@group-374B680C540A->bdc1229c-9b54-4d7c-bdb7-d9d8fc4af94a-GrpcLogAppender: appendEntries Timeout, request=9fa3cfc6-f64e-4b08-bae1-f5e1c71227db->bdc1229c-9b54-4d7c-bdb7-d9d8fc4af94a#491-t3, previous=(t:3, i:470), leaderCommit=453, initializing? false, entries: size=1, first=(t:3, i:471), STATEMACHINELOGENTRY, client-D2F5A3007046, cid=407
2019-09-25 19:52:03,736 [java.util.concurrent.ThreadPoolExecutor$Worker@41c7fc32[State = -1, empty queue]] WARN  server.GrpcLogAppender (GrpcLogAppender.java:timeoutAppendRequest(200)) - 9fa3cfc6-f64e-4b08-bae1-f5e1c71227db@group-374B680C540A->0874ac74-a522-45ec-a23a-074b79aa09bf-GrpcLogAppender: appendEntries Timeout, request=9fa3cfc6-f64e-4b08-bae1-f5e1c71227db->0874ac74-a522-45ec-a23a-074b79aa09bf#491-t3, previous=(t:3, i:470), leaderCommit=453, initializing? false, entries: size=1, first=(t:3, i:471), STATEMACHINELOGENTRY, client-D2F5A3007046, cid=407
2019-09-25 19:52:03,740 [java.util.concurrent.ThreadPoolExecutor$Worker@6b0d1944[State = -1, empty queue]] WARN  server.GrpcLogAppender (GrpcLogAppender.java:timeoutAppendRequest(200)) - 9fa3cfc6-f64e-4b08-bae1-f5e1c71227db@group-374B680C540A->bdc1229c-9b54-4d7c-bdb7-d9d8fc4af94a-GrpcLogAppender: appendEntries Timeout, request=9fa3cfc6-f64e-4b08-bae1-f5e1c71227db->bdc1229c-9b54-4d7c-bdb7-d9d8fc4af94a#492-t3, previous=(t:3, i:471), leaderCommit=453, initializing? false, entries: size=1, first=(t:3, i:472), STATEMACHINELOGENTRY, client-D2F5A3007046, cid=409
2019-09-25 19:52:03,740 [java.util.concurrent.ThreadPoolExecutor$Worker@41c7fc32[State = -1, empty queue]] WARN  server.GrpcLogAppender (GrpcLogAppender.java:timeoutAppendRequest(200)) - 9fa3cfc6-f64e-4b08-bae1-f5e1c71227db@group-374B680C540A->0874ac74-a522-45ec-a23a-074b79aa09bf-GrpcLogAppender: appendEntries Timeout, request=9fa3cfc6-f64e-4b08-bae1-f5e1c71227db->0874ac74-a522-45ec-a23a-074b79aa09bf#492-t3, previous=(t:3, i:471), leaderCommit=453, initializing? false, entries: size=1, first=(t:3, i:472), STATEMACHINELOGENTRY, client-D2F5A3007046, cid=409
2019-09-25 19:52:03,740 [java.util.concurrent.ThreadPoolExecutor$Worker@6b0d1944[State = -1, empty queue]] WARN  server.GrpcLogAppender (GrpcLogAppender.java:timeoutAppendRequest(200)) - 9fa3cfc6-f64e-4b08-bae1-f5e1c71227db@group-374B680C540A->bdc1229c-9b54-4d7c-bdb7-d9d8fc4af94a-GrpcLogAppender: appendEntries Timeout, request=9fa3cfc6-f64e-4b08-bae1-f5e1c71227db->bdc1229c-9b54-4d7c-bdb7-d9d8fc4af94a#493-t3, previous=(t:3, i:472), leaderCommit=453, initializing? false, entries: size=1, first=(t:3, i:473), STATEMACHINELOGENTRY, client-D2F5A3007046, cid=410
2019-09-25 19:52:03,741 [java.util.concurrent.ThreadPoolExecutor$Worker@41c7fc32[State = -1, empty queue]] WARN  server.GrpcLogAppender (GrpcLogAppender.java:timeoutAppendRequest(200)) - 9fa3cfc6-f64e-4b08-bae1-f5e1c71227db@group-374B680C540A->0874ac74-a522-45ec-a23a-074b79aa09bf-GrpcLogAppender: appendEntries Timeout, request=9fa3cfc6-f64e-4b08-bae1-f5e1c71227db->0874ac74-a522-45ec-a23a-074b79aa09bf#493-t3, previous=(t:3, i:472), leaderCommit=453, initializing? false, entries: size=1, first=(t:3, i:473), STATEMACHINELOGENTRY, client-D2F5A3007046, cid=410
 30.00% |███████████████████████████████                                                                      |  30/100 Time: 0:00:042019-09-25 19:52:04,743 [grpc-default-executor-5] WARN  client.GrpcClientProtocolService (LogUtils.java:warn(134)) - 26-UnorderedRequestStreamObserver26: onError: org.apache.ratis.thirdparty.io.grpc.StatusRuntimeException: CANCELLED: cancelled before receiving half close
2019-09-25 19:52:04,753 [Thread-1880] INFO  client.GrpcClientProtocolService (GrpcClientProtocolService.java:lambda$processClientRequest$0(278)) - Failed RaftClientRequest:client-D2F5A3007046->bdc1229c-9b54-4d7c-bdb7-d9d8fc4af94a@group-374B680C540A, cid=408, seq=0, Watch-ALL_COMMITTED(453), Message:<EMPTY>, reply=RaftClientReply:client-D2F5A3007046->bdc1229c-9b54-4d7c-bdb7-d9d8fc4af94a@group-374B680C540A, cid=408, FAILED org.apache.ratis.protocol.NotLeaderException: Server bdc1229c-9b54-4d7c-bdb7-d9d8fc4af94a@group-374B680C540A is not the leader 9fa3cfc6-f64e-4b08-bae1-f5e1c71227db:192.168.164.231:40214, logIndex=0, commits[bdc1229c-9b54-4d7c-bdb7-d9d8fc4af94a:c453, 0874ac74-a522-45ec-a23a-074b79aa09bf:c450, 9fa3cfc6-f64e-4b08-bae1-f5e1c71227db:c453]
 30.00% |███████████████████████████████                                                                      |  30/100 Time: 0:00:052019-09-25 19:52:05,732 [pool-176-thread-3] WARN  scm.XceiverClientRatis (XceiverClientRatis.java:watchForCommit(292)) - 3 way commit failed on pipeline Pipeline[ Id: 1643adf8-58cb-48db-8454-374b680c540a, Nodes: 0874ac74-a522-45ec-a23a-074b79aa09bf{ip: 192.168.164.231, host: pr-hdds-2174-f48n4-3529231201, networkLocation: /default-rack, certSerialId: null}9fa3cfc6-f64e-4b08-bae1-f5e1c71227db{ip: 192.168.164.231, host: pr-hdds-2174-f48n4-3529231201, networkLocation: /default-rack, certSerialId: null}bdc1229c-9b54-4d7c-bdb7-d9d8fc4af94a{ip: 192.168.164.231, host: pr-hdds-2174-f48n4-3529231201, networkLocation: /default-rack, certSerialId: null}, Type:RATIS, Factor:THREE, State:OPEN]
java.util.concurrent.TimeoutException
	at java.util.concurrent.CompletableFuture.timedGet(CompletableFuture.java:1771)
	at java.util.concurrent.CompletableFuture.get(CompletableFuture.java:1915)
	at org.apache.hadoop.hdds.scm.XceiverClientRatis.watchForCommit(XceiverClientRatis.java:289)
	at org.apache.hadoop.hdds.scm.storage.CommitWatcher.watchForCommit(CommitWatcher.java:194)
	at org.apache.hadoop.hdds.scm.storage.CommitWatcher.watchOnLastIndex(CommitWatcher.java:157)
	at org.apache.hadoop.hdds.scm.storage.BlockOutputStream.watchForCommit(BlockOutputStream.java:347)
	at org.apache.hadoop.hdds.scm.storage.BlockOutputStream.handleFlush(BlockOutputStream.java:479)
	at org.apache.hadoop.hdds.scm.storage.BlockOutputStream.close(BlockOutputStream.java:493)
	at org.apache.hadoop.ozone.client.io.BlockOutputStreamEntry.close(BlockOutputStreamEntry.java:143)
	at org.apache.hadoop.ozone.client.io.KeyOutputStream.handleFlushOrClose(KeyOutputStream.java:435)
	at org.apache.hadoop.ozone.client.io.KeyOutputStream.close(KeyOutputStream.java:473)
	at org.apache.hadoop.ozone.client.io.OzoneOutputStream.close(OzoneOutputStream.java:60)
	at org.apache.hadoop.ozone.freon.RandomKeyGenerator.createKey(RandomKeyGenerator.java:710)
	at org.apache.hadoop.ozone.freon.RandomKeyGenerator.access$1100(RandomKeyGenerator.java:88)
	at org.apache.hadoop.ozone.freon.RandomKeyGenerator$ObjectCreator.run(RandomKeyGenerator.java:615)
	at java.util.concurrent.Executors$RunnableAdapter.call(Executors.java:511)
	at java.util.concurrent.FutureTask.run(FutureTask.java:266)
	at java.util.concurrent.ThreadPoolExecutor.runWorker(ThreadPoolExecutor.java:1149)
	at java.util.concurrent.ThreadPoolExecutor$Worker.run(ThreadPoolExecutor.java:624)
	at java.lang.Thread.run(Thread.java:748)
2019-09-25 19:52:05,869 [grpc-default-executor-7] WARN  server.GrpcLogAppender (GrpcLogAppender.java:onNextImpl(251)) - 9fa3cfc6-f64e-4b08-bae1-f5e1c71227db@group-374B680C540A->bdc1229c-9b54-4d7c-bdb7-d9d8fc4af94a-AppendLogResponseHandler: Request not found, ignoring reply: 9fa3cfc6-f64e-4b08-bae1-f5e1c71227db<-bdc1229c-9b54-4d7c-bdb7-d9d8fc4af94a#474:OK,SUCCESS,nextIndex:455,term:3,followerCommit:453
2019-09-25 19:52:05,870 [grpc-default-executor-5] WARN  server.GrpcLogAppender (GrpcLogAppender.java:onNextImpl(251)) - 9fa3cfc6-f64e-4b08-bae1-f5e1c71227db@group-374B680C540A->0874ac74-a522-45ec-a23a-074b79aa09bf-AppendLogResponseHandler: Request not found, ignoring reply: 9fa3cfc6-f64e-4b08-bae1-f5e1c71227db<-0874ac74-a522-45ec-a23a-074b79aa09bf#474:OK,SUCCESS,nextIndex:455,term:3,followerCommit:453
2019-09-25 19:52:05,870 [grpc-default-executor-7] WARN  server.GrpcLogAppender (GrpcLogAppender.java:onNextImpl(251)) - 9fa3cfc6-f64e-4b08-bae1-f5e1c71227db@group-374B680C540A->bdc1229c-9b54-4d7c-bdb7-d9d8fc4af94a-AppendLogResponseHandler: Request not found, ignoring reply: 9fa3cfc6-f64e-4b08-bae1-f5e1c71227db<-bdc1229c-9b54-4d7c-bdb7-d9d8fc4af94a#475:OK,SUCCESS,nextIndex:456,term:3,followerCommit:453
2019-09-25 19:52:05,870 [grpc-default-executor-5] WARN  server.GrpcLogAppender (GrpcLogAppender.java:onNextImpl(251)) - 9fa3cfc6-f64e-4b08-bae1-f5e1c71227db@group-374B680C540A->0874ac74-a522-45ec-a23a-074b79aa09bf-AppendLogResponseHandler: Request not found, ignoring reply: 9fa3cfc6-f64e-4b08-bae1-f5e1c71227db<-0874ac74-a522-45ec-a23a-074b79aa09bf#475:OK,SUCCESS,nextIndex:456,term:3,followerCommit:453
2019-09-25 19:52:05,871 [grpc-default-executor-5] WARN  server.GrpcLogAppender (GrpcLogAppender.java:onNextImpl(251)) - 9fa3cfc6-f64e-4b08-bae1-f5e1c71227db@group-374B680C540A->0874ac74-a522-45ec-a23a-074b79aa09bf-AppendLogResponseHandler: Request not found, ignoring reply: 9fa3cfc6-f64e-4b08-bae1-f5e1c71227db<-0874ac74-a522-45ec-a23a-074b79aa09bf#476:OK,SUCCESS,nextIndex:457,term:3,followerCommit:453
2019-09-25 19:52:05,871 [grpc-default-executor-7] WARN  server.GrpcLogAppender (GrpcLogAppender.java:onNextImpl(251)) - 9fa3cfc6-f64e-4b08-bae1-f5e1c71227db@group-374B680C540A->bdc1229c-9b54-4d7c-bdb7-d9d8fc4af94a-AppendLogResponseHandler: Request not found, ignoring reply: 9fa3cfc6-f64e-4b08-bae1-f5e1c71227db<-bdc1229c-9b54-4d7c-bdb7-d9d8fc4af94a#476:OK,SUCCESS,nextIndex:457,term:3,followerCommit:453
2019-09-25 19:52:05,871 [grpc-default-executor-5] WARN  server.GrpcLogAppender (GrpcLogAppender.java:onNextImpl(251)) - 9fa3cfc6-f64e-4b08-bae1-f5e1c71227db@group-374B680C540A->0874ac74-a522-45ec-a23a-074b79aa09bf-AppendLogResponseHandler: Request not found, ignoring reply: 9fa3cfc6-f64e-4b08-bae1-f5e1c71227db<-0874ac74-a522-45ec-a23a-074b79aa09bf#477:OK,SUCCESS,nextIndex:458,term:3,followerCommit:453
2019-09-25 19:52:05,871 [grpc-default-executor-7] WARN  server.GrpcLogAppender (GrpcLogAppender.java:onNextImpl(251)) - 9fa3cfc6-f64e-4b08-bae1-f5e1c71227db@group-374B680C540A->bdc1229c-9b54-4d7c-bdb7-d9d8fc4af94a-AppendLogResponseHandler: Request not found, ignoring reply: 9fa3cfc6-f64e-4b08-bae1-f5e1c71227db<-bdc1229c-9b54-4d7c-bdb7-d9d8fc4af94a#477:OK,SUCCESS,nextIndex:458,term:3,followerCommit:453
2019-09-25 19:52:05,871 [grpc-default-executor-5] WARN  server.GrpcLogAppender (GrpcLogAppender.java:onNextImpl(251)) - 9fa3cfc6-f64e-4b08-bae1-f5e1c71227db@group-374B680C540A->0874ac74-a522-45ec-a23a-074b79aa09bf-AppendLogResponseHandler: Request not found, ignoring reply: 9fa3cfc6-f64e-4b08-bae1-f5e1c71227db<-0874ac74-a522-45ec-a23a-074b79aa09bf#478:OK,SUCCESS,nextIndex:459,term:3,followerCommit:453
2019-09-25 19:52:05,871 [grpc-default-executor-7] WARN  server.GrpcLogAppender (GrpcLogAppender.java:onNextImpl(251)) - 9fa3cfc6-f64e-4b08-bae1-f5e1c71227db@group-374B680C540A->bdc1229c-9b54-4d7c-bdb7-d9d8fc4af94a-AppendLogResponseHandler: Request not found, ignoring reply: 9fa3cfc6-f64e-4b08-bae1-f5e1c71227db<-bdc1229c-9b54-4d7c-bdb7-d9d8fc4af94a#478:OK,SUCCESS,nextIndex:459,term:3,followerCommit:453
2019-09-25 19:52:05,872 [grpc-default-executor-5] WARN  server.GrpcLogAppender (GrpcLogAppender.java:onNextImpl(251)) - 9fa3cfc6-f64e-4b08-bae1-f5e1c71227db@group-374B680C540A->0874ac74-a522-45ec-a23a-074b79aa09bf-AppendLogResponseHandler: Request not found, ignoring reply: 9fa3cfc6-f64e-4b08-bae1-f5e1c71227db<-0874ac74-a522-45ec-a23a-074b79aa09bf#479:OK,SUCCESS,nextIndex:460,term:3,followerCommit:453
2019-09-25 19:52:05,872 [grpc-default-executor-7] WARN  server.GrpcLogAppender (GrpcLogAppender.java:onNextImpl(251)) - 9fa3cfc6-f64e-4b08-bae1-f5e1c71227db@group-374B680C540A->bdc1229c-9b54-4d7c-bdb7-d9d8fc4af94a-AppendLogResponseHandler: Request not found, ignoring reply: 9fa3cfc6-f64e-4b08-bae1-f5e1c71227db<-bdc1229c-9b54-4d7c-bdb7-d9d8fc4af94a#479:OK,SUCCESS,nextIndex:460,term:3,followerCommit:453
2019-09-25 19:52:05,872 [grpc-default-executor-5] WARN  server.GrpcLogAppender (GrpcLogAppender.java:onNextImpl(251)) - 9fa3cfc6-f64e-4b08-bae1-f5e1c71227db@group-374B680C540A->0874ac74-a522-45ec-a23a-074b79aa09bf-AppendLogResponseHandler: Request not found, ignoring reply: 9fa3cfc6-f64e-4b08-bae1-f5e1c71227db<-0874ac74-a522-45ec-a23a-074b79aa09bf#480:OK,SUCCESS,nextIndex:461,term:3,followerCommit:453
2019-09-25 19:52:05,872 [grpc-default-executor-7] WARN  server.GrpcLogAppender (GrpcLogAppender.java:onNextImpl(251)) - 9fa3cfc6-f64e-4b08-bae1-f5e1c71227db@group-374B680C540A->bdc1229c-9b54-4d7c-bdb7-d9d8fc4af94a-AppendLogResponseHandler: Request not found, ignoring reply: 9fa3cfc6-f64e-4b08-bae1-f5e1c71227db<-bdc1229c-9b54-4d7c-bdb7-d9d8fc4af94a#480:OK,SUCCESS,nextIndex:461,term:3,followerCommit:453
2019-09-25 19:52:05,872 [grpc-default-executor-7] WARN  server.GrpcLogAppender (GrpcLogAppender.java:onNextImpl(251)) - 9fa3cfc6-f64e-4b08-bae1-f5e1c71227db@group-374B680C540A->bdc1229c-9b54-4d7c-bdb7-d9d8fc4af94a-AppendLogResponseHandler: Request not found, ignoring reply: 9fa3cfc6-f64e-4b08-bae1-f5e1c71227db<-bdc1229c-9b54-4d7c-bdb7-d9d8fc4af94a#481:OK,SUCCESS,nextIndex:462,term:3,followerCommit:453
2019-09-25 19:52:06,242 [java.util.concurrent.ThreadPoolExecutor$Worker@6b0d1944[State = -1, empty queue]] WARN  server.GrpcLogAppender (GrpcLogAppender.java:timeoutAppendRequest(200)) - 9fa3cfc6-f64e-4b08-bae1-f5e1c71227db@group-374B680C540A->bdc1229c-9b54-4d7c-bdb7-d9d8fc4af94a-GrpcLogAppender: appendEntries Timeout, request=9fa3cfc6-f64e-4b08-bae1-f5e1c71227db->bdc1229c-9b54-4d7c-bdb7-d9d8fc4af94a#494-t3, previous=(t:3, i:473), leaderCommit=453, initializing? false, entries: <empty>
2019-09-25 19:52:06,242 [java.util.concurrent.ThreadPoolExecutor$Worker@41c7fc32[State = -1, empty queue]] WARN  server.GrpcLogAppender (GrpcLogAppender.java:timeoutAppendRequest(200)) - 9fa3cfc6-f64e-4b08-bae1-f5e1c71227db@group-374B680C540A->0874ac74-a522-45ec-a23a-074b79aa09bf-GrpcLogAppender: appendEntries Timeout, request=9fa3cfc6-f64e-4b08-bae1-f5e1c71227db->0874ac74-a522-45ec-a23a-074b79aa09bf#494-t3, previous=(t:3, i:473), leaderCommit=453, initializing? false, entries: <empty>
 30.00% |███████████████████████████████                                                                      |  30/100 Time: 0:00:06 30.00% |███████████████████████████████                                                                      |  30/100 Time: 0:00:07 30.00% |███████████████████████████████                                                                      |  30/100 Time: 0:00:082019-09-25 19:52:08,746 [java.util.concurrent.ThreadPoolExecutor$Worker@41c7fc32[State = -1, empty queue]] WARN  server.GrpcLogAppender (GrpcLogAppender.java:timeoutAppendRequest(200)) - 9fa3cfc6-f64e-4b08-bae1-f5e1c71227db@group-374B680C540A->0874ac74-a522-45ec-a23a-074b79aa09bf-GrpcLogAppender: appendEntries Timeout, request=9fa3cfc6-f64e-4b08-bae1-f5e1c71227db->0874ac74-a522-45ec-a23a-074b79aa09bf#495-t3, previous=(t:3, i:473), leaderCommit=453, initializing? false, entries: <empty>
2019-09-25 19:52:08,746 [java.util.concurrent.ThreadPoolExecutor$Worker@6b0d1944[State = -1, empty queue]] WARN  server.GrpcLogAppender (GrpcLogAppender.java:timeoutAppendRequest(200)) - 9fa3cfc6-f64e-4b08-bae1-f5e1c71227db@group-374B680C540A->bdc1229c-9b54-4d7c-bdb7-d9d8fc4af94a-GrpcLogAppender: appendEntries Timeout, request=9fa3cfc6-f64e-4b08-bae1-f5e1c71227db->bdc1229c-9b54-4d7c-bdb7-d9d8fc4af94a#495-t3, previous=(t:3, i:473), leaderCommit=453, initializing? false, entries: <empty>
 30.00% |███████████████████████████████                                                                      |  30/100 Time: 0:00:09 30.00% |███████████████████████████████                                                                      |  30/100 Time: 0:00:102019-09-25 19:52:10,740 [pool-176-thread-3] WARN  storage.CommitWatcher (CommitWatcher.java:watchForCommit(203)) - watchForCommit failed for index 453
java.util.concurrent.TimeoutException
	at java.util.concurrent.CompletableFuture.timedGet(CompletableFuture.java:1771)
	at java.util.concurrent.CompletableFuture.get(CompletableFuture.java:1915)
	at org.apache.hadoop.hdds.scm.XceiverClientRatis.watchForCommit(XceiverClientRatis.java:298)
	at org.apache.hadoop.hdds.scm.storage.CommitWatcher.watchForCommit(CommitWatcher.java:194)
	at org.apache.hadoop.hdds.scm.storage.CommitWatcher.watchOnLastIndex(CommitWatcher.java:157)
	at org.apache.hadoop.hdds.scm.storage.BlockOutputStream.watchForCommit(BlockOutputStream.java:347)
	at org.apache.hadoop.hdds.scm.storage.BlockOutputStream.handleFlush(BlockOutputStream.java:479)
	at org.apache.hadoop.hdds.scm.storage.BlockOutputStream.close(BlockOutputStream.java:493)
	at org.apache.hadoop.ozone.client.io.BlockOutputStreamEntry.close(BlockOutputStreamEntry.java:143)
	at org.apache.hadoop.ozone.client.io.KeyOutputStream.handleFlushOrClose(KeyOutputStream.java:435)
	at org.apache.hadoop.ozone.client.io.KeyOutputStream.close(KeyOutputStream.java:473)
	at org.apache.hadoop.ozone.client.io.OzoneOutputStream.close(OzoneOutputStream.java:60)
	at org.apache.hadoop.ozone.freon.RandomKeyGenerator.createKey(RandomKeyGenerator.java:710)
	at org.apache.hadoop.ozone.freon.RandomKeyGenerator.access$1100(RandomKeyGenerator.java:88)
	at org.apache.hadoop.ozone.freon.RandomKeyGenerator$ObjectCreator.run(RandomKeyGenerator.java:615)
	at java.util.concurrent.Executors$RunnableAdapter.call(Executors.java:511)
	at java.util.concurrent.FutureTask.run(FutureTask.java:266)
	at java.util.concurrent.ThreadPoolExecutor.runWorker(ThreadPoolExecutor.java:1149)
	at java.util.concurrent.ThreadPoolExecutor$Worker.run(ThreadPoolExecutor.java:624)
	at java.lang.Thread.run(Thread.java:748)
2019-09-25 19:52:10,744 [pool-176-thread-3] WARN  io.KeyOutputStream (KeyOutputStream.java:handleException(274)) - Encountered exception java.io.IOException: Unexpected Storage Container Exception: java.io.IOException: Unexpected Storage Container Exception: java.util.concurrent.TimeoutException on the pipeline Pipeline[ Id: 1643adf8-58cb-48db-8454-374b680c540a, Nodes: 0874ac74-a522-45ec-a23a-074b79aa09bf{ip: 192.168.164.231, host: pr-hdds-2174-f48n4-3529231201, networkLocation: /default-rack, certSerialId: null}9fa3cfc6-f64e-4b08-bae1-f5e1c71227db{ip: 192.168.164.231, host: pr-hdds-2174-f48n4-3529231201, networkLocation: /default-rack, certSerialId: null}bdc1229c-9b54-4d7c-bdb7-d9d8fc4af94a{ip: 192.168.164.231, host: pr-hdds-2174-f48n4-3529231201, networkLocation: /default-rack, certSerialId: null}, Type:RATIS, Factor:THREE, State:OPEN]. The last committed block length is 0, uncommitted data length is 10240 retry count 0
2019-09-25 19:52:10,773 [IPC Server handler 4 on 40206] WARN  block.BlockManagerImpl (BlockManagerImpl.java:allocateBlock(192)) - Pipeline creation failed for type:RATIS factor:THREE. Retrying get pipelines call once.
org.apache.hadoop.hdds.scm.pipeline.InsufficientDatanodesException: Cannot create pipeline of factor 3 using 2 nodes.
	at org.apache.hadoop.hdds.scm.pipeline.RatisPipelineProvider.create(RatisPipelineProvider.java:153)
	at org.apache.hadoop.hdds.scm.pipeline.PipelineFactory.create(PipelineFactory.java:58)
	at org.apache.hadoop.hdds.scm.pipeline.SCMPipelineManager.createPipeline(SCMPipelineManager.java:155)
	at org.apache.hadoop.hdds.scm.block.BlockManagerImpl.allocateBlock(BlockManagerImpl.java:190)
	at org.apache.hadoop.hdds.scm.server.SCMBlockProtocolServer.allocateBlock(SCMBlockProtocolServer.java:182)
	at org.apache.hadoop.ozone.protocolPB.ScmBlockLocationProtocolServerSideTranslatorPB.allocateScmBlock(ScmBlockLocationProtocolServerSideTranslatorPB.java:183)
	at org.apache.hadoop.ozone.protocolPB.ScmBlockLocationProtocolServerSideTranslatorPB.processMessage(ScmBlockLocationProtocolServerSideTranslatorPB.java:141)
	at org.apache.hadoop.ozone.protocolPB.ScmBlockLocationProtocolServerSideTranslatorPB.send(ScmBlockLocationProtocolServerSideTranslatorPB.java:116)
	at org.apache.hadoop.hdds.protocol.proto.ScmBlockLocationProtocolProtos$ScmBlockLocationProtocolService$2.callBlockingMethod(ScmBlockLocationProtocolProtos.java:13157)
	at org.apache.hadoop.ipc.ProtobufRpcEngine$Server$ProtoBufRpcInvoker.call(ProtobufRpcEngine.java:524)
	at org.apache.hadoop.ipc.RPC$Server.call(RPC.java:1025)
	at org.apache.hadoop.ipc.Server$RpcCall.run(Server.java:876)
	at org.apache.hadoop.ipc.Server$RpcCall.run(Server.java:822)
	at java.security.AccessController.doPrivileged(Native Method)
	at javax.security.auth.Subject.doAs(Subject.java:422)
	at org.apache.hadoop.security.UserGroupInformation.doAs(UserGroupInformation.java:1730)
	at org.apache.hadoop.ipc.Server$Handler.run(Server.java:2682)
2019-09-25 19:52:10,774 [IPC Server handler 4 on 40206] INFO  block.BlockManagerImpl (BlockManagerImpl.java:allocateBlock(198)) - Could not find available pipeline of type:RATIS and factor:THREE even after retrying
2019-09-25 19:52:10,774 [IPC Server handler 4 on 40206] ERROR block.BlockManagerImpl (BlockManagerImpl.java:allocateBlock(222)) - Unable to allocate a block for the size: 4194304, type: RATIS, factor: THREE
2019-09-25 19:52:10,779 [pool-176-thread-3] ERROR io.BlockOutputStreamEntryPool (BlockOutputStreamEntryPool.java:allocateBlockIfNeeded(299)) - Try to allocate more blocks for write failed, already allocated 0 blocks for this write.
INTERNAL_ERROR org.apache.hadoop.ozone.om.exceptions.OMException: Allocated 0 blocks. Requested 1 blocks
	at org.apache.hadoop.ozone.om.protocolPB.OzoneManagerProtocolClientSideTranslatorPB.handleError(OzoneManagerProtocolClientSideTranslatorPB.java:732)
	at org.apache.hadoop.ozone.om.protocolPB.OzoneManagerProtocolClientSideTranslatorPB.allocateBlock(OzoneManagerProtocolClientSideTranslatorPB.java:764)
	at sun.reflect.NativeMethodAccessorImpl.invoke0(Native Method)
	at sun.reflect.NativeMethodAccessorImpl.invoke(NativeMethodAccessorImpl.java:62)
	at sun.reflect.DelegatingMethodAccessorImpl.invoke(DelegatingMethodAccessorImpl.java:43)
	at java.lang.reflect.Method.invoke(Method.java:498)
	at org.apache.hadoop.hdds.tracing.TraceAllMethod.invoke(TraceAllMethod.java:66)
	at com.sun.proxy.$Proxy37.allocateBlock(Unknown Source)
	at org.apache.hadoop.ozone.client.io.BlockOutputStreamEntryPool.allocateNewBlock(BlockOutputStreamEntryPool.java:248)
	at org.apache.hadoop.ozone.client.io.BlockOutputStreamEntryPool.allocateBlockIfNeeded(BlockOutputStreamEntryPool.java:296)
	at org.apache.hadoop.ozone.client.io.KeyOutputStream.handleWrite(KeyOutputStream.java:198)
	at org.apache.hadoop.ozone.client.io.KeyOutputStream.handleRetry(KeyOutputStream.java:375)
	at org.apache.hadoop.ozone.client.io.KeyOutputStream.handleException(KeyOutputStream.java:324)
	at org.apache.hadoop.ozone.client.io.KeyOutputStream.handleFlushOrClose(KeyOutputStream.java:449)
	at org.apache.hadoop.ozone.client.io.KeyOutputStream.close(KeyOutputStream.java:473)
	at org.apache.hadoop.ozone.client.io.OzoneOutputStream.close(OzoneOutputStream.java:60)
	at org.apache.hadoop.ozone.freon.RandomKeyGenerator.createKey(RandomKeyGenerator.java:710)
	at org.apache.hadoop.ozone.freon.RandomKeyGenerator.access$1100(RandomKeyGenerator.java:88)
	at org.apache.hadoop.ozone.freon.RandomKeyGenerator$ObjectCreator.run(RandomKeyGenerator.java:615)
	at java.util.concurrent.Executors$RunnableAdapter.call(Executors.java:511)
	at java.util.concurrent.FutureTask.run(FutureTask.java:266)
	at java.util.concurrent.ThreadPoolExecutor.runWorker(ThreadPoolExecutor.java:1149)
	at java.util.concurrent.ThreadPoolExecutor$Worker.run(ThreadPoolExecutor.java:624)
	at java.lang.Thread.run(Thread.java:748)
2019-09-25 19:52:10,780 [pool-176-thread-3] ERROR freon.RandomKeyGenerator (RandomKeyGenerator.java:createKey(733)) - Exception while adding key: key-3-31900 in bucket: bucket-0-10327 of volume: vol-1-91336.
INTERNAL_ERROR org.apache.hadoop.ozone.om.exceptions.OMException: Allocated 0 blocks. Requested 1 blocks
	at org.apache.hadoop.ozone.om.protocolPB.OzoneManagerProtocolClientSideTranslatorPB.handleError(OzoneManagerProtocolClientSideTranslatorPB.java:732)
	at org.apache.hadoop.ozone.om.protocolPB.OzoneManagerProtocolClientSideTranslatorPB.allocateBlock(OzoneManagerProtocolClientSideTranslatorPB.java:764)
	at sun.reflect.NativeMethodAccessorImpl.invoke0(Native Method)
	at sun.reflect.NativeMethodAccessorImpl.invoke(NativeMethodAccessorImpl.java:62)
	at sun.reflect.DelegatingMethodAccessorImpl.invoke(DelegatingMethodAccessorImpl.java:43)
	at java.lang.reflect.Method.invoke(Method.java:498)
	at org.apache.hadoop.hdds.tracing.TraceAllMethod.invoke(TraceAllMethod.java:66)
	at com.sun.proxy.$Proxy37.allocateBlock(Unknown Source)
	at org.apache.hadoop.ozone.client.io.BlockOutputStreamEntryPool.allocateNewBlock(BlockOutputStreamEntryPool.java:248)
	at org.apache.hadoop.ozone.client.io.BlockOutputStreamEntryPool.allocateBlockIfNeeded(BlockOutputStreamEntryPool.java:296)
	at org.apache.hadoop.ozone.client.io.KeyOutputStream.handleWrite(KeyOutputStream.java:198)
	at org.apache.hadoop.ozone.client.io.KeyOutputStream.handleRetry(KeyOutputStream.java:375)
	at org.apache.hadoop.ozone.client.io.KeyOutputStream.handleException(KeyOutputStream.java:324)
	at org.apache.hadoop.ozone.client.io.KeyOutputStream.handleFlushOrClose(KeyOutputStream.java:449)
	at org.apache.hadoop.ozone.client.io.KeyOutputStream.close(KeyOutputStream.java:473)
	at org.apache.hadoop.ozone.client.io.OzoneOutputStream.close(OzoneOutputStream.java:60)
	at org.apache.hadoop.ozone.freon.RandomKeyGenerator.createKey(RandomKeyGenerator.java:710)
	at org.apache.hadoop.ozone.freon.RandomKeyGenerator.access$1100(RandomKeyGenerator.java:88)
	at org.apache.hadoop.ozone.freon.RandomKeyGenerator$ObjectCreator.run(RandomKeyGenerator.java:615)
	at java.util.concurrent.Executors$RunnableAdapter.call(Executors.java:511)
	at java.util.concurrent.FutureTask.run(FutureTask.java:266)
	at java.util.concurrent.ThreadPoolExecutor.runWorker(ThreadPoolExecutor.java:1149)
	at java.util.concurrent.ThreadPoolExecutor$Worker.run(ThreadPoolExecutor.java:624)
	at java.lang.Thread.run(Thread.java:748)
2019-09-25 19:52:10,785 [Thread-1909] INFO  client.GrpcClientProtocolService (GrpcClientProtocolService.java:lambda$processClientRequest$0(278)) - Failed RaftClientRequest:client-D2F5A3007046->0874ac74-a522-45ec-a23a-074b79aa09bf@group-374B680C540A, cid=411, seq=0, Watch-MAJORITY_COMMITTED(453), Message:<EMPTY>, reply=RaftClientReply:client-D2F5A3007046->0874ac74-a522-45ec-a23a-074b79aa09bf@group-374B680C540A, cid=411, FAILED org.apache.ratis.protocol.NotLeaderException: Server 0874ac74-a522-45ec-a23a-074b79aa09bf@group-374B680C540A is not the leader 9fa3cfc6-f64e-4b08-bae1-f5e1c71227db:192.168.164.231:40214, logIndex=0, commits[0874ac74-a522-45ec-a23a-074b79aa09bf:c453, 9fa3cfc6-f64e-4b08-bae1-f5e1c71227db:c453, bdc1229c-9b54-4d7c-bdb7-d9d8fc4af94a:c450]
2019-09-25 19:52:10,787 [Thread-1911] INFO  client.GrpcClientProtocolService (GrpcClientProtocolService.java:lambda$processClientRequest$0(278)) - Failed RaftClientRequest:client-D2F5A3007046->0874ac74-a522-45ec-a23a-074b79aa09bf@group-374B680C540A, cid=408, seq=0, Watch-ALL_COMMITTED(453), Message:<EMPTY>, reply=RaftClientReply:client-D2F5A3007046->0874ac74-a522-45ec-a23a-074b79aa09bf@group-374B680C540A, cid=408, FAILED org.apache.ratis.protocol.NotLeaderException: Server 0874ac74-a522-45ec-a23a-074b79aa09bf@group-374B680C540A is not the leader 9fa3cfc6-f64e-4b08-bae1-f5e1c71227db:192.168.164.231:40214, logIndex=0, commits[0874ac74-a522-45ec-a23a-074b79aa09bf:c453, 9fa3cfc6-f64e-4b08-bae1-f5e1c71227db:c453, bdc1229c-9b54-4d7c-bdb7-d9d8fc4af94a:c450]
2019-09-25 19:52:11,312 [grpc-default-executor-7] WARN  server.GrpcLogAppender (GrpcLogAppender.java:onNextImpl(251)) - 9fa3cfc6-f64e-4b08-bae1-f5e1c71227db@group-374B680C540A->0874ac74-a522-45ec-a23a-074b79aa09bf-AppendLogResponseHandler: Request not found, ignoring reply: 9fa3cfc6-f64e-4b08-bae1-f5e1c71227db<-0874ac74-a522-45ec-a23a-074b79aa09bf#481:OK,SUCCESS,nextIndex:462,term:3,followerCommit:453
2019-09-25 19:52:11,313 [grpc-default-executor-7] WARN  server.GrpcLogAppender (GrpcLogAppender.java:onNextImpl(251)) - 9fa3cfc6-f64e-4b08-bae1-f5e1c71227db@group-374B680C540A->0874ac74-a522-45ec-a23a-074b79aa09bf-AppendLogResponseHandler: Request not found, ignoring reply: 9fa3cfc6-f64e-4b08-bae1-f5e1c71227db<-0874ac74-a522-45ec-a23a-074b79aa09bf#482:OK,SUCCESS,nextIndex:463,term:3,followerCommit:453
2019-09-25 19:52:11,313 [grpc-default-executor-7] WARN  server.GrpcLogAppender (GrpcLogAppender.java:onNextImpl(251)) - 9fa3cfc6-f64e-4b08-bae1-f5e1c71227db@group-374B680C540A->0874ac74-a522-45ec-a23a-074b79aa09bf-AppendLogResponseHandler: Request not found, ignoring reply: 9fa3cfc6-f64e-4b08-bae1-f5e1c71227db<-0874ac74-a522-45ec-a23a-074b79aa09bf#483:OK,SUCCESS,nextIndex:464,term:3,followerCommit:453
2019-09-25 19:52:11,314 [grpc-default-executor-7] WARN  server.GrpcLogAppender (GrpcLogAppender.java:onNextImpl(251)) - 9fa3cfc6-f64e-4b08-bae1-f5e1c71227db@group-374B680C540A->0874ac74-a522-45ec-a23a-074b79aa09bf-AppendLogResponseHandler: Request not found, ignoring reply: 9fa3cfc6-f64e-4b08-bae1-f5e1c71227db<-0874ac74-a522-45ec-a23a-074b79aa09bf#484:OK,SUCCESS,nextIndex:465,term:3,followerCommit:453
2019-09-25 19:52:11,314 [grpc-default-executor-7] WARN  server.GrpcLogAppender (GrpcLogAppender.java:onNextImpl(251)) - 9fa3cfc6-f64e-4b08-bae1-f5e1c71227db@group-374B680C540A->0874ac74-a522-45ec-a23a-074b79aa09bf-AppendLogResponseHandler: Request not found, ignoring reply: 9fa3cfc6-f64e-4b08-bae1-f5e1c71227db<-0874ac74-a522-45ec-a23a-074b79aa09bf#485:OK,SUCCESS,nextIndex:466,term:3,followerCommit:453
2019-09-25 19:52:11,314 [grpc-default-executor-7] WARN  server.GrpcLogAppender (GrpcLogAppender.java:onNextImpl(251)) - 9fa3cfc6-f64e-4b08-bae1-f5e1c71227db@group-374B680C540A->0874ac74-a522-45ec-a23a-074b79aa09bf-AppendLogResponseHandler: Request not found, ignoring reply: 9fa3cfc6-f64e-4b08-bae1-f5e1c71227db<-0874ac74-a522-45ec-a23a-074b79aa09bf#486:OK,SUCCESS,nextIndex:467,term:3,followerCommit:453
2019-09-25 19:52:11,314 [grpc-default-executor-7] WARN  server.GrpcLogAppender (GrpcLogAppender.java:onNextImpl(251)) - 9fa3cfc6-f64e-4b08-bae1-f5e1c71227db@group-374B680C540A->0874ac74-a522-45ec-a23a-074b79aa09bf-AppendLogResponseHandler: Request not found, ignoring reply: 9fa3cfc6-f64e-4b08-bae1-f5e1c71227db<-0874ac74-a522-45ec-a23a-074b79aa09bf#487:OK,SUCCESS,nextIndex:468,term:3,followerCommit:453
2019-09-25 19:52:11,314 [grpc-default-executor-7] WARN  server.GrpcLogAppender (GrpcLogAppender.java:onNextImpl(251)) - 9fa3cfc6-f64e-4b08-bae1-f5e1c71227db@group-374B680C540A->0874ac74-a522-45ec-a23a-074b79aa09bf-AppendLogResponseHandler: Request not found, ignoring reply: 9fa3cfc6-f64e-4b08-bae1-f5e1c71227db<-0874ac74-a522-45ec-a23a-074b79aa09bf#488:OK,SUCCESS,nextIndex:469,term:3,followerCommit:453
2019-09-25 19:52:11,315 [grpc-default-executor-7] WARN  server.GrpcLogAppender (GrpcLogAppender.java:onNextImpl(251)) - 9fa3cfc6-f64e-4b08-bae1-f5e1c71227db@group-374B680C540A->0874ac74-a522-45ec-a23a-074b79aa09bf-AppendLogResponseHandler: Request not found, ignoring reply: 9fa3cfc6-f64e-4b08-bae1-f5e1c71227db<-0874ac74-a522-45ec-a23a-074b79aa09bf#489:OK,SUCCESS,nextIndex:470,term:3,followerCommit:453
2019-09-25 19:52:11,315 [grpc-default-executor-7] WARN  server.GrpcLogAppender (GrpcLogAppender.java:onNextImpl(251)) - 9fa3cfc6-f64e-4b08-bae1-f5e1c71227db@group-374B680C540A->0874ac74-a522-45ec-a23a-074b79aa09bf-AppendLogResponseHandler: Request not found, ignoring reply: 9fa3cfc6-f64e-4b08-bae1-f5e1c71227db<-0874ac74-a522-45ec-a23a-074b79aa09bf#490:OK,SUCCESS,nextIndex:471,term:3,followerCommit:453
2019-09-25 19:52:11,315 [grpc-default-executor-7] WARN  server.GrpcLogAppender (GrpcLogAppender.java:onNextImpl(251)) - 9fa3cfc6-f64e-4b08-bae1-f5e1c71227db@group-374B680C540A->0874ac74-a522-45ec-a23a-074b79aa09bf-AppendLogResponseHandler: Request not found, ignoring reply: 9fa3cfc6-f64e-4b08-bae1-f5e1c71227db<-0874ac74-a522-45ec-a23a-074b79aa09bf#491:OK,SUCCESS,nextIndex:472,term:3,followerCommit:453
2019-09-25 19:52:11,316 [grpc-default-executor-7] WARN  server.GrpcLogAppender (GrpcLogAppender.java:onNextImpl(251)) - 9fa3cfc6-f64e-4b08-bae1-f5e1c71227db@group-374B680C540A->0874ac74-a522-45ec-a23a-074b79aa09bf-AppendLogResponseHandler: Request not found, ignoring reply: 9fa3cfc6-f64e-4b08-bae1-f5e1c71227db<-0874ac74-a522-45ec-a23a-074b79aa09bf#492:OK,SUCCESS,nextIndex:473,term:3,followerCommit:453
2019-09-25 19:52:11,316 [grpc-default-executor-7] WARN  server.GrpcLogAppender (GrpcLogAppender.java:onNextImpl(251)) - 9fa3cfc6-f64e-4b08-bae1-f5e1c71227db@group-374B680C540A->0874ac74-a522-45ec-a23a-074b79aa09bf-AppendLogResponseHandler: Request not found, ignoring reply: 9fa3cfc6-f64e-4b08-bae1-f5e1c71227db<-0874ac74-a522-45ec-a23a-074b79aa09bf#493:OK,SUCCESS,nextIndex:474,term:3,followerCommit:453
2019-09-25 19:52:11,317 [grpc-default-executor-7] WARN  server.GrpcLogAppender (GrpcLogAppender.java:onNextImpl(251)) - 9fa3cfc6-f64e-4b08-bae1-f5e1c71227db@group-374B680C540A->bdc1229c-9b54-4d7c-bdb7-d9d8fc4af94a-AppendLogResponseHandler: Request not found, ignoring reply: 9fa3cfc6-f64e-4b08-bae1-f5e1c71227db<-bdc1229c-9b54-4d7c-bdb7-d9d8fc4af94a#482:OK,SUCCESS,nextIndex:463,term:3,followerCommit:453
2019-09-25 19:52:11,317 [grpc-default-executor-3] WARN  server.GrpcLogAppender (GrpcLogAppender.java:onNextImpl(251)) - 9fa3cfc6-f64e-4b08-bae1-f5e1c71227db@group-374B680C540A->0874ac74-a522-45ec-a23a-074b79aa09bf-AppendLogResponseHandler: Request not found, ignoring reply: 9fa3cfc6-f64e-4b08-bae1-f5e1c71227db<-0874ac74-a522-45ec-a23a-074b79aa09bf#494:OK,SUCCESS,nextIndex:474,term:3,followerCommit:453
2019-09-25 19:52:11,317 [grpc-default-executor-7] WARN  server.GrpcLogAppender (GrpcLogAppender.java:onNextImpl(251)) - 9fa3cfc6-f64e-4b08-bae1-f5e1c71227db@group-374B680C540A->bdc1229c-9b54-4d7c-bdb7-d9d8fc4af94a-AppendLogResponseHandler: Request not found, ignoring reply: 9fa3cfc6-f64e-4b08-bae1-f5e1c71227db<-bdc1229c-9b54-4d7c-bdb7-d9d8fc4af94a#483:OK,SUCCESS,nextIndex:464,term:3,followerCommit:453
2019-09-25 19:52:11,317 [grpc-default-executor-3] WARN  server.GrpcLogAppender (GrpcLogAppender.java:onNextImpl(251)) - 9fa3cfc6-f64e-4b08-bae1-f5e1c71227db@group-374B680C540A->0874ac74-a522-45ec-a23a-074b79aa09bf-AppendLogResponseHandler: Request not found, ignoring reply: 9fa3cfc6-f64e-4b08-bae1-f5e1c71227db<-0874ac74-a522-45ec-a23a-074b79aa09bf#495:OK,SUCCESS,nextIndex:474,term:3,followerCommit:453
2019-09-25 19:52:11,317 [grpc-default-executor-7] WARN  server.GrpcLogAppender (GrpcLogAppender.java:onNextImpl(251)) - 9fa3cfc6-f64e-4b08-bae1-f5e1c71227db@group-374B680C540A->bdc1229c-9b54-4d7c-bdb7-d9d8fc4af94a-AppendLogResponseHandler: Request not found, ignoring reply: 9fa3cfc6-f64e-4b08-bae1-f5e1c71227db<-bdc1229c-9b54-4d7c-bdb7-d9d8fc4af94a#484:OK,SUCCESS,nextIndex:465,term:3,followerCommit:453
2019-09-25 19:52:11,317 [grpc-default-executor-7] WARN  server.GrpcLogAppender (GrpcLogAppender.java:onNextImpl(251)) - 9fa3cfc6-f64e-4b08-bae1-f5e1c71227db@group-374B680C540A->bdc1229c-9b54-4d7c-bdb7-d9d8fc4af94a-AppendLogResponseHandler: Request not found, ignoring reply: 9fa3cfc6-f64e-4b08-bae1-f5e1c71227db<-bdc1229c-9b54-4d7c-bdb7-d9d8fc4af94a#485:OK,SUCCESS,nextIndex:466,term:3,followerCommit:453
2019-09-25 19:52:11,318 [grpc-default-executor-7] WARN  server.GrpcLogAppender (GrpcLogAppender.java:onNextImpl(251)) - 9fa3cfc6-f64e-4b08-bae1-f5e1c71227db@group-374B680C540A->bdc1229c-9b54-4d7c-bdb7-d9d8fc4af94a-AppendLogResponseHandler: Request not found, ignoring reply: 9fa3cfc6-f64e-4b08-bae1-f5e1c71227db<-bdc1229c-9b54-4d7c-bdb7-d9d8fc4af94a#486:OK,SUCCESS,nextIndex:467,term:3,followerCommit:453
2019-09-25 19:52:11,324 [grpc-default-executor-7] WARN  server.GrpcLogAppender (GrpcLogAppender.java:onNextImpl(251)) - 9fa3cfc6-f64e-4b08-bae1-f5e1c71227db@group-374B680C540A->bdc1229c-9b54-4d7c-bdb7-d9d8fc4af94a-AppendLogResponseHandler: Request not found, ignoring reply: 9fa3cfc6-f64e-4b08-bae1-f5e1c71227db<-bdc1229c-9b54-4d7c-bdb7-d9d8fc4af94a#487:OK,SUCCESS,nextIndex:468,term:3,followerCommit:453
2019-09-25 19:52:11,324 [grpc-default-executor-7] WARN  server.GrpcLogAppender (GrpcLogAppender.java:onNextImpl(251)) - 9fa3cfc6-f64e-4b08-bae1-f5e1c71227db@group-374B680C540A->bdc1229c-9b54-4d7c-bdb7-d9d8fc4af94a-AppendLogResponseHandler: Request not found, ignoring reply: 9fa3cfc6-f64e-4b08-bae1-f5e1c71227db<-bdc1229c-9b54-4d7c-bdb7-d9d8fc4af94a#488:OK,SUCCESS,nextIndex:469,term:3,followerCommit:453
2019-09-25 19:52:11,324 [grpc-default-executor-7] WARN  server.GrpcLogAppender (GrpcLogAppender.java:onNextImpl(251)) - 9fa3cfc6-f64e-4b08-bae1-f5e1c71227db@group-374B680C540A->bdc1229c-9b54-4d7c-bdb7-d9d8fc4af94a-AppendLogResponseHandler: Request not found, ignoring reply: 9fa3cfc6-f64e-4b08-bae1-f5e1c71227db<-bdc1229c-9b54-4d7c-bdb7-d9d8fc4af94a#489:OK,SUCCESS,nextIndex:470,term:3,followerCommit:453
2019-09-25 19:52:11,324 [grpc-default-executor-7] WARN  server.GrpcLogAppender (GrpcLogAppender.java:onNextImpl(251)) - 9fa3cfc6-f64e-4b08-bae1-f5e1c71227db@group-374B680C540A->bdc1229c-9b54-4d7c-bdb7-d9d8fc4af94a-AppendLogResponseHandler: Request not found, ignoring reply: 9fa3cfc6-f64e-4b08-bae1-f5e1c71227db<-bdc1229c-9b54-4d7c-bdb7-d9d8fc4af94a#490:OK,SUCCESS,nextIndex:471,term:3,followerCommit:453
2019-09-25 19:52:11,327 [grpc-default-executor-7] WARN  server.GrpcLogAppender (GrpcLogAppender.java:onNextImpl(251)) - 9fa3cfc6-f64e-4b08-bae1-f5e1c71227db@group-374B680C540A->bdc1229c-9b54-4d7c-bdb7-d9d8fc4af94a-AppendLogResponseHandler: Request not found, ignoring reply: 9fa3cfc6-f64e-4b08-bae1-f5e1c71227db<-bdc1229c-9b54-4d7c-bdb7-d9d8fc4af94a#491:OK,SUCCESS,nextIndex:472,term:3,followerCommit:453
2019-09-25 19:52:11,328 [grpc-default-executor-7] WARN  server.GrpcLogAppender (GrpcLogAppender.java:onNextImpl(251)) - 9fa3cfc6-f64e-4b08-bae1-f5e1c71227db@group-374B680C540A->bdc1229c-9b54-4d7c-bdb7-d9d8fc4af94a-AppendLogResponseHandler: Request not found, ignoring reply: 9fa3cfc6-f64e-4b08-bae1-f5e1c71227db<-bdc1229c-9b54-4d7c-bdb7-d9d8fc4af94a#492:OK,SUCCESS,nextIndex:473,term:3,followerCommit:453
2019-09-25 19:52:11,328 [grpc-default-executor-3] WARN  server.GrpcLogAppender (GrpcLogAppender.java:onNextImpl(251)) - 9fa3cfc6-f64e-4b08-bae1-f5e1c71227db@group-374B680C540A->bdc1229c-9b54-4d7c-bdb7-d9d8fc4af94a-AppendLogResponseHandler: Request not found, ignoring reply: 9fa3cfc6-f64e-4b08-bae1-f5e1c71227db<-bdc1229c-9b54-4d7c-bdb7-d9d8fc4af94a#493:OK,SUCCESS,nextIndex:474,term:3,followerCommit:453
2019-09-25 19:52:11,329 [grpc-default-executor-3] WARN  server.GrpcLogAppender (GrpcLogAppender.java:onNextImpl(251)) - 9fa3cfc6-f64e-4b08-bae1-f5e1c71227db@group-374B680C540A->bdc1229c-9b54-4d7c-bdb7-d9d8fc4af94a-AppendLogResponseHandler: Request not found, ignoring reply: 9fa3cfc6-f64e-4b08-bae1-f5e1c71227db<-bdc1229c-9b54-4d7c-bdb7-d9d8fc4af94a#494:OK,SUCCESS,nextIndex:474,term:3,followerCommit:453
2019-09-25 19:52:11,332 [grpc-default-executor-3] WARN  server.GrpcLogAppender (GrpcLogAppender.java:onNextImpl(251)) - 9fa3cfc6-f64e-4b08-bae1-f5e1c71227db@group-374B680C540A->bdc1229c-9b54-4d7c-bdb7-d9d8fc4af94a-AppendLogResponseHandler: Request not found, ignoring reply: 9fa3cfc6-f64e-4b08-bae1-f5e1c71227db<-bdc1229c-9b54-4d7c-bdb7-d9d8fc4af94a#495:OK,SUCCESS,nextIndex:474,term:3,followerCommit:453
 30.00% |███████████████████████████████                                                                      |  30/100 Time: 0:00:11 30.00% |███████████████████████████████                                                                      |  30/100 Time: 0:00:12 30.00% |███████████████████████████████                                                                      |  30/100 Time: 0:00:132019-09-25 19:52:14,328 [java.util.concurrent.ThreadPoolExecutor$Worker@6b0d1944[State = -1, empty queue]] WARN  server.GrpcLogAppender (GrpcLogAppender.java:timeoutAppendRequest(200)) - 9fa3cfc6-f64e-4b08-bae1-f5e1c71227db@group-374B680C540A->bdc1229c-9b54-4d7c-bdb7-d9d8fc4af94a-GrpcLogAppender: appendEntries Timeout, request=9fa3cfc6-f64e-4b08-bae1-f5e1c71227db->bdc1229c-9b54-4d7c-bdb7-d9d8fc4af94a#498-t3, previous=(t:3, i:473), leaderCommit=473, initializing? false, entries: size=1, first=(t:3, i:474), METADATAENTRY(c473)
2019-09-25 19:52:14,328 [java.util.concurrent.ThreadPoolExecutor$Worker@41c7fc32[State = -1, empty queue]] WARN  server.GrpcLogAppender (GrpcLogAppender.java:timeoutAppendRequest(200)) - 9fa3cfc6-f64e-4b08-bae1-f5e1c71227db@group-374B680C540A->0874ac74-a522-45ec-a23a-074b79aa09bf-GrpcLogAppender: appendEntries Timeout, request=9fa3cfc6-f64e-4b08-bae1-f5e1c71227db->0874ac74-a522-45ec-a23a-074b79aa09bf#498-t3, previous=(t:3, i:473), leaderCommit=473, initializing? false, entries: size=1, first=(t:3, i:474), METADATAENTRY(c473)
 30.00% |███████████████████████████████                                                                      |  30/100 Time: 0:00:14 30.00% |███████████████████████████████                                                                      |  30/100 Time: 0:00:152019-09-25 19:52:16,349 [grpc-default-executor-7] WARN  server.GrpcLogAppender (GrpcLogAppender.java:onNextImpl(251)) - 9fa3cfc6-f64e-4b08-bae1-f5e1c71227db@group-374B680C540A->0874ac74-a522-45ec-a23a-074b79aa09bf-AppendLogResponseHandler: Request not found, ignoring reply: 9fa3cfc6-f64e-4b08-bae1-f5e1c71227db<-0874ac74-a522-45ec-a23a-074b79aa09bf#498:OK,SUCCESS,nextIndex:475,term:3,followerCommit:473
2019-09-25 19:52:16,349 [grpc-default-executor-3] WARN  server.GrpcLogAppender (GrpcLogAppender.java:onNextImpl(251)) - 9fa3cfc6-f64e-4b08-bae1-f5e1c71227db@group-374B680C540A->bdc1229c-9b54-4d7c-bdb7-d9d8fc4af94a-AppendLogResponseHandler: Request not found, ignoring reply: 9fa3cfc6-f64e-4b08-bae1-f5e1c71227db<-bdc1229c-9b54-4d7c-bdb7-d9d8fc4af94a#498:OK,SUCCESS,nextIndex:475,term:3,followerCommit:473
2019-09-25 19:52:16,362 [pool-176-thread-4] WARN  scm.XceiverClientRatis (XceiverClientRatis.java:watchForCommit(292)) - 3 way commit failed on pipeline Pipeline[ Id: 1643adf8-58cb-48db-8454-374b680c540a, Nodes: 0874ac74-a522-45ec-a23a-074b79aa09bf{ip: 192.168.164.231, host: pr-hdds-2174-f48n4-3529231201, networkLocation: /default-rack, certSerialId: null}9fa3cfc6-f64e-4b08-bae1-f5e1c71227db{ip: 192.168.164.231, host: pr-hdds-2174-f48n4-3529231201, networkLocation: /default-rack, certSerialId: null}bdc1229c-9b54-4d7c-bdb7-d9d8fc4af94a{ip: 192.168.164.231, host: pr-hdds-2174-f48n4-3529231201, networkLocation: /default-rack, certSerialId: null}, Type:RATIS, Factor:THREE, State:OPEN]
java.util.concurrent.TimeoutException
	at java.util.concurrent.CompletableFuture.timedGet(CompletableFuture.java:1771)
	at java.util.concurrent.CompletableFuture.get(CompletableFuture.java:1915)
	at org.apache.hadoop.hdds.scm.XceiverClientRatis.watchForCommit(XceiverClientRatis.java:289)
	at org.apache.hadoop.hdds.scm.storage.CommitWatcher.watchForCommit(CommitWatcher.java:194)
	at org.apache.hadoop.hdds.scm.storage.CommitWatcher.watchOnLastIndex(CommitWatcher.java:157)
	at org.apache.hadoop.hdds.scm.storage.BlockOutputStream.watchForCommit(BlockOutputStream.java:347)
	at org.apache.hadoop.hdds.scm.storage.BlockOutputStream.handleFlush(BlockOutputStream.java:479)
	at org.apache.hadoop.hdds.scm.storage.BlockOutputStream.close(BlockOutputStream.java:493)
	at org.apache.hadoop.ozone.client.io.BlockOutputStreamEntry.close(BlockOutputStreamEntry.java:143)
	at org.apache.hadoop.ozone.client.io.KeyOutputStream.handleFlushOrClose(KeyOutputStream.java:435)
	at org.apache.hadoop.ozone.client.io.KeyOutputStream.close(KeyOutputStream.java:473)
	at org.apache.hadoop.ozone.client.io.OzoneOutputStream.close(OzoneOutputStream.java:60)
	at org.apache.hadoop.ozone.freon.RandomKeyGenerator.createKey(RandomKeyGenerator.java:710)
	at org.apache.hadoop.ozone.freon.RandomKeyGenerator.access$1100(RandomKeyGenerator.java:88)
	at org.apache.hadoop.ozone.freon.RandomKeyGenerator$ObjectCreator.run(RandomKeyGenerator.java:615)
	at java.util.concurrent.Executors$RunnableAdapter.call(Executors.java:511)
	at java.util.concurrent.FutureTask.run(FutureTask.java:266)
	at java.util.concurrent.ThreadPoolExecutor.runWorker(ThreadPoolExecutor.java:1149)
	at java.util.concurrent.ThreadPoolExecutor$Worker.run(ThreadPoolExecutor.java:624)
	at java.lang.Thread.run(Thread.java:748)
2019-09-25 19:52:16,368 [pool-176-thread-6] WARN  scm.XceiverClientRatis (XceiverClientRatis.java:watchForCommit(292)) - 3 way commit failed on pipeline Pipeline[ Id: 1643adf8-58cb-48db-8454-374b680c540a, Nodes: 0874ac74-a522-45ec-a23a-074b79aa09bf{ip: 192.168.164.231, host: pr-hdds-2174-f48n4-3529231201, networkLocation: /default-rack, certSerialId: null}9fa3cfc6-f64e-4b08-bae1-f5e1c71227db{ip: 192.168.164.231, host: pr-hdds-2174-f48n4-3529231201, networkLocation: /default-rack, certSerialId: null}bdc1229c-9b54-4d7c-bdb7-d9d8fc4af94a{ip: 192.168.164.231, host: pr-hdds-2174-f48n4-3529231201, networkLocation: /default-rack, certSerialId: null}, Type:RATIS, Factor:THREE, State:OPEN]
java.util.concurrent.TimeoutException
	at java.util.concurrent.CompletableFuture.timedGet(CompletableFuture.java:1771)
	at java.util.concurrent.CompletableFuture.get(CompletableFuture.java:1915)
	at org.apache.hadoop.hdds.scm.XceiverClientRatis.watchForCommit(XceiverClientRatis.java:289)
	at org.apache.hadoop.hdds.scm.storage.CommitWatcher.watchForCommit(CommitWatcher.java:194)
	at org.apache.hadoop.hdds.scm.storage.CommitWatcher.watchOnLastIndex(CommitWatcher.java:157)
	at org.apache.hadoop.hdds.scm.storage.BlockOutputStream.watchForCommit(BlockOutputStream.java:347)
	at org.apache.hadoop.hdds.scm.storage.BlockOutputStream.handleFlush(BlockOutputStream.java:479)
	at org.apache.hadoop.hdds.scm.storage.BlockOutputStream.close(BlockOutputStream.java:493)
	at org.apache.hadoop.ozone.client.io.BlockOutputStreamEntry.close(BlockOutputStreamEntry.java:143)
	at org.apache.hadoop.ozone.client.io.KeyOutputStream.handleFlushOrClose(KeyOutputStream.java:435)
	at org.apache.hadoop.ozone.client.io.KeyOutputStream.close(KeyOutputStream.java:473)
	at org.apache.hadoop.ozone.client.io.OzoneOutputStream.close(OzoneOutputStream.java:60)
	at org.apache.hadoop.ozone.freon.RandomKeyGenerator.createKey(RandomKeyGenerator.java:710)
	at org.apache.hadoop.ozone.freon.RandomKeyGenerator.access$1100(RandomKeyGenerator.java:88)
	at org.apache.hadoop.ozone.freon.RandomKeyGenerator$ObjectCreator.run(RandomKeyGenerator.java:615)
	at java.util.concurrent.Executors$RunnableAdapter.call(Executors.java:511)
	at java.util.concurrent.FutureTask.run(FutureTask.java:266)
	at java.util.concurrent.ThreadPoolExecutor.runWorker(ThreadPoolExecutor.java:1149)
	at java.util.concurrent.ThreadPoolExecutor$Worker.run(ThreadPoolExecutor.java:624)
	at java.lang.Thread.run(Thread.java:748)
 39.00% |████████████████████████████████████████                                                             |  39/100 Time: 0:00:16 39.00% |████████████████████████████████████████                                                             |  39/100 Time: 0:00:17 39.00% |████████████████████████████████████████                                                             |  39/100 Time: 0:00:182019-09-25 19:52:19,428 [java.util.concurrent.ThreadPoolExecutor$Worker@6b0d1944[State = -1, empty queue]] WARN  server.GrpcLogAppender (GrpcLogAppender.java:timeoutAppendRequest(200)) - 9fa3cfc6-f64e-4b08-bae1-f5e1c71227db@group-374B680C540A->bdc1229c-9b54-4d7c-bdb7-d9d8fc4af94a-GrpcLogAppender: appendEntries Timeout, request=9fa3cfc6-f64e-4b08-bae1-f5e1c71227db->bdc1229c-9b54-4d7c-bdb7-d9d8fc4af94a#501-t3, previous=(t:3, i:474), leaderCommit=474, initializing? false, entries: size=1, first=(t:3, i:475), STATEMACHINELOGENTRY, client-B13E5D6E252E, cid=423
2019-09-25 19:52:19,428 [java.util.concurrent.ThreadPoolExecutor$Worker@41c7fc32[State = -1, empty queue]] WARN  server.GrpcLogAppender (GrpcLogAppender.java:timeoutAppendRequest(200)) - 9fa3cfc6-f64e-4b08-bae1-f5e1c71227db@group-374B680C540A->0874ac74-a522-45ec-a23a-074b79aa09bf-GrpcLogAppender: appendEntries Timeout, request=9fa3cfc6-f64e-4b08-bae1-f5e1c71227db->0874ac74-a522-45ec-a23a-074b79aa09bf#501-t3, previous=(t:3, i:474), leaderCommit=474, initializing? false, entries: size=1, first=(t:3, i:475), STATEMACHINELOGENTRY, client-B13E5D6E252E, cid=423
 39.00% |████████████████████████████████████████                                                             |  39/100 Time: 0:00:19 39.00% |████████████████████████████████████████                                                             |  39/100 Time: 0:00:20 39.00% |████████████████████████████████████████                                                             |  39/100 Time: 0:00:212019-09-25 19:52:21,618 [grpc-default-executor-3] WARN  server.GrpcLogAppender (GrpcLogAppender.java:onNextImpl(251)) - 9fa3cfc6-f64e-4b08-bae1-f5e1c71227db@group-374B680C540A->bdc1229c-9b54-4d7c-bdb7-d9d8fc4af94a-AppendLogResponseHandler: Request not found, ignoring reply: 9fa3cfc6-f64e-4b08-bae1-f5e1c71227db<-bdc1229c-9b54-4d7c-bdb7-d9d8fc4af94a#501:OK,SUCCESS,nextIndex:476,term:3,followerCommit:474
2019-09-25 19:52:21,618 [grpc-default-executor-7] WARN  server.GrpcLogAppender (GrpcLogAppender.java:onNextImpl(251)) - 9fa3cfc6-f64e-4b08-bae1-f5e1c71227db@group-374B680C540A->0874ac74-a522-45ec-a23a-074b79aa09bf-AppendLogResponseHandler: Request not found, ignoring reply: 9fa3cfc6-f64e-4b08-bae1-f5e1c71227db<-0874ac74-a522-45ec-a23a-074b79aa09bf#501:OK,SUCCESS,nextIndex:476,term:3,followerCommit:474
 39.00% |████████████████████████████████████████                                                             |  39/100 Time: 0:00:22 39.00% |████████████████████████████████████████                                                             |  39/100 Time: 0:00:23 39.00% |████████████████████████████████████████                                                             |  39/100 Time: 0:00:242019-09-25 19:52:24,629 [java.util.concurrent.ThreadPoolExecutor$Worker@41c7fc32[State = -1, empty queue]] WARN  server.GrpcLogAppender (GrpcLogAppender.java:timeoutAppendRequest(200)) - 9fa3cfc6-f64e-4b08-bae1-f5e1c71227db@group-374B680C540A->0874ac74-a522-45ec-a23a-074b79aa09bf-GrpcLogAppender: appendEntries Timeout, request=9fa3cfc6-f64e-4b08-bae1-f5e1c71227db->0874ac74-a522-45ec-a23a-074b79aa09bf#505-t3, previous=(t:3, i:476), leaderCommit=475, initializing? false, entries: size=1, first=(t:3, i:477), STATEMACHINELOGENTRY, client-B13E5D6E252E, cid=430
2019-09-25 19:52:24,629 [java.util.concurrent.ThreadPoolExecutor$Worker@6b0d1944[State = -1, empty queue]] WARN  server.GrpcLogAppender (GrpcLogAppender.java:timeoutAppendRequest(200)) - 9fa3cfc6-f64e-4b08-bae1-f5e1c71227db@group-374B680C540A->bdc1229c-9b54-4d7c-bdb7-d9d8fc4af94a-GrpcLogAppender: appendEntries Timeout, request=9fa3cfc6-f64e-4b08-bae1-f5e1c71227db->bdc1229c-9b54-4d7c-bdb7-d9d8fc4af94a#505-t3, previous=(t:3, i:476), leaderCommit=475, initializing? false, entries: size=1, first=(t:3, i:477), STATEMACHINELOGENTRY, client-B13E5D6E252E, cid=430
2019-09-25 19:52:24,630 [java.util.concurrent.ThreadPoolExecutor$Worker@41c7fc32[State = -1, empty queue]] WARN  server.GrpcLogAppender (GrpcLogAppender.java:timeoutAppendRequest(200)) - 9fa3cfc6-f64e-4b08-bae1-f5e1c71227db@group-374B680C540A->0874ac74-a522-45ec-a23a-074b79aa09bf-GrpcLogAppender: appendEntries Timeout, request=9fa3cfc6-f64e-4b08-bae1-f5e1c71227db->0874ac74-a522-45ec-a23a-074b79aa09bf#506-t3, previous=(t:3, i:477), leaderCommit=475, initializing? false, entries: size=1, first=(t:3, i:478), STATEMACHINELOGENTRY, client-B13E5D6E252E, cid=429
2019-09-25 19:52:24,630 [java.util.concurrent.ThreadPoolExecutor$Worker@6b0d1944[State = -1, empty queue]] WARN  server.GrpcLogAppender (GrpcLogAppender.java:timeoutAppendRequest(200)) - 9fa3cfc6-f64e-4b08-bae1-f5e1c71227db@group-374B680C540A->bdc1229c-9b54-4d7c-bdb7-d9d8fc4af94a-GrpcLogAppender: appendEntries Timeout, request=9fa3cfc6-f64e-4b08-bae1-f5e1c71227db->bdc1229c-9b54-4d7c-bdb7-d9d8fc4af94a#506-t3, previous=(t:3, i:477), leaderCommit=475, initializing? false, entries: size=1, first=(t:3, i:478), STATEMACHINELOGENTRY, client-B13E5D6E252E, cid=429
2019-09-25 19:52:24,631 [java.util.concurrent.ThreadPoolExecutor$Worker@41c7fc32[State = -1, empty queue]] WARN  server.GrpcLogAppender (GrpcLogAppender.java:timeoutAppendRequest(200)) - 9fa3cfc6-f64e-4b08-bae1-f5e1c71227db@group-374B680C540A->0874ac74-a522-45ec-a23a-074b79aa09bf-GrpcLogAppender: appendEntries Timeout, request=9fa3cfc6-f64e-4b08-bae1-f5e1c71227db->0874ac74-a522-45ec-a23a-074b79aa09bf#507-t3, previous=(t:3, i:478), leaderCommit=475, initializing? false, entries: size=1, first=(t:3, i:479), STATEMACHINELOGENTRY, client-B13E5D6E252E, cid=428
2019-09-25 19:52:24,631 [java.util.concurrent.ThreadPoolExecutor$Worker@6b0d1944[State = -1, empty queue]] WARN  server.GrpcLogAppender (GrpcLogAppender.java:timeoutAppendRequest(200)) - 9fa3cfc6-f64e-4b08-bae1-f5e1c71227db@group-374B680C540A->bdc1229c-9b54-4d7c-bdb7-d9d8fc4af94a-GrpcLogAppender: appendEntries Timeout, request=9fa3cfc6-f64e-4b08-bae1-f5e1c71227db->bdc1229c-9b54-4d7c-bdb7-d9d8fc4af94a#507-t3, previous=(t:3, i:478), leaderCommit=475, initializing? false, entries: size=1, first=(t:3, i:479), STATEMACHINELOGENTRY, client-B13E5D6E252E, cid=428
2019-09-25 19:52:24,633 [java.util.concurrent.ThreadPoolExecutor$Worker@6b0d1944[State = -1, empty queue]] WARN  server.GrpcLogAppender (GrpcLogAppender.java:timeoutAppendRequest(200)) - 9fa3cfc6-f64e-4b08-bae1-f5e1c71227db@group-374B680C540A->bdc1229c-9b54-4d7c-bdb7-d9d8fc4af94a-GrpcLogAppender: appendEntries Timeout, request=9fa3cfc6-f64e-4b08-bae1-f5e1c71227db->bdc1229c-9b54-4d7c-bdb7-d9d8fc4af94a#508-t3, previous=(t:3, i:479), leaderCommit=475, initializing? false, entries: size=1, first=(t:3, i:480), STATEMACHINELOGENTRY, client-B13E5D6E252E, cid=427
2019-09-25 19:52:24,633 [java.util.concurrent.ThreadPoolExecutor$Worker@41c7fc32[State = -1, empty queue]] WARN  server.GrpcLogAppender (GrpcLogAppender.java:timeoutAppendRequest(200)) - 9fa3cfc6-f64e-4b08-bae1-f5e1c71227db@group-374B680C540A->0874ac74-a522-45ec-a23a-074b79aa09bf-GrpcLogAppender: appendEntries Timeout, request=9fa3cfc6-f64e-4b08-bae1-f5e1c71227db->0874ac74-a522-45ec-a23a-074b79aa09bf#508-t3, previous=(t:3, i:479), leaderCommit=475, initializing? false, entries: size=1, first=(t:3, i:480), STATEMACHINELOGENTRY, client-B13E5D6E252E, cid=427
2019-09-25 19:52:24,633 [java.util.concurrent.ThreadPoolExecutor$Worker@6b0d1944[State = -1, empty queue]] WARN  server.GrpcLogAppender (GrpcLogAppender.java:timeoutAppendRequest(200)) - 9fa3cfc6-f64e-4b08-bae1-f5e1c71227db@group-374B680C540A->bdc1229c-9b54-4d7c-bdb7-d9d8fc4af94a-GrpcLogAppender: appendEntries Timeout, request=9fa3cfc6-f64e-4b08-bae1-f5e1c71227db->bdc1229c-9b54-4d7c-bdb7-d9d8fc4af94a#509-t3, previous=(t:3, i:480), leaderCommit=475, initializing? false, entries: size=1, first=(t:3, i:481), STATEMACHINELOGENTRY, client-B13E5D6E252E, cid=426
2019-09-25 19:52:24,633 [java.util.concurrent.ThreadPoolExecutor$Worker@41c7fc32[State = -1, empty queue]] WARN  server.GrpcLogAppender (GrpcLogAppender.java:timeoutAppendRequest(200)) - 9fa3cfc6-f64e-4b08-bae1-f5e1c71227db@group-374B680C540A->0874ac74-a522-45ec-a23a-074b79aa09bf-GrpcLogAppender: appendEntries Timeout, request=9fa3cfc6-f64e-4b08-bae1-f5e1c71227db->0874ac74-a522-45ec-a23a-074b79aa09bf#509-t3, previous=(t:3, i:480), leaderCommit=475, initializing? false, entries: size=1, first=(t:3, i:481), STATEMACHINELOGENTRY, client-B13E5D6E252E, cid=426
2019-09-25 19:52:24,633 [java.util.concurrent.ThreadPoolExecutor$Worker@6b0d1944[State = -1, empty queue]] WARN  server.GrpcLogAppender (GrpcLogAppender.java:timeoutAppendRequest(200)) - 9fa3cfc6-f64e-4b08-bae1-f5e1c71227db@group-374B680C540A->bdc1229c-9b54-4d7c-bdb7-d9d8fc4af94a-GrpcLogAppender: appendEntries Timeout, request=9fa3cfc6-f64e-4b08-bae1-f5e1c71227db->bdc1229c-9b54-4d7c-bdb7-d9d8fc4af94a#510-t3, previous=(t:3, i:481), leaderCommit=475, initializing? false, entries: size=1, first=(t:3, i:482), STATEMACHINELOGENTRY, client-B13E5D6E252E, cid=431
2019-09-25 19:52:24,634 [java.util.concurrent.ThreadPoolExecutor$Worker@41c7fc32[State = -1, empty queue]] WARN  server.GrpcLogAppender (GrpcLogAppender.java:timeoutAppendRequest(200)) - 9fa3cfc6-f64e-4b08-bae1-f5e1c71227db@group-374B680C540A->0874ac74-a522-45ec-a23a-074b79aa09bf-GrpcLogAppender: appendEntries Timeout, request=9fa3cfc6-f64e-4b08-bae1-f5e1c71227db->0874ac74-a522-45ec-a23a-074b79aa09bf#510-t3, previous=(t:3, i:481), leaderCommit=475, initializing? false, entries: size=1, first=(t:3, i:482), STATEMACHINELOGENTRY, client-B13E5D6E252E, cid=431
2019-09-25 19:52:24,634 [java.util.concurrent.ThreadPoolExecutor$Worker@6b0d1944[State = -1, empty queue]] WARN  server.GrpcLogAppender (GrpcLogAppender.java:timeoutAppendRequest(200)) - 9fa3cfc6-f64e-4b08-bae1-f5e1c71227db@group-374B680C540A->bdc1229c-9b54-4d7c-bdb7-d9d8fc4af94a-GrpcLogAppender: appendEntries Timeout, request=9fa3cfc6-f64e-4b08-bae1-f5e1c71227db->bdc1229c-9b54-4d7c-bdb7-d9d8fc4af94a#511-t3, previous=(t:3, i:482), leaderCommit=475, initializing? false, entries: size=1, first=(t:3, i:483), STATEMACHINELOGENTRY, client-B13E5D6E252E, cid=432
2019-09-25 19:52:24,634 [java.util.concurrent.ThreadPoolExecutor$Worker@41c7fc32[State = -1, empty queue]] WARN  server.GrpcLogAppender (GrpcLogAppender.java:timeoutAppendRequest(200)) - 9fa3cfc6-f64e-4b08-bae1-f5e1c71227db@group-374B680C540A->0874ac74-a522-45ec-a23a-074b79aa09bf-GrpcLogAppender: appendEntries Timeout, request=9fa3cfc6-f64e-4b08-bae1-f5e1c71227db->0874ac74-a522-45ec-a23a-074b79aa09bf#511-t3, previous=(t:3, i:482), leaderCommit=475, initializing? false, entries: size=1, first=(t:3, i:483), STATEMACHINELOGENTRY, client-B13E5D6E252E, cid=432
2019-09-25 19:52:24,634 [java.util.concurrent.ThreadPoolExecutor$Worker@6b0d1944[State = -1, empty queue]] WARN  server.GrpcLogAppender (GrpcLogAppender.java:timeoutAppendRequest(200)) - 9fa3cfc6-f64e-4b08-bae1-f5e1c71227db@group-374B680C540A->bdc1229c-9b54-4d7c-bdb7-d9d8fc4af94a-GrpcLogAppender: appendEntries Timeout, request=9fa3cfc6-f64e-4b08-bae1-f5e1c71227db->bdc1229c-9b54-4d7c-bdb7-d9d8fc4af94a#512-t3, previous=(t:3, i:483), leaderCommit=475, initializing? false, entries: size=1, first=(t:3, i:484), STATEMACHINELOGENTRY, client-B13E5D6E252E, cid=425
2019-09-25 19:52:24,634 [java.util.concurrent.ThreadPoolExecutor$Worker@41c7fc32[State = -1, empty queue]] WARN  server.GrpcLogAppender (GrpcLogAppender.java:timeoutAppendRequest(200)) - 9fa3cfc6-f64e-4b08-bae1-f5e1c71227db@group-374B680C540A->0874ac74-a522-45ec-a23a-074b79aa09bf-GrpcLogAppender: appendEntries Timeout, request=9fa3cfc6-f64e-4b08-bae1-f5e1c71227db->0874ac74-a522-45ec-a23a-074b79aa09bf#512-t3, previous=(t:3, i:483), leaderCommit=475, initializing? false, entries: size=1, first=(t:3, i:484), STATEMACHINELOGENTRY, client-B13E5D6E252E, cid=425
2019-09-25 19:52:24,634 [java.util.concurrent.ThreadPoolExecutor$Worker@6b0d1944[State = -1, empty queue]] WARN  server.GrpcLogAppender (GrpcLogAppender.java:timeoutAppendRequest(200)) - 9fa3cfc6-f64e-4b08-bae1-f5e1c71227db@group-374B680C540A->bdc1229c-9b54-4d7c-bdb7-d9d8fc4af94a-GrpcLogAppender: appendEntries Timeout, request=9fa3cfc6-f64e-4b08-bae1-f5e1c71227db->bdc1229c-9b54-4d7c-bdb7-d9d8fc4af94a#513-t3, previous=(t:3, i:484), leaderCommit=475, initializing? false, entries: size=1, first=(t:3, i:485), STATEMACHINELOGENTRY, client-B13E5D6E252E, cid=433
2019-09-25 19:52:24,634 [java.util.concurrent.ThreadPoolExecutor$Worker@41c7fc32[State = -1, empty queue]] WARN  server.GrpcLogAppender (GrpcLogAppender.java:timeoutAppendRequest(200)) - 9fa3cfc6-f64e-4b08-bae1-f5e1c71227db@group-374B680C540A->0874ac74-a522-45ec-a23a-074b79aa09bf-GrpcLogAppender: appendEntries Timeout, request=9fa3cfc6-f64e-4b08-bae1-f5e1c71227db->0874ac74-a522-45ec-a23a-074b79aa09bf#513-t3, previous=(t:3, i:484), leaderCommit=475, initializing? false, entries: size=1, first=(t:3, i:485), STATEMACHINELOGENTRY, client-B13E5D6E252E, cid=433
2019-09-25 19:52:24,634 [java.util.concurrent.ThreadPoolExecutor$Worker@6b0d1944[State = -1, empty queue]] WARN  server.GrpcLogAppender (GrpcLogAppender.java:timeoutAppendRequest(200)) - 9fa3cfc6-f64e-4b08-bae1-f5e1c71227db@group-374B680C540A->bdc1229c-9b54-4d7c-bdb7-d9d8fc4af94a-GrpcLogAppender: appendEntries Timeout, request=9fa3cfc6-f64e-4b08-bae1-f5e1c71227db->bdc1229c-9b54-4d7c-bdb7-d9d8fc4af94a#514-t3, previous=(t:3, i:485), leaderCommit=475, initializing? false, entries: size=1, first=(t:3, i:486), STATEMACHINELOGENTRY, client-B13E5D6E252E, cid=434
2019-09-25 19:52:24,634 [java.util.concurrent.ThreadPoolExecutor$Worker@41c7fc32[State = -1, empty queue]] WARN  server.GrpcLogAppender (GrpcLogAppender.java:timeoutAppendRequest(200)) - 9fa3cfc6-f64e-4b08-bae1-f5e1c71227db@group-374B680C540A->0874ac74-a522-45ec-a23a-074b79aa09bf-GrpcLogAppender: appendEntries Timeout, request=9fa3cfc6-f64e-4b08-bae1-f5e1c71227db->0874ac74-a522-45ec-a23a-074b79aa09bf#514-t3, previous=(t:3, i:485), leaderCommit=475, initializing? false, entries: size=1, first=(t:3, i:486), STATEMACHINELOGENTRY, client-B13E5D6E252E, cid=434
2019-09-25 19:52:24,635 [java.util.concurrent.ThreadPoolExecutor$Worker@6b0d1944[State = -1, empty queue]] WARN  server.GrpcLogAppender (GrpcLogAppender.java:timeoutAppendRequest(200)) - 9fa3cfc6-f64e-4b08-bae1-f5e1c71227db@group-374B680C540A->bdc1229c-9b54-4d7c-bdb7-d9d8fc4af94a-GrpcLogAppender: appendEntries Timeout, request=9fa3cfc6-f64e-4b08-bae1-f5e1c71227db->bdc1229c-9b54-4d7c-bdb7-d9d8fc4af94a#515-t3, previous=(t:3, i:486), leaderCommit=475, initializing? false, entries: size=1, first=(t:3, i:487), STATEMACHINELOGENTRY, client-B13E5D6E252E, cid=424
2019-09-25 19:52:24,635 [java.util.concurrent.ThreadPoolExecutor$Worker@41c7fc32[State = -1, empty queue]] WARN  server.GrpcLogAppender (GrpcLogAppender.java:timeoutAppendRequest(200)) - 9fa3cfc6-f64e-4b08-bae1-f5e1c71227db@group-374B680C540A->0874ac74-a522-45ec-a23a-074b79aa09bf-GrpcLogAppender: appendEntries Timeout, request=9fa3cfc6-f64e-4b08-bae1-f5e1c71227db->0874ac74-a522-45ec-a23a-074b79aa09bf#515-t3, previous=(t:3, i:486), leaderCommit=475, initializing? false, entries: size=1, first=(t:3, i:487), STATEMACHINELOGENTRY, client-B13E5D6E252E, cid=424
2019-09-25 19:52:24,635 [java.util.concurrent.ThreadPoolExecutor$Worker@6b0d1944[State = -1, empty queue]] WARN  server.GrpcLogAppender (GrpcLogAppender.java:timeoutAppendRequest(200)) - 9fa3cfc6-f64e-4b08-bae1-f5e1c71227db@group-374B680C540A->bdc1229c-9b54-4d7c-bdb7-d9d8fc4af94a-GrpcLogAppender: appendEntries Timeout, request=9fa3cfc6-f64e-4b08-bae1-f5e1c71227db->bdc1229c-9b54-4d7c-bdb7-d9d8fc4af94a#516-t3, previous=(t:3, i:487), leaderCommit=475, initializing? false, entries: size=1, first=(t:3, i:488), STATEMACHINELOGENTRY, client-B13E5D6E252E, cid=435
2019-09-25 19:52:24,635 [java.util.concurrent.ThreadPoolExecutor$Worker@41c7fc32[State = -1, empty queue]] WARN  server.GrpcLogAppender (GrpcLogAppender.java:timeoutAppendRequest(200)) - 9fa3cfc6-f64e-4b08-bae1-f5e1c71227db@group-374B680C540A->0874ac74-a522-45ec-a23a-074b79aa09bf-GrpcLogAppender: appendEntries Timeout, request=9fa3cfc6-f64e-4b08-bae1-f5e1c71227db->0874ac74-a522-45ec-a23a-074b79aa09bf#516-t3, previous=(t:3, i:487), leaderCommit=475, initializing? false, entries: size=1, first=(t:3, i:488), STATEMACHINELOGENTRY, client-B13E5D6E252E, cid=435
2019-09-25 19:52:24,635 [java.util.concurrent.ThreadPoolExecutor$Worker@41c7fc32[State = -1, empty queue]] WARN  server.GrpcLogAppender (GrpcLogAppender.java:timeoutAppendRequest(200)) - 9fa3cfc6-f64e-4b08-bae1-f5e1c71227db@group-374B680C540A->0874ac74-a522-45ec-a23a-074b79aa09bf-GrpcLogAppender: appendEntries Timeout, request=9fa3cfc6-f64e-4b08-bae1-f5e1c71227db->0874ac74-a522-45ec-a23a-074b79aa09bf#517-t3, previous=(t:3, i:488), leaderCommit=475, initializing? false, entries: size=1, first=(t:3, i:489), STATEMACHINELOGENTRY, client-B13E5D6E252E, cid=436
2019-09-25 19:52:24,635 [java.util.concurrent.ThreadPoolExecutor$Worker@6b0d1944[State = -1, empty queue]] WARN  server.GrpcLogAppender (GrpcLogAppender.java:timeoutAppendRequest(200)) - 9fa3cfc6-f64e-4b08-bae1-f5e1c71227db@group-374B680C540A->bdc1229c-9b54-4d7c-bdb7-d9d8fc4af94a-GrpcLogAppender: appendEntries Timeout, request=9fa3cfc6-f64e-4b08-bae1-f5e1c71227db->bdc1229c-9b54-4d7c-bdb7-d9d8fc4af94a#517-t3, previous=(t:3, i:488), leaderCommit=475, initializing? false, entries: size=1, first=(t:3, i:489), STATEMACHINELOGENTRY, client-B13E5D6E252E, cid=436
2019-09-25 19:52:24,636 [java.util.concurrent.ThreadPoolExecutor$Worker@41c7fc32[State = -1, empty queue]] WARN  server.GrpcLogAppender (GrpcLogAppender.java:timeoutAppendRequest(200)) - 9fa3cfc6-f64e-4b08-bae1-f5e1c71227db@group-374B680C540A->0874ac74-a522-45ec-a23a-074b79aa09bf-GrpcLogAppender: appendEntries Timeout, request=9fa3cfc6-f64e-4b08-bae1-f5e1c71227db->0874ac74-a522-45ec-a23a-074b79aa09bf#518-t3, previous=(t:3, i:489), leaderCommit=475, initializing? false, entries: size=1, first=(t:3, i:490), STATEMACHINELOGENTRY, client-B13E5D6E252E, cid=437
2019-09-25 19:52:24,636 [java.util.concurrent.ThreadPoolExecutor$Worker@6b0d1944[State = -1, empty queue]] WARN  server.GrpcLogAppender (GrpcLogAppender.java:timeoutAppendRequest(200)) - 9fa3cfc6-f64e-4b08-bae1-f5e1c71227db@group-374B680C540A->bdc1229c-9b54-4d7c-bdb7-d9d8fc4af94a-GrpcLogAppender: appendEntries Timeout, request=9fa3cfc6-f64e-4b08-bae1-f5e1c71227db->bdc1229c-9b54-4d7c-bdb7-d9d8fc4af94a#518-t3, previous=(t:3, i:489), leaderCommit=475, initializing? false, entries: size=1, first=(t:3, i:490), STATEMACHINELOGENTRY, client-B13E5D6E252E, cid=437
2019-09-25 19:52:24,636 [java.util.concurrent.ThreadPoolExecutor$Worker@6b0d1944[State = -1, empty queue]] WARN  server.GrpcLogAppender (GrpcLogAppender.java:timeoutAppendRequest(200)) - 9fa3cfc6-f64e-4b08-bae1-f5e1c71227db@group-374B680C540A->bdc1229c-9b54-4d7c-bdb7-d9d8fc4af94a-GrpcLogAppender: appendEntries Timeout, request=9fa3cfc6-f64e-4b08-bae1-f5e1c71227db->bdc1229c-9b54-4d7c-bdb7-d9d8fc4af94a#519-t3, previous=(t:3, i:490), leaderCommit=475, initializing? false, entries: size=1, first=(t:3, i:491), STATEMACHINELOGENTRY, client-B13E5D6E252E, cid=438
2019-09-25 19:52:24,636 [java.util.concurrent.ThreadPoolExecutor$Worker@41c7fc32[State = -1, empty queue]] WARN  server.GrpcLogAppender (GrpcLogAppender.java:timeoutAppendRequest(200)) - 9fa3cfc6-f64e-4b08-bae1-f5e1c71227db@group-374B680C540A->0874ac74-a522-45ec-a23a-074b79aa09bf-GrpcLogAppender: appendEntries Timeout, request=9fa3cfc6-f64e-4b08-bae1-f5e1c71227db->0874ac74-a522-45ec-a23a-074b79aa09bf#519-t3, previous=(t:3, i:490), leaderCommit=475, initializing? false, entries: size=1, first=(t:3, i:491), STATEMACHINELOGENTRY, client-B13E5D6E252E, cid=438
2019-09-25 19:52:24,637 [java.util.concurrent.ThreadPoolExecutor$Worker@41c7fc32[State = -1, empty queue]] WARN  server.GrpcLogAppender (GrpcLogAppender.java:timeoutAppendRequest(200)) - 9fa3cfc6-f64e-4b08-bae1-f5e1c71227db@group-374B680C540A->0874ac74-a522-45ec-a23a-074b79aa09bf-GrpcLogAppender: appendEntries Timeout, request=9fa3cfc6-f64e-4b08-bae1-f5e1c71227db->0874ac74-a522-45ec-a23a-074b79aa09bf#520-t3, previous=(t:3, i:491), leaderCommit=475, initializing? false, entries: size=1, first=(t:3, i:492), STATEMACHINELOGENTRY, client-B13E5D6E252E, cid=439
2019-09-25 19:52:24,637 [java.util.concurrent.ThreadPoolExecutor$Worker@6b0d1944[State = -1, empty queue]] WARN  server.GrpcLogAppender (GrpcLogAppender.java:timeoutAppendRequest(200)) - 9fa3cfc6-f64e-4b08-bae1-f5e1c71227db@group-374B680C540A->bdc1229c-9b54-4d7c-bdb7-d9d8fc4af94a-GrpcLogAppender: appendEntries Timeout, request=9fa3cfc6-f64e-4b08-bae1-f5e1c71227db->bdc1229c-9b54-4d7c-bdb7-d9d8fc4af94a#520-t3, previous=(t:3, i:491), leaderCommit=475, initializing? false, entries: size=1, first=(t:3, i:492), STATEMACHINELOGENTRY, client-B13E5D6E252E, cid=439
2019-09-25 19:52:24,637 [java.util.concurrent.ThreadPoolExecutor$Worker@41c7fc32[State = -1, empty queue]] WARN  server.GrpcLogAppender (GrpcLogAppender.java:timeoutAppendRequest(200)) - 9fa3cfc6-f64e-4b08-bae1-f5e1c71227db@group-374B680C540A->0874ac74-a522-45ec-a23a-074b79aa09bf-GrpcLogAppender: appendEntries Timeout, request=9fa3cfc6-f64e-4b08-bae1-f5e1c71227db->0874ac74-a522-45ec-a23a-074b79aa09bf#521-t3, previous=(t:3, i:492), leaderCommit=475, initializing? false, entries: size=1, first=(t:3, i:493), STATEMACHINELOGENTRY, client-B13E5D6E252E, cid=440
2019-09-25 19:52:24,638 [java.util.concurrent.ThreadPoolExecutor$Worker@6b0d1944[State = -1, empty queue]] WARN  server.GrpcLogAppender (GrpcLogAppender.java:timeoutAppendRequest(200)) - 9fa3cfc6-f64e-4b08-bae1-f5e1c71227db@group-374B680C540A->bdc1229c-9b54-4d7c-bdb7-d9d8fc4af94a-GrpcLogAppender: appendEntries Timeout, request=9fa3cfc6-f64e-4b08-bae1-f5e1c71227db->bdc1229c-9b54-4d7c-bdb7-d9d8fc4af94a#521-t3, previous=(t:3, i:492), leaderCommit=475, initializing? false, entries: size=1, first=(t:3, i:493), STATEMACHINELOGENTRY, client-B13E5D6E252E, cid=440
 39.00% |████████████████████████████████████████                                                             |  39/100 Time: 0:00:25 39.00% |████████████████████████████████████████                                                             |  39/100 Time: 0:00:26 39.00% |████████████████████████████████████████                                                             |  39/100 Time: 0:00:27 39.00% |████████████████████████████████████████                                                             |  39/100 Time: 0:00:282019-09-25 19:52:28,649 [grpc-default-executor-3] WARN  server.GrpcLogAppender (GrpcLogAppender.java:onNextImpl(251)) - 9fa3cfc6-f64e-4b08-bae1-f5e1c71227db@group-374B680C540A->0874ac74-a522-45ec-a23a-074b79aa09bf-AppendLogResponseHandler: Request not found, ignoring reply: 9fa3cfc6-f64e-4b08-bae1-f5e1c71227db<-0874ac74-a522-45ec-a23a-074b79aa09bf#505:OK,SUCCESS,nextIndex:478,term:3,followerCommit:476
2019-09-25 19:52:28,649 [grpc-default-executor-5] WARN  server.GrpcLogAppender (GrpcLogAppender.java:onNextImpl(251)) - 9fa3cfc6-f64e-4b08-bae1-f5e1c71227db@group-374B680C540A->bdc1229c-9b54-4d7c-bdb7-d9d8fc4af94a-AppendLogResponseHandler: Request not found, ignoring reply: 9fa3cfc6-f64e-4b08-bae1-f5e1c71227db<-bdc1229c-9b54-4d7c-bdb7-d9d8fc4af94a#505:OK,SUCCESS,nextIndex:478,term:3,followerCommit:476
2019-09-25 19:52:28,649 [grpc-default-executor-3] WARN  server.GrpcLogAppender (GrpcLogAppender.java:onNextImpl(251)) - 9fa3cfc6-f64e-4b08-bae1-f5e1c71227db@group-374B680C540A->0874ac74-a522-45ec-a23a-074b79aa09bf-AppendLogResponseHandler: Request not found, ignoring reply: 9fa3cfc6-f64e-4b08-bae1-f5e1c71227db<-0874ac74-a522-45ec-a23a-074b79aa09bf#506:OK,SUCCESS,nextIndex:479,term:3,followerCommit:476
2019-09-25 19:52:28,650 [grpc-default-executor-5] WARN  server.GrpcLogAppender (GrpcLogAppender.java:onNextImpl(251)) - 9fa3cfc6-f64e-4b08-bae1-f5e1c71227db@group-374B680C540A->bdc1229c-9b54-4d7c-bdb7-d9d8fc4af94a-AppendLogResponseHandler: Request not found, ignoring reply: 9fa3cfc6-f64e-4b08-bae1-f5e1c71227db<-bdc1229c-9b54-4d7c-bdb7-d9d8fc4af94a#506:OK,SUCCESS,nextIndex:479,term:3,followerCommit:476
2019-09-25 19:52:28,650 [grpc-default-executor-3] WARN  server.GrpcLogAppender (GrpcLogAppender.java:onNextImpl(251)) - 9fa3cfc6-f64e-4b08-bae1-f5e1c71227db@group-374B680C540A->0874ac74-a522-45ec-a23a-074b79aa09bf-AppendLogResponseHandler: Request not found, ignoring reply: 9fa3cfc6-f64e-4b08-bae1-f5e1c71227db<-0874ac74-a522-45ec-a23a-074b79aa09bf#507:OK,SUCCESS,nextIndex:480,term:3,followerCommit:476
2019-09-25 19:52:28,650 [grpc-default-executor-5] WARN  server.GrpcLogAppender (GrpcLogAppender.java:onNextImpl(251)) - 9fa3cfc6-f64e-4b08-bae1-f5e1c71227db@group-374B680C540A->bdc1229c-9b54-4d7c-bdb7-d9d8fc4af94a-AppendLogResponseHandler: Request not found, ignoring reply: 9fa3cfc6-f64e-4b08-bae1-f5e1c71227db<-bdc1229c-9b54-4d7c-bdb7-d9d8fc4af94a#507:OK,SUCCESS,nextIndex:480,term:3,followerCommit:476
2019-09-25 19:52:28,650 [grpc-default-executor-3] WARN  server.GrpcLogAppender (GrpcLogAppender.java:onNextImpl(251)) - 9fa3cfc6-f64e-4b08-bae1-f5e1c71227db@group-374B680C540A->0874ac74-a522-45ec-a23a-074b79aa09bf-AppendLogResponseHandler: Request not found, ignoring reply: 9fa3cfc6-f64e-4b08-bae1-f5e1c71227db<-0874ac74-a522-45ec-a23a-074b79aa09bf#508:OK,SUCCESS,nextIndex:481,term:3,followerCommit:476
2019-09-25 19:52:28,651 [grpc-default-executor-5] WARN  server.GrpcLogAppender (GrpcLogAppender.java:onNextImpl(251)) - 9fa3cfc6-f64e-4b08-bae1-f5e1c71227db@group-374B680C540A->bdc1229c-9b54-4d7c-bdb7-d9d8fc4af94a-AppendLogResponseHandler: Request not found, ignoring reply: 9fa3cfc6-f64e-4b08-bae1-f5e1c71227db<-bdc1229c-9b54-4d7c-bdb7-d9d8fc4af94a#508:OK,SUCCESS,nextIndex:481,term:3,followerCommit:476
2019-09-25 19:52:28,651 [grpc-default-executor-3] WARN  server.GrpcLogAppender (GrpcLogAppender.java:onNextImpl(251)) - 9fa3cfc6-f64e-4b08-bae1-f5e1c71227db@group-374B680C540A->0874ac74-a522-45ec-a23a-074b79aa09bf-AppendLogResponseHandler: Request not found, ignoring reply: 9fa3cfc6-f64e-4b08-bae1-f5e1c71227db<-0874ac74-a522-45ec-a23a-074b79aa09bf#509:OK,SUCCESS,nextIndex:482,term:3,followerCommit:476
2019-09-25 19:52:28,651 [grpc-default-executor-5] WARN  server.GrpcLogAppender (GrpcLogAppender.java:onNextImpl(251)) - 9fa3cfc6-f64e-4b08-bae1-f5e1c71227db@group-374B680C540A->bdc1229c-9b54-4d7c-bdb7-d9d8fc4af94a-AppendLogResponseHandler: Request not found, ignoring reply: 9fa3cfc6-f64e-4b08-bae1-f5e1c71227db<-bdc1229c-9b54-4d7c-bdb7-d9d8fc4af94a#509:OK,SUCCESS,nextIndex:482,term:3,followerCommit:476
2019-09-25 19:52:28,651 [grpc-default-executor-3] WARN  server.GrpcLogAppender (GrpcLogAppender.java:onNextImpl(251)) - 9fa3cfc6-f64e-4b08-bae1-f5e1c71227db@group-374B680C540A->0874ac74-a522-45ec-a23a-074b79aa09bf-AppendLogResponseHandler: Request not found, ignoring reply: 9fa3cfc6-f64e-4b08-bae1-f5e1c71227db<-0874ac74-a522-45ec-a23a-074b79aa09bf#510:OK,SUCCESS,nextIndex:483,term:3,followerCommit:476
2019-09-25 19:52:28,652 [grpc-default-executor-5] WARN  server.GrpcLogAppender (GrpcLogAppender.java:onNextImpl(251)) - 9fa3cfc6-f64e-4b08-bae1-f5e1c71227db@group-374B680C540A->bdc1229c-9b54-4d7c-bdb7-d9d8fc4af94a-AppendLogResponseHandler: Request not found, ignoring reply: 9fa3cfc6-f64e-4b08-bae1-f5e1c71227db<-bdc1229c-9b54-4d7c-bdb7-d9d8fc4af94a#510:OK,SUCCESS,nextIndex:483,term:3,followerCommit:476
2019-09-25 19:52:28,652 [grpc-default-executor-3] WARN  server.GrpcLogAppender (GrpcLogAppender.java:onNextImpl(251)) - 9fa3cfc6-f64e-4b08-bae1-f5e1c71227db@group-374B680C540A->0874ac74-a522-45ec-a23a-074b79aa09bf-AppendLogResponseHandler: Request not found, ignoring reply: 9fa3cfc6-f64e-4b08-bae1-f5e1c71227db<-0874ac74-a522-45ec-a23a-074b79aa09bf#511:OK,SUCCESS,nextIndex:484,term:3,followerCommit:476
2019-09-25 19:52:28,653 [grpc-default-executor-5] WARN  server.GrpcLogAppender (GrpcLogAppender.java:onNextImpl(251)) - 9fa3cfc6-f64e-4b08-bae1-f5e1c71227db@group-374B680C540A->bdc1229c-9b54-4d7c-bdb7-d9d8fc4af94a-AppendLogResponseHandler: Request not found, ignoring reply: 9fa3cfc6-f64e-4b08-bae1-f5e1c71227db<-bdc1229c-9b54-4d7c-bdb7-d9d8fc4af94a#511:OK,SUCCESS,nextIndex:484,term:3,followerCommit:476
2019-09-25 19:52:28,653 [grpc-default-executor-3] WARN  server.GrpcLogAppender (GrpcLogAppender.java:onNextImpl(251)) - 9fa3cfc6-f64e-4b08-bae1-f5e1c71227db@group-374B680C540A->0874ac74-a522-45ec-a23a-074b79aa09bf-AppendLogResponseHandler: Request not found, ignoring reply: 9fa3cfc6-f64e-4b08-bae1-f5e1c71227db<-0874ac74-a522-45ec-a23a-074b79aa09bf#512:OK,SUCCESS,nextIndex:485,term:3,followerCommit:476
2019-09-25 19:52:28,653 [grpc-default-executor-5] WARN  server.GrpcLogAppender (GrpcLogAppender.java:onNextImpl(251)) - 9fa3cfc6-f64e-4b08-bae1-f5e1c71227db@group-374B680C540A->bdc1229c-9b54-4d7c-bdb7-d9d8fc4af94a-AppendLogResponseHandler: Request not found, ignoring reply: 9fa3cfc6-f64e-4b08-bae1-f5e1c71227db<-bdc1229c-9b54-4d7c-bdb7-d9d8fc4af94a#512:OK,SUCCESS,nextIndex:485,term:3,followerCommit:476
2019-09-25 19:52:28,653 [grpc-default-executor-3] WARN  server.GrpcLogAppender (GrpcLogAppender.java:onNextImpl(251)) - 9fa3cfc6-f64e-4b08-bae1-f5e1c71227db@group-374B680C540A->0874ac74-a522-45ec-a23a-074b79aa09bf-AppendLogResponseHandler: Request not found, ignoring reply: 9fa3cfc6-f64e-4b08-bae1-f5e1c71227db<-0874ac74-a522-45ec-a23a-074b79aa09bf#513:OK,SUCCESS,nextIndex:486,term:3,followerCommit:476
2019-09-25 19:52:28,653 [grpc-default-executor-5] WARN  server.GrpcLogAppender (GrpcLogAppender.java:onNextImpl(251)) - 9fa3cfc6-f64e-4b08-bae1-f5e1c71227db@group-374B680C540A->bdc1229c-9b54-4d7c-bdb7-d9d8fc4af94a-AppendLogResponseHandler: Request not found, ignoring reply: 9fa3cfc6-f64e-4b08-bae1-f5e1c71227db<-bdc1229c-9b54-4d7c-bdb7-d9d8fc4af94a#513:OK,SUCCESS,nextIndex:486,term:3,followerCommit:476
2019-09-25 19:52:28,654 [grpc-default-executor-3] WARN  server.GrpcLogAppender (GrpcLogAppender.java:onNextImpl(251)) - 9fa3cfc6-f64e-4b08-bae1-f5e1c71227db@group-374B680C540A->0874ac74-a522-45ec-a23a-074b79aa09bf-AppendLogResponseHandler: Request not found, ignoring reply: 9fa3cfc6-f64e-4b08-bae1-f5e1c71227db<-0874ac74-a522-45ec-a23a-074b79aa09bf#514:OK,SUCCESS,nextIndex:487,term:3,followerCommit:476
2019-09-25 19:52:28,654 [grpc-default-executor-5] WARN  server.GrpcLogAppender (GrpcLogAppender.java:onNextImpl(251)) - 9fa3cfc6-f64e-4b08-bae1-f5e1c71227db@group-374B680C540A->bdc1229c-9b54-4d7c-bdb7-d9d8fc4af94a-AppendLogResponseHandler: Request not found, ignoring reply: 9fa3cfc6-f64e-4b08-bae1-f5e1c71227db<-bdc1229c-9b54-4d7c-bdb7-d9d8fc4af94a#514:OK,SUCCESS,nextIndex:487,term:3,followerCommit:476
2019-09-25 19:52:28,654 [grpc-default-executor-5] WARN  server.GrpcLogAppender (GrpcLogAppender.java:onNextImpl(251)) - 9fa3cfc6-f64e-4b08-bae1-f5e1c71227db@group-374B680C540A->bdc1229c-9b54-4d7c-bdb7-d9d8fc4af94a-AppendLogResponseHandler: Request not found, ignoring reply: 9fa3cfc6-f64e-4b08-bae1-f5e1c71227db<-bdc1229c-9b54-4d7c-bdb7-d9d8fc4af94a#515:OK,SUCCESS,nextIndex:488,term:3,followerCommit:476
2019-09-25 19:52:28,654 [grpc-default-executor-3] WARN  server.GrpcLogAppender (GrpcLogAppender.java:onNextImpl(251)) - 9fa3cfc6-f64e-4b08-bae1-f5e1c71227db@group-374B680C540A->0874ac74-a522-45ec-a23a-074b79aa09bf-AppendLogResponseHandler: Request not found, ignoring reply: 9fa3cfc6-f64e-4b08-bae1-f5e1c71227db<-0874ac74-a522-45ec-a23a-074b79aa09bf#515:OK,SUCCESS,nextIndex:488,term:3,followerCommit:476
2019-09-25 19:52:28,655 [grpc-default-executor-5] WARN  server.GrpcLogAppender (GrpcLogAppender.java:onNextImpl(251)) - 9fa3cfc6-f64e-4b08-bae1-f5e1c71227db@group-374B680C540A->bdc1229c-9b54-4d7c-bdb7-d9d8fc4af94a-AppendLogResponseHandler: Request not found, ignoring reply: 9fa3cfc6-f64e-4b08-bae1-f5e1c71227db<-bdc1229c-9b54-4d7c-bdb7-d9d8fc4af94a#516:OK,SUCCESS,nextIndex:489,term:3,followerCommit:476
2019-09-25 19:52:28,655 [grpc-default-executor-3] WARN  server.GrpcLogAppender (GrpcLogAppender.java:onNextImpl(251)) - 9fa3cfc6-f64e-4b08-bae1-f5e1c71227db@group-374B680C540A->0874ac74-a522-45ec-a23a-074b79aa09bf-AppendLogResponseHandler: Request not found, ignoring reply: 9fa3cfc6-f64e-4b08-bae1-f5e1c71227db<-0874ac74-a522-45ec-a23a-074b79aa09bf#516:OK,SUCCESS,nextIndex:489,term:3,followerCommit:476
2019-09-25 19:52:28,655 [grpc-default-executor-5] WARN  server.GrpcLogAppender (GrpcLogAppender.java:onNextImpl(251)) - 9fa3cfc6-f64e-4b08-bae1-f5e1c71227db@group-374B680C540A->bdc1229c-9b54-4d7c-bdb7-d9d8fc4af94a-AppendLogResponseHandler: Request not found, ignoring reply: 9fa3cfc6-f64e-4b08-bae1-f5e1c71227db<-bdc1229c-9b54-4d7c-bdb7-d9d8fc4af94a#517:OK,SUCCESS,nextIndex:490,term:3,followerCommit:476
2019-09-25 19:52:28,655 [grpc-default-executor-3] WARN  server.GrpcLogAppender (GrpcLogAppender.java:onNextImpl(251)) - 9fa3cfc6-f64e-4b08-bae1-f5e1c71227db@group-374B680C540A->0874ac74-a522-45ec-a23a-074b79aa09bf-AppendLogResponseHandler: Request not found, ignoring reply: 9fa3cfc6-f64e-4b08-bae1-f5e1c71227db<-0874ac74-a522-45ec-a23a-074b79aa09bf#517:OK,SUCCESS,nextIndex:490,term:3,followerCommit:476
2019-09-25 19:52:28,655 [grpc-default-executor-5] WARN  server.GrpcLogAppender (GrpcLogAppender.java:onNextImpl(251)) - 9fa3cfc6-f64e-4b08-bae1-f5e1c71227db@group-374B680C540A->bdc1229c-9b54-4d7c-bdb7-d9d8fc4af94a-AppendLogResponseHandler: Request not found, ignoring reply: 9fa3cfc6-f64e-4b08-bae1-f5e1c71227db<-bdc1229c-9b54-4d7c-bdb7-d9d8fc4af94a#518:OK,SUCCESS,nextIndex:491,term:3,followerCommit:476
2019-09-25 19:52:28,655 [grpc-default-executor-3] WARN  server.GrpcLogAppender (GrpcLogAppender.java:onNextImpl(251)) - 9fa3cfc6-f64e-4b08-bae1-f5e1c71227db@group-374B680C540A->0874ac74-a522-45ec-a23a-074b79aa09bf-AppendLogResponseHandler: Request not found, ignoring reply: 9fa3cfc6-f64e-4b08-bae1-f5e1c71227db<-0874ac74-a522-45ec-a23a-074b79aa09bf#518:OK,SUCCESS,nextIndex:491,term:3,followerCommit:476
2019-09-25 19:52:28,656 [grpc-default-executor-5] WARN  server.GrpcLogAppender (GrpcLogAppender.java:onNextImpl(251)) - 9fa3cfc6-f64e-4b08-bae1-f5e1c71227db@group-374B680C540A->bdc1229c-9b54-4d7c-bdb7-d9d8fc4af94a-AppendLogResponseHandler: Request not found, ignoring reply: 9fa3cfc6-f64e-4b08-bae1-f5e1c71227db<-bdc1229c-9b54-4d7c-bdb7-d9d8fc4af94a#519:OK,SUCCESS,nextIndex:492,term:3,followerCommit:476
2019-09-25 19:52:28,656 [grpc-default-executor-3] WARN  server.GrpcLogAppender (GrpcLogAppender.java:onNextImpl(251)) - 9fa3cfc6-f64e-4b08-bae1-f5e1c71227db@group-374B680C540A->0874ac74-a522-45ec-a23a-074b79aa09bf-AppendLogResponseHandler: Request not found, ignoring reply: 9fa3cfc6-f64e-4b08-bae1-f5e1c71227db<-0874ac74-a522-45ec-a23a-074b79aa09bf#519:OK,SUCCESS,nextIndex:492,term:3,followerCommit:476
2019-09-25 19:52:28,656 [grpc-default-executor-5] WARN  server.GrpcLogAppender (GrpcLogAppender.java:onNextImpl(251)) - 9fa3cfc6-f64e-4b08-bae1-f5e1c71227db@group-374B680C540A->bdc1229c-9b54-4d7c-bdb7-d9d8fc4af94a-AppendLogResponseHandler: Request not found, ignoring reply: 9fa3cfc6-f64e-4b08-bae1-f5e1c71227db<-bdc1229c-9b54-4d7c-bdb7-d9d8fc4af94a#520:OK,SUCCESS,nextIndex:493,term:3,followerCommit:476
2019-09-25 19:52:28,656 [grpc-default-executor-3] WARN  server.GrpcLogAppender (GrpcLogAppender.java:onNextImpl(251)) - 9fa3cfc6-f64e-4b08-bae1-f5e1c71227db@group-374B680C540A->0874ac74-a522-45ec-a23a-074b79aa09bf-AppendLogResponseHandler: Request not found, ignoring reply: 9fa3cfc6-f64e-4b08-bae1-f5e1c71227db<-0874ac74-a522-45ec-a23a-074b79aa09bf#520:OK,SUCCESS,nextIndex:493,term:3,followerCommit:476
2019-09-25 19:52:28,656 [grpc-default-executor-5] WARN  server.GrpcLogAppender (GrpcLogAppender.java:onNextImpl(251)) - 9fa3cfc6-f64e-4b08-bae1-f5e1c71227db@group-374B680C540A->bdc1229c-9b54-4d7c-bdb7-d9d8fc4af94a-AppendLogResponseHandler: Request not found, ignoring reply: 9fa3cfc6-f64e-4b08-bae1-f5e1c71227db<-bdc1229c-9b54-4d7c-bdb7-d9d8fc4af94a#521:OK,SUCCESS,nextIndex:494,term:3,followerCommit:476
2019-09-25 19:52:28,656 [grpc-default-executor-3] WARN  server.GrpcLogAppender (GrpcLogAppender.java:onNextImpl(251)) - 9fa3cfc6-f64e-4b08-bae1-f5e1c71227db@group-374B680C540A->0874ac74-a522-45ec-a23a-074b79aa09bf-AppendLogResponseHandler: Request not found, ignoring reply: 9fa3cfc6-f64e-4b08-bae1-f5e1c71227db<-0874ac74-a522-45ec-a23a-074b79aa09bf#521:OK,SUCCESS,nextIndex:494,term:3,followerCommit:476
 39.00% |████████████████████████████████████████                                                             |  39/100 Time: 0:00:29 39.00% |████████████████████████████████████████                                                             |  39/100 Time: 0:00:30 39.00% |████████████████████████████████████████                                                             |  39/100 Time: 0:00:312019-09-25 19:52:31,657 [java.util.concurrent.ThreadPoolExecutor$Worker@6b0d1944[State = -1, empty queue]] WARN  server.GrpcLogAppender (GrpcLogAppender.java:timeoutAppendRequest(200)) - 9fa3cfc6-f64e-4b08-bae1-f5e1c71227db@group-374B680C540A->bdc1229c-9b54-4d7c-bdb7-d9d8fc4af94a-GrpcLogAppender: appendEntries Timeout, request=9fa3cfc6-f64e-4b08-bae1-f5e1c71227db->bdc1229c-9b54-4d7c-bdb7-d9d8fc4af94a#524-t3, previous=(t:3, i:493), leaderCommit=493, initializing? false, entries: size=1, first=(t:3, i:494), METADATAENTRY(c493)
2019-09-25 19:52:31,657 [java.util.concurrent.ThreadPoolExecutor$Worker@41c7fc32[State = -1, empty queue]] WARN  server.GrpcLogAppender (GrpcLogAppender.java:timeoutAppendRequest(200)) - 9fa3cfc6-f64e-4b08-bae1-f5e1c71227db@group-374B680C540A->0874ac74-a522-45ec-a23a-074b79aa09bf-GrpcLogAppender: appendEntries Timeout, request=9fa3cfc6-f64e-4b08-bae1-f5e1c71227db->0874ac74-a522-45ec-a23a-074b79aa09bf#524-t3, previous=(t:3, i:493), leaderCommit=493, initializing? false, entries: size=1, first=(t:3, i:494), METADATAENTRY(c493)
 39.00% |████████████████████████████████████████                                                             |  39/100 Time: 0:00:32 39.00% |████████████████████████████████████████                                                             |  39/100 Time: 0:00:332019-09-25 19:52:33,511 [grpc-default-executor-3] WARN  server.GrpcLogAppender (GrpcLogAppender.java:onNextImpl(251)) - 9fa3cfc6-f64e-4b08-bae1-f5e1c71227db@group-374B680C540A->0874ac74-a522-45ec-a23a-074b79aa09bf-AppendLogResponseHandler: Request not found, ignoring reply: 9fa3cfc6-f64e-4b08-bae1-f5e1c71227db<-0874ac74-a522-45ec-a23a-074b79aa09bf#524:OK,SUCCESS,nextIndex:495,term:3,followerCommit:493
2019-09-25 19:52:33,511 [grpc-default-executor-5] WARN  server.GrpcLogAppender (GrpcLogAppender.java:onNextImpl(251)) - 9fa3cfc6-f64e-4b08-bae1-f5e1c71227db@group-374B680C540A->bdc1229c-9b54-4d7c-bdb7-d9d8fc4af94a-AppendLogResponseHandler: Request not found, ignoring reply: 9fa3cfc6-f64e-4b08-bae1-f5e1c71227db<-bdc1229c-9b54-4d7c-bdb7-d9d8fc4af94a#524:OK,SUCCESS,nextIndex:495,term:3,followerCommit:493
2019-09-25 19:52:33,590 [grpc-default-executor-7] WARN  client.GrpcClientProtocolService (LogUtils.java:warn(134)) - 34-UnorderedRequestStreamObserver34: onError: org.apache.ratis.thirdparty.io.grpc.StatusRuntimeException: CANCELLED: cancelled before receiving half close
 48.00% |█████████████████████████████████████████████████                                                    |  48/100 Time: 0:00:34 48.00% |█████████████████████████████████████████████████                                                    |  48/100 Time: 0:00:35 48.00% |█████████████████████████████████████████████████                                                    |  48/100 Time: 0:00:362019-09-25 19:52:36,618 [java.util.concurrent.ThreadPoolExecutor$Worker@6b0d1944[State = -1, empty queue]] WARN  server.GrpcLogAppender (GrpcLogAppender.java:timeoutAppendRequest(200)) - 9fa3cfc6-f64e-4b08-bae1-f5e1c71227db@group-374B680C540A->bdc1229c-9b54-4d7c-bdb7-d9d8fc4af94a-GrpcLogAppender: appendEntries Timeout, request=9fa3cfc6-f64e-4b08-bae1-f5e1c71227db->bdc1229c-9b54-4d7c-bdb7-d9d8fc4af94a#526-t3, previous=(t:3, i:494), leaderCommit=494, initializing? false, entries: size=1, first=(t:3, i:495), STATEMACHINELOGENTRY, client-442C4CC92401, cid=450
2019-09-25 19:52:36,618 [java.util.concurrent.ThreadPoolExecutor$Worker@41c7fc32[State = -1, empty queue]] WARN  server.GrpcLogAppender (GrpcLogAppender.java:timeoutAppendRequest(200)) - 9fa3cfc6-f64e-4b08-bae1-f5e1c71227db@group-374B680C540A->0874ac74-a522-45ec-a23a-074b79aa09bf-GrpcLogAppender: appendEntries Timeout, request=9fa3cfc6-f64e-4b08-bae1-f5e1c71227db->0874ac74-a522-45ec-a23a-074b79aa09bf#526-t3, previous=(t:3, i:494), leaderCommit=494, initializing? false, entries: size=1, first=(t:3, i:495), STATEMACHINELOGENTRY, client-442C4CC92401, cid=450
 48.00% |█████████████████████████████████████████████████                                                    |  48/100 Time: 0:00:37 48.00% |█████████████████████████████████████████████████                                                    |  48/100 Time: 0:00:382019-09-25 19:52:38,659 [grpc-default-executor-6] WARN  server.GrpcLogAppender (GrpcLogAppender.java:onNextImpl(251)) - 9fa3cfc6-f64e-4b08-bae1-f5e1c71227db@group-374B680C540A->0874ac74-a522-45ec-a23a-074b79aa09bf-AppendLogResponseHandler: Request not found, ignoring reply: 9fa3cfc6-f64e-4b08-bae1-f5e1c71227db<-0874ac74-a522-45ec-a23a-074b79aa09bf#526:OK,SUCCESS,nextIndex:496,term:3,followerCommit:494
2019-09-25 19:52:38,659 [grpc-default-executor-7] WARN  server.GrpcLogAppender (GrpcLogAppender.java:onNextImpl(251)) - 9fa3cfc6-f64e-4b08-bae1-f5e1c71227db@group-374B680C540A->bdc1229c-9b54-4d7c-bdb7-d9d8fc4af94a-AppendLogResponseHandler: Request not found, ignoring reply: 9fa3cfc6-f64e-4b08-bae1-f5e1c71227db<-bdc1229c-9b54-4d7c-bdb7-d9d8fc4af94a#526:OK,SUCCESS,nextIndex:496,term:3,followerCommit:494
 48.00% |█████████████████████████████████████████████████                                                    |  48/100 Time: 0:00:39 48.00% |█████████████████████████████████████████████████                                                    |  48/100 Time: 0:00:40 48.00% |█████████████████████████████████████████████████                                                    |  48/100 Time: 0:00:412019-09-25 19:52:41,662 [java.util.concurrent.ThreadPoolExecutor$Worker@6b0d1944[State = -1, empty queue]] WARN  server.GrpcLogAppender (GrpcLogAppender.java:timeoutAppendRequest(200)) - 9fa3cfc6-f64e-4b08-bae1-f5e1c71227db@group-374B680C540A->bdc1229c-9b54-4d7c-bdb7-d9d8fc4af94a-GrpcLogAppender: appendEntries Timeout, request=9fa3cfc6-f64e-4b08-bae1-f5e1c71227db->bdc1229c-9b54-4d7c-bdb7-d9d8fc4af94a#529-t3, previous=(t:3, i:495), leaderCommit=495, initializing? false, entries: size=1, first=(t:3, i:496), METADATAENTRY(c495)
2019-09-25 19:52:41,662 [java.util.concurrent.ThreadPoolExecutor$Worker@41c7fc32[State = -1, empty queue]] WARN  server.GrpcLogAppender (GrpcLogAppender.java:timeoutAppendRequest(200)) - 9fa3cfc6-f64e-4b08-bae1-f5e1c71227db@group-374B680C540A->0874ac74-a522-45ec-a23a-074b79aa09bf-GrpcLogAppender: appendEntries Timeout, request=9fa3cfc6-f64e-4b08-bae1-f5e1c71227db->0874ac74-a522-45ec-a23a-074b79aa09bf#529-t3, previous=(t:3, i:495), leaderCommit=495, initializing? false, entries: size=1, first=(t:3, i:496), METADATAENTRY(c495)
2019-09-25 19:52:41,697 [java.util.concurrent.ThreadPoolExecutor$Worker@41c7fc32[State = -1, empty queue]] WARN  server.GrpcLogAppender (GrpcLogAppender.java:timeoutAppendRequest(200)) - 9fa3cfc6-f64e-4b08-bae1-f5e1c71227db@group-374B680C540A->0874ac74-a522-45ec-a23a-074b79aa09bf-GrpcLogAppender: appendEntries Timeout, request=9fa3cfc6-f64e-4b08-bae1-f5e1c71227db->0874ac74-a522-45ec-a23a-074b79aa09bf#530-t3, previous=(t:3, i:496), leaderCommit=495, initializing? false, entries: size=1, first=(t:3, i:497), STATEMACHINELOGENTRY, client-442C4CC92401, cid=458
2019-09-25 19:52:41,697 [java.util.concurrent.ThreadPoolExecutor$Worker@6b0d1944[State = -1, empty queue]] WARN  server.GrpcLogAppender (GrpcLogAppender.java:timeoutAppendRequest(200)) - 9fa3cfc6-f64e-4b08-bae1-f5e1c71227db@group-374B680C540A->bdc1229c-9b54-4d7c-bdb7-d9d8fc4af94a-GrpcLogAppender: appendEntries Timeout, request=9fa3cfc6-f64e-4b08-bae1-f5e1c71227db->bdc1229c-9b54-4d7c-bdb7-d9d8fc4af94a#530-t3, previous=(t:3, i:496), leaderCommit=495, initializing? false, entries: size=1, first=(t:3, i:497), STATEMACHINELOGENTRY, client-442C4CC92401, cid=458
2019-09-25 19:52:41,698 [java.util.concurrent.ThreadPoolExecutor$Worker@41c7fc32[State = -1, empty queue]] WARN  server.GrpcLogAppender (GrpcLogAppender.java:timeoutAppendRequest(200)) - 9fa3cfc6-f64e-4b08-bae1-f5e1c71227db@group-374B680C540A->0874ac74-a522-45ec-a23a-074b79aa09bf-GrpcLogAppender: appendEntries Timeout, request=9fa3cfc6-f64e-4b08-bae1-f5e1c71227db->0874ac74-a522-45ec-a23a-074b79aa09bf#531-t3, previous=(t:3, i:497), leaderCommit=495, initializing? false, entries: size=1, first=(t:3, i:498), STATEMACHINELOGENTRY, client-442C4CC92401, cid=457
2019-09-25 19:52:41,698 [java.util.concurrent.ThreadPoolExecutor$Worker@6b0d1944[State = -1, empty queue]] WARN  server.GrpcLogAppender (GrpcLogAppender.java:timeoutAppendRequest(200)) - 9fa3cfc6-f64e-4b08-bae1-f5e1c71227db@group-374B680C540A->bdc1229c-9b54-4d7c-bdb7-d9d8fc4af94a-GrpcLogAppender: appendEntries Timeout, request=9fa3cfc6-f64e-4b08-bae1-f5e1c71227db->bdc1229c-9b54-4d7c-bdb7-d9d8fc4af94a#531-t3, previous=(t:3, i:497), leaderCommit=495, initializing? false, entries: size=1, first=(t:3, i:498), STATEMACHINELOGENTRY, client-442C4CC92401, cid=457
2019-09-25 19:52:41,698 [java.util.concurrent.ThreadPoolExecutor$Worker@6b0d1944[State = -1, empty queue]] WARN  server.GrpcLogAppender (GrpcLogAppender.java:timeoutAppendRequest(200)) - 9fa3cfc6-f64e-4b08-bae1-f5e1c71227db@group-374B680C540A->bdc1229c-9b54-4d7c-bdb7-d9d8fc4af94a-GrpcLogAppender: appendEntries Timeout, request=9fa3cfc6-f64e-4b08-bae1-f5e1c71227db->bdc1229c-9b54-4d7c-bdb7-d9d8fc4af94a#532-t3, previous=(t:3, i:498), leaderCommit=495, initializing? false, entries: size=1, first=(t:3, i:499), STATEMACHINELOGENTRY, client-442C4CC92401, cid=456
2019-09-25 19:52:41,698 [java.util.concurrent.ThreadPoolExecutor$Worker@41c7fc32[State = -1, empty queue]] WARN  server.GrpcLogAppender (GrpcLogAppender.java:timeoutAppendRequest(200)) - 9fa3cfc6-f64e-4b08-bae1-f5e1c71227db@group-374B680C540A->0874ac74-a522-45ec-a23a-074b79aa09bf-GrpcLogAppender: appendEntries Timeout, request=9fa3cfc6-f64e-4b08-bae1-f5e1c71227db->0874ac74-a522-45ec-a23a-074b79aa09bf#532-t3, previous=(t:3, i:498), leaderCommit=495, initializing? false, entries: size=1, first=(t:3, i:499), STATEMACHINELOGENTRY, client-442C4CC92401, cid=456
2019-09-25 19:52:41,699 [java.util.concurrent.ThreadPoolExecutor$Worker@6b0d1944[State = -1, empty queue]] WARN  server.GrpcLogAppender (GrpcLogAppender.java:timeoutAppendRequest(200)) - 9fa3cfc6-f64e-4b08-bae1-f5e1c71227db@group-374B680C540A->bdc1229c-9b54-4d7c-bdb7-d9d8fc4af94a-GrpcLogAppender: appendEntries Timeout, request=9fa3cfc6-f64e-4b08-bae1-f5e1c71227db->bdc1229c-9b54-4d7c-bdb7-d9d8fc4af94a#533-t3, previous=(t:3, i:499), leaderCommit=495, initializing? false, entries: size=1, first=(t:3, i:500), STATEMACHINELOGENTRY, client-442C4CC92401, cid=453
2019-09-25 19:52:41,699 [java.util.concurrent.ThreadPoolExecutor$Worker@41c7fc32[State = -1, empty queue]] WARN  server.GrpcLogAppender (GrpcLogAppender.java:timeoutAppendRequest(200)) - 9fa3cfc6-f64e-4b08-bae1-f5e1c71227db@group-374B680C540A->0874ac74-a522-45ec-a23a-074b79aa09bf-GrpcLogAppender: appendEntries Timeout, request=9fa3cfc6-f64e-4b08-bae1-f5e1c71227db->0874ac74-a522-45ec-a23a-074b79aa09bf#533-t3, previous=(t:3, i:499), leaderCommit=495, initializing? false, entries: size=1, first=(t:3, i:500), STATEMACHINELOGENTRY, client-442C4CC92401, cid=453
2019-09-25 19:52:41,700 [java.util.concurrent.ThreadPoolExecutor$Worker@41c7fc32[State = -1, empty queue]] WARN  server.GrpcLogAppender (GrpcLogAppender.java:timeoutAppendRequest(200)) - 9fa3cfc6-f64e-4b08-bae1-f5e1c71227db@group-374B680C540A->0874ac74-a522-45ec-a23a-074b79aa09bf-GrpcLogAppender: appendEntries Timeout, request=9fa3cfc6-f64e-4b08-bae1-f5e1c71227db->0874ac74-a522-45ec-a23a-074b79aa09bf#534-t3, previous=(t:3, i:500), leaderCommit=495, initializing? false, entries: size=1, first=(t:3, i:501), STATEMACHINELOGENTRY, client-442C4CC92401, cid=455
2019-09-25 19:52:41,700 [java.util.concurrent.ThreadPoolExecutor$Worker@6b0d1944[State = -1, empty queue]] WARN  server.GrpcLogAppender (GrpcLogAppender.java:timeoutAppendRequest(200)) - 9fa3cfc6-f64e-4b08-bae1-f5e1c71227db@group-374B680C540A->bdc1229c-9b54-4d7c-bdb7-d9d8fc4af94a-GrpcLogAppender: appendEntries Timeout, request=9fa3cfc6-f64e-4b08-bae1-f5e1c71227db->bdc1229c-9b54-4d7c-bdb7-d9d8fc4af94a#534-t3, previous=(t:3, i:500), leaderCommit=495, initializing? false, entries: size=1, first=(t:3, i:501), STATEMACHINELOGENTRY, client-442C4CC92401, cid=455
2019-09-25 19:52:41,700 [java.util.concurrent.ThreadPoolExecutor$Worker@41c7fc32[State = -1, empty queue]] WARN  server.GrpcLogAppender (GrpcLogAppender.java:timeoutAppendRequest(200)) - 9fa3cfc6-f64e-4b08-bae1-f5e1c71227db@group-374B680C540A->0874ac74-a522-45ec-a23a-074b79aa09bf-GrpcLogAppender: appendEntries Timeout, request=9fa3cfc6-f64e-4b08-bae1-f5e1c71227db->0874ac74-a522-45ec-a23a-074b79aa09bf#535-t3, previous=(t:3, i:501), leaderCommit=495, initializing? false, entries: size=1, first=(t:3, i:502), STATEMACHINELOGENTRY, client-442C4CC92401, cid=451
2019-09-25 19:52:41,700 [java.util.concurrent.ThreadPoolExecutor$Worker@6b0d1944[State = -1, empty queue]] WARN  server.GrpcLogAppender (GrpcLogAppender.java:timeoutAppendRequest(200)) - 9fa3cfc6-f64e-4b08-bae1-f5e1c71227db@group-374B680C540A->bdc1229c-9b54-4d7c-bdb7-d9d8fc4af94a-GrpcLogAppender: appendEntries Timeout, request=9fa3cfc6-f64e-4b08-bae1-f5e1c71227db->bdc1229c-9b54-4d7c-bdb7-d9d8fc4af94a#535-t3, previous=(t:3, i:501), leaderCommit=495, initializing? false, entries: size=1, first=(t:3, i:502), STATEMACHINELOGENTRY, client-442C4CC92401, cid=451
2019-09-25 19:52:41,701 [java.util.concurrent.ThreadPoolExecutor$Worker@6b0d1944[State = -1, empty queue]] WARN  server.GrpcLogAppender (GrpcLogAppender.java:timeoutAppendRequest(200)) - 9fa3cfc6-f64e-4b08-bae1-f5e1c71227db@group-374B680C540A->bdc1229c-9b54-4d7c-bdb7-d9d8fc4af94a-GrpcLogAppender: appendEntries Timeout, request=9fa3cfc6-f64e-4b08-bae1-f5e1c71227db->bdc1229c-9b54-4d7c-bdb7-d9d8fc4af94a#536-t3, previous=(t:3, i:502), leaderCommit=495, initializing? false, entries: size=1, first=(t:3, i:503), STATEMACHINELOGENTRY, client-442C4CC92401, cid=452
2019-09-25 19:52:41,701 [java.util.concurrent.ThreadPoolExecutor$Worker@41c7fc32[State = -1, empty queue]] WARN  server.GrpcLogAppender (GrpcLogAppender.java:timeoutAppendRequest(200)) - 9fa3cfc6-f64e-4b08-bae1-f5e1c71227db@group-374B680C540A->0874ac74-a522-45ec-a23a-074b79aa09bf-GrpcLogAppender: appendEntries Timeout, request=9fa3cfc6-f64e-4b08-bae1-f5e1c71227db->0874ac74-a522-45ec-a23a-074b79aa09bf#536-t3, previous=(t:3, i:502), leaderCommit=495, initializing? false, entries: size=1, first=(t:3, i:503), STATEMACHINELOGENTRY, client-442C4CC92401, cid=452
2019-09-25 19:52:41,701 [java.util.concurrent.ThreadPoolExecutor$Worker@41c7fc32[State = -1, empty queue]] WARN  server.GrpcLogAppender (GrpcLogAppender.java:timeoutAppendRequest(200)) - 9fa3cfc6-f64e-4b08-bae1-f5e1c71227db@group-374B680C540A->0874ac74-a522-45ec-a23a-074b79aa09bf-GrpcLogAppender: appendEntries Timeout, request=9fa3cfc6-f64e-4b08-bae1-f5e1c71227db->0874ac74-a522-45ec-a23a-074b79aa09bf#537-t3, previous=(t:3, i:503), leaderCommit=495, initializing? false, entries: size=1, first=(t:3, i:504), STATEMACHINELOGENTRY, client-442C4CC92401, cid=454
2019-09-25 19:52:41,702 [java.util.concurrent.ThreadPoolExecutor$Worker@6b0d1944[State = -1, empty queue]] WARN  server.GrpcLogAppender (GrpcLogAppender.java:timeoutAppendRequest(200)) - 9fa3cfc6-f64e-4b08-bae1-f5e1c71227db@group-374B680C540A->bdc1229c-9b54-4d7c-bdb7-d9d8fc4af94a-GrpcLogAppender: appendEntries Timeout, request=9fa3cfc6-f64e-4b08-bae1-f5e1c71227db->bdc1229c-9b54-4d7c-bdb7-d9d8fc4af94a#537-t3, previous=(t:3, i:503), leaderCommit=495, initializing? false, entries: size=1, first=(t:3, i:504), STATEMACHINELOGENTRY, client-442C4CC92401, cid=454
2019-09-25 19:52:41,702 [java.util.concurrent.ThreadPoolExecutor$Worker@41c7fc32[State = -1, empty queue]] WARN  server.GrpcLogAppender (GrpcLogAppender.java:timeoutAppendRequest(200)) - 9fa3cfc6-f64e-4b08-bae1-f5e1c71227db@group-374B680C540A->0874ac74-a522-45ec-a23a-074b79aa09bf-GrpcLogAppender: appendEntries Timeout, request=9fa3cfc6-f64e-4b08-bae1-f5e1c71227db->0874ac74-a522-45ec-a23a-074b79aa09bf#538-t3, previous=(t:3, i:504), leaderCommit=495, initializing? false, entries: size=1, first=(t:3, i:505), STATEMACHINELOGENTRY, client-442C4CC92401, cid=459
2019-09-25 19:52:41,702 [java.util.concurrent.ThreadPoolExecutor$Worker@6b0d1944[State = -1, empty queue]] WARN  server.GrpcLogAppender (GrpcLogAppender.java:timeoutAppendRequest(200)) - 9fa3cfc6-f64e-4b08-bae1-f5e1c71227db@group-374B680C540A->bdc1229c-9b54-4d7c-bdb7-d9d8fc4af94a-GrpcLogAppender: appendEntries Timeout, request=9fa3cfc6-f64e-4b08-bae1-f5e1c71227db->bdc1229c-9b54-4d7c-bdb7-d9d8fc4af94a#538-t3, previous=(t:3, i:504), leaderCommit=495, initializing? false, entries: size=1, first=(t:3, i:505), STATEMACHINELOGENTRY, client-442C4CC92401, cid=459
2019-09-25 19:52:41,702 [java.util.concurrent.ThreadPoolExecutor$Worker@6b0d1944[State = -1, empty queue]] WARN  server.GrpcLogAppender (GrpcLogAppender.java:timeoutAppendRequest(200)) - 9fa3cfc6-f64e-4b08-bae1-f5e1c71227db@group-374B680C540A->bdc1229c-9b54-4d7c-bdb7-d9d8fc4af94a-GrpcLogAppender: appendEntries Timeout, request=9fa3cfc6-f64e-4b08-bae1-f5e1c71227db->bdc1229c-9b54-4d7c-bdb7-d9d8fc4af94a#539-t3, previous=(t:3, i:505), leaderCommit=495, initializing? false, entries: size=1, first=(t:3, i:506), STATEMACHINELOGENTRY, client-442C4CC92401, cid=461
2019-09-25 19:52:41,702 [java.util.concurrent.ThreadPoolExecutor$Worker@41c7fc32[State = -1, empty queue]] WARN  server.GrpcLogAppender (GrpcLogAppender.java:timeoutAppendRequest(200)) - 9fa3cfc6-f64e-4b08-bae1-f5e1c71227db@group-374B680C540A->0874ac74-a522-45ec-a23a-074b79aa09bf-GrpcLogAppender: appendEntries Timeout, request=9fa3cfc6-f64e-4b08-bae1-f5e1c71227db->0874ac74-a522-45ec-a23a-074b79aa09bf#539-t3, previous=(t:3, i:505), leaderCommit=495, initializing? false, entries: size=1, first=(t:3, i:506), STATEMACHINELOGENTRY, client-442C4CC92401, cid=461
2019-09-25 19:52:41,702 [java.util.concurrent.ThreadPoolExecutor$Worker@6b0d1944[State = -1, empty queue]] WARN  server.GrpcLogAppender (GrpcLogAppender.java:timeoutAppendRequest(200)) - 9fa3cfc6-f64e-4b08-bae1-f5e1c71227db@group-374B680C540A->bdc1229c-9b54-4d7c-bdb7-d9d8fc4af94a-GrpcLogAppender: appendEntries Timeout, request=9fa3cfc6-f64e-4b08-bae1-f5e1c71227db->bdc1229c-9b54-4d7c-bdb7-d9d8fc4af94a#540-t3, previous=(t:3, i:506), leaderCommit=495, initializing? false, entries: size=1, first=(t:3, i:507), STATEMACHINELOGENTRY, client-442C4CC92401, cid=460
2019-09-25 19:52:41,703 [java.util.concurrent.ThreadPoolExecutor$Worker@41c7fc32[State = -1, empty queue]] WARN  server.GrpcLogAppender (GrpcLogAppender.java:timeoutAppendRequest(200)) - 9fa3cfc6-f64e-4b08-bae1-f5e1c71227db@group-374B680C540A->0874ac74-a522-45ec-a23a-074b79aa09bf-GrpcLogAppender: appendEntries Timeout, request=9fa3cfc6-f64e-4b08-bae1-f5e1c71227db->0874ac74-a522-45ec-a23a-074b79aa09bf#540-t3, previous=(t:3, i:506), leaderCommit=495, initializing? false, entries: size=1, first=(t:3, i:507), STATEMACHINELOGENTRY, client-442C4CC92401, cid=460
2019-09-25 19:52:41,703 [java.util.concurrent.ThreadPoolExecutor$Worker@41c7fc32[State = -1, empty queue]] WARN  server.GrpcLogAppender (GrpcLogAppender.java:timeoutAppendRequest(200)) - 9fa3cfc6-f64e-4b08-bae1-f5e1c71227db@group-374B680C540A->0874ac74-a522-45ec-a23a-074b79aa09bf-GrpcLogAppender: appendEntries Timeout, request=9fa3cfc6-f64e-4b08-bae1-f5e1c71227db->0874ac74-a522-45ec-a23a-074b79aa09bf#541-t3, previous=(t:3, i:507), leaderCommit=495, initializing? false, entries: size=1, first=(t:3, i:508), STATEMACHINELOGENTRY, client-442C4CC92401, cid=462
2019-09-25 19:52:41,703 [java.util.concurrent.ThreadPoolExecutor$Worker@6b0d1944[State = -1, empty queue]] WARN  server.GrpcLogAppender (GrpcLogAppender.java:timeoutAppendRequest(200)) - 9fa3cfc6-f64e-4b08-bae1-f5e1c71227db@group-374B680C540A->bdc1229c-9b54-4d7c-bdb7-d9d8fc4af94a-GrpcLogAppender: appendEntries Timeout, request=9fa3cfc6-f64e-4b08-bae1-f5e1c71227db->bdc1229c-9b54-4d7c-bdb7-d9d8fc4af94a#541-t3, previous=(t:3, i:507), leaderCommit=495, initializing? false, entries: size=1, first=(t:3, i:508), STATEMACHINELOGENTRY, client-442C4CC92401, cid=462
2019-09-25 19:52:41,703 [java.util.concurrent.ThreadPoolExecutor$Worker@6b0d1944[State = -1, empty queue]] WARN  server.GrpcLogAppender (GrpcLogAppender.java:timeoutAppendRequest(200)) - 9fa3cfc6-f64e-4b08-bae1-f5e1c71227db@group-374B680C540A->bdc1229c-9b54-4d7c-bdb7-d9d8fc4af94a-GrpcLogAppender: appendEntries Timeout, request=9fa3cfc6-f64e-4b08-bae1-f5e1c71227db->bdc1229c-9b54-4d7c-bdb7-d9d8fc4af94a#542-t3, previous=(t:3, i:508), leaderCommit=495, initializing? false, entries: size=1, first=(t:3, i:509), STATEMACHINELOGENTRY, client-442C4CC92401, cid=465
2019-09-25 19:52:41,703 [java.util.concurrent.ThreadPoolExecutor$Worker@41c7fc32[State = -1, empty queue]] WARN  server.GrpcLogAppender (GrpcLogAppender.java:timeoutAppendRequest(200)) - 9fa3cfc6-f64e-4b08-bae1-f5e1c71227db@group-374B680C540A->0874ac74-a522-45ec-a23a-074b79aa09bf-GrpcLogAppender: appendEntries Timeout, request=9fa3cfc6-f64e-4b08-bae1-f5e1c71227db->0874ac74-a522-45ec-a23a-074b79aa09bf#542-t3, previous=(t:3, i:508), leaderCommit=495, initializing? false, entries: size=1, first=(t:3, i:509), STATEMACHINELOGENTRY, client-442C4CC92401, cid=465
2019-09-25 19:52:41,703 [java.util.concurrent.ThreadPoolExecutor$Worker@41c7fc32[State = -1, empty queue]] WARN  server.GrpcLogAppender (GrpcLogAppender.java:timeoutAppendRequest(200)) - 9fa3cfc6-f64e-4b08-bae1-f5e1c71227db@group-374B680C540A->0874ac74-a522-45ec-a23a-074b79aa09bf-GrpcLogAppender: appendEntries Timeout, request=9fa3cfc6-f64e-4b08-bae1-f5e1c71227db->0874ac74-a522-45ec-a23a-074b79aa09bf#543-t3, previous=(t:3, i:509), leaderCommit=495, initializing? false, entries: size=1, first=(t:3, i:510), STATEMACHINELOGENTRY, client-442C4CC92401, cid=463
2019-09-25 19:52:41,703 [java.util.concurrent.ThreadPoolExecutor$Worker@6b0d1944[State = -1, empty queue]] WARN  server.GrpcLogAppender (GrpcLogAppender.java:timeoutAppendRequest(200)) - 9fa3cfc6-f64e-4b08-bae1-f5e1c71227db@group-374B680C540A->bdc1229c-9b54-4d7c-bdb7-d9d8fc4af94a-GrpcLogAppender: appendEntries Timeout, request=9fa3cfc6-f64e-4b08-bae1-f5e1c71227db->bdc1229c-9b54-4d7c-bdb7-d9d8fc4af94a#543-t3, previous=(t:3, i:509), leaderCommit=495, initializing? false, entries: size=1, first=(t:3, i:510), STATEMACHINELOGENTRY, client-442C4CC92401, cid=463
2019-09-25 19:52:41,704 [java.util.concurrent.ThreadPoolExecutor$Worker@6b0d1944[State = -1, empty queue]] WARN  server.GrpcLogAppender (GrpcLogAppender.java:timeoutAppendRequest(200)) - 9fa3cfc6-f64e-4b08-bae1-f5e1c71227db@group-374B680C540A->bdc1229c-9b54-4d7c-bdb7-d9d8fc4af94a-GrpcLogAppender: appendEntries Timeout, request=9fa3cfc6-f64e-4b08-bae1-f5e1c71227db->bdc1229c-9b54-4d7c-bdb7-d9d8fc4af94a#544-t3, previous=(t:3, i:510), leaderCommit=495, initializing? false, entries: size=1, first=(t:3, i:511), STATEMACHINELOGENTRY, client-442C4CC92401, cid=467
2019-09-25 19:52:41,704 [java.util.concurrent.ThreadPoolExecutor$Worker@41c7fc32[State = -1, empty queue]] WARN  server.GrpcLogAppender (GrpcLogAppender.java:timeoutAppendRequest(200)) - 9fa3cfc6-f64e-4b08-bae1-f5e1c71227db@group-374B680C540A->0874ac74-a522-45ec-a23a-074b79aa09bf-GrpcLogAppender: appendEntries Timeout, request=9fa3cfc6-f64e-4b08-bae1-f5e1c71227db->0874ac74-a522-45ec-a23a-074b79aa09bf#544-t3, previous=(t:3, i:510), leaderCommit=495, initializing? false, entries: size=1, first=(t:3, i:511), STATEMACHINELOGENTRY, client-442C4CC92401, cid=467
2019-09-25 19:52:41,704 [java.util.concurrent.ThreadPoolExecutor$Worker@6b0d1944[State = -1, empty queue]] WARN  server.GrpcLogAppender (GrpcLogAppender.java:timeoutAppendRequest(200)) - 9fa3cfc6-f64e-4b08-bae1-f5e1c71227db@group-374B680C540A->bdc1229c-9b54-4d7c-bdb7-d9d8fc4af94a-GrpcLogAppender: appendEntries Timeout, request=9fa3cfc6-f64e-4b08-bae1-f5e1c71227db->bdc1229c-9b54-4d7c-bdb7-d9d8fc4af94a#545-t3, previous=(t:3, i:511), leaderCommit=495, initializing? false, entries: size=1, first=(t:3, i:512), STATEMACHINELOGENTRY, client-442C4CC92401, cid=466
2019-09-25 19:52:41,704 [java.util.concurrent.ThreadPoolExecutor$Worker@41c7fc32[State = -1, empty queue]] WARN  server.GrpcLogAppender (GrpcLogAppender.java:timeoutAppendRequest(200)) - 9fa3cfc6-f64e-4b08-bae1-f5e1c71227db@group-374B680C540A->0874ac74-a522-45ec-a23a-074b79aa09bf-GrpcLogAppender: appendEntries Timeout, request=9fa3cfc6-f64e-4b08-bae1-f5e1c71227db->0874ac74-a522-45ec-a23a-074b79aa09bf#545-t3, previous=(t:3, i:511), leaderCommit=495, initializing? false, entries: size=1, first=(t:3, i:512), STATEMACHINELOGENTRY, client-442C4CC92401, cid=466
2019-09-25 19:52:41,704 [java.util.concurrent.ThreadPoolExecutor$Worker@41c7fc32[State = -1, empty queue]] WARN  server.GrpcLogAppender (GrpcLogAppender.java:timeoutAppendRequest(200)) - 9fa3cfc6-f64e-4b08-bae1-f5e1c71227db@group-374B680C540A->0874ac74-a522-45ec-a23a-074b79aa09bf-GrpcLogAppender: appendEntries Timeout, request=9fa3cfc6-f64e-4b08-bae1-f5e1c71227db->0874ac74-a522-45ec-a23a-074b79aa09bf#546-t3, previous=(t:3, i:512), leaderCommit=495, initializing? false, entries: size=1, first=(t:3, i:513), STATEMACHINELOGENTRY, client-442C4CC92401, cid=464
2019-09-25 19:52:41,705 [java.util.concurrent.ThreadPoolExecutor$Worker@6b0d1944[State = -1, empty queue]] WARN  server.GrpcLogAppender (GrpcLogAppender.java:timeoutAppendRequest(200)) - 9fa3cfc6-f64e-4b08-bae1-f5e1c71227db@group-374B680C540A->bdc1229c-9b54-4d7c-bdb7-d9d8fc4af94a-GrpcLogAppender: appendEntries Timeout, request=9fa3cfc6-f64e-4b08-bae1-f5e1c71227db->bdc1229c-9b54-4d7c-bdb7-d9d8fc4af94a#546-t3, previous=(t:3, i:512), leaderCommit=495, initializing? false, entries: size=1, first=(t:3, i:513), STATEMACHINELOGENTRY, client-442C4CC92401, cid=464
 48.00% |█████████████████████████████████████████████████                                                    |  48/100 Time: 0:00:42 48.00% |█████████████████████████████████████████████████                                                    |  48/100 Time: 0:00:432019-09-25 19:52:43,719 [grpc-default-executor-7] WARN  server.GrpcLogAppender (GrpcLogAppender.java:onNextImpl(251)) - 9fa3cfc6-f64e-4b08-bae1-f5e1c71227db@group-374B680C540A->bdc1229c-9b54-4d7c-bdb7-d9d8fc4af94a-AppendLogResponseHandler: Request not found, ignoring reply: 9fa3cfc6-f64e-4b08-bae1-f5e1c71227db<-bdc1229c-9b54-4d7c-bdb7-d9d8fc4af94a#529:OK,SUCCESS,nextIndex:497,term:3,followerCommit:495
2019-09-25 19:52:43,719 [grpc-default-executor-6] WARN  server.GrpcLogAppender (GrpcLogAppender.java:onNextImpl(251)) - 9fa3cfc6-f64e-4b08-bae1-f5e1c71227db@group-374B680C540A->0874ac74-a522-45ec-a23a-074b79aa09bf-AppendLogResponseHandler: Request not found, ignoring reply: 9fa3cfc6-f64e-4b08-bae1-f5e1c71227db<-0874ac74-a522-45ec-a23a-074b79aa09bf#529:OK,SUCCESS,nextIndex:497,term:3,followerCommit:495
2019-09-25 19:52:44,206 [java.util.concurrent.ThreadPoolExecutor$Worker@41c7fc32[State = -1, empty queue]] WARN  server.GrpcLogAppender (GrpcLogAppender.java:timeoutAppendRequest(200)) - 9fa3cfc6-f64e-4b08-bae1-f5e1c71227db@group-374B680C540A->0874ac74-a522-45ec-a23a-074b79aa09bf-GrpcLogAppender: appendEntries Timeout, request=9fa3cfc6-f64e-4b08-bae1-f5e1c71227db->0874ac74-a522-45ec-a23a-074b79aa09bf#547-t3, previous=(t:3, i:513), leaderCommit=495, initializing? false, entries: <empty>
2019-09-25 19:52:44,206 [java.util.concurrent.ThreadPoolExecutor$Worker@6b0d1944[State = -1, empty queue]] WARN  server.GrpcLogAppender (GrpcLogAppender.java:timeoutAppendRequest(200)) - 9fa3cfc6-f64e-4b08-bae1-f5e1c71227db@group-374B680C540A->bdc1229c-9b54-4d7c-bdb7-d9d8fc4af94a-GrpcLogAppender: appendEntries Timeout, request=9fa3cfc6-f64e-4b08-bae1-f5e1c71227db->bdc1229c-9b54-4d7c-bdb7-d9d8fc4af94a#547-t3, previous=(t:3, i:513), leaderCommit=495, initializing? false, entries: <empty>
 48.00% |█████████████████████████████████████████████████                                                    |  48/100 Time: 0:00:44 48.00% |█████████████████████████████████████████████████                                                    |  48/100 Time: 0:00:45 48.00% |█████████████████████████████████████████████████                                                    |  48/100 Time: 0:00:462019-09-25 19:52:46,706 [java.util.concurrent.ThreadPoolExecutor$Worker@6b0d1944[State = -1, empty queue]] WARN  server.GrpcLogAppender (GrpcLogAppender.java:timeoutAppendRequest(200)) - 9fa3cfc6-f64e-4b08-bae1-f5e1c71227db@group-374B680C540A->bdc1229c-9b54-4d7c-bdb7-d9d8fc4af94a-GrpcLogAppender: appendEntries Timeout, request=9fa3cfc6-f64e-4b08-bae1-f5e1c71227db->bdc1229c-9b54-4d7c-bdb7-d9d8fc4af94a#548-t3, previous=(t:3, i:513), leaderCommit=495, initializing? false, entries: <empty>
2019-09-25 19:52:46,706 [java.util.concurrent.ThreadPoolExecutor$Worker@41c7fc32[State = -1, empty queue]] WARN  server.GrpcLogAppender (GrpcLogAppender.java:timeoutAppendRequest(200)) - 9fa3cfc6-f64e-4b08-bae1-f5e1c71227db@group-374B680C540A->0874ac74-a522-45ec-a23a-074b79aa09bf-GrpcLogAppender: appendEntries Timeout, request=9fa3cfc6-f64e-4b08-bae1-f5e1c71227db->0874ac74-a522-45ec-a23a-074b79aa09bf#548-t3, previous=(t:3, i:513), leaderCommit=495, initializing? false, entries: <empty>
 48.00% |█████████████████████████████████████████████████                                                    |  48/100 Time: 0:00:47 48.00% |█████████████████████████████████████████████████                                                    |  48/100 Time: 0:00:482019-09-25 19:52:49,164 [grpc-default-executor-7] WARN  server.GrpcLogAppender (GrpcLogAppender.java:onNextImpl(251)) - 9fa3cfc6-f64e-4b08-bae1-f5e1c71227db@group-374B680C540A->bdc1229c-9b54-4d7c-bdb7-d9d8fc4af94a-AppendLogResponseHandler: Request not found, ignoring reply: 9fa3cfc6-f64e-4b08-bae1-f5e1c71227db<-bdc1229c-9b54-4d7c-bdb7-d9d8fc4af94a#530:OK,SUCCESS,nextIndex:498,term:3,followerCommit:495
2019-09-25 19:52:49,168 [grpc-default-executor-7] WARN  server.GrpcLogAppender (GrpcLogAppender.java:onNextImpl(251)) - 9fa3cfc6-f64e-4b08-bae1-f5e1c71227db@group-374B680C540A->bdc1229c-9b54-4d7c-bdb7-d9d8fc4af94a-AppendLogResponseHandler: Request not found, ignoring reply: 9fa3cfc6-f64e-4b08-bae1-f5e1c71227db<-bdc1229c-9b54-4d7c-bdb7-d9d8fc4af94a#531:OK,SUCCESS,nextIndex:499,term:3,followerCommit:495
2019-09-25 19:52:49,168 [grpc-default-executor-7] WARN  server.GrpcLogAppender (GrpcLogAppender.java:onNextImpl(251)) - 9fa3cfc6-f64e-4b08-bae1-f5e1c71227db@group-374B680C540A->bdc1229c-9b54-4d7c-bdb7-d9d8fc4af94a-AppendLogResponseHandler: Request not found, ignoring reply: 9fa3cfc6-f64e-4b08-bae1-f5e1c71227db<-bdc1229c-9b54-4d7c-bdb7-d9d8fc4af94a#532:OK,SUCCESS,nextIndex:500,term:3,followerCommit:495
2019-09-25 19:52:49,168 [grpc-default-executor-7] WARN  server.GrpcLogAppender (GrpcLogAppender.java:onNextImpl(251)) - 9fa3cfc6-f64e-4b08-bae1-f5e1c71227db@group-374B680C540A->bdc1229c-9b54-4d7c-bdb7-d9d8fc4af94a-AppendLogResponseHandler: Request not found, ignoring reply: 9fa3cfc6-f64e-4b08-bae1-f5e1c71227db<-bdc1229c-9b54-4d7c-bdb7-d9d8fc4af94a#533:OK,SUCCESS,nextIndex:501,term:3,followerCommit:495
2019-09-25 19:52:49,169 [grpc-default-executor-7] WARN  server.GrpcLogAppender (GrpcLogAppender.java:onNextImpl(251)) - 9fa3cfc6-f64e-4b08-bae1-f5e1c71227db@group-374B680C540A->bdc1229c-9b54-4d7c-bdb7-d9d8fc4af94a-AppendLogResponseHandler: Request not found, ignoring reply: 9fa3cfc6-f64e-4b08-bae1-f5e1c71227db<-bdc1229c-9b54-4d7c-bdb7-d9d8fc4af94a#534:OK,SUCCESS,nextIndex:502,term:3,followerCommit:495
2019-09-25 19:52:49,169 [grpc-default-executor-7] WARN  server.GrpcLogAppender (GrpcLogAppender.java:onNextImpl(251)) - 9fa3cfc6-f64e-4b08-bae1-f5e1c71227db@group-374B680C540A->bdc1229c-9b54-4d7c-bdb7-d9d8fc4af94a-AppendLogResponseHandler: Request not found, ignoring reply: 9fa3cfc6-f64e-4b08-bae1-f5e1c71227db<-bdc1229c-9b54-4d7c-bdb7-d9d8fc4af94a#535:OK,SUCCESS,nextIndex:503,term:3,followerCommit:495
2019-09-25 19:52:49,169 [grpc-default-executor-7] WARN  server.GrpcLogAppender (GrpcLogAppender.java:onNextImpl(251)) - 9fa3cfc6-f64e-4b08-bae1-f5e1c71227db@group-374B680C540A->bdc1229c-9b54-4d7c-bdb7-d9d8fc4af94a-AppendLogResponseHandler: Request not found, ignoring reply: 9fa3cfc6-f64e-4b08-bae1-f5e1c71227db<-bdc1229c-9b54-4d7c-bdb7-d9d8fc4af94a#536:OK,SUCCESS,nextIndex:504,term:3,followerCommit:495
2019-09-25 19:52:49,170 [grpc-default-executor-7] WARN  server.GrpcLogAppender (GrpcLogAppender.java:onNextImpl(251)) - 9fa3cfc6-f64e-4b08-bae1-f5e1c71227db@group-374B680C540A->bdc1229c-9b54-4d7c-bdb7-d9d8fc4af94a-AppendLogResponseHandler: Request not found, ignoring reply: 9fa3cfc6-f64e-4b08-bae1-f5e1c71227db<-bdc1229c-9b54-4d7c-bdb7-d9d8fc4af94a#537:OK,SUCCESS,nextIndex:505,term:3,followerCommit:495
2019-09-25 19:52:49,170 [grpc-default-executor-7] WARN  server.GrpcLogAppender (GrpcLogAppender.java:onNextImpl(251)) - 9fa3cfc6-f64e-4b08-bae1-f5e1c71227db@group-374B680C540A->bdc1229c-9b54-4d7c-bdb7-d9d8fc4af94a-AppendLogResponseHandler: Request not found, ignoring reply: 9fa3cfc6-f64e-4b08-bae1-f5e1c71227db<-bdc1229c-9b54-4d7c-bdb7-d9d8fc4af94a#538:OK,SUCCESS,nextIndex:506,term:3,followerCommit:495
2019-09-25 19:52:49,170 [grpc-default-executor-7] WARN  server.GrpcLogAppender (GrpcLogAppender.java:onNextImpl(251)) - 9fa3cfc6-f64e-4b08-bae1-f5e1c71227db@group-374B680C540A->bdc1229c-9b54-4d7c-bdb7-d9d8fc4af94a-AppendLogResponseHandler: Request not found, ignoring reply: 9fa3cfc6-f64e-4b08-bae1-f5e1c71227db<-bdc1229c-9b54-4d7c-bdb7-d9d8fc4af94a#539:OK,SUCCESS,nextIndex:507,term:3,followerCommit:495
2019-09-25 19:52:49,170 [grpc-default-executor-7] WARN  server.GrpcLogAppender (GrpcLogAppender.java:onNextImpl(251)) - 9fa3cfc6-f64e-4b08-bae1-f5e1c71227db@group-374B680C540A->bdc1229c-9b54-4d7c-bdb7-d9d8fc4af94a-AppendLogResponseHandler: Request not found, ignoring reply: 9fa3cfc6-f64e-4b08-bae1-f5e1c71227db<-bdc1229c-9b54-4d7c-bdb7-d9d8fc4af94a#540:OK,SUCCESS,nextIndex:508,term:3,followerCommit:495
2019-09-25 19:52:49,171 [grpc-default-executor-7] WARN  server.GrpcLogAppender (GrpcLogAppender.java:onNextImpl(251)) - 9fa3cfc6-f64e-4b08-bae1-f5e1c71227db@group-374B680C540A->bdc1229c-9b54-4d7c-bdb7-d9d8fc4af94a-AppendLogResponseHandler: Request not found, ignoring reply: 9fa3cfc6-f64e-4b08-bae1-f5e1c71227db<-bdc1229c-9b54-4d7c-bdb7-d9d8fc4af94a#541:OK,SUCCESS,nextIndex:509,term:3,followerCommit:495
2019-09-25 19:52:49,171 [grpc-default-executor-7] WARN  server.GrpcLogAppender (GrpcLogAppender.java:onNextImpl(251)) - 9fa3cfc6-f64e-4b08-bae1-f5e1c71227db@group-374B680C540A->bdc1229c-9b54-4d7c-bdb7-d9d8fc4af94a-AppendLogResponseHandler: Request not found, ignoring reply: 9fa3cfc6-f64e-4b08-bae1-f5e1c71227db<-bdc1229c-9b54-4d7c-bdb7-d9d8fc4af94a#542:OK,SUCCESS,nextIndex:510,term:3,followerCommit:495
2019-09-25 19:52:49,171 [grpc-default-executor-7] WARN  server.GrpcLogAppender (GrpcLogAppender.java:onNextImpl(251)) - 9fa3cfc6-f64e-4b08-bae1-f5e1c71227db@group-374B680C540A->bdc1229c-9b54-4d7c-bdb7-d9d8fc4af94a-AppendLogResponseHandler: Request not found, ignoring reply: 9fa3cfc6-f64e-4b08-bae1-f5e1c71227db<-bdc1229c-9b54-4d7c-bdb7-d9d8fc4af94a#543:OK,SUCCESS,nextIndex:511,term:3,followerCommit:495
2019-09-25 19:52:49,171 [grpc-default-executor-7] WARN  server.GrpcLogAppender (GrpcLogAppender.java:onNextImpl(251)) - 9fa3cfc6-f64e-4b08-bae1-f5e1c71227db@group-374B680C540A->bdc1229c-9b54-4d7c-bdb7-d9d8fc4af94a-AppendLogResponseHandler: Request not found, ignoring reply: 9fa3cfc6-f64e-4b08-bae1-f5e1c71227db<-bdc1229c-9b54-4d7c-bdb7-d9d8fc4af94a#544:OK,SUCCESS,nextIndex:512,term:3,followerCommit:495
2019-09-25 19:52:49,171 [grpc-default-executor-7] WARN  server.GrpcLogAppender (GrpcLogAppender.java:onNextImpl(251)) - 9fa3cfc6-f64e-4b08-bae1-f5e1c71227db@group-374B680C540A->bdc1229c-9b54-4d7c-bdb7-d9d8fc4af94a-AppendLogResponseHandler: Request not found, ignoring reply: 9fa3cfc6-f64e-4b08-bae1-f5e1c71227db<-bdc1229c-9b54-4d7c-bdb7-d9d8fc4af94a#545:OK,SUCCESS,nextIndex:513,term:3,followerCommit:495
2019-09-25 19:52:49,172 [grpc-default-executor-7] WARN  server.GrpcLogAppender (GrpcLogAppender.java:onNextImpl(251)) - 9fa3cfc6-f64e-4b08-bae1-f5e1c71227db@group-374B680C540A->bdc1229c-9b54-4d7c-bdb7-d9d8fc4af94a-AppendLogResponseHandler: Request not found, ignoring reply: 9fa3cfc6-f64e-4b08-bae1-f5e1c71227db<-bdc1229c-9b54-4d7c-bdb7-d9d8fc4af94a#546:OK,SUCCESS,nextIndex:514,term:3,followerCommit:495
2019-09-25 19:52:49,172 [grpc-default-executor-7] WARN  server.GrpcLogAppender (GrpcLogAppender.java:onNextImpl(251)) - 9fa3cfc6-f64e-4b08-bae1-f5e1c71227db@group-374B680C540A->bdc1229c-9b54-4d7c-bdb7-d9d8fc4af94a-AppendLogResponseHandler: Request not found, ignoring reply: 9fa3cfc6-f64e-4b08-bae1-f5e1c71227db<-bdc1229c-9b54-4d7c-bdb7-d9d8fc4af94a#547:OK,SUCCESS,nextIndex:514,term:3,followerCommit:495
2019-09-25 19:52:49,172 [grpc-default-executor-7] WARN  server.GrpcLogAppender (GrpcLogAppender.java:onNextImpl(251)) - 9fa3cfc6-f64e-4b08-bae1-f5e1c71227db@group-374B680C540A->bdc1229c-9b54-4d7c-bdb7-d9d8fc4af94a-AppendLogResponseHandler: Request not found, ignoring reply: 9fa3cfc6-f64e-4b08-bae1-f5e1c71227db<-bdc1229c-9b54-4d7c-bdb7-d9d8fc4af94a#548:OK,SUCCESS,nextIndex:514,term:3,followerCommit:495
2019-09-25 19:52:49,172 [grpc-default-executor-6] WARN  server.GrpcLogAppender (GrpcLogAppender.java:onNextImpl(251)) - 9fa3cfc6-f64e-4b08-bae1-f5e1c71227db@group-374B680C540A->0874ac74-a522-45ec-a23a-074b79aa09bf-AppendLogResponseHandler: Request not found, ignoring reply: 9fa3cfc6-f64e-4b08-bae1-f5e1c71227db<-0874ac74-a522-45ec-a23a-074b79aa09bf#530:OK,SUCCESS,nextIndex:498,term:3,followerCommit:495
2019-09-25 19:52:49,173 [grpc-default-executor-6] WARN  server.GrpcLogAppender (GrpcLogAppender.java:onNextImpl(251)) - 9fa3cfc6-f64e-4b08-bae1-f5e1c71227db@group-374B680C540A->0874ac74-a522-45ec-a23a-074b79aa09bf-AppendLogResponseHandler: Request not found, ignoring reply: 9fa3cfc6-f64e-4b08-bae1-f5e1c71227db<-0874ac74-a522-45ec-a23a-074b79aa09bf#531:OK,SUCCESS,nextIndex:499,term:3,followerCommit:495
2019-09-25 19:52:49,173 [grpc-default-executor-6] WARN  server.GrpcLogAppender (GrpcLogAppender.java:onNextImpl(251)) - 9fa3cfc6-f64e-4b08-bae1-f5e1c71227db@group-374B680C540A->0874ac74-a522-45ec-a23a-074b79aa09bf-AppendLogResponseHandler: Request not found, ignoring reply: 9fa3cfc6-f64e-4b08-bae1-f5e1c71227db<-0874ac74-a522-45ec-a23a-074b79aa09bf#532:OK,SUCCESS,nextIndex:500,term:3,followerCommit:495
2019-09-25 19:52:49,173 [grpc-default-executor-6] WARN  server.GrpcLogAppender (GrpcLogAppender.java:onNextImpl(251)) - 9fa3cfc6-f64e-4b08-bae1-f5e1c71227db@group-374B680C540A->0874ac74-a522-45ec-a23a-074b79aa09bf-AppendLogResponseHandler: Request not found, ignoring reply: 9fa3cfc6-f64e-4b08-bae1-f5e1c71227db<-0874ac74-a522-45ec-a23a-074b79aa09bf#533:OK,SUCCESS,nextIndex:501,term:3,followerCommit:495
2019-09-25 19:52:49,173 [grpc-default-executor-6] WARN  server.GrpcLogAppender (GrpcLogAppender.java:onNextImpl(251)) - 9fa3cfc6-f64e-4b08-bae1-f5e1c71227db@group-374B680C540A->0874ac74-a522-45ec-a23a-074b79aa09bf-AppendLogResponseHandler: Request not found, ignoring reply: 9fa3cfc6-f64e-4b08-bae1-f5e1c71227db<-0874ac74-a522-45ec-a23a-074b79aa09bf#534:OK,SUCCESS,nextIndex:502,term:3,followerCommit:495
2019-09-25 19:52:49,174 [grpc-default-executor-3] WARN  server.GrpcLogAppender (GrpcLogAppender.java:onNextImpl(251)) - 9fa3cfc6-f64e-4b08-bae1-f5e1c71227db@group-374B680C540A->0874ac74-a522-45ec-a23a-074b79aa09bf-AppendLogResponseHandler: Request not found, ignoring reply: 9fa3cfc6-f64e-4b08-bae1-f5e1c71227db<-0874ac74-a522-45ec-a23a-074b79aa09bf#535:OK,SUCCESS,nextIndex:503,term:3,followerCommit:495
2019-09-25 19:52:49,174 [grpc-default-executor-3] WARN  server.GrpcLogAppender (GrpcLogAppender.java:onNextImpl(251)) - 9fa3cfc6-f64e-4b08-bae1-f5e1c71227db@group-374B680C540A->0874ac74-a522-45ec-a23a-074b79aa09bf-AppendLogResponseHandler: Request not found, ignoring reply: 9fa3cfc6-f64e-4b08-bae1-f5e1c71227db<-0874ac74-a522-45ec-a23a-074b79aa09bf#536:OK,SUCCESS,nextIndex:504,term:3,followerCommit:495
2019-09-25 19:52:49,174 [grpc-default-executor-3] WARN  server.GrpcLogAppender (GrpcLogAppender.java:onNextImpl(251)) - 9fa3cfc6-f64e-4b08-bae1-f5e1c71227db@group-374B680C540A->0874ac74-a522-45ec-a23a-074b79aa09bf-AppendLogResponseHandler: Request not found, ignoring reply: 9fa3cfc6-f64e-4b08-bae1-f5e1c71227db<-0874ac74-a522-45ec-a23a-074b79aa09bf#537:OK,SUCCESS,nextIndex:505,term:3,followerCommit:495
2019-09-25 19:52:49,175 [grpc-default-executor-3] WARN  server.GrpcLogAppender (GrpcLogAppender.java:onNextImpl(251)) - 9fa3cfc6-f64e-4b08-bae1-f5e1c71227db@group-374B680C540A->0874ac74-a522-45ec-a23a-074b79aa09bf-AppendLogResponseHandler: Request not found, ignoring reply: 9fa3cfc6-f64e-4b08-bae1-f5e1c71227db<-0874ac74-a522-45ec-a23a-074b79aa09bf#538:OK,SUCCESS,nextIndex:506,term:3,followerCommit:495
2019-09-25 19:52:49,175 [grpc-default-executor-3] WARN  server.GrpcLogAppender (GrpcLogAppender.java:onNextImpl(251)) - 9fa3cfc6-f64e-4b08-bae1-f5e1c71227db@group-374B680C540A->0874ac74-a522-45ec-a23a-074b79aa09bf-AppendLogResponseHandler: Request not found, ignoring reply: 9fa3cfc6-f64e-4b08-bae1-f5e1c71227db<-0874ac74-a522-45ec-a23a-074b79aa09bf#539:OK,SUCCESS,nextIndex:507,term:3,followerCommit:495
2019-09-25 19:52:49,175 [grpc-default-executor-3] WARN  server.GrpcLogAppender (GrpcLogAppender.java:onNextImpl(251)) - 9fa3cfc6-f64e-4b08-bae1-f5e1c71227db@group-374B680C540A->0874ac74-a522-45ec-a23a-074b79aa09bf-AppendLogResponseHandler: Request not found, ignoring reply: 9fa3cfc6-f64e-4b08-bae1-f5e1c71227db<-0874ac74-a522-45ec-a23a-074b79aa09bf#540:OK,SUCCESS,nextIndex:508,term:3,followerCommit:495
2019-09-25 19:52:49,176 [grpc-default-executor-3] WARN  server.GrpcLogAppender (GrpcLogAppender.java:onNextImpl(251)) - 9fa3cfc6-f64e-4b08-bae1-f5e1c71227db@group-374B680C540A->0874ac74-a522-45ec-a23a-074b79aa09bf-AppendLogResponseHandler: Request not found, ignoring reply: 9fa3cfc6-f64e-4b08-bae1-f5e1c71227db<-0874ac74-a522-45ec-a23a-074b79aa09bf#541:OK,SUCCESS,nextIndex:509,term:3,followerCommit:495
2019-09-25 19:52:49,179 [grpc-default-executor-3] WARN  server.GrpcLogAppender (GrpcLogAppender.java:onNextImpl(251)) - 9fa3cfc6-f64e-4b08-bae1-f5e1c71227db@group-374B680C540A->0874ac74-a522-45ec-a23a-074b79aa09bf-AppendLogResponseHandler: Request not found, ignoring reply: 9fa3cfc6-f64e-4b08-bae1-f5e1c71227db<-0874ac74-a522-45ec-a23a-074b79aa09bf#542:OK,SUCCESS,nextIndex:510,term:3,followerCommit:495
2019-09-25 19:52:49,181 [grpc-default-executor-3] WARN  server.GrpcLogAppender (GrpcLogAppender.java:onNextImpl(251)) - 9fa3cfc6-f64e-4b08-bae1-f5e1c71227db@group-374B680C540A->0874ac74-a522-45ec-a23a-074b79aa09bf-AppendLogResponseHandler: Request not found, ignoring reply: 9fa3cfc6-f64e-4b08-bae1-f5e1c71227db<-0874ac74-a522-45ec-a23a-074b79aa09bf#543:OK,SUCCESS,nextIndex:511,term:3,followerCommit:495
2019-09-25 19:52:49,183 [grpc-default-executor-3] WARN  server.GrpcLogAppender (GrpcLogAppender.java:onNextImpl(251)) - 9fa3cfc6-f64e-4b08-bae1-f5e1c71227db@group-374B680C540A->0874ac74-a522-45ec-a23a-074b79aa09bf-AppendLogResponseHandler: Request not found, ignoring reply: 9fa3cfc6-f64e-4b08-bae1-f5e1c71227db<-0874ac74-a522-45ec-a23a-074b79aa09bf#544:OK,SUCCESS,nextIndex:512,term:3,followerCommit:495
2019-09-25 19:52:49,183 [grpc-default-executor-6] WARN  server.GrpcLogAppender (GrpcLogAppender.java:onNextImpl(251)) - 9fa3cfc6-f64e-4b08-bae1-f5e1c71227db@group-374B680C540A->0874ac74-a522-45ec-a23a-074b79aa09bf-AppendLogResponseHandler: Request not found, ignoring reply: 9fa3cfc6-f64e-4b08-bae1-f5e1c71227db<-0874ac74-a522-45ec-a23a-074b79aa09bf#545:OK,SUCCESS,nextIndex:513,term:3,followerCommit:495
2019-09-25 19:52:49,184 [grpc-default-executor-6] WARN  server.GrpcLogAppender (GrpcLogAppender.java:onNextImpl(251)) - 9fa3cfc6-f64e-4b08-bae1-f5e1c71227db@group-374B680C540A->0874ac74-a522-45ec-a23a-074b79aa09bf-AppendLogResponseHandler: Request not found, ignoring reply: 9fa3cfc6-f64e-4b08-bae1-f5e1c71227db<-0874ac74-a522-45ec-a23a-074b79aa09bf#546:OK,SUCCESS,nextIndex:514,term:3,followerCommit:495
2019-09-25 19:52:49,184 [grpc-default-executor-6] WARN  server.GrpcLogAppender (GrpcLogAppender.java:onNextImpl(251)) - 9fa3cfc6-f64e-4b08-bae1-f5e1c71227db@group-374B680C540A->0874ac74-a522-45ec-a23a-074b79aa09bf-AppendLogResponseHandler: Request not found, ignoring reply: 9fa3cfc6-f64e-4b08-bae1-f5e1c71227db<-0874ac74-a522-45ec-a23a-074b79aa09bf#547:OK,SUCCESS,nextIndex:514,term:3,followerCommit:495
2019-09-25 19:52:49,188 [grpc-default-executor-6] WARN  server.GrpcLogAppender (GrpcLogAppender.java:onNextImpl(251)) - 9fa3cfc6-f64e-4b08-bae1-f5e1c71227db@group-374B680C540A->0874ac74-a522-45ec-a23a-074b79aa09bf-AppendLogResponseHandler: Request not found, ignoring reply: 9fa3cfc6-f64e-4b08-bae1-f5e1c71227db<-0874ac74-a522-45ec-a23a-074b79aa09bf#548:OK,SUCCESS,nextIndex:514,term:3,followerCommit:495
 48.00% |█████████████████████████████████████████████████                                                    |  48/100 Time: 0:00:49 48.00% |█████████████████████████████████████████████████                                                    |  48/100 Time: 0:00:50 48.00% |█████████████████████████████████████████████████                                                    |  48/100 Time: 0:00:512019-09-25 19:52:52,174 [java.util.concurrent.ThreadPoolExecutor$Worker@41c7fc32[State = -1, empty queue]] WARN  server.GrpcLogAppender (GrpcLogAppender.java:timeoutAppendRequest(200)) - 9fa3cfc6-f64e-4b08-bae1-f5e1c71227db@group-374B680C540A->0874ac74-a522-45ec-a23a-074b79aa09bf-GrpcLogAppender: appendEntries Timeout, request=9fa3cfc6-f64e-4b08-bae1-f5e1c71227db->0874ac74-a522-45ec-a23a-074b79aa09bf#551-t3, previous=(t:3, i:513), leaderCommit=513, initializing? false, entries: size=1, first=(t:3, i:514), METADATAENTRY(c513)
2019-09-25 19:52:52,174 [java.util.concurrent.ThreadPoolExecutor$Worker@6b0d1944[State = -1, empty queue]] WARN  server.GrpcLogAppender (GrpcLogAppender.java:timeoutAppendRequest(200)) - 9fa3cfc6-f64e-4b08-bae1-f5e1c71227db@group-374B680C540A->bdc1229c-9b54-4d7c-bdb7-d9d8fc4af94a-GrpcLogAppender: appendEntries Timeout, request=9fa3cfc6-f64e-4b08-bae1-f5e1c71227db->bdc1229c-9b54-4d7c-bdb7-d9d8fc4af94a#551-t3, previous=(t:3, i:513), leaderCommit=513, initializing? false, entries: size=1, first=(t:3, i:514), METADATAENTRY(c513)
2019-09-25 19:52:52,202 [grpc-default-executor-3] WARN  server.GrpcLogAppender (GrpcLogAppender.java:onNextImpl(251)) - 9fa3cfc6-f64e-4b08-bae1-f5e1c71227db@group-374B680C540A->0874ac74-a522-45ec-a23a-074b79aa09bf-AppendLogResponseHandler: Request not found, ignoring reply: 9fa3cfc6-f64e-4b08-bae1-f5e1c71227db<-0874ac74-a522-45ec-a23a-074b79aa09bf#551:OK,SUCCESS,nextIndex:515,term:3,followerCommit:513
2019-09-25 19:52:52,202 [grpc-default-executor-7] WARN  server.GrpcLogAppender (GrpcLogAppender.java:onNextImpl(251)) - 9fa3cfc6-f64e-4b08-bae1-f5e1c71227db@group-374B680C540A->bdc1229c-9b54-4d7c-bdb7-d9d8fc4af94a-AppendLogResponseHandler: Request not found, ignoring reply: 9fa3cfc6-f64e-4b08-bae1-f5e1c71227db<-bdc1229c-9b54-4d7c-bdb7-d9d8fc4af94a#551:OK,SUCCESS,nextIndex:515,term:3,followerCommit:513
 48.00% |█████████████████████████████████████████████████                                                    |  48/100 Time: 0:00:522019-09-25 19:52:53,276 [grpc-default-executor-6] WARN  client.GrpcClientProtocolService (LogUtils.java:warn(134)) - 40-UnorderedRequestStreamObserver40: onError: org.apache.ratis.thirdparty.io.grpc.StatusRuntimeException: CANCELLED: cancelled before receiving half close
2019-09-25 19:52:53,276 [grpc-default-executor-5] WARN  client.GrpcClientProtocolService (LogUtils.java:warn(134)) - 42-UnorderedRequestStreamObserver42: onError: org.apache.ratis.thirdparty.io.grpc.StatusRuntimeException: CANCELLED: cancelled before receiving half close
 58.00% |███████████████████████████████████████████████████████████                                          |  58/100 Time: 0:00:53 100.00% |█████████████████████████████████████████████████████████████████████████████████████████████████████|  100/100 Time: 0:00:54
]]></system-out>
  </testcase>
  <testcase name="bigFileThan2GB" classname="org.apache.hadoop.ozone.freon.TestRandomKeyGenerator" time="177.814">
    <error message="Allocated 0 blocks. Requested 1 blocks" type="INTERNAL_ERROR org.apache.hadoop.ozone.om.exceptions.OMException">INTERNAL_ERROR org.apache.hadoop.ozone.om.exceptions.OMException: Allocated 0 blocks. Requested 1 blocks
	at org.apache.hadoop.ozone.om.protocolPB.OzoneManagerProtocolClientSideTranslatorPB.handleError(OzoneManagerProtocolClientSideTranslatorPB.java:732)
	at org.apache.hadoop.ozone.om.protocolPB.OzoneManagerProtocolClientSideTranslatorPB.allocateBlock(OzoneManagerProtocolClientSideTranslatorPB.java:764)
	at sun.reflect.NativeMethodAccessorImpl.invoke0(Native Method)
	at sun.reflect.NativeMethodAccessorImpl.invoke(NativeMethodAccessorImpl.java:62)
	at sun.reflect.DelegatingMethodAccessorImpl.invoke(DelegatingMethodAccessorImpl.java:43)
	at java.lang.reflect.Method.invoke(Method.java:498)
	at org.apache.hadoop.hdds.tracing.TraceAllMethod.invoke(TraceAllMethod.java:66)
	at com.sun.proxy.$Proxy37.allocateBlock(Unknown Source)
	at org.apache.hadoop.ozone.client.io.BlockOutputStreamEntryPool.allocateNewBlock(BlockOutputStreamEntryPool.java:248)
	at org.apache.hadoop.ozone.client.io.BlockOutputStreamEntryPool.allocateBlockIfNeeded(BlockOutputStreamEntryPool.java:296)
	at org.apache.hadoop.ozone.client.io.KeyOutputStream.handleWrite(KeyOutputStream.java:198)
	at org.apache.hadoop.ozone.client.io.KeyOutputStream.write(KeyOutputStream.java:190)
	at org.apache.hadoop.ozone.client.io.OzoneOutputStream.write(OzoneOutputStream.java:49)
	at org.apache.hadoop.ozone.freon.RandomKeyGenerator.createKey(RandomKeyGenerator.java:708)
	at org.apache.hadoop.ozone.freon.RandomKeyGenerator.access$1100(RandomKeyGenerator.java:88)
	at org.apache.hadoop.ozone.freon.RandomKeyGenerator$ObjectCreator.run(RandomKeyGenerator.java:615)
	at java.util.concurrent.Executors$RunnableAdapter.call(Executors.java:511)
	at java.util.concurrent.FutureTask.run(FutureTask.java:266)
	at java.util.concurrent.ThreadPoolExecutor.runWorker(ThreadPoolExecutor.java:1149)
	at java.util.concurrent.ThreadPoolExecutor$Worker.run(ThreadPoolExecutor.java:624)
	at java.lang.Thread.run(Thread.java:748)
</error>
    <system-out><![CDATA[2019-09-25 19:53:02,285 [main] INFO  freon.RandomKeyGenerator (RandomKeyGenerator.java:call(283)) - Number of Threads: 1
2019-09-25 19:53:02,286 [main] INFO  freon.RandomKeyGenerator (RandomKeyGenerator.java:call(288)) - Number of Volumes: 1.
2019-09-25 19:53:02,286 [main] INFO  freon.RandomKeyGenerator (RandomKeyGenerator.java:call(289)) - Number of Buckets per Volume: 1.
2019-09-25 19:53:02,286 [main] INFO  freon.RandomKeyGenerator (RandomKeyGenerator.java:call(290)) - Number of Keys per Bucket: 1.
2019-09-25 19:53:02,286 [main] INFO  freon.RandomKeyGenerator (RandomKeyGenerator.java:call(291)) - Key size: 2147483657 bytes
2019-09-25 19:53:02,287 [main] INFO  freon.RandomKeyGenerator (RandomKeyGenerator.java:call(292)) - Buffer size: 4096 bytes
2019-09-25 19:53:02,287 [main] INFO  freon.RandomKeyGenerator (RandomKeyGenerator.java:call(293)) - validateWrites : true
2019-09-25 19:53:02,289 [main] INFO  freon.RandomKeyGenerator (RandomKeyGenerator.java:call(307)) - Data validation is enabled.
2019-09-25 19:53:02,289 [main] INFO  freon.RandomKeyGenerator (RandomKeyGenerator.java:call(313)) - Starting progress bar Thread.

2019-09-25 19:53:02,290 [pool-277-thread-1] INFO  rpc.RpcClient (RpcClient.java:createVolume(276)) - Creating Volume: vol-0-43260, with jenkins1000 as owner.
 0.00% |█                                                                                                    |  0/1 Time: 0:00:002019-09-25 19:53:02,298 [IPC Server handler 8 on 41159] INFO  volume.OMVolumeCreateRequest (OMVolumeCreateRequest.java:validateAndUpdateCache(194)) - created volume:vol-0-43260 for user:jenkins1000
2019-09-25 19:53:02,304 [pool-277-thread-1] INFO  rpc.RpcClient (RpcClient.java:createBucket(415)) - Creating Bucket: vol-0-43260/bucket-0-23117, with Versioning false and Storage Type set to DISK and Encryption set to false 
 0.00% |█                                                                                                    |  0/1 Time: 0:00:01 0.00% |█                                                                                                    |  0/1 Time: 0:00:02 0.00% |█                                                                                                    |  0/1 Time: 0:00:03 0.00% |█                                                                                                    |  0/1 Time: 0:00:04 0.00% |█                                                                                                    |  0/1 Time: 0:00:05 0.00% |█                                                                                                    |  0/1 Time: 0:00:06 0.00% |█                                                                                                    |  0/1 Time: 0:00:07 0.00% |█                                                                                                    |  0/1 Time: 0:00:08 0.00% |█                                                                                                    |  0/1 Time: 0:00:09 0.00% |█                                                                                                    |  0/1 Time: 0:00:10 0.00% |█                                                                                                    |  0/1 Time: 0:00:11 0.00% |█                                                                                                    |  0/1 Time: 0:00:12 0.00% |█                                                                                                    |  0/1 Time: 0:00:13 0.00% |█                                                                                                    |  0/1 Time: 0:00:14 0.00% |█                                                                                                    |  0/1 Time: 0:00:15 0.00% |█                                                                                                    |  0/1 Time: 0:00:16 0.00% |█                                                                                                    |  0/1 Time: 0:00:17 0.00% |█                                                                                                    |  0/1 Time: 0:00:18 0.00% |█                                                                                                    |  0/1 Time: 0:00:19 0.00% |█                                                                                                    |  0/1 Time: 0:00:20 0.00% |█                                                                                                    |  0/1 Time: 0:00:21 0.00% |█                                                                                                    |  0/1 Time: 0:00:22 0.00% |█                                                                                                    |  0/1 Time: 0:00:23 0.00% |█                                                                                                    |  0/1 Time: 0:00:24 0.00% |█                                                                                                    |  0/1 Time: 0:00:25 0.00% |█                                                                                                    |  0/1 Time: 0:00:26 0.00% |█                                                                                                    |  0/1 Time: 0:00:27 0.00% |█                                                                                                    |  0/1 Time: 0:00:28 0.00% |█                                                                                                    |  0/1 Time: 0:00:29 0.00% |█                                                                                                    |  0/1 Time: 0:00:30 0.00% |█                                                                                                    |  0/1 Time: 0:00:31 0.00% |█                                                                                                    |  0/1 Time: 0:00:32 0.00% |█                                                                                                    |  0/1 Time: 0:00:33 0.00% |█                                                                                                    |  0/1 Time: 0:00:342019-09-25 19:53:37,094 [java.util.concurrent.ThreadPoolExecutor$Worker@41c7fc32[State = -1, empty queue]] WARN  server.GrpcLogAppender (GrpcLogAppender.java:timeoutAppendRequest(200)) - 9fa3cfc6-f64e-4b08-bae1-f5e1c71227db@group-374B680C540A->0874ac74-a522-45ec-a23a-074b79aa09bf-GrpcLogAppender: appendEntries Timeout, request=9fa3cfc6-f64e-4b08-bae1-f5e1c71227db->0874ac74-a522-45ec-a23a-074b79aa09bf#1213-t3, previous=(t:3, i:1171), leaderCommit=1171, initializing? false, entries: size=1, first=(t:3, i:1172), METADATAENTRY(c1170)
2019-09-25 19:53:37,094 [java.util.concurrent.ThreadPoolExecutor$Worker@6b0d1944[State = -1, empty queue]] WARN  server.GrpcLogAppender (GrpcLogAppender.java:timeoutAppendRequest(200)) - 9fa3cfc6-f64e-4b08-bae1-f5e1c71227db@group-374B680C540A->bdc1229c-9b54-4d7c-bdb7-d9d8fc4af94a-GrpcLogAppender: appendEntries Timeout, request=9fa3cfc6-f64e-4b08-bae1-f5e1c71227db->bdc1229c-9b54-4d7c-bdb7-d9d8fc4af94a#1213-t3, previous=(t:3, i:1171), leaderCommit=1171, initializing? false, entries: size=1, first=(t:3, i:1172), METADATAENTRY(c1170)
2019-09-25 19:53:37,095 [java.util.concurrent.ThreadPoolExecutor$Worker@41c7fc32[State = -1, empty queue]] WARN  server.GrpcLogAppender (GrpcLogAppender.java:timeoutAppendRequest(200)) - 9fa3cfc6-f64e-4b08-bae1-f5e1c71227db@group-374B680C540A->0874ac74-a522-45ec-a23a-074b79aa09bf-GrpcLogAppender: appendEntries Timeout, request=9fa3cfc6-f64e-4b08-bae1-f5e1c71227db->0874ac74-a522-45ec-a23a-074b79aa09bf#1214-t3, previous=(t:3, i:1172), leaderCommit=1171, initializing? false, entries: size=1, first=(t:3, i:1173), METADATAENTRY(c1171)
2019-09-25 19:53:37,095 [java.util.concurrent.ThreadPoolExecutor$Worker@6b0d1944[State = -1, empty queue]] WARN  server.GrpcLogAppender (GrpcLogAppender.java:timeoutAppendRequest(200)) - 9fa3cfc6-f64e-4b08-bae1-f5e1c71227db@group-374B680C540A->bdc1229c-9b54-4d7c-bdb7-d9d8fc4af94a-GrpcLogAppender: appendEntries Timeout, request=9fa3cfc6-f64e-4b08-bae1-f5e1c71227db->bdc1229c-9b54-4d7c-bdb7-d9d8fc4af94a#1214-t3, previous=(t:3, i:1172), leaderCommit=1171, initializing? false, entries: size=1, first=(t:3, i:1173), METADATAENTRY(c1171)
2019-09-25 19:53:37,104 [java.util.concurrent.ThreadPoolExecutor$Worker@6b0d1944[State = -1, empty queue]] WARN  server.GrpcLogAppender (GrpcLogAppender.java:timeoutAppendRequest(200)) - 9fa3cfc6-f64e-4b08-bae1-f5e1c71227db@group-374B680C540A->bdc1229c-9b54-4d7c-bdb7-d9d8fc4af94a-GrpcLogAppender: appendEntries Timeout, request=9fa3cfc6-f64e-4b08-bae1-f5e1c71227db->bdc1229c-9b54-4d7c-bdb7-d9d8fc4af94a#1215-t3, previous=(t:3, i:1173), leaderCommit=1171, initializing? false, entries: size=1, first=(t:3, i:1174), STATEMACHINELOGENTRY, client-F6BF68B42054, cid=929
2019-09-25 19:53:37,104 [java.util.concurrent.ThreadPoolExecutor$Worker@41c7fc32[State = -1, empty queue]] WARN  server.GrpcLogAppender (GrpcLogAppender.java:timeoutAppendRequest(200)) - 9fa3cfc6-f64e-4b08-bae1-f5e1c71227db@group-374B680C540A->0874ac74-a522-45ec-a23a-074b79aa09bf-GrpcLogAppender: appendEntries Timeout, request=9fa3cfc6-f64e-4b08-bae1-f5e1c71227db->0874ac74-a522-45ec-a23a-074b79aa09bf#1215-t3, previous=(t:3, i:1173), leaderCommit=1171, initializing? false, entries: size=1, first=(t:3, i:1174), STATEMACHINELOGENTRY, client-F6BF68B42054, cid=929
2019-09-25 19:53:37,104 [java.util.concurrent.ThreadPoolExecutor$Worker@6b0d1944[State = -1, empty queue]] WARN  server.GrpcLogAppender (GrpcLogAppender.java:timeoutAppendRequest(200)) - 9fa3cfc6-f64e-4b08-bae1-f5e1c71227db@group-374B680C540A->bdc1229c-9b54-4d7c-bdb7-d9d8fc4af94a-GrpcLogAppender: appendEntries Timeout, request=9fa3cfc6-f64e-4b08-bae1-f5e1c71227db->bdc1229c-9b54-4d7c-bdb7-d9d8fc4af94a#1216-t3, previous=(t:3, i:1174), leaderCommit=1171, initializing? false, entries: size=1, first=(t:3, i:1175), STATEMACHINELOGENTRY, client-F6BF68B42054, cid=930
2019-09-25 19:53:37,105 [java.util.concurrent.ThreadPoolExecutor$Worker@41c7fc32[State = -1, empty queue]] WARN  server.GrpcLogAppender (GrpcLogAppender.java:timeoutAppendRequest(200)) - 9fa3cfc6-f64e-4b08-bae1-f5e1c71227db@group-374B680C540A->0874ac74-a522-45ec-a23a-074b79aa09bf-GrpcLogAppender: appendEntries Timeout, request=9fa3cfc6-f64e-4b08-bae1-f5e1c71227db->0874ac74-a522-45ec-a23a-074b79aa09bf#1216-t3, previous=(t:3, i:1174), leaderCommit=1171, initializing? false, entries: size=1, first=(t:3, i:1175), STATEMACHINELOGENTRY, client-F6BF68B42054, cid=930
 0.00% |█                                                                                                    |  0/1 Time: 0:00:35 0.00% |█                                                                                                    |  0/1 Time: 0:00:36 0.00% |█                                                                                                    |  0/1 Time: 0:00:372019-09-25 19:53:39,323 [grpc-default-executor-7] WARN  server.GrpcLogAppender (GrpcLogAppender.java:onNextImpl(251)) - 9fa3cfc6-f64e-4b08-bae1-f5e1c71227db@group-374B680C540A->0874ac74-a522-45ec-a23a-074b79aa09bf-AppendLogResponseHandler: Request not found, ignoring reply: 9fa3cfc6-f64e-4b08-bae1-f5e1c71227db<-0874ac74-a522-45ec-a23a-074b79aa09bf#1213:OK,SUCCESS,nextIndex:1173,term:3,followerCommit:1171
2019-09-25 19:53:39,323 [grpc-default-executor-5] WARN  server.GrpcLogAppender (GrpcLogAppender.java:onNextImpl(251)) - 9fa3cfc6-f64e-4b08-bae1-f5e1c71227db@group-374B680C540A->bdc1229c-9b54-4d7c-bdb7-d9d8fc4af94a-AppendLogResponseHandler: Request not found, ignoring reply: 9fa3cfc6-f64e-4b08-bae1-f5e1c71227db<-bdc1229c-9b54-4d7c-bdb7-d9d8fc4af94a#1213:OK,SUCCESS,nextIndex:1173,term:3,followerCommit:1171
2019-09-25 19:53:39,605 [java.util.concurrent.ThreadPoolExecutor$Worker@41c7fc32[State = -1, empty queue]] WARN  server.GrpcLogAppender (GrpcLogAppender.java:timeoutAppendRequest(200)) - 9fa3cfc6-f64e-4b08-bae1-f5e1c71227db@group-374B680C540A->0874ac74-a522-45ec-a23a-074b79aa09bf-GrpcLogAppender: appendEntries Timeout, request=9fa3cfc6-f64e-4b08-bae1-f5e1c71227db->0874ac74-a522-45ec-a23a-074b79aa09bf#1217-t3, previous=(t:3, i:1175), leaderCommit=1171, initializing? false, entries: <empty>
2019-09-25 19:53:39,605 [java.util.concurrent.ThreadPoolExecutor$Worker@6b0d1944[State = -1, empty queue]] WARN  server.GrpcLogAppender (GrpcLogAppender.java:timeoutAppendRequest(200)) - 9fa3cfc6-f64e-4b08-bae1-f5e1c71227db@group-374B680C540A->bdc1229c-9b54-4d7c-bdb7-d9d8fc4af94a-GrpcLogAppender: appendEntries Timeout, request=9fa3cfc6-f64e-4b08-bae1-f5e1c71227db->bdc1229c-9b54-4d7c-bdb7-d9d8fc4af94a#1217-t3, previous=(t:3, i:1175), leaderCommit=1171, initializing? false, entries: <empty>
 0.00% |█                                                                                                    |  0/1 Time: 0:00:38 0.00% |█                                                                                                    |  0/1 Time: 0:00:392019-09-25 19:53:42,106 [java.util.concurrent.ThreadPoolExecutor$Worker@6b0d1944[State = -1, empty queue]] WARN  server.GrpcLogAppender (GrpcLogAppender.java:timeoutAppendRequest(200)) - 9fa3cfc6-f64e-4b08-bae1-f5e1c71227db@group-374B680C540A->bdc1229c-9b54-4d7c-bdb7-d9d8fc4af94a-GrpcLogAppender: appendEntries Timeout, request=9fa3cfc6-f64e-4b08-bae1-f5e1c71227db->bdc1229c-9b54-4d7c-bdb7-d9d8fc4af94a#1218-t3, previous=(t:3, i:1175), leaderCommit=1171, initializing? false, entries: <empty>
2019-09-25 19:53:42,106 [java.util.concurrent.ThreadPoolExecutor$Worker@41c7fc32[State = -1, empty queue]] WARN  server.GrpcLogAppender (GrpcLogAppender.java:timeoutAppendRequest(200)) - 9fa3cfc6-f64e-4b08-bae1-f5e1c71227db@group-374B680C540A->0874ac74-a522-45ec-a23a-074b79aa09bf-GrpcLogAppender: appendEntries Timeout, request=9fa3cfc6-f64e-4b08-bae1-f5e1c71227db->0874ac74-a522-45ec-a23a-074b79aa09bf#1218-t3, previous=(t:3, i:1175), leaderCommit=1171, initializing? false, entries: <empty>
 0.00% |█                                                                                                    |  0/1 Time: 0:00:40 0.00% |█                                                                                                    |  0/1 Time: 0:00:41 0.00% |█                                                                                                    |  0/1 Time: 0:00:422019-09-25 19:53:44,484 [grpc-default-executor-7] WARN  server.GrpcLogAppender (GrpcLogAppender.java:onNextImpl(251)) - 9fa3cfc6-f64e-4b08-bae1-f5e1c71227db@group-374B680C540A->0874ac74-a522-45ec-a23a-074b79aa09bf-AppendLogResponseHandler: Request not found, ignoring reply: 9fa3cfc6-f64e-4b08-bae1-f5e1c71227db<-0874ac74-a522-45ec-a23a-074b79aa09bf#1214:OK,SUCCESS,nextIndex:1174,term:3,followerCommit:1171
2019-09-25 19:53:44,485 [grpc-default-executor-5] WARN  server.GrpcLogAppender (GrpcLogAppender.java:onNextImpl(251)) - 9fa3cfc6-f64e-4b08-bae1-f5e1c71227db@group-374B680C540A->bdc1229c-9b54-4d7c-bdb7-d9d8fc4af94a-AppendLogResponseHandler: Request not found, ignoring reply: 9fa3cfc6-f64e-4b08-bae1-f5e1c71227db<-bdc1229c-9b54-4d7c-bdb7-d9d8fc4af94a#1214:OK,SUCCESS,nextIndex:1174,term:3,followerCommit:1171
2019-09-25 19:53:44,485 [grpc-default-executor-7] WARN  server.GrpcLogAppender (GrpcLogAppender.java:onNextImpl(251)) - 9fa3cfc6-f64e-4b08-bae1-f5e1c71227db@group-374B680C540A->0874ac74-a522-45ec-a23a-074b79aa09bf-AppendLogResponseHandler: Request not found, ignoring reply: 9fa3cfc6-f64e-4b08-bae1-f5e1c71227db<-0874ac74-a522-45ec-a23a-074b79aa09bf#1215:OK,SUCCESS,nextIndex:1175,term:3,followerCommit:1171
2019-09-25 19:53:44,485 [grpc-default-executor-5] WARN  server.GrpcLogAppender (GrpcLogAppender.java:onNextImpl(251)) - 9fa3cfc6-f64e-4b08-bae1-f5e1c71227db@group-374B680C540A->bdc1229c-9b54-4d7c-bdb7-d9d8fc4af94a-AppendLogResponseHandler: Request not found, ignoring reply: 9fa3cfc6-f64e-4b08-bae1-f5e1c71227db<-bdc1229c-9b54-4d7c-bdb7-d9d8fc4af94a#1215:OK,SUCCESS,nextIndex:1175,term:3,followerCommit:1171
2019-09-25 19:53:44,485 [grpc-default-executor-7] WARN  server.GrpcLogAppender (GrpcLogAppender.java:onNextImpl(251)) - 9fa3cfc6-f64e-4b08-bae1-f5e1c71227db@group-374B680C540A->0874ac74-a522-45ec-a23a-074b79aa09bf-AppendLogResponseHandler: Request not found, ignoring reply: 9fa3cfc6-f64e-4b08-bae1-f5e1c71227db<-0874ac74-a522-45ec-a23a-074b79aa09bf#1216:OK,SUCCESS,nextIndex:1176,term:3,followerCommit:1171
2019-09-25 19:53:44,485 [grpc-default-executor-5] WARN  server.GrpcLogAppender (GrpcLogAppender.java:onNextImpl(251)) - 9fa3cfc6-f64e-4b08-bae1-f5e1c71227db@group-374B680C540A->bdc1229c-9b54-4d7c-bdb7-d9d8fc4af94a-AppendLogResponseHandler: Request not found, ignoring reply: 9fa3cfc6-f64e-4b08-bae1-f5e1c71227db<-bdc1229c-9b54-4d7c-bdb7-d9d8fc4af94a#1216:OK,SUCCESS,nextIndex:1176,term:3,followerCommit:1171
2019-09-25 19:53:44,485 [grpc-default-executor-7] WARN  server.GrpcLogAppender (GrpcLogAppender.java:onNextImpl(251)) - 9fa3cfc6-f64e-4b08-bae1-f5e1c71227db@group-374B680C540A->0874ac74-a522-45ec-a23a-074b79aa09bf-AppendLogResponseHandler: Request not found, ignoring reply: 9fa3cfc6-f64e-4b08-bae1-f5e1c71227db<-0874ac74-a522-45ec-a23a-074b79aa09bf#1217:OK,SUCCESS,nextIndex:1176,term:3,followerCommit:1171
2019-09-25 19:53:44,485 [grpc-default-executor-5] WARN  server.GrpcLogAppender (GrpcLogAppender.java:onNextImpl(251)) - 9fa3cfc6-f64e-4b08-bae1-f5e1c71227db@group-374B680C540A->bdc1229c-9b54-4d7c-bdb7-d9d8fc4af94a-AppendLogResponseHandler: Request not found, ignoring reply: 9fa3cfc6-f64e-4b08-bae1-f5e1c71227db<-bdc1229c-9b54-4d7c-bdb7-d9d8fc4af94a#1217:OK,SUCCESS,nextIndex:1176,term:3,followerCommit:1171
2019-09-25 19:53:44,486 [grpc-default-executor-7] WARN  server.GrpcLogAppender (GrpcLogAppender.java:onNextImpl(251)) - 9fa3cfc6-f64e-4b08-bae1-f5e1c71227db@group-374B680C540A->0874ac74-a522-45ec-a23a-074b79aa09bf-AppendLogResponseHandler: Request not found, ignoring reply: 9fa3cfc6-f64e-4b08-bae1-f5e1c71227db<-0874ac74-a522-45ec-a23a-074b79aa09bf#1218:OK,SUCCESS,nextIndex:1176,term:3,followerCommit:1171
2019-09-25 19:53:44,486 [grpc-default-executor-5] WARN  server.GrpcLogAppender (GrpcLogAppender.java:onNextImpl(251)) - 9fa3cfc6-f64e-4b08-bae1-f5e1c71227db@group-374B680C540A->bdc1229c-9b54-4d7c-bdb7-d9d8fc4af94a-AppendLogResponseHandler: Request not found, ignoring reply: 9fa3cfc6-f64e-4b08-bae1-f5e1c71227db<-bdc1229c-9b54-4d7c-bdb7-d9d8fc4af94a#1218:OK,SUCCESS,nextIndex:1176,term:3,followerCommit:1171
 0.00% |█                                                                                                    |  0/1 Time: 0:00:43 0.00% |█                                                                                                    |  0/1 Time: 0:00:44 0.00% |█                                                                                                    |  0/1 Time: 0:00:452019-09-25 19:53:47,486 [java.util.concurrent.ThreadPoolExecutor$Worker@41c7fc32[State = -1, empty queue]] WARN  server.GrpcLogAppender (GrpcLogAppender.java:timeoutAppendRequest(200)) - 9fa3cfc6-f64e-4b08-bae1-f5e1c71227db@group-374B680C540A->0874ac74-a522-45ec-a23a-074b79aa09bf-GrpcLogAppender: appendEntries Timeout, request=9fa3cfc6-f64e-4b08-bae1-f5e1c71227db->0874ac74-a522-45ec-a23a-074b79aa09bf#1221-t3, previous=(t:3, i:1175), leaderCommit=1175, initializing? false, entries: size=1, first=(t:3, i:1176), METADATAENTRY(c1175)
2019-09-25 19:53:47,486 [java.util.concurrent.ThreadPoolExecutor$Worker@6b0d1944[State = -1, empty queue]] WARN  server.GrpcLogAppender (GrpcLogAppender.java:timeoutAppendRequest(200)) - 9fa3cfc6-f64e-4b08-bae1-f5e1c71227db@group-374B680C540A->bdc1229c-9b54-4d7c-bdb7-d9d8fc4af94a-GrpcLogAppender: appendEntries Timeout, request=9fa3cfc6-f64e-4b08-bae1-f5e1c71227db->bdc1229c-9b54-4d7c-bdb7-d9d8fc4af94a#1221-t3, previous=(t:3, i:1175), leaderCommit=1175, initializing? false, entries: size=1, first=(t:3, i:1176), METADATAENTRY(c1175)
 0.00% |█                                                                                                    |  0/1 Time: 0:00:46 0.00% |█                                                                                                    |  0/1 Time: 0:00:472019-09-25 19:53:49,502 [pool-277-thread-1] WARN  scm.XceiverClientRatis (XceiverClientRatis.java:watchForCommit(292)) - 3 way commit failed on pipeline Pipeline[ Id: 1643adf8-58cb-48db-8454-374b680c540a, Nodes: 0874ac74-a522-45ec-a23a-074b79aa09bf{ip: 192.168.164.231, host: pr-hdds-2174-f48n4-3529231201, networkLocation: /default-rack, certSerialId: null}9fa3cfc6-f64e-4b08-bae1-f5e1c71227db{ip: 192.168.164.231, host: pr-hdds-2174-f48n4-3529231201, networkLocation: /default-rack, certSerialId: null}bdc1229c-9b54-4d7c-bdb7-d9d8fc4af94a{ip: 192.168.164.231, host: pr-hdds-2174-f48n4-3529231201, networkLocation: /default-rack, certSerialId: null}, Type:RATIS, Factor:THREE, State:OPEN]
java.util.concurrent.TimeoutException
	at java.util.concurrent.CompletableFuture.timedGet(CompletableFuture.java:1771)
	at java.util.concurrent.CompletableFuture.get(CompletableFuture.java:1915)
	at org.apache.hadoop.hdds.scm.XceiverClientRatis.watchForCommit(XceiverClientRatis.java:289)
	at org.apache.hadoop.hdds.scm.storage.CommitWatcher.watchForCommit(CommitWatcher.java:194)
	at org.apache.hadoop.hdds.scm.storage.CommitWatcher.watchOnLastIndex(CommitWatcher.java:157)
	at org.apache.hadoop.hdds.scm.storage.BlockOutputStream.watchForCommit(BlockOutputStream.java:347)
	at org.apache.hadoop.hdds.scm.storage.BlockOutputStream.handleFlush(BlockOutputStream.java:479)
	at org.apache.hadoop.hdds.scm.storage.BlockOutputStream.close(BlockOutputStream.java:493)
	at org.apache.hadoop.ozone.client.io.BlockOutputStreamEntry.close(BlockOutputStreamEntry.java:143)
	at org.apache.hadoop.ozone.client.io.KeyOutputStream.handleFlushOrClose(KeyOutputStream.java:439)
	at org.apache.hadoop.ozone.client.io.KeyOutputStream.handleWrite(KeyOutputStream.java:232)
	at org.apache.hadoop.ozone.client.io.KeyOutputStream.write(KeyOutputStream.java:190)
	at org.apache.hadoop.ozone.client.io.OzoneOutputStream.write(OzoneOutputStream.java:49)
	at org.apache.hadoop.ozone.freon.RandomKeyGenerator.createKey(RandomKeyGenerator.java:708)
	at org.apache.hadoop.ozone.freon.RandomKeyGenerator.access$1100(RandomKeyGenerator.java:88)
	at org.apache.hadoop.ozone.freon.RandomKeyGenerator$ObjectCreator.run(RandomKeyGenerator.java:615)
	at java.util.concurrent.Executors$RunnableAdapter.call(Executors.java:511)
	at java.util.concurrent.FutureTask.run(FutureTask.java:266)
	at java.util.concurrent.ThreadPoolExecutor.runWorker(ThreadPoolExecutor.java:1149)
	at java.util.concurrent.ThreadPoolExecutor$Worker.run(ThreadPoolExecutor.java:624)
	at java.lang.Thread.run(Thread.java:748)
2019-09-25 19:53:49,655 [grpc-default-executor-5] WARN  server.GrpcLogAppender (GrpcLogAppender.java:onNextImpl(251)) - 9fa3cfc6-f64e-4b08-bae1-f5e1c71227db@group-374B680C540A->bdc1229c-9b54-4d7c-bdb7-d9d8fc4af94a-AppendLogResponseHandler: Request not found, ignoring reply: 9fa3cfc6-f64e-4b08-bae1-f5e1c71227db<-bdc1229c-9b54-4d7c-bdb7-d9d8fc4af94a#1221:OK,SUCCESS,nextIndex:1177,term:3,followerCommit:1175
2019-09-25 19:53:49,657 [grpc-default-executor-5] WARN  server.GrpcLogAppender (GrpcLogAppender.java:onNextImpl(251)) - 9fa3cfc6-f64e-4b08-bae1-f5e1c71227db@group-374B680C540A->0874ac74-a522-45ec-a23a-074b79aa09bf-AppendLogResponseHandler: Request not found, ignoring reply: 9fa3cfc6-f64e-4b08-bae1-f5e1c71227db<-0874ac74-a522-45ec-a23a-074b79aa09bf#1221:OK,SUCCESS,nextIndex:1177,term:3,followerCommit:1175
2019-09-25 19:53:49,659 [pool-277-thread-1] INFO  scm.XceiverClientRatis (XceiverClientRatis.java:lambda$watchForCommit$7(310)) - Could not commit index 1175 on pipeline Pipeline[ Id: 1643adf8-58cb-48db-8454-374b680c540a, Nodes: 0874ac74-a522-45ec-a23a-074b79aa09bf{ip: 192.168.164.231, host: pr-hdds-2174-f48n4-3529231201, networkLocation: /default-rack, certSerialId: null}9fa3cfc6-f64e-4b08-bae1-f5e1c71227db{ip: 192.168.164.231, host: pr-hdds-2174-f48n4-3529231201, networkLocation: /default-rack, certSerialId: null}bdc1229c-9b54-4d7c-bdb7-d9d8fc4af94a{ip: 192.168.164.231, host: pr-hdds-2174-f48n4-3529231201, networkLocation: /default-rack, certSerialId: null}, Type:RATIS, Factor:THREE, State:OPEN] to all the nodes. Server 0874ac74-a522-45ec-a23a-074b79aa09bf has failed. Committed by majority.
2019-09-25 19:53:49,660 [pool-277-thread-1] WARN  storage.BlockOutputStream (BlockOutputStream.java:watchForCommit(353)) - Failed to commit BlockId conID: 3 locID: 102854897324327346 bcsId: 1175 on Pipeline[ Id: 1643adf8-58cb-48db-8454-374b680c540a, Nodes: 0874ac74-a522-45ec-a23a-074b79aa09bf{ip: 192.168.164.231, host: pr-hdds-2174-f48n4-3529231201, networkLocation: /default-rack, certSerialId: null}9fa3cfc6-f64e-4b08-bae1-f5e1c71227db{ip: 192.168.164.231, host: pr-hdds-2174-f48n4-3529231201, networkLocation: /default-rack, certSerialId: null}bdc1229c-9b54-4d7c-bdb7-d9d8fc4af94a{ip: 192.168.164.231, host: pr-hdds-2174-f48n4-3529231201, networkLocation: /default-rack, certSerialId: null}, Type:RATIS, Factor:THREE, State:OPEN]. Failed nodes: [0874ac74-a522-45ec-a23a-074b79aa09bf{ip: null, host: null, networkLocation: /default-rack, certSerialId: null}]
 0.00% |█                                                                                                    |  0/1 Time: 0:00:48 0.00% |█                                                                                                    |  0/1 Time: 0:00:49 0.00% |█                                                                                                    |  0/1 Time: 0:00:502019-09-25 19:53:52,720 [java.util.concurrent.ThreadPoolExecutor$Worker@6b0d1944[State = -1, empty queue]] WARN  server.GrpcLogAppender (GrpcLogAppender.java:timeoutAppendRequest(200)) - 9fa3cfc6-f64e-4b08-bae1-f5e1c71227db@group-374B680C540A->bdc1229c-9b54-4d7c-bdb7-d9d8fc4af94a-GrpcLogAppender: appendEntries Timeout, request=9fa3cfc6-f64e-4b08-bae1-f5e1c71227db->bdc1229c-9b54-4d7c-bdb7-d9d8fc4af94a#1224-t3, previous=(t:3, i:1176), leaderCommit=1176, initializing? false, entries: size=1, first=(t:3, i:1177), STATEMACHINELOGENTRY, client-C4384CB9187B, cid=933
2019-09-25 19:53:52,720 [java.util.concurrent.ThreadPoolExecutor$Worker@41c7fc32[State = -1, empty queue]] WARN  server.GrpcLogAppender (GrpcLogAppender.java:timeoutAppendRequest(200)) - 9fa3cfc6-f64e-4b08-bae1-f5e1c71227db@group-374B680C540A->0874ac74-a522-45ec-a23a-074b79aa09bf-GrpcLogAppender: appendEntries Timeout, request=9fa3cfc6-f64e-4b08-bae1-f5e1c71227db->0874ac74-a522-45ec-a23a-074b79aa09bf#1224-t3, previous=(t:3, i:1176), leaderCommit=1176, initializing? false, entries: size=1, first=(t:3, i:1177), STATEMACHINELOGENTRY, client-C4384CB9187B, cid=933
 0.00% |█                                                                                                    |  0/1 Time: 0:00:51 0.00% |█                                                                                                    |  0/1 Time: 0:00:522019-09-25 19:53:54,887 [grpc-default-executor-2] WARN  server.GrpcLogAppender (GrpcLogAppender.java:onNextImpl(251)) - 9fa3cfc6-f64e-4b08-bae1-f5e1c71227db@group-374B680C540A->bdc1229c-9b54-4d7c-bdb7-d9d8fc4af94a-AppendLogResponseHandler: Request not found, ignoring reply: 9fa3cfc6-f64e-4b08-bae1-f5e1c71227db<-bdc1229c-9b54-4d7c-bdb7-d9d8fc4af94a#1224:OK,SUCCESS,nextIndex:1178,term:3,followerCommit:1176
2019-09-25 19:53:54,888 [grpc-default-executor-2] WARN  server.GrpcLogAppender (GrpcLogAppender.java:onNextImpl(251)) - 9fa3cfc6-f64e-4b08-bae1-f5e1c71227db@group-374B680C540A->0874ac74-a522-45ec-a23a-074b79aa09bf-AppendLogResponseHandler: Request not found, ignoring reply: 9fa3cfc6-f64e-4b08-bae1-f5e1c71227db<-0874ac74-a522-45ec-a23a-074b79aa09bf#1224:OK,SUCCESS,nextIndex:1178,term:3,followerCommit:1176
 0.00% |█                                                                                                    |  0/1 Time: 0:00:53 0.00% |█                                                                                                    |  0/1 Time: 0:00:54 0.00% |█                                                                                                    |  0/1 Time: 0:00:552019-09-25 19:53:57,890 [java.util.concurrent.ThreadPoolExecutor$Worker@6b0d1944[State = -1, empty queue]] WARN  server.GrpcLogAppender (GrpcLogAppender.java:timeoutAppendRequest(200)) - 9fa3cfc6-f64e-4b08-bae1-f5e1c71227db@group-374B680C540A->bdc1229c-9b54-4d7c-bdb7-d9d8fc4af94a-GrpcLogAppender: appendEntries Timeout, request=9fa3cfc6-f64e-4b08-bae1-f5e1c71227db->bdc1229c-9b54-4d7c-bdb7-d9d8fc4af94a#1227-t3, previous=(t:3, i:1177), leaderCommit=1176, initializing? false, entries: size=1, first=(t:3, i:1178), METADATAENTRY(c1177)
2019-09-25 19:53:57,890 [java.util.concurrent.ThreadPoolExecutor$Worker@41c7fc32[State = -1, empty queue]] WARN  server.GrpcLogAppender (GrpcLogAppender.java:timeoutAppendRequest(200)) - 9fa3cfc6-f64e-4b08-bae1-f5e1c71227db@group-374B680C540A->0874ac74-a522-45ec-a23a-074b79aa09bf-GrpcLogAppender: appendEntries Timeout, request=9fa3cfc6-f64e-4b08-bae1-f5e1c71227db->0874ac74-a522-45ec-a23a-074b79aa09bf#1227-t3, previous=(t:3, i:1177), leaderCommit=1176, initializing? false, entries: size=1, first=(t:3, i:1178), METADATAENTRY(c1177)
2019-09-25 19:53:58,064 [java.util.concurrent.ThreadPoolExecutor$Worker@6b0d1944[State = -1, empty queue]] WARN  server.GrpcLogAppender (GrpcLogAppender.java:timeoutAppendRequest(200)) - 9fa3cfc6-f64e-4b08-bae1-f5e1c71227db@group-374B680C540A->bdc1229c-9b54-4d7c-bdb7-d9d8fc4af94a-GrpcLogAppender: appendEntries Timeout, request=9fa3cfc6-f64e-4b08-bae1-f5e1c71227db->bdc1229c-9b54-4d7c-bdb7-d9d8fc4af94a#1228-t3, previous=(t:3, i:1178), leaderCommit=1177, initializing? false, entries: size=1, first=(t:3, i:1179), STATEMACHINELOGENTRY, client-C4384CB9187B, cid=934
2019-09-25 19:53:58,064 [java.util.concurrent.ThreadPoolExecutor$Worker@41c7fc32[State = -1, empty queue]] WARN  server.GrpcLogAppender (GrpcLogAppender.java:timeoutAppendRequest(200)) - 9fa3cfc6-f64e-4b08-bae1-f5e1c71227db@group-374B680C540A->0874ac74-a522-45ec-a23a-074b79aa09bf-GrpcLogAppender: appendEntries Timeout, request=9fa3cfc6-f64e-4b08-bae1-f5e1c71227db->0874ac74-a522-45ec-a23a-074b79aa09bf#1228-t3, previous=(t:3, i:1178), leaderCommit=1177, initializing? false, entries: size=1, first=(t:3, i:1179), STATEMACHINELOGENTRY, client-C4384CB9187B, cid=934
2019-09-25 19:53:58,069 [java.util.concurrent.ThreadPoolExecutor$Worker@41c7fc32[State = -1, empty queue]] WARN  server.GrpcLogAppender (GrpcLogAppender.java:timeoutAppendRequest(200)) - 9fa3cfc6-f64e-4b08-bae1-f5e1c71227db@group-374B680C540A->0874ac74-a522-45ec-a23a-074b79aa09bf-GrpcLogAppender: appendEntries Timeout, request=9fa3cfc6-f64e-4b08-bae1-f5e1c71227db->0874ac74-a522-45ec-a23a-074b79aa09bf#1229-t3, previous=(t:3, i:1179), leaderCommit=1177, initializing? false, entries: size=1, first=(t:3, i:1180), STATEMACHINELOGENTRY, client-C4384CB9187B, cid=935
2019-09-25 19:53:58,069 [java.util.concurrent.ThreadPoolExecutor$Worker@6b0d1944[State = -1, empty queue]] WARN  server.GrpcLogAppender (GrpcLogAppender.java:timeoutAppendRequest(200)) - 9fa3cfc6-f64e-4b08-bae1-f5e1c71227db@group-374B680C540A->bdc1229c-9b54-4d7c-bdb7-d9d8fc4af94a-GrpcLogAppender: appendEntries Timeout, request=9fa3cfc6-f64e-4b08-bae1-f5e1c71227db->bdc1229c-9b54-4d7c-bdb7-d9d8fc4af94a#1229-t3, previous=(t:3, i:1179), leaderCommit=1177, initializing? false, entries: size=1, first=(t:3, i:1180), STATEMACHINELOGENTRY, client-C4384CB9187B, cid=935
2019-09-25 19:53:58,069 [java.util.concurrent.ThreadPoolExecutor$Worker@41c7fc32[State = -1, empty queue]] WARN  server.GrpcLogAppender (GrpcLogAppender.java:timeoutAppendRequest(200)) - 9fa3cfc6-f64e-4b08-bae1-f5e1c71227db@group-374B680C540A->0874ac74-a522-45ec-a23a-074b79aa09bf-GrpcLogAppender: appendEntries Timeout, request=9fa3cfc6-f64e-4b08-bae1-f5e1c71227db->0874ac74-a522-45ec-a23a-074b79aa09bf#1230-t3, previous=(t:3, i:1180), leaderCommit=1177, initializing? false, entries: size=1, first=(t:3, i:1181), STATEMACHINELOGENTRY, client-C4384CB9187B, cid=936
2019-09-25 19:53:58,069 [java.util.concurrent.ThreadPoolExecutor$Worker@6b0d1944[State = -1, empty queue]] WARN  server.GrpcLogAppender (GrpcLogAppender.java:timeoutAppendRequest(200)) - 9fa3cfc6-f64e-4b08-bae1-f5e1c71227db@group-374B680C540A->bdc1229c-9b54-4d7c-bdb7-d9d8fc4af94a-GrpcLogAppender: appendEntries Timeout, request=9fa3cfc6-f64e-4b08-bae1-f5e1c71227db->bdc1229c-9b54-4d7c-bdb7-d9d8fc4af94a#1230-t3, previous=(t:3, i:1180), leaderCommit=1177, initializing? false, entries: size=1, first=(t:3, i:1181), STATEMACHINELOGENTRY, client-C4384CB9187B, cid=936
 0.00% |█                                                                                                    |  0/1 Time: 0:00:56 0.00% |█                                                                                                    |  0/1 Time: 0:00:572019-09-25 19:54:00,133 [grpc-default-executor-2] WARN  server.GrpcLogAppender (GrpcLogAppender.java:onNextImpl(251)) - 9fa3cfc6-f64e-4b08-bae1-f5e1c71227db@group-374B680C540A->0874ac74-a522-45ec-a23a-074b79aa09bf-AppendLogResponseHandler: Request not found, ignoring reply: 9fa3cfc6-f64e-4b08-bae1-f5e1c71227db<-0874ac74-a522-45ec-a23a-074b79aa09bf#1227:OK,SUCCESS,nextIndex:1179,term:3,followerCommit:1177
2019-09-25 19:54:00,133 [grpc-default-executor-7] WARN  server.GrpcLogAppender (GrpcLogAppender.java:onNextImpl(251)) - 9fa3cfc6-f64e-4b08-bae1-f5e1c71227db@group-374B680C540A->bdc1229c-9b54-4d7c-bdb7-d9d8fc4af94a-AppendLogResponseHandler: Request not found, ignoring reply: 9fa3cfc6-f64e-4b08-bae1-f5e1c71227db<-bdc1229c-9b54-4d7c-bdb7-d9d8fc4af94a#1227:OK,SUCCESS,nextIndex:1179,term:3,followerCommit:1177
 0.00% |█                                                                                                    |  0/1 Time: 0:00:582019-09-25 19:54:00,570 [java.util.concurrent.ThreadPoolExecutor$Worker@6b0d1944[State = -1, empty queue]] WARN  server.GrpcLogAppender (GrpcLogAppender.java:timeoutAppendRequest(200)) - 9fa3cfc6-f64e-4b08-bae1-f5e1c71227db@group-374B680C540A->bdc1229c-9b54-4d7c-bdb7-d9d8fc4af94a-GrpcLogAppender: appendEntries Timeout, request=9fa3cfc6-f64e-4b08-bae1-f5e1c71227db->bdc1229c-9b54-4d7c-bdb7-d9d8fc4af94a#1231-t3, previous=(t:3, i:1181), leaderCommit=1177, initializing? false, entries: <empty>
2019-09-25 19:54:00,570 [java.util.concurrent.ThreadPoolExecutor$Worker@41c7fc32[State = -1, empty queue]] WARN  server.GrpcLogAppender (GrpcLogAppender.java:timeoutAppendRequest(200)) - 9fa3cfc6-f64e-4b08-bae1-f5e1c71227db@group-374B680C540A->0874ac74-a522-45ec-a23a-074b79aa09bf-GrpcLogAppender: appendEntries Timeout, request=9fa3cfc6-f64e-4b08-bae1-f5e1c71227db->0874ac74-a522-45ec-a23a-074b79aa09bf#1231-t3, previous=(t:3, i:1181), leaderCommit=1177, initializing? false, entries: <empty>
 0.00% |█                                                                                                    |  0/1 Time: 0:00:592019-09-25 19:54:01,397 [grpc-default-executor-7] WARN  server.GrpcLogAppender (GrpcLogAppender.java:onNextImpl(251)) - 9fa3cfc6-f64e-4b08-bae1-f5e1c71227db@group-374B680C540A->0874ac74-a522-45ec-a23a-074b79aa09bf-AppendLogResponseHandler: Request not found, ignoring reply: 9fa3cfc6-f64e-4b08-bae1-f5e1c71227db<-0874ac74-a522-45ec-a23a-074b79aa09bf#1228:OK,SUCCESS,nextIndex:1180,term:3,followerCommit:1177
2019-09-25 19:54:01,398 [grpc-default-executor-7] WARN  server.GrpcLogAppender (GrpcLogAppender.java:onNextImpl(251)) - 9fa3cfc6-f64e-4b08-bae1-f5e1c71227db@group-374B680C540A->0874ac74-a522-45ec-a23a-074b79aa09bf-AppendLogResponseHandler: Request not found, ignoring reply: 9fa3cfc6-f64e-4b08-bae1-f5e1c71227db<-0874ac74-a522-45ec-a23a-074b79aa09bf#1229:OK,SUCCESS,nextIndex:1181,term:3,followerCommit:1177
2019-09-25 19:54:01,398 [grpc-default-executor-7] WARN  server.GrpcLogAppender (GrpcLogAppender.java:onNextImpl(251)) - 9fa3cfc6-f64e-4b08-bae1-f5e1c71227db@group-374B680C540A->0874ac74-a522-45ec-a23a-074b79aa09bf-AppendLogResponseHandler: Request not found, ignoring reply: 9fa3cfc6-f64e-4b08-bae1-f5e1c71227db<-0874ac74-a522-45ec-a23a-074b79aa09bf#1230:OK,SUCCESS,nextIndex:1182,term:3,followerCommit:1177
2019-09-25 19:54:01,398 [grpc-default-executor-7] WARN  server.GrpcLogAppender (GrpcLogAppender.java:onNextImpl(251)) - 9fa3cfc6-f64e-4b08-bae1-f5e1c71227db@group-374B680C540A->0874ac74-a522-45ec-a23a-074b79aa09bf-AppendLogResponseHandler: Request not found, ignoring reply: 9fa3cfc6-f64e-4b08-bae1-f5e1c71227db<-0874ac74-a522-45ec-a23a-074b79aa09bf#1231:OK,SUCCESS,nextIndex:1182,term:3,followerCommit:1177
2019-09-25 19:54:01,507 [grpc-default-executor-2] WARN  server.GrpcLogAppender (GrpcLogAppender.java:onNextImpl(251)) - 9fa3cfc6-f64e-4b08-bae1-f5e1c71227db@group-374B680C540A->bdc1229c-9b54-4d7c-bdb7-d9d8fc4af94a-AppendLogResponseHandler: Request not found, ignoring reply: 9fa3cfc6-f64e-4b08-bae1-f5e1c71227db<-bdc1229c-9b54-4d7c-bdb7-d9d8fc4af94a#1228:OK,SUCCESS,nextIndex:1180,term:3,followerCommit:1177
2019-09-25 19:54:01,507 [grpc-default-executor-2] WARN  server.GrpcLogAppender (GrpcLogAppender.java:onNextImpl(251)) - 9fa3cfc6-f64e-4b08-bae1-f5e1c71227db@group-374B680C540A->bdc1229c-9b54-4d7c-bdb7-d9d8fc4af94a-AppendLogResponseHandler: Request not found, ignoring reply: 9fa3cfc6-f64e-4b08-bae1-f5e1c71227db<-bdc1229c-9b54-4d7c-bdb7-d9d8fc4af94a#1229:OK,SUCCESS,nextIndex:1181,term:3,followerCommit:1177
2019-09-25 19:54:01,508 [grpc-default-executor-2] WARN  server.GrpcLogAppender (GrpcLogAppender.java:onNextImpl(251)) - 9fa3cfc6-f64e-4b08-bae1-f5e1c71227db@group-374B680C540A->bdc1229c-9b54-4d7c-bdb7-d9d8fc4af94a-AppendLogResponseHandler: Request not found, ignoring reply: 9fa3cfc6-f64e-4b08-bae1-f5e1c71227db<-bdc1229c-9b54-4d7c-bdb7-d9d8fc4af94a#1230:OK,SUCCESS,nextIndex:1182,term:3,followerCommit:1177
2019-09-25 19:54:01,508 [grpc-default-executor-2] WARN  server.GrpcLogAppender (GrpcLogAppender.java:onNextImpl(251)) - 9fa3cfc6-f64e-4b08-bae1-f5e1c71227db@group-374B680C540A->bdc1229c-9b54-4d7c-bdb7-d9d8fc4af94a-AppendLogResponseHandler: Request not found, ignoring reply: 9fa3cfc6-f64e-4b08-bae1-f5e1c71227db<-bdc1229c-9b54-4d7c-bdb7-d9d8fc4af94a#1231:OK,SUCCESS,nextIndex:1182,term:3,followerCommit:1177
 0.00% |█                                                                                                    |  0/1 Time: 0:01:00 0.00% |█                                                                                                    |  0/1 Time: 0:01:01 0.00% |█                                                                                                    |  0/1 Time: 0:01:02 0.00% |█                                                                                                    |  0/1 Time: 0:01:03 0.00% |█                                                                                                    |  0/1 Time: 0:01:042019-09-25 19:54:06,386 [java.util.concurrent.ThreadPoolExecutor$Worker@41c7fc32[State = -1, empty queue]] WARN  server.GrpcLogAppender (GrpcLogAppender.java:timeoutAppendRequest(200)) - 9fa3cfc6-f64e-4b08-bae1-f5e1c71227db@group-374B680C540A->0874ac74-a522-45ec-a23a-074b79aa09bf-GrpcLogAppender: appendEntries Timeout, request=9fa3cfc6-f64e-4b08-bae1-f5e1c71227db->0874ac74-a522-45ec-a23a-074b79aa09bf#1241-t3, previous=(t:3, i:1189), leaderCommit=1188, initializing? false, entries: size=1, first=(t:3, i:1190), METADATAENTRY(c1188)
2019-09-25 19:54:06,386 [java.util.concurrent.ThreadPoolExecutor$Worker@6b0d1944[State = -1, empty queue]] WARN  server.GrpcLogAppender (GrpcLogAppender.java:timeoutAppendRequest(200)) - 9fa3cfc6-f64e-4b08-bae1-f5e1c71227db@group-374B680C540A->bdc1229c-9b54-4d7c-bdb7-d9d8fc4af94a-GrpcLogAppender: appendEntries Timeout, request=9fa3cfc6-f64e-4b08-bae1-f5e1c71227db->bdc1229c-9b54-4d7c-bdb7-d9d8fc4af94a#1241-t3, previous=(t:3, i:1189), leaderCommit=1188, initializing? false, entries: size=1, first=(t:3, i:1190), METADATAENTRY(c1188)
 0.00% |█                                                                                                    |  0/1 Time: 0:01:05 0.00% |█                                                                                                    |  0/1 Time: 0:01:062019-09-25 19:54:08,389 [pool-277-thread-1] WARN  scm.XceiverClientRatis (XceiverClientRatis.java:watchForCommit(292)) - 3 way commit failed on pipeline Pipeline[ Id: 1643adf8-58cb-48db-8454-374b680c540a, Nodes: 0874ac74-a522-45ec-a23a-074b79aa09bf{ip: 192.168.164.231, host: pr-hdds-2174-f48n4-3529231201, networkLocation: /default-rack, certSerialId: null}9fa3cfc6-f64e-4b08-bae1-f5e1c71227db{ip: 192.168.164.231, host: pr-hdds-2174-f48n4-3529231201, networkLocation: /default-rack, certSerialId: null}bdc1229c-9b54-4d7c-bdb7-d9d8fc4af94a{ip: 192.168.164.231, host: pr-hdds-2174-f48n4-3529231201, networkLocation: /default-rack, certSerialId: null}, Type:RATIS, Factor:THREE, State:OPEN]
java.util.concurrent.TimeoutException
	at java.util.concurrent.CompletableFuture.timedGet(CompletableFuture.java:1771)
	at java.util.concurrent.CompletableFuture.get(CompletableFuture.java:1915)
	at org.apache.hadoop.hdds.scm.XceiverClientRatis.watchForCommit(XceiverClientRatis.java:289)
	at org.apache.hadoop.hdds.scm.storage.CommitWatcher.watchForCommit(CommitWatcher.java:194)
	at org.apache.hadoop.hdds.scm.storage.CommitWatcher.watchOnLastIndex(CommitWatcher.java:157)
	at org.apache.hadoop.hdds.scm.storage.BlockOutputStream.watchForCommit(BlockOutputStream.java:347)
	at org.apache.hadoop.hdds.scm.storage.BlockOutputStream.handleFlush(BlockOutputStream.java:479)
	at org.apache.hadoop.hdds.scm.storage.BlockOutputStream.close(BlockOutputStream.java:493)
	at org.apache.hadoop.ozone.client.io.BlockOutputStreamEntry.close(BlockOutputStreamEntry.java:143)
	at org.apache.hadoop.ozone.client.io.KeyOutputStream.handleFlushOrClose(KeyOutputStream.java:439)
	at org.apache.hadoop.ozone.client.io.KeyOutputStream.handleWrite(KeyOutputStream.java:232)
	at org.apache.hadoop.ozone.client.io.KeyOutputStream.write(KeyOutputStream.java:190)
	at org.apache.hadoop.ozone.client.io.OzoneOutputStream.write(OzoneOutputStream.java:49)
	at org.apache.hadoop.ozone.freon.RandomKeyGenerator.createKey(RandomKeyGenerator.java:708)
	at org.apache.hadoop.ozone.freon.RandomKeyGenerator.access$1100(RandomKeyGenerator.java:88)
	at org.apache.hadoop.ozone.freon.RandomKeyGenerator$ObjectCreator.run(RandomKeyGenerator.java:615)
	at java.util.concurrent.Executors$RunnableAdapter.call(Executors.java:511)
	at java.util.concurrent.FutureTask.run(FutureTask.java:266)
	at java.util.concurrent.ThreadPoolExecutor.runWorker(ThreadPoolExecutor.java:1149)
	at java.util.concurrent.ThreadPoolExecutor$Worker.run(ThreadPoolExecutor.java:624)
	at java.lang.Thread.run(Thread.java:748)
2019-09-25 19:54:09,090 [grpc-default-executor-5] WARN  server.GrpcLogAppender (GrpcLogAppender.java:onNextImpl(251)) - 9fa3cfc6-f64e-4b08-bae1-f5e1c71227db@group-374B680C540A->0874ac74-a522-45ec-a23a-074b79aa09bf-AppendLogResponseHandler: Request not found, ignoring reply: 9fa3cfc6-f64e-4b08-bae1-f5e1c71227db<-0874ac74-a522-45ec-a23a-074b79aa09bf#1241:OK,SUCCESS,nextIndex:1191,term:3,followerCommit:1189
2019-09-25 19:54:09,091 [grpc-default-executor-5] WARN  server.GrpcLogAppender (GrpcLogAppender.java:onNextImpl(251)) - 9fa3cfc6-f64e-4b08-bae1-f5e1c71227db@group-374B680C540A->bdc1229c-9b54-4d7c-bdb7-d9d8fc4af94a-AppendLogResponseHandler: Request not found, ignoring reply: 9fa3cfc6-f64e-4b08-bae1-f5e1c71227db<-bdc1229c-9b54-4d7c-bdb7-d9d8fc4af94a#1241:OK,SUCCESS,nextIndex:1191,term:3,followerCommit:1189
2019-09-25 19:54:09,093 [pool-277-thread-1] INFO  scm.XceiverClientRatis (XceiverClientRatis.java:lambda$watchForCommit$7(310)) - Could not commit index 1188 on pipeline Pipeline[ Id: 1643adf8-58cb-48db-8454-374b680c540a, Nodes: 0874ac74-a522-45ec-a23a-074b79aa09bf{ip: 192.168.164.231, host: pr-hdds-2174-f48n4-3529231201, networkLocation: /default-rack, certSerialId: null}9fa3cfc6-f64e-4b08-bae1-f5e1c71227db{ip: 192.168.164.231, host: pr-hdds-2174-f48n4-3529231201, networkLocation: /default-rack, certSerialId: null}bdc1229c-9b54-4d7c-bdb7-d9d8fc4af94a{ip: 192.168.164.231, host: pr-hdds-2174-f48n4-3529231201, networkLocation: /default-rack, certSerialId: null}, Type:RATIS, Factor:THREE, State:OPEN] to all the nodes. Server bdc1229c-9b54-4d7c-bdb7-d9d8fc4af94a has failed. Committed by majority.
2019-09-25 19:54:09,093 [pool-277-thread-1] WARN  storage.BlockOutputStream (BlockOutputStream.java:watchForCommit(353)) - Failed to commit BlockId conID: 1 locID: 102854897324327347 bcsId: 1188 on Pipeline[ Id: 1643adf8-58cb-48db-8454-374b680c540a, Nodes: 0874ac74-a522-45ec-a23a-074b79aa09bf{ip: 192.168.164.231, host: pr-hdds-2174-f48n4-3529231201, networkLocation: /default-rack, certSerialId: null}9fa3cfc6-f64e-4b08-bae1-f5e1c71227db{ip: 192.168.164.231, host: pr-hdds-2174-f48n4-3529231201, networkLocation: /default-rack, certSerialId: null}bdc1229c-9b54-4d7c-bdb7-d9d8fc4af94a{ip: 192.168.164.231, host: pr-hdds-2174-f48n4-3529231201, networkLocation: /default-rack, certSerialId: null}, Type:RATIS, Factor:THREE, State:OPEN]. Failed nodes: [bdc1229c-9b54-4d7c-bdb7-d9d8fc4af94a{ip: null, host: null, networkLocation: /default-rack, certSerialId: null}]
 0.00% |█                                                                                                    |  0/1 Time: 0:01:07 0.00% |█                                                                                                    |  0/1 Time: 0:01:08 0.00% |█                                                                                                    |  0/1 Time: 0:01:092019-09-25 19:54:12,138 [java.util.concurrent.ThreadPoolExecutor$Worker@41c7fc32[State = -1, empty queue]] WARN  server.GrpcLogAppender (GrpcLogAppender.java:timeoutAppendRequest(200)) - 9fa3cfc6-f64e-4b08-bae1-f5e1c71227db@group-374B680C540A->0874ac74-a522-45ec-a23a-074b79aa09bf-GrpcLogAppender: appendEntries Timeout, request=9fa3cfc6-f64e-4b08-bae1-f5e1c71227db->0874ac74-a522-45ec-a23a-074b79aa09bf#1244-t3, previous=(t:3, i:1190), leaderCommit=1190, initializing? false, entries: size=1, first=(t:3, i:1191), STATEMACHINELOGENTRY, client-80F69EBC3DF0, cid=944
2019-09-25 19:54:12,138 [java.util.concurrent.ThreadPoolExecutor$Worker@6b0d1944[State = -1, empty queue]] WARN  server.GrpcLogAppender (GrpcLogAppender.java:timeoutAppendRequest(200)) - 9fa3cfc6-f64e-4b08-bae1-f5e1c71227db@group-374B680C540A->bdc1229c-9b54-4d7c-bdb7-d9d8fc4af94a-GrpcLogAppender: appendEntries Timeout, request=9fa3cfc6-f64e-4b08-bae1-f5e1c71227db->bdc1229c-9b54-4d7c-bdb7-d9d8fc4af94a#1244-t3, previous=(t:3, i:1190), leaderCommit=1190, initializing? false, entries: size=1, first=(t:3, i:1191), STATEMACHINELOGENTRY, client-80F69EBC3DF0, cid=944
 0.00% |█                                                                                                    |  0/1 Time: 0:01:10 0.00% |█                                                                                                    |  0/1 Time: 0:01:11 0.00% |█                                                                                                    |  0/1 Time: 0:01:122019-09-25 19:54:14,365 [grpc-default-executor-5] WARN  server.GrpcLogAppender (GrpcLogAppender.java:onNextImpl(251)) - 9fa3cfc6-f64e-4b08-bae1-f5e1c71227db@group-374B680C540A->bdc1229c-9b54-4d7c-bdb7-d9d8fc4af94a-AppendLogResponseHandler: Request not found, ignoring reply: 9fa3cfc6-f64e-4b08-bae1-f5e1c71227db<-bdc1229c-9b54-4d7c-bdb7-d9d8fc4af94a#1244:OK,SUCCESS,nextIndex:1192,term:3,followerCommit:1190
2019-09-25 19:54:14,365 [grpc-default-executor-2] WARN  server.GrpcLogAppender (GrpcLogAppender.java:onNextImpl(251)) - 9fa3cfc6-f64e-4b08-bae1-f5e1c71227db@group-374B680C540A->0874ac74-a522-45ec-a23a-074b79aa09bf-AppendLogResponseHandler: Request not found, ignoring reply: 9fa3cfc6-f64e-4b08-bae1-f5e1c71227db<-0874ac74-a522-45ec-a23a-074b79aa09bf#1244:OK,SUCCESS,nextIndex:1192,term:3,followerCommit:1190
 0.00% |█                                                                                                    |  0/1 Time: 0:01:13 0.00% |█                                                                                                    |  0/1 Time: 0:01:14 0.00% |█                                                                                                    |  0/1 Time: 0:01:152019-09-25 19:54:17,373 [java.util.concurrent.ThreadPoolExecutor$Worker@6b0d1944[State = -1, empty queue]] WARN  server.GrpcLogAppender (GrpcLogAppender.java:timeoutAppendRequest(200)) - 9fa3cfc6-f64e-4b08-bae1-f5e1c71227db@group-374B680C540A->bdc1229c-9b54-4d7c-bdb7-d9d8fc4af94a-GrpcLogAppender: appendEntries Timeout, request=9fa3cfc6-f64e-4b08-bae1-f5e1c71227db->bdc1229c-9b54-4d7c-bdb7-d9d8fc4af94a#1248-t3, previous=(t:3, i:1192), leaderCommit=1191, initializing? false, entries: size=1, first=(t:3, i:1193), STATEMACHINELOGENTRY, client-80F69EBC3DF0, cid=945
2019-09-25 19:54:17,373 [java.util.concurrent.ThreadPoolExecutor$Worker@41c7fc32[State = -1, empty queue]] WARN  server.GrpcLogAppender (GrpcLogAppender.java:timeoutAppendRequest(200)) - 9fa3cfc6-f64e-4b08-bae1-f5e1c71227db@group-374B680C540A->0874ac74-a522-45ec-a23a-074b79aa09bf-GrpcLogAppender: appendEntries Timeout, request=9fa3cfc6-f64e-4b08-bae1-f5e1c71227db->0874ac74-a522-45ec-a23a-074b79aa09bf#1248-t3, previous=(t:3, i:1192), leaderCommit=1191, initializing? false, entries: size=1, first=(t:3, i:1193), STATEMACHINELOGENTRY, client-80F69EBC3DF0, cid=945
2019-09-25 19:54:17,377 [java.util.concurrent.ThreadPoolExecutor$Worker@41c7fc32[State = -1, empty queue]] WARN  server.GrpcLogAppender (GrpcLogAppender.java:timeoutAppendRequest(200)) - 9fa3cfc6-f64e-4b08-bae1-f5e1c71227db@group-374B680C540A->0874ac74-a522-45ec-a23a-074b79aa09bf-GrpcLogAppender: appendEntries Timeout, request=9fa3cfc6-f64e-4b08-bae1-f5e1c71227db->0874ac74-a522-45ec-a23a-074b79aa09bf#1249-t3, previous=(t:3, i:1193), leaderCommit=1191, initializing? false, entries: size=1, first=(t:3, i:1194), STATEMACHINELOGENTRY, client-80F69EBC3DF0, cid=946
2019-09-25 19:54:17,377 [java.util.concurrent.ThreadPoolExecutor$Worker@6b0d1944[State = -1, empty queue]] WARN  server.GrpcLogAppender (GrpcLogAppender.java:timeoutAppendRequest(200)) - 9fa3cfc6-f64e-4b08-bae1-f5e1c71227db@group-374B680C540A->bdc1229c-9b54-4d7c-bdb7-d9d8fc4af94a-GrpcLogAppender: appendEntries Timeout, request=9fa3cfc6-f64e-4b08-bae1-f5e1c71227db->bdc1229c-9b54-4d7c-bdb7-d9d8fc4af94a#1249-t3, previous=(t:3, i:1193), leaderCommit=1191, initializing? false, entries: size=1, first=(t:3, i:1194), STATEMACHINELOGENTRY, client-80F69EBC3DF0, cid=946
2019-09-25 19:54:17,377 [java.util.concurrent.ThreadPoolExecutor$Worker@41c7fc32[State = -1, empty queue]] WARN  server.GrpcLogAppender (GrpcLogAppender.java:timeoutAppendRequest(200)) - 9fa3cfc6-f64e-4b08-bae1-f5e1c71227db@group-374B680C540A->0874ac74-a522-45ec-a23a-074b79aa09bf-GrpcLogAppender: appendEntries Timeout, request=9fa3cfc6-f64e-4b08-bae1-f5e1c71227db->0874ac74-a522-45ec-a23a-074b79aa09bf#1250-t3, previous=(t:3, i:1194), leaderCommit=1191, initializing? false, entries: size=1, first=(t:3, i:1195), STATEMACHINELOGENTRY, client-80F69EBC3DF0, cid=947
2019-09-25 19:54:17,377 [java.util.concurrent.ThreadPoolExecutor$Worker@6b0d1944[State = -1, empty queue]] WARN  server.GrpcLogAppender (GrpcLogAppender.java:timeoutAppendRequest(200)) - 9fa3cfc6-f64e-4b08-bae1-f5e1c71227db@group-374B680C540A->bdc1229c-9b54-4d7c-bdb7-d9d8fc4af94a-GrpcLogAppender: appendEntries Timeout, request=9fa3cfc6-f64e-4b08-bae1-f5e1c71227db->bdc1229c-9b54-4d7c-bdb7-d9d8fc4af94a#1250-t3, previous=(t:3, i:1194), leaderCommit=1191, initializing? false, entries: size=1, first=(t:3, i:1195), STATEMACHINELOGENTRY, client-80F69EBC3DF0, cid=947
 0.00% |█                                                                                                    |  0/1 Time: 0:01:16 0.00% |█                                                                                                    |  0/1 Time: 0:01:172019-09-25 19:54:19,711 [grpc-default-executor-7] WARN  server.GrpcLogAppender (GrpcLogAppender.java:onNextImpl(251)) - 9fa3cfc6-f64e-4b08-bae1-f5e1c71227db@group-374B680C540A->bdc1229c-9b54-4d7c-bdb7-d9d8fc4af94a-AppendLogResponseHandler: Request not found, ignoring reply: 9fa3cfc6-f64e-4b08-bae1-f5e1c71227db<-bdc1229c-9b54-4d7c-bdb7-d9d8fc4af94a#1248:OK,SUCCESS,nextIndex:1194,term:3,followerCommit:1192
2019-09-25 19:54:19,712 [grpc-default-executor-5] WARN  server.GrpcLogAppender (GrpcLogAppender.java:onNextImpl(251)) - 9fa3cfc6-f64e-4b08-bae1-f5e1c71227db@group-374B680C540A->0874ac74-a522-45ec-a23a-074b79aa09bf-AppendLogResponseHandler: Request not found, ignoring reply: 9fa3cfc6-f64e-4b08-bae1-f5e1c71227db<-0874ac74-a522-45ec-a23a-074b79aa09bf#1248:OK,SUCCESS,nextIndex:1194,term:3,followerCommit:1192
2019-09-25 19:54:19,712 [grpc-default-executor-7] WARN  server.GrpcLogAppender (GrpcLogAppender.java:onNextImpl(251)) - 9fa3cfc6-f64e-4b08-bae1-f5e1c71227db@group-374B680C540A->bdc1229c-9b54-4d7c-bdb7-d9d8fc4af94a-AppendLogResponseHandler: Request not found, ignoring reply: 9fa3cfc6-f64e-4b08-bae1-f5e1c71227db<-bdc1229c-9b54-4d7c-bdb7-d9d8fc4af94a#1249:OK,SUCCESS,nextIndex:1195,term:3,followerCommit:1192
2019-09-25 19:54:19,712 [grpc-default-executor-5] WARN  server.GrpcLogAppender (GrpcLogAppender.java:onNextImpl(251)) - 9fa3cfc6-f64e-4b08-bae1-f5e1c71227db@group-374B680C540A->0874ac74-a522-45ec-a23a-074b79aa09bf-AppendLogResponseHandler: Request not found, ignoring reply: 9fa3cfc6-f64e-4b08-bae1-f5e1c71227db<-0874ac74-a522-45ec-a23a-074b79aa09bf#1249:OK,SUCCESS,nextIndex:1195,term:3,followerCommit:1192
2019-09-25 19:54:19,713 [grpc-default-executor-7] WARN  server.GrpcLogAppender (GrpcLogAppender.java:onNextImpl(251)) - 9fa3cfc6-f64e-4b08-bae1-f5e1c71227db@group-374B680C540A->bdc1229c-9b54-4d7c-bdb7-d9d8fc4af94a-AppendLogResponseHandler: Request not found, ignoring reply: 9fa3cfc6-f64e-4b08-bae1-f5e1c71227db<-bdc1229c-9b54-4d7c-bdb7-d9d8fc4af94a#1250:OK,SUCCESS,nextIndex:1196,term:3,followerCommit:1192
2019-09-25 19:54:19,713 [grpc-default-executor-5] WARN  server.GrpcLogAppender (GrpcLogAppender.java:onNextImpl(251)) - 9fa3cfc6-f64e-4b08-bae1-f5e1c71227db@group-374B680C540A->0874ac74-a522-45ec-a23a-074b79aa09bf-AppendLogResponseHandler: Request not found, ignoring reply: 9fa3cfc6-f64e-4b08-bae1-f5e1c71227db<-0874ac74-a522-45ec-a23a-074b79aa09bf#1250:OK,SUCCESS,nextIndex:1196,term:3,followerCommit:1192
 0.00% |█                                                                                                    |  0/1 Time: 0:01:18 0.00% |█                                                                                                    |  0/1 Time: 0:01:19 0.00% |█                                                                                                    |  0/1 Time: 0:01:202019-09-25 19:54:22,714 [java.util.concurrent.ThreadPoolExecutor$Worker@41c7fc32[State = -1, empty queue]] WARN  server.GrpcLogAppender (GrpcLogAppender.java:timeoutAppendRequest(200)) - 9fa3cfc6-f64e-4b08-bae1-f5e1c71227db@group-374B680C540A->0874ac74-a522-45ec-a23a-074b79aa09bf-GrpcLogAppender: appendEntries Timeout, request=9fa3cfc6-f64e-4b08-bae1-f5e1c71227db->0874ac74-a522-45ec-a23a-074b79aa09bf#1253-t3, previous=(t:3, i:1195), leaderCommit=1195, initializing? false, entries: size=1, first=(t:3, i:1196), METADATAENTRY(c1195)
2019-09-25 19:54:22,714 [java.util.concurrent.ThreadPoolExecutor$Worker@6b0d1944[State = -1, empty queue]] WARN  server.GrpcLogAppender (GrpcLogAppender.java:timeoutAppendRequest(200)) - 9fa3cfc6-f64e-4b08-bae1-f5e1c71227db@group-374B680C540A->bdc1229c-9b54-4d7c-bdb7-d9d8fc4af94a-GrpcLogAppender: appendEntries Timeout, request=9fa3cfc6-f64e-4b08-bae1-f5e1c71227db->bdc1229c-9b54-4d7c-bdb7-d9d8fc4af94a#1253-t3, previous=(t:3, i:1195), leaderCommit=1195, initializing? false, entries: size=1, first=(t:3, i:1196), METADATAENTRY(c1195)
 0.00% |█                                                                                                    |  0/1 Time: 0:01:21 0.00% |█                                                                                                    |  0/1 Time: 0:01:222019-09-25 19:54:24,733 [pool-277-thread-1] WARN  scm.XceiverClientRatis (XceiverClientRatis.java:watchForCommit(292)) - 3 way commit failed on pipeline Pipeline[ Id: 1643adf8-58cb-48db-8454-374b680c540a, Nodes: 0874ac74-a522-45ec-a23a-074b79aa09bf{ip: 192.168.164.231, host: pr-hdds-2174-f48n4-3529231201, networkLocation: /default-rack, certSerialId: null}9fa3cfc6-f64e-4b08-bae1-f5e1c71227db{ip: 192.168.164.231, host: pr-hdds-2174-f48n4-3529231201, networkLocation: /default-rack, certSerialId: null}bdc1229c-9b54-4d7c-bdb7-d9d8fc4af94a{ip: 192.168.164.231, host: pr-hdds-2174-f48n4-3529231201, networkLocation: /default-rack, certSerialId: null}, Type:RATIS, Factor:THREE, State:OPEN]
java.util.concurrent.TimeoutException
	at java.util.concurrent.CompletableFuture.timedGet(CompletableFuture.java:1771)
	at java.util.concurrent.CompletableFuture.get(CompletableFuture.java:1915)
	at org.apache.hadoop.hdds.scm.XceiverClientRatis.watchForCommit(XceiverClientRatis.java:289)
	at org.apache.hadoop.hdds.scm.storage.CommitWatcher.watchForCommit(CommitWatcher.java:194)
	at org.apache.hadoop.hdds.scm.storage.CommitWatcher.watchOnFirstIndex(CommitWatcher.java:135)
	at org.apache.hadoop.hdds.scm.storage.BlockOutputStream.watchForCommit(BlockOutputStream.java:347)
	at org.apache.hadoop.hdds.scm.storage.BlockOutputStream.handleFullBuffer(BlockOutputStream.java:324)
	at org.apache.hadoop.hdds.scm.storage.BlockOutputStream.write(BlockOutputStream.java:251)
	at org.apache.hadoop.ozone.client.io.BlockOutputStreamEntry.write(BlockOutputStreamEntry.java:129)
	at org.apache.hadoop.ozone.client.io.KeyOutputStream.handleWrite(KeyOutputStream.java:208)
	at org.apache.hadoop.ozone.client.io.KeyOutputStream.write(KeyOutputStream.java:190)
	at org.apache.hadoop.ozone.client.io.OzoneOutputStream.write(OzoneOutputStream.java:49)
	at org.apache.hadoop.ozone.freon.RandomKeyGenerator.createKey(RandomKeyGenerator.java:708)
	at org.apache.hadoop.ozone.freon.RandomKeyGenerator.access$1100(RandomKeyGenerator.java:88)
	at org.apache.hadoop.ozone.freon.RandomKeyGenerator$ObjectCreator.run(RandomKeyGenerator.java:615)
	at java.util.concurrent.Executors$RunnableAdapter.call(Executors.java:511)
	at java.util.concurrent.FutureTask.run(FutureTask.java:266)
	at java.util.concurrent.ThreadPoolExecutor.runWorker(ThreadPoolExecutor.java:1149)
	at java.util.concurrent.ThreadPoolExecutor$Worker.run(ThreadPoolExecutor.java:624)
	at java.lang.Thread.run(Thread.java:748)
2019-09-25 19:54:24,923 [grpc-default-executor-7] WARN  server.GrpcLogAppender (GrpcLogAppender.java:onNextImpl(251)) - 9fa3cfc6-f64e-4b08-bae1-f5e1c71227db@group-374B680C540A->bdc1229c-9b54-4d7c-bdb7-d9d8fc4af94a-AppendLogResponseHandler: Request not found, ignoring reply: 9fa3cfc6-f64e-4b08-bae1-f5e1c71227db<-bdc1229c-9b54-4d7c-bdb7-d9d8fc4af94a#1253:OK,SUCCESS,nextIndex:1197,term:3,followerCommit:1195
2019-09-25 19:54:24,923 [grpc-default-executor-5] WARN  server.GrpcLogAppender (GrpcLogAppender.java:onNextImpl(251)) - 9fa3cfc6-f64e-4b08-bae1-f5e1c71227db@group-374B680C540A->0874ac74-a522-45ec-a23a-074b79aa09bf-AppendLogResponseHandler: Request not found, ignoring reply: 9fa3cfc6-f64e-4b08-bae1-f5e1c71227db<-0874ac74-a522-45ec-a23a-074b79aa09bf#1253:OK,SUCCESS,nextIndex:1197,term:3,followerCommit:1195
2019-09-25 19:54:24,933 [pool-277-thread-1] INFO  scm.XceiverClientRatis (XceiverClientRatis.java:lambda$watchForCommit$7(310)) - Could not commit index 1193 on pipeline Pipeline[ Id: 1643adf8-58cb-48db-8454-374b680c540a, Nodes: 0874ac74-a522-45ec-a23a-074b79aa09bf{ip: 192.168.164.231, host: pr-hdds-2174-f48n4-3529231201, networkLocation: /default-rack, certSerialId: null}9fa3cfc6-f64e-4b08-bae1-f5e1c71227db{ip: 192.168.164.231, host: pr-hdds-2174-f48n4-3529231201, networkLocation: /default-rack, certSerialId: null}bdc1229c-9b54-4d7c-bdb7-d9d8fc4af94a{ip: 192.168.164.231, host: pr-hdds-2174-f48n4-3529231201, networkLocation: /default-rack, certSerialId: null}, Type:RATIS, Factor:THREE, State:OPEN] to all the nodes. Server 0874ac74-a522-45ec-a23a-074b79aa09bf has failed. Committed by majority.
2019-09-25 19:54:24,934 [pool-277-thread-1] WARN  storage.BlockOutputStream (BlockOutputStream.java:watchForCommit(353)) - Failed to commit BlockId conID: 2 locID: 102854897324327348 bcsId: 1195 on Pipeline[ Id: 1643adf8-58cb-48db-8454-374b680c540a, Nodes: 0874ac74-a522-45ec-a23a-074b79aa09bf{ip: 192.168.164.231, host: pr-hdds-2174-f48n4-3529231201, networkLocation: /default-rack, certSerialId: null}9fa3cfc6-f64e-4b08-bae1-f5e1c71227db{ip: 192.168.164.231, host: pr-hdds-2174-f48n4-3529231201, networkLocation: /default-rack, certSerialId: null}bdc1229c-9b54-4d7c-bdb7-d9d8fc4af94a{ip: 192.168.164.231, host: pr-hdds-2174-f48n4-3529231201, networkLocation: /default-rack, certSerialId: null}, Type:RATIS, Factor:THREE, State:OPEN]. Failed nodes: [0874ac74-a522-45ec-a23a-074b79aa09bf{ip: null, host: null, networkLocation: /default-rack, certSerialId: null}]
 0.00% |█                                                                                                    |  0/1 Time: 0:01:23 0.00% |█                                                                                                    |  0/1 Time: 0:01:24 0.00% |█                                                                                                    |  0/1 Time: 0:01:252019-09-25 19:54:27,947 [java.util.concurrent.ThreadPoolExecutor$Worker@6b0d1944[State = -1, empty queue]] WARN  server.GrpcLogAppender (GrpcLogAppender.java:timeoutAppendRequest(200)) - 9fa3cfc6-f64e-4b08-bae1-f5e1c71227db@group-374B680C540A->bdc1229c-9b54-4d7c-bdb7-d9d8fc4af94a-GrpcLogAppender: appendEntries Timeout, request=9fa3cfc6-f64e-4b08-bae1-f5e1c71227db->bdc1229c-9b54-4d7c-bdb7-d9d8fc4af94a#1256-t3, previous=(t:3, i:1196), leaderCommit=1196, initializing? false, entries: size=1, first=(t:3, i:1197), STATEMACHINELOGENTRY, client-80F69EBC3DF0, cid=950
2019-09-25 19:54:27,947 [java.util.concurrent.ThreadPoolExecutor$Worker@41c7fc32[State = -1, empty queue]] WARN  server.GrpcLogAppender (GrpcLogAppender.java:timeoutAppendRequest(200)) - 9fa3cfc6-f64e-4b08-bae1-f5e1c71227db@group-374B680C540A->0874ac74-a522-45ec-a23a-074b79aa09bf-GrpcLogAppender: appendEntries Timeout, request=9fa3cfc6-f64e-4b08-bae1-f5e1c71227db->0874ac74-a522-45ec-a23a-074b79aa09bf#1256-t3, previous=(t:3, i:1196), leaderCommit=1196, initializing? false, entries: size=1, first=(t:3, i:1197), STATEMACHINELOGENTRY, client-80F69EBC3DF0, cid=950
2019-09-25 19:54:27,948 [java.util.concurrent.ThreadPoolExecutor$Worker@6b0d1944[State = -1, empty queue]] WARN  server.GrpcLogAppender (GrpcLogAppender.java:timeoutAppendRequest(200)) - 9fa3cfc6-f64e-4b08-bae1-f5e1c71227db@group-374B680C540A->bdc1229c-9b54-4d7c-bdb7-d9d8fc4af94a-GrpcLogAppender: appendEntries Timeout, request=9fa3cfc6-f64e-4b08-bae1-f5e1c71227db->bdc1229c-9b54-4d7c-bdb7-d9d8fc4af94a#1257-t3, previous=(t:3, i:1197), leaderCommit=1196, initializing? false, entries: size=1, first=(t:3, i:1198), STATEMACHINELOGENTRY, client-80F69EBC3DF0, cid=951
2019-09-25 19:54:27,948 [java.util.concurrent.ThreadPoolExecutor$Worker@41c7fc32[State = -1, empty queue]] WARN  server.GrpcLogAppender (GrpcLogAppender.java:timeoutAppendRequest(200)) - 9fa3cfc6-f64e-4b08-bae1-f5e1c71227db@group-374B680C540A->0874ac74-a522-45ec-a23a-074b79aa09bf-GrpcLogAppender: appendEntries Timeout, request=9fa3cfc6-f64e-4b08-bae1-f5e1c71227db->0874ac74-a522-45ec-a23a-074b79aa09bf#1257-t3, previous=(t:3, i:1197), leaderCommit=1196, initializing? false, entries: size=1, first=(t:3, i:1198), STATEMACHINELOGENTRY, client-80F69EBC3DF0, cid=951
 0.00% |█                                                                                                    |  0/1 Time: 0:01:26 0.00% |█                                                                                                    |  0/1 Time: 0:01:272019-09-25 19:54:30,130 [grpc-default-executor-2] WARN  server.GrpcLogAppender (GrpcLogAppender.java:onNextImpl(251)) - 9fa3cfc6-f64e-4b08-bae1-f5e1c71227db@group-374B680C540A->bdc1229c-9b54-4d7c-bdb7-d9d8fc4af94a-AppendLogResponseHandler: Request not found, ignoring reply: 9fa3cfc6-f64e-4b08-bae1-f5e1c71227db<-bdc1229c-9b54-4d7c-bdb7-d9d8fc4af94a#1256:OK,SUCCESS,nextIndex:1198,term:3,followerCommit:1196
2019-09-25 19:54:30,130 [grpc-default-executor-5] WARN  server.GrpcLogAppender (GrpcLogAppender.java:onNextImpl(251)) - 9fa3cfc6-f64e-4b08-bae1-f5e1c71227db@group-374B680C540A->0874ac74-a522-45ec-a23a-074b79aa09bf-AppendLogResponseHandler: Request not found, ignoring reply: 9fa3cfc6-f64e-4b08-bae1-f5e1c71227db<-0874ac74-a522-45ec-a23a-074b79aa09bf#1256:OK,SUCCESS,nextIndex:1198,term:3,followerCommit:1196
2019-09-25 19:54:30,131 [grpc-default-executor-2] WARN  server.GrpcLogAppender (GrpcLogAppender.java:onNextImpl(251)) - 9fa3cfc6-f64e-4b08-bae1-f5e1c71227db@group-374B680C540A->bdc1229c-9b54-4d7c-bdb7-d9d8fc4af94a-AppendLogResponseHandler: Request not found, ignoring reply: 9fa3cfc6-f64e-4b08-bae1-f5e1c71227db<-bdc1229c-9b54-4d7c-bdb7-d9d8fc4af94a#1257:OK,SUCCESS,nextIndex:1199,term:3,followerCommit:1196
2019-09-25 19:54:30,131 [grpc-default-executor-5] WARN  server.GrpcLogAppender (GrpcLogAppender.java:onNextImpl(251)) - 9fa3cfc6-f64e-4b08-bae1-f5e1c71227db@group-374B680C540A->0874ac74-a522-45ec-a23a-074b79aa09bf-AppendLogResponseHandler: Request not found, ignoring reply: 9fa3cfc6-f64e-4b08-bae1-f5e1c71227db<-0874ac74-a522-45ec-a23a-074b79aa09bf#1257:OK,SUCCESS,nextIndex:1199,term:3,followerCommit:1196
 0.00% |█                                                                                                    |  0/1 Time: 0:01:28 0.00% |█                                                                                                    |  0/1 Time: 0:01:29 0.00% |█                                                                                                    |  0/1 Time: 0:01:302019-09-25 19:54:33,132 [java.util.concurrent.ThreadPoolExecutor$Worker@6b0d1944[State = -1, empty queue]] WARN  server.GrpcLogAppender (GrpcLogAppender.java:timeoutAppendRequest(200)) - 9fa3cfc6-f64e-4b08-bae1-f5e1c71227db@group-374B680C540A->bdc1229c-9b54-4d7c-bdb7-d9d8fc4af94a-GrpcLogAppender: appendEntries Timeout, request=9fa3cfc6-f64e-4b08-bae1-f5e1c71227db->bdc1229c-9b54-4d7c-bdb7-d9d8fc4af94a#1260-t3, previous=(t:3, i:1198), leaderCommit=1198, initializing? false, entries: size=1, first=(t:3, i:1199), METADATAENTRY(c1198)
2019-09-25 19:54:33,132 [java.util.concurrent.ThreadPoolExecutor$Worker@41c7fc32[State = -1, empty queue]] WARN  server.GrpcLogAppender (GrpcLogAppender.java:timeoutAppendRequest(200)) - 9fa3cfc6-f64e-4b08-bae1-f5e1c71227db@group-374B680C540A->0874ac74-a522-45ec-a23a-074b79aa09bf-GrpcLogAppender: appendEntries Timeout, request=9fa3cfc6-f64e-4b08-bae1-f5e1c71227db->0874ac74-a522-45ec-a23a-074b79aa09bf#1260-t3, previous=(t:3, i:1198), leaderCommit=1198, initializing? false, entries: size=1, first=(t:3, i:1199), METADATAENTRY(c1198)
2019-09-25 19:54:33,160 [java.util.concurrent.ThreadPoolExecutor$Worker@41c7fc32[State = -1, empty queue]] WARN  server.GrpcLogAppender (GrpcLogAppender.java:timeoutAppendRequest(200)) - 9fa3cfc6-f64e-4b08-bae1-f5e1c71227db@group-374B680C540A->0874ac74-a522-45ec-a23a-074b79aa09bf-GrpcLogAppender: appendEntries Timeout, request=9fa3cfc6-f64e-4b08-bae1-f5e1c71227db->0874ac74-a522-45ec-a23a-074b79aa09bf#1261-t3, previous=(t:3, i:1199), leaderCommit=1198, initializing? false, entries: size=1, first=(t:3, i:1200), STATEMACHINELOGENTRY, client-80F69EBC3DF0, cid=952
2019-09-25 19:54:33,160 [java.util.concurrent.ThreadPoolExecutor$Worker@6b0d1944[State = -1, empty queue]] WARN  server.GrpcLogAppender (GrpcLogAppender.java:timeoutAppendRequest(200)) - 9fa3cfc6-f64e-4b08-bae1-f5e1c71227db@group-374B680C540A->bdc1229c-9b54-4d7c-bdb7-d9d8fc4af94a-GrpcLogAppender: appendEntries Timeout, request=9fa3cfc6-f64e-4b08-bae1-f5e1c71227db->bdc1229c-9b54-4d7c-bdb7-d9d8fc4af94a#1261-t3, previous=(t:3, i:1199), leaderCommit=1198, initializing? false, entries: size=1, first=(t:3, i:1200), STATEMACHINELOGENTRY, client-80F69EBC3DF0, cid=952
2019-09-25 19:54:33,160 [java.util.concurrent.ThreadPoolExecutor$Worker@41c7fc32[State = -1, empty queue]] WARN  server.GrpcLogAppender (GrpcLogAppender.java:timeoutAppendRequest(200)) - 9fa3cfc6-f64e-4b08-bae1-f5e1c71227db@group-374B680C540A->0874ac74-a522-45ec-a23a-074b79aa09bf-GrpcLogAppender: appendEntries Timeout, request=9fa3cfc6-f64e-4b08-bae1-f5e1c71227db->0874ac74-a522-45ec-a23a-074b79aa09bf#1262-t3, previous=(t:3, i:1200), leaderCommit=1198, initializing? false, entries: size=1, first=(t:3, i:1201), STATEMACHINELOGENTRY, client-80F69EBC3DF0, cid=953
2019-09-25 19:54:33,160 [java.util.concurrent.ThreadPoolExecutor$Worker@6b0d1944[State = -1, empty queue]] WARN  server.GrpcLogAppender (GrpcLogAppender.java:timeoutAppendRequest(200)) - 9fa3cfc6-f64e-4b08-bae1-f5e1c71227db@group-374B680C540A->bdc1229c-9b54-4d7c-bdb7-d9d8fc4af94a-GrpcLogAppender: appendEntries Timeout, request=9fa3cfc6-f64e-4b08-bae1-f5e1c71227db->bdc1229c-9b54-4d7c-bdb7-d9d8fc4af94a#1262-t3, previous=(t:3, i:1200), leaderCommit=1198, initializing? false, entries: size=1, first=(t:3, i:1201), STATEMACHINELOGENTRY, client-80F69EBC3DF0, cid=953
 0.00% |█                                                                                                    |  0/1 Time: 0:01:31 0.00% |█                                                                                                    |  0/1 Time: 0:01:322019-09-25 19:54:34,557 [grpc-default-executor-5] WARN  server.GrpcLogAppender (GrpcLogAppender.java:onNextImpl(251)) - 9fa3cfc6-f64e-4b08-bae1-f5e1c71227db@group-374B680C540A->0874ac74-a522-45ec-a23a-074b79aa09bf-AppendLogResponseHandler: Request not found, ignoring reply: 9fa3cfc6-f64e-4b08-bae1-f5e1c71227db<-0874ac74-a522-45ec-a23a-074b79aa09bf#1260:OK,SUCCESS,nextIndex:1200,term:3,followerCommit:1198
2019-09-25 19:54:34,557 [grpc-default-executor-2] WARN  server.GrpcLogAppender (GrpcLogAppender.java:onNextImpl(251)) - 9fa3cfc6-f64e-4b08-bae1-f5e1c71227db@group-374B680C540A->bdc1229c-9b54-4d7c-bdb7-d9d8fc4af94a-AppendLogResponseHandler: Request not found, ignoring reply: 9fa3cfc6-f64e-4b08-bae1-f5e1c71227db<-bdc1229c-9b54-4d7c-bdb7-d9d8fc4af94a#1260:OK,SUCCESS,nextIndex:1200,term:3,followerCommit:1198
2019-09-25 19:54:34,558 [grpc-default-executor-2] WARN  server.GrpcLogAppender (GrpcLogAppender.java:onNextImpl(251)) - 9fa3cfc6-f64e-4b08-bae1-f5e1c71227db@group-374B680C540A->0874ac74-a522-45ec-a23a-074b79aa09bf-AppendLogResponseHandler: Request not found, ignoring reply: 9fa3cfc6-f64e-4b08-bae1-f5e1c71227db<-0874ac74-a522-45ec-a23a-074b79aa09bf#1261:OK,SUCCESS,nextIndex:1201,term:3,followerCommit:1198
2019-09-25 19:54:34,558 [grpc-default-executor-2] WARN  server.GrpcLogAppender (GrpcLogAppender.java:onNextImpl(251)) - 9fa3cfc6-f64e-4b08-bae1-f5e1c71227db@group-374B680C540A->0874ac74-a522-45ec-a23a-074b79aa09bf-AppendLogResponseHandler: Request not found, ignoring reply: 9fa3cfc6-f64e-4b08-bae1-f5e1c71227db<-0874ac74-a522-45ec-a23a-074b79aa09bf#1262:OK,SUCCESS,nextIndex:1202,term:3,followerCommit:1198
2019-09-25 19:54:34,559 [grpc-default-executor-2] WARN  server.GrpcLogAppender (GrpcLogAppender.java:onNextImpl(251)) - 9fa3cfc6-f64e-4b08-bae1-f5e1c71227db@group-374B680C540A->bdc1229c-9b54-4d7c-bdb7-d9d8fc4af94a-AppendLogResponseHandler: Request not found, ignoring reply: 9fa3cfc6-f64e-4b08-bae1-f5e1c71227db<-bdc1229c-9b54-4d7c-bdb7-d9d8fc4af94a#1261:OK,SUCCESS,nextIndex:1201,term:3,followerCommit:1198
2019-09-25 19:54:34,560 [grpc-default-executor-2] WARN  server.GrpcLogAppender (GrpcLogAppender.java:onNextImpl(251)) - 9fa3cfc6-f64e-4b08-bae1-f5e1c71227db@group-374B680C540A->bdc1229c-9b54-4d7c-bdb7-d9d8fc4af94a-AppendLogResponseHandler: Request not found, ignoring reply: 9fa3cfc6-f64e-4b08-bae1-f5e1c71227db<-bdc1229c-9b54-4d7c-bdb7-d9d8fc4af94a#1262:OK,SUCCESS,nextIndex:1202,term:3,followerCommit:1198
 0.00% |█                                                                                                    |  0/1 Time: 0:01:33 0.00% |█                                                                                                    |  0/1 Time: 0:01:34 0.00% |█                                                                                                    |  0/1 Time: 0:01:352019-09-25 19:54:38,258 [java.util.concurrent.ThreadPoolExecutor$Worker@6b0d1944[State = -1, empty queue]] WARN  server.GrpcLogAppender (GrpcLogAppender.java:timeoutAppendRequest(200)) - 9fa3cfc6-f64e-4b08-bae1-f5e1c71227db@group-374B680C540A->bdc1229c-9b54-4d7c-bdb7-d9d8fc4af94a-GrpcLogAppender: appendEntries Timeout, request=9fa3cfc6-f64e-4b08-bae1-f5e1c71227db->bdc1229c-9b54-4d7c-bdb7-d9d8fc4af94a#1265-t3, previous=(t:3, i:1202), leaderCommit=1202, initializing? false, entries: size=1, first=(t:3, i:1203), STATEMACHINELOGENTRY, client-CE694067961F, cid=955
2019-09-25 19:54:38,258 [java.util.concurrent.ThreadPoolExecutor$Worker@41c7fc32[State = -1, empty queue]] WARN  server.GrpcLogAppender (GrpcLogAppender.java:timeoutAppendRequest(200)) - 9fa3cfc6-f64e-4b08-bae1-f5e1c71227db@group-374B680C540A->0874ac74-a522-45ec-a23a-074b79aa09bf-GrpcLogAppender: appendEntries Timeout, request=9fa3cfc6-f64e-4b08-bae1-f5e1c71227db->0874ac74-a522-45ec-a23a-074b79aa09bf#1265-t3, previous=(t:3, i:1202), leaderCommit=1202, initializing? false, entries: size=1, first=(t:3, i:1203), STATEMACHINELOGENTRY, client-CE694067961F, cid=955
 0.00% |█                                                                                                    |  0/1 Time: 0:01:36 0.00% |█                                                                                                    |  0/1 Time: 0:01:37 0.00% |█                                                                                                    |  0/1 Time: 0:01:382019-09-25 19:54:40,759 [java.util.concurrent.ThreadPoolExecutor$Worker@41c7fc32[State = -1, empty queue]] WARN  server.GrpcLogAppender (GrpcLogAppender.java:timeoutAppendRequest(200)) - 9fa3cfc6-f64e-4b08-bae1-f5e1c71227db@group-374B680C540A->0874ac74-a522-45ec-a23a-074b79aa09bf-GrpcLogAppender: appendEntries Timeout, request=9fa3cfc6-f64e-4b08-bae1-f5e1c71227db->0874ac74-a522-45ec-a23a-074b79aa09bf#1266-t3, previous=(t:3, i:1203), leaderCommit=1202, initializing? false, entries: <empty>
2019-09-25 19:54:40,759 [java.util.concurrent.ThreadPoolExecutor$Worker@6b0d1944[State = -1, empty queue]] WARN  server.GrpcLogAppender (GrpcLogAppender.java:timeoutAppendRequest(200)) - 9fa3cfc6-f64e-4b08-bae1-f5e1c71227db@group-374B680C540A->bdc1229c-9b54-4d7c-bdb7-d9d8fc4af94a-GrpcLogAppender: appendEntries Timeout, request=9fa3cfc6-f64e-4b08-bae1-f5e1c71227db->bdc1229c-9b54-4d7c-bdb7-d9d8fc4af94a#1266-t3, previous=(t:3, i:1203), leaderCommit=1202, initializing? false, entries: <empty>
 0.00% |█                                                                                                    |  0/1 Time: 0:01:392019-09-25 19:54:42,082 [grpc-default-executor-2] WARN  server.GrpcLogAppender (GrpcLogAppender.java:onNextImpl(251)) - 9fa3cfc6-f64e-4b08-bae1-f5e1c71227db@group-374B680C540A->bdc1229c-9b54-4d7c-bdb7-d9d8fc4af94a-AppendLogResponseHandler: Request not found, ignoring reply: 9fa3cfc6-f64e-4b08-bae1-f5e1c71227db<-bdc1229c-9b54-4d7c-bdb7-d9d8fc4af94a#1265:OK,SUCCESS,nextIndex:1204,term:3,followerCommit:1202
2019-09-25 19:54:42,082 [grpc-default-executor-5] WARN  server.GrpcLogAppender (GrpcLogAppender.java:onNextImpl(251)) - 9fa3cfc6-f64e-4b08-bae1-f5e1c71227db@group-374B680C540A->0874ac74-a522-45ec-a23a-074b79aa09bf-AppendLogResponseHandler: Request not found, ignoring reply: 9fa3cfc6-f64e-4b08-bae1-f5e1c71227db<-0874ac74-a522-45ec-a23a-074b79aa09bf#1265:OK,SUCCESS,nextIndex:1204,term:3,followerCommit:1202
2019-09-25 19:54:42,083 [grpc-default-executor-2] WARN  server.GrpcLogAppender (GrpcLogAppender.java:onNextImpl(251)) - 9fa3cfc6-f64e-4b08-bae1-f5e1c71227db@group-374B680C540A->bdc1229c-9b54-4d7c-bdb7-d9d8fc4af94a-AppendLogResponseHandler: Request not found, ignoring reply: 9fa3cfc6-f64e-4b08-bae1-f5e1c71227db<-bdc1229c-9b54-4d7c-bdb7-d9d8fc4af94a#1266:OK,SUCCESS,nextIndex:1204,term:3,followerCommit:1202
2019-09-25 19:54:42,083 [grpc-default-executor-5] WARN  server.GrpcLogAppender (GrpcLogAppender.java:onNextImpl(251)) - 9fa3cfc6-f64e-4b08-bae1-f5e1c71227db@group-374B680C540A->0874ac74-a522-45ec-a23a-074b79aa09bf-AppendLogResponseHandler: Request not found, ignoring reply: 9fa3cfc6-f64e-4b08-bae1-f5e1c71227db<-0874ac74-a522-45ec-a23a-074b79aa09bf#1266:OK,SUCCESS,nextIndex:1204,term:3,followerCommit:1202
 0.00% |█                                                                                                    |  0/1 Time: 0:01:40 0.00% |█                                                                                                    |  0/1 Time: 0:01:41 0.00% |█                                                                                                    |  0/1 Time: 0:01:422019-09-25 19:54:45,085 [java.util.concurrent.ThreadPoolExecutor$Worker@6b0d1944[State = -1, empty queue]] WARN  server.GrpcLogAppender (GrpcLogAppender.java:timeoutAppendRequest(200)) - 9fa3cfc6-f64e-4b08-bae1-f5e1c71227db@group-374B680C540A->bdc1229c-9b54-4d7c-bdb7-d9d8fc4af94a-GrpcLogAppender: appendEntries Timeout, request=9fa3cfc6-f64e-4b08-bae1-f5e1c71227db->bdc1229c-9b54-4d7c-bdb7-d9d8fc4af94a#1268-t3, previous=(t:3, i:1203), leaderCommit=1203, initializing? false, entries: size=1, first=(t:3, i:1204), METADATAENTRY(c1203)
2019-09-25 19:54:45,085 [java.util.concurrent.ThreadPoolExecutor$Worker@41c7fc32[State = -1, empty queue]] WARN  server.GrpcLogAppender (GrpcLogAppender.java:timeoutAppendRequest(200)) - 9fa3cfc6-f64e-4b08-bae1-f5e1c71227db@group-374B680C540A->0874ac74-a522-45ec-a23a-074b79aa09bf-GrpcLogAppender: appendEntries Timeout, request=9fa3cfc6-f64e-4b08-bae1-f5e1c71227db->0874ac74-a522-45ec-a23a-074b79aa09bf#1268-t3, previous=(t:3, i:1203), leaderCommit=1203, initializing? false, entries: size=1, first=(t:3, i:1204), METADATAENTRY(c1203)
2019-09-25 19:54:45,109 [java.util.concurrent.ThreadPoolExecutor$Worker@6b0d1944[State = -1, empty queue]] WARN  server.GrpcLogAppender (GrpcLogAppender.java:timeoutAppendRequest(200)) - 9fa3cfc6-f64e-4b08-bae1-f5e1c71227db@group-374B680C540A->bdc1229c-9b54-4d7c-bdb7-d9d8fc4af94a-GrpcLogAppender: appendEntries Timeout, request=9fa3cfc6-f64e-4b08-bae1-f5e1c71227db->bdc1229c-9b54-4d7c-bdb7-d9d8fc4af94a#1269-t3, previous=(t:3, i:1204), leaderCommit=1203, initializing? false, entries: size=1, first=(t:3, i:1205), STATEMACHINELOGENTRY, client-CE694067961F, cid=956
2019-09-25 19:54:45,109 [java.util.concurrent.ThreadPoolExecutor$Worker@41c7fc32[State = -1, empty queue]] WARN  server.GrpcLogAppender (GrpcLogAppender.java:timeoutAppendRequest(200)) - 9fa3cfc6-f64e-4b08-bae1-f5e1c71227db@group-374B680C540A->0874ac74-a522-45ec-a23a-074b79aa09bf-GrpcLogAppender: appendEntries Timeout, request=9fa3cfc6-f64e-4b08-bae1-f5e1c71227db->0874ac74-a522-45ec-a23a-074b79aa09bf#1269-t3, previous=(t:3, i:1204), leaderCommit=1203, initializing? false, entries: size=1, first=(t:3, i:1205), STATEMACHINELOGENTRY, client-CE694067961F, cid=956
2019-09-25 19:54:45,115 [java.util.concurrent.ThreadPoolExecutor$Worker@6b0d1944[State = -1, empty queue]] WARN  server.GrpcLogAppender (GrpcLogAppender.java:timeoutAppendRequest(200)) - 9fa3cfc6-f64e-4b08-bae1-f5e1c71227db@group-374B680C540A->bdc1229c-9b54-4d7c-bdb7-d9d8fc4af94a-GrpcLogAppender: appendEntries Timeout, request=9fa3cfc6-f64e-4b08-bae1-f5e1c71227db->bdc1229c-9b54-4d7c-bdb7-d9d8fc4af94a#1270-t3, previous=(t:3, i:1205), leaderCommit=1203, initializing? false, entries: size=1, first=(t:3, i:1206), STATEMACHINELOGENTRY, client-CE694067961F, cid=957
2019-09-25 19:54:45,116 [java.util.concurrent.ThreadPoolExecutor$Worker@41c7fc32[State = -1, empty queue]] WARN  server.GrpcLogAppender (GrpcLogAppender.java:timeoutAppendRequest(200)) - 9fa3cfc6-f64e-4b08-bae1-f5e1c71227db@group-374B680C540A->0874ac74-a522-45ec-a23a-074b79aa09bf-GrpcLogAppender: appendEntries Timeout, request=9fa3cfc6-f64e-4b08-bae1-f5e1c71227db->0874ac74-a522-45ec-a23a-074b79aa09bf#1270-t3, previous=(t:3, i:1205), leaderCommit=1203, initializing? false, entries: size=1, first=(t:3, i:1206), STATEMACHINELOGENTRY, client-CE694067961F, cid=957
2019-09-25 19:54:45,116 [java.util.concurrent.ThreadPoolExecutor$Worker@6b0d1944[State = -1, empty queue]] WARN  server.GrpcLogAppender (GrpcLogAppender.java:timeoutAppendRequest(200)) - 9fa3cfc6-f64e-4b08-bae1-f5e1c71227db@group-374B680C540A->bdc1229c-9b54-4d7c-bdb7-d9d8fc4af94a-GrpcLogAppender: appendEntries Timeout, request=9fa3cfc6-f64e-4b08-bae1-f5e1c71227db->bdc1229c-9b54-4d7c-bdb7-d9d8fc4af94a#1271-t3, previous=(t:3, i:1206), leaderCommit=1203, initializing? false, entries: size=1, first=(t:3, i:1207), STATEMACHINELOGENTRY, client-CE694067961F, cid=958
2019-09-25 19:54:45,116 [java.util.concurrent.ThreadPoolExecutor$Worker@41c7fc32[State = -1, empty queue]] WARN  server.GrpcLogAppender (GrpcLogAppender.java:timeoutAppendRequest(200)) - 9fa3cfc6-f64e-4b08-bae1-f5e1c71227db@group-374B680C540A->0874ac74-a522-45ec-a23a-074b79aa09bf-GrpcLogAppender: appendEntries Timeout, request=9fa3cfc6-f64e-4b08-bae1-f5e1c71227db->0874ac74-a522-45ec-a23a-074b79aa09bf#1271-t3, previous=(t:3, i:1206), leaderCommit=1203, initializing? false, entries: size=1, first=(t:3, i:1207), STATEMACHINELOGENTRY, client-CE694067961F, cid=958
 0.00% |█                                                                                                    |  0/1 Time: 0:01:432019-09-25 19:54:45,581 [grpc-default-executor-5] WARN  server.GrpcLogAppender (GrpcLogAppender.java:onNextImpl(251)) - 9fa3cfc6-f64e-4b08-bae1-f5e1c71227db@group-374B680C540A->0874ac74-a522-45ec-a23a-074b79aa09bf-AppendLogResponseHandler: Request not found, ignoring reply: 9fa3cfc6-f64e-4b08-bae1-f5e1c71227db<-0874ac74-a522-45ec-a23a-074b79aa09bf#1268:OK,SUCCESS,nextIndex:1205,term:3,followerCommit:1203
2019-09-25 19:54:45,582 [grpc-default-executor-5] WARN  server.GrpcLogAppender (GrpcLogAppender.java:onNextImpl(251)) - 9fa3cfc6-f64e-4b08-bae1-f5e1c71227db@group-374B680C540A->bdc1229c-9b54-4d7c-bdb7-d9d8fc4af94a-AppendLogResponseHandler: Request not found, ignoring reply: 9fa3cfc6-f64e-4b08-bae1-f5e1c71227db<-bdc1229c-9b54-4d7c-bdb7-d9d8fc4af94a#1268:OK,SUCCESS,nextIndex:1205,term:3,followerCommit:1203
 0.00% |█                                                                                                    |  0/1 Time: 0:01:44 0.00% |█                                                                                                    |  0/1 Time: 0:01:452019-09-25 19:54:47,617 [java.util.concurrent.ThreadPoolExecutor$Worker@6b0d1944[State = -1, empty queue]] WARN  server.GrpcLogAppender (GrpcLogAppender.java:timeoutAppendRequest(200)) - 9fa3cfc6-f64e-4b08-bae1-f5e1c71227db@group-374B680C540A->bdc1229c-9b54-4d7c-bdb7-d9d8fc4af94a-GrpcLogAppender: appendEntries Timeout, request=9fa3cfc6-f64e-4b08-bae1-f5e1c71227db->bdc1229c-9b54-4d7c-bdb7-d9d8fc4af94a#1272-t3, previous=(t:3, i:1207), leaderCommit=1203, initializing? false, entries: <empty>
2019-09-25 19:54:47,617 [java.util.concurrent.ThreadPoolExecutor$Worker@41c7fc32[State = -1, empty queue]] WARN  server.GrpcLogAppender (GrpcLogAppender.java:timeoutAppendRequest(200)) - 9fa3cfc6-f64e-4b08-bae1-f5e1c71227db@group-374B680C540A->0874ac74-a522-45ec-a23a-074b79aa09bf-GrpcLogAppender: appendEntries Timeout, request=9fa3cfc6-f64e-4b08-bae1-f5e1c71227db->0874ac74-a522-45ec-a23a-074b79aa09bf#1272-t3, previous=(t:3, i:1207), leaderCommit=1203, initializing? false, entries: <empty>
 0.00% |█                                                                                                    |  0/1 Time: 0:01:46 0.00% |█                                                                                                    |  0/1 Time: 0:01:47 0.00% |█                                                                                                    |  0/1 Time: 0:01:482019-09-25 19:54:50,832 [grpc-default-executor-5] WARN  server.GrpcLogAppender (GrpcLogAppender.java:onNextImpl(251)) - 9fa3cfc6-f64e-4b08-bae1-f5e1c71227db@group-374B680C540A->0874ac74-a522-45ec-a23a-074b79aa09bf-AppendLogResponseHandler: Request not found, ignoring reply: 9fa3cfc6-f64e-4b08-bae1-f5e1c71227db<-0874ac74-a522-45ec-a23a-074b79aa09bf#1269:OK,SUCCESS,nextIndex:1206,term:3,followerCommit:1203
2019-09-25 19:54:50,832 [grpc-default-executor-7] WARN  server.GrpcLogAppender (GrpcLogAppender.java:onNextImpl(251)) - 9fa3cfc6-f64e-4b08-bae1-f5e1c71227db@group-374B680C540A->bdc1229c-9b54-4d7c-bdb7-d9d8fc4af94a-AppendLogResponseHandler: Request not found, ignoring reply: 9fa3cfc6-f64e-4b08-bae1-f5e1c71227db<-bdc1229c-9b54-4d7c-bdb7-d9d8fc4af94a#1269:OK,SUCCESS,nextIndex:1206,term:3,followerCommit:1203
2019-09-25 19:54:50,833 [grpc-default-executor-5] WARN  server.GrpcLogAppender (GrpcLogAppender.java:onNextImpl(251)) - 9fa3cfc6-f64e-4b08-bae1-f5e1c71227db@group-374B680C540A->0874ac74-a522-45ec-a23a-074b79aa09bf-AppendLogResponseHandler: Request not found, ignoring reply: 9fa3cfc6-f64e-4b08-bae1-f5e1c71227db<-0874ac74-a522-45ec-a23a-074b79aa09bf#1270:OK,SUCCESS,nextIndex:1207,term:3,followerCommit:1203
2019-09-25 19:54:50,833 [grpc-default-executor-7] WARN  server.GrpcLogAppender (GrpcLogAppender.java:onNextImpl(251)) - 9fa3cfc6-f64e-4b08-bae1-f5e1c71227db@group-374B680C540A->bdc1229c-9b54-4d7c-bdb7-d9d8fc4af94a-AppendLogResponseHandler: Request not found, ignoring reply: 9fa3cfc6-f64e-4b08-bae1-f5e1c71227db<-bdc1229c-9b54-4d7c-bdb7-d9d8fc4af94a#1270:OK,SUCCESS,nextIndex:1207,term:3,followerCommit:1203
2019-09-25 19:54:50,833 [grpc-default-executor-5] WARN  server.GrpcLogAppender (GrpcLogAppender.java:onNextImpl(251)) - 9fa3cfc6-f64e-4b08-bae1-f5e1c71227db@group-374B680C540A->0874ac74-a522-45ec-a23a-074b79aa09bf-AppendLogResponseHandler: Request not found, ignoring reply: 9fa3cfc6-f64e-4b08-bae1-f5e1c71227db<-0874ac74-a522-45ec-a23a-074b79aa09bf#1271:OK,SUCCESS,nextIndex:1208,term:3,followerCommit:1203
2019-09-25 19:54:50,833 [grpc-default-executor-7] WARN  server.GrpcLogAppender (GrpcLogAppender.java:onNextImpl(251)) - 9fa3cfc6-f64e-4b08-bae1-f5e1c71227db@group-374B680C540A->bdc1229c-9b54-4d7c-bdb7-d9d8fc4af94a-AppendLogResponseHandler: Request not found, ignoring reply: 9fa3cfc6-f64e-4b08-bae1-f5e1c71227db<-bdc1229c-9b54-4d7c-bdb7-d9d8fc4af94a#1271:OK,SUCCESS,nextIndex:1208,term:3,followerCommit:1203
2019-09-25 19:54:50,833 [grpc-default-executor-5] WARN  server.GrpcLogAppender (GrpcLogAppender.java:onNextImpl(251)) - 9fa3cfc6-f64e-4b08-bae1-f5e1c71227db@group-374B680C540A->0874ac74-a522-45ec-a23a-074b79aa09bf-AppendLogResponseHandler: Request not found, ignoring reply: 9fa3cfc6-f64e-4b08-bae1-f5e1c71227db<-0874ac74-a522-45ec-a23a-074b79aa09bf#1272:OK,SUCCESS,nextIndex:1208,term:3,followerCommit:1203
2019-09-25 19:54:50,834 [grpc-default-executor-7] WARN  server.GrpcLogAppender (GrpcLogAppender.java:onNextImpl(251)) - 9fa3cfc6-f64e-4b08-bae1-f5e1c71227db@group-374B680C540A->bdc1229c-9b54-4d7c-bdb7-d9d8fc4af94a-AppendLogResponseHandler: Request not found, ignoring reply: 9fa3cfc6-f64e-4b08-bae1-f5e1c71227db<-bdc1229c-9b54-4d7c-bdb7-d9d8fc4af94a#1272:OK,SUCCESS,nextIndex:1208,term:3,followerCommit:1203
 0.00% |█                                                                                                    |  0/1 Time: 0:01:49 0.00% |█                                                                                                    |  0/1 Time: 0:01:50 0.00% |█                                                                                                    |  0/1 Time: 0:01:512019-09-25 19:54:53,835 [java.util.concurrent.ThreadPoolExecutor$Worker@41c7fc32[State = -1, empty queue]] WARN  server.GrpcLogAppender (GrpcLogAppender.java:timeoutAppendRequest(200)) - 9fa3cfc6-f64e-4b08-bae1-f5e1c71227db@group-374B680C540A->0874ac74-a522-45ec-a23a-074b79aa09bf-GrpcLogAppender: appendEntries Timeout, request=9fa3cfc6-f64e-4b08-bae1-f5e1c71227db->0874ac74-a522-45ec-a23a-074b79aa09bf#1275-t3, previous=(t:3, i:1207), leaderCommit=1207, initializing? false, entries: size=1, first=(t:3, i:1208), METADATAENTRY(c1207)
2019-09-25 19:54:53,835 [java.util.concurrent.ThreadPoolExecutor$Worker@6b0d1944[State = -1, empty queue]] WARN  server.GrpcLogAppender (GrpcLogAppender.java:timeoutAppendRequest(200)) - 9fa3cfc6-f64e-4b08-bae1-f5e1c71227db@group-374B680C540A->bdc1229c-9b54-4d7c-bdb7-d9d8fc4af94a-GrpcLogAppender: appendEntries Timeout, request=9fa3cfc6-f64e-4b08-bae1-f5e1c71227db->bdc1229c-9b54-4d7c-bdb7-d9d8fc4af94a#1275-t3, previous=(t:3, i:1207), leaderCommit=1207, initializing? false, entries: size=1, first=(t:3, i:1208), METADATAENTRY(c1207)
 0.00% |█                                                                                                    |  0/1 Time: 0:01:52 0.00% |█                                                                                                    |  0/1 Time: 0:01:532019-09-25 19:54:56,243 [grpc-default-executor-5] WARN  server.GrpcLogAppender (GrpcLogAppender.java:onNextImpl(251)) - 9fa3cfc6-f64e-4b08-bae1-f5e1c71227db@group-374B680C540A->bdc1229c-9b54-4d7c-bdb7-d9d8fc4af94a-AppendLogResponseHandler: Request not found, ignoring reply: 9fa3cfc6-f64e-4b08-bae1-f5e1c71227db<-bdc1229c-9b54-4d7c-bdb7-d9d8fc4af94a#1275:OK,SUCCESS,nextIndex:1209,term:3,followerCommit:1207
2019-09-25 19:54:56,243 [grpc-default-executor-7] WARN  server.GrpcLogAppender (GrpcLogAppender.java:onNextImpl(251)) - 9fa3cfc6-f64e-4b08-bae1-f5e1c71227db@group-374B680C540A->0874ac74-a522-45ec-a23a-074b79aa09bf-AppendLogResponseHandler: Request not found, ignoring reply: 9fa3cfc6-f64e-4b08-bae1-f5e1c71227db<-0874ac74-a522-45ec-a23a-074b79aa09bf#1275:OK,SUCCESS,nextIndex:1209,term:3,followerCommit:1207
 0.00% |█                                                                                                    |  0/1 Time: 0:01:54 0.00% |█                                                                                                    |  0/1 Time: 0:01:55 0.00% |█                                                                                                    |  0/1 Time: 0:01:562019-09-25 19:54:59,259 [java.util.concurrent.ThreadPoolExecutor$Worker@6b0d1944[State = -1, empty queue]] WARN  server.GrpcLogAppender (GrpcLogAppender.java:timeoutAppendRequest(200)) - 9fa3cfc6-f64e-4b08-bae1-f5e1c71227db@group-374B680C540A->bdc1229c-9b54-4d7c-bdb7-d9d8fc4af94a-GrpcLogAppender: appendEntries Timeout, request=9fa3cfc6-f64e-4b08-bae1-f5e1c71227db->bdc1229c-9b54-4d7c-bdb7-d9d8fc4af94a#1278-t3, previous=(t:3, i:1208), leaderCommit=1208, initializing? false, entries: size=1, first=(t:3, i:1209), STATEMACHINELOGENTRY, client-CE694067961F, cid=960
2019-09-25 19:54:59,259 [java.util.concurrent.ThreadPoolExecutor$Worker@41c7fc32[State = -1, empty queue]] WARN  server.GrpcLogAppender (GrpcLogAppender.java:timeoutAppendRequest(200)) - 9fa3cfc6-f64e-4b08-bae1-f5e1c71227db@group-374B680C540A->0874ac74-a522-45ec-a23a-074b79aa09bf-GrpcLogAppender: appendEntries Timeout, request=9fa3cfc6-f64e-4b08-bae1-f5e1c71227db->0874ac74-a522-45ec-a23a-074b79aa09bf#1278-t3, previous=(t:3, i:1208), leaderCommit=1208, initializing? false, entries: size=1, first=(t:3, i:1209), STATEMACHINELOGENTRY, client-CE694067961F, cid=960
2019-09-25 19:54:59,259 [java.util.concurrent.ThreadPoolExecutor$Worker@6b0d1944[State = -1, empty queue]] WARN  server.GrpcLogAppender (GrpcLogAppender.java:timeoutAppendRequest(200)) - 9fa3cfc6-f64e-4b08-bae1-f5e1c71227db@group-374B680C540A->bdc1229c-9b54-4d7c-bdb7-d9d8fc4af94a-GrpcLogAppender: appendEntries Timeout, request=9fa3cfc6-f64e-4b08-bae1-f5e1c71227db->bdc1229c-9b54-4d7c-bdb7-d9d8fc4af94a#1279-t3, previous=(t:3, i:1209), leaderCommit=1208, initializing? false, entries: size=1, first=(t:3, i:1210), STATEMACHINELOGENTRY, client-CE694067961F, cid=961
2019-09-25 19:54:59,260 [java.util.concurrent.ThreadPoolExecutor$Worker@41c7fc32[State = -1, empty queue]] WARN  server.GrpcLogAppender (GrpcLogAppender.java:timeoutAppendRequest(200)) - 9fa3cfc6-f64e-4b08-bae1-f5e1c71227db@group-374B680C540A->0874ac74-a522-45ec-a23a-074b79aa09bf-GrpcLogAppender: appendEntries Timeout, request=9fa3cfc6-f64e-4b08-bae1-f5e1c71227db->0874ac74-a522-45ec-a23a-074b79aa09bf#1279-t3, previous=(t:3, i:1209), leaderCommit=1208, initializing? false, entries: size=1, first=(t:3, i:1210), STATEMACHINELOGENTRY, client-CE694067961F, cid=961
 0.00% |█                                                                                                    |  0/1 Time: 0:01:57 0.00% |█                                                                                                    |  0/1 Time: 0:01:582019-09-25 19:55:01,298 [grpc-default-executor-5] WARN  server.GrpcLogAppender (GrpcLogAppender.java:onNextImpl(251)) - 9fa3cfc6-f64e-4b08-bae1-f5e1c71227db@group-374B680C540A->0874ac74-a522-45ec-a23a-074b79aa09bf-AppendLogResponseHandler: Request not found, ignoring reply: 9fa3cfc6-f64e-4b08-bae1-f5e1c71227db<-0874ac74-a522-45ec-a23a-074b79aa09bf#1278:OK,SUCCESS,nextIndex:1210,term:3,followerCommit:1208
2019-09-25 19:55:01,298 [grpc-default-executor-5] WARN  server.GrpcLogAppender (GrpcLogAppender.java:onNextImpl(251)) - 9fa3cfc6-f64e-4b08-bae1-f5e1c71227db@group-374B680C540A->0874ac74-a522-45ec-a23a-074b79aa09bf-AppendLogResponseHandler: Request not found, ignoring reply: 9fa3cfc6-f64e-4b08-bae1-f5e1c71227db<-0874ac74-a522-45ec-a23a-074b79aa09bf#1279:OK,SUCCESS,nextIndex:1211,term:3,followerCommit:1208
2019-09-25 19:55:01,299 [grpc-default-executor-2] WARN  server.GrpcLogAppender (GrpcLogAppender.java:onNextImpl(251)) - 9fa3cfc6-f64e-4b08-bae1-f5e1c71227db@group-374B680C540A->bdc1229c-9b54-4d7c-bdb7-d9d8fc4af94a-AppendLogResponseHandler: Request not found, ignoring reply: 9fa3cfc6-f64e-4b08-bae1-f5e1c71227db<-bdc1229c-9b54-4d7c-bdb7-d9d8fc4af94a#1278:OK,SUCCESS,nextIndex:1210,term:3,followerCommit:1208
2019-09-25 19:55:01,299 [grpc-default-executor-2] WARN  server.GrpcLogAppender (GrpcLogAppender.java:onNextImpl(251)) - 9fa3cfc6-f64e-4b08-bae1-f5e1c71227db@group-374B680C540A->bdc1229c-9b54-4d7c-bdb7-d9d8fc4af94a-AppendLogResponseHandler: Request not found, ignoring reply: 9fa3cfc6-f64e-4b08-bae1-f5e1c71227db<-bdc1229c-9b54-4d7c-bdb7-d9d8fc4af94a#1279:OK,SUCCESS,nextIndex:1211,term:3,followerCommit:1208
 0.00% |█                                                                                                    |  0/1 Time: 0:01:59 0.00% |█                                                                                                    |  0/1 Time: 0:02:00 0.00% |█                                                                                                    |  0/1 Time: 0:02:012019-09-25 19:55:04,300 [java.util.concurrent.ThreadPoolExecutor$Worker@6b0d1944[State = -1, empty queue]] WARN  server.GrpcLogAppender (GrpcLogAppender.java:timeoutAppendRequest(200)) - 9fa3cfc6-f64e-4b08-bae1-f5e1c71227db@group-374B680C540A->bdc1229c-9b54-4d7c-bdb7-d9d8fc4af94a-GrpcLogAppender: appendEntries Timeout, request=9fa3cfc6-f64e-4b08-bae1-f5e1c71227db->bdc1229c-9b54-4d7c-bdb7-d9d8fc4af94a#1282-t3, previous=(t:3, i:1210), leaderCommit=1210, initializing? false, entries: size=1, first=(t:3, i:1211), METADATAENTRY(c1210)
2019-09-25 19:55:04,300 [java.util.concurrent.ThreadPoolExecutor$Worker@41c7fc32[State = -1, empty queue]] WARN  server.GrpcLogAppender (GrpcLogAppender.java:timeoutAppendRequest(200)) - 9fa3cfc6-f64e-4b08-bae1-f5e1c71227db@group-374B680C540A->0874ac74-a522-45ec-a23a-074b79aa09bf-GrpcLogAppender: appendEntries Timeout, request=9fa3cfc6-f64e-4b08-bae1-f5e1c71227db->0874ac74-a522-45ec-a23a-074b79aa09bf#1282-t3, previous=(t:3, i:1210), leaderCommit=1210, initializing? false, entries: size=1, first=(t:3, i:1211), METADATAENTRY(c1210)
 0.00% |█                                                                                                    |  0/1 Time: 0:02:022019-09-25 19:55:04,353 [java.util.concurrent.ThreadPoolExecutor$Worker@6b0d1944[State = -1, empty queue]] WARN  server.GrpcLogAppender (GrpcLogAppender.java:timeoutAppendRequest(200)) - 9fa3cfc6-f64e-4b08-bae1-f5e1c71227db@group-374B680C540A->bdc1229c-9b54-4d7c-bdb7-d9d8fc4af94a-GrpcLogAppender: appendEntries Timeout, request=9fa3cfc6-f64e-4b08-bae1-f5e1c71227db->bdc1229c-9b54-4d7c-bdb7-d9d8fc4af94a#1283-t3, previous=(t:3, i:1211), leaderCommit=1210, initializing? false, entries: size=1, first=(t:3, i:1212), STATEMACHINELOGENTRY, client-CE694067961F, cid=962
2019-09-25 19:55:04,353 [java.util.concurrent.ThreadPoolExecutor$Worker@41c7fc32[State = -1, empty queue]] WARN  server.GrpcLogAppender (GrpcLogAppender.java:timeoutAppendRequest(200)) - 9fa3cfc6-f64e-4b08-bae1-f5e1c71227db@group-374B680C540A->0874ac74-a522-45ec-a23a-074b79aa09bf-GrpcLogAppender: appendEntries Timeout, request=9fa3cfc6-f64e-4b08-bae1-f5e1c71227db->0874ac74-a522-45ec-a23a-074b79aa09bf#1283-t3, previous=(t:3, i:1211), leaderCommit=1210, initializing? false, entries: size=1, first=(t:3, i:1212), STATEMACHINELOGENTRY, client-CE694067961F, cid=962
2019-09-25 19:55:04,354 [java.util.concurrent.ThreadPoolExecutor$Worker@6b0d1944[State = -1, empty queue]] WARN  server.GrpcLogAppender (GrpcLogAppender.java:timeoutAppendRequest(200)) - 9fa3cfc6-f64e-4b08-bae1-f5e1c71227db@group-374B680C540A->bdc1229c-9b54-4d7c-bdb7-d9d8fc4af94a-GrpcLogAppender: appendEntries Timeout, request=9fa3cfc6-f64e-4b08-bae1-f5e1c71227db->bdc1229c-9b54-4d7c-bdb7-d9d8fc4af94a#1284-t3, previous=(t:3, i:1212), leaderCommit=1210, initializing? false, entries: size=1, first=(t:3, i:1213), STATEMACHINELOGENTRY, client-CE694067961F, cid=963
2019-09-25 19:55:04,354 [java.util.concurrent.ThreadPoolExecutor$Worker@41c7fc32[State = -1, empty queue]] WARN  server.GrpcLogAppender (GrpcLogAppender.java:timeoutAppendRequest(200)) - 9fa3cfc6-f64e-4b08-bae1-f5e1c71227db@group-374B680C540A->0874ac74-a522-45ec-a23a-074b79aa09bf-GrpcLogAppender: appendEntries Timeout, request=9fa3cfc6-f64e-4b08-bae1-f5e1c71227db->0874ac74-a522-45ec-a23a-074b79aa09bf#1284-t3, previous=(t:3, i:1212), leaderCommit=1210, initializing? false, entries: size=1, first=(t:3, i:1213), STATEMACHINELOGENTRY, client-CE694067961F, cid=963
 0.00% |█                                                                                                    |  0/1 Time: 0:02:03 0.00% |█                                                                                                    |  0/1 Time: 0:02:042019-09-25 19:55:06,436 [grpc-default-executor-7] WARN  server.GrpcLogAppender (GrpcLogAppender.java:onNextImpl(251)) - 9fa3cfc6-f64e-4b08-bae1-f5e1c71227db@group-374B680C540A->0874ac74-a522-45ec-a23a-074b79aa09bf-AppendLogResponseHandler: Request not found, ignoring reply: 9fa3cfc6-f64e-4b08-bae1-f5e1c71227db<-0874ac74-a522-45ec-a23a-074b79aa09bf#1282:OK,SUCCESS,nextIndex:1212,term:3,followerCommit:1210
2019-09-25 19:55:06,447 [grpc-default-executor-7] WARN  server.GrpcLogAppender (GrpcLogAppender.java:onNextImpl(251)) - 9fa3cfc6-f64e-4b08-bae1-f5e1c71227db@group-374B680C540A->bdc1229c-9b54-4d7c-bdb7-d9d8fc4af94a-AppendLogResponseHandler: Request not found, ignoring reply: 9fa3cfc6-f64e-4b08-bae1-f5e1c71227db<-bdc1229c-9b54-4d7c-bdb7-d9d8fc4af94a#1282:OK,SUCCESS,nextIndex:1212,term:3,followerCommit:1210
2019-09-25 19:55:06,855 [java.util.concurrent.ThreadPoolExecutor$Worker@41c7fc32[State = -1, empty queue]] WARN  server.GrpcLogAppender (GrpcLogAppender.java:timeoutAppendRequest(200)) - 9fa3cfc6-f64e-4b08-bae1-f5e1c71227db@group-374B680C540A->0874ac74-a522-45ec-a23a-074b79aa09bf-GrpcLogAppender: appendEntries Timeout, request=9fa3cfc6-f64e-4b08-bae1-f5e1c71227db->0874ac74-a522-45ec-a23a-074b79aa09bf#1285-t3, previous=(t:3, i:1213), leaderCommit=1210, initializing? false, entries: <empty>
2019-09-25 19:55:06,855 [java.util.concurrent.ThreadPoolExecutor$Worker@6b0d1944[State = -1, empty queue]] WARN  server.GrpcLogAppender (GrpcLogAppender.java:timeoutAppendRequest(200)) - 9fa3cfc6-f64e-4b08-bae1-f5e1c71227db@group-374B680C540A->bdc1229c-9b54-4d7c-bdb7-d9d8fc4af94a-GrpcLogAppender: appendEntries Timeout, request=9fa3cfc6-f64e-4b08-bae1-f5e1c71227db->bdc1229c-9b54-4d7c-bdb7-d9d8fc4af94a#1285-t3, previous=(t:3, i:1213), leaderCommit=1210, initializing? false, entries: <empty>
 0.00% |█                                                                                                    |  0/1 Time: 0:02:05 0.00% |█                                                                                                    |  0/1 Time: 0:02:06 0.00% |█                                                                                                    |  0/1 Time: 0:02:072019-09-25 19:55:09,356 [java.util.concurrent.ThreadPoolExecutor$Worker@41c7fc32[State = -1, empty queue]] WARN  server.GrpcLogAppender (GrpcLogAppender.java:timeoutAppendRequest(200)) - 9fa3cfc6-f64e-4b08-bae1-f5e1c71227db@group-374B680C540A->0874ac74-a522-45ec-a23a-074b79aa09bf-GrpcLogAppender: appendEntries Timeout, request=9fa3cfc6-f64e-4b08-bae1-f5e1c71227db->0874ac74-a522-45ec-a23a-074b79aa09bf#1286-t3, previous=(t:3, i:1213), leaderCommit=1210, initializing? false, entries: <empty>
2019-09-25 19:55:09,356 [java.util.concurrent.ThreadPoolExecutor$Worker@6b0d1944[State = -1, empty queue]] WARN  server.GrpcLogAppender (GrpcLogAppender.java:timeoutAppendRequest(200)) - 9fa3cfc6-f64e-4b08-bae1-f5e1c71227db@group-374B680C540A->bdc1229c-9b54-4d7c-bdb7-d9d8fc4af94a-GrpcLogAppender: appendEntries Timeout, request=9fa3cfc6-f64e-4b08-bae1-f5e1c71227db->bdc1229c-9b54-4d7c-bdb7-d9d8fc4af94a#1286-t3, previous=(t:3, i:1213), leaderCommit=1210, initializing? false, entries: <empty>
2019-09-25 19:55:09,695 [grpc-default-executor-2] WARN  server.GrpcLogAppender (GrpcLogAppender.java:onNextImpl(251)) - 9fa3cfc6-f64e-4b08-bae1-f5e1c71227db@group-374B680C540A->0874ac74-a522-45ec-a23a-074b79aa09bf-AppendLogResponseHandler: Request not found, ignoring reply: 9fa3cfc6-f64e-4b08-bae1-f5e1c71227db<-0874ac74-a522-45ec-a23a-074b79aa09bf#1283:OK,SUCCESS,nextIndex:1213,term:3,followerCommit:1210
2019-09-25 19:55:09,695 [grpc-default-executor-7] WARN  server.GrpcLogAppender (GrpcLogAppender.java:onNextImpl(251)) - 9fa3cfc6-f64e-4b08-bae1-f5e1c71227db@group-374B680C540A->bdc1229c-9b54-4d7c-bdb7-d9d8fc4af94a-AppendLogResponseHandler: Request not found, ignoring reply: 9fa3cfc6-f64e-4b08-bae1-f5e1c71227db<-bdc1229c-9b54-4d7c-bdb7-d9d8fc4af94a#1283:OK,SUCCESS,nextIndex:1213,term:3,followerCommit:1210
2019-09-25 19:55:09,695 [grpc-default-executor-2] WARN  server.GrpcLogAppender (GrpcLogAppender.java:onNextImpl(251)) - 9fa3cfc6-f64e-4b08-bae1-f5e1c71227db@group-374B680C540A->0874ac74-a522-45ec-a23a-074b79aa09bf-AppendLogResponseHandler: Request not found, ignoring reply: 9fa3cfc6-f64e-4b08-bae1-f5e1c71227db<-0874ac74-a522-45ec-a23a-074b79aa09bf#1284:OK,SUCCESS,nextIndex:1214,term:3,followerCommit:1210
2019-09-25 19:55:09,696 [grpc-default-executor-7] WARN  server.GrpcLogAppender (GrpcLogAppender.java:onNextImpl(251)) - 9fa3cfc6-f64e-4b08-bae1-f5e1c71227db@group-374B680C540A->bdc1229c-9b54-4d7c-bdb7-d9d8fc4af94a-AppendLogResponseHandler: Request not found, ignoring reply: 9fa3cfc6-f64e-4b08-bae1-f5e1c71227db<-bdc1229c-9b54-4d7c-bdb7-d9d8fc4af94a#1284:OK,SUCCESS,nextIndex:1214,term:3,followerCommit:1210
2019-09-25 19:55:09,696 [grpc-default-executor-2] WARN  server.GrpcLogAppender (GrpcLogAppender.java:onNextImpl(251)) - 9fa3cfc6-f64e-4b08-bae1-f5e1c71227db@group-374B680C540A->0874ac74-a522-45ec-a23a-074b79aa09bf-AppendLogResponseHandler: Request not found, ignoring reply: 9fa3cfc6-f64e-4b08-bae1-f5e1c71227db<-0874ac74-a522-45ec-a23a-074b79aa09bf#1285:OK,SUCCESS,nextIndex:1214,term:3,followerCommit:1210
2019-09-25 19:55:09,696 [grpc-default-executor-7] WARN  server.GrpcLogAppender (GrpcLogAppender.java:onNextImpl(251)) - 9fa3cfc6-f64e-4b08-bae1-f5e1c71227db@group-374B680C540A->bdc1229c-9b54-4d7c-bdb7-d9d8fc4af94a-AppendLogResponseHandler: Request not found, ignoring reply: 9fa3cfc6-f64e-4b08-bae1-f5e1c71227db<-bdc1229c-9b54-4d7c-bdb7-d9d8fc4af94a#1285:OK,SUCCESS,nextIndex:1214,term:3,followerCommit:1210
2019-09-25 19:55:09,696 [grpc-default-executor-2] WARN  server.GrpcLogAppender (GrpcLogAppender.java:onNextImpl(251)) - 9fa3cfc6-f64e-4b08-bae1-f5e1c71227db@group-374B680C540A->0874ac74-a522-45ec-a23a-074b79aa09bf-AppendLogResponseHandler: Request not found, ignoring reply: 9fa3cfc6-f64e-4b08-bae1-f5e1c71227db<-0874ac74-a522-45ec-a23a-074b79aa09bf#1286:OK,SUCCESS,nextIndex:1214,term:3,followerCommit:1210
2019-09-25 19:55:09,696 [grpc-default-executor-7] WARN  server.GrpcLogAppender (GrpcLogAppender.java:onNextImpl(251)) - 9fa3cfc6-f64e-4b08-bae1-f5e1c71227db@group-374B680C540A->bdc1229c-9b54-4d7c-bdb7-d9d8fc4af94a-AppendLogResponseHandler: Request not found, ignoring reply: 9fa3cfc6-f64e-4b08-bae1-f5e1c71227db<-bdc1229c-9b54-4d7c-bdb7-d9d8fc4af94a#1286:OK,SUCCESS,nextIndex:1214,term:3,followerCommit:1210
 0.00% |█                                                                                                    |  0/1 Time: 0:02:08 0.00% |█                                                                                                    |  0/1 Time: 0:02:09 0.00% |█                                                                                                    |  0/1 Time: 0:02:102019-09-25 19:55:12,699 [java.util.concurrent.ThreadPoolExecutor$Worker@6b0d1944[State = -1, empty queue]] WARN  server.GrpcLogAppender (GrpcLogAppender.java:timeoutAppendRequest(200)) - 9fa3cfc6-f64e-4b08-bae1-f5e1c71227db@group-374B680C540A->bdc1229c-9b54-4d7c-bdb7-d9d8fc4af94a-GrpcLogAppender: appendEntries Timeout, request=9fa3cfc6-f64e-4b08-bae1-f5e1c71227db->bdc1229c-9b54-4d7c-bdb7-d9d8fc4af94a#1288-t3, previous=(t:3, i:1213), leaderCommit=1213, initializing? false, entries: size=1, first=(t:3, i:1214), METADATAENTRY(c1213)
2019-09-25 19:55:12,699 [java.util.concurrent.ThreadPoolExecutor$Worker@41c7fc32[State = -1, empty queue]] WARN  server.GrpcLogAppender (GrpcLogAppender.java:timeoutAppendRequest(200)) - 9fa3cfc6-f64e-4b08-bae1-f5e1c71227db@group-374B680C540A->0874ac74-a522-45ec-a23a-074b79aa09bf-GrpcLogAppender: appendEntries Timeout, request=9fa3cfc6-f64e-4b08-bae1-f5e1c71227db->0874ac74-a522-45ec-a23a-074b79aa09bf#1288-t3, previous=(t:3, i:1213), leaderCommit=1213, initializing? false, entries: size=1, first=(t:3, i:1214), METADATAENTRY(c1213)
 0.00% |█                                                                                                    |  0/1 Time: 0:02:11 0.00% |█                                                                                                    |  0/1 Time: 0:02:122019-09-25 19:55:14,981 [grpc-default-executor-7] WARN  server.GrpcLogAppender (GrpcLogAppender.java:onNextImpl(251)) - 9fa3cfc6-f64e-4b08-bae1-f5e1c71227db@group-374B680C540A->0874ac74-a522-45ec-a23a-074b79aa09bf-AppendLogResponseHandler: Request not found, ignoring reply: 9fa3cfc6-f64e-4b08-bae1-f5e1c71227db<-0874ac74-a522-45ec-a23a-074b79aa09bf#1288:OK,SUCCESS,nextIndex:1215,term:3,followerCommit:1213
2019-09-25 19:55:14,982 [grpc-default-executor-2] WARN  server.GrpcLogAppender (GrpcLogAppender.java:onNextImpl(251)) - 9fa3cfc6-f64e-4b08-bae1-f5e1c71227db@group-374B680C540A->bdc1229c-9b54-4d7c-bdb7-d9d8fc4af94a-AppendLogResponseHandler: Request not found, ignoring reply: 9fa3cfc6-f64e-4b08-bae1-f5e1c71227db<-bdc1229c-9b54-4d7c-bdb7-d9d8fc4af94a#1288:OK,SUCCESS,nextIndex:1215,term:3,followerCommit:1213
 0.00% |█                                                                                                    |  0/1 Time: 0:02:13 0.00% |█                                                                                                    |  0/1 Time: 0:02:14 0.00% |█                                                                                                    |  0/1 Time: 0:02:15 0.00% |█                                                                                                    |  0/1 Time: 0:02:162019-09-25 19:55:18,515 [java.util.concurrent.ThreadPoolExecutor$Worker@6b0d1944[State = -1, empty queue]] WARN  server.GrpcLogAppender (GrpcLogAppender.java:timeoutAppendRequest(200)) - 9fa3cfc6-f64e-4b08-bae1-f5e1c71227db@group-374B680C540A->bdc1229c-9b54-4d7c-bdb7-d9d8fc4af94a-GrpcLogAppender: appendEntries Timeout, request=9fa3cfc6-f64e-4b08-bae1-f5e1c71227db->bdc1229c-9b54-4d7c-bdb7-d9d8fc4af94a#1291-t3, previous=(t:3, i:1214), leaderCommit=1214, initializing? false, entries: size=1, first=(t:3, i:1215), STATEMACHINELOGENTRY, client-0606082D86E1, cid=965
2019-09-25 19:55:18,515 [java.util.concurrent.ThreadPoolExecutor$Worker@41c7fc32[State = -1, empty queue]] WARN  server.GrpcLogAppender (GrpcLogAppender.java:timeoutAppendRequest(200)) - 9fa3cfc6-f64e-4b08-bae1-f5e1c71227db@group-374B680C540A->0874ac74-a522-45ec-a23a-074b79aa09bf-GrpcLogAppender: appendEntries Timeout, request=9fa3cfc6-f64e-4b08-bae1-f5e1c71227db->0874ac74-a522-45ec-a23a-074b79aa09bf#1291-t3, previous=(t:3, i:1214), leaderCommit=1214, initializing? false, entries: size=1, first=(t:3, i:1215), STATEMACHINELOGENTRY, client-0606082D86E1, cid=965
 0.00% |█                                                                                                    |  0/1 Time: 0:02:17 0.00% |█                                                                                                    |  0/1 Time: 0:02:182019-09-25 19:55:20,625 [grpc-default-executor-2] WARN  server.GrpcLogAppender (GrpcLogAppender.java:onNextImpl(251)) - 9fa3cfc6-f64e-4b08-bae1-f5e1c71227db@group-374B680C540A->0874ac74-a522-45ec-a23a-074b79aa09bf-AppendLogResponseHandler: Request not found, ignoring reply: 9fa3cfc6-f64e-4b08-bae1-f5e1c71227db<-0874ac74-a522-45ec-a23a-074b79aa09bf#1291:OK,SUCCESS,nextIndex:1216,term:3,followerCommit:1214
2019-09-25 19:55:20,625 [grpc-default-executor-5] WARN  server.GrpcLogAppender (GrpcLogAppender.java:onNextImpl(251)) - 9fa3cfc6-f64e-4b08-bae1-f5e1c71227db@group-374B680C540A->bdc1229c-9b54-4d7c-bdb7-d9d8fc4af94a-AppendLogResponseHandler: Request not found, ignoring reply: 9fa3cfc6-f64e-4b08-bae1-f5e1c71227db<-bdc1229c-9b54-4d7c-bdb7-d9d8fc4af94a#1291:OK,SUCCESS,nextIndex:1216,term:3,followerCommit:1214
 0.00% |█                                                                                                    |  0/1 Time: 0:02:19 0.00% |█                                                                                                    |  0/1 Time: 0:02:20 0.00% |█                                                                                                    |  0/1 Time: 0:02:212019-09-25 19:55:23,626 [java.util.concurrent.ThreadPoolExecutor$Worker@6b0d1944[State = -1, empty queue]] WARN  server.GrpcLogAppender (GrpcLogAppender.java:timeoutAppendRequest(200)) - 9fa3cfc6-f64e-4b08-bae1-f5e1c71227db@group-374B680C540A->bdc1229c-9b54-4d7c-bdb7-d9d8fc4af94a-GrpcLogAppender: appendEntries Timeout, request=9fa3cfc6-f64e-4b08-bae1-f5e1c71227db->bdc1229c-9b54-4d7c-bdb7-d9d8fc4af94a#1294-t3, previous=(t:3, i:1215), leaderCommit=1215, initializing? false, entries: size=1, first=(t:3, i:1216), METADATAENTRY(c1215)
2019-09-25 19:55:23,626 [java.util.concurrent.ThreadPoolExecutor$Worker@41c7fc32[State = -1, empty queue]] WARN  server.GrpcLogAppender (GrpcLogAppender.java:timeoutAppendRequest(200)) - 9fa3cfc6-f64e-4b08-bae1-f5e1c71227db@group-374B680C540A->0874ac74-a522-45ec-a23a-074b79aa09bf-GrpcLogAppender: appendEntries Timeout, request=9fa3cfc6-f64e-4b08-bae1-f5e1c71227db->0874ac74-a522-45ec-a23a-074b79aa09bf#1294-t3, previous=(t:3, i:1215), leaderCommit=1215, initializing? false, entries: size=1, first=(t:3, i:1216), METADATAENTRY(c1215)
2019-09-25 19:55:23,644 [java.util.concurrent.ThreadPoolExecutor$Worker@41c7fc32[State = -1, empty queue]] WARN  server.GrpcLogAppender (GrpcLogAppender.java:timeoutAppendRequest(200)) - 9fa3cfc6-f64e-4b08-bae1-f5e1c71227db@group-374B680C540A->0874ac74-a522-45ec-a23a-074b79aa09bf-GrpcLogAppender: appendEntries Timeout, request=9fa3cfc6-f64e-4b08-bae1-f5e1c71227db->0874ac74-a522-45ec-a23a-074b79aa09bf#1295-t3, previous=(t:3, i:1216), leaderCommit=1215, initializing? false, entries: size=1, first=(t:3, i:1217), STATEMACHINELOGENTRY, client-0606082D86E1, cid=966
2019-09-25 19:55:23,644 [java.util.concurrent.ThreadPoolExecutor$Worker@6b0d1944[State = -1, empty queue]] WARN  server.GrpcLogAppender (GrpcLogAppender.java:timeoutAppendRequest(200)) - 9fa3cfc6-f64e-4b08-bae1-f5e1c71227db@group-374B680C540A->bdc1229c-9b54-4d7c-bdb7-d9d8fc4af94a-GrpcLogAppender: appendEntries Timeout, request=9fa3cfc6-f64e-4b08-bae1-f5e1c71227db->bdc1229c-9b54-4d7c-bdb7-d9d8fc4af94a#1295-t3, previous=(t:3, i:1216), leaderCommit=1215, initializing? false, entries: size=1, first=(t:3, i:1217), STATEMACHINELOGENTRY, client-0606082D86E1, cid=966
2019-09-25 19:55:23,648 [java.util.concurrent.ThreadPoolExecutor$Worker@6b0d1944[State = -1, empty queue]] WARN  server.GrpcLogAppender (GrpcLogAppender.java:timeoutAppendRequest(200)) - 9fa3cfc6-f64e-4b08-bae1-f5e1c71227db@group-374B680C540A->bdc1229c-9b54-4d7c-bdb7-d9d8fc4af94a-GrpcLogAppender: appendEntries Timeout, request=9fa3cfc6-f64e-4b08-bae1-f5e1c71227db->bdc1229c-9b54-4d7c-bdb7-d9d8fc4af94a#1296-t3, previous=(t:3, i:1217), leaderCommit=1215, initializing? false, entries: size=1, first=(t:3, i:1218), STATEMACHINELOGENTRY, client-0606082D86E1, cid=967
2019-09-25 19:55:23,648 [java.util.concurrent.ThreadPoolExecutor$Worker@41c7fc32[State = -1, empty queue]] WARN  server.GrpcLogAppender (GrpcLogAppender.java:timeoutAppendRequest(200)) - 9fa3cfc6-f64e-4b08-bae1-f5e1c71227db@group-374B680C540A->0874ac74-a522-45ec-a23a-074b79aa09bf-GrpcLogAppender: appendEntries Timeout, request=9fa3cfc6-f64e-4b08-bae1-f5e1c71227db->0874ac74-a522-45ec-a23a-074b79aa09bf#1296-t3, previous=(t:3, i:1217), leaderCommit=1215, initializing? false, entries: size=1, first=(t:3, i:1218), STATEMACHINELOGENTRY, client-0606082D86E1, cid=967
2019-09-25 19:55:23,651 [java.util.concurrent.ThreadPoolExecutor$Worker@41c7fc32[State = -1, empty queue]] WARN  server.GrpcLogAppender (GrpcLogAppender.java:timeoutAppendRequest(200)) - 9fa3cfc6-f64e-4b08-bae1-f5e1c71227db@group-374B680C540A->0874ac74-a522-45ec-a23a-074b79aa09bf-GrpcLogAppender: appendEntries Timeout, request=9fa3cfc6-f64e-4b08-bae1-f5e1c71227db->0874ac74-a522-45ec-a23a-074b79aa09bf#1297-t3, previous=(t:3, i:1218), leaderCommit=1215, initializing? false, entries: size=1, first=(t:3, i:1219), STATEMACHINELOGENTRY, client-0606082D86E1, cid=968
2019-09-25 19:55:23,651 [java.util.concurrent.ThreadPoolExecutor$Worker@6b0d1944[State = -1, empty queue]] WARN  server.GrpcLogAppender (GrpcLogAppender.java:timeoutAppendRequest(200)) - 9fa3cfc6-f64e-4b08-bae1-f5e1c71227db@group-374B680C540A->bdc1229c-9b54-4d7c-bdb7-d9d8fc4af94a-GrpcLogAppender: appendEntries Timeout, request=9fa3cfc6-f64e-4b08-bae1-f5e1c71227db->bdc1229c-9b54-4d7c-bdb7-d9d8fc4af94a#1297-t3, previous=(t:3, i:1218), leaderCommit=1215, initializing? false, entries: size=1, first=(t:3, i:1219), STATEMACHINELOGENTRY, client-0606082D86E1, cid=968
 0.00% |█                                                                                                    |  0/1 Time: 0:02:22 0.00% |█                                                                                                    |  0/1 Time: 0:02:232019-09-25 19:55:25,738 [grpc-default-executor-5] WARN  server.GrpcLogAppender (GrpcLogAppender.java:onNextImpl(251)) - 9fa3cfc6-f64e-4b08-bae1-f5e1c71227db@group-374B680C540A->0874ac74-a522-45ec-a23a-074b79aa09bf-AppendLogResponseHandler: Request not found, ignoring reply: 9fa3cfc6-f64e-4b08-bae1-f5e1c71227db<-0874ac74-a522-45ec-a23a-074b79aa09bf#1294:OK,SUCCESS,nextIndex:1217,term:3,followerCommit:1215
2019-09-25 19:55:25,740 [grpc-default-executor-5] WARN  server.GrpcLogAppender (GrpcLogAppender.java:onNextImpl(251)) - 9fa3cfc6-f64e-4b08-bae1-f5e1c71227db@group-374B680C540A->bdc1229c-9b54-4d7c-bdb7-d9d8fc4af94a-AppendLogResponseHandler: Request not found, ignoring reply: 9fa3cfc6-f64e-4b08-bae1-f5e1c71227db<-bdc1229c-9b54-4d7c-bdb7-d9d8fc4af94a#1294:OK,SUCCESS,nextIndex:1217,term:3,followerCommit:1215
2019-09-25 19:55:25,892 [grpc-default-executor-5] WARN  server.GrpcLogAppender (GrpcLogAppender.java:onNextImpl(251)) - 9fa3cfc6-f64e-4b08-bae1-f5e1c71227db@group-374B680C540A->0874ac74-a522-45ec-a23a-074b79aa09bf-AppendLogResponseHandler: Request not found, ignoring reply: 9fa3cfc6-f64e-4b08-bae1-f5e1c71227db<-0874ac74-a522-45ec-a23a-074b79aa09bf#1295:OK,SUCCESS,nextIndex:1218,term:3,followerCommit:1215
2019-09-25 19:55:25,892 [grpc-default-executor-5] WARN  server.GrpcLogAppender (GrpcLogAppender.java:onNextImpl(251)) - 9fa3cfc6-f64e-4b08-bae1-f5e1c71227db@group-374B680C540A->0874ac74-a522-45ec-a23a-074b79aa09bf-AppendLogResponseHandler: Request not found, ignoring reply: 9fa3cfc6-f64e-4b08-bae1-f5e1c71227db<-0874ac74-a522-45ec-a23a-074b79aa09bf#1296:OK,SUCCESS,nextIndex:1219,term:3,followerCommit:1215
2019-09-25 19:55:25,892 [grpc-default-executor-5] WARN  server.GrpcLogAppender (GrpcLogAppender.java:onNextImpl(251)) - 9fa3cfc6-f64e-4b08-bae1-f5e1c71227db@group-374B680C540A->0874ac74-a522-45ec-a23a-074b79aa09bf-AppendLogResponseHandler: Request not found, ignoring reply: 9fa3cfc6-f64e-4b08-bae1-f5e1c71227db<-0874ac74-a522-45ec-a23a-074b79aa09bf#1297:OK,SUCCESS,nextIndex:1220,term:3,followerCommit:1215
2019-09-25 19:55:25,954 [grpc-default-executor-5] WARN  server.GrpcLogAppender (GrpcLogAppender.java:onNextImpl(251)) - 9fa3cfc6-f64e-4b08-bae1-f5e1c71227db@group-374B680C540A->bdc1229c-9b54-4d7c-bdb7-d9d8fc4af94a-AppendLogResponseHandler: Request not found, ignoring reply: 9fa3cfc6-f64e-4b08-bae1-f5e1c71227db<-bdc1229c-9b54-4d7c-bdb7-d9d8fc4af94a#1295:OK,SUCCESS,nextIndex:1218,term:3,followerCommit:1215
2019-09-25 19:55:25,954 [grpc-default-executor-5] WARN  server.GrpcLogAppender (GrpcLogAppender.java:onNextImpl(251)) - 9fa3cfc6-f64e-4b08-bae1-f5e1c71227db@group-374B680C540A->bdc1229c-9b54-4d7c-bdb7-d9d8fc4af94a-AppendLogResponseHandler: Request not found, ignoring reply: 9fa3cfc6-f64e-4b08-bae1-f5e1c71227db<-bdc1229c-9b54-4d7c-bdb7-d9d8fc4af94a#1296:OK,SUCCESS,nextIndex:1219,term:3,followerCommit:1215
2019-09-25 19:55:25,956 [grpc-default-executor-5] WARN  server.GrpcLogAppender (GrpcLogAppender.java:onNextImpl(251)) - 9fa3cfc6-f64e-4b08-bae1-f5e1c71227db@group-374B680C540A->bdc1229c-9b54-4d7c-bdb7-d9d8fc4af94a-AppendLogResponseHandler: Request not found, ignoring reply: 9fa3cfc6-f64e-4b08-bae1-f5e1c71227db<-bdc1229c-9b54-4d7c-bdb7-d9d8fc4af94a#1297:OK,SUCCESS,nextIndex:1220,term:3,followerCommit:1215
 0.00% |█                                                                                                    |  0/1 Time: 0:02:24 0.00% |█                                                                                                    |  0/1 Time: 0:02:25 0.00% |█                                                                                                    |  0/1 Time: 0:02:262019-09-25 19:55:28,953 [java.util.concurrent.ThreadPoolExecutor$Worker@6b0d1944[State = -1, empty queue]] WARN  server.GrpcLogAppender (GrpcLogAppender.java:timeoutAppendRequest(200)) - 9fa3cfc6-f64e-4b08-bae1-f5e1c71227db@group-374B680C540A->bdc1229c-9b54-4d7c-bdb7-d9d8fc4af94a-GrpcLogAppender: appendEntries Timeout, request=9fa3cfc6-f64e-4b08-bae1-f5e1c71227db->bdc1229c-9b54-4d7c-bdb7-d9d8fc4af94a#1300-t3, previous=(t:3, i:1219), leaderCommit=1219, initializing? false, entries: size=1, first=(t:3, i:1220), METADATAENTRY(c1219)
2019-09-25 19:55:28,953 [java.util.concurrent.ThreadPoolExecutor$Worker@41c7fc32[State = -1, empty queue]] WARN  server.GrpcLogAppender (GrpcLogAppender.java:timeoutAppendRequest(200)) - 9fa3cfc6-f64e-4b08-bae1-f5e1c71227db@group-374B680C540A->0874ac74-a522-45ec-a23a-074b79aa09bf-GrpcLogAppender: appendEntries Timeout, request=9fa3cfc6-f64e-4b08-bae1-f5e1c71227db->0874ac74-a522-45ec-a23a-074b79aa09bf#1300-t3, previous=(t:3, i:1219), leaderCommit=1219, initializing? false, entries: size=1, first=(t:3, i:1220), METADATAENTRY(c1219)
 0.00% |█                                                                                                    |  0/1 Time: 0:02:27 0.00% |█                                                                                                    |  0/1 Time: 0:02:282019-09-25 19:55:30,971 [pool-277-thread-1] WARN  scm.XceiverClientRatis (XceiverClientRatis.java:watchForCommit(292)) - 3 way commit failed on pipeline Pipeline[ Id: 1643adf8-58cb-48db-8454-374b680c540a, Nodes: 0874ac74-a522-45ec-a23a-074b79aa09bf{ip: 192.168.164.231, host: pr-hdds-2174-f48n4-3529231201, networkLocation: /default-rack, certSerialId: null}9fa3cfc6-f64e-4b08-bae1-f5e1c71227db{ip: 192.168.164.231, host: pr-hdds-2174-f48n4-3529231201, networkLocation: /default-rack, certSerialId: null}bdc1229c-9b54-4d7c-bdb7-d9d8fc4af94a{ip: 192.168.164.231, host: pr-hdds-2174-f48n4-3529231201, networkLocation: /default-rack, certSerialId: null}, Type:RATIS, Factor:THREE, State:OPEN]
java.util.concurrent.TimeoutException
	at java.util.concurrent.CompletableFuture.timedGet(CompletableFuture.java:1771)
	at java.util.concurrent.CompletableFuture.get(CompletableFuture.java:1915)
	at org.apache.hadoop.hdds.scm.XceiverClientRatis.watchForCommit(XceiverClientRatis.java:289)
	at org.apache.hadoop.hdds.scm.storage.CommitWatcher.watchForCommit(CommitWatcher.java:194)
	at org.apache.hadoop.hdds.scm.storage.CommitWatcher.watchOnFirstIndex(CommitWatcher.java:135)
	at org.apache.hadoop.hdds.scm.storage.BlockOutputStream.watchForCommit(BlockOutputStream.java:347)
	at org.apache.hadoop.hdds.scm.storage.BlockOutputStream.handleFullBuffer(BlockOutputStream.java:324)
	at org.apache.hadoop.hdds.scm.storage.BlockOutputStream.write(BlockOutputStream.java:251)
	at org.apache.hadoop.ozone.client.io.BlockOutputStreamEntry.write(BlockOutputStreamEntry.java:129)
	at org.apache.hadoop.ozone.client.io.KeyOutputStream.handleWrite(KeyOutputStream.java:208)
	at org.apache.hadoop.ozone.client.io.KeyOutputStream.write(KeyOutputStream.java:190)
	at org.apache.hadoop.ozone.client.io.OzoneOutputStream.write(OzoneOutputStream.java:49)
	at org.apache.hadoop.ozone.freon.RandomKeyGenerator.createKey(RandomKeyGenerator.java:708)
	at org.apache.hadoop.ozone.freon.RandomKeyGenerator.access$1100(RandomKeyGenerator.java:88)
	at org.apache.hadoop.ozone.freon.RandomKeyGenerator$ObjectCreator.run(RandomKeyGenerator.java:615)
	at java.util.concurrent.Executors$RunnableAdapter.call(Executors.java:511)
	at java.util.concurrent.FutureTask.run(FutureTask.java:266)
	at java.util.concurrent.ThreadPoolExecutor.runWorker(ThreadPoolExecutor.java:1149)
	at java.util.concurrent.ThreadPoolExecutor$Worker.run(ThreadPoolExecutor.java:624)
	at java.lang.Thread.run(Thread.java:748)
 0.00% |█                                                                                                    |  0/1 Time: 0:02:292019-09-25 19:55:31,398 [grpc-default-executor-2] WARN  server.GrpcLogAppender (GrpcLogAppender.java:onNextImpl(251)) - 9fa3cfc6-f64e-4b08-bae1-f5e1c71227db@group-374B680C540A->0874ac74-a522-45ec-a23a-074b79aa09bf-AppendLogResponseHandler: Request not found, ignoring reply: 9fa3cfc6-f64e-4b08-bae1-f5e1c71227db<-0874ac74-a522-45ec-a23a-074b79aa09bf#1300:OK,SUCCESS,nextIndex:1221,term:3,followerCommit:1219
2019-09-25 19:55:31,406 [grpc-default-executor-2] WARN  server.GrpcLogAppender (GrpcLogAppender.java:onNextImpl(251)) - 9fa3cfc6-f64e-4b08-bae1-f5e1c71227db@group-374B680C540A->bdc1229c-9b54-4d7c-bdb7-d9d8fc4af94a-AppendLogResponseHandler: Request not found, ignoring reply: 9fa3cfc6-f64e-4b08-bae1-f5e1c71227db<-bdc1229c-9b54-4d7c-bdb7-d9d8fc4af94a#1300:OK,SUCCESS,nextIndex:1221,term:3,followerCommit:1219
2019-09-25 19:55:31,409 [pool-277-thread-1] INFO  scm.XceiverClientRatis (XceiverClientRatis.java:lambda$watchForCommit$7(310)) - Could not commit index 1217 on pipeline Pipeline[ Id: 1643adf8-58cb-48db-8454-374b680c540a, Nodes: 0874ac74-a522-45ec-a23a-074b79aa09bf{ip: 192.168.164.231, host: pr-hdds-2174-f48n4-3529231201, networkLocation: /default-rack, certSerialId: null}9fa3cfc6-f64e-4b08-bae1-f5e1c71227db{ip: 192.168.164.231, host: pr-hdds-2174-f48n4-3529231201, networkLocation: /default-rack, certSerialId: null}bdc1229c-9b54-4d7c-bdb7-d9d8fc4af94a{ip: 192.168.164.231, host: pr-hdds-2174-f48n4-3529231201, networkLocation: /default-rack, certSerialId: null}, Type:RATIS, Factor:THREE, State:OPEN] to all the nodes. Server bdc1229c-9b54-4d7c-bdb7-d9d8fc4af94a has failed. Committed by majority.
2019-09-25 19:55:31,410 [pool-277-thread-1] WARN  storage.BlockOutputStream (BlockOutputStream.java:watchForCommit(353)) - Failed to commit BlockId conID: 1 locID: 102854897324327350 bcsId: 1219 on Pipeline[ Id: 1643adf8-58cb-48db-8454-374b680c540a, Nodes: 0874ac74-a522-45ec-a23a-074b79aa09bf{ip: 192.168.164.231, host: pr-hdds-2174-f48n4-3529231201, networkLocation: /default-rack, certSerialId: null}9fa3cfc6-f64e-4b08-bae1-f5e1c71227db{ip: 192.168.164.231, host: pr-hdds-2174-f48n4-3529231201, networkLocation: /default-rack, certSerialId: null}bdc1229c-9b54-4d7c-bdb7-d9d8fc4af94a{ip: 192.168.164.231, host: pr-hdds-2174-f48n4-3529231201, networkLocation: /default-rack, certSerialId: null}, Type:RATIS, Factor:THREE, State:OPEN]. Failed nodes: [bdc1229c-9b54-4d7c-bdb7-d9d8fc4af94a{ip: null, host: null, networkLocation: /default-rack, certSerialId: null}]
 0.00% |█                                                                                                    |  0/1 Time: 0:02:30 0.00% |█                                                                                                    |  0/1 Time: 0:02:31 0.00% |█                                                                                                    |  0/1 Time: 0:02:322019-09-25 19:55:34,423 [java.util.concurrent.ThreadPoolExecutor$Worker@6b0d1944[State = -1, empty queue]] WARN  server.GrpcLogAppender (GrpcLogAppender.java:timeoutAppendRequest(200)) - 9fa3cfc6-f64e-4b08-bae1-f5e1c71227db@group-374B680C540A->bdc1229c-9b54-4d7c-bdb7-d9d8fc4af94a-GrpcLogAppender: appendEntries Timeout, request=9fa3cfc6-f64e-4b08-bae1-f5e1c71227db->bdc1229c-9b54-4d7c-bdb7-d9d8fc4af94a#1303-t3, previous=(t:3, i:1220), leaderCommit=1220, initializing? false, entries: size=1, first=(t:3, i:1221), STATEMACHINELOGENTRY, client-0606082D86E1, cid=971
2019-09-25 19:55:34,424 [java.util.concurrent.ThreadPoolExecutor$Worker@6b0d1944[State = -1, empty queue]] WARN  server.GrpcLogAppender (GrpcLogAppender.java:timeoutAppendRequest(200)) - 9fa3cfc6-f64e-4b08-bae1-f5e1c71227db@group-374B680C540A->bdc1229c-9b54-4d7c-bdb7-d9d8fc4af94a-GrpcLogAppender: appendEntries Timeout, request=9fa3cfc6-f64e-4b08-bae1-f5e1c71227db->bdc1229c-9b54-4d7c-bdb7-d9d8fc4af94a#1304-t3, previous=(t:3, i:1221), leaderCommit=1220, initializing? false, entries: size=1, first=(t:3, i:1222), STATEMACHINELOGENTRY, client-0606082D86E1, cid=972
2019-09-25 19:55:34,424 [java.util.concurrent.ThreadPoolExecutor$Worker@41c7fc32[State = -1, empty queue]] WARN  server.GrpcLogAppender (GrpcLogAppender.java:timeoutAppendRequest(200)) - 9fa3cfc6-f64e-4b08-bae1-f5e1c71227db@group-374B680C540A->0874ac74-a522-45ec-a23a-074b79aa09bf-GrpcLogAppender: appendEntries Timeout, request=9fa3cfc6-f64e-4b08-bae1-f5e1c71227db->0874ac74-a522-45ec-a23a-074b79aa09bf#1303-t3, previous=(t:3, i:1220), leaderCommit=1220, initializing? false, entries: size=1, first=(t:3, i:1221), STATEMACHINELOGENTRY, client-0606082D86E1, cid=971
2019-09-25 19:55:34,424 [java.util.concurrent.ThreadPoolExecutor$Worker@41c7fc32[State = -1, empty queue]] WARN  server.GrpcLogAppender (GrpcLogAppender.java:timeoutAppendRequest(200)) - 9fa3cfc6-f64e-4b08-bae1-f5e1c71227db@group-374B680C540A->0874ac74-a522-45ec-a23a-074b79aa09bf-GrpcLogAppender: appendEntries Timeout, request=9fa3cfc6-f64e-4b08-bae1-f5e1c71227db->0874ac74-a522-45ec-a23a-074b79aa09bf#1304-t3, previous=(t:3, i:1221), leaderCommit=1220, initializing? false, entries: size=1, first=(t:3, i:1222), STATEMACHINELOGENTRY, client-0606082D86E1, cid=972
 0.00% |█                                                                                                    |  0/1 Time: 0:02:33 0.00% |█                                                                                                    |  0/1 Time: 0:02:342019-09-25 19:55:36,515 [grpc-default-executor-5] WARN  server.GrpcLogAppender (GrpcLogAppender.java:onNextImpl(251)) - 9fa3cfc6-f64e-4b08-bae1-f5e1c71227db@group-374B680C540A->0874ac74-a522-45ec-a23a-074b79aa09bf-AppendLogResponseHandler: Request not found, ignoring reply: 9fa3cfc6-f64e-4b08-bae1-f5e1c71227db<-0874ac74-a522-45ec-a23a-074b79aa09bf#1303:OK,SUCCESS,nextIndex:1222,term:3,followerCommit:1220
2019-09-25 19:55:36,516 [grpc-default-executor-5] WARN  server.GrpcLogAppender (GrpcLogAppender.java:onNextImpl(251)) - 9fa3cfc6-f64e-4b08-bae1-f5e1c71227db@group-374B680C540A->0874ac74-a522-45ec-a23a-074b79aa09bf-AppendLogResponseHandler: Request not found, ignoring reply: 9fa3cfc6-f64e-4b08-bae1-f5e1c71227db<-0874ac74-a522-45ec-a23a-074b79aa09bf#1304:OK,SUCCESS,nextIndex:1223,term:3,followerCommit:1220
2019-09-25 19:55:36,735 [grpc-default-executor-7] WARN  server.GrpcLogAppender (GrpcLogAppender.java:onNextImpl(251)) - 9fa3cfc6-f64e-4b08-bae1-f5e1c71227db@group-374B680C540A->bdc1229c-9b54-4d7c-bdb7-d9d8fc4af94a-AppendLogResponseHandler: Request not found, ignoring reply: 9fa3cfc6-f64e-4b08-bae1-f5e1c71227db<-bdc1229c-9b54-4d7c-bdb7-d9d8fc4af94a#1303:OK,SUCCESS,nextIndex:1222,term:3,followerCommit:1220
2019-09-25 19:55:36,736 [grpc-default-executor-7] WARN  server.GrpcLogAppender (GrpcLogAppender.java:onNextImpl(251)) - 9fa3cfc6-f64e-4b08-bae1-f5e1c71227db@group-374B680C540A->bdc1229c-9b54-4d7c-bdb7-d9d8fc4af94a-AppendLogResponseHandler: Request not found, ignoring reply: 9fa3cfc6-f64e-4b08-bae1-f5e1c71227db<-bdc1229c-9b54-4d7c-bdb7-d9d8fc4af94a#1304:OK,SUCCESS,nextIndex:1223,term:3,followerCommit:1220
 0.00% |█                                                                                                    |  0/1 Time: 0:02:35 0.00% |█                                                                                                    |  0/1 Time: 0:02:36 0.00% |█                                                                                                    |  0/1 Time: 0:02:372019-09-25 19:55:39,735 [java.util.concurrent.ThreadPoolExecutor$Worker@41c7fc32[State = -1, empty queue]] WARN  server.GrpcLogAppender (GrpcLogAppender.java:timeoutAppendRequest(200)) - 9fa3cfc6-f64e-4b08-bae1-f5e1c71227db@group-374B680C540A->0874ac74-a522-45ec-a23a-074b79aa09bf-GrpcLogAppender: appendEntries Timeout, request=9fa3cfc6-f64e-4b08-bae1-f5e1c71227db->0874ac74-a522-45ec-a23a-074b79aa09bf#1307-t3, previous=(t:3, i:1222), leaderCommit=1222, initializing? false, entries: size=1, first=(t:3, i:1223), METADATAENTRY(c1222)
2019-09-25 19:55:39,735 [java.util.concurrent.ThreadPoolExecutor$Worker@6b0d1944[State = -1, empty queue]] WARN  server.GrpcLogAppender (GrpcLogAppender.java:timeoutAppendRequest(200)) - 9fa3cfc6-f64e-4b08-bae1-f5e1c71227db@group-374B680C540A->bdc1229c-9b54-4d7c-bdb7-d9d8fc4af94a-GrpcLogAppender: appendEntries Timeout, request=9fa3cfc6-f64e-4b08-bae1-f5e1c71227db->bdc1229c-9b54-4d7c-bdb7-d9d8fc4af94a#1307-t3, previous=(t:3, i:1222), leaderCommit=1222, initializing? false, entries: size=1, first=(t:3, i:1223), METADATAENTRY(c1222)
2019-09-25 19:55:39,765 [java.util.concurrent.ThreadPoolExecutor$Worker@6b0d1944[State = -1, empty queue]] WARN  server.GrpcLogAppender (GrpcLogAppender.java:timeoutAppendRequest(200)) - 9fa3cfc6-f64e-4b08-bae1-f5e1c71227db@group-374B680C540A->bdc1229c-9b54-4d7c-bdb7-d9d8fc4af94a-GrpcLogAppender: appendEntries Timeout, request=9fa3cfc6-f64e-4b08-bae1-f5e1c71227db->bdc1229c-9b54-4d7c-bdb7-d9d8fc4af94a#1308-t3, previous=(t:3, i:1223), leaderCommit=1222, initializing? false, entries: size=1, first=(t:3, i:1224), STATEMACHINELOGENTRY, client-0606082D86E1, cid=973
2019-09-25 19:55:39,765 [java.util.concurrent.ThreadPoolExecutor$Worker@41c7fc32[State = -1, empty queue]] WARN  server.GrpcLogAppender (GrpcLogAppender.java:timeoutAppendRequest(200)) - 9fa3cfc6-f64e-4b08-bae1-f5e1c71227db@group-374B680C540A->0874ac74-a522-45ec-a23a-074b79aa09bf-GrpcLogAppender: appendEntries Timeout, request=9fa3cfc6-f64e-4b08-bae1-f5e1c71227db->0874ac74-a522-45ec-a23a-074b79aa09bf#1308-t3, previous=(t:3, i:1223), leaderCommit=1222, initializing? false, entries: size=1, first=(t:3, i:1224), STATEMACHINELOGENTRY, client-0606082D86E1, cid=973
2019-09-25 19:55:39,765 [java.util.concurrent.ThreadPoolExecutor$Worker@6b0d1944[State = -1, empty queue]] WARN  server.GrpcLogAppender (GrpcLogAppender.java:timeoutAppendRequest(200)) - 9fa3cfc6-f64e-4b08-bae1-f5e1c71227db@group-374B680C540A->bdc1229c-9b54-4d7c-bdb7-d9d8fc4af94a-GrpcLogAppender: appendEntries Timeout, request=9fa3cfc6-f64e-4b08-bae1-f5e1c71227db->bdc1229c-9b54-4d7c-bdb7-d9d8fc4af94a#1309-t3, previous=(t:3, i:1224), leaderCommit=1222, initializing? false, entries: size=1, first=(t:3, i:1225), STATEMACHINELOGENTRY, client-0606082D86E1, cid=974
2019-09-25 19:55:39,765 [java.util.concurrent.ThreadPoolExecutor$Worker@41c7fc32[State = -1, empty queue]] WARN  server.GrpcLogAppender (GrpcLogAppender.java:timeoutAppendRequest(200)) - 9fa3cfc6-f64e-4b08-bae1-f5e1c71227db@group-374B680C540A->0874ac74-a522-45ec-a23a-074b79aa09bf-GrpcLogAppender: appendEntries Timeout, request=9fa3cfc6-f64e-4b08-bae1-f5e1c71227db->0874ac74-a522-45ec-a23a-074b79aa09bf#1309-t3, previous=(t:3, i:1224), leaderCommit=1222, initializing? false, entries: size=1, first=(t:3, i:1225), STATEMACHINELOGENTRY, client-0606082D86E1, cid=974
 0.00% |█                                                                                                    |  0/1 Time: 0:02:38 0.00% |█                                                                                                    |  0/1 Time: 0:02:392019-09-25 19:55:41,417 [ReplicationMonitor] INFO  container.ReplicationManager (ReplicationManager.java:run(225)) - Replication Monitor Thread took 1 milliseconds for processing 3 containers.
2019-09-25 19:55:41,881 [grpc-default-executor-2] WARN  server.GrpcLogAppender (GrpcLogAppender.java:onNextImpl(251)) - 9fa3cfc6-f64e-4b08-bae1-f5e1c71227db@group-374B680C540A->bdc1229c-9b54-4d7c-bdb7-d9d8fc4af94a-AppendLogResponseHandler: Request not found, ignoring reply: 9fa3cfc6-f64e-4b08-bae1-f5e1c71227db<-bdc1229c-9b54-4d7c-bdb7-d9d8fc4af94a#1307:OK,SUCCESS,nextIndex:1224,term:3,followerCommit:1222
2019-09-25 19:55:41,882 [grpc-default-executor-2] WARN  server.GrpcLogAppender (GrpcLogAppender.java:onNextImpl(251)) - 9fa3cfc6-f64e-4b08-bae1-f5e1c71227db@group-374B680C540A->0874ac74-a522-45ec-a23a-074b79aa09bf-AppendLogResponseHandler: Request not found, ignoring reply: 9fa3cfc6-f64e-4b08-bae1-f5e1c71227db<-0874ac74-a522-45ec-a23a-074b79aa09bf#1307:OK,SUCCESS,nextIndex:1224,term:3,followerCommit:1222
2019-09-25 19:55:42,266 [java.util.concurrent.ThreadPoolExecutor$Worker@6b0d1944[State = -1, empty queue]] WARN  server.GrpcLogAppender (GrpcLogAppender.java:timeoutAppendRequest(200)) - 9fa3cfc6-f64e-4b08-bae1-f5e1c71227db@group-374B680C540A->bdc1229c-9b54-4d7c-bdb7-d9d8fc4af94a-GrpcLogAppender: appendEntries Timeout, request=9fa3cfc6-f64e-4b08-bae1-f5e1c71227db->bdc1229c-9b54-4d7c-bdb7-d9d8fc4af94a#1310-t3, previous=(t:3, i:1225), leaderCommit=1222, initializing? false, entries: <empty>
2019-09-25 19:55:42,266 [java.util.concurrent.ThreadPoolExecutor$Worker@41c7fc32[State = -1, empty queue]] WARN  server.GrpcLogAppender (GrpcLogAppender.java:timeoutAppendRequest(200)) - 9fa3cfc6-f64e-4b08-bae1-f5e1c71227db@group-374B680C540A->0874ac74-a522-45ec-a23a-074b79aa09bf-GrpcLogAppender: appendEntries Timeout, request=9fa3cfc6-f64e-4b08-bae1-f5e1c71227db->0874ac74-a522-45ec-a23a-074b79aa09bf#1310-t3, previous=(t:3, i:1225), leaderCommit=1222, initializing? false, entries: <empty>
 0.00% |█                                                                                                    |  0/1 Time: 0:02:40 0.00% |█                                                                                                    |  0/1 Time: 0:02:41 0.00% |█                                                                                                    |  0/1 Time: 0:02:422019-09-25 19:55:44,767 [java.util.concurrent.ThreadPoolExecutor$Worker@6b0d1944[State = -1, empty queue]] WARN  server.GrpcLogAppender (GrpcLogAppender.java:timeoutAppendRequest(200)) - 9fa3cfc6-f64e-4b08-bae1-f5e1c71227db@group-374B680C540A->bdc1229c-9b54-4d7c-bdb7-d9d8fc4af94a-GrpcLogAppender: appendEntries Timeout, request=9fa3cfc6-f64e-4b08-bae1-f5e1c71227db->bdc1229c-9b54-4d7c-bdb7-d9d8fc4af94a#1311-t3, previous=(t:3, i:1225), leaderCommit=1222, initializing? false, entries: <empty>
2019-09-25 19:55:44,767 [java.util.concurrent.ThreadPoolExecutor$Worker@41c7fc32[State = -1, empty queue]] WARN  server.GrpcLogAppender (GrpcLogAppender.java:timeoutAppendRequest(200)) - 9fa3cfc6-f64e-4b08-bae1-f5e1c71227db@group-374B680C540A->0874ac74-a522-45ec-a23a-074b79aa09bf-GrpcLogAppender: appendEntries Timeout, request=9fa3cfc6-f64e-4b08-bae1-f5e1c71227db->0874ac74-a522-45ec-a23a-074b79aa09bf#1311-t3, previous=(t:3, i:1225), leaderCommit=1222, initializing? false, entries: <empty>
 0.00% |█                                                                                                    |  0/1 Time: 0:02:43 0.00% |█                                                                                                    |  0/1 Time: 0:02:442019-09-25 19:55:47,236 [grpc-default-executor-7] WARN  server.GrpcLogAppender (GrpcLogAppender.java:onNextImpl(251)) - 9fa3cfc6-f64e-4b08-bae1-f5e1c71227db@group-374B680C540A->bdc1229c-9b54-4d7c-bdb7-d9d8fc4af94a-AppendLogResponseHandler: Request not found, ignoring reply: 9fa3cfc6-f64e-4b08-bae1-f5e1c71227db<-bdc1229c-9b54-4d7c-bdb7-d9d8fc4af94a#1308:OK,SUCCESS,nextIndex:1225,term:3,followerCommit:1222
2019-09-25 19:55:47,236 [grpc-default-executor-5] WARN  server.GrpcLogAppender (GrpcLogAppender.java:onNextImpl(251)) - 9fa3cfc6-f64e-4b08-bae1-f5e1c71227db@group-374B680C540A->0874ac74-a522-45ec-a23a-074b79aa09bf-AppendLogResponseHandler: Request not found, ignoring reply: 9fa3cfc6-f64e-4b08-bae1-f5e1c71227db<-0874ac74-a522-45ec-a23a-074b79aa09bf#1308:OK,SUCCESS,nextIndex:1225,term:3,followerCommit:1222
2019-09-25 19:55:47,237 [grpc-default-executor-7] WARN  server.GrpcLogAppender (GrpcLogAppender.java:onNextImpl(251)) - 9fa3cfc6-f64e-4b08-bae1-f5e1c71227db@group-374B680C540A->bdc1229c-9b54-4d7c-bdb7-d9d8fc4af94a-AppendLogResponseHandler: Request not found, ignoring reply: 9fa3cfc6-f64e-4b08-bae1-f5e1c71227db<-bdc1229c-9b54-4d7c-bdb7-d9d8fc4af94a#1309:OK,SUCCESS,nextIndex:1226,term:3,followerCommit:1222
2019-09-25 19:55:47,237 [grpc-default-executor-5] WARN  server.GrpcLogAppender (GrpcLogAppender.java:onNextImpl(251)) - 9fa3cfc6-f64e-4b08-bae1-f5e1c71227db@group-374B680C540A->0874ac74-a522-45ec-a23a-074b79aa09bf-AppendLogResponseHandler: Request not found, ignoring reply: 9fa3cfc6-f64e-4b08-bae1-f5e1c71227db<-0874ac74-a522-45ec-a23a-074b79aa09bf#1309:OK,SUCCESS,nextIndex:1226,term:3,followerCommit:1222
2019-09-25 19:55:47,237 [grpc-default-executor-7] WARN  server.GrpcLogAppender (GrpcLogAppender.java:onNextImpl(251)) - 9fa3cfc6-f64e-4b08-bae1-f5e1c71227db@group-374B680C540A->bdc1229c-9b54-4d7c-bdb7-d9d8fc4af94a-AppendLogResponseHandler: Request not found, ignoring reply: 9fa3cfc6-f64e-4b08-bae1-f5e1c71227db<-bdc1229c-9b54-4d7c-bdb7-d9d8fc4af94a#1310:OK,SUCCESS,nextIndex:1226,term:3,followerCommit:1222
2019-09-25 19:55:47,237 [grpc-default-executor-5] WARN  server.GrpcLogAppender (GrpcLogAppender.java:onNextImpl(251)) - 9fa3cfc6-f64e-4b08-bae1-f5e1c71227db@group-374B680C540A->0874ac74-a522-45ec-a23a-074b79aa09bf-AppendLogResponseHandler: Request not found, ignoring reply: 9fa3cfc6-f64e-4b08-bae1-f5e1c71227db<-0874ac74-a522-45ec-a23a-074b79aa09bf#1310:OK,SUCCESS,nextIndex:1226,term:3,followerCommit:1222
2019-09-25 19:55:47,237 [grpc-default-executor-7] WARN  server.GrpcLogAppender (GrpcLogAppender.java:onNextImpl(251)) - 9fa3cfc6-f64e-4b08-bae1-f5e1c71227db@group-374B680C540A->bdc1229c-9b54-4d7c-bdb7-d9d8fc4af94a-AppendLogResponseHandler: Request not found, ignoring reply: 9fa3cfc6-f64e-4b08-bae1-f5e1c71227db<-bdc1229c-9b54-4d7c-bdb7-d9d8fc4af94a#1311:OK,SUCCESS,nextIndex:1226,term:3,followerCommit:1222
2019-09-25 19:55:47,237 [grpc-default-executor-5] WARN  server.GrpcLogAppender (GrpcLogAppender.java:onNextImpl(251)) - 9fa3cfc6-f64e-4b08-bae1-f5e1c71227db@group-374B680C540A->0874ac74-a522-45ec-a23a-074b79aa09bf-AppendLogResponseHandler: Request not found, ignoring reply: 9fa3cfc6-f64e-4b08-bae1-f5e1c71227db<-0874ac74-a522-45ec-a23a-074b79aa09bf#1311:OK,SUCCESS,nextIndex:1226,term:3,followerCommit:1222
 0.00% |█                                                                                                    |  0/1 Time: 0:02:45 0.00% |█                                                                                                    |  0/1 Time: 0:02:46 0.00% |█                                                                                                    |  0/1 Time: 0:02:47 0.00% |█                                                                                                    |  0/1 Time: 0:02:482019-09-25 19:55:50,696 [IPC Server handler 13 on 40206] WARN  block.BlockManagerImpl (BlockManagerImpl.java:allocateBlock(192)) - Pipeline creation failed for type:RATIS factor:THREE. Retrying get pipelines call once.
org.apache.hadoop.hdds.scm.pipeline.InsufficientDatanodesException: Cannot create pipeline of factor 3 using 2 nodes.
	at org.apache.hadoop.hdds.scm.pipeline.RatisPipelineProvider.create(RatisPipelineProvider.java:153)
	at org.apache.hadoop.hdds.scm.pipeline.PipelineFactory.create(PipelineFactory.java:58)
	at org.apache.hadoop.hdds.scm.pipeline.SCMPipelineManager.createPipeline(SCMPipelineManager.java:155)
	at org.apache.hadoop.hdds.scm.block.BlockManagerImpl.allocateBlock(BlockManagerImpl.java:190)
	at org.apache.hadoop.hdds.scm.server.SCMBlockProtocolServer.allocateBlock(SCMBlockProtocolServer.java:182)
	at org.apache.hadoop.ozone.protocolPB.ScmBlockLocationProtocolServerSideTranslatorPB.allocateScmBlock(ScmBlockLocationProtocolServerSideTranslatorPB.java:183)
	at org.apache.hadoop.ozone.protocolPB.ScmBlockLocationProtocolServerSideTranslatorPB.processMessage(ScmBlockLocationProtocolServerSideTranslatorPB.java:141)
	at org.apache.hadoop.ozone.protocolPB.ScmBlockLocationProtocolServerSideTranslatorPB.send(ScmBlockLocationProtocolServerSideTranslatorPB.java:116)
	at org.apache.hadoop.hdds.protocol.proto.ScmBlockLocationProtocolProtos$ScmBlockLocationProtocolService$2.callBlockingMethod(ScmBlockLocationProtocolProtos.java:13157)
	at org.apache.hadoop.ipc.ProtobufRpcEngine$Server$ProtoBufRpcInvoker.call(ProtobufRpcEngine.java:524)
	at org.apache.hadoop.ipc.RPC$Server.call(RPC.java:1025)
	at org.apache.hadoop.ipc.Server$RpcCall.run(Server.java:876)
	at org.apache.hadoop.ipc.Server$RpcCall.run(Server.java:822)
	at java.security.AccessController.doPrivileged(Native Method)
	at javax.security.auth.Subject.doAs(Subject.java:422)
	at org.apache.hadoop.security.UserGroupInformation.doAs(UserGroupInformation.java:1730)
	at org.apache.hadoop.ipc.Server$Handler.run(Server.java:2682)
2019-09-25 19:55:50,698 [IPC Server handler 13 on 40206] INFO  block.BlockManagerImpl (BlockManagerImpl.java:allocateBlock(198)) - Could not find available pipeline of type:RATIS and factor:THREE even after retrying
2019-09-25 19:55:50,698 [IPC Server handler 13 on 40206] ERROR block.BlockManagerImpl (BlockManagerImpl.java:allocateBlock(222)) - Unable to allocate a block for the size: 4194304, type: RATIS, factor: THREE
2019-09-25 19:55:50,699 [pool-277-thread-1] ERROR io.BlockOutputStreamEntryPool (BlockOutputStreamEntryPool.java:allocateBlockIfNeeded(299)) - Try to allocate more blocks for write failed, already allocated 0 blocks for this write.
INTERNAL_ERROR org.apache.hadoop.ozone.om.exceptions.OMException: Allocated 0 blocks. Requested 1 blocks
	at org.apache.hadoop.ozone.om.protocolPB.OzoneManagerProtocolClientSideTranslatorPB.handleError(OzoneManagerProtocolClientSideTranslatorPB.java:732)
	at org.apache.hadoop.ozone.om.protocolPB.OzoneManagerProtocolClientSideTranslatorPB.allocateBlock(OzoneManagerProtocolClientSideTranslatorPB.java:764)
	at sun.reflect.NativeMethodAccessorImpl.invoke0(Native Method)
	at sun.reflect.NativeMethodAccessorImpl.invoke(NativeMethodAccessorImpl.java:62)
	at sun.reflect.DelegatingMethodAccessorImpl.invoke(DelegatingMethodAccessorImpl.java:43)
	at java.lang.reflect.Method.invoke(Method.java:498)
	at org.apache.hadoop.hdds.tracing.TraceAllMethod.invoke(TraceAllMethod.java:66)
	at com.sun.proxy.$Proxy37.allocateBlock(Unknown Source)
	at org.apache.hadoop.ozone.client.io.BlockOutputStreamEntryPool.allocateNewBlock(BlockOutputStreamEntryPool.java:248)
	at org.apache.hadoop.ozone.client.io.BlockOutputStreamEntryPool.allocateBlockIfNeeded(BlockOutputStreamEntryPool.java:296)
	at org.apache.hadoop.ozone.client.io.KeyOutputStream.handleWrite(KeyOutputStream.java:198)
	at org.apache.hadoop.ozone.client.io.KeyOutputStream.write(KeyOutputStream.java:190)
	at org.apache.hadoop.ozone.client.io.OzoneOutputStream.write(OzoneOutputStream.java:49)
	at org.apache.hadoop.ozone.freon.RandomKeyGenerator.createKey(RandomKeyGenerator.java:708)
	at org.apache.hadoop.ozone.freon.RandomKeyGenerator.access$1100(RandomKeyGenerator.java:88)
	at org.apache.hadoop.ozone.freon.RandomKeyGenerator$ObjectCreator.run(RandomKeyGenerator.java:615)
	at java.util.concurrent.Executors$RunnableAdapter.call(Executors.java:511)
	at java.util.concurrent.FutureTask.run(FutureTask.java:266)
	at java.util.concurrent.ThreadPoolExecutor.runWorker(ThreadPoolExecutor.java:1149)
	at java.util.concurrent.ThreadPoolExecutor$Worker.run(ThreadPoolExecutor.java:624)
	at java.lang.Thread.run(Thread.java:748)
2019-09-25 19:55:50,701 [pool-277-thread-1] ERROR freon.RandomKeyGenerator (RandomKeyGenerator.java:createKey(733)) - Exception while adding key: key-0-67858 in bucket: bucket-0-23117 of volume: vol-0-43260.
INTERNAL_ERROR org.apache.hadoop.ozone.om.exceptions.OMException: Allocated 0 blocks. Requested 1 blocks
	at org.apache.hadoop.ozone.om.protocolPB.OzoneManagerProtocolClientSideTranslatorPB.handleError(OzoneManagerProtocolClientSideTranslatorPB.java:732)
	at org.apache.hadoop.ozone.om.protocolPB.OzoneManagerProtocolClientSideTranslatorPB.allocateBlock(OzoneManagerProtocolClientSideTranslatorPB.java:764)
	at sun.reflect.NativeMethodAccessorImpl.invoke0(Native Method)
	at sun.reflect.NativeMethodAccessorImpl.invoke(NativeMethodAccessorImpl.java:62)
	at sun.reflect.DelegatingMethodAccessorImpl.invoke(DelegatingMethodAccessorImpl.java:43)
	at java.lang.reflect.Method.invoke(Method.java:498)
	at org.apache.hadoop.hdds.tracing.TraceAllMethod.invoke(TraceAllMethod.java:66)
	at com.sun.proxy.$Proxy37.allocateBlock(Unknown Source)
	at org.apache.hadoop.ozone.client.io.BlockOutputStreamEntryPool.allocateNewBlock(BlockOutputStreamEntryPool.java:248)
	at org.apache.hadoop.ozone.client.io.BlockOutputStreamEntryPool.allocateBlockIfNeeded(BlockOutputStreamEntryPool.java:296)
	at org.apache.hadoop.ozone.client.io.KeyOutputStream.handleWrite(KeyOutputStream.java:198)
	at org.apache.hadoop.ozone.client.io.KeyOutputStream.write(KeyOutputStream.java:190)
	at org.apache.hadoop.ozone.client.io.OzoneOutputStream.write(OzoneOutputStream.java:49)
	at org.apache.hadoop.ozone.freon.RandomKeyGenerator.createKey(RandomKeyGenerator.java:708)
	at org.apache.hadoop.ozone.freon.RandomKeyGenerator.access$1100(RandomKeyGenerator.java:88)
	at org.apache.hadoop.ozone.freon.RandomKeyGenerator$ObjectCreator.run(RandomKeyGenerator.java:615)
	at java.util.concurrent.Executors$RunnableAdapter.call(Executors.java:511)
	at java.util.concurrent.FutureTask.run(FutureTask.java:266)
	at java.util.concurrent.ThreadPoolExecutor.runWorker(ThreadPoolExecutor.java:1149)
	at java.util.concurrent.ThreadPoolExecutor$Worker.run(ThreadPoolExecutor.java:624)
	at java.lang.Thread.run(Thread.java:748)
 0.00% |█                                                                                                    |  0/1 Time: 0:02:49 100.00% |█████████████████████████████████████████████████████████████████████████████████████████████████████|  1/1 Time: 0:02:50
]]></system-out>
  </testcase>
  <testcase name="fileWithSizeZero" classname="org.apache.hadoop.ozone.freon.TestRandomKeyGenerator" time="5.071"/>
  <testcase name="multiThread" classname="org.apache.hadoop.ozone.freon.TestRandomKeyGenerator" time="15.024"/>
</testsuite>