<?xml version="1.0" encoding="UTF-8"?>
<testsuite xmlns:xsi="http://www.w3.org/2001/XMLSchema-instance" xsi:noNamespaceSchemaLocation="https://maven.apache.org/surefire/maven-surefire-plugin/xsd/surefire-test-report.xsd" name="org.apache.hadoop.ozone.client.rpc.TestBlockOutputStreamWithFailures" time="755.989" tests="8" errors="0" skipped="0" failures="1">
  <properties>
    <property name="awt.toolkit" value="sun.awt.X11.XToolkit"/>
    <property name="file.encoding.pkg" value="sun.io"/>
    <property name="java.specification.version" value="1.8"/>
    <property name="sun.cpu.isalist" value=""/>
    <property name="sun.jnu.encoding" value="UTF-8"/>
    <property name="java.class.path" value="/workdir/hadoop-ozone/integration-test/target/test-classes:/workdir/hadoop-ozone/integration-test/target/classes:/home/user/.m2/repository/org/apache/hadoop/hadoop-ozone-common/0.5.0-SNAPSHOT/hadoop-ozone-common-0.5.0-SNAPSHOT.jar:/home/user/.m2/repository/org/apache/commons/commons-compress/1.4.1/commons-compress-1.4.1.jar:/home/user/.m2/repository/org/tukaani/xz/1.0/xz-1.0.jar:/home/user/.m2/repository/org/apache/hadoop/hadoop-common/3.2.0/hadoop-common-3.2.0.jar:/home/user/.m2/repository/org/apache/hadoop/hadoop-hdfs/3.2.0/hadoop-hdfs-3.2.0.jar:/home/user/.m2/repository/org/apache/hadoop/hadoop-hdfs-client/3.2.0/hadoop-hdfs-client-3.2.0.jar:/home/user/.m2/repository/com/fasterxml/jackson/core/jackson-annotations/2.9.5/jackson-annotations-2.9.5.jar:/home/user/.m2/repository/org/apache/hadoop/hadoop-hdds-common/0.5.0-SNAPSHOT/hadoop-hdds-common-0.5.0-SNAPSHOT.jar:/home/user/.m2/repository/javax/annotation/javax.annotation-api/1.2/javax.annotation-api-1.2.jar:/home/user/.m2/repository/org/apache/ratis/ratis-server/0.4.0-2337318-SNAPSHOT/ratis-server-0.4.0-2337318-SNAPSHOT.jar:/home/user/.m2/repository/org/apache/ratis/ratis-thirdparty-misc/0.2.0/ratis-thirdparty-misc-0.2.0.jar:/home/user/.m2/repository/org/apache/ratis/ratis-proto/0.4.0-2337318-SNAPSHOT/ratis-proto-0.4.0-2337318-SNAPSHOT.jar:/home/user/.m2/repository/org/apache/ratis/ratis-common/0.4.0-2337318-SNAPSHOT/ratis-common-0.4.0-2337318-SNAPSHOT.jar:/home/user/.m2/repository/org/apache/ratis/ratis-client/0.4.0-2337318-SNAPSHOT/ratis-client-0.4.0-2337318-SNAPSHOT.jar:/home/user/.m2/repository/org/apache/ratis/ratis-metrics/0.4.0-2337318-SNAPSHOT/ratis-metrics-0.4.0-2337318-SNAPSHOT.jar:/home/user/.m2/repository/org/apache/ratis/ratis-netty/0.4.0-2337318-SNAPSHOT/ratis-netty-0.4.0-2337318-SNAPSHOT.jar:/home/user/.m2/repository/org/apache/ratis/ratis-grpc/0.4.0-2337318-SNAPSHOT/ratis-grpc-0.4.0-2337318-SNAPSHOT.jar:/home/user/.m2/repository/org/rocksdb/rocksdbjni/6.0.1/rocksdbjni-6.0.1.jar:/home/user/.m2/repository/org/apache/logging/log4j/log4j-api/2.11.0/log4j-api-2.11.0.jar:/home/user/.m2/repository/org/apache/logging/log4j/log4j-core/2.11.0/log4j-core-2.11.0.jar:/home/user/.m2/repository/com/lmax/disruptor/3.4.2/disruptor-3.4.2.jar:/home/user/.m2/repository/org/apache/commons/commons-pool2/2.6.0/commons-pool2-2.6.0.jar:/home/user/.m2/repository/org/bouncycastle/bcpkix-jdk15on/1.60/bcpkix-jdk15on-1.60.jar:/home/user/.m2/repository/commons-validator/commons-validator/1.6/commons-validator-1.6.jar:/home/user/.m2/repository/commons-digester/commons-digester/1.8.1/commons-digester-1.8.1.jar:/home/user/.m2/repository/io/jaegertracing/jaeger-client/0.33.1/jaeger-client-0.33.1.jar:/home/user/.m2/repository/io/jaegertracing/jaeger-thrift/0.33.1/jaeger-thrift-0.33.1.jar:/home/user/.m2/repository/org/apache/thrift/libthrift/0.11.0/libthrift-0.11.0.jar:/home/user/.m2/repository/com/squareup/okhttp3/okhttp/3.9.0/okhttp-3.9.0.jar:/home/user/.m2/repository/com/squareup/okio/okio/1.13.0/okio-1.13.0.jar:/home/user/.m2/repository/io/jaegertracing/jaeger-core/0.33.1/jaeger-core-0.33.1.jar:/home/user/.m2/repository/io/jaegertracing/jaeger-tracerresolver/0.33.1/jaeger-tracerresolver-0.33.1.jar:/home/user/.m2/repository/io/opentracing/contrib/opentracing-tracerresolver/0.1.5/opentracing-tracerresolver-0.1.5.jar:/home/user/.m2/repository/io/opentracing/opentracing-util/0.31.0/opentracing-util-0.31.0.jar:/home/user/.m2/repository/io/opentracing/opentracing-api/0.31.0/opentracing-api-0.31.0.jar:/home/user/.m2/repository/io/opentracing/opentracing-noop/0.31.0/opentracing-noop-0.31.0.jar:/home/user/.m2/repository/org/apache/hadoop/hadoop-hdds-server-framework/0.5.0-SNAPSHOT/hadoop-hdds-server-framework-0.5.0-SNAPSHOT.jar:/home/user/.m2/repository/org/apache/hadoop/hadoop-hdds-container-service/0.5.0-SNAPSHOT/hadoop-hdds-container-service-0.5.0-SNAPSHOT.jar:/home/user/.m2/repository/org/apache/hadoop/hadoop-hdds-client/0.5.0-SNAPSHOT/hadoop-hdds-client-0.5.0-SNAPSHOT.jar:/home/user/.m2/repository/org/apache/hadoop/hadoop-hdds-tools/0.5.0-SNAPSHOT/hadoop-hdds-tools-0.5.0-SNAPSHOT.jar:/home/user/.m2/repository/org/apache/hadoop/hadoop-hdds-server-scm/0.5.0-SNAPSHOT/hadoop-hdds-server-scm-0.5.0-SNAPSHOT.jar:/home/user/.m2/repository/org/apache/hadoop/hadoop-hdds-docs/0.5.0-SNAPSHOT/hadoop-hdds-docs-0.5.0-SNAPSHOT.jar:/home/user/.m2/repository/io/dropwizard/metrics/metrics-core/3.2.4/metrics-core-3.2.4.jar:/home/user/.m2/repository/org/hamcrest/hamcrest-all/1.3/hamcrest-all-1.3.jar:/home/user/.m2/repository/org/bouncycastle/bcprov-jdk15on/1.60/bcprov-jdk15on-1.60.jar:/home/user/.m2/repository/info/picocli/picocli/3.9.6/picocli-3.9.6.jar:/home/user/.m2/repository/com/google/protobuf/protobuf-java/2.5.0/protobuf-java-2.5.0.jar:/home/user/.m2/repository/com/google/guava/guava/11.0.2/guava-11.0.2.jar:/home/user/.m2/repository/org/apache/hadoop/hadoop-ozone-ozone-manager/0.5.0-SNAPSHOT/hadoop-ozone-ozone-manager-0.5.0-SNAPSHOT.jar:/home/user/.m2/repository/org/apache/hadoop/hadoop-minikdc/3.2.0/hadoop-minikdc-3.2.0.jar:/home/user/.m2/repository/commons-io/commons-io/2.5/commons-io-2.5.jar:/home/user/.m2/repository/org/apache/kerby/kerb-simplekdc/1.0.1/kerb-simplekdc-1.0.1.jar:/home/user/.m2/repository/org/apache/kerby/kerb-client/1.0.1/kerb-client-1.0.1.jar:/home/user/.m2/repository/org/apache/kerby/kerby-config/1.0.1/kerby-config-1.0.1.jar:/home/user/.m2/repository/org/apache/kerby/kerb-core/1.0.1/kerb-core-1.0.1.jar:/home/user/.m2/repository/org/apache/kerby/kerby-pkix/1.0.1/kerby-pkix-1.0.1.jar:/home/user/.m2/repository/org/apache/kerby/kerby-asn1/1.0.1/kerby-asn1-1.0.1.jar:/home/user/.m2/repository/org/apache/kerby/kerby-util/1.0.1/kerby-util-1.0.1.jar:/home/user/.m2/repository/org/apache/kerby/kerb-common/1.0.1/kerb-common-1.0.1.jar:/home/user/.m2/repository/org/apache/kerby/kerb-crypto/1.0.1/kerb-crypto-1.0.1.jar:/home/user/.m2/repository/org/apache/kerby/kerb-util/1.0.1/kerb-util-1.0.1.jar:/home/user/.m2/repository/org/apache/kerby/token-provider/1.0.1/token-provider-1.0.1.jar:/home/user/.m2/repository/org/apache/kerby/kerb-admin/1.0.1/kerb-admin-1.0.1.jar:/home/user/.m2/repository/org/apache/kerby/kerb-server/1.0.1/kerb-server-1.0.1.jar:/home/user/.m2/repository/org/apache/kerby/kerb-identity/1.0.1/kerb-identity-1.0.1.jar:/home/user/.m2/repository/org/apache/kerby/kerby-xdr/1.0.1/kerby-xdr-1.0.1.jar:/home/user/.m2/repository/org/slf4j/slf4j-log4j12/1.7.25/slf4j-log4j12-1.7.25.jar:/home/user/.m2/repository/org/apache/hadoop/hadoop-ozone-objectstore-service/0.5.0-SNAPSHOT/hadoop-ozone-objectstore-service-0.5.0-SNAPSHOT.jar:/home/user/.m2/repository/org/apache/hadoop/hadoop-ozone-s3gateway/0.5.0-SNAPSHOT/hadoop-ozone-s3gateway-0.5.0-SNAPSHOT.jar:/home/user/.m2/repository/org/jboss/weld/servlet/weld-servlet/2.4.7.Final/weld-servlet-2.4.7.Final.jar:/home/user/.m2/repository/org/glassfish/jersey/containers/jersey-container-servlet-core/2.27/jersey-container-servlet-core-2.27.jar:/home/user/.m2/repository/org/glassfish/hk2/external/javax.inject/2.5.0-b42/javax.inject-2.5.0-b42.jar:/home/user/.m2/repository/org/glassfish/jersey/core/jersey-common/2.27/jersey-common-2.27.jar:/home/user/.m2/repository/org/glassfish/hk2/osgi-resource-locator/1.0.1/osgi-resource-locator-1.0.1.jar:/home/user/.m2/repository/javax/ws/rs/javax.ws.rs-api/2.1/javax.ws.rs-api-2.1.jar:/home/user/.m2/repository/org/glassfish/jersey/ext/cdi/jersey-cdi1x/2.27/jersey-cdi1x-2.27.jar:/home/user/.m2/repository/org/glassfish/jersey/inject/jersey-hk2/2.27/jersey-hk2-2.27.jar:/home/user/.m2/repository/org/glassfish/hk2/hk2-locator/2.5.0-b42/hk2-locator-2.5.0-b42.jar:/home/user/.m2/repository/org/javassist/javassist/3.22.0-CR2/javassist-3.22.0-CR2.jar:/home/user/.m2/repository/org/glassfish/hk2/hk2-api/2.5.0/hk2-api-2.5.0.jar:/home/user/.m2/repository/org/glassfish/hk2/external/jakarta.inject/2.5.0/jakarta.inject-2.5.0.jar:/home/user/.m2/repository/org/glassfish/hk2/hk2-utils/2.5.0/hk2-utils-2.5.0.jar:/home/user/.m2/repository/jakarta/annotation/jakarta.annotation-api/1.3.4/jakarta.annotation-api-1.3.4.jar:/home/user/.m2/repository/org/glassfish/hk2/external/aopalliance-repackaged/2.5.0/aopalliance-repackaged-2.5.0.jar:/home/user/.m2/repository/com/fasterxml/jackson/dataformat/jackson-dataformat-xml/2.9.0/jackson-dataformat-xml-2.9.0.jar:/home/user/.m2/repository/com/fasterxml/jackson/core/jackson-core/2.9.5/jackson-core-2.9.5.jar:/home/user/.m2/repository/com/fasterxml/jackson/module/jackson-module-jaxb-annotations/2.9.5/jackson-module-jaxb-annotations-2.9.5.jar:/home/user/.m2/repository/javax/enterprise/cdi-api/1.2/cdi-api-1.2.jar:/home/user/.m2/repository/javax/el/javax.el-api/3.0.0/javax.el-api-3.0.0.jar:/home/user/.m2/repository/javax/interceptor/javax.interceptor-api/1.2/javax.interceptor-api-1.2.jar:/home/user/.m2/repository/javax/inject/javax.inject/1/javax.inject-1.jar:/home/user/.m2/repository/com/sun/xml/bind/jaxb-impl/2.3.0.1/jaxb-impl-2.3.0.1.jar:/home/user/.m2/repository/com/sun/xml/bind/jaxb-core/2.3.0.1/jaxb-core-2.3.0.1.jar:/home/user/.m2/repository/javax/xml/bind/jaxb-api/2.3.0/jaxb-api-2.3.0.jar:/home/user/.m2/repository/javax/activation/activation/1.1.1/activation-1.1.1.jar:/home/user/.m2/repository/org/apache/hadoop/hadoop-ozone-csi/0.5.0-SNAPSHOT/hadoop-ozone-csi-0.5.0-SNAPSHOT.jar:/home/user/.m2/repository/com/google/protobuf/protobuf-java-util/3.5.1/protobuf-java-util-3.5.1.jar:/home/user/.m2/repository/org/apache/hadoop/hadoop-hdds-config/0.5.0-SNAPSHOT/hadoop-hdds-config-0.5.0-SNAPSHOT.jar:/home/user/.m2/repository/io/grpc/grpc-netty/1.17.1/grpc-netty-1.17.1.jar:/home/user/.m2/repository/io/grpc/grpc-core/1.17.1/grpc-core-1.17.1.jar:/home/user/.m2/repository/io/grpc/grpc-context/1.17.1/grpc-context-1.17.1.jar:/home/user/.m2/repository/com/google/errorprone/error_prone_annotations/2.2.0/error_prone_annotations-2.2.0.jar:/home/user/.m2/repository/org/codehaus/mojo/animal-sniffer-annotations/1.17/animal-sniffer-annotations-1.17.jar:/home/user/.m2/repository/io/opencensus/opencensus-api/0.17.0/opencensus-api-0.17.0.jar:/home/user/.m2/repository/io/opencensus/opencensus-contrib-grpc-metrics/0.17.0/opencensus-contrib-grpc-metrics-0.17.0.jar:/home/user/.m2/repository/io/netty/netty-codec-http2/4.1.30.Final/netty-codec-http2-4.1.30.Final.jar:/home/user/.m2/repository/io/netty/netty-codec-http/4.1.30.Final/netty-codec-http-4.1.30.Final.jar:/home/user/.m2/repository/io/netty/netty-codec/4.1.30.Final/netty-codec-4.1.30.Final.jar:/home/user/.m2/repository/io/netty/netty-handler/4.1.30.Final/netty-handler-4.1.30.Final.jar:/home/user/.m2/repository/io/netty/netty-handler-proxy/4.1.30.Final/netty-handler-proxy-4.1.30.Final.jar:/home/user/.m2/repository/io/netty/netty-codec-socks/4.1.30.Final/netty-codec-socks-4.1.30.Final.jar:/home/user/.m2/repository/io/netty/netty-transport-native-epoll/4.1.30.Final/netty-transport-native-epoll-4.1.30.Final.jar:/home/user/.m2/repository/io/netty/netty-common/4.1.30.Final/netty-common-4.1.30.Final.jar:/home/user/.m2/repository/io/netty/netty-buffer/4.1.30.Final/netty-buffer-4.1.30.Final.jar:/home/user/.m2/repository/io/netty/netty-transport/4.1.30.Final/netty-transport-4.1.30.Final.jar:/home/user/.m2/repository/io/netty/netty-resolver/4.1.30.Final/netty-resolver-4.1.30.Final.jar:/home/user/.m2/repository/io/netty/netty-transport-native-unix-common/4.1.30.Final/netty-transport-native-unix-common-4.1.30.Final.jar:/home/user/.m2/repository/io/grpc/grpc-protobuf/1.17.1/grpc-protobuf-1.17.1.jar:/home/user/.m2/repository/com/google/api/grpc/proto-google-common-protos/1.0.0/proto-google-common-protos-1.0.0.jar:/home/user/.m2/repository/io/grpc/grpc-protobuf-lite/1.17.1/grpc-protobuf-lite-1.17.1.jar:/home/user/.m2/repository/io/grpc/grpc-stub/1.17.1/grpc-stub-1.17.1.jar:/home/user/.m2/repository/org/apache/hadoop/hadoop-ozone-recon/0.5.0-SNAPSHOT/hadoop-ozone-recon-0.5.0-SNAPSHOT.jar:/home/user/.m2/repository/org/apache/hadoop/hadoop-ozone-reconcodegen/0.5.0-SNAPSHOT/hadoop-ozone-reconcodegen-0.5.0-SNAPSHOT.jar:/home/user/.m2/repository/com/google/inject/extensions/guice-multibindings/4.0/guice-multibindings-4.0.jar:/home/user/.m2/repository/com/google/inject/guice/4.0/guice-4.0.jar:/home/user/.m2/repository/aopalliance/aopalliance/1.0/aopalliance-1.0.jar:/home/user/.m2/repository/com/google/inject/extensions/guice-servlet/4.0/guice-servlet-4.0.jar:/home/user/.m2/repository/org/glassfish/jersey/containers/jersey-container-servlet/2.27/jersey-container-servlet-2.27.jar:/home/user/.m2/repository/org/glassfish/hk2/guice-bridge/2.5.0/guice-bridge-2.5.0.jar:/home/user/.m2/repository/org/glassfish/jersey/core/jersey-server/2.27/jersey-server-2.27.jar:/home/user/.m2/repository/org/glassfish/jersey/core/jersey-client/2.27/jersey-client-2.27.jar:/home/user/.m2/repository/org/glassfish/jersey/media/jersey-media-jaxb/2.27/jersey-media-jaxb-2.27.jar:/home/user/.m2/repository/javax/validation/validation-api/1.1.0.Final/validation-api-1.1.0.Final.jar:/home/user/.m2/repository/org/glassfish/jersey/media/jersey-media-json-jackson/2.27/jersey-media-json-jackson-2.27.jar:/home/user/.m2/repository/org/glassfish/jersey/ext/jersey-entity-filtering/2.27/jersey-entity-filtering-2.27.jar:/home/user/.m2/repository/com/google/inject/extensions/guice-assistedinject/4.0/guice-assistedinject-4.0.jar:/home/user/.m2/repository/org/jooq/jooq/3.11.10/jooq-3.11.10.jar:/home/user/.m2/repository/org/jooq/jooq-meta/3.11.10/jooq-meta-3.11.10.jar:/home/user/.m2/repository/org/jooq/jooq-codegen/3.11.10/jooq-codegen-3.11.10.jar:/home/user/.m2/repository/com/jolbox/bonecp/0.8.0.RELEASE/bonecp-0.8.0.RELEASE.jar:/home/user/.m2/repository/org/xerial/sqlite-jdbc/3.25.2/sqlite-jdbc-3.25.2.jar:/home/user/.m2/repository/org/springframework/spring-jdbc/5.1.3.RELEASE/spring-jdbc-5.1.3.RELEASE.jar:/home/user/.m2/repository/org/springframework/spring-beans/5.1.3.RELEASE/spring-beans-5.1.3.RELEASE.jar:/home/user/.m2/repository/org/springframework/spring-core/5.1.3.RELEASE/spring-core-5.1.3.RELEASE.jar:/home/user/.m2/repository/org/springframework/spring-jcl/5.1.3.RELEASE/spring-jcl-5.1.3.RELEASE.jar:/home/user/.m2/repository/org/springframework/spring-tx/5.1.3.RELEASE/spring-tx-5.1.3.RELEASE.jar:/home/user/.m2/repository/org/apache/hadoop/hadoop-ozone-client/0.5.0-SNAPSHOT/hadoop-ozone-client-0.5.0-SNAPSHOT.jar:/home/user/.m2/repository/commons-lang/commons-lang/2.6/commons-lang-2.6.jar:/home/user/.m2/repository/org/apache/hadoop/hadoop-ozone-ozone-manager/0.5.0-SNAPSHOT/hadoop-ozone-ozone-manager-0.5.0-SNAPSHOT-tests.jar:/home/user/.m2/repository/junit/junit/4.11/junit-4.11.jar:/home/user/.m2/repository/org/hamcrest/hamcrest-core/1.3/hamcrest-core-1.3.jar:/home/user/.m2/repository/org/openjdk/jmh/jmh-core/1.19/jmh-core-1.19.jar:/home/user/.m2/repository/net/sf/jopt-simple/jopt-simple/4.6/jopt-simple-4.6.jar:/home/user/.m2/repository/org/apache/commons/commons-math3/3.1.1/commons-math3-3.1.1.jar:/home/user/.m2/repository/org/openjdk/jmh/jmh-generator-annprocess/1.19/jmh-generator-annprocess-1.19.jar:/home/user/.m2/repository/org/mockito/mockito-all/1.8.5/mockito-all-1.8.5.jar:/home/user/.m2/repository/org/apache/hadoop/hadoop-kms/3.2.0/hadoop-kms-3.2.0.jar:/home/user/.m2/repository/org/apache/hadoop/hadoop-auth/3.2.0/hadoop-auth-3.2.0.jar:/home/user/.m2/repository/com/nimbusds/nimbus-jose-jwt/4.41.1/nimbus-jose-jwt-4.41.1.jar:/home/user/.m2/repository/com/github/stephenc/jcip/jcip-annotations/1.0-1/jcip-annotations-1.0-1.jar:/home/user/.m2/repository/net/minidev/json-smart/2.3/json-smart-2.3.jar:/home/user/.m2/repository/net/minidev/accessors-smart/1.2/accessors-smart-1.2.jar:/home/user/.m2/repository/org/ow2/asm/asm/5.0.4/asm-5.0.4.jar:/home/user/.m2/repository/org/apache/curator/curator-framework/2.12.0/curator-framework-2.12.0.jar:/home/user/.m2/repository/com/sun/jersey/jersey-core/1.19/jersey-core-1.19.jar:/home/user/.m2/repository/javax/ws/rs/jsr311-api/1.1.1/jsr311-api-1.1.1.jar:/home/user/.m2/repository/com/sun/jersey/jersey-server/1.19/jersey-server-1.19.jar:/home/user/.m2/repository/javax/servlet/javax.servlet-api/3.1.0/javax.servlet-api-3.1.0.jar:/home/user/.m2/repository/org/eclipse/jetty/jetty-server/9.3.24.v20180605/jetty-server-9.3.24.v20180605.jar:/home/user/.m2/repository/org/eclipse/jetty/jetty-http/9.3.24.v20180605/jetty-http-9.3.24.v20180605.jar:/home/user/.m2/repository/org/eclipse/jetty/jetty-io/9.3.24.v20180605/jetty-io-9.3.24.v20180605.jar:/home/user/.m2/repository/org/eclipse/jetty/jetty-webapp/9.3.24.v20180605/jetty-webapp-9.3.24.v20180605.jar:/home/user/.m2/repository/org/eclipse/jetty/jetty-xml/9.3.24.v20180605/jetty-xml-9.3.24.v20180605.jar:/home/user/.m2/repository/log4j/log4j/1.2.17/log4j-1.2.17.jar:/home/user/.m2/repository/org/slf4j/slf4j-api/1.7.25/slf4j-api-1.7.25.jar:/home/user/.m2/repository/org/slf4j/jul-to-slf4j/1.7.25/jul-to-slf4j-1.7.25.jar:/home/user/.m2/repository/org/eclipse/jetty/jetty-util/9.3.24.v20180605/jetty-util-9.3.24.v20180605.jar:/home/user/.m2/repository/com/fasterxml/jackson/core/jackson-databind/2.9.5/jackson-databind-2.9.5.jar:/home/user/.m2/repository/org/apache/hadoop/hadoop-kms/3.2.0/hadoop-kms-3.2.0-tests.jar:/home/user/.m2/repository/org/apache/hadoop/hadoop-hdds-server-scm/0.5.0-SNAPSHOT/hadoop-hdds-server-scm-0.5.0-SNAPSHOT-tests.jar:/home/user/.m2/repository/org/apache/hadoop/hadoop-hdds-container-service/0.5.0-SNAPSHOT/hadoop-hdds-container-service-0.5.0-SNAPSHOT-tests.jar:/home/user/.m2/repository/org/yaml/snakeyaml/1.16/snakeyaml-1.16.jar:/home/user/.m2/repository/org/apache/hadoop/hadoop-common/3.2.0/hadoop-common-3.2.0-tests.jar:/home/user/.m2/repository/org/apache/hadoop/hadoop-annotations/3.2.0/hadoop-annotations-3.2.0.jar:/usr/lib/jvm/java-1.8-openjdk/jre/../lib/tools.jar:/home/user/.m2/repository/commons-cli/commons-cli/1.2/commons-cli-1.2.jar:/home/user/.m2/repository/org/apache/httpcomponents/httpclient/4.5.2/httpclient-4.5.2.jar:/home/user/.m2/repository/org/apache/httpcomponents/httpcore/4.4.4/httpcore-4.4.4.jar:/home/user/.m2/repository/commons-codec/commons-codec/1.11/commons-codec-1.11.jar:/home/user/.m2/repository/commons-net/commons-net/3.6/commons-net-3.6.jar:/home/user/.m2/repository/commons-collections/commons-collections/3.2.2/commons-collections-3.2.2.jar:/home/user/.m2/repository/org/eclipse/jetty/jetty-servlet/9.3.24.v20180605/jetty-servlet-9.3.24.v20180605.jar:/home/user/.m2/repository/org/eclipse/jetty/jetty-security/9.3.24.v20180605/jetty-security-9.3.24.v20180605.jar:/home/user/.m2/repository/javax/servlet/jsp/jsp-api/2.1/jsp-api-2.1.jar:/home/user/.m2/repository/com/sun/jersey/jersey-servlet/1.19/jersey-servlet-1.19.jar:/home/user/.m2/repository/com/sun/jersey/jersey-json/1.19/jersey-json-1.19.jar:/home/user/.m2/repository/org/codehaus/jettison/jettison/1.1/jettison-1.1.jar:/home/user/.m2/repository/org/codehaus/jackson/jackson-core-asl/1.9.13/jackson-core-asl-1.9.13.jar:/home/user/.m2/repository/org/codehaus/jackson/jackson-mapper-asl/1.9.13/jackson-mapper-asl-1.9.13.jar:/home/user/.m2/repository/org/codehaus/jackson/jackson-jaxrs/1.9.13/jackson-jaxrs-1.9.13.jar:/home/user/.m2/repository/org/codehaus/jackson/jackson-xc/1.9.13/jackson-xc-1.9.13.jar:/home/user/.m2/repository/commons-logging/commons-logging/1.1.3/commons-logging-1.1.3.jar:/home/user/.m2/repository/commons-beanutils/commons-beanutils/1.9.3/commons-beanutils-1.9.3.jar:/home/user/.m2/repository/org/apache/commons/commons-configuration2/2.1.1/commons-configuration2-2.1.1.jar:/home/user/.m2/repository/org/apache/commons/commons-lang3/3.7/commons-lang3-3.7.jar:/home/user/.m2/repository/org/apache/commons/commons-text/1.4/commons-text-1.4.jar:/home/user/.m2/repository/org/apache/avro/avro/1.7.7/avro-1.7.7.jar:/home/user/.m2/repository/com/thoughtworks/paranamer/paranamer/2.3/paranamer-2.3.jar:/home/user/.m2/repository/org/xerial/snappy/snappy-java/1.0.5/snappy-java-1.0.5.jar:/home/user/.m2/repository/com/google/re2j/re2j/1.1/re2j-1.1.jar:/home/user/.m2/repository/com/google/code/gson/gson/2.2.4/gson-2.2.4.jar:/home/user/.m2/repository/com/jcraft/jsch/0.1.54/jsch-0.1.54.jar:/home/user/.m2/repository/org/apache/curator/curator-client/2.12.0/curator-client-2.12.0.jar:/home/user/.m2/repository/org/apache/curator/curator-recipes/2.12.0/curator-recipes-2.12.0.jar:/home/user/.m2/repository/com/google/code/findbugs/jsr305/3.0.0/jsr305-3.0.0.jar:/home/user/.m2/repository/org/apache/htrace/htrace-core4/4.1.0-incubating/htrace-core4-4.1.0-incubating.jar:/home/user/.m2/repository/org/apache/zookeeper/zookeeper/3.4.13/zookeeper-3.4.13.jar:/home/user/.m2/repository/org/apache/yetus/audience-annotations/0.5.0/audience-annotations-0.5.0.jar:/home/user/.m2/repository/org/codehaus/woodstox/stax2-api/3.1.4/stax2-api-3.1.4.jar:/home/user/.m2/repository/com/fasterxml/woodstox/woodstox-core/5.0.3/woodstox-core-5.0.3.jar:/home/user/.m2/repository/dnsjava/dnsjava/2.1.7/dnsjava-2.1.7.jar:/home/user/.m2/repository/org/apache/hadoop/hadoop-hdfs/3.2.0/hadoop-hdfs-3.2.0-tests.jar:/home/user/.m2/repository/org/eclipse/jetty/jetty-util-ajax/9.3.24.v20180605/jetty-util-ajax-9.3.24.v20180605.jar:/home/user/.m2/repository/commons-daemon/commons-daemon/1.0.13/commons-daemon-1.0.13.jar:/home/user/.m2/repository/io/netty/netty/3.10.5.Final/netty-3.10.5.Final.jar:/home/user/.m2/repository/io/netty/netty-all/4.0.52.Final/netty-all-4.0.52.Final.jar:/home/user/.m2/repository/org/fusesource/leveldbjni/leveldbjni-all/1.8/leveldbjni-all-1.8.jar:"/>
    <property name="java.vm.vendor" value="IcedTea"/>
    <property name="sun.arch.data.model" value="64"/>
    <property name="test.build.dir" value="/workdir/hadoop-ozone/integration-test/target/test-dir"/>
    <property name="test.cache.data" value=""/>
    <property name="java.vendor.url" value="https://icedtea.classpath.org"/>
    <property name="user.timezone" value=""/>
    <property name="java.vm.specification.version" value="1.8"/>
    <property name="os.name" value="Linux"/>
    <property name="test.build.data" value="/workdir/hadoop-ozone/integration-test/target/test-dir"/>
    <property name="user.country" value="US"/>
    <property name="sun.java.launcher" value="SUN_STANDARD"/>
    <property name="sun.boot.library.path" value="/usr/lib/jvm/java-1.8-openjdk/jre/lib/amd64"/>
    <property name="sun.java.command" value="/workdir/hadoop-ozone/integration-test/target/surefire/surefirebooter3756014107802605947.jar /workdir/hadoop-ozone/integration-test/target/surefire 2019-08-16T05-12-58_794-jvmRun1 surefire4688658000979147678tmp surefire_207890821840030132721tmp"/>
    <property name="test" value="!TestMiniChaosOzoneCluster"/>
    <property name="surefire.test.class.path" value="/workdir/hadoop-ozone/integration-test/target/test-classes:/workdir/hadoop-ozone/integration-test/target/classes:/home/user/.m2/repository/org/apache/hadoop/hadoop-ozone-common/0.5.0-SNAPSHOT/hadoop-ozone-common-0.5.0-SNAPSHOT.jar:/home/user/.m2/repository/org/apache/commons/commons-compress/1.4.1/commons-compress-1.4.1.jar:/home/user/.m2/repository/org/tukaani/xz/1.0/xz-1.0.jar:/home/user/.m2/repository/org/apache/hadoop/hadoop-common/3.2.0/hadoop-common-3.2.0.jar:/home/user/.m2/repository/org/apache/hadoop/hadoop-hdfs/3.2.0/hadoop-hdfs-3.2.0.jar:/home/user/.m2/repository/org/apache/hadoop/hadoop-hdfs-client/3.2.0/hadoop-hdfs-client-3.2.0.jar:/home/user/.m2/repository/com/fasterxml/jackson/core/jackson-annotations/2.9.5/jackson-annotations-2.9.5.jar:/home/user/.m2/repository/org/apache/hadoop/hadoop-hdds-common/0.5.0-SNAPSHOT/hadoop-hdds-common-0.5.0-SNAPSHOT.jar:/home/user/.m2/repository/javax/annotation/javax.annotation-api/1.2/javax.annotation-api-1.2.jar:/home/user/.m2/repository/org/apache/ratis/ratis-server/0.4.0-2337318-SNAPSHOT/ratis-server-0.4.0-2337318-SNAPSHOT.jar:/home/user/.m2/repository/org/apache/ratis/ratis-thirdparty-misc/0.2.0/ratis-thirdparty-misc-0.2.0.jar:/home/user/.m2/repository/org/apache/ratis/ratis-proto/0.4.0-2337318-SNAPSHOT/ratis-proto-0.4.0-2337318-SNAPSHOT.jar:/home/user/.m2/repository/org/apache/ratis/ratis-common/0.4.0-2337318-SNAPSHOT/ratis-common-0.4.0-2337318-SNAPSHOT.jar:/home/user/.m2/repository/org/apache/ratis/ratis-client/0.4.0-2337318-SNAPSHOT/ratis-client-0.4.0-2337318-SNAPSHOT.jar:/home/user/.m2/repository/org/apache/ratis/ratis-metrics/0.4.0-2337318-SNAPSHOT/ratis-metrics-0.4.0-2337318-SNAPSHOT.jar:/home/user/.m2/repository/org/apache/ratis/ratis-netty/0.4.0-2337318-SNAPSHOT/ratis-netty-0.4.0-2337318-SNAPSHOT.jar:/home/user/.m2/repository/org/apache/ratis/ratis-grpc/0.4.0-2337318-SNAPSHOT/ratis-grpc-0.4.0-2337318-SNAPSHOT.jar:/home/user/.m2/repository/org/rocksdb/rocksdbjni/6.0.1/rocksdbjni-6.0.1.jar:/home/user/.m2/repository/org/apache/logging/log4j/log4j-api/2.11.0/log4j-api-2.11.0.jar:/home/user/.m2/repository/org/apache/logging/log4j/log4j-core/2.11.0/log4j-core-2.11.0.jar:/home/user/.m2/repository/com/lmax/disruptor/3.4.2/disruptor-3.4.2.jar:/home/user/.m2/repository/org/apache/commons/commons-pool2/2.6.0/commons-pool2-2.6.0.jar:/home/user/.m2/repository/org/bouncycastle/bcpkix-jdk15on/1.60/bcpkix-jdk15on-1.60.jar:/home/user/.m2/repository/commons-validator/commons-validator/1.6/commons-validator-1.6.jar:/home/user/.m2/repository/commons-digester/commons-digester/1.8.1/commons-digester-1.8.1.jar:/home/user/.m2/repository/io/jaegertracing/jaeger-client/0.33.1/jaeger-client-0.33.1.jar:/home/user/.m2/repository/io/jaegertracing/jaeger-thrift/0.33.1/jaeger-thrift-0.33.1.jar:/home/user/.m2/repository/org/apache/thrift/libthrift/0.11.0/libthrift-0.11.0.jar:/home/user/.m2/repository/com/squareup/okhttp3/okhttp/3.9.0/okhttp-3.9.0.jar:/home/user/.m2/repository/com/squareup/okio/okio/1.13.0/okio-1.13.0.jar:/home/user/.m2/repository/io/jaegertracing/jaeger-core/0.33.1/jaeger-core-0.33.1.jar:/home/user/.m2/repository/io/jaegertracing/jaeger-tracerresolver/0.33.1/jaeger-tracerresolver-0.33.1.jar:/home/user/.m2/repository/io/opentracing/contrib/opentracing-tracerresolver/0.1.5/opentracing-tracerresolver-0.1.5.jar:/home/user/.m2/repository/io/opentracing/opentracing-util/0.31.0/opentracing-util-0.31.0.jar:/home/user/.m2/repository/io/opentracing/opentracing-api/0.31.0/opentracing-api-0.31.0.jar:/home/user/.m2/repository/io/opentracing/opentracing-noop/0.31.0/opentracing-noop-0.31.0.jar:/home/user/.m2/repository/org/apache/hadoop/hadoop-hdds-server-framework/0.5.0-SNAPSHOT/hadoop-hdds-server-framework-0.5.0-SNAPSHOT.jar:/home/user/.m2/repository/org/apache/hadoop/hadoop-hdds-container-service/0.5.0-SNAPSHOT/hadoop-hdds-container-service-0.5.0-SNAPSHOT.jar:/home/user/.m2/repository/org/apache/hadoop/hadoop-hdds-client/0.5.0-SNAPSHOT/hadoop-hdds-client-0.5.0-SNAPSHOT.jar:/home/user/.m2/repository/org/apache/hadoop/hadoop-hdds-tools/0.5.0-SNAPSHOT/hadoop-hdds-tools-0.5.0-SNAPSHOT.jar:/home/user/.m2/repository/org/apache/hadoop/hadoop-hdds-server-scm/0.5.0-SNAPSHOT/hadoop-hdds-server-scm-0.5.0-SNAPSHOT.jar:/home/user/.m2/repository/org/apache/hadoop/hadoop-hdds-docs/0.5.0-SNAPSHOT/hadoop-hdds-docs-0.5.0-SNAPSHOT.jar:/home/user/.m2/repository/io/dropwizard/metrics/metrics-core/3.2.4/metrics-core-3.2.4.jar:/home/user/.m2/repository/org/hamcrest/hamcrest-all/1.3/hamcrest-all-1.3.jar:/home/user/.m2/repository/org/bouncycastle/bcprov-jdk15on/1.60/bcprov-jdk15on-1.60.jar:/home/user/.m2/repository/info/picocli/picocli/3.9.6/picocli-3.9.6.jar:/home/user/.m2/repository/com/google/protobuf/protobuf-java/2.5.0/protobuf-java-2.5.0.jar:/home/user/.m2/repository/com/google/guava/guava/11.0.2/guava-11.0.2.jar:/home/user/.m2/repository/org/apache/hadoop/hadoop-ozone-ozone-manager/0.5.0-SNAPSHOT/hadoop-ozone-ozone-manager-0.5.0-SNAPSHOT.jar:/home/user/.m2/repository/org/apache/hadoop/hadoop-minikdc/3.2.0/hadoop-minikdc-3.2.0.jar:/home/user/.m2/repository/commons-io/commons-io/2.5/commons-io-2.5.jar:/home/user/.m2/repository/org/apache/kerby/kerb-simplekdc/1.0.1/kerb-simplekdc-1.0.1.jar:/home/user/.m2/repository/org/apache/kerby/kerb-client/1.0.1/kerb-client-1.0.1.jar:/home/user/.m2/repository/org/apache/kerby/kerby-config/1.0.1/kerby-config-1.0.1.jar:/home/user/.m2/repository/org/apache/kerby/kerb-core/1.0.1/kerb-core-1.0.1.jar:/home/user/.m2/repository/org/apache/kerby/kerby-pkix/1.0.1/kerby-pkix-1.0.1.jar:/home/user/.m2/repository/org/apache/kerby/kerby-asn1/1.0.1/kerby-asn1-1.0.1.jar:/home/user/.m2/repository/org/apache/kerby/kerby-util/1.0.1/kerby-util-1.0.1.jar:/home/user/.m2/repository/org/apache/kerby/kerb-common/1.0.1/kerb-common-1.0.1.jar:/home/user/.m2/repository/org/apache/kerby/kerb-crypto/1.0.1/kerb-crypto-1.0.1.jar:/home/user/.m2/repository/org/apache/kerby/kerb-util/1.0.1/kerb-util-1.0.1.jar:/home/user/.m2/repository/org/apache/kerby/token-provider/1.0.1/token-provider-1.0.1.jar:/home/user/.m2/repository/org/apache/kerby/kerb-admin/1.0.1/kerb-admin-1.0.1.jar:/home/user/.m2/repository/org/apache/kerby/kerb-server/1.0.1/kerb-server-1.0.1.jar:/home/user/.m2/repository/org/apache/kerby/kerb-identity/1.0.1/kerb-identity-1.0.1.jar:/home/user/.m2/repository/org/apache/kerby/kerby-xdr/1.0.1/kerby-xdr-1.0.1.jar:/home/user/.m2/repository/org/slf4j/slf4j-log4j12/1.7.25/slf4j-log4j12-1.7.25.jar:/home/user/.m2/repository/org/apache/hadoop/hadoop-ozone-objectstore-service/0.5.0-SNAPSHOT/hadoop-ozone-objectstore-service-0.5.0-SNAPSHOT.jar:/home/user/.m2/repository/org/apache/hadoop/hadoop-ozone-s3gateway/0.5.0-SNAPSHOT/hadoop-ozone-s3gateway-0.5.0-SNAPSHOT.jar:/home/user/.m2/repository/org/jboss/weld/servlet/weld-servlet/2.4.7.Final/weld-servlet-2.4.7.Final.jar:/home/user/.m2/repository/org/glassfish/jersey/containers/jersey-container-servlet-core/2.27/jersey-container-servlet-core-2.27.jar:/home/user/.m2/repository/org/glassfish/hk2/external/javax.inject/2.5.0-b42/javax.inject-2.5.0-b42.jar:/home/user/.m2/repository/org/glassfish/jersey/core/jersey-common/2.27/jersey-common-2.27.jar:/home/user/.m2/repository/org/glassfish/hk2/osgi-resource-locator/1.0.1/osgi-resource-locator-1.0.1.jar:/home/user/.m2/repository/javax/ws/rs/javax.ws.rs-api/2.1/javax.ws.rs-api-2.1.jar:/home/user/.m2/repository/org/glassfish/jersey/ext/cdi/jersey-cdi1x/2.27/jersey-cdi1x-2.27.jar:/home/user/.m2/repository/org/glassfish/jersey/inject/jersey-hk2/2.27/jersey-hk2-2.27.jar:/home/user/.m2/repository/org/glassfish/hk2/hk2-locator/2.5.0-b42/hk2-locator-2.5.0-b42.jar:/home/user/.m2/repository/org/javassist/javassist/3.22.0-CR2/javassist-3.22.0-CR2.jar:/home/user/.m2/repository/org/glassfish/hk2/hk2-api/2.5.0/hk2-api-2.5.0.jar:/home/user/.m2/repository/org/glassfish/hk2/external/jakarta.inject/2.5.0/jakarta.inject-2.5.0.jar:/home/user/.m2/repository/org/glassfish/hk2/hk2-utils/2.5.0/hk2-utils-2.5.0.jar:/home/user/.m2/repository/jakarta/annotation/jakarta.annotation-api/1.3.4/jakarta.annotation-api-1.3.4.jar:/home/user/.m2/repository/org/glassfish/hk2/external/aopalliance-repackaged/2.5.0/aopalliance-repackaged-2.5.0.jar:/home/user/.m2/repository/com/fasterxml/jackson/dataformat/jackson-dataformat-xml/2.9.0/jackson-dataformat-xml-2.9.0.jar:/home/user/.m2/repository/com/fasterxml/jackson/core/jackson-core/2.9.5/jackson-core-2.9.5.jar:/home/user/.m2/repository/com/fasterxml/jackson/module/jackson-module-jaxb-annotations/2.9.5/jackson-module-jaxb-annotations-2.9.5.jar:/home/user/.m2/repository/javax/enterprise/cdi-api/1.2/cdi-api-1.2.jar:/home/user/.m2/repository/javax/el/javax.el-api/3.0.0/javax.el-api-3.0.0.jar:/home/user/.m2/repository/javax/interceptor/javax.interceptor-api/1.2/javax.interceptor-api-1.2.jar:/home/user/.m2/repository/javax/inject/javax.inject/1/javax.inject-1.jar:/home/user/.m2/repository/com/sun/xml/bind/jaxb-impl/2.3.0.1/jaxb-impl-2.3.0.1.jar:/home/user/.m2/repository/com/sun/xml/bind/jaxb-core/2.3.0.1/jaxb-core-2.3.0.1.jar:/home/user/.m2/repository/javax/xml/bind/jaxb-api/2.3.0/jaxb-api-2.3.0.jar:/home/user/.m2/repository/javax/activation/activation/1.1.1/activation-1.1.1.jar:/home/user/.m2/repository/org/apache/hadoop/hadoop-ozone-csi/0.5.0-SNAPSHOT/hadoop-ozone-csi-0.5.0-SNAPSHOT.jar:/home/user/.m2/repository/com/google/protobuf/protobuf-java-util/3.5.1/protobuf-java-util-3.5.1.jar:/home/user/.m2/repository/org/apache/hadoop/hadoop-hdds-config/0.5.0-SNAPSHOT/hadoop-hdds-config-0.5.0-SNAPSHOT.jar:/home/user/.m2/repository/io/grpc/grpc-netty/1.17.1/grpc-netty-1.17.1.jar:/home/user/.m2/repository/io/grpc/grpc-core/1.17.1/grpc-core-1.17.1.jar:/home/user/.m2/repository/io/grpc/grpc-context/1.17.1/grpc-context-1.17.1.jar:/home/user/.m2/repository/com/google/errorprone/error_prone_annotations/2.2.0/error_prone_annotations-2.2.0.jar:/home/user/.m2/repository/org/codehaus/mojo/animal-sniffer-annotations/1.17/animal-sniffer-annotations-1.17.jar:/home/user/.m2/repository/io/opencensus/opencensus-api/0.17.0/opencensus-api-0.17.0.jar:/home/user/.m2/repository/io/opencensus/opencensus-contrib-grpc-metrics/0.17.0/opencensus-contrib-grpc-metrics-0.17.0.jar:/home/user/.m2/repository/io/netty/netty-codec-http2/4.1.30.Final/netty-codec-http2-4.1.30.Final.jar:/home/user/.m2/repository/io/netty/netty-codec-http/4.1.30.Final/netty-codec-http-4.1.30.Final.jar:/home/user/.m2/repository/io/netty/netty-codec/4.1.30.Final/netty-codec-4.1.30.Final.jar:/home/user/.m2/repository/io/netty/netty-handler/4.1.30.Final/netty-handler-4.1.30.Final.jar:/home/user/.m2/repository/io/netty/netty-handler-proxy/4.1.30.Final/netty-handler-proxy-4.1.30.Final.jar:/home/user/.m2/repository/io/netty/netty-codec-socks/4.1.30.Final/netty-codec-socks-4.1.30.Final.jar:/home/user/.m2/repository/io/netty/netty-transport-native-epoll/4.1.30.Final/netty-transport-native-epoll-4.1.30.Final.jar:/home/user/.m2/repository/io/netty/netty-common/4.1.30.Final/netty-common-4.1.30.Final.jar:/home/user/.m2/repository/io/netty/netty-buffer/4.1.30.Final/netty-buffer-4.1.30.Final.jar:/home/user/.m2/repository/io/netty/netty-transport/4.1.30.Final/netty-transport-4.1.30.Final.jar:/home/user/.m2/repository/io/netty/netty-resolver/4.1.30.Final/netty-resolver-4.1.30.Final.jar:/home/user/.m2/repository/io/netty/netty-transport-native-unix-common/4.1.30.Final/netty-transport-native-unix-common-4.1.30.Final.jar:/home/user/.m2/repository/io/grpc/grpc-protobuf/1.17.1/grpc-protobuf-1.17.1.jar:/home/user/.m2/repository/com/google/api/grpc/proto-google-common-protos/1.0.0/proto-google-common-protos-1.0.0.jar:/home/user/.m2/repository/io/grpc/grpc-protobuf-lite/1.17.1/grpc-protobuf-lite-1.17.1.jar:/home/user/.m2/repository/io/grpc/grpc-stub/1.17.1/grpc-stub-1.17.1.jar:/home/user/.m2/repository/org/apache/hadoop/hadoop-ozone-recon/0.5.0-SNAPSHOT/hadoop-ozone-recon-0.5.0-SNAPSHOT.jar:/home/user/.m2/repository/org/apache/hadoop/hadoop-ozone-reconcodegen/0.5.0-SNAPSHOT/hadoop-ozone-reconcodegen-0.5.0-SNAPSHOT.jar:/home/user/.m2/repository/com/google/inject/extensions/guice-multibindings/4.0/guice-multibindings-4.0.jar:/home/user/.m2/repository/com/google/inject/guice/4.0/guice-4.0.jar:/home/user/.m2/repository/aopalliance/aopalliance/1.0/aopalliance-1.0.jar:/home/user/.m2/repository/com/google/inject/extensions/guice-servlet/4.0/guice-servlet-4.0.jar:/home/user/.m2/repository/org/glassfish/jersey/containers/jersey-container-servlet/2.27/jersey-container-servlet-2.27.jar:/home/user/.m2/repository/org/glassfish/hk2/guice-bridge/2.5.0/guice-bridge-2.5.0.jar:/home/user/.m2/repository/org/glassfish/jersey/core/jersey-server/2.27/jersey-server-2.27.jar:/home/user/.m2/repository/org/glassfish/jersey/core/jersey-client/2.27/jersey-client-2.27.jar:/home/user/.m2/repository/org/glassfish/jersey/media/jersey-media-jaxb/2.27/jersey-media-jaxb-2.27.jar:/home/user/.m2/repository/javax/validation/validation-api/1.1.0.Final/validation-api-1.1.0.Final.jar:/home/user/.m2/repository/org/glassfish/jersey/media/jersey-media-json-jackson/2.27/jersey-media-json-jackson-2.27.jar:/home/user/.m2/repository/org/glassfish/jersey/ext/jersey-entity-filtering/2.27/jersey-entity-filtering-2.27.jar:/home/user/.m2/repository/com/google/inject/extensions/guice-assistedinject/4.0/guice-assistedinject-4.0.jar:/home/user/.m2/repository/org/jooq/jooq/3.11.10/jooq-3.11.10.jar:/home/user/.m2/repository/org/jooq/jooq-meta/3.11.10/jooq-meta-3.11.10.jar:/home/user/.m2/repository/org/jooq/jooq-codegen/3.11.10/jooq-codegen-3.11.10.jar:/home/user/.m2/repository/com/jolbox/bonecp/0.8.0.RELEASE/bonecp-0.8.0.RELEASE.jar:/home/user/.m2/repository/org/xerial/sqlite-jdbc/3.25.2/sqlite-jdbc-3.25.2.jar:/home/user/.m2/repository/org/springframework/spring-jdbc/5.1.3.RELEASE/spring-jdbc-5.1.3.RELEASE.jar:/home/user/.m2/repository/org/springframework/spring-beans/5.1.3.RELEASE/spring-beans-5.1.3.RELEASE.jar:/home/user/.m2/repository/org/springframework/spring-core/5.1.3.RELEASE/spring-core-5.1.3.RELEASE.jar:/home/user/.m2/repository/org/springframework/spring-jcl/5.1.3.RELEASE/spring-jcl-5.1.3.RELEASE.jar:/home/user/.m2/repository/org/springframework/spring-tx/5.1.3.RELEASE/spring-tx-5.1.3.RELEASE.jar:/home/user/.m2/repository/org/apache/hadoop/hadoop-ozone-client/0.5.0-SNAPSHOT/hadoop-ozone-client-0.5.0-SNAPSHOT.jar:/home/user/.m2/repository/commons-lang/commons-lang/2.6/commons-lang-2.6.jar:/home/user/.m2/repository/org/apache/hadoop/hadoop-ozone-ozone-manager/0.5.0-SNAPSHOT/hadoop-ozone-ozone-manager-0.5.0-SNAPSHOT-tests.jar:/home/user/.m2/repository/junit/junit/4.11/junit-4.11.jar:/home/user/.m2/repository/org/hamcrest/hamcrest-core/1.3/hamcrest-core-1.3.jar:/home/user/.m2/repository/org/openjdk/jmh/jmh-core/1.19/jmh-core-1.19.jar:/home/user/.m2/repository/net/sf/jopt-simple/jopt-simple/4.6/jopt-simple-4.6.jar:/home/user/.m2/repository/org/apache/commons/commons-math3/3.1.1/commons-math3-3.1.1.jar:/home/user/.m2/repository/org/openjdk/jmh/jmh-generator-annprocess/1.19/jmh-generator-annprocess-1.19.jar:/home/user/.m2/repository/org/mockito/mockito-all/1.8.5/mockito-all-1.8.5.jar:/home/user/.m2/repository/org/apache/hadoop/hadoop-kms/3.2.0/hadoop-kms-3.2.0.jar:/home/user/.m2/repository/org/apache/hadoop/hadoop-auth/3.2.0/hadoop-auth-3.2.0.jar:/home/user/.m2/repository/com/nimbusds/nimbus-jose-jwt/4.41.1/nimbus-jose-jwt-4.41.1.jar:/home/user/.m2/repository/com/github/stephenc/jcip/jcip-annotations/1.0-1/jcip-annotations-1.0-1.jar:/home/user/.m2/repository/net/minidev/json-smart/2.3/json-smart-2.3.jar:/home/user/.m2/repository/net/minidev/accessors-smart/1.2/accessors-smart-1.2.jar:/home/user/.m2/repository/org/ow2/asm/asm/5.0.4/asm-5.0.4.jar:/home/user/.m2/repository/org/apache/curator/curator-framework/2.12.0/curator-framework-2.12.0.jar:/home/user/.m2/repository/com/sun/jersey/jersey-core/1.19/jersey-core-1.19.jar:/home/user/.m2/repository/javax/ws/rs/jsr311-api/1.1.1/jsr311-api-1.1.1.jar:/home/user/.m2/repository/com/sun/jersey/jersey-server/1.19/jersey-server-1.19.jar:/home/user/.m2/repository/javax/servlet/javax.servlet-api/3.1.0/javax.servlet-api-3.1.0.jar:/home/user/.m2/repository/org/eclipse/jetty/jetty-server/9.3.24.v20180605/jetty-server-9.3.24.v20180605.jar:/home/user/.m2/repository/org/eclipse/jetty/jetty-http/9.3.24.v20180605/jetty-http-9.3.24.v20180605.jar:/home/user/.m2/repository/org/eclipse/jetty/jetty-io/9.3.24.v20180605/jetty-io-9.3.24.v20180605.jar:/home/user/.m2/repository/org/eclipse/jetty/jetty-webapp/9.3.24.v20180605/jetty-webapp-9.3.24.v20180605.jar:/home/user/.m2/repository/org/eclipse/jetty/jetty-xml/9.3.24.v20180605/jetty-xml-9.3.24.v20180605.jar:/home/user/.m2/repository/log4j/log4j/1.2.17/log4j-1.2.17.jar:/home/user/.m2/repository/org/slf4j/slf4j-api/1.7.25/slf4j-api-1.7.25.jar:/home/user/.m2/repository/org/slf4j/jul-to-slf4j/1.7.25/jul-to-slf4j-1.7.25.jar:/home/user/.m2/repository/org/eclipse/jetty/jetty-util/9.3.24.v20180605/jetty-util-9.3.24.v20180605.jar:/home/user/.m2/repository/com/fasterxml/jackson/core/jackson-databind/2.9.5/jackson-databind-2.9.5.jar:/home/user/.m2/repository/org/apache/hadoop/hadoop-kms/3.2.0/hadoop-kms-3.2.0-tests.jar:/home/user/.m2/repository/org/apache/hadoop/hadoop-hdds-server-scm/0.5.0-SNAPSHOT/hadoop-hdds-server-scm-0.5.0-SNAPSHOT-tests.jar:/home/user/.m2/repository/org/apache/hadoop/hadoop-hdds-container-service/0.5.0-SNAPSHOT/hadoop-hdds-container-service-0.5.0-SNAPSHOT-tests.jar:/home/user/.m2/repository/org/yaml/snakeyaml/1.16/snakeyaml-1.16.jar:/home/user/.m2/repository/org/apache/hadoop/hadoop-common/3.2.0/hadoop-common-3.2.0-tests.jar:/home/user/.m2/repository/org/apache/hadoop/hadoop-annotations/3.2.0/hadoop-annotations-3.2.0.jar:/usr/lib/jvm/java-1.8-openjdk/jre/../lib/tools.jar:/home/user/.m2/repository/commons-cli/commons-cli/1.2/commons-cli-1.2.jar:/home/user/.m2/repository/org/apache/httpcomponents/httpclient/4.5.2/httpclient-4.5.2.jar:/home/user/.m2/repository/org/apache/httpcomponents/httpcore/4.4.4/httpcore-4.4.4.jar:/home/user/.m2/repository/commons-codec/commons-codec/1.11/commons-codec-1.11.jar:/home/user/.m2/repository/commons-net/commons-net/3.6/commons-net-3.6.jar:/home/user/.m2/repository/commons-collections/commons-collections/3.2.2/commons-collections-3.2.2.jar:/home/user/.m2/repository/org/eclipse/jetty/jetty-servlet/9.3.24.v20180605/jetty-servlet-9.3.24.v20180605.jar:/home/user/.m2/repository/org/eclipse/jetty/jetty-security/9.3.24.v20180605/jetty-security-9.3.24.v20180605.jar:/home/user/.m2/repository/javax/servlet/jsp/jsp-api/2.1/jsp-api-2.1.jar:/home/user/.m2/repository/com/sun/jersey/jersey-servlet/1.19/jersey-servlet-1.19.jar:/home/user/.m2/repository/com/sun/jersey/jersey-json/1.19/jersey-json-1.19.jar:/home/user/.m2/repository/org/codehaus/jettison/jettison/1.1/jettison-1.1.jar:/home/user/.m2/repository/org/codehaus/jackson/jackson-core-asl/1.9.13/jackson-core-asl-1.9.13.jar:/home/user/.m2/repository/org/codehaus/jackson/jackson-mapper-asl/1.9.13/jackson-mapper-asl-1.9.13.jar:/home/user/.m2/repository/org/codehaus/jackson/jackson-jaxrs/1.9.13/jackson-jaxrs-1.9.13.jar:/home/user/.m2/repository/org/codehaus/jackson/jackson-xc/1.9.13/jackson-xc-1.9.13.jar:/home/user/.m2/repository/commons-logging/commons-logging/1.1.3/commons-logging-1.1.3.jar:/home/user/.m2/repository/commons-beanutils/commons-beanutils/1.9.3/commons-beanutils-1.9.3.jar:/home/user/.m2/repository/org/apache/commons/commons-configuration2/2.1.1/commons-configuration2-2.1.1.jar:/home/user/.m2/repository/org/apache/commons/commons-lang3/3.7/commons-lang3-3.7.jar:/home/user/.m2/repository/org/apache/commons/commons-text/1.4/commons-text-1.4.jar:/home/user/.m2/repository/org/apache/avro/avro/1.7.7/avro-1.7.7.jar:/home/user/.m2/repository/com/thoughtworks/paranamer/paranamer/2.3/paranamer-2.3.jar:/home/user/.m2/repository/org/xerial/snappy/snappy-java/1.0.5/snappy-java-1.0.5.jar:/home/user/.m2/repository/com/google/re2j/re2j/1.1/re2j-1.1.jar:/home/user/.m2/repository/com/google/code/gson/gson/2.2.4/gson-2.2.4.jar:/home/user/.m2/repository/com/jcraft/jsch/0.1.54/jsch-0.1.54.jar:/home/user/.m2/repository/org/apache/curator/curator-client/2.12.0/curator-client-2.12.0.jar:/home/user/.m2/repository/org/apache/curator/curator-recipes/2.12.0/curator-recipes-2.12.0.jar:/home/user/.m2/repository/com/google/code/findbugs/jsr305/3.0.0/jsr305-3.0.0.jar:/home/user/.m2/repository/org/apache/htrace/htrace-core4/4.1.0-incubating/htrace-core4-4.1.0-incubating.jar:/home/user/.m2/repository/org/apache/zookeeper/zookeeper/3.4.13/zookeeper-3.4.13.jar:/home/user/.m2/repository/org/apache/yetus/audience-annotations/0.5.0/audience-annotations-0.5.0.jar:/home/user/.m2/repository/org/codehaus/woodstox/stax2-api/3.1.4/stax2-api-3.1.4.jar:/home/user/.m2/repository/com/fasterxml/woodstox/woodstox-core/5.0.3/woodstox-core-5.0.3.jar:/home/user/.m2/repository/dnsjava/dnsjava/2.1.7/dnsjava-2.1.7.jar:/home/user/.m2/repository/org/apache/hadoop/hadoop-hdfs/3.2.0/hadoop-hdfs-3.2.0-tests.jar:/home/user/.m2/repository/org/eclipse/jetty/jetty-util-ajax/9.3.24.v20180605/jetty-util-ajax-9.3.24.v20180605.jar:/home/user/.m2/repository/commons-daemon/commons-daemon/1.0.13/commons-daemon-1.0.13.jar:/home/user/.m2/repository/io/netty/netty/3.10.5.Final/netty-3.10.5.Final.jar:/home/user/.m2/repository/io/netty/netty-all/4.0.52.Final/netty-all-4.0.52.Final.jar:/home/user/.m2/repository/org/fusesource/leveldbjni/leveldbjni-all/1.8/leveldbjni-all-1.8.jar:"/>
    <property name="sun.cpu.endian" value="little"/>
    <property name="user.home" value="/home/user"/>
    <property name="user.language" value="en"/>
    <property name="java.specification.vendor" value="Oracle Corporation"/>
    <property name="java.home" value="/usr/lib/jvm/java-1.8-openjdk/jre"/>
    <property name="java.security.krb5.conf" value="/workdir/hadoop-ozone/integration-test/target/test-classes/krb5.conf"/>
    <property name="basedir" value="/workdir/hadoop-ozone/integration-test"/>
    <property name="file.separator" value="/"/>
    <property name="line.separator" value="&#10;"/>
    <property name="java.vm.specification.vendor" value="Oracle Corporation"/>
    <property name="java.specification.name" value="Java Platform API Specification"/>
    <property name="java.awt.graphicsenv" value="sun.awt.X11GraphicsEnvironment"/>
    <property name="surefire.real.class.path" value="/workdir/hadoop-ozone/integration-test/target/surefire/surefirebooter3756014107802605947.jar"/>
    <property name="hadoop.log.dir" value="/workdir/hadoop-ozone/integration-test/target/log"/>
    <property name="sun.boot.class.path" value="/usr/lib/jvm/java-1.8-openjdk/jre/lib/resources.jar:/usr/lib/jvm/java-1.8-openjdk/jre/lib/rt.jar:/usr/lib/jvm/java-1.8-openjdk/jre/lib/sunrsasign.jar:/usr/lib/jvm/java-1.8-openjdk/jre/lib/jsse.jar:/usr/lib/jvm/java-1.8-openjdk/jre/lib/jce.jar:/usr/lib/jvm/java-1.8-openjdk/jre/lib/charsets.jar:/usr/lib/jvm/java-1.8-openjdk/jre/lib/jfr.jar:/usr/lib/jvm/java-1.8-openjdk/jre/classes"/>
    <property name="sun.management.compiler" value="HotSpot 64-Bit Tiered Compilers"/>
    <property name="java.runtime.version" value="1.8.0_212-b04"/>
    <property name="java.net.preferIPv4Stack" value="true"/>
    <property name="user.name" value="jenkins1000"/>
    <property name="path.separator" value=":"/>
    <property name="java.security.egd" value="file:///dev/urandom"/>
    <property name="os.version" value="3.10.0-957.12.2.el7.x86_64"/>
    <property name="java.endorsed.dirs" value="/usr/lib/jvm/java-1.8-openjdk/jre/lib/endorsed"/>
    <property name="java.runtime.name" value="OpenJDK Runtime Environment"/>
    <property name="file.encoding" value="UTF-8"/>
    <property name="java.vm.name" value="OpenJDK 64-Bit Server VM"/>
    <property name="test.build.webapps" value=""/>
    <property name="localRepository" value="/home/user/.m2/repository"/>
    <property name="java.vendor.url.bug" value="https://icedtea.classpath.org/bugzilla"/>
    <property name="java.io.tmpdir" value="/tmp"/>
    <property name="require.test.libhadoop" value=""/>
    <property name="java.version" value="1.8.0_212"/>
    <property name="user.dir" value="/workdir/hadoop-ozone/integration-test"/>
    <property name="os.arch" value="amd64"/>
    <property name="java.vm.specification.name" value="Java Virtual Machine Specification"/>
    <property name="test.build.classes" value="/workdir/hadoop-ozone/integration-test/target/test-classes"/>
    <property name="java.awt.printerjob" value="sun.print.PSPrinterJob"/>
    <property name="sun.os.patch.level" value="unknown"/>
    <property name="hadoop.tmp.dir" value="/workdir/hadoop-ozone/integration-test/target/tmp"/>
    <property name="java.library.path" value="/usr/lib/jvm/java-1.8-openjdk/jre/lib/amd64/server:/usr/lib/jvm/java-1.8-openjdk/jre/lib/amd64:/usr/lib/jvm/java-1.8-openjdk/jre/../lib/amd64:/workdir/hadoop-ozone/integration-test/target/native/target/usr/local/lib:/workdir/hadoop-ozone/integration-test/../../hadoop-common-project/hadoop-common/target/native/target/usr/local/lib:/usr/java/packages/lib/amd64:/usr/lib64:/lib64:/lib:/usr/lib"/>
    <property name="java.vm.info" value="mixed mode"/>
    <property name="java.vendor" value="IcedTea"/>
    <property name="java.vm.version" value="25.212-b04"/>
    <property name="java.ext.dirs" value="/usr/lib/jvm/java-1.8-openjdk/jre/lib/ext:/usr/java/packages/lib/ext"/>
    <property name="sun.io.unicode.encoding" value="UnicodeLittle"/>
    <property name="java.class.version" value="52.0"/>
  </properties>
  <testcase name="test2DatanodesFailure" classname="org.apache.hadoop.ozone.client.rpc.TestBlockOutputStreamWithFailures" time="118.323"/>
  <testcase name="testDatanodeFailureWithPreAllocation" classname="org.apache.hadoop.ozone.client.rpc.TestBlockOutputStreamWithFailures" time="226.097"/>
  <testcase name="testDatanodeFailureWithSingleNodeRatis" classname="org.apache.hadoop.ozone.client.rpc.TestBlockOutputStreamWithFailures" time="226.137"/>
  <testcase name="testWatchForCommitWithSingleNodeRatis" classname="org.apache.hadoop.ozone.client.rpc.TestBlockOutputStreamWithFailures" time="34.364"/>
  <testcase name="testWatchForCommitDatanodeFailure" classname="org.apache.hadoop.ozone.client.rpc.TestBlockOutputStreamWithFailures" time="34.301"/>
  <testcase name="testFailureWithPrimeSizedData" classname="org.apache.hadoop.ozone.client.rpc.TestBlockOutputStreamWithFailures" time="40.976">
    <failure message="expected:&lt;68&gt; but was:&lt;70&gt;" type="java.lang.AssertionError"><![CDATA[java.lang.AssertionError: expected:<68> but was:<70>
	at org.junit.Assert.fail(Assert.java:88)
	at org.junit.Assert.failNotEquals(Assert.java:743)
	at org.junit.Assert.assertEquals(Assert.java:118)
	at org.junit.Assert.assertEquals(Assert.java:555)
	at org.junit.Assert.assertEquals(Assert.java:542)
	at org.apache.hadoop.ozone.client.rpc.TestBlockOutputStreamWithFailures.testFailureWithPrimeSizedData(TestBlockOutputStreamWithFailures.java:605)
	at sun.reflect.NativeMethodAccessorImpl.invoke0(Native Method)
	at sun.reflect.NativeMethodAccessorImpl.invoke(NativeMethodAccessorImpl.java:62)
	at sun.reflect.DelegatingMethodAccessorImpl.invoke(DelegatingMethodAccessorImpl.java:43)
	at java.lang.reflect.Method.invoke(Method.java:498)
	at org.junit.runners.model.FrameworkMethod$1.runReflectiveCall(FrameworkMethod.java:47)
	at org.junit.internal.runners.model.ReflectiveCallable.run(ReflectiveCallable.java:12)
	at org.junit.runners.model.FrameworkMethod.invokeExplosively(FrameworkMethod.java:44)
	at org.junit.internal.runners.statements.InvokeMethod.evaluate(InvokeMethod.java:17)
	at org.junit.internal.runners.statements.RunBefores.evaluate(RunBefores.java:26)
	at org.junit.internal.runners.statements.RunAfters.evaluate(RunAfters.java:27)
	at org.junit.runners.ParentRunner.runLeaf(ParentRunner.java:271)
	at org.junit.runners.BlockJUnit4ClassRunner.runChild(BlockJUnit4ClassRunner.java:70)
	at org.junit.runners.BlockJUnit4ClassRunner.runChild(BlockJUnit4ClassRunner.java:50)
	at org.junit.runners.ParentRunner$3.run(ParentRunner.java:238)
	at org.junit.runners.ParentRunner$1.schedule(ParentRunner.java:63)
	at org.junit.runners.ParentRunner.runChildren(ParentRunner.java:236)
	at org.junit.runners.ParentRunner.access$000(ParentRunner.java:53)
	at org.junit.runners.ParentRunner$2.evaluate(ParentRunner.java:229)
	at org.junit.runners.ParentRunner.run(ParentRunner.java:309)
	at org.apache.maven.surefire.junit4.JUnit4Provider.execute(JUnit4Provider.java:365)
	at org.apache.maven.surefire.junit4.JUnit4Provider.executeWithRerun(JUnit4Provider.java:273)
	at org.apache.maven.surefire.junit4.JUnit4Provider.executeTestSet(JUnit4Provider.java:238)
	at org.apache.maven.surefire.junit4.JUnit4Provider.invoke(JUnit4Provider.java:159)
	at org.apache.maven.surefire.booter.ForkedBooter.invokeProviderInSameClassLoader(ForkedBooter.java:384)
	at org.apache.maven.surefire.booter.ForkedBooter.runSuitesInProcess(ForkedBooter.java:345)
	at org.apache.maven.surefire.booter.ForkedBooter.execute(ForkedBooter.java:126)
	at org.apache.maven.surefire.booter.ForkedBooter.main(ForkedBooter.java:418)
]]></failure>
    <system-out><![CDATA[2019-08-16 05:31:28,773 [main] WARN  server.ServerUtils (ServerUtils.java:getScmDbDir(145)) - ozone.scm.db.dirs is not configured. We recommend adding this setting. Falling back to ozone.metadata.dirs instead.
2019-08-16 05:31:28,810 [main] WARN  server.ServerUtils (ServerUtils.java:getScmDbDir(145)) - ozone.scm.db.dirs is not configured. We recommend adding this setting. Falling back to ozone.metadata.dirs instead.
2019-08-16 05:31:28,810 [main] WARN  server.ServerUtils (ServerUtils.java:getScmDbDir(145)) - ozone.scm.db.dirs is not configured. We recommend adding this setting. Falling back to ozone.metadata.dirs instead.
2019-08-16 05:31:28,811 [main] INFO  db.DBStoreBuilder (DBStoreBuilder.java:addTable(110)) - using custom profile for table: deletedBlocks
2019-08-16 05:31:28,811 [main] INFO  db.DBStoreBuilder (DBStoreBuilder.java:processTables(161)) - Using default column profile:DBProfile.DISK for Table:deletedBlocks
2019-08-16 05:31:28,812 [main] INFO  db.DBStoreBuilder (DBStoreBuilder.java:addTable(110)) - using custom profile for table: validCerts
2019-08-16 05:31:28,812 [main] INFO  db.DBStoreBuilder (DBStoreBuilder.java:processTables(161)) - Using default column profile:DBProfile.DISK for Table:validCerts
2019-08-16 05:31:28,812 [main] INFO  db.DBStoreBuilder (DBStoreBuilder.java:addTable(110)) - using custom profile for table: revokedCerts
2019-08-16 05:31:28,812 [main] INFO  db.DBStoreBuilder (DBStoreBuilder.java:processTables(161)) - Using default column profile:DBProfile.DISK for Table:revokedCerts
2019-08-16 05:31:28,813 [main] INFO  db.DBStoreBuilder (DBStoreBuilder.java:addTable(110)) - using custom profile for table: default
2019-08-16 05:31:28,813 [main] INFO  db.DBStoreBuilder (DBStoreBuilder.java:processTables(167)) - Using default column profile:DBProfile.DISK for Table:default
2019-08-16 05:31:28,813 [main] INFO  db.DBStoreBuilder (DBStoreBuilder.java:getDbProfile(198)) - Using default options. DBProfile.DISK
2019-08-16 05:31:29,037 [main] INFO  net.NodeSchemaLoader (NodeSchemaLoader.java:loadSchemaFromFile(125)) - Loading file from sun.misc.CompoundEnumeration@52b53172
2019-08-16 05:31:29,037 [main] INFO  net.NodeSchemaLoader (NodeSchemaLoader.java:loadSchema(171)) - Loading network topology layer schema file
2019-08-16 05:31:29,044 [main] INFO  node.SCMNodeManager (SCMNodeManager.java:<init>(121)) - Entering startup safe mode.
2019-08-16 05:31:29,045 [main] INFO  algorithms.ContainerPlacementPolicyFactory (ContainerPlacementPolicyFactory.java:getPolicy(55)) - Create container placement policy of type org.apache.hadoop.hdds.scm.container.placement.algorithms.SCMContainerPlacementRandom
2019-08-16 05:31:29,046 [main] WARN  server.ServerUtils (ServerUtils.java:getScmDbDir(145)) - ozone.scm.db.dirs is not configured. We recommend adding this setting. Falling back to ozone.metadata.dirs instead.
2019-08-16 05:31:29,097 [main] INFO  pipeline.SCMPipelineManager (SCMPipelineManager.java:initializePipelineState(126)) - No pipeline exists in current db
2019-08-16 05:31:29,098 [main] WARN  server.ServerUtils (ServerUtils.java:getScmDbDir(145)) - ozone.scm.db.dirs is not configured. We recommend adding this setting. Falling back to ozone.metadata.dirs instead.
2019-08-16 05:31:29,197 [main] WARN  events.EventQueue (EventQueue.java:fireEvent(175)) - No event handler registered for event TypedEvent{payloadType=SafeModeStatus, name='SafeModeStatus'}
2019-08-16 05:31:29,199 [main] INFO  ipc.CallQueueManager (CallQueueManager.java:<init>(84)) - Using callQueue: class java.util.concurrent.LinkedBlockingQueue, queueCapacity: 2000, scheduler: class org.apache.hadoop.ipc.DefaultRpcScheduler, ipcBackoff: false.
2019-08-16 05:31:29,201 [Socket Reader #1 for port 34802] INFO  ipc.Server (Server.java:run(1074)) - Starting Socket Reader #1 for port 34802
2019-08-16 05:31:29,203 [main] INFO  ipc.CallQueueManager (CallQueueManager.java:<init>(84)) - Using callQueue: class java.util.concurrent.LinkedBlockingQueue, queueCapacity: 2000, scheduler: class org.apache.hadoop.ipc.DefaultRpcScheduler, ipcBackoff: false.
2019-08-16 05:31:29,204 [Socket Reader #1 for port 45945] INFO  ipc.Server (Server.java:run(1074)) - Starting Socket Reader #1 for port 45945
2019-08-16 05:31:29,206 [main] INFO  ipc.CallQueueManager (CallQueueManager.java:<init>(84)) - Using callQueue: class java.util.concurrent.LinkedBlockingQueue, queueCapacity: 2000, scheduler: class org.apache.hadoop.ipc.DefaultRpcScheduler, ipcBackoff: false.
2019-08-16 05:31:29,207 [Socket Reader #1 for port 44821] INFO  ipc.Server (Server.java:run(1074)) - Starting Socket Reader #1 for port 44821
2019-08-16 05:31:29,214 [main] INFO  hdfs.DFSUtil (DFSUtil.java:httpServerTemplateForNNAndJN(1641)) - Starting Web-server for scm at: http://0.0.0.0:0
2019-08-16 05:31:29,218 [main] INFO  server.AuthenticationFilter (AuthenticationFilter.java:constructSecretProvider(240)) - Unable to initialize FileSignerSecretProvider, falling back to use random secrets.
2019-08-16 05:31:29,219 [main] WARN  http.HttpRequestLog (HttpRequestLog.java:getRequestLog(97)) - Jetty request log can only be enabled using Log4j
2019-08-16 05:31:29,222 [main] INFO  http.HttpServer2 (HttpServer2.java:addGlobalFilter(975)) - Added global filter 'safety' (class=org.apache.hadoop.http.HttpServer2$QuotingInputFilter)
2019-08-16 05:31:29,222 [main] INFO  http.HttpServer2 (HttpServer2.java:addFilter(948)) - Added filter static_user_filter (class=org.apache.hadoop.http.lib.StaticUserWebFilter$StaticUserFilter) to context scm
2019-08-16 05:31:29,223 [main] INFO  http.HttpServer2 (HttpServer2.java:addFilter(958)) - Added filter static_user_filter (class=org.apache.hadoop.http.lib.StaticUserWebFilter$StaticUserFilter) to context static
2019-08-16 05:31:29,223 [main] INFO  http.HttpServer2 (HttpServer2.java:addFilter(958)) - Added filter static_user_filter (class=org.apache.hadoop.http.lib.StaticUserWebFilter$StaticUserFilter) to context logs
2019-08-16 05:31:29,225 [main] INFO  server.StorageContainerManager (StorageContainerManager.java:start(759)) - StorageContainerLocationProtocol RPC server is listening at /0.0.0.0:44821
2019-08-16 05:31:29,228 [main] WARN  impl.MetricsConfig (MetricsConfig.java:loadFirst(134)) - Cannot locate configuration: tried hadoop-metrics2-storagecontainermanager.properties,hadoop-metrics2.properties
2019-08-16 05:31:29,229 [main] INFO  impl.MetricsSystemImpl (MetricsSystemImpl.java:startTimer(374)) - Scheduled Metric snapshot period at 10 second(s).
2019-08-16 05:31:29,229 [main] INFO  impl.MetricsSystemImpl (MetricsSystemImpl.java:start(191)) - StorageContainerManager metrics system started
2019-08-16 05:31:29,327 [main] INFO  server.SCMClientProtocolServer (SCMClientProtocolServer.java:start(151)) - RPC server for Client  is listening at /0.0.0.0:44821
2019-08-16 05:31:29,328 [IPC Server Responder] INFO  ipc.Server (Server.java:run(1314)) - IPC Server Responder: starting
2019-08-16 05:31:29,328 [IPC Server listener on 44821] INFO  ipc.Server (Server.java:run(1153)) - IPC Server listener on 44821: starting
2019-08-16 05:31:29,331 [main] INFO  server.StorageContainerManager (StorageContainerManager.java:start(769)) - ScmBlockLocationProtocol RPC server is listening at /0.0.0.0:45945
2019-08-16 05:31:29,332 [main] INFO  server.SCMBlockProtocolServer (SCMBlockProtocolServer.java:start(140)) - RPC server for Block Protocol is listening at /0.0.0.0:45945
2019-08-16 05:31:29,332 [IPC Server listener on 45945] INFO  ipc.Server (Server.java:run(1153)) - IPC Server listener on 45945: starting
2019-08-16 05:31:29,332 [IPC Server Responder] INFO  ipc.Server (Server.java:run(1314)) - IPC Server Responder: starting
2019-08-16 05:31:29,335 [main] INFO  server.StorageContainerManager (StorageContainerManager.java:start(773)) - ScmDatanodeProtocl RPC server is listening at /0.0.0.0:34802
2019-08-16 05:31:29,335 [main] INFO  server.SCMDatanodeProtocolServer (SCMDatanodeProtocolServer.java:start(191)) - RPC server for DataNodes is listening at /0.0.0.0:34802
2019-08-16 05:31:29,336 [IPC Server Responder] INFO  ipc.Server (Server.java:run(1314)) - IPC Server Responder: starting
2019-08-16 05:31:29,336 [IPC Server listener on 34802] INFO  ipc.Server (Server.java:run(1153)) - IPC Server listener on 34802: starting
2019-08-16 05:31:29,342 [main] INFO  http.HttpServer2 (HttpServer2.java:bindListener(1191)) - Jetty bound to port 35511
2019-08-16 05:31:29,342 [main] INFO  server.Server (Server.java:doStart(351)) - jetty-9.3.24.v20180605, build timestamp: 2018-06-05T17:11:56Z, git hash: 84205aa28f11a4f31f2a3b86d1bba2cc8ab69827
2019-08-16 05:31:29,344 [main] INFO  handler.ContextHandler (ContextHandler.java:doStart(781)) - Started o.e.j.s.ServletContextHandler@697f4085{/logs,file:///workdir/hadoop-ozone/integration-test/target/log,AVAILABLE}
2019-08-16 05:31:29,344 [main] INFO  handler.ContextHandler (ContextHandler.java:doStart(781)) - Started o.e.j.s.ServletContextHandler@55aabc72{/static,file:///workdir/hadoop-ozone/integration-test/target/test-classes/webapps/static,AVAILABLE}
2019-08-16 05:31:29,349 [main] INFO  handler.ContextHandler (ContextHandler.java:doStart(781)) - Started o.e.j.w.WebAppContext@2a01c55{/,file:///workdir/hadoop-ozone/integration-test/target/test-classes/webapps/scm/,AVAILABLE}{/scm}
2019-08-16 05:31:29,349 [main] INFO  server.AbstractConnector (AbstractConnector.java:doStart(278)) - Started ServerConnector@1560982f{HTTP/1.1,[http/1.1]}{0.0.0.0:35511}
2019-08-16 05:31:29,350 [main] INFO  server.Server (Server.java:doStart(419)) - Started @640387ms
2019-08-16 05:31:29,351 [main] INFO  server.BaseHttpServer (BaseHttpServer.java:updateConnectorAddress(213)) - HTTP server of SCM is listening at http://0.0.0.0:35511
2019-08-16 05:31:29,352 [main] WARN  server.ServerUtils (ServerUtils.java:getDBPath(222)) - ozone.om.db.dirs is not configured. We recommend adding this setting. Falling back to ozone.metadata.dirs instead.
2019-08-16 05:31:29,353 [org.apache.hadoop.util.JvmPauseMonitor$Monitor@7caa5387] INFO  util.JvmPauseMonitor (JvmPauseMonitor.java:run(188)) - Starting JVM pause monitor
2019-08-16 05:31:29,377 [main] WARN  server.ServerUtils (ServerUtils.java:getDBPath(222)) - ozone.om.db.dirs is not configured. We recommend adding this setting. Falling back to ozone.metadata.dirs instead.
2019-08-16 05:31:29,377 [main] WARN  server.ServerUtils (ServerUtils.java:getDBPath(222)) - ozone.om.db.dirs is not configured. We recommend adding this setting. Falling back to ozone.metadata.dirs instead.
2019-08-16 05:31:29,377 [main] INFO  om.OzoneManager (OzoneManager.java:setOMNodeDetails(648)) - OM Service ID is not set. Setting it to the default ID: omServiceIdDefault
2019-08-16 05:31:29,377 [main] INFO  om.OzoneManager (OzoneManager.java:setOMNodeDetails(654)) - OM Node ID is not set. Setting it to the OmStorage's OmID: a36e2a62-610a-46dd-94b1-d07e91cb3dce
2019-08-16 05:31:29,377 [main] INFO  om.OzoneManager (OzoneManager.java:loadOMHAConfigs(605)) - Found matching OM address with OMServiceId: null, OMNodeId: null, RPC Address: localhost:0 and Ratis port: 9872
2019-08-16 05:31:29,381 | INFO  | SCMAudit | user=jenkins1000 | ip=192.168.69.65 | op=GET_SCM_INFO null | ret=SUCCESS |  
2019-08-16 05:31:29,383 [main] WARN  server.ServerUtils (ServerUtils.java:getDBPath(222)) - ozone.om.db.dirs is not configured. We recommend adding this setting. Falling back to ozone.metadata.dirs instead.
2019-08-16 05:31:29,383 [main] INFO  db.DBStoreBuilder (DBStoreBuilder.java:addTable(110)) - using custom profile for table: userTable
2019-08-16 05:31:29,383 [main] INFO  db.DBStoreBuilder (DBStoreBuilder.java:processTables(161)) - Using default column profile:DBProfile.DISK for Table:userTable
2019-08-16 05:31:29,383 [main] INFO  db.DBStoreBuilder (DBStoreBuilder.java:addTable(110)) - using custom profile for table: volumeTable
2019-08-16 05:31:29,383 [main] INFO  db.DBStoreBuilder (DBStoreBuilder.java:processTables(161)) - Using default column profile:DBProfile.DISK for Table:volumeTable
2019-08-16 05:31:29,384 [main] INFO  db.DBStoreBuilder (DBStoreBuilder.java:addTable(110)) - using custom profile for table: bucketTable
2019-08-16 05:31:29,384 [main] INFO  db.DBStoreBuilder (DBStoreBuilder.java:processTables(161)) - Using default column profile:DBProfile.DISK for Table:bucketTable
2019-08-16 05:31:29,384 [main] INFO  db.DBStoreBuilder (DBStoreBuilder.java:addTable(110)) - using custom profile for table: keyTable
2019-08-16 05:31:29,384 [main] INFO  db.DBStoreBuilder (DBStoreBuilder.java:processTables(161)) - Using default column profile:DBProfile.DISK for Table:keyTable
2019-08-16 05:31:29,384 [main] INFO  db.DBStoreBuilder (DBStoreBuilder.java:addTable(110)) - using custom profile for table: deletedTable
2019-08-16 05:31:29,384 [main] INFO  db.DBStoreBuilder (DBStoreBuilder.java:processTables(161)) - Using default column profile:DBProfile.DISK for Table:deletedTable
2019-08-16 05:31:29,385 [main] INFO  db.DBStoreBuilder (DBStoreBuilder.java:addTable(110)) - using custom profile for table: openKeyTable
2019-08-16 05:31:29,385 [main] INFO  db.DBStoreBuilder (DBStoreBuilder.java:processTables(161)) - Using default column profile:DBProfile.DISK for Table:openKeyTable
2019-08-16 05:31:29,385 [main] INFO  db.DBStoreBuilder (DBStoreBuilder.java:addTable(110)) - using custom profile for table: s3Table
2019-08-16 05:31:29,385 [main] INFO  db.DBStoreBuilder (DBStoreBuilder.java:processTables(161)) - Using default column profile:DBProfile.DISK for Table:s3Table
2019-08-16 05:31:29,385 [main] INFO  db.DBStoreBuilder (DBStoreBuilder.java:addTable(110)) - using custom profile for table: multipartInfoTable
2019-08-16 05:31:29,385 [main] INFO  db.DBStoreBuilder (DBStoreBuilder.java:processTables(161)) - Using default column profile:DBProfile.DISK for Table:multipartInfoTable
2019-08-16 05:31:29,386 [main] INFO  db.DBStoreBuilder (DBStoreBuilder.java:addTable(110)) - using custom profile for table: dTokenTable
2019-08-16 05:31:29,386 [main] INFO  db.DBStoreBuilder (DBStoreBuilder.java:processTables(161)) - Using default column profile:DBProfile.DISK for Table:dTokenTable
2019-08-16 05:31:29,386 [main] INFO  db.DBStoreBuilder (DBStoreBuilder.java:addTable(110)) - using custom profile for table: s3SecretTable
2019-08-16 05:31:29,386 [main] INFO  db.DBStoreBuilder (DBStoreBuilder.java:processTables(161)) - Using default column profile:DBProfile.DISK for Table:s3SecretTable
2019-08-16 05:31:29,386 [main] INFO  db.DBStoreBuilder (DBStoreBuilder.java:addTable(110)) - using custom profile for table: prefixTable
2019-08-16 05:31:29,386 [main] INFO  db.DBStoreBuilder (DBStoreBuilder.java:processTables(161)) - Using default column profile:DBProfile.DISK for Table:prefixTable
2019-08-16 05:31:29,386 [main] INFO  db.DBStoreBuilder (DBStoreBuilder.java:addTable(110)) - using custom profile for table: default
2019-08-16 05:31:29,387 [main] INFO  db.DBStoreBuilder (DBStoreBuilder.java:processTables(167)) - Using default column profile:DBProfile.DISK for Table:default
2019-08-16 05:31:29,387 [main] INFO  db.DBStoreBuilder (DBStoreBuilder.java:getDbProfile(198)) - Using default options. DBProfile.DISK
2019-08-16 05:31:29,964 [main] INFO  ipc.CallQueueManager (CallQueueManager.java:<init>(84)) - Using callQueue: class java.util.concurrent.LinkedBlockingQueue, queueCapacity: 2000, scheduler: class org.apache.hadoop.ipc.DefaultRpcScheduler, ipcBackoff: false.
2019-08-16 05:31:29,965 [Socket Reader #1 for port 38421] INFO  ipc.Server (Server.java:run(1074)) - Starting Socket Reader #1 for port 38421
2019-08-16 05:31:29,982 [main] INFO  om.OzoneManager (OzoneManager.java:start(1259)) - OzoneManager RPC server is listening at localhost/127.0.0.1:38421
2019-08-16 05:31:29,983 [main] INFO  impl.MetricsSystemImpl (MetricsSystemImpl.java:init(158)) - OzoneManager metrics system started (again)
2019-08-16 05:31:29,984 [IPC Server Responder] INFO  ipc.Server (Server.java:run(1314)) - IPC Server Responder: starting
2019-08-16 05:31:29,984 [IPC Server listener on 38421] INFO  ipc.Server (Server.java:run(1153)) - IPC Server listener on 38421: starting
2019-08-16 05:31:29,991 [main] INFO  hdfs.DFSUtil (DFSUtil.java:httpServerTemplateForNNAndJN(1641)) - Starting Web-server for ozoneManager at: http://0.0.0.0:0
2019-08-16 05:31:29,993 [main] INFO  server.AuthenticationFilter (AuthenticationFilter.java:constructSecretProvider(240)) - Unable to initialize FileSignerSecretProvider, falling back to use random secrets.
2019-08-16 05:31:29,994 [main] WARN  http.HttpRequestLog (HttpRequestLog.java:getRequestLog(97)) - Jetty request log can only be enabled using Log4j
2019-08-16 05:31:29,996 [main] INFO  http.HttpServer2 (HttpServer2.java:addGlobalFilter(975)) - Added global filter 'safety' (class=org.apache.hadoop.http.HttpServer2$QuotingInputFilter)
2019-08-16 05:31:29,997 [main] INFO  http.HttpServer2 (HttpServer2.java:addFilter(948)) - Added filter static_user_filter (class=org.apache.hadoop.http.lib.StaticUserWebFilter$StaticUserFilter) to context ozoneManager
2019-08-16 05:31:29,997 [main] INFO  http.HttpServer2 (HttpServer2.java:addFilter(958)) - Added filter static_user_filter (class=org.apache.hadoop.http.lib.StaticUserWebFilter$StaticUserFilter) to context static
2019-08-16 05:31:29,997 [main] INFO  http.HttpServer2 (HttpServer2.java:addFilter(958)) - Added filter static_user_filter (class=org.apache.hadoop.http.lib.StaticUserWebFilter$StaticUserFilter) to context logs
2019-08-16 05:31:29,998 [main] INFO  http.HttpServer2 (HttpServer2.java:bindListener(1191)) - Jetty bound to port 44985
2019-08-16 05:31:29,998 [main] INFO  server.Server (Server.java:doStart(351)) - jetty-9.3.24.v20180605, build timestamp: 2018-06-05T17:11:56Z, git hash: 84205aa28f11a4f31f2a3b86d1bba2cc8ab69827
2019-08-16 05:31:30,001 [main] INFO  handler.ContextHandler (ContextHandler.java:doStart(781)) - Started o.e.j.s.ServletContextHandler@17856f0{/logs,file:///workdir/hadoop-ozone/integration-test/target/log,AVAILABLE}
2019-08-16 05:31:30,001 [main] INFO  handler.ContextHandler (ContextHandler.java:doStart(781)) - Started o.e.j.s.ServletContextHandler@652cb87d{/static,file:///workdir/hadoop-ozone/integration-test/target/test-classes/webapps/static,AVAILABLE}
2019-08-16 05:31:30,006 [main] INFO  handler.ContextHandler (ContextHandler.java:doStart(781)) - Started o.e.j.w.WebAppContext@2d839402{/,file:///workdir/hadoop-ozone/integration-test/target/test-classes/webapps/ozoneManager/,AVAILABLE}{/ozoneManager}
2019-08-16 05:31:30,007 [main] INFO  server.AbstractConnector (AbstractConnector.java:doStart(278)) - Started ServerConnector@2c2c1790{HTTP/1.1,[http/1.1]}{0.0.0.0:44985}
2019-08-16 05:31:30,008 [main] INFO  server.Server (Server.java:doStart(419)) - Started @641045ms
2019-08-16 05:31:30,009 [main] INFO  server.BaseHttpServer (BaseHttpServer.java:updateConnectorAddress(213)) - HTTP server of OZONEMANAGER is listening at http://0.0.0.0:44985
2019-08-16 05:31:30,027 [main] INFO  impl.MetricsSystemImpl (MetricsSystemImpl.java:init(158)) - HddsDatanode metrics system started (again)
2019-08-16 05:31:30,030 [main] INFO  ozone.HddsDatanodeService (HddsDatanodeService.java:start(184)) - HddsDatanodeService host:trunk-nightly-4lbr2-4263640518 ip:192.168.69.65
2019-08-16 05:31:30,041 [main] INFO  volume.HddsVolume (HddsVolume.java:<init>(176)) - Creating Volume: /workdir/hadoop-ozone/integration-test/target/test-dir/MiniOzoneClusterImpl-eb2bda36-fe71-46ed-bbf9-7d62ad1f7211/datanode-0/data/containers/hdds of  storage type : DISK and capacity : 1482555576320
2019-08-16 05:31:30,042 [main] INFO  volume.VolumeSet (VolumeSet.java:initializeVolumeSet(170)) - Added Volume : /workdir/hadoop-ozone/integration-test/target/test-dir/MiniOzoneClusterImpl-eb2bda36-fe71-46ed-bbf9-7d62ad1f7211/datanode-0/data/containers/hdds to VolumeSet
2019-08-16 05:31:30,042 [main] INFO  volume.ThrottledAsyncChecker (ThrottledAsyncChecker.java:schedule(140)) - Scheduling a check for org.apache.hadoop.ozone.container.common.volume.HddsVolume@3653bb61
2019-08-16 05:31:30,043 [main] INFO  volume.HddsVolumeChecker (HddsVolumeChecker.java:checkAllVolumes(203)) - Scheduled health check for volume org.apache.hadoop.ozone.container.common.volume.HddsVolume@3653bb61
2019-08-16 05:31:30,059 [main] INFO  impl.RaftServerProxy (ConfUtils.java:logGet(43)) - raft.rpc.type = GRPC (default)
2019-08-16 05:31:30,059 [main] INFO  grpc.GrpcFactory (GrpcFactory.java:checkPooledByteBufAllocatorUseCacheForAllThreads(45)) - PERFORMANCE WARNING: useCacheForAllThreads is true that may cause Netty to create a lot garbage objects and, as a result, trigger GC.
	It is recommended to disable useCacheForAllThreads by setting -Dorg.apache.ratis.thirdparty.io.netty.allocator.useCacheForAllThreads=false in command line.
2019-08-16 05:31:30,059 [main] INFO  grpc.GrpcConfigKeys$Server (ConfUtils.java:logGet(43)) - raft.grpc.server.port = 0 (default)
2019-08-16 05:31:30,060 [main] INFO  server.GrpcService (ConfUtils.java:logGet(43)) - raft.grpc.message.size.max = 33570816 (custom)
2019-08-16 05:31:30,060 [main] INFO  server.RaftServerConfigKeys (ConfUtils.java:logGet(43)) - raft.server.log.appender.buffer.byte-limit = 33554432 (custom)
2019-08-16 05:31:30,060 [main] INFO  server.GrpcService (ConfUtils.java:logGet(43)) - raft.grpc.flow.control.window = 1MB (=1048576) (default)
2019-08-16 05:31:30,060 [main] INFO  server.RaftServerConfigKeys (ConfUtils.java:logGet(43)) - raft.server.rpc.request.timeout = 3000ms (default)
2019-08-16 05:31:30,061 [main] INFO  server.RaftServerConfigKeys (ConfUtils.java:logGet(43)) - raft.server.storage.dir = [/workdir/hadoop-ozone/integration-test/target/test-dir/MiniOzoneClusterImpl-eb2bda36-fe71-46ed-bbf9-7d62ad1f7211/datanode-0/data/ratis] (custom)
2019-08-16 05:31:30,061 [main] INFO  replication.SimpleContainerDownloader (SimpleContainerDownloader.java:<init>(72)) - Starting container downloader service to copy containers to replicate.
2019-08-16 05:31:30,063 [main] INFO  hdfs.DFSUtil (DFSUtil.java:httpServerTemplateForNNAndJN(1641)) - Starting Web-server for hddsDatanode at: http://0.0.0.0:0
2019-08-16 05:31:30,064 [main] INFO  server.AuthenticationFilter (AuthenticationFilter.java:constructSecretProvider(240)) - Unable to initialize FileSignerSecretProvider, falling back to use random secrets.
2019-08-16 05:31:30,064 [main] WARN  http.HttpRequestLog (HttpRequestLog.java:getRequestLog(97)) - Jetty request log can only be enabled using Log4j
2019-08-16 05:31:30,066 [main] INFO  http.HttpServer2 (HttpServer2.java:addGlobalFilter(975)) - Added global filter 'safety' (class=org.apache.hadoop.http.HttpServer2$QuotingInputFilter)
2019-08-16 05:31:30,066 [main] INFO  http.HttpServer2 (HttpServer2.java:addFilter(948)) - Added filter static_user_filter (class=org.apache.hadoop.http.lib.StaticUserWebFilter$StaticUserFilter) to context hddsDatanode
2019-08-16 05:31:30,066 [main] INFO  http.HttpServer2 (HttpServer2.java:addFilter(958)) - Added filter static_user_filter (class=org.apache.hadoop.http.lib.StaticUserWebFilter$StaticUserFilter) to context static
2019-08-16 05:31:30,066 [main] INFO  http.HttpServer2 (HttpServer2.java:addFilter(958)) - Added filter static_user_filter (class=org.apache.hadoop.http.lib.StaticUserWebFilter$StaticUserFilter) to context logs
2019-08-16 05:31:30,067 [main] INFO  http.HttpServer2 (HttpServer2.java:bindListener(1191)) - Jetty bound to port 36950
2019-08-16 05:31:30,068 [main] INFO  server.Server (Server.java:doStart(351)) - jetty-9.3.24.v20180605, build timestamp: 2018-06-05T17:11:56Z, git hash: 84205aa28f11a4f31f2a3b86d1bba2cc8ab69827
2019-08-16 05:31:30,069 [main] INFO  handler.ContextHandler (ContextHandler.java:doStart(781)) - Started o.e.j.s.ServletContextHandler@1ec690bd{/logs,file:///workdir/hadoop-ozone/integration-test/target/log,AVAILABLE}
2019-08-16 05:31:30,070 [main] INFO  handler.ContextHandler (ContextHandler.java:doStart(781)) - Started o.e.j.s.ServletContextHandler@14972600{/static,jar:file:/home/user/.m2/repository/org/apache/hadoop/hadoop-hdds-container-service/0.5.0-SNAPSHOT/hadoop-hdds-container-service-0.5.0-SNAPSHOT.jar!/webapps/static,AVAILABLE}
2019-08-16 05:31:30,101 [main] INFO  handler.ContextHandler (ContextHandler.java:doStart(781)) - Started o.e.j.w.WebAppContext@12a0f131{/,file:///tmp/jetty-0.0.0.0-36950-hddsDatanode-_-any-1969747118176564524.dir/webapp/,AVAILABLE}{/hddsDatanode}
2019-08-16 05:31:30,102 [main] INFO  server.AbstractConnector (AbstractConnector.java:doStart(278)) - Started ServerConnector@4eff65ce{HTTP/1.1,[http/1.1]}{0.0.0.0:36950}
2019-08-16 05:31:30,102 [main] INFO  server.Server (Server.java:doStart(419)) - Started @641138ms
2019-08-16 05:31:30,104 [main] INFO  server.BaseHttpServer (BaseHttpServer.java:updateConnectorAddress(213)) - HTTP server of HDDSDATANODE is listening at http://0.0.0.0:36950
2019-08-16 05:31:30,204 | INFO  | ObjectStoreRestHttpServer | Listening HDDS REST traffic on /0.0.0.0:36666 |  
2019-08-16 05:31:30,204 [main] INFO  ozone.HddsDatanodeService (HddsDatanodeService.java:startPlugins(395)) - Started plug-in org.apache.hadoop.ozone.web.OzoneHddsDatanodeService@11885841
2019-08-16 05:31:30,204 [main] INFO  impl.MetricsSystemImpl (MetricsSystemImpl.java:init(158)) - HddsDatanode metrics system started (again)
2019-08-16 05:31:30,207 [main] INFO  ozone.HddsDatanodeService (HddsDatanodeService.java:start(184)) - HddsDatanodeService host:trunk-nightly-4lbr2-4263640518 ip:192.168.69.65
2019-08-16 05:31:30,207 [org.apache.hadoop.util.JvmPauseMonitor$Monitor@5dc30312] INFO  util.JvmPauseMonitor (JvmPauseMonitor.java:run(188)) - Starting JVM pause monitor
2019-08-16 05:31:30,209 [Datanode State Machine Thread - 0] INFO  datanode.InitDatanodeState (InitDatanodeState.java:persistContainerDatanodeDetails(140)) - DatanodeDetails is persisted to /workdir/hadoop-ozone/integration-test/target/test-dir/MiniOzoneClusterImpl-eb2bda36-fe71-46ed-bbf9-7d62ad1f7211/datanode-0/meta/datanode.id
2019-08-16 05:31:30,217 [main] INFO  volume.HddsVolume (HddsVolume.java:<init>(176)) - Creating Volume: /workdir/hadoop-ozone/integration-test/target/test-dir/MiniOzoneClusterImpl-eb2bda36-fe71-46ed-bbf9-7d62ad1f7211/datanode-1/data/containers/hdds of  storage type : DISK and capacity : 1482555576320
2019-08-16 05:31:30,217 [main] INFO  volume.VolumeSet (VolumeSet.java:initializeVolumeSet(170)) - Added Volume : /workdir/hadoop-ozone/integration-test/target/test-dir/MiniOzoneClusterImpl-eb2bda36-fe71-46ed-bbf9-7d62ad1f7211/datanode-1/data/containers/hdds to VolumeSet
2019-08-16 05:31:30,217 [main] INFO  volume.ThrottledAsyncChecker (ThrottledAsyncChecker.java:schedule(140)) - Scheduling a check for org.apache.hadoop.ozone.container.common.volume.HddsVolume@1c74eeb7
2019-08-16 05:31:30,218 [main] INFO  volume.HddsVolumeChecker (HddsVolumeChecker.java:checkAllVolumes(203)) - Scheduled health check for volume org.apache.hadoop.ozone.container.common.volume.HddsVolume@1c74eeb7
2019-08-16 05:31:30,233 [main] INFO  impl.RaftServerProxy (ConfUtils.java:logGet(43)) - raft.rpc.type = GRPC (default)
2019-08-16 05:31:30,233 [main] INFO  grpc.GrpcFactory (GrpcFactory.java:checkPooledByteBufAllocatorUseCacheForAllThreads(45)) - PERFORMANCE WARNING: useCacheForAllThreads is true that may cause Netty to create a lot garbage objects and, as a result, trigger GC.
	It is recommended to disable useCacheForAllThreads by setting -Dorg.apache.ratis.thirdparty.io.netty.allocator.useCacheForAllThreads=false in command line.
2019-08-16 05:31:30,234 [main] INFO  grpc.GrpcConfigKeys$Server (ConfUtils.java:logGet(43)) - raft.grpc.server.port = 0 (default)
2019-08-16 05:31:30,234 [main] INFO  server.GrpcService (ConfUtils.java:logGet(43)) - raft.grpc.message.size.max = 33570816 (custom)
2019-08-16 05:31:30,234 [main] INFO  server.RaftServerConfigKeys (ConfUtils.java:logGet(43)) - raft.server.log.appender.buffer.byte-limit = 33554432 (custom)
2019-08-16 05:31:30,234 [main] INFO  server.GrpcService (ConfUtils.java:logGet(43)) - raft.grpc.flow.control.window = 1MB (=1048576) (default)
2019-08-16 05:31:30,234 [main] INFO  server.RaftServerConfigKeys (ConfUtils.java:logGet(43)) - raft.server.rpc.request.timeout = 3000ms (default)
2019-08-16 05:31:30,235 [main] INFO  server.RaftServerConfigKeys (ConfUtils.java:logGet(43)) - raft.server.storage.dir = [/workdir/hadoop-ozone/integration-test/target/test-dir/MiniOzoneClusterImpl-eb2bda36-fe71-46ed-bbf9-7d62ad1f7211/datanode-1/data/ratis] (custom)
2019-08-16 05:31:30,235 [main] INFO  replication.SimpleContainerDownloader (SimpleContainerDownloader.java:<init>(72)) - Starting container downloader service to copy containers to replicate.
2019-08-16 05:31:30,236 [main] INFO  hdfs.DFSUtil (DFSUtil.java:httpServerTemplateForNNAndJN(1641)) - Starting Web-server for hddsDatanode at: http://0.0.0.0:0
2019-08-16 05:31:30,237 [main] INFO  server.AuthenticationFilter (AuthenticationFilter.java:constructSecretProvider(240)) - Unable to initialize FileSignerSecretProvider, falling back to use random secrets.
2019-08-16 05:31:30,237 [main] WARN  http.HttpRequestLog (HttpRequestLog.java:getRequestLog(97)) - Jetty request log can only be enabled using Log4j
2019-08-16 05:31:30,238 [main] INFO  http.HttpServer2 (HttpServer2.java:addGlobalFilter(975)) - Added global filter 'safety' (class=org.apache.hadoop.http.HttpServer2$QuotingInputFilter)
2019-08-16 05:31:30,239 [main] INFO  http.HttpServer2 (HttpServer2.java:addFilter(948)) - Added filter static_user_filter (class=org.apache.hadoop.http.lib.StaticUserWebFilter$StaticUserFilter) to context hddsDatanode
2019-08-16 05:31:30,239 [main] INFO  http.HttpServer2 (HttpServer2.java:addFilter(958)) - Added filter static_user_filter (class=org.apache.hadoop.http.lib.StaticUserWebFilter$StaticUserFilter) to context logs
2019-08-16 05:31:30,239 [main] INFO  http.HttpServer2 (HttpServer2.java:addFilter(958)) - Added filter static_user_filter (class=org.apache.hadoop.http.lib.StaticUserWebFilter$StaticUserFilter) to context static
2019-08-16 05:31:30,240 [main] INFO  http.HttpServer2 (HttpServer2.java:bindListener(1191)) - Jetty bound to port 34528
2019-08-16 05:31:30,240 [main] INFO  server.Server (Server.java:doStart(351)) - jetty-9.3.24.v20180605, build timestamp: 2018-06-05T17:11:56Z, git hash: 84205aa28f11a4f31f2a3b86d1bba2cc8ab69827
2019-08-16 05:31:30,241 [main] INFO  handler.ContextHandler (ContextHandler.java:doStart(781)) - Started o.e.j.s.ServletContextHandler@7eaa52d6{/logs,file:///workdir/hadoop-ozone/integration-test/target/log,AVAILABLE}
2019-08-16 05:31:30,242 [main] INFO  handler.ContextHandler (ContextHandler.java:doStart(781)) - Started o.e.j.s.ServletContextHandler@3c5095df{/static,jar:file:/home/user/.m2/repository/org/apache/hadoop/hadoop-hdds-container-service/0.5.0-SNAPSHOT/hadoop-hdds-container-service-0.5.0-SNAPSHOT.jar!/webapps/static,AVAILABLE}
2019-08-16 05:31:30,268 [main] INFO  handler.ContextHandler (ContextHandler.java:doStart(781)) - Started o.e.j.w.WebAppContext@7441eed3{/,file:///tmp/jetty-0.0.0.0-34528-hddsDatanode-_-any-4423656503070895647.dir/webapp/,AVAILABLE}{/hddsDatanode}
2019-08-16 05:31:30,268 [main] INFO  server.AbstractConnector (AbstractConnector.java:doStart(278)) - Started ServerConnector@284e68ae{HTTP/1.1,[http/1.1]}{0.0.0.0:34528}
2019-08-16 05:31:30,268 [main] INFO  server.Server (Server.java:doStart(419)) - Started @641305ms
2019-08-16 05:31:30,270 [main] INFO  server.BaseHttpServer (BaseHttpServer.java:updateConnectorAddress(213)) - HTTP server of HDDSDATANODE is listening at http://0.0.0.0:34528
2019-08-16 05:31:30,369 | INFO  | ObjectStoreRestHttpServer | Listening HDDS REST traffic on /0.0.0.0:46781 |  
2019-08-16 05:31:30,369 [main] INFO  ozone.HddsDatanodeService (HddsDatanodeService.java:startPlugins(395)) - Started plug-in org.apache.hadoop.ozone.web.OzoneHddsDatanodeService@2de22e7
2019-08-16 05:31:30,369 [main] INFO  impl.MetricsSystemImpl (MetricsSystemImpl.java:init(158)) - HddsDatanode metrics system started (again)
2019-08-16 05:31:30,372 [main] INFO  ozone.HddsDatanodeService (HddsDatanodeService.java:start(184)) - HddsDatanodeService host:trunk-nightly-4lbr2-4263640518 ip:192.168.69.65
2019-08-16 05:31:30,372 [org.apache.hadoop.util.JvmPauseMonitor$Monitor@4c5f4184] INFO  util.JvmPauseMonitor (JvmPauseMonitor.java:run(188)) - Starting JVM pause monitor
2019-08-16 05:31:30,374 [Datanode State Machine Thread - 0] INFO  datanode.InitDatanodeState (InitDatanodeState.java:persistContainerDatanodeDetails(140)) - DatanodeDetails is persisted to /workdir/hadoop-ozone/integration-test/target/test-dir/MiniOzoneClusterImpl-eb2bda36-fe71-46ed-bbf9-7d62ad1f7211/datanode-1/meta/datanode.id
2019-08-16 05:31:30,383 [main] INFO  volume.HddsVolume (HddsVolume.java:<init>(176)) - Creating Volume: /workdir/hadoop-ozone/integration-test/target/test-dir/MiniOzoneClusterImpl-eb2bda36-fe71-46ed-bbf9-7d62ad1f7211/datanode-2/data/containers/hdds of  storage type : DISK and capacity : 1482555576320
2019-08-16 05:31:30,383 [main] INFO  volume.VolumeSet (VolumeSet.java:initializeVolumeSet(170)) - Added Volume : /workdir/hadoop-ozone/integration-test/target/test-dir/MiniOzoneClusterImpl-eb2bda36-fe71-46ed-bbf9-7d62ad1f7211/datanode-2/data/containers/hdds to VolumeSet
2019-08-16 05:31:30,383 [main] INFO  volume.ThrottledAsyncChecker (ThrottledAsyncChecker.java:schedule(140)) - Scheduling a check for org.apache.hadoop.ozone.container.common.volume.HddsVolume@27df971b
2019-08-16 05:31:30,384 [main] INFO  volume.HddsVolumeChecker (HddsVolumeChecker.java:checkAllVolumes(203)) - Scheduled health check for volume org.apache.hadoop.ozone.container.common.volume.HddsVolume@27df971b
2019-08-16 05:31:30,398 [main] INFO  impl.RaftServerProxy (ConfUtils.java:logGet(43)) - raft.rpc.type = GRPC (default)
2019-08-16 05:31:30,398 [main] INFO  grpc.GrpcFactory (GrpcFactory.java:checkPooledByteBufAllocatorUseCacheForAllThreads(45)) - PERFORMANCE WARNING: useCacheForAllThreads is true that may cause Netty to create a lot garbage objects and, as a result, trigger GC.
	It is recommended to disable useCacheForAllThreads by setting -Dorg.apache.ratis.thirdparty.io.netty.allocator.useCacheForAllThreads=false in command line.
2019-08-16 05:31:30,398 [main] INFO  grpc.GrpcConfigKeys$Server (ConfUtils.java:logGet(43)) - raft.grpc.server.port = 0 (default)
2019-08-16 05:31:30,398 [main] INFO  server.GrpcService (ConfUtils.java:logGet(43)) - raft.grpc.message.size.max = 33570816 (custom)
2019-08-16 05:31:30,399 [main] INFO  server.RaftServerConfigKeys (ConfUtils.java:logGet(43)) - raft.server.log.appender.buffer.byte-limit = 33554432 (custom)
2019-08-16 05:31:30,399 [main] INFO  server.GrpcService (ConfUtils.java:logGet(43)) - raft.grpc.flow.control.window = 1MB (=1048576) (default)
2019-08-16 05:31:30,399 [main] INFO  server.RaftServerConfigKeys (ConfUtils.java:logGet(43)) - raft.server.rpc.request.timeout = 3000ms (default)
2019-08-16 05:31:30,399 [main] INFO  server.RaftServerConfigKeys (ConfUtils.java:logGet(43)) - raft.server.storage.dir = [/workdir/hadoop-ozone/integration-test/target/test-dir/MiniOzoneClusterImpl-eb2bda36-fe71-46ed-bbf9-7d62ad1f7211/datanode-2/data/ratis] (custom)
2019-08-16 05:31:30,400 [main] INFO  replication.SimpleContainerDownloader (SimpleContainerDownloader.java:<init>(72)) - Starting container downloader service to copy containers to replicate.
2019-08-16 05:31:30,401 [main] INFO  hdfs.DFSUtil (DFSUtil.java:httpServerTemplateForNNAndJN(1641)) - Starting Web-server for hddsDatanode at: http://0.0.0.0:0
2019-08-16 05:31:30,402 [main] INFO  server.AuthenticationFilter (AuthenticationFilter.java:constructSecretProvider(240)) - Unable to initialize FileSignerSecretProvider, falling back to use random secrets.
2019-08-16 05:31:30,402 [main] WARN  http.HttpRequestLog (HttpRequestLog.java:getRequestLog(97)) - Jetty request log can only be enabled using Log4j
2019-08-16 05:31:30,403 [main] INFO  http.HttpServer2 (HttpServer2.java:addGlobalFilter(975)) - Added global filter 'safety' (class=org.apache.hadoop.http.HttpServer2$QuotingInputFilter)
2019-08-16 05:31:30,403 [main] INFO  http.HttpServer2 (HttpServer2.java:addFilter(948)) - Added filter static_user_filter (class=org.apache.hadoop.http.lib.StaticUserWebFilter$StaticUserFilter) to context hddsDatanode
2019-08-16 05:31:30,404 [main] INFO  http.HttpServer2 (HttpServer2.java:addFilter(958)) - Added filter static_user_filter (class=org.apache.hadoop.http.lib.StaticUserWebFilter$StaticUserFilter) to context logs
2019-08-16 05:31:30,404 [main] INFO  http.HttpServer2 (HttpServer2.java:addFilter(958)) - Added filter static_user_filter (class=org.apache.hadoop.http.lib.StaticUserWebFilter$StaticUserFilter) to context static
2019-08-16 05:31:30,404 [main] INFO  http.HttpServer2 (HttpServer2.java:bindListener(1191)) - Jetty bound to port 38834
2019-08-16 05:31:30,404 [main] INFO  server.Server (Server.java:doStart(351)) - jetty-9.3.24.v20180605, build timestamp: 2018-06-05T17:11:56Z, git hash: 84205aa28f11a4f31f2a3b86d1bba2cc8ab69827
2019-08-16 05:31:30,406 [main] INFO  handler.ContextHandler (ContextHandler.java:doStart(781)) - Started o.e.j.s.ServletContextHandler@13b012{/logs,file:///workdir/hadoop-ozone/integration-test/target/log,AVAILABLE}
2019-08-16 05:31:30,406 [main] INFO  handler.ContextHandler (ContextHandler.java:doStart(781)) - Started o.e.j.s.ServletContextHandler@7a337217{/static,jar:file:/home/user/.m2/repository/org/apache/hadoop/hadoop-hdds-container-service/0.5.0-SNAPSHOT/hadoop-hdds-container-service-0.5.0-SNAPSHOT.jar!/webapps/static,AVAILABLE}
2019-08-16 05:31:30,432 [main] INFO  handler.ContextHandler (ContextHandler.java:doStart(781)) - Started o.e.j.w.WebAppContext@397f3ff5{/,file:///tmp/jetty-0.0.0.0-38834-hddsDatanode-_-any-6184460250051593982.dir/webapp/,AVAILABLE}{/hddsDatanode}
2019-08-16 05:31:30,433 [main] INFO  server.AbstractConnector (AbstractConnector.java:doStart(278)) - Started ServerConnector@6f3d33bc{HTTP/1.1,[http/1.1]}{0.0.0.0:38834}
2019-08-16 05:31:30,433 [main] INFO  server.Server (Server.java:doStart(419)) - Started @641469ms
2019-08-16 05:31:30,435 [main] INFO  server.BaseHttpServer (BaseHttpServer.java:updateConnectorAddress(213)) - HTTP server of HDDSDATANODE is listening at http://0.0.0.0:38834
2019-08-16 05:31:30,532 | INFO  | ObjectStoreRestHttpServer | Listening HDDS REST traffic on /0.0.0.0:37621 |  
2019-08-16 05:31:30,532 [main] INFO  ozone.HddsDatanodeService (HddsDatanodeService.java:startPlugins(395)) - Started plug-in org.apache.hadoop.ozone.web.OzoneHddsDatanodeService@250c5892
2019-08-16 05:31:30,532 [main] INFO  impl.MetricsSystemImpl (MetricsSystemImpl.java:init(158)) - HddsDatanode metrics system started (again)
2019-08-16 05:31:30,535 [main] INFO  ozone.HddsDatanodeService (HddsDatanodeService.java:start(184)) - HddsDatanodeService host:trunk-nightly-4lbr2-4263640518 ip:192.168.69.65
2019-08-16 05:31:30,535 [org.apache.hadoop.util.JvmPauseMonitor$Monitor@1f25805] INFO  util.JvmPauseMonitor (JvmPauseMonitor.java:run(188)) - Starting JVM pause monitor
2019-08-16 05:31:30,536 [Datanode State Machine Thread - 0] INFO  datanode.InitDatanodeState (InitDatanodeState.java:persistContainerDatanodeDetails(140)) - DatanodeDetails is persisted to /workdir/hadoop-ozone/integration-test/target/test-dir/MiniOzoneClusterImpl-eb2bda36-fe71-46ed-bbf9-7d62ad1f7211/datanode-2/meta/datanode.id
2019-08-16 05:31:30,546 [main] INFO  volume.HddsVolume (HddsVolume.java:<init>(176)) - Creating Volume: /workdir/hadoop-ozone/integration-test/target/test-dir/MiniOzoneClusterImpl-eb2bda36-fe71-46ed-bbf9-7d62ad1f7211/datanode-3/data/containers/hdds of  storage type : DISK and capacity : 1482555576320
2019-08-16 05:31:30,546 [main] INFO  volume.VolumeSet (VolumeSet.java:initializeVolumeSet(170)) - Added Volume : /workdir/hadoop-ozone/integration-test/target/test-dir/MiniOzoneClusterImpl-eb2bda36-fe71-46ed-bbf9-7d62ad1f7211/datanode-3/data/containers/hdds to VolumeSet
2019-08-16 05:31:30,546 [main] INFO  volume.ThrottledAsyncChecker (ThrottledAsyncChecker.java:schedule(140)) - Scheduling a check for org.apache.hadoop.ozone.container.common.volume.HddsVolume@55785ee7
2019-08-16 05:31:30,547 [main] INFO  volume.HddsVolumeChecker (HddsVolumeChecker.java:checkAllVolumes(203)) - Scheduled health check for volume org.apache.hadoop.ozone.container.common.volume.HddsVolume@55785ee7
2019-08-16 05:31:30,565 [main] INFO  impl.RaftServerProxy (ConfUtils.java:logGet(43)) - raft.rpc.type = GRPC (default)
2019-08-16 05:31:30,565 [main] INFO  grpc.GrpcFactory (GrpcFactory.java:checkPooledByteBufAllocatorUseCacheForAllThreads(45)) - PERFORMANCE WARNING: useCacheForAllThreads is true that may cause Netty to create a lot garbage objects and, as a result, trigger GC.
	It is recommended to disable useCacheForAllThreads by setting -Dorg.apache.ratis.thirdparty.io.netty.allocator.useCacheForAllThreads=false in command line.
2019-08-16 05:31:30,565 [main] INFO  grpc.GrpcConfigKeys$Server (ConfUtils.java:logGet(43)) - raft.grpc.server.port = 0 (default)
2019-08-16 05:31:30,565 [main] INFO  server.GrpcService (ConfUtils.java:logGet(43)) - raft.grpc.message.size.max = 33570816 (custom)
2019-08-16 05:31:30,565 [main] INFO  server.RaftServerConfigKeys (ConfUtils.java:logGet(43)) - raft.server.log.appender.buffer.byte-limit = 33554432 (custom)
2019-08-16 05:31:30,566 [main] INFO  server.GrpcService (ConfUtils.java:logGet(43)) - raft.grpc.flow.control.window = 1MB (=1048576) (default)
2019-08-16 05:31:30,566 [main] INFO  server.RaftServerConfigKeys (ConfUtils.java:logGet(43)) - raft.server.rpc.request.timeout = 3000ms (default)
2019-08-16 05:31:30,566 [main] INFO  server.RaftServerConfigKeys (ConfUtils.java:logGet(43)) - raft.server.storage.dir = [/workdir/hadoop-ozone/integration-test/target/test-dir/MiniOzoneClusterImpl-eb2bda36-fe71-46ed-bbf9-7d62ad1f7211/datanode-3/data/ratis] (custom)
2019-08-16 05:31:30,566 [main] INFO  replication.SimpleContainerDownloader (SimpleContainerDownloader.java:<init>(72)) - Starting container downloader service to copy containers to replicate.
2019-08-16 05:31:30,567 [main] INFO  hdfs.DFSUtil (DFSUtil.java:httpServerTemplateForNNAndJN(1641)) - Starting Web-server for hddsDatanode at: http://0.0.0.0:0
2019-08-16 05:31:30,568 [main] INFO  server.AuthenticationFilter (AuthenticationFilter.java:constructSecretProvider(240)) - Unable to initialize FileSignerSecretProvider, falling back to use random secrets.
2019-08-16 05:31:30,569 [main] WARN  http.HttpRequestLog (HttpRequestLog.java:getRequestLog(97)) - Jetty request log can only be enabled using Log4j
2019-08-16 05:31:30,570 [main] INFO  http.HttpServer2 (HttpServer2.java:addGlobalFilter(975)) - Added global filter 'safety' (class=org.apache.hadoop.http.HttpServer2$QuotingInputFilter)
2019-08-16 05:31:30,570 [main] INFO  http.HttpServer2 (HttpServer2.java:addFilter(948)) - Added filter static_user_filter (class=org.apache.hadoop.http.lib.StaticUserWebFilter$StaticUserFilter) to context hddsDatanode
2019-08-16 05:31:30,570 [main] INFO  http.HttpServer2 (HttpServer2.java:addFilter(958)) - Added filter static_user_filter (class=org.apache.hadoop.http.lib.StaticUserWebFilter$StaticUserFilter) to context logs
2019-08-16 05:31:30,571 [main] INFO  http.HttpServer2 (HttpServer2.java:addFilter(958)) - Added filter static_user_filter (class=org.apache.hadoop.http.lib.StaticUserWebFilter$StaticUserFilter) to context static
2019-08-16 05:31:30,571 [main] INFO  http.HttpServer2 (HttpServer2.java:bindListener(1191)) - Jetty bound to port 43350
2019-08-16 05:31:30,571 [main] INFO  server.Server (Server.java:doStart(351)) - jetty-9.3.24.v20180605, build timestamp: 2018-06-05T17:11:56Z, git hash: 84205aa28f11a4f31f2a3b86d1bba2cc8ab69827
2019-08-16 05:31:30,573 [main] INFO  handler.ContextHandler (ContextHandler.java:doStart(781)) - Started o.e.j.s.ServletContextHandler@5e3934db{/logs,file:///workdir/hadoop-ozone/integration-test/target/log,AVAILABLE}
2019-08-16 05:31:30,573 [main] INFO  handler.ContextHandler (ContextHandler.java:doStart(781)) - Started o.e.j.s.ServletContextHandler@45a9f3d4{/static,jar:file:/home/user/.m2/repository/org/apache/hadoop/hadoop-hdds-container-service/0.5.0-SNAPSHOT/hadoop-hdds-container-service-0.5.0-SNAPSHOT.jar!/webapps/static,AVAILABLE}
2019-08-16 05:31:30,601 [main] INFO  handler.ContextHandler (ContextHandler.java:doStart(781)) - Started o.e.j.w.WebAppContext@4d2068ea{/,file:///tmp/jetty-0.0.0.0-43350-hddsDatanode-_-any-8677571641685447610.dir/webapp/,AVAILABLE}{/hddsDatanode}
2019-08-16 05:31:30,601 [main] INFO  server.AbstractConnector (AbstractConnector.java:doStart(278)) - Started ServerConnector@65a42136{HTTP/1.1,[http/1.1]}{0.0.0.0:43350}
2019-08-16 05:31:30,601 [main] INFO  server.Server (Server.java:doStart(419)) - Started @641637ms
2019-08-16 05:31:30,603 [main] INFO  server.BaseHttpServer (BaseHttpServer.java:updateConnectorAddress(213)) - HTTP server of HDDSDATANODE is listening at http://0.0.0.0:43350
2019-08-16 05:31:30,880 | INFO  | ObjectStoreRestHttpServer | Listening HDDS REST traffic on /0.0.0.0:44936 |  
2019-08-16 05:31:30,880 [main] INFO  ozone.HddsDatanodeService (HddsDatanodeService.java:startPlugins(395)) - Started plug-in org.apache.hadoop.ozone.web.OzoneHddsDatanodeService@50a1c2f3
2019-08-16 05:31:30,881 [main] INFO  impl.MetricsSystemImpl (MetricsSystemImpl.java:init(158)) - HddsDatanode metrics system started (again)
2019-08-16 05:31:30,884 [main] INFO  ozone.HddsDatanodeService (HddsDatanodeService.java:start(184)) - HddsDatanodeService host:trunk-nightly-4lbr2-4263640518 ip:192.168.69.65
2019-08-16 05:31:30,885 [org.apache.hadoop.util.JvmPauseMonitor$Monitor@13efb64c] INFO  util.JvmPauseMonitor (JvmPauseMonitor.java:run(188)) - Starting JVM pause monitor
2019-08-16 05:31:30,886 [Datanode State Machine Thread - 0] INFO  datanode.InitDatanodeState (InitDatanodeState.java:persistContainerDatanodeDetails(140)) - DatanodeDetails is persisted to /workdir/hadoop-ozone/integration-test/target/test-dir/MiniOzoneClusterImpl-eb2bda36-fe71-46ed-bbf9-7d62ad1f7211/datanode-3/meta/datanode.id
2019-08-16 05:31:30,895 [main] INFO  volume.HddsVolume (HddsVolume.java:<init>(176)) - Creating Volume: /workdir/hadoop-ozone/integration-test/target/test-dir/MiniOzoneClusterImpl-eb2bda36-fe71-46ed-bbf9-7d62ad1f7211/datanode-4/data/containers/hdds of  storage type : DISK and capacity : 1482555576320
2019-08-16 05:31:30,896 [main] INFO  volume.VolumeSet (VolumeSet.java:initializeVolumeSet(170)) - Added Volume : /workdir/hadoop-ozone/integration-test/target/test-dir/MiniOzoneClusterImpl-eb2bda36-fe71-46ed-bbf9-7d62ad1f7211/datanode-4/data/containers/hdds to VolumeSet
2019-08-16 05:31:30,896 [main] INFO  volume.ThrottledAsyncChecker (ThrottledAsyncChecker.java:schedule(140)) - Scheduling a check for org.apache.hadoop.ozone.container.common.volume.HddsVolume@d7645b2
2019-08-16 05:31:30,896 [main] INFO  volume.HddsVolumeChecker (HddsVolumeChecker.java:checkAllVolumes(203)) - Scheduled health check for volume org.apache.hadoop.ozone.container.common.volume.HddsVolume@d7645b2
2019-08-16 05:31:30,912 [main] INFO  impl.RaftServerProxy (ConfUtils.java:logGet(43)) - raft.rpc.type = GRPC (default)
2019-08-16 05:31:30,912 [main] INFO  grpc.GrpcFactory (GrpcFactory.java:checkPooledByteBufAllocatorUseCacheForAllThreads(45)) - PERFORMANCE WARNING: useCacheForAllThreads is true that may cause Netty to create a lot garbage objects and, as a result, trigger GC.
	It is recommended to disable useCacheForAllThreads by setting -Dorg.apache.ratis.thirdparty.io.netty.allocator.useCacheForAllThreads=false in command line.
2019-08-16 05:31:30,912 [main] INFO  grpc.GrpcConfigKeys$Server (ConfUtils.java:logGet(43)) - raft.grpc.server.port = 0 (default)
2019-08-16 05:31:30,913 [main] INFO  server.GrpcService (ConfUtils.java:logGet(43)) - raft.grpc.message.size.max = 33570816 (custom)
2019-08-16 05:31:30,913 [main] INFO  server.RaftServerConfigKeys (ConfUtils.java:logGet(43)) - raft.server.log.appender.buffer.byte-limit = 33554432 (custom)
2019-08-16 05:31:30,913 [main] INFO  server.GrpcService (ConfUtils.java:logGet(43)) - raft.grpc.flow.control.window = 1MB (=1048576) (default)
2019-08-16 05:31:30,913 [main] INFO  server.RaftServerConfigKeys (ConfUtils.java:logGet(43)) - raft.server.rpc.request.timeout = 3000ms (default)
2019-08-16 05:31:30,914 [main] INFO  server.RaftServerConfigKeys (ConfUtils.java:logGet(43)) - raft.server.storage.dir = [/workdir/hadoop-ozone/integration-test/target/test-dir/MiniOzoneClusterImpl-eb2bda36-fe71-46ed-bbf9-7d62ad1f7211/datanode-4/data/ratis] (custom)
2019-08-16 05:31:30,914 [main] INFO  replication.SimpleContainerDownloader (SimpleContainerDownloader.java:<init>(72)) - Starting container downloader service to copy containers to replicate.
2019-08-16 05:31:30,915 [main] INFO  hdfs.DFSUtil (DFSUtil.java:httpServerTemplateForNNAndJN(1641)) - Starting Web-server for hddsDatanode at: http://0.0.0.0:0
2019-08-16 05:31:30,916 [main] INFO  server.AuthenticationFilter (AuthenticationFilter.java:constructSecretProvider(240)) - Unable to initialize FileSignerSecretProvider, falling back to use random secrets.
2019-08-16 05:31:30,917 [main] WARN  http.HttpRequestLog (HttpRequestLog.java:getRequestLog(97)) - Jetty request log can only be enabled using Log4j
2019-08-16 05:31:30,918 [main] INFO  http.HttpServer2 (HttpServer2.java:addGlobalFilter(975)) - Added global filter 'safety' (class=org.apache.hadoop.http.HttpServer2$QuotingInputFilter)
2019-08-16 05:31:30,918 [main] INFO  http.HttpServer2 (HttpServer2.java:addFilter(948)) - Added filter static_user_filter (class=org.apache.hadoop.http.lib.StaticUserWebFilter$StaticUserFilter) to context hddsDatanode
2019-08-16 05:31:30,918 [main] INFO  http.HttpServer2 (HttpServer2.java:addFilter(958)) - Added filter static_user_filter (class=org.apache.hadoop.http.lib.StaticUserWebFilter$StaticUserFilter) to context static
2019-08-16 05:31:30,919 [main] INFO  http.HttpServer2 (HttpServer2.java:addFilter(958)) - Added filter static_user_filter (class=org.apache.hadoop.http.lib.StaticUserWebFilter$StaticUserFilter) to context logs
2019-08-16 05:31:30,919 [main] INFO  http.HttpServer2 (HttpServer2.java:bindListener(1191)) - Jetty bound to port 34968
2019-08-16 05:31:30,919 [main] INFO  server.Server (Server.java:doStart(351)) - jetty-9.3.24.v20180605, build timestamp: 2018-06-05T17:11:56Z, git hash: 84205aa28f11a4f31f2a3b86d1bba2cc8ab69827
2019-08-16 05:31:30,921 [main] INFO  handler.ContextHandler (ContextHandler.java:doStart(781)) - Started o.e.j.s.ServletContextHandler@353aadd7{/logs,file:///workdir/hadoop-ozone/integration-test/target/log,AVAILABLE}
2019-08-16 05:31:30,921 [main] INFO  handler.ContextHandler (ContextHandler.java:doStart(781)) - Started o.e.j.s.ServletContextHandler@26169be3{/static,jar:file:/home/user/.m2/repository/org/apache/hadoop/hadoop-hdds-container-service/0.5.0-SNAPSHOT/hadoop-hdds-container-service-0.5.0-SNAPSHOT.jar!/webapps/static,AVAILABLE}
2019-08-16 05:31:30,949 [main] INFO  handler.ContextHandler (ContextHandler.java:doStart(781)) - Started o.e.j.w.WebAppContext@19e552a3{/,file:///tmp/jetty-0.0.0.0-34968-hddsDatanode-_-any-4278381252162820164.dir/webapp/,AVAILABLE}{/hddsDatanode}
2019-08-16 05:31:30,950 [main] INFO  server.AbstractConnector (AbstractConnector.java:doStart(278)) - Started ServerConnector@5091456c{HTTP/1.1,[http/1.1]}{0.0.0.0:34968}
2019-08-16 05:31:30,950 [main] INFO  server.Server (Server.java:doStart(419)) - Started @641986ms
2019-08-16 05:31:30,952 [main] INFO  server.BaseHttpServer (BaseHttpServer.java:updateConnectorAddress(213)) - HTTP server of HDDSDATANODE is listening at http://0.0.0.0:34968
2019-08-16 05:31:31,060 | INFO  | ObjectStoreRestHttpServer | Listening HDDS REST traffic on /0.0.0.0:44797 |  
2019-08-16 05:31:31,060 [main] INFO  ozone.HddsDatanodeService (HddsDatanodeService.java:startPlugins(395)) - Started plug-in org.apache.hadoop.ozone.web.OzoneHddsDatanodeService@22e7ec5f
2019-08-16 05:31:31,061 [main] INFO  impl.MetricsSystemImpl (MetricsSystemImpl.java:init(158)) - HddsDatanode metrics system started (again)
2019-08-16 05:31:31,064 [main] INFO  ozone.HddsDatanodeService (HddsDatanodeService.java:start(184)) - HddsDatanodeService host:trunk-nightly-4lbr2-4263640518 ip:192.168.69.65
2019-08-16 05:31:31,064 [org.apache.hadoop.util.JvmPauseMonitor$Monitor@58ec8b42] INFO  util.JvmPauseMonitor (JvmPauseMonitor.java:run(188)) - Starting JVM pause monitor
2019-08-16 05:31:31,066 [Datanode State Machine Thread - 0] INFO  datanode.InitDatanodeState (InitDatanodeState.java:persistContainerDatanodeDetails(140)) - DatanodeDetails is persisted to /workdir/hadoop-ozone/integration-test/target/test-dir/MiniOzoneClusterImpl-eb2bda36-fe71-46ed-bbf9-7d62ad1f7211/datanode-4/meta/datanode.id
2019-08-16 05:31:31,080 [main] INFO  volume.HddsVolume (HddsVolume.java:<init>(176)) - Creating Volume: /workdir/hadoop-ozone/integration-test/target/test-dir/MiniOzoneClusterImpl-eb2bda36-fe71-46ed-bbf9-7d62ad1f7211/datanode-5/data/containers/hdds of  storage type : DISK and capacity : 1482555576320
2019-08-16 05:31:31,080 [main] INFO  volume.VolumeSet (VolumeSet.java:initializeVolumeSet(170)) - Added Volume : /workdir/hadoop-ozone/integration-test/target/test-dir/MiniOzoneClusterImpl-eb2bda36-fe71-46ed-bbf9-7d62ad1f7211/datanode-5/data/containers/hdds to VolumeSet
2019-08-16 05:31:31,080 [main] INFO  volume.ThrottledAsyncChecker (ThrottledAsyncChecker.java:schedule(140)) - Scheduling a check for org.apache.hadoop.ozone.container.common.volume.HddsVolume@573f95b2
2019-08-16 05:31:31,081 [main] INFO  volume.HddsVolumeChecker (HddsVolumeChecker.java:checkAllVolumes(203)) - Scheduled health check for volume org.apache.hadoop.ozone.container.common.volume.HddsVolume@573f95b2
2019-08-16 05:31:31,095 [main] INFO  impl.RaftServerProxy (ConfUtils.java:logGet(43)) - raft.rpc.type = GRPC (default)
2019-08-16 05:31:31,095 [main] INFO  grpc.GrpcFactory (GrpcFactory.java:checkPooledByteBufAllocatorUseCacheForAllThreads(45)) - PERFORMANCE WARNING: useCacheForAllThreads is true that may cause Netty to create a lot garbage objects and, as a result, trigger GC.
	It is recommended to disable useCacheForAllThreads by setting -Dorg.apache.ratis.thirdparty.io.netty.allocator.useCacheForAllThreads=false in command line.
2019-08-16 05:31:31,096 [main] INFO  grpc.GrpcConfigKeys$Server (ConfUtils.java:logGet(43)) - raft.grpc.server.port = 0 (default)
2019-08-16 05:31:31,096 [main] INFO  server.GrpcService (ConfUtils.java:logGet(43)) - raft.grpc.message.size.max = 33570816 (custom)
2019-08-16 05:31:31,096 [main] INFO  server.RaftServerConfigKeys (ConfUtils.java:logGet(43)) - raft.server.log.appender.buffer.byte-limit = 33554432 (custom)
2019-08-16 05:31:31,096 [main] INFO  server.GrpcService (ConfUtils.java:logGet(43)) - raft.grpc.flow.control.window = 1MB (=1048576) (default)
2019-08-16 05:31:31,096 [main] INFO  server.RaftServerConfigKeys (ConfUtils.java:logGet(43)) - raft.server.rpc.request.timeout = 3000ms (default)
2019-08-16 05:31:31,097 [main] INFO  server.RaftServerConfigKeys (ConfUtils.java:logGet(43)) - raft.server.storage.dir = [/workdir/hadoop-ozone/integration-test/target/test-dir/MiniOzoneClusterImpl-eb2bda36-fe71-46ed-bbf9-7d62ad1f7211/datanode-5/data/ratis] (custom)
2019-08-16 05:31:31,097 [main] INFO  replication.SimpleContainerDownloader (SimpleContainerDownloader.java:<init>(72)) - Starting container downloader service to copy containers to replicate.
2019-08-16 05:31:31,098 [main] INFO  hdfs.DFSUtil (DFSUtil.java:httpServerTemplateForNNAndJN(1641)) - Starting Web-server for hddsDatanode at: http://0.0.0.0:0
2019-08-16 05:31:31,099 [main] INFO  server.AuthenticationFilter (AuthenticationFilter.java:constructSecretProvider(240)) - Unable to initialize FileSignerSecretProvider, falling back to use random secrets.
2019-08-16 05:31:31,100 [main] WARN  http.HttpRequestLog (HttpRequestLog.java:getRequestLog(97)) - Jetty request log can only be enabled using Log4j
2019-08-16 05:31:31,101 [main] INFO  http.HttpServer2 (HttpServer2.java:addGlobalFilter(975)) - Added global filter 'safety' (class=org.apache.hadoop.http.HttpServer2$QuotingInputFilter)
2019-08-16 05:31:31,101 [main] INFO  http.HttpServer2 (HttpServer2.java:addFilter(948)) - Added filter static_user_filter (class=org.apache.hadoop.http.lib.StaticUserWebFilter$StaticUserFilter) to context hddsDatanode
2019-08-16 05:31:31,101 [main] INFO  http.HttpServer2 (HttpServer2.java:addFilter(958)) - Added filter static_user_filter (class=org.apache.hadoop.http.lib.StaticUserWebFilter$StaticUserFilter) to context logs
2019-08-16 05:31:31,102 [main] INFO  http.HttpServer2 (HttpServer2.java:addFilter(958)) - Added filter static_user_filter (class=org.apache.hadoop.http.lib.StaticUserWebFilter$StaticUserFilter) to context static
2019-08-16 05:31:31,102 [main] INFO  http.HttpServer2 (HttpServer2.java:bindListener(1191)) - Jetty bound to port 40673
2019-08-16 05:31:31,102 [main] INFO  server.Server (Server.java:doStart(351)) - jetty-9.3.24.v20180605, build timestamp: 2018-06-05T17:11:56Z, git hash: 84205aa28f11a4f31f2a3b86d1bba2cc8ab69827
2019-08-16 05:31:31,104 [main] INFO  handler.ContextHandler (ContextHandler.java:doStart(781)) - Started o.e.j.s.ServletContextHandler@34ceefb5{/logs,file:///workdir/hadoop-ozone/integration-test/target/log,AVAILABLE}
2019-08-16 05:31:31,104 [main] INFO  handler.ContextHandler (ContextHandler.java:doStart(781)) - Started o.e.j.s.ServletContextHandler@50e0541{/static,jar:file:/home/user/.m2/repository/org/apache/hadoop/hadoop-hdds-container-service/0.5.0-SNAPSHOT/hadoop-hdds-container-service-0.5.0-SNAPSHOT.jar!/webapps/static,AVAILABLE}
2019-08-16 05:31:31,130 [main] INFO  handler.ContextHandler (ContextHandler.java:doStart(781)) - Started o.e.j.w.WebAppContext@66ab765c{/,file:///tmp/jetty-0.0.0.0-40673-hddsDatanode-_-any-4063227111012967956.dir/webapp/,AVAILABLE}{/hddsDatanode}
2019-08-16 05:31:31,131 [main] INFO  server.AbstractConnector (AbstractConnector.java:doStart(278)) - Started ServerConnector@319428ba{HTTP/1.1,[http/1.1]}{0.0.0.0:40673}
2019-08-16 05:31:31,131 [main] INFO  server.Server (Server.java:doStart(419)) - Started @642167ms
2019-08-16 05:31:31,133 [main] INFO  server.BaseHttpServer (BaseHttpServer.java:updateConnectorAddress(213)) - HTTP server of HDDSDATANODE is listening at http://0.0.0.0:40673
2019-08-16 05:31:31,230 | INFO  | ObjectStoreRestHttpServer | Listening HDDS REST traffic on /0.0.0.0:38349 |  
2019-08-16 05:31:31,230 [main] INFO  ozone.HddsDatanodeService (HddsDatanodeService.java:startPlugins(395)) - Started plug-in org.apache.hadoop.ozone.web.OzoneHddsDatanodeService@60877629
2019-08-16 05:31:31,231 [main] INFO  impl.MetricsSystemImpl (MetricsSystemImpl.java:init(158)) - HddsDatanode metrics system started (again)
2019-08-16 05:31:31,235 [main] INFO  ozone.HddsDatanodeService (HddsDatanodeService.java:start(184)) - HddsDatanodeService host:trunk-nightly-4lbr2-4263640518 ip:192.168.69.65
2019-08-16 05:31:31,235 [org.apache.hadoop.util.JvmPauseMonitor$Monitor@265baa05] INFO  util.JvmPauseMonitor (JvmPauseMonitor.java:run(188)) - Starting JVM pause monitor
2019-08-16 05:31:31,236 [Datanode State Machine Thread - 0] INFO  datanode.InitDatanodeState (InitDatanodeState.java:persistContainerDatanodeDetails(140)) - DatanodeDetails is persisted to /workdir/hadoop-ozone/integration-test/target/test-dir/MiniOzoneClusterImpl-eb2bda36-fe71-46ed-bbf9-7d62ad1f7211/datanode-5/meta/datanode.id
2019-08-16 05:31:31,247 [main] INFO  volume.HddsVolume (HddsVolume.java:<init>(176)) - Creating Volume: /workdir/hadoop-ozone/integration-test/target/test-dir/MiniOzoneClusterImpl-eb2bda36-fe71-46ed-bbf9-7d62ad1f7211/datanode-6/data/containers/hdds of  storage type : DISK and capacity : 1482555576320
2019-08-16 05:31:31,247 [main] INFO  volume.VolumeSet (VolumeSet.java:initializeVolumeSet(170)) - Added Volume : /workdir/hadoop-ozone/integration-test/target/test-dir/MiniOzoneClusterImpl-eb2bda36-fe71-46ed-bbf9-7d62ad1f7211/datanode-6/data/containers/hdds to VolumeSet
2019-08-16 05:31:31,248 [main] INFO  volume.ThrottledAsyncChecker (ThrottledAsyncChecker.java:schedule(140)) - Scheduling a check for org.apache.hadoop.ozone.container.common.volume.HddsVolume@63dd81ee
2019-08-16 05:31:31,248 [main] INFO  volume.HddsVolumeChecker (HddsVolumeChecker.java:checkAllVolumes(203)) - Scheduled health check for volume org.apache.hadoop.ozone.container.common.volume.HddsVolume@63dd81ee
2019-08-16 05:31:31,261 [main] INFO  impl.RaftServerProxy (ConfUtils.java:logGet(43)) - raft.rpc.type = GRPC (default)
2019-08-16 05:31:31,262 [main] INFO  grpc.GrpcFactory (GrpcFactory.java:checkPooledByteBufAllocatorUseCacheForAllThreads(45)) - PERFORMANCE WARNING: useCacheForAllThreads is true that may cause Netty to create a lot garbage objects and, as a result, trigger GC.
	It is recommended to disable useCacheForAllThreads by setting -Dorg.apache.ratis.thirdparty.io.netty.allocator.useCacheForAllThreads=false in command line.
2019-08-16 05:31:31,262 [main] INFO  grpc.GrpcConfigKeys$Server (ConfUtils.java:logGet(43)) - raft.grpc.server.port = 0 (default)
2019-08-16 05:31:31,262 [main] INFO  server.GrpcService (ConfUtils.java:logGet(43)) - raft.grpc.message.size.max = 33570816 (custom)
2019-08-16 05:31:31,262 [main] INFO  server.RaftServerConfigKeys (ConfUtils.java:logGet(43)) - raft.server.log.appender.buffer.byte-limit = 33554432 (custom)
2019-08-16 05:31:31,262 [main] INFO  server.GrpcService (ConfUtils.java:logGet(43)) - raft.grpc.flow.control.window = 1MB (=1048576) (default)
2019-08-16 05:31:31,263 [main] INFO  server.RaftServerConfigKeys (ConfUtils.java:logGet(43)) - raft.server.rpc.request.timeout = 3000ms (default)
2019-08-16 05:31:31,263 [main] INFO  server.RaftServerConfigKeys (ConfUtils.java:logGet(43)) - raft.server.storage.dir = [/workdir/hadoop-ozone/integration-test/target/test-dir/MiniOzoneClusterImpl-eb2bda36-fe71-46ed-bbf9-7d62ad1f7211/datanode-6/data/ratis] (custom)
2019-08-16 05:31:31,263 [main] INFO  replication.SimpleContainerDownloader (SimpleContainerDownloader.java:<init>(72)) - Starting container downloader service to copy containers to replicate.
2019-08-16 05:31:31,264 [main] INFO  hdfs.DFSUtil (DFSUtil.java:httpServerTemplateForNNAndJN(1641)) - Starting Web-server for hddsDatanode at: http://0.0.0.0:0
2019-08-16 05:31:31,265 [main] INFO  server.AuthenticationFilter (AuthenticationFilter.java:constructSecretProvider(240)) - Unable to initialize FileSignerSecretProvider, falling back to use random secrets.
2019-08-16 05:31:31,266 [main] WARN  http.HttpRequestLog (HttpRequestLog.java:getRequestLog(97)) - Jetty request log can only be enabled using Log4j
2019-08-16 05:31:31,267 [main] INFO  http.HttpServer2 (HttpServer2.java:addGlobalFilter(975)) - Added global filter 'safety' (class=org.apache.hadoop.http.HttpServer2$QuotingInputFilter)
2019-08-16 05:31:31,267 [main] INFO  http.HttpServer2 (HttpServer2.java:addFilter(948)) - Added filter static_user_filter (class=org.apache.hadoop.http.lib.StaticUserWebFilter$StaticUserFilter) to context hddsDatanode
2019-08-16 05:31:31,267 [main] INFO  http.HttpServer2 (HttpServer2.java:addFilter(958)) - Added filter static_user_filter (class=org.apache.hadoop.http.lib.StaticUserWebFilter$StaticUserFilter) to context logs
2019-08-16 05:31:31,267 [main] INFO  http.HttpServer2 (HttpServer2.java:addFilter(958)) - Added filter static_user_filter (class=org.apache.hadoop.http.lib.StaticUserWebFilter$StaticUserFilter) to context static
2019-08-16 05:31:31,268 [main] INFO  http.HttpServer2 (HttpServer2.java:bindListener(1191)) - Jetty bound to port 42997
2019-08-16 05:31:31,268 [main] INFO  server.Server (Server.java:doStart(351)) - jetty-9.3.24.v20180605, build timestamp: 2018-06-05T17:11:56Z, git hash: 84205aa28f11a4f31f2a3b86d1bba2cc8ab69827
2019-08-16 05:31:31,270 [main] INFO  handler.ContextHandler (ContextHandler.java:doStart(781)) - Started o.e.j.s.ServletContextHandler@252d690{/logs,file:///workdir/hadoop-ozone/integration-test/target/log,AVAILABLE}
2019-08-16 05:31:31,270 [main] INFO  handler.ContextHandler (ContextHandler.java:doStart(781)) - Started o.e.j.s.ServletContextHandler@73f506d7{/static,jar:file:/home/user/.m2/repository/org/apache/hadoop/hadoop-hdds-container-service/0.5.0-SNAPSHOT/hadoop-hdds-container-service-0.5.0-SNAPSHOT.jar!/webapps/static,AVAILABLE}
2019-08-16 05:31:31,297 [main] INFO  handler.ContextHandler (ContextHandler.java:doStart(781)) - Started o.e.j.w.WebAppContext@3eea7c4b{/,file:///tmp/jetty-0.0.0.0-42997-hddsDatanode-_-any-4160633628385130621.dir/webapp/,AVAILABLE}{/hddsDatanode}
2019-08-16 05:31:31,297 [main] INFO  server.AbstractConnector (AbstractConnector.java:doStart(278)) - Started ServerConnector@50d507ab{HTTP/1.1,[http/1.1]}{0.0.0.0:42997}
2019-08-16 05:31:31,297 [main] INFO  server.Server (Server.java:doStart(419)) - Started @642333ms
2019-08-16 05:31:31,299 [main] INFO  server.BaseHttpServer (BaseHttpServer.java:updateConnectorAddress(213)) - HTTP server of HDDSDATANODE is listening at http://0.0.0.0:42997
2019-08-16 05:31:31,395 | INFO  | ObjectStoreRestHttpServer | Listening HDDS REST traffic on /0.0.0.0:35475 |  
2019-08-16 05:31:31,395 [main] INFO  ozone.HddsDatanodeService (HddsDatanodeService.java:startPlugins(395)) - Started plug-in org.apache.hadoop.ozone.web.OzoneHddsDatanodeService@7029653c
2019-08-16 05:31:31,396 [main] INFO  ozone.MiniOzoneClusterImpl (MiniOzoneClusterImpl.java:lambda$waitForClusterToBeReady$0(142)) - Waiting for cluster to be ready. Got 0 of 7 DN Heartbeats.
2019-08-16 05:31:31,397 [org.apache.hadoop.util.JvmPauseMonitor$Monitor@2fe35a40] INFO  util.JvmPauseMonitor (JvmPauseMonitor.java:run(188)) - Starting JVM pause monitor
2019-08-16 05:31:31,398 [Datanode State Machine Thread - 0] INFO  datanode.InitDatanodeState (InitDatanodeState.java:persistContainerDatanodeDetails(140)) - DatanodeDetails is persisted to /workdir/hadoop-ozone/integration-test/target/test-dir/MiniOzoneClusterImpl-eb2bda36-fe71-46ed-bbf9-7d62ad1f7211/datanode-6/meta/datanode.id
2019-08-16 05:31:32,211 | INFO  | SCMAudit | user=jenkins1000 | ip=192.168.69.65 | op=GET_VERSION null | ret=SUCCESS |  
2019-08-16 05:31:32,236 [Datanode State Machine Thread - 0] INFO  ozoneimpl.OzoneContainer (OzoneContainer.java:start(186)) - Attempting to start container services.
2019-08-16 05:31:32,236 [Datanode State Machine Thread - 0] INFO  ozoneimpl.OzoneContainer (OzoneContainer.java:startContainerScrub(160)) - Background container scrubber has been disabled by hdds.containerscrub.enabled
2019-08-16 05:31:32,236 [Datanode State Machine Thread - 0] INFO  ratis.XceiverServerRatis (XceiverServerRatis.java:start(404)) - Starting XceiverServerRatis e53a8343-b752-45e5-a470-b8d6a4558a93 at port 0
2019-08-16 05:31:32,243 [Datanode State Machine Thread - 0] INFO  impl.RaftServerProxy (RaftServerProxy.java:lambda$start$3(299)) - e53a8343-b752-45e5-a470-b8d6a4558a93: start RPC server
2019-08-16 05:31:32,245 [Datanode State Machine Thread - 0] INFO  server.GrpcService (GrpcService.java:startImpl(149)) - e53a8343-b752-45e5-a470-b8d6a4558a93: GrpcService started, listening on 0.0.0.0/0.0.0.0:40326
2019-08-16 05:31:32,245 [Datanode State Machine Thread - 0] INFO  ratis.XceiverServerRatis (XceiverServerRatis.java:start(414)) - XceiverServerRatis e53a8343-b752-45e5-a470-b8d6a4558a93 is started using port 40326
2019-08-16 05:31:32,247 [Datanode State Machine Thread - 0] INFO  server.XceiverServerGrpc (XceiverServerGrpc.java:start(161)) - XceiverServerGrpc e53a8343-b752-45e5-a470-b8d6a4558a93 is started using port 43883
2019-08-16 05:31:32,373 | INFO  | SCMAudit | user=jenkins1000 | ip=192.168.69.65 | op=GET_VERSION null | ret=SUCCESS |  
2019-08-16 05:31:32,396 [main] INFO  ozone.MiniOzoneClusterImpl (MiniOzoneClusterImpl.java:lambda$waitForClusterToBeReady$0(142)) - Waiting for cluster to be ready. Got 0 of 7 DN Heartbeats.
2019-08-16 05:31:32,398 [Datanode State Machine Thread - 0] INFO  ozoneimpl.OzoneContainer (OzoneContainer.java:start(186)) - Attempting to start container services.
2019-08-16 05:31:32,398 [Datanode State Machine Thread - 0] INFO  ozoneimpl.OzoneContainer (OzoneContainer.java:startContainerScrub(160)) - Background container scrubber has been disabled by hdds.containerscrub.enabled
2019-08-16 05:31:32,398 [Datanode State Machine Thread - 0] INFO  ratis.XceiverServerRatis (XceiverServerRatis.java:start(404)) - Starting XceiverServerRatis 3149bb86-d3f1-4715-b40f-8f93528c26f6 at port 0
2019-08-16 05:31:32,406 [Datanode State Machine Thread - 0] INFO  impl.RaftServerProxy (RaftServerProxy.java:lambda$start$3(299)) - 3149bb86-d3f1-4715-b40f-8f93528c26f6: start RPC server
2019-08-16 05:31:32,407 [Datanode State Machine Thread - 0] INFO  server.GrpcService (GrpcService.java:startImpl(149)) - 3149bb86-d3f1-4715-b40f-8f93528c26f6: GrpcService started, listening on 0.0.0.0/0.0.0.0:40261
2019-08-16 05:31:32,407 [Datanode State Machine Thread - 0] INFO  ratis.XceiverServerRatis (XceiverServerRatis.java:start(414)) - XceiverServerRatis 3149bb86-d3f1-4715-b40f-8f93528c26f6 is started using port 40261
2019-08-16 05:31:32,410 [Datanode State Machine Thread - 0] INFO  server.XceiverServerGrpc (XceiverServerGrpc.java:start(161)) - XceiverServerGrpc 3149bb86-d3f1-4715-b40f-8f93528c26f6 is started using port 40695
2019-08-16 05:31:32,536 | INFO  | SCMAudit | user=jenkins1000 | ip=192.168.69.65 | op=GET_VERSION null | ret=SUCCESS |  
2019-08-16 05:31:32,564 [Datanode State Machine Thread - 0] INFO  ozoneimpl.OzoneContainer (OzoneContainer.java:start(186)) - Attempting to start container services.
2019-08-16 05:31:32,564 [Datanode State Machine Thread - 0] INFO  ozoneimpl.OzoneContainer (OzoneContainer.java:startContainerScrub(160)) - Background container scrubber has been disabled by hdds.containerscrub.enabled
2019-08-16 05:31:32,564 [Datanode State Machine Thread - 0] INFO  ratis.XceiverServerRatis (XceiverServerRatis.java:start(404)) - Starting XceiverServerRatis d5c3898c-9450-49fc-8e0a-029bdffc6f28 at port 0
2019-08-16 05:31:32,572 [Datanode State Machine Thread - 0] INFO  impl.RaftServerProxy (RaftServerProxy.java:lambda$start$3(299)) - d5c3898c-9450-49fc-8e0a-029bdffc6f28: start RPC server
2019-08-16 05:31:32,573 [Datanode State Machine Thread - 0] INFO  server.GrpcService (GrpcService.java:startImpl(149)) - d5c3898c-9450-49fc-8e0a-029bdffc6f28: GrpcService started, listening on 0.0.0.0/0.0.0.0:35090
2019-08-16 05:31:32,573 [Datanode State Machine Thread - 0] INFO  ratis.XceiverServerRatis (XceiverServerRatis.java:start(414)) - XceiverServerRatis d5c3898c-9450-49fc-8e0a-029bdffc6f28 is started using port 35090
2019-08-16 05:31:32,583 [Datanode State Machine Thread - 0] INFO  server.XceiverServerGrpc (XceiverServerGrpc.java:start(161)) - XceiverServerGrpc d5c3898c-9450-49fc-8e0a-029bdffc6f28 is started using port 36890
2019-08-16 05:31:32,886 | INFO  | SCMAudit | user=jenkins1000 | ip=192.168.69.65 | op=GET_VERSION null | ret=SUCCESS |  
2019-08-16 05:31:32,911 [Datanode State Machine Thread - 0] INFO  ozoneimpl.OzoneContainer (OzoneContainer.java:start(186)) - Attempting to start container services.
2019-08-16 05:31:32,911 [Datanode State Machine Thread - 0] INFO  ozoneimpl.OzoneContainer (OzoneContainer.java:startContainerScrub(160)) - Background container scrubber has been disabled by hdds.containerscrub.enabled
2019-08-16 05:31:32,911 [Datanode State Machine Thread - 0] INFO  ratis.XceiverServerRatis (XceiverServerRatis.java:start(404)) - Starting XceiverServerRatis 0606af15-c5a8-4f2c-b2a4-46c802c45ccf at port 0
2019-08-16 05:31:32,919 [Datanode State Machine Thread - 0] INFO  impl.RaftServerProxy (RaftServerProxy.java:lambda$start$3(299)) - 0606af15-c5a8-4f2c-b2a4-46c802c45ccf: start RPC server
2019-08-16 05:31:32,920 [Datanode State Machine Thread - 0] INFO  server.GrpcService (GrpcService.java:startImpl(149)) - 0606af15-c5a8-4f2c-b2a4-46c802c45ccf: GrpcService started, listening on 0.0.0.0/0.0.0.0:39181
2019-08-16 05:31:32,920 [Datanode State Machine Thread - 0] INFO  ratis.XceiverServerRatis (XceiverServerRatis.java:start(414)) - XceiverServerRatis 0606af15-c5a8-4f2c-b2a4-46c802c45ccf is started using port 39181
2019-08-16 05:31:32,921 [Datanode State Machine Thread - 0] INFO  server.XceiverServerGrpc (XceiverServerGrpc.java:start(161)) - XceiverServerGrpc 0606af15-c5a8-4f2c-b2a4-46c802c45ccf is started using port 43779
2019-08-16 05:31:33,066 | INFO  | SCMAudit | user=jenkins1000 | ip=192.168.69.65 | op=GET_VERSION null | ret=SUCCESS |  
2019-08-16 05:31:33,080 [Datanode State Machine Thread - 0] INFO  ozoneimpl.OzoneContainer (OzoneContainer.java:start(186)) - Attempting to start container services.
2019-08-16 05:31:33,081 [Datanode State Machine Thread - 0] INFO  ozoneimpl.OzoneContainer (OzoneContainer.java:startContainerScrub(160)) - Background container scrubber has been disabled by hdds.containerscrub.enabled
2019-08-16 05:31:33,081 [Datanode State Machine Thread - 0] INFO  ratis.XceiverServerRatis (XceiverServerRatis.java:start(404)) - Starting XceiverServerRatis f3ad038f-da5c-4aab-b955-43805eae4a44 at port 0
2019-08-16 05:31:33,088 [Datanode State Machine Thread - 0] INFO  impl.RaftServerProxy (RaftServerProxy.java:lambda$start$3(299)) - f3ad038f-da5c-4aab-b955-43805eae4a44: start RPC server
2019-08-16 05:31:33,089 [Datanode State Machine Thread - 0] INFO  server.GrpcService (GrpcService.java:startImpl(149)) - f3ad038f-da5c-4aab-b955-43805eae4a44: GrpcService started, listening on 0.0.0.0/0.0.0.0:34563
2019-08-16 05:31:33,089 [Datanode State Machine Thread - 0] INFO  ratis.XceiverServerRatis (XceiverServerRatis.java:start(414)) - XceiverServerRatis f3ad038f-da5c-4aab-b955-43805eae4a44 is started using port 34563
2019-08-16 05:31:33,090 [Datanode State Machine Thread - 0] INFO  server.XceiverServerGrpc (XceiverServerGrpc.java:start(161)) - XceiverServerGrpc f3ad038f-da5c-4aab-b955-43805eae4a44 is started using port 44946
2019-08-16 05:31:33,235 | INFO  | SCMAudit | user=jenkins1000 | ip=192.168.69.65 | op=GET_VERSION null | ret=SUCCESS |  
2019-08-16 05:31:33,249 [Datanode State Machine Thread - 0] INFO  ozoneimpl.OzoneContainer (OzoneContainer.java:start(186)) - Attempting to start container services.
2019-08-16 05:31:33,249 [Datanode State Machine Thread - 0] INFO  ozoneimpl.OzoneContainer (OzoneContainer.java:startContainerScrub(160)) - Background container scrubber has been disabled by hdds.containerscrub.enabled
2019-08-16 05:31:33,249 [Datanode State Machine Thread - 0] INFO  ratis.XceiverServerRatis (XceiverServerRatis.java:start(404)) - Starting XceiverServerRatis 28d0d1e5-a718-4131-8689-0f879c9b805a at port 0
2019-08-16 05:31:33,256 [Datanode State Machine Thread - 0] INFO  impl.RaftServerProxy (RaftServerProxy.java:lambda$start$3(299)) - 28d0d1e5-a718-4131-8689-0f879c9b805a: start RPC server
2019-08-16 05:31:33,257 [Datanode State Machine Thread - 0] INFO  server.GrpcService (GrpcService.java:startImpl(149)) - 28d0d1e5-a718-4131-8689-0f879c9b805a: GrpcService started, listening on 0.0.0.0/0.0.0.0:44185
2019-08-16 05:31:33,257 [Datanode State Machine Thread - 0] INFO  ratis.XceiverServerRatis (XceiverServerRatis.java:start(414)) - XceiverServerRatis 28d0d1e5-a718-4131-8689-0f879c9b805a is started using port 44185
2019-08-16 05:31:33,258 [Datanode State Machine Thread - 0] INFO  server.XceiverServerGrpc (XceiverServerGrpc.java:start(161)) - XceiverServerGrpc 28d0d1e5-a718-4131-8689-0f879c9b805a is started using port 33102
2019-08-16 05:31:33,396 [main] INFO  ozone.MiniOzoneClusterImpl (MiniOzoneClusterImpl.java:lambda$waitForClusterToBeReady$0(142)) - Waiting for cluster to be ready. Got 0 of 7 DN Heartbeats.
2019-08-16 05:31:33,397 | INFO  | SCMAudit | user=jenkins1000 | ip=192.168.69.65 | op=GET_VERSION null | ret=SUCCESS |  
2019-08-16 05:31:33,411 [Datanode State Machine Thread - 0] INFO  ozoneimpl.OzoneContainer (OzoneContainer.java:start(186)) - Attempting to start container services.
2019-08-16 05:31:33,411 [Datanode State Machine Thread - 0] INFO  ozoneimpl.OzoneContainer (OzoneContainer.java:startContainerScrub(160)) - Background container scrubber has been disabled by hdds.containerscrub.enabled
2019-08-16 05:31:33,411 [Datanode State Machine Thread - 0] INFO  ratis.XceiverServerRatis (XceiverServerRatis.java:start(404)) - Starting XceiverServerRatis 86fd08ee-b365-4582-9ea1-c0072a3dfb7f at port 0
2019-08-16 05:31:33,418 [Datanode State Machine Thread - 0] INFO  impl.RaftServerProxy (RaftServerProxy.java:lambda$start$3(299)) - 86fd08ee-b365-4582-9ea1-c0072a3dfb7f: start RPC server
2019-08-16 05:31:33,422 [Datanode State Machine Thread - 0] INFO  server.GrpcService (GrpcService.java:startImpl(149)) - 86fd08ee-b365-4582-9ea1-c0072a3dfb7f: GrpcService started, listening on 0.0.0.0/0.0.0.0:35007
2019-08-16 05:31:33,422 [Datanode State Machine Thread - 0] INFO  ratis.XceiverServerRatis (XceiverServerRatis.java:start(414)) - XceiverServerRatis 86fd08ee-b365-4582-9ea1-c0072a3dfb7f is started using port 35007
2019-08-16 05:31:33,423 [Datanode State Machine Thread - 0] INFO  server.XceiverServerGrpc (XceiverServerGrpc.java:start(161)) - XceiverServerGrpc 86fd08ee-b365-4582-9ea1-c0072a3dfb7f is started using port 46540
2019-08-16 05:31:34,211 [IPC Server handler 5 on 34802] INFO  net.NetworkTopology (NetworkTopologyImpl.java:add(110)) - Added a new node: /default-rack/e53a8343-b752-45e5-a470-b8d6a4558a93
2019-08-16 05:31:34,214 [IPC Server handler 5 on 34802] INFO  node.SCMNodeManager (SCMNodeManager.java:register(273)) - Registered Data node : e53a8343-b752-45e5-a470-b8d6a4558a93{ip: 192.168.69.65, host: trunk-nightly-4lbr2-4263640518, networkLocation: /default-rack, certSerialId: null}
2019-08-16 05:31:34,215 [EventQueue-NodeRegistrationContainerReportForDataNodeSafeModeRule] INFO  safemode.SCMSafeModeManager (DataNodeSafeModeRule.java:process(71)) - SCM in safe mode. 1 DataNodes registered, 1 required.
2019-08-16 05:31:34,215 | INFO  | SCMAudit | user=jenkins1000 | ip=192.168.69.65 | op=REGISTER {datanodeDetails=e53a8343-b752-45e5-a470-b8d6a4558a93{ip: 192.168.69.65, host: trunk-nightly-4lbr2-4263640518, networkLocation: /default-rack, certSerialId: null}} | ret=SUCCESS |  
2019-08-16 05:31:34,218 [EventQueue-NodeRegistrationContainerReportForDataNodeSafeModeRule] INFO  safemode.SCMSafeModeManager (SCMSafeModeManager.java:validateSafeModeExitRules(177)) - ScmSafeModeManager, all rules are successfully validated
2019-08-16 05:31:34,218 [EventQueue-NodeRegistrationContainerReportForDataNodeSafeModeRule] INFO  safemode.SCMSafeModeManager (SCMSafeModeManager.java:exitSafeMode(193)) - SCM exiting safe mode.
2019-08-16 05:31:34,246 [grpc-default-executor-8] INFO  impl.RaftServerProxy (RaftServerProxy.java:addNew(89)) - e53a8343-b752-45e5-a470-b8d6a4558a93: addNew group-DD4E617CEED6:[e53a8343-b752-45e5-a470-b8d6a4558a93:192.168.69.65:40326] returns group-DD4E617CEED6:java.util.concurrent.CompletableFuture@6df5b30[Not completed]
2019-08-16 05:31:34,247 [pool-536-thread-1] INFO  impl.RaftServerImpl (RaftServerImpl.java:<init>(93)) - e53a8343-b752-45e5-a470-b8d6a4558a93: new RaftServerImpl for group-DD4E617CEED6:[e53a8343-b752-45e5-a470-b8d6a4558a93:192.168.69.65:40326] with ContainerStateMachine:uninitialized
2019-08-16 05:31:34,248 [pool-536-thread-1] INFO  server.RaftServerConfigKeys (ConfUtils.java:logGet(43)) - raft.server.rpc.timeout.min = 5s (custom)
2019-08-16 05:31:34,248 [pool-536-thread-1] INFO  server.RaftServerConfigKeys (ConfUtils.java:logGet(43)) - raft.server.rpc.timeout.max = 5200ms (custom)
2019-08-16 05:31:34,248 [pool-536-thread-1] INFO  server.RaftServerConfigKeys (ConfUtils.java:logGet(43)) - raft.server.rpcslowness.timeout = 120s (custom)
2019-08-16 05:31:34,248 [pool-536-thread-1] INFO  server.RaftServerConfigKeys (ConfUtils.java:logGet(43)) - raft.server.sleep.deviation.threshold = 300 (default)
2019-08-16 05:31:34,248 [pool-536-thread-1] INFO  server.RaftServerConfigKeys (ConfUtils.java:logGet(43)) - raft.server.log.appender.install.snapshot.enabled = false (custom)
2019-08-16 05:31:34,248 [pool-536-thread-1] INFO  impl.RaftServerImpl (ServerState.java:<init>(105)) - e53a8343-b752-45e5-a470-b8d6a4558a93:group-DD4E617CEED6 ConfigurationManager, init=-1: [e53a8343-b752-45e5-a470-b8d6a4558a93:192.168.69.65:40326], old=null, confs=<EMPTY_MAP>
2019-08-16 05:31:34,249 [pool-536-thread-1] INFO  server.RaftServerConfigKeys (ConfUtils.java:logGet(43)) - raft.server.storage.dir = [/workdir/hadoop-ozone/integration-test/target/test-dir/MiniOzoneClusterImpl-eb2bda36-fe71-46ed-bbf9-7d62ad1f7211/datanode-0/data/ratis] (custom)
2019-08-16 05:31:34,249 [pool-536-thread-1] INFO  storage.RaftStorageDirectory (RaftStorageDirectory.java:analyzeStorage(246)) - The storage directory /workdir/hadoop-ozone/integration-test/target/test-dir/MiniOzoneClusterImpl-eb2bda36-fe71-46ed-bbf9-7d62ad1f7211/datanode-0/data/ratis/0258bfe7-e015-4b54-a436-dd4e617ceed6 does not exist. Creating ...
2019-08-16 05:31:34,275 [pool-536-thread-1] INFO  storage.RaftStorageDirectory (RaftStorageDirectory.java:tryLock(328)) - Lock on /workdir/hadoop-ozone/integration-test/target/test-dir/MiniOzoneClusterImpl-eb2bda36-fe71-46ed-bbf9-7d62ad1f7211/datanode-0/data/ratis/0258bfe7-e015-4b54-a436-dd4e617ceed6/in_use.lock acquired by nodename 17142@trunk-nightly-4lbr2-4263640518
2019-08-16 05:31:34,289 [pool-536-thread-1] INFO  storage.RaftStorage (RaftStorage.java:format(72)) - Storage directory /workdir/hadoop-ozone/integration-test/target/test-dir/MiniOzoneClusterImpl-eb2bda36-fe71-46ed-bbf9-7d62ad1f7211/datanode-0/data/ratis/0258bfe7-e015-4b54-a436-dd4e617ceed6 has been successfully formatted.
2019-08-16 05:31:34,289 [pool-536-thread-1] INFO  ratis.ContainerStateMachine (ContainerStateMachine.java:loadSnapshot(222)) - group-DD4E617CEED6: The snapshot info is null. Setting the last applied indexto:(t:0, i:~)
2019-08-16 05:31:34,289 [pool-536-thread-1] INFO  server.RaftServerConfigKeys (ConfUtils.java:logGet(43)) - raft.server.leader.election.timeout = 120s (custom)
2019-08-16 05:31:34,289 [pool-536-thread-1] INFO  server.RaftServerConfigKeys (ConfUtils.java:logGet(43)) - raft.server.log.use.memory = false (default)
2019-08-16 05:31:34,290 [pool-536-thread-1] INFO  server.RaftServerConfigKeys (ConfUtils.java:logGet(43)) - raft.server.log.purge.gap = 1000000000 (custom)
2019-08-16 05:31:34,290 [pool-536-thread-1] INFO  server.RaftServerConfigKeys (ConfUtils.java:logGet(43)) - raft.server.log.appender.buffer.byte-limit = 33554432 (custom)
2019-08-16 05:31:34,290 [pool-536-thread-1] INFO  server.RaftServerConfigKeys (ConfUtils.java:logGet(43)) - raft.server.log.segment.size.max = 1048576 (custom)
2019-08-16 05:31:34,290 [pool-536-thread-1] INFO  server.RaftServerConfigKeys (ConfUtils.java:logGet(43)) - raft.server.log.segment.cache.num.max = 2 (custom)
2019-08-16 05:31:34,290 [pool-536-thread-1] INFO  segmented.SegmentedRaftLogWorker (SegmentedRaftLogWorker.java:<init>(172)) - new e53a8343-b752-45e5-a470-b8d6a4558a93-SegmentedRaftLogWorker:Storage Directory /workdir/hadoop-ozone/integration-test/target/test-dir/MiniOzoneClusterImpl-eb2bda36-fe71-46ed-bbf9-7d62ad1f7211/datanode-0/data/ratis/0258bfe7-e015-4b54-a436-dd4e617ceed6 for RaftStorage:Storage Directory /workdir/hadoop-ozone/integration-test/target/test-dir/MiniOzoneClusterImpl-eb2bda36-fe71-46ed-bbf9-7d62ad1f7211/datanode-0/data/ratis/0258bfe7-e015-4b54-a436-dd4e617ceed6
2019-08-16 05:31:34,291 [pool-536-thread-1] INFO  server.RaftServerConfigKeys (ConfUtils.java:logGet(43)) - raft.server.log.queue.byte-limit = 2147483647 (custom)
2019-08-16 05:31:34,291 [pool-536-thread-1] INFO  server.RaftServerConfigKeys (ConfUtils.java:logGet(43)) - raft.server.log.queue.element-limit = 1024 (custom)
2019-08-16 05:31:34,291 [pool-536-thread-1] INFO  server.RaftServerConfigKeys (ConfUtils.java:logGet(43)) - raft.server.log.segment.size.max = 1048576 (custom)
2019-08-16 05:31:34,291 [pool-536-thread-1] INFO  server.RaftServerConfigKeys (ConfUtils.java:logGet(43)) - raft.server.log.preallocated.size = 16384 (custom)
2019-08-16 05:31:34,291 [pool-536-thread-1] INFO  server.RaftServerConfigKeys (ConfUtils.java:logGet(43)) - raft.server.log.write.buffer.size = 33554432 (custom)
2019-08-16 05:31:34,291 [pool-536-thread-1] INFO  server.RaftServerConfigKeys (ConfUtils.java:logGet(43)) - raft.server.log.force.sync.num = 128 (default)
2019-08-16 05:31:34,292 [pool-536-thread-1] INFO  server.RaftServerConfigKeys (ConfUtils.java:logGet(43)) - raft.server.log.statemachine.data.sync = true (default)
2019-08-16 05:31:34,292 [pool-536-thread-1] INFO  server.RaftServerConfigKeys (ConfUtils.java:logGet(43)) - raft.server.log.statemachine.data.sync.timeout = 10s (default)
2019-08-16 05:31:34,292 [pool-536-thread-1] INFO  server.RaftServerConfigKeys (ConfUtils.java:logGet(43)) - raft.server.log.statemachine.data.sync.timeout.retry = -1 (default)
2019-08-16 05:31:34,292 [pool-536-thread-1] INFO  server.RaftServerConfigKeys (ConfUtils.java:logGet(43)) - raft.server.log.statemachine.data.caching.enabled = true (custom)
2019-08-16 05:31:34,293 [pool-536-thread-1] INFO  segmented.SegmentedRaftLogWorker (SegmentedRaftLogWorker.java:lambda$new$0(132)) - e53a8343-b752-45e5-a470-b8d6a4558a93-SegmentedRaftLogWorker:Storage Directory /workdir/hadoop-ozone/integration-test/target/test-dir/MiniOzoneClusterImpl-eb2bda36-fe71-46ed-bbf9-7d62ad1f7211/datanode-0/data/ratis/0258bfe7-e015-4b54-a436-dd4e617ceed6: flushIndex: setUnconditionally 0 -> -1
2019-08-16 05:31:34,293 [pool-536-thread-1] INFO  server.RaftServerConfigKeys (ConfUtils.java:logGet(43)) - raft.server.snapshot.auto.trigger.enabled = true (custom)
2019-08-16 05:31:34,293 [pool-536-thread-1] INFO  server.RaftServerConfigKeys (ConfUtils.java:logGet(43)) - raft.server.snapshot.auto.trigger.threshold = 10000 (custom)
2019-08-16 05:31:34,293 [pool-536-thread-1] INFO  server.RaftServerConfigKeys (ConfUtils.java:logGet(43)) - raft.server.retrycache.expirytime = 600000ms (custom)
2019-08-16 05:31:34,293 [pool-536-thread-1] INFO  impl.RaftServerImpl (RaftServerImpl.java:start(180)) - e53a8343-b752-45e5-a470-b8d6a4558a93: start group-DD4E617CEED6
2019-08-16 05:31:34,294 [pool-536-thread-1] INFO  impl.RaftServerImpl (RaftServerImpl.java:setRole(171)) - e53a8343-b752-45e5-a470-b8d6a4558a93:group-DD4E617CEED6 changes role from null to FOLLOWER at term 0 for startAsFollower
2019-08-16 05:31:34,294 [pool-536-thread-1] INFO  impl.RoleInfo (RoleInfo.java:updateAndGet(143)) - e53a8343-b752-45e5-a470-b8d6a4558a93: start FollowerState
2019-08-16 05:31:34,295 [pool-536-thread-1] INFO  util.JmxRegister (JmxRegister.java:tryRegister(44)) - Successfully registered JMX Bean with object name Ratis:service=RaftServer,group=group-DD4E617CEED6,id=e53a8343-b752-45e5-a470-b8d6a4558a93
2019-08-16 05:31:34,301 [RatisPipelineUtilsThread] INFO  pipeline.PipelineStateManager (PipelineStateManager.java:addPipeline(56)) - Created pipeline Pipeline[ Id: 0258bfe7-e015-4b54-a436-dd4e617ceed6, Nodes: e53a8343-b752-45e5-a470-b8d6a4558a93{ip: 192.168.69.65, host: trunk-nightly-4lbr2-4263640518, networkLocation: /default-rack, certSerialId: null}, Type:RATIS, Factor:ONE, State:OPEN]
2019-08-16 05:31:34,373 [IPC Server handler 0 on 34802] INFO  net.NetworkTopology (NetworkTopologyImpl.java:add(110)) - Added a new node: /default-rack/3149bb86-d3f1-4715-b40f-8f93528c26f6
2019-08-16 05:31:34,373 [IPC Server handler 0 on 34802] INFO  node.SCMNodeManager (SCMNodeManager.java:register(273)) - Registered Data node : 3149bb86-d3f1-4715-b40f-8f93528c26f6{ip: 192.168.69.65, host: trunk-nightly-4lbr2-4263640518, networkLocation: /default-rack, certSerialId: null}
2019-08-16 05:31:34,374 | INFO  | SCMAudit | user=jenkins1000 | ip=192.168.69.65 | op=REGISTER {datanodeDetails=3149bb86-d3f1-4715-b40f-8f93528c26f6{ip: 192.168.69.65, host: trunk-nightly-4lbr2-4263640518, networkLocation: /default-rack, certSerialId: null}} | ret=SUCCESS |  
2019-08-16 05:31:34,381 [grpc-default-executor-8] INFO  impl.RaftServerProxy (RaftServerProxy.java:addNew(89)) - 3149bb86-d3f1-4715-b40f-8f93528c26f6: addNew group-5CA3C7B83B16:[3149bb86-d3f1-4715-b40f-8f93528c26f6:192.168.69.65:40261] returns group-5CA3C7B83B16:java.util.concurrent.CompletableFuture@27c39ada[Not completed]
2019-08-16 05:31:34,382 [pool-547-thread-1] INFO  impl.RaftServerImpl (RaftServerImpl.java:<init>(93)) - 3149bb86-d3f1-4715-b40f-8f93528c26f6: new RaftServerImpl for group-5CA3C7B83B16:[3149bb86-d3f1-4715-b40f-8f93528c26f6:192.168.69.65:40261] with ContainerStateMachine:uninitialized
2019-08-16 05:31:34,383 [pool-547-thread-1] INFO  server.RaftServerConfigKeys (ConfUtils.java:logGet(43)) - raft.server.rpc.timeout.min = 5s (custom)
2019-08-16 05:31:34,383 [pool-547-thread-1] INFO  server.RaftServerConfigKeys (ConfUtils.java:logGet(43)) - raft.server.rpc.timeout.max = 5200ms (custom)
2019-08-16 05:31:34,383 [pool-547-thread-1] INFO  server.RaftServerConfigKeys (ConfUtils.java:logGet(43)) - raft.server.rpcslowness.timeout = 120s (custom)
2019-08-16 05:31:34,383 [pool-547-thread-1] INFO  server.RaftServerConfigKeys (ConfUtils.java:logGet(43)) - raft.server.sleep.deviation.threshold = 300 (default)
2019-08-16 05:31:34,383 [pool-547-thread-1] INFO  server.RaftServerConfigKeys (ConfUtils.java:logGet(43)) - raft.server.log.appender.install.snapshot.enabled = false (custom)
2019-08-16 05:31:34,383 [pool-547-thread-1] INFO  impl.RaftServerImpl (ServerState.java:<init>(105)) - 3149bb86-d3f1-4715-b40f-8f93528c26f6:group-5CA3C7B83B16 ConfigurationManager, init=-1: [3149bb86-d3f1-4715-b40f-8f93528c26f6:192.168.69.65:40261], old=null, confs=<EMPTY_MAP>
2019-08-16 05:31:34,383 [pool-547-thread-1] INFO  server.RaftServerConfigKeys (ConfUtils.java:logGet(43)) - raft.server.storage.dir = [/workdir/hadoop-ozone/integration-test/target/test-dir/MiniOzoneClusterImpl-eb2bda36-fe71-46ed-bbf9-7d62ad1f7211/datanode-1/data/ratis] (custom)
2019-08-16 05:31:34,384 [pool-547-thread-1] INFO  storage.RaftStorageDirectory (RaftStorageDirectory.java:analyzeStorage(246)) - The storage directory /workdir/hadoop-ozone/integration-test/target/test-dir/MiniOzoneClusterImpl-eb2bda36-fe71-46ed-bbf9-7d62ad1f7211/datanode-1/data/ratis/180cb723-a3de-419d-8e5c-5ca3c7b83b16 does not exist. Creating ...
2019-08-16 05:31:34,397 [main] INFO  ozone.MiniOzoneClusterImpl (MiniOzoneClusterImpl.java:lambda$waitForClusterToBeReady$0(142)) - Waiting for cluster to be ready. Got 2 of 7 DN Heartbeats.
2019-08-16 05:31:34,397 [pool-547-thread-1] INFO  storage.RaftStorageDirectory (RaftStorageDirectory.java:tryLock(328)) - Lock on /workdir/hadoop-ozone/integration-test/target/test-dir/MiniOzoneClusterImpl-eb2bda36-fe71-46ed-bbf9-7d62ad1f7211/datanode-1/data/ratis/180cb723-a3de-419d-8e5c-5ca3c7b83b16/in_use.lock acquired by nodename 17142@trunk-nightly-4lbr2-4263640518
2019-08-16 05:31:34,412 [pool-547-thread-1] INFO  storage.RaftStorage (RaftStorage.java:format(72)) - Storage directory /workdir/hadoop-ozone/integration-test/target/test-dir/MiniOzoneClusterImpl-eb2bda36-fe71-46ed-bbf9-7d62ad1f7211/datanode-1/data/ratis/180cb723-a3de-419d-8e5c-5ca3c7b83b16 has been successfully formatted.
2019-08-16 05:31:34,412 [pool-547-thread-1] INFO  ratis.ContainerStateMachine (ContainerStateMachine.java:loadSnapshot(222)) - group-5CA3C7B83B16: The snapshot info is null. Setting the last applied indexto:(t:0, i:~)
2019-08-16 05:31:34,412 [pool-547-thread-1] INFO  server.RaftServerConfigKeys (ConfUtils.java:logGet(43)) - raft.server.leader.election.timeout = 120s (custom)
2019-08-16 05:31:34,413 [pool-547-thread-1] INFO  server.RaftServerConfigKeys (ConfUtils.java:logGet(43)) - raft.server.log.use.memory = false (default)
2019-08-16 05:31:34,413 [pool-547-thread-1] INFO  server.RaftServerConfigKeys (ConfUtils.java:logGet(43)) - raft.server.log.purge.gap = 1000000000 (custom)
2019-08-16 05:31:34,413 [pool-547-thread-1] INFO  server.RaftServerConfigKeys (ConfUtils.java:logGet(43)) - raft.server.log.appender.buffer.byte-limit = 33554432 (custom)
2019-08-16 05:31:34,413 [pool-547-thread-1] INFO  server.RaftServerConfigKeys (ConfUtils.java:logGet(43)) - raft.server.log.segment.size.max = 1048576 (custom)
2019-08-16 05:31:34,413 [pool-547-thread-1] INFO  server.RaftServerConfigKeys (ConfUtils.java:logGet(43)) - raft.server.log.segment.cache.num.max = 2 (custom)
2019-08-16 05:31:34,413 [pool-547-thread-1] INFO  segmented.SegmentedRaftLogWorker (SegmentedRaftLogWorker.java:<init>(172)) - new 3149bb86-d3f1-4715-b40f-8f93528c26f6-SegmentedRaftLogWorker:Storage Directory /workdir/hadoop-ozone/integration-test/target/test-dir/MiniOzoneClusterImpl-eb2bda36-fe71-46ed-bbf9-7d62ad1f7211/datanode-1/data/ratis/180cb723-a3de-419d-8e5c-5ca3c7b83b16 for RaftStorage:Storage Directory /workdir/hadoop-ozone/integration-test/target/test-dir/MiniOzoneClusterImpl-eb2bda36-fe71-46ed-bbf9-7d62ad1f7211/datanode-1/data/ratis/180cb723-a3de-419d-8e5c-5ca3c7b83b16
2019-08-16 05:31:34,413 [pool-547-thread-1] INFO  server.RaftServerConfigKeys (ConfUtils.java:logGet(43)) - raft.server.log.queue.byte-limit = 2147483647 (custom)
2019-08-16 05:31:34,414 [pool-547-thread-1] INFO  server.RaftServerConfigKeys (ConfUtils.java:logGet(43)) - raft.server.log.queue.element-limit = 1024 (custom)
2019-08-16 05:31:34,414 [pool-547-thread-1] INFO  server.RaftServerConfigKeys (ConfUtils.java:logGet(43)) - raft.server.log.segment.size.max = 1048576 (custom)
2019-08-16 05:31:34,414 [pool-547-thread-1] INFO  server.RaftServerConfigKeys (ConfUtils.java:logGet(43)) - raft.server.log.preallocated.size = 16384 (custom)
2019-08-16 05:31:34,414 [pool-547-thread-1] INFO  server.RaftServerConfigKeys (ConfUtils.java:logGet(43)) - raft.server.log.write.buffer.size = 33554432 (custom)
2019-08-16 05:31:34,414 [pool-547-thread-1] INFO  server.RaftServerConfigKeys (ConfUtils.java:logGet(43)) - raft.server.log.force.sync.num = 128 (default)
2019-08-16 05:31:34,414 [pool-547-thread-1] INFO  server.RaftServerConfigKeys (ConfUtils.java:logGet(43)) - raft.server.log.statemachine.data.sync = true (default)
2019-08-16 05:31:34,415 [pool-547-thread-1] INFO  server.RaftServerConfigKeys (ConfUtils.java:logGet(43)) - raft.server.log.statemachine.data.sync.timeout = 10s (default)
2019-08-16 05:31:34,415 [pool-547-thread-1] INFO  server.RaftServerConfigKeys (ConfUtils.java:logGet(43)) - raft.server.log.statemachine.data.sync.timeout.retry = -1 (default)
2019-08-16 05:31:34,415 [pool-547-thread-1] INFO  server.RaftServerConfigKeys (ConfUtils.java:logGet(43)) - raft.server.log.statemachine.data.caching.enabled = true (custom)
2019-08-16 05:31:34,415 [pool-547-thread-1] INFO  segmented.SegmentedRaftLogWorker (SegmentedRaftLogWorker.java:lambda$new$0(132)) - 3149bb86-d3f1-4715-b40f-8f93528c26f6-SegmentedRaftLogWorker:Storage Directory /workdir/hadoop-ozone/integration-test/target/test-dir/MiniOzoneClusterImpl-eb2bda36-fe71-46ed-bbf9-7d62ad1f7211/datanode-1/data/ratis/180cb723-a3de-419d-8e5c-5ca3c7b83b16: flushIndex: setUnconditionally 0 -> -1
2019-08-16 05:31:34,416 [pool-547-thread-1] INFO  server.RaftServerConfigKeys (ConfUtils.java:logGet(43)) - raft.server.snapshot.auto.trigger.enabled = true (custom)
2019-08-16 05:31:34,416 [pool-547-thread-1] INFO  server.RaftServerConfigKeys (ConfUtils.java:logGet(43)) - raft.server.snapshot.auto.trigger.threshold = 10000 (custom)
2019-08-16 05:31:34,416 [pool-547-thread-1] INFO  server.RaftServerConfigKeys (ConfUtils.java:logGet(43)) - raft.server.retrycache.expirytime = 600000ms (custom)
2019-08-16 05:31:34,416 [pool-547-thread-1] INFO  impl.RaftServerImpl (RaftServerImpl.java:start(180)) - 3149bb86-d3f1-4715-b40f-8f93528c26f6: start group-5CA3C7B83B16
2019-08-16 05:31:34,416 [pool-547-thread-1] INFO  impl.RaftServerImpl (RaftServerImpl.java:setRole(171)) - 3149bb86-d3f1-4715-b40f-8f93528c26f6:group-5CA3C7B83B16 changes role from null to FOLLOWER at term 0 for startAsFollower
2019-08-16 05:31:34,416 [pool-547-thread-1] INFO  impl.RoleInfo (RoleInfo.java:updateAndGet(143)) - 3149bb86-d3f1-4715-b40f-8f93528c26f6: start FollowerState
2019-08-16 05:31:34,417 [pool-547-thread-1] INFO  util.JmxRegister (JmxRegister.java:tryRegister(44)) - Successfully registered JMX Bean with object name Ratis:service=RaftServer,group=group-5CA3C7B83B16,id=3149bb86-d3f1-4715-b40f-8f93528c26f6
2019-08-16 05:31:34,422 [RatisPipelineUtilsThread] INFO  pipeline.PipelineStateManager (PipelineStateManager.java:addPipeline(56)) - Created pipeline Pipeline[ Id: 180cb723-a3de-419d-8e5c-5ca3c7b83b16, Nodes: 3149bb86-d3f1-4715-b40f-8f93528c26f6{ip: 192.168.69.65, host: trunk-nightly-4lbr2-4263640518, networkLocation: /default-rack, certSerialId: null}, Type:RATIS, Factor:ONE, State:OPEN]
2019-08-16 05:31:34,537 [IPC Server handler 2 on 34802] INFO  net.NetworkTopology (NetworkTopologyImpl.java:add(110)) - Added a new node: /default-rack/d5c3898c-9450-49fc-8e0a-029bdffc6f28
2019-08-16 05:31:34,537 [IPC Server handler 2 on 34802] INFO  node.SCMNodeManager (SCMNodeManager.java:register(273)) - Registered Data node : d5c3898c-9450-49fc-8e0a-029bdffc6f28{ip: 192.168.69.65, host: trunk-nightly-4lbr2-4263640518, networkLocation: /default-rack, certSerialId: null}
2019-08-16 05:31:34,549 | INFO  | SCMAudit | user=jenkins1000 | ip=192.168.69.65 | op=REGISTER {datanodeDetails=d5c3898c-9450-49fc-8e0a-029bdffc6f28{ip: 192.168.69.65, host: trunk-nightly-4lbr2-4263640518, networkLocation: /default-rack, certSerialId: null}} | ret=SUCCESS |  
2019-08-16 05:31:34,556 [grpc-default-executor-8] INFO  impl.RaftServerProxy (RaftServerProxy.java:addNew(89)) - d5c3898c-9450-49fc-8e0a-029bdffc6f28: addNew group-8835A6FCD60B:[d5c3898c-9450-49fc-8e0a-029bdffc6f28:192.168.69.65:35090] returns group-8835A6FCD60B:java.util.concurrent.CompletableFuture@cdab926[Not completed]
2019-08-16 05:31:34,557 [pool-558-thread-1] INFO  impl.RaftServerImpl (RaftServerImpl.java:<init>(93)) - d5c3898c-9450-49fc-8e0a-029bdffc6f28: new RaftServerImpl for group-8835A6FCD60B:[d5c3898c-9450-49fc-8e0a-029bdffc6f28:192.168.69.65:35090] with ContainerStateMachine:uninitialized
2019-08-16 05:31:34,557 [pool-558-thread-1] INFO  server.RaftServerConfigKeys (ConfUtils.java:logGet(43)) - raft.server.rpc.timeout.min = 5s (custom)
2019-08-16 05:31:34,557 [pool-558-thread-1] INFO  server.RaftServerConfigKeys (ConfUtils.java:logGet(43)) - raft.server.rpc.timeout.max = 5200ms (custom)
2019-08-16 05:31:34,558 [pool-558-thread-1] INFO  server.RaftServerConfigKeys (ConfUtils.java:logGet(43)) - raft.server.rpcslowness.timeout = 120s (custom)
2019-08-16 05:31:34,558 [pool-558-thread-1] INFO  server.RaftServerConfigKeys (ConfUtils.java:logGet(43)) - raft.server.sleep.deviation.threshold = 300 (default)
2019-08-16 05:31:34,558 [pool-558-thread-1] INFO  server.RaftServerConfigKeys (ConfUtils.java:logGet(43)) - raft.server.log.appender.install.snapshot.enabled = false (custom)
2019-08-16 05:31:34,558 [pool-558-thread-1] INFO  impl.RaftServerImpl (ServerState.java:<init>(105)) - d5c3898c-9450-49fc-8e0a-029bdffc6f28:group-8835A6FCD60B ConfigurationManager, init=-1: [d5c3898c-9450-49fc-8e0a-029bdffc6f28:192.168.69.65:35090], old=null, confs=<EMPTY_MAP>
2019-08-16 05:31:34,558 [pool-558-thread-1] INFO  server.RaftServerConfigKeys (ConfUtils.java:logGet(43)) - raft.server.storage.dir = [/workdir/hadoop-ozone/integration-test/target/test-dir/MiniOzoneClusterImpl-eb2bda36-fe71-46ed-bbf9-7d62ad1f7211/datanode-2/data/ratis] (custom)
2019-08-16 05:31:34,559 [pool-558-thread-1] INFO  storage.RaftStorageDirectory (RaftStorageDirectory.java:analyzeStorage(246)) - The storage directory /workdir/hadoop-ozone/integration-test/target/test-dir/MiniOzoneClusterImpl-eb2bda36-fe71-46ed-bbf9-7d62ad1f7211/datanode-2/data/ratis/7ef2f8f6-6bec-489a-8c7c-8835a6fcd60b does not exist. Creating ...
2019-08-16 05:31:34,579 [pool-558-thread-1] INFO  storage.RaftStorageDirectory (RaftStorageDirectory.java:tryLock(328)) - Lock on /workdir/hadoop-ozone/integration-test/target/test-dir/MiniOzoneClusterImpl-eb2bda36-fe71-46ed-bbf9-7d62ad1f7211/datanode-2/data/ratis/7ef2f8f6-6bec-489a-8c7c-8835a6fcd60b/in_use.lock acquired by nodename 17142@trunk-nightly-4lbr2-4263640518
2019-08-16 05:31:34,604 [pool-558-thread-1] INFO  storage.RaftStorage (RaftStorage.java:format(72)) - Storage directory /workdir/hadoop-ozone/integration-test/target/test-dir/MiniOzoneClusterImpl-eb2bda36-fe71-46ed-bbf9-7d62ad1f7211/datanode-2/data/ratis/7ef2f8f6-6bec-489a-8c7c-8835a6fcd60b has been successfully formatted.
2019-08-16 05:31:34,605 [pool-558-thread-1] INFO  ratis.ContainerStateMachine (ContainerStateMachine.java:loadSnapshot(222)) - group-8835A6FCD60B: The snapshot info is null. Setting the last applied indexto:(t:0, i:~)
2019-08-16 05:31:34,605 [pool-558-thread-1] INFO  server.RaftServerConfigKeys (ConfUtils.java:logGet(43)) - raft.server.leader.election.timeout = 120s (custom)
2019-08-16 05:31:34,605 [pool-558-thread-1] INFO  server.RaftServerConfigKeys (ConfUtils.java:logGet(43)) - raft.server.log.use.memory = false (default)
2019-08-16 05:31:34,605 [pool-558-thread-1] INFO  server.RaftServerConfigKeys (ConfUtils.java:logGet(43)) - raft.server.log.purge.gap = 1000000000 (custom)
2019-08-16 05:31:34,605 [pool-558-thread-1] INFO  server.RaftServerConfigKeys (ConfUtils.java:logGet(43)) - raft.server.log.appender.buffer.byte-limit = 33554432 (custom)
2019-08-16 05:31:34,605 [pool-558-thread-1] INFO  server.RaftServerConfigKeys (ConfUtils.java:logGet(43)) - raft.server.log.segment.size.max = 1048576 (custom)
2019-08-16 05:31:34,606 [pool-558-thread-1] INFO  server.RaftServerConfigKeys (ConfUtils.java:logGet(43)) - raft.server.log.segment.cache.num.max = 2 (custom)
2019-08-16 05:31:34,606 [pool-558-thread-1] INFO  segmented.SegmentedRaftLogWorker (SegmentedRaftLogWorker.java:<init>(172)) - new d5c3898c-9450-49fc-8e0a-029bdffc6f28-SegmentedRaftLogWorker:Storage Directory /workdir/hadoop-ozone/integration-test/target/test-dir/MiniOzoneClusterImpl-eb2bda36-fe71-46ed-bbf9-7d62ad1f7211/datanode-2/data/ratis/7ef2f8f6-6bec-489a-8c7c-8835a6fcd60b for RaftStorage:Storage Directory /workdir/hadoop-ozone/integration-test/target/test-dir/MiniOzoneClusterImpl-eb2bda36-fe71-46ed-bbf9-7d62ad1f7211/datanode-2/data/ratis/7ef2f8f6-6bec-489a-8c7c-8835a6fcd60b
2019-08-16 05:31:34,606 [pool-558-thread-1] INFO  server.RaftServerConfigKeys (ConfUtils.java:logGet(43)) - raft.server.log.queue.byte-limit = 2147483647 (custom)
2019-08-16 05:31:34,606 [pool-558-thread-1] INFO  server.RaftServerConfigKeys (ConfUtils.java:logGet(43)) - raft.server.log.queue.element-limit = 1024 (custom)
2019-08-16 05:31:34,606 [pool-558-thread-1] INFO  server.RaftServerConfigKeys (ConfUtils.java:logGet(43)) - raft.server.log.segment.size.max = 1048576 (custom)
2019-08-16 05:31:34,606 [pool-558-thread-1] INFO  server.RaftServerConfigKeys (ConfUtils.java:logGet(43)) - raft.server.log.preallocated.size = 16384 (custom)
2019-08-16 05:31:34,607 [pool-558-thread-1] INFO  server.RaftServerConfigKeys (ConfUtils.java:logGet(43)) - raft.server.log.write.buffer.size = 33554432 (custom)
2019-08-16 05:31:34,607 [pool-558-thread-1] INFO  server.RaftServerConfigKeys (ConfUtils.java:logGet(43)) - raft.server.log.force.sync.num = 128 (default)
2019-08-16 05:31:34,607 [pool-558-thread-1] INFO  server.RaftServerConfigKeys (ConfUtils.java:logGet(43)) - raft.server.log.statemachine.data.sync = true (default)
2019-08-16 05:31:34,607 [pool-558-thread-1] INFO  server.RaftServerConfigKeys (ConfUtils.java:logGet(43)) - raft.server.log.statemachine.data.sync.timeout = 10s (default)
2019-08-16 05:31:34,607 [pool-558-thread-1] INFO  server.RaftServerConfigKeys (ConfUtils.java:logGet(43)) - raft.server.log.statemachine.data.sync.timeout.retry = -1 (default)
2019-08-16 05:31:34,607 [pool-558-thread-1] INFO  server.RaftServerConfigKeys (ConfUtils.java:logGet(43)) - raft.server.log.statemachine.data.caching.enabled = true (custom)
2019-08-16 05:31:34,608 [pool-558-thread-1] INFO  segmented.SegmentedRaftLogWorker (SegmentedRaftLogWorker.java:lambda$new$0(132)) - d5c3898c-9450-49fc-8e0a-029bdffc6f28-SegmentedRaftLogWorker:Storage Directory /workdir/hadoop-ozone/integration-test/target/test-dir/MiniOzoneClusterImpl-eb2bda36-fe71-46ed-bbf9-7d62ad1f7211/datanode-2/data/ratis/7ef2f8f6-6bec-489a-8c7c-8835a6fcd60b: flushIndex: setUnconditionally 0 -> -1
2019-08-16 05:31:34,608 [pool-558-thread-1] INFO  server.RaftServerConfigKeys (ConfUtils.java:logGet(43)) - raft.server.snapshot.auto.trigger.enabled = true (custom)
2019-08-16 05:31:34,608 [pool-558-thread-1] INFO  server.RaftServerConfigKeys (ConfUtils.java:logGet(43)) - raft.server.snapshot.auto.trigger.threshold = 10000 (custom)
2019-08-16 05:31:34,608 [pool-558-thread-1] INFO  server.RaftServerConfigKeys (ConfUtils.java:logGet(43)) - raft.server.retrycache.expirytime = 600000ms (custom)
2019-08-16 05:31:34,609 [pool-558-thread-1] INFO  impl.RaftServerImpl (RaftServerImpl.java:start(180)) - d5c3898c-9450-49fc-8e0a-029bdffc6f28: start group-8835A6FCD60B
2019-08-16 05:31:34,609 [pool-558-thread-1] INFO  impl.RaftServerImpl (RaftServerImpl.java:setRole(171)) - d5c3898c-9450-49fc-8e0a-029bdffc6f28:group-8835A6FCD60B changes role from null to FOLLOWER at term 0 for startAsFollower
2019-08-16 05:31:34,609 [pool-558-thread-1] INFO  impl.RoleInfo (RoleInfo.java:updateAndGet(143)) - d5c3898c-9450-49fc-8e0a-029bdffc6f28: start FollowerState
2019-08-16 05:31:34,609 [pool-558-thread-1] INFO  util.JmxRegister (JmxRegister.java:tryRegister(44)) - Successfully registered JMX Bean with object name Ratis:service=RaftServer,group=group-8835A6FCD60B,id=d5c3898c-9450-49fc-8e0a-029bdffc6f28
2019-08-16 05:31:34,614 [RatisPipelineUtilsThread] INFO  pipeline.PipelineStateManager (PipelineStateManager.java:addPipeline(56)) - Created pipeline Pipeline[ Id: 7ef2f8f6-6bec-489a-8c7c-8835a6fcd60b, Nodes: d5c3898c-9450-49fc-8e0a-029bdffc6f28{ip: 192.168.69.65, host: trunk-nightly-4lbr2-4263640518, networkLocation: /default-rack, certSerialId: null}, Type:RATIS, Factor:ONE, State:OPEN]
2019-08-16 05:31:34,633 [grpc-default-executor-2] INFO  impl.RaftServerProxy (RaftServerProxy.java:addNew(89)) - e53a8343-b752-45e5-a470-b8d6a4558a93: addNew group-CE12A017E2D5:[e53a8343-b752-45e5-a470-b8d6a4558a93:192.168.69.65:40326, d5c3898c-9450-49fc-8e0a-029bdffc6f28:192.168.69.65:35090, 3149bb86-d3f1-4715-b40f-8f93528c26f6:192.168.69.65:40261] returns group-CE12A017E2D5:java.util.concurrent.CompletableFuture@aedec6e[Not completed]
2019-08-16 05:31:34,633 [grpc-default-executor-8] INFO  impl.RaftServerProxy (RaftServerProxy.java:addNew(89)) - 3149bb86-d3f1-4715-b40f-8f93528c26f6: addNew group-CE12A017E2D5:[e53a8343-b752-45e5-a470-b8d6a4558a93:192.168.69.65:40326, d5c3898c-9450-49fc-8e0a-029bdffc6f28:192.168.69.65:35090, 3149bb86-d3f1-4715-b40f-8f93528c26f6:192.168.69.65:40261] returns group-CE12A017E2D5:java.util.concurrent.CompletableFuture@26424d11[Not completed]
2019-08-16 05:31:34,633 [grpc-default-executor-9] INFO  impl.RaftServerProxy (RaftServerProxy.java:addNew(89)) - d5c3898c-9450-49fc-8e0a-029bdffc6f28: addNew group-CE12A017E2D5:[e53a8343-b752-45e5-a470-b8d6a4558a93:192.168.69.65:40326, d5c3898c-9450-49fc-8e0a-029bdffc6f28:192.168.69.65:35090, 3149bb86-d3f1-4715-b40f-8f93528c26f6:192.168.69.65:40261] returns group-CE12A017E2D5:java.util.concurrent.CompletableFuture@4014c8da[Not completed]
2019-08-16 05:31:34,634 [pool-536-thread-1] INFO  impl.RaftServerImpl (RaftServerImpl.java:<init>(93)) - e53a8343-b752-45e5-a470-b8d6a4558a93: new RaftServerImpl for group-CE12A017E2D5:[e53a8343-b752-45e5-a470-b8d6a4558a93:192.168.69.65:40326, d5c3898c-9450-49fc-8e0a-029bdffc6f28:192.168.69.65:35090, 3149bb86-d3f1-4715-b40f-8f93528c26f6:192.168.69.65:40261] with ContainerStateMachine:uninitialized
2019-08-16 05:31:34,634 [pool-536-thread-1] INFO  server.RaftServerConfigKeys (ConfUtils.java:logGet(43)) - raft.server.rpc.timeout.min = 5s (custom)
2019-08-16 05:31:34,634 [pool-536-thread-1] INFO  server.RaftServerConfigKeys (ConfUtils.java:logGet(43)) - raft.server.rpc.timeout.max = 5200ms (custom)
2019-08-16 05:31:34,634 [pool-536-thread-1] INFO  server.RaftServerConfigKeys (ConfUtils.java:logGet(43)) - raft.server.rpcslowness.timeout = 120s (custom)
2019-08-16 05:31:34,634 [pool-558-thread-1] INFO  impl.RaftServerImpl (RaftServerImpl.java:<init>(93)) - d5c3898c-9450-49fc-8e0a-029bdffc6f28: new RaftServerImpl for group-CE12A017E2D5:[e53a8343-b752-45e5-a470-b8d6a4558a93:192.168.69.65:40326, d5c3898c-9450-49fc-8e0a-029bdffc6f28:192.168.69.65:35090, 3149bb86-d3f1-4715-b40f-8f93528c26f6:192.168.69.65:40261] with ContainerStateMachine:uninitialized
2019-08-16 05:31:34,634 [pool-536-thread-1] INFO  server.RaftServerConfigKeys (ConfUtils.java:logGet(43)) - raft.server.sleep.deviation.threshold = 300 (default)
2019-08-16 05:31:34,635 [pool-558-thread-1] INFO  server.RaftServerConfigKeys (ConfUtils.java:logGet(43)) - raft.server.rpc.timeout.min = 5s (custom)
2019-08-16 05:31:34,635 [pool-547-thread-1] INFO  impl.RaftServerImpl (RaftServerImpl.java:<init>(93)) - 3149bb86-d3f1-4715-b40f-8f93528c26f6: new RaftServerImpl for group-CE12A017E2D5:[e53a8343-b752-45e5-a470-b8d6a4558a93:192.168.69.65:40326, d5c3898c-9450-49fc-8e0a-029bdffc6f28:192.168.69.65:35090, 3149bb86-d3f1-4715-b40f-8f93528c26f6:192.168.69.65:40261] with ContainerStateMachine:uninitialized
2019-08-16 05:31:34,635 [pool-536-thread-1] INFO  server.RaftServerConfigKeys (ConfUtils.java:logGet(43)) - raft.server.log.appender.install.snapshot.enabled = false (custom)
2019-08-16 05:31:34,635 [pool-547-thread-1] INFO  server.RaftServerConfigKeys (ConfUtils.java:logGet(43)) - raft.server.rpc.timeout.min = 5s (custom)
2019-08-16 05:31:34,635 [pool-547-thread-1] INFO  server.RaftServerConfigKeys (ConfUtils.java:logGet(43)) - raft.server.rpc.timeout.max = 5200ms (custom)
2019-08-16 05:31:34,635 [pool-547-thread-1] INFO  server.RaftServerConfigKeys (ConfUtils.java:logGet(43)) - raft.server.rpcslowness.timeout = 120s (custom)
2019-08-16 05:31:34,635 [pool-558-thread-1] INFO  server.RaftServerConfigKeys (ConfUtils.java:logGet(43)) - raft.server.rpc.timeout.max = 5200ms (custom)
2019-08-16 05:31:34,635 [pool-547-thread-1] INFO  server.RaftServerConfigKeys (ConfUtils.java:logGet(43)) - raft.server.sleep.deviation.threshold = 300 (default)
2019-08-16 05:31:34,636 [pool-547-thread-1] INFO  server.RaftServerConfigKeys (ConfUtils.java:logGet(43)) - raft.server.log.appender.install.snapshot.enabled = false (custom)
2019-08-16 05:31:34,635 [pool-536-thread-1] INFO  impl.RaftServerImpl (ServerState.java:<init>(105)) - e53a8343-b752-45e5-a470-b8d6a4558a93:group-CE12A017E2D5 ConfigurationManager, init=-1: [e53a8343-b752-45e5-a470-b8d6a4558a93:192.168.69.65:40326, d5c3898c-9450-49fc-8e0a-029bdffc6f28:192.168.69.65:35090, 3149bb86-d3f1-4715-b40f-8f93528c26f6:192.168.69.65:40261], old=null, confs=<EMPTY_MAP>
2019-08-16 05:31:34,636 [pool-547-thread-1] INFO  impl.RaftServerImpl (ServerState.java:<init>(105)) - 3149bb86-d3f1-4715-b40f-8f93528c26f6:group-CE12A017E2D5 ConfigurationManager, init=-1: [e53a8343-b752-45e5-a470-b8d6a4558a93:192.168.69.65:40326, d5c3898c-9450-49fc-8e0a-029bdffc6f28:192.168.69.65:35090, 3149bb86-d3f1-4715-b40f-8f93528c26f6:192.168.69.65:40261], old=null, confs=<EMPTY_MAP>
2019-08-16 05:31:34,636 [pool-558-thread-1] INFO  server.RaftServerConfigKeys (ConfUtils.java:logGet(43)) - raft.server.rpcslowness.timeout = 120s (custom)
2019-08-16 05:31:34,636 [pool-547-thread-1] INFO  server.RaftServerConfigKeys (ConfUtils.java:logGet(43)) - raft.server.storage.dir = [/workdir/hadoop-ozone/integration-test/target/test-dir/MiniOzoneClusterImpl-eb2bda36-fe71-46ed-bbf9-7d62ad1f7211/datanode-1/data/ratis] (custom)
2019-08-16 05:31:34,636 [pool-536-thread-1] INFO  server.RaftServerConfigKeys (ConfUtils.java:logGet(43)) - raft.server.storage.dir = [/workdir/hadoop-ozone/integration-test/target/test-dir/MiniOzoneClusterImpl-eb2bda36-fe71-46ed-bbf9-7d62ad1f7211/datanode-0/data/ratis] (custom)
2019-08-16 05:31:34,636 [pool-558-thread-1] INFO  server.RaftServerConfigKeys (ConfUtils.java:logGet(43)) - raft.server.sleep.deviation.threshold = 300 (default)
2019-08-16 05:31:34,637 [pool-547-thread-1] INFO  storage.RaftStorageDirectory (RaftStorageDirectory.java:analyzeStorage(246)) - The storage directory /workdir/hadoop-ozone/integration-test/target/test-dir/MiniOzoneClusterImpl-eb2bda36-fe71-46ed-bbf9-7d62ad1f7211/datanode-1/data/ratis/3a32564a-ab9f-478b-8848-ce12a017e2d5 does not exist. Creating ...
2019-08-16 05:31:34,637 [pool-536-thread-1] INFO  storage.RaftStorageDirectory (RaftStorageDirectory.java:analyzeStorage(246)) - The storage directory /workdir/hadoop-ozone/integration-test/target/test-dir/MiniOzoneClusterImpl-eb2bda36-fe71-46ed-bbf9-7d62ad1f7211/datanode-0/data/ratis/3a32564a-ab9f-478b-8848-ce12a017e2d5 does not exist. Creating ...
2019-08-16 05:31:34,637 [pool-558-thread-1] INFO  server.RaftServerConfigKeys (ConfUtils.java:logGet(43)) - raft.server.log.appender.install.snapshot.enabled = false (custom)
2019-08-16 05:31:34,637 [pool-558-thread-1] INFO  impl.RaftServerImpl (ServerState.java:<init>(105)) - d5c3898c-9450-49fc-8e0a-029bdffc6f28:group-CE12A017E2D5 ConfigurationManager, init=-1: [e53a8343-b752-45e5-a470-b8d6a4558a93:192.168.69.65:40326, d5c3898c-9450-49fc-8e0a-029bdffc6f28:192.168.69.65:35090, 3149bb86-d3f1-4715-b40f-8f93528c26f6:192.168.69.65:40261], old=null, confs=<EMPTY_MAP>
2019-08-16 05:31:34,637 [pool-558-thread-1] INFO  server.RaftServerConfigKeys (ConfUtils.java:logGet(43)) - raft.server.storage.dir = [/workdir/hadoop-ozone/integration-test/target/test-dir/MiniOzoneClusterImpl-eb2bda36-fe71-46ed-bbf9-7d62ad1f7211/datanode-2/data/ratis] (custom)
2019-08-16 05:31:34,638 [pool-558-thread-1] INFO  storage.RaftStorageDirectory (RaftStorageDirectory.java:analyzeStorage(246)) - The storage directory /workdir/hadoop-ozone/integration-test/target/test-dir/MiniOzoneClusterImpl-eb2bda36-fe71-46ed-bbf9-7d62ad1f7211/datanode-2/data/ratis/3a32564a-ab9f-478b-8848-ce12a017e2d5 does not exist. Creating ...
2019-08-16 05:31:34,652 [pool-558-thread-1] INFO  storage.RaftStorageDirectory (RaftStorageDirectory.java:tryLock(328)) - Lock on /workdir/hadoop-ozone/integration-test/target/test-dir/MiniOzoneClusterImpl-eb2bda36-fe71-46ed-bbf9-7d62ad1f7211/datanode-2/data/ratis/3a32564a-ab9f-478b-8848-ce12a017e2d5/in_use.lock acquired by nodename 17142@trunk-nightly-4lbr2-4263640518
2019-08-16 05:31:34,652 [pool-536-thread-1] INFO  storage.RaftStorageDirectory (RaftStorageDirectory.java:tryLock(328)) - Lock on /workdir/hadoop-ozone/integration-test/target/test-dir/MiniOzoneClusterImpl-eb2bda36-fe71-46ed-bbf9-7d62ad1f7211/datanode-0/data/ratis/3a32564a-ab9f-478b-8848-ce12a017e2d5/in_use.lock acquired by nodename 17142@trunk-nightly-4lbr2-4263640518
2019-08-16 05:31:34,652 [pool-547-thread-1] INFO  storage.RaftStorageDirectory (RaftStorageDirectory.java:tryLock(328)) - Lock on /workdir/hadoop-ozone/integration-test/target/test-dir/MiniOzoneClusterImpl-eb2bda36-fe71-46ed-bbf9-7d62ad1f7211/datanode-1/data/ratis/3a32564a-ab9f-478b-8848-ce12a017e2d5/in_use.lock acquired by nodename 17142@trunk-nightly-4lbr2-4263640518
2019-08-16 05:31:34,678 [pool-536-thread-1] INFO  storage.RaftStorage (RaftStorage.java:format(72)) - Storage directory /workdir/hadoop-ozone/integration-test/target/test-dir/MiniOzoneClusterImpl-eb2bda36-fe71-46ed-bbf9-7d62ad1f7211/datanode-0/data/ratis/3a32564a-ab9f-478b-8848-ce12a017e2d5 has been successfully formatted.
2019-08-16 05:31:34,678 [pool-547-thread-1] INFO  storage.RaftStorage (RaftStorage.java:format(72)) - Storage directory /workdir/hadoop-ozone/integration-test/target/test-dir/MiniOzoneClusterImpl-eb2bda36-fe71-46ed-bbf9-7d62ad1f7211/datanode-1/data/ratis/3a32564a-ab9f-478b-8848-ce12a017e2d5 has been successfully formatted.
2019-08-16 05:31:34,678 [pool-558-thread-1] INFO  storage.RaftStorage (RaftStorage.java:format(72)) - Storage directory /workdir/hadoop-ozone/integration-test/target/test-dir/MiniOzoneClusterImpl-eb2bda36-fe71-46ed-bbf9-7d62ad1f7211/datanode-2/data/ratis/3a32564a-ab9f-478b-8848-ce12a017e2d5 has been successfully formatted.
2019-08-16 05:31:34,679 [pool-547-thread-1] INFO  ratis.ContainerStateMachine (ContainerStateMachine.java:loadSnapshot(222)) - group-CE12A017E2D5: The snapshot info is null. Setting the last applied indexto:(t:0, i:~)
2019-08-16 05:31:34,679 [pool-558-thread-1] INFO  ratis.ContainerStateMachine (ContainerStateMachine.java:loadSnapshot(222)) - group-CE12A017E2D5: The snapshot info is null. Setting the last applied indexto:(t:0, i:~)
2019-08-16 05:31:34,679 [pool-536-thread-1] INFO  ratis.ContainerStateMachine (ContainerStateMachine.java:loadSnapshot(222)) - group-CE12A017E2D5: The snapshot info is null. Setting the last applied indexto:(t:0, i:~)
2019-08-16 05:31:34,679 [pool-558-thread-1] INFO  server.RaftServerConfigKeys (ConfUtils.java:logGet(43)) - raft.server.leader.election.timeout = 120s (custom)
2019-08-16 05:31:34,679 [pool-547-thread-1] INFO  server.RaftServerConfigKeys (ConfUtils.java:logGet(43)) - raft.server.leader.election.timeout = 120s (custom)
2019-08-16 05:31:34,680 [pool-558-thread-1] INFO  server.RaftServerConfigKeys (ConfUtils.java:logGet(43)) - raft.server.log.use.memory = false (default)
2019-08-16 05:31:34,680 [pool-536-thread-1] INFO  server.RaftServerConfigKeys (ConfUtils.java:logGet(43)) - raft.server.leader.election.timeout = 120s (custom)
2019-08-16 05:31:34,680 [pool-558-thread-1] INFO  server.RaftServerConfigKeys (ConfUtils.java:logGet(43)) - raft.server.log.purge.gap = 1000000000 (custom)
2019-08-16 05:31:34,680 [pool-547-thread-1] INFO  server.RaftServerConfigKeys (ConfUtils.java:logGet(43)) - raft.server.log.use.memory = false (default)
2019-08-16 05:31:34,680 [pool-558-thread-1] INFO  server.RaftServerConfigKeys (ConfUtils.java:logGet(43)) - raft.server.log.appender.buffer.byte-limit = 33554432 (custom)
2019-08-16 05:31:34,680 [pool-536-thread-1] INFO  server.RaftServerConfigKeys (ConfUtils.java:logGet(43)) - raft.server.log.use.memory = false (default)
2019-08-16 05:31:34,681 [pool-558-thread-1] INFO  server.RaftServerConfigKeys (ConfUtils.java:logGet(43)) - raft.server.log.segment.size.max = 1048576 (custom)
2019-08-16 05:31:34,681 [pool-547-thread-1] INFO  server.RaftServerConfigKeys (ConfUtils.java:logGet(43)) - raft.server.log.purge.gap = 1000000000 (custom)
2019-08-16 05:31:34,681 [pool-558-thread-1] INFO  server.RaftServerConfigKeys (ConfUtils.java:logGet(43)) - raft.server.log.segment.cache.num.max = 2 (custom)
2019-08-16 05:31:34,681 [pool-536-thread-1] INFO  server.RaftServerConfigKeys (ConfUtils.java:logGet(43)) - raft.server.log.purge.gap = 1000000000 (custom)
2019-08-16 05:31:34,681 [pool-558-thread-1] INFO  segmented.SegmentedRaftLogWorker (SegmentedRaftLogWorker.java:<init>(172)) - new d5c3898c-9450-49fc-8e0a-029bdffc6f28-SegmentedRaftLogWorker:Storage Directory /workdir/hadoop-ozone/integration-test/target/test-dir/MiniOzoneClusterImpl-eb2bda36-fe71-46ed-bbf9-7d62ad1f7211/datanode-2/data/ratis/3a32564a-ab9f-478b-8848-ce12a017e2d5 for RaftStorage:Storage Directory /workdir/hadoop-ozone/integration-test/target/test-dir/MiniOzoneClusterImpl-eb2bda36-fe71-46ed-bbf9-7d62ad1f7211/datanode-2/data/ratis/3a32564a-ab9f-478b-8848-ce12a017e2d5
2019-08-16 05:31:34,681 [pool-547-thread-1] INFO  server.RaftServerConfigKeys (ConfUtils.java:logGet(43)) - raft.server.log.appender.buffer.byte-limit = 33554432 (custom)
2019-08-16 05:31:34,682 [pool-558-thread-1] INFO  server.RaftServerConfigKeys (ConfUtils.java:logGet(43)) - raft.server.log.queue.byte-limit = 2147483647 (custom)
2019-08-16 05:31:34,682 [pool-536-thread-1] INFO  server.RaftServerConfigKeys (ConfUtils.java:logGet(43)) - raft.server.log.appender.buffer.byte-limit = 33554432 (custom)
2019-08-16 05:31:34,682 [pool-558-thread-1] INFO  server.RaftServerConfigKeys (ConfUtils.java:logGet(43)) - raft.server.log.queue.element-limit = 1024 (custom)
2019-08-16 05:31:34,682 [pool-547-thread-1] INFO  server.RaftServerConfigKeys (ConfUtils.java:logGet(43)) - raft.server.log.segment.size.max = 1048576 (custom)
2019-08-16 05:31:34,682 [pool-558-thread-1] INFO  server.RaftServerConfigKeys (ConfUtils.java:logGet(43)) - raft.server.log.segment.size.max = 1048576 (custom)
2019-08-16 05:31:34,682 [pool-536-thread-1] INFO  server.RaftServerConfigKeys (ConfUtils.java:logGet(43)) - raft.server.log.segment.size.max = 1048576 (custom)
2019-08-16 05:31:34,683 [pool-558-thread-1] INFO  server.RaftServerConfigKeys (ConfUtils.java:logGet(43)) - raft.server.log.preallocated.size = 16384 (custom)
2019-08-16 05:31:34,683 [pool-547-thread-1] INFO  server.RaftServerConfigKeys (ConfUtils.java:logGet(43)) - raft.server.log.segment.cache.num.max = 2 (custom)
2019-08-16 05:31:34,683 [pool-558-thread-1] INFO  server.RaftServerConfigKeys (ConfUtils.java:logGet(43)) - raft.server.log.write.buffer.size = 33554432 (custom)
2019-08-16 05:31:34,683 [pool-536-thread-1] INFO  server.RaftServerConfigKeys (ConfUtils.java:logGet(43)) - raft.server.log.segment.cache.num.max = 2 (custom)
2019-08-16 05:31:34,683 [pool-558-thread-1] INFO  server.RaftServerConfigKeys (ConfUtils.java:logGet(43)) - raft.server.log.force.sync.num = 128 (default)
2019-08-16 05:31:34,684 [pool-558-thread-1] INFO  server.RaftServerConfigKeys (ConfUtils.java:logGet(43)) - raft.server.log.statemachine.data.sync = true (default)
2019-08-16 05:31:34,683 [pool-547-thread-1] INFO  segmented.SegmentedRaftLogWorker (SegmentedRaftLogWorker.java:<init>(172)) - new 3149bb86-d3f1-4715-b40f-8f93528c26f6-SegmentedRaftLogWorker:Storage Directory /workdir/hadoop-ozone/integration-test/target/test-dir/MiniOzoneClusterImpl-eb2bda36-fe71-46ed-bbf9-7d62ad1f7211/datanode-1/data/ratis/3a32564a-ab9f-478b-8848-ce12a017e2d5 for RaftStorage:Storage Directory /workdir/hadoop-ozone/integration-test/target/test-dir/MiniOzoneClusterImpl-eb2bda36-fe71-46ed-bbf9-7d62ad1f7211/datanode-1/data/ratis/3a32564a-ab9f-478b-8848-ce12a017e2d5
2019-08-16 05:31:34,684 [pool-558-thread-1] INFO  server.RaftServerConfigKeys (ConfUtils.java:logGet(43)) - raft.server.log.statemachine.data.sync.timeout = 10s (default)
2019-08-16 05:31:34,684 [pool-558-thread-1] INFO  server.RaftServerConfigKeys (ConfUtils.java:logGet(43)) - raft.server.log.statemachine.data.sync.timeout.retry = -1 (default)
2019-08-16 05:31:34,684 [pool-536-thread-1] INFO  segmented.SegmentedRaftLogWorker (SegmentedRaftLogWorker.java:<init>(172)) - new e53a8343-b752-45e5-a470-b8d6a4558a93-SegmentedRaftLogWorker:Storage Directory /workdir/hadoop-ozone/integration-test/target/test-dir/MiniOzoneClusterImpl-eb2bda36-fe71-46ed-bbf9-7d62ad1f7211/datanode-0/data/ratis/3a32564a-ab9f-478b-8848-ce12a017e2d5 for RaftStorage:Storage Directory /workdir/hadoop-ozone/integration-test/target/test-dir/MiniOzoneClusterImpl-eb2bda36-fe71-46ed-bbf9-7d62ad1f7211/datanode-0/data/ratis/3a32564a-ab9f-478b-8848-ce12a017e2d5
2019-08-16 05:31:34,684 [pool-558-thread-1] INFO  server.RaftServerConfigKeys (ConfUtils.java:logGet(43)) - raft.server.log.statemachine.data.caching.enabled = true (custom)
2019-08-16 05:31:34,684 [pool-547-thread-1] INFO  server.RaftServerConfigKeys (ConfUtils.java:logGet(43)) - raft.server.log.queue.byte-limit = 2147483647 (custom)
2019-08-16 05:31:34,685 [pool-536-thread-1] INFO  server.RaftServerConfigKeys (ConfUtils.java:logGet(43)) - raft.server.log.queue.byte-limit = 2147483647 (custom)
2019-08-16 05:31:34,685 [pool-558-thread-1] INFO  segmented.SegmentedRaftLogWorker (SegmentedRaftLogWorker.java:lambda$new$0(132)) - d5c3898c-9450-49fc-8e0a-029bdffc6f28-SegmentedRaftLogWorker:Storage Directory /workdir/hadoop-ozone/integration-test/target/test-dir/MiniOzoneClusterImpl-eb2bda36-fe71-46ed-bbf9-7d62ad1f7211/datanode-2/data/ratis/3a32564a-ab9f-478b-8848-ce12a017e2d5: flushIndex: setUnconditionally 0 -> -1
2019-08-16 05:31:34,685 [pool-547-thread-1] INFO  server.RaftServerConfigKeys (ConfUtils.java:logGet(43)) - raft.server.log.queue.element-limit = 1024 (custom)
2019-08-16 05:31:34,685 [pool-536-thread-1] INFO  server.RaftServerConfigKeys (ConfUtils.java:logGet(43)) - raft.server.log.queue.element-limit = 1024 (custom)
2019-08-16 05:31:34,686 [pool-558-thread-1] INFO  server.RaftServerConfigKeys (ConfUtils.java:logGet(43)) - raft.server.snapshot.auto.trigger.enabled = true (custom)
2019-08-16 05:31:34,686 [pool-547-thread-1] INFO  server.RaftServerConfigKeys (ConfUtils.java:logGet(43)) - raft.server.log.segment.size.max = 1048576 (custom)
2019-08-16 05:31:34,686 [pool-558-thread-1] INFO  server.RaftServerConfigKeys (ConfUtils.java:logGet(43)) - raft.server.snapshot.auto.trigger.threshold = 10000 (custom)
2019-08-16 05:31:34,686 [pool-536-thread-1] INFO  server.RaftServerConfigKeys (ConfUtils.java:logGet(43)) - raft.server.log.segment.size.max = 1048576 (custom)
2019-08-16 05:31:34,686 [pool-558-thread-1] INFO  server.RaftServerConfigKeys (ConfUtils.java:logGet(43)) - raft.server.retrycache.expirytime = 600000ms (custom)
2019-08-16 05:31:34,686 [pool-547-thread-1] INFO  server.RaftServerConfigKeys (ConfUtils.java:logGet(43)) - raft.server.log.preallocated.size = 16384 (custom)
2019-08-16 05:31:34,687 [pool-558-thread-1] INFO  impl.RaftServerImpl (RaftServerImpl.java:start(180)) - d5c3898c-9450-49fc-8e0a-029bdffc6f28: start group-CE12A017E2D5
2019-08-16 05:31:34,687 [pool-558-thread-1] INFO  impl.RaftServerImpl (RaftServerImpl.java:setRole(171)) - d5c3898c-9450-49fc-8e0a-029bdffc6f28:group-CE12A017E2D5 changes role from null to FOLLOWER at term 0 for startAsFollower
2019-08-16 05:31:34,686 [pool-536-thread-1] INFO  server.RaftServerConfigKeys (ConfUtils.java:logGet(43)) - raft.server.log.preallocated.size = 16384 (custom)
2019-08-16 05:31:34,687 [pool-558-thread-1] INFO  impl.RoleInfo (RoleInfo.java:updateAndGet(143)) - d5c3898c-9450-49fc-8e0a-029bdffc6f28: start FollowerState
2019-08-16 05:31:34,687 [pool-547-thread-1] INFO  server.RaftServerConfigKeys (ConfUtils.java:logGet(43)) - raft.server.log.write.buffer.size = 33554432 (custom)
2019-08-16 05:31:34,687 [pool-536-thread-1] INFO  server.RaftServerConfigKeys (ConfUtils.java:logGet(43)) - raft.server.log.write.buffer.size = 33554432 (custom)
2019-08-16 05:31:34,688 [pool-558-thread-1] INFO  util.JmxRegister (JmxRegister.java:tryRegister(44)) - Successfully registered JMX Bean with object name Ratis:service=RaftServer,group=group-CE12A017E2D5,id=d5c3898c-9450-49fc-8e0a-029bdffc6f28
2019-08-16 05:31:34,688 [pool-547-thread-1] INFO  server.RaftServerConfigKeys (ConfUtils.java:logGet(43)) - raft.server.log.force.sync.num = 128 (default)
2019-08-16 05:31:34,688 [pool-536-thread-1] INFO  server.RaftServerConfigKeys (ConfUtils.java:logGet(43)) - raft.server.log.force.sync.num = 128 (default)
2019-08-16 05:31:34,688 [pool-547-thread-1] INFO  server.RaftServerConfigKeys (ConfUtils.java:logGet(43)) - raft.server.log.statemachine.data.sync = true (default)
2019-08-16 05:31:34,688 [pool-536-thread-1] INFO  server.RaftServerConfigKeys (ConfUtils.java:logGet(43)) - raft.server.log.statemachine.data.sync = true (default)
2019-08-16 05:31:34,688 [pool-547-thread-1] INFO  server.RaftServerConfigKeys (ConfUtils.java:logGet(43)) - raft.server.log.statemachine.data.sync.timeout = 10s (default)
2019-08-16 05:31:34,689 [pool-536-thread-1] INFO  server.RaftServerConfigKeys (ConfUtils.java:logGet(43)) - raft.server.log.statemachine.data.sync.timeout = 10s (default)
2019-08-16 05:31:34,689 [pool-547-thread-1] INFO  server.RaftServerConfigKeys (ConfUtils.java:logGet(43)) - raft.server.log.statemachine.data.sync.timeout.retry = -1 (default)
2019-08-16 05:31:34,689 [pool-536-thread-1] INFO  server.RaftServerConfigKeys (ConfUtils.java:logGet(43)) - raft.server.log.statemachine.data.sync.timeout.retry = -1 (default)
2019-08-16 05:31:34,692 [pool-547-thread-1] INFO  server.RaftServerConfigKeys (ConfUtils.java:logGet(43)) - raft.server.log.statemachine.data.caching.enabled = true (custom)
2019-08-16 05:31:34,692 [pool-536-thread-1] INFO  server.RaftServerConfigKeys (ConfUtils.java:logGet(43)) - raft.server.log.statemachine.data.caching.enabled = true (custom)
2019-08-16 05:31:34,692 [pool-547-thread-1] INFO  segmented.SegmentedRaftLogWorker (SegmentedRaftLogWorker.java:lambda$new$0(132)) - 3149bb86-d3f1-4715-b40f-8f93528c26f6-SegmentedRaftLogWorker:Storage Directory /workdir/hadoop-ozone/integration-test/target/test-dir/MiniOzoneClusterImpl-eb2bda36-fe71-46ed-bbf9-7d62ad1f7211/datanode-1/data/ratis/3a32564a-ab9f-478b-8848-ce12a017e2d5: flushIndex: setUnconditionally 0 -> -1
2019-08-16 05:31:34,693 [pool-536-thread-1] INFO  segmented.SegmentedRaftLogWorker (SegmentedRaftLogWorker.java:lambda$new$0(132)) - e53a8343-b752-45e5-a470-b8d6a4558a93-SegmentedRaftLogWorker:Storage Directory /workdir/hadoop-ozone/integration-test/target/test-dir/MiniOzoneClusterImpl-eb2bda36-fe71-46ed-bbf9-7d62ad1f7211/datanode-0/data/ratis/3a32564a-ab9f-478b-8848-ce12a017e2d5: flushIndex: setUnconditionally 0 -> -1
2019-08-16 05:31:34,693 [pool-547-thread-1] INFO  server.RaftServerConfigKeys (ConfUtils.java:logGet(43)) - raft.server.snapshot.auto.trigger.enabled = true (custom)
2019-08-16 05:31:34,693 [pool-547-thread-1] INFO  server.RaftServerConfigKeys (ConfUtils.java:logGet(43)) - raft.server.snapshot.auto.trigger.threshold = 10000 (custom)
2019-08-16 05:31:34,693 [pool-536-thread-1] INFO  server.RaftServerConfigKeys (ConfUtils.java:logGet(43)) - raft.server.snapshot.auto.trigger.enabled = true (custom)
2019-08-16 05:31:34,693 [pool-547-thread-1] INFO  server.RaftServerConfigKeys (ConfUtils.java:logGet(43)) - raft.server.retrycache.expirytime = 600000ms (custom)
2019-08-16 05:31:34,693 [pool-536-thread-1] INFO  server.RaftServerConfigKeys (ConfUtils.java:logGet(43)) - raft.server.snapshot.auto.trigger.threshold = 10000 (custom)
2019-08-16 05:31:34,693 [pool-547-thread-1] INFO  impl.RaftServerImpl (RaftServerImpl.java:start(180)) - 3149bb86-d3f1-4715-b40f-8f93528c26f6: start group-CE12A017E2D5
2019-08-16 05:31:34,694 [pool-536-thread-1] INFO  server.RaftServerConfigKeys (ConfUtils.java:logGet(43)) - raft.server.retrycache.expirytime = 600000ms (custom)
2019-08-16 05:31:34,694 [pool-547-thread-1] INFO  impl.RaftServerImpl (RaftServerImpl.java:setRole(171)) - 3149bb86-d3f1-4715-b40f-8f93528c26f6:group-CE12A017E2D5 changes role from null to FOLLOWER at term 0 for startAsFollower
2019-08-16 05:31:34,694 [pool-536-thread-1] INFO  impl.RaftServerImpl (RaftServerImpl.java:start(180)) - e53a8343-b752-45e5-a470-b8d6a4558a93: start group-CE12A017E2D5
2019-08-16 05:31:34,694 [pool-547-thread-1] INFO  impl.RoleInfo (RoleInfo.java:updateAndGet(143)) - 3149bb86-d3f1-4715-b40f-8f93528c26f6: start FollowerState
2019-08-16 05:31:34,694 [pool-536-thread-1] INFO  impl.RaftServerImpl (RaftServerImpl.java:setRole(171)) - e53a8343-b752-45e5-a470-b8d6a4558a93:group-CE12A017E2D5 changes role from null to FOLLOWER at term 0 for startAsFollower
2019-08-16 05:31:34,694 [pool-536-thread-1] INFO  impl.RoleInfo (RoleInfo.java:updateAndGet(143)) - e53a8343-b752-45e5-a470-b8d6a4558a93: start FollowerState
2019-08-16 05:31:34,694 [pool-547-thread-1] INFO  util.JmxRegister (JmxRegister.java:tryRegister(44)) - Successfully registered JMX Bean with object name Ratis:service=RaftServer,group=group-CE12A017E2D5,id=3149bb86-d3f1-4715-b40f-8f93528c26f6
2019-08-16 05:31:34,695 [pool-536-thread-1] INFO  util.JmxRegister (JmxRegister.java:tryRegister(44)) - Successfully registered JMX Bean with object name Ratis:service=RaftServer,group=group-CE12A017E2D5,id=e53a8343-b752-45e5-a470-b8d6a4558a93
2019-08-16 05:31:34,702 [RatisPipelineUtilsThread] INFO  pipeline.PipelineStateManager (PipelineStateManager.java:addPipeline(56)) - Created pipeline Pipeline[ Id: 3a32564a-ab9f-478b-8848-ce12a017e2d5, Nodes: d5c3898c-9450-49fc-8e0a-029bdffc6f28{ip: 192.168.69.65, host: trunk-nightly-4lbr2-4263640518, networkLocation: /default-rack, certSerialId: null}3149bb86-d3f1-4715-b40f-8f93528c26f6{ip: 192.168.69.65, host: trunk-nightly-4lbr2-4263640518, networkLocation: /default-rack, certSerialId: null}e53a8343-b752-45e5-a470-b8d6a4558a93{ip: 192.168.69.65, host: trunk-nightly-4lbr2-4263640518, networkLocation: /default-rack, certSerialId: null}, Type:RATIS, Factor:THREE, State:OPEN]
2019-08-16 05:31:34,887 [IPC Server handler 3 on 34802] INFO  net.NetworkTopology (NetworkTopologyImpl.java:add(110)) - Added a new node: /default-rack/0606af15-c5a8-4f2c-b2a4-46c802c45ccf
2019-08-16 05:31:34,888 [IPC Server handler 3 on 34802] INFO  node.SCMNodeManager (SCMNodeManager.java:register(273)) - Registered Data node : 0606af15-c5a8-4f2c-b2a4-46c802c45ccf{ip: 192.168.69.65, host: trunk-nightly-4lbr2-4263640518, networkLocation: /default-rack, certSerialId: null}
2019-08-16 05:31:34,888 | INFO  | SCMAudit | user=jenkins1000 | ip=192.168.69.65 | op=REGISTER {datanodeDetails=0606af15-c5a8-4f2c-b2a4-46c802c45ccf{ip: 192.168.69.65, host: trunk-nightly-4lbr2-4263640518, networkLocation: /default-rack, certSerialId: null}} | ret=SUCCESS |  
2019-08-16 05:31:34,897 [grpc-default-executor-8] INFO  impl.RaftServerProxy (RaftServerProxy.java:addNew(89)) - 0606af15-c5a8-4f2c-b2a4-46c802c45ccf: addNew group-1BA8DF43B915:[0606af15-c5a8-4f2c-b2a4-46c802c45ccf:192.168.69.65:39181] returns group-1BA8DF43B915:java.util.concurrent.CompletableFuture@46e4b7bb[Not completed]
2019-08-16 05:31:34,898 [pool-569-thread-1] INFO  impl.RaftServerImpl (RaftServerImpl.java:<init>(93)) - 0606af15-c5a8-4f2c-b2a4-46c802c45ccf: new RaftServerImpl for group-1BA8DF43B915:[0606af15-c5a8-4f2c-b2a4-46c802c45ccf:192.168.69.65:39181] with ContainerStateMachine:uninitialized
2019-08-16 05:31:34,898 [pool-569-thread-1] INFO  server.RaftServerConfigKeys (ConfUtils.java:logGet(43)) - raft.server.rpc.timeout.min = 5s (custom)
2019-08-16 05:31:34,898 [pool-569-thread-1] INFO  server.RaftServerConfigKeys (ConfUtils.java:logGet(43)) - raft.server.rpc.timeout.max = 5200ms (custom)
2019-08-16 05:31:34,898 [pool-569-thread-1] INFO  server.RaftServerConfigKeys (ConfUtils.java:logGet(43)) - raft.server.rpcslowness.timeout = 120s (custom)
2019-08-16 05:31:34,899 [pool-569-thread-1] INFO  server.RaftServerConfigKeys (ConfUtils.java:logGet(43)) - raft.server.sleep.deviation.threshold = 300 (default)
2019-08-16 05:31:34,899 [pool-569-thread-1] INFO  server.RaftServerConfigKeys (ConfUtils.java:logGet(43)) - raft.server.log.appender.install.snapshot.enabled = false (custom)
2019-08-16 05:31:34,899 [pool-569-thread-1] INFO  impl.RaftServerImpl (ServerState.java:<init>(105)) - 0606af15-c5a8-4f2c-b2a4-46c802c45ccf:group-1BA8DF43B915 ConfigurationManager, init=-1: [0606af15-c5a8-4f2c-b2a4-46c802c45ccf:192.168.69.65:39181], old=null, confs=<EMPTY_MAP>
2019-08-16 05:31:34,899 [pool-569-thread-1] INFO  server.RaftServerConfigKeys (ConfUtils.java:logGet(43)) - raft.server.storage.dir = [/workdir/hadoop-ozone/integration-test/target/test-dir/MiniOzoneClusterImpl-eb2bda36-fe71-46ed-bbf9-7d62ad1f7211/datanode-3/data/ratis] (custom)
2019-08-16 05:31:34,900 [pool-569-thread-1] INFO  storage.RaftStorageDirectory (RaftStorageDirectory.java:analyzeStorage(246)) - The storage directory /workdir/hadoop-ozone/integration-test/target/test-dir/MiniOzoneClusterImpl-eb2bda36-fe71-46ed-bbf9-7d62ad1f7211/datanode-3/data/ratis/7badb860-5058-4408-a6cf-1ba8df43b915 does not exist. Creating ...
2019-08-16 05:31:34,926 [pool-569-thread-1] INFO  storage.RaftStorageDirectory (RaftStorageDirectory.java:tryLock(328)) - Lock on /workdir/hadoop-ozone/integration-test/target/test-dir/MiniOzoneClusterImpl-eb2bda36-fe71-46ed-bbf9-7d62ad1f7211/datanode-3/data/ratis/7badb860-5058-4408-a6cf-1ba8df43b915/in_use.lock acquired by nodename 17142@trunk-nightly-4lbr2-4263640518
2019-08-16 05:31:34,952 [pool-569-thread-1] INFO  storage.RaftStorage (RaftStorage.java:format(72)) - Storage directory /workdir/hadoop-ozone/integration-test/target/test-dir/MiniOzoneClusterImpl-eb2bda36-fe71-46ed-bbf9-7d62ad1f7211/datanode-3/data/ratis/7badb860-5058-4408-a6cf-1ba8df43b915 has been successfully formatted.
2019-08-16 05:31:34,952 [pool-569-thread-1] INFO  ratis.ContainerStateMachine (ContainerStateMachine.java:loadSnapshot(222)) - group-1BA8DF43B915: The snapshot info is null. Setting the last applied indexto:(t:0, i:~)
2019-08-16 05:31:34,952 [pool-569-thread-1] INFO  server.RaftServerConfigKeys (ConfUtils.java:logGet(43)) - raft.server.leader.election.timeout = 120s (custom)
2019-08-16 05:31:34,952 [pool-569-thread-1] INFO  server.RaftServerConfigKeys (ConfUtils.java:logGet(43)) - raft.server.log.use.memory = false (default)
2019-08-16 05:31:34,953 [pool-569-thread-1] INFO  server.RaftServerConfigKeys (ConfUtils.java:logGet(43)) - raft.server.log.purge.gap = 1000000000 (custom)
2019-08-16 05:31:34,953 [pool-569-thread-1] INFO  server.RaftServerConfigKeys (ConfUtils.java:logGet(43)) - raft.server.log.appender.buffer.byte-limit = 33554432 (custom)
2019-08-16 05:31:34,953 [pool-569-thread-1] INFO  server.RaftServerConfigKeys (ConfUtils.java:logGet(43)) - raft.server.log.segment.size.max = 1048576 (custom)
2019-08-16 05:31:34,953 [pool-569-thread-1] INFO  server.RaftServerConfigKeys (ConfUtils.java:logGet(43)) - raft.server.log.segment.cache.num.max = 2 (custom)
2019-08-16 05:31:34,953 [pool-569-thread-1] INFO  segmented.SegmentedRaftLogWorker (SegmentedRaftLogWorker.java:<init>(172)) - new 0606af15-c5a8-4f2c-b2a4-46c802c45ccf-SegmentedRaftLogWorker:Storage Directory /workdir/hadoop-ozone/integration-test/target/test-dir/MiniOzoneClusterImpl-eb2bda36-fe71-46ed-bbf9-7d62ad1f7211/datanode-3/data/ratis/7badb860-5058-4408-a6cf-1ba8df43b915 for RaftStorage:Storage Directory /workdir/hadoop-ozone/integration-test/target/test-dir/MiniOzoneClusterImpl-eb2bda36-fe71-46ed-bbf9-7d62ad1f7211/datanode-3/data/ratis/7badb860-5058-4408-a6cf-1ba8df43b915
2019-08-16 05:31:34,954 [pool-569-thread-1] INFO  server.RaftServerConfigKeys (ConfUtils.java:logGet(43)) - raft.server.log.queue.byte-limit = 2147483647 (custom)
2019-08-16 05:31:34,954 [pool-569-thread-1] INFO  server.RaftServerConfigKeys (ConfUtils.java:logGet(43)) - raft.server.log.queue.element-limit = 1024 (custom)
2019-08-16 05:31:34,954 [pool-569-thread-1] INFO  server.RaftServerConfigKeys (ConfUtils.java:logGet(43)) - raft.server.log.segment.size.max = 1048576 (custom)
2019-08-16 05:31:34,954 [pool-569-thread-1] INFO  server.RaftServerConfigKeys (ConfUtils.java:logGet(43)) - raft.server.log.preallocated.size = 16384 (custom)
2019-08-16 05:31:34,954 [pool-569-thread-1] INFO  server.RaftServerConfigKeys (ConfUtils.java:logGet(43)) - raft.server.log.write.buffer.size = 33554432 (custom)
2019-08-16 05:31:34,955 [pool-569-thread-1] INFO  server.RaftServerConfigKeys (ConfUtils.java:logGet(43)) - raft.server.log.force.sync.num = 128 (default)
2019-08-16 05:31:34,955 [pool-569-thread-1] INFO  server.RaftServerConfigKeys (ConfUtils.java:logGet(43)) - raft.server.log.statemachine.data.sync = true (default)
2019-08-16 05:31:34,955 [pool-569-thread-1] INFO  server.RaftServerConfigKeys (ConfUtils.java:logGet(43)) - raft.server.log.statemachine.data.sync.timeout = 10s (default)
2019-08-16 05:31:34,955 [pool-569-thread-1] INFO  server.RaftServerConfigKeys (ConfUtils.java:logGet(43)) - raft.server.log.statemachine.data.sync.timeout.retry = -1 (default)
2019-08-16 05:31:34,955 [pool-569-thread-1] INFO  server.RaftServerConfigKeys (ConfUtils.java:logGet(43)) - raft.server.log.statemachine.data.caching.enabled = true (custom)
2019-08-16 05:31:34,956 [pool-569-thread-1] INFO  segmented.SegmentedRaftLogWorker (SegmentedRaftLogWorker.java:lambda$new$0(132)) - 0606af15-c5a8-4f2c-b2a4-46c802c45ccf-SegmentedRaftLogWorker:Storage Directory /workdir/hadoop-ozone/integration-test/target/test-dir/MiniOzoneClusterImpl-eb2bda36-fe71-46ed-bbf9-7d62ad1f7211/datanode-3/data/ratis/7badb860-5058-4408-a6cf-1ba8df43b915: flushIndex: setUnconditionally 0 -> -1
2019-08-16 05:31:34,956 [pool-569-thread-1] INFO  server.RaftServerConfigKeys (ConfUtils.java:logGet(43)) - raft.server.snapshot.auto.trigger.enabled = true (custom)
2019-08-16 05:31:34,956 [pool-569-thread-1] INFO  server.RaftServerConfigKeys (ConfUtils.java:logGet(43)) - raft.server.snapshot.auto.trigger.threshold = 10000 (custom)
2019-08-16 05:31:34,956 [pool-569-thread-1] INFO  server.RaftServerConfigKeys (ConfUtils.java:logGet(43)) - raft.server.retrycache.expirytime = 600000ms (custom)
2019-08-16 05:31:34,957 [pool-569-thread-1] INFO  impl.RaftServerImpl (RaftServerImpl.java:start(180)) - 0606af15-c5a8-4f2c-b2a4-46c802c45ccf: start group-1BA8DF43B915
2019-08-16 05:31:34,957 [pool-569-thread-1] INFO  impl.RaftServerImpl (RaftServerImpl.java:setRole(171)) - 0606af15-c5a8-4f2c-b2a4-46c802c45ccf:group-1BA8DF43B915 changes role from null to FOLLOWER at term 0 for startAsFollower
2019-08-16 05:31:34,957 [pool-569-thread-1] INFO  impl.RoleInfo (RoleInfo.java:updateAndGet(143)) - 0606af15-c5a8-4f2c-b2a4-46c802c45ccf: start FollowerState
2019-08-16 05:31:34,958 [pool-569-thread-1] INFO  util.JmxRegister (JmxRegister.java:tryRegister(44)) - Successfully registered JMX Bean with object name Ratis:service=RaftServer,group=group-1BA8DF43B915,id=0606af15-c5a8-4f2c-b2a4-46c802c45ccf
2019-08-16 05:31:34,962 [RatisPipelineUtilsThread] INFO  pipeline.PipelineStateManager (PipelineStateManager.java:addPipeline(56)) - Created pipeline Pipeline[ Id: 7badb860-5058-4408-a6cf-1ba8df43b915, Nodes: 0606af15-c5a8-4f2c-b2a4-46c802c45ccf{ip: 192.168.69.65, host: trunk-nightly-4lbr2-4263640518, networkLocation: /default-rack, certSerialId: null}, Type:RATIS, Factor:ONE, State:OPEN]
2019-08-16 05:31:35,066 [IPC Server handler 5 on 34802] INFO  net.NetworkTopology (NetworkTopologyImpl.java:add(110)) - Added a new node: /default-rack/f3ad038f-da5c-4aab-b955-43805eae4a44
2019-08-16 05:31:35,066 [IPC Server handler 5 on 34802] INFO  node.SCMNodeManager (SCMNodeManager.java:register(273)) - Registered Data node : f3ad038f-da5c-4aab-b955-43805eae4a44{ip: 192.168.69.65, host: trunk-nightly-4lbr2-4263640518, networkLocation: /default-rack, certSerialId: null}
2019-08-16 05:31:35,067 | INFO  | SCMAudit | user=jenkins1000 | ip=192.168.69.65 | op=REGISTER {datanodeDetails=f3ad038f-da5c-4aab-b955-43805eae4a44{ip: 192.168.69.65, host: trunk-nightly-4lbr2-4263640518, networkLocation: /default-rack, certSerialId: null}} | ret=SUCCESS |  
2019-08-16 05:31:35,081 [grpc-default-executor-8] INFO  impl.RaftServerProxy (RaftServerProxy.java:addNew(89)) - f3ad038f-da5c-4aab-b955-43805eae4a44: addNew group-85E2685F099A:[f3ad038f-da5c-4aab-b955-43805eae4a44:192.168.69.65:34563] returns group-85E2685F099A:java.util.concurrent.CompletableFuture@7f674169[Not completed]
2019-08-16 05:31:35,082 [pool-580-thread-1] INFO  impl.RaftServerImpl (RaftServerImpl.java:<init>(93)) - f3ad038f-da5c-4aab-b955-43805eae4a44: new RaftServerImpl for group-85E2685F099A:[f3ad038f-da5c-4aab-b955-43805eae4a44:192.168.69.65:34563] with ContainerStateMachine:uninitialized
2019-08-16 05:31:35,082 [pool-580-thread-1] INFO  server.RaftServerConfigKeys (ConfUtils.java:logGet(43)) - raft.server.rpc.timeout.min = 5s (custom)
2019-08-16 05:31:35,082 [pool-580-thread-1] INFO  server.RaftServerConfigKeys (ConfUtils.java:logGet(43)) - raft.server.rpc.timeout.max = 5200ms (custom)
2019-08-16 05:31:35,083 [pool-580-thread-1] INFO  server.RaftServerConfigKeys (ConfUtils.java:logGet(43)) - raft.server.rpcslowness.timeout = 120s (custom)
2019-08-16 05:31:35,083 [pool-580-thread-1] INFO  server.RaftServerConfigKeys (ConfUtils.java:logGet(43)) - raft.server.sleep.deviation.threshold = 300 (default)
2019-08-16 05:31:35,083 [pool-580-thread-1] INFO  server.RaftServerConfigKeys (ConfUtils.java:logGet(43)) - raft.server.log.appender.install.snapshot.enabled = false (custom)
2019-08-16 05:31:35,083 [pool-580-thread-1] INFO  impl.RaftServerImpl (ServerState.java:<init>(105)) - f3ad038f-da5c-4aab-b955-43805eae4a44:group-85E2685F099A ConfigurationManager, init=-1: [f3ad038f-da5c-4aab-b955-43805eae4a44:192.168.69.65:34563], old=null, confs=<EMPTY_MAP>
2019-08-16 05:31:35,083 [pool-580-thread-1] INFO  server.RaftServerConfigKeys (ConfUtils.java:logGet(43)) - raft.server.storage.dir = [/workdir/hadoop-ozone/integration-test/target/test-dir/MiniOzoneClusterImpl-eb2bda36-fe71-46ed-bbf9-7d62ad1f7211/datanode-4/data/ratis] (custom)
2019-08-16 05:31:35,084 [pool-580-thread-1] INFO  storage.RaftStorageDirectory (RaftStorageDirectory.java:analyzeStorage(246)) - The storage directory /workdir/hadoop-ozone/integration-test/target/test-dir/MiniOzoneClusterImpl-eb2bda36-fe71-46ed-bbf9-7d62ad1f7211/datanode-4/data/ratis/cd75b238-e3f6-4f72-917c-85e2685f099a does not exist. Creating ...
2019-08-16 05:31:35,105 [pool-580-thread-1] INFO  storage.RaftStorageDirectory (RaftStorageDirectory.java:tryLock(328)) - Lock on /workdir/hadoop-ozone/integration-test/target/test-dir/MiniOzoneClusterImpl-eb2bda36-fe71-46ed-bbf9-7d62ad1f7211/datanode-4/data/ratis/cd75b238-e3f6-4f72-917c-85e2685f099a/in_use.lock acquired by nodename 17142@trunk-nightly-4lbr2-4263640518
2019-08-16 05:31:35,135 [pool-580-thread-1] INFO  storage.RaftStorage (RaftStorage.java:format(72)) - Storage directory /workdir/hadoop-ozone/integration-test/target/test-dir/MiniOzoneClusterImpl-eb2bda36-fe71-46ed-bbf9-7d62ad1f7211/datanode-4/data/ratis/cd75b238-e3f6-4f72-917c-85e2685f099a has been successfully formatted.
2019-08-16 05:31:35,135 [pool-580-thread-1] INFO  ratis.ContainerStateMachine (ContainerStateMachine.java:loadSnapshot(222)) - group-85E2685F099A: The snapshot info is null. Setting the last applied indexto:(t:0, i:~)
2019-08-16 05:31:35,136 [pool-580-thread-1] INFO  server.RaftServerConfigKeys (ConfUtils.java:logGet(43)) - raft.server.leader.election.timeout = 120s (custom)
2019-08-16 05:31:35,136 [pool-580-thread-1] INFO  server.RaftServerConfigKeys (ConfUtils.java:logGet(43)) - raft.server.log.use.memory = false (default)
2019-08-16 05:31:35,136 [pool-580-thread-1] INFO  server.RaftServerConfigKeys (ConfUtils.java:logGet(43)) - raft.server.log.purge.gap = 1000000000 (custom)
2019-08-16 05:31:35,136 [pool-580-thread-1] INFO  server.RaftServerConfigKeys (ConfUtils.java:logGet(43)) - raft.server.log.appender.buffer.byte-limit = 33554432 (custom)
2019-08-16 05:31:35,136 [pool-580-thread-1] INFO  server.RaftServerConfigKeys (ConfUtils.java:logGet(43)) - raft.server.log.segment.size.max = 1048576 (custom)
2019-08-16 05:31:35,136 [pool-580-thread-1] INFO  server.RaftServerConfigKeys (ConfUtils.java:logGet(43)) - raft.server.log.segment.cache.num.max = 2 (custom)
2019-08-16 05:31:35,137 [pool-580-thread-1] INFO  segmented.SegmentedRaftLogWorker (SegmentedRaftLogWorker.java:<init>(172)) - new f3ad038f-da5c-4aab-b955-43805eae4a44-SegmentedRaftLogWorker:Storage Directory /workdir/hadoop-ozone/integration-test/target/test-dir/MiniOzoneClusterImpl-eb2bda36-fe71-46ed-bbf9-7d62ad1f7211/datanode-4/data/ratis/cd75b238-e3f6-4f72-917c-85e2685f099a for RaftStorage:Storage Directory /workdir/hadoop-ozone/integration-test/target/test-dir/MiniOzoneClusterImpl-eb2bda36-fe71-46ed-bbf9-7d62ad1f7211/datanode-4/data/ratis/cd75b238-e3f6-4f72-917c-85e2685f099a
2019-08-16 05:31:35,137 [pool-580-thread-1] INFO  server.RaftServerConfigKeys (ConfUtils.java:logGet(43)) - raft.server.log.queue.byte-limit = 2147483647 (custom)
2019-08-16 05:31:35,137 [pool-580-thread-1] INFO  server.RaftServerConfigKeys (ConfUtils.java:logGet(43)) - raft.server.log.queue.element-limit = 1024 (custom)
2019-08-16 05:31:35,137 [pool-580-thread-1] INFO  server.RaftServerConfigKeys (ConfUtils.java:logGet(43)) - raft.server.log.segment.size.max = 1048576 (custom)
2019-08-16 05:31:35,137 [pool-580-thread-1] INFO  server.RaftServerConfigKeys (ConfUtils.java:logGet(43)) - raft.server.log.preallocated.size = 16384 (custom)
2019-08-16 05:31:35,138 [pool-580-thread-1] INFO  server.RaftServerConfigKeys (ConfUtils.java:logGet(43)) - raft.server.log.write.buffer.size = 33554432 (custom)
2019-08-16 05:31:35,138 [pool-580-thread-1] INFO  server.RaftServerConfigKeys (ConfUtils.java:logGet(43)) - raft.server.log.force.sync.num = 128 (default)
2019-08-16 05:31:35,138 [pool-580-thread-1] INFO  server.RaftServerConfigKeys (ConfUtils.java:logGet(43)) - raft.server.log.statemachine.data.sync = true (default)
2019-08-16 05:31:35,138 [pool-580-thread-1] INFO  server.RaftServerConfigKeys (ConfUtils.java:logGet(43)) - raft.server.log.statemachine.data.sync.timeout = 10s (default)
2019-08-16 05:31:35,138 [pool-580-thread-1] INFO  server.RaftServerConfigKeys (ConfUtils.java:logGet(43)) - raft.server.log.statemachine.data.sync.timeout.retry = -1 (default)
2019-08-16 05:31:35,138 [pool-580-thread-1] INFO  server.RaftServerConfigKeys (ConfUtils.java:logGet(43)) - raft.server.log.statemachine.data.caching.enabled = true (custom)
2019-08-16 05:31:35,139 [pool-580-thread-1] INFO  segmented.SegmentedRaftLogWorker (SegmentedRaftLogWorker.java:lambda$new$0(132)) - f3ad038f-da5c-4aab-b955-43805eae4a44-SegmentedRaftLogWorker:Storage Directory /workdir/hadoop-ozone/integration-test/target/test-dir/MiniOzoneClusterImpl-eb2bda36-fe71-46ed-bbf9-7d62ad1f7211/datanode-4/data/ratis/cd75b238-e3f6-4f72-917c-85e2685f099a: flushIndex: setUnconditionally 0 -> -1
2019-08-16 05:31:35,139 [pool-580-thread-1] INFO  server.RaftServerConfigKeys (ConfUtils.java:logGet(43)) - raft.server.snapshot.auto.trigger.enabled = true (custom)
2019-08-16 05:31:35,139 [pool-580-thread-1] INFO  server.RaftServerConfigKeys (ConfUtils.java:logGet(43)) - raft.server.snapshot.auto.trigger.threshold = 10000 (custom)
2019-08-16 05:31:35,140 [pool-580-thread-1] INFO  server.RaftServerConfigKeys (ConfUtils.java:logGet(43)) - raft.server.retrycache.expirytime = 600000ms (custom)
2019-08-16 05:31:35,140 [pool-580-thread-1] INFO  impl.RaftServerImpl (RaftServerImpl.java:start(180)) - f3ad038f-da5c-4aab-b955-43805eae4a44: start group-85E2685F099A
2019-08-16 05:31:35,140 [pool-580-thread-1] INFO  impl.RaftServerImpl (RaftServerImpl.java:setRole(171)) - f3ad038f-da5c-4aab-b955-43805eae4a44:group-85E2685F099A changes role from null to FOLLOWER at term 0 for startAsFollower
2019-08-16 05:31:35,140 [pool-580-thread-1] INFO  impl.RoleInfo (RoleInfo.java:updateAndGet(143)) - f3ad038f-da5c-4aab-b955-43805eae4a44: start FollowerState
2019-08-16 05:31:35,140 [pool-580-thread-1] INFO  util.JmxRegister (JmxRegister.java:tryRegister(44)) - Successfully registered JMX Bean with object name Ratis:service=RaftServer,group=group-85E2685F099A,id=f3ad038f-da5c-4aab-b955-43805eae4a44
2019-08-16 05:31:35,145 [RatisPipelineUtilsThread] INFO  pipeline.PipelineStateManager (PipelineStateManager.java:addPipeline(56)) - Created pipeline Pipeline[ Id: cd75b238-e3f6-4f72-917c-85e2685f099a, Nodes: f3ad038f-da5c-4aab-b955-43805eae4a44{ip: 192.168.69.65, host: trunk-nightly-4lbr2-4263640518, networkLocation: /default-rack, certSerialId: null}, Type:RATIS, Factor:ONE, State:OPEN]
2019-08-16 05:31:35,236 [IPC Server handler 4 on 34802] INFO  net.NetworkTopology (NetworkTopologyImpl.java:add(110)) - Added a new node: /default-rack/28d0d1e5-a718-4131-8689-0f879c9b805a
2019-08-16 05:31:35,236 [IPC Server handler 4 on 34802] INFO  node.SCMNodeManager (SCMNodeManager.java:register(273)) - Registered Data node : 28d0d1e5-a718-4131-8689-0f879c9b805a{ip: 192.168.69.65, host: trunk-nightly-4lbr2-4263640518, networkLocation: /default-rack, certSerialId: null}
2019-08-16 05:31:35,237 | INFO  | SCMAudit | user=jenkins1000 | ip=192.168.69.65 | op=REGISTER {datanodeDetails=28d0d1e5-a718-4131-8689-0f879c9b805a{ip: 192.168.69.65, host: trunk-nightly-4lbr2-4263640518, networkLocation: /default-rack, certSerialId: null}} | ret=SUCCESS |  
2019-08-16 05:31:35,243 [grpc-default-executor-8] INFO  impl.RaftServerProxy (RaftServerProxy.java:addNew(89)) - 28d0d1e5-a718-4131-8689-0f879c9b805a: addNew group-F0089757EBF4:[28d0d1e5-a718-4131-8689-0f879c9b805a:192.168.69.65:44185] returns group-F0089757EBF4:java.util.concurrent.CompletableFuture@123e24a3[Not completed]
2019-08-16 05:31:35,244 [pool-591-thread-1] INFO  impl.RaftServerImpl (RaftServerImpl.java:<init>(93)) - 28d0d1e5-a718-4131-8689-0f879c9b805a: new RaftServerImpl for group-F0089757EBF4:[28d0d1e5-a718-4131-8689-0f879c9b805a:192.168.69.65:44185] with ContainerStateMachine:uninitialized
2019-08-16 05:31:35,245 [pool-591-thread-1] INFO  server.RaftServerConfigKeys (ConfUtils.java:logGet(43)) - raft.server.rpc.timeout.min = 5s (custom)
2019-08-16 05:31:35,245 [pool-591-thread-1] INFO  server.RaftServerConfigKeys (ConfUtils.java:logGet(43)) - raft.server.rpc.timeout.max = 5200ms (custom)
2019-08-16 05:31:35,245 [pool-591-thread-1] INFO  server.RaftServerConfigKeys (ConfUtils.java:logGet(43)) - raft.server.rpcslowness.timeout = 120s (custom)
2019-08-16 05:31:35,245 [pool-591-thread-1] INFO  server.RaftServerConfigKeys (ConfUtils.java:logGet(43)) - raft.server.sleep.deviation.threshold = 300 (default)
2019-08-16 05:31:35,245 [pool-591-thread-1] INFO  server.RaftServerConfigKeys (ConfUtils.java:logGet(43)) - raft.server.log.appender.install.snapshot.enabled = false (custom)
2019-08-16 05:31:35,245 [pool-591-thread-1] INFO  impl.RaftServerImpl (ServerState.java:<init>(105)) - 28d0d1e5-a718-4131-8689-0f879c9b805a:group-F0089757EBF4 ConfigurationManager, init=-1: [28d0d1e5-a718-4131-8689-0f879c9b805a:192.168.69.65:44185], old=null, confs=<EMPTY_MAP>
2019-08-16 05:31:35,246 [pool-591-thread-1] INFO  server.RaftServerConfigKeys (ConfUtils.java:logGet(43)) - raft.server.storage.dir = [/workdir/hadoop-ozone/integration-test/target/test-dir/MiniOzoneClusterImpl-eb2bda36-fe71-46ed-bbf9-7d62ad1f7211/datanode-5/data/ratis] (custom)
2019-08-16 05:31:35,246 [pool-591-thread-1] INFO  storage.RaftStorageDirectory (RaftStorageDirectory.java:analyzeStorage(246)) - The storage directory /workdir/hadoop-ozone/integration-test/target/test-dir/MiniOzoneClusterImpl-eb2bda36-fe71-46ed-bbf9-7d62ad1f7211/datanode-5/data/ratis/92e4fcd8-3e69-48bd-b1df-f0089757ebf4 does not exist. Creating ...
2019-08-16 05:31:35,260 [pool-591-thread-1] INFO  storage.RaftStorageDirectory (RaftStorageDirectory.java:tryLock(328)) - Lock on /workdir/hadoop-ozone/integration-test/target/test-dir/MiniOzoneClusterImpl-eb2bda36-fe71-46ed-bbf9-7d62ad1f7211/datanode-5/data/ratis/92e4fcd8-3e69-48bd-b1df-f0089757ebf4/in_use.lock acquired by nodename 17142@trunk-nightly-4lbr2-4263640518
2019-08-16 05:31:35,274 [pool-591-thread-1] INFO  storage.RaftStorage (RaftStorage.java:format(72)) - Storage directory /workdir/hadoop-ozone/integration-test/target/test-dir/MiniOzoneClusterImpl-eb2bda36-fe71-46ed-bbf9-7d62ad1f7211/datanode-5/data/ratis/92e4fcd8-3e69-48bd-b1df-f0089757ebf4 has been successfully formatted.
2019-08-16 05:31:35,274 [pool-591-thread-1] INFO  ratis.ContainerStateMachine (ContainerStateMachine.java:loadSnapshot(222)) - group-F0089757EBF4: The snapshot info is null. Setting the last applied indexto:(t:0, i:~)
2019-08-16 05:31:35,274 [pool-591-thread-1] INFO  server.RaftServerConfigKeys (ConfUtils.java:logGet(43)) - raft.server.leader.election.timeout = 120s (custom)
2019-08-16 05:31:35,274 [pool-591-thread-1] INFO  server.RaftServerConfigKeys (ConfUtils.java:logGet(43)) - raft.server.log.use.memory = false (default)
2019-08-16 05:31:35,274 [pool-591-thread-1] INFO  server.RaftServerConfigKeys (ConfUtils.java:logGet(43)) - raft.server.log.purge.gap = 1000000000 (custom)
2019-08-16 05:31:35,275 [pool-591-thread-1] INFO  server.RaftServerConfigKeys (ConfUtils.java:logGet(43)) - raft.server.log.appender.buffer.byte-limit = 33554432 (custom)
2019-08-16 05:31:35,275 [pool-591-thread-1] INFO  server.RaftServerConfigKeys (ConfUtils.java:logGet(43)) - raft.server.log.segment.size.max = 1048576 (custom)
2019-08-16 05:31:35,275 [pool-591-thread-1] INFO  server.RaftServerConfigKeys (ConfUtils.java:logGet(43)) - raft.server.log.segment.cache.num.max = 2 (custom)
2019-08-16 05:31:35,275 [pool-591-thread-1] INFO  segmented.SegmentedRaftLogWorker (SegmentedRaftLogWorker.java:<init>(172)) - new 28d0d1e5-a718-4131-8689-0f879c9b805a-SegmentedRaftLogWorker:Storage Directory /workdir/hadoop-ozone/integration-test/target/test-dir/MiniOzoneClusterImpl-eb2bda36-fe71-46ed-bbf9-7d62ad1f7211/datanode-5/data/ratis/92e4fcd8-3e69-48bd-b1df-f0089757ebf4 for RaftStorage:Storage Directory /workdir/hadoop-ozone/integration-test/target/test-dir/MiniOzoneClusterImpl-eb2bda36-fe71-46ed-bbf9-7d62ad1f7211/datanode-5/data/ratis/92e4fcd8-3e69-48bd-b1df-f0089757ebf4
2019-08-16 05:31:35,275 [pool-591-thread-1] INFO  server.RaftServerConfigKeys (ConfUtils.java:logGet(43)) - raft.server.log.queue.byte-limit = 2147483647 (custom)
2019-08-16 05:31:35,276 [pool-591-thread-1] INFO  server.RaftServerConfigKeys (ConfUtils.java:logGet(43)) - raft.server.log.queue.element-limit = 1024 (custom)
2019-08-16 05:31:35,276 [pool-591-thread-1] INFO  server.RaftServerConfigKeys (ConfUtils.java:logGet(43)) - raft.server.log.segment.size.max = 1048576 (custom)
2019-08-16 05:31:35,276 [pool-591-thread-1] INFO  server.RaftServerConfigKeys (ConfUtils.java:logGet(43)) - raft.server.log.preallocated.size = 16384 (custom)
2019-08-16 05:31:35,276 [pool-591-thread-1] INFO  server.RaftServerConfigKeys (ConfUtils.java:logGet(43)) - raft.server.log.write.buffer.size = 33554432 (custom)
2019-08-16 05:31:35,276 [pool-591-thread-1] INFO  server.RaftServerConfigKeys (ConfUtils.java:logGet(43)) - raft.server.log.force.sync.num = 128 (default)
2019-08-16 05:31:35,277 [pool-591-thread-1] INFO  server.RaftServerConfigKeys (ConfUtils.java:logGet(43)) - raft.server.log.statemachine.data.sync = true (default)
2019-08-16 05:31:35,277 [pool-591-thread-1] INFO  server.RaftServerConfigKeys (ConfUtils.java:logGet(43)) - raft.server.log.statemachine.data.sync.timeout = 10s (default)
2019-08-16 05:31:35,277 [pool-591-thread-1] INFO  server.RaftServerConfigKeys (ConfUtils.java:logGet(43)) - raft.server.log.statemachine.data.sync.timeout.retry = -1 (default)
2019-08-16 05:31:35,277 [pool-591-thread-1] INFO  server.RaftServerConfigKeys (ConfUtils.java:logGet(43)) - raft.server.log.statemachine.data.caching.enabled = true (custom)
2019-08-16 05:31:35,278 [pool-591-thread-1] INFO  segmented.SegmentedRaftLogWorker (SegmentedRaftLogWorker.java:lambda$new$0(132)) - 28d0d1e5-a718-4131-8689-0f879c9b805a-SegmentedRaftLogWorker:Storage Directory /workdir/hadoop-ozone/integration-test/target/test-dir/MiniOzoneClusterImpl-eb2bda36-fe71-46ed-bbf9-7d62ad1f7211/datanode-5/data/ratis/92e4fcd8-3e69-48bd-b1df-f0089757ebf4: flushIndex: setUnconditionally 0 -> -1
2019-08-16 05:31:35,278 [pool-591-thread-1] INFO  server.RaftServerConfigKeys (ConfUtils.java:logGet(43)) - raft.server.snapshot.auto.trigger.enabled = true (custom)
2019-08-16 05:31:35,278 [pool-591-thread-1] INFO  server.RaftServerConfigKeys (ConfUtils.java:logGet(43)) - raft.server.snapshot.auto.trigger.threshold = 10000 (custom)
2019-08-16 05:31:35,278 [pool-591-thread-1] INFO  server.RaftServerConfigKeys (ConfUtils.java:logGet(43)) - raft.server.retrycache.expirytime = 600000ms (custom)
2019-08-16 05:31:35,279 [pool-591-thread-1] INFO  impl.RaftServerImpl (RaftServerImpl.java:start(180)) - 28d0d1e5-a718-4131-8689-0f879c9b805a: start group-F0089757EBF4
2019-08-16 05:31:35,279 [pool-591-thread-1] INFO  impl.RaftServerImpl (RaftServerImpl.java:setRole(171)) - 28d0d1e5-a718-4131-8689-0f879c9b805a:group-F0089757EBF4 changes role from null to FOLLOWER at term 0 for startAsFollower
2019-08-16 05:31:35,279 [pool-591-thread-1] INFO  impl.RoleInfo (RoleInfo.java:updateAndGet(143)) - 28d0d1e5-a718-4131-8689-0f879c9b805a: start FollowerState
2019-08-16 05:31:35,279 [pool-591-thread-1] INFO  util.JmxRegister (JmxRegister.java:tryRegister(44)) - Successfully registered JMX Bean with object name Ratis:service=RaftServer,group=group-F0089757EBF4,id=28d0d1e5-a718-4131-8689-0f879c9b805a
2019-08-16 05:31:35,284 [RatisPipelineUtilsThread] INFO  pipeline.PipelineStateManager (PipelineStateManager.java:addPipeline(56)) - Created pipeline Pipeline[ Id: 92e4fcd8-3e69-48bd-b1df-f0089757ebf4, Nodes: 28d0d1e5-a718-4131-8689-0f879c9b805a{ip: 192.168.69.65, host: trunk-nightly-4lbr2-4263640518, networkLocation: /default-rack, certSerialId: null}, Type:RATIS, Factor:ONE, State:OPEN]
2019-08-16 05:31:35,296 [grpc-default-executor-2] INFO  impl.RaftServerProxy (RaftServerProxy.java:addNew(89)) - 0606af15-c5a8-4f2c-b2a4-46c802c45ccf: addNew group-8C51E6309800:[f3ad038f-da5c-4aab-b955-43805eae4a44:192.168.69.65:34563, 0606af15-c5a8-4f2c-b2a4-46c802c45ccf:192.168.69.65:39181, 28d0d1e5-a718-4131-8689-0f879c9b805a:192.168.69.65:44185] returns group-8C51E6309800:java.util.concurrent.CompletableFuture@739d94ed[Not completed]
2019-08-16 05:31:35,296 [grpc-default-executor-8] INFO  impl.RaftServerProxy (RaftServerProxy.java:addNew(89)) - 28d0d1e5-a718-4131-8689-0f879c9b805a: addNew group-8C51E6309800:[f3ad038f-da5c-4aab-b955-43805eae4a44:192.168.69.65:34563, 0606af15-c5a8-4f2c-b2a4-46c802c45ccf:192.168.69.65:39181, 28d0d1e5-a718-4131-8689-0f879c9b805a:192.168.69.65:44185] returns group-8C51E6309800:java.util.concurrent.CompletableFuture@20ffa6c7[Not completed]
2019-08-16 05:31:35,299 [grpc-default-executor-9] INFO  impl.RaftServerProxy (RaftServerProxy.java:addNew(89)) - f3ad038f-da5c-4aab-b955-43805eae4a44: addNew group-8C51E6309800:[f3ad038f-da5c-4aab-b955-43805eae4a44:192.168.69.65:34563, 0606af15-c5a8-4f2c-b2a4-46c802c45ccf:192.168.69.65:39181, 28d0d1e5-a718-4131-8689-0f879c9b805a:192.168.69.65:44185] returns group-8C51E6309800:java.util.concurrent.CompletableFuture@5a0adec7[Not completed]
2019-08-16 05:31:35,300 [pool-569-thread-1] INFO  impl.RaftServerImpl (RaftServerImpl.java:<init>(93)) - 0606af15-c5a8-4f2c-b2a4-46c802c45ccf: new RaftServerImpl for group-8C51E6309800:[f3ad038f-da5c-4aab-b955-43805eae4a44:192.168.69.65:34563, 0606af15-c5a8-4f2c-b2a4-46c802c45ccf:192.168.69.65:39181, 28d0d1e5-a718-4131-8689-0f879c9b805a:192.168.69.65:44185] with ContainerStateMachine:uninitialized
2019-08-16 05:31:35,300 [pool-569-thread-1] INFO  server.RaftServerConfigKeys (ConfUtils.java:logGet(43)) - raft.server.rpc.timeout.min = 5s (custom)
2019-08-16 05:31:35,300 [pool-569-thread-1] INFO  server.RaftServerConfigKeys (ConfUtils.java:logGet(43)) - raft.server.rpc.timeout.max = 5200ms (custom)
2019-08-16 05:31:35,300 [pool-591-thread-1] INFO  impl.RaftServerImpl (RaftServerImpl.java:<init>(93)) - 28d0d1e5-a718-4131-8689-0f879c9b805a: new RaftServerImpl for group-8C51E6309800:[f3ad038f-da5c-4aab-b955-43805eae4a44:192.168.69.65:34563, 0606af15-c5a8-4f2c-b2a4-46c802c45ccf:192.168.69.65:39181, 28d0d1e5-a718-4131-8689-0f879c9b805a:192.168.69.65:44185] with ContainerStateMachine:uninitialized
2019-08-16 05:31:35,300 [pool-569-thread-1] INFO  server.RaftServerConfigKeys (ConfUtils.java:logGet(43)) - raft.server.rpcslowness.timeout = 120s (custom)
2019-08-16 05:31:35,301 [pool-580-thread-1] INFO  impl.RaftServerImpl (RaftServerImpl.java:<init>(93)) - f3ad038f-da5c-4aab-b955-43805eae4a44: new RaftServerImpl for group-8C51E6309800:[f3ad038f-da5c-4aab-b955-43805eae4a44:192.168.69.65:34563, 0606af15-c5a8-4f2c-b2a4-46c802c45ccf:192.168.69.65:39181, 28d0d1e5-a718-4131-8689-0f879c9b805a:192.168.69.65:44185] with ContainerStateMachine:uninitialized
2019-08-16 05:31:35,301 [pool-591-thread-1] INFO  server.RaftServerConfigKeys (ConfUtils.java:logGet(43)) - raft.server.rpc.timeout.min = 5s (custom)
2019-08-16 05:31:35,301 [pool-580-thread-1] INFO  server.RaftServerConfigKeys (ConfUtils.java:logGet(43)) - raft.server.rpc.timeout.min = 5s (custom)
2019-08-16 05:31:35,301 [pool-569-thread-1] INFO  server.RaftServerConfigKeys (ConfUtils.java:logGet(43)) - raft.server.sleep.deviation.threshold = 300 (default)
2019-08-16 05:31:35,301 [pool-580-thread-1] INFO  server.RaftServerConfigKeys (ConfUtils.java:logGet(43)) - raft.server.rpc.timeout.max = 5200ms (custom)
2019-08-16 05:31:35,301 [pool-591-thread-1] INFO  server.RaftServerConfigKeys (ConfUtils.java:logGet(43)) - raft.server.rpc.timeout.max = 5200ms (custom)
2019-08-16 05:31:35,301 [pool-580-thread-1] INFO  server.RaftServerConfigKeys (ConfUtils.java:logGet(43)) - raft.server.rpcslowness.timeout = 120s (custom)
2019-08-16 05:31:35,302 [pool-580-thread-1] INFO  server.RaftServerConfigKeys (ConfUtils.java:logGet(43)) - raft.server.sleep.deviation.threshold = 300 (default)
2019-08-16 05:31:35,301 [pool-569-thread-1] INFO  server.RaftServerConfigKeys (ConfUtils.java:logGet(43)) - raft.server.log.appender.install.snapshot.enabled = false (custom)
2019-08-16 05:31:35,302 [pool-580-thread-1] INFO  server.RaftServerConfigKeys (ConfUtils.java:logGet(43)) - raft.server.log.appender.install.snapshot.enabled = false (custom)
2019-08-16 05:31:35,302 [pool-591-thread-1] INFO  server.RaftServerConfigKeys (ConfUtils.java:logGet(43)) - raft.server.rpcslowness.timeout = 120s (custom)
2019-08-16 05:31:35,302 [pool-580-thread-1] INFO  impl.RaftServerImpl (ServerState.java:<init>(105)) - f3ad038f-da5c-4aab-b955-43805eae4a44:group-8C51E6309800 ConfigurationManager, init=-1: [f3ad038f-da5c-4aab-b955-43805eae4a44:192.168.69.65:34563, 0606af15-c5a8-4f2c-b2a4-46c802c45ccf:192.168.69.65:39181, 28d0d1e5-a718-4131-8689-0f879c9b805a:192.168.69.65:44185], old=null, confs=<EMPTY_MAP>
2019-08-16 05:31:35,302 [pool-569-thread-1] INFO  impl.RaftServerImpl (ServerState.java:<init>(105)) - 0606af15-c5a8-4f2c-b2a4-46c802c45ccf:group-8C51E6309800 ConfigurationManager, init=-1: [f3ad038f-da5c-4aab-b955-43805eae4a44:192.168.69.65:34563, 0606af15-c5a8-4f2c-b2a4-46c802c45ccf:192.168.69.65:39181, 28d0d1e5-a718-4131-8689-0f879c9b805a:192.168.69.65:44185], old=null, confs=<EMPTY_MAP>
2019-08-16 05:31:35,302 [pool-580-thread-1] INFO  server.RaftServerConfigKeys (ConfUtils.java:logGet(43)) - raft.server.storage.dir = [/workdir/hadoop-ozone/integration-test/target/test-dir/MiniOzoneClusterImpl-eb2bda36-fe71-46ed-bbf9-7d62ad1f7211/datanode-4/data/ratis] (custom)
2019-08-16 05:31:35,302 [pool-591-thread-1] INFO  server.RaftServerConfigKeys (ConfUtils.java:logGet(43)) - raft.server.sleep.deviation.threshold = 300 (default)
2019-08-16 05:31:35,303 [pool-569-thread-1] INFO  server.RaftServerConfigKeys (ConfUtils.java:logGet(43)) - raft.server.storage.dir = [/workdir/hadoop-ozone/integration-test/target/test-dir/MiniOzoneClusterImpl-eb2bda36-fe71-46ed-bbf9-7d62ad1f7211/datanode-3/data/ratis] (custom)
2019-08-16 05:31:35,303 [pool-580-thread-1] INFO  storage.RaftStorageDirectory (RaftStorageDirectory.java:analyzeStorage(246)) - The storage directory /workdir/hadoop-ozone/integration-test/target/test-dir/MiniOzoneClusterImpl-eb2bda36-fe71-46ed-bbf9-7d62ad1f7211/datanode-4/data/ratis/4060fff1-7c27-46b0-a17d-8c51e6309800 does not exist. Creating ...
2019-08-16 05:31:35,303 [pool-591-thread-1] INFO  server.RaftServerConfigKeys (ConfUtils.java:logGet(43)) - raft.server.log.appender.install.snapshot.enabled = false (custom)
2019-08-16 05:31:35,303 [pool-569-thread-1] INFO  storage.RaftStorageDirectory (RaftStorageDirectory.java:analyzeStorage(246)) - The storage directory /workdir/hadoop-ozone/integration-test/target/test-dir/MiniOzoneClusterImpl-eb2bda36-fe71-46ed-bbf9-7d62ad1f7211/datanode-3/data/ratis/4060fff1-7c27-46b0-a17d-8c51e6309800 does not exist. Creating ...
2019-08-16 05:31:35,303 [pool-591-thread-1] INFO  impl.RaftServerImpl (ServerState.java:<init>(105)) - 28d0d1e5-a718-4131-8689-0f879c9b805a:group-8C51E6309800 ConfigurationManager, init=-1: [f3ad038f-da5c-4aab-b955-43805eae4a44:192.168.69.65:34563, 0606af15-c5a8-4f2c-b2a4-46c802c45ccf:192.168.69.65:39181, 28d0d1e5-a718-4131-8689-0f879c9b805a:192.168.69.65:44185], old=null, confs=<EMPTY_MAP>
2019-08-16 05:31:35,304 [pool-591-thread-1] INFO  server.RaftServerConfigKeys (ConfUtils.java:logGet(43)) - raft.server.storage.dir = [/workdir/hadoop-ozone/integration-test/target/test-dir/MiniOzoneClusterImpl-eb2bda36-fe71-46ed-bbf9-7d62ad1f7211/datanode-5/data/ratis] (custom)
2019-08-16 05:31:35,304 [pool-591-thread-1] INFO  storage.RaftStorageDirectory (RaftStorageDirectory.java:analyzeStorage(246)) - The storage directory /workdir/hadoop-ozone/integration-test/target/test-dir/MiniOzoneClusterImpl-eb2bda36-fe71-46ed-bbf9-7d62ad1f7211/datanode-5/data/ratis/4060fff1-7c27-46b0-a17d-8c51e6309800 does not exist. Creating ...
2019-08-16 05:31:35,328 [pool-580-thread-1] INFO  storage.RaftStorageDirectory (RaftStorageDirectory.java:tryLock(328)) - Lock on /workdir/hadoop-ozone/integration-test/target/test-dir/MiniOzoneClusterImpl-eb2bda36-fe71-46ed-bbf9-7d62ad1f7211/datanode-4/data/ratis/4060fff1-7c27-46b0-a17d-8c51e6309800/in_use.lock acquired by nodename 17142@trunk-nightly-4lbr2-4263640518
2019-08-16 05:31:35,328 [pool-591-thread-1] INFO  storage.RaftStorageDirectory (RaftStorageDirectory.java:tryLock(328)) - Lock on /workdir/hadoop-ozone/integration-test/target/test-dir/MiniOzoneClusterImpl-eb2bda36-fe71-46ed-bbf9-7d62ad1f7211/datanode-5/data/ratis/4060fff1-7c27-46b0-a17d-8c51e6309800/in_use.lock acquired by nodename 17142@trunk-nightly-4lbr2-4263640518
2019-08-16 05:31:35,328 [pool-569-thread-1] INFO  storage.RaftStorageDirectory (RaftStorageDirectory.java:tryLock(328)) - Lock on /workdir/hadoop-ozone/integration-test/target/test-dir/MiniOzoneClusterImpl-eb2bda36-fe71-46ed-bbf9-7d62ad1f7211/datanode-3/data/ratis/4060fff1-7c27-46b0-a17d-8c51e6309800/in_use.lock acquired by nodename 17142@trunk-nightly-4lbr2-4263640518
2019-08-16 05:31:35,354 [pool-569-thread-1] INFO  storage.RaftStorage (RaftStorage.java:format(72)) - Storage directory /workdir/hadoop-ozone/integration-test/target/test-dir/MiniOzoneClusterImpl-eb2bda36-fe71-46ed-bbf9-7d62ad1f7211/datanode-3/data/ratis/4060fff1-7c27-46b0-a17d-8c51e6309800 has been successfully formatted.
2019-08-16 05:31:35,354 [pool-580-thread-1] INFO  storage.RaftStorage (RaftStorage.java:format(72)) - Storage directory /workdir/hadoop-ozone/integration-test/target/test-dir/MiniOzoneClusterImpl-eb2bda36-fe71-46ed-bbf9-7d62ad1f7211/datanode-4/data/ratis/4060fff1-7c27-46b0-a17d-8c51e6309800 has been successfully formatted.
2019-08-16 05:31:35,354 [pool-591-thread-1] INFO  storage.RaftStorage (RaftStorage.java:format(72)) - Storage directory /workdir/hadoop-ozone/integration-test/target/test-dir/MiniOzoneClusterImpl-eb2bda36-fe71-46ed-bbf9-7d62ad1f7211/datanode-5/data/ratis/4060fff1-7c27-46b0-a17d-8c51e6309800 has been successfully formatted.
2019-08-16 05:31:35,354 [pool-580-thread-1] INFO  ratis.ContainerStateMachine (ContainerStateMachine.java:loadSnapshot(222)) - group-8C51E6309800: The snapshot info is null. Setting the last applied indexto:(t:0, i:~)
2019-08-16 05:31:35,354 [pool-569-thread-1] INFO  ratis.ContainerStateMachine (ContainerStateMachine.java:loadSnapshot(222)) - group-8C51E6309800: The snapshot info is null. Setting the last applied indexto:(t:0, i:~)
2019-08-16 05:31:35,354 [pool-580-thread-1] INFO  server.RaftServerConfigKeys (ConfUtils.java:logGet(43)) - raft.server.leader.election.timeout = 120s (custom)
2019-08-16 05:31:35,354 [pool-591-thread-1] INFO  ratis.ContainerStateMachine (ContainerStateMachine.java:loadSnapshot(222)) - group-8C51E6309800: The snapshot info is null. Setting the last applied indexto:(t:0, i:~)
2019-08-16 05:31:35,355 [pool-580-thread-1] INFO  server.RaftServerConfigKeys (ConfUtils.java:logGet(43)) - raft.server.log.use.memory = false (default)
2019-08-16 05:31:35,355 [pool-569-thread-1] INFO  server.RaftServerConfigKeys (ConfUtils.java:logGet(43)) - raft.server.leader.election.timeout = 120s (custom)
2019-08-16 05:31:35,355 [pool-580-thread-1] INFO  server.RaftServerConfigKeys (ConfUtils.java:logGet(43)) - raft.server.log.purge.gap = 1000000000 (custom)
2019-08-16 05:31:35,355 [pool-580-thread-1] INFO  server.RaftServerConfigKeys (ConfUtils.java:logGet(43)) - raft.server.log.appender.buffer.byte-limit = 33554432 (custom)
2019-08-16 05:31:35,355 [pool-591-thread-1] INFO  server.RaftServerConfigKeys (ConfUtils.java:logGet(43)) - raft.server.leader.election.timeout = 120s (custom)
2019-08-16 05:31:35,355 [pool-580-thread-1] INFO  server.RaftServerConfigKeys (ConfUtils.java:logGet(43)) - raft.server.log.segment.size.max = 1048576 (custom)
2019-08-16 05:31:35,355 [pool-569-thread-1] INFO  server.RaftServerConfigKeys (ConfUtils.java:logGet(43)) - raft.server.log.use.memory = false (default)
2019-08-16 05:31:35,356 [pool-580-thread-1] INFO  server.RaftServerConfigKeys (ConfUtils.java:logGet(43)) - raft.server.log.segment.cache.num.max = 2 (custom)
2019-08-16 05:31:35,356 [pool-591-thread-1] INFO  server.RaftServerConfigKeys (ConfUtils.java:logGet(43)) - raft.server.log.use.memory = false (default)
2019-08-16 05:31:35,356 [pool-580-thread-1] INFO  segmented.SegmentedRaftLogWorker (SegmentedRaftLogWorker.java:<init>(172)) - new f3ad038f-da5c-4aab-b955-43805eae4a44-SegmentedRaftLogWorker:Storage Directory /workdir/hadoop-ozone/integration-test/target/test-dir/MiniOzoneClusterImpl-eb2bda36-fe71-46ed-bbf9-7d62ad1f7211/datanode-4/data/ratis/4060fff1-7c27-46b0-a17d-8c51e6309800 for RaftStorage:Storage Directory /workdir/hadoop-ozone/integration-test/target/test-dir/MiniOzoneClusterImpl-eb2bda36-fe71-46ed-bbf9-7d62ad1f7211/datanode-4/data/ratis/4060fff1-7c27-46b0-a17d-8c51e6309800
2019-08-16 05:31:35,356 [pool-569-thread-1] INFO  server.RaftServerConfigKeys (ConfUtils.java:logGet(43)) - raft.server.log.purge.gap = 1000000000 (custom)
2019-08-16 05:31:35,356 [pool-580-thread-1] INFO  server.RaftServerConfigKeys (ConfUtils.java:logGet(43)) - raft.server.log.queue.byte-limit = 2147483647 (custom)
2019-08-16 05:31:35,357 [pool-580-thread-1] INFO  server.RaftServerConfigKeys (ConfUtils.java:logGet(43)) - raft.server.log.queue.element-limit = 1024 (custom)
2019-08-16 05:31:35,356 [pool-591-thread-1] INFO  server.RaftServerConfigKeys (ConfUtils.java:logGet(43)) - raft.server.log.purge.gap = 1000000000 (custom)
2019-08-16 05:31:35,357 [pool-580-thread-1] INFO  server.RaftServerConfigKeys (ConfUtils.java:logGet(43)) - raft.server.log.segment.size.max = 1048576 (custom)
2019-08-16 05:31:35,357 [pool-569-thread-1] INFO  server.RaftServerConfigKeys (ConfUtils.java:logGet(43)) - raft.server.log.appender.buffer.byte-limit = 33554432 (custom)
2019-08-16 05:31:35,357 [pool-580-thread-1] INFO  server.RaftServerConfigKeys (ConfUtils.java:logGet(43)) - raft.server.log.preallocated.size = 16384 (custom)
2019-08-16 05:31:35,357 [pool-591-thread-1] INFO  server.RaftServerConfigKeys (ConfUtils.java:logGet(43)) - raft.server.log.appender.buffer.byte-limit = 33554432 (custom)
2019-08-16 05:31:35,357 [pool-580-thread-1] INFO  server.RaftServerConfigKeys (ConfUtils.java:logGet(43)) - raft.server.log.write.buffer.size = 33554432 (custom)
2019-08-16 05:31:35,357 [pool-569-thread-1] INFO  server.RaftServerConfigKeys (ConfUtils.java:logGet(43)) - raft.server.log.segment.size.max = 1048576 (custom)
2019-08-16 05:31:35,358 [pool-580-thread-1] INFO  server.RaftServerConfigKeys (ConfUtils.java:logGet(43)) - raft.server.log.force.sync.num = 128 (default)
2019-08-16 05:31:35,358 [pool-591-thread-1] INFO  server.RaftServerConfigKeys (ConfUtils.java:logGet(43)) - raft.server.log.segment.size.max = 1048576 (custom)
2019-08-16 05:31:35,358 [pool-580-thread-1] INFO  server.RaftServerConfigKeys (ConfUtils.java:logGet(43)) - raft.server.log.statemachine.data.sync = true (default)
2019-08-16 05:31:35,358 [pool-569-thread-1] INFO  server.RaftServerConfigKeys (ConfUtils.java:logGet(43)) - raft.server.log.segment.cache.num.max = 2 (custom)
2019-08-16 05:31:35,358 [pool-580-thread-1] INFO  server.RaftServerConfigKeys (ConfUtils.java:logGet(43)) - raft.server.log.statemachine.data.sync.timeout = 10s (default)
2019-08-16 05:31:35,359 [pool-580-thread-1] INFO  server.RaftServerConfigKeys (ConfUtils.java:logGet(43)) - raft.server.log.statemachine.data.sync.timeout.retry = -1 (default)
2019-08-16 05:31:35,358 [pool-591-thread-1] INFO  server.RaftServerConfigKeys (ConfUtils.java:logGet(43)) - raft.server.log.segment.cache.num.max = 2 (custom)
2019-08-16 05:31:35,359 [pool-580-thread-1] INFO  server.RaftServerConfigKeys (ConfUtils.java:logGet(43)) - raft.server.log.statemachine.data.caching.enabled = true (custom)
2019-08-16 05:31:35,358 [pool-569-thread-1] INFO  segmented.SegmentedRaftLogWorker (SegmentedRaftLogWorker.java:<init>(172)) - new 0606af15-c5a8-4f2c-b2a4-46c802c45ccf-SegmentedRaftLogWorker:Storage Directory /workdir/hadoop-ozone/integration-test/target/test-dir/MiniOzoneClusterImpl-eb2bda36-fe71-46ed-bbf9-7d62ad1f7211/datanode-3/data/ratis/4060fff1-7c27-46b0-a17d-8c51e6309800 for RaftStorage:Storage Directory /workdir/hadoop-ozone/integration-test/target/test-dir/MiniOzoneClusterImpl-eb2bda36-fe71-46ed-bbf9-7d62ad1f7211/datanode-3/data/ratis/4060fff1-7c27-46b0-a17d-8c51e6309800
2019-08-16 05:31:35,359 [pool-591-thread-1] INFO  segmented.SegmentedRaftLogWorker (SegmentedRaftLogWorker.java:<init>(172)) - new 28d0d1e5-a718-4131-8689-0f879c9b805a-SegmentedRaftLogWorker:Storage Directory /workdir/hadoop-ozone/integration-test/target/test-dir/MiniOzoneClusterImpl-eb2bda36-fe71-46ed-bbf9-7d62ad1f7211/datanode-5/data/ratis/4060fff1-7c27-46b0-a17d-8c51e6309800 for RaftStorage:Storage Directory /workdir/hadoop-ozone/integration-test/target/test-dir/MiniOzoneClusterImpl-eb2bda36-fe71-46ed-bbf9-7d62ad1f7211/datanode-5/data/ratis/4060fff1-7c27-46b0-a17d-8c51e6309800
2019-08-16 05:31:35,359 [pool-580-thread-1] INFO  segmented.SegmentedRaftLogWorker (SegmentedRaftLogWorker.java:lambda$new$0(132)) - f3ad038f-da5c-4aab-b955-43805eae4a44-SegmentedRaftLogWorker:Storage Directory /workdir/hadoop-ozone/integration-test/target/test-dir/MiniOzoneClusterImpl-eb2bda36-fe71-46ed-bbf9-7d62ad1f7211/datanode-4/data/ratis/4060fff1-7c27-46b0-a17d-8c51e6309800: flushIndex: setUnconditionally 0 -> -1
2019-08-16 05:31:35,359 [pool-569-thread-1] INFO  server.RaftServerConfigKeys (ConfUtils.java:logGet(43)) - raft.server.log.queue.byte-limit = 2147483647 (custom)
2019-08-16 05:31:35,359 [pool-591-thread-1] INFO  server.RaftServerConfigKeys (ConfUtils.java:logGet(43)) - raft.server.log.queue.byte-limit = 2147483647 (custom)
2019-08-16 05:31:35,360 [pool-580-thread-1] INFO  server.RaftServerConfigKeys (ConfUtils.java:logGet(43)) - raft.server.snapshot.auto.trigger.enabled = true (custom)
2019-08-16 05:31:35,360 [pool-569-thread-1] INFO  server.RaftServerConfigKeys (ConfUtils.java:logGet(43)) - raft.server.log.queue.element-limit = 1024 (custom)
2019-08-16 05:31:35,360 [pool-580-thread-1] INFO  server.RaftServerConfigKeys (ConfUtils.java:logGet(43)) - raft.server.snapshot.auto.trigger.threshold = 10000 (custom)
2019-08-16 05:31:35,360 [pool-591-thread-1] INFO  server.RaftServerConfigKeys (ConfUtils.java:logGet(43)) - raft.server.log.queue.element-limit = 1024 (custom)
2019-08-16 05:31:35,360 [pool-580-thread-1] INFO  server.RaftServerConfigKeys (ConfUtils.java:logGet(43)) - raft.server.retrycache.expirytime = 600000ms (custom)
2019-08-16 05:31:35,360 [pool-569-thread-1] INFO  server.RaftServerConfigKeys (ConfUtils.java:logGet(43)) - raft.server.log.segment.size.max = 1048576 (custom)
2019-08-16 05:31:35,361 [pool-580-thread-1] INFO  impl.RaftServerImpl (RaftServerImpl.java:start(180)) - f3ad038f-da5c-4aab-b955-43805eae4a44: start group-8C51E6309800
2019-08-16 05:31:35,361 [pool-580-thread-1] INFO  impl.RaftServerImpl (RaftServerImpl.java:setRole(171)) - f3ad038f-da5c-4aab-b955-43805eae4a44:group-8C51E6309800 changes role from null to FOLLOWER at term 0 for startAsFollower
2019-08-16 05:31:35,361 [pool-591-thread-1] INFO  server.RaftServerConfigKeys (ConfUtils.java:logGet(43)) - raft.server.log.segment.size.max = 1048576 (custom)
2019-08-16 05:31:35,361 [pool-580-thread-1] INFO  impl.RoleInfo (RoleInfo.java:updateAndGet(143)) - f3ad038f-da5c-4aab-b955-43805eae4a44: start FollowerState
2019-08-16 05:31:35,361 [pool-569-thread-1] INFO  server.RaftServerConfigKeys (ConfUtils.java:logGet(43)) - raft.server.log.preallocated.size = 16384 (custom)
2019-08-16 05:31:35,362 [pool-569-thread-1] INFO  server.RaftServerConfigKeys (ConfUtils.java:logGet(43)) - raft.server.log.write.buffer.size = 33554432 (custom)
2019-08-16 05:31:35,361 [pool-591-thread-1] INFO  server.RaftServerConfigKeys (ConfUtils.java:logGet(43)) - raft.server.log.preallocated.size = 16384 (custom)
2019-08-16 05:31:35,362 [pool-580-thread-1] INFO  util.JmxRegister (JmxRegister.java:tryRegister(44)) - Successfully registered JMX Bean with object name Ratis:service=RaftServer,group=group-8C51E6309800,id=f3ad038f-da5c-4aab-b955-43805eae4a44
2019-08-16 05:31:35,362 [pool-569-thread-1] INFO  server.RaftServerConfigKeys (ConfUtils.java:logGet(43)) - raft.server.log.force.sync.num = 128 (default)
2019-08-16 05:31:35,362 [pool-591-thread-1] INFO  server.RaftServerConfigKeys (ConfUtils.java:logGet(43)) - raft.server.log.write.buffer.size = 33554432 (custom)
2019-08-16 05:31:35,362 [pool-569-thread-1] INFO  server.RaftServerConfigKeys (ConfUtils.java:logGet(43)) - raft.server.log.statemachine.data.sync = true (default)
2019-08-16 05:31:35,362 [pool-591-thread-1] INFO  server.RaftServerConfigKeys (ConfUtils.java:logGet(43)) - raft.server.log.force.sync.num = 128 (default)
2019-08-16 05:31:35,363 [pool-569-thread-1] INFO  server.RaftServerConfigKeys (ConfUtils.java:logGet(43)) - raft.server.log.statemachine.data.sync.timeout = 10s (default)
2019-08-16 05:31:35,363 [pool-591-thread-1] INFO  server.RaftServerConfigKeys (ConfUtils.java:logGet(43)) - raft.server.log.statemachine.data.sync = true (default)
2019-08-16 05:31:35,363 [pool-569-thread-1] INFO  server.RaftServerConfigKeys (ConfUtils.java:logGet(43)) - raft.server.log.statemachine.data.sync.timeout.retry = -1 (default)
2019-08-16 05:31:35,363 [pool-591-thread-1] INFO  server.RaftServerConfigKeys (ConfUtils.java:logGet(43)) - raft.server.log.statemachine.data.sync.timeout = 10s (default)
2019-08-16 05:31:35,363 [pool-569-thread-1] INFO  server.RaftServerConfigKeys (ConfUtils.java:logGet(43)) - raft.server.log.statemachine.data.caching.enabled = true (custom)
2019-08-16 05:31:35,366 [pool-591-thread-1] INFO  server.RaftServerConfigKeys (ConfUtils.java:logGet(43)) - raft.server.log.statemachine.data.sync.timeout.retry = -1 (default)
2019-08-16 05:31:35,366 [pool-569-thread-1] INFO  segmented.SegmentedRaftLogWorker (SegmentedRaftLogWorker.java:lambda$new$0(132)) - 0606af15-c5a8-4f2c-b2a4-46c802c45ccf-SegmentedRaftLogWorker:Storage Directory /workdir/hadoop-ozone/integration-test/target/test-dir/MiniOzoneClusterImpl-eb2bda36-fe71-46ed-bbf9-7d62ad1f7211/datanode-3/data/ratis/4060fff1-7c27-46b0-a17d-8c51e6309800: flushIndex: setUnconditionally 0 -> -1
2019-08-16 05:31:35,367 [pool-591-thread-1] INFO  server.RaftServerConfigKeys (ConfUtils.java:logGet(43)) - raft.server.log.statemachine.data.caching.enabled = true (custom)
2019-08-16 05:31:35,367 [pool-569-thread-1] INFO  server.RaftServerConfigKeys (ConfUtils.java:logGet(43)) - raft.server.snapshot.auto.trigger.enabled = true (custom)
2019-08-16 05:31:35,367 [pool-569-thread-1] INFO  server.RaftServerConfigKeys (ConfUtils.java:logGet(43)) - raft.server.snapshot.auto.trigger.threshold = 10000 (custom)
2019-08-16 05:31:35,367 [pool-591-thread-1] INFO  segmented.SegmentedRaftLogWorker (SegmentedRaftLogWorker.java:lambda$new$0(132)) - 28d0d1e5-a718-4131-8689-0f879c9b805a-SegmentedRaftLogWorker:Storage Directory /workdir/hadoop-ozone/integration-test/target/test-dir/MiniOzoneClusterImpl-eb2bda36-fe71-46ed-bbf9-7d62ad1f7211/datanode-5/data/ratis/4060fff1-7c27-46b0-a17d-8c51e6309800: flushIndex: setUnconditionally 0 -> -1
2019-08-16 05:31:35,367 [pool-569-thread-1] INFO  server.RaftServerConfigKeys (ConfUtils.java:logGet(43)) - raft.server.retrycache.expirytime = 600000ms (custom)
2019-08-16 05:31:35,367 [pool-569-thread-1] INFO  impl.RaftServerImpl (RaftServerImpl.java:start(180)) - 0606af15-c5a8-4f2c-b2a4-46c802c45ccf: start group-8C51E6309800
2019-08-16 05:31:35,367 [pool-591-thread-1] INFO  server.RaftServerConfigKeys (ConfUtils.java:logGet(43)) - raft.server.snapshot.auto.trigger.enabled = true (custom)
2019-08-16 05:31:35,368 [pool-569-thread-1] INFO  impl.RaftServerImpl (RaftServerImpl.java:setRole(171)) - 0606af15-c5a8-4f2c-b2a4-46c802c45ccf:group-8C51E6309800 changes role from null to FOLLOWER at term 0 for startAsFollower
2019-08-16 05:31:35,368 [pool-591-thread-1] INFO  server.RaftServerConfigKeys (ConfUtils.java:logGet(43)) - raft.server.snapshot.auto.trigger.threshold = 10000 (custom)
2019-08-16 05:31:35,368 [pool-569-thread-1] INFO  impl.RoleInfo (RoleInfo.java:updateAndGet(143)) - 0606af15-c5a8-4f2c-b2a4-46c802c45ccf: start FollowerState
2019-08-16 05:31:35,368 [pool-591-thread-1] INFO  server.RaftServerConfigKeys (ConfUtils.java:logGet(43)) - raft.server.retrycache.expirytime = 600000ms (custom)
2019-08-16 05:31:35,368 [pool-591-thread-1] INFO  impl.RaftServerImpl (RaftServerImpl.java:start(180)) - 28d0d1e5-a718-4131-8689-0f879c9b805a: start group-8C51E6309800
2019-08-16 05:31:35,368 [pool-569-thread-1] INFO  util.JmxRegister (JmxRegister.java:tryRegister(44)) - Successfully registered JMX Bean with object name Ratis:service=RaftServer,group=group-8C51E6309800,id=0606af15-c5a8-4f2c-b2a4-46c802c45ccf
2019-08-16 05:31:35,368 [pool-591-thread-1] INFO  impl.RaftServerImpl (RaftServerImpl.java:setRole(171)) - 28d0d1e5-a718-4131-8689-0f879c9b805a:group-8C51E6309800 changes role from null to FOLLOWER at term 0 for startAsFollower
2019-08-16 05:31:35,369 [pool-591-thread-1] INFO  impl.RoleInfo (RoleInfo.java:updateAndGet(143)) - 28d0d1e5-a718-4131-8689-0f879c9b805a: start FollowerState
2019-08-16 05:31:35,369 [pool-591-thread-1] INFO  util.JmxRegister (JmxRegister.java:tryRegister(44)) - Successfully registered JMX Bean with object name Ratis:service=RaftServer,group=group-8C51E6309800,id=28d0d1e5-a718-4131-8689-0f879c9b805a
2019-08-16 05:31:35,377 [RatisPipelineUtilsThread] INFO  pipeline.PipelineStateManager (PipelineStateManager.java:addPipeline(56)) - Created pipeline Pipeline[ Id: 4060fff1-7c27-46b0-a17d-8c51e6309800, Nodes: 0606af15-c5a8-4f2c-b2a4-46c802c45ccf{ip: 192.168.69.65, host: trunk-nightly-4lbr2-4263640518, networkLocation: /default-rack, certSerialId: null}28d0d1e5-a718-4131-8689-0f879c9b805a{ip: 192.168.69.65, host: trunk-nightly-4lbr2-4263640518, networkLocation: /default-rack, certSerialId: null}f3ad038f-da5c-4aab-b955-43805eae4a44{ip: 192.168.69.65, host: trunk-nightly-4lbr2-4263640518, networkLocation: /default-rack, certSerialId: null}, Type:RATIS, Factor:THREE, State:OPEN]
2019-08-16 05:31:35,397 [IPC Server handler 1 on 34802] INFO  net.NetworkTopology (NetworkTopologyImpl.java:add(110)) - Added a new node: /default-rack/86fd08ee-b365-4582-9ea1-c0072a3dfb7f
2019-08-16 05:31:35,397 [main] INFO  ozone.MiniOzoneClusterImpl (MiniOzoneClusterImpl.java:lambda$waitForClusterToBeReady$0(142)) - Cluster is ready. Got 7 of 7 DN Heartbeats.
2019-08-16 05:31:35,398 [IPC Server handler 1 on 34802] INFO  node.SCMNodeManager (SCMNodeManager.java:register(273)) - Registered Data node : 86fd08ee-b365-4582-9ea1-c0072a3dfb7f{ip: 192.168.69.65, host: trunk-nightly-4lbr2-4263640518, networkLocation: /default-rack, certSerialId: null}
2019-08-16 05:31:35,398 | INFO  | SCMAudit | user=jenkins1000 | ip=192.168.69.65 | op=REGISTER {datanodeDetails=86fd08ee-b365-4582-9ea1-c0072a3dfb7f{ip: 192.168.69.65, host: trunk-nightly-4lbr2-4263640518, networkLocation: /default-rack, certSerialId: null}} | ret=SUCCESS |  
2019-08-16 05:31:35,409 [grpc-default-executor-9] INFO  impl.RaftServerProxy (RaftServerProxy.java:addNew(89)) - 86fd08ee-b365-4582-9ea1-c0072a3dfb7f: addNew group-94DDBE57CBF7:[86fd08ee-b365-4582-9ea1-c0072a3dfb7f:192.168.69.65:35007] returns group-94DDBE57CBF7:java.util.concurrent.CompletableFuture@44e5443f[Not completed]
2019-08-16 05:31:35,418 [pool-602-thread-1] INFO  impl.RaftServerImpl (RaftServerImpl.java:<init>(93)) - 86fd08ee-b365-4582-9ea1-c0072a3dfb7f: new RaftServerImpl for group-94DDBE57CBF7:[86fd08ee-b365-4582-9ea1-c0072a3dfb7f:192.168.69.65:35007] with ContainerStateMachine:uninitialized
2019-08-16 05:31:35,421 [pool-602-thread-1] INFO  server.RaftServerConfigKeys (ConfUtils.java:logGet(43)) - raft.server.rpc.timeout.min = 5s (custom)
2019-08-16 05:31:35,427 [pool-602-thread-1] INFO  server.RaftServerConfigKeys (ConfUtils.java:logGet(43)) - raft.server.rpc.timeout.max = 5200ms (custom)
2019-08-16 05:31:35,428 [pool-602-thread-1] INFO  server.RaftServerConfigKeys (ConfUtils.java:logGet(43)) - raft.server.rpcslowness.timeout = 120s (custom)
2019-08-16 05:31:35,428 [pool-602-thread-1] INFO  server.RaftServerConfigKeys (ConfUtils.java:logGet(43)) - raft.server.sleep.deviation.threshold = 300 (default)
2019-08-16 05:31:35,428 [pool-602-thread-1] INFO  server.RaftServerConfigKeys (ConfUtils.java:logGet(43)) - raft.server.log.appender.install.snapshot.enabled = false (custom)
2019-08-16 05:31:35,428 [pool-602-thread-1] INFO  impl.RaftServerImpl (ServerState.java:<init>(105)) - 86fd08ee-b365-4582-9ea1-c0072a3dfb7f:group-94DDBE57CBF7 ConfigurationManager, init=-1: [86fd08ee-b365-4582-9ea1-c0072a3dfb7f:192.168.69.65:35007], old=null, confs=<EMPTY_MAP>
2019-08-16 05:31:35,428 [pool-602-thread-1] INFO  server.RaftServerConfigKeys (ConfUtils.java:logGet(43)) - raft.server.storage.dir = [/workdir/hadoop-ozone/integration-test/target/test-dir/MiniOzoneClusterImpl-eb2bda36-fe71-46ed-bbf9-7d62ad1f7211/datanode-6/data/ratis] (custom)
2019-08-16 05:31:35,429 [pool-602-thread-1] INFO  storage.RaftStorageDirectory (RaftStorageDirectory.java:analyzeStorage(246)) - The storage directory /workdir/hadoop-ozone/integration-test/target/test-dir/MiniOzoneClusterImpl-eb2bda36-fe71-46ed-bbf9-7d62ad1f7211/datanode-6/data/ratis/f4195dbf-80ce-4677-8080-94ddbe57cbf7 does not exist. Creating ...
2019-08-16 05:31:35,430 [main] INFO  rpc.RpcClient (RpcClient.java:createVolume(292)) - Creating Volume: testblockoutputstream, with jenkins1000 as owner.
2019-08-16 05:31:35,432 | INFO  | OMAudit | user=jenkins1000 | ip=127.0.0.1 | op=CREATE_VOLUME {admin=jenkins1000, owner=jenkins1000, volume=testblockoutputstream, creationTime=1565933495432, quotaInBytes=1152921504606846976} | ret=SUCCESS |  
2019-08-16 05:31:35,445 | INFO  | OMAudit | user=jenkins1000 | ip=127.0.0.1 | op=READ_VOLUME {volume=testblockoutputstream} | ret=SUCCESS |  
2019-08-16 05:31:35,446 [main] INFO  rpc.RpcClient (RpcClient.java:createBucket(429)) - Creating Bucket: testblockoutputstream/testblockoutputstream, with Versioning false and Storage Type set to DISK and Encryption set to false 
2019-08-16 05:31:35,450 | INFO  | OMAudit | user=jenkins1000 | ip=127.0.0.1 | op=CREATE_BUCKET {volume=testblockoutputstream, bucket=testblockoutputstream, acls=[user:jenkins1000:a[ACCESS], group:default:a[ACCESS]], isVersionEnabled=false, storageType=DISK, creationTime=0} | ret=SUCCESS |  
2019-08-16 05:31:35,450 [pool-602-thread-1] INFO  storage.RaftStorageDirectory (RaftStorageDirectory.java:tryLock(328)) - Lock on /workdir/hadoop-ozone/integration-test/target/test-dir/MiniOzoneClusterImpl-eb2bda36-fe71-46ed-bbf9-7d62ad1f7211/datanode-6/data/ratis/f4195dbf-80ce-4677-8080-94ddbe57cbf7/in_use.lock acquired by nodename 17142@trunk-nightly-4lbr2-4263640518
2019-08-16 05:31:35,452 | INFO  | OMAudit | user=jenkins1000 | ip=127.0.0.1 | op=READ_VOLUME {volume=testblockoutputstream} | ret=SUCCESS |  
2019-08-16 05:31:35,454 | INFO  | OMAudit | user=jenkins1000 | ip=127.0.0.1 | op=READ_BUCKET {volume=testblockoutputstream, bucket=testblockoutputstream} | ret=SUCCESS |  
2019-08-16 05:31:35,475 [pool-602-thread-1] INFO  storage.RaftStorage (RaftStorage.java:format(72)) - Storage directory /workdir/hadoop-ozone/integration-test/target/test-dir/MiniOzoneClusterImpl-eb2bda36-fe71-46ed-bbf9-7d62ad1f7211/datanode-6/data/ratis/f4195dbf-80ce-4677-8080-94ddbe57cbf7 has been successfully formatted.
2019-08-16 05:31:35,476 [pool-602-thread-1] INFO  ratis.ContainerStateMachine (ContainerStateMachine.java:loadSnapshot(222)) - group-94DDBE57CBF7: The snapshot info is null. Setting the last applied indexto:(t:0, i:~)
2019-08-16 05:31:35,476 [pool-602-thread-1] INFO  server.RaftServerConfigKeys (ConfUtils.java:logGet(43)) - raft.server.leader.election.timeout = 120s (custom)
2019-08-16 05:31:35,476 [pool-602-thread-1] INFO  server.RaftServerConfigKeys (ConfUtils.java:logGet(43)) - raft.server.log.use.memory = false (default)
2019-08-16 05:31:35,476 [pool-602-thread-1] INFO  server.RaftServerConfigKeys (ConfUtils.java:logGet(43)) - raft.server.log.purge.gap = 1000000000 (custom)
2019-08-16 05:31:35,476 [pool-602-thread-1] INFO  server.RaftServerConfigKeys (ConfUtils.java:logGet(43)) - raft.server.log.appender.buffer.byte-limit = 33554432 (custom)
2019-08-16 05:31:35,477 [pool-602-thread-1] INFO  server.RaftServerConfigKeys (ConfUtils.java:logGet(43)) - raft.server.log.segment.size.max = 1048576 (custom)
2019-08-16 05:31:35,477 [pool-602-thread-1] INFO  server.RaftServerConfigKeys (ConfUtils.java:logGet(43)) - raft.server.log.segment.cache.num.max = 2 (custom)
2019-08-16 05:31:35,477 [pool-602-thread-1] INFO  segmented.SegmentedRaftLogWorker (SegmentedRaftLogWorker.java:<init>(172)) - new 86fd08ee-b365-4582-9ea1-c0072a3dfb7f-SegmentedRaftLogWorker:Storage Directory /workdir/hadoop-ozone/integration-test/target/test-dir/MiniOzoneClusterImpl-eb2bda36-fe71-46ed-bbf9-7d62ad1f7211/datanode-6/data/ratis/f4195dbf-80ce-4677-8080-94ddbe57cbf7 for RaftStorage:Storage Directory /workdir/hadoop-ozone/integration-test/target/test-dir/MiniOzoneClusterImpl-eb2bda36-fe71-46ed-bbf9-7d62ad1f7211/datanode-6/data/ratis/f4195dbf-80ce-4677-8080-94ddbe57cbf7
2019-08-16 05:31:35,477 [pool-602-thread-1] INFO  server.RaftServerConfigKeys (ConfUtils.java:logGet(43)) - raft.server.log.queue.byte-limit = 2147483647 (custom)
2019-08-16 05:31:35,477 [pool-602-thread-1] INFO  server.RaftServerConfigKeys (ConfUtils.java:logGet(43)) - raft.server.log.queue.element-limit = 1024 (custom)
2019-08-16 05:31:35,477 [pool-602-thread-1] INFO  server.RaftServerConfigKeys (ConfUtils.java:logGet(43)) - raft.server.log.segment.size.max = 1048576 (custom)
2019-08-16 05:31:35,478 [pool-602-thread-1] INFO  server.RaftServerConfigKeys (ConfUtils.java:logGet(43)) - raft.server.log.preallocated.size = 16384 (custom)
2019-08-16 05:31:35,478 [pool-602-thread-1] INFO  server.RaftServerConfigKeys (ConfUtils.java:logGet(43)) - raft.server.log.write.buffer.size = 33554432 (custom)
2019-08-16 05:31:35,478 [pool-602-thread-1] INFO  server.RaftServerConfigKeys (ConfUtils.java:logGet(43)) - raft.server.log.force.sync.num = 128 (default)
2019-08-16 05:31:35,478 [pool-602-thread-1] INFO  server.RaftServerConfigKeys (ConfUtils.java:logGet(43)) - raft.server.log.statemachine.data.sync = true (default)
2019-08-16 05:31:35,478 [pool-602-thread-1] INFO  server.RaftServerConfigKeys (ConfUtils.java:logGet(43)) - raft.server.log.statemachine.data.sync.timeout = 10s (default)
2019-08-16 05:31:35,478 [pool-602-thread-1] INFO  server.RaftServerConfigKeys (ConfUtils.java:logGet(43)) - raft.server.log.statemachine.data.sync.timeout.retry = -1 (default)
2019-08-16 05:31:35,479 [pool-602-thread-1] INFO  server.RaftServerConfigKeys (ConfUtils.java:logGet(43)) - raft.server.log.statemachine.data.caching.enabled = true (custom)
2019-08-16 05:31:35,479 [pool-602-thread-1] INFO  segmented.SegmentedRaftLogWorker (SegmentedRaftLogWorker.java:lambda$new$0(132)) - 86fd08ee-b365-4582-9ea1-c0072a3dfb7f-SegmentedRaftLogWorker:Storage Directory /workdir/hadoop-ozone/integration-test/target/test-dir/MiniOzoneClusterImpl-eb2bda36-fe71-46ed-bbf9-7d62ad1f7211/datanode-6/data/ratis/f4195dbf-80ce-4677-8080-94ddbe57cbf7: flushIndex: setUnconditionally 0 -> -1
2019-08-16 05:31:35,479 [pool-602-thread-1] INFO  server.RaftServerConfigKeys (ConfUtils.java:logGet(43)) - raft.server.snapshot.auto.trigger.enabled = true (custom)
2019-08-16 05:31:35,480 [pool-602-thread-1] INFO  server.RaftServerConfigKeys (ConfUtils.java:logGet(43)) - raft.server.snapshot.auto.trigger.threshold = 10000 (custom)
2019-08-16 05:31:35,480 [pool-602-thread-1] INFO  server.RaftServerConfigKeys (ConfUtils.java:logGet(43)) - raft.server.retrycache.expirytime = 600000ms (custom)
2019-08-16 05:31:35,480 [pool-602-thread-1] INFO  impl.RaftServerImpl (RaftServerImpl.java:start(180)) - 86fd08ee-b365-4582-9ea1-c0072a3dfb7f: start group-94DDBE57CBF7
2019-08-16 05:31:35,480 [pool-602-thread-1] INFO  impl.RaftServerImpl (RaftServerImpl.java:setRole(171)) - 86fd08ee-b365-4582-9ea1-c0072a3dfb7f:group-94DDBE57CBF7 changes role from null to FOLLOWER at term 0 for startAsFollower
2019-08-16 05:31:35,480 [pool-602-thread-1] INFO  impl.RoleInfo (RoleInfo.java:updateAndGet(143)) - 86fd08ee-b365-4582-9ea1-c0072a3dfb7f: start FollowerState
2019-08-16 05:31:35,481 [pool-602-thread-1] INFO  util.JmxRegister (JmxRegister.java:tryRegister(44)) - Successfully registered JMX Bean with object name Ratis:service=RaftServer,group=group-94DDBE57CBF7,id=86fd08ee-b365-4582-9ea1-c0072a3dfb7f
2019-08-16 05:31:35,486 [RatisPipelineUtilsThread] INFO  pipeline.PipelineStateManager (PipelineStateManager.java:addPipeline(56)) - Created pipeline Pipeline[ Id: f4195dbf-80ce-4677-8080-94ddbe57cbf7, Nodes: 86fd08ee-b365-4582-9ea1-c0072a3dfb7f{ip: 192.168.69.65, host: trunk-nightly-4lbr2-4263640518, networkLocation: /default-rack, certSerialId: null}, Type:RATIS, Factor:ONE, State:OPEN]
2019-08-16 05:31:35,487 | INFO  | SCMAudit | user=jenkins1000 | ip=192.168.69.65 | op=ALLOCATE_BLOCK {owner=a36e2a62-610a-46dd-94b1-d07e91cb3dce, size=800, type=RATIS, factor=THREE} | ret=SUCCESS |  
2019-08-16 05:31:35,488 | INFO  | OMAudit | user=jenkins1000 | ip=127.0.0.1 | op=ALLOCATE_KEY {volume=testblockoutputstream, bucket=testblockoutputstream, key=495dff7c-0d2b-4cda-901a-c45ab56c2459, dataSize=0, replicationType=RATIS, replicationFactor=THREE, keyLocationInfo=null} | ret=SUCCESS |  
2019-08-16 05:31:35,502 [grpc-default-executor-9] INFO  client.GrpcClientProtocolClient (GrpcClientProtocolClient.java:onNext(255)) - client-033B34E2C379->0606af15-c5a8-4f2c-b2a4-46c802c45ccf: receive RaftClientReply:client-033B34E2C379->0606af15-c5a8-4f2c-b2a4-46c802c45ccf@group-8C51E6309800, cid=215, FAILED org.apache.ratis.protocol.NotLeaderException: Server 0606af15-c5a8-4f2c-b2a4-46c802c45ccf is not the leader (null). Request must be sent to leader., logIndex=0, commits[0606af15-c5a8-4f2c-b2a4-46c802c45ccf:c-1]
2019-08-16 05:31:36,207 | INFO  | SCMAudit | user=jenkins1000 | ip=192.168.69.65 | op=SEND_HEARTBEAT {datanodeUUID=e53a8343-b752-45e5-a470-b8d6a4558a93, command=[]} | ret=SUCCESS |  
2019-08-16 05:31:36,373 | INFO  | SCMAudit | user=jenkins1000 | ip=192.168.69.65 | op=SEND_HEARTBEAT {datanodeUUID=3149bb86-d3f1-4715-b40f-8f93528c26f6, command=[]} | ret=SUCCESS |  
2019-08-16 05:31:36,518 [grpc-default-executor-8] INFO  client.GrpcClientProtocolClient (GrpcClientProtocolClient.java:onNext(255)) - client-033B34E2C379->28d0d1e5-a718-4131-8689-0f879c9b805a: receive RaftClientReply:client-033B34E2C379->28d0d1e5-a718-4131-8689-0f879c9b805a@group-8C51E6309800, cid=215, FAILED org.apache.ratis.protocol.NotLeaderException: Server 28d0d1e5-a718-4131-8689-0f879c9b805a is not the leader (null). Request must be sent to leader., logIndex=0, commits[28d0d1e5-a718-4131-8689-0f879c9b805a:c-1]
2019-08-16 05:31:36,536 | INFO  | SCMAudit | user=jenkins1000 | ip=192.168.69.65 | op=SEND_HEARTBEAT {datanodeUUID=d5c3898c-9450-49fc-8e0a-029bdffc6f28, command=[]} | ret=SUCCESS |  
2019-08-16 05:31:36,888 | INFO  | SCMAudit | user=jenkins1000 | ip=192.168.69.65 | op=SEND_HEARTBEAT {datanodeUUID=0606af15-c5a8-4f2c-b2a4-46c802c45ccf, command=[]} | ret=SUCCESS |  
2019-08-16 05:31:37,066 | INFO  | SCMAudit | user=jenkins1000 | ip=192.168.69.65 | op=SEND_HEARTBEAT {datanodeUUID=f3ad038f-da5c-4aab-b955-43805eae4a44, command=[]} | ret=SUCCESS |  
2019-08-16 05:31:37,207 | INFO  | SCMAudit | user=jenkins1000 | ip=192.168.69.65 | op=SEND_HEARTBEAT {datanodeUUID=e53a8343-b752-45e5-a470-b8d6a4558a93, command=[]} | ret=SUCCESS |  
2019-08-16 05:31:37,219 [Thread-4042] INFO  container.ReplicationManager (ReplicationManager.java:start(152)) - Starting Replication Monitor Thread.
2019-08-16 05:31:37,223 [ReplicationMonitor] INFO  container.ReplicationManager (ReplicationManager.java:run(215)) - Replication Monitor Thread took 0 milliseconds for processing 1 containers.
2019-08-16 05:31:37,235 | INFO  | SCMAudit | user=jenkins1000 | ip=192.168.69.65 | op=SEND_HEARTBEAT {datanodeUUID=28d0d1e5-a718-4131-8689-0f879c9b805a, command=[]} | ret=SUCCESS |  
2019-08-16 05:31:37,373 | INFO  | SCMAudit | user=jenkins1000 | ip=192.168.69.65 | op=SEND_HEARTBEAT {datanodeUUID=3149bb86-d3f1-4715-b40f-8f93528c26f6, command=[]} | ret=SUCCESS |  
2019-08-16 05:31:37,397 | INFO  | SCMAudit | user=jenkins1000 | ip=192.168.69.65 | op=SEND_HEARTBEAT {datanodeUUID=86fd08ee-b365-4582-9ea1-c0072a3dfb7f, command=[]} | ret=SUCCESS |  
2019-08-16 05:31:37,529 [grpc-default-executor-8] INFO  client.GrpcClientProtocolClient (GrpcClientProtocolClient.java:onNext(255)) - client-033B34E2C379->0606af15-c5a8-4f2c-b2a4-46c802c45ccf: receive RaftClientReply:client-033B34E2C379->0606af15-c5a8-4f2c-b2a4-46c802c45ccf@group-8C51E6309800, cid=215, FAILED org.apache.ratis.protocol.NotLeaderException: Server 0606af15-c5a8-4f2c-b2a4-46c802c45ccf is not the leader (null). Request must be sent to leader., logIndex=0, commits[0606af15-c5a8-4f2c-b2a4-46c802c45ccf:c-1]
2019-08-16 05:31:37,536 | INFO  | SCMAudit | user=jenkins1000 | ip=192.168.69.65 | op=SEND_HEARTBEAT {datanodeUUID=d5c3898c-9450-49fc-8e0a-029bdffc6f28, command=[]} | ret=SUCCESS |  
2019-08-16 05:31:37,887 | INFO  | SCMAudit | user=jenkins1000 | ip=192.168.69.65 | op=SEND_HEARTBEAT {datanodeUUID=0606af15-c5a8-4f2c-b2a4-46c802c45ccf, command=[]} | ret=SUCCESS |  
2019-08-16 05:31:38,066 | INFO  | SCMAudit | user=jenkins1000 | ip=192.168.69.65 | op=SEND_HEARTBEAT {datanodeUUID=f3ad038f-da5c-4aab-b955-43805eae4a44, command=[]} | ret=SUCCESS |  
2019-08-16 05:31:38,208 | INFO  | SCMAudit | user=jenkins1000 | ip=192.168.69.65 | op=SEND_HEARTBEAT {datanodeUUID=e53a8343-b752-45e5-a470-b8d6a4558a93, command=[]} | ret=SUCCESS |  
2019-08-16 05:31:38,235 | INFO  | SCMAudit | user=jenkins1000 | ip=192.168.69.65 | op=SEND_HEARTBEAT {datanodeUUID=28d0d1e5-a718-4131-8689-0f879c9b805a, command=[]} | ret=SUCCESS |  
2019-08-16 05:31:38,373 | INFO  | SCMAudit | user=jenkins1000 | ip=192.168.69.65 | op=SEND_HEARTBEAT {datanodeUUID=3149bb86-d3f1-4715-b40f-8f93528c26f6, command=[]} | ret=SUCCESS |  
2019-08-16 05:31:38,397 | INFO  | SCMAudit | user=jenkins1000 | ip=192.168.69.65 | op=SEND_HEARTBEAT {datanodeUUID=86fd08ee-b365-4582-9ea1-c0072a3dfb7f, command=[]} | ret=SUCCESS |  
2019-08-16 05:31:38,536 | INFO  | SCMAudit | user=jenkins1000 | ip=192.168.69.65 | op=SEND_HEARTBEAT {datanodeUUID=d5c3898c-9450-49fc-8e0a-029bdffc6f28, command=[]} | ret=SUCCESS |  
2019-08-16 05:31:38,545 [grpc-default-executor-9] INFO  client.GrpcClientProtocolClient (GrpcClientProtocolClient.java:onNext(255)) - client-033B34E2C379->f3ad038f-da5c-4aab-b955-43805eae4a44: receive RaftClientReply:client-033B34E2C379->f3ad038f-da5c-4aab-b955-43805eae4a44@group-8C51E6309800, cid=215, FAILED org.apache.ratis.protocol.NotLeaderException: Server f3ad038f-da5c-4aab-b955-43805eae4a44 is not the leader (null). Request must be sent to leader., logIndex=0, commits[f3ad038f-da5c-4aab-b955-43805eae4a44:c-1]
2019-08-16 05:31:38,887 | INFO  | SCMAudit | user=jenkins1000 | ip=192.168.69.65 | op=SEND_HEARTBEAT {datanodeUUID=0606af15-c5a8-4f2c-b2a4-46c802c45ccf, command=[]} | ret=SUCCESS |  
2019-08-16 05:31:39,066 | INFO  | SCMAudit | user=jenkins1000 | ip=192.168.69.65 | op=SEND_HEARTBEAT {datanodeUUID=f3ad038f-da5c-4aab-b955-43805eae4a44, command=[]} | ret=SUCCESS |  
2019-08-16 05:31:39,208 | INFO  | SCMAudit | user=jenkins1000 | ip=192.168.69.65 | op=SEND_HEARTBEAT {datanodeUUID=e53a8343-b752-45e5-a470-b8d6a4558a93, command=[]} | ret=SUCCESS |  
2019-08-16 05:31:39,235 | INFO  | SCMAudit | user=jenkins1000 | ip=192.168.69.65 | op=SEND_HEARTBEAT {datanodeUUID=28d0d1e5-a718-4131-8689-0f879c9b805a, command=[]} | ret=SUCCESS |  
2019-08-16 05:31:39,373 | INFO  | SCMAudit | user=jenkins1000 | ip=192.168.69.65 | op=SEND_HEARTBEAT {datanodeUUID=3149bb86-d3f1-4715-b40f-8f93528c26f6, command=[]} | ret=SUCCESS |  
2019-08-16 05:31:39,398 | INFO  | SCMAudit | user=jenkins1000 | ip=192.168.69.65 | op=SEND_HEARTBEAT {datanodeUUID=86fd08ee-b365-4582-9ea1-c0072a3dfb7f, command=[]} | ret=SUCCESS |  
2019-08-16 05:31:39,470 [Thread-4044] INFO  impl.FollowerState (FollowerState.java:run(106)) - e53a8343-b752-45e5-a470-b8d6a4558a93:group-DD4E617CEED6 changes to CANDIDATE, lastRpcTime:5176, electionTimeout:5176ms
2019-08-16 05:31:39,471 [Thread-4044] INFO  impl.RoleInfo (RoleInfo.java:shutdownFollowerState(121)) - e53a8343-b752-45e5-a470-b8d6a4558a93: shutdown FollowerState
2019-08-16 05:31:39,471 [Thread-4044] INFO  impl.RaftServerImpl (RaftServerImpl.java:setRole(171)) - e53a8343-b752-45e5-a470-b8d6a4558a93:group-DD4E617CEED6 changes role from FOLLOWER to CANDIDATE at term 0 for changeToCandidate
2019-08-16 05:31:39,471 [Thread-4044] INFO  impl.RoleInfo (RoleInfo.java:updateAndGet(143)) - e53a8343-b752-45e5-a470-b8d6a4558a93: start LeaderElection
2019-08-16 05:31:39,493 [e53a8343-b752-45e5-a470-b8d6a4558a93:group-DD4E617CEED6:LeaderElection80] INFO  impl.LeaderElection (LeaderElection.java:askForVotes(181)) - e53a8343-b752-45e5-a470-b8d6a4558a93:group-DD4E617CEED6:LeaderElection80: begin an election at term 1 for -1: [e53a8343-b752-45e5-a470-b8d6a4558a93:192.168.69.65:40326], old=null
2019-08-16 05:31:39,494 [e53a8343-b752-45e5-a470-b8d6a4558a93:group-DD4E617CEED6:LeaderElection80] INFO  impl.RoleInfo (RoleInfo.java:shutdownLeaderElection(134)) - e53a8343-b752-45e5-a470-b8d6a4558a93: shutdown LeaderElection
2019-08-16 05:31:39,494 [e53a8343-b752-45e5-a470-b8d6a4558a93:group-DD4E617CEED6:LeaderElection80] INFO  impl.RaftServerImpl (RaftServerImpl.java:setRole(171)) - e53a8343-b752-45e5-a470-b8d6a4558a93:group-DD4E617CEED6 changes role from CANDIDATE to LEADER at term 1 for changeToLeader
2019-08-16 05:31:39,494 [e53a8343-b752-45e5-a470-b8d6a4558a93:group-DD4E617CEED6:LeaderElection80] INFO  impl.RaftServerImpl (ServerState.java:setLeader(263)) - e53a8343-b752-45e5-a470-b8d6a4558a93:group-DD4E617CEED6 change Leader from null to e53a8343-b752-45e5-a470-b8d6a4558a93 at term 1 for becomeLeader, leader elected after 5204ms
2019-08-16 05:31:39,494 [e53a8343-b752-45e5-a470-b8d6a4558a93:group-DD4E617CEED6:LeaderElection80] INFO  server.RaftServerConfigKeys (ConfUtils.java:logGet(43)) - raft.server.staging.catchup.gap = 1000 (default)
2019-08-16 05:31:39,494 [e53a8343-b752-45e5-a470-b8d6a4558a93:group-DD4E617CEED6:LeaderElection80] INFO  server.RaftServerConfigKeys (ConfUtils.java:logGet(43)) - raft.server.rpc.sleep.time = 25ms (default)
2019-08-16 05:31:39,494 [e53a8343-b752-45e5-a470-b8d6a4558a93:group-DD4E617CEED6:LeaderElection80] INFO  server.RaftServerConfigKeys (ConfUtils.java:logGet(43)) - raft.server.write.element-limit = 4096 (default)
2019-08-16 05:31:39,494 [e53a8343-b752-45e5-a470-b8d6a4558a93:group-DD4E617CEED6:LeaderElection80] INFO  server.RaftServerConfigKeys (ConfUtils.java:logGet(43)) - raft.server.watch.timeout = 10s (default)
2019-08-16 05:31:39,495 [e53a8343-b752-45e5-a470-b8d6a4558a93:group-DD4E617CEED6:LeaderElection80] INFO  server.RaftServerConfigKeys (ConfUtils.java:logGet(43)) - raft.server.watch.timeout.denomination = 1s (default)
2019-08-16 05:31:39,495 [e53a8343-b752-45e5-a470-b8d6a4558a93:group-DD4E617CEED6:LeaderElection80] INFO  server.RaftServerConfigKeys (ConfUtils.java:logGet(43)) - raft.server.watch.element-limit = 65536 (default)
2019-08-16 05:31:39,495 [e53a8343-b752-45e5-a470-b8d6a4558a93:group-DD4E617CEED6:LeaderElection80] INFO  impl.RoleInfo (RoleInfo.java:updateAndGet(143)) - e53a8343-b752-45e5-a470-b8d6a4558a93: start LeaderState
2019-08-16 05:31:39,495 [e53a8343-b752-45e5-a470-b8d6a4558a93:group-DD4E617CEED6:LeaderElection80] INFO  segmented.SegmentedRaftLogWorker (SegmentedRaftLogWorker.java:startLogSegment(380)) - e53a8343-b752-45e5-a470-b8d6a4558a93-SegmentedRaftLogWorker:Storage Directory /workdir/hadoop-ozone/integration-test/target/test-dir/MiniOzoneClusterImpl-eb2bda36-fe71-46ed-bbf9-7d62ad1f7211/datanode-0/data/ratis/0258bfe7-e015-4b54-a436-dd4e617ceed6: Starting segment from index:0
2019-08-16 05:31:39,496 [e53a8343-b752-45e5-a470-b8d6a4558a93:group-DD4E617CEED6:LeaderElection80] INFO  impl.RaftServerImpl (ServerState.java:setRaftConf(361)) - e53a8343-b752-45e5-a470-b8d6a4558a93:group-DD4E617CEED6 set configuration 0: [e53a8343-b752-45e5-a470-b8d6a4558a93:192.168.69.65:40326], old=null at 0
2019-08-16 05:31:39,535 [e53a8343-b752-45e5-a470-b8d6a4558a93-SegmentedRaftLogWorker:Storage Directory /workdir/hadoop-ozone/integration-test/target/test-dir/MiniOzoneClusterImpl-eb2bda36-fe71-46ed-bbf9-7d62ad1f7211/datanode-0/data/ratis/0258bfe7-e015-4b54-a436-dd4e617ceed6] INFO  segmented.SegmentedRaftLogWorker (SegmentedRaftLogWorker.java:execute(569)) - e53a8343-b752-45e5-a470-b8d6a4558a93-SegmentedRaftLogWorker:Storage Directory /workdir/hadoop-ozone/integration-test/target/test-dir/MiniOzoneClusterImpl-eb2bda36-fe71-46ed-bbf9-7d62ad1f7211/datanode-0/data/ratis/0258bfe7-e015-4b54-a436-dd4e617ceed6: created new log segment /workdir/hadoop-ozone/integration-test/target/test-dir/MiniOzoneClusterImpl-eb2bda36-fe71-46ed-bbf9-7d62ad1f7211/datanode-0/data/ratis/0258bfe7-e015-4b54-a436-dd4e617ceed6/current/log_inprogress_0
2019-08-16 05:31:39,536 | INFO  | SCMAudit | user=jenkins1000 | ip=192.168.69.65 | op=SEND_HEARTBEAT {datanodeUUID=d5c3898c-9450-49fc-8e0a-029bdffc6f28, command=[]} | ret=SUCCESS |  
2019-08-16 05:31:39,556 [grpc-default-executor-8] INFO  client.GrpcClientProtocolClient (GrpcClientProtocolClient.java:onNext(255)) - client-033B34E2C379->0606af15-c5a8-4f2c-b2a4-46c802c45ccf: receive RaftClientReply:client-033B34E2C379->0606af15-c5a8-4f2c-b2a4-46c802c45ccf@group-8C51E6309800, cid=215, FAILED org.apache.ratis.protocol.NotLeaderException: Server 0606af15-c5a8-4f2c-b2a4-46c802c45ccf is not the leader (null). Request must be sent to leader., logIndex=0, commits[0606af15-c5a8-4f2c-b2a4-46c802c45ccf:c-1]
2019-08-16 05:31:39,606 [Thread-4047] INFO  impl.FollowerState (FollowerState.java:run(106)) - 3149bb86-d3f1-4715-b40f-8f93528c26f6:group-5CA3C7B83B16 changes to CANDIDATE, lastRpcTime:5189, electionTimeout:5189ms
2019-08-16 05:31:39,606 [Thread-4047] INFO  impl.RoleInfo (RoleInfo.java:shutdownFollowerState(121)) - 3149bb86-d3f1-4715-b40f-8f93528c26f6: shutdown FollowerState
2019-08-16 05:31:39,606 [Thread-4047] INFO  impl.RaftServerImpl (RaftServerImpl.java:setRole(171)) - 3149bb86-d3f1-4715-b40f-8f93528c26f6:group-5CA3C7B83B16 changes role from FOLLOWER to CANDIDATE at term 0 for changeToCandidate
2019-08-16 05:31:39,606 [Thread-4047] INFO  impl.RoleInfo (RoleInfo.java:updateAndGet(143)) - 3149bb86-d3f1-4715-b40f-8f93528c26f6: start LeaderElection
2019-08-16 05:31:39,622 [Thread-4050] INFO  impl.FollowerState (FollowerState.java:run(106)) - d5c3898c-9450-49fc-8e0a-029bdffc6f28:group-8835A6FCD60B changes to CANDIDATE, lastRpcTime:5013, electionTimeout:5013ms
2019-08-16 05:31:39,623 [Thread-4050] INFO  impl.RoleInfo (RoleInfo.java:shutdownFollowerState(121)) - d5c3898c-9450-49fc-8e0a-029bdffc6f28: shutdown FollowerState
2019-08-16 05:31:39,623 [Thread-4050] INFO  impl.RaftServerImpl (RaftServerImpl.java:setRole(171)) - d5c3898c-9450-49fc-8e0a-029bdffc6f28:group-8835A6FCD60B changes role from FOLLOWER to CANDIDATE at term 0 for changeToCandidate
2019-08-16 05:31:39,623 [Thread-4050] INFO  impl.RoleInfo (RoleInfo.java:updateAndGet(143)) - d5c3898c-9450-49fc-8e0a-029bdffc6f28: start LeaderElection
2019-08-16 05:31:39,637 [3149bb86-d3f1-4715-b40f-8f93528c26f6:group-5CA3C7B83B16:LeaderElection81] INFO  impl.LeaderElection (LeaderElection.java:askForVotes(181)) - 3149bb86-d3f1-4715-b40f-8f93528c26f6:group-5CA3C7B83B16:LeaderElection81: begin an election at term 1 for -1: [3149bb86-d3f1-4715-b40f-8f93528c26f6:192.168.69.65:40261], old=null
2019-08-16 05:31:39,641 [3149bb86-d3f1-4715-b40f-8f93528c26f6:group-5CA3C7B83B16:LeaderElection81] INFO  impl.RoleInfo (RoleInfo.java:shutdownLeaderElection(134)) - 3149bb86-d3f1-4715-b40f-8f93528c26f6: shutdown LeaderElection
2019-08-16 05:31:39,641 [3149bb86-d3f1-4715-b40f-8f93528c26f6:group-5CA3C7B83B16:LeaderElection81] INFO  impl.RaftServerImpl (RaftServerImpl.java:setRole(171)) - 3149bb86-d3f1-4715-b40f-8f93528c26f6:group-5CA3C7B83B16 changes role from CANDIDATE to LEADER at term 1 for changeToLeader
2019-08-16 05:31:39,641 [3149bb86-d3f1-4715-b40f-8f93528c26f6:group-5CA3C7B83B16:LeaderElection81] INFO  impl.RaftServerImpl (ServerState.java:setLeader(263)) - 3149bb86-d3f1-4715-b40f-8f93528c26f6:group-5CA3C7B83B16 change Leader from null to 3149bb86-d3f1-4715-b40f-8f93528c26f6 at term 1 for becomeLeader, leader elected after 5228ms
2019-08-16 05:31:39,641 [3149bb86-d3f1-4715-b40f-8f93528c26f6:group-5CA3C7B83B16:LeaderElection81] INFO  server.RaftServerConfigKeys (ConfUtils.java:logGet(43)) - raft.server.staging.catchup.gap = 1000 (default)
2019-08-16 05:31:39,642 [3149bb86-d3f1-4715-b40f-8f93528c26f6:group-5CA3C7B83B16:LeaderElection81] INFO  server.RaftServerConfigKeys (ConfUtils.java:logGet(43)) - raft.server.rpc.sleep.time = 25ms (default)
2019-08-16 05:31:39,642 [3149bb86-d3f1-4715-b40f-8f93528c26f6:group-5CA3C7B83B16:LeaderElection81] INFO  server.RaftServerConfigKeys (ConfUtils.java:logGet(43)) - raft.server.write.element-limit = 4096 (default)
2019-08-16 05:31:39,642 [3149bb86-d3f1-4715-b40f-8f93528c26f6:group-5CA3C7B83B16:LeaderElection81] INFO  server.RaftServerConfigKeys (ConfUtils.java:logGet(43)) - raft.server.watch.timeout = 10s (default)
2019-08-16 05:31:39,642 [3149bb86-d3f1-4715-b40f-8f93528c26f6:group-5CA3C7B83B16:LeaderElection81] INFO  server.RaftServerConfigKeys (ConfUtils.java:logGet(43)) - raft.server.watch.timeout.denomination = 1s (default)
2019-08-16 05:31:39,642 [3149bb86-d3f1-4715-b40f-8f93528c26f6:group-5CA3C7B83B16:LeaderElection81] INFO  server.RaftServerConfigKeys (ConfUtils.java:logGet(43)) - raft.server.watch.element-limit = 65536 (default)
2019-08-16 05:31:39,642 [3149bb86-d3f1-4715-b40f-8f93528c26f6:group-5CA3C7B83B16:LeaderElection81] INFO  impl.RoleInfo (RoleInfo.java:updateAndGet(143)) - 3149bb86-d3f1-4715-b40f-8f93528c26f6: start LeaderState
2019-08-16 05:31:39,643 [3149bb86-d3f1-4715-b40f-8f93528c26f6:group-5CA3C7B83B16:LeaderElection81] INFO  segmented.SegmentedRaftLogWorker (SegmentedRaftLogWorker.java:startLogSegment(380)) - 3149bb86-d3f1-4715-b40f-8f93528c26f6-SegmentedRaftLogWorker:Storage Directory /workdir/hadoop-ozone/integration-test/target/test-dir/MiniOzoneClusterImpl-eb2bda36-fe71-46ed-bbf9-7d62ad1f7211/datanode-1/data/ratis/180cb723-a3de-419d-8e5c-5ca3c7b83b16: Starting segment from index:0
2019-08-16 05:31:39,643 [3149bb86-d3f1-4715-b40f-8f93528c26f6:group-5CA3C7B83B16:LeaderElection81] INFO  impl.RaftServerImpl (ServerState.java:setRaftConf(361)) - 3149bb86-d3f1-4715-b40f-8f93528c26f6:group-5CA3C7B83B16 set configuration 0: [3149bb86-d3f1-4715-b40f-8f93528c26f6:192.168.69.65:40261], old=null at 0
2019-08-16 05:31:39,654 [d5c3898c-9450-49fc-8e0a-029bdffc6f28:group-8835A6FCD60B:LeaderElection82] INFO  impl.LeaderElection (LeaderElection.java:askForVotes(181)) - d5c3898c-9450-49fc-8e0a-029bdffc6f28:group-8835A6FCD60B:LeaderElection82: begin an election at term 1 for -1: [d5c3898c-9450-49fc-8e0a-029bdffc6f28:192.168.69.65:35090], old=null
2019-08-16 05:31:39,654 [d5c3898c-9450-49fc-8e0a-029bdffc6f28:group-8835A6FCD60B:LeaderElection82] INFO  impl.RoleInfo (RoleInfo.java:shutdownLeaderElection(134)) - d5c3898c-9450-49fc-8e0a-029bdffc6f28: shutdown LeaderElection
2019-08-16 05:31:39,654 [d5c3898c-9450-49fc-8e0a-029bdffc6f28:group-8835A6FCD60B:LeaderElection82] INFO  impl.RaftServerImpl (RaftServerImpl.java:setRole(171)) - d5c3898c-9450-49fc-8e0a-029bdffc6f28:group-8835A6FCD60B changes role from CANDIDATE to LEADER at term 1 for changeToLeader
2019-08-16 05:31:39,655 [d5c3898c-9450-49fc-8e0a-029bdffc6f28:group-8835A6FCD60B:LeaderElection82] INFO  impl.RaftServerImpl (ServerState.java:setLeader(263)) - d5c3898c-9450-49fc-8e0a-029bdffc6f28:group-8835A6FCD60B change Leader from null to d5c3898c-9450-49fc-8e0a-029bdffc6f28 at term 1 for becomeLeader, leader elected after 5049ms
2019-08-16 05:31:39,655 [d5c3898c-9450-49fc-8e0a-029bdffc6f28:group-8835A6FCD60B:LeaderElection82] INFO  server.RaftServerConfigKeys (ConfUtils.java:logGet(43)) - raft.server.staging.catchup.gap = 1000 (default)
2019-08-16 05:31:39,655 [d5c3898c-9450-49fc-8e0a-029bdffc6f28:group-8835A6FCD60B:LeaderElection82] INFO  server.RaftServerConfigKeys (ConfUtils.java:logGet(43)) - raft.server.rpc.sleep.time = 25ms (default)
2019-08-16 05:31:39,655 [d5c3898c-9450-49fc-8e0a-029bdffc6f28:group-8835A6FCD60B:LeaderElection82] INFO  server.RaftServerConfigKeys (ConfUtils.java:logGet(43)) - raft.server.write.element-limit = 4096 (default)
2019-08-16 05:31:39,655 [d5c3898c-9450-49fc-8e0a-029bdffc6f28:group-8835A6FCD60B:LeaderElection82] INFO  server.RaftServerConfigKeys (ConfUtils.java:logGet(43)) - raft.server.watch.timeout = 10s (default)
2019-08-16 05:31:39,655 [d5c3898c-9450-49fc-8e0a-029bdffc6f28:group-8835A6FCD60B:LeaderElection82] INFO  server.RaftServerConfigKeys (ConfUtils.java:logGet(43)) - raft.server.watch.timeout.denomination = 1s (default)
2019-08-16 05:31:39,656 [d5c3898c-9450-49fc-8e0a-029bdffc6f28:group-8835A6FCD60B:LeaderElection82] INFO  server.RaftServerConfigKeys (ConfUtils.java:logGet(43)) - raft.server.watch.element-limit = 65536 (default)
2019-08-16 05:31:39,656 [d5c3898c-9450-49fc-8e0a-029bdffc6f28:group-8835A6FCD60B:LeaderElection82] INFO  impl.RoleInfo (RoleInfo.java:updateAndGet(143)) - d5c3898c-9450-49fc-8e0a-029bdffc6f28: start LeaderState
2019-08-16 05:31:39,656 [d5c3898c-9450-49fc-8e0a-029bdffc6f28:group-8835A6FCD60B:LeaderElection82] INFO  segmented.SegmentedRaftLogWorker (SegmentedRaftLogWorker.java:startLogSegment(380)) - d5c3898c-9450-49fc-8e0a-029bdffc6f28-SegmentedRaftLogWorker:Storage Directory /workdir/hadoop-ozone/integration-test/target/test-dir/MiniOzoneClusterImpl-eb2bda36-fe71-46ed-bbf9-7d62ad1f7211/datanode-2/data/ratis/7ef2f8f6-6bec-489a-8c7c-8835a6fcd60b: Starting segment from index:0
2019-08-16 05:31:39,657 [d5c3898c-9450-49fc-8e0a-029bdffc6f28:group-8835A6FCD60B:LeaderElection82] INFO  impl.RaftServerImpl (ServerState.java:setRaftConf(361)) - d5c3898c-9450-49fc-8e0a-029bdffc6f28:group-8835A6FCD60B set configuration 0: [d5c3898c-9450-49fc-8e0a-029bdffc6f28:192.168.69.65:35090], old=null at 0
2019-08-16 05:31:39,674 [3149bb86-d3f1-4715-b40f-8f93528c26f6-SegmentedRaftLogWorker:Storage Directory /workdir/hadoop-ozone/integration-test/target/test-dir/MiniOzoneClusterImpl-eb2bda36-fe71-46ed-bbf9-7d62ad1f7211/datanode-1/data/ratis/180cb723-a3de-419d-8e5c-5ca3c7b83b16] INFO  segmented.SegmentedRaftLogWorker (SegmentedRaftLogWorker.java:execute(569)) - 3149bb86-d3f1-4715-b40f-8f93528c26f6-SegmentedRaftLogWorker:Storage Directory /workdir/hadoop-ozone/integration-test/target/test-dir/MiniOzoneClusterImpl-eb2bda36-fe71-46ed-bbf9-7d62ad1f7211/datanode-1/data/ratis/180cb723-a3de-419d-8e5c-5ca3c7b83b16: created new log segment /workdir/hadoop-ozone/integration-test/target/test-dir/MiniOzoneClusterImpl-eb2bda36-fe71-46ed-bbf9-7d62ad1f7211/datanode-1/data/ratis/180cb723-a3de-419d-8e5c-5ca3c7b83b16/current/log_inprogress_0
2019-08-16 05:31:39,687 [d5c3898c-9450-49fc-8e0a-029bdffc6f28-SegmentedRaftLogWorker:Storage Directory /workdir/hadoop-ozone/integration-test/target/test-dir/MiniOzoneClusterImpl-eb2bda36-fe71-46ed-bbf9-7d62ad1f7211/datanode-2/data/ratis/7ef2f8f6-6bec-489a-8c7c-8835a6fcd60b] INFO  segmented.SegmentedRaftLogWorker (SegmentedRaftLogWorker.java:execute(569)) - d5c3898c-9450-49fc-8e0a-029bdffc6f28-SegmentedRaftLogWorker:Storage Directory /workdir/hadoop-ozone/integration-test/target/test-dir/MiniOzoneClusterImpl-eb2bda36-fe71-46ed-bbf9-7d62ad1f7211/datanode-2/data/ratis/7ef2f8f6-6bec-489a-8c7c-8835a6fcd60b: created new log segment /workdir/hadoop-ozone/integration-test/target/test-dir/MiniOzoneClusterImpl-eb2bda36-fe71-46ed-bbf9-7d62ad1f7211/datanode-2/data/ratis/7ef2f8f6-6bec-489a-8c7c-8835a6fcd60b/current/log_inprogress_0
2019-08-16 05:31:39,816 [Thread-4057] INFO  impl.FollowerState (FollowerState.java:run(106)) - 3149bb86-d3f1-4715-b40f-8f93528c26f6:group-CE12A017E2D5 changes to CANDIDATE, lastRpcTime:5121, electionTimeout:5121ms
2019-08-16 05:31:39,816 [Thread-4057] INFO  impl.RoleInfo (RoleInfo.java:shutdownFollowerState(121)) - 3149bb86-d3f1-4715-b40f-8f93528c26f6: shutdown FollowerState
2019-08-16 05:31:39,816 [Thread-4057] INFO  impl.RaftServerImpl (RaftServerImpl.java:setRole(171)) - 3149bb86-d3f1-4715-b40f-8f93528c26f6:group-CE12A017E2D5 changes role from FOLLOWER to CANDIDATE at term 0 for changeToCandidate
2019-08-16 05:31:39,816 [Thread-4057] INFO  impl.RoleInfo (RoleInfo.java:updateAndGet(143)) - 3149bb86-d3f1-4715-b40f-8f93528c26f6: start LeaderElection
2019-08-16 05:31:39,842 [Thread-4058] INFO  impl.FollowerState (FollowerState.java:run(106)) - e53a8343-b752-45e5-a470-b8d6a4558a93:group-CE12A017E2D5 changes to CANDIDATE, lastRpcTime:5147, electionTimeout:5147ms
2019-08-16 05:31:39,842 [Thread-4058] INFO  impl.RoleInfo (RoleInfo.java:shutdownFollowerState(121)) - e53a8343-b752-45e5-a470-b8d6a4558a93: shutdown FollowerState
2019-08-16 05:31:39,842 [Thread-4058] INFO  impl.RaftServerImpl (RaftServerImpl.java:setRole(171)) - e53a8343-b752-45e5-a470-b8d6a4558a93:group-CE12A017E2D5 changes role from FOLLOWER to CANDIDATE at term 0 for changeToCandidate
2019-08-16 05:31:39,842 [Thread-4058] INFO  impl.RoleInfo (RoleInfo.java:updateAndGet(143)) - e53a8343-b752-45e5-a470-b8d6a4558a93: start LeaderElection
2019-08-16 05:31:39,847 [3149bb86-d3f1-4715-b40f-8f93528c26f6:group-CE12A017E2D5:LeaderElection83] INFO  impl.LeaderElection (LeaderElection.java:askForVotes(181)) - 3149bb86-d3f1-4715-b40f-8f93528c26f6:group-CE12A017E2D5:LeaderElection83: begin an election at term 1 for -1: [e53a8343-b752-45e5-a470-b8d6a4558a93:192.168.69.65:40326, d5c3898c-9450-49fc-8e0a-029bdffc6f28:192.168.69.65:35090, 3149bb86-d3f1-4715-b40f-8f93528c26f6:192.168.69.65:40261], old=null
2019-08-16 05:31:39,857 [grpc-default-executor-8] INFO  impl.RaftServerImpl (RaftServerImpl.java:setRole(171)) - d5c3898c-9450-49fc-8e0a-029bdffc6f28:group-CE12A017E2D5 changes role from FOLLOWER to FOLLOWER at term 1 for recognizeCandidate:3149bb86-d3f1-4715-b40f-8f93528c26f6
2019-08-16 05:31:39,857 [grpc-default-executor-8] INFO  impl.RoleInfo (RoleInfo.java:shutdownFollowerState(121)) - d5c3898c-9450-49fc-8e0a-029bdffc6f28: shutdown FollowerState
2019-08-16 05:31:39,857 [grpc-default-executor-8] INFO  impl.RoleInfo (RoleInfo.java:updateAndGet(143)) - d5c3898c-9450-49fc-8e0a-029bdffc6f28: start FollowerState
2019-08-16 05:31:39,857 [Thread-4053] INFO  impl.FollowerState (FollowerState.java:run(114)) - d5c3898c-9450-49fc-8e0a-029bdffc6f28: FollowerState was interrupted: java.lang.InterruptedException: sleep interrupted
2019-08-16 05:31:39,872 [e53a8343-b752-45e5-a470-b8d6a4558a93:group-CE12A017E2D5:LeaderElection84] INFO  impl.LeaderElection (LeaderElection.java:askForVotes(181)) - e53a8343-b752-45e5-a470-b8d6a4558a93:group-CE12A017E2D5:LeaderElection84: begin an election at term 1 for -1: [e53a8343-b752-45e5-a470-b8d6a4558a93:192.168.69.65:40326, d5c3898c-9450-49fc-8e0a-029bdffc6f28:192.168.69.65:35090, 3149bb86-d3f1-4715-b40f-8f93528c26f6:192.168.69.65:40261], old=null
2019-08-16 05:31:39,885 [3149bb86-d3f1-4715-b40f-8f93528c26f6:group-CE12A017E2D5:LeaderElection83] INFO  impl.LeaderElection (LeaderElection.java:logAndReturn(56)) - 3149bb86-d3f1-4715-b40f-8f93528c26f6:group-CE12A017E2D5:LeaderElection83: Election PASSED; received 2 response(s) [3149bb86-d3f1-4715-b40f-8f93528c26f6<-e53a8343-b752-45e5-a470-b8d6a4558a93#0:FAIL-t1, 3149bb86-d3f1-4715-b40f-8f93528c26f6<-d5c3898c-9450-49fc-8e0a-029bdffc6f28#0:OK-t1] and 0 exception(s); 3149bb86-d3f1-4715-b40f-8f93528c26f6:t1, leader=null, voted=3149bb86-d3f1-4715-b40f-8f93528c26f6, raftlog=3149bb86-d3f1-4715-b40f-8f93528c26f6-SegmentedRaftLog:OPENED:c-1,f-1,i0, conf=-1: [e53a8343-b752-45e5-a470-b8d6a4558a93:192.168.69.65:40326, d5c3898c-9450-49fc-8e0a-029bdffc6f28:192.168.69.65:35090, 3149bb86-d3f1-4715-b40f-8f93528c26f6:192.168.69.65:40261], old=null
2019-08-16 05:31:39,885 [3149bb86-d3f1-4715-b40f-8f93528c26f6:group-CE12A017E2D5:LeaderElection83] INFO  impl.RoleInfo (RoleInfo.java:shutdownLeaderElection(134)) - 3149bb86-d3f1-4715-b40f-8f93528c26f6: shutdown LeaderElection
2019-08-16 05:31:39,886 [3149bb86-d3f1-4715-b40f-8f93528c26f6:group-CE12A017E2D5:LeaderElection83] INFO  impl.RaftServerImpl (RaftServerImpl.java:setRole(171)) - 3149bb86-d3f1-4715-b40f-8f93528c26f6:group-CE12A017E2D5 changes role from CANDIDATE to LEADER at term 1 for changeToLeader
2019-08-16 05:31:39,886 [3149bb86-d3f1-4715-b40f-8f93528c26f6:group-CE12A017E2D5:LeaderElection83] INFO  impl.RaftServerImpl (ServerState.java:setLeader(263)) - 3149bb86-d3f1-4715-b40f-8f93528c26f6:group-CE12A017E2D5 change Leader from null to 3149bb86-d3f1-4715-b40f-8f93528c26f6 at term 1 for becomeLeader, leader elected after 5206ms
2019-08-16 05:31:39,886 [3149bb86-d3f1-4715-b40f-8f93528c26f6:group-CE12A017E2D5:LeaderElection83] INFO  server.RaftServerConfigKeys (ConfUtils.java:logGet(43)) - raft.server.staging.catchup.gap = 1000 (default)
2019-08-16 05:31:39,886 [3149bb86-d3f1-4715-b40f-8f93528c26f6:group-CE12A017E2D5:LeaderElection83] INFO  server.RaftServerConfigKeys (ConfUtils.java:logGet(43)) - raft.server.rpc.sleep.time = 25ms (default)
2019-08-16 05:31:39,886 [3149bb86-d3f1-4715-b40f-8f93528c26f6:group-CE12A017E2D5:LeaderElection83] INFO  server.RaftServerConfigKeys (ConfUtils.java:logGet(43)) - raft.server.write.element-limit = 4096 (default)
2019-08-16 05:31:39,886 [3149bb86-d3f1-4715-b40f-8f93528c26f6:group-CE12A017E2D5:LeaderElection83] INFO  server.RaftServerConfigKeys (ConfUtils.java:logGet(43)) - raft.server.watch.timeout = 10s (default)
2019-08-16 05:31:39,886 [3149bb86-d3f1-4715-b40f-8f93528c26f6:group-CE12A017E2D5:LeaderElection83] INFO  server.RaftServerConfigKeys (ConfUtils.java:logGet(43)) - raft.server.watch.timeout.denomination = 1s (default)
2019-08-16 05:31:39,886 [3149bb86-d3f1-4715-b40f-8f93528c26f6:group-CE12A017E2D5:LeaderElection83] INFO  server.RaftServerConfigKeys (ConfUtils.java:logGet(43)) - raft.server.watch.element-limit = 65536 (default)
2019-08-16 05:31:39,887 [3149bb86-d3f1-4715-b40f-8f93528c26f6:group-CE12A017E2D5:LeaderElection83] INFO  server.RaftServerConfigKeys (ConfUtils.java:logGet(43)) - raft.server.log.appender.snapshot.chunk.size.max = 16MB (=16777216) (default)
2019-08-16 05:31:39,887 | INFO  | SCMAudit | user=jenkins1000 | ip=192.168.69.65 | op=SEND_HEARTBEAT {datanodeUUID=0606af15-c5a8-4f2c-b2a4-46c802c45ccf, command=[]} | ret=SUCCESS |  
2019-08-16 05:31:39,887 [3149bb86-d3f1-4715-b40f-8f93528c26f6:group-CE12A017E2D5:LeaderElection83] INFO  server.RaftServerConfigKeys (ConfUtils.java:logGet(43)) - raft.server.log.appender.buffer.byte-limit = 33554432 (custom)
2019-08-16 05:31:39,887 [3149bb86-d3f1-4715-b40f-8f93528c26f6:group-CE12A017E2D5:LeaderElection83] INFO  server.RaftServerConfigKeys (ConfUtils.java:logGet(43)) - raft.server.log.appender.buffer.element-limit = 1 (custom)
2019-08-16 05:31:39,887 [3149bb86-d3f1-4715-b40f-8f93528c26f6:group-CE12A017E2D5:LeaderElection83] INFO  grpc.GrpcConfigKeys$Server (ConfUtils.java:logGet(43)) - raft.grpc.server.leader.outstanding.appends.max = 128 (default)
2019-08-16 05:31:39,887 [3149bb86-d3f1-4715-b40f-8f93528c26f6:group-CE12A017E2D5:LeaderElection83] INFO  server.RaftServerConfigKeys (ConfUtils.java:logGet(43)) - raft.server.rpc.request.timeout = 3000ms (default)
2019-08-16 05:31:39,890 [3149bb86-d3f1-4715-b40f-8f93528c26f6:group-CE12A017E2D5:LeaderElection83] INFO  server.RaftServerConfigKeys (ConfUtils.java:logGet(43)) - raft.server.log.appender.install.snapshot.enabled = false (custom)
2019-08-16 05:31:39,890 [3149bb86-d3f1-4715-b40f-8f93528c26f6:group-CE12A017E2D5:LeaderElection83] INFO  server.RaftServerConfigKeys (ConfUtils.java:logGet(43)) - raft.server.log.appender.snapshot.chunk.size.max = 16MB (=16777216) (default)
2019-08-16 05:31:39,890 [3149bb86-d3f1-4715-b40f-8f93528c26f6:group-CE12A017E2D5:LeaderElection83] INFO  server.RaftServerConfigKeys (ConfUtils.java:logGet(43)) - raft.server.log.appender.buffer.byte-limit = 33554432 (custom)
2019-08-16 05:31:39,893 [3149bb86-d3f1-4715-b40f-8f93528c26f6:group-CE12A017E2D5:LeaderElection83] INFO  server.RaftServerConfigKeys (ConfUtils.java:logGet(43)) - raft.server.log.appender.buffer.element-limit = 1 (custom)
2019-08-16 05:31:39,893 [3149bb86-d3f1-4715-b40f-8f93528c26f6:group-CE12A017E2D5:LeaderElection83] INFO  grpc.GrpcConfigKeys$Server (ConfUtils.java:logGet(43)) - raft.grpc.server.leader.outstanding.appends.max = 128 (default)
2019-08-16 05:31:39,893 [3149bb86-d3f1-4715-b40f-8f93528c26f6:group-CE12A017E2D5:LeaderElection83] INFO  server.RaftServerConfigKeys (ConfUtils.java:logGet(43)) - raft.server.rpc.request.timeout = 3000ms (default)
2019-08-16 05:31:39,893 [3149bb86-d3f1-4715-b40f-8f93528c26f6:group-CE12A017E2D5:LeaderElection83] INFO  server.RaftServerConfigKeys (ConfUtils.java:logGet(43)) - raft.server.log.appender.install.snapshot.enabled = false (custom)
2019-08-16 05:31:39,893 [3149bb86-d3f1-4715-b40f-8f93528c26f6:group-CE12A017E2D5:LeaderElection83] INFO  impl.RoleInfo (RoleInfo.java:updateAndGet(143)) - 3149bb86-d3f1-4715-b40f-8f93528c26f6: start LeaderState
2019-08-16 05:31:39,894 [3149bb86-d3f1-4715-b40f-8f93528c26f6:group-CE12A017E2D5:LeaderElection83] INFO  segmented.SegmentedRaftLogWorker (SegmentedRaftLogWorker.java:startLogSegment(380)) - 3149bb86-d3f1-4715-b40f-8f93528c26f6-SegmentedRaftLogWorker:Storage Directory /workdir/hadoop-ozone/integration-test/target/test-dir/MiniOzoneClusterImpl-eb2bda36-fe71-46ed-bbf9-7d62ad1f7211/datanode-1/data/ratis/3a32564a-ab9f-478b-8848-ce12a017e2d5: Starting segment from index:0
2019-08-16 05:31:39,894 [3149bb86-d3f1-4715-b40f-8f93528c26f6:group-CE12A017E2D5:LeaderElection83] INFO  impl.RaftServerImpl (ServerState.java:setRaftConf(361)) - 3149bb86-d3f1-4715-b40f-8f93528c26f6:group-CE12A017E2D5 set configuration 0: [e53a8343-b752-45e5-a470-b8d6a4558a93:192.168.69.65:40326, d5c3898c-9450-49fc-8e0a-029bdffc6f28:192.168.69.65:35090, 3149bb86-d3f1-4715-b40f-8f93528c26f6:192.168.69.65:40261], old=null at 0
2019-08-16 05:31:39,895 [grpc-default-executor-8] INFO  impl.RaftServerImpl (RaftServerImpl.java:requestVote(754)) - 3149bb86-d3f1-4715-b40f-8f93528c26f6-LEADER: Withhold vote from candidate e53a8343-b752-45e5-a470-b8d6a4558a93 with term 1. State: leader=3149bb86-d3f1-4715-b40f-8f93528c26f6, term=1, lastRpcElapsed=null
2019-08-16 05:31:39,895 [grpc-default-executor-9] INFO  impl.RaftServerImpl (RaftServerImpl.java:setRole(171)) - e53a8343-b752-45e5-a470-b8d6a4558a93:group-CE12A017E2D5 changes role from CANDIDATE to FOLLOWER at term 1 for appendEntries
2019-08-16 05:31:39,896 [grpc-default-executor-9] INFO  impl.RoleInfo (RoleInfo.java:shutdownLeaderElection(134)) - e53a8343-b752-45e5-a470-b8d6a4558a93: shutdown LeaderElection
2019-08-16 05:31:39,914 [e53a8343-b752-45e5-a470-b8d6a4558a93:group-CE12A017E2D5:LeaderElection84] INFO  impl.LeaderElection (LeaderElection.java:logAndReturn(56)) - e53a8343-b752-45e5-a470-b8d6a4558a93:group-CE12A017E2D5:LeaderElection84: Election REJECTED; received 2 response(s) [e53a8343-b752-45e5-a470-b8d6a4558a93<-d5c3898c-9450-49fc-8e0a-029bdffc6f28#0:FAIL-t1, e53a8343-b752-45e5-a470-b8d6a4558a93<-3149bb86-d3f1-4715-b40f-8f93528c26f6#0:FAIL-t1] and 0 exception(s); e53a8343-b752-45e5-a470-b8d6a4558a93:t1, leader=null, voted=e53a8343-b752-45e5-a470-b8d6a4558a93, raftlog=e53a8343-b752-45e5-a470-b8d6a4558a93-SegmentedRaftLog:OPENED:c-1,f-1,i0, conf=-1: [e53a8343-b752-45e5-a470-b8d6a4558a93:192.168.69.65:40326, d5c3898c-9450-49fc-8e0a-029bdffc6f28:192.168.69.65:35090, 3149bb86-d3f1-4715-b40f-8f93528c26f6:192.168.69.65:40261], old=null
2019-08-16 05:31:39,914 [grpc-default-executor-9] INFO  impl.RoleInfo (RoleInfo.java:updateAndGet(143)) - e53a8343-b752-45e5-a470-b8d6a4558a93: start FollowerState
2019-08-16 05:31:39,915 [grpc-default-executor-8] INFO  impl.RaftServerImpl (ServerState.java:setLeader(263)) - d5c3898c-9450-49fc-8e0a-029bdffc6f28:group-CE12A017E2D5 change Leader from null to 3149bb86-d3f1-4715-b40f-8f93528c26f6 at term 1 for appendEntries, leader elected after 5235ms
2019-08-16 05:31:39,915 [grpc-default-executor-9] INFO  impl.RaftServerImpl (ServerState.java:setLeader(263)) - e53a8343-b752-45e5-a470-b8d6a4558a93:group-CE12A017E2D5 change Leader from null to 3149bb86-d3f1-4715-b40f-8f93528c26f6 at term 1 for appendEntries, leader elected after 5235ms
2019-08-16 05:31:39,917 [grpc-default-executor-9] INFO  impl.RaftServerImpl (ServerState.java:setRaftConf(361)) - d5c3898c-9450-49fc-8e0a-029bdffc6f28:group-CE12A017E2D5 set configuration 0: [e53a8343-b752-45e5-a470-b8d6a4558a93:192.168.69.65:40326, d5c3898c-9450-49fc-8e0a-029bdffc6f28:192.168.69.65:35090, 3149bb86-d3f1-4715-b40f-8f93528c26f6:192.168.69.65:40261], old=null at 0
2019-08-16 05:31:39,917 [grpc-default-executor-9] INFO  segmented.SegmentedRaftLogWorker (SegmentedRaftLogWorker.java:startLogSegment(380)) - d5c3898c-9450-49fc-8e0a-029bdffc6f28-SegmentedRaftLogWorker:Storage Directory /workdir/hadoop-ozone/integration-test/target/test-dir/MiniOzoneClusterImpl-eb2bda36-fe71-46ed-bbf9-7d62ad1f7211/datanode-2/data/ratis/3a32564a-ab9f-478b-8848-ce12a017e2d5: Starting segment from index:0
2019-08-16 05:31:39,917 [grpc-default-executor-8] INFO  impl.RaftServerImpl (ServerState.java:setRaftConf(361)) - e53a8343-b752-45e5-a470-b8d6a4558a93:group-CE12A017E2D5 set configuration 0: [e53a8343-b752-45e5-a470-b8d6a4558a93:192.168.69.65:40326, d5c3898c-9450-49fc-8e0a-029bdffc6f28:192.168.69.65:35090, 3149bb86-d3f1-4715-b40f-8f93528c26f6:192.168.69.65:40261], old=null at 0
2019-08-16 05:31:39,917 [grpc-default-executor-8] INFO  segmented.SegmentedRaftLogWorker (SegmentedRaftLogWorker.java:startLogSegment(380)) - e53a8343-b752-45e5-a470-b8d6a4558a93-SegmentedRaftLogWorker:Storage Directory /workdir/hadoop-ozone/integration-test/target/test-dir/MiniOzoneClusterImpl-eb2bda36-fe71-46ed-bbf9-7d62ad1f7211/datanode-0/data/ratis/3a32564a-ab9f-478b-8848-ce12a017e2d5: Starting segment from index:0
2019-08-16 05:31:39,926 [3149bb86-d3f1-4715-b40f-8f93528c26f6-SegmentedRaftLogWorker:Storage Directory /workdir/hadoop-ozone/integration-test/target/test-dir/MiniOzoneClusterImpl-eb2bda36-fe71-46ed-bbf9-7d62ad1f7211/datanode-1/data/ratis/3a32564a-ab9f-478b-8848-ce12a017e2d5] INFO  segmented.SegmentedRaftLogWorker (SegmentedRaftLogWorker.java:execute(569)) - 3149bb86-d3f1-4715-b40f-8f93528c26f6-SegmentedRaftLogWorker:Storage Directory /workdir/hadoop-ozone/integration-test/target/test-dir/MiniOzoneClusterImpl-eb2bda36-fe71-46ed-bbf9-7d62ad1f7211/datanode-1/data/ratis/3a32564a-ab9f-478b-8848-ce12a017e2d5: created new log segment /workdir/hadoop-ozone/integration-test/target/test-dir/MiniOzoneClusterImpl-eb2bda36-fe71-46ed-bbf9-7d62ad1f7211/datanode-1/data/ratis/3a32564a-ab9f-478b-8848-ce12a017e2d5/current/log_inprogress_0
2019-08-16 05:31:39,947 [e53a8343-b752-45e5-a470-b8d6a4558a93-SegmentedRaftLogWorker:Storage Directory /workdir/hadoop-ozone/integration-test/target/test-dir/MiniOzoneClusterImpl-eb2bda36-fe71-46ed-bbf9-7d62ad1f7211/datanode-0/data/ratis/3a32564a-ab9f-478b-8848-ce12a017e2d5] INFO  segmented.SegmentedRaftLogWorker (SegmentedRaftLogWorker.java:execute(569)) - e53a8343-b752-45e5-a470-b8d6a4558a93-SegmentedRaftLogWorker:Storage Directory /workdir/hadoop-ozone/integration-test/target/test-dir/MiniOzoneClusterImpl-eb2bda36-fe71-46ed-bbf9-7d62ad1f7211/datanode-0/data/ratis/3a32564a-ab9f-478b-8848-ce12a017e2d5: created new log segment /workdir/hadoop-ozone/integration-test/target/test-dir/MiniOzoneClusterImpl-eb2bda36-fe71-46ed-bbf9-7d62ad1f7211/datanode-0/data/ratis/3a32564a-ab9f-478b-8848-ce12a017e2d5/current/log_inprogress_0
2019-08-16 05:31:39,947 [d5c3898c-9450-49fc-8e0a-029bdffc6f28-SegmentedRaftLogWorker:Storage Directory /workdir/hadoop-ozone/integration-test/target/test-dir/MiniOzoneClusterImpl-eb2bda36-fe71-46ed-bbf9-7d62ad1f7211/datanode-2/data/ratis/3a32564a-ab9f-478b-8848-ce12a017e2d5] INFO  segmented.SegmentedRaftLogWorker (SegmentedRaftLogWorker.java:execute(569)) - d5c3898c-9450-49fc-8e0a-029bdffc6f28-SegmentedRaftLogWorker:Storage Directory /workdir/hadoop-ozone/integration-test/target/test-dir/MiniOzoneClusterImpl-eb2bda36-fe71-46ed-bbf9-7d62ad1f7211/datanode-2/data/ratis/3a32564a-ab9f-478b-8848-ce12a017e2d5: created new log segment /workdir/hadoop-ozone/integration-test/target/test-dir/MiniOzoneClusterImpl-eb2bda36-fe71-46ed-bbf9-7d62ad1f7211/datanode-2/data/ratis/3a32564a-ab9f-478b-8848-ce12a017e2d5/current/log_inprogress_0
2019-08-16 05:31:39,967 [Thread-4062] INFO  impl.FollowerState (FollowerState.java:run(106)) - 0606af15-c5a8-4f2c-b2a4-46c802c45ccf:group-1BA8DF43B915 changes to CANDIDATE, lastRpcTime:5009, electionTimeout:5009ms
2019-08-16 05:31:39,967 [Thread-4062] INFO  impl.RoleInfo (RoleInfo.java:shutdownFollowerState(121)) - 0606af15-c5a8-4f2c-b2a4-46c802c45ccf: shutdown FollowerState
2019-08-16 05:31:39,967 [Thread-4062] INFO  impl.RaftServerImpl (RaftServerImpl.java:setRole(171)) - 0606af15-c5a8-4f2c-b2a4-46c802c45ccf:group-1BA8DF43B915 changes role from FOLLOWER to CANDIDATE at term 0 for changeToCandidate
2019-08-16 05:31:39,967 [Thread-4062] INFO  impl.RoleInfo (RoleInfo.java:updateAndGet(143)) - 0606af15-c5a8-4f2c-b2a4-46c802c45ccf: start LeaderElection
2019-08-16 05:31:39,985 [0606af15-c5a8-4f2c-b2a4-46c802c45ccf:group-1BA8DF43B915:LeaderElection85] INFO  impl.LeaderElection (LeaderElection.java:askForVotes(181)) - 0606af15-c5a8-4f2c-b2a4-46c802c45ccf:group-1BA8DF43B915:LeaderElection85: begin an election at term 1 for -1: [0606af15-c5a8-4f2c-b2a4-46c802c45ccf:192.168.69.65:39181], old=null
2019-08-16 05:31:39,985 [0606af15-c5a8-4f2c-b2a4-46c802c45ccf:group-1BA8DF43B915:LeaderElection85] INFO  impl.RoleInfo (RoleInfo.java:shutdownLeaderElection(134)) - 0606af15-c5a8-4f2c-b2a4-46c802c45ccf: shutdown LeaderElection
2019-08-16 05:31:39,985 [0606af15-c5a8-4f2c-b2a4-46c802c45ccf:group-1BA8DF43B915:LeaderElection85] INFO  impl.RaftServerImpl (RaftServerImpl.java:setRole(171)) - 0606af15-c5a8-4f2c-b2a4-46c802c45ccf:group-1BA8DF43B915 changes role from CANDIDATE to LEADER at term 1 for changeToLeader
2019-08-16 05:31:39,985 [0606af15-c5a8-4f2c-b2a4-46c802c45ccf:group-1BA8DF43B915:LeaderElection85] INFO  impl.RaftServerImpl (ServerState.java:setLeader(263)) - 0606af15-c5a8-4f2c-b2a4-46c802c45ccf:group-1BA8DF43B915 change Leader from null to 0606af15-c5a8-4f2c-b2a4-46c802c45ccf at term 1 for becomeLeader, leader elected after 5033ms
2019-08-16 05:31:39,986 [0606af15-c5a8-4f2c-b2a4-46c802c45ccf:group-1BA8DF43B915:LeaderElection85] INFO  server.RaftServerConfigKeys (ConfUtils.java:logGet(43)) - raft.server.staging.catchup.gap = 1000 (default)
2019-08-16 05:31:39,986 [0606af15-c5a8-4f2c-b2a4-46c802c45ccf:group-1BA8DF43B915:LeaderElection85] INFO  server.RaftServerConfigKeys (ConfUtils.java:logGet(43)) - raft.server.rpc.sleep.time = 25ms (default)
2019-08-16 05:31:39,986 [0606af15-c5a8-4f2c-b2a4-46c802c45ccf:group-1BA8DF43B915:LeaderElection85] INFO  server.RaftServerConfigKeys (ConfUtils.java:logGet(43)) - raft.server.write.element-limit = 4096 (default)
2019-08-16 05:31:39,986 [0606af15-c5a8-4f2c-b2a4-46c802c45ccf:group-1BA8DF43B915:LeaderElection85] INFO  server.RaftServerConfigKeys (ConfUtils.java:logGet(43)) - raft.server.watch.timeout = 10s (default)
2019-08-16 05:31:39,986 [0606af15-c5a8-4f2c-b2a4-46c802c45ccf:group-1BA8DF43B915:LeaderElection85] INFO  server.RaftServerConfigKeys (ConfUtils.java:logGet(43)) - raft.server.watch.timeout.denomination = 1s (default)
2019-08-16 05:31:39,986 [0606af15-c5a8-4f2c-b2a4-46c802c45ccf:group-1BA8DF43B915:LeaderElection85] INFO  server.RaftServerConfigKeys (ConfUtils.java:logGet(43)) - raft.server.watch.element-limit = 65536 (default)
2019-08-16 05:31:39,986 [0606af15-c5a8-4f2c-b2a4-46c802c45ccf:group-1BA8DF43B915:LeaderElection85] INFO  impl.RoleInfo (RoleInfo.java:updateAndGet(143)) - 0606af15-c5a8-4f2c-b2a4-46c802c45ccf: start LeaderState
2019-08-16 05:31:39,987 [0606af15-c5a8-4f2c-b2a4-46c802c45ccf:group-1BA8DF43B915:LeaderElection85] INFO  segmented.SegmentedRaftLogWorker (SegmentedRaftLogWorker.java:startLogSegment(380)) - 0606af15-c5a8-4f2c-b2a4-46c802c45ccf-SegmentedRaftLogWorker:Storage Directory /workdir/hadoop-ozone/integration-test/target/test-dir/MiniOzoneClusterImpl-eb2bda36-fe71-46ed-bbf9-7d62ad1f7211/datanode-3/data/ratis/7badb860-5058-4408-a6cf-1ba8df43b915: Starting segment from index:0
2019-08-16 05:31:39,987 [0606af15-c5a8-4f2c-b2a4-46c802c45ccf:group-1BA8DF43B915:LeaderElection85] INFO  impl.RaftServerImpl (ServerState.java:setRaftConf(361)) - 0606af15-c5a8-4f2c-b2a4-46c802c45ccf:group-1BA8DF43B915 set configuration 0: [0606af15-c5a8-4f2c-b2a4-46c802c45ccf:192.168.69.65:39181], old=null at 0
2019-08-16 05:31:40,029 [0606af15-c5a8-4f2c-b2a4-46c802c45ccf-SegmentedRaftLogWorker:Storage Directory /workdir/hadoop-ozone/integration-test/target/test-dir/MiniOzoneClusterImpl-eb2bda36-fe71-46ed-bbf9-7d62ad1f7211/datanode-3/data/ratis/7badb860-5058-4408-a6cf-1ba8df43b915] INFO  segmented.SegmentedRaftLogWorker (SegmentedRaftLogWorker.java:execute(569)) - 0606af15-c5a8-4f2c-b2a4-46c802c45ccf-SegmentedRaftLogWorker:Storage Directory /workdir/hadoop-ozone/integration-test/target/test-dir/MiniOzoneClusterImpl-eb2bda36-fe71-46ed-bbf9-7d62ad1f7211/datanode-3/data/ratis/7badb860-5058-4408-a6cf-1ba8df43b915: created new log segment /workdir/hadoop-ozone/integration-test/target/test-dir/MiniOzoneClusterImpl-eb2bda36-fe71-46ed-bbf9-7d62ad1f7211/datanode-3/data/ratis/7badb860-5058-4408-a6cf-1ba8df43b915/current/log_inprogress_0
2019-08-16 05:31:40,066 | INFO  | SCMAudit | user=jenkins1000 | ip=192.168.69.65 | op=SEND_HEARTBEAT {datanodeUUID=f3ad038f-da5c-4aab-b955-43805eae4a44, command=[]} | ret=SUCCESS |  
2019-08-16 05:31:40,208 | INFO  | SCMAudit | user=jenkins1000 | ip=192.168.69.65 | op=SEND_HEARTBEAT {datanodeUUID=e53a8343-b752-45e5-a470-b8d6a4558a93, command=[]} | ret=SUCCESS |  
2019-08-16 05:31:40,235 | INFO  | SCMAudit | user=jenkins1000 | ip=192.168.69.65 | op=SEND_HEARTBEAT {datanodeUUID=28d0d1e5-a718-4131-8689-0f879c9b805a, command=[]} | ret=SUCCESS |  
2019-08-16 05:31:40,324 [Thread-4065] INFO  impl.FollowerState (FollowerState.java:run(106)) - f3ad038f-da5c-4aab-b955-43805eae4a44:group-85E2685F099A changes to CANDIDATE, lastRpcTime:5183, electionTimeout:5183ms
2019-08-16 05:31:40,324 [Thread-4065] INFO  impl.RoleInfo (RoleInfo.java:shutdownFollowerState(121)) - f3ad038f-da5c-4aab-b955-43805eae4a44: shutdown FollowerState
2019-08-16 05:31:40,324 [Thread-4065] INFO  impl.RaftServerImpl (RaftServerImpl.java:setRole(171)) - f3ad038f-da5c-4aab-b955-43805eae4a44:group-85E2685F099A changes role from FOLLOWER to CANDIDATE at term 0 for changeToCandidate
2019-08-16 05:31:40,324 [Thread-4065] INFO  impl.RoleInfo (RoleInfo.java:updateAndGet(143)) - f3ad038f-da5c-4aab-b955-43805eae4a44: start LeaderElection
2019-08-16 05:31:40,345 [f3ad038f-da5c-4aab-b955-43805eae4a44:group-85E2685F099A:LeaderElection86] INFO  impl.LeaderElection (LeaderElection.java:askForVotes(181)) - f3ad038f-da5c-4aab-b955-43805eae4a44:group-85E2685F099A:LeaderElection86: begin an election at term 1 for -1: [f3ad038f-da5c-4aab-b955-43805eae4a44:192.168.69.65:34563], old=null
2019-08-16 05:31:40,345 [f3ad038f-da5c-4aab-b955-43805eae4a44:group-85E2685F099A:LeaderElection86] INFO  impl.RoleInfo (RoleInfo.java:shutdownLeaderElection(134)) - f3ad038f-da5c-4aab-b955-43805eae4a44: shutdown LeaderElection
2019-08-16 05:31:40,346 [f3ad038f-da5c-4aab-b955-43805eae4a44:group-85E2685F099A:LeaderElection86] INFO  impl.RaftServerImpl (RaftServerImpl.java:setRole(171)) - f3ad038f-da5c-4aab-b955-43805eae4a44:group-85E2685F099A changes role from CANDIDATE to LEADER at term 1 for changeToLeader
2019-08-16 05:31:40,346 [f3ad038f-da5c-4aab-b955-43805eae4a44:group-85E2685F099A:LeaderElection86] INFO  impl.RaftServerImpl (ServerState.java:setLeader(263)) - f3ad038f-da5c-4aab-b955-43805eae4a44:group-85E2685F099A change Leader from null to f3ad038f-da5c-4aab-b955-43805eae4a44 at term 1 for becomeLeader, leader elected after 5209ms
2019-08-16 05:31:40,346 [f3ad038f-da5c-4aab-b955-43805eae4a44:group-85E2685F099A:LeaderElection86] INFO  server.RaftServerConfigKeys (ConfUtils.java:logGet(43)) - raft.server.staging.catchup.gap = 1000 (default)
2019-08-16 05:31:40,346 [f3ad038f-da5c-4aab-b955-43805eae4a44:group-85E2685F099A:LeaderElection86] INFO  server.RaftServerConfigKeys (ConfUtils.java:logGet(43)) - raft.server.rpc.sleep.time = 25ms (default)
2019-08-16 05:31:40,346 [f3ad038f-da5c-4aab-b955-43805eae4a44:group-85E2685F099A:LeaderElection86] INFO  server.RaftServerConfigKeys (ConfUtils.java:logGet(43)) - raft.server.write.element-limit = 4096 (default)
2019-08-16 05:31:40,346 [f3ad038f-da5c-4aab-b955-43805eae4a44:group-85E2685F099A:LeaderElection86] INFO  server.RaftServerConfigKeys (ConfUtils.java:logGet(43)) - raft.server.watch.timeout = 10s (default)
2019-08-16 05:31:40,346 [f3ad038f-da5c-4aab-b955-43805eae4a44:group-85E2685F099A:LeaderElection86] INFO  server.RaftServerConfigKeys (ConfUtils.java:logGet(43)) - raft.server.watch.timeout.denomination = 1s (default)
2019-08-16 05:31:40,347 [f3ad038f-da5c-4aab-b955-43805eae4a44:group-85E2685F099A:LeaderElection86] INFO  server.RaftServerConfigKeys (ConfUtils.java:logGet(43)) - raft.server.watch.element-limit = 65536 (default)
2019-08-16 05:31:40,347 [f3ad038f-da5c-4aab-b955-43805eae4a44:group-85E2685F099A:LeaderElection86] INFO  impl.RoleInfo (RoleInfo.java:updateAndGet(143)) - f3ad038f-da5c-4aab-b955-43805eae4a44: start LeaderState
2019-08-16 05:31:40,347 [f3ad038f-da5c-4aab-b955-43805eae4a44:group-85E2685F099A:LeaderElection86] INFO  segmented.SegmentedRaftLogWorker (SegmentedRaftLogWorker.java:startLogSegment(380)) - f3ad038f-da5c-4aab-b955-43805eae4a44-SegmentedRaftLogWorker:Storage Directory /workdir/hadoop-ozone/integration-test/target/test-dir/MiniOzoneClusterImpl-eb2bda36-fe71-46ed-bbf9-7d62ad1f7211/datanode-4/data/ratis/cd75b238-e3f6-4f72-917c-85e2685f099a: Starting segment from index:0
2019-08-16 05:31:40,348 [f3ad038f-da5c-4aab-b955-43805eae4a44:group-85E2685F099A:LeaderElection86] INFO  impl.RaftServerImpl (ServerState.java:setRaftConf(361)) - f3ad038f-da5c-4aab-b955-43805eae4a44:group-85E2685F099A set configuration 0: [f3ad038f-da5c-4aab-b955-43805eae4a44:192.168.69.65:34563], old=null at 0
2019-08-16 05:31:40,375 | INFO  | SCMAudit | user=jenkins1000 | ip=192.168.69.65 | op=SEND_HEARTBEAT {datanodeUUID=3149bb86-d3f1-4715-b40f-8f93528c26f6, command=[]} | ret=SUCCESS |  
2019-08-16 05:31:40,380 [f3ad038f-da5c-4aab-b955-43805eae4a44-SegmentedRaftLogWorker:Storage Directory /workdir/hadoop-ozone/integration-test/target/test-dir/MiniOzoneClusterImpl-eb2bda36-fe71-46ed-bbf9-7d62ad1f7211/datanode-4/data/ratis/cd75b238-e3f6-4f72-917c-85e2685f099a] INFO  segmented.SegmentedRaftLogWorker (SegmentedRaftLogWorker.java:execute(569)) - f3ad038f-da5c-4aab-b955-43805eae4a44-SegmentedRaftLogWorker:Storage Directory /workdir/hadoop-ozone/integration-test/target/test-dir/MiniOzoneClusterImpl-eb2bda36-fe71-46ed-bbf9-7d62ad1f7211/datanode-4/data/ratis/cd75b238-e3f6-4f72-917c-85e2685f099a: created new log segment /workdir/hadoop-ozone/integration-test/target/test-dir/MiniOzoneClusterImpl-eb2bda36-fe71-46ed-bbf9-7d62ad1f7211/datanode-4/data/ratis/cd75b238-e3f6-4f72-917c-85e2685f099a/current/log_inprogress_0
2019-08-16 05:31:40,399 | INFO  | SCMAudit | user=jenkins1000 | ip=192.168.69.65 | op=SEND_HEARTBEAT {datanodeUUID=86fd08ee-b365-4582-9ea1-c0072a3dfb7f, command=[]} | ret=SUCCESS |  
2019-08-16 05:31:40,450 [Thread-4068] INFO  impl.FollowerState (FollowerState.java:run(106)) - 28d0d1e5-a718-4131-8689-0f879c9b805a:group-F0089757EBF4 changes to CANDIDATE, lastRpcTime:5171, electionTimeout:5171ms
2019-08-16 05:31:40,451 [Thread-4068] INFO  impl.RoleInfo (RoleInfo.java:shutdownFollowerState(121)) - 28d0d1e5-a718-4131-8689-0f879c9b805a: shutdown FollowerState
2019-08-16 05:31:40,451 [Thread-4068] INFO  impl.RaftServerImpl (RaftServerImpl.java:setRole(171)) - 28d0d1e5-a718-4131-8689-0f879c9b805a:group-F0089757EBF4 changes role from FOLLOWER to CANDIDATE at term 0 for changeToCandidate
2019-08-16 05:31:40,451 [Thread-4068] INFO  impl.RoleInfo (RoleInfo.java:updateAndGet(143)) - 28d0d1e5-a718-4131-8689-0f879c9b805a: start LeaderElection
2019-08-16 05:31:40,478 [28d0d1e5-a718-4131-8689-0f879c9b805a:group-F0089757EBF4:LeaderElection87] INFO  impl.LeaderElection (LeaderElection.java:askForVotes(181)) - 28d0d1e5-a718-4131-8689-0f879c9b805a:group-F0089757EBF4:LeaderElection87: begin an election at term 1 for -1: [28d0d1e5-a718-4131-8689-0f879c9b805a:192.168.69.65:44185], old=null
2019-08-16 05:31:40,478 [28d0d1e5-a718-4131-8689-0f879c9b805a:group-F0089757EBF4:LeaderElection87] INFO  impl.RoleInfo (RoleInfo.java:shutdownLeaderElection(134)) - 28d0d1e5-a718-4131-8689-0f879c9b805a: shutdown LeaderElection
2019-08-16 05:31:40,478 [28d0d1e5-a718-4131-8689-0f879c9b805a:group-F0089757EBF4:LeaderElection87] INFO  impl.RaftServerImpl (RaftServerImpl.java:setRole(171)) - 28d0d1e5-a718-4131-8689-0f879c9b805a:group-F0089757EBF4 changes role from CANDIDATE to LEADER at term 1 for changeToLeader
2019-08-16 05:31:40,478 [28d0d1e5-a718-4131-8689-0f879c9b805a:group-F0089757EBF4:LeaderElection87] INFO  impl.RaftServerImpl (ServerState.java:setLeader(263)) - 28d0d1e5-a718-4131-8689-0f879c9b805a:group-F0089757EBF4 change Leader from null to 28d0d1e5-a718-4131-8689-0f879c9b805a at term 1 for becomeLeader, leader elected after 5204ms
2019-08-16 05:31:40,478 [28d0d1e5-a718-4131-8689-0f879c9b805a:group-F0089757EBF4:LeaderElection87] INFO  server.RaftServerConfigKeys (ConfUtils.java:logGet(43)) - raft.server.staging.catchup.gap = 1000 (default)
2019-08-16 05:31:40,478 [28d0d1e5-a718-4131-8689-0f879c9b805a:group-F0089757EBF4:LeaderElection87] INFO  server.RaftServerConfigKeys (ConfUtils.java:logGet(43)) - raft.server.rpc.sleep.time = 25ms (default)
2019-08-16 05:31:40,479 [28d0d1e5-a718-4131-8689-0f879c9b805a:group-F0089757EBF4:LeaderElection87] INFO  server.RaftServerConfigKeys (ConfUtils.java:logGet(43)) - raft.server.write.element-limit = 4096 (default)
2019-08-16 05:31:40,479 [28d0d1e5-a718-4131-8689-0f879c9b805a:group-F0089757EBF4:LeaderElection87] INFO  server.RaftServerConfigKeys (ConfUtils.java:logGet(43)) - raft.server.watch.timeout = 10s (default)
2019-08-16 05:31:40,479 [28d0d1e5-a718-4131-8689-0f879c9b805a:group-F0089757EBF4:LeaderElection87] INFO  server.RaftServerConfigKeys (ConfUtils.java:logGet(43)) - raft.server.watch.timeout.denomination = 1s (default)
2019-08-16 05:31:40,479 [28d0d1e5-a718-4131-8689-0f879c9b805a:group-F0089757EBF4:LeaderElection87] INFO  server.RaftServerConfigKeys (ConfUtils.java:logGet(43)) - raft.server.watch.element-limit = 65536 (default)
2019-08-16 05:31:40,479 [28d0d1e5-a718-4131-8689-0f879c9b805a:group-F0089757EBF4:LeaderElection87] INFO  impl.RoleInfo (RoleInfo.java:updateAndGet(143)) - 28d0d1e5-a718-4131-8689-0f879c9b805a: start LeaderState
2019-08-16 05:31:40,480 [28d0d1e5-a718-4131-8689-0f879c9b805a:group-F0089757EBF4:LeaderElection87] INFO  segmented.SegmentedRaftLogWorker (SegmentedRaftLogWorker.java:startLogSegment(380)) - 28d0d1e5-a718-4131-8689-0f879c9b805a-SegmentedRaftLogWorker:Storage Directory /workdir/hadoop-ozone/integration-test/target/test-dir/MiniOzoneClusterImpl-eb2bda36-fe71-46ed-bbf9-7d62ad1f7211/datanode-5/data/ratis/92e4fcd8-3e69-48bd-b1df-f0089757ebf4: Starting segment from index:0
2019-08-16 05:31:40,480 [28d0d1e5-a718-4131-8689-0f879c9b805a:group-F0089757EBF4:LeaderElection87] INFO  impl.RaftServerImpl (ServerState.java:setRaftConf(361)) - 28d0d1e5-a718-4131-8689-0f879c9b805a:group-F0089757EBF4 set configuration 0: [28d0d1e5-a718-4131-8689-0f879c9b805a:192.168.69.65:44185], old=null at 0
2019-08-16 05:31:40,512 [28d0d1e5-a718-4131-8689-0f879c9b805a-SegmentedRaftLogWorker:Storage Directory /workdir/hadoop-ozone/integration-test/target/test-dir/MiniOzoneClusterImpl-eb2bda36-fe71-46ed-bbf9-7d62ad1f7211/datanode-5/data/ratis/92e4fcd8-3e69-48bd-b1df-f0089757ebf4] INFO  segmented.SegmentedRaftLogWorker (SegmentedRaftLogWorker.java:execute(569)) - 28d0d1e5-a718-4131-8689-0f879c9b805a-SegmentedRaftLogWorker:Storage Directory /workdir/hadoop-ozone/integration-test/target/test-dir/MiniOzoneClusterImpl-eb2bda36-fe71-46ed-bbf9-7d62ad1f7211/datanode-5/data/ratis/92e4fcd8-3e69-48bd-b1df-f0089757ebf4: created new log segment /workdir/hadoop-ozone/integration-test/target/test-dir/MiniOzoneClusterImpl-eb2bda36-fe71-46ed-bbf9-7d62ad1f7211/datanode-5/data/ratis/92e4fcd8-3e69-48bd-b1df-f0089757ebf4/current/log_inprogress_0
2019-08-16 05:31:40,523 [Thread-4071] INFO  impl.FollowerState (FollowerState.java:run(106)) - f3ad038f-da5c-4aab-b955-43805eae4a44:group-8C51E6309800 changes to CANDIDATE, lastRpcTime:5161, electionTimeout:5161ms
2019-08-16 05:31:40,523 [Thread-4071] INFO  impl.RoleInfo (RoleInfo.java:shutdownFollowerState(121)) - f3ad038f-da5c-4aab-b955-43805eae4a44: shutdown FollowerState
2019-08-16 05:31:40,523 [Thread-4071] INFO  impl.RaftServerImpl (RaftServerImpl.java:setRole(171)) - f3ad038f-da5c-4aab-b955-43805eae4a44:group-8C51E6309800 changes role from FOLLOWER to CANDIDATE at term 0 for changeToCandidate
2019-08-16 05:31:40,523 [Thread-4071] INFO  impl.RoleInfo (RoleInfo.java:updateAndGet(143)) - f3ad038f-da5c-4aab-b955-43805eae4a44: start LeaderElection
2019-08-16 05:31:40,536 | INFO  | SCMAudit | user=jenkins1000 | ip=192.168.69.65 | op=SEND_HEARTBEAT {datanodeUUID=d5c3898c-9450-49fc-8e0a-029bdffc6f28, command=[]} | ret=SUCCESS |  
2019-08-16 05:31:40,541 [Thread-4074] INFO  impl.FollowerState (FollowerState.java:run(106)) - 0606af15-c5a8-4f2c-b2a4-46c802c45ccf:group-8C51E6309800 changes to CANDIDATE, lastRpcTime:5172, electionTimeout:5172ms
2019-08-16 05:31:40,541 [Thread-4074] INFO  impl.RoleInfo (RoleInfo.java:shutdownFollowerState(121)) - 0606af15-c5a8-4f2c-b2a4-46c802c45ccf: shutdown FollowerState
2019-08-16 05:31:40,541 [Thread-4074] INFO  impl.RaftServerImpl (RaftServerImpl.java:setRole(171)) - 0606af15-c5a8-4f2c-b2a4-46c802c45ccf:group-8C51E6309800 changes role from FOLLOWER to CANDIDATE at term 0 for changeToCandidate
2019-08-16 05:31:40,541 [Thread-4074] INFO  impl.RoleInfo (RoleInfo.java:updateAndGet(143)) - 0606af15-c5a8-4f2c-b2a4-46c802c45ccf: start LeaderElection
2019-08-16 05:31:40,552 [f3ad038f-da5c-4aab-b955-43805eae4a44:group-8C51E6309800:LeaderElection88] INFO  impl.LeaderElection (LeaderElection.java:askForVotes(181)) - f3ad038f-da5c-4aab-b955-43805eae4a44:group-8C51E6309800:LeaderElection88: begin an election at term 1 for -1: [f3ad038f-da5c-4aab-b955-43805eae4a44:192.168.69.65:34563, 0606af15-c5a8-4f2c-b2a4-46c802c45ccf:192.168.69.65:39181, 28d0d1e5-a718-4131-8689-0f879c9b805a:192.168.69.65:44185], old=null
2019-08-16 05:31:40,554 [0606af15-c5a8-4f2c-b2a4-46c802c45ccf:group-8C51E6309800:LeaderElection89] INFO  impl.LeaderElection (LeaderElection.java:askForVotes(181)) - 0606af15-c5a8-4f2c-b2a4-46c802c45ccf:group-8C51E6309800:LeaderElection89: begin an election at term 1 for -1: [f3ad038f-da5c-4aab-b955-43805eae4a44:192.168.69.65:34563, 0606af15-c5a8-4f2c-b2a4-46c802c45ccf:192.168.69.65:39181, 28d0d1e5-a718-4131-8689-0f879c9b805a:192.168.69.65:44185], old=null
2019-08-16 05:31:40,555 [Thread-4076] INFO  impl.FollowerState (FollowerState.java:run(106)) - 28d0d1e5-a718-4131-8689-0f879c9b805a:group-8C51E6309800 changes to CANDIDATE, lastRpcTime:5186, electionTimeout:5186ms
2019-08-16 05:31:40,557 [Thread-4076] INFO  impl.RoleInfo (RoleInfo.java:shutdownFollowerState(121)) - 28d0d1e5-a718-4131-8689-0f879c9b805a: shutdown FollowerState
2019-08-16 05:31:40,558 [Thread-4076] INFO  impl.RaftServerImpl (RaftServerImpl.java:setRole(171)) - 28d0d1e5-a718-4131-8689-0f879c9b805a:group-8C51E6309800 changes role from FOLLOWER to CANDIDATE at term 0 for changeToCandidate
2019-08-16 05:31:40,558 [Thread-4076] INFO  impl.RoleInfo (RoleInfo.java:updateAndGet(143)) - 28d0d1e5-a718-4131-8689-0f879c9b805a: start LeaderElection
2019-08-16 05:31:40,571 [grpc-default-executor-2] INFO  client.GrpcClientProtocolClient (GrpcClientProtocolClient.java:onNext(255)) - client-033B34E2C379->f3ad038f-da5c-4aab-b955-43805eae4a44: receive RaftClientReply:client-033B34E2C379->f3ad038f-da5c-4aab-b955-43805eae4a44@group-8C51E6309800, cid=215, FAILED org.apache.ratis.protocol.NotLeaderException: Server f3ad038f-da5c-4aab-b955-43805eae4a44 is not the leader (null). Request must be sent to leader., logIndex=0, commits[f3ad038f-da5c-4aab-b955-43805eae4a44:c-1]
2019-08-16 05:31:40,574 [28d0d1e5-a718-4131-8689-0f879c9b805a:group-8C51E6309800:LeaderElection90] INFO  impl.LeaderElection (LeaderElection.java:askForVotes(181)) - 28d0d1e5-a718-4131-8689-0f879c9b805a:group-8C51E6309800:LeaderElection90: begin an election at term 1 for -1: [f3ad038f-da5c-4aab-b955-43805eae4a44:192.168.69.65:34563, 0606af15-c5a8-4f2c-b2a4-46c802c45ccf:192.168.69.65:39181, 28d0d1e5-a718-4131-8689-0f879c9b805a:192.168.69.65:44185], old=null
2019-08-16 05:31:40,578 [0606af15-c5a8-4f2c-b2a4-46c802c45ccf:group-8C51E6309800:LeaderElection89] INFO  impl.LeaderElection (LeaderElection.java:logAndReturn(56)) - 0606af15-c5a8-4f2c-b2a4-46c802c45ccf:group-8C51E6309800:LeaderElection89: Election REJECTED; received 2 response(s) [0606af15-c5a8-4f2c-b2a4-46c802c45ccf<-f3ad038f-da5c-4aab-b955-43805eae4a44#0:FAIL-t1, 0606af15-c5a8-4f2c-b2a4-46c802c45ccf<-28d0d1e5-a718-4131-8689-0f879c9b805a#0:FAIL-t1] and 0 exception(s); 0606af15-c5a8-4f2c-b2a4-46c802c45ccf:t1, leader=null, voted=0606af15-c5a8-4f2c-b2a4-46c802c45ccf, raftlog=0606af15-c5a8-4f2c-b2a4-46c802c45ccf-SegmentedRaftLog:OPENED:c-1,f-1,i0, conf=-1: [f3ad038f-da5c-4aab-b955-43805eae4a44:192.168.69.65:34563, 0606af15-c5a8-4f2c-b2a4-46c802c45ccf:192.168.69.65:39181, 28d0d1e5-a718-4131-8689-0f879c9b805a:192.168.69.65:44185], old=null
2019-08-16 05:31:40,578 [0606af15-c5a8-4f2c-b2a4-46c802c45ccf:group-8C51E6309800:LeaderElection89] INFO  impl.RaftServerImpl (RaftServerImpl.java:setRole(171)) - 0606af15-c5a8-4f2c-b2a4-46c802c45ccf:group-8C51E6309800 changes role from CANDIDATE to FOLLOWER at term 1 for DISCOVERED_A_NEW_TERM
2019-08-16 05:31:40,578 [0606af15-c5a8-4f2c-b2a4-46c802c45ccf:group-8C51E6309800:LeaderElection89] INFO  impl.RoleInfo (RoleInfo.java:shutdownLeaderElection(134)) - 0606af15-c5a8-4f2c-b2a4-46c802c45ccf: shutdown LeaderElection
2019-08-16 05:31:40,579 [0606af15-c5a8-4f2c-b2a4-46c802c45ccf:group-8C51E6309800:LeaderElection89] INFO  impl.RoleInfo (RoleInfo.java:updateAndGet(143)) - 0606af15-c5a8-4f2c-b2a4-46c802c45ccf: start FollowerState
2019-08-16 05:31:40,579 [f3ad038f-da5c-4aab-b955-43805eae4a44:group-8C51E6309800:LeaderElection88] INFO  impl.LeaderElection (LeaderElection.java:logAndReturn(56)) - f3ad038f-da5c-4aab-b955-43805eae4a44:group-8C51E6309800:LeaderElection88: Election REJECTED; received 2 response(s) [f3ad038f-da5c-4aab-b955-43805eae4a44<-0606af15-c5a8-4f2c-b2a4-46c802c45ccf#0:FAIL-t1, f3ad038f-da5c-4aab-b955-43805eae4a44<-28d0d1e5-a718-4131-8689-0f879c9b805a#0:FAIL-t1] and 0 exception(s); f3ad038f-da5c-4aab-b955-43805eae4a44:t1, leader=null, voted=f3ad038f-da5c-4aab-b955-43805eae4a44, raftlog=f3ad038f-da5c-4aab-b955-43805eae4a44-SegmentedRaftLog:OPENED:c-1,f-1,i0, conf=-1: [f3ad038f-da5c-4aab-b955-43805eae4a44:192.168.69.65:34563, 0606af15-c5a8-4f2c-b2a4-46c802c45ccf:192.168.69.65:39181, 28d0d1e5-a718-4131-8689-0f879c9b805a:192.168.69.65:44185], old=null
2019-08-16 05:31:40,579 [f3ad038f-da5c-4aab-b955-43805eae4a44:group-8C51E6309800:LeaderElection88] INFO  impl.RaftServerImpl (RaftServerImpl.java:setRole(171)) - f3ad038f-da5c-4aab-b955-43805eae4a44:group-8C51E6309800 changes role from CANDIDATE to FOLLOWER at term 1 for DISCOVERED_A_NEW_TERM
2019-08-16 05:31:40,579 [f3ad038f-da5c-4aab-b955-43805eae4a44:group-8C51E6309800:LeaderElection88] INFO  impl.RoleInfo (RoleInfo.java:shutdownLeaderElection(134)) - f3ad038f-da5c-4aab-b955-43805eae4a44: shutdown LeaderElection
2019-08-16 05:31:40,579 [f3ad038f-da5c-4aab-b955-43805eae4a44:group-8C51E6309800:LeaderElection88] INFO  impl.RoleInfo (RoleInfo.java:updateAndGet(143)) - f3ad038f-da5c-4aab-b955-43805eae4a44: start FollowerState
2019-08-16 05:31:40,586 [28d0d1e5-a718-4131-8689-0f879c9b805a:group-8C51E6309800:LeaderElection90] INFO  impl.LeaderElection (LeaderElection.java:logAndReturn(56)) - 28d0d1e5-a718-4131-8689-0f879c9b805a:group-8C51E6309800:LeaderElection90: Election REJECTED; received 2 response(s) [28d0d1e5-a718-4131-8689-0f879c9b805a<-f3ad038f-da5c-4aab-b955-43805eae4a44#0:FAIL-t1, 28d0d1e5-a718-4131-8689-0f879c9b805a<-0606af15-c5a8-4f2c-b2a4-46c802c45ccf#0:FAIL-t1] and 0 exception(s); 28d0d1e5-a718-4131-8689-0f879c9b805a:t1, leader=null, voted=28d0d1e5-a718-4131-8689-0f879c9b805a, raftlog=28d0d1e5-a718-4131-8689-0f879c9b805a-SegmentedRaftLog:OPENED:c-1,f-1,i0, conf=-1: [f3ad038f-da5c-4aab-b955-43805eae4a44:192.168.69.65:34563, 0606af15-c5a8-4f2c-b2a4-46c802c45ccf:192.168.69.65:39181, 28d0d1e5-a718-4131-8689-0f879c9b805a:192.168.69.65:44185], old=null
2019-08-16 05:31:40,586 [28d0d1e5-a718-4131-8689-0f879c9b805a:group-8C51E6309800:LeaderElection90] INFO  impl.RaftServerImpl (RaftServerImpl.java:setRole(171)) - 28d0d1e5-a718-4131-8689-0f879c9b805a:group-8C51E6309800 changes role from CANDIDATE to FOLLOWER at term 1 for DISCOVERED_A_NEW_TERM
2019-08-16 05:31:40,586 [28d0d1e5-a718-4131-8689-0f879c9b805a:group-8C51E6309800:LeaderElection90] INFO  impl.RoleInfo (RoleInfo.java:shutdownLeaderElection(134)) - 28d0d1e5-a718-4131-8689-0f879c9b805a: shutdown LeaderElection
2019-08-16 05:31:40,586 [28d0d1e5-a718-4131-8689-0f879c9b805a:group-8C51E6309800:LeaderElection90] INFO  impl.RoleInfo (RoleInfo.java:updateAndGet(143)) - 28d0d1e5-a718-4131-8689-0f879c9b805a: start FollowerState
2019-08-16 05:31:40,632 [Thread-4082] INFO  impl.FollowerState (FollowerState.java:run(106)) - 86fd08ee-b365-4582-9ea1-c0072a3dfb7f:group-94DDBE57CBF7 changes to CANDIDATE, lastRpcTime:5151, electionTimeout:5151ms
2019-08-16 05:31:40,632 [Thread-4082] INFO  impl.RoleInfo (RoleInfo.java:shutdownFollowerState(121)) - 86fd08ee-b365-4582-9ea1-c0072a3dfb7f: shutdown FollowerState
2019-08-16 05:31:40,632 [Thread-4082] INFO  impl.RaftServerImpl (RaftServerImpl.java:setRole(171)) - 86fd08ee-b365-4582-9ea1-c0072a3dfb7f:group-94DDBE57CBF7 changes role from FOLLOWER to CANDIDATE at term 0 for changeToCandidate
2019-08-16 05:31:40,632 [Thread-4082] INFO  impl.RoleInfo (RoleInfo.java:updateAndGet(143)) - 86fd08ee-b365-4582-9ea1-c0072a3dfb7f: start LeaderElection
2019-08-16 05:31:40,652 [86fd08ee-b365-4582-9ea1-c0072a3dfb7f:group-94DDBE57CBF7:LeaderElection91] INFO  impl.LeaderElection (LeaderElection.java:askForVotes(181)) - 86fd08ee-b365-4582-9ea1-c0072a3dfb7f:group-94DDBE57CBF7:LeaderElection91: begin an election at term 1 for -1: [86fd08ee-b365-4582-9ea1-c0072a3dfb7f:192.168.69.65:35007], old=null
2019-08-16 05:31:40,652 [86fd08ee-b365-4582-9ea1-c0072a3dfb7f:group-94DDBE57CBF7:LeaderElection91] INFO  impl.RoleInfo (RoleInfo.java:shutdownLeaderElection(134)) - 86fd08ee-b365-4582-9ea1-c0072a3dfb7f: shutdown LeaderElection
2019-08-16 05:31:40,653 [86fd08ee-b365-4582-9ea1-c0072a3dfb7f:group-94DDBE57CBF7:LeaderElection91] INFO  impl.RaftServerImpl (RaftServerImpl.java:setRole(171)) - 86fd08ee-b365-4582-9ea1-c0072a3dfb7f:group-94DDBE57CBF7 changes role from CANDIDATE to LEADER at term 1 for changeToLeader
2019-08-16 05:31:40,653 [86fd08ee-b365-4582-9ea1-c0072a3dfb7f:group-94DDBE57CBF7:LeaderElection91] INFO  impl.RaftServerImpl (ServerState.java:setLeader(263)) - 86fd08ee-b365-4582-9ea1-c0072a3dfb7f:group-94DDBE57CBF7 change Leader from null to 86fd08ee-b365-4582-9ea1-c0072a3dfb7f at term 1 for becomeLeader, leader elected after 5176ms
2019-08-16 05:31:40,653 [86fd08ee-b365-4582-9ea1-c0072a3dfb7f:group-94DDBE57CBF7:LeaderElection91] INFO  server.RaftServerConfigKeys (ConfUtils.java:logGet(43)) - raft.server.staging.catchup.gap = 1000 (default)
2019-08-16 05:31:40,653 [86fd08ee-b365-4582-9ea1-c0072a3dfb7f:group-94DDBE57CBF7:LeaderElection91] INFO  server.RaftServerConfigKeys (ConfUtils.java:logGet(43)) - raft.server.rpc.sleep.time = 25ms (default)
2019-08-16 05:31:40,653 [86fd08ee-b365-4582-9ea1-c0072a3dfb7f:group-94DDBE57CBF7:LeaderElection91] INFO  server.RaftServerConfigKeys (ConfUtils.java:logGet(43)) - raft.server.write.element-limit = 4096 (default)
2019-08-16 05:31:40,653 [86fd08ee-b365-4582-9ea1-c0072a3dfb7f:group-94DDBE57CBF7:LeaderElection91] INFO  server.RaftServerConfigKeys (ConfUtils.java:logGet(43)) - raft.server.watch.timeout = 10s (default)
2019-08-16 05:31:40,653 [86fd08ee-b365-4582-9ea1-c0072a3dfb7f:group-94DDBE57CBF7:LeaderElection91] INFO  server.RaftServerConfigKeys (ConfUtils.java:logGet(43)) - raft.server.watch.timeout.denomination = 1s (default)
2019-08-16 05:31:40,654 [86fd08ee-b365-4582-9ea1-c0072a3dfb7f:group-94DDBE57CBF7:LeaderElection91] INFO  server.RaftServerConfigKeys (ConfUtils.java:logGet(43)) - raft.server.watch.element-limit = 65536 (default)
2019-08-16 05:31:40,654 [86fd08ee-b365-4582-9ea1-c0072a3dfb7f:group-94DDBE57CBF7:LeaderElection91] INFO  impl.RoleInfo (RoleInfo.java:updateAndGet(143)) - 86fd08ee-b365-4582-9ea1-c0072a3dfb7f: start LeaderState
2019-08-16 05:31:40,654 [86fd08ee-b365-4582-9ea1-c0072a3dfb7f:group-94DDBE57CBF7:LeaderElection91] INFO  segmented.SegmentedRaftLogWorker (SegmentedRaftLogWorker.java:startLogSegment(380)) - 86fd08ee-b365-4582-9ea1-c0072a3dfb7f-SegmentedRaftLogWorker:Storage Directory /workdir/hadoop-ozone/integration-test/target/test-dir/MiniOzoneClusterImpl-eb2bda36-fe71-46ed-bbf9-7d62ad1f7211/datanode-6/data/ratis/f4195dbf-80ce-4677-8080-94ddbe57cbf7: Starting segment from index:0
2019-08-16 05:31:40,655 [86fd08ee-b365-4582-9ea1-c0072a3dfb7f:group-94DDBE57CBF7:LeaderElection91] INFO  impl.RaftServerImpl (ServerState.java:setRaftConf(361)) - 86fd08ee-b365-4582-9ea1-c0072a3dfb7f:group-94DDBE57CBF7 set configuration 0: [86fd08ee-b365-4582-9ea1-c0072a3dfb7f:192.168.69.65:35007], old=null at 0
2019-08-16 05:31:40,686 [86fd08ee-b365-4582-9ea1-c0072a3dfb7f-SegmentedRaftLogWorker:Storage Directory /workdir/hadoop-ozone/integration-test/target/test-dir/MiniOzoneClusterImpl-eb2bda36-fe71-46ed-bbf9-7d62ad1f7211/datanode-6/data/ratis/f4195dbf-80ce-4677-8080-94ddbe57cbf7] INFO  segmented.SegmentedRaftLogWorker (SegmentedRaftLogWorker.java:execute(569)) - 86fd08ee-b365-4582-9ea1-c0072a3dfb7f-SegmentedRaftLogWorker:Storage Directory /workdir/hadoop-ozone/integration-test/target/test-dir/MiniOzoneClusterImpl-eb2bda36-fe71-46ed-bbf9-7d62ad1f7211/datanode-6/data/ratis/f4195dbf-80ce-4677-8080-94ddbe57cbf7: created new log segment /workdir/hadoop-ozone/integration-test/target/test-dir/MiniOzoneClusterImpl-eb2bda36-fe71-46ed-bbf9-7d62ad1f7211/datanode-6/data/ratis/f4195dbf-80ce-4677-8080-94ddbe57cbf7/current/log_inprogress_0
2019-08-16 05:31:40,887 | INFO  | SCMAudit | user=jenkins1000 | ip=192.168.69.65 | op=SEND_HEARTBEAT {datanodeUUID=0606af15-c5a8-4f2c-b2a4-46c802c45ccf, command=[]} | ret=SUCCESS |  
2019-08-16 05:31:41,066 | INFO  | SCMAudit | user=jenkins1000 | ip=192.168.69.65 | op=SEND_HEARTBEAT {datanodeUUID=f3ad038f-da5c-4aab-b955-43805eae4a44, command=[]} | ret=SUCCESS |  
2019-08-16 05:31:41,208 | INFO  | SCMAudit | user=jenkins1000 | ip=192.168.69.65 | op=SEND_HEARTBEAT {datanodeUUID=e53a8343-b752-45e5-a470-b8d6a4558a93, command=[]} | ret=SUCCESS |  
2019-08-16 05:31:41,235 | INFO  | SCMAudit | user=jenkins1000 | ip=192.168.69.65 | op=SEND_HEARTBEAT {datanodeUUID=28d0d1e5-a718-4131-8689-0f879c9b805a, command=[]} | ret=SUCCESS |  
2019-08-16 05:31:41,375 | INFO  | SCMAudit | user=jenkins1000 | ip=192.168.69.65 | op=SEND_HEARTBEAT {datanodeUUID=3149bb86-d3f1-4715-b40f-8f93528c26f6, command=[]} | ret=SUCCESS |  
2019-08-16 05:31:41,400 | INFO  | SCMAudit | user=jenkins1000 | ip=192.168.69.65 | op=SEND_HEARTBEAT {datanodeUUID=86fd08ee-b365-4582-9ea1-c0072a3dfb7f, command=[]} | ret=SUCCESS |  
2019-08-16 05:31:41,537 | INFO  | SCMAudit | user=jenkins1000 | ip=192.168.69.65 | op=SEND_HEARTBEAT {datanodeUUID=d5c3898c-9450-49fc-8e0a-029bdffc6f28, command=[]} | ret=SUCCESS |  
2019-08-16 05:31:41,582 [grpc-default-executor-5] INFO  client.GrpcClientProtocolClient (GrpcClientProtocolClient.java:onNext(255)) - client-033B34E2C379->28d0d1e5-a718-4131-8689-0f879c9b805a: receive RaftClientReply:client-033B34E2C379->28d0d1e5-a718-4131-8689-0f879c9b805a@group-8C51E6309800, cid=215, FAILED org.apache.ratis.protocol.NotLeaderException: Server 28d0d1e5-a718-4131-8689-0f879c9b805a is not the leader (null). Request must be sent to leader., logIndex=0, commits[28d0d1e5-a718-4131-8689-0f879c9b805a:c-1]
2019-08-16 05:31:41,888 | INFO  | SCMAudit | user=jenkins1000 | ip=192.168.69.65 | op=SEND_HEARTBEAT {datanodeUUID=0606af15-c5a8-4f2c-b2a4-46c802c45ccf, command=[]} | ret=SUCCESS |  
2019-08-16 05:31:42,066 | INFO  | SCMAudit | user=jenkins1000 | ip=192.168.69.65 | op=SEND_HEARTBEAT {datanodeUUID=f3ad038f-da5c-4aab-b955-43805eae4a44, command=[]} | ret=SUCCESS |  
2019-08-16 05:31:42,208 | INFO  | SCMAudit | user=jenkins1000 | ip=192.168.69.65 | op=SEND_HEARTBEAT {datanodeUUID=e53a8343-b752-45e5-a470-b8d6a4558a93, command=[]} | ret=SUCCESS |  
2019-08-16 05:31:42,236 | INFO  | SCMAudit | user=jenkins1000 | ip=192.168.69.65 | op=SEND_HEARTBEAT {datanodeUUID=28d0d1e5-a718-4131-8689-0f879c9b805a, command=[]} | ret=SUCCESS |  
2019-08-16 05:31:42,375 | INFO  | SCMAudit | user=jenkins1000 | ip=192.168.69.65 | op=SEND_HEARTBEAT {datanodeUUID=3149bb86-d3f1-4715-b40f-8f93528c26f6, command=[]} | ret=SUCCESS |  
2019-08-16 05:31:42,400 | INFO  | SCMAudit | user=jenkins1000 | ip=192.168.69.65 | op=SEND_HEARTBEAT {datanodeUUID=86fd08ee-b365-4582-9ea1-c0072a3dfb7f, command=[]} | ret=SUCCESS |  
2019-08-16 05:31:42,537 | INFO  | SCMAudit | user=jenkins1000 | ip=192.168.69.65 | op=SEND_HEARTBEAT {datanodeUUID=d5c3898c-9450-49fc-8e0a-029bdffc6f28, command=[]} | ret=SUCCESS |  
2019-08-16 05:31:42,609 [grpc-default-executor-8] INFO  client.GrpcClientProtocolClient (GrpcClientProtocolClient.java:onNext(255)) - client-033B34E2C379->0606af15-c5a8-4f2c-b2a4-46c802c45ccf: receive RaftClientReply:client-033B34E2C379->0606af15-c5a8-4f2c-b2a4-46c802c45ccf@group-8C51E6309800, cid=215, FAILED org.apache.ratis.protocol.NotLeaderException: Server 0606af15-c5a8-4f2c-b2a4-46c802c45ccf is not the leader (null). Request must be sent to leader., logIndex=0, commits[0606af15-c5a8-4f2c-b2a4-46c802c45ccf:c-1]
2019-08-16 05:31:42,887 | INFO  | SCMAudit | user=jenkins1000 | ip=192.168.69.65 | op=SEND_HEARTBEAT {datanodeUUID=0606af15-c5a8-4f2c-b2a4-46c802c45ccf, command=[]} | ret=SUCCESS |  
2019-08-16 05:31:43,066 | INFO  | SCMAudit | user=jenkins1000 | ip=192.168.69.65 | op=SEND_HEARTBEAT {datanodeUUID=f3ad038f-da5c-4aab-b955-43805eae4a44, command=[]} | ret=SUCCESS |  
2019-08-16 05:31:43,208 | INFO  | SCMAudit | user=jenkins1000 | ip=192.168.69.65 | op=SEND_HEARTBEAT {datanodeUUID=e53a8343-b752-45e5-a470-b8d6a4558a93, command=[]} | ret=SUCCESS |  
2019-08-16 05:31:43,236 | INFO  | SCMAudit | user=jenkins1000 | ip=192.168.69.65 | op=SEND_HEARTBEAT {datanodeUUID=28d0d1e5-a718-4131-8689-0f879c9b805a, command=[]} | ret=SUCCESS |  
2019-08-16 05:31:43,375 | INFO  | SCMAudit | user=jenkins1000 | ip=192.168.69.65 | op=SEND_HEARTBEAT {datanodeUUID=3149bb86-d3f1-4715-b40f-8f93528c26f6, command=[]} | ret=SUCCESS |  
2019-08-16 05:31:43,400 | INFO  | SCMAudit | user=jenkins1000 | ip=192.168.69.65 | op=SEND_HEARTBEAT {datanodeUUID=86fd08ee-b365-4582-9ea1-c0072a3dfb7f, command=[]} | ret=SUCCESS |  
2019-08-16 05:31:43,537 | INFO  | SCMAudit | user=jenkins1000 | ip=192.168.69.65 | op=SEND_HEARTBEAT {datanodeUUID=d5c3898c-9450-49fc-8e0a-029bdffc6f28, command=[]} | ret=SUCCESS |  
2019-08-16 05:31:43,622 [grpc-default-executor-8] INFO  client.GrpcClientProtocolClient (GrpcClientProtocolClient.java:onNext(255)) - client-033B34E2C379->28d0d1e5-a718-4131-8689-0f879c9b805a: receive RaftClientReply:client-033B34E2C379->28d0d1e5-a718-4131-8689-0f879c9b805a@group-8C51E6309800, cid=215, FAILED org.apache.ratis.protocol.NotLeaderException: Server 28d0d1e5-a718-4131-8689-0f879c9b805a is not the leader (null). Request must be sent to leader., logIndex=0, commits[28d0d1e5-a718-4131-8689-0f879c9b805a:c-1]
2019-08-16 05:31:43,887 | INFO  | SCMAudit | user=jenkins1000 | ip=192.168.69.65 | op=SEND_HEARTBEAT {datanodeUUID=0606af15-c5a8-4f2c-b2a4-46c802c45ccf, command=[]} | ret=SUCCESS |  
2019-08-16 05:31:44,066 | INFO  | SCMAudit | user=jenkins1000 | ip=192.168.69.65 | op=SEND_HEARTBEAT {datanodeUUID=f3ad038f-da5c-4aab-b955-43805eae4a44, command=[]} | ret=SUCCESS |  
2019-08-16 05:31:44,208 | INFO  | SCMAudit | user=jenkins1000 | ip=192.168.69.65 | op=SEND_HEARTBEAT {datanodeUUID=e53a8343-b752-45e5-a470-b8d6a4558a93, command=[]} | ret=SUCCESS |  
2019-08-16 05:31:44,236 | INFO  | SCMAudit | user=jenkins1000 | ip=192.168.69.65 | op=SEND_HEARTBEAT {datanodeUUID=28d0d1e5-a718-4131-8689-0f879c9b805a, command=[]} | ret=SUCCESS |  
2019-08-16 05:31:44,375 | INFO  | SCMAudit | user=jenkins1000 | ip=192.168.69.65 | op=SEND_HEARTBEAT {datanodeUUID=3149bb86-d3f1-4715-b40f-8f93528c26f6, command=[]} | ret=SUCCESS |  
2019-08-16 05:31:44,400 | INFO  | SCMAudit | user=jenkins1000 | ip=192.168.69.65 | op=SEND_HEARTBEAT {datanodeUUID=86fd08ee-b365-4582-9ea1-c0072a3dfb7f, command=[]} | ret=SUCCESS |  
2019-08-16 05:31:44,537 | INFO  | SCMAudit | user=jenkins1000 | ip=192.168.69.65 | op=SEND_HEARTBEAT {datanodeUUID=d5c3898c-9450-49fc-8e0a-029bdffc6f28, command=[]} | ret=SUCCESS |  
2019-08-16 05:31:44,634 [grpc-default-executor-5] INFO  client.GrpcClientProtocolClient (GrpcClientProtocolClient.java:onNext(255)) - client-033B34E2C379->f3ad038f-da5c-4aab-b955-43805eae4a44: receive RaftClientReply:client-033B34E2C379->f3ad038f-da5c-4aab-b955-43805eae4a44@group-8C51E6309800, cid=215, FAILED org.apache.ratis.protocol.NotLeaderException: Server f3ad038f-da5c-4aab-b955-43805eae4a44 is not the leader (null). Request must be sent to leader., logIndex=0, commits[f3ad038f-da5c-4aab-b955-43805eae4a44:c-1]
2019-08-16 05:31:44,887 | INFO  | SCMAudit | user=jenkins1000 | ip=192.168.69.65 | op=SEND_HEARTBEAT {datanodeUUID=0606af15-c5a8-4f2c-b2a4-46c802c45ccf, command=[]} | ret=SUCCESS |  
2019-08-16 05:31:45,066 | INFO  | SCMAudit | user=jenkins1000 | ip=192.168.69.65 | op=SEND_HEARTBEAT {datanodeUUID=f3ad038f-da5c-4aab-b955-43805eae4a44, command=[]} | ret=SUCCESS |  
2019-08-16 05:31:45,208 | INFO  | SCMAudit | user=jenkins1000 | ip=192.168.69.65 | op=SEND_HEARTBEAT {datanodeUUID=e53a8343-b752-45e5-a470-b8d6a4558a93, command=[]} | ret=SUCCESS |  
2019-08-16 05:31:45,236 | INFO  | SCMAudit | user=jenkins1000 | ip=192.168.69.65 | op=SEND_HEARTBEAT {datanodeUUID=28d0d1e5-a718-4131-8689-0f879c9b805a, command=[]} | ret=SUCCESS |  
2019-08-16 05:31:45,375 | INFO  | SCMAudit | user=jenkins1000 | ip=192.168.69.65 | op=SEND_HEARTBEAT {datanodeUUID=3149bb86-d3f1-4715-b40f-8f93528c26f6, command=[]} | ret=SUCCESS |  
2019-08-16 05:31:45,400 | INFO  | SCMAudit | user=jenkins1000 | ip=192.168.69.65 | op=SEND_HEARTBEAT {datanodeUUID=86fd08ee-b365-4582-9ea1-c0072a3dfb7f, command=[]} | ret=SUCCESS |  
2019-08-16 05:31:45,537 | INFO  | SCMAudit | user=jenkins1000 | ip=192.168.69.65 | op=SEND_HEARTBEAT {datanodeUUID=d5c3898c-9450-49fc-8e0a-029bdffc6f28, command=[]} | ret=SUCCESS |  
2019-08-16 05:31:45,634 [Thread-4143] INFO  impl.FollowerState (FollowerState.java:run(106)) - 28d0d1e5-a718-4131-8689-0f879c9b805a:group-8C51E6309800 changes to CANDIDATE, lastRpcTime:5047, electionTimeout:5047ms
2019-08-16 05:31:45,634 [Thread-4143] INFO  impl.RoleInfo (RoleInfo.java:shutdownFollowerState(121)) - 28d0d1e5-a718-4131-8689-0f879c9b805a: shutdown FollowerState
2019-08-16 05:31:45,634 [Thread-4143] INFO  impl.RaftServerImpl (RaftServerImpl.java:setRole(171)) - 28d0d1e5-a718-4131-8689-0f879c9b805a:group-8C51E6309800 changes role from FOLLOWER to CANDIDATE at term 1 for changeToCandidate
2019-08-16 05:31:45,634 [Thread-4143] INFO  impl.RoleInfo (RoleInfo.java:updateAndGet(143)) - 28d0d1e5-a718-4131-8689-0f879c9b805a: start LeaderElection
2019-08-16 05:31:45,649 [grpc-default-executor-8] INFO  client.GrpcClientProtocolClient (GrpcClientProtocolClient.java:onNext(255)) - client-033B34E2C379->0606af15-c5a8-4f2c-b2a4-46c802c45ccf: receive RaftClientReply:client-033B34E2C379->0606af15-c5a8-4f2c-b2a4-46c802c45ccf@group-8C51E6309800, cid=215, FAILED org.apache.ratis.protocol.NotLeaderException: Server 0606af15-c5a8-4f2c-b2a4-46c802c45ccf is not the leader (null). Request must be sent to leader., logIndex=0, commits[0606af15-c5a8-4f2c-b2a4-46c802c45ccf:c-1]
2019-08-16 05:31:45,664 [28d0d1e5-a718-4131-8689-0f879c9b805a:group-8C51E6309800:LeaderElection92] INFO  impl.LeaderElection (LeaderElection.java:askForVotes(181)) - 28d0d1e5-a718-4131-8689-0f879c9b805a:group-8C51E6309800:LeaderElection92: begin an election at term 2 for -1: [f3ad038f-da5c-4aab-b955-43805eae4a44:192.168.69.65:34563, 0606af15-c5a8-4f2c-b2a4-46c802c45ccf:192.168.69.65:39181, 28d0d1e5-a718-4131-8689-0f879c9b805a:192.168.69.65:44185], old=null
2019-08-16 05:31:45,666 [grpc-default-executor-5] INFO  impl.RaftServerImpl (RaftServerImpl.java:setRole(171)) - f3ad038f-da5c-4aab-b955-43805eae4a44:group-8C51E6309800 changes role from FOLLOWER to FOLLOWER at term 2 for recognizeCandidate:28d0d1e5-a718-4131-8689-0f879c9b805a
2019-08-16 05:31:45,666 [grpc-default-executor-8] INFO  impl.RaftServerImpl (RaftServerImpl.java:setRole(171)) - 0606af15-c5a8-4f2c-b2a4-46c802c45ccf:group-8C51E6309800 changes role from FOLLOWER to FOLLOWER at term 2 for recognizeCandidate:28d0d1e5-a718-4131-8689-0f879c9b805a
2019-08-16 05:31:45,666 [grpc-default-executor-5] INFO  impl.RoleInfo (RoleInfo.java:shutdownFollowerState(121)) - f3ad038f-da5c-4aab-b955-43805eae4a44: shutdown FollowerState
2019-08-16 05:31:45,666 [grpc-default-executor-8] INFO  impl.RoleInfo (RoleInfo.java:shutdownFollowerState(121)) - 0606af15-c5a8-4f2c-b2a4-46c802c45ccf: shutdown FollowerState
2019-08-16 05:31:45,667 [Thread-4142] INFO  impl.FollowerState (FollowerState.java:run(114)) - f3ad038f-da5c-4aab-b955-43805eae4a44: FollowerState was interrupted: java.lang.InterruptedException: sleep interrupted
2019-08-16 05:31:45,667 [Thread-4141] INFO  impl.FollowerState (FollowerState.java:run(114)) - 0606af15-c5a8-4f2c-b2a4-46c802c45ccf: FollowerState was interrupted: java.lang.InterruptedException: sleep interrupted
2019-08-16 05:31:45,666 [grpc-default-executor-5] INFO  impl.RoleInfo (RoleInfo.java:updateAndGet(143)) - f3ad038f-da5c-4aab-b955-43805eae4a44: start FollowerState
2019-08-16 05:31:45,667 [grpc-default-executor-8] INFO  impl.RoleInfo (RoleInfo.java:updateAndGet(143)) - 0606af15-c5a8-4f2c-b2a4-46c802c45ccf: start FollowerState
2019-08-16 05:31:45,686 [28d0d1e5-a718-4131-8689-0f879c9b805a:group-8C51E6309800:LeaderElection92] INFO  impl.LeaderElection (LeaderElection.java:logAndReturn(56)) - 28d0d1e5-a718-4131-8689-0f879c9b805a:group-8C51E6309800:LeaderElection92: Election PASSED; received 1 response(s) [28d0d1e5-a718-4131-8689-0f879c9b805a<-0606af15-c5a8-4f2c-b2a4-46c802c45ccf#0:OK-t2] and 0 exception(s); 28d0d1e5-a718-4131-8689-0f879c9b805a:t2, leader=null, voted=28d0d1e5-a718-4131-8689-0f879c9b805a, raftlog=28d0d1e5-a718-4131-8689-0f879c9b805a-SegmentedRaftLog:OPENED:c-1,f-1,i0, conf=-1: [f3ad038f-da5c-4aab-b955-43805eae4a44:192.168.69.65:34563, 0606af15-c5a8-4f2c-b2a4-46c802c45ccf:192.168.69.65:39181, 28d0d1e5-a718-4131-8689-0f879c9b805a:192.168.69.65:44185], old=null
2019-08-16 05:31:45,686 [28d0d1e5-a718-4131-8689-0f879c9b805a:group-8C51E6309800:LeaderElection92] INFO  impl.RoleInfo (RoleInfo.java:shutdownLeaderElection(134)) - 28d0d1e5-a718-4131-8689-0f879c9b805a: shutdown LeaderElection
2019-08-16 05:31:45,687 [28d0d1e5-a718-4131-8689-0f879c9b805a:group-8C51E6309800:LeaderElection92] INFO  impl.RaftServerImpl (RaftServerImpl.java:setRole(171)) - 28d0d1e5-a718-4131-8689-0f879c9b805a:group-8C51E6309800 changes role from CANDIDATE to LEADER at term 2 for changeToLeader
2019-08-16 05:31:45,687 [28d0d1e5-a718-4131-8689-0f879c9b805a:group-8C51E6309800:LeaderElection92] INFO  impl.RaftServerImpl (ServerState.java:setLeader(263)) - 28d0d1e5-a718-4131-8689-0f879c9b805a:group-8C51E6309800 change Leader from null to 28d0d1e5-a718-4131-8689-0f879c9b805a at term 2 for becomeLeader, leader elected after 10331ms
2019-08-16 05:31:45,687 [28d0d1e5-a718-4131-8689-0f879c9b805a:group-8C51E6309800:LeaderElection92] INFO  server.RaftServerConfigKeys (ConfUtils.java:logGet(43)) - raft.server.staging.catchup.gap = 1000 (default)
2019-08-16 05:31:45,687 [28d0d1e5-a718-4131-8689-0f879c9b805a:group-8C51E6309800:LeaderElection92] INFO  server.RaftServerConfigKeys (ConfUtils.java:logGet(43)) - raft.server.rpc.sleep.time = 25ms (default)
2019-08-16 05:31:45,687 [28d0d1e5-a718-4131-8689-0f879c9b805a:group-8C51E6309800:LeaderElection92] INFO  server.RaftServerConfigKeys (ConfUtils.java:logGet(43)) - raft.server.write.element-limit = 4096 (default)
2019-08-16 05:31:45,687 [28d0d1e5-a718-4131-8689-0f879c9b805a:group-8C51E6309800:LeaderElection92] INFO  server.RaftServerConfigKeys (ConfUtils.java:logGet(43)) - raft.server.watch.timeout = 10s (default)
2019-08-16 05:31:45,688 [28d0d1e5-a718-4131-8689-0f879c9b805a:group-8C51E6309800:LeaderElection92] INFO  server.RaftServerConfigKeys (ConfUtils.java:logGet(43)) - raft.server.watch.timeout.denomination = 1s (default)
2019-08-16 05:31:45,688 [28d0d1e5-a718-4131-8689-0f879c9b805a:group-8C51E6309800:LeaderElection92] INFO  server.RaftServerConfigKeys (ConfUtils.java:logGet(43)) - raft.server.watch.element-limit = 65536 (default)
2019-08-16 05:31:45,688 [28d0d1e5-a718-4131-8689-0f879c9b805a:group-8C51E6309800:LeaderElection92] INFO  server.RaftServerConfigKeys (ConfUtils.java:logGet(43)) - raft.server.log.appender.snapshot.chunk.size.max = 16MB (=16777216) (default)
2019-08-16 05:31:45,688 [28d0d1e5-a718-4131-8689-0f879c9b805a:group-8C51E6309800:LeaderElection92] INFO  server.RaftServerConfigKeys (ConfUtils.java:logGet(43)) - raft.server.log.appender.buffer.byte-limit = 33554432 (custom)
2019-08-16 05:31:45,688 [28d0d1e5-a718-4131-8689-0f879c9b805a:group-8C51E6309800:LeaderElection92] INFO  server.RaftServerConfigKeys (ConfUtils.java:logGet(43)) - raft.server.log.appender.buffer.element-limit = 1 (custom)
2019-08-16 05:31:45,689 [28d0d1e5-a718-4131-8689-0f879c9b805a:group-8C51E6309800:LeaderElection92] INFO  grpc.GrpcConfigKeys$Server (ConfUtils.java:logGet(43)) - raft.grpc.server.leader.outstanding.appends.max = 128 (default)
2019-08-16 05:31:45,689 [28d0d1e5-a718-4131-8689-0f879c9b805a:group-8C51E6309800:LeaderElection92] INFO  server.RaftServerConfigKeys (ConfUtils.java:logGet(43)) - raft.server.rpc.request.timeout = 3000ms (default)
2019-08-16 05:31:45,689 [28d0d1e5-a718-4131-8689-0f879c9b805a:group-8C51E6309800:LeaderElection92] INFO  server.RaftServerConfigKeys (ConfUtils.java:logGet(43)) - raft.server.log.appender.install.snapshot.enabled = false (custom)
2019-08-16 05:31:45,689 [28d0d1e5-a718-4131-8689-0f879c9b805a:group-8C51E6309800:LeaderElection92] INFO  server.RaftServerConfigKeys (ConfUtils.java:logGet(43)) - raft.server.log.appender.snapshot.chunk.size.max = 16MB (=16777216) (default)
2019-08-16 05:31:45,689 [28d0d1e5-a718-4131-8689-0f879c9b805a:group-8C51E6309800:LeaderElection92] INFO  server.RaftServerConfigKeys (ConfUtils.java:logGet(43)) - raft.server.log.appender.buffer.byte-limit = 33554432 (custom)
2019-08-16 05:31:45,689 [28d0d1e5-a718-4131-8689-0f879c9b805a:group-8C51E6309800:LeaderElection92] INFO  server.RaftServerConfigKeys (ConfUtils.java:logGet(43)) - raft.server.log.appender.buffer.element-limit = 1 (custom)
2019-08-16 05:31:45,690 [28d0d1e5-a718-4131-8689-0f879c9b805a:group-8C51E6309800:LeaderElection92] INFO  grpc.GrpcConfigKeys$Server (ConfUtils.java:logGet(43)) - raft.grpc.server.leader.outstanding.appends.max = 128 (default)
2019-08-16 05:31:45,690 [28d0d1e5-a718-4131-8689-0f879c9b805a:group-8C51E6309800:LeaderElection92] INFO  server.RaftServerConfigKeys (ConfUtils.java:logGet(43)) - raft.server.rpc.request.timeout = 3000ms (default)
2019-08-16 05:31:45,690 [28d0d1e5-a718-4131-8689-0f879c9b805a:group-8C51E6309800:LeaderElection92] INFO  server.RaftServerConfigKeys (ConfUtils.java:logGet(43)) - raft.server.log.appender.install.snapshot.enabled = false (custom)
2019-08-16 05:31:45,690 [28d0d1e5-a718-4131-8689-0f879c9b805a:group-8C51E6309800:LeaderElection92] INFO  impl.RoleInfo (RoleInfo.java:updateAndGet(143)) - 28d0d1e5-a718-4131-8689-0f879c9b805a: start LeaderState
2019-08-16 05:31:45,690 [28d0d1e5-a718-4131-8689-0f879c9b805a:group-8C51E6309800:LeaderElection92] INFO  segmented.SegmentedRaftLogWorker (SegmentedRaftLogWorker.java:startLogSegment(380)) - 28d0d1e5-a718-4131-8689-0f879c9b805a-SegmentedRaftLogWorker:Storage Directory /workdir/hadoop-ozone/integration-test/target/test-dir/MiniOzoneClusterImpl-eb2bda36-fe71-46ed-bbf9-7d62ad1f7211/datanode-5/data/ratis/4060fff1-7c27-46b0-a17d-8c51e6309800: Starting segment from index:0
2019-08-16 05:31:45,691 [28d0d1e5-a718-4131-8689-0f879c9b805a:group-8C51E6309800:LeaderElection92] INFO  impl.RaftServerImpl (ServerState.java:setRaftConf(361)) - 28d0d1e5-a718-4131-8689-0f879c9b805a:group-8C51E6309800 set configuration 0: [f3ad038f-da5c-4aab-b955-43805eae4a44:192.168.69.65:34563, 0606af15-c5a8-4f2c-b2a4-46c802c45ccf:192.168.69.65:39181, 28d0d1e5-a718-4131-8689-0f879c9b805a:192.168.69.65:44185], old=null at 0
2019-08-16 05:31:45,693 [grpc-default-executor-5] INFO  impl.RaftServerImpl (ServerState.java:setLeader(263)) - f3ad038f-da5c-4aab-b955-43805eae4a44:group-8C51E6309800 change Leader from null to 28d0d1e5-a718-4131-8689-0f879c9b805a at term 2 for appendEntries, leader elected after 10338ms
2019-08-16 05:31:45,693 [grpc-default-executor-8] INFO  impl.RaftServerImpl (ServerState.java:setLeader(263)) - 0606af15-c5a8-4f2c-b2a4-46c802c45ccf:group-8C51E6309800 change Leader from null to 28d0d1e5-a718-4131-8689-0f879c9b805a at term 2 for appendEntries, leader elected after 10338ms
2019-08-16 05:31:45,696 [grpc-default-executor-8] INFO  impl.RaftServerImpl (ServerState.java:setRaftConf(361)) - f3ad038f-da5c-4aab-b955-43805eae4a44:group-8C51E6309800 set configuration 0: [f3ad038f-da5c-4aab-b955-43805eae4a44:192.168.69.65:34563, 0606af15-c5a8-4f2c-b2a4-46c802c45ccf:192.168.69.65:39181, 28d0d1e5-a718-4131-8689-0f879c9b805a:192.168.69.65:44185], old=null at 0
2019-08-16 05:31:45,696 [grpc-default-executor-8] INFO  segmented.SegmentedRaftLogWorker (SegmentedRaftLogWorker.java:startLogSegment(380)) - f3ad038f-da5c-4aab-b955-43805eae4a44-SegmentedRaftLogWorker:Storage Directory /workdir/hadoop-ozone/integration-test/target/test-dir/MiniOzoneClusterImpl-eb2bda36-fe71-46ed-bbf9-7d62ad1f7211/datanode-4/data/ratis/4060fff1-7c27-46b0-a17d-8c51e6309800: Starting segment from index:0
2019-08-16 05:31:45,697 [grpc-default-executor-5] INFO  impl.RaftServerImpl (ServerState.java:setRaftConf(361)) - 0606af15-c5a8-4f2c-b2a4-46c802c45ccf:group-8C51E6309800 set configuration 0: [f3ad038f-da5c-4aab-b955-43805eae4a44:192.168.69.65:34563, 0606af15-c5a8-4f2c-b2a4-46c802c45ccf:192.168.69.65:39181, 28d0d1e5-a718-4131-8689-0f879c9b805a:192.168.69.65:44185], old=null at 0
2019-08-16 05:31:45,697 [grpc-default-executor-5] INFO  segmented.SegmentedRaftLogWorker (SegmentedRaftLogWorker.java:startLogSegment(380)) - 0606af15-c5a8-4f2c-b2a4-46c802c45ccf-SegmentedRaftLogWorker:Storage Directory /workdir/hadoop-ozone/integration-test/target/test-dir/MiniOzoneClusterImpl-eb2bda36-fe71-46ed-bbf9-7d62ad1f7211/datanode-3/data/ratis/4060fff1-7c27-46b0-a17d-8c51e6309800: Starting segment from index:0
2019-08-16 05:31:45,722 [28d0d1e5-a718-4131-8689-0f879c9b805a-SegmentedRaftLogWorker:Storage Directory /workdir/hadoop-ozone/integration-test/target/test-dir/MiniOzoneClusterImpl-eb2bda36-fe71-46ed-bbf9-7d62ad1f7211/datanode-5/data/ratis/4060fff1-7c27-46b0-a17d-8c51e6309800] INFO  segmented.SegmentedRaftLogWorker (SegmentedRaftLogWorker.java:execute(569)) - 28d0d1e5-a718-4131-8689-0f879c9b805a-SegmentedRaftLogWorker:Storage Directory /workdir/hadoop-ozone/integration-test/target/test-dir/MiniOzoneClusterImpl-eb2bda36-fe71-46ed-bbf9-7d62ad1f7211/datanode-5/data/ratis/4060fff1-7c27-46b0-a17d-8c51e6309800: created new log segment /workdir/hadoop-ozone/integration-test/target/test-dir/MiniOzoneClusterImpl-eb2bda36-fe71-46ed-bbf9-7d62ad1f7211/datanode-5/data/ratis/4060fff1-7c27-46b0-a17d-8c51e6309800/current/log_inprogress_0
2019-08-16 05:31:45,722 [0606af15-c5a8-4f2c-b2a4-46c802c45ccf-SegmentedRaftLogWorker:Storage Directory /workdir/hadoop-ozone/integration-test/target/test-dir/MiniOzoneClusterImpl-eb2bda36-fe71-46ed-bbf9-7d62ad1f7211/datanode-3/data/ratis/4060fff1-7c27-46b0-a17d-8c51e6309800] INFO  segmented.SegmentedRaftLogWorker (SegmentedRaftLogWorker.java:execute(569)) - 0606af15-c5a8-4f2c-b2a4-46c802c45ccf-SegmentedRaftLogWorker:Storage Directory /workdir/hadoop-ozone/integration-test/target/test-dir/MiniOzoneClusterImpl-eb2bda36-fe71-46ed-bbf9-7d62ad1f7211/datanode-3/data/ratis/4060fff1-7c27-46b0-a17d-8c51e6309800: created new log segment /workdir/hadoop-ozone/integration-test/target/test-dir/MiniOzoneClusterImpl-eb2bda36-fe71-46ed-bbf9-7d62ad1f7211/datanode-3/data/ratis/4060fff1-7c27-46b0-a17d-8c51e6309800/current/log_inprogress_0
2019-08-16 05:31:45,722 [f3ad038f-da5c-4aab-b955-43805eae4a44-SegmentedRaftLogWorker:Storage Directory /workdir/hadoop-ozone/integration-test/target/test-dir/MiniOzoneClusterImpl-eb2bda36-fe71-46ed-bbf9-7d62ad1f7211/datanode-4/data/ratis/4060fff1-7c27-46b0-a17d-8c51e6309800] INFO  segmented.SegmentedRaftLogWorker (SegmentedRaftLogWorker.java:execute(569)) - f3ad038f-da5c-4aab-b955-43805eae4a44-SegmentedRaftLogWorker:Storage Directory /workdir/hadoop-ozone/integration-test/target/test-dir/MiniOzoneClusterImpl-eb2bda36-fe71-46ed-bbf9-7d62ad1f7211/datanode-4/data/ratis/4060fff1-7c27-46b0-a17d-8c51e6309800: created new log segment /workdir/hadoop-ozone/integration-test/target/test-dir/MiniOzoneClusterImpl-eb2bda36-fe71-46ed-bbf9-7d62ad1f7211/datanode-4/data/ratis/4060fff1-7c27-46b0-a17d-8c51e6309800/current/log_inprogress_0
2019-08-16 05:31:45,888 | INFO  | SCMAudit | user=jenkins1000 | ip=192.168.69.65 | op=SEND_HEARTBEAT {datanodeUUID=0606af15-c5a8-4f2c-b2a4-46c802c45ccf, command=[]} | ret=SUCCESS |  
2019-08-16 05:31:46,066 | INFO  | SCMAudit | user=jenkins1000 | ip=192.168.69.65 | op=SEND_HEARTBEAT {datanodeUUID=f3ad038f-da5c-4aab-b955-43805eae4a44, command=[]} | ret=SUCCESS |  
2019-08-16 05:31:46,208 | INFO  | SCMAudit | user=jenkins1000 | ip=192.168.69.65 | op=SEND_HEARTBEAT {datanodeUUID=e53a8343-b752-45e5-a470-b8d6a4558a93, command=[]} | ret=SUCCESS |  
2019-08-16 05:31:46,236 | INFO  | SCMAudit | user=jenkins1000 | ip=192.168.69.65 | op=SEND_HEARTBEAT {datanodeUUID=28d0d1e5-a718-4131-8689-0f879c9b805a, command=[]} | ret=SUCCESS |  
2019-08-16 05:31:46,375 | INFO  | SCMAudit | user=jenkins1000 | ip=192.168.69.65 | op=SEND_HEARTBEAT {datanodeUUID=3149bb86-d3f1-4715-b40f-8f93528c26f6, command=[]} | ret=SUCCESS |  
2019-08-16 05:31:46,400 | INFO  | SCMAudit | user=jenkins1000 | ip=192.168.69.65 | op=SEND_HEARTBEAT {datanodeUUID=86fd08ee-b365-4582-9ea1-c0072a3dfb7f, command=[]} | ret=SUCCESS |  
2019-08-16 05:31:46,537 | INFO  | SCMAudit | user=jenkins1000 | ip=192.168.69.65 | op=SEND_HEARTBEAT {datanodeUUID=d5c3898c-9450-49fc-8e0a-029bdffc6f28, command=[]} | ret=SUCCESS |  
2019-08-16 05:31:46,824 | INFO  | DNAudit | user=null | ip=null | op=WRITE_CHUNK {blockData=conID: 1 locID: 102625017560236049 bcsId: 0} | ret=SUCCESS |  
2019-08-16 05:31:46,824 | INFO  | DNAudit | user=null | ip=null | op=WRITE_CHUNK {blockData=conID: 1 locID: 102625017560236049 bcsId: 0} | ret=SUCCESS |  
2019-08-16 05:31:46,824 | INFO  | DNAudit | user=null | ip=null | op=WRITE_CHUNK {blockData=conID: 1 locID: 102625017560236049 bcsId: 0} | ret=SUCCESS |  
2019-08-16 05:31:46,825 | INFO  | SCMAudit | user=jenkins1000 | ip=192.168.69.65 | op=SEND_HEARTBEAT {datanodeUUID=28d0d1e5-a718-4131-8689-0f879c9b805a, command=[]} | ret=SUCCESS |  
2019-08-16 05:31:46,825 | INFO  | SCMAudit | user=jenkins1000 | ip=192.168.69.65 | op=SEND_HEARTBEAT {datanodeUUID=0606af15-c5a8-4f2c-b2a4-46c802c45ccf, command=[]} | ret=SUCCESS |  
2019-08-16 05:31:46,825 | INFO  | SCMAudit | user=jenkins1000 | ip=192.168.69.65 | op=SEND_HEARTBEAT {datanodeUUID=f3ad038f-da5c-4aab-b955-43805eae4a44, command=[]} | ret=SUCCESS |  
2019-08-16 05:31:46,840 | INFO  | DNAudit | user=null | ip=null | op=WRITE_CHUNK {blockData=conID: 1 locID: 102625017560236049 bcsId: 0} | ret=SUCCESS |  
2019-08-16 05:31:46,846 [grpc-default-executor-5] INFO  client.GrpcClientProtocolClient (GrpcClientProtocolClient.java:onNext(255)) - client-033B34E2C379->28d0d1e5-a718-4131-8689-0f879c9b805a: receive RaftClientReply:client-033B34E2C379->28d0d1e5-a718-4131-8689-0f879c9b805a@group-8C51E6309800, cid=215, SUCCESS, logIndex=1, commits[28d0d1e5-a718-4131-8689-0f879c9b805a:c1, f3ad038f-da5c-4aab-b955-43805eae4a44:c0, 0606af15-c5a8-4f2c-b2a4-46c802c45ccf:c0]
2019-08-16 05:31:46,849 | INFO  | DNAudit | user=null | ip=null | op=WRITE_CHUNK {blockData=conID: 1 locID: 102625017560236049 bcsId: 0} | ret=SUCCESS |  
2019-08-16 05:31:46,850 | INFO  | DNAudit | user=null | ip=null | op=WRITE_CHUNK {blockData=conID: 1 locID: 102625017560236049 bcsId: 0} | ret=SUCCESS |  
2019-08-16 05:31:46,850 | INFO  | DNAudit | user=null | ip=null | op=WRITE_CHUNK {blockData=conID: 1 locID: 102625017560236049 bcsId: 0} | ret=SUCCESS |  
2019-08-16 05:31:46,851 | INFO  | DNAudit | user=null | ip=null | op=WRITE_CHUNK {blockData=conID: 1 locID: 102625017560236049 bcsId: 0} | ret=SUCCESS |  
2019-08-16 05:31:46,851 | INFO  | DNAudit | user=null | ip=null | op=WRITE_CHUNK {blockData=conID: 1 locID: 102625017560236049 bcsId: 0} | ret=SUCCESS |  
2019-08-16 05:31:46,864 | INFO  | DNAudit | user=null | ip=null | op=WRITE_CHUNK {blockData=conID: 1 locID: 102625017560236049 bcsId: 0} | ret=SUCCESS |  
2019-08-16 05:31:46,868 [grpc-default-executor-5] INFO  client.GrpcClientProtocolClient (GrpcClientProtocolClient.java:onNext(255)) - client-033B34E2C379->28d0d1e5-a718-4131-8689-0f879c9b805a: receive RaftClientReply:client-033B34E2C379->28d0d1e5-a718-4131-8689-0f879c9b805a@group-8C51E6309800, cid=216, SUCCESS, logIndex=3, commits[28d0d1e5-a718-4131-8689-0f879c9b805a:c3, f3ad038f-da5c-4aab-b955-43805eae4a44:c1, 0606af15-c5a8-4f2c-b2a4-46c802c45ccf:c1]
2019-08-16 05:31:46,889 | INFO  | DNAudit | user=null | ip=null | op=WRITE_CHUNK {blockData=conID: 1 locID: 102625017560236049 bcsId: 0} | ret=SUCCESS |  
2019-08-16 05:31:46,890 | INFO  | DNAudit | user=null | ip=null | op=WRITE_CHUNK {blockData=conID: 1 locID: 102625017560236049 bcsId: 0} | ret=SUCCESS |  
2019-08-16 05:31:46,933 | INFO  | DNAudit | user=null | ip=null | op=PUT_BLOCK {blockData=[blockId=conID: 1 locID: 102625017560236049 bcsId: 0,size=167]} | ret=SUCCESS |  
2019-08-16 05:31:46,935 [grpc-default-executor-5] INFO  client.GrpcClientProtocolClient (GrpcClientProtocolClient.java:onNext(255)) - client-033B34E2C379->28d0d1e5-a718-4131-8689-0f879c9b805a: receive RaftClientReply:client-033B34E2C379->28d0d1e5-a718-4131-8689-0f879c9b805a@group-8C51E6309800, cid=217, SUCCESS, logIndex=4, commits[28d0d1e5-a718-4131-8689-0f879c9b805a:c6, f3ad038f-da5c-4aab-b955-43805eae4a44:c3, 0606af15-c5a8-4f2c-b2a4-46c802c45ccf:c3]
2019-08-16 05:31:47,208 | INFO  | SCMAudit | user=jenkins1000 | ip=192.168.69.65 | op=SEND_HEARTBEAT {datanodeUUID=e53a8343-b752-45e5-a470-b8d6a4558a93, command=[]} | ret=SUCCESS |  
2019-08-16 05:31:47,375 | INFO  | SCMAudit | user=jenkins1000 | ip=192.168.69.65 | op=SEND_HEARTBEAT {datanodeUUID=3149bb86-d3f1-4715-b40f-8f93528c26f6, command=[]} | ret=SUCCESS |  
2019-08-16 05:31:47,400 | INFO  | SCMAudit | user=jenkins1000 | ip=192.168.69.65 | op=SEND_HEARTBEAT {datanodeUUID=86fd08ee-b365-4582-9ea1-c0072a3dfb7f, command=[]} | ret=SUCCESS |  
2019-08-16 05:31:47,537 | INFO  | SCMAudit | user=jenkins1000 | ip=192.168.69.65 | op=SEND_HEARTBEAT {datanodeUUID=d5c3898c-9450-49fc-8e0a-029bdffc6f28, command=[]} | ret=SUCCESS |  
2019-08-16 05:31:47,825 | INFO  | SCMAudit | user=jenkins1000 | ip=192.168.69.65 | op=SEND_HEARTBEAT {datanodeUUID=0606af15-c5a8-4f2c-b2a4-46c802c45ccf, command=[]} | ret=SUCCESS |  
2019-08-16 05:31:47,825 | INFO  | SCMAudit | user=jenkins1000 | ip=192.168.69.65 | op=SEND_HEARTBEAT {datanodeUUID=f3ad038f-da5c-4aab-b955-43805eae4a44, command=[]} | ret=SUCCESS |  
2019-08-16 05:31:47,825 | INFO  | SCMAudit | user=jenkins1000 | ip=192.168.69.65 | op=SEND_HEARTBEAT {datanodeUUID=28d0d1e5-a718-4131-8689-0f879c9b805a, command=[]} | ret=SUCCESS |  
2019-08-16 05:31:47,936 [main] WARN  scm.XceiverClientRatis (XceiverClientRatis.java:watchForCommit(262)) - 3 way commit failed on pipeline Pipeline[ Id: 4060fff1-7c27-46b0-a17d-8c51e6309800, Nodes: 0606af15-c5a8-4f2c-b2a4-46c802c45ccf{ip: 192.168.69.65, host: trunk-nightly-4lbr2-4263640518, networkLocation: /default-rack, certSerialId: null}28d0d1e5-a718-4131-8689-0f879c9b805a{ip: 192.168.69.65, host: trunk-nightly-4lbr2-4263640518, networkLocation: /default-rack, certSerialId: null}f3ad038f-da5c-4aab-b955-43805eae4a44{ip: 192.168.69.65, host: trunk-nightly-4lbr2-4263640518, networkLocation: /default-rack, certSerialId: null}, Type:RATIS, Factor:THREE, State:OPEN]
java.util.concurrent.TimeoutException
	at java.util.concurrent.CompletableFuture.timedGet(CompletableFuture.java:1771)
	at java.util.concurrent.CompletableFuture.get(CompletableFuture.java:1915)
	at org.apache.hadoop.hdds.scm.XceiverClientRatis.watchForCommit(XceiverClientRatis.java:259)
	at org.apache.hadoop.hdds.scm.storage.CommitWatcher.watchForCommit(CommitWatcher.java:194)
	at org.apache.hadoop.hdds.scm.storage.CommitWatcher.watchOnLastIndex(CommitWatcher.java:157)
	at org.apache.hadoop.hdds.scm.storage.BlockOutputStream.watchForCommit(BlockOutputStream.java:347)
	at org.apache.hadoop.hdds.scm.storage.BlockOutputStream.handleFlush(BlockOutputStream.java:479)
	at org.apache.hadoop.hdds.scm.storage.BlockOutputStream.flush(BlockOutputStream.java:428)
	at org.apache.hadoop.ozone.client.io.BlockOutputStreamEntry.flush(BlockOutputStreamEntry.java:136)
	at org.apache.hadoop.ozone.client.io.KeyOutputStream.handleFlushOrClose(KeyOutputStream.java:442)
	at org.apache.hadoop.ozone.client.io.KeyOutputStream.flush(KeyOutputStream.java:396)
	at org.apache.hadoop.ozone.client.io.OzoneOutputStream.flush(OzoneOutputStream.java:54)
	at org.apache.hadoop.ozone.client.rpc.TestBlockOutputStreamWithFailures.testFailureWithPrimeSizedData(TestBlockOutputStreamWithFailures.java:599)
	at sun.reflect.NativeMethodAccessorImpl.invoke0(Native Method)
	at sun.reflect.NativeMethodAccessorImpl.invoke(NativeMethodAccessorImpl.java:62)
	at sun.reflect.DelegatingMethodAccessorImpl.invoke(DelegatingMethodAccessorImpl.java:43)
	at java.lang.reflect.Method.invoke(Method.java:498)
	at org.junit.runners.model.FrameworkMethod$1.runReflectiveCall(FrameworkMethod.java:47)
	at org.junit.internal.runners.model.ReflectiveCallable.run(ReflectiveCallable.java:12)
	at org.junit.runners.model.FrameworkMethod.invokeExplosively(FrameworkMethod.java:44)
	at org.junit.internal.runners.statements.InvokeMethod.evaluate(InvokeMethod.java:17)
	at org.junit.internal.runners.statements.RunBefores.evaluate(RunBefores.java:26)
	at org.junit.internal.runners.statements.RunAfters.evaluate(RunAfters.java:27)
	at org.junit.runners.ParentRunner.runLeaf(ParentRunner.java:271)
	at org.junit.runners.BlockJUnit4ClassRunner.runChild(BlockJUnit4ClassRunner.java:70)
	at org.junit.runners.BlockJUnit4ClassRunner.runChild(BlockJUnit4ClassRunner.java:50)
	at org.junit.runners.ParentRunner$3.run(ParentRunner.java:238)
	at org.junit.runners.ParentRunner$1.schedule(ParentRunner.java:63)
	at org.junit.runners.ParentRunner.runChildren(ParentRunner.java:236)
	at org.junit.runners.ParentRunner.access$000(ParentRunner.java:53)
	at org.junit.runners.ParentRunner$2.evaluate(ParentRunner.java:229)
	at org.junit.runners.ParentRunner.run(ParentRunner.java:309)
	at org.apache.maven.surefire.junit4.JUnit4Provider.execute(JUnit4Provider.java:365)
	at org.apache.maven.surefire.junit4.JUnit4Provider.executeWithRerun(JUnit4Provider.java:273)
	at org.apache.maven.surefire.junit4.JUnit4Provider.executeTestSet(JUnit4Provider.java:238)
	at org.apache.maven.surefire.junit4.JUnit4Provider.invoke(JUnit4Provider.java:159)
	at org.apache.maven.surefire.booter.ForkedBooter.invokeProviderInSameClassLoader(ForkedBooter.java:384)
	at org.apache.maven.surefire.booter.ForkedBooter.runSuitesInProcess(ForkedBooter.java:345)
	at org.apache.maven.surefire.booter.ForkedBooter.execute(ForkedBooter.java:126)
	at org.apache.maven.surefire.booter.ForkedBooter.main(ForkedBooter.java:418)
2019-08-16 05:31:48,209 | INFO  | SCMAudit | user=jenkins1000 | ip=192.168.69.65 | op=SEND_HEARTBEAT {datanodeUUID=e53a8343-b752-45e5-a470-b8d6a4558a93, command=[]} | ret=SUCCESS |  
2019-08-16 05:31:48,375 | INFO  | SCMAudit | user=jenkins1000 | ip=192.168.69.65 | op=SEND_HEARTBEAT {datanodeUUID=3149bb86-d3f1-4715-b40f-8f93528c26f6, command=[]} | ret=SUCCESS |  
2019-08-16 05:31:48,400 | INFO  | SCMAudit | user=jenkins1000 | ip=192.168.69.65 | op=SEND_HEARTBEAT {datanodeUUID=86fd08ee-b365-4582-9ea1-c0072a3dfb7f, command=[]} | ret=SUCCESS |  
2019-08-16 05:31:48,537 | INFO  | SCMAudit | user=jenkins1000 | ip=192.168.69.65 | op=SEND_HEARTBEAT {datanodeUUID=d5c3898c-9450-49fc-8e0a-029bdffc6f28, command=[]} | ret=SUCCESS |  
2019-08-16 05:31:48,825 | INFO  | SCMAudit | user=jenkins1000 | ip=192.168.69.65 | op=SEND_HEARTBEAT {datanodeUUID=0606af15-c5a8-4f2c-b2a4-46c802c45ccf, command=[]} | ret=SUCCESS |  
2019-08-16 05:31:48,825 | INFO  | SCMAudit | user=jenkins1000 | ip=192.168.69.65 | op=SEND_HEARTBEAT {datanodeUUID=f3ad038f-da5c-4aab-b955-43805eae4a44, command=[]} | ret=SUCCESS |  
2019-08-16 05:31:48,826 | INFO  | SCMAudit | user=jenkins1000 | ip=192.168.69.65 | op=SEND_HEARTBEAT {datanodeUUID=28d0d1e5-a718-4131-8689-0f879c9b805a, command=[]} | ret=SUCCESS |  
2019-08-16 05:31:48,940 [main] WARN  storage.CommitWatcher (CommitWatcher.java:watchForCommit(203)) - watchForCommit failed for index 4
java.util.concurrent.TimeoutException
	at java.util.concurrent.CompletableFuture.timedGet(CompletableFuture.java:1771)
	at java.util.concurrent.CompletableFuture.get(CompletableFuture.java:1915)
	at org.apache.hadoop.hdds.scm.XceiverClientRatis.watchForCommit(XceiverClientRatis.java:268)
	at org.apache.hadoop.hdds.scm.storage.CommitWatcher.watchForCommit(CommitWatcher.java:194)
	at org.apache.hadoop.hdds.scm.storage.CommitWatcher.watchOnLastIndex(CommitWatcher.java:157)
	at org.apache.hadoop.hdds.scm.storage.BlockOutputStream.watchForCommit(BlockOutputStream.java:347)
	at org.apache.hadoop.hdds.scm.storage.BlockOutputStream.handleFlush(BlockOutputStream.java:479)
	at org.apache.hadoop.hdds.scm.storage.BlockOutputStream.flush(BlockOutputStream.java:428)
	at org.apache.hadoop.ozone.client.io.BlockOutputStreamEntry.flush(BlockOutputStreamEntry.java:136)
	at org.apache.hadoop.ozone.client.io.KeyOutputStream.handleFlushOrClose(KeyOutputStream.java:442)
	at org.apache.hadoop.ozone.client.io.KeyOutputStream.flush(KeyOutputStream.java:396)
	at org.apache.hadoop.ozone.client.io.OzoneOutputStream.flush(OzoneOutputStream.java:54)
	at org.apache.hadoop.ozone.client.rpc.TestBlockOutputStreamWithFailures.testFailureWithPrimeSizedData(TestBlockOutputStreamWithFailures.java:599)
	at sun.reflect.NativeMethodAccessorImpl.invoke0(Native Method)
	at sun.reflect.NativeMethodAccessorImpl.invoke(NativeMethodAccessorImpl.java:62)
	at sun.reflect.DelegatingMethodAccessorImpl.invoke(DelegatingMethodAccessorImpl.java:43)
	at java.lang.reflect.Method.invoke(Method.java:498)
	at org.junit.runners.model.FrameworkMethod$1.runReflectiveCall(FrameworkMethod.java:47)
	at org.junit.internal.runners.model.ReflectiveCallable.run(ReflectiveCallable.java:12)
	at org.junit.runners.model.FrameworkMethod.invokeExplosively(FrameworkMethod.java:44)
	at org.junit.internal.runners.statements.InvokeMethod.evaluate(InvokeMethod.java:17)
	at org.junit.internal.runners.statements.RunBefores.evaluate(RunBefores.java:26)
	at org.junit.internal.runners.statements.RunAfters.evaluate(RunAfters.java:27)
	at org.junit.runners.ParentRunner.runLeaf(ParentRunner.java:271)
	at org.junit.runners.BlockJUnit4ClassRunner.runChild(BlockJUnit4ClassRunner.java:70)
	at org.junit.runners.BlockJUnit4ClassRunner.runChild(BlockJUnit4ClassRunner.java:50)
	at org.junit.runners.ParentRunner$3.run(ParentRunner.java:238)
	at org.junit.runners.ParentRunner$1.schedule(ParentRunner.java:63)
	at org.junit.runners.ParentRunner.runChildren(ParentRunner.java:236)
	at org.junit.runners.ParentRunner.access$000(ParentRunner.java:53)
	at org.junit.runners.ParentRunner$2.evaluate(ParentRunner.java:229)
	at org.junit.runners.ParentRunner.run(ParentRunner.java:309)
	at org.apache.maven.surefire.junit4.JUnit4Provider.execute(JUnit4Provider.java:365)
	at org.apache.maven.surefire.junit4.JUnit4Provider.executeWithRerun(JUnit4Provider.java:273)
	at org.apache.maven.surefire.junit4.JUnit4Provider.executeTestSet(JUnit4Provider.java:238)
	at org.apache.maven.surefire.junit4.JUnit4Provider.invoke(JUnit4Provider.java:159)
	at org.apache.maven.surefire.booter.ForkedBooter.invokeProviderInSameClassLoader(ForkedBooter.java:384)
	at org.apache.maven.surefire.booter.ForkedBooter.runSuitesInProcess(ForkedBooter.java:345)
	at org.apache.maven.surefire.booter.ForkedBooter.execute(ForkedBooter.java:126)
	at org.apache.maven.surefire.booter.ForkedBooter.main(ForkedBooter.java:418)
2019-08-16 05:31:48,941 [main] WARN  io.KeyOutputStream (KeyOutputStream.java:handleException(276)) - Encountered exception java.io.IOException: Unexpected Storage Container Exception: java.io.IOException: Unexpected Storage Container Exception: java.util.concurrent.TimeoutException on the pipeline Pipeline[ Id: 4060fff1-7c27-46b0-a17d-8c51e6309800, Nodes: 0606af15-c5a8-4f2c-b2a4-46c802c45ccf{ip: 192.168.69.65, host: trunk-nightly-4lbr2-4263640518, networkLocation: /default-rack, certSerialId: null}28d0d1e5-a718-4131-8689-0f879c9b805a{ip: 192.168.69.65, host: trunk-nightly-4lbr2-4263640518, networkLocation: /default-rack, certSerialId: null}f3ad038f-da5c-4aab-b955-43805eae4a44{ip: 192.168.69.65, host: trunk-nightly-4lbr2-4263640518, networkLocation: /default-rack, certSerialId: null}, Type:RATIS, Factor:THREE, State:OPEN]. The last committed block length is 0, uncommitted data length is 167 retry count 0
2019-08-16 05:31:48,972 | INFO  | SCMAudit | user=jenkins1000 | ip=192.168.69.65 | op=ALLOCATE_BLOCK {owner=a36e2a62-610a-46dd-94b1-d07e91cb3dce, size=800, type=RATIS, factor=THREE} | ret=SUCCESS |  
2019-08-16 05:31:48,973 | INFO  | OMAudit | user=jenkins1000 | ip=127.0.0.1 | op=ALLOCATE_BLOCK {volume=testblockoutputstream, bucket=testblockoutputstream, key=495dff7c-0d2b-4cda-901a-c45ab56c2459, dataSize=0, replicationType=null, replicationFactor=null, keyLocationInfo=null, clientID=102625017558204432} | ret=SUCCESS |  
2019-08-16 05:31:48,985 [grpc-default-executor-5] INFO  client.GrpcClientProtocolClient (GrpcClientProtocolClient.java:onNext(255)) - client-B6C425E619B4->d5c3898c-9450-49fc-8e0a-029bdffc6f28: receive RaftClientReply:client-B6C425E619B4->d5c3898c-9450-49fc-8e0a-029bdffc6f28@group-CE12A017E2D5, cid=220, FAILED org.apache.ratis.protocol.NotLeaderException: Server d5c3898c-9450-49fc-8e0a-029bdffc6f28 is not the leader (3149bb86-d3f1-4715-b40f-8f93528c26f6:192.168.69.65:40261). Request must be sent to leader., logIndex=0, commits[d5c3898c-9450-49fc-8e0a-029bdffc6f28:c0, e53a8343-b752-45e5-a470-b8d6a4558a93:c0, 3149bb86-d3f1-4715-b40f-8f93528c26f6:c0]
2019-08-16 05:31:49,128 | INFO  | DNAudit | user=null | ip=null | op=WRITE_CHUNK {blockData=conID: 2 locID: 102625018443989010 bcsId: 0} | ret=SUCCESS |  
2019-08-16 05:31:49,128 | INFO  | DNAudit | user=null | ip=null | op=WRITE_CHUNK {blockData=conID: 2 locID: 102625018443989010 bcsId: 0} | ret=SUCCESS |  
2019-08-16 05:31:49,128 | INFO  | DNAudit | user=null | ip=null | op=WRITE_CHUNK {blockData=conID: 2 locID: 102625018443989010 bcsId: 0} | ret=SUCCESS |  
2019-08-16 05:31:49,129 | INFO  | SCMAudit | user=jenkins1000 | ip=192.168.69.65 | op=SEND_HEARTBEAT {datanodeUUID=d5c3898c-9450-49fc-8e0a-029bdffc6f28, command=[]} | ret=SUCCESS |  
2019-08-16 05:31:49,129 | INFO  | SCMAudit | user=jenkins1000 | ip=192.168.69.65 | op=SEND_HEARTBEAT {datanodeUUID=e53a8343-b752-45e5-a470-b8d6a4558a93, command=[]} | ret=SUCCESS |  
2019-08-16 05:31:49,129 | INFO  | SCMAudit | user=jenkins1000 | ip=192.168.69.65 | op=SEND_HEARTBEAT {datanodeUUID=3149bb86-d3f1-4715-b40f-8f93528c26f6, command=[]} | ret=SUCCESS |  
2019-08-16 05:31:49,133 | INFO  | DNAudit | user=null | ip=null | op=WRITE_CHUNK {blockData=conID: 2 locID: 102625018443989010 bcsId: 0} | ret=SUCCESS |  
2019-08-16 05:31:49,139 [grpc-default-executor-5] INFO  client.GrpcClientProtocolClient (GrpcClientProtocolClient.java:onNext(255)) - client-B6C425E619B4->3149bb86-d3f1-4715-b40f-8f93528c26f6: receive RaftClientReply:client-B6C425E619B4->3149bb86-d3f1-4715-b40f-8f93528c26f6@group-CE12A017E2D5, cid=220, SUCCESS, logIndex=1, commits[3149bb86-d3f1-4715-b40f-8f93528c26f6:c1, e53a8343-b752-45e5-a470-b8d6a4558a93:c0, d5c3898c-9450-49fc-8e0a-029bdffc6f28:c0]
2019-08-16 05:31:49,143 | INFO  | DNAudit | user=null | ip=null | op=WRITE_CHUNK {blockData=conID: 2 locID: 102625018443989010 bcsId: 0} | ret=SUCCESS |  
2019-08-16 05:31:49,143 | INFO  | DNAudit | user=null | ip=null | op=WRITE_CHUNK {blockData=conID: 2 locID: 102625018443989010 bcsId: 0} | ret=SUCCESS |  
2019-08-16 05:31:49,147 | INFO  | DNAudit | user=null | ip=null | op=WRITE_CHUNK {blockData=conID: 2 locID: 102625018443989010 bcsId: 0} | ret=SUCCESS |  
2019-08-16 05:31:49,148 | INFO  | DNAudit | user=null | ip=null | op=WRITE_CHUNK {blockData=conID: 2 locID: 102625018443989010 bcsId: 0} | ret=SUCCESS |  
2019-08-16 05:31:49,148 | INFO  | DNAudit | user=null | ip=null | op=WRITE_CHUNK {blockData=conID: 2 locID: 102625018443989010 bcsId: 0} | ret=SUCCESS |  
2019-08-16 05:31:49,151 | INFO  | DNAudit | user=null | ip=null | op=WRITE_CHUNK {blockData=conID: 2 locID: 102625018443989010 bcsId: 0} | ret=SUCCESS |  
2019-08-16 05:31:49,159 | INFO  | DNAudit | user=null | ip=null | op=WRITE_CHUNK {blockData=conID: 2 locID: 102625018443989010 bcsId: 0} | ret=SUCCESS |  
2019-08-16 05:31:49,155 [grpc-default-executor-9] INFO  client.GrpcClientProtocolClient (GrpcClientProtocolClient.java:onNext(255)) - client-B6C425E619B4->3149bb86-d3f1-4715-b40f-8f93528c26f6: receive RaftClientReply:client-B6C425E619B4->3149bb86-d3f1-4715-b40f-8f93528c26f6@group-CE12A017E2D5, cid=221, SUCCESS, logIndex=3, commits[3149bb86-d3f1-4715-b40f-8f93528c26f6:c4, e53a8343-b752-45e5-a470-b8d6a4558a93:c2, d5c3898c-9450-49fc-8e0a-029bdffc6f28:c2]
2019-08-16 05:31:49,159 | INFO  | DNAudit | user=null | ip=null | op=WRITE_CHUNK {blockData=conID: 2 locID: 102625018443989010 bcsId: 0} | ret=SUCCESS |  
2019-08-16 05:31:49,175 | INFO  | DNAudit | user=null | ip=null | op=PUT_BLOCK {blockData=[blockId=conID: 2 locID: 102625018443989010 bcsId: 0,size=167]} | ret=SUCCESS |  
2019-08-16 05:31:49,176 [grpc-default-executor-9] INFO  client.GrpcClientProtocolClient (GrpcClientProtocolClient.java:onNext(255)) - client-B6C425E619B4->3149bb86-d3f1-4715-b40f-8f93528c26f6: receive RaftClientReply:client-B6C425E619B4->3149bb86-d3f1-4715-b40f-8f93528c26f6@group-CE12A017E2D5, cid=222, SUCCESS, logIndex=4, commits[3149bb86-d3f1-4715-b40f-8f93528c26f6:c6, e53a8343-b752-45e5-a470-b8d6a4558a93:c4, d5c3898c-9450-49fc-8e0a-029bdffc6f28:c4]
2019-08-16 05:31:49,177 [main] INFO  ozone.MiniOzoneClusterImpl (MiniOzoneClusterImpl.java:shutdown(321)) - Shutting down the Mini Ozone Cluster
2019-08-16 05:31:49,178 | INFO  | SCMAudit | user=null | ip=null | op=GET_SCM_INFO null | ret=SUCCESS |  
2019-08-16 05:31:49,178 [main] INFO  ozone.MiniOzoneClusterImpl (MiniOzoneClusterImpl.java:stop(336)) - Stopping the Mini Ozone Cluster
2019-08-16 05:31:49,178 [main] INFO  ozone.MiniOzoneClusterImpl (MiniOzoneClusterImpl.java:stop(338)) - Stopping the OzoneManager
2019-08-16 05:31:49,178 [main] INFO  ipc.Server (Server.java:stop(3082)) - Stopping server on 38421
2019-08-16 05:31:49,192 [IPC Server listener on 38421] INFO  ipc.Server (Server.java:run(1185)) - Stopping IPC Server listener on 38421
2019-08-16 05:31:49,192 [IPC Server Responder] INFO  ipc.Server (Server.java:run(1319)) - Stopping IPC Server Responder
2019-08-16 05:31:49,192 [main] INFO  ratis.OzoneManagerDoubleBuffer (OzoneManagerDoubleBuffer.java:stop(248)) - Stopping OMDoubleBuffer flush thread
2019-08-16 05:31:49,206 | INFO  | DNAudit | user=null | ip=null | op=PUT_BLOCK {blockData=[blockId=conID: 2 locID: 102625018443989010 bcsId: 0,size=167]} | ret=SUCCESS |  
2019-08-16 05:31:49,206 [OMDoubleBufferFlushThread] INFO  ratis.OzoneManagerDoubleBuffer (OzoneManagerDoubleBuffer.java:flushTransactions(191)) - OMDoubleBuffer flush thread OMDoubleBufferFlushThread is interrupted and will exit. OMDoubleBufferFlushThread
2019-08-16 05:31:49,221 [main] INFO  utils.BackgroundService (BackgroundService.java:shutdown(148)) - Shutting down service KeyDeletingService
2019-08-16 05:31:49,222 | INFO  | DNAudit | user=null | ip=null | op=PUT_BLOCK {blockData=[blockId=conID: 2 locID: 102625018443989010 bcsId: 0,size=167]} | ret=SUCCESS |  
2019-08-16 05:31:49,222 [main] INFO  handler.ContextHandler (ContextHandler.java:doStop(910)) - Stopped o.e.j.w.WebAppContext@2d839402{/,null,UNAVAILABLE}{/ozoneManager}
2019-08-16 05:31:49,223 [main] INFO  server.AbstractConnector (AbstractConnector.java:doStop(318)) - Stopped ServerConnector@2c2c1790{HTTP/1.1,[http/1.1]}{0.0.0.0:0}
2019-08-16 05:31:49,223 [main] INFO  handler.ContextHandler (ContextHandler.java:doStop(910)) - Stopped o.e.j.s.ServletContextHandler@652cb87d{/static,file:///workdir/hadoop-ozone/integration-test/target/test-classes/webapps/static,UNAVAILABLE}
2019-08-16 05:31:49,223 [main] INFO  handler.ContextHandler (ContextHandler.java:doStop(910)) - Stopped o.e.j.s.ServletContextHandler@17856f0{/logs,file:///workdir/hadoop-ozone/integration-test/target/log,UNAVAILABLE}
2019-08-16 05:31:49,225 [main] INFO  ozone.MiniOzoneClusterImpl (MiniOzoneClusterImpl.java:stop(344)) - Shutting the HddsDatanodes
2019-08-16 05:31:49,225 [main] INFO  datanode.ObjectStoreHandler (ObjectStoreHandler.java:close(155)) - Closing ObjectStoreHandler.
2019-08-16 05:31:49,225 [ForkJoinPool.commonPool-worker-0] INFO  datanode.ObjectStoreHandler (ObjectStoreHandler.java:close(155)) - Closing ObjectStoreHandler.
2019-08-16 05:31:49,226 [main] INFO  ozone.HddsDatanodeService (HddsDatanodeService.java:stop(451)) - Stopped plug-in org.apache.hadoop.ozone.web.OzoneHddsDatanodeService@22e7ec5f
2019-08-16 05:31:49,226 [ForkJoinPool.commonPool-worker-0] INFO  ozone.HddsDatanodeService (HddsDatanodeService.java:stop(451)) - Stopped plug-in org.apache.hadoop.ozone.web.OzoneHddsDatanodeService@2de22e7
2019-08-16 05:31:49,401 | INFO  | SCMAudit | user=jenkins1000 | ip=192.168.69.65 | op=SEND_HEARTBEAT {datanodeUUID=86fd08ee-b365-4582-9ea1-c0072a3dfb7f, command=[]} | ret=SUCCESS |  
2019-08-16 05:31:49,401 [grpc-default-executor-9] INFO  client.GrpcClientProtocolClient (GrpcClientProtocolClient.java:onNext(255)) - client-033B34E2C379->28d0d1e5-a718-4131-8689-0f879c9b805a: receive RaftClientReply:client-033B34E2C379->28d0d1e5-a718-4131-8689-0f879c9b805a@group-8C51E6309800, cid=218, SUCCESS, logIndex=0, commits[28d0d1e5-a718-4131-8689-0f879c9b805a:c6, f3ad038f-da5c-4aab-b955-43805eae4a44:c6, 0606af15-c5a8-4f2c-b2a4-46c802c45ccf:c6]
2019-08-16 05:31:49,402 [grpc-default-executor-9] INFO  client.GrpcClientProtocolClient (GrpcClientProtocolClient.java:onNext(255)) - client-033B34E2C379->28d0d1e5-a718-4131-8689-0f879c9b805a: receive RaftClientReply:client-033B34E2C379->28d0d1e5-a718-4131-8689-0f879c9b805a@group-8C51E6309800, cid=219, SUCCESS, logIndex=0, commits[28d0d1e5-a718-4131-8689-0f879c9b805a:c6, f3ad038f-da5c-4aab-b955-43805eae4a44:c6, 0606af15-c5a8-4f2c-b2a4-46c802c45ccf:c3]
2019-08-16 05:31:49,453 | INFO  | DNAudit | user=null | ip=null | op=PUT_BLOCK {blockData=[blockId=conID: 1 locID: 102625017560236049 bcsId: 0,size=167]} | ret=SUCCESS |  
2019-08-16 05:31:49,523 | INFO  | DNAudit | user=null | ip=null | op=PUT_BLOCK {blockData=[blockId=conID: 1 locID: 102625017560236049 bcsId: 0,size=167]} | ret=SUCCESS |  
2019-08-16 05:31:49,824 [Datanode State Machine Thread - 0] INFO  statemachine.DatanodeStateMachine (DatanodeStateMachine.java:lambda$startDaemon$0(350)) - Ozone container server started.
2019-08-16 05:31:49,825 | INFO  | SCMAudit | user=jenkins1000 | ip=192.168.69.65 | op=SEND_HEARTBEAT {datanodeUUID=0606af15-c5a8-4f2c-b2a4-46c802c45ccf, command=[]} | ret=SUCCESS |  
2019-08-16 05:31:49,826 | INFO  | SCMAudit | user=jenkins1000 | ip=192.168.69.65 | op=SEND_HEARTBEAT {datanodeUUID=28d0d1e5-a718-4131-8689-0f879c9b805a, command=[]} | ret=SUCCESS |  
2019-08-16 05:31:50,127 [Datanode State Machine Thread - 0] INFO  statemachine.DatanodeStateMachine (DatanodeStateMachine.java:lambda$startDaemon$0(350)) - Ozone container server started.
2019-08-16 05:31:50,128 | INFO  | SCMAudit | user=jenkins1000 | ip=192.168.69.65 | op=SEND_HEARTBEAT {datanodeUUID=e53a8343-b752-45e5-a470-b8d6a4558a93, command=[]} | ret=SUCCESS |  
2019-08-16 05:31:50,128 | INFO  | SCMAudit | user=jenkins1000 | ip=192.168.69.65 | op=SEND_HEARTBEAT {datanodeUUID=d5c3898c-9450-49fc-8e0a-029bdffc6f28, command=[]} | ret=SUCCESS |  
2019-08-16 05:31:50,405 | INFO  | SCMAudit | user=jenkins1000 | ip=192.168.69.65 | op=SEND_HEARTBEAT {datanodeUUID=86fd08ee-b365-4582-9ea1-c0072a3dfb7f, command=[]} | ret=SUCCESS |  
2019-08-16 05:31:50,825 | INFO  | SCMAudit | user=jenkins1000 | ip=192.168.69.65 | op=SEND_HEARTBEAT {datanodeUUID=0606af15-c5a8-4f2c-b2a4-46c802c45ccf, command=[]} | ret=SUCCESS |  
2019-08-16 05:31:50,826 | INFO  | SCMAudit | user=jenkins1000 | ip=192.168.69.65 | op=SEND_HEARTBEAT {datanodeUUID=28d0d1e5-a718-4131-8689-0f879c9b805a, command=[]} | ret=SUCCESS |  
2019-08-16 05:31:51,128 | INFO  | SCMAudit | user=jenkins1000 | ip=192.168.69.65 | op=SEND_HEARTBEAT {datanodeUUID=d5c3898c-9450-49fc-8e0a-029bdffc6f28, command=[]} | ret=SUCCESS |  
2019-08-16 05:31:51,128 | INFO  | SCMAudit | user=jenkins1000 | ip=192.168.69.65 | op=SEND_HEARTBEAT {datanodeUUID=e53a8343-b752-45e5-a470-b8d6a4558a93, command=[]} | ret=SUCCESS |  
2019-08-16 05:31:51,405 | INFO  | SCMAudit | user=jenkins1000 | ip=192.168.69.65 | op=SEND_HEARTBEAT {datanodeUUID=86fd08ee-b365-4582-9ea1-c0072a3dfb7f, command=[]} | ret=SUCCESS |  
2019-08-16 05:31:51,826 | INFO  | SCMAudit | user=jenkins1000 | ip=192.168.69.65 | op=SEND_HEARTBEAT {datanodeUUID=0606af15-c5a8-4f2c-b2a4-46c802c45ccf, command=[]} | ret=SUCCESS |  
2019-08-16 05:31:51,828 | INFO  | SCMAudit | user=jenkins1000 | ip=192.168.69.65 | op=SEND_HEARTBEAT {datanodeUUID=28d0d1e5-a718-4131-8689-0f879c9b805a, command=[]} | ret=SUCCESS |  
2019-08-16 05:31:52,128 | INFO  | SCMAudit | user=jenkins1000 | ip=192.168.69.65 | op=SEND_HEARTBEAT {datanodeUUID=e53a8343-b752-45e5-a470-b8d6a4558a93, command=[]} | ret=SUCCESS |  
2019-08-16 05:31:52,128 | INFO  | SCMAudit | user=jenkins1000 | ip=192.168.69.65 | op=SEND_HEARTBEAT {datanodeUUID=d5c3898c-9450-49fc-8e0a-029bdffc6f28, command=[]} | ret=SUCCESS |  
2019-08-16 05:31:52,405 | INFO  | SCMAudit | user=jenkins1000 | ip=192.168.69.65 | op=SEND_HEARTBEAT {datanodeUUID=86fd08ee-b365-4582-9ea1-c0072a3dfb7f, command=[]} | ret=SUCCESS |  
2019-08-16 05:31:52,825 | INFO  | SCMAudit | user=jenkins1000 | ip=192.168.69.65 | op=SEND_HEARTBEAT {datanodeUUID=0606af15-c5a8-4f2c-b2a4-46c802c45ccf, command=[]} | ret=SUCCESS |  
2019-08-16 05:31:52,828 | INFO  | SCMAudit | user=jenkins1000 | ip=192.168.69.65 | op=SEND_HEARTBEAT {datanodeUUID=28d0d1e5-a718-4131-8689-0f879c9b805a, command=[]} | ret=SUCCESS |  
2019-08-16 05:31:53,128 | INFO  | SCMAudit | user=jenkins1000 | ip=192.168.69.65 | op=SEND_HEARTBEAT {datanodeUUID=e53a8343-b752-45e5-a470-b8d6a4558a93, command=[]} | ret=SUCCESS |  
2019-08-16 05:31:53,128 | INFO  | SCMAudit | user=jenkins1000 | ip=192.168.69.65 | op=SEND_HEARTBEAT {datanodeUUID=d5c3898c-9450-49fc-8e0a-029bdffc6f28, command=[]} | ret=SUCCESS |  
2019-08-16 05:31:53,405 | INFO  | SCMAudit | user=jenkins1000 | ip=192.168.69.65 | op=SEND_HEARTBEAT {datanodeUUID=86fd08ee-b365-4582-9ea1-c0072a3dfb7f, command=[]} | ret=SUCCESS |  
2019-08-16 05:31:53,825 | INFO  | SCMAudit | user=jenkins1000 | ip=192.168.69.65 | op=SEND_HEARTBEAT {datanodeUUID=0606af15-c5a8-4f2c-b2a4-46c802c45ccf, command=[]} | ret=SUCCESS |  
2019-08-16 05:31:53,828 [EventQueue-StaleNodeForStaleNodeHandler] INFO  node.StaleNodeHandler (StaleNodeHandler.java:onMessage(58)) - Datanode f3ad038f-da5c-4aab-b955-43805eae4a44{ip: 192.168.69.65, host: trunk-nightly-4lbr2-4263640518, networkLocation: /default-rack, certSerialId: null} moved to stale state. Finalizing its pipelines [PipelineID=cd75b238-e3f6-4f72-917c-85e2685f099a, PipelineID=4060fff1-7c27-46b0-a17d-8c51e6309800]
2019-08-16 05:31:53,828 [EventQueue-StaleNodeForStaleNodeHandler] INFO  pipeline.SCMPipelineManager (SCMPipelineManager.java:finalizeAndDestroyPipeline(309)) - destroying pipeline:Pipeline[ Id: cd75b238-e3f6-4f72-917c-85e2685f099a, Nodes: f3ad038f-da5c-4aab-b955-43805eae4a44{ip: 192.168.69.65, host: trunk-nightly-4lbr2-4263640518, networkLocation: /default-rack, certSerialId: null}, Type:RATIS, Factor:ONE, State:OPEN]
2019-08-16 05:31:53,828 | INFO  | SCMAudit | user=jenkins1000 | ip=192.168.69.65 | op=SEND_HEARTBEAT {datanodeUUID=28d0d1e5-a718-4131-8689-0f879c9b805a, command=[]} | ret=SUCCESS |  
2019-08-16 05:31:53,828 [EventQueue-StaleNodeForStaleNodeHandler] INFO  pipeline.PipelineStateManager (PipelineStateManager.java:finalizePipeline(123)) - Pipeline Pipeline[ Id: cd75b238-e3f6-4f72-917c-85e2685f099a, Nodes: f3ad038f-da5c-4aab-b955-43805eae4a44{ip: 192.168.69.65, host: trunk-nightly-4lbr2-4263640518, networkLocation: /default-rack, certSerialId: null}, Type:RATIS, Factor:ONE, State:CLOSED] moved to CLOSED state
2019-08-16 05:31:53,828 [EventQueue-StaleNodeForStaleNodeHandler] INFO  pipeline.SCMPipelineManager (SCMPipelineManager.java:finalizeAndDestroyPipeline(309)) - destroying pipeline:Pipeline[ Id: 4060fff1-7c27-46b0-a17d-8c51e6309800, Nodes: 0606af15-c5a8-4f2c-b2a4-46c802c45ccf{ip: 192.168.69.65, host: trunk-nightly-4lbr2-4263640518, networkLocation: /default-rack, certSerialId: null}28d0d1e5-a718-4131-8689-0f879c9b805a{ip: 192.168.69.65, host: trunk-nightly-4lbr2-4263640518, networkLocation: /default-rack, certSerialId: null}f3ad038f-da5c-4aab-b955-43805eae4a44{ip: 192.168.69.65, host: trunk-nightly-4lbr2-4263640518, networkLocation: /default-rack, certSerialId: null}, Type:RATIS, Factor:THREE, State:OPEN]
2019-08-16 05:31:53,829 [EventQueue-StaleNodeForStaleNodeHandler] INFO  pipeline.PipelineStateManager (PipelineStateManager.java:finalizePipeline(123)) - Pipeline Pipeline[ Id: 4060fff1-7c27-46b0-a17d-8c51e6309800, Nodes: 0606af15-c5a8-4f2c-b2a4-46c802c45ccf{ip: 192.168.69.65, host: trunk-nightly-4lbr2-4263640518, networkLocation: /default-rack, certSerialId: null}28d0d1e5-a718-4131-8689-0f879c9b805a{ip: 192.168.69.65, host: trunk-nightly-4lbr2-4263640518, networkLocation: /default-rack, certSerialId: null}f3ad038f-da5c-4aab-b955-43805eae4a44{ip: 192.168.69.65, host: trunk-nightly-4lbr2-4263640518, networkLocation: /default-rack, certSerialId: null}, Type:RATIS, Factor:THREE, State:CLOSED] moved to CLOSED state
2019-08-16 05:31:53,829 [EventQueue-CloseContainerForCloseContainerEventHandler] INFO  container.CloseContainerEventHandler (CloseContainerEventHandler.java:onMessage(61)) - Close container Event triggered for container : #1
2019-08-16 05:31:54,128 | INFO  | SCMAudit | user=jenkins1000 | ip=192.168.69.65 | op=SEND_HEARTBEAT {datanodeUUID=d5c3898c-9450-49fc-8e0a-029bdffc6f28, command=[]} | ret=SUCCESS |  
2019-08-16 05:31:54,128 | INFO  | SCMAudit | user=jenkins1000 | ip=192.168.69.65 | op=SEND_HEARTBEAT {datanodeUUID=e53a8343-b752-45e5-a470-b8d6a4558a93, command=[]} | ret=SUCCESS |  
2019-08-16 05:31:54,226 [main] INFO  ozoneimpl.OzoneContainer (OzoneContainer.java:stop(199)) - Attempting to stop container services.
2019-08-16 05:31:54,227 [ForkJoinPool.commonPool-worker-0] INFO  ozoneimpl.OzoneContainer (OzoneContainer.java:stop(199)) - Attempting to stop container services.
2019-08-16 05:31:54,227 [main] INFO  impl.RaftServerProxy (RaftServerProxy.java:lambda$close$4(314)) - f3ad038f-da5c-4aab-b955-43805eae4a44: close
2019-08-16 05:31:54,227 [ForkJoinPool.commonPool-worker-0] INFO  impl.RaftServerProxy (RaftServerProxy.java:lambda$close$4(314)) - 3149bb86-d3f1-4715-b40f-8f93528c26f6: close
2019-08-16 05:31:54,227 [main] INFO  impl.RaftServerImpl (RaftServerImpl.java:lambda$shutdown$3(245)) - f3ad038f-da5c-4aab-b955-43805eae4a44: shutdown group-85E2685F099A
2019-08-16 05:31:54,228 [EventQueue-StaleNodeForStaleNodeHandler] INFO  node.StaleNodeHandler (StaleNodeHandler.java:onMessage(58)) - Datanode 3149bb86-d3f1-4715-b40f-8f93528c26f6{ip: 192.168.69.65, host: trunk-nightly-4lbr2-4263640518, networkLocation: /default-rack, certSerialId: null} moved to stale state. Finalizing its pipelines [PipelineID=3a32564a-ab9f-478b-8848-ce12a017e2d5, PipelineID=180cb723-a3de-419d-8e5c-5ca3c7b83b16]
2019-08-16 05:31:54,228 [ForkJoinPool.commonPool-worker-0] INFO  impl.RaftServerImpl (RaftServerImpl.java:lambda$shutdown$3(245)) - 3149bb86-d3f1-4715-b40f-8f93528c26f6: shutdown group-CE12A017E2D5
2019-08-16 05:31:54,228 [EventQueue-StaleNodeForStaleNodeHandler] INFO  pipeline.SCMPipelineManager (SCMPipelineManager.java:finalizeAndDestroyPipeline(309)) - destroying pipeline:Pipeline[ Id: 3a32564a-ab9f-478b-8848-ce12a017e2d5, Nodes: d5c3898c-9450-49fc-8e0a-029bdffc6f28{ip: 192.168.69.65, host: trunk-nightly-4lbr2-4263640518, networkLocation: /default-rack, certSerialId: null}3149bb86-d3f1-4715-b40f-8f93528c26f6{ip: 192.168.69.65, host: trunk-nightly-4lbr2-4263640518, networkLocation: /default-rack, certSerialId: null}e53a8343-b752-45e5-a470-b8d6a4558a93{ip: 192.168.69.65, host: trunk-nightly-4lbr2-4263640518, networkLocation: /default-rack, certSerialId: null}, Type:RATIS, Factor:THREE, State:OPEN]
2019-08-16 05:31:54,228 [main] INFO  util.JmxRegister (JmxRegister.java:unregister(73)) - Successfully un-registered JMX Bean with object name Ratis:service=RaftServer,group=group-85E2685F099A,id=f3ad038f-da5c-4aab-b955-43805eae4a44
2019-08-16 05:31:54,229 [main] INFO  impl.RoleInfo (RoleInfo.java:shutdownLeaderState(104)) - f3ad038f-da5c-4aab-b955-43805eae4a44: shutdown LeaderState
2019-08-16 05:31:54,229 [EventQueue-StaleNodeForStaleNodeHandler] INFO  pipeline.PipelineStateManager (PipelineStateManager.java:finalizePipeline(123)) - Pipeline Pipeline[ Id: 3a32564a-ab9f-478b-8848-ce12a017e2d5, Nodes: d5c3898c-9450-49fc-8e0a-029bdffc6f28{ip: 192.168.69.65, host: trunk-nightly-4lbr2-4263640518, networkLocation: /default-rack, certSerialId: null}3149bb86-d3f1-4715-b40f-8f93528c26f6{ip: 192.168.69.65, host: trunk-nightly-4lbr2-4263640518, networkLocation: /default-rack, certSerialId: null}e53a8343-b752-45e5-a470-b8d6a4558a93{ip: 192.168.69.65, host: trunk-nightly-4lbr2-4263640518, networkLocation: /default-rack, certSerialId: null}, Type:RATIS, Factor:THREE, State:CLOSED] moved to CLOSED state
2019-08-16 05:31:54,228 [ForkJoinPool.commonPool-worker-0] INFO  util.JmxRegister (JmxRegister.java:unregister(73)) - Successfully un-registered JMX Bean with object name Ratis:service=RaftServer,group=group-CE12A017E2D5,id=3149bb86-d3f1-4715-b40f-8f93528c26f6
2019-08-16 05:31:54,230 [EventQueue-CloseContainerForCloseContainerEventHandler] INFO  container.CloseContainerEventHandler (CloseContainerEventHandler.java:onMessage(61)) - Close container Event triggered for container : #2
2019-08-16 05:31:54,230 [EventQueue-StaleNodeForStaleNodeHandler] INFO  pipeline.SCMPipelineManager (SCMPipelineManager.java:finalizeAndDestroyPipeline(309)) - destroying pipeline:Pipeline[ Id: 180cb723-a3de-419d-8e5c-5ca3c7b83b16, Nodes: 3149bb86-d3f1-4715-b40f-8f93528c26f6{ip: 192.168.69.65, host: trunk-nightly-4lbr2-4263640518, networkLocation: /default-rack, certSerialId: null}, Type:RATIS, Factor:ONE, State:OPEN]
2019-08-16 05:31:54,230 [main] INFO  impl.PendingRequests (PendingRequests.java:sendNotLeaderResponses(202)) - f3ad038f-da5c-4aab-b955-43805eae4a44-PendingRequests: sendNotLeaderResponses
2019-08-16 05:31:54,231 [EventQueue-StaleNodeForStaleNodeHandler] INFO  pipeline.PipelineStateManager (PipelineStateManager.java:finalizePipeline(123)) - Pipeline Pipeline[ Id: 180cb723-a3de-419d-8e5c-5ca3c7b83b16, Nodes: 3149bb86-d3f1-4715-b40f-8f93528c26f6{ip: 192.168.69.65, host: trunk-nightly-4lbr2-4263640518, networkLocation: /default-rack, certSerialId: null}, Type:RATIS, Factor:ONE, State:CLOSED] moved to CLOSED state
2019-08-16 05:31:54,230 [ForkJoinPool.commonPool-worker-0] INFO  impl.RoleInfo (RoleInfo.java:shutdownLeaderState(104)) - 3149bb86-d3f1-4715-b40f-8f93528c26f6: shutdown LeaderState
2019-08-16 05:31:54,231 [main] INFO  impl.StateMachineUpdater (StateMachineUpdater.java:stopAndJoin(115)) - StateMachineUpdater:f3ad038f-da5c-4aab-b955-43805eae4a44:group-85E2685F099A: set stopIndex = 0
2019-08-16 05:31:54,239 [main] INFO  impl.RaftServerImpl (ServerState.java:close(394)) - f3ad038f-da5c-4aab-b955-43805eae4a44:group-85E2685F099A closes. The last applied log index is 0
2019-08-16 05:31:54,238 [org.apache.ratis.server.impl.LogAppender$AppenderDaemon$$Lambda$462/762154481@63b4f30b] WARN  server.GrpcLogAppender (GrpcLogAppender.java:mayWait(143)) - GrpcLogAppender(3149bb86-d3f1-4715-b40f-8f93528c26f6->e53a8343-b752-45e5-a470-b8d6a4558a93): Wait interrupted by java.lang.InterruptedException
2019-08-16 05:31:54,239 [f3ad038f-da5c-4aab-b955-43805eae4a44-SegmentedRaftLogWorker:Storage Directory /workdir/hadoop-ozone/integration-test/target/test-dir/MiniOzoneClusterImpl-eb2bda36-fe71-46ed-bbf9-7d62ad1f7211/datanode-4/data/ratis/cd75b238-e3f6-4f72-917c-85e2685f099a] INFO  segmented.SegmentedRaftLogWorker (SegmentedRaftLogWorker.java:run(313)) - f3ad038f-da5c-4aab-b955-43805eae4a44-SegmentedRaftLogWorker:Storage Directory /workdir/hadoop-ozone/integration-test/target/test-dir/MiniOzoneClusterImpl-eb2bda36-fe71-46ed-bbf9-7d62ad1f7211/datanode-4/data/ratis/cd75b238-e3f6-4f72-917c-85e2685f099a was interrupted, exiting. There are 0 tasks remaining in the queue.
2019-08-16 05:31:54,238 [org.apache.ratis.server.impl.LogAppender$AppenderDaemon$$Lambda$462/762154481@26b67119] WARN  server.GrpcLogAppender (GrpcLogAppender.java:mayWait(143)) - GrpcLogAppender(3149bb86-d3f1-4715-b40f-8f93528c26f6->d5c3898c-9450-49fc-8e0a-029bdffc6f28): Wait interrupted by java.lang.InterruptedException
2019-08-16 05:31:54,242 [main] INFO  segmented.SegmentedRaftLogWorker (SegmentedRaftLogWorker.java:close(228)) - f3ad038f-da5c-4aab-b955-43805eae4a44-SegmentedRaftLogWorker:Storage Directory /workdir/hadoop-ozone/integration-test/target/test-dir/MiniOzoneClusterImpl-eb2bda36-fe71-46ed-bbf9-7d62ad1f7211/datanode-4/data/ratis/cd75b238-e3f6-4f72-917c-85e2685f099a close()
2019-08-16 05:31:54,238 [ForkJoinPool.commonPool-worker-0] INFO  impl.PendingRequests (PendingRequests.java:sendNotLeaderResponses(202)) - 3149bb86-d3f1-4715-b40f-8f93528c26f6-PendingRequests: sendNotLeaderResponses
2019-08-16 05:31:54,247 [main] INFO  impl.RaftServerImpl (RaftServerImpl.java:lambda$shutdown$3(245)) - f3ad038f-da5c-4aab-b955-43805eae4a44: shutdown group-8C51E6309800
2019-08-16 05:31:54,242 [grpc-default-executor-5] INFO  server.GrpcServerProtocolService (GrpcServerProtocolService.java:onCompleted(104)) - d5c3898c-9450-49fc-8e0a-029bdffc6f28: appendEntries completed
2019-08-16 05:31:54,242 [grpc-default-executor-9] INFO  server.GrpcServerProtocolService (GrpcServerProtocolService.java:onCompleted(104)) - e53a8343-b752-45e5-a470-b8d6a4558a93: appendEntries completed
2019-08-16 05:31:54,251 [main] INFO  util.JmxRegister (JmxRegister.java:unregister(73)) - Successfully un-registered JMX Bean with object name Ratis:service=RaftServer,group=group-8C51E6309800,id=f3ad038f-da5c-4aab-b955-43805eae4a44
2019-08-16 05:31:54,251 [main] INFO  impl.RoleInfo (RoleInfo.java:shutdownFollowerState(121)) - f3ad038f-da5c-4aab-b955-43805eae4a44: shutdown FollowerState
2019-08-16 05:31:54,252 [main] INFO  impl.StateMachineUpdater (StateMachineUpdater.java:stopAndJoin(115)) - StateMachineUpdater:f3ad038f-da5c-4aab-b955-43805eae4a44:group-8C51E6309800: set stopIndex = 6
2019-08-16 05:31:54,250 [StateMachineUpdater:3149bb86-d3f1-4715-b40f-8f93528c26f6:group-CE12A017E2D5] INFO  ratis.ContainerStateMachine (ContainerStateMachine.java:takeSnapshot(271)) - group-CE12A017E2D5: Taking a snapshot at:(t:1, i:6) file /workdir/hadoop-ozone/integration-test/target/test-dir/MiniOzoneClusterImpl-eb2bda36-fe71-46ed-bbf9-7d62ad1f7211/datanode-1/data/ratis/3a32564a-ab9f-478b-8848-ce12a017e2d5/sm/snapshot.1_6
2019-08-16 05:31:54,250 [ForkJoinPool.commonPool-worker-0] INFO  impl.StateMachineUpdater (StateMachineUpdater.java:stopAndJoin(115)) - StateMachineUpdater:3149bb86-d3f1-4715-b40f-8f93528c26f6:group-CE12A017E2D5: set stopIndex = 6
2019-08-16 05:31:54,252 [Thread-4168] INFO  impl.FollowerState (FollowerState.java:run(114)) - f3ad038f-da5c-4aab-b955-43805eae4a44: FollowerState was interrupted: java.lang.InterruptedException: sleep interrupted
2019-08-16 05:31:54,252 [StateMachineUpdater:f3ad038f-da5c-4aab-b955-43805eae4a44:group-8C51E6309800] INFO  ratis.ContainerStateMachine (ContainerStateMachine.java:takeSnapshot(271)) - group-8C51E6309800: Taking a snapshot at:(t:2, i:6) file /workdir/hadoop-ozone/integration-test/target/test-dir/MiniOzoneClusterImpl-eb2bda36-fe71-46ed-bbf9-7d62ad1f7211/datanode-4/data/ratis/4060fff1-7c27-46b0-a17d-8c51e6309800/sm/snapshot.2_6
2019-08-16 05:31:54,251 [grpc-default-executor-9] INFO  server.GrpcLogAppender (GrpcLogAppender.java:onCompleted(292)) - 3149bb86-d3f1-4715-b40f-8f93528c26f6->e53a8343-b752-45e5-a470-b8d6a4558a93: follower responses appendEntries COMPLETED
2019-08-16 05:31:54,251 [grpc-default-executor-8] INFO  server.GrpcLogAppender (GrpcLogAppender.java:onCompleted(292)) - 3149bb86-d3f1-4715-b40f-8f93528c26f6->d5c3898c-9450-49fc-8e0a-029bdffc6f28: follower responses appendEntries COMPLETED
2019-08-16 05:31:54,256 [grpc-default-executor-9] INFO  impl.FollowerInfo (FollowerInfo.java:lambda$new$0(50)) - 3149bb86-d3f1-4715-b40f-8f93528c26f6->e53a8343-b752-45e5-a470-b8d6a4558a93: nextIndex: updateUnconditionally 7 -> 6
2019-08-16 05:31:54,256 [grpc-default-executor-8] INFO  impl.FollowerInfo (FollowerInfo.java:lambda$new$0(50)) - 3149bb86-d3f1-4715-b40f-8f93528c26f6->d5c3898c-9450-49fc-8e0a-029bdffc6f28: nextIndex: updateUnconditionally 7 -> 6
2019-08-16 05:31:54,274 [StateMachineUpdater:3149bb86-d3f1-4715-b40f-8f93528c26f6:group-CE12A017E2D5] INFO  ratis.ContainerStateMachine (ContainerStateMachine.java:takeSnapshot(282)) - group-CE12A017E2D5: Finished taking a snapshot at:(t:1, i:6) file:/workdir/hadoop-ozone/integration-test/target/test-dir/MiniOzoneClusterImpl-eb2bda36-fe71-46ed-bbf9-7d62ad1f7211/datanode-1/data/ratis/3a32564a-ab9f-478b-8848-ce12a017e2d5/sm/snapshot.1_6 time:24
2019-08-16 05:31:54,274 [StateMachineUpdater:3149bb86-d3f1-4715-b40f-8f93528c26f6:group-CE12A017E2D5] INFO  impl.StateMachineUpdater (StateMachineUpdater.java:takeSnapshot(242)) - StateMachineUpdater:3149bb86-d3f1-4715-b40f-8f93528c26f6:group-CE12A017E2D5: Took a snapshot at index 6
2019-08-16 05:31:54,274 [StateMachineUpdater:f3ad038f-da5c-4aab-b955-43805eae4a44:group-8C51E6309800] INFO  ratis.ContainerStateMachine (ContainerStateMachine.java:takeSnapshot(282)) - group-8C51E6309800: Finished taking a snapshot at:(t:2, i:6) file:/workdir/hadoop-ozone/integration-test/target/test-dir/MiniOzoneClusterImpl-eb2bda36-fe71-46ed-bbf9-7d62ad1f7211/datanode-4/data/ratis/4060fff1-7c27-46b0-a17d-8c51e6309800/sm/snapshot.2_6 time:22
2019-08-16 05:31:54,274 [StateMachineUpdater:3149bb86-d3f1-4715-b40f-8f93528c26f6:group-CE12A017E2D5] INFO  impl.StateMachineUpdater (StateMachineUpdater.java:lambda$new$0(80)) - StateMachineUpdater:3149bb86-d3f1-4715-b40f-8f93528c26f6:group-CE12A017E2D5: snapshotIndex: updateIncreasingly -1 -> 6
2019-08-16 05:31:54,275 [StateMachineUpdater:f3ad038f-da5c-4aab-b955-43805eae4a44:group-8C51E6309800] INFO  impl.StateMachineUpdater (StateMachineUpdater.java:takeSnapshot(242)) - StateMachineUpdater:f3ad038f-da5c-4aab-b955-43805eae4a44:group-8C51E6309800: Took a snapshot at index 6
2019-08-16 05:31:54,275 [StateMachineUpdater:f3ad038f-da5c-4aab-b955-43805eae4a44:group-8C51E6309800] INFO  impl.StateMachineUpdater (StateMachineUpdater.java:lambda$new$0(80)) - StateMachineUpdater:f3ad038f-da5c-4aab-b955-43805eae4a44:group-8C51E6309800: snapshotIndex: updateIncreasingly -1 -> 6
2019-08-16 05:31:54,275 [ForkJoinPool.commonPool-worker-0] INFO  impl.RaftServerImpl (ServerState.java:close(394)) - 3149bb86-d3f1-4715-b40f-8f93528c26f6:group-CE12A017E2D5 closes. The last applied log index is 6
2019-08-16 05:31:54,275 [main] INFO  impl.RaftServerImpl (ServerState.java:close(394)) - f3ad038f-da5c-4aab-b955-43805eae4a44:group-8C51E6309800 closes. The last applied log index is 6
2019-08-16 05:31:54,275 [3149bb86-d3f1-4715-b40f-8f93528c26f6-SegmentedRaftLogWorker:Storage Directory /workdir/hadoop-ozone/integration-test/target/test-dir/MiniOzoneClusterImpl-eb2bda36-fe71-46ed-bbf9-7d62ad1f7211/datanode-1/data/ratis/3a32564a-ab9f-478b-8848-ce12a017e2d5] INFO  segmented.SegmentedRaftLogWorker (SegmentedRaftLogWorker.java:run(313)) - 3149bb86-d3f1-4715-b40f-8f93528c26f6-SegmentedRaftLogWorker:Storage Directory /workdir/hadoop-ozone/integration-test/target/test-dir/MiniOzoneClusterImpl-eb2bda36-fe71-46ed-bbf9-7d62ad1f7211/datanode-1/data/ratis/3a32564a-ab9f-478b-8848-ce12a017e2d5 was interrupted, exiting. There are 0 tasks remaining in the queue.
2019-08-16 05:31:54,276 [f3ad038f-da5c-4aab-b955-43805eae4a44-SegmentedRaftLogWorker:Storage Directory /workdir/hadoop-ozone/integration-test/target/test-dir/MiniOzoneClusterImpl-eb2bda36-fe71-46ed-bbf9-7d62ad1f7211/datanode-4/data/ratis/4060fff1-7c27-46b0-a17d-8c51e6309800] INFO  segmented.SegmentedRaftLogWorker (SegmentedRaftLogWorker.java:run(313)) - f3ad038f-da5c-4aab-b955-43805eae4a44-SegmentedRaftLogWorker:Storage Directory /workdir/hadoop-ozone/integration-test/target/test-dir/MiniOzoneClusterImpl-eb2bda36-fe71-46ed-bbf9-7d62ad1f7211/datanode-4/data/ratis/4060fff1-7c27-46b0-a17d-8c51e6309800 was interrupted, exiting. There are 0 tasks remaining in the queue.
2019-08-16 05:31:54,278 [ForkJoinPool.commonPool-worker-0] INFO  segmented.SegmentedRaftLogWorker (SegmentedRaftLogWorker.java:close(228)) - 3149bb86-d3f1-4715-b40f-8f93528c26f6-SegmentedRaftLogWorker:Storage Directory /workdir/hadoop-ozone/integration-test/target/test-dir/MiniOzoneClusterImpl-eb2bda36-fe71-46ed-bbf9-7d62ad1f7211/datanode-1/data/ratis/3a32564a-ab9f-478b-8848-ce12a017e2d5 close()
2019-08-16 05:31:54,281 [main] INFO  segmented.SegmentedRaftLogWorker (SegmentedRaftLogWorker.java:close(228)) - f3ad038f-da5c-4aab-b955-43805eae4a44-SegmentedRaftLogWorker:Storage Directory /workdir/hadoop-ozone/integration-test/target/test-dir/MiniOzoneClusterImpl-eb2bda36-fe71-46ed-bbf9-7d62ad1f7211/datanode-4/data/ratis/4060fff1-7c27-46b0-a17d-8c51e6309800 close()
2019-08-16 05:31:54,286 [ForkJoinPool.commonPool-worker-0] INFO  impl.RaftServerImpl (RaftServerImpl.java:lambda$shutdown$3(245)) - 3149bb86-d3f1-4715-b40f-8f93528c26f6: shutdown group-5CA3C7B83B16
2019-08-16 05:31:54,290 [main] INFO  server.GrpcService (GrpcService.java:closeImpl(155)) - f3ad038f-da5c-4aab-b955-43805eae4a44: shutdown server with port 34563 now
2019-08-16 05:31:54,291 [ForkJoinPool.commonPool-worker-0] INFO  util.JmxRegister (JmxRegister.java:unregister(73)) - Successfully un-registered JMX Bean with object name Ratis:service=RaftServer,group=group-5CA3C7B83B16,id=3149bb86-d3f1-4715-b40f-8f93528c26f6
2019-08-16 05:31:54,291 [ForkJoinPool.commonPool-worker-0] INFO  impl.RoleInfo (RoleInfo.java:shutdownLeaderState(104)) - 3149bb86-d3f1-4715-b40f-8f93528c26f6: shutdown LeaderState
2019-08-16 05:31:54,292 [ForkJoinPool.commonPool-worker-0] INFO  impl.PendingRequests (PendingRequests.java:sendNotLeaderResponses(202)) - 3149bb86-d3f1-4715-b40f-8f93528c26f6-PendingRequests: sendNotLeaderResponses
2019-08-16 05:31:54,292 [grpc-default-executor-5] WARN  server.GrpcServerProtocolService (LogUtils.java:warn(134)) - f3ad038f-da5c-4aab-b955-43805eae4a44: appendEntries onError: org.apache.ratis.thirdparty.io.grpc.StatusRuntimeException: CANCELLED: cancelled before receiving half close
2019-08-16 05:31:54,292 [ForkJoinPool.commonPool-worker-0] INFO  impl.StateMachineUpdater (StateMachineUpdater.java:stopAndJoin(115)) - StateMachineUpdater:3149bb86-d3f1-4715-b40f-8f93528c26f6:group-5CA3C7B83B16: set stopIndex = 0
2019-08-16 05:31:54,292 [main] INFO  server.GrpcService (GrpcService.java:closeImpl(163)) - f3ad038f-da5c-4aab-b955-43805eae4a44: shutdown server with port 34563 successfully
2019-08-16 05:31:54,292 [ForkJoinPool.commonPool-worker-0] INFO  impl.RaftServerImpl (ServerState.java:close(394)) - 3149bb86-d3f1-4715-b40f-8f93528c26f6:group-5CA3C7B83B16 closes. The last applied log index is 0
2019-08-16 05:31:54,293 [grpc-default-executor-5] WARN  server.GrpcLogAppender (LogUtils.java:warn(134)) - 28d0d1e5-a718-4131-8689-0f879c9b805a->f3ad038f-da5c-4aab-b955-43805eae4a44: Failed appendEntries: org.apache.ratis.thirdparty.io.grpc.StatusRuntimeException: CANCELLED: HTTP/2 error code: CANCEL
Received Rst Stream
2019-08-16 05:31:54,293 [3149bb86-d3f1-4715-b40f-8f93528c26f6-SegmentedRaftLogWorker:Storage Directory /workdir/hadoop-ozone/integration-test/target/test-dir/MiniOzoneClusterImpl-eb2bda36-fe71-46ed-bbf9-7d62ad1f7211/datanode-1/data/ratis/180cb723-a3de-419d-8e5c-5ca3c7b83b16] INFO  segmented.SegmentedRaftLogWorker (SegmentedRaftLogWorker.java:run(313)) - 3149bb86-d3f1-4715-b40f-8f93528c26f6-SegmentedRaftLogWorker:Storage Directory /workdir/hadoop-ozone/integration-test/target/test-dir/MiniOzoneClusterImpl-eb2bda36-fe71-46ed-bbf9-7d62ad1f7211/datanode-1/data/ratis/180cb723-a3de-419d-8e5c-5ca3c7b83b16 was interrupted, exiting. There are 0 tasks remaining in the queue.
2019-08-16 05:31:54,293 [grpc-default-executor-5] INFO  impl.FollowerInfo (FollowerInfo.java:lambda$new$0(50)) - 28d0d1e5-a718-4131-8689-0f879c9b805a->f3ad038f-da5c-4aab-b955-43805eae4a44: nextIndex: updateUnconditionally 7 -> 6
2019-08-16 05:31:54,296 [ForkJoinPool.commonPool-worker-0] INFO  segmented.SegmentedRaftLogWorker (SegmentedRaftLogWorker.java:close(228)) - 3149bb86-d3f1-4715-b40f-8f93528c26f6-SegmentedRaftLogWorker:Storage Directory /workdir/hadoop-ozone/integration-test/target/test-dir/MiniOzoneClusterImpl-eb2bda36-fe71-46ed-bbf9-7d62ad1f7211/datanode-1/data/ratis/180cb723-a3de-419d-8e5c-5ca3c7b83b16 close()
2019-08-16 05:31:54,296 [main] INFO  utils.BackgroundService (BackgroundService.java:shutdown(148)) - Shutting down service BlockDeletingService
2019-08-16 05:31:54,301 [ForkJoinPool.commonPool-worker-0] INFO  server.GrpcService (GrpcService.java:closeImpl(155)) - 3149bb86-d3f1-4715-b40f-8f93528c26f6: shutdown server with port 40261 now
2019-08-16 05:31:54,303 [ForkJoinPool.commonPool-worker-0] INFO  server.GrpcService (GrpcService.java:closeImpl(163)) - 3149bb86-d3f1-4715-b40f-8f93528c26f6: shutdown server with port 40261 successfully
2019-08-16 05:31:54,303 [refreshUsed-/workdir/hadoop-ozone/integration-test/target/test-dir/MiniOzoneClusterImpl-eb2bda36-fe71-46ed-bbf9-7d62ad1f7211/datanode-4/data/containers] WARN  fs.CachingGetSpaceUsed (CachingGetSpaceUsed.java:run(183)) - Thread Interrupted waiting to refresh disk information: sleep interrupted
2019-08-16 05:31:54,305 [ForkJoinPool.commonPool-worker-0] INFO  utils.BackgroundService (BackgroundService.java:shutdown(148)) - Shutting down service BlockDeletingService
2019-08-16 05:31:54,307 [refreshUsed-/workdir/hadoop-ozone/integration-test/target/test-dir/MiniOzoneClusterImpl-eb2bda36-fe71-46ed-bbf9-7d62ad1f7211/datanode-1/data/containers] WARN  fs.CachingGetSpaceUsed (CachingGetSpaceUsed.java:run(183)) - Thread Interrupted waiting to refresh disk information: sleep interrupted
2019-08-16 05:31:54,324 [main] INFO  statemachine.DatanodeStateMachine (DatanodeStateMachine.java:stopDaemon(395)) - Ozone container server stopped.
2019-08-16 05:31:54,325 [main] INFO  handler.ContextHandler (ContextHandler.java:doStop(910)) - Stopped o.e.j.w.WebAppContext@19e552a3{/,null,UNAVAILABLE}{/hddsDatanode}
2019-08-16 05:31:54,326 [main] INFO  server.AbstractConnector (AbstractConnector.java:doStop(318)) - Stopped ServerConnector@5091456c{HTTP/1.1,[http/1.1]}{0.0.0.0:0}
2019-08-16 05:31:54,326 [main] INFO  handler.ContextHandler (ContextHandler.java:doStop(910)) - Stopped o.e.j.s.ServletContextHandler@26169be3{/static,jar:file:/home/user/.m2/repository/org/apache/hadoop/hadoop-hdds-container-service/0.5.0-SNAPSHOT/hadoop-hdds-container-service-0.5.0-SNAPSHOT.jar!/webapps/static,UNAVAILABLE}
2019-08-16 05:31:54,326 [main] INFO  handler.ContextHandler (ContextHandler.java:doStop(910)) - Stopped o.e.j.s.ServletContextHandler@353aadd7{/logs,file:///workdir/hadoop-ozone/integration-test/target/log,UNAVAILABLE}
2019-08-16 05:31:54,327 [main] INFO  datanode.ObjectStoreHandler (ObjectStoreHandler.java:close(155)) - Closing ObjectStoreHandler.
2019-08-16 05:31:54,333 [ForkJoinPool.commonPool-worker-0] INFO  statemachine.DatanodeStateMachine (DatanodeStateMachine.java:stopDaemon(395)) - Ozone container server stopped.
2019-08-16 05:31:54,333 [main] INFO  ozone.HddsDatanodeService (HddsDatanodeService.java:stop(451)) - Stopped plug-in org.apache.hadoop.ozone.web.OzoneHddsDatanodeService@50a1c2f3
2019-08-16 05:31:54,339 [ForkJoinPool.commonPool-worker-0] INFO  handler.ContextHandler (ContextHandler.java:doStop(910)) - Stopped o.e.j.w.WebAppContext@7441eed3{/,null,UNAVAILABLE}{/hddsDatanode}
2019-08-16 05:31:54,339 [ForkJoinPool.commonPool-worker-0] INFO  server.AbstractConnector (AbstractConnector.java:doStop(318)) - Stopped ServerConnector@284e68ae{HTTP/1.1,[http/1.1]}{0.0.0.0:0}
2019-08-16 05:31:54,349 [ForkJoinPool.commonPool-worker-0] INFO  handler.ContextHandler (ContextHandler.java:doStop(910)) - Stopped o.e.j.s.ServletContextHandler@3c5095df{/static,jar:file:/home/user/.m2/repository/org/apache/hadoop/hadoop-hdds-container-service/0.5.0-SNAPSHOT/hadoop-hdds-container-service-0.5.0-SNAPSHOT.jar!/webapps/static,UNAVAILABLE}
2019-08-16 05:31:54,349 [ForkJoinPool.commonPool-worker-0] INFO  handler.ContextHandler (ContextHandler.java:doStop(910)) - Stopped o.e.j.s.ServletContextHandler@7eaa52d6{/logs,file:///workdir/hadoop-ozone/integration-test/target/log,UNAVAILABLE}
2019-08-16 05:31:54,350 [ForkJoinPool.commonPool-worker-0] INFO  datanode.ObjectStoreHandler (ObjectStoreHandler.java:close(155)) - Closing ObjectStoreHandler.
2019-08-16 05:31:54,350 [ForkJoinPool.commonPool-worker-0] INFO  ozone.HddsDatanodeService (HddsDatanodeService.java:stop(451)) - Stopped plug-in org.apache.hadoop.ozone.web.OzoneHddsDatanodeService@250c5892
2019-08-16 05:31:54,397 [grpc-default-executor-5] WARN  server.GrpcLogAppender (LogUtils.java:warn(134)) - 28d0d1e5-a718-4131-8689-0f879c9b805a->f3ad038f-da5c-4aab-b955-43805eae4a44: Failed appendEntries: org.apache.ratis.thirdparty.io.grpc.StatusRuntimeException: UNAVAILABLE: io exception
2019-08-16 05:31:54,398 [grpc-default-executor-5] INFO  impl.FollowerInfo (FollowerInfo.java:lambda$new$0(50)) - 28d0d1e5-a718-4131-8689-0f879c9b805a->f3ad038f-da5c-4aab-b955-43805eae4a44: nextIndex: updateUnconditionally 6 -> 5
2019-08-16 05:31:54,405 | INFO  | SCMAudit | user=jenkins1000 | ip=192.168.69.65 | op=SEND_HEARTBEAT {datanodeUUID=86fd08ee-b365-4582-9ea1-c0072a3dfb7f, command=[]} | ret=SUCCESS |  
2019-08-16 05:31:54,824 [Datanode State Machine Thread - 0] INFO  statemachine.DatanodeStateMachine (DatanodeStateMachine.java:lambda$startDaemon$0(350)) - Ozone container server started.
2019-08-16 05:31:54,829 | INFO  | SCMAudit | user=jenkins1000 | ip=192.168.69.65 | op=SEND_HEARTBEAT {datanodeUUID=28d0d1e5-a718-4131-8689-0f879c9b805a, command=[commandType: closeContainerCommand closeContainerCommandProto { containerID: 1 pipelineID { id: "4060fff1-7c27-46b0-a17d-8c51e6309800" } cmdId: 1 force: false } ]} | ret=SUCCESS |  
2019-08-16 05:31:55,127 [Datanode State Machine Thread - 0] INFO  statemachine.DatanodeStateMachine (DatanodeStateMachine.java:lambda$startDaemon$0(350)) - Ozone container server started.
2019-08-16 05:31:55,129 | INFO  | SCMAudit | user=jenkins1000 | ip=192.168.69.65 | op=SEND_HEARTBEAT {datanodeUUID=e53a8343-b752-45e5-a470-b8d6a4558a93, command=[commandType: closeContainerCommand closeContainerCommandProto { containerID: 2 pipelineID { id: "3a32564a-ab9f-478b-8848-ce12a017e2d5" } cmdId: 2 force: false } ]} | ret=SUCCESS |  
2019-08-16 05:31:55,406 | INFO  | SCMAudit | user=jenkins1000 | ip=192.168.69.65 | op=SEND_HEARTBEAT {datanodeUUID=86fd08ee-b365-4582-9ea1-c0072a3dfb7f, command=[]} | ret=SUCCESS |  
2019-08-16 05:31:55,828 | INFO  | SCMAudit | user=jenkins1000 | ip=192.168.69.65 | op=SEND_HEARTBEAT {datanodeUUID=28d0d1e5-a718-4131-8689-0f879c9b805a, command=[]} | ret=SUCCESS |  
2019-08-16 05:31:55,861 | INFO  | SCMAudit | user=jenkins1000 | ip=192.168.69.65 | op=SEND_HEARTBEAT {datanodeUUID=28d0d1e5-a718-4131-8689-0f879c9b805a, command=[]} | ret=SUCCESS |  
2019-08-16 05:31:55,863 [grpc-default-executor-9] WARN  server.GrpcLogAppender (LogUtils.java:warn(134)) - 28d0d1e5-a718-4131-8689-0f879c9b805a->f3ad038f-da5c-4aab-b955-43805eae4a44: Failed appendEntries: org.apache.ratis.thirdparty.io.grpc.StatusRuntimeException: UNAVAILABLE: io exception
2019-08-16 05:31:55,864 [grpc-default-executor-9] INFO  impl.FollowerInfo (FollowerInfo.java:lambda$new$0(50)) - 28d0d1e5-a718-4131-8689-0f879c9b805a->f3ad038f-da5c-4aab-b955-43805eae4a44: nextIndex: updateUnconditionally 6 -> 5
2019-08-16 05:31:55,875 [grpc-default-executor-5] WARN  server.GrpcLogAppender (LogUtils.java:warn(134)) - 28d0d1e5-a718-4131-8689-0f879c9b805a->f3ad038f-da5c-4aab-b955-43805eae4a44: Failed appendEntries: org.apache.ratis.thirdparty.io.grpc.StatusRuntimeException: UNAVAILABLE: io exception
2019-08-16 05:31:55,875 [grpc-default-executor-5] INFO  impl.FollowerInfo (FollowerInfo.java:lambda$new$0(50)) - 28d0d1e5-a718-4131-8689-0f879c9b805a->f3ad038f-da5c-4aab-b955-43805eae4a44: nextIndex: updateUnconditionally 6 -> 5
2019-08-16 05:31:55,889 [grpc-default-executor-8] WARN  server.GrpcLogAppender (LogUtils.java:warn(134)) - 28d0d1e5-a718-4131-8689-0f879c9b805a->f3ad038f-da5c-4aab-b955-43805eae4a44: Failed appendEntries: org.apache.ratis.thirdparty.io.grpc.StatusRuntimeException: UNAVAILABLE: io exception
2019-08-16 05:31:55,889 [grpc-default-executor-8] INFO  impl.FollowerInfo (FollowerInfo.java:lambda$new$0(50)) - 28d0d1e5-a718-4131-8689-0f879c9b805a->f3ad038f-da5c-4aab-b955-43805eae4a44: nextIndex: updateUnconditionally 6 -> 5
2019-08-16 05:31:55,974 [RatisApplyTransactionExecutor 1] INFO  interfaces.Container (KeyValueContainer.java:compactDB(356)) - Container 1 is closed with bcsId 4.
2019-08-16 05:31:55,975 | INFO  | DNAudit | user=null | ip=null | op=CLOSE_CONTAINER {containerID=1} | ret=SUCCESS |  
2019-08-16 05:31:55,976 | INFO  | SCMAudit | user=jenkins1000 | ip=192.168.69.65 | op=SEND_HEARTBEAT {datanodeUUID=28d0d1e5-a718-4131-8689-0f879c9b805a, command=[]} | ret=SUCCESS |  
2019-08-16 05:31:55,976 [EventQueue-IncrementalContainerReportForIncrementalContainerReportHandler] INFO  container.IncrementalContainerReportHandler (AbstractContainerReportHandler.java:updateContainerState(176)) - Moving container #1 to CLOSED state, datanode 28d0d1e5-a718-4131-8689-0f879c9b805a{ip: 192.168.69.65, host: trunk-nightly-4lbr2-4263640518, networkLocation: /default-rack, certSerialId: null} reported CLOSED replica.
2019-08-16 05:31:55,992 [RatisApplyTransactionExecutor 1] INFO  interfaces.Container (KeyValueContainer.java:compactDB(356)) - Container 1 is closed with bcsId 4.
2019-08-16 05:31:55,992 | INFO  | DNAudit | user=null | ip=null | op=CLOSE_CONTAINER {containerID=1} | ret=SUCCESS |  
2019-08-16 05:31:56,128 | INFO  | SCMAudit | user=jenkins1000 | ip=192.168.69.65 | op=SEND_HEARTBEAT {datanodeUUID=e53a8343-b752-45e5-a470-b8d6a4558a93, command=[]} | ret=SUCCESS |  
2019-08-16 05:31:56,405 | INFO  | SCMAudit | user=jenkins1000 | ip=192.168.69.65 | op=SEND_HEARTBEAT {datanodeUUID=86fd08ee-b365-4582-9ea1-c0072a3dfb7f, command=[]} | ret=SUCCESS |  
2019-08-16 05:31:56,976 | INFO  | SCMAudit | user=jenkins1000 | ip=192.168.69.65 | op=SEND_HEARTBEAT {datanodeUUID=28d0d1e5-a718-4131-8689-0f879c9b805a, command=[]} | ret=SUCCESS |  
2019-08-16 05:31:57,128 | INFO  | SCMAudit | user=jenkins1000 | ip=192.168.69.65 | op=SEND_HEARTBEAT {datanodeUUID=e53a8343-b752-45e5-a470-b8d6a4558a93, command=[]} | ret=SUCCESS |  
2019-08-16 05:31:57,144 | INFO  | SCMAudit | user=jenkins1000 | ip=192.168.69.65 | op=SEND_HEARTBEAT {datanodeUUID=e53a8343-b752-45e5-a470-b8d6a4558a93, command=[]} | ret=SUCCESS |  
2019-08-16 05:31:57,405 | INFO  | SCMAudit | user=jenkins1000 | ip=192.168.69.65 | op=SEND_HEARTBEAT {datanodeUUID=86fd08ee-b365-4582-9ea1-c0072a3dfb7f, command=[]} | ret=SUCCESS |  
2019-08-16 05:31:57,976 | INFO  | SCMAudit | user=jenkins1000 | ip=192.168.69.65 | op=SEND_HEARTBEAT {datanodeUUID=28d0d1e5-a718-4131-8689-0f879c9b805a, command=[]} | ret=SUCCESS |  
2019-08-16 05:31:58,144 | INFO  | SCMAudit | user=jenkins1000 | ip=192.168.69.65 | op=SEND_HEARTBEAT {datanodeUUID=e53a8343-b752-45e5-a470-b8d6a4558a93, command=[]} | ret=SUCCESS |  
2019-08-16 05:31:58,390 [grpc-default-executor-9] WARN  server.GrpcLogAppender (LogUtils.java:warn(134)) - 28d0d1e5-a718-4131-8689-0f879c9b805a->f3ad038f-da5c-4aab-b955-43805eae4a44: Failed appendEntries: org.apache.ratis.thirdparty.io.grpc.StatusRuntimeException: UNAVAILABLE: io exception
2019-08-16 05:31:58,390 [grpc-default-executor-9] INFO  impl.FollowerInfo (FollowerInfo.java:lambda$new$0(50)) - 28d0d1e5-a718-4131-8689-0f879c9b805a->f3ad038f-da5c-4aab-b955-43805eae4a44: nextIndex: updateUnconditionally 5 -> 4
2019-08-16 05:31:58,405 | INFO  | SCMAudit | user=jenkins1000 | ip=192.168.69.65 | op=SEND_HEARTBEAT {datanodeUUID=86fd08ee-b365-4582-9ea1-c0072a3dfb7f, command=[]} | ret=SUCCESS |  
2019-08-16 05:31:58,835 [EventQueue-StaleNodeForStaleNodeHandler] INFO  node.StaleNodeHandler (StaleNodeHandler.java:onMessage(58)) - Datanode 0606af15-c5a8-4f2c-b2a4-46c802c45ccf{ip: 192.168.69.65, host: trunk-nightly-4lbr2-4263640518, networkLocation: /default-rack, certSerialId: null} moved to stale state. Finalizing its pipelines [PipelineID=4060fff1-7c27-46b0-a17d-8c51e6309800, PipelineID=7badb860-5058-4408-a6cf-1ba8df43b915]
2019-08-16 05:31:58,835 [EventQueue-StaleNodeForStaleNodeHandler] INFO  pipeline.SCMPipelineManager (SCMPipelineManager.java:finalizeAndDestroyPipeline(309)) - destroying pipeline:Pipeline[ Id: 4060fff1-7c27-46b0-a17d-8c51e6309800, Nodes: 0606af15-c5a8-4f2c-b2a4-46c802c45ccf{ip: 192.168.69.65, host: trunk-nightly-4lbr2-4263640518, networkLocation: /default-rack, certSerialId: null}28d0d1e5-a718-4131-8689-0f879c9b805a{ip: 192.168.69.65, host: trunk-nightly-4lbr2-4263640518, networkLocation: /default-rack, certSerialId: null}f3ad038f-da5c-4aab-b955-43805eae4a44{ip: 192.168.69.65, host: trunk-nightly-4lbr2-4263640518, networkLocation: /default-rack, certSerialId: null}, Type:RATIS, Factor:THREE, State:CLOSED]
2019-08-16 05:31:58,835 [EventQueue-StaleNodeForStaleNodeHandler] INFO  pipeline.SCMPipelineManager (SCMPipelineManager.java:finalizeAndDestroyPipeline(309)) - destroying pipeline:Pipeline[ Id: 7badb860-5058-4408-a6cf-1ba8df43b915, Nodes: 0606af15-c5a8-4f2c-b2a4-46c802c45ccf{ip: 192.168.69.65, host: trunk-nightly-4lbr2-4263640518, networkLocation: /default-rack, certSerialId: null}, Type:RATIS, Factor:ONE, State:OPEN]
2019-08-16 05:31:58,836 [EventQueue-StaleNodeForStaleNodeHandler] INFO  pipeline.PipelineStateManager (PipelineStateManager.java:finalizePipeline(123)) - Pipeline Pipeline[ Id: 7badb860-5058-4408-a6cf-1ba8df43b915, Nodes: 0606af15-c5a8-4f2c-b2a4-46c802c45ccf{ip: 192.168.69.65, host: trunk-nightly-4lbr2-4263640518, networkLocation: /default-rack, certSerialId: null}, Type:RATIS, Factor:ONE, State:CLOSED] moved to CLOSED state
2019-08-16 05:31:58,976 | INFO  | SCMAudit | user=jenkins1000 | ip=192.168.69.65 | op=SEND_HEARTBEAT {datanodeUUID=28d0d1e5-a718-4131-8689-0f879c9b805a, command=[]} | ret=SUCCESS |  
2019-08-16 05:31:59,135 [EventQueue-StaleNodeForStaleNodeHandler] INFO  node.StaleNodeHandler (StaleNodeHandler.java:onMessage(58)) - Datanode d5c3898c-9450-49fc-8e0a-029bdffc6f28{ip: 192.168.69.65, host: trunk-nightly-4lbr2-4263640518, networkLocation: /default-rack, certSerialId: null} moved to stale state. Finalizing its pipelines [PipelineID=3a32564a-ab9f-478b-8848-ce12a017e2d5, PipelineID=7ef2f8f6-6bec-489a-8c7c-8835a6fcd60b]
2019-08-16 05:31:59,135 [EventQueue-StaleNodeForStaleNodeHandler] INFO  pipeline.SCMPipelineManager (SCMPipelineManager.java:finalizeAndDestroyPipeline(309)) - destroying pipeline:Pipeline[ Id: 3a32564a-ab9f-478b-8848-ce12a017e2d5, Nodes: d5c3898c-9450-49fc-8e0a-029bdffc6f28{ip: 192.168.69.65, host: trunk-nightly-4lbr2-4263640518, networkLocation: /default-rack, certSerialId: null}3149bb86-d3f1-4715-b40f-8f93528c26f6{ip: 192.168.69.65, host: trunk-nightly-4lbr2-4263640518, networkLocation: /default-rack, certSerialId: null}e53a8343-b752-45e5-a470-b8d6a4558a93{ip: 192.168.69.65, host: trunk-nightly-4lbr2-4263640518, networkLocation: /default-rack, certSerialId: null}, Type:RATIS, Factor:THREE, State:CLOSED]
2019-08-16 05:31:59,136 [EventQueue-StaleNodeForStaleNodeHandler] INFO  pipeline.SCMPipelineManager (SCMPipelineManager.java:finalizeAndDestroyPipeline(309)) - destroying pipeline:Pipeline[ Id: 7ef2f8f6-6bec-489a-8c7c-8835a6fcd60b, Nodes: d5c3898c-9450-49fc-8e0a-029bdffc6f28{ip: 192.168.69.65, host: trunk-nightly-4lbr2-4263640518, networkLocation: /default-rack, certSerialId: null}, Type:RATIS, Factor:ONE, State:OPEN]
2019-08-16 05:31:59,136 [EventQueue-StaleNodeForStaleNodeHandler] INFO  pipeline.PipelineStateManager (PipelineStateManager.java:finalizePipeline(123)) - Pipeline Pipeline[ Id: 7ef2f8f6-6bec-489a-8c7c-8835a6fcd60b, Nodes: d5c3898c-9450-49fc-8e0a-029bdffc6f28{ip: 192.168.69.65, host: trunk-nightly-4lbr2-4263640518, networkLocation: /default-rack, certSerialId: null}, Type:RATIS, Factor:ONE, State:CLOSED] moved to CLOSED state
2019-08-16 05:31:59,144 | INFO  | SCMAudit | user=jenkins1000 | ip=192.168.69.65 | op=SEND_HEARTBEAT {datanodeUUID=e53a8343-b752-45e5-a470-b8d6a4558a93, command=[]} | ret=SUCCESS |  
2019-08-16 05:31:59,339 [main] INFO  ozoneimpl.OzoneContainer (OzoneContainer.java:stop(199)) - Attempting to stop container services.
2019-08-16 05:31:59,340 [main] INFO  impl.RaftServerProxy (RaftServerProxy.java:lambda$close$4(314)) - 0606af15-c5a8-4f2c-b2a4-46c802c45ccf: close
2019-08-16 05:31:59,340 [main] INFO  impl.RaftServerImpl (RaftServerImpl.java:lambda$shutdown$3(245)) - 0606af15-c5a8-4f2c-b2a4-46c802c45ccf: shutdown group-8C51E6309800
2019-08-16 05:31:59,341 [main] INFO  util.JmxRegister (JmxRegister.java:unregister(73)) - Successfully un-registered JMX Bean with object name Ratis:service=RaftServer,group=group-8C51E6309800,id=0606af15-c5a8-4f2c-b2a4-46c802c45ccf
2019-08-16 05:31:59,341 [main] INFO  impl.RoleInfo (RoleInfo.java:shutdownFollowerState(121)) - 0606af15-c5a8-4f2c-b2a4-46c802c45ccf: shutdown FollowerState
2019-08-16 05:31:59,342 [main] INFO  impl.StateMachineUpdater (StateMachineUpdater.java:stopAndJoin(115)) - StateMachineUpdater:0606af15-c5a8-4f2c-b2a4-46c802c45ccf:group-8C51E6309800: set stopIndex = 8
2019-08-16 05:31:59,342 [StateMachineUpdater:0606af15-c5a8-4f2c-b2a4-46c802c45ccf:group-8C51E6309800] INFO  ratis.ContainerStateMachine (ContainerStateMachine.java:takeSnapshot(271)) - group-8C51E6309800: Taking a snapshot at:(t:2, i:7) file /workdir/hadoop-ozone/integration-test/target/test-dir/MiniOzoneClusterImpl-eb2bda36-fe71-46ed-bbf9-7d62ad1f7211/datanode-3/data/ratis/4060fff1-7c27-46b0-a17d-8c51e6309800/sm/snapshot.2_7
2019-08-16 05:31:59,342 [Thread-4169] INFO  impl.FollowerState (FollowerState.java:run(114)) - 0606af15-c5a8-4f2c-b2a4-46c802c45ccf: FollowerState was interrupted: java.lang.InterruptedException: sleep interrupted
2019-08-16 05:31:59,351 [ForkJoinPool.commonPool-worker-0] INFO  ozoneimpl.OzoneContainer (OzoneContainer.java:stop(199)) - Attempting to stop container services.
2019-08-16 05:31:59,351 [ForkJoinPool.commonPool-worker-0] INFO  impl.RaftServerProxy (RaftServerProxy.java:lambda$close$4(314)) - d5c3898c-9450-49fc-8e0a-029bdffc6f28: close
2019-08-16 05:31:59,351 [ForkJoinPool.commonPool-worker-0] INFO  impl.RaftServerImpl (RaftServerImpl.java:lambda$shutdown$3(245)) - d5c3898c-9450-49fc-8e0a-029bdffc6f28: shutdown group-CE12A017E2D5
2019-08-16 05:31:59,352 [ForkJoinPool.commonPool-worker-0] INFO  util.JmxRegister (JmxRegister.java:unregister(73)) - Successfully un-registered JMX Bean with object name Ratis:service=RaftServer,group=group-CE12A017E2D5,id=d5c3898c-9450-49fc-8e0a-029bdffc6f28
2019-08-16 05:31:59,352 [ForkJoinPool.commonPool-worker-0] INFO  impl.RoleInfo (RoleInfo.java:shutdownFollowerState(121)) - d5c3898c-9450-49fc-8e0a-029bdffc6f28: shutdown FollowerState
2019-08-16 05:31:59,352 [ForkJoinPool.commonPool-worker-0] INFO  impl.StateMachineUpdater (StateMachineUpdater.java:stopAndJoin(115)) - StateMachineUpdater:d5c3898c-9450-49fc-8e0a-029bdffc6f28:group-CE12A017E2D5: set stopIndex = 6
2019-08-16 05:31:59,352 [Thread-4110] INFO  impl.FollowerState (FollowerState.java:run(114)) - d5c3898c-9450-49fc-8e0a-029bdffc6f28: FollowerState was interrupted: java.lang.InterruptedException: sleep interrupted
2019-08-16 05:31:59,352 [StateMachineUpdater:d5c3898c-9450-49fc-8e0a-029bdffc6f28:group-CE12A017E2D5] INFO  ratis.ContainerStateMachine (ContainerStateMachine.java:takeSnapshot(271)) - group-CE12A017E2D5: Taking a snapshot at:(t:1, i:4) file /workdir/hadoop-ozone/integration-test/target/test-dir/MiniOzoneClusterImpl-eb2bda36-fe71-46ed-bbf9-7d62ad1f7211/datanode-2/data/ratis/3a32564a-ab9f-478b-8848-ce12a017e2d5/sm/snapshot.1_4
2019-08-16 05:31:59,358 [StateMachineUpdater:d5c3898c-9450-49fc-8e0a-029bdffc6f28:group-CE12A017E2D5] INFO  ratis.ContainerStateMachine (ContainerStateMachine.java:takeSnapshot(282)) - group-CE12A017E2D5: Finished taking a snapshot at:(t:1, i:4) file:/workdir/hadoop-ozone/integration-test/target/test-dir/MiniOzoneClusterImpl-eb2bda36-fe71-46ed-bbf9-7d62ad1f7211/datanode-2/data/ratis/3a32564a-ab9f-478b-8848-ce12a017e2d5/sm/snapshot.1_4 time:5
2019-08-16 05:31:59,358 [StateMachineUpdater:0606af15-c5a8-4f2c-b2a4-46c802c45ccf:group-8C51E6309800] INFO  ratis.ContainerStateMachine (ContainerStateMachine.java:takeSnapshot(282)) - group-8C51E6309800: Finished taking a snapshot at:(t:2, i:7) file:/workdir/hadoop-ozone/integration-test/target/test-dir/MiniOzoneClusterImpl-eb2bda36-fe71-46ed-bbf9-7d62ad1f7211/datanode-3/data/ratis/4060fff1-7c27-46b0-a17d-8c51e6309800/sm/snapshot.2_7 time:16
2019-08-16 05:31:59,358 [StateMachineUpdater:d5c3898c-9450-49fc-8e0a-029bdffc6f28:group-CE12A017E2D5] INFO  impl.StateMachineUpdater (StateMachineUpdater.java:takeSnapshot(242)) - StateMachineUpdater:d5c3898c-9450-49fc-8e0a-029bdffc6f28:group-CE12A017E2D5: Took a snapshot at index 4
2019-08-16 05:31:59,358 [StateMachineUpdater:0606af15-c5a8-4f2c-b2a4-46c802c45ccf:group-8C51E6309800] INFO  impl.StateMachineUpdater (StateMachineUpdater.java:takeSnapshot(242)) - StateMachineUpdater:0606af15-c5a8-4f2c-b2a4-46c802c45ccf:group-8C51E6309800: Took a snapshot at index 7
2019-08-16 05:31:59,358 [StateMachineUpdater:d5c3898c-9450-49fc-8e0a-029bdffc6f28:group-CE12A017E2D5] INFO  impl.StateMachineUpdater (StateMachineUpdater.java:lambda$new$0(80)) - StateMachineUpdater:d5c3898c-9450-49fc-8e0a-029bdffc6f28:group-CE12A017E2D5: snapshotIndex: updateIncreasingly -1 -> 4
2019-08-16 05:31:59,358 [StateMachineUpdater:0606af15-c5a8-4f2c-b2a4-46c802c45ccf:group-8C51E6309800] INFO  impl.StateMachineUpdater (StateMachineUpdater.java:lambda$new$0(80)) - StateMachineUpdater:0606af15-c5a8-4f2c-b2a4-46c802c45ccf:group-8C51E6309800: snapshotIndex: updateIncreasingly -1 -> 7
2019-08-16 05:31:59,359 [ForkJoinPool.commonPool-worker-0] INFO  impl.RaftServerImpl (ServerState.java:close(394)) - d5c3898c-9450-49fc-8e0a-029bdffc6f28:group-CE12A017E2D5 closes. The last applied log index is 6
2019-08-16 05:31:59,359 [main] INFO  impl.RaftServerImpl (ServerState.java:close(394)) - 0606af15-c5a8-4f2c-b2a4-46c802c45ccf:group-8C51E6309800 closes. The last applied log index is 8
2019-08-16 05:31:59,359 [d5c3898c-9450-49fc-8e0a-029bdffc6f28-SegmentedRaftLogWorker:Storage Directory /workdir/hadoop-ozone/integration-test/target/test-dir/MiniOzoneClusterImpl-eb2bda36-fe71-46ed-bbf9-7d62ad1f7211/datanode-2/data/ratis/3a32564a-ab9f-478b-8848-ce12a017e2d5] INFO  segmented.SegmentedRaftLogWorker (SegmentedRaftLogWorker.java:run(313)) - d5c3898c-9450-49fc-8e0a-029bdffc6f28-SegmentedRaftLogWorker:Storage Directory /workdir/hadoop-ozone/integration-test/target/test-dir/MiniOzoneClusterImpl-eb2bda36-fe71-46ed-bbf9-7d62ad1f7211/datanode-2/data/ratis/3a32564a-ab9f-478b-8848-ce12a017e2d5 was interrupted, exiting. There are 0 tasks remaining in the queue.
2019-08-16 05:31:59,360 [0606af15-c5a8-4f2c-b2a4-46c802c45ccf-SegmentedRaftLogWorker:Storage Directory /workdir/hadoop-ozone/integration-test/target/test-dir/MiniOzoneClusterImpl-eb2bda36-fe71-46ed-bbf9-7d62ad1f7211/datanode-3/data/ratis/4060fff1-7c27-46b0-a17d-8c51e6309800] INFO  segmented.SegmentedRaftLogWorker (SegmentedRaftLogWorker.java:run(313)) - 0606af15-c5a8-4f2c-b2a4-46c802c45ccf-SegmentedRaftLogWorker:Storage Directory /workdir/hadoop-ozone/integration-test/target/test-dir/MiniOzoneClusterImpl-eb2bda36-fe71-46ed-bbf9-7d62ad1f7211/datanode-3/data/ratis/4060fff1-7c27-46b0-a17d-8c51e6309800 was interrupted, exiting. There are 0 tasks remaining in the queue.
2019-08-16 05:31:59,361 [ForkJoinPool.commonPool-worker-0] INFO  segmented.SegmentedRaftLogWorker (SegmentedRaftLogWorker.java:close(228)) - d5c3898c-9450-49fc-8e0a-029bdffc6f28-SegmentedRaftLogWorker:Storage Directory /workdir/hadoop-ozone/integration-test/target/test-dir/MiniOzoneClusterImpl-eb2bda36-fe71-46ed-bbf9-7d62ad1f7211/datanode-2/data/ratis/3a32564a-ab9f-478b-8848-ce12a017e2d5 close()
2019-08-16 05:31:59,364 [main] INFO  segmented.SegmentedRaftLogWorker (SegmentedRaftLogWorker.java:close(228)) - 0606af15-c5a8-4f2c-b2a4-46c802c45ccf-SegmentedRaftLogWorker:Storage Directory /workdir/hadoop-ozone/integration-test/target/test-dir/MiniOzoneClusterImpl-eb2bda36-fe71-46ed-bbf9-7d62ad1f7211/datanode-3/data/ratis/4060fff1-7c27-46b0-a17d-8c51e6309800 close()
2019-08-16 05:31:59,368 [ForkJoinPool.commonPool-worker-0] INFO  impl.RaftServerImpl (RaftServerImpl.java:lambda$shutdown$3(245)) - d5c3898c-9450-49fc-8e0a-029bdffc6f28: shutdown group-8835A6FCD60B
2019-08-16 05:31:59,372 [main] INFO  impl.RaftServerImpl (RaftServerImpl.java:lambda$shutdown$3(245)) - 0606af15-c5a8-4f2c-b2a4-46c802c45ccf: shutdown group-1BA8DF43B915
2019-08-16 05:31:59,372 [ForkJoinPool.commonPool-worker-0] INFO  util.JmxRegister (JmxRegister.java:unregister(73)) - Successfully un-registered JMX Bean with object name Ratis:service=RaftServer,group=group-8835A6FCD60B,id=d5c3898c-9450-49fc-8e0a-029bdffc6f28
2019-08-16 05:31:59,372 [main] INFO  util.JmxRegister (JmxRegister.java:unregister(73)) - Successfully un-registered JMX Bean with object name Ratis:service=RaftServer,group=group-1BA8DF43B915,id=0606af15-c5a8-4f2c-b2a4-46c802c45ccf
2019-08-16 05:31:59,372 [ForkJoinPool.commonPool-worker-0] INFO  impl.RoleInfo (RoleInfo.java:shutdownLeaderState(104)) - d5c3898c-9450-49fc-8e0a-029bdffc6f28: shutdown LeaderState
2019-08-16 05:31:59,373 [main] INFO  impl.RoleInfo (RoleInfo.java:shutdownLeaderState(104)) - 0606af15-c5a8-4f2c-b2a4-46c802c45ccf: shutdown LeaderState
2019-08-16 05:31:59,373 [ForkJoinPool.commonPool-worker-0] INFO  impl.PendingRequests (PendingRequests.java:sendNotLeaderResponses(202)) - d5c3898c-9450-49fc-8e0a-029bdffc6f28-PendingRequests: sendNotLeaderResponses
2019-08-16 05:31:59,373 [main] INFO  impl.PendingRequests (PendingRequests.java:sendNotLeaderResponses(202)) - 0606af15-c5a8-4f2c-b2a4-46c802c45ccf-PendingRequests: sendNotLeaderResponses
2019-08-16 05:31:59,374 [ForkJoinPool.commonPool-worker-0] INFO  impl.StateMachineUpdater (StateMachineUpdater.java:stopAndJoin(115)) - StateMachineUpdater:d5c3898c-9450-49fc-8e0a-029bdffc6f28:group-8835A6FCD60B: set stopIndex = 0
2019-08-16 05:31:59,374 [main] INFO  impl.StateMachineUpdater (StateMachineUpdater.java:stopAndJoin(115)) - StateMachineUpdater:0606af15-c5a8-4f2c-b2a4-46c802c45ccf:group-1BA8DF43B915: set stopIndex = 0
2019-08-16 05:31:59,375 [main] INFO  impl.RaftServerImpl (ServerState.java:close(394)) - 0606af15-c5a8-4f2c-b2a4-46c802c45ccf:group-1BA8DF43B915 closes. The last applied log index is 0
2019-08-16 05:31:59,374 [ForkJoinPool.commonPool-worker-0] INFO  impl.RaftServerImpl (ServerState.java:close(394)) - d5c3898c-9450-49fc-8e0a-029bdffc6f28:group-8835A6FCD60B closes. The last applied log index is 0
2019-08-16 05:31:59,375 [0606af15-c5a8-4f2c-b2a4-46c802c45ccf-SegmentedRaftLogWorker:Storage Directory /workdir/hadoop-ozone/integration-test/target/test-dir/MiniOzoneClusterImpl-eb2bda36-fe71-46ed-bbf9-7d62ad1f7211/datanode-3/data/ratis/7badb860-5058-4408-a6cf-1ba8df43b915] INFO  segmented.SegmentedRaftLogWorker (SegmentedRaftLogWorker.java:run(313)) - 0606af15-c5a8-4f2c-b2a4-46c802c45ccf-SegmentedRaftLogWorker:Storage Directory /workdir/hadoop-ozone/integration-test/target/test-dir/MiniOzoneClusterImpl-eb2bda36-fe71-46ed-bbf9-7d62ad1f7211/datanode-3/data/ratis/7badb860-5058-4408-a6cf-1ba8df43b915 was interrupted, exiting. There are 0 tasks remaining in the queue.
2019-08-16 05:31:59,375 [d5c3898c-9450-49fc-8e0a-029bdffc6f28-SegmentedRaftLogWorker:Storage Directory /workdir/hadoop-ozone/integration-test/target/test-dir/MiniOzoneClusterImpl-eb2bda36-fe71-46ed-bbf9-7d62ad1f7211/datanode-2/data/ratis/7ef2f8f6-6bec-489a-8c7c-8835a6fcd60b] INFO  segmented.SegmentedRaftLogWorker (SegmentedRaftLogWorker.java:run(313)) - d5c3898c-9450-49fc-8e0a-029bdffc6f28-SegmentedRaftLogWorker:Storage Directory /workdir/hadoop-ozone/integration-test/target/test-dir/MiniOzoneClusterImpl-eb2bda36-fe71-46ed-bbf9-7d62ad1f7211/datanode-2/data/ratis/7ef2f8f6-6bec-489a-8c7c-8835a6fcd60b was interrupted, exiting. There are 0 tasks remaining in the queue.
2019-08-16 05:31:59,377 [main] INFO  segmented.SegmentedRaftLogWorker (SegmentedRaftLogWorker.java:close(228)) - 0606af15-c5a8-4f2c-b2a4-46c802c45ccf-SegmentedRaftLogWorker:Storage Directory /workdir/hadoop-ozone/integration-test/target/test-dir/MiniOzoneClusterImpl-eb2bda36-fe71-46ed-bbf9-7d62ad1f7211/datanode-3/data/ratis/7badb860-5058-4408-a6cf-1ba8df43b915 close()
2019-08-16 05:31:59,379 [ForkJoinPool.commonPool-worker-0] INFO  segmented.SegmentedRaftLogWorker (SegmentedRaftLogWorker.java:close(228)) - d5c3898c-9450-49fc-8e0a-029bdffc6f28-SegmentedRaftLogWorker:Storage Directory /workdir/hadoop-ozone/integration-test/target/test-dir/MiniOzoneClusterImpl-eb2bda36-fe71-46ed-bbf9-7d62ad1f7211/datanode-2/data/ratis/7ef2f8f6-6bec-489a-8c7c-8835a6fcd60b close()
2019-08-16 05:31:59,391 [main] INFO  server.GrpcService (GrpcService.java:closeImpl(155)) - 0606af15-c5a8-4f2c-b2a4-46c802c45ccf: shutdown server with port 39181 now
2019-08-16 05:31:59,393 [ForkJoinPool.commonPool-worker-0] INFO  server.GrpcService (GrpcService.java:closeImpl(155)) - d5c3898c-9450-49fc-8e0a-029bdffc6f28: shutdown server with port 35090 now
2019-08-16 05:31:59,394 [grpc-default-executor-5] WARN  server.GrpcServerProtocolService (LogUtils.java:warn(134)) - 0606af15-c5a8-4f2c-b2a4-46c802c45ccf: appendEntries onError: org.apache.ratis.thirdparty.io.grpc.StatusRuntimeException: CANCELLED: cancelled before receiving half close
2019-08-16 05:31:59,394 [main] INFO  server.GrpcService (GrpcService.java:closeImpl(163)) - 0606af15-c5a8-4f2c-b2a4-46c802c45ccf: shutdown server with port 39181 successfully
2019-08-16 05:31:59,394 [grpc-default-executor-9] WARN  server.GrpcLogAppender (LogUtils.java:warn(134)) - 28d0d1e5-a718-4131-8689-0f879c9b805a->0606af15-c5a8-4f2c-b2a4-46c802c45ccf: Failed appendEntries: org.apache.ratis.thirdparty.io.grpc.StatusRuntimeException: CANCELLED: HTTP/2 error code: CANCEL
Received Rst Stream
2019-08-16 05:31:59,394 [ForkJoinPool.commonPool-worker-0] INFO  server.GrpcService (GrpcService.java:closeImpl(163)) - d5c3898c-9450-49fc-8e0a-029bdffc6f28: shutdown server with port 35090 successfully
2019-08-16 05:31:59,395 [grpc-default-executor-9] INFO  impl.FollowerInfo (FollowerInfo.java:lambda$new$0(50)) - 28d0d1e5-a718-4131-8689-0f879c9b805a->0606af15-c5a8-4f2c-b2a4-46c802c45ccf: nextIndex: updateUnconditionally 9 -> 8
2019-08-16 05:31:59,396 [main] INFO  utils.BackgroundService (BackgroundService.java:shutdown(148)) - Shutting down service BlockDeletingService
2019-08-16 05:31:59,396 [ForkJoinPool.commonPool-worker-0] INFO  utils.BackgroundService (BackgroundService.java:shutdown(148)) - Shutting down service BlockDeletingService
2019-08-16 05:31:59,402 [refreshUsed-/workdir/hadoop-ozone/integration-test/target/test-dir/MiniOzoneClusterImpl-eb2bda36-fe71-46ed-bbf9-7d62ad1f7211/datanode-3/data/containers] WARN  fs.CachingGetSpaceUsed (CachingGetSpaceUsed.java:run(183)) - Thread Interrupted waiting to refresh disk information: sleep interrupted
2019-08-16 05:31:59,403 [refreshUsed-/workdir/hadoop-ozone/integration-test/target/test-dir/MiniOzoneClusterImpl-eb2bda36-fe71-46ed-bbf9-7d62ad1f7211/datanode-2/data/containers] WARN  fs.CachingGetSpaceUsed (CachingGetSpaceUsed.java:run(183)) - Thread Interrupted waiting to refresh disk information: sleep interrupted
2019-08-16 05:31:59,405 | INFO  | SCMAudit | user=jenkins1000 | ip=192.168.69.65 | op=SEND_HEARTBEAT {datanodeUUID=86fd08ee-b365-4582-9ea1-c0072a3dfb7f, command=[]} | ret=SUCCESS |  
2019-08-16 05:31:59,413 [main] INFO  statemachine.DatanodeStateMachine (DatanodeStateMachine.java:stopDaemon(395)) - Ozone container server stopped.
2019-08-16 05:31:59,430 [ForkJoinPool.commonPool-worker-0] INFO  statemachine.DatanodeStateMachine (DatanodeStateMachine.java:stopDaemon(395)) - Ozone container server stopped.
2019-08-16 05:31:59,432 [main] INFO  handler.ContextHandler (ContextHandler.java:doStop(910)) - Stopped o.e.j.w.WebAppContext@4d2068ea{/,null,UNAVAILABLE}{/hddsDatanode}
2019-08-16 05:31:59,433 [ForkJoinPool.commonPool-worker-0] INFO  handler.ContextHandler (ContextHandler.java:doStop(910)) - Stopped o.e.j.w.WebAppContext@397f3ff5{/,null,UNAVAILABLE}{/hddsDatanode}
2019-08-16 05:31:59,434 [main] INFO  server.AbstractConnector (AbstractConnector.java:doStop(318)) - Stopped ServerConnector@65a42136{HTTP/1.1,[http/1.1]}{0.0.0.0:0}
2019-08-16 05:31:59,434 [ForkJoinPool.commonPool-worker-0] INFO  server.AbstractConnector (AbstractConnector.java:doStop(318)) - Stopped ServerConnector@6f3d33bc{HTTP/1.1,[http/1.1]}{0.0.0.0:0}
2019-08-16 05:31:59,434 [main] INFO  handler.ContextHandler (ContextHandler.java:doStop(910)) - Stopped o.e.j.s.ServletContextHandler@45a9f3d4{/static,jar:file:/home/user/.m2/repository/org/apache/hadoop/hadoop-hdds-container-service/0.5.0-SNAPSHOT/hadoop-hdds-container-service-0.5.0-SNAPSHOT.jar!/webapps/static,UNAVAILABLE}
2019-08-16 05:31:59,434 [ForkJoinPool.commonPool-worker-0] INFO  handler.ContextHandler (ContextHandler.java:doStop(910)) - Stopped o.e.j.s.ServletContextHandler@7a337217{/static,jar:file:/home/user/.m2/repository/org/apache/hadoop/hadoop-hdds-container-service/0.5.0-SNAPSHOT/hadoop-hdds-container-service-0.5.0-SNAPSHOT.jar!/webapps/static,UNAVAILABLE}
2019-08-16 05:31:59,435 [main] INFO  handler.ContextHandler (ContextHandler.java:doStop(910)) - Stopped o.e.j.s.ServletContextHandler@5e3934db{/logs,file:///workdir/hadoop-ozone/integration-test/target/log,UNAVAILABLE}
2019-08-16 05:31:59,435 [ForkJoinPool.commonPool-worker-0] INFO  handler.ContextHandler (ContextHandler.java:doStop(910)) - Stopped o.e.j.s.ServletContextHandler@13b012{/logs,file:///workdir/hadoop-ozone/integration-test/target/log,UNAVAILABLE}
2019-08-16 05:31:59,436 [ForkJoinPool.commonPool-worker-0] INFO  datanode.ObjectStoreHandler (ObjectStoreHandler.java:close(155)) - Closing ObjectStoreHandler.
2019-08-16 05:31:59,436 [main] INFO  datanode.ObjectStoreHandler (ObjectStoreHandler.java:close(155)) - Closing ObjectStoreHandler.
2019-08-16 05:31:59,436 [ForkJoinPool.commonPool-worker-0] INFO  ozone.HddsDatanodeService (HddsDatanodeService.java:stop(451)) - Stopped plug-in org.apache.hadoop.ozone.web.OzoneHddsDatanodeService@11885841
2019-08-16 05:31:59,436 [main] INFO  ozone.HddsDatanodeService (HddsDatanodeService.java:stop(451)) - Stopped plug-in org.apache.hadoop.ozone.web.OzoneHddsDatanodeService@7029653c
2019-08-16 05:31:59,977 | INFO  | SCMAudit | user=jenkins1000 | ip=192.168.69.65 | op=SEND_HEARTBEAT {datanodeUUID=28d0d1e5-a718-4131-8689-0f879c9b805a, command=[]} | ret=SUCCESS |  
2019-08-16 05:32:00,144 [Datanode State Machine Thread - 0] INFO  statemachine.DatanodeStateMachine (DatanodeStateMachine.java:lambda$startDaemon$0(350)) - Ozone container server started.
2019-08-16 05:32:00,257 [Thread-4117] INFO  impl.FollowerState (FollowerState.java:run(106)) - e53a8343-b752-45e5-a470-b8d6a4558a93:group-CE12A017E2D5 changes to CANDIDATE, lastRpcTime:6089, electionTimeout:5103ms
2019-08-16 05:32:00,257 [Thread-4117] INFO  impl.RoleInfo (RoleInfo.java:shutdownFollowerState(121)) - e53a8343-b752-45e5-a470-b8d6a4558a93: shutdown FollowerState
2019-08-16 05:32:00,257 [Thread-4117] INFO  impl.RaftServerImpl (RaftServerImpl.java:setRole(171)) - e53a8343-b752-45e5-a470-b8d6a4558a93:group-CE12A017E2D5 changes role from FOLLOWER to CANDIDATE at term 1 for changeToCandidate
2019-08-16 05:32:00,257 [Thread-4117] INFO  impl.RoleInfo (RoleInfo.java:updateAndGet(143)) - e53a8343-b752-45e5-a470-b8d6a4558a93: start LeaderElection
2019-08-16 05:32:00,264 [e53a8343-b752-45e5-a470-b8d6a4558a93:group-CE12A017E2D5:LeaderElection93] INFO  impl.RaftServerImpl (ServerState.java:setLeader(263)) - e53a8343-b752-45e5-a470-b8d6a4558a93:group-CE12A017E2D5 change Leader from 3149bb86-d3f1-4715-b40f-8f93528c26f6 to null at term 1 for initElection
2019-08-16 05:32:00,291 [e53a8343-b752-45e5-a470-b8d6a4558a93:group-CE12A017E2D5:LeaderElection93] INFO  impl.LeaderElection (LeaderElection.java:askForVotes(181)) - e53a8343-b752-45e5-a470-b8d6a4558a93:group-CE12A017E2D5:LeaderElection93: begin an election at term 2 for 0: [e53a8343-b752-45e5-a470-b8d6a4558a93:192.168.69.65:40326, d5c3898c-9450-49fc-8e0a-029bdffc6f28:192.168.69.65:35090, 3149bb86-d3f1-4715-b40f-8f93528c26f6:192.168.69.65:40261], old=null
2019-08-16 05:32:00,294 [e53a8343-b752-45e5-a470-b8d6a4558a93:group-CE12A017E2D5:LeaderElection93] INFO  impl.LeaderElection (LogUtils.java:infoOrTrace(149)) - e53a8343-b752-45e5-a470-b8d6a4558a93:group-CE12A017E2D5:LeaderElection93 got exception when requesting votes: {}
java.util.concurrent.ExecutionException: org.apache.ratis.thirdparty.io.grpc.StatusRuntimeException: UNAVAILABLE: io exception
	at java.util.concurrent.FutureTask.report(FutureTask.java:122)
	at java.util.concurrent.FutureTask.get(FutureTask.java:192)
	at org.apache.ratis.server.impl.LeaderElection.waitForResults(LeaderElection.java:262)
	at org.apache.ratis.server.impl.LeaderElection.askForVotes(LeaderElection.java:200)
	at org.apache.ratis.server.impl.LeaderElection.run(LeaderElection.java:130)
	at java.lang.Thread.run(Thread.java:748)
Caused by: org.apache.ratis.thirdparty.io.grpc.StatusRuntimeException: UNAVAILABLE: io exception
	at org.apache.ratis.thirdparty.io.grpc.stub.ClientCalls.toStatusRuntimeException(ClientCalls.java:233)
	at org.apache.ratis.thirdparty.io.grpc.stub.ClientCalls.getUnchecked(ClientCalls.java:214)
	at org.apache.ratis.thirdparty.io.grpc.stub.ClientCalls.blockingUnaryCall(ClientCalls.java:139)
	at org.apache.ratis.proto.grpc.RaftServerProtocolServiceGrpc$RaftServerProtocolServiceBlockingStub.requestVote(RaftServerProtocolServiceGrpc.java:265)
	at org.apache.ratis.grpc.server.GrpcServerProtocolClient.requestVote(GrpcServerProtocolClient.java:83)
	at org.apache.ratis.grpc.server.GrpcService.requestVote(GrpcService.java:195)
	at org.apache.ratis.server.impl.LeaderElection.lambda$submitRequests$1(LeaderElection.java:237)
	at java.util.concurrent.FutureTask.run(FutureTask.java:266)
	at java.util.concurrent.Executors$RunnableAdapter.call(Executors.java:511)
	at java.util.concurrent.FutureTask.run(FutureTask.java:266)
	at java.util.concurrent.ThreadPoolExecutor.runWorker(ThreadPoolExecutor.java:1149)
	at java.util.concurrent.ThreadPoolExecutor$Worker.run(ThreadPoolExecutor.java:624)
	... 1 more
Caused by: org.apache.ratis.thirdparty.io.netty.channel.AbstractChannel$AnnotatedConnectException: Connection refused: /192.168.69.65:40261
	at sun.nio.ch.SocketChannelImpl.checkConnect(Native Method)
	at sun.nio.ch.SocketChannelImpl.finishConnect(SocketChannelImpl.java:717)
	at org.apache.ratis.thirdparty.io.netty.channel.socket.nio.NioSocketChannel.doFinishConnect(NioSocketChannel.java:327)
	at org.apache.ratis.thirdparty.io.netty.channel.nio.AbstractNioChannel$AbstractNioUnsafe.finishConnect(AbstractNioChannel.java:340)
	at org.apache.ratis.thirdparty.io.netty.channel.nio.NioEventLoop.processSelectedKey(NioEventLoop.java:632)
	at org.apache.ratis.thirdparty.io.netty.channel.nio.NioEventLoop.processSelectedKeysOptimized(NioEventLoop.java:579)
	at org.apache.ratis.thirdparty.io.netty.channel.nio.NioEventLoop.processSelectedKeys(NioEventLoop.java:496)
	at org.apache.ratis.thirdparty.io.netty.channel.nio.NioEventLoop.run(NioEventLoop.java:458)
	at org.apache.ratis.thirdparty.io.netty.util.concurrent.SingleThreadEventExecutor$5.run(SingleThreadEventExecutor.java:897)
	at org.apache.ratis.thirdparty.io.netty.util.concurrent.FastThreadLocalRunnable.run(FastThreadLocalRunnable.java:30)
	... 1 more
Caused by: java.net.ConnectException: Connection refused
	... 11 more
2019-08-16 05:32:00,297 [e53a8343-b752-45e5-a470-b8d6a4558a93:group-CE12A017E2D5:LeaderElection93] INFO  impl.LeaderElection (LogUtils.java:infoOrTrace(149)) - e53a8343-b752-45e5-a470-b8d6a4558a93:group-CE12A017E2D5:LeaderElection93 got exception when requesting votes: {}
java.util.concurrent.ExecutionException: org.apache.ratis.thirdparty.io.grpc.StatusRuntimeException: UNAVAILABLE: io exception
	at java.util.concurrent.FutureTask.report(FutureTask.java:122)
	at java.util.concurrent.FutureTask.get(FutureTask.java:192)
	at org.apache.ratis.server.impl.LeaderElection.waitForResults(LeaderElection.java:262)
	at org.apache.ratis.server.impl.LeaderElection.askForVotes(LeaderElection.java:200)
	at org.apache.ratis.server.impl.LeaderElection.run(LeaderElection.java:130)
	at java.lang.Thread.run(Thread.java:748)
Caused by: org.apache.ratis.thirdparty.io.grpc.StatusRuntimeException: UNAVAILABLE: io exception
	at org.apache.ratis.thirdparty.io.grpc.stub.ClientCalls.toStatusRuntimeException(ClientCalls.java:233)
	at org.apache.ratis.thirdparty.io.grpc.stub.ClientCalls.getUnchecked(ClientCalls.java:214)
	at org.apache.ratis.thirdparty.io.grpc.stub.ClientCalls.blockingUnaryCall(ClientCalls.java:139)
	at org.apache.ratis.proto.grpc.RaftServerProtocolServiceGrpc$RaftServerProtocolServiceBlockingStub.requestVote(RaftServerProtocolServiceGrpc.java:265)
	at org.apache.ratis.grpc.server.GrpcServerProtocolClient.requestVote(GrpcServerProtocolClient.java:83)
	at org.apache.ratis.grpc.server.GrpcService.requestVote(GrpcService.java:195)
	at org.apache.ratis.server.impl.LeaderElection.lambda$submitRequests$1(LeaderElection.java:237)
	at java.util.concurrent.FutureTask.run(FutureTask.java:266)
	at java.util.concurrent.Executors$RunnableAdapter.call(Executors.java:511)
	at java.util.concurrent.FutureTask.run(FutureTask.java:266)
	at java.util.concurrent.ThreadPoolExecutor.runWorker(ThreadPoolExecutor.java:1149)
	at java.util.concurrent.ThreadPoolExecutor$Worker.run(ThreadPoolExecutor.java:624)
	... 1 more
Caused by: org.apache.ratis.thirdparty.io.netty.channel.AbstractChannel$AnnotatedConnectException: Connection refused: /192.168.69.65:35090
	at sun.nio.ch.SocketChannelImpl.checkConnect(Native Method)
	at sun.nio.ch.SocketChannelImpl.finishConnect(SocketChannelImpl.java:717)
	at org.apache.ratis.thirdparty.io.netty.channel.socket.nio.NioSocketChannel.doFinishConnect(NioSocketChannel.java:327)
	at org.apache.ratis.thirdparty.io.netty.channel.nio.AbstractNioChannel$AbstractNioUnsafe.finishConnect(AbstractNioChannel.java:340)
	at org.apache.ratis.thirdparty.io.netty.channel.nio.NioEventLoop.processSelectedKey(NioEventLoop.java:632)
	at org.apache.ratis.thirdparty.io.netty.channel.nio.NioEventLoop.processSelectedKeysOptimized(NioEventLoop.java:579)
	at org.apache.ratis.thirdparty.io.netty.channel.nio.NioEventLoop.processSelectedKeys(NioEventLoop.java:496)
	at org.apache.ratis.thirdparty.io.netty.channel.nio.NioEventLoop.run(NioEventLoop.java:458)
	at org.apache.ratis.thirdparty.io.netty.util.concurrent.SingleThreadEventExecutor$5.run(SingleThreadEventExecutor.java:897)
	at org.apache.ratis.thirdparty.io.netty.util.concurrent.FastThreadLocalRunnable.run(FastThreadLocalRunnable.java:30)
	... 1 more
Caused by: java.net.ConnectException: Connection refused
	... 11 more
2019-08-16 05:32:00,299 [e53a8343-b752-45e5-a470-b8d6a4558a93:group-CE12A017E2D5:LeaderElection93] INFO  impl.LeaderElection (LeaderElection.java:logAndReturn(56)) - e53a8343-b752-45e5-a470-b8d6a4558a93:group-CE12A017E2D5:LeaderElection93: Election REJECTED; received 0 response(s) [] and 2 exception(s); e53a8343-b752-45e5-a470-b8d6a4558a93:t2, leader=null, voted=e53a8343-b752-45e5-a470-b8d6a4558a93, raftlog=e53a8343-b752-45e5-a470-b8d6a4558a93-SegmentedRaftLog:OPENED:c6,f6,i6, conf=0: [e53a8343-b752-45e5-a470-b8d6a4558a93:192.168.69.65:40326, d5c3898c-9450-49fc-8e0a-029bdffc6f28:192.168.69.65:35090, 3149bb86-d3f1-4715-b40f-8f93528c26f6:192.168.69.65:40261], old=null
2019-08-16 05:32:00,299 [e53a8343-b752-45e5-a470-b8d6a4558a93:group-CE12A017E2D5:LeaderElection93] INFO  impl.LeaderElection (LogUtils.java:infoOrTrace(149)) -   Exception 0: {}
java.util.concurrent.ExecutionException: org.apache.ratis.thirdparty.io.grpc.StatusRuntimeException: UNAVAILABLE: io exception
	at java.util.concurrent.FutureTask.report(FutureTask.java:122)
	at java.util.concurrent.FutureTask.get(FutureTask.java:192)
	at org.apache.ratis.server.impl.LeaderElection.waitForResults(LeaderElection.java:262)
	at org.apache.ratis.server.impl.LeaderElection.askForVotes(LeaderElection.java:200)
	at org.apache.ratis.server.impl.LeaderElection.run(LeaderElection.java:130)
	at java.lang.Thread.run(Thread.java:748)
Caused by: org.apache.ratis.thirdparty.io.grpc.StatusRuntimeException: UNAVAILABLE: io exception
	at org.apache.ratis.thirdparty.io.grpc.stub.ClientCalls.toStatusRuntimeException(ClientCalls.java:233)
	at org.apache.ratis.thirdparty.io.grpc.stub.ClientCalls.getUnchecked(ClientCalls.java:214)
	at org.apache.ratis.thirdparty.io.grpc.stub.ClientCalls.blockingUnaryCall(ClientCalls.java:139)
	at org.apache.ratis.proto.grpc.RaftServerProtocolServiceGrpc$RaftServerProtocolServiceBlockingStub.requestVote(RaftServerProtocolServiceGrpc.java:265)
	at org.apache.ratis.grpc.server.GrpcServerProtocolClient.requestVote(GrpcServerProtocolClient.java:83)
	at org.apache.ratis.grpc.server.GrpcService.requestVote(GrpcService.java:195)
	at org.apache.ratis.server.impl.LeaderElection.lambda$submitRequests$1(LeaderElection.java:237)
	at java.util.concurrent.FutureTask.run(FutureTask.java:266)
	at java.util.concurrent.Executors$RunnableAdapter.call(Executors.java:511)
	at java.util.concurrent.FutureTask.run(FutureTask.java:266)
	at java.util.concurrent.ThreadPoolExecutor.runWorker(ThreadPoolExecutor.java:1149)
	at java.util.concurrent.ThreadPoolExecutor$Worker.run(ThreadPoolExecutor.java:624)
	... 1 more
Caused by: org.apache.ratis.thirdparty.io.netty.channel.AbstractChannel$AnnotatedConnectException: Connection refused: /192.168.69.65:40261
	at sun.nio.ch.SocketChannelImpl.checkConnect(Native Method)
	at sun.nio.ch.SocketChannelImpl.finishConnect(SocketChannelImpl.java:717)
	at org.apache.ratis.thirdparty.io.netty.channel.socket.nio.NioSocketChannel.doFinishConnect(NioSocketChannel.java:327)
	at org.apache.ratis.thirdparty.io.netty.channel.nio.AbstractNioChannel$AbstractNioUnsafe.finishConnect(AbstractNioChannel.java:340)
	at org.apache.ratis.thirdparty.io.netty.channel.nio.NioEventLoop.processSelectedKey(NioEventLoop.java:632)
	at org.apache.ratis.thirdparty.io.netty.channel.nio.NioEventLoop.processSelectedKeysOptimized(NioEventLoop.java:579)
	at org.apache.ratis.thirdparty.io.netty.channel.nio.NioEventLoop.processSelectedKeys(NioEventLoop.java:496)
	at org.apache.ratis.thirdparty.io.netty.channel.nio.NioEventLoop.run(NioEventLoop.java:458)
	at org.apache.ratis.thirdparty.io.netty.util.concurrent.SingleThreadEventExecutor$5.run(SingleThreadEventExecutor.java:897)
	at org.apache.ratis.thirdparty.io.netty.util.concurrent.FastThreadLocalRunnable.run(FastThreadLocalRunnable.java:30)
	... 1 more
Caused by: java.net.ConnectException: Connection refused
	... 11 more
2019-08-16 05:32:00,299 [e53a8343-b752-45e5-a470-b8d6a4558a93:group-CE12A017E2D5:LeaderElection93] INFO  impl.LeaderElection (LogUtils.java:infoOrTrace(149)) -   Exception 1: {}
java.util.concurrent.ExecutionException: org.apache.ratis.thirdparty.io.grpc.StatusRuntimeException: UNAVAILABLE: io exception
	at java.util.concurrent.FutureTask.report(FutureTask.java:122)
	at java.util.concurrent.FutureTask.get(FutureTask.java:192)
	at org.apache.ratis.server.impl.LeaderElection.waitForResults(LeaderElection.java:262)
	at org.apache.ratis.server.impl.LeaderElection.askForVotes(LeaderElection.java:200)
	at org.apache.ratis.server.impl.LeaderElection.run(LeaderElection.java:130)
	at java.lang.Thread.run(Thread.java:748)
Caused by: org.apache.ratis.thirdparty.io.grpc.StatusRuntimeException: UNAVAILABLE: io exception
	at org.apache.ratis.thirdparty.io.grpc.stub.ClientCalls.toStatusRuntimeException(ClientCalls.java:233)
	at org.apache.ratis.thirdparty.io.grpc.stub.ClientCalls.getUnchecked(ClientCalls.java:214)
	at org.apache.ratis.thirdparty.io.grpc.stub.ClientCalls.blockingUnaryCall(ClientCalls.java:139)
	at org.apache.ratis.proto.grpc.RaftServerProtocolServiceGrpc$RaftServerProtocolServiceBlockingStub.requestVote(RaftServerProtocolServiceGrpc.java:265)
	at org.apache.ratis.grpc.server.GrpcServerProtocolClient.requestVote(GrpcServerProtocolClient.java:83)
	at org.apache.ratis.grpc.server.GrpcService.requestVote(GrpcService.java:195)
	at org.apache.ratis.server.impl.LeaderElection.lambda$submitRequests$1(LeaderElection.java:237)
	at java.util.concurrent.FutureTask.run(FutureTask.java:266)
	at java.util.concurrent.Executors$RunnableAdapter.call(Executors.java:511)
	at java.util.concurrent.FutureTask.run(FutureTask.java:266)
	at java.util.concurrent.ThreadPoolExecutor.runWorker(ThreadPoolExecutor.java:1149)
	at java.util.concurrent.ThreadPoolExecutor$Worker.run(ThreadPoolExecutor.java:624)
	... 1 more
Caused by: org.apache.ratis.thirdparty.io.netty.channel.AbstractChannel$AnnotatedConnectException: Connection refused: /192.168.69.65:35090
	at sun.nio.ch.SocketChannelImpl.checkConnect(Native Method)
	at sun.nio.ch.SocketChannelImpl.finishConnect(SocketChannelImpl.java:717)
	at org.apache.ratis.thirdparty.io.netty.channel.socket.nio.NioSocketChannel.doFinishConnect(NioSocketChannel.java:327)
	at org.apache.ratis.thirdparty.io.netty.channel.nio.AbstractNioChannel$AbstractNioUnsafe.finishConnect(AbstractNioChannel.java:340)
	at org.apache.ratis.thirdparty.io.netty.channel.nio.NioEventLoop.processSelectedKey(NioEventLoop.java:632)
	at org.apache.ratis.thirdparty.io.netty.channel.nio.NioEventLoop.processSelectedKeysOptimized(NioEventLoop.java:579)
	at org.apache.ratis.thirdparty.io.netty.channel.nio.NioEventLoop.processSelectedKeys(NioEventLoop.java:496)
	at org.apache.ratis.thirdparty.io.netty.channel.nio.NioEventLoop.run(NioEventLoop.java:458)
	at org.apache.ratis.thirdparty.io.netty.util.concurrent.SingleThreadEventExecutor$5.run(SingleThreadEventExecutor.java:897)
	at org.apache.ratis.thirdparty.io.netty.util.concurrent.FastThreadLocalRunnable.run(FastThreadLocalRunnable.java:30)
	... 1 more
Caused by: java.net.ConnectException: Connection refused
	... 11 more
2019-08-16 05:32:00,300 [e53a8343-b752-45e5-a470-b8d6a4558a93:group-CE12A017E2D5:LeaderElection93] INFO  impl.RaftServerImpl (RaftServerImpl.java:setRole(171)) - e53a8343-b752-45e5-a470-b8d6a4558a93:group-CE12A017E2D5 changes role from CANDIDATE to FOLLOWER at term 2 for DISCOVERED_A_NEW_TERM
2019-08-16 05:32:00,300 [e53a8343-b752-45e5-a470-b8d6a4558a93:group-CE12A017E2D5:LeaderElection93] INFO  impl.RoleInfo (RoleInfo.java:shutdownLeaderElection(134)) - e53a8343-b752-45e5-a470-b8d6a4558a93: shutdown LeaderElection
2019-08-16 05:32:00,300 [e53a8343-b752-45e5-a470-b8d6a4558a93:group-CE12A017E2D5:LeaderElection93] INFO  impl.RoleInfo (RoleInfo.java:updateAndGet(143)) - e53a8343-b752-45e5-a470-b8d6a4558a93: start FollowerState
2019-08-16 05:32:00,404 [Datanode State Machine Thread - 0] INFO  statemachine.DatanodeStateMachine (DatanodeStateMachine.java:lambda$startDaemon$0(350)) - Ozone container server started.
2019-08-16 05:32:00,891 [grpc-default-executor-5] WARN  server.GrpcLogAppender (LogUtils.java:warn(134)) - 28d0d1e5-a718-4131-8689-0f879c9b805a->f3ad038f-da5c-4aab-b955-43805eae4a44: Failed appendEntries: org.apache.ratis.thirdparty.io.grpc.StatusRuntimeException: UNAVAILABLE: io exception
2019-08-16 05:32:00,891 [grpc-default-executor-5] INFO  impl.FollowerInfo (FollowerInfo.java:lambda$new$0(50)) - 28d0d1e5-a718-4131-8689-0f879c9b805a->f3ad038f-da5c-4aab-b955-43805eae4a44: nextIndex: updateUnconditionally 4 -> 3
2019-08-16 05:32:00,891 [grpc-default-executor-2] WARN  server.GrpcLogAppender (LogUtils.java:warn(134)) - 28d0d1e5-a718-4131-8689-0f879c9b805a->0606af15-c5a8-4f2c-b2a4-46c802c45ccf: Failed appendEntries: org.apache.ratis.thirdparty.io.grpc.StatusRuntimeException: UNAVAILABLE: io exception
2019-08-16 05:32:00,892 [grpc-default-executor-2] INFO  impl.FollowerInfo (FollowerInfo.java:lambda$new$0(50)) - 28d0d1e5-a718-4131-8689-0f879c9b805a->0606af15-c5a8-4f2c-b2a4-46c802c45ccf: nextIndex: updateUnconditionally 8 -> 7
2019-08-16 05:32:00,977 | INFO  | SCMAudit | user=jenkins1000 | ip=192.168.69.65 | op=SEND_HEARTBEAT {datanodeUUID=28d0d1e5-a718-4131-8689-0f879c9b805a, command=[]} | ret=SUCCESS |  
2019-08-16 05:32:01,978 | INFO  | SCMAudit | user=jenkins1000 | ip=192.168.69.65 | op=SEND_HEARTBEAT {datanodeUUID=28d0d1e5-a718-4131-8689-0f879c9b805a, command=[]} | ret=SUCCESS |  
2019-08-16 05:32:02,978 | INFO  | SCMAudit | user=jenkins1000 | ip=192.168.69.65 | op=SEND_HEARTBEAT {datanodeUUID=28d0d1e5-a718-4131-8689-0f879c9b805a, command=[]} | ret=SUCCESS |  
2019-08-16 05:32:03,391 [grpc-default-executor-2] WARN  server.GrpcLogAppender (LogUtils.java:warn(134)) - 28d0d1e5-a718-4131-8689-0f879c9b805a->f3ad038f-da5c-4aab-b955-43805eae4a44: Failed appendEntries: org.apache.ratis.thirdparty.io.grpc.StatusRuntimeException: UNAVAILABLE: io exception
2019-08-16 05:32:03,392 [grpc-default-executor-5] WARN  server.GrpcLogAppender (LogUtils.java:warn(134)) - 28d0d1e5-a718-4131-8689-0f879c9b805a->0606af15-c5a8-4f2c-b2a4-46c802c45ccf: Failed appendEntries: org.apache.ratis.thirdparty.io.grpc.StatusRuntimeException: UNAVAILABLE: io exception
2019-08-16 05:32:03,392 [grpc-default-executor-2] INFO  impl.FollowerInfo (FollowerInfo.java:lambda$new$0(50)) - 28d0d1e5-a718-4131-8689-0f879c9b805a->f3ad038f-da5c-4aab-b955-43805eae4a44: nextIndex: updateUnconditionally 3 -> 2
2019-08-16 05:32:03,392 [grpc-default-executor-5] INFO  impl.FollowerInfo (FollowerInfo.java:lambda$new$0(50)) - 28d0d1e5-a718-4131-8689-0f879c9b805a->0606af15-c5a8-4f2c-b2a4-46c802c45ccf: nextIndex: updateUnconditionally 7 -> 6
2019-08-16 05:32:03,979 | INFO  | SCMAudit | user=jenkins1000 | ip=192.168.69.65 | op=SEND_HEARTBEAT {datanodeUUID=28d0d1e5-a718-4131-8689-0f879c9b805a, command=[]} | ret=SUCCESS |  
2019-08-16 05:32:04,242 [EventQueue-StaleNodeForStaleNodeHandler] INFO  node.StaleNodeHandler (StaleNodeHandler.java:onMessage(58)) - Datanode e53a8343-b752-45e5-a470-b8d6a4558a93{ip: 192.168.69.65, host: trunk-nightly-4lbr2-4263640518, networkLocation: /default-rack, certSerialId: null} moved to stale state. Finalizing its pipelines [PipelineID=3a32564a-ab9f-478b-8848-ce12a017e2d5, PipelineID=0258bfe7-e015-4b54-a436-dd4e617ceed6]
2019-08-16 05:32:04,242 [EventQueue-StaleNodeForStaleNodeHandler] INFO  pipeline.SCMPipelineManager (SCMPipelineManager.java:finalizeAndDestroyPipeline(309)) - destroying pipeline:Pipeline[ Id: 3a32564a-ab9f-478b-8848-ce12a017e2d5, Nodes: d5c3898c-9450-49fc-8e0a-029bdffc6f28{ip: 192.168.69.65, host: trunk-nightly-4lbr2-4263640518, networkLocation: /default-rack, certSerialId: null}3149bb86-d3f1-4715-b40f-8f93528c26f6{ip: 192.168.69.65, host: trunk-nightly-4lbr2-4263640518, networkLocation: /default-rack, certSerialId: null}e53a8343-b752-45e5-a470-b8d6a4558a93{ip: 192.168.69.65, host: trunk-nightly-4lbr2-4263640518, networkLocation: /default-rack, certSerialId: null}, Type:RATIS, Factor:THREE, State:CLOSED]
2019-08-16 05:32:04,242 [EventQueue-StaleNodeForStaleNodeHandler] INFO  pipeline.SCMPipelineManager (SCMPipelineManager.java:finalizeAndDestroyPipeline(309)) - destroying pipeline:Pipeline[ Id: 0258bfe7-e015-4b54-a436-dd4e617ceed6, Nodes: e53a8343-b752-45e5-a470-b8d6a4558a93{ip: 192.168.69.65, host: trunk-nightly-4lbr2-4263640518, networkLocation: /default-rack, certSerialId: null}, Type:RATIS, Factor:ONE, State:OPEN]
2019-08-16 05:32:04,243 [EventQueue-StaleNodeForStaleNodeHandler] INFO  pipeline.PipelineStateManager (PipelineStateManager.java:finalizePipeline(123)) - Pipeline Pipeline[ Id: 0258bfe7-e015-4b54-a436-dd4e617ceed6, Nodes: e53a8343-b752-45e5-a470-b8d6a4558a93{ip: 192.168.69.65, host: trunk-nightly-4lbr2-4263640518, networkLocation: /default-rack, certSerialId: null}, Type:RATIS, Factor:ONE, State:CLOSED] moved to CLOSED state
2019-08-16 05:32:04,437 [ForkJoinPool.commonPool-worker-0] INFO  ozoneimpl.OzoneContainer (OzoneContainer.java:stop(199)) - Attempting to stop container services.
2019-08-16 05:32:04,437 [main] INFO  ozoneimpl.OzoneContainer (OzoneContainer.java:stop(199)) - Attempting to stop container services.
2019-08-16 05:32:04,438 [ForkJoinPool.commonPool-worker-0] INFO  impl.RaftServerProxy (RaftServerProxy.java:lambda$close$4(314)) - e53a8343-b752-45e5-a470-b8d6a4558a93: close
2019-08-16 05:32:04,438 [main] INFO  impl.RaftServerProxy (RaftServerProxy.java:lambda$close$4(314)) - 86fd08ee-b365-4582-9ea1-c0072a3dfb7f: close
2019-08-16 05:32:04,439 [ForkJoinPool.commonPool-worker-0] INFO  impl.RaftServerImpl (RaftServerImpl.java:lambda$shutdown$3(245)) - e53a8343-b752-45e5-a470-b8d6a4558a93: shutdown group-CE12A017E2D5
2019-08-16 05:32:04,439 [main] INFO  impl.RaftServerImpl (RaftServerImpl.java:lambda$shutdown$3(245)) - 86fd08ee-b365-4582-9ea1-c0072a3dfb7f: shutdown group-94DDBE57CBF7
2019-08-16 05:32:04,439 [ForkJoinPool.commonPool-worker-0] INFO  util.JmxRegister (JmxRegister.java:unregister(73)) - Successfully un-registered JMX Bean with object name Ratis:service=RaftServer,group=group-CE12A017E2D5,id=e53a8343-b752-45e5-a470-b8d6a4558a93
2019-08-16 05:32:04,440 [main] INFO  util.JmxRegister (JmxRegister.java:unregister(73)) - Successfully un-registered JMX Bean with object name Ratis:service=RaftServer,group=group-94DDBE57CBF7,id=86fd08ee-b365-4582-9ea1-c0072a3dfb7f
2019-08-16 05:32:04,441 [main] INFO  impl.RoleInfo (RoleInfo.java:shutdownLeaderState(104)) - 86fd08ee-b365-4582-9ea1-c0072a3dfb7f: shutdown LeaderState
2019-08-16 05:32:04,440 [ForkJoinPool.commonPool-worker-0] INFO  impl.RoleInfo (RoleInfo.java:shutdownFollowerState(121)) - e53a8343-b752-45e5-a470-b8d6a4558a93: shutdown FollowerState
2019-08-16 05:32:04,441 [main] INFO  impl.PendingRequests (PendingRequests.java:sendNotLeaderResponses(202)) - 86fd08ee-b365-4582-9ea1-c0072a3dfb7f-PendingRequests: sendNotLeaderResponses
2019-08-16 05:32:04,442 [EventQueue-StaleNodeForStaleNodeHandler] INFO  node.StaleNodeHandler (StaleNodeHandler.java:onMessage(58)) - Datanode 86fd08ee-b365-4582-9ea1-c0072a3dfb7f{ip: 192.168.69.65, host: trunk-nightly-4lbr2-4263640518, networkLocation: /default-rack, certSerialId: null} moved to stale state. Finalizing its pipelines [PipelineID=f4195dbf-80ce-4677-8080-94ddbe57cbf7]
2019-08-16 05:32:04,442 [StateMachineUpdater:e53a8343-b752-45e5-a470-b8d6a4558a93:group-CE12A017E2D5] INFO  ratis.ContainerStateMachine (ContainerStateMachine.java:takeSnapshot(271)) - group-CE12A017E2D5: Taking a snapshot at:(t:1, i:4) file /workdir/hadoop-ozone/integration-test/target/test-dir/MiniOzoneClusterImpl-eb2bda36-fe71-46ed-bbf9-7d62ad1f7211/datanode-0/data/ratis/3a32564a-ab9f-478b-8848-ce12a017e2d5/sm/snapshot.1_4
2019-08-16 05:32:04,442 [Thread-4258] INFO  impl.FollowerState (FollowerState.java:run(114)) - e53a8343-b752-45e5-a470-b8d6a4558a93: FollowerState was interrupted: java.lang.InterruptedException: sleep interrupted
2019-08-16 05:32:04,442 [ForkJoinPool.commonPool-worker-0] INFO  impl.StateMachineUpdater (StateMachineUpdater.java:stopAndJoin(115)) - StateMachineUpdater:e53a8343-b752-45e5-a470-b8d6a4558a93:group-CE12A017E2D5: set stopIndex = 6
2019-08-16 05:32:04,442 [main] INFO  impl.StateMachineUpdater (StateMachineUpdater.java:stopAndJoin(115)) - StateMachineUpdater:86fd08ee-b365-4582-9ea1-c0072a3dfb7f:group-94DDBE57CBF7: set stopIndex = 0
2019-08-16 05:32:04,446 [main] INFO  impl.RaftServerImpl (ServerState.java:close(394)) - 86fd08ee-b365-4582-9ea1-c0072a3dfb7f:group-94DDBE57CBF7 closes. The last applied log index is 0
2019-08-16 05:32:04,442 [EventQueue-StaleNodeForStaleNodeHandler] INFO  pipeline.SCMPipelineManager (SCMPipelineManager.java:finalizeAndDestroyPipeline(309)) - destroying pipeline:Pipeline[ Id: f4195dbf-80ce-4677-8080-94ddbe57cbf7, Nodes: 86fd08ee-b365-4582-9ea1-c0072a3dfb7f{ip: 192.168.69.65, host: trunk-nightly-4lbr2-4263640518, networkLocation: /default-rack, certSerialId: null}, Type:RATIS, Factor:ONE, State:OPEN]
2019-08-16 05:32:04,447 [86fd08ee-b365-4582-9ea1-c0072a3dfb7f-SegmentedRaftLogWorker:Storage Directory /workdir/hadoop-ozone/integration-test/target/test-dir/MiniOzoneClusterImpl-eb2bda36-fe71-46ed-bbf9-7d62ad1f7211/datanode-6/data/ratis/f4195dbf-80ce-4677-8080-94ddbe57cbf7] INFO  segmented.SegmentedRaftLogWorker (SegmentedRaftLogWorker.java:run(313)) - 86fd08ee-b365-4582-9ea1-c0072a3dfb7f-SegmentedRaftLogWorker:Storage Directory /workdir/hadoop-ozone/integration-test/target/test-dir/MiniOzoneClusterImpl-eb2bda36-fe71-46ed-bbf9-7d62ad1f7211/datanode-6/data/ratis/f4195dbf-80ce-4677-8080-94ddbe57cbf7 was interrupted, exiting. There are 0 tasks remaining in the queue.
2019-08-16 05:32:04,447 [EventQueue-StaleNodeForStaleNodeHandler] INFO  pipeline.PipelineStateManager (PipelineStateManager.java:finalizePipeline(123)) - Pipeline Pipeline[ Id: f4195dbf-80ce-4677-8080-94ddbe57cbf7, Nodes: 86fd08ee-b365-4582-9ea1-c0072a3dfb7f{ip: 192.168.69.65, host: trunk-nightly-4lbr2-4263640518, networkLocation: /default-rack, certSerialId: null}, Type:RATIS, Factor:ONE, State:CLOSED] moved to CLOSED state
2019-08-16 05:32:04,449 [main] INFO  segmented.SegmentedRaftLogWorker (SegmentedRaftLogWorker.java:close(228)) - 86fd08ee-b365-4582-9ea1-c0072a3dfb7f-SegmentedRaftLogWorker:Storage Directory /workdir/hadoop-ozone/integration-test/target/test-dir/MiniOzoneClusterImpl-eb2bda36-fe71-46ed-bbf9-7d62ad1f7211/datanode-6/data/ratis/f4195dbf-80ce-4677-8080-94ddbe57cbf7 close()
2019-08-16 05:32:04,451 [main] INFO  server.GrpcService (GrpcService.java:closeImpl(155)) - 86fd08ee-b365-4582-9ea1-c0072a3dfb7f: shutdown server with port 35007 now
2019-08-16 05:32:04,453 [main] INFO  server.GrpcService (GrpcService.java:closeImpl(163)) - 86fd08ee-b365-4582-9ea1-c0072a3dfb7f: shutdown server with port 35007 successfully
2019-08-16 05:32:04,455 [main] INFO  utils.BackgroundService (BackgroundService.java:shutdown(148)) - Shutting down service BlockDeletingService
2019-08-16 05:32:04,457 [refreshUsed-/workdir/hadoop-ozone/integration-test/target/test-dir/MiniOzoneClusterImpl-eb2bda36-fe71-46ed-bbf9-7d62ad1f7211/datanode-6/data/containers] WARN  fs.CachingGetSpaceUsed (CachingGetSpaceUsed.java:run(183)) - Thread Interrupted waiting to refresh disk information: sleep interrupted
2019-08-16 05:32:04,470 [StateMachineUpdater:e53a8343-b752-45e5-a470-b8d6a4558a93:group-CE12A017E2D5] INFO  ratis.ContainerStateMachine (ContainerStateMachine.java:takeSnapshot(282)) - group-CE12A017E2D5: Finished taking a snapshot at:(t:1, i:4) file:/workdir/hadoop-ozone/integration-test/target/test-dir/MiniOzoneClusterImpl-eb2bda36-fe71-46ed-bbf9-7d62ad1f7211/datanode-0/data/ratis/3a32564a-ab9f-478b-8848-ce12a017e2d5/sm/snapshot.1_4 time:29
2019-08-16 05:32:04,470 [StateMachineUpdater:e53a8343-b752-45e5-a470-b8d6a4558a93:group-CE12A017E2D5] INFO  impl.StateMachineUpdater (StateMachineUpdater.java:takeSnapshot(242)) - StateMachineUpdater:e53a8343-b752-45e5-a470-b8d6a4558a93:group-CE12A017E2D5: Took a snapshot at index 4
2019-08-16 05:32:04,470 [StateMachineUpdater:e53a8343-b752-45e5-a470-b8d6a4558a93:group-CE12A017E2D5] INFO  impl.StateMachineUpdater (StateMachineUpdater.java:lambda$new$0(80)) - StateMachineUpdater:e53a8343-b752-45e5-a470-b8d6a4558a93:group-CE12A017E2D5: snapshotIndex: updateIncreasingly -1 -> 4
2019-08-16 05:32:04,471 [ForkJoinPool.commonPool-worker-0] INFO  impl.RaftServerImpl (ServerState.java:close(394)) - e53a8343-b752-45e5-a470-b8d6a4558a93:group-CE12A017E2D5 closes. The last applied log index is 6
2019-08-16 05:32:04,471 [e53a8343-b752-45e5-a470-b8d6a4558a93-SegmentedRaftLogWorker:Storage Directory /workdir/hadoop-ozone/integration-test/target/test-dir/MiniOzoneClusterImpl-eb2bda36-fe71-46ed-bbf9-7d62ad1f7211/datanode-0/data/ratis/3a32564a-ab9f-478b-8848-ce12a017e2d5] INFO  segmented.SegmentedRaftLogWorker (SegmentedRaftLogWorker.java:run(313)) - e53a8343-b752-45e5-a470-b8d6a4558a93-SegmentedRaftLogWorker:Storage Directory /workdir/hadoop-ozone/integration-test/target/test-dir/MiniOzoneClusterImpl-eb2bda36-fe71-46ed-bbf9-7d62ad1f7211/datanode-0/data/ratis/3a32564a-ab9f-478b-8848-ce12a017e2d5 was interrupted, exiting. There are 0 tasks remaining in the queue.
2019-08-16 05:32:04,473 [ForkJoinPool.commonPool-worker-0] INFO  segmented.SegmentedRaftLogWorker (SegmentedRaftLogWorker.java:close(228)) - e53a8343-b752-45e5-a470-b8d6a4558a93-SegmentedRaftLogWorker:Storage Directory /workdir/hadoop-ozone/integration-test/target/test-dir/MiniOzoneClusterImpl-eb2bda36-fe71-46ed-bbf9-7d62ad1f7211/datanode-0/data/ratis/3a32564a-ab9f-478b-8848-ce12a017e2d5 close()
2019-08-16 05:32:04,483 [ForkJoinPool.commonPool-worker-0] INFO  impl.RaftServerImpl (RaftServerImpl.java:lambda$shutdown$3(245)) - e53a8343-b752-45e5-a470-b8d6a4558a93: shutdown group-DD4E617CEED6
2019-08-16 05:32:04,483 [ForkJoinPool.commonPool-worker-0] INFO  util.JmxRegister (JmxRegister.java:unregister(73)) - Successfully un-registered JMX Bean with object name Ratis:service=RaftServer,group=group-DD4E617CEED6,id=e53a8343-b752-45e5-a470-b8d6a4558a93
2019-08-16 05:32:04,484 [ForkJoinPool.commonPool-worker-0] INFO  impl.RoleInfo (RoleInfo.java:shutdownLeaderState(104)) - e53a8343-b752-45e5-a470-b8d6a4558a93: shutdown LeaderState
2019-08-16 05:32:04,485 [ForkJoinPool.commonPool-worker-0] INFO  impl.PendingRequests (PendingRequests.java:sendNotLeaderResponses(202)) - e53a8343-b752-45e5-a470-b8d6a4558a93-PendingRequests: sendNotLeaderResponses
2019-08-16 05:32:04,485 [ForkJoinPool.commonPool-worker-0] INFO  impl.StateMachineUpdater (StateMachineUpdater.java:stopAndJoin(115)) - StateMachineUpdater:e53a8343-b752-45e5-a470-b8d6a4558a93:group-DD4E617CEED6: set stopIndex = 0
2019-08-16 05:32:04,485 [ForkJoinPool.commonPool-worker-0] INFO  impl.RaftServerImpl (ServerState.java:close(394)) - e53a8343-b752-45e5-a470-b8d6a4558a93:group-DD4E617CEED6 closes. The last applied log index is 0
2019-08-16 05:32:04,486 [e53a8343-b752-45e5-a470-b8d6a4558a93-SegmentedRaftLogWorker:Storage Directory /workdir/hadoop-ozone/integration-test/target/test-dir/MiniOzoneClusterImpl-eb2bda36-fe71-46ed-bbf9-7d62ad1f7211/datanode-0/data/ratis/0258bfe7-e015-4b54-a436-dd4e617ceed6] INFO  segmented.SegmentedRaftLogWorker (SegmentedRaftLogWorker.java:run(313)) - e53a8343-b752-45e5-a470-b8d6a4558a93-SegmentedRaftLogWorker:Storage Directory /workdir/hadoop-ozone/integration-test/target/test-dir/MiniOzoneClusterImpl-eb2bda36-fe71-46ed-bbf9-7d62ad1f7211/datanode-0/data/ratis/0258bfe7-e015-4b54-a436-dd4e617ceed6 was interrupted, exiting. There are 0 tasks remaining in the queue.
2019-08-16 05:32:04,486 [ForkJoinPool.commonPool-worker-0] INFO  segmented.SegmentedRaftLogWorker (SegmentedRaftLogWorker.java:close(228)) - e53a8343-b752-45e5-a470-b8d6a4558a93-SegmentedRaftLogWorker:Storage Directory /workdir/hadoop-ozone/integration-test/target/test-dir/MiniOzoneClusterImpl-eb2bda36-fe71-46ed-bbf9-7d62ad1f7211/datanode-0/data/ratis/0258bfe7-e015-4b54-a436-dd4e617ceed6 close()
2019-08-16 05:32:04,489 [ForkJoinPool.commonPool-worker-0] INFO  server.GrpcService (GrpcService.java:closeImpl(155)) - e53a8343-b752-45e5-a470-b8d6a4558a93: shutdown server with port 40326 now
2019-08-16 05:32:04,490 [main] INFO  statemachine.DatanodeStateMachine (DatanodeStateMachine.java:stopDaemon(395)) - Ozone container server stopped.
2019-08-16 05:32:04,491 [ForkJoinPool.commonPool-worker-0] INFO  server.GrpcService (GrpcService.java:closeImpl(163)) - e53a8343-b752-45e5-a470-b8d6a4558a93: shutdown server with port 40326 successfully
2019-08-16 05:32:04,493 [ForkJoinPool.commonPool-worker-0] INFO  utils.BackgroundService (BackgroundService.java:shutdown(148)) - Shutting down service BlockDeletingService
2019-08-16 05:32:04,494 [refreshUsed-/workdir/hadoop-ozone/integration-test/target/test-dir/MiniOzoneClusterImpl-eb2bda36-fe71-46ed-bbf9-7d62ad1f7211/datanode-0/data/containers] WARN  fs.CachingGetSpaceUsed (CachingGetSpaceUsed.java:run(183)) - Thread Interrupted waiting to refresh disk information: sleep interrupted
2019-08-16 05:32:04,504 [main] INFO  handler.ContextHandler (ContextHandler.java:doStop(910)) - Stopped o.e.j.w.WebAppContext@3eea7c4b{/,null,UNAVAILABLE}{/hddsDatanode}
2019-08-16 05:32:04,505 [main] INFO  server.AbstractConnector (AbstractConnector.java:doStop(318)) - Stopped ServerConnector@50d507ab{HTTP/1.1,[http/1.1]}{0.0.0.0:0}
2019-08-16 05:32:04,505 [main] INFO  handler.ContextHandler (ContextHandler.java:doStop(910)) - Stopped o.e.j.s.ServletContextHandler@73f506d7{/static,jar:file:/home/user/.m2/repository/org/apache/hadoop/hadoop-hdds-container-service/0.5.0-SNAPSHOT/hadoop-hdds-container-service-0.5.0-SNAPSHOT.jar!/webapps/static,UNAVAILABLE}
2019-08-16 05:32:04,505 [main] INFO  handler.ContextHandler (ContextHandler.java:doStop(910)) - Stopped o.e.j.s.ServletContextHandler@252d690{/logs,file:///workdir/hadoop-ozone/integration-test/target/log,UNAVAILABLE}
2019-08-16 05:32:04,507 [main] INFO  datanode.ObjectStoreHandler (ObjectStoreHandler.java:close(155)) - Closing ObjectStoreHandler.
2019-08-16 05:32:04,507 [main] INFO  ozone.HddsDatanodeService (HddsDatanodeService.java:stop(451)) - Stopped plug-in org.apache.hadoop.ozone.web.OzoneHddsDatanodeService@60877629
2019-08-16 05:32:04,519 [ForkJoinPool.commonPool-worker-0] INFO  statemachine.DatanodeStateMachine (DatanodeStateMachine.java:stopDaemon(395)) - Ozone container server stopped.
2019-08-16 05:32:04,522 [ForkJoinPool.commonPool-worker-0] INFO  handler.ContextHandler (ContextHandler.java:doStop(910)) - Stopped o.e.j.w.WebAppContext@12a0f131{/,null,UNAVAILABLE}{/hddsDatanode}
2019-08-16 05:32:04,523 [ForkJoinPool.commonPool-worker-0] INFO  server.AbstractConnector (AbstractConnector.java:doStop(318)) - Stopped ServerConnector@4eff65ce{HTTP/1.1,[http/1.1]}{0.0.0.0:0}
2019-08-16 05:32:04,523 [ForkJoinPool.commonPool-worker-0] INFO  handler.ContextHandler (ContextHandler.java:doStop(910)) - Stopped o.e.j.s.ServletContextHandler@14972600{/static,jar:file:/home/user/.m2/repository/org/apache/hadoop/hadoop-hdds-container-service/0.5.0-SNAPSHOT/hadoop-hdds-container-service-0.5.0-SNAPSHOT.jar!/webapps/static,UNAVAILABLE}
2019-08-16 05:32:04,523 [ForkJoinPool.commonPool-worker-0] INFO  handler.ContextHandler (ContextHandler.java:doStop(910)) - Stopped o.e.j.s.ServletContextHandler@1ec690bd{/logs,file:///workdir/hadoop-ozone/integration-test/target/log,UNAVAILABLE}
2019-08-16 05:32:04,979 [Datanode State Machine Thread - 0] INFO  statemachine.DatanodeStateMachine (DatanodeStateMachine.java:lambda$startDaemon$0(350)) - Ozone container server started.
2019-08-16 05:32:05,892 [grpc-default-executor-7] WARN  server.GrpcLogAppender (LogUtils.java:warn(134)) - 28d0d1e5-a718-4131-8689-0f879c9b805a->0606af15-c5a8-4f2c-b2a4-46c802c45ccf: Failed appendEntries: org.apache.ratis.thirdparty.io.grpc.StatusRuntimeException: UNAVAILABLE: io exception
2019-08-16 05:32:05,893 [grpc-default-executor-10] WARN  server.GrpcLogAppender (LogUtils.java:warn(134)) - 28d0d1e5-a718-4131-8689-0f879c9b805a->f3ad038f-da5c-4aab-b955-43805eae4a44: Failed appendEntries: org.apache.ratis.thirdparty.io.grpc.StatusRuntimeException: UNAVAILABLE: io exception
2019-08-16 05:32:05,893 [grpc-default-executor-7] INFO  impl.FollowerInfo (FollowerInfo.java:lambda$new$0(50)) - 28d0d1e5-a718-4131-8689-0f879c9b805a->0606af15-c5a8-4f2c-b2a4-46c802c45ccf: nextIndex: updateUnconditionally 6 -> 5
2019-08-16 05:32:05,893 [grpc-default-executor-10] INFO  impl.FollowerInfo (FollowerInfo.java:lambda$new$0(50)) - 28d0d1e5-a718-4131-8689-0f879c9b805a->f3ad038f-da5c-4aab-b955-43805eae4a44: nextIndex: updateUnconditionally 2 -> 1
2019-08-16 05:32:08,393 [grpc-default-executor-10] WARN  server.GrpcLogAppender (LogUtils.java:warn(134)) - 28d0d1e5-a718-4131-8689-0f879c9b805a->0606af15-c5a8-4f2c-b2a4-46c802c45ccf: Failed appendEntries: org.apache.ratis.thirdparty.io.grpc.StatusRuntimeException: UNAVAILABLE: io exception
2019-08-16 05:32:08,393 [grpc-default-executor-8] WARN  server.GrpcLogAppender (LogUtils.java:warn(134)) - 28d0d1e5-a718-4131-8689-0f879c9b805a->f3ad038f-da5c-4aab-b955-43805eae4a44: Failed appendEntries: org.apache.ratis.thirdparty.io.grpc.StatusRuntimeException: UNAVAILABLE: io exception
2019-08-16 05:32:08,393 [grpc-default-executor-10] INFO  impl.FollowerInfo (FollowerInfo.java:lambda$new$0(50)) - 28d0d1e5-a718-4131-8689-0f879c9b805a->0606af15-c5a8-4f2c-b2a4-46c802c45ccf: nextIndex: updateUnconditionally 5 -> 4
2019-08-16 05:32:08,394 [grpc-default-executor-8] INFO  impl.FollowerInfo (FollowerInfo.java:lambda$new$0(50)) - 28d0d1e5-a718-4131-8689-0f879c9b805a->f3ad038f-da5c-4aab-b955-43805eae4a44: nextIndex: updateUnconditionally 1 -> 0
2019-08-16 05:32:09,048 [EventQueue-StaleNodeForStaleNodeHandler] INFO  node.StaleNodeHandler (StaleNodeHandler.java:onMessage(58)) - Datanode 28d0d1e5-a718-4131-8689-0f879c9b805a{ip: 192.168.69.65, host: trunk-nightly-4lbr2-4263640518, networkLocation: /default-rack, certSerialId: null} moved to stale state. Finalizing its pipelines [PipelineID=4060fff1-7c27-46b0-a17d-8c51e6309800, PipelineID=92e4fcd8-3e69-48bd-b1df-f0089757ebf4]
2019-08-16 05:32:09,048 [EventQueue-StaleNodeForStaleNodeHandler] INFO  pipeline.SCMPipelineManager (SCMPipelineManager.java:finalizeAndDestroyPipeline(309)) - destroying pipeline:Pipeline[ Id: 4060fff1-7c27-46b0-a17d-8c51e6309800, Nodes: 0606af15-c5a8-4f2c-b2a4-46c802c45ccf{ip: 192.168.69.65, host: trunk-nightly-4lbr2-4263640518, networkLocation: /default-rack, certSerialId: null}28d0d1e5-a718-4131-8689-0f879c9b805a{ip: 192.168.69.65, host: trunk-nightly-4lbr2-4263640518, networkLocation: /default-rack, certSerialId: null}f3ad038f-da5c-4aab-b955-43805eae4a44{ip: 192.168.69.65, host: trunk-nightly-4lbr2-4263640518, networkLocation: /default-rack, certSerialId: null}, Type:RATIS, Factor:THREE, State:CLOSED]
2019-08-16 05:32:09,048 [EventQueue-StaleNodeForStaleNodeHandler] INFO  pipeline.SCMPipelineManager (SCMPipelineManager.java:finalizeAndDestroyPipeline(309)) - destroying pipeline:Pipeline[ Id: 92e4fcd8-3e69-48bd-b1df-f0089757ebf4, Nodes: 28d0d1e5-a718-4131-8689-0f879c9b805a{ip: 192.168.69.65, host: trunk-nightly-4lbr2-4263640518, networkLocation: /default-rack, certSerialId: null}, Type:RATIS, Factor:ONE, State:OPEN]
2019-08-16 05:32:09,049 [EventQueue-StaleNodeForStaleNodeHandler] INFO  pipeline.PipelineStateManager (PipelineStateManager.java:finalizePipeline(123)) - Pipeline Pipeline[ Id: 92e4fcd8-3e69-48bd-b1df-f0089757ebf4, Nodes: 28d0d1e5-a718-4131-8689-0f879c9b805a{ip: 192.168.69.65, host: trunk-nightly-4lbr2-4263640518, networkLocation: /default-rack, certSerialId: null}, Type:RATIS, Factor:ONE, State:CLOSED] moved to CLOSED state
2019-08-16 05:32:09,508 [main] INFO  ozoneimpl.OzoneContainer (OzoneContainer.java:stop(199)) - Attempting to stop container services.
2019-08-16 05:32:09,509 [main] INFO  impl.RaftServerProxy (RaftServerProxy.java:lambda$close$4(314)) - 28d0d1e5-a718-4131-8689-0f879c9b805a: close
2019-08-16 05:32:09,509 [main] INFO  impl.RaftServerImpl (RaftServerImpl.java:lambda$shutdown$3(245)) - 28d0d1e5-a718-4131-8689-0f879c9b805a: shutdown group-8C51E6309800
2019-08-16 05:32:09,510 [main] INFO  util.JmxRegister (JmxRegister.java:unregister(73)) - Successfully un-registered JMX Bean with object name Ratis:service=RaftServer,group=group-8C51E6309800,id=28d0d1e5-a718-4131-8689-0f879c9b805a
2019-08-16 05:32:09,510 [main] INFO  impl.RoleInfo (RoleInfo.java:shutdownLeaderState(104)) - 28d0d1e5-a718-4131-8689-0f879c9b805a: shutdown LeaderState
2019-08-16 05:32:09,513 [main] INFO  impl.PendingRequests (PendingRequests.java:sendNotLeaderResponses(202)) - 28d0d1e5-a718-4131-8689-0f879c9b805a-PendingRequests: sendNotLeaderResponses
2019-08-16 05:32:09,513 [org.apache.ratis.server.impl.LogAppender$AppenderDaemon$$Lambda$462/762154481@30bcbf8d] WARN  server.GrpcLogAppender (GrpcLogAppender.java:mayWait(143)) - GrpcLogAppender(28d0d1e5-a718-4131-8689-0f879c9b805a->0606af15-c5a8-4f2c-b2a4-46c802c45ccf): Wait interrupted by java.lang.InterruptedException
2019-08-16 05:32:09,513 [org.apache.ratis.server.impl.LogAppender$AppenderDaemon$$Lambda$462/762154481@75be2f5e] WARN  server.GrpcLogAppender (GrpcLogAppender.java:mayWait(143)) - GrpcLogAppender(28d0d1e5-a718-4131-8689-0f879c9b805a->f3ad038f-da5c-4aab-b955-43805eae4a44): Wait interrupted by java.lang.InterruptedException
2019-08-16 05:32:09,516 [main] INFO  impl.StateMachineUpdater (StateMachineUpdater.java:stopAndJoin(115)) - StateMachineUpdater:28d0d1e5-a718-4131-8689-0f879c9b805a:group-8C51E6309800: set stopIndex = 8
2019-08-16 05:32:09,516 [StateMachineUpdater:28d0d1e5-a718-4131-8689-0f879c9b805a:group-8C51E6309800] INFO  ratis.ContainerStateMachine (ContainerStateMachine.java:takeSnapshot(271)) - group-8C51E6309800: Taking a snapshot at:(t:2, i:8) file /workdir/hadoop-ozone/integration-test/target/test-dir/MiniOzoneClusterImpl-eb2bda36-fe71-46ed-bbf9-7d62ad1f7211/datanode-5/data/ratis/4060fff1-7c27-46b0-a17d-8c51e6309800/sm/snapshot.2_8
2019-08-16 05:32:09,531 [StateMachineUpdater:28d0d1e5-a718-4131-8689-0f879c9b805a:group-8C51E6309800] INFO  ratis.ContainerStateMachine (ContainerStateMachine.java:takeSnapshot(282)) - group-8C51E6309800: Finished taking a snapshot at:(t:2, i:8) file:/workdir/hadoop-ozone/integration-test/target/test-dir/MiniOzoneClusterImpl-eb2bda36-fe71-46ed-bbf9-7d62ad1f7211/datanode-5/data/ratis/4060fff1-7c27-46b0-a17d-8c51e6309800/sm/snapshot.2_8 time:15
2019-08-16 05:32:09,532 [StateMachineUpdater:28d0d1e5-a718-4131-8689-0f879c9b805a:group-8C51E6309800] INFO  impl.StateMachineUpdater (StateMachineUpdater.java:takeSnapshot(242)) - StateMachineUpdater:28d0d1e5-a718-4131-8689-0f879c9b805a:group-8C51E6309800: Took a snapshot at index 8
2019-08-16 05:32:09,532 [StateMachineUpdater:28d0d1e5-a718-4131-8689-0f879c9b805a:group-8C51E6309800] INFO  impl.StateMachineUpdater (StateMachineUpdater.java:lambda$new$0(80)) - StateMachineUpdater:28d0d1e5-a718-4131-8689-0f879c9b805a:group-8C51E6309800: snapshotIndex: updateIncreasingly -1 -> 8
2019-08-16 05:32:09,532 [main] INFO  impl.RaftServerImpl (ServerState.java:close(394)) - 28d0d1e5-a718-4131-8689-0f879c9b805a:group-8C51E6309800 closes. The last applied log index is 8
2019-08-16 05:32:09,533 [28d0d1e5-a718-4131-8689-0f879c9b805a-SegmentedRaftLogWorker:Storage Directory /workdir/hadoop-ozone/integration-test/target/test-dir/MiniOzoneClusterImpl-eb2bda36-fe71-46ed-bbf9-7d62ad1f7211/datanode-5/data/ratis/4060fff1-7c27-46b0-a17d-8c51e6309800] INFO  segmented.SegmentedRaftLogWorker (SegmentedRaftLogWorker.java:run(313)) - 28d0d1e5-a718-4131-8689-0f879c9b805a-SegmentedRaftLogWorker:Storage Directory /workdir/hadoop-ozone/integration-test/target/test-dir/MiniOzoneClusterImpl-eb2bda36-fe71-46ed-bbf9-7d62ad1f7211/datanode-5/data/ratis/4060fff1-7c27-46b0-a17d-8c51e6309800 was interrupted, exiting. There are 0 tasks remaining in the queue.
2019-08-16 05:32:09,533 [main] INFO  segmented.SegmentedRaftLogWorker (SegmentedRaftLogWorker.java:close(228)) - 28d0d1e5-a718-4131-8689-0f879c9b805a-SegmentedRaftLogWorker:Storage Directory /workdir/hadoop-ozone/integration-test/target/test-dir/MiniOzoneClusterImpl-eb2bda36-fe71-46ed-bbf9-7d62ad1f7211/datanode-5/data/ratis/4060fff1-7c27-46b0-a17d-8c51e6309800 close()
2019-08-16 05:32:09,534 [main] INFO  impl.RaftServerImpl (RaftServerImpl.java:lambda$shutdown$3(245)) - 28d0d1e5-a718-4131-8689-0f879c9b805a: shutdown group-F0089757EBF4
2019-08-16 05:32:09,534 [main] INFO  util.JmxRegister (JmxRegister.java:unregister(73)) - Successfully un-registered JMX Bean with object name Ratis:service=RaftServer,group=group-F0089757EBF4,id=28d0d1e5-a718-4131-8689-0f879c9b805a
2019-08-16 05:32:09,534 [main] INFO  impl.RoleInfo (RoleInfo.java:shutdownLeaderState(104)) - 28d0d1e5-a718-4131-8689-0f879c9b805a: shutdown LeaderState
2019-08-16 05:32:09,535 [main] INFO  impl.PendingRequests (PendingRequests.java:sendNotLeaderResponses(202)) - 28d0d1e5-a718-4131-8689-0f879c9b805a-PendingRequests: sendNotLeaderResponses
2019-08-16 05:32:09,535 [main] INFO  impl.StateMachineUpdater (StateMachineUpdater.java:stopAndJoin(115)) - StateMachineUpdater:28d0d1e5-a718-4131-8689-0f879c9b805a:group-F0089757EBF4: set stopIndex = 0
2019-08-16 05:32:09,536 [main] INFO  impl.RaftServerImpl (ServerState.java:close(394)) - 28d0d1e5-a718-4131-8689-0f879c9b805a:group-F0089757EBF4 closes. The last applied log index is 0
2019-08-16 05:32:09,536 [28d0d1e5-a718-4131-8689-0f879c9b805a-SegmentedRaftLogWorker:Storage Directory /workdir/hadoop-ozone/integration-test/target/test-dir/MiniOzoneClusterImpl-eb2bda36-fe71-46ed-bbf9-7d62ad1f7211/datanode-5/data/ratis/92e4fcd8-3e69-48bd-b1df-f0089757ebf4] INFO  segmented.SegmentedRaftLogWorker (SegmentedRaftLogWorker.java:run(313)) - 28d0d1e5-a718-4131-8689-0f879c9b805a-SegmentedRaftLogWorker:Storage Directory /workdir/hadoop-ozone/integration-test/target/test-dir/MiniOzoneClusterImpl-eb2bda36-fe71-46ed-bbf9-7d62ad1f7211/datanode-5/data/ratis/92e4fcd8-3e69-48bd-b1df-f0089757ebf4 was interrupted, exiting. There are 0 tasks remaining in the queue.
2019-08-16 05:32:09,536 [main] INFO  segmented.SegmentedRaftLogWorker (SegmentedRaftLogWorker.java:close(228)) - 28d0d1e5-a718-4131-8689-0f879c9b805a-SegmentedRaftLogWorker:Storage Directory /workdir/hadoop-ozone/integration-test/target/test-dir/MiniOzoneClusterImpl-eb2bda36-fe71-46ed-bbf9-7d62ad1f7211/datanode-5/data/ratis/92e4fcd8-3e69-48bd-b1df-f0089757ebf4 close()
2019-08-16 05:32:09,537 [main] INFO  server.GrpcService (GrpcService.java:closeImpl(155)) - 28d0d1e5-a718-4131-8689-0f879c9b805a: shutdown server with port 44185 now
2019-08-16 05:32:09,538 [grpc-default-executor-10] WARN  client.GrpcClientProtocolService (LogUtils.java:warn(134)) - 4-UnorderedRequestStreamObserver4: onError: org.apache.ratis.thirdparty.io.grpc.StatusRuntimeException: CANCELLED: cancelled before receiving half close
2019-08-16 05:32:09,538 [main] INFO  server.GrpcService (GrpcService.java:closeImpl(163)) - 28d0d1e5-a718-4131-8689-0f879c9b805a: shutdown server with port 44185 successfully
2019-08-16 05:32:09,539 [main] INFO  utils.BackgroundService (BackgroundService.java:shutdown(148)) - Shutting down service BlockDeletingService
2019-08-16 05:32:09,544 [refreshUsed-/workdir/hadoop-ozone/integration-test/target/test-dir/MiniOzoneClusterImpl-eb2bda36-fe71-46ed-bbf9-7d62ad1f7211/datanode-5/data/containers] WARN  fs.CachingGetSpaceUsed (CachingGetSpaceUsed.java:run(183)) - Thread Interrupted waiting to refresh disk information: sleep interrupted
2019-08-16 05:32:09,560 [main] INFO  statemachine.DatanodeStateMachine (DatanodeStateMachine.java:stopDaemon(395)) - Ozone container server stopped.
2019-08-16 05:32:09,572 [main] INFO  handler.ContextHandler (ContextHandler.java:doStop(910)) - Stopped o.e.j.w.WebAppContext@66ab765c{/,null,UNAVAILABLE}{/hddsDatanode}
2019-08-16 05:32:09,573 [main] INFO  server.AbstractConnector (AbstractConnector.java:doStop(318)) - Stopped ServerConnector@319428ba{HTTP/1.1,[http/1.1]}{0.0.0.0:0}
2019-08-16 05:32:09,574 [main] INFO  handler.ContextHandler (ContextHandler.java:doStop(910)) - Stopped o.e.j.s.ServletContextHandler@50e0541{/static,jar:file:/home/user/.m2/repository/org/apache/hadoop/hadoop-hdds-container-service/0.5.0-SNAPSHOT/hadoop-hdds-container-service-0.5.0-SNAPSHOT.jar!/webapps/static,UNAVAILABLE}
2019-08-16 05:32:09,574 [main] INFO  handler.ContextHandler (ContextHandler.java:doStop(910)) - Stopped o.e.j.s.ServletContextHandler@34ceefb5{/logs,file:///workdir/hadoop-ozone/integration-test/target/log,UNAVAILABLE}
2019-08-16 05:32:09,575 [main] INFO  ozone.MiniOzoneClusterImpl (MiniOzoneClusterImpl.java:stop(353)) - Stopping the StorageContainerManager
2019-08-16 05:32:09,575 [main] INFO  server.StorageContainerManager (StorageContainerManager.java:stop(797)) - Stopping Replication Manager Service.
2019-08-16 05:32:09,576 [main] INFO  container.ReplicationManager (ReplicationManager.java:stop(193)) - Stopping Replication Monitor Thread.
2019-08-16 05:32:09,576 [main] INFO  server.StorageContainerManager (StorageContainerManager.java:stop(804)) - Stopping Lease Manager of the command watchers
2019-08-16 05:32:09,576 [main] INFO  server.StorageContainerManager (StorageContainerManager.java:stop(811)) - Stopping datanode service RPC server
2019-08-16 05:32:09,576 [main] INFO  server.SCMDatanodeProtocolServer (SCMDatanodeProtocolServer.java:stop(367)) - Stopping the RPC server for DataNodes
2019-08-16 05:32:09,576 [main] INFO  ipc.Server (Server.java:stop(3082)) - Stopping server on 34802
2019-08-16 05:32:09,579 [IPC Server listener on 34802] INFO  ipc.Server (Server.java:run(1185)) - Stopping IPC Server listener on 34802
2019-08-16 05:32:09,579 [IPC Server Responder] INFO  ipc.Server (Server.java:run(1319)) - Stopping IPC Server Responder
2019-08-16 05:32:09,648 [SCM Heartbeat Processing Thread - 0] WARN  node.NodeStateManager (NodeStateManager.java:scheduleNextHealthCheck(646)) - Current Thread is interrupted, shutting down HB processing thread for Node Manager.
2019-08-16 05:32:09,649 [main] INFO  server.StorageContainerManager (StorageContainerManager.java:stop(819)) - Stopping block service RPC server
2019-08-16 05:32:09,649 [main] INFO  server.SCMBlockProtocolServer (SCMBlockProtocolServer.java:stop(148)) - Stopping the RPC server for Block Protocol
2019-08-16 05:32:09,649 [main] INFO  ipc.Server (Server.java:stop(3082)) - Stopping server on 45945
2019-08-16 05:32:09,651 [IPC Server listener on 45945] INFO  ipc.Server (Server.java:run(1185)) - Stopping IPC Server listener on 45945
2019-08-16 05:32:09,656 [main] INFO  server.StorageContainerManager (StorageContainerManager.java:stop(826)) - Stopping the StorageContainerLocationProtocol RPC server
2019-08-16 05:32:09,656 [IPC Server Responder] INFO  ipc.Server (Server.java:run(1319)) - Stopping IPC Server Responder
2019-08-16 05:32:09,658 [main] INFO  server.SCMClientProtocolServer (SCMClientProtocolServer.java:stop(159)) - Stopping the RPC server for Client Protocol
2019-08-16 05:32:09,658 [main] INFO  ipc.Server (Server.java:stop(3082)) - Stopping server on 44821
2019-08-16 05:32:09,661 [IPC Server listener on 44821] INFO  ipc.Server (Server.java:run(1185)) - Stopping IPC Server listener on 44821
2019-08-16 05:32:09,661 [main] INFO  server.StorageContainerManager (StorageContainerManager.java:stop(833)) - Stopping Storage Container Manager HTTP server.
2019-08-16 05:32:09,661 [IPC Server Responder] INFO  ipc.Server (Server.java:run(1319)) - Stopping IPC Server Responder
2019-08-16 05:32:09,663 [main] INFO  handler.ContextHandler (ContextHandler.java:doStop(910)) - Stopped o.e.j.w.WebAppContext@2a01c55{/,null,UNAVAILABLE}{/scm}
2019-08-16 05:32:09,664 [main] INFO  server.AbstractConnector (AbstractConnector.java:doStop(318)) - Stopped ServerConnector@1560982f{HTTP/1.1,[http/1.1]}{0.0.0.0:0}
2019-08-16 05:32:09,664 [main] INFO  handler.ContextHandler (ContextHandler.java:doStop(910)) - Stopped o.e.j.s.ServletContextHandler@55aabc72{/static,file:///workdir/hadoop-ozone/integration-test/target/test-classes/webapps/static,UNAVAILABLE}
2019-08-16 05:32:09,665 [main] INFO  handler.ContextHandler (ContextHandler.java:doStop(910)) - Stopped o.e.j.s.ServletContextHandler@697f4085{/logs,file:///workdir/hadoop-ozone/integration-test/target/log,UNAVAILABLE}
2019-08-16 05:32:09,666 [main] INFO  server.StorageContainerManager (StorageContainerManager.java:stop(844)) - Stopping Block Manager Service.
2019-08-16 05:32:09,666 [main] INFO  utils.BackgroundService (BackgroundService.java:shutdown(148)) - Shutting down service SCMBlockDeletingService
2019-08-16 05:32:09,666 [main] INFO  utils.BackgroundService (BackgroundService.java:shutdown(148)) - Shutting down service SCMBlockDeletingService
2019-08-16 05:32:09,667 [main] INFO  server.StorageContainerManager (StorageContainerManager.java:stop(866)) - Stopping SCM Event Queue.
2019-08-16 05:32:09,671 [main] INFO  impl.MetricsSystemImpl (MetricsSystemImpl.java:stop(210)) - Stopping HddsDatanode metrics system...
2019-08-16 05:32:09,681 [main] INFO  impl.MetricsSystemImpl (MetricsSystemImpl.java:stop(216)) - HddsDatanode metrics system stopped.
]]></system-out>
    <system-err><![CDATA[Aug 16, 2019 5:31:30 AM com.sun.jersey.server.impl.application.WebApplicationImpl _initiate
INFO: Initiating Jersey application, version 'Jersey: 1.19 02/11/2015 03:25 AM'
Aug 16, 2019 5:31:30 AM com.sun.jersey.server.impl.application.WebApplicationImpl _initiate
INFO: Initiating Jersey application, version 'Jersey: 1.19 02/11/2015 03:25 AM'
Aug 16, 2019 5:31:30 AM com.sun.jersey.server.impl.application.WebApplicationImpl _initiate
INFO: Initiating Jersey application, version 'Jersey: 1.19 02/11/2015 03:25 AM'
Aug 16, 2019 5:31:30 AM com.sun.jersey.server.impl.application.WebApplicationImpl _initiate
INFO: Initiating Jersey application, version 'Jersey: 1.19 02/11/2015 03:25 AM'
Aug 16, 2019 5:31:30 AM com.sun.jersey.server.impl.application.WebApplicationImpl _initiate
INFO: Initiating Jersey application, version 'Jersey: 1.19 02/11/2015 03:25 AM'
Aug 16, 2019 5:31:31 AM com.sun.jersey.server.impl.application.WebApplicationImpl _initiate
INFO: Initiating Jersey application, version 'Jersey: 1.19 02/11/2015 03:25 AM'
Aug 16, 2019 5:31:31 AM com.sun.jersey.server.impl.application.WebApplicationImpl _initiate
INFO: Initiating Jersey application, version 'Jersey: 1.19 02/11/2015 03:25 AM'
Aug 16, 2019 5:31:34 AM org.apache.ratis.thirdparty.io.grpc.internal.ManagedChannelOrphanWrapper$ManagedChannelReference cleanQueue
SEVERE: *~*~*~ Channel ManagedChannelImpl{logId=3214, target=192.168.69.65:39970} was not shutdown properly!!! ~*~*~*
    Make sure to call shutdown()/shutdownNow() and wait until awaitTermination() returns true.
java.lang.RuntimeException: ManagedChannel allocation site
	at org.apache.ratis.thirdparty.io.grpc.internal.ManagedChannelOrphanWrapper$ManagedChannelReference.<init>(ManagedChannelOrphanWrapper.java:103)
	at org.apache.ratis.thirdparty.io.grpc.internal.ManagedChannelOrphanWrapper.<init>(ManagedChannelOrphanWrapper.java:53)
	at org.apache.ratis.thirdparty.io.grpc.internal.ManagedChannelOrphanWrapper.<init>(ManagedChannelOrphanWrapper.java:44)
	at org.apache.ratis.thirdparty.io.grpc.internal.AbstractManagedChannelImplBuilder.build(AbstractManagedChannelImplBuilder.java:411)
	at org.apache.hadoop.hdds.scm.XceiverClientGrpc.connectToDatanode(XceiverClientGrpc.java:174)
	at org.apache.hadoop.hdds.scm.XceiverClientGrpc.reconnect(XceiverClientGrpc.java:422)
	at org.apache.hadoop.hdds.scm.XceiverClientGrpc.sendCommandAsync(XceiverClientGrpc.java:371)
	at org.apache.hadoop.hdds.scm.XceiverClientGrpc.sendCommandWithRetry(XceiverClientGrpc.java:284)
	at org.apache.hadoop.hdds.scm.XceiverClientGrpc.sendCommandWithTraceIDAndRetry(XceiverClientGrpc.java:250)
	at org.apache.hadoop.hdds.scm.XceiverClientGrpc.sendCommand(XceiverClientGrpc.java:233)
	at org.apache.hadoop.hdds.scm.storage.ContainerProtocolCalls.getBlock(ContainerProtocolCalls.java:118)
	at org.apache.hadoop.hdds.scm.storage.BlockInputStream.getChunkInfos(BlockInputStream.java:167)
	at org.apache.hadoop.hdds.scm.storage.BlockInputStream.initialize(BlockInputStream.java:118)
	at org.apache.hadoop.hdds.scm.storage.BlockInputStream.read(BlockInputStream.java:222)
	at org.apache.hadoop.ozone.client.io.KeyInputStream.read(KeyInputStream.java:171)
	at org.apache.hadoop.ozone.client.io.OzoneInputStream.read(OzoneInputStream.java:47)
	at java.io.InputStream.read(InputStream.java:101)
	at org.apache.hadoop.ozone.container.ContainerTestHelper.validateData(ContainerTestHelper.java:709)
	at org.apache.hadoop.ozone.client.rpc.TestBlockOutputStreamWithFailures.validateData(TestBlockOutputStreamWithFailures.java:1216)
	at org.apache.hadoop.ozone.client.rpc.TestBlockOutputStreamWithFailures.testWatchForCommitDatanodeFailure(TestBlockOutputStreamWithFailures.java:393)
	at sun.reflect.NativeMethodAccessorImpl.invoke0(Native Method)
	at sun.reflect.NativeMethodAccessorImpl.invoke(NativeMethodAccessorImpl.java:62)
	at sun.reflect.DelegatingMethodAccessorImpl.invoke(DelegatingMethodAccessorImpl.java:43)
	at java.lang.reflect.Method.invoke(Method.java:498)
	at org.junit.runners.model.FrameworkMethod$1.runReflectiveCall(FrameworkMethod.java:47)
	at org.junit.internal.runners.model.ReflectiveCallable.run(ReflectiveCallable.java:12)
	at org.junit.runners.model.FrameworkMethod.invokeExplosively(FrameworkMethod.java:44)
	at org.junit.internal.runners.statements.InvokeMethod.evaluate(InvokeMethod.java:17)
	at org.junit.internal.runners.statements.RunBefores.evaluate(RunBefores.java:26)
	at org.junit.internal.runners.statements.RunAfters.evaluate(RunAfters.java:27)
	at org.junit.runners.ParentRunner.runLeaf(ParentRunner.java:271)
	at org.junit.runners.BlockJUnit4ClassRunner.runChild(BlockJUnit4ClassRunner.java:70)
	at org.junit.runners.BlockJUnit4ClassRunner.runChild(BlockJUnit4ClassRunner.java:50)
	at org.junit.runners.ParentRunner$3.run(ParentRunner.java:238)
	at org.junit.runners.ParentRunner$1.schedule(ParentRunner.java:63)
	at org.junit.runners.ParentRunner.runChildren(ParentRunner.java:236)
	at org.junit.runners.ParentRunner.access$000(ParentRunner.java:53)
	at org.junit.runners.ParentRunner$2.evaluate(ParentRunner.java:229)
	at org.junit.runners.ParentRunner.run(ParentRunner.java:309)
	at org.apache.maven.surefire.junit4.JUnit4Provider.execute(JUnit4Provider.java:365)
	at org.apache.maven.surefire.junit4.JUnit4Provider.executeWithRerun(JUnit4Provider.java:273)
	at org.apache.maven.surefire.junit4.JUnit4Provider.executeTestSet(JUnit4Provider.java:238)
	at org.apache.maven.surefire.junit4.JUnit4Provider.invoke(JUnit4Provider.java:159)
	at org.apache.maven.surefire.booter.ForkedBooter.invokeProviderInSameClassLoader(ForkedBooter.java:384)
	at org.apache.maven.surefire.booter.ForkedBooter.runSuitesInProcess(ForkedBooter.java:345)
	at org.apache.maven.surefire.booter.ForkedBooter.execute(ForkedBooter.java:126)
	at org.apache.maven.surefire.booter.ForkedBooter.main(ForkedBooter.java:418)

Aug 16, 2019 5:31:34 AM org.apache.ratis.thirdparty.io.grpc.internal.ManagedChannelOrphanWrapper$ManagedChannelReference cleanQueue
SEVERE: *~*~*~ Channel ManagedChannelImpl{logId=3218, target=192.168.69.65:40631} was not shutdown properly!!! ~*~*~*
    Make sure to call shutdown()/shutdownNow() and wait until awaitTermination() returns true.
java.lang.RuntimeException: ManagedChannel allocation site
	at org.apache.ratis.thirdparty.io.grpc.internal.ManagedChannelOrphanWrapper$ManagedChannelReference.<init>(ManagedChannelOrphanWrapper.java:103)
	at org.apache.ratis.thirdparty.io.grpc.internal.ManagedChannelOrphanWrapper.<init>(ManagedChannelOrphanWrapper.java:53)
	at org.apache.ratis.thirdparty.io.grpc.internal.ManagedChannelOrphanWrapper.<init>(ManagedChannelOrphanWrapper.java:44)
	at org.apache.ratis.thirdparty.io.grpc.internal.AbstractManagedChannelImplBuilder.build(AbstractManagedChannelImplBuilder.java:411)
	at org.apache.hadoop.hdds.scm.XceiverClientGrpc.connectToDatanode(XceiverClientGrpc.java:174)
	at org.apache.hadoop.hdds.scm.XceiverClientGrpc.reconnect(XceiverClientGrpc.java:422)
	at org.apache.hadoop.hdds.scm.XceiverClientGrpc.sendCommandAsync(XceiverClientGrpc.java:371)
	at org.apache.hadoop.hdds.scm.XceiverClientGrpc.sendCommandWithRetry(XceiverClientGrpc.java:284)
	at org.apache.hadoop.hdds.scm.XceiverClientGrpc.sendCommandWithTraceIDAndRetry(XceiverClientGrpc.java:250)
	at org.apache.hadoop.hdds.scm.XceiverClientGrpc.sendCommand(XceiverClientGrpc.java:233)
	at org.apache.hadoop.hdds.scm.storage.ContainerProtocolCalls.getBlock(ContainerProtocolCalls.java:118)
	at org.apache.hadoop.hdds.scm.storage.BlockInputStream.getChunkInfos(BlockInputStream.java:167)
	at org.apache.hadoop.hdds.scm.storage.BlockInputStream.initialize(BlockInputStream.java:118)
	at org.apache.hadoop.hdds.scm.storage.BlockInputStream.read(BlockInputStream.java:222)
	at org.apache.hadoop.ozone.client.io.KeyInputStream.read(KeyInputStream.java:171)
	at org.apache.hadoop.ozone.client.io.OzoneInputStream.read(OzoneInputStream.java:47)
	at java.io.InputStream.read(InputStream.java:101)
	at org.apache.hadoop.ozone.container.ContainerTestHelper.validateData(ContainerTestHelper.java:709)
	at org.apache.hadoop.ozone.client.rpc.TestBlockOutputStreamWithFailures.validateData(TestBlockOutputStreamWithFailures.java:1216)
	at org.apache.hadoop.ozone.client.rpc.TestBlockOutputStreamWithFailures.testWatchForCommitDatanodeFailure(TestBlockOutputStreamWithFailures.java:393)
	at sun.reflect.NativeMethodAccessorImpl.invoke0(Native Method)
	at sun.reflect.NativeMethodAccessorImpl.invoke(NativeMethodAccessorImpl.java:62)
	at sun.reflect.DelegatingMethodAccessorImpl.invoke(DelegatingMethodAccessorImpl.java:43)
	at java.lang.reflect.Method.invoke(Method.java:498)
	at org.junit.runners.model.FrameworkMethod$1.runReflectiveCall(FrameworkMethod.java:47)
	at org.junit.internal.runners.model.ReflectiveCallable.run(ReflectiveCallable.java:12)
	at org.junit.runners.model.FrameworkMethod.invokeExplosively(FrameworkMethod.java:44)
	at org.junit.internal.runners.statements.InvokeMethod.evaluate(InvokeMethod.java:17)
	at org.junit.internal.runners.statements.RunBefores.evaluate(RunBefores.java:26)
	at org.junit.internal.runners.statements.RunAfters.evaluate(RunAfters.java:27)
	at org.junit.runners.ParentRunner.runLeaf(ParentRunner.java:271)
	at org.junit.runners.BlockJUnit4ClassRunner.runChild(BlockJUnit4ClassRunner.java:70)
	at org.junit.runners.BlockJUnit4ClassRunner.runChild(BlockJUnit4ClassRunner.java:50)
	at org.junit.runners.ParentRunner$3.run(ParentRunner.java:238)
	at org.junit.runners.ParentRunner$1.schedule(ParentRunner.java:63)
	at org.junit.runners.ParentRunner.runChildren(ParentRunner.java:236)
	at org.junit.runners.ParentRunner.access$000(ParentRunner.java:53)
	at org.junit.runners.ParentRunner$2.evaluate(ParentRunner.java:229)
	at org.junit.runners.ParentRunner.run(ParentRunner.java:309)
	at org.apache.maven.surefire.junit4.JUnit4Provider.execute(JUnit4Provider.java:365)
	at org.apache.maven.surefire.junit4.JUnit4Provider.executeWithRerun(JUnit4Provider.java:273)
	at org.apache.maven.surefire.junit4.JUnit4Provider.executeTestSet(JUnit4Provider.java:238)
	at org.apache.maven.surefire.junit4.JUnit4Provider.invoke(JUnit4Provider.java:159)
	at org.apache.maven.surefire.booter.ForkedBooter.invokeProviderInSameClassLoader(ForkedBooter.java:384)
	at org.apache.maven.surefire.booter.ForkedBooter.runSuitesInProcess(ForkedBooter.java:345)
	at org.apache.maven.surefire.booter.ForkedBooter.execute(ForkedBooter.java:126)
	at org.apache.maven.surefire.booter.ForkedBooter.main(ForkedBooter.java:418)

Aug 16, 2019 5:31:34 AM org.apache.ratis.thirdparty.io.grpc.internal.ManagedChannelOrphanWrapper$ManagedChannelReference cleanQueue
SEVERE: *~*~*~ Channel ManagedChannelImpl{logId=3175, target=192.168.69.65:43462} was not shutdown properly!!! ~*~*~*
    Make sure to call shutdown()/shutdownNow() and wait until awaitTermination() returns true.
java.lang.RuntimeException: ManagedChannel allocation site
	at org.apache.ratis.thirdparty.io.grpc.internal.ManagedChannelOrphanWrapper$ManagedChannelReference.<init>(ManagedChannelOrphanWrapper.java:103)
	at org.apache.ratis.thirdparty.io.grpc.internal.ManagedChannelOrphanWrapper.<init>(ManagedChannelOrphanWrapper.java:53)
	at org.apache.ratis.thirdparty.io.grpc.internal.ManagedChannelOrphanWrapper.<init>(ManagedChannelOrphanWrapper.java:44)
	at org.apache.ratis.thirdparty.io.grpc.internal.AbstractManagedChannelImplBuilder.build(AbstractManagedChannelImplBuilder.java:411)
	at org.apache.ratis.grpc.client.GrpcClientProtocolClient.<init>(GrpcClientProtocolClient.java:119)
	at org.apache.ratis.grpc.client.GrpcClientRpc.lambda$new$0(GrpcClientRpc.java:55)
	at org.apache.ratis.util.PeerProxyMap$PeerAndProxy.lambda$getProxy$0(PeerProxyMap.java:61)
	at org.apache.ratis.util.LifeCycle.startAndTransition(LifeCycle.java:202)
	at org.apache.ratis.util.PeerProxyMap$PeerAndProxy.getProxy(PeerProxyMap.java:60)
	at org.apache.ratis.util.PeerProxyMap.getProxy(PeerProxyMap.java:107)
	at org.apache.ratis.grpc.client.GrpcClientRpc.sendRequestAsync(GrpcClientRpc.java:66)
	at org.apache.ratis.client.impl.OrderedAsync.sendRequest(OrderedAsync.java:208)
	at org.apache.ratis.client.impl.OrderedAsync.sendRequestWithRetry(OrderedAsync.java:169)
	at org.apache.ratis.util.SlidingWindow$Client.sendOrDelayRequest(SlidingWindow.java:278)
	at org.apache.ratis.util.SlidingWindow$Client.retry(SlidingWindow.java:294)
	at org.apache.ratis.client.impl.OrderedAsync.lambda$scheduleWithTimeout$7(OrderedAsync.java:195)
	at org.apache.ratis.util.TimeoutScheduler.lambda$onTimeout$0(TimeoutScheduler.java:85)
	at org.apache.ratis.util.TimeoutScheduler.lambda$onTimeout$1(TimeoutScheduler.java:104)
	at org.apache.ratis.util.LogUtils.runAndLog(LogUtils.java:50)
	at org.apache.ratis.util.LogUtils$1.run(LogUtils.java:91)
	at java.util.concurrent.Executors$RunnableAdapter.call(Executors.java:511)
	at java.util.concurrent.FutureTask.run(FutureTask.java:266)
	at java.util.concurrent.ScheduledThreadPoolExecutor$ScheduledFutureTask.access$201(ScheduledThreadPoolExecutor.java:180)
	at java.util.concurrent.ScheduledThreadPoolExecutor$ScheduledFutureTask.run(ScheduledThreadPoolExecutor.java:293)
	at java.util.concurrent.ThreadPoolExecutor.runWorker(ThreadPoolExecutor.java:1149)
	at java.util.concurrent.ThreadPoolExecutor$Worker.run(ThreadPoolExecutor.java:624)
	at java.lang.Thread.run(Thread.java:748)

Aug 16, 2019 5:31:34 AM org.apache.ratis.thirdparty.io.grpc.internal.ManagedChannelOrphanWrapper$ManagedChannelReference cleanQueue
SEVERE: *~*~*~ Channel ManagedChannelImpl{logId=3233, target=192.168.69.65:41957} was not shutdown properly!!! ~*~*~*
    Make sure to call shutdown()/shutdownNow() and wait until awaitTermination() returns true.
java.lang.RuntimeException: ManagedChannel allocation site
	at org.apache.ratis.thirdparty.io.grpc.internal.ManagedChannelOrphanWrapper$ManagedChannelReference.<init>(ManagedChannelOrphanWrapper.java:103)
	at org.apache.ratis.thirdparty.io.grpc.internal.ManagedChannelOrphanWrapper.<init>(ManagedChannelOrphanWrapper.java:53)
	at org.apache.ratis.thirdparty.io.grpc.internal.ManagedChannelOrphanWrapper.<init>(ManagedChannelOrphanWrapper.java:44)
	at org.apache.ratis.thirdparty.io.grpc.internal.AbstractManagedChannelImplBuilder.build(AbstractManagedChannelImplBuilder.java:411)
	at org.apache.hadoop.hdds.scm.XceiverClientGrpc.connectToDatanode(XceiverClientGrpc.java:174)
	at org.apache.hadoop.hdds.scm.XceiverClientGrpc.reconnect(XceiverClientGrpc.java:422)
	at org.apache.hadoop.hdds.scm.XceiverClientGrpc.sendCommandAsync(XceiverClientGrpc.java:371)
	at org.apache.hadoop.hdds.scm.XceiverClientGrpc.sendCommandWithRetry(XceiverClientGrpc.java:284)
	at org.apache.hadoop.hdds.scm.XceiverClientGrpc.sendCommandWithTraceIDAndRetry(XceiverClientGrpc.java:250)
	at org.apache.hadoop.hdds.scm.XceiverClientGrpc.sendCommand(XceiverClientGrpc.java:233)
	at org.apache.hadoop.hdds.scm.storage.ContainerProtocolCalls.readChunk(ContainerProtocolCalls.java:245)
	at org.apache.hadoop.hdds.scm.storage.ChunkInputStream.readChunk(ChunkInputStream.java:335)
	at org.apache.hadoop.hdds.scm.storage.ChunkInputStream.readChunkFromContainer(ChunkInputStream.java:307)
	at org.apache.hadoop.hdds.scm.storage.ChunkInputStream.prepareRead(ChunkInputStream.java:259)
	at org.apache.hadoop.hdds.scm.storage.ChunkInputStream.read(ChunkInputStream.java:144)
	at org.apache.hadoop.hdds.scm.storage.BlockInputStream.read(BlockInputStream.java:239)
	at org.apache.hadoop.ozone.client.io.KeyInputStream.read(KeyInputStream.java:171)
	at org.apache.hadoop.ozone.client.io.OzoneInputStream.read(OzoneInputStream.java:47)
	at java.io.InputStream.read(InputStream.java:101)
	at org.apache.hadoop.ozone.container.ContainerTestHelper.validateData(ContainerTestHelper.java:709)
	at org.apache.hadoop.ozone.client.rpc.TestBlockOutputStreamWithFailures.validateData(TestBlockOutputStreamWithFailures.java:1216)
	at org.apache.hadoop.ozone.client.rpc.TestBlockOutputStreamWithFailures.testWatchForCommitDatanodeFailure(TestBlockOutputStreamWithFailures.java:393)
	at sun.reflect.NativeMethodAccessorImpl.invoke0(Native Method)
	at sun.reflect.NativeMethodAccessorImpl.invoke(NativeMethodAccessorImpl.java:62)
	at sun.reflect.DelegatingMethodAccessorImpl.invoke(DelegatingMethodAccessorImpl.java:43)
	at java.lang.reflect.Method.invoke(Method.java:498)
	at org.junit.runners.model.FrameworkMethod$1.runReflectiveCall(FrameworkMethod.java:47)
	at org.junit.internal.runners.model.ReflectiveCallable.run(ReflectiveCallable.java:12)
	at org.junit.runners.model.FrameworkMethod.invokeExplosively(FrameworkMethod.java:44)
	at org.junit.internal.runners.statements.InvokeMethod.evaluate(InvokeMethod.java:17)
	at org.junit.internal.runners.statements.RunBefores.evaluate(RunBefores.java:26)
	at org.junit.internal.runners.statements.RunAfters.evaluate(RunAfters.java:27)
	at org.junit.runners.ParentRunner.runLeaf(ParentRunner.java:271)
	at org.junit.runners.BlockJUnit4ClassRunner.runChild(BlockJUnit4ClassRunner.java:70)
	at org.junit.runners.BlockJUnit4ClassRunner.runChild(BlockJUnit4ClassRunner.java:50)
	at org.junit.runners.ParentRunner$3.run(ParentRunner.java:238)
	at org.junit.runners.ParentRunner$1.schedule(ParentRunner.java:63)
	at org.junit.runners.ParentRunner.runChildren(ParentRunner.java:236)
	at org.junit.runners.ParentRunner.access$000(ParentRunner.java:53)
	at org.junit.runners.ParentRunner$2.evaluate(ParentRunner.java:229)
	at org.junit.runners.ParentRunner.run(ParentRunner.java:309)
	at org.apache.maven.surefire.junit4.JUnit4Provider.execute(JUnit4Provider.java:365)
	at org.apache.maven.surefire.junit4.JUnit4Provider.executeWithRerun(JUnit4Provider.java:273)
	at org.apache.maven.surefire.junit4.JUnit4Provider.executeTestSet(JUnit4Provider.java:238)
	at org.apache.maven.surefire.junit4.JUnit4Provider.invoke(JUnit4Provider.java:159)
	at org.apache.maven.surefire.booter.ForkedBooter.invokeProviderInSameClassLoader(ForkedBooter.java:384)
	at org.apache.maven.surefire.booter.ForkedBooter.runSuitesInProcess(ForkedBooter.java:345)
	at org.apache.maven.surefire.booter.ForkedBooter.execute(ForkedBooter.java:126)
	at org.apache.maven.surefire.booter.ForkedBooter.main(ForkedBooter.java:418)

Aug 16, 2019 5:31:34 AM org.apache.ratis.thirdparty.io.grpc.internal.ManagedChannelOrphanWrapper$ManagedChannelReference cleanQueue
SEVERE: *~*~*~ Channel ManagedChannelImpl{logId=3209, target=192.168.69.65:38496} was not shutdown properly!!! ~*~*~*
    Make sure to call shutdown()/shutdownNow() and wait until awaitTermination() returns true.
java.lang.RuntimeException: ManagedChannel allocation site
	at org.apache.ratis.thirdparty.io.grpc.internal.ManagedChannelOrphanWrapper$ManagedChannelReference.<init>(ManagedChannelOrphanWrapper.java:103)
	at org.apache.ratis.thirdparty.io.grpc.internal.ManagedChannelOrphanWrapper.<init>(ManagedChannelOrphanWrapper.java:53)
	at org.apache.ratis.thirdparty.io.grpc.internal.ManagedChannelOrphanWrapper.<init>(ManagedChannelOrphanWrapper.java:44)
	at org.apache.ratis.thirdparty.io.grpc.internal.AbstractManagedChannelImplBuilder.build(AbstractManagedChannelImplBuilder.java:411)
	at org.apache.ratis.grpc.client.GrpcClientProtocolClient.<init>(GrpcClientProtocolClient.java:119)
	at org.apache.ratis.grpc.client.GrpcClientRpc.lambda$new$0(GrpcClientRpc.java:55)
	at org.apache.ratis.util.PeerProxyMap$PeerAndProxy.lambda$getProxy$0(PeerProxyMap.java:61)
	at org.apache.ratis.util.LifeCycle.startAndTransition(LifeCycle.java:202)
	at org.apache.ratis.util.PeerProxyMap$PeerAndProxy.getProxy(PeerProxyMap.java:60)
	at org.apache.ratis.util.PeerProxyMap.getProxy(PeerProxyMap.java:107)
	at org.apache.ratis.grpc.client.GrpcClientRpc.sendRequestAsync(GrpcClientRpc.java:66)
	at org.apache.ratis.client.impl.OrderedAsync.sendRequest(OrderedAsync.java:208)
	at org.apache.ratis.client.impl.OrderedAsync.sendRequestWithRetry(OrderedAsync.java:169)
	at org.apache.ratis.util.SlidingWindow$Client.sendOrDelayRequest(SlidingWindow.java:278)
	at org.apache.ratis.util.SlidingWindow$Client.retry(SlidingWindow.java:294)
	at org.apache.ratis.client.impl.OrderedAsync.lambda$scheduleWithTimeout$7(OrderedAsync.java:195)
	at org.apache.ratis.util.TimeoutScheduler.lambda$onTimeout$0(TimeoutScheduler.java:85)
	at org.apache.ratis.util.TimeoutScheduler.lambda$onTimeout$1(TimeoutScheduler.java:104)
	at org.apache.ratis.util.LogUtils.runAndLog(LogUtils.java:50)
	at org.apache.ratis.util.LogUtils$1.run(LogUtils.java:91)
	at java.util.concurrent.Executors$RunnableAdapter.call(Executors.java:511)
	at java.util.concurrent.FutureTask.run(FutureTask.java:266)
	at java.util.concurrent.ScheduledThreadPoolExecutor$ScheduledFutureTask.access$201(ScheduledThreadPoolExecutor.java:180)
	at java.util.concurrent.ScheduledThreadPoolExecutor$ScheduledFutureTask.run(ScheduledThreadPoolExecutor.java:293)
	at java.util.concurrent.ThreadPoolExecutor.runWorker(ThreadPoolExecutor.java:1149)
	at java.util.concurrent.ThreadPoolExecutor$Worker.run(ThreadPoolExecutor.java:624)
	at java.lang.Thread.run(Thread.java:748)

Aug 16, 2019 5:31:34 AM org.apache.ratis.thirdparty.io.grpc.internal.ManagedChannelOrphanWrapper$ManagedChannelReference cleanQueue
SEVERE: *~*~*~ Channel ManagedChannelImpl{logId=3228, target=192.168.69.65:43494} was not shutdown properly!!! ~*~*~*
    Make sure to call shutdown()/shutdownNow() and wait until awaitTermination() returns true.
java.lang.RuntimeException: ManagedChannel allocation site
	at org.apache.ratis.thirdparty.io.grpc.internal.ManagedChannelOrphanWrapper$ManagedChannelReference.<init>(ManagedChannelOrphanWrapper.java:103)
	at org.apache.ratis.thirdparty.io.grpc.internal.ManagedChannelOrphanWrapper.<init>(ManagedChannelOrphanWrapper.java:53)
	at org.apache.ratis.thirdparty.io.grpc.internal.ManagedChannelOrphanWrapper.<init>(ManagedChannelOrphanWrapper.java:44)
	at org.apache.ratis.thirdparty.io.grpc.internal.AbstractManagedChannelImplBuilder.build(AbstractManagedChannelImplBuilder.java:411)
	at org.apache.hadoop.hdds.scm.XceiverClientGrpc.connectToDatanode(XceiverClientGrpc.java:174)
	at org.apache.hadoop.hdds.scm.XceiverClientGrpc.reconnect(XceiverClientGrpc.java:422)
	at org.apache.hadoop.hdds.scm.XceiverClientGrpc.sendCommandAsync(XceiverClientGrpc.java:371)
	at org.apache.hadoop.hdds.scm.XceiverClientGrpc.sendCommandWithRetry(XceiverClientGrpc.java:284)
	at org.apache.hadoop.hdds.scm.XceiverClientGrpc.sendCommandWithTraceIDAndRetry(XceiverClientGrpc.java:250)
	at org.apache.hadoop.hdds.scm.XceiverClientGrpc.sendCommand(XceiverClientGrpc.java:233)
	at org.apache.hadoop.hdds.scm.storage.ContainerProtocolCalls.getBlock(ContainerProtocolCalls.java:118)
	at org.apache.hadoop.hdds.scm.storage.BlockInputStream.getChunkInfos(BlockInputStream.java:167)
	at org.apache.hadoop.hdds.scm.storage.BlockInputStream.initialize(BlockInputStream.java:118)
	at org.apache.hadoop.hdds.scm.storage.BlockInputStream.read(BlockInputStream.java:222)
	at org.apache.hadoop.ozone.client.io.KeyInputStream.read(KeyInputStream.java:171)
	at org.apache.hadoop.ozone.client.io.OzoneInputStream.read(OzoneInputStream.java:47)
	at java.io.InputStream.read(InputStream.java:101)
	at org.apache.hadoop.ozone.container.ContainerTestHelper.validateData(ContainerTestHelper.java:709)
	at org.apache.hadoop.ozone.client.rpc.TestBlockOutputStreamWithFailures.validateData(TestBlockOutputStreamWithFailures.java:1216)
	at org.apache.hadoop.ozone.client.rpc.TestBlockOutputStreamWithFailures.testWatchForCommitDatanodeFailure(TestBlockOutputStreamWithFailures.java:393)
	at sun.reflect.NativeMethodAccessorImpl.invoke0(Native Method)
	at sun.reflect.NativeMethodAccessorImpl.invoke(NativeMethodAccessorImpl.java:62)
	at sun.reflect.DelegatingMethodAccessorImpl.invoke(DelegatingMethodAccessorImpl.java:43)
	at java.lang.reflect.Method.invoke(Method.java:498)
	at org.junit.runners.model.FrameworkMethod$1.runReflectiveCall(FrameworkMethod.java:47)
	at org.junit.internal.runners.model.ReflectiveCallable.run(ReflectiveCallable.java:12)
	at org.junit.runners.model.FrameworkMethod.invokeExplosively(FrameworkMethod.java:44)
	at org.junit.internal.runners.statements.InvokeMethod.evaluate(InvokeMethod.java:17)
	at org.junit.internal.runners.statements.RunBefores.evaluate(RunBefores.java:26)
	at org.junit.internal.runners.statements.RunAfters.evaluate(RunAfters.java:27)
	at org.junit.runners.ParentRunner.runLeaf(ParentRunner.java:271)
	at org.junit.runners.BlockJUnit4ClassRunner.runChild(BlockJUnit4ClassRunner.java:70)
	at org.junit.runners.BlockJUnit4ClassRunner.runChild(BlockJUnit4ClassRunner.java:50)
	at org.junit.runners.ParentRunner$3.run(ParentRunner.java:238)
	at org.junit.runners.ParentRunner$1.schedule(ParentRunner.java:63)
	at org.junit.runners.ParentRunner.runChildren(ParentRunner.java:236)
	at org.junit.runners.ParentRunner.access$000(ParentRunner.java:53)
	at org.junit.runners.ParentRunner$2.evaluate(ParentRunner.java:229)
	at org.junit.runners.ParentRunner.run(ParentRunner.java:309)
	at org.apache.maven.surefire.junit4.JUnit4Provider.execute(JUnit4Provider.java:365)
	at org.apache.maven.surefire.junit4.JUnit4Provider.executeWithRerun(JUnit4Provider.java:273)
	at org.apache.maven.surefire.junit4.JUnit4Provider.executeTestSet(JUnit4Provider.java:238)
	at org.apache.maven.surefire.junit4.JUnit4Provider.invoke(JUnit4Provider.java:159)
	at org.apache.maven.surefire.booter.ForkedBooter.invokeProviderInSameClassLoader(ForkedBooter.java:384)
	at org.apache.maven.surefire.booter.ForkedBooter.runSuitesInProcess(ForkedBooter.java:345)
	at org.apache.maven.surefire.booter.ForkedBooter.execute(ForkedBooter.java:126)
	at org.apache.maven.surefire.booter.ForkedBooter.main(ForkedBooter.java:418)

Aug 16, 2019 5:31:34 AM org.apache.ratis.thirdparty.io.grpc.internal.ManagedChannelOrphanWrapper$ManagedChannelReference cleanQueue
SEVERE: *~*~*~ Channel ManagedChannelImpl{logId=3223, target=192.168.69.65:32931} was not shutdown properly!!! ~*~*~*
    Make sure to call shutdown()/shutdownNow() and wait until awaitTermination() returns true.
java.lang.RuntimeException: ManagedChannel allocation site
	at org.apache.ratis.thirdparty.io.grpc.internal.ManagedChannelOrphanWrapper$ManagedChannelReference.<init>(ManagedChannelOrphanWrapper.java:103)
	at org.apache.ratis.thirdparty.io.grpc.internal.ManagedChannelOrphanWrapper.<init>(ManagedChannelOrphanWrapper.java:53)
	at org.apache.ratis.thirdparty.io.grpc.internal.ManagedChannelOrphanWrapper.<init>(ManagedChannelOrphanWrapper.java:44)
	at org.apache.ratis.thirdparty.io.grpc.internal.AbstractManagedChannelImplBuilder.build(AbstractManagedChannelImplBuilder.java:411)
	at org.apache.hadoop.hdds.scm.XceiverClientGrpc.connectToDatanode(XceiverClientGrpc.java:174)
	at org.apache.hadoop.hdds.scm.XceiverClientGrpc.reconnect(XceiverClientGrpc.java:422)
	at org.apache.hadoop.hdds.scm.XceiverClientGrpc.sendCommandAsync(XceiverClientGrpc.java:371)
	at org.apache.hadoop.hdds.scm.XceiverClientGrpc.sendCommandWithRetry(XceiverClientGrpc.java:284)
	at org.apache.hadoop.hdds.scm.XceiverClientGrpc.sendCommandWithTraceIDAndRetry(XceiverClientGrpc.java:250)
	at org.apache.hadoop.hdds.scm.XceiverClientGrpc.sendCommand(XceiverClientGrpc.java:233)
	at org.apache.hadoop.hdds.scm.storage.ContainerProtocolCalls.readChunk(ContainerProtocolCalls.java:245)
	at org.apache.hadoop.hdds.scm.storage.ChunkInputStream.readChunk(ChunkInputStream.java:335)
	at org.apache.hadoop.hdds.scm.storage.ChunkInputStream.readChunkFromContainer(ChunkInputStream.java:307)
	at org.apache.hadoop.hdds.scm.storage.ChunkInputStream.prepareRead(ChunkInputStream.java:259)
	at org.apache.hadoop.hdds.scm.storage.ChunkInputStream.read(ChunkInputStream.java:144)
	at org.apache.hadoop.hdds.scm.storage.BlockInputStream.read(BlockInputStream.java:239)
	at org.apache.hadoop.ozone.client.io.KeyInputStream.read(KeyInputStream.java:171)
	at org.apache.hadoop.ozone.client.io.OzoneInputStream.read(OzoneInputStream.java:47)
	at java.io.InputStream.read(InputStream.java:101)
	at org.apache.hadoop.ozone.container.ContainerTestHelper.validateData(ContainerTestHelper.java:709)
	at org.apache.hadoop.ozone.client.rpc.TestBlockOutputStreamWithFailures.validateData(TestBlockOutputStreamWithFailures.java:1216)
	at org.apache.hadoop.ozone.client.rpc.TestBlockOutputStreamWithFailures.testWatchForCommitDatanodeFailure(TestBlockOutputStreamWithFailures.java:393)
	at sun.reflect.NativeMethodAccessorImpl.invoke0(Native Method)
	at sun.reflect.NativeMethodAccessorImpl.invoke(NativeMethodAccessorImpl.java:62)
	at sun.reflect.DelegatingMethodAccessorImpl.invoke(DelegatingMethodAccessorImpl.java:43)
	at java.lang.reflect.Method.invoke(Method.java:498)
	at org.junit.runners.model.FrameworkMethod$1.runReflectiveCall(FrameworkMethod.java:47)
	at org.junit.internal.runners.model.ReflectiveCallable.run(ReflectiveCallable.java:12)
	at org.junit.runners.model.FrameworkMethod.invokeExplosively(FrameworkMethod.java:44)
	at org.junit.internal.runners.statements.InvokeMethod.evaluate(InvokeMethod.java:17)
	at org.junit.internal.runners.statements.RunBefores.evaluate(RunBefores.java:26)
	at org.junit.internal.runners.statements.RunAfters.evaluate(RunAfters.java:27)
	at org.junit.runners.ParentRunner.runLeaf(ParentRunner.java:271)
	at org.junit.runners.BlockJUnit4ClassRunner.runChild(BlockJUnit4ClassRunner.java:70)
	at org.junit.runners.BlockJUnit4ClassRunner.runChild(BlockJUnit4ClassRunner.java:50)
	at org.junit.runners.ParentRunner$3.run(ParentRunner.java:238)
	at org.junit.runners.ParentRunner$1.schedule(ParentRunner.java:63)
	at org.junit.runners.ParentRunner.runChildren(ParentRunner.java:236)
	at org.junit.runners.ParentRunner.access$000(ParentRunner.java:53)
	at org.junit.runners.ParentRunner$2.evaluate(ParentRunner.java:229)
	at org.junit.runners.ParentRunner.run(ParentRunner.java:309)
	at org.apache.maven.surefire.junit4.JUnit4Provider.execute(JUnit4Provider.java:365)
	at org.apache.maven.surefire.junit4.JUnit4Provider.executeWithRerun(JUnit4Provider.java:273)
	at org.apache.maven.surefire.junit4.JUnit4Provider.executeTestSet(JUnit4Provider.java:238)
	at org.apache.maven.surefire.junit4.JUnit4Provider.invoke(JUnit4Provider.java:159)
	at org.apache.maven.surefire.booter.ForkedBooter.invokeProviderInSameClassLoader(ForkedBooter.java:384)
	at org.apache.maven.surefire.booter.ForkedBooter.runSuitesInProcess(ForkedBooter.java:345)
	at org.apache.maven.surefire.booter.ForkedBooter.execute(ForkedBooter.java:126)
	at org.apache.maven.surefire.booter.ForkedBooter.main(ForkedBooter.java:418)

]]></system-err>
  </testcase>
  <testcase name="testWatchForCommitWithCloseContainerException" classname="org.apache.hadoop.ozone.client.rpc.TestBlockOutputStreamWithFailures" time="35.321"/>
  <testcase name="testExceptionDuringClose" classname="org.apache.hadoop.ozone.client.rpc.TestBlockOutputStreamWithFailures" time="40.238"/>
</testsuite>