<?xml version="1.0" encoding="UTF-8"?>
<testsuite xmlns:xsi="http://www.w3.org/2001/XMLSchema-instance" xsi:noNamespaceSchemaLocation="https://maven.apache.org/surefire/maven-surefire-plugin/xsd/surefire-test-report.xsd" name="org.apache.hadoop.ozone.client.rpc.TestCommitWatcher" time="49.205" tests="2" errors="0" skipped="0" failures="1">
  <properties>
    <property name="awt.toolkit" value="sun.awt.X11.XToolkit"/>
    <property name="file.encoding.pkg" value="sun.io"/>
    <property name="java.specification.version" value="1.8"/>
    <property name="sun.cpu.isalist" value=""/>
    <property name="sun.jnu.encoding" value="UTF-8"/>
    <property name="java.class.path" value="/workdir/hadoop-ozone/integration-test/target/test-classes:/workdir/hadoop-ozone/integration-test/target/classes:/home/user/.m2/repository/org/apache/hadoop/hadoop-ozone-common/0.5.0-SNAPSHOT/hadoop-ozone-common-0.5.0-SNAPSHOT.jar:/home/user/.m2/repository/org/apache/commons/commons-compress/1.4.1/commons-compress-1.4.1.jar:/home/user/.m2/repository/org/tukaani/xz/1.0/xz-1.0.jar:/home/user/.m2/repository/org/apache/hadoop/hadoop-common/3.2.0/hadoop-common-3.2.0.jar:/home/user/.m2/repository/org/apache/hadoop/hadoop-hdfs/3.2.0/hadoop-hdfs-3.2.0.jar:/home/user/.m2/repository/org/apache/hadoop/hadoop-hdfs-client/3.2.0/hadoop-hdfs-client-3.2.0.jar:/home/user/.m2/repository/com/fasterxml/jackson/core/jackson-annotations/2.9.5/jackson-annotations-2.9.5.jar:/home/user/.m2/repository/org/apache/hadoop/hadoop-hdds-common/0.5.0-SNAPSHOT/hadoop-hdds-common-0.5.0-SNAPSHOT.jar:/home/user/.m2/repository/javax/annotation/javax.annotation-api/1.2/javax.annotation-api-1.2.jar:/home/user/.m2/repository/org/apache/ratis/ratis-server/0.4.0-2337318-SNAPSHOT/ratis-server-0.4.0-2337318-SNAPSHOT.jar:/home/user/.m2/repository/org/apache/ratis/ratis-thirdparty-misc/0.2.0/ratis-thirdparty-misc-0.2.0.jar:/home/user/.m2/repository/org/apache/ratis/ratis-proto/0.4.0-2337318-SNAPSHOT/ratis-proto-0.4.0-2337318-SNAPSHOT.jar:/home/user/.m2/repository/org/apache/ratis/ratis-common/0.4.0-2337318-SNAPSHOT/ratis-common-0.4.0-2337318-SNAPSHOT.jar:/home/user/.m2/repository/org/apache/ratis/ratis-client/0.4.0-2337318-SNAPSHOT/ratis-client-0.4.0-2337318-SNAPSHOT.jar:/home/user/.m2/repository/org/apache/ratis/ratis-metrics/0.4.0-2337318-SNAPSHOT/ratis-metrics-0.4.0-2337318-SNAPSHOT.jar:/home/user/.m2/repository/org/apache/ratis/ratis-netty/0.4.0-2337318-SNAPSHOT/ratis-netty-0.4.0-2337318-SNAPSHOT.jar:/home/user/.m2/repository/org/apache/ratis/ratis-grpc/0.4.0-2337318-SNAPSHOT/ratis-grpc-0.4.0-2337318-SNAPSHOT.jar:/home/user/.m2/repository/org/rocksdb/rocksdbjni/6.0.1/rocksdbjni-6.0.1.jar:/home/user/.m2/repository/org/apache/logging/log4j/log4j-api/2.11.0/log4j-api-2.11.0.jar:/home/user/.m2/repository/org/apache/logging/log4j/log4j-core/2.11.0/log4j-core-2.11.0.jar:/home/user/.m2/repository/com/lmax/disruptor/3.4.2/disruptor-3.4.2.jar:/home/user/.m2/repository/org/apache/commons/commons-pool2/2.6.0/commons-pool2-2.6.0.jar:/home/user/.m2/repository/org/bouncycastle/bcpkix-jdk15on/1.60/bcpkix-jdk15on-1.60.jar:/home/user/.m2/repository/commons-validator/commons-validator/1.6/commons-validator-1.6.jar:/home/user/.m2/repository/commons-digester/commons-digester/1.8.1/commons-digester-1.8.1.jar:/home/user/.m2/repository/io/jaegertracing/jaeger-client/0.33.1/jaeger-client-0.33.1.jar:/home/user/.m2/repository/io/jaegertracing/jaeger-thrift/0.33.1/jaeger-thrift-0.33.1.jar:/home/user/.m2/repository/org/apache/thrift/libthrift/0.11.0/libthrift-0.11.0.jar:/home/user/.m2/repository/com/squareup/okhttp3/okhttp/3.9.0/okhttp-3.9.0.jar:/home/user/.m2/repository/com/squareup/okio/okio/1.13.0/okio-1.13.0.jar:/home/user/.m2/repository/io/jaegertracing/jaeger-core/0.33.1/jaeger-core-0.33.1.jar:/home/user/.m2/repository/io/jaegertracing/jaeger-tracerresolver/0.33.1/jaeger-tracerresolver-0.33.1.jar:/home/user/.m2/repository/io/opentracing/contrib/opentracing-tracerresolver/0.1.5/opentracing-tracerresolver-0.1.5.jar:/home/user/.m2/repository/io/opentracing/opentracing-util/0.31.0/opentracing-util-0.31.0.jar:/home/user/.m2/repository/io/opentracing/opentracing-api/0.31.0/opentracing-api-0.31.0.jar:/home/user/.m2/repository/io/opentracing/opentracing-noop/0.31.0/opentracing-noop-0.31.0.jar:/home/user/.m2/repository/org/apache/hadoop/hadoop-hdds-server-framework/0.5.0-SNAPSHOT/hadoop-hdds-server-framework-0.5.0-SNAPSHOT.jar:/home/user/.m2/repository/org/apache/hadoop/hadoop-hdds-container-service/0.5.0-SNAPSHOT/hadoop-hdds-container-service-0.5.0-SNAPSHOT.jar:/home/user/.m2/repository/org/apache/hadoop/hadoop-hdds-client/0.5.0-SNAPSHOT/hadoop-hdds-client-0.5.0-SNAPSHOT.jar:/home/user/.m2/repository/org/apache/hadoop/hadoop-hdds-tools/0.5.0-SNAPSHOT/hadoop-hdds-tools-0.5.0-SNAPSHOT.jar:/home/user/.m2/repository/org/apache/hadoop/hadoop-hdds-server-scm/0.5.0-SNAPSHOT/hadoop-hdds-server-scm-0.5.0-SNAPSHOT.jar:/home/user/.m2/repository/org/apache/hadoop/hadoop-hdds-docs/0.5.0-SNAPSHOT/hadoop-hdds-docs-0.5.0-SNAPSHOT.jar:/home/user/.m2/repository/io/dropwizard/metrics/metrics-core/3.2.4/metrics-core-3.2.4.jar:/home/user/.m2/repository/org/hamcrest/hamcrest-all/1.3/hamcrest-all-1.3.jar:/home/user/.m2/repository/org/bouncycastle/bcprov-jdk15on/1.60/bcprov-jdk15on-1.60.jar:/home/user/.m2/repository/info/picocli/picocli/3.9.6/picocli-3.9.6.jar:/home/user/.m2/repository/com/google/protobuf/protobuf-java/2.5.0/protobuf-java-2.5.0.jar:/home/user/.m2/repository/com/google/guava/guava/11.0.2/guava-11.0.2.jar:/home/user/.m2/repository/org/apache/hadoop/hadoop-ozone-ozone-manager/0.5.0-SNAPSHOT/hadoop-ozone-ozone-manager-0.5.0-SNAPSHOT.jar:/home/user/.m2/repository/org/apache/hadoop/hadoop-minikdc/3.2.0/hadoop-minikdc-3.2.0.jar:/home/user/.m2/repository/commons-io/commons-io/2.5/commons-io-2.5.jar:/home/user/.m2/repository/org/apache/kerby/kerb-simplekdc/1.0.1/kerb-simplekdc-1.0.1.jar:/home/user/.m2/repository/org/apache/kerby/kerb-client/1.0.1/kerb-client-1.0.1.jar:/home/user/.m2/repository/org/apache/kerby/kerby-config/1.0.1/kerby-config-1.0.1.jar:/home/user/.m2/repository/org/apache/kerby/kerb-core/1.0.1/kerb-core-1.0.1.jar:/home/user/.m2/repository/org/apache/kerby/kerby-pkix/1.0.1/kerby-pkix-1.0.1.jar:/home/user/.m2/repository/org/apache/kerby/kerby-asn1/1.0.1/kerby-asn1-1.0.1.jar:/home/user/.m2/repository/org/apache/kerby/kerby-util/1.0.1/kerby-util-1.0.1.jar:/home/user/.m2/repository/org/apache/kerby/kerb-common/1.0.1/kerb-common-1.0.1.jar:/home/user/.m2/repository/org/apache/kerby/kerb-crypto/1.0.1/kerb-crypto-1.0.1.jar:/home/user/.m2/repository/org/apache/kerby/kerb-util/1.0.1/kerb-util-1.0.1.jar:/home/user/.m2/repository/org/apache/kerby/token-provider/1.0.1/token-provider-1.0.1.jar:/home/user/.m2/repository/org/apache/kerby/kerb-admin/1.0.1/kerb-admin-1.0.1.jar:/home/user/.m2/repository/org/apache/kerby/kerb-server/1.0.1/kerb-server-1.0.1.jar:/home/user/.m2/repository/org/apache/kerby/kerb-identity/1.0.1/kerb-identity-1.0.1.jar:/home/user/.m2/repository/org/apache/kerby/kerby-xdr/1.0.1/kerby-xdr-1.0.1.jar:/home/user/.m2/repository/org/slf4j/slf4j-log4j12/1.7.25/slf4j-log4j12-1.7.25.jar:/home/user/.m2/repository/org/apache/hadoop/hadoop-ozone-objectstore-service/0.5.0-SNAPSHOT/hadoop-ozone-objectstore-service-0.5.0-SNAPSHOT.jar:/home/user/.m2/repository/org/apache/hadoop/hadoop-ozone-s3gateway/0.5.0-SNAPSHOT/hadoop-ozone-s3gateway-0.5.0-SNAPSHOT.jar:/home/user/.m2/repository/org/jboss/weld/servlet/weld-servlet/2.4.7.Final/weld-servlet-2.4.7.Final.jar:/home/user/.m2/repository/org/glassfish/jersey/containers/jersey-container-servlet-core/2.27/jersey-container-servlet-core-2.27.jar:/home/user/.m2/repository/org/glassfish/hk2/external/javax.inject/2.5.0-b42/javax.inject-2.5.0-b42.jar:/home/user/.m2/repository/org/glassfish/jersey/core/jersey-common/2.27/jersey-common-2.27.jar:/home/user/.m2/repository/org/glassfish/hk2/osgi-resource-locator/1.0.1/osgi-resource-locator-1.0.1.jar:/home/user/.m2/repository/javax/ws/rs/javax.ws.rs-api/2.1/javax.ws.rs-api-2.1.jar:/home/user/.m2/repository/org/glassfish/jersey/ext/cdi/jersey-cdi1x/2.27/jersey-cdi1x-2.27.jar:/home/user/.m2/repository/org/glassfish/jersey/inject/jersey-hk2/2.27/jersey-hk2-2.27.jar:/home/user/.m2/repository/org/glassfish/hk2/hk2-locator/2.5.0-b42/hk2-locator-2.5.0-b42.jar:/home/user/.m2/repository/org/javassist/javassist/3.22.0-CR2/javassist-3.22.0-CR2.jar:/home/user/.m2/repository/org/glassfish/hk2/hk2-api/2.5.0/hk2-api-2.5.0.jar:/home/user/.m2/repository/org/glassfish/hk2/external/jakarta.inject/2.5.0/jakarta.inject-2.5.0.jar:/home/user/.m2/repository/org/glassfish/hk2/hk2-utils/2.5.0/hk2-utils-2.5.0.jar:/home/user/.m2/repository/jakarta/annotation/jakarta.annotation-api/1.3.4/jakarta.annotation-api-1.3.4.jar:/home/user/.m2/repository/org/glassfish/hk2/external/aopalliance-repackaged/2.5.0/aopalliance-repackaged-2.5.0.jar:/home/user/.m2/repository/com/fasterxml/jackson/dataformat/jackson-dataformat-xml/2.9.0/jackson-dataformat-xml-2.9.0.jar:/home/user/.m2/repository/com/fasterxml/jackson/core/jackson-core/2.9.5/jackson-core-2.9.5.jar:/home/user/.m2/repository/com/fasterxml/jackson/module/jackson-module-jaxb-annotations/2.9.5/jackson-module-jaxb-annotations-2.9.5.jar:/home/user/.m2/repository/javax/enterprise/cdi-api/1.2/cdi-api-1.2.jar:/home/user/.m2/repository/javax/el/javax.el-api/3.0.0/javax.el-api-3.0.0.jar:/home/user/.m2/repository/javax/interceptor/javax.interceptor-api/1.2/javax.interceptor-api-1.2.jar:/home/user/.m2/repository/javax/inject/javax.inject/1/javax.inject-1.jar:/home/user/.m2/repository/com/sun/xml/bind/jaxb-impl/2.3.0.1/jaxb-impl-2.3.0.1.jar:/home/user/.m2/repository/com/sun/xml/bind/jaxb-core/2.3.0.1/jaxb-core-2.3.0.1.jar:/home/user/.m2/repository/javax/xml/bind/jaxb-api/2.3.0/jaxb-api-2.3.0.jar:/home/user/.m2/repository/javax/activation/activation/1.1.1/activation-1.1.1.jar:/home/user/.m2/repository/org/apache/hadoop/hadoop-ozone-csi/0.5.0-SNAPSHOT/hadoop-ozone-csi-0.5.0-SNAPSHOT.jar:/home/user/.m2/repository/com/google/protobuf/protobuf-java-util/3.5.1/protobuf-java-util-3.5.1.jar:/home/user/.m2/repository/org/apache/hadoop/hadoop-hdds-config/0.5.0-SNAPSHOT/hadoop-hdds-config-0.5.0-SNAPSHOT.jar:/home/user/.m2/repository/io/grpc/grpc-netty/1.17.1/grpc-netty-1.17.1.jar:/home/user/.m2/repository/io/grpc/grpc-core/1.17.1/grpc-core-1.17.1.jar:/home/user/.m2/repository/io/grpc/grpc-context/1.17.1/grpc-context-1.17.1.jar:/home/user/.m2/repository/com/google/errorprone/error_prone_annotations/2.2.0/error_prone_annotations-2.2.0.jar:/home/user/.m2/repository/org/codehaus/mojo/animal-sniffer-annotations/1.17/animal-sniffer-annotations-1.17.jar:/home/user/.m2/repository/io/opencensus/opencensus-api/0.17.0/opencensus-api-0.17.0.jar:/home/user/.m2/repository/io/opencensus/opencensus-contrib-grpc-metrics/0.17.0/opencensus-contrib-grpc-metrics-0.17.0.jar:/home/user/.m2/repository/io/netty/netty-codec-http2/4.1.30.Final/netty-codec-http2-4.1.30.Final.jar:/home/user/.m2/repository/io/netty/netty-codec-http/4.1.30.Final/netty-codec-http-4.1.30.Final.jar:/home/user/.m2/repository/io/netty/netty-codec/4.1.30.Final/netty-codec-4.1.30.Final.jar:/home/user/.m2/repository/io/netty/netty-handler/4.1.30.Final/netty-handler-4.1.30.Final.jar:/home/user/.m2/repository/io/netty/netty-handler-proxy/4.1.30.Final/netty-handler-proxy-4.1.30.Final.jar:/home/user/.m2/repository/io/netty/netty-codec-socks/4.1.30.Final/netty-codec-socks-4.1.30.Final.jar:/home/user/.m2/repository/io/netty/netty-transport-native-epoll/4.1.30.Final/netty-transport-native-epoll-4.1.30.Final.jar:/home/user/.m2/repository/io/netty/netty-common/4.1.30.Final/netty-common-4.1.30.Final.jar:/home/user/.m2/repository/io/netty/netty-buffer/4.1.30.Final/netty-buffer-4.1.30.Final.jar:/home/user/.m2/repository/io/netty/netty-transport/4.1.30.Final/netty-transport-4.1.30.Final.jar:/home/user/.m2/repository/io/netty/netty-resolver/4.1.30.Final/netty-resolver-4.1.30.Final.jar:/home/user/.m2/repository/io/netty/netty-transport-native-unix-common/4.1.30.Final/netty-transport-native-unix-common-4.1.30.Final.jar:/home/user/.m2/repository/io/grpc/grpc-protobuf/1.17.1/grpc-protobuf-1.17.1.jar:/home/user/.m2/repository/com/google/api/grpc/proto-google-common-protos/1.0.0/proto-google-common-protos-1.0.0.jar:/home/user/.m2/repository/io/grpc/grpc-protobuf-lite/1.17.1/grpc-protobuf-lite-1.17.1.jar:/home/user/.m2/repository/io/grpc/grpc-stub/1.17.1/grpc-stub-1.17.1.jar:/home/user/.m2/repository/org/apache/hadoop/hadoop-ozone-recon/0.5.0-SNAPSHOT/hadoop-ozone-recon-0.5.0-SNAPSHOT.jar:/home/user/.m2/repository/org/apache/hadoop/hadoop-ozone-reconcodegen/0.5.0-SNAPSHOT/hadoop-ozone-reconcodegen-0.5.0-SNAPSHOT.jar:/home/user/.m2/repository/com/google/inject/extensions/guice-multibindings/4.0/guice-multibindings-4.0.jar:/home/user/.m2/repository/com/google/inject/guice/4.0/guice-4.0.jar:/home/user/.m2/repository/aopalliance/aopalliance/1.0/aopalliance-1.0.jar:/home/user/.m2/repository/com/google/inject/extensions/guice-servlet/4.0/guice-servlet-4.0.jar:/home/user/.m2/repository/org/glassfish/jersey/containers/jersey-container-servlet/2.27/jersey-container-servlet-2.27.jar:/home/user/.m2/repository/org/glassfish/hk2/guice-bridge/2.5.0/guice-bridge-2.5.0.jar:/home/user/.m2/repository/org/glassfish/jersey/core/jersey-server/2.27/jersey-server-2.27.jar:/home/user/.m2/repository/org/glassfish/jersey/core/jersey-client/2.27/jersey-client-2.27.jar:/home/user/.m2/repository/org/glassfish/jersey/media/jersey-media-jaxb/2.27/jersey-media-jaxb-2.27.jar:/home/user/.m2/repository/javax/validation/validation-api/1.1.0.Final/validation-api-1.1.0.Final.jar:/home/user/.m2/repository/org/glassfish/jersey/media/jersey-media-json-jackson/2.27/jersey-media-json-jackson-2.27.jar:/home/user/.m2/repository/org/glassfish/jersey/ext/jersey-entity-filtering/2.27/jersey-entity-filtering-2.27.jar:/home/user/.m2/repository/com/google/inject/extensions/guice-assistedinject/4.0/guice-assistedinject-4.0.jar:/home/user/.m2/repository/org/jooq/jooq/3.11.10/jooq-3.11.10.jar:/home/user/.m2/repository/org/jooq/jooq-meta/3.11.10/jooq-meta-3.11.10.jar:/home/user/.m2/repository/org/jooq/jooq-codegen/3.11.10/jooq-codegen-3.11.10.jar:/home/user/.m2/repository/com/jolbox/bonecp/0.8.0.RELEASE/bonecp-0.8.0.RELEASE.jar:/home/user/.m2/repository/org/xerial/sqlite-jdbc/3.25.2/sqlite-jdbc-3.25.2.jar:/home/user/.m2/repository/org/springframework/spring-jdbc/5.1.3.RELEASE/spring-jdbc-5.1.3.RELEASE.jar:/home/user/.m2/repository/org/springframework/spring-beans/5.1.3.RELEASE/spring-beans-5.1.3.RELEASE.jar:/home/user/.m2/repository/org/springframework/spring-core/5.1.3.RELEASE/spring-core-5.1.3.RELEASE.jar:/home/user/.m2/repository/org/springframework/spring-jcl/5.1.3.RELEASE/spring-jcl-5.1.3.RELEASE.jar:/home/user/.m2/repository/org/springframework/spring-tx/5.1.3.RELEASE/spring-tx-5.1.3.RELEASE.jar:/home/user/.m2/repository/org/apache/hadoop/hadoop-ozone-client/0.5.0-SNAPSHOT/hadoop-ozone-client-0.5.0-SNAPSHOT.jar:/home/user/.m2/repository/commons-lang/commons-lang/2.6/commons-lang-2.6.jar:/home/user/.m2/repository/org/apache/hadoop/hadoop-ozone-ozone-manager/0.5.0-SNAPSHOT/hadoop-ozone-ozone-manager-0.5.0-SNAPSHOT-tests.jar:/home/user/.m2/repository/junit/junit/4.11/junit-4.11.jar:/home/user/.m2/repository/org/hamcrest/hamcrest-core/1.3/hamcrest-core-1.3.jar:/home/user/.m2/repository/org/openjdk/jmh/jmh-core/1.19/jmh-core-1.19.jar:/home/user/.m2/repository/net/sf/jopt-simple/jopt-simple/4.6/jopt-simple-4.6.jar:/home/user/.m2/repository/org/apache/commons/commons-math3/3.1.1/commons-math3-3.1.1.jar:/home/user/.m2/repository/org/openjdk/jmh/jmh-generator-annprocess/1.19/jmh-generator-annprocess-1.19.jar:/home/user/.m2/repository/org/mockito/mockito-all/1.8.5/mockito-all-1.8.5.jar:/home/user/.m2/repository/org/apache/hadoop/hadoop-kms/3.2.0/hadoop-kms-3.2.0.jar:/home/user/.m2/repository/org/apache/hadoop/hadoop-auth/3.2.0/hadoop-auth-3.2.0.jar:/home/user/.m2/repository/com/nimbusds/nimbus-jose-jwt/4.41.1/nimbus-jose-jwt-4.41.1.jar:/home/user/.m2/repository/com/github/stephenc/jcip/jcip-annotations/1.0-1/jcip-annotations-1.0-1.jar:/home/user/.m2/repository/net/minidev/json-smart/2.3/json-smart-2.3.jar:/home/user/.m2/repository/net/minidev/accessors-smart/1.2/accessors-smart-1.2.jar:/home/user/.m2/repository/org/ow2/asm/asm/5.0.4/asm-5.0.4.jar:/home/user/.m2/repository/org/apache/curator/curator-framework/2.12.0/curator-framework-2.12.0.jar:/home/user/.m2/repository/com/sun/jersey/jersey-core/1.19/jersey-core-1.19.jar:/home/user/.m2/repository/javax/ws/rs/jsr311-api/1.1.1/jsr311-api-1.1.1.jar:/home/user/.m2/repository/com/sun/jersey/jersey-server/1.19/jersey-server-1.19.jar:/home/user/.m2/repository/javax/servlet/javax.servlet-api/3.1.0/javax.servlet-api-3.1.0.jar:/home/user/.m2/repository/org/eclipse/jetty/jetty-server/9.3.24.v20180605/jetty-server-9.3.24.v20180605.jar:/home/user/.m2/repository/org/eclipse/jetty/jetty-http/9.3.24.v20180605/jetty-http-9.3.24.v20180605.jar:/home/user/.m2/repository/org/eclipse/jetty/jetty-io/9.3.24.v20180605/jetty-io-9.3.24.v20180605.jar:/home/user/.m2/repository/org/eclipse/jetty/jetty-webapp/9.3.24.v20180605/jetty-webapp-9.3.24.v20180605.jar:/home/user/.m2/repository/org/eclipse/jetty/jetty-xml/9.3.24.v20180605/jetty-xml-9.3.24.v20180605.jar:/home/user/.m2/repository/log4j/log4j/1.2.17/log4j-1.2.17.jar:/home/user/.m2/repository/org/slf4j/slf4j-api/1.7.25/slf4j-api-1.7.25.jar:/home/user/.m2/repository/org/slf4j/jul-to-slf4j/1.7.25/jul-to-slf4j-1.7.25.jar:/home/user/.m2/repository/org/eclipse/jetty/jetty-util/9.3.24.v20180605/jetty-util-9.3.24.v20180605.jar:/home/user/.m2/repository/com/fasterxml/jackson/core/jackson-databind/2.9.5/jackson-databind-2.9.5.jar:/home/user/.m2/repository/org/apache/hadoop/hadoop-kms/3.2.0/hadoop-kms-3.2.0-tests.jar:/home/user/.m2/repository/org/apache/hadoop/hadoop-hdds-server-scm/0.5.0-SNAPSHOT/hadoop-hdds-server-scm-0.5.0-SNAPSHOT-tests.jar:/home/user/.m2/repository/org/apache/hadoop/hadoop-hdds-container-service/0.5.0-SNAPSHOT/hadoop-hdds-container-service-0.5.0-SNAPSHOT-tests.jar:/home/user/.m2/repository/org/yaml/snakeyaml/1.16/snakeyaml-1.16.jar:/home/user/.m2/repository/org/apache/hadoop/hadoop-common/3.2.0/hadoop-common-3.2.0-tests.jar:/home/user/.m2/repository/org/apache/hadoop/hadoop-annotations/3.2.0/hadoop-annotations-3.2.0.jar:/usr/lib/jvm/java-1.8-openjdk/jre/../lib/tools.jar:/home/user/.m2/repository/commons-cli/commons-cli/1.2/commons-cli-1.2.jar:/home/user/.m2/repository/org/apache/httpcomponents/httpclient/4.5.2/httpclient-4.5.2.jar:/home/user/.m2/repository/org/apache/httpcomponents/httpcore/4.4.4/httpcore-4.4.4.jar:/home/user/.m2/repository/commons-codec/commons-codec/1.11/commons-codec-1.11.jar:/home/user/.m2/repository/commons-net/commons-net/3.6/commons-net-3.6.jar:/home/user/.m2/repository/commons-collections/commons-collections/3.2.2/commons-collections-3.2.2.jar:/home/user/.m2/repository/org/eclipse/jetty/jetty-servlet/9.3.24.v20180605/jetty-servlet-9.3.24.v20180605.jar:/home/user/.m2/repository/org/eclipse/jetty/jetty-security/9.3.24.v20180605/jetty-security-9.3.24.v20180605.jar:/home/user/.m2/repository/javax/servlet/jsp/jsp-api/2.1/jsp-api-2.1.jar:/home/user/.m2/repository/com/sun/jersey/jersey-servlet/1.19/jersey-servlet-1.19.jar:/home/user/.m2/repository/com/sun/jersey/jersey-json/1.19/jersey-json-1.19.jar:/home/user/.m2/repository/org/codehaus/jettison/jettison/1.1/jettison-1.1.jar:/home/user/.m2/repository/org/codehaus/jackson/jackson-core-asl/1.9.13/jackson-core-asl-1.9.13.jar:/home/user/.m2/repository/org/codehaus/jackson/jackson-mapper-asl/1.9.13/jackson-mapper-asl-1.9.13.jar:/home/user/.m2/repository/org/codehaus/jackson/jackson-jaxrs/1.9.13/jackson-jaxrs-1.9.13.jar:/home/user/.m2/repository/org/codehaus/jackson/jackson-xc/1.9.13/jackson-xc-1.9.13.jar:/home/user/.m2/repository/commons-logging/commons-logging/1.1.3/commons-logging-1.1.3.jar:/home/user/.m2/repository/commons-beanutils/commons-beanutils/1.9.3/commons-beanutils-1.9.3.jar:/home/user/.m2/repository/org/apache/commons/commons-configuration2/2.1.1/commons-configuration2-2.1.1.jar:/home/user/.m2/repository/org/apache/commons/commons-lang3/3.7/commons-lang3-3.7.jar:/home/user/.m2/repository/org/apache/commons/commons-text/1.4/commons-text-1.4.jar:/home/user/.m2/repository/org/apache/avro/avro/1.7.7/avro-1.7.7.jar:/home/user/.m2/repository/com/thoughtworks/paranamer/paranamer/2.3/paranamer-2.3.jar:/home/user/.m2/repository/org/xerial/snappy/snappy-java/1.0.5/snappy-java-1.0.5.jar:/home/user/.m2/repository/com/google/re2j/re2j/1.1/re2j-1.1.jar:/home/user/.m2/repository/com/google/code/gson/gson/2.2.4/gson-2.2.4.jar:/home/user/.m2/repository/com/jcraft/jsch/0.1.54/jsch-0.1.54.jar:/home/user/.m2/repository/org/apache/curator/curator-client/2.12.0/curator-client-2.12.0.jar:/home/user/.m2/repository/org/apache/curator/curator-recipes/2.12.0/curator-recipes-2.12.0.jar:/home/user/.m2/repository/com/google/code/findbugs/jsr305/3.0.0/jsr305-3.0.0.jar:/home/user/.m2/repository/org/apache/htrace/htrace-core4/4.1.0-incubating/htrace-core4-4.1.0-incubating.jar:/home/user/.m2/repository/org/apache/zookeeper/zookeeper/3.4.13/zookeeper-3.4.13.jar:/home/user/.m2/repository/org/apache/yetus/audience-annotations/0.5.0/audience-annotations-0.5.0.jar:/home/user/.m2/repository/org/codehaus/woodstox/stax2-api/3.1.4/stax2-api-3.1.4.jar:/home/user/.m2/repository/com/fasterxml/woodstox/woodstox-core/5.0.3/woodstox-core-5.0.3.jar:/home/user/.m2/repository/dnsjava/dnsjava/2.1.7/dnsjava-2.1.7.jar:/home/user/.m2/repository/org/apache/hadoop/hadoop-hdfs/3.2.0/hadoop-hdfs-3.2.0-tests.jar:/home/user/.m2/repository/org/eclipse/jetty/jetty-util-ajax/9.3.24.v20180605/jetty-util-ajax-9.3.24.v20180605.jar:/home/user/.m2/repository/commons-daemon/commons-daemon/1.0.13/commons-daemon-1.0.13.jar:/home/user/.m2/repository/io/netty/netty/3.10.5.Final/netty-3.10.5.Final.jar:/home/user/.m2/repository/io/netty/netty-all/4.0.52.Final/netty-all-4.0.52.Final.jar:/home/user/.m2/repository/org/fusesource/leveldbjni/leveldbjni-all/1.8/leveldbjni-all-1.8.jar:"/>
    <property name="java.vm.vendor" value="IcedTea"/>
    <property name="sun.arch.data.model" value="64"/>
    <property name="test.build.dir" value="/workdir/hadoop-ozone/integration-test/target/test-dir"/>
    <property name="test.cache.data" value=""/>
    <property name="java.vendor.url" value="https://icedtea.classpath.org"/>
    <property name="user.timezone" value=""/>
    <property name="java.vm.specification.version" value="1.8"/>
    <property name="os.name" value="Linux"/>
    <property name="test.build.data" value="/workdir/hadoop-ozone/integration-test/target/test-dir"/>
    <property name="user.country" value="US"/>
    <property name="sun.java.launcher" value="SUN_STANDARD"/>
    <property name="sun.boot.library.path" value="/usr/lib/jvm/java-1.8-openjdk/jre/lib/amd64"/>
    <property name="sun.java.command" value="/workdir/hadoop-ozone/integration-test/target/surefire/surefirebooter4335821031150205401.jar /workdir/hadoop-ozone/integration-test/target/surefire 2019-08-16T05-12-58_794-jvmRun1 surefire3916186737967470941tmp surefire_315277471781389014417tmp"/>
    <property name="test" value="!TestMiniChaosOzoneCluster"/>
    <property name="surefire.test.class.path" value="/workdir/hadoop-ozone/integration-test/target/test-classes:/workdir/hadoop-ozone/integration-test/target/classes:/home/user/.m2/repository/org/apache/hadoop/hadoop-ozone-common/0.5.0-SNAPSHOT/hadoop-ozone-common-0.5.0-SNAPSHOT.jar:/home/user/.m2/repository/org/apache/commons/commons-compress/1.4.1/commons-compress-1.4.1.jar:/home/user/.m2/repository/org/tukaani/xz/1.0/xz-1.0.jar:/home/user/.m2/repository/org/apache/hadoop/hadoop-common/3.2.0/hadoop-common-3.2.0.jar:/home/user/.m2/repository/org/apache/hadoop/hadoop-hdfs/3.2.0/hadoop-hdfs-3.2.0.jar:/home/user/.m2/repository/org/apache/hadoop/hadoop-hdfs-client/3.2.0/hadoop-hdfs-client-3.2.0.jar:/home/user/.m2/repository/com/fasterxml/jackson/core/jackson-annotations/2.9.5/jackson-annotations-2.9.5.jar:/home/user/.m2/repository/org/apache/hadoop/hadoop-hdds-common/0.5.0-SNAPSHOT/hadoop-hdds-common-0.5.0-SNAPSHOT.jar:/home/user/.m2/repository/javax/annotation/javax.annotation-api/1.2/javax.annotation-api-1.2.jar:/home/user/.m2/repository/org/apache/ratis/ratis-server/0.4.0-2337318-SNAPSHOT/ratis-server-0.4.0-2337318-SNAPSHOT.jar:/home/user/.m2/repository/org/apache/ratis/ratis-thirdparty-misc/0.2.0/ratis-thirdparty-misc-0.2.0.jar:/home/user/.m2/repository/org/apache/ratis/ratis-proto/0.4.0-2337318-SNAPSHOT/ratis-proto-0.4.0-2337318-SNAPSHOT.jar:/home/user/.m2/repository/org/apache/ratis/ratis-common/0.4.0-2337318-SNAPSHOT/ratis-common-0.4.0-2337318-SNAPSHOT.jar:/home/user/.m2/repository/org/apache/ratis/ratis-client/0.4.0-2337318-SNAPSHOT/ratis-client-0.4.0-2337318-SNAPSHOT.jar:/home/user/.m2/repository/org/apache/ratis/ratis-metrics/0.4.0-2337318-SNAPSHOT/ratis-metrics-0.4.0-2337318-SNAPSHOT.jar:/home/user/.m2/repository/org/apache/ratis/ratis-netty/0.4.0-2337318-SNAPSHOT/ratis-netty-0.4.0-2337318-SNAPSHOT.jar:/home/user/.m2/repository/org/apache/ratis/ratis-grpc/0.4.0-2337318-SNAPSHOT/ratis-grpc-0.4.0-2337318-SNAPSHOT.jar:/home/user/.m2/repository/org/rocksdb/rocksdbjni/6.0.1/rocksdbjni-6.0.1.jar:/home/user/.m2/repository/org/apache/logging/log4j/log4j-api/2.11.0/log4j-api-2.11.0.jar:/home/user/.m2/repository/org/apache/logging/log4j/log4j-core/2.11.0/log4j-core-2.11.0.jar:/home/user/.m2/repository/com/lmax/disruptor/3.4.2/disruptor-3.4.2.jar:/home/user/.m2/repository/org/apache/commons/commons-pool2/2.6.0/commons-pool2-2.6.0.jar:/home/user/.m2/repository/org/bouncycastle/bcpkix-jdk15on/1.60/bcpkix-jdk15on-1.60.jar:/home/user/.m2/repository/commons-validator/commons-validator/1.6/commons-validator-1.6.jar:/home/user/.m2/repository/commons-digester/commons-digester/1.8.1/commons-digester-1.8.1.jar:/home/user/.m2/repository/io/jaegertracing/jaeger-client/0.33.1/jaeger-client-0.33.1.jar:/home/user/.m2/repository/io/jaegertracing/jaeger-thrift/0.33.1/jaeger-thrift-0.33.1.jar:/home/user/.m2/repository/org/apache/thrift/libthrift/0.11.0/libthrift-0.11.0.jar:/home/user/.m2/repository/com/squareup/okhttp3/okhttp/3.9.0/okhttp-3.9.0.jar:/home/user/.m2/repository/com/squareup/okio/okio/1.13.0/okio-1.13.0.jar:/home/user/.m2/repository/io/jaegertracing/jaeger-core/0.33.1/jaeger-core-0.33.1.jar:/home/user/.m2/repository/io/jaegertracing/jaeger-tracerresolver/0.33.1/jaeger-tracerresolver-0.33.1.jar:/home/user/.m2/repository/io/opentracing/contrib/opentracing-tracerresolver/0.1.5/opentracing-tracerresolver-0.1.5.jar:/home/user/.m2/repository/io/opentracing/opentracing-util/0.31.0/opentracing-util-0.31.0.jar:/home/user/.m2/repository/io/opentracing/opentracing-api/0.31.0/opentracing-api-0.31.0.jar:/home/user/.m2/repository/io/opentracing/opentracing-noop/0.31.0/opentracing-noop-0.31.0.jar:/home/user/.m2/repository/org/apache/hadoop/hadoop-hdds-server-framework/0.5.0-SNAPSHOT/hadoop-hdds-server-framework-0.5.0-SNAPSHOT.jar:/home/user/.m2/repository/org/apache/hadoop/hadoop-hdds-container-service/0.5.0-SNAPSHOT/hadoop-hdds-container-service-0.5.0-SNAPSHOT.jar:/home/user/.m2/repository/org/apache/hadoop/hadoop-hdds-client/0.5.0-SNAPSHOT/hadoop-hdds-client-0.5.0-SNAPSHOT.jar:/home/user/.m2/repository/org/apache/hadoop/hadoop-hdds-tools/0.5.0-SNAPSHOT/hadoop-hdds-tools-0.5.0-SNAPSHOT.jar:/home/user/.m2/repository/org/apache/hadoop/hadoop-hdds-server-scm/0.5.0-SNAPSHOT/hadoop-hdds-server-scm-0.5.0-SNAPSHOT.jar:/home/user/.m2/repository/org/apache/hadoop/hadoop-hdds-docs/0.5.0-SNAPSHOT/hadoop-hdds-docs-0.5.0-SNAPSHOT.jar:/home/user/.m2/repository/io/dropwizard/metrics/metrics-core/3.2.4/metrics-core-3.2.4.jar:/home/user/.m2/repository/org/hamcrest/hamcrest-all/1.3/hamcrest-all-1.3.jar:/home/user/.m2/repository/org/bouncycastle/bcprov-jdk15on/1.60/bcprov-jdk15on-1.60.jar:/home/user/.m2/repository/info/picocli/picocli/3.9.6/picocli-3.9.6.jar:/home/user/.m2/repository/com/google/protobuf/protobuf-java/2.5.0/protobuf-java-2.5.0.jar:/home/user/.m2/repository/com/google/guava/guava/11.0.2/guava-11.0.2.jar:/home/user/.m2/repository/org/apache/hadoop/hadoop-ozone-ozone-manager/0.5.0-SNAPSHOT/hadoop-ozone-ozone-manager-0.5.0-SNAPSHOT.jar:/home/user/.m2/repository/org/apache/hadoop/hadoop-minikdc/3.2.0/hadoop-minikdc-3.2.0.jar:/home/user/.m2/repository/commons-io/commons-io/2.5/commons-io-2.5.jar:/home/user/.m2/repository/org/apache/kerby/kerb-simplekdc/1.0.1/kerb-simplekdc-1.0.1.jar:/home/user/.m2/repository/org/apache/kerby/kerb-client/1.0.1/kerb-client-1.0.1.jar:/home/user/.m2/repository/org/apache/kerby/kerby-config/1.0.1/kerby-config-1.0.1.jar:/home/user/.m2/repository/org/apache/kerby/kerb-core/1.0.1/kerb-core-1.0.1.jar:/home/user/.m2/repository/org/apache/kerby/kerby-pkix/1.0.1/kerby-pkix-1.0.1.jar:/home/user/.m2/repository/org/apache/kerby/kerby-asn1/1.0.1/kerby-asn1-1.0.1.jar:/home/user/.m2/repository/org/apache/kerby/kerby-util/1.0.1/kerby-util-1.0.1.jar:/home/user/.m2/repository/org/apache/kerby/kerb-common/1.0.1/kerb-common-1.0.1.jar:/home/user/.m2/repository/org/apache/kerby/kerb-crypto/1.0.1/kerb-crypto-1.0.1.jar:/home/user/.m2/repository/org/apache/kerby/kerb-util/1.0.1/kerb-util-1.0.1.jar:/home/user/.m2/repository/org/apache/kerby/token-provider/1.0.1/token-provider-1.0.1.jar:/home/user/.m2/repository/org/apache/kerby/kerb-admin/1.0.1/kerb-admin-1.0.1.jar:/home/user/.m2/repository/org/apache/kerby/kerb-server/1.0.1/kerb-server-1.0.1.jar:/home/user/.m2/repository/org/apache/kerby/kerb-identity/1.0.1/kerb-identity-1.0.1.jar:/home/user/.m2/repository/org/apache/kerby/kerby-xdr/1.0.1/kerby-xdr-1.0.1.jar:/home/user/.m2/repository/org/slf4j/slf4j-log4j12/1.7.25/slf4j-log4j12-1.7.25.jar:/home/user/.m2/repository/org/apache/hadoop/hadoop-ozone-objectstore-service/0.5.0-SNAPSHOT/hadoop-ozone-objectstore-service-0.5.0-SNAPSHOT.jar:/home/user/.m2/repository/org/apache/hadoop/hadoop-ozone-s3gateway/0.5.0-SNAPSHOT/hadoop-ozone-s3gateway-0.5.0-SNAPSHOT.jar:/home/user/.m2/repository/org/jboss/weld/servlet/weld-servlet/2.4.7.Final/weld-servlet-2.4.7.Final.jar:/home/user/.m2/repository/org/glassfish/jersey/containers/jersey-container-servlet-core/2.27/jersey-container-servlet-core-2.27.jar:/home/user/.m2/repository/org/glassfish/hk2/external/javax.inject/2.5.0-b42/javax.inject-2.5.0-b42.jar:/home/user/.m2/repository/org/glassfish/jersey/core/jersey-common/2.27/jersey-common-2.27.jar:/home/user/.m2/repository/org/glassfish/hk2/osgi-resource-locator/1.0.1/osgi-resource-locator-1.0.1.jar:/home/user/.m2/repository/javax/ws/rs/javax.ws.rs-api/2.1/javax.ws.rs-api-2.1.jar:/home/user/.m2/repository/org/glassfish/jersey/ext/cdi/jersey-cdi1x/2.27/jersey-cdi1x-2.27.jar:/home/user/.m2/repository/org/glassfish/jersey/inject/jersey-hk2/2.27/jersey-hk2-2.27.jar:/home/user/.m2/repository/org/glassfish/hk2/hk2-locator/2.5.0-b42/hk2-locator-2.5.0-b42.jar:/home/user/.m2/repository/org/javassist/javassist/3.22.0-CR2/javassist-3.22.0-CR2.jar:/home/user/.m2/repository/org/glassfish/hk2/hk2-api/2.5.0/hk2-api-2.5.0.jar:/home/user/.m2/repository/org/glassfish/hk2/external/jakarta.inject/2.5.0/jakarta.inject-2.5.0.jar:/home/user/.m2/repository/org/glassfish/hk2/hk2-utils/2.5.0/hk2-utils-2.5.0.jar:/home/user/.m2/repository/jakarta/annotation/jakarta.annotation-api/1.3.4/jakarta.annotation-api-1.3.4.jar:/home/user/.m2/repository/org/glassfish/hk2/external/aopalliance-repackaged/2.5.0/aopalliance-repackaged-2.5.0.jar:/home/user/.m2/repository/com/fasterxml/jackson/dataformat/jackson-dataformat-xml/2.9.0/jackson-dataformat-xml-2.9.0.jar:/home/user/.m2/repository/com/fasterxml/jackson/core/jackson-core/2.9.5/jackson-core-2.9.5.jar:/home/user/.m2/repository/com/fasterxml/jackson/module/jackson-module-jaxb-annotations/2.9.5/jackson-module-jaxb-annotations-2.9.5.jar:/home/user/.m2/repository/javax/enterprise/cdi-api/1.2/cdi-api-1.2.jar:/home/user/.m2/repository/javax/el/javax.el-api/3.0.0/javax.el-api-3.0.0.jar:/home/user/.m2/repository/javax/interceptor/javax.interceptor-api/1.2/javax.interceptor-api-1.2.jar:/home/user/.m2/repository/javax/inject/javax.inject/1/javax.inject-1.jar:/home/user/.m2/repository/com/sun/xml/bind/jaxb-impl/2.3.0.1/jaxb-impl-2.3.0.1.jar:/home/user/.m2/repository/com/sun/xml/bind/jaxb-core/2.3.0.1/jaxb-core-2.3.0.1.jar:/home/user/.m2/repository/javax/xml/bind/jaxb-api/2.3.0/jaxb-api-2.3.0.jar:/home/user/.m2/repository/javax/activation/activation/1.1.1/activation-1.1.1.jar:/home/user/.m2/repository/org/apache/hadoop/hadoop-ozone-csi/0.5.0-SNAPSHOT/hadoop-ozone-csi-0.5.0-SNAPSHOT.jar:/home/user/.m2/repository/com/google/protobuf/protobuf-java-util/3.5.1/protobuf-java-util-3.5.1.jar:/home/user/.m2/repository/org/apache/hadoop/hadoop-hdds-config/0.5.0-SNAPSHOT/hadoop-hdds-config-0.5.0-SNAPSHOT.jar:/home/user/.m2/repository/io/grpc/grpc-netty/1.17.1/grpc-netty-1.17.1.jar:/home/user/.m2/repository/io/grpc/grpc-core/1.17.1/grpc-core-1.17.1.jar:/home/user/.m2/repository/io/grpc/grpc-context/1.17.1/grpc-context-1.17.1.jar:/home/user/.m2/repository/com/google/errorprone/error_prone_annotations/2.2.0/error_prone_annotations-2.2.0.jar:/home/user/.m2/repository/org/codehaus/mojo/animal-sniffer-annotations/1.17/animal-sniffer-annotations-1.17.jar:/home/user/.m2/repository/io/opencensus/opencensus-api/0.17.0/opencensus-api-0.17.0.jar:/home/user/.m2/repository/io/opencensus/opencensus-contrib-grpc-metrics/0.17.0/opencensus-contrib-grpc-metrics-0.17.0.jar:/home/user/.m2/repository/io/netty/netty-codec-http2/4.1.30.Final/netty-codec-http2-4.1.30.Final.jar:/home/user/.m2/repository/io/netty/netty-codec-http/4.1.30.Final/netty-codec-http-4.1.30.Final.jar:/home/user/.m2/repository/io/netty/netty-codec/4.1.30.Final/netty-codec-4.1.30.Final.jar:/home/user/.m2/repository/io/netty/netty-handler/4.1.30.Final/netty-handler-4.1.30.Final.jar:/home/user/.m2/repository/io/netty/netty-handler-proxy/4.1.30.Final/netty-handler-proxy-4.1.30.Final.jar:/home/user/.m2/repository/io/netty/netty-codec-socks/4.1.30.Final/netty-codec-socks-4.1.30.Final.jar:/home/user/.m2/repository/io/netty/netty-transport-native-epoll/4.1.30.Final/netty-transport-native-epoll-4.1.30.Final.jar:/home/user/.m2/repository/io/netty/netty-common/4.1.30.Final/netty-common-4.1.30.Final.jar:/home/user/.m2/repository/io/netty/netty-buffer/4.1.30.Final/netty-buffer-4.1.30.Final.jar:/home/user/.m2/repository/io/netty/netty-transport/4.1.30.Final/netty-transport-4.1.30.Final.jar:/home/user/.m2/repository/io/netty/netty-resolver/4.1.30.Final/netty-resolver-4.1.30.Final.jar:/home/user/.m2/repository/io/netty/netty-transport-native-unix-common/4.1.30.Final/netty-transport-native-unix-common-4.1.30.Final.jar:/home/user/.m2/repository/io/grpc/grpc-protobuf/1.17.1/grpc-protobuf-1.17.1.jar:/home/user/.m2/repository/com/google/api/grpc/proto-google-common-protos/1.0.0/proto-google-common-protos-1.0.0.jar:/home/user/.m2/repository/io/grpc/grpc-protobuf-lite/1.17.1/grpc-protobuf-lite-1.17.1.jar:/home/user/.m2/repository/io/grpc/grpc-stub/1.17.1/grpc-stub-1.17.1.jar:/home/user/.m2/repository/org/apache/hadoop/hadoop-ozone-recon/0.5.0-SNAPSHOT/hadoop-ozone-recon-0.5.0-SNAPSHOT.jar:/home/user/.m2/repository/org/apache/hadoop/hadoop-ozone-reconcodegen/0.5.0-SNAPSHOT/hadoop-ozone-reconcodegen-0.5.0-SNAPSHOT.jar:/home/user/.m2/repository/com/google/inject/extensions/guice-multibindings/4.0/guice-multibindings-4.0.jar:/home/user/.m2/repository/com/google/inject/guice/4.0/guice-4.0.jar:/home/user/.m2/repository/aopalliance/aopalliance/1.0/aopalliance-1.0.jar:/home/user/.m2/repository/com/google/inject/extensions/guice-servlet/4.0/guice-servlet-4.0.jar:/home/user/.m2/repository/org/glassfish/jersey/containers/jersey-container-servlet/2.27/jersey-container-servlet-2.27.jar:/home/user/.m2/repository/org/glassfish/hk2/guice-bridge/2.5.0/guice-bridge-2.5.0.jar:/home/user/.m2/repository/org/glassfish/jersey/core/jersey-server/2.27/jersey-server-2.27.jar:/home/user/.m2/repository/org/glassfish/jersey/core/jersey-client/2.27/jersey-client-2.27.jar:/home/user/.m2/repository/org/glassfish/jersey/media/jersey-media-jaxb/2.27/jersey-media-jaxb-2.27.jar:/home/user/.m2/repository/javax/validation/validation-api/1.1.0.Final/validation-api-1.1.0.Final.jar:/home/user/.m2/repository/org/glassfish/jersey/media/jersey-media-json-jackson/2.27/jersey-media-json-jackson-2.27.jar:/home/user/.m2/repository/org/glassfish/jersey/ext/jersey-entity-filtering/2.27/jersey-entity-filtering-2.27.jar:/home/user/.m2/repository/com/google/inject/extensions/guice-assistedinject/4.0/guice-assistedinject-4.0.jar:/home/user/.m2/repository/org/jooq/jooq/3.11.10/jooq-3.11.10.jar:/home/user/.m2/repository/org/jooq/jooq-meta/3.11.10/jooq-meta-3.11.10.jar:/home/user/.m2/repository/org/jooq/jooq-codegen/3.11.10/jooq-codegen-3.11.10.jar:/home/user/.m2/repository/com/jolbox/bonecp/0.8.0.RELEASE/bonecp-0.8.0.RELEASE.jar:/home/user/.m2/repository/org/xerial/sqlite-jdbc/3.25.2/sqlite-jdbc-3.25.2.jar:/home/user/.m2/repository/org/springframework/spring-jdbc/5.1.3.RELEASE/spring-jdbc-5.1.3.RELEASE.jar:/home/user/.m2/repository/org/springframework/spring-beans/5.1.3.RELEASE/spring-beans-5.1.3.RELEASE.jar:/home/user/.m2/repository/org/springframework/spring-core/5.1.3.RELEASE/spring-core-5.1.3.RELEASE.jar:/home/user/.m2/repository/org/springframework/spring-jcl/5.1.3.RELEASE/spring-jcl-5.1.3.RELEASE.jar:/home/user/.m2/repository/org/springframework/spring-tx/5.1.3.RELEASE/spring-tx-5.1.3.RELEASE.jar:/home/user/.m2/repository/org/apache/hadoop/hadoop-ozone-client/0.5.0-SNAPSHOT/hadoop-ozone-client-0.5.0-SNAPSHOT.jar:/home/user/.m2/repository/commons-lang/commons-lang/2.6/commons-lang-2.6.jar:/home/user/.m2/repository/org/apache/hadoop/hadoop-ozone-ozone-manager/0.5.0-SNAPSHOT/hadoop-ozone-ozone-manager-0.5.0-SNAPSHOT-tests.jar:/home/user/.m2/repository/junit/junit/4.11/junit-4.11.jar:/home/user/.m2/repository/org/hamcrest/hamcrest-core/1.3/hamcrest-core-1.3.jar:/home/user/.m2/repository/org/openjdk/jmh/jmh-core/1.19/jmh-core-1.19.jar:/home/user/.m2/repository/net/sf/jopt-simple/jopt-simple/4.6/jopt-simple-4.6.jar:/home/user/.m2/repository/org/apache/commons/commons-math3/3.1.1/commons-math3-3.1.1.jar:/home/user/.m2/repository/org/openjdk/jmh/jmh-generator-annprocess/1.19/jmh-generator-annprocess-1.19.jar:/home/user/.m2/repository/org/mockito/mockito-all/1.8.5/mockito-all-1.8.5.jar:/home/user/.m2/repository/org/apache/hadoop/hadoop-kms/3.2.0/hadoop-kms-3.2.0.jar:/home/user/.m2/repository/org/apache/hadoop/hadoop-auth/3.2.0/hadoop-auth-3.2.0.jar:/home/user/.m2/repository/com/nimbusds/nimbus-jose-jwt/4.41.1/nimbus-jose-jwt-4.41.1.jar:/home/user/.m2/repository/com/github/stephenc/jcip/jcip-annotations/1.0-1/jcip-annotations-1.0-1.jar:/home/user/.m2/repository/net/minidev/json-smart/2.3/json-smart-2.3.jar:/home/user/.m2/repository/net/minidev/accessors-smart/1.2/accessors-smart-1.2.jar:/home/user/.m2/repository/org/ow2/asm/asm/5.0.4/asm-5.0.4.jar:/home/user/.m2/repository/org/apache/curator/curator-framework/2.12.0/curator-framework-2.12.0.jar:/home/user/.m2/repository/com/sun/jersey/jersey-core/1.19/jersey-core-1.19.jar:/home/user/.m2/repository/javax/ws/rs/jsr311-api/1.1.1/jsr311-api-1.1.1.jar:/home/user/.m2/repository/com/sun/jersey/jersey-server/1.19/jersey-server-1.19.jar:/home/user/.m2/repository/javax/servlet/javax.servlet-api/3.1.0/javax.servlet-api-3.1.0.jar:/home/user/.m2/repository/org/eclipse/jetty/jetty-server/9.3.24.v20180605/jetty-server-9.3.24.v20180605.jar:/home/user/.m2/repository/org/eclipse/jetty/jetty-http/9.3.24.v20180605/jetty-http-9.3.24.v20180605.jar:/home/user/.m2/repository/org/eclipse/jetty/jetty-io/9.3.24.v20180605/jetty-io-9.3.24.v20180605.jar:/home/user/.m2/repository/org/eclipse/jetty/jetty-webapp/9.3.24.v20180605/jetty-webapp-9.3.24.v20180605.jar:/home/user/.m2/repository/org/eclipse/jetty/jetty-xml/9.3.24.v20180605/jetty-xml-9.3.24.v20180605.jar:/home/user/.m2/repository/log4j/log4j/1.2.17/log4j-1.2.17.jar:/home/user/.m2/repository/org/slf4j/slf4j-api/1.7.25/slf4j-api-1.7.25.jar:/home/user/.m2/repository/org/slf4j/jul-to-slf4j/1.7.25/jul-to-slf4j-1.7.25.jar:/home/user/.m2/repository/org/eclipse/jetty/jetty-util/9.3.24.v20180605/jetty-util-9.3.24.v20180605.jar:/home/user/.m2/repository/com/fasterxml/jackson/core/jackson-databind/2.9.5/jackson-databind-2.9.5.jar:/home/user/.m2/repository/org/apache/hadoop/hadoop-kms/3.2.0/hadoop-kms-3.2.0-tests.jar:/home/user/.m2/repository/org/apache/hadoop/hadoop-hdds-server-scm/0.5.0-SNAPSHOT/hadoop-hdds-server-scm-0.5.0-SNAPSHOT-tests.jar:/home/user/.m2/repository/org/apache/hadoop/hadoop-hdds-container-service/0.5.0-SNAPSHOT/hadoop-hdds-container-service-0.5.0-SNAPSHOT-tests.jar:/home/user/.m2/repository/org/yaml/snakeyaml/1.16/snakeyaml-1.16.jar:/home/user/.m2/repository/org/apache/hadoop/hadoop-common/3.2.0/hadoop-common-3.2.0-tests.jar:/home/user/.m2/repository/org/apache/hadoop/hadoop-annotations/3.2.0/hadoop-annotations-3.2.0.jar:/usr/lib/jvm/java-1.8-openjdk/jre/../lib/tools.jar:/home/user/.m2/repository/commons-cli/commons-cli/1.2/commons-cli-1.2.jar:/home/user/.m2/repository/org/apache/httpcomponents/httpclient/4.5.2/httpclient-4.5.2.jar:/home/user/.m2/repository/org/apache/httpcomponents/httpcore/4.4.4/httpcore-4.4.4.jar:/home/user/.m2/repository/commons-codec/commons-codec/1.11/commons-codec-1.11.jar:/home/user/.m2/repository/commons-net/commons-net/3.6/commons-net-3.6.jar:/home/user/.m2/repository/commons-collections/commons-collections/3.2.2/commons-collections-3.2.2.jar:/home/user/.m2/repository/org/eclipse/jetty/jetty-servlet/9.3.24.v20180605/jetty-servlet-9.3.24.v20180605.jar:/home/user/.m2/repository/org/eclipse/jetty/jetty-security/9.3.24.v20180605/jetty-security-9.3.24.v20180605.jar:/home/user/.m2/repository/javax/servlet/jsp/jsp-api/2.1/jsp-api-2.1.jar:/home/user/.m2/repository/com/sun/jersey/jersey-servlet/1.19/jersey-servlet-1.19.jar:/home/user/.m2/repository/com/sun/jersey/jersey-json/1.19/jersey-json-1.19.jar:/home/user/.m2/repository/org/codehaus/jettison/jettison/1.1/jettison-1.1.jar:/home/user/.m2/repository/org/codehaus/jackson/jackson-core-asl/1.9.13/jackson-core-asl-1.9.13.jar:/home/user/.m2/repository/org/codehaus/jackson/jackson-mapper-asl/1.9.13/jackson-mapper-asl-1.9.13.jar:/home/user/.m2/repository/org/codehaus/jackson/jackson-jaxrs/1.9.13/jackson-jaxrs-1.9.13.jar:/home/user/.m2/repository/org/codehaus/jackson/jackson-xc/1.9.13/jackson-xc-1.9.13.jar:/home/user/.m2/repository/commons-logging/commons-logging/1.1.3/commons-logging-1.1.3.jar:/home/user/.m2/repository/commons-beanutils/commons-beanutils/1.9.3/commons-beanutils-1.9.3.jar:/home/user/.m2/repository/org/apache/commons/commons-configuration2/2.1.1/commons-configuration2-2.1.1.jar:/home/user/.m2/repository/org/apache/commons/commons-lang3/3.7/commons-lang3-3.7.jar:/home/user/.m2/repository/org/apache/commons/commons-text/1.4/commons-text-1.4.jar:/home/user/.m2/repository/org/apache/avro/avro/1.7.7/avro-1.7.7.jar:/home/user/.m2/repository/com/thoughtworks/paranamer/paranamer/2.3/paranamer-2.3.jar:/home/user/.m2/repository/org/xerial/snappy/snappy-java/1.0.5/snappy-java-1.0.5.jar:/home/user/.m2/repository/com/google/re2j/re2j/1.1/re2j-1.1.jar:/home/user/.m2/repository/com/google/code/gson/gson/2.2.4/gson-2.2.4.jar:/home/user/.m2/repository/com/jcraft/jsch/0.1.54/jsch-0.1.54.jar:/home/user/.m2/repository/org/apache/curator/curator-client/2.12.0/curator-client-2.12.0.jar:/home/user/.m2/repository/org/apache/curator/curator-recipes/2.12.0/curator-recipes-2.12.0.jar:/home/user/.m2/repository/com/google/code/findbugs/jsr305/3.0.0/jsr305-3.0.0.jar:/home/user/.m2/repository/org/apache/htrace/htrace-core4/4.1.0-incubating/htrace-core4-4.1.0-incubating.jar:/home/user/.m2/repository/org/apache/zookeeper/zookeeper/3.4.13/zookeeper-3.4.13.jar:/home/user/.m2/repository/org/apache/yetus/audience-annotations/0.5.0/audience-annotations-0.5.0.jar:/home/user/.m2/repository/org/codehaus/woodstox/stax2-api/3.1.4/stax2-api-3.1.4.jar:/home/user/.m2/repository/com/fasterxml/woodstox/woodstox-core/5.0.3/woodstox-core-5.0.3.jar:/home/user/.m2/repository/dnsjava/dnsjava/2.1.7/dnsjava-2.1.7.jar:/home/user/.m2/repository/org/apache/hadoop/hadoop-hdfs/3.2.0/hadoop-hdfs-3.2.0-tests.jar:/home/user/.m2/repository/org/eclipse/jetty/jetty-util-ajax/9.3.24.v20180605/jetty-util-ajax-9.3.24.v20180605.jar:/home/user/.m2/repository/commons-daemon/commons-daemon/1.0.13/commons-daemon-1.0.13.jar:/home/user/.m2/repository/io/netty/netty/3.10.5.Final/netty-3.10.5.Final.jar:/home/user/.m2/repository/io/netty/netty-all/4.0.52.Final/netty-all-4.0.52.Final.jar:/home/user/.m2/repository/org/fusesource/leveldbjni/leveldbjni-all/1.8/leveldbjni-all-1.8.jar:"/>
    <property name="sun.cpu.endian" value="little"/>
    <property name="user.home" value="/home/user"/>
    <property name="user.language" value="en"/>
    <property name="java.specification.vendor" value="Oracle Corporation"/>
    <property name="java.home" value="/usr/lib/jvm/java-1.8-openjdk/jre"/>
    <property name="java.security.krb5.conf" value="/workdir/hadoop-ozone/integration-test/target/test-classes/krb5.conf"/>
    <property name="basedir" value="/workdir/hadoop-ozone/integration-test"/>
    <property name="file.separator" value="/"/>
    <property name="line.separator" value="&#10;"/>
    <property name="java.vm.specification.vendor" value="Oracle Corporation"/>
    <property name="java.specification.name" value="Java Platform API Specification"/>
    <property name="java.awt.graphicsenv" value="sun.awt.X11GraphicsEnvironment"/>
    <property name="surefire.real.class.path" value="/workdir/hadoop-ozone/integration-test/target/surefire/surefirebooter4335821031150205401.jar"/>
    <property name="hadoop.log.dir" value="/workdir/hadoop-ozone/integration-test/target/log"/>
    <property name="sun.boot.class.path" value="/usr/lib/jvm/java-1.8-openjdk/jre/lib/resources.jar:/usr/lib/jvm/java-1.8-openjdk/jre/lib/rt.jar:/usr/lib/jvm/java-1.8-openjdk/jre/lib/sunrsasign.jar:/usr/lib/jvm/java-1.8-openjdk/jre/lib/jsse.jar:/usr/lib/jvm/java-1.8-openjdk/jre/lib/jce.jar:/usr/lib/jvm/java-1.8-openjdk/jre/lib/charsets.jar:/usr/lib/jvm/java-1.8-openjdk/jre/lib/jfr.jar:/usr/lib/jvm/java-1.8-openjdk/jre/classes"/>
    <property name="sun.management.compiler" value="HotSpot 64-Bit Tiered Compilers"/>
    <property name="java.runtime.version" value="1.8.0_212-b04"/>
    <property name="java.net.preferIPv4Stack" value="true"/>
    <property name="user.name" value="jenkins1000"/>
    <property name="path.separator" value=":"/>
    <property name="java.security.egd" value="file:///dev/urandom"/>
    <property name="os.version" value="3.10.0-957.12.2.el7.x86_64"/>
    <property name="java.endorsed.dirs" value="/usr/lib/jvm/java-1.8-openjdk/jre/lib/endorsed"/>
    <property name="java.runtime.name" value="OpenJDK Runtime Environment"/>
    <property name="file.encoding" value="UTF-8"/>
    <property name="java.vm.name" value="OpenJDK 64-Bit Server VM"/>
    <property name="test.build.webapps" value=""/>
    <property name="localRepository" value="/home/user/.m2/repository"/>
    <property name="java.vendor.url.bug" value="https://icedtea.classpath.org/bugzilla"/>
    <property name="java.io.tmpdir" value="/tmp"/>
    <property name="require.test.libhadoop" value=""/>
    <property name="java.version" value="1.8.0_212"/>
    <property name="user.dir" value="/workdir/hadoop-ozone/integration-test"/>
    <property name="os.arch" value="amd64"/>
    <property name="java.vm.specification.name" value="Java Virtual Machine Specification"/>
    <property name="test.build.classes" value="/workdir/hadoop-ozone/integration-test/target/test-classes"/>
    <property name="java.awt.printerjob" value="sun.print.PSPrinterJob"/>
    <property name="sun.os.patch.level" value="unknown"/>
    <property name="hadoop.tmp.dir" value="/workdir/hadoop-ozone/integration-test/target/tmp"/>
    <property name="java.library.path" value="/usr/lib/jvm/java-1.8-openjdk/jre/lib/amd64/server:/usr/lib/jvm/java-1.8-openjdk/jre/lib/amd64:/usr/lib/jvm/java-1.8-openjdk/jre/../lib/amd64:/workdir/hadoop-ozone/integration-test/target/native/target/usr/local/lib:/workdir/hadoop-ozone/integration-test/../../hadoop-common-project/hadoop-common/target/native/target/usr/local/lib:/usr/java/packages/lib/amd64:/usr/lib64:/lib64:/lib:/usr/lib"/>
    <property name="java.vm.info" value="mixed mode"/>
    <property name="java.vendor" value="IcedTea"/>
    <property name="java.vm.version" value="25.212-b04"/>
    <property name="java.ext.dirs" value="/usr/lib/jvm/java-1.8-openjdk/jre/lib/ext:/usr/java/packages/lib/ext"/>
    <property name="sun.io.unicode.encoding" value="UnicodeLittle"/>
    <property name="java.class.version" value="52.0"/>
  </properties>
  <testcase name="testReleaseBuffers" classname="org.apache.hadoop.ozone.client.rpc.TestCommitWatcher" time="6.025"/>
  <testcase name="testReleaseBuffersOnException" classname="org.apache.hadoop.ozone.client.rpc.TestCommitWatcher" time="14.793">
    <failure type="java.lang.AssertionError">java.lang.AssertionError
	at org.junit.Assert.fail(Assert.java:86)
	at org.junit.Assert.assertTrue(Assert.java:41)
	at org.junit.Assert.assertTrue(Assert.java:52)
	at org.apache.hadoop.ozone.client.rpc.TestCommitWatcher.testReleaseBuffersOnException(TestCommitWatcher.java:284)
	at sun.reflect.NativeMethodAccessorImpl.invoke0(Native Method)
	at sun.reflect.NativeMethodAccessorImpl.invoke(NativeMethodAccessorImpl.java:62)
	at sun.reflect.DelegatingMethodAccessorImpl.invoke(DelegatingMethodAccessorImpl.java:43)
	at java.lang.reflect.Method.invoke(Method.java:498)
	at org.junit.runners.model.FrameworkMethod$1.runReflectiveCall(FrameworkMethod.java:47)
	at org.junit.internal.runners.model.ReflectiveCallable.run(ReflectiveCallable.java:12)
	at org.junit.runners.model.FrameworkMethod.invokeExplosively(FrameworkMethod.java:44)
	at org.junit.internal.runners.statements.InvokeMethod.evaluate(InvokeMethod.java:17)
	at org.junit.runners.ParentRunner.runLeaf(ParentRunner.java:271)
	at org.junit.runners.BlockJUnit4ClassRunner.runChild(BlockJUnit4ClassRunner.java:70)
	at org.junit.runners.BlockJUnit4ClassRunner.runChild(BlockJUnit4ClassRunner.java:50)
	at org.junit.runners.ParentRunner$3.run(ParentRunner.java:238)
	at org.junit.runners.ParentRunner$1.schedule(ParentRunner.java:63)
	at org.junit.runners.ParentRunner.runChildren(ParentRunner.java:236)
	at org.junit.runners.ParentRunner.access$000(ParentRunner.java:53)
	at org.junit.runners.ParentRunner$2.evaluate(ParentRunner.java:229)
	at org.junit.internal.runners.statements.RunBefores.evaluate(RunBefores.java:26)
	at org.junit.internal.runners.statements.RunAfters.evaluate(RunAfters.java:27)
	at org.junit.runners.ParentRunner.run(ParentRunner.java:309)
	at org.apache.maven.surefire.junit4.JUnit4Provider.execute(JUnit4Provider.java:365)
	at org.apache.maven.surefire.junit4.JUnit4Provider.executeWithRerun(JUnit4Provider.java:273)
	at org.apache.maven.surefire.junit4.JUnit4Provider.executeTestSet(JUnit4Provider.java:238)
	at org.apache.maven.surefire.junit4.JUnit4Provider.invoke(JUnit4Provider.java:159)
	at org.apache.maven.surefire.booter.ForkedBooter.invokeProviderInSameClassLoader(ForkedBooter.java:384)
	at org.apache.maven.surefire.booter.ForkedBooter.runSuitesInProcess(ForkedBooter.java:345)
	at org.apache.maven.surefire.booter.ForkedBooter.execute(ForkedBooter.java:126)
	at org.apache.maven.surefire.booter.ForkedBooter.main(ForkedBooter.java:418)
</failure>
    <system-out><![CDATA[2019-08-16 05:50:10,174 [grpc-default-executor-1] INFO  client.GrpcClientProtocolClient (GrpcClientProtocolClient.java:onNext(255)) - client-4814D52B8C89->235e867e-130d-464b-8db3-36c278f87e9b: receive RaftClientReply:client-4814D52B8C89->235e867e-130d-464b-8db3-36c278f87e9b@group-59562552B047, cid=17, FAILED org.apache.ratis.protocol.NotLeaderException: Server 235e867e-130d-464b-8db3-36c278f87e9b is not the leader (null). Request must be sent to leader., logIndex=0, commits[235e867e-130d-464b-8db3-36c278f87e9b:c-1]
2019-08-16 05:50:10,552 | INFO  | SCMAudit | user=jenkins1000 | ip=192.168.69.65 | op=SEND_HEARTBEAT {datanodeUUID=f555e9dd-1107-4db0-a34b-7fc2c8339de2, command=[]} | ret=SUCCESS |  
2019-08-16 05:50:10,588 | INFO  | SCMAudit | user=jenkins1000 | ip=192.168.69.65 | op=SEND_HEARTBEAT {datanodeUUID=235e867e-130d-464b-8db3-36c278f87e9b, command=[]} | ret=SUCCESS |  
2019-08-16 05:50:10,730 | INFO  | SCMAudit | user=jenkins1000 | ip=192.168.69.65 | op=SEND_HEARTBEAT {datanodeUUID=08146bd9-7f36-4a55-820c-b224ee28b36f, command=[]} | ret=SUCCESS |  
2019-08-16 05:50:10,849 | INFO  | SCMAudit | user=jenkins1000 | ip=192.168.69.65 | op=SEND_HEARTBEAT {datanodeUUID=9051f25d-cbb4-4e26-8bf3-7e81ad55fdbb, command=[]} | ret=SUCCESS |  
2019-08-16 05:50:10,849 | INFO  | SCMAudit | user=jenkins1000 | ip=192.168.69.65 | op=SEND_HEARTBEAT {datanodeUUID=c5b94dfc-0eb5-44b4-a69b-45e46e69e511, command=[]} | ret=SUCCESS |  
2019-08-16 05:50:10,858 | INFO  | SCMAudit | user=jenkins1000 | ip=192.168.69.65 | op=SEND_HEARTBEAT {datanodeUUID=2e1bdd12-c9dd-4668-830c-fc6e1f4f577e, command=[]} | ret=SUCCESS |  
2019-08-16 05:50:11,019 | INFO  | SCMAudit | user=jenkins1000 | ip=192.168.69.65 | op=SEND_HEARTBEAT {datanodeUUID=e3017edc-60b5-40f4-9313-b9a0d37ded5d, command=[]} | ret=SUCCESS |  
2019-08-16 05:50:11,210 [grpc-default-executor-3] INFO  client.GrpcClientProtocolClient (GrpcClientProtocolClient.java:onNext(255)) - client-4814D52B8C89->f555e9dd-1107-4db0-a34b-7fc2c8339de2: receive RaftClientReply:client-4814D52B8C89->f555e9dd-1107-4db0-a34b-7fc2c8339de2@group-59562552B047, cid=17, FAILED org.apache.ratis.protocol.NotLeaderException: Server f555e9dd-1107-4db0-a34b-7fc2c8339de2 is not the leader (null). Request must be sent to leader., logIndex=0, commits[f555e9dd-1107-4db0-a34b-7fc2c8339de2:c-1]
2019-08-16 05:50:11,552 | INFO  | SCMAudit | user=jenkins1000 | ip=192.168.69.65 | op=SEND_HEARTBEAT {datanodeUUID=f555e9dd-1107-4db0-a34b-7fc2c8339de2, command=[]} | ret=SUCCESS |  
2019-08-16 05:50:11,589 | INFO  | SCMAudit | user=jenkins1000 | ip=192.168.69.65 | op=SEND_HEARTBEAT {datanodeUUID=235e867e-130d-464b-8db3-36c278f87e9b, command=[]} | ret=SUCCESS |  
2019-08-16 05:50:11,731 | INFO  | SCMAudit | user=jenkins1000 | ip=192.168.69.65 | op=SEND_HEARTBEAT {datanodeUUID=08146bd9-7f36-4a55-820c-b224ee28b36f, command=[]} | ret=SUCCESS |  
2019-08-16 05:50:11,850 | INFO  | SCMAudit | user=jenkins1000 | ip=192.168.69.65 | op=SEND_HEARTBEAT {datanodeUUID=c5b94dfc-0eb5-44b4-a69b-45e46e69e511, command=[]} | ret=SUCCESS |  
2019-08-16 05:50:11,851 | INFO  | SCMAudit | user=jenkins1000 | ip=192.168.69.65 | op=SEND_HEARTBEAT {datanodeUUID=9051f25d-cbb4-4e26-8bf3-7e81ad55fdbb, command=[]} | ret=SUCCESS |  
2019-08-16 05:50:11,857 | INFO  | SCMAudit | user=jenkins1000 | ip=192.168.69.65 | op=SEND_HEARTBEAT {datanodeUUID=2e1bdd12-c9dd-4668-830c-fc6e1f4f577e, command=[]} | ret=SUCCESS |  
2019-08-16 05:50:12,019 | INFO  | SCMAudit | user=jenkins1000 | ip=192.168.69.65 | op=SEND_HEARTBEAT {datanodeUUID=e3017edc-60b5-40f4-9313-b9a0d37ded5d, command=[]} | ret=SUCCESS |  
2019-08-16 05:50:12,240 [grpc-default-executor-1] INFO  client.GrpcClientProtocolClient (GrpcClientProtocolClient.java:onNext(255)) - client-4814D52B8C89->235e867e-130d-464b-8db3-36c278f87e9b: receive RaftClientReply:client-4814D52B8C89->235e867e-130d-464b-8db3-36c278f87e9b@group-59562552B047, cid=17, FAILED org.apache.ratis.protocol.NotLeaderException: Server 235e867e-130d-464b-8db3-36c278f87e9b is not the leader (null). Request must be sent to leader., logIndex=0, commits[235e867e-130d-464b-8db3-36c278f87e9b:c-1]
2019-08-16 05:50:12,551 | INFO  | SCMAudit | user=jenkins1000 | ip=192.168.69.65 | op=SEND_HEARTBEAT {datanodeUUID=f555e9dd-1107-4db0-a34b-7fc2c8339de2, command=[]} | ret=SUCCESS |  
2019-08-16 05:50:12,589 | INFO  | SCMAudit | user=jenkins1000 | ip=192.168.69.65 | op=SEND_HEARTBEAT {datanodeUUID=235e867e-130d-464b-8db3-36c278f87e9b, command=[]} | ret=SUCCESS |  
2019-08-16 05:50:12,730 | INFO  | SCMAudit | user=jenkins1000 | ip=192.168.69.65 | op=SEND_HEARTBEAT {datanodeUUID=08146bd9-7f36-4a55-820c-b224ee28b36f, command=[]} | ret=SUCCESS |  
2019-08-16 05:50:12,850 | INFO  | SCMAudit | user=jenkins1000 | ip=192.168.69.65 | op=SEND_HEARTBEAT {datanodeUUID=9051f25d-cbb4-4e26-8bf3-7e81ad55fdbb, command=[]} | ret=SUCCESS |  
2019-08-16 05:50:12,851 | INFO  | SCMAudit | user=jenkins1000 | ip=192.168.69.65 | op=SEND_HEARTBEAT {datanodeUUID=c5b94dfc-0eb5-44b4-a69b-45e46e69e511, command=[]} | ret=SUCCESS |  
2019-08-16 05:50:12,857 | INFO  | SCMAudit | user=jenkins1000 | ip=192.168.69.65 | op=SEND_HEARTBEAT {datanodeUUID=2e1bdd12-c9dd-4668-830c-fc6e1f4f577e, command=[]} | ret=SUCCESS |  
2019-08-16 05:50:13,019 | INFO  | SCMAudit | user=jenkins1000 | ip=192.168.69.65 | op=SEND_HEARTBEAT {datanodeUUID=e3017edc-60b5-40f4-9313-b9a0d37ded5d, command=[]} | ret=SUCCESS |  
2019-08-16 05:50:13,271 [grpc-default-executor-3] INFO  client.GrpcClientProtocolClient (GrpcClientProtocolClient.java:onNext(255)) - client-4814D52B8C89->f555e9dd-1107-4db0-a34b-7fc2c8339de2: receive RaftClientReply:client-4814D52B8C89->f555e9dd-1107-4db0-a34b-7fc2c8339de2@group-59562552B047, cid=17, FAILED org.apache.ratis.protocol.NotLeaderException: Server f555e9dd-1107-4db0-a34b-7fc2c8339de2 is not the leader (null). Request must be sent to leader., logIndex=0, commits[f555e9dd-1107-4db0-a34b-7fc2c8339de2:c-1]
2019-08-16 05:50:13,551 | INFO  | SCMAudit | user=jenkins1000 | ip=192.168.69.65 | op=SEND_HEARTBEAT {datanodeUUID=f555e9dd-1107-4db0-a34b-7fc2c8339de2, command=[]} | ret=SUCCESS |  
2019-08-16 05:50:13,589 | INFO  | SCMAudit | user=jenkins1000 | ip=192.168.69.65 | op=SEND_HEARTBEAT {datanodeUUID=235e867e-130d-464b-8db3-36c278f87e9b, command=[]} | ret=SUCCESS |  
2019-08-16 05:50:13,730 | INFO  | SCMAudit | user=jenkins1000 | ip=192.168.69.65 | op=SEND_HEARTBEAT {datanodeUUID=08146bd9-7f36-4a55-820c-b224ee28b36f, command=[]} | ret=SUCCESS |  
2019-08-16 05:50:13,849 | INFO  | SCMAudit | user=jenkins1000 | ip=192.168.69.65 | op=SEND_HEARTBEAT {datanodeUUID=9051f25d-cbb4-4e26-8bf3-7e81ad55fdbb, command=[]} | ret=SUCCESS |  
2019-08-16 05:50:13,850 | INFO  | SCMAudit | user=jenkins1000 | ip=192.168.69.65 | op=SEND_HEARTBEAT {datanodeUUID=c5b94dfc-0eb5-44b4-a69b-45e46e69e511, command=[]} | ret=SUCCESS |  
2019-08-16 05:50:13,857 | INFO  | SCMAudit | user=jenkins1000 | ip=192.168.69.65 | op=SEND_HEARTBEAT {datanodeUUID=2e1bdd12-c9dd-4668-830c-fc6e1f4f577e, command=[]} | ret=SUCCESS |  
2019-08-16 05:50:14,019 | INFO  | SCMAudit | user=jenkins1000 | ip=192.168.69.65 | op=SEND_HEARTBEAT {datanodeUUID=e3017edc-60b5-40f4-9313-b9a0d37ded5d, command=[]} | ret=SUCCESS |  
2019-08-16 05:50:14,083 [Thread-337] INFO  impl.FollowerState (FollowerState.java:run(106)) - 235e867e-130d-464b-8db3-36c278f87e9b:group-59562552B047 changes to CANDIDATE, lastRpcTime:5051, electionTimeout:5049ms
2019-08-16 05:50:14,087 [Thread-337] INFO  impl.RoleInfo (RoleInfo.java:shutdownFollowerState(121)) - 235e867e-130d-464b-8db3-36c278f87e9b: shutdown FollowerState
2019-08-16 05:50:14,087 [Thread-337] INFO  impl.RaftServerImpl (RaftServerImpl.java:setRole(171)) - 235e867e-130d-464b-8db3-36c278f87e9b:group-59562552B047 changes role from FOLLOWER to CANDIDATE at term 1 for changeToCandidate
2019-08-16 05:50:14,087 [Thread-337] INFO  impl.RoleInfo (RoleInfo.java:updateAndGet(143)) - 235e867e-130d-464b-8db3-36c278f87e9b: start LeaderElection
2019-08-16 05:50:14,091 [Thread-334] INFO  impl.FollowerState (FollowerState.java:run(106)) - 2e1bdd12-c9dd-4668-830c-fc6e1f4f577e:group-59562552B047 changes to CANDIDATE, lastRpcTime:5067, electionTimeout:5060ms
2019-08-16 05:50:14,094 [Thread-334] INFO  impl.RoleInfo (RoleInfo.java:shutdownFollowerState(121)) - 2e1bdd12-c9dd-4668-830c-fc6e1f4f577e: shutdown FollowerState
2019-08-16 05:50:14,094 [Thread-334] INFO  impl.RaftServerImpl (RaftServerImpl.java:setRole(171)) - 2e1bdd12-c9dd-4668-830c-fc6e1f4f577e:group-59562552B047 changes role from FOLLOWER to CANDIDATE at term 1 for changeToCandidate
2019-08-16 05:50:14,094 [Thread-334] INFO  impl.RoleInfo (RoleInfo.java:updateAndGet(143)) - 2e1bdd12-c9dd-4668-830c-fc6e1f4f577e: start LeaderElection
2019-08-16 05:50:14,113 [2e1bdd12-c9dd-4668-830c-fc6e1f4f577e:group-59562552B047:LeaderElection14] INFO  impl.LeaderElection (LeaderElection.java:askForVotes(181)) - 2e1bdd12-c9dd-4668-830c-fc6e1f4f577e:group-59562552B047:LeaderElection14: begin an election at term 2 for -1: [235e867e-130d-464b-8db3-36c278f87e9b:192.168.69.65:39000, f555e9dd-1107-4db0-a34b-7fc2c8339de2:192.168.69.65:38669, 2e1bdd12-c9dd-4668-830c-fc6e1f4f577e:192.168.69.65:36523], old=null
2019-08-16 05:50:14,113 [235e867e-130d-464b-8db3-36c278f87e9b:group-59562552B047:LeaderElection13] INFO  impl.LeaderElection (LeaderElection.java:askForVotes(181)) - 235e867e-130d-464b-8db3-36c278f87e9b:group-59562552B047:LeaderElection13: begin an election at term 2 for -1: [235e867e-130d-464b-8db3-36c278f87e9b:192.168.69.65:39000, f555e9dd-1107-4db0-a34b-7fc2c8339de2:192.168.69.65:38669, 2e1bdd12-c9dd-4668-830c-fc6e1f4f577e:192.168.69.65:36523], old=null
2019-08-16 05:50:14,122 [grpc-default-executor-1] INFO  impl.RaftServerImpl (RaftServerImpl.java:setRole(171)) - f555e9dd-1107-4db0-a34b-7fc2c8339de2:group-59562552B047 changes role from FOLLOWER to FOLLOWER at term 2 for recognizeCandidate:2e1bdd12-c9dd-4668-830c-fc6e1f4f577e
2019-08-16 05:50:14,122 [grpc-default-executor-1] INFO  impl.RoleInfo (RoleInfo.java:shutdownFollowerState(121)) - f555e9dd-1107-4db0-a34b-7fc2c8339de2: shutdown FollowerState
2019-08-16 05:50:14,122 [grpc-default-executor-1] INFO  impl.RoleInfo (RoleInfo.java:updateAndGet(143)) - f555e9dd-1107-4db0-a34b-7fc2c8339de2: start FollowerState
2019-08-16 05:50:14,122 [Thread-338] INFO  impl.FollowerState (FollowerState.java:run(114)) - f555e9dd-1107-4db0-a34b-7fc2c8339de2: FollowerState was interrupted: java.lang.InterruptedException: sleep interrupted
2019-08-16 05:50:14,154 [2e1bdd12-c9dd-4668-830c-fc6e1f4f577e:group-59562552B047:LeaderElection14] INFO  impl.LeaderElection (LeaderElection.java:logAndReturn(56)) - 2e1bdd12-c9dd-4668-830c-fc6e1f4f577e:group-59562552B047:LeaderElection14: Election PASSED; received 2 response(s) [2e1bdd12-c9dd-4668-830c-fc6e1f4f577e<-235e867e-130d-464b-8db3-36c278f87e9b#0:FAIL-t2, 2e1bdd12-c9dd-4668-830c-fc6e1f4f577e<-f555e9dd-1107-4db0-a34b-7fc2c8339de2#0:OK-t2] and 0 exception(s); 2e1bdd12-c9dd-4668-830c-fc6e1f4f577e:t2, leader=null, voted=2e1bdd12-c9dd-4668-830c-fc6e1f4f577e, raftlog=2e1bdd12-c9dd-4668-830c-fc6e1f4f577e-SegmentedRaftLog:OPENED:c-1,f-1,i0, conf=-1: [235e867e-130d-464b-8db3-36c278f87e9b:192.168.69.65:39000, f555e9dd-1107-4db0-a34b-7fc2c8339de2:192.168.69.65:38669, 2e1bdd12-c9dd-4668-830c-fc6e1f4f577e:192.168.69.65:36523], old=null
2019-08-16 05:50:14,154 [235e867e-130d-464b-8db3-36c278f87e9b:group-59562552B047:LeaderElection13] INFO  impl.LeaderElection (LeaderElection.java:logAndReturn(56)) - 235e867e-130d-464b-8db3-36c278f87e9b:group-59562552B047:LeaderElection13: Election REJECTED; received 2 response(s) [235e867e-130d-464b-8db3-36c278f87e9b<-f555e9dd-1107-4db0-a34b-7fc2c8339de2#0:FAIL-t2, 235e867e-130d-464b-8db3-36c278f87e9b<-2e1bdd12-c9dd-4668-830c-fc6e1f4f577e#0:FAIL-t2] and 0 exception(s); 235e867e-130d-464b-8db3-36c278f87e9b:t2, leader=null, voted=235e867e-130d-464b-8db3-36c278f87e9b, raftlog=235e867e-130d-464b-8db3-36c278f87e9b-SegmentedRaftLog:OPENED:c-1,f-1,i0, conf=-1: [235e867e-130d-464b-8db3-36c278f87e9b:192.168.69.65:39000, f555e9dd-1107-4db0-a34b-7fc2c8339de2:192.168.69.65:38669, 2e1bdd12-c9dd-4668-830c-fc6e1f4f577e:192.168.69.65:36523], old=null
2019-08-16 05:50:14,154 [2e1bdd12-c9dd-4668-830c-fc6e1f4f577e:group-59562552B047:LeaderElection14] INFO  impl.RoleInfo (RoleInfo.java:shutdownLeaderElection(134)) - 2e1bdd12-c9dd-4668-830c-fc6e1f4f577e: shutdown LeaderElection
2019-08-16 05:50:14,170 [235e867e-130d-464b-8db3-36c278f87e9b:group-59562552B047:LeaderElection13] INFO  impl.RaftServerImpl (RaftServerImpl.java:setRole(171)) - 235e867e-130d-464b-8db3-36c278f87e9b:group-59562552B047 changes role from CANDIDATE to FOLLOWER at term 2 for DISCOVERED_A_NEW_TERM
2019-08-16 05:50:14,174 [2e1bdd12-c9dd-4668-830c-fc6e1f4f577e:group-59562552B047:LeaderElection14] INFO  impl.RaftServerImpl (RaftServerImpl.java:setRole(171)) - 2e1bdd12-c9dd-4668-830c-fc6e1f4f577e:group-59562552B047 changes role from CANDIDATE to LEADER at term 2 for changeToLeader
2019-08-16 05:50:14,174 [235e867e-130d-464b-8db3-36c278f87e9b:group-59562552B047:LeaderElection13] INFO  impl.RoleInfo (RoleInfo.java:shutdownLeaderElection(134)) - 235e867e-130d-464b-8db3-36c278f87e9b: shutdown LeaderElection
2019-08-16 05:50:14,175 [2e1bdd12-c9dd-4668-830c-fc6e1f4f577e:group-59562552B047:LeaderElection14] INFO  impl.RaftServerImpl (ServerState.java:setLeader(263)) - 2e1bdd12-c9dd-4668-830c-fc6e1f4f577e:group-59562552B047 change Leader from null to 2e1bdd12-c9dd-4668-830c-fc6e1f4f577e at term 2 for becomeLeader, leader elected after 10343ms
2019-08-16 05:50:14,175 [235e867e-130d-464b-8db3-36c278f87e9b:group-59562552B047:LeaderElection13] INFO  impl.RoleInfo (RoleInfo.java:updateAndGet(143)) - 235e867e-130d-464b-8db3-36c278f87e9b: start FollowerState
2019-08-16 05:50:14,175 [2e1bdd12-c9dd-4668-830c-fc6e1f4f577e:group-59562552B047:LeaderElection14] INFO  server.RaftServerConfigKeys (ConfUtils.java:logGet(43)) - raft.server.staging.catchup.gap = 1000 (default)
2019-08-16 05:50:14,177 [2e1bdd12-c9dd-4668-830c-fc6e1f4f577e:group-59562552B047:LeaderElection14] INFO  server.RaftServerConfigKeys (ConfUtils.java:logGet(43)) - raft.server.rpc.sleep.time = 25ms (default)
2019-08-16 05:50:14,177 [2e1bdd12-c9dd-4668-830c-fc6e1f4f577e:group-59562552B047:LeaderElection14] INFO  server.RaftServerConfigKeys (ConfUtils.java:logGet(43)) - raft.server.write.element-limit = 4096 (default)
2019-08-16 05:50:14,178 [2e1bdd12-c9dd-4668-830c-fc6e1f4f577e:group-59562552B047:LeaderElection14] INFO  server.RaftServerConfigKeys (ConfUtils.java:logGet(43)) - raft.server.watch.timeout = 10s (default)
2019-08-16 05:50:14,178 [2e1bdd12-c9dd-4668-830c-fc6e1f4f577e:group-59562552B047:LeaderElection14] INFO  server.RaftServerConfigKeys (ConfUtils.java:logGet(43)) - raft.server.watch.timeout.denomination = 1s (default)
2019-08-16 05:50:14,178 [2e1bdd12-c9dd-4668-830c-fc6e1f4f577e:group-59562552B047:LeaderElection14] INFO  server.RaftServerConfigKeys (ConfUtils.java:logGet(43)) - raft.server.watch.element-limit = 65536 (default)
2019-08-16 05:50:14,178 [2e1bdd12-c9dd-4668-830c-fc6e1f4f577e:group-59562552B047:LeaderElection14] INFO  server.RaftServerConfigKeys (ConfUtils.java:logGet(43)) - raft.server.log.appender.snapshot.chunk.size.max = 16MB (=16777216) (default)
2019-08-16 05:50:14,179 [2e1bdd12-c9dd-4668-830c-fc6e1f4f577e:group-59562552B047:LeaderElection14] INFO  server.RaftServerConfigKeys (ConfUtils.java:logGet(43)) - raft.server.log.appender.buffer.byte-limit = 33554432 (custom)
2019-08-16 05:50:14,179 [2e1bdd12-c9dd-4668-830c-fc6e1f4f577e:group-59562552B047:LeaderElection14] INFO  server.RaftServerConfigKeys (ConfUtils.java:logGet(43)) - raft.server.log.appender.buffer.element-limit = 1 (custom)
2019-08-16 05:50:14,179 [2e1bdd12-c9dd-4668-830c-fc6e1f4f577e:group-59562552B047:LeaderElection14] INFO  grpc.GrpcConfigKeys$Server (ConfUtils.java:logGet(43)) - raft.grpc.server.leader.outstanding.appends.max = 128 (default)
2019-08-16 05:50:14,179 [2e1bdd12-c9dd-4668-830c-fc6e1f4f577e:group-59562552B047:LeaderElection14] INFO  server.RaftServerConfigKeys (ConfUtils.java:logGet(43)) - raft.server.rpc.request.timeout = 3000ms (default)
2019-08-16 05:50:14,180 [2e1bdd12-c9dd-4668-830c-fc6e1f4f577e:group-59562552B047:LeaderElection14] INFO  server.RaftServerConfigKeys (ConfUtils.java:logGet(43)) - raft.server.log.appender.install.snapshot.enabled = false (custom)
2019-08-16 05:50:14,180 [2e1bdd12-c9dd-4668-830c-fc6e1f4f577e:group-59562552B047:LeaderElection14] INFO  server.RaftServerConfigKeys (ConfUtils.java:logGet(43)) - raft.server.log.appender.snapshot.chunk.size.max = 16MB (=16777216) (default)
2019-08-16 05:50:14,180 [2e1bdd12-c9dd-4668-830c-fc6e1f4f577e:group-59562552B047:LeaderElection14] INFO  server.RaftServerConfigKeys (ConfUtils.java:logGet(43)) - raft.server.log.appender.buffer.byte-limit = 33554432 (custom)
2019-08-16 05:50:14,180 [2e1bdd12-c9dd-4668-830c-fc6e1f4f577e:group-59562552B047:LeaderElection14] INFO  server.RaftServerConfigKeys (ConfUtils.java:logGet(43)) - raft.server.log.appender.buffer.element-limit = 1 (custom)
2019-08-16 05:50:14,180 [2e1bdd12-c9dd-4668-830c-fc6e1f4f577e:group-59562552B047:LeaderElection14] INFO  grpc.GrpcConfigKeys$Server (ConfUtils.java:logGet(43)) - raft.grpc.server.leader.outstanding.appends.max = 128 (default)
2019-08-16 05:50:14,181 [2e1bdd12-c9dd-4668-830c-fc6e1f4f577e:group-59562552B047:LeaderElection14] INFO  server.RaftServerConfigKeys (ConfUtils.java:logGet(43)) - raft.server.rpc.request.timeout = 3000ms (default)
2019-08-16 05:50:14,181 [2e1bdd12-c9dd-4668-830c-fc6e1f4f577e:group-59562552B047:LeaderElection14] INFO  server.RaftServerConfigKeys (ConfUtils.java:logGet(43)) - raft.server.log.appender.install.snapshot.enabled = false (custom)
2019-08-16 05:50:14,181 [2e1bdd12-c9dd-4668-830c-fc6e1f4f577e:group-59562552B047:LeaderElection14] INFO  impl.RoleInfo (RoleInfo.java:updateAndGet(143)) - 2e1bdd12-c9dd-4668-830c-fc6e1f4f577e: start LeaderState
2019-08-16 05:50:14,181 [2e1bdd12-c9dd-4668-830c-fc6e1f4f577e:group-59562552B047:LeaderElection14] INFO  segmented.SegmentedRaftLogWorker (SegmentedRaftLogWorker.java:startLogSegment(380)) - 2e1bdd12-c9dd-4668-830c-fc6e1f4f577e-SegmentedRaftLogWorker:Storage Directory /workdir/hadoop-ozone/integration-test/target/test-dir/MiniOzoneClusterImpl-0f78b213-2ba3-4685-857a-0428c478dba2/datanode-1/data/ratis/9d83d20f-e778-414e-946c-59562552b047: Starting segment from index:0
2019-08-16 05:50:14,183 [2e1bdd12-c9dd-4668-830c-fc6e1f4f577e:group-59562552B047:LeaderElection14] INFO  impl.RaftServerImpl (ServerState.java:setRaftConf(361)) - 2e1bdd12-c9dd-4668-830c-fc6e1f4f577e:group-59562552B047 set configuration 0: [235e867e-130d-464b-8db3-36c278f87e9b:192.168.69.65:39000, f555e9dd-1107-4db0-a34b-7fc2c8339de2:192.168.69.65:38669, 2e1bdd12-c9dd-4668-830c-fc6e1f4f577e:192.168.69.65:36523], old=null at 0
2019-08-16 05:50:14,203 [grpc-default-executor-0] INFO  impl.RaftServerImpl (ServerState.java:setLeader(263)) - f555e9dd-1107-4db0-a34b-7fc2c8339de2:group-59562552B047 change Leader from null to 2e1bdd12-c9dd-4668-830c-fc6e1f4f577e at term 2 for appendEntries, leader elected after 10371ms
2019-08-16 05:50:14,203 [grpc-default-executor-1] INFO  impl.RaftServerImpl (ServerState.java:setLeader(263)) - 235e867e-130d-464b-8db3-36c278f87e9b:group-59562552B047 change Leader from null to 2e1bdd12-c9dd-4668-830c-fc6e1f4f577e at term 2 for appendEntries, leader elected after 10371ms
2019-08-16 05:50:14,209 [grpc-default-executor-1] INFO  impl.RaftServerImpl (ServerState.java:setRaftConf(361)) - 235e867e-130d-464b-8db3-36c278f87e9b:group-59562552B047 set configuration 0: [235e867e-130d-464b-8db3-36c278f87e9b:192.168.69.65:39000, f555e9dd-1107-4db0-a34b-7fc2c8339de2:192.168.69.65:38669, 2e1bdd12-c9dd-4668-830c-fc6e1f4f577e:192.168.69.65:36523], old=null at 0
2019-08-16 05:50:14,209 [grpc-default-executor-1] INFO  segmented.SegmentedRaftLogWorker (SegmentedRaftLogWorker.java:startLogSegment(380)) - 235e867e-130d-464b-8db3-36c278f87e9b-SegmentedRaftLogWorker:Storage Directory /workdir/hadoop-ozone/integration-test/target/test-dir/MiniOzoneClusterImpl-0f78b213-2ba3-4685-857a-0428c478dba2/datanode-0/data/ratis/9d83d20f-e778-414e-946c-59562552b047: Starting segment from index:0
2019-08-16 05:50:14,209 [grpc-default-executor-0] INFO  impl.RaftServerImpl (ServerState.java:setRaftConf(361)) - f555e9dd-1107-4db0-a34b-7fc2c8339de2:group-59562552B047 set configuration 0: [235e867e-130d-464b-8db3-36c278f87e9b:192.168.69.65:39000, f555e9dd-1107-4db0-a34b-7fc2c8339de2:192.168.69.65:38669, 2e1bdd12-c9dd-4668-830c-fc6e1f4f577e:192.168.69.65:36523], old=null at 0
2019-08-16 05:50:14,210 [grpc-default-executor-0] INFO  segmented.SegmentedRaftLogWorker (SegmentedRaftLogWorker.java:startLogSegment(380)) - f555e9dd-1107-4db0-a34b-7fc2c8339de2-SegmentedRaftLogWorker:Storage Directory /workdir/hadoop-ozone/integration-test/target/test-dir/MiniOzoneClusterImpl-0f78b213-2ba3-4685-857a-0428c478dba2/datanode-4/data/ratis/9d83d20f-e778-414e-946c-59562552b047: Starting segment from index:0
2019-08-16 05:50:14,213 [2e1bdd12-c9dd-4668-830c-fc6e1f4f577e-SegmentedRaftLogWorker:Storage Directory /workdir/hadoop-ozone/integration-test/target/test-dir/MiniOzoneClusterImpl-0f78b213-2ba3-4685-857a-0428c478dba2/datanode-1/data/ratis/9d83d20f-e778-414e-946c-59562552b047] INFO  segmented.SegmentedRaftLogWorker (SegmentedRaftLogWorker.java:execute(569)) - 2e1bdd12-c9dd-4668-830c-fc6e1f4f577e-SegmentedRaftLogWorker:Storage Directory /workdir/hadoop-ozone/integration-test/target/test-dir/MiniOzoneClusterImpl-0f78b213-2ba3-4685-857a-0428c478dba2/datanode-1/data/ratis/9d83d20f-e778-414e-946c-59562552b047: created new log segment /workdir/hadoop-ozone/integration-test/target/test-dir/MiniOzoneClusterImpl-0f78b213-2ba3-4685-857a-0428c478dba2/datanode-1/data/ratis/9d83d20f-e778-414e-946c-59562552b047/current/log_inprogress_0
2019-08-16 05:50:14,248 [f555e9dd-1107-4db0-a34b-7fc2c8339de2-SegmentedRaftLogWorker:Storage Directory /workdir/hadoop-ozone/integration-test/target/test-dir/MiniOzoneClusterImpl-0f78b213-2ba3-4685-857a-0428c478dba2/datanode-4/data/ratis/9d83d20f-e778-414e-946c-59562552b047] INFO  segmented.SegmentedRaftLogWorker (SegmentedRaftLogWorker.java:execute(569)) - f555e9dd-1107-4db0-a34b-7fc2c8339de2-SegmentedRaftLogWorker:Storage Directory /workdir/hadoop-ozone/integration-test/target/test-dir/MiniOzoneClusterImpl-0f78b213-2ba3-4685-857a-0428c478dba2/datanode-4/data/ratis/9d83d20f-e778-414e-946c-59562552b047: created new log segment /workdir/hadoop-ozone/integration-test/target/test-dir/MiniOzoneClusterImpl-0f78b213-2ba3-4685-857a-0428c478dba2/datanode-4/data/ratis/9d83d20f-e778-414e-946c-59562552b047/current/log_inprogress_0
2019-08-16 05:50:14,248 [235e867e-130d-464b-8db3-36c278f87e9b-SegmentedRaftLogWorker:Storage Directory /workdir/hadoop-ozone/integration-test/target/test-dir/MiniOzoneClusterImpl-0f78b213-2ba3-4685-857a-0428c478dba2/datanode-0/data/ratis/9d83d20f-e778-414e-946c-59562552b047] INFO  segmented.SegmentedRaftLogWorker (SegmentedRaftLogWorker.java:execute(569)) - 235e867e-130d-464b-8db3-36c278f87e9b-SegmentedRaftLogWorker:Storage Directory /workdir/hadoop-ozone/integration-test/target/test-dir/MiniOzoneClusterImpl-0f78b213-2ba3-4685-857a-0428c478dba2/datanode-0/data/ratis/9d83d20f-e778-414e-946c-59562552b047: created new log segment /workdir/hadoop-ozone/integration-test/target/test-dir/MiniOzoneClusterImpl-0f78b213-2ba3-4685-857a-0428c478dba2/datanode-0/data/ratis/9d83d20f-e778-414e-946c-59562552b047/current/log_inprogress_0
2019-08-16 05:50:14,300 [grpc-default-executor-1] INFO  client.GrpcClientProtocolClient (GrpcClientProtocolClient.java:onNext(255)) - client-4814D52B8C89->235e867e-130d-464b-8db3-36c278f87e9b: receive RaftClientReply:client-4814D52B8C89->235e867e-130d-464b-8db3-36c278f87e9b@group-59562552B047, cid=17, FAILED org.apache.ratis.protocol.NotLeaderException: Server 235e867e-130d-464b-8db3-36c278f87e9b is not the leader (2e1bdd12-c9dd-4668-830c-fc6e1f4f577e:192.168.69.65:36523). Request must be sent to leader., logIndex=0, commits[235e867e-130d-464b-8db3-36c278f87e9b:c-1, f555e9dd-1107-4db0-a34b-7fc2c8339de2:c-1, 2e1bdd12-c9dd-4668-830c-fc6e1f4f577e:c-1]
2019-08-16 05:50:14,498 | INFO  | SCMAudit | user=jenkins1000 | ip=192.168.69.65 | op=SEND_HEARTBEAT {datanodeUUID=f555e9dd-1107-4db0-a34b-7fc2c8339de2, command=[]} | ret=SUCCESS |  
2019-08-16 05:50:14,498 | INFO  | SCMAudit | user=jenkins1000 | ip=192.168.69.65 | op=SEND_HEARTBEAT {datanodeUUID=235e867e-130d-464b-8db3-36c278f87e9b, command=[]} | ret=SUCCESS |  
2019-08-16 05:50:14,498 | INFO  | SCMAudit | user=jenkins1000 | ip=192.168.69.65 | op=SEND_HEARTBEAT {datanodeUUID=2e1bdd12-c9dd-4668-830c-fc6e1f4f577e, command=[]} | ret=SUCCESS |  
2019-08-16 05:50:14,504 | INFO  | DNAudit | user=null | ip=null | op=WRITE_CHUNK {blockData=conID: 2 locID: 1565934610141 bcsId: 0} | ret=SUCCESS |  
2019-08-16 05:50:14,504 | INFO  | DNAudit | user=null | ip=null | op=WRITE_CHUNK {blockData=conID: 2 locID: 1565934610141 bcsId: 0} | ret=SUCCESS |  
2019-08-16 05:50:14,504 | INFO  | DNAudit | user=null | ip=null | op=WRITE_CHUNK {blockData=conID: 2 locID: 1565934610141 bcsId: 0} | ret=SUCCESS |  
2019-08-16 05:50:14,522 | INFO  | DNAudit | user=null | ip=null | op=WRITE_CHUNK {blockData=conID: 2 locID: 1565934610141 bcsId: 0} | ret=SUCCESS |  
2019-08-16 05:50:14,529 [grpc-default-executor-0] INFO  client.GrpcClientProtocolClient (GrpcClientProtocolClient.java:onNext(255)) - client-4814D52B8C89->2e1bdd12-c9dd-4668-830c-fc6e1f4f577e: receive RaftClientReply:client-4814D52B8C89->2e1bdd12-c9dd-4668-830c-fc6e1f4f577e@group-59562552B047, cid=17, SUCCESS, logIndex=1, commits[2e1bdd12-c9dd-4668-830c-fc6e1f4f577e:c1, 235e867e-130d-464b-8db3-36c278f87e9b:c0, f555e9dd-1107-4db0-a34b-7fc2c8339de2:c0]
2019-08-16 05:50:14,539 | INFO  | DNAudit | user=null | ip=null | op=WRITE_CHUNK {blockData=conID: 2 locID: 1565934610141 bcsId: 0} | ret=SUCCESS |  
2019-08-16 05:50:14,539 | INFO  | DNAudit | user=null | ip=null | op=WRITE_CHUNK {blockData=conID: 2 locID: 1565934610141 bcsId: 0} | ret=SUCCESS |  
2019-08-16 05:50:14,549 [pool-37-thread-4] WARN  impl.ChunkManagerImpl (ChunkUtils.java:validateChunkForOverwrite(218)) - Duplicate write chunk request. Chunk overwrite without explicit request. ChunkInfo{chunkName='1565934610141.data.0, offset=0, len=1048576}
2019-08-16 05:50:14,549 [pool-37-thread-4] WARN  impl.ChunkManagerImpl (ChunkManagerImpl.java:writeChunk(111)) - ChunkFile already exists/workdir/hadoop-ozone/integration-test/target/test-dir/MiniOzoneClusterImpl-0f78b213-2ba3-4685-857a-0428c478dba2/datanode-1/data/containers/hdds/e81f8236-62c7-43c0-a846-3e4e959bbe85/current/containerDir0/2/chunks/1565934610141.data.0.Deleting it.
2019-08-16 05:50:14,553 | INFO  | DNAudit | user=null | ip=null | op=WRITE_CHUNK {blockData=conID: 2 locID: 1565934610141 bcsId: 0} | ret=SUCCESS |  
2019-08-16 05:50:14,560 [pool-70-thread-2] WARN  impl.ChunkManagerImpl (ChunkUtils.java:validateChunkForOverwrite(218)) - Duplicate write chunk request. Chunk overwrite without explicit request. ChunkInfo{chunkName='1565934610141.data.0, offset=0, len=1048576}
2019-08-16 05:50:14,560 [pool-70-thread-2] WARN  impl.ChunkManagerImpl (ChunkManagerImpl.java:writeChunk(111)) - ChunkFile already exists/workdir/hadoop-ozone/integration-test/target/test-dir/MiniOzoneClusterImpl-0f78b213-2ba3-4685-857a-0428c478dba2/datanode-4/data/containers/hdds/e81f8236-62c7-43c0-a846-3e4e959bbe85/current/containerDir0/2/chunks/1565934610141.data.0.Deleting it.
2019-08-16 05:50:14,560 [pool-26-thread-2] WARN  impl.ChunkManagerImpl (ChunkUtils.java:validateChunkForOverwrite(218)) - Duplicate write chunk request. Chunk overwrite without explicit request. ChunkInfo{chunkName='1565934610141.data.0, offset=0, len=1048576}
2019-08-16 05:50:14,561 [pool-26-thread-2] WARN  impl.ChunkManagerImpl (ChunkManagerImpl.java:writeChunk(111)) - ChunkFile already exists/workdir/hadoop-ozone/integration-test/target/test-dir/MiniOzoneClusterImpl-0f78b213-2ba3-4685-857a-0428c478dba2/datanode-0/data/containers/hdds/e81f8236-62c7-43c0-a846-3e4e959bbe85/current/containerDir0/2/chunks/1565934610141.data.0.Deleting it.
2019-08-16 05:50:14,566 | INFO  | DNAudit | user=null | ip=null | op=WRITE_CHUNK {blockData=conID: 2 locID: 1565934610141 bcsId: 0} | ret=SUCCESS |  
2019-08-16 05:50:14,566 | INFO  | DNAudit | user=null | ip=null | op=WRITE_CHUNK {blockData=conID: 2 locID: 1565934610141 bcsId: 0} | ret=SUCCESS |  
2019-08-16 05:50:14,638 | INFO  | DNAudit | user=null | ip=null | op=PUT_BLOCK {blockData=[blockId=conID: 2 locID: 1565934610141 bcsId: 0,size=1048576]} | ret=SUCCESS |  
2019-08-16 05:50:14,651 | INFO  | DNAudit | user=null | ip=null | op=WRITE_CHUNK {blockData=conID: 2 locID: 1565934610141 bcsId: 0} | ret=SUCCESS |  
2019-08-16 05:50:14,652 [grpc-default-executor-3] INFO  client.GrpcClientProtocolClient (GrpcClientProtocolClient.java:onNext(255)) - client-4814D52B8C89->2e1bdd12-c9dd-4668-830c-fc6e1f4f577e: receive RaftClientReply:client-4814D52B8C89->2e1bdd12-c9dd-4668-830c-fc6e1f4f577e@group-59562552B047, cid=18, SUCCESS, logIndex=3, commits[2e1bdd12-c9dd-4668-830c-fc6e1f4f577e:c8, 235e867e-130d-464b-8db3-36c278f87e9b:c6, f555e9dd-1107-4db0-a34b-7fc2c8339de2:c6]
2019-08-16 05:50:14,653 [grpc-default-executor-3] INFO  client.GrpcClientProtocolClient (GrpcClientProtocolClient.java:onNext(255)) - client-4814D52B8C89->2e1bdd12-c9dd-4668-830c-fc6e1f4f577e: receive RaftClientReply:client-4814D52B8C89->2e1bdd12-c9dd-4668-830c-fc6e1f4f577e@group-59562552B047, cid=19, SUCCESS, logIndex=4, commits[2e1bdd12-c9dd-4668-830c-fc6e1f4f577e:c8, 235e867e-130d-464b-8db3-36c278f87e9b:c6, f555e9dd-1107-4db0-a34b-7fc2c8339de2:c6]
2019-08-16 05:50:14,684 | INFO  | DNAudit | user=null | ip=null | op=PUT_BLOCK {blockData=[blockId=conID: 2 locID: 1565934610141 bcsId: 0,size=1048576]} | ret=SUCCESS |  
2019-08-16 05:50:14,684 | INFO  | DNAudit | user=null | ip=null | op=WRITE_CHUNK {blockData=conID: 2 locID: 1565934610141 bcsId: 0} | ret=SUCCESS |  
2019-08-16 05:50:14,702 | INFO  | DNAudit | user=null | ip=null | op=PUT_BLOCK {blockData=[blockId=conID: 2 locID: 1565934610141 bcsId: 0,size=1048576]} | ret=SUCCESS |  
2019-08-16 05:50:14,702 | INFO  | DNAudit | user=null | ip=null | op=PUT_BLOCK {blockData=[blockId=conID: 2 locID: 1565934610141 bcsId: 0,size=1048576]} | ret=SUCCESS |  
2019-08-16 05:50:14,703 | INFO  | DNAudit | user=null | ip=null | op=PUT_BLOCK {blockData=[blockId=conID: 2 locID: 1565934610141 bcsId: 0,size=1048576]} | ret=SUCCESS |  
2019-08-16 05:50:14,703 | INFO  | DNAudit | user=null | ip=null | op=WRITE_CHUNK {blockData=conID: 2 locID: 1565934610141 bcsId: 0} | ret=SUCCESS |  
2019-08-16 05:50:14,704 | INFO  | DNAudit | user=null | ip=null | op=PUT_BLOCK {blockData=[blockId=conID: 2 locID: 1565934610141 bcsId: 0,size=1048576]} | ret=SUCCESS |  
2019-08-16 05:50:14,704 [grpc-default-executor-3] INFO  client.GrpcClientProtocolClient (GrpcClientProtocolClient.java:onNext(255)) - client-4814D52B8C89->2e1bdd12-c9dd-4668-830c-fc6e1f4f577e: receive RaftClientReply:client-4814D52B8C89->2e1bdd12-c9dd-4668-830c-fc6e1f4f577e@group-59562552B047, cid=20, SUCCESS, logIndex=5, commits[2e1bdd12-c9dd-4668-830c-fc6e1f4f577e:c8, 235e867e-130d-464b-8db3-36c278f87e9b:c6, f555e9dd-1107-4db0-a34b-7fc2c8339de2:c6]
2019-08-16 05:50:14,706 [main] INFO  datanode.ObjectStoreHandler (ObjectStoreHandler.java:close(155)) - Closing ObjectStoreHandler.
2019-08-16 05:50:14,707 [main] INFO  ozone.HddsDatanodeService (HddsDatanodeService.java:stop(451)) - Stopped plug-in org.apache.hadoop.ozone.web.OzoneHddsDatanodeService@33a8c9c9
2019-08-16 05:50:14,730 | INFO  | SCMAudit | user=jenkins1000 | ip=192.168.69.65 | op=SEND_HEARTBEAT {datanodeUUID=08146bd9-7f36-4a55-820c-b224ee28b36f, command=[]} | ret=SUCCESS |  
2019-08-16 05:50:14,850 | INFO  | SCMAudit | user=jenkins1000 | ip=192.168.69.65 | op=SEND_HEARTBEAT {datanodeUUID=9051f25d-cbb4-4e26-8bf3-7e81ad55fdbb, command=[]} | ret=SUCCESS |  
2019-08-16 05:50:14,850 | INFO  | SCMAudit | user=jenkins1000 | ip=192.168.69.65 | op=SEND_HEARTBEAT {datanodeUUID=c5b94dfc-0eb5-44b4-a69b-45e46e69e511, command=[]} | ret=SUCCESS |  
2019-08-16 05:50:15,020 | INFO  | SCMAudit | user=jenkins1000 | ip=192.168.69.65 | op=SEND_HEARTBEAT {datanodeUUID=e3017edc-60b5-40f4-9313-b9a0d37ded5d, command=[]} | ret=SUCCESS |  
2019-08-16 05:50:15,497 [Datanode State Machine Thread - 0] INFO  statemachine.DatanodeStateMachine (DatanodeStateMachine.java:lambda$startDaemon$0(350)) - Ozone container server started.
2019-08-16 05:50:15,499 | INFO  | SCMAudit | user=jenkins1000 | ip=192.168.69.65 | op=SEND_HEARTBEAT {datanodeUUID=f555e9dd-1107-4db0-a34b-7fc2c8339de2, command=[]} | ret=SUCCESS |  
2019-08-16 05:50:15,499 | INFO  | SCMAudit | user=jenkins1000 | ip=192.168.69.65 | op=SEND_HEARTBEAT {datanodeUUID=2e1bdd12-c9dd-4668-830c-fc6e1f4f577e, command=[]} | ret=SUCCESS |  
2019-08-16 05:50:15,730 | INFO  | SCMAudit | user=jenkins1000 | ip=192.168.69.65 | op=SEND_HEARTBEAT {datanodeUUID=08146bd9-7f36-4a55-820c-b224ee28b36f, command=[]} | ret=SUCCESS |  
2019-08-16 05:50:15,850 | INFO  | SCMAudit | user=jenkins1000 | ip=192.168.69.65 | op=SEND_HEARTBEAT {datanodeUUID=9051f25d-cbb4-4e26-8bf3-7e81ad55fdbb, command=[]} | ret=SUCCESS |  
2019-08-16 05:50:15,850 | INFO  | SCMAudit | user=jenkins1000 | ip=192.168.69.65 | op=SEND_HEARTBEAT {datanodeUUID=c5b94dfc-0eb5-44b4-a69b-45e46e69e511, command=[]} | ret=SUCCESS |  
2019-08-16 05:50:16,020 | INFO  | SCMAudit | user=jenkins1000 | ip=192.168.69.65 | op=SEND_HEARTBEAT {datanodeUUID=e3017edc-60b5-40f4-9313-b9a0d37ded5d, command=[]} | ret=SUCCESS |  
2019-08-16 05:50:16,499 | INFO  | SCMAudit | user=jenkins1000 | ip=192.168.69.65 | op=SEND_HEARTBEAT {datanodeUUID=f555e9dd-1107-4db0-a34b-7fc2c8339de2, command=[]} | ret=SUCCESS |  
2019-08-16 05:50:16,499 | INFO  | SCMAudit | user=jenkins1000 | ip=192.168.69.65 | op=SEND_HEARTBEAT {datanodeUUID=2e1bdd12-c9dd-4668-830c-fc6e1f4f577e, command=[]} | ret=SUCCESS |  
2019-08-16 05:50:16,730 | INFO  | SCMAudit | user=jenkins1000 | ip=192.168.69.65 | op=SEND_HEARTBEAT {datanodeUUID=08146bd9-7f36-4a55-820c-b224ee28b36f, command=[]} | ret=SUCCESS |  
2019-08-16 05:50:16,850 | INFO  | SCMAudit | user=jenkins1000 | ip=192.168.69.65 | op=SEND_HEARTBEAT {datanodeUUID=9051f25d-cbb4-4e26-8bf3-7e81ad55fdbb, command=[]} | ret=SUCCESS |  
2019-08-16 05:50:16,851 | INFO  | SCMAudit | user=jenkins1000 | ip=192.168.69.65 | op=SEND_HEARTBEAT {datanodeUUID=c5b94dfc-0eb5-44b4-a69b-45e46e69e511, command=[]} | ret=SUCCESS |  
2019-08-16 05:50:17,019 | INFO  | SCMAudit | user=jenkins1000 | ip=192.168.69.65 | op=SEND_HEARTBEAT {datanodeUUID=e3017edc-60b5-40f4-9313-b9a0d37ded5d, command=[]} | ret=SUCCESS |  
2019-08-16 05:50:17,499 | INFO  | SCMAudit | user=jenkins1000 | ip=192.168.69.65 | op=SEND_HEARTBEAT {datanodeUUID=f555e9dd-1107-4db0-a34b-7fc2c8339de2, command=[]} | ret=SUCCESS |  
2019-08-16 05:50:17,499 | INFO  | SCMAudit | user=jenkins1000 | ip=192.168.69.65 | op=SEND_HEARTBEAT {datanodeUUID=2e1bdd12-c9dd-4668-830c-fc6e1f4f577e, command=[]} | ret=SUCCESS |  
2019-08-16 05:50:17,577 [EventQueue-StaleNodeForStaleNodeHandler] INFO  node.StaleNodeHandler (StaleNodeHandler.java:onMessage(58)) - Datanode 235e867e-130d-464b-8db3-36c278f87e9b{ip: 192.168.69.65, host: trunk-nightly-4lbr2-4263640518, networkLocation: /default-rack, certSerialId: null} moved to stale state. Finalizing its pipelines [PipelineID=9d83d20f-e778-414e-946c-59562552b047, PipelineID=01310303-08d9-4d85-8d0d-c5b666cef442]
2019-08-16 05:50:17,578 [EventQueue-StaleNodeForStaleNodeHandler] INFO  pipeline.SCMPipelineManager (SCMPipelineManager.java:finalizeAndDestroyPipeline(309)) - destroying pipeline:Pipeline[ Id: 9d83d20f-e778-414e-946c-59562552b047, Nodes: 235e867e-130d-464b-8db3-36c278f87e9b{ip: 192.168.69.65, host: trunk-nightly-4lbr2-4263640518, networkLocation: /default-rack, certSerialId: null}f555e9dd-1107-4db0-a34b-7fc2c8339de2{ip: 192.168.69.65, host: trunk-nightly-4lbr2-4263640518, networkLocation: /default-rack, certSerialId: null}2e1bdd12-c9dd-4668-830c-fc6e1f4f577e{ip: 192.168.69.65, host: trunk-nightly-4lbr2-4263640518, networkLocation: /default-rack, certSerialId: null}, Type:RATIS, Factor:THREE, State:OPEN]
2019-08-16 05:50:17,579 [EventQueue-StaleNodeForStaleNodeHandler] INFO  pipeline.PipelineStateManager (PipelineStateManager.java:finalizePipeline(123)) - Pipeline Pipeline[ Id: 9d83d20f-e778-414e-946c-59562552b047, Nodes: 235e867e-130d-464b-8db3-36c278f87e9b{ip: 192.168.69.65, host: trunk-nightly-4lbr2-4263640518, networkLocation: /default-rack, certSerialId: null}f555e9dd-1107-4db0-a34b-7fc2c8339de2{ip: 192.168.69.65, host: trunk-nightly-4lbr2-4263640518, networkLocation: /default-rack, certSerialId: null}2e1bdd12-c9dd-4668-830c-fc6e1f4f577e{ip: 192.168.69.65, host: trunk-nightly-4lbr2-4263640518, networkLocation: /default-rack, certSerialId: null}, Type:RATIS, Factor:THREE, State:CLOSED] moved to CLOSED state
2019-08-16 05:50:17,580 [EventQueue-CloseContainerForCloseContainerEventHandler] INFO  container.CloseContainerEventHandler (CloseContainerEventHandler.java:onMessage(61)) - Close container Event triggered for container : #2
2019-08-16 05:50:17,581 [EventQueue-StaleNodeForStaleNodeHandler] INFO  pipeline.SCMPipelineManager (SCMPipelineManager.java:finalizeAndDestroyPipeline(309)) - destroying pipeline:Pipeline[ Id: 01310303-08d9-4d85-8d0d-c5b666cef442, Nodes: 235e867e-130d-464b-8db3-36c278f87e9b{ip: 192.168.69.65, host: trunk-nightly-4lbr2-4263640518, networkLocation: /default-rack, certSerialId: null}, Type:RATIS, Factor:ONE, State:OPEN]
2019-08-16 05:50:17,581 [EventQueue-StaleNodeForStaleNodeHandler] INFO  pipeline.PipelineStateManager (PipelineStateManager.java:finalizePipeline(123)) - Pipeline Pipeline[ Id: 01310303-08d9-4d85-8d0d-c5b666cef442, Nodes: 235e867e-130d-464b-8db3-36c278f87e9b{ip: 192.168.69.65, host: trunk-nightly-4lbr2-4263640518, networkLocation: /default-rack, certSerialId: null}, Type:RATIS, Factor:ONE, State:CLOSED] moved to CLOSED state
2019-08-16 05:50:17,730 | INFO  | SCMAudit | user=jenkins1000 | ip=192.168.69.65 | op=SEND_HEARTBEAT {datanodeUUID=08146bd9-7f36-4a55-820c-b224ee28b36f, command=[]} | ret=SUCCESS |  
2019-08-16 05:50:17,850 | INFO  | SCMAudit | user=jenkins1000 | ip=192.168.69.65 | op=SEND_HEARTBEAT {datanodeUUID=9051f25d-cbb4-4e26-8bf3-7e81ad55fdbb, command=[]} | ret=SUCCESS |  
2019-08-16 05:50:17,852 | INFO  | SCMAudit | user=jenkins1000 | ip=192.168.69.65 | op=SEND_HEARTBEAT {datanodeUUID=c5b94dfc-0eb5-44b4-a69b-45e46e69e511, command=[]} | ret=SUCCESS |  
2019-08-16 05:50:18,019 | INFO  | SCMAudit | user=jenkins1000 | ip=192.168.69.65 | op=SEND_HEARTBEAT {datanodeUUID=e3017edc-60b5-40f4-9313-b9a0d37ded5d, command=[]} | ret=SUCCESS |  
2019-08-16 05:50:18,558 | INFO  | SCMAudit | user=jenkins1000 | ip=192.168.69.65 | op=SEND_HEARTBEAT {datanodeUUID=2e1bdd12-c9dd-4668-830c-fc6e1f4f577e, command=[commandType: closeContainerCommand closeContainerCommandProto { containerID: 2 pipelineID { id: "9d83d20f-e778-414e-946c-59562552b047" } cmdId: 2 force: false } ]} | ret=SUCCESS |  
2019-08-16 05:50:18,558 | INFO  | SCMAudit | user=jenkins1000 | ip=192.168.69.65 | op=SEND_HEARTBEAT {datanodeUUID=f555e9dd-1107-4db0-a34b-7fc2c8339de2, command=[commandType: closeContainerCommand closeContainerCommandProto { containerID: 2 pipelineID { id: "9d83d20f-e778-414e-946c-59562552b047" } cmdId: 2 force: false } ]} | ret=SUCCESS |  
2019-08-16 05:50:18,749 | INFO  | SCMAudit | user=jenkins1000 | ip=192.168.69.65 | op=SEND_HEARTBEAT {datanodeUUID=08146bd9-7f36-4a55-820c-b224ee28b36f, command=[]} | ret=SUCCESS |  
2019-08-16 05:50:18,849 | INFO  | SCMAudit | user=jenkins1000 | ip=192.168.69.65 | op=SEND_HEARTBEAT {datanodeUUID=9051f25d-cbb4-4e26-8bf3-7e81ad55fdbb, command=[]} | ret=SUCCESS |  
2019-08-16 05:50:18,852 | INFO  | SCMAudit | user=jenkins1000 | ip=192.168.69.65 | op=SEND_HEARTBEAT {datanodeUUID=c5b94dfc-0eb5-44b4-a69b-45e46e69e511, command=[]} | ret=SUCCESS |  
2019-08-16 05:50:19,020 | INFO  | SCMAudit | user=jenkins1000 | ip=192.168.69.65 | op=SEND_HEARTBEAT {datanodeUUID=e3017edc-60b5-40f4-9313-b9a0d37ded5d, command=[]} | ret=SUCCESS |  
2019-08-16 05:50:19,500 | INFO  | SCMAudit | user=jenkins1000 | ip=192.168.69.65 | op=SEND_HEARTBEAT {datanodeUUID=2e1bdd12-c9dd-4668-830c-fc6e1f4f577e, command=[]} | ret=SUCCESS |  
2019-08-16 05:50:19,500 | INFO  | SCMAudit | user=jenkins1000 | ip=192.168.69.65 | op=SEND_HEARTBEAT {datanodeUUID=f555e9dd-1107-4db0-a34b-7fc2c8339de2, command=[]} | ret=SUCCESS |  
2019-08-16 05:50:19,521 | INFO  | SCMAudit | user=jenkins1000 | ip=192.168.69.65 | op=SEND_HEARTBEAT {datanodeUUID=2e1bdd12-c9dd-4668-830c-fc6e1f4f577e, command=[]} | ret=SUCCESS |  
2019-08-16 05:50:19,521 | INFO  | SCMAudit | user=jenkins1000 | ip=192.168.69.65 | op=SEND_HEARTBEAT {datanodeUUID=f555e9dd-1107-4db0-a34b-7fc2c8339de2, command=[]} | ret=SUCCESS |  
2019-08-16 05:50:19,600 [RatisApplyTransactionExecutor 2] INFO  interfaces.Container (KeyValueContainer.java:compactDB(356)) - Container 2 is closed with bcsId 5.
2019-08-16 05:50:19,600 | INFO  | DNAudit | user=null | ip=null | op=CLOSE_CONTAINER {containerID=2} | ret=SUCCESS |  
2019-08-16 05:50:19,602 | INFO  | SCMAudit | user=jenkins1000 | ip=192.168.69.65 | op=SEND_HEARTBEAT {datanodeUUID=2e1bdd12-c9dd-4668-830c-fc6e1f4f577e, command=[]} | ret=SUCCESS |  
2019-08-16 05:50:19,602 [EventQueue-IncrementalContainerReportForIncrementalContainerReportHandler] INFO  container.IncrementalContainerReportHandler (AbstractContainerReportHandler.java:updateContainerState(176)) - Moving container #2 to CLOSED state, datanode 2e1bdd12-c9dd-4668-830c-fc6e1f4f577e{ip: 192.168.69.65, host: trunk-nightly-4lbr2-4263640518, networkLocation: /default-rack, certSerialId: null} reported CLOSED replica.
2019-08-16 05:50:19,604 [RatisApplyTransactionExecutor 2] INFO  interfaces.Container (KeyValueContainer.java:compactDB(356)) - Container 2 is closed with bcsId 5.
2019-08-16 05:50:19,615 | INFO  | DNAudit | user=null | ip=null | op=CLOSE_CONTAINER {containerID=2} | ret=SUCCESS |  
2019-08-16 05:50:19,616 | INFO  | SCMAudit | user=jenkins1000 | ip=192.168.69.65 | op=SEND_HEARTBEAT {datanodeUUID=f555e9dd-1107-4db0-a34b-7fc2c8339de2, command=[]} | ret=SUCCESS |  
2019-08-16 05:50:19,627 [RatisApplyTransactionExecutor 2] INFO  interfaces.Container (KeyValueContainer.java:compactDB(356)) - Container 2 is closed with bcsId 5.
2019-08-16 05:50:19,629 | INFO  | DNAudit | user=null | ip=null | op=CLOSE_CONTAINER {containerID=2} | ret=SUCCESS |  
2019-08-16 05:50:19,711 [main] INFO  ozoneimpl.OzoneContainer (OzoneContainer.java:stop(199)) - Attempting to stop container services.
2019-08-16 05:50:19,712 [main] INFO  impl.RaftServerProxy (RaftServerProxy.java:lambda$close$4(314)) - 235e867e-130d-464b-8db3-36c278f87e9b: close
2019-08-16 05:50:19,715 [main] INFO  impl.RaftServerImpl (RaftServerImpl.java:lambda$shutdown$3(245)) - 235e867e-130d-464b-8db3-36c278f87e9b: shutdown group-59562552B047
2019-08-16 05:50:19,715 [ForkJoinPool.commonPool-worker-0] INFO  impl.RaftServerImpl (RaftServerImpl.java:lambda$shutdown$3(245)) - 235e867e-130d-464b-8db3-36c278f87e9b: shutdown group-C5B666CEF442
2019-08-16 05:50:19,715 [main] INFO  util.JmxRegister (JmxRegister.java:unregister(73)) - Successfully un-registered JMX Bean with object name Ratis:service=RaftServer,group=group-59562552B047,id=235e867e-130d-464b-8db3-36c278f87e9b
2019-08-16 05:50:19,716 [ForkJoinPool.commonPool-worker-0] INFO  util.JmxRegister (JmxRegister.java:unregister(73)) - Successfully un-registered JMX Bean with object name Ratis:service=RaftServer,group=group-C5B666CEF442,id=235e867e-130d-464b-8db3-36c278f87e9b
2019-08-16 05:50:19,716 [main] INFO  impl.RoleInfo (RoleInfo.java:shutdownFollowerState(121)) - 235e867e-130d-464b-8db3-36c278f87e9b: shutdown FollowerState
2019-08-16 05:50:19,716 [ForkJoinPool.commonPool-worker-0] INFO  impl.RoleInfo (RoleInfo.java:shutdownLeaderState(104)) - 235e867e-130d-464b-8db3-36c278f87e9b: shutdown LeaderState
2019-08-16 05:50:19,717 [Thread-393] INFO  impl.FollowerState (FollowerState.java:run(114)) - 235e867e-130d-464b-8db3-36c278f87e9b: FollowerState was interrupted: java.lang.InterruptedException: sleep interrupted
2019-08-16 05:50:19,717 [main] INFO  impl.StateMachineUpdater (StateMachineUpdater.java:stopAndJoin(115)) - StateMachineUpdater:235e867e-130d-464b-8db3-36c278f87e9b:group-59562552B047: set stopIndex = 9
2019-08-16 05:50:19,717 [StateMachineUpdater:235e867e-130d-464b-8db3-36c278f87e9b:group-59562552B047] INFO  ratis.ContainerStateMachine (ContainerStateMachine.java:takeSnapshot(271)) - group-59562552B047: Taking a snapshot at:(t:2, i:9) file /workdir/hadoop-ozone/integration-test/target/test-dir/MiniOzoneClusterImpl-0f78b213-2ba3-4685-857a-0428c478dba2/datanode-0/data/ratis/9d83d20f-e778-414e-946c-59562552b047/sm/snapshot.2_9
2019-08-16 05:50:19,720 [ForkJoinPool.commonPool-worker-0] INFO  impl.PendingRequests (PendingRequests.java:sendNotLeaderResponses(202)) - 235e867e-130d-464b-8db3-36c278f87e9b-PendingRequests: sendNotLeaderResponses
2019-08-16 05:50:19,723 [ForkJoinPool.commonPool-worker-0] INFO  impl.StateMachineUpdater (StateMachineUpdater.java:stopAndJoin(115)) - StateMachineUpdater:235e867e-130d-464b-8db3-36c278f87e9b:group-C5B666CEF442: set stopIndex = 0
2019-08-16 05:50:19,726 [ForkJoinPool.commonPool-worker-0] INFO  impl.RaftServerImpl (ServerState.java:close(394)) - 235e867e-130d-464b-8db3-36c278f87e9b:group-C5B666CEF442 closes. The last applied log index is 0
2019-08-16 05:50:19,729 [235e867e-130d-464b-8db3-36c278f87e9b-SegmentedRaftLogWorker:Storage Directory /workdir/hadoop-ozone/integration-test/target/test-dir/MiniOzoneClusterImpl-0f78b213-2ba3-4685-857a-0428c478dba2/datanode-0/data/ratis/01310303-08d9-4d85-8d0d-c5b666cef442] INFO  segmented.SegmentedRaftLogWorker (SegmentedRaftLogWorker.java:run(313)) - 235e867e-130d-464b-8db3-36c278f87e9b-SegmentedRaftLogWorker:Storage Directory /workdir/hadoop-ozone/integration-test/target/test-dir/MiniOzoneClusterImpl-0f78b213-2ba3-4685-857a-0428c478dba2/datanode-0/data/ratis/01310303-08d9-4d85-8d0d-c5b666cef442 was interrupted, exiting. There are 0 tasks remaining in the queue.
2019-08-16 05:50:19,731 [ForkJoinPool.commonPool-worker-0] INFO  segmented.SegmentedRaftLogWorker (SegmentedRaftLogWorker.java:close(228)) - 235e867e-130d-464b-8db3-36c278f87e9b-SegmentedRaftLogWorker:Storage Directory /workdir/hadoop-ozone/integration-test/target/test-dir/MiniOzoneClusterImpl-0f78b213-2ba3-4685-857a-0428c478dba2/datanode-0/data/ratis/01310303-08d9-4d85-8d0d-c5b666cef442 close()
2019-08-16 05:50:19,747 | INFO  | SCMAudit | user=jenkins1000 | ip=192.168.69.65 | op=SEND_HEARTBEAT {datanodeUUID=08146bd9-7f36-4a55-820c-b224ee28b36f, command=[]} | ret=SUCCESS |  
2019-08-16 05:50:19,764 [StateMachineUpdater:235e867e-130d-464b-8db3-36c278f87e9b:group-59562552B047] INFO  ratis.ContainerStateMachine (ContainerStateMachine.java:takeSnapshot(282)) - group-59562552B047: Finished taking a snapshot at:(t:2, i:9) file:/workdir/hadoop-ozone/integration-test/target/test-dir/MiniOzoneClusterImpl-0f78b213-2ba3-4685-857a-0428c478dba2/datanode-0/data/ratis/9d83d20f-e778-414e-946c-59562552b047/sm/snapshot.2_9 time:47
2019-08-16 05:50:19,764 [StateMachineUpdater:235e867e-130d-464b-8db3-36c278f87e9b:group-59562552B047] INFO  impl.StateMachineUpdater (StateMachineUpdater.java:takeSnapshot(242)) - StateMachineUpdater:235e867e-130d-464b-8db3-36c278f87e9b:group-59562552B047: Took a snapshot at index 9
2019-08-16 05:50:19,764 [StateMachineUpdater:235e867e-130d-464b-8db3-36c278f87e9b:group-59562552B047] INFO  impl.StateMachineUpdater (StateMachineUpdater.java:lambda$new$0(80)) - StateMachineUpdater:235e867e-130d-464b-8db3-36c278f87e9b:group-59562552B047: snapshotIndex: updateIncreasingly -1 -> 9
2019-08-16 05:50:19,770 [main] INFO  impl.RaftServerImpl (ServerState.java:close(394)) - 235e867e-130d-464b-8db3-36c278f87e9b:group-59562552B047 closes. The last applied log index is 9
2019-08-16 05:50:19,771 [235e867e-130d-464b-8db3-36c278f87e9b-SegmentedRaftLogWorker:Storage Directory /workdir/hadoop-ozone/integration-test/target/test-dir/MiniOzoneClusterImpl-0f78b213-2ba3-4685-857a-0428c478dba2/datanode-0/data/ratis/9d83d20f-e778-414e-946c-59562552b047] INFO  segmented.SegmentedRaftLogWorker (SegmentedRaftLogWorker.java:run(313)) - 235e867e-130d-464b-8db3-36c278f87e9b-SegmentedRaftLogWorker:Storage Directory /workdir/hadoop-ozone/integration-test/target/test-dir/MiniOzoneClusterImpl-0f78b213-2ba3-4685-857a-0428c478dba2/datanode-0/data/ratis/9d83d20f-e778-414e-946c-59562552b047 was interrupted, exiting. There are 0 tasks remaining in the queue.
2019-08-16 05:50:19,773 [main] INFO  segmented.SegmentedRaftLogWorker (SegmentedRaftLogWorker.java:close(228)) - 235e867e-130d-464b-8db3-36c278f87e9b-SegmentedRaftLogWorker:Storage Directory /workdir/hadoop-ozone/integration-test/target/test-dir/MiniOzoneClusterImpl-0f78b213-2ba3-4685-857a-0428c478dba2/datanode-0/data/ratis/9d83d20f-e778-414e-946c-59562552b047 close()
2019-08-16 05:50:19,777 [main] INFO  server.GrpcService (GrpcService.java:closeImpl(155)) - 235e867e-130d-464b-8db3-36c278f87e9b: shutdown server with port 39000 now
2019-08-16 05:50:19,787 [main] INFO  server.GrpcService (GrpcService.java:closeImpl(163)) - 235e867e-130d-464b-8db3-36c278f87e9b: shutdown server with port 39000 successfully
2019-08-16 05:50:19,788 [grpc-default-executor-0] WARN  server.GrpcServerProtocolService (LogUtils.java:warn(134)) - 235e867e-130d-464b-8db3-36c278f87e9b: appendEntries onError: org.apache.ratis.thirdparty.io.grpc.StatusRuntimeException: CANCELLED: cancelled before receiving half close
2019-08-16 05:50:19,790 [grpc-default-executor-0] WARN  server.GrpcLogAppender (LogUtils.java:warn(134)) - 2e1bdd12-c9dd-4668-830c-fc6e1f4f577e->235e867e-130d-464b-8db3-36c278f87e9b: Failed appendEntries: org.apache.ratis.thirdparty.io.grpc.StatusRuntimeException: CANCELLED: HTTP/2 error code: CANCEL
Received Rst Stream
2019-08-16 05:50:19,795 [grpc-default-executor-0] INFO  impl.FollowerInfo (FollowerInfo.java:lambda$new$0(50)) - 2e1bdd12-c9dd-4668-830c-fc6e1f4f577e->235e867e-130d-464b-8db3-36c278f87e9b: nextIndex: updateUnconditionally 11 -> 10
2019-08-16 05:50:19,800 [main] INFO  utils.BackgroundService (BackgroundService.java:shutdown(148)) - Shutting down service BlockDeletingService
2019-08-16 05:50:19,801 [refreshUsed-/workdir/hadoop-ozone/integration-test/target/test-dir/MiniOzoneClusterImpl-0f78b213-2ba3-4685-857a-0428c478dba2/datanode-0/data/containers] WARN  fs.CachingGetSpaceUsed (CachingGetSpaceUsed.java:run(183)) - Thread Interrupted waiting to refresh disk information: sleep interrupted
2019-08-16 05:50:19,822 [main] INFO  statemachine.DatanodeStateMachine (DatanodeStateMachine.java:stopDaemon(395)) - Ozone container server stopped.
2019-08-16 05:50:19,826 [main] INFO  handler.ContextHandler (ContextHandler.java:doStop(910)) - Stopped o.e.j.w.WebAppContext@58ba5b30{/,null,UNAVAILABLE}{/hddsDatanode}
2019-08-16 05:50:19,832 [main] INFO  server.AbstractConnector (AbstractConnector.java:doStop(318)) - Stopped ServerConnector@4dba773d{HTTP/1.1,[http/1.1]}{0.0.0.0:0}
2019-08-16 05:50:19,832 [main] INFO  handler.ContextHandler (ContextHandler.java:doStop(910)) - Stopped o.e.j.s.ServletContextHandler@1dc3502b{/static,jar:file:/home/user/.m2/repository/org/apache/hadoop/hadoop-hdds-container-service/0.5.0-SNAPSHOT/hadoop-hdds-container-service-0.5.0-SNAPSHOT.jar!/webapps/static,UNAVAILABLE}
2019-08-16 05:50:19,833 [main] INFO  handler.ContextHandler (ContextHandler.java:doStop(910)) - Stopped o.e.j.s.ServletContextHandler@561b7d53{/logs,file:///workdir/hadoop-ozone/integration-test/target/log,UNAVAILABLE}
2019-08-16 05:50:19,835 [main] INFO  datanode.ObjectStoreHandler (ObjectStoreHandler.java:close(155)) - Closing ObjectStoreHandler.
2019-08-16 05:50:19,836 [main] INFO  ozone.HddsDatanodeService (HddsDatanodeService.java:stop(451)) - Stopped plug-in org.apache.hadoop.ozone.web.OzoneHddsDatanodeService@4a1dda83
2019-08-16 05:50:19,850 | INFO  | SCMAudit | user=jenkins1000 | ip=192.168.69.65 | op=SEND_HEARTBEAT {datanodeUUID=9051f25d-cbb4-4e26-8bf3-7e81ad55fdbb, command=[]} | ret=SUCCESS |  
2019-08-16 05:50:19,852 | INFO  | SCMAudit | user=jenkins1000 | ip=192.168.69.65 | op=SEND_HEARTBEAT {datanodeUUID=c5b94dfc-0eb5-44b4-a69b-45e46e69e511, command=[]} | ret=SUCCESS |  
2019-08-16 05:50:20,020 | INFO  | SCMAudit | user=jenkins1000 | ip=192.168.69.65 | op=SEND_HEARTBEAT {datanodeUUID=e3017edc-60b5-40f4-9313-b9a0d37ded5d, command=[]} | ret=SUCCESS |  
2019-08-16 05:50:20,602 | INFO  | SCMAudit | user=jenkins1000 | ip=192.168.69.65 | op=SEND_HEARTBEAT {datanodeUUID=2e1bdd12-c9dd-4668-830c-fc6e1f4f577e, command=[]} | ret=SUCCESS |  
2019-08-16 05:50:20,615 [Datanode State Machine Thread - 0] INFO  statemachine.DatanodeStateMachine (DatanodeStateMachine.java:lambda$startDaemon$0(350)) - Ozone container server started.
2019-08-16 05:50:20,747 | INFO  | SCMAudit | user=jenkins1000 | ip=192.168.69.65 | op=SEND_HEARTBEAT {datanodeUUID=08146bd9-7f36-4a55-820c-b224ee28b36f, command=[]} | ret=SUCCESS |  
2019-08-16 05:50:20,850 | INFO  | SCMAudit | user=jenkins1000 | ip=192.168.69.65 | op=SEND_HEARTBEAT {datanodeUUID=9051f25d-cbb4-4e26-8bf3-7e81ad55fdbb, command=[]} | ret=SUCCESS |  
2019-08-16 05:50:20,852 | INFO  | SCMAudit | user=jenkins1000 | ip=192.168.69.65 | op=SEND_HEARTBEAT {datanodeUUID=c5b94dfc-0eb5-44b4-a69b-45e46e69e511, command=[]} | ret=SUCCESS |  
2019-08-16 05:50:21,021 | INFO  | SCMAudit | user=jenkins1000 | ip=192.168.69.65 | op=SEND_HEARTBEAT {datanodeUUID=e3017edc-60b5-40f4-9313-b9a0d37ded5d, command=[]} | ret=SUCCESS |  
2019-08-16 05:50:21,602 | INFO  | SCMAudit | user=jenkins1000 | ip=192.168.69.65 | op=SEND_HEARTBEAT {datanodeUUID=2e1bdd12-c9dd-4668-830c-fc6e1f4f577e, command=[]} | ret=SUCCESS |  
2019-08-16 05:50:21,747 | INFO  | SCMAudit | user=jenkins1000 | ip=192.168.69.65 | op=SEND_HEARTBEAT {datanodeUUID=08146bd9-7f36-4a55-820c-b224ee28b36f, command=[]} | ret=SUCCESS |  
2019-08-16 05:50:21,850 | INFO  | SCMAudit | user=jenkins1000 | ip=192.168.69.65 | op=SEND_HEARTBEAT {datanodeUUID=9051f25d-cbb4-4e26-8bf3-7e81ad55fdbb, command=[]} | ret=SUCCESS |  
2019-08-16 05:50:21,852 | INFO  | SCMAudit | user=jenkins1000 | ip=192.168.69.65 | op=SEND_HEARTBEAT {datanodeUUID=c5b94dfc-0eb5-44b4-a69b-45e46e69e511, command=[]} | ret=SUCCESS |  
2019-08-16 05:50:22,022 | INFO  | SCMAudit | user=jenkins1000 | ip=192.168.69.65 | op=SEND_HEARTBEAT {datanodeUUID=e3017edc-60b5-40f4-9313-b9a0d37ded5d, command=[]} | ret=SUCCESS |  
2019-08-16 05:50:22,076 [grpc-default-executor-3] WARN  server.GrpcLogAppender (LogUtils.java:warn(134)) - 2e1bdd12-c9dd-4668-830c-fc6e1f4f577e->235e867e-130d-464b-8db3-36c278f87e9b: Failed appendEntries: org.apache.ratis.thirdparty.io.grpc.StatusRuntimeException: UNAVAILABLE: io exception
2019-08-16 05:50:22,081 [grpc-default-executor-3] INFO  impl.FollowerInfo (FollowerInfo.java:lambda$new$0(50)) - 2e1bdd12-c9dd-4668-830c-fc6e1f4f577e->235e867e-130d-464b-8db3-36c278f87e9b: nextIndex: updateUnconditionally 10 -> 9
2019-08-16 05:50:22,602 | INFO  | SCMAudit | user=jenkins1000 | ip=192.168.69.65 | op=SEND_HEARTBEAT {datanodeUUID=2e1bdd12-c9dd-4668-830c-fc6e1f4f577e, command=[]} | ret=SUCCESS |  
2019-08-16 05:50:22,688 [EventQueue-StaleNodeForStaleNodeHandler] INFO  node.StaleNodeHandler (StaleNodeHandler.java:onMessage(58)) - Datanode f555e9dd-1107-4db0-a34b-7fc2c8339de2{ip: 192.168.69.65, host: trunk-nightly-4lbr2-4263640518, networkLocation: /default-rack, certSerialId: null} moved to stale state. Finalizing its pipelines [PipelineID=a2fbb06c-af64-4d0b-b07d-13e4fa0175a0, PipelineID=9d83d20f-e778-414e-946c-59562552b047]
2019-08-16 05:50:22,689 [EventQueue-StaleNodeForStaleNodeHandler] INFO  pipeline.SCMPipelineManager (SCMPipelineManager.java:finalizeAndDestroyPipeline(309)) - destroying pipeline:Pipeline[ Id: a2fbb06c-af64-4d0b-b07d-13e4fa0175a0, Nodes: f555e9dd-1107-4db0-a34b-7fc2c8339de2{ip: 192.168.69.65, host: trunk-nightly-4lbr2-4263640518, networkLocation: /default-rack, certSerialId: null}, Type:RATIS, Factor:ONE, State:OPEN]
2019-08-16 05:50:22,689 [EventQueue-StaleNodeForStaleNodeHandler] INFO  pipeline.PipelineStateManager (PipelineStateManager.java:finalizePipeline(123)) - Pipeline Pipeline[ Id: a2fbb06c-af64-4d0b-b07d-13e4fa0175a0, Nodes: f555e9dd-1107-4db0-a34b-7fc2c8339de2{ip: 192.168.69.65, host: trunk-nightly-4lbr2-4263640518, networkLocation: /default-rack, certSerialId: null}, Type:RATIS, Factor:ONE, State:CLOSED] moved to CLOSED state
2019-08-16 05:50:22,689 [EventQueue-StaleNodeForStaleNodeHandler] INFO  pipeline.SCMPipelineManager (SCMPipelineManager.java:finalizeAndDestroyPipeline(309)) - destroying pipeline:Pipeline[ Id: 9d83d20f-e778-414e-946c-59562552b047, Nodes: 235e867e-130d-464b-8db3-36c278f87e9b{ip: 192.168.69.65, host: trunk-nightly-4lbr2-4263640518, networkLocation: /default-rack, certSerialId: null}f555e9dd-1107-4db0-a34b-7fc2c8339de2{ip: 192.168.69.65, host: trunk-nightly-4lbr2-4263640518, networkLocation: /default-rack, certSerialId: null}2e1bdd12-c9dd-4668-830c-fc6e1f4f577e{ip: 192.168.69.65, host: trunk-nightly-4lbr2-4263640518, networkLocation: /default-rack, certSerialId: null}, Type:RATIS, Factor:THREE, State:CLOSED]
2019-08-16 05:50:22,747 | INFO  | SCMAudit | user=jenkins1000 | ip=192.168.69.65 | op=SEND_HEARTBEAT {datanodeUUID=08146bd9-7f36-4a55-820c-b224ee28b36f, command=[]} | ret=SUCCESS |  
2019-08-16 05:50:22,850 | INFO  | SCMAudit | user=jenkins1000 | ip=192.168.69.65 | op=SEND_HEARTBEAT {datanodeUUID=9051f25d-cbb4-4e26-8bf3-7e81ad55fdbb, command=[]} | ret=SUCCESS |  
2019-08-16 05:50:22,852 | INFO  | SCMAudit | user=jenkins1000 | ip=192.168.69.65 | op=SEND_HEARTBEAT {datanodeUUID=c5b94dfc-0eb5-44b4-a69b-45e46e69e511, command=[]} | ret=SUCCESS |  
2019-08-16 05:50:23,022 | INFO  | SCMAudit | user=jenkins1000 | ip=192.168.69.65 | op=SEND_HEARTBEAT {datanodeUUID=e3017edc-60b5-40f4-9313-b9a0d37ded5d, command=[]} | ret=SUCCESS |  
2019-08-16 05:50:23,602 | INFO  | SCMAudit | user=jenkins1000 | ip=192.168.69.65 | op=SEND_HEARTBEAT {datanodeUUID=2e1bdd12-c9dd-4668-830c-fc6e1f4f577e, command=[]} | ret=SUCCESS |  
2019-08-16 05:50:23,747 | INFO  | SCMAudit | user=jenkins1000 | ip=192.168.69.65 | op=SEND_HEARTBEAT {datanodeUUID=08146bd9-7f36-4a55-820c-b224ee28b36f, command=[]} | ret=SUCCESS |  
2019-08-16 05:50:23,851 | INFO  | SCMAudit | user=jenkins1000 | ip=192.168.69.65 | op=SEND_HEARTBEAT {datanodeUUID=9051f25d-cbb4-4e26-8bf3-7e81ad55fdbb, command=[]} | ret=SUCCESS |  
2019-08-16 05:50:23,851 | INFO  | SCMAudit | user=jenkins1000 | ip=192.168.69.65 | op=SEND_HEARTBEAT {datanodeUUID=c5b94dfc-0eb5-44b4-a69b-45e46e69e511, command=[]} | ret=SUCCESS |  
2019-08-16 05:50:24,022 | INFO  | SCMAudit | user=jenkins1000 | ip=192.168.69.65 | op=SEND_HEARTBEAT {datanodeUUID=e3017edc-60b5-40f4-9313-b9a0d37ded5d, command=[]} | ret=SUCCESS |  
2019-08-16 05:50:24,571 [grpc-default-executor-1] WARN  server.GrpcLogAppender (LogUtils.java:warn(134)) - 2e1bdd12-c9dd-4668-830c-fc6e1f4f577e->235e867e-130d-464b-8db3-36c278f87e9b: Failed appendEntries: org.apache.ratis.thirdparty.io.grpc.StatusRuntimeException: UNAVAILABLE: io exception
2019-08-16 05:50:24,574 [grpc-default-executor-1] INFO  impl.FollowerInfo (FollowerInfo.java:lambda$new$0(50)) - 2e1bdd12-c9dd-4668-830c-fc6e1f4f577e->235e867e-130d-464b-8db3-36c278f87e9b: nextIndex: updateUnconditionally 9 -> 8
2019-08-16 05:50:24,602 | INFO  | SCMAudit | user=jenkins1000 | ip=192.168.69.65 | op=SEND_HEARTBEAT {datanodeUUID=2e1bdd12-c9dd-4668-830c-fc6e1f4f577e, command=[]} | ret=SUCCESS |  
2019-08-16 05:50:24,747 | INFO  | SCMAudit | user=jenkins1000 | ip=192.168.69.65 | op=SEND_HEARTBEAT {datanodeUUID=08146bd9-7f36-4a55-820c-b224ee28b36f, command=[]} | ret=SUCCESS |  
2019-08-16 05:50:24,836 [main] INFO  ozoneimpl.OzoneContainer (OzoneContainer.java:stop(199)) - Attempting to stop container services.
2019-08-16 05:50:24,837 [main] INFO  impl.RaftServerProxy (RaftServerProxy.java:lambda$close$4(314)) - f555e9dd-1107-4db0-a34b-7fc2c8339de2: close
2019-08-16 05:50:24,838 [main] INFO  impl.RaftServerImpl (RaftServerImpl.java:lambda$shutdown$3(245)) - f555e9dd-1107-4db0-a34b-7fc2c8339de2: shutdown group-13E4FA0175A0
2019-08-16 05:50:24,838 [main] INFO  util.JmxRegister (JmxRegister.java:unregister(73)) - Successfully un-registered JMX Bean with object name Ratis:service=RaftServer,group=group-13E4FA0175A0,id=f555e9dd-1107-4db0-a34b-7fc2c8339de2
2019-08-16 05:50:24,839 [main] INFO  impl.RoleInfo (RoleInfo.java:shutdownLeaderState(104)) - f555e9dd-1107-4db0-a34b-7fc2c8339de2: shutdown LeaderState
2019-08-16 05:50:24,840 [main] INFO  impl.PendingRequests (PendingRequests.java:sendNotLeaderResponses(202)) - f555e9dd-1107-4db0-a34b-7fc2c8339de2-PendingRequests: sendNotLeaderResponses
2019-08-16 05:50:24,843 [main] INFO  impl.StateMachineUpdater (StateMachineUpdater.java:stopAndJoin(115)) - StateMachineUpdater:f555e9dd-1107-4db0-a34b-7fc2c8339de2:group-13E4FA0175A0: set stopIndex = 0
2019-08-16 05:50:24,843 [main] INFO  impl.RaftServerImpl (ServerState.java:close(394)) - f555e9dd-1107-4db0-a34b-7fc2c8339de2:group-13E4FA0175A0 closes. The last applied log index is 0
2019-08-16 05:50:24,844 [f555e9dd-1107-4db0-a34b-7fc2c8339de2-SegmentedRaftLogWorker:Storage Directory /workdir/hadoop-ozone/integration-test/target/test-dir/MiniOzoneClusterImpl-0f78b213-2ba3-4685-857a-0428c478dba2/datanode-4/data/ratis/a2fbb06c-af64-4d0b-b07d-13e4fa0175a0] INFO  segmented.SegmentedRaftLogWorker (SegmentedRaftLogWorker.java:run(313)) - f555e9dd-1107-4db0-a34b-7fc2c8339de2-SegmentedRaftLogWorker:Storage Directory /workdir/hadoop-ozone/integration-test/target/test-dir/MiniOzoneClusterImpl-0f78b213-2ba3-4685-857a-0428c478dba2/datanode-4/data/ratis/a2fbb06c-af64-4d0b-b07d-13e4fa0175a0 was interrupted, exiting. There are 0 tasks remaining in the queue.
2019-08-16 05:50:24,846 [main] INFO  segmented.SegmentedRaftLogWorker (SegmentedRaftLogWorker.java:close(228)) - f555e9dd-1107-4db0-a34b-7fc2c8339de2-SegmentedRaftLogWorker:Storage Directory /workdir/hadoop-ozone/integration-test/target/test-dir/MiniOzoneClusterImpl-0f78b213-2ba3-4685-857a-0428c478dba2/datanode-4/data/ratis/a2fbb06c-af64-4d0b-b07d-13e4fa0175a0 close()
2019-08-16 05:50:24,850 [main] INFO  impl.RaftServerImpl (RaftServerImpl.java:lambda$shutdown$3(245)) - f555e9dd-1107-4db0-a34b-7fc2c8339de2: shutdown group-59562552B047
2019-08-16 05:50:24,851 [main] INFO  util.JmxRegister (JmxRegister.java:unregister(73)) - Successfully un-registered JMX Bean with object name Ratis:service=RaftServer,group=group-59562552B047,id=f555e9dd-1107-4db0-a34b-7fc2c8339de2
2019-08-16 05:50:24,851 [main] INFO  impl.RoleInfo (RoleInfo.java:shutdownFollowerState(121)) - f555e9dd-1107-4db0-a34b-7fc2c8339de2: shutdown FollowerState
2019-08-16 05:50:24,851 | INFO  | SCMAudit | user=jenkins1000 | ip=192.168.69.65 | op=SEND_HEARTBEAT {datanodeUUID=9051f25d-cbb4-4e26-8bf3-7e81ad55fdbb, command=[]} | ret=SUCCESS |  
2019-08-16 05:50:24,852 | INFO  | SCMAudit | user=jenkins1000 | ip=192.168.69.65 | op=SEND_HEARTBEAT {datanodeUUID=c5b94dfc-0eb5-44b4-a69b-45e46e69e511, command=[]} | ret=SUCCESS |  
2019-08-16 05:50:24,851 [main] INFO  impl.StateMachineUpdater (StateMachineUpdater.java:stopAndJoin(115)) - StateMachineUpdater:f555e9dd-1107-4db0-a34b-7fc2c8339de2:group-59562552B047: set stopIndex = 10
2019-08-16 05:50:24,852 [StateMachineUpdater:f555e9dd-1107-4db0-a34b-7fc2c8339de2:group-59562552B047] INFO  ratis.ContainerStateMachine (ContainerStateMachine.java:takeSnapshot(271)) - group-59562552B047: Taking a snapshot at:(t:2, i:9) file /workdir/hadoop-ozone/integration-test/target/test-dir/MiniOzoneClusterImpl-0f78b213-2ba3-4685-857a-0428c478dba2/datanode-4/data/ratis/9d83d20f-e778-414e-946c-59562552b047/sm/snapshot.2_9
2019-08-16 05:50:24,852 [Thread-392] INFO  impl.FollowerState (FollowerState.java:run(114)) - f555e9dd-1107-4db0-a34b-7fc2c8339de2: FollowerState was interrupted: java.lang.InterruptedException: sleep interrupted
2019-08-16 05:50:24,860 [StateMachineUpdater:f555e9dd-1107-4db0-a34b-7fc2c8339de2:group-59562552B047] INFO  ratis.ContainerStateMachine (ContainerStateMachine.java:takeSnapshot(282)) - group-59562552B047: Finished taking a snapshot at:(t:2, i:9) file:/workdir/hadoop-ozone/integration-test/target/test-dir/MiniOzoneClusterImpl-0f78b213-2ba3-4685-857a-0428c478dba2/datanode-4/data/ratis/9d83d20f-e778-414e-946c-59562552b047/sm/snapshot.2_9 time:9
2019-08-16 05:50:24,861 [StateMachineUpdater:f555e9dd-1107-4db0-a34b-7fc2c8339de2:group-59562552B047] INFO  impl.StateMachineUpdater (StateMachineUpdater.java:takeSnapshot(242)) - StateMachineUpdater:f555e9dd-1107-4db0-a34b-7fc2c8339de2:group-59562552B047: Took a snapshot at index 9
2019-08-16 05:50:24,861 [StateMachineUpdater:f555e9dd-1107-4db0-a34b-7fc2c8339de2:group-59562552B047] INFO  impl.StateMachineUpdater (StateMachineUpdater.java:lambda$new$0(80)) - StateMachineUpdater:f555e9dd-1107-4db0-a34b-7fc2c8339de2:group-59562552B047: snapshotIndex: updateIncreasingly -1 -> 9
2019-08-16 05:50:24,861 [main] INFO  impl.RaftServerImpl (ServerState.java:close(394)) - f555e9dd-1107-4db0-a34b-7fc2c8339de2:group-59562552B047 closes. The last applied log index is 10
2019-08-16 05:50:24,862 [f555e9dd-1107-4db0-a34b-7fc2c8339de2-SegmentedRaftLogWorker:Storage Directory /workdir/hadoop-ozone/integration-test/target/test-dir/MiniOzoneClusterImpl-0f78b213-2ba3-4685-857a-0428c478dba2/datanode-4/data/ratis/9d83d20f-e778-414e-946c-59562552b047] INFO  segmented.SegmentedRaftLogWorker (SegmentedRaftLogWorker.java:run(313)) - f555e9dd-1107-4db0-a34b-7fc2c8339de2-SegmentedRaftLogWorker:Storage Directory /workdir/hadoop-ozone/integration-test/target/test-dir/MiniOzoneClusterImpl-0f78b213-2ba3-4685-857a-0428c478dba2/datanode-4/data/ratis/9d83d20f-e778-414e-946c-59562552b047 was interrupted, exiting. There are 0 tasks remaining in the queue.
2019-08-16 05:50:24,864 [main] INFO  segmented.SegmentedRaftLogWorker (SegmentedRaftLogWorker.java:close(228)) - f555e9dd-1107-4db0-a34b-7fc2c8339de2-SegmentedRaftLogWorker:Storage Directory /workdir/hadoop-ozone/integration-test/target/test-dir/MiniOzoneClusterImpl-0f78b213-2ba3-4685-857a-0428c478dba2/datanode-4/data/ratis/9d83d20f-e778-414e-946c-59562552b047 close()
2019-08-16 05:50:24,868 [main] INFO  server.GrpcService (GrpcService.java:closeImpl(155)) - f555e9dd-1107-4db0-a34b-7fc2c8339de2: shutdown server with port 38669 now
2019-08-16 05:50:24,876 [grpc-default-executor-0] WARN  server.GrpcServerProtocolService (LogUtils.java:warn(134)) - f555e9dd-1107-4db0-a34b-7fc2c8339de2: appendEntries onError: org.apache.ratis.thirdparty.io.grpc.StatusRuntimeException: CANCELLED: cancelled before receiving half close
2019-08-16 05:50:24,876 [grpc-default-executor-1] WARN  server.GrpcLogAppender (LogUtils.java:warn(134)) - 2e1bdd12-c9dd-4668-830c-fc6e1f4f577e->f555e9dd-1107-4db0-a34b-7fc2c8339de2: Failed appendEntries: org.apache.ratis.thirdparty.io.grpc.StatusRuntimeException: CANCELLED: HTTP/2 error code: CANCEL
Received Rst Stream
2019-08-16 05:50:24,876 [main] INFO  server.GrpcService (GrpcService.java:closeImpl(163)) - f555e9dd-1107-4db0-a34b-7fc2c8339de2: shutdown server with port 38669 successfully
2019-08-16 05:50:24,879 [grpc-default-executor-1] INFO  impl.FollowerInfo (FollowerInfo.java:lambda$new$0(50)) - 2e1bdd12-c9dd-4668-830c-fc6e1f4f577e->f555e9dd-1107-4db0-a34b-7fc2c8339de2: nextIndex: updateUnconditionally 11 -> 10
2019-08-16 05:50:24,880 [main] INFO  utils.BackgroundService (BackgroundService.java:shutdown(148)) - Shutting down service BlockDeletingService
2019-08-16 05:50:24,882 [refreshUsed-/workdir/hadoop-ozone/integration-test/target/test-dir/MiniOzoneClusterImpl-0f78b213-2ba3-4685-857a-0428c478dba2/datanode-4/data/containers] WARN  fs.CachingGetSpaceUsed (CachingGetSpaceUsed.java:run(183)) - Thread Interrupted waiting to refresh disk information: sleep interrupted
2019-08-16 05:50:24,907 [main] INFO  statemachine.DatanodeStateMachine (DatanodeStateMachine.java:stopDaemon(395)) - Ozone container server stopped.
2019-08-16 05:50:24,908 [main] INFO  handler.ContextHandler (ContextHandler.java:doStop(910)) - Stopped o.e.j.w.WebAppContext@13f40d71{/,null,UNAVAILABLE}{/hddsDatanode}
2019-08-16 05:50:24,910 [main] INFO  server.AbstractConnector (AbstractConnector.java:doStop(318)) - Stopped ServerConnector@73a845cb{HTTP/1.1,[http/1.1]}{0.0.0.0:0}
2019-08-16 05:50:24,910 [main] INFO  handler.ContextHandler (ContextHandler.java:doStop(910)) - Stopped o.e.j.s.ServletContextHandler@7f0766ef{/static,jar:file:/home/user/.m2/repository/org/apache/hadoop/hadoop-hdds-container-service/0.5.0-SNAPSHOT/hadoop-hdds-container-service-0.5.0-SNAPSHOT.jar!/webapps/static,UNAVAILABLE}
2019-08-16 05:50:24,911 [main] INFO  handler.ContextHandler (ContextHandler.java:doStop(910)) - Stopped o.e.j.s.ServletContextHandler@251a90ce{/logs,file:///workdir/hadoop-ozone/integration-test/target/log,UNAVAILABLE}
]]></system-out>
  </testcase>
</testsuite>