<?xml version="1.0" encoding="UTF-8"?>
<testsuite xmlns:xsi="http://www.w3.org/2001/XMLSchema-instance" xsi:noNamespaceSchemaLocation="https://maven.apache.org/surefire/maven-surefire-plugin/xsd/surefire-test-report.xsd" name="org.apache.hadoop.ozone.client.rpc.TestHybridPipelineOnDatanode" time="28.396" tests="1" errors="1" skipped="0" failures="0">
  <properties>
    <property name="awt.toolkit" value="sun.awt.X11.XToolkit"/>
    <property name="file.encoding.pkg" value="sun.io"/>
    <property name="java.specification.version" value="1.8"/>
    <property name="sun.cpu.isalist" value=""/>
    <property name="sun.jnu.encoding" value="UTF-8"/>
    <property name="java.class.path" value="/workdir/hadoop-ozone/integration-test/target/test-classes:/workdir/hadoop-ozone/integration-test/target/classes:/home/user/.m2/repository/org/apache/hadoop/hadoop-ozone-common/0.5.0-SNAPSHOT/hadoop-ozone-common-0.5.0-SNAPSHOT.jar:/home/user/.m2/repository/org/apache/commons/commons-compress/1.4.1/commons-compress-1.4.1.jar:/home/user/.m2/repository/org/tukaani/xz/1.0/xz-1.0.jar:/home/user/.m2/repository/org/apache/hadoop/hadoop-common/3.2.0/hadoop-common-3.2.0.jar:/home/user/.m2/repository/org/apache/hadoop/hadoop-hdfs/3.2.0/hadoop-hdfs-3.2.0.jar:/home/user/.m2/repository/org/apache/hadoop/hadoop-hdfs-client/3.2.0/hadoop-hdfs-client-3.2.0.jar:/home/user/.m2/repository/com/fasterxml/jackson/core/jackson-annotations/2.9.9/jackson-annotations-2.9.9.jar:/home/user/.m2/repository/org/apache/hadoop/hadoop-hdds-common/0.5.0-SNAPSHOT/hadoop-hdds-common-0.5.0-SNAPSHOT.jar:/home/user/.m2/repository/javax/annotation/javax.annotation-api/1.2/javax.annotation-api-1.2.jar:/home/user/.m2/repository/org/apache/ratis/ratis-server/0.4.0/ratis-server-0.4.0.jar:/home/user/.m2/repository/org/apache/ratis/ratis-thirdparty-misc/0.2.0/ratis-thirdparty-misc-0.2.0.jar:/home/user/.m2/repository/org/apache/ratis/ratis-proto/0.4.0/ratis-proto-0.4.0.jar:/home/user/.m2/repository/org/apache/ratis/ratis-common/0.4.0/ratis-common-0.4.0.jar:/home/user/.m2/repository/org/apache/ratis/ratis-client/0.4.0/ratis-client-0.4.0.jar:/home/user/.m2/repository/org/apache/ratis/ratis-metrics/0.4.0/ratis-metrics-0.4.0.jar:/home/user/.m2/repository/com/github/joshelser/dropwizard-metrics-hadoop-metrics2-reporter/0.1.2/dropwizard-metrics-hadoop-metrics2-reporter-0.1.2.jar:/home/user/.m2/repository/io/dropwizard/metrics/metrics-jvm/3.2.5/metrics-jvm-3.2.5.jar:/home/user/.m2/repository/io/dropwizard/metrics/metrics-ganglia/3.2.5/metrics-ganglia-3.2.5.jar:/home/user/.m2/repository/info/ganglia/gmetric4j/gmetric4j/1.0.7/gmetric4j-1.0.7.jar:/home/user/.m2/repository/org/apache/ratis/ratis-netty/0.4.0/ratis-netty-0.4.0.jar:/home/user/.m2/repository/org/apache/ratis/ratis-grpc/0.4.0/ratis-grpc-0.4.0.jar:/home/user/.m2/repository/org/rocksdb/rocksdbjni/6.0.1/rocksdbjni-6.0.1.jar:/home/user/.m2/repository/org/apache/logging/log4j/log4j-api/2.11.0/log4j-api-2.11.0.jar:/home/user/.m2/repository/org/apache/logging/log4j/log4j-core/2.11.0/log4j-core-2.11.0.jar:/home/user/.m2/repository/com/lmax/disruptor/3.4.2/disruptor-3.4.2.jar:/home/user/.m2/repository/org/apache/commons/commons-pool2/2.6.0/commons-pool2-2.6.0.jar:/home/user/.m2/repository/org/bouncycastle/bcpkix-jdk15on/1.60/bcpkix-jdk15on-1.60.jar:/home/user/.m2/repository/commons-validator/commons-validator/1.6/commons-validator-1.6.jar:/home/user/.m2/repository/commons-digester/commons-digester/1.8.1/commons-digester-1.8.1.jar:/home/user/.m2/repository/io/jaegertracing/jaeger-client/0.34.0/jaeger-client-0.34.0.jar:/home/user/.m2/repository/io/jaegertracing/jaeger-thrift/0.34.0/jaeger-thrift-0.34.0.jar:/home/user/.m2/repository/org/apache/thrift/libthrift/0.12.0/libthrift-0.12.0.jar:/home/user/.m2/repository/com/squareup/okhttp3/okhttp/3.9.0/okhttp-3.9.0.jar:/home/user/.m2/repository/com/squareup/okio/okio/1.13.0/okio-1.13.0.jar:/home/user/.m2/repository/io/jaegertracing/jaeger-core/0.34.0/jaeger-core-0.34.0.jar:/home/user/.m2/repository/io/jaegertracing/jaeger-tracerresolver/0.34.0/jaeger-tracerresolver-0.34.0.jar:/home/user/.m2/repository/io/opentracing/contrib/opentracing-tracerresolver/0.1.5/opentracing-tracerresolver-0.1.5.jar:/home/user/.m2/repository/io/opentracing/opentracing-util/0.31.0/opentracing-util-0.31.0.jar:/home/user/.m2/repository/io/opentracing/opentracing-api/0.31.0/opentracing-api-0.31.0.jar:/home/user/.m2/repository/io/opentracing/opentracing-noop/0.31.0/opentracing-noop-0.31.0.jar:/home/user/.m2/repository/org/apache/hadoop/hadoop-hdds-server-framework/0.5.0-SNAPSHOT/hadoop-hdds-server-framework-0.5.0-SNAPSHOT.jar:/home/user/.m2/repository/org/apache/hadoop/hadoop-hdds-container-service/0.5.0-SNAPSHOT/hadoop-hdds-container-service-0.5.0-SNAPSHOT.jar:/home/user/.m2/repository/org/apache/hadoop/hadoop-hdds-client/0.5.0-SNAPSHOT/hadoop-hdds-client-0.5.0-SNAPSHOT.jar:/home/user/.m2/repository/org/apache/hadoop/hadoop-hdds-tools/0.5.0-SNAPSHOT/hadoop-hdds-tools-0.5.0-SNAPSHOT.jar:/home/user/.m2/repository/org/apache/hadoop/hadoop-hdds-server-scm/0.5.0-SNAPSHOT/hadoop-hdds-server-scm-0.5.0-SNAPSHOT.jar:/home/user/.m2/repository/org/apache/hadoop/hadoop-hdds-docs/0.5.0-SNAPSHOT/hadoop-hdds-docs-0.5.0-SNAPSHOT.jar:/home/user/.m2/repository/io/dropwizard/metrics/metrics-core/3.2.4/metrics-core-3.2.4.jar:/home/user/.m2/repository/org/hamcrest/hamcrest-all/1.3/hamcrest-all-1.3.jar:/home/user/.m2/repository/org/bouncycastle/bcprov-jdk15on/1.60/bcprov-jdk15on-1.60.jar:/home/user/.m2/repository/info/picocli/picocli/3.9.6/picocli-3.9.6.jar:/home/user/.m2/repository/com/google/protobuf/protobuf-java/2.5.0/protobuf-java-2.5.0.jar:/home/user/.m2/repository/com/google/guava/guava/11.0.2/guava-11.0.2.jar:/home/user/.m2/repository/org/apache/hadoop/hadoop-ozone-ozone-manager/0.5.0-SNAPSHOT/hadoop-ozone-ozone-manager-0.5.0-SNAPSHOT.jar:/home/user/.m2/repository/org/apache/hadoop/hadoop-minikdc/3.2.0/hadoop-minikdc-3.2.0.jar:/home/user/.m2/repository/commons-io/commons-io/2.5/commons-io-2.5.jar:/home/user/.m2/repository/org/apache/kerby/kerb-simplekdc/1.0.1/kerb-simplekdc-1.0.1.jar:/home/user/.m2/repository/org/apache/kerby/kerb-client/1.0.1/kerb-client-1.0.1.jar:/home/user/.m2/repository/org/apache/kerby/kerby-config/1.0.1/kerby-config-1.0.1.jar:/home/user/.m2/repository/org/apache/kerby/kerb-core/1.0.1/kerb-core-1.0.1.jar:/home/user/.m2/repository/org/apache/kerby/kerby-pkix/1.0.1/kerby-pkix-1.0.1.jar:/home/user/.m2/repository/org/apache/kerby/kerby-asn1/1.0.1/kerby-asn1-1.0.1.jar:/home/user/.m2/repository/org/apache/kerby/kerby-util/1.0.1/kerby-util-1.0.1.jar:/home/user/.m2/repository/org/apache/kerby/kerb-common/1.0.1/kerb-common-1.0.1.jar:/home/user/.m2/repository/org/apache/kerby/kerb-crypto/1.0.1/kerb-crypto-1.0.1.jar:/home/user/.m2/repository/org/apache/kerby/kerb-util/1.0.1/kerb-util-1.0.1.jar:/home/user/.m2/repository/org/apache/kerby/token-provider/1.0.1/token-provider-1.0.1.jar:/home/user/.m2/repository/org/apache/kerby/kerb-admin/1.0.1/kerb-admin-1.0.1.jar:/home/user/.m2/repository/org/apache/kerby/kerb-server/1.0.1/kerb-server-1.0.1.jar:/home/user/.m2/repository/org/apache/kerby/kerb-identity/1.0.1/kerb-identity-1.0.1.jar:/home/user/.m2/repository/org/apache/kerby/kerby-xdr/1.0.1/kerby-xdr-1.0.1.jar:/home/user/.m2/repository/org/slf4j/slf4j-log4j12/1.7.25/slf4j-log4j12-1.7.25.jar:/home/user/.m2/repository/org/apache/hadoop/hadoop-ozone-s3gateway/0.5.0-SNAPSHOT/hadoop-ozone-s3gateway-0.5.0-SNAPSHOT.jar:/home/user/.m2/repository/org/jboss/weld/servlet/weld-servlet/2.4.7.Final/weld-servlet-2.4.7.Final.jar:/home/user/.m2/repository/org/glassfish/jersey/containers/jersey-container-servlet-core/2.27/jersey-container-servlet-core-2.27.jar:/home/user/.m2/repository/org/glassfish/hk2/external/javax.inject/2.5.0-b42/javax.inject-2.5.0-b42.jar:/home/user/.m2/repository/org/glassfish/jersey/core/jersey-common/2.27/jersey-common-2.27.jar:/home/user/.m2/repository/org/glassfish/hk2/osgi-resource-locator/1.0.1/osgi-resource-locator-1.0.1.jar:/home/user/.m2/repository/javax/ws/rs/javax.ws.rs-api/2.1/javax.ws.rs-api-2.1.jar:/home/user/.m2/repository/org/glassfish/jersey/ext/cdi/jersey-cdi1x/2.27/jersey-cdi1x-2.27.jar:/home/user/.m2/repository/org/glassfish/jersey/inject/jersey-hk2/2.27/jersey-hk2-2.27.jar:/home/user/.m2/repository/org/glassfish/hk2/hk2-locator/2.5.0-b42/hk2-locator-2.5.0-b42.jar:/home/user/.m2/repository/org/javassist/javassist/3.22.0-CR2/javassist-3.22.0-CR2.jar:/home/user/.m2/repository/org/glassfish/hk2/hk2-api/2.5.0/hk2-api-2.5.0.jar:/home/user/.m2/repository/org/glassfish/hk2/external/jakarta.inject/2.5.0/jakarta.inject-2.5.0.jar:/home/user/.m2/repository/org/glassfish/hk2/hk2-utils/2.5.0/hk2-utils-2.5.0.jar:/home/user/.m2/repository/jakarta/annotation/jakarta.annotation-api/1.3.4/jakarta.annotation-api-1.3.4.jar:/home/user/.m2/repository/org/glassfish/hk2/external/aopalliance-repackaged/2.5.0/aopalliance-repackaged-2.5.0.jar:/home/user/.m2/repository/com/fasterxml/jackson/dataformat/jackson-dataformat-xml/2.9.0/jackson-dataformat-xml-2.9.0.jar:/home/user/.m2/repository/com/fasterxml/jackson/core/jackson-core/2.9.9/jackson-core-2.9.9.jar:/home/user/.m2/repository/com/fasterxml/jackson/module/jackson-module-jaxb-annotations/2.9.9/jackson-module-jaxb-annotations-2.9.9.jar:/home/user/.m2/repository/javax/enterprise/cdi-api/1.2/cdi-api-1.2.jar:/home/user/.m2/repository/javax/el/javax.el-api/3.0.0/javax.el-api-3.0.0.jar:/home/user/.m2/repository/javax/interceptor/javax.interceptor-api/1.2/javax.interceptor-api-1.2.jar:/home/user/.m2/repository/javax/inject/javax.inject/1/javax.inject-1.jar:/home/user/.m2/repository/com/sun/xml/bind/jaxb-impl/2.3.0.1/jaxb-impl-2.3.0.1.jar:/home/user/.m2/repository/com/sun/xml/bind/jaxb-core/2.3.0.1/jaxb-core-2.3.0.1.jar:/home/user/.m2/repository/javax/xml/bind/jaxb-api/2.3.0/jaxb-api-2.3.0.jar:/home/user/.m2/repository/javax/activation/activation/1.1.1/activation-1.1.1.jar:/home/user/.m2/repository/org/apache/hadoop/hadoop-ozone-csi/0.5.0-SNAPSHOT/hadoop-ozone-csi-0.5.0-SNAPSHOT.jar:/home/user/.m2/repository/com/google/protobuf/protobuf-java-util/3.5.1/protobuf-java-util-3.5.1.jar:/home/user/.m2/repository/org/apache/hadoop/hadoop-hdds-config/0.5.0-SNAPSHOT/hadoop-hdds-config-0.5.0-SNAPSHOT.jar:/home/user/.m2/repository/io/grpc/grpc-netty/1.17.1/grpc-netty-1.17.1.jar:/home/user/.m2/repository/io/grpc/grpc-core/1.17.1/grpc-core-1.17.1.jar:/home/user/.m2/repository/io/grpc/grpc-context/1.17.1/grpc-context-1.17.1.jar:/home/user/.m2/repository/com/google/errorprone/error_prone_annotations/2.2.0/error_prone_annotations-2.2.0.jar:/home/user/.m2/repository/org/codehaus/mojo/animal-sniffer-annotations/1.17/animal-sniffer-annotations-1.17.jar:/home/user/.m2/repository/io/opencensus/opencensus-api/0.17.0/opencensus-api-0.17.0.jar:/home/user/.m2/repository/io/opencensus/opencensus-contrib-grpc-metrics/0.17.0/opencensus-contrib-grpc-metrics-0.17.0.jar:/home/user/.m2/repository/io/netty/netty-codec-http2/4.1.30.Final/netty-codec-http2-4.1.30.Final.jar:/home/user/.m2/repository/io/netty/netty-codec-http/4.1.30.Final/netty-codec-http-4.1.30.Final.jar:/home/user/.m2/repository/io/netty/netty-codec/4.1.30.Final/netty-codec-4.1.30.Final.jar:/home/user/.m2/repository/io/netty/netty-handler/4.1.30.Final/netty-handler-4.1.30.Final.jar:/home/user/.m2/repository/io/netty/netty-handler-proxy/4.1.30.Final/netty-handler-proxy-4.1.30.Final.jar:/home/user/.m2/repository/io/netty/netty-codec-socks/4.1.30.Final/netty-codec-socks-4.1.30.Final.jar:/home/user/.m2/repository/io/netty/netty-transport-native-epoll/4.1.30.Final/netty-transport-native-epoll-4.1.30.Final.jar:/home/user/.m2/repository/io/netty/netty-common/4.1.30.Final/netty-common-4.1.30.Final.jar:/home/user/.m2/repository/io/netty/netty-buffer/4.1.30.Final/netty-buffer-4.1.30.Final.jar:/home/user/.m2/repository/io/netty/netty-transport/4.1.30.Final/netty-transport-4.1.30.Final.jar:/home/user/.m2/repository/io/netty/netty-resolver/4.1.30.Final/netty-resolver-4.1.30.Final.jar:/home/user/.m2/repository/io/netty/netty-transport-native-unix-common/4.1.30.Final/netty-transport-native-unix-common-4.1.30.Final.jar:/home/user/.m2/repository/io/grpc/grpc-protobuf/1.17.1/grpc-protobuf-1.17.1.jar:/home/user/.m2/repository/com/google/api/grpc/proto-google-common-protos/1.0.0/proto-google-common-protos-1.0.0.jar:/home/user/.m2/repository/io/grpc/grpc-protobuf-lite/1.17.1/grpc-protobuf-lite-1.17.1.jar:/home/user/.m2/repository/io/grpc/grpc-stub/1.17.1/grpc-stub-1.17.1.jar:/home/user/.m2/repository/org/apache/hadoop/hadoop-ozone-recon/0.5.0-SNAPSHOT/hadoop-ozone-recon-0.5.0-SNAPSHOT.jar:/home/user/.m2/repository/org/apache/hadoop/hadoop-ozone-reconcodegen/0.5.0-SNAPSHOT/hadoop-ozone-reconcodegen-0.5.0-SNAPSHOT.jar:/home/user/.m2/repository/com/google/inject/extensions/guice-multibindings/4.0/guice-multibindings-4.0.jar:/home/user/.m2/repository/com/google/inject/guice/4.0/guice-4.0.jar:/home/user/.m2/repository/aopalliance/aopalliance/1.0/aopalliance-1.0.jar:/home/user/.m2/repository/com/google/inject/extensions/guice-servlet/4.0/guice-servlet-4.0.jar:/home/user/.m2/repository/org/glassfish/jersey/containers/jersey-container-servlet/2.27/jersey-container-servlet-2.27.jar:/home/user/.m2/repository/org/glassfish/hk2/guice-bridge/2.5.0/guice-bridge-2.5.0.jar:/home/user/.m2/repository/org/glassfish/jersey/core/jersey-server/2.27/jersey-server-2.27.jar:/home/user/.m2/repository/org/glassfish/jersey/core/jersey-client/2.27/jersey-client-2.27.jar:/home/user/.m2/repository/org/glassfish/jersey/media/jersey-media-jaxb/2.27/jersey-media-jaxb-2.27.jar:/home/user/.m2/repository/javax/validation/validation-api/1.1.0.Final/validation-api-1.1.0.Final.jar:/home/user/.m2/repository/org/glassfish/jersey/media/jersey-media-json-jackson/2.27/jersey-media-json-jackson-2.27.jar:/home/user/.m2/repository/org/glassfish/jersey/ext/jersey-entity-filtering/2.27/jersey-entity-filtering-2.27.jar:/home/user/.m2/repository/com/google/inject/extensions/guice-assistedinject/4.0/guice-assistedinject-4.0.jar:/home/user/.m2/repository/org/jooq/jooq/3.11.10/jooq-3.11.10.jar:/home/user/.m2/repository/org/jooq/jooq-meta/3.11.10/jooq-meta-3.11.10.jar:/home/user/.m2/repository/org/jooq/jooq-codegen/3.11.10/jooq-codegen-3.11.10.jar:/home/user/.m2/repository/com/jolbox/bonecp/0.8.0.RELEASE/bonecp-0.8.0.RELEASE.jar:/home/user/.m2/repository/org/xerial/sqlite-jdbc/3.25.2/sqlite-jdbc-3.25.2.jar:/home/user/.m2/repository/org/springframework/spring-jdbc/5.1.3.RELEASE/spring-jdbc-5.1.3.RELEASE.jar:/home/user/.m2/repository/org/springframework/spring-beans/5.1.3.RELEASE/spring-beans-5.1.3.RELEASE.jar:/home/user/.m2/repository/org/springframework/spring-core/5.1.3.RELEASE/spring-core-5.1.3.RELEASE.jar:/home/user/.m2/repository/org/springframework/spring-jcl/5.1.3.RELEASE/spring-jcl-5.1.3.RELEASE.jar:/home/user/.m2/repository/org/springframework/spring-tx/5.1.3.RELEASE/spring-tx-5.1.3.RELEASE.jar:/home/user/.m2/repository/org/apache/hadoop/hadoop-ozone-client/0.5.0-SNAPSHOT/hadoop-ozone-client-0.5.0-SNAPSHOT.jar:/home/user/.m2/repository/commons-lang/commons-lang/2.6/commons-lang-2.6.jar:/home/user/.m2/repository/org/apache/hadoop/hadoop-ozone-ozone-manager/0.5.0-SNAPSHOT/hadoop-ozone-ozone-manager-0.5.0-SNAPSHOT-tests.jar:/home/user/.m2/repository/junit/junit/4.11/junit-4.11.jar:/home/user/.m2/repository/org/hamcrest/hamcrest-core/1.3/hamcrest-core-1.3.jar:/home/user/.m2/repository/org/openjdk/jmh/jmh-core/1.19/jmh-core-1.19.jar:/home/user/.m2/repository/net/sf/jopt-simple/jopt-simple/4.6/jopt-simple-4.6.jar:/home/user/.m2/repository/org/apache/commons/commons-math3/3.1.1/commons-math3-3.1.1.jar:/home/user/.m2/repository/org/openjdk/jmh/jmh-generator-annprocess/1.19/jmh-generator-annprocess-1.19.jar:/home/user/.m2/repository/org/mockito/mockito-all/1.8.5/mockito-all-1.8.5.jar:/home/user/.m2/repository/org/apache/hadoop/hadoop-kms/3.2.0/hadoop-kms-3.2.0.jar:/home/user/.m2/repository/org/apache/hadoop/hadoop-auth/3.2.0/hadoop-auth-3.2.0.jar:/home/user/.m2/repository/com/nimbusds/nimbus-jose-jwt/4.41.1/nimbus-jose-jwt-4.41.1.jar:/home/user/.m2/repository/com/github/stephenc/jcip/jcip-annotations/1.0-1/jcip-annotations-1.0-1.jar:/home/user/.m2/repository/net/minidev/json-smart/2.3/json-smart-2.3.jar:/home/user/.m2/repository/net/minidev/accessors-smart/1.2/accessors-smart-1.2.jar:/home/user/.m2/repository/org/ow2/asm/asm/5.0.4/asm-5.0.4.jar:/home/user/.m2/repository/org/apache/curator/curator-framework/2.12.0/curator-framework-2.12.0.jar:/home/user/.m2/repository/com/sun/jersey/jersey-core/1.19/jersey-core-1.19.jar:/home/user/.m2/repository/javax/ws/rs/jsr311-api/1.1.1/jsr311-api-1.1.1.jar:/home/user/.m2/repository/com/sun/jersey/jersey-server/1.19/jersey-server-1.19.jar:/home/user/.m2/repository/javax/servlet/javax.servlet-api/3.1.0/javax.servlet-api-3.1.0.jar:/home/user/.m2/repository/org/eclipse/jetty/jetty-server/9.3.25.v20180904/jetty-server-9.3.25.v20180904.jar:/home/user/.m2/repository/org/eclipse/jetty/jetty-http/9.3.25.v20180904/jetty-http-9.3.25.v20180904.jar:/home/user/.m2/repository/org/eclipse/jetty/jetty-io/9.3.25.v20180904/jetty-io-9.3.25.v20180904.jar:/home/user/.m2/repository/org/eclipse/jetty/jetty-webapp/9.3.25.v20180904/jetty-webapp-9.3.25.v20180904.jar:/home/user/.m2/repository/org/eclipse/jetty/jetty-xml/9.3.25.v20180904/jetty-xml-9.3.25.v20180904.jar:/home/user/.m2/repository/log4j/log4j/1.2.17/log4j-1.2.17.jar:/home/user/.m2/repository/org/slf4j/slf4j-api/1.7.25/slf4j-api-1.7.25.jar:/home/user/.m2/repository/org/slf4j/jul-to-slf4j/1.7.25/jul-to-slf4j-1.7.25.jar:/home/user/.m2/repository/org/eclipse/jetty/jetty-util/9.3.25.v20180904/jetty-util-9.3.25.v20180904.jar:/home/user/.m2/repository/com/fasterxml/jackson/core/jackson-databind/2.9.9/jackson-databind-2.9.9.jar:/home/user/.m2/repository/org/apache/hadoop/hadoop-kms/3.2.0/hadoop-kms-3.2.0-tests.jar:/home/user/.m2/repository/org/apache/hadoop/hadoop-hdds-server-scm/0.5.0-SNAPSHOT/hadoop-hdds-server-scm-0.5.0-SNAPSHOT-tests.jar:/home/user/.m2/repository/org/apache/hadoop/hadoop-hdds-container-service/0.5.0-SNAPSHOT/hadoop-hdds-container-service-0.5.0-SNAPSHOT-tests.jar:/home/user/.m2/repository/org/yaml/snakeyaml/1.16/snakeyaml-1.16.jar:/home/user/.m2/repository/org/apache/hadoop/hadoop-common/3.2.0/hadoop-common-3.2.0-tests.jar:/home/user/.m2/repository/org/apache/hadoop/hadoop-annotations/3.2.0/hadoop-annotations-3.2.0.jar:/usr/lib/jvm/java-1.8-openjdk/jre/../lib/tools.jar:/home/user/.m2/repository/commons-cli/commons-cli/1.2/commons-cli-1.2.jar:/home/user/.m2/repository/org/apache/httpcomponents/httpclient/4.5.2/httpclient-4.5.2.jar:/home/user/.m2/repository/org/apache/httpcomponents/httpcore/4.4.4/httpcore-4.4.4.jar:/home/user/.m2/repository/commons-codec/commons-codec/1.11/commons-codec-1.11.jar:/home/user/.m2/repository/commons-net/commons-net/3.6/commons-net-3.6.jar:/home/user/.m2/repository/commons-collections/commons-collections/3.2.2/commons-collections-3.2.2.jar:/home/user/.m2/repository/org/eclipse/jetty/jetty-servlet/9.3.25.v20180904/jetty-servlet-9.3.25.v20180904.jar:/home/user/.m2/repository/org/eclipse/jetty/jetty-security/9.3.25.v20180904/jetty-security-9.3.25.v20180904.jar:/home/user/.m2/repository/javax/servlet/jsp/jsp-api/2.1/jsp-api-2.1.jar:/home/user/.m2/repository/com/sun/jersey/jersey-servlet/1.19/jersey-servlet-1.19.jar:/home/user/.m2/repository/com/sun/jersey/jersey-json/1.19/jersey-json-1.19.jar:/home/user/.m2/repository/org/codehaus/jettison/jettison/1.1/jettison-1.1.jar:/home/user/.m2/repository/org/codehaus/jackson/jackson-core-asl/1.9.13/jackson-core-asl-1.9.13.jar:/home/user/.m2/repository/org/codehaus/jackson/jackson-mapper-asl/1.9.13/jackson-mapper-asl-1.9.13.jar:/home/user/.m2/repository/org/codehaus/jackson/jackson-jaxrs/1.9.13/jackson-jaxrs-1.9.13.jar:/home/user/.m2/repository/org/codehaus/jackson/jackson-xc/1.9.13/jackson-xc-1.9.13.jar:/home/user/.m2/repository/commons-logging/commons-logging/1.1.3/commons-logging-1.1.3.jar:/home/user/.m2/repository/commons-beanutils/commons-beanutils/1.9.4/commons-beanutils-1.9.4.jar:/home/user/.m2/repository/org/apache/commons/commons-configuration2/2.1.1/commons-configuration2-2.1.1.jar:/home/user/.m2/repository/org/apache/commons/commons-lang3/3.7/commons-lang3-3.7.jar:/home/user/.m2/repository/org/apache/commons/commons-text/1.4/commons-text-1.4.jar:/home/user/.m2/repository/org/apache/avro/avro/1.7.7/avro-1.7.7.jar:/home/user/.m2/repository/com/thoughtworks/paranamer/paranamer/2.3/paranamer-2.3.jar:/home/user/.m2/repository/org/xerial/snappy/snappy-java/1.0.5/snappy-java-1.0.5.jar:/home/user/.m2/repository/com/google/re2j/re2j/1.1/re2j-1.1.jar:/home/user/.m2/repository/com/google/code/gson/gson/2.2.4/gson-2.2.4.jar:/home/user/.m2/repository/com/jcraft/jsch/0.1.54/jsch-0.1.54.jar:/home/user/.m2/repository/org/apache/curator/curator-client/2.12.0/curator-client-2.12.0.jar:/home/user/.m2/repository/org/apache/curator/curator-recipes/2.12.0/curator-recipes-2.12.0.jar:/home/user/.m2/repository/com/google/code/findbugs/jsr305/3.0.0/jsr305-3.0.0.jar:/home/user/.m2/repository/org/apache/htrace/htrace-core4/4.1.0-incubating/htrace-core4-4.1.0-incubating.jar:/home/user/.m2/repository/org/apache/zookeeper/zookeeper/3.4.13/zookeeper-3.4.13.jar:/home/user/.m2/repository/jline/jline/0.9.94/jline-0.9.94.jar:/home/user/.m2/repository/org/apache/yetus/audience-annotations/0.5.0/audience-annotations-0.5.0.jar:/home/user/.m2/repository/org/codehaus/woodstox/stax2-api/3.1.4/stax2-api-3.1.4.jar:/home/user/.m2/repository/com/fasterxml/woodstox/woodstox-core/5.0.3/woodstox-core-5.0.3.jar:/home/user/.m2/repository/dnsjava/dnsjava/2.1.7/dnsjava-2.1.7.jar:/home/user/.m2/repository/org/apache/hadoop/hadoop-hdfs/3.2.0/hadoop-hdfs-3.2.0-tests.jar:/home/user/.m2/repository/org/eclipse/jetty/jetty-util-ajax/9.3.25.v20180904/jetty-util-ajax-9.3.25.v20180904.jar:/home/user/.m2/repository/commons-daemon/commons-daemon/1.0.13/commons-daemon-1.0.13.jar:/home/user/.m2/repository/io/netty/netty/3.10.5.Final/netty-3.10.5.Final.jar:/home/user/.m2/repository/io/netty/netty-all/4.0.52.Final/netty-all-4.0.52.Final.jar:/home/user/.m2/repository/org/fusesource/leveldbjni/leveldbjni-all/1.8/leveldbjni-all-1.8.jar:"/>
    <property name="java.vm.vendor" value="IcedTea"/>
    <property name="sun.arch.data.model" value="64"/>
    <property name="test.build.dir" value="/workdir/hadoop-ozone/integration-test/target/test-dir"/>
    <property name="test.cache.data" value=""/>
    <property name="java.vendor.url" value="https://icedtea.classpath.org"/>
    <property name="user.timezone" value=""/>
    <property name="java.vm.specification.version" value="1.8"/>
    <property name="os.name" value="Linux"/>
    <property name="test.build.data" value="/workdir/hadoop-ozone/integration-test/target/test-dir"/>
    <property name="user.country" value="US"/>
    <property name="sun.java.launcher" value="SUN_STANDARD"/>
    <property name="sun.boot.library.path" value="/usr/lib/jvm/java-1.8-openjdk/jre/lib/amd64"/>
    <property name="sun.java.command" value="/workdir/hadoop-ozone/integration-test/target/surefire/surefirebooter9047836710722566701.jar /workdir/hadoop-ozone/integration-test/target/surefire 2019-09-25T04-01-08_071-jvmRun1 surefire3157072260360759844tmp surefire_168264835604523673435tmp"/>
    <property name="test" value="!TestMiniChaosOzoneCluster"/>
    <property name="surefire.test.class.path" value="/workdir/hadoop-ozone/integration-test/target/test-classes:/workdir/hadoop-ozone/integration-test/target/classes:/home/user/.m2/repository/org/apache/hadoop/hadoop-ozone-common/0.5.0-SNAPSHOT/hadoop-ozone-common-0.5.0-SNAPSHOT.jar:/home/user/.m2/repository/org/apache/commons/commons-compress/1.4.1/commons-compress-1.4.1.jar:/home/user/.m2/repository/org/tukaani/xz/1.0/xz-1.0.jar:/home/user/.m2/repository/org/apache/hadoop/hadoop-common/3.2.0/hadoop-common-3.2.0.jar:/home/user/.m2/repository/org/apache/hadoop/hadoop-hdfs/3.2.0/hadoop-hdfs-3.2.0.jar:/home/user/.m2/repository/org/apache/hadoop/hadoop-hdfs-client/3.2.0/hadoop-hdfs-client-3.2.0.jar:/home/user/.m2/repository/com/fasterxml/jackson/core/jackson-annotations/2.9.9/jackson-annotations-2.9.9.jar:/home/user/.m2/repository/org/apache/hadoop/hadoop-hdds-common/0.5.0-SNAPSHOT/hadoop-hdds-common-0.5.0-SNAPSHOT.jar:/home/user/.m2/repository/javax/annotation/javax.annotation-api/1.2/javax.annotation-api-1.2.jar:/home/user/.m2/repository/org/apache/ratis/ratis-server/0.4.0/ratis-server-0.4.0.jar:/home/user/.m2/repository/org/apache/ratis/ratis-thirdparty-misc/0.2.0/ratis-thirdparty-misc-0.2.0.jar:/home/user/.m2/repository/org/apache/ratis/ratis-proto/0.4.0/ratis-proto-0.4.0.jar:/home/user/.m2/repository/org/apache/ratis/ratis-common/0.4.0/ratis-common-0.4.0.jar:/home/user/.m2/repository/org/apache/ratis/ratis-client/0.4.0/ratis-client-0.4.0.jar:/home/user/.m2/repository/org/apache/ratis/ratis-metrics/0.4.0/ratis-metrics-0.4.0.jar:/home/user/.m2/repository/com/github/joshelser/dropwizard-metrics-hadoop-metrics2-reporter/0.1.2/dropwizard-metrics-hadoop-metrics2-reporter-0.1.2.jar:/home/user/.m2/repository/io/dropwizard/metrics/metrics-jvm/3.2.5/metrics-jvm-3.2.5.jar:/home/user/.m2/repository/io/dropwizard/metrics/metrics-ganglia/3.2.5/metrics-ganglia-3.2.5.jar:/home/user/.m2/repository/info/ganglia/gmetric4j/gmetric4j/1.0.7/gmetric4j-1.0.7.jar:/home/user/.m2/repository/org/apache/ratis/ratis-netty/0.4.0/ratis-netty-0.4.0.jar:/home/user/.m2/repository/org/apache/ratis/ratis-grpc/0.4.0/ratis-grpc-0.4.0.jar:/home/user/.m2/repository/org/rocksdb/rocksdbjni/6.0.1/rocksdbjni-6.0.1.jar:/home/user/.m2/repository/org/apache/logging/log4j/log4j-api/2.11.0/log4j-api-2.11.0.jar:/home/user/.m2/repository/org/apache/logging/log4j/log4j-core/2.11.0/log4j-core-2.11.0.jar:/home/user/.m2/repository/com/lmax/disruptor/3.4.2/disruptor-3.4.2.jar:/home/user/.m2/repository/org/apache/commons/commons-pool2/2.6.0/commons-pool2-2.6.0.jar:/home/user/.m2/repository/org/bouncycastle/bcpkix-jdk15on/1.60/bcpkix-jdk15on-1.60.jar:/home/user/.m2/repository/commons-validator/commons-validator/1.6/commons-validator-1.6.jar:/home/user/.m2/repository/commons-digester/commons-digester/1.8.1/commons-digester-1.8.1.jar:/home/user/.m2/repository/io/jaegertracing/jaeger-client/0.34.0/jaeger-client-0.34.0.jar:/home/user/.m2/repository/io/jaegertracing/jaeger-thrift/0.34.0/jaeger-thrift-0.34.0.jar:/home/user/.m2/repository/org/apache/thrift/libthrift/0.12.0/libthrift-0.12.0.jar:/home/user/.m2/repository/com/squareup/okhttp3/okhttp/3.9.0/okhttp-3.9.0.jar:/home/user/.m2/repository/com/squareup/okio/okio/1.13.0/okio-1.13.0.jar:/home/user/.m2/repository/io/jaegertracing/jaeger-core/0.34.0/jaeger-core-0.34.0.jar:/home/user/.m2/repository/io/jaegertracing/jaeger-tracerresolver/0.34.0/jaeger-tracerresolver-0.34.0.jar:/home/user/.m2/repository/io/opentracing/contrib/opentracing-tracerresolver/0.1.5/opentracing-tracerresolver-0.1.5.jar:/home/user/.m2/repository/io/opentracing/opentracing-util/0.31.0/opentracing-util-0.31.0.jar:/home/user/.m2/repository/io/opentracing/opentracing-api/0.31.0/opentracing-api-0.31.0.jar:/home/user/.m2/repository/io/opentracing/opentracing-noop/0.31.0/opentracing-noop-0.31.0.jar:/home/user/.m2/repository/org/apache/hadoop/hadoop-hdds-server-framework/0.5.0-SNAPSHOT/hadoop-hdds-server-framework-0.5.0-SNAPSHOT.jar:/home/user/.m2/repository/org/apache/hadoop/hadoop-hdds-container-service/0.5.0-SNAPSHOT/hadoop-hdds-container-service-0.5.0-SNAPSHOT.jar:/home/user/.m2/repository/org/apache/hadoop/hadoop-hdds-client/0.5.0-SNAPSHOT/hadoop-hdds-client-0.5.0-SNAPSHOT.jar:/home/user/.m2/repository/org/apache/hadoop/hadoop-hdds-tools/0.5.0-SNAPSHOT/hadoop-hdds-tools-0.5.0-SNAPSHOT.jar:/home/user/.m2/repository/org/apache/hadoop/hadoop-hdds-server-scm/0.5.0-SNAPSHOT/hadoop-hdds-server-scm-0.5.0-SNAPSHOT.jar:/home/user/.m2/repository/org/apache/hadoop/hadoop-hdds-docs/0.5.0-SNAPSHOT/hadoop-hdds-docs-0.5.0-SNAPSHOT.jar:/home/user/.m2/repository/io/dropwizard/metrics/metrics-core/3.2.4/metrics-core-3.2.4.jar:/home/user/.m2/repository/org/hamcrest/hamcrest-all/1.3/hamcrest-all-1.3.jar:/home/user/.m2/repository/org/bouncycastle/bcprov-jdk15on/1.60/bcprov-jdk15on-1.60.jar:/home/user/.m2/repository/info/picocli/picocli/3.9.6/picocli-3.9.6.jar:/home/user/.m2/repository/com/google/protobuf/protobuf-java/2.5.0/protobuf-java-2.5.0.jar:/home/user/.m2/repository/com/google/guava/guava/11.0.2/guava-11.0.2.jar:/home/user/.m2/repository/org/apache/hadoop/hadoop-ozone-ozone-manager/0.5.0-SNAPSHOT/hadoop-ozone-ozone-manager-0.5.0-SNAPSHOT.jar:/home/user/.m2/repository/org/apache/hadoop/hadoop-minikdc/3.2.0/hadoop-minikdc-3.2.0.jar:/home/user/.m2/repository/commons-io/commons-io/2.5/commons-io-2.5.jar:/home/user/.m2/repository/org/apache/kerby/kerb-simplekdc/1.0.1/kerb-simplekdc-1.0.1.jar:/home/user/.m2/repository/org/apache/kerby/kerb-client/1.0.1/kerb-client-1.0.1.jar:/home/user/.m2/repository/org/apache/kerby/kerby-config/1.0.1/kerby-config-1.0.1.jar:/home/user/.m2/repository/org/apache/kerby/kerb-core/1.0.1/kerb-core-1.0.1.jar:/home/user/.m2/repository/org/apache/kerby/kerby-pkix/1.0.1/kerby-pkix-1.0.1.jar:/home/user/.m2/repository/org/apache/kerby/kerby-asn1/1.0.1/kerby-asn1-1.0.1.jar:/home/user/.m2/repository/org/apache/kerby/kerby-util/1.0.1/kerby-util-1.0.1.jar:/home/user/.m2/repository/org/apache/kerby/kerb-common/1.0.1/kerb-common-1.0.1.jar:/home/user/.m2/repository/org/apache/kerby/kerb-crypto/1.0.1/kerb-crypto-1.0.1.jar:/home/user/.m2/repository/org/apache/kerby/kerb-util/1.0.1/kerb-util-1.0.1.jar:/home/user/.m2/repository/org/apache/kerby/token-provider/1.0.1/token-provider-1.0.1.jar:/home/user/.m2/repository/org/apache/kerby/kerb-admin/1.0.1/kerb-admin-1.0.1.jar:/home/user/.m2/repository/org/apache/kerby/kerb-server/1.0.1/kerb-server-1.0.1.jar:/home/user/.m2/repository/org/apache/kerby/kerb-identity/1.0.1/kerb-identity-1.0.1.jar:/home/user/.m2/repository/org/apache/kerby/kerby-xdr/1.0.1/kerby-xdr-1.0.1.jar:/home/user/.m2/repository/org/slf4j/slf4j-log4j12/1.7.25/slf4j-log4j12-1.7.25.jar:/home/user/.m2/repository/org/apache/hadoop/hadoop-ozone-s3gateway/0.5.0-SNAPSHOT/hadoop-ozone-s3gateway-0.5.0-SNAPSHOT.jar:/home/user/.m2/repository/org/jboss/weld/servlet/weld-servlet/2.4.7.Final/weld-servlet-2.4.7.Final.jar:/home/user/.m2/repository/org/glassfish/jersey/containers/jersey-container-servlet-core/2.27/jersey-container-servlet-core-2.27.jar:/home/user/.m2/repository/org/glassfish/hk2/external/javax.inject/2.5.0-b42/javax.inject-2.5.0-b42.jar:/home/user/.m2/repository/org/glassfish/jersey/core/jersey-common/2.27/jersey-common-2.27.jar:/home/user/.m2/repository/org/glassfish/hk2/osgi-resource-locator/1.0.1/osgi-resource-locator-1.0.1.jar:/home/user/.m2/repository/javax/ws/rs/javax.ws.rs-api/2.1/javax.ws.rs-api-2.1.jar:/home/user/.m2/repository/org/glassfish/jersey/ext/cdi/jersey-cdi1x/2.27/jersey-cdi1x-2.27.jar:/home/user/.m2/repository/org/glassfish/jersey/inject/jersey-hk2/2.27/jersey-hk2-2.27.jar:/home/user/.m2/repository/org/glassfish/hk2/hk2-locator/2.5.0-b42/hk2-locator-2.5.0-b42.jar:/home/user/.m2/repository/org/javassist/javassist/3.22.0-CR2/javassist-3.22.0-CR2.jar:/home/user/.m2/repository/org/glassfish/hk2/hk2-api/2.5.0/hk2-api-2.5.0.jar:/home/user/.m2/repository/org/glassfish/hk2/external/jakarta.inject/2.5.0/jakarta.inject-2.5.0.jar:/home/user/.m2/repository/org/glassfish/hk2/hk2-utils/2.5.0/hk2-utils-2.5.0.jar:/home/user/.m2/repository/jakarta/annotation/jakarta.annotation-api/1.3.4/jakarta.annotation-api-1.3.4.jar:/home/user/.m2/repository/org/glassfish/hk2/external/aopalliance-repackaged/2.5.0/aopalliance-repackaged-2.5.0.jar:/home/user/.m2/repository/com/fasterxml/jackson/dataformat/jackson-dataformat-xml/2.9.0/jackson-dataformat-xml-2.9.0.jar:/home/user/.m2/repository/com/fasterxml/jackson/core/jackson-core/2.9.9/jackson-core-2.9.9.jar:/home/user/.m2/repository/com/fasterxml/jackson/module/jackson-module-jaxb-annotations/2.9.9/jackson-module-jaxb-annotations-2.9.9.jar:/home/user/.m2/repository/javax/enterprise/cdi-api/1.2/cdi-api-1.2.jar:/home/user/.m2/repository/javax/el/javax.el-api/3.0.0/javax.el-api-3.0.0.jar:/home/user/.m2/repository/javax/interceptor/javax.interceptor-api/1.2/javax.interceptor-api-1.2.jar:/home/user/.m2/repository/javax/inject/javax.inject/1/javax.inject-1.jar:/home/user/.m2/repository/com/sun/xml/bind/jaxb-impl/2.3.0.1/jaxb-impl-2.3.0.1.jar:/home/user/.m2/repository/com/sun/xml/bind/jaxb-core/2.3.0.1/jaxb-core-2.3.0.1.jar:/home/user/.m2/repository/javax/xml/bind/jaxb-api/2.3.0/jaxb-api-2.3.0.jar:/home/user/.m2/repository/javax/activation/activation/1.1.1/activation-1.1.1.jar:/home/user/.m2/repository/org/apache/hadoop/hadoop-ozone-csi/0.5.0-SNAPSHOT/hadoop-ozone-csi-0.5.0-SNAPSHOT.jar:/home/user/.m2/repository/com/google/protobuf/protobuf-java-util/3.5.1/protobuf-java-util-3.5.1.jar:/home/user/.m2/repository/org/apache/hadoop/hadoop-hdds-config/0.5.0-SNAPSHOT/hadoop-hdds-config-0.5.0-SNAPSHOT.jar:/home/user/.m2/repository/io/grpc/grpc-netty/1.17.1/grpc-netty-1.17.1.jar:/home/user/.m2/repository/io/grpc/grpc-core/1.17.1/grpc-core-1.17.1.jar:/home/user/.m2/repository/io/grpc/grpc-context/1.17.1/grpc-context-1.17.1.jar:/home/user/.m2/repository/com/google/errorprone/error_prone_annotations/2.2.0/error_prone_annotations-2.2.0.jar:/home/user/.m2/repository/org/codehaus/mojo/animal-sniffer-annotations/1.17/animal-sniffer-annotations-1.17.jar:/home/user/.m2/repository/io/opencensus/opencensus-api/0.17.0/opencensus-api-0.17.0.jar:/home/user/.m2/repository/io/opencensus/opencensus-contrib-grpc-metrics/0.17.0/opencensus-contrib-grpc-metrics-0.17.0.jar:/home/user/.m2/repository/io/netty/netty-codec-http2/4.1.30.Final/netty-codec-http2-4.1.30.Final.jar:/home/user/.m2/repository/io/netty/netty-codec-http/4.1.30.Final/netty-codec-http-4.1.30.Final.jar:/home/user/.m2/repository/io/netty/netty-codec/4.1.30.Final/netty-codec-4.1.30.Final.jar:/home/user/.m2/repository/io/netty/netty-handler/4.1.30.Final/netty-handler-4.1.30.Final.jar:/home/user/.m2/repository/io/netty/netty-handler-proxy/4.1.30.Final/netty-handler-proxy-4.1.30.Final.jar:/home/user/.m2/repository/io/netty/netty-codec-socks/4.1.30.Final/netty-codec-socks-4.1.30.Final.jar:/home/user/.m2/repository/io/netty/netty-transport-native-epoll/4.1.30.Final/netty-transport-native-epoll-4.1.30.Final.jar:/home/user/.m2/repository/io/netty/netty-common/4.1.30.Final/netty-common-4.1.30.Final.jar:/home/user/.m2/repository/io/netty/netty-buffer/4.1.30.Final/netty-buffer-4.1.30.Final.jar:/home/user/.m2/repository/io/netty/netty-transport/4.1.30.Final/netty-transport-4.1.30.Final.jar:/home/user/.m2/repository/io/netty/netty-resolver/4.1.30.Final/netty-resolver-4.1.30.Final.jar:/home/user/.m2/repository/io/netty/netty-transport-native-unix-common/4.1.30.Final/netty-transport-native-unix-common-4.1.30.Final.jar:/home/user/.m2/repository/io/grpc/grpc-protobuf/1.17.1/grpc-protobuf-1.17.1.jar:/home/user/.m2/repository/com/google/api/grpc/proto-google-common-protos/1.0.0/proto-google-common-protos-1.0.0.jar:/home/user/.m2/repository/io/grpc/grpc-protobuf-lite/1.17.1/grpc-protobuf-lite-1.17.1.jar:/home/user/.m2/repository/io/grpc/grpc-stub/1.17.1/grpc-stub-1.17.1.jar:/home/user/.m2/repository/org/apache/hadoop/hadoop-ozone-recon/0.5.0-SNAPSHOT/hadoop-ozone-recon-0.5.0-SNAPSHOT.jar:/home/user/.m2/repository/org/apache/hadoop/hadoop-ozone-reconcodegen/0.5.0-SNAPSHOT/hadoop-ozone-reconcodegen-0.5.0-SNAPSHOT.jar:/home/user/.m2/repository/com/google/inject/extensions/guice-multibindings/4.0/guice-multibindings-4.0.jar:/home/user/.m2/repository/com/google/inject/guice/4.0/guice-4.0.jar:/home/user/.m2/repository/aopalliance/aopalliance/1.0/aopalliance-1.0.jar:/home/user/.m2/repository/com/google/inject/extensions/guice-servlet/4.0/guice-servlet-4.0.jar:/home/user/.m2/repository/org/glassfish/jersey/containers/jersey-container-servlet/2.27/jersey-container-servlet-2.27.jar:/home/user/.m2/repository/org/glassfish/hk2/guice-bridge/2.5.0/guice-bridge-2.5.0.jar:/home/user/.m2/repository/org/glassfish/jersey/core/jersey-server/2.27/jersey-server-2.27.jar:/home/user/.m2/repository/org/glassfish/jersey/core/jersey-client/2.27/jersey-client-2.27.jar:/home/user/.m2/repository/org/glassfish/jersey/media/jersey-media-jaxb/2.27/jersey-media-jaxb-2.27.jar:/home/user/.m2/repository/javax/validation/validation-api/1.1.0.Final/validation-api-1.1.0.Final.jar:/home/user/.m2/repository/org/glassfish/jersey/media/jersey-media-json-jackson/2.27/jersey-media-json-jackson-2.27.jar:/home/user/.m2/repository/org/glassfish/jersey/ext/jersey-entity-filtering/2.27/jersey-entity-filtering-2.27.jar:/home/user/.m2/repository/com/google/inject/extensions/guice-assistedinject/4.0/guice-assistedinject-4.0.jar:/home/user/.m2/repository/org/jooq/jooq/3.11.10/jooq-3.11.10.jar:/home/user/.m2/repository/org/jooq/jooq-meta/3.11.10/jooq-meta-3.11.10.jar:/home/user/.m2/repository/org/jooq/jooq-codegen/3.11.10/jooq-codegen-3.11.10.jar:/home/user/.m2/repository/com/jolbox/bonecp/0.8.0.RELEASE/bonecp-0.8.0.RELEASE.jar:/home/user/.m2/repository/org/xerial/sqlite-jdbc/3.25.2/sqlite-jdbc-3.25.2.jar:/home/user/.m2/repository/org/springframework/spring-jdbc/5.1.3.RELEASE/spring-jdbc-5.1.3.RELEASE.jar:/home/user/.m2/repository/org/springframework/spring-beans/5.1.3.RELEASE/spring-beans-5.1.3.RELEASE.jar:/home/user/.m2/repository/org/springframework/spring-core/5.1.3.RELEASE/spring-core-5.1.3.RELEASE.jar:/home/user/.m2/repository/org/springframework/spring-jcl/5.1.3.RELEASE/spring-jcl-5.1.3.RELEASE.jar:/home/user/.m2/repository/org/springframework/spring-tx/5.1.3.RELEASE/spring-tx-5.1.3.RELEASE.jar:/home/user/.m2/repository/org/apache/hadoop/hadoop-ozone-client/0.5.0-SNAPSHOT/hadoop-ozone-client-0.5.0-SNAPSHOT.jar:/home/user/.m2/repository/commons-lang/commons-lang/2.6/commons-lang-2.6.jar:/home/user/.m2/repository/org/apache/hadoop/hadoop-ozone-ozone-manager/0.5.0-SNAPSHOT/hadoop-ozone-ozone-manager-0.5.0-SNAPSHOT-tests.jar:/home/user/.m2/repository/junit/junit/4.11/junit-4.11.jar:/home/user/.m2/repository/org/hamcrest/hamcrest-core/1.3/hamcrest-core-1.3.jar:/home/user/.m2/repository/org/openjdk/jmh/jmh-core/1.19/jmh-core-1.19.jar:/home/user/.m2/repository/net/sf/jopt-simple/jopt-simple/4.6/jopt-simple-4.6.jar:/home/user/.m2/repository/org/apache/commons/commons-math3/3.1.1/commons-math3-3.1.1.jar:/home/user/.m2/repository/org/openjdk/jmh/jmh-generator-annprocess/1.19/jmh-generator-annprocess-1.19.jar:/home/user/.m2/repository/org/mockito/mockito-all/1.8.5/mockito-all-1.8.5.jar:/home/user/.m2/repository/org/apache/hadoop/hadoop-kms/3.2.0/hadoop-kms-3.2.0.jar:/home/user/.m2/repository/org/apache/hadoop/hadoop-auth/3.2.0/hadoop-auth-3.2.0.jar:/home/user/.m2/repository/com/nimbusds/nimbus-jose-jwt/4.41.1/nimbus-jose-jwt-4.41.1.jar:/home/user/.m2/repository/com/github/stephenc/jcip/jcip-annotations/1.0-1/jcip-annotations-1.0-1.jar:/home/user/.m2/repository/net/minidev/json-smart/2.3/json-smart-2.3.jar:/home/user/.m2/repository/net/minidev/accessors-smart/1.2/accessors-smart-1.2.jar:/home/user/.m2/repository/org/ow2/asm/asm/5.0.4/asm-5.0.4.jar:/home/user/.m2/repository/org/apache/curator/curator-framework/2.12.0/curator-framework-2.12.0.jar:/home/user/.m2/repository/com/sun/jersey/jersey-core/1.19/jersey-core-1.19.jar:/home/user/.m2/repository/javax/ws/rs/jsr311-api/1.1.1/jsr311-api-1.1.1.jar:/home/user/.m2/repository/com/sun/jersey/jersey-server/1.19/jersey-server-1.19.jar:/home/user/.m2/repository/javax/servlet/javax.servlet-api/3.1.0/javax.servlet-api-3.1.0.jar:/home/user/.m2/repository/org/eclipse/jetty/jetty-server/9.3.25.v20180904/jetty-server-9.3.25.v20180904.jar:/home/user/.m2/repository/org/eclipse/jetty/jetty-http/9.3.25.v20180904/jetty-http-9.3.25.v20180904.jar:/home/user/.m2/repository/org/eclipse/jetty/jetty-io/9.3.25.v20180904/jetty-io-9.3.25.v20180904.jar:/home/user/.m2/repository/org/eclipse/jetty/jetty-webapp/9.3.25.v20180904/jetty-webapp-9.3.25.v20180904.jar:/home/user/.m2/repository/org/eclipse/jetty/jetty-xml/9.3.25.v20180904/jetty-xml-9.3.25.v20180904.jar:/home/user/.m2/repository/log4j/log4j/1.2.17/log4j-1.2.17.jar:/home/user/.m2/repository/org/slf4j/slf4j-api/1.7.25/slf4j-api-1.7.25.jar:/home/user/.m2/repository/org/slf4j/jul-to-slf4j/1.7.25/jul-to-slf4j-1.7.25.jar:/home/user/.m2/repository/org/eclipse/jetty/jetty-util/9.3.25.v20180904/jetty-util-9.3.25.v20180904.jar:/home/user/.m2/repository/com/fasterxml/jackson/core/jackson-databind/2.9.9/jackson-databind-2.9.9.jar:/home/user/.m2/repository/org/apache/hadoop/hadoop-kms/3.2.0/hadoop-kms-3.2.0-tests.jar:/home/user/.m2/repository/org/apache/hadoop/hadoop-hdds-server-scm/0.5.0-SNAPSHOT/hadoop-hdds-server-scm-0.5.0-SNAPSHOT-tests.jar:/home/user/.m2/repository/org/apache/hadoop/hadoop-hdds-container-service/0.5.0-SNAPSHOT/hadoop-hdds-container-service-0.5.0-SNAPSHOT-tests.jar:/home/user/.m2/repository/org/yaml/snakeyaml/1.16/snakeyaml-1.16.jar:/home/user/.m2/repository/org/apache/hadoop/hadoop-common/3.2.0/hadoop-common-3.2.0-tests.jar:/home/user/.m2/repository/org/apache/hadoop/hadoop-annotations/3.2.0/hadoop-annotations-3.2.0.jar:/usr/lib/jvm/java-1.8-openjdk/jre/../lib/tools.jar:/home/user/.m2/repository/commons-cli/commons-cli/1.2/commons-cli-1.2.jar:/home/user/.m2/repository/org/apache/httpcomponents/httpclient/4.5.2/httpclient-4.5.2.jar:/home/user/.m2/repository/org/apache/httpcomponents/httpcore/4.4.4/httpcore-4.4.4.jar:/home/user/.m2/repository/commons-codec/commons-codec/1.11/commons-codec-1.11.jar:/home/user/.m2/repository/commons-net/commons-net/3.6/commons-net-3.6.jar:/home/user/.m2/repository/commons-collections/commons-collections/3.2.2/commons-collections-3.2.2.jar:/home/user/.m2/repository/org/eclipse/jetty/jetty-servlet/9.3.25.v20180904/jetty-servlet-9.3.25.v20180904.jar:/home/user/.m2/repository/org/eclipse/jetty/jetty-security/9.3.25.v20180904/jetty-security-9.3.25.v20180904.jar:/home/user/.m2/repository/javax/servlet/jsp/jsp-api/2.1/jsp-api-2.1.jar:/home/user/.m2/repository/com/sun/jersey/jersey-servlet/1.19/jersey-servlet-1.19.jar:/home/user/.m2/repository/com/sun/jersey/jersey-json/1.19/jersey-json-1.19.jar:/home/user/.m2/repository/org/codehaus/jettison/jettison/1.1/jettison-1.1.jar:/home/user/.m2/repository/org/codehaus/jackson/jackson-core-asl/1.9.13/jackson-core-asl-1.9.13.jar:/home/user/.m2/repository/org/codehaus/jackson/jackson-mapper-asl/1.9.13/jackson-mapper-asl-1.9.13.jar:/home/user/.m2/repository/org/codehaus/jackson/jackson-jaxrs/1.9.13/jackson-jaxrs-1.9.13.jar:/home/user/.m2/repository/org/codehaus/jackson/jackson-xc/1.9.13/jackson-xc-1.9.13.jar:/home/user/.m2/repository/commons-logging/commons-logging/1.1.3/commons-logging-1.1.3.jar:/home/user/.m2/repository/commons-beanutils/commons-beanutils/1.9.4/commons-beanutils-1.9.4.jar:/home/user/.m2/repository/org/apache/commons/commons-configuration2/2.1.1/commons-configuration2-2.1.1.jar:/home/user/.m2/repository/org/apache/commons/commons-lang3/3.7/commons-lang3-3.7.jar:/home/user/.m2/repository/org/apache/commons/commons-text/1.4/commons-text-1.4.jar:/home/user/.m2/repository/org/apache/avro/avro/1.7.7/avro-1.7.7.jar:/home/user/.m2/repository/com/thoughtworks/paranamer/paranamer/2.3/paranamer-2.3.jar:/home/user/.m2/repository/org/xerial/snappy/snappy-java/1.0.5/snappy-java-1.0.5.jar:/home/user/.m2/repository/com/google/re2j/re2j/1.1/re2j-1.1.jar:/home/user/.m2/repository/com/google/code/gson/gson/2.2.4/gson-2.2.4.jar:/home/user/.m2/repository/com/jcraft/jsch/0.1.54/jsch-0.1.54.jar:/home/user/.m2/repository/org/apache/curator/curator-client/2.12.0/curator-client-2.12.0.jar:/home/user/.m2/repository/org/apache/curator/curator-recipes/2.12.0/curator-recipes-2.12.0.jar:/home/user/.m2/repository/com/google/code/findbugs/jsr305/3.0.0/jsr305-3.0.0.jar:/home/user/.m2/repository/org/apache/htrace/htrace-core4/4.1.0-incubating/htrace-core4-4.1.0-incubating.jar:/home/user/.m2/repository/org/apache/zookeeper/zookeeper/3.4.13/zookeeper-3.4.13.jar:/home/user/.m2/repository/jline/jline/0.9.94/jline-0.9.94.jar:/home/user/.m2/repository/org/apache/yetus/audience-annotations/0.5.0/audience-annotations-0.5.0.jar:/home/user/.m2/repository/org/codehaus/woodstox/stax2-api/3.1.4/stax2-api-3.1.4.jar:/home/user/.m2/repository/com/fasterxml/woodstox/woodstox-core/5.0.3/woodstox-core-5.0.3.jar:/home/user/.m2/repository/dnsjava/dnsjava/2.1.7/dnsjava-2.1.7.jar:/home/user/.m2/repository/org/apache/hadoop/hadoop-hdfs/3.2.0/hadoop-hdfs-3.2.0-tests.jar:/home/user/.m2/repository/org/eclipse/jetty/jetty-util-ajax/9.3.25.v20180904/jetty-util-ajax-9.3.25.v20180904.jar:/home/user/.m2/repository/commons-daemon/commons-daemon/1.0.13/commons-daemon-1.0.13.jar:/home/user/.m2/repository/io/netty/netty/3.10.5.Final/netty-3.10.5.Final.jar:/home/user/.m2/repository/io/netty/netty-all/4.0.52.Final/netty-all-4.0.52.Final.jar:/home/user/.m2/repository/org/fusesource/leveldbjni/leveldbjni-all/1.8/leveldbjni-all-1.8.jar:"/>
    <property name="sun.cpu.endian" value="little"/>
    <property name="user.home" value="/home/user"/>
    <property name="user.language" value="en"/>
    <property name="java.specification.vendor" value="Oracle Corporation"/>
    <property name="java.home" value="/usr/lib/jvm/java-1.8-openjdk/jre"/>
    <property name="java.security.krb5.conf" value="/workdir/hadoop-ozone/integration-test/target/test-classes/krb5.conf"/>
    <property name="basedir" value="/workdir/hadoop-ozone/integration-test"/>
    <property name="file.separator" value="/"/>
    <property name="line.separator" value="&#10;"/>
    <property name="java.vm.specification.vendor" value="Oracle Corporation"/>
    <property name="java.specification.name" value="Java Platform API Specification"/>
    <property name="java.awt.graphicsenv" value="sun.awt.X11GraphicsEnvironment"/>
    <property name="surefire.real.class.path" value="/workdir/hadoop-ozone/integration-test/target/surefire/surefirebooter9047836710722566701.jar"/>
    <property name="hadoop.log.dir" value="/workdir/hadoop-ozone/integration-test/target/log"/>
    <property name="sun.boot.class.path" value="/usr/lib/jvm/java-1.8-openjdk/jre/lib/resources.jar:/usr/lib/jvm/java-1.8-openjdk/jre/lib/rt.jar:/usr/lib/jvm/java-1.8-openjdk/jre/lib/sunrsasign.jar:/usr/lib/jvm/java-1.8-openjdk/jre/lib/jsse.jar:/usr/lib/jvm/java-1.8-openjdk/jre/lib/jce.jar:/usr/lib/jvm/java-1.8-openjdk/jre/lib/charsets.jar:/usr/lib/jvm/java-1.8-openjdk/jre/lib/jfr.jar:/usr/lib/jvm/java-1.8-openjdk/jre/classes"/>
    <property name="sun.management.compiler" value="HotSpot 64-Bit Tiered Compilers"/>
    <property name="java.runtime.version" value="1.8.0_212-b04"/>
    <property name="java.net.preferIPv4Stack" value="true"/>
    <property name="user.name" value="jenkins1000"/>
    <property name="path.separator" value=":"/>
    <property name="java.security.egd" value="file:///dev/urandom"/>
    <property name="os.version" value="3.10.0-957.12.2.el7.x86_64"/>
    <property name="java.endorsed.dirs" value="/usr/lib/jvm/java-1.8-openjdk/jre/lib/endorsed"/>
    <property name="java.runtime.name" value="OpenJDK Runtime Environment"/>
    <property name="file.encoding" value="UTF-8"/>
    <property name="java.vm.name" value="OpenJDK 64-Bit Server VM"/>
    <property name="test.build.webapps" value=""/>
    <property name="localRepository" value="/home/user/.m2/repository"/>
    <property name="java.vendor.url.bug" value="https://icedtea.classpath.org/bugzilla"/>
    <property name="java.io.tmpdir" value="/tmp"/>
    <property name="require.test.libhadoop" value=""/>
    <property name="java.version" value="1.8.0_212"/>
    <property name="user.dir" value="/workdir/hadoop-ozone/integration-test"/>
    <property name="os.arch" value="amd64"/>
    <property name="java.vm.specification.name" value="Java Virtual Machine Specification"/>
    <property name="test.build.classes" value="/workdir/hadoop-ozone/integration-test/target/test-classes"/>
    <property name="java.awt.printerjob" value="sun.print.PSPrinterJob"/>
    <property name="sun.os.patch.level" value="unknown"/>
    <property name="hadoop.tmp.dir" value="/workdir/hadoop-ozone/integration-test/target/tmp"/>
    <property name="java.library.path" value="/usr/lib/jvm/java-1.8-openjdk/jre/lib/amd64/server:/usr/lib/jvm/java-1.8-openjdk/jre/lib/amd64:/usr/lib/jvm/java-1.8-openjdk/jre/../lib/amd64:/workdir/hadoop-ozone/integration-test/target/native/target/usr/local/lib:/workdir/hadoop-ozone/integration-test/../../hadoop-common-project/hadoop-common/target/native/target/usr/local/lib:/usr/java/packages/lib/amd64:/usr/lib64:/lib64:/lib:/usr/lib"/>
    <property name="java.vm.info" value="mixed mode"/>
    <property name="java.vendor" value="IcedTea"/>
    <property name="java.vm.version" value="25.212-b04"/>
    <property name="java.ext.dirs" value="/usr/lib/jvm/java-1.8-openjdk/jre/lib/ext:/usr/java/packages/lib/ext"/>
    <property name="sun.io.unicode.encoding" value="UnicodeLittle"/>
    <property name="java.class.version" value="52.0"/>
  </properties>
  <testcase name="testHybridPipelineOnDatanode" classname="org.apache.hadoop.ozone.client.rpc.TestHybridPipelineOnDatanode" time="7.634">
    <error message="Allocated 0 blocks. Requested 1 blocks" type="INTERNAL_ERROR org.apache.hadoop.ozone.om.exceptions.OMException">INTERNAL_ERROR org.apache.hadoop.ozone.om.exceptions.OMException: Allocated 0 blocks. Requested 1 blocks
	at org.apache.hadoop.ozone.om.protocolPB.OzoneManagerProtocolClientSideTranslatorPB.handleError(OzoneManagerProtocolClientSideTranslatorPB.java:732)
	at org.apache.hadoop.ozone.om.protocolPB.OzoneManagerProtocolClientSideTranslatorPB.openKey(OzoneManagerProtocolClientSideTranslatorPB.java:723)
	at sun.reflect.NativeMethodAccessorImpl.invoke0(Native Method)
	at sun.reflect.NativeMethodAccessorImpl.invoke(NativeMethodAccessorImpl.java:62)
	at sun.reflect.DelegatingMethodAccessorImpl.invoke(DelegatingMethodAccessorImpl.java:43)
	at java.lang.reflect.Method.invoke(Method.java:498)
	at org.apache.hadoop.hdds.tracing.TraceAllMethod.invoke(TraceAllMethod.java:66)
	at com.sun.proxy.$Proxy37.openKey(Unknown Source)
	at org.apache.hadoop.ozone.client.rpc.RpcClient.createKey(RpcClient.java:614)
	at org.apache.hadoop.ozone.client.OzoneBucket.createKey(OzoneBucket.java:325)
	at org.apache.hadoop.ozone.client.rpc.TestHybridPipelineOnDatanode.testHybridPipelineOnDatanode(TestHybridPipelineOnDatanode.java:115)
	at sun.reflect.NativeMethodAccessorImpl.invoke0(Native Method)
	at sun.reflect.NativeMethodAccessorImpl.invoke(NativeMethodAccessorImpl.java:62)
	at sun.reflect.DelegatingMethodAccessorImpl.invoke(DelegatingMethodAccessorImpl.java:43)
	at java.lang.reflect.Method.invoke(Method.java:498)
	at org.junit.runners.model.FrameworkMethod$1.runReflectiveCall(FrameworkMethod.java:47)
	at org.junit.internal.runners.model.ReflectiveCallable.run(ReflectiveCallable.java:12)
	at org.junit.runners.model.FrameworkMethod.invokeExplosively(FrameworkMethod.java:44)
	at org.junit.internal.runners.statements.InvokeMethod.evaluate(InvokeMethod.java:17)
	at org.junit.runners.ParentRunner.runLeaf(ParentRunner.java:271)
	at org.junit.runners.BlockJUnit4ClassRunner.runChild(BlockJUnit4ClassRunner.java:70)
	at org.junit.runners.BlockJUnit4ClassRunner.runChild(BlockJUnit4ClassRunner.java:50)
	at org.junit.runners.ParentRunner$3.run(ParentRunner.java:238)
	at org.junit.runners.ParentRunner$1.schedule(ParentRunner.java:63)
	at org.junit.runners.ParentRunner.runChildren(ParentRunner.java:236)
	at org.junit.runners.ParentRunner.access$000(ParentRunner.java:53)
	at org.junit.runners.ParentRunner$2.evaluate(ParentRunner.java:229)
	at org.junit.internal.runners.statements.RunBefores.evaluate(RunBefores.java:26)
	at org.junit.internal.runners.statements.RunAfters.evaluate(RunAfters.java:27)
	at org.junit.runners.ParentRunner.run(ParentRunner.java:309)
	at org.apache.maven.surefire.junit4.JUnit4Provider.execute(JUnit4Provider.java:365)
	at org.apache.maven.surefire.junit4.JUnit4Provider.executeWithRerun(JUnit4Provider.java:273)
	at org.apache.maven.surefire.junit4.JUnit4Provider.executeTestSet(JUnit4Provider.java:238)
	at org.apache.maven.surefire.junit4.JUnit4Provider.invoke(JUnit4Provider.java:159)
	at org.apache.maven.surefire.booter.ForkedBooter.invokeProviderInSameClassLoader(ForkedBooter.java:384)
	at org.apache.maven.surefire.booter.ForkedBooter.runSuitesInProcess(ForkedBooter.java:345)
	at org.apache.maven.surefire.booter.ForkedBooter.execute(ForkedBooter.java:126)
	at org.apache.maven.surefire.booter.ForkedBooter.main(ForkedBooter.java:418)
</error>
    <system-out><![CDATA[2019-09-25 04:12:31,837 [main] WARN  server.ServerUtils (ServerUtils.java:getScmDbDir(145)) - ozone.scm.db.dirs is not configured. We recommend adding this setting. Falling back to ozone.metadata.dirs instead.
2019-09-25 04:12:31,941 [main] WARN  server.ServerUtils (ServerUtils.java:getScmDbDir(145)) - ozone.scm.db.dirs is not configured. We recommend adding this setting. Falling back to ozone.metadata.dirs instead.
2019-09-25 04:12:31,944 [main] WARN  server.ServerUtils (ServerUtils.java:getScmDbDir(145)) - ozone.scm.db.dirs is not configured. We recommend adding this setting. Falling back to ozone.metadata.dirs instead.
2019-09-25 04:12:31,963 [main] INFO  util.log (Log.java:initialized(192)) - Logging initialized @955ms
2019-09-25 04:12:32,094 [main] INFO  db.DBStoreBuilder (DBStoreBuilder.java:addTable(110)) - using custom profile for table: deletedBlocks
2019-09-25 04:12:32,095 [main] INFO  db.DBStoreBuilder (DBStoreBuilder.java:processTables(161)) - Using default column profile:DBProfile.DISK for Table:deletedBlocks
2019-09-25 04:12:32,095 [main] INFO  db.DBStoreBuilder (DBStoreBuilder.java:addTable(110)) - using custom profile for table: validCerts
2019-09-25 04:12:32,096 [main] INFO  db.DBStoreBuilder (DBStoreBuilder.java:processTables(161)) - Using default column profile:DBProfile.DISK for Table:validCerts
2019-09-25 04:12:32,096 [main] INFO  db.DBStoreBuilder (DBStoreBuilder.java:addTable(110)) - using custom profile for table: revokedCerts
2019-09-25 04:12:32,096 [main] INFO  db.DBStoreBuilder (DBStoreBuilder.java:processTables(161)) - Using default column profile:DBProfile.DISK for Table:revokedCerts
2019-09-25 04:12:32,114 [main] INFO  db.DBStoreBuilder (DBStoreBuilder.java:addTable(110)) - using custom profile for table: default
2019-09-25 04:12:32,114 [main] INFO  db.DBStoreBuilder (DBStoreBuilder.java:processTables(167)) - Using default column profile:DBProfile.DISK for Table:default
2019-09-25 04:12:32,116 [main] INFO  db.DBStoreBuilder (DBStoreBuilder.java:getDbProfile(198)) - Using default options. DBProfile.DISK
2019-09-25 04:12:32,408 [main] INFO  net.NodeSchemaLoader (NodeSchemaLoader.java:loadSchemaFromFile(125)) - Loading file from sun.misc.CompoundEnumeration@a1153bc
2019-09-25 04:12:32,409 [main] INFO  net.NodeSchemaLoader (NodeSchemaLoader.java:loadSchema(171)) - Loading network topology layer schema file
2019-09-25 04:12:32,507 [main] WARN  server.ServerUtils (ServerUtils.java:sanitizeUserArgs(70)) - ozone.scm.stale.node.interval value = 300000 is larger than max = 100000 based on the key value of ozone.scm.heartbeat.thread.interval, reset to the max value 100000.
2019-09-25 04:12:32,509 [main] WARN  server.ServerUtils (ServerUtils.java:sanitizeUserArgs(70)) - ozone.scm.stale.node.interval value = 300000 is larger than max = 100000 based on the key value of ozone.scm.heartbeat.thread.interval, reset to the max value 100000.
2019-09-25 04:12:32,513 [main] INFO  node.SCMNodeManager (SCMNodeManager.java:<init>(114)) - Entering startup safe mode.
2019-09-25 04:12:32,593 [main] INFO  algorithms.ContainerPlacementPolicyFactory (ContainerPlacementPolicyFactory.java:getPolicy(60)) - Create container placement policy of type org.apache.hadoop.hdds.scm.container.placement.algorithms.SCMContainerPlacementRandom
2019-09-25 04:12:32,609 [main] WARN  server.ServerUtils (ServerUtils.java:getScmDbDir(145)) - ozone.scm.db.dirs is not configured. We recommend adding this setting. Falling back to ozone.metadata.dirs instead.
2019-09-25 04:12:32,685 [main] INFO  pipeline.SCMPipelineManager (SCMPipelineManager.java:initializePipelineState(132)) - No pipeline exists in current db
2019-09-25 04:12:32,688 [main] WARN  server.ServerUtils (ServerUtils.java:getScmDbDir(145)) - ozone.scm.db.dirs is not configured. We recommend adding this setting. Falling back to ozone.metadata.dirs instead.
2019-09-25 04:12:32,795 [main] WARN  events.EventQueue (EventQueue.java:fireEvent(183)) - No event handler registered for event TypedEvent{payloadType=SafeModeStatus, name='SafeModeStatus'}
2019-09-25 04:12:33,240 [main] INFO  ipc.CallQueueManager (CallQueueManager.java:<init>(84)) - Using callQueue: class java.util.concurrent.LinkedBlockingQueue, queueCapacity: 2000, scheduler: class org.apache.hadoop.ipc.DefaultRpcScheduler, ipcBackoff: false.
2019-09-25 04:12:33,270 [Socket Reader #1 for port 33696] INFO  ipc.Server (Server.java:run(1074)) - Starting Socket Reader #1 for port 33696
2019-09-25 04:12:33,478 [main] INFO  ipc.CallQueueManager (CallQueueManager.java:<init>(84)) - Using callQueue: class java.util.concurrent.LinkedBlockingQueue, queueCapacity: 2000, scheduler: class org.apache.hadoop.ipc.DefaultRpcScheduler, ipcBackoff: false.
2019-09-25 04:12:33,480 [Socket Reader #1 for port 34408] INFO  ipc.Server (Server.java:run(1074)) - Starting Socket Reader #1 for port 34408
2019-09-25 04:12:33,493 [main] INFO  ipc.CallQueueManager (CallQueueManager.java:<init>(84)) - Using callQueue: class java.util.concurrent.LinkedBlockingQueue, queueCapacity: 2000, scheduler: class org.apache.hadoop.ipc.DefaultRpcScheduler, ipcBackoff: false.
2019-09-25 04:12:33,494 [Socket Reader #1 for port 44407] INFO  ipc.Server (Server.java:run(1074)) - Starting Socket Reader #1 for port 44407
2019-09-25 04:12:33,520 [main] INFO  hdfs.DFSUtil (DFSUtil.java:httpServerTemplateForNNAndJN(1641)) - Starting Web-server for scm at: http://0.0.0.0:0
2019-09-25 04:12:33,676 [main] INFO  server.AuthenticationFilter (AuthenticationFilter.java:constructSecretProvider(240)) - Unable to initialize FileSignerSecretProvider, falling back to use random secrets.
2019-09-25 04:12:33,684 [main] WARN  http.HttpRequestLog (HttpRequestLog.java:getRequestLog(97)) - Jetty request log can only be enabled using Log4j
2019-09-25 04:12:33,692 [main] INFO  http.HttpServer2 (HttpServer2.java:addGlobalFilter(975)) - Added global filter 'safety' (class=org.apache.hadoop.http.HttpServer2$QuotingInputFilter)
2019-09-25 04:12:33,695 [main] INFO  http.HttpServer2 (HttpServer2.java:addFilter(948)) - Added filter static_user_filter (class=org.apache.hadoop.http.lib.StaticUserWebFilter$StaticUserFilter) to context scm
2019-09-25 04:12:33,695 [main] INFO  http.HttpServer2 (HttpServer2.java:addFilter(958)) - Added filter static_user_filter (class=org.apache.hadoop.http.lib.StaticUserWebFilter$StaticUserFilter) to context static
2019-09-25 04:12:33,696 [main] INFO  http.HttpServer2 (HttpServer2.java:addFilter(958)) - Added filter static_user_filter (class=org.apache.hadoop.http.lib.StaticUserWebFilter$StaticUserFilter) to context logs
2019-09-25 04:12:33,729 [main] INFO  server.StorageContainerManager (StorageContainerManager.java:start(770)) - StorageContainerLocationProtocol RPC server is listening at /0.0.0.0:44407
2019-09-25 04:12:33,805 [main] WARN  impl.MetricsConfig (MetricsConfig.java:loadFirst(134)) - Cannot locate configuration: tried hadoop-metrics2-storagecontainermanager.properties,hadoop-metrics2.properties
2019-09-25 04:12:33,820 [main] INFO  impl.MetricsSystemImpl (MetricsSystemImpl.java:startTimer(374)) - Scheduled Metric snapshot period at 10 second(s).
2019-09-25 04:12:33,820 [main] INFO  impl.MetricsSystemImpl (MetricsSystemImpl.java:start(191)) - StorageContainerManager metrics system started
2019-09-25 04:12:34,069 [main] INFO  server.SCMClientProtocolServer (SCMClientProtocolServer.java:start(151)) - RPC server for Client  is listening at /0.0.0.0:44407
2019-09-25 04:12:34,070 [IPC Server Responder] INFO  ipc.Server (Server.java:run(1314)) - IPC Server Responder: starting
2019-09-25 04:12:34,070 [IPC Server listener on 44407] INFO  ipc.Server (Server.java:run(1153)) - IPC Server listener on 44407: starting
2019-09-25 04:12:34,073 [main] INFO  server.StorageContainerManager (StorageContainerManager.java:start(780)) - ScmBlockLocationProtocol RPC server is listening at /0.0.0.0:34408
2019-09-25 04:12:34,074 [main] INFO  server.SCMBlockProtocolServer (SCMBlockProtocolServer.java:start(146)) - RPC server for Block Protocol is listening at /0.0.0.0:34408
2019-09-25 04:12:34,074 [IPC Server Responder] INFO  ipc.Server (Server.java:run(1314)) - IPC Server Responder: starting
2019-09-25 04:12:34,075 [IPC Server listener on 34408] INFO  ipc.Server (Server.java:run(1153)) - IPC Server listener on 34408: starting
2019-09-25 04:12:34,077 [main] INFO  server.StorageContainerManager (StorageContainerManager.java:start(784)) - ScmDatanodeProtocl RPC server is listening at /0.0.0.0:33696
2019-09-25 04:12:34,078 [main] INFO  server.SCMDatanodeProtocolServer (SCMDatanodeProtocolServer.java:start(191)) - RPC server for DataNodes is listening at /0.0.0.0:33696
2019-09-25 04:12:34,078 [IPC Server Responder] INFO  ipc.Server (Server.java:run(1314)) - IPC Server Responder: starting
2019-09-25 04:12:34,078 [IPC Server listener on 33696] INFO  ipc.Server (Server.java:run(1153)) - IPC Server listener on 33696: starting
2019-09-25 04:12:34,082 [main] INFO  http.HttpServer2 (HttpServer2.java:bindListener(1191)) - Jetty bound to port 36328
2019-09-25 04:12:34,084 [main] INFO  server.Server (Server.java:doStart(351)) - jetty-9.3.25.v20180904, build timestamp: 2018-09-04T21:11:46Z, git hash: 3ce520221d0240229c862b122d2b06c12a625732
2019-09-25 04:12:34,120 [main] INFO  handler.ContextHandler (ContextHandler.java:doStart(781)) - Started o.e.j.s.ServletContextHandler@6622fc65{/logs,file:///workdir/hadoop-ozone/integration-test/target/log,AVAILABLE}
2019-09-25 04:12:34,121 [main] INFO  handler.ContextHandler (ContextHandler.java:doStart(781)) - Started o.e.j.s.ServletContextHandler@23fb172e{/static,file:///workdir/hadoop-ozone/integration-test/target/test-classes/webapps/static,AVAILABLE}
2019-09-25 04:12:34,153 [main] INFO  handler.ContextHandler (ContextHandler.java:doStart(781)) - Started o.e.j.w.WebAppContext@3591009c{/,file:///workdir/hadoop-ozone/integration-test/target/test-classes/webapps/scm/,AVAILABLE}{/scm}
2019-09-25 04:12:34,158 [main] INFO  server.AbstractConnector (AbstractConnector.java:doStart(278)) - Started ServerConnector@2de366bb{HTTP/1.1,[http/1.1]}{0.0.0.0:36328}
2019-09-25 04:12:34,158 [main] INFO  server.Server (Server.java:doStart(419)) - Started @3151ms
2019-09-25 04:12:34,160 [main] INFO  impl.MetricsSinkAdapter (MetricsSinkAdapter.java:start(204)) - Sink prometheus started
2019-09-25 04:12:34,160 [main] INFO  impl.MetricsSystemImpl (MetricsSystemImpl.java:registerSink(301)) - Registered sink prometheus
2019-09-25 04:12:34,162 [main] INFO  server.BaseHttpServer (BaseHttpServer.java:updateConnectorAddress(215)) - HTTP server of SCM is listening at http://0.0.0.0:36328
2019-09-25 04:12:34,166 [org.apache.hadoop.util.JvmPauseMonitor$Monitor@64f857e7] INFO  util.JvmPauseMonitor (JvmPauseMonitor.java:run(188)) - Starting JVM pause monitor
2019-09-25 04:12:34,168 [main] WARN  server.ServerUtils (ServerUtils.java:getDBPath(222)) - ozone.om.db.dirs is not configured. We recommend adding this setting. Falling back to ozone.metadata.dirs instead.
2019-09-25 04:12:34,260 [main] WARN  server.ServerUtils (ServerUtils.java:getDBPath(222)) - ozone.om.db.dirs is not configured. We recommend adding this setting. Falling back to ozone.metadata.dirs instead.
2019-09-25 04:12:34,260 [main] WARN  server.ServerUtils (ServerUtils.java:getDBPath(222)) - ozone.om.db.dirs is not configured. We recommend adding this setting. Falling back to ozone.metadata.dirs instead.
2019-09-25 04:12:34,261 [main] INFO  om.OzoneManager (OzoneManager.java:setOMNodeDetails(652)) - OM Service ID is not set. Setting it to the default ID: omServiceIdDefault
2019-09-25 04:12:34,262 [main] INFO  om.OzoneManager (OzoneManager.java:setOMNodeDetails(658)) - OM Node ID is not set. Setting it to the OmStorage's OmID: 0ef723c2-896a-4adf-abe5-355a50172e47
2019-09-25 04:12:34,263 [main] INFO  om.OzoneManager (OzoneManager.java:loadOMHAConfigs(609)) - Found matching OM address with OMServiceId: null, OMNodeId: null, RPC Address: localhost:0 and Ratis port: 9872
2019-09-25 04:12:34,882 [main] WARN  server.ServerUtils (ServerUtils.java:getDBPath(222)) - ozone.om.db.dirs is not configured. We recommend adding this setting. Falling back to ozone.metadata.dirs instead.
2019-09-25 04:12:34,888 [main] INFO  db.DBStoreBuilder (DBStoreBuilder.java:addTable(110)) - using custom profile for table: userTable
2019-09-25 04:12:34,888 [main] INFO  db.DBStoreBuilder (DBStoreBuilder.java:processTables(161)) - Using default column profile:DBProfile.DISK for Table:userTable
2019-09-25 04:12:34,888 [main] INFO  db.DBStoreBuilder (DBStoreBuilder.java:addTable(110)) - using custom profile for table: volumeTable
2019-09-25 04:12:34,888 [main] INFO  db.DBStoreBuilder (DBStoreBuilder.java:processTables(161)) - Using default column profile:DBProfile.DISK for Table:volumeTable
2019-09-25 04:12:34,889 [main] INFO  db.DBStoreBuilder (DBStoreBuilder.java:addTable(110)) - using custom profile for table: bucketTable
2019-09-25 04:12:34,889 [main] INFO  db.DBStoreBuilder (DBStoreBuilder.java:processTables(161)) - Using default column profile:DBProfile.DISK for Table:bucketTable
2019-09-25 04:12:34,889 [main] INFO  db.DBStoreBuilder (DBStoreBuilder.java:addTable(110)) - using custom profile for table: keyTable
2019-09-25 04:12:34,889 [main] INFO  db.DBStoreBuilder (DBStoreBuilder.java:processTables(161)) - Using default column profile:DBProfile.DISK for Table:keyTable
2019-09-25 04:12:34,889 [main] INFO  db.DBStoreBuilder (DBStoreBuilder.java:addTable(110)) - using custom profile for table: deletedTable
2019-09-25 04:12:34,890 [main] INFO  db.DBStoreBuilder (DBStoreBuilder.java:processTables(161)) - Using default column profile:DBProfile.DISK for Table:deletedTable
2019-09-25 04:12:34,890 [main] INFO  db.DBStoreBuilder (DBStoreBuilder.java:addTable(110)) - using custom profile for table: openKeyTable
2019-09-25 04:12:34,890 [main] INFO  db.DBStoreBuilder (DBStoreBuilder.java:processTables(161)) - Using default column profile:DBProfile.DISK for Table:openKeyTable
2019-09-25 04:12:34,890 [main] INFO  db.DBStoreBuilder (DBStoreBuilder.java:addTable(110)) - using custom profile for table: s3Table
2019-09-25 04:12:34,890 [main] INFO  db.DBStoreBuilder (DBStoreBuilder.java:processTables(161)) - Using default column profile:DBProfile.DISK for Table:s3Table
2019-09-25 04:12:34,891 [main] INFO  db.DBStoreBuilder (DBStoreBuilder.java:addTable(110)) - using custom profile for table: multipartInfoTable
2019-09-25 04:12:34,891 [main] INFO  db.DBStoreBuilder (DBStoreBuilder.java:processTables(161)) - Using default column profile:DBProfile.DISK for Table:multipartInfoTable
2019-09-25 04:12:34,891 [main] INFO  db.DBStoreBuilder (DBStoreBuilder.java:addTable(110)) - using custom profile for table: dTokenTable
2019-09-25 04:12:34,891 [main] INFO  db.DBStoreBuilder (DBStoreBuilder.java:processTables(161)) - Using default column profile:DBProfile.DISK for Table:dTokenTable
2019-09-25 04:12:34,891 [main] INFO  db.DBStoreBuilder (DBStoreBuilder.java:addTable(110)) - using custom profile for table: s3SecretTable
2019-09-25 04:12:34,892 [main] INFO  db.DBStoreBuilder (DBStoreBuilder.java:processTables(161)) - Using default column profile:DBProfile.DISK for Table:s3SecretTable
2019-09-25 04:12:34,892 [main] INFO  db.DBStoreBuilder (DBStoreBuilder.java:addTable(110)) - using custom profile for table: prefixTable
2019-09-25 04:12:34,892 [main] INFO  db.DBStoreBuilder (DBStoreBuilder.java:processTables(161)) - Using default column profile:DBProfile.DISK for Table:prefixTable
2019-09-25 04:12:34,892 [main] INFO  db.DBStoreBuilder (DBStoreBuilder.java:addTable(110)) - using custom profile for table: default
2019-09-25 04:12:34,892 [main] INFO  db.DBStoreBuilder (DBStoreBuilder.java:processTables(167)) - Using default column profile:DBProfile.DISK for Table:default
2019-09-25 04:12:34,893 [main] INFO  db.DBStoreBuilder (DBStoreBuilder.java:getDbProfile(198)) - Using default options. DBProfile.DISK
2019-09-25 04:12:35,234 [main] INFO  ipc.CallQueueManager (CallQueueManager.java:<init>(84)) - Using callQueue: class java.util.concurrent.LinkedBlockingQueue, queueCapacity: 2000, scheduler: class org.apache.hadoop.ipc.DefaultRpcScheduler, ipcBackoff: false.
2019-09-25 04:12:35,235 [Socket Reader #1 for port 33969] INFO  ipc.Server (Server.java:run(1074)) - Starting Socket Reader #1 for port 33969
2019-09-25 04:12:35,251 [main] INFO  om.OzoneManager (OzoneManager.java:start(1243)) - OzoneManager RPC server is listening at localhost/127.0.0.1:33969
2019-09-25 04:12:35,251 [main] INFO  impl.MetricsSystemImpl (MetricsSystemImpl.java:init(158)) - OzoneManager metrics system started (again)
2019-09-25 04:12:35,253 [IPC Server Responder] INFO  ipc.Server (Server.java:run(1314)) - IPC Server Responder: starting
2019-09-25 04:12:35,253 [IPC Server listener on 33969] INFO  ipc.Server (Server.java:run(1153)) - IPC Server listener on 33969: starting
2019-09-25 04:12:35,259 [main] INFO  hdfs.DFSUtil (DFSUtil.java:httpServerTemplateForNNAndJN(1641)) - Starting Web-server for ozoneManager at: http://0.0.0.0:0
2019-09-25 04:12:35,260 [main] INFO  server.AuthenticationFilter (AuthenticationFilter.java:constructSecretProvider(240)) - Unable to initialize FileSignerSecretProvider, falling back to use random secrets.
2019-09-25 04:12:35,260 [main] WARN  http.HttpRequestLog (HttpRequestLog.java:getRequestLog(97)) - Jetty request log can only be enabled using Log4j
2019-09-25 04:12:35,262 [main] INFO  http.HttpServer2 (HttpServer2.java:addGlobalFilter(975)) - Added global filter 'safety' (class=org.apache.hadoop.http.HttpServer2$QuotingInputFilter)
2019-09-25 04:12:35,263 [main] INFO  http.HttpServer2 (HttpServer2.java:addFilter(948)) - Added filter static_user_filter (class=org.apache.hadoop.http.lib.StaticUserWebFilter$StaticUserFilter) to context ozoneManager
2019-09-25 04:12:35,263 [main] INFO  http.HttpServer2 (HttpServer2.java:addFilter(958)) - Added filter static_user_filter (class=org.apache.hadoop.http.lib.StaticUserWebFilter$StaticUserFilter) to context logs
2019-09-25 04:12:35,263 [main] INFO  http.HttpServer2 (HttpServer2.java:addFilter(958)) - Added filter static_user_filter (class=org.apache.hadoop.http.lib.StaticUserWebFilter$StaticUserFilter) to context static
2019-09-25 04:12:35,265 [main] INFO  http.HttpServer2 (HttpServer2.java:bindListener(1191)) - Jetty bound to port 36061
2019-09-25 04:12:35,265 [main] INFO  server.Server (Server.java:doStart(351)) - jetty-9.3.25.v20180904, build timestamp: 2018-09-04T21:11:46Z, git hash: 3ce520221d0240229c862b122d2b06c12a625732
2019-09-25 04:12:35,267 [main] INFO  handler.ContextHandler (ContextHandler.java:doStart(781)) - Started o.e.j.s.ServletContextHandler@677b8e13{/logs,file:///workdir/hadoop-ozone/integration-test/target/log,AVAILABLE}
2019-09-25 04:12:35,268 [main] INFO  handler.ContextHandler (ContextHandler.java:doStart(781)) - Started o.e.j.s.ServletContextHandler@4c27d39d{/static,file:///workdir/hadoop-ozone/integration-test/target/test-classes/webapps/static,AVAILABLE}
2019-09-25 04:12:35,272 [main] INFO  handler.ContextHandler (ContextHandler.java:doStart(781)) - Started o.e.j.w.WebAppContext@3a022576{/,file:///workdir/hadoop-ozone/integration-test/target/test-classes/webapps/ozoneManager/,AVAILABLE}{/ozoneManager}
2019-09-25 04:12:35,273 [main] INFO  server.AbstractConnector (AbstractConnector.java:doStart(278)) - Started ServerConnector@2dbd803f{HTTP/1.1,[http/1.1]}{0.0.0.0:36061}
2019-09-25 04:12:35,273 [main] INFO  server.Server (Server.java:doStart(419)) - Started @4266ms
2019-09-25 04:12:35,274 [main] WARN  impl.MetricsSystemImpl (MetricsSystemImpl.java:register(276)) - Sink prometheus already exists!
2019-09-25 04:12:35,275 [main] INFO  server.BaseHttpServer (BaseHttpServer.java:updateConnectorAddress(215)) - HTTP server of OZONEMANAGER is listening at http://0.0.0.0:36061
2019-09-25 04:12:35,549 [main] INFO  impl.MetricsSystemImpl (MetricsSystemImpl.java:init(158)) - HddsDatanode metrics system started (again)
2019-09-25 04:12:35,594 [main] INFO  ozone.HddsDatanodeService (HddsDatanodeService.java:start(184)) - HddsDatanodeService host:pr-hdds-1569-zxpks-796972592 ip:192.168.5.161
2019-09-25 04:12:35,621 [main] INFO  volume.HddsVolume (HddsVolume.java:<init>(176)) - Creating Volume: /workdir/hadoop-ozone/integration-test/target/test-dir/MiniOzoneClusterImpl-d80116af-1168-4dd4-a2cd-efb6e5bdb9d0/datanode-0/data/containers/hdds of  storage type : DISK and capacity : 1482555576320
2019-09-25 04:12:35,623 [main] INFO  volume.VolumeSet (VolumeSet.java:initializeVolumeSet(170)) - Added Volume : /workdir/hadoop-ozone/integration-test/target/test-dir/MiniOzoneClusterImpl-d80116af-1168-4dd4-a2cd-efb6e5bdb9d0/datanode-0/data/containers/hdds to VolumeSet
2019-09-25 04:12:35,625 [main] INFO  volume.ThrottledAsyncChecker (ThrottledAsyncChecker.java:schedule(139)) - Scheduling a check for org.apache.hadoop.ozone.container.common.volume.HddsVolume@4992613f
2019-09-25 04:12:35,640 [main] INFO  volume.HddsVolumeChecker (HddsVolumeChecker.java:checkAllVolumes(202)) - Scheduled health check for volume org.apache.hadoop.ozone.container.common.volume.HddsVolume@4992613f
2019-09-25 04:12:35,727 [main] INFO  impl.RaftServerProxy (ConfUtils.java:logGet(43)) - raft.rpc.type = GRPC (default)
2019-09-25 04:12:35,781 [main] INFO  grpc.GrpcFactory (GrpcFactory.java:checkPooledByteBufAllocatorUseCacheForAllThreads(45)) - PERFORMANCE WARNING: useCacheForAllThreads is true that may cause Netty to create a lot garbage objects and, as a result, trigger GC.
	It is recommended to disable useCacheForAllThreads by setting -Dorg.apache.ratis.thirdparty.io.netty.allocator.useCacheForAllThreads=false in command line.
2019-09-25 04:12:35,785 [main] INFO  grpc.GrpcConfigKeys$Server (ConfUtils.java:logGet(43)) - raft.grpc.server.port = 0 (default)
2019-09-25 04:12:35,786 [main] INFO  server.GrpcService (ConfUtils.java:logGet(43)) - raft.grpc.message.size.max = 33570816 (custom)
2019-09-25 04:12:35,788 [main] INFO  server.RaftServerConfigKeys (ConfUtils.java:logGet(43)) - raft.server.log.appender.buffer.byte-limit = 33554432 (custom)
2019-09-25 04:12:35,788 [main] INFO  server.GrpcService (ConfUtils.java:logGet(43)) - raft.grpc.flow.control.window = 1MB (=1048576) (default)
2019-09-25 04:12:35,789 [main] INFO  server.RaftServerConfigKeys (ConfUtils.java:logGet(43)) - raft.server.rpc.request.timeout = 3000ms (default)
2019-09-25 04:12:35,926 [main] INFO  server.RaftServerConfigKeys (ConfUtils.java:logGet(43)) - raft.server.storage.dir = [/workdir/hadoop-ozone/integration-test/target/test-dir/MiniOzoneClusterImpl-d80116af-1168-4dd4-a2cd-efb6e5bdb9d0/datanode-0/data/ratis] (custom)
2019-09-25 04:12:35,969 [main] INFO  hdfs.DFSUtil (DFSUtil.java:httpServerTemplateForNNAndJN(1641)) - Starting Web-server for hddsDatanode at: http://0.0.0.0:0
2019-09-25 04:12:35,971 [main] INFO  server.AuthenticationFilter (AuthenticationFilter.java:constructSecretProvider(240)) - Unable to initialize FileSignerSecretProvider, falling back to use random secrets.
2019-09-25 04:12:35,971 [main] WARN  http.HttpRequestLog (HttpRequestLog.java:getRequestLog(97)) - Jetty request log can only be enabled using Log4j
2019-09-25 04:12:35,973 [main] INFO  http.HttpServer2 (HttpServer2.java:addGlobalFilter(975)) - Added global filter 'safety' (class=org.apache.hadoop.http.HttpServer2$QuotingInputFilter)
2019-09-25 04:12:35,973 [main] INFO  http.HttpServer2 (HttpServer2.java:addFilter(948)) - Added filter static_user_filter (class=org.apache.hadoop.http.lib.StaticUserWebFilter$StaticUserFilter) to context hddsDatanode
2019-09-25 04:12:35,974 [main] INFO  http.HttpServer2 (HttpServer2.java:addFilter(958)) - Added filter static_user_filter (class=org.apache.hadoop.http.lib.StaticUserWebFilter$StaticUserFilter) to context logs
2019-09-25 04:12:35,974 [main] INFO  http.HttpServer2 (HttpServer2.java:addFilter(958)) - Added filter static_user_filter (class=org.apache.hadoop.http.lib.StaticUserWebFilter$StaticUserFilter) to context static
2019-09-25 04:12:35,975 [main] INFO  http.HttpServer2 (HttpServer2.java:bindListener(1191)) - Jetty bound to port 36847
2019-09-25 04:12:35,975 [main] INFO  server.Server (Server.java:doStart(351)) - jetty-9.3.25.v20180904, build timestamp: 2018-09-04T21:11:46Z, git hash: 3ce520221d0240229c862b122d2b06c12a625732
2019-09-25 04:12:35,977 [main] INFO  handler.ContextHandler (ContextHandler.java:doStart(781)) - Started o.e.j.s.ServletContextHandler@262816a8{/logs,file:///workdir/hadoop-ozone/integration-test/target/log,AVAILABLE}
2019-09-25 04:12:35,977 [main] INFO  handler.ContextHandler (ContextHandler.java:doStart(781)) - Started o.e.j.s.ServletContextHandler@46c269e0{/static,jar:file:/home/user/.m2/repository/org/apache/hadoop/hadoop-hdds-container-service/0.5.0-SNAPSHOT/hadoop-hdds-container-service-0.5.0-SNAPSHOT.jar!/webapps/static,AVAILABLE}
2019-09-25 04:12:36,018 [main] INFO  handler.ContextHandler (ContextHandler.java:doStart(781)) - Started o.e.j.w.WebAppContext@255eaa6b{/,file:///tmp/jetty-0.0.0.0-36847-hddsDatanode-_-any-4621217866421677604.dir/webapp/,AVAILABLE}{/hddsDatanode}
2019-09-25 04:12:36,019 [main] INFO  server.AbstractConnector (AbstractConnector.java:doStart(278)) - Started ServerConnector@476fe690{HTTP/1.1,[http/1.1]}{0.0.0.0:36847}
2019-09-25 04:12:36,021 [main] INFO  server.Server (Server.java:doStart(419)) - Started @5013ms
2019-09-25 04:12:36,022 [main] WARN  impl.MetricsSystemImpl (MetricsSystemImpl.java:register(276)) - Sink prometheus already exists!
2019-09-25 04:12:36,022 [main] INFO  server.BaseHttpServer (BaseHttpServer.java:updateConnectorAddress(215)) - HTTP server of HDDSDATANODE is listening at http://0.0.0.0:36847
2019-09-25 04:12:36,023 [main] INFO  impl.MetricsSystemImpl (MetricsSystemImpl.java:init(158)) - HddsDatanode metrics system started (again)
2019-09-25 04:12:36,026 [main] INFO  ozone.HddsDatanodeService (HddsDatanodeService.java:start(184)) - HddsDatanodeService host:pr-hdds-1569-zxpks-796972592 ip:192.168.5.161
2019-09-25 04:12:36,035 [main] INFO  volume.HddsVolume (HddsVolume.java:<init>(176)) - Creating Volume: /workdir/hadoop-ozone/integration-test/target/test-dir/MiniOzoneClusterImpl-d80116af-1168-4dd4-a2cd-efb6e5bdb9d0/datanode-1/data/containers/hdds of  storage type : DISK and capacity : 1482555576320
2019-09-25 04:12:36,036 [org.apache.hadoop.util.JvmPauseMonitor$Monitor@3b6548c6] INFO  util.JvmPauseMonitor (JvmPauseMonitor.java:run(188)) - Starting JVM pause monitor
2019-09-25 04:12:36,036 [main] INFO  volume.VolumeSet (VolumeSet.java:initializeVolumeSet(170)) - Added Volume : /workdir/hadoop-ozone/integration-test/target/test-dir/MiniOzoneClusterImpl-d80116af-1168-4dd4-a2cd-efb6e5bdb9d0/datanode-1/data/containers/hdds to VolumeSet
2019-09-25 04:12:36,036 [main] INFO  volume.ThrottledAsyncChecker (ThrottledAsyncChecker.java:schedule(139)) - Scheduling a check for org.apache.hadoop.ozone.container.common.volume.HddsVolume@6981f8f3
2019-09-25 04:12:36,037 [main] INFO  volume.HddsVolumeChecker (HddsVolumeChecker.java:checkAllVolumes(202)) - Scheduled health check for volume org.apache.hadoop.ozone.container.common.volume.HddsVolume@6981f8f3
2019-09-25 04:12:36,059 [main] INFO  impl.RaftServerProxy (ConfUtils.java:logGet(43)) - raft.rpc.type = GRPC (default)
2019-09-25 04:12:36,059 [main] INFO  grpc.GrpcFactory (GrpcFactory.java:checkPooledByteBufAllocatorUseCacheForAllThreads(45)) - PERFORMANCE WARNING: useCacheForAllThreads is true that may cause Netty to create a lot garbage objects and, as a result, trigger GC.
	It is recommended to disable useCacheForAllThreads by setting -Dorg.apache.ratis.thirdparty.io.netty.allocator.useCacheForAllThreads=false in command line.
2019-09-25 04:12:36,060 [main] INFO  grpc.GrpcConfigKeys$Server (ConfUtils.java:logGet(43)) - raft.grpc.server.port = 0 (default)
2019-09-25 04:12:36,060 [main] INFO  server.GrpcService (ConfUtils.java:logGet(43)) - raft.grpc.message.size.max = 33570816 (custom)
2019-09-25 04:12:36,060 [main] INFO  server.RaftServerConfigKeys (ConfUtils.java:logGet(43)) - raft.server.log.appender.buffer.byte-limit = 33554432 (custom)
2019-09-25 04:12:36,061 [main] INFO  server.GrpcService (ConfUtils.java:logGet(43)) - raft.grpc.flow.control.window = 1MB (=1048576) (default)
2019-09-25 04:12:36,061 [main] INFO  server.RaftServerConfigKeys (ConfUtils.java:logGet(43)) - raft.server.rpc.request.timeout = 3000ms (default)
2019-09-25 04:12:36,062 [main] INFO  server.RaftServerConfigKeys (ConfUtils.java:logGet(43)) - raft.server.storage.dir = [/workdir/hadoop-ozone/integration-test/target/test-dir/MiniOzoneClusterImpl-d80116af-1168-4dd4-a2cd-efb6e5bdb9d0/datanode-1/data/ratis] (custom)
2019-09-25 04:12:36,064 [main] INFO  hdfs.DFSUtil (DFSUtil.java:httpServerTemplateForNNAndJN(1641)) - Starting Web-server for hddsDatanode at: http://0.0.0.0:0
2019-09-25 04:12:36,065 [main] INFO  server.AuthenticationFilter (AuthenticationFilter.java:constructSecretProvider(240)) - Unable to initialize FileSignerSecretProvider, falling back to use random secrets.
2019-09-25 04:12:36,066 [main] WARN  http.HttpRequestLog (HttpRequestLog.java:getRequestLog(97)) - Jetty request log can only be enabled using Log4j
2019-09-25 04:12:36,067 [main] INFO  http.HttpServer2 (HttpServer2.java:addGlobalFilter(975)) - Added global filter 'safety' (class=org.apache.hadoop.http.HttpServer2$QuotingInputFilter)
2019-09-25 04:12:36,068 [main] INFO  http.HttpServer2 (HttpServer2.java:addFilter(948)) - Added filter static_user_filter (class=org.apache.hadoop.http.lib.StaticUserWebFilter$StaticUserFilter) to context hddsDatanode
2019-09-25 04:12:36,068 [main] INFO  http.HttpServer2 (HttpServer2.java:addFilter(958)) - Added filter static_user_filter (class=org.apache.hadoop.http.lib.StaticUserWebFilter$StaticUserFilter) to context logs
2019-09-25 04:12:36,068 [main] INFO  http.HttpServer2 (HttpServer2.java:addFilter(958)) - Added filter static_user_filter (class=org.apache.hadoop.http.lib.StaticUserWebFilter$StaticUserFilter) to context static
2019-09-25 04:12:36,069 [main] INFO  http.HttpServer2 (HttpServer2.java:bindListener(1191)) - Jetty bound to port 44246
2019-09-25 04:12:36,069 [main] INFO  server.Server (Server.java:doStart(351)) - jetty-9.3.25.v20180904, build timestamp: 2018-09-04T21:11:46Z, git hash: 3ce520221d0240229c862b122d2b06c12a625732
2019-09-25 04:12:36,072 [main] INFO  handler.ContextHandler (ContextHandler.java:doStart(781)) - Started o.e.j.s.ServletContextHandler@561b61ed{/logs,file:///workdir/hadoop-ozone/integration-test/target/log,AVAILABLE}
2019-09-25 04:12:36,073 [main] INFO  handler.ContextHandler (ContextHandler.java:doStart(781)) - Started o.e.j.s.ServletContextHandler@26cb5207{/static,jar:file:/home/user/.m2/repository/org/apache/hadoop/hadoop-hdds-container-service/0.5.0-SNAPSHOT/hadoop-hdds-container-service-0.5.0-SNAPSHOT.jar!/webapps/static,AVAILABLE}
2019-09-25 04:12:36,098 [main] INFO  handler.ContextHandler (ContextHandler.java:doStart(781)) - Started o.e.j.w.WebAppContext@7fdab70c{/,file:///tmp/jetty-0.0.0.0-44246-hddsDatanode-_-any-4774134378381834382.dir/webapp/,AVAILABLE}{/hddsDatanode}
2019-09-25 04:12:36,098 [main] INFO  server.AbstractConnector (AbstractConnector.java:doStart(278)) - Started ServerConnector@25ad4f71{HTTP/1.1,[http/1.1]}{0.0.0.0:44246}
2019-09-25 04:12:36,099 [main] INFO  server.Server (Server.java:doStart(419)) - Started @5091ms
2019-09-25 04:12:36,099 [main] WARN  impl.MetricsSystemImpl (MetricsSystemImpl.java:register(276)) - Sink prometheus already exists!
2019-09-25 04:12:36,101 [main] INFO  server.BaseHttpServer (BaseHttpServer.java:updateConnectorAddress(215)) - HTTP server of HDDSDATANODE is listening at http://0.0.0.0:44246
2019-09-25 04:12:36,102 [main] INFO  impl.MetricsSystemImpl (MetricsSystemImpl.java:init(158)) - HddsDatanode metrics system started (again)
2019-09-25 04:12:36,104 [main] INFO  ozone.HddsDatanodeService (HddsDatanodeService.java:start(184)) - HddsDatanodeService host:pr-hdds-1569-zxpks-796972592 ip:192.168.5.161
2019-09-25 04:12:36,105 [org.apache.hadoop.util.JvmPauseMonitor$Monitor@1c76d485] INFO  util.JvmPauseMonitor (JvmPauseMonitor.java:run(188)) - Starting JVM pause monitor
2019-09-25 04:12:36,112 [main] INFO  volume.HddsVolume (HddsVolume.java:<init>(176)) - Creating Volume: /workdir/hadoop-ozone/integration-test/target/test-dir/MiniOzoneClusterImpl-d80116af-1168-4dd4-a2cd-efb6e5bdb9d0/datanode-2/data/containers/hdds of  storage type : DISK and capacity : 1482555576320
2019-09-25 04:12:36,112 [main] INFO  volume.VolumeSet (VolumeSet.java:initializeVolumeSet(170)) - Added Volume : /workdir/hadoop-ozone/integration-test/target/test-dir/MiniOzoneClusterImpl-d80116af-1168-4dd4-a2cd-efb6e5bdb9d0/datanode-2/data/containers/hdds to VolumeSet
2019-09-25 04:12:36,113 [main] INFO  volume.ThrottledAsyncChecker (ThrottledAsyncChecker.java:schedule(139)) - Scheduling a check for org.apache.hadoop.ozone.container.common.volume.HddsVolume@30b131b2
2019-09-25 04:12:36,113 [main] INFO  volume.HddsVolumeChecker (HddsVolumeChecker.java:checkAllVolumes(202)) - Scheduled health check for volume org.apache.hadoop.ozone.container.common.volume.HddsVolume@30b131b2
2019-09-25 04:12:36,125 [main] INFO  impl.RaftServerProxy (ConfUtils.java:logGet(43)) - raft.rpc.type = GRPC (default)
2019-09-25 04:12:36,125 [main] INFO  grpc.GrpcFactory (GrpcFactory.java:checkPooledByteBufAllocatorUseCacheForAllThreads(45)) - PERFORMANCE WARNING: useCacheForAllThreads is true that may cause Netty to create a lot garbage objects and, as a result, trigger GC.
	It is recommended to disable useCacheForAllThreads by setting -Dorg.apache.ratis.thirdparty.io.netty.allocator.useCacheForAllThreads=false in command line.
2019-09-25 04:12:36,125 [main] INFO  grpc.GrpcConfigKeys$Server (ConfUtils.java:logGet(43)) - raft.grpc.server.port = 0 (default)
2019-09-25 04:12:36,125 [main] INFO  server.GrpcService (ConfUtils.java:logGet(43)) - raft.grpc.message.size.max = 33570816 (custom)
2019-09-25 04:12:36,126 [main] INFO  server.RaftServerConfigKeys (ConfUtils.java:logGet(43)) - raft.server.log.appender.buffer.byte-limit = 33554432 (custom)
2019-09-25 04:12:36,126 [main] INFO  server.GrpcService (ConfUtils.java:logGet(43)) - raft.grpc.flow.control.window = 1MB (=1048576) (default)
2019-09-25 04:12:36,126 [main] INFO  server.RaftServerConfigKeys (ConfUtils.java:logGet(43)) - raft.server.rpc.request.timeout = 3000ms (default)
2019-09-25 04:12:36,127 [main] INFO  server.RaftServerConfigKeys (ConfUtils.java:logGet(43)) - raft.server.storage.dir = [/workdir/hadoop-ozone/integration-test/target/test-dir/MiniOzoneClusterImpl-d80116af-1168-4dd4-a2cd-efb6e5bdb9d0/datanode-2/data/ratis] (custom)
2019-09-25 04:12:36,128 [main] INFO  hdfs.DFSUtil (DFSUtil.java:httpServerTemplateForNNAndJN(1641)) - Starting Web-server for hddsDatanode at: http://0.0.0.0:0
2019-09-25 04:12:36,129 [main] INFO  server.AuthenticationFilter (AuthenticationFilter.java:constructSecretProvider(240)) - Unable to initialize FileSignerSecretProvider, falling back to use random secrets.
2019-09-25 04:12:36,130 [main] WARN  http.HttpRequestLog (HttpRequestLog.java:getRequestLog(97)) - Jetty request log can only be enabled using Log4j
2019-09-25 04:12:36,131 [main] INFO  http.HttpServer2 (HttpServer2.java:addGlobalFilter(975)) - Added global filter 'safety' (class=org.apache.hadoop.http.HttpServer2$QuotingInputFilter)
2019-09-25 04:12:36,132 [main] INFO  http.HttpServer2 (HttpServer2.java:addFilter(948)) - Added filter static_user_filter (class=org.apache.hadoop.http.lib.StaticUserWebFilter$StaticUserFilter) to context hddsDatanode
2019-09-25 04:12:36,132 [main] INFO  http.HttpServer2 (HttpServer2.java:addFilter(958)) - Added filter static_user_filter (class=org.apache.hadoop.http.lib.StaticUserWebFilter$StaticUserFilter) to context static
2019-09-25 04:12:36,132 [main] INFO  http.HttpServer2 (HttpServer2.java:addFilter(958)) - Added filter static_user_filter (class=org.apache.hadoop.http.lib.StaticUserWebFilter$StaticUserFilter) to context logs
2019-09-25 04:12:36,133 [main] INFO  http.HttpServer2 (HttpServer2.java:bindListener(1191)) - Jetty bound to port 34547
2019-09-25 04:12:36,133 [main] INFO  server.Server (Server.java:doStart(351)) - jetty-9.3.25.v20180904, build timestamp: 2018-09-04T21:11:46Z, git hash: 3ce520221d0240229c862b122d2b06c12a625732
2019-09-25 04:12:36,135 [main] INFO  handler.ContextHandler (ContextHandler.java:doStart(781)) - Started o.e.j.s.ServletContextHandler@5af8bb51{/logs,file:///workdir/hadoop-ozone/integration-test/target/log,AVAILABLE}
2019-09-25 04:12:36,135 [main] INFO  handler.ContextHandler (ContextHandler.java:doStart(781)) - Started o.e.j.s.ServletContextHandler@2e66bc32{/static,jar:file:/home/user/.m2/repository/org/apache/hadoop/hadoop-hdds-container-service/0.5.0-SNAPSHOT/hadoop-hdds-container-service-0.5.0-SNAPSHOT.jar!/webapps/static,AVAILABLE}
2019-09-25 04:12:36,160 [main] INFO  handler.ContextHandler (ContextHandler.java:doStart(781)) - Started o.e.j.w.WebAppContext@328d044f{/,file:///tmp/jetty-0.0.0.0-34547-hddsDatanode-_-any-415926020152889804.dir/webapp/,AVAILABLE}{/hddsDatanode}
2019-09-25 04:12:36,161 [main] INFO  server.AbstractConnector (AbstractConnector.java:doStart(278)) - Started ServerConnector@10f7c76{HTTP/1.1,[http/1.1]}{0.0.0.0:34547}
2019-09-25 04:12:36,162 [main] INFO  server.Server (Server.java:doStart(419)) - Started @5154ms
2019-09-25 04:12:36,163 [main] WARN  impl.MetricsSystemImpl (MetricsSystemImpl.java:register(276)) - Sink prometheus already exists!
2019-09-25 04:12:36,164 [main] INFO  server.BaseHttpServer (BaseHttpServer.java:updateConnectorAddress(215)) - HTTP server of HDDSDATANODE is listening at http://0.0.0.0:34547
2019-09-25 04:12:36,165 [main] INFO  ozone.MiniOzoneClusterImpl (MiniOzoneClusterImpl.java:lambda$waitForClusterToBeReady$0(147)) - Waiting for cluster to be ready. Got 0 of 3 DN Heartbeats.
2019-09-25 04:12:36,166 [org.apache.hadoop.util.JvmPauseMonitor$Monitor@54dfc30e] INFO  util.JvmPauseMonitor (JvmPauseMonitor.java:run(188)) - Starting JVM pause monitor
2019-09-25 04:12:36,180 [Datanode State Machine Thread - 0] INFO  datanode.InitDatanodeState (InitDatanodeState.java:persistContainerDatanodeDetails(140)) - DatanodeDetails is persisted to /workdir/hadoop-ozone/integration-test/target/test-dir/MiniOzoneClusterImpl-d80116af-1168-4dd4-a2cd-efb6e5bdb9d0/datanode-0/meta/datanode.id
2019-09-25 04:12:36,185 [Datanode State Machine Thread - 0] INFO  datanode.InitDatanodeState (InitDatanodeState.java:persistContainerDatanodeDetails(140)) - DatanodeDetails is persisted to /workdir/hadoop-ozone/integration-test/target/test-dir/MiniOzoneClusterImpl-d80116af-1168-4dd4-a2cd-efb6e5bdb9d0/datanode-2/meta/datanode.id
2019-09-25 04:12:36,188 [Datanode State Machine Thread - 0] INFO  datanode.InitDatanodeState (InitDatanodeState.java:persistContainerDatanodeDetails(140)) - DatanodeDetails is persisted to /workdir/hadoop-ozone/integration-test/target/test-dir/MiniOzoneClusterImpl-d80116af-1168-4dd4-a2cd-efb6e5bdb9d0/datanode-1/meta/datanode.id
2019-09-25 04:12:37,166 [main] INFO  ozone.MiniOzoneClusterImpl (MiniOzoneClusterImpl.java:lambda$waitForClusterToBeReady$0(147)) - Waiting for cluster to be ready. Got 0 of 3 DN Heartbeats.
2019-09-25 04:12:38,095 [Datanode State Machine Thread - 0] INFO  ozoneimpl.OzoneContainer (OzoneContainer.java:start(217)) - Attempting to start container services.
2019-09-25 04:12:38,098 [Datanode State Machine Thread - 0] INFO  ozoneimpl.OzoneContainer (OzoneContainer.java:startContainerScrub(179)) - Background container scanner has been disabled.
2019-09-25 04:12:38,099 [Datanode State Machine Thread - 0] INFO  ratis.XceiverServerRatis (XceiverServerRatis.java:start(411)) - Starting XceiverServerRatis f5d39e36-3e0f-4a54-a012-e19588cf60a3 at port 0
2019-09-25 04:12:38,122 [Datanode State Machine Thread - 0] INFO  ozoneimpl.OzoneContainer (OzoneContainer.java:start(217)) - Attempting to start container services.
2019-09-25 04:12:38,131 [Datanode State Machine Thread - 0] INFO  ozoneimpl.OzoneContainer (OzoneContainer.java:startContainerScrub(179)) - Background container scanner has been disabled.
2019-09-25 04:12:38,131 [Datanode State Machine Thread - 0] INFO  ratis.XceiverServerRatis (XceiverServerRatis.java:start(411)) - Starting XceiverServerRatis 49f3ee78-dcf2-4a6b-9b4e-1405d1c251a9 at port 0
2019-09-25 04:12:38,132 [Datanode State Machine Thread - 0] INFO  impl.RaftServerProxy (RaftServerProxy.java:lambda$start$3(299)) - f5d39e36-3e0f-4a54-a012-e19588cf60a3: start RPC server
2019-09-25 04:12:38,147 [Datanode State Machine Thread - 0] INFO  impl.RaftServerProxy (RaftServerProxy.java:lambda$start$3(299)) - 49f3ee78-dcf2-4a6b-9b4e-1405d1c251a9: start RPC server
2019-09-25 04:12:38,167 [main] INFO  ozone.MiniOzoneClusterImpl (MiniOzoneClusterImpl.java:lambda$waitForClusterToBeReady$0(147)) - Waiting for cluster to be ready. Got 0 of 3 DN Heartbeats.
2019-09-25 04:12:38,187 [Datanode State Machine Thread - 0] INFO  ozoneimpl.OzoneContainer (OzoneContainer.java:start(217)) - Attempting to start container services.
2019-09-25 04:12:38,189 [Datanode State Machine Thread - 0] INFO  ozoneimpl.OzoneContainer (OzoneContainer.java:startContainerScrub(179)) - Background container scanner has been disabled.
2019-09-25 04:12:38,189 [Datanode State Machine Thread - 0] INFO  ratis.XceiverServerRatis (XceiverServerRatis.java:start(411)) - Starting XceiverServerRatis a5b2edd3-6412-4d16-8923-90c13280c91d at port 0
2019-09-25 04:12:38,198 [Datanode State Machine Thread - 0] INFO  impl.RaftServerProxy (RaftServerProxy.java:lambda$start$3(299)) - a5b2edd3-6412-4d16-8923-90c13280c91d: start RPC server
2019-09-25 04:12:38,293 [Datanode State Machine Thread - 0] INFO  server.GrpcService (GrpcService.java:startImpl(158)) - 49f3ee78-dcf2-4a6b-9b4e-1405d1c251a9: GrpcService started, listening on 0.0.0.0/0.0.0.0:34907
2019-09-25 04:12:38,293 [Datanode State Machine Thread - 0] INFO  server.GrpcService (GrpcService.java:startImpl(158)) - a5b2edd3-6412-4d16-8923-90c13280c91d: GrpcService started, listening on 0.0.0.0/0.0.0.0:45131
2019-09-25 04:12:38,293 [Datanode State Machine Thread - 0] INFO  server.GrpcService (GrpcService.java:startImpl(158)) - f5d39e36-3e0f-4a54-a012-e19588cf60a3: GrpcService started, listening on 0.0.0.0/0.0.0.0:38379
2019-09-25 04:12:38,294 [Datanode State Machine Thread - 0] INFO  ratis.XceiverServerRatis (XceiverServerRatis.java:start(421)) - XceiverServerRatis a5b2edd3-6412-4d16-8923-90c13280c91d is started using port 45131
2019-09-25 04:12:38,294 [Datanode State Machine Thread - 0] INFO  ratis.XceiverServerRatis (XceiverServerRatis.java:start(421)) - XceiverServerRatis 49f3ee78-dcf2-4a6b-9b4e-1405d1c251a9 is started using port 34907
2019-09-25 04:12:38,294 [Datanode State Machine Thread - 0] INFO  ratis.XceiverServerRatis (XceiverServerRatis.java:start(421)) - XceiverServerRatis f5d39e36-3e0f-4a54-a012-e19588cf60a3 is started using port 38379
2019-09-25 04:12:38,301 [Datanode State Machine Thread - 0] INFO  server.XceiverServerGrpc (XceiverServerGrpc.java:start(149)) - XceiverServerGrpc f5d39e36-3e0f-4a54-a012-e19588cf60a3 is started using port 37282
2019-09-25 04:12:38,301 [Datanode State Machine Thread - 0] INFO  server.XceiverServerGrpc (XceiverServerGrpc.java:start(149)) - XceiverServerGrpc 49f3ee78-dcf2-4a6b-9b4e-1405d1c251a9 is started using port 36961
2019-09-25 04:12:38,301 [Datanode State Machine Thread - 0] INFO  server.XceiverServerGrpc (XceiverServerGrpc.java:start(149)) - XceiverServerGrpc a5b2edd3-6412-4d16-8923-90c13280c91d is started using port 44981
2019-09-25 04:12:39,167 [main] INFO  ozone.MiniOzoneClusterImpl (MiniOzoneClusterImpl.java:lambda$waitForClusterToBeReady$0(147)) - Waiting for cluster to be ready. Got 0 of 3 DN Heartbeats.
2019-09-25 04:12:40,086 [IPC Server handler 3 on 33696] INFO  net.NetworkTopology (NetworkTopologyImpl.java:add(111)) - Added a new node: /default-rack/f5d39e36-3e0f-4a54-a012-e19588cf60a3
2019-09-25 04:12:40,086 [IPC Server handler 3 on 33696] INFO  node.SCMNodeManager (SCMNodeManager.java:register(266)) - Registered Data node : f5d39e36-3e0f-4a54-a012-e19588cf60a3{ip: 192.168.5.161, host: pr-hdds-1569-zxpks-796972592, networkLocation: /default-rack, certSerialId: null}
2019-09-25 04:12:40,092 [EventQueue-NodeRegistrationContainerReportForDataNodeSafeModeRule] INFO  safemode.SCMSafeModeManager (DataNodeSafeModeRule.java:process(71)) - SCM in safe mode. 1 DataNodes registered, 1 required.
2019-09-25 04:12:40,093 [EventQueue-NodeRegistrationContainerReportForDataNodeSafeModeRule] INFO  safemode.SCMSafeModeManager (SCMSafeModeManager.java:validateSafeModeExitRules(177)) - ScmSafeModeManager, all rules are successfully validated
2019-09-25 04:12:40,093 [EventQueue-NodeRegistrationContainerReportForDataNodeSafeModeRule] INFO  safemode.SCMSafeModeManager (SCMSafeModeManager.java:exitSafeMode(193)) - SCM exiting safe mode.
2019-09-25 04:12:40,107 [IPC Server handler 0 on 33696] INFO  net.NetworkTopology (NetworkTopologyImpl.java:add(111)) - Added a new node: /default-rack/49f3ee78-dcf2-4a6b-9b4e-1405d1c251a9
2019-09-25 04:12:40,108 [IPC Server handler 0 on 33696] INFO  node.SCMNodeManager (SCMNodeManager.java:register(266)) - Registered Data node : 49f3ee78-dcf2-4a6b-9b4e-1405d1c251a9{ip: 192.168.5.161, host: pr-hdds-1569-zxpks-796972592, networkLocation: /default-rack, certSerialId: null}
2019-09-25 04:12:40,169 [main] INFO  ozone.MiniOzoneClusterImpl (MiniOzoneClusterImpl.java:lambda$waitForClusterToBeReady$0(147)) - Waiting for cluster to be ready. Got 2 of 3 DN Heartbeats.
2019-09-25 04:12:40,170 [IPC Server handler 1 on 33696] INFO  net.NetworkTopology (NetworkTopologyImpl.java:add(111)) - Added a new node: /default-rack/a5b2edd3-6412-4d16-8923-90c13280c91d
2019-09-25 04:12:40,170 [IPC Server handler 1 on 33696] INFO  node.SCMNodeManager (SCMNodeManager.java:register(266)) - Registered Data node : a5b2edd3-6412-4d16-8923-90c13280c91d{ip: 192.168.5.161, host: pr-hdds-1569-zxpks-796972592, networkLocation: /default-rack, certSerialId: null}
2019-09-25 04:12:40,637 [grpc-default-executor-0] INFO  impl.RaftServerProxy (RaftServerProxy.java:addNew(89)) - f5d39e36-3e0f-4a54-a012-e19588cf60a3: addNew group-814FE35BB0F4:[f5d39e36-3e0f-4a54-a012-e19588cf60a3:192.168.5.161:38379] returns group-814FE35BB0F4:java.util.concurrent.CompletableFuture@5a2ecee0[Not completed]
2019-09-25 04:12:40,658 [pool-27-thread-1] INFO  impl.RaftServerImpl (RaftServerImpl.java:<init>(95)) - f5d39e36-3e0f-4a54-a012-e19588cf60a3: new RaftServerImpl for group-814FE35BB0F4:[f5d39e36-3e0f-4a54-a012-e19588cf60a3:192.168.5.161:38379] with ContainerStateMachine:uninitialized
2019-09-25 04:12:40,662 [pool-27-thread-1] INFO  server.RaftServerConfigKeys (ConfUtils.java:logGet(43)) - raft.server.rpc.timeout.min = 5s (custom)
2019-09-25 04:12:40,663 [pool-27-thread-1] INFO  server.RaftServerConfigKeys (ConfUtils.java:logGet(43)) - raft.server.rpc.timeout.max = 5200ms (custom)
2019-09-25 04:12:40,663 [pool-27-thread-1] INFO  server.RaftServerConfigKeys (ConfUtils.java:logGet(43)) - raft.server.rpcslowness.timeout = 120s (custom)
2019-09-25 04:12:40,665 [pool-27-thread-1] INFO  server.RaftServerConfigKeys (ConfUtils.java:logGet(43)) - raft.server.sleep.deviation.threshold = 300 (default)
2019-09-25 04:12:40,666 [pool-27-thread-1] INFO  server.RaftServerConfigKeys (ConfUtils.java:logGet(43)) - raft.server.log.appender.install.snapshot.enabled = false (custom)
2019-09-25 04:12:40,677 [pool-27-thread-1] INFO  impl.RaftServerImpl (ServerState.java:<init>(103)) - f5d39e36-3e0f-4a54-a012-e19588cf60a3@group-814FE35BB0F4: ConfigurationManager, init=-1: [f5d39e36-3e0f-4a54-a012-e19588cf60a3:192.168.5.161:38379], old=null, confs=<EMPTY_MAP>
2019-09-25 04:12:40,677 [pool-27-thread-1] INFO  server.RaftServerConfigKeys (ConfUtils.java:logGet(43)) - raft.server.storage.dir = [/workdir/hadoop-ozone/integration-test/target/test-dir/MiniOzoneClusterImpl-d80116af-1168-4dd4-a2cd-efb6e5bdb9d0/datanode-0/data/ratis] (custom)
2019-09-25 04:12:40,687 [pool-27-thread-1] INFO  storage.RaftStorageDirectory (RaftStorageDirectory.java:analyzeStorage(246)) - The storage directory /workdir/hadoop-ozone/integration-test/target/test-dir/MiniOzoneClusterImpl-d80116af-1168-4dd4-a2cd-efb6e5bdb9d0/datanode-0/data/ratis/a54f2c9c-f417-4642-8bf2-814fe35bb0f4 does not exist. Creating ...
2019-09-25 04:12:40,705 [pool-27-thread-1] INFO  storage.RaftStorageDirectory (RaftStorageDirectory.java:tryLock(328)) - Lock on /workdir/hadoop-ozone/integration-test/target/test-dir/MiniOzoneClusterImpl-d80116af-1168-4dd4-a2cd-efb6e5bdb9d0/datanode-0/data/ratis/a54f2c9c-f417-4642-8bf2-814fe35bb0f4/in_use.lock acquired by nodename 21034@pr-hdds-1569-zxpks-796972592
2019-09-25 04:12:40,722 [pool-27-thread-1] INFO  storage.RaftStorage (RaftStorage.java:format(72)) - Storage directory /workdir/hadoop-ozone/integration-test/target/test-dir/MiniOzoneClusterImpl-d80116af-1168-4dd4-a2cd-efb6e5bdb9d0/datanode-0/data/ratis/a54f2c9c-f417-4642-8bf2-814fe35bb0f4 has been successfully formatted.
2019-09-25 04:12:40,724 [pool-27-thread-1] INFO  ratis.ContainerStateMachine (ContainerStateMachine.java:loadSnapshot(230)) - group-814FE35BB0F4: The snapshot info is null. Setting the last applied indexto:(t:0, i:~)
2019-09-25 04:12:40,724 [pool-27-thread-1] INFO  server.RaftServerConfigKeys (ConfUtils.java:logGet(43)) - raft.server.notification.no-leader.timeout = 120s (custom)
2019-09-25 04:12:40,727 [pool-27-thread-1] INFO  server.RaftServerConfigKeys (ConfUtils.java:logGet(43)) - raft.server.log.use.memory = false (default)
2019-09-25 04:12:40,732 [pool-27-thread-1] INFO  server.RaftServerConfigKeys (ConfUtils.java:logGet(43)) - raft.server.log.purge.gap = 1000000 (custom)
2019-09-25 04:12:40,733 [pool-27-thread-1] INFO  server.RaftServerConfigKeys (ConfUtils.java:logGet(43)) - raft.server.log.appender.buffer.byte-limit = 33554432 (custom)
2019-09-25 04:12:40,735 [pool-27-thread-1] INFO  server.RaftServerConfigKeys (ConfUtils.java:logGet(43)) - raft.server.log.segment.size.max = 1048576 (custom)
2019-09-25 04:12:40,740 [pool-27-thread-1] INFO  server.RaftServerConfigKeys (ConfUtils.java:logGet(43)) - raft.server.log.segment.cache.num.max = 2 (custom)
2019-09-25 04:12:40,745 [pool-27-thread-1] INFO  segmented.SegmentedRaftLogWorker (SegmentedRaftLogWorker.java:<init>(172)) - new f5d39e36-3e0f-4a54-a012-e19588cf60a3@group-814FE35BB0F4-SegmentedRaftLogWorker for RaftStorage:Storage Directory /workdir/hadoop-ozone/integration-test/target/test-dir/MiniOzoneClusterImpl-d80116af-1168-4dd4-a2cd-efb6e5bdb9d0/datanode-0/data/ratis/a54f2c9c-f417-4642-8bf2-814fe35bb0f4
2019-09-25 04:12:40,747 [pool-27-thread-1] INFO  impl.MetricsSystemImpl (MetricsSystemImpl.java:init(158)) - ratis metrics system started (again)
2019-09-25 04:12:40,753 [pool-27-thread-1] INFO  metrics.MetricRegistries (MetricRegistriesLoader.java:load(64)) - Loaded MetricRegistries class org.apache.ratis.metrics.impl.MetricRegistriesImpl
2019-09-25 04:12:40,780 [pool-27-thread-1] INFO  server.RaftServerConfigKeys (ConfUtils.java:logGet(43)) - raft.server.log.queue.byte-limit = 2147483647 (custom)
2019-09-25 04:12:40,780 [pool-27-thread-1] INFO  server.RaftServerConfigKeys (ConfUtils.java:logGet(43)) - raft.server.log.queue.element-limit = 1024 (custom)
2019-09-25 04:12:40,783 [pool-27-thread-1] INFO  server.RaftServerConfigKeys (ConfUtils.java:logGet(43)) - raft.server.log.segment.size.max = 1048576 (custom)
2019-09-25 04:12:40,783 [pool-27-thread-1] INFO  server.RaftServerConfigKeys (ConfUtils.java:logGet(43)) - raft.server.log.preallocated.size = 16384 (custom)
2019-09-25 04:12:40,784 [pool-27-thread-1] INFO  server.RaftServerConfigKeys (ConfUtils.java:logGet(43)) - raft.server.log.write.buffer.size = 33554432 (custom)
2019-09-25 04:12:40,784 [pool-27-thread-1] INFO  server.RaftServerConfigKeys (ConfUtils.java:logGet(43)) - raft.server.log.force.sync.num = 128 (default)
2019-09-25 04:12:40,785 [pool-27-thread-1] INFO  server.RaftServerConfigKeys (ConfUtils.java:logGet(43)) - raft.server.log.statemachine.data.sync = true (default)
2019-09-25 04:12:40,785 [pool-27-thread-1] INFO  server.RaftServerConfigKeys (ConfUtils.java:logGet(43)) - raft.server.log.statemachine.data.sync.timeout = 10s (default)
2019-09-25 04:12:40,786 [pool-27-thread-1] INFO  server.RaftServerConfigKeys (ConfUtils.java:logGet(43)) - raft.server.log.statemachine.data.sync.timeout.retry = -1 (default)
2019-09-25 04:12:40,793 [pool-27-thread-1] INFO  server.RaftServerConfigKeys (ConfUtils.java:logGet(43)) - raft.server.log.statemachine.data.caching.enabled = true (custom)
2019-09-25 04:12:40,804 [pool-27-thread-1] INFO  segmented.SegmentedRaftLogWorker (SegmentedRaftLogWorker.java:lambda$new$0(132)) - f5d39e36-3e0f-4a54-a012-e19588cf60a3@group-814FE35BB0F4-SegmentedRaftLogWorker: flushIndex: setUnconditionally 0 -> -1
2019-09-25 04:12:40,811 [pool-27-thread-1] INFO  server.RaftServerConfigKeys (ConfUtils.java:logGet(43)) - raft.server.snapshot.auto.trigger.enabled = true (custom)
2019-09-25 04:12:40,813 [pool-27-thread-1] INFO  server.RaftServerConfigKeys (ConfUtils.java:logGet(43)) - raft.server.snapshot.auto.trigger.threshold = 10000 (custom)
2019-09-25 04:12:40,814 [pool-27-thread-1] INFO  server.RaftServerConfigKeys (ConfUtils.java:logGet(43)) - raft.server.snapshot.retention.num.files = 5 (custom)
2019-09-25 04:12:40,815 [pool-27-thread-1] INFO  server.RaftServerConfigKeys (ConfUtils.java:logGet(43)) - raft.server.retrycache.expirytime = 600000ms (custom)
2019-09-25 04:12:40,853 [pool-27-thread-1] INFO  impl.RaftServerImpl (RaftServerImpl.java:start(185)) - f5d39e36-3e0f-4a54-a012-e19588cf60a3@group-814FE35BB0F4: start as a follower, conf=-1: [f5d39e36-3e0f-4a54-a012-e19588cf60a3:192.168.5.161:38379], old=null
2019-09-25 04:12:40,854 [pool-27-thread-1] INFO  impl.RaftServerImpl (RaftServerImpl.java:setRole(174)) - f5d39e36-3e0f-4a54-a012-e19588cf60a3@group-814FE35BB0F4: changes role from      null to FOLLOWER at term 0 for startAsFollower
2019-09-25 04:12:40,856 [pool-27-thread-1] INFO  impl.RoleInfo (RoleInfo.java:updateAndGet(143)) - f5d39e36-3e0f-4a54-a012-e19588cf60a3: start FollowerState
2019-09-25 04:12:40,858 [pool-27-thread-1] INFO  util.JmxRegister (JmxRegister.java:tryRegister(44)) - Successfully registered JMX Bean with object name Ratis:service=RaftServer,group=group-814FE35BB0F4,id=f5d39e36-3e0f-4a54-a012-e19588cf60a3
2019-09-25 04:12:40,918 [RatisPipelineUtilsThread] INFO  pipeline.PipelineStateManager (PipelineStateManager.java:addPipeline(56)) - Created pipeline Pipeline[ Id: a54f2c9c-f417-4642-8bf2-814fe35bb0f4, Nodes: f5d39e36-3e0f-4a54-a012-e19588cf60a3{ip: 192.168.5.161, host: pr-hdds-1569-zxpks-796972592, networkLocation: /default-rack, certSerialId: null}, Type:RATIS, Factor:ONE, State:OPEN]
2019-09-25 04:12:40,943 [grpc-default-executor-0] INFO  impl.RaftServerProxy (RaftServerProxy.java:addNew(89)) - f5d39e36-3e0f-4a54-a012-e19588cf60a3: addNew group-FA2C67935E9F:[f5d39e36-3e0f-4a54-a012-e19588cf60a3:192.168.5.161:38379] returns group-FA2C67935E9F:java.util.concurrent.CompletableFuture@5006c9ca[Not completed]
2019-09-25 04:12:40,946 [pool-27-thread-1] INFO  impl.RaftServerImpl (RaftServerImpl.java:<init>(95)) - f5d39e36-3e0f-4a54-a012-e19588cf60a3: new RaftServerImpl for group-FA2C67935E9F:[f5d39e36-3e0f-4a54-a012-e19588cf60a3:192.168.5.161:38379] with ContainerStateMachine:uninitialized
2019-09-25 04:12:40,946 [pool-27-thread-1] INFO  server.RaftServerConfigKeys (ConfUtils.java:logGet(43)) - raft.server.rpc.timeout.min = 5s (custom)
2019-09-25 04:12:40,946 [pool-27-thread-1] INFO  server.RaftServerConfigKeys (ConfUtils.java:logGet(43)) - raft.server.rpc.timeout.max = 5200ms (custom)
2019-09-25 04:12:40,947 [pool-27-thread-1] INFO  server.RaftServerConfigKeys (ConfUtils.java:logGet(43)) - raft.server.rpcslowness.timeout = 120s (custom)
2019-09-25 04:12:40,947 [pool-27-thread-1] INFO  server.RaftServerConfigKeys (ConfUtils.java:logGet(43)) - raft.server.sleep.deviation.threshold = 300 (default)
2019-09-25 04:12:40,947 [pool-27-thread-1] INFO  server.RaftServerConfigKeys (ConfUtils.java:logGet(43)) - raft.server.log.appender.install.snapshot.enabled = false (custom)
2019-09-25 04:12:40,947 [pool-27-thread-1] INFO  impl.RaftServerImpl (ServerState.java:<init>(103)) - f5d39e36-3e0f-4a54-a012-e19588cf60a3@group-FA2C67935E9F: ConfigurationManager, init=-1: [f5d39e36-3e0f-4a54-a012-e19588cf60a3:192.168.5.161:38379], old=null, confs=<EMPTY_MAP>
2019-09-25 04:12:40,948 [pool-27-thread-1] INFO  server.RaftServerConfigKeys (ConfUtils.java:logGet(43)) - raft.server.storage.dir = [/workdir/hadoop-ozone/integration-test/target/test-dir/MiniOzoneClusterImpl-d80116af-1168-4dd4-a2cd-efb6e5bdb9d0/datanode-0/data/ratis] (custom)
2019-09-25 04:12:40,948 [pool-27-thread-1] INFO  storage.RaftStorageDirectory (RaftStorageDirectory.java:analyzeStorage(246)) - The storage directory /workdir/hadoop-ozone/integration-test/target/test-dir/MiniOzoneClusterImpl-d80116af-1168-4dd4-a2cd-efb6e5bdb9d0/datanode-0/data/ratis/e740bec6-91c0-438e-abeb-fa2c67935e9f does not exist. Creating ...
2019-09-25 04:12:40,961 [pool-27-thread-1] INFO  storage.RaftStorageDirectory (RaftStorageDirectory.java:tryLock(328)) - Lock on /workdir/hadoop-ozone/integration-test/target/test-dir/MiniOzoneClusterImpl-d80116af-1168-4dd4-a2cd-efb6e5bdb9d0/datanode-0/data/ratis/e740bec6-91c0-438e-abeb-fa2c67935e9f/in_use.lock acquired by nodename 21034@pr-hdds-1569-zxpks-796972592
2019-09-25 04:12:40,982 [pool-27-thread-1] INFO  storage.RaftStorage (RaftStorage.java:format(72)) - Storage directory /workdir/hadoop-ozone/integration-test/target/test-dir/MiniOzoneClusterImpl-d80116af-1168-4dd4-a2cd-efb6e5bdb9d0/datanode-0/data/ratis/e740bec6-91c0-438e-abeb-fa2c67935e9f has been successfully formatted.
2019-09-25 04:12:40,982 [pool-27-thread-1] INFO  ratis.ContainerStateMachine (ContainerStateMachine.java:loadSnapshot(230)) - group-FA2C67935E9F: The snapshot info is null. Setting the last applied indexto:(t:0, i:~)
2019-09-25 04:12:40,983 [pool-27-thread-1] INFO  server.RaftServerConfigKeys (ConfUtils.java:logGet(43)) - raft.server.notification.no-leader.timeout = 120s (custom)
2019-09-25 04:12:40,983 [pool-27-thread-1] INFO  server.RaftServerConfigKeys (ConfUtils.java:logGet(43)) - raft.server.log.use.memory = false (default)
2019-09-25 04:12:40,983 [pool-27-thread-1] INFO  server.RaftServerConfigKeys (ConfUtils.java:logGet(43)) - raft.server.log.purge.gap = 1000000 (custom)
2019-09-25 04:12:40,984 [pool-27-thread-1] INFO  server.RaftServerConfigKeys (ConfUtils.java:logGet(43)) - raft.server.log.appender.buffer.byte-limit = 33554432 (custom)
2019-09-25 04:12:40,984 [pool-27-thread-1] INFO  server.RaftServerConfigKeys (ConfUtils.java:logGet(43)) - raft.server.log.segment.size.max = 1048576 (custom)
2019-09-25 04:12:40,984 [pool-27-thread-1] INFO  server.RaftServerConfigKeys (ConfUtils.java:logGet(43)) - raft.server.log.segment.cache.num.max = 2 (custom)
2019-09-25 04:12:40,984 [pool-27-thread-1] INFO  segmented.SegmentedRaftLogWorker (SegmentedRaftLogWorker.java:<init>(172)) - new f5d39e36-3e0f-4a54-a012-e19588cf60a3@group-FA2C67935E9F-SegmentedRaftLogWorker for RaftStorage:Storage Directory /workdir/hadoop-ozone/integration-test/target/test-dir/MiniOzoneClusterImpl-d80116af-1168-4dd4-a2cd-efb6e5bdb9d0/datanode-0/data/ratis/e740bec6-91c0-438e-abeb-fa2c67935e9f
2019-09-25 04:12:40,985 [pool-27-thread-1] INFO  server.RaftServerConfigKeys (ConfUtils.java:logGet(43)) - raft.server.log.queue.byte-limit = 2147483647 (custom)
2019-09-25 04:12:40,985 [pool-27-thread-1] INFO  server.RaftServerConfigKeys (ConfUtils.java:logGet(43)) - raft.server.log.queue.element-limit = 1024 (custom)
2019-09-25 04:12:40,985 [pool-27-thread-1] INFO  server.RaftServerConfigKeys (ConfUtils.java:logGet(43)) - raft.server.log.segment.size.max = 1048576 (custom)
2019-09-25 04:12:40,986 [pool-27-thread-1] INFO  server.RaftServerConfigKeys (ConfUtils.java:logGet(43)) - raft.server.log.preallocated.size = 16384 (custom)
2019-09-25 04:12:40,986 [pool-27-thread-1] INFO  server.RaftServerConfigKeys (ConfUtils.java:logGet(43)) - raft.server.log.write.buffer.size = 33554432 (custom)
2019-09-25 04:12:40,986 [pool-27-thread-1] INFO  server.RaftServerConfigKeys (ConfUtils.java:logGet(43)) - raft.server.log.force.sync.num = 128 (default)
2019-09-25 04:12:40,986 [pool-27-thread-1] INFO  server.RaftServerConfigKeys (ConfUtils.java:logGet(43)) - raft.server.log.statemachine.data.sync = true (default)
2019-09-25 04:12:40,987 [pool-27-thread-1] INFO  server.RaftServerConfigKeys (ConfUtils.java:logGet(43)) - raft.server.log.statemachine.data.sync.timeout = 10s (default)
2019-09-25 04:12:40,987 [pool-27-thread-1] INFO  server.RaftServerConfigKeys (ConfUtils.java:logGet(43)) - raft.server.log.statemachine.data.sync.timeout.retry = -1 (default)
2019-09-25 04:12:40,987 [pool-27-thread-1] INFO  server.RaftServerConfigKeys (ConfUtils.java:logGet(43)) - raft.server.log.statemachine.data.caching.enabled = true (custom)
2019-09-25 04:12:40,988 [pool-27-thread-1] INFO  segmented.SegmentedRaftLogWorker (SegmentedRaftLogWorker.java:lambda$new$0(132)) - f5d39e36-3e0f-4a54-a012-e19588cf60a3@group-FA2C67935E9F-SegmentedRaftLogWorker: flushIndex: setUnconditionally 0 -> -1
2019-09-25 04:12:40,988 [pool-27-thread-1] INFO  server.RaftServerConfigKeys (ConfUtils.java:logGet(43)) - raft.server.snapshot.auto.trigger.enabled = true (custom)
2019-09-25 04:12:40,988 [pool-27-thread-1] INFO  server.RaftServerConfigKeys (ConfUtils.java:logGet(43)) - raft.server.snapshot.auto.trigger.threshold = 10000 (custom)
2019-09-25 04:12:40,989 [pool-27-thread-1] INFO  server.RaftServerConfigKeys (ConfUtils.java:logGet(43)) - raft.server.snapshot.retention.num.files = 5 (custom)
2019-09-25 04:12:40,989 [pool-27-thread-1] INFO  server.RaftServerConfigKeys (ConfUtils.java:logGet(43)) - raft.server.retrycache.expirytime = 600000ms (custom)
2019-09-25 04:12:40,996 [pool-27-thread-1] INFO  impl.RaftServerImpl (RaftServerImpl.java:start(185)) - f5d39e36-3e0f-4a54-a012-e19588cf60a3@group-FA2C67935E9F: start as a follower, conf=-1: [f5d39e36-3e0f-4a54-a012-e19588cf60a3:192.168.5.161:38379], old=null
2019-09-25 04:12:40,996 [pool-27-thread-1] INFO  impl.RaftServerImpl (RaftServerImpl.java:setRole(174)) - f5d39e36-3e0f-4a54-a012-e19588cf60a3@group-FA2C67935E9F: changes role from      null to FOLLOWER at term 0 for startAsFollower
2019-09-25 04:12:40,996 [pool-27-thread-1] INFO  impl.RoleInfo (RoleInfo.java:updateAndGet(143)) - f5d39e36-3e0f-4a54-a012-e19588cf60a3: start FollowerState
2019-09-25 04:12:40,997 [pool-27-thread-1] INFO  util.JmxRegister (JmxRegister.java:tryRegister(44)) - Successfully registered JMX Bean with object name Ratis:service=RaftServer,group=group-FA2C67935E9F,id=f5d39e36-3e0f-4a54-a012-e19588cf60a3
2019-09-25 04:12:41,009 [RatisPipelineUtilsThread] INFO  pipeline.PipelineStateManager (PipelineStateManager.java:addPipeline(56)) - Created pipeline Pipeline[ Id: e740bec6-91c0-438e-abeb-fa2c67935e9f, Nodes: f5d39e36-3e0f-4a54-a012-e19588cf60a3{ip: 192.168.5.161, host: pr-hdds-1569-zxpks-796972592, networkLocation: /default-rack, certSerialId: null}, Type:RATIS, Factor:ONE, State:OPEN]
2019-09-25 04:12:41,031 [grpc-default-executor-0] INFO  impl.RaftServerProxy (RaftServerProxy.java:addNew(89)) - a5b2edd3-6412-4d16-8923-90c13280c91d: addNew group-4A3ACCDC8F99:[a5b2edd3-6412-4d16-8923-90c13280c91d:192.168.5.161:45131] returns group-4A3ACCDC8F99:java.util.concurrent.CompletableFuture@2c284112[Not completed]
2019-09-25 04:12:41,066 [pool-47-thread-1] INFO  impl.RaftServerImpl (RaftServerImpl.java:<init>(95)) - a5b2edd3-6412-4d16-8923-90c13280c91d: new RaftServerImpl for group-4A3ACCDC8F99:[a5b2edd3-6412-4d16-8923-90c13280c91d:192.168.5.161:45131] with ContainerStateMachine:uninitialized
2019-09-25 04:12:41,068 [pool-47-thread-1] INFO  server.RaftServerConfigKeys (ConfUtils.java:logGet(43)) - raft.server.rpc.timeout.min = 5s (custom)
2019-09-25 04:12:41,068 [pool-47-thread-1] INFO  server.RaftServerConfigKeys (ConfUtils.java:logGet(43)) - raft.server.rpc.timeout.max = 5200ms (custom)
2019-09-25 04:12:41,068 [pool-47-thread-1] INFO  server.RaftServerConfigKeys (ConfUtils.java:logGet(43)) - raft.server.rpcslowness.timeout = 120s (custom)
2019-09-25 04:12:41,069 [pool-47-thread-1] INFO  server.RaftServerConfigKeys (ConfUtils.java:logGet(43)) - raft.server.sleep.deviation.threshold = 300 (default)
2019-09-25 04:12:41,069 [pool-47-thread-1] INFO  server.RaftServerConfigKeys (ConfUtils.java:logGet(43)) - raft.server.log.appender.install.snapshot.enabled = false (custom)
2019-09-25 04:12:41,069 [pool-47-thread-1] INFO  impl.RaftServerImpl (ServerState.java:<init>(103)) - a5b2edd3-6412-4d16-8923-90c13280c91d@group-4A3ACCDC8F99: ConfigurationManager, init=-1: [a5b2edd3-6412-4d16-8923-90c13280c91d:192.168.5.161:45131], old=null, confs=<EMPTY_MAP>
2019-09-25 04:12:41,069 [pool-47-thread-1] INFO  server.RaftServerConfigKeys (ConfUtils.java:logGet(43)) - raft.server.storage.dir = [/workdir/hadoop-ozone/integration-test/target/test-dir/MiniOzoneClusterImpl-d80116af-1168-4dd4-a2cd-efb6e5bdb9d0/datanode-2/data/ratis] (custom)
2019-09-25 04:12:41,070 [pool-47-thread-1] INFO  storage.RaftStorageDirectory (RaftStorageDirectory.java:analyzeStorage(246)) - The storage directory /workdir/hadoop-ozone/integration-test/target/test-dir/MiniOzoneClusterImpl-d80116af-1168-4dd4-a2cd-efb6e5bdb9d0/datanode-2/data/ratis/590b78f0-1eb4-4ccb-87ba-4a3accdc8f99 does not exist. Creating ...
2019-09-25 04:12:41,084 [pool-47-thread-1] INFO  storage.RaftStorageDirectory (RaftStorageDirectory.java:tryLock(328)) - Lock on /workdir/hadoop-ozone/integration-test/target/test-dir/MiniOzoneClusterImpl-d80116af-1168-4dd4-a2cd-efb6e5bdb9d0/datanode-2/data/ratis/590b78f0-1eb4-4ccb-87ba-4a3accdc8f99/in_use.lock acquired by nodename 21034@pr-hdds-1569-zxpks-796972592
2019-09-25 04:12:41,098 [pool-47-thread-1] INFO  storage.RaftStorage (RaftStorage.java:format(72)) - Storage directory /workdir/hadoop-ozone/integration-test/target/test-dir/MiniOzoneClusterImpl-d80116af-1168-4dd4-a2cd-efb6e5bdb9d0/datanode-2/data/ratis/590b78f0-1eb4-4ccb-87ba-4a3accdc8f99 has been successfully formatted.
2019-09-25 04:12:41,099 [pool-47-thread-1] INFO  ratis.ContainerStateMachine (ContainerStateMachine.java:loadSnapshot(230)) - group-4A3ACCDC8F99: The snapshot info is null. Setting the last applied indexto:(t:0, i:~)
2019-09-25 04:12:41,100 [pool-47-thread-1] INFO  server.RaftServerConfigKeys (ConfUtils.java:logGet(43)) - raft.server.notification.no-leader.timeout = 120s (custom)
2019-09-25 04:12:41,100 [pool-47-thread-1] INFO  server.RaftServerConfigKeys (ConfUtils.java:logGet(43)) - raft.server.log.use.memory = false (default)
2019-09-25 04:12:41,101 [pool-47-thread-1] INFO  server.RaftServerConfigKeys (ConfUtils.java:logGet(43)) - raft.server.log.purge.gap = 1000000 (custom)
2019-09-25 04:12:41,101 [pool-47-thread-1] INFO  server.RaftServerConfigKeys (ConfUtils.java:logGet(43)) - raft.server.log.appender.buffer.byte-limit = 33554432 (custom)
2019-09-25 04:12:41,101 [pool-47-thread-1] INFO  server.RaftServerConfigKeys (ConfUtils.java:logGet(43)) - raft.server.log.segment.size.max = 1048576 (custom)
2019-09-25 04:12:41,101 [pool-47-thread-1] INFO  server.RaftServerConfigKeys (ConfUtils.java:logGet(43)) - raft.server.log.segment.cache.num.max = 2 (custom)
2019-09-25 04:12:41,102 [pool-47-thread-1] INFO  segmented.SegmentedRaftLogWorker (SegmentedRaftLogWorker.java:<init>(172)) - new a5b2edd3-6412-4d16-8923-90c13280c91d@group-4A3ACCDC8F99-SegmentedRaftLogWorker for RaftStorage:Storage Directory /workdir/hadoop-ozone/integration-test/target/test-dir/MiniOzoneClusterImpl-d80116af-1168-4dd4-a2cd-efb6e5bdb9d0/datanode-2/data/ratis/590b78f0-1eb4-4ccb-87ba-4a3accdc8f99
2019-09-25 04:12:41,109 [pool-47-thread-1] INFO  server.RaftServerConfigKeys (ConfUtils.java:logGet(43)) - raft.server.log.queue.byte-limit = 2147483647 (custom)
2019-09-25 04:12:41,109 [pool-47-thread-1] INFO  server.RaftServerConfigKeys (ConfUtils.java:logGet(43)) - raft.server.log.queue.element-limit = 1024 (custom)
2019-09-25 04:12:41,110 [pool-47-thread-1] INFO  server.RaftServerConfigKeys (ConfUtils.java:logGet(43)) - raft.server.log.segment.size.max = 1048576 (custom)
2019-09-25 04:12:41,110 [pool-47-thread-1] INFO  server.RaftServerConfigKeys (ConfUtils.java:logGet(43)) - raft.server.log.preallocated.size = 16384 (custom)
2019-09-25 04:12:41,110 [pool-47-thread-1] INFO  server.RaftServerConfigKeys (ConfUtils.java:logGet(43)) - raft.server.log.write.buffer.size = 33554432 (custom)
2019-09-25 04:12:41,110 [pool-47-thread-1] INFO  server.RaftServerConfigKeys (ConfUtils.java:logGet(43)) - raft.server.log.force.sync.num = 128 (default)
2019-09-25 04:12:41,110 [pool-47-thread-1] INFO  server.RaftServerConfigKeys (ConfUtils.java:logGet(43)) - raft.server.log.statemachine.data.sync = true (default)
2019-09-25 04:12:41,111 [pool-47-thread-1] INFO  server.RaftServerConfigKeys (ConfUtils.java:logGet(43)) - raft.server.log.statemachine.data.sync.timeout = 10s (default)
2019-09-25 04:12:41,111 [pool-47-thread-1] INFO  server.RaftServerConfigKeys (ConfUtils.java:logGet(43)) - raft.server.log.statemachine.data.sync.timeout.retry = -1 (default)
2019-09-25 04:12:41,111 [pool-47-thread-1] INFO  server.RaftServerConfigKeys (ConfUtils.java:logGet(43)) - raft.server.log.statemachine.data.caching.enabled = true (custom)
2019-09-25 04:12:41,112 [pool-47-thread-1] INFO  segmented.SegmentedRaftLogWorker (SegmentedRaftLogWorker.java:lambda$new$0(132)) - a5b2edd3-6412-4d16-8923-90c13280c91d@group-4A3ACCDC8F99-SegmentedRaftLogWorker: flushIndex: setUnconditionally 0 -> -1
2019-09-25 04:12:41,112 [pool-47-thread-1] INFO  server.RaftServerConfigKeys (ConfUtils.java:logGet(43)) - raft.server.snapshot.auto.trigger.enabled = true (custom)
2019-09-25 04:12:41,113 [pool-47-thread-1] INFO  server.RaftServerConfigKeys (ConfUtils.java:logGet(43)) - raft.server.snapshot.auto.trigger.threshold = 10000 (custom)
2019-09-25 04:12:41,113 [pool-47-thread-1] INFO  server.RaftServerConfigKeys (ConfUtils.java:logGet(43)) - raft.server.snapshot.retention.num.files = 5 (custom)
2019-09-25 04:12:41,113 [pool-47-thread-1] INFO  server.RaftServerConfigKeys (ConfUtils.java:logGet(43)) - raft.server.retrycache.expirytime = 600000ms (custom)
2019-09-25 04:12:41,119 [pool-47-thread-1] INFO  impl.RaftServerImpl (RaftServerImpl.java:start(185)) - a5b2edd3-6412-4d16-8923-90c13280c91d@group-4A3ACCDC8F99: start as a follower, conf=-1: [a5b2edd3-6412-4d16-8923-90c13280c91d:192.168.5.161:45131], old=null
2019-09-25 04:12:41,119 [pool-47-thread-1] INFO  impl.RaftServerImpl (RaftServerImpl.java:setRole(174)) - a5b2edd3-6412-4d16-8923-90c13280c91d@group-4A3ACCDC8F99: changes role from      null to FOLLOWER at term 0 for startAsFollower
2019-09-25 04:12:41,120 [pool-47-thread-1] INFO  impl.RoleInfo (RoleInfo.java:updateAndGet(143)) - a5b2edd3-6412-4d16-8923-90c13280c91d: start FollowerState
2019-09-25 04:12:41,121 [pool-47-thread-1] INFO  util.JmxRegister (JmxRegister.java:tryRegister(44)) - Successfully registered JMX Bean with object name Ratis:service=RaftServer,group=group-4A3ACCDC8F99,id=a5b2edd3-6412-4d16-8923-90c13280c91d
2019-09-25 04:12:41,132 [RatisPipelineUtilsThread] INFO  pipeline.PipelineStateManager (PipelineStateManager.java:addPipeline(56)) - Created pipeline Pipeline[ Id: 590b78f0-1eb4-4ccb-87ba-4a3accdc8f99, Nodes: a5b2edd3-6412-4d16-8923-90c13280c91d{ip: 192.168.5.161, host: pr-hdds-1569-zxpks-796972592, networkLocation: /default-rack, certSerialId: null}, Type:RATIS, Factor:ONE, State:OPEN]
2019-09-25 04:12:41,154 [grpc-default-executor-0] INFO  impl.RaftServerProxy (RaftServerProxy.java:addNew(89)) - 49f3ee78-dcf2-4a6b-9b4e-1405d1c251a9: addNew group-396228EDF1D1:[49f3ee78-dcf2-4a6b-9b4e-1405d1c251a9:192.168.5.161:34907] returns group-396228EDF1D1:java.util.concurrent.CompletableFuture@395d0cd1[Not completed]
2019-09-25 04:12:41,169 [main] INFO  ozone.MiniOzoneClusterImpl (MiniOzoneClusterImpl.java:lambda$waitForClusterToBeReady$0(147)) - Cluster is ready. Got 3 of 3 DN Heartbeats.
2019-09-25 04:12:41,170 [pool-37-thread-1] INFO  impl.RaftServerImpl (RaftServerImpl.java:<init>(95)) - 49f3ee78-dcf2-4a6b-9b4e-1405d1c251a9: new RaftServerImpl for group-396228EDF1D1:[49f3ee78-dcf2-4a6b-9b4e-1405d1c251a9:192.168.5.161:34907] with ContainerStateMachine:uninitialized
2019-09-25 04:12:41,171 [pool-37-thread-1] INFO  server.RaftServerConfigKeys (ConfUtils.java:logGet(43)) - raft.server.rpc.timeout.min = 5s (custom)
2019-09-25 04:12:41,171 [pool-37-thread-1] INFO  server.RaftServerConfigKeys (ConfUtils.java:logGet(43)) - raft.server.rpc.timeout.max = 5200ms (custom)
2019-09-25 04:12:41,171 [pool-37-thread-1] INFO  server.RaftServerConfigKeys (ConfUtils.java:logGet(43)) - raft.server.rpcslowness.timeout = 120s (custom)
2019-09-25 04:12:41,172 [pool-37-thread-1] INFO  server.RaftServerConfigKeys (ConfUtils.java:logGet(43)) - raft.server.sleep.deviation.threshold = 300 (default)
2019-09-25 04:12:41,172 [pool-37-thread-1] INFO  server.RaftServerConfigKeys (ConfUtils.java:logGet(43)) - raft.server.log.appender.install.snapshot.enabled = false (custom)
2019-09-25 04:12:41,172 [pool-37-thread-1] INFO  impl.RaftServerImpl (ServerState.java:<init>(103)) - 49f3ee78-dcf2-4a6b-9b4e-1405d1c251a9@group-396228EDF1D1: ConfigurationManager, init=-1: [49f3ee78-dcf2-4a6b-9b4e-1405d1c251a9:192.168.5.161:34907], old=null, confs=<EMPTY_MAP>
2019-09-25 04:12:41,172 [pool-37-thread-1] INFO  server.RaftServerConfigKeys (ConfUtils.java:logGet(43)) - raft.server.storage.dir = [/workdir/hadoop-ozone/integration-test/target/test-dir/MiniOzoneClusterImpl-d80116af-1168-4dd4-a2cd-efb6e5bdb9d0/datanode-1/data/ratis] (custom)
2019-09-25 04:12:41,173 [pool-37-thread-1] INFO  storage.RaftStorageDirectory (RaftStorageDirectory.java:analyzeStorage(246)) - The storage directory /workdir/hadoop-ozone/integration-test/target/test-dir/MiniOzoneClusterImpl-d80116af-1168-4dd4-a2cd-efb6e5bdb9d0/datanode-1/data/ratis/e054f215-f212-435b-87f3-396228edf1d1 does not exist. Creating ...
2019-09-25 04:12:41,186 [pool-37-thread-1] INFO  storage.RaftStorageDirectory (RaftStorageDirectory.java:tryLock(328)) - Lock on /workdir/hadoop-ozone/integration-test/target/test-dir/MiniOzoneClusterImpl-d80116af-1168-4dd4-a2cd-efb6e5bdb9d0/datanode-1/data/ratis/e054f215-f212-435b-87f3-396228edf1d1/in_use.lock acquired by nodename 21034@pr-hdds-1569-zxpks-796972592
2019-09-25 04:12:41,200 [pool-37-thread-1] INFO  storage.RaftStorage (RaftStorage.java:format(72)) - Storage directory /workdir/hadoop-ozone/integration-test/target/test-dir/MiniOzoneClusterImpl-d80116af-1168-4dd4-a2cd-efb6e5bdb9d0/datanode-1/data/ratis/e054f215-f212-435b-87f3-396228edf1d1 has been successfully formatted.
2019-09-25 04:12:41,200 [pool-37-thread-1] INFO  ratis.ContainerStateMachine (ContainerStateMachine.java:loadSnapshot(230)) - group-396228EDF1D1: The snapshot info is null. Setting the last applied indexto:(t:0, i:~)
2019-09-25 04:12:41,200 [pool-37-thread-1] INFO  server.RaftServerConfigKeys (ConfUtils.java:logGet(43)) - raft.server.notification.no-leader.timeout = 120s (custom)
2019-09-25 04:12:41,201 [pool-37-thread-1] INFO  server.RaftServerConfigKeys (ConfUtils.java:logGet(43)) - raft.server.log.use.memory = false (default)
2019-09-25 04:12:41,201 [pool-37-thread-1] INFO  server.RaftServerConfigKeys (ConfUtils.java:logGet(43)) - raft.server.log.purge.gap = 1000000 (custom)
2019-09-25 04:12:41,201 [pool-37-thread-1] INFO  server.RaftServerConfigKeys (ConfUtils.java:logGet(43)) - raft.server.log.appender.buffer.byte-limit = 33554432 (custom)
2019-09-25 04:12:41,202 [pool-37-thread-1] INFO  server.RaftServerConfigKeys (ConfUtils.java:logGet(43)) - raft.server.log.segment.size.max = 1048576 (custom)
2019-09-25 04:12:41,202 [pool-37-thread-1] INFO  server.RaftServerConfigKeys (ConfUtils.java:logGet(43)) - raft.server.log.segment.cache.num.max = 2 (custom)
2019-09-25 04:12:41,202 [pool-37-thread-1] INFO  segmented.SegmentedRaftLogWorker (SegmentedRaftLogWorker.java:<init>(172)) - new 49f3ee78-dcf2-4a6b-9b4e-1405d1c251a9@group-396228EDF1D1-SegmentedRaftLogWorker for RaftStorage:Storage Directory /workdir/hadoop-ozone/integration-test/target/test-dir/MiniOzoneClusterImpl-d80116af-1168-4dd4-a2cd-efb6e5bdb9d0/datanode-1/data/ratis/e054f215-f212-435b-87f3-396228edf1d1
2019-09-25 04:12:41,223 [pool-37-thread-1] INFO  server.RaftServerConfigKeys (ConfUtils.java:logGet(43)) - raft.server.log.queue.byte-limit = 2147483647 (custom)
2019-09-25 04:12:41,223 [pool-37-thread-1] INFO  server.RaftServerConfigKeys (ConfUtils.java:logGet(43)) - raft.server.log.queue.element-limit = 1024 (custom)
2019-09-25 04:12:41,224 [pool-37-thread-1] INFO  server.RaftServerConfigKeys (ConfUtils.java:logGet(43)) - raft.server.log.segment.size.max = 1048576 (custom)
2019-09-25 04:12:41,224 [pool-37-thread-1] INFO  server.RaftServerConfigKeys (ConfUtils.java:logGet(43)) - raft.server.log.preallocated.size = 16384 (custom)
2019-09-25 04:12:41,224 [pool-37-thread-1] INFO  server.RaftServerConfigKeys (ConfUtils.java:logGet(43)) - raft.server.log.write.buffer.size = 33554432 (custom)
2019-09-25 04:12:41,224 [pool-37-thread-1] INFO  server.RaftServerConfigKeys (ConfUtils.java:logGet(43)) - raft.server.log.force.sync.num = 128 (default)
2019-09-25 04:12:41,225 [pool-37-thread-1] INFO  server.RaftServerConfigKeys (ConfUtils.java:logGet(43)) - raft.server.log.statemachine.data.sync = true (default)
2019-09-25 04:12:41,225 [pool-37-thread-1] INFO  server.RaftServerConfigKeys (ConfUtils.java:logGet(43)) - raft.server.log.statemachine.data.sync.timeout = 10s (default)
2019-09-25 04:12:41,225 [pool-37-thread-1] INFO  server.RaftServerConfigKeys (ConfUtils.java:logGet(43)) - raft.server.log.statemachine.data.sync.timeout.retry = -1 (default)
2019-09-25 04:12:41,225 [pool-37-thread-1] INFO  server.RaftServerConfigKeys (ConfUtils.java:logGet(43)) - raft.server.log.statemachine.data.caching.enabled = true (custom)
2019-09-25 04:12:41,226 [pool-37-thread-1] INFO  segmented.SegmentedRaftLogWorker (SegmentedRaftLogWorker.java:lambda$new$0(132)) - 49f3ee78-dcf2-4a6b-9b4e-1405d1c251a9@group-396228EDF1D1-SegmentedRaftLogWorker: flushIndex: setUnconditionally 0 -> -1
2019-09-25 04:12:41,226 [pool-37-thread-1] INFO  server.RaftServerConfigKeys (ConfUtils.java:logGet(43)) - raft.server.snapshot.auto.trigger.enabled = true (custom)
2019-09-25 04:12:41,226 [pool-37-thread-1] INFO  server.RaftServerConfigKeys (ConfUtils.java:logGet(43)) - raft.server.snapshot.auto.trigger.threshold = 10000 (custom)
2019-09-25 04:12:41,227 [pool-37-thread-1] INFO  server.RaftServerConfigKeys (ConfUtils.java:logGet(43)) - raft.server.snapshot.retention.num.files = 5 (custom)
2019-09-25 04:12:41,227 [pool-37-thread-1] INFO  server.RaftServerConfigKeys (ConfUtils.java:logGet(43)) - raft.server.retrycache.expirytime = 600000ms (custom)
2019-09-25 04:12:41,232 [pool-37-thread-1] INFO  impl.RaftServerImpl (RaftServerImpl.java:start(185)) - 49f3ee78-dcf2-4a6b-9b4e-1405d1c251a9@group-396228EDF1D1: start as a follower, conf=-1: [49f3ee78-dcf2-4a6b-9b4e-1405d1c251a9:192.168.5.161:34907], old=null
2019-09-25 04:12:41,233 [pool-37-thread-1] INFO  impl.RaftServerImpl (RaftServerImpl.java:setRole(174)) - 49f3ee78-dcf2-4a6b-9b4e-1405d1c251a9@group-396228EDF1D1: changes role from      null to FOLLOWER at term 0 for startAsFollower
2019-09-25 04:12:41,233 [pool-37-thread-1] INFO  impl.RoleInfo (RoleInfo.java:updateAndGet(143)) - 49f3ee78-dcf2-4a6b-9b4e-1405d1c251a9: start FollowerState
2019-09-25 04:12:41,233 [pool-37-thread-1] INFO  util.JmxRegister (JmxRegister.java:tryRegister(44)) - Successfully registered JMX Bean with object name Ratis:service=RaftServer,group=group-396228EDF1D1,id=49f3ee78-dcf2-4a6b-9b4e-1405d1c251a9
2019-09-25 04:12:41,245 [RatisPipelineUtilsThread] INFO  pipeline.PipelineStateManager (PipelineStateManager.java:addPipeline(56)) - Created pipeline Pipeline[ Id: e054f215-f212-435b-87f3-396228edf1d1, Nodes: 49f3ee78-dcf2-4a6b-9b4e-1405d1c251a9{ip: 192.168.5.161, host: pr-hdds-1569-zxpks-796972592, networkLocation: /default-rack, certSerialId: null}, Type:RATIS, Factor:ONE, State:OPEN]
2019-09-25 04:12:41,260 [grpc-default-executor-0] INFO  impl.RaftServerProxy (RaftServerProxy.java:addNew(89)) - 49f3ee78-dcf2-4a6b-9b4e-1405d1c251a9: addNew group-6EC198B32BEB:[49f3ee78-dcf2-4a6b-9b4e-1405d1c251a9:192.168.5.161:34907] returns group-6EC198B32BEB:java.util.concurrent.CompletableFuture@29456daa[Not completed]
2019-09-25 04:12:41,262 [pool-37-thread-1] INFO  impl.RaftServerImpl (RaftServerImpl.java:<init>(95)) - 49f3ee78-dcf2-4a6b-9b4e-1405d1c251a9: new RaftServerImpl for group-6EC198B32BEB:[49f3ee78-dcf2-4a6b-9b4e-1405d1c251a9:192.168.5.161:34907] with ContainerStateMachine:uninitialized
2019-09-25 04:12:41,262 [pool-37-thread-1] INFO  server.RaftServerConfigKeys (ConfUtils.java:logGet(43)) - raft.server.rpc.timeout.min = 5s (custom)
2019-09-25 04:12:41,263 [pool-37-thread-1] INFO  server.RaftServerConfigKeys (ConfUtils.java:logGet(43)) - raft.server.rpc.timeout.max = 5200ms (custom)
2019-09-25 04:12:41,263 [pool-37-thread-1] INFO  server.RaftServerConfigKeys (ConfUtils.java:logGet(43)) - raft.server.rpcslowness.timeout = 120s (custom)
2019-09-25 04:12:41,263 [pool-37-thread-1] INFO  server.RaftServerConfigKeys (ConfUtils.java:logGet(43)) - raft.server.sleep.deviation.threshold = 300 (default)
2019-09-25 04:12:41,263 [pool-37-thread-1] INFO  server.RaftServerConfigKeys (ConfUtils.java:logGet(43)) - raft.server.log.appender.install.snapshot.enabled = false (custom)
2019-09-25 04:12:41,263 [pool-37-thread-1] INFO  impl.RaftServerImpl (ServerState.java:<init>(103)) - 49f3ee78-dcf2-4a6b-9b4e-1405d1c251a9@group-6EC198B32BEB: ConfigurationManager, init=-1: [49f3ee78-dcf2-4a6b-9b4e-1405d1c251a9:192.168.5.161:34907], old=null, confs=<EMPTY_MAP>
2019-09-25 04:12:41,264 [pool-37-thread-1] INFO  server.RaftServerConfigKeys (ConfUtils.java:logGet(43)) - raft.server.storage.dir = [/workdir/hadoop-ozone/integration-test/target/test-dir/MiniOzoneClusterImpl-d80116af-1168-4dd4-a2cd-efb6e5bdb9d0/datanode-1/data/ratis] (custom)
2019-09-25 04:12:41,264 [pool-37-thread-1] INFO  storage.RaftStorageDirectory (RaftStorageDirectory.java:analyzeStorage(246)) - The storage directory /workdir/hadoop-ozone/integration-test/target/test-dir/MiniOzoneClusterImpl-d80116af-1168-4dd4-a2cd-efb6e5bdb9d0/datanode-1/data/ratis/8e829397-de8f-4fb5-b148-6ec198b32beb does not exist. Creating ...
2019-09-25 04:12:41,278 [pool-37-thread-1] INFO  storage.RaftStorageDirectory (RaftStorageDirectory.java:tryLock(328)) - Lock on /workdir/hadoop-ozone/integration-test/target/test-dir/MiniOzoneClusterImpl-d80116af-1168-4dd4-a2cd-efb6e5bdb9d0/datanode-1/data/ratis/8e829397-de8f-4fb5-b148-6ec198b32beb/in_use.lock acquired by nodename 21034@pr-hdds-1569-zxpks-796972592
2019-09-25 04:12:41,291 [pool-37-thread-1] INFO  storage.RaftStorage (RaftStorage.java:format(72)) - Storage directory /workdir/hadoop-ozone/integration-test/target/test-dir/MiniOzoneClusterImpl-d80116af-1168-4dd4-a2cd-efb6e5bdb9d0/datanode-1/data/ratis/8e829397-de8f-4fb5-b148-6ec198b32beb has been successfully formatted.
2019-09-25 04:12:41,291 [pool-37-thread-1] INFO  ratis.ContainerStateMachine (ContainerStateMachine.java:loadSnapshot(230)) - group-6EC198B32BEB: The snapshot info is null. Setting the last applied indexto:(t:0, i:~)
2019-09-25 04:12:41,292 [pool-37-thread-1] INFO  server.RaftServerConfigKeys (ConfUtils.java:logGet(43)) - raft.server.notification.no-leader.timeout = 120s (custom)
2019-09-25 04:12:41,292 [pool-37-thread-1] INFO  server.RaftServerConfigKeys (ConfUtils.java:logGet(43)) - raft.server.log.use.memory = false (default)
2019-09-25 04:12:41,292 [pool-37-thread-1] INFO  server.RaftServerConfigKeys (ConfUtils.java:logGet(43)) - raft.server.log.purge.gap = 1000000 (custom)
2019-09-25 04:12:41,292 [pool-37-thread-1] INFO  server.RaftServerConfigKeys (ConfUtils.java:logGet(43)) - raft.server.log.appender.buffer.byte-limit = 33554432 (custom)
2019-09-25 04:12:41,292 [pool-37-thread-1] INFO  server.RaftServerConfigKeys (ConfUtils.java:logGet(43)) - raft.server.log.segment.size.max = 1048576 (custom)
2019-09-25 04:12:41,292 [pool-37-thread-1] INFO  server.RaftServerConfigKeys (ConfUtils.java:logGet(43)) - raft.server.log.segment.cache.num.max = 2 (custom)
2019-09-25 04:12:41,292 [pool-37-thread-1] INFO  segmented.SegmentedRaftLogWorker (SegmentedRaftLogWorker.java:<init>(172)) - new 49f3ee78-dcf2-4a6b-9b4e-1405d1c251a9@group-6EC198B32BEB-SegmentedRaftLogWorker for RaftStorage:Storage Directory /workdir/hadoop-ozone/integration-test/target/test-dir/MiniOzoneClusterImpl-d80116af-1168-4dd4-a2cd-efb6e5bdb9d0/datanode-1/data/ratis/8e829397-de8f-4fb5-b148-6ec198b32beb
2019-09-25 04:12:41,293 [pool-37-thread-1] INFO  server.RaftServerConfigKeys (ConfUtils.java:logGet(43)) - raft.server.log.queue.byte-limit = 2147483647 (custom)
2019-09-25 04:12:41,293 [pool-37-thread-1] INFO  server.RaftServerConfigKeys (ConfUtils.java:logGet(43)) - raft.server.log.queue.element-limit = 1024 (custom)
2019-09-25 04:12:41,293 [pool-37-thread-1] INFO  server.RaftServerConfigKeys (ConfUtils.java:logGet(43)) - raft.server.log.segment.size.max = 1048576 (custom)
2019-09-25 04:12:41,293 [pool-37-thread-1] INFO  server.RaftServerConfigKeys (ConfUtils.java:logGet(43)) - raft.server.log.preallocated.size = 16384 (custom)
2019-09-25 04:12:41,293 [pool-37-thread-1] INFO  server.RaftServerConfigKeys (ConfUtils.java:logGet(43)) - raft.server.log.write.buffer.size = 33554432 (custom)
2019-09-25 04:12:41,293 [pool-37-thread-1] INFO  server.RaftServerConfigKeys (ConfUtils.java:logGet(43)) - raft.server.log.force.sync.num = 128 (default)
2019-09-25 04:12:41,294 [pool-37-thread-1] INFO  server.RaftServerConfigKeys (ConfUtils.java:logGet(43)) - raft.server.log.statemachine.data.sync = true (default)
2019-09-25 04:12:41,294 [pool-37-thread-1] INFO  server.RaftServerConfigKeys (ConfUtils.java:logGet(43)) - raft.server.log.statemachine.data.sync.timeout = 10s (default)
2019-09-25 04:12:41,294 [pool-37-thread-1] INFO  server.RaftServerConfigKeys (ConfUtils.java:logGet(43)) - raft.server.log.statemachine.data.sync.timeout.retry = -1 (default)
2019-09-25 04:12:41,294 [pool-37-thread-1] INFO  server.RaftServerConfigKeys (ConfUtils.java:logGet(43)) - raft.server.log.statemachine.data.caching.enabled = true (custom)
2019-09-25 04:12:41,295 [pool-37-thread-1] INFO  segmented.SegmentedRaftLogWorker (SegmentedRaftLogWorker.java:lambda$new$0(132)) - 49f3ee78-dcf2-4a6b-9b4e-1405d1c251a9@group-6EC198B32BEB-SegmentedRaftLogWorker: flushIndex: setUnconditionally 0 -> -1
2019-09-25 04:12:41,295 [pool-37-thread-1] INFO  server.RaftServerConfigKeys (ConfUtils.java:logGet(43)) - raft.server.snapshot.auto.trigger.enabled = true (custom)
2019-09-25 04:12:41,295 [pool-37-thread-1] INFO  server.RaftServerConfigKeys (ConfUtils.java:logGet(43)) - raft.server.snapshot.auto.trigger.threshold = 10000 (custom)
2019-09-25 04:12:41,295 [pool-37-thread-1] INFO  server.RaftServerConfigKeys (ConfUtils.java:logGet(43)) - raft.server.snapshot.retention.num.files = 5 (custom)
2019-09-25 04:12:41,295 [pool-37-thread-1] INFO  server.RaftServerConfigKeys (ConfUtils.java:logGet(43)) - raft.server.retrycache.expirytime = 600000ms (custom)
2019-09-25 04:12:41,300 [pool-37-thread-1] INFO  impl.RaftServerImpl (RaftServerImpl.java:start(185)) - 49f3ee78-dcf2-4a6b-9b4e-1405d1c251a9@group-6EC198B32BEB: start as a follower, conf=-1: [49f3ee78-dcf2-4a6b-9b4e-1405d1c251a9:192.168.5.161:34907], old=null
2019-09-25 04:12:41,300 [pool-37-thread-1] INFO  impl.RaftServerImpl (RaftServerImpl.java:setRole(174)) - 49f3ee78-dcf2-4a6b-9b4e-1405d1c251a9@group-6EC198B32BEB: changes role from      null to FOLLOWER at term 0 for startAsFollower
2019-09-25 04:12:41,300 [pool-37-thread-1] INFO  impl.RoleInfo (RoleInfo.java:updateAndGet(143)) - 49f3ee78-dcf2-4a6b-9b4e-1405d1c251a9: start FollowerState
2019-09-25 04:12:41,300 [pool-37-thread-1] INFO  util.JmxRegister (JmxRegister.java:tryRegister(44)) - Successfully registered JMX Bean with object name Ratis:service=RaftServer,group=group-6EC198B32BEB,id=49f3ee78-dcf2-4a6b-9b4e-1405d1c251a9
2019-09-25 04:12:41,315 [RatisPipelineUtilsThread] INFO  pipeline.PipelineStateManager (PipelineStateManager.java:addPipeline(56)) - Created pipeline Pipeline[ Id: 8e829397-de8f-4fb5-b148-6ec198b32beb, Nodes: 49f3ee78-dcf2-4a6b-9b4e-1405d1c251a9{ip: 192.168.5.161, host: pr-hdds-1569-zxpks-796972592, networkLocation: /default-rack, certSerialId: null}, Type:RATIS, Factor:ONE, State:OPEN]
2019-09-25 04:12:41,333 [grpc-default-executor-0] INFO  impl.RaftServerProxy (RaftServerProxy.java:addNew(89)) - f5d39e36-3e0f-4a54-a012-e19588cf60a3: addNew group-3D2D7C8075FD:[f5d39e36-3e0f-4a54-a012-e19588cf60a3:192.168.5.161:38379] returns group-3D2D7C8075FD:java.util.concurrent.CompletableFuture@2022b4b9[Not completed]
2019-09-25 04:12:41,335 [pool-27-thread-1] INFO  impl.RaftServerImpl (RaftServerImpl.java:<init>(95)) - f5d39e36-3e0f-4a54-a012-e19588cf60a3: new RaftServerImpl for group-3D2D7C8075FD:[f5d39e36-3e0f-4a54-a012-e19588cf60a3:192.168.5.161:38379] with ContainerStateMachine:uninitialized
2019-09-25 04:12:41,336 [pool-27-thread-1] INFO  server.RaftServerConfigKeys (ConfUtils.java:logGet(43)) - raft.server.rpc.timeout.min = 5s (custom)
2019-09-25 04:12:41,336 [pool-27-thread-1] INFO  server.RaftServerConfigKeys (ConfUtils.java:logGet(43)) - raft.server.rpc.timeout.max = 5200ms (custom)
2019-09-25 04:12:41,336 [pool-27-thread-1] INFO  server.RaftServerConfigKeys (ConfUtils.java:logGet(43)) - raft.server.rpcslowness.timeout = 120s (custom)
2019-09-25 04:12:41,336 [pool-27-thread-1] INFO  server.RaftServerConfigKeys (ConfUtils.java:logGet(43)) - raft.server.sleep.deviation.threshold = 300 (default)
2019-09-25 04:12:41,336 [pool-27-thread-1] INFO  server.RaftServerConfigKeys (ConfUtils.java:logGet(43)) - raft.server.log.appender.install.snapshot.enabled = false (custom)
2019-09-25 04:12:41,337 [pool-27-thread-1] INFO  impl.RaftServerImpl (ServerState.java:<init>(103)) - f5d39e36-3e0f-4a54-a012-e19588cf60a3@group-3D2D7C8075FD: ConfigurationManager, init=-1: [f5d39e36-3e0f-4a54-a012-e19588cf60a3:192.168.5.161:38379], old=null, confs=<EMPTY_MAP>
2019-09-25 04:12:41,337 [pool-27-thread-1] INFO  server.RaftServerConfigKeys (ConfUtils.java:logGet(43)) - raft.server.storage.dir = [/workdir/hadoop-ozone/integration-test/target/test-dir/MiniOzoneClusterImpl-d80116af-1168-4dd4-a2cd-efb6e5bdb9d0/datanode-0/data/ratis] (custom)
2019-09-25 04:12:41,337 [pool-27-thread-1] INFO  storage.RaftStorageDirectory (RaftStorageDirectory.java:analyzeStorage(246)) - The storage directory /workdir/hadoop-ozone/integration-test/target/test-dir/MiniOzoneClusterImpl-d80116af-1168-4dd4-a2cd-efb6e5bdb9d0/datanode-0/data/ratis/722e4d8e-6c6e-4151-a0bb-3d2d7c8075fd does not exist. Creating ...
2019-09-25 04:12:41,350 [pool-27-thread-1] INFO  storage.RaftStorageDirectory (RaftStorageDirectory.java:tryLock(328)) - Lock on /workdir/hadoop-ozone/integration-test/target/test-dir/MiniOzoneClusterImpl-d80116af-1168-4dd4-a2cd-efb6e5bdb9d0/datanode-0/data/ratis/722e4d8e-6c6e-4151-a0bb-3d2d7c8075fd/in_use.lock acquired by nodename 21034@pr-hdds-1569-zxpks-796972592
2019-09-25 04:12:41,363 [pool-27-thread-1] INFO  storage.RaftStorage (RaftStorage.java:format(72)) - Storage directory /workdir/hadoop-ozone/integration-test/target/test-dir/MiniOzoneClusterImpl-d80116af-1168-4dd4-a2cd-efb6e5bdb9d0/datanode-0/data/ratis/722e4d8e-6c6e-4151-a0bb-3d2d7c8075fd has been successfully formatted.
2019-09-25 04:12:41,363 [pool-27-thread-1] INFO  ratis.ContainerStateMachine (ContainerStateMachine.java:loadSnapshot(230)) - group-3D2D7C8075FD: The snapshot info is null. Setting the last applied indexto:(t:0, i:~)
2019-09-25 04:12:41,363 [pool-27-thread-1] INFO  server.RaftServerConfigKeys (ConfUtils.java:logGet(43)) - raft.server.notification.no-leader.timeout = 120s (custom)
2019-09-25 04:12:41,363 [pool-27-thread-1] INFO  server.RaftServerConfigKeys (ConfUtils.java:logGet(43)) - raft.server.log.use.memory = false (default)
2019-09-25 04:12:41,363 [pool-27-thread-1] INFO  server.RaftServerConfigKeys (ConfUtils.java:logGet(43)) - raft.server.log.purge.gap = 1000000 (custom)
2019-09-25 04:12:41,363 [pool-27-thread-1] INFO  server.RaftServerConfigKeys (ConfUtils.java:logGet(43)) - raft.server.log.appender.buffer.byte-limit = 33554432 (custom)
2019-09-25 04:12:41,363 [pool-27-thread-1] INFO  server.RaftServerConfigKeys (ConfUtils.java:logGet(43)) - raft.server.log.segment.size.max = 1048576 (custom)
2019-09-25 04:12:41,364 [pool-27-thread-1] INFO  server.RaftServerConfigKeys (ConfUtils.java:logGet(43)) - raft.server.log.segment.cache.num.max = 2 (custom)
2019-09-25 04:12:41,364 [pool-27-thread-1] INFO  segmented.SegmentedRaftLogWorker (SegmentedRaftLogWorker.java:<init>(172)) - new f5d39e36-3e0f-4a54-a012-e19588cf60a3@group-3D2D7C8075FD-SegmentedRaftLogWorker for RaftStorage:Storage Directory /workdir/hadoop-ozone/integration-test/target/test-dir/MiniOzoneClusterImpl-d80116af-1168-4dd4-a2cd-efb6e5bdb9d0/datanode-0/data/ratis/722e4d8e-6c6e-4151-a0bb-3d2d7c8075fd
2019-09-25 04:12:41,364 [pool-27-thread-1] INFO  server.RaftServerConfigKeys (ConfUtils.java:logGet(43)) - raft.server.log.queue.byte-limit = 2147483647 (custom)
2019-09-25 04:12:41,364 [pool-27-thread-1] INFO  server.RaftServerConfigKeys (ConfUtils.java:logGet(43)) - raft.server.log.queue.element-limit = 1024 (custom)
2019-09-25 04:12:41,364 [pool-27-thread-1] INFO  server.RaftServerConfigKeys (ConfUtils.java:logGet(43)) - raft.server.log.segment.size.max = 1048576 (custom)
2019-09-25 04:12:41,364 [pool-27-thread-1] INFO  server.RaftServerConfigKeys (ConfUtils.java:logGet(43)) - raft.server.log.preallocated.size = 16384 (custom)
2019-09-25 04:12:41,364 [pool-27-thread-1] INFO  server.RaftServerConfigKeys (ConfUtils.java:logGet(43)) - raft.server.log.write.buffer.size = 33554432 (custom)
2019-09-25 04:12:41,365 [pool-27-thread-1] INFO  server.RaftServerConfigKeys (ConfUtils.java:logGet(43)) - raft.server.log.force.sync.num = 128 (default)
2019-09-25 04:12:41,365 [pool-27-thread-1] INFO  server.RaftServerConfigKeys (ConfUtils.java:logGet(43)) - raft.server.log.statemachine.data.sync = true (default)
2019-09-25 04:12:41,365 [pool-27-thread-1] INFO  server.RaftServerConfigKeys (ConfUtils.java:logGet(43)) - raft.server.log.statemachine.data.sync.timeout = 10s (default)
2019-09-25 04:12:41,365 [pool-27-thread-1] INFO  server.RaftServerConfigKeys (ConfUtils.java:logGet(43)) - raft.server.log.statemachine.data.sync.timeout.retry = -1 (default)
2019-09-25 04:12:41,365 [pool-27-thread-1] INFO  server.RaftServerConfigKeys (ConfUtils.java:logGet(43)) - raft.server.log.statemachine.data.caching.enabled = true (custom)
2019-09-25 04:12:41,366 [pool-27-thread-1] INFO  segmented.SegmentedRaftLogWorker (SegmentedRaftLogWorker.java:lambda$new$0(132)) - f5d39e36-3e0f-4a54-a012-e19588cf60a3@group-3D2D7C8075FD-SegmentedRaftLogWorker: flushIndex: setUnconditionally 0 -> -1
2019-09-25 04:12:41,366 [pool-27-thread-1] INFO  server.RaftServerConfigKeys (ConfUtils.java:logGet(43)) - raft.server.snapshot.auto.trigger.enabled = true (custom)
2019-09-25 04:12:41,366 [pool-27-thread-1] INFO  server.RaftServerConfigKeys (ConfUtils.java:logGet(43)) - raft.server.snapshot.auto.trigger.threshold = 10000 (custom)
2019-09-25 04:12:41,366 [pool-27-thread-1] INFO  server.RaftServerConfigKeys (ConfUtils.java:logGet(43)) - raft.server.snapshot.retention.num.files = 5 (custom)
2019-09-25 04:12:41,367 [pool-27-thread-1] INFO  server.RaftServerConfigKeys (ConfUtils.java:logGet(43)) - raft.server.retrycache.expirytime = 600000ms (custom)
2019-09-25 04:12:41,371 [pool-27-thread-1] INFO  impl.RaftServerImpl (RaftServerImpl.java:start(185)) - f5d39e36-3e0f-4a54-a012-e19588cf60a3@group-3D2D7C8075FD: start as a follower, conf=-1: [f5d39e36-3e0f-4a54-a012-e19588cf60a3:192.168.5.161:38379], old=null
2019-09-25 04:12:41,371 [pool-27-thread-1] INFO  impl.RaftServerImpl (RaftServerImpl.java:setRole(174)) - f5d39e36-3e0f-4a54-a012-e19588cf60a3@group-3D2D7C8075FD: changes role from      null to FOLLOWER at term 0 for startAsFollower
2019-09-25 04:12:41,371 [pool-27-thread-1] INFO  impl.RoleInfo (RoleInfo.java:updateAndGet(143)) - f5d39e36-3e0f-4a54-a012-e19588cf60a3: start FollowerState
2019-09-25 04:12:41,372 [pool-27-thread-1] INFO  util.JmxRegister (JmxRegister.java:tryRegister(44)) - Successfully registered JMX Bean with object name Ratis:service=RaftServer,group=group-3D2D7C8075FD,id=f5d39e36-3e0f-4a54-a012-e19588cf60a3
2019-09-25 04:12:41,381 [RatisPipelineUtilsThread] INFO  pipeline.PipelineStateManager (PipelineStateManager.java:addPipeline(56)) - Created pipeline Pipeline[ Id: 722e4d8e-6c6e-4151-a0bb-3d2d7c8075fd, Nodes: f5d39e36-3e0f-4a54-a012-e19588cf60a3{ip: 192.168.5.161, host: pr-hdds-1569-zxpks-796972592, networkLocation: /default-rack, certSerialId: null}, Type:RATIS, Factor:ONE, State:OPEN]
2019-09-25 04:12:41,401 [grpc-default-executor-0] INFO  impl.RaftServerProxy (RaftServerProxy.java:addNew(89)) - 49f3ee78-dcf2-4a6b-9b4e-1405d1c251a9: addNew group-8ECC4E1A06F2:[49f3ee78-dcf2-4a6b-9b4e-1405d1c251a9:192.168.5.161:34907] returns group-8ECC4E1A06F2:java.util.concurrent.CompletableFuture@6a825834[Not completed]
2019-09-25 04:12:41,403 [pool-37-thread-1] INFO  impl.RaftServerImpl (RaftServerImpl.java:<init>(95)) - 49f3ee78-dcf2-4a6b-9b4e-1405d1c251a9: new RaftServerImpl for group-8ECC4E1A06F2:[49f3ee78-dcf2-4a6b-9b4e-1405d1c251a9:192.168.5.161:34907] with ContainerStateMachine:uninitialized
2019-09-25 04:12:41,403 [pool-37-thread-1] INFO  server.RaftServerConfigKeys (ConfUtils.java:logGet(43)) - raft.server.rpc.timeout.min = 5s (custom)
2019-09-25 04:12:41,403 [pool-37-thread-1] INFO  server.RaftServerConfigKeys (ConfUtils.java:logGet(43)) - raft.server.rpc.timeout.max = 5200ms (custom)
2019-09-25 04:12:41,404 [pool-37-thread-1] INFO  server.RaftServerConfigKeys (ConfUtils.java:logGet(43)) - raft.server.rpcslowness.timeout = 120s (custom)
2019-09-25 04:12:41,404 [pool-37-thread-1] INFO  server.RaftServerConfigKeys (ConfUtils.java:logGet(43)) - raft.server.sleep.deviation.threshold = 300 (default)
2019-09-25 04:12:41,404 [pool-37-thread-1] INFO  server.RaftServerConfigKeys (ConfUtils.java:logGet(43)) - raft.server.log.appender.install.snapshot.enabled = false (custom)
2019-09-25 04:12:41,404 [pool-37-thread-1] INFO  impl.RaftServerImpl (ServerState.java:<init>(103)) - 49f3ee78-dcf2-4a6b-9b4e-1405d1c251a9@group-8ECC4E1A06F2: ConfigurationManager, init=-1: [49f3ee78-dcf2-4a6b-9b4e-1405d1c251a9:192.168.5.161:34907], old=null, confs=<EMPTY_MAP>
2019-09-25 04:12:41,404 [pool-37-thread-1] INFO  server.RaftServerConfigKeys (ConfUtils.java:logGet(43)) - raft.server.storage.dir = [/workdir/hadoop-ozone/integration-test/target/test-dir/MiniOzoneClusterImpl-d80116af-1168-4dd4-a2cd-efb6e5bdb9d0/datanode-1/data/ratis] (custom)
2019-09-25 04:12:41,405 [pool-37-thread-1] INFO  storage.RaftStorageDirectory (RaftStorageDirectory.java:analyzeStorage(246)) - The storage directory /workdir/hadoop-ozone/integration-test/target/test-dir/MiniOzoneClusterImpl-d80116af-1168-4dd4-a2cd-efb6e5bdb9d0/datanode-1/data/ratis/223be4bb-c14d-4444-b3eb-8ecc4e1a06f2 does not exist. Creating ...
2019-09-25 04:12:41,418 [pool-37-thread-1] INFO  storage.RaftStorageDirectory (RaftStorageDirectory.java:tryLock(328)) - Lock on /workdir/hadoop-ozone/integration-test/target/test-dir/MiniOzoneClusterImpl-d80116af-1168-4dd4-a2cd-efb6e5bdb9d0/datanode-1/data/ratis/223be4bb-c14d-4444-b3eb-8ecc4e1a06f2/in_use.lock acquired by nodename 21034@pr-hdds-1569-zxpks-796972592
2019-09-25 04:12:41,432 [pool-37-thread-1] INFO  storage.RaftStorage (RaftStorage.java:format(72)) - Storage directory /workdir/hadoop-ozone/integration-test/target/test-dir/MiniOzoneClusterImpl-d80116af-1168-4dd4-a2cd-efb6e5bdb9d0/datanode-1/data/ratis/223be4bb-c14d-4444-b3eb-8ecc4e1a06f2 has been successfully formatted.
2019-09-25 04:12:41,432 [pool-37-thread-1] INFO  ratis.ContainerStateMachine (ContainerStateMachine.java:loadSnapshot(230)) - group-8ECC4E1A06F2: The snapshot info is null. Setting the last applied indexto:(t:0, i:~)
2019-09-25 04:12:41,432 [pool-37-thread-1] INFO  server.RaftServerConfigKeys (ConfUtils.java:logGet(43)) - raft.server.notification.no-leader.timeout = 120s (custom)
2019-09-25 04:12:41,433 [pool-37-thread-1] INFO  server.RaftServerConfigKeys (ConfUtils.java:logGet(43)) - raft.server.log.use.memory = false (default)
2019-09-25 04:12:41,433 [pool-37-thread-1] INFO  server.RaftServerConfigKeys (ConfUtils.java:logGet(43)) - raft.server.log.purge.gap = 1000000 (custom)
2019-09-25 04:12:41,433 [pool-37-thread-1] INFO  server.RaftServerConfigKeys (ConfUtils.java:logGet(43)) - raft.server.log.appender.buffer.byte-limit = 33554432 (custom)
2019-09-25 04:12:41,433 [pool-37-thread-1] INFO  server.RaftServerConfigKeys (ConfUtils.java:logGet(43)) - raft.server.log.segment.size.max = 1048576 (custom)
2019-09-25 04:12:41,433 [pool-37-thread-1] INFO  server.RaftServerConfigKeys (ConfUtils.java:logGet(43)) - raft.server.log.segment.cache.num.max = 2 (custom)
2019-09-25 04:12:41,433 [pool-37-thread-1] INFO  segmented.SegmentedRaftLogWorker (SegmentedRaftLogWorker.java:<init>(172)) - new 49f3ee78-dcf2-4a6b-9b4e-1405d1c251a9@group-8ECC4E1A06F2-SegmentedRaftLogWorker for RaftStorage:Storage Directory /workdir/hadoop-ozone/integration-test/target/test-dir/MiniOzoneClusterImpl-d80116af-1168-4dd4-a2cd-efb6e5bdb9d0/datanode-1/data/ratis/223be4bb-c14d-4444-b3eb-8ecc4e1a06f2
2019-09-25 04:12:41,434 [pool-37-thread-1] INFO  server.RaftServerConfigKeys (ConfUtils.java:logGet(43)) - raft.server.log.queue.byte-limit = 2147483647 (custom)
2019-09-25 04:12:41,434 [pool-37-thread-1] INFO  server.RaftServerConfigKeys (ConfUtils.java:logGet(43)) - raft.server.log.queue.element-limit = 1024 (custom)
2019-09-25 04:12:41,434 [pool-37-thread-1] INFO  server.RaftServerConfigKeys (ConfUtils.java:logGet(43)) - raft.server.log.segment.size.max = 1048576 (custom)
2019-09-25 04:12:41,434 [pool-37-thread-1] INFO  server.RaftServerConfigKeys (ConfUtils.java:logGet(43)) - raft.server.log.preallocated.size = 16384 (custom)
2019-09-25 04:12:41,434 [pool-37-thread-1] INFO  server.RaftServerConfigKeys (ConfUtils.java:logGet(43)) - raft.server.log.write.buffer.size = 33554432 (custom)
2019-09-25 04:12:41,435 [pool-37-thread-1] INFO  server.RaftServerConfigKeys (ConfUtils.java:logGet(43)) - raft.server.log.force.sync.num = 128 (default)
2019-09-25 04:12:41,435 [pool-37-thread-1] INFO  server.RaftServerConfigKeys (ConfUtils.java:logGet(43)) - raft.server.log.statemachine.data.sync = true (default)
2019-09-25 04:12:41,435 [pool-37-thread-1] INFO  server.RaftServerConfigKeys (ConfUtils.java:logGet(43)) - raft.server.log.statemachine.data.sync.timeout = 10s (default)
2019-09-25 04:12:41,435 [pool-37-thread-1] INFO  server.RaftServerConfigKeys (ConfUtils.java:logGet(43)) - raft.server.log.statemachine.data.sync.timeout.retry = -1 (default)
2019-09-25 04:12:41,435 [pool-37-thread-1] INFO  server.RaftServerConfigKeys (ConfUtils.java:logGet(43)) - raft.server.log.statemachine.data.caching.enabled = true (custom)
2019-09-25 04:12:41,436 [pool-37-thread-1] INFO  segmented.SegmentedRaftLogWorker (SegmentedRaftLogWorker.java:lambda$new$0(132)) - 49f3ee78-dcf2-4a6b-9b4e-1405d1c251a9@group-8ECC4E1A06F2-SegmentedRaftLogWorker: flushIndex: setUnconditionally 0 -> -1
2019-09-25 04:12:41,436 [pool-37-thread-1] INFO  server.RaftServerConfigKeys (ConfUtils.java:logGet(43)) - raft.server.snapshot.auto.trigger.enabled = true (custom)
2019-09-25 04:12:41,436 [pool-37-thread-1] INFO  server.RaftServerConfigKeys (ConfUtils.java:logGet(43)) - raft.server.snapshot.auto.trigger.threshold = 10000 (custom)
2019-09-25 04:12:41,436 [pool-37-thread-1] INFO  server.RaftServerConfigKeys (ConfUtils.java:logGet(43)) - raft.server.snapshot.retention.num.files = 5 (custom)
2019-09-25 04:12:41,437 [pool-37-thread-1] INFO  server.RaftServerConfigKeys (ConfUtils.java:logGet(43)) - raft.server.retrycache.expirytime = 600000ms (custom)
2019-09-25 04:12:41,441 [pool-37-thread-1] INFO  impl.RaftServerImpl (RaftServerImpl.java:start(185)) - 49f3ee78-dcf2-4a6b-9b4e-1405d1c251a9@group-8ECC4E1A06F2: start as a follower, conf=-1: [49f3ee78-dcf2-4a6b-9b4e-1405d1c251a9:192.168.5.161:34907], old=null
2019-09-25 04:12:41,441 [pool-37-thread-1] INFO  impl.RaftServerImpl (RaftServerImpl.java:setRole(174)) - 49f3ee78-dcf2-4a6b-9b4e-1405d1c251a9@group-8ECC4E1A06F2: changes role from      null to FOLLOWER at term 0 for startAsFollower
2019-09-25 04:12:41,441 [pool-37-thread-1] INFO  impl.RoleInfo (RoleInfo.java:updateAndGet(143)) - 49f3ee78-dcf2-4a6b-9b4e-1405d1c251a9: start FollowerState
2019-09-25 04:12:41,442 [pool-37-thread-1] INFO  util.JmxRegister (JmxRegister.java:tryRegister(44)) - Successfully registered JMX Bean with object name Ratis:service=RaftServer,group=group-8ECC4E1A06F2,id=49f3ee78-dcf2-4a6b-9b4e-1405d1c251a9
2019-09-25 04:12:41,457 [RatisPipelineUtilsThread] INFO  pipeline.PipelineStateManager (PipelineStateManager.java:addPipeline(56)) - Created pipeline Pipeline[ Id: 223be4bb-c14d-4444-b3eb-8ecc4e1a06f2, Nodes: 49f3ee78-dcf2-4a6b-9b4e-1405d1c251a9{ip: 192.168.5.161, host: pr-hdds-1569-zxpks-796972592, networkLocation: /default-rack, certSerialId: null}, Type:RATIS, Factor:ONE, State:OPEN]
2019-09-25 04:12:41,477 [grpc-default-executor-0] INFO  impl.RaftServerProxy (RaftServerProxy.java:addNew(89)) - a5b2edd3-6412-4d16-8923-90c13280c91d: addNew group-2216EA2F5642:[a5b2edd3-6412-4d16-8923-90c13280c91d:192.168.5.161:45131] returns group-2216EA2F5642:java.util.concurrent.CompletableFuture@6e67ee33[Not completed]
2019-09-25 04:12:41,479 [pool-47-thread-1] INFO  impl.RaftServerImpl (RaftServerImpl.java:<init>(95)) - a5b2edd3-6412-4d16-8923-90c13280c91d: new RaftServerImpl for group-2216EA2F5642:[a5b2edd3-6412-4d16-8923-90c13280c91d:192.168.5.161:45131] with ContainerStateMachine:uninitialized
2019-09-25 04:12:41,480 [pool-47-thread-1] INFO  server.RaftServerConfigKeys (ConfUtils.java:logGet(43)) - raft.server.rpc.timeout.min = 5s (custom)
2019-09-25 04:12:41,480 [pool-47-thread-1] INFO  server.RaftServerConfigKeys (ConfUtils.java:logGet(43)) - raft.server.rpc.timeout.max = 5200ms (custom)
2019-09-25 04:12:41,480 [pool-47-thread-1] INFO  server.RaftServerConfigKeys (ConfUtils.java:logGet(43)) - raft.server.rpcslowness.timeout = 120s (custom)
2019-09-25 04:12:41,480 [pool-47-thread-1] INFO  server.RaftServerConfigKeys (ConfUtils.java:logGet(43)) - raft.server.sleep.deviation.threshold = 300 (default)
2019-09-25 04:12:41,480 [pool-47-thread-1] INFO  server.RaftServerConfigKeys (ConfUtils.java:logGet(43)) - raft.server.log.appender.install.snapshot.enabled = false (custom)
2019-09-25 04:12:41,480 [pool-47-thread-1] INFO  impl.RaftServerImpl (ServerState.java:<init>(103)) - a5b2edd3-6412-4d16-8923-90c13280c91d@group-2216EA2F5642: ConfigurationManager, init=-1: [a5b2edd3-6412-4d16-8923-90c13280c91d:192.168.5.161:45131], old=null, confs=<EMPTY_MAP>
2019-09-25 04:12:41,480 [pool-47-thread-1] INFO  server.RaftServerConfigKeys (ConfUtils.java:logGet(43)) - raft.server.storage.dir = [/workdir/hadoop-ozone/integration-test/target/test-dir/MiniOzoneClusterImpl-d80116af-1168-4dd4-a2cd-efb6e5bdb9d0/datanode-2/data/ratis] (custom)
2019-09-25 04:12:41,481 [pool-47-thread-1] INFO  storage.RaftStorageDirectory (RaftStorageDirectory.java:analyzeStorage(246)) - The storage directory /workdir/hadoop-ozone/integration-test/target/test-dir/MiniOzoneClusterImpl-d80116af-1168-4dd4-a2cd-efb6e5bdb9d0/datanode-2/data/ratis/1082b4ce-7755-4324-97ba-2216ea2f5642 does not exist. Creating ...
2019-09-25 04:12:41,493 [pool-47-thread-1] INFO  storage.RaftStorageDirectory (RaftStorageDirectory.java:tryLock(328)) - Lock on /workdir/hadoop-ozone/integration-test/target/test-dir/MiniOzoneClusterImpl-d80116af-1168-4dd4-a2cd-efb6e5bdb9d0/datanode-2/data/ratis/1082b4ce-7755-4324-97ba-2216ea2f5642/in_use.lock acquired by nodename 21034@pr-hdds-1569-zxpks-796972592
2019-09-25 04:12:41,511 [pool-47-thread-1] INFO  storage.RaftStorage (RaftStorage.java:format(72)) - Storage directory /workdir/hadoop-ozone/integration-test/target/test-dir/MiniOzoneClusterImpl-d80116af-1168-4dd4-a2cd-efb6e5bdb9d0/datanode-2/data/ratis/1082b4ce-7755-4324-97ba-2216ea2f5642 has been successfully formatted.
2019-09-25 04:12:41,511 [pool-47-thread-1] INFO  ratis.ContainerStateMachine (ContainerStateMachine.java:loadSnapshot(230)) - group-2216EA2F5642: The snapshot info is null. Setting the last applied indexto:(t:0, i:~)
2019-09-25 04:12:41,511 [pool-47-thread-1] INFO  server.RaftServerConfigKeys (ConfUtils.java:logGet(43)) - raft.server.notification.no-leader.timeout = 120s (custom)
2019-09-25 04:12:41,512 [pool-47-thread-1] INFO  server.RaftServerConfigKeys (ConfUtils.java:logGet(43)) - raft.server.log.use.memory = false (default)
2019-09-25 04:12:41,512 [pool-47-thread-1] INFO  server.RaftServerConfigKeys (ConfUtils.java:logGet(43)) - raft.server.log.purge.gap = 1000000 (custom)
2019-09-25 04:12:41,512 [pool-47-thread-1] INFO  server.RaftServerConfigKeys (ConfUtils.java:logGet(43)) - raft.server.log.appender.buffer.byte-limit = 33554432 (custom)
2019-09-25 04:12:41,512 [pool-47-thread-1] INFO  server.RaftServerConfigKeys (ConfUtils.java:logGet(43)) - raft.server.log.segment.size.max = 1048576 (custom)
2019-09-25 04:12:41,512 [pool-47-thread-1] INFO  server.RaftServerConfigKeys (ConfUtils.java:logGet(43)) - raft.server.log.segment.cache.num.max = 2 (custom)
2019-09-25 04:12:41,512 [pool-47-thread-1] INFO  segmented.SegmentedRaftLogWorker (SegmentedRaftLogWorker.java:<init>(172)) - new a5b2edd3-6412-4d16-8923-90c13280c91d@group-2216EA2F5642-SegmentedRaftLogWorker for RaftStorage:Storage Directory /workdir/hadoop-ozone/integration-test/target/test-dir/MiniOzoneClusterImpl-d80116af-1168-4dd4-a2cd-efb6e5bdb9d0/datanode-2/data/ratis/1082b4ce-7755-4324-97ba-2216ea2f5642
2019-09-25 04:12:41,512 [pool-47-thread-1] INFO  server.RaftServerConfigKeys (ConfUtils.java:logGet(43)) - raft.server.log.queue.byte-limit = 2147483647 (custom)
2019-09-25 04:12:41,513 [pool-47-thread-1] INFO  server.RaftServerConfigKeys (ConfUtils.java:logGet(43)) - raft.server.log.queue.element-limit = 1024 (custom)
2019-09-25 04:12:41,513 [pool-47-thread-1] INFO  server.RaftServerConfigKeys (ConfUtils.java:logGet(43)) - raft.server.log.segment.size.max = 1048576 (custom)
2019-09-25 04:12:41,513 [pool-47-thread-1] INFO  server.RaftServerConfigKeys (ConfUtils.java:logGet(43)) - raft.server.log.preallocated.size = 16384 (custom)
2019-09-25 04:12:41,513 [pool-47-thread-1] INFO  server.RaftServerConfigKeys (ConfUtils.java:logGet(43)) - raft.server.log.write.buffer.size = 33554432 (custom)
2019-09-25 04:12:41,513 [pool-47-thread-1] INFO  server.RaftServerConfigKeys (ConfUtils.java:logGet(43)) - raft.server.log.force.sync.num = 128 (default)
2019-09-25 04:12:41,513 [pool-47-thread-1] INFO  server.RaftServerConfigKeys (ConfUtils.java:logGet(43)) - raft.server.log.statemachine.data.sync = true (default)
2019-09-25 04:12:41,513 [pool-47-thread-1] INFO  server.RaftServerConfigKeys (ConfUtils.java:logGet(43)) - raft.server.log.statemachine.data.sync.timeout = 10s (default)
2019-09-25 04:12:41,513 [pool-47-thread-1] INFO  server.RaftServerConfigKeys (ConfUtils.java:logGet(43)) - raft.server.log.statemachine.data.sync.timeout.retry = -1 (default)
2019-09-25 04:12:41,514 [pool-47-thread-1] INFO  server.RaftServerConfigKeys (ConfUtils.java:logGet(43)) - raft.server.log.statemachine.data.caching.enabled = true (custom)
2019-09-25 04:12:41,514 [pool-47-thread-1] INFO  segmented.SegmentedRaftLogWorker (SegmentedRaftLogWorker.java:lambda$new$0(132)) - a5b2edd3-6412-4d16-8923-90c13280c91d@group-2216EA2F5642-SegmentedRaftLogWorker: flushIndex: setUnconditionally 0 -> -1
2019-09-25 04:12:41,514 [pool-47-thread-1] INFO  server.RaftServerConfigKeys (ConfUtils.java:logGet(43)) - raft.server.snapshot.auto.trigger.enabled = true (custom)
2019-09-25 04:12:41,514 [pool-47-thread-1] INFO  server.RaftServerConfigKeys (ConfUtils.java:logGet(43)) - raft.server.snapshot.auto.trigger.threshold = 10000 (custom)
2019-09-25 04:12:41,515 [pool-47-thread-1] INFO  server.RaftServerConfigKeys (ConfUtils.java:logGet(43)) - raft.server.snapshot.retention.num.files = 5 (custom)
2019-09-25 04:12:41,515 [pool-47-thread-1] INFO  server.RaftServerConfigKeys (ConfUtils.java:logGet(43)) - raft.server.retrycache.expirytime = 600000ms (custom)
2019-09-25 04:12:41,518 [pool-47-thread-1] INFO  impl.RaftServerImpl (RaftServerImpl.java:start(185)) - a5b2edd3-6412-4d16-8923-90c13280c91d@group-2216EA2F5642: start as a follower, conf=-1: [a5b2edd3-6412-4d16-8923-90c13280c91d:192.168.5.161:45131], old=null
2019-09-25 04:12:41,518 [pool-47-thread-1] INFO  impl.RaftServerImpl (RaftServerImpl.java:setRole(174)) - a5b2edd3-6412-4d16-8923-90c13280c91d@group-2216EA2F5642: changes role from      null to FOLLOWER at term 0 for startAsFollower
2019-09-25 04:12:41,518 [pool-47-thread-1] INFO  impl.RoleInfo (RoleInfo.java:updateAndGet(143)) - a5b2edd3-6412-4d16-8923-90c13280c91d: start FollowerState
2019-09-25 04:12:41,518 [pool-47-thread-1] INFO  util.JmxRegister (JmxRegister.java:tryRegister(44)) - Successfully registered JMX Bean with object name Ratis:service=RaftServer,group=group-2216EA2F5642,id=a5b2edd3-6412-4d16-8923-90c13280c91d
2019-09-25 04:12:41,532 [RatisPipelineUtilsThread] INFO  pipeline.PipelineStateManager (PipelineStateManager.java:addPipeline(56)) - Created pipeline Pipeline[ Id: 1082b4ce-7755-4324-97ba-2216ea2f5642, Nodes: a5b2edd3-6412-4d16-8923-90c13280c91d{ip: 192.168.5.161, host: pr-hdds-1569-zxpks-796972592, networkLocation: /default-rack, certSerialId: null}, Type:RATIS, Factor:ONE, State:OPEN]
2019-09-25 04:12:41,544 [grpc-default-executor-0] INFO  impl.RaftServerProxy (RaftServerProxy.java:addNew(89)) - 49f3ee78-dcf2-4a6b-9b4e-1405d1c251a9: addNew group-9D99E3E9D14D:[49f3ee78-dcf2-4a6b-9b4e-1405d1c251a9:192.168.5.161:34907] returns group-9D99E3E9D14D:java.util.concurrent.CompletableFuture@3c5b8d79[Not completed]
2019-09-25 04:12:41,546 [pool-37-thread-1] INFO  impl.RaftServerImpl (RaftServerImpl.java:<init>(95)) - 49f3ee78-dcf2-4a6b-9b4e-1405d1c251a9: new RaftServerImpl for group-9D99E3E9D14D:[49f3ee78-dcf2-4a6b-9b4e-1405d1c251a9:192.168.5.161:34907] with ContainerStateMachine:uninitialized
2019-09-25 04:12:41,546 [pool-37-thread-1] INFO  server.RaftServerConfigKeys (ConfUtils.java:logGet(43)) - raft.server.rpc.timeout.min = 5s (custom)
2019-09-25 04:12:41,547 [pool-37-thread-1] INFO  server.RaftServerConfigKeys (ConfUtils.java:logGet(43)) - raft.server.rpc.timeout.max = 5200ms (custom)
2019-09-25 04:12:41,547 [pool-37-thread-1] INFO  server.RaftServerConfigKeys (ConfUtils.java:logGet(43)) - raft.server.rpcslowness.timeout = 120s (custom)
2019-09-25 04:12:41,547 [pool-37-thread-1] INFO  server.RaftServerConfigKeys (ConfUtils.java:logGet(43)) - raft.server.sleep.deviation.threshold = 300 (default)
2019-09-25 04:12:41,547 [pool-37-thread-1] INFO  server.RaftServerConfigKeys (ConfUtils.java:logGet(43)) - raft.server.log.appender.install.snapshot.enabled = false (custom)
2019-09-25 04:12:41,547 [pool-37-thread-1] INFO  impl.RaftServerImpl (ServerState.java:<init>(103)) - 49f3ee78-dcf2-4a6b-9b4e-1405d1c251a9@group-9D99E3E9D14D: ConfigurationManager, init=-1: [49f3ee78-dcf2-4a6b-9b4e-1405d1c251a9:192.168.5.161:34907], old=null, confs=<EMPTY_MAP>
2019-09-25 04:12:41,548 [pool-37-thread-1] INFO  server.RaftServerConfigKeys (ConfUtils.java:logGet(43)) - raft.server.storage.dir = [/workdir/hadoop-ozone/integration-test/target/test-dir/MiniOzoneClusterImpl-d80116af-1168-4dd4-a2cd-efb6e5bdb9d0/datanode-1/data/ratis] (custom)
2019-09-25 04:12:41,548 [pool-37-thread-1] INFO  storage.RaftStorageDirectory (RaftStorageDirectory.java:analyzeStorage(246)) - The storage directory /workdir/hadoop-ozone/integration-test/target/test-dir/MiniOzoneClusterImpl-d80116af-1168-4dd4-a2cd-efb6e5bdb9d0/datanode-1/data/ratis/4e3d7788-9563-41cf-8e2d-9d99e3e9d14d does not exist. Creating ...
2019-09-25 04:12:41,561 [pool-37-thread-1] INFO  storage.RaftStorageDirectory (RaftStorageDirectory.java:tryLock(328)) - Lock on /workdir/hadoop-ozone/integration-test/target/test-dir/MiniOzoneClusterImpl-d80116af-1168-4dd4-a2cd-efb6e5bdb9d0/datanode-1/data/ratis/4e3d7788-9563-41cf-8e2d-9d99e3e9d14d/in_use.lock acquired by nodename 21034@pr-hdds-1569-zxpks-796972592
2019-09-25 04:12:41,574 [pool-37-thread-1] INFO  storage.RaftStorage (RaftStorage.java:format(72)) - Storage directory /workdir/hadoop-ozone/integration-test/target/test-dir/MiniOzoneClusterImpl-d80116af-1168-4dd4-a2cd-efb6e5bdb9d0/datanode-1/data/ratis/4e3d7788-9563-41cf-8e2d-9d99e3e9d14d has been successfully formatted.
2019-09-25 04:12:41,574 [pool-37-thread-1] INFO  ratis.ContainerStateMachine (ContainerStateMachine.java:loadSnapshot(230)) - group-9D99E3E9D14D: The snapshot info is null. Setting the last applied indexto:(t:0, i:~)
2019-09-25 04:12:41,575 [pool-37-thread-1] INFO  server.RaftServerConfigKeys (ConfUtils.java:logGet(43)) - raft.server.notification.no-leader.timeout = 120s (custom)
2019-09-25 04:12:41,575 [pool-37-thread-1] INFO  server.RaftServerConfigKeys (ConfUtils.java:logGet(43)) - raft.server.log.use.memory = false (default)
2019-09-25 04:12:41,575 [pool-37-thread-1] INFO  server.RaftServerConfigKeys (ConfUtils.java:logGet(43)) - raft.server.log.purge.gap = 1000000 (custom)
2019-09-25 04:12:41,575 [pool-37-thread-1] INFO  server.RaftServerConfigKeys (ConfUtils.java:logGet(43)) - raft.server.log.appender.buffer.byte-limit = 33554432 (custom)
2019-09-25 04:12:41,575 [pool-37-thread-1] INFO  server.RaftServerConfigKeys (ConfUtils.java:logGet(43)) - raft.server.log.segment.size.max = 1048576 (custom)
2019-09-25 04:12:41,576 [pool-37-thread-1] INFO  server.RaftServerConfigKeys (ConfUtils.java:logGet(43)) - raft.server.log.segment.cache.num.max = 2 (custom)
2019-09-25 04:12:41,576 [pool-37-thread-1] INFO  segmented.SegmentedRaftLogWorker (SegmentedRaftLogWorker.java:<init>(172)) - new 49f3ee78-dcf2-4a6b-9b4e-1405d1c251a9@group-9D99E3E9D14D-SegmentedRaftLogWorker for RaftStorage:Storage Directory /workdir/hadoop-ozone/integration-test/target/test-dir/MiniOzoneClusterImpl-d80116af-1168-4dd4-a2cd-efb6e5bdb9d0/datanode-1/data/ratis/4e3d7788-9563-41cf-8e2d-9d99e3e9d14d
2019-09-25 04:12:41,576 [pool-37-thread-1] INFO  server.RaftServerConfigKeys (ConfUtils.java:logGet(43)) - raft.server.log.queue.byte-limit = 2147483647 (custom)
2019-09-25 04:12:41,576 [pool-37-thread-1] INFO  server.RaftServerConfigKeys (ConfUtils.java:logGet(43)) - raft.server.log.queue.element-limit = 1024 (custom)
2019-09-25 04:12:41,576 [pool-37-thread-1] INFO  server.RaftServerConfigKeys (ConfUtils.java:logGet(43)) - raft.server.log.segment.size.max = 1048576 (custom)
2019-09-25 04:12:41,576 [pool-37-thread-1] INFO  server.RaftServerConfigKeys (ConfUtils.java:logGet(43)) - raft.server.log.preallocated.size = 16384 (custom)
2019-09-25 04:12:41,577 [pool-37-thread-1] INFO  server.RaftServerConfigKeys (ConfUtils.java:logGet(43)) - raft.server.log.write.buffer.size = 33554432 (custom)
2019-09-25 04:12:41,577 [pool-37-thread-1] INFO  server.RaftServerConfigKeys (ConfUtils.java:logGet(43)) - raft.server.log.force.sync.num = 128 (default)
2019-09-25 04:12:41,577 [pool-37-thread-1] INFO  server.RaftServerConfigKeys (ConfUtils.java:logGet(43)) - raft.server.log.statemachine.data.sync = true (default)
2019-09-25 04:12:41,577 [pool-37-thread-1] INFO  server.RaftServerConfigKeys (ConfUtils.java:logGet(43)) - raft.server.log.statemachine.data.sync.timeout = 10s (default)
2019-09-25 04:12:41,577 [pool-37-thread-1] INFO  server.RaftServerConfigKeys (ConfUtils.java:logGet(43)) - raft.server.log.statemachine.data.sync.timeout.retry = -1 (default)
2019-09-25 04:12:41,578 [pool-37-thread-1] INFO  server.RaftServerConfigKeys (ConfUtils.java:logGet(43)) - raft.server.log.statemachine.data.caching.enabled = true (custom)
2019-09-25 04:12:41,578 [pool-37-thread-1] INFO  segmented.SegmentedRaftLogWorker (SegmentedRaftLogWorker.java:lambda$new$0(132)) - 49f3ee78-dcf2-4a6b-9b4e-1405d1c251a9@group-9D99E3E9D14D-SegmentedRaftLogWorker: flushIndex: setUnconditionally 0 -> -1
2019-09-25 04:12:41,578 [pool-37-thread-1] INFO  server.RaftServerConfigKeys (ConfUtils.java:logGet(43)) - raft.server.snapshot.auto.trigger.enabled = true (custom)
2019-09-25 04:12:41,579 [pool-37-thread-1] INFO  server.RaftServerConfigKeys (ConfUtils.java:logGet(43)) - raft.server.snapshot.auto.trigger.threshold = 10000 (custom)
2019-09-25 04:12:41,579 [pool-37-thread-1] INFO  server.RaftServerConfigKeys (ConfUtils.java:logGet(43)) - raft.server.snapshot.retention.num.files = 5 (custom)
2019-09-25 04:12:41,579 [pool-37-thread-1] INFO  server.RaftServerConfigKeys (ConfUtils.java:logGet(43)) - raft.server.retrycache.expirytime = 600000ms (custom)
2019-09-25 04:12:41,583 [pool-37-thread-1] INFO  impl.RaftServerImpl (RaftServerImpl.java:start(185)) - 49f3ee78-dcf2-4a6b-9b4e-1405d1c251a9@group-9D99E3E9D14D: start as a follower, conf=-1: [49f3ee78-dcf2-4a6b-9b4e-1405d1c251a9:192.168.5.161:34907], old=null
2019-09-25 04:12:41,583 [pool-37-thread-1] INFO  impl.RaftServerImpl (RaftServerImpl.java:setRole(174)) - 49f3ee78-dcf2-4a6b-9b4e-1405d1c251a9@group-9D99E3E9D14D: changes role from      null to FOLLOWER at term 0 for startAsFollower
2019-09-25 04:12:41,584 [pool-37-thread-1] INFO  impl.RoleInfo (RoleInfo.java:updateAndGet(143)) - 49f3ee78-dcf2-4a6b-9b4e-1405d1c251a9: start FollowerState
2019-09-25 04:12:41,584 [pool-37-thread-1] INFO  util.JmxRegister (JmxRegister.java:tryRegister(44)) - Successfully registered JMX Bean with object name Ratis:service=RaftServer,group=group-9D99E3E9D14D,id=49f3ee78-dcf2-4a6b-9b4e-1405d1c251a9
2019-09-25 04:12:41,594 [RatisPipelineUtilsThread] INFO  pipeline.PipelineStateManager (PipelineStateManager.java:addPipeline(56)) - Created pipeline Pipeline[ Id: 4e3d7788-9563-41cf-8e2d-9d99e3e9d14d, Nodes: 49f3ee78-dcf2-4a6b-9b4e-1405d1c251a9{ip: 192.168.5.161, host: pr-hdds-1569-zxpks-796972592, networkLocation: /default-rack, certSerialId: null}, Type:RATIS, Factor:ONE, State:OPEN]
2019-09-25 04:12:41,608 [grpc-default-executor-0] INFO  impl.RaftServerProxy (RaftServerProxy.java:addNew(89)) - a5b2edd3-6412-4d16-8923-90c13280c91d: addNew group-E173B702E717:[a5b2edd3-6412-4d16-8923-90c13280c91d:192.168.5.161:45131] returns group-E173B702E717:java.util.concurrent.CompletableFuture@1eceacb4[Not completed]
2019-09-25 04:12:41,611 [pool-47-thread-1] INFO  impl.RaftServerImpl (RaftServerImpl.java:<init>(95)) - a5b2edd3-6412-4d16-8923-90c13280c91d: new RaftServerImpl for group-E173B702E717:[a5b2edd3-6412-4d16-8923-90c13280c91d:192.168.5.161:45131] with ContainerStateMachine:uninitialized
2019-09-25 04:12:41,611 [pool-47-thread-1] INFO  server.RaftServerConfigKeys (ConfUtils.java:logGet(43)) - raft.server.rpc.timeout.min = 5s (custom)
2019-09-25 04:12:41,612 [pool-47-thread-1] INFO  server.RaftServerConfigKeys (ConfUtils.java:logGet(43)) - raft.server.rpc.timeout.max = 5200ms (custom)
2019-09-25 04:12:41,612 [pool-47-thread-1] INFO  server.RaftServerConfigKeys (ConfUtils.java:logGet(43)) - raft.server.rpcslowness.timeout = 120s (custom)
2019-09-25 04:12:41,612 [pool-47-thread-1] INFO  server.RaftServerConfigKeys (ConfUtils.java:logGet(43)) - raft.server.sleep.deviation.threshold = 300 (default)
2019-09-25 04:12:41,612 [pool-47-thread-1] INFO  server.RaftServerConfigKeys (ConfUtils.java:logGet(43)) - raft.server.log.appender.install.snapshot.enabled = false (custom)
2019-09-25 04:12:41,612 [pool-47-thread-1] INFO  impl.RaftServerImpl (ServerState.java:<init>(103)) - a5b2edd3-6412-4d16-8923-90c13280c91d@group-E173B702E717: ConfigurationManager, init=-1: [a5b2edd3-6412-4d16-8923-90c13280c91d:192.168.5.161:45131], old=null, confs=<EMPTY_MAP>
2019-09-25 04:12:41,613 [pool-47-thread-1] INFO  server.RaftServerConfigKeys (ConfUtils.java:logGet(43)) - raft.server.storage.dir = [/workdir/hadoop-ozone/integration-test/target/test-dir/MiniOzoneClusterImpl-d80116af-1168-4dd4-a2cd-efb6e5bdb9d0/datanode-2/data/ratis] (custom)
2019-09-25 04:12:41,613 [pool-47-thread-1] INFO  storage.RaftStorageDirectory (RaftStorageDirectory.java:analyzeStorage(246)) - The storage directory /workdir/hadoop-ozone/integration-test/target/test-dir/MiniOzoneClusterImpl-d80116af-1168-4dd4-a2cd-efb6e5bdb9d0/datanode-2/data/ratis/33486e56-a1a1-4726-827c-e173b702e717 does not exist. Creating ...
2019-09-25 04:12:41,626 [pool-47-thread-1] INFO  storage.RaftStorageDirectory (RaftStorageDirectory.java:tryLock(328)) - Lock on /workdir/hadoop-ozone/integration-test/target/test-dir/MiniOzoneClusterImpl-d80116af-1168-4dd4-a2cd-efb6e5bdb9d0/datanode-2/data/ratis/33486e56-a1a1-4726-827c-e173b702e717/in_use.lock acquired by nodename 21034@pr-hdds-1569-zxpks-796972592
2019-09-25 04:12:41,639 [pool-47-thread-1] INFO  storage.RaftStorage (RaftStorage.java:format(72)) - Storage directory /workdir/hadoop-ozone/integration-test/target/test-dir/MiniOzoneClusterImpl-d80116af-1168-4dd4-a2cd-efb6e5bdb9d0/datanode-2/data/ratis/33486e56-a1a1-4726-827c-e173b702e717 has been successfully formatted.
2019-09-25 04:12:41,639 [pool-47-thread-1] INFO  ratis.ContainerStateMachine (ContainerStateMachine.java:loadSnapshot(230)) - group-E173B702E717: The snapshot info is null. Setting the last applied indexto:(t:0, i:~)
2019-09-25 04:12:41,640 [pool-47-thread-1] INFO  server.RaftServerConfigKeys (ConfUtils.java:logGet(43)) - raft.server.notification.no-leader.timeout = 120s (custom)
2019-09-25 04:12:41,640 [pool-47-thread-1] INFO  server.RaftServerConfigKeys (ConfUtils.java:logGet(43)) - raft.server.log.use.memory = false (default)
2019-09-25 04:12:41,640 [pool-47-thread-1] INFO  server.RaftServerConfigKeys (ConfUtils.java:logGet(43)) - raft.server.log.purge.gap = 1000000 (custom)
2019-09-25 04:12:41,640 [pool-47-thread-1] INFO  server.RaftServerConfigKeys (ConfUtils.java:logGet(43)) - raft.server.log.appender.buffer.byte-limit = 33554432 (custom)
2019-09-25 04:12:41,640 [pool-47-thread-1] INFO  server.RaftServerConfigKeys (ConfUtils.java:logGet(43)) - raft.server.log.segment.size.max = 1048576 (custom)
2019-09-25 04:12:41,641 [pool-47-thread-1] INFO  server.RaftServerConfigKeys (ConfUtils.java:logGet(43)) - raft.server.log.segment.cache.num.max = 2 (custom)
2019-09-25 04:12:41,641 [pool-47-thread-1] INFO  segmented.SegmentedRaftLogWorker (SegmentedRaftLogWorker.java:<init>(172)) - new a5b2edd3-6412-4d16-8923-90c13280c91d@group-E173B702E717-SegmentedRaftLogWorker for RaftStorage:Storage Directory /workdir/hadoop-ozone/integration-test/target/test-dir/MiniOzoneClusterImpl-d80116af-1168-4dd4-a2cd-efb6e5bdb9d0/datanode-2/data/ratis/33486e56-a1a1-4726-827c-e173b702e717
2019-09-25 04:12:41,641 [pool-47-thread-1] INFO  server.RaftServerConfigKeys (ConfUtils.java:logGet(43)) - raft.server.log.queue.byte-limit = 2147483647 (custom)
2019-09-25 04:12:41,641 [pool-47-thread-1] INFO  server.RaftServerConfigKeys (ConfUtils.java:logGet(43)) - raft.server.log.queue.element-limit = 1024 (custom)
2019-09-25 04:12:41,641 [pool-47-thread-1] INFO  server.RaftServerConfigKeys (ConfUtils.java:logGet(43)) - raft.server.log.segment.size.max = 1048576 (custom)
2019-09-25 04:12:41,642 [pool-47-thread-1] INFO  server.RaftServerConfigKeys (ConfUtils.java:logGet(43)) - raft.server.log.preallocated.size = 16384 (custom)
2019-09-25 04:12:41,642 [pool-47-thread-1] INFO  server.RaftServerConfigKeys (ConfUtils.java:logGet(43)) - raft.server.log.write.buffer.size = 33554432 (custom)
2019-09-25 04:12:41,642 [pool-47-thread-1] INFO  server.RaftServerConfigKeys (ConfUtils.java:logGet(43)) - raft.server.log.force.sync.num = 128 (default)
2019-09-25 04:12:41,642 [pool-47-thread-1] INFO  server.RaftServerConfigKeys (ConfUtils.java:logGet(43)) - raft.server.log.statemachine.data.sync = true (default)
2019-09-25 04:12:41,642 [pool-47-thread-1] INFO  server.RaftServerConfigKeys (ConfUtils.java:logGet(43)) - raft.server.log.statemachine.data.sync.timeout = 10s (default)
2019-09-25 04:12:41,642 [pool-47-thread-1] INFO  server.RaftServerConfigKeys (ConfUtils.java:logGet(43)) - raft.server.log.statemachine.data.sync.timeout.retry = -1 (default)
2019-09-25 04:12:41,643 [pool-47-thread-1] INFO  server.RaftServerConfigKeys (ConfUtils.java:logGet(43)) - raft.server.log.statemachine.data.caching.enabled = true (custom)
2019-09-25 04:12:41,643 [pool-47-thread-1] INFO  segmented.SegmentedRaftLogWorker (SegmentedRaftLogWorker.java:lambda$new$0(132)) - a5b2edd3-6412-4d16-8923-90c13280c91d@group-E173B702E717-SegmentedRaftLogWorker: flushIndex: setUnconditionally 0 -> -1
2019-09-25 04:12:41,643 [pool-47-thread-1] INFO  server.RaftServerConfigKeys (ConfUtils.java:logGet(43)) - raft.server.snapshot.auto.trigger.enabled = true (custom)
2019-09-25 04:12:41,644 [pool-47-thread-1] INFO  server.RaftServerConfigKeys (ConfUtils.java:logGet(43)) - raft.server.snapshot.auto.trigger.threshold = 10000 (custom)
2019-09-25 04:12:41,644 [pool-47-thread-1] INFO  server.RaftServerConfigKeys (ConfUtils.java:logGet(43)) - raft.server.snapshot.retention.num.files = 5 (custom)
2019-09-25 04:12:41,644 [pool-47-thread-1] INFO  server.RaftServerConfigKeys (ConfUtils.java:logGet(43)) - raft.server.retrycache.expirytime = 600000ms (custom)
2019-09-25 04:12:41,648 [pool-47-thread-1] INFO  impl.RaftServerImpl (RaftServerImpl.java:start(185)) - a5b2edd3-6412-4d16-8923-90c13280c91d@group-E173B702E717: start as a follower, conf=-1: [a5b2edd3-6412-4d16-8923-90c13280c91d:192.168.5.161:45131], old=null
2019-09-25 04:12:41,648 [pool-47-thread-1] INFO  impl.RaftServerImpl (RaftServerImpl.java:setRole(174)) - a5b2edd3-6412-4d16-8923-90c13280c91d@group-E173B702E717: changes role from      null to FOLLOWER at term 0 for startAsFollower
2019-09-25 04:12:41,648 [pool-47-thread-1] INFO  impl.RoleInfo (RoleInfo.java:updateAndGet(143)) - a5b2edd3-6412-4d16-8923-90c13280c91d: start FollowerState
2019-09-25 04:12:41,649 [pool-47-thread-1] INFO  util.JmxRegister (JmxRegister.java:tryRegister(44)) - Successfully registered JMX Bean with object name Ratis:service=RaftServer,group=group-E173B702E717,id=a5b2edd3-6412-4d16-8923-90c13280c91d
2019-09-25 04:12:41,658 [RatisPipelineUtilsThread] INFO  pipeline.PipelineStateManager (PipelineStateManager.java:addPipeline(56)) - Created pipeline Pipeline[ Id: 33486e56-a1a1-4726-827c-e173b702e717, Nodes: a5b2edd3-6412-4d16-8923-90c13280c91d{ip: 192.168.5.161, host: pr-hdds-1569-zxpks-796972592, networkLocation: /default-rack, certSerialId: null}, Type:RATIS, Factor:ONE, State:OPEN]
2019-09-25 04:12:41,670 [grpc-default-executor-0] INFO  impl.RaftServerProxy (RaftServerProxy.java:addNew(89)) - 49f3ee78-dcf2-4a6b-9b4e-1405d1c251a9: addNew group-53D461B5B173:[49f3ee78-dcf2-4a6b-9b4e-1405d1c251a9:192.168.5.161:34907] returns group-53D461B5B173:java.util.concurrent.CompletableFuture@3b4a36ed[Not completed]
2019-09-25 04:12:41,672 [pool-37-thread-1] INFO  impl.RaftServerImpl (RaftServerImpl.java:<init>(95)) - 49f3ee78-dcf2-4a6b-9b4e-1405d1c251a9: new RaftServerImpl for group-53D461B5B173:[49f3ee78-dcf2-4a6b-9b4e-1405d1c251a9:192.168.5.161:34907] with ContainerStateMachine:uninitialized
2019-09-25 04:12:41,672 [pool-37-thread-1] INFO  server.RaftServerConfigKeys (ConfUtils.java:logGet(43)) - raft.server.rpc.timeout.min = 5s (custom)
2019-09-25 04:12:41,673 [pool-37-thread-1] INFO  server.RaftServerConfigKeys (ConfUtils.java:logGet(43)) - raft.server.rpc.timeout.max = 5200ms (custom)
2019-09-25 04:12:41,673 [pool-37-thread-1] INFO  server.RaftServerConfigKeys (ConfUtils.java:logGet(43)) - raft.server.rpcslowness.timeout = 120s (custom)
2019-09-25 04:12:41,673 [pool-37-thread-1] INFO  server.RaftServerConfigKeys (ConfUtils.java:logGet(43)) - raft.server.sleep.deviation.threshold = 300 (default)
2019-09-25 04:12:41,673 [pool-37-thread-1] INFO  server.RaftServerConfigKeys (ConfUtils.java:logGet(43)) - raft.server.log.appender.install.snapshot.enabled = false (custom)
2019-09-25 04:12:41,673 [pool-37-thread-1] INFO  impl.RaftServerImpl (ServerState.java:<init>(103)) - 49f3ee78-dcf2-4a6b-9b4e-1405d1c251a9@group-53D461B5B173: ConfigurationManager, init=-1: [49f3ee78-dcf2-4a6b-9b4e-1405d1c251a9:192.168.5.161:34907], old=null, confs=<EMPTY_MAP>
2019-09-25 04:12:41,675 [pool-37-thread-1] INFO  server.RaftServerConfigKeys (ConfUtils.java:logGet(43)) - raft.server.storage.dir = [/workdir/hadoop-ozone/integration-test/target/test-dir/MiniOzoneClusterImpl-d80116af-1168-4dd4-a2cd-efb6e5bdb9d0/datanode-1/data/ratis] (custom)
2019-09-25 04:12:41,675 [pool-37-thread-1] INFO  storage.RaftStorageDirectory (RaftStorageDirectory.java:analyzeStorage(246)) - The storage directory /workdir/hadoop-ozone/integration-test/target/test-dir/MiniOzoneClusterImpl-d80116af-1168-4dd4-a2cd-efb6e5bdb9d0/datanode-1/data/ratis/b8264d91-6667-4e29-993e-53d461b5b173 does not exist. Creating ...
2019-09-25 04:12:41,693 [pool-37-thread-1] INFO  storage.RaftStorageDirectory (RaftStorageDirectory.java:tryLock(328)) - Lock on /workdir/hadoop-ozone/integration-test/target/test-dir/MiniOzoneClusterImpl-d80116af-1168-4dd4-a2cd-efb6e5bdb9d0/datanode-1/data/ratis/b8264d91-6667-4e29-993e-53d461b5b173/in_use.lock acquired by nodename 21034@pr-hdds-1569-zxpks-796972592
2019-09-25 04:12:41,706 [pool-37-thread-1] INFO  storage.RaftStorage (RaftStorage.java:format(72)) - Storage directory /workdir/hadoop-ozone/integration-test/target/test-dir/MiniOzoneClusterImpl-d80116af-1168-4dd4-a2cd-efb6e5bdb9d0/datanode-1/data/ratis/b8264d91-6667-4e29-993e-53d461b5b173 has been successfully formatted.
2019-09-25 04:12:41,707 [pool-37-thread-1] INFO  ratis.ContainerStateMachine (ContainerStateMachine.java:loadSnapshot(230)) - group-53D461B5B173: The snapshot info is null. Setting the last applied indexto:(t:0, i:~)
2019-09-25 04:12:41,707 [pool-37-thread-1] INFO  server.RaftServerConfigKeys (ConfUtils.java:logGet(43)) - raft.server.notification.no-leader.timeout = 120s (custom)
2019-09-25 04:12:41,707 [pool-37-thread-1] INFO  server.RaftServerConfigKeys (ConfUtils.java:logGet(43)) - raft.server.log.use.memory = false (default)
2019-09-25 04:12:41,707 [pool-37-thread-1] INFO  server.RaftServerConfigKeys (ConfUtils.java:logGet(43)) - raft.server.log.purge.gap = 1000000 (custom)
2019-09-25 04:12:41,707 [pool-37-thread-1] INFO  server.RaftServerConfigKeys (ConfUtils.java:logGet(43)) - raft.server.log.appender.buffer.byte-limit = 33554432 (custom)
2019-09-25 04:12:41,708 [pool-37-thread-1] INFO  server.RaftServerConfigKeys (ConfUtils.java:logGet(43)) - raft.server.log.segment.size.max = 1048576 (custom)
2019-09-25 04:12:41,708 [pool-37-thread-1] INFO  server.RaftServerConfigKeys (ConfUtils.java:logGet(43)) - raft.server.log.segment.cache.num.max = 2 (custom)
2019-09-25 04:12:41,708 [pool-37-thread-1] INFO  segmented.SegmentedRaftLogWorker (SegmentedRaftLogWorker.java:<init>(172)) - new 49f3ee78-dcf2-4a6b-9b4e-1405d1c251a9@group-53D461B5B173-SegmentedRaftLogWorker for RaftStorage:Storage Directory /workdir/hadoop-ozone/integration-test/target/test-dir/MiniOzoneClusterImpl-d80116af-1168-4dd4-a2cd-efb6e5bdb9d0/datanode-1/data/ratis/b8264d91-6667-4e29-993e-53d461b5b173
2019-09-25 04:12:41,708 [pool-37-thread-1] INFO  server.RaftServerConfigKeys (ConfUtils.java:logGet(43)) - raft.server.log.queue.byte-limit = 2147483647 (custom)
2019-09-25 04:12:41,708 [pool-37-thread-1] INFO  server.RaftServerConfigKeys (ConfUtils.java:logGet(43)) - raft.server.log.queue.element-limit = 1024 (custom)
2019-09-25 04:12:41,709 [pool-37-thread-1] INFO  server.RaftServerConfigKeys (ConfUtils.java:logGet(43)) - raft.server.log.segment.size.max = 1048576 (custom)
2019-09-25 04:12:41,709 [pool-37-thread-1] INFO  server.RaftServerConfigKeys (ConfUtils.java:logGet(43)) - raft.server.log.preallocated.size = 16384 (custom)
2019-09-25 04:12:41,709 [pool-37-thread-1] INFO  server.RaftServerConfigKeys (ConfUtils.java:logGet(43)) - raft.server.log.write.buffer.size = 33554432 (custom)
2019-09-25 04:12:41,709 [pool-37-thread-1] INFO  server.RaftServerConfigKeys (ConfUtils.java:logGet(43)) - raft.server.log.force.sync.num = 128 (default)
2019-09-25 04:12:41,709 [pool-37-thread-1] INFO  server.RaftServerConfigKeys (ConfUtils.java:logGet(43)) - raft.server.log.statemachine.data.sync = true (default)
2019-09-25 04:12:41,710 [pool-37-thread-1] INFO  server.RaftServerConfigKeys (ConfUtils.java:logGet(43)) - raft.server.log.statemachine.data.sync.timeout = 10s (default)
2019-09-25 04:12:41,710 [pool-37-thread-1] INFO  server.RaftServerConfigKeys (ConfUtils.java:logGet(43)) - raft.server.log.statemachine.data.sync.timeout.retry = -1 (default)
2019-09-25 04:12:41,710 [pool-37-thread-1] INFO  server.RaftServerConfigKeys (ConfUtils.java:logGet(43)) - raft.server.log.statemachine.data.caching.enabled = true (custom)
2019-09-25 04:12:41,711 [pool-37-thread-1] INFO  segmented.SegmentedRaftLogWorker (SegmentedRaftLogWorker.java:lambda$new$0(132)) - 49f3ee78-dcf2-4a6b-9b4e-1405d1c251a9@group-53D461B5B173-SegmentedRaftLogWorker: flushIndex: setUnconditionally 0 -> -1
2019-09-25 04:12:41,711 [pool-37-thread-1] INFO  server.RaftServerConfigKeys (ConfUtils.java:logGet(43)) - raft.server.snapshot.auto.trigger.enabled = true (custom)
2019-09-25 04:12:41,711 [pool-37-thread-1] INFO  server.RaftServerConfigKeys (ConfUtils.java:logGet(43)) - raft.server.snapshot.auto.trigger.threshold = 10000 (custom)
2019-09-25 04:12:41,711 [pool-37-thread-1] INFO  server.RaftServerConfigKeys (ConfUtils.java:logGet(43)) - raft.server.snapshot.retention.num.files = 5 (custom)
2019-09-25 04:12:41,712 [pool-37-thread-1] INFO  server.RaftServerConfigKeys (ConfUtils.java:logGet(43)) - raft.server.retrycache.expirytime = 600000ms (custom)
2019-09-25 04:12:41,716 [pool-37-thread-1] INFO  impl.RaftServerImpl (RaftServerImpl.java:start(185)) - 49f3ee78-dcf2-4a6b-9b4e-1405d1c251a9@group-53D461B5B173: start as a follower, conf=-1: [49f3ee78-dcf2-4a6b-9b4e-1405d1c251a9:192.168.5.161:34907], old=null
2019-09-25 04:12:41,716 [pool-37-thread-1] INFO  impl.RaftServerImpl (RaftServerImpl.java:setRole(174)) - 49f3ee78-dcf2-4a6b-9b4e-1405d1c251a9@group-53D461B5B173: changes role from      null to FOLLOWER at term 0 for startAsFollower
2019-09-25 04:12:41,717 [pool-37-thread-1] INFO  impl.RoleInfo (RoleInfo.java:updateAndGet(143)) - 49f3ee78-dcf2-4a6b-9b4e-1405d1c251a9: start FollowerState
2019-09-25 04:12:41,718 [pool-37-thread-1] INFO  util.JmxRegister (JmxRegister.java:tryRegister(44)) - Successfully registered JMX Bean with object name Ratis:service=RaftServer,group=group-53D461B5B173,id=49f3ee78-dcf2-4a6b-9b4e-1405d1c251a9
2019-09-25 04:12:41,732 [RatisPipelineUtilsThread] INFO  pipeline.PipelineStateManager (PipelineStateManager.java:addPipeline(56)) - Created pipeline Pipeline[ Id: b8264d91-6667-4e29-993e-53d461b5b173, Nodes: 49f3ee78-dcf2-4a6b-9b4e-1405d1c251a9{ip: 192.168.5.161, host: pr-hdds-1569-zxpks-796972592, networkLocation: /default-rack, certSerialId: null}, Type:RATIS, Factor:ONE, State:OPEN]
2019-09-25 04:12:41,744 [grpc-default-executor-0] INFO  impl.RaftServerProxy (RaftServerProxy.java:addNew(89)) - f5d39e36-3e0f-4a54-a012-e19588cf60a3: addNew group-C0FFF7AA9CA2:[f5d39e36-3e0f-4a54-a012-e19588cf60a3:192.168.5.161:38379] returns group-C0FFF7AA9CA2:java.util.concurrent.CompletableFuture@512af5a4[Not completed]
2019-09-25 04:12:41,746 [pool-27-thread-1] INFO  impl.RaftServerImpl (RaftServerImpl.java:<init>(95)) - f5d39e36-3e0f-4a54-a012-e19588cf60a3: new RaftServerImpl for group-C0FFF7AA9CA2:[f5d39e36-3e0f-4a54-a012-e19588cf60a3:192.168.5.161:38379] with ContainerStateMachine:uninitialized
2019-09-25 04:12:41,747 [pool-27-thread-1] INFO  server.RaftServerConfigKeys (ConfUtils.java:logGet(43)) - raft.server.rpc.timeout.min = 5s (custom)
2019-09-25 04:12:41,747 [pool-27-thread-1] INFO  server.RaftServerConfigKeys (ConfUtils.java:logGet(43)) - raft.server.rpc.timeout.max = 5200ms (custom)
2019-09-25 04:12:41,747 [pool-27-thread-1] INFO  server.RaftServerConfigKeys (ConfUtils.java:logGet(43)) - raft.server.rpcslowness.timeout = 120s (custom)
2019-09-25 04:12:41,747 [pool-27-thread-1] INFO  server.RaftServerConfigKeys (ConfUtils.java:logGet(43)) - raft.server.sleep.deviation.threshold = 300 (default)
2019-09-25 04:12:41,747 [pool-27-thread-1] INFO  server.RaftServerConfigKeys (ConfUtils.java:logGet(43)) - raft.server.log.appender.install.snapshot.enabled = false (custom)
2019-09-25 04:12:41,748 [pool-27-thread-1] INFO  impl.RaftServerImpl (ServerState.java:<init>(103)) - f5d39e36-3e0f-4a54-a012-e19588cf60a3@group-C0FFF7AA9CA2: ConfigurationManager, init=-1: [f5d39e36-3e0f-4a54-a012-e19588cf60a3:192.168.5.161:38379], old=null, confs=<EMPTY_MAP>
2019-09-25 04:12:41,748 [pool-27-thread-1] INFO  server.RaftServerConfigKeys (ConfUtils.java:logGet(43)) - raft.server.storage.dir = [/workdir/hadoop-ozone/integration-test/target/test-dir/MiniOzoneClusterImpl-d80116af-1168-4dd4-a2cd-efb6e5bdb9d0/datanode-0/data/ratis] (custom)
2019-09-25 04:12:41,748 [pool-27-thread-1] INFO  storage.RaftStorageDirectory (RaftStorageDirectory.java:analyzeStorage(246)) - The storage directory /workdir/hadoop-ozone/integration-test/target/test-dir/MiniOzoneClusterImpl-d80116af-1168-4dd4-a2cd-efb6e5bdb9d0/datanode-0/data/ratis/f58c1464-0c9a-4594-9cfe-c0fff7aa9ca2 does not exist. Creating ...
2019-09-25 04:12:41,762 [pool-27-thread-1] INFO  storage.RaftStorageDirectory (RaftStorageDirectory.java:tryLock(328)) - Lock on /workdir/hadoop-ozone/integration-test/target/test-dir/MiniOzoneClusterImpl-d80116af-1168-4dd4-a2cd-efb6e5bdb9d0/datanode-0/data/ratis/f58c1464-0c9a-4594-9cfe-c0fff7aa9ca2/in_use.lock acquired by nodename 21034@pr-hdds-1569-zxpks-796972592
2019-09-25 04:12:41,779 [pool-27-thread-1] INFO  storage.RaftStorage (RaftStorage.java:format(72)) - Storage directory /workdir/hadoop-ozone/integration-test/target/test-dir/MiniOzoneClusterImpl-d80116af-1168-4dd4-a2cd-efb6e5bdb9d0/datanode-0/data/ratis/f58c1464-0c9a-4594-9cfe-c0fff7aa9ca2 has been successfully formatted.
2019-09-25 04:12:41,779 [pool-27-thread-1] INFO  ratis.ContainerStateMachine (ContainerStateMachine.java:loadSnapshot(230)) - group-C0FFF7AA9CA2: The snapshot info is null. Setting the last applied indexto:(t:0, i:~)
2019-09-25 04:12:41,779 [pool-27-thread-1] INFO  server.RaftServerConfigKeys (ConfUtils.java:logGet(43)) - raft.server.notification.no-leader.timeout = 120s (custom)
2019-09-25 04:12:41,779 [pool-27-thread-1] INFO  server.RaftServerConfigKeys (ConfUtils.java:logGet(43)) - raft.server.log.use.memory = false (default)
2019-09-25 04:12:41,779 [pool-27-thread-1] INFO  server.RaftServerConfigKeys (ConfUtils.java:logGet(43)) - raft.server.log.purge.gap = 1000000 (custom)
2019-09-25 04:12:41,780 [pool-27-thread-1] INFO  server.RaftServerConfigKeys (ConfUtils.java:logGet(43)) - raft.server.log.appender.buffer.byte-limit = 33554432 (custom)
2019-09-25 04:12:41,780 [pool-27-thread-1] INFO  server.RaftServerConfigKeys (ConfUtils.java:logGet(43)) - raft.server.log.segment.size.max = 1048576 (custom)
2019-09-25 04:12:41,780 [pool-27-thread-1] INFO  server.RaftServerConfigKeys (ConfUtils.java:logGet(43)) - raft.server.log.segment.cache.num.max = 2 (custom)
2019-09-25 04:12:41,780 [pool-27-thread-1] INFO  segmented.SegmentedRaftLogWorker (SegmentedRaftLogWorker.java:<init>(172)) - new f5d39e36-3e0f-4a54-a012-e19588cf60a3@group-C0FFF7AA9CA2-SegmentedRaftLogWorker for RaftStorage:Storage Directory /workdir/hadoop-ozone/integration-test/target/test-dir/MiniOzoneClusterImpl-d80116af-1168-4dd4-a2cd-efb6e5bdb9d0/datanode-0/data/ratis/f58c1464-0c9a-4594-9cfe-c0fff7aa9ca2
2019-09-25 04:12:41,780 [pool-27-thread-1] INFO  server.RaftServerConfigKeys (ConfUtils.java:logGet(43)) - raft.server.log.queue.byte-limit = 2147483647 (custom)
2019-09-25 04:12:41,780 [pool-27-thread-1] INFO  server.RaftServerConfigKeys (ConfUtils.java:logGet(43)) - raft.server.log.queue.element-limit = 1024 (custom)
2019-09-25 04:12:41,781 [pool-27-thread-1] INFO  server.RaftServerConfigKeys (ConfUtils.java:logGet(43)) - raft.server.log.segment.size.max = 1048576 (custom)
2019-09-25 04:12:41,781 [pool-27-thread-1] INFO  server.RaftServerConfigKeys (ConfUtils.java:logGet(43)) - raft.server.log.preallocated.size = 16384 (custom)
2019-09-25 04:12:41,781 [pool-27-thread-1] INFO  server.RaftServerConfigKeys (ConfUtils.java:logGet(43)) - raft.server.log.write.buffer.size = 33554432 (custom)
2019-09-25 04:12:41,781 [pool-27-thread-1] INFO  server.RaftServerConfigKeys (ConfUtils.java:logGet(43)) - raft.server.log.force.sync.num = 128 (default)
2019-09-25 04:12:41,781 [pool-27-thread-1] INFO  server.RaftServerConfigKeys (ConfUtils.java:logGet(43)) - raft.server.log.statemachine.data.sync = true (default)
2019-09-25 04:12:41,781 [pool-27-thread-1] INFO  server.RaftServerConfigKeys (ConfUtils.java:logGet(43)) - raft.server.log.statemachine.data.sync.timeout = 10s (default)
2019-09-25 04:12:41,782 [pool-27-thread-1] INFO  server.RaftServerConfigKeys (ConfUtils.java:logGet(43)) - raft.server.log.statemachine.data.sync.timeout.retry = -1 (default)
2019-09-25 04:12:41,782 [pool-27-thread-1] INFO  server.RaftServerConfigKeys (ConfUtils.java:logGet(43)) - raft.server.log.statemachine.data.caching.enabled = true (custom)
2019-09-25 04:12:41,782 [pool-27-thread-1] INFO  segmented.SegmentedRaftLogWorker (SegmentedRaftLogWorker.java:lambda$new$0(132)) - f5d39e36-3e0f-4a54-a012-e19588cf60a3@group-C0FFF7AA9CA2-SegmentedRaftLogWorker: flushIndex: setUnconditionally 0 -> -1
2019-09-25 04:12:41,783 [pool-27-thread-1] INFO  server.RaftServerConfigKeys (ConfUtils.java:logGet(43)) - raft.server.snapshot.auto.trigger.enabled = true (custom)
2019-09-25 04:12:41,783 [pool-27-thread-1] INFO  server.RaftServerConfigKeys (ConfUtils.java:logGet(43)) - raft.server.snapshot.auto.trigger.threshold = 10000 (custom)
2019-09-25 04:12:41,783 [pool-27-thread-1] INFO  server.RaftServerConfigKeys (ConfUtils.java:logGet(43)) - raft.server.snapshot.retention.num.files = 5 (custom)
2019-09-25 04:12:41,784 [pool-27-thread-1] INFO  server.RaftServerConfigKeys (ConfUtils.java:logGet(43)) - raft.server.retrycache.expirytime = 600000ms (custom)
2019-09-25 04:12:41,786 [main] INFO  rpc.RpcClient (RpcClient.java:createVolume(276)) - Creating Volume: 38a2320f-6aa2-4e4b-b1d1-35776cc7788a, with jenkins1000 as owner.
2019-09-25 04:12:41,787 [pool-27-thread-1] INFO  impl.RaftServerImpl (RaftServerImpl.java:start(185)) - f5d39e36-3e0f-4a54-a012-e19588cf60a3@group-C0FFF7AA9CA2: start as a follower, conf=-1: [f5d39e36-3e0f-4a54-a012-e19588cf60a3:192.168.5.161:38379], old=null
2019-09-25 04:12:41,787 [pool-27-thread-1] INFO  impl.RaftServerImpl (RaftServerImpl.java:setRole(174)) - f5d39e36-3e0f-4a54-a012-e19588cf60a3@group-C0FFF7AA9CA2: changes role from      null to FOLLOWER at term 0 for startAsFollower
2019-09-25 04:12:41,787 [pool-27-thread-1] INFO  impl.RoleInfo (RoleInfo.java:updateAndGet(143)) - f5d39e36-3e0f-4a54-a012-e19588cf60a3: start FollowerState
2019-09-25 04:12:41,788 [pool-27-thread-1] INFO  util.JmxRegister (JmxRegister.java:tryRegister(44)) - Successfully registered JMX Bean with object name Ratis:service=RaftServer,group=group-C0FFF7AA9CA2,id=f5d39e36-3e0f-4a54-a012-e19588cf60a3
2019-09-25 04:12:41,799 [RatisPipelineUtilsThread] INFO  pipeline.PipelineStateManager (PipelineStateManager.java:addPipeline(56)) - Created pipeline Pipeline[ Id: f58c1464-0c9a-4594-9cfe-c0fff7aa9ca2, Nodes: f5d39e36-3e0f-4a54-a012-e19588cf60a3{ip: 192.168.5.161, host: pr-hdds-1569-zxpks-796972592, networkLocation: /default-rack, certSerialId: null}, Type:RATIS, Factor:ONE, State:OPEN]
2019-09-25 04:12:41,814 [grpc-default-executor-0] INFO  impl.RaftServerProxy (RaftServerProxy.java:addNew(89)) - a5b2edd3-6412-4d16-8923-90c13280c91d: addNew group-E96B5E09355F:[a5b2edd3-6412-4d16-8923-90c13280c91d:192.168.5.161:45131] returns group-E96B5E09355F:java.util.concurrent.CompletableFuture@32eb4057[Not completed]
2019-09-25 04:12:41,816 [pool-47-thread-1] INFO  impl.RaftServerImpl (RaftServerImpl.java:<init>(95)) - a5b2edd3-6412-4d16-8923-90c13280c91d: new RaftServerImpl for group-E96B5E09355F:[a5b2edd3-6412-4d16-8923-90c13280c91d:192.168.5.161:45131] with ContainerStateMachine:uninitialized
2019-09-25 04:12:41,817 [pool-47-thread-1] INFO  server.RaftServerConfigKeys (ConfUtils.java:logGet(43)) - raft.server.rpc.timeout.min = 5s (custom)
2019-09-25 04:12:41,817 [pool-47-thread-1] INFO  server.RaftServerConfigKeys (ConfUtils.java:logGet(43)) - raft.server.rpc.timeout.max = 5200ms (custom)
2019-09-25 04:12:41,817 [pool-47-thread-1] INFO  server.RaftServerConfigKeys (ConfUtils.java:logGet(43)) - raft.server.rpcslowness.timeout = 120s (custom)
2019-09-25 04:12:41,817 [pool-47-thread-1] INFO  server.RaftServerConfigKeys (ConfUtils.java:logGet(43)) - raft.server.sleep.deviation.threshold = 300 (default)
2019-09-25 04:12:41,817 [pool-47-thread-1] INFO  server.RaftServerConfigKeys (ConfUtils.java:logGet(43)) - raft.server.log.appender.install.snapshot.enabled = false (custom)
2019-09-25 04:12:41,818 [pool-47-thread-1] INFO  impl.RaftServerImpl (ServerState.java:<init>(103)) - a5b2edd3-6412-4d16-8923-90c13280c91d@group-E96B5E09355F: ConfigurationManager, init=-1: [a5b2edd3-6412-4d16-8923-90c13280c91d:192.168.5.161:45131], old=null, confs=<EMPTY_MAP>
2019-09-25 04:12:41,818 [pool-47-thread-1] INFO  server.RaftServerConfigKeys (ConfUtils.java:logGet(43)) - raft.server.storage.dir = [/workdir/hadoop-ozone/integration-test/target/test-dir/MiniOzoneClusterImpl-d80116af-1168-4dd4-a2cd-efb6e5bdb9d0/datanode-2/data/ratis] (custom)
2019-09-25 04:12:41,818 [pool-47-thread-1] INFO  storage.RaftStorageDirectory (RaftStorageDirectory.java:analyzeStorage(246)) - The storage directory /workdir/hadoop-ozone/integration-test/target/test-dir/MiniOzoneClusterImpl-d80116af-1168-4dd4-a2cd-efb6e5bdb9d0/datanode-2/data/ratis/a6e6df02-72da-4844-8974-e96b5e09355f does not exist. Creating ...
2019-09-25 04:12:41,831 [pool-47-thread-1] INFO  storage.RaftStorageDirectory (RaftStorageDirectory.java:tryLock(328)) - Lock on /workdir/hadoop-ozone/integration-test/target/test-dir/MiniOzoneClusterImpl-d80116af-1168-4dd4-a2cd-efb6e5bdb9d0/datanode-2/data/ratis/a6e6df02-72da-4844-8974-e96b5e09355f/in_use.lock acquired by nodename 21034@pr-hdds-1569-zxpks-796972592
2019-09-25 04:12:41,844 [pool-47-thread-1] INFO  storage.RaftStorage (RaftStorage.java:format(72)) - Storage directory /workdir/hadoop-ozone/integration-test/target/test-dir/MiniOzoneClusterImpl-d80116af-1168-4dd4-a2cd-efb6e5bdb9d0/datanode-2/data/ratis/a6e6df02-72da-4844-8974-e96b5e09355f has been successfully formatted.
2019-09-25 04:12:41,845 [pool-47-thread-1] INFO  ratis.ContainerStateMachine (ContainerStateMachine.java:loadSnapshot(230)) - group-E96B5E09355F: The snapshot info is null. Setting the last applied indexto:(t:0, i:~)
2019-09-25 04:12:41,845 [pool-47-thread-1] INFO  server.RaftServerConfigKeys (ConfUtils.java:logGet(43)) - raft.server.notification.no-leader.timeout = 120s (custom)
2019-09-25 04:12:41,845 [pool-47-thread-1] INFO  server.RaftServerConfigKeys (ConfUtils.java:logGet(43)) - raft.server.log.use.memory = false (default)
2019-09-25 04:12:41,845 [pool-47-thread-1] INFO  server.RaftServerConfigKeys (ConfUtils.java:logGet(43)) - raft.server.log.purge.gap = 1000000 (custom)
2019-09-25 04:12:41,846 [pool-47-thread-1] INFO  server.RaftServerConfigKeys (ConfUtils.java:logGet(43)) - raft.server.log.appender.buffer.byte-limit = 33554432 (custom)
2019-09-25 04:12:41,846 [pool-47-thread-1] INFO  server.RaftServerConfigKeys (ConfUtils.java:logGet(43)) - raft.server.log.segment.size.max = 1048576 (custom)
2019-09-25 04:12:41,846 [pool-47-thread-1] INFO  server.RaftServerConfigKeys (ConfUtils.java:logGet(43)) - raft.server.log.segment.cache.num.max = 2 (custom)
2019-09-25 04:12:41,846 [pool-47-thread-1] INFO  segmented.SegmentedRaftLogWorker (SegmentedRaftLogWorker.java:<init>(172)) - new a5b2edd3-6412-4d16-8923-90c13280c91d@group-E96B5E09355F-SegmentedRaftLogWorker for RaftStorage:Storage Directory /workdir/hadoop-ozone/integration-test/target/test-dir/MiniOzoneClusterImpl-d80116af-1168-4dd4-a2cd-efb6e5bdb9d0/datanode-2/data/ratis/a6e6df02-72da-4844-8974-e96b5e09355f
2019-09-25 04:12:41,846 [pool-47-thread-1] INFO  server.RaftServerConfigKeys (ConfUtils.java:logGet(43)) - raft.server.log.queue.byte-limit = 2147483647 (custom)
2019-09-25 04:12:41,847 [pool-47-thread-1] INFO  server.RaftServerConfigKeys (ConfUtils.java:logGet(43)) - raft.server.log.queue.element-limit = 1024 (custom)
2019-09-25 04:12:41,847 [pool-47-thread-1] INFO  server.RaftServerConfigKeys (ConfUtils.java:logGet(43)) - raft.server.log.segment.size.max = 1048576 (custom)
2019-09-25 04:12:41,847 [pool-47-thread-1] INFO  server.RaftServerConfigKeys (ConfUtils.java:logGet(43)) - raft.server.log.preallocated.size = 16384 (custom)
2019-09-25 04:12:41,847 [pool-47-thread-1] INFO  server.RaftServerConfigKeys (ConfUtils.java:logGet(43)) - raft.server.log.write.buffer.size = 33554432 (custom)
2019-09-25 04:12:41,847 [pool-47-thread-1] INFO  server.RaftServerConfigKeys (ConfUtils.java:logGet(43)) - raft.server.log.force.sync.num = 128 (default)
2019-09-25 04:12:41,847 [pool-47-thread-1] INFO  server.RaftServerConfigKeys (ConfUtils.java:logGet(43)) - raft.server.log.statemachine.data.sync = true (default)
2019-09-25 04:12:41,848 [pool-47-thread-1] INFO  server.RaftServerConfigKeys (ConfUtils.java:logGet(43)) - raft.server.log.statemachine.data.sync.timeout = 10s (default)
2019-09-25 04:12:41,848 [pool-47-thread-1] INFO  server.RaftServerConfigKeys (ConfUtils.java:logGet(43)) - raft.server.log.statemachine.data.sync.timeout.retry = -1 (default)
2019-09-25 04:12:41,848 [pool-47-thread-1] INFO  server.RaftServerConfigKeys (ConfUtils.java:logGet(43)) - raft.server.log.statemachine.data.caching.enabled = true (custom)
2019-09-25 04:12:41,849 [pool-47-thread-1] INFO  segmented.SegmentedRaftLogWorker (SegmentedRaftLogWorker.java:lambda$new$0(132)) - a5b2edd3-6412-4d16-8923-90c13280c91d@group-E96B5E09355F-SegmentedRaftLogWorker: flushIndex: setUnconditionally 0 -> -1
2019-09-25 04:12:41,849 [pool-47-thread-1] INFO  server.RaftServerConfigKeys (ConfUtils.java:logGet(43)) - raft.server.snapshot.auto.trigger.enabled = true (custom)
2019-09-25 04:12:41,849 [pool-47-thread-1] INFO  server.RaftServerConfigKeys (ConfUtils.java:logGet(43)) - raft.server.snapshot.auto.trigger.threshold = 10000 (custom)
2019-09-25 04:12:41,850 [pool-47-thread-1] INFO  server.RaftServerConfigKeys (ConfUtils.java:logGet(43)) - raft.server.snapshot.retention.num.files = 5 (custom)
2019-09-25 04:12:41,850 [pool-47-thread-1] INFO  server.RaftServerConfigKeys (ConfUtils.java:logGet(43)) - raft.server.retrycache.expirytime = 600000ms (custom)
2019-09-25 04:12:41,853 [pool-47-thread-1] INFO  impl.RaftServerImpl (RaftServerImpl.java:start(185)) - a5b2edd3-6412-4d16-8923-90c13280c91d@group-E96B5E09355F: start as a follower, conf=-1: [a5b2edd3-6412-4d16-8923-90c13280c91d:192.168.5.161:45131], old=null
2019-09-25 04:12:41,854 [pool-47-thread-1] INFO  impl.RaftServerImpl (RaftServerImpl.java:setRole(174)) - a5b2edd3-6412-4d16-8923-90c13280c91d@group-E96B5E09355F: changes role from      null to FOLLOWER at term 0 for startAsFollower
2019-09-25 04:12:41,854 [pool-47-thread-1] INFO  impl.RoleInfo (RoleInfo.java:updateAndGet(143)) - a5b2edd3-6412-4d16-8923-90c13280c91d: start FollowerState
2019-09-25 04:12:41,855 [pool-47-thread-1] INFO  util.JmxRegister (JmxRegister.java:tryRegister(44)) - Successfully registered JMX Bean with object name Ratis:service=RaftServer,group=group-E96B5E09355F,id=a5b2edd3-6412-4d16-8923-90c13280c91d
2019-09-25 04:12:41,865 [RatisPipelineUtilsThread] INFO  pipeline.PipelineStateManager (PipelineStateManager.java:addPipeline(56)) - Created pipeline Pipeline[ Id: a6e6df02-72da-4844-8974-e96b5e09355f, Nodes: a5b2edd3-6412-4d16-8923-90c13280c91d{ip: 192.168.5.161, host: pr-hdds-1569-zxpks-796972592, networkLocation: /default-rack, certSerialId: null}, Type:RATIS, Factor:ONE, State:OPEN]
2019-09-25 04:12:41,881 [grpc-default-executor-1] INFO  impl.RaftServerProxy (RaftServerProxy.java:addNew(89)) - 49f3ee78-dcf2-4a6b-9b4e-1405d1c251a9: addNew group-B78E8877FFF6:[49f3ee78-dcf2-4a6b-9b4e-1405d1c251a9:192.168.5.161:34907] returns group-B78E8877FFF6:java.util.concurrent.CompletableFuture@19fd9eb8[Not completed]
2019-09-25 04:12:41,883 [pool-37-thread-1] INFO  impl.RaftServerImpl (RaftServerImpl.java:<init>(95)) - 49f3ee78-dcf2-4a6b-9b4e-1405d1c251a9: new RaftServerImpl for group-B78E8877FFF6:[49f3ee78-dcf2-4a6b-9b4e-1405d1c251a9:192.168.5.161:34907] with ContainerStateMachine:uninitialized
2019-09-25 04:12:41,883 [pool-37-thread-1] INFO  server.RaftServerConfigKeys (ConfUtils.java:logGet(43)) - raft.server.rpc.timeout.min = 5s (custom)
2019-09-25 04:12:41,883 [pool-37-thread-1] INFO  server.RaftServerConfigKeys (ConfUtils.java:logGet(43)) - raft.server.rpc.timeout.max = 5200ms (custom)
2019-09-25 04:12:41,883 [pool-37-thread-1] INFO  server.RaftServerConfigKeys (ConfUtils.java:logGet(43)) - raft.server.rpcslowness.timeout = 120s (custom)
2019-09-25 04:12:41,884 [pool-37-thread-1] INFO  server.RaftServerConfigKeys (ConfUtils.java:logGet(43)) - raft.server.sleep.deviation.threshold = 300 (default)
2019-09-25 04:12:41,884 [pool-37-thread-1] INFO  server.RaftServerConfigKeys (ConfUtils.java:logGet(43)) - raft.server.log.appender.install.snapshot.enabled = false (custom)
2019-09-25 04:12:41,884 [pool-37-thread-1] INFO  impl.RaftServerImpl (ServerState.java:<init>(103)) - 49f3ee78-dcf2-4a6b-9b4e-1405d1c251a9@group-B78E8877FFF6: ConfigurationManager, init=-1: [49f3ee78-dcf2-4a6b-9b4e-1405d1c251a9:192.168.5.161:34907], old=null, confs=<EMPTY_MAP>
2019-09-25 04:12:41,884 [pool-37-thread-1] INFO  server.RaftServerConfigKeys (ConfUtils.java:logGet(43)) - raft.server.storage.dir = [/workdir/hadoop-ozone/integration-test/target/test-dir/MiniOzoneClusterImpl-d80116af-1168-4dd4-a2cd-efb6e5bdb9d0/datanode-1/data/ratis] (custom)
2019-09-25 04:12:41,885 [pool-37-thread-1] INFO  storage.RaftStorageDirectory (RaftStorageDirectory.java:analyzeStorage(246)) - The storage directory /workdir/hadoop-ozone/integration-test/target/test-dir/MiniOzoneClusterImpl-d80116af-1168-4dd4-a2cd-efb6e5bdb9d0/datanode-1/data/ratis/e931b791-9e28-4887-bad3-b78e8877fff6 does not exist. Creating ...
2019-09-25 04:12:41,898 [pool-37-thread-1] INFO  storage.RaftStorageDirectory (RaftStorageDirectory.java:tryLock(328)) - Lock on /workdir/hadoop-ozone/integration-test/target/test-dir/MiniOzoneClusterImpl-d80116af-1168-4dd4-a2cd-efb6e5bdb9d0/datanode-1/data/ratis/e931b791-9e28-4887-bad3-b78e8877fff6/in_use.lock acquired by nodename 21034@pr-hdds-1569-zxpks-796972592
2019-09-25 04:12:41,911 [pool-37-thread-1] INFO  storage.RaftStorage (RaftStorage.java:format(72)) - Storage directory /workdir/hadoop-ozone/integration-test/target/test-dir/MiniOzoneClusterImpl-d80116af-1168-4dd4-a2cd-efb6e5bdb9d0/datanode-1/data/ratis/e931b791-9e28-4887-bad3-b78e8877fff6 has been successfully formatted.
2019-09-25 04:12:41,911 [pool-37-thread-1] INFO  ratis.ContainerStateMachine (ContainerStateMachine.java:loadSnapshot(230)) - group-B78E8877FFF6: The snapshot info is null. Setting the last applied indexto:(t:0, i:~)
2019-09-25 04:12:41,911 [pool-37-thread-1] INFO  server.RaftServerConfigKeys (ConfUtils.java:logGet(43)) - raft.server.notification.no-leader.timeout = 120s (custom)
2019-09-25 04:12:41,912 [pool-37-thread-1] INFO  server.RaftServerConfigKeys (ConfUtils.java:logGet(43)) - raft.server.log.use.memory = false (default)
2019-09-25 04:12:41,912 [pool-37-thread-1] INFO  server.RaftServerConfigKeys (ConfUtils.java:logGet(43)) - raft.server.log.purge.gap = 1000000 (custom)
2019-09-25 04:12:41,912 [pool-37-thread-1] INFO  server.RaftServerConfigKeys (ConfUtils.java:logGet(43)) - raft.server.log.appender.buffer.byte-limit = 33554432 (custom)
2019-09-25 04:12:41,912 [pool-37-thread-1] INFO  server.RaftServerConfigKeys (ConfUtils.java:logGet(43)) - raft.server.log.segment.size.max = 1048576 (custom)
2019-09-25 04:12:41,912 [pool-37-thread-1] INFO  server.RaftServerConfigKeys (ConfUtils.java:logGet(43)) - raft.server.log.segment.cache.num.max = 2 (custom)
2019-09-25 04:12:41,913 [pool-37-thread-1] INFO  segmented.SegmentedRaftLogWorker (SegmentedRaftLogWorker.java:<init>(172)) - new 49f3ee78-dcf2-4a6b-9b4e-1405d1c251a9@group-B78E8877FFF6-SegmentedRaftLogWorker for RaftStorage:Storage Directory /workdir/hadoop-ozone/integration-test/target/test-dir/MiniOzoneClusterImpl-d80116af-1168-4dd4-a2cd-efb6e5bdb9d0/datanode-1/data/ratis/e931b791-9e28-4887-bad3-b78e8877fff6
2019-09-25 04:12:41,913 [pool-37-thread-1] INFO  server.RaftServerConfigKeys (ConfUtils.java:logGet(43)) - raft.server.log.queue.byte-limit = 2147483647 (custom)
2019-09-25 04:12:41,913 [pool-37-thread-1] INFO  server.RaftServerConfigKeys (ConfUtils.java:logGet(43)) - raft.server.log.queue.element-limit = 1024 (custom)
2019-09-25 04:12:41,913 [pool-37-thread-1] INFO  server.RaftServerConfigKeys (ConfUtils.java:logGet(43)) - raft.server.log.segment.size.max = 1048576 (custom)
2019-09-25 04:12:41,913 [pool-37-thread-1] INFO  server.RaftServerConfigKeys (ConfUtils.java:logGet(43)) - raft.server.log.preallocated.size = 16384 (custom)
2019-09-25 04:12:41,913 [pool-37-thread-1] INFO  server.RaftServerConfigKeys (ConfUtils.java:logGet(43)) - raft.server.log.write.buffer.size = 33554432 (custom)
2019-09-25 04:12:41,914 [pool-37-thread-1] INFO  server.RaftServerConfigKeys (ConfUtils.java:logGet(43)) - raft.server.log.force.sync.num = 128 (default)
2019-09-25 04:12:41,914 [pool-37-thread-1] INFO  server.RaftServerConfigKeys (ConfUtils.java:logGet(43)) - raft.server.log.statemachine.data.sync = true (default)
2019-09-25 04:12:41,914 [pool-37-thread-1] INFO  server.RaftServerConfigKeys (ConfUtils.java:logGet(43)) - raft.server.log.statemachine.data.sync.timeout = 10s (default)
2019-09-25 04:12:41,914 [pool-37-thread-1] INFO  server.RaftServerConfigKeys (ConfUtils.java:logGet(43)) - raft.server.log.statemachine.data.sync.timeout.retry = -1 (default)
2019-09-25 04:12:41,915 [pool-37-thread-1] INFO  server.RaftServerConfigKeys (ConfUtils.java:logGet(43)) - raft.server.log.statemachine.data.caching.enabled = true (custom)
2019-09-25 04:12:41,915 [pool-37-thread-1] INFO  segmented.SegmentedRaftLogWorker (SegmentedRaftLogWorker.java:lambda$new$0(132)) - 49f3ee78-dcf2-4a6b-9b4e-1405d1c251a9@group-B78E8877FFF6-SegmentedRaftLogWorker: flushIndex: setUnconditionally 0 -> -1
2019-09-25 04:12:41,915 [pool-37-thread-1] INFO  server.RaftServerConfigKeys (ConfUtils.java:logGet(43)) - raft.server.snapshot.auto.trigger.enabled = true (custom)
2019-09-25 04:12:41,916 [pool-37-thread-1] INFO  server.RaftServerConfigKeys (ConfUtils.java:logGet(43)) - raft.server.snapshot.auto.trigger.threshold = 10000 (custom)
2019-09-25 04:12:41,916 [pool-37-thread-1] INFO  server.RaftServerConfigKeys (ConfUtils.java:logGet(43)) - raft.server.snapshot.retention.num.files = 5 (custom)
2019-09-25 04:12:41,916 [pool-37-thread-1] INFO  server.RaftServerConfigKeys (ConfUtils.java:logGet(43)) - raft.server.retrycache.expirytime = 600000ms (custom)
2019-09-25 04:12:41,920 [pool-37-thread-1] INFO  impl.RaftServerImpl (RaftServerImpl.java:start(185)) - 49f3ee78-dcf2-4a6b-9b4e-1405d1c251a9@group-B78E8877FFF6: start as a follower, conf=-1: [49f3ee78-dcf2-4a6b-9b4e-1405d1c251a9:192.168.5.161:34907], old=null
2019-09-25 04:12:41,920 [pool-37-thread-1] INFO  impl.RaftServerImpl (RaftServerImpl.java:setRole(174)) - 49f3ee78-dcf2-4a6b-9b4e-1405d1c251a9@group-B78E8877FFF6: changes role from      null to FOLLOWER at term 0 for startAsFollower
2019-09-25 04:12:41,920 [pool-37-thread-1] INFO  impl.RoleInfo (RoleInfo.java:updateAndGet(143)) - 49f3ee78-dcf2-4a6b-9b4e-1405d1c251a9: start FollowerState
2019-09-25 04:12:41,921 [pool-37-thread-1] INFO  util.JmxRegister (JmxRegister.java:tryRegister(44)) - Successfully registered JMX Bean with object name Ratis:service=RaftServer,group=group-B78E8877FFF6,id=49f3ee78-dcf2-4a6b-9b4e-1405d1c251a9
2019-09-25 04:12:41,932 [RatisPipelineUtilsThread] INFO  pipeline.PipelineStateManager (PipelineStateManager.java:addPipeline(56)) - Created pipeline Pipeline[ Id: e931b791-9e28-4887-bad3-b78e8877fff6, Nodes: 49f3ee78-dcf2-4a6b-9b4e-1405d1c251a9{ip: 192.168.5.161, host: pr-hdds-1569-zxpks-796972592, networkLocation: /default-rack, certSerialId: null}, Type:RATIS, Factor:ONE, State:OPEN]
2019-09-25 04:12:41,932 [RatisPipelineUtilsThread] INFO  pipeline.PipelinePlacementPolicy (PipelinePlacementPolicy.java:meetCriteria(91)) - Pipeline Placement: can't place more pipeline on heavy datanode： 49f3ee78-dcf2-4a6b-9b4e-1405d1c251a9 Heaviness: 6 limit: 5
2019-09-25 04:12:41,949 [grpc-default-executor-1] INFO  impl.RaftServerProxy (RaftServerProxy.java:addNew(89)) - f5d39e36-3e0f-4a54-a012-e19588cf60a3: addNew group-9215EF74F66E:[f5d39e36-3e0f-4a54-a012-e19588cf60a3:192.168.5.161:38379] returns group-9215EF74F66E:java.util.concurrent.CompletableFuture@1305f5c8[Not completed]
2019-09-25 04:12:41,951 [pool-27-thread-1] INFO  impl.RaftServerImpl (RaftServerImpl.java:<init>(95)) - f5d39e36-3e0f-4a54-a012-e19588cf60a3: new RaftServerImpl for group-9215EF74F66E:[f5d39e36-3e0f-4a54-a012-e19588cf60a3:192.168.5.161:38379] with ContainerStateMachine:uninitialized
2019-09-25 04:12:41,951 [pool-27-thread-1] INFO  server.RaftServerConfigKeys (ConfUtils.java:logGet(43)) - raft.server.rpc.timeout.min = 5s (custom)
2019-09-25 04:12:41,951 [IPC Server handler 2 on 33969] INFO  volume.OMVolumeCreateRequest (OMVolumeCreateRequest.java:validateAndUpdateCache(189)) - created volume:38a2320f-6aa2-4e4b-b1d1-35776cc7788a for user:jenkins1000
2019-09-25 04:12:41,951 [pool-27-thread-1] INFO  server.RaftServerConfigKeys (ConfUtils.java:logGet(43)) - raft.server.rpc.timeout.max = 5200ms (custom)
2019-09-25 04:12:41,952 [pool-27-thread-1] INFO  server.RaftServerConfigKeys (ConfUtils.java:logGet(43)) - raft.server.rpcslowness.timeout = 120s (custom)
2019-09-25 04:12:41,952 [pool-27-thread-1] INFO  server.RaftServerConfigKeys (ConfUtils.java:logGet(43)) - raft.server.sleep.deviation.threshold = 300 (default)
2019-09-25 04:12:41,952 [pool-27-thread-1] INFO  server.RaftServerConfigKeys (ConfUtils.java:logGet(43)) - raft.server.log.appender.install.snapshot.enabled = false (custom)
2019-09-25 04:12:41,952 [pool-27-thread-1] INFO  impl.RaftServerImpl (ServerState.java:<init>(103)) - f5d39e36-3e0f-4a54-a012-e19588cf60a3@group-9215EF74F66E: ConfigurationManager, init=-1: [f5d39e36-3e0f-4a54-a012-e19588cf60a3:192.168.5.161:38379], old=null, confs=<EMPTY_MAP>
2019-09-25 04:12:41,953 [pool-27-thread-1] INFO  server.RaftServerConfigKeys (ConfUtils.java:logGet(43)) - raft.server.storage.dir = [/workdir/hadoop-ozone/integration-test/target/test-dir/MiniOzoneClusterImpl-d80116af-1168-4dd4-a2cd-efb6e5bdb9d0/datanode-0/data/ratis] (custom)
2019-09-25 04:12:41,953 [pool-27-thread-1] INFO  storage.RaftStorageDirectory (RaftStorageDirectory.java:analyzeStorage(246)) - The storage directory /workdir/hadoop-ozone/integration-test/target/test-dir/MiniOzoneClusterImpl-d80116af-1168-4dd4-a2cd-efb6e5bdb9d0/datanode-0/data/ratis/bf4015b9-9801-44c3-b2de-9215ef74f66e does not exist. Creating ...
2019-09-25 04:12:41,967 [pool-27-thread-1] INFO  storage.RaftStorageDirectory (RaftStorageDirectory.java:tryLock(328)) - Lock on /workdir/hadoop-ozone/integration-test/target/test-dir/MiniOzoneClusterImpl-d80116af-1168-4dd4-a2cd-efb6e5bdb9d0/datanode-0/data/ratis/bf4015b9-9801-44c3-b2de-9215ef74f66e/in_use.lock acquired by nodename 21034@pr-hdds-1569-zxpks-796972592
2019-09-25 04:12:41,977 [main] INFO  rpc.RpcClient (RpcClient.java:createBucket(415)) - Creating Bucket: 38a2320f-6aa2-4e4b-b1d1-35776cc7788a/bc3f2781-b846-4d7c-8bb4-d88ce1fa7c01, with Versioning false and Storage Type set to DISK and Encryption set to false 
2019-09-25 04:12:41,980 [pool-27-thread-1] INFO  storage.RaftStorage (RaftStorage.java:format(72)) - Storage directory /workdir/hadoop-ozone/integration-test/target/test-dir/MiniOzoneClusterImpl-d80116af-1168-4dd4-a2cd-efb6e5bdb9d0/datanode-0/data/ratis/bf4015b9-9801-44c3-b2de-9215ef74f66e has been successfully formatted.
2019-09-25 04:12:41,980 [pool-27-thread-1] INFO  ratis.ContainerStateMachine (ContainerStateMachine.java:loadSnapshot(230)) - group-9215EF74F66E: The snapshot info is null. Setting the last applied indexto:(t:0, i:~)
2019-09-25 04:12:41,980 [pool-27-thread-1] INFO  server.RaftServerConfigKeys (ConfUtils.java:logGet(43)) - raft.server.notification.no-leader.timeout = 120s (custom)
2019-09-25 04:12:41,981 [pool-27-thread-1] INFO  server.RaftServerConfigKeys (ConfUtils.java:logGet(43)) - raft.server.log.use.memory = false (default)
2019-09-25 04:12:41,981 [pool-27-thread-1] INFO  server.RaftServerConfigKeys (ConfUtils.java:logGet(43)) - raft.server.log.purge.gap = 1000000 (custom)
2019-09-25 04:12:41,981 [pool-27-thread-1] INFO  server.RaftServerConfigKeys (ConfUtils.java:logGet(43)) - raft.server.log.appender.buffer.byte-limit = 33554432 (custom)
2019-09-25 04:12:41,981 [pool-27-thread-1] INFO  server.RaftServerConfigKeys (ConfUtils.java:logGet(43)) - raft.server.log.segment.size.max = 1048576 (custom)
2019-09-25 04:12:41,981 [pool-27-thread-1] INFO  server.RaftServerConfigKeys (ConfUtils.java:logGet(43)) - raft.server.log.segment.cache.num.max = 2 (custom)
2019-09-25 04:12:41,982 [pool-27-thread-1] INFO  segmented.SegmentedRaftLogWorker (SegmentedRaftLogWorker.java:<init>(172)) - new f5d39e36-3e0f-4a54-a012-e19588cf60a3@group-9215EF74F66E-SegmentedRaftLogWorker for RaftStorage:Storage Directory /workdir/hadoop-ozone/integration-test/target/test-dir/MiniOzoneClusterImpl-d80116af-1168-4dd4-a2cd-efb6e5bdb9d0/datanode-0/data/ratis/bf4015b9-9801-44c3-b2de-9215ef74f66e
2019-09-25 04:12:41,982 [pool-27-thread-1] INFO  server.RaftServerConfigKeys (ConfUtils.java:logGet(43)) - raft.server.log.queue.byte-limit = 2147483647 (custom)
2019-09-25 04:12:41,982 [pool-27-thread-1] INFO  server.RaftServerConfigKeys (ConfUtils.java:logGet(43)) - raft.server.log.queue.element-limit = 1024 (custom)
2019-09-25 04:12:41,982 [pool-27-thread-1] INFO  server.RaftServerConfigKeys (ConfUtils.java:logGet(43)) - raft.server.log.segment.size.max = 1048576 (custom)
2019-09-25 04:12:41,982 [pool-27-thread-1] INFO  server.RaftServerConfigKeys (ConfUtils.java:logGet(43)) - raft.server.log.preallocated.size = 16384 (custom)
2019-09-25 04:12:41,983 [pool-27-thread-1] INFO  server.RaftServerConfigKeys (ConfUtils.java:logGet(43)) - raft.server.log.write.buffer.size = 33554432 (custom)
2019-09-25 04:12:41,983 [pool-27-thread-1] INFO  server.RaftServerConfigKeys (ConfUtils.java:logGet(43)) - raft.server.log.force.sync.num = 128 (default)
2019-09-25 04:12:41,983 [pool-27-thread-1] INFO  server.RaftServerConfigKeys (ConfUtils.java:logGet(43)) - raft.server.log.statemachine.data.sync = true (default)
2019-09-25 04:12:41,983 [pool-27-thread-1] INFO  server.RaftServerConfigKeys (ConfUtils.java:logGet(43)) - raft.server.log.statemachine.data.sync.timeout = 10s (default)
2019-09-25 04:12:41,984 [pool-27-thread-1] INFO  server.RaftServerConfigKeys (ConfUtils.java:logGet(43)) - raft.server.log.statemachine.data.sync.timeout.retry = -1 (default)
2019-09-25 04:12:41,984 [pool-27-thread-1] INFO  server.RaftServerConfigKeys (ConfUtils.java:logGet(43)) - raft.server.log.statemachine.data.caching.enabled = true (custom)
2019-09-25 04:12:41,986 [pool-27-thread-1] INFO  segmented.SegmentedRaftLogWorker (SegmentedRaftLogWorker.java:lambda$new$0(132)) - f5d39e36-3e0f-4a54-a012-e19588cf60a3@group-9215EF74F66E-SegmentedRaftLogWorker: flushIndex: setUnconditionally 0 -> -1
2019-09-25 04:12:41,986 [pool-27-thread-1] INFO  server.RaftServerConfigKeys (ConfUtils.java:logGet(43)) - raft.server.snapshot.auto.trigger.enabled = true (custom)
2019-09-25 04:12:41,986 [pool-27-thread-1] INFO  server.RaftServerConfigKeys (ConfUtils.java:logGet(43)) - raft.server.snapshot.auto.trigger.threshold = 10000 (custom)
2019-09-25 04:12:41,987 [pool-27-thread-1] INFO  server.RaftServerConfigKeys (ConfUtils.java:logGet(43)) - raft.server.snapshot.retention.num.files = 5 (custom)
2019-09-25 04:12:41,987 [pool-27-thread-1] INFO  server.RaftServerConfigKeys (ConfUtils.java:logGet(43)) - raft.server.retrycache.expirytime = 600000ms (custom)
2019-09-25 04:12:41,992 [pool-27-thread-1] INFO  impl.RaftServerImpl (RaftServerImpl.java:start(185)) - f5d39e36-3e0f-4a54-a012-e19588cf60a3@group-9215EF74F66E: start as a follower, conf=-1: [f5d39e36-3e0f-4a54-a012-e19588cf60a3:192.168.5.161:38379], old=null
2019-09-25 04:12:41,993 [pool-27-thread-1] INFO  impl.RaftServerImpl (RaftServerImpl.java:setRole(174)) - f5d39e36-3e0f-4a54-a012-e19588cf60a3@group-9215EF74F66E: changes role from      null to FOLLOWER at term 0 for startAsFollower
2019-09-25 04:12:41,993 [pool-27-thread-1] INFO  impl.RoleInfo (RoleInfo.java:updateAndGet(143)) - f5d39e36-3e0f-4a54-a012-e19588cf60a3: start FollowerState
2019-09-25 04:12:41,993 [pool-27-thread-1] INFO  util.JmxRegister (JmxRegister.java:tryRegister(44)) - Successfully registered JMX Bean with object name Ratis:service=RaftServer,group=group-9215EF74F66E,id=f5d39e36-3e0f-4a54-a012-e19588cf60a3
2019-09-25 04:12:42,000 [RatisPipelineUtilsThread] INFO  pipeline.PipelineStateManager (PipelineStateManager.java:addPipeline(56)) - Created pipeline Pipeline[ Id: bf4015b9-9801-44c3-b2de-9215ef74f66e, Nodes: f5d39e36-3e0f-4a54-a012-e19588cf60a3{ip: 192.168.5.161, host: pr-hdds-1569-zxpks-796972592, networkLocation: /default-rack, certSerialId: null}, Type:RATIS, Factor:ONE, State:OPEN]
2019-09-25 04:12:42,000 [RatisPipelineUtilsThread] INFO  pipeline.PipelinePlacementPolicy (PipelinePlacementPolicy.java:meetCriteria(91)) - Pipeline Placement: can't place more pipeline on heavy datanode： 49f3ee78-dcf2-4a6b-9b4e-1405d1c251a9 Heaviness: 6 limit: 5
2019-09-25 04:12:42,015 [grpc-default-executor-1] INFO  impl.RaftServerProxy (RaftServerProxy.java:addNew(89)) - f5d39e36-3e0f-4a54-a012-e19588cf60a3: addNew group-A7D6900632FF:[f5d39e36-3e0f-4a54-a012-e19588cf60a3:192.168.5.161:38379] returns group-A7D6900632FF:java.util.concurrent.CompletableFuture@5b8ccd37[Not completed]
2019-09-25 04:12:42,019 [pool-27-thread-1] INFO  impl.RaftServerImpl (RaftServerImpl.java:<init>(95)) - f5d39e36-3e0f-4a54-a012-e19588cf60a3: new RaftServerImpl for group-A7D6900632FF:[f5d39e36-3e0f-4a54-a012-e19588cf60a3:192.168.5.161:38379] with ContainerStateMachine:uninitialized
2019-09-25 04:12:42,019 [pool-27-thread-1] INFO  server.RaftServerConfigKeys (ConfUtils.java:logGet(43)) - raft.server.rpc.timeout.min = 5s (custom)
2019-09-25 04:12:42,019 [pool-27-thread-1] INFO  server.RaftServerConfigKeys (ConfUtils.java:logGet(43)) - raft.server.rpc.timeout.max = 5200ms (custom)
2019-09-25 04:12:42,019 [pool-27-thread-1] INFO  server.RaftServerConfigKeys (ConfUtils.java:logGet(43)) - raft.server.rpcslowness.timeout = 120s (custom)
2019-09-25 04:12:42,019 [pool-27-thread-1] INFO  server.RaftServerConfigKeys (ConfUtils.java:logGet(43)) - raft.server.sleep.deviation.threshold = 300 (default)
2019-09-25 04:12:42,019 [pool-27-thread-1] INFO  server.RaftServerConfigKeys (ConfUtils.java:logGet(43)) - raft.server.log.appender.install.snapshot.enabled = false (custom)
2019-09-25 04:12:42,020 [pool-27-thread-1] INFO  impl.RaftServerImpl (ServerState.java:<init>(103)) - f5d39e36-3e0f-4a54-a012-e19588cf60a3@group-A7D6900632FF: ConfigurationManager, init=-1: [f5d39e36-3e0f-4a54-a012-e19588cf60a3:192.168.5.161:38379], old=null, confs=<EMPTY_MAP>
2019-09-25 04:12:42,020 [pool-27-thread-1] INFO  server.RaftServerConfigKeys (ConfUtils.java:logGet(43)) - raft.server.storage.dir = [/workdir/hadoop-ozone/integration-test/target/test-dir/MiniOzoneClusterImpl-d80116af-1168-4dd4-a2cd-efb6e5bdb9d0/datanode-0/data/ratis] (custom)
2019-09-25 04:12:42,021 [pool-27-thread-1] INFO  storage.RaftStorageDirectory (RaftStorageDirectory.java:analyzeStorage(246)) - The storage directory /workdir/hadoop-ozone/integration-test/target/test-dir/MiniOzoneClusterImpl-d80116af-1168-4dd4-a2cd-efb6e5bdb9d0/datanode-0/data/ratis/aba1cde0-0317-4bd8-9e26-a7d6900632ff does not exist. Creating ...
2019-09-25 04:12:42,033 [pool-27-thread-1] INFO  storage.RaftStorageDirectory (RaftStorageDirectory.java:tryLock(328)) - Lock on /workdir/hadoop-ozone/integration-test/target/test-dir/MiniOzoneClusterImpl-d80116af-1168-4dd4-a2cd-efb6e5bdb9d0/datanode-0/data/ratis/aba1cde0-0317-4bd8-9e26-a7d6900632ff/in_use.lock acquired by nodename 21034@pr-hdds-1569-zxpks-796972592
2019-09-25 04:12:42,054 [pool-27-thread-1] INFO  storage.RaftStorage (RaftStorage.java:format(72)) - Storage directory /workdir/hadoop-ozone/integration-test/target/test-dir/MiniOzoneClusterImpl-d80116af-1168-4dd4-a2cd-efb6e5bdb9d0/datanode-0/data/ratis/aba1cde0-0317-4bd8-9e26-a7d6900632ff has been successfully formatted.
2019-09-25 04:12:42,055 [pool-27-thread-1] INFO  ratis.ContainerStateMachine (ContainerStateMachine.java:loadSnapshot(230)) - group-A7D6900632FF: The snapshot info is null. Setting the last applied indexto:(t:0, i:~)
2019-09-25 04:12:42,055 [pool-27-thread-1] INFO  server.RaftServerConfigKeys (ConfUtils.java:logGet(43)) - raft.server.notification.no-leader.timeout = 120s (custom)
2019-09-25 04:12:42,055 [pool-27-thread-1] INFO  server.RaftServerConfigKeys (ConfUtils.java:logGet(43)) - raft.server.log.use.memory = false (default)
2019-09-25 04:12:42,055 [pool-27-thread-1] INFO  server.RaftServerConfigKeys (ConfUtils.java:logGet(43)) - raft.server.log.purge.gap = 1000000 (custom)
2019-09-25 04:12:42,056 [pool-27-thread-1] INFO  server.RaftServerConfigKeys (ConfUtils.java:logGet(43)) - raft.server.log.appender.buffer.byte-limit = 33554432 (custom)
2019-09-25 04:12:42,056 [pool-27-thread-1] INFO  server.RaftServerConfigKeys (ConfUtils.java:logGet(43)) - raft.server.log.segment.size.max = 1048576 (custom)
2019-09-25 04:12:42,056 [pool-27-thread-1] INFO  server.RaftServerConfigKeys (ConfUtils.java:logGet(43)) - raft.server.log.segment.cache.num.max = 2 (custom)
2019-09-25 04:12:42,056 [pool-27-thread-1] INFO  segmented.SegmentedRaftLogWorker (SegmentedRaftLogWorker.java:<init>(172)) - new f5d39e36-3e0f-4a54-a012-e19588cf60a3@group-A7D6900632FF-SegmentedRaftLogWorker for RaftStorage:Storage Directory /workdir/hadoop-ozone/integration-test/target/test-dir/MiniOzoneClusterImpl-d80116af-1168-4dd4-a2cd-efb6e5bdb9d0/datanode-0/data/ratis/aba1cde0-0317-4bd8-9e26-a7d6900632ff
2019-09-25 04:12:42,056 [pool-27-thread-1] INFO  server.RaftServerConfigKeys (ConfUtils.java:logGet(43)) - raft.server.log.queue.byte-limit = 2147483647 (custom)
2019-09-25 04:12:42,057 [pool-27-thread-1] INFO  server.RaftServerConfigKeys (ConfUtils.java:logGet(43)) - raft.server.log.queue.element-limit = 1024 (custom)
2019-09-25 04:12:42,057 [pool-27-thread-1] INFO  server.RaftServerConfigKeys (ConfUtils.java:logGet(43)) - raft.server.log.segment.size.max = 1048576 (custom)
2019-09-25 04:12:42,057 [pool-27-thread-1] INFO  server.RaftServerConfigKeys (ConfUtils.java:logGet(43)) - raft.server.log.preallocated.size = 16384 (custom)
2019-09-25 04:12:42,057 [pool-27-thread-1] INFO  server.RaftServerConfigKeys (ConfUtils.java:logGet(43)) - raft.server.log.write.buffer.size = 33554432 (custom)
2019-09-25 04:12:42,058 [pool-27-thread-1] INFO  server.RaftServerConfigKeys (ConfUtils.java:logGet(43)) - raft.server.log.force.sync.num = 128 (default)
2019-09-25 04:12:42,058 [pool-27-thread-1] INFO  server.RaftServerConfigKeys (ConfUtils.java:logGet(43)) - raft.server.log.statemachine.data.sync = true (default)
2019-09-25 04:12:42,058 [pool-27-thread-1] INFO  server.RaftServerConfigKeys (ConfUtils.java:logGet(43)) - raft.server.log.statemachine.data.sync.timeout = 10s (default)
2019-09-25 04:12:42,058 [pool-27-thread-1] INFO  server.RaftServerConfigKeys (ConfUtils.java:logGet(43)) - raft.server.log.statemachine.data.sync.timeout.retry = -1 (default)
2019-09-25 04:12:42,058 [pool-27-thread-1] INFO  server.RaftServerConfigKeys (ConfUtils.java:logGet(43)) - raft.server.log.statemachine.data.caching.enabled = true (custom)
2019-09-25 04:12:42,059 [pool-27-thread-1] INFO  segmented.SegmentedRaftLogWorker (SegmentedRaftLogWorker.java:lambda$new$0(132)) - f5d39e36-3e0f-4a54-a012-e19588cf60a3@group-A7D6900632FF-SegmentedRaftLogWorker: flushIndex: setUnconditionally 0 -> -1
2019-09-25 04:12:42,059 [pool-27-thread-1] INFO  server.RaftServerConfigKeys (ConfUtils.java:logGet(43)) - raft.server.snapshot.auto.trigger.enabled = true (custom)
2019-09-25 04:12:42,059 [pool-27-thread-1] INFO  server.RaftServerConfigKeys (ConfUtils.java:logGet(43)) - raft.server.snapshot.auto.trigger.threshold = 10000 (custom)
2019-09-25 04:12:42,060 [pool-27-thread-1] INFO  server.RaftServerConfigKeys (ConfUtils.java:logGet(43)) - raft.server.snapshot.retention.num.files = 5 (custom)
2019-09-25 04:12:42,060 [pool-27-thread-1] INFO  server.RaftServerConfigKeys (ConfUtils.java:logGet(43)) - raft.server.retrycache.expirytime = 600000ms (custom)
2019-09-25 04:12:42,064 [pool-27-thread-1] INFO  impl.RaftServerImpl (RaftServerImpl.java:start(185)) - f5d39e36-3e0f-4a54-a012-e19588cf60a3@group-A7D6900632FF: start as a follower, conf=-1: [f5d39e36-3e0f-4a54-a012-e19588cf60a3:192.168.5.161:38379], old=null
2019-09-25 04:12:42,064 [pool-27-thread-1] INFO  impl.RaftServerImpl (RaftServerImpl.java:setRole(174)) - f5d39e36-3e0f-4a54-a012-e19588cf60a3@group-A7D6900632FF: changes role from      null to FOLLOWER at term 0 for startAsFollower
2019-09-25 04:12:42,064 [pool-27-thread-1] INFO  impl.RoleInfo (RoleInfo.java:updateAndGet(143)) - f5d39e36-3e0f-4a54-a012-e19588cf60a3: start FollowerState
2019-09-25 04:12:42,065 [pool-27-thread-1] INFO  util.JmxRegister (JmxRegister.java:tryRegister(44)) - Successfully registered JMX Bean with object name Ratis:service=RaftServer,group=group-A7D6900632FF,id=f5d39e36-3e0f-4a54-a012-e19588cf60a3
2019-09-25 04:12:42,074 [RatisPipelineUtilsThread] INFO  pipeline.PipelineStateManager (PipelineStateManager.java:addPipeline(56)) - Created pipeline Pipeline[ Id: aba1cde0-0317-4bd8-9e26-a7d6900632ff, Nodes: f5d39e36-3e0f-4a54-a012-e19588cf60a3{ip: 192.168.5.161, host: pr-hdds-1569-zxpks-796972592, networkLocation: /default-rack, certSerialId: null}, Type:RATIS, Factor:ONE, State:OPEN]
2019-09-25 04:12:42,074 [RatisPipelineUtilsThread] INFO  pipeline.PipelinePlacementPolicy (PipelinePlacementPolicy.java:meetCriteria(91)) - Pipeline Placement: can't place more pipeline on heavy datanode： 49f3ee78-dcf2-4a6b-9b4e-1405d1c251a9 Heaviness: 6 limit: 5
2019-09-25 04:12:42,074 [RatisPipelineUtilsThread] INFO  pipeline.PipelinePlacementPolicy (PipelinePlacementPolicy.java:meetCriteria(91)) - Pipeline Placement: can't place more pipeline on heavy datanode： f5d39e36-3e0f-4a54-a012-e19588cf60a3 Heaviness: 6 limit: 5
2019-09-25 04:12:42,094 [grpc-default-executor-1] INFO  impl.RaftServerProxy (RaftServerProxy.java:addNew(89)) - a5b2edd3-6412-4d16-8923-90c13280c91d: addNew group-4ECEC7CDA19D:[a5b2edd3-6412-4d16-8923-90c13280c91d:192.168.5.161:45131] returns group-4ECEC7CDA19D:java.util.concurrent.CompletableFuture@440f30d9[Not completed]
2019-09-25 04:12:42,097 [pool-47-thread-1] INFO  impl.RaftServerImpl (RaftServerImpl.java:<init>(95)) - a5b2edd3-6412-4d16-8923-90c13280c91d: new RaftServerImpl for group-4ECEC7CDA19D:[a5b2edd3-6412-4d16-8923-90c13280c91d:192.168.5.161:45131] with ContainerStateMachine:uninitialized
2019-09-25 04:12:42,097 [pool-47-thread-1] INFO  server.RaftServerConfigKeys (ConfUtils.java:logGet(43)) - raft.server.rpc.timeout.min = 5s (custom)
2019-09-25 04:12:42,097 [pool-47-thread-1] INFO  server.RaftServerConfigKeys (ConfUtils.java:logGet(43)) - raft.server.rpc.timeout.max = 5200ms (custom)
2019-09-25 04:12:42,097 [pool-47-thread-1] INFO  server.RaftServerConfigKeys (ConfUtils.java:logGet(43)) - raft.server.rpcslowness.timeout = 120s (custom)
2019-09-25 04:12:42,097 [pool-47-thread-1] INFO  server.RaftServerConfigKeys (ConfUtils.java:logGet(43)) - raft.server.sleep.deviation.threshold = 300 (default)
2019-09-25 04:12:42,098 [pool-47-thread-1] INFO  server.RaftServerConfigKeys (ConfUtils.java:logGet(43)) - raft.server.log.appender.install.snapshot.enabled = false (custom)
2019-09-25 04:12:42,098 [pool-47-thread-1] INFO  impl.RaftServerImpl (ServerState.java:<init>(103)) - a5b2edd3-6412-4d16-8923-90c13280c91d@group-4ECEC7CDA19D: ConfigurationManager, init=-1: [a5b2edd3-6412-4d16-8923-90c13280c91d:192.168.5.161:45131], old=null, confs=<EMPTY_MAP>
2019-09-25 04:12:42,098 [pool-47-thread-1] INFO  server.RaftServerConfigKeys (ConfUtils.java:logGet(43)) - raft.server.storage.dir = [/workdir/hadoop-ozone/integration-test/target/test-dir/MiniOzoneClusterImpl-d80116af-1168-4dd4-a2cd-efb6e5bdb9d0/datanode-2/data/ratis] (custom)
2019-09-25 04:12:42,099 [pool-47-thread-1] INFO  storage.RaftStorageDirectory (RaftStorageDirectory.java:analyzeStorage(246)) - The storage directory /workdir/hadoop-ozone/integration-test/target/test-dir/MiniOzoneClusterImpl-d80116af-1168-4dd4-a2cd-efb6e5bdb9d0/datanode-2/data/ratis/4c74a4e5-79ee-4996-a390-4ecec7cda19d does not exist. Creating ...
2019-09-25 04:12:42,111 [pool-47-thread-1] INFO  storage.RaftStorageDirectory (RaftStorageDirectory.java:tryLock(328)) - Lock on /workdir/hadoop-ozone/integration-test/target/test-dir/MiniOzoneClusterImpl-d80116af-1168-4dd4-a2cd-efb6e5bdb9d0/datanode-2/data/ratis/4c74a4e5-79ee-4996-a390-4ecec7cda19d/in_use.lock acquired by nodename 21034@pr-hdds-1569-zxpks-796972592
2019-09-25 04:12:42,125 [pool-47-thread-1] INFO  storage.RaftStorage (RaftStorage.java:format(72)) - Storage directory /workdir/hadoop-ozone/integration-test/target/test-dir/MiniOzoneClusterImpl-d80116af-1168-4dd4-a2cd-efb6e5bdb9d0/datanode-2/data/ratis/4c74a4e5-79ee-4996-a390-4ecec7cda19d has been successfully formatted.
2019-09-25 04:12:42,125 [pool-47-thread-1] INFO  ratis.ContainerStateMachine (ContainerStateMachine.java:loadSnapshot(230)) - group-4ECEC7CDA19D: The snapshot info is null. Setting the last applied indexto:(t:0, i:~)
2019-09-25 04:12:42,125 [pool-47-thread-1] INFO  server.RaftServerConfigKeys (ConfUtils.java:logGet(43)) - raft.server.notification.no-leader.timeout = 120s (custom)
2019-09-25 04:12:42,126 [pool-47-thread-1] INFO  server.RaftServerConfigKeys (ConfUtils.java:logGet(43)) - raft.server.log.use.memory = false (default)
2019-09-25 04:12:42,126 [pool-47-thread-1] INFO  server.RaftServerConfigKeys (ConfUtils.java:logGet(43)) - raft.server.log.purge.gap = 1000000 (custom)
2019-09-25 04:12:42,126 [pool-47-thread-1] INFO  server.RaftServerConfigKeys (ConfUtils.java:logGet(43)) - raft.server.log.appender.buffer.byte-limit = 33554432 (custom)
2019-09-25 04:12:42,126 [pool-47-thread-1] INFO  server.RaftServerConfigKeys (ConfUtils.java:logGet(43)) - raft.server.log.segment.size.max = 1048576 (custom)
2019-09-25 04:12:42,126 [pool-47-thread-1] INFO  server.RaftServerConfigKeys (ConfUtils.java:logGet(43)) - raft.server.log.segment.cache.num.max = 2 (custom)
2019-09-25 04:12:42,127 [pool-47-thread-1] INFO  segmented.SegmentedRaftLogWorker (SegmentedRaftLogWorker.java:<init>(172)) - new a5b2edd3-6412-4d16-8923-90c13280c91d@group-4ECEC7CDA19D-SegmentedRaftLogWorker for RaftStorage:Storage Directory /workdir/hadoop-ozone/integration-test/target/test-dir/MiniOzoneClusterImpl-d80116af-1168-4dd4-a2cd-efb6e5bdb9d0/datanode-2/data/ratis/4c74a4e5-79ee-4996-a390-4ecec7cda19d
2019-09-25 04:12:42,127 [pool-47-thread-1] INFO  server.RaftServerConfigKeys (ConfUtils.java:logGet(43)) - raft.server.log.queue.byte-limit = 2147483647 (custom)
2019-09-25 04:12:42,127 [pool-47-thread-1] INFO  server.RaftServerConfigKeys (ConfUtils.java:logGet(43)) - raft.server.log.queue.element-limit = 1024 (custom)
2019-09-25 04:12:42,127 [pool-47-thread-1] INFO  server.RaftServerConfigKeys (ConfUtils.java:logGet(43)) - raft.server.log.segment.size.max = 1048576 (custom)
2019-09-25 04:12:42,128 [pool-47-thread-1] INFO  server.RaftServerConfigKeys (ConfUtils.java:logGet(43)) - raft.server.log.preallocated.size = 16384 (custom)
2019-09-25 04:12:42,128 [pool-47-thread-1] INFO  server.RaftServerConfigKeys (ConfUtils.java:logGet(43)) - raft.server.log.write.buffer.size = 33554432 (custom)
2019-09-25 04:12:42,128 [pool-47-thread-1] INFO  server.RaftServerConfigKeys (ConfUtils.java:logGet(43)) - raft.server.log.force.sync.num = 128 (default)
2019-09-25 04:12:42,128 [pool-47-thread-1] INFO  server.RaftServerConfigKeys (ConfUtils.java:logGet(43)) - raft.server.log.statemachine.data.sync = true (default)
2019-09-25 04:12:42,128 [pool-47-thread-1] INFO  server.RaftServerConfigKeys (ConfUtils.java:logGet(43)) - raft.server.log.statemachine.data.sync.timeout = 10s (default)
2019-09-25 04:12:42,128 [pool-47-thread-1] INFO  server.RaftServerConfigKeys (ConfUtils.java:logGet(43)) - raft.server.log.statemachine.data.sync.timeout.retry = -1 (default)
2019-09-25 04:12:42,129 [pool-47-thread-1] INFO  server.RaftServerConfigKeys (ConfUtils.java:logGet(43)) - raft.server.log.statemachine.data.caching.enabled = true (custom)
2019-09-25 04:12:42,129 [pool-47-thread-1] INFO  segmented.SegmentedRaftLogWorker (SegmentedRaftLogWorker.java:lambda$new$0(132)) - a5b2edd3-6412-4d16-8923-90c13280c91d@group-4ECEC7CDA19D-SegmentedRaftLogWorker: flushIndex: setUnconditionally 0 -> -1
2019-09-25 04:12:42,130 [pool-47-thread-1] INFO  server.RaftServerConfigKeys (ConfUtils.java:logGet(43)) - raft.server.snapshot.auto.trigger.enabled = true (custom)
2019-09-25 04:12:42,130 [pool-47-thread-1] INFO  server.RaftServerConfigKeys (ConfUtils.java:logGet(43)) - raft.server.snapshot.auto.trigger.threshold = 10000 (custom)
2019-09-25 04:12:42,130 [pool-47-thread-1] INFO  server.RaftServerConfigKeys (ConfUtils.java:logGet(43)) - raft.server.snapshot.retention.num.files = 5 (custom)
2019-09-25 04:12:42,130 [pool-47-thread-1] INFO  server.RaftServerConfigKeys (ConfUtils.java:logGet(43)) - raft.server.retrycache.expirytime = 600000ms (custom)
2019-09-25 04:12:42,134 [pool-47-thread-1] INFO  impl.RaftServerImpl (RaftServerImpl.java:start(185)) - a5b2edd3-6412-4d16-8923-90c13280c91d@group-4ECEC7CDA19D: start as a follower, conf=-1: [a5b2edd3-6412-4d16-8923-90c13280c91d:192.168.5.161:45131], old=null
2019-09-25 04:12:42,135 [pool-47-thread-1] INFO  impl.RaftServerImpl (RaftServerImpl.java:setRole(174)) - a5b2edd3-6412-4d16-8923-90c13280c91d@group-4ECEC7CDA19D: changes role from      null to FOLLOWER at term 0 for startAsFollower
2019-09-25 04:12:42,135 [pool-47-thread-1] INFO  impl.RoleInfo (RoleInfo.java:updateAndGet(143)) - a5b2edd3-6412-4d16-8923-90c13280c91d: start FollowerState
2019-09-25 04:12:42,135 [pool-47-thread-1] INFO  util.JmxRegister (JmxRegister.java:tryRegister(44)) - Successfully registered JMX Bean with object name Ratis:service=RaftServer,group=group-4ECEC7CDA19D,id=a5b2edd3-6412-4d16-8923-90c13280c91d
2019-09-25 04:12:42,141 [RatisPipelineUtilsThread] INFO  pipeline.PipelineStateManager (PipelineStateManager.java:addPipeline(56)) - Created pipeline Pipeline[ Id: 4c74a4e5-79ee-4996-a390-4ecec7cda19d, Nodes: a5b2edd3-6412-4d16-8923-90c13280c91d{ip: 192.168.5.161, host: pr-hdds-1569-zxpks-796972592, networkLocation: /default-rack, certSerialId: null}, Type:RATIS, Factor:ONE, State:OPEN]
2019-09-25 04:12:42,142 [RatisPipelineUtilsThread] INFO  pipeline.PipelinePlacementPolicy (PipelinePlacementPolicy.java:meetCriteria(91)) - Pipeline Placement: can't place more pipeline on heavy datanode： 49f3ee78-dcf2-4a6b-9b4e-1405d1c251a9 Heaviness: 6 limit: 5
2019-09-25 04:12:42,142 [RatisPipelineUtilsThread] INFO  pipeline.PipelinePlacementPolicy (PipelinePlacementPolicy.java:meetCriteria(91)) - Pipeline Placement: can't place more pipeline on heavy datanode： f5d39e36-3e0f-4a54-a012-e19588cf60a3 Heaviness: 6 limit: 5
2019-09-25 04:12:42,154 [grpc-default-executor-1] INFO  impl.RaftServerProxy (RaftServerProxy.java:addNew(89)) - a5b2edd3-6412-4d16-8923-90c13280c91d: addNew group-2364756B8CB6:[a5b2edd3-6412-4d16-8923-90c13280c91d:192.168.5.161:45131] returns group-2364756B8CB6:java.util.concurrent.CompletableFuture@4088c60e[Not completed]
2019-09-25 04:12:42,156 [pool-47-thread-1] INFO  impl.RaftServerImpl (RaftServerImpl.java:<init>(95)) - a5b2edd3-6412-4d16-8923-90c13280c91d: new RaftServerImpl for group-2364756B8CB6:[a5b2edd3-6412-4d16-8923-90c13280c91d:192.168.5.161:45131] with ContainerStateMachine:uninitialized
2019-09-25 04:12:42,156 [pool-47-thread-1] INFO  server.RaftServerConfigKeys (ConfUtils.java:logGet(43)) - raft.server.rpc.timeout.min = 5s (custom)
2019-09-25 04:12:42,156 [pool-47-thread-1] INFO  server.RaftServerConfigKeys (ConfUtils.java:logGet(43)) - raft.server.rpc.timeout.max = 5200ms (custom)
2019-09-25 04:12:42,156 [pool-47-thread-1] INFO  server.RaftServerConfigKeys (ConfUtils.java:logGet(43)) - raft.server.rpcslowness.timeout = 120s (custom)
2019-09-25 04:12:42,156 [pool-47-thread-1] INFO  server.RaftServerConfigKeys (ConfUtils.java:logGet(43)) - raft.server.sleep.deviation.threshold = 300 (default)
2019-09-25 04:12:42,157 [pool-47-thread-1] INFO  server.RaftServerConfigKeys (ConfUtils.java:logGet(43)) - raft.server.log.appender.install.snapshot.enabled = false (custom)
2019-09-25 04:12:42,157 [pool-47-thread-1] INFO  impl.RaftServerImpl (ServerState.java:<init>(103)) - a5b2edd3-6412-4d16-8923-90c13280c91d@group-2364756B8CB6: ConfigurationManager, init=-1: [a5b2edd3-6412-4d16-8923-90c13280c91d:192.168.5.161:45131], old=null, confs=<EMPTY_MAP>
2019-09-25 04:12:42,157 [pool-47-thread-1] INFO  server.RaftServerConfigKeys (ConfUtils.java:logGet(43)) - raft.server.storage.dir = [/workdir/hadoop-ozone/integration-test/target/test-dir/MiniOzoneClusterImpl-d80116af-1168-4dd4-a2cd-efb6e5bdb9d0/datanode-2/data/ratis] (custom)
2019-09-25 04:12:42,157 [pool-47-thread-1] INFO  storage.RaftStorageDirectory (RaftStorageDirectory.java:analyzeStorage(246)) - The storage directory /workdir/hadoop-ozone/integration-test/target/test-dir/MiniOzoneClusterImpl-d80116af-1168-4dd4-a2cd-efb6e5bdb9d0/datanode-2/data/ratis/73eb41a7-fd81-440b-ac23-2364756b8cb6 does not exist. Creating ...
2019-09-25 04:12:42,171 [pool-47-thread-1] INFO  storage.RaftStorageDirectory (RaftStorageDirectory.java:tryLock(328)) - Lock on /workdir/hadoop-ozone/integration-test/target/test-dir/MiniOzoneClusterImpl-d80116af-1168-4dd4-a2cd-efb6e5bdb9d0/datanode-2/data/ratis/73eb41a7-fd81-440b-ac23-2364756b8cb6/in_use.lock acquired by nodename 21034@pr-hdds-1569-zxpks-796972592
2019-09-25 04:12:42,183 [pool-47-thread-1] INFO  storage.RaftStorage (RaftStorage.java:format(72)) - Storage directory /workdir/hadoop-ozone/integration-test/target/test-dir/MiniOzoneClusterImpl-d80116af-1168-4dd4-a2cd-efb6e5bdb9d0/datanode-2/data/ratis/73eb41a7-fd81-440b-ac23-2364756b8cb6 has been successfully formatted.
2019-09-25 04:12:42,184 [pool-47-thread-1] INFO  ratis.ContainerStateMachine (ContainerStateMachine.java:loadSnapshot(230)) - group-2364756B8CB6: The snapshot info is null. Setting the last applied indexto:(t:0, i:~)
2019-09-25 04:12:42,184 [pool-47-thread-1] INFO  server.RaftServerConfigKeys (ConfUtils.java:logGet(43)) - raft.server.notification.no-leader.timeout = 120s (custom)
2019-09-25 04:12:42,184 [pool-47-thread-1] INFO  server.RaftServerConfigKeys (ConfUtils.java:logGet(43)) - raft.server.log.use.memory = false (default)
2019-09-25 04:12:42,184 [pool-47-thread-1] INFO  server.RaftServerConfigKeys (ConfUtils.java:logGet(43)) - raft.server.log.purge.gap = 1000000 (custom)
2019-09-25 04:12:42,185 [pool-47-thread-1] INFO  server.RaftServerConfigKeys (ConfUtils.java:logGet(43)) - raft.server.log.appender.buffer.byte-limit = 33554432 (custom)
2019-09-25 04:12:42,185 [pool-47-thread-1] INFO  server.RaftServerConfigKeys (ConfUtils.java:logGet(43)) - raft.server.log.segment.size.max = 1048576 (custom)
2019-09-25 04:12:42,185 [pool-47-thread-1] INFO  server.RaftServerConfigKeys (ConfUtils.java:logGet(43)) - raft.server.log.segment.cache.num.max = 2 (custom)
2019-09-25 04:12:42,185 [pool-47-thread-1] INFO  segmented.SegmentedRaftLogWorker (SegmentedRaftLogWorker.java:<init>(172)) - new a5b2edd3-6412-4d16-8923-90c13280c91d@group-2364756B8CB6-SegmentedRaftLogWorker for RaftStorage:Storage Directory /workdir/hadoop-ozone/integration-test/target/test-dir/MiniOzoneClusterImpl-d80116af-1168-4dd4-a2cd-efb6e5bdb9d0/datanode-2/data/ratis/73eb41a7-fd81-440b-ac23-2364756b8cb6
2019-09-25 04:12:42,185 [pool-47-thread-1] INFO  server.RaftServerConfigKeys (ConfUtils.java:logGet(43)) - raft.server.log.queue.byte-limit = 2147483647 (custom)
2019-09-25 04:12:42,185 [pool-47-thread-1] INFO  server.RaftServerConfigKeys (ConfUtils.java:logGet(43)) - raft.server.log.queue.element-limit = 1024 (custom)
2019-09-25 04:12:42,186 [pool-47-thread-1] INFO  server.RaftServerConfigKeys (ConfUtils.java:logGet(43)) - raft.server.log.segment.size.max = 1048576 (custom)
2019-09-25 04:12:42,186 [pool-47-thread-1] INFO  server.RaftServerConfigKeys (ConfUtils.java:logGet(43)) - raft.server.log.preallocated.size = 16384 (custom)
2019-09-25 04:12:42,186 [pool-47-thread-1] INFO  server.RaftServerConfigKeys (ConfUtils.java:logGet(43)) - raft.server.log.write.buffer.size = 33554432 (custom)
2019-09-25 04:12:42,186 [pool-47-thread-1] INFO  server.RaftServerConfigKeys (ConfUtils.java:logGet(43)) - raft.server.log.force.sync.num = 128 (default)
2019-09-25 04:12:42,186 [pool-47-thread-1] INFO  server.RaftServerConfigKeys (ConfUtils.java:logGet(43)) - raft.server.log.statemachine.data.sync = true (default)
2019-09-25 04:12:42,187 [pool-47-thread-1] INFO  server.RaftServerConfigKeys (ConfUtils.java:logGet(43)) - raft.server.log.statemachine.data.sync.timeout = 10s (default)
2019-09-25 04:12:42,187 [pool-47-thread-1] INFO  server.RaftServerConfigKeys (ConfUtils.java:logGet(43)) - raft.server.log.statemachine.data.sync.timeout.retry = -1 (default)
2019-09-25 04:12:42,187 [pool-47-thread-1] INFO  server.RaftServerConfigKeys (ConfUtils.java:logGet(43)) - raft.server.log.statemachine.data.caching.enabled = true (custom)
2019-09-25 04:12:42,187 [pool-47-thread-1] INFO  segmented.SegmentedRaftLogWorker (SegmentedRaftLogWorker.java:lambda$new$0(132)) - a5b2edd3-6412-4d16-8923-90c13280c91d@group-2364756B8CB6-SegmentedRaftLogWorker: flushIndex: setUnconditionally 0 -> -1
2019-09-25 04:12:42,188 [pool-47-thread-1] INFO  server.RaftServerConfigKeys (ConfUtils.java:logGet(43)) - raft.server.snapshot.auto.trigger.enabled = true (custom)
2019-09-25 04:12:42,188 [pool-47-thread-1] INFO  server.RaftServerConfigKeys (ConfUtils.java:logGet(43)) - raft.server.snapshot.auto.trigger.threshold = 10000 (custom)
2019-09-25 04:12:42,188 [pool-47-thread-1] INFO  server.RaftServerConfigKeys (ConfUtils.java:logGet(43)) - raft.server.snapshot.retention.num.files = 5 (custom)
2019-09-25 04:12:42,188 [pool-47-thread-1] INFO  server.RaftServerConfigKeys (ConfUtils.java:logGet(43)) - raft.server.retrycache.expirytime = 600000ms (custom)
2019-09-25 04:12:42,192 [pool-47-thread-1] INFO  impl.RaftServerImpl (RaftServerImpl.java:start(185)) - a5b2edd3-6412-4d16-8923-90c13280c91d@group-2364756B8CB6: start as a follower, conf=-1: [a5b2edd3-6412-4d16-8923-90c13280c91d:192.168.5.161:45131], old=null
2019-09-25 04:12:42,192 [pool-47-thread-1] INFO  impl.RaftServerImpl (RaftServerImpl.java:setRole(174)) - a5b2edd3-6412-4d16-8923-90c13280c91d@group-2364756B8CB6: changes role from      null to FOLLOWER at term 0 for startAsFollower
2019-09-25 04:12:42,192 [pool-47-thread-1] INFO  impl.RoleInfo (RoleInfo.java:updateAndGet(143)) - a5b2edd3-6412-4d16-8923-90c13280c91d: start FollowerState
2019-09-25 04:12:42,193 [pool-47-thread-1] INFO  util.JmxRegister (JmxRegister.java:tryRegister(44)) - Successfully registered JMX Bean with object name Ratis:service=RaftServer,group=group-2364756B8CB6,id=a5b2edd3-6412-4d16-8923-90c13280c91d
2019-09-25 04:12:42,198 [RatisPipelineUtilsThread] INFO  pipeline.PipelineStateManager (PipelineStateManager.java:addPipeline(56)) - Created pipeline Pipeline[ Id: 73eb41a7-fd81-440b-ac23-2364756b8cb6, Nodes: a5b2edd3-6412-4d16-8923-90c13280c91d{ip: 192.168.5.161, host: pr-hdds-1569-zxpks-796972592, networkLocation: /default-rack, certSerialId: null}, Type:RATIS, Factor:ONE, State:OPEN]
2019-09-25 04:12:42,198 [RatisPipelineUtilsThread] INFO  pipeline.PipelinePlacementPolicy (PipelinePlacementPolicy.java:meetCriteria(91)) - Pipeline Placement: can't place more pipeline on heavy datanode： 49f3ee78-dcf2-4a6b-9b4e-1405d1c251a9 Heaviness: 6 limit: 5
2019-09-25 04:12:42,198 [RatisPipelineUtilsThread] INFO  pipeline.PipelinePlacementPolicy (PipelinePlacementPolicy.java:meetCriteria(91)) - Pipeline Placement: can't place more pipeline on heavy datanode： f5d39e36-3e0f-4a54-a012-e19588cf60a3 Heaviness: 6 limit: 5
2019-09-25 04:12:42,199 [RatisPipelineUtilsThread] INFO  pipeline.PipelinePlacementPolicy (PipelinePlacementPolicy.java:meetCriteria(91)) - Pipeline Placement: can't place more pipeline on heavy datanode： a5b2edd3-6412-4d16-8923-90c13280c91d Heaviness: 6 limit: 5
2019-09-25 04:12:42,199 [RatisPipelineUtilsThread] ERROR pipeline.PipelinePlacementPolicy (PipelinePlacementPolicy.java:filterViableNodes(148)) - Unable to find enough nodes that meet the criteria that cannot engage in more than 5 pipelines. Nodes required: 1 Found: 0, healthy nodes count inNodeManager: 3.
2019-09-25 04:12:42,202 [RatisPipelineUtilsThread] ERROR pipeline.SCMPipelineManager (SCMPipelineManager.java:createPipeline(167)) - Pipeline creation failed.
org.apache.hadoop.hdds.scm.exceptions.SCMException: Unable to find enough nodes that meet the criteria that cannot engage in more than 5 pipelines. Nodes required: 1 Found: 0, healthy nodes count inNodeManager: 3.
	at org.apache.hadoop.hdds.scm.pipeline.PipelinePlacementPolicy.filterViableNodes(PipelinePlacementPolicy.java:149)
	at org.apache.hadoop.hdds.scm.pipeline.PipelinePlacementPolicy.chooseDatanodes(PipelinePlacementPolicy.java:172)
	at org.apache.hadoop.hdds.scm.pipeline.RatisPipelineProvider.create(RatisPipelineProvider.java:93)
	at org.apache.hadoop.hdds.scm.pipeline.PipelineFactory.create(PipelineFactory.java:58)
	at org.apache.hadoop.hdds.scm.pipeline.SCMPipelineManager.createPipeline(SCMPipelineManager.java:155)
	at org.apache.hadoop.hdds.scm.pipeline.BackgroundPipelineCreator.createPipelines(BackgroundPipelineCreator.java:99)
	at java.util.concurrent.Executors$RunnableAdapter.call(Executors.java:511)
	at java.util.concurrent.FutureTask.run(FutureTask.java:266)
	at java.util.concurrent.ScheduledThreadPoolExecutor$ScheduledFutureTask.access$201(ScheduledThreadPoolExecutor.java:180)
	at java.util.concurrent.ScheduledThreadPoolExecutor$ScheduledFutureTask.run(ScheduledThreadPoolExecutor.java:293)
	at java.util.concurrent.ThreadPoolExecutor.runWorker(ThreadPoolExecutor.java:1149)
	at java.util.concurrent.ThreadPoolExecutor$Worker.run(ThreadPoolExecutor.java:624)
	at java.lang.Thread.run(Thread.java:748)
2019-09-25 04:12:42,204 [RatisPipelineUtilsThread] INFO  pipeline.PipelinePlacementPolicy (PipelinePlacementPolicy.java:meetCriteria(91)) - Pipeline Placement: can't place more pipeline on heavy datanode： 49f3ee78-dcf2-4a6b-9b4e-1405d1c251a9 Heaviness: 6 limit: 5
2019-09-25 04:12:42,204 [RatisPipelineUtilsThread] INFO  pipeline.PipelinePlacementPolicy (PipelinePlacementPolicy.java:meetCriteria(91)) - Pipeline Placement: can't place more pipeline on heavy datanode： f5d39e36-3e0f-4a54-a012-e19588cf60a3 Heaviness: 6 limit: 5
2019-09-25 04:12:42,205 [RatisPipelineUtilsThread] INFO  pipeline.PipelinePlacementPolicy (PipelinePlacementPolicy.java:meetCriteria(91)) - Pipeline Placement: can't place more pipeline on heavy datanode： a5b2edd3-6412-4d16-8923-90c13280c91d Heaviness: 6 limit: 5
2019-09-25 04:12:42,205 [RatisPipelineUtilsThread] ERROR pipeline.PipelinePlacementPolicy (PipelinePlacementPolicy.java:filterViableNodes(148)) - Unable to find enough nodes that meet the criteria that cannot engage in more than 5 pipelines. Nodes required: 3 Found: 0, healthy nodes count inNodeManager: 3.
2019-09-25 04:12:42,205 [RatisPipelineUtilsThread] ERROR pipeline.SCMPipelineManager (SCMPipelineManager.java:createPipeline(167)) - Pipeline creation failed.
org.apache.hadoop.hdds.scm.exceptions.SCMException: Unable to find enough nodes that meet the criteria that cannot engage in more than 5 pipelines. Nodes required: 3 Found: 0, healthy nodes count inNodeManager: 3.
	at org.apache.hadoop.hdds.scm.pipeline.PipelinePlacementPolicy.filterViableNodes(PipelinePlacementPolicy.java:149)
	at org.apache.hadoop.hdds.scm.pipeline.PipelinePlacementPolicy.chooseDatanodes(PipelinePlacementPolicy.java:172)
	at org.apache.hadoop.hdds.scm.pipeline.RatisPipelineProvider.create(RatisPipelineProvider.java:93)
	at org.apache.hadoop.hdds.scm.pipeline.PipelineFactory.create(PipelineFactory.java:58)
	at org.apache.hadoop.hdds.scm.pipeline.SCMPipelineManager.createPipeline(SCMPipelineManager.java:155)
	at org.apache.hadoop.hdds.scm.pipeline.BackgroundPipelineCreator.createPipelines(BackgroundPipelineCreator.java:99)
	at java.util.concurrent.Executors$RunnableAdapter.call(Executors.java:511)
	at java.util.concurrent.FutureTask.run(FutureTask.java:266)
	at java.util.concurrent.ScheduledThreadPoolExecutor$ScheduledFutureTask.access$201(ScheduledThreadPoolExecutor.java:180)
	at java.util.concurrent.ScheduledThreadPoolExecutor$ScheduledFutureTask.run(ScheduledThreadPoolExecutor.java:293)
	at java.util.concurrent.ThreadPoolExecutor.runWorker(ThreadPoolExecutor.java:1149)
	at java.util.concurrent.ThreadPoolExecutor$Worker.run(ThreadPoolExecutor.java:624)
	at java.lang.Thread.run(Thread.java:748)
2019-09-25 04:12:42,208 [RatisPipelineUtilsThread] INFO  pipeline.PipelinePlacementPolicy (PipelinePlacementPolicy.java:meetCriteria(91)) - Pipeline Placement: can't place more pipeline on heavy datanode： 49f3ee78-dcf2-4a6b-9b4e-1405d1c251a9 Heaviness: 6 limit: 5
2019-09-25 04:12:42,208 [RatisPipelineUtilsThread] INFO  pipeline.PipelinePlacementPolicy (PipelinePlacementPolicy.java:meetCriteria(91)) - Pipeline Placement: can't place more pipeline on heavy datanode： f5d39e36-3e0f-4a54-a012-e19588cf60a3 Heaviness: 6 limit: 5
2019-09-25 04:12:42,208 [RatisPipelineUtilsThread] INFO  pipeline.PipelinePlacementPolicy (PipelinePlacementPolicy.java:meetCriteria(91)) - Pipeline Placement: can't place more pipeline on heavy datanode： a5b2edd3-6412-4d16-8923-90c13280c91d Heaviness: 6 limit: 5
2019-09-25 04:12:42,209 [RatisPipelineUtilsThread] ERROR pipeline.PipelinePlacementPolicy (PipelinePlacementPolicy.java:filterViableNodes(148)) - Unable to find enough nodes that meet the criteria that cannot engage in more than 5 pipelines. Nodes required: 1 Found: 0, healthy nodes count inNodeManager: 3.
2019-09-25 04:12:42,209 [RatisPipelineUtilsThread] ERROR pipeline.SCMPipelineManager (SCMPipelineManager.java:createPipeline(167)) - Pipeline creation failed.
org.apache.hadoop.hdds.scm.exceptions.SCMException: Unable to find enough nodes that meet the criteria that cannot engage in more than 5 pipelines. Nodes required: 1 Found: 0, healthy nodes count inNodeManager: 3.
	at org.apache.hadoop.hdds.scm.pipeline.PipelinePlacementPolicy.filterViableNodes(PipelinePlacementPolicy.java:149)
	at org.apache.hadoop.hdds.scm.pipeline.PipelinePlacementPolicy.chooseDatanodes(PipelinePlacementPolicy.java:172)
	at org.apache.hadoop.hdds.scm.pipeline.RatisPipelineProvider.create(RatisPipelineProvider.java:93)
	at org.apache.hadoop.hdds.scm.pipeline.PipelineFactory.create(PipelineFactory.java:58)
	at org.apache.hadoop.hdds.scm.pipeline.SCMPipelineManager.createPipeline(SCMPipelineManager.java:155)
	at org.apache.hadoop.hdds.scm.pipeline.BackgroundPipelineCreator.createPipelines(BackgroundPipelineCreator.java:99)
	at org.apache.hadoop.hdds.scm.pipeline.BackgroundPipelineCreator.lambda$startFixedIntervalPipelineCreator$0(BackgroundPipelineCreator.java:70)
	at java.util.concurrent.Executors$RunnableAdapter.call(Executors.java:511)
	at java.util.concurrent.FutureTask.runAndReset(FutureTask.java:308)
	at java.util.concurrent.ScheduledThreadPoolExecutor$ScheduledFutureTask.access$301(ScheduledThreadPoolExecutor.java:180)
	at java.util.concurrent.ScheduledThreadPoolExecutor$ScheduledFutureTask.run(ScheduledThreadPoolExecutor.java:294)
	at java.util.concurrent.ThreadPoolExecutor.runWorker(ThreadPoolExecutor.java:1149)
	at java.util.concurrent.ThreadPoolExecutor$Worker.run(ThreadPoolExecutor.java:624)
	at java.lang.Thread.run(Thread.java:748)
2019-09-25 04:12:42,209 [RatisPipelineUtilsThread] INFO  pipeline.PipelinePlacementPolicy (PipelinePlacementPolicy.java:meetCriteria(91)) - Pipeline Placement: can't place more pipeline on heavy datanode： 49f3ee78-dcf2-4a6b-9b4e-1405d1c251a9 Heaviness: 6 limit: 5
2019-09-25 04:12:42,210 [RatisPipelineUtilsThread] INFO  pipeline.PipelinePlacementPolicy (PipelinePlacementPolicy.java:meetCriteria(91)) - Pipeline Placement: can't place more pipeline on heavy datanode： f5d39e36-3e0f-4a54-a012-e19588cf60a3 Heaviness: 6 limit: 5
2019-09-25 04:12:42,210 [RatisPipelineUtilsThread] INFO  pipeline.PipelinePlacementPolicy (PipelinePlacementPolicy.java:meetCriteria(91)) - Pipeline Placement: can't place more pipeline on heavy datanode： a5b2edd3-6412-4d16-8923-90c13280c91d Heaviness: 6 limit: 5
2019-09-25 04:12:42,210 [RatisPipelineUtilsThread] ERROR pipeline.PipelinePlacementPolicy (PipelinePlacementPolicy.java:filterViableNodes(148)) - Unable to find enough nodes that meet the criteria that cannot engage in more than 5 pipelines. Nodes required: 3 Found: 0, healthy nodes count inNodeManager: 3.
2019-09-25 04:12:42,210 [RatisPipelineUtilsThread] ERROR pipeline.SCMPipelineManager (SCMPipelineManager.java:createPipeline(167)) - Pipeline creation failed.
org.apache.hadoop.hdds.scm.exceptions.SCMException: Unable to find enough nodes that meet the criteria that cannot engage in more than 5 pipelines. Nodes required: 3 Found: 0, healthy nodes count inNodeManager: 3.
	at org.apache.hadoop.hdds.scm.pipeline.PipelinePlacementPolicy.filterViableNodes(PipelinePlacementPolicy.java:149)
	at org.apache.hadoop.hdds.scm.pipeline.PipelinePlacementPolicy.chooseDatanodes(PipelinePlacementPolicy.java:172)
	at org.apache.hadoop.hdds.scm.pipeline.RatisPipelineProvider.create(RatisPipelineProvider.java:93)
	at org.apache.hadoop.hdds.scm.pipeline.PipelineFactory.create(PipelineFactory.java:58)
	at org.apache.hadoop.hdds.scm.pipeline.SCMPipelineManager.createPipeline(SCMPipelineManager.java:155)
	at org.apache.hadoop.hdds.scm.pipeline.BackgroundPipelineCreator.createPipelines(BackgroundPipelineCreator.java:99)
	at org.apache.hadoop.hdds.scm.pipeline.BackgroundPipelineCreator.lambda$startFixedIntervalPipelineCreator$0(BackgroundPipelineCreator.java:70)
	at java.util.concurrent.Executors$RunnableAdapter.call(Executors.java:511)
	at java.util.concurrent.FutureTask.runAndReset(FutureTask.java:308)
	at java.util.concurrent.ScheduledThreadPoolExecutor$ScheduledFutureTask.access$301(ScheduledThreadPoolExecutor.java:180)
	at java.util.concurrent.ScheduledThreadPoolExecutor$ScheduledFutureTask.run(ScheduledThreadPoolExecutor.java:294)
	at java.util.concurrent.ThreadPoolExecutor.runWorker(ThreadPoolExecutor.java:1149)
	at java.util.concurrent.ThreadPoolExecutor$Worker.run(ThreadPoolExecutor.java:624)
	at java.lang.Thread.run(Thread.java:748)
2019-09-25 04:12:42,761 [main] INFO  impl.MetricsSystemImpl (MetricsSystemImpl.java:init(158)) - XceiverClientMetrics metrics system started (again)
2019-09-25 04:12:43,100 [Thread-178] INFO  container.ReplicationManager (ReplicationManager.java:start(163)) - Starting Replication Monitor Thread.
2019-09-25 04:12:43,114 [ReplicationMonitor] INFO  container.ReplicationManager (ReplicationManager.java:run(226)) - Replication Monitor Thread took 12 milliseconds for processing 1 containers.
2019-09-25 04:12:46,018 [Thread-180] INFO  impl.FollowerState (FollowerState.java:run(106)) - f5d39e36-3e0f-4a54-a012-e19588cf60a3:group-814FE35BB0F4 changes to CANDIDATE, lastRpcTime:5162, electionTimeout:5161ms
2019-09-25 04:12:46,024 [Thread-180] INFO  impl.RoleInfo (RoleInfo.java:shutdownFollowerState(121)) - f5d39e36-3e0f-4a54-a012-e19588cf60a3: shutdown FollowerState
2019-09-25 04:12:46,024 [Thread-180] INFO  impl.RaftServerImpl (RaftServerImpl.java:setRole(174)) - f5d39e36-3e0f-4a54-a012-e19588cf60a3@group-814FE35BB0F4: changes role from  FOLLOWER to CANDIDATE at term 0 for changeToCandidate
2019-09-25 04:12:46,033 [Thread-180] INFO  impl.RoleInfo (RoleInfo.java:updateAndGet(143)) - f5d39e36-3e0f-4a54-a012-e19588cf60a3: start LeaderElection
2019-09-25 04:12:46,053 [f5d39e36-3e0f-4a54-a012-e19588cf60a3@group-814FE35BB0F4:LeaderElection1] INFO  impl.LeaderElection (LeaderElection.java:askForVotes(182)) - f5d39e36-3e0f-4a54-a012-e19588cf60a3@group-814FE35BB0F4:LeaderElection1: begin an election at term 1 for -1: [f5d39e36-3e0f-4a54-a012-e19588cf60a3:192.168.5.161:38379], old=null
2019-09-25 04:12:46,056 [f5d39e36-3e0f-4a54-a012-e19588cf60a3@group-814FE35BB0F4:LeaderElection1] INFO  impl.RoleInfo (RoleInfo.java:shutdownLeaderElection(134)) - f5d39e36-3e0f-4a54-a012-e19588cf60a3: shutdown LeaderElection
2019-09-25 04:12:46,057 [f5d39e36-3e0f-4a54-a012-e19588cf60a3@group-814FE35BB0F4:LeaderElection1] INFO  impl.RaftServerImpl (RaftServerImpl.java:setRole(174)) - f5d39e36-3e0f-4a54-a012-e19588cf60a3@group-814FE35BB0F4: changes role from CANDIDATE to LEADER at term 1 for changeToLeader
2019-09-25 04:12:46,058 [f5d39e36-3e0f-4a54-a012-e19588cf60a3@group-814FE35BB0F4:LeaderElection1] INFO  impl.RaftServerImpl (ServerState.java:setLeader(253)) - f5d39e36-3e0f-4a54-a012-e19588cf60a3@group-814FE35BB0F4: change Leader from null to f5d39e36-3e0f-4a54-a012-e19588cf60a3 at term 1 for becomeLeader, leader elected after 5333ms
2019-09-25 04:12:46,067 [f5d39e36-3e0f-4a54-a012-e19588cf60a3@group-814FE35BB0F4:LeaderElection1] INFO  server.RaftServerConfigKeys (ConfUtils.java:logGet(43)) - raft.server.staging.catchup.gap = 1000 (default)
2019-09-25 04:12:46,067 [f5d39e36-3e0f-4a54-a012-e19588cf60a3@group-814FE35BB0F4:LeaderElection1] INFO  server.RaftServerConfigKeys (ConfUtils.java:logGet(43)) - raft.server.rpc.sleep.time = 25ms (default)
2019-09-25 04:12:46,071 [f5d39e36-3e0f-4a54-a012-e19588cf60a3@group-814FE35BB0F4:LeaderElection1] INFO  server.RaftServerConfigKeys (ConfUtils.java:logGet(43)) - raft.server.write.element-limit = 4096 (default)
2019-09-25 04:12:46,074 [f5d39e36-3e0f-4a54-a012-e19588cf60a3@group-814FE35BB0F4:LeaderElection1] INFO  server.RaftServerConfigKeys (ConfUtils.java:logGet(43)) - raft.server.watch.timeout = 10s (default)
2019-09-25 04:12:46,074 [f5d39e36-3e0f-4a54-a012-e19588cf60a3@group-814FE35BB0F4:LeaderElection1] INFO  server.RaftServerConfigKeys (ConfUtils.java:logGet(43)) - raft.server.watch.timeout.denomination = 1s (default)
2019-09-25 04:12:46,075 [f5d39e36-3e0f-4a54-a012-e19588cf60a3@group-814FE35BB0F4:LeaderElection1] INFO  server.RaftServerConfigKeys (ConfUtils.java:logGet(43)) - raft.server.watch.element-limit = 65536 (default)
2019-09-25 04:12:46,090 [f5d39e36-3e0f-4a54-a012-e19588cf60a3@group-814FE35BB0F4:LeaderElection1] INFO  impl.RoleInfo (RoleInfo.java:updateAndGet(143)) - f5d39e36-3e0f-4a54-a012-e19588cf60a3: start LeaderState
2019-09-25 04:12:46,117 [f5d39e36-3e0f-4a54-a012-e19588cf60a3@group-814FE35BB0F4:LeaderElection1] INFO  segmented.SegmentedRaftLogWorker (SegmentedRaftLogWorker.java:startLogSegment(380)) - f5d39e36-3e0f-4a54-a012-e19588cf60a3@group-814FE35BB0F4-SegmentedRaftLogWorker: Starting segment from index:0
2019-09-25 04:12:46,126 [f5d39e36-3e0f-4a54-a012-e19588cf60a3@group-814FE35BB0F4:LeaderElection1] INFO  impl.RaftServerImpl (ServerState.java:setRaftConf(354)) - f5d39e36-3e0f-4a54-a012-e19588cf60a3@group-814FE35BB0F4: set configuration 0: [f5d39e36-3e0f-4a54-a012-e19588cf60a3:192.168.5.161:38379], old=null at 0
2019-09-25 04:12:46,138 [Thread-183] INFO  impl.FollowerState (FollowerState.java:run(106)) - f5d39e36-3e0f-4a54-a012-e19588cf60a3:group-FA2C67935E9F changes to CANDIDATE, lastRpcTime:5141, electionTimeout:5141ms
2019-09-25 04:12:46,139 [Thread-183] INFO  impl.RoleInfo (RoleInfo.java:shutdownFollowerState(121)) - f5d39e36-3e0f-4a54-a012-e19588cf60a3: shutdown FollowerState
2019-09-25 04:12:46,139 [Thread-183] INFO  impl.RaftServerImpl (RaftServerImpl.java:setRole(174)) - f5d39e36-3e0f-4a54-a012-e19588cf60a3@group-FA2C67935E9F: changes role from  FOLLOWER to CANDIDATE at term 0 for changeToCandidate
2019-09-25 04:12:46,140 [Thread-183] INFO  impl.RoleInfo (RoleInfo.java:updateAndGet(143)) - f5d39e36-3e0f-4a54-a012-e19588cf60a3: start LeaderElection
2019-09-25 04:12:46,157 [f5d39e36-3e0f-4a54-a012-e19588cf60a3@group-FA2C67935E9F:LeaderElection2] INFO  impl.LeaderElection (LeaderElection.java:askForVotes(182)) - f5d39e36-3e0f-4a54-a012-e19588cf60a3@group-FA2C67935E9F:LeaderElection2: begin an election at term 1 for -1: [f5d39e36-3e0f-4a54-a012-e19588cf60a3:192.168.5.161:38379], old=null
2019-09-25 04:12:46,157 [f5d39e36-3e0f-4a54-a012-e19588cf60a3@group-FA2C67935E9F:LeaderElection2] INFO  impl.RoleInfo (RoleInfo.java:shutdownLeaderElection(134)) - f5d39e36-3e0f-4a54-a012-e19588cf60a3: shutdown LeaderElection
2019-09-25 04:12:46,157 [f5d39e36-3e0f-4a54-a012-e19588cf60a3@group-FA2C67935E9F:LeaderElection2] INFO  impl.RaftServerImpl (RaftServerImpl.java:setRole(174)) - f5d39e36-3e0f-4a54-a012-e19588cf60a3@group-FA2C67935E9F: changes role from CANDIDATE to LEADER at term 1 for changeToLeader
2019-09-25 04:12:46,157 [f5d39e36-3e0f-4a54-a012-e19588cf60a3@group-FA2C67935E9F:LeaderElection2] INFO  impl.RaftServerImpl (ServerState.java:setLeader(253)) - f5d39e36-3e0f-4a54-a012-e19588cf60a3@group-FA2C67935E9F: change Leader from null to f5d39e36-3e0f-4a54-a012-e19588cf60a3 at term 1 for becomeLeader, leader elected after 5174ms
2019-09-25 04:12:46,158 [f5d39e36-3e0f-4a54-a012-e19588cf60a3@group-FA2C67935E9F:LeaderElection2] INFO  server.RaftServerConfigKeys (ConfUtils.java:logGet(43)) - raft.server.staging.catchup.gap = 1000 (default)
2019-09-25 04:12:46,158 [f5d39e36-3e0f-4a54-a012-e19588cf60a3@group-FA2C67935E9F:LeaderElection2] INFO  server.RaftServerConfigKeys (ConfUtils.java:logGet(43)) - raft.server.rpc.sleep.time = 25ms (default)
2019-09-25 04:12:46,158 [f5d39e36-3e0f-4a54-a012-e19588cf60a3@group-FA2C67935E9F:LeaderElection2] INFO  server.RaftServerConfigKeys (ConfUtils.java:logGet(43)) - raft.server.write.element-limit = 4096 (default)
2019-09-25 04:12:46,158 [f5d39e36-3e0f-4a54-a012-e19588cf60a3@group-FA2C67935E9F:LeaderElection2] INFO  server.RaftServerConfigKeys (ConfUtils.java:logGet(43)) - raft.server.watch.timeout = 10s (default)
2019-09-25 04:12:46,158 [f5d39e36-3e0f-4a54-a012-e19588cf60a3@group-FA2C67935E9F:LeaderElection2] INFO  server.RaftServerConfigKeys (ConfUtils.java:logGet(43)) - raft.server.watch.timeout.denomination = 1s (default)
2019-09-25 04:12:46,159 [f5d39e36-3e0f-4a54-a012-e19588cf60a3@group-FA2C67935E9F:LeaderElection2] INFO  server.RaftServerConfigKeys (ConfUtils.java:logGet(43)) - raft.server.watch.element-limit = 65536 (default)
2019-09-25 04:12:46,163 [f5d39e36-3e0f-4a54-a012-e19588cf60a3@group-FA2C67935E9F:LeaderElection2] INFO  impl.RoleInfo (RoleInfo.java:updateAndGet(143)) - f5d39e36-3e0f-4a54-a012-e19588cf60a3: start LeaderState
2019-09-25 04:12:46,164 [f5d39e36-3e0f-4a54-a012-e19588cf60a3@group-FA2C67935E9F:LeaderElection2] INFO  segmented.SegmentedRaftLogWorker (SegmentedRaftLogWorker.java:startLogSegment(380)) - f5d39e36-3e0f-4a54-a012-e19588cf60a3@group-FA2C67935E9F-SegmentedRaftLogWorker: Starting segment from index:0
2019-09-25 04:12:46,164 [f5d39e36-3e0f-4a54-a012-e19588cf60a3@group-FA2C67935E9F:LeaderElection2] INFO  impl.RaftServerImpl (ServerState.java:setRaftConf(354)) - f5d39e36-3e0f-4a54-a012-e19588cf60a3@group-FA2C67935E9F: set configuration 0: [f5d39e36-3e0f-4a54-a012-e19588cf60a3:192.168.5.161:38379], old=null at 0
2019-09-25 04:12:46,257 [Thread-186] INFO  impl.FollowerState (FollowerState.java:run(106)) - a5b2edd3-6412-4d16-8923-90c13280c91d:group-4A3ACCDC8F99 changes to CANDIDATE, lastRpcTime:5137, electionTimeout:5136ms
2019-09-25 04:12:46,257 [Thread-186] INFO  impl.RoleInfo (RoleInfo.java:shutdownFollowerState(121)) - a5b2edd3-6412-4d16-8923-90c13280c91d: shutdown FollowerState
2019-09-25 04:12:46,257 [Thread-186] INFO  impl.RaftServerImpl (RaftServerImpl.java:setRole(174)) - a5b2edd3-6412-4d16-8923-90c13280c91d@group-4A3ACCDC8F99: changes role from  FOLLOWER to CANDIDATE at term 0 for changeToCandidate
2019-09-25 04:12:46,257 [Thread-186] INFO  impl.RoleInfo (RoleInfo.java:updateAndGet(143)) - a5b2edd3-6412-4d16-8923-90c13280c91d: start LeaderElection
2019-09-25 04:12:46,275 [a5b2edd3-6412-4d16-8923-90c13280c91d@group-4A3ACCDC8F99:LeaderElection3] INFO  impl.LeaderElection (LeaderElection.java:askForVotes(182)) - a5b2edd3-6412-4d16-8923-90c13280c91d@group-4A3ACCDC8F99:LeaderElection3: begin an election at term 1 for -1: [a5b2edd3-6412-4d16-8923-90c13280c91d:192.168.5.161:45131], old=null
2019-09-25 04:12:46,277 [a5b2edd3-6412-4d16-8923-90c13280c91d@group-4A3ACCDC8F99:LeaderElection3] INFO  impl.RoleInfo (RoleInfo.java:shutdownLeaderElection(134)) - a5b2edd3-6412-4d16-8923-90c13280c91d: shutdown LeaderElection
2019-09-25 04:12:46,277 [a5b2edd3-6412-4d16-8923-90c13280c91d@group-4A3ACCDC8F99:LeaderElection3] INFO  impl.RaftServerImpl (RaftServerImpl.java:setRole(174)) - a5b2edd3-6412-4d16-8923-90c13280c91d@group-4A3ACCDC8F99: changes role from CANDIDATE to LEADER at term 1 for changeToLeader
2019-09-25 04:12:46,277 [a5b2edd3-6412-4d16-8923-90c13280c91d@group-4A3ACCDC8F99:LeaderElection3] INFO  impl.RaftServerImpl (ServerState.java:setLeader(253)) - a5b2edd3-6412-4d16-8923-90c13280c91d@group-4A3ACCDC8F99: change Leader from null to a5b2edd3-6412-4d16-8923-90c13280c91d at term 1 for becomeLeader, leader elected after 5177ms
2019-09-25 04:12:46,277 [a5b2edd3-6412-4d16-8923-90c13280c91d@group-4A3ACCDC8F99:LeaderElection3] INFO  server.RaftServerConfigKeys (ConfUtils.java:logGet(43)) - raft.server.staging.catchup.gap = 1000 (default)
2019-09-25 04:12:46,278 [a5b2edd3-6412-4d16-8923-90c13280c91d@group-4A3ACCDC8F99:LeaderElection3] INFO  server.RaftServerConfigKeys (ConfUtils.java:logGet(43)) - raft.server.rpc.sleep.time = 25ms (default)
2019-09-25 04:12:46,278 [a5b2edd3-6412-4d16-8923-90c13280c91d@group-4A3ACCDC8F99:LeaderElection3] INFO  server.RaftServerConfigKeys (ConfUtils.java:logGet(43)) - raft.server.write.element-limit = 4096 (default)
2019-09-25 04:12:46,278 [a5b2edd3-6412-4d16-8923-90c13280c91d@group-4A3ACCDC8F99:LeaderElection3] INFO  server.RaftServerConfigKeys (ConfUtils.java:logGet(43)) - raft.server.watch.timeout = 10s (default)
2019-09-25 04:12:46,278 [a5b2edd3-6412-4d16-8923-90c13280c91d@group-4A3ACCDC8F99:LeaderElection3] INFO  server.RaftServerConfigKeys (ConfUtils.java:logGet(43)) - raft.server.watch.timeout.denomination = 1s (default)
2019-09-25 04:12:46,278 [a5b2edd3-6412-4d16-8923-90c13280c91d@group-4A3ACCDC8F99:LeaderElection3] INFO  server.RaftServerConfigKeys (ConfUtils.java:logGet(43)) - raft.server.watch.element-limit = 65536 (default)
2019-09-25 04:12:46,283 [a5b2edd3-6412-4d16-8923-90c13280c91d@group-4A3ACCDC8F99:LeaderElection3] INFO  impl.RoleInfo (RoleInfo.java:updateAndGet(143)) - a5b2edd3-6412-4d16-8923-90c13280c91d: start LeaderState
2019-09-25 04:12:46,283 [a5b2edd3-6412-4d16-8923-90c13280c91d@group-4A3ACCDC8F99:LeaderElection3] INFO  segmented.SegmentedRaftLogWorker (SegmentedRaftLogWorker.java:startLogSegment(380)) - a5b2edd3-6412-4d16-8923-90c13280c91d@group-4A3ACCDC8F99-SegmentedRaftLogWorker: Starting segment from index:0
2019-09-25 04:12:46,284 [a5b2edd3-6412-4d16-8923-90c13280c91d@group-4A3ACCDC8F99:LeaderElection3] INFO  impl.RaftServerImpl (ServerState.java:setRaftConf(354)) - a5b2edd3-6412-4d16-8923-90c13280c91d@group-4A3ACCDC8F99: set configuration 0: [a5b2edd3-6412-4d16-8923-90c13280c91d:192.168.5.161:45131], old=null at 0
2019-09-25 04:12:46,426 [Thread-189] INFO  impl.FollowerState (FollowerState.java:run(106)) - 49f3ee78-dcf2-4a6b-9b4e-1405d1c251a9:group-396228EDF1D1 changes to CANDIDATE, lastRpcTime:5192, electionTimeout:5192ms
2019-09-25 04:12:46,426 [Thread-189] INFO  impl.RoleInfo (RoleInfo.java:shutdownFollowerState(121)) - 49f3ee78-dcf2-4a6b-9b4e-1405d1c251a9: shutdown FollowerState
2019-09-25 04:12:46,426 [Thread-189] INFO  impl.RaftServerImpl (RaftServerImpl.java:setRole(174)) - 49f3ee78-dcf2-4a6b-9b4e-1405d1c251a9@group-396228EDF1D1: changes role from  FOLLOWER to CANDIDATE at term 0 for changeToCandidate
2019-09-25 04:12:46,426 [Thread-189] INFO  impl.RoleInfo (RoleInfo.java:updateAndGet(143)) - 49f3ee78-dcf2-4a6b-9b4e-1405d1c251a9: start LeaderElection
2019-09-25 04:12:46,460 [Thread-192] INFO  impl.FollowerState (FollowerState.java:run(106)) - 49f3ee78-dcf2-4a6b-9b4e-1405d1c251a9:group-6EC198B32BEB changes to CANDIDATE, lastRpcTime:5159, electionTimeout:5159ms
2019-09-25 04:12:46,460 [Thread-192] INFO  impl.RoleInfo (RoleInfo.java:shutdownFollowerState(121)) - 49f3ee78-dcf2-4a6b-9b4e-1405d1c251a9: shutdown FollowerState
2019-09-25 04:12:46,460 [Thread-192] INFO  impl.RaftServerImpl (RaftServerImpl.java:setRole(174)) - 49f3ee78-dcf2-4a6b-9b4e-1405d1c251a9@group-6EC198B32BEB: changes role from  FOLLOWER to CANDIDATE at term 0 for changeToCandidate
2019-09-25 04:12:46,460 [Thread-192] INFO  impl.RoleInfo (RoleInfo.java:updateAndGet(143)) - 49f3ee78-dcf2-4a6b-9b4e-1405d1c251a9: start LeaderElection
2019-09-25 04:12:46,471 [Thread-198] INFO  impl.FollowerState (FollowerState.java:run(106)) - 49f3ee78-dcf2-4a6b-9b4e-1405d1c251a9:group-8ECC4E1A06F2 changes to CANDIDATE, lastRpcTime:5029, electionTimeout:5029ms
2019-09-25 04:12:46,471 [Thread-198] INFO  impl.RoleInfo (RoleInfo.java:shutdownFollowerState(121)) - 49f3ee78-dcf2-4a6b-9b4e-1405d1c251a9: shutdown FollowerState
2019-09-25 04:12:46,471 [Thread-198] INFO  impl.RaftServerImpl (RaftServerImpl.java:setRole(174)) - 49f3ee78-dcf2-4a6b-9b4e-1405d1c251a9@group-8ECC4E1A06F2: changes role from  FOLLOWER to CANDIDATE at term 0 for changeToCandidate
2019-09-25 04:12:46,472 [Thread-198] INFO  impl.RoleInfo (RoleInfo.java:updateAndGet(143)) - 49f3ee78-dcf2-4a6b-9b4e-1405d1c251a9: start LeaderElection
2019-09-25 04:12:46,484 [Thread-195] INFO  impl.FollowerState (FollowerState.java:run(106)) - f5d39e36-3e0f-4a54-a012-e19588cf60a3:group-3D2D7C8075FD changes to CANDIDATE, lastRpcTime:5112, electionTimeout:5112ms
2019-09-25 04:12:46,484 [Thread-195] INFO  impl.RoleInfo (RoleInfo.java:shutdownFollowerState(121)) - f5d39e36-3e0f-4a54-a012-e19588cf60a3: shutdown FollowerState
2019-09-25 04:12:46,484 [Thread-195] INFO  impl.RaftServerImpl (RaftServerImpl.java:setRole(174)) - f5d39e36-3e0f-4a54-a012-e19588cf60a3@group-3D2D7C8075FD: changes role from  FOLLOWER to CANDIDATE at term 0 for changeToCandidate
2019-09-25 04:12:46,485 [Thread-195] INFO  impl.RoleInfo (RoleInfo.java:updateAndGet(143)) - f5d39e36-3e0f-4a54-a012-e19588cf60a3: start LeaderElection
2019-09-25 04:12:46,574 [Thread-202] INFO  impl.FollowerState (FollowerState.java:run(106)) - a5b2edd3-6412-4d16-8923-90c13280c91d:group-2216EA2F5642 changes to CANDIDATE, lastRpcTime:5055, electionTimeout:5055ms
2019-09-25 04:12:46,574 [Thread-202] INFO  impl.RoleInfo (RoleInfo.java:shutdownFollowerState(121)) - a5b2edd3-6412-4d16-8923-90c13280c91d: shutdown FollowerState
2019-09-25 04:12:46,574 [Thread-202] INFO  impl.RaftServerImpl (RaftServerImpl.java:setRole(174)) - a5b2edd3-6412-4d16-8923-90c13280c91d@group-2216EA2F5642: changes role from  FOLLOWER to CANDIDATE at term 0 for changeToCandidate
2019-09-25 04:12:46,574 [Thread-202] INFO  impl.RoleInfo (RoleInfo.java:updateAndGet(143)) - a5b2edd3-6412-4d16-8923-90c13280c91d: start LeaderElection
2019-09-25 04:12:46,608 [Thread-205] INFO  impl.FollowerState (FollowerState.java:run(106)) - 49f3ee78-dcf2-4a6b-9b4e-1405d1c251a9:group-9D99E3E9D14D changes to CANDIDATE, lastRpcTime:5024, electionTimeout:5024ms
2019-09-25 04:12:46,609 [Thread-205] INFO  impl.RoleInfo (RoleInfo.java:shutdownFollowerState(121)) - 49f3ee78-dcf2-4a6b-9b4e-1405d1c251a9: shutdown FollowerState
2019-09-25 04:12:46,609 [Thread-205] INFO  impl.RaftServerImpl (RaftServerImpl.java:setRole(174)) - 49f3ee78-dcf2-4a6b-9b4e-1405d1c251a9@group-9D99E3E9D14D: changes role from  FOLLOWER to CANDIDATE at term 0 for changeToCandidate
2019-09-25 04:12:46,609 [Thread-205] INFO  impl.RoleInfo (RoleInfo.java:updateAndGet(143)) - 49f3ee78-dcf2-4a6b-9b4e-1405d1c251a9: start LeaderElection
2019-09-25 04:12:46,705 [Thread-208] INFO  impl.FollowerState (FollowerState.java:run(106)) - a5b2edd3-6412-4d16-8923-90c13280c91d:group-E173B702E717 changes to CANDIDATE, lastRpcTime:5056, electionTimeout:5056ms
2019-09-25 04:12:46,705 [Thread-208] INFO  impl.RoleInfo (RoleInfo.java:shutdownFollowerState(121)) - a5b2edd3-6412-4d16-8923-90c13280c91d: shutdown FollowerState
2019-09-25 04:12:46,705 [Thread-208] INFO  impl.RaftServerImpl (RaftServerImpl.java:setRole(174)) - a5b2edd3-6412-4d16-8923-90c13280c91d@group-E173B702E717: changes role from  FOLLOWER to CANDIDATE at term 0 for changeToCandidate
2019-09-25 04:12:46,706 [Thread-208] INFO  impl.RoleInfo (RoleInfo.java:updateAndGet(143)) - a5b2edd3-6412-4d16-8923-90c13280c91d: start LeaderElection
2019-09-25 04:12:46,781 [Thread-212] INFO  impl.FollowerState (FollowerState.java:run(106)) - 49f3ee78-dcf2-4a6b-9b4e-1405d1c251a9:group-53D461B5B173 changes to CANDIDATE, lastRpcTime:5064, electionTimeout:5062ms
2019-09-25 04:12:46,782 [Thread-212] INFO  impl.RoleInfo (RoleInfo.java:shutdownFollowerState(121)) - 49f3ee78-dcf2-4a6b-9b4e-1405d1c251a9: shutdown FollowerState
2019-09-25 04:12:46,782 [Thread-212] INFO  impl.RaftServerImpl (RaftServerImpl.java:setRole(174)) - 49f3ee78-dcf2-4a6b-9b4e-1405d1c251a9@group-53D461B5B173: changes role from  FOLLOWER to CANDIDATE at term 0 for changeToCandidate
2019-09-25 04:12:46,782 [Thread-212] INFO  impl.RoleInfo (RoleInfo.java:updateAndGet(143)) - 49f3ee78-dcf2-4a6b-9b4e-1405d1c251a9: start LeaderElection
2019-09-25 04:12:46,911 [Thread-216] INFO  impl.FollowerState (FollowerState.java:run(106)) - f5d39e36-3e0f-4a54-a012-e19588cf60a3:group-C0FFF7AA9CA2 changes to CANDIDATE, lastRpcTime:5123, electionTimeout:5123ms
2019-09-25 04:12:46,911 [Thread-216] INFO  impl.RoleInfo (RoleInfo.java:shutdownFollowerState(121)) - f5d39e36-3e0f-4a54-a012-e19588cf60a3: shutdown FollowerState
2019-09-25 04:12:46,912 [Thread-216] INFO  impl.RaftServerImpl (RaftServerImpl.java:setRole(174)) - f5d39e36-3e0f-4a54-a012-e19588cf60a3@group-C0FFF7AA9CA2: changes role from  FOLLOWER to CANDIDATE at term 0 for changeToCandidate
2019-09-25 04:12:46,912 [Thread-216] INFO  impl.RoleInfo (RoleInfo.java:updateAndGet(143)) - f5d39e36-3e0f-4a54-a012-e19588cf60a3: start LeaderElection
2019-09-25 04:12:46,919 [Thread-219] INFO  impl.FollowerState (FollowerState.java:run(106)) - a5b2edd3-6412-4d16-8923-90c13280c91d:group-E96B5E09355F changes to CANDIDATE, lastRpcTime:5064, electionTimeout:5064ms
2019-09-25 04:12:46,919 [Thread-219] INFO  impl.RoleInfo (RoleInfo.java:shutdownFollowerState(121)) - a5b2edd3-6412-4d16-8923-90c13280c91d: shutdown FollowerState
2019-09-25 04:12:46,919 [Thread-219] INFO  impl.RaftServerImpl (RaftServerImpl.java:setRole(174)) - a5b2edd3-6412-4d16-8923-90c13280c91d@group-E96B5E09355F: changes role from  FOLLOWER to CANDIDATE at term 0 for changeToCandidate
2019-09-25 04:12:46,920 [Thread-219] INFO  impl.RoleInfo (RoleInfo.java:updateAndGet(143)) - a5b2edd3-6412-4d16-8923-90c13280c91d: start LeaderElection
2019-09-25 04:12:47,002 [Thread-225] INFO  impl.FollowerState (FollowerState.java:run(106)) - f5d39e36-3e0f-4a54-a012-e19588cf60a3:group-9215EF74F66E changes to CANDIDATE, lastRpcTime:5009, electionTimeout:5009ms
2019-09-25 04:12:47,003 [Thread-225] INFO  impl.RoleInfo (RoleInfo.java:shutdownFollowerState(121)) - f5d39e36-3e0f-4a54-a012-e19588cf60a3: shutdown FollowerState
2019-09-25 04:12:47,003 [Thread-225] INFO  impl.RaftServerImpl (RaftServerImpl.java:setRole(174)) - f5d39e36-3e0f-4a54-a012-e19588cf60a3@group-9215EF74F66E: changes role from  FOLLOWER to CANDIDATE at term 0 for changeToCandidate
2019-09-25 04:12:47,003 [Thread-225] INFO  impl.RoleInfo (RoleInfo.java:updateAndGet(143)) - f5d39e36-3e0f-4a54-a012-e19588cf60a3: start LeaderElection
2019-09-25 04:12:47,014 [Thread-222] INFO  impl.FollowerState (FollowerState.java:run(106)) - 49f3ee78-dcf2-4a6b-9b4e-1405d1c251a9:group-B78E8877FFF6 changes to CANDIDATE, lastRpcTime:5093, electionTimeout:5093ms
2019-09-25 04:12:47,014 [Thread-222] INFO  impl.RoleInfo (RoleInfo.java:shutdownFollowerState(121)) - 49f3ee78-dcf2-4a6b-9b4e-1405d1c251a9: shutdown FollowerState
2019-09-25 04:12:47,014 [Thread-222] INFO  impl.RaftServerImpl (RaftServerImpl.java:setRole(174)) - 49f3ee78-dcf2-4a6b-9b4e-1405d1c251a9@group-B78E8877FFF6: changes role from  FOLLOWER to CANDIDATE at term 0 for changeToCandidate
2019-09-25 04:12:47,015 [Thread-222] INFO  impl.RoleInfo (RoleInfo.java:updateAndGet(143)) - 49f3ee78-dcf2-4a6b-9b4e-1405d1c251a9: start LeaderElection
2019-09-25 04:12:47,192 [Thread-231] INFO  impl.FollowerState (FollowerState.java:run(106)) - a5b2edd3-6412-4d16-8923-90c13280c91d:group-4ECEC7CDA19D changes to CANDIDATE, lastRpcTime:5057, electionTimeout:5057ms
2019-09-25 04:12:47,193 [Thread-231] INFO  impl.RoleInfo (RoleInfo.java:shutdownFollowerState(121)) - a5b2edd3-6412-4d16-8923-90c13280c91d: shutdown FollowerState
2019-09-25 04:12:47,193 [Thread-231] INFO  impl.RaftServerImpl (RaftServerImpl.java:setRole(174)) - a5b2edd3-6412-4d16-8923-90c13280c91d@group-4ECEC7CDA19D: changes role from  FOLLOWER to CANDIDATE at term 0 for changeToCandidate
2019-09-25 04:12:47,193 [Thread-231] INFO  impl.RoleInfo (RoleInfo.java:updateAndGet(143)) - a5b2edd3-6412-4d16-8923-90c13280c91d: start LeaderElection
2019-09-25 04:12:47,215 [Thread-228] INFO  impl.FollowerState (FollowerState.java:run(106)) - f5d39e36-3e0f-4a54-a012-e19588cf60a3:group-A7D6900632FF changes to CANDIDATE, lastRpcTime:5150, electionTimeout:5150ms
2019-09-25 04:12:47,215 [Thread-228] INFO  impl.RoleInfo (RoleInfo.java:shutdownFollowerState(121)) - f5d39e36-3e0f-4a54-a012-e19588cf60a3: shutdown FollowerState
2019-09-25 04:12:47,215 [Thread-228] INFO  impl.RaftServerImpl (RaftServerImpl.java:setRole(174)) - f5d39e36-3e0f-4a54-a012-e19588cf60a3@group-A7D6900632FF: changes role from  FOLLOWER to CANDIDATE at term 0 for changeToCandidate
2019-09-25 04:12:47,215 [Thread-228] INFO  impl.RoleInfo (RoleInfo.java:updateAndGet(143)) - f5d39e36-3e0f-4a54-a012-e19588cf60a3: start LeaderElection
2019-09-25 04:12:47,272 [f5d39e36-3e0f-4a54-a012-e19588cf60a3@group-814FE35BB0F4-SegmentedRaftLogWorker] INFO  segmented.SegmentedRaftLogWorker (SegmentedRaftLogWorker.java:execute(569)) - f5d39e36-3e0f-4a54-a012-e19588cf60a3@group-814FE35BB0F4-SegmentedRaftLogWorker: created new log segment /workdir/hadoop-ozone/integration-test/target/test-dir/MiniOzoneClusterImpl-d80116af-1168-4dd4-a2cd-efb6e5bdb9d0/datanode-0/data/ratis/a54f2c9c-f417-4642-8bf2-814fe35bb0f4/current/log_inprogress_0
2019-09-25 04:12:47,272 [f5d39e36-3e0f-4a54-a012-e19588cf60a3@group-FA2C67935E9F-SegmentedRaftLogWorker] INFO  segmented.SegmentedRaftLogWorker (SegmentedRaftLogWorker.java:execute(569)) - f5d39e36-3e0f-4a54-a012-e19588cf60a3@group-FA2C67935E9F-SegmentedRaftLogWorker: created new log segment /workdir/hadoop-ozone/integration-test/target/test-dir/MiniOzoneClusterImpl-d80116af-1168-4dd4-a2cd-efb6e5bdb9d0/datanode-0/data/ratis/e740bec6-91c0-438e-abeb-fa2c67935e9f/current/log_inprogress_0
2019-09-25 04:12:47,274 [a5b2edd3-6412-4d16-8923-90c13280c91d@group-4A3ACCDC8F99-SegmentedRaftLogWorker] INFO  segmented.SegmentedRaftLogWorker (SegmentedRaftLogWorker.java:execute(569)) - a5b2edd3-6412-4d16-8923-90c13280c91d@group-4A3ACCDC8F99-SegmentedRaftLogWorker: created new log segment /workdir/hadoop-ozone/integration-test/target/test-dir/MiniOzoneClusterImpl-d80116af-1168-4dd4-a2cd-efb6e5bdb9d0/datanode-2/data/ratis/590b78f0-1eb4-4ccb-87ba-4a3accdc8f99/current/log_inprogress_0
2019-09-25 04:12:47,274 [f5d39e36-3e0f-4a54-a012-e19588cf60a3@group-9215EF74F66E:LeaderElection14] INFO  impl.LeaderElection (LeaderElection.java:askForVotes(182)) - f5d39e36-3e0f-4a54-a012-e19588cf60a3@group-9215EF74F66E:LeaderElection14: begin an election at term 1 for -1: [f5d39e36-3e0f-4a54-a012-e19588cf60a3:192.168.5.161:38379], old=null
2019-09-25 04:12:47,274 [a5b2edd3-6412-4d16-8923-90c13280c91d@group-2216EA2F5642:LeaderElection8] INFO  impl.LeaderElection (LeaderElection.java:askForVotes(182)) - a5b2edd3-6412-4d16-8923-90c13280c91d@group-2216EA2F5642:LeaderElection8: begin an election at term 1 for -1: [a5b2edd3-6412-4d16-8923-90c13280c91d:192.168.5.161:45131], old=null
2019-09-25 04:12:47,274 [f5d39e36-3e0f-4a54-a012-e19588cf60a3@group-3D2D7C8075FD:LeaderElection7] INFO  impl.LeaderElection (LeaderElection.java:askForVotes(182)) - f5d39e36-3e0f-4a54-a012-e19588cf60a3@group-3D2D7C8075FD:LeaderElection7: begin an election at term 1 for -1: [f5d39e36-3e0f-4a54-a012-e19588cf60a3:192.168.5.161:38379], old=null
2019-09-25 04:12:47,274 [f5d39e36-3e0f-4a54-a012-e19588cf60a3@group-C0FFF7AA9CA2:LeaderElection12] INFO  impl.LeaderElection (LeaderElection.java:askForVotes(182)) - f5d39e36-3e0f-4a54-a012-e19588cf60a3@group-C0FFF7AA9CA2:LeaderElection12: begin an election at term 1 for -1: [f5d39e36-3e0f-4a54-a012-e19588cf60a3:192.168.5.161:38379], old=null
2019-09-25 04:12:47,274 [49f3ee78-dcf2-4a6b-9b4e-1405d1c251a9@group-9D99E3E9D14D:LeaderElection9] INFO  impl.LeaderElection (LeaderElection.java:askForVotes(182)) - 49f3ee78-dcf2-4a6b-9b4e-1405d1c251a9@group-9D99E3E9D14D:LeaderElection9: begin an election at term 1 for -1: [49f3ee78-dcf2-4a6b-9b4e-1405d1c251a9:192.168.5.161:34907], old=null
2019-09-25 04:12:47,274 [49f3ee78-dcf2-4a6b-9b4e-1405d1c251a9@group-53D461B5B173:LeaderElection11] INFO  impl.LeaderElection (LeaderElection.java:askForVotes(182)) - 49f3ee78-dcf2-4a6b-9b4e-1405d1c251a9@group-53D461B5B173:LeaderElection11: begin an election at term 1 for -1: [49f3ee78-dcf2-4a6b-9b4e-1405d1c251a9:192.168.5.161:34907], old=null
2019-09-25 04:12:47,274 [49f3ee78-dcf2-4a6b-9b4e-1405d1c251a9@group-396228EDF1D1:LeaderElection4] INFO  impl.LeaderElection (LeaderElection.java:askForVotes(182)) - 49f3ee78-dcf2-4a6b-9b4e-1405d1c251a9@group-396228EDF1D1:LeaderElection4: begin an election at term 1 for -1: [49f3ee78-dcf2-4a6b-9b4e-1405d1c251a9:192.168.5.161:34907], old=null
2019-09-25 04:12:47,276 [49f3ee78-dcf2-4a6b-9b4e-1405d1c251a9@group-53D461B5B173:LeaderElection11] INFO  impl.RoleInfo (RoleInfo.java:shutdownLeaderElection(134)) - 49f3ee78-dcf2-4a6b-9b4e-1405d1c251a9: shutdown LeaderElection
2019-09-25 04:12:47,274 [49f3ee78-dcf2-4a6b-9b4e-1405d1c251a9@group-6EC198B32BEB:LeaderElection5] INFO  impl.LeaderElection (LeaderElection.java:askForVotes(182)) - 49f3ee78-dcf2-4a6b-9b4e-1405d1c251a9@group-6EC198B32BEB:LeaderElection5: begin an election at term 1 for -1: [49f3ee78-dcf2-4a6b-9b4e-1405d1c251a9:192.168.5.161:34907], old=null
2019-09-25 04:12:47,274 [a5b2edd3-6412-4d16-8923-90c13280c91d@group-E173B702E717:LeaderElection10] INFO  impl.LeaderElection (LeaderElection.java:askForVotes(182)) - a5b2edd3-6412-4d16-8923-90c13280c91d@group-E173B702E717:LeaderElection10: begin an election at term 1 for -1: [a5b2edd3-6412-4d16-8923-90c13280c91d:192.168.5.161:45131], old=null
2019-09-25 04:12:47,274 [f5d39e36-3e0f-4a54-a012-e19588cf60a3@group-A7D6900632FF:LeaderElection17] INFO  impl.LeaderElection (LeaderElection.java:askForVotes(182)) - f5d39e36-3e0f-4a54-a012-e19588cf60a3@group-A7D6900632FF:LeaderElection17: begin an election at term 1 for -1: [f5d39e36-3e0f-4a54-a012-e19588cf60a3:192.168.5.161:38379], old=null
2019-09-25 04:12:47,274 [49f3ee78-dcf2-4a6b-9b4e-1405d1c251a9@group-8ECC4E1A06F2:LeaderElection6] INFO  impl.LeaderElection (LeaderElection.java:askForVotes(182)) - 49f3ee78-dcf2-4a6b-9b4e-1405d1c251a9@group-8ECC4E1A06F2:LeaderElection6: begin an election at term 1 for -1: [49f3ee78-dcf2-4a6b-9b4e-1405d1c251a9:192.168.5.161:34907], old=null
2019-09-25 04:12:47,276 [f5d39e36-3e0f-4a54-a012-e19588cf60a3@group-A7D6900632FF:LeaderElection17] INFO  impl.RoleInfo (RoleInfo.java:shutdownLeaderElection(134)) - f5d39e36-3e0f-4a54-a012-e19588cf60a3: shutdown LeaderElection
2019-09-25 04:12:47,276 [a5b2edd3-6412-4d16-8923-90c13280c91d@group-E173B702E717:LeaderElection10] INFO  impl.RoleInfo (RoleInfo.java:shutdownLeaderElection(134)) - a5b2edd3-6412-4d16-8923-90c13280c91d: shutdown LeaderElection
2019-09-25 04:12:47,276 [49f3ee78-dcf2-4a6b-9b4e-1405d1c251a9@group-6EC198B32BEB:LeaderElection5] INFO  impl.RoleInfo (RoleInfo.java:shutdownLeaderElection(134)) - 49f3ee78-dcf2-4a6b-9b4e-1405d1c251a9: shutdown LeaderElection
2019-09-25 04:12:47,276 [49f3ee78-dcf2-4a6b-9b4e-1405d1c251a9@group-53D461B5B173:LeaderElection11] INFO  impl.RaftServerImpl (RaftServerImpl.java:setRole(174)) - 49f3ee78-dcf2-4a6b-9b4e-1405d1c251a9@group-53D461B5B173: changes role from CANDIDATE to LEADER at term 1 for changeToLeader
2019-09-25 04:12:47,276 [49f3ee78-dcf2-4a6b-9b4e-1405d1c251a9@group-396228EDF1D1:LeaderElection4] INFO  impl.RoleInfo (RoleInfo.java:shutdownLeaderElection(134)) - 49f3ee78-dcf2-4a6b-9b4e-1405d1c251a9: shutdown LeaderElection
2019-09-25 04:12:47,275 [49f3ee78-dcf2-4a6b-9b4e-1405d1c251a9@group-9D99E3E9D14D:LeaderElection9] INFO  impl.RoleInfo (RoleInfo.java:shutdownLeaderElection(134)) - 49f3ee78-dcf2-4a6b-9b4e-1405d1c251a9: shutdown LeaderElection
2019-09-25 04:12:47,275 [f5d39e36-3e0f-4a54-a012-e19588cf60a3@group-C0FFF7AA9CA2:LeaderElection12] INFO  impl.RoleInfo (RoleInfo.java:shutdownLeaderElection(134)) - f5d39e36-3e0f-4a54-a012-e19588cf60a3: shutdown LeaderElection
2019-09-25 04:12:47,275 [f5d39e36-3e0f-4a54-a012-e19588cf60a3@group-3D2D7C8075FD:LeaderElection7] INFO  impl.RoleInfo (RoleInfo.java:shutdownLeaderElection(134)) - f5d39e36-3e0f-4a54-a012-e19588cf60a3: shutdown LeaderElection
2019-09-25 04:12:47,275 [a5b2edd3-6412-4d16-8923-90c13280c91d@group-2216EA2F5642:LeaderElection8] INFO  impl.RoleInfo (RoleInfo.java:shutdownLeaderElection(134)) - a5b2edd3-6412-4d16-8923-90c13280c91d: shutdown LeaderElection
2019-09-25 04:12:47,275 [f5d39e36-3e0f-4a54-a012-e19588cf60a3@group-9215EF74F66E:LeaderElection14] INFO  impl.RoleInfo (RoleInfo.java:shutdownLeaderElection(134)) - f5d39e36-3e0f-4a54-a012-e19588cf60a3: shutdown LeaderElection
2019-09-25 04:12:47,275 [49f3ee78-dcf2-4a6b-9b4e-1405d1c251a9@group-B78E8877FFF6:LeaderElection15] INFO  impl.LeaderElection (LeaderElection.java:askForVotes(182)) - 49f3ee78-dcf2-4a6b-9b4e-1405d1c251a9@group-B78E8877FFF6:LeaderElection15: begin an election at term 1 for -1: [49f3ee78-dcf2-4a6b-9b4e-1405d1c251a9:192.168.5.161:34907], old=null
2019-09-25 04:12:47,275 [a5b2edd3-6412-4d16-8923-90c13280c91d@group-E96B5E09355F:LeaderElection13] INFO  impl.LeaderElection (LeaderElection.java:askForVotes(182)) - a5b2edd3-6412-4d16-8923-90c13280c91d@group-E96B5E09355F:LeaderElection13: begin an election at term 1 for -1: [a5b2edd3-6412-4d16-8923-90c13280c91d:192.168.5.161:45131], old=null
2019-09-25 04:12:47,275 [a5b2edd3-6412-4d16-8923-90c13280c91d@group-4ECEC7CDA19D:LeaderElection16] INFO  impl.LeaderElection (LeaderElection.java:askForVotes(182)) - a5b2edd3-6412-4d16-8923-90c13280c91d@group-4ECEC7CDA19D:LeaderElection16: begin an election at term 1 for -1: [a5b2edd3-6412-4d16-8923-90c13280c91d:192.168.5.161:45131], old=null
2019-09-25 04:12:47,278 [a5b2edd3-6412-4d16-8923-90c13280c91d@group-E96B5E09355F:LeaderElection13] INFO  impl.RoleInfo (RoleInfo.java:shutdownLeaderElection(134)) - a5b2edd3-6412-4d16-8923-90c13280c91d: shutdown LeaderElection
2019-09-25 04:12:47,278 [49f3ee78-dcf2-4a6b-9b4e-1405d1c251a9@group-B78E8877FFF6:LeaderElection15] INFO  impl.RoleInfo (RoleInfo.java:shutdownLeaderElection(134)) - 49f3ee78-dcf2-4a6b-9b4e-1405d1c251a9: shutdown LeaderElection
2019-09-25 04:12:47,278 [f5d39e36-3e0f-4a54-a012-e19588cf60a3@group-9215EF74F66E:LeaderElection14] INFO  impl.RaftServerImpl (RaftServerImpl.java:setRole(174)) - f5d39e36-3e0f-4a54-a012-e19588cf60a3@group-9215EF74F66E: changes role from CANDIDATE to LEADER at term 1 for changeToLeader
2019-09-25 04:12:47,278 [a5b2edd3-6412-4d16-8923-90c13280c91d@group-2216EA2F5642:LeaderElection8] INFO  impl.RaftServerImpl (RaftServerImpl.java:setRole(174)) - a5b2edd3-6412-4d16-8923-90c13280c91d@group-2216EA2F5642: changes role from CANDIDATE to LEADER at term 1 for changeToLeader
2019-09-25 04:12:47,278 [f5d39e36-3e0f-4a54-a012-e19588cf60a3@group-3D2D7C8075FD:LeaderElection7] INFO  impl.RaftServerImpl (RaftServerImpl.java:setRole(174)) - f5d39e36-3e0f-4a54-a012-e19588cf60a3@group-3D2D7C8075FD: changes role from CANDIDATE to LEADER at term 1 for changeToLeader
2019-09-25 04:12:47,278 [f5d39e36-3e0f-4a54-a012-e19588cf60a3@group-C0FFF7AA9CA2:LeaderElection12] INFO  impl.RaftServerImpl (RaftServerImpl.java:setRole(174)) - f5d39e36-3e0f-4a54-a012-e19588cf60a3@group-C0FFF7AA9CA2: changes role from CANDIDATE to LEADER at term 1 for changeToLeader
2019-09-25 04:12:47,277 [49f3ee78-dcf2-4a6b-9b4e-1405d1c251a9@group-9D99E3E9D14D:LeaderElection9] INFO  impl.RaftServerImpl (RaftServerImpl.java:setRole(174)) - 49f3ee78-dcf2-4a6b-9b4e-1405d1c251a9@group-9D99E3E9D14D: changes role from CANDIDATE to LEADER at term 1 for changeToLeader
2019-09-25 04:12:47,277 [49f3ee78-dcf2-4a6b-9b4e-1405d1c251a9@group-396228EDF1D1:LeaderElection4] INFO  impl.RaftServerImpl (RaftServerImpl.java:setRole(174)) - 49f3ee78-dcf2-4a6b-9b4e-1405d1c251a9@group-396228EDF1D1: changes role from CANDIDATE to LEADER at term 1 for changeToLeader
2019-09-25 04:12:47,279 [49f3ee78-dcf2-4a6b-9b4e-1405d1c251a9@group-396228EDF1D1:LeaderElection4] INFO  impl.RaftServerImpl (ServerState.java:setLeader(253)) - 49f3ee78-dcf2-4a6b-9b4e-1405d1c251a9@group-396228EDF1D1: change Leader from null to 49f3ee78-dcf2-4a6b-9b4e-1405d1c251a9 at term 1 for becomeLeader, leader elected after 6078ms
2019-09-25 04:12:47,277 [49f3ee78-dcf2-4a6b-9b4e-1405d1c251a9@group-53D461B5B173:LeaderElection11] INFO  impl.RaftServerImpl (ServerState.java:setLeader(253)) - 49f3ee78-dcf2-4a6b-9b4e-1405d1c251a9@group-53D461B5B173: change Leader from null to 49f3ee78-dcf2-4a6b-9b4e-1405d1c251a9 at term 1 for becomeLeader, leader elected after 5570ms
2019-09-25 04:12:47,277 [49f3ee78-dcf2-4a6b-9b4e-1405d1c251a9@group-6EC198B32BEB:LeaderElection5] INFO  impl.RaftServerImpl (RaftServerImpl.java:setRole(174)) - 49f3ee78-dcf2-4a6b-9b4e-1405d1c251a9@group-6EC198B32BEB: changes role from CANDIDATE to LEADER at term 1 for changeToLeader
2019-09-25 04:12:47,277 [a5b2edd3-6412-4d16-8923-90c13280c91d@group-E173B702E717:LeaderElection10] INFO  impl.RaftServerImpl (RaftServerImpl.java:setRole(174)) - a5b2edd3-6412-4d16-8923-90c13280c91d@group-E173B702E717: changes role from CANDIDATE to LEADER at term 1 for changeToLeader
2019-09-25 04:12:47,277 [f5d39e36-3e0f-4a54-a012-e19588cf60a3@group-A7D6900632FF:LeaderElection17] INFO  impl.RaftServerImpl (RaftServerImpl.java:setRole(174)) - f5d39e36-3e0f-4a54-a012-e19588cf60a3@group-A7D6900632FF: changes role from CANDIDATE to LEADER at term 1 for changeToLeader
2019-09-25 04:12:47,277 [49f3ee78-dcf2-4a6b-9b4e-1405d1c251a9@group-8ECC4E1A06F2:LeaderElection6] INFO  impl.RoleInfo (RoleInfo.java:shutdownLeaderElection(134)) - 49f3ee78-dcf2-4a6b-9b4e-1405d1c251a9: shutdown LeaderElection
2019-09-25 04:12:47,280 [f5d39e36-3e0f-4a54-a012-e19588cf60a3@group-A7D6900632FF:LeaderElection17] INFO  impl.RaftServerImpl (ServerState.java:setLeader(253)) - f5d39e36-3e0f-4a54-a012-e19588cf60a3@group-A7D6900632FF: change Leader from null to f5d39e36-3e0f-4a54-a012-e19588cf60a3 at term 1 for becomeLeader, leader elected after 5225ms
2019-09-25 04:12:47,280 [a5b2edd3-6412-4d16-8923-90c13280c91d@group-E173B702E717:LeaderElection10] INFO  impl.RaftServerImpl (ServerState.java:setLeader(253)) - a5b2edd3-6412-4d16-8923-90c13280c91d@group-E173B702E717: change Leader from null to a5b2edd3-6412-4d16-8923-90c13280c91d at term 1 for becomeLeader, leader elected after 5640ms
2019-09-25 04:12:47,280 [49f3ee78-dcf2-4a6b-9b4e-1405d1c251a9@group-6EC198B32BEB:LeaderElection5] INFO  impl.RaftServerImpl (ServerState.java:setLeader(253)) - 49f3ee78-dcf2-4a6b-9b4e-1405d1c251a9@group-6EC198B32BEB: change Leader from null to 49f3ee78-dcf2-4a6b-9b4e-1405d1c251a9 at term 1 for becomeLeader, leader elected after 5988ms
2019-09-25 04:12:47,280 [49f3ee78-dcf2-4a6b-9b4e-1405d1c251a9@group-53D461B5B173:LeaderElection11] INFO  server.RaftServerConfigKeys (ConfUtils.java:logGet(43)) - raft.server.staging.catchup.gap = 1000 (default)
2019-09-25 04:12:47,280 [49f3ee78-dcf2-4a6b-9b4e-1405d1c251a9@group-396228EDF1D1:LeaderElection4] INFO  server.RaftServerConfigKeys (ConfUtils.java:logGet(43)) - raft.server.staging.catchup.gap = 1000 (default)
2019-09-25 04:12:47,279 [49f3ee78-dcf2-4a6b-9b4e-1405d1c251a9@group-9D99E3E9D14D:LeaderElection9] INFO  impl.RaftServerImpl (ServerState.java:setLeader(253)) - 49f3ee78-dcf2-4a6b-9b4e-1405d1c251a9@group-9D99E3E9D14D: change Leader from null to 49f3ee78-dcf2-4a6b-9b4e-1405d1c251a9 at term 1 for becomeLeader, leader elected after 5704ms
2019-09-25 04:12:47,279 [f5d39e36-3e0f-4a54-a012-e19588cf60a3@group-C0FFF7AA9CA2:LeaderElection12] INFO  impl.RaftServerImpl (ServerState.java:setLeader(253)) - f5d39e36-3e0f-4a54-a012-e19588cf60a3@group-C0FFF7AA9CA2: change Leader from null to f5d39e36-3e0f-4a54-a012-e19588cf60a3 at term 1 for becomeLeader, leader elected after 5500ms
2019-09-25 04:12:47,279 [f5d39e36-3e0f-4a54-a012-e19588cf60a3@group-3D2D7C8075FD:LeaderElection7] INFO  impl.RaftServerImpl (ServerState.java:setLeader(253)) - f5d39e36-3e0f-4a54-a012-e19588cf60a3@group-3D2D7C8075FD: change Leader from null to f5d39e36-3e0f-4a54-a012-e19588cf60a3 at term 1 for becomeLeader, leader elected after 5916ms
2019-09-25 04:12:47,279 [a5b2edd3-6412-4d16-8923-90c13280c91d@group-2216EA2F5642:LeaderElection8] INFO  impl.RaftServerImpl (ServerState.java:setLeader(253)) - a5b2edd3-6412-4d16-8923-90c13280c91d@group-2216EA2F5642: change Leader from null to a5b2edd3-6412-4d16-8923-90c13280c91d at term 1 for becomeLeader, leader elected after 5767ms
2019-09-25 04:12:47,279 [f5d39e36-3e0f-4a54-a012-e19588cf60a3@group-9215EF74F66E:LeaderElection14] INFO  impl.RaftServerImpl (ServerState.java:setLeader(253)) - f5d39e36-3e0f-4a54-a012-e19588cf60a3@group-9215EF74F66E: change Leader from null to f5d39e36-3e0f-4a54-a012-e19588cf60a3 at term 1 for becomeLeader, leader elected after 5298ms
2019-09-25 04:12:47,279 [49f3ee78-dcf2-4a6b-9b4e-1405d1c251a9@group-B78E8877FFF6:LeaderElection15] INFO  impl.RaftServerImpl (RaftServerImpl.java:setRole(174)) - 49f3ee78-dcf2-4a6b-9b4e-1405d1c251a9@group-B78E8877FFF6: changes role from CANDIDATE to LEADER at term 1 for changeToLeader
2019-09-25 04:12:47,279 [a5b2edd3-6412-4d16-8923-90c13280c91d@group-E96B5E09355F:LeaderElection13] INFO  impl.RaftServerImpl (RaftServerImpl.java:setRole(174)) - a5b2edd3-6412-4d16-8923-90c13280c91d@group-E96B5E09355F: changes role from CANDIDATE to LEADER at term 1 for changeToLeader
2019-09-25 04:12:47,278 [a5b2edd3-6412-4d16-8923-90c13280c91d@group-4ECEC7CDA19D:LeaderElection16] INFO  impl.RoleInfo (RoleInfo.java:shutdownLeaderElection(134)) - a5b2edd3-6412-4d16-8923-90c13280c91d: shutdown LeaderElection
2019-09-25 04:12:47,282 [a5b2edd3-6412-4d16-8923-90c13280c91d@group-E96B5E09355F:LeaderElection13] INFO  impl.RaftServerImpl (ServerState.java:setLeader(253)) - a5b2edd3-6412-4d16-8923-90c13280c91d@group-E96B5E09355F: change Leader from null to a5b2edd3-6412-4d16-8923-90c13280c91d at term 1 for becomeLeader, leader elected after 5437ms
2019-09-25 04:12:47,282 [49f3ee78-dcf2-4a6b-9b4e-1405d1c251a9@group-B78E8877FFF6:LeaderElection15] INFO  impl.RaftServerImpl (ServerState.java:setLeader(253)) - 49f3ee78-dcf2-4a6b-9b4e-1405d1c251a9@group-B78E8877FFF6: change Leader from null to 49f3ee78-dcf2-4a6b-9b4e-1405d1c251a9 at term 1 for becomeLeader, leader elected after 5370ms
2019-09-25 04:12:47,282 [f5d39e36-3e0f-4a54-a012-e19588cf60a3@group-9215EF74F66E:LeaderElection14] INFO  server.RaftServerConfigKeys (ConfUtils.java:logGet(43)) - raft.server.staging.catchup.gap = 1000 (default)
2019-09-25 04:12:47,282 [a5b2edd3-6412-4d16-8923-90c13280c91d@group-2216EA2F5642:LeaderElection8] INFO  server.RaftServerConfigKeys (ConfUtils.java:logGet(43)) - raft.server.staging.catchup.gap = 1000 (default)
2019-09-25 04:12:47,282 [f5d39e36-3e0f-4a54-a012-e19588cf60a3@group-3D2D7C8075FD:LeaderElection7] INFO  server.RaftServerConfigKeys (ConfUtils.java:logGet(43)) - raft.server.staging.catchup.gap = 1000 (default)
2019-09-25 04:12:47,281 [f5d39e36-3e0f-4a54-a012-e19588cf60a3@group-C0FFF7AA9CA2:LeaderElection12] INFO  server.RaftServerConfigKeys (ConfUtils.java:logGet(43)) - raft.server.staging.catchup.gap = 1000 (default)
2019-09-25 04:12:47,281 [49f3ee78-dcf2-4a6b-9b4e-1405d1c251a9@group-9D99E3E9D14D:LeaderElection9] INFO  server.RaftServerConfigKeys (ConfUtils.java:logGet(43)) - raft.server.staging.catchup.gap = 1000 (default)
2019-09-25 04:12:47,281 [49f3ee78-dcf2-4a6b-9b4e-1405d1c251a9@group-396228EDF1D1:LeaderElection4] INFO  server.RaftServerConfigKeys (ConfUtils.java:logGet(43)) - raft.server.rpc.sleep.time = 25ms (default)
2019-09-25 04:12:47,281 [49f3ee78-dcf2-4a6b-9b4e-1405d1c251a9@group-53D461B5B173:LeaderElection11] INFO  server.RaftServerConfigKeys (ConfUtils.java:logGet(43)) - raft.server.rpc.sleep.time = 25ms (default)
2019-09-25 04:12:47,281 [49f3ee78-dcf2-4a6b-9b4e-1405d1c251a9@group-6EC198B32BEB:LeaderElection5] INFO  server.RaftServerConfigKeys (ConfUtils.java:logGet(43)) - raft.server.staging.catchup.gap = 1000 (default)
2019-09-25 04:12:47,281 [a5b2edd3-6412-4d16-8923-90c13280c91d@group-E173B702E717:LeaderElection10] INFO  server.RaftServerConfigKeys (ConfUtils.java:logGet(43)) - raft.server.staging.catchup.gap = 1000 (default)
2019-09-25 04:12:47,281 [f5d39e36-3e0f-4a54-a012-e19588cf60a3@group-A7D6900632FF:LeaderElection17] INFO  server.RaftServerConfigKeys (ConfUtils.java:logGet(43)) - raft.server.staging.catchup.gap = 1000 (default)
2019-09-25 04:12:47,280 [49f3ee78-dcf2-4a6b-9b4e-1405d1c251a9@group-8ECC4E1A06F2:LeaderElection6] INFO  impl.RaftServerImpl (RaftServerImpl.java:setRole(174)) - 49f3ee78-dcf2-4a6b-9b4e-1405d1c251a9@group-8ECC4E1A06F2: changes role from CANDIDATE to LEADER at term 1 for changeToLeader
2019-09-25 04:12:47,284 [f5d39e36-3e0f-4a54-a012-e19588cf60a3@group-A7D6900632FF:LeaderElection17] INFO  server.RaftServerConfigKeys (ConfUtils.java:logGet(43)) - raft.server.rpc.sleep.time = 25ms (default)
2019-09-25 04:12:47,284 [a5b2edd3-6412-4d16-8923-90c13280c91d@group-E173B702E717:LeaderElection10] INFO  server.RaftServerConfigKeys (ConfUtils.java:logGet(43)) - raft.server.rpc.sleep.time = 25ms (default)
2019-09-25 04:12:47,284 [49f3ee78-dcf2-4a6b-9b4e-1405d1c251a9@group-6EC198B32BEB:LeaderElection5] INFO  server.RaftServerConfigKeys (ConfUtils.java:logGet(43)) - raft.server.rpc.sleep.time = 25ms (default)
2019-09-25 04:12:47,284 [49f3ee78-dcf2-4a6b-9b4e-1405d1c251a9@group-53D461B5B173:LeaderElection11] INFO  server.RaftServerConfigKeys (ConfUtils.java:logGet(43)) - raft.server.write.element-limit = 4096 (default)
2019-09-25 04:12:47,283 [49f3ee78-dcf2-4a6b-9b4e-1405d1c251a9@group-396228EDF1D1:LeaderElection4] INFO  server.RaftServerConfigKeys (ConfUtils.java:logGet(43)) - raft.server.write.element-limit = 4096 (default)
2019-09-25 04:12:47,283 [49f3ee78-dcf2-4a6b-9b4e-1405d1c251a9@group-9D99E3E9D14D:LeaderElection9] INFO  server.RaftServerConfigKeys (ConfUtils.java:logGet(43)) - raft.server.rpc.sleep.time = 25ms (default)
2019-09-25 04:12:47,283 [f5d39e36-3e0f-4a54-a012-e19588cf60a3@group-C0FFF7AA9CA2:LeaderElection12] INFO  server.RaftServerConfigKeys (ConfUtils.java:logGet(43)) - raft.server.rpc.sleep.time = 25ms (default)
2019-09-25 04:12:47,283 [f5d39e36-3e0f-4a54-a012-e19588cf60a3@group-3D2D7C8075FD:LeaderElection7] INFO  server.RaftServerConfigKeys (ConfUtils.java:logGet(43)) - raft.server.rpc.sleep.time = 25ms (default)
2019-09-25 04:12:47,283 [a5b2edd3-6412-4d16-8923-90c13280c91d@group-2216EA2F5642:LeaderElection8] INFO  server.RaftServerConfigKeys (ConfUtils.java:logGet(43)) - raft.server.rpc.sleep.time = 25ms (default)
2019-09-25 04:12:47,283 [f5d39e36-3e0f-4a54-a012-e19588cf60a3@group-9215EF74F66E:LeaderElection14] INFO  server.RaftServerConfigKeys (ConfUtils.java:logGet(43)) - raft.server.rpc.sleep.time = 25ms (default)
2019-09-25 04:12:47,286 [a5b2edd3-6412-4d16-8923-90c13280c91d@group-2216EA2F5642:LeaderElection8] INFO  server.RaftServerConfigKeys (ConfUtils.java:logGet(43)) - raft.server.write.element-limit = 4096 (default)
2019-09-25 04:12:47,283 [49f3ee78-dcf2-4a6b-9b4e-1405d1c251a9@group-B78E8877FFF6:LeaderElection15] INFO  server.RaftServerConfigKeys (ConfUtils.java:logGet(43)) - raft.server.staging.catchup.gap = 1000 (default)
2019-09-25 04:12:47,282 [a5b2edd3-6412-4d16-8923-90c13280c91d@group-E96B5E09355F:LeaderElection13] INFO  server.RaftServerConfigKeys (ConfUtils.java:logGet(43)) - raft.server.staging.catchup.gap = 1000 (default)
2019-09-25 04:12:47,282 [a5b2edd3-6412-4d16-8923-90c13280c91d@group-4ECEC7CDA19D:LeaderElection16] INFO  impl.RaftServerImpl (RaftServerImpl.java:setRole(174)) - a5b2edd3-6412-4d16-8923-90c13280c91d@group-4ECEC7CDA19D: changes role from CANDIDATE to LEADER at term 1 for changeToLeader
2019-09-25 04:12:47,286 [a5b2edd3-6412-4d16-8923-90c13280c91d@group-E96B5E09355F:LeaderElection13] INFO  server.RaftServerConfigKeys (ConfUtils.java:logGet(43)) - raft.server.rpc.sleep.time = 25ms (default)
2019-09-25 04:12:47,286 [49f3ee78-dcf2-4a6b-9b4e-1405d1c251a9@group-B78E8877FFF6:LeaderElection15] INFO  server.RaftServerConfigKeys (ConfUtils.java:logGet(43)) - raft.server.rpc.sleep.time = 25ms (default)
2019-09-25 04:12:47,286 [a5b2edd3-6412-4d16-8923-90c13280c91d@group-2216EA2F5642:LeaderElection8] INFO  server.RaftServerConfigKeys (ConfUtils.java:logGet(43)) - raft.server.watch.timeout = 10s (default)
2019-09-25 04:12:47,286 [f5d39e36-3e0f-4a54-a012-e19588cf60a3@group-9215EF74F66E:LeaderElection14] INFO  server.RaftServerConfigKeys (ConfUtils.java:logGet(43)) - raft.server.write.element-limit = 4096 (default)
2019-09-25 04:12:47,286 [f5d39e36-3e0f-4a54-a012-e19588cf60a3@group-3D2D7C8075FD:LeaderElection7] INFO  server.RaftServerConfigKeys (ConfUtils.java:logGet(43)) - raft.server.write.element-limit = 4096 (default)
2019-09-25 04:12:47,286 [f5d39e36-3e0f-4a54-a012-e19588cf60a3@group-C0FFF7AA9CA2:LeaderElection12] INFO  server.RaftServerConfigKeys (ConfUtils.java:logGet(43)) - raft.server.write.element-limit = 4096 (default)
2019-09-25 04:12:47,285 [49f3ee78-dcf2-4a6b-9b4e-1405d1c251a9@group-9D99E3E9D14D:LeaderElection9] INFO  server.RaftServerConfigKeys (ConfUtils.java:logGet(43)) - raft.server.write.element-limit = 4096 (default)
2019-09-25 04:12:47,285 [49f3ee78-dcf2-4a6b-9b4e-1405d1c251a9@group-396228EDF1D1:LeaderElection4] INFO  server.RaftServerConfigKeys (ConfUtils.java:logGet(43)) - raft.server.watch.timeout = 10s (default)
2019-09-25 04:12:47,285 [49f3ee78-dcf2-4a6b-9b4e-1405d1c251a9@group-53D461B5B173:LeaderElection11] INFO  server.RaftServerConfigKeys (ConfUtils.java:logGet(43)) - raft.server.watch.timeout = 10s (default)
2019-09-25 04:12:47,285 [49f3ee78-dcf2-4a6b-9b4e-1405d1c251a9@group-6EC198B32BEB:LeaderElection5] INFO  server.RaftServerConfigKeys (ConfUtils.java:logGet(43)) - raft.server.write.element-limit = 4096 (default)
2019-09-25 04:12:47,285 [a5b2edd3-6412-4d16-8923-90c13280c91d@group-E173B702E717:LeaderElection10] INFO  server.RaftServerConfigKeys (ConfUtils.java:logGet(43)) - raft.server.write.element-limit = 4096 (default)
2019-09-25 04:12:47,285 [f5d39e36-3e0f-4a54-a012-e19588cf60a3@group-A7D6900632FF:LeaderElection17] INFO  server.RaftServerConfigKeys (ConfUtils.java:logGet(43)) - raft.server.write.element-limit = 4096 (default)
2019-09-25 04:12:47,284 [49f3ee78-dcf2-4a6b-9b4e-1405d1c251a9@group-8ECC4E1A06F2:LeaderElection6] INFO  impl.RaftServerImpl (ServerState.java:setLeader(253)) - 49f3ee78-dcf2-4a6b-9b4e-1405d1c251a9@group-8ECC4E1A06F2: change Leader from null to 49f3ee78-dcf2-4a6b-9b4e-1405d1c251a9 at term 1 for becomeLeader, leader elected after 5852ms
2019-09-25 04:12:47,288 [f5d39e36-3e0f-4a54-a012-e19588cf60a3@group-A7D6900632FF:LeaderElection17] INFO  server.RaftServerConfigKeys (ConfUtils.java:logGet(43)) - raft.server.watch.timeout = 10s (default)
2019-09-25 04:12:47,288 [a5b2edd3-6412-4d16-8923-90c13280c91d@group-E173B702E717:LeaderElection10] INFO  server.RaftServerConfigKeys (ConfUtils.java:logGet(43)) - raft.server.watch.timeout = 10s (default)
2019-09-25 04:12:47,288 [49f3ee78-dcf2-4a6b-9b4e-1405d1c251a9@group-6EC198B32BEB:LeaderElection5] INFO  server.RaftServerConfigKeys (ConfUtils.java:logGet(43)) - raft.server.watch.timeout = 10s (default)
2019-09-25 04:12:47,288 [49f3ee78-dcf2-4a6b-9b4e-1405d1c251a9@group-53D461B5B173:LeaderElection11] INFO  server.RaftServerConfigKeys (ConfUtils.java:logGet(43)) - raft.server.watch.timeout.denomination = 1s (default)
2019-09-25 04:12:47,288 [49f3ee78-dcf2-4a6b-9b4e-1405d1c251a9@group-396228EDF1D1:LeaderElection4] INFO  server.RaftServerConfigKeys (ConfUtils.java:logGet(43)) - raft.server.watch.timeout.denomination = 1s (default)
2019-09-25 04:12:47,288 [49f3ee78-dcf2-4a6b-9b4e-1405d1c251a9@group-9D99E3E9D14D:LeaderElection9] INFO  server.RaftServerConfigKeys (ConfUtils.java:logGet(43)) - raft.server.watch.timeout = 10s (default)
2019-09-25 04:12:47,287 [f5d39e36-3e0f-4a54-a012-e19588cf60a3@group-C0FFF7AA9CA2:LeaderElection12] INFO  server.RaftServerConfigKeys (ConfUtils.java:logGet(43)) - raft.server.watch.timeout = 10s (default)
2019-09-25 04:12:47,287 [f5d39e36-3e0f-4a54-a012-e19588cf60a3@group-3D2D7C8075FD:LeaderElection7] INFO  server.RaftServerConfigKeys (ConfUtils.java:logGet(43)) - raft.server.watch.timeout = 10s (default)
2019-09-25 04:12:47,287 [f5d39e36-3e0f-4a54-a012-e19588cf60a3@group-9215EF74F66E:LeaderElection14] INFO  server.RaftServerConfigKeys (ConfUtils.java:logGet(43)) - raft.server.watch.timeout = 10s (default)
2019-09-25 04:12:47,290 [f5d39e36-3e0f-4a54-a012-e19588cf60a3@group-9215EF74F66E:LeaderElection14] INFO  server.RaftServerConfigKeys (ConfUtils.java:logGet(43)) - raft.server.watch.timeout.denomination = 1s (default)
2019-09-25 04:12:47,287 [a5b2edd3-6412-4d16-8923-90c13280c91d@group-2216EA2F5642:LeaderElection8] INFO  server.RaftServerConfigKeys (ConfUtils.java:logGet(43)) - raft.server.watch.timeout.denomination = 1s (default)
2019-09-25 04:12:47,287 [49f3ee78-dcf2-4a6b-9b4e-1405d1c251a9@group-B78E8877FFF6:LeaderElection15] INFO  server.RaftServerConfigKeys (ConfUtils.java:logGet(43)) - raft.server.write.element-limit = 4096 (default)
2019-09-25 04:12:47,287 [a5b2edd3-6412-4d16-8923-90c13280c91d@group-E96B5E09355F:LeaderElection13] INFO  server.RaftServerConfigKeys (ConfUtils.java:logGet(43)) - raft.server.write.element-limit = 4096 (default)
2019-09-25 04:12:47,286 [a5b2edd3-6412-4d16-8923-90c13280c91d@group-4ECEC7CDA19D:LeaderElection16] INFO  impl.RaftServerImpl (ServerState.java:setLeader(253)) - a5b2edd3-6412-4d16-8923-90c13280c91d@group-4ECEC7CDA19D: change Leader from null to a5b2edd3-6412-4d16-8923-90c13280c91d at term 1 for becomeLeader, leader elected after 5161ms
2019-09-25 04:12:47,290 [a5b2edd3-6412-4d16-8923-90c13280c91d@group-E96B5E09355F:LeaderElection13] INFO  server.RaftServerConfigKeys (ConfUtils.java:logGet(43)) - raft.server.watch.timeout = 10s (default)
2019-09-25 04:12:47,290 [49f3ee78-dcf2-4a6b-9b4e-1405d1c251a9@group-B78E8877FFF6:LeaderElection15] INFO  server.RaftServerConfigKeys (ConfUtils.java:logGet(43)) - raft.server.watch.timeout = 10s (default)
2019-09-25 04:12:47,291 [49f3ee78-dcf2-4a6b-9b4e-1405d1c251a9@group-B78E8877FFF6:LeaderElection15] INFO  server.RaftServerConfigKeys (ConfUtils.java:logGet(43)) - raft.server.watch.timeout.denomination = 1s (default)
2019-09-25 04:12:47,290 [a5b2edd3-6412-4d16-8923-90c13280c91d@group-2216EA2F5642:LeaderElection8] INFO  server.RaftServerConfigKeys (ConfUtils.java:logGet(43)) - raft.server.watch.element-limit = 65536 (default)
2019-09-25 04:12:47,290 [f5d39e36-3e0f-4a54-a012-e19588cf60a3@group-9215EF74F66E:LeaderElection14] INFO  server.RaftServerConfigKeys (ConfUtils.java:logGet(43)) - raft.server.watch.element-limit = 65536 (default)
2019-09-25 04:12:47,290 [f5d39e36-3e0f-4a54-a012-e19588cf60a3@group-3D2D7C8075FD:LeaderElection7] INFO  server.RaftServerConfigKeys (ConfUtils.java:logGet(43)) - raft.server.watch.timeout.denomination = 1s (default)
2019-09-25 04:12:47,290 [f5d39e36-3e0f-4a54-a012-e19588cf60a3@group-C0FFF7AA9CA2:LeaderElection12] INFO  server.RaftServerConfigKeys (ConfUtils.java:logGet(43)) - raft.server.watch.timeout.denomination = 1s (default)
2019-09-25 04:12:47,290 [49f3ee78-dcf2-4a6b-9b4e-1405d1c251a9@group-9D99E3E9D14D:LeaderElection9] INFO  server.RaftServerConfigKeys (ConfUtils.java:logGet(43)) - raft.server.watch.timeout.denomination = 1s (default)
2019-09-25 04:12:47,289 [49f3ee78-dcf2-4a6b-9b4e-1405d1c251a9@group-396228EDF1D1:LeaderElection4] INFO  server.RaftServerConfigKeys (ConfUtils.java:logGet(43)) - raft.server.watch.element-limit = 65536 (default)
2019-09-25 04:12:47,289 [49f3ee78-dcf2-4a6b-9b4e-1405d1c251a9@group-53D461B5B173:LeaderElection11] INFO  server.RaftServerConfigKeys (ConfUtils.java:logGet(43)) - raft.server.watch.element-limit = 65536 (default)
2019-09-25 04:12:47,289 [49f3ee78-dcf2-4a6b-9b4e-1405d1c251a9@group-6EC198B32BEB:LeaderElection5] INFO  server.RaftServerConfigKeys (ConfUtils.java:logGet(43)) - raft.server.watch.timeout.denomination = 1s (default)
2019-09-25 04:12:47,289 [a5b2edd3-6412-4d16-8923-90c13280c91d@group-E173B702E717:LeaderElection10] INFO  server.RaftServerConfigKeys (ConfUtils.java:logGet(43)) - raft.server.watch.timeout.denomination = 1s (default)
2019-09-25 04:12:47,289 [f5d39e36-3e0f-4a54-a012-e19588cf60a3@group-A7D6900632FF:LeaderElection17] INFO  server.RaftServerConfigKeys (ConfUtils.java:logGet(43)) - raft.server.watch.timeout.denomination = 1s (default)
2019-09-25 04:12:47,289 [49f3ee78-dcf2-4a6b-9b4e-1405d1c251a9@group-8ECC4E1A06F2:LeaderElection6] INFO  server.RaftServerConfigKeys (ConfUtils.java:logGet(43)) - raft.server.staging.catchup.gap = 1000 (default)
2019-09-25 04:12:47,292 [f5d39e36-3e0f-4a54-a012-e19588cf60a3@group-A7D6900632FF:LeaderElection17] INFO  server.RaftServerConfigKeys (ConfUtils.java:logGet(43)) - raft.server.watch.element-limit = 65536 (default)
2019-09-25 04:12:47,292 [a5b2edd3-6412-4d16-8923-90c13280c91d@group-E173B702E717:LeaderElection10] INFO  server.RaftServerConfigKeys (ConfUtils.java:logGet(43)) - raft.server.watch.element-limit = 65536 (default)
2019-09-25 04:12:47,292 [49f3ee78-dcf2-4a6b-9b4e-1405d1c251a9@group-6EC198B32BEB:LeaderElection5] INFO  server.RaftServerConfigKeys (ConfUtils.java:logGet(43)) - raft.server.watch.element-limit = 65536 (default)
2019-09-25 04:12:47,292 [49f3ee78-dcf2-4a6b-9b4e-1405d1c251a9@group-9D99E3E9D14D:LeaderElection9] INFO  server.RaftServerConfigKeys (ConfUtils.java:logGet(43)) - raft.server.watch.element-limit = 65536 (default)
2019-09-25 04:12:47,292 [f5d39e36-3e0f-4a54-a012-e19588cf60a3@group-C0FFF7AA9CA2:LeaderElection12] INFO  server.RaftServerConfigKeys (ConfUtils.java:logGet(43)) - raft.server.watch.element-limit = 65536 (default)
2019-09-25 04:12:47,291 [f5d39e36-3e0f-4a54-a012-e19588cf60a3@group-3D2D7C8075FD:LeaderElection7] INFO  server.RaftServerConfigKeys (ConfUtils.java:logGet(43)) - raft.server.watch.element-limit = 65536 (default)
2019-09-25 04:12:47,291 [49f3ee78-dcf2-4a6b-9b4e-1405d1c251a9@group-B78E8877FFF6:LeaderElection15] INFO  server.RaftServerConfigKeys (ConfUtils.java:logGet(43)) - raft.server.watch.element-limit = 65536 (default)
2019-09-25 04:12:47,291 [a5b2edd3-6412-4d16-8923-90c13280c91d@group-E96B5E09355F:LeaderElection13] INFO  server.RaftServerConfigKeys (ConfUtils.java:logGet(43)) - raft.server.watch.timeout.denomination = 1s (default)
2019-09-25 04:12:47,291 [a5b2edd3-6412-4d16-8923-90c13280c91d@group-4ECEC7CDA19D:LeaderElection16] INFO  server.RaftServerConfigKeys (ConfUtils.java:logGet(43)) - raft.server.staging.catchup.gap = 1000 (default)
2019-09-25 04:12:47,294 [a5b2edd3-6412-4d16-8923-90c13280c91d@group-E96B5E09355F:LeaderElection13] INFO  server.RaftServerConfigKeys (ConfUtils.java:logGet(43)) - raft.server.watch.element-limit = 65536 (default)
2019-09-25 04:12:47,293 [49f3ee78-dcf2-4a6b-9b4e-1405d1c251a9@group-8ECC4E1A06F2:LeaderElection6] INFO  server.RaftServerConfigKeys (ConfUtils.java:logGet(43)) - raft.server.rpc.sleep.time = 25ms (default)
2019-09-25 04:12:47,295 [a5b2edd3-6412-4d16-8923-90c13280c91d@group-4ECEC7CDA19D:LeaderElection16] INFO  server.RaftServerConfigKeys (ConfUtils.java:logGet(43)) - raft.server.rpc.sleep.time = 25ms (default)
2019-09-25 04:12:47,295 [49f3ee78-dcf2-4a6b-9b4e-1405d1c251a9@group-8ECC4E1A06F2:LeaderElection6] INFO  server.RaftServerConfigKeys (ConfUtils.java:logGet(43)) - raft.server.write.element-limit = 4096 (default)
2019-09-25 04:12:47,295 [a5b2edd3-6412-4d16-8923-90c13280c91d@group-4ECEC7CDA19D:LeaderElection16] INFO  server.RaftServerConfigKeys (ConfUtils.java:logGet(43)) - raft.server.write.element-limit = 4096 (default)
2019-09-25 04:12:47,295 [49f3ee78-dcf2-4a6b-9b4e-1405d1c251a9@group-8ECC4E1A06F2:LeaderElection6] INFO  server.RaftServerConfigKeys (ConfUtils.java:logGet(43)) - raft.server.watch.timeout = 10s (default)
2019-09-25 04:12:47,296 [a5b2edd3-6412-4d16-8923-90c13280c91d@group-4ECEC7CDA19D:LeaderElection16] INFO  server.RaftServerConfigKeys (ConfUtils.java:logGet(43)) - raft.server.watch.timeout = 10s (default)
2019-09-25 04:12:47,296 [49f3ee78-dcf2-4a6b-9b4e-1405d1c251a9@group-8ECC4E1A06F2:LeaderElection6] INFO  server.RaftServerConfigKeys (ConfUtils.java:logGet(43)) - raft.server.watch.timeout.denomination = 1s (default)
2019-09-25 04:12:47,296 [a5b2edd3-6412-4d16-8923-90c13280c91d@group-4ECEC7CDA19D:LeaderElection16] INFO  server.RaftServerConfigKeys (ConfUtils.java:logGet(43)) - raft.server.watch.timeout.denomination = 1s (default)
2019-09-25 04:12:47,296 [49f3ee78-dcf2-4a6b-9b4e-1405d1c251a9@group-8ECC4E1A06F2:LeaderElection6] INFO  server.RaftServerConfigKeys (ConfUtils.java:logGet(43)) - raft.server.watch.element-limit = 65536 (default)
2019-09-25 04:12:47,296 [a5b2edd3-6412-4d16-8923-90c13280c91d@group-4ECEC7CDA19D:LeaderElection16] INFO  server.RaftServerConfigKeys (ConfUtils.java:logGet(43)) - raft.server.watch.element-limit = 65536 (default)
2019-09-25 04:12:47,303 [a5b2edd3-6412-4d16-8923-90c13280c91d@group-2216EA2F5642:LeaderElection8] INFO  impl.RoleInfo (RoleInfo.java:updateAndGet(143)) - a5b2edd3-6412-4d16-8923-90c13280c91d: start LeaderState
2019-09-25 04:12:47,304 [a5b2edd3-6412-4d16-8923-90c13280c91d@group-2216EA2F5642:LeaderElection8] INFO  segmented.SegmentedRaftLogWorker (SegmentedRaftLogWorker.java:startLogSegment(380)) - a5b2edd3-6412-4d16-8923-90c13280c91d@group-2216EA2F5642-SegmentedRaftLogWorker: Starting segment from index:0
2019-09-25 04:12:47,304 [a5b2edd3-6412-4d16-8923-90c13280c91d@group-2216EA2F5642:LeaderElection8] INFO  impl.RaftServerImpl (ServerState.java:setRaftConf(354)) - a5b2edd3-6412-4d16-8923-90c13280c91d@group-2216EA2F5642: set configuration 0: [a5b2edd3-6412-4d16-8923-90c13280c91d:192.168.5.161:45131], old=null at 0
2019-09-25 04:12:47,342 [49f3ee78-dcf2-4a6b-9b4e-1405d1c251a9@group-53D461B5B173:LeaderElection11] INFO  impl.RoleInfo (RoleInfo.java:updateAndGet(143)) - 49f3ee78-dcf2-4a6b-9b4e-1405d1c251a9: start LeaderState
2019-09-25 04:12:47,343 [49f3ee78-dcf2-4a6b-9b4e-1405d1c251a9@group-53D461B5B173:LeaderElection11] INFO  segmented.SegmentedRaftLogWorker (SegmentedRaftLogWorker.java:startLogSegment(380)) - 49f3ee78-dcf2-4a6b-9b4e-1405d1c251a9@group-53D461B5B173-SegmentedRaftLogWorker: Starting segment from index:0
2019-09-25 04:12:47,343 [49f3ee78-dcf2-4a6b-9b4e-1405d1c251a9@group-53D461B5B173:LeaderElection11] INFO  impl.RaftServerImpl (ServerState.java:setRaftConf(354)) - 49f3ee78-dcf2-4a6b-9b4e-1405d1c251a9@group-53D461B5B173: set configuration 0: [49f3ee78-dcf2-4a6b-9b4e-1405d1c251a9:192.168.5.161:34907], old=null at 0
2019-09-25 04:12:47,372 [a5b2edd3-6412-4d16-8923-90c13280c91d@group-2216EA2F5642-SegmentedRaftLogWorker] INFO  segmented.SegmentedRaftLogWorker (SegmentedRaftLogWorker.java:execute(569)) - a5b2edd3-6412-4d16-8923-90c13280c91d@group-2216EA2F5642-SegmentedRaftLogWorker: created new log segment /workdir/hadoop-ozone/integration-test/target/test-dir/MiniOzoneClusterImpl-d80116af-1168-4dd4-a2cd-efb6e5bdb9d0/datanode-2/data/ratis/1082b4ce-7755-4324-97ba-2216ea2f5642/current/log_inprogress_0
2019-09-25 04:12:47,380 [f5d39e36-3e0f-4a54-a012-e19588cf60a3@group-A7D6900632FF:LeaderElection17] INFO  impl.RoleInfo (RoleInfo.java:updateAndGet(143)) - f5d39e36-3e0f-4a54-a012-e19588cf60a3: start LeaderState
2019-09-25 04:12:47,381 [f5d39e36-3e0f-4a54-a012-e19588cf60a3@group-A7D6900632FF:LeaderElection17] INFO  segmented.SegmentedRaftLogWorker (SegmentedRaftLogWorker.java:startLogSegment(380)) - f5d39e36-3e0f-4a54-a012-e19588cf60a3@group-A7D6900632FF-SegmentedRaftLogWorker: Starting segment from index:0
2019-09-25 04:12:47,381 [49f3ee78-dcf2-4a6b-9b4e-1405d1c251a9@group-396228EDF1D1:LeaderElection4] INFO  impl.RoleInfo (RoleInfo.java:updateAndGet(143)) - 49f3ee78-dcf2-4a6b-9b4e-1405d1c251a9: start LeaderState
2019-09-25 04:12:47,381 [f5d39e36-3e0f-4a54-a012-e19588cf60a3@group-A7D6900632FF:LeaderElection17] INFO  impl.RaftServerImpl (ServerState.java:setRaftConf(354)) - f5d39e36-3e0f-4a54-a012-e19588cf60a3@group-A7D6900632FF: set configuration 0: [f5d39e36-3e0f-4a54-a012-e19588cf60a3:192.168.5.161:38379], old=null at 0
2019-09-25 04:12:47,381 [49f3ee78-dcf2-4a6b-9b4e-1405d1c251a9@group-396228EDF1D1:LeaderElection4] INFO  segmented.SegmentedRaftLogWorker (SegmentedRaftLogWorker.java:startLogSegment(380)) - 49f3ee78-dcf2-4a6b-9b4e-1405d1c251a9@group-396228EDF1D1-SegmentedRaftLogWorker: Starting segment from index:0
2019-09-25 04:12:47,414 [49f3ee78-dcf2-4a6b-9b4e-1405d1c251a9@group-53D461B5B173-SegmentedRaftLogWorker] INFO  segmented.SegmentedRaftLogWorker (SegmentedRaftLogWorker.java:execute(569)) - 49f3ee78-dcf2-4a6b-9b4e-1405d1c251a9@group-53D461B5B173-SegmentedRaftLogWorker: created new log segment /workdir/hadoop-ozone/integration-test/target/test-dir/MiniOzoneClusterImpl-d80116af-1168-4dd4-a2cd-efb6e5bdb9d0/datanode-1/data/ratis/b8264d91-6667-4e29-993e-53d461b5b173/current/log_inprogress_0
2019-09-25 04:12:47,414 [Thread-234] INFO  impl.FollowerState (FollowerState.java:run(106)) - a5b2edd3-6412-4d16-8923-90c13280c91d:group-2364756B8CB6 changes to CANDIDATE, lastRpcTime:5222, electionTimeout:5200ms
2019-09-25 04:12:47,415 [49f3ee78-dcf2-4a6b-9b4e-1405d1c251a9@group-396228EDF1D1:LeaderElection4] INFO  impl.RaftServerImpl (ServerState.java:setRaftConf(354)) - 49f3ee78-dcf2-4a6b-9b4e-1405d1c251a9@group-396228EDF1D1: set configuration 0: [49f3ee78-dcf2-4a6b-9b4e-1405d1c251a9:192.168.5.161:34907], old=null at 0
2019-09-25 04:12:47,415 [Thread-234] INFO  impl.RoleInfo (RoleInfo.java:shutdownFollowerState(121)) - a5b2edd3-6412-4d16-8923-90c13280c91d: shutdown FollowerState
2019-09-25 04:12:47,453 [f5d39e36-3e0f-4a54-a012-e19588cf60a3@group-A7D6900632FF-SegmentedRaftLogWorker] INFO  segmented.SegmentedRaftLogWorker (SegmentedRaftLogWorker.java:execute(569)) - f5d39e36-3e0f-4a54-a012-e19588cf60a3@group-A7D6900632FF-SegmentedRaftLogWorker: created new log segment /workdir/hadoop-ozone/integration-test/target/test-dir/MiniOzoneClusterImpl-d80116af-1168-4dd4-a2cd-efb6e5bdb9d0/datanode-0/data/ratis/aba1cde0-0317-4bd8-9e26-a7d6900632ff/current/log_inprogress_0
2019-09-25 04:12:47,454 [Thread-234] INFO  impl.RaftServerImpl (RaftServerImpl.java:setRole(174)) - a5b2edd3-6412-4d16-8923-90c13280c91d@group-2364756B8CB6: changes role from  FOLLOWER to CANDIDATE at term 0 for changeToCandidate
2019-09-25 04:12:47,454 [f5d39e36-3e0f-4a54-a012-e19588cf60a3@group-9215EF74F66E:LeaderElection14] INFO  impl.RoleInfo (RoleInfo.java:updateAndGet(143)) - f5d39e36-3e0f-4a54-a012-e19588cf60a3: start LeaderState
2019-09-25 04:12:47,454 [Thread-234] INFO  impl.RoleInfo (RoleInfo.java:updateAndGet(143)) - a5b2edd3-6412-4d16-8923-90c13280c91d: start LeaderElection
2019-09-25 04:12:47,455 [f5d39e36-3e0f-4a54-a012-e19588cf60a3@group-9215EF74F66E:LeaderElection14] INFO  segmented.SegmentedRaftLogWorker (SegmentedRaftLogWorker.java:startLogSegment(380)) - f5d39e36-3e0f-4a54-a012-e19588cf60a3@group-9215EF74F66E-SegmentedRaftLogWorker: Starting segment from index:0
2019-09-25 04:12:47,491 [49f3ee78-dcf2-4a6b-9b4e-1405d1c251a9@group-396228EDF1D1-SegmentedRaftLogWorker] INFO  segmented.SegmentedRaftLogWorker (SegmentedRaftLogWorker.java:execute(569)) - 49f3ee78-dcf2-4a6b-9b4e-1405d1c251a9@group-396228EDF1D1-SegmentedRaftLogWorker: created new log segment /workdir/hadoop-ozone/integration-test/target/test-dir/MiniOzoneClusterImpl-d80116af-1168-4dd4-a2cd-efb6e5bdb9d0/datanode-1/data/ratis/e054f215-f212-435b-87f3-396228edf1d1/current/log_inprogress_0
2019-09-25 04:12:47,491 [f5d39e36-3e0f-4a54-a012-e19588cf60a3@group-9215EF74F66E:LeaderElection14] INFO  impl.RaftServerImpl (ServerState.java:setRaftConf(354)) - f5d39e36-3e0f-4a54-a012-e19588cf60a3@group-9215EF74F66E: set configuration 0: [f5d39e36-3e0f-4a54-a012-e19588cf60a3:192.168.5.161:38379], old=null at 0
2019-09-25 04:12:47,494 [49f3ee78-dcf2-4a6b-9b4e-1405d1c251a9@group-B78E8877FFF6:LeaderElection15] INFO  impl.RoleInfo (RoleInfo.java:updateAndGet(143)) - 49f3ee78-dcf2-4a6b-9b4e-1405d1c251a9: start LeaderState
2019-09-25 04:12:47,494 [49f3ee78-dcf2-4a6b-9b4e-1405d1c251a9@group-B78E8877FFF6:LeaderElection15] INFO  segmented.SegmentedRaftLogWorker (SegmentedRaftLogWorker.java:startLogSegment(380)) - 49f3ee78-dcf2-4a6b-9b4e-1405d1c251a9@group-B78E8877FFF6-SegmentedRaftLogWorker: Starting segment from index:0
2019-09-25 04:12:47,495 [49f3ee78-dcf2-4a6b-9b4e-1405d1c251a9@group-B78E8877FFF6:LeaderElection15] INFO  impl.RaftServerImpl (ServerState.java:setRaftConf(354)) - 49f3ee78-dcf2-4a6b-9b4e-1405d1c251a9@group-B78E8877FFF6: set configuration 0: [49f3ee78-dcf2-4a6b-9b4e-1405d1c251a9:192.168.5.161:34907], old=null at 0
2019-09-25 04:12:47,536 [f5d39e36-3e0f-4a54-a012-e19588cf60a3@group-9215EF74F66E-SegmentedRaftLogWorker] INFO  segmented.SegmentedRaftLogWorker (SegmentedRaftLogWorker.java:execute(569)) - f5d39e36-3e0f-4a54-a012-e19588cf60a3@group-9215EF74F66E-SegmentedRaftLogWorker: created new log segment /workdir/hadoop-ozone/integration-test/target/test-dir/MiniOzoneClusterImpl-d80116af-1168-4dd4-a2cd-efb6e5bdb9d0/datanode-0/data/ratis/bf4015b9-9801-44c3-b2de-9215ef74f66e/current/log_inprogress_0
2019-09-25 04:12:47,536 [a5b2edd3-6412-4d16-8923-90c13280c91d@group-2364756B8CB6:LeaderElection18] INFO  impl.LeaderElection (LeaderElection.java:askForVotes(182)) - a5b2edd3-6412-4d16-8923-90c13280c91d@group-2364756B8CB6:LeaderElection18: begin an election at term 1 for -1: [a5b2edd3-6412-4d16-8923-90c13280c91d:192.168.5.161:45131], old=null
2019-09-25 04:12:47,536 [a5b2edd3-6412-4d16-8923-90c13280c91d@group-2364756B8CB6:LeaderElection18] INFO  impl.RoleInfo (RoleInfo.java:shutdownLeaderElection(134)) - a5b2edd3-6412-4d16-8923-90c13280c91d: shutdown LeaderElection
2019-09-25 04:12:47,536 [a5b2edd3-6412-4d16-8923-90c13280c91d@group-2364756B8CB6:LeaderElection18] INFO  impl.RaftServerImpl (RaftServerImpl.java:setRole(174)) - a5b2edd3-6412-4d16-8923-90c13280c91d@group-2364756B8CB6: changes role from CANDIDATE to LEADER at term 1 for changeToLeader
2019-09-25 04:12:47,537 [a5b2edd3-6412-4d16-8923-90c13280c91d@group-2364756B8CB6:LeaderElection18] INFO  impl.RaftServerImpl (ServerState.java:setLeader(253)) - a5b2edd3-6412-4d16-8923-90c13280c91d@group-2364756B8CB6: change Leader from null to a5b2edd3-6412-4d16-8923-90c13280c91d at term 1 for becomeLeader, leader elected after 5352ms
2019-09-25 04:12:47,537 [f5d39e36-3e0f-4a54-a012-e19588cf60a3@group-3D2D7C8075FD:LeaderElection7] INFO  impl.RoleInfo (RoleInfo.java:updateAndGet(143)) - f5d39e36-3e0f-4a54-a012-e19588cf60a3: start LeaderState
2019-09-25 04:12:47,537 [a5b2edd3-6412-4d16-8923-90c13280c91d@group-2364756B8CB6:LeaderElection18] INFO  server.RaftServerConfigKeys (ConfUtils.java:logGet(43)) - raft.server.staging.catchup.gap = 1000 (default)
2019-09-25 04:12:47,537 [f5d39e36-3e0f-4a54-a012-e19588cf60a3@group-3D2D7C8075FD:LeaderElection7] INFO  segmented.SegmentedRaftLogWorker (SegmentedRaftLogWorker.java:startLogSegment(380)) - f5d39e36-3e0f-4a54-a012-e19588cf60a3@group-3D2D7C8075FD-SegmentedRaftLogWorker: Starting segment from index:0
2019-09-25 04:12:47,537 [a5b2edd3-6412-4d16-8923-90c13280c91d@group-2364756B8CB6:LeaderElection18] INFO  server.RaftServerConfigKeys (ConfUtils.java:logGet(43)) - raft.server.rpc.sleep.time = 25ms (default)
2019-09-25 04:12:47,538 [a5b2edd3-6412-4d16-8923-90c13280c91d@group-2364756B8CB6:LeaderElection18] INFO  server.RaftServerConfigKeys (ConfUtils.java:logGet(43)) - raft.server.write.element-limit = 4096 (default)
2019-09-25 04:12:47,538 [f5d39e36-3e0f-4a54-a012-e19588cf60a3@group-3D2D7C8075FD:LeaderElection7] INFO  impl.RaftServerImpl (ServerState.java:setRaftConf(354)) - f5d39e36-3e0f-4a54-a012-e19588cf60a3@group-3D2D7C8075FD: set configuration 0: [f5d39e36-3e0f-4a54-a012-e19588cf60a3:192.168.5.161:38379], old=null at 0
2019-09-25 04:12:47,538 [a5b2edd3-6412-4d16-8923-90c13280c91d@group-2364756B8CB6:LeaderElection18] INFO  server.RaftServerConfigKeys (ConfUtils.java:logGet(43)) - raft.server.watch.timeout = 10s (default)
2019-09-25 04:12:47,538 [f5d39e36-3e0f-4a54-a012-e19588cf60a3@group-C0FFF7AA9CA2:LeaderElection12] INFO  impl.RoleInfo (RoleInfo.java:updateAndGet(143)) - f5d39e36-3e0f-4a54-a012-e19588cf60a3: start LeaderState
2019-09-25 04:12:47,580 [a5b2edd3-6412-4d16-8923-90c13280c91d@group-2364756B8CB6:LeaderElection18] INFO  server.RaftServerConfigKeys (ConfUtils.java:logGet(43)) - raft.server.watch.timeout.denomination = 1s (default)
2019-09-25 04:12:47,580 [49f3ee78-dcf2-4a6b-9b4e-1405d1c251a9@group-B78E8877FFF6-SegmentedRaftLogWorker] INFO  segmented.SegmentedRaftLogWorker (SegmentedRaftLogWorker.java:execute(569)) - 49f3ee78-dcf2-4a6b-9b4e-1405d1c251a9@group-B78E8877FFF6-SegmentedRaftLogWorker: created new log segment /workdir/hadoop-ozone/integration-test/target/test-dir/MiniOzoneClusterImpl-d80116af-1168-4dd4-a2cd-efb6e5bdb9d0/datanode-1/data/ratis/e931b791-9e28-4887-bad3-b78e8877fff6/current/log_inprogress_0
2019-09-25 04:12:47,581 [a5b2edd3-6412-4d16-8923-90c13280c91d@group-2364756B8CB6:LeaderElection18] INFO  server.RaftServerConfigKeys (ConfUtils.java:logGet(43)) - raft.server.watch.element-limit = 65536 (default)
2019-09-25 04:12:47,581 [f5d39e36-3e0f-4a54-a012-e19588cf60a3@group-C0FFF7AA9CA2:LeaderElection12] INFO  segmented.SegmentedRaftLogWorker (SegmentedRaftLogWorker.java:startLogSegment(380)) - f5d39e36-3e0f-4a54-a012-e19588cf60a3@group-C0FFF7AA9CA2-SegmentedRaftLogWorker: Starting segment from index:0
2019-09-25 04:12:47,581 [49f3ee78-dcf2-4a6b-9b4e-1405d1c251a9@group-9D99E3E9D14D:LeaderElection9] INFO  impl.RoleInfo (RoleInfo.java:updateAndGet(143)) - 49f3ee78-dcf2-4a6b-9b4e-1405d1c251a9: start LeaderState
2019-09-25 04:12:47,582 [49f3ee78-dcf2-4a6b-9b4e-1405d1c251a9@group-6EC198B32BEB:LeaderElection5] INFO  impl.RoleInfo (RoleInfo.java:updateAndGet(143)) - 49f3ee78-dcf2-4a6b-9b4e-1405d1c251a9: start LeaderState
2019-09-25 04:12:47,582 [49f3ee78-dcf2-4a6b-9b4e-1405d1c251a9@group-9D99E3E9D14D:LeaderElection9] INFO  segmented.SegmentedRaftLogWorker (SegmentedRaftLogWorker.java:startLogSegment(380)) - 49f3ee78-dcf2-4a6b-9b4e-1405d1c251a9@group-9D99E3E9D14D-SegmentedRaftLogWorker: Starting segment from index:0
2019-09-25 04:12:47,582 [49f3ee78-dcf2-4a6b-9b4e-1405d1c251a9@group-6EC198B32BEB:LeaderElection5] INFO  segmented.SegmentedRaftLogWorker (SegmentedRaftLogWorker.java:startLogSegment(380)) - 49f3ee78-dcf2-4a6b-9b4e-1405d1c251a9@group-6EC198B32BEB-SegmentedRaftLogWorker: Starting segment from index:0
2019-09-25 04:12:47,582 [f5d39e36-3e0f-4a54-a012-e19588cf60a3@group-C0FFF7AA9CA2:LeaderElection12] INFO  impl.RaftServerImpl (ServerState.java:setRaftConf(354)) - f5d39e36-3e0f-4a54-a012-e19588cf60a3@group-C0FFF7AA9CA2: set configuration 0: [f5d39e36-3e0f-4a54-a012-e19588cf60a3:192.168.5.161:38379], old=null at 0
2019-09-25 04:12:47,583 [49f3ee78-dcf2-4a6b-9b4e-1405d1c251a9@group-9D99E3E9D14D:LeaderElection9] INFO  impl.RaftServerImpl (ServerState.java:setRaftConf(354)) - 49f3ee78-dcf2-4a6b-9b4e-1405d1c251a9@group-9D99E3E9D14D: set configuration 0: [49f3ee78-dcf2-4a6b-9b4e-1405d1c251a9:192.168.5.161:34907], old=null at 0
2019-09-25 04:12:47,582 [a5b2edd3-6412-4d16-8923-90c13280c91d@group-4ECEC7CDA19D:LeaderElection16] INFO  impl.RoleInfo (RoleInfo.java:updateAndGet(143)) - a5b2edd3-6412-4d16-8923-90c13280c91d: start LeaderState
2019-09-25 04:12:47,582 [a5b2edd3-6412-4d16-8923-90c13280c91d@group-E173B702E717:LeaderElection10] INFO  impl.RoleInfo (RoleInfo.java:updateAndGet(143)) - a5b2edd3-6412-4d16-8923-90c13280c91d: start LeaderState
2019-09-25 04:12:47,630 [a5b2edd3-6412-4d16-8923-90c13280c91d@group-E96B5E09355F:LeaderElection13] INFO  impl.RoleInfo (RoleInfo.java:updateAndGet(143)) - a5b2edd3-6412-4d16-8923-90c13280c91d: start LeaderState
2019-09-25 04:12:47,628 [49f3ee78-dcf2-4a6b-9b4e-1405d1c251a9@group-8ECC4E1A06F2:LeaderElection6] INFO  impl.RoleInfo (RoleInfo.java:updateAndGet(143)) - 49f3ee78-dcf2-4a6b-9b4e-1405d1c251a9: start LeaderState
2019-09-25 04:12:47,630 [a5b2edd3-6412-4d16-8923-90c13280c91d@group-E96B5E09355F:LeaderElection13] INFO  segmented.SegmentedRaftLogWorker (SegmentedRaftLogWorker.java:startLogSegment(380)) - a5b2edd3-6412-4d16-8923-90c13280c91d@group-E96B5E09355F-SegmentedRaftLogWorker: Starting segment from index:0
2019-09-25 04:12:47,628 [f5d39e36-3e0f-4a54-a012-e19588cf60a3@group-3D2D7C8075FD-SegmentedRaftLogWorker] INFO  segmented.SegmentedRaftLogWorker (SegmentedRaftLogWorker.java:execute(569)) - f5d39e36-3e0f-4a54-a012-e19588cf60a3@group-3D2D7C8075FD-SegmentedRaftLogWorker: created new log segment /workdir/hadoop-ozone/integration-test/target/test-dir/MiniOzoneClusterImpl-d80116af-1168-4dd4-a2cd-efb6e5bdb9d0/datanode-0/data/ratis/722e4d8e-6c6e-4151-a0bb-3d2d7c8075fd/current/log_inprogress_0
2019-09-25 04:12:47,630 [49f3ee78-dcf2-4a6b-9b4e-1405d1c251a9@group-8ECC4E1A06F2:LeaderElection6] INFO  segmented.SegmentedRaftLogWorker (SegmentedRaftLogWorker.java:startLogSegment(380)) - 49f3ee78-dcf2-4a6b-9b4e-1405d1c251a9@group-8ECC4E1A06F2-SegmentedRaftLogWorker: Starting segment from index:0
2019-09-25 04:12:47,630 [a5b2edd3-6412-4d16-8923-90c13280c91d@group-E173B702E717:LeaderElection10] INFO  segmented.SegmentedRaftLogWorker (SegmentedRaftLogWorker.java:startLogSegment(380)) - a5b2edd3-6412-4d16-8923-90c13280c91d@group-E173B702E717-SegmentedRaftLogWorker: Starting segment from index:0
2019-09-25 04:12:47,630 [a5b2edd3-6412-4d16-8923-90c13280c91d@group-4ECEC7CDA19D:LeaderElection16] INFO  segmented.SegmentedRaftLogWorker (SegmentedRaftLogWorker.java:startLogSegment(380)) - a5b2edd3-6412-4d16-8923-90c13280c91d@group-4ECEC7CDA19D-SegmentedRaftLogWorker: Starting segment from index:0
2019-09-25 04:12:47,630 [49f3ee78-dcf2-4a6b-9b4e-1405d1c251a9@group-6EC198B32BEB:LeaderElection5] INFO  impl.RaftServerImpl (ServerState.java:setRaftConf(354)) - 49f3ee78-dcf2-4a6b-9b4e-1405d1c251a9@group-6EC198B32BEB: set configuration 0: [49f3ee78-dcf2-4a6b-9b4e-1405d1c251a9:192.168.5.161:34907], old=null at 0
2019-09-25 04:12:47,632 [a5b2edd3-6412-4d16-8923-90c13280c91d@group-E173B702E717:LeaderElection10] INFO  impl.RaftServerImpl (ServerState.java:setRaftConf(354)) - a5b2edd3-6412-4d16-8923-90c13280c91d@group-E173B702E717: set configuration 0: [a5b2edd3-6412-4d16-8923-90c13280c91d:192.168.5.161:45131], old=null at 0
2019-09-25 04:12:47,631 [49f3ee78-dcf2-4a6b-9b4e-1405d1c251a9@group-8ECC4E1A06F2:LeaderElection6] INFO  impl.RaftServerImpl (ServerState.java:setRaftConf(354)) - 49f3ee78-dcf2-4a6b-9b4e-1405d1c251a9@group-8ECC4E1A06F2: set configuration 0: [49f3ee78-dcf2-4a6b-9b4e-1405d1c251a9:192.168.5.161:34907], old=null at 0
2019-09-25 04:12:47,631 [a5b2edd3-6412-4d16-8923-90c13280c91d@group-E96B5E09355F:LeaderElection13] INFO  impl.RaftServerImpl (ServerState.java:setRaftConf(354)) - a5b2edd3-6412-4d16-8923-90c13280c91d@group-E96B5E09355F: set configuration 0: [a5b2edd3-6412-4d16-8923-90c13280c91d:192.168.5.161:45131], old=null at 0
2019-09-25 04:12:47,679 [a5b2edd3-6412-4d16-8923-90c13280c91d@group-4ECEC7CDA19D:LeaderElection16] INFO  impl.RaftServerImpl (ServerState.java:setRaftConf(354)) - a5b2edd3-6412-4d16-8923-90c13280c91d@group-4ECEC7CDA19D: set configuration 0: [a5b2edd3-6412-4d16-8923-90c13280c91d:192.168.5.161:45131], old=null at 0
2019-09-25 04:12:47,679 [49f3ee78-dcf2-4a6b-9b4e-1405d1c251a9@group-9D99E3E9D14D-SegmentedRaftLogWorker] INFO  segmented.SegmentedRaftLogWorker (SegmentedRaftLogWorker.java:execute(569)) - 49f3ee78-dcf2-4a6b-9b4e-1405d1c251a9@group-9D99E3E9D14D-SegmentedRaftLogWorker: created new log segment /workdir/hadoop-ozone/integration-test/target/test-dir/MiniOzoneClusterImpl-d80116af-1168-4dd4-a2cd-efb6e5bdb9d0/datanode-1/data/ratis/4e3d7788-9563-41cf-8e2d-9d99e3e9d14d/current/log_inprogress_0
2019-09-25 04:12:47,679 [f5d39e36-3e0f-4a54-a012-e19588cf60a3@group-C0FFF7AA9CA2-SegmentedRaftLogWorker] INFO  segmented.SegmentedRaftLogWorker (SegmentedRaftLogWorker.java:execute(569)) - f5d39e36-3e0f-4a54-a012-e19588cf60a3@group-C0FFF7AA9CA2-SegmentedRaftLogWorker: created new log segment /workdir/hadoop-ozone/integration-test/target/test-dir/MiniOzoneClusterImpl-d80116af-1168-4dd4-a2cd-efb6e5bdb9d0/datanode-0/data/ratis/f58c1464-0c9a-4594-9cfe-c0fff7aa9ca2/current/log_inprogress_0
2019-09-25 04:12:47,721 [a5b2edd3-6412-4d16-8923-90c13280c91d@group-E173B702E717-SegmentedRaftLogWorker] INFO  segmented.SegmentedRaftLogWorker (SegmentedRaftLogWorker.java:execute(569)) - a5b2edd3-6412-4d16-8923-90c13280c91d@group-E173B702E717-SegmentedRaftLogWorker: created new log segment /workdir/hadoop-ozone/integration-test/target/test-dir/MiniOzoneClusterImpl-d80116af-1168-4dd4-a2cd-efb6e5bdb9d0/datanode-2/data/ratis/33486e56-a1a1-4726-827c-e173b702e717/current/log_inprogress_0
2019-09-25 04:12:47,721 [49f3ee78-dcf2-4a6b-9b4e-1405d1c251a9@group-6EC198B32BEB-SegmentedRaftLogWorker] INFO  segmented.SegmentedRaftLogWorker (SegmentedRaftLogWorker.java:execute(569)) - 49f3ee78-dcf2-4a6b-9b4e-1405d1c251a9@group-6EC198B32BEB-SegmentedRaftLogWorker: created new log segment /workdir/hadoop-ozone/integration-test/target/test-dir/MiniOzoneClusterImpl-d80116af-1168-4dd4-a2cd-efb6e5bdb9d0/datanode-1/data/ratis/8e829397-de8f-4fb5-b148-6ec198b32beb/current/log_inprogress_0
2019-09-25 04:12:47,721 [a5b2edd3-6412-4d16-8923-90c13280c91d@group-E96B5E09355F-SegmentedRaftLogWorker] INFO  segmented.SegmentedRaftLogWorker (SegmentedRaftLogWorker.java:execute(569)) - a5b2edd3-6412-4d16-8923-90c13280c91d@group-E96B5E09355F-SegmentedRaftLogWorker: created new log segment /workdir/hadoop-ozone/integration-test/target/test-dir/MiniOzoneClusterImpl-d80116af-1168-4dd4-a2cd-efb6e5bdb9d0/datanode-2/data/ratis/a6e6df02-72da-4844-8974-e96b5e09355f/current/log_inprogress_0
2019-09-25 04:12:47,721 [49f3ee78-dcf2-4a6b-9b4e-1405d1c251a9@group-8ECC4E1A06F2-SegmentedRaftLogWorker] INFO  segmented.SegmentedRaftLogWorker (SegmentedRaftLogWorker.java:execute(569)) - 49f3ee78-dcf2-4a6b-9b4e-1405d1c251a9@group-8ECC4E1A06F2-SegmentedRaftLogWorker: created new log segment /workdir/hadoop-ozone/integration-test/target/test-dir/MiniOzoneClusterImpl-d80116af-1168-4dd4-a2cd-efb6e5bdb9d0/datanode-1/data/ratis/223be4bb-c14d-4444-b3eb-8ecc4e1a06f2/current/log_inprogress_0
2019-09-25 04:12:47,724 [a5b2edd3-6412-4d16-8923-90c13280c91d@group-2364756B8CB6:LeaderElection18] INFO  impl.RoleInfo (RoleInfo.java:updateAndGet(143)) - a5b2edd3-6412-4d16-8923-90c13280c91d: start LeaderState
2019-09-25 04:12:47,724 [a5b2edd3-6412-4d16-8923-90c13280c91d@group-2364756B8CB6:LeaderElection18] INFO  segmented.SegmentedRaftLogWorker (SegmentedRaftLogWorker.java:startLogSegment(380)) - a5b2edd3-6412-4d16-8923-90c13280c91d@group-2364756B8CB6-SegmentedRaftLogWorker: Starting segment from index:0
2019-09-25 04:12:47,725 [a5b2edd3-6412-4d16-8923-90c13280c91d@group-2364756B8CB6:LeaderElection18] INFO  impl.RaftServerImpl (ServerState.java:setRaftConf(354)) - a5b2edd3-6412-4d16-8923-90c13280c91d@group-2364756B8CB6: set configuration 0: [a5b2edd3-6412-4d16-8923-90c13280c91d:192.168.5.161:45131], old=null at 0
2019-09-25 04:12:47,762 [a5b2edd3-6412-4d16-8923-90c13280c91d@group-4ECEC7CDA19D-SegmentedRaftLogWorker] INFO  segmented.SegmentedRaftLogWorker (SegmentedRaftLogWorker.java:execute(569)) - a5b2edd3-6412-4d16-8923-90c13280c91d@group-4ECEC7CDA19D-SegmentedRaftLogWorker: created new log segment /workdir/hadoop-ozone/integration-test/target/test-dir/MiniOzoneClusterImpl-d80116af-1168-4dd4-a2cd-efb6e5bdb9d0/datanode-2/data/ratis/4c74a4e5-79ee-4996-a390-4ecec7cda19d/current/log_inprogress_0
2019-09-25 04:12:47,776 [a5b2edd3-6412-4d16-8923-90c13280c91d@group-2364756B8CB6-SegmentedRaftLogWorker] INFO  segmented.SegmentedRaftLogWorker (SegmentedRaftLogWorker.java:execute(569)) - a5b2edd3-6412-4d16-8923-90c13280c91d@group-2364756B8CB6-SegmentedRaftLogWorker: created new log segment /workdir/hadoop-ozone/integration-test/target/test-dir/MiniOzoneClusterImpl-d80116af-1168-4dd4-a2cd-efb6e5bdb9d0/datanode-2/data/ratis/73eb41a7-fd81-440b-ac23-2364756b8cb6/current/log_inprogress_0
2019-09-25 04:12:49,374 [IPC Server handler 0 on 34408] INFO  pipeline.PipelinePlacementPolicy (PipelinePlacementPolicy.java:meetCriteria(91)) - Pipeline Placement: can't place more pipeline on heavy datanode： 49f3ee78-dcf2-4a6b-9b4e-1405d1c251a9 Heaviness: 6 limit: 5
2019-09-25 04:12:49,374 [IPC Server handler 0 on 34408] INFO  pipeline.PipelinePlacementPolicy (PipelinePlacementPolicy.java:meetCriteria(91)) - Pipeline Placement: can't place more pipeline on heavy datanode： f5d39e36-3e0f-4a54-a012-e19588cf60a3 Heaviness: 6 limit: 5
2019-09-25 04:12:49,374 [IPC Server handler 0 on 34408] INFO  pipeline.PipelinePlacementPolicy (PipelinePlacementPolicy.java:meetCriteria(91)) - Pipeline Placement: can't place more pipeline on heavy datanode： a5b2edd3-6412-4d16-8923-90c13280c91d Heaviness: 6 limit: 5
2019-09-25 04:12:49,374 [IPC Server handler 0 on 34408] ERROR pipeline.PipelinePlacementPolicy (PipelinePlacementPolicy.java:filterViableNodes(148)) - Unable to find enough nodes that meet the criteria that cannot engage in more than 5 pipelines. Nodes required: 3 Found: 0, healthy nodes count inNodeManager: 3.
2019-09-25 04:12:49,375 [IPC Server handler 0 on 34408] ERROR pipeline.SCMPipelineManager (SCMPipelineManager.java:createPipeline(167)) - Pipeline creation failed.
org.apache.hadoop.hdds.scm.exceptions.SCMException: Unable to find enough nodes that meet the criteria that cannot engage in more than 5 pipelines. Nodes required: 3 Found: 0, healthy nodes count inNodeManager: 3.
	at org.apache.hadoop.hdds.scm.pipeline.PipelinePlacementPolicy.filterViableNodes(PipelinePlacementPolicy.java:149)
	at org.apache.hadoop.hdds.scm.pipeline.PipelinePlacementPolicy.chooseDatanodes(PipelinePlacementPolicy.java:172)
	at org.apache.hadoop.hdds.scm.pipeline.RatisPipelineProvider.create(RatisPipelineProvider.java:93)
	at org.apache.hadoop.hdds.scm.pipeline.PipelineFactory.create(PipelineFactory.java:58)
	at org.apache.hadoop.hdds.scm.pipeline.SCMPipelineManager.createPipeline(SCMPipelineManager.java:155)
	at org.apache.hadoop.hdds.scm.block.BlockManagerImpl.allocateBlock(BlockManagerImpl.java:190)
	at org.apache.hadoop.hdds.scm.server.SCMBlockProtocolServer.allocateBlock(SCMBlockProtocolServer.java:182)
	at org.apache.hadoop.ozone.protocolPB.ScmBlockLocationProtocolServerSideTranslatorPB.allocateScmBlock(ScmBlockLocationProtocolServerSideTranslatorPB.java:183)
	at org.apache.hadoop.ozone.protocolPB.ScmBlockLocationProtocolServerSideTranslatorPB.processMessage(ScmBlockLocationProtocolServerSideTranslatorPB.java:141)
	at org.apache.hadoop.ozone.protocolPB.ScmBlockLocationProtocolServerSideTranslatorPB.send(ScmBlockLocationProtocolServerSideTranslatorPB.java:116)
	at org.apache.hadoop.hdds.protocol.proto.ScmBlockLocationProtocolProtos$ScmBlockLocationProtocolService$2.callBlockingMethod(ScmBlockLocationProtocolProtos.java:13157)
	at org.apache.hadoop.ipc.ProtobufRpcEngine$Server$ProtoBufRpcInvoker.call(ProtobufRpcEngine.java:524)
	at org.apache.hadoop.ipc.RPC$Server.call(RPC.java:1025)
	at org.apache.hadoop.ipc.Server$RpcCall.run(Server.java:876)
	at org.apache.hadoop.ipc.Server$RpcCall.run(Server.java:822)
	at java.security.AccessController.doPrivileged(Native Method)
	at javax.security.auth.Subject.doAs(Subject.java:422)
	at org.apache.hadoop.security.UserGroupInformation.doAs(UserGroupInformation.java:1730)
	at org.apache.hadoop.ipc.Server$Handler.run(Server.java:2682)
2019-09-25 04:12:49,375 [IPC Server handler 0 on 34408] WARN  block.BlockManagerImpl (BlockManagerImpl.java:allocateBlock(192)) - Pipeline creation failed for type:RATIS factor:THREE. Retrying get pipelines call once.
org.apache.hadoop.hdds.scm.exceptions.SCMException: Unable to find enough nodes that meet the criteria that cannot engage in more than 5 pipelines. Nodes required: 3 Found: 0, healthy nodes count inNodeManager: 3.
	at org.apache.hadoop.hdds.scm.pipeline.PipelinePlacementPolicy.filterViableNodes(PipelinePlacementPolicy.java:149)
	at org.apache.hadoop.hdds.scm.pipeline.PipelinePlacementPolicy.chooseDatanodes(PipelinePlacementPolicy.java:172)
	at org.apache.hadoop.hdds.scm.pipeline.RatisPipelineProvider.create(RatisPipelineProvider.java:93)
	at org.apache.hadoop.hdds.scm.pipeline.PipelineFactory.create(PipelineFactory.java:58)
	at org.apache.hadoop.hdds.scm.pipeline.SCMPipelineManager.createPipeline(SCMPipelineManager.java:155)
	at org.apache.hadoop.hdds.scm.block.BlockManagerImpl.allocateBlock(BlockManagerImpl.java:190)
	at org.apache.hadoop.hdds.scm.server.SCMBlockProtocolServer.allocateBlock(SCMBlockProtocolServer.java:182)
	at org.apache.hadoop.ozone.protocolPB.ScmBlockLocationProtocolServerSideTranslatorPB.allocateScmBlock(ScmBlockLocationProtocolServerSideTranslatorPB.java:183)
	at org.apache.hadoop.ozone.protocolPB.ScmBlockLocationProtocolServerSideTranslatorPB.processMessage(ScmBlockLocationProtocolServerSideTranslatorPB.java:141)
	at org.apache.hadoop.ozone.protocolPB.ScmBlockLocationProtocolServerSideTranslatorPB.send(ScmBlockLocationProtocolServerSideTranslatorPB.java:116)
	at org.apache.hadoop.hdds.protocol.proto.ScmBlockLocationProtocolProtos$ScmBlockLocationProtocolService$2.callBlockingMethod(ScmBlockLocationProtocolProtos.java:13157)
	at org.apache.hadoop.ipc.ProtobufRpcEngine$Server$ProtoBufRpcInvoker.call(ProtobufRpcEngine.java:524)
	at org.apache.hadoop.ipc.RPC$Server.call(RPC.java:1025)
	at org.apache.hadoop.ipc.Server$RpcCall.run(Server.java:876)
	at org.apache.hadoop.ipc.Server$RpcCall.run(Server.java:822)
	at java.security.AccessController.doPrivileged(Native Method)
	at javax.security.auth.Subject.doAs(Subject.java:422)
	at org.apache.hadoop.security.UserGroupInformation.doAs(UserGroupInformation.java:1730)
	at org.apache.hadoop.ipc.Server$Handler.run(Server.java:2682)
2019-09-25 04:12:49,376 [IPC Server handler 0 on 34408] INFO  block.BlockManagerImpl (BlockManagerImpl.java:allocateBlock(198)) - Could not find available pipeline of type:RATIS and factor:THREE even after retrying
2019-09-25 04:12:49,376 [IPC Server handler 0 on 34408] ERROR block.BlockManagerImpl (BlockManagerImpl.java:allocateBlock(222)) - Unable to allocate a block for the size: 4194304, type: RATIS, factor: THREE
]]></system-out>
    <system-err><![CDATA[ERROR StatusLogger No Log4j 2 configuration file found. Using default configuration (logging only errors to the console), or user programmatically provided configurations. Set system property 'log4j2.debug' to show Log4j 2 internal initialization logging. See https://logging.apache.org/log4j/2.x/manual/configuration.html for instructions on how to configure Log4j 2
]]></system-err>
  </testcase>
</testsuite>