<?xml version="1.0" encoding="UTF-8"?>
<testsuite xmlns:xsi="http://www.w3.org/2001/XMLSchema-instance" xsi:noNamespaceSchemaLocation="https://maven.apache.org/surefire/maven-surefire-plugin/xsd/surefire-test-report.xsd" name="org.apache.hadoop.ozone.scm.TestSCMContainerPlacementPolicyMetrics" time="24.704" tests="1" errors="1" skipped="0" failures="0">
  <properties>
    <property name="awt.toolkit" value="sun.awt.X11.XToolkit"/>
    <property name="file.encoding.pkg" value="sun.io"/>
    <property name="java.specification.version" value="1.8"/>
    <property name="sun.cpu.isalist" value=""/>
    <property name="sun.jnu.encoding" value="UTF-8"/>
    <property name="java.class.path" value="/workdir/hadoop-ozone/integration-test/target/test-classes:/workdir/hadoop-ozone/integration-test/target/classes:/home/user/.m2/repository/org/apache/hadoop/hadoop-ozone-common/0.5.0-SNAPSHOT/hadoop-ozone-common-0.5.0-SNAPSHOT.jar:/home/user/.m2/repository/org/apache/commons/commons-compress/1.4.1/commons-compress-1.4.1.jar:/home/user/.m2/repository/org/tukaani/xz/1.0/xz-1.0.jar:/home/user/.m2/repository/org/apache/hadoop/hadoop-common/3.2.0/hadoop-common-3.2.0.jar:/home/user/.m2/repository/org/apache/hadoop/hadoop-hdfs/3.2.0/hadoop-hdfs-3.2.0.jar:/home/user/.m2/repository/org/apache/hadoop/hadoop-hdfs-client/3.2.0/hadoop-hdfs-client-3.2.0.jar:/home/user/.m2/repository/com/fasterxml/jackson/core/jackson-annotations/2.9.9/jackson-annotations-2.9.9.jar:/home/user/.m2/repository/org/apache/hadoop/hadoop-hdds-common/0.5.0-SNAPSHOT/hadoop-hdds-common-0.5.0-SNAPSHOT.jar:/home/user/.m2/repository/javax/annotation/javax.annotation-api/1.2/javax.annotation-api-1.2.jar:/home/user/.m2/repository/org/apache/ratis/ratis-server/0.4.0/ratis-server-0.4.0.jar:/home/user/.m2/repository/org/apache/ratis/ratis-thirdparty-misc/0.2.0/ratis-thirdparty-misc-0.2.0.jar:/home/user/.m2/repository/org/apache/ratis/ratis-proto/0.4.0/ratis-proto-0.4.0.jar:/home/user/.m2/repository/org/apache/ratis/ratis-common/0.4.0/ratis-common-0.4.0.jar:/home/user/.m2/repository/org/apache/ratis/ratis-client/0.4.0/ratis-client-0.4.0.jar:/home/user/.m2/repository/org/apache/ratis/ratis-metrics/0.4.0/ratis-metrics-0.4.0.jar:/home/user/.m2/repository/com/github/joshelser/dropwizard-metrics-hadoop-metrics2-reporter/0.1.2/dropwizard-metrics-hadoop-metrics2-reporter-0.1.2.jar:/home/user/.m2/repository/io/dropwizard/metrics/metrics-jvm/3.2.5/metrics-jvm-3.2.5.jar:/home/user/.m2/repository/io/dropwizard/metrics/metrics-ganglia/3.2.5/metrics-ganglia-3.2.5.jar:/home/user/.m2/repository/info/ganglia/gmetric4j/gmetric4j/1.0.7/gmetric4j-1.0.7.jar:/home/user/.m2/repository/org/apache/ratis/ratis-netty/0.4.0/ratis-netty-0.4.0.jar:/home/user/.m2/repository/org/apache/ratis/ratis-grpc/0.4.0/ratis-grpc-0.4.0.jar:/home/user/.m2/repository/org/rocksdb/rocksdbjni/6.0.1/rocksdbjni-6.0.1.jar:/home/user/.m2/repository/org/apache/logging/log4j/log4j-api/2.11.0/log4j-api-2.11.0.jar:/home/user/.m2/repository/org/apache/logging/log4j/log4j-core/2.11.0/log4j-core-2.11.0.jar:/home/user/.m2/repository/com/lmax/disruptor/3.4.2/disruptor-3.4.2.jar:/home/user/.m2/repository/org/apache/commons/commons-pool2/2.6.0/commons-pool2-2.6.0.jar:/home/user/.m2/repository/org/bouncycastle/bcpkix-jdk15on/1.60/bcpkix-jdk15on-1.60.jar:/home/user/.m2/repository/commons-validator/commons-validator/1.6/commons-validator-1.6.jar:/home/user/.m2/repository/commons-digester/commons-digester/1.8.1/commons-digester-1.8.1.jar:/home/user/.m2/repository/io/jaegertracing/jaeger-client/0.34.0/jaeger-client-0.34.0.jar:/home/user/.m2/repository/io/jaegertracing/jaeger-thrift/0.34.0/jaeger-thrift-0.34.0.jar:/home/user/.m2/repository/org/apache/thrift/libthrift/0.12.0/libthrift-0.12.0.jar:/home/user/.m2/repository/com/squareup/okhttp3/okhttp/3.9.0/okhttp-3.9.0.jar:/home/user/.m2/repository/com/squareup/okio/okio/1.13.0/okio-1.13.0.jar:/home/user/.m2/repository/io/jaegertracing/jaeger-core/0.34.0/jaeger-core-0.34.0.jar:/home/user/.m2/repository/io/jaegertracing/jaeger-tracerresolver/0.34.0/jaeger-tracerresolver-0.34.0.jar:/home/user/.m2/repository/io/opentracing/contrib/opentracing-tracerresolver/0.1.5/opentracing-tracerresolver-0.1.5.jar:/home/user/.m2/repository/io/opentracing/opentracing-util/0.31.0/opentracing-util-0.31.0.jar:/home/user/.m2/repository/io/opentracing/opentracing-api/0.31.0/opentracing-api-0.31.0.jar:/home/user/.m2/repository/io/opentracing/opentracing-noop/0.31.0/opentracing-noop-0.31.0.jar:/home/user/.m2/repository/org/apache/hadoop/hadoop-hdds-server-framework/0.5.0-SNAPSHOT/hadoop-hdds-server-framework-0.5.0-SNAPSHOT.jar:/home/user/.m2/repository/org/apache/hadoop/hadoop-hdds-container-service/0.5.0-SNAPSHOT/hadoop-hdds-container-service-0.5.0-SNAPSHOT.jar:/home/user/.m2/repository/org/apache/hadoop/hadoop-hdds-client/0.5.0-SNAPSHOT/hadoop-hdds-client-0.5.0-SNAPSHOT.jar:/home/user/.m2/repository/org/apache/hadoop/hadoop-hdds-tools/0.5.0-SNAPSHOT/hadoop-hdds-tools-0.5.0-SNAPSHOT.jar:/home/user/.m2/repository/org/apache/hadoop/hadoop-hdds-server-scm/0.5.0-SNAPSHOT/hadoop-hdds-server-scm-0.5.0-SNAPSHOT.jar:/home/user/.m2/repository/org/apache/hadoop/hadoop-hdds-docs/0.5.0-SNAPSHOT/hadoop-hdds-docs-0.5.0-SNAPSHOT.jar:/home/user/.m2/repository/io/dropwizard/metrics/metrics-core/3.2.4/metrics-core-3.2.4.jar:/home/user/.m2/repository/org/hamcrest/hamcrest-all/1.3/hamcrest-all-1.3.jar:/home/user/.m2/repository/org/bouncycastle/bcprov-jdk15on/1.60/bcprov-jdk15on-1.60.jar:/home/user/.m2/repository/info/picocli/picocli/3.9.6/picocli-3.9.6.jar:/home/user/.m2/repository/com/google/protobuf/protobuf-java/2.5.0/protobuf-java-2.5.0.jar:/home/user/.m2/repository/com/google/guava/guava/11.0.2/guava-11.0.2.jar:/home/user/.m2/repository/org/apache/hadoop/hadoop-ozone-ozone-manager/0.5.0-SNAPSHOT/hadoop-ozone-ozone-manager-0.5.0-SNAPSHOT.jar:/home/user/.m2/repository/org/apache/hadoop/hadoop-minikdc/3.2.0/hadoop-minikdc-3.2.0.jar:/home/user/.m2/repository/commons-io/commons-io/2.5/commons-io-2.5.jar:/home/user/.m2/repository/org/apache/kerby/kerb-simplekdc/1.0.1/kerb-simplekdc-1.0.1.jar:/home/user/.m2/repository/org/apache/kerby/kerb-client/1.0.1/kerb-client-1.0.1.jar:/home/user/.m2/repository/org/apache/kerby/kerby-config/1.0.1/kerby-config-1.0.1.jar:/home/user/.m2/repository/org/apache/kerby/kerb-core/1.0.1/kerb-core-1.0.1.jar:/home/user/.m2/repository/org/apache/kerby/kerby-pkix/1.0.1/kerby-pkix-1.0.1.jar:/home/user/.m2/repository/org/apache/kerby/kerby-asn1/1.0.1/kerby-asn1-1.0.1.jar:/home/user/.m2/repository/org/apache/kerby/kerby-util/1.0.1/kerby-util-1.0.1.jar:/home/user/.m2/repository/org/apache/kerby/kerb-common/1.0.1/kerb-common-1.0.1.jar:/home/user/.m2/repository/org/apache/kerby/kerb-crypto/1.0.1/kerb-crypto-1.0.1.jar:/home/user/.m2/repository/org/apache/kerby/kerb-util/1.0.1/kerb-util-1.0.1.jar:/home/user/.m2/repository/org/apache/kerby/token-provider/1.0.1/token-provider-1.0.1.jar:/home/user/.m2/repository/org/apache/kerby/kerb-admin/1.0.1/kerb-admin-1.0.1.jar:/home/user/.m2/repository/org/apache/kerby/kerb-server/1.0.1/kerb-server-1.0.1.jar:/home/user/.m2/repository/org/apache/kerby/kerb-identity/1.0.1/kerb-identity-1.0.1.jar:/home/user/.m2/repository/org/apache/kerby/kerby-xdr/1.0.1/kerby-xdr-1.0.1.jar:/home/user/.m2/repository/org/slf4j/slf4j-log4j12/1.7.25/slf4j-log4j12-1.7.25.jar:/home/user/.m2/repository/org/apache/hadoop/hadoop-ozone-s3gateway/0.5.0-SNAPSHOT/hadoop-ozone-s3gateway-0.5.0-SNAPSHOT.jar:/home/user/.m2/repository/org/jboss/weld/servlet/weld-servlet/2.4.7.Final/weld-servlet-2.4.7.Final.jar:/home/user/.m2/repository/org/glassfish/jersey/containers/jersey-container-servlet-core/2.27/jersey-container-servlet-core-2.27.jar:/home/user/.m2/repository/org/glassfish/hk2/external/javax.inject/2.5.0-b42/javax.inject-2.5.0-b42.jar:/home/user/.m2/repository/org/glassfish/jersey/core/jersey-common/2.27/jersey-common-2.27.jar:/home/user/.m2/repository/org/glassfish/hk2/osgi-resource-locator/1.0.1/osgi-resource-locator-1.0.1.jar:/home/user/.m2/repository/javax/ws/rs/javax.ws.rs-api/2.1/javax.ws.rs-api-2.1.jar:/home/user/.m2/repository/org/glassfish/jersey/ext/cdi/jersey-cdi1x/2.27/jersey-cdi1x-2.27.jar:/home/user/.m2/repository/org/glassfish/jersey/inject/jersey-hk2/2.27/jersey-hk2-2.27.jar:/home/user/.m2/repository/org/glassfish/hk2/hk2-locator/2.5.0-b42/hk2-locator-2.5.0-b42.jar:/home/user/.m2/repository/org/javassist/javassist/3.22.0-CR2/javassist-3.22.0-CR2.jar:/home/user/.m2/repository/org/glassfish/hk2/hk2-api/2.5.0/hk2-api-2.5.0.jar:/home/user/.m2/repository/org/glassfish/hk2/external/jakarta.inject/2.5.0/jakarta.inject-2.5.0.jar:/home/user/.m2/repository/org/glassfish/hk2/hk2-utils/2.5.0/hk2-utils-2.5.0.jar:/home/user/.m2/repository/jakarta/annotation/jakarta.annotation-api/1.3.4/jakarta.annotation-api-1.3.4.jar:/home/user/.m2/repository/org/glassfish/hk2/external/aopalliance-repackaged/2.5.0/aopalliance-repackaged-2.5.0.jar:/home/user/.m2/repository/com/fasterxml/jackson/dataformat/jackson-dataformat-xml/2.9.0/jackson-dataformat-xml-2.9.0.jar:/home/user/.m2/repository/com/fasterxml/jackson/core/jackson-core/2.9.9/jackson-core-2.9.9.jar:/home/user/.m2/repository/com/fasterxml/jackson/module/jackson-module-jaxb-annotations/2.9.9/jackson-module-jaxb-annotations-2.9.9.jar:/home/user/.m2/repository/javax/enterprise/cdi-api/1.2/cdi-api-1.2.jar:/home/user/.m2/repository/javax/el/javax.el-api/3.0.0/javax.el-api-3.0.0.jar:/home/user/.m2/repository/javax/interceptor/javax.interceptor-api/1.2/javax.interceptor-api-1.2.jar:/home/user/.m2/repository/javax/inject/javax.inject/1/javax.inject-1.jar:/home/user/.m2/repository/com/sun/xml/bind/jaxb-impl/2.3.0.1/jaxb-impl-2.3.0.1.jar:/home/user/.m2/repository/com/sun/xml/bind/jaxb-core/2.3.0.1/jaxb-core-2.3.0.1.jar:/home/user/.m2/repository/javax/xml/bind/jaxb-api/2.3.0/jaxb-api-2.3.0.jar:/home/user/.m2/repository/javax/activation/activation/1.1.1/activation-1.1.1.jar:/home/user/.m2/repository/org/apache/hadoop/hadoop-ozone-csi/0.5.0-SNAPSHOT/hadoop-ozone-csi-0.5.0-SNAPSHOT.jar:/home/user/.m2/repository/com/google/protobuf/protobuf-java-util/3.5.1/protobuf-java-util-3.5.1.jar:/home/user/.m2/repository/org/apache/hadoop/hadoop-hdds-config/0.5.0-SNAPSHOT/hadoop-hdds-config-0.5.0-SNAPSHOT.jar:/home/user/.m2/repository/io/grpc/grpc-netty/1.17.1/grpc-netty-1.17.1.jar:/home/user/.m2/repository/io/grpc/grpc-core/1.17.1/grpc-core-1.17.1.jar:/home/user/.m2/repository/io/grpc/grpc-context/1.17.1/grpc-context-1.17.1.jar:/home/user/.m2/repository/com/google/errorprone/error_prone_annotations/2.2.0/error_prone_annotations-2.2.0.jar:/home/user/.m2/repository/org/codehaus/mojo/animal-sniffer-annotations/1.17/animal-sniffer-annotations-1.17.jar:/home/user/.m2/repository/io/opencensus/opencensus-api/0.17.0/opencensus-api-0.17.0.jar:/home/user/.m2/repository/io/opencensus/opencensus-contrib-grpc-metrics/0.17.0/opencensus-contrib-grpc-metrics-0.17.0.jar:/home/user/.m2/repository/io/netty/netty-codec-http2/4.1.30.Final/netty-codec-http2-4.1.30.Final.jar:/home/user/.m2/repository/io/netty/netty-codec-http/4.1.30.Final/netty-codec-http-4.1.30.Final.jar:/home/user/.m2/repository/io/netty/netty-codec/4.1.30.Final/netty-codec-4.1.30.Final.jar:/home/user/.m2/repository/io/netty/netty-handler/4.1.30.Final/netty-handler-4.1.30.Final.jar:/home/user/.m2/repository/io/netty/netty-handler-proxy/4.1.30.Final/netty-handler-proxy-4.1.30.Final.jar:/home/user/.m2/repository/io/netty/netty-codec-socks/4.1.30.Final/netty-codec-socks-4.1.30.Final.jar:/home/user/.m2/repository/io/netty/netty-transport-native-epoll/4.1.30.Final/netty-transport-native-epoll-4.1.30.Final.jar:/home/user/.m2/repository/io/netty/netty-common/4.1.30.Final/netty-common-4.1.30.Final.jar:/home/user/.m2/repository/io/netty/netty-buffer/4.1.30.Final/netty-buffer-4.1.30.Final.jar:/home/user/.m2/repository/io/netty/netty-transport/4.1.30.Final/netty-transport-4.1.30.Final.jar:/home/user/.m2/repository/io/netty/netty-resolver/4.1.30.Final/netty-resolver-4.1.30.Final.jar:/home/user/.m2/repository/io/netty/netty-transport-native-unix-common/4.1.30.Final/netty-transport-native-unix-common-4.1.30.Final.jar:/home/user/.m2/repository/io/grpc/grpc-protobuf/1.17.1/grpc-protobuf-1.17.1.jar:/home/user/.m2/repository/com/google/api/grpc/proto-google-common-protos/1.0.0/proto-google-common-protos-1.0.0.jar:/home/user/.m2/repository/io/grpc/grpc-protobuf-lite/1.17.1/grpc-protobuf-lite-1.17.1.jar:/home/user/.m2/repository/io/grpc/grpc-stub/1.17.1/grpc-stub-1.17.1.jar:/home/user/.m2/repository/org/apache/hadoop/hadoop-ozone-recon/0.5.0-SNAPSHOT/hadoop-ozone-recon-0.5.0-SNAPSHOT.jar:/home/user/.m2/repository/org/apache/hadoop/hadoop-ozone-reconcodegen/0.5.0-SNAPSHOT/hadoop-ozone-reconcodegen-0.5.0-SNAPSHOT.jar:/home/user/.m2/repository/com/google/inject/extensions/guice-multibindings/4.0/guice-multibindings-4.0.jar:/home/user/.m2/repository/com/google/inject/guice/4.0/guice-4.0.jar:/home/user/.m2/repository/aopalliance/aopalliance/1.0/aopalliance-1.0.jar:/home/user/.m2/repository/com/google/inject/extensions/guice-servlet/4.0/guice-servlet-4.0.jar:/home/user/.m2/repository/org/glassfish/jersey/containers/jersey-container-servlet/2.27/jersey-container-servlet-2.27.jar:/home/user/.m2/repository/org/glassfish/hk2/guice-bridge/2.5.0/guice-bridge-2.5.0.jar:/home/user/.m2/repository/org/glassfish/jersey/core/jersey-server/2.27/jersey-server-2.27.jar:/home/user/.m2/repository/org/glassfish/jersey/core/jersey-client/2.27/jersey-client-2.27.jar:/home/user/.m2/repository/org/glassfish/jersey/media/jersey-media-jaxb/2.27/jersey-media-jaxb-2.27.jar:/home/user/.m2/repository/javax/validation/validation-api/1.1.0.Final/validation-api-1.1.0.Final.jar:/home/user/.m2/repository/org/glassfish/jersey/media/jersey-media-json-jackson/2.27/jersey-media-json-jackson-2.27.jar:/home/user/.m2/repository/org/glassfish/jersey/ext/jersey-entity-filtering/2.27/jersey-entity-filtering-2.27.jar:/home/user/.m2/repository/com/google/inject/extensions/guice-assistedinject/4.0/guice-assistedinject-4.0.jar:/home/user/.m2/repository/org/jooq/jooq/3.11.10/jooq-3.11.10.jar:/home/user/.m2/repository/org/jooq/jooq-meta/3.11.10/jooq-meta-3.11.10.jar:/home/user/.m2/repository/org/jooq/jooq-codegen/3.11.10/jooq-codegen-3.11.10.jar:/home/user/.m2/repository/com/jolbox/bonecp/0.8.0.RELEASE/bonecp-0.8.0.RELEASE.jar:/home/user/.m2/repository/org/xerial/sqlite-jdbc/3.25.2/sqlite-jdbc-3.25.2.jar:/home/user/.m2/repository/org/springframework/spring-jdbc/5.1.3.RELEASE/spring-jdbc-5.1.3.RELEASE.jar:/home/user/.m2/repository/org/springframework/spring-beans/5.1.3.RELEASE/spring-beans-5.1.3.RELEASE.jar:/home/user/.m2/repository/org/springframework/spring-core/5.1.3.RELEASE/spring-core-5.1.3.RELEASE.jar:/home/user/.m2/repository/org/springframework/spring-jcl/5.1.3.RELEASE/spring-jcl-5.1.3.RELEASE.jar:/home/user/.m2/repository/org/springframework/spring-tx/5.1.3.RELEASE/spring-tx-5.1.3.RELEASE.jar:/home/user/.m2/repository/org/apache/hadoop/hadoop-ozone-client/0.5.0-SNAPSHOT/hadoop-ozone-client-0.5.0-SNAPSHOT.jar:/home/user/.m2/repository/commons-lang/commons-lang/2.6/commons-lang-2.6.jar:/home/user/.m2/repository/org/apache/hadoop/hadoop-ozone-ozone-manager/0.5.0-SNAPSHOT/hadoop-ozone-ozone-manager-0.5.0-SNAPSHOT-tests.jar:/home/user/.m2/repository/junit/junit/4.11/junit-4.11.jar:/home/user/.m2/repository/org/hamcrest/hamcrest-core/1.3/hamcrest-core-1.3.jar:/home/user/.m2/repository/org/openjdk/jmh/jmh-core/1.19/jmh-core-1.19.jar:/home/user/.m2/repository/net/sf/jopt-simple/jopt-simple/4.6/jopt-simple-4.6.jar:/home/user/.m2/repository/org/apache/commons/commons-math3/3.1.1/commons-math3-3.1.1.jar:/home/user/.m2/repository/org/openjdk/jmh/jmh-generator-annprocess/1.19/jmh-generator-annprocess-1.19.jar:/home/user/.m2/repository/org/mockito/mockito-all/1.8.5/mockito-all-1.8.5.jar:/home/user/.m2/repository/org/apache/hadoop/hadoop-kms/3.2.0/hadoop-kms-3.2.0.jar:/home/user/.m2/repository/org/apache/hadoop/hadoop-auth/3.2.0/hadoop-auth-3.2.0.jar:/home/user/.m2/repository/com/nimbusds/nimbus-jose-jwt/4.41.1/nimbus-jose-jwt-4.41.1.jar:/home/user/.m2/repository/com/github/stephenc/jcip/jcip-annotations/1.0-1/jcip-annotations-1.0-1.jar:/home/user/.m2/repository/net/minidev/json-smart/2.3/json-smart-2.3.jar:/home/user/.m2/repository/net/minidev/accessors-smart/1.2/accessors-smart-1.2.jar:/home/user/.m2/repository/org/ow2/asm/asm/5.0.4/asm-5.0.4.jar:/home/user/.m2/repository/org/apache/curator/curator-framework/2.12.0/curator-framework-2.12.0.jar:/home/user/.m2/repository/com/sun/jersey/jersey-core/1.19/jersey-core-1.19.jar:/home/user/.m2/repository/javax/ws/rs/jsr311-api/1.1.1/jsr311-api-1.1.1.jar:/home/user/.m2/repository/com/sun/jersey/jersey-server/1.19/jersey-server-1.19.jar:/home/user/.m2/repository/javax/servlet/javax.servlet-api/3.1.0/javax.servlet-api-3.1.0.jar:/home/user/.m2/repository/org/eclipse/jetty/jetty-server/9.3.25.v20180904/jetty-server-9.3.25.v20180904.jar:/home/user/.m2/repository/org/eclipse/jetty/jetty-http/9.3.25.v20180904/jetty-http-9.3.25.v20180904.jar:/home/user/.m2/repository/org/eclipse/jetty/jetty-io/9.3.25.v20180904/jetty-io-9.3.25.v20180904.jar:/home/user/.m2/repository/org/eclipse/jetty/jetty-webapp/9.3.25.v20180904/jetty-webapp-9.3.25.v20180904.jar:/home/user/.m2/repository/org/eclipse/jetty/jetty-xml/9.3.25.v20180904/jetty-xml-9.3.25.v20180904.jar:/home/user/.m2/repository/log4j/log4j/1.2.17/log4j-1.2.17.jar:/home/user/.m2/repository/org/slf4j/slf4j-api/1.7.25/slf4j-api-1.7.25.jar:/home/user/.m2/repository/org/slf4j/jul-to-slf4j/1.7.25/jul-to-slf4j-1.7.25.jar:/home/user/.m2/repository/org/eclipse/jetty/jetty-util/9.3.25.v20180904/jetty-util-9.3.25.v20180904.jar:/home/user/.m2/repository/com/fasterxml/jackson/core/jackson-databind/2.9.9/jackson-databind-2.9.9.jar:/home/user/.m2/repository/org/apache/hadoop/hadoop-kms/3.2.0/hadoop-kms-3.2.0-tests.jar:/home/user/.m2/repository/org/apache/hadoop/hadoop-hdds-server-scm/0.5.0-SNAPSHOT/hadoop-hdds-server-scm-0.5.0-SNAPSHOT-tests.jar:/home/user/.m2/repository/org/apache/hadoop/hadoop-hdds-container-service/0.5.0-SNAPSHOT/hadoop-hdds-container-service-0.5.0-SNAPSHOT-tests.jar:/home/user/.m2/repository/org/yaml/snakeyaml/1.16/snakeyaml-1.16.jar:/home/user/.m2/repository/org/apache/hadoop/hadoop-common/3.2.0/hadoop-common-3.2.0-tests.jar:/home/user/.m2/repository/org/apache/hadoop/hadoop-annotations/3.2.0/hadoop-annotations-3.2.0.jar:/usr/lib/jvm/java-1.8-openjdk/jre/../lib/tools.jar:/home/user/.m2/repository/commons-cli/commons-cli/1.2/commons-cli-1.2.jar:/home/user/.m2/repository/org/apache/httpcomponents/httpclient/4.5.2/httpclient-4.5.2.jar:/home/user/.m2/repository/org/apache/httpcomponents/httpcore/4.4.4/httpcore-4.4.4.jar:/home/user/.m2/repository/commons-codec/commons-codec/1.11/commons-codec-1.11.jar:/home/user/.m2/repository/commons-net/commons-net/3.6/commons-net-3.6.jar:/home/user/.m2/repository/commons-collections/commons-collections/3.2.2/commons-collections-3.2.2.jar:/home/user/.m2/repository/org/eclipse/jetty/jetty-servlet/9.3.25.v20180904/jetty-servlet-9.3.25.v20180904.jar:/home/user/.m2/repository/org/eclipse/jetty/jetty-security/9.3.25.v20180904/jetty-security-9.3.25.v20180904.jar:/home/user/.m2/repository/javax/servlet/jsp/jsp-api/2.1/jsp-api-2.1.jar:/home/user/.m2/repository/com/sun/jersey/jersey-servlet/1.19/jersey-servlet-1.19.jar:/home/user/.m2/repository/com/sun/jersey/jersey-json/1.19/jersey-json-1.19.jar:/home/user/.m2/repository/org/codehaus/jettison/jettison/1.1/jettison-1.1.jar:/home/user/.m2/repository/org/codehaus/jackson/jackson-core-asl/1.9.13/jackson-core-asl-1.9.13.jar:/home/user/.m2/repository/org/codehaus/jackson/jackson-mapper-asl/1.9.13/jackson-mapper-asl-1.9.13.jar:/home/user/.m2/repository/org/codehaus/jackson/jackson-jaxrs/1.9.13/jackson-jaxrs-1.9.13.jar:/home/user/.m2/repository/org/codehaus/jackson/jackson-xc/1.9.13/jackson-xc-1.9.13.jar:/home/user/.m2/repository/commons-logging/commons-logging/1.1.3/commons-logging-1.1.3.jar:/home/user/.m2/repository/commons-beanutils/commons-beanutils/1.9.4/commons-beanutils-1.9.4.jar:/home/user/.m2/repository/org/apache/commons/commons-configuration2/2.1.1/commons-configuration2-2.1.1.jar:/home/user/.m2/repository/org/apache/commons/commons-lang3/3.7/commons-lang3-3.7.jar:/home/user/.m2/repository/org/apache/commons/commons-text/1.4/commons-text-1.4.jar:/home/user/.m2/repository/org/apache/avro/avro/1.7.7/avro-1.7.7.jar:/home/user/.m2/repository/com/thoughtworks/paranamer/paranamer/2.3/paranamer-2.3.jar:/home/user/.m2/repository/org/xerial/snappy/snappy-java/1.0.5/snappy-java-1.0.5.jar:/home/user/.m2/repository/com/google/re2j/re2j/1.1/re2j-1.1.jar:/home/user/.m2/repository/com/google/code/gson/gson/2.2.4/gson-2.2.4.jar:/home/user/.m2/repository/com/jcraft/jsch/0.1.54/jsch-0.1.54.jar:/home/user/.m2/repository/org/apache/curator/curator-client/2.12.0/curator-client-2.12.0.jar:/home/user/.m2/repository/org/apache/curator/curator-recipes/2.12.0/curator-recipes-2.12.0.jar:/home/user/.m2/repository/com/google/code/findbugs/jsr305/3.0.0/jsr305-3.0.0.jar:/home/user/.m2/repository/org/apache/htrace/htrace-core4/4.1.0-incubating/htrace-core4-4.1.0-incubating.jar:/home/user/.m2/repository/org/apache/zookeeper/zookeeper/3.4.13/zookeeper-3.4.13.jar:/home/user/.m2/repository/jline/jline/0.9.94/jline-0.9.94.jar:/home/user/.m2/repository/org/apache/yetus/audience-annotations/0.5.0/audience-annotations-0.5.0.jar:/home/user/.m2/repository/org/codehaus/woodstox/stax2-api/3.1.4/stax2-api-3.1.4.jar:/home/user/.m2/repository/com/fasterxml/woodstox/woodstox-core/5.0.3/woodstox-core-5.0.3.jar:/home/user/.m2/repository/dnsjava/dnsjava/2.1.7/dnsjava-2.1.7.jar:/home/user/.m2/repository/org/apache/hadoop/hadoop-hdfs/3.2.0/hadoop-hdfs-3.2.0-tests.jar:/home/user/.m2/repository/org/eclipse/jetty/jetty-util-ajax/9.3.25.v20180904/jetty-util-ajax-9.3.25.v20180904.jar:/home/user/.m2/repository/commons-daemon/commons-daemon/1.0.13/commons-daemon-1.0.13.jar:/home/user/.m2/repository/io/netty/netty/3.10.5.Final/netty-3.10.5.Final.jar:/home/user/.m2/repository/io/netty/netty-all/4.0.52.Final/netty-all-4.0.52.Final.jar:/home/user/.m2/repository/org/fusesource/leveldbjni/leveldbjni-all/1.8/leveldbjni-all-1.8.jar:"/>
    <property name="java.vm.vendor" value="IcedTea"/>
    <property name="sun.arch.data.model" value="64"/>
    <property name="test.build.dir" value="/workdir/hadoop-ozone/integration-test/target/test-dir"/>
    <property name="test.cache.data" value=""/>
    <property name="java.vendor.url" value="https://icedtea.classpath.org"/>
    <property name="user.timezone" value=""/>
    <property name="java.vm.specification.version" value="1.8"/>
    <property name="os.name" value="Linux"/>
    <property name="test.build.data" value="/workdir/hadoop-ozone/integration-test/target/test-dir"/>
    <property name="user.country" value="US"/>
    <property name="sun.java.launcher" value="SUN_STANDARD"/>
    <property name="sun.boot.library.path" value="/usr/lib/jvm/java-1.8-openjdk/jre/lib/amd64"/>
    <property name="sun.java.command" value="/workdir/hadoop-ozone/integration-test/target/surefire/surefirebooter6747763096199685157.jar /workdir/hadoop-ozone/integration-test/target/surefire 2019-09-25T04-01-08_071-jvmRun1 surefire2527883269130708251tmp surefire_94869469354767638732tmp"/>
    <property name="test" value="!TestMiniChaosOzoneCluster"/>
    <property name="surefire.test.class.path" value="/workdir/hadoop-ozone/integration-test/target/test-classes:/workdir/hadoop-ozone/integration-test/target/classes:/home/user/.m2/repository/org/apache/hadoop/hadoop-ozone-common/0.5.0-SNAPSHOT/hadoop-ozone-common-0.5.0-SNAPSHOT.jar:/home/user/.m2/repository/org/apache/commons/commons-compress/1.4.1/commons-compress-1.4.1.jar:/home/user/.m2/repository/org/tukaani/xz/1.0/xz-1.0.jar:/home/user/.m2/repository/org/apache/hadoop/hadoop-common/3.2.0/hadoop-common-3.2.0.jar:/home/user/.m2/repository/org/apache/hadoop/hadoop-hdfs/3.2.0/hadoop-hdfs-3.2.0.jar:/home/user/.m2/repository/org/apache/hadoop/hadoop-hdfs-client/3.2.0/hadoop-hdfs-client-3.2.0.jar:/home/user/.m2/repository/com/fasterxml/jackson/core/jackson-annotations/2.9.9/jackson-annotations-2.9.9.jar:/home/user/.m2/repository/org/apache/hadoop/hadoop-hdds-common/0.5.0-SNAPSHOT/hadoop-hdds-common-0.5.0-SNAPSHOT.jar:/home/user/.m2/repository/javax/annotation/javax.annotation-api/1.2/javax.annotation-api-1.2.jar:/home/user/.m2/repository/org/apache/ratis/ratis-server/0.4.0/ratis-server-0.4.0.jar:/home/user/.m2/repository/org/apache/ratis/ratis-thirdparty-misc/0.2.0/ratis-thirdparty-misc-0.2.0.jar:/home/user/.m2/repository/org/apache/ratis/ratis-proto/0.4.0/ratis-proto-0.4.0.jar:/home/user/.m2/repository/org/apache/ratis/ratis-common/0.4.0/ratis-common-0.4.0.jar:/home/user/.m2/repository/org/apache/ratis/ratis-client/0.4.0/ratis-client-0.4.0.jar:/home/user/.m2/repository/org/apache/ratis/ratis-metrics/0.4.0/ratis-metrics-0.4.0.jar:/home/user/.m2/repository/com/github/joshelser/dropwizard-metrics-hadoop-metrics2-reporter/0.1.2/dropwizard-metrics-hadoop-metrics2-reporter-0.1.2.jar:/home/user/.m2/repository/io/dropwizard/metrics/metrics-jvm/3.2.5/metrics-jvm-3.2.5.jar:/home/user/.m2/repository/io/dropwizard/metrics/metrics-ganglia/3.2.5/metrics-ganglia-3.2.5.jar:/home/user/.m2/repository/info/ganglia/gmetric4j/gmetric4j/1.0.7/gmetric4j-1.0.7.jar:/home/user/.m2/repository/org/apache/ratis/ratis-netty/0.4.0/ratis-netty-0.4.0.jar:/home/user/.m2/repository/org/apache/ratis/ratis-grpc/0.4.0/ratis-grpc-0.4.0.jar:/home/user/.m2/repository/org/rocksdb/rocksdbjni/6.0.1/rocksdbjni-6.0.1.jar:/home/user/.m2/repository/org/apache/logging/log4j/log4j-api/2.11.0/log4j-api-2.11.0.jar:/home/user/.m2/repository/org/apache/logging/log4j/log4j-core/2.11.0/log4j-core-2.11.0.jar:/home/user/.m2/repository/com/lmax/disruptor/3.4.2/disruptor-3.4.2.jar:/home/user/.m2/repository/org/apache/commons/commons-pool2/2.6.0/commons-pool2-2.6.0.jar:/home/user/.m2/repository/org/bouncycastle/bcpkix-jdk15on/1.60/bcpkix-jdk15on-1.60.jar:/home/user/.m2/repository/commons-validator/commons-validator/1.6/commons-validator-1.6.jar:/home/user/.m2/repository/commons-digester/commons-digester/1.8.1/commons-digester-1.8.1.jar:/home/user/.m2/repository/io/jaegertracing/jaeger-client/0.34.0/jaeger-client-0.34.0.jar:/home/user/.m2/repository/io/jaegertracing/jaeger-thrift/0.34.0/jaeger-thrift-0.34.0.jar:/home/user/.m2/repository/org/apache/thrift/libthrift/0.12.0/libthrift-0.12.0.jar:/home/user/.m2/repository/com/squareup/okhttp3/okhttp/3.9.0/okhttp-3.9.0.jar:/home/user/.m2/repository/com/squareup/okio/okio/1.13.0/okio-1.13.0.jar:/home/user/.m2/repository/io/jaegertracing/jaeger-core/0.34.0/jaeger-core-0.34.0.jar:/home/user/.m2/repository/io/jaegertracing/jaeger-tracerresolver/0.34.0/jaeger-tracerresolver-0.34.0.jar:/home/user/.m2/repository/io/opentracing/contrib/opentracing-tracerresolver/0.1.5/opentracing-tracerresolver-0.1.5.jar:/home/user/.m2/repository/io/opentracing/opentracing-util/0.31.0/opentracing-util-0.31.0.jar:/home/user/.m2/repository/io/opentracing/opentracing-api/0.31.0/opentracing-api-0.31.0.jar:/home/user/.m2/repository/io/opentracing/opentracing-noop/0.31.0/opentracing-noop-0.31.0.jar:/home/user/.m2/repository/org/apache/hadoop/hadoop-hdds-server-framework/0.5.0-SNAPSHOT/hadoop-hdds-server-framework-0.5.0-SNAPSHOT.jar:/home/user/.m2/repository/org/apache/hadoop/hadoop-hdds-container-service/0.5.0-SNAPSHOT/hadoop-hdds-container-service-0.5.0-SNAPSHOT.jar:/home/user/.m2/repository/org/apache/hadoop/hadoop-hdds-client/0.5.0-SNAPSHOT/hadoop-hdds-client-0.5.0-SNAPSHOT.jar:/home/user/.m2/repository/org/apache/hadoop/hadoop-hdds-tools/0.5.0-SNAPSHOT/hadoop-hdds-tools-0.5.0-SNAPSHOT.jar:/home/user/.m2/repository/org/apache/hadoop/hadoop-hdds-server-scm/0.5.0-SNAPSHOT/hadoop-hdds-server-scm-0.5.0-SNAPSHOT.jar:/home/user/.m2/repository/org/apache/hadoop/hadoop-hdds-docs/0.5.0-SNAPSHOT/hadoop-hdds-docs-0.5.0-SNAPSHOT.jar:/home/user/.m2/repository/io/dropwizard/metrics/metrics-core/3.2.4/metrics-core-3.2.4.jar:/home/user/.m2/repository/org/hamcrest/hamcrest-all/1.3/hamcrest-all-1.3.jar:/home/user/.m2/repository/org/bouncycastle/bcprov-jdk15on/1.60/bcprov-jdk15on-1.60.jar:/home/user/.m2/repository/info/picocli/picocli/3.9.6/picocli-3.9.6.jar:/home/user/.m2/repository/com/google/protobuf/protobuf-java/2.5.0/protobuf-java-2.5.0.jar:/home/user/.m2/repository/com/google/guava/guava/11.0.2/guava-11.0.2.jar:/home/user/.m2/repository/org/apache/hadoop/hadoop-ozone-ozone-manager/0.5.0-SNAPSHOT/hadoop-ozone-ozone-manager-0.5.0-SNAPSHOT.jar:/home/user/.m2/repository/org/apache/hadoop/hadoop-minikdc/3.2.0/hadoop-minikdc-3.2.0.jar:/home/user/.m2/repository/commons-io/commons-io/2.5/commons-io-2.5.jar:/home/user/.m2/repository/org/apache/kerby/kerb-simplekdc/1.0.1/kerb-simplekdc-1.0.1.jar:/home/user/.m2/repository/org/apache/kerby/kerb-client/1.0.1/kerb-client-1.0.1.jar:/home/user/.m2/repository/org/apache/kerby/kerby-config/1.0.1/kerby-config-1.0.1.jar:/home/user/.m2/repository/org/apache/kerby/kerb-core/1.0.1/kerb-core-1.0.1.jar:/home/user/.m2/repository/org/apache/kerby/kerby-pkix/1.0.1/kerby-pkix-1.0.1.jar:/home/user/.m2/repository/org/apache/kerby/kerby-asn1/1.0.1/kerby-asn1-1.0.1.jar:/home/user/.m2/repository/org/apache/kerby/kerby-util/1.0.1/kerby-util-1.0.1.jar:/home/user/.m2/repository/org/apache/kerby/kerb-common/1.0.1/kerb-common-1.0.1.jar:/home/user/.m2/repository/org/apache/kerby/kerb-crypto/1.0.1/kerb-crypto-1.0.1.jar:/home/user/.m2/repository/org/apache/kerby/kerb-util/1.0.1/kerb-util-1.0.1.jar:/home/user/.m2/repository/org/apache/kerby/token-provider/1.0.1/token-provider-1.0.1.jar:/home/user/.m2/repository/org/apache/kerby/kerb-admin/1.0.1/kerb-admin-1.0.1.jar:/home/user/.m2/repository/org/apache/kerby/kerb-server/1.0.1/kerb-server-1.0.1.jar:/home/user/.m2/repository/org/apache/kerby/kerb-identity/1.0.1/kerb-identity-1.0.1.jar:/home/user/.m2/repository/org/apache/kerby/kerby-xdr/1.0.1/kerby-xdr-1.0.1.jar:/home/user/.m2/repository/org/slf4j/slf4j-log4j12/1.7.25/slf4j-log4j12-1.7.25.jar:/home/user/.m2/repository/org/apache/hadoop/hadoop-ozone-s3gateway/0.5.0-SNAPSHOT/hadoop-ozone-s3gateway-0.5.0-SNAPSHOT.jar:/home/user/.m2/repository/org/jboss/weld/servlet/weld-servlet/2.4.7.Final/weld-servlet-2.4.7.Final.jar:/home/user/.m2/repository/org/glassfish/jersey/containers/jersey-container-servlet-core/2.27/jersey-container-servlet-core-2.27.jar:/home/user/.m2/repository/org/glassfish/hk2/external/javax.inject/2.5.0-b42/javax.inject-2.5.0-b42.jar:/home/user/.m2/repository/org/glassfish/jersey/core/jersey-common/2.27/jersey-common-2.27.jar:/home/user/.m2/repository/org/glassfish/hk2/osgi-resource-locator/1.0.1/osgi-resource-locator-1.0.1.jar:/home/user/.m2/repository/javax/ws/rs/javax.ws.rs-api/2.1/javax.ws.rs-api-2.1.jar:/home/user/.m2/repository/org/glassfish/jersey/ext/cdi/jersey-cdi1x/2.27/jersey-cdi1x-2.27.jar:/home/user/.m2/repository/org/glassfish/jersey/inject/jersey-hk2/2.27/jersey-hk2-2.27.jar:/home/user/.m2/repository/org/glassfish/hk2/hk2-locator/2.5.0-b42/hk2-locator-2.5.0-b42.jar:/home/user/.m2/repository/org/javassist/javassist/3.22.0-CR2/javassist-3.22.0-CR2.jar:/home/user/.m2/repository/org/glassfish/hk2/hk2-api/2.5.0/hk2-api-2.5.0.jar:/home/user/.m2/repository/org/glassfish/hk2/external/jakarta.inject/2.5.0/jakarta.inject-2.5.0.jar:/home/user/.m2/repository/org/glassfish/hk2/hk2-utils/2.5.0/hk2-utils-2.5.0.jar:/home/user/.m2/repository/jakarta/annotation/jakarta.annotation-api/1.3.4/jakarta.annotation-api-1.3.4.jar:/home/user/.m2/repository/org/glassfish/hk2/external/aopalliance-repackaged/2.5.0/aopalliance-repackaged-2.5.0.jar:/home/user/.m2/repository/com/fasterxml/jackson/dataformat/jackson-dataformat-xml/2.9.0/jackson-dataformat-xml-2.9.0.jar:/home/user/.m2/repository/com/fasterxml/jackson/core/jackson-core/2.9.9/jackson-core-2.9.9.jar:/home/user/.m2/repository/com/fasterxml/jackson/module/jackson-module-jaxb-annotations/2.9.9/jackson-module-jaxb-annotations-2.9.9.jar:/home/user/.m2/repository/javax/enterprise/cdi-api/1.2/cdi-api-1.2.jar:/home/user/.m2/repository/javax/el/javax.el-api/3.0.0/javax.el-api-3.0.0.jar:/home/user/.m2/repository/javax/interceptor/javax.interceptor-api/1.2/javax.interceptor-api-1.2.jar:/home/user/.m2/repository/javax/inject/javax.inject/1/javax.inject-1.jar:/home/user/.m2/repository/com/sun/xml/bind/jaxb-impl/2.3.0.1/jaxb-impl-2.3.0.1.jar:/home/user/.m2/repository/com/sun/xml/bind/jaxb-core/2.3.0.1/jaxb-core-2.3.0.1.jar:/home/user/.m2/repository/javax/xml/bind/jaxb-api/2.3.0/jaxb-api-2.3.0.jar:/home/user/.m2/repository/javax/activation/activation/1.1.1/activation-1.1.1.jar:/home/user/.m2/repository/org/apache/hadoop/hadoop-ozone-csi/0.5.0-SNAPSHOT/hadoop-ozone-csi-0.5.0-SNAPSHOT.jar:/home/user/.m2/repository/com/google/protobuf/protobuf-java-util/3.5.1/protobuf-java-util-3.5.1.jar:/home/user/.m2/repository/org/apache/hadoop/hadoop-hdds-config/0.5.0-SNAPSHOT/hadoop-hdds-config-0.5.0-SNAPSHOT.jar:/home/user/.m2/repository/io/grpc/grpc-netty/1.17.1/grpc-netty-1.17.1.jar:/home/user/.m2/repository/io/grpc/grpc-core/1.17.1/grpc-core-1.17.1.jar:/home/user/.m2/repository/io/grpc/grpc-context/1.17.1/grpc-context-1.17.1.jar:/home/user/.m2/repository/com/google/errorprone/error_prone_annotations/2.2.0/error_prone_annotations-2.2.0.jar:/home/user/.m2/repository/org/codehaus/mojo/animal-sniffer-annotations/1.17/animal-sniffer-annotations-1.17.jar:/home/user/.m2/repository/io/opencensus/opencensus-api/0.17.0/opencensus-api-0.17.0.jar:/home/user/.m2/repository/io/opencensus/opencensus-contrib-grpc-metrics/0.17.0/opencensus-contrib-grpc-metrics-0.17.0.jar:/home/user/.m2/repository/io/netty/netty-codec-http2/4.1.30.Final/netty-codec-http2-4.1.30.Final.jar:/home/user/.m2/repository/io/netty/netty-codec-http/4.1.30.Final/netty-codec-http-4.1.30.Final.jar:/home/user/.m2/repository/io/netty/netty-codec/4.1.30.Final/netty-codec-4.1.30.Final.jar:/home/user/.m2/repository/io/netty/netty-handler/4.1.30.Final/netty-handler-4.1.30.Final.jar:/home/user/.m2/repository/io/netty/netty-handler-proxy/4.1.30.Final/netty-handler-proxy-4.1.30.Final.jar:/home/user/.m2/repository/io/netty/netty-codec-socks/4.1.30.Final/netty-codec-socks-4.1.30.Final.jar:/home/user/.m2/repository/io/netty/netty-transport-native-epoll/4.1.30.Final/netty-transport-native-epoll-4.1.30.Final.jar:/home/user/.m2/repository/io/netty/netty-common/4.1.30.Final/netty-common-4.1.30.Final.jar:/home/user/.m2/repository/io/netty/netty-buffer/4.1.30.Final/netty-buffer-4.1.30.Final.jar:/home/user/.m2/repository/io/netty/netty-transport/4.1.30.Final/netty-transport-4.1.30.Final.jar:/home/user/.m2/repository/io/netty/netty-resolver/4.1.30.Final/netty-resolver-4.1.30.Final.jar:/home/user/.m2/repository/io/netty/netty-transport-native-unix-common/4.1.30.Final/netty-transport-native-unix-common-4.1.30.Final.jar:/home/user/.m2/repository/io/grpc/grpc-protobuf/1.17.1/grpc-protobuf-1.17.1.jar:/home/user/.m2/repository/com/google/api/grpc/proto-google-common-protos/1.0.0/proto-google-common-protos-1.0.0.jar:/home/user/.m2/repository/io/grpc/grpc-protobuf-lite/1.17.1/grpc-protobuf-lite-1.17.1.jar:/home/user/.m2/repository/io/grpc/grpc-stub/1.17.1/grpc-stub-1.17.1.jar:/home/user/.m2/repository/org/apache/hadoop/hadoop-ozone-recon/0.5.0-SNAPSHOT/hadoop-ozone-recon-0.5.0-SNAPSHOT.jar:/home/user/.m2/repository/org/apache/hadoop/hadoop-ozone-reconcodegen/0.5.0-SNAPSHOT/hadoop-ozone-reconcodegen-0.5.0-SNAPSHOT.jar:/home/user/.m2/repository/com/google/inject/extensions/guice-multibindings/4.0/guice-multibindings-4.0.jar:/home/user/.m2/repository/com/google/inject/guice/4.0/guice-4.0.jar:/home/user/.m2/repository/aopalliance/aopalliance/1.0/aopalliance-1.0.jar:/home/user/.m2/repository/com/google/inject/extensions/guice-servlet/4.0/guice-servlet-4.0.jar:/home/user/.m2/repository/org/glassfish/jersey/containers/jersey-container-servlet/2.27/jersey-container-servlet-2.27.jar:/home/user/.m2/repository/org/glassfish/hk2/guice-bridge/2.5.0/guice-bridge-2.5.0.jar:/home/user/.m2/repository/org/glassfish/jersey/core/jersey-server/2.27/jersey-server-2.27.jar:/home/user/.m2/repository/org/glassfish/jersey/core/jersey-client/2.27/jersey-client-2.27.jar:/home/user/.m2/repository/org/glassfish/jersey/media/jersey-media-jaxb/2.27/jersey-media-jaxb-2.27.jar:/home/user/.m2/repository/javax/validation/validation-api/1.1.0.Final/validation-api-1.1.0.Final.jar:/home/user/.m2/repository/org/glassfish/jersey/media/jersey-media-json-jackson/2.27/jersey-media-json-jackson-2.27.jar:/home/user/.m2/repository/org/glassfish/jersey/ext/jersey-entity-filtering/2.27/jersey-entity-filtering-2.27.jar:/home/user/.m2/repository/com/google/inject/extensions/guice-assistedinject/4.0/guice-assistedinject-4.0.jar:/home/user/.m2/repository/org/jooq/jooq/3.11.10/jooq-3.11.10.jar:/home/user/.m2/repository/org/jooq/jooq-meta/3.11.10/jooq-meta-3.11.10.jar:/home/user/.m2/repository/org/jooq/jooq-codegen/3.11.10/jooq-codegen-3.11.10.jar:/home/user/.m2/repository/com/jolbox/bonecp/0.8.0.RELEASE/bonecp-0.8.0.RELEASE.jar:/home/user/.m2/repository/org/xerial/sqlite-jdbc/3.25.2/sqlite-jdbc-3.25.2.jar:/home/user/.m2/repository/org/springframework/spring-jdbc/5.1.3.RELEASE/spring-jdbc-5.1.3.RELEASE.jar:/home/user/.m2/repository/org/springframework/spring-beans/5.1.3.RELEASE/spring-beans-5.1.3.RELEASE.jar:/home/user/.m2/repository/org/springframework/spring-core/5.1.3.RELEASE/spring-core-5.1.3.RELEASE.jar:/home/user/.m2/repository/org/springframework/spring-jcl/5.1.3.RELEASE/spring-jcl-5.1.3.RELEASE.jar:/home/user/.m2/repository/org/springframework/spring-tx/5.1.3.RELEASE/spring-tx-5.1.3.RELEASE.jar:/home/user/.m2/repository/org/apache/hadoop/hadoop-ozone-client/0.5.0-SNAPSHOT/hadoop-ozone-client-0.5.0-SNAPSHOT.jar:/home/user/.m2/repository/commons-lang/commons-lang/2.6/commons-lang-2.6.jar:/home/user/.m2/repository/org/apache/hadoop/hadoop-ozone-ozone-manager/0.5.0-SNAPSHOT/hadoop-ozone-ozone-manager-0.5.0-SNAPSHOT-tests.jar:/home/user/.m2/repository/junit/junit/4.11/junit-4.11.jar:/home/user/.m2/repository/org/hamcrest/hamcrest-core/1.3/hamcrest-core-1.3.jar:/home/user/.m2/repository/org/openjdk/jmh/jmh-core/1.19/jmh-core-1.19.jar:/home/user/.m2/repository/net/sf/jopt-simple/jopt-simple/4.6/jopt-simple-4.6.jar:/home/user/.m2/repository/org/apache/commons/commons-math3/3.1.1/commons-math3-3.1.1.jar:/home/user/.m2/repository/org/openjdk/jmh/jmh-generator-annprocess/1.19/jmh-generator-annprocess-1.19.jar:/home/user/.m2/repository/org/mockito/mockito-all/1.8.5/mockito-all-1.8.5.jar:/home/user/.m2/repository/org/apache/hadoop/hadoop-kms/3.2.0/hadoop-kms-3.2.0.jar:/home/user/.m2/repository/org/apache/hadoop/hadoop-auth/3.2.0/hadoop-auth-3.2.0.jar:/home/user/.m2/repository/com/nimbusds/nimbus-jose-jwt/4.41.1/nimbus-jose-jwt-4.41.1.jar:/home/user/.m2/repository/com/github/stephenc/jcip/jcip-annotations/1.0-1/jcip-annotations-1.0-1.jar:/home/user/.m2/repository/net/minidev/json-smart/2.3/json-smart-2.3.jar:/home/user/.m2/repository/net/minidev/accessors-smart/1.2/accessors-smart-1.2.jar:/home/user/.m2/repository/org/ow2/asm/asm/5.0.4/asm-5.0.4.jar:/home/user/.m2/repository/org/apache/curator/curator-framework/2.12.0/curator-framework-2.12.0.jar:/home/user/.m2/repository/com/sun/jersey/jersey-core/1.19/jersey-core-1.19.jar:/home/user/.m2/repository/javax/ws/rs/jsr311-api/1.1.1/jsr311-api-1.1.1.jar:/home/user/.m2/repository/com/sun/jersey/jersey-server/1.19/jersey-server-1.19.jar:/home/user/.m2/repository/javax/servlet/javax.servlet-api/3.1.0/javax.servlet-api-3.1.0.jar:/home/user/.m2/repository/org/eclipse/jetty/jetty-server/9.3.25.v20180904/jetty-server-9.3.25.v20180904.jar:/home/user/.m2/repository/org/eclipse/jetty/jetty-http/9.3.25.v20180904/jetty-http-9.3.25.v20180904.jar:/home/user/.m2/repository/org/eclipse/jetty/jetty-io/9.3.25.v20180904/jetty-io-9.3.25.v20180904.jar:/home/user/.m2/repository/org/eclipse/jetty/jetty-webapp/9.3.25.v20180904/jetty-webapp-9.3.25.v20180904.jar:/home/user/.m2/repository/org/eclipse/jetty/jetty-xml/9.3.25.v20180904/jetty-xml-9.3.25.v20180904.jar:/home/user/.m2/repository/log4j/log4j/1.2.17/log4j-1.2.17.jar:/home/user/.m2/repository/org/slf4j/slf4j-api/1.7.25/slf4j-api-1.7.25.jar:/home/user/.m2/repository/org/slf4j/jul-to-slf4j/1.7.25/jul-to-slf4j-1.7.25.jar:/home/user/.m2/repository/org/eclipse/jetty/jetty-util/9.3.25.v20180904/jetty-util-9.3.25.v20180904.jar:/home/user/.m2/repository/com/fasterxml/jackson/core/jackson-databind/2.9.9/jackson-databind-2.9.9.jar:/home/user/.m2/repository/org/apache/hadoop/hadoop-kms/3.2.0/hadoop-kms-3.2.0-tests.jar:/home/user/.m2/repository/org/apache/hadoop/hadoop-hdds-server-scm/0.5.0-SNAPSHOT/hadoop-hdds-server-scm-0.5.0-SNAPSHOT-tests.jar:/home/user/.m2/repository/org/apache/hadoop/hadoop-hdds-container-service/0.5.0-SNAPSHOT/hadoop-hdds-container-service-0.5.0-SNAPSHOT-tests.jar:/home/user/.m2/repository/org/yaml/snakeyaml/1.16/snakeyaml-1.16.jar:/home/user/.m2/repository/org/apache/hadoop/hadoop-common/3.2.0/hadoop-common-3.2.0-tests.jar:/home/user/.m2/repository/org/apache/hadoop/hadoop-annotations/3.2.0/hadoop-annotations-3.2.0.jar:/usr/lib/jvm/java-1.8-openjdk/jre/../lib/tools.jar:/home/user/.m2/repository/commons-cli/commons-cli/1.2/commons-cli-1.2.jar:/home/user/.m2/repository/org/apache/httpcomponents/httpclient/4.5.2/httpclient-4.5.2.jar:/home/user/.m2/repository/org/apache/httpcomponents/httpcore/4.4.4/httpcore-4.4.4.jar:/home/user/.m2/repository/commons-codec/commons-codec/1.11/commons-codec-1.11.jar:/home/user/.m2/repository/commons-net/commons-net/3.6/commons-net-3.6.jar:/home/user/.m2/repository/commons-collections/commons-collections/3.2.2/commons-collections-3.2.2.jar:/home/user/.m2/repository/org/eclipse/jetty/jetty-servlet/9.3.25.v20180904/jetty-servlet-9.3.25.v20180904.jar:/home/user/.m2/repository/org/eclipse/jetty/jetty-security/9.3.25.v20180904/jetty-security-9.3.25.v20180904.jar:/home/user/.m2/repository/javax/servlet/jsp/jsp-api/2.1/jsp-api-2.1.jar:/home/user/.m2/repository/com/sun/jersey/jersey-servlet/1.19/jersey-servlet-1.19.jar:/home/user/.m2/repository/com/sun/jersey/jersey-json/1.19/jersey-json-1.19.jar:/home/user/.m2/repository/org/codehaus/jettison/jettison/1.1/jettison-1.1.jar:/home/user/.m2/repository/org/codehaus/jackson/jackson-core-asl/1.9.13/jackson-core-asl-1.9.13.jar:/home/user/.m2/repository/org/codehaus/jackson/jackson-mapper-asl/1.9.13/jackson-mapper-asl-1.9.13.jar:/home/user/.m2/repository/org/codehaus/jackson/jackson-jaxrs/1.9.13/jackson-jaxrs-1.9.13.jar:/home/user/.m2/repository/org/codehaus/jackson/jackson-xc/1.9.13/jackson-xc-1.9.13.jar:/home/user/.m2/repository/commons-logging/commons-logging/1.1.3/commons-logging-1.1.3.jar:/home/user/.m2/repository/commons-beanutils/commons-beanutils/1.9.4/commons-beanutils-1.9.4.jar:/home/user/.m2/repository/org/apache/commons/commons-configuration2/2.1.1/commons-configuration2-2.1.1.jar:/home/user/.m2/repository/org/apache/commons/commons-lang3/3.7/commons-lang3-3.7.jar:/home/user/.m2/repository/org/apache/commons/commons-text/1.4/commons-text-1.4.jar:/home/user/.m2/repository/org/apache/avro/avro/1.7.7/avro-1.7.7.jar:/home/user/.m2/repository/com/thoughtworks/paranamer/paranamer/2.3/paranamer-2.3.jar:/home/user/.m2/repository/org/xerial/snappy/snappy-java/1.0.5/snappy-java-1.0.5.jar:/home/user/.m2/repository/com/google/re2j/re2j/1.1/re2j-1.1.jar:/home/user/.m2/repository/com/google/code/gson/gson/2.2.4/gson-2.2.4.jar:/home/user/.m2/repository/com/jcraft/jsch/0.1.54/jsch-0.1.54.jar:/home/user/.m2/repository/org/apache/curator/curator-client/2.12.0/curator-client-2.12.0.jar:/home/user/.m2/repository/org/apache/curator/curator-recipes/2.12.0/curator-recipes-2.12.0.jar:/home/user/.m2/repository/com/google/code/findbugs/jsr305/3.0.0/jsr305-3.0.0.jar:/home/user/.m2/repository/org/apache/htrace/htrace-core4/4.1.0-incubating/htrace-core4-4.1.0-incubating.jar:/home/user/.m2/repository/org/apache/zookeeper/zookeeper/3.4.13/zookeeper-3.4.13.jar:/home/user/.m2/repository/jline/jline/0.9.94/jline-0.9.94.jar:/home/user/.m2/repository/org/apache/yetus/audience-annotations/0.5.0/audience-annotations-0.5.0.jar:/home/user/.m2/repository/org/codehaus/woodstox/stax2-api/3.1.4/stax2-api-3.1.4.jar:/home/user/.m2/repository/com/fasterxml/woodstox/woodstox-core/5.0.3/woodstox-core-5.0.3.jar:/home/user/.m2/repository/dnsjava/dnsjava/2.1.7/dnsjava-2.1.7.jar:/home/user/.m2/repository/org/apache/hadoop/hadoop-hdfs/3.2.0/hadoop-hdfs-3.2.0-tests.jar:/home/user/.m2/repository/org/eclipse/jetty/jetty-util-ajax/9.3.25.v20180904/jetty-util-ajax-9.3.25.v20180904.jar:/home/user/.m2/repository/commons-daemon/commons-daemon/1.0.13/commons-daemon-1.0.13.jar:/home/user/.m2/repository/io/netty/netty/3.10.5.Final/netty-3.10.5.Final.jar:/home/user/.m2/repository/io/netty/netty-all/4.0.52.Final/netty-all-4.0.52.Final.jar:/home/user/.m2/repository/org/fusesource/leveldbjni/leveldbjni-all/1.8/leveldbjni-all-1.8.jar:"/>
    <property name="sun.cpu.endian" value="little"/>
    <property name="user.home" value="/home/user"/>
    <property name="user.language" value="en"/>
    <property name="java.specification.vendor" value="Oracle Corporation"/>
    <property name="java.home" value="/usr/lib/jvm/java-1.8-openjdk/jre"/>
    <property name="java.security.krb5.conf" value="/workdir/hadoop-ozone/integration-test/target/test-classes/krb5.conf"/>
    <property name="basedir" value="/workdir/hadoop-ozone/integration-test"/>
    <property name="file.separator" value="/"/>
    <property name="line.separator" value="&#10;"/>
    <property name="java.vm.specification.vendor" value="Oracle Corporation"/>
    <property name="java.specification.name" value="Java Platform API Specification"/>
    <property name="java.awt.graphicsenv" value="sun.awt.X11GraphicsEnvironment"/>
    <property name="surefire.real.class.path" value="/workdir/hadoop-ozone/integration-test/target/surefire/surefirebooter6747763096199685157.jar"/>
    <property name="hadoop.log.dir" value="/workdir/hadoop-ozone/integration-test/target/log"/>
    <property name="sun.boot.class.path" value="/usr/lib/jvm/java-1.8-openjdk/jre/lib/resources.jar:/usr/lib/jvm/java-1.8-openjdk/jre/lib/rt.jar:/usr/lib/jvm/java-1.8-openjdk/jre/lib/sunrsasign.jar:/usr/lib/jvm/java-1.8-openjdk/jre/lib/jsse.jar:/usr/lib/jvm/java-1.8-openjdk/jre/lib/jce.jar:/usr/lib/jvm/java-1.8-openjdk/jre/lib/charsets.jar:/usr/lib/jvm/java-1.8-openjdk/jre/lib/jfr.jar:/usr/lib/jvm/java-1.8-openjdk/jre/classes"/>
    <property name="sun.management.compiler" value="HotSpot 64-Bit Tiered Compilers"/>
    <property name="java.runtime.version" value="1.8.0_212-b04"/>
    <property name="java.net.preferIPv4Stack" value="true"/>
    <property name="user.name" value="jenkins1000"/>
    <property name="path.separator" value=":"/>
    <property name="java.security.egd" value="file:///dev/urandom"/>
    <property name="os.version" value="3.10.0-957.12.2.el7.x86_64"/>
    <property name="java.endorsed.dirs" value="/usr/lib/jvm/java-1.8-openjdk/jre/lib/endorsed"/>
    <property name="java.runtime.name" value="OpenJDK Runtime Environment"/>
    <property name="file.encoding" value="UTF-8"/>
    <property name="java.vm.name" value="OpenJDK 64-Bit Server VM"/>
    <property name="test.build.webapps" value=""/>
    <property name="localRepository" value="/home/user/.m2/repository"/>
    <property name="java.vendor.url.bug" value="https://icedtea.classpath.org/bugzilla"/>
    <property name="java.io.tmpdir" value="/tmp"/>
    <property name="require.test.libhadoop" value=""/>
    <property name="java.version" value="1.8.0_212"/>
    <property name="user.dir" value="/workdir/hadoop-ozone/integration-test"/>
    <property name="os.arch" value="amd64"/>
    <property name="java.vm.specification.name" value="Java Virtual Machine Specification"/>
    <property name="test.build.classes" value="/workdir/hadoop-ozone/integration-test/target/test-classes"/>
    <property name="java.awt.printerjob" value="sun.print.PSPrinterJob"/>
    <property name="sun.os.patch.level" value="unknown"/>
    <property name="hadoop.tmp.dir" value="/workdir/hadoop-ozone/integration-test/target/tmp"/>
    <property name="java.library.path" value="/usr/lib/jvm/java-1.8-openjdk/jre/lib/amd64/server:/usr/lib/jvm/java-1.8-openjdk/jre/lib/amd64:/usr/lib/jvm/java-1.8-openjdk/jre/../lib/amd64:/workdir/hadoop-ozone/integration-test/target/native/target/usr/local/lib:/workdir/hadoop-ozone/integration-test/../../hadoop-common-project/hadoop-common/target/native/target/usr/local/lib:/usr/java/packages/lib/amd64:/usr/lib64:/lib64:/lib:/usr/lib"/>
    <property name="java.vm.info" value="mixed mode"/>
    <property name="java.vendor" value="IcedTea"/>
    <property name="java.vm.version" value="25.212-b04"/>
    <property name="java.ext.dirs" value="/usr/lib/jvm/java-1.8-openjdk/jre/lib/ext:/usr/java/packages/lib/ext"/>
    <property name="sun.io.unicode.encoding" value="UnicodeLittle"/>
    <property name="java.class.version" value="52.0"/>
  </properties>
  <testcase name="test" classname="org.apache.hadoop.ozone.scm.TestSCMContainerPlacementPolicyMetrics" time="24.633">
    <error message="Allocated 0 blocks. Requested 1 blocks" type="INTERNAL_ERROR org.apache.hadoop.ozone.om.exceptions.OMException">INTERNAL_ERROR org.apache.hadoop.ozone.om.exceptions.OMException: Allocated 0 blocks. Requested 1 blocks
	at org.apache.hadoop.ozone.om.protocolPB.OzoneManagerProtocolClientSideTranslatorPB.handleError(OzoneManagerProtocolClientSideTranslatorPB.java:732)
	at org.apache.hadoop.ozone.om.protocolPB.OzoneManagerProtocolClientSideTranslatorPB.openKey(OzoneManagerProtocolClientSideTranslatorPB.java:723)
	at sun.reflect.NativeMethodAccessorImpl.invoke0(Native Method)
	at sun.reflect.NativeMethodAccessorImpl.invoke(NativeMethodAccessorImpl.java:62)
	at sun.reflect.DelegatingMethodAccessorImpl.invoke(DelegatingMethodAccessorImpl.java:43)
	at java.lang.reflect.Method.invoke(Method.java:498)
	at org.apache.hadoop.hdds.tracing.TraceAllMethod.invoke(TraceAllMethod.java:66)
	at com.sun.proxy.$Proxy37.openKey(Unknown Source)
	at org.apache.hadoop.ozone.client.rpc.RpcClient.createKey(RpcClient.java:614)
	at org.apache.hadoop.ozone.client.OzoneBucket.createKey(OzoneBucket.java:325)
	at org.apache.hadoop.ozone.scm.TestSCMContainerPlacementPolicyMetrics.test(TestSCMContainerPlacementPolicyMetrics.java:108)
	at sun.reflect.NativeMethodAccessorImpl.invoke0(Native Method)
	at sun.reflect.NativeMethodAccessorImpl.invoke(NativeMethodAccessorImpl.java:62)
	at sun.reflect.DelegatingMethodAccessorImpl.invoke(DelegatingMethodAccessorImpl.java:43)
	at java.lang.reflect.Method.invoke(Method.java:498)
	at org.junit.runners.model.FrameworkMethod$1.runReflectiveCall(FrameworkMethod.java:47)
	at org.junit.internal.runners.model.ReflectiveCallable.run(ReflectiveCallable.java:12)
	at org.junit.runners.model.FrameworkMethod.invokeExplosively(FrameworkMethod.java:44)
	at org.junit.internal.runners.statements.InvokeMethod.evaluate(InvokeMethod.java:17)
	at org.junit.internal.runners.statements.FailOnTimeout$StatementThread.run(FailOnTimeout.java:74)
</error>
    <system-out><![CDATA[2019-09-25 04:06:50,464 [main] WARN  server.ServerUtils (ServerUtils.java:getScmDbDir(145)) - ozone.scm.db.dirs is not configured. We recommend adding this setting. Falling back to ozone.metadata.dirs instead.
2019-09-25 04:06:50,564 [main] WARN  server.ServerUtils (ServerUtils.java:getScmDbDir(145)) - ozone.scm.db.dirs is not configured. We recommend adding this setting. Falling back to ozone.metadata.dirs instead.
2019-09-25 04:06:50,568 [main] WARN  server.ServerUtils (ServerUtils.java:getScmDbDir(145)) - ozone.scm.db.dirs is not configured. We recommend adding this setting. Falling back to ozone.metadata.dirs instead.
2019-09-25 04:06:50,588 [main] INFO  util.log (Log.java:initialized(192)) - Logging initialized @1538ms
2019-09-25 04:06:50,716 [main] INFO  db.DBStoreBuilder (DBStoreBuilder.java:addTable(110)) - using custom profile for table: deletedBlocks
2019-09-25 04:06:50,717 [main] INFO  db.DBStoreBuilder (DBStoreBuilder.java:processTables(161)) - Using default column profile:DBProfile.DISK for Table:deletedBlocks
2019-09-25 04:06:50,717 [main] INFO  db.DBStoreBuilder (DBStoreBuilder.java:addTable(110)) - using custom profile for table: validCerts
2019-09-25 04:06:50,717 [main] INFO  db.DBStoreBuilder (DBStoreBuilder.java:processTables(161)) - Using default column profile:DBProfile.DISK for Table:validCerts
2019-09-25 04:06:50,718 [main] INFO  db.DBStoreBuilder (DBStoreBuilder.java:addTable(110)) - using custom profile for table: revokedCerts
2019-09-25 04:06:50,718 [main] INFO  db.DBStoreBuilder (DBStoreBuilder.java:processTables(161)) - Using default column profile:DBProfile.DISK for Table:revokedCerts
2019-09-25 04:06:50,733 [main] INFO  db.DBStoreBuilder (DBStoreBuilder.java:addTable(110)) - using custom profile for table: default
2019-09-25 04:06:50,733 [main] INFO  db.DBStoreBuilder (DBStoreBuilder.java:processTables(167)) - Using default column profile:DBProfile.DISK for Table:default
2019-09-25 04:06:50,735 [main] INFO  db.DBStoreBuilder (DBStoreBuilder.java:getDbProfile(198)) - Using default options. DBProfile.DISK
2019-09-25 04:06:51,009 [main] INFO  net.NodeSchemaLoader (NodeSchemaLoader.java:loadSchemaFromFile(125)) - Loading file from sun.misc.CompoundEnumeration@33d512c1
2019-09-25 04:06:51,011 [main] INFO  net.NodeSchemaLoader (NodeSchemaLoader.java:loadSchema(171)) - Loading network topology layer schema file
2019-09-25 04:06:51,083 [main] WARN  server.ServerUtils (ServerUtils.java:sanitizeUserArgs(70)) - ozone.scm.stale.node.interval value = 300000 is larger than max = 100000 based on the key value of ozone.scm.heartbeat.thread.interval, reset to the max value 100000.
2019-09-25 04:06:51,085 [main] WARN  server.ServerUtils (ServerUtils.java:sanitizeUserArgs(70)) - ozone.scm.stale.node.interval value = 300000 is larger than max = 100000 based on the key value of ozone.scm.heartbeat.thread.interval, reset to the max value 100000.
2019-09-25 04:06:51,088 [main] INFO  node.SCMNodeManager (SCMNodeManager.java:<init>(114)) - Entering startup safe mode.
2019-09-25 04:06:51,155 [main] INFO  Configuration.deprecation (Configuration.java:logDeprecation(1394)) - hadoop.configured.node.mapping is deprecated. Instead, use net.topology.configured.node.mapping
2019-09-25 04:06:51,160 [main] INFO  algorithms.ContainerPlacementPolicyFactory (ContainerPlacementPolicyFactory.java:getPolicy(60)) - Create container placement policy of type org.apache.hadoop.hdds.scm.container.placement.algorithms.SCMContainerPlacementRackAware
2019-09-25 04:06:51,175 [main] WARN  server.ServerUtils (ServerUtils.java:getScmDbDir(145)) - ozone.scm.db.dirs is not configured. We recommend adding this setting. Falling back to ozone.metadata.dirs instead.
2019-09-25 04:06:51,233 [main] INFO  pipeline.SCMPipelineManager (SCMPipelineManager.java:initializePipelineState(132)) - No pipeline exists in current db
2019-09-25 04:06:51,235 [main] WARN  server.ServerUtils (ServerUtils.java:getScmDbDir(145)) - ozone.scm.db.dirs is not configured. We recommend adding this setting. Falling back to ozone.metadata.dirs instead.
2019-09-25 04:06:51,361 [main] WARN  events.EventQueue (EventQueue.java:fireEvent(183)) - No event handler registered for event TypedEvent{payloadType=SafeModeStatus, name='SafeModeStatus'}
2019-09-25 04:06:51,796 [main] INFO  ipc.CallQueueManager (CallQueueManager.java:<init>(84)) - Using callQueue: class java.util.concurrent.LinkedBlockingQueue, queueCapacity: 2000, scheduler: class org.apache.hadoop.ipc.DefaultRpcScheduler, ipcBackoff: false.
2019-09-25 04:06:51,826 [Socket Reader #1 for port 33531] INFO  ipc.Server (Server.java:run(1074)) - Starting Socket Reader #1 for port 33531
2019-09-25 04:06:52,040 [main] INFO  ipc.CallQueueManager (CallQueueManager.java:<init>(84)) - Using callQueue: class java.util.concurrent.LinkedBlockingQueue, queueCapacity: 2000, scheduler: class org.apache.hadoop.ipc.DefaultRpcScheduler, ipcBackoff: false.
2019-09-25 04:06:52,041 [Socket Reader #1 for port 38708] INFO  ipc.Server (Server.java:run(1074)) - Starting Socket Reader #1 for port 38708
2019-09-25 04:06:52,056 [main] INFO  ipc.CallQueueManager (CallQueueManager.java:<init>(84)) - Using callQueue: class java.util.concurrent.LinkedBlockingQueue, queueCapacity: 2000, scheduler: class org.apache.hadoop.ipc.DefaultRpcScheduler, ipcBackoff: false.
2019-09-25 04:06:52,058 [Socket Reader #1 for port 35468] INFO  ipc.Server (Server.java:run(1074)) - Starting Socket Reader #1 for port 35468
2019-09-25 04:06:52,083 [main] INFO  hdfs.DFSUtil (DFSUtil.java:httpServerTemplateForNNAndJN(1641)) - Starting Web-server for scm at: http://0.0.0.0:0
2019-09-25 04:06:52,236 [main] INFO  server.AuthenticationFilter (AuthenticationFilter.java:constructSecretProvider(240)) - Unable to initialize FileSignerSecretProvider, falling back to use random secrets.
2019-09-25 04:06:52,244 [main] WARN  http.HttpRequestLog (HttpRequestLog.java:getRequestLog(97)) - Jetty request log can only be enabled using Log4j
2019-09-25 04:06:52,253 [main] INFO  http.HttpServer2 (HttpServer2.java:addGlobalFilter(975)) - Added global filter 'safety' (class=org.apache.hadoop.http.HttpServer2$QuotingInputFilter)
2019-09-25 04:06:52,255 [main] INFO  http.HttpServer2 (HttpServer2.java:addFilter(948)) - Added filter static_user_filter (class=org.apache.hadoop.http.lib.StaticUserWebFilter$StaticUserFilter) to context scm
2019-09-25 04:06:52,256 [main] INFO  http.HttpServer2 (HttpServer2.java:addFilter(958)) - Added filter static_user_filter (class=org.apache.hadoop.http.lib.StaticUserWebFilter$StaticUserFilter) to context logs
2019-09-25 04:06:52,256 [main] INFO  http.HttpServer2 (HttpServer2.java:addFilter(958)) - Added filter static_user_filter (class=org.apache.hadoop.http.lib.StaticUserWebFilter$StaticUserFilter) to context static
2019-09-25 04:06:52,288 [main] INFO  server.StorageContainerManager (StorageContainerManager.java:start(770)) - StorageContainerLocationProtocol RPC server is listening at /0.0.0.0:35468
2019-09-25 04:06:52,354 [main] WARN  impl.MetricsConfig (MetricsConfig.java:loadFirst(134)) - Cannot locate configuration: tried hadoop-metrics2-storagecontainermanager.properties,hadoop-metrics2.properties
2019-09-25 04:06:52,369 [main] INFO  impl.MetricsSystemImpl (MetricsSystemImpl.java:startTimer(374)) - Scheduled Metric snapshot period at 10 second(s).
2019-09-25 04:06:52,369 [main] INFO  impl.MetricsSystemImpl (MetricsSystemImpl.java:start(191)) - StorageContainerManager metrics system started
2019-09-25 04:06:52,666 [main] INFO  server.SCMClientProtocolServer (SCMClientProtocolServer.java:start(151)) - RPC server for Client  is listening at /0.0.0.0:35468
2019-09-25 04:06:52,667 [IPC Server Responder] INFO  ipc.Server (Server.java:run(1314)) - IPC Server Responder: starting
2019-09-25 04:06:52,667 [IPC Server listener on 35468] INFO  ipc.Server (Server.java:run(1153)) - IPC Server listener on 35468: starting
2019-09-25 04:06:52,670 [main] INFO  server.StorageContainerManager (StorageContainerManager.java:start(780)) - ScmBlockLocationProtocol RPC server is listening at /0.0.0.0:38708
2019-09-25 04:06:52,671 [main] INFO  server.SCMBlockProtocolServer (SCMBlockProtocolServer.java:start(146)) - RPC server for Block Protocol is listening at /0.0.0.0:38708
2019-09-25 04:06:52,672 [IPC Server Responder] INFO  ipc.Server (Server.java:run(1314)) - IPC Server Responder: starting
2019-09-25 04:06:52,672 [IPC Server listener on 38708] INFO  ipc.Server (Server.java:run(1153)) - IPC Server listener on 38708: starting
2019-09-25 04:06:52,675 [main] INFO  server.StorageContainerManager (StorageContainerManager.java:start(784)) - ScmDatanodeProtocl RPC server is listening at /0.0.0.0:33531
2019-09-25 04:06:52,675 [main] INFO  server.SCMDatanodeProtocolServer (SCMDatanodeProtocolServer.java:start(191)) - RPC server for DataNodes is listening at /0.0.0.0:33531
2019-09-25 04:06:52,676 [IPC Server Responder] INFO  ipc.Server (Server.java:run(1314)) - IPC Server Responder: starting
2019-09-25 04:06:52,676 [IPC Server listener on 33531] INFO  ipc.Server (Server.java:run(1153)) - IPC Server listener on 33531: starting
2019-09-25 04:06:52,680 [main] INFO  http.HttpServer2 (HttpServer2.java:bindListener(1191)) - Jetty bound to port 42842
2019-09-25 04:06:52,682 [main] INFO  server.Server (Server.java:doStart(351)) - jetty-9.3.25.v20180904, build timestamp: 2018-09-04T21:11:46Z, git hash: 3ce520221d0240229c862b122d2b06c12a625732
2019-09-25 04:06:52,720 [main] INFO  handler.ContextHandler (ContextHandler.java:doStart(781)) - Started o.e.j.s.ServletContextHandler@3e821657{/logs,file:///workdir/hadoop-ozone/integration-test/target/log,AVAILABLE}
2019-09-25 04:06:52,720 [main] INFO  handler.ContextHandler (ContextHandler.java:doStart(781)) - Started o.e.j.s.ServletContextHandler@71cf1b07{/static,file:///workdir/hadoop-ozone/integration-test/target/test-classes/webapps/static,AVAILABLE}
2019-09-25 04:06:52,753 [main] INFO  handler.ContextHandler (ContextHandler.java:doStart(781)) - Started o.e.j.w.WebAppContext@69f63d95{/,file:///workdir/hadoop-ozone/integration-test/target/test-classes/webapps/scm/,AVAILABLE}{/scm}
2019-09-25 04:06:52,759 [main] INFO  server.AbstractConnector (AbstractConnector.java:doStart(278)) - Started ServerConnector@72c927f1{HTTP/1.1,[http/1.1]}{0.0.0.0:42842}
2019-09-25 04:06:52,759 [main] INFO  server.Server (Server.java:doStart(419)) - Started @3709ms
2019-09-25 04:06:52,761 [main] INFO  impl.MetricsSinkAdapter (MetricsSinkAdapter.java:start(204)) - Sink prometheus started
2019-09-25 04:06:52,762 [main] INFO  impl.MetricsSystemImpl (MetricsSystemImpl.java:registerSink(301)) - Registered sink prometheus
2019-09-25 04:06:52,763 [main] INFO  server.BaseHttpServer (BaseHttpServer.java:updateConnectorAddress(215)) - HTTP server of SCM is listening at http://0.0.0.0:42842
2019-09-25 04:06:52,769 [org.apache.hadoop.util.JvmPauseMonitor$Monitor@532721fd] INFO  util.JvmPauseMonitor (JvmPauseMonitor.java:run(188)) - Starting JVM pause monitor
2019-09-25 04:06:52,773 [main] WARN  server.ServerUtils (ServerUtils.java:getDBPath(222)) - ozone.om.db.dirs is not configured. We recommend adding this setting. Falling back to ozone.metadata.dirs instead.
2019-09-25 04:06:52,897 [main] WARN  server.ServerUtils (ServerUtils.java:getDBPath(222)) - ozone.om.db.dirs is not configured. We recommend adding this setting. Falling back to ozone.metadata.dirs instead.
2019-09-25 04:06:52,898 [main] WARN  server.ServerUtils (ServerUtils.java:getDBPath(222)) - ozone.om.db.dirs is not configured. We recommend adding this setting. Falling back to ozone.metadata.dirs instead.
2019-09-25 04:06:52,899 [main] INFO  om.OzoneManager (OzoneManager.java:setOMNodeDetails(652)) - OM Service ID is not set. Setting it to the default ID: omServiceIdDefault
2019-09-25 04:06:52,899 [main] INFO  om.OzoneManager (OzoneManager.java:setOMNodeDetails(658)) - OM Node ID is not set. Setting it to the OmStorage's OmID: 107e6fea-c6fc-4810-8867-57ad03542378
2019-09-25 04:06:52,900 [main] INFO  om.OzoneManager (OzoneManager.java:loadOMHAConfigs(609)) - Found matching OM address with OMServiceId: null, OMNodeId: null, RPC Address: localhost:0 and Ratis port: 9872
2019-09-25 04:06:53,646 [main] WARN  server.ServerUtils (ServerUtils.java:getDBPath(222)) - ozone.om.db.dirs is not configured. We recommend adding this setting. Falling back to ozone.metadata.dirs instead.
2019-09-25 04:06:53,654 [main] INFO  db.DBStoreBuilder (DBStoreBuilder.java:addTable(110)) - using custom profile for table: userTable
2019-09-25 04:06:53,654 [main] INFO  db.DBStoreBuilder (DBStoreBuilder.java:processTables(161)) - Using default column profile:DBProfile.DISK for Table:userTable
2019-09-25 04:06:53,654 [main] INFO  db.DBStoreBuilder (DBStoreBuilder.java:addTable(110)) - using custom profile for table: volumeTable
2019-09-25 04:06:53,655 [main] INFO  db.DBStoreBuilder (DBStoreBuilder.java:processTables(161)) - Using default column profile:DBProfile.DISK for Table:volumeTable
2019-09-25 04:06:53,655 [main] INFO  db.DBStoreBuilder (DBStoreBuilder.java:addTable(110)) - using custom profile for table: bucketTable
2019-09-25 04:06:53,655 [main] INFO  db.DBStoreBuilder (DBStoreBuilder.java:processTables(161)) - Using default column profile:DBProfile.DISK for Table:bucketTable
2019-09-25 04:06:53,655 [main] INFO  db.DBStoreBuilder (DBStoreBuilder.java:addTable(110)) - using custom profile for table: keyTable
2019-09-25 04:06:53,655 [main] INFO  db.DBStoreBuilder (DBStoreBuilder.java:processTables(161)) - Using default column profile:DBProfile.DISK for Table:keyTable
2019-09-25 04:06:53,656 [main] INFO  db.DBStoreBuilder (DBStoreBuilder.java:addTable(110)) - using custom profile for table: deletedTable
2019-09-25 04:06:53,656 [main] INFO  db.DBStoreBuilder (DBStoreBuilder.java:processTables(161)) - Using default column profile:DBProfile.DISK for Table:deletedTable
2019-09-25 04:06:53,656 [main] INFO  db.DBStoreBuilder (DBStoreBuilder.java:addTable(110)) - using custom profile for table: openKeyTable
2019-09-25 04:06:53,656 [main] INFO  db.DBStoreBuilder (DBStoreBuilder.java:processTables(161)) - Using default column profile:DBProfile.DISK for Table:openKeyTable
2019-09-25 04:06:53,657 [main] INFO  db.DBStoreBuilder (DBStoreBuilder.java:addTable(110)) - using custom profile for table: s3Table
2019-09-25 04:06:53,657 [main] INFO  db.DBStoreBuilder (DBStoreBuilder.java:processTables(161)) - Using default column profile:DBProfile.DISK for Table:s3Table
2019-09-25 04:06:53,657 [main] INFO  db.DBStoreBuilder (DBStoreBuilder.java:addTable(110)) - using custom profile for table: multipartInfoTable
2019-09-25 04:06:53,657 [main] INFO  db.DBStoreBuilder (DBStoreBuilder.java:processTables(161)) - Using default column profile:DBProfile.DISK for Table:multipartInfoTable
2019-09-25 04:06:53,658 [main] INFO  db.DBStoreBuilder (DBStoreBuilder.java:addTable(110)) - using custom profile for table: dTokenTable
2019-09-25 04:06:53,658 [main] INFO  db.DBStoreBuilder (DBStoreBuilder.java:processTables(161)) - Using default column profile:DBProfile.DISK for Table:dTokenTable
2019-09-25 04:06:53,658 [main] INFO  db.DBStoreBuilder (DBStoreBuilder.java:addTable(110)) - using custom profile for table: s3SecretTable
2019-09-25 04:06:53,658 [main] INFO  db.DBStoreBuilder (DBStoreBuilder.java:processTables(161)) - Using default column profile:DBProfile.DISK for Table:s3SecretTable
2019-09-25 04:06:53,659 [main] INFO  db.DBStoreBuilder (DBStoreBuilder.java:addTable(110)) - using custom profile for table: prefixTable
2019-09-25 04:06:53,659 [main] INFO  db.DBStoreBuilder (DBStoreBuilder.java:processTables(161)) - Using default column profile:DBProfile.DISK for Table:prefixTable
2019-09-25 04:06:53,659 [main] INFO  db.DBStoreBuilder (DBStoreBuilder.java:addTable(110)) - using custom profile for table: default
2019-09-25 04:06:53,659 [main] INFO  db.DBStoreBuilder (DBStoreBuilder.java:processTables(167)) - Using default column profile:DBProfile.DISK for Table:default
2019-09-25 04:06:53,660 [main] INFO  db.DBStoreBuilder (DBStoreBuilder.java:getDbProfile(198)) - Using default options. DBProfile.DISK
2019-09-25 04:06:54,088 [KeyDeletingService#0] WARN  utils.BackgroundService (BackgroundService.java:lambda$run$0(135)) - Background task fails to execute, retrying in next interval
java.util.concurrent.ExecutionException: java.lang.NullPointerException
	at java.util.concurrent.FutureTask.report(FutureTask.java:122)
	at java.util.concurrent.FutureTask.get(FutureTask.java:206)
	at org.apache.hadoop.hdds.utils.BackgroundService$PeriodicalTask.lambda$run$0(BackgroundService.java:129)
	at java.util.stream.ForEachOps$ForEachOp$OfRef.accept(ForEachOps.java:184)
	at java.util.ArrayList$ArrayListSpliterator.forEachRemaining(ArrayList.java:1382)
	at java.util.stream.AbstractPipeline.copyInto(AbstractPipeline.java:482)
	at java.util.stream.ForEachOps$ForEachTask.compute(ForEachOps.java:291)
	at java.util.concurrent.CountedCompleter.exec(CountedCompleter.java:731)
	at java.util.concurrent.ForkJoinTask.doExec(ForkJoinTask.java:289)
	at java.util.concurrent.ForkJoinTask.doInvoke(ForkJoinTask.java:401)
	at java.util.concurrent.ForkJoinTask.invoke(ForkJoinTask.java:734)
	at java.util.stream.ForEachOps$ForEachOp.evaluateParallel(ForEachOps.java:160)
	at java.util.stream.ForEachOps$ForEachOp$OfRef.evaluateParallel(ForEachOps.java:174)
	at java.util.stream.AbstractPipeline.evaluate(AbstractPipeline.java:233)
	at java.util.stream.ReferencePipeline.forEach(ReferencePipeline.java:418)
	at java.util.stream.ReferencePipeline$Head.forEach(ReferencePipeline.java:583)
	at org.apache.hadoop.hdds.utils.BackgroundService$PeriodicalTask.run(BackgroundService.java:125)
	at java.util.concurrent.Executors$RunnableAdapter.call(Executors.java:511)
	at java.util.concurrent.FutureTask.runAndReset(FutureTask.java:308)
	at java.util.concurrent.ScheduledThreadPoolExecutor$ScheduledFutureTask.access$301(ScheduledThreadPoolExecutor.java:180)
	at java.util.concurrent.ScheduledThreadPoolExecutor$ScheduledFutureTask.run(ScheduledThreadPoolExecutor.java:294)
	at java.util.concurrent.ThreadPoolExecutor.runWorker(ThreadPoolExecutor.java:1149)
	at java.util.concurrent.ThreadPoolExecutor$Worker.run(ThreadPoolExecutor.java:624)
	at java.lang.Thread.run(Thread.java:748)
Caused by: java.lang.NullPointerException
	at org.apache.hadoop.ozone.om.OzoneManager.isLeader(OzoneManager.java:3430)
	at org.apache.hadoop.ozone.om.KeyDeletingService.shouldRun(KeyDeletingService.java:120)
	at org.apache.hadoop.ozone.om.KeyDeletingService.access$100(KeyDeletingService.java:58)
	at org.apache.hadoop.ozone.om.KeyDeletingService$KeyDeletingTask.call(KeyDeletingService.java:149)
	at org.apache.hadoop.ozone.om.KeyDeletingService$KeyDeletingTask.call(KeyDeletingService.java:137)
	at java.util.concurrent.FutureTask.run(FutureTask.java:266)
	at java.util.concurrent.Executors$RunnableAdapter.call(Executors.java:511)
	at java.util.concurrent.FutureTask.run(FutureTask.java:266)
	at java.util.concurrent.Executors$RunnableAdapter.call(Executors.java:511)
	at java.util.concurrent.FutureTask.run(FutureTask.java:266)
	at java.util.concurrent.ScheduledThreadPoolExecutor$ScheduledFutureTask.access$201(ScheduledThreadPoolExecutor.java:180)
	at java.util.concurrent.ScheduledThreadPoolExecutor$ScheduledFutureTask.run(ScheduledThreadPoolExecutor.java:293)
	... 3 more
2019-09-25 04:06:54,125 [main] WARN  scm.HddsServerUtil (HddsServerUtil.java:getDefaultRatisDirectory(354)) - Storage directory for Ratis is not configured. It is a good idea to map this to an SSD disk. Falling back to ozone.metadata.dirs
2019-09-25 04:06:54,155 [main] INFO  ratis.OzoneManagerRatisServer (OzoneManagerRatisServer.java:<init>(241)) - Instantiating OM Ratis server with GroupID: omServiceIdDefault and Raft Peers: localhost:9872
2019-09-25 04:06:54,327 [main] INFO  impl.RaftServerProxy (ConfUtils.java:logGet(43)) - raft.rpc.type = GRPC (default)
2019-09-25 04:06:54,401 [main] INFO  grpc.GrpcFactory (GrpcFactory.java:checkPooledByteBufAllocatorUseCacheForAllThreads(45)) - PERFORMANCE WARNING: useCacheForAllThreads is true that may cause Netty to create a lot garbage objects and, as a result, trigger GC.
	It is recommended to disable useCacheForAllThreads by setting -Dorg.apache.ratis.thirdparty.io.netty.allocator.useCacheForAllThreads=false in command line.
2019-09-25 04:06:54,406 [main] INFO  grpc.GrpcConfigKeys$Server (ConfUtils.java:logGet(43)) - raft.grpc.server.port = 9872 (custom)
2019-09-25 04:06:54,407 [main] INFO  server.GrpcService (ConfUtils.java:logGet(43)) - raft.grpc.message.size.max = 33554432 (custom)
2019-09-25 04:06:54,409 [main] INFO  server.RaftServerConfigKeys (ConfUtils.java:logGet(43)) - raft.server.log.appender.buffer.byte-limit = 33554432 (custom)
2019-09-25 04:06:54,409 [main] INFO  server.GrpcService (ConfUtils.java:logGet(43)) - raft.grpc.flow.control.window = 1MB (=1048576) (default)
2019-09-25 04:06:54,410 [main] INFO  server.RaftServerConfigKeys (ConfUtils.java:logGet(43)) - raft.server.rpc.request.timeout = 3000ms (default)
2019-09-25 04:06:54,551 [main] INFO  server.RaftServerConfigKeys (ConfUtils.java:logGet(43)) - raft.server.storage.dir = [/workdir/hadoop-ozone/integration-test/target/test-dir/MiniOzoneClusterImpl-071aaae5-0202-4fb6-b4d6-510014b63779/ozone-meta/ratis] (custom)
2019-09-25 04:06:54,557 [main] INFO  impl.RaftServerProxy (RaftServerProxy.java:addNew(89)) - 107e6fea-c6fc-4810-8867-57ad03542378: addNew group-C5BA1605619E:[107e6fea-c6fc-4810-8867-57ad03542378:localhost:9872] returns group-C5BA1605619E:java.util.concurrent.CompletableFuture@1ac45389[Not completed]
2019-09-25 04:06:54,558 [main] INFO  om.OzoneManager (OzoneManager.java:initializeRatisServer(1389)) - OzoneManager Ratis server initialized at port 9872
2019-09-25 04:06:54,560 [main] WARN  scm.HddsServerUtil (HddsServerUtil.java:getDefaultRatisDirectory(354)) - Storage directory for Ratis is not configured. It is a good idea to map this to an SSD disk. Falling back to ozone.metadata.dirs
2019-09-25 04:06:54,561 [main] WARN  scm.HddsServerUtil (HddsServerUtil.java:getDefaultRatisDirectory(354)) - Storage directory for Ratis is not configured. It is a good idea to map this to an SSD disk. Falling back to ozone.metadata.dirs
2019-09-25 04:06:54,575 [main] INFO  ipc.CallQueueManager (CallQueueManager.java:<init>(84)) - Using callQueue: class java.util.concurrent.LinkedBlockingQueue, queueCapacity: 2000, scheduler: class org.apache.hadoop.ipc.DefaultRpcScheduler, ipcBackoff: false.
2019-09-25 04:06:54,575 [pool-22-thread-1] INFO  impl.RaftServerImpl (RaftServerImpl.java:<init>(95)) - 107e6fea-c6fc-4810-8867-57ad03542378: new RaftServerImpl for group-C5BA1605619E:[107e6fea-c6fc-4810-8867-57ad03542378:localhost:9872] with OzoneManagerStateMachine:uninitialized
2019-09-25 04:06:54,576 [Socket Reader #1 for port 33789] INFO  ipc.Server (Server.java:run(1074)) - Starting Socket Reader #1 for port 33789
2019-09-25 04:06:54,578 [pool-22-thread-1] INFO  server.RaftServerConfigKeys (ConfUtils.java:logGet(43)) - raft.server.rpc.timeout.min = 1s (custom)
2019-09-25 04:06:54,579 [pool-22-thread-1] INFO  server.RaftServerConfigKeys (ConfUtils.java:logGet(43)) - raft.server.rpc.timeout.max = 1200ms (custom)
2019-09-25 04:06:54,579 [pool-22-thread-1] INFO  server.RaftServerConfigKeys (ConfUtils.java:logGet(43)) - raft.server.rpcslowness.timeout = 120s (custom)
2019-09-25 04:06:54,580 [pool-22-thread-1] INFO  server.RaftServerConfigKeys (ConfUtils.java:logGet(43)) - raft.server.sleep.deviation.threshold = 300 (default)
2019-09-25 04:06:54,582 [pool-22-thread-1] INFO  server.RaftServerConfigKeys (ConfUtils.java:logGet(43)) - raft.server.log.appender.install.snapshot.enabled = false (custom)
2019-09-25 04:06:54,592 [pool-22-thread-1] INFO  impl.RaftServerImpl (ServerState.java:<init>(103)) - 107e6fea-c6fc-4810-8867-57ad03542378@group-C5BA1605619E: ConfigurationManager, init=-1: [107e6fea-c6fc-4810-8867-57ad03542378:localhost:9872], old=null, confs=<EMPTY_MAP>
2019-09-25 04:06:54,593 [pool-22-thread-1] INFO  server.RaftServerConfigKeys (ConfUtils.java:logGet(43)) - raft.server.storage.dir = [/workdir/hadoop-ozone/integration-test/target/test-dir/MiniOzoneClusterImpl-071aaae5-0202-4fb6-b4d6-510014b63779/ozone-meta/ratis] (custom)
2019-09-25 04:06:54,597 [main] INFO  om.OzoneManager (OzoneManager.java:start(1243)) - OzoneManager RPC server is listening at localhost/127.0.0.1:33789
2019-09-25 04:06:54,598 [main] INFO  impl.MetricsSystemImpl (MetricsSystemImpl.java:init(158)) - OzoneManager metrics system started (again)
2019-09-25 04:06:54,598 [main] INFO  ratis.OzoneManagerRatisServer (OzoneManagerRatisServer.java:start(331)) - Starting OzoneManagerRatisServer 107e6fea-c6fc-4810-8867-57ad03542378 at port 9872
2019-09-25 04:06:54,606 [pool-22-thread-1] INFO  storage.RaftStorageDirectory (RaftStorageDirectory.java:analyzeStorage(246)) - The storage directory /workdir/hadoop-ozone/integration-test/target/test-dir/MiniOzoneClusterImpl-071aaae5-0202-4fb6-b4d6-510014b63779/ozone-meta/ratis/bf265839-605b-3f16-9796-c5ba1605619e does not exist. Creating ...
2019-09-25 04:06:54,626 [pool-22-thread-1] INFO  storage.RaftStorageDirectory (RaftStorageDirectory.java:tryLock(328)) - Lock on /workdir/hadoop-ozone/integration-test/target/test-dir/MiniOzoneClusterImpl-071aaae5-0202-4fb6-b4d6-510014b63779/ozone-meta/ratis/bf265839-605b-3f16-9796-c5ba1605619e/in_use.lock acquired by nodename 11616@pr-hdds-1569-zxpks-796972592
2019-09-25 04:06:54,640 [pool-22-thread-1] INFO  storage.RaftStorage (RaftStorage.java:format(72)) - Storage directory /workdir/hadoop-ozone/integration-test/target/test-dir/MiniOzoneClusterImpl-071aaae5-0202-4fb6-b4d6-510014b63779/ozone-meta/ratis/bf265839-605b-3f16-9796-c5ba1605619e has been successfully formatted.
2019-09-25 04:06:54,643 [pool-22-thread-1] INFO  server.RaftServerConfigKeys (ConfUtils.java:logGet(43)) - raft.server.notification.no-leader.timeout = 120s (custom)
2019-09-25 04:06:54,646 [pool-22-thread-1] INFO  server.RaftServerConfigKeys (ConfUtils.java:logGet(43)) - raft.server.log.use.memory = false (default)
2019-09-25 04:06:54,651 [pool-22-thread-1] INFO  server.RaftServerConfigKeys (ConfUtils.java:logGet(43)) - raft.server.log.purge.gap = 1000000 (custom)
2019-09-25 04:06:54,651 [pool-22-thread-1] INFO  server.RaftServerConfigKeys (ConfUtils.java:logGet(43)) - raft.server.log.appender.buffer.byte-limit = 33554432 (custom)
2019-09-25 04:06:54,653 [pool-22-thread-1] INFO  server.RaftServerConfigKeys (ConfUtils.java:logGet(43)) - raft.server.log.segment.size.max = 16384 (custom)
2019-09-25 04:06:54,657 [pool-22-thread-1] INFO  server.RaftServerConfigKeys (ConfUtils.java:logGet(43)) - raft.server.log.segment.cache.num.max = 2 (custom)
2019-09-25 04:06:54,662 [pool-22-thread-1] INFO  segmented.SegmentedRaftLogWorker (SegmentedRaftLogWorker.java:<init>(172)) - new 107e6fea-c6fc-4810-8867-57ad03542378@group-C5BA1605619E-SegmentedRaftLogWorker for RaftStorage:Storage Directory /workdir/hadoop-ozone/integration-test/target/test-dir/MiniOzoneClusterImpl-071aaae5-0202-4fb6-b4d6-510014b63779/ozone-meta/ratis/bf265839-605b-3f16-9796-c5ba1605619e
2019-09-25 04:06:54,663 [pool-22-thread-1] INFO  impl.MetricsSystemImpl (MetricsSystemImpl.java:init(158)) - ratis metrics system started (again)
2019-09-25 04:06:54,669 [pool-22-thread-1] INFO  metrics.MetricRegistries (MetricRegistriesLoader.java:load(64)) - Loaded MetricRegistries class org.apache.ratis.metrics.impl.MetricRegistriesImpl
2019-09-25 04:06:54,696 [pool-22-thread-1] INFO  server.RaftServerConfigKeys (ConfUtils.java:logGet(43)) - raft.server.log.queue.byte-limit = 64MB (=67108864) (default)
2019-09-25 04:06:54,696 [pool-22-thread-1] INFO  server.RaftServerConfigKeys (ConfUtils.java:logGet(43)) - raft.server.log.queue.element-limit = 4096 (default)
2019-09-25 04:06:54,699 [pool-22-thread-1] INFO  server.RaftServerConfigKeys (ConfUtils.java:logGet(43)) - raft.server.log.segment.size.max = 16384 (custom)
2019-09-25 04:06:54,700 [pool-22-thread-1] INFO  server.RaftServerConfigKeys (ConfUtils.java:logGet(43)) - raft.server.log.preallocated.size = 16384 (custom)
2019-09-25 04:06:54,700 [pool-22-thread-1] INFO  server.RaftServerConfigKeys (ConfUtils.java:logGet(43)) - raft.server.log.write.buffer.size = 64KB (=65536) (default)
2019-09-25 04:06:54,701 [pool-22-thread-1] INFO  server.RaftServerConfigKeys (ConfUtils.java:logGet(43)) - raft.server.log.force.sync.num = 128 (default)
2019-09-25 04:06:54,702 [pool-22-thread-1] INFO  server.RaftServerConfigKeys (ConfUtils.java:logGet(43)) - raft.server.log.statemachine.data.sync = true (default)
2019-09-25 04:06:54,702 [pool-22-thread-1] INFO  server.RaftServerConfigKeys (ConfUtils.java:logGet(43)) - raft.server.log.statemachine.data.sync.timeout = 10s (default)
2019-09-25 04:06:54,703 [pool-22-thread-1] INFO  server.RaftServerConfigKeys (ConfUtils.java:logGet(43)) - raft.server.log.statemachine.data.sync.timeout.retry = -1 (default)
2019-09-25 04:06:54,712 [pool-22-thread-1] INFO  server.RaftServerConfigKeys (ConfUtils.java:logGet(43)) - raft.server.log.statemachine.data.caching.enabled = false (default)
2019-09-25 04:06:54,716 [pool-22-thread-1] INFO  segmented.SegmentedRaftLogWorker (SegmentedRaftLogWorker.java:lambda$new$0(132)) - 107e6fea-c6fc-4810-8867-57ad03542378@group-C5BA1605619E-SegmentedRaftLogWorker: flushIndex: setUnconditionally 0 -> -1
2019-09-25 04:06:54,720 [pool-22-thread-1] INFO  server.RaftServerConfigKeys (ConfUtils.java:logGet(43)) - raft.server.snapshot.auto.trigger.enabled = true (custom)
2019-09-25 04:06:54,722 [pool-22-thread-1] INFO  server.RaftServerConfigKeys (ConfUtils.java:logGet(43)) - raft.server.snapshot.auto.trigger.threshold = 400000 (default)
2019-09-25 04:06:54,723 [pool-22-thread-1] INFO  server.RaftServerConfigKeys (ConfUtils.java:logGet(43)) - raft.server.snapshot.retention.num.files = -1 (default)
2019-09-25 04:06:54,723 [pool-22-thread-1] INFO  server.RaftServerConfigKeys (ConfUtils.java:logGet(43)) - raft.server.retrycache.expirytime = 600000ms (custom)
2019-09-25 04:06:54,754 [main] INFO  impl.RaftServerImpl (RaftServerImpl.java:start(185)) - 107e6fea-c6fc-4810-8867-57ad03542378@group-C5BA1605619E: start as a follower, conf=-1: [107e6fea-c6fc-4810-8867-57ad03542378:localhost:9872], old=null
2019-09-25 04:06:54,757 [main] INFO  impl.RaftServerImpl (RaftServerImpl.java:setRole(174)) - 107e6fea-c6fc-4810-8867-57ad03542378@group-C5BA1605619E: changes role from      null to FOLLOWER at term 0 for startAsFollower
2019-09-25 04:06:54,759 [main] INFO  impl.RoleInfo (RoleInfo.java:updateAndGet(143)) - 107e6fea-c6fc-4810-8867-57ad03542378: start FollowerState
2019-09-25 04:06:54,762 [main] INFO  util.JmxRegister (JmxRegister.java:tryRegister(44)) - Successfully registered JMX Bean with object name Ratis:service=RaftServer,group=group-C5BA1605619E,id=107e6fea-c6fc-4810-8867-57ad03542378
2019-09-25 04:06:54,763 [main] INFO  impl.RaftServerProxy (RaftServerProxy.java:lambda$start$3(299)) - 107e6fea-c6fc-4810-8867-57ad03542378: start RPC server
2019-09-25 04:06:54,885 [main] INFO  server.GrpcService (GrpcService.java:startImpl(158)) - 107e6fea-c6fc-4810-8867-57ad03542378: GrpcService started, listening on 0.0.0.0/0.0.0.0:9872
2019-09-25 04:06:54,897 [IPC Server Responder] INFO  ipc.Server (Server.java:run(1314)) - IPC Server Responder: starting
2019-09-25 04:06:54,897 [IPC Server listener on 33789] INFO  ipc.Server (Server.java:run(1153)) - IPC Server listener on 33789: starting
2019-09-25 04:06:54,902 [main] INFO  hdfs.DFSUtil (DFSUtil.java:httpServerTemplateForNNAndJN(1641)) - Starting Web-server for ozoneManager at: http://0.0.0.0:0
2019-09-25 04:06:54,904 [main] INFO  server.AuthenticationFilter (AuthenticationFilter.java:constructSecretProvider(240)) - Unable to initialize FileSignerSecretProvider, falling back to use random secrets.
2019-09-25 04:06:54,904 [main] WARN  http.HttpRequestLog (HttpRequestLog.java:getRequestLog(97)) - Jetty request log can only be enabled using Log4j
2019-09-25 04:06:54,906 [main] INFO  http.HttpServer2 (HttpServer2.java:addGlobalFilter(975)) - Added global filter 'safety' (class=org.apache.hadoop.http.HttpServer2$QuotingInputFilter)
2019-09-25 04:06:54,907 [main] INFO  http.HttpServer2 (HttpServer2.java:addFilter(948)) - Added filter static_user_filter (class=org.apache.hadoop.http.lib.StaticUserWebFilter$StaticUserFilter) to context ozoneManager
2019-09-25 04:06:54,907 [main] INFO  http.HttpServer2 (HttpServer2.java:addFilter(958)) - Added filter static_user_filter (class=org.apache.hadoop.http.lib.StaticUserWebFilter$StaticUserFilter) to context static
2019-09-25 04:06:54,907 [main] INFO  http.HttpServer2 (HttpServer2.java:addFilter(958)) - Added filter static_user_filter (class=org.apache.hadoop.http.lib.StaticUserWebFilter$StaticUserFilter) to context logs
2019-09-25 04:06:54,909 [main] INFO  http.HttpServer2 (HttpServer2.java:bindListener(1191)) - Jetty bound to port 39558
2019-09-25 04:06:54,909 [main] INFO  server.Server (Server.java:doStart(351)) - jetty-9.3.25.v20180904, build timestamp: 2018-09-04T21:11:46Z, git hash: 3ce520221d0240229c862b122d2b06c12a625732
2019-09-25 04:06:54,911 [main] INFO  handler.ContextHandler (ContextHandler.java:doStart(781)) - Started o.e.j.s.ServletContextHandler@19650aa6{/logs,file:///workdir/hadoop-ozone/integration-test/target/log,AVAILABLE}
2019-09-25 04:06:54,912 [main] INFO  handler.ContextHandler (ContextHandler.java:doStart(781)) - Started o.e.j.s.ServletContextHandler@2d82408{/static,file:///workdir/hadoop-ozone/integration-test/target/test-classes/webapps/static,AVAILABLE}
2019-09-25 04:06:54,916 [main] INFO  handler.ContextHandler (ContextHandler.java:doStart(781)) - Started o.e.j.w.WebAppContext@7ca8d498{/,file:///workdir/hadoop-ozone/integration-test/target/test-classes/webapps/ozoneManager/,AVAILABLE}{/ozoneManager}
2019-09-25 04:06:54,917 [main] INFO  server.AbstractConnector (AbstractConnector.java:doStart(278)) - Started ServerConnector@7187bac9{HTTP/1.1,[http/1.1]}{0.0.0.0:39558}
2019-09-25 04:06:54,917 [main] INFO  server.Server (Server.java:doStart(419)) - Started @5867ms
2019-09-25 04:06:54,918 [main] WARN  impl.MetricsSystemImpl (MetricsSystemImpl.java:register(276)) - Sink prometheus already exists!
2019-09-25 04:06:54,919 [main] INFO  server.BaseHttpServer (BaseHttpServer.java:updateConnectorAddress(215)) - HTTP server of OZONEMANAGER is listening at http://0.0.0.0:39558
2019-09-25 04:06:55,033 [main] INFO  impl.MetricsSystemImpl (MetricsSystemImpl.java:init(158)) - HddsDatanode metrics system started (again)
2019-09-25 04:06:55,079 [main] INFO  ozone.HddsDatanodeService (HddsDatanodeService.java:start(184)) - HddsDatanodeService host:pr-hdds-1569-zxpks-796972592 ip:192.168.5.161
2019-09-25 04:06:55,128 [main] INFO  volume.HddsVolume (HddsVolume.java:<init>(176)) - Creating Volume: /workdir/hadoop-ozone/integration-test/target/test-dir/MiniOzoneClusterImpl-071aaae5-0202-4fb6-b4d6-510014b63779/datanode-0/data/containers/hdds of  storage type : DISK and capacity : 1482555576320
2019-09-25 04:06:55,131 [main] INFO  volume.VolumeSet (VolumeSet.java:initializeVolumeSet(170)) - Added Volume : /workdir/hadoop-ozone/integration-test/target/test-dir/MiniOzoneClusterImpl-071aaae5-0202-4fb6-b4d6-510014b63779/datanode-0/data/containers/hdds to VolumeSet
2019-09-25 04:06:55,136 [main] INFO  volume.ThrottledAsyncChecker (ThrottledAsyncChecker.java:schedule(139)) - Scheduling a check for org.apache.hadoop.ozone.container.common.volume.HddsVolume@4d41ba0f
2019-09-25 04:06:55,163 [main] INFO  volume.HddsVolumeChecker (HddsVolumeChecker.java:checkAllVolumes(202)) - Scheduled health check for volume org.apache.hadoop.ozone.container.common.volume.HddsVolume@4d41ba0f
2019-09-25 04:06:55,230 [main] INFO  impl.RaftServerProxy (ConfUtils.java:logGet(43)) - raft.rpc.type = GRPC (default)
2019-09-25 04:06:55,230 [main] INFO  grpc.GrpcFactory (GrpcFactory.java:checkPooledByteBufAllocatorUseCacheForAllThreads(45)) - PERFORMANCE WARNING: useCacheForAllThreads is true that may cause Netty to create a lot garbage objects and, as a result, trigger GC.
	It is recommended to disable useCacheForAllThreads by setting -Dorg.apache.ratis.thirdparty.io.netty.allocator.useCacheForAllThreads=false in command line.
2019-09-25 04:06:55,231 [main] INFO  grpc.GrpcConfigKeys$Server (ConfUtils.java:logGet(43)) - raft.grpc.server.port = 0 (default)
2019-09-25 04:06:55,231 [main] INFO  server.GrpcService (ConfUtils.java:logGet(43)) - raft.grpc.message.size.max = 33570816 (custom)
2019-09-25 04:06:55,231 [main] INFO  server.RaftServerConfigKeys (ConfUtils.java:logGet(43)) - raft.server.log.appender.buffer.byte-limit = 33554432 (custom)
2019-09-25 04:06:55,231 [main] INFO  server.GrpcService (ConfUtils.java:logGet(43)) - raft.grpc.flow.control.window = 1MB (=1048576) (default)
2019-09-25 04:06:55,232 [main] INFO  server.RaftServerConfigKeys (ConfUtils.java:logGet(43)) - raft.server.rpc.request.timeout = 3000ms (default)
2019-09-25 04:06:55,233 [main] INFO  server.RaftServerConfigKeys (ConfUtils.java:logGet(43)) - raft.server.storage.dir = [/workdir/hadoop-ozone/integration-test/target/test-dir/MiniOzoneClusterImpl-071aaae5-0202-4fb6-b4d6-510014b63779/datanode-0/data/ratis] (custom)
2019-09-25 04:06:55,283 [main] INFO  hdfs.DFSUtil (DFSUtil.java:httpServerTemplateForNNAndJN(1641)) - Starting Web-server for hddsDatanode at: http://0.0.0.0:0
2019-09-25 04:06:55,285 [main] INFO  server.AuthenticationFilter (AuthenticationFilter.java:constructSecretProvider(240)) - Unable to initialize FileSignerSecretProvider, falling back to use random secrets.
2019-09-25 04:06:55,286 [main] WARN  http.HttpRequestLog (HttpRequestLog.java:getRequestLog(97)) - Jetty request log can only be enabled using Log4j
2019-09-25 04:06:55,289 [main] INFO  http.HttpServer2 (HttpServer2.java:addGlobalFilter(975)) - Added global filter 'safety' (class=org.apache.hadoop.http.HttpServer2$QuotingInputFilter)
2019-09-25 04:06:55,290 [main] INFO  http.HttpServer2 (HttpServer2.java:addFilter(948)) - Added filter static_user_filter (class=org.apache.hadoop.http.lib.StaticUserWebFilter$StaticUserFilter) to context hddsDatanode
2019-09-25 04:06:55,291 [main] INFO  http.HttpServer2 (HttpServer2.java:addFilter(958)) - Added filter static_user_filter (class=org.apache.hadoop.http.lib.StaticUserWebFilter$StaticUserFilter) to context logs
2019-09-25 04:06:55,291 [main] INFO  http.HttpServer2 (HttpServer2.java:addFilter(958)) - Added filter static_user_filter (class=org.apache.hadoop.http.lib.StaticUserWebFilter$StaticUserFilter) to context static
2019-09-25 04:06:55,292 [main] INFO  http.HttpServer2 (HttpServer2.java:bindListener(1191)) - Jetty bound to port 34121
2019-09-25 04:06:55,293 [main] INFO  server.Server (Server.java:doStart(351)) - jetty-9.3.25.v20180904, build timestamp: 2018-09-04T21:11:46Z, git hash: 3ce520221d0240229c862b122d2b06c12a625732
2019-09-25 04:06:55,296 [main] INFO  handler.ContextHandler (ContextHandler.java:doStart(781)) - Started o.e.j.s.ServletContextHandler@72e295cc{/logs,file:///workdir/hadoop-ozone/integration-test/target/log,AVAILABLE}
2019-09-25 04:06:55,296 [main] INFO  handler.ContextHandler (ContextHandler.java:doStart(781)) - Started o.e.j.s.ServletContextHandler@6fa0450e{/static,jar:file:/home/user/.m2/repository/org/apache/hadoop/hadoop-hdds-container-service/0.5.0-SNAPSHOT/hadoop-hdds-container-service-0.5.0-SNAPSHOT.jar!/webapps/static,AVAILABLE}
2019-09-25 04:06:55,344 [main] INFO  handler.ContextHandler (ContextHandler.java:doStart(781)) - Started o.e.j.w.WebAppContext@7601bc96{/,file:///tmp/jetty-0.0.0.0-34121-hddsDatanode-_-any-9149700539138949803.dir/webapp/,AVAILABLE}{/hddsDatanode}
2019-09-25 04:06:55,345 [main] INFO  server.AbstractConnector (AbstractConnector.java:doStart(278)) - Started ServerConnector@48a0c8aa{HTTP/1.1,[http/1.1]}{0.0.0.0:34121}
2019-09-25 04:06:55,347 [main] INFO  server.Server (Server.java:doStart(419)) - Started @6296ms
2019-09-25 04:06:55,347 [main] WARN  impl.MetricsSystemImpl (MetricsSystemImpl.java:register(276)) - Sink prometheus already exists!
2019-09-25 04:06:55,348 [main] INFO  server.BaseHttpServer (BaseHttpServer.java:updateConnectorAddress(215)) - HTTP server of HDDSDATANODE is listening at http://0.0.0.0:34121
2019-09-25 04:06:55,350 [main] INFO  impl.MetricsSystemImpl (MetricsSystemImpl.java:init(158)) - HddsDatanode metrics system started (again)
2019-09-25 04:06:55,353 [main] INFO  ozone.HddsDatanodeService (HddsDatanodeService.java:start(184)) - HddsDatanodeService host:pr-hdds-1569-zxpks-796972592 ip:192.168.5.161
2019-09-25 04:06:55,356 [org.apache.hadoop.util.JvmPauseMonitor$Monitor@46365a10] INFO  util.JvmPauseMonitor (JvmPauseMonitor.java:run(188)) - Starting JVM pause monitor
2019-09-25 04:06:55,360 [main] INFO  volume.HddsVolume (HddsVolume.java:<init>(176)) - Creating Volume: /workdir/hadoop-ozone/integration-test/target/test-dir/MiniOzoneClusterImpl-071aaae5-0202-4fb6-b4d6-510014b63779/datanode-1/data/containers/hdds of  storage type : DISK and capacity : 1482555576320
2019-09-25 04:06:55,361 [main] INFO  volume.VolumeSet (VolumeSet.java:initializeVolumeSet(170)) - Added Volume : /workdir/hadoop-ozone/integration-test/target/test-dir/MiniOzoneClusterImpl-071aaae5-0202-4fb6-b4d6-510014b63779/datanode-1/data/containers/hdds to VolumeSet
2019-09-25 04:06:55,361 [main] INFO  volume.ThrottledAsyncChecker (ThrottledAsyncChecker.java:schedule(139)) - Scheduling a check for org.apache.hadoop.ozone.container.common.volume.HddsVolume@4d18b73a
2019-09-25 04:06:55,362 [main] INFO  volume.HddsVolumeChecker (HddsVolumeChecker.java:checkAllVolumes(202)) - Scheduled health check for volume org.apache.hadoop.ozone.container.common.volume.HddsVolume@4d18b73a
2019-09-25 04:06:55,376 [main] INFO  impl.RaftServerProxy (ConfUtils.java:logGet(43)) - raft.rpc.type = GRPC (default)
2019-09-25 04:06:55,377 [main] INFO  grpc.GrpcFactory (GrpcFactory.java:checkPooledByteBufAllocatorUseCacheForAllThreads(45)) - PERFORMANCE WARNING: useCacheForAllThreads is true that may cause Netty to create a lot garbage objects and, as a result, trigger GC.
	It is recommended to disable useCacheForAllThreads by setting -Dorg.apache.ratis.thirdparty.io.netty.allocator.useCacheForAllThreads=false in command line.
2019-09-25 04:06:55,377 [main] INFO  grpc.GrpcConfigKeys$Server (ConfUtils.java:logGet(43)) - raft.grpc.server.port = 0 (default)
2019-09-25 04:06:55,377 [main] INFO  server.GrpcService (ConfUtils.java:logGet(43)) - raft.grpc.message.size.max = 33570816 (custom)
2019-09-25 04:06:55,377 [main] INFO  server.RaftServerConfigKeys (ConfUtils.java:logGet(43)) - raft.server.log.appender.buffer.byte-limit = 33554432 (custom)
2019-09-25 04:06:55,378 [main] INFO  server.GrpcService (ConfUtils.java:logGet(43)) - raft.grpc.flow.control.window = 1MB (=1048576) (default)
2019-09-25 04:06:55,378 [main] INFO  server.RaftServerConfigKeys (ConfUtils.java:logGet(43)) - raft.server.rpc.request.timeout = 3000ms (default)
2019-09-25 04:06:55,378 [main] INFO  server.RaftServerConfigKeys (ConfUtils.java:logGet(43)) - raft.server.storage.dir = [/workdir/hadoop-ozone/integration-test/target/test-dir/MiniOzoneClusterImpl-071aaae5-0202-4fb6-b4d6-510014b63779/datanode-1/data/ratis] (custom)
2019-09-25 04:06:55,380 [main] INFO  hdfs.DFSUtil (DFSUtil.java:httpServerTemplateForNNAndJN(1641)) - Starting Web-server for hddsDatanode at: http://0.0.0.0:0
2019-09-25 04:06:55,381 [main] INFO  server.AuthenticationFilter (AuthenticationFilter.java:constructSecretProvider(240)) - Unable to initialize FileSignerSecretProvider, falling back to use random secrets.
2019-09-25 04:06:55,382 [main] WARN  http.HttpRequestLog (HttpRequestLog.java:getRequestLog(97)) - Jetty request log can only be enabled using Log4j
2019-09-25 04:06:55,384 [main] INFO  http.HttpServer2 (HttpServer2.java:addGlobalFilter(975)) - Added global filter 'safety' (class=org.apache.hadoop.http.HttpServer2$QuotingInputFilter)
2019-09-25 04:06:55,385 [main] INFO  http.HttpServer2 (HttpServer2.java:addFilter(948)) - Added filter static_user_filter (class=org.apache.hadoop.http.lib.StaticUserWebFilter$StaticUserFilter) to context hddsDatanode
2019-09-25 04:06:55,385 [main] INFO  http.HttpServer2 (HttpServer2.java:addFilter(958)) - Added filter static_user_filter (class=org.apache.hadoop.http.lib.StaticUserWebFilter$StaticUserFilter) to context logs
2019-09-25 04:06:55,386 [main] INFO  http.HttpServer2 (HttpServer2.java:addFilter(958)) - Added filter static_user_filter (class=org.apache.hadoop.http.lib.StaticUserWebFilter$StaticUserFilter) to context static
2019-09-25 04:06:55,386 [main] INFO  http.HttpServer2 (HttpServer2.java:bindListener(1191)) - Jetty bound to port 38446
2019-09-25 04:06:55,387 [main] INFO  server.Server (Server.java:doStart(351)) - jetty-9.3.25.v20180904, build timestamp: 2018-09-04T21:11:46Z, git hash: 3ce520221d0240229c862b122d2b06c12a625732
2019-09-25 04:06:55,390 [main] INFO  handler.ContextHandler (ContextHandler.java:doStart(781)) - Started o.e.j.s.ServletContextHandler@3af7d855{/logs,file:///workdir/hadoop-ozone/integration-test/target/log,AVAILABLE}
2019-09-25 04:06:55,390 [main] INFO  handler.ContextHandler (ContextHandler.java:doStart(781)) - Started o.e.j.s.ServletContextHandler@f88bfbe{/static,jar:file:/home/user/.m2/repository/org/apache/hadoop/hadoop-hdds-container-service/0.5.0-SNAPSHOT/hadoop-hdds-container-service-0.5.0-SNAPSHOT.jar!/webapps/static,AVAILABLE}
2019-09-25 04:06:55,419 [main] INFO  handler.ContextHandler (ContextHandler.java:doStart(781)) - Started o.e.j.w.WebAppContext@71c17a57{/,file:///tmp/jetty-0.0.0.0-38446-hddsDatanode-_-any-8768229516829319792.dir/webapp/,AVAILABLE}{/hddsDatanode}
2019-09-25 04:06:55,419 [main] INFO  server.AbstractConnector (AbstractConnector.java:doStart(278)) - Started ServerConnector@640ab13c{HTTP/1.1,[http/1.1]}{0.0.0.0:38446}
2019-09-25 04:06:55,420 [main] INFO  server.Server (Server.java:doStart(419)) - Started @6369ms
2019-09-25 04:06:55,420 [main] WARN  impl.MetricsSystemImpl (MetricsSystemImpl.java:register(276)) - Sink prometheus already exists!
2019-09-25 04:06:55,421 [main] INFO  server.BaseHttpServer (BaseHttpServer.java:updateConnectorAddress(215)) - HTTP server of HDDSDATANODE is listening at http://0.0.0.0:38446
2019-09-25 04:06:55,422 [main] INFO  impl.MetricsSystemImpl (MetricsSystemImpl.java:init(158)) - HddsDatanode metrics system started (again)
2019-09-25 04:06:55,424 [org.apache.hadoop.util.JvmPauseMonitor$Monitor@37d02edd] INFO  util.JvmPauseMonitor (JvmPauseMonitor.java:run(188)) - Starting JVM pause monitor
2019-09-25 04:06:55,424 [main] INFO  ozone.HddsDatanodeService (HddsDatanodeService.java:start(184)) - HddsDatanodeService host:pr-hdds-1569-zxpks-796972592 ip:192.168.5.161
2019-09-25 04:06:55,431 [main] INFO  volume.HddsVolume (HddsVolume.java:<init>(176)) - Creating Volume: /workdir/hadoop-ozone/integration-test/target/test-dir/MiniOzoneClusterImpl-071aaae5-0202-4fb6-b4d6-510014b63779/datanode-2/data/containers/hdds of  storage type : DISK and capacity : 1482555576320
2019-09-25 04:06:55,431 [main] INFO  volume.VolumeSet (VolumeSet.java:initializeVolumeSet(170)) - Added Volume : /workdir/hadoop-ozone/integration-test/target/test-dir/MiniOzoneClusterImpl-071aaae5-0202-4fb6-b4d6-510014b63779/datanode-2/data/containers/hdds to VolumeSet
2019-09-25 04:06:55,432 [main] INFO  volume.ThrottledAsyncChecker (ThrottledAsyncChecker.java:schedule(139)) - Scheduling a check for org.apache.hadoop.ozone.container.common.volume.HddsVolume@33ecbd6c
2019-09-25 04:06:55,432 [main] INFO  volume.HddsVolumeChecker (HddsVolumeChecker.java:checkAllVolumes(202)) - Scheduled health check for volume org.apache.hadoop.ozone.container.common.volume.HddsVolume@33ecbd6c
2019-09-25 04:06:55,445 [main] INFO  impl.RaftServerProxy (ConfUtils.java:logGet(43)) - raft.rpc.type = GRPC (default)
2019-09-25 04:06:55,445 [main] INFO  grpc.GrpcFactory (GrpcFactory.java:checkPooledByteBufAllocatorUseCacheForAllThreads(45)) - PERFORMANCE WARNING: useCacheForAllThreads is true that may cause Netty to create a lot garbage objects and, as a result, trigger GC.
	It is recommended to disable useCacheForAllThreads by setting -Dorg.apache.ratis.thirdparty.io.netty.allocator.useCacheForAllThreads=false in command line.
2019-09-25 04:06:55,445 [main] INFO  grpc.GrpcConfigKeys$Server (ConfUtils.java:logGet(43)) - raft.grpc.server.port = 0 (default)
2019-09-25 04:06:55,445 [main] INFO  server.GrpcService (ConfUtils.java:logGet(43)) - raft.grpc.message.size.max = 33570816 (custom)
2019-09-25 04:06:55,446 [main] INFO  server.RaftServerConfigKeys (ConfUtils.java:logGet(43)) - raft.server.log.appender.buffer.byte-limit = 33554432 (custom)
2019-09-25 04:06:55,446 [main] INFO  server.GrpcService (ConfUtils.java:logGet(43)) - raft.grpc.flow.control.window = 1MB (=1048576) (default)
2019-09-25 04:06:55,446 [main] INFO  server.RaftServerConfigKeys (ConfUtils.java:logGet(43)) - raft.server.rpc.request.timeout = 3000ms (default)
2019-09-25 04:06:55,447 [main] INFO  server.RaftServerConfigKeys (ConfUtils.java:logGet(43)) - raft.server.storage.dir = [/workdir/hadoop-ozone/integration-test/target/test-dir/MiniOzoneClusterImpl-071aaae5-0202-4fb6-b4d6-510014b63779/datanode-2/data/ratis] (custom)
2019-09-25 04:06:55,448 [main] INFO  hdfs.DFSUtil (DFSUtil.java:httpServerTemplateForNNAndJN(1641)) - Starting Web-server for hddsDatanode at: http://0.0.0.0:0
2019-09-25 04:06:55,450 [main] INFO  server.AuthenticationFilter (AuthenticationFilter.java:constructSecretProvider(240)) - Unable to initialize FileSignerSecretProvider, falling back to use random secrets.
2019-09-25 04:06:55,451 [main] WARN  http.HttpRequestLog (HttpRequestLog.java:getRequestLog(97)) - Jetty request log can only be enabled using Log4j
2019-09-25 04:06:55,452 [main] INFO  http.HttpServer2 (HttpServer2.java:addGlobalFilter(975)) - Added global filter 'safety' (class=org.apache.hadoop.http.HttpServer2$QuotingInputFilter)
2019-09-25 04:06:55,453 [main] INFO  http.HttpServer2 (HttpServer2.java:addFilter(948)) - Added filter static_user_filter (class=org.apache.hadoop.http.lib.StaticUserWebFilter$StaticUserFilter) to context hddsDatanode
2019-09-25 04:06:55,453 [main] INFO  http.HttpServer2 (HttpServer2.java:addFilter(958)) - Added filter static_user_filter (class=org.apache.hadoop.http.lib.StaticUserWebFilter$StaticUserFilter) to context logs
2019-09-25 04:06:55,453 [main] INFO  http.HttpServer2 (HttpServer2.java:addFilter(958)) - Added filter static_user_filter (class=org.apache.hadoop.http.lib.StaticUserWebFilter$StaticUserFilter) to context static
2019-09-25 04:06:55,454 [main] INFO  http.HttpServer2 (HttpServer2.java:bindListener(1191)) - Jetty bound to port 41148
2019-09-25 04:06:55,454 [main] INFO  server.Server (Server.java:doStart(351)) - jetty-9.3.25.v20180904, build timestamp: 2018-09-04T21:11:46Z, git hash: 3ce520221d0240229c862b122d2b06c12a625732
2019-09-25 04:06:55,456 [main] INFO  handler.ContextHandler (ContextHandler.java:doStart(781)) - Started o.e.j.s.ServletContextHandler@5ed4bc{/logs,file:///workdir/hadoop-ozone/integration-test/target/log,AVAILABLE}
2019-09-25 04:06:55,456 [main] INFO  handler.ContextHandler (ContextHandler.java:doStart(781)) - Started o.e.j.s.ServletContextHandler@65f651eb{/static,jar:file:/home/user/.m2/repository/org/apache/hadoop/hadoop-hdds-container-service/0.5.0-SNAPSHOT/hadoop-hdds-container-service-0.5.0-SNAPSHOT.jar!/webapps/static,AVAILABLE}
2019-09-25 04:06:55,477 [Datanode State Machine Thread - 0] INFO  datanode.InitDatanodeState (InitDatanodeState.java:persistContainerDatanodeDetails(140)) - DatanodeDetails is persisted to /workdir/hadoop-ozone/integration-test/target/test-dir/MiniOzoneClusterImpl-071aaae5-0202-4fb6-b4d6-510014b63779/datanode-0/meta/datanode.id
2019-09-25 04:06:55,481 [Datanode State Machine Thread - 0] INFO  datanode.InitDatanodeState (InitDatanodeState.java:persistContainerDatanodeDetails(140)) - DatanodeDetails is persisted to /workdir/hadoop-ozone/integration-test/target/test-dir/MiniOzoneClusterImpl-071aaae5-0202-4fb6-b4d6-510014b63779/datanode-1/meta/datanode.id
2019-09-25 04:06:55,487 [main] INFO  handler.ContextHandler (ContextHandler.java:doStart(781)) - Started o.e.j.w.WebAppContext@57cb70be{/,file:///tmp/jetty-0.0.0.0-41148-hddsDatanode-_-any-4801640774573252009.dir/webapp/,AVAILABLE}{/hddsDatanode}
2019-09-25 04:06:55,487 [main] INFO  server.AbstractConnector (AbstractConnector.java:doStart(278)) - Started ServerConnector@2d4608a6{HTTP/1.1,[http/1.1]}{0.0.0.0:41148}
2019-09-25 04:06:55,488 [main] INFO  server.Server (Server.java:doStart(419)) - Started @6438ms
2019-09-25 04:06:55,489 [main] WARN  impl.MetricsSystemImpl (MetricsSystemImpl.java:register(276)) - Sink prometheus already exists!
2019-09-25 04:06:55,489 [main] INFO  server.BaseHttpServer (BaseHttpServer.java:updateConnectorAddress(215)) - HTTP server of HDDSDATANODE is listening at http://0.0.0.0:41148
2019-09-25 04:06:55,490 [main] INFO  impl.MetricsSystemImpl (MetricsSystemImpl.java:init(158)) - HddsDatanode metrics system started (again)
2019-09-25 04:06:55,492 [main] INFO  ozone.HddsDatanodeService (HddsDatanodeService.java:start(184)) - HddsDatanodeService host:pr-hdds-1569-zxpks-796972592 ip:192.168.5.161
2019-09-25 04:06:55,492 [org.apache.hadoop.util.JvmPauseMonitor$Monitor@5869e733] INFO  util.JvmPauseMonitor (JvmPauseMonitor.java:run(188)) - Starting JVM pause monitor
2019-09-25 04:06:55,494 [Datanode State Machine Thread - 0] INFO  datanode.InitDatanodeState (InitDatanodeState.java:persistContainerDatanodeDetails(140)) - DatanodeDetails is persisted to /workdir/hadoop-ozone/integration-test/target/test-dir/MiniOzoneClusterImpl-071aaae5-0202-4fb6-b4d6-510014b63779/datanode-2/meta/datanode.id
2019-09-25 04:06:55,498 [main] INFO  volume.HddsVolume (HddsVolume.java:<init>(176)) - Creating Volume: /workdir/hadoop-ozone/integration-test/target/test-dir/MiniOzoneClusterImpl-071aaae5-0202-4fb6-b4d6-510014b63779/datanode-3/data/containers/hdds of  storage type : DISK and capacity : 1482555576320
2019-09-25 04:06:55,499 [main] INFO  volume.VolumeSet (VolumeSet.java:initializeVolumeSet(170)) - Added Volume : /workdir/hadoop-ozone/integration-test/target/test-dir/MiniOzoneClusterImpl-071aaae5-0202-4fb6-b4d6-510014b63779/datanode-3/data/containers/hdds to VolumeSet
2019-09-25 04:06:55,499 [main] INFO  volume.ThrottledAsyncChecker (ThrottledAsyncChecker.java:schedule(139)) - Scheduling a check for org.apache.hadoop.ozone.container.common.volume.HddsVolume@2e1ddc90
2019-09-25 04:06:55,499 [main] INFO  volume.HddsVolumeChecker (HddsVolumeChecker.java:checkAllVolumes(202)) - Scheduled health check for volume org.apache.hadoop.ozone.container.common.volume.HddsVolume@2e1ddc90
2019-09-25 04:06:55,512 [main] INFO  impl.RaftServerProxy (ConfUtils.java:logGet(43)) - raft.rpc.type = GRPC (default)
2019-09-25 04:06:55,512 [main] INFO  grpc.GrpcFactory (GrpcFactory.java:checkPooledByteBufAllocatorUseCacheForAllThreads(45)) - PERFORMANCE WARNING: useCacheForAllThreads is true that may cause Netty to create a lot garbage objects and, as a result, trigger GC.
	It is recommended to disable useCacheForAllThreads by setting -Dorg.apache.ratis.thirdparty.io.netty.allocator.useCacheForAllThreads=false in command line.
2019-09-25 04:06:55,512 [main] INFO  grpc.GrpcConfigKeys$Server (ConfUtils.java:logGet(43)) - raft.grpc.server.port = 0 (default)
2019-09-25 04:06:55,513 [main] INFO  server.GrpcService (ConfUtils.java:logGet(43)) - raft.grpc.message.size.max = 33570816 (custom)
2019-09-25 04:06:55,513 [main] INFO  server.RaftServerConfigKeys (ConfUtils.java:logGet(43)) - raft.server.log.appender.buffer.byte-limit = 33554432 (custom)
2019-09-25 04:06:55,513 [main] INFO  server.GrpcService (ConfUtils.java:logGet(43)) - raft.grpc.flow.control.window = 1MB (=1048576) (default)
2019-09-25 04:06:55,513 [main] INFO  server.RaftServerConfigKeys (ConfUtils.java:logGet(43)) - raft.server.rpc.request.timeout = 3000ms (default)
2019-09-25 04:06:55,514 [main] INFO  server.RaftServerConfigKeys (ConfUtils.java:logGet(43)) - raft.server.storage.dir = [/workdir/hadoop-ozone/integration-test/target/test-dir/MiniOzoneClusterImpl-071aaae5-0202-4fb6-b4d6-510014b63779/datanode-3/data/ratis] (custom)
2019-09-25 04:06:55,515 [main] INFO  hdfs.DFSUtil (DFSUtil.java:httpServerTemplateForNNAndJN(1641)) - Starting Web-server for hddsDatanode at: http://0.0.0.0:0
2019-09-25 04:06:55,516 [main] INFO  server.AuthenticationFilter (AuthenticationFilter.java:constructSecretProvider(240)) - Unable to initialize FileSignerSecretProvider, falling back to use random secrets.
2019-09-25 04:06:55,517 [main] WARN  http.HttpRequestLog (HttpRequestLog.java:getRequestLog(97)) - Jetty request log can only be enabled using Log4j
2019-09-25 04:06:55,518 [main] INFO  http.HttpServer2 (HttpServer2.java:addGlobalFilter(975)) - Added global filter 'safety' (class=org.apache.hadoop.http.HttpServer2$QuotingInputFilter)
2019-09-25 04:06:55,519 [main] INFO  http.HttpServer2 (HttpServer2.java:addFilter(948)) - Added filter static_user_filter (class=org.apache.hadoop.http.lib.StaticUserWebFilter$StaticUserFilter) to context hddsDatanode
2019-09-25 04:06:55,519 [main] INFO  http.HttpServer2 (HttpServer2.java:addFilter(958)) - Added filter static_user_filter (class=org.apache.hadoop.http.lib.StaticUserWebFilter$StaticUserFilter) to context logs
2019-09-25 04:06:55,519 [main] INFO  http.HttpServer2 (HttpServer2.java:addFilter(958)) - Added filter static_user_filter (class=org.apache.hadoop.http.lib.StaticUserWebFilter$StaticUserFilter) to context static
2019-09-25 04:06:55,520 [main] INFO  http.HttpServer2 (HttpServer2.java:bindListener(1191)) - Jetty bound to port 45965
2019-09-25 04:06:55,520 [main] INFO  server.Server (Server.java:doStart(351)) - jetty-9.3.25.v20180904, build timestamp: 2018-09-04T21:11:46Z, git hash: 3ce520221d0240229c862b122d2b06c12a625732
2019-09-25 04:06:55,523 [main] INFO  handler.ContextHandler (ContextHandler.java:doStart(781)) - Started o.e.j.s.ServletContextHandler@48976e6d{/logs,file:///workdir/hadoop-ozone/integration-test/target/log,AVAILABLE}
2019-09-25 04:06:55,524 [main] INFO  handler.ContextHandler (ContextHandler.java:doStart(781)) - Started o.e.j.s.ServletContextHandler@7f6874f2{/static,jar:file:/home/user/.m2/repository/org/apache/hadoop/hadoop-hdds-container-service/0.5.0-SNAPSHOT/hadoop-hdds-container-service-0.5.0-SNAPSHOT.jar!/webapps/static,AVAILABLE}
2019-09-25 04:06:55,552 [main] INFO  handler.ContextHandler (ContextHandler.java:doStart(781)) - Started o.e.j.w.WebAppContext@670b3ca{/,file:///tmp/jetty-0.0.0.0-45965-hddsDatanode-_-any-4821172439285570626.dir/webapp/,AVAILABLE}{/hddsDatanode}
2019-09-25 04:06:55,553 [main] INFO  server.AbstractConnector (AbstractConnector.java:doStart(278)) - Started ServerConnector@24a86066{HTTP/1.1,[http/1.1]}{0.0.0.0:45965}
2019-09-25 04:06:55,553 [main] INFO  server.Server (Server.java:doStart(419)) - Started @6503ms
2019-09-25 04:06:55,554 [main] WARN  impl.MetricsSystemImpl (MetricsSystemImpl.java:register(276)) - Sink prometheus already exists!
2019-09-25 04:06:55,555 [main] INFO  server.BaseHttpServer (BaseHttpServer.java:updateConnectorAddress(215)) - HTTP server of HDDSDATANODE is listening at http://0.0.0.0:45965
2019-09-25 04:06:55,556 [main] INFO  ozone.MiniOzoneClusterImpl (MiniOzoneClusterImpl.java:lambda$waitForClusterToBeReady$0(147)) - Waiting for cluster to be ready. Got 0 of 4 DN Heartbeats.
2019-09-25 04:06:55,557 [org.apache.hadoop.util.JvmPauseMonitor$Monitor@51d48162] INFO  util.JvmPauseMonitor (JvmPauseMonitor.java:run(188)) - Starting JVM pause monitor
2019-09-25 04:06:55,560 [Datanode State Machine Thread - 0] INFO  datanode.InitDatanodeState (InitDatanodeState.java:persistContainerDatanodeDetails(140)) - DatanodeDetails is persisted to /workdir/hadoop-ozone/integration-test/target/test-dir/MiniOzoneClusterImpl-071aaae5-0202-4fb6-b4d6-510014b63779/datanode-3/meta/datanode.id
2019-09-25 04:06:55,770 [Thread-95] INFO  impl.FollowerState (FollowerState.java:run(106)) - 107e6fea-c6fc-4810-8867-57ad03542378:group-C5BA1605619E changes to CANDIDATE, lastRpcTime:1011, electionTimeout:1010ms
2019-09-25 04:06:55,774 [Thread-95] INFO  impl.RoleInfo (RoleInfo.java:shutdownFollowerState(121)) - 107e6fea-c6fc-4810-8867-57ad03542378: shutdown FollowerState
2019-09-25 04:06:55,774 [Thread-95] INFO  impl.RaftServerImpl (RaftServerImpl.java:setRole(174)) - 107e6fea-c6fc-4810-8867-57ad03542378@group-C5BA1605619E: changes role from  FOLLOWER to CANDIDATE at term 0 for changeToCandidate
2019-09-25 04:06:55,779 [Thread-95] INFO  impl.RoleInfo (RoleInfo.java:updateAndGet(143)) - 107e6fea-c6fc-4810-8867-57ad03542378: start LeaderElection
2019-09-25 04:06:55,795 [107e6fea-c6fc-4810-8867-57ad03542378@group-C5BA1605619E:LeaderElection1] INFO  impl.LeaderElection (LeaderElection.java:askForVotes(182)) - 107e6fea-c6fc-4810-8867-57ad03542378@group-C5BA1605619E:LeaderElection1: begin an election at term 1 for -1: [107e6fea-c6fc-4810-8867-57ad03542378:localhost:9872], old=null
2019-09-25 04:06:55,797 [107e6fea-c6fc-4810-8867-57ad03542378@group-C5BA1605619E:LeaderElection1] INFO  impl.RoleInfo (RoleInfo.java:shutdownLeaderElection(134)) - 107e6fea-c6fc-4810-8867-57ad03542378: shutdown LeaderElection
2019-09-25 04:06:55,798 [107e6fea-c6fc-4810-8867-57ad03542378@group-C5BA1605619E:LeaderElection1] INFO  impl.RaftServerImpl (RaftServerImpl.java:setRole(174)) - 107e6fea-c6fc-4810-8867-57ad03542378@group-C5BA1605619E: changes role from CANDIDATE to LEADER at term 1 for changeToLeader
2019-09-25 04:06:55,798 [107e6fea-c6fc-4810-8867-57ad03542378@group-C5BA1605619E:LeaderElection1] INFO  impl.RaftServerImpl (ServerState.java:setLeader(253)) - 107e6fea-c6fc-4810-8867-57ad03542378@group-C5BA1605619E: change Leader from null to 107e6fea-c6fc-4810-8867-57ad03542378 at term 1 for becomeLeader, leader elected after 1155ms
2019-09-25 04:06:55,807 [107e6fea-c6fc-4810-8867-57ad03542378@group-C5BA1605619E:LeaderElection1] INFO  server.RaftServerConfigKeys (ConfUtils.java:logGet(43)) - raft.server.staging.catchup.gap = 1000 (default)
2019-09-25 04:06:55,808 [107e6fea-c6fc-4810-8867-57ad03542378@group-C5BA1605619E:LeaderElection1] INFO  server.RaftServerConfigKeys (ConfUtils.java:logGet(43)) - raft.server.rpc.sleep.time = 25ms (default)
2019-09-25 04:06:55,811 [107e6fea-c6fc-4810-8867-57ad03542378@group-C5BA1605619E:LeaderElection1] INFO  server.RaftServerConfigKeys (ConfUtils.java:logGet(43)) - raft.server.write.element-limit = 4096 (default)
2019-09-25 04:06:55,814 [107e6fea-c6fc-4810-8867-57ad03542378@group-C5BA1605619E:LeaderElection1] INFO  server.RaftServerConfigKeys (ConfUtils.java:logGet(43)) - raft.server.watch.timeout = 10s (default)
2019-09-25 04:06:55,814 [107e6fea-c6fc-4810-8867-57ad03542378@group-C5BA1605619E:LeaderElection1] INFO  server.RaftServerConfigKeys (ConfUtils.java:logGet(43)) - raft.server.watch.timeout.denomination = 1s (default)
2019-09-25 04:06:55,815 [107e6fea-c6fc-4810-8867-57ad03542378@group-C5BA1605619E:LeaderElection1] INFO  server.RaftServerConfigKeys (ConfUtils.java:logGet(43)) - raft.server.watch.element-limit = 65536 (default)
2019-09-25 04:06:55,857 [107e6fea-c6fc-4810-8867-57ad03542378@group-C5BA1605619E:LeaderElection1] INFO  impl.RoleInfo (RoleInfo.java:updateAndGet(143)) - 107e6fea-c6fc-4810-8867-57ad03542378: start LeaderState
2019-09-25 04:06:55,891 [107e6fea-c6fc-4810-8867-57ad03542378@group-C5BA1605619E:LeaderElection1] INFO  segmented.SegmentedRaftLogWorker (SegmentedRaftLogWorker.java:startLogSegment(380)) - 107e6fea-c6fc-4810-8867-57ad03542378@group-C5BA1605619E-SegmentedRaftLogWorker: Starting segment from index:0
2019-09-25 04:06:55,912 [107e6fea-c6fc-4810-8867-57ad03542378@group-C5BA1605619E:LeaderElection1] INFO  impl.RaftServerImpl (ServerState.java:setRaftConf(354)) - 107e6fea-c6fc-4810-8867-57ad03542378@group-C5BA1605619E: set configuration 0: [107e6fea-c6fc-4810-8867-57ad03542378:localhost:9872], old=null at 0
2019-09-25 04:06:56,048 [107e6fea-c6fc-4810-8867-57ad03542378@group-C5BA1605619E-SegmentedRaftLogWorker] INFO  segmented.SegmentedRaftLogWorker (SegmentedRaftLogWorker.java:execute(569)) - 107e6fea-c6fc-4810-8867-57ad03542378@group-C5BA1605619E-SegmentedRaftLogWorker: created new log segment /workdir/hadoop-ozone/integration-test/target/test-dir/MiniOzoneClusterImpl-071aaae5-0202-4fb6-b4d6-510014b63779/ozone-meta/ratis/bf265839-605b-3f16-9796-c5ba1605619e/current/log_inprogress_0
2019-09-25 04:06:56,557 [main] INFO  ozone.MiniOzoneClusterImpl (MiniOzoneClusterImpl.java:lambda$waitForClusterToBeReady$0(147)) - Waiting for cluster to be ready. Got 0 of 4 DN Heartbeats.
2019-09-25 04:06:57,403 [Datanode State Machine Thread - 0] INFO  ozoneimpl.OzoneContainer (OzoneContainer.java:start(217)) - Attempting to start container services.
2019-09-25 04:06:57,406 [Datanode State Machine Thread - 0] INFO  ozoneimpl.OzoneContainer (OzoneContainer.java:startContainerScrub(179)) - Background container scanner has been disabled.
2019-09-25 04:06:57,406 [Datanode State Machine Thread - 0] INFO  ratis.XceiverServerRatis (XceiverServerRatis.java:start(411)) - Starting XceiverServerRatis a428e86c-e33b-49db-aa7c-e41d27951dea at port 0
2019-09-25 04:06:57,414 [Datanode State Machine Thread - 0] INFO  impl.RaftServerProxy (RaftServerProxy.java:lambda$start$3(299)) - a428e86c-e33b-49db-aa7c-e41d27951dea: start RPC server
2019-09-25 04:06:57,418 [Datanode State Machine Thread - 0] INFO  server.GrpcService (GrpcService.java:startImpl(158)) - a428e86c-e33b-49db-aa7c-e41d27951dea: GrpcService started, listening on 0.0.0.0/0.0.0.0:43255
2019-09-25 04:06:57,419 [Datanode State Machine Thread - 0] INFO  ratis.XceiverServerRatis (XceiverServerRatis.java:start(421)) - XceiverServerRatis a428e86c-e33b-49db-aa7c-e41d27951dea is started using port 43255
2019-09-25 04:06:57,422 [Datanode State Machine Thread - 0] INFO  server.XceiverServerGrpc (XceiverServerGrpc.java:start(149)) - XceiverServerGrpc a428e86c-e33b-49db-aa7c-e41d27951dea is started using port 34127
2019-09-25 04:06:57,441 [Datanode State Machine Thread - 0] INFO  ozoneimpl.OzoneContainer (OzoneContainer.java:start(217)) - Attempting to start container services.
2019-09-25 04:06:57,447 [Datanode State Machine Thread - 0] INFO  ozoneimpl.OzoneContainer (OzoneContainer.java:startContainerScrub(179)) - Background container scanner has been disabled.
2019-09-25 04:06:57,447 [Datanode State Machine Thread - 0] INFO  ratis.XceiverServerRatis (XceiverServerRatis.java:start(411)) - Starting XceiverServerRatis 8a92d001-8b3d-4d35-a434-4b4214762be5 at port 0
2019-09-25 04:06:57,456 [Datanode State Machine Thread - 0] INFO  impl.RaftServerProxy (RaftServerProxy.java:lambda$start$3(299)) - 8a92d001-8b3d-4d35-a434-4b4214762be5: start RPC server
2019-09-25 04:06:57,458 [Datanode State Machine Thread - 0] INFO  server.GrpcService (GrpcService.java:startImpl(158)) - 8a92d001-8b3d-4d35-a434-4b4214762be5: GrpcService started, listening on 0.0.0.0/0.0.0.0:36790
2019-09-25 04:06:57,458 [Datanode State Machine Thread - 0] INFO  ratis.XceiverServerRatis (XceiverServerRatis.java:start(421)) - XceiverServerRatis 8a92d001-8b3d-4d35-a434-4b4214762be5 is started using port 36790
2019-09-25 04:06:57,461 [Datanode State Machine Thread - 0] INFO  server.XceiverServerGrpc (XceiverServerGrpc.java:start(149)) - XceiverServerGrpc 8a92d001-8b3d-4d35-a434-4b4214762be5 is started using port 44396
2019-09-25 04:06:57,508 [Datanode State Machine Thread - 0] INFO  ozoneimpl.OzoneContainer (OzoneContainer.java:start(217)) - Attempting to start container services.
2019-09-25 04:06:57,510 [Datanode State Machine Thread - 0] INFO  ozoneimpl.OzoneContainer (OzoneContainer.java:startContainerScrub(179)) - Background container scanner has been disabled.
2019-09-25 04:06:57,510 [Datanode State Machine Thread - 0] INFO  ratis.XceiverServerRatis (XceiverServerRatis.java:start(411)) - Starting XceiverServerRatis 32f4ed37-bf41-4fef-a9ff-904b5f6d48f0 at port 0
2019-09-25 04:06:57,518 [Datanode State Machine Thread - 0] INFO  impl.RaftServerProxy (RaftServerProxy.java:lambda$start$3(299)) - 32f4ed37-bf41-4fef-a9ff-904b5f6d48f0: start RPC server
2019-09-25 04:06:57,520 [Datanode State Machine Thread - 0] INFO  server.GrpcService (GrpcService.java:startImpl(158)) - 32f4ed37-bf41-4fef-a9ff-904b5f6d48f0: GrpcService started, listening on 0.0.0.0/0.0.0.0:33839
2019-09-25 04:06:57,521 [Datanode State Machine Thread - 0] INFO  ratis.XceiverServerRatis (XceiverServerRatis.java:start(421)) - XceiverServerRatis 32f4ed37-bf41-4fef-a9ff-904b5f6d48f0 is started using port 33839
2019-09-25 04:06:57,523 [Datanode State Machine Thread - 0] INFO  server.XceiverServerGrpc (XceiverServerGrpc.java:start(149)) - XceiverServerGrpc 32f4ed37-bf41-4fef-a9ff-904b5f6d48f0 is started using port 39404
2019-09-25 04:06:57,557 [main] INFO  ozone.MiniOzoneClusterImpl (MiniOzoneClusterImpl.java:lambda$waitForClusterToBeReady$0(147)) - Waiting for cluster to be ready. Got 0 of 4 DN Heartbeats.
2019-09-25 04:06:57,572 [Datanode State Machine Thread - 0] INFO  ozoneimpl.OzoneContainer (OzoneContainer.java:start(217)) - Attempting to start container services.
2019-09-25 04:06:57,574 [Datanode State Machine Thread - 0] INFO  ozoneimpl.OzoneContainer (OzoneContainer.java:startContainerScrub(179)) - Background container scanner has been disabled.
2019-09-25 04:06:57,574 [Datanode State Machine Thread - 0] INFO  ratis.XceiverServerRatis (XceiverServerRatis.java:start(411)) - Starting XceiverServerRatis 4af9f0c0-4b30-4554-ac1d-7cbb9398fa07 at port 0
2019-09-25 04:06:57,582 [Datanode State Machine Thread - 0] INFO  impl.RaftServerProxy (RaftServerProxy.java:lambda$start$3(299)) - 4af9f0c0-4b30-4554-ac1d-7cbb9398fa07: start RPC server
2019-09-25 04:06:57,585 [Datanode State Machine Thread - 0] INFO  server.GrpcService (GrpcService.java:startImpl(158)) - 4af9f0c0-4b30-4554-ac1d-7cbb9398fa07: GrpcService started, listening on 0.0.0.0/0.0.0.0:35352
2019-09-25 04:06:57,585 [Datanode State Machine Thread - 0] INFO  ratis.XceiverServerRatis (XceiverServerRatis.java:start(421)) - XceiverServerRatis 4af9f0c0-4b30-4554-ac1d-7cbb9398fa07 is started using port 35352
2019-09-25 04:06:57,587 [Datanode State Machine Thread - 0] INFO  server.XceiverServerGrpc (XceiverServerGrpc.java:start(149)) - XceiverServerGrpc 4af9f0c0-4b30-4554-ac1d-7cbb9398fa07 is started using port 37328
2019-09-25 04:06:58,559 [main] INFO  ozone.MiniOzoneClusterImpl (MiniOzoneClusterImpl.java:lambda$waitForClusterToBeReady$0(147)) - Waiting for cluster to be ready. Got 0 of 4 DN Heartbeats.
2019-09-25 04:06:59,400 [IPC Server handler 1 on 33531] INFO  net.NetworkTopology (NetworkTopologyImpl.java:add(111)) - Added a new node: /rack1/a428e86c-e33b-49db-aa7c-e41d27951dea
2019-09-25 04:06:59,401 [IPC Server handler 1 on 33531] INFO  node.SCMNodeManager (SCMNodeManager.java:register(266)) - Registered Data node : a428e86c-e33b-49db-aa7c-e41d27951dea{ip: 192.168.5.161, host: pr-hdds-1569-zxpks-796972592, networkLocation: /rack1, certSerialId: null}
2019-09-25 04:06:59,405 [EventQueue-NodeRegistrationContainerReportForDataNodeSafeModeRule] INFO  safemode.SCMSafeModeManager (DataNodeSafeModeRule.java:process(71)) - SCM in safe mode. 1 DataNodes registered, 1 required.
2019-09-25 04:06:59,406 [EventQueue-NodeRegistrationContainerReportForDataNodeSafeModeRule] INFO  safemode.SCMSafeModeManager (SCMSafeModeManager.java:validateSafeModeExitRules(177)) - ScmSafeModeManager, all rules are successfully validated
2019-09-25 04:06:59,406 [EventQueue-NodeRegistrationContainerReportForDataNodeSafeModeRule] INFO  safemode.SCMSafeModeManager (SCMSafeModeManager.java:exitSafeMode(193)) - SCM exiting safe mode.
2019-09-25 04:06:59,429 [IPC Server handler 2 on 33531] INFO  net.NetworkTopology (NetworkTopologyImpl.java:add(111)) - Added a new node: /rack1/8a92d001-8b3d-4d35-a434-4b4214762be5
2019-09-25 04:06:59,429 [IPC Server handler 2 on 33531] INFO  node.SCMNodeManager (SCMNodeManager.java:register(266)) - Registered Data node : 8a92d001-8b3d-4d35-a434-4b4214762be5{ip: 192.168.5.161, host: pr-hdds-1569-zxpks-796972592, networkLocation: /rack1, certSerialId: null}
2019-09-25 04:06:59,494 [IPC Server handler 3 on 33531] INFO  net.NetworkTopology (NetworkTopologyImpl.java:add(111)) - Added a new node: /rack1/32f4ed37-bf41-4fef-a9ff-904b5f6d48f0
2019-09-25 04:06:59,495 [IPC Server handler 3 on 33531] INFO  node.SCMNodeManager (SCMNodeManager.java:register(266)) - Registered Data node : 32f4ed37-bf41-4fef-a9ff-904b5f6d48f0{ip: 192.168.5.161, host: pr-hdds-1569-zxpks-796972592, networkLocation: /rack1, certSerialId: null}
2019-09-25 04:06:59,559 [main] INFO  ozone.MiniOzoneClusterImpl (MiniOzoneClusterImpl.java:lambda$waitForClusterToBeReady$0(147)) - Waiting for cluster to be ready. Got 3 of 4 DN Heartbeats.
2019-09-25 04:06:59,560 [IPC Server handler 4 on 33531] INFO  net.NetworkTopology (NetworkTopologyImpl.java:add(111)) - Added a new node: /rack1/4af9f0c0-4b30-4554-ac1d-7cbb9398fa07
2019-09-25 04:06:59,560 [IPC Server handler 4 on 33531] INFO  node.SCMNodeManager (SCMNodeManager.java:register(266)) - Registered Data node : 4af9f0c0-4b30-4554-ac1d-7cbb9398fa07{ip: 192.168.5.161, host: pr-hdds-1569-zxpks-796972592, networkLocation: /rack1, certSerialId: null}
2019-09-25 04:06:59,858 [grpc-default-executor-0] INFO  impl.RaftServerProxy (RaftServerProxy.java:addNew(89)) - a428e86c-e33b-49db-aa7c-e41d27951dea: addNew group-78B3ED59AA77:[a428e86c-e33b-49db-aa7c-e41d27951dea:192.168.5.161:43255] returns group-78B3ED59AA77:java.util.concurrent.CompletableFuture@23096970[Not completed]
2019-09-25 04:06:59,868 [pool-32-thread-1] INFO  impl.RaftServerImpl (RaftServerImpl.java:<init>(95)) - a428e86c-e33b-49db-aa7c-e41d27951dea: new RaftServerImpl for group-78B3ED59AA77:[a428e86c-e33b-49db-aa7c-e41d27951dea:192.168.5.161:43255] with ContainerStateMachine:uninitialized
2019-09-25 04:06:59,870 [pool-32-thread-1] INFO  server.RaftServerConfigKeys (ConfUtils.java:logGet(43)) - raft.server.rpc.timeout.min = 5s (custom)
2019-09-25 04:06:59,870 [pool-32-thread-1] INFO  server.RaftServerConfigKeys (ConfUtils.java:logGet(43)) - raft.server.rpc.timeout.max = 5200ms (custom)
2019-09-25 04:06:59,870 [pool-32-thread-1] INFO  server.RaftServerConfigKeys (ConfUtils.java:logGet(43)) - raft.server.rpcslowness.timeout = 120s (custom)
2019-09-25 04:06:59,870 [pool-32-thread-1] INFO  server.RaftServerConfigKeys (ConfUtils.java:logGet(43)) - raft.server.sleep.deviation.threshold = 300 (default)
2019-09-25 04:06:59,870 [pool-32-thread-1] INFO  server.RaftServerConfigKeys (ConfUtils.java:logGet(43)) - raft.server.log.appender.install.snapshot.enabled = false (custom)
2019-09-25 04:06:59,870 [pool-32-thread-1] INFO  impl.RaftServerImpl (ServerState.java:<init>(103)) - a428e86c-e33b-49db-aa7c-e41d27951dea@group-78B3ED59AA77: ConfigurationManager, init=-1: [a428e86c-e33b-49db-aa7c-e41d27951dea:192.168.5.161:43255], old=null, confs=<EMPTY_MAP>
2019-09-25 04:06:59,871 [pool-32-thread-1] INFO  server.RaftServerConfigKeys (ConfUtils.java:logGet(43)) - raft.server.storage.dir = [/workdir/hadoop-ozone/integration-test/target/test-dir/MiniOzoneClusterImpl-071aaae5-0202-4fb6-b4d6-510014b63779/datanode-0/data/ratis] (custom)
2019-09-25 04:06:59,871 [pool-32-thread-1] INFO  storage.RaftStorageDirectory (RaftStorageDirectory.java:analyzeStorage(246)) - The storage directory /workdir/hadoop-ozone/integration-test/target/test-dir/MiniOzoneClusterImpl-071aaae5-0202-4fb6-b4d6-510014b63779/datanode-0/data/ratis/33ea19c4-c63c-4a18-bb2d-78b3ed59aa77 does not exist. Creating ...
2019-09-25 04:06:59,885 [pool-32-thread-1] INFO  storage.RaftStorageDirectory (RaftStorageDirectory.java:tryLock(328)) - Lock on /workdir/hadoop-ozone/integration-test/target/test-dir/MiniOzoneClusterImpl-071aaae5-0202-4fb6-b4d6-510014b63779/datanode-0/data/ratis/33ea19c4-c63c-4a18-bb2d-78b3ed59aa77/in_use.lock acquired by nodename 11616@pr-hdds-1569-zxpks-796972592
2019-09-25 04:06:59,898 [pool-32-thread-1] INFO  storage.RaftStorage (RaftStorage.java:format(72)) - Storage directory /workdir/hadoop-ozone/integration-test/target/test-dir/MiniOzoneClusterImpl-071aaae5-0202-4fb6-b4d6-510014b63779/datanode-0/data/ratis/33ea19c4-c63c-4a18-bb2d-78b3ed59aa77 has been successfully formatted.
2019-09-25 04:06:59,900 [pool-32-thread-1] INFO  ratis.ContainerStateMachine (ContainerStateMachine.java:loadSnapshot(230)) - group-78B3ED59AA77: The snapshot info is null. Setting the last applied indexto:(t:0, i:~)
2019-09-25 04:06:59,900 [pool-32-thread-1] INFO  server.RaftServerConfigKeys (ConfUtils.java:logGet(43)) - raft.server.notification.no-leader.timeout = 120s (custom)
2019-09-25 04:06:59,900 [pool-32-thread-1] INFO  server.RaftServerConfigKeys (ConfUtils.java:logGet(43)) - raft.server.log.use.memory = false (default)
2019-09-25 04:06:59,901 [pool-32-thread-1] INFO  server.RaftServerConfigKeys (ConfUtils.java:logGet(43)) - raft.server.log.purge.gap = 1000000 (custom)
2019-09-25 04:06:59,901 [pool-32-thread-1] INFO  server.RaftServerConfigKeys (ConfUtils.java:logGet(43)) - raft.server.log.appender.buffer.byte-limit = 33554432 (custom)
2019-09-25 04:06:59,901 [pool-32-thread-1] INFO  server.RaftServerConfigKeys (ConfUtils.java:logGet(43)) - raft.server.log.segment.size.max = 1048576 (custom)
2019-09-25 04:06:59,901 [pool-32-thread-1] INFO  server.RaftServerConfigKeys (ConfUtils.java:logGet(43)) - raft.server.log.segment.cache.num.max = 2 (custom)
2019-09-25 04:06:59,901 [pool-32-thread-1] INFO  segmented.SegmentedRaftLogWorker (SegmentedRaftLogWorker.java:<init>(172)) - new a428e86c-e33b-49db-aa7c-e41d27951dea@group-78B3ED59AA77-SegmentedRaftLogWorker for RaftStorage:Storage Directory /workdir/hadoop-ozone/integration-test/target/test-dir/MiniOzoneClusterImpl-071aaae5-0202-4fb6-b4d6-510014b63779/datanode-0/data/ratis/33ea19c4-c63c-4a18-bb2d-78b3ed59aa77
2019-09-25 04:06:59,932 [pool-32-thread-1] INFO  server.RaftServerConfigKeys (ConfUtils.java:logGet(43)) - raft.server.log.queue.byte-limit = 2147483647 (custom)
2019-09-25 04:06:59,932 [pool-32-thread-1] INFO  server.RaftServerConfigKeys (ConfUtils.java:logGet(43)) - raft.server.log.queue.element-limit = 1024 (custom)
2019-09-25 04:06:59,932 [pool-32-thread-1] INFO  server.RaftServerConfigKeys (ConfUtils.java:logGet(43)) - raft.server.log.segment.size.max = 1048576 (custom)
2019-09-25 04:06:59,932 [pool-32-thread-1] INFO  server.RaftServerConfigKeys (ConfUtils.java:logGet(43)) - raft.server.log.preallocated.size = 16384 (custom)
2019-09-25 04:06:59,932 [pool-32-thread-1] INFO  server.RaftServerConfigKeys (ConfUtils.java:logGet(43)) - raft.server.log.write.buffer.size = 33554432 (custom)
2019-09-25 04:06:59,933 [pool-32-thread-1] INFO  server.RaftServerConfigKeys (ConfUtils.java:logGet(43)) - raft.server.log.force.sync.num = 128 (default)
2019-09-25 04:06:59,933 [pool-32-thread-1] INFO  server.RaftServerConfigKeys (ConfUtils.java:logGet(43)) - raft.server.log.statemachine.data.sync = true (default)
2019-09-25 04:06:59,933 [pool-32-thread-1] INFO  server.RaftServerConfigKeys (ConfUtils.java:logGet(43)) - raft.server.log.statemachine.data.sync.timeout = 10s (default)
2019-09-25 04:06:59,933 [pool-32-thread-1] INFO  server.RaftServerConfigKeys (ConfUtils.java:logGet(43)) - raft.server.log.statemachine.data.sync.timeout.retry = -1 (default)
2019-09-25 04:06:59,933 [pool-32-thread-1] INFO  server.RaftServerConfigKeys (ConfUtils.java:logGet(43)) - raft.server.log.statemachine.data.caching.enabled = true (custom)
2019-09-25 04:06:59,934 [pool-32-thread-1] INFO  segmented.SegmentedRaftLogWorker (SegmentedRaftLogWorker.java:lambda$new$0(132)) - a428e86c-e33b-49db-aa7c-e41d27951dea@group-78B3ED59AA77-SegmentedRaftLogWorker: flushIndex: setUnconditionally 0 -> -1
2019-09-25 04:06:59,934 [pool-32-thread-1] INFO  server.RaftServerConfigKeys (ConfUtils.java:logGet(43)) - raft.server.snapshot.auto.trigger.enabled = true (custom)
2019-09-25 04:06:59,934 [pool-32-thread-1] INFO  server.RaftServerConfigKeys (ConfUtils.java:logGet(43)) - raft.server.snapshot.auto.trigger.threshold = 10000 (custom)
2019-09-25 04:06:59,934 [pool-32-thread-1] INFO  server.RaftServerConfigKeys (ConfUtils.java:logGet(43)) - raft.server.snapshot.retention.num.files = 5 (custom)
2019-09-25 04:06:59,935 [pool-32-thread-1] INFO  server.RaftServerConfigKeys (ConfUtils.java:logGet(43)) - raft.server.retrycache.expirytime = 600000ms (custom)
2019-09-25 04:06:59,939 [pool-32-thread-1] INFO  impl.RaftServerImpl (RaftServerImpl.java:start(185)) - a428e86c-e33b-49db-aa7c-e41d27951dea@group-78B3ED59AA77: start as a follower, conf=-1: [a428e86c-e33b-49db-aa7c-e41d27951dea:192.168.5.161:43255], old=null
2019-09-25 04:06:59,939 [pool-32-thread-1] INFO  impl.RaftServerImpl (RaftServerImpl.java:setRole(174)) - a428e86c-e33b-49db-aa7c-e41d27951dea@group-78B3ED59AA77: changes role from      null to FOLLOWER at term 0 for startAsFollower
2019-09-25 04:06:59,939 [pool-32-thread-1] INFO  impl.RoleInfo (RoleInfo.java:updateAndGet(143)) - a428e86c-e33b-49db-aa7c-e41d27951dea: start FollowerState
2019-09-25 04:06:59,940 [pool-32-thread-1] INFO  util.JmxRegister (JmxRegister.java:tryRegister(44)) - Successfully registered JMX Bean with object name Ratis:service=RaftServer,group=group-78B3ED59AA77,id=a428e86c-e33b-49db-aa7c-e41d27951dea
2019-09-25 04:07:00,014 [RatisPipelineUtilsThread] INFO  pipeline.PipelineStateManager (PipelineStateManager.java:addPipeline(56)) - Created pipeline Pipeline[ Id: 33ea19c4-c63c-4a18-bb2d-78b3ed59aa77, Nodes: a428e86c-e33b-49db-aa7c-e41d27951dea{ip: 192.168.5.161, host: pr-hdds-1569-zxpks-796972592, networkLocation: /rack1, certSerialId: null}, Type:RATIS, Factor:ONE, State:OPEN]
2019-09-25 04:07:00,037 [grpc-default-executor-0] INFO  impl.RaftServerProxy (RaftServerProxy.java:addNew(89)) - a428e86c-e33b-49db-aa7c-e41d27951dea: addNew group-8C653266E5AE:[a428e86c-e33b-49db-aa7c-e41d27951dea:192.168.5.161:43255] returns group-8C653266E5AE:java.util.concurrent.CompletableFuture@699371ad[Not completed]
2019-09-25 04:07:00,038 [pool-32-thread-1] INFO  impl.RaftServerImpl (RaftServerImpl.java:<init>(95)) - a428e86c-e33b-49db-aa7c-e41d27951dea: new RaftServerImpl for group-8C653266E5AE:[a428e86c-e33b-49db-aa7c-e41d27951dea:192.168.5.161:43255] with ContainerStateMachine:uninitialized
2019-09-25 04:07:00,038 [pool-32-thread-1] INFO  server.RaftServerConfigKeys (ConfUtils.java:logGet(43)) - raft.server.rpc.timeout.min = 5s (custom)
2019-09-25 04:07:00,039 [pool-32-thread-1] INFO  server.RaftServerConfigKeys (ConfUtils.java:logGet(43)) - raft.server.rpc.timeout.max = 5200ms (custom)
2019-09-25 04:07:00,039 [pool-32-thread-1] INFO  server.RaftServerConfigKeys (ConfUtils.java:logGet(43)) - raft.server.rpcslowness.timeout = 120s (custom)
2019-09-25 04:07:00,039 [pool-32-thread-1] INFO  server.RaftServerConfigKeys (ConfUtils.java:logGet(43)) - raft.server.sleep.deviation.threshold = 300 (default)
2019-09-25 04:07:00,039 [pool-32-thread-1] INFO  server.RaftServerConfigKeys (ConfUtils.java:logGet(43)) - raft.server.log.appender.install.snapshot.enabled = false (custom)
2019-09-25 04:07:00,039 [pool-32-thread-1] INFO  impl.RaftServerImpl (ServerState.java:<init>(103)) - a428e86c-e33b-49db-aa7c-e41d27951dea@group-8C653266E5AE: ConfigurationManager, init=-1: [a428e86c-e33b-49db-aa7c-e41d27951dea:192.168.5.161:43255], old=null, confs=<EMPTY_MAP>
2019-09-25 04:07:00,039 [pool-32-thread-1] INFO  server.RaftServerConfigKeys (ConfUtils.java:logGet(43)) - raft.server.storage.dir = [/workdir/hadoop-ozone/integration-test/target/test-dir/MiniOzoneClusterImpl-071aaae5-0202-4fb6-b4d6-510014b63779/datanode-0/data/ratis] (custom)
2019-09-25 04:07:00,039 [pool-32-thread-1] INFO  storage.RaftStorageDirectory (RaftStorageDirectory.java:analyzeStorage(246)) - The storage directory /workdir/hadoop-ozone/integration-test/target/test-dir/MiniOzoneClusterImpl-071aaae5-0202-4fb6-b4d6-510014b63779/datanode-0/data/ratis/6f88ef89-e8c5-4e77-8a17-8c653266e5ae does not exist. Creating ...
2019-09-25 04:07:00,052 [pool-32-thread-1] INFO  storage.RaftStorageDirectory (RaftStorageDirectory.java:tryLock(328)) - Lock on /workdir/hadoop-ozone/integration-test/target/test-dir/MiniOzoneClusterImpl-071aaae5-0202-4fb6-b4d6-510014b63779/datanode-0/data/ratis/6f88ef89-e8c5-4e77-8a17-8c653266e5ae/in_use.lock acquired by nodename 11616@pr-hdds-1569-zxpks-796972592
2019-09-25 04:07:00,065 [pool-32-thread-1] INFO  storage.RaftStorage (RaftStorage.java:format(72)) - Storage directory /workdir/hadoop-ozone/integration-test/target/test-dir/MiniOzoneClusterImpl-071aaae5-0202-4fb6-b4d6-510014b63779/datanode-0/data/ratis/6f88ef89-e8c5-4e77-8a17-8c653266e5ae has been successfully formatted.
2019-09-25 04:07:00,066 [pool-32-thread-1] INFO  ratis.ContainerStateMachine (ContainerStateMachine.java:loadSnapshot(230)) - group-8C653266E5AE: The snapshot info is null. Setting the last applied indexto:(t:0, i:~)
2019-09-25 04:07:00,066 [pool-32-thread-1] INFO  server.RaftServerConfigKeys (ConfUtils.java:logGet(43)) - raft.server.notification.no-leader.timeout = 120s (custom)
2019-09-25 04:07:00,066 [pool-32-thread-1] INFO  server.RaftServerConfigKeys (ConfUtils.java:logGet(43)) - raft.server.log.use.memory = false (default)
2019-09-25 04:07:00,066 [pool-32-thread-1] INFO  server.RaftServerConfigKeys (ConfUtils.java:logGet(43)) - raft.server.log.purge.gap = 1000000 (custom)
2019-09-25 04:07:00,066 [pool-32-thread-1] INFO  server.RaftServerConfigKeys (ConfUtils.java:logGet(43)) - raft.server.log.appender.buffer.byte-limit = 33554432 (custom)
2019-09-25 04:07:00,066 [pool-32-thread-1] INFO  server.RaftServerConfigKeys (ConfUtils.java:logGet(43)) - raft.server.log.segment.size.max = 1048576 (custom)
2019-09-25 04:07:00,066 [pool-32-thread-1] INFO  server.RaftServerConfigKeys (ConfUtils.java:logGet(43)) - raft.server.log.segment.cache.num.max = 2 (custom)
2019-09-25 04:07:00,066 [pool-32-thread-1] INFO  segmented.SegmentedRaftLogWorker (SegmentedRaftLogWorker.java:<init>(172)) - new a428e86c-e33b-49db-aa7c-e41d27951dea@group-8C653266E5AE-SegmentedRaftLogWorker for RaftStorage:Storage Directory /workdir/hadoop-ozone/integration-test/target/test-dir/MiniOzoneClusterImpl-071aaae5-0202-4fb6-b4d6-510014b63779/datanode-0/data/ratis/6f88ef89-e8c5-4e77-8a17-8c653266e5ae
2019-09-25 04:07:00,067 [pool-32-thread-1] INFO  server.RaftServerConfigKeys (ConfUtils.java:logGet(43)) - raft.server.log.queue.byte-limit = 2147483647 (custom)
2019-09-25 04:07:00,067 [pool-32-thread-1] INFO  server.RaftServerConfigKeys (ConfUtils.java:logGet(43)) - raft.server.log.queue.element-limit = 1024 (custom)
2019-09-25 04:07:00,067 [pool-32-thread-1] INFO  server.RaftServerConfigKeys (ConfUtils.java:logGet(43)) - raft.server.log.segment.size.max = 1048576 (custom)
2019-09-25 04:07:00,067 [pool-32-thread-1] INFO  server.RaftServerConfigKeys (ConfUtils.java:logGet(43)) - raft.server.log.preallocated.size = 16384 (custom)
2019-09-25 04:07:00,067 [pool-32-thread-1] INFO  server.RaftServerConfigKeys (ConfUtils.java:logGet(43)) - raft.server.log.write.buffer.size = 33554432 (custom)
2019-09-25 04:07:00,067 [pool-32-thread-1] INFO  server.RaftServerConfigKeys (ConfUtils.java:logGet(43)) - raft.server.log.force.sync.num = 128 (default)
2019-09-25 04:07:00,067 [pool-32-thread-1] INFO  server.RaftServerConfigKeys (ConfUtils.java:logGet(43)) - raft.server.log.statemachine.data.sync = true (default)
2019-09-25 04:07:00,067 [pool-32-thread-1] INFO  server.RaftServerConfigKeys (ConfUtils.java:logGet(43)) - raft.server.log.statemachine.data.sync.timeout = 10s (default)
2019-09-25 04:07:00,068 [pool-32-thread-1] INFO  server.RaftServerConfigKeys (ConfUtils.java:logGet(43)) - raft.server.log.statemachine.data.sync.timeout.retry = -1 (default)
2019-09-25 04:07:00,068 [pool-32-thread-1] INFO  server.RaftServerConfigKeys (ConfUtils.java:logGet(43)) - raft.server.log.statemachine.data.caching.enabled = true (custom)
2019-09-25 04:07:00,068 [pool-32-thread-1] INFO  segmented.SegmentedRaftLogWorker (SegmentedRaftLogWorker.java:lambda$new$0(132)) - a428e86c-e33b-49db-aa7c-e41d27951dea@group-8C653266E5AE-SegmentedRaftLogWorker: flushIndex: setUnconditionally 0 -> -1
2019-09-25 04:07:00,068 [pool-32-thread-1] INFO  server.RaftServerConfigKeys (ConfUtils.java:logGet(43)) - raft.server.snapshot.auto.trigger.enabled = true (custom)
2019-09-25 04:07:00,068 [pool-32-thread-1] INFO  server.RaftServerConfigKeys (ConfUtils.java:logGet(43)) - raft.server.snapshot.auto.trigger.threshold = 10000 (custom)
2019-09-25 04:07:00,068 [pool-32-thread-1] INFO  server.RaftServerConfigKeys (ConfUtils.java:logGet(43)) - raft.server.snapshot.retention.num.files = 5 (custom)
2019-09-25 04:07:00,069 [pool-32-thread-1] INFO  server.RaftServerConfigKeys (ConfUtils.java:logGet(43)) - raft.server.retrycache.expirytime = 600000ms (custom)
2019-09-25 04:07:00,072 [pool-32-thread-1] INFO  impl.RaftServerImpl (RaftServerImpl.java:start(185)) - a428e86c-e33b-49db-aa7c-e41d27951dea@group-8C653266E5AE: start as a follower, conf=-1: [a428e86c-e33b-49db-aa7c-e41d27951dea:192.168.5.161:43255], old=null
2019-09-25 04:07:00,072 [pool-32-thread-1] INFO  impl.RaftServerImpl (RaftServerImpl.java:setRole(174)) - a428e86c-e33b-49db-aa7c-e41d27951dea@group-8C653266E5AE: changes role from      null to FOLLOWER at term 0 for startAsFollower
2019-09-25 04:07:00,072 [pool-32-thread-1] INFO  impl.RoleInfo (RoleInfo.java:updateAndGet(143)) - a428e86c-e33b-49db-aa7c-e41d27951dea: start FollowerState
2019-09-25 04:07:00,073 [pool-32-thread-1] INFO  util.JmxRegister (JmxRegister.java:tryRegister(44)) - Successfully registered JMX Bean with object name Ratis:service=RaftServer,group=group-8C653266E5AE,id=a428e86c-e33b-49db-aa7c-e41d27951dea
2019-09-25 04:07:00,083 [RatisPipelineUtilsThread] INFO  pipeline.PipelineStateManager (PipelineStateManager.java:addPipeline(56)) - Created pipeline Pipeline[ Id: 6f88ef89-e8c5-4e77-8a17-8c653266e5ae, Nodes: a428e86c-e33b-49db-aa7c-e41d27951dea{ip: 192.168.5.161, host: pr-hdds-1569-zxpks-796972592, networkLocation: /rack1, certSerialId: null}, Type:RATIS, Factor:ONE, State:OPEN]
2019-09-25 04:07:00,103 [grpc-default-executor-0] INFO  impl.RaftServerProxy (RaftServerProxy.java:addNew(89)) - 32f4ed37-bf41-4fef-a9ff-904b5f6d48f0: addNew group-9EE13EB54FE3:[32f4ed37-bf41-4fef-a9ff-904b5f6d48f0:192.168.5.161:33839] returns group-9EE13EB54FE3:java.util.concurrent.CompletableFuture@74f096bb[Not completed]
2019-09-25 04:07:00,115 [pool-52-thread-1] INFO  impl.RaftServerImpl (RaftServerImpl.java:<init>(95)) - 32f4ed37-bf41-4fef-a9ff-904b5f6d48f0: new RaftServerImpl for group-9EE13EB54FE3:[32f4ed37-bf41-4fef-a9ff-904b5f6d48f0:192.168.5.161:33839] with ContainerStateMachine:uninitialized
2019-09-25 04:07:00,118 [pool-52-thread-1] INFO  server.RaftServerConfigKeys (ConfUtils.java:logGet(43)) - raft.server.rpc.timeout.min = 5s (custom)
2019-09-25 04:07:00,119 [pool-52-thread-1] INFO  server.RaftServerConfigKeys (ConfUtils.java:logGet(43)) - raft.server.rpc.timeout.max = 5200ms (custom)
2019-09-25 04:07:00,119 [pool-52-thread-1] INFO  server.RaftServerConfigKeys (ConfUtils.java:logGet(43)) - raft.server.rpcslowness.timeout = 120s (custom)
2019-09-25 04:07:00,119 [pool-52-thread-1] INFO  server.RaftServerConfigKeys (ConfUtils.java:logGet(43)) - raft.server.sleep.deviation.threshold = 300 (default)
2019-09-25 04:07:00,119 [pool-52-thread-1] INFO  server.RaftServerConfigKeys (ConfUtils.java:logGet(43)) - raft.server.log.appender.install.snapshot.enabled = false (custom)
2019-09-25 04:07:00,119 [pool-52-thread-1] INFO  impl.RaftServerImpl (ServerState.java:<init>(103)) - 32f4ed37-bf41-4fef-a9ff-904b5f6d48f0@group-9EE13EB54FE3: ConfigurationManager, init=-1: [32f4ed37-bf41-4fef-a9ff-904b5f6d48f0:192.168.5.161:33839], old=null, confs=<EMPTY_MAP>
2019-09-25 04:07:00,119 [pool-52-thread-1] INFO  server.RaftServerConfigKeys (ConfUtils.java:logGet(43)) - raft.server.storage.dir = [/workdir/hadoop-ozone/integration-test/target/test-dir/MiniOzoneClusterImpl-071aaae5-0202-4fb6-b4d6-510014b63779/datanode-2/data/ratis] (custom)
2019-09-25 04:07:00,119 [pool-52-thread-1] INFO  storage.RaftStorageDirectory (RaftStorageDirectory.java:analyzeStorage(246)) - The storage directory /workdir/hadoop-ozone/integration-test/target/test-dir/MiniOzoneClusterImpl-071aaae5-0202-4fb6-b4d6-510014b63779/datanode-2/data/ratis/8ba518fa-281b-4980-8088-9ee13eb54fe3 does not exist. Creating ...
2019-09-25 04:07:00,132 [pool-52-thread-1] INFO  storage.RaftStorageDirectory (RaftStorageDirectory.java:tryLock(328)) - Lock on /workdir/hadoop-ozone/integration-test/target/test-dir/MiniOzoneClusterImpl-071aaae5-0202-4fb6-b4d6-510014b63779/datanode-2/data/ratis/8ba518fa-281b-4980-8088-9ee13eb54fe3/in_use.lock acquired by nodename 11616@pr-hdds-1569-zxpks-796972592
2019-09-25 04:07:00,144 [pool-52-thread-1] INFO  storage.RaftStorage (RaftStorage.java:format(72)) - Storage directory /workdir/hadoop-ozone/integration-test/target/test-dir/MiniOzoneClusterImpl-071aaae5-0202-4fb6-b4d6-510014b63779/datanode-2/data/ratis/8ba518fa-281b-4980-8088-9ee13eb54fe3 has been successfully formatted.
2019-09-25 04:07:00,145 [pool-52-thread-1] INFO  ratis.ContainerStateMachine (ContainerStateMachine.java:loadSnapshot(230)) - group-9EE13EB54FE3: The snapshot info is null. Setting the last applied indexto:(t:0, i:~)
2019-09-25 04:07:00,146 [pool-52-thread-1] INFO  server.RaftServerConfigKeys (ConfUtils.java:logGet(43)) - raft.server.notification.no-leader.timeout = 120s (custom)
2019-09-25 04:07:00,146 [pool-52-thread-1] INFO  server.RaftServerConfigKeys (ConfUtils.java:logGet(43)) - raft.server.log.use.memory = false (default)
2019-09-25 04:07:00,146 [pool-52-thread-1] INFO  server.RaftServerConfigKeys (ConfUtils.java:logGet(43)) - raft.server.log.purge.gap = 1000000 (custom)
2019-09-25 04:07:00,146 [pool-52-thread-1] INFO  server.RaftServerConfigKeys (ConfUtils.java:logGet(43)) - raft.server.log.appender.buffer.byte-limit = 33554432 (custom)
2019-09-25 04:07:00,146 [pool-52-thread-1] INFO  server.RaftServerConfigKeys (ConfUtils.java:logGet(43)) - raft.server.log.segment.size.max = 1048576 (custom)
2019-09-25 04:07:00,146 [pool-52-thread-1] INFO  server.RaftServerConfigKeys (ConfUtils.java:logGet(43)) - raft.server.log.segment.cache.num.max = 2 (custom)
2019-09-25 04:07:00,146 [pool-52-thread-1] INFO  segmented.SegmentedRaftLogWorker (SegmentedRaftLogWorker.java:<init>(172)) - new 32f4ed37-bf41-4fef-a9ff-904b5f6d48f0@group-9EE13EB54FE3-SegmentedRaftLogWorker for RaftStorage:Storage Directory /workdir/hadoop-ozone/integration-test/target/test-dir/MiniOzoneClusterImpl-071aaae5-0202-4fb6-b4d6-510014b63779/datanode-2/data/ratis/8ba518fa-281b-4980-8088-9ee13eb54fe3
2019-09-25 04:07:00,150 [pool-52-thread-1] INFO  server.RaftServerConfigKeys (ConfUtils.java:logGet(43)) - raft.server.log.queue.byte-limit = 2147483647 (custom)
2019-09-25 04:07:00,150 [pool-52-thread-1] INFO  server.RaftServerConfigKeys (ConfUtils.java:logGet(43)) - raft.server.log.queue.element-limit = 1024 (custom)
2019-09-25 04:07:00,150 [pool-52-thread-1] INFO  server.RaftServerConfigKeys (ConfUtils.java:logGet(43)) - raft.server.log.segment.size.max = 1048576 (custom)
2019-09-25 04:07:00,150 [pool-52-thread-1] INFO  server.RaftServerConfigKeys (ConfUtils.java:logGet(43)) - raft.server.log.preallocated.size = 16384 (custom)
2019-09-25 04:07:00,150 [pool-52-thread-1] INFO  server.RaftServerConfigKeys (ConfUtils.java:logGet(43)) - raft.server.log.write.buffer.size = 33554432 (custom)
2019-09-25 04:07:00,150 [pool-52-thread-1] INFO  server.RaftServerConfigKeys (ConfUtils.java:logGet(43)) - raft.server.log.force.sync.num = 128 (default)
2019-09-25 04:07:00,151 [pool-52-thread-1] INFO  server.RaftServerConfigKeys (ConfUtils.java:logGet(43)) - raft.server.log.statemachine.data.sync = true (default)
2019-09-25 04:07:00,151 [pool-52-thread-1] INFO  server.RaftServerConfigKeys (ConfUtils.java:logGet(43)) - raft.server.log.statemachine.data.sync.timeout = 10s (default)
2019-09-25 04:07:00,151 [pool-52-thread-1] INFO  server.RaftServerConfigKeys (ConfUtils.java:logGet(43)) - raft.server.log.statemachine.data.sync.timeout.retry = -1 (default)
2019-09-25 04:07:00,151 [pool-52-thread-1] INFO  server.RaftServerConfigKeys (ConfUtils.java:logGet(43)) - raft.server.log.statemachine.data.caching.enabled = true (custom)
2019-09-25 04:07:00,151 [pool-52-thread-1] INFO  segmented.SegmentedRaftLogWorker (SegmentedRaftLogWorker.java:lambda$new$0(132)) - 32f4ed37-bf41-4fef-a9ff-904b5f6d48f0@group-9EE13EB54FE3-SegmentedRaftLogWorker: flushIndex: setUnconditionally 0 -> -1
2019-09-25 04:07:00,152 [pool-52-thread-1] INFO  server.RaftServerConfigKeys (ConfUtils.java:logGet(43)) - raft.server.snapshot.auto.trigger.enabled = true (custom)
2019-09-25 04:07:00,152 [pool-52-thread-1] INFO  server.RaftServerConfigKeys (ConfUtils.java:logGet(43)) - raft.server.snapshot.auto.trigger.threshold = 10000 (custom)
2019-09-25 04:07:00,152 [pool-52-thread-1] INFO  server.RaftServerConfigKeys (ConfUtils.java:logGet(43)) - raft.server.snapshot.retention.num.files = 5 (custom)
2019-09-25 04:07:00,152 [pool-52-thread-1] INFO  server.RaftServerConfigKeys (ConfUtils.java:logGet(43)) - raft.server.retrycache.expirytime = 600000ms (custom)
2019-09-25 04:07:00,155 [pool-52-thread-1] INFO  impl.RaftServerImpl (RaftServerImpl.java:start(185)) - 32f4ed37-bf41-4fef-a9ff-904b5f6d48f0@group-9EE13EB54FE3: start as a follower, conf=-1: [32f4ed37-bf41-4fef-a9ff-904b5f6d48f0:192.168.5.161:33839], old=null
2019-09-25 04:07:00,155 [pool-52-thread-1] INFO  impl.RaftServerImpl (RaftServerImpl.java:setRole(174)) - 32f4ed37-bf41-4fef-a9ff-904b5f6d48f0@group-9EE13EB54FE3: changes role from      null to FOLLOWER at term 0 for startAsFollower
2019-09-25 04:07:00,156 [pool-52-thread-1] INFO  impl.RoleInfo (RoleInfo.java:updateAndGet(143)) - 32f4ed37-bf41-4fef-a9ff-904b5f6d48f0: start FollowerState
2019-09-25 04:07:00,156 [pool-52-thread-1] INFO  util.JmxRegister (JmxRegister.java:tryRegister(44)) - Successfully registered JMX Bean with object name Ratis:service=RaftServer,group=group-9EE13EB54FE3,id=32f4ed37-bf41-4fef-a9ff-904b5f6d48f0
2019-09-25 04:07:00,170 [RatisPipelineUtilsThread] INFO  pipeline.PipelineStateManager (PipelineStateManager.java:addPipeline(56)) - Created pipeline Pipeline[ Id: 8ba518fa-281b-4980-8088-9ee13eb54fe3, Nodes: 32f4ed37-bf41-4fef-a9ff-904b5f6d48f0{ip: 192.168.5.161, host: pr-hdds-1569-zxpks-796972592, networkLocation: /rack1, certSerialId: null}, Type:RATIS, Factor:ONE, State:OPEN]
2019-09-25 04:07:00,186 [grpc-default-executor-0] INFO  impl.RaftServerProxy (RaftServerProxy.java:addNew(89)) - 8a92d001-8b3d-4d35-a434-4b4214762be5: addNew group-B66463D8DB76:[8a92d001-8b3d-4d35-a434-4b4214762be5:192.168.5.161:36790] returns group-B66463D8DB76:java.util.concurrent.CompletableFuture@2ef12ed2[Not completed]
2019-09-25 04:07:00,188 [pool-42-thread-1] INFO  impl.RaftServerImpl (RaftServerImpl.java:<init>(95)) - 8a92d001-8b3d-4d35-a434-4b4214762be5: new RaftServerImpl for group-B66463D8DB76:[8a92d001-8b3d-4d35-a434-4b4214762be5:192.168.5.161:36790] with ContainerStateMachine:uninitialized
2019-09-25 04:07:00,188 [pool-42-thread-1] INFO  server.RaftServerConfigKeys (ConfUtils.java:logGet(43)) - raft.server.rpc.timeout.min = 5s (custom)
2019-09-25 04:07:00,188 [pool-42-thread-1] INFO  server.RaftServerConfigKeys (ConfUtils.java:logGet(43)) - raft.server.rpc.timeout.max = 5200ms (custom)
2019-09-25 04:07:00,188 [pool-42-thread-1] INFO  server.RaftServerConfigKeys (ConfUtils.java:logGet(43)) - raft.server.rpcslowness.timeout = 120s (custom)
2019-09-25 04:07:00,188 [pool-42-thread-1] INFO  server.RaftServerConfigKeys (ConfUtils.java:logGet(43)) - raft.server.sleep.deviation.threshold = 300 (default)
2019-09-25 04:07:00,188 [pool-42-thread-1] INFO  server.RaftServerConfigKeys (ConfUtils.java:logGet(43)) - raft.server.log.appender.install.snapshot.enabled = false (custom)
2019-09-25 04:07:00,189 [pool-42-thread-1] INFO  impl.RaftServerImpl (ServerState.java:<init>(103)) - 8a92d001-8b3d-4d35-a434-4b4214762be5@group-B66463D8DB76: ConfigurationManager, init=-1: [8a92d001-8b3d-4d35-a434-4b4214762be5:192.168.5.161:36790], old=null, confs=<EMPTY_MAP>
2019-09-25 04:07:00,189 [pool-42-thread-1] INFO  server.RaftServerConfigKeys (ConfUtils.java:logGet(43)) - raft.server.storage.dir = [/workdir/hadoop-ozone/integration-test/target/test-dir/MiniOzoneClusterImpl-071aaae5-0202-4fb6-b4d6-510014b63779/datanode-1/data/ratis] (custom)
2019-09-25 04:07:00,189 [pool-42-thread-1] INFO  storage.RaftStorageDirectory (RaftStorageDirectory.java:analyzeStorage(246)) - The storage directory /workdir/hadoop-ozone/integration-test/target/test-dir/MiniOzoneClusterImpl-071aaae5-0202-4fb6-b4d6-510014b63779/datanode-1/data/ratis/308fb98b-0542-4cdd-8fd8-b66463d8db76 does not exist. Creating ...
2019-09-25 04:07:00,212 [pool-42-thread-1] INFO  storage.RaftStorageDirectory (RaftStorageDirectory.java:tryLock(328)) - Lock on /workdir/hadoop-ozone/integration-test/target/test-dir/MiniOzoneClusterImpl-071aaae5-0202-4fb6-b4d6-510014b63779/datanode-1/data/ratis/308fb98b-0542-4cdd-8fd8-b66463d8db76/in_use.lock acquired by nodename 11616@pr-hdds-1569-zxpks-796972592
2019-09-25 04:07:00,231 [pool-42-thread-1] INFO  storage.RaftStorage (RaftStorage.java:format(72)) - Storage directory /workdir/hadoop-ozone/integration-test/target/test-dir/MiniOzoneClusterImpl-071aaae5-0202-4fb6-b4d6-510014b63779/datanode-1/data/ratis/308fb98b-0542-4cdd-8fd8-b66463d8db76 has been successfully formatted.
2019-09-25 04:07:00,231 [pool-42-thread-1] INFO  ratis.ContainerStateMachine (ContainerStateMachine.java:loadSnapshot(230)) - group-B66463D8DB76: The snapshot info is null. Setting the last applied indexto:(t:0, i:~)
2019-09-25 04:07:00,231 [pool-42-thread-1] INFO  server.RaftServerConfigKeys (ConfUtils.java:logGet(43)) - raft.server.notification.no-leader.timeout = 120s (custom)
2019-09-25 04:07:00,232 [pool-42-thread-1] INFO  server.RaftServerConfigKeys (ConfUtils.java:logGet(43)) - raft.server.log.use.memory = false (default)
2019-09-25 04:07:00,232 [pool-42-thread-1] INFO  server.RaftServerConfigKeys (ConfUtils.java:logGet(43)) - raft.server.log.purge.gap = 1000000 (custom)
2019-09-25 04:07:00,232 [pool-42-thread-1] INFO  server.RaftServerConfigKeys (ConfUtils.java:logGet(43)) - raft.server.log.appender.buffer.byte-limit = 33554432 (custom)
2019-09-25 04:07:00,232 [pool-42-thread-1] INFO  server.RaftServerConfigKeys (ConfUtils.java:logGet(43)) - raft.server.log.segment.size.max = 1048576 (custom)
2019-09-25 04:07:00,232 [pool-42-thread-1] INFO  server.RaftServerConfigKeys (ConfUtils.java:logGet(43)) - raft.server.log.segment.cache.num.max = 2 (custom)
2019-09-25 04:07:00,232 [pool-42-thread-1] INFO  segmented.SegmentedRaftLogWorker (SegmentedRaftLogWorker.java:<init>(172)) - new 8a92d001-8b3d-4d35-a434-4b4214762be5@group-B66463D8DB76-SegmentedRaftLogWorker for RaftStorage:Storage Directory /workdir/hadoop-ozone/integration-test/target/test-dir/MiniOzoneClusterImpl-071aaae5-0202-4fb6-b4d6-510014b63779/datanode-1/data/ratis/308fb98b-0542-4cdd-8fd8-b66463d8db76
2019-09-25 04:07:00,235 [pool-42-thread-1] INFO  server.RaftServerConfigKeys (ConfUtils.java:logGet(43)) - raft.server.log.queue.byte-limit = 2147483647 (custom)
2019-09-25 04:07:00,235 [pool-42-thread-1] INFO  server.RaftServerConfigKeys (ConfUtils.java:logGet(43)) - raft.server.log.queue.element-limit = 1024 (custom)
2019-09-25 04:07:00,236 [pool-42-thread-1] INFO  server.RaftServerConfigKeys (ConfUtils.java:logGet(43)) - raft.server.log.segment.size.max = 1048576 (custom)
2019-09-25 04:07:00,236 [pool-42-thread-1] INFO  server.RaftServerConfigKeys (ConfUtils.java:logGet(43)) - raft.server.log.preallocated.size = 16384 (custom)
2019-09-25 04:07:00,236 [pool-42-thread-1] INFO  server.RaftServerConfigKeys (ConfUtils.java:logGet(43)) - raft.server.log.write.buffer.size = 33554432 (custom)
2019-09-25 04:07:00,236 [pool-42-thread-1] INFO  server.RaftServerConfigKeys (ConfUtils.java:logGet(43)) - raft.server.log.force.sync.num = 128 (default)
2019-09-25 04:07:00,236 [pool-42-thread-1] INFO  server.RaftServerConfigKeys (ConfUtils.java:logGet(43)) - raft.server.log.statemachine.data.sync = true (default)
2019-09-25 04:07:00,236 [pool-42-thread-1] INFO  server.RaftServerConfigKeys (ConfUtils.java:logGet(43)) - raft.server.log.statemachine.data.sync.timeout = 10s (default)
2019-09-25 04:07:00,237 [pool-42-thread-1] INFO  server.RaftServerConfigKeys (ConfUtils.java:logGet(43)) - raft.server.log.statemachine.data.sync.timeout.retry = -1 (default)
2019-09-25 04:07:00,237 [pool-42-thread-1] INFO  server.RaftServerConfigKeys (ConfUtils.java:logGet(43)) - raft.server.log.statemachine.data.caching.enabled = true (custom)
2019-09-25 04:07:00,237 [pool-42-thread-1] INFO  segmented.SegmentedRaftLogWorker (SegmentedRaftLogWorker.java:lambda$new$0(132)) - 8a92d001-8b3d-4d35-a434-4b4214762be5@group-B66463D8DB76-SegmentedRaftLogWorker: flushIndex: setUnconditionally 0 -> -1
2019-09-25 04:07:00,237 [pool-42-thread-1] INFO  server.RaftServerConfigKeys (ConfUtils.java:logGet(43)) - raft.server.snapshot.auto.trigger.enabled = true (custom)
2019-09-25 04:07:00,238 [pool-42-thread-1] INFO  server.RaftServerConfigKeys (ConfUtils.java:logGet(43)) - raft.server.snapshot.auto.trigger.threshold = 10000 (custom)
2019-09-25 04:07:00,238 [pool-42-thread-1] INFO  server.RaftServerConfigKeys (ConfUtils.java:logGet(43)) - raft.server.snapshot.retention.num.files = 5 (custom)
2019-09-25 04:07:00,238 [pool-42-thread-1] INFO  server.RaftServerConfigKeys (ConfUtils.java:logGet(43)) - raft.server.retrycache.expirytime = 600000ms (custom)
2019-09-25 04:07:00,241 [pool-42-thread-1] INFO  impl.RaftServerImpl (RaftServerImpl.java:start(185)) - 8a92d001-8b3d-4d35-a434-4b4214762be5@group-B66463D8DB76: start as a follower, conf=-1: [8a92d001-8b3d-4d35-a434-4b4214762be5:192.168.5.161:36790], old=null
2019-09-25 04:07:00,241 [pool-42-thread-1] INFO  impl.RaftServerImpl (RaftServerImpl.java:setRole(174)) - 8a92d001-8b3d-4d35-a434-4b4214762be5@group-B66463D8DB76: changes role from      null to FOLLOWER at term 0 for startAsFollower
2019-09-25 04:07:00,241 [pool-42-thread-1] INFO  impl.RoleInfo (RoleInfo.java:updateAndGet(143)) - 8a92d001-8b3d-4d35-a434-4b4214762be5: start FollowerState
2019-09-25 04:07:00,241 [pool-42-thread-1] INFO  util.JmxRegister (JmxRegister.java:tryRegister(44)) - Successfully registered JMX Bean with object name Ratis:service=RaftServer,group=group-B66463D8DB76,id=8a92d001-8b3d-4d35-a434-4b4214762be5
2019-09-25 04:07:00,252 [RatisPipelineUtilsThread] INFO  pipeline.PipelineStateManager (PipelineStateManager.java:addPipeline(56)) - Created pipeline Pipeline[ Id: 308fb98b-0542-4cdd-8fd8-b66463d8db76, Nodes: 8a92d001-8b3d-4d35-a434-4b4214762be5{ip: 192.168.5.161, host: pr-hdds-1569-zxpks-796972592, networkLocation: /rack1, certSerialId: null}, Type:RATIS, Factor:ONE, State:OPEN]
2019-09-25 04:07:00,266 [grpc-default-executor-0] INFO  impl.RaftServerProxy (RaftServerProxy.java:addNew(89)) - a428e86c-e33b-49db-aa7c-e41d27951dea: addNew group-1DBB81BBB751:[a428e86c-e33b-49db-aa7c-e41d27951dea:192.168.5.161:43255] returns group-1DBB81BBB751:java.util.concurrent.CompletableFuture@3c46ccb7[Not completed]
2019-09-25 04:07:00,267 [pool-32-thread-1] INFO  impl.RaftServerImpl (RaftServerImpl.java:<init>(95)) - a428e86c-e33b-49db-aa7c-e41d27951dea: new RaftServerImpl for group-1DBB81BBB751:[a428e86c-e33b-49db-aa7c-e41d27951dea:192.168.5.161:43255] with ContainerStateMachine:uninitialized
2019-09-25 04:07:00,268 [pool-32-thread-1] INFO  server.RaftServerConfigKeys (ConfUtils.java:logGet(43)) - raft.server.rpc.timeout.min = 5s (custom)
2019-09-25 04:07:00,268 [pool-32-thread-1] INFO  server.RaftServerConfigKeys (ConfUtils.java:logGet(43)) - raft.server.rpc.timeout.max = 5200ms (custom)
2019-09-25 04:07:00,268 [pool-32-thread-1] INFO  server.RaftServerConfigKeys (ConfUtils.java:logGet(43)) - raft.server.rpcslowness.timeout = 120s (custom)
2019-09-25 04:07:00,268 [pool-32-thread-1] INFO  server.RaftServerConfigKeys (ConfUtils.java:logGet(43)) - raft.server.sleep.deviation.threshold = 300 (default)
2019-09-25 04:07:00,268 [pool-32-thread-1] INFO  server.RaftServerConfigKeys (ConfUtils.java:logGet(43)) - raft.server.log.appender.install.snapshot.enabled = false (custom)
2019-09-25 04:07:00,268 [pool-32-thread-1] INFO  impl.RaftServerImpl (ServerState.java:<init>(103)) - a428e86c-e33b-49db-aa7c-e41d27951dea@group-1DBB81BBB751: ConfigurationManager, init=-1: [a428e86c-e33b-49db-aa7c-e41d27951dea:192.168.5.161:43255], old=null, confs=<EMPTY_MAP>
2019-09-25 04:07:00,268 [pool-32-thread-1] INFO  server.RaftServerConfigKeys (ConfUtils.java:logGet(43)) - raft.server.storage.dir = [/workdir/hadoop-ozone/integration-test/target/test-dir/MiniOzoneClusterImpl-071aaae5-0202-4fb6-b4d6-510014b63779/datanode-0/data/ratis] (custom)
2019-09-25 04:07:00,268 [pool-32-thread-1] INFO  storage.RaftStorageDirectory (RaftStorageDirectory.java:analyzeStorage(246)) - The storage directory /workdir/hadoop-ozone/integration-test/target/test-dir/MiniOzoneClusterImpl-071aaae5-0202-4fb6-b4d6-510014b63779/datanode-0/data/ratis/23e1b41a-6f52-4be7-83a7-1dbb81bbb751 does not exist. Creating ...
2019-09-25 04:07:00,281 [pool-32-thread-1] INFO  storage.RaftStorageDirectory (RaftStorageDirectory.java:tryLock(328)) - Lock on /workdir/hadoop-ozone/integration-test/target/test-dir/MiniOzoneClusterImpl-071aaae5-0202-4fb6-b4d6-510014b63779/datanode-0/data/ratis/23e1b41a-6f52-4be7-83a7-1dbb81bbb751/in_use.lock acquired by nodename 11616@pr-hdds-1569-zxpks-796972592
2019-09-25 04:07:00,294 [pool-32-thread-1] INFO  storage.RaftStorage (RaftStorage.java:format(72)) - Storage directory /workdir/hadoop-ozone/integration-test/target/test-dir/MiniOzoneClusterImpl-071aaae5-0202-4fb6-b4d6-510014b63779/datanode-0/data/ratis/23e1b41a-6f52-4be7-83a7-1dbb81bbb751 has been successfully formatted.
2019-09-25 04:07:00,294 [pool-32-thread-1] INFO  ratis.ContainerStateMachine (ContainerStateMachine.java:loadSnapshot(230)) - group-1DBB81BBB751: The snapshot info is null. Setting the last applied indexto:(t:0, i:~)
2019-09-25 04:07:00,294 [pool-32-thread-1] INFO  server.RaftServerConfigKeys (ConfUtils.java:logGet(43)) - raft.server.notification.no-leader.timeout = 120s (custom)
2019-09-25 04:07:00,294 [pool-32-thread-1] INFO  server.RaftServerConfigKeys (ConfUtils.java:logGet(43)) - raft.server.log.use.memory = false (default)
2019-09-25 04:07:00,294 [pool-32-thread-1] INFO  server.RaftServerConfigKeys (ConfUtils.java:logGet(43)) - raft.server.log.purge.gap = 1000000 (custom)
2019-09-25 04:07:00,294 [pool-32-thread-1] INFO  server.RaftServerConfigKeys (ConfUtils.java:logGet(43)) - raft.server.log.appender.buffer.byte-limit = 33554432 (custom)
2019-09-25 04:07:00,295 [pool-32-thread-1] INFO  server.RaftServerConfigKeys (ConfUtils.java:logGet(43)) - raft.server.log.segment.size.max = 1048576 (custom)
2019-09-25 04:07:00,295 [pool-32-thread-1] INFO  server.RaftServerConfigKeys (ConfUtils.java:logGet(43)) - raft.server.log.segment.cache.num.max = 2 (custom)
2019-09-25 04:07:00,295 [pool-32-thread-1] INFO  segmented.SegmentedRaftLogWorker (SegmentedRaftLogWorker.java:<init>(172)) - new a428e86c-e33b-49db-aa7c-e41d27951dea@group-1DBB81BBB751-SegmentedRaftLogWorker for RaftStorage:Storage Directory /workdir/hadoop-ozone/integration-test/target/test-dir/MiniOzoneClusterImpl-071aaae5-0202-4fb6-b4d6-510014b63779/datanode-0/data/ratis/23e1b41a-6f52-4be7-83a7-1dbb81bbb751
2019-09-25 04:07:00,295 [pool-32-thread-1] INFO  server.RaftServerConfigKeys (ConfUtils.java:logGet(43)) - raft.server.log.queue.byte-limit = 2147483647 (custom)
2019-09-25 04:07:00,295 [pool-32-thread-1] INFO  server.RaftServerConfigKeys (ConfUtils.java:logGet(43)) - raft.server.log.queue.element-limit = 1024 (custom)
2019-09-25 04:07:00,295 [pool-32-thread-1] INFO  server.RaftServerConfigKeys (ConfUtils.java:logGet(43)) - raft.server.log.segment.size.max = 1048576 (custom)
2019-09-25 04:07:00,295 [pool-32-thread-1] INFO  server.RaftServerConfigKeys (ConfUtils.java:logGet(43)) - raft.server.log.preallocated.size = 16384 (custom)
2019-09-25 04:07:00,296 [pool-32-thread-1] INFO  server.RaftServerConfigKeys (ConfUtils.java:logGet(43)) - raft.server.log.write.buffer.size = 33554432 (custom)
2019-09-25 04:07:00,296 [pool-32-thread-1] INFO  server.RaftServerConfigKeys (ConfUtils.java:logGet(43)) - raft.server.log.force.sync.num = 128 (default)
2019-09-25 04:07:00,296 [pool-32-thread-1] INFO  server.RaftServerConfigKeys (ConfUtils.java:logGet(43)) - raft.server.log.statemachine.data.sync = true (default)
2019-09-25 04:07:00,296 [pool-32-thread-1] INFO  server.RaftServerConfigKeys (ConfUtils.java:logGet(43)) - raft.server.log.statemachine.data.sync.timeout = 10s (default)
2019-09-25 04:07:00,296 [pool-32-thread-1] INFO  server.RaftServerConfigKeys (ConfUtils.java:logGet(43)) - raft.server.log.statemachine.data.sync.timeout.retry = -1 (default)
2019-09-25 04:07:00,296 [pool-32-thread-1] INFO  server.RaftServerConfigKeys (ConfUtils.java:logGet(43)) - raft.server.log.statemachine.data.caching.enabled = true (custom)
2019-09-25 04:07:00,297 [pool-32-thread-1] INFO  segmented.SegmentedRaftLogWorker (SegmentedRaftLogWorker.java:lambda$new$0(132)) - a428e86c-e33b-49db-aa7c-e41d27951dea@group-1DBB81BBB751-SegmentedRaftLogWorker: flushIndex: setUnconditionally 0 -> -1
2019-09-25 04:07:00,297 [pool-32-thread-1] INFO  server.RaftServerConfigKeys (ConfUtils.java:logGet(43)) - raft.server.snapshot.auto.trigger.enabled = true (custom)
2019-09-25 04:07:00,297 [pool-32-thread-1] INFO  server.RaftServerConfigKeys (ConfUtils.java:logGet(43)) - raft.server.snapshot.auto.trigger.threshold = 10000 (custom)
2019-09-25 04:07:00,297 [pool-32-thread-1] INFO  server.RaftServerConfigKeys (ConfUtils.java:logGet(43)) - raft.server.snapshot.retention.num.files = 5 (custom)
2019-09-25 04:07:00,297 [pool-32-thread-1] INFO  server.RaftServerConfigKeys (ConfUtils.java:logGet(43)) - raft.server.retrycache.expirytime = 600000ms (custom)
2019-09-25 04:07:00,301 [pool-32-thread-1] INFO  impl.RaftServerImpl (RaftServerImpl.java:start(185)) - a428e86c-e33b-49db-aa7c-e41d27951dea@group-1DBB81BBB751: start as a follower, conf=-1: [a428e86c-e33b-49db-aa7c-e41d27951dea:192.168.5.161:43255], old=null
2019-09-25 04:07:00,301 [pool-32-thread-1] INFO  impl.RaftServerImpl (RaftServerImpl.java:setRole(174)) - a428e86c-e33b-49db-aa7c-e41d27951dea@group-1DBB81BBB751: changes role from      null to FOLLOWER at term 0 for startAsFollower
2019-09-25 04:07:00,301 [pool-32-thread-1] INFO  impl.RoleInfo (RoleInfo.java:updateAndGet(143)) - a428e86c-e33b-49db-aa7c-e41d27951dea: start FollowerState
2019-09-25 04:07:00,302 [pool-32-thread-1] INFO  util.JmxRegister (JmxRegister.java:tryRegister(44)) - Successfully registered JMX Bean with object name Ratis:service=RaftServer,group=group-1DBB81BBB751,id=a428e86c-e33b-49db-aa7c-e41d27951dea
2019-09-25 04:07:00,311 [RatisPipelineUtilsThread] INFO  pipeline.PipelineStateManager (PipelineStateManager.java:addPipeline(56)) - Created pipeline Pipeline[ Id: 23e1b41a-6f52-4be7-83a7-1dbb81bbb751, Nodes: a428e86c-e33b-49db-aa7c-e41d27951dea{ip: 192.168.5.161, host: pr-hdds-1569-zxpks-796972592, networkLocation: /rack1, certSerialId: null}, Type:RATIS, Factor:ONE, State:OPEN]
2019-09-25 04:07:00,330 [grpc-default-executor-0] INFO  impl.RaftServerProxy (RaftServerProxy.java:addNew(89)) - 32f4ed37-bf41-4fef-a9ff-904b5f6d48f0: addNew group-BFCE96D23786:[32f4ed37-bf41-4fef-a9ff-904b5f6d48f0:192.168.5.161:33839] returns group-BFCE96D23786:java.util.concurrent.CompletableFuture@23904670[Not completed]
2019-09-25 04:07:00,332 [pool-52-thread-1] INFO  impl.RaftServerImpl (RaftServerImpl.java:<init>(95)) - 32f4ed37-bf41-4fef-a9ff-904b5f6d48f0: new RaftServerImpl for group-BFCE96D23786:[32f4ed37-bf41-4fef-a9ff-904b5f6d48f0:192.168.5.161:33839] with ContainerStateMachine:uninitialized
2019-09-25 04:07:00,332 [pool-52-thread-1] INFO  server.RaftServerConfigKeys (ConfUtils.java:logGet(43)) - raft.server.rpc.timeout.min = 5s (custom)
2019-09-25 04:07:00,333 [pool-52-thread-1] INFO  server.RaftServerConfigKeys (ConfUtils.java:logGet(43)) - raft.server.rpc.timeout.max = 5200ms (custom)
2019-09-25 04:07:00,333 [pool-52-thread-1] INFO  server.RaftServerConfigKeys (ConfUtils.java:logGet(43)) - raft.server.rpcslowness.timeout = 120s (custom)
2019-09-25 04:07:00,333 [pool-52-thread-1] INFO  server.RaftServerConfigKeys (ConfUtils.java:logGet(43)) - raft.server.sleep.deviation.threshold = 300 (default)
2019-09-25 04:07:00,333 [pool-52-thread-1] INFO  server.RaftServerConfigKeys (ConfUtils.java:logGet(43)) - raft.server.log.appender.install.snapshot.enabled = false (custom)
2019-09-25 04:07:00,333 [pool-52-thread-1] INFO  impl.RaftServerImpl (ServerState.java:<init>(103)) - 32f4ed37-bf41-4fef-a9ff-904b5f6d48f0@group-BFCE96D23786: ConfigurationManager, init=-1: [32f4ed37-bf41-4fef-a9ff-904b5f6d48f0:192.168.5.161:33839], old=null, confs=<EMPTY_MAP>
2019-09-25 04:07:00,334 [pool-52-thread-1] INFO  server.RaftServerConfigKeys (ConfUtils.java:logGet(43)) - raft.server.storage.dir = [/workdir/hadoop-ozone/integration-test/target/test-dir/MiniOzoneClusterImpl-071aaae5-0202-4fb6-b4d6-510014b63779/datanode-2/data/ratis] (custom)
2019-09-25 04:07:00,334 [pool-52-thread-1] INFO  storage.RaftStorageDirectory (RaftStorageDirectory.java:analyzeStorage(246)) - The storage directory /workdir/hadoop-ozone/integration-test/target/test-dir/MiniOzoneClusterImpl-071aaae5-0202-4fb6-b4d6-510014b63779/datanode-2/data/ratis/f0af5630-d5c3-45f8-a9d4-bfce96d23786 does not exist. Creating ...
2019-09-25 04:07:00,346 [pool-52-thread-1] INFO  storage.RaftStorageDirectory (RaftStorageDirectory.java:tryLock(328)) - Lock on /workdir/hadoop-ozone/integration-test/target/test-dir/MiniOzoneClusterImpl-071aaae5-0202-4fb6-b4d6-510014b63779/datanode-2/data/ratis/f0af5630-d5c3-45f8-a9d4-bfce96d23786/in_use.lock acquired by nodename 11616@pr-hdds-1569-zxpks-796972592
2019-09-25 04:07:00,360 [pool-52-thread-1] INFO  storage.RaftStorage (RaftStorage.java:format(72)) - Storage directory /workdir/hadoop-ozone/integration-test/target/test-dir/MiniOzoneClusterImpl-071aaae5-0202-4fb6-b4d6-510014b63779/datanode-2/data/ratis/f0af5630-d5c3-45f8-a9d4-bfce96d23786 has been successfully formatted.
2019-09-25 04:07:00,360 [pool-52-thread-1] INFO  ratis.ContainerStateMachine (ContainerStateMachine.java:loadSnapshot(230)) - group-BFCE96D23786: The snapshot info is null. Setting the last applied indexto:(t:0, i:~)
2019-09-25 04:07:00,360 [pool-52-thread-1] INFO  server.RaftServerConfigKeys (ConfUtils.java:logGet(43)) - raft.server.notification.no-leader.timeout = 120s (custom)
2019-09-25 04:07:00,360 [pool-52-thread-1] INFO  server.RaftServerConfigKeys (ConfUtils.java:logGet(43)) - raft.server.log.use.memory = false (default)
2019-09-25 04:07:00,361 [pool-52-thread-1] INFO  server.RaftServerConfigKeys (ConfUtils.java:logGet(43)) - raft.server.log.purge.gap = 1000000 (custom)
2019-09-25 04:07:00,361 [pool-52-thread-1] INFO  server.RaftServerConfigKeys (ConfUtils.java:logGet(43)) - raft.server.log.appender.buffer.byte-limit = 33554432 (custom)
2019-09-25 04:07:00,361 [pool-52-thread-1] INFO  server.RaftServerConfigKeys (ConfUtils.java:logGet(43)) - raft.server.log.segment.size.max = 1048576 (custom)
2019-09-25 04:07:00,361 [pool-52-thread-1] INFO  server.RaftServerConfigKeys (ConfUtils.java:logGet(43)) - raft.server.log.segment.cache.num.max = 2 (custom)
2019-09-25 04:07:00,361 [pool-52-thread-1] INFO  segmented.SegmentedRaftLogWorker (SegmentedRaftLogWorker.java:<init>(172)) - new 32f4ed37-bf41-4fef-a9ff-904b5f6d48f0@group-BFCE96D23786-SegmentedRaftLogWorker for RaftStorage:Storage Directory /workdir/hadoop-ozone/integration-test/target/test-dir/MiniOzoneClusterImpl-071aaae5-0202-4fb6-b4d6-510014b63779/datanode-2/data/ratis/f0af5630-d5c3-45f8-a9d4-bfce96d23786
2019-09-25 04:07:00,361 [pool-52-thread-1] INFO  server.RaftServerConfigKeys (ConfUtils.java:logGet(43)) - raft.server.log.queue.byte-limit = 2147483647 (custom)
2019-09-25 04:07:00,362 [pool-52-thread-1] INFO  server.RaftServerConfigKeys (ConfUtils.java:logGet(43)) - raft.server.log.queue.element-limit = 1024 (custom)
2019-09-25 04:07:00,362 [pool-52-thread-1] INFO  server.RaftServerConfigKeys (ConfUtils.java:logGet(43)) - raft.server.log.segment.size.max = 1048576 (custom)
2019-09-25 04:07:00,362 [pool-52-thread-1] INFO  server.RaftServerConfigKeys (ConfUtils.java:logGet(43)) - raft.server.log.preallocated.size = 16384 (custom)
2019-09-25 04:07:00,362 [pool-52-thread-1] INFO  server.RaftServerConfigKeys (ConfUtils.java:logGet(43)) - raft.server.log.write.buffer.size = 33554432 (custom)
2019-09-25 04:07:00,362 [pool-52-thread-1] INFO  server.RaftServerConfigKeys (ConfUtils.java:logGet(43)) - raft.server.log.force.sync.num = 128 (default)
2019-09-25 04:07:00,362 [pool-52-thread-1] INFO  server.RaftServerConfigKeys (ConfUtils.java:logGet(43)) - raft.server.log.statemachine.data.sync = true (default)
2019-09-25 04:07:00,363 [pool-52-thread-1] INFO  server.RaftServerConfigKeys (ConfUtils.java:logGet(43)) - raft.server.log.statemachine.data.sync.timeout = 10s (default)
2019-09-25 04:07:00,363 [pool-52-thread-1] INFO  server.RaftServerConfigKeys (ConfUtils.java:logGet(43)) - raft.server.log.statemachine.data.sync.timeout.retry = -1 (default)
2019-09-25 04:07:00,363 [pool-52-thread-1] INFO  server.RaftServerConfigKeys (ConfUtils.java:logGet(43)) - raft.server.log.statemachine.data.caching.enabled = true (custom)
2019-09-25 04:07:00,363 [pool-52-thread-1] INFO  segmented.SegmentedRaftLogWorker (SegmentedRaftLogWorker.java:lambda$new$0(132)) - 32f4ed37-bf41-4fef-a9ff-904b5f6d48f0@group-BFCE96D23786-SegmentedRaftLogWorker: flushIndex: setUnconditionally 0 -> -1
2019-09-25 04:07:00,364 [pool-52-thread-1] INFO  server.RaftServerConfigKeys (ConfUtils.java:logGet(43)) - raft.server.snapshot.auto.trigger.enabled = true (custom)
2019-09-25 04:07:00,364 [pool-52-thread-1] INFO  server.RaftServerConfigKeys (ConfUtils.java:logGet(43)) - raft.server.snapshot.auto.trigger.threshold = 10000 (custom)
2019-09-25 04:07:00,364 [pool-52-thread-1] INFO  server.RaftServerConfigKeys (ConfUtils.java:logGet(43)) - raft.server.snapshot.retention.num.files = 5 (custom)
2019-09-25 04:07:00,364 [pool-52-thread-1] INFO  server.RaftServerConfigKeys (ConfUtils.java:logGet(43)) - raft.server.retrycache.expirytime = 600000ms (custom)
2019-09-25 04:07:00,368 [pool-52-thread-1] INFO  impl.RaftServerImpl (RaftServerImpl.java:start(185)) - 32f4ed37-bf41-4fef-a9ff-904b5f6d48f0@group-BFCE96D23786: start as a follower, conf=-1: [32f4ed37-bf41-4fef-a9ff-904b5f6d48f0:192.168.5.161:33839], old=null
2019-09-25 04:07:00,369 [pool-52-thread-1] INFO  impl.RaftServerImpl (RaftServerImpl.java:setRole(174)) - 32f4ed37-bf41-4fef-a9ff-904b5f6d48f0@group-BFCE96D23786: changes role from      null to FOLLOWER at term 0 for startAsFollower
2019-09-25 04:07:00,369 [pool-52-thread-1] INFO  impl.RoleInfo (RoleInfo.java:updateAndGet(143)) - 32f4ed37-bf41-4fef-a9ff-904b5f6d48f0: start FollowerState
2019-09-25 04:07:00,369 [pool-52-thread-1] INFO  util.JmxRegister (JmxRegister.java:tryRegister(44)) - Successfully registered JMX Bean with object name Ratis:service=RaftServer,group=group-BFCE96D23786,id=32f4ed37-bf41-4fef-a9ff-904b5f6d48f0
2019-09-25 04:07:00,379 [RatisPipelineUtilsThread] INFO  pipeline.PipelineStateManager (PipelineStateManager.java:addPipeline(56)) - Created pipeline Pipeline[ Id: f0af5630-d5c3-45f8-a9d4-bfce96d23786, Nodes: 32f4ed37-bf41-4fef-a9ff-904b5f6d48f0{ip: 192.168.5.161, host: pr-hdds-1569-zxpks-796972592, networkLocation: /rack1, certSerialId: null}, Type:RATIS, Factor:ONE, State:OPEN]
2019-09-25 04:07:00,395 [grpc-default-executor-0] INFO  impl.RaftServerProxy (RaftServerProxy.java:addNew(89)) - 32f4ed37-bf41-4fef-a9ff-904b5f6d48f0: addNew group-2FA93CCDA56C:[32f4ed37-bf41-4fef-a9ff-904b5f6d48f0:192.168.5.161:33839] returns group-2FA93CCDA56C:java.util.concurrent.CompletableFuture@56053555[Not completed]
2019-09-25 04:07:00,397 [pool-52-thread-1] INFO  impl.RaftServerImpl (RaftServerImpl.java:<init>(95)) - 32f4ed37-bf41-4fef-a9ff-904b5f6d48f0: new RaftServerImpl for group-2FA93CCDA56C:[32f4ed37-bf41-4fef-a9ff-904b5f6d48f0:192.168.5.161:33839] with ContainerStateMachine:uninitialized
2019-09-25 04:07:00,397 [pool-52-thread-1] INFO  server.RaftServerConfigKeys (ConfUtils.java:logGet(43)) - raft.server.rpc.timeout.min = 5s (custom)
2019-09-25 04:07:00,397 [pool-52-thread-1] INFO  server.RaftServerConfigKeys (ConfUtils.java:logGet(43)) - raft.server.rpc.timeout.max = 5200ms (custom)
2019-09-25 04:07:00,398 [pool-52-thread-1] INFO  server.RaftServerConfigKeys (ConfUtils.java:logGet(43)) - raft.server.rpcslowness.timeout = 120s (custom)
2019-09-25 04:07:00,398 [pool-52-thread-1] INFO  server.RaftServerConfigKeys (ConfUtils.java:logGet(43)) - raft.server.sleep.deviation.threshold = 300 (default)
2019-09-25 04:07:00,398 [pool-52-thread-1] INFO  server.RaftServerConfigKeys (ConfUtils.java:logGet(43)) - raft.server.log.appender.install.snapshot.enabled = false (custom)
2019-09-25 04:07:00,398 [pool-52-thread-1] INFO  impl.RaftServerImpl (ServerState.java:<init>(103)) - 32f4ed37-bf41-4fef-a9ff-904b5f6d48f0@group-2FA93CCDA56C: ConfigurationManager, init=-1: [32f4ed37-bf41-4fef-a9ff-904b5f6d48f0:192.168.5.161:33839], old=null, confs=<EMPTY_MAP>
2019-09-25 04:07:00,398 [pool-52-thread-1] INFO  server.RaftServerConfigKeys (ConfUtils.java:logGet(43)) - raft.server.storage.dir = [/workdir/hadoop-ozone/integration-test/target/test-dir/MiniOzoneClusterImpl-071aaae5-0202-4fb6-b4d6-510014b63779/datanode-2/data/ratis] (custom)
2019-09-25 04:07:00,399 [pool-52-thread-1] INFO  storage.RaftStorageDirectory (RaftStorageDirectory.java:analyzeStorage(246)) - The storage directory /workdir/hadoop-ozone/integration-test/target/test-dir/MiniOzoneClusterImpl-071aaae5-0202-4fb6-b4d6-510014b63779/datanode-2/data/ratis/ca150199-6c83-4dc5-bd8f-2fa93ccda56c does not exist. Creating ...
2019-09-25 04:07:00,411 [pool-52-thread-1] INFO  storage.RaftStorageDirectory (RaftStorageDirectory.java:tryLock(328)) - Lock on /workdir/hadoop-ozone/integration-test/target/test-dir/MiniOzoneClusterImpl-071aaae5-0202-4fb6-b4d6-510014b63779/datanode-2/data/ratis/ca150199-6c83-4dc5-bd8f-2fa93ccda56c/in_use.lock acquired by nodename 11616@pr-hdds-1569-zxpks-796972592
2019-09-25 04:07:00,424 [pool-52-thread-1] INFO  storage.RaftStorage (RaftStorage.java:format(72)) - Storage directory /workdir/hadoop-ozone/integration-test/target/test-dir/MiniOzoneClusterImpl-071aaae5-0202-4fb6-b4d6-510014b63779/datanode-2/data/ratis/ca150199-6c83-4dc5-bd8f-2fa93ccda56c has been successfully formatted.
2019-09-25 04:07:00,425 [pool-52-thread-1] INFO  ratis.ContainerStateMachine (ContainerStateMachine.java:loadSnapshot(230)) - group-2FA93CCDA56C: The snapshot info is null. Setting the last applied indexto:(t:0, i:~)
2019-09-25 04:07:00,425 [pool-52-thread-1] INFO  server.RaftServerConfigKeys (ConfUtils.java:logGet(43)) - raft.server.notification.no-leader.timeout = 120s (custom)
2019-09-25 04:07:00,425 [pool-52-thread-1] INFO  server.RaftServerConfigKeys (ConfUtils.java:logGet(43)) - raft.server.log.use.memory = false (default)
2019-09-25 04:07:00,425 [pool-52-thread-1] INFO  server.RaftServerConfigKeys (ConfUtils.java:logGet(43)) - raft.server.log.purge.gap = 1000000 (custom)
2019-09-25 04:07:00,425 [pool-52-thread-1] INFO  server.RaftServerConfigKeys (ConfUtils.java:logGet(43)) - raft.server.log.appender.buffer.byte-limit = 33554432 (custom)
2019-09-25 04:07:00,425 [pool-52-thread-1] INFO  server.RaftServerConfigKeys (ConfUtils.java:logGet(43)) - raft.server.log.segment.size.max = 1048576 (custom)
2019-09-25 04:07:00,426 [pool-52-thread-1] INFO  server.RaftServerConfigKeys (ConfUtils.java:logGet(43)) - raft.server.log.segment.cache.num.max = 2 (custom)
2019-09-25 04:07:00,426 [pool-52-thread-1] INFO  segmented.SegmentedRaftLogWorker (SegmentedRaftLogWorker.java:<init>(172)) - new 32f4ed37-bf41-4fef-a9ff-904b5f6d48f0@group-2FA93CCDA56C-SegmentedRaftLogWorker for RaftStorage:Storage Directory /workdir/hadoop-ozone/integration-test/target/test-dir/MiniOzoneClusterImpl-071aaae5-0202-4fb6-b4d6-510014b63779/datanode-2/data/ratis/ca150199-6c83-4dc5-bd8f-2fa93ccda56c
2019-09-25 04:07:00,426 [pool-52-thread-1] INFO  server.RaftServerConfigKeys (ConfUtils.java:logGet(43)) - raft.server.log.queue.byte-limit = 2147483647 (custom)
2019-09-25 04:07:00,426 [pool-52-thread-1] INFO  server.RaftServerConfigKeys (ConfUtils.java:logGet(43)) - raft.server.log.queue.element-limit = 1024 (custom)
2019-09-25 04:07:00,426 [pool-52-thread-1] INFO  server.RaftServerConfigKeys (ConfUtils.java:logGet(43)) - raft.server.log.segment.size.max = 1048576 (custom)
2019-09-25 04:07:00,427 [pool-52-thread-1] INFO  server.RaftServerConfigKeys (ConfUtils.java:logGet(43)) - raft.server.log.preallocated.size = 16384 (custom)
2019-09-25 04:07:00,427 [pool-52-thread-1] INFO  server.RaftServerConfigKeys (ConfUtils.java:logGet(43)) - raft.server.log.write.buffer.size = 33554432 (custom)
2019-09-25 04:07:00,427 [pool-52-thread-1] INFO  server.RaftServerConfigKeys (ConfUtils.java:logGet(43)) - raft.server.log.force.sync.num = 128 (default)
2019-09-25 04:07:00,427 [pool-52-thread-1] INFO  server.RaftServerConfigKeys (ConfUtils.java:logGet(43)) - raft.server.log.statemachine.data.sync = true (default)
2019-09-25 04:07:00,427 [pool-52-thread-1] INFO  server.RaftServerConfigKeys (ConfUtils.java:logGet(43)) - raft.server.log.statemachine.data.sync.timeout = 10s (default)
2019-09-25 04:07:00,428 [pool-52-thread-1] INFO  server.RaftServerConfigKeys (ConfUtils.java:logGet(43)) - raft.server.log.statemachine.data.sync.timeout.retry = -1 (default)
2019-09-25 04:07:00,429 [pool-52-thread-1] INFO  server.RaftServerConfigKeys (ConfUtils.java:logGet(43)) - raft.server.log.statemachine.data.caching.enabled = true (custom)
2019-09-25 04:07:00,429 [pool-52-thread-1] INFO  segmented.SegmentedRaftLogWorker (SegmentedRaftLogWorker.java:lambda$new$0(132)) - 32f4ed37-bf41-4fef-a9ff-904b5f6d48f0@group-2FA93CCDA56C-SegmentedRaftLogWorker: flushIndex: setUnconditionally 0 -> -1
2019-09-25 04:07:00,430 [pool-52-thread-1] INFO  server.RaftServerConfigKeys (ConfUtils.java:logGet(43)) - raft.server.snapshot.auto.trigger.enabled = true (custom)
2019-09-25 04:07:00,430 [pool-52-thread-1] INFO  server.RaftServerConfigKeys (ConfUtils.java:logGet(43)) - raft.server.snapshot.auto.trigger.threshold = 10000 (custom)
2019-09-25 04:07:00,430 [pool-52-thread-1] INFO  server.RaftServerConfigKeys (ConfUtils.java:logGet(43)) - raft.server.snapshot.retention.num.files = 5 (custom)
2019-09-25 04:07:00,430 [pool-52-thread-1] INFO  server.RaftServerConfigKeys (ConfUtils.java:logGet(43)) - raft.server.retrycache.expirytime = 600000ms (custom)
2019-09-25 04:07:00,434 [pool-52-thread-1] INFO  impl.RaftServerImpl (RaftServerImpl.java:start(185)) - 32f4ed37-bf41-4fef-a9ff-904b5f6d48f0@group-2FA93CCDA56C: start as a follower, conf=-1: [32f4ed37-bf41-4fef-a9ff-904b5f6d48f0:192.168.5.161:33839], old=null
2019-09-25 04:07:00,434 [pool-52-thread-1] INFO  impl.RaftServerImpl (RaftServerImpl.java:setRole(174)) - 32f4ed37-bf41-4fef-a9ff-904b5f6d48f0@group-2FA93CCDA56C: changes role from      null to FOLLOWER at term 0 for startAsFollower
2019-09-25 04:07:00,434 [pool-52-thread-1] INFO  impl.RoleInfo (RoleInfo.java:updateAndGet(143)) - 32f4ed37-bf41-4fef-a9ff-904b5f6d48f0: start FollowerState
2019-09-25 04:07:00,435 [pool-52-thread-1] INFO  util.JmxRegister (JmxRegister.java:tryRegister(44)) - Successfully registered JMX Bean with object name Ratis:service=RaftServer,group=group-2FA93CCDA56C,id=32f4ed37-bf41-4fef-a9ff-904b5f6d48f0
2019-09-25 04:07:00,446 [RatisPipelineUtilsThread] INFO  pipeline.PipelineStateManager (PipelineStateManager.java:addPipeline(56)) - Created pipeline Pipeline[ Id: ca150199-6c83-4dc5-bd8f-2fa93ccda56c, Nodes: 32f4ed37-bf41-4fef-a9ff-904b5f6d48f0{ip: 192.168.5.161, host: pr-hdds-1569-zxpks-796972592, networkLocation: /rack1, certSerialId: null}, Type:RATIS, Factor:ONE, State:OPEN]
2019-09-25 04:07:00,457 [grpc-default-executor-0] INFO  impl.RaftServerProxy (RaftServerProxy.java:addNew(89)) - 32f4ed37-bf41-4fef-a9ff-904b5f6d48f0: addNew group-690018142AB0:[32f4ed37-bf41-4fef-a9ff-904b5f6d48f0:192.168.5.161:33839] returns group-690018142AB0:java.util.concurrent.CompletableFuture@70cca3af[Not completed]
2019-09-25 04:07:00,459 [pool-52-thread-1] INFO  impl.RaftServerImpl (RaftServerImpl.java:<init>(95)) - 32f4ed37-bf41-4fef-a9ff-904b5f6d48f0: new RaftServerImpl for group-690018142AB0:[32f4ed37-bf41-4fef-a9ff-904b5f6d48f0:192.168.5.161:33839] with ContainerStateMachine:uninitialized
2019-09-25 04:07:00,459 [pool-52-thread-1] INFO  server.RaftServerConfigKeys (ConfUtils.java:logGet(43)) - raft.server.rpc.timeout.min = 5s (custom)
2019-09-25 04:07:00,459 [pool-52-thread-1] INFO  server.RaftServerConfigKeys (ConfUtils.java:logGet(43)) - raft.server.rpc.timeout.max = 5200ms (custom)
2019-09-25 04:07:00,459 [pool-52-thread-1] INFO  server.RaftServerConfigKeys (ConfUtils.java:logGet(43)) - raft.server.rpcslowness.timeout = 120s (custom)
2019-09-25 04:07:00,459 [pool-52-thread-1] INFO  server.RaftServerConfigKeys (ConfUtils.java:logGet(43)) - raft.server.sleep.deviation.threshold = 300 (default)
2019-09-25 04:07:00,460 [pool-52-thread-1] INFO  server.RaftServerConfigKeys (ConfUtils.java:logGet(43)) - raft.server.log.appender.install.snapshot.enabled = false (custom)
2019-09-25 04:07:00,460 [pool-52-thread-1] INFO  impl.RaftServerImpl (ServerState.java:<init>(103)) - 32f4ed37-bf41-4fef-a9ff-904b5f6d48f0@group-690018142AB0: ConfigurationManager, init=-1: [32f4ed37-bf41-4fef-a9ff-904b5f6d48f0:192.168.5.161:33839], old=null, confs=<EMPTY_MAP>
2019-09-25 04:07:00,460 [pool-52-thread-1] INFO  server.RaftServerConfigKeys (ConfUtils.java:logGet(43)) - raft.server.storage.dir = [/workdir/hadoop-ozone/integration-test/target/test-dir/MiniOzoneClusterImpl-071aaae5-0202-4fb6-b4d6-510014b63779/datanode-2/data/ratis] (custom)
2019-09-25 04:07:00,460 [pool-52-thread-1] INFO  storage.RaftStorageDirectory (RaftStorageDirectory.java:analyzeStorage(246)) - The storage directory /workdir/hadoop-ozone/integration-test/target/test-dir/MiniOzoneClusterImpl-071aaae5-0202-4fb6-b4d6-510014b63779/datanode-2/data/ratis/50626134-d9ca-4f57-8c76-690018142ab0 does not exist. Creating ...
2019-09-25 04:07:00,473 [pool-52-thread-1] INFO  storage.RaftStorageDirectory (RaftStorageDirectory.java:tryLock(328)) - Lock on /workdir/hadoop-ozone/integration-test/target/test-dir/MiniOzoneClusterImpl-071aaae5-0202-4fb6-b4d6-510014b63779/datanode-2/data/ratis/50626134-d9ca-4f57-8c76-690018142ab0/in_use.lock acquired by nodename 11616@pr-hdds-1569-zxpks-796972592
2019-09-25 04:07:00,487 [pool-52-thread-1] INFO  storage.RaftStorage (RaftStorage.java:format(72)) - Storage directory /workdir/hadoop-ozone/integration-test/target/test-dir/MiniOzoneClusterImpl-071aaae5-0202-4fb6-b4d6-510014b63779/datanode-2/data/ratis/50626134-d9ca-4f57-8c76-690018142ab0 has been successfully formatted.
2019-09-25 04:07:00,487 [pool-52-thread-1] INFO  ratis.ContainerStateMachine (ContainerStateMachine.java:loadSnapshot(230)) - group-690018142AB0: The snapshot info is null. Setting the last applied indexto:(t:0, i:~)
2019-09-25 04:07:00,487 [pool-52-thread-1] INFO  server.RaftServerConfigKeys (ConfUtils.java:logGet(43)) - raft.server.notification.no-leader.timeout = 120s (custom)
2019-09-25 04:07:00,487 [pool-52-thread-1] INFO  server.RaftServerConfigKeys (ConfUtils.java:logGet(43)) - raft.server.log.use.memory = false (default)
2019-09-25 04:07:00,488 [pool-52-thread-1] INFO  server.RaftServerConfigKeys (ConfUtils.java:logGet(43)) - raft.server.log.purge.gap = 1000000 (custom)
2019-09-25 04:07:00,488 [pool-52-thread-1] INFO  server.RaftServerConfigKeys (ConfUtils.java:logGet(43)) - raft.server.log.appender.buffer.byte-limit = 33554432 (custom)
2019-09-25 04:07:00,488 [pool-52-thread-1] INFO  server.RaftServerConfigKeys (ConfUtils.java:logGet(43)) - raft.server.log.segment.size.max = 1048576 (custom)
2019-09-25 04:07:00,488 [pool-52-thread-1] INFO  server.RaftServerConfigKeys (ConfUtils.java:logGet(43)) - raft.server.log.segment.cache.num.max = 2 (custom)
2019-09-25 04:07:00,488 [pool-52-thread-1] INFO  segmented.SegmentedRaftLogWorker (SegmentedRaftLogWorker.java:<init>(172)) - new 32f4ed37-bf41-4fef-a9ff-904b5f6d48f0@group-690018142AB0-SegmentedRaftLogWorker for RaftStorage:Storage Directory /workdir/hadoop-ozone/integration-test/target/test-dir/MiniOzoneClusterImpl-071aaae5-0202-4fb6-b4d6-510014b63779/datanode-2/data/ratis/50626134-d9ca-4f57-8c76-690018142ab0
2019-09-25 04:07:00,488 [pool-52-thread-1] INFO  server.RaftServerConfigKeys (ConfUtils.java:logGet(43)) - raft.server.log.queue.byte-limit = 2147483647 (custom)
2019-09-25 04:07:00,489 [pool-52-thread-1] INFO  server.RaftServerConfigKeys (ConfUtils.java:logGet(43)) - raft.server.log.queue.element-limit = 1024 (custom)
2019-09-25 04:07:00,489 [pool-52-thread-1] INFO  server.RaftServerConfigKeys (ConfUtils.java:logGet(43)) - raft.server.log.segment.size.max = 1048576 (custom)
2019-09-25 04:07:00,489 [pool-52-thread-1] INFO  server.RaftServerConfigKeys (ConfUtils.java:logGet(43)) - raft.server.log.preallocated.size = 16384 (custom)
2019-09-25 04:07:00,489 [pool-52-thread-1] INFO  server.RaftServerConfigKeys (ConfUtils.java:logGet(43)) - raft.server.log.write.buffer.size = 33554432 (custom)
2019-09-25 04:07:00,489 [pool-52-thread-1] INFO  server.RaftServerConfigKeys (ConfUtils.java:logGet(43)) - raft.server.log.force.sync.num = 128 (default)
2019-09-25 04:07:00,489 [pool-52-thread-1] INFO  server.RaftServerConfigKeys (ConfUtils.java:logGet(43)) - raft.server.log.statemachine.data.sync = true (default)
2019-09-25 04:07:00,490 [pool-52-thread-1] INFO  server.RaftServerConfigKeys (ConfUtils.java:logGet(43)) - raft.server.log.statemachine.data.sync.timeout = 10s (default)
2019-09-25 04:07:00,490 [pool-52-thread-1] INFO  server.RaftServerConfigKeys (ConfUtils.java:logGet(43)) - raft.server.log.statemachine.data.sync.timeout.retry = -1 (default)
2019-09-25 04:07:00,490 [pool-52-thread-1] INFO  server.RaftServerConfigKeys (ConfUtils.java:logGet(43)) - raft.server.log.statemachine.data.caching.enabled = true (custom)
2019-09-25 04:07:00,491 [pool-52-thread-1] INFO  segmented.SegmentedRaftLogWorker (SegmentedRaftLogWorker.java:lambda$new$0(132)) - 32f4ed37-bf41-4fef-a9ff-904b5f6d48f0@group-690018142AB0-SegmentedRaftLogWorker: flushIndex: setUnconditionally 0 -> -1
2019-09-25 04:07:00,491 [pool-52-thread-1] INFO  server.RaftServerConfigKeys (ConfUtils.java:logGet(43)) - raft.server.snapshot.auto.trigger.enabled = true (custom)
2019-09-25 04:07:00,491 [pool-52-thread-1] INFO  server.RaftServerConfigKeys (ConfUtils.java:logGet(43)) - raft.server.snapshot.auto.trigger.threshold = 10000 (custom)
2019-09-25 04:07:00,491 [pool-52-thread-1] INFO  server.RaftServerConfigKeys (ConfUtils.java:logGet(43)) - raft.server.snapshot.retention.num.files = 5 (custom)
2019-09-25 04:07:00,491 [pool-52-thread-1] INFO  server.RaftServerConfigKeys (ConfUtils.java:logGet(43)) - raft.server.retrycache.expirytime = 600000ms (custom)
2019-09-25 04:07:00,495 [pool-52-thread-1] INFO  impl.RaftServerImpl (RaftServerImpl.java:start(185)) - 32f4ed37-bf41-4fef-a9ff-904b5f6d48f0@group-690018142AB0: start as a follower, conf=-1: [32f4ed37-bf41-4fef-a9ff-904b5f6d48f0:192.168.5.161:33839], old=null
2019-09-25 04:07:00,495 [pool-52-thread-1] INFO  impl.RaftServerImpl (RaftServerImpl.java:setRole(174)) - 32f4ed37-bf41-4fef-a9ff-904b5f6d48f0@group-690018142AB0: changes role from      null to FOLLOWER at term 0 for startAsFollower
2019-09-25 04:07:00,495 [pool-52-thread-1] INFO  impl.RoleInfo (RoleInfo.java:updateAndGet(143)) - 32f4ed37-bf41-4fef-a9ff-904b5f6d48f0: start FollowerState
2019-09-25 04:07:00,495 [pool-52-thread-1] INFO  util.JmxRegister (JmxRegister.java:tryRegister(44)) - Successfully registered JMX Bean with object name Ratis:service=RaftServer,group=group-690018142AB0,id=32f4ed37-bf41-4fef-a9ff-904b5f6d48f0
2019-09-25 04:07:00,505 [RatisPipelineUtilsThread] INFO  pipeline.PipelineStateManager (PipelineStateManager.java:addPipeline(56)) - Created pipeline Pipeline[ Id: 50626134-d9ca-4f57-8c76-690018142ab0, Nodes: 32f4ed37-bf41-4fef-a9ff-904b5f6d48f0{ip: 192.168.5.161, host: pr-hdds-1569-zxpks-796972592, networkLocation: /rack1, certSerialId: null}, Type:RATIS, Factor:ONE, State:OPEN]
2019-09-25 04:07:00,515 [grpc-default-executor-0] INFO  impl.RaftServerProxy (RaftServerProxy.java:addNew(89)) - a428e86c-e33b-49db-aa7c-e41d27951dea: addNew group-68CE21FF4457:[a428e86c-e33b-49db-aa7c-e41d27951dea:192.168.5.161:43255] returns group-68CE21FF4457:java.util.concurrent.CompletableFuture@3047036e[Not completed]
2019-09-25 04:07:00,517 [pool-32-thread-1] INFO  impl.RaftServerImpl (RaftServerImpl.java:<init>(95)) - a428e86c-e33b-49db-aa7c-e41d27951dea: new RaftServerImpl for group-68CE21FF4457:[a428e86c-e33b-49db-aa7c-e41d27951dea:192.168.5.161:43255] with ContainerStateMachine:uninitialized
2019-09-25 04:07:00,517 [pool-32-thread-1] INFO  server.RaftServerConfigKeys (ConfUtils.java:logGet(43)) - raft.server.rpc.timeout.min = 5s (custom)
2019-09-25 04:07:00,518 [pool-32-thread-1] INFO  server.RaftServerConfigKeys (ConfUtils.java:logGet(43)) - raft.server.rpc.timeout.max = 5200ms (custom)
2019-09-25 04:07:00,518 [pool-32-thread-1] INFO  server.RaftServerConfigKeys (ConfUtils.java:logGet(43)) - raft.server.rpcslowness.timeout = 120s (custom)
2019-09-25 04:07:00,518 [pool-32-thread-1] INFO  server.RaftServerConfigKeys (ConfUtils.java:logGet(43)) - raft.server.sleep.deviation.threshold = 300 (default)
2019-09-25 04:07:00,518 [pool-32-thread-1] INFO  server.RaftServerConfigKeys (ConfUtils.java:logGet(43)) - raft.server.log.appender.install.snapshot.enabled = false (custom)
2019-09-25 04:07:00,518 [pool-32-thread-1] INFO  impl.RaftServerImpl (ServerState.java:<init>(103)) - a428e86c-e33b-49db-aa7c-e41d27951dea@group-68CE21FF4457: ConfigurationManager, init=-1: [a428e86c-e33b-49db-aa7c-e41d27951dea:192.168.5.161:43255], old=null, confs=<EMPTY_MAP>
2019-09-25 04:07:00,518 [pool-32-thread-1] INFO  server.RaftServerConfigKeys (ConfUtils.java:logGet(43)) - raft.server.storage.dir = [/workdir/hadoop-ozone/integration-test/target/test-dir/MiniOzoneClusterImpl-071aaae5-0202-4fb6-b4d6-510014b63779/datanode-0/data/ratis] (custom)
2019-09-25 04:07:00,519 [pool-32-thread-1] INFO  storage.RaftStorageDirectory (RaftStorageDirectory.java:analyzeStorage(246)) - The storage directory /workdir/hadoop-ozone/integration-test/target/test-dir/MiniOzoneClusterImpl-071aaae5-0202-4fb6-b4d6-510014b63779/datanode-0/data/ratis/bcaa4f52-f418-4acc-99f2-68ce21ff4457 does not exist. Creating ...
2019-09-25 04:07:00,531 [pool-32-thread-1] INFO  storage.RaftStorageDirectory (RaftStorageDirectory.java:tryLock(328)) - Lock on /workdir/hadoop-ozone/integration-test/target/test-dir/MiniOzoneClusterImpl-071aaae5-0202-4fb6-b4d6-510014b63779/datanode-0/data/ratis/bcaa4f52-f418-4acc-99f2-68ce21ff4457/in_use.lock acquired by nodename 11616@pr-hdds-1569-zxpks-796972592
2019-09-25 04:07:00,544 [pool-32-thread-1] INFO  storage.RaftStorage (RaftStorage.java:format(72)) - Storage directory /workdir/hadoop-ozone/integration-test/target/test-dir/MiniOzoneClusterImpl-071aaae5-0202-4fb6-b4d6-510014b63779/datanode-0/data/ratis/bcaa4f52-f418-4acc-99f2-68ce21ff4457 has been successfully formatted.
2019-09-25 04:07:00,544 [pool-32-thread-1] INFO  ratis.ContainerStateMachine (ContainerStateMachine.java:loadSnapshot(230)) - group-68CE21FF4457: The snapshot info is null. Setting the last applied indexto:(t:0, i:~)
2019-09-25 04:07:00,544 [pool-32-thread-1] INFO  server.RaftServerConfigKeys (ConfUtils.java:logGet(43)) - raft.server.notification.no-leader.timeout = 120s (custom)
2019-09-25 04:07:00,544 [pool-32-thread-1] INFO  server.RaftServerConfigKeys (ConfUtils.java:logGet(43)) - raft.server.log.use.memory = false (default)
2019-09-25 04:07:00,544 [pool-32-thread-1] INFO  server.RaftServerConfigKeys (ConfUtils.java:logGet(43)) - raft.server.log.purge.gap = 1000000 (custom)
2019-09-25 04:07:00,544 [pool-32-thread-1] INFO  server.RaftServerConfigKeys (ConfUtils.java:logGet(43)) - raft.server.log.appender.buffer.byte-limit = 33554432 (custom)
2019-09-25 04:07:00,545 [pool-32-thread-1] INFO  server.RaftServerConfigKeys (ConfUtils.java:logGet(43)) - raft.server.log.segment.size.max = 1048576 (custom)
2019-09-25 04:07:00,545 [pool-32-thread-1] INFO  server.RaftServerConfigKeys (ConfUtils.java:logGet(43)) - raft.server.log.segment.cache.num.max = 2 (custom)
2019-09-25 04:07:00,545 [pool-32-thread-1] INFO  segmented.SegmentedRaftLogWorker (SegmentedRaftLogWorker.java:<init>(172)) - new a428e86c-e33b-49db-aa7c-e41d27951dea@group-68CE21FF4457-SegmentedRaftLogWorker for RaftStorage:Storage Directory /workdir/hadoop-ozone/integration-test/target/test-dir/MiniOzoneClusterImpl-071aaae5-0202-4fb6-b4d6-510014b63779/datanode-0/data/ratis/bcaa4f52-f418-4acc-99f2-68ce21ff4457
2019-09-25 04:07:00,545 [pool-32-thread-1] INFO  server.RaftServerConfigKeys (ConfUtils.java:logGet(43)) - raft.server.log.queue.byte-limit = 2147483647 (custom)
2019-09-25 04:07:00,545 [pool-32-thread-1] INFO  server.RaftServerConfigKeys (ConfUtils.java:logGet(43)) - raft.server.log.queue.element-limit = 1024 (custom)
2019-09-25 04:07:00,545 [pool-32-thread-1] INFO  server.RaftServerConfigKeys (ConfUtils.java:logGet(43)) - raft.server.log.segment.size.max = 1048576 (custom)
2019-09-25 04:07:00,545 [pool-32-thread-1] INFO  server.RaftServerConfigKeys (ConfUtils.java:logGet(43)) - raft.server.log.preallocated.size = 16384 (custom)
2019-09-25 04:07:00,546 [pool-32-thread-1] INFO  server.RaftServerConfigKeys (ConfUtils.java:logGet(43)) - raft.server.log.write.buffer.size = 33554432 (custom)
2019-09-25 04:07:00,546 [pool-32-thread-1] INFO  server.RaftServerConfigKeys (ConfUtils.java:logGet(43)) - raft.server.log.force.sync.num = 128 (default)
2019-09-25 04:07:00,546 [pool-32-thread-1] INFO  server.RaftServerConfigKeys (ConfUtils.java:logGet(43)) - raft.server.log.statemachine.data.sync = true (default)
2019-09-25 04:07:00,546 [pool-32-thread-1] INFO  server.RaftServerConfigKeys (ConfUtils.java:logGet(43)) - raft.server.log.statemachine.data.sync.timeout = 10s (default)
2019-09-25 04:07:00,546 [pool-32-thread-1] INFO  server.RaftServerConfigKeys (ConfUtils.java:logGet(43)) - raft.server.log.statemachine.data.sync.timeout.retry = -1 (default)
2019-09-25 04:07:00,546 [pool-32-thread-1] INFO  server.RaftServerConfigKeys (ConfUtils.java:logGet(43)) - raft.server.log.statemachine.data.caching.enabled = true (custom)
2019-09-25 04:07:00,547 [pool-32-thread-1] INFO  segmented.SegmentedRaftLogWorker (SegmentedRaftLogWorker.java:lambda$new$0(132)) - a428e86c-e33b-49db-aa7c-e41d27951dea@group-68CE21FF4457-SegmentedRaftLogWorker: flushIndex: setUnconditionally 0 -> -1
2019-09-25 04:07:00,547 [pool-32-thread-1] INFO  server.RaftServerConfigKeys (ConfUtils.java:logGet(43)) - raft.server.snapshot.auto.trigger.enabled = true (custom)
2019-09-25 04:07:00,547 [pool-32-thread-1] INFO  server.RaftServerConfigKeys (ConfUtils.java:logGet(43)) - raft.server.snapshot.auto.trigger.threshold = 10000 (custom)
2019-09-25 04:07:00,547 [pool-32-thread-1] INFO  server.RaftServerConfigKeys (ConfUtils.java:logGet(43)) - raft.server.snapshot.retention.num.files = 5 (custom)
2019-09-25 04:07:00,548 [pool-32-thread-1] INFO  server.RaftServerConfigKeys (ConfUtils.java:logGet(43)) - raft.server.retrycache.expirytime = 600000ms (custom)
2019-09-25 04:07:00,550 [pool-32-thread-1] INFO  impl.RaftServerImpl (RaftServerImpl.java:start(185)) - a428e86c-e33b-49db-aa7c-e41d27951dea@group-68CE21FF4457: start as a follower, conf=-1: [a428e86c-e33b-49db-aa7c-e41d27951dea:192.168.5.161:43255], old=null
2019-09-25 04:07:00,550 [pool-32-thread-1] INFO  impl.RaftServerImpl (RaftServerImpl.java:setRole(174)) - a428e86c-e33b-49db-aa7c-e41d27951dea@group-68CE21FF4457: changes role from      null to FOLLOWER at term 0 for startAsFollower
2019-09-25 04:07:00,551 [pool-32-thread-1] INFO  impl.RoleInfo (RoleInfo.java:updateAndGet(143)) - a428e86c-e33b-49db-aa7c-e41d27951dea: start FollowerState
2019-09-25 04:07:00,551 [pool-32-thread-1] INFO  util.JmxRegister (JmxRegister.java:tryRegister(44)) - Successfully registered JMX Bean with object name Ratis:service=RaftServer,group=group-68CE21FF4457,id=a428e86c-e33b-49db-aa7c-e41d27951dea
2019-09-25 04:07:00,559 [RatisPipelineUtilsThread] INFO  pipeline.PipelineStateManager (PipelineStateManager.java:addPipeline(56)) - Created pipeline Pipeline[ Id: bcaa4f52-f418-4acc-99f2-68ce21ff4457, Nodes: a428e86c-e33b-49db-aa7c-e41d27951dea{ip: 192.168.5.161, host: pr-hdds-1569-zxpks-796972592, networkLocation: /rack1, certSerialId: null}, Type:RATIS, Factor:ONE, State:OPEN]
2019-09-25 04:07:00,560 [main] INFO  ozone.MiniOzoneClusterImpl (MiniOzoneClusterImpl.java:lambda$waitForClusterToBeReady$0(147)) - Cluster is ready. Got 4 of 4 DN Heartbeats.
2019-09-25 04:07:00,571 [grpc-default-executor-0] INFO  impl.RaftServerProxy (RaftServerProxy.java:addNew(89)) - 8a92d001-8b3d-4d35-a434-4b4214762be5: addNew group-9AC06EF8BCBB:[8a92d001-8b3d-4d35-a434-4b4214762be5:192.168.5.161:36790] returns group-9AC06EF8BCBB:java.util.concurrent.CompletableFuture@28b6e07[Not completed]
2019-09-25 04:07:00,572 [pool-42-thread-1] INFO  impl.RaftServerImpl (RaftServerImpl.java:<init>(95)) - 8a92d001-8b3d-4d35-a434-4b4214762be5: new RaftServerImpl for group-9AC06EF8BCBB:[8a92d001-8b3d-4d35-a434-4b4214762be5:192.168.5.161:36790] with ContainerStateMachine:uninitialized
2019-09-25 04:07:00,572 [pool-42-thread-1] INFO  server.RaftServerConfigKeys (ConfUtils.java:logGet(43)) - raft.server.rpc.timeout.min = 5s (custom)
2019-09-25 04:07:00,572 [pool-42-thread-1] INFO  server.RaftServerConfigKeys (ConfUtils.java:logGet(43)) - raft.server.rpc.timeout.max = 5200ms (custom)
2019-09-25 04:07:00,572 [pool-42-thread-1] INFO  server.RaftServerConfigKeys (ConfUtils.java:logGet(43)) - raft.server.rpcslowness.timeout = 120s (custom)
2019-09-25 04:07:00,573 [pool-42-thread-1] INFO  server.RaftServerConfigKeys (ConfUtils.java:logGet(43)) - raft.server.sleep.deviation.threshold = 300 (default)
2019-09-25 04:07:00,573 [pool-42-thread-1] INFO  server.RaftServerConfigKeys (ConfUtils.java:logGet(43)) - raft.server.log.appender.install.snapshot.enabled = false (custom)
2019-09-25 04:07:00,573 [pool-42-thread-1] INFO  impl.RaftServerImpl (ServerState.java:<init>(103)) - 8a92d001-8b3d-4d35-a434-4b4214762be5@group-9AC06EF8BCBB: ConfigurationManager, init=-1: [8a92d001-8b3d-4d35-a434-4b4214762be5:192.168.5.161:36790], old=null, confs=<EMPTY_MAP>
2019-09-25 04:07:00,573 [pool-42-thread-1] INFO  server.RaftServerConfigKeys (ConfUtils.java:logGet(43)) - raft.server.storage.dir = [/workdir/hadoop-ozone/integration-test/target/test-dir/MiniOzoneClusterImpl-071aaae5-0202-4fb6-b4d6-510014b63779/datanode-1/data/ratis] (custom)
2019-09-25 04:07:00,573 [pool-42-thread-1] INFO  storage.RaftStorageDirectory (RaftStorageDirectory.java:analyzeStorage(246)) - The storage directory /workdir/hadoop-ozone/integration-test/target/test-dir/MiniOzoneClusterImpl-071aaae5-0202-4fb6-b4d6-510014b63779/datanode-1/data/ratis/1e7eabf6-a396-4ed0-8ce3-9ac06ef8bcbb does not exist. Creating ...
2019-09-25 04:07:00,590 [pool-42-thread-1] INFO  storage.RaftStorageDirectory (RaftStorageDirectory.java:tryLock(328)) - Lock on /workdir/hadoop-ozone/integration-test/target/test-dir/MiniOzoneClusterImpl-071aaae5-0202-4fb6-b4d6-510014b63779/datanode-1/data/ratis/1e7eabf6-a396-4ed0-8ce3-9ac06ef8bcbb/in_use.lock acquired by nodename 11616@pr-hdds-1569-zxpks-796972592
2019-09-25 04:07:00,604 [pool-42-thread-1] INFO  storage.RaftStorage (RaftStorage.java:format(72)) - Storage directory /workdir/hadoop-ozone/integration-test/target/test-dir/MiniOzoneClusterImpl-071aaae5-0202-4fb6-b4d6-510014b63779/datanode-1/data/ratis/1e7eabf6-a396-4ed0-8ce3-9ac06ef8bcbb has been successfully formatted.
2019-09-25 04:07:00,605 [pool-42-thread-1] INFO  ratis.ContainerStateMachine (ContainerStateMachine.java:loadSnapshot(230)) - group-9AC06EF8BCBB: The snapshot info is null. Setting the last applied indexto:(t:0, i:~)
2019-09-25 04:07:00,605 [pool-42-thread-1] INFO  server.RaftServerConfigKeys (ConfUtils.java:logGet(43)) - raft.server.notification.no-leader.timeout = 120s (custom)
2019-09-25 04:07:00,605 [pool-42-thread-1] INFO  server.RaftServerConfigKeys (ConfUtils.java:logGet(43)) - raft.server.log.use.memory = false (default)
2019-09-25 04:07:00,605 [pool-42-thread-1] INFO  server.RaftServerConfigKeys (ConfUtils.java:logGet(43)) - raft.server.log.purge.gap = 1000000 (custom)
2019-09-25 04:07:00,605 [pool-42-thread-1] INFO  server.RaftServerConfigKeys (ConfUtils.java:logGet(43)) - raft.server.log.appender.buffer.byte-limit = 33554432 (custom)
2019-09-25 04:07:00,605 [pool-42-thread-1] INFO  server.RaftServerConfigKeys (ConfUtils.java:logGet(43)) - raft.server.log.segment.size.max = 1048576 (custom)
2019-09-25 04:07:00,605 [pool-42-thread-1] INFO  server.RaftServerConfigKeys (ConfUtils.java:logGet(43)) - raft.server.log.segment.cache.num.max = 2 (custom)
2019-09-25 04:07:00,606 [pool-42-thread-1] INFO  segmented.SegmentedRaftLogWorker (SegmentedRaftLogWorker.java:<init>(172)) - new 8a92d001-8b3d-4d35-a434-4b4214762be5@group-9AC06EF8BCBB-SegmentedRaftLogWorker for RaftStorage:Storage Directory /workdir/hadoop-ozone/integration-test/target/test-dir/MiniOzoneClusterImpl-071aaae5-0202-4fb6-b4d6-510014b63779/datanode-1/data/ratis/1e7eabf6-a396-4ed0-8ce3-9ac06ef8bcbb
2019-09-25 04:07:00,606 [pool-42-thread-1] INFO  server.RaftServerConfigKeys (ConfUtils.java:logGet(43)) - raft.server.log.queue.byte-limit = 2147483647 (custom)
2019-09-25 04:07:00,606 [pool-42-thread-1] INFO  server.RaftServerConfigKeys (ConfUtils.java:logGet(43)) - raft.server.log.queue.element-limit = 1024 (custom)
2019-09-25 04:07:00,606 [pool-42-thread-1] INFO  server.RaftServerConfigKeys (ConfUtils.java:logGet(43)) - raft.server.log.segment.size.max = 1048576 (custom)
2019-09-25 04:07:00,606 [pool-42-thread-1] INFO  server.RaftServerConfigKeys (ConfUtils.java:logGet(43)) - raft.server.log.preallocated.size = 16384 (custom)
2019-09-25 04:07:00,606 [pool-42-thread-1] INFO  server.RaftServerConfigKeys (ConfUtils.java:logGet(43)) - raft.server.log.write.buffer.size = 33554432 (custom)
2019-09-25 04:07:00,606 [pool-42-thread-1] INFO  server.RaftServerConfigKeys (ConfUtils.java:logGet(43)) - raft.server.log.force.sync.num = 128 (default)
2019-09-25 04:07:00,606 [pool-42-thread-1] INFO  server.RaftServerConfigKeys (ConfUtils.java:logGet(43)) - raft.server.log.statemachine.data.sync = true (default)
2019-09-25 04:07:00,606 [pool-42-thread-1] INFO  server.RaftServerConfigKeys (ConfUtils.java:logGet(43)) - raft.server.log.statemachine.data.sync.timeout = 10s (default)
2019-09-25 04:07:00,607 [pool-42-thread-1] INFO  server.RaftServerConfigKeys (ConfUtils.java:logGet(43)) - raft.server.log.statemachine.data.sync.timeout.retry = -1 (default)
2019-09-25 04:07:00,607 [pool-42-thread-1] INFO  server.RaftServerConfigKeys (ConfUtils.java:logGet(43)) - raft.server.log.statemachine.data.caching.enabled = true (custom)
2019-09-25 04:07:00,607 [pool-42-thread-1] INFO  segmented.SegmentedRaftLogWorker (SegmentedRaftLogWorker.java:lambda$new$0(132)) - 8a92d001-8b3d-4d35-a434-4b4214762be5@group-9AC06EF8BCBB-SegmentedRaftLogWorker: flushIndex: setUnconditionally 0 -> -1
2019-09-25 04:07:00,607 [pool-42-thread-1] INFO  server.RaftServerConfigKeys (ConfUtils.java:logGet(43)) - raft.server.snapshot.auto.trigger.enabled = true (custom)
2019-09-25 04:07:00,607 [pool-42-thread-1] INFO  server.RaftServerConfigKeys (ConfUtils.java:logGet(43)) - raft.server.snapshot.auto.trigger.threshold = 10000 (custom)
2019-09-25 04:07:00,608 [pool-42-thread-1] INFO  server.RaftServerConfigKeys (ConfUtils.java:logGet(43)) - raft.server.snapshot.retention.num.files = 5 (custom)
2019-09-25 04:07:00,608 [pool-42-thread-1] INFO  server.RaftServerConfigKeys (ConfUtils.java:logGet(43)) - raft.server.retrycache.expirytime = 600000ms (custom)
2019-09-25 04:07:00,610 [pool-42-thread-1] INFO  impl.RaftServerImpl (RaftServerImpl.java:start(185)) - 8a92d001-8b3d-4d35-a434-4b4214762be5@group-9AC06EF8BCBB: start as a follower, conf=-1: [8a92d001-8b3d-4d35-a434-4b4214762be5:192.168.5.161:36790], old=null
2019-09-25 04:07:00,610 [pool-42-thread-1] INFO  impl.RaftServerImpl (RaftServerImpl.java:setRole(174)) - 8a92d001-8b3d-4d35-a434-4b4214762be5@group-9AC06EF8BCBB: changes role from      null to FOLLOWER at term 0 for startAsFollower
2019-09-25 04:07:00,610 [pool-42-thread-1] INFO  impl.RoleInfo (RoleInfo.java:updateAndGet(143)) - 8a92d001-8b3d-4d35-a434-4b4214762be5: start FollowerState
2019-09-25 04:07:00,611 [pool-42-thread-1] INFO  util.JmxRegister (JmxRegister.java:tryRegister(44)) - Successfully registered JMX Bean with object name Ratis:service=RaftServer,group=group-9AC06EF8BCBB,id=8a92d001-8b3d-4d35-a434-4b4214762be5
2019-09-25 04:07:00,619 [RatisPipelineUtilsThread] INFO  pipeline.PipelineStateManager (PipelineStateManager.java:addPipeline(56)) - Created pipeline Pipeline[ Id: 1e7eabf6-a396-4ed0-8ce3-9ac06ef8bcbb, Nodes: 8a92d001-8b3d-4d35-a434-4b4214762be5{ip: 192.168.5.161, host: pr-hdds-1569-zxpks-796972592, networkLocation: /rack1, certSerialId: null}, Type:RATIS, Factor:ONE, State:OPEN]
2019-09-25 04:07:00,629 [grpc-default-executor-0] INFO  impl.RaftServerProxy (RaftServerProxy.java:addNew(89)) - 8a92d001-8b3d-4d35-a434-4b4214762be5: addNew group-75F113B5AA30:[8a92d001-8b3d-4d35-a434-4b4214762be5:192.168.5.161:36790] returns group-75F113B5AA30:java.util.concurrent.CompletableFuture@7cfc1212[Not completed]
2019-09-25 04:07:00,630 [pool-42-thread-1] INFO  impl.RaftServerImpl (RaftServerImpl.java:<init>(95)) - 8a92d001-8b3d-4d35-a434-4b4214762be5: new RaftServerImpl for group-75F113B5AA30:[8a92d001-8b3d-4d35-a434-4b4214762be5:192.168.5.161:36790] with ContainerStateMachine:uninitialized
2019-09-25 04:07:00,630 [pool-42-thread-1] INFO  server.RaftServerConfigKeys (ConfUtils.java:logGet(43)) - raft.server.rpc.timeout.min = 5s (custom)
2019-09-25 04:07:00,631 [pool-42-thread-1] INFO  server.RaftServerConfigKeys (ConfUtils.java:logGet(43)) - raft.server.rpc.timeout.max = 5200ms (custom)
2019-09-25 04:07:00,631 [pool-42-thread-1] INFO  server.RaftServerConfigKeys (ConfUtils.java:logGet(43)) - raft.server.rpcslowness.timeout = 120s (custom)
2019-09-25 04:07:00,631 [pool-42-thread-1] INFO  server.RaftServerConfigKeys (ConfUtils.java:logGet(43)) - raft.server.sleep.deviation.threshold = 300 (default)
2019-09-25 04:07:00,631 [pool-42-thread-1] INFO  server.RaftServerConfigKeys (ConfUtils.java:logGet(43)) - raft.server.log.appender.install.snapshot.enabled = false (custom)
2019-09-25 04:07:00,631 [pool-42-thread-1] INFO  impl.RaftServerImpl (ServerState.java:<init>(103)) - 8a92d001-8b3d-4d35-a434-4b4214762be5@group-75F113B5AA30: ConfigurationManager, init=-1: [8a92d001-8b3d-4d35-a434-4b4214762be5:192.168.5.161:36790], old=null, confs=<EMPTY_MAP>
2019-09-25 04:07:00,631 [pool-42-thread-1] INFO  server.RaftServerConfigKeys (ConfUtils.java:logGet(43)) - raft.server.storage.dir = [/workdir/hadoop-ozone/integration-test/target/test-dir/MiniOzoneClusterImpl-071aaae5-0202-4fb6-b4d6-510014b63779/datanode-1/data/ratis] (custom)
2019-09-25 04:07:00,631 [pool-42-thread-1] INFO  storage.RaftStorageDirectory (RaftStorageDirectory.java:analyzeStorage(246)) - The storage directory /workdir/hadoop-ozone/integration-test/target/test-dir/MiniOzoneClusterImpl-071aaae5-0202-4fb6-b4d6-510014b63779/datanode-1/data/ratis/ebfe7be3-7f38-4bb4-bfe0-75f113b5aa30 does not exist. Creating ...
2019-09-25 04:07:00,654 [pool-42-thread-1] INFO  storage.RaftStorageDirectory (RaftStorageDirectory.java:tryLock(328)) - Lock on /workdir/hadoop-ozone/integration-test/target/test-dir/MiniOzoneClusterImpl-071aaae5-0202-4fb6-b4d6-510014b63779/datanode-1/data/ratis/ebfe7be3-7f38-4bb4-bfe0-75f113b5aa30/in_use.lock acquired by nodename 11616@pr-hdds-1569-zxpks-796972592
2019-09-25 04:07:00,671 [pool-42-thread-1] INFO  storage.RaftStorage (RaftStorage.java:format(72)) - Storage directory /workdir/hadoop-ozone/integration-test/target/test-dir/MiniOzoneClusterImpl-071aaae5-0202-4fb6-b4d6-510014b63779/datanode-1/data/ratis/ebfe7be3-7f38-4bb4-bfe0-75f113b5aa30 has been successfully formatted.
2019-09-25 04:07:00,671 [pool-42-thread-1] INFO  ratis.ContainerStateMachine (ContainerStateMachine.java:loadSnapshot(230)) - group-75F113B5AA30: The snapshot info is null. Setting the last applied indexto:(t:0, i:~)
2019-09-25 04:07:00,671 [pool-42-thread-1] INFO  server.RaftServerConfigKeys (ConfUtils.java:logGet(43)) - raft.server.notification.no-leader.timeout = 120s (custom)
2019-09-25 04:07:00,671 [pool-42-thread-1] INFO  server.RaftServerConfigKeys (ConfUtils.java:logGet(43)) - raft.server.log.use.memory = false (default)
2019-09-25 04:07:00,671 [pool-42-thread-1] INFO  server.RaftServerConfigKeys (ConfUtils.java:logGet(43)) - raft.server.log.purge.gap = 1000000 (custom)
2019-09-25 04:07:00,672 [pool-42-thread-1] INFO  server.RaftServerConfigKeys (ConfUtils.java:logGet(43)) - raft.server.log.appender.buffer.byte-limit = 33554432 (custom)
2019-09-25 04:07:00,672 [pool-42-thread-1] INFO  server.RaftServerConfigKeys (ConfUtils.java:logGet(43)) - raft.server.log.segment.size.max = 1048576 (custom)
2019-09-25 04:07:00,672 [pool-42-thread-1] INFO  server.RaftServerConfigKeys (ConfUtils.java:logGet(43)) - raft.server.log.segment.cache.num.max = 2 (custom)
2019-09-25 04:07:00,672 [pool-42-thread-1] INFO  segmented.SegmentedRaftLogWorker (SegmentedRaftLogWorker.java:<init>(172)) - new 8a92d001-8b3d-4d35-a434-4b4214762be5@group-75F113B5AA30-SegmentedRaftLogWorker for RaftStorage:Storage Directory /workdir/hadoop-ozone/integration-test/target/test-dir/MiniOzoneClusterImpl-071aaae5-0202-4fb6-b4d6-510014b63779/datanode-1/data/ratis/ebfe7be3-7f38-4bb4-bfe0-75f113b5aa30
2019-09-25 04:07:00,672 [pool-42-thread-1] INFO  server.RaftServerConfigKeys (ConfUtils.java:logGet(43)) - raft.server.log.queue.byte-limit = 2147483647 (custom)
2019-09-25 04:07:00,673 [pool-42-thread-1] INFO  server.RaftServerConfigKeys (ConfUtils.java:logGet(43)) - raft.server.log.queue.element-limit = 1024 (custom)
2019-09-25 04:07:00,673 [pool-42-thread-1] INFO  server.RaftServerConfigKeys (ConfUtils.java:logGet(43)) - raft.server.log.segment.size.max = 1048576 (custom)
2019-09-25 04:07:00,673 [pool-42-thread-1] INFO  server.RaftServerConfigKeys (ConfUtils.java:logGet(43)) - raft.server.log.preallocated.size = 16384 (custom)
2019-09-25 04:07:00,673 [pool-42-thread-1] INFO  server.RaftServerConfigKeys (ConfUtils.java:logGet(43)) - raft.server.log.write.buffer.size = 33554432 (custom)
2019-09-25 04:07:00,673 [pool-42-thread-1] INFO  server.RaftServerConfigKeys (ConfUtils.java:logGet(43)) - raft.server.log.force.sync.num = 128 (default)
2019-09-25 04:07:00,673 [pool-42-thread-1] INFO  server.RaftServerConfigKeys (ConfUtils.java:logGet(43)) - raft.server.log.statemachine.data.sync = true (default)
2019-09-25 04:07:00,674 [pool-42-thread-1] INFO  server.RaftServerConfigKeys (ConfUtils.java:logGet(43)) - raft.server.log.statemachine.data.sync.timeout = 10s (default)
2019-09-25 04:07:00,674 [pool-42-thread-1] INFO  server.RaftServerConfigKeys (ConfUtils.java:logGet(43)) - raft.server.log.statemachine.data.sync.timeout.retry = -1 (default)
2019-09-25 04:07:00,674 [pool-42-thread-1] INFO  server.RaftServerConfigKeys (ConfUtils.java:logGet(43)) - raft.server.log.statemachine.data.caching.enabled = true (custom)
2019-09-25 04:07:00,674 [pool-42-thread-1] INFO  segmented.SegmentedRaftLogWorker (SegmentedRaftLogWorker.java:lambda$new$0(132)) - 8a92d001-8b3d-4d35-a434-4b4214762be5@group-75F113B5AA30-SegmentedRaftLogWorker: flushIndex: setUnconditionally 0 -> -1
2019-09-25 04:07:00,675 [pool-42-thread-1] INFO  server.RaftServerConfigKeys (ConfUtils.java:logGet(43)) - raft.server.snapshot.auto.trigger.enabled = true (custom)
2019-09-25 04:07:00,675 [pool-42-thread-1] INFO  server.RaftServerConfigKeys (ConfUtils.java:logGet(43)) - raft.server.snapshot.auto.trigger.threshold = 10000 (custom)
2019-09-25 04:07:00,675 [pool-42-thread-1] INFO  server.RaftServerConfigKeys (ConfUtils.java:logGet(43)) - raft.server.snapshot.retention.num.files = 5 (custom)
2019-09-25 04:07:00,675 [pool-42-thread-1] INFO  server.RaftServerConfigKeys (ConfUtils.java:logGet(43)) - raft.server.retrycache.expirytime = 600000ms (custom)
2019-09-25 04:07:00,679 [pool-42-thread-1] INFO  impl.RaftServerImpl (RaftServerImpl.java:start(185)) - 8a92d001-8b3d-4d35-a434-4b4214762be5@group-75F113B5AA30: start as a follower, conf=-1: [8a92d001-8b3d-4d35-a434-4b4214762be5:192.168.5.161:36790], old=null
2019-09-25 04:07:00,679 [pool-42-thread-1] INFO  impl.RaftServerImpl (RaftServerImpl.java:setRole(174)) - 8a92d001-8b3d-4d35-a434-4b4214762be5@group-75F113B5AA30: changes role from      null to FOLLOWER at term 0 for startAsFollower
2019-09-25 04:07:00,679 [pool-42-thread-1] INFO  impl.RoleInfo (RoleInfo.java:updateAndGet(143)) - 8a92d001-8b3d-4d35-a434-4b4214762be5: start FollowerState
2019-09-25 04:07:00,680 [pool-42-thread-1] INFO  util.JmxRegister (JmxRegister.java:tryRegister(44)) - Successfully registered JMX Bean with object name Ratis:service=RaftServer,group=group-75F113B5AA30,id=8a92d001-8b3d-4d35-a434-4b4214762be5
2019-09-25 04:07:00,687 [RatisPipelineUtilsThread] INFO  pipeline.PipelineStateManager (PipelineStateManager.java:addPipeline(56)) - Created pipeline Pipeline[ Id: ebfe7be3-7f38-4bb4-bfe0-75f113b5aa30, Nodes: 8a92d001-8b3d-4d35-a434-4b4214762be5{ip: 192.168.5.161, host: pr-hdds-1569-zxpks-796972592, networkLocation: /rack1, certSerialId: null}, Type:RATIS, Factor:ONE, State:OPEN]
2019-09-25 04:07:00,698 [grpc-default-executor-0] INFO  impl.RaftServerProxy (RaftServerProxy.java:addNew(89)) - 8a92d001-8b3d-4d35-a434-4b4214762be5: addNew group-274E22FFDF78:[8a92d001-8b3d-4d35-a434-4b4214762be5:192.168.5.161:36790] returns group-274E22FFDF78:java.util.concurrent.CompletableFuture@49c9ff7d[Not completed]
2019-09-25 04:07:00,700 [pool-42-thread-1] INFO  impl.RaftServerImpl (RaftServerImpl.java:<init>(95)) - 8a92d001-8b3d-4d35-a434-4b4214762be5: new RaftServerImpl for group-274E22FFDF78:[8a92d001-8b3d-4d35-a434-4b4214762be5:192.168.5.161:36790] with ContainerStateMachine:uninitialized
2019-09-25 04:07:00,700 [pool-42-thread-1] INFO  server.RaftServerConfigKeys (ConfUtils.java:logGet(43)) - raft.server.rpc.timeout.min = 5s (custom)
2019-09-25 04:07:00,701 [pool-42-thread-1] INFO  server.RaftServerConfigKeys (ConfUtils.java:logGet(43)) - raft.server.rpc.timeout.max = 5200ms (custom)
2019-09-25 04:07:00,701 [pool-42-thread-1] INFO  server.RaftServerConfigKeys (ConfUtils.java:logGet(43)) - raft.server.rpcslowness.timeout = 120s (custom)
2019-09-25 04:07:00,701 [pool-42-thread-1] INFO  server.RaftServerConfigKeys (ConfUtils.java:logGet(43)) - raft.server.sleep.deviation.threshold = 300 (default)
2019-09-25 04:07:00,701 [pool-42-thread-1] INFO  server.RaftServerConfigKeys (ConfUtils.java:logGet(43)) - raft.server.log.appender.install.snapshot.enabled = false (custom)
2019-09-25 04:07:00,701 [pool-42-thread-1] INFO  impl.RaftServerImpl (ServerState.java:<init>(103)) - 8a92d001-8b3d-4d35-a434-4b4214762be5@group-274E22FFDF78: ConfigurationManager, init=-1: [8a92d001-8b3d-4d35-a434-4b4214762be5:192.168.5.161:36790], old=null, confs=<EMPTY_MAP>
2019-09-25 04:07:00,701 [pool-42-thread-1] INFO  server.RaftServerConfigKeys (ConfUtils.java:logGet(43)) - raft.server.storage.dir = [/workdir/hadoop-ozone/integration-test/target/test-dir/MiniOzoneClusterImpl-071aaae5-0202-4fb6-b4d6-510014b63779/datanode-1/data/ratis] (custom)
2019-09-25 04:07:00,702 [pool-42-thread-1] INFO  storage.RaftStorageDirectory (RaftStorageDirectory.java:analyzeStorage(246)) - The storage directory /workdir/hadoop-ozone/integration-test/target/test-dir/MiniOzoneClusterImpl-071aaae5-0202-4fb6-b4d6-510014b63779/datanode-1/data/ratis/16ca8a23-b86b-47b7-98e9-274e22ffdf78 does not exist. Creating ...
2019-09-25 04:07:00,720 [pool-42-thread-1] INFO  storage.RaftStorageDirectory (RaftStorageDirectory.java:tryLock(328)) - Lock on /workdir/hadoop-ozone/integration-test/target/test-dir/MiniOzoneClusterImpl-071aaae5-0202-4fb6-b4d6-510014b63779/datanode-1/data/ratis/16ca8a23-b86b-47b7-98e9-274e22ffdf78/in_use.lock acquired by nodename 11616@pr-hdds-1569-zxpks-796972592
2019-09-25 04:07:00,816 [pool-42-thread-1] INFO  storage.RaftStorage (RaftStorage.java:format(72)) - Storage directory /workdir/hadoop-ozone/integration-test/target/test-dir/MiniOzoneClusterImpl-071aaae5-0202-4fb6-b4d6-510014b63779/datanode-1/data/ratis/16ca8a23-b86b-47b7-98e9-274e22ffdf78 has been successfully formatted.
2019-09-25 04:07:00,816 [pool-42-thread-1] INFO  ratis.ContainerStateMachine (ContainerStateMachine.java:loadSnapshot(230)) - group-274E22FFDF78: The snapshot info is null. Setting the last applied indexto:(t:0, i:~)
2019-09-25 04:07:00,817 [pool-42-thread-1] INFO  server.RaftServerConfigKeys (ConfUtils.java:logGet(43)) - raft.server.notification.no-leader.timeout = 120s (custom)
2019-09-25 04:07:00,817 [pool-42-thread-1] INFO  server.RaftServerConfigKeys (ConfUtils.java:logGet(43)) - raft.server.log.use.memory = false (default)
2019-09-25 04:07:00,817 [pool-42-thread-1] INFO  server.RaftServerConfigKeys (ConfUtils.java:logGet(43)) - raft.server.log.purge.gap = 1000000 (custom)
2019-09-25 04:07:00,817 [pool-42-thread-1] INFO  server.RaftServerConfigKeys (ConfUtils.java:logGet(43)) - raft.server.log.appender.buffer.byte-limit = 33554432 (custom)
2019-09-25 04:07:00,817 [pool-42-thread-1] INFO  server.RaftServerConfigKeys (ConfUtils.java:logGet(43)) - raft.server.log.segment.size.max = 1048576 (custom)
2019-09-25 04:07:00,818 [pool-42-thread-1] INFO  server.RaftServerConfigKeys (ConfUtils.java:logGet(43)) - raft.server.log.segment.cache.num.max = 2 (custom)
2019-09-25 04:07:00,818 [pool-42-thread-1] INFO  segmented.SegmentedRaftLogWorker (SegmentedRaftLogWorker.java:<init>(172)) - new 8a92d001-8b3d-4d35-a434-4b4214762be5@group-274E22FFDF78-SegmentedRaftLogWorker for RaftStorage:Storage Directory /workdir/hadoop-ozone/integration-test/target/test-dir/MiniOzoneClusterImpl-071aaae5-0202-4fb6-b4d6-510014b63779/datanode-1/data/ratis/16ca8a23-b86b-47b7-98e9-274e22ffdf78
2019-09-25 04:07:00,818 [pool-42-thread-1] INFO  server.RaftServerConfigKeys (ConfUtils.java:logGet(43)) - raft.server.log.queue.byte-limit = 2147483647 (custom)
2019-09-25 04:07:00,818 [pool-42-thread-1] INFO  server.RaftServerConfigKeys (ConfUtils.java:logGet(43)) - raft.server.log.queue.element-limit = 1024 (custom)
2019-09-25 04:07:00,818 [pool-42-thread-1] INFO  server.RaftServerConfigKeys (ConfUtils.java:logGet(43)) - raft.server.log.segment.size.max = 1048576 (custom)
2019-09-25 04:07:00,818 [pool-42-thread-1] INFO  server.RaftServerConfigKeys (ConfUtils.java:logGet(43)) - raft.server.log.preallocated.size = 16384 (custom)
2019-09-25 04:07:00,819 [pool-42-thread-1] INFO  server.RaftServerConfigKeys (ConfUtils.java:logGet(43)) - raft.server.log.write.buffer.size = 33554432 (custom)
2019-09-25 04:07:00,819 [pool-42-thread-1] INFO  server.RaftServerConfigKeys (ConfUtils.java:logGet(43)) - raft.server.log.force.sync.num = 128 (default)
2019-09-25 04:07:00,819 [pool-42-thread-1] INFO  server.RaftServerConfigKeys (ConfUtils.java:logGet(43)) - raft.server.log.statemachine.data.sync = true (default)
2019-09-25 04:07:00,819 [pool-42-thread-1] INFO  server.RaftServerConfigKeys (ConfUtils.java:logGet(43)) - raft.server.log.statemachine.data.sync.timeout = 10s (default)
2019-09-25 04:07:00,819 [pool-42-thread-1] INFO  server.RaftServerConfigKeys (ConfUtils.java:logGet(43)) - raft.server.log.statemachine.data.sync.timeout.retry = -1 (default)
2019-09-25 04:07:00,820 [pool-42-thread-1] INFO  server.RaftServerConfigKeys (ConfUtils.java:logGet(43)) - raft.server.log.statemachine.data.caching.enabled = true (custom)
2019-09-25 04:07:00,820 [pool-42-thread-1] INFO  segmented.SegmentedRaftLogWorker (SegmentedRaftLogWorker.java:lambda$new$0(132)) - 8a92d001-8b3d-4d35-a434-4b4214762be5@group-274E22FFDF78-SegmentedRaftLogWorker: flushIndex: setUnconditionally 0 -> -1
2019-09-25 04:07:00,820 [pool-42-thread-1] INFO  server.RaftServerConfigKeys (ConfUtils.java:logGet(43)) - raft.server.snapshot.auto.trigger.enabled = true (custom)
2019-09-25 04:07:00,820 [pool-42-thread-1] INFO  server.RaftServerConfigKeys (ConfUtils.java:logGet(43)) - raft.server.snapshot.auto.trigger.threshold = 10000 (custom)
2019-09-25 04:07:00,821 [pool-42-thread-1] INFO  server.RaftServerConfigKeys (ConfUtils.java:logGet(43)) - raft.server.snapshot.retention.num.files = 5 (custom)
2019-09-25 04:07:00,821 [pool-42-thread-1] INFO  server.RaftServerConfigKeys (ConfUtils.java:logGet(43)) - raft.server.retrycache.expirytime = 600000ms (custom)
2019-09-25 04:07:00,824 [pool-42-thread-1] INFO  impl.RaftServerImpl (RaftServerImpl.java:start(185)) - 8a92d001-8b3d-4d35-a434-4b4214762be5@group-274E22FFDF78: start as a follower, conf=-1: [8a92d001-8b3d-4d35-a434-4b4214762be5:192.168.5.161:36790], old=null
2019-09-25 04:07:00,825 [pool-42-thread-1] INFO  impl.RaftServerImpl (RaftServerImpl.java:setRole(174)) - 8a92d001-8b3d-4d35-a434-4b4214762be5@group-274E22FFDF78: changes role from      null to FOLLOWER at term 0 for startAsFollower
2019-09-25 04:07:00,825 [pool-42-thread-1] INFO  impl.RoleInfo (RoleInfo.java:updateAndGet(143)) - 8a92d001-8b3d-4d35-a434-4b4214762be5: start FollowerState
2019-09-25 04:07:00,825 [pool-42-thread-1] INFO  util.JmxRegister (JmxRegister.java:tryRegister(44)) - Successfully registered JMX Bean with object name Ratis:service=RaftServer,group=group-274E22FFDF78,id=8a92d001-8b3d-4d35-a434-4b4214762be5
2019-09-25 04:07:00,840 [RatisPipelineUtilsThread] INFO  pipeline.PipelineStateManager (PipelineStateManager.java:addPipeline(56)) - Created pipeline Pipeline[ Id: 16ca8a23-b86b-47b7-98e9-274e22ffdf78, Nodes: 8a92d001-8b3d-4d35-a434-4b4214762be5{ip: 192.168.5.161, host: pr-hdds-1569-zxpks-796972592, networkLocation: /rack1, certSerialId: null}, Type:RATIS, Factor:ONE, State:OPEN]
2019-09-25 04:07:00,856 [grpc-default-executor-0] INFO  impl.RaftServerProxy (RaftServerProxy.java:addNew(89)) - 32f4ed37-bf41-4fef-a9ff-904b5f6d48f0: addNew group-BE1C376BE843:[32f4ed37-bf41-4fef-a9ff-904b5f6d48f0:192.168.5.161:33839] returns group-BE1C376BE843:java.util.concurrent.CompletableFuture@6038c0b4[Not completed]
2019-09-25 04:07:00,858 [pool-52-thread-1] INFO  impl.RaftServerImpl (RaftServerImpl.java:<init>(95)) - 32f4ed37-bf41-4fef-a9ff-904b5f6d48f0: new RaftServerImpl for group-BE1C376BE843:[32f4ed37-bf41-4fef-a9ff-904b5f6d48f0:192.168.5.161:33839] with ContainerStateMachine:uninitialized
2019-09-25 04:07:00,858 [pool-52-thread-1] INFO  server.RaftServerConfigKeys (ConfUtils.java:logGet(43)) - raft.server.rpc.timeout.min = 5s (custom)
2019-09-25 04:07:00,859 [pool-52-thread-1] INFO  server.RaftServerConfigKeys (ConfUtils.java:logGet(43)) - raft.server.rpc.timeout.max = 5200ms (custom)
2019-09-25 04:07:00,859 [pool-52-thread-1] INFO  server.RaftServerConfigKeys (ConfUtils.java:logGet(43)) - raft.server.rpcslowness.timeout = 120s (custom)
2019-09-25 04:07:00,859 [pool-52-thread-1] INFO  server.RaftServerConfigKeys (ConfUtils.java:logGet(43)) - raft.server.sleep.deviation.threshold = 300 (default)
2019-09-25 04:07:00,859 [pool-52-thread-1] INFO  server.RaftServerConfigKeys (ConfUtils.java:logGet(43)) - raft.server.log.appender.install.snapshot.enabled = false (custom)
2019-09-25 04:07:00,859 [pool-52-thread-1] INFO  impl.RaftServerImpl (ServerState.java:<init>(103)) - 32f4ed37-bf41-4fef-a9ff-904b5f6d48f0@group-BE1C376BE843: ConfigurationManager, init=-1: [32f4ed37-bf41-4fef-a9ff-904b5f6d48f0:192.168.5.161:33839], old=null, confs=<EMPTY_MAP>
2019-09-25 04:07:00,859 [pool-52-thread-1] INFO  server.RaftServerConfigKeys (ConfUtils.java:logGet(43)) - raft.server.storage.dir = [/workdir/hadoop-ozone/integration-test/target/test-dir/MiniOzoneClusterImpl-071aaae5-0202-4fb6-b4d6-510014b63779/datanode-2/data/ratis] (custom)
2019-09-25 04:07:00,860 [pool-52-thread-1] INFO  storage.RaftStorageDirectory (RaftStorageDirectory.java:analyzeStorage(246)) - The storage directory /workdir/hadoop-ozone/integration-test/target/test-dir/MiniOzoneClusterImpl-071aaae5-0202-4fb6-b4d6-510014b63779/datanode-2/data/ratis/4af3025f-4cdd-41b6-b22c-be1c376be843 does not exist. Creating ...
2019-09-25 04:07:00,873 [pool-52-thread-1] INFO  storage.RaftStorageDirectory (RaftStorageDirectory.java:tryLock(328)) - Lock on /workdir/hadoop-ozone/integration-test/target/test-dir/MiniOzoneClusterImpl-071aaae5-0202-4fb6-b4d6-510014b63779/datanode-2/data/ratis/4af3025f-4cdd-41b6-b22c-be1c376be843/in_use.lock acquired by nodename 11616@pr-hdds-1569-zxpks-796972592
2019-09-25 04:07:00,886 [pool-52-thread-1] INFO  storage.RaftStorage (RaftStorage.java:format(72)) - Storage directory /workdir/hadoop-ozone/integration-test/target/test-dir/MiniOzoneClusterImpl-071aaae5-0202-4fb6-b4d6-510014b63779/datanode-2/data/ratis/4af3025f-4cdd-41b6-b22c-be1c376be843 has been successfully formatted.
2019-09-25 04:07:00,886 [pool-52-thread-1] INFO  ratis.ContainerStateMachine (ContainerStateMachine.java:loadSnapshot(230)) - group-BE1C376BE843: The snapshot info is null. Setting the last applied indexto:(t:0, i:~)
2019-09-25 04:07:00,886 [pool-52-thread-1] INFO  server.RaftServerConfigKeys (ConfUtils.java:logGet(43)) - raft.server.notification.no-leader.timeout = 120s (custom)
2019-09-25 04:07:00,887 [pool-52-thread-1] INFO  server.RaftServerConfigKeys (ConfUtils.java:logGet(43)) - raft.server.log.use.memory = false (default)
2019-09-25 04:07:00,887 [pool-52-thread-1] INFO  server.RaftServerConfigKeys (ConfUtils.java:logGet(43)) - raft.server.log.purge.gap = 1000000 (custom)
2019-09-25 04:07:00,887 [pool-52-thread-1] INFO  server.RaftServerConfigKeys (ConfUtils.java:logGet(43)) - raft.server.log.appender.buffer.byte-limit = 33554432 (custom)
2019-09-25 04:07:00,887 [pool-52-thread-1] INFO  server.RaftServerConfigKeys (ConfUtils.java:logGet(43)) - raft.server.log.segment.size.max = 1048576 (custom)
2019-09-25 04:07:00,887 [pool-52-thread-1] INFO  server.RaftServerConfigKeys (ConfUtils.java:logGet(43)) - raft.server.log.segment.cache.num.max = 2 (custom)
2019-09-25 04:07:00,887 [pool-52-thread-1] INFO  segmented.SegmentedRaftLogWorker (SegmentedRaftLogWorker.java:<init>(172)) - new 32f4ed37-bf41-4fef-a9ff-904b5f6d48f0@group-BE1C376BE843-SegmentedRaftLogWorker for RaftStorage:Storage Directory /workdir/hadoop-ozone/integration-test/target/test-dir/MiniOzoneClusterImpl-071aaae5-0202-4fb6-b4d6-510014b63779/datanode-2/data/ratis/4af3025f-4cdd-41b6-b22c-be1c376be843
2019-09-25 04:07:00,887 [pool-52-thread-1] INFO  server.RaftServerConfigKeys (ConfUtils.java:logGet(43)) - raft.server.log.queue.byte-limit = 2147483647 (custom)
2019-09-25 04:07:00,888 [pool-52-thread-1] INFO  server.RaftServerConfigKeys (ConfUtils.java:logGet(43)) - raft.server.log.queue.element-limit = 1024 (custom)
2019-09-25 04:07:00,888 [pool-52-thread-1] INFO  server.RaftServerConfigKeys (ConfUtils.java:logGet(43)) - raft.server.log.segment.size.max = 1048576 (custom)
2019-09-25 04:07:00,888 [pool-52-thread-1] INFO  server.RaftServerConfigKeys (ConfUtils.java:logGet(43)) - raft.server.log.preallocated.size = 16384 (custom)
2019-09-25 04:07:00,888 [pool-52-thread-1] INFO  server.RaftServerConfigKeys (ConfUtils.java:logGet(43)) - raft.server.log.write.buffer.size = 33554432 (custom)
2019-09-25 04:07:00,888 [pool-52-thread-1] INFO  server.RaftServerConfigKeys (ConfUtils.java:logGet(43)) - raft.server.log.force.sync.num = 128 (default)
2019-09-25 04:07:00,888 [pool-52-thread-1] INFO  server.RaftServerConfigKeys (ConfUtils.java:logGet(43)) - raft.server.log.statemachine.data.sync = true (default)
2019-09-25 04:07:00,889 [pool-52-thread-1] INFO  server.RaftServerConfigKeys (ConfUtils.java:logGet(43)) - raft.server.log.statemachine.data.sync.timeout = 10s (default)
2019-09-25 04:07:00,889 [pool-52-thread-1] INFO  server.RaftServerConfigKeys (ConfUtils.java:logGet(43)) - raft.server.log.statemachine.data.sync.timeout.retry = -1 (default)
2019-09-25 04:07:00,889 [pool-52-thread-1] INFO  server.RaftServerConfigKeys (ConfUtils.java:logGet(43)) - raft.server.log.statemachine.data.caching.enabled = true (custom)
2019-09-25 04:07:00,889 [pool-52-thread-1] INFO  segmented.SegmentedRaftLogWorker (SegmentedRaftLogWorker.java:lambda$new$0(132)) - 32f4ed37-bf41-4fef-a9ff-904b5f6d48f0@group-BE1C376BE843-SegmentedRaftLogWorker: flushIndex: setUnconditionally 0 -> -1
2019-09-25 04:07:00,890 [pool-52-thread-1] INFO  server.RaftServerConfigKeys (ConfUtils.java:logGet(43)) - raft.server.snapshot.auto.trigger.enabled = true (custom)
2019-09-25 04:07:00,890 [pool-52-thread-1] INFO  server.RaftServerConfigKeys (ConfUtils.java:logGet(43)) - raft.server.snapshot.auto.trigger.threshold = 10000 (custom)
2019-09-25 04:07:00,890 [pool-52-thread-1] INFO  server.RaftServerConfigKeys (ConfUtils.java:logGet(43)) - raft.server.snapshot.retention.num.files = 5 (custom)
2019-09-25 04:07:00,890 [pool-52-thread-1] INFO  server.RaftServerConfigKeys (ConfUtils.java:logGet(43)) - raft.server.retrycache.expirytime = 600000ms (custom)
2019-09-25 04:07:00,893 [pool-52-thread-1] INFO  impl.RaftServerImpl (RaftServerImpl.java:start(185)) - 32f4ed37-bf41-4fef-a9ff-904b5f6d48f0@group-BE1C376BE843: start as a follower, conf=-1: [32f4ed37-bf41-4fef-a9ff-904b5f6d48f0:192.168.5.161:33839], old=null
2019-09-25 04:07:00,893 [pool-52-thread-1] INFO  impl.RaftServerImpl (RaftServerImpl.java:setRole(174)) - 32f4ed37-bf41-4fef-a9ff-904b5f6d48f0@group-BE1C376BE843: changes role from      null to FOLLOWER at term 0 for startAsFollower
2019-09-25 04:07:00,894 [pool-52-thread-1] INFO  impl.RoleInfo (RoleInfo.java:updateAndGet(143)) - 32f4ed37-bf41-4fef-a9ff-904b5f6d48f0: start FollowerState
2019-09-25 04:07:00,894 [pool-52-thread-1] INFO  util.JmxRegister (JmxRegister.java:tryRegister(44)) - Successfully registered JMX Bean with object name Ratis:service=RaftServer,group=group-BE1C376BE843,id=32f4ed37-bf41-4fef-a9ff-904b5f6d48f0
2019-09-25 04:07:00,903 [RatisPipelineUtilsThread] INFO  pipeline.PipelineStateManager (PipelineStateManager.java:addPipeline(56)) - Created pipeline Pipeline[ Id: 4af3025f-4cdd-41b6-b22c-be1c376be843, Nodes: 32f4ed37-bf41-4fef-a9ff-904b5f6d48f0{ip: 192.168.5.161, host: pr-hdds-1569-zxpks-796972592, networkLocation: /rack1, certSerialId: null}, Type:RATIS, Factor:ONE, State:OPEN]
2019-09-25 04:07:00,917 [grpc-default-executor-0] INFO  impl.RaftServerProxy (RaftServerProxy.java:addNew(89)) - 4af9f0c0-4b30-4554-ac1d-7cbb9398fa07: addNew group-8F32678D395E:[4af9f0c0-4b30-4554-ac1d-7cbb9398fa07:192.168.5.161:35352] returns group-8F32678D395E:java.util.concurrent.CompletableFuture@11d45782[Not completed]
2019-09-25 04:07:00,919 [pool-62-thread-1] INFO  impl.RaftServerImpl (RaftServerImpl.java:<init>(95)) - 4af9f0c0-4b30-4554-ac1d-7cbb9398fa07: new RaftServerImpl for group-8F32678D395E:[4af9f0c0-4b30-4554-ac1d-7cbb9398fa07:192.168.5.161:35352] with ContainerStateMachine:uninitialized
2019-09-25 04:07:00,919 [pool-62-thread-1] INFO  server.RaftServerConfigKeys (ConfUtils.java:logGet(43)) - raft.server.rpc.timeout.min = 5s (custom)
2019-09-25 04:07:00,919 [pool-62-thread-1] INFO  server.RaftServerConfigKeys (ConfUtils.java:logGet(43)) - raft.server.rpc.timeout.max = 5200ms (custom)
2019-09-25 04:07:00,919 [pool-62-thread-1] INFO  server.RaftServerConfigKeys (ConfUtils.java:logGet(43)) - raft.server.rpcslowness.timeout = 120s (custom)
2019-09-25 04:07:00,919 [pool-62-thread-1] INFO  server.RaftServerConfigKeys (ConfUtils.java:logGet(43)) - raft.server.sleep.deviation.threshold = 300 (default)
2019-09-25 04:07:00,919 [pool-62-thread-1] INFO  server.RaftServerConfigKeys (ConfUtils.java:logGet(43)) - raft.server.log.appender.install.snapshot.enabled = false (custom)
2019-09-25 04:07:00,920 [pool-62-thread-1] INFO  impl.RaftServerImpl (ServerState.java:<init>(103)) - 4af9f0c0-4b30-4554-ac1d-7cbb9398fa07@group-8F32678D395E: ConfigurationManager, init=-1: [4af9f0c0-4b30-4554-ac1d-7cbb9398fa07:192.168.5.161:35352], old=null, confs=<EMPTY_MAP>
2019-09-25 04:07:00,920 [pool-62-thread-1] INFO  server.RaftServerConfigKeys (ConfUtils.java:logGet(43)) - raft.server.storage.dir = [/workdir/hadoop-ozone/integration-test/target/test-dir/MiniOzoneClusterImpl-071aaae5-0202-4fb6-b4d6-510014b63779/datanode-3/data/ratis] (custom)
2019-09-25 04:07:00,920 [pool-62-thread-1] INFO  storage.RaftStorageDirectory (RaftStorageDirectory.java:analyzeStorage(246)) - The storage directory /workdir/hadoop-ozone/integration-test/target/test-dir/MiniOzoneClusterImpl-071aaae5-0202-4fb6-b4d6-510014b63779/datanode-3/data/ratis/4cb5ed5d-f729-47a9-8b89-8f32678d395e does not exist. Creating ...
2019-09-25 04:07:00,933 [pool-62-thread-1] INFO  storage.RaftStorageDirectory (RaftStorageDirectory.java:tryLock(328)) - Lock on /workdir/hadoop-ozone/integration-test/target/test-dir/MiniOzoneClusterImpl-071aaae5-0202-4fb6-b4d6-510014b63779/datanode-3/data/ratis/4cb5ed5d-f729-47a9-8b89-8f32678d395e/in_use.lock acquired by nodename 11616@pr-hdds-1569-zxpks-796972592
2019-09-25 04:07:00,945 [pool-62-thread-1] INFO  storage.RaftStorage (RaftStorage.java:format(72)) - Storage directory /workdir/hadoop-ozone/integration-test/target/test-dir/MiniOzoneClusterImpl-071aaae5-0202-4fb6-b4d6-510014b63779/datanode-3/data/ratis/4cb5ed5d-f729-47a9-8b89-8f32678d395e has been successfully formatted.
2019-09-25 04:07:00,946 [pool-62-thread-1] INFO  ratis.ContainerStateMachine (ContainerStateMachine.java:loadSnapshot(230)) - group-8F32678D395E: The snapshot info is null. Setting the last applied indexto:(t:0, i:~)
2019-09-25 04:07:00,946 [pool-62-thread-1] INFO  server.RaftServerConfigKeys (ConfUtils.java:logGet(43)) - raft.server.notification.no-leader.timeout = 120s (custom)
2019-09-25 04:07:00,946 [pool-62-thread-1] INFO  server.RaftServerConfigKeys (ConfUtils.java:logGet(43)) - raft.server.log.use.memory = false (default)
2019-09-25 04:07:00,946 [pool-62-thread-1] INFO  server.RaftServerConfigKeys (ConfUtils.java:logGet(43)) - raft.server.log.purge.gap = 1000000 (custom)
2019-09-25 04:07:00,946 [pool-62-thread-1] INFO  server.RaftServerConfigKeys (ConfUtils.java:logGet(43)) - raft.server.log.appender.buffer.byte-limit = 33554432 (custom)
2019-09-25 04:07:00,947 [pool-62-thread-1] INFO  server.RaftServerConfigKeys (ConfUtils.java:logGet(43)) - raft.server.log.segment.size.max = 1048576 (custom)
2019-09-25 04:07:00,947 [pool-62-thread-1] INFO  server.RaftServerConfigKeys (ConfUtils.java:logGet(43)) - raft.server.log.segment.cache.num.max = 2 (custom)
2019-09-25 04:07:00,947 [pool-62-thread-1] INFO  segmented.SegmentedRaftLogWorker (SegmentedRaftLogWorker.java:<init>(172)) - new 4af9f0c0-4b30-4554-ac1d-7cbb9398fa07@group-8F32678D395E-SegmentedRaftLogWorker for RaftStorage:Storage Directory /workdir/hadoop-ozone/integration-test/target/test-dir/MiniOzoneClusterImpl-071aaae5-0202-4fb6-b4d6-510014b63779/datanode-3/data/ratis/4cb5ed5d-f729-47a9-8b89-8f32678d395e
2019-09-25 04:07:00,949 [pool-62-thread-1] INFO  server.RaftServerConfigKeys (ConfUtils.java:logGet(43)) - raft.server.log.queue.byte-limit = 2147483647 (custom)
2019-09-25 04:07:00,949 [pool-62-thread-1] INFO  server.RaftServerConfigKeys (ConfUtils.java:logGet(43)) - raft.server.log.queue.element-limit = 1024 (custom)
2019-09-25 04:07:00,950 [pool-62-thread-1] INFO  server.RaftServerConfigKeys (ConfUtils.java:logGet(43)) - raft.server.log.segment.size.max = 1048576 (custom)
2019-09-25 04:07:00,950 [pool-62-thread-1] INFO  server.RaftServerConfigKeys (ConfUtils.java:logGet(43)) - raft.server.log.preallocated.size = 16384 (custom)
2019-09-25 04:07:00,950 [pool-62-thread-1] INFO  server.RaftServerConfigKeys (ConfUtils.java:logGet(43)) - raft.server.log.write.buffer.size = 33554432 (custom)
2019-09-25 04:07:00,950 [pool-62-thread-1] INFO  server.RaftServerConfigKeys (ConfUtils.java:logGet(43)) - raft.server.log.force.sync.num = 128 (default)
2019-09-25 04:07:00,950 [pool-62-thread-1] INFO  server.RaftServerConfigKeys (ConfUtils.java:logGet(43)) - raft.server.log.statemachine.data.sync = true (default)
2019-09-25 04:07:00,950 [pool-62-thread-1] INFO  server.RaftServerConfigKeys (ConfUtils.java:logGet(43)) - raft.server.log.statemachine.data.sync.timeout = 10s (default)
2019-09-25 04:07:00,950 [pool-62-thread-1] INFO  server.RaftServerConfigKeys (ConfUtils.java:logGet(43)) - raft.server.log.statemachine.data.sync.timeout.retry = -1 (default)
2019-09-25 04:07:00,951 [pool-62-thread-1] INFO  server.RaftServerConfigKeys (ConfUtils.java:logGet(43)) - raft.server.log.statemachine.data.caching.enabled = true (custom)
2019-09-25 04:07:00,951 [pool-62-thread-1] INFO  segmented.SegmentedRaftLogWorker (SegmentedRaftLogWorker.java:lambda$new$0(132)) - 4af9f0c0-4b30-4554-ac1d-7cbb9398fa07@group-8F32678D395E-SegmentedRaftLogWorker: flushIndex: setUnconditionally 0 -> -1
2019-09-25 04:07:00,951 [pool-62-thread-1] INFO  server.RaftServerConfigKeys (ConfUtils.java:logGet(43)) - raft.server.snapshot.auto.trigger.enabled = true (custom)
2019-09-25 04:07:00,951 [pool-62-thread-1] INFO  server.RaftServerConfigKeys (ConfUtils.java:logGet(43)) - raft.server.snapshot.auto.trigger.threshold = 10000 (custom)
2019-09-25 04:07:00,951 [pool-62-thread-1] INFO  server.RaftServerConfigKeys (ConfUtils.java:logGet(43)) - raft.server.snapshot.retention.num.files = 5 (custom)
2019-09-25 04:07:00,951 [pool-62-thread-1] INFO  server.RaftServerConfigKeys (ConfUtils.java:logGet(43)) - raft.server.retrycache.expirytime = 600000ms (custom)
2019-09-25 04:07:00,954 [pool-62-thread-1] INFO  impl.RaftServerImpl (RaftServerImpl.java:start(185)) - 4af9f0c0-4b30-4554-ac1d-7cbb9398fa07@group-8F32678D395E: start as a follower, conf=-1: [4af9f0c0-4b30-4554-ac1d-7cbb9398fa07:192.168.5.161:35352], old=null
2019-09-25 04:07:00,954 [pool-62-thread-1] INFO  impl.RaftServerImpl (RaftServerImpl.java:setRole(174)) - 4af9f0c0-4b30-4554-ac1d-7cbb9398fa07@group-8F32678D395E: changes role from      null to FOLLOWER at term 0 for startAsFollower
2019-09-25 04:07:00,959 [pool-62-thread-1] INFO  impl.RoleInfo (RoleInfo.java:updateAndGet(143)) - 4af9f0c0-4b30-4554-ac1d-7cbb9398fa07: start FollowerState
2019-09-25 04:07:00,959 [pool-62-thread-1] INFO  util.JmxRegister (JmxRegister.java:tryRegister(44)) - Successfully registered JMX Bean with object name Ratis:service=RaftServer,group=group-8F32678D395E,id=4af9f0c0-4b30-4554-ac1d-7cbb9398fa07
2019-09-25 04:07:00,974 [RatisPipelineUtilsThread] INFO  pipeline.PipelineStateManager (PipelineStateManager.java:addPipeline(56)) - Created pipeline Pipeline[ Id: 4cb5ed5d-f729-47a9-8b89-8f32678d395e, Nodes: 4af9f0c0-4b30-4554-ac1d-7cbb9398fa07{ip: 192.168.5.161, host: pr-hdds-1569-zxpks-796972592, networkLocation: /rack1, certSerialId: null}, Type:RATIS, Factor:ONE, State:OPEN]
2019-09-25 04:07:00,990 [grpc-default-executor-0] INFO  impl.RaftServerProxy (RaftServerProxy.java:addNew(89)) - 8a92d001-8b3d-4d35-a434-4b4214762be5: addNew group-C731C943AC53:[8a92d001-8b3d-4d35-a434-4b4214762be5:192.168.5.161:36790] returns group-C731C943AC53:java.util.concurrent.CompletableFuture@5ec85e61[Not completed]
2019-09-25 04:07:00,991 [pool-42-thread-1] INFO  impl.RaftServerImpl (RaftServerImpl.java:<init>(95)) - 8a92d001-8b3d-4d35-a434-4b4214762be5: new RaftServerImpl for group-C731C943AC53:[8a92d001-8b3d-4d35-a434-4b4214762be5:192.168.5.161:36790] with ContainerStateMachine:uninitialized
2019-09-25 04:07:00,991 [pool-42-thread-1] INFO  server.RaftServerConfigKeys (ConfUtils.java:logGet(43)) - raft.server.rpc.timeout.min = 5s (custom)
2019-09-25 04:07:00,991 [pool-42-thread-1] INFO  server.RaftServerConfigKeys (ConfUtils.java:logGet(43)) - raft.server.rpc.timeout.max = 5200ms (custom)
2019-09-25 04:07:00,991 [pool-42-thread-1] INFO  server.RaftServerConfigKeys (ConfUtils.java:logGet(43)) - raft.server.rpcslowness.timeout = 120s (custom)
2019-09-25 04:07:00,992 [pool-42-thread-1] INFO  server.RaftServerConfigKeys (ConfUtils.java:logGet(43)) - raft.server.sleep.deviation.threshold = 300 (default)
2019-09-25 04:07:00,992 [pool-42-thread-1] INFO  server.RaftServerConfigKeys (ConfUtils.java:logGet(43)) - raft.server.log.appender.install.snapshot.enabled = false (custom)
2019-09-25 04:07:00,992 [pool-42-thread-1] INFO  impl.RaftServerImpl (ServerState.java:<init>(103)) - 8a92d001-8b3d-4d35-a434-4b4214762be5@group-C731C943AC53: ConfigurationManager, init=-1: [8a92d001-8b3d-4d35-a434-4b4214762be5:192.168.5.161:36790], old=null, confs=<EMPTY_MAP>
2019-09-25 04:07:00,992 [pool-42-thread-1] INFO  server.RaftServerConfigKeys (ConfUtils.java:logGet(43)) - raft.server.storage.dir = [/workdir/hadoop-ozone/integration-test/target/test-dir/MiniOzoneClusterImpl-071aaae5-0202-4fb6-b4d6-510014b63779/datanode-1/data/ratis] (custom)
2019-09-25 04:07:00,992 [pool-42-thread-1] INFO  storage.RaftStorageDirectory (RaftStorageDirectory.java:analyzeStorage(246)) - The storage directory /workdir/hadoop-ozone/integration-test/target/test-dir/MiniOzoneClusterImpl-071aaae5-0202-4fb6-b4d6-510014b63779/datanode-1/data/ratis/cbae428e-2045-4dfe-8d91-c731c943ac53 does not exist. Creating ...
2019-09-25 04:07:01,075 [pool-42-thread-1] INFO  storage.RaftStorageDirectory (RaftStorageDirectory.java:tryLock(328)) - Lock on /workdir/hadoop-ozone/integration-test/target/test-dir/MiniOzoneClusterImpl-071aaae5-0202-4fb6-b4d6-510014b63779/datanode-1/data/ratis/cbae428e-2045-4dfe-8d91-c731c943ac53/in_use.lock acquired by nodename 11616@pr-hdds-1569-zxpks-796972592
2019-09-25 04:07:01,168 [pool-42-thread-1] INFO  storage.RaftStorage (RaftStorage.java:format(72)) - Storage directory /workdir/hadoop-ozone/integration-test/target/test-dir/MiniOzoneClusterImpl-071aaae5-0202-4fb6-b4d6-510014b63779/datanode-1/data/ratis/cbae428e-2045-4dfe-8d91-c731c943ac53 has been successfully formatted.
2019-09-25 04:07:01,169 [pool-42-thread-1] INFO  ratis.ContainerStateMachine (ContainerStateMachine.java:loadSnapshot(230)) - group-C731C943AC53: The snapshot info is null. Setting the last applied indexto:(t:0, i:~)
2019-09-25 04:07:01,169 [pool-42-thread-1] INFO  server.RaftServerConfigKeys (ConfUtils.java:logGet(43)) - raft.server.notification.no-leader.timeout = 120s (custom)
2019-09-25 04:07:01,169 [pool-42-thread-1] INFO  server.RaftServerConfigKeys (ConfUtils.java:logGet(43)) - raft.server.log.use.memory = false (default)
2019-09-25 04:07:01,169 [pool-42-thread-1] INFO  server.RaftServerConfigKeys (ConfUtils.java:logGet(43)) - raft.server.log.purge.gap = 1000000 (custom)
2019-09-25 04:07:01,169 [pool-42-thread-1] INFO  server.RaftServerConfigKeys (ConfUtils.java:logGet(43)) - raft.server.log.appender.buffer.byte-limit = 33554432 (custom)
2019-09-25 04:07:01,170 [pool-42-thread-1] INFO  server.RaftServerConfigKeys (ConfUtils.java:logGet(43)) - raft.server.log.segment.size.max = 1048576 (custom)
2019-09-25 04:07:01,170 [pool-42-thread-1] INFO  server.RaftServerConfigKeys (ConfUtils.java:logGet(43)) - raft.server.log.segment.cache.num.max = 2 (custom)
2019-09-25 04:07:01,170 [pool-42-thread-1] INFO  segmented.SegmentedRaftLogWorker (SegmentedRaftLogWorker.java:<init>(172)) - new 8a92d001-8b3d-4d35-a434-4b4214762be5@group-C731C943AC53-SegmentedRaftLogWorker for RaftStorage:Storage Directory /workdir/hadoop-ozone/integration-test/target/test-dir/MiniOzoneClusterImpl-071aaae5-0202-4fb6-b4d6-510014b63779/datanode-1/data/ratis/cbae428e-2045-4dfe-8d91-c731c943ac53
2019-09-25 04:07:01,170 [pool-42-thread-1] INFO  server.RaftServerConfigKeys (ConfUtils.java:logGet(43)) - raft.server.log.queue.byte-limit = 2147483647 (custom)
2019-09-25 04:07:01,170 [pool-42-thread-1] INFO  server.RaftServerConfigKeys (ConfUtils.java:logGet(43)) - raft.server.log.queue.element-limit = 1024 (custom)
2019-09-25 04:07:01,170 [pool-42-thread-1] INFO  server.RaftServerConfigKeys (ConfUtils.java:logGet(43)) - raft.server.log.segment.size.max = 1048576 (custom)
2019-09-25 04:07:01,170 [pool-42-thread-1] INFO  server.RaftServerConfigKeys (ConfUtils.java:logGet(43)) - raft.server.log.preallocated.size = 16384 (custom)
2019-09-25 04:07:01,171 [pool-42-thread-1] INFO  server.RaftServerConfigKeys (ConfUtils.java:logGet(43)) - raft.server.log.write.buffer.size = 33554432 (custom)
2019-09-25 04:07:01,171 [pool-42-thread-1] INFO  server.RaftServerConfigKeys (ConfUtils.java:logGet(43)) - raft.server.log.force.sync.num = 128 (default)
2019-09-25 04:07:01,171 [pool-42-thread-1] INFO  server.RaftServerConfigKeys (ConfUtils.java:logGet(43)) - raft.server.log.statemachine.data.sync = true (default)
2019-09-25 04:07:01,171 [pool-42-thread-1] INFO  server.RaftServerConfigKeys (ConfUtils.java:logGet(43)) - raft.server.log.statemachine.data.sync.timeout = 10s (default)
2019-09-25 04:07:01,171 [pool-42-thread-1] INFO  server.RaftServerConfigKeys (ConfUtils.java:logGet(43)) - raft.server.log.statemachine.data.sync.timeout.retry = -1 (default)
2019-09-25 04:07:01,171 [pool-42-thread-1] INFO  server.RaftServerConfigKeys (ConfUtils.java:logGet(43)) - raft.server.log.statemachine.data.caching.enabled = true (custom)
2019-09-25 04:07:01,172 [pool-42-thread-1] INFO  segmented.SegmentedRaftLogWorker (SegmentedRaftLogWorker.java:lambda$new$0(132)) - 8a92d001-8b3d-4d35-a434-4b4214762be5@group-C731C943AC53-SegmentedRaftLogWorker: flushIndex: setUnconditionally 0 -> -1
2019-09-25 04:07:01,172 [pool-42-thread-1] INFO  server.RaftServerConfigKeys (ConfUtils.java:logGet(43)) - raft.server.snapshot.auto.trigger.enabled = true (custom)
2019-09-25 04:07:01,172 [pool-42-thread-1] INFO  server.RaftServerConfigKeys (ConfUtils.java:logGet(43)) - raft.server.snapshot.auto.trigger.threshold = 10000 (custom)
2019-09-25 04:07:01,172 [pool-42-thread-1] INFO  server.RaftServerConfigKeys (ConfUtils.java:logGet(43)) - raft.server.snapshot.retention.num.files = 5 (custom)
2019-09-25 04:07:01,172 [pool-42-thread-1] INFO  server.RaftServerConfigKeys (ConfUtils.java:logGet(43)) - raft.server.retrycache.expirytime = 600000ms (custom)
2019-09-25 04:07:01,175 [pool-42-thread-1] INFO  impl.RaftServerImpl (RaftServerImpl.java:start(185)) - 8a92d001-8b3d-4d35-a434-4b4214762be5@group-C731C943AC53: start as a follower, conf=-1: [8a92d001-8b3d-4d35-a434-4b4214762be5:192.168.5.161:36790], old=null
2019-09-25 04:07:01,175 [pool-42-thread-1] INFO  impl.RaftServerImpl (RaftServerImpl.java:setRole(174)) - 8a92d001-8b3d-4d35-a434-4b4214762be5@group-C731C943AC53: changes role from      null to FOLLOWER at term 0 for startAsFollower
2019-09-25 04:07:01,177 [pool-42-thread-1] INFO  impl.RoleInfo (RoleInfo.java:updateAndGet(143)) - 8a92d001-8b3d-4d35-a434-4b4214762be5: start FollowerState
2019-09-25 04:07:01,178 [pool-42-thread-1] INFO  util.JmxRegister (JmxRegister.java:tryRegister(44)) - Successfully registered JMX Bean with object name Ratis:service=RaftServer,group=group-C731C943AC53,id=8a92d001-8b3d-4d35-a434-4b4214762be5
2019-09-25 04:07:01,183 [RatisPipelineUtilsThread] INFO  pipeline.PipelineStateManager (PipelineStateManager.java:addPipeline(56)) - Created pipeline Pipeline[ Id: cbae428e-2045-4dfe-8d91-c731c943ac53, Nodes: 8a92d001-8b3d-4d35-a434-4b4214762be5{ip: 192.168.5.161, host: pr-hdds-1569-zxpks-796972592, networkLocation: /rack1, certSerialId: null}, Type:RATIS, Factor:ONE, State:OPEN]
2019-09-25 04:07:01,201 [grpc-default-executor-0] INFO  impl.RaftServerProxy (RaftServerProxy.java:addNew(89)) - 32f4ed37-bf41-4fef-a9ff-904b5f6d48f0: addNew group-152F1203AFCB:[32f4ed37-bf41-4fef-a9ff-904b5f6d48f0:192.168.5.161:33839] returns group-152F1203AFCB:java.util.concurrent.CompletableFuture@70e2f598[Not completed]
2019-09-25 04:07:01,203 [pool-52-thread-1] INFO  impl.RaftServerImpl (RaftServerImpl.java:<init>(95)) - 32f4ed37-bf41-4fef-a9ff-904b5f6d48f0: new RaftServerImpl for group-152F1203AFCB:[32f4ed37-bf41-4fef-a9ff-904b5f6d48f0:192.168.5.161:33839] with ContainerStateMachine:uninitialized
2019-09-25 04:07:01,203 [pool-52-thread-1] INFO  server.RaftServerConfigKeys (ConfUtils.java:logGet(43)) - raft.server.rpc.timeout.min = 5s (custom)
2019-09-25 04:07:01,203 [pool-52-thread-1] INFO  server.RaftServerConfigKeys (ConfUtils.java:logGet(43)) - raft.server.rpc.timeout.max = 5200ms (custom)
2019-09-25 04:07:01,203 [pool-52-thread-1] INFO  server.RaftServerConfigKeys (ConfUtils.java:logGet(43)) - raft.server.rpcslowness.timeout = 120s (custom)
2019-09-25 04:07:01,204 [pool-52-thread-1] INFO  server.RaftServerConfigKeys (ConfUtils.java:logGet(43)) - raft.server.sleep.deviation.threshold = 300 (default)
2019-09-25 04:07:01,204 [pool-52-thread-1] INFO  server.RaftServerConfigKeys (ConfUtils.java:logGet(43)) - raft.server.log.appender.install.snapshot.enabled = false (custom)
2019-09-25 04:07:01,204 [pool-52-thread-1] INFO  impl.RaftServerImpl (ServerState.java:<init>(103)) - 32f4ed37-bf41-4fef-a9ff-904b5f6d48f0@group-152F1203AFCB: ConfigurationManager, init=-1: [32f4ed37-bf41-4fef-a9ff-904b5f6d48f0:192.168.5.161:33839], old=null, confs=<EMPTY_MAP>
2019-09-25 04:07:01,205 [pool-52-thread-1] INFO  server.RaftServerConfigKeys (ConfUtils.java:logGet(43)) - raft.server.storage.dir = [/workdir/hadoop-ozone/integration-test/target/test-dir/MiniOzoneClusterImpl-071aaae5-0202-4fb6-b4d6-510014b63779/datanode-2/data/ratis] (custom)
2019-09-25 04:07:01,206 [pool-52-thread-1] INFO  storage.RaftStorageDirectory (RaftStorageDirectory.java:analyzeStorage(246)) - The storage directory /workdir/hadoop-ozone/integration-test/target/test-dir/MiniOzoneClusterImpl-071aaae5-0202-4fb6-b4d6-510014b63779/datanode-2/data/ratis/a2c010f3-e305-4e3e-9244-152f1203afcb does not exist. Creating ...
2019-09-25 04:07:01,220 [pool-52-thread-1] INFO  storage.RaftStorageDirectory (RaftStorageDirectory.java:tryLock(328)) - Lock on /workdir/hadoop-ozone/integration-test/target/test-dir/MiniOzoneClusterImpl-071aaae5-0202-4fb6-b4d6-510014b63779/datanode-2/data/ratis/a2c010f3-e305-4e3e-9244-152f1203afcb/in_use.lock acquired by nodename 11616@pr-hdds-1569-zxpks-796972592
2019-09-25 04:07:01,234 [pool-52-thread-1] INFO  storage.RaftStorage (RaftStorage.java:format(72)) - Storage directory /workdir/hadoop-ozone/integration-test/target/test-dir/MiniOzoneClusterImpl-071aaae5-0202-4fb6-b4d6-510014b63779/datanode-2/data/ratis/a2c010f3-e305-4e3e-9244-152f1203afcb has been successfully formatted.
2019-09-25 04:07:01,236 [pool-52-thread-1] INFO  ratis.ContainerStateMachine (ContainerStateMachine.java:loadSnapshot(230)) - group-152F1203AFCB: The snapshot info is null. Setting the last applied indexto:(t:0, i:~)
2019-09-25 04:07:01,236 [pool-52-thread-1] INFO  server.RaftServerConfigKeys (ConfUtils.java:logGet(43)) - raft.server.notification.no-leader.timeout = 120s (custom)
2019-09-25 04:07:01,236 [pool-52-thread-1] INFO  server.RaftServerConfigKeys (ConfUtils.java:logGet(43)) - raft.server.log.use.memory = false (default)
2019-09-25 04:07:01,236 [pool-52-thread-1] INFO  server.RaftServerConfigKeys (ConfUtils.java:logGet(43)) - raft.server.log.purge.gap = 1000000 (custom)
2019-09-25 04:07:01,237 [pool-52-thread-1] INFO  server.RaftServerConfigKeys (ConfUtils.java:logGet(43)) - raft.server.log.appender.buffer.byte-limit = 33554432 (custom)
2019-09-25 04:07:01,237 [pool-52-thread-1] INFO  server.RaftServerConfigKeys (ConfUtils.java:logGet(43)) - raft.server.log.segment.size.max = 1048576 (custom)
2019-09-25 04:07:01,237 [pool-52-thread-1] INFO  server.RaftServerConfigKeys (ConfUtils.java:logGet(43)) - raft.server.log.segment.cache.num.max = 2 (custom)
2019-09-25 04:07:01,238 [pool-52-thread-1] INFO  segmented.SegmentedRaftLogWorker (SegmentedRaftLogWorker.java:<init>(172)) - new 32f4ed37-bf41-4fef-a9ff-904b5f6d48f0@group-152F1203AFCB-SegmentedRaftLogWorker for RaftStorage:Storage Directory /workdir/hadoop-ozone/integration-test/target/test-dir/MiniOzoneClusterImpl-071aaae5-0202-4fb6-b4d6-510014b63779/datanode-2/data/ratis/a2c010f3-e305-4e3e-9244-152f1203afcb
2019-09-25 04:07:01,238 [pool-52-thread-1] INFO  server.RaftServerConfigKeys (ConfUtils.java:logGet(43)) - raft.server.log.queue.byte-limit = 2147483647 (custom)
2019-09-25 04:07:01,238 [pool-52-thread-1] INFO  server.RaftServerConfigKeys (ConfUtils.java:logGet(43)) - raft.server.log.queue.element-limit = 1024 (custom)
2019-09-25 04:07:01,239 [pool-52-thread-1] INFO  server.RaftServerConfigKeys (ConfUtils.java:logGet(43)) - raft.server.log.segment.size.max = 1048576 (custom)
2019-09-25 04:07:01,239 [pool-52-thread-1] INFO  server.RaftServerConfigKeys (ConfUtils.java:logGet(43)) - raft.server.log.preallocated.size = 16384 (custom)
2019-09-25 04:07:01,239 [pool-52-thread-1] INFO  server.RaftServerConfigKeys (ConfUtils.java:logGet(43)) - raft.server.log.write.buffer.size = 33554432 (custom)
2019-09-25 04:07:01,239 [pool-52-thread-1] INFO  server.RaftServerConfigKeys (ConfUtils.java:logGet(43)) - raft.server.log.force.sync.num = 128 (default)
2019-09-25 04:07:01,240 [pool-52-thread-1] INFO  server.RaftServerConfigKeys (ConfUtils.java:logGet(43)) - raft.server.log.statemachine.data.sync = true (default)
2019-09-25 04:07:01,240 [pool-52-thread-1] INFO  server.RaftServerConfigKeys (ConfUtils.java:logGet(43)) - raft.server.log.statemachine.data.sync.timeout = 10s (default)
2019-09-25 04:07:01,240 [pool-52-thread-1] INFO  server.RaftServerConfigKeys (ConfUtils.java:logGet(43)) - raft.server.log.statemachine.data.sync.timeout.retry = -1 (default)
2019-09-25 04:07:01,241 [pool-52-thread-1] INFO  server.RaftServerConfigKeys (ConfUtils.java:logGet(43)) - raft.server.log.statemachine.data.caching.enabled = true (custom)
2019-09-25 04:07:01,241 [pool-52-thread-1] INFO  segmented.SegmentedRaftLogWorker (SegmentedRaftLogWorker.java:lambda$new$0(132)) - 32f4ed37-bf41-4fef-a9ff-904b5f6d48f0@group-152F1203AFCB-SegmentedRaftLogWorker: flushIndex: setUnconditionally 0 -> -1
2019-09-25 04:07:01,242 [pool-52-thread-1] INFO  server.RaftServerConfigKeys (ConfUtils.java:logGet(43)) - raft.server.snapshot.auto.trigger.enabled = true (custom)
2019-09-25 04:07:01,242 [pool-52-thread-1] INFO  server.RaftServerConfigKeys (ConfUtils.java:logGet(43)) - raft.server.snapshot.auto.trigger.threshold = 10000 (custom)
2019-09-25 04:07:01,242 [pool-52-thread-1] INFO  server.RaftServerConfigKeys (ConfUtils.java:logGet(43)) - raft.server.snapshot.retention.num.files = 5 (custom)
2019-09-25 04:07:01,242 [pool-52-thread-1] INFO  server.RaftServerConfigKeys (ConfUtils.java:logGet(43)) - raft.server.retrycache.expirytime = 600000ms (custom)
2019-09-25 04:07:01,246 [pool-52-thread-1] INFO  impl.RaftServerImpl (RaftServerImpl.java:start(185)) - 32f4ed37-bf41-4fef-a9ff-904b5f6d48f0@group-152F1203AFCB: start as a follower, conf=-1: [32f4ed37-bf41-4fef-a9ff-904b5f6d48f0:192.168.5.161:33839], old=null
2019-09-25 04:07:01,246 [pool-52-thread-1] INFO  impl.RaftServerImpl (RaftServerImpl.java:setRole(174)) - 32f4ed37-bf41-4fef-a9ff-904b5f6d48f0@group-152F1203AFCB: changes role from      null to FOLLOWER at term 0 for startAsFollower
2019-09-25 04:07:01,246 [pool-52-thread-1] INFO  impl.RoleInfo (RoleInfo.java:updateAndGet(143)) - 32f4ed37-bf41-4fef-a9ff-904b5f6d48f0: start FollowerState
2019-09-25 04:07:01,247 [pool-52-thread-1] INFO  util.JmxRegister (JmxRegister.java:tryRegister(44)) - Successfully registered JMX Bean with object name Ratis:service=RaftServer,group=group-152F1203AFCB,id=32f4ed37-bf41-4fef-a9ff-904b5f6d48f0
2019-09-25 04:07:01,252 [RatisPipelineUtilsThread] INFO  pipeline.PipelineStateManager (PipelineStateManager.java:addPipeline(56)) - Created pipeline Pipeline[ Id: a2c010f3-e305-4e3e-9244-152f1203afcb, Nodes: 32f4ed37-bf41-4fef-a9ff-904b5f6d48f0{ip: 192.168.5.161, host: pr-hdds-1569-zxpks-796972592, networkLocation: /rack1, certSerialId: null}, Type:RATIS, Factor:ONE, State:OPEN]
2019-09-25 04:07:01,252 [RatisPipelineUtilsThread] INFO  pipeline.PipelinePlacementPolicy (PipelinePlacementPolicy.java:meetCriteria(91)) - Pipeline Placement: can't place more pipeline on heavy datanode： 32f4ed37-bf41-4fef-a9ff-904b5f6d48f0 Heaviness: 6 limit: 5
2019-09-25 04:07:01,271 [grpc-default-executor-0] INFO  impl.RaftServerProxy (RaftServerProxy.java:addNew(89)) - a428e86c-e33b-49db-aa7c-e41d27951dea: addNew group-2244BCABCC2D:[a428e86c-e33b-49db-aa7c-e41d27951dea:192.168.5.161:43255] returns group-2244BCABCC2D:java.util.concurrent.CompletableFuture@1a3d8257[Not completed]
2019-09-25 04:07:01,271 [Thread-247] INFO  rpc.RpcClient (RpcClient.java:createVolume(276)) - Creating Volume: 35a1d832-3095-4fb5-8257-15bf942f72e5, with jenkins1000 as owner.
2019-09-25 04:07:01,273 [pool-32-thread-1] INFO  impl.RaftServerImpl (RaftServerImpl.java:<init>(95)) - a428e86c-e33b-49db-aa7c-e41d27951dea: new RaftServerImpl for group-2244BCABCC2D:[a428e86c-e33b-49db-aa7c-e41d27951dea:192.168.5.161:43255] with ContainerStateMachine:uninitialized
2019-09-25 04:07:01,273 [pool-32-thread-1] INFO  server.RaftServerConfigKeys (ConfUtils.java:logGet(43)) - raft.server.rpc.timeout.min = 5s (custom)
2019-09-25 04:07:01,273 [pool-32-thread-1] INFO  server.RaftServerConfigKeys (ConfUtils.java:logGet(43)) - raft.server.rpc.timeout.max = 5200ms (custom)
2019-09-25 04:07:01,273 [pool-32-thread-1] INFO  server.RaftServerConfigKeys (ConfUtils.java:logGet(43)) - raft.server.rpcslowness.timeout = 120s (custom)
2019-09-25 04:07:01,273 [pool-32-thread-1] INFO  server.RaftServerConfigKeys (ConfUtils.java:logGet(43)) - raft.server.sleep.deviation.threshold = 300 (default)
2019-09-25 04:07:01,273 [pool-32-thread-1] INFO  server.RaftServerConfigKeys (ConfUtils.java:logGet(43)) - raft.server.log.appender.install.snapshot.enabled = false (custom)
2019-09-25 04:07:01,274 [pool-32-thread-1] INFO  impl.RaftServerImpl (ServerState.java:<init>(103)) - a428e86c-e33b-49db-aa7c-e41d27951dea@group-2244BCABCC2D: ConfigurationManager, init=-1: [a428e86c-e33b-49db-aa7c-e41d27951dea:192.168.5.161:43255], old=null, confs=<EMPTY_MAP>
2019-09-25 04:07:01,274 [pool-32-thread-1] INFO  server.RaftServerConfigKeys (ConfUtils.java:logGet(43)) - raft.server.storage.dir = [/workdir/hadoop-ozone/integration-test/target/test-dir/MiniOzoneClusterImpl-071aaae5-0202-4fb6-b4d6-510014b63779/datanode-0/data/ratis] (custom)
2019-09-25 04:07:01,274 [pool-32-thread-1] INFO  storage.RaftStorageDirectory (RaftStorageDirectory.java:analyzeStorage(246)) - The storage directory /workdir/hadoop-ozone/integration-test/target/test-dir/MiniOzoneClusterImpl-071aaae5-0202-4fb6-b4d6-510014b63779/datanode-0/data/ratis/31e85792-8f35-4aa8-bffb-2244bcabcc2d does not exist. Creating ...
2019-09-25 04:07:01,583 [pool-32-thread-1] INFO  storage.RaftStorageDirectory (RaftStorageDirectory.java:tryLock(328)) - Lock on /workdir/hadoop-ozone/integration-test/target/test-dir/MiniOzoneClusterImpl-071aaae5-0202-4fb6-b4d6-510014b63779/datanode-0/data/ratis/31e85792-8f35-4aa8-bffb-2244bcabcc2d/in_use.lock acquired by nodename 11616@pr-hdds-1569-zxpks-796972592
2019-09-25 04:07:01,597 [pool-32-thread-1] INFO  storage.RaftStorage (RaftStorage.java:format(72)) - Storage directory /workdir/hadoop-ozone/integration-test/target/test-dir/MiniOzoneClusterImpl-071aaae5-0202-4fb6-b4d6-510014b63779/datanode-0/data/ratis/31e85792-8f35-4aa8-bffb-2244bcabcc2d has been successfully formatted.
2019-09-25 04:07:01,600 [pool-32-thread-1] INFO  ratis.ContainerStateMachine (ContainerStateMachine.java:loadSnapshot(230)) - group-2244BCABCC2D: The snapshot info is null. Setting the last applied indexto:(t:0, i:~)
2019-09-25 04:07:01,602 [pool-32-thread-1] INFO  server.RaftServerConfigKeys (ConfUtils.java:logGet(43)) - raft.server.notification.no-leader.timeout = 120s (custom)
2019-09-25 04:07:01,602 [pool-32-thread-1] INFO  server.RaftServerConfigKeys (ConfUtils.java:logGet(43)) - raft.server.log.use.memory = false (default)
2019-09-25 04:07:01,602 [pool-32-thread-1] INFO  server.RaftServerConfigKeys (ConfUtils.java:logGet(43)) - raft.server.log.purge.gap = 1000000 (custom)
2019-09-25 04:07:01,602 [pool-32-thread-1] INFO  server.RaftServerConfigKeys (ConfUtils.java:logGet(43)) - raft.server.log.appender.buffer.byte-limit = 33554432 (custom)
2019-09-25 04:07:01,602 [pool-32-thread-1] INFO  server.RaftServerConfigKeys (ConfUtils.java:logGet(43)) - raft.server.log.segment.size.max = 1048576 (custom)
2019-09-25 04:07:01,603 [pool-32-thread-1] INFO  server.RaftServerConfigKeys (ConfUtils.java:logGet(43)) - raft.server.log.segment.cache.num.max = 2 (custom)
2019-09-25 04:07:01,603 [pool-32-thread-1] INFO  segmented.SegmentedRaftLogWorker (SegmentedRaftLogWorker.java:<init>(172)) - new a428e86c-e33b-49db-aa7c-e41d27951dea@group-2244BCABCC2D-SegmentedRaftLogWorker for RaftStorage:Storage Directory /workdir/hadoop-ozone/integration-test/target/test-dir/MiniOzoneClusterImpl-071aaae5-0202-4fb6-b4d6-510014b63779/datanode-0/data/ratis/31e85792-8f35-4aa8-bffb-2244bcabcc2d
2019-09-25 04:07:01,603 [pool-32-thread-1] INFO  server.RaftServerConfigKeys (ConfUtils.java:logGet(43)) - raft.server.log.queue.byte-limit = 2147483647 (custom)
2019-09-25 04:07:01,603 [pool-32-thread-1] INFO  server.RaftServerConfigKeys (ConfUtils.java:logGet(43)) - raft.server.log.queue.element-limit = 1024 (custom)
2019-09-25 04:07:01,604 [pool-32-thread-1] INFO  server.RaftServerConfigKeys (ConfUtils.java:logGet(43)) - raft.server.log.segment.size.max = 1048576 (custom)
2019-09-25 04:07:01,606 [pool-32-thread-1] INFO  server.RaftServerConfigKeys (ConfUtils.java:logGet(43)) - raft.server.log.preallocated.size = 16384 (custom)
2019-09-25 04:07:01,606 [pool-32-thread-1] INFO  server.RaftServerConfigKeys (ConfUtils.java:logGet(43)) - raft.server.log.write.buffer.size = 33554432 (custom)
2019-09-25 04:07:01,606 [pool-32-thread-1] INFO  server.RaftServerConfigKeys (ConfUtils.java:logGet(43)) - raft.server.log.force.sync.num = 128 (default)
2019-09-25 04:07:01,606 [pool-32-thread-1] INFO  server.RaftServerConfigKeys (ConfUtils.java:logGet(43)) - raft.server.log.statemachine.data.sync = true (default)
2019-09-25 04:07:01,608 [pool-32-thread-1] INFO  server.RaftServerConfigKeys (ConfUtils.java:logGet(43)) - raft.server.log.statemachine.data.sync.timeout = 10s (default)
2019-09-25 04:07:01,609 [pool-32-thread-1] INFO  server.RaftServerConfigKeys (ConfUtils.java:logGet(43)) - raft.server.log.statemachine.data.sync.timeout.retry = -1 (default)
2019-09-25 04:07:01,611 [pool-32-thread-1] INFO  server.RaftServerConfigKeys (ConfUtils.java:logGet(43)) - raft.server.log.statemachine.data.caching.enabled = true (custom)
2019-09-25 04:07:01,637 [pool-32-thread-1] INFO  segmented.SegmentedRaftLogWorker (SegmentedRaftLogWorker.java:lambda$new$0(132)) - a428e86c-e33b-49db-aa7c-e41d27951dea@group-2244BCABCC2D-SegmentedRaftLogWorker: flushIndex: setUnconditionally 0 -> -1
2019-09-25 04:07:01,637 [pool-32-thread-1] INFO  server.RaftServerConfigKeys (ConfUtils.java:logGet(43)) - raft.server.snapshot.auto.trigger.enabled = true (custom)
2019-09-25 04:07:01,638 [pool-32-thread-1] INFO  server.RaftServerConfigKeys (ConfUtils.java:logGet(43)) - raft.server.snapshot.auto.trigger.threshold = 10000 (custom)
2019-09-25 04:07:01,638 [pool-32-thread-1] INFO  server.RaftServerConfigKeys (ConfUtils.java:logGet(43)) - raft.server.snapshot.retention.num.files = 5 (custom)
2019-09-25 04:07:01,638 [pool-32-thread-1] INFO  server.RaftServerConfigKeys (ConfUtils.java:logGet(43)) - raft.server.retrycache.expirytime = 600000ms (custom)
2019-09-25 04:07:01,640 [pool-32-thread-1] INFO  impl.RaftServerImpl (RaftServerImpl.java:start(185)) - a428e86c-e33b-49db-aa7c-e41d27951dea@group-2244BCABCC2D: start as a follower, conf=-1: [a428e86c-e33b-49db-aa7c-e41d27951dea:192.168.5.161:43255], old=null
2019-09-25 04:07:01,640 [pool-32-thread-1] INFO  impl.RaftServerImpl (RaftServerImpl.java:setRole(174)) - a428e86c-e33b-49db-aa7c-e41d27951dea@group-2244BCABCC2D: changes role from      null to FOLLOWER at term 0 for startAsFollower
2019-09-25 04:07:01,641 [pool-32-thread-1] INFO  impl.RoleInfo (RoleInfo.java:updateAndGet(143)) - a428e86c-e33b-49db-aa7c-e41d27951dea: start FollowerState
2019-09-25 04:07:01,641 [pool-32-thread-1] INFO  util.JmxRegister (JmxRegister.java:tryRegister(44)) - Successfully registered JMX Bean with object name Ratis:service=RaftServer,group=group-2244BCABCC2D,id=a428e86c-e33b-49db-aa7c-e41d27951dea
2019-09-25 04:07:01,646 [RatisPipelineUtilsThread] INFO  pipeline.PipelineStateManager (PipelineStateManager.java:addPipeline(56)) - Created pipeline Pipeline[ Id: 31e85792-8f35-4aa8-bffb-2244bcabcc2d, Nodes: a428e86c-e33b-49db-aa7c-e41d27951dea{ip: 192.168.5.161, host: pr-hdds-1569-zxpks-796972592, networkLocation: /rack1, certSerialId: null}, Type:RATIS, Factor:ONE, State:OPEN]
2019-09-25 04:07:01,646 [RatisPipelineUtilsThread] INFO  pipeline.PipelinePlacementPolicy (PipelinePlacementPolicy.java:meetCriteria(91)) - Pipeline Placement: can't place more pipeline on heavy datanode： 32f4ed37-bf41-4fef-a9ff-904b5f6d48f0 Heaviness: 6 limit: 5
2019-09-25 04:07:01,657 [grpc-default-executor-0] INFO  impl.RaftServerProxy (RaftServerProxy.java:addNew(89)) - a428e86c-e33b-49db-aa7c-e41d27951dea: addNew group-4573C8D48802:[a428e86c-e33b-49db-aa7c-e41d27951dea:192.168.5.161:43255] returns group-4573C8D48802:java.util.concurrent.CompletableFuture@3d38b0e5[Not completed]
2019-09-25 04:07:01,659 [pool-32-thread-1] INFO  impl.RaftServerImpl (RaftServerImpl.java:<init>(95)) - a428e86c-e33b-49db-aa7c-e41d27951dea: new RaftServerImpl for group-4573C8D48802:[a428e86c-e33b-49db-aa7c-e41d27951dea:192.168.5.161:43255] with ContainerStateMachine:uninitialized
2019-09-25 04:07:01,659 [pool-32-thread-1] INFO  server.RaftServerConfigKeys (ConfUtils.java:logGet(43)) - raft.server.rpc.timeout.min = 5s (custom)
2019-09-25 04:07:01,659 [pool-32-thread-1] INFO  server.RaftServerConfigKeys (ConfUtils.java:logGet(43)) - raft.server.rpc.timeout.max = 5200ms (custom)
2019-09-25 04:07:01,659 [pool-32-thread-1] INFO  server.RaftServerConfigKeys (ConfUtils.java:logGet(43)) - raft.server.rpcslowness.timeout = 120s (custom)
2019-09-25 04:07:01,659 [pool-32-thread-1] INFO  server.RaftServerConfigKeys (ConfUtils.java:logGet(43)) - raft.server.sleep.deviation.threshold = 300 (default)
2019-09-25 04:07:01,659 [pool-32-thread-1] INFO  server.RaftServerConfigKeys (ConfUtils.java:logGet(43)) - raft.server.log.appender.install.snapshot.enabled = false (custom)
2019-09-25 04:07:01,659 [pool-32-thread-1] INFO  impl.RaftServerImpl (ServerState.java:<init>(103)) - a428e86c-e33b-49db-aa7c-e41d27951dea@group-4573C8D48802: ConfigurationManager, init=-1: [a428e86c-e33b-49db-aa7c-e41d27951dea:192.168.5.161:43255], old=null, confs=<EMPTY_MAP>
2019-09-25 04:07:01,660 [pool-32-thread-1] INFO  server.RaftServerConfigKeys (ConfUtils.java:logGet(43)) - raft.server.storage.dir = [/workdir/hadoop-ozone/integration-test/target/test-dir/MiniOzoneClusterImpl-071aaae5-0202-4fb6-b4d6-510014b63779/datanode-0/data/ratis] (custom)
2019-09-25 04:07:01,660 [pool-32-thread-1] INFO  storage.RaftStorageDirectory (RaftStorageDirectory.java:analyzeStorage(246)) - The storage directory /workdir/hadoop-ozone/integration-test/target/test-dir/MiniOzoneClusterImpl-071aaae5-0202-4fb6-b4d6-510014b63779/datanode-0/data/ratis/93098f85-e2d9-43eb-b1d7-4573c8d48802 does not exist. Creating ...
2019-09-25 04:07:01,673 [pool-32-thread-1] INFO  storage.RaftStorageDirectory (RaftStorageDirectory.java:tryLock(328)) - Lock on /workdir/hadoop-ozone/integration-test/target/test-dir/MiniOzoneClusterImpl-071aaae5-0202-4fb6-b4d6-510014b63779/datanode-0/data/ratis/93098f85-e2d9-43eb-b1d7-4573c8d48802/in_use.lock acquired by nodename 11616@pr-hdds-1569-zxpks-796972592
2019-09-25 04:07:01,685 [pool-32-thread-1] INFO  storage.RaftStorage (RaftStorage.java:format(72)) - Storage directory /workdir/hadoop-ozone/integration-test/target/test-dir/MiniOzoneClusterImpl-071aaae5-0202-4fb6-b4d6-510014b63779/datanode-0/data/ratis/93098f85-e2d9-43eb-b1d7-4573c8d48802 has been successfully formatted.
2019-09-25 04:07:01,686 [pool-32-thread-1] INFO  ratis.ContainerStateMachine (ContainerStateMachine.java:loadSnapshot(230)) - group-4573C8D48802: The snapshot info is null. Setting the last applied indexto:(t:0, i:~)
2019-09-25 04:07:01,686 [pool-32-thread-1] INFO  server.RaftServerConfigKeys (ConfUtils.java:logGet(43)) - raft.server.notification.no-leader.timeout = 120s (custom)
2019-09-25 04:07:01,686 [pool-32-thread-1] INFO  server.RaftServerConfigKeys (ConfUtils.java:logGet(43)) - raft.server.log.use.memory = false (default)
2019-09-25 04:07:01,686 [pool-32-thread-1] INFO  server.RaftServerConfigKeys (ConfUtils.java:logGet(43)) - raft.server.log.purge.gap = 1000000 (custom)
2019-09-25 04:07:01,686 [pool-32-thread-1] INFO  server.RaftServerConfigKeys (ConfUtils.java:logGet(43)) - raft.server.log.appender.buffer.byte-limit = 33554432 (custom)
2019-09-25 04:07:01,686 [pool-32-thread-1] INFO  server.RaftServerConfigKeys (ConfUtils.java:logGet(43)) - raft.server.log.segment.size.max = 1048576 (custom)
2019-09-25 04:07:01,686 [pool-32-thread-1] INFO  server.RaftServerConfigKeys (ConfUtils.java:logGet(43)) - raft.server.log.segment.cache.num.max = 2 (custom)
2019-09-25 04:07:01,686 [pool-32-thread-1] INFO  segmented.SegmentedRaftLogWorker (SegmentedRaftLogWorker.java:<init>(172)) - new a428e86c-e33b-49db-aa7c-e41d27951dea@group-4573C8D48802-SegmentedRaftLogWorker for RaftStorage:Storage Directory /workdir/hadoop-ozone/integration-test/target/test-dir/MiniOzoneClusterImpl-071aaae5-0202-4fb6-b4d6-510014b63779/datanode-0/data/ratis/93098f85-e2d9-43eb-b1d7-4573c8d48802
2019-09-25 04:07:01,687 [pool-32-thread-1] INFO  server.RaftServerConfigKeys (ConfUtils.java:logGet(43)) - raft.server.log.queue.byte-limit = 2147483647 (custom)
2019-09-25 04:07:01,687 [pool-32-thread-1] INFO  server.RaftServerConfigKeys (ConfUtils.java:logGet(43)) - raft.server.log.queue.element-limit = 1024 (custom)
2019-09-25 04:07:01,687 [pool-32-thread-1] INFO  server.RaftServerConfigKeys (ConfUtils.java:logGet(43)) - raft.server.log.segment.size.max = 1048576 (custom)
2019-09-25 04:07:01,687 [pool-32-thread-1] INFO  server.RaftServerConfigKeys (ConfUtils.java:logGet(43)) - raft.server.log.preallocated.size = 16384 (custom)
2019-09-25 04:07:01,687 [pool-32-thread-1] INFO  server.RaftServerConfigKeys (ConfUtils.java:logGet(43)) - raft.server.log.write.buffer.size = 33554432 (custom)
2019-09-25 04:07:01,687 [pool-32-thread-1] INFO  server.RaftServerConfigKeys (ConfUtils.java:logGet(43)) - raft.server.log.force.sync.num = 128 (default)
2019-09-25 04:07:01,687 [pool-32-thread-1] INFO  server.RaftServerConfigKeys (ConfUtils.java:logGet(43)) - raft.server.log.statemachine.data.sync = true (default)
2019-09-25 04:07:01,687 [pool-32-thread-1] INFO  server.RaftServerConfigKeys (ConfUtils.java:logGet(43)) - raft.server.log.statemachine.data.sync.timeout = 10s (default)
2019-09-25 04:07:01,687 [pool-32-thread-1] INFO  server.RaftServerConfigKeys (ConfUtils.java:logGet(43)) - raft.server.log.statemachine.data.sync.timeout.retry = -1 (default)
2019-09-25 04:07:01,688 [pool-32-thread-1] INFO  server.RaftServerConfigKeys (ConfUtils.java:logGet(43)) - raft.server.log.statemachine.data.caching.enabled = true (custom)
2019-09-25 04:07:01,688 [pool-32-thread-1] INFO  segmented.SegmentedRaftLogWorker (SegmentedRaftLogWorker.java:lambda$new$0(132)) - a428e86c-e33b-49db-aa7c-e41d27951dea@group-4573C8D48802-SegmentedRaftLogWorker: flushIndex: setUnconditionally 0 -> -1
2019-09-25 04:07:01,688 [pool-32-thread-1] INFO  server.RaftServerConfigKeys (ConfUtils.java:logGet(43)) - raft.server.snapshot.auto.trigger.enabled = true (custom)
2019-09-25 04:07:01,688 [pool-32-thread-1] INFO  server.RaftServerConfigKeys (ConfUtils.java:logGet(43)) - raft.server.snapshot.auto.trigger.threshold = 10000 (custom)
2019-09-25 04:07:01,688 [pool-32-thread-1] INFO  server.RaftServerConfigKeys (ConfUtils.java:logGet(43)) - raft.server.snapshot.retention.num.files = 5 (custom)
2019-09-25 04:07:01,688 [pool-32-thread-1] INFO  server.RaftServerConfigKeys (ConfUtils.java:logGet(43)) - raft.server.retrycache.expirytime = 600000ms (custom)
2019-09-25 04:07:01,690 [pool-32-thread-1] INFO  impl.RaftServerImpl (RaftServerImpl.java:start(185)) - a428e86c-e33b-49db-aa7c-e41d27951dea@group-4573C8D48802: start as a follower, conf=-1: [a428e86c-e33b-49db-aa7c-e41d27951dea:192.168.5.161:43255], old=null
2019-09-25 04:07:01,691 [pool-32-thread-1] INFO  impl.RaftServerImpl (RaftServerImpl.java:setRole(174)) - a428e86c-e33b-49db-aa7c-e41d27951dea@group-4573C8D48802: changes role from      null to FOLLOWER at term 0 for startAsFollower
2019-09-25 04:07:01,691 [pool-32-thread-1] INFO  impl.RoleInfo (RoleInfo.java:updateAndGet(143)) - a428e86c-e33b-49db-aa7c-e41d27951dea: start FollowerState
2019-09-25 04:07:01,691 [pool-32-thread-1] INFO  util.JmxRegister (JmxRegister.java:tryRegister(44)) - Successfully registered JMX Bean with object name Ratis:service=RaftServer,group=group-4573C8D48802,id=a428e86c-e33b-49db-aa7c-e41d27951dea
2019-09-25 04:07:01,696 [RatisPipelineUtilsThread] INFO  pipeline.PipelineStateManager (PipelineStateManager.java:addPipeline(56)) - Created pipeline Pipeline[ Id: 93098f85-e2d9-43eb-b1d7-4573c8d48802, Nodes: a428e86c-e33b-49db-aa7c-e41d27951dea{ip: 192.168.5.161, host: pr-hdds-1569-zxpks-796972592, networkLocation: /rack1, certSerialId: null}, Type:RATIS, Factor:ONE, State:OPEN]
2019-09-25 04:07:01,696 [RatisPipelineUtilsThread] INFO  pipeline.PipelinePlacementPolicy (PipelinePlacementPolicy.java:meetCriteria(91)) - Pipeline Placement: can't place more pipeline on heavy datanode： 32f4ed37-bf41-4fef-a9ff-904b5f6d48f0 Heaviness: 6 limit: 5
2019-09-25 04:07:01,696 [RatisPipelineUtilsThread] INFO  pipeline.PipelinePlacementPolicy (PipelinePlacementPolicy.java:meetCriteria(91)) - Pipeline Placement: can't place more pipeline on heavy datanode： a428e86c-e33b-49db-aa7c-e41d27951dea Heaviness: 6 limit: 5
2019-09-25 04:07:01,705 [grpc-default-executor-0] INFO  impl.RaftServerProxy (RaftServerProxy.java:addNew(89)) - 8a92d001-8b3d-4d35-a434-4b4214762be5: addNew group-EDC5294486A7:[8a92d001-8b3d-4d35-a434-4b4214762be5:192.168.5.161:36790] returns group-EDC5294486A7:java.util.concurrent.CompletableFuture@6bd1abad[Not completed]
2019-09-25 04:07:01,706 [pool-42-thread-1] INFO  impl.RaftServerImpl (RaftServerImpl.java:<init>(95)) - 8a92d001-8b3d-4d35-a434-4b4214762be5: new RaftServerImpl for group-EDC5294486A7:[8a92d001-8b3d-4d35-a434-4b4214762be5:192.168.5.161:36790] with ContainerStateMachine:uninitialized
2019-09-25 04:07:01,706 [pool-42-thread-1] INFO  server.RaftServerConfigKeys (ConfUtils.java:logGet(43)) - raft.server.rpc.timeout.min = 5s (custom)
2019-09-25 04:07:01,706 [pool-42-thread-1] INFO  server.RaftServerConfigKeys (ConfUtils.java:logGet(43)) - raft.server.rpc.timeout.max = 5200ms (custom)
2019-09-25 04:07:01,706 [pool-42-thread-1] INFO  server.RaftServerConfigKeys (ConfUtils.java:logGet(43)) - raft.server.rpcslowness.timeout = 120s (custom)
2019-09-25 04:07:01,707 [pool-42-thread-1] INFO  server.RaftServerConfigKeys (ConfUtils.java:logGet(43)) - raft.server.sleep.deviation.threshold = 300 (default)
2019-09-25 04:07:01,707 [pool-42-thread-1] INFO  server.RaftServerConfigKeys (ConfUtils.java:logGet(43)) - raft.server.log.appender.install.snapshot.enabled = false (custom)
2019-09-25 04:07:01,707 [pool-42-thread-1] INFO  impl.RaftServerImpl (ServerState.java:<init>(103)) - 8a92d001-8b3d-4d35-a434-4b4214762be5@group-EDC5294486A7: ConfigurationManager, init=-1: [8a92d001-8b3d-4d35-a434-4b4214762be5:192.168.5.161:36790], old=null, confs=<EMPTY_MAP>
2019-09-25 04:07:01,707 [pool-42-thread-1] INFO  server.RaftServerConfigKeys (ConfUtils.java:logGet(43)) - raft.server.storage.dir = [/workdir/hadoop-ozone/integration-test/target/test-dir/MiniOzoneClusterImpl-071aaae5-0202-4fb6-b4d6-510014b63779/datanode-1/data/ratis] (custom)
2019-09-25 04:07:01,707 [pool-42-thread-1] INFO  storage.RaftStorageDirectory (RaftStorageDirectory.java:analyzeStorage(246)) - The storage directory /workdir/hadoop-ozone/integration-test/target/test-dir/MiniOzoneClusterImpl-071aaae5-0202-4fb6-b4d6-510014b63779/datanode-1/data/ratis/4ef0b770-467a-46d1-87a6-edc5294486a7 does not exist. Creating ...
2019-09-25 04:07:01,777 [OM StateMachine ApplyTransaction Thread - 0] INFO  volume.OMVolumeCreateRequest (OMVolumeCreateRequest.java:validateAndUpdateCache(189)) - created volume:35a1d832-3095-4fb5-8257-15bf942f72e5 for user:jenkins1000
2019-09-25 04:07:01,795 [Thread-247] INFO  rpc.RpcClient (RpcClient.java:createBucket(415)) - Creating Bucket: 35a1d832-3095-4fb5-8257-15bf942f72e5/251130ee-bded-4f2c-9671-949ddb24d7f6, with Versioning false and Storage Type set to DISK and Encryption set to false 
2019-09-25 04:07:02,304 [pool-42-thread-1] INFO  storage.RaftStorageDirectory (RaftStorageDirectory.java:tryLock(328)) - Lock on /workdir/hadoop-ozone/integration-test/target/test-dir/MiniOzoneClusterImpl-071aaae5-0202-4fb6-b4d6-510014b63779/datanode-1/data/ratis/4ef0b770-467a-46d1-87a6-edc5294486a7/in_use.lock acquired by nodename 11616@pr-hdds-1569-zxpks-796972592
2019-09-25 04:07:02,490 [Thread-198] INFO  container.ReplicationManager (ReplicationManager.java:start(163)) - Starting Replication Monitor Thread.
2019-09-25 04:07:02,491 [ReplicationMonitor] INFO  container.ReplicationManager (ReplicationManager.java:run(226)) - Replication Monitor Thread took 0 milliseconds for processing 0 containers.
2019-09-25 04:07:03,311 [pool-42-thread-1] INFO  storage.RaftStorage (RaftStorage.java:format(72)) - Storage directory /workdir/hadoop-ozone/integration-test/target/test-dir/MiniOzoneClusterImpl-071aaae5-0202-4fb6-b4d6-510014b63779/datanode-1/data/ratis/4ef0b770-467a-46d1-87a6-edc5294486a7 has been successfully formatted.
2019-09-25 04:07:03,312 [pool-42-thread-1] INFO  ratis.ContainerStateMachine (ContainerStateMachine.java:loadSnapshot(230)) - group-EDC5294486A7: The snapshot info is null. Setting the last applied indexto:(t:0, i:~)
2019-09-25 04:07:03,312 [pool-42-thread-1] INFO  server.RaftServerConfigKeys (ConfUtils.java:logGet(43)) - raft.server.notification.no-leader.timeout = 120s (custom)
2019-09-25 04:07:03,313 [pool-42-thread-1] INFO  server.RaftServerConfigKeys (ConfUtils.java:logGet(43)) - raft.server.log.use.memory = false (default)
2019-09-25 04:07:03,313 [pool-42-thread-1] INFO  server.RaftServerConfigKeys (ConfUtils.java:logGet(43)) - raft.server.log.purge.gap = 1000000 (custom)
2019-09-25 04:07:03,313 [pool-42-thread-1] INFO  server.RaftServerConfigKeys (ConfUtils.java:logGet(43)) - raft.server.log.appender.buffer.byte-limit = 33554432 (custom)
2019-09-25 04:07:03,313 [pool-42-thread-1] INFO  server.RaftServerConfigKeys (ConfUtils.java:logGet(43)) - raft.server.log.segment.size.max = 1048576 (custom)
2019-09-25 04:07:03,314 [pool-42-thread-1] INFO  server.RaftServerConfigKeys (ConfUtils.java:logGet(43)) - raft.server.log.segment.cache.num.max = 2 (custom)
2019-09-25 04:07:03,314 [pool-42-thread-1] INFO  segmented.SegmentedRaftLogWorker (SegmentedRaftLogWorker.java:<init>(172)) - new 8a92d001-8b3d-4d35-a434-4b4214762be5@group-EDC5294486A7-SegmentedRaftLogWorker for RaftStorage:Storage Directory /workdir/hadoop-ozone/integration-test/target/test-dir/MiniOzoneClusterImpl-071aaae5-0202-4fb6-b4d6-510014b63779/datanode-1/data/ratis/4ef0b770-467a-46d1-87a6-edc5294486a7
2019-09-25 04:07:03,314 [pool-42-thread-1] INFO  server.RaftServerConfigKeys (ConfUtils.java:logGet(43)) - raft.server.log.queue.byte-limit = 2147483647 (custom)
2019-09-25 04:07:03,314 [pool-42-thread-1] INFO  server.RaftServerConfigKeys (ConfUtils.java:logGet(43)) - raft.server.log.queue.element-limit = 1024 (custom)
2019-09-25 04:07:03,314 [pool-42-thread-1] INFO  server.RaftServerConfigKeys (ConfUtils.java:logGet(43)) - raft.server.log.segment.size.max = 1048576 (custom)
2019-09-25 04:07:03,315 [pool-42-thread-1] INFO  server.RaftServerConfigKeys (ConfUtils.java:logGet(43)) - raft.server.log.preallocated.size = 16384 (custom)
2019-09-25 04:07:03,315 [pool-42-thread-1] INFO  server.RaftServerConfigKeys (ConfUtils.java:logGet(43)) - raft.server.log.write.buffer.size = 33554432 (custom)
2019-09-25 04:07:03,315 [pool-42-thread-1] INFO  server.RaftServerConfigKeys (ConfUtils.java:logGet(43)) - raft.server.log.force.sync.num = 128 (default)
2019-09-25 04:07:03,315 [pool-42-thread-1] INFO  server.RaftServerConfigKeys (ConfUtils.java:logGet(43)) - raft.server.log.statemachine.data.sync = true (default)
2019-09-25 04:07:03,316 [pool-42-thread-1] INFO  server.RaftServerConfigKeys (ConfUtils.java:logGet(43)) - raft.server.log.statemachine.data.sync.timeout = 10s (default)
2019-09-25 04:07:03,316 [pool-42-thread-1] INFO  server.RaftServerConfigKeys (ConfUtils.java:logGet(43)) - raft.server.log.statemachine.data.sync.timeout.retry = -1 (default)
2019-09-25 04:07:03,316 [pool-42-thread-1] INFO  server.RaftServerConfigKeys (ConfUtils.java:logGet(43)) - raft.server.log.statemachine.data.caching.enabled = true (custom)
2019-09-25 04:07:03,317 [pool-42-thread-1] INFO  segmented.SegmentedRaftLogWorker (SegmentedRaftLogWorker.java:lambda$new$0(132)) - 8a92d001-8b3d-4d35-a434-4b4214762be5@group-EDC5294486A7-SegmentedRaftLogWorker: flushIndex: setUnconditionally 0 -> -1
2019-09-25 04:07:03,317 [pool-42-thread-1] INFO  server.RaftServerConfigKeys (ConfUtils.java:logGet(43)) - raft.server.snapshot.auto.trigger.enabled = true (custom)
2019-09-25 04:07:03,317 [pool-42-thread-1] INFO  server.RaftServerConfigKeys (ConfUtils.java:logGet(43)) - raft.server.snapshot.auto.trigger.threshold = 10000 (custom)
2019-09-25 04:07:03,318 [pool-42-thread-1] INFO  server.RaftServerConfigKeys (ConfUtils.java:logGet(43)) - raft.server.snapshot.retention.num.files = 5 (custom)
2019-09-25 04:07:03,318 [pool-42-thread-1] INFO  server.RaftServerConfigKeys (ConfUtils.java:logGet(43)) - raft.server.retrycache.expirytime = 600000ms (custom)
2019-09-25 04:07:03,322 [pool-42-thread-1] INFO  impl.RaftServerImpl (RaftServerImpl.java:start(185)) - 8a92d001-8b3d-4d35-a434-4b4214762be5@group-EDC5294486A7: start as a follower, conf=-1: [8a92d001-8b3d-4d35-a434-4b4214762be5:192.168.5.161:36790], old=null
2019-09-25 04:07:03,322 [pool-42-thread-1] INFO  impl.RaftServerImpl (RaftServerImpl.java:setRole(174)) - 8a92d001-8b3d-4d35-a434-4b4214762be5@group-EDC5294486A7: changes role from      null to FOLLOWER at term 0 for startAsFollower
2019-09-25 04:07:03,322 [pool-42-thread-1] INFO  impl.RoleInfo (RoleInfo.java:updateAndGet(143)) - 8a92d001-8b3d-4d35-a434-4b4214762be5: start FollowerState
2019-09-25 04:07:03,329 [pool-42-thread-1] INFO  util.JmxRegister (JmxRegister.java:tryRegister(44)) - Successfully registered JMX Bean with object name Ratis:service=RaftServer,group=group-EDC5294486A7,id=8a92d001-8b3d-4d35-a434-4b4214762be5
2019-09-25 04:07:03,339 [RatisPipelineUtilsThread] INFO  pipeline.PipelineStateManager (PipelineStateManager.java:addPipeline(56)) - Created pipeline Pipeline[ Id: 4ef0b770-467a-46d1-87a6-edc5294486a7, Nodes: 8a92d001-8b3d-4d35-a434-4b4214762be5{ip: 192.168.5.161, host: pr-hdds-1569-zxpks-796972592, networkLocation: /rack1, certSerialId: null}, Type:RATIS, Factor:ONE, State:OPEN]
2019-09-25 04:07:03,339 [RatisPipelineUtilsThread] INFO  pipeline.PipelinePlacementPolicy (PipelinePlacementPolicy.java:meetCriteria(91)) - Pipeline Placement: can't place more pipeline on heavy datanode： 32f4ed37-bf41-4fef-a9ff-904b5f6d48f0 Heaviness: 6 limit: 5
2019-09-25 04:07:03,340 [RatisPipelineUtilsThread] INFO  pipeline.PipelinePlacementPolicy (PipelinePlacementPolicy.java:meetCriteria(91)) - Pipeline Placement: can't place more pipeline on heavy datanode： a428e86c-e33b-49db-aa7c-e41d27951dea Heaviness: 6 limit: 5
2019-09-25 04:07:03,340 [RatisPipelineUtilsThread] INFO  pipeline.PipelinePlacementPolicy (PipelinePlacementPolicy.java:meetCriteria(91)) - Pipeline Placement: can't place more pipeline on heavy datanode： 8a92d001-8b3d-4d35-a434-4b4214762be5 Heaviness: 6 limit: 5
2019-09-25 04:07:03,360 [grpc-default-executor-0] INFO  impl.RaftServerProxy (RaftServerProxy.java:addNew(89)) - 4af9f0c0-4b30-4554-ac1d-7cbb9398fa07: addNew group-B81549802A8B:[4af9f0c0-4b30-4554-ac1d-7cbb9398fa07:192.168.5.161:35352] returns group-B81549802A8B:java.util.concurrent.CompletableFuture@475317d2[Not completed]
2019-09-25 04:07:03,362 [pool-62-thread-1] INFO  impl.RaftServerImpl (RaftServerImpl.java:<init>(95)) - 4af9f0c0-4b30-4554-ac1d-7cbb9398fa07: new RaftServerImpl for group-B81549802A8B:[4af9f0c0-4b30-4554-ac1d-7cbb9398fa07:192.168.5.161:35352] with ContainerStateMachine:uninitialized
2019-09-25 04:07:03,362 [pool-62-thread-1] INFO  server.RaftServerConfigKeys (ConfUtils.java:logGet(43)) - raft.server.rpc.timeout.min = 5s (custom)
2019-09-25 04:07:03,363 [pool-62-thread-1] INFO  server.RaftServerConfigKeys (ConfUtils.java:logGet(43)) - raft.server.rpc.timeout.max = 5200ms (custom)
2019-09-25 04:07:03,363 [pool-62-thread-1] INFO  server.RaftServerConfigKeys (ConfUtils.java:logGet(43)) - raft.server.rpcslowness.timeout = 120s (custom)
2019-09-25 04:07:03,363 [pool-62-thread-1] INFO  server.RaftServerConfigKeys (ConfUtils.java:logGet(43)) - raft.server.sleep.deviation.threshold = 300 (default)
2019-09-25 04:07:03,363 [pool-62-thread-1] INFO  server.RaftServerConfigKeys (ConfUtils.java:logGet(43)) - raft.server.log.appender.install.snapshot.enabled = false (custom)
2019-09-25 04:07:03,363 [pool-62-thread-1] INFO  impl.RaftServerImpl (ServerState.java:<init>(103)) - 4af9f0c0-4b30-4554-ac1d-7cbb9398fa07@group-B81549802A8B: ConfigurationManager, init=-1: [4af9f0c0-4b30-4554-ac1d-7cbb9398fa07:192.168.5.161:35352], old=null, confs=<EMPTY_MAP>
2019-09-25 04:07:03,363 [pool-62-thread-1] INFO  server.RaftServerConfigKeys (ConfUtils.java:logGet(43)) - raft.server.storage.dir = [/workdir/hadoop-ozone/integration-test/target/test-dir/MiniOzoneClusterImpl-071aaae5-0202-4fb6-b4d6-510014b63779/datanode-3/data/ratis] (custom)
2019-09-25 04:07:03,364 [pool-62-thread-1] INFO  storage.RaftStorageDirectory (RaftStorageDirectory.java:analyzeStorage(246)) - The storage directory /workdir/hadoop-ozone/integration-test/target/test-dir/MiniOzoneClusterImpl-071aaae5-0202-4fb6-b4d6-510014b63779/datanode-3/data/ratis/2e55b12f-86ce-4ed0-a927-b81549802a8b does not exist. Creating ...
2019-09-25 04:07:03,377 [pool-62-thread-1] INFO  storage.RaftStorageDirectory (RaftStorageDirectory.java:tryLock(328)) - Lock on /workdir/hadoop-ozone/integration-test/target/test-dir/MiniOzoneClusterImpl-071aaae5-0202-4fb6-b4d6-510014b63779/datanode-3/data/ratis/2e55b12f-86ce-4ed0-a927-b81549802a8b/in_use.lock acquired by nodename 11616@pr-hdds-1569-zxpks-796972592
2019-09-25 04:07:03,398 [pool-62-thread-1] INFO  storage.RaftStorage (RaftStorage.java:format(72)) - Storage directory /workdir/hadoop-ozone/integration-test/target/test-dir/MiniOzoneClusterImpl-071aaae5-0202-4fb6-b4d6-510014b63779/datanode-3/data/ratis/2e55b12f-86ce-4ed0-a927-b81549802a8b has been successfully formatted.
2019-09-25 04:07:03,398 [pool-62-thread-1] INFO  ratis.ContainerStateMachine (ContainerStateMachine.java:loadSnapshot(230)) - group-B81549802A8B: The snapshot info is null. Setting the last applied indexto:(t:0, i:~)
2019-09-25 04:07:03,399 [pool-62-thread-1] INFO  server.RaftServerConfigKeys (ConfUtils.java:logGet(43)) - raft.server.notification.no-leader.timeout = 120s (custom)
2019-09-25 04:07:03,399 [pool-62-thread-1] INFO  server.RaftServerConfigKeys (ConfUtils.java:logGet(43)) - raft.server.log.use.memory = false (default)
2019-09-25 04:07:03,399 [pool-62-thread-1] INFO  server.RaftServerConfigKeys (ConfUtils.java:logGet(43)) - raft.server.log.purge.gap = 1000000 (custom)
2019-09-25 04:07:03,399 [pool-62-thread-1] INFO  server.RaftServerConfigKeys (ConfUtils.java:logGet(43)) - raft.server.log.appender.buffer.byte-limit = 33554432 (custom)
2019-09-25 04:07:03,399 [pool-62-thread-1] INFO  server.RaftServerConfigKeys (ConfUtils.java:logGet(43)) - raft.server.log.segment.size.max = 1048576 (custom)
2019-09-25 04:07:03,399 [pool-62-thread-1] INFO  server.RaftServerConfigKeys (ConfUtils.java:logGet(43)) - raft.server.log.segment.cache.num.max = 2 (custom)
2019-09-25 04:07:03,400 [pool-62-thread-1] INFO  segmented.SegmentedRaftLogWorker (SegmentedRaftLogWorker.java:<init>(172)) - new 4af9f0c0-4b30-4554-ac1d-7cbb9398fa07@group-B81549802A8B-SegmentedRaftLogWorker for RaftStorage:Storage Directory /workdir/hadoop-ozone/integration-test/target/test-dir/MiniOzoneClusterImpl-071aaae5-0202-4fb6-b4d6-510014b63779/datanode-3/data/ratis/2e55b12f-86ce-4ed0-a927-b81549802a8b
2019-09-25 04:07:03,400 [pool-62-thread-1] INFO  server.RaftServerConfigKeys (ConfUtils.java:logGet(43)) - raft.server.log.queue.byte-limit = 2147483647 (custom)
2019-09-25 04:07:03,400 [pool-62-thread-1] INFO  server.RaftServerConfigKeys (ConfUtils.java:logGet(43)) - raft.server.log.queue.element-limit = 1024 (custom)
2019-09-25 04:07:03,400 [pool-62-thread-1] INFO  server.RaftServerConfigKeys (ConfUtils.java:logGet(43)) - raft.server.log.segment.size.max = 1048576 (custom)
2019-09-25 04:07:03,400 [pool-62-thread-1] INFO  server.RaftServerConfigKeys (ConfUtils.java:logGet(43)) - raft.server.log.preallocated.size = 16384 (custom)
2019-09-25 04:07:03,400 [pool-62-thread-1] INFO  server.RaftServerConfigKeys (ConfUtils.java:logGet(43)) - raft.server.log.write.buffer.size = 33554432 (custom)
2019-09-25 04:07:03,400 [pool-62-thread-1] INFO  server.RaftServerConfigKeys (ConfUtils.java:logGet(43)) - raft.server.log.force.sync.num = 128 (default)
2019-09-25 04:07:03,401 [pool-62-thread-1] INFO  server.RaftServerConfigKeys (ConfUtils.java:logGet(43)) - raft.server.log.statemachine.data.sync = true (default)
2019-09-25 04:07:03,401 [pool-62-thread-1] INFO  server.RaftServerConfigKeys (ConfUtils.java:logGet(43)) - raft.server.log.statemachine.data.sync.timeout = 10s (default)
2019-09-25 04:07:03,401 [pool-62-thread-1] INFO  server.RaftServerConfigKeys (ConfUtils.java:logGet(43)) - raft.server.log.statemachine.data.sync.timeout.retry = -1 (default)
2019-09-25 04:07:03,401 [pool-62-thread-1] INFO  server.RaftServerConfigKeys (ConfUtils.java:logGet(43)) - raft.server.log.statemachine.data.caching.enabled = true (custom)
2019-09-25 04:07:03,401 [pool-62-thread-1] INFO  segmented.SegmentedRaftLogWorker (SegmentedRaftLogWorker.java:lambda$new$0(132)) - 4af9f0c0-4b30-4554-ac1d-7cbb9398fa07@group-B81549802A8B-SegmentedRaftLogWorker: flushIndex: setUnconditionally 0 -> -1
2019-09-25 04:07:03,402 [pool-62-thread-1] INFO  server.RaftServerConfigKeys (ConfUtils.java:logGet(43)) - raft.server.snapshot.auto.trigger.enabled = true (custom)
2019-09-25 04:07:03,402 [pool-62-thread-1] INFO  server.RaftServerConfigKeys (ConfUtils.java:logGet(43)) - raft.server.snapshot.auto.trigger.threshold = 10000 (custom)
2019-09-25 04:07:03,402 [pool-62-thread-1] INFO  server.RaftServerConfigKeys (ConfUtils.java:logGet(43)) - raft.server.snapshot.retention.num.files = 5 (custom)
2019-09-25 04:07:03,403 [pool-62-thread-1] INFO  server.RaftServerConfigKeys (ConfUtils.java:logGet(43)) - raft.server.retrycache.expirytime = 600000ms (custom)
2019-09-25 04:07:03,406 [pool-62-thread-1] INFO  impl.RaftServerImpl (RaftServerImpl.java:start(185)) - 4af9f0c0-4b30-4554-ac1d-7cbb9398fa07@group-B81549802A8B: start as a follower, conf=-1: [4af9f0c0-4b30-4554-ac1d-7cbb9398fa07:192.168.5.161:35352], old=null
2019-09-25 04:07:03,406 [pool-62-thread-1] INFO  impl.RaftServerImpl (RaftServerImpl.java:setRole(174)) - 4af9f0c0-4b30-4554-ac1d-7cbb9398fa07@group-B81549802A8B: changes role from      null to FOLLOWER at term 0 for startAsFollower
2019-09-25 04:07:03,406 [pool-62-thread-1] INFO  impl.RoleInfo (RoleInfo.java:updateAndGet(143)) - 4af9f0c0-4b30-4554-ac1d-7cbb9398fa07: start FollowerState
2019-09-25 04:07:03,407 [pool-62-thread-1] INFO  util.JmxRegister (JmxRegister.java:tryRegister(44)) - Successfully registered JMX Bean with object name Ratis:service=RaftServer,group=group-B81549802A8B,id=4af9f0c0-4b30-4554-ac1d-7cbb9398fa07
2019-09-25 04:07:03,418 [RatisPipelineUtilsThread] INFO  pipeline.PipelineStateManager (PipelineStateManager.java:addPipeline(56)) - Created pipeline Pipeline[ Id: 2e55b12f-86ce-4ed0-a927-b81549802a8b, Nodes: 4af9f0c0-4b30-4554-ac1d-7cbb9398fa07{ip: 192.168.5.161, host: pr-hdds-1569-zxpks-796972592, networkLocation: /rack1, certSerialId: null}, Type:RATIS, Factor:ONE, State:OPEN]
2019-09-25 04:07:03,418 [RatisPipelineUtilsThread] INFO  pipeline.PipelinePlacementPolicy (PipelinePlacementPolicy.java:meetCriteria(91)) - Pipeline Placement: can't place more pipeline on heavy datanode： 32f4ed37-bf41-4fef-a9ff-904b5f6d48f0 Heaviness: 6 limit: 5
2019-09-25 04:07:03,418 [RatisPipelineUtilsThread] INFO  pipeline.PipelinePlacementPolicy (PipelinePlacementPolicy.java:meetCriteria(91)) - Pipeline Placement: can't place more pipeline on heavy datanode： a428e86c-e33b-49db-aa7c-e41d27951dea Heaviness: 6 limit: 5
2019-09-25 04:07:03,419 [RatisPipelineUtilsThread] INFO  pipeline.PipelinePlacementPolicy (PipelinePlacementPolicy.java:meetCriteria(91)) - Pipeline Placement: can't place more pipeline on heavy datanode： 8a92d001-8b3d-4d35-a434-4b4214762be5 Heaviness: 6 limit: 5
2019-09-25 04:07:03,427 [grpc-default-executor-1] INFO  impl.RaftServerProxy (RaftServerProxy.java:addNew(89)) - 4af9f0c0-4b30-4554-ac1d-7cbb9398fa07: addNew group-38CEAC7A5FF0:[4af9f0c0-4b30-4554-ac1d-7cbb9398fa07:192.168.5.161:35352] returns group-38CEAC7A5FF0:java.util.concurrent.CompletableFuture@5c964ca5[Not completed]
2019-09-25 04:07:03,429 [pool-62-thread-1] INFO  impl.RaftServerImpl (RaftServerImpl.java:<init>(95)) - 4af9f0c0-4b30-4554-ac1d-7cbb9398fa07: new RaftServerImpl for group-38CEAC7A5FF0:[4af9f0c0-4b30-4554-ac1d-7cbb9398fa07:192.168.5.161:35352] with ContainerStateMachine:uninitialized
2019-09-25 04:07:03,429 [pool-62-thread-1] INFO  server.RaftServerConfigKeys (ConfUtils.java:logGet(43)) - raft.server.rpc.timeout.min = 5s (custom)
2019-09-25 04:07:03,429 [pool-62-thread-1] INFO  server.RaftServerConfigKeys (ConfUtils.java:logGet(43)) - raft.server.rpc.timeout.max = 5200ms (custom)
2019-09-25 04:07:03,429 [pool-62-thread-1] INFO  server.RaftServerConfigKeys (ConfUtils.java:logGet(43)) - raft.server.rpcslowness.timeout = 120s (custom)
2019-09-25 04:07:03,429 [pool-62-thread-1] INFO  server.RaftServerConfigKeys (ConfUtils.java:logGet(43)) - raft.server.sleep.deviation.threshold = 300 (default)
2019-09-25 04:07:03,430 [pool-62-thread-1] INFO  server.RaftServerConfigKeys (ConfUtils.java:logGet(43)) - raft.server.log.appender.install.snapshot.enabled = false (custom)
2019-09-25 04:07:03,430 [pool-62-thread-1] INFO  impl.RaftServerImpl (ServerState.java:<init>(103)) - 4af9f0c0-4b30-4554-ac1d-7cbb9398fa07@group-38CEAC7A5FF0: ConfigurationManager, init=-1: [4af9f0c0-4b30-4554-ac1d-7cbb9398fa07:192.168.5.161:35352], old=null, confs=<EMPTY_MAP>
2019-09-25 04:07:03,430 [pool-62-thread-1] INFO  server.RaftServerConfigKeys (ConfUtils.java:logGet(43)) - raft.server.storage.dir = [/workdir/hadoop-ozone/integration-test/target/test-dir/MiniOzoneClusterImpl-071aaae5-0202-4fb6-b4d6-510014b63779/datanode-3/data/ratis] (custom)
2019-09-25 04:07:03,430 [pool-62-thread-1] INFO  storage.RaftStorageDirectory (RaftStorageDirectory.java:analyzeStorage(246)) - The storage directory /workdir/hadoop-ozone/integration-test/target/test-dir/MiniOzoneClusterImpl-071aaae5-0202-4fb6-b4d6-510014b63779/datanode-3/data/ratis/51c5d0c3-f1b0-4216-889c-38ceac7a5ff0 does not exist. Creating ...
2019-09-25 04:07:03,443 [pool-62-thread-1] INFO  storage.RaftStorageDirectory (RaftStorageDirectory.java:tryLock(328)) - Lock on /workdir/hadoop-ozone/integration-test/target/test-dir/MiniOzoneClusterImpl-071aaae5-0202-4fb6-b4d6-510014b63779/datanode-3/data/ratis/51c5d0c3-f1b0-4216-889c-38ceac7a5ff0/in_use.lock acquired by nodename 11616@pr-hdds-1569-zxpks-796972592
2019-09-25 04:07:03,455 [pool-62-thread-1] INFO  storage.RaftStorage (RaftStorage.java:format(72)) - Storage directory /workdir/hadoop-ozone/integration-test/target/test-dir/MiniOzoneClusterImpl-071aaae5-0202-4fb6-b4d6-510014b63779/datanode-3/data/ratis/51c5d0c3-f1b0-4216-889c-38ceac7a5ff0 has been successfully formatted.
2019-09-25 04:07:03,455 [pool-62-thread-1] INFO  ratis.ContainerStateMachine (ContainerStateMachine.java:loadSnapshot(230)) - group-38CEAC7A5FF0: The snapshot info is null. Setting the last applied indexto:(t:0, i:~)
2019-09-25 04:07:03,456 [pool-62-thread-1] INFO  server.RaftServerConfigKeys (ConfUtils.java:logGet(43)) - raft.server.notification.no-leader.timeout = 120s (custom)
2019-09-25 04:07:03,456 [pool-62-thread-1] INFO  server.RaftServerConfigKeys (ConfUtils.java:logGet(43)) - raft.server.log.use.memory = false (default)
2019-09-25 04:07:03,456 [pool-62-thread-1] INFO  server.RaftServerConfigKeys (ConfUtils.java:logGet(43)) - raft.server.log.purge.gap = 1000000 (custom)
2019-09-25 04:07:03,456 [pool-62-thread-1] INFO  server.RaftServerConfigKeys (ConfUtils.java:logGet(43)) - raft.server.log.appender.buffer.byte-limit = 33554432 (custom)
2019-09-25 04:07:03,456 [pool-62-thread-1] INFO  server.RaftServerConfigKeys (ConfUtils.java:logGet(43)) - raft.server.log.segment.size.max = 1048576 (custom)
2019-09-25 04:07:03,456 [pool-62-thread-1] INFO  server.RaftServerConfigKeys (ConfUtils.java:logGet(43)) - raft.server.log.segment.cache.num.max = 2 (custom)
2019-09-25 04:07:03,456 [pool-62-thread-1] INFO  segmented.SegmentedRaftLogWorker (SegmentedRaftLogWorker.java:<init>(172)) - new 4af9f0c0-4b30-4554-ac1d-7cbb9398fa07@group-38CEAC7A5FF0-SegmentedRaftLogWorker for RaftStorage:Storage Directory /workdir/hadoop-ozone/integration-test/target/test-dir/MiniOzoneClusterImpl-071aaae5-0202-4fb6-b4d6-510014b63779/datanode-3/data/ratis/51c5d0c3-f1b0-4216-889c-38ceac7a5ff0
2019-09-25 04:07:03,456 [pool-62-thread-1] INFO  server.RaftServerConfigKeys (ConfUtils.java:logGet(43)) - raft.server.log.queue.byte-limit = 2147483647 (custom)
2019-09-25 04:07:03,457 [pool-62-thread-1] INFO  server.RaftServerConfigKeys (ConfUtils.java:logGet(43)) - raft.server.log.queue.element-limit = 1024 (custom)
2019-09-25 04:07:03,457 [pool-62-thread-1] INFO  server.RaftServerConfigKeys (ConfUtils.java:logGet(43)) - raft.server.log.segment.size.max = 1048576 (custom)
2019-09-25 04:07:03,457 [pool-62-thread-1] INFO  server.RaftServerConfigKeys (ConfUtils.java:logGet(43)) - raft.server.log.preallocated.size = 16384 (custom)
2019-09-25 04:07:03,457 [pool-62-thread-1] INFO  server.RaftServerConfigKeys (ConfUtils.java:logGet(43)) - raft.server.log.write.buffer.size = 33554432 (custom)
2019-09-25 04:07:03,457 [pool-62-thread-1] INFO  server.RaftServerConfigKeys (ConfUtils.java:logGet(43)) - raft.server.log.force.sync.num = 128 (default)
2019-09-25 04:07:03,457 [pool-62-thread-1] INFO  server.RaftServerConfigKeys (ConfUtils.java:logGet(43)) - raft.server.log.statemachine.data.sync = true (default)
2019-09-25 04:07:03,457 [pool-62-thread-1] INFO  server.RaftServerConfigKeys (ConfUtils.java:logGet(43)) - raft.server.log.statemachine.data.sync.timeout = 10s (default)
2019-09-25 04:07:03,457 [pool-62-thread-1] INFO  server.RaftServerConfigKeys (ConfUtils.java:logGet(43)) - raft.server.log.statemachine.data.sync.timeout.retry = -1 (default)
2019-09-25 04:07:03,458 [pool-62-thread-1] INFO  server.RaftServerConfigKeys (ConfUtils.java:logGet(43)) - raft.server.log.statemachine.data.caching.enabled = true (custom)
2019-09-25 04:07:03,458 [pool-62-thread-1] INFO  segmented.SegmentedRaftLogWorker (SegmentedRaftLogWorker.java:lambda$new$0(132)) - 4af9f0c0-4b30-4554-ac1d-7cbb9398fa07@group-38CEAC7A5FF0-SegmentedRaftLogWorker: flushIndex: setUnconditionally 0 -> -1
2019-09-25 04:07:03,458 [pool-62-thread-1] INFO  server.RaftServerConfigKeys (ConfUtils.java:logGet(43)) - raft.server.snapshot.auto.trigger.enabled = true (custom)
2019-09-25 04:07:03,458 [pool-62-thread-1] INFO  server.RaftServerConfigKeys (ConfUtils.java:logGet(43)) - raft.server.snapshot.auto.trigger.threshold = 10000 (custom)
2019-09-25 04:07:03,458 [pool-62-thread-1] INFO  server.RaftServerConfigKeys (ConfUtils.java:logGet(43)) - raft.server.snapshot.retention.num.files = 5 (custom)
2019-09-25 04:07:03,459 [pool-62-thread-1] INFO  server.RaftServerConfigKeys (ConfUtils.java:logGet(43)) - raft.server.retrycache.expirytime = 600000ms (custom)
2019-09-25 04:07:03,461 [pool-62-thread-1] INFO  impl.RaftServerImpl (RaftServerImpl.java:start(185)) - 4af9f0c0-4b30-4554-ac1d-7cbb9398fa07@group-38CEAC7A5FF0: start as a follower, conf=-1: [4af9f0c0-4b30-4554-ac1d-7cbb9398fa07:192.168.5.161:35352], old=null
2019-09-25 04:07:03,461 [pool-62-thread-1] INFO  impl.RaftServerImpl (RaftServerImpl.java:setRole(174)) - 4af9f0c0-4b30-4554-ac1d-7cbb9398fa07@group-38CEAC7A5FF0: changes role from      null to FOLLOWER at term 0 for startAsFollower
2019-09-25 04:07:03,461 [pool-62-thread-1] INFO  impl.RoleInfo (RoleInfo.java:updateAndGet(143)) - 4af9f0c0-4b30-4554-ac1d-7cbb9398fa07: start FollowerState
2019-09-25 04:07:03,461 [pool-62-thread-1] INFO  util.JmxRegister (JmxRegister.java:tryRegister(44)) - Successfully registered JMX Bean with object name Ratis:service=RaftServer,group=group-38CEAC7A5FF0,id=4af9f0c0-4b30-4554-ac1d-7cbb9398fa07
2019-09-25 04:07:03,465 [RatisPipelineUtilsThread] INFO  pipeline.PipelineStateManager (PipelineStateManager.java:addPipeline(56)) - Created pipeline Pipeline[ Id: 51c5d0c3-f1b0-4216-889c-38ceac7a5ff0, Nodes: 4af9f0c0-4b30-4554-ac1d-7cbb9398fa07{ip: 192.168.5.161, host: pr-hdds-1569-zxpks-796972592, networkLocation: /rack1, certSerialId: null}, Type:RATIS, Factor:ONE, State:OPEN]
2019-09-25 04:07:03,466 [RatisPipelineUtilsThread] INFO  pipeline.PipelinePlacementPolicy (PipelinePlacementPolicy.java:meetCriteria(91)) - Pipeline Placement: can't place more pipeline on heavy datanode： 32f4ed37-bf41-4fef-a9ff-904b5f6d48f0 Heaviness: 6 limit: 5
2019-09-25 04:07:03,466 [RatisPipelineUtilsThread] INFO  pipeline.PipelinePlacementPolicy (PipelinePlacementPolicy.java:meetCriteria(91)) - Pipeline Placement: can't place more pipeline on heavy datanode： a428e86c-e33b-49db-aa7c-e41d27951dea Heaviness: 6 limit: 5
2019-09-25 04:07:03,466 [RatisPipelineUtilsThread] INFO  pipeline.PipelinePlacementPolicy (PipelinePlacementPolicy.java:meetCriteria(91)) - Pipeline Placement: can't place more pipeline on heavy datanode： 8a92d001-8b3d-4d35-a434-4b4214762be5 Heaviness: 6 limit: 5
2019-09-25 04:07:03,474 [grpc-default-executor-1] INFO  impl.RaftServerProxy (RaftServerProxy.java:addNew(89)) - 4af9f0c0-4b30-4554-ac1d-7cbb9398fa07: addNew group-2DB568E9336E:[4af9f0c0-4b30-4554-ac1d-7cbb9398fa07:192.168.5.161:35352] returns group-2DB568E9336E:java.util.concurrent.CompletableFuture@566e27d5[Not completed]
2019-09-25 04:07:03,475 [pool-62-thread-1] INFO  impl.RaftServerImpl (RaftServerImpl.java:<init>(95)) - 4af9f0c0-4b30-4554-ac1d-7cbb9398fa07: new RaftServerImpl for group-2DB568E9336E:[4af9f0c0-4b30-4554-ac1d-7cbb9398fa07:192.168.5.161:35352] with ContainerStateMachine:uninitialized
2019-09-25 04:07:03,475 [pool-62-thread-1] INFO  server.RaftServerConfigKeys (ConfUtils.java:logGet(43)) - raft.server.rpc.timeout.min = 5s (custom)
2019-09-25 04:07:03,475 [pool-62-thread-1] INFO  server.RaftServerConfigKeys (ConfUtils.java:logGet(43)) - raft.server.rpc.timeout.max = 5200ms (custom)
2019-09-25 04:07:03,475 [pool-62-thread-1] INFO  server.RaftServerConfigKeys (ConfUtils.java:logGet(43)) - raft.server.rpcslowness.timeout = 120s (custom)
2019-09-25 04:07:03,476 [pool-62-thread-1] INFO  server.RaftServerConfigKeys (ConfUtils.java:logGet(43)) - raft.server.sleep.deviation.threshold = 300 (default)
2019-09-25 04:07:03,476 [pool-62-thread-1] INFO  server.RaftServerConfigKeys (ConfUtils.java:logGet(43)) - raft.server.log.appender.install.snapshot.enabled = false (custom)
2019-09-25 04:07:03,476 [pool-62-thread-1] INFO  impl.RaftServerImpl (ServerState.java:<init>(103)) - 4af9f0c0-4b30-4554-ac1d-7cbb9398fa07@group-2DB568E9336E: ConfigurationManager, init=-1: [4af9f0c0-4b30-4554-ac1d-7cbb9398fa07:192.168.5.161:35352], old=null, confs=<EMPTY_MAP>
2019-09-25 04:07:03,476 [pool-62-thread-1] INFO  server.RaftServerConfigKeys (ConfUtils.java:logGet(43)) - raft.server.storage.dir = [/workdir/hadoop-ozone/integration-test/target/test-dir/MiniOzoneClusterImpl-071aaae5-0202-4fb6-b4d6-510014b63779/datanode-3/data/ratis] (custom)
2019-09-25 04:07:03,476 [pool-62-thread-1] INFO  storage.RaftStorageDirectory (RaftStorageDirectory.java:analyzeStorage(246)) - The storage directory /workdir/hadoop-ozone/integration-test/target/test-dir/MiniOzoneClusterImpl-071aaae5-0202-4fb6-b4d6-510014b63779/datanode-3/data/ratis/ed2f5db3-e7b7-411c-92e8-2db568e9336e does not exist. Creating ...
2019-09-25 04:07:03,489 [pool-62-thread-1] INFO  storage.RaftStorageDirectory (RaftStorageDirectory.java:tryLock(328)) - Lock on /workdir/hadoop-ozone/integration-test/target/test-dir/MiniOzoneClusterImpl-071aaae5-0202-4fb6-b4d6-510014b63779/datanode-3/data/ratis/ed2f5db3-e7b7-411c-92e8-2db568e9336e/in_use.lock acquired by nodename 11616@pr-hdds-1569-zxpks-796972592
2019-09-25 04:07:03,502 [pool-62-thread-1] INFO  storage.RaftStorage (RaftStorage.java:format(72)) - Storage directory /workdir/hadoop-ozone/integration-test/target/test-dir/MiniOzoneClusterImpl-071aaae5-0202-4fb6-b4d6-510014b63779/datanode-3/data/ratis/ed2f5db3-e7b7-411c-92e8-2db568e9336e has been successfully formatted.
2019-09-25 04:07:03,502 [pool-62-thread-1] INFO  ratis.ContainerStateMachine (ContainerStateMachine.java:loadSnapshot(230)) - group-2DB568E9336E: The snapshot info is null. Setting the last applied indexto:(t:0, i:~)
2019-09-25 04:07:03,502 [pool-62-thread-1] INFO  server.RaftServerConfigKeys (ConfUtils.java:logGet(43)) - raft.server.notification.no-leader.timeout = 120s (custom)
2019-09-25 04:07:03,502 [pool-62-thread-1] INFO  server.RaftServerConfigKeys (ConfUtils.java:logGet(43)) - raft.server.log.use.memory = false (default)
2019-09-25 04:07:03,502 [pool-62-thread-1] INFO  server.RaftServerConfigKeys (ConfUtils.java:logGet(43)) - raft.server.log.purge.gap = 1000000 (custom)
2019-09-25 04:07:03,503 [pool-62-thread-1] INFO  server.RaftServerConfigKeys (ConfUtils.java:logGet(43)) - raft.server.log.appender.buffer.byte-limit = 33554432 (custom)
2019-09-25 04:07:03,503 [pool-62-thread-1] INFO  server.RaftServerConfigKeys (ConfUtils.java:logGet(43)) - raft.server.log.segment.size.max = 1048576 (custom)
2019-09-25 04:07:03,503 [pool-62-thread-1] INFO  server.RaftServerConfigKeys (ConfUtils.java:logGet(43)) - raft.server.log.segment.cache.num.max = 2 (custom)
2019-09-25 04:07:03,503 [pool-62-thread-1] INFO  segmented.SegmentedRaftLogWorker (SegmentedRaftLogWorker.java:<init>(172)) - new 4af9f0c0-4b30-4554-ac1d-7cbb9398fa07@group-2DB568E9336E-SegmentedRaftLogWorker for RaftStorage:Storage Directory /workdir/hadoop-ozone/integration-test/target/test-dir/MiniOzoneClusterImpl-071aaae5-0202-4fb6-b4d6-510014b63779/datanode-3/data/ratis/ed2f5db3-e7b7-411c-92e8-2db568e9336e
2019-09-25 04:07:03,503 [pool-62-thread-1] INFO  server.RaftServerConfigKeys (ConfUtils.java:logGet(43)) - raft.server.log.queue.byte-limit = 2147483647 (custom)
2019-09-25 04:07:03,503 [pool-62-thread-1] INFO  server.RaftServerConfigKeys (ConfUtils.java:logGet(43)) - raft.server.log.queue.element-limit = 1024 (custom)
2019-09-25 04:07:03,503 [pool-62-thread-1] INFO  server.RaftServerConfigKeys (ConfUtils.java:logGet(43)) - raft.server.log.segment.size.max = 1048576 (custom)
2019-09-25 04:07:03,503 [pool-62-thread-1] INFO  server.RaftServerConfigKeys (ConfUtils.java:logGet(43)) - raft.server.log.preallocated.size = 16384 (custom)
2019-09-25 04:07:03,503 [pool-62-thread-1] INFO  server.RaftServerConfigKeys (ConfUtils.java:logGet(43)) - raft.server.log.write.buffer.size = 33554432 (custom)
2019-09-25 04:07:03,504 [pool-62-thread-1] INFO  server.RaftServerConfigKeys (ConfUtils.java:logGet(43)) - raft.server.log.force.sync.num = 128 (default)
2019-09-25 04:07:03,504 [pool-62-thread-1] INFO  server.RaftServerConfigKeys (ConfUtils.java:logGet(43)) - raft.server.log.statemachine.data.sync = true (default)
2019-09-25 04:07:03,504 [pool-62-thread-1] INFO  server.RaftServerConfigKeys (ConfUtils.java:logGet(43)) - raft.server.log.statemachine.data.sync.timeout = 10s (default)
2019-09-25 04:07:03,504 [pool-62-thread-1] INFO  server.RaftServerConfigKeys (ConfUtils.java:logGet(43)) - raft.server.log.statemachine.data.sync.timeout.retry = -1 (default)
2019-09-25 04:07:03,504 [pool-62-thread-1] INFO  server.RaftServerConfigKeys (ConfUtils.java:logGet(43)) - raft.server.log.statemachine.data.caching.enabled = true (custom)
2019-09-25 04:07:03,504 [pool-62-thread-1] INFO  segmented.SegmentedRaftLogWorker (SegmentedRaftLogWorker.java:lambda$new$0(132)) - 4af9f0c0-4b30-4554-ac1d-7cbb9398fa07@group-2DB568E9336E-SegmentedRaftLogWorker: flushIndex: setUnconditionally 0 -> -1
2019-09-25 04:07:03,505 [pool-62-thread-1] INFO  server.RaftServerConfigKeys (ConfUtils.java:logGet(43)) - raft.server.snapshot.auto.trigger.enabled = true (custom)
2019-09-25 04:07:03,505 [pool-62-thread-1] INFO  server.RaftServerConfigKeys (ConfUtils.java:logGet(43)) - raft.server.snapshot.auto.trigger.threshold = 10000 (custom)
2019-09-25 04:07:03,505 [pool-62-thread-1] INFO  server.RaftServerConfigKeys (ConfUtils.java:logGet(43)) - raft.server.snapshot.retention.num.files = 5 (custom)
2019-09-25 04:07:03,505 [pool-62-thread-1] INFO  server.RaftServerConfigKeys (ConfUtils.java:logGet(43)) - raft.server.retrycache.expirytime = 600000ms (custom)
2019-09-25 04:07:03,507 [pool-62-thread-1] INFO  impl.RaftServerImpl (RaftServerImpl.java:start(185)) - 4af9f0c0-4b30-4554-ac1d-7cbb9398fa07@group-2DB568E9336E: start as a follower, conf=-1: [4af9f0c0-4b30-4554-ac1d-7cbb9398fa07:192.168.5.161:35352], old=null
2019-09-25 04:07:03,508 [pool-62-thread-1] INFO  impl.RaftServerImpl (RaftServerImpl.java:setRole(174)) - 4af9f0c0-4b30-4554-ac1d-7cbb9398fa07@group-2DB568E9336E: changes role from      null to FOLLOWER at term 0 for startAsFollower
2019-09-25 04:07:03,508 [pool-62-thread-1] INFO  impl.RoleInfo (RoleInfo.java:updateAndGet(143)) - 4af9f0c0-4b30-4554-ac1d-7cbb9398fa07: start FollowerState
2019-09-25 04:07:03,508 [pool-62-thread-1] INFO  util.JmxRegister (JmxRegister.java:tryRegister(44)) - Successfully registered JMX Bean with object name Ratis:service=RaftServer,group=group-2DB568E9336E,id=4af9f0c0-4b30-4554-ac1d-7cbb9398fa07
2019-09-25 04:07:03,514 [RatisPipelineUtilsThread] INFO  pipeline.PipelineStateManager (PipelineStateManager.java:addPipeline(56)) - Created pipeline Pipeline[ Id: ed2f5db3-e7b7-411c-92e8-2db568e9336e, Nodes: 4af9f0c0-4b30-4554-ac1d-7cbb9398fa07{ip: 192.168.5.161, host: pr-hdds-1569-zxpks-796972592, networkLocation: /rack1, certSerialId: null}, Type:RATIS, Factor:ONE, State:OPEN]
2019-09-25 04:07:03,514 [RatisPipelineUtilsThread] INFO  pipeline.PipelinePlacementPolicy (PipelinePlacementPolicy.java:meetCriteria(91)) - Pipeline Placement: can't place more pipeline on heavy datanode： 32f4ed37-bf41-4fef-a9ff-904b5f6d48f0 Heaviness: 6 limit: 5
2019-09-25 04:07:03,514 [RatisPipelineUtilsThread] INFO  pipeline.PipelinePlacementPolicy (PipelinePlacementPolicy.java:meetCriteria(91)) - Pipeline Placement: can't place more pipeline on heavy datanode： a428e86c-e33b-49db-aa7c-e41d27951dea Heaviness: 6 limit: 5
2019-09-25 04:07:03,514 [RatisPipelineUtilsThread] INFO  pipeline.PipelinePlacementPolicy (PipelinePlacementPolicy.java:meetCriteria(91)) - Pipeline Placement: can't place more pipeline on heavy datanode： 8a92d001-8b3d-4d35-a434-4b4214762be5 Heaviness: 6 limit: 5
2019-09-25 04:07:03,525 [grpc-default-executor-1] INFO  impl.RaftServerProxy (RaftServerProxy.java:addNew(89)) - 4af9f0c0-4b30-4554-ac1d-7cbb9398fa07: addNew group-ED3617ACE397:[4af9f0c0-4b30-4554-ac1d-7cbb9398fa07:192.168.5.161:35352] returns group-ED3617ACE397:java.util.concurrent.CompletableFuture@7d7136d0[Not completed]
2019-09-25 04:07:03,526 [pool-62-thread-1] INFO  impl.RaftServerImpl (RaftServerImpl.java:<init>(95)) - 4af9f0c0-4b30-4554-ac1d-7cbb9398fa07: new RaftServerImpl for group-ED3617ACE397:[4af9f0c0-4b30-4554-ac1d-7cbb9398fa07:192.168.5.161:35352] with ContainerStateMachine:uninitialized
2019-09-25 04:07:03,526 [pool-62-thread-1] INFO  server.RaftServerConfigKeys (ConfUtils.java:logGet(43)) - raft.server.rpc.timeout.min = 5s (custom)
2019-09-25 04:07:03,526 [pool-62-thread-1] INFO  server.RaftServerConfigKeys (ConfUtils.java:logGet(43)) - raft.server.rpc.timeout.max = 5200ms (custom)
2019-09-25 04:07:03,527 [pool-62-thread-1] INFO  server.RaftServerConfigKeys (ConfUtils.java:logGet(43)) - raft.server.rpcslowness.timeout = 120s (custom)
2019-09-25 04:07:03,527 [pool-62-thread-1] INFO  server.RaftServerConfigKeys (ConfUtils.java:logGet(43)) - raft.server.sleep.deviation.threshold = 300 (default)
2019-09-25 04:07:03,527 [pool-62-thread-1] INFO  server.RaftServerConfigKeys (ConfUtils.java:logGet(43)) - raft.server.log.appender.install.snapshot.enabled = false (custom)
2019-09-25 04:07:03,527 [pool-62-thread-1] INFO  impl.RaftServerImpl (ServerState.java:<init>(103)) - 4af9f0c0-4b30-4554-ac1d-7cbb9398fa07@group-ED3617ACE397: ConfigurationManager, init=-1: [4af9f0c0-4b30-4554-ac1d-7cbb9398fa07:192.168.5.161:35352], old=null, confs=<EMPTY_MAP>
2019-09-25 04:07:03,527 [pool-62-thread-1] INFO  server.RaftServerConfigKeys (ConfUtils.java:logGet(43)) - raft.server.storage.dir = [/workdir/hadoop-ozone/integration-test/target/test-dir/MiniOzoneClusterImpl-071aaae5-0202-4fb6-b4d6-510014b63779/datanode-3/data/ratis] (custom)
2019-09-25 04:07:03,527 [pool-62-thread-1] INFO  storage.RaftStorageDirectory (RaftStorageDirectory.java:analyzeStorage(246)) - The storage directory /workdir/hadoop-ozone/integration-test/target/test-dir/MiniOzoneClusterImpl-071aaae5-0202-4fb6-b4d6-510014b63779/datanode-3/data/ratis/88d2e0b1-265d-467c-a8c0-ed3617ace397 does not exist. Creating ...
2019-09-25 04:07:03,540 [pool-62-thread-1] INFO  storage.RaftStorageDirectory (RaftStorageDirectory.java:tryLock(328)) - Lock on /workdir/hadoop-ozone/integration-test/target/test-dir/MiniOzoneClusterImpl-071aaae5-0202-4fb6-b4d6-510014b63779/datanode-3/data/ratis/88d2e0b1-265d-467c-a8c0-ed3617ace397/in_use.lock acquired by nodename 11616@pr-hdds-1569-zxpks-796972592
2019-09-25 04:07:03,553 [pool-62-thread-1] INFO  storage.RaftStorage (RaftStorage.java:format(72)) - Storage directory /workdir/hadoop-ozone/integration-test/target/test-dir/MiniOzoneClusterImpl-071aaae5-0202-4fb6-b4d6-510014b63779/datanode-3/data/ratis/88d2e0b1-265d-467c-a8c0-ed3617ace397 has been successfully formatted.
2019-09-25 04:07:03,553 [pool-62-thread-1] INFO  ratis.ContainerStateMachine (ContainerStateMachine.java:loadSnapshot(230)) - group-ED3617ACE397: The snapshot info is null. Setting the last applied indexto:(t:0, i:~)
2019-09-25 04:07:03,553 [pool-62-thread-1] INFO  server.RaftServerConfigKeys (ConfUtils.java:logGet(43)) - raft.server.notification.no-leader.timeout = 120s (custom)
2019-09-25 04:07:03,553 [pool-62-thread-1] INFO  server.RaftServerConfigKeys (ConfUtils.java:logGet(43)) - raft.server.log.use.memory = false (default)
2019-09-25 04:07:03,553 [pool-62-thread-1] INFO  server.RaftServerConfigKeys (ConfUtils.java:logGet(43)) - raft.server.log.purge.gap = 1000000 (custom)
2019-09-25 04:07:03,554 [pool-62-thread-1] INFO  server.RaftServerConfigKeys (ConfUtils.java:logGet(43)) - raft.server.log.appender.buffer.byte-limit = 33554432 (custom)
2019-09-25 04:07:03,554 [pool-62-thread-1] INFO  server.RaftServerConfigKeys (ConfUtils.java:logGet(43)) - raft.server.log.segment.size.max = 1048576 (custom)
2019-09-25 04:07:03,554 [pool-62-thread-1] INFO  server.RaftServerConfigKeys (ConfUtils.java:logGet(43)) - raft.server.log.segment.cache.num.max = 2 (custom)
2019-09-25 04:07:03,554 [pool-62-thread-1] INFO  segmented.SegmentedRaftLogWorker (SegmentedRaftLogWorker.java:<init>(172)) - new 4af9f0c0-4b30-4554-ac1d-7cbb9398fa07@group-ED3617ACE397-SegmentedRaftLogWorker for RaftStorage:Storage Directory /workdir/hadoop-ozone/integration-test/target/test-dir/MiniOzoneClusterImpl-071aaae5-0202-4fb6-b4d6-510014b63779/datanode-3/data/ratis/88d2e0b1-265d-467c-a8c0-ed3617ace397
2019-09-25 04:07:03,554 [pool-62-thread-1] INFO  server.RaftServerConfigKeys (ConfUtils.java:logGet(43)) - raft.server.log.queue.byte-limit = 2147483647 (custom)
2019-09-25 04:07:03,554 [pool-62-thread-1] INFO  server.RaftServerConfigKeys (ConfUtils.java:logGet(43)) - raft.server.log.queue.element-limit = 1024 (custom)
2019-09-25 04:07:03,554 [pool-62-thread-1] INFO  server.RaftServerConfigKeys (ConfUtils.java:logGet(43)) - raft.server.log.segment.size.max = 1048576 (custom)
2019-09-25 04:07:03,554 [pool-62-thread-1] INFO  server.RaftServerConfigKeys (ConfUtils.java:logGet(43)) - raft.server.log.preallocated.size = 16384 (custom)
2019-09-25 04:07:03,554 [pool-62-thread-1] INFO  server.RaftServerConfigKeys (ConfUtils.java:logGet(43)) - raft.server.log.write.buffer.size = 33554432 (custom)
2019-09-25 04:07:03,555 [pool-62-thread-1] INFO  server.RaftServerConfigKeys (ConfUtils.java:logGet(43)) - raft.server.log.force.sync.num = 128 (default)
2019-09-25 04:07:03,555 [pool-62-thread-1] INFO  server.RaftServerConfigKeys (ConfUtils.java:logGet(43)) - raft.server.log.statemachine.data.sync = true (default)
2019-09-25 04:07:03,555 [pool-62-thread-1] INFO  server.RaftServerConfigKeys (ConfUtils.java:logGet(43)) - raft.server.log.statemachine.data.sync.timeout = 10s (default)
2019-09-25 04:07:03,555 [pool-62-thread-1] INFO  server.RaftServerConfigKeys (ConfUtils.java:logGet(43)) - raft.server.log.statemachine.data.sync.timeout.retry = -1 (default)
2019-09-25 04:07:03,555 [pool-62-thread-1] INFO  server.RaftServerConfigKeys (ConfUtils.java:logGet(43)) - raft.server.log.statemachine.data.caching.enabled = true (custom)
2019-09-25 04:07:03,555 [pool-62-thread-1] INFO  segmented.SegmentedRaftLogWorker (SegmentedRaftLogWorker.java:lambda$new$0(132)) - 4af9f0c0-4b30-4554-ac1d-7cbb9398fa07@group-ED3617ACE397-SegmentedRaftLogWorker: flushIndex: setUnconditionally 0 -> -1
2019-09-25 04:07:03,556 [pool-62-thread-1] INFO  server.RaftServerConfigKeys (ConfUtils.java:logGet(43)) - raft.server.snapshot.auto.trigger.enabled = true (custom)
2019-09-25 04:07:03,556 [pool-62-thread-1] INFO  server.RaftServerConfigKeys (ConfUtils.java:logGet(43)) - raft.server.snapshot.auto.trigger.threshold = 10000 (custom)
2019-09-25 04:07:03,556 [pool-62-thread-1] INFO  server.RaftServerConfigKeys (ConfUtils.java:logGet(43)) - raft.server.snapshot.retention.num.files = 5 (custom)
2019-09-25 04:07:03,556 [pool-62-thread-1] INFO  server.RaftServerConfigKeys (ConfUtils.java:logGet(43)) - raft.server.retrycache.expirytime = 600000ms (custom)
2019-09-25 04:07:03,558 [pool-62-thread-1] INFO  impl.RaftServerImpl (RaftServerImpl.java:start(185)) - 4af9f0c0-4b30-4554-ac1d-7cbb9398fa07@group-ED3617ACE397: start as a follower, conf=-1: [4af9f0c0-4b30-4554-ac1d-7cbb9398fa07:192.168.5.161:35352], old=null
2019-09-25 04:07:03,558 [pool-62-thread-1] INFO  impl.RaftServerImpl (RaftServerImpl.java:setRole(174)) - 4af9f0c0-4b30-4554-ac1d-7cbb9398fa07@group-ED3617ACE397: changes role from      null to FOLLOWER at term 0 for startAsFollower
2019-09-25 04:07:03,558 [pool-62-thread-1] INFO  impl.RoleInfo (RoleInfo.java:updateAndGet(143)) - 4af9f0c0-4b30-4554-ac1d-7cbb9398fa07: start FollowerState
2019-09-25 04:07:03,559 [pool-62-thread-1] INFO  util.JmxRegister (JmxRegister.java:tryRegister(44)) - Successfully registered JMX Bean with object name Ratis:service=RaftServer,group=group-ED3617ACE397,id=4af9f0c0-4b30-4554-ac1d-7cbb9398fa07
2019-09-25 04:07:03,564 [RatisPipelineUtilsThread] INFO  pipeline.PipelineStateManager (PipelineStateManager.java:addPipeline(56)) - Created pipeline Pipeline[ Id: 88d2e0b1-265d-467c-a8c0-ed3617ace397, Nodes: 4af9f0c0-4b30-4554-ac1d-7cbb9398fa07{ip: 192.168.5.161, host: pr-hdds-1569-zxpks-796972592, networkLocation: /rack1, certSerialId: null}, Type:RATIS, Factor:ONE, State:OPEN]
2019-09-25 04:07:03,564 [RatisPipelineUtilsThread] INFO  pipeline.PipelinePlacementPolicy (PipelinePlacementPolicy.java:meetCriteria(91)) - Pipeline Placement: can't place more pipeline on heavy datanode： 32f4ed37-bf41-4fef-a9ff-904b5f6d48f0 Heaviness: 6 limit: 5
2019-09-25 04:07:03,564 [RatisPipelineUtilsThread] INFO  pipeline.PipelinePlacementPolicy (PipelinePlacementPolicy.java:meetCriteria(91)) - Pipeline Placement: can't place more pipeline on heavy datanode： a428e86c-e33b-49db-aa7c-e41d27951dea Heaviness: 6 limit: 5
2019-09-25 04:07:03,564 [RatisPipelineUtilsThread] INFO  pipeline.PipelinePlacementPolicy (PipelinePlacementPolicy.java:meetCriteria(91)) - Pipeline Placement: can't place more pipeline on heavy datanode： 8a92d001-8b3d-4d35-a434-4b4214762be5 Heaviness: 6 limit: 5
2019-09-25 04:07:03,574 [grpc-default-executor-1] INFO  impl.RaftServerProxy (RaftServerProxy.java:addNew(89)) - 4af9f0c0-4b30-4554-ac1d-7cbb9398fa07: addNew group-4D029925DBAD:[4af9f0c0-4b30-4554-ac1d-7cbb9398fa07:192.168.5.161:35352] returns group-4D029925DBAD:java.util.concurrent.CompletableFuture@542f8b4[Not completed]
2019-09-25 04:07:03,580 [pool-62-thread-1] INFO  impl.RaftServerImpl (RaftServerImpl.java:<init>(95)) - 4af9f0c0-4b30-4554-ac1d-7cbb9398fa07: new RaftServerImpl for group-4D029925DBAD:[4af9f0c0-4b30-4554-ac1d-7cbb9398fa07:192.168.5.161:35352] with ContainerStateMachine:uninitialized
2019-09-25 04:07:03,582 [pool-62-thread-1] INFO  server.RaftServerConfigKeys (ConfUtils.java:logGet(43)) - raft.server.rpc.timeout.min = 5s (custom)
2019-09-25 04:07:03,582 [pool-62-thread-1] INFO  server.RaftServerConfigKeys (ConfUtils.java:logGet(43)) - raft.server.rpc.timeout.max = 5200ms (custom)
2019-09-25 04:07:03,582 [pool-62-thread-1] INFO  server.RaftServerConfigKeys (ConfUtils.java:logGet(43)) - raft.server.rpcslowness.timeout = 120s (custom)
2019-09-25 04:07:03,582 [pool-62-thread-1] INFO  server.RaftServerConfigKeys (ConfUtils.java:logGet(43)) - raft.server.sleep.deviation.threshold = 300 (default)
2019-09-25 04:07:03,582 [pool-62-thread-1] INFO  server.RaftServerConfigKeys (ConfUtils.java:logGet(43)) - raft.server.log.appender.install.snapshot.enabled = false (custom)
2019-09-25 04:07:03,582 [pool-62-thread-1] INFO  impl.RaftServerImpl (ServerState.java:<init>(103)) - 4af9f0c0-4b30-4554-ac1d-7cbb9398fa07@group-4D029925DBAD: ConfigurationManager, init=-1: [4af9f0c0-4b30-4554-ac1d-7cbb9398fa07:192.168.5.161:35352], old=null, confs=<EMPTY_MAP>
2019-09-25 04:07:03,583 [pool-62-thread-1] INFO  server.RaftServerConfigKeys (ConfUtils.java:logGet(43)) - raft.server.storage.dir = [/workdir/hadoop-ozone/integration-test/target/test-dir/MiniOzoneClusterImpl-071aaae5-0202-4fb6-b4d6-510014b63779/datanode-3/data/ratis] (custom)
2019-09-25 04:07:03,583 [pool-62-thread-1] INFO  storage.RaftStorageDirectory (RaftStorageDirectory.java:analyzeStorage(246)) - The storage directory /workdir/hadoop-ozone/integration-test/target/test-dir/MiniOzoneClusterImpl-071aaae5-0202-4fb6-b4d6-510014b63779/datanode-3/data/ratis/0bc0f289-3e83-4d3d-b757-4d029925dbad does not exist. Creating ...
2019-09-25 04:07:03,620 [pool-62-thread-1] INFO  storage.RaftStorageDirectory (RaftStorageDirectory.java:tryLock(328)) - Lock on /workdir/hadoop-ozone/integration-test/target/test-dir/MiniOzoneClusterImpl-071aaae5-0202-4fb6-b4d6-510014b63779/datanode-3/data/ratis/0bc0f289-3e83-4d3d-b757-4d029925dbad/in_use.lock acquired by nodename 11616@pr-hdds-1569-zxpks-796972592
2019-09-25 04:07:03,633 [pool-62-thread-1] INFO  storage.RaftStorage (RaftStorage.java:format(72)) - Storage directory /workdir/hadoop-ozone/integration-test/target/test-dir/MiniOzoneClusterImpl-071aaae5-0202-4fb6-b4d6-510014b63779/datanode-3/data/ratis/0bc0f289-3e83-4d3d-b757-4d029925dbad has been successfully formatted.
2019-09-25 04:07:03,633 [pool-62-thread-1] INFO  ratis.ContainerStateMachine (ContainerStateMachine.java:loadSnapshot(230)) - group-4D029925DBAD: The snapshot info is null. Setting the last applied indexto:(t:0, i:~)
2019-09-25 04:07:03,634 [pool-62-thread-1] INFO  server.RaftServerConfigKeys (ConfUtils.java:logGet(43)) - raft.server.notification.no-leader.timeout = 120s (custom)
2019-09-25 04:07:03,634 [pool-62-thread-1] INFO  server.RaftServerConfigKeys (ConfUtils.java:logGet(43)) - raft.server.log.use.memory = false (default)
2019-09-25 04:07:03,634 [pool-62-thread-1] INFO  server.RaftServerConfigKeys (ConfUtils.java:logGet(43)) - raft.server.log.purge.gap = 1000000 (custom)
2019-09-25 04:07:03,634 [pool-62-thread-1] INFO  server.RaftServerConfigKeys (ConfUtils.java:logGet(43)) - raft.server.log.appender.buffer.byte-limit = 33554432 (custom)
2019-09-25 04:07:03,634 [pool-62-thread-1] INFO  server.RaftServerConfigKeys (ConfUtils.java:logGet(43)) - raft.server.log.segment.size.max = 1048576 (custom)
2019-09-25 04:07:03,634 [pool-62-thread-1] INFO  server.RaftServerConfigKeys (ConfUtils.java:logGet(43)) - raft.server.log.segment.cache.num.max = 2 (custom)
2019-09-25 04:07:03,635 [pool-62-thread-1] INFO  segmented.SegmentedRaftLogWorker (SegmentedRaftLogWorker.java:<init>(172)) - new 4af9f0c0-4b30-4554-ac1d-7cbb9398fa07@group-4D029925DBAD-SegmentedRaftLogWorker for RaftStorage:Storage Directory /workdir/hadoop-ozone/integration-test/target/test-dir/MiniOzoneClusterImpl-071aaae5-0202-4fb6-b4d6-510014b63779/datanode-3/data/ratis/0bc0f289-3e83-4d3d-b757-4d029925dbad
2019-09-25 04:07:03,635 [pool-62-thread-1] INFO  server.RaftServerConfigKeys (ConfUtils.java:logGet(43)) - raft.server.log.queue.byte-limit = 2147483647 (custom)
2019-09-25 04:07:03,635 [pool-62-thread-1] INFO  server.RaftServerConfigKeys (ConfUtils.java:logGet(43)) - raft.server.log.queue.element-limit = 1024 (custom)
2019-09-25 04:07:03,635 [pool-62-thread-1] INFO  server.RaftServerConfigKeys (ConfUtils.java:logGet(43)) - raft.server.log.segment.size.max = 1048576 (custom)
2019-09-25 04:07:03,635 [pool-62-thread-1] INFO  server.RaftServerConfigKeys (ConfUtils.java:logGet(43)) - raft.server.log.preallocated.size = 16384 (custom)
2019-09-25 04:07:03,635 [pool-62-thread-1] INFO  server.RaftServerConfigKeys (ConfUtils.java:logGet(43)) - raft.server.log.write.buffer.size = 33554432 (custom)
2019-09-25 04:07:03,635 [pool-62-thread-1] INFO  server.RaftServerConfigKeys (ConfUtils.java:logGet(43)) - raft.server.log.force.sync.num = 128 (default)
2019-09-25 04:07:03,635 [pool-62-thread-1] INFO  server.RaftServerConfigKeys (ConfUtils.java:logGet(43)) - raft.server.log.statemachine.data.sync = true (default)
2019-09-25 04:07:03,636 [pool-62-thread-1] INFO  server.RaftServerConfigKeys (ConfUtils.java:logGet(43)) - raft.server.log.statemachine.data.sync.timeout = 10s (default)
2019-09-25 04:07:03,636 [pool-62-thread-1] INFO  server.RaftServerConfigKeys (ConfUtils.java:logGet(43)) - raft.server.log.statemachine.data.sync.timeout.retry = -1 (default)
2019-09-25 04:07:03,636 [pool-62-thread-1] INFO  server.RaftServerConfigKeys (ConfUtils.java:logGet(43)) - raft.server.log.statemachine.data.caching.enabled = true (custom)
2019-09-25 04:07:03,636 [pool-62-thread-1] INFO  segmented.SegmentedRaftLogWorker (SegmentedRaftLogWorker.java:lambda$new$0(132)) - 4af9f0c0-4b30-4554-ac1d-7cbb9398fa07@group-4D029925DBAD-SegmentedRaftLogWorker: flushIndex: setUnconditionally 0 -> -1
2019-09-25 04:07:03,637 [pool-62-thread-1] INFO  server.RaftServerConfigKeys (ConfUtils.java:logGet(43)) - raft.server.snapshot.auto.trigger.enabled = true (custom)
2019-09-25 04:07:03,637 [pool-62-thread-1] INFO  server.RaftServerConfigKeys (ConfUtils.java:logGet(43)) - raft.server.snapshot.auto.trigger.threshold = 10000 (custom)
2019-09-25 04:07:03,637 [pool-62-thread-1] INFO  server.RaftServerConfigKeys (ConfUtils.java:logGet(43)) - raft.server.snapshot.retention.num.files = 5 (custom)
2019-09-25 04:07:03,637 [pool-62-thread-1] INFO  server.RaftServerConfigKeys (ConfUtils.java:logGet(43)) - raft.server.retrycache.expirytime = 600000ms (custom)
2019-09-25 04:07:03,640 [pool-62-thread-1] INFO  impl.RaftServerImpl (RaftServerImpl.java:start(185)) - 4af9f0c0-4b30-4554-ac1d-7cbb9398fa07@group-4D029925DBAD: start as a follower, conf=-1: [4af9f0c0-4b30-4554-ac1d-7cbb9398fa07:192.168.5.161:35352], old=null
2019-09-25 04:07:03,640 [pool-62-thread-1] INFO  impl.RaftServerImpl (RaftServerImpl.java:setRole(174)) - 4af9f0c0-4b30-4554-ac1d-7cbb9398fa07@group-4D029925DBAD: changes role from      null to FOLLOWER at term 0 for startAsFollower
2019-09-25 04:07:03,641 [pool-62-thread-1] INFO  impl.RoleInfo (RoleInfo.java:updateAndGet(143)) - 4af9f0c0-4b30-4554-ac1d-7cbb9398fa07: start FollowerState
2019-09-25 04:07:03,641 [pool-62-thread-1] INFO  util.JmxRegister (JmxRegister.java:tryRegister(44)) - Successfully registered JMX Bean with object name Ratis:service=RaftServer,group=group-4D029925DBAD,id=4af9f0c0-4b30-4554-ac1d-7cbb9398fa07
2019-09-25 04:07:03,645 [RatisPipelineUtilsThread] INFO  pipeline.PipelineStateManager (PipelineStateManager.java:addPipeline(56)) - Created pipeline Pipeline[ Id: 0bc0f289-3e83-4d3d-b757-4d029925dbad, Nodes: 4af9f0c0-4b30-4554-ac1d-7cbb9398fa07{ip: 192.168.5.161, host: pr-hdds-1569-zxpks-796972592, networkLocation: /rack1, certSerialId: null}, Type:RATIS, Factor:ONE, State:OPEN]
2019-09-25 04:07:03,646 [RatisPipelineUtilsThread] INFO  pipeline.PipelinePlacementPolicy (PipelinePlacementPolicy.java:meetCriteria(91)) - Pipeline Placement: can't place more pipeline on heavy datanode： 32f4ed37-bf41-4fef-a9ff-904b5f6d48f0 Heaviness: 6 limit: 5
2019-09-25 04:07:03,646 [RatisPipelineUtilsThread] INFO  pipeline.PipelinePlacementPolicy (PipelinePlacementPolicy.java:meetCriteria(91)) - Pipeline Placement: can't place more pipeline on heavy datanode： 4af9f0c0-4b30-4554-ac1d-7cbb9398fa07 Heaviness: 6 limit: 5
2019-09-25 04:07:03,646 [RatisPipelineUtilsThread] INFO  pipeline.PipelinePlacementPolicy (PipelinePlacementPolicy.java:meetCriteria(91)) - Pipeline Placement: can't place more pipeline on heavy datanode： a428e86c-e33b-49db-aa7c-e41d27951dea Heaviness: 6 limit: 5
2019-09-25 04:07:03,646 [RatisPipelineUtilsThread] INFO  pipeline.PipelinePlacementPolicy (PipelinePlacementPolicy.java:meetCriteria(91)) - Pipeline Placement: can't place more pipeline on heavy datanode： 8a92d001-8b3d-4d35-a434-4b4214762be5 Heaviness: 6 limit: 5
2019-09-25 04:07:03,646 [RatisPipelineUtilsThread] ERROR pipeline.PipelinePlacementPolicy (PipelinePlacementPolicy.java:filterViableNodes(148)) - Unable to find enough nodes that meet the criteria that cannot engage in more than 5 pipelines. Nodes required: 1 Found: 0, healthy nodes count inNodeManager: 4.
2019-09-25 04:07:03,648 [RatisPipelineUtilsThread] ERROR pipeline.SCMPipelineManager (SCMPipelineManager.java:createPipeline(167)) - Pipeline creation failed.
org.apache.hadoop.hdds.scm.exceptions.SCMException: Unable to find enough nodes that meet the criteria that cannot engage in more than 5 pipelines. Nodes required: 1 Found: 0, healthy nodes count inNodeManager: 4.
	at org.apache.hadoop.hdds.scm.pipeline.PipelinePlacementPolicy.filterViableNodes(PipelinePlacementPolicy.java:149)
	at org.apache.hadoop.hdds.scm.pipeline.PipelinePlacementPolicy.chooseDatanodes(PipelinePlacementPolicy.java:172)
	at org.apache.hadoop.hdds.scm.pipeline.RatisPipelineProvider.create(RatisPipelineProvider.java:93)
	at org.apache.hadoop.hdds.scm.pipeline.PipelineFactory.create(PipelineFactory.java:58)
	at org.apache.hadoop.hdds.scm.pipeline.SCMPipelineManager.createPipeline(SCMPipelineManager.java:155)
	at org.apache.hadoop.hdds.scm.pipeline.BackgroundPipelineCreator.createPipelines(BackgroundPipelineCreator.java:99)
	at java.util.concurrent.Executors$RunnableAdapter.call(Executors.java:511)
	at java.util.concurrent.FutureTask.run(FutureTask.java:266)
	at java.util.concurrent.ScheduledThreadPoolExecutor$ScheduledFutureTask.access$201(ScheduledThreadPoolExecutor.java:180)
	at java.util.concurrent.ScheduledThreadPoolExecutor$ScheduledFutureTask.run(ScheduledThreadPoolExecutor.java:293)
	at java.util.concurrent.ThreadPoolExecutor.runWorker(ThreadPoolExecutor.java:1149)
	at java.util.concurrent.ThreadPoolExecutor$Worker.run(ThreadPoolExecutor.java:624)
	at java.lang.Thread.run(Thread.java:748)
2019-09-25 04:07:03,648 [RatisPipelineUtilsThread] INFO  pipeline.PipelinePlacementPolicy (PipelinePlacementPolicy.java:meetCriteria(91)) - Pipeline Placement: can't place more pipeline on heavy datanode： 32f4ed37-bf41-4fef-a9ff-904b5f6d48f0 Heaviness: 6 limit: 5
2019-09-25 04:07:03,648 [RatisPipelineUtilsThread] INFO  pipeline.PipelinePlacementPolicy (PipelinePlacementPolicy.java:meetCriteria(91)) - Pipeline Placement: can't place more pipeline on heavy datanode： 4af9f0c0-4b30-4554-ac1d-7cbb9398fa07 Heaviness: 6 limit: 5
2019-09-25 04:07:03,648 [RatisPipelineUtilsThread] INFO  pipeline.PipelinePlacementPolicy (PipelinePlacementPolicy.java:meetCriteria(91)) - Pipeline Placement: can't place more pipeline on heavy datanode： a428e86c-e33b-49db-aa7c-e41d27951dea Heaviness: 6 limit: 5
2019-09-25 04:07:03,649 [RatisPipelineUtilsThread] INFO  pipeline.PipelinePlacementPolicy (PipelinePlacementPolicy.java:meetCriteria(91)) - Pipeline Placement: can't place more pipeline on heavy datanode： 8a92d001-8b3d-4d35-a434-4b4214762be5 Heaviness: 6 limit: 5
2019-09-25 04:07:03,649 [RatisPipelineUtilsThread] ERROR pipeline.PipelinePlacementPolicy (PipelinePlacementPolicy.java:filterViableNodes(148)) - Unable to find enough nodes that meet the criteria that cannot engage in more than 5 pipelines. Nodes required: 3 Found: 0, healthy nodes count inNodeManager: 4.
2019-09-25 04:07:03,649 [RatisPipelineUtilsThread] ERROR pipeline.SCMPipelineManager (SCMPipelineManager.java:createPipeline(167)) - Pipeline creation failed.
org.apache.hadoop.hdds.scm.exceptions.SCMException: Unable to find enough nodes that meet the criteria that cannot engage in more than 5 pipelines. Nodes required: 3 Found: 0, healthy nodes count inNodeManager: 4.
	at org.apache.hadoop.hdds.scm.pipeline.PipelinePlacementPolicy.filterViableNodes(PipelinePlacementPolicy.java:149)
	at org.apache.hadoop.hdds.scm.pipeline.PipelinePlacementPolicy.chooseDatanodes(PipelinePlacementPolicy.java:172)
	at org.apache.hadoop.hdds.scm.pipeline.RatisPipelineProvider.create(RatisPipelineProvider.java:93)
	at org.apache.hadoop.hdds.scm.pipeline.PipelineFactory.create(PipelineFactory.java:58)
	at org.apache.hadoop.hdds.scm.pipeline.SCMPipelineManager.createPipeline(SCMPipelineManager.java:155)
	at org.apache.hadoop.hdds.scm.pipeline.BackgroundPipelineCreator.createPipelines(BackgroundPipelineCreator.java:99)
	at java.util.concurrent.Executors$RunnableAdapter.call(Executors.java:511)
	at java.util.concurrent.FutureTask.run(FutureTask.java:266)
	at java.util.concurrent.ScheduledThreadPoolExecutor$ScheduledFutureTask.access$201(ScheduledThreadPoolExecutor.java:180)
	at java.util.concurrent.ScheduledThreadPoolExecutor$ScheduledFutureTask.run(ScheduledThreadPoolExecutor.java:293)
	at java.util.concurrent.ThreadPoolExecutor.runWorker(ThreadPoolExecutor.java:1149)
	at java.util.concurrent.ThreadPoolExecutor$Worker.run(ThreadPoolExecutor.java:624)
	at java.lang.Thread.run(Thread.java:748)
2019-09-25 04:07:03,650 [RatisPipelineUtilsThread] INFO  pipeline.PipelinePlacementPolicy (PipelinePlacementPolicy.java:meetCriteria(91)) - Pipeline Placement: can't place more pipeline on heavy datanode： 32f4ed37-bf41-4fef-a9ff-904b5f6d48f0 Heaviness: 6 limit: 5
2019-09-25 04:07:03,651 [RatisPipelineUtilsThread] INFO  pipeline.PipelinePlacementPolicy (PipelinePlacementPolicy.java:meetCriteria(91)) - Pipeline Placement: can't place more pipeline on heavy datanode： 4af9f0c0-4b30-4554-ac1d-7cbb9398fa07 Heaviness: 6 limit: 5
2019-09-25 04:07:03,651 [RatisPipelineUtilsThread] INFO  pipeline.PipelinePlacementPolicy (PipelinePlacementPolicy.java:meetCriteria(91)) - Pipeline Placement: can't place more pipeline on heavy datanode： a428e86c-e33b-49db-aa7c-e41d27951dea Heaviness: 6 limit: 5
2019-09-25 04:07:03,651 [RatisPipelineUtilsThread] INFO  pipeline.PipelinePlacementPolicy (PipelinePlacementPolicy.java:meetCriteria(91)) - Pipeline Placement: can't place more pipeline on heavy datanode： 8a92d001-8b3d-4d35-a434-4b4214762be5 Heaviness: 6 limit: 5
2019-09-25 04:07:03,651 [RatisPipelineUtilsThread] ERROR pipeline.PipelinePlacementPolicy (PipelinePlacementPolicy.java:filterViableNodes(148)) - Unable to find enough nodes that meet the criteria that cannot engage in more than 5 pipelines. Nodes required: 1 Found: 0, healthy nodes count inNodeManager: 4.
2019-09-25 04:07:03,651 [RatisPipelineUtilsThread] ERROR pipeline.SCMPipelineManager (SCMPipelineManager.java:createPipeline(167)) - Pipeline creation failed.
org.apache.hadoop.hdds.scm.exceptions.SCMException: Unable to find enough nodes that meet the criteria that cannot engage in more than 5 pipelines. Nodes required: 1 Found: 0, healthy nodes count inNodeManager: 4.
	at org.apache.hadoop.hdds.scm.pipeline.PipelinePlacementPolicy.filterViableNodes(PipelinePlacementPolicy.java:149)
	at org.apache.hadoop.hdds.scm.pipeline.PipelinePlacementPolicy.chooseDatanodes(PipelinePlacementPolicy.java:172)
	at org.apache.hadoop.hdds.scm.pipeline.RatisPipelineProvider.create(RatisPipelineProvider.java:93)
	at org.apache.hadoop.hdds.scm.pipeline.PipelineFactory.create(PipelineFactory.java:58)
	at org.apache.hadoop.hdds.scm.pipeline.SCMPipelineManager.createPipeline(SCMPipelineManager.java:155)
	at org.apache.hadoop.hdds.scm.pipeline.BackgroundPipelineCreator.createPipelines(BackgroundPipelineCreator.java:99)
	at org.apache.hadoop.hdds.scm.pipeline.BackgroundPipelineCreator.lambda$startFixedIntervalPipelineCreator$0(BackgroundPipelineCreator.java:70)
	at java.util.concurrent.Executors$RunnableAdapter.call(Executors.java:511)
	at java.util.concurrent.FutureTask.runAndReset(FutureTask.java:308)
	at java.util.concurrent.ScheduledThreadPoolExecutor$ScheduledFutureTask.access$301(ScheduledThreadPoolExecutor.java:180)
	at java.util.concurrent.ScheduledThreadPoolExecutor$ScheduledFutureTask.run(ScheduledThreadPoolExecutor.java:294)
	at java.util.concurrent.ThreadPoolExecutor.runWorker(ThreadPoolExecutor.java:1149)
	at java.util.concurrent.ThreadPoolExecutor$Worker.run(ThreadPoolExecutor.java:624)
	at java.lang.Thread.run(Thread.java:748)
2019-09-25 04:07:03,652 [RatisPipelineUtilsThread] INFO  pipeline.PipelinePlacementPolicy (PipelinePlacementPolicy.java:meetCriteria(91)) - Pipeline Placement: can't place more pipeline on heavy datanode： 32f4ed37-bf41-4fef-a9ff-904b5f6d48f0 Heaviness: 6 limit: 5
2019-09-25 04:07:03,652 [RatisPipelineUtilsThread] INFO  pipeline.PipelinePlacementPolicy (PipelinePlacementPolicy.java:meetCriteria(91)) - Pipeline Placement: can't place more pipeline on heavy datanode： 4af9f0c0-4b30-4554-ac1d-7cbb9398fa07 Heaviness: 6 limit: 5
2019-09-25 04:07:03,652 [RatisPipelineUtilsThread] INFO  pipeline.PipelinePlacementPolicy (PipelinePlacementPolicy.java:meetCriteria(91)) - Pipeline Placement: can't place more pipeline on heavy datanode： a428e86c-e33b-49db-aa7c-e41d27951dea Heaviness: 6 limit: 5
2019-09-25 04:07:03,652 [RatisPipelineUtilsThread] INFO  pipeline.PipelinePlacementPolicy (PipelinePlacementPolicy.java:meetCriteria(91)) - Pipeline Placement: can't place more pipeline on heavy datanode： 8a92d001-8b3d-4d35-a434-4b4214762be5 Heaviness: 6 limit: 5
2019-09-25 04:07:03,652 [RatisPipelineUtilsThread] ERROR pipeline.PipelinePlacementPolicy (PipelinePlacementPolicy.java:filterViableNodes(148)) - Unable to find enough nodes that meet the criteria that cannot engage in more than 5 pipelines. Nodes required: 3 Found: 0, healthy nodes count inNodeManager: 4.
2019-09-25 04:07:03,652 [RatisPipelineUtilsThread] ERROR pipeline.SCMPipelineManager (SCMPipelineManager.java:createPipeline(167)) - Pipeline creation failed.
org.apache.hadoop.hdds.scm.exceptions.SCMException: Unable to find enough nodes that meet the criteria that cannot engage in more than 5 pipelines. Nodes required: 3 Found: 0, healthy nodes count inNodeManager: 4.
	at org.apache.hadoop.hdds.scm.pipeline.PipelinePlacementPolicy.filterViableNodes(PipelinePlacementPolicy.java:149)
	at org.apache.hadoop.hdds.scm.pipeline.PipelinePlacementPolicy.chooseDatanodes(PipelinePlacementPolicy.java:172)
	at org.apache.hadoop.hdds.scm.pipeline.RatisPipelineProvider.create(RatisPipelineProvider.java:93)
	at org.apache.hadoop.hdds.scm.pipeline.PipelineFactory.create(PipelineFactory.java:58)
	at org.apache.hadoop.hdds.scm.pipeline.SCMPipelineManager.createPipeline(SCMPipelineManager.java:155)
	at org.apache.hadoop.hdds.scm.pipeline.BackgroundPipelineCreator.createPipelines(BackgroundPipelineCreator.java:99)
	at org.apache.hadoop.hdds.scm.pipeline.BackgroundPipelineCreator.lambda$startFixedIntervalPipelineCreator$0(BackgroundPipelineCreator.java:70)
	at java.util.concurrent.Executors$RunnableAdapter.call(Executors.java:511)
	at java.util.concurrent.FutureTask.runAndReset(FutureTask.java:308)
	at java.util.concurrent.ScheduledThreadPoolExecutor$ScheduledFutureTask.access$301(ScheduledThreadPoolExecutor.java:180)
	at java.util.concurrent.ScheduledThreadPoolExecutor$ScheduledFutureTask.run(ScheduledThreadPoolExecutor.java:294)
	at java.util.concurrent.ThreadPoolExecutor.runWorker(ThreadPoolExecutor.java:1149)
	at java.util.concurrent.ThreadPoolExecutor$Worker.run(ThreadPoolExecutor.java:624)
	at java.lang.Thread.run(Thread.java:748)
2019-09-25 04:07:03,653 [IPC Server handler 0 on 38708] INFO  pipeline.PipelinePlacementPolicy (PipelinePlacementPolicy.java:meetCriteria(91)) - Pipeline Placement: can't place more pipeline on heavy datanode： 32f4ed37-bf41-4fef-a9ff-904b5f6d48f0 Heaviness: 6 limit: 5
2019-09-25 04:07:03,653 [IPC Server handler 0 on 38708] INFO  pipeline.PipelinePlacementPolicy (PipelinePlacementPolicy.java:meetCriteria(91)) - Pipeline Placement: can't place more pipeline on heavy datanode： 4af9f0c0-4b30-4554-ac1d-7cbb9398fa07 Heaviness: 6 limit: 5
2019-09-25 04:07:03,653 [IPC Server handler 0 on 38708] INFO  pipeline.PipelinePlacementPolicy (PipelinePlacementPolicy.java:meetCriteria(91)) - Pipeline Placement: can't place more pipeline on heavy datanode： a428e86c-e33b-49db-aa7c-e41d27951dea Heaviness: 6 limit: 5
2019-09-25 04:07:03,654 [IPC Server handler 0 on 38708] INFO  pipeline.PipelinePlacementPolicy (PipelinePlacementPolicy.java:meetCriteria(91)) - Pipeline Placement: can't place more pipeline on heavy datanode： 8a92d001-8b3d-4d35-a434-4b4214762be5 Heaviness: 6 limit: 5
2019-09-25 04:07:03,654 [IPC Server handler 0 on 38708] ERROR pipeline.PipelinePlacementPolicy (PipelinePlacementPolicy.java:filterViableNodes(148)) - Unable to find enough nodes that meet the criteria that cannot engage in more than 5 pipelines. Nodes required: 3 Found: 0, healthy nodes count inNodeManager: 4.
2019-09-25 04:07:03,654 [IPC Server handler 0 on 38708] ERROR pipeline.SCMPipelineManager (SCMPipelineManager.java:createPipeline(167)) - Pipeline creation failed.
org.apache.hadoop.hdds.scm.exceptions.SCMException: Unable to find enough nodes that meet the criteria that cannot engage in more than 5 pipelines. Nodes required: 3 Found: 0, healthy nodes count inNodeManager: 4.
	at org.apache.hadoop.hdds.scm.pipeline.PipelinePlacementPolicy.filterViableNodes(PipelinePlacementPolicy.java:149)
	at org.apache.hadoop.hdds.scm.pipeline.PipelinePlacementPolicy.chooseDatanodes(PipelinePlacementPolicy.java:172)
	at org.apache.hadoop.hdds.scm.pipeline.RatisPipelineProvider.create(RatisPipelineProvider.java:93)
	at org.apache.hadoop.hdds.scm.pipeline.PipelineFactory.create(PipelineFactory.java:58)
	at org.apache.hadoop.hdds.scm.pipeline.SCMPipelineManager.createPipeline(SCMPipelineManager.java:155)
	at org.apache.hadoop.hdds.scm.block.BlockManagerImpl.allocateBlock(BlockManagerImpl.java:190)
	at org.apache.hadoop.hdds.scm.server.SCMBlockProtocolServer.allocateBlock(SCMBlockProtocolServer.java:182)
	at org.apache.hadoop.ozone.protocolPB.ScmBlockLocationProtocolServerSideTranslatorPB.allocateScmBlock(ScmBlockLocationProtocolServerSideTranslatorPB.java:183)
	at org.apache.hadoop.ozone.protocolPB.ScmBlockLocationProtocolServerSideTranslatorPB.processMessage(ScmBlockLocationProtocolServerSideTranslatorPB.java:141)
	at org.apache.hadoop.ozone.protocolPB.ScmBlockLocationProtocolServerSideTranslatorPB.send(ScmBlockLocationProtocolServerSideTranslatorPB.java:116)
	at org.apache.hadoop.hdds.protocol.proto.ScmBlockLocationProtocolProtos$ScmBlockLocationProtocolService$2.callBlockingMethod(ScmBlockLocationProtocolProtos.java:13157)
	at org.apache.hadoop.ipc.ProtobufRpcEngine$Server$ProtoBufRpcInvoker.call(ProtobufRpcEngine.java:524)
	at org.apache.hadoop.ipc.RPC$Server.call(RPC.java:1025)
	at org.apache.hadoop.ipc.Server$RpcCall.run(Server.java:876)
	at org.apache.hadoop.ipc.Server$RpcCall.run(Server.java:822)
	at java.security.AccessController.doPrivileged(Native Method)
	at javax.security.auth.Subject.doAs(Subject.java:422)
	at org.apache.hadoop.security.UserGroupInformation.doAs(UserGroupInformation.java:1730)
	at org.apache.hadoop.ipc.Server$Handler.run(Server.java:2682)
2019-09-25 04:07:03,655 [IPC Server handler 0 on 38708] WARN  block.BlockManagerImpl (BlockManagerImpl.java:allocateBlock(192)) - Pipeline creation failed for type:RATIS factor:THREE. Retrying get pipelines call once.
org.apache.hadoop.hdds.scm.exceptions.SCMException: Unable to find enough nodes that meet the criteria that cannot engage in more than 5 pipelines. Nodes required: 3 Found: 0, healthy nodes count inNodeManager: 4.
	at org.apache.hadoop.hdds.scm.pipeline.PipelinePlacementPolicy.filterViableNodes(PipelinePlacementPolicy.java:149)
	at org.apache.hadoop.hdds.scm.pipeline.PipelinePlacementPolicy.chooseDatanodes(PipelinePlacementPolicy.java:172)
	at org.apache.hadoop.hdds.scm.pipeline.RatisPipelineProvider.create(RatisPipelineProvider.java:93)
	at org.apache.hadoop.hdds.scm.pipeline.PipelineFactory.create(PipelineFactory.java:58)
	at org.apache.hadoop.hdds.scm.pipeline.SCMPipelineManager.createPipeline(SCMPipelineManager.java:155)
	at org.apache.hadoop.hdds.scm.block.BlockManagerImpl.allocateBlock(BlockManagerImpl.java:190)
	at org.apache.hadoop.hdds.scm.server.SCMBlockProtocolServer.allocateBlock(SCMBlockProtocolServer.java:182)
	at org.apache.hadoop.ozone.protocolPB.ScmBlockLocationProtocolServerSideTranslatorPB.allocateScmBlock(ScmBlockLocationProtocolServerSideTranslatorPB.java:183)
	at org.apache.hadoop.ozone.protocolPB.ScmBlockLocationProtocolServerSideTranslatorPB.processMessage(ScmBlockLocationProtocolServerSideTranslatorPB.java:141)
	at org.apache.hadoop.ozone.protocolPB.ScmBlockLocationProtocolServerSideTranslatorPB.send(ScmBlockLocationProtocolServerSideTranslatorPB.java:116)
	at org.apache.hadoop.hdds.protocol.proto.ScmBlockLocationProtocolProtos$ScmBlockLocationProtocolService$2.callBlockingMethod(ScmBlockLocationProtocolProtos.java:13157)
	at org.apache.hadoop.ipc.ProtobufRpcEngine$Server$ProtoBufRpcInvoker.call(ProtobufRpcEngine.java:524)
	at org.apache.hadoop.ipc.RPC$Server.call(RPC.java:1025)
	at org.apache.hadoop.ipc.Server$RpcCall.run(Server.java:876)
	at org.apache.hadoop.ipc.Server$RpcCall.run(Server.java:822)
	at java.security.AccessController.doPrivileged(Native Method)
	at javax.security.auth.Subject.doAs(Subject.java:422)
	at org.apache.hadoop.security.UserGroupInformation.doAs(UserGroupInformation.java:1730)
	at org.apache.hadoop.ipc.Server$Handler.run(Server.java:2682)
2019-09-25 04:07:03,656 [IPC Server handler 0 on 38708] INFO  block.BlockManagerImpl (BlockManagerImpl.java:allocateBlock(198)) - Could not find available pipeline of type:RATIS and factor:THREE even after retrying
2019-09-25 04:07:03,656 [IPC Server handler 0 on 38708] ERROR block.BlockManagerImpl (BlockManagerImpl.java:allocateBlock(222)) - Unable to allocate a block for the size: 4194304, type: RATIS, factor: THREE
2019-09-25 04:07:03,664 [main] INFO  ozone.MiniOzoneClusterImpl (MiniOzoneClusterImpl.java:shutdown(314)) - Shutting down the Mini Ozone Cluster
2019-09-25 04:07:03,665 [main] INFO  ozone.MiniOzoneClusterImpl (MiniOzoneClusterImpl.java:stop(330)) - Stopping the Mini Ozone Cluster
2019-09-25 04:07:03,665 [main] INFO  ozone.MiniOzoneClusterImpl (MiniOzoneClusterImpl.java:stopOM(400)) - Stopping the OzoneManager
2019-09-25 04:07:03,665 [main] INFO  ipc.Server (Server.java:stop(3082)) - Stopping server on 33789
2019-09-25 04:07:03,671 [IPC Server listener on 33789] INFO  ipc.Server (Server.java:run(1185)) - Stopping IPC Server listener on 33789
2019-09-25 04:07:03,673 [IPC Server Responder] INFO  ipc.Server (Server.java:run(1319)) - Stopping IPC Server Responder
2019-09-25 04:07:03,686 [main] INFO  impl.RaftServerProxy (RaftServerProxy.java:lambda$close$4(314)) - 107e6fea-c6fc-4810-8867-57ad03542378: close
2019-09-25 04:07:03,695 [main] INFO  impl.RaftServerImpl (RaftServerImpl.java:lambda$shutdown$3(251)) - 107e6fea-c6fc-4810-8867-57ad03542378@group-C5BA1605619E: shutdown
2019-09-25 04:07:03,696 [main] INFO  util.JmxRegister (JmxRegister.java:unregister(73)) - Successfully un-registered JMX Bean with object name Ratis:service=RaftServer,group=group-C5BA1605619E,id=107e6fea-c6fc-4810-8867-57ad03542378
2019-09-25 04:07:03,696 [main] INFO  impl.RoleInfo (RoleInfo.java:shutdownLeaderState(104)) - 107e6fea-c6fc-4810-8867-57ad03542378: shutdown LeaderState
2019-09-25 04:07:03,697 [main] INFO  impl.PendingRequests (PendingRequests.java:sendNotLeaderResponses(202)) - 107e6fea-c6fc-4810-8867-57ad03542378-PendingRequests: sendNotLeaderResponses
2019-09-25 04:07:03,704 [main] INFO  impl.StateMachineUpdater (StateMachineUpdater.java:stopAndJoin(125)) - 107e6fea-c6fc-4810-8867-57ad03542378@group-C5BA1605619E-StateMachineUpdater: set stopIndex = 4
2019-09-25 04:07:03,704 [107e6fea-c6fc-4810-8867-57ad03542378@group-C5BA1605619E-StateMachineUpdater] INFO  ratis.OzoneManagerStateMachine (OzoneManagerStateMachine.java:takeSnapshot(254)) - Saving Ratis snapshot on the OM.
2019-09-25 04:07:03,712 [107e6fea-c6fc-4810-8867-57ad03542378@group-C5BA1605619E-StateMachineUpdater] INFO  ratis.OMRatisSnapshotInfo (OMRatisSnapshotInfo.java:saveRatisSnapshotToDisk(107)) - Saved Ratis Snapshot on the OM with snapshotIndex 3
2019-09-25 04:07:03,713 [107e6fea-c6fc-4810-8867-57ad03542378@group-C5BA1605619E-StateMachineUpdater] INFO  impl.StateMachineUpdater (StateMachineUpdater.java:takeSnapshot(258)) - 107e6fea-c6fc-4810-8867-57ad03542378@group-C5BA1605619E-StateMachineUpdater: Took a snapshot at index 3
2019-09-25 04:07:03,714 [107e6fea-c6fc-4810-8867-57ad03542378@group-C5BA1605619E-StateMachineUpdater] INFO  impl.StateMachineUpdater (StateMachineUpdater.java:lambda$new$0(83)) - 107e6fea-c6fc-4810-8867-57ad03542378@group-C5BA1605619E-StateMachineUpdater: snapshotIndex: updateIncreasingly -1 -> 3
2019-09-25 04:07:03,723 [107e6fea-c6fc-4810-8867-57ad03542378@group-C5BA1605619E-StateMachineUpdater] INFO  ratis.OzoneManagerStateMachine (OzoneManagerStateMachine.java:takeSnapshot(254)) - Saving Ratis snapshot on the OM.
2019-09-25 04:07:03,725 [107e6fea-c6fc-4810-8867-57ad03542378@group-C5BA1605619E-StateMachineUpdater] INFO  ratis.OMRatisSnapshotInfo (OMRatisSnapshotInfo.java:saveRatisSnapshotToDisk(107)) - Saved Ratis Snapshot on the OM with snapshotIndex 3
2019-09-25 04:07:03,725 [107e6fea-c6fc-4810-8867-57ad03542378@group-C5BA1605619E-StateMachineUpdater] INFO  impl.StateMachineUpdater (StateMachineUpdater.java:takeSnapshot(258)) - 107e6fea-c6fc-4810-8867-57ad03542378@group-C5BA1605619E-StateMachineUpdater: Took a snapshot at index 3
2019-09-25 04:07:03,725 [107e6fea-c6fc-4810-8867-57ad03542378@group-C5BA1605619E-StateMachineUpdater] INFO  impl.StateMachineUpdater (StateMachineUpdater.java:lambda$new$0(83)) - 107e6fea-c6fc-4810-8867-57ad03542378@group-C5BA1605619E-StateMachineUpdater: snapshotIndex: updateIncreasingly 3 -> 3
2019-09-25 04:07:03,725 [main] INFO  impl.RaftServerImpl (ServerState.java:close(385)) - 107e6fea-c6fc-4810-8867-57ad03542378@group-C5BA1605619E: closes. applyIndex: 4
2019-09-25 04:07:03,727 [107e6fea-c6fc-4810-8867-57ad03542378@group-C5BA1605619E-SegmentedRaftLogWorker] INFO  segmented.SegmentedRaftLogWorker (SegmentedRaftLogWorker.java:run(313)) - 107e6fea-c6fc-4810-8867-57ad03542378@group-C5BA1605619E-SegmentedRaftLogWorker was interrupted, exiting. There are 0 tasks remaining in the queue.
2019-09-25 04:07:03,729 [main] INFO  segmented.SegmentedRaftLogWorker (SegmentedRaftLogWorker.java:close(228)) - 107e6fea-c6fc-4810-8867-57ad03542378@group-C5BA1605619E-SegmentedRaftLogWorker close()
2019-09-25 04:07:03,731 [main] INFO  server.GrpcService (GrpcService.java:closeImpl(164)) - 107e6fea-c6fc-4810-8867-57ad03542378: shutdown server with port 9872 now
2019-09-25 04:07:03,733 [main] INFO  server.GrpcService (GrpcService.java:closeImpl(172)) - 107e6fea-c6fc-4810-8867-57ad03542378: shutdown server with port 9872 successfully
2019-09-25 04:07:03,733 [main] INFO  ratis.OzoneManagerDoubleBuffer (OzoneManagerDoubleBuffer.java:stop(248)) - Stopping OMDoubleBuffer flush thread
2019-09-25 04:07:03,734 [OMDoubleBufferFlushThread] INFO  ratis.OzoneManagerDoubleBuffer (OzoneManagerDoubleBuffer.java:flushTransactions(191)) - OMDoubleBuffer flush thread OMDoubleBufferFlushThread is interrupted and will exit. OMDoubleBufferFlushThread
2019-09-25 04:07:03,735 [main] INFO  utils.BackgroundService (BackgroundService.java:shutdown(148)) - Shutting down service KeyDeletingService
2019-09-25 04:07:03,738 [main] INFO  handler.ContextHandler (ContextHandler.java:doStop(910)) - Stopped o.e.j.w.WebAppContext@7ca8d498{/,null,UNAVAILABLE}{/ozoneManager}
2019-09-25 04:07:03,744 [main] INFO  server.AbstractConnector (AbstractConnector.java:doStop(318)) - Stopped ServerConnector@7187bac9{HTTP/1.1,[http/1.1]}{0.0.0.0:0}
2019-09-25 04:07:03,744 [main] INFO  handler.ContextHandler (ContextHandler.java:doStop(910)) - Stopped o.e.j.s.ServletContextHandler@2d82408{/static,file:///workdir/hadoop-ozone/integration-test/target/test-classes/webapps/static,UNAVAILABLE}
2019-09-25 04:07:03,744 [main] INFO  handler.ContextHandler (ContextHandler.java:doStop(910)) - Stopped o.e.j.s.ServletContextHandler@19650aa6{/logs,file:///workdir/hadoop-ozone/integration-test/target/log,UNAVAILABLE}
2019-09-25 04:07:03,747 [main] INFO  ozone.MiniOzoneClusterImpl (MiniOzoneClusterImpl.java:stopDatanodes(377)) - Stopping the HddsDatanodes
2019-09-25 04:07:04,576 [Datanode State Machine Thread - 0] INFO  statemachine.DatanodeStateMachine (DatanodeStateMachine.java:lambda$startDaemon$0(350)) - Ozone container server started.
2019-09-25 04:07:04,578 [Datanode State Machine Thread - 0] INFO  statemachine.DatanodeStateMachine (DatanodeStateMachine.java:lambda$startDaemon$0(350)) - Ozone container server started.
2019-09-25 04:07:05,062 [Thread-200] INFO  impl.FollowerState (FollowerState.java:run(106)) - a428e86c-e33b-49db-aa7c-e41d27951dea:group-78B3ED59AA77 changes to CANDIDATE, lastRpcTime:5122, electionTimeout:5122ms
2019-09-25 04:07:05,064 [Thread-200] INFO  impl.RoleInfo (RoleInfo.java:shutdownFollowerState(121)) - a428e86c-e33b-49db-aa7c-e41d27951dea: shutdown FollowerState
2019-09-25 04:07:05,064 [Thread-200] INFO  impl.RaftServerImpl (RaftServerImpl.java:setRole(174)) - a428e86c-e33b-49db-aa7c-e41d27951dea@group-78B3ED59AA77: changes role from  FOLLOWER to CANDIDATE at term 0 for changeToCandidate
2019-09-25 04:07:05,065 [Thread-200] INFO  impl.RoleInfo (RoleInfo.java:updateAndGet(143)) - a428e86c-e33b-49db-aa7c-e41d27951dea: start LeaderElection
2019-09-25 04:07:05,151 [Thread-203] INFO  impl.FollowerState (FollowerState.java:run(106)) - a428e86c-e33b-49db-aa7c-e41d27951dea:group-8C653266E5AE changes to CANDIDATE, lastRpcTime:5078, electionTimeout:5078ms
2019-09-25 04:07:05,151 [Thread-203] INFO  impl.RoleInfo (RoleInfo.java:shutdownFollowerState(121)) - a428e86c-e33b-49db-aa7c-e41d27951dea: shutdown FollowerState
2019-09-25 04:07:05,151 [Thread-203] INFO  impl.RaftServerImpl (RaftServerImpl.java:setRole(174)) - a428e86c-e33b-49db-aa7c-e41d27951dea@group-8C653266E5AE: changes role from  FOLLOWER to CANDIDATE at term 0 for changeToCandidate
2019-09-25 04:07:05,152 [Thread-203] INFO  impl.RoleInfo (RoleInfo.java:updateAndGet(143)) - a428e86c-e33b-49db-aa7c-e41d27951dea: start LeaderElection
2019-09-25 04:07:05,327 [a428e86c-e33b-49db-aa7c-e41d27951dea@group-8C653266E5AE:LeaderElection3] INFO  impl.LeaderElection (LeaderElection.java:askForVotes(182)) - a428e86c-e33b-49db-aa7c-e41d27951dea@group-8C653266E5AE:LeaderElection3: begin an election at term 1 for -1: [a428e86c-e33b-49db-aa7c-e41d27951dea:192.168.5.161:43255], old=null
2019-09-25 04:07:05,327 [a428e86c-e33b-49db-aa7c-e41d27951dea@group-78B3ED59AA77:LeaderElection2] INFO  impl.LeaderElection (LeaderElection.java:askForVotes(182)) - a428e86c-e33b-49db-aa7c-e41d27951dea@group-78B3ED59AA77:LeaderElection2: begin an election at term 1 for -1: [a428e86c-e33b-49db-aa7c-e41d27951dea:192.168.5.161:43255], old=null
2019-09-25 04:07:05,335 [a428e86c-e33b-49db-aa7c-e41d27951dea@group-8C653266E5AE:LeaderElection3] INFO  impl.RoleInfo (RoleInfo.java:shutdownLeaderElection(134)) - a428e86c-e33b-49db-aa7c-e41d27951dea: shutdown LeaderElection
2019-09-25 04:07:05,335 [a428e86c-e33b-49db-aa7c-e41d27951dea@group-78B3ED59AA77:LeaderElection2] INFO  impl.RoleInfo (RoleInfo.java:shutdownLeaderElection(134)) - a428e86c-e33b-49db-aa7c-e41d27951dea: shutdown LeaderElection
2019-09-25 04:07:05,335 [a428e86c-e33b-49db-aa7c-e41d27951dea@group-8C653266E5AE:LeaderElection3] INFO  impl.RaftServerImpl (RaftServerImpl.java:setRole(174)) - a428e86c-e33b-49db-aa7c-e41d27951dea@group-8C653266E5AE: changes role from CANDIDATE to LEADER at term 1 for changeToLeader
2019-09-25 04:07:05,335 [a428e86c-e33b-49db-aa7c-e41d27951dea@group-78B3ED59AA77:LeaderElection2] INFO  impl.RaftServerImpl (RaftServerImpl.java:setRole(174)) - a428e86c-e33b-49db-aa7c-e41d27951dea@group-78B3ED59AA77: changes role from CANDIDATE to LEADER at term 1 for changeToLeader
2019-09-25 04:07:05,335 [a428e86c-e33b-49db-aa7c-e41d27951dea@group-8C653266E5AE:LeaderElection3] INFO  impl.RaftServerImpl (ServerState.java:setLeader(253)) - a428e86c-e33b-49db-aa7c-e41d27951dea@group-8C653266E5AE: change Leader from null to a428e86c-e33b-49db-aa7c-e41d27951dea at term 1 for becomeLeader, leader elected after 5269ms
2019-09-25 04:07:05,335 [a428e86c-e33b-49db-aa7c-e41d27951dea@group-78B3ED59AA77:LeaderElection2] INFO  impl.RaftServerImpl (ServerState.java:setLeader(253)) - a428e86c-e33b-49db-aa7c-e41d27951dea@group-78B3ED59AA77: change Leader from null to a428e86c-e33b-49db-aa7c-e41d27951dea at term 1 for becomeLeader, leader elected after 5434ms
2019-09-25 04:07:05,335 [a428e86c-e33b-49db-aa7c-e41d27951dea@group-8C653266E5AE:LeaderElection3] INFO  server.RaftServerConfigKeys (ConfUtils.java:logGet(43)) - raft.server.staging.catchup.gap = 1000 (default)
2019-09-25 04:07:05,335 [a428e86c-e33b-49db-aa7c-e41d27951dea@group-78B3ED59AA77:LeaderElection2] INFO  server.RaftServerConfigKeys (ConfUtils.java:logGet(43)) - raft.server.staging.catchup.gap = 1000 (default)
2019-09-25 04:07:05,336 [a428e86c-e33b-49db-aa7c-e41d27951dea@group-8C653266E5AE:LeaderElection3] INFO  server.RaftServerConfigKeys (ConfUtils.java:logGet(43)) - raft.server.rpc.sleep.time = 25ms (default)
2019-09-25 04:07:05,336 [a428e86c-e33b-49db-aa7c-e41d27951dea@group-78B3ED59AA77:LeaderElection2] INFO  server.RaftServerConfigKeys (ConfUtils.java:logGet(43)) - raft.server.rpc.sleep.time = 25ms (default)
2019-09-25 04:07:05,336 [a428e86c-e33b-49db-aa7c-e41d27951dea@group-8C653266E5AE:LeaderElection3] INFO  server.RaftServerConfigKeys (ConfUtils.java:logGet(43)) - raft.server.write.element-limit = 4096 (default)
2019-09-25 04:07:05,336 [Thread-206] INFO  impl.FollowerState (FollowerState.java:run(106)) - 32f4ed37-bf41-4fef-a9ff-904b5f6d48f0:group-9EE13EB54FE3 changes to CANDIDATE, lastRpcTime:5180, electionTimeout:5180ms
2019-09-25 04:07:05,336 [a428e86c-e33b-49db-aa7c-e41d27951dea@group-8C653266E5AE:LeaderElection3] INFO  server.RaftServerConfigKeys (ConfUtils.java:logGet(43)) - raft.server.watch.timeout = 10s (default)
2019-09-25 04:07:05,336 [a428e86c-e33b-49db-aa7c-e41d27951dea@group-78B3ED59AA77:LeaderElection2] INFO  server.RaftServerConfigKeys (ConfUtils.java:logGet(43)) - raft.server.write.element-limit = 4096 (default)
2019-09-25 04:07:05,336 [Thread-206] INFO  impl.RoleInfo (RoleInfo.java:shutdownFollowerState(121)) - 32f4ed37-bf41-4fef-a9ff-904b5f6d48f0: shutdown FollowerState
2019-09-25 04:07:05,336 [a428e86c-e33b-49db-aa7c-e41d27951dea@group-8C653266E5AE:LeaderElection3] INFO  server.RaftServerConfigKeys (ConfUtils.java:logGet(43)) - raft.server.watch.timeout.denomination = 1s (default)
2019-09-25 04:07:05,337 [Thread-206] INFO  impl.RaftServerImpl (RaftServerImpl.java:setRole(174)) - 32f4ed37-bf41-4fef-a9ff-904b5f6d48f0@group-9EE13EB54FE3: changes role from  FOLLOWER to CANDIDATE at term 0 for changeToCandidate
2019-09-25 04:07:05,337 [a428e86c-e33b-49db-aa7c-e41d27951dea@group-78B3ED59AA77:LeaderElection2] INFO  server.RaftServerConfigKeys (ConfUtils.java:logGet(43)) - raft.server.watch.timeout = 10s (default)
2019-09-25 04:07:05,337 [Thread-206] INFO  impl.RoleInfo (RoleInfo.java:updateAndGet(143)) - 32f4ed37-bf41-4fef-a9ff-904b5f6d48f0: start LeaderElection
2019-09-25 04:07:05,337 [a428e86c-e33b-49db-aa7c-e41d27951dea@group-8C653266E5AE:LeaderElection3] INFO  server.RaftServerConfigKeys (ConfUtils.java:logGet(43)) - raft.server.watch.element-limit = 65536 (default)
2019-09-25 04:07:05,337 [a428e86c-e33b-49db-aa7c-e41d27951dea@group-78B3ED59AA77:LeaderElection2] INFO  server.RaftServerConfigKeys (ConfUtils.java:logGet(43)) - raft.server.watch.timeout.denomination = 1s (default)
2019-09-25 04:07:05,340 [a428e86c-e33b-49db-aa7c-e41d27951dea@group-78B3ED59AA77:LeaderElection2] INFO  server.RaftServerConfigKeys (ConfUtils.java:logGet(43)) - raft.server.watch.element-limit = 65536 (default)
2019-09-25 04:07:05,344 [a428e86c-e33b-49db-aa7c-e41d27951dea@group-8C653266E5AE:LeaderElection3] INFO  impl.RoleInfo (RoleInfo.java:updateAndGet(143)) - a428e86c-e33b-49db-aa7c-e41d27951dea: start LeaderState
2019-09-25 04:07:05,344 [a428e86c-e33b-49db-aa7c-e41d27951dea@group-8C653266E5AE:LeaderElection3] INFO  segmented.SegmentedRaftLogWorker (SegmentedRaftLogWorker.java:startLogSegment(380)) - a428e86c-e33b-49db-aa7c-e41d27951dea@group-8C653266E5AE-SegmentedRaftLogWorker: Starting segment from index:0
2019-09-25 04:07:05,345 [a428e86c-e33b-49db-aa7c-e41d27951dea@group-8C653266E5AE:LeaderElection3] INFO  impl.RaftServerImpl (ServerState.java:setRaftConf(354)) - a428e86c-e33b-49db-aa7c-e41d27951dea@group-8C653266E5AE: set configuration 0: [a428e86c-e33b-49db-aa7c-e41d27951dea:192.168.5.161:43255], old=null at 0
2019-09-25 04:07:05,381 [Thread-212] INFO  impl.FollowerState (FollowerState.java:run(106)) - a428e86c-e33b-49db-aa7c-e41d27951dea:group-1DBB81BBB751 changes to CANDIDATE, lastRpcTime:5080, electionTimeout:5058ms
2019-09-25 04:07:05,381 [Thread-209] INFO  impl.FollowerState (FollowerState.java:run(106)) - 8a92d001-8b3d-4d35-a434-4b4214762be5:group-B66463D8DB76 changes to CANDIDATE, lastRpcTime:5140, electionTimeout:5129ms
2019-09-25 04:07:05,381 [32f4ed37-bf41-4fef-a9ff-904b5f6d48f0@group-9EE13EB54FE3:LeaderElection4] INFO  impl.LeaderElection (LeaderElection.java:askForVotes(182)) - 32f4ed37-bf41-4fef-a9ff-904b5f6d48f0@group-9EE13EB54FE3:LeaderElection4: begin an election at term 1 for -1: [32f4ed37-bf41-4fef-a9ff-904b5f6d48f0:192.168.5.161:33839], old=null
2019-09-25 04:07:05,382 [Thread-209] INFO  impl.RoleInfo (RoleInfo.java:shutdownFollowerState(121)) - 8a92d001-8b3d-4d35-a434-4b4214762be5: shutdown FollowerState
2019-09-25 04:07:05,382 [Thread-212] INFO  impl.RoleInfo (RoleInfo.java:shutdownFollowerState(121)) - a428e86c-e33b-49db-aa7c-e41d27951dea: shutdown FollowerState
2019-09-25 04:07:05,382 [a428e86c-e33b-49db-aa7c-e41d27951dea@group-78B3ED59AA77:LeaderElection2] INFO  impl.RoleInfo (RoleInfo.java:updateAndGet(143)) - a428e86c-e33b-49db-aa7c-e41d27951dea: start LeaderState
2019-09-25 04:07:05,382 [Thread-212] INFO  impl.RaftServerImpl (RaftServerImpl.java:setRole(174)) - a428e86c-e33b-49db-aa7c-e41d27951dea@group-1DBB81BBB751: changes role from  FOLLOWER to CANDIDATE at term 0 for changeToCandidate
2019-09-25 04:07:05,382 [Thread-209] INFO  impl.RaftServerImpl (RaftServerImpl.java:setRole(174)) - 8a92d001-8b3d-4d35-a434-4b4214762be5@group-B66463D8DB76: changes role from  FOLLOWER to CANDIDATE at term 0 for changeToCandidate
2019-09-25 04:07:05,382 [32f4ed37-bf41-4fef-a9ff-904b5f6d48f0@group-9EE13EB54FE3:LeaderElection4] INFO  impl.RoleInfo (RoleInfo.java:shutdownLeaderElection(134)) - 32f4ed37-bf41-4fef-a9ff-904b5f6d48f0: shutdown LeaderElection
2019-09-25 04:07:05,383 [Thread-209] INFO  impl.RoleInfo (RoleInfo.java:updateAndGet(143)) - 8a92d001-8b3d-4d35-a434-4b4214762be5: start LeaderElection
2019-09-25 04:07:05,383 [Thread-212] INFO  impl.RoleInfo (RoleInfo.java:updateAndGet(143)) - a428e86c-e33b-49db-aa7c-e41d27951dea: start LeaderElection
2019-09-25 04:07:05,383 [a428e86c-e33b-49db-aa7c-e41d27951dea@group-78B3ED59AA77:LeaderElection2] INFO  segmented.SegmentedRaftLogWorker (SegmentedRaftLogWorker.java:startLogSegment(380)) - a428e86c-e33b-49db-aa7c-e41d27951dea@group-78B3ED59AA77-SegmentedRaftLogWorker: Starting segment from index:0
2019-09-25 04:07:05,383 [32f4ed37-bf41-4fef-a9ff-904b5f6d48f0@group-9EE13EB54FE3:LeaderElection4] INFO  impl.RaftServerImpl (RaftServerImpl.java:setRole(174)) - 32f4ed37-bf41-4fef-a9ff-904b5f6d48f0@group-9EE13EB54FE3: changes role from CANDIDATE to LEADER at term 1 for changeToLeader
2019-09-25 04:07:05,390 [32f4ed37-bf41-4fef-a9ff-904b5f6d48f0@group-9EE13EB54FE3:LeaderElection4] INFO  impl.RaftServerImpl (ServerState.java:setLeader(253)) - 32f4ed37-bf41-4fef-a9ff-904b5f6d48f0@group-9EE13EB54FE3: change Leader from null to 32f4ed37-bf41-4fef-a9ff-904b5f6d48f0 at term 1 for becomeLeader, leader elected after 5244ms
2019-09-25 04:07:05,391 [a428e86c-e33b-49db-aa7c-e41d27951dea@group-78B3ED59AA77:LeaderElection2] INFO  impl.RaftServerImpl (ServerState.java:setRaftConf(354)) - a428e86c-e33b-49db-aa7c-e41d27951dea@group-78B3ED59AA77: set configuration 0: [a428e86c-e33b-49db-aa7c-e41d27951dea:192.168.5.161:43255], old=null at 0
2019-09-25 04:07:05,419 [32f4ed37-bf41-4fef-a9ff-904b5f6d48f0@group-9EE13EB54FE3:LeaderElection4] INFO  server.RaftServerConfigKeys (ConfUtils.java:logGet(43)) - raft.server.staging.catchup.gap = 1000 (default)
2019-09-25 04:07:05,419 [Thread-215] INFO  impl.FollowerState (FollowerState.java:run(106)) - 32f4ed37-bf41-4fef-a9ff-904b5f6d48f0:group-BFCE96D23786 changes to CANDIDATE, lastRpcTime:5050, electionTimeout:5045ms
2019-09-25 04:07:05,421 [32f4ed37-bf41-4fef-a9ff-904b5f6d48f0@group-9EE13EB54FE3:LeaderElection4] INFO  server.RaftServerConfigKeys (ConfUtils.java:logGet(43)) - raft.server.rpc.sleep.time = 25ms (default)
2019-09-25 04:07:05,421 [Thread-215] INFO  impl.RoleInfo (RoleInfo.java:shutdownFollowerState(121)) - 32f4ed37-bf41-4fef-a9ff-904b5f6d48f0: shutdown FollowerState
2019-09-25 04:07:05,421 [32f4ed37-bf41-4fef-a9ff-904b5f6d48f0@group-9EE13EB54FE3:LeaderElection4] INFO  server.RaftServerConfigKeys (ConfUtils.java:logGet(43)) - raft.server.write.element-limit = 4096 (default)
2019-09-25 04:07:05,421 [Thread-215] INFO  impl.RaftServerImpl (RaftServerImpl.java:setRole(174)) - 32f4ed37-bf41-4fef-a9ff-904b5f6d48f0@group-BFCE96D23786: changes role from  FOLLOWER to CANDIDATE at term 0 for changeToCandidate
2019-09-25 04:07:05,422 [32f4ed37-bf41-4fef-a9ff-904b5f6d48f0@group-9EE13EB54FE3:LeaderElection4] INFO  server.RaftServerConfigKeys (ConfUtils.java:logGet(43)) - raft.server.watch.timeout = 10s (default)
2019-09-25 04:07:05,422 [Thread-215] INFO  impl.RoleInfo (RoleInfo.java:updateAndGet(143)) - 32f4ed37-bf41-4fef-a9ff-904b5f6d48f0: start LeaderElection
2019-09-25 04:07:05,422 [32f4ed37-bf41-4fef-a9ff-904b5f6d48f0@group-9EE13EB54FE3:LeaderElection4] INFO  server.RaftServerConfigKeys (ConfUtils.java:logGet(43)) - raft.server.watch.timeout.denomination = 1s (default)
2019-09-25 04:07:05,422 [32f4ed37-bf41-4fef-a9ff-904b5f6d48f0@group-9EE13EB54FE3:LeaderElection4] INFO  server.RaftServerConfigKeys (ConfUtils.java:logGet(43)) - raft.server.watch.element-limit = 65536 (default)
2019-09-25 04:07:05,429 [32f4ed37-bf41-4fef-a9ff-904b5f6d48f0@group-9EE13EB54FE3:LeaderElection4] INFO  impl.RoleInfo (RoleInfo.java:updateAndGet(143)) - 32f4ed37-bf41-4fef-a9ff-904b5f6d48f0: start LeaderState
2019-09-25 04:07:05,429 [32f4ed37-bf41-4fef-a9ff-904b5f6d48f0@group-9EE13EB54FE3:LeaderElection4] INFO  segmented.SegmentedRaftLogWorker (SegmentedRaftLogWorker.java:startLogSegment(380)) - 32f4ed37-bf41-4fef-a9ff-904b5f6d48f0@group-9EE13EB54FE3-SegmentedRaftLogWorker: Starting segment from index:0
2019-09-25 04:07:05,430 [32f4ed37-bf41-4fef-a9ff-904b5f6d48f0@group-9EE13EB54FE3:LeaderElection4] INFO  impl.RaftServerImpl (ServerState.java:setRaftConf(354)) - 32f4ed37-bf41-4fef-a9ff-904b5f6d48f0@group-9EE13EB54FE3: set configuration 0: [32f4ed37-bf41-4fef-a9ff-904b5f6d48f0:192.168.5.161:33839], old=null at 0
2019-09-25 04:07:05,505 [Thread-221] INFO  impl.FollowerState (FollowerState.java:run(106)) - 32f4ed37-bf41-4fef-a9ff-904b5f6d48f0:group-690018142AB0 changes to CANDIDATE, lastRpcTime:5009, electionTimeout:5009ms
2019-09-25 04:07:05,505 [Thread-221] INFO  impl.RoleInfo (RoleInfo.java:shutdownFollowerState(121)) - 32f4ed37-bf41-4fef-a9ff-904b5f6d48f0: shutdown FollowerState
2019-09-25 04:07:05,505 [Thread-221] INFO  impl.RaftServerImpl (RaftServerImpl.java:setRole(174)) - 32f4ed37-bf41-4fef-a9ff-904b5f6d48f0@group-690018142AB0: changes role from  FOLLOWER to CANDIDATE at term 0 for changeToCandidate
2019-09-25 04:07:05,506 [Thread-221] INFO  impl.RoleInfo (RoleInfo.java:updateAndGet(143)) - 32f4ed37-bf41-4fef-a9ff-904b5f6d48f0: start LeaderElection
2019-09-25 04:07:05,625 [Thread-218] INFO  impl.FollowerState (FollowerState.java:run(106)) - 32f4ed37-bf41-4fef-a9ff-904b5f6d48f0:group-2FA93CCDA56C changes to CANDIDATE, lastRpcTime:5190, electionTimeout:5190ms
2019-09-25 04:07:05,625 [Thread-218] INFO  impl.RoleInfo (RoleInfo.java:shutdownFollowerState(121)) - 32f4ed37-bf41-4fef-a9ff-904b5f6d48f0: shutdown FollowerState
2019-09-25 04:07:05,625 [Thread-218] INFO  impl.RaftServerImpl (RaftServerImpl.java:setRole(174)) - 32f4ed37-bf41-4fef-a9ff-904b5f6d48f0@group-2FA93CCDA56C: changes role from  FOLLOWER to CANDIDATE at term 0 for changeToCandidate
2019-09-25 04:07:05,625 [Thread-218] INFO  impl.RoleInfo (RoleInfo.java:updateAndGet(143)) - 32f4ed37-bf41-4fef-a9ff-904b5f6d48f0: start LeaderElection
2019-09-25 04:07:05,680 [Thread-227] INFO  impl.FollowerState (FollowerState.java:run(106)) - 8a92d001-8b3d-4d35-a434-4b4214762be5:group-9AC06EF8BCBB changes to CANDIDATE, lastRpcTime:5069, electionTimeout:5069ms
2019-09-25 04:07:05,680 [Thread-227] INFO  impl.RoleInfo (RoleInfo.java:shutdownFollowerState(121)) - 8a92d001-8b3d-4d35-a434-4b4214762be5: shutdown FollowerState
2019-09-25 04:07:05,680 [Thread-227] INFO  impl.RaftServerImpl (RaftServerImpl.java:setRole(174)) - 8a92d001-8b3d-4d35-a434-4b4214762be5@group-9AC06EF8BCBB: changes role from  FOLLOWER to CANDIDATE at term 0 for changeToCandidate
2019-09-25 04:07:05,680 [Thread-227] INFO  impl.RoleInfo (RoleInfo.java:updateAndGet(143)) - 8a92d001-8b3d-4d35-a434-4b4214762be5: start LeaderElection
2019-09-25 04:07:05,711 [Thread-224] INFO  impl.FollowerState (FollowerState.java:run(106)) - a428e86c-e33b-49db-aa7c-e41d27951dea:group-68CE21FF4457 changes to CANDIDATE, lastRpcTime:5160, electionTimeout:5160ms
2019-09-25 04:07:05,711 [Thread-224] INFO  impl.RoleInfo (RoleInfo.java:shutdownFollowerState(121)) - a428e86c-e33b-49db-aa7c-e41d27951dea: shutdown FollowerState
2019-09-25 04:07:05,711 [Thread-224] INFO  impl.RaftServerImpl (RaftServerImpl.java:setRole(174)) - a428e86c-e33b-49db-aa7c-e41d27951dea@group-68CE21FF4457: changes role from  FOLLOWER to CANDIDATE at term 0 for changeToCandidate
2019-09-25 04:07:05,712 [Thread-224] INFO  impl.RoleInfo (RoleInfo.java:updateAndGet(143)) - a428e86c-e33b-49db-aa7c-e41d27951dea: start LeaderElection
2019-09-25 04:07:05,838 [a428e86c-e33b-49db-aa7c-e41d27951dea@group-8C653266E5AE-SegmentedRaftLogWorker] INFO  segmented.SegmentedRaftLogWorker (SegmentedRaftLogWorker.java:execute(569)) - a428e86c-e33b-49db-aa7c-e41d27951dea@group-8C653266E5AE-SegmentedRaftLogWorker: created new log segment /workdir/hadoop-ozone/integration-test/target/test-dir/MiniOzoneClusterImpl-071aaae5-0202-4fb6-b4d6-510014b63779/datanode-0/data/ratis/6f88ef89-e8c5-4e77-8a17-8c653266e5ae/current/log_inprogress_0
2019-09-25 04:07:05,840 [8a92d001-8b3d-4d35-a434-4b4214762be5@group-B66463D8DB76:LeaderElection6] INFO  impl.LeaderElection (LeaderElection.java:askForVotes(182)) - 8a92d001-8b3d-4d35-a434-4b4214762be5@group-B66463D8DB76:LeaderElection6: begin an election at term 1 for -1: [8a92d001-8b3d-4d35-a434-4b4214762be5:192.168.5.161:36790], old=null
2019-09-25 04:07:05,840 [8a92d001-8b3d-4d35-a434-4b4214762be5@group-B66463D8DB76:LeaderElection6] INFO  impl.RoleInfo (RoleInfo.java:shutdownLeaderElection(134)) - 8a92d001-8b3d-4d35-a434-4b4214762be5: shutdown LeaderElection
2019-09-25 04:07:05,840 [8a92d001-8b3d-4d35-a434-4b4214762be5@group-B66463D8DB76:LeaderElection6] INFO  impl.RaftServerImpl (RaftServerImpl.java:setRole(174)) - 8a92d001-8b3d-4d35-a434-4b4214762be5@group-B66463D8DB76: changes role from CANDIDATE to LEADER at term 1 for changeToLeader
2019-09-25 04:07:05,840 [8a92d001-8b3d-4d35-a434-4b4214762be5@group-B66463D8DB76:LeaderElection6] INFO  impl.RaftServerImpl (ServerState.java:setLeader(253)) - 8a92d001-8b3d-4d35-a434-4b4214762be5@group-B66463D8DB76: change Leader from null to 8a92d001-8b3d-4d35-a434-4b4214762be5 at term 1 for becomeLeader, leader elected after 5609ms
2019-09-25 04:07:05,842 [8a92d001-8b3d-4d35-a434-4b4214762be5@group-B66463D8DB76:LeaderElection6] INFO  server.RaftServerConfigKeys (ConfUtils.java:logGet(43)) - raft.server.staging.catchup.gap = 1000 (default)
2019-09-25 04:07:05,844 [8a92d001-8b3d-4d35-a434-4b4214762be5@group-B66463D8DB76:LeaderElection6] INFO  server.RaftServerConfigKeys (ConfUtils.java:logGet(43)) - raft.server.rpc.sleep.time = 25ms (default)
2019-09-25 04:07:05,844 [8a92d001-8b3d-4d35-a434-4b4214762be5@group-B66463D8DB76:LeaderElection6] INFO  server.RaftServerConfigKeys (ConfUtils.java:logGet(43)) - raft.server.write.element-limit = 4096 (default)
2019-09-25 04:07:05,845 [8a92d001-8b3d-4d35-a434-4b4214762be5@group-B66463D8DB76:LeaderElection6] INFO  server.RaftServerConfigKeys (ConfUtils.java:logGet(43)) - raft.server.watch.timeout = 10s (default)
2019-09-25 04:07:05,845 [8a92d001-8b3d-4d35-a434-4b4214762be5@group-B66463D8DB76:LeaderElection6] INFO  server.RaftServerConfigKeys (ConfUtils.java:logGet(43)) - raft.server.watch.timeout.denomination = 1s (default)
2019-09-25 04:07:05,845 [8a92d001-8b3d-4d35-a434-4b4214762be5@group-B66463D8DB76:LeaderElection6] INFO  server.RaftServerConfigKeys (ConfUtils.java:logGet(43)) - raft.server.watch.element-limit = 65536 (default)
2019-09-25 04:07:05,846 [Thread-230] INFO  impl.FollowerState (FollowerState.java:run(106)) - 8a92d001-8b3d-4d35-a434-4b4214762be5:group-75F113B5AA30 changes to CANDIDATE, lastRpcTime:5166, electionTimeout:5166ms
2019-09-25 04:07:05,846 [Thread-230] INFO  impl.RoleInfo (RoleInfo.java:shutdownFollowerState(121)) - 8a92d001-8b3d-4d35-a434-4b4214762be5: shutdown FollowerState
2019-09-25 04:07:05,846 [Thread-230] INFO  impl.RaftServerImpl (RaftServerImpl.java:setRole(174)) - 8a92d001-8b3d-4d35-a434-4b4214762be5@group-75F113B5AA30: changes role from  FOLLOWER to CANDIDATE at term 0 for changeToCandidate
2019-09-25 04:07:05,846 [Thread-230] INFO  impl.RoleInfo (RoleInfo.java:updateAndGet(143)) - 8a92d001-8b3d-4d35-a434-4b4214762be5: start LeaderElection
2019-09-25 04:07:05,852 [8a92d001-8b3d-4d35-a434-4b4214762be5@group-B66463D8DB76:LeaderElection6] INFO  impl.RoleInfo (RoleInfo.java:updateAndGet(143)) - 8a92d001-8b3d-4d35-a434-4b4214762be5: start LeaderState
2019-09-25 04:07:05,852 [8a92d001-8b3d-4d35-a434-4b4214762be5@group-B66463D8DB76:LeaderElection6] INFO  segmented.SegmentedRaftLogWorker (SegmentedRaftLogWorker.java:startLogSegment(380)) - 8a92d001-8b3d-4d35-a434-4b4214762be5@group-B66463D8DB76-SegmentedRaftLogWorker: Starting segment from index:0
2019-09-25 04:07:05,853 [8a92d001-8b3d-4d35-a434-4b4214762be5@group-B66463D8DB76:LeaderElection6] INFO  impl.RaftServerImpl (ServerState.java:setRaftConf(354)) - 8a92d001-8b3d-4d35-a434-4b4214762be5@group-B66463D8DB76: set configuration 0: [8a92d001-8b3d-4d35-a434-4b4214762be5:192.168.5.161:36790], old=null at 0
2019-09-25 04:07:05,910 [Thread-236] INFO  impl.FollowerState (FollowerState.java:run(106)) - 32f4ed37-bf41-4fef-a9ff-904b5f6d48f0:group-BE1C376BE843 changes to CANDIDATE, lastRpcTime:5016, electionTimeout:5016ms
2019-09-25 04:07:05,911 [Thread-236] INFO  impl.RoleInfo (RoleInfo.java:shutdownFollowerState(121)) - 32f4ed37-bf41-4fef-a9ff-904b5f6d48f0: shutdown FollowerState
2019-09-25 04:07:05,911 [Thread-236] INFO  impl.RaftServerImpl (RaftServerImpl.java:setRole(174)) - 32f4ed37-bf41-4fef-a9ff-904b5f6d48f0@group-BE1C376BE843: changes role from  FOLLOWER to CANDIDATE at term 0 for changeToCandidate
2019-09-25 04:07:05,911 [Thread-236] INFO  impl.RoleInfo (RoleInfo.java:updateAndGet(143)) - 32f4ed37-bf41-4fef-a9ff-904b5f6d48f0: start LeaderElection
2019-09-25 04:07:05,929 [Thread-233] INFO  impl.FollowerState (FollowerState.java:run(106)) - 8a92d001-8b3d-4d35-a434-4b4214762be5:group-274E22FFDF78 changes to CANDIDATE, lastRpcTime:5104, electionTimeout:5104ms
2019-09-25 04:07:05,930 [Thread-233] INFO  impl.RoleInfo (RoleInfo.java:shutdownFollowerState(121)) - 8a92d001-8b3d-4d35-a434-4b4214762be5: shutdown FollowerState
2019-09-25 04:07:05,930 [Thread-233] INFO  impl.RaftServerImpl (RaftServerImpl.java:setRole(174)) - 8a92d001-8b3d-4d35-a434-4b4214762be5@group-274E22FFDF78: changes role from  FOLLOWER to CANDIDATE at term 0 for changeToCandidate
2019-09-25 04:07:05,930 [Thread-233] INFO  impl.RoleInfo (RoleInfo.java:updateAndGet(143)) - 8a92d001-8b3d-4d35-a434-4b4214762be5: start LeaderElection
2019-09-25 04:07:06,130 [32f4ed37-bf41-4fef-a9ff-904b5f6d48f0@group-9EE13EB54FE3-SegmentedRaftLogWorker] INFO  segmented.SegmentedRaftLogWorker (SegmentedRaftLogWorker.java:execute(569)) - 32f4ed37-bf41-4fef-a9ff-904b5f6d48f0@group-9EE13EB54FE3-SegmentedRaftLogWorker: created new log segment /workdir/hadoop-ozone/integration-test/target/test-dir/MiniOzoneClusterImpl-071aaae5-0202-4fb6-b4d6-510014b63779/datanode-2/data/ratis/8ba518fa-281b-4980-8088-9ee13eb54fe3/current/log_inprogress_0
2019-09-25 04:07:06,130 [a428e86c-e33b-49db-aa7c-e41d27951dea@group-78B3ED59AA77-SegmentedRaftLogWorker] INFO  segmented.SegmentedRaftLogWorker (SegmentedRaftLogWorker.java:execute(569)) - a428e86c-e33b-49db-aa7c-e41d27951dea@group-78B3ED59AA77-SegmentedRaftLogWorker: created new log segment /workdir/hadoop-ozone/integration-test/target/test-dir/MiniOzoneClusterImpl-071aaae5-0202-4fb6-b4d6-510014b63779/datanode-0/data/ratis/33ea19c4-c63c-4a18-bb2d-78b3ed59aa77/current/log_inprogress_0
2019-09-25 04:07:06,131 [a428e86c-e33b-49db-aa7c-e41d27951dea@group-68CE21FF4457:LeaderElection11] INFO  impl.LeaderElection (LeaderElection.java:askForVotes(182)) - a428e86c-e33b-49db-aa7c-e41d27951dea@group-68CE21FF4457:LeaderElection11: begin an election at term 1 for -1: [a428e86c-e33b-49db-aa7c-e41d27951dea:192.168.5.161:43255], old=null
2019-09-25 04:07:06,131 [8a92d001-8b3d-4d35-a434-4b4214762be5@group-9AC06EF8BCBB:LeaderElection10] INFO  impl.LeaderElection (LeaderElection.java:askForVotes(182)) - 8a92d001-8b3d-4d35-a434-4b4214762be5@group-9AC06EF8BCBB:LeaderElection10: begin an election at term 1 for -1: [8a92d001-8b3d-4d35-a434-4b4214762be5:192.168.5.161:36790], old=null
2019-09-25 04:07:06,131 [32f4ed37-bf41-4fef-a9ff-904b5f6d48f0@group-2FA93CCDA56C:LeaderElection9] INFO  impl.LeaderElection (LeaderElection.java:askForVotes(182)) - 32f4ed37-bf41-4fef-a9ff-904b5f6d48f0@group-2FA93CCDA56C:LeaderElection9: begin an election at term 1 for -1: [32f4ed37-bf41-4fef-a9ff-904b5f6d48f0:192.168.5.161:33839], old=null
2019-09-25 04:07:06,131 [32f4ed37-bf41-4fef-a9ff-904b5f6d48f0@group-690018142AB0:LeaderElection8] INFO  impl.LeaderElection (LeaderElection.java:askForVotes(182)) - 32f4ed37-bf41-4fef-a9ff-904b5f6d48f0@group-690018142AB0:LeaderElection8: begin an election at term 1 for -1: [32f4ed37-bf41-4fef-a9ff-904b5f6d48f0:192.168.5.161:33839], old=null
2019-09-25 04:07:06,131 [32f4ed37-bf41-4fef-a9ff-904b5f6d48f0@group-BFCE96D23786:LeaderElection7] INFO  impl.LeaderElection (LeaderElection.java:askForVotes(182)) - 32f4ed37-bf41-4fef-a9ff-904b5f6d48f0@group-BFCE96D23786:LeaderElection7: begin an election at term 1 for -1: [32f4ed37-bf41-4fef-a9ff-904b5f6d48f0:192.168.5.161:33839], old=null
2019-09-25 04:07:06,131 [a428e86c-e33b-49db-aa7c-e41d27951dea@group-1DBB81BBB751:LeaderElection5] INFO  impl.LeaderElection (LeaderElection.java:askForVotes(182)) - a428e86c-e33b-49db-aa7c-e41d27951dea@group-1DBB81BBB751:LeaderElection5: begin an election at term 1 for -1: [a428e86c-e33b-49db-aa7c-e41d27951dea:192.168.5.161:43255], old=null
2019-09-25 04:07:06,132 [8a92d001-8b3d-4d35-a434-4b4214762be5@group-B66463D8DB76-SegmentedRaftLogWorker] INFO  segmented.SegmentedRaftLogWorker (SegmentedRaftLogWorker.java:execute(569)) - 8a92d001-8b3d-4d35-a434-4b4214762be5@group-B66463D8DB76-SegmentedRaftLogWorker: created new log segment /workdir/hadoop-ozone/integration-test/target/test-dir/MiniOzoneClusterImpl-071aaae5-0202-4fb6-b4d6-510014b63779/datanode-1/data/ratis/308fb98b-0542-4cdd-8fd8-b66463d8db76/current/log_inprogress_0
2019-09-25 04:07:06,132 [32f4ed37-bf41-4fef-a9ff-904b5f6d48f0@group-BFCE96D23786:LeaderElection7] INFO  impl.RoleInfo (RoleInfo.java:shutdownLeaderElection(134)) - 32f4ed37-bf41-4fef-a9ff-904b5f6d48f0: shutdown LeaderElection
2019-09-25 04:07:06,132 [32f4ed37-bf41-4fef-a9ff-904b5f6d48f0@group-690018142AB0:LeaderElection8] INFO  impl.RoleInfo (RoleInfo.java:shutdownLeaderElection(134)) - 32f4ed37-bf41-4fef-a9ff-904b5f6d48f0: shutdown LeaderElection
2019-09-25 04:07:06,132 [32f4ed37-bf41-4fef-a9ff-904b5f6d48f0@group-2FA93CCDA56C:LeaderElection9] INFO  impl.RoleInfo (RoleInfo.java:shutdownLeaderElection(134)) - 32f4ed37-bf41-4fef-a9ff-904b5f6d48f0: shutdown LeaderElection
2019-09-25 04:07:06,132 [8a92d001-8b3d-4d35-a434-4b4214762be5@group-9AC06EF8BCBB:LeaderElection10] INFO  impl.RoleInfo (RoleInfo.java:shutdownLeaderElection(134)) - 8a92d001-8b3d-4d35-a434-4b4214762be5: shutdown LeaderElection
2019-09-25 04:07:06,131 [a428e86c-e33b-49db-aa7c-e41d27951dea@group-68CE21FF4457:LeaderElection11] INFO  impl.RoleInfo (RoleInfo.java:shutdownLeaderElection(134)) - a428e86c-e33b-49db-aa7c-e41d27951dea: shutdown LeaderElection
2019-09-25 04:07:06,133 [8a92d001-8b3d-4d35-a434-4b4214762be5@group-9AC06EF8BCBB:LeaderElection10] INFO  impl.RaftServerImpl (RaftServerImpl.java:setRole(174)) - 8a92d001-8b3d-4d35-a434-4b4214762be5@group-9AC06EF8BCBB: changes role from CANDIDATE to LEADER at term 1 for changeToLeader
2019-09-25 04:07:06,133 [32f4ed37-bf41-4fef-a9ff-904b5f6d48f0@group-2FA93CCDA56C:LeaderElection9] INFO  impl.RaftServerImpl (RaftServerImpl.java:setRole(174)) - 32f4ed37-bf41-4fef-a9ff-904b5f6d48f0@group-2FA93CCDA56C: changes role from CANDIDATE to LEADER at term 1 for changeToLeader
2019-09-25 04:07:06,133 [32f4ed37-bf41-4fef-a9ff-904b5f6d48f0@group-690018142AB0:LeaderElection8] INFO  impl.RaftServerImpl (RaftServerImpl.java:setRole(174)) - 32f4ed37-bf41-4fef-a9ff-904b5f6d48f0@group-690018142AB0: changes role from CANDIDATE to LEADER at term 1 for changeToLeader
2019-09-25 04:07:06,133 [32f4ed37-bf41-4fef-a9ff-904b5f6d48f0@group-BFCE96D23786:LeaderElection7] INFO  impl.RaftServerImpl (RaftServerImpl.java:setRole(174)) - 32f4ed37-bf41-4fef-a9ff-904b5f6d48f0@group-BFCE96D23786: changes role from CANDIDATE to LEADER at term 1 for changeToLeader
2019-09-25 04:07:06,132 [a428e86c-e33b-49db-aa7c-e41d27951dea@group-1DBB81BBB751:LeaderElection5] INFO  impl.RoleInfo (RoleInfo.java:shutdownLeaderElection(134)) - a428e86c-e33b-49db-aa7c-e41d27951dea: shutdown LeaderElection
2019-09-25 04:07:06,132 [32f4ed37-bf41-4fef-a9ff-904b5f6d48f0@group-BE1C376BE843:LeaderElection13] INFO  impl.LeaderElection (LeaderElection.java:askForVotes(182)) - 32f4ed37-bf41-4fef-a9ff-904b5f6d48f0@group-BE1C376BE843:LeaderElection13: begin an election at term 1 for -1: [32f4ed37-bf41-4fef-a9ff-904b5f6d48f0:192.168.5.161:33839], old=null
2019-09-25 04:07:06,132 [8a92d001-8b3d-4d35-a434-4b4214762be5@group-75F113B5AA30:LeaderElection12] INFO  impl.LeaderElection (LeaderElection.java:askForVotes(182)) - 8a92d001-8b3d-4d35-a434-4b4214762be5@group-75F113B5AA30:LeaderElection12: begin an election at term 1 for -1: [8a92d001-8b3d-4d35-a434-4b4214762be5:192.168.5.161:36790], old=null
2019-09-25 04:07:06,132 [8a92d001-8b3d-4d35-a434-4b4214762be5@group-274E22FFDF78:LeaderElection14] INFO  impl.LeaderElection (LeaderElection.java:askForVotes(182)) - 8a92d001-8b3d-4d35-a434-4b4214762be5@group-274E22FFDF78:LeaderElection14: begin an election at term 1 for -1: [8a92d001-8b3d-4d35-a434-4b4214762be5:192.168.5.161:36790], old=null
2019-09-25 04:07:06,135 [8a92d001-8b3d-4d35-a434-4b4214762be5@group-75F113B5AA30:LeaderElection12] INFO  impl.RoleInfo (RoleInfo.java:shutdownLeaderElection(134)) - 8a92d001-8b3d-4d35-a434-4b4214762be5: shutdown LeaderElection
2019-09-25 04:07:06,134 [32f4ed37-bf41-4fef-a9ff-904b5f6d48f0@group-BE1C376BE843:LeaderElection13] INFO  impl.RoleInfo (RoleInfo.java:shutdownLeaderElection(134)) - 32f4ed37-bf41-4fef-a9ff-904b5f6d48f0: shutdown LeaderElection
2019-09-25 04:07:06,134 [a428e86c-e33b-49db-aa7c-e41d27951dea@group-1DBB81BBB751:LeaderElection5] INFO  impl.RaftServerImpl (RaftServerImpl.java:setRole(174)) - a428e86c-e33b-49db-aa7c-e41d27951dea@group-1DBB81BBB751: changes role from CANDIDATE to LEADER at term 1 for changeToLeader
2019-09-25 04:07:06,134 [32f4ed37-bf41-4fef-a9ff-904b5f6d48f0@group-BFCE96D23786:LeaderElection7] INFO  impl.RaftServerImpl (ServerState.java:setLeader(253)) - 32f4ed37-bf41-4fef-a9ff-904b5f6d48f0@group-BFCE96D23786: change Leader from null to 32f4ed37-bf41-4fef-a9ff-904b5f6d48f0 at term 1 for becomeLeader, leader elected after 5773ms
2019-09-25 04:07:06,134 [32f4ed37-bf41-4fef-a9ff-904b5f6d48f0@group-690018142AB0:LeaderElection8] INFO  impl.RaftServerImpl (ServerState.java:setLeader(253)) - 32f4ed37-bf41-4fef-a9ff-904b5f6d48f0@group-690018142AB0: change Leader from null to 32f4ed37-bf41-4fef-a9ff-904b5f6d48f0 at term 1 for becomeLeader, leader elected after 5646ms
2019-09-25 04:07:06,136 [32f4ed37-bf41-4fef-a9ff-904b5f6d48f0@group-BFCE96D23786:LeaderElection7] INFO  server.RaftServerConfigKeys (ConfUtils.java:logGet(43)) - raft.server.staging.catchup.gap = 1000 (default)
2019-09-25 04:07:06,134 [32f4ed37-bf41-4fef-a9ff-904b5f6d48f0@group-2FA93CCDA56C:LeaderElection9] INFO  impl.RaftServerImpl (ServerState.java:setLeader(253)) - 32f4ed37-bf41-4fef-a9ff-904b5f6d48f0@group-2FA93CCDA56C: change Leader from null to 32f4ed37-bf41-4fef-a9ff-904b5f6d48f0 at term 1 for becomeLeader, leader elected after 5708ms
2019-09-25 04:07:06,134 [8a92d001-8b3d-4d35-a434-4b4214762be5@group-9AC06EF8BCBB:LeaderElection10] INFO  impl.RaftServerImpl (ServerState.java:setLeader(253)) - 8a92d001-8b3d-4d35-a434-4b4214762be5@group-9AC06EF8BCBB: change Leader from null to 8a92d001-8b3d-4d35-a434-4b4214762be5 at term 1 for becomeLeader, leader elected after 5528ms
2019-09-25 04:07:06,133 [a428e86c-e33b-49db-aa7c-e41d27951dea@group-68CE21FF4457:LeaderElection11] INFO  impl.RaftServerImpl (RaftServerImpl.java:setRole(174)) - a428e86c-e33b-49db-aa7c-e41d27951dea@group-68CE21FF4457: changes role from CANDIDATE to LEADER at term 1 for changeToLeader
2019-09-25 04:07:06,136 [8a92d001-8b3d-4d35-a434-4b4214762be5@group-9AC06EF8BCBB:LeaderElection10] INFO  server.RaftServerConfigKeys (ConfUtils.java:logGet(43)) - raft.server.staging.catchup.gap = 1000 (default)
2019-09-25 04:07:06,136 [32f4ed37-bf41-4fef-a9ff-904b5f6d48f0@group-2FA93CCDA56C:LeaderElection9] INFO  server.RaftServerConfigKeys (ConfUtils.java:logGet(43)) - raft.server.staging.catchup.gap = 1000 (default)
2019-09-25 04:07:06,136 [32f4ed37-bf41-4fef-a9ff-904b5f6d48f0@group-BFCE96D23786:LeaderElection7] INFO  server.RaftServerConfigKeys (ConfUtils.java:logGet(43)) - raft.server.rpc.sleep.time = 25ms (default)
2019-09-25 04:07:06,136 [32f4ed37-bf41-4fef-a9ff-904b5f6d48f0@group-690018142AB0:LeaderElection8] INFO  server.RaftServerConfigKeys (ConfUtils.java:logGet(43)) - raft.server.staging.catchup.gap = 1000 (default)
2019-09-25 04:07:06,135 [a428e86c-e33b-49db-aa7c-e41d27951dea@group-1DBB81BBB751:LeaderElection5] INFO  impl.RaftServerImpl (ServerState.java:setLeader(253)) - a428e86c-e33b-49db-aa7c-e41d27951dea@group-1DBB81BBB751: change Leader from null to a428e86c-e33b-49db-aa7c-e41d27951dea at term 1 for becomeLeader, leader elected after 5841ms
2019-09-25 04:07:06,135 [32f4ed37-bf41-4fef-a9ff-904b5f6d48f0@group-BE1C376BE843:LeaderElection13] INFO  impl.RaftServerImpl (RaftServerImpl.java:setRole(174)) - 32f4ed37-bf41-4fef-a9ff-904b5f6d48f0@group-BE1C376BE843: changes role from CANDIDATE to LEADER at term 1 for changeToLeader
2019-09-25 04:07:06,135 [8a92d001-8b3d-4d35-a434-4b4214762be5@group-75F113B5AA30:LeaderElection12] INFO  impl.RaftServerImpl (RaftServerImpl.java:setRole(174)) - 8a92d001-8b3d-4d35-a434-4b4214762be5@group-75F113B5AA30: changes role from CANDIDATE to LEADER at term 1 for changeToLeader
2019-09-25 04:07:06,135 [8a92d001-8b3d-4d35-a434-4b4214762be5@group-274E22FFDF78:LeaderElection14] INFO  impl.RoleInfo (RoleInfo.java:shutdownLeaderElection(134)) - 8a92d001-8b3d-4d35-a434-4b4214762be5: shutdown LeaderElection
2019-09-25 04:07:06,138 [8a92d001-8b3d-4d35-a434-4b4214762be5@group-75F113B5AA30:LeaderElection12] INFO  impl.RaftServerImpl (ServerState.java:setLeader(253)) - 8a92d001-8b3d-4d35-a434-4b4214762be5@group-75F113B5AA30: change Leader from null to 8a92d001-8b3d-4d35-a434-4b4214762be5 at term 1 for becomeLeader, leader elected after 5466ms
2019-09-25 04:07:06,137 [32f4ed37-bf41-4fef-a9ff-904b5f6d48f0@group-BE1C376BE843:LeaderElection13] INFO  impl.RaftServerImpl (ServerState.java:setLeader(253)) - 32f4ed37-bf41-4fef-a9ff-904b5f6d48f0@group-BE1C376BE843: change Leader from null to 32f4ed37-bf41-4fef-a9ff-904b5f6d48f0 at term 1 for becomeLeader, leader elected after 5251ms
2019-09-25 04:07:06,137 [a428e86c-e33b-49db-aa7c-e41d27951dea@group-1DBB81BBB751:LeaderElection5] INFO  server.RaftServerConfigKeys (ConfUtils.java:logGet(43)) - raft.server.staging.catchup.gap = 1000 (default)
2019-09-25 04:07:06,137 [32f4ed37-bf41-4fef-a9ff-904b5f6d48f0@group-690018142AB0:LeaderElection8] INFO  server.RaftServerConfigKeys (ConfUtils.java:logGet(43)) - raft.server.rpc.sleep.time = 25ms (default)
2019-09-25 04:07:06,137 [32f4ed37-bf41-4fef-a9ff-904b5f6d48f0@group-BFCE96D23786:LeaderElection7] INFO  server.RaftServerConfigKeys (ConfUtils.java:logGet(43)) - raft.server.write.element-limit = 4096 (default)
2019-09-25 04:07:06,137 [32f4ed37-bf41-4fef-a9ff-904b5f6d48f0@group-2FA93CCDA56C:LeaderElection9] INFO  server.RaftServerConfigKeys (ConfUtils.java:logGet(43)) - raft.server.rpc.sleep.time = 25ms (default)
2019-09-25 04:07:06,136 [8a92d001-8b3d-4d35-a434-4b4214762be5@group-9AC06EF8BCBB:LeaderElection10] INFO  server.RaftServerConfigKeys (ConfUtils.java:logGet(43)) - raft.server.rpc.sleep.time = 25ms (default)
2019-09-25 04:07:06,136 [a428e86c-e33b-49db-aa7c-e41d27951dea@group-68CE21FF4457:LeaderElection11] INFO  impl.RaftServerImpl (ServerState.java:setLeader(253)) - a428e86c-e33b-49db-aa7c-e41d27951dea@group-68CE21FF4457: change Leader from null to a428e86c-e33b-49db-aa7c-e41d27951dea at term 1 for becomeLeader, leader elected after 5592ms
2019-09-25 04:07:06,139 [8a92d001-8b3d-4d35-a434-4b4214762be5@group-9AC06EF8BCBB:LeaderElection10] INFO  server.RaftServerConfigKeys (ConfUtils.java:logGet(43)) - raft.server.write.element-limit = 4096 (default)
2019-09-25 04:07:06,139 [32f4ed37-bf41-4fef-a9ff-904b5f6d48f0@group-2FA93CCDA56C:LeaderElection9] INFO  server.RaftServerConfigKeys (ConfUtils.java:logGet(43)) - raft.server.write.element-limit = 4096 (default)
2019-09-25 04:07:06,139 [32f4ed37-bf41-4fef-a9ff-904b5f6d48f0@group-BFCE96D23786:LeaderElection7] INFO  server.RaftServerConfigKeys (ConfUtils.java:logGet(43)) - raft.server.watch.timeout = 10s (default)
2019-09-25 04:07:06,138 [32f4ed37-bf41-4fef-a9ff-904b5f6d48f0@group-690018142AB0:LeaderElection8] INFO  server.RaftServerConfigKeys (ConfUtils.java:logGet(43)) - raft.server.write.element-limit = 4096 (default)
2019-09-25 04:07:06,138 [a428e86c-e33b-49db-aa7c-e41d27951dea@group-1DBB81BBB751:LeaderElection5] INFO  server.RaftServerConfigKeys (ConfUtils.java:logGet(43)) - raft.server.rpc.sleep.time = 25ms (default)
2019-09-25 04:07:06,138 [32f4ed37-bf41-4fef-a9ff-904b5f6d48f0@group-BE1C376BE843:LeaderElection13] INFO  server.RaftServerConfigKeys (ConfUtils.java:logGet(43)) - raft.server.staging.catchup.gap = 1000 (default)
2019-09-25 04:07:06,138 [8a92d001-8b3d-4d35-a434-4b4214762be5@group-75F113B5AA30:LeaderElection12] INFO  server.RaftServerConfigKeys (ConfUtils.java:logGet(43)) - raft.server.staging.catchup.gap = 1000 (default)
2019-09-25 04:07:06,138 [8a92d001-8b3d-4d35-a434-4b4214762be5@group-274E22FFDF78:LeaderElection14] INFO  impl.RaftServerImpl (RaftServerImpl.java:setRole(174)) - 8a92d001-8b3d-4d35-a434-4b4214762be5@group-274E22FFDF78: changes role from CANDIDATE to LEADER at term 1 for changeToLeader
2019-09-25 04:07:06,140 [8a92d001-8b3d-4d35-a434-4b4214762be5@group-75F113B5AA30:LeaderElection12] INFO  server.RaftServerConfigKeys (ConfUtils.java:logGet(43)) - raft.server.rpc.sleep.time = 25ms (default)
2019-09-25 04:07:06,140 [32f4ed37-bf41-4fef-a9ff-904b5f6d48f0@group-BE1C376BE843:LeaderElection13] INFO  server.RaftServerConfigKeys (ConfUtils.java:logGet(43)) - raft.server.rpc.sleep.time = 25ms (default)
2019-09-25 04:07:06,140 [a428e86c-e33b-49db-aa7c-e41d27951dea@group-1DBB81BBB751:LeaderElection5] INFO  server.RaftServerConfigKeys (ConfUtils.java:logGet(43)) - raft.server.write.element-limit = 4096 (default)
2019-09-25 04:07:06,140 [32f4ed37-bf41-4fef-a9ff-904b5f6d48f0@group-690018142AB0:LeaderElection8] INFO  server.RaftServerConfigKeys (ConfUtils.java:logGet(43)) - raft.server.watch.timeout = 10s (default)
2019-09-25 04:07:06,140 [32f4ed37-bf41-4fef-a9ff-904b5f6d48f0@group-BFCE96D23786:LeaderElection7] INFO  server.RaftServerConfigKeys (ConfUtils.java:logGet(43)) - raft.server.watch.timeout.denomination = 1s (default)
2019-09-25 04:07:06,139 [32f4ed37-bf41-4fef-a9ff-904b5f6d48f0@group-2FA93CCDA56C:LeaderElection9] INFO  server.RaftServerConfigKeys (ConfUtils.java:logGet(43)) - raft.server.watch.timeout = 10s (default)
2019-09-25 04:07:06,139 [8a92d001-8b3d-4d35-a434-4b4214762be5@group-9AC06EF8BCBB:LeaderElection10] INFO  server.RaftServerConfigKeys (ConfUtils.java:logGet(43)) - raft.server.watch.timeout = 10s (default)
2019-09-25 04:07:06,139 [a428e86c-e33b-49db-aa7c-e41d27951dea@group-68CE21FF4457:LeaderElection11] INFO  server.RaftServerConfigKeys (ConfUtils.java:logGet(43)) - raft.server.staging.catchup.gap = 1000 (default)
2019-09-25 04:07:06,142 [8a92d001-8b3d-4d35-a434-4b4214762be5@group-9AC06EF8BCBB:LeaderElection10] INFO  server.RaftServerConfigKeys (ConfUtils.java:logGet(43)) - raft.server.watch.timeout.denomination = 1s (default)
2019-09-25 04:07:06,141 [32f4ed37-bf41-4fef-a9ff-904b5f6d48f0@group-2FA93CCDA56C:LeaderElection9] INFO  server.RaftServerConfigKeys (ConfUtils.java:logGet(43)) - raft.server.watch.timeout.denomination = 1s (default)
2019-09-25 04:07:06,141 [32f4ed37-bf41-4fef-a9ff-904b5f6d48f0@group-BFCE96D23786:LeaderElection7] INFO  server.RaftServerConfigKeys (ConfUtils.java:logGet(43)) - raft.server.watch.element-limit = 65536 (default)
2019-09-25 04:07:06,141 [32f4ed37-bf41-4fef-a9ff-904b5f6d48f0@group-690018142AB0:LeaderElection8] INFO  server.RaftServerConfigKeys (ConfUtils.java:logGet(43)) - raft.server.watch.timeout.denomination = 1s (default)
2019-09-25 04:07:06,141 [a428e86c-e33b-49db-aa7c-e41d27951dea@group-1DBB81BBB751:LeaderElection5] INFO  server.RaftServerConfigKeys (ConfUtils.java:logGet(43)) - raft.server.watch.timeout = 10s (default)
2019-09-25 04:07:06,141 [32f4ed37-bf41-4fef-a9ff-904b5f6d48f0@group-BE1C376BE843:LeaderElection13] INFO  server.RaftServerConfigKeys (ConfUtils.java:logGet(43)) - raft.server.write.element-limit = 4096 (default)
2019-09-25 04:07:06,141 [8a92d001-8b3d-4d35-a434-4b4214762be5@group-75F113B5AA30:LeaderElection12] INFO  server.RaftServerConfigKeys (ConfUtils.java:logGet(43)) - raft.server.write.element-limit = 4096 (default)
2019-09-25 04:07:06,140 [8a92d001-8b3d-4d35-a434-4b4214762be5@group-274E22FFDF78:LeaderElection14] INFO  impl.RaftServerImpl (ServerState.java:setLeader(253)) - 8a92d001-8b3d-4d35-a434-4b4214762be5@group-274E22FFDF78: change Leader from null to 8a92d001-8b3d-4d35-a434-4b4214762be5 at term 1 for becomeLeader, leader elected after 5323ms
2019-09-25 04:07:06,143 [8a92d001-8b3d-4d35-a434-4b4214762be5@group-75F113B5AA30:LeaderElection12] INFO  server.RaftServerConfigKeys (ConfUtils.java:logGet(43)) - raft.server.watch.timeout = 10s (default)
2019-09-25 04:07:06,143 [32f4ed37-bf41-4fef-a9ff-904b5f6d48f0@group-BE1C376BE843:LeaderElection13] INFO  server.RaftServerConfigKeys (ConfUtils.java:logGet(43)) - raft.server.watch.timeout = 10s (default)
2019-09-25 04:07:06,143 [a428e86c-e33b-49db-aa7c-e41d27951dea@group-1DBB81BBB751:LeaderElection5] INFO  server.RaftServerConfigKeys (ConfUtils.java:logGet(43)) - raft.server.watch.timeout.denomination = 1s (default)
2019-09-25 04:07:06,143 [32f4ed37-bf41-4fef-a9ff-904b5f6d48f0@group-690018142AB0:LeaderElection8] INFO  server.RaftServerConfigKeys (ConfUtils.java:logGet(43)) - raft.server.watch.element-limit = 65536 (default)
2019-09-25 04:07:06,142 [32f4ed37-bf41-4fef-a9ff-904b5f6d48f0@group-2FA93CCDA56C:LeaderElection9] INFO  server.RaftServerConfigKeys (ConfUtils.java:logGet(43)) - raft.server.watch.element-limit = 65536 (default)
2019-09-25 04:07:06,142 [8a92d001-8b3d-4d35-a434-4b4214762be5@group-9AC06EF8BCBB:LeaderElection10] INFO  server.RaftServerConfigKeys (ConfUtils.java:logGet(43)) - raft.server.watch.element-limit = 65536 (default)
2019-09-25 04:07:06,142 [a428e86c-e33b-49db-aa7c-e41d27951dea@group-68CE21FF4457:LeaderElection11] INFO  server.RaftServerConfigKeys (ConfUtils.java:logGet(43)) - raft.server.rpc.sleep.time = 25ms (default)
2019-09-25 04:07:06,144 [a428e86c-e33b-49db-aa7c-e41d27951dea@group-1DBB81BBB751:LeaderElection5] INFO  server.RaftServerConfigKeys (ConfUtils.java:logGet(43)) - raft.server.watch.element-limit = 65536 (default)
2019-09-25 04:07:06,143 [32f4ed37-bf41-4fef-a9ff-904b5f6d48f0@group-BE1C376BE843:LeaderElection13] INFO  server.RaftServerConfigKeys (ConfUtils.java:logGet(43)) - raft.server.watch.timeout.denomination = 1s (default)
2019-09-25 04:07:06,143 [8a92d001-8b3d-4d35-a434-4b4214762be5@group-75F113B5AA30:LeaderElection12] INFO  server.RaftServerConfigKeys (ConfUtils.java:logGet(43)) - raft.server.watch.timeout.denomination = 1s (default)
2019-09-25 04:07:06,143 [8a92d001-8b3d-4d35-a434-4b4214762be5@group-274E22FFDF78:LeaderElection14] INFO  server.RaftServerConfigKeys (ConfUtils.java:logGet(43)) - raft.server.staging.catchup.gap = 1000 (default)
2019-09-25 04:07:06,145 [8a92d001-8b3d-4d35-a434-4b4214762be5@group-75F113B5AA30:LeaderElection12] INFO  server.RaftServerConfigKeys (ConfUtils.java:logGet(43)) - raft.server.watch.element-limit = 65536 (default)
2019-09-25 04:07:06,145 [32f4ed37-bf41-4fef-a9ff-904b5f6d48f0@group-BE1C376BE843:LeaderElection13] INFO  server.RaftServerConfigKeys (ConfUtils.java:logGet(43)) - raft.server.watch.element-limit = 65536 (default)
2019-09-25 04:07:06,145 [a428e86c-e33b-49db-aa7c-e41d27951dea@group-68CE21FF4457:LeaderElection11] INFO  server.RaftServerConfigKeys (ConfUtils.java:logGet(43)) - raft.server.write.element-limit = 4096 (default)
2019-09-25 04:07:06,145 [8a92d001-8b3d-4d35-a434-4b4214762be5@group-274E22FFDF78:LeaderElection14] INFO  server.RaftServerConfigKeys (ConfUtils.java:logGet(43)) - raft.server.rpc.sleep.time = 25ms (default)
2019-09-25 04:07:06,146 [a428e86c-e33b-49db-aa7c-e41d27951dea@group-68CE21FF4457:LeaderElection11] INFO  server.RaftServerConfigKeys (ConfUtils.java:logGet(43)) - raft.server.watch.timeout = 10s (default)
2019-09-25 04:07:06,146 [8a92d001-8b3d-4d35-a434-4b4214762be5@group-274E22FFDF78:LeaderElection14] INFO  server.RaftServerConfigKeys (ConfUtils.java:logGet(43)) - raft.server.write.element-limit = 4096 (default)
2019-09-25 04:07:06,146 [a428e86c-e33b-49db-aa7c-e41d27951dea@group-68CE21FF4457:LeaderElection11] INFO  server.RaftServerConfigKeys (ConfUtils.java:logGet(43)) - raft.server.watch.timeout.denomination = 1s (default)
2019-09-25 04:07:06,146 [8a92d001-8b3d-4d35-a434-4b4214762be5@group-274E22FFDF78:LeaderElection14] INFO  server.RaftServerConfigKeys (ConfUtils.java:logGet(43)) - raft.server.watch.timeout = 10s (default)
2019-09-25 04:07:06,146 [a428e86c-e33b-49db-aa7c-e41d27951dea@group-68CE21FF4457:LeaderElection11] INFO  server.RaftServerConfigKeys (ConfUtils.java:logGet(43)) - raft.server.watch.element-limit = 65536 (default)
2019-09-25 04:07:06,146 [8a92d001-8b3d-4d35-a434-4b4214762be5@group-274E22FFDF78:LeaderElection14] INFO  server.RaftServerConfigKeys (ConfUtils.java:logGet(43)) - raft.server.watch.timeout.denomination = 1s (default)
2019-09-25 04:07:06,147 [8a92d001-8b3d-4d35-a434-4b4214762be5@group-274E22FFDF78:LeaderElection14] INFO  server.RaftServerConfigKeys (ConfUtils.java:logGet(43)) - raft.server.watch.element-limit = 65536 (default)
2019-09-25 04:07:06,149 [32f4ed37-bf41-4fef-a9ff-904b5f6d48f0@group-BFCE96D23786:LeaderElection7] INFO  impl.RoleInfo (RoleInfo.java:updateAndGet(143)) - 32f4ed37-bf41-4fef-a9ff-904b5f6d48f0: start LeaderState
2019-09-25 04:07:06,149 [32f4ed37-bf41-4fef-a9ff-904b5f6d48f0@group-BFCE96D23786:LeaderElection7] INFO  segmented.SegmentedRaftLogWorker (SegmentedRaftLogWorker.java:startLogSegment(380)) - 32f4ed37-bf41-4fef-a9ff-904b5f6d48f0@group-BFCE96D23786-SegmentedRaftLogWorker: Starting segment from index:0
2019-09-25 04:07:06,150 [32f4ed37-bf41-4fef-a9ff-904b5f6d48f0@group-BFCE96D23786:LeaderElection7] INFO  impl.RaftServerImpl (ServerState.java:setRaftConf(354)) - 32f4ed37-bf41-4fef-a9ff-904b5f6d48f0@group-BFCE96D23786: set configuration 0: [32f4ed37-bf41-4fef-a9ff-904b5f6d48f0:192.168.5.161:33839], old=null at 0
2019-09-25 04:07:06,150 [Thread-240] INFO  impl.FollowerState (FollowerState.java:run(106)) - 4af9f0c0-4b30-4554-ac1d-7cbb9398fa07:group-8F32678D395E changes to CANDIDATE, lastRpcTime:5191, electionTimeout:5191ms
2019-09-25 04:07:06,181 [Thread-240] INFO  impl.RoleInfo (RoleInfo.java:shutdownFollowerState(121)) - 4af9f0c0-4b30-4554-ac1d-7cbb9398fa07: shutdown FollowerState
2019-09-25 04:07:06,181 [Thread-240] INFO  impl.RaftServerImpl (RaftServerImpl.java:setRole(174)) - 4af9f0c0-4b30-4554-ac1d-7cbb9398fa07@group-8F32678D395E: changes role from  FOLLOWER to CANDIDATE at term 0 for changeToCandidate
2019-09-25 04:07:06,181 [Thread-240] INFO  impl.RoleInfo (RoleInfo.java:updateAndGet(143)) - 4af9f0c0-4b30-4554-ac1d-7cbb9398fa07: start LeaderElection
2019-09-25 04:07:06,190 [32f4ed37-bf41-4fef-a9ff-904b5f6d48f0@group-690018142AB0:LeaderElection8] INFO  impl.RoleInfo (RoleInfo.java:updateAndGet(143)) - 32f4ed37-bf41-4fef-a9ff-904b5f6d48f0: start LeaderState
2019-09-25 04:07:06,190 [32f4ed37-bf41-4fef-a9ff-904b5f6d48f0@group-690018142AB0:LeaderElection8] INFO  segmented.SegmentedRaftLogWorker (SegmentedRaftLogWorker.java:startLogSegment(380)) - 32f4ed37-bf41-4fef-a9ff-904b5f6d48f0@group-690018142AB0-SegmentedRaftLogWorker: Starting segment from index:0
2019-09-25 04:07:06,191 [32f4ed37-bf41-4fef-a9ff-904b5f6d48f0@group-690018142AB0:LeaderElection8] INFO  impl.RaftServerImpl (ServerState.java:setRaftConf(354)) - 32f4ed37-bf41-4fef-a9ff-904b5f6d48f0@group-690018142AB0: set configuration 0: [32f4ed37-bf41-4fef-a9ff-904b5f6d48f0:192.168.5.161:33839], old=null at 0
2019-09-25 04:07:06,218 [32f4ed37-bf41-4fef-a9ff-904b5f6d48f0@group-BFCE96D23786-SegmentedRaftLogWorker] INFO  segmented.SegmentedRaftLogWorker (SegmentedRaftLogWorker.java:execute(569)) - 32f4ed37-bf41-4fef-a9ff-904b5f6d48f0@group-BFCE96D23786-SegmentedRaftLogWorker: created new log segment /workdir/hadoop-ozone/integration-test/target/test-dir/MiniOzoneClusterImpl-071aaae5-0202-4fb6-b4d6-510014b63779/datanode-2/data/ratis/f0af5630-d5c3-45f8-a9d4-bfce96d23786/current/log_inprogress_0
2019-09-25 04:07:06,218 [4af9f0c0-4b30-4554-ac1d-7cbb9398fa07@group-8F32678D395E:LeaderElection15] INFO  impl.LeaderElection (LeaderElection.java:askForVotes(182)) - 4af9f0c0-4b30-4554-ac1d-7cbb9398fa07@group-8F32678D395E:LeaderElection15: begin an election at term 1 for -1: [4af9f0c0-4b30-4554-ac1d-7cbb9398fa07:192.168.5.161:35352], old=null
2019-09-25 04:07:06,219 [4af9f0c0-4b30-4554-ac1d-7cbb9398fa07@group-8F32678D395E:LeaderElection15] INFO  impl.RoleInfo (RoleInfo.java:shutdownLeaderElection(134)) - 4af9f0c0-4b30-4554-ac1d-7cbb9398fa07: shutdown LeaderElection
2019-09-25 04:07:06,219 [4af9f0c0-4b30-4554-ac1d-7cbb9398fa07@group-8F32678D395E:LeaderElection15] INFO  impl.RaftServerImpl (RaftServerImpl.java:setRole(174)) - 4af9f0c0-4b30-4554-ac1d-7cbb9398fa07@group-8F32678D395E: changes role from CANDIDATE to LEADER at term 1 for changeToLeader
2019-09-25 04:07:06,219 [4af9f0c0-4b30-4554-ac1d-7cbb9398fa07@group-8F32678D395E:LeaderElection15] INFO  impl.RaftServerImpl (ServerState.java:setLeader(253)) - 4af9f0c0-4b30-4554-ac1d-7cbb9398fa07@group-8F32678D395E: change Leader from null to 4af9f0c0-4b30-4554-ac1d-7cbb9398fa07 at term 1 for becomeLeader, leader elected after 5273ms
2019-09-25 04:07:06,221 [4af9f0c0-4b30-4554-ac1d-7cbb9398fa07@group-8F32678D395E:LeaderElection15] INFO  server.RaftServerConfigKeys (ConfUtils.java:logGet(43)) - raft.server.staging.catchup.gap = 1000 (default)
2019-09-25 04:07:06,221 [4af9f0c0-4b30-4554-ac1d-7cbb9398fa07@group-8F32678D395E:LeaderElection15] INFO  server.RaftServerConfigKeys (ConfUtils.java:logGet(43)) - raft.server.rpc.sleep.time = 25ms (default)
2019-09-25 04:07:06,221 [8a92d001-8b3d-4d35-a434-4b4214762be5@group-9AC06EF8BCBB:LeaderElection10] INFO  impl.RoleInfo (RoleInfo.java:updateAndGet(143)) - 8a92d001-8b3d-4d35-a434-4b4214762be5: start LeaderState
2019-09-25 04:07:06,221 [4af9f0c0-4b30-4554-ac1d-7cbb9398fa07@group-8F32678D395E:LeaderElection15] INFO  server.RaftServerConfigKeys (ConfUtils.java:logGet(43)) - raft.server.write.element-limit = 4096 (default)
2019-09-25 04:07:06,221 [8a92d001-8b3d-4d35-a434-4b4214762be5@group-9AC06EF8BCBB:LeaderElection10] INFO  segmented.SegmentedRaftLogWorker (SegmentedRaftLogWorker.java:startLogSegment(380)) - 8a92d001-8b3d-4d35-a434-4b4214762be5@group-9AC06EF8BCBB-SegmentedRaftLogWorker: Starting segment from index:0
2019-09-25 04:07:06,221 [4af9f0c0-4b30-4554-ac1d-7cbb9398fa07@group-8F32678D395E:LeaderElection15] INFO  server.RaftServerConfigKeys (ConfUtils.java:logGet(43)) - raft.server.watch.timeout = 10s (default)
2019-09-25 04:07:06,222 [4af9f0c0-4b30-4554-ac1d-7cbb9398fa07@group-8F32678D395E:LeaderElection15] INFO  server.RaftServerConfigKeys (ConfUtils.java:logGet(43)) - raft.server.watch.timeout.denomination = 1s (default)
2019-09-25 04:07:06,222 [4af9f0c0-4b30-4554-ac1d-7cbb9398fa07@group-8F32678D395E:LeaderElection15] INFO  server.RaftServerConfigKeys (ConfUtils.java:logGet(43)) - raft.server.watch.element-limit = 65536 (default)
2019-09-25 04:07:06,222 [8a92d001-8b3d-4d35-a434-4b4214762be5@group-9AC06EF8BCBB:LeaderElection10] INFO  impl.RaftServerImpl (ServerState.java:setRaftConf(354)) - 8a92d001-8b3d-4d35-a434-4b4214762be5@group-9AC06EF8BCBB: set configuration 0: [8a92d001-8b3d-4d35-a434-4b4214762be5:192.168.5.161:36790], old=null at 0
2019-09-25 04:07:06,259 [32f4ed37-bf41-4fef-a9ff-904b5f6d48f0@group-690018142AB0-SegmentedRaftLogWorker] INFO  segmented.SegmentedRaftLogWorker (SegmentedRaftLogWorker.java:execute(569)) - 32f4ed37-bf41-4fef-a9ff-904b5f6d48f0@group-690018142AB0-SegmentedRaftLogWorker: created new log segment /workdir/hadoop-ozone/integration-test/target/test-dir/MiniOzoneClusterImpl-071aaae5-0202-4fb6-b4d6-510014b63779/datanode-2/data/ratis/50626134-d9ca-4f57-8c76-690018142ab0/current/log_inprogress_0
2019-09-25 04:07:06,259 [32f4ed37-bf41-4fef-a9ff-904b5f6d48f0@group-2FA93CCDA56C:LeaderElection9] INFO  impl.RoleInfo (RoleInfo.java:updateAndGet(143)) - 32f4ed37-bf41-4fef-a9ff-904b5f6d48f0: start LeaderState
2019-09-25 04:07:06,259 [32f4ed37-bf41-4fef-a9ff-904b5f6d48f0@group-2FA93CCDA56C:LeaderElection9] INFO  segmented.SegmentedRaftLogWorker (SegmentedRaftLogWorker.java:startLogSegment(380)) - 32f4ed37-bf41-4fef-a9ff-904b5f6d48f0@group-2FA93CCDA56C-SegmentedRaftLogWorker: Starting segment from index:0
2019-09-25 04:07:06,261 [32f4ed37-bf41-4fef-a9ff-904b5f6d48f0@group-BE1C376BE843:LeaderElection13] INFO  impl.RoleInfo (RoleInfo.java:updateAndGet(143)) - 32f4ed37-bf41-4fef-a9ff-904b5f6d48f0: start LeaderState
2019-09-25 04:07:06,297 [Thread-245] INFO  impl.FollowerState (FollowerState.java:run(106)) - 8a92d001-8b3d-4d35-a434-4b4214762be5:group-C731C943AC53 changes to CANDIDATE, lastRpcTime:5119, electionTimeout:5085ms
2019-09-25 04:07:06,261 [32f4ed37-bf41-4fef-a9ff-904b5f6d48f0@group-2FA93CCDA56C:LeaderElection9] INFO  impl.RaftServerImpl (ServerState.java:setRaftConf(354)) - 32f4ed37-bf41-4fef-a9ff-904b5f6d48f0@group-2FA93CCDA56C: set configuration 0: [32f4ed37-bf41-4fef-a9ff-904b5f6d48f0:192.168.5.161:33839], old=null at 0
2019-09-25 04:07:06,297 [32f4ed37-bf41-4fef-a9ff-904b5f6d48f0@group-BE1C376BE843:LeaderElection13] INFO  segmented.SegmentedRaftLogWorker (SegmentedRaftLogWorker.java:startLogSegment(380)) - 32f4ed37-bf41-4fef-a9ff-904b5f6d48f0@group-BE1C376BE843-SegmentedRaftLogWorker: Starting segment from index:0
2019-09-25 04:07:06,299 [Thread-245] INFO  impl.RoleInfo (RoleInfo.java:shutdownFollowerState(121)) - 8a92d001-8b3d-4d35-a434-4b4214762be5: shutdown FollowerState
2019-09-25 04:07:06,299 [8a92d001-8b3d-4d35-a434-4b4214762be5@group-75F113B5AA30:LeaderElection12] INFO  impl.RoleInfo (RoleInfo.java:updateAndGet(143)) - 8a92d001-8b3d-4d35-a434-4b4214762be5: start LeaderState
2019-09-25 04:07:06,299 [Thread-245] INFO  impl.RaftServerImpl (RaftServerImpl.java:setRole(174)) - 8a92d001-8b3d-4d35-a434-4b4214762be5@group-C731C943AC53: changes role from  FOLLOWER to CANDIDATE at term 0 for changeToCandidate
2019-09-25 04:07:06,299 [8a92d001-8b3d-4d35-a434-4b4214762be5@group-75F113B5AA30:LeaderElection12] INFO  segmented.SegmentedRaftLogWorker (SegmentedRaftLogWorker.java:startLogSegment(380)) - 8a92d001-8b3d-4d35-a434-4b4214762be5@group-75F113B5AA30-SegmentedRaftLogWorker: Starting segment from index:0
2019-09-25 04:07:06,299 [32f4ed37-bf41-4fef-a9ff-904b5f6d48f0@group-BE1C376BE843:LeaderElection13] INFO  impl.RaftServerImpl (ServerState.java:setRaftConf(354)) - 32f4ed37-bf41-4fef-a9ff-904b5f6d48f0@group-BE1C376BE843: set configuration 0: [32f4ed37-bf41-4fef-a9ff-904b5f6d48f0:192.168.5.161:33839], old=null at 0
2019-09-25 04:07:06,300 [Thread-245] INFO  impl.RoleInfo (RoleInfo.java:updateAndGet(143)) - 8a92d001-8b3d-4d35-a434-4b4214762be5: start LeaderElection
2019-09-25 04:07:06,300 [a428e86c-e33b-49db-aa7c-e41d27951dea@group-1DBB81BBB751:LeaderElection5] INFO  impl.RoleInfo (RoleInfo.java:updateAndGet(143)) - a428e86c-e33b-49db-aa7c-e41d27951dea: start LeaderState
2019-09-25 04:07:06,334 [8a92d001-8b3d-4d35-a434-4b4214762be5@group-75F113B5AA30:LeaderElection12] INFO  impl.RaftServerImpl (ServerState.java:setRaftConf(354)) - 8a92d001-8b3d-4d35-a434-4b4214762be5@group-75F113B5AA30: set configuration 0: [8a92d001-8b3d-4d35-a434-4b4214762be5:192.168.5.161:36790], old=null at 0
2019-09-25 04:07:06,334 [8a92d001-8b3d-4d35-a434-4b4214762be5@group-274E22FFDF78:LeaderElection14] INFO  impl.RoleInfo (RoleInfo.java:updateAndGet(143)) - 8a92d001-8b3d-4d35-a434-4b4214762be5: start LeaderState
2019-09-25 04:07:06,371 [a428e86c-e33b-49db-aa7c-e41d27951dea@group-68CE21FF4457:LeaderElection11] INFO  impl.RoleInfo (RoleInfo.java:updateAndGet(143)) - a428e86c-e33b-49db-aa7c-e41d27951dea: start LeaderState
2019-09-25 04:07:06,373 [8a92d001-8b3d-4d35-a434-4b4214762be5@group-274E22FFDF78:LeaderElection14] INFO  segmented.SegmentedRaftLogWorker (SegmentedRaftLogWorker.java:startLogSegment(380)) - 8a92d001-8b3d-4d35-a434-4b4214762be5@group-274E22FFDF78-SegmentedRaftLogWorker: Starting segment from index:0
2019-09-25 04:07:06,369 [Thread-250] INFO  impl.FollowerState (FollowerState.java:run(106)) - 32f4ed37-bf41-4fef-a9ff-904b5f6d48f0:group-152F1203AFCB changes to CANDIDATE, lastRpcTime:5123, electionTimeout:5098ms
2019-09-25 04:07:06,334 [a428e86c-e33b-49db-aa7c-e41d27951dea@group-1DBB81BBB751:LeaderElection5] INFO  segmented.SegmentedRaftLogWorker (SegmentedRaftLogWorker.java:startLogSegment(380)) - a428e86c-e33b-49db-aa7c-e41d27951dea@group-1DBB81BBB751-SegmentedRaftLogWorker: Starting segment from index:0
2019-09-25 04:07:06,373 [Thread-250] INFO  impl.RoleInfo (RoleInfo.java:shutdownFollowerState(121)) - 32f4ed37-bf41-4fef-a9ff-904b5f6d48f0: shutdown FollowerState
2019-09-25 04:07:06,373 [a428e86c-e33b-49db-aa7c-e41d27951dea@group-68CE21FF4457:LeaderElection11] INFO  segmented.SegmentedRaftLogWorker (SegmentedRaftLogWorker.java:startLogSegment(380)) - a428e86c-e33b-49db-aa7c-e41d27951dea@group-68CE21FF4457-SegmentedRaftLogWorker: Starting segment from index:0
2019-09-25 04:07:06,373 [8a92d001-8b3d-4d35-a434-4b4214762be5@group-274E22FFDF78:LeaderElection14] INFO  impl.RaftServerImpl (ServerState.java:setRaftConf(354)) - 8a92d001-8b3d-4d35-a434-4b4214762be5@group-274E22FFDF78: set configuration 0: [8a92d001-8b3d-4d35-a434-4b4214762be5:192.168.5.161:36790], old=null at 0
2019-09-25 04:07:06,373 [Thread-250] INFO  impl.RaftServerImpl (RaftServerImpl.java:setRole(174)) - 32f4ed37-bf41-4fef-a9ff-904b5f6d48f0@group-152F1203AFCB: changes role from  FOLLOWER to CANDIDATE at term 0 for changeToCandidate
2019-09-25 04:07:06,374 [a428e86c-e33b-49db-aa7c-e41d27951dea@group-1DBB81BBB751:LeaderElection5] INFO  impl.RaftServerImpl (ServerState.java:setRaftConf(354)) - a428e86c-e33b-49db-aa7c-e41d27951dea@group-1DBB81BBB751: set configuration 0: [a428e86c-e33b-49db-aa7c-e41d27951dea:192.168.5.161:43255], old=null at 0
2019-09-25 04:07:06,411 [Thread-250] INFO  impl.RoleInfo (RoleInfo.java:updateAndGet(143)) - 32f4ed37-bf41-4fef-a9ff-904b5f6d48f0: start LeaderElection
2019-09-25 04:07:06,411 [a428e86c-e33b-49db-aa7c-e41d27951dea@group-68CE21FF4457:LeaderElection11] INFO  impl.RaftServerImpl (ServerState.java:setRaftConf(354)) - a428e86c-e33b-49db-aa7c-e41d27951dea@group-68CE21FF4457: set configuration 0: [a428e86c-e33b-49db-aa7c-e41d27951dea:192.168.5.161:43255], old=null at 0
2019-09-25 04:07:06,448 [4af9f0c0-4b30-4554-ac1d-7cbb9398fa07@group-8F32678D395E:LeaderElection15] INFO  impl.RoleInfo (RoleInfo.java:updateAndGet(143)) - 4af9f0c0-4b30-4554-ac1d-7cbb9398fa07: start LeaderState
2019-09-25 04:07:06,451 [4af9f0c0-4b30-4554-ac1d-7cbb9398fa07@group-8F32678D395E:LeaderElection15] INFO  segmented.SegmentedRaftLogWorker (SegmentedRaftLogWorker.java:startLogSegment(380)) - 4af9f0c0-4b30-4554-ac1d-7cbb9398fa07@group-8F32678D395E-SegmentedRaftLogWorker: Starting segment from index:0
2019-09-25 04:07:06,452 [4af9f0c0-4b30-4554-ac1d-7cbb9398fa07@group-8F32678D395E:LeaderElection15] INFO  impl.RaftServerImpl (ServerState.java:setRaftConf(354)) - 4af9f0c0-4b30-4554-ac1d-7cbb9398fa07@group-8F32678D395E: set configuration 0: [4af9f0c0-4b30-4554-ac1d-7cbb9398fa07:192.168.5.161:35352], old=null at 0
2019-09-25 04:07:06,501 [8a92d001-8b3d-4d35-a434-4b4214762be5@group-9AC06EF8BCBB-SegmentedRaftLogWorker] INFO  segmented.SegmentedRaftLogWorker (SegmentedRaftLogWorker.java:execute(569)) - 8a92d001-8b3d-4d35-a434-4b4214762be5@group-9AC06EF8BCBB-SegmentedRaftLogWorker: created new log segment /workdir/hadoop-ozone/integration-test/target/test-dir/MiniOzoneClusterImpl-071aaae5-0202-4fb6-b4d6-510014b63779/datanode-1/data/ratis/1e7eabf6-a396-4ed0-8ce3-9ac06ef8bcbb/current/log_inprogress_0
2019-09-25 04:07:06,501 [32f4ed37-bf41-4fef-a9ff-904b5f6d48f0@group-2FA93CCDA56C-SegmentedRaftLogWorker] INFO  segmented.SegmentedRaftLogWorker (SegmentedRaftLogWorker.java:execute(569)) - 32f4ed37-bf41-4fef-a9ff-904b5f6d48f0@group-2FA93CCDA56C-SegmentedRaftLogWorker: created new log segment /workdir/hadoop-ozone/integration-test/target/test-dir/MiniOzoneClusterImpl-071aaae5-0202-4fb6-b4d6-510014b63779/datanode-2/data/ratis/ca150199-6c83-4dc5-bd8f-2fa93ccda56c/current/log_inprogress_0
2019-09-25 04:07:06,503 [32f4ed37-bf41-4fef-a9ff-904b5f6d48f0@group-BE1C376BE843-SegmentedRaftLogWorker] INFO  segmented.SegmentedRaftLogWorker (SegmentedRaftLogWorker.java:execute(569)) - 32f4ed37-bf41-4fef-a9ff-904b5f6d48f0@group-BE1C376BE843-SegmentedRaftLogWorker: created new log segment /workdir/hadoop-ozone/integration-test/target/test-dir/MiniOzoneClusterImpl-071aaae5-0202-4fb6-b4d6-510014b63779/datanode-2/data/ratis/4af3025f-4cdd-41b6-b22c-be1c376be843/current/log_inprogress_0
2019-09-25 04:07:06,503 [8a92d001-8b3d-4d35-a434-4b4214762be5@group-274E22FFDF78-SegmentedRaftLogWorker] INFO  segmented.SegmentedRaftLogWorker (SegmentedRaftLogWorker.java:execute(569)) - 8a92d001-8b3d-4d35-a434-4b4214762be5@group-274E22FFDF78-SegmentedRaftLogWorker: created new log segment /workdir/hadoop-ozone/integration-test/target/test-dir/MiniOzoneClusterImpl-071aaae5-0202-4fb6-b4d6-510014b63779/datanode-1/data/ratis/16ca8a23-b86b-47b7-98e9-274e22ffdf78/current/log_inprogress_0
2019-09-25 04:07:06,503 [a428e86c-e33b-49db-aa7c-e41d27951dea@group-1DBB81BBB751-SegmentedRaftLogWorker] INFO  segmented.SegmentedRaftLogWorker (SegmentedRaftLogWorker.java:execute(569)) - a428e86c-e33b-49db-aa7c-e41d27951dea@group-1DBB81BBB751-SegmentedRaftLogWorker: created new log segment /workdir/hadoop-ozone/integration-test/target/test-dir/MiniOzoneClusterImpl-071aaae5-0202-4fb6-b4d6-510014b63779/datanode-0/data/ratis/23e1b41a-6f52-4be7-83a7-1dbb81bbb751/current/log_inprogress_0
2019-09-25 04:07:06,503 [4af9f0c0-4b30-4554-ac1d-7cbb9398fa07@group-8F32678D395E-SegmentedRaftLogWorker] INFO  segmented.SegmentedRaftLogWorker (SegmentedRaftLogWorker.java:execute(569)) - 4af9f0c0-4b30-4554-ac1d-7cbb9398fa07@group-8F32678D395E-SegmentedRaftLogWorker: created new log segment /workdir/hadoop-ozone/integration-test/target/test-dir/MiniOzoneClusterImpl-071aaae5-0202-4fb6-b4d6-510014b63779/datanode-3/data/ratis/4cb5ed5d-f729-47a9-8b89-8f32678d395e/current/log_inprogress_0
2019-09-25 04:07:06,503 [8a92d001-8b3d-4d35-a434-4b4214762be5@group-75F113B5AA30-SegmentedRaftLogWorker] INFO  segmented.SegmentedRaftLogWorker (SegmentedRaftLogWorker.java:execute(569)) - 8a92d001-8b3d-4d35-a434-4b4214762be5@group-75F113B5AA30-SegmentedRaftLogWorker: created new log segment /workdir/hadoop-ozone/integration-test/target/test-dir/MiniOzoneClusterImpl-071aaae5-0202-4fb6-b4d6-510014b63779/datanode-1/data/ratis/ebfe7be3-7f38-4bb4-bfe0-75f113b5aa30/current/log_inprogress_0
2019-09-25 04:07:06,503 [a428e86c-e33b-49db-aa7c-e41d27951dea@group-68CE21FF4457-SegmentedRaftLogWorker] INFO  segmented.SegmentedRaftLogWorker (SegmentedRaftLogWorker.java:execute(569)) - a428e86c-e33b-49db-aa7c-e41d27951dea@group-68CE21FF4457-SegmentedRaftLogWorker: created new log segment /workdir/hadoop-ozone/integration-test/target/test-dir/MiniOzoneClusterImpl-071aaae5-0202-4fb6-b4d6-510014b63779/datanode-0/data/ratis/bcaa4f52-f418-4acc-99f2-68ce21ff4457/current/log_inprogress_0
2019-09-25 04:07:06,503 [8a92d001-8b3d-4d35-a434-4b4214762be5@group-C731C943AC53:LeaderElection16] INFO  impl.LeaderElection (LeaderElection.java:askForVotes(182)) - 8a92d001-8b3d-4d35-a434-4b4214762be5@group-C731C943AC53:LeaderElection16: begin an election at term 1 for -1: [8a92d001-8b3d-4d35-a434-4b4214762be5:192.168.5.161:36790], old=null
2019-09-25 04:07:06,503 [32f4ed37-bf41-4fef-a9ff-904b5f6d48f0@group-152F1203AFCB:LeaderElection17] INFO  impl.LeaderElection (LeaderElection.java:askForVotes(182)) - 32f4ed37-bf41-4fef-a9ff-904b5f6d48f0@group-152F1203AFCB:LeaderElection17: begin an election at term 1 for -1: [32f4ed37-bf41-4fef-a9ff-904b5f6d48f0:192.168.5.161:33839], old=null
2019-09-25 04:07:06,504 [8a92d001-8b3d-4d35-a434-4b4214762be5@group-C731C943AC53:LeaderElection16] INFO  impl.RoleInfo (RoleInfo.java:shutdownLeaderElection(134)) - 8a92d001-8b3d-4d35-a434-4b4214762be5: shutdown LeaderElection
2019-09-25 04:07:06,504 [32f4ed37-bf41-4fef-a9ff-904b5f6d48f0@group-152F1203AFCB:LeaderElection17] INFO  impl.RoleInfo (RoleInfo.java:shutdownLeaderElection(134)) - 32f4ed37-bf41-4fef-a9ff-904b5f6d48f0: shutdown LeaderElection
2019-09-25 04:07:06,504 [8a92d001-8b3d-4d35-a434-4b4214762be5@group-C731C943AC53:LeaderElection16] INFO  impl.RaftServerImpl (RaftServerImpl.java:setRole(174)) - 8a92d001-8b3d-4d35-a434-4b4214762be5@group-C731C943AC53: changes role from CANDIDATE to LEADER at term 1 for changeToLeader
2019-09-25 04:07:06,504 [32f4ed37-bf41-4fef-a9ff-904b5f6d48f0@group-152F1203AFCB:LeaderElection17] INFO  impl.RaftServerImpl (RaftServerImpl.java:setRole(174)) - 32f4ed37-bf41-4fef-a9ff-904b5f6d48f0@group-152F1203AFCB: changes role from CANDIDATE to LEADER at term 1 for changeToLeader
2019-09-25 04:07:06,504 [8a92d001-8b3d-4d35-a434-4b4214762be5@group-C731C943AC53:LeaderElection16] INFO  impl.RaftServerImpl (ServerState.java:setLeader(253)) - 8a92d001-8b3d-4d35-a434-4b4214762be5@group-C731C943AC53: change Leader from null to 8a92d001-8b3d-4d35-a434-4b4214762be5 at term 1 for becomeLeader, leader elected after 5335ms
2019-09-25 04:07:06,504 [32f4ed37-bf41-4fef-a9ff-904b5f6d48f0@group-152F1203AFCB:LeaderElection17] INFO  impl.RaftServerImpl (ServerState.java:setLeader(253)) - 32f4ed37-bf41-4fef-a9ff-904b5f6d48f0@group-152F1203AFCB: change Leader from null to 32f4ed37-bf41-4fef-a9ff-904b5f6d48f0 at term 1 for becomeLeader, leader elected after 5268ms
2019-09-25 04:07:06,505 [8a92d001-8b3d-4d35-a434-4b4214762be5@group-C731C943AC53:LeaderElection16] INFO  server.RaftServerConfigKeys (ConfUtils.java:logGet(43)) - raft.server.staging.catchup.gap = 1000 (default)
2019-09-25 04:07:06,505 [32f4ed37-bf41-4fef-a9ff-904b5f6d48f0@group-152F1203AFCB:LeaderElection17] INFO  server.RaftServerConfigKeys (ConfUtils.java:logGet(43)) - raft.server.staging.catchup.gap = 1000 (default)
2019-09-25 04:07:06,505 [8a92d001-8b3d-4d35-a434-4b4214762be5@group-C731C943AC53:LeaderElection16] INFO  server.RaftServerConfigKeys (ConfUtils.java:logGet(43)) - raft.server.rpc.sleep.time = 25ms (default)
2019-09-25 04:07:06,505 [32f4ed37-bf41-4fef-a9ff-904b5f6d48f0@group-152F1203AFCB:LeaderElection17] INFO  server.RaftServerConfigKeys (ConfUtils.java:logGet(43)) - raft.server.rpc.sleep.time = 25ms (default)
2019-09-25 04:07:06,506 [8a92d001-8b3d-4d35-a434-4b4214762be5@group-C731C943AC53:LeaderElection16] INFO  server.RaftServerConfigKeys (ConfUtils.java:logGet(43)) - raft.server.write.element-limit = 4096 (default)
2019-09-25 04:07:06,506 [32f4ed37-bf41-4fef-a9ff-904b5f6d48f0@group-152F1203AFCB:LeaderElection17] INFO  server.RaftServerConfigKeys (ConfUtils.java:logGet(43)) - raft.server.write.element-limit = 4096 (default)
2019-09-25 04:07:06,506 [8a92d001-8b3d-4d35-a434-4b4214762be5@group-C731C943AC53:LeaderElection16] INFO  server.RaftServerConfigKeys (ConfUtils.java:logGet(43)) - raft.server.watch.timeout = 10s (default)
2019-09-25 04:07:06,506 [32f4ed37-bf41-4fef-a9ff-904b5f6d48f0@group-152F1203AFCB:LeaderElection17] INFO  server.RaftServerConfigKeys (ConfUtils.java:logGet(43)) - raft.server.watch.timeout = 10s (default)
2019-09-25 04:07:06,506 [8a92d001-8b3d-4d35-a434-4b4214762be5@group-C731C943AC53:LeaderElection16] INFO  server.RaftServerConfigKeys (ConfUtils.java:logGet(43)) - raft.server.watch.timeout.denomination = 1s (default)
2019-09-25 04:07:06,506 [32f4ed37-bf41-4fef-a9ff-904b5f6d48f0@group-152F1203AFCB:LeaderElection17] INFO  server.RaftServerConfigKeys (ConfUtils.java:logGet(43)) - raft.server.watch.timeout.denomination = 1s (default)
2019-09-25 04:07:06,507 [8a92d001-8b3d-4d35-a434-4b4214762be5@group-C731C943AC53:LeaderElection16] INFO  server.RaftServerConfigKeys (ConfUtils.java:logGet(43)) - raft.server.watch.element-limit = 65536 (default)
2019-09-25 04:07:06,507 [32f4ed37-bf41-4fef-a9ff-904b5f6d48f0@group-152F1203AFCB:LeaderElection17] INFO  server.RaftServerConfigKeys (ConfUtils.java:logGet(43)) - raft.server.watch.element-limit = 65536 (default)
2019-09-25 04:07:06,512 [8a92d001-8b3d-4d35-a434-4b4214762be5@group-C731C943AC53:LeaderElection16] INFO  impl.RoleInfo (RoleInfo.java:updateAndGet(143)) - 8a92d001-8b3d-4d35-a434-4b4214762be5: start LeaderState
2019-09-25 04:07:06,513 [32f4ed37-bf41-4fef-a9ff-904b5f6d48f0@group-152F1203AFCB:LeaderElection17] INFO  impl.RoleInfo (RoleInfo.java:updateAndGet(143)) - 32f4ed37-bf41-4fef-a9ff-904b5f6d48f0: start LeaderState
2019-09-25 04:07:06,513 [8a92d001-8b3d-4d35-a434-4b4214762be5@group-C731C943AC53:LeaderElection16] INFO  segmented.SegmentedRaftLogWorker (SegmentedRaftLogWorker.java:startLogSegment(380)) - 8a92d001-8b3d-4d35-a434-4b4214762be5@group-C731C943AC53-SegmentedRaftLogWorker: Starting segment from index:0
2019-09-25 04:07:06,513 [32f4ed37-bf41-4fef-a9ff-904b5f6d48f0@group-152F1203AFCB:LeaderElection17] INFO  segmented.SegmentedRaftLogWorker (SegmentedRaftLogWorker.java:startLogSegment(380)) - 32f4ed37-bf41-4fef-a9ff-904b5f6d48f0@group-152F1203AFCB-SegmentedRaftLogWorker: Starting segment from index:0
2019-09-25 04:07:06,513 [8a92d001-8b3d-4d35-a434-4b4214762be5@group-C731C943AC53:LeaderElection16] INFO  impl.RaftServerImpl (ServerState.java:setRaftConf(354)) - 8a92d001-8b3d-4d35-a434-4b4214762be5@group-C731C943AC53: set configuration 0: [8a92d001-8b3d-4d35-a434-4b4214762be5:192.168.5.161:36790], old=null at 0
2019-09-25 04:07:06,514 [32f4ed37-bf41-4fef-a9ff-904b5f6d48f0@group-152F1203AFCB:LeaderElection17] INFO  impl.RaftServerImpl (ServerState.java:setRaftConf(354)) - 32f4ed37-bf41-4fef-a9ff-904b5f6d48f0@group-152F1203AFCB: set configuration 0: [32f4ed37-bf41-4fef-a9ff-904b5f6d48f0:192.168.5.161:33839], old=null at 0
2019-09-25 04:07:06,563 [32f4ed37-bf41-4fef-a9ff-904b5f6d48f0@group-152F1203AFCB-SegmentedRaftLogWorker] INFO  segmented.SegmentedRaftLogWorker (SegmentedRaftLogWorker.java:execute(569)) - 32f4ed37-bf41-4fef-a9ff-904b5f6d48f0@group-152F1203AFCB-SegmentedRaftLogWorker: created new log segment /workdir/hadoop-ozone/integration-test/target/test-dir/MiniOzoneClusterImpl-071aaae5-0202-4fb6-b4d6-510014b63779/datanode-2/data/ratis/a2c010f3-e305-4e3e-9244-152f1203afcb/current/log_inprogress_0
2019-09-25 04:07:06,563 [8a92d001-8b3d-4d35-a434-4b4214762be5@group-C731C943AC53-SegmentedRaftLogWorker] INFO  segmented.SegmentedRaftLogWorker (SegmentedRaftLogWorker.java:execute(569)) - 8a92d001-8b3d-4d35-a434-4b4214762be5@group-C731C943AC53-SegmentedRaftLogWorker: created new log segment /workdir/hadoop-ozone/integration-test/target/test-dir/MiniOzoneClusterImpl-071aaae5-0202-4fb6-b4d6-510014b63779/datanode-1/data/ratis/cbae428e-2045-4dfe-8d91-c731c943ac53/current/log_inprogress_0
2019-09-25 04:07:06,668 [Thread-253] INFO  impl.FollowerState (FollowerState.java:run(106)) - a428e86c-e33b-49db-aa7c-e41d27951dea:group-2244BCABCC2D changes to CANDIDATE, lastRpcTime:5027, electionTimeout:5027ms
2019-09-25 04:07:06,668 [Thread-253] INFO  impl.RoleInfo (RoleInfo.java:shutdownFollowerState(121)) - a428e86c-e33b-49db-aa7c-e41d27951dea: shutdown FollowerState
2019-09-25 04:07:06,669 [Thread-253] INFO  impl.RaftServerImpl (RaftServerImpl.java:setRole(174)) - a428e86c-e33b-49db-aa7c-e41d27951dea@group-2244BCABCC2D: changes role from  FOLLOWER to CANDIDATE at term 0 for changeToCandidate
2019-09-25 04:07:06,669 [Thread-253] INFO  impl.RoleInfo (RoleInfo.java:updateAndGet(143)) - a428e86c-e33b-49db-aa7c-e41d27951dea: start LeaderElection
2019-09-25 04:07:06,687 [a428e86c-e33b-49db-aa7c-e41d27951dea@group-2244BCABCC2D:LeaderElection18] INFO  impl.LeaderElection (LeaderElection.java:askForVotes(182)) - a428e86c-e33b-49db-aa7c-e41d27951dea@group-2244BCABCC2D:LeaderElection18: begin an election at term 1 for -1: [a428e86c-e33b-49db-aa7c-e41d27951dea:192.168.5.161:43255], old=null
2019-09-25 04:07:06,687 [a428e86c-e33b-49db-aa7c-e41d27951dea@group-2244BCABCC2D:LeaderElection18] INFO  impl.RoleInfo (RoleInfo.java:shutdownLeaderElection(134)) - a428e86c-e33b-49db-aa7c-e41d27951dea: shutdown LeaderElection
2019-09-25 04:07:06,687 [a428e86c-e33b-49db-aa7c-e41d27951dea@group-2244BCABCC2D:LeaderElection18] INFO  impl.RaftServerImpl (RaftServerImpl.java:setRole(174)) - a428e86c-e33b-49db-aa7c-e41d27951dea@group-2244BCABCC2D: changes role from CANDIDATE to LEADER at term 1 for changeToLeader
2019-09-25 04:07:06,687 [a428e86c-e33b-49db-aa7c-e41d27951dea@group-2244BCABCC2D:LeaderElection18] INFO  impl.RaftServerImpl (ServerState.java:setLeader(253)) - a428e86c-e33b-49db-aa7c-e41d27951dea@group-2244BCABCC2D: change Leader from null to a428e86c-e33b-49db-aa7c-e41d27951dea at term 1 for becomeLeader, leader elected after 5086ms
2019-09-25 04:07:06,688 [a428e86c-e33b-49db-aa7c-e41d27951dea@group-2244BCABCC2D:LeaderElection18] INFO  server.RaftServerConfigKeys (ConfUtils.java:logGet(43)) - raft.server.staging.catchup.gap = 1000 (default)
2019-09-25 04:07:06,688 [a428e86c-e33b-49db-aa7c-e41d27951dea@group-2244BCABCC2D:LeaderElection18] INFO  server.RaftServerConfigKeys (ConfUtils.java:logGet(43)) - raft.server.rpc.sleep.time = 25ms (default)
2019-09-25 04:07:06,688 [a428e86c-e33b-49db-aa7c-e41d27951dea@group-2244BCABCC2D:LeaderElection18] INFO  server.RaftServerConfigKeys (ConfUtils.java:logGet(43)) - raft.server.write.element-limit = 4096 (default)
2019-09-25 04:07:06,688 [a428e86c-e33b-49db-aa7c-e41d27951dea@group-2244BCABCC2D:LeaderElection18] INFO  server.RaftServerConfigKeys (ConfUtils.java:logGet(43)) - raft.server.watch.timeout = 10s (default)
2019-09-25 04:07:06,688 [a428e86c-e33b-49db-aa7c-e41d27951dea@group-2244BCABCC2D:LeaderElection18] INFO  server.RaftServerConfigKeys (ConfUtils.java:logGet(43)) - raft.server.watch.timeout.denomination = 1s (default)
2019-09-25 04:07:06,688 [a428e86c-e33b-49db-aa7c-e41d27951dea@group-2244BCABCC2D:LeaderElection18] INFO  server.RaftServerConfigKeys (ConfUtils.java:logGet(43)) - raft.server.watch.element-limit = 65536 (default)
2019-09-25 04:07:06,692 [a428e86c-e33b-49db-aa7c-e41d27951dea@group-2244BCABCC2D:LeaderElection18] INFO  impl.RoleInfo (RoleInfo.java:updateAndGet(143)) - a428e86c-e33b-49db-aa7c-e41d27951dea: start LeaderState
2019-09-25 04:07:06,692 [a428e86c-e33b-49db-aa7c-e41d27951dea@group-2244BCABCC2D:LeaderElection18] INFO  segmented.SegmentedRaftLogWorker (SegmentedRaftLogWorker.java:startLogSegment(380)) - a428e86c-e33b-49db-aa7c-e41d27951dea@group-2244BCABCC2D-SegmentedRaftLogWorker: Starting segment from index:0
2019-09-25 04:07:06,693 [a428e86c-e33b-49db-aa7c-e41d27951dea@group-2244BCABCC2D:LeaderElection18] INFO  impl.RaftServerImpl (ServerState.java:setRaftConf(354)) - a428e86c-e33b-49db-aa7c-e41d27951dea@group-2244BCABCC2D: set configuration 0: [a428e86c-e33b-49db-aa7c-e41d27951dea:192.168.5.161:43255], old=null at 0
2019-09-25 04:07:06,746 [a428e86c-e33b-49db-aa7c-e41d27951dea@group-2244BCABCC2D-SegmentedRaftLogWorker] INFO  segmented.SegmentedRaftLogWorker (SegmentedRaftLogWorker.java:execute(569)) - a428e86c-e33b-49db-aa7c-e41d27951dea@group-2244BCABCC2D-SegmentedRaftLogWorker: created new log segment /workdir/hadoop-ozone/integration-test/target/test-dir/MiniOzoneClusterImpl-071aaae5-0202-4fb6-b4d6-510014b63779/datanode-0/data/ratis/31e85792-8f35-4aa8-bffb-2244bcabcc2d/current/log_inprogress_0
2019-09-25 04:07:06,807 [Thread-256] INFO  impl.FollowerState (FollowerState.java:run(106)) - a428e86c-e33b-49db-aa7c-e41d27951dea:group-4573C8D48802 changes to CANDIDATE, lastRpcTime:5116, electionTimeout:5116ms
2019-09-25 04:07:06,807 [Thread-256] INFO  impl.RoleInfo (RoleInfo.java:shutdownFollowerState(121)) - a428e86c-e33b-49db-aa7c-e41d27951dea: shutdown FollowerState
2019-09-25 04:07:06,808 [Thread-256] INFO  impl.RaftServerImpl (RaftServerImpl.java:setRole(174)) - a428e86c-e33b-49db-aa7c-e41d27951dea@group-4573C8D48802: changes role from  FOLLOWER to CANDIDATE at term 0 for changeToCandidate
2019-09-25 04:07:06,808 [Thread-256] INFO  impl.RoleInfo (RoleInfo.java:updateAndGet(143)) - a428e86c-e33b-49db-aa7c-e41d27951dea: start LeaderElection
2019-09-25 04:07:06,824 [a428e86c-e33b-49db-aa7c-e41d27951dea@group-4573C8D48802:LeaderElection19] INFO  impl.LeaderElection (LeaderElection.java:askForVotes(182)) - a428e86c-e33b-49db-aa7c-e41d27951dea@group-4573C8D48802:LeaderElection19: begin an election at term 1 for -1: [a428e86c-e33b-49db-aa7c-e41d27951dea:192.168.5.161:43255], old=null
2019-09-25 04:07:06,824 [a428e86c-e33b-49db-aa7c-e41d27951dea@group-4573C8D48802:LeaderElection19] INFO  impl.RoleInfo (RoleInfo.java:shutdownLeaderElection(134)) - a428e86c-e33b-49db-aa7c-e41d27951dea: shutdown LeaderElection
2019-09-25 04:07:06,824 [a428e86c-e33b-49db-aa7c-e41d27951dea@group-4573C8D48802:LeaderElection19] INFO  impl.RaftServerImpl (RaftServerImpl.java:setRole(174)) - a428e86c-e33b-49db-aa7c-e41d27951dea@group-4573C8D48802: changes role from CANDIDATE to LEADER at term 1 for changeToLeader
2019-09-25 04:07:06,824 [a428e86c-e33b-49db-aa7c-e41d27951dea@group-4573C8D48802:LeaderElection19] INFO  impl.RaftServerImpl (ServerState.java:setLeader(253)) - a428e86c-e33b-49db-aa7c-e41d27951dea@group-4573C8D48802: change Leader from null to a428e86c-e33b-49db-aa7c-e41d27951dea at term 1 for becomeLeader, leader elected after 5138ms
2019-09-25 04:07:06,825 [a428e86c-e33b-49db-aa7c-e41d27951dea@group-4573C8D48802:LeaderElection19] INFO  server.RaftServerConfigKeys (ConfUtils.java:logGet(43)) - raft.server.staging.catchup.gap = 1000 (default)
2019-09-25 04:07:06,825 [a428e86c-e33b-49db-aa7c-e41d27951dea@group-4573C8D48802:LeaderElection19] INFO  server.RaftServerConfigKeys (ConfUtils.java:logGet(43)) - raft.server.rpc.sleep.time = 25ms (default)
2019-09-25 04:07:06,825 [a428e86c-e33b-49db-aa7c-e41d27951dea@group-4573C8D48802:LeaderElection19] INFO  server.RaftServerConfigKeys (ConfUtils.java:logGet(43)) - raft.server.write.element-limit = 4096 (default)
2019-09-25 04:07:06,825 [a428e86c-e33b-49db-aa7c-e41d27951dea@group-4573C8D48802:LeaderElection19] INFO  server.RaftServerConfigKeys (ConfUtils.java:logGet(43)) - raft.server.watch.timeout = 10s (default)
2019-09-25 04:07:06,825 [a428e86c-e33b-49db-aa7c-e41d27951dea@group-4573C8D48802:LeaderElection19] INFO  server.RaftServerConfigKeys (ConfUtils.java:logGet(43)) - raft.server.watch.timeout.denomination = 1s (default)
2019-09-25 04:07:06,826 [a428e86c-e33b-49db-aa7c-e41d27951dea@group-4573C8D48802:LeaderElection19] INFO  server.RaftServerConfigKeys (ConfUtils.java:logGet(43)) - raft.server.watch.element-limit = 65536 (default)
2019-09-25 04:07:06,829 [a428e86c-e33b-49db-aa7c-e41d27951dea@group-4573C8D48802:LeaderElection19] INFO  impl.RoleInfo (RoleInfo.java:updateAndGet(143)) - a428e86c-e33b-49db-aa7c-e41d27951dea: start LeaderState
2019-09-25 04:07:06,829 [a428e86c-e33b-49db-aa7c-e41d27951dea@group-4573C8D48802:LeaderElection19] INFO  segmented.SegmentedRaftLogWorker (SegmentedRaftLogWorker.java:startLogSegment(380)) - a428e86c-e33b-49db-aa7c-e41d27951dea@group-4573C8D48802-SegmentedRaftLogWorker: Starting segment from index:0
2019-09-25 04:07:06,830 [a428e86c-e33b-49db-aa7c-e41d27951dea@group-4573C8D48802:LeaderElection19] INFO  impl.RaftServerImpl (ServerState.java:setRaftConf(354)) - a428e86c-e33b-49db-aa7c-e41d27951dea@group-4573C8D48802: set configuration 0: [a428e86c-e33b-49db-aa7c-e41d27951dea:192.168.5.161:43255], old=null at 0
2019-09-25 04:07:06,886 [a428e86c-e33b-49db-aa7c-e41d27951dea@group-4573C8D48802-SegmentedRaftLogWorker] INFO  segmented.SegmentedRaftLogWorker (SegmentedRaftLogWorker.java:execute(569)) - a428e86c-e33b-49db-aa7c-e41d27951dea@group-4573C8D48802-SegmentedRaftLogWorker: created new log segment /workdir/hadoop-ozone/integration-test/target/test-dir/MiniOzoneClusterImpl-071aaae5-0202-4fb6-b4d6-510014b63779/datanode-0/data/ratis/93098f85-e2d9-43eb-b1d7-4573c8d48802/current/log_inprogress_0
2019-09-25 04:07:08,480 [Thread-260] INFO  impl.FollowerState (FollowerState.java:run(106)) - 8a92d001-8b3d-4d35-a434-4b4214762be5:group-EDC5294486A7 changes to CANDIDATE, lastRpcTime:5157, electionTimeout:5157ms
2019-09-25 04:07:08,481 [Thread-260] INFO  impl.RoleInfo (RoleInfo.java:shutdownFollowerState(121)) - 8a92d001-8b3d-4d35-a434-4b4214762be5: shutdown FollowerState
2019-09-25 04:07:08,481 [Thread-260] INFO  impl.RaftServerImpl (RaftServerImpl.java:setRole(174)) - 8a92d001-8b3d-4d35-a434-4b4214762be5@group-EDC5294486A7: changes role from  FOLLOWER to CANDIDATE at term 0 for changeToCandidate
2019-09-25 04:07:08,481 [Thread-260] INFO  impl.RoleInfo (RoleInfo.java:updateAndGet(143)) - 8a92d001-8b3d-4d35-a434-4b4214762be5: start LeaderElection
2019-09-25 04:07:08,507 [8a92d001-8b3d-4d35-a434-4b4214762be5@group-EDC5294486A7:LeaderElection20] INFO  impl.LeaderElection (LeaderElection.java:askForVotes(182)) - 8a92d001-8b3d-4d35-a434-4b4214762be5@group-EDC5294486A7:LeaderElection20: begin an election at term 1 for -1: [8a92d001-8b3d-4d35-a434-4b4214762be5:192.168.5.161:36790], old=null
2019-09-25 04:07:08,507 [8a92d001-8b3d-4d35-a434-4b4214762be5@group-EDC5294486A7:LeaderElection20] INFO  impl.RoleInfo (RoleInfo.java:shutdownLeaderElection(134)) - 8a92d001-8b3d-4d35-a434-4b4214762be5: shutdown LeaderElection
2019-09-25 04:07:08,507 [8a92d001-8b3d-4d35-a434-4b4214762be5@group-EDC5294486A7:LeaderElection20] INFO  impl.RaftServerImpl (RaftServerImpl.java:setRole(174)) - 8a92d001-8b3d-4d35-a434-4b4214762be5@group-EDC5294486A7: changes role from CANDIDATE to LEADER at term 1 for changeToLeader
2019-09-25 04:07:08,507 [8a92d001-8b3d-4d35-a434-4b4214762be5@group-EDC5294486A7:LeaderElection20] INFO  impl.RaftServerImpl (ServerState.java:setLeader(253)) - 8a92d001-8b3d-4d35-a434-4b4214762be5@group-EDC5294486A7: change Leader from null to 8a92d001-8b3d-4d35-a434-4b4214762be5 at term 1 for becomeLeader, leader elected after 5195ms
2019-09-25 04:07:08,508 [8a92d001-8b3d-4d35-a434-4b4214762be5@group-EDC5294486A7:LeaderElection20] INFO  server.RaftServerConfigKeys (ConfUtils.java:logGet(43)) - raft.server.staging.catchup.gap = 1000 (default)
2019-09-25 04:07:08,508 [8a92d001-8b3d-4d35-a434-4b4214762be5@group-EDC5294486A7:LeaderElection20] INFO  server.RaftServerConfigKeys (ConfUtils.java:logGet(43)) - raft.server.rpc.sleep.time = 25ms (default)
2019-09-25 04:07:08,508 [8a92d001-8b3d-4d35-a434-4b4214762be5@group-EDC5294486A7:LeaderElection20] INFO  server.RaftServerConfigKeys (ConfUtils.java:logGet(43)) - raft.server.write.element-limit = 4096 (default)
2019-09-25 04:07:08,508 [8a92d001-8b3d-4d35-a434-4b4214762be5@group-EDC5294486A7:LeaderElection20] INFO  server.RaftServerConfigKeys (ConfUtils.java:logGet(43)) - raft.server.watch.timeout = 10s (default)
2019-09-25 04:07:08,508 [8a92d001-8b3d-4d35-a434-4b4214762be5@group-EDC5294486A7:LeaderElection20] INFO  server.RaftServerConfigKeys (ConfUtils.java:logGet(43)) - raft.server.watch.timeout.denomination = 1s (default)
2019-09-25 04:07:08,509 [8a92d001-8b3d-4d35-a434-4b4214762be5@group-EDC5294486A7:LeaderElection20] INFO  server.RaftServerConfigKeys (ConfUtils.java:logGet(43)) - raft.server.watch.element-limit = 65536 (default)
2019-09-25 04:07:08,512 [8a92d001-8b3d-4d35-a434-4b4214762be5@group-EDC5294486A7:LeaderElection20] INFO  impl.RoleInfo (RoleInfo.java:updateAndGet(143)) - 8a92d001-8b3d-4d35-a434-4b4214762be5: start LeaderState
2019-09-25 04:07:08,512 [8a92d001-8b3d-4d35-a434-4b4214762be5@group-EDC5294486A7:LeaderElection20] INFO  segmented.SegmentedRaftLogWorker (SegmentedRaftLogWorker.java:startLogSegment(380)) - 8a92d001-8b3d-4d35-a434-4b4214762be5@group-EDC5294486A7-SegmentedRaftLogWorker: Starting segment from index:0
2019-09-25 04:07:08,513 [8a92d001-8b3d-4d35-a434-4b4214762be5@group-EDC5294486A7:LeaderElection20] INFO  impl.RaftServerImpl (ServerState.java:setRaftConf(354)) - 8a92d001-8b3d-4d35-a434-4b4214762be5@group-EDC5294486A7: set configuration 0: [8a92d001-8b3d-4d35-a434-4b4214762be5:192.168.5.161:36790], old=null at 0
2019-09-25 04:07:08,552 [Thread-263] INFO  impl.FollowerState (FollowerState.java:run(106)) - 4af9f0c0-4b30-4554-ac1d-7cbb9398fa07:group-B81549802A8B changes to CANDIDATE, lastRpcTime:5146, electionTimeout:5112ms
2019-09-25 04:07:08,552 [Thread-266] INFO  impl.FollowerState (FollowerState.java:run(106)) - 4af9f0c0-4b30-4554-ac1d-7cbb9398fa07:group-38CEAC7A5FF0 changes to CANDIDATE, lastRpcTime:5091, electionTimeout:5056ms
2019-09-25 04:07:08,554 [Thread-263] INFO  impl.RoleInfo (RoleInfo.java:shutdownFollowerState(121)) - 4af9f0c0-4b30-4554-ac1d-7cbb9398fa07: shutdown FollowerState
2019-09-25 04:07:08,554 [Thread-266] INFO  impl.RoleInfo (RoleInfo.java:shutdownFollowerState(121)) - 4af9f0c0-4b30-4554-ac1d-7cbb9398fa07: shutdown FollowerState
2019-09-25 04:07:08,554 [Thread-263] INFO  impl.RaftServerImpl (RaftServerImpl.java:setRole(174)) - 4af9f0c0-4b30-4554-ac1d-7cbb9398fa07@group-B81549802A8B: changes role from  FOLLOWER to CANDIDATE at term 0 for changeToCandidate
2019-09-25 04:07:08,554 [Thread-266] INFO  impl.RaftServerImpl (RaftServerImpl.java:setRole(174)) - 4af9f0c0-4b30-4554-ac1d-7cbb9398fa07@group-38CEAC7A5FF0: changes role from  FOLLOWER to CANDIDATE at term 0 for changeToCandidate
2019-09-25 04:07:08,555 [Thread-263] INFO  impl.RoleInfo (RoleInfo.java:updateAndGet(143)) - 4af9f0c0-4b30-4554-ac1d-7cbb9398fa07: start LeaderElection
2019-09-25 04:07:08,555 [Thread-266] INFO  impl.RoleInfo (RoleInfo.java:updateAndGet(143)) - 4af9f0c0-4b30-4554-ac1d-7cbb9398fa07: start LeaderElection
2019-09-25 04:07:08,565 [8a92d001-8b3d-4d35-a434-4b4214762be5@group-EDC5294486A7-SegmentedRaftLogWorker] INFO  segmented.SegmentedRaftLogWorker (SegmentedRaftLogWorker.java:execute(569)) - 8a92d001-8b3d-4d35-a434-4b4214762be5@group-EDC5294486A7-SegmentedRaftLogWorker: created new log segment /workdir/hadoop-ozone/integration-test/target/test-dir/MiniOzoneClusterImpl-071aaae5-0202-4fb6-b4d6-510014b63779/datanode-1/data/ratis/4ef0b770-467a-46d1-87a6-edc5294486a7/current/log_inprogress_0
2019-09-25 04:07:08,565 [4af9f0c0-4b30-4554-ac1d-7cbb9398fa07@group-B81549802A8B:LeaderElection21] INFO  impl.LeaderElection (LeaderElection.java:askForVotes(182)) - 4af9f0c0-4b30-4554-ac1d-7cbb9398fa07@group-B81549802A8B:LeaderElection21: begin an election at term 1 for -1: [4af9f0c0-4b30-4554-ac1d-7cbb9398fa07:192.168.5.161:35352], old=null
2019-09-25 04:07:08,565 [4af9f0c0-4b30-4554-ac1d-7cbb9398fa07@group-38CEAC7A5FF0:LeaderElection22] INFO  impl.LeaderElection (LeaderElection.java:askForVotes(182)) - 4af9f0c0-4b30-4554-ac1d-7cbb9398fa07@group-38CEAC7A5FF0:LeaderElection22: begin an election at term 1 for -1: [4af9f0c0-4b30-4554-ac1d-7cbb9398fa07:192.168.5.161:35352], old=null
2019-09-25 04:07:08,566 [4af9f0c0-4b30-4554-ac1d-7cbb9398fa07@group-B81549802A8B:LeaderElection21] INFO  impl.RoleInfo (RoleInfo.java:shutdownLeaderElection(134)) - 4af9f0c0-4b30-4554-ac1d-7cbb9398fa07: shutdown LeaderElection
2019-09-25 04:07:08,566 [4af9f0c0-4b30-4554-ac1d-7cbb9398fa07@group-38CEAC7A5FF0:LeaderElection22] INFO  impl.RoleInfo (RoleInfo.java:shutdownLeaderElection(134)) - 4af9f0c0-4b30-4554-ac1d-7cbb9398fa07: shutdown LeaderElection
2019-09-25 04:07:08,566 [4af9f0c0-4b30-4554-ac1d-7cbb9398fa07@group-B81549802A8B:LeaderElection21] INFO  impl.RaftServerImpl (RaftServerImpl.java:setRole(174)) - 4af9f0c0-4b30-4554-ac1d-7cbb9398fa07@group-B81549802A8B: changes role from CANDIDATE to LEADER at term 1 for changeToLeader
2019-09-25 04:07:08,566 [4af9f0c0-4b30-4554-ac1d-7cbb9398fa07@group-38CEAC7A5FF0:LeaderElection22] INFO  impl.RaftServerImpl (RaftServerImpl.java:setRole(174)) - 4af9f0c0-4b30-4554-ac1d-7cbb9398fa07@group-38CEAC7A5FF0: changes role from CANDIDATE to LEADER at term 1 for changeToLeader
2019-09-25 04:07:08,566 [4af9f0c0-4b30-4554-ac1d-7cbb9398fa07@group-B81549802A8B:LeaderElection21] INFO  impl.RaftServerImpl (ServerState.java:setLeader(253)) - 4af9f0c0-4b30-4554-ac1d-7cbb9398fa07@group-B81549802A8B: change Leader from null to 4af9f0c0-4b30-4554-ac1d-7cbb9398fa07 at term 1 for becomeLeader, leader elected after 5167ms
2019-09-25 04:07:08,566 [4af9f0c0-4b30-4554-ac1d-7cbb9398fa07@group-38CEAC7A5FF0:LeaderElection22] INFO  impl.RaftServerImpl (ServerState.java:setLeader(253)) - 4af9f0c0-4b30-4554-ac1d-7cbb9398fa07@group-38CEAC7A5FF0: change Leader from null to 4af9f0c0-4b30-4554-ac1d-7cbb9398fa07 at term 1 for becomeLeader, leader elected after 5110ms
2019-09-25 04:07:08,566 [4af9f0c0-4b30-4554-ac1d-7cbb9398fa07@group-B81549802A8B:LeaderElection21] INFO  server.RaftServerConfigKeys (ConfUtils.java:logGet(43)) - raft.server.staging.catchup.gap = 1000 (default)
2019-09-25 04:07:08,566 [4af9f0c0-4b30-4554-ac1d-7cbb9398fa07@group-38CEAC7A5FF0:LeaderElection22] INFO  server.RaftServerConfigKeys (ConfUtils.java:logGet(43)) - raft.server.staging.catchup.gap = 1000 (default)
2019-09-25 04:07:08,567 [4af9f0c0-4b30-4554-ac1d-7cbb9398fa07@group-B81549802A8B:LeaderElection21] INFO  server.RaftServerConfigKeys (ConfUtils.java:logGet(43)) - raft.server.rpc.sleep.time = 25ms (default)
2019-09-25 04:07:08,567 [4af9f0c0-4b30-4554-ac1d-7cbb9398fa07@group-38CEAC7A5FF0:LeaderElection22] INFO  server.RaftServerConfigKeys (ConfUtils.java:logGet(43)) - raft.server.rpc.sleep.time = 25ms (default)
2019-09-25 04:07:08,567 [4af9f0c0-4b30-4554-ac1d-7cbb9398fa07@group-B81549802A8B:LeaderElection21] INFO  server.RaftServerConfigKeys (ConfUtils.java:logGet(43)) - raft.server.write.element-limit = 4096 (default)
2019-09-25 04:07:08,567 [4af9f0c0-4b30-4554-ac1d-7cbb9398fa07@group-38CEAC7A5FF0:LeaderElection22] INFO  server.RaftServerConfigKeys (ConfUtils.java:logGet(43)) - raft.server.write.element-limit = 4096 (default)
2019-09-25 04:07:08,567 [4af9f0c0-4b30-4554-ac1d-7cbb9398fa07@group-B81549802A8B:LeaderElection21] INFO  server.RaftServerConfigKeys (ConfUtils.java:logGet(43)) - raft.server.watch.timeout = 10s (default)
2019-09-25 04:07:08,567 [4af9f0c0-4b30-4554-ac1d-7cbb9398fa07@group-38CEAC7A5FF0:LeaderElection22] INFO  server.RaftServerConfigKeys (ConfUtils.java:logGet(43)) - raft.server.watch.timeout = 10s (default)
2019-09-25 04:07:08,567 [4af9f0c0-4b30-4554-ac1d-7cbb9398fa07@group-B81549802A8B:LeaderElection21] INFO  server.RaftServerConfigKeys (ConfUtils.java:logGet(43)) - raft.server.watch.timeout.denomination = 1s (default)
2019-09-25 04:07:08,567 [4af9f0c0-4b30-4554-ac1d-7cbb9398fa07@group-38CEAC7A5FF0:LeaderElection22] INFO  server.RaftServerConfigKeys (ConfUtils.java:logGet(43)) - raft.server.watch.timeout.denomination = 1s (default)
2019-09-25 04:07:08,567 [4af9f0c0-4b30-4554-ac1d-7cbb9398fa07@group-B81549802A8B:LeaderElection21] INFO  server.RaftServerConfigKeys (ConfUtils.java:logGet(43)) - raft.server.watch.element-limit = 65536 (default)
2019-09-25 04:07:08,568 [4af9f0c0-4b30-4554-ac1d-7cbb9398fa07@group-38CEAC7A5FF0:LeaderElection22] INFO  server.RaftServerConfigKeys (ConfUtils.java:logGet(43)) - raft.server.watch.element-limit = 65536 (default)
2019-09-25 04:07:08,571 [Thread-272] INFO  impl.FollowerState (FollowerState.java:run(106)) - 4af9f0c0-4b30-4554-ac1d-7cbb9398fa07:group-ED3617ACE397 changes to CANDIDATE, lastRpcTime:5012, electionTimeout:5012ms
2019-09-25 04:07:08,571 [Thread-272] INFO  impl.RoleInfo (RoleInfo.java:shutdownFollowerState(121)) - 4af9f0c0-4b30-4554-ac1d-7cbb9398fa07: shutdown FollowerState
2019-09-25 04:07:08,571 [4af9f0c0-4b30-4554-ac1d-7cbb9398fa07@group-B81549802A8B:LeaderElection21] INFO  impl.RoleInfo (RoleInfo.java:updateAndGet(143)) - 4af9f0c0-4b30-4554-ac1d-7cbb9398fa07: start LeaderState
2019-09-25 04:07:08,571 [Thread-272] INFO  impl.RaftServerImpl (RaftServerImpl.java:setRole(174)) - 4af9f0c0-4b30-4554-ac1d-7cbb9398fa07@group-ED3617ACE397: changes role from  FOLLOWER to CANDIDATE at term 0 for changeToCandidate
2019-09-25 04:07:08,571 [4af9f0c0-4b30-4554-ac1d-7cbb9398fa07@group-B81549802A8B:LeaderElection21] INFO  segmented.SegmentedRaftLogWorker (SegmentedRaftLogWorker.java:startLogSegment(380)) - 4af9f0c0-4b30-4554-ac1d-7cbb9398fa07@group-B81549802A8B-SegmentedRaftLogWorker: Starting segment from index:0
2019-09-25 04:07:08,571 [Thread-272] INFO  impl.RoleInfo (RoleInfo.java:updateAndGet(143)) - 4af9f0c0-4b30-4554-ac1d-7cbb9398fa07: start LeaderElection
2019-09-25 04:07:08,572 [4af9f0c0-4b30-4554-ac1d-7cbb9398fa07@group-38CEAC7A5FF0:LeaderElection22] INFO  impl.RoleInfo (RoleInfo.java:updateAndGet(143)) - 4af9f0c0-4b30-4554-ac1d-7cbb9398fa07: start LeaderState
2019-09-25 04:07:08,572 [4af9f0c0-4b30-4554-ac1d-7cbb9398fa07@group-B81549802A8B:LeaderElection21] INFO  impl.RaftServerImpl (ServerState.java:setRaftConf(354)) - 4af9f0c0-4b30-4554-ac1d-7cbb9398fa07@group-B81549802A8B: set configuration 0: [4af9f0c0-4b30-4554-ac1d-7cbb9398fa07:192.168.5.161:35352], old=null at 0
2019-09-25 04:07:08,572 [4af9f0c0-4b30-4554-ac1d-7cbb9398fa07@group-38CEAC7A5FF0:LeaderElection22] INFO  segmented.SegmentedRaftLogWorker (SegmentedRaftLogWorker.java:startLogSegment(380)) - 4af9f0c0-4b30-4554-ac1d-7cbb9398fa07@group-38CEAC7A5FF0-SegmentedRaftLogWorker: Starting segment from index:0
2019-09-25 04:07:08,640 [4af9f0c0-4b30-4554-ac1d-7cbb9398fa07@group-B81549802A8B-SegmentedRaftLogWorker] INFO  segmented.SegmentedRaftLogWorker (SegmentedRaftLogWorker.java:execute(569)) - 4af9f0c0-4b30-4554-ac1d-7cbb9398fa07@group-B81549802A8B-SegmentedRaftLogWorker: created new log segment /workdir/hadoop-ozone/integration-test/target/test-dir/MiniOzoneClusterImpl-071aaae5-0202-4fb6-b4d6-510014b63779/datanode-3/data/ratis/2e55b12f-86ce-4ed0-a927-b81549802a8b/current/log_inprogress_0
2019-09-25 04:07:08,640 [4af9f0c0-4b30-4554-ac1d-7cbb9398fa07@group-38CEAC7A5FF0:LeaderElection22] INFO  impl.RaftServerImpl (ServerState.java:setRaftConf(354)) - 4af9f0c0-4b30-4554-ac1d-7cbb9398fa07@group-38CEAC7A5FF0: set configuration 0: [4af9f0c0-4b30-4554-ac1d-7cbb9398fa07:192.168.5.161:35352], old=null at 0
2019-09-25 04:07:08,642 [Thread-269] INFO  impl.FollowerState (FollowerState.java:run(106)) - 4af9f0c0-4b30-4554-ac1d-7cbb9398fa07:group-2DB568E9336E changes to CANDIDATE, lastRpcTime:5134, electionTimeout:5134ms
2019-09-25 04:07:08,642 [Thread-269] INFO  impl.RoleInfo (RoleInfo.java:shutdownFollowerState(121)) - 4af9f0c0-4b30-4554-ac1d-7cbb9398fa07: shutdown FollowerState
2019-09-25 04:07:08,642 [Thread-269] INFO  impl.RaftServerImpl (RaftServerImpl.java:setRole(174)) - 4af9f0c0-4b30-4554-ac1d-7cbb9398fa07@group-2DB568E9336E: changes role from  FOLLOWER to CANDIDATE at term 0 for changeToCandidate
2019-09-25 04:07:08,643 [Thread-269] INFO  impl.RoleInfo (RoleInfo.java:updateAndGet(143)) - 4af9f0c0-4b30-4554-ac1d-7cbb9398fa07: start LeaderElection
2019-09-25 04:07:08,653 [4af9f0c0-4b30-4554-ac1d-7cbb9398fa07@group-38CEAC7A5FF0-SegmentedRaftLogWorker] INFO  segmented.SegmentedRaftLogWorker (SegmentedRaftLogWorker.java:execute(569)) - 4af9f0c0-4b30-4554-ac1d-7cbb9398fa07@group-38CEAC7A5FF0-SegmentedRaftLogWorker: created new log segment /workdir/hadoop-ozone/integration-test/target/test-dir/MiniOzoneClusterImpl-071aaae5-0202-4fb6-b4d6-510014b63779/datanode-3/data/ratis/51c5d0c3-f1b0-4216-889c-38ceac7a5ff0/current/log_inprogress_0
2019-09-25 04:07:08,653 [4af9f0c0-4b30-4554-ac1d-7cbb9398fa07@group-ED3617ACE397:LeaderElection23] INFO  impl.LeaderElection (LeaderElection.java:askForVotes(182)) - 4af9f0c0-4b30-4554-ac1d-7cbb9398fa07@group-ED3617ACE397:LeaderElection23: begin an election at term 1 for -1: [4af9f0c0-4b30-4554-ac1d-7cbb9398fa07:192.168.5.161:35352], old=null
2019-09-25 04:07:08,653 [4af9f0c0-4b30-4554-ac1d-7cbb9398fa07@group-2DB568E9336E:LeaderElection24] INFO  impl.LeaderElection (LeaderElection.java:askForVotes(182)) - 4af9f0c0-4b30-4554-ac1d-7cbb9398fa07@group-2DB568E9336E:LeaderElection24: begin an election at term 1 for -1: [4af9f0c0-4b30-4554-ac1d-7cbb9398fa07:192.168.5.161:35352], old=null
2019-09-25 04:07:08,653 [4af9f0c0-4b30-4554-ac1d-7cbb9398fa07@group-ED3617ACE397:LeaderElection23] INFO  impl.RoleInfo (RoleInfo.java:shutdownLeaderElection(134)) - 4af9f0c0-4b30-4554-ac1d-7cbb9398fa07: shutdown LeaderElection
2019-09-25 04:07:08,653 [4af9f0c0-4b30-4554-ac1d-7cbb9398fa07@group-2DB568E9336E:LeaderElection24] INFO  impl.RoleInfo (RoleInfo.java:shutdownLeaderElection(134)) - 4af9f0c0-4b30-4554-ac1d-7cbb9398fa07: shutdown LeaderElection
2019-09-25 04:07:08,653 [4af9f0c0-4b30-4554-ac1d-7cbb9398fa07@group-ED3617ACE397:LeaderElection23] INFO  impl.RaftServerImpl (RaftServerImpl.java:setRole(174)) - 4af9f0c0-4b30-4554-ac1d-7cbb9398fa07@group-ED3617ACE397: changes role from CANDIDATE to LEADER at term 1 for changeToLeader
2019-09-25 04:07:08,653 [4af9f0c0-4b30-4554-ac1d-7cbb9398fa07@group-2DB568E9336E:LeaderElection24] INFO  impl.RaftServerImpl (RaftServerImpl.java:setRole(174)) - 4af9f0c0-4b30-4554-ac1d-7cbb9398fa07@group-2DB568E9336E: changes role from CANDIDATE to LEADER at term 1 for changeToLeader
2019-09-25 04:07:08,653 [4af9f0c0-4b30-4554-ac1d-7cbb9398fa07@group-ED3617ACE397:LeaderElection23] INFO  impl.RaftServerImpl (ServerState.java:setLeader(253)) - 4af9f0c0-4b30-4554-ac1d-7cbb9398fa07@group-ED3617ACE397: change Leader from null to 4af9f0c0-4b30-4554-ac1d-7cbb9398fa07 at term 1 for becomeLeader, leader elected after 5100ms
2019-09-25 04:07:08,653 [4af9f0c0-4b30-4554-ac1d-7cbb9398fa07@group-2DB568E9336E:LeaderElection24] INFO  impl.RaftServerImpl (ServerState.java:setLeader(253)) - 4af9f0c0-4b30-4554-ac1d-7cbb9398fa07@group-2DB568E9336E: change Leader from null to 4af9f0c0-4b30-4554-ac1d-7cbb9398fa07 at term 1 for becomeLeader, leader elected after 5151ms
2019-09-25 04:07:08,654 [4af9f0c0-4b30-4554-ac1d-7cbb9398fa07@group-ED3617ACE397:LeaderElection23] INFO  server.RaftServerConfigKeys (ConfUtils.java:logGet(43)) - raft.server.staging.catchup.gap = 1000 (default)
2019-09-25 04:07:08,654 [4af9f0c0-4b30-4554-ac1d-7cbb9398fa07@group-2DB568E9336E:LeaderElection24] INFO  server.RaftServerConfigKeys (ConfUtils.java:logGet(43)) - raft.server.staging.catchup.gap = 1000 (default)
2019-09-25 04:07:08,654 [4af9f0c0-4b30-4554-ac1d-7cbb9398fa07@group-ED3617ACE397:LeaderElection23] INFO  server.RaftServerConfigKeys (ConfUtils.java:logGet(43)) - raft.server.rpc.sleep.time = 25ms (default)
2019-09-25 04:07:08,654 [4af9f0c0-4b30-4554-ac1d-7cbb9398fa07@group-2DB568E9336E:LeaderElection24] INFO  server.RaftServerConfigKeys (ConfUtils.java:logGet(43)) - raft.server.rpc.sleep.time = 25ms (default)
2019-09-25 04:07:08,654 [4af9f0c0-4b30-4554-ac1d-7cbb9398fa07@group-ED3617ACE397:LeaderElection23] INFO  server.RaftServerConfigKeys (ConfUtils.java:logGet(43)) - raft.server.write.element-limit = 4096 (default)
2019-09-25 04:07:08,654 [4af9f0c0-4b30-4554-ac1d-7cbb9398fa07@group-2DB568E9336E:LeaderElection24] INFO  server.RaftServerConfigKeys (ConfUtils.java:logGet(43)) - raft.server.write.element-limit = 4096 (default)
2019-09-25 04:07:08,654 [4af9f0c0-4b30-4554-ac1d-7cbb9398fa07@group-ED3617ACE397:LeaderElection23] INFO  server.RaftServerConfigKeys (ConfUtils.java:logGet(43)) - raft.server.watch.timeout = 10s (default)
2019-09-25 04:07:08,654 [4af9f0c0-4b30-4554-ac1d-7cbb9398fa07@group-2DB568E9336E:LeaderElection24] INFO  server.RaftServerConfigKeys (ConfUtils.java:logGet(43)) - raft.server.watch.timeout = 10s (default)
2019-09-25 04:07:08,654 [4af9f0c0-4b30-4554-ac1d-7cbb9398fa07@group-ED3617ACE397:LeaderElection23] INFO  server.RaftServerConfigKeys (ConfUtils.java:logGet(43)) - raft.server.watch.timeout.denomination = 1s (default)
2019-09-25 04:07:08,655 [4af9f0c0-4b30-4554-ac1d-7cbb9398fa07@group-2DB568E9336E:LeaderElection24] INFO  server.RaftServerConfigKeys (ConfUtils.java:logGet(43)) - raft.server.watch.timeout.denomination = 1s (default)
2019-09-25 04:07:08,655 [4af9f0c0-4b30-4554-ac1d-7cbb9398fa07@group-ED3617ACE397:LeaderElection23] INFO  server.RaftServerConfigKeys (ConfUtils.java:logGet(43)) - raft.server.watch.element-limit = 65536 (default)
2019-09-25 04:07:08,655 [4af9f0c0-4b30-4554-ac1d-7cbb9398fa07@group-2DB568E9336E:LeaderElection24] INFO  server.RaftServerConfigKeys (ConfUtils.java:logGet(43)) - raft.server.watch.element-limit = 65536 (default)
2019-09-25 04:07:08,658 [4af9f0c0-4b30-4554-ac1d-7cbb9398fa07@group-ED3617ACE397:LeaderElection23] INFO  impl.RoleInfo (RoleInfo.java:updateAndGet(143)) - 4af9f0c0-4b30-4554-ac1d-7cbb9398fa07: start LeaderState
2019-09-25 04:07:08,658 [4af9f0c0-4b30-4554-ac1d-7cbb9398fa07@group-ED3617ACE397:LeaderElection23] INFO  segmented.SegmentedRaftLogWorker (SegmentedRaftLogWorker.java:startLogSegment(380)) - 4af9f0c0-4b30-4554-ac1d-7cbb9398fa07@group-ED3617ACE397-SegmentedRaftLogWorker: Starting segment from index:0
2019-09-25 04:07:08,658 [4af9f0c0-4b30-4554-ac1d-7cbb9398fa07@group-2DB568E9336E:LeaderElection24] INFO  impl.RoleInfo (RoleInfo.java:updateAndGet(143)) - 4af9f0c0-4b30-4554-ac1d-7cbb9398fa07: start LeaderState
2019-09-25 04:07:08,658 [4af9f0c0-4b30-4554-ac1d-7cbb9398fa07@group-2DB568E9336E:LeaderElection24] INFO  segmented.SegmentedRaftLogWorker (SegmentedRaftLogWorker.java:startLogSegment(380)) - 4af9f0c0-4b30-4554-ac1d-7cbb9398fa07@group-2DB568E9336E-SegmentedRaftLogWorker: Starting segment from index:0
2019-09-25 04:07:08,658 [4af9f0c0-4b30-4554-ac1d-7cbb9398fa07@group-ED3617ACE397:LeaderElection23] INFO  impl.RaftServerImpl (ServerState.java:setRaftConf(354)) - 4af9f0c0-4b30-4554-ac1d-7cbb9398fa07@group-ED3617ACE397: set configuration 0: [4af9f0c0-4b30-4554-ac1d-7cbb9398fa07:192.168.5.161:35352], old=null at 0
2019-09-25 04:07:08,687 [4af9f0c0-4b30-4554-ac1d-7cbb9398fa07@group-2DB568E9336E:LeaderElection24] INFO  impl.RaftServerImpl (ServerState.java:setRaftConf(354)) - 4af9f0c0-4b30-4554-ac1d-7cbb9398fa07@group-2DB568E9336E: set configuration 0: [4af9f0c0-4b30-4554-ac1d-7cbb9398fa07:192.168.5.161:35352], old=null at 0
2019-09-25 04:07:08,750 [main] INFO  ozoneimpl.OzoneContainer (OzoneContainer.java:stop(231)) - Attempting to stop container services.
2019-09-25 04:07:08,750 [ForkJoinPool.commonPool-worker-1] INFO  ozoneimpl.OzoneContainer (OzoneContainer.java:stop(231)) - Attempting to stop container services.
2019-09-25 04:07:08,750 [main] INFO  impl.RaftServerProxy (RaftServerProxy.java:lambda$close$4(314)) - 32f4ed37-bf41-4fef-a9ff-904b5f6d48f0: close
2019-09-25 04:07:08,750 [ForkJoinPool.commonPool-worker-1] INFO  impl.RaftServerProxy (RaftServerProxy.java:lambda$close$4(314)) - 8a92d001-8b3d-4d35-a434-4b4214762be5: close
2019-09-25 04:07:08,751 [main] INFO  impl.RaftServerImpl (RaftServerImpl.java:lambda$shutdown$3(251)) - 32f4ed37-bf41-4fef-a9ff-904b5f6d48f0@group-690018142AB0: shutdown
2019-09-25 04:07:08,751 [ForkJoinPool.commonPool-worker-1] INFO  impl.RaftServerImpl (RaftServerImpl.java:lambda$shutdown$3(251)) - 8a92d001-8b3d-4d35-a434-4b4214762be5@group-75F113B5AA30: shutdown
2019-09-25 04:07:08,751 [main] INFO  util.JmxRegister (JmxRegister.java:unregister(73)) - Successfully un-registered JMX Bean with object name Ratis:service=RaftServer,group=group-690018142AB0,id=32f4ed37-bf41-4fef-a9ff-904b5f6d48f0
2019-09-25 04:07:08,751 [ForkJoinPool.commonPool-worker-1] INFO  util.JmxRegister (JmxRegister.java:unregister(73)) - Successfully un-registered JMX Bean with object name Ratis:service=RaftServer,group=group-75F113B5AA30,id=8a92d001-8b3d-4d35-a434-4b4214762be5
2019-09-25 04:07:08,752 [main] INFO  impl.RoleInfo (RoleInfo.java:shutdownLeaderState(104)) - 32f4ed37-bf41-4fef-a9ff-904b5f6d48f0: shutdown LeaderState
2019-09-25 04:07:08,752 [ForkJoinPool.commonPool-worker-1] INFO  impl.RoleInfo (RoleInfo.java:shutdownLeaderState(104)) - 8a92d001-8b3d-4d35-a434-4b4214762be5: shutdown LeaderState
2019-09-25 04:07:08,752 [main] INFO  impl.PendingRequests (PendingRequests.java:sendNotLeaderResponses(202)) - 32f4ed37-bf41-4fef-a9ff-904b5f6d48f0-PendingRequests: sendNotLeaderResponses
2019-09-25 04:07:08,753 [ForkJoinPool.commonPool-worker-1] INFO  impl.PendingRequests (PendingRequests.java:sendNotLeaderResponses(202)) - 8a92d001-8b3d-4d35-a434-4b4214762be5-PendingRequests: sendNotLeaderResponses
2019-09-25 04:07:08,755 [main] INFO  impl.StateMachineUpdater (StateMachineUpdater.java:stopAndJoin(125)) - 32f4ed37-bf41-4fef-a9ff-904b5f6d48f0@group-690018142AB0-StateMachineUpdater: set stopIndex = 0
2019-09-25 04:07:08,755 [ForkJoinPool.commonPool-worker-1] INFO  impl.StateMachineUpdater (StateMachineUpdater.java:stopAndJoin(125)) - 8a92d001-8b3d-4d35-a434-4b4214762be5@group-75F113B5AA30-StateMachineUpdater: set stopIndex = 0
2019-09-25 04:07:08,757 [4af9f0c0-4b30-4554-ac1d-7cbb9398fa07@group-ED3617ACE397-SegmentedRaftLogWorker] INFO  segmented.SegmentedRaftLogWorker (SegmentedRaftLogWorker.java:execute(569)) - 4af9f0c0-4b30-4554-ac1d-7cbb9398fa07@group-ED3617ACE397-SegmentedRaftLogWorker: created new log segment /workdir/hadoop-ozone/integration-test/target/test-dir/MiniOzoneClusterImpl-071aaae5-0202-4fb6-b4d6-510014b63779/datanode-3/data/ratis/88d2e0b1-265d-467c-a8c0-ed3617ace397/current/log_inprogress_0
2019-09-25 04:07:08,757 [main] INFO  impl.RaftServerImpl (ServerState.java:close(385)) - 32f4ed37-bf41-4fef-a9ff-904b5f6d48f0@group-690018142AB0: closes. applyIndex: 0
2019-09-25 04:07:08,757 [ForkJoinPool.commonPool-worker-1] INFO  impl.RaftServerImpl (ServerState.java:close(385)) - 8a92d001-8b3d-4d35-a434-4b4214762be5@group-75F113B5AA30: closes. applyIndex: 0
2019-09-25 04:07:08,758 [32f4ed37-bf41-4fef-a9ff-904b5f6d48f0@group-690018142AB0-SegmentedRaftLogWorker] INFO  segmented.SegmentedRaftLogWorker (SegmentedRaftLogWorker.java:run(313)) - 32f4ed37-bf41-4fef-a9ff-904b5f6d48f0@group-690018142AB0-SegmentedRaftLogWorker was interrupted, exiting. There are 0 tasks remaining in the queue.
2019-09-25 04:07:08,758 [8a92d001-8b3d-4d35-a434-4b4214762be5@group-75F113B5AA30-SegmentedRaftLogWorker] INFO  segmented.SegmentedRaftLogWorker (SegmentedRaftLogWorker.java:run(313)) - 8a92d001-8b3d-4d35-a434-4b4214762be5@group-75F113B5AA30-SegmentedRaftLogWorker was interrupted, exiting. There are 0 tasks remaining in the queue.
2019-09-25 04:07:08,761 [main] INFO  segmented.SegmentedRaftLogWorker (SegmentedRaftLogWorker.java:close(228)) - 32f4ed37-bf41-4fef-a9ff-904b5f6d48f0@group-690018142AB0-SegmentedRaftLogWorker close()
2019-09-25 04:07:08,764 [main] INFO  impl.RaftServerImpl (RaftServerImpl.java:lambda$shutdown$3(251)) - 32f4ed37-bf41-4fef-a9ff-904b5f6d48f0@group-BFCE96D23786: shutdown
2019-09-25 04:07:08,764 [main] INFO  util.JmxRegister (JmxRegister.java:unregister(73)) - Successfully un-registered JMX Bean with object name Ratis:service=RaftServer,group=group-BFCE96D23786,id=32f4ed37-bf41-4fef-a9ff-904b5f6d48f0
2019-09-25 04:07:08,764 [main] INFO  impl.RoleInfo (RoleInfo.java:shutdownLeaderState(104)) - 32f4ed37-bf41-4fef-a9ff-904b5f6d48f0: shutdown LeaderState
2019-09-25 04:07:08,765 [main] INFO  impl.PendingRequests (PendingRequests.java:sendNotLeaderResponses(202)) - 32f4ed37-bf41-4fef-a9ff-904b5f6d48f0-PendingRequests: sendNotLeaderResponses
2019-09-25 04:07:08,765 [main] INFO  impl.StateMachineUpdater (StateMachineUpdater.java:stopAndJoin(125)) - 32f4ed37-bf41-4fef-a9ff-904b5f6d48f0@group-BFCE96D23786-StateMachineUpdater: set stopIndex = 0
2019-09-25 04:07:08,767 [main] INFO  impl.RaftServerImpl (ServerState.java:close(385)) - 32f4ed37-bf41-4fef-a9ff-904b5f6d48f0@group-BFCE96D23786: closes. applyIndex: 0
2019-09-25 04:07:08,767 [32f4ed37-bf41-4fef-a9ff-904b5f6d48f0@group-BFCE96D23786-SegmentedRaftLogWorker] INFO  segmented.SegmentedRaftLogWorker (SegmentedRaftLogWorker.java:run(313)) - 32f4ed37-bf41-4fef-a9ff-904b5f6d48f0@group-BFCE96D23786-SegmentedRaftLogWorker was interrupted, exiting. There are 0 tasks remaining in the queue.
2019-09-25 04:07:08,770 [main] INFO  segmented.SegmentedRaftLogWorker (SegmentedRaftLogWorker.java:close(228)) - 32f4ed37-bf41-4fef-a9ff-904b5f6d48f0@group-BFCE96D23786-SegmentedRaftLogWorker close()
2019-09-25 04:07:08,773 [main] INFO  impl.RaftServerImpl (RaftServerImpl.java:lambda$shutdown$3(251)) - 32f4ed37-bf41-4fef-a9ff-904b5f6d48f0@group-9EE13EB54FE3: shutdown
2019-09-25 04:07:08,773 [main] INFO  util.JmxRegister (JmxRegister.java:unregister(73)) - Successfully un-registered JMX Bean with object name Ratis:service=RaftServer,group=group-9EE13EB54FE3,id=32f4ed37-bf41-4fef-a9ff-904b5f6d48f0
2019-09-25 04:07:08,774 [main] INFO  impl.RoleInfo (RoleInfo.java:shutdownLeaderState(104)) - 32f4ed37-bf41-4fef-a9ff-904b5f6d48f0: shutdown LeaderState
2019-09-25 04:07:08,774 [main] INFO  impl.PendingRequests (PendingRequests.java:sendNotLeaderResponses(202)) - 32f4ed37-bf41-4fef-a9ff-904b5f6d48f0-PendingRequests: sendNotLeaderResponses
2019-09-25 04:07:08,774 [main] INFO  impl.StateMachineUpdater (StateMachineUpdater.java:stopAndJoin(125)) - 32f4ed37-bf41-4fef-a9ff-904b5f6d48f0@group-9EE13EB54FE3-StateMachineUpdater: set stopIndex = 0
2019-09-25 04:07:08,775 [main] INFO  impl.RaftServerImpl (ServerState.java:close(385)) - 32f4ed37-bf41-4fef-a9ff-904b5f6d48f0@group-9EE13EB54FE3: closes. applyIndex: 0
2019-09-25 04:07:08,775 [32f4ed37-bf41-4fef-a9ff-904b5f6d48f0@group-9EE13EB54FE3-SegmentedRaftLogWorker] INFO  segmented.SegmentedRaftLogWorker (SegmentedRaftLogWorker.java:run(313)) - 32f4ed37-bf41-4fef-a9ff-904b5f6d48f0@group-9EE13EB54FE3-SegmentedRaftLogWorker was interrupted, exiting. There are 0 tasks remaining in the queue.
2019-09-25 04:07:08,778 [main] INFO  segmented.SegmentedRaftLogWorker (SegmentedRaftLogWorker.java:close(228)) - 32f4ed37-bf41-4fef-a9ff-904b5f6d48f0@group-9EE13EB54FE3-SegmentedRaftLogWorker close()
2019-09-25 04:07:08,780 [Thread-275] INFO  impl.FollowerState (FollowerState.java:run(106)) - 4af9f0c0-4b30-4554-ac1d-7cbb9398fa07:group-4D029925DBAD changes to CANDIDATE, lastRpcTime:5139, electionTimeout:5139ms
2019-09-25 04:07:08,781 [main] INFO  impl.RaftServerImpl (RaftServerImpl.java:lambda$shutdown$3(251)) - 32f4ed37-bf41-4fef-a9ff-904b5f6d48f0@group-152F1203AFCB: shutdown
2019-09-25 04:07:08,781 [Thread-275] INFO  impl.RoleInfo (RoleInfo.java:shutdownFollowerState(121)) - 4af9f0c0-4b30-4554-ac1d-7cbb9398fa07: shutdown FollowerState
2019-09-25 04:07:08,781 [main] INFO  util.JmxRegister (JmxRegister.java:unregister(73)) - Successfully un-registered JMX Bean with object name Ratis:service=RaftServer,group=group-152F1203AFCB,id=32f4ed37-bf41-4fef-a9ff-904b5f6d48f0
2019-09-25 04:07:08,781 [Thread-275] INFO  impl.RaftServerImpl (RaftServerImpl.java:setRole(174)) - 4af9f0c0-4b30-4554-ac1d-7cbb9398fa07@group-4D029925DBAD: changes role from  FOLLOWER to CANDIDATE at term 0 for changeToCandidate
2019-09-25 04:07:08,781 [main] INFO  impl.RoleInfo (RoleInfo.java:shutdownLeaderState(104)) - 32f4ed37-bf41-4fef-a9ff-904b5f6d48f0: shutdown LeaderState
2019-09-25 04:07:08,782 [Thread-275] INFO  impl.RoleInfo (RoleInfo.java:updateAndGet(143)) - 4af9f0c0-4b30-4554-ac1d-7cbb9398fa07: start LeaderElection
2019-09-25 04:07:08,782 [main] INFO  impl.PendingRequests (PendingRequests.java:sendNotLeaderResponses(202)) - 32f4ed37-bf41-4fef-a9ff-904b5f6d48f0-PendingRequests: sendNotLeaderResponses
2019-09-25 04:07:08,783 [main] INFO  impl.StateMachineUpdater (StateMachineUpdater.java:stopAndJoin(125)) - 32f4ed37-bf41-4fef-a9ff-904b5f6d48f0@group-152F1203AFCB-StateMachineUpdater: set stopIndex = 0
2019-09-25 04:07:08,784 [main] INFO  impl.RaftServerImpl (ServerState.java:close(385)) - 32f4ed37-bf41-4fef-a9ff-904b5f6d48f0@group-152F1203AFCB: closes. applyIndex: 0
2019-09-25 04:07:08,784 [32f4ed37-bf41-4fef-a9ff-904b5f6d48f0@group-152F1203AFCB-SegmentedRaftLogWorker] INFO  segmented.SegmentedRaftLogWorker (SegmentedRaftLogWorker.java:run(313)) - 32f4ed37-bf41-4fef-a9ff-904b5f6d48f0@group-152F1203AFCB-SegmentedRaftLogWorker was interrupted, exiting. There are 0 tasks remaining in the queue.
2019-09-25 04:07:08,787 [main] INFO  segmented.SegmentedRaftLogWorker (SegmentedRaftLogWorker.java:close(228)) - 32f4ed37-bf41-4fef-a9ff-904b5f6d48f0@group-152F1203AFCB-SegmentedRaftLogWorker close()
2019-09-25 04:07:08,789 [main] INFO  impl.RaftServerImpl (RaftServerImpl.java:lambda$shutdown$3(251)) - 32f4ed37-bf41-4fef-a9ff-904b5f6d48f0@group-2FA93CCDA56C: shutdown
2019-09-25 04:07:08,790 [main] INFO  util.JmxRegister (JmxRegister.java:unregister(73)) - Successfully un-registered JMX Bean with object name Ratis:service=RaftServer,group=group-2FA93CCDA56C,id=32f4ed37-bf41-4fef-a9ff-904b5f6d48f0
2019-09-25 04:07:08,790 [main] INFO  impl.RoleInfo (RoleInfo.java:shutdownLeaderState(104)) - 32f4ed37-bf41-4fef-a9ff-904b5f6d48f0: shutdown LeaderState
2019-09-25 04:07:08,790 [main] INFO  impl.PendingRequests (PendingRequests.java:sendNotLeaderResponses(202)) - 32f4ed37-bf41-4fef-a9ff-904b5f6d48f0-PendingRequests: sendNotLeaderResponses
2019-09-25 04:07:08,791 [main] INFO  impl.StateMachineUpdater (StateMachineUpdater.java:stopAndJoin(125)) - 32f4ed37-bf41-4fef-a9ff-904b5f6d48f0@group-2FA93CCDA56C-StateMachineUpdater: set stopIndex = 0
2019-09-25 04:07:08,791 [main] INFO  impl.RaftServerImpl (ServerState.java:close(385)) - 32f4ed37-bf41-4fef-a9ff-904b5f6d48f0@group-2FA93CCDA56C: closes. applyIndex: 0
2019-09-25 04:07:08,791 [32f4ed37-bf41-4fef-a9ff-904b5f6d48f0@group-2FA93CCDA56C-SegmentedRaftLogWorker] INFO  segmented.SegmentedRaftLogWorker (SegmentedRaftLogWorker.java:run(313)) - 32f4ed37-bf41-4fef-a9ff-904b5f6d48f0@group-2FA93CCDA56C-SegmentedRaftLogWorker was interrupted, exiting. There are 0 tasks remaining in the queue.
2019-09-25 04:07:08,793 [main] INFO  segmented.SegmentedRaftLogWorker (SegmentedRaftLogWorker.java:close(228)) - 32f4ed37-bf41-4fef-a9ff-904b5f6d48f0@group-2FA93CCDA56C-SegmentedRaftLogWorker close()
2019-09-25 04:07:08,796 [main] INFO  impl.RaftServerImpl (RaftServerImpl.java:lambda$shutdown$3(251)) - 32f4ed37-bf41-4fef-a9ff-904b5f6d48f0@group-BE1C376BE843: shutdown
2019-09-25 04:07:08,796 [main] INFO  util.JmxRegister (JmxRegister.java:unregister(73)) - Successfully un-registered JMX Bean with object name Ratis:service=RaftServer,group=group-BE1C376BE843,id=32f4ed37-bf41-4fef-a9ff-904b5f6d48f0
2019-09-25 04:07:08,797 [main] INFO  impl.RoleInfo (RoleInfo.java:shutdownLeaderState(104)) - 32f4ed37-bf41-4fef-a9ff-904b5f6d48f0: shutdown LeaderState
2019-09-25 04:07:08,797 [main] INFO  impl.PendingRequests (PendingRequests.java:sendNotLeaderResponses(202)) - 32f4ed37-bf41-4fef-a9ff-904b5f6d48f0-PendingRequests: sendNotLeaderResponses
2019-09-25 04:07:08,797 [main] INFO  impl.StateMachineUpdater (StateMachineUpdater.java:stopAndJoin(125)) - 32f4ed37-bf41-4fef-a9ff-904b5f6d48f0@group-BE1C376BE843-StateMachineUpdater: set stopIndex = 0
2019-09-25 04:07:08,799 [main] INFO  impl.RaftServerImpl (ServerState.java:close(385)) - 32f4ed37-bf41-4fef-a9ff-904b5f6d48f0@group-BE1C376BE843: closes. applyIndex: 0
2019-09-25 04:07:08,799 [32f4ed37-bf41-4fef-a9ff-904b5f6d48f0@group-BE1C376BE843-SegmentedRaftLogWorker] INFO  segmented.SegmentedRaftLogWorker (SegmentedRaftLogWorker.java:run(313)) - 32f4ed37-bf41-4fef-a9ff-904b5f6d48f0@group-BE1C376BE843-SegmentedRaftLogWorker was interrupted, exiting. There are 0 tasks remaining in the queue.
2019-09-25 04:07:08,802 [main] INFO  segmented.SegmentedRaftLogWorker (SegmentedRaftLogWorker.java:close(228)) - 32f4ed37-bf41-4fef-a9ff-904b5f6d48f0@group-BE1C376BE843-SegmentedRaftLogWorker close()
2019-09-25 04:07:08,805 [main] INFO  server.GrpcService (GrpcService.java:closeImpl(164)) - 32f4ed37-bf41-4fef-a9ff-904b5f6d48f0: shutdown server with port 33839 now
2019-09-25 04:07:08,806 [main] INFO  server.GrpcService (GrpcService.java:closeImpl(172)) - 32f4ed37-bf41-4fef-a9ff-904b5f6d48f0: shutdown server with port 33839 successfully
2019-09-25 04:07:09,274 [ForkJoinPool.commonPool-worker-1] INFO  segmented.SegmentedRaftLogWorker (SegmentedRaftLogWorker.java:close(228)) - 8a92d001-8b3d-4d35-a434-4b4214762be5@group-75F113B5AA30-SegmentedRaftLogWorker close()
2019-09-25 04:07:09,274 [refreshUsed-/workdir/hadoop-ozone/integration-test/target/test-dir/MiniOzoneClusterImpl-071aaae5-0202-4fb6-b4d6-510014b63779/datanode-2/data/containers] WARN  fs.CachingGetSpaceUsed (CachingGetSpaceUsed.java:run(183)) - Thread Interrupted waiting to refresh disk information: sleep interrupted
2019-09-25 04:07:09,274 [4af9f0c0-4b30-4554-ac1d-7cbb9398fa07@group-2DB568E9336E-SegmentedRaftLogWorker] INFO  segmented.SegmentedRaftLogWorker (SegmentedRaftLogWorker.java:execute(569)) - 4af9f0c0-4b30-4554-ac1d-7cbb9398fa07@group-2DB568E9336E-SegmentedRaftLogWorker: created new log segment /workdir/hadoop-ozone/integration-test/target/test-dir/MiniOzoneClusterImpl-071aaae5-0202-4fb6-b4d6-510014b63779/datanode-3/data/ratis/ed2f5db3-e7b7-411c-92e8-2db568e9336e/current/log_inprogress_0
2019-09-25 04:07:09,277 [ForkJoinPool.commonPool-worker-1] INFO  impl.RaftServerImpl (RaftServerImpl.java:lambda$shutdown$3(251)) - 8a92d001-8b3d-4d35-a434-4b4214762be5@group-274E22FFDF78: shutdown
2019-09-25 04:07:09,278 [ForkJoinPool.commonPool-worker-1] INFO  util.JmxRegister (JmxRegister.java:unregister(73)) - Successfully un-registered JMX Bean with object name Ratis:service=RaftServer,group=group-274E22FFDF78,id=8a92d001-8b3d-4d35-a434-4b4214762be5
2019-09-25 04:07:09,278 [ForkJoinPool.commonPool-worker-1] INFO  impl.RoleInfo (RoleInfo.java:shutdownLeaderState(104)) - 8a92d001-8b3d-4d35-a434-4b4214762be5: shutdown LeaderState
2019-09-25 04:07:09,278 [ForkJoinPool.commonPool-worker-1] INFO  impl.PendingRequests (PendingRequests.java:sendNotLeaderResponses(202)) - 8a92d001-8b3d-4d35-a434-4b4214762be5-PendingRequests: sendNotLeaderResponses
2019-09-25 04:07:09,279 [ForkJoinPool.commonPool-worker-1] INFO  impl.StateMachineUpdater (StateMachineUpdater.java:stopAndJoin(125)) - 8a92d001-8b3d-4d35-a434-4b4214762be5@group-274E22FFDF78-StateMachineUpdater: set stopIndex = 0
2019-09-25 04:07:09,279 [ForkJoinPool.commonPool-worker-1] INFO  impl.RaftServerImpl (ServerState.java:close(385)) - 8a92d001-8b3d-4d35-a434-4b4214762be5@group-274E22FFDF78: closes. applyIndex: 0
2019-09-25 04:07:09,280 [8a92d001-8b3d-4d35-a434-4b4214762be5@group-274E22FFDF78-SegmentedRaftLogWorker] INFO  segmented.SegmentedRaftLogWorker (SegmentedRaftLogWorker.java:run(313)) - 8a92d001-8b3d-4d35-a434-4b4214762be5@group-274E22FFDF78-SegmentedRaftLogWorker was interrupted, exiting. There are 0 tasks remaining in the queue.
2019-09-25 04:07:09,282 [ForkJoinPool.commonPool-worker-1] INFO  segmented.SegmentedRaftLogWorker (SegmentedRaftLogWorker.java:close(228)) - 8a92d001-8b3d-4d35-a434-4b4214762be5@group-274E22FFDF78-SegmentedRaftLogWorker close()
2019-09-25 04:07:09,285 [ForkJoinPool.commonPool-worker-1] INFO  impl.RaftServerImpl (RaftServerImpl.java:lambda$shutdown$3(251)) - 8a92d001-8b3d-4d35-a434-4b4214762be5@group-B66463D8DB76: shutdown
2019-09-25 04:07:09,285 [ForkJoinPool.commonPool-worker-1] INFO  util.JmxRegister (JmxRegister.java:unregister(73)) - Successfully un-registered JMX Bean with object name Ratis:service=RaftServer,group=group-B66463D8DB76,id=8a92d001-8b3d-4d35-a434-4b4214762be5
2019-09-25 04:07:09,286 [ForkJoinPool.commonPool-worker-1] INFO  impl.RoleInfo (RoleInfo.java:shutdownLeaderState(104)) - 8a92d001-8b3d-4d35-a434-4b4214762be5: shutdown LeaderState
2019-09-25 04:07:09,286 [ForkJoinPool.commonPool-worker-1] INFO  impl.PendingRequests (PendingRequests.java:sendNotLeaderResponses(202)) - 8a92d001-8b3d-4d35-a434-4b4214762be5-PendingRequests: sendNotLeaderResponses
2019-09-25 04:07:09,286 [ForkJoinPool.commonPool-worker-1] INFO  impl.StateMachineUpdater (StateMachineUpdater.java:stopAndJoin(125)) - 8a92d001-8b3d-4d35-a434-4b4214762be5@group-B66463D8DB76-StateMachineUpdater: set stopIndex = 0
2019-09-25 04:07:09,286 [4af9f0c0-4b30-4554-ac1d-7cbb9398fa07@group-4D029925DBAD:LeaderElection25] INFO  impl.LeaderElection (LeaderElection.java:askForVotes(182)) - 4af9f0c0-4b30-4554-ac1d-7cbb9398fa07@group-4D029925DBAD:LeaderElection25: begin an election at term 1 for -1: [4af9f0c0-4b30-4554-ac1d-7cbb9398fa07:192.168.5.161:35352], old=null
2019-09-25 04:07:09,288 [ForkJoinPool.commonPool-worker-1] INFO  impl.RaftServerImpl (ServerState.java:close(385)) - 8a92d001-8b3d-4d35-a434-4b4214762be5@group-B66463D8DB76: closes. applyIndex: 0
2019-09-25 04:07:09,288 [4af9f0c0-4b30-4554-ac1d-7cbb9398fa07@group-4D029925DBAD:LeaderElection25] INFO  impl.RoleInfo (RoleInfo.java:shutdownLeaderElection(134)) - 4af9f0c0-4b30-4554-ac1d-7cbb9398fa07: shutdown LeaderElection
2019-09-25 04:07:09,288 [8a92d001-8b3d-4d35-a434-4b4214762be5@group-B66463D8DB76-SegmentedRaftLogWorker] INFO  segmented.SegmentedRaftLogWorker (SegmentedRaftLogWorker.java:run(313)) - 8a92d001-8b3d-4d35-a434-4b4214762be5@group-B66463D8DB76-SegmentedRaftLogWorker was interrupted, exiting. There are 0 tasks remaining in the queue.
2019-09-25 04:07:09,288 [4af9f0c0-4b30-4554-ac1d-7cbb9398fa07@group-4D029925DBAD:LeaderElection25] INFO  impl.RaftServerImpl (RaftServerImpl.java:setRole(174)) - 4af9f0c0-4b30-4554-ac1d-7cbb9398fa07@group-4D029925DBAD: changes role from CANDIDATE to LEADER at term 1 for changeToLeader
2019-09-25 04:07:09,290 [4af9f0c0-4b30-4554-ac1d-7cbb9398fa07@group-4D029925DBAD:LeaderElection25] INFO  impl.RaftServerImpl (ServerState.java:setLeader(253)) - 4af9f0c0-4b30-4554-ac1d-7cbb9398fa07@group-4D029925DBAD: change Leader from null to 4af9f0c0-4b30-4554-ac1d-7cbb9398fa07 at term 1 for becomeLeader, leader elected after 5656ms
2019-09-25 04:07:09,291 [ForkJoinPool.commonPool-worker-1] INFO  segmented.SegmentedRaftLogWorker (SegmentedRaftLogWorker.java:close(228)) - 8a92d001-8b3d-4d35-a434-4b4214762be5@group-B66463D8DB76-SegmentedRaftLogWorker close()
2019-09-25 04:07:09,291 [4af9f0c0-4b30-4554-ac1d-7cbb9398fa07@group-4D029925DBAD:LeaderElection25] INFO  server.RaftServerConfigKeys (ConfUtils.java:logGet(43)) - raft.server.staging.catchup.gap = 1000 (default)
2019-09-25 04:07:09,298 [ForkJoinPool.commonPool-worker-1] INFO  impl.RaftServerImpl (RaftServerImpl.java:lambda$shutdown$3(251)) - 8a92d001-8b3d-4d35-a434-4b4214762be5@group-C731C943AC53: shutdown
2019-09-25 04:07:09,302 [4af9f0c0-4b30-4554-ac1d-7cbb9398fa07@group-4D029925DBAD:LeaderElection25] INFO  server.RaftServerConfigKeys (ConfUtils.java:logGet(43)) - raft.server.rpc.sleep.time = 25ms (default)
2019-09-25 04:07:09,303 [ForkJoinPool.commonPool-worker-1] INFO  util.JmxRegister (JmxRegister.java:unregister(73)) - Successfully un-registered JMX Bean with object name Ratis:service=RaftServer,group=group-C731C943AC53,id=8a92d001-8b3d-4d35-a434-4b4214762be5
2019-09-25 04:07:09,303 [4af9f0c0-4b30-4554-ac1d-7cbb9398fa07@group-4D029925DBAD:LeaderElection25] INFO  server.RaftServerConfigKeys (ConfUtils.java:logGet(43)) - raft.server.write.element-limit = 4096 (default)
2019-09-25 04:07:09,303 [ForkJoinPool.commonPool-worker-1] INFO  impl.RoleInfo (RoleInfo.java:shutdownLeaderState(104)) - 8a92d001-8b3d-4d35-a434-4b4214762be5: shutdown LeaderState
2019-09-25 04:07:09,304 [4af9f0c0-4b30-4554-ac1d-7cbb9398fa07@group-4D029925DBAD:LeaderElection25] INFO  server.RaftServerConfigKeys (ConfUtils.java:logGet(43)) - raft.server.watch.timeout = 10s (default)
2019-09-25 04:07:09,304 [ForkJoinPool.commonPool-worker-1] INFO  impl.PendingRequests (PendingRequests.java:sendNotLeaderResponses(202)) - 8a92d001-8b3d-4d35-a434-4b4214762be5-PendingRequests: sendNotLeaderResponses
2019-09-25 04:07:09,304 [4af9f0c0-4b30-4554-ac1d-7cbb9398fa07@group-4D029925DBAD:LeaderElection25] INFO  server.RaftServerConfigKeys (ConfUtils.java:logGet(43)) - raft.server.watch.timeout.denomination = 1s (default)
2019-09-25 04:07:09,304 [ForkJoinPool.commonPool-worker-1] INFO  impl.StateMachineUpdater (StateMachineUpdater.java:stopAndJoin(125)) - 8a92d001-8b3d-4d35-a434-4b4214762be5@group-C731C943AC53-StateMachineUpdater: set stopIndex = 0
2019-09-25 04:07:09,305 [4af9f0c0-4b30-4554-ac1d-7cbb9398fa07@group-4D029925DBAD:LeaderElection25] INFO  server.RaftServerConfigKeys (ConfUtils.java:logGet(43)) - raft.server.watch.element-limit = 65536 (default)
2019-09-25 04:07:09,306 [ForkJoinPool.commonPool-worker-1] INFO  impl.RaftServerImpl (ServerState.java:close(385)) - 8a92d001-8b3d-4d35-a434-4b4214762be5@group-C731C943AC53: closes. applyIndex: 0
2019-09-25 04:07:09,306 [8a92d001-8b3d-4d35-a434-4b4214762be5@group-C731C943AC53-SegmentedRaftLogWorker] INFO  segmented.SegmentedRaftLogWorker (SegmentedRaftLogWorker.java:run(313)) - 8a92d001-8b3d-4d35-a434-4b4214762be5@group-C731C943AC53-SegmentedRaftLogWorker was interrupted, exiting. There are 0 tasks remaining in the queue.
2019-09-25 04:07:09,307 [ForkJoinPool.commonPool-worker-1] INFO  segmented.SegmentedRaftLogWorker (SegmentedRaftLogWorker.java:close(228)) - 8a92d001-8b3d-4d35-a434-4b4214762be5@group-C731C943AC53-SegmentedRaftLogWorker close()
2019-09-25 04:07:09,308 [ForkJoinPool.commonPool-worker-1] INFO  impl.RaftServerImpl (RaftServerImpl.java:lambda$shutdown$3(251)) - 8a92d001-8b3d-4d35-a434-4b4214762be5@group-EDC5294486A7: shutdown
2019-09-25 04:07:09,308 [ForkJoinPool.commonPool-worker-1] INFO  util.JmxRegister (JmxRegister.java:unregister(73)) - Successfully un-registered JMX Bean with object name Ratis:service=RaftServer,group=group-EDC5294486A7,id=8a92d001-8b3d-4d35-a434-4b4214762be5
2019-09-25 04:07:09,309 [ForkJoinPool.commonPool-worker-1] INFO  impl.RoleInfo (RoleInfo.java:shutdownLeaderState(104)) - 8a92d001-8b3d-4d35-a434-4b4214762be5: shutdown LeaderState
2019-09-25 04:07:09,309 [ForkJoinPool.commonPool-worker-1] INFO  impl.PendingRequests (PendingRequests.java:sendNotLeaderResponses(202)) - 8a92d001-8b3d-4d35-a434-4b4214762be5-PendingRequests: sendNotLeaderResponses
2019-09-25 04:07:09,309 [ForkJoinPool.commonPool-worker-1] INFO  impl.StateMachineUpdater (StateMachineUpdater.java:stopAndJoin(125)) - 8a92d001-8b3d-4d35-a434-4b4214762be5@group-EDC5294486A7-StateMachineUpdater: set stopIndex = 0
2019-09-25 04:07:09,310 [ForkJoinPool.commonPool-worker-1] INFO  impl.RaftServerImpl (ServerState.java:close(385)) - 8a92d001-8b3d-4d35-a434-4b4214762be5@group-EDC5294486A7: closes. applyIndex: 0
2019-09-25 04:07:09,310 [8a92d001-8b3d-4d35-a434-4b4214762be5@group-EDC5294486A7-SegmentedRaftLogWorker] INFO  segmented.SegmentedRaftLogWorker (SegmentedRaftLogWorker.java:run(313)) - 8a92d001-8b3d-4d35-a434-4b4214762be5@group-EDC5294486A7-SegmentedRaftLogWorker was interrupted, exiting. There are 0 tasks remaining in the queue.
2019-09-25 04:07:09,310 [ForkJoinPool.commonPool-worker-1] INFO  segmented.SegmentedRaftLogWorker (SegmentedRaftLogWorker.java:close(228)) - 8a92d001-8b3d-4d35-a434-4b4214762be5@group-EDC5294486A7-SegmentedRaftLogWorker close()
2019-09-25 04:07:09,312 [ForkJoinPool.commonPool-worker-1] INFO  impl.RaftServerImpl (RaftServerImpl.java:lambda$shutdown$3(251)) - 8a92d001-8b3d-4d35-a434-4b4214762be5@group-9AC06EF8BCBB: shutdown
2019-09-25 04:07:09,312 [4af9f0c0-4b30-4554-ac1d-7cbb9398fa07@group-4D029925DBAD:LeaderElection25] INFO  impl.RoleInfo (RoleInfo.java:updateAndGet(143)) - 4af9f0c0-4b30-4554-ac1d-7cbb9398fa07: start LeaderState
2019-09-25 04:07:09,312 [ForkJoinPool.commonPool-worker-1] INFO  util.JmxRegister (JmxRegister.java:unregister(73)) - Successfully un-registered JMX Bean with object name Ratis:service=RaftServer,group=group-9AC06EF8BCBB,id=8a92d001-8b3d-4d35-a434-4b4214762be5
2019-09-25 04:07:09,312 [4af9f0c0-4b30-4554-ac1d-7cbb9398fa07@group-4D029925DBAD:LeaderElection25] INFO  segmented.SegmentedRaftLogWorker (SegmentedRaftLogWorker.java:startLogSegment(380)) - 4af9f0c0-4b30-4554-ac1d-7cbb9398fa07@group-4D029925DBAD-SegmentedRaftLogWorker: Starting segment from index:0
2019-09-25 04:07:09,312 [ForkJoinPool.commonPool-worker-1] INFO  impl.RoleInfo (RoleInfo.java:shutdownLeaderState(104)) - 8a92d001-8b3d-4d35-a434-4b4214762be5: shutdown LeaderState
2019-09-25 04:07:09,313 [ForkJoinPool.commonPool-worker-1] INFO  impl.PendingRequests (PendingRequests.java:sendNotLeaderResponses(202)) - 8a92d001-8b3d-4d35-a434-4b4214762be5-PendingRequests: sendNotLeaderResponses
2019-09-25 04:07:09,313 [4af9f0c0-4b30-4554-ac1d-7cbb9398fa07@group-4D029925DBAD:LeaderElection25] INFO  impl.RaftServerImpl (ServerState.java:setRaftConf(354)) - 4af9f0c0-4b30-4554-ac1d-7cbb9398fa07@group-4D029925DBAD: set configuration 0: [4af9f0c0-4b30-4554-ac1d-7cbb9398fa07:192.168.5.161:35352], old=null at 0
2019-09-25 04:07:09,313 [ForkJoinPool.commonPool-worker-1] INFO  impl.StateMachineUpdater (StateMachineUpdater.java:stopAndJoin(125)) - 8a92d001-8b3d-4d35-a434-4b4214762be5@group-9AC06EF8BCBB-StateMachineUpdater: set stopIndex = 0
2019-09-25 04:07:09,350 [ForkJoinPool.commonPool-worker-1] INFO  impl.RaftServerImpl (ServerState.java:close(385)) - 8a92d001-8b3d-4d35-a434-4b4214762be5@group-9AC06EF8BCBB: closes. applyIndex: 0
2019-09-25 04:07:09,350 [4af9f0c0-4b30-4554-ac1d-7cbb9398fa07@group-4D029925DBAD-SegmentedRaftLogWorker] INFO  segmented.SegmentedRaftLogWorker (SegmentedRaftLogWorker.java:execute(569)) - 4af9f0c0-4b30-4554-ac1d-7cbb9398fa07@group-4D029925DBAD-SegmentedRaftLogWorker: created new log segment /workdir/hadoop-ozone/integration-test/target/test-dir/MiniOzoneClusterImpl-071aaae5-0202-4fb6-b4d6-510014b63779/datanode-3/data/ratis/0bc0f289-3e83-4d3d-b757-4d029925dbad/current/log_inprogress_0
2019-09-25 04:07:09,351 [8a92d001-8b3d-4d35-a434-4b4214762be5@group-9AC06EF8BCBB-SegmentedRaftLogWorker] INFO  segmented.SegmentedRaftLogWorker (SegmentedRaftLogWorker.java:run(313)) - 8a92d001-8b3d-4d35-a434-4b4214762be5@group-9AC06EF8BCBB-SegmentedRaftLogWorker was interrupted, exiting. There are 0 tasks remaining in the queue.
2019-09-25 04:07:09,351 [ForkJoinPool.commonPool-worker-1] INFO  segmented.SegmentedRaftLogWorker (SegmentedRaftLogWorker.java:close(228)) - 8a92d001-8b3d-4d35-a434-4b4214762be5@group-9AC06EF8BCBB-SegmentedRaftLogWorker close()
2019-09-25 04:07:09,353 [ForkJoinPool.commonPool-worker-1] INFO  server.GrpcService (GrpcService.java:closeImpl(164)) - 8a92d001-8b3d-4d35-a434-4b4214762be5: shutdown server with port 36790 now
2019-09-25 04:07:09,354 [ForkJoinPool.commonPool-worker-1] INFO  server.GrpcService (GrpcService.java:closeImpl(172)) - 8a92d001-8b3d-4d35-a434-4b4214762be5: shutdown server with port 36790 successfully
2019-09-25 04:07:09,356 [refreshUsed-/workdir/hadoop-ozone/integration-test/target/test-dir/MiniOzoneClusterImpl-071aaae5-0202-4fb6-b4d6-510014b63779/datanode-1/data/containers] WARN  fs.CachingGetSpaceUsed (CachingGetSpaceUsed.java:run(183)) - Thread Interrupted waiting to refresh disk information: sleep interrupted
2019-09-25 04:07:09,363 [main] INFO  utils.BackgroundService (BackgroundService.java:shutdown(148)) - Shutting down service BlockDeletingService
2019-09-25 04:07:09,366 [main] INFO  statemachine.DatanodeStateMachine (DatanodeStateMachine.java:stopDaemon(395)) - Ozone container server stopped.
2019-09-25 04:07:09,367 [main] INFO  handler.ContextHandler (ContextHandler.java:doStop(910)) - Stopped o.e.j.w.WebAppContext@57cb70be{/,null,UNAVAILABLE}{/hddsDatanode}
2019-09-25 04:07:09,368 [main] INFO  server.AbstractConnector (AbstractConnector.java:doStop(318)) - Stopped ServerConnector@2d4608a6{HTTP/1.1,[http/1.1]}{0.0.0.0:0}
2019-09-25 04:07:09,369 [main] INFO  handler.ContextHandler (ContextHandler.java:doStop(910)) - Stopped o.e.j.s.ServletContextHandler@65f651eb{/static,jar:file:/home/user/.m2/repository/org/apache/hadoop/hadoop-hdds-container-service/0.5.0-SNAPSHOT/hadoop-hdds-container-service-0.5.0-SNAPSHOT.jar!/webapps/static,UNAVAILABLE}
2019-09-25 04:07:09,369 [main] INFO  handler.ContextHandler (ContextHandler.java:doStop(910)) - Stopped o.e.j.s.ServletContextHandler@5ed4bc{/logs,file:///workdir/hadoop-ozone/integration-test/target/log,UNAVAILABLE}
2019-09-25 04:07:09,386 [ForkJoinPool.commonPool-worker-1] INFO  utils.BackgroundService (BackgroundService.java:shutdown(148)) - Shutting down service BlockDeletingService
2019-09-25 04:07:09,388 [ForkJoinPool.commonPool-worker-1] INFO  statemachine.DatanodeStateMachine (DatanodeStateMachine.java:stopDaemon(395)) - Ozone container server stopped.
2019-09-25 04:07:09,391 [ForkJoinPool.commonPool-worker-1] INFO  handler.ContextHandler (ContextHandler.java:doStop(910)) - Stopped o.e.j.w.WebAppContext@71c17a57{/,null,UNAVAILABLE}{/hddsDatanode}
2019-09-25 04:07:09,392 [ForkJoinPool.commonPool-worker-1] INFO  server.AbstractConnector (AbstractConnector.java:doStop(318)) - Stopped ServerConnector@640ab13c{HTTP/1.1,[http/1.1]}{0.0.0.0:0}
2019-09-25 04:07:09,393 [ForkJoinPool.commonPool-worker-1] INFO  handler.ContextHandler (ContextHandler.java:doStop(910)) - Stopped o.e.j.s.ServletContextHandler@f88bfbe{/static,jar:file:/home/user/.m2/repository/org/apache/hadoop/hadoop-hdds-container-service/0.5.0-SNAPSHOT/hadoop-hdds-container-service-0.5.0-SNAPSHOT.jar!/webapps/static,UNAVAILABLE}
2019-09-25 04:07:09,394 [ForkJoinPool.commonPool-worker-1] INFO  handler.ContextHandler (ContextHandler.java:doStop(910)) - Stopped o.e.j.s.ServletContextHandler@3af7d855{/logs,file:///workdir/hadoop-ozone/integration-test/target/log,UNAVAILABLE}
2019-09-25 04:07:09,609 [Datanode State Machine Thread - 0] INFO  statemachine.DatanodeStateMachine (DatanodeStateMachine.java:lambda$startDaemon$0(350)) - Ozone container server started.
2019-09-25 04:07:09,610 [Datanode State Machine Thread - 0] INFO  statemachine.DatanodeStateMachine (DatanodeStateMachine.java:lambda$startDaemon$0(350)) - Ozone container server started.
2019-09-25 04:07:14,371 [main] INFO  ozoneimpl.OzoneContainer (OzoneContainer.java:stop(231)) - Attempting to stop container services.
2019-09-25 04:07:14,372 [main] INFO  impl.RaftServerProxy (RaftServerProxy.java:lambda$close$4(314)) - 4af9f0c0-4b30-4554-ac1d-7cbb9398fa07: close
2019-09-25 04:07:14,372 [main] INFO  impl.RaftServerImpl (RaftServerImpl.java:lambda$shutdown$3(251)) - 4af9f0c0-4b30-4554-ac1d-7cbb9398fa07@group-8F32678D395E: shutdown
2019-09-25 04:07:14,372 [main] INFO  util.JmxRegister (JmxRegister.java:unregister(73)) - Successfully un-registered JMX Bean with object name Ratis:service=RaftServer,group=group-8F32678D395E,id=4af9f0c0-4b30-4554-ac1d-7cbb9398fa07
2019-09-25 04:07:14,373 [main] INFO  impl.RoleInfo (RoleInfo.java:shutdownLeaderState(104)) - 4af9f0c0-4b30-4554-ac1d-7cbb9398fa07: shutdown LeaderState
2019-09-25 04:07:14,373 [main] INFO  impl.PendingRequests (PendingRequests.java:sendNotLeaderResponses(202)) - 4af9f0c0-4b30-4554-ac1d-7cbb9398fa07-PendingRequests: sendNotLeaderResponses
2019-09-25 04:07:14,374 [main] INFO  impl.StateMachineUpdater (StateMachineUpdater.java:stopAndJoin(125)) - 4af9f0c0-4b30-4554-ac1d-7cbb9398fa07@group-8F32678D395E-StateMachineUpdater: set stopIndex = 0
2019-09-25 04:07:14,374 [main] INFO  impl.RaftServerImpl (ServerState.java:close(385)) - 4af9f0c0-4b30-4554-ac1d-7cbb9398fa07@group-8F32678D395E: closes. applyIndex: 0
2019-09-25 04:07:14,375 [4af9f0c0-4b30-4554-ac1d-7cbb9398fa07@group-8F32678D395E-SegmentedRaftLogWorker] INFO  segmented.SegmentedRaftLogWorker (SegmentedRaftLogWorker.java:run(313)) - 4af9f0c0-4b30-4554-ac1d-7cbb9398fa07@group-8F32678D395E-SegmentedRaftLogWorker was interrupted, exiting. There are 0 tasks remaining in the queue.
2019-09-25 04:07:14,375 [main] INFO  segmented.SegmentedRaftLogWorker (SegmentedRaftLogWorker.java:close(228)) - 4af9f0c0-4b30-4554-ac1d-7cbb9398fa07@group-8F32678D395E-SegmentedRaftLogWorker close()
2019-09-25 04:07:14,376 [main] INFO  impl.RaftServerImpl (RaftServerImpl.java:lambda$shutdown$3(251)) - 4af9f0c0-4b30-4554-ac1d-7cbb9398fa07@group-38CEAC7A5FF0: shutdown
2019-09-25 04:07:14,377 [main] INFO  util.JmxRegister (JmxRegister.java:unregister(73)) - Successfully un-registered JMX Bean with object name Ratis:service=RaftServer,group=group-38CEAC7A5FF0,id=4af9f0c0-4b30-4554-ac1d-7cbb9398fa07
2019-09-25 04:07:14,377 [main] INFO  impl.RoleInfo (RoleInfo.java:shutdownLeaderState(104)) - 4af9f0c0-4b30-4554-ac1d-7cbb9398fa07: shutdown LeaderState
2019-09-25 04:07:14,377 [main] INFO  impl.PendingRequests (PendingRequests.java:sendNotLeaderResponses(202)) - 4af9f0c0-4b30-4554-ac1d-7cbb9398fa07-PendingRequests: sendNotLeaderResponses
2019-09-25 04:07:14,378 [main] INFO  impl.StateMachineUpdater (StateMachineUpdater.java:stopAndJoin(125)) - 4af9f0c0-4b30-4554-ac1d-7cbb9398fa07@group-38CEAC7A5FF0-StateMachineUpdater: set stopIndex = 0
2019-09-25 04:07:14,378 [main] INFO  impl.RaftServerImpl (ServerState.java:close(385)) - 4af9f0c0-4b30-4554-ac1d-7cbb9398fa07@group-38CEAC7A5FF0: closes. applyIndex: 0
2019-09-25 04:07:14,379 [4af9f0c0-4b30-4554-ac1d-7cbb9398fa07@group-38CEAC7A5FF0-SegmentedRaftLogWorker] INFO  segmented.SegmentedRaftLogWorker (SegmentedRaftLogWorker.java:run(313)) - 4af9f0c0-4b30-4554-ac1d-7cbb9398fa07@group-38CEAC7A5FF0-SegmentedRaftLogWorker was interrupted, exiting. There are 0 tasks remaining in the queue.
2019-09-25 04:07:14,379 [main] INFO  segmented.SegmentedRaftLogWorker (SegmentedRaftLogWorker.java:close(228)) - 4af9f0c0-4b30-4554-ac1d-7cbb9398fa07@group-38CEAC7A5FF0-SegmentedRaftLogWorker close()
2019-09-25 04:07:14,380 [main] INFO  impl.RaftServerImpl (RaftServerImpl.java:lambda$shutdown$3(251)) - 4af9f0c0-4b30-4554-ac1d-7cbb9398fa07@group-4D029925DBAD: shutdown
2019-09-25 04:07:14,381 [main] INFO  util.JmxRegister (JmxRegister.java:unregister(73)) - Successfully un-registered JMX Bean with object name Ratis:service=RaftServer,group=group-4D029925DBAD,id=4af9f0c0-4b30-4554-ac1d-7cbb9398fa07
2019-09-25 04:07:14,381 [main] INFO  impl.RoleInfo (RoleInfo.java:shutdownLeaderState(104)) - 4af9f0c0-4b30-4554-ac1d-7cbb9398fa07: shutdown LeaderState
2019-09-25 04:07:14,381 [main] INFO  impl.PendingRequests (PendingRequests.java:sendNotLeaderResponses(202)) - 4af9f0c0-4b30-4554-ac1d-7cbb9398fa07-PendingRequests: sendNotLeaderResponses
2019-09-25 04:07:14,382 [main] INFO  impl.StateMachineUpdater (StateMachineUpdater.java:stopAndJoin(125)) - 4af9f0c0-4b30-4554-ac1d-7cbb9398fa07@group-4D029925DBAD-StateMachineUpdater: set stopIndex = 0
2019-09-25 04:07:14,382 [main] INFO  impl.RaftServerImpl (ServerState.java:close(385)) - 4af9f0c0-4b30-4554-ac1d-7cbb9398fa07@group-4D029925DBAD: closes. applyIndex: 0
2019-09-25 04:07:14,383 [4af9f0c0-4b30-4554-ac1d-7cbb9398fa07@group-4D029925DBAD-SegmentedRaftLogWorker] INFO  segmented.SegmentedRaftLogWorker (SegmentedRaftLogWorker.java:run(313)) - 4af9f0c0-4b30-4554-ac1d-7cbb9398fa07@group-4D029925DBAD-SegmentedRaftLogWorker was interrupted, exiting. There are 0 tasks remaining in the queue.
2019-09-25 04:07:14,396 [ForkJoinPool.commonPool-worker-1] INFO  ozoneimpl.OzoneContainer (OzoneContainer.java:stop(231)) - Attempting to stop container services.
2019-09-25 04:07:14,396 [ForkJoinPool.commonPool-worker-1] INFO  impl.RaftServerProxy (RaftServerProxy.java:lambda$close$4(314)) - a428e86c-e33b-49db-aa7c-e41d27951dea: close
2019-09-25 04:07:14,396 [ForkJoinPool.commonPool-worker-1] INFO  impl.RaftServerImpl (RaftServerImpl.java:lambda$shutdown$3(251)) - a428e86c-e33b-49db-aa7c-e41d27951dea@group-1DBB81BBB751: shutdown
2019-09-25 04:07:14,397 [ForkJoinPool.commonPool-worker-1] INFO  util.JmxRegister (JmxRegister.java:unregister(73)) - Successfully un-registered JMX Bean with object name Ratis:service=RaftServer,group=group-1DBB81BBB751,id=a428e86c-e33b-49db-aa7c-e41d27951dea
2019-09-25 04:07:14,397 [ForkJoinPool.commonPool-worker-1] INFO  impl.RoleInfo (RoleInfo.java:shutdownLeaderState(104)) - a428e86c-e33b-49db-aa7c-e41d27951dea: shutdown LeaderState
2019-09-25 04:07:14,397 [ForkJoinPool.commonPool-worker-1] INFO  impl.PendingRequests (PendingRequests.java:sendNotLeaderResponses(202)) - a428e86c-e33b-49db-aa7c-e41d27951dea-PendingRequests: sendNotLeaderResponses
2019-09-25 04:07:14,398 [ForkJoinPool.commonPool-worker-1] INFO  impl.StateMachineUpdater (StateMachineUpdater.java:stopAndJoin(125)) - a428e86c-e33b-49db-aa7c-e41d27951dea@group-1DBB81BBB751-StateMachineUpdater: set stopIndex = 0
2019-09-25 04:07:14,398 [ForkJoinPool.commonPool-worker-1] INFO  impl.RaftServerImpl (ServerState.java:close(385)) - a428e86c-e33b-49db-aa7c-e41d27951dea@group-1DBB81BBB751: closes. applyIndex: 0
2019-09-25 04:07:14,399 [a428e86c-e33b-49db-aa7c-e41d27951dea@group-1DBB81BBB751-SegmentedRaftLogWorker] INFO  segmented.SegmentedRaftLogWorker (SegmentedRaftLogWorker.java:run(313)) - a428e86c-e33b-49db-aa7c-e41d27951dea@group-1DBB81BBB751-SegmentedRaftLogWorker was interrupted, exiting. There are 0 tasks remaining in the queue.
2019-09-25 04:07:14,399 [ForkJoinPool.commonPool-worker-1] INFO  segmented.SegmentedRaftLogWorker (SegmentedRaftLogWorker.java:close(228)) - a428e86c-e33b-49db-aa7c-e41d27951dea@group-1DBB81BBB751-SegmentedRaftLogWorker close()
2019-09-25 04:07:14,400 [ForkJoinPool.commonPool-worker-1] INFO  impl.RaftServerImpl (RaftServerImpl.java:lambda$shutdown$3(251)) - a428e86c-e33b-49db-aa7c-e41d27951dea@group-68CE21FF4457: shutdown
2019-09-25 04:07:14,401 [ForkJoinPool.commonPool-worker-1] INFO  util.JmxRegister (JmxRegister.java:unregister(73)) - Successfully un-registered JMX Bean with object name Ratis:service=RaftServer,group=group-68CE21FF4457,id=a428e86c-e33b-49db-aa7c-e41d27951dea
2019-09-25 04:07:14,401 [ForkJoinPool.commonPool-worker-1] INFO  impl.RoleInfo (RoleInfo.java:shutdownLeaderState(104)) - a428e86c-e33b-49db-aa7c-e41d27951dea: shutdown LeaderState
2019-09-25 04:07:14,401 [ForkJoinPool.commonPool-worker-1] INFO  impl.PendingRequests (PendingRequests.java:sendNotLeaderResponses(202)) - a428e86c-e33b-49db-aa7c-e41d27951dea-PendingRequests: sendNotLeaderResponses
2019-09-25 04:07:14,402 [ForkJoinPool.commonPool-worker-1] INFO  impl.StateMachineUpdater (StateMachineUpdater.java:stopAndJoin(125)) - a428e86c-e33b-49db-aa7c-e41d27951dea@group-68CE21FF4457-StateMachineUpdater: set stopIndex = 0
2019-09-25 04:07:14,402 [ForkJoinPool.commonPool-worker-1] INFO  impl.RaftServerImpl (ServerState.java:close(385)) - a428e86c-e33b-49db-aa7c-e41d27951dea@group-68CE21FF4457: closes. applyIndex: 0
2019-09-25 04:07:14,402 [a428e86c-e33b-49db-aa7c-e41d27951dea@group-68CE21FF4457-SegmentedRaftLogWorker] INFO  segmented.SegmentedRaftLogWorker (SegmentedRaftLogWorker.java:run(313)) - a428e86c-e33b-49db-aa7c-e41d27951dea@group-68CE21FF4457-SegmentedRaftLogWorker was interrupted, exiting. There are 0 tasks remaining in the queue.
2019-09-25 04:07:14,568 [ForkJoinPool.commonPool-worker-1] INFO  segmented.SegmentedRaftLogWorker (SegmentedRaftLogWorker.java:close(228)) - a428e86c-e33b-49db-aa7c-e41d27951dea@group-68CE21FF4457-SegmentedRaftLogWorker close()
2019-09-25 04:07:14,568 [main] INFO  segmented.SegmentedRaftLogWorker (SegmentedRaftLogWorker.java:close(228)) - 4af9f0c0-4b30-4554-ac1d-7cbb9398fa07@group-4D029925DBAD-SegmentedRaftLogWorker close()
2019-09-25 04:07:14,570 [ForkJoinPool.commonPool-worker-1] INFO  impl.RaftServerImpl (RaftServerImpl.java:lambda$shutdown$3(251)) - a428e86c-e33b-49db-aa7c-e41d27951dea@group-8C653266E5AE: shutdown
2019-09-25 04:07:14,571 [main] INFO  impl.RaftServerImpl (RaftServerImpl.java:lambda$shutdown$3(251)) - 4af9f0c0-4b30-4554-ac1d-7cbb9398fa07@group-B81549802A8B: shutdown
2019-09-25 04:07:14,572 [ForkJoinPool.commonPool-worker-1] INFO  util.JmxRegister (JmxRegister.java:unregister(73)) - Successfully un-registered JMX Bean with object name Ratis:service=RaftServer,group=group-8C653266E5AE,id=a428e86c-e33b-49db-aa7c-e41d27951dea
2019-09-25 04:07:14,572 [main] INFO  util.JmxRegister (JmxRegister.java:unregister(73)) - Successfully un-registered JMX Bean with object name Ratis:service=RaftServer,group=group-B81549802A8B,id=4af9f0c0-4b30-4554-ac1d-7cbb9398fa07
2019-09-25 04:07:14,572 [ForkJoinPool.commonPool-worker-1] INFO  impl.RoleInfo (RoleInfo.java:shutdownLeaderState(104)) - a428e86c-e33b-49db-aa7c-e41d27951dea: shutdown LeaderState
2019-09-25 04:07:14,573 [main] INFO  impl.RoleInfo (RoleInfo.java:shutdownLeaderState(104)) - 4af9f0c0-4b30-4554-ac1d-7cbb9398fa07: shutdown LeaderState
2019-09-25 04:07:14,573 [ForkJoinPool.commonPool-worker-1] INFO  impl.PendingRequests (PendingRequests.java:sendNotLeaderResponses(202)) - a428e86c-e33b-49db-aa7c-e41d27951dea-PendingRequests: sendNotLeaderResponses
2019-09-25 04:07:14,573 [main] INFO  impl.PendingRequests (PendingRequests.java:sendNotLeaderResponses(202)) - 4af9f0c0-4b30-4554-ac1d-7cbb9398fa07-PendingRequests: sendNotLeaderResponses
2019-09-25 04:07:14,574 [ForkJoinPool.commonPool-worker-1] INFO  impl.StateMachineUpdater (StateMachineUpdater.java:stopAndJoin(125)) - a428e86c-e33b-49db-aa7c-e41d27951dea@group-8C653266E5AE-StateMachineUpdater: set stopIndex = 0
2019-09-25 04:07:14,574 [main] INFO  impl.StateMachineUpdater (StateMachineUpdater.java:stopAndJoin(125)) - 4af9f0c0-4b30-4554-ac1d-7cbb9398fa07@group-B81549802A8B-StateMachineUpdater: set stopIndex = 0
2019-09-25 04:07:14,574 [ForkJoinPool.commonPool-worker-1] INFO  impl.RaftServerImpl (ServerState.java:close(385)) - a428e86c-e33b-49db-aa7c-e41d27951dea@group-8C653266E5AE: closes. applyIndex: 0
2019-09-25 04:07:14,575 [main] INFO  impl.RaftServerImpl (ServerState.java:close(385)) - 4af9f0c0-4b30-4554-ac1d-7cbb9398fa07@group-B81549802A8B: closes. applyIndex: 0
2019-09-25 04:07:14,575 [a428e86c-e33b-49db-aa7c-e41d27951dea@group-8C653266E5AE-SegmentedRaftLogWorker] INFO  segmented.SegmentedRaftLogWorker (SegmentedRaftLogWorker.java:run(313)) - a428e86c-e33b-49db-aa7c-e41d27951dea@group-8C653266E5AE-SegmentedRaftLogWorker was interrupted, exiting. There are 0 tasks remaining in the queue.
2019-09-25 04:07:14,576 [4af9f0c0-4b30-4554-ac1d-7cbb9398fa07@group-B81549802A8B-SegmentedRaftLogWorker] INFO  segmented.SegmentedRaftLogWorker (SegmentedRaftLogWorker.java:run(313)) - 4af9f0c0-4b30-4554-ac1d-7cbb9398fa07@group-B81549802A8B-SegmentedRaftLogWorker was interrupted, exiting. There are 0 tasks remaining in the queue.
2019-09-25 04:07:14,576 [ForkJoinPool.commonPool-worker-1] INFO  segmented.SegmentedRaftLogWorker (SegmentedRaftLogWorker.java:close(228)) - a428e86c-e33b-49db-aa7c-e41d27951dea@group-8C653266E5AE-SegmentedRaftLogWorker close()
2019-09-25 04:07:14,576 [main] INFO  segmented.SegmentedRaftLogWorker (SegmentedRaftLogWorker.java:close(228)) - 4af9f0c0-4b30-4554-ac1d-7cbb9398fa07@group-B81549802A8B-SegmentedRaftLogWorker close()
2019-09-25 04:07:14,578 [ForkJoinPool.commonPool-worker-1] INFO  impl.RaftServerImpl (RaftServerImpl.java:lambda$shutdown$3(251)) - a428e86c-e33b-49db-aa7c-e41d27951dea@group-78B3ED59AA77: shutdown
2019-09-25 04:07:14,582 [main] INFO  impl.RaftServerImpl (RaftServerImpl.java:lambda$shutdown$3(251)) - 4af9f0c0-4b30-4554-ac1d-7cbb9398fa07@group-2DB568E9336E: shutdown
2019-09-25 04:07:14,583 [ForkJoinPool.commonPool-worker-1] INFO  util.JmxRegister (JmxRegister.java:unregister(73)) - Successfully un-registered JMX Bean with object name Ratis:service=RaftServer,group=group-78B3ED59AA77,id=a428e86c-e33b-49db-aa7c-e41d27951dea
2019-09-25 04:07:14,583 [main] INFO  util.JmxRegister (JmxRegister.java:unregister(73)) - Successfully un-registered JMX Bean with object name Ratis:service=RaftServer,group=group-2DB568E9336E,id=4af9f0c0-4b30-4554-ac1d-7cbb9398fa07
2019-09-25 04:07:14,584 [main] INFO  impl.RoleInfo (RoleInfo.java:shutdownLeaderState(104)) - 4af9f0c0-4b30-4554-ac1d-7cbb9398fa07: shutdown LeaderState
2019-09-25 04:07:14,583 [ForkJoinPool.commonPool-worker-1] INFO  impl.RoleInfo (RoleInfo.java:shutdownLeaderState(104)) - a428e86c-e33b-49db-aa7c-e41d27951dea: shutdown LeaderState
2019-09-25 04:07:14,584 [main] INFO  impl.PendingRequests (PendingRequests.java:sendNotLeaderResponses(202)) - 4af9f0c0-4b30-4554-ac1d-7cbb9398fa07-PendingRequests: sendNotLeaderResponses
2019-09-25 04:07:14,584 [ForkJoinPool.commonPool-worker-1] INFO  impl.PendingRequests (PendingRequests.java:sendNotLeaderResponses(202)) - a428e86c-e33b-49db-aa7c-e41d27951dea-PendingRequests: sendNotLeaderResponses
2019-09-25 04:07:14,585 [main] INFO  impl.StateMachineUpdater (StateMachineUpdater.java:stopAndJoin(125)) - 4af9f0c0-4b30-4554-ac1d-7cbb9398fa07@group-2DB568E9336E-StateMachineUpdater: set stopIndex = 0
2019-09-25 04:07:14,585 [ForkJoinPool.commonPool-worker-1] INFO  impl.StateMachineUpdater (StateMachineUpdater.java:stopAndJoin(125)) - a428e86c-e33b-49db-aa7c-e41d27951dea@group-78B3ED59AA77-StateMachineUpdater: set stopIndex = 0
2019-09-25 04:07:14,586 [main] INFO  impl.RaftServerImpl (ServerState.java:close(385)) - 4af9f0c0-4b30-4554-ac1d-7cbb9398fa07@group-2DB568E9336E: closes. applyIndex: 0
2019-09-25 04:07:14,586 [ForkJoinPool.commonPool-worker-1] INFO  impl.RaftServerImpl (ServerState.java:close(385)) - a428e86c-e33b-49db-aa7c-e41d27951dea@group-78B3ED59AA77: closes. applyIndex: 0
2019-09-25 04:07:14,586 [4af9f0c0-4b30-4554-ac1d-7cbb9398fa07@group-2DB568E9336E-SegmentedRaftLogWorker] INFO  segmented.SegmentedRaftLogWorker (SegmentedRaftLogWorker.java:run(313)) - 4af9f0c0-4b30-4554-ac1d-7cbb9398fa07@group-2DB568E9336E-SegmentedRaftLogWorker was interrupted, exiting. There are 0 tasks remaining in the queue.
2019-09-25 04:07:14,587 [a428e86c-e33b-49db-aa7c-e41d27951dea@group-78B3ED59AA77-SegmentedRaftLogWorker] INFO  segmented.SegmentedRaftLogWorker (SegmentedRaftLogWorker.java:run(313)) - a428e86c-e33b-49db-aa7c-e41d27951dea@group-78B3ED59AA77-SegmentedRaftLogWorker was interrupted, exiting. There are 0 tasks remaining in the queue.
2019-09-25 04:07:14,587 [main] INFO  segmented.SegmentedRaftLogWorker (SegmentedRaftLogWorker.java:close(228)) - 4af9f0c0-4b30-4554-ac1d-7cbb9398fa07@group-2DB568E9336E-SegmentedRaftLogWorker close()
2019-09-25 04:07:14,587 [ForkJoinPool.commonPool-worker-1] INFO  segmented.SegmentedRaftLogWorker (SegmentedRaftLogWorker.java:close(228)) - a428e86c-e33b-49db-aa7c-e41d27951dea@group-78B3ED59AA77-SegmentedRaftLogWorker close()
2019-09-25 04:07:14,587 [main] INFO  impl.RaftServerImpl (RaftServerImpl.java:lambda$shutdown$3(251)) - 4af9f0c0-4b30-4554-ac1d-7cbb9398fa07@group-ED3617ACE397: shutdown
2019-09-25 04:07:14,588 [ForkJoinPool.commonPool-worker-1] INFO  impl.RaftServerImpl (RaftServerImpl.java:lambda$shutdown$3(251)) - a428e86c-e33b-49db-aa7c-e41d27951dea@group-4573C8D48802: shutdown
2019-09-25 04:07:14,588 [main] INFO  util.JmxRegister (JmxRegister.java:unregister(73)) - Successfully un-registered JMX Bean with object name Ratis:service=RaftServer,group=group-ED3617ACE397,id=4af9f0c0-4b30-4554-ac1d-7cbb9398fa07
2019-09-25 04:07:14,588 [ForkJoinPool.commonPool-worker-1] INFO  util.JmxRegister (JmxRegister.java:unregister(73)) - Successfully un-registered JMX Bean with object name Ratis:service=RaftServer,group=group-4573C8D48802,id=a428e86c-e33b-49db-aa7c-e41d27951dea
2019-09-25 04:07:14,589 [main] INFO  impl.RoleInfo (RoleInfo.java:shutdownLeaderState(104)) - 4af9f0c0-4b30-4554-ac1d-7cbb9398fa07: shutdown LeaderState
2019-09-25 04:07:14,589 [ForkJoinPool.commonPool-worker-1] INFO  impl.RoleInfo (RoleInfo.java:shutdownLeaderState(104)) - a428e86c-e33b-49db-aa7c-e41d27951dea: shutdown LeaderState
2019-09-25 04:07:14,590 [main] INFO  impl.PendingRequests (PendingRequests.java:sendNotLeaderResponses(202)) - 4af9f0c0-4b30-4554-ac1d-7cbb9398fa07-PendingRequests: sendNotLeaderResponses
2019-09-25 04:07:14,590 [ForkJoinPool.commonPool-worker-1] INFO  impl.PendingRequests (PendingRequests.java:sendNotLeaderResponses(202)) - a428e86c-e33b-49db-aa7c-e41d27951dea-PendingRequests: sendNotLeaderResponses
2019-09-25 04:07:14,590 [main] INFO  impl.StateMachineUpdater (StateMachineUpdater.java:stopAndJoin(125)) - 4af9f0c0-4b30-4554-ac1d-7cbb9398fa07@group-ED3617ACE397-StateMachineUpdater: set stopIndex = 0
2019-09-25 04:07:14,591 [ForkJoinPool.commonPool-worker-1] INFO  impl.StateMachineUpdater (StateMachineUpdater.java:stopAndJoin(125)) - a428e86c-e33b-49db-aa7c-e41d27951dea@group-4573C8D48802-StateMachineUpdater: set stopIndex = 0
2019-09-25 04:07:14,591 [main] INFO  impl.RaftServerImpl (ServerState.java:close(385)) - 4af9f0c0-4b30-4554-ac1d-7cbb9398fa07@group-ED3617ACE397: closes. applyIndex: 0
2019-09-25 04:07:14,591 [ForkJoinPool.commonPool-worker-1] INFO  impl.RaftServerImpl (ServerState.java:close(385)) - a428e86c-e33b-49db-aa7c-e41d27951dea@group-4573C8D48802: closes. applyIndex: 0
2019-09-25 04:07:14,592 [4af9f0c0-4b30-4554-ac1d-7cbb9398fa07@group-ED3617ACE397-SegmentedRaftLogWorker] INFO  segmented.SegmentedRaftLogWorker (SegmentedRaftLogWorker.java:run(313)) - 4af9f0c0-4b30-4554-ac1d-7cbb9398fa07@group-ED3617ACE397-SegmentedRaftLogWorker was interrupted, exiting. There are 0 tasks remaining in the queue.
2019-09-25 04:07:14,592 [a428e86c-e33b-49db-aa7c-e41d27951dea@group-4573C8D48802-SegmentedRaftLogWorker] INFO  segmented.SegmentedRaftLogWorker (SegmentedRaftLogWorker.java:run(313)) - a428e86c-e33b-49db-aa7c-e41d27951dea@group-4573C8D48802-SegmentedRaftLogWorker was interrupted, exiting. There are 0 tasks remaining in the queue.
2019-09-25 04:07:14,592 [main] INFO  segmented.SegmentedRaftLogWorker (SegmentedRaftLogWorker.java:close(228)) - 4af9f0c0-4b30-4554-ac1d-7cbb9398fa07@group-ED3617ACE397-SegmentedRaftLogWorker close()
2019-09-25 04:07:14,592 [ForkJoinPool.commonPool-worker-1] INFO  segmented.SegmentedRaftLogWorker (SegmentedRaftLogWorker.java:close(228)) - a428e86c-e33b-49db-aa7c-e41d27951dea@group-4573C8D48802-SegmentedRaftLogWorker close()
2019-09-25 04:07:14,593 [main] INFO  server.GrpcService (GrpcService.java:closeImpl(164)) - 4af9f0c0-4b30-4554-ac1d-7cbb9398fa07: shutdown server with port 35352 now
2019-09-25 04:07:14,593 [ForkJoinPool.commonPool-worker-1] INFO  impl.RaftServerImpl (RaftServerImpl.java:lambda$shutdown$3(251)) - a428e86c-e33b-49db-aa7c-e41d27951dea@group-2244BCABCC2D: shutdown
2019-09-25 04:07:14,595 [ForkJoinPool.commonPool-worker-1] INFO  util.JmxRegister (JmxRegister.java:unregister(73)) - Successfully un-registered JMX Bean with object name Ratis:service=RaftServer,group=group-2244BCABCC2D,id=a428e86c-e33b-49db-aa7c-e41d27951dea
2019-09-25 04:07:14,595 [main] INFO  server.GrpcService (GrpcService.java:closeImpl(172)) - 4af9f0c0-4b30-4554-ac1d-7cbb9398fa07: shutdown server with port 35352 successfully
2019-09-25 04:07:14,595 [ForkJoinPool.commonPool-worker-1] INFO  impl.RoleInfo (RoleInfo.java:shutdownLeaderState(104)) - a428e86c-e33b-49db-aa7c-e41d27951dea: shutdown LeaderState
2019-09-25 04:07:14,595 [ForkJoinPool.commonPool-worker-1] INFO  impl.PendingRequests (PendingRequests.java:sendNotLeaderResponses(202)) - a428e86c-e33b-49db-aa7c-e41d27951dea-PendingRequests: sendNotLeaderResponses
2019-09-25 04:07:14,596 [ForkJoinPool.commonPool-worker-1] INFO  impl.StateMachineUpdater (StateMachineUpdater.java:stopAndJoin(125)) - a428e86c-e33b-49db-aa7c-e41d27951dea@group-2244BCABCC2D-StateMachineUpdater: set stopIndex = 0
2019-09-25 04:07:14,596 [ForkJoinPool.commonPool-worker-1] INFO  impl.RaftServerImpl (ServerState.java:close(385)) - a428e86c-e33b-49db-aa7c-e41d27951dea@group-2244BCABCC2D: closes. applyIndex: 0
2019-09-25 04:07:14,597 [a428e86c-e33b-49db-aa7c-e41d27951dea@group-2244BCABCC2D-SegmentedRaftLogWorker] INFO  segmented.SegmentedRaftLogWorker (SegmentedRaftLogWorker.java:run(313)) - a428e86c-e33b-49db-aa7c-e41d27951dea@group-2244BCABCC2D-SegmentedRaftLogWorker was interrupted, exiting. There are 0 tasks remaining in the queue.
2019-09-25 04:07:14,597 [refreshUsed-/workdir/hadoop-ozone/integration-test/target/test-dir/MiniOzoneClusterImpl-071aaae5-0202-4fb6-b4d6-510014b63779/datanode-3/data/containers] WARN  fs.CachingGetSpaceUsed (CachingGetSpaceUsed.java:run(183)) - Thread Interrupted waiting to refresh disk information: sleep interrupted
2019-09-25 04:07:14,597 [ForkJoinPool.commonPool-worker-1] INFO  segmented.SegmentedRaftLogWorker (SegmentedRaftLogWorker.java:close(228)) - a428e86c-e33b-49db-aa7c-e41d27951dea@group-2244BCABCC2D-SegmentedRaftLogWorker close()
2019-09-25 04:07:14,598 [ForkJoinPool.commonPool-worker-1] INFO  server.GrpcService (GrpcService.java:closeImpl(164)) - a428e86c-e33b-49db-aa7c-e41d27951dea: shutdown server with port 43255 now
2019-09-25 04:07:14,599 [ForkJoinPool.commonPool-worker-1] INFO  server.GrpcService (GrpcService.java:closeImpl(172)) - a428e86c-e33b-49db-aa7c-e41d27951dea: shutdown server with port 43255 successfully
2019-09-25 04:07:14,611 [refreshUsed-/workdir/hadoop-ozone/integration-test/target/test-dir/MiniOzoneClusterImpl-071aaae5-0202-4fb6-b4d6-510014b63779/datanode-0/data/containers] WARN  fs.CachingGetSpaceUsed (CachingGetSpaceUsed.java:run(183)) - Thread Interrupted waiting to refresh disk information: sleep interrupted
2019-09-25 04:07:14,623 [main] INFO  utils.BackgroundService (BackgroundService.java:shutdown(148)) - Shutting down service BlockDeletingService
2019-09-25 04:07:14,626 [main] INFO  statemachine.DatanodeStateMachine (DatanodeStateMachine.java:stopDaemon(395)) - Ozone container server stopped.
2019-09-25 04:07:14,627 [main] INFO  handler.ContextHandler (ContextHandler.java:doStop(910)) - Stopped o.e.j.w.WebAppContext@670b3ca{/,null,UNAVAILABLE}{/hddsDatanode}
2019-09-25 04:07:14,628 [main] INFO  server.AbstractConnector (AbstractConnector.java:doStop(318)) - Stopped ServerConnector@24a86066{HTTP/1.1,[http/1.1]}{0.0.0.0:0}
2019-09-25 04:07:14,628 [main] INFO  handler.ContextHandler (ContextHandler.java:doStop(910)) - Stopped o.e.j.s.ServletContextHandler@7f6874f2{/static,jar:file:/home/user/.m2/repository/org/apache/hadoop/hadoop-hdds-container-service/0.5.0-SNAPSHOT/hadoop-hdds-container-service-0.5.0-SNAPSHOT.jar!/webapps/static,UNAVAILABLE}
2019-09-25 04:07:14,629 [main] INFO  handler.ContextHandler (ContextHandler.java:doStop(910)) - Stopped o.e.j.s.ServletContextHandler@48976e6d{/logs,file:///workdir/hadoop-ozone/integration-test/target/log,UNAVAILABLE}
2019-09-25 04:07:14,630 [ForkJoinPool.commonPool-worker-1] INFO  utils.BackgroundService (BackgroundService.java:shutdown(148)) - Shutting down service BlockDeletingService
2019-09-25 04:07:14,632 [ForkJoinPool.commonPool-worker-1] INFO  statemachine.DatanodeStateMachine (DatanodeStateMachine.java:stopDaemon(395)) - Ozone container server stopped.
2019-09-25 04:07:14,634 [ForkJoinPool.commonPool-worker-1] INFO  handler.ContextHandler (ContextHandler.java:doStop(910)) - Stopped o.e.j.w.WebAppContext@7601bc96{/,null,UNAVAILABLE}{/hddsDatanode}
2019-09-25 04:07:14,635 [ForkJoinPool.commonPool-worker-1] INFO  server.AbstractConnector (AbstractConnector.java:doStop(318)) - Stopped ServerConnector@48a0c8aa{HTTP/1.1,[http/1.1]}{0.0.0.0:0}
2019-09-25 04:07:14,636 [ForkJoinPool.commonPool-worker-1] INFO  handler.ContextHandler (ContextHandler.java:doStop(910)) - Stopped o.e.j.s.ServletContextHandler@6fa0450e{/static,jar:file:/home/user/.m2/repository/org/apache/hadoop/hadoop-hdds-container-service/0.5.0-SNAPSHOT/hadoop-hdds-container-service-0.5.0-SNAPSHOT.jar!/webapps/static,UNAVAILABLE}
2019-09-25 04:07:14,637 [ForkJoinPool.commonPool-worker-1] INFO  handler.ContextHandler (ContextHandler.java:doStop(910)) - Stopped o.e.j.s.ServletContextHandler@72e295cc{/logs,file:///workdir/hadoop-ozone/integration-test/target/log,UNAVAILABLE}
2019-09-25 04:07:14,637 [main] INFO  ozone.MiniOzoneClusterImpl (MiniOzoneClusterImpl.java:stopSCM(392)) - Stopping the StorageContainerManager
2019-09-25 04:07:14,638 [main] INFO  server.StorageContainerManager (StorageContainerManager.java:stop(808)) - Stopping Replication Manager Service.
2019-09-25 04:07:14,638 [main] INFO  container.ReplicationManager (ReplicationManager.java:stop(204)) - Stopping Replication Monitor Thread.
2019-09-25 04:07:14,638 [main] INFO  server.StorageContainerManager (StorageContainerManager.java:stop(815)) - Stopping Lease Manager of the command watchers
2019-09-25 04:07:14,638 [main] INFO  server.StorageContainerManager (StorageContainerManager.java:stop(822)) - Stopping datanode service RPC server
2019-09-25 04:07:14,639 [main] INFO  server.SCMDatanodeProtocolServer (SCMDatanodeProtocolServer.java:stop(367)) - Stopping the RPC server for DataNodes
2019-09-25 04:07:14,639 [main] INFO  ipc.Server (Server.java:stop(3082)) - Stopping server on 33531
2019-09-25 04:07:14,639 [IPC Server listener on 33531] INFO  ipc.Server (Server.java:run(1185)) - Stopping IPC Server listener on 33531
2019-09-25 04:07:14,640 [IPC Server Responder] INFO  ipc.Server (Server.java:run(1319)) - Stopping IPC Server Responder
2019-09-25 04:07:14,654 [SCM Heartbeat Processing Thread - 0] WARN  node.NodeStateManager (NodeStateManager.java:scheduleNextHealthCheck(655)) - Current Thread is interrupted, shutting down HB processing thread for Node Manager.
2019-09-25 04:07:14,655 [main] INFO  server.StorageContainerManager (StorageContainerManager.java:stop(830)) - Stopping block service RPC server
2019-09-25 04:07:14,655 [main] INFO  server.SCMBlockProtocolServer (SCMBlockProtocolServer.java:stop(155)) - Stopping the RPC server for Block Protocol
2019-09-25 04:07:14,655 [main] INFO  ipc.Server (Server.java:stop(3082)) - Stopping server on 38708
2019-09-25 04:07:14,656 [IPC Server listener on 38708] INFO  ipc.Server (Server.java:run(1185)) - Stopping IPC Server listener on 38708
2019-09-25 04:07:14,656 [IPC Server Responder] INFO  ipc.Server (Server.java:run(1319)) - Stopping IPC Server Responder
2019-09-25 04:07:14,656 [main] INFO  server.StorageContainerManager (StorageContainerManager.java:stop(837)) - Stopping the StorageContainerLocationProtocol RPC server
2019-09-25 04:07:14,657 [main] INFO  server.SCMClientProtocolServer (SCMClientProtocolServer.java:stop(159)) - Stopping the RPC server for Client Protocol
2019-09-25 04:07:14,657 [main] INFO  ipc.Server (Server.java:stop(3082)) - Stopping server on 35468
2019-09-25 04:07:14,658 [IPC Server listener on 35468] INFO  ipc.Server (Server.java:run(1185)) - Stopping IPC Server listener on 35468
2019-09-25 04:07:14,658 [main] INFO  server.StorageContainerManager (StorageContainerManager.java:stop(844)) - Stopping Storage Container Manager HTTP server.
2019-09-25 04:07:14,658 [IPC Server Responder] INFO  ipc.Server (Server.java:run(1319)) - Stopping IPC Server Responder
2019-09-25 04:07:14,660 [main] INFO  handler.ContextHandler (ContextHandler.java:doStop(910)) - Stopped o.e.j.w.WebAppContext@69f63d95{/,null,UNAVAILABLE}{/scm}
2019-09-25 04:07:14,660 [main] INFO  server.AbstractConnector (AbstractConnector.java:doStop(318)) - Stopped ServerConnector@72c927f1{HTTP/1.1,[http/1.1]}{0.0.0.0:0}
2019-09-25 04:07:14,661 [main] INFO  handler.ContextHandler (ContextHandler.java:doStop(910)) - Stopped o.e.j.s.ServletContextHandler@71cf1b07{/static,file:///workdir/hadoop-ozone/integration-test/target/test-classes/webapps/static,UNAVAILABLE}
2019-09-25 04:07:14,661 [main] INFO  handler.ContextHandler (ContextHandler.java:doStop(910)) - Stopped o.e.j.s.ServletContextHandler@3e821657{/logs,file:///workdir/hadoop-ozone/integration-test/target/log,UNAVAILABLE}
2019-09-25 04:07:14,662 [main] INFO  server.StorageContainerManager (StorageContainerManager.java:stop(855)) - Stopping Block Manager Service.
2019-09-25 04:07:14,662 [main] INFO  utils.BackgroundService (BackgroundService.java:shutdown(148)) - Shutting down service SCMBlockDeletingService
2019-09-25 04:07:14,663 [main] INFO  utils.BackgroundService (BackgroundService.java:shutdown(148)) - Shutting down service SCMBlockDeletingService
2019-09-25 04:07:14,663 [main] INFO  server.StorageContainerManager (StorageContainerManager.java:stop(877)) - Stopping SCM Event Queue.
2019-09-25 04:07:14,670 [main] INFO  impl.MetricsSystemImpl (MetricsSystemImpl.java:stop(210)) - Stopping HddsDatanode metrics system...
2019-09-25 04:07:14,681 [prometheus] INFO  impl.MetricsSinkAdapter (MetricsSinkAdapter.java:publishMetricsFromQueue(141)) - prometheus thread interrupted.
2019-09-25 04:07:14,681 [main] INFO  impl.MetricsSystemImpl (MetricsSystemImpl.java:stop(216)) - HddsDatanode metrics system stopped.
]]></system-out>
    <system-err><![CDATA[ERROR StatusLogger No Log4j 2 configuration file found. Using default configuration (logging only errors to the console), or user programmatically provided configurations. Set system property 'log4j2.debug' to show Log4j 2 internal initialization logging. See https://logging.apache.org/log4j/2.x/manual/configuration.html for instructions on how to configure Log4j 2
]]></system-err>
  </testcase>
</testsuite>