<?xml version="1.0" encoding="UTF-8"?>
<testsuite xmlns:xsi="http://www.w3.org/2001/XMLSchema-instance" xsi:noNamespaceSchemaLocation="https://maven.apache.org/surefire/maven-surefire-plugin/xsd/surefire-test-report.xsd" name="org.apache.hadoop.ozone.client.rpc.TestCommitWatcher" time="67.96" tests="2" errors="0" skipped="0" failures="1">
  <properties>
    <property name="awt.toolkit" value="sun.awt.X11.XToolkit"/>
    <property name="file.encoding.pkg" value="sun.io"/>
    <property name="java.specification.version" value="1.8"/>
    <property name="sun.cpu.isalist" value=""/>
    <property name="sun.jnu.encoding" value="UTF-8"/>
    <property name="java.class.path" value="/workdir/hadoop-ozone/integration-test/target/test-classes:/workdir/hadoop-ozone/integration-test/target/classes:/home/user/.m2/repository/org/apache/hadoop/hadoop-ozone-common/0.5.0-SNAPSHOT/hadoop-ozone-common-0.5.0-SNAPSHOT.jar:/home/user/.m2/repository/org/apache/commons/commons-compress/1.4.1/commons-compress-1.4.1.jar:/home/user/.m2/repository/org/tukaani/xz/1.0/xz-1.0.jar:/home/user/.m2/repository/org/apache/hadoop/hadoop-common/3.2.0/hadoop-common-3.2.0.jar:/home/user/.m2/repository/org/apache/hadoop/hadoop-hdfs/3.2.0/hadoop-hdfs-3.2.0.jar:/home/user/.m2/repository/org/apache/hadoop/hadoop-hdfs-client/3.2.0/hadoop-hdfs-client-3.2.0.jar:/home/user/.m2/repository/com/fasterxml/jackson/core/jackson-annotations/2.9.9/jackson-annotations-2.9.9.jar:/home/user/.m2/repository/org/apache/hadoop/hadoop-hdds-common/0.5.0-SNAPSHOT/hadoop-hdds-common-0.5.0-SNAPSHOT.jar:/home/user/.m2/repository/javax/annotation/javax.annotation-api/1.2/javax.annotation-api-1.2.jar:/home/user/.m2/repository/org/apache/ratis/ratis-server/0.4.0/ratis-server-0.4.0.jar:/home/user/.m2/repository/org/apache/ratis/ratis-thirdparty-misc/0.2.0/ratis-thirdparty-misc-0.2.0.jar:/home/user/.m2/repository/org/apache/ratis/ratis-proto/0.4.0/ratis-proto-0.4.0.jar:/home/user/.m2/repository/org/apache/ratis/ratis-common/0.4.0/ratis-common-0.4.0.jar:/home/user/.m2/repository/org/apache/ratis/ratis-client/0.4.0/ratis-client-0.4.0.jar:/home/user/.m2/repository/org/apache/ratis/ratis-metrics/0.4.0/ratis-metrics-0.4.0.jar:/home/user/.m2/repository/com/github/joshelser/dropwizard-metrics-hadoop-metrics2-reporter/0.1.2/dropwizard-metrics-hadoop-metrics2-reporter-0.1.2.jar:/home/user/.m2/repository/io/dropwizard/metrics/metrics-jvm/3.2.5/metrics-jvm-3.2.5.jar:/home/user/.m2/repository/io/dropwizard/metrics/metrics-ganglia/3.2.5/metrics-ganglia-3.2.5.jar:/home/user/.m2/repository/info/ganglia/gmetric4j/gmetric4j/1.0.7/gmetric4j-1.0.7.jar:/home/user/.m2/repository/org/apache/ratis/ratis-netty/0.4.0/ratis-netty-0.4.0.jar:/home/user/.m2/repository/org/apache/ratis/ratis-grpc/0.4.0/ratis-grpc-0.4.0.jar:/home/user/.m2/repository/org/rocksdb/rocksdbjni/6.0.1/rocksdbjni-6.0.1.jar:/home/user/.m2/repository/org/apache/logging/log4j/log4j-api/2.11.0/log4j-api-2.11.0.jar:/home/user/.m2/repository/org/apache/logging/log4j/log4j-core/2.11.0/log4j-core-2.11.0.jar:/home/user/.m2/repository/com/lmax/disruptor/3.4.2/disruptor-3.4.2.jar:/home/user/.m2/repository/org/apache/commons/commons-pool2/2.6.0/commons-pool2-2.6.0.jar:/home/user/.m2/repository/org/bouncycastle/bcpkix-jdk15on/1.60/bcpkix-jdk15on-1.60.jar:/home/user/.m2/repository/commons-validator/commons-validator/1.6/commons-validator-1.6.jar:/home/user/.m2/repository/commons-digester/commons-digester/1.8.1/commons-digester-1.8.1.jar:/home/user/.m2/repository/io/jaegertracing/jaeger-client/0.34.0/jaeger-client-0.34.0.jar:/home/user/.m2/repository/io/jaegertracing/jaeger-thrift/0.34.0/jaeger-thrift-0.34.0.jar:/home/user/.m2/repository/org/apache/thrift/libthrift/0.12.0/libthrift-0.12.0.jar:/home/user/.m2/repository/com/squareup/okhttp3/okhttp/3.9.0/okhttp-3.9.0.jar:/home/user/.m2/repository/com/squareup/okio/okio/1.13.0/okio-1.13.0.jar:/home/user/.m2/repository/io/jaegertracing/jaeger-core/0.34.0/jaeger-core-0.34.0.jar:/home/user/.m2/repository/io/jaegertracing/jaeger-tracerresolver/0.34.0/jaeger-tracerresolver-0.34.0.jar:/home/user/.m2/repository/io/opentracing/contrib/opentracing-tracerresolver/0.1.5/opentracing-tracerresolver-0.1.5.jar:/home/user/.m2/repository/io/opentracing/opentracing-util/0.31.0/opentracing-util-0.31.0.jar:/home/user/.m2/repository/io/opentracing/opentracing-api/0.31.0/opentracing-api-0.31.0.jar:/home/user/.m2/repository/io/opentracing/opentracing-noop/0.31.0/opentracing-noop-0.31.0.jar:/home/user/.m2/repository/org/apache/hadoop/hadoop-hdds-server-framework/0.5.0-SNAPSHOT/hadoop-hdds-server-framework-0.5.0-SNAPSHOT.jar:/home/user/.m2/repository/org/apache/hadoop/hadoop-hdds-container-service/0.5.0-SNAPSHOT/hadoop-hdds-container-service-0.5.0-SNAPSHOT.jar:/home/user/.m2/repository/org/apache/hadoop/hadoop-hdds-client/0.5.0-SNAPSHOT/hadoop-hdds-client-0.5.0-SNAPSHOT.jar:/home/user/.m2/repository/org/apache/hadoop/hadoop-hdds-tools/0.5.0-SNAPSHOT/hadoop-hdds-tools-0.5.0-SNAPSHOT.jar:/home/user/.m2/repository/org/apache/hadoop/hadoop-hdds-server-scm/0.5.0-SNAPSHOT/hadoop-hdds-server-scm-0.5.0-SNAPSHOT.jar:/home/user/.m2/repository/org/apache/hadoop/hadoop-hdds-docs/0.5.0-SNAPSHOT/hadoop-hdds-docs-0.5.0-SNAPSHOT.jar:/home/user/.m2/repository/io/dropwizard/metrics/metrics-core/3.2.4/metrics-core-3.2.4.jar:/home/user/.m2/repository/org/hamcrest/hamcrest-all/1.3/hamcrest-all-1.3.jar:/home/user/.m2/repository/org/bouncycastle/bcprov-jdk15on/1.60/bcprov-jdk15on-1.60.jar:/home/user/.m2/repository/info/picocli/picocli/3.9.6/picocli-3.9.6.jar:/home/user/.m2/repository/com/google/protobuf/protobuf-java/2.5.0/protobuf-java-2.5.0.jar:/home/user/.m2/repository/com/google/guava/guava/11.0.2/guava-11.0.2.jar:/home/user/.m2/repository/org/apache/hadoop/hadoop-ozone-ozone-manager/0.5.0-SNAPSHOT/hadoop-ozone-ozone-manager-0.5.0-SNAPSHOT.jar:/home/user/.m2/repository/org/apache/hadoop/hadoop-minikdc/3.2.0/hadoop-minikdc-3.2.0.jar:/home/user/.m2/repository/commons-io/commons-io/2.5/commons-io-2.5.jar:/home/user/.m2/repository/org/apache/kerby/kerb-simplekdc/1.0.1/kerb-simplekdc-1.0.1.jar:/home/user/.m2/repository/org/apache/kerby/kerb-client/1.0.1/kerb-client-1.0.1.jar:/home/user/.m2/repository/org/apache/kerby/kerby-config/1.0.1/kerby-config-1.0.1.jar:/home/user/.m2/repository/org/apache/kerby/kerb-core/1.0.1/kerb-core-1.0.1.jar:/home/user/.m2/repository/org/apache/kerby/kerby-pkix/1.0.1/kerby-pkix-1.0.1.jar:/home/user/.m2/repository/org/apache/kerby/kerby-asn1/1.0.1/kerby-asn1-1.0.1.jar:/home/user/.m2/repository/org/apache/kerby/kerby-util/1.0.1/kerby-util-1.0.1.jar:/home/user/.m2/repository/org/apache/kerby/kerb-common/1.0.1/kerb-common-1.0.1.jar:/home/user/.m2/repository/org/apache/kerby/kerb-crypto/1.0.1/kerb-crypto-1.0.1.jar:/home/user/.m2/repository/org/apache/kerby/kerb-util/1.0.1/kerb-util-1.0.1.jar:/home/user/.m2/repository/org/apache/kerby/token-provider/1.0.1/token-provider-1.0.1.jar:/home/user/.m2/repository/org/apache/kerby/kerb-admin/1.0.1/kerb-admin-1.0.1.jar:/home/user/.m2/repository/org/apache/kerby/kerb-server/1.0.1/kerb-server-1.0.1.jar:/home/user/.m2/repository/org/apache/kerby/kerb-identity/1.0.1/kerb-identity-1.0.1.jar:/home/user/.m2/repository/org/apache/kerby/kerby-xdr/1.0.1/kerby-xdr-1.0.1.jar:/home/user/.m2/repository/org/slf4j/slf4j-log4j12/1.7.25/slf4j-log4j12-1.7.25.jar:/home/user/.m2/repository/org/apache/hadoop/hadoop-ozone-s3gateway/0.5.0-SNAPSHOT/hadoop-ozone-s3gateway-0.5.0-SNAPSHOT.jar:/home/user/.m2/repository/org/jboss/weld/servlet/weld-servlet/2.4.7.Final/weld-servlet-2.4.7.Final.jar:/home/user/.m2/repository/org/glassfish/jersey/containers/jersey-container-servlet-core/2.27/jersey-container-servlet-core-2.27.jar:/home/user/.m2/repository/org/glassfish/hk2/external/javax.inject/2.5.0-b42/javax.inject-2.5.0-b42.jar:/home/user/.m2/repository/org/glassfish/jersey/core/jersey-common/2.27/jersey-common-2.27.jar:/home/user/.m2/repository/org/glassfish/hk2/osgi-resource-locator/1.0.1/osgi-resource-locator-1.0.1.jar:/home/user/.m2/repository/javax/ws/rs/javax.ws.rs-api/2.1/javax.ws.rs-api-2.1.jar:/home/user/.m2/repository/org/glassfish/jersey/ext/cdi/jersey-cdi1x/2.27/jersey-cdi1x-2.27.jar:/home/user/.m2/repository/org/glassfish/jersey/inject/jersey-hk2/2.27/jersey-hk2-2.27.jar:/home/user/.m2/repository/org/glassfish/hk2/hk2-locator/2.5.0-b42/hk2-locator-2.5.0-b42.jar:/home/user/.m2/repository/org/javassist/javassist/3.22.0-CR2/javassist-3.22.0-CR2.jar:/home/user/.m2/repository/org/glassfish/hk2/hk2-api/2.5.0/hk2-api-2.5.0.jar:/home/user/.m2/repository/org/glassfish/hk2/external/jakarta.inject/2.5.0/jakarta.inject-2.5.0.jar:/home/user/.m2/repository/org/glassfish/hk2/hk2-utils/2.5.0/hk2-utils-2.5.0.jar:/home/user/.m2/repository/jakarta/annotation/jakarta.annotation-api/1.3.4/jakarta.annotation-api-1.3.4.jar:/home/user/.m2/repository/org/glassfish/hk2/external/aopalliance-repackaged/2.5.0/aopalliance-repackaged-2.5.0.jar:/home/user/.m2/repository/com/fasterxml/jackson/dataformat/jackson-dataformat-xml/2.9.0/jackson-dataformat-xml-2.9.0.jar:/home/user/.m2/repository/com/fasterxml/jackson/core/jackson-core/2.9.9/jackson-core-2.9.9.jar:/home/user/.m2/repository/com/fasterxml/jackson/module/jackson-module-jaxb-annotations/2.9.9/jackson-module-jaxb-annotations-2.9.9.jar:/home/user/.m2/repository/javax/enterprise/cdi-api/1.2/cdi-api-1.2.jar:/home/user/.m2/repository/javax/el/javax.el-api/3.0.0/javax.el-api-3.0.0.jar:/home/user/.m2/repository/javax/interceptor/javax.interceptor-api/1.2/javax.interceptor-api-1.2.jar:/home/user/.m2/repository/javax/inject/javax.inject/1/javax.inject-1.jar:/home/user/.m2/repository/com/sun/xml/bind/jaxb-impl/2.3.0.1/jaxb-impl-2.3.0.1.jar:/home/user/.m2/repository/com/sun/xml/bind/jaxb-core/2.3.0.1/jaxb-core-2.3.0.1.jar:/home/user/.m2/repository/javax/xml/bind/jaxb-api/2.3.0/jaxb-api-2.3.0.jar:/home/user/.m2/repository/javax/activation/activation/1.1.1/activation-1.1.1.jar:/home/user/.m2/repository/org/apache/hadoop/hadoop-ozone-csi/0.5.0-SNAPSHOT/hadoop-ozone-csi-0.5.0-SNAPSHOT.jar:/home/user/.m2/repository/com/google/protobuf/protobuf-java-util/3.5.1/protobuf-java-util-3.5.1.jar:/home/user/.m2/repository/org/apache/hadoop/hadoop-hdds-config/0.5.0-SNAPSHOT/hadoop-hdds-config-0.5.0-SNAPSHOT.jar:/home/user/.m2/repository/io/grpc/grpc-netty/1.17.1/grpc-netty-1.17.1.jar:/home/user/.m2/repository/io/grpc/grpc-core/1.17.1/grpc-core-1.17.1.jar:/home/user/.m2/repository/io/grpc/grpc-context/1.17.1/grpc-context-1.17.1.jar:/home/user/.m2/repository/com/google/errorprone/error_prone_annotations/2.2.0/error_prone_annotations-2.2.0.jar:/home/user/.m2/repository/org/codehaus/mojo/animal-sniffer-annotations/1.17/animal-sniffer-annotations-1.17.jar:/home/user/.m2/repository/io/opencensus/opencensus-api/0.17.0/opencensus-api-0.17.0.jar:/home/user/.m2/repository/io/opencensus/opencensus-contrib-grpc-metrics/0.17.0/opencensus-contrib-grpc-metrics-0.17.0.jar:/home/user/.m2/repository/io/netty/netty-codec-http2/4.1.30.Final/netty-codec-http2-4.1.30.Final.jar:/home/user/.m2/repository/io/netty/netty-codec-http/4.1.30.Final/netty-codec-http-4.1.30.Final.jar:/home/user/.m2/repository/io/netty/netty-codec/4.1.30.Final/netty-codec-4.1.30.Final.jar:/home/user/.m2/repository/io/netty/netty-handler/4.1.30.Final/netty-handler-4.1.30.Final.jar:/home/user/.m2/repository/io/netty/netty-handler-proxy/4.1.30.Final/netty-handler-proxy-4.1.30.Final.jar:/home/user/.m2/repository/io/netty/netty-codec-socks/4.1.30.Final/netty-codec-socks-4.1.30.Final.jar:/home/user/.m2/repository/io/netty/netty-transport-native-epoll/4.1.30.Final/netty-transport-native-epoll-4.1.30.Final.jar:/home/user/.m2/repository/io/netty/netty-common/4.1.30.Final/netty-common-4.1.30.Final.jar:/home/user/.m2/repository/io/netty/netty-buffer/4.1.30.Final/netty-buffer-4.1.30.Final.jar:/home/user/.m2/repository/io/netty/netty-transport/4.1.30.Final/netty-transport-4.1.30.Final.jar:/home/user/.m2/repository/io/netty/netty-resolver/4.1.30.Final/netty-resolver-4.1.30.Final.jar:/home/user/.m2/repository/io/netty/netty-transport-native-unix-common/4.1.30.Final/netty-transport-native-unix-common-4.1.30.Final.jar:/home/user/.m2/repository/io/grpc/grpc-protobuf/1.17.1/grpc-protobuf-1.17.1.jar:/home/user/.m2/repository/com/google/api/grpc/proto-google-common-protos/1.0.0/proto-google-common-protos-1.0.0.jar:/home/user/.m2/repository/io/grpc/grpc-protobuf-lite/1.17.1/grpc-protobuf-lite-1.17.1.jar:/home/user/.m2/repository/io/grpc/grpc-stub/1.17.1/grpc-stub-1.17.1.jar:/home/user/.m2/repository/org/apache/hadoop/hadoop-ozone-recon/0.5.0-SNAPSHOT/hadoop-ozone-recon-0.5.0-SNAPSHOT.jar:/home/user/.m2/repository/org/apache/hadoop/hadoop-ozone-reconcodegen/0.5.0-SNAPSHOT/hadoop-ozone-reconcodegen-0.5.0-SNAPSHOT.jar:/home/user/.m2/repository/com/google/inject/extensions/guice-multibindings/4.0/guice-multibindings-4.0.jar:/home/user/.m2/repository/com/google/inject/guice/4.0/guice-4.0.jar:/home/user/.m2/repository/aopalliance/aopalliance/1.0/aopalliance-1.0.jar:/home/user/.m2/repository/com/google/inject/extensions/guice-servlet/4.0/guice-servlet-4.0.jar:/home/user/.m2/repository/org/glassfish/jersey/containers/jersey-container-servlet/2.27/jersey-container-servlet-2.27.jar:/home/user/.m2/repository/org/glassfish/hk2/guice-bridge/2.5.0/guice-bridge-2.5.0.jar:/home/user/.m2/repository/org/glassfish/jersey/core/jersey-server/2.27/jersey-server-2.27.jar:/home/user/.m2/repository/org/glassfish/jersey/core/jersey-client/2.27/jersey-client-2.27.jar:/home/user/.m2/repository/org/glassfish/jersey/media/jersey-media-jaxb/2.27/jersey-media-jaxb-2.27.jar:/home/user/.m2/repository/javax/validation/validation-api/1.1.0.Final/validation-api-1.1.0.Final.jar:/home/user/.m2/repository/org/glassfish/jersey/media/jersey-media-json-jackson/2.27/jersey-media-json-jackson-2.27.jar:/home/user/.m2/repository/org/glassfish/jersey/ext/jersey-entity-filtering/2.27/jersey-entity-filtering-2.27.jar:/home/user/.m2/repository/com/google/inject/extensions/guice-assistedinject/4.0/guice-assistedinject-4.0.jar:/home/user/.m2/repository/org/jooq/jooq/3.11.10/jooq-3.11.10.jar:/home/user/.m2/repository/org/jooq/jooq-meta/3.11.10/jooq-meta-3.11.10.jar:/home/user/.m2/repository/org/jooq/jooq-codegen/3.11.10/jooq-codegen-3.11.10.jar:/home/user/.m2/repository/com/jolbox/bonecp/0.8.0.RELEASE/bonecp-0.8.0.RELEASE.jar:/home/user/.m2/repository/org/xerial/sqlite-jdbc/3.25.2/sqlite-jdbc-3.25.2.jar:/home/user/.m2/repository/org/springframework/spring-jdbc/5.1.3.RELEASE/spring-jdbc-5.1.3.RELEASE.jar:/home/user/.m2/repository/org/springframework/spring-beans/5.1.3.RELEASE/spring-beans-5.1.3.RELEASE.jar:/home/user/.m2/repository/org/springframework/spring-core/5.1.3.RELEASE/spring-core-5.1.3.RELEASE.jar:/home/user/.m2/repository/org/springframework/spring-jcl/5.1.3.RELEASE/spring-jcl-5.1.3.RELEASE.jar:/home/user/.m2/repository/org/springframework/spring-tx/5.1.3.RELEASE/spring-tx-5.1.3.RELEASE.jar:/home/user/.m2/repository/org/apache/hadoop/hadoop-ozone-client/0.5.0-SNAPSHOT/hadoop-ozone-client-0.5.0-SNAPSHOT.jar:/home/user/.m2/repository/commons-lang/commons-lang/2.6/commons-lang-2.6.jar:/home/user/.m2/repository/org/apache/hadoop/hadoop-ozone-ozone-manager/0.5.0-SNAPSHOT/hadoop-ozone-ozone-manager-0.5.0-SNAPSHOT-tests.jar:/home/user/.m2/repository/junit/junit/4.11/junit-4.11.jar:/home/user/.m2/repository/org/hamcrest/hamcrest-core/1.3/hamcrest-core-1.3.jar:/home/user/.m2/repository/org/openjdk/jmh/jmh-core/1.19/jmh-core-1.19.jar:/home/user/.m2/repository/net/sf/jopt-simple/jopt-simple/4.6/jopt-simple-4.6.jar:/home/user/.m2/repository/org/apache/commons/commons-math3/3.1.1/commons-math3-3.1.1.jar:/home/user/.m2/repository/org/openjdk/jmh/jmh-generator-annprocess/1.19/jmh-generator-annprocess-1.19.jar:/home/user/.m2/repository/org/mockito/mockito-all/1.8.5/mockito-all-1.8.5.jar:/home/user/.m2/repository/org/apache/hadoop/hadoop-kms/3.2.0/hadoop-kms-3.2.0.jar:/home/user/.m2/repository/org/apache/hadoop/hadoop-auth/3.2.0/hadoop-auth-3.2.0.jar:/home/user/.m2/repository/com/nimbusds/nimbus-jose-jwt/4.41.1/nimbus-jose-jwt-4.41.1.jar:/home/user/.m2/repository/com/github/stephenc/jcip/jcip-annotations/1.0-1/jcip-annotations-1.0-1.jar:/home/user/.m2/repository/net/minidev/json-smart/2.3/json-smart-2.3.jar:/home/user/.m2/repository/net/minidev/accessors-smart/1.2/accessors-smart-1.2.jar:/home/user/.m2/repository/org/ow2/asm/asm/5.0.4/asm-5.0.4.jar:/home/user/.m2/repository/org/apache/curator/curator-framework/2.12.0/curator-framework-2.12.0.jar:/home/user/.m2/repository/com/sun/jersey/jersey-core/1.19/jersey-core-1.19.jar:/home/user/.m2/repository/javax/ws/rs/jsr311-api/1.1.1/jsr311-api-1.1.1.jar:/home/user/.m2/repository/com/sun/jersey/jersey-server/1.19/jersey-server-1.19.jar:/home/user/.m2/repository/javax/servlet/javax.servlet-api/3.1.0/javax.servlet-api-3.1.0.jar:/home/user/.m2/repository/org/eclipse/jetty/jetty-server/9.3.25.v20180904/jetty-server-9.3.25.v20180904.jar:/home/user/.m2/repository/org/eclipse/jetty/jetty-http/9.3.25.v20180904/jetty-http-9.3.25.v20180904.jar:/home/user/.m2/repository/org/eclipse/jetty/jetty-io/9.3.25.v20180904/jetty-io-9.3.25.v20180904.jar:/home/user/.m2/repository/org/eclipse/jetty/jetty-webapp/9.3.25.v20180904/jetty-webapp-9.3.25.v20180904.jar:/home/user/.m2/repository/org/eclipse/jetty/jetty-xml/9.3.25.v20180904/jetty-xml-9.3.25.v20180904.jar:/home/user/.m2/repository/log4j/log4j/1.2.17/log4j-1.2.17.jar:/home/user/.m2/repository/org/slf4j/slf4j-api/1.7.25/slf4j-api-1.7.25.jar:/home/user/.m2/repository/org/slf4j/jul-to-slf4j/1.7.25/jul-to-slf4j-1.7.25.jar:/home/user/.m2/repository/org/eclipse/jetty/jetty-util/9.3.25.v20180904/jetty-util-9.3.25.v20180904.jar:/home/user/.m2/repository/com/fasterxml/jackson/core/jackson-databind/2.9.9/jackson-databind-2.9.9.jar:/home/user/.m2/repository/org/apache/hadoop/hadoop-kms/3.2.0/hadoop-kms-3.2.0-tests.jar:/home/user/.m2/repository/org/apache/hadoop/hadoop-hdds-server-scm/0.5.0-SNAPSHOT/hadoop-hdds-server-scm-0.5.0-SNAPSHOT-tests.jar:/home/user/.m2/repository/org/apache/hadoop/hadoop-hdds-container-service/0.5.0-SNAPSHOT/hadoop-hdds-container-service-0.5.0-SNAPSHOT-tests.jar:/home/user/.m2/repository/org/yaml/snakeyaml/1.16/snakeyaml-1.16.jar:/home/user/.m2/repository/org/apache/hadoop/hadoop-common/3.2.0/hadoop-common-3.2.0-tests.jar:/home/user/.m2/repository/org/apache/hadoop/hadoop-annotations/3.2.0/hadoop-annotations-3.2.0.jar:/usr/lib/jvm/java-1.8-openjdk/jre/../lib/tools.jar:/home/user/.m2/repository/commons-cli/commons-cli/1.2/commons-cli-1.2.jar:/home/user/.m2/repository/org/apache/httpcomponents/httpclient/4.5.2/httpclient-4.5.2.jar:/home/user/.m2/repository/org/apache/httpcomponents/httpcore/4.4.4/httpcore-4.4.4.jar:/home/user/.m2/repository/commons-codec/commons-codec/1.11/commons-codec-1.11.jar:/home/user/.m2/repository/commons-net/commons-net/3.6/commons-net-3.6.jar:/home/user/.m2/repository/commons-collections/commons-collections/3.2.2/commons-collections-3.2.2.jar:/home/user/.m2/repository/org/eclipse/jetty/jetty-servlet/9.3.25.v20180904/jetty-servlet-9.3.25.v20180904.jar:/home/user/.m2/repository/org/eclipse/jetty/jetty-security/9.3.25.v20180904/jetty-security-9.3.25.v20180904.jar:/home/user/.m2/repository/javax/servlet/jsp/jsp-api/2.1/jsp-api-2.1.jar:/home/user/.m2/repository/com/sun/jersey/jersey-servlet/1.19/jersey-servlet-1.19.jar:/home/user/.m2/repository/com/sun/jersey/jersey-json/1.19/jersey-json-1.19.jar:/home/user/.m2/repository/org/codehaus/jettison/jettison/1.1/jettison-1.1.jar:/home/user/.m2/repository/org/codehaus/jackson/jackson-core-asl/1.9.13/jackson-core-asl-1.9.13.jar:/home/user/.m2/repository/org/codehaus/jackson/jackson-mapper-asl/1.9.13/jackson-mapper-asl-1.9.13.jar:/home/user/.m2/repository/org/codehaus/jackson/jackson-jaxrs/1.9.13/jackson-jaxrs-1.9.13.jar:/home/user/.m2/repository/org/codehaus/jackson/jackson-xc/1.9.13/jackson-xc-1.9.13.jar:/home/user/.m2/repository/commons-logging/commons-logging/1.1.3/commons-logging-1.1.3.jar:/home/user/.m2/repository/commons-beanutils/commons-beanutils/1.9.4/commons-beanutils-1.9.4.jar:/home/user/.m2/repository/org/apache/commons/commons-configuration2/2.1.1/commons-configuration2-2.1.1.jar:/home/user/.m2/repository/org/apache/commons/commons-lang3/3.7/commons-lang3-3.7.jar:/home/user/.m2/repository/org/apache/commons/commons-text/1.4/commons-text-1.4.jar:/home/user/.m2/repository/org/apache/avro/avro/1.7.7/avro-1.7.7.jar:/home/user/.m2/repository/com/thoughtworks/paranamer/paranamer/2.3/paranamer-2.3.jar:/home/user/.m2/repository/org/xerial/snappy/snappy-java/1.0.5/snappy-java-1.0.5.jar:/home/user/.m2/repository/com/google/re2j/re2j/1.1/re2j-1.1.jar:/home/user/.m2/repository/com/google/code/gson/gson/2.2.4/gson-2.2.4.jar:/home/user/.m2/repository/com/jcraft/jsch/0.1.54/jsch-0.1.54.jar:/home/user/.m2/repository/org/apache/curator/curator-client/2.12.0/curator-client-2.12.0.jar:/home/user/.m2/repository/org/apache/curator/curator-recipes/2.12.0/curator-recipes-2.12.0.jar:/home/user/.m2/repository/com/google/code/findbugs/jsr305/3.0.0/jsr305-3.0.0.jar:/home/user/.m2/repository/org/apache/htrace/htrace-core4/4.1.0-incubating/htrace-core4-4.1.0-incubating.jar:/home/user/.m2/repository/org/apache/zookeeper/zookeeper/3.4.13/zookeeper-3.4.13.jar:/home/user/.m2/repository/jline/jline/0.9.94/jline-0.9.94.jar:/home/user/.m2/repository/org/apache/yetus/audience-annotations/0.5.0/audience-annotations-0.5.0.jar:/home/user/.m2/repository/org/codehaus/woodstox/stax2-api/3.1.4/stax2-api-3.1.4.jar:/home/user/.m2/repository/com/fasterxml/woodstox/woodstox-core/5.0.3/woodstox-core-5.0.3.jar:/home/user/.m2/repository/dnsjava/dnsjava/2.1.7/dnsjava-2.1.7.jar:/home/user/.m2/repository/org/apache/hadoop/hadoop-hdfs/3.2.0/hadoop-hdfs-3.2.0-tests.jar:/home/user/.m2/repository/org/eclipse/jetty/jetty-util-ajax/9.3.25.v20180904/jetty-util-ajax-9.3.25.v20180904.jar:/home/user/.m2/repository/commons-daemon/commons-daemon/1.0.13/commons-daemon-1.0.13.jar:/home/user/.m2/repository/io/netty/netty/3.10.5.Final/netty-3.10.5.Final.jar:/home/user/.m2/repository/io/netty/netty-all/4.0.52.Final/netty-all-4.0.52.Final.jar:/home/user/.m2/repository/org/fusesource/leveldbjni/leveldbjni-all/1.8/leveldbjni-all-1.8.jar:"/>
    <property name="java.vm.vendor" value="IcedTea"/>
    <property name="sun.arch.data.model" value="64"/>
    <property name="test.build.dir" value="/workdir/hadoop-ozone/integration-test/target/test-dir"/>
    <property name="test.cache.data" value=""/>
    <property name="java.vendor.url" value="https://icedtea.classpath.org"/>
    <property name="user.timezone" value=""/>
    <property name="java.vm.specification.version" value="1.8"/>
    <property name="os.name" value="Linux"/>
    <property name="test.build.data" value="/workdir/hadoop-ozone/integration-test/target/test-dir"/>
    <property name="user.country" value="US"/>
    <property name="sun.java.launcher" value="SUN_STANDARD"/>
    <property name="sun.boot.library.path" value="/usr/lib/jvm/java-1.8-openjdk/jre/lib/amd64"/>
    <property name="sun.java.command" value="/workdir/hadoop-ozone/integration-test/target/surefire/surefirebooter205091137460998447.jar /workdir/hadoop-ozone/integration-test/target/surefire 2019-09-25T04-01-08_071-jvmRun1 surefire4673590954543216723tmp surefire_272119281448553118723tmp"/>
    <property name="test" value="!TestMiniChaosOzoneCluster"/>
    <property name="surefire.test.class.path" value="/workdir/hadoop-ozone/integration-test/target/test-classes:/workdir/hadoop-ozone/integration-test/target/classes:/home/user/.m2/repository/org/apache/hadoop/hadoop-ozone-common/0.5.0-SNAPSHOT/hadoop-ozone-common-0.5.0-SNAPSHOT.jar:/home/user/.m2/repository/org/apache/commons/commons-compress/1.4.1/commons-compress-1.4.1.jar:/home/user/.m2/repository/org/tukaani/xz/1.0/xz-1.0.jar:/home/user/.m2/repository/org/apache/hadoop/hadoop-common/3.2.0/hadoop-common-3.2.0.jar:/home/user/.m2/repository/org/apache/hadoop/hadoop-hdfs/3.2.0/hadoop-hdfs-3.2.0.jar:/home/user/.m2/repository/org/apache/hadoop/hadoop-hdfs-client/3.2.0/hadoop-hdfs-client-3.2.0.jar:/home/user/.m2/repository/com/fasterxml/jackson/core/jackson-annotations/2.9.9/jackson-annotations-2.9.9.jar:/home/user/.m2/repository/org/apache/hadoop/hadoop-hdds-common/0.5.0-SNAPSHOT/hadoop-hdds-common-0.5.0-SNAPSHOT.jar:/home/user/.m2/repository/javax/annotation/javax.annotation-api/1.2/javax.annotation-api-1.2.jar:/home/user/.m2/repository/org/apache/ratis/ratis-server/0.4.0/ratis-server-0.4.0.jar:/home/user/.m2/repository/org/apache/ratis/ratis-thirdparty-misc/0.2.0/ratis-thirdparty-misc-0.2.0.jar:/home/user/.m2/repository/org/apache/ratis/ratis-proto/0.4.0/ratis-proto-0.4.0.jar:/home/user/.m2/repository/org/apache/ratis/ratis-common/0.4.0/ratis-common-0.4.0.jar:/home/user/.m2/repository/org/apache/ratis/ratis-client/0.4.0/ratis-client-0.4.0.jar:/home/user/.m2/repository/org/apache/ratis/ratis-metrics/0.4.0/ratis-metrics-0.4.0.jar:/home/user/.m2/repository/com/github/joshelser/dropwizard-metrics-hadoop-metrics2-reporter/0.1.2/dropwizard-metrics-hadoop-metrics2-reporter-0.1.2.jar:/home/user/.m2/repository/io/dropwizard/metrics/metrics-jvm/3.2.5/metrics-jvm-3.2.5.jar:/home/user/.m2/repository/io/dropwizard/metrics/metrics-ganglia/3.2.5/metrics-ganglia-3.2.5.jar:/home/user/.m2/repository/info/ganglia/gmetric4j/gmetric4j/1.0.7/gmetric4j-1.0.7.jar:/home/user/.m2/repository/org/apache/ratis/ratis-netty/0.4.0/ratis-netty-0.4.0.jar:/home/user/.m2/repository/org/apache/ratis/ratis-grpc/0.4.0/ratis-grpc-0.4.0.jar:/home/user/.m2/repository/org/rocksdb/rocksdbjni/6.0.1/rocksdbjni-6.0.1.jar:/home/user/.m2/repository/org/apache/logging/log4j/log4j-api/2.11.0/log4j-api-2.11.0.jar:/home/user/.m2/repository/org/apache/logging/log4j/log4j-core/2.11.0/log4j-core-2.11.0.jar:/home/user/.m2/repository/com/lmax/disruptor/3.4.2/disruptor-3.4.2.jar:/home/user/.m2/repository/org/apache/commons/commons-pool2/2.6.0/commons-pool2-2.6.0.jar:/home/user/.m2/repository/org/bouncycastle/bcpkix-jdk15on/1.60/bcpkix-jdk15on-1.60.jar:/home/user/.m2/repository/commons-validator/commons-validator/1.6/commons-validator-1.6.jar:/home/user/.m2/repository/commons-digester/commons-digester/1.8.1/commons-digester-1.8.1.jar:/home/user/.m2/repository/io/jaegertracing/jaeger-client/0.34.0/jaeger-client-0.34.0.jar:/home/user/.m2/repository/io/jaegertracing/jaeger-thrift/0.34.0/jaeger-thrift-0.34.0.jar:/home/user/.m2/repository/org/apache/thrift/libthrift/0.12.0/libthrift-0.12.0.jar:/home/user/.m2/repository/com/squareup/okhttp3/okhttp/3.9.0/okhttp-3.9.0.jar:/home/user/.m2/repository/com/squareup/okio/okio/1.13.0/okio-1.13.0.jar:/home/user/.m2/repository/io/jaegertracing/jaeger-core/0.34.0/jaeger-core-0.34.0.jar:/home/user/.m2/repository/io/jaegertracing/jaeger-tracerresolver/0.34.0/jaeger-tracerresolver-0.34.0.jar:/home/user/.m2/repository/io/opentracing/contrib/opentracing-tracerresolver/0.1.5/opentracing-tracerresolver-0.1.5.jar:/home/user/.m2/repository/io/opentracing/opentracing-util/0.31.0/opentracing-util-0.31.0.jar:/home/user/.m2/repository/io/opentracing/opentracing-api/0.31.0/opentracing-api-0.31.0.jar:/home/user/.m2/repository/io/opentracing/opentracing-noop/0.31.0/opentracing-noop-0.31.0.jar:/home/user/.m2/repository/org/apache/hadoop/hadoop-hdds-server-framework/0.5.0-SNAPSHOT/hadoop-hdds-server-framework-0.5.0-SNAPSHOT.jar:/home/user/.m2/repository/org/apache/hadoop/hadoop-hdds-container-service/0.5.0-SNAPSHOT/hadoop-hdds-container-service-0.5.0-SNAPSHOT.jar:/home/user/.m2/repository/org/apache/hadoop/hadoop-hdds-client/0.5.0-SNAPSHOT/hadoop-hdds-client-0.5.0-SNAPSHOT.jar:/home/user/.m2/repository/org/apache/hadoop/hadoop-hdds-tools/0.5.0-SNAPSHOT/hadoop-hdds-tools-0.5.0-SNAPSHOT.jar:/home/user/.m2/repository/org/apache/hadoop/hadoop-hdds-server-scm/0.5.0-SNAPSHOT/hadoop-hdds-server-scm-0.5.0-SNAPSHOT.jar:/home/user/.m2/repository/org/apache/hadoop/hadoop-hdds-docs/0.5.0-SNAPSHOT/hadoop-hdds-docs-0.5.0-SNAPSHOT.jar:/home/user/.m2/repository/io/dropwizard/metrics/metrics-core/3.2.4/metrics-core-3.2.4.jar:/home/user/.m2/repository/org/hamcrest/hamcrest-all/1.3/hamcrest-all-1.3.jar:/home/user/.m2/repository/org/bouncycastle/bcprov-jdk15on/1.60/bcprov-jdk15on-1.60.jar:/home/user/.m2/repository/info/picocli/picocli/3.9.6/picocli-3.9.6.jar:/home/user/.m2/repository/com/google/protobuf/protobuf-java/2.5.0/protobuf-java-2.5.0.jar:/home/user/.m2/repository/com/google/guava/guava/11.0.2/guava-11.0.2.jar:/home/user/.m2/repository/org/apache/hadoop/hadoop-ozone-ozone-manager/0.5.0-SNAPSHOT/hadoop-ozone-ozone-manager-0.5.0-SNAPSHOT.jar:/home/user/.m2/repository/org/apache/hadoop/hadoop-minikdc/3.2.0/hadoop-minikdc-3.2.0.jar:/home/user/.m2/repository/commons-io/commons-io/2.5/commons-io-2.5.jar:/home/user/.m2/repository/org/apache/kerby/kerb-simplekdc/1.0.1/kerb-simplekdc-1.0.1.jar:/home/user/.m2/repository/org/apache/kerby/kerb-client/1.0.1/kerb-client-1.0.1.jar:/home/user/.m2/repository/org/apache/kerby/kerby-config/1.0.1/kerby-config-1.0.1.jar:/home/user/.m2/repository/org/apache/kerby/kerb-core/1.0.1/kerb-core-1.0.1.jar:/home/user/.m2/repository/org/apache/kerby/kerby-pkix/1.0.1/kerby-pkix-1.0.1.jar:/home/user/.m2/repository/org/apache/kerby/kerby-asn1/1.0.1/kerby-asn1-1.0.1.jar:/home/user/.m2/repository/org/apache/kerby/kerby-util/1.0.1/kerby-util-1.0.1.jar:/home/user/.m2/repository/org/apache/kerby/kerb-common/1.0.1/kerb-common-1.0.1.jar:/home/user/.m2/repository/org/apache/kerby/kerb-crypto/1.0.1/kerb-crypto-1.0.1.jar:/home/user/.m2/repository/org/apache/kerby/kerb-util/1.0.1/kerb-util-1.0.1.jar:/home/user/.m2/repository/org/apache/kerby/token-provider/1.0.1/token-provider-1.0.1.jar:/home/user/.m2/repository/org/apache/kerby/kerb-admin/1.0.1/kerb-admin-1.0.1.jar:/home/user/.m2/repository/org/apache/kerby/kerb-server/1.0.1/kerb-server-1.0.1.jar:/home/user/.m2/repository/org/apache/kerby/kerb-identity/1.0.1/kerb-identity-1.0.1.jar:/home/user/.m2/repository/org/apache/kerby/kerby-xdr/1.0.1/kerby-xdr-1.0.1.jar:/home/user/.m2/repository/org/slf4j/slf4j-log4j12/1.7.25/slf4j-log4j12-1.7.25.jar:/home/user/.m2/repository/org/apache/hadoop/hadoop-ozone-s3gateway/0.5.0-SNAPSHOT/hadoop-ozone-s3gateway-0.5.0-SNAPSHOT.jar:/home/user/.m2/repository/org/jboss/weld/servlet/weld-servlet/2.4.7.Final/weld-servlet-2.4.7.Final.jar:/home/user/.m2/repository/org/glassfish/jersey/containers/jersey-container-servlet-core/2.27/jersey-container-servlet-core-2.27.jar:/home/user/.m2/repository/org/glassfish/hk2/external/javax.inject/2.5.0-b42/javax.inject-2.5.0-b42.jar:/home/user/.m2/repository/org/glassfish/jersey/core/jersey-common/2.27/jersey-common-2.27.jar:/home/user/.m2/repository/org/glassfish/hk2/osgi-resource-locator/1.0.1/osgi-resource-locator-1.0.1.jar:/home/user/.m2/repository/javax/ws/rs/javax.ws.rs-api/2.1/javax.ws.rs-api-2.1.jar:/home/user/.m2/repository/org/glassfish/jersey/ext/cdi/jersey-cdi1x/2.27/jersey-cdi1x-2.27.jar:/home/user/.m2/repository/org/glassfish/jersey/inject/jersey-hk2/2.27/jersey-hk2-2.27.jar:/home/user/.m2/repository/org/glassfish/hk2/hk2-locator/2.5.0-b42/hk2-locator-2.5.0-b42.jar:/home/user/.m2/repository/org/javassist/javassist/3.22.0-CR2/javassist-3.22.0-CR2.jar:/home/user/.m2/repository/org/glassfish/hk2/hk2-api/2.5.0/hk2-api-2.5.0.jar:/home/user/.m2/repository/org/glassfish/hk2/external/jakarta.inject/2.5.0/jakarta.inject-2.5.0.jar:/home/user/.m2/repository/org/glassfish/hk2/hk2-utils/2.5.0/hk2-utils-2.5.0.jar:/home/user/.m2/repository/jakarta/annotation/jakarta.annotation-api/1.3.4/jakarta.annotation-api-1.3.4.jar:/home/user/.m2/repository/org/glassfish/hk2/external/aopalliance-repackaged/2.5.0/aopalliance-repackaged-2.5.0.jar:/home/user/.m2/repository/com/fasterxml/jackson/dataformat/jackson-dataformat-xml/2.9.0/jackson-dataformat-xml-2.9.0.jar:/home/user/.m2/repository/com/fasterxml/jackson/core/jackson-core/2.9.9/jackson-core-2.9.9.jar:/home/user/.m2/repository/com/fasterxml/jackson/module/jackson-module-jaxb-annotations/2.9.9/jackson-module-jaxb-annotations-2.9.9.jar:/home/user/.m2/repository/javax/enterprise/cdi-api/1.2/cdi-api-1.2.jar:/home/user/.m2/repository/javax/el/javax.el-api/3.0.0/javax.el-api-3.0.0.jar:/home/user/.m2/repository/javax/interceptor/javax.interceptor-api/1.2/javax.interceptor-api-1.2.jar:/home/user/.m2/repository/javax/inject/javax.inject/1/javax.inject-1.jar:/home/user/.m2/repository/com/sun/xml/bind/jaxb-impl/2.3.0.1/jaxb-impl-2.3.0.1.jar:/home/user/.m2/repository/com/sun/xml/bind/jaxb-core/2.3.0.1/jaxb-core-2.3.0.1.jar:/home/user/.m2/repository/javax/xml/bind/jaxb-api/2.3.0/jaxb-api-2.3.0.jar:/home/user/.m2/repository/javax/activation/activation/1.1.1/activation-1.1.1.jar:/home/user/.m2/repository/org/apache/hadoop/hadoop-ozone-csi/0.5.0-SNAPSHOT/hadoop-ozone-csi-0.5.0-SNAPSHOT.jar:/home/user/.m2/repository/com/google/protobuf/protobuf-java-util/3.5.1/protobuf-java-util-3.5.1.jar:/home/user/.m2/repository/org/apache/hadoop/hadoop-hdds-config/0.5.0-SNAPSHOT/hadoop-hdds-config-0.5.0-SNAPSHOT.jar:/home/user/.m2/repository/io/grpc/grpc-netty/1.17.1/grpc-netty-1.17.1.jar:/home/user/.m2/repository/io/grpc/grpc-core/1.17.1/grpc-core-1.17.1.jar:/home/user/.m2/repository/io/grpc/grpc-context/1.17.1/grpc-context-1.17.1.jar:/home/user/.m2/repository/com/google/errorprone/error_prone_annotations/2.2.0/error_prone_annotations-2.2.0.jar:/home/user/.m2/repository/org/codehaus/mojo/animal-sniffer-annotations/1.17/animal-sniffer-annotations-1.17.jar:/home/user/.m2/repository/io/opencensus/opencensus-api/0.17.0/opencensus-api-0.17.0.jar:/home/user/.m2/repository/io/opencensus/opencensus-contrib-grpc-metrics/0.17.0/opencensus-contrib-grpc-metrics-0.17.0.jar:/home/user/.m2/repository/io/netty/netty-codec-http2/4.1.30.Final/netty-codec-http2-4.1.30.Final.jar:/home/user/.m2/repository/io/netty/netty-codec-http/4.1.30.Final/netty-codec-http-4.1.30.Final.jar:/home/user/.m2/repository/io/netty/netty-codec/4.1.30.Final/netty-codec-4.1.30.Final.jar:/home/user/.m2/repository/io/netty/netty-handler/4.1.30.Final/netty-handler-4.1.30.Final.jar:/home/user/.m2/repository/io/netty/netty-handler-proxy/4.1.30.Final/netty-handler-proxy-4.1.30.Final.jar:/home/user/.m2/repository/io/netty/netty-codec-socks/4.1.30.Final/netty-codec-socks-4.1.30.Final.jar:/home/user/.m2/repository/io/netty/netty-transport-native-epoll/4.1.30.Final/netty-transport-native-epoll-4.1.30.Final.jar:/home/user/.m2/repository/io/netty/netty-common/4.1.30.Final/netty-common-4.1.30.Final.jar:/home/user/.m2/repository/io/netty/netty-buffer/4.1.30.Final/netty-buffer-4.1.30.Final.jar:/home/user/.m2/repository/io/netty/netty-transport/4.1.30.Final/netty-transport-4.1.30.Final.jar:/home/user/.m2/repository/io/netty/netty-resolver/4.1.30.Final/netty-resolver-4.1.30.Final.jar:/home/user/.m2/repository/io/netty/netty-transport-native-unix-common/4.1.30.Final/netty-transport-native-unix-common-4.1.30.Final.jar:/home/user/.m2/repository/io/grpc/grpc-protobuf/1.17.1/grpc-protobuf-1.17.1.jar:/home/user/.m2/repository/com/google/api/grpc/proto-google-common-protos/1.0.0/proto-google-common-protos-1.0.0.jar:/home/user/.m2/repository/io/grpc/grpc-protobuf-lite/1.17.1/grpc-protobuf-lite-1.17.1.jar:/home/user/.m2/repository/io/grpc/grpc-stub/1.17.1/grpc-stub-1.17.1.jar:/home/user/.m2/repository/org/apache/hadoop/hadoop-ozone-recon/0.5.0-SNAPSHOT/hadoop-ozone-recon-0.5.0-SNAPSHOT.jar:/home/user/.m2/repository/org/apache/hadoop/hadoop-ozone-reconcodegen/0.5.0-SNAPSHOT/hadoop-ozone-reconcodegen-0.5.0-SNAPSHOT.jar:/home/user/.m2/repository/com/google/inject/extensions/guice-multibindings/4.0/guice-multibindings-4.0.jar:/home/user/.m2/repository/com/google/inject/guice/4.0/guice-4.0.jar:/home/user/.m2/repository/aopalliance/aopalliance/1.0/aopalliance-1.0.jar:/home/user/.m2/repository/com/google/inject/extensions/guice-servlet/4.0/guice-servlet-4.0.jar:/home/user/.m2/repository/org/glassfish/jersey/containers/jersey-container-servlet/2.27/jersey-container-servlet-2.27.jar:/home/user/.m2/repository/org/glassfish/hk2/guice-bridge/2.5.0/guice-bridge-2.5.0.jar:/home/user/.m2/repository/org/glassfish/jersey/core/jersey-server/2.27/jersey-server-2.27.jar:/home/user/.m2/repository/org/glassfish/jersey/core/jersey-client/2.27/jersey-client-2.27.jar:/home/user/.m2/repository/org/glassfish/jersey/media/jersey-media-jaxb/2.27/jersey-media-jaxb-2.27.jar:/home/user/.m2/repository/javax/validation/validation-api/1.1.0.Final/validation-api-1.1.0.Final.jar:/home/user/.m2/repository/org/glassfish/jersey/media/jersey-media-json-jackson/2.27/jersey-media-json-jackson-2.27.jar:/home/user/.m2/repository/org/glassfish/jersey/ext/jersey-entity-filtering/2.27/jersey-entity-filtering-2.27.jar:/home/user/.m2/repository/com/google/inject/extensions/guice-assistedinject/4.0/guice-assistedinject-4.0.jar:/home/user/.m2/repository/org/jooq/jooq/3.11.10/jooq-3.11.10.jar:/home/user/.m2/repository/org/jooq/jooq-meta/3.11.10/jooq-meta-3.11.10.jar:/home/user/.m2/repository/org/jooq/jooq-codegen/3.11.10/jooq-codegen-3.11.10.jar:/home/user/.m2/repository/com/jolbox/bonecp/0.8.0.RELEASE/bonecp-0.8.0.RELEASE.jar:/home/user/.m2/repository/org/xerial/sqlite-jdbc/3.25.2/sqlite-jdbc-3.25.2.jar:/home/user/.m2/repository/org/springframework/spring-jdbc/5.1.3.RELEASE/spring-jdbc-5.1.3.RELEASE.jar:/home/user/.m2/repository/org/springframework/spring-beans/5.1.3.RELEASE/spring-beans-5.1.3.RELEASE.jar:/home/user/.m2/repository/org/springframework/spring-core/5.1.3.RELEASE/spring-core-5.1.3.RELEASE.jar:/home/user/.m2/repository/org/springframework/spring-jcl/5.1.3.RELEASE/spring-jcl-5.1.3.RELEASE.jar:/home/user/.m2/repository/org/springframework/spring-tx/5.1.3.RELEASE/spring-tx-5.1.3.RELEASE.jar:/home/user/.m2/repository/org/apache/hadoop/hadoop-ozone-client/0.5.0-SNAPSHOT/hadoop-ozone-client-0.5.0-SNAPSHOT.jar:/home/user/.m2/repository/commons-lang/commons-lang/2.6/commons-lang-2.6.jar:/home/user/.m2/repository/org/apache/hadoop/hadoop-ozone-ozone-manager/0.5.0-SNAPSHOT/hadoop-ozone-ozone-manager-0.5.0-SNAPSHOT-tests.jar:/home/user/.m2/repository/junit/junit/4.11/junit-4.11.jar:/home/user/.m2/repository/org/hamcrest/hamcrest-core/1.3/hamcrest-core-1.3.jar:/home/user/.m2/repository/org/openjdk/jmh/jmh-core/1.19/jmh-core-1.19.jar:/home/user/.m2/repository/net/sf/jopt-simple/jopt-simple/4.6/jopt-simple-4.6.jar:/home/user/.m2/repository/org/apache/commons/commons-math3/3.1.1/commons-math3-3.1.1.jar:/home/user/.m2/repository/org/openjdk/jmh/jmh-generator-annprocess/1.19/jmh-generator-annprocess-1.19.jar:/home/user/.m2/repository/org/mockito/mockito-all/1.8.5/mockito-all-1.8.5.jar:/home/user/.m2/repository/org/apache/hadoop/hadoop-kms/3.2.0/hadoop-kms-3.2.0.jar:/home/user/.m2/repository/org/apache/hadoop/hadoop-auth/3.2.0/hadoop-auth-3.2.0.jar:/home/user/.m2/repository/com/nimbusds/nimbus-jose-jwt/4.41.1/nimbus-jose-jwt-4.41.1.jar:/home/user/.m2/repository/com/github/stephenc/jcip/jcip-annotations/1.0-1/jcip-annotations-1.0-1.jar:/home/user/.m2/repository/net/minidev/json-smart/2.3/json-smart-2.3.jar:/home/user/.m2/repository/net/minidev/accessors-smart/1.2/accessors-smart-1.2.jar:/home/user/.m2/repository/org/ow2/asm/asm/5.0.4/asm-5.0.4.jar:/home/user/.m2/repository/org/apache/curator/curator-framework/2.12.0/curator-framework-2.12.0.jar:/home/user/.m2/repository/com/sun/jersey/jersey-core/1.19/jersey-core-1.19.jar:/home/user/.m2/repository/javax/ws/rs/jsr311-api/1.1.1/jsr311-api-1.1.1.jar:/home/user/.m2/repository/com/sun/jersey/jersey-server/1.19/jersey-server-1.19.jar:/home/user/.m2/repository/javax/servlet/javax.servlet-api/3.1.0/javax.servlet-api-3.1.0.jar:/home/user/.m2/repository/org/eclipse/jetty/jetty-server/9.3.25.v20180904/jetty-server-9.3.25.v20180904.jar:/home/user/.m2/repository/org/eclipse/jetty/jetty-http/9.3.25.v20180904/jetty-http-9.3.25.v20180904.jar:/home/user/.m2/repository/org/eclipse/jetty/jetty-io/9.3.25.v20180904/jetty-io-9.3.25.v20180904.jar:/home/user/.m2/repository/org/eclipse/jetty/jetty-webapp/9.3.25.v20180904/jetty-webapp-9.3.25.v20180904.jar:/home/user/.m2/repository/org/eclipse/jetty/jetty-xml/9.3.25.v20180904/jetty-xml-9.3.25.v20180904.jar:/home/user/.m2/repository/log4j/log4j/1.2.17/log4j-1.2.17.jar:/home/user/.m2/repository/org/slf4j/slf4j-api/1.7.25/slf4j-api-1.7.25.jar:/home/user/.m2/repository/org/slf4j/jul-to-slf4j/1.7.25/jul-to-slf4j-1.7.25.jar:/home/user/.m2/repository/org/eclipse/jetty/jetty-util/9.3.25.v20180904/jetty-util-9.3.25.v20180904.jar:/home/user/.m2/repository/com/fasterxml/jackson/core/jackson-databind/2.9.9/jackson-databind-2.9.9.jar:/home/user/.m2/repository/org/apache/hadoop/hadoop-kms/3.2.0/hadoop-kms-3.2.0-tests.jar:/home/user/.m2/repository/org/apache/hadoop/hadoop-hdds-server-scm/0.5.0-SNAPSHOT/hadoop-hdds-server-scm-0.5.0-SNAPSHOT-tests.jar:/home/user/.m2/repository/org/apache/hadoop/hadoop-hdds-container-service/0.5.0-SNAPSHOT/hadoop-hdds-container-service-0.5.0-SNAPSHOT-tests.jar:/home/user/.m2/repository/org/yaml/snakeyaml/1.16/snakeyaml-1.16.jar:/home/user/.m2/repository/org/apache/hadoop/hadoop-common/3.2.0/hadoop-common-3.2.0-tests.jar:/home/user/.m2/repository/org/apache/hadoop/hadoop-annotations/3.2.0/hadoop-annotations-3.2.0.jar:/usr/lib/jvm/java-1.8-openjdk/jre/../lib/tools.jar:/home/user/.m2/repository/commons-cli/commons-cli/1.2/commons-cli-1.2.jar:/home/user/.m2/repository/org/apache/httpcomponents/httpclient/4.5.2/httpclient-4.5.2.jar:/home/user/.m2/repository/org/apache/httpcomponents/httpcore/4.4.4/httpcore-4.4.4.jar:/home/user/.m2/repository/commons-codec/commons-codec/1.11/commons-codec-1.11.jar:/home/user/.m2/repository/commons-net/commons-net/3.6/commons-net-3.6.jar:/home/user/.m2/repository/commons-collections/commons-collections/3.2.2/commons-collections-3.2.2.jar:/home/user/.m2/repository/org/eclipse/jetty/jetty-servlet/9.3.25.v20180904/jetty-servlet-9.3.25.v20180904.jar:/home/user/.m2/repository/org/eclipse/jetty/jetty-security/9.3.25.v20180904/jetty-security-9.3.25.v20180904.jar:/home/user/.m2/repository/javax/servlet/jsp/jsp-api/2.1/jsp-api-2.1.jar:/home/user/.m2/repository/com/sun/jersey/jersey-servlet/1.19/jersey-servlet-1.19.jar:/home/user/.m2/repository/com/sun/jersey/jersey-json/1.19/jersey-json-1.19.jar:/home/user/.m2/repository/org/codehaus/jettison/jettison/1.1/jettison-1.1.jar:/home/user/.m2/repository/org/codehaus/jackson/jackson-core-asl/1.9.13/jackson-core-asl-1.9.13.jar:/home/user/.m2/repository/org/codehaus/jackson/jackson-mapper-asl/1.9.13/jackson-mapper-asl-1.9.13.jar:/home/user/.m2/repository/org/codehaus/jackson/jackson-jaxrs/1.9.13/jackson-jaxrs-1.9.13.jar:/home/user/.m2/repository/org/codehaus/jackson/jackson-xc/1.9.13/jackson-xc-1.9.13.jar:/home/user/.m2/repository/commons-logging/commons-logging/1.1.3/commons-logging-1.1.3.jar:/home/user/.m2/repository/commons-beanutils/commons-beanutils/1.9.4/commons-beanutils-1.9.4.jar:/home/user/.m2/repository/org/apache/commons/commons-configuration2/2.1.1/commons-configuration2-2.1.1.jar:/home/user/.m2/repository/org/apache/commons/commons-lang3/3.7/commons-lang3-3.7.jar:/home/user/.m2/repository/org/apache/commons/commons-text/1.4/commons-text-1.4.jar:/home/user/.m2/repository/org/apache/avro/avro/1.7.7/avro-1.7.7.jar:/home/user/.m2/repository/com/thoughtworks/paranamer/paranamer/2.3/paranamer-2.3.jar:/home/user/.m2/repository/org/xerial/snappy/snappy-java/1.0.5/snappy-java-1.0.5.jar:/home/user/.m2/repository/com/google/re2j/re2j/1.1/re2j-1.1.jar:/home/user/.m2/repository/com/google/code/gson/gson/2.2.4/gson-2.2.4.jar:/home/user/.m2/repository/com/jcraft/jsch/0.1.54/jsch-0.1.54.jar:/home/user/.m2/repository/org/apache/curator/curator-client/2.12.0/curator-client-2.12.0.jar:/home/user/.m2/repository/org/apache/curator/curator-recipes/2.12.0/curator-recipes-2.12.0.jar:/home/user/.m2/repository/com/google/code/findbugs/jsr305/3.0.0/jsr305-3.0.0.jar:/home/user/.m2/repository/org/apache/htrace/htrace-core4/4.1.0-incubating/htrace-core4-4.1.0-incubating.jar:/home/user/.m2/repository/org/apache/zookeeper/zookeeper/3.4.13/zookeeper-3.4.13.jar:/home/user/.m2/repository/jline/jline/0.9.94/jline-0.9.94.jar:/home/user/.m2/repository/org/apache/yetus/audience-annotations/0.5.0/audience-annotations-0.5.0.jar:/home/user/.m2/repository/org/codehaus/woodstox/stax2-api/3.1.4/stax2-api-3.1.4.jar:/home/user/.m2/repository/com/fasterxml/woodstox/woodstox-core/5.0.3/woodstox-core-5.0.3.jar:/home/user/.m2/repository/dnsjava/dnsjava/2.1.7/dnsjava-2.1.7.jar:/home/user/.m2/repository/org/apache/hadoop/hadoop-hdfs/3.2.0/hadoop-hdfs-3.2.0-tests.jar:/home/user/.m2/repository/org/eclipse/jetty/jetty-util-ajax/9.3.25.v20180904/jetty-util-ajax-9.3.25.v20180904.jar:/home/user/.m2/repository/commons-daemon/commons-daemon/1.0.13/commons-daemon-1.0.13.jar:/home/user/.m2/repository/io/netty/netty/3.10.5.Final/netty-3.10.5.Final.jar:/home/user/.m2/repository/io/netty/netty-all/4.0.52.Final/netty-all-4.0.52.Final.jar:/home/user/.m2/repository/org/fusesource/leveldbjni/leveldbjni-all/1.8/leveldbjni-all-1.8.jar:"/>
    <property name="sun.cpu.endian" value="little"/>
    <property name="user.home" value="/home/user"/>
    <property name="user.language" value="en"/>
    <property name="java.specification.vendor" value="Oracle Corporation"/>
    <property name="java.home" value="/usr/lib/jvm/java-1.8-openjdk/jre"/>
    <property name="java.security.krb5.conf" value="/workdir/hadoop-ozone/integration-test/target/test-classes/krb5.conf"/>
    <property name="basedir" value="/workdir/hadoop-ozone/integration-test"/>
    <property name="file.separator" value="/"/>
    <property name="line.separator" value="&#10;"/>
    <property name="java.vm.specification.vendor" value="Oracle Corporation"/>
    <property name="java.specification.name" value="Java Platform API Specification"/>
    <property name="java.awt.graphicsenv" value="sun.awt.X11GraphicsEnvironment"/>
    <property name="surefire.real.class.path" value="/workdir/hadoop-ozone/integration-test/target/surefire/surefirebooter205091137460998447.jar"/>
    <property name="hadoop.log.dir" value="/workdir/hadoop-ozone/integration-test/target/log"/>
    <property name="sun.boot.class.path" value="/usr/lib/jvm/java-1.8-openjdk/jre/lib/resources.jar:/usr/lib/jvm/java-1.8-openjdk/jre/lib/rt.jar:/usr/lib/jvm/java-1.8-openjdk/jre/lib/sunrsasign.jar:/usr/lib/jvm/java-1.8-openjdk/jre/lib/jsse.jar:/usr/lib/jvm/java-1.8-openjdk/jre/lib/jce.jar:/usr/lib/jvm/java-1.8-openjdk/jre/lib/charsets.jar:/usr/lib/jvm/java-1.8-openjdk/jre/lib/jfr.jar:/usr/lib/jvm/java-1.8-openjdk/jre/classes"/>
    <property name="sun.management.compiler" value="HotSpot 64-Bit Tiered Compilers"/>
    <property name="java.runtime.version" value="1.8.0_212-b04"/>
    <property name="java.net.preferIPv4Stack" value="true"/>
    <property name="user.name" value="jenkins1000"/>
    <property name="path.separator" value=":"/>
    <property name="java.security.egd" value="file:///dev/urandom"/>
    <property name="os.version" value="3.10.0-957.12.2.el7.x86_64"/>
    <property name="java.endorsed.dirs" value="/usr/lib/jvm/java-1.8-openjdk/jre/lib/endorsed"/>
    <property name="java.runtime.name" value="OpenJDK Runtime Environment"/>
    <property name="file.encoding" value="UTF-8"/>
    <property name="java.vm.name" value="OpenJDK 64-Bit Server VM"/>
    <property name="test.build.webapps" value=""/>
    <property name="localRepository" value="/home/user/.m2/repository"/>
    <property name="java.vendor.url.bug" value="https://icedtea.classpath.org/bugzilla"/>
    <property name="java.io.tmpdir" value="/tmp"/>
    <property name="require.test.libhadoop" value=""/>
    <property name="java.version" value="1.8.0_212"/>
    <property name="user.dir" value="/workdir/hadoop-ozone/integration-test"/>
    <property name="os.arch" value="amd64"/>
    <property name="java.vm.specification.name" value="Java Virtual Machine Specification"/>
    <property name="test.build.classes" value="/workdir/hadoop-ozone/integration-test/target/test-classes"/>
    <property name="java.awt.printerjob" value="sun.print.PSPrinterJob"/>
    <property name="sun.os.patch.level" value="unknown"/>
    <property name="hadoop.tmp.dir" value="/workdir/hadoop-ozone/integration-test/target/tmp"/>
    <property name="java.library.path" value="/usr/lib/jvm/java-1.8-openjdk/jre/lib/amd64/server:/usr/lib/jvm/java-1.8-openjdk/jre/lib/amd64:/usr/lib/jvm/java-1.8-openjdk/jre/../lib/amd64:/workdir/hadoop-ozone/integration-test/target/native/target/usr/local/lib:/workdir/hadoop-ozone/integration-test/../../hadoop-common-project/hadoop-common/target/native/target/usr/local/lib:/usr/java/packages/lib/amd64:/usr/lib64:/lib64:/lib:/usr/lib"/>
    <property name="java.vm.info" value="mixed mode"/>
    <property name="java.vendor" value="IcedTea"/>
    <property name="java.vm.version" value="25.212-b04"/>
    <property name="java.ext.dirs" value="/usr/lib/jvm/java-1.8-openjdk/jre/lib/ext:/usr/java/packages/lib/ext"/>
    <property name="sun.io.unicode.encoding" value="UnicodeLittle"/>
    <property name="java.class.version" value="52.0"/>
  </properties>
  <testcase name="testReleaseBuffers" classname="org.apache.hadoop.ozone.client.rpc.TestCommitWatcher" time="22.76"/>
  <testcase name="testReleaseBuffersOnException" classname="org.apache.hadoop.ozone.client.rpc.TestCommitWatcher" time="18.513">
    <failure type="java.lang.AssertionError">java.lang.AssertionError
	at org.junit.Assert.fail(Assert.java:86)
	at org.junit.Assert.assertTrue(Assert.java:41)
	at org.junit.Assert.assertTrue(Assert.java:52)
	at org.apache.hadoop.ozone.client.rpc.TestCommitWatcher.testReleaseBuffersOnException(TestCommitWatcher.java:284)
	at sun.reflect.NativeMethodAccessorImpl.invoke0(Native Method)
	at sun.reflect.NativeMethodAccessorImpl.invoke(NativeMethodAccessorImpl.java:62)
	at sun.reflect.DelegatingMethodAccessorImpl.invoke(DelegatingMethodAccessorImpl.java:43)
	at java.lang.reflect.Method.invoke(Method.java:498)
	at org.junit.runners.model.FrameworkMethod$1.runReflectiveCall(FrameworkMethod.java:47)
	at org.junit.internal.runners.model.ReflectiveCallable.run(ReflectiveCallable.java:12)
	at org.junit.runners.model.FrameworkMethod.invokeExplosively(FrameworkMethod.java:44)
	at org.junit.internal.runners.statements.InvokeMethod.evaluate(InvokeMethod.java:17)
	at org.junit.runners.ParentRunner.runLeaf(ParentRunner.java:271)
	at org.junit.runners.BlockJUnit4ClassRunner.runChild(BlockJUnit4ClassRunner.java:70)
	at org.junit.runners.BlockJUnit4ClassRunner.runChild(BlockJUnit4ClassRunner.java:50)
	at org.junit.runners.ParentRunner$3.run(ParentRunner.java:238)
	at org.junit.runners.ParentRunner$1.schedule(ParentRunner.java:63)
	at org.junit.runners.ParentRunner.runChildren(ParentRunner.java:236)
	at org.junit.runners.ParentRunner.access$000(ParentRunner.java:53)
	at org.junit.runners.ParentRunner$2.evaluate(ParentRunner.java:229)
	at org.junit.internal.runners.statements.RunBefores.evaluate(RunBefores.java:26)
	at org.junit.internal.runners.statements.RunAfters.evaluate(RunAfters.java:27)
	at org.junit.runners.ParentRunner.run(ParentRunner.java:309)
	at org.apache.maven.surefire.junit4.JUnit4Provider.execute(JUnit4Provider.java:365)
	at org.apache.maven.surefire.junit4.JUnit4Provider.executeWithRerun(JUnit4Provider.java:273)
	at org.apache.maven.surefire.junit4.JUnit4Provider.executeTestSet(JUnit4Provider.java:238)
	at org.apache.maven.surefire.junit4.JUnit4Provider.invoke(JUnit4Provider.java:159)
	at org.apache.maven.surefire.booter.ForkedBooter.invokeProviderInSameClassLoader(ForkedBooter.java:384)
	at org.apache.maven.surefire.booter.ForkedBooter.runSuitesInProcess(ForkedBooter.java:345)
	at org.apache.maven.surefire.booter.ForkedBooter.execute(ForkedBooter.java:126)
	at org.apache.maven.surefire.booter.ForkedBooter.main(ForkedBooter.java:418)
</failure>
    <system-out><![CDATA[2019-09-25 04:47:49,388 [IPC Server handler 2 on 37484] INFO  pipeline.PipelinePlacementPolicy (PipelinePlacementPolicy.java:meetCriteria(91)) - Pipeline Placement: can't place more pipeline on heavy datanode： 0a39f8c3-03ed-4a71-9a93-5401a69ce07e Heaviness: 6 limit: 5
2019-09-25 04:47:49,400 [grpc-default-executor-5] INFO  impl.RaftServerProxy (RaftServerProxy.java:addNew(89)) - be4c6252-00d9-4156-8b7e-0893986d8368: addNew group-47FB795E9C66:[be4c6252-00d9-4156-8b7e-0893986d8368:192.168.5.161:46491, e0f8208c-6034-4af8-9d8a-105ed12c823c:192.168.5.161:45201, db9ed97d-d2c6-41fd-94d1-0c6709fd859b:192.168.5.161:41959] returns group-47FB795E9C66:java.util.concurrent.CompletableFuture@62bac43e[Not completed]
2019-09-25 04:47:49,400 [grpc-default-executor-3] INFO  impl.RaftServerProxy (RaftServerProxy.java:addNew(89)) - db9ed97d-d2c6-41fd-94d1-0c6709fd859b: addNew group-47FB795E9C66:[be4c6252-00d9-4156-8b7e-0893986d8368:192.168.5.161:46491, e0f8208c-6034-4af8-9d8a-105ed12c823c:192.168.5.161:45201, db9ed97d-d2c6-41fd-94d1-0c6709fd859b:192.168.5.161:41959] returns group-47FB795E9C66:java.util.concurrent.CompletableFuture@3f5be49b[Not completed]
2019-09-25 04:47:49,400 [grpc-default-executor-2] INFO  impl.RaftServerProxy (RaftServerProxy.java:addNew(89)) - e0f8208c-6034-4af8-9d8a-105ed12c823c: addNew group-47FB795E9C66:[be4c6252-00d9-4156-8b7e-0893986d8368:192.168.5.161:46491, e0f8208c-6034-4af8-9d8a-105ed12c823c:192.168.5.161:45201, db9ed97d-d2c6-41fd-94d1-0c6709fd859b:192.168.5.161:41959] returns group-47FB795E9C66:java.util.concurrent.CompletableFuture@231bea93[Not completed]
2019-09-25 04:47:49,402 [pool-47-thread-1] INFO  impl.RaftServerImpl (RaftServerImpl.java:<init>(95)) - be4c6252-00d9-4156-8b7e-0893986d8368: new RaftServerImpl for group-47FB795E9C66:[be4c6252-00d9-4156-8b7e-0893986d8368:192.168.5.161:46491, e0f8208c-6034-4af8-9d8a-105ed12c823c:192.168.5.161:45201, db9ed97d-d2c6-41fd-94d1-0c6709fd859b:192.168.5.161:41959] with ContainerStateMachine:uninitialized
2019-09-25 04:47:49,402 [pool-47-thread-1] INFO  server.RaftServerConfigKeys (ConfUtils.java:logGet(43)) - raft.server.rpc.timeout.min = 5s (custom)
2019-09-25 04:47:49,402 [pool-47-thread-1] INFO  server.RaftServerConfigKeys (ConfUtils.java:logGet(43)) - raft.server.rpc.timeout.max = 5200ms (custom)
2019-09-25 04:47:49,402 [pool-47-thread-1] INFO  server.RaftServerConfigKeys (ConfUtils.java:logGet(43)) - raft.server.rpcslowness.timeout = 120s (custom)
2019-09-25 04:47:49,402 [pool-47-thread-1] INFO  server.RaftServerConfigKeys (ConfUtils.java:logGet(43)) - raft.server.sleep.deviation.threshold = 300 (default)
2019-09-25 04:47:49,403 [pool-47-thread-1] INFO  server.RaftServerConfigKeys (ConfUtils.java:logGet(43)) - raft.server.log.appender.install.snapshot.enabled = false (custom)
2019-09-25 04:47:49,403 [pool-77-thread-1] INFO  impl.RaftServerImpl (RaftServerImpl.java:<init>(95)) - e0f8208c-6034-4af8-9d8a-105ed12c823c: new RaftServerImpl for group-47FB795E9C66:[be4c6252-00d9-4156-8b7e-0893986d8368:192.168.5.161:46491, e0f8208c-6034-4af8-9d8a-105ed12c823c:192.168.5.161:45201, db9ed97d-d2c6-41fd-94d1-0c6709fd859b:192.168.5.161:41959] with ContainerStateMachine:uninitialized
2019-09-25 04:47:49,403 [pool-47-thread-1] INFO  impl.RaftServerImpl (ServerState.java:<init>(103)) - be4c6252-00d9-4156-8b7e-0893986d8368@group-47FB795E9C66: ConfigurationManager, init=-1: [be4c6252-00d9-4156-8b7e-0893986d8368:192.168.5.161:46491, e0f8208c-6034-4af8-9d8a-105ed12c823c:192.168.5.161:45201, db9ed97d-d2c6-41fd-94d1-0c6709fd859b:192.168.5.161:41959], old=null, confs=<EMPTY_MAP>
2019-09-25 04:47:49,403 [pool-77-thread-1] INFO  server.RaftServerConfigKeys (ConfUtils.java:logGet(43)) - raft.server.rpc.timeout.min = 5s (custom)
2019-09-25 04:47:49,403 [pool-77-thread-1] INFO  server.RaftServerConfigKeys (ConfUtils.java:logGet(43)) - raft.server.rpc.timeout.max = 5200ms (custom)
2019-09-25 04:47:49,403 [pool-47-thread-1] INFO  server.RaftServerConfigKeys (ConfUtils.java:logGet(43)) - raft.server.storage.dir = [/workdir/hadoop-ozone/integration-test/target/test-dir/MiniOzoneClusterImpl-01f2bef4-faa9-485a-8a2f-86fcc7581354/datanode-2/data/ratis] (custom)
2019-09-25 04:47:49,403 [pool-77-thread-1] INFO  server.RaftServerConfigKeys (ConfUtils.java:logGet(43)) - raft.server.rpcslowness.timeout = 120s (custom)
2019-09-25 04:47:49,404 [pool-77-thread-1] INFO  server.RaftServerConfigKeys (ConfUtils.java:logGet(43)) - raft.server.sleep.deviation.threshold = 300 (default)
2019-09-25 04:47:49,404 [pool-57-thread-1] INFO  impl.RaftServerImpl (RaftServerImpl.java:<init>(95)) - db9ed97d-d2c6-41fd-94d1-0c6709fd859b: new RaftServerImpl for group-47FB795E9C66:[be4c6252-00d9-4156-8b7e-0893986d8368:192.168.5.161:46491, e0f8208c-6034-4af8-9d8a-105ed12c823c:192.168.5.161:45201, db9ed97d-d2c6-41fd-94d1-0c6709fd859b:192.168.5.161:41959] with ContainerStateMachine:uninitialized
2019-09-25 04:47:49,404 [pool-47-thread-1] INFO  storage.RaftStorageDirectory (RaftStorageDirectory.java:analyzeStorage(246)) - The storage directory /workdir/hadoop-ozone/integration-test/target/test-dir/MiniOzoneClusterImpl-01f2bef4-faa9-485a-8a2f-86fcc7581354/datanode-2/data/ratis/1ebb6ef3-190e-4ffc-878a-47fb795e9c66 does not exist. Creating ...
2019-09-25 04:47:49,404 [pool-77-thread-1] INFO  server.RaftServerConfigKeys (ConfUtils.java:logGet(43)) - raft.server.log.appender.install.snapshot.enabled = false (custom)
2019-09-25 04:47:49,404 [pool-57-thread-1] INFO  server.RaftServerConfigKeys (ConfUtils.java:logGet(43)) - raft.server.rpc.timeout.min = 5s (custom)
2019-09-25 04:47:49,404 [pool-77-thread-1] INFO  impl.RaftServerImpl (ServerState.java:<init>(103)) - e0f8208c-6034-4af8-9d8a-105ed12c823c@group-47FB795E9C66: ConfigurationManager, init=-1: [be4c6252-00d9-4156-8b7e-0893986d8368:192.168.5.161:46491, e0f8208c-6034-4af8-9d8a-105ed12c823c:192.168.5.161:45201, db9ed97d-d2c6-41fd-94d1-0c6709fd859b:192.168.5.161:41959], old=null, confs=<EMPTY_MAP>
2019-09-25 04:47:49,405 [pool-57-thread-1] INFO  server.RaftServerConfigKeys (ConfUtils.java:logGet(43)) - raft.server.rpc.timeout.max = 5200ms (custom)
2019-09-25 04:47:49,405 [pool-77-thread-1] INFO  server.RaftServerConfigKeys (ConfUtils.java:logGet(43)) - raft.server.storage.dir = [/workdir/hadoop-ozone/integration-test/target/test-dir/MiniOzoneClusterImpl-01f2bef4-faa9-485a-8a2f-86fcc7581354/datanode-5/data/ratis] (custom)
2019-09-25 04:47:49,405 [pool-57-thread-1] INFO  server.RaftServerConfigKeys (ConfUtils.java:logGet(43)) - raft.server.rpcslowness.timeout = 120s (custom)
2019-09-25 04:47:49,405 [pool-57-thread-1] INFO  server.RaftServerConfigKeys (ConfUtils.java:logGet(43)) - raft.server.sleep.deviation.threshold = 300 (default)
2019-09-25 04:47:49,405 [pool-57-thread-1] INFO  server.RaftServerConfigKeys (ConfUtils.java:logGet(43)) - raft.server.log.appender.install.snapshot.enabled = false (custom)
2019-09-25 04:47:49,405 [pool-77-thread-1] INFO  storage.RaftStorageDirectory (RaftStorageDirectory.java:analyzeStorage(246)) - The storage directory /workdir/hadoop-ozone/integration-test/target/test-dir/MiniOzoneClusterImpl-01f2bef4-faa9-485a-8a2f-86fcc7581354/datanode-5/data/ratis/1ebb6ef3-190e-4ffc-878a-47fb795e9c66 does not exist. Creating ...
2019-09-25 04:47:49,405 [pool-57-thread-1] INFO  impl.RaftServerImpl (ServerState.java:<init>(103)) - db9ed97d-d2c6-41fd-94d1-0c6709fd859b@group-47FB795E9C66: ConfigurationManager, init=-1: [be4c6252-00d9-4156-8b7e-0893986d8368:192.168.5.161:46491, e0f8208c-6034-4af8-9d8a-105ed12c823c:192.168.5.161:45201, db9ed97d-d2c6-41fd-94d1-0c6709fd859b:192.168.5.161:41959], old=null, confs=<EMPTY_MAP>
2019-09-25 04:47:49,406 [pool-57-thread-1] INFO  server.RaftServerConfigKeys (ConfUtils.java:logGet(43)) - raft.server.storage.dir = [/workdir/hadoop-ozone/integration-test/target/test-dir/MiniOzoneClusterImpl-01f2bef4-faa9-485a-8a2f-86fcc7581354/datanode-3/data/ratis] (custom)
2019-09-25 04:47:49,406 [pool-57-thread-1] INFO  storage.RaftStorageDirectory (RaftStorageDirectory.java:analyzeStorage(246)) - The storage directory /workdir/hadoop-ozone/integration-test/target/test-dir/MiniOzoneClusterImpl-01f2bef4-faa9-485a-8a2f-86fcc7581354/datanode-3/data/ratis/1ebb6ef3-190e-4ffc-878a-47fb795e9c66 does not exist. Creating ...
2019-09-25 04:47:49,418 [pool-77-thread-1] INFO  storage.RaftStorageDirectory (RaftStorageDirectory.java:tryLock(328)) - Lock on /workdir/hadoop-ozone/integration-test/target/test-dir/MiniOzoneClusterImpl-01f2bef4-faa9-485a-8a2f-86fcc7581354/datanode-5/data/ratis/1ebb6ef3-190e-4ffc-878a-47fb795e9c66/in_use.lock acquired by nodename 24465@pr-hdds-1569-zxpks-796972592
2019-09-25 04:47:49,418 [pool-57-thread-1] INFO  storage.RaftStorageDirectory (RaftStorageDirectory.java:tryLock(328)) - Lock on /workdir/hadoop-ozone/integration-test/target/test-dir/MiniOzoneClusterImpl-01f2bef4-faa9-485a-8a2f-86fcc7581354/datanode-3/data/ratis/1ebb6ef3-190e-4ffc-878a-47fb795e9c66/in_use.lock acquired by nodename 24465@pr-hdds-1569-zxpks-796972592
2019-09-25 04:47:49,418 [pool-47-thread-1] INFO  storage.RaftStorageDirectory (RaftStorageDirectory.java:tryLock(328)) - Lock on /workdir/hadoop-ozone/integration-test/target/test-dir/MiniOzoneClusterImpl-01f2bef4-faa9-485a-8a2f-86fcc7581354/datanode-2/data/ratis/1ebb6ef3-190e-4ffc-878a-47fb795e9c66/in_use.lock acquired by nodename 24465@pr-hdds-1569-zxpks-796972592
2019-09-25 04:47:49,432 [pool-57-thread-1] INFO  storage.RaftStorage (RaftStorage.java:format(72)) - Storage directory /workdir/hadoop-ozone/integration-test/target/test-dir/MiniOzoneClusterImpl-01f2bef4-faa9-485a-8a2f-86fcc7581354/datanode-3/data/ratis/1ebb6ef3-190e-4ffc-878a-47fb795e9c66 has been successfully formatted.
2019-09-25 04:47:49,432 [pool-47-thread-1] INFO  storage.RaftStorage (RaftStorage.java:format(72)) - Storage directory /workdir/hadoop-ozone/integration-test/target/test-dir/MiniOzoneClusterImpl-01f2bef4-faa9-485a-8a2f-86fcc7581354/datanode-2/data/ratis/1ebb6ef3-190e-4ffc-878a-47fb795e9c66 has been successfully formatted.
2019-09-25 04:47:49,432 [pool-57-thread-1] INFO  ratis.ContainerStateMachine (ContainerStateMachine.java:loadSnapshot(230)) - group-47FB795E9C66: The snapshot info is null. Setting the last applied indexto:(t:0, i:~)
2019-09-25 04:47:49,433 [pool-47-thread-1] INFO  ratis.ContainerStateMachine (ContainerStateMachine.java:loadSnapshot(230)) - group-47FB795E9C66: The snapshot info is null. Setting the last applied indexto:(t:0, i:~)
2019-09-25 04:47:49,432 [pool-77-thread-1] INFO  storage.RaftStorage (RaftStorage.java:format(72)) - Storage directory /workdir/hadoop-ozone/integration-test/target/test-dir/MiniOzoneClusterImpl-01f2bef4-faa9-485a-8a2f-86fcc7581354/datanode-5/data/ratis/1ebb6ef3-190e-4ffc-878a-47fb795e9c66 has been successfully formatted.
2019-09-25 04:47:49,433 [pool-47-thread-1] INFO  server.RaftServerConfigKeys (ConfUtils.java:logGet(43)) - raft.server.notification.no-leader.timeout = 120s (custom)
2019-09-25 04:47:49,433 [pool-77-thread-1] INFO  ratis.ContainerStateMachine (ContainerStateMachine.java:loadSnapshot(230)) - group-47FB795E9C66: The snapshot info is null. Setting the last applied indexto:(t:0, i:~)
2019-09-25 04:47:49,433 [pool-57-thread-1] INFO  server.RaftServerConfigKeys (ConfUtils.java:logGet(43)) - raft.server.notification.no-leader.timeout = 120s (custom)
2019-09-25 04:47:49,433 [pool-77-thread-1] INFO  server.RaftServerConfigKeys (ConfUtils.java:logGet(43)) - raft.server.notification.no-leader.timeout = 120s (custom)
2019-09-25 04:47:49,433 [pool-47-thread-1] INFO  server.RaftServerConfigKeys (ConfUtils.java:logGet(43)) - raft.server.log.use.memory = false (default)
2019-09-25 04:47:49,434 [pool-77-thread-1] INFO  server.RaftServerConfigKeys (ConfUtils.java:logGet(43)) - raft.server.log.use.memory = false (default)
2019-09-25 04:47:49,433 [pool-57-thread-1] INFO  server.RaftServerConfigKeys (ConfUtils.java:logGet(43)) - raft.server.log.use.memory = false (default)
2019-09-25 04:47:49,434 [pool-77-thread-1] INFO  server.RaftServerConfigKeys (ConfUtils.java:logGet(43)) - raft.server.log.purge.gap = 1000000 (custom)
2019-09-25 04:47:49,434 [pool-47-thread-1] INFO  server.RaftServerConfigKeys (ConfUtils.java:logGet(43)) - raft.server.log.purge.gap = 1000000 (custom)
2019-09-25 04:47:49,434 [pool-77-thread-1] INFO  server.RaftServerConfigKeys (ConfUtils.java:logGet(43)) - raft.server.log.appender.buffer.byte-limit = 33554432 (custom)
2019-09-25 04:47:49,434 [pool-57-thread-1] INFO  server.RaftServerConfigKeys (ConfUtils.java:logGet(43)) - raft.server.log.purge.gap = 1000000 (custom)
2019-09-25 04:47:49,435 [pool-77-thread-1] INFO  server.RaftServerConfigKeys (ConfUtils.java:logGet(43)) - raft.server.log.segment.size.max = 1048576 (custom)
2019-09-25 04:47:49,434 [pool-47-thread-1] INFO  server.RaftServerConfigKeys (ConfUtils.java:logGet(43)) - raft.server.log.appender.buffer.byte-limit = 33554432 (custom)
2019-09-25 04:47:49,435 [pool-77-thread-1] INFO  server.RaftServerConfigKeys (ConfUtils.java:logGet(43)) - raft.server.log.segment.cache.num.max = 2 (custom)
2019-09-25 04:47:49,435 [pool-57-thread-1] INFO  server.RaftServerConfigKeys (ConfUtils.java:logGet(43)) - raft.server.log.appender.buffer.byte-limit = 33554432 (custom)
2019-09-25 04:47:49,435 [pool-77-thread-1] INFO  segmented.SegmentedRaftLogWorker (SegmentedRaftLogWorker.java:<init>(172)) - new e0f8208c-6034-4af8-9d8a-105ed12c823c@group-47FB795E9C66-SegmentedRaftLogWorker for RaftStorage:Storage Directory /workdir/hadoop-ozone/integration-test/target/test-dir/MiniOzoneClusterImpl-01f2bef4-faa9-485a-8a2f-86fcc7581354/datanode-5/data/ratis/1ebb6ef3-190e-4ffc-878a-47fb795e9c66
2019-09-25 04:47:49,435 [pool-47-thread-1] INFO  server.RaftServerConfigKeys (ConfUtils.java:logGet(43)) - raft.server.log.segment.size.max = 1048576 (custom)
2019-09-25 04:47:49,435 [pool-77-thread-1] INFO  server.RaftServerConfigKeys (ConfUtils.java:logGet(43)) - raft.server.log.queue.byte-limit = 2147483647 (custom)
2019-09-25 04:47:49,435 [pool-57-thread-1] INFO  server.RaftServerConfigKeys (ConfUtils.java:logGet(43)) - raft.server.log.segment.size.max = 1048576 (custom)
2019-09-25 04:47:49,436 [pool-77-thread-1] INFO  server.RaftServerConfigKeys (ConfUtils.java:logGet(43)) - raft.server.log.queue.element-limit = 1024 (custom)
2019-09-25 04:47:49,436 [pool-47-thread-1] INFO  server.RaftServerConfigKeys (ConfUtils.java:logGet(43)) - raft.server.log.segment.cache.num.max = 2 (custom)
2019-09-25 04:47:49,436 [pool-77-thread-1] INFO  server.RaftServerConfigKeys (ConfUtils.java:logGet(43)) - raft.server.log.segment.size.max = 1048576 (custom)
2019-09-25 04:47:49,436 [pool-77-thread-1] INFO  server.RaftServerConfigKeys (ConfUtils.java:logGet(43)) - raft.server.log.preallocated.size = 16384 (custom)
2019-09-25 04:47:49,436 [pool-57-thread-1] INFO  server.RaftServerConfigKeys (ConfUtils.java:logGet(43)) - raft.server.log.segment.cache.num.max = 2 (custom)
2019-09-25 04:47:49,437 [pool-77-thread-1] INFO  server.RaftServerConfigKeys (ConfUtils.java:logGet(43)) - raft.server.log.write.buffer.size = 33554432 (custom)
2019-09-25 04:47:49,436 [pool-47-thread-1] INFO  segmented.SegmentedRaftLogWorker (SegmentedRaftLogWorker.java:<init>(172)) - new be4c6252-00d9-4156-8b7e-0893986d8368@group-47FB795E9C66-SegmentedRaftLogWorker for RaftStorage:Storage Directory /workdir/hadoop-ozone/integration-test/target/test-dir/MiniOzoneClusterImpl-01f2bef4-faa9-485a-8a2f-86fcc7581354/datanode-2/data/ratis/1ebb6ef3-190e-4ffc-878a-47fb795e9c66
2019-09-25 04:47:49,437 [pool-77-thread-1] INFO  server.RaftServerConfigKeys (ConfUtils.java:logGet(43)) - raft.server.log.force.sync.num = 128 (default)
2019-09-25 04:47:49,437 [pool-57-thread-1] INFO  segmented.SegmentedRaftLogWorker (SegmentedRaftLogWorker.java:<init>(172)) - new db9ed97d-d2c6-41fd-94d1-0c6709fd859b@group-47FB795E9C66-SegmentedRaftLogWorker for RaftStorage:Storage Directory /workdir/hadoop-ozone/integration-test/target/test-dir/MiniOzoneClusterImpl-01f2bef4-faa9-485a-8a2f-86fcc7581354/datanode-3/data/ratis/1ebb6ef3-190e-4ffc-878a-47fb795e9c66
2019-09-25 04:47:49,437 [pool-77-thread-1] INFO  server.RaftServerConfigKeys (ConfUtils.java:logGet(43)) - raft.server.log.statemachine.data.sync = true (default)
2019-09-25 04:47:49,437 [pool-77-thread-1] INFO  server.RaftServerConfigKeys (ConfUtils.java:logGet(43)) - raft.server.log.statemachine.data.sync.timeout = 10s (default)
2019-09-25 04:47:49,437 [pool-47-thread-1] INFO  server.RaftServerConfigKeys (ConfUtils.java:logGet(43)) - raft.server.log.queue.byte-limit = 2147483647 (custom)
2019-09-25 04:47:49,438 [pool-77-thread-1] INFO  server.RaftServerConfigKeys (ConfUtils.java:logGet(43)) - raft.server.log.statemachine.data.sync.timeout.retry = -1 (default)
2019-09-25 04:47:49,437 [pool-57-thread-1] INFO  server.RaftServerConfigKeys (ConfUtils.java:logGet(43)) - raft.server.log.queue.byte-limit = 2147483647 (custom)
2019-09-25 04:47:49,438 [pool-77-thread-1] INFO  server.RaftServerConfigKeys (ConfUtils.java:logGet(43)) - raft.server.log.statemachine.data.caching.enabled = true (custom)
2019-09-25 04:47:49,438 [pool-47-thread-1] INFO  server.RaftServerConfigKeys (ConfUtils.java:logGet(43)) - raft.server.log.queue.element-limit = 1024 (custom)
2019-09-25 04:47:49,438 [pool-57-thread-1] INFO  server.RaftServerConfigKeys (ConfUtils.java:logGet(43)) - raft.server.log.queue.element-limit = 1024 (custom)
2019-09-25 04:47:49,438 [pool-47-thread-1] INFO  server.RaftServerConfigKeys (ConfUtils.java:logGet(43)) - raft.server.log.segment.size.max = 1048576 (custom)
2019-09-25 04:47:49,438 [pool-77-thread-1] INFO  segmented.SegmentedRaftLogWorker (SegmentedRaftLogWorker.java:lambda$new$0(132)) - e0f8208c-6034-4af8-9d8a-105ed12c823c@group-47FB795E9C66-SegmentedRaftLogWorker: flushIndex: setUnconditionally 0 -> -1
2019-09-25 04:47:49,439 [pool-47-thread-1] INFO  server.RaftServerConfigKeys (ConfUtils.java:logGet(43)) - raft.server.log.preallocated.size = 16384 (custom)
2019-09-25 04:47:49,439 [pool-47-thread-1] INFO  server.RaftServerConfigKeys (ConfUtils.java:logGet(43)) - raft.server.log.write.buffer.size = 33554432 (custom)
2019-09-25 04:47:49,439 [pool-57-thread-1] INFO  server.RaftServerConfigKeys (ConfUtils.java:logGet(43)) - raft.server.log.segment.size.max = 1048576 (custom)
2019-09-25 04:47:49,439 [pool-47-thread-1] INFO  server.RaftServerConfigKeys (ConfUtils.java:logGet(43)) - raft.server.log.force.sync.num = 128 (default)
2019-09-25 04:47:49,439 [pool-77-thread-1] INFO  server.RaftServerConfigKeys (ConfUtils.java:logGet(43)) - raft.server.snapshot.auto.trigger.enabled = true (custom)
2019-09-25 04:47:49,440 [pool-47-thread-1] INFO  server.RaftServerConfigKeys (ConfUtils.java:logGet(43)) - raft.server.log.statemachine.data.sync = true (default)
2019-09-25 04:47:49,439 [pool-57-thread-1] INFO  server.RaftServerConfigKeys (ConfUtils.java:logGet(43)) - raft.server.log.preallocated.size = 16384 (custom)
2019-09-25 04:47:49,440 [pool-47-thread-1] INFO  server.RaftServerConfigKeys (ConfUtils.java:logGet(43)) - raft.server.log.statemachine.data.sync.timeout = 10s (default)
2019-09-25 04:47:49,440 [pool-77-thread-1] INFO  server.RaftServerConfigKeys (ConfUtils.java:logGet(43)) - raft.server.snapshot.auto.trigger.threshold = 10000 (custom)
2019-09-25 04:47:49,440 [pool-47-thread-1] INFO  server.RaftServerConfigKeys (ConfUtils.java:logGet(43)) - raft.server.log.statemachine.data.sync.timeout.retry = -1 (default)
2019-09-25 04:47:49,440 [pool-57-thread-1] INFO  server.RaftServerConfigKeys (ConfUtils.java:logGet(43)) - raft.server.log.write.buffer.size = 33554432 (custom)
2019-09-25 04:47:49,441 [pool-47-thread-1] INFO  server.RaftServerConfigKeys (ConfUtils.java:logGet(43)) - raft.server.log.statemachine.data.caching.enabled = true (custom)
2019-09-25 04:47:49,440 [pool-77-thread-1] INFO  server.RaftServerConfigKeys (ConfUtils.java:logGet(43)) - raft.server.snapshot.retention.num.files = 5 (custom)
2019-09-25 04:47:49,441 [pool-57-thread-1] INFO  server.RaftServerConfigKeys (ConfUtils.java:logGet(43)) - raft.server.log.force.sync.num = 128 (default)
2019-09-25 04:47:49,441 [pool-77-thread-1] INFO  server.RaftServerConfigKeys (ConfUtils.java:logGet(43)) - raft.server.retrycache.expirytime = 600000ms (custom)
2019-09-25 04:47:49,441 [pool-47-thread-1] INFO  segmented.SegmentedRaftLogWorker (SegmentedRaftLogWorker.java:lambda$new$0(132)) - be4c6252-00d9-4156-8b7e-0893986d8368@group-47FB795E9C66-SegmentedRaftLogWorker: flushIndex: setUnconditionally 0 -> -1
2019-09-25 04:47:49,441 [pool-57-thread-1] INFO  server.RaftServerConfigKeys (ConfUtils.java:logGet(43)) - raft.server.log.statemachine.data.sync = true (default)
2019-09-25 04:47:49,442 [pool-47-thread-1] INFO  server.RaftServerConfigKeys (ConfUtils.java:logGet(43)) - raft.server.snapshot.auto.trigger.enabled = true (custom)
2019-09-25 04:47:49,442 [pool-57-thread-1] INFO  server.RaftServerConfigKeys (ConfUtils.java:logGet(43)) - raft.server.log.statemachine.data.sync.timeout = 10s (default)
2019-09-25 04:47:49,442 [pool-47-thread-1] INFO  server.RaftServerConfigKeys (ConfUtils.java:logGet(43)) - raft.server.snapshot.auto.trigger.threshold = 10000 (custom)
2019-09-25 04:47:49,442 [pool-57-thread-1] INFO  server.RaftServerConfigKeys (ConfUtils.java:logGet(43)) - raft.server.log.statemachine.data.sync.timeout.retry = -1 (default)
2019-09-25 04:47:49,442 [pool-47-thread-1] INFO  server.RaftServerConfigKeys (ConfUtils.java:logGet(43)) - raft.server.snapshot.retention.num.files = 5 (custom)
2019-09-25 04:47:49,443 [pool-57-thread-1] INFO  server.RaftServerConfigKeys (ConfUtils.java:logGet(43)) - raft.server.log.statemachine.data.caching.enabled = true (custom)
2019-09-25 04:47:49,443 [pool-47-thread-1] INFO  server.RaftServerConfigKeys (ConfUtils.java:logGet(43)) - raft.server.retrycache.expirytime = 600000ms (custom)
2019-09-25 04:47:49,443 [pool-57-thread-1] INFO  segmented.SegmentedRaftLogWorker (SegmentedRaftLogWorker.java:lambda$new$0(132)) - db9ed97d-d2c6-41fd-94d1-0c6709fd859b@group-47FB795E9C66-SegmentedRaftLogWorker: flushIndex: setUnconditionally 0 -> -1
2019-09-25 04:47:49,443 [pool-57-thread-1] INFO  server.RaftServerConfigKeys (ConfUtils.java:logGet(43)) - raft.server.snapshot.auto.trigger.enabled = true (custom)
2019-09-25 04:47:49,443 [pool-57-thread-1] INFO  server.RaftServerConfigKeys (ConfUtils.java:logGet(43)) - raft.server.snapshot.auto.trigger.threshold = 10000 (custom)
2019-09-25 04:47:49,444 [pool-57-thread-1] INFO  server.RaftServerConfigKeys (ConfUtils.java:logGet(43)) - raft.server.snapshot.retention.num.files = 5 (custom)
2019-09-25 04:47:49,444 [pool-57-thread-1] INFO  server.RaftServerConfigKeys (ConfUtils.java:logGet(43)) - raft.server.retrycache.expirytime = 600000ms (custom)
2019-09-25 04:47:49,445 [pool-77-thread-1] INFO  impl.RaftServerImpl (RaftServerImpl.java:start(185)) - e0f8208c-6034-4af8-9d8a-105ed12c823c@group-47FB795E9C66: start as a follower, conf=-1: [be4c6252-00d9-4156-8b7e-0893986d8368:192.168.5.161:46491, e0f8208c-6034-4af8-9d8a-105ed12c823c:192.168.5.161:45201, db9ed97d-d2c6-41fd-94d1-0c6709fd859b:192.168.5.161:41959], old=null
2019-09-25 04:47:49,445 [pool-77-thread-1] INFO  impl.RaftServerImpl (RaftServerImpl.java:setRole(174)) - e0f8208c-6034-4af8-9d8a-105ed12c823c@group-47FB795E9C66: changes role from      null to FOLLOWER at term 0 for startAsFollower
2019-09-25 04:47:49,445 [pool-77-thread-1] INFO  impl.RoleInfo (RoleInfo.java:updateAndGet(143)) - e0f8208c-6034-4af8-9d8a-105ed12c823c: start FollowerState
2019-09-25 04:47:49,446 [pool-77-thread-1] INFO  util.JmxRegister (JmxRegister.java:tryRegister(44)) - Successfully registered JMX Bean with object name Ratis:service=RaftServer,group=group-47FB795E9C66,id=e0f8208c-6034-4af8-9d8a-105ed12c823c
2019-09-25 04:47:49,446 [pool-47-thread-1] INFO  impl.RaftServerImpl (RaftServerImpl.java:start(185)) - be4c6252-00d9-4156-8b7e-0893986d8368@group-47FB795E9C66: start as a follower, conf=-1: [be4c6252-00d9-4156-8b7e-0893986d8368:192.168.5.161:46491, e0f8208c-6034-4af8-9d8a-105ed12c823c:192.168.5.161:45201, db9ed97d-d2c6-41fd-94d1-0c6709fd859b:192.168.5.161:41959], old=null
2019-09-25 04:47:49,447 [pool-47-thread-1] INFO  impl.RaftServerImpl (RaftServerImpl.java:setRole(174)) - be4c6252-00d9-4156-8b7e-0893986d8368@group-47FB795E9C66: changes role from      null to FOLLOWER at term 0 for startAsFollower
2019-09-25 04:47:49,447 [pool-47-thread-1] INFO  impl.RoleInfo (RoleInfo.java:updateAndGet(143)) - be4c6252-00d9-4156-8b7e-0893986d8368: start FollowerState
2019-09-25 04:47:49,447 [pool-47-thread-1] INFO  util.JmxRegister (JmxRegister.java:tryRegister(44)) - Successfully registered JMX Bean with object name Ratis:service=RaftServer,group=group-47FB795E9C66,id=be4c6252-00d9-4156-8b7e-0893986d8368
2019-09-25 04:47:49,447 [pool-57-thread-1] INFO  impl.RaftServerImpl (RaftServerImpl.java:start(185)) - db9ed97d-d2c6-41fd-94d1-0c6709fd859b@group-47FB795E9C66: start as a follower, conf=-1: [be4c6252-00d9-4156-8b7e-0893986d8368:192.168.5.161:46491, e0f8208c-6034-4af8-9d8a-105ed12c823c:192.168.5.161:45201, db9ed97d-d2c6-41fd-94d1-0c6709fd859b:192.168.5.161:41959], old=null
2019-09-25 04:47:49,447 [pool-57-thread-1] INFO  impl.RaftServerImpl (RaftServerImpl.java:setRole(174)) - db9ed97d-d2c6-41fd-94d1-0c6709fd859b@group-47FB795E9C66: changes role from      null to FOLLOWER at term 0 for startAsFollower
2019-09-25 04:47:49,448 [pool-57-thread-1] INFO  impl.RoleInfo (RoleInfo.java:updateAndGet(143)) - db9ed97d-d2c6-41fd-94d1-0c6709fd859b: start FollowerState
2019-09-25 04:47:49,448 [pool-57-thread-1] INFO  util.JmxRegister (JmxRegister.java:tryRegister(44)) - Successfully registered JMX Bean with object name Ratis:service=RaftServer,group=group-47FB795E9C66,id=db9ed97d-d2c6-41fd-94d1-0c6709fd859b
2019-09-25 04:47:49,452 [IPC Server handler 2 on 37484] INFO  pipeline.PipelineStateManager (PipelineStateManager.java:addPipeline(56)) - Created pipeline Pipeline[ Id: 1ebb6ef3-190e-4ffc-878a-47fb795e9c66, Nodes: db9ed97d-d2c6-41fd-94d1-0c6709fd859b{ip: 192.168.5.161, host: pr-hdds-1569-zxpks-796972592, networkLocation: /default-rack, certSerialId: null}e0f8208c-6034-4af8-9d8a-105ed12c823c{ip: 192.168.5.161, host: pr-hdds-1569-zxpks-796972592, networkLocation: /default-rack, certSerialId: null}be4c6252-00d9-4156-8b7e-0893986d8368{ip: 192.168.5.161, host: pr-hdds-1569-zxpks-796972592, networkLocation: /default-rack, certSerialId: null}, Type:RATIS, Factor:THREE, State:OPEN]
2019-09-25 04:47:53,186 [Thread-437] INFO  impl.FollowerState (FollowerState.java:run(106)) - db9ed97d-d2c6-41fd-94d1-0c6709fd859b:group-DCF9EFD8F5ED changes to CANDIDATE, lastRpcTime:5121, electionTimeout:5116ms
2019-09-25 04:47:53,186 [Thread-437] INFO  impl.RoleInfo (RoleInfo.java:shutdownFollowerState(121)) - db9ed97d-d2c6-41fd-94d1-0c6709fd859b: shutdown FollowerState
2019-09-25 04:47:53,186 [Thread-437] INFO  impl.RaftServerImpl (RaftServerImpl.java:setRole(174)) - db9ed97d-d2c6-41fd-94d1-0c6709fd859b@group-DCF9EFD8F5ED: changes role from  FOLLOWER to CANDIDATE at term 2 for changeToCandidate
2019-09-25 04:47:53,187 [Thread-437] INFO  impl.RoleInfo (RoleInfo.java:updateAndGet(143)) - db9ed97d-d2c6-41fd-94d1-0c6709fd859b: start LeaderElection
2019-09-25 04:47:53,205 [db9ed97d-d2c6-41fd-94d1-0c6709fd859b@group-DCF9EFD8F5ED:LeaderElection36] INFO  impl.LeaderElection (LeaderElection.java:askForVotes(182)) - db9ed97d-d2c6-41fd-94d1-0c6709fd859b@group-DCF9EFD8F5ED:LeaderElection36: begin an election at term 3 for -1: [d7ae0efc-862c-47d5-843f-ee6a47fabce2:192.168.5.161:33443, db9ed97d-d2c6-41fd-94d1-0c6709fd859b:192.168.5.161:41959, 1c15d5ce-7e79-46e9-88ce-521715a07264:192.168.5.161:40669], old=null
2019-09-25 04:47:53,211 [grpc-default-executor-5] INFO  impl.RaftServerImpl (RaftServerImpl.java:setRole(174)) - d7ae0efc-862c-47d5-843f-ee6a47fabce2@group-DCF9EFD8F5ED: changes role from  FOLLOWER to FOLLOWER at term 3 for recognizeCandidate:db9ed97d-d2c6-41fd-94d1-0c6709fd859b
2019-09-25 04:47:53,211 [grpc-default-executor-2] INFO  impl.RaftServerImpl (RaftServerImpl.java:setRole(174)) - 1c15d5ce-7e79-46e9-88ce-521715a07264@group-DCF9EFD8F5ED: changes role from  FOLLOWER to FOLLOWER at term 3 for recognizeCandidate:db9ed97d-d2c6-41fd-94d1-0c6709fd859b
2019-09-25 04:47:53,211 [grpc-default-executor-5] INFO  impl.RoleInfo (RoleInfo.java:shutdownFollowerState(121)) - d7ae0efc-862c-47d5-843f-ee6a47fabce2: shutdown FollowerState
2019-09-25 04:47:53,212 [grpc-default-executor-2] INFO  impl.RoleInfo (RoleInfo.java:shutdownFollowerState(121)) - 1c15d5ce-7e79-46e9-88ce-521715a07264: shutdown FollowerState
2019-09-25 04:47:53,212 [Thread-438] INFO  impl.FollowerState (FollowerState.java:run(115)) - d7ae0efc-862c-47d5-843f-ee6a47fabce2: FollowerState was interrupted: java.lang.InterruptedException: sleep interrupted
2019-09-25 04:47:53,212 [grpc-default-executor-5] INFO  impl.RoleInfo (RoleInfo.java:updateAndGet(143)) - d7ae0efc-862c-47d5-843f-ee6a47fabce2: start FollowerState
2019-09-25 04:47:53,216 [grpc-default-executor-2] INFO  impl.RoleInfo (RoleInfo.java:updateAndGet(143)) - 1c15d5ce-7e79-46e9-88ce-521715a07264: start FollowerState
2019-09-25 04:47:53,216 [Thread-439] INFO  impl.FollowerState (FollowerState.java:run(115)) - 1c15d5ce-7e79-46e9-88ce-521715a07264: FollowerState was interrupted: java.lang.InterruptedException: sleep interrupted
2019-09-25 04:47:53,235 [db9ed97d-d2c6-41fd-94d1-0c6709fd859b@group-DCF9EFD8F5ED:LeaderElection36] INFO  impl.LeaderElection (LeaderElection.java:logAndReturn(56)) - db9ed97d-d2c6-41fd-94d1-0c6709fd859b@group-DCF9EFD8F5ED:LeaderElection36: Election PASSED; received 1 response(s) [db9ed97d-d2c6-41fd-94d1-0c6709fd859b<-1c15d5ce-7e79-46e9-88ce-521715a07264#0:OK-t3] and 0 exception(s); db9ed97d-d2c6-41fd-94d1-0c6709fd859b@group-DCF9EFD8F5ED:t3, leader=null, voted=db9ed97d-d2c6-41fd-94d1-0c6709fd859b, raftlog=db9ed97d-d2c6-41fd-94d1-0c6709fd859b@group-DCF9EFD8F5ED-SegmentedRaftLog:OPENED:c-1,f-1,i0, conf=-1: [d7ae0efc-862c-47d5-843f-ee6a47fabce2:192.168.5.161:33443, db9ed97d-d2c6-41fd-94d1-0c6709fd859b:192.168.5.161:41959, 1c15d5ce-7e79-46e9-88ce-521715a07264:192.168.5.161:40669], old=null
2019-09-25 04:47:53,235 [db9ed97d-d2c6-41fd-94d1-0c6709fd859b@group-DCF9EFD8F5ED:LeaderElection36] INFO  impl.RoleInfo (RoleInfo.java:shutdownLeaderElection(134)) - db9ed97d-d2c6-41fd-94d1-0c6709fd859b: shutdown LeaderElection
2019-09-25 04:47:53,235 [db9ed97d-d2c6-41fd-94d1-0c6709fd859b@group-DCF9EFD8F5ED:LeaderElection36] INFO  impl.RaftServerImpl (RaftServerImpl.java:setRole(174)) - db9ed97d-d2c6-41fd-94d1-0c6709fd859b@group-DCF9EFD8F5ED: changes role from CANDIDATE to LEADER at term 3 for changeToLeader
2019-09-25 04:47:53,235 [db9ed97d-d2c6-41fd-94d1-0c6709fd859b@group-DCF9EFD8F5ED:LeaderElection36] INFO  impl.RaftServerImpl (ServerState.java:setLeader(253)) - db9ed97d-d2c6-41fd-94d1-0c6709fd859b@group-DCF9EFD8F5ED: change Leader from null to db9ed97d-d2c6-41fd-94d1-0c6709fd859b at term 3 for becomeLeader, leader elected after 20637ms
2019-09-25 04:47:53,236 [db9ed97d-d2c6-41fd-94d1-0c6709fd859b@group-DCF9EFD8F5ED:LeaderElection36] INFO  server.RaftServerConfigKeys (ConfUtils.java:logGet(43)) - raft.server.staging.catchup.gap = 1000 (default)
2019-09-25 04:47:53,236 [db9ed97d-d2c6-41fd-94d1-0c6709fd859b@group-DCF9EFD8F5ED:LeaderElection36] INFO  server.RaftServerConfigKeys (ConfUtils.java:logGet(43)) - raft.server.rpc.sleep.time = 25ms (default)
2019-09-25 04:47:53,236 [db9ed97d-d2c6-41fd-94d1-0c6709fd859b@group-DCF9EFD8F5ED:LeaderElection36] INFO  server.RaftServerConfigKeys (ConfUtils.java:logGet(43)) - raft.server.write.element-limit = 4096 (default)
2019-09-25 04:47:53,236 [db9ed97d-d2c6-41fd-94d1-0c6709fd859b@group-DCF9EFD8F5ED:LeaderElection36] INFO  server.RaftServerConfigKeys (ConfUtils.java:logGet(43)) - raft.server.watch.timeout = 10s (default)
2019-09-25 04:47:53,236 [db9ed97d-d2c6-41fd-94d1-0c6709fd859b@group-DCF9EFD8F5ED:LeaderElection36] INFO  server.RaftServerConfigKeys (ConfUtils.java:logGet(43)) - raft.server.watch.timeout.denomination = 1s (default)
2019-09-25 04:47:53,236 [db9ed97d-d2c6-41fd-94d1-0c6709fd859b@group-DCF9EFD8F5ED:LeaderElection36] INFO  server.RaftServerConfigKeys (ConfUtils.java:logGet(43)) - raft.server.watch.element-limit = 65536 (default)
2019-09-25 04:47:53,240 [db9ed97d-d2c6-41fd-94d1-0c6709fd859b@group-DCF9EFD8F5ED:LeaderElection36] INFO  server.RaftServerConfigKeys (ConfUtils.java:logGet(43)) - raft.server.log.appender.snapshot.chunk.size.max = 16MB (=16777216) (default)
2019-09-25 04:47:53,240 [db9ed97d-d2c6-41fd-94d1-0c6709fd859b@group-DCF9EFD8F5ED:LeaderElection36] INFO  server.RaftServerConfigKeys (ConfUtils.java:logGet(43)) - raft.server.log.appender.buffer.byte-limit = 33554432 (custom)
2019-09-25 04:47:53,240 [db9ed97d-d2c6-41fd-94d1-0c6709fd859b@group-DCF9EFD8F5ED:LeaderElection36] INFO  server.RaftServerConfigKeys (ConfUtils.java:logGet(43)) - raft.server.log.appender.buffer.element-limit = 1 (custom)
2019-09-25 04:47:53,241 [db9ed97d-d2c6-41fd-94d1-0c6709fd859b@group-DCF9EFD8F5ED:LeaderElection36] INFO  grpc.GrpcConfigKeys$Server (ConfUtils.java:logGet(43)) - raft.grpc.server.leader.outstanding.appends.max = 128 (default)
2019-09-25 04:47:53,241 [db9ed97d-d2c6-41fd-94d1-0c6709fd859b@group-DCF9EFD8F5ED:LeaderElection36] INFO  server.RaftServerConfigKeys (ConfUtils.java:logGet(43)) - raft.server.rpc.request.timeout = 3000ms (default)
2019-09-25 04:47:53,241 [db9ed97d-d2c6-41fd-94d1-0c6709fd859b@group-DCF9EFD8F5ED:LeaderElection36] INFO  server.RaftServerConfigKeys (ConfUtils.java:logGet(43)) - raft.server.log.appender.install.snapshot.enabled = false (custom)
2019-09-25 04:47:53,241 [db9ed97d-d2c6-41fd-94d1-0c6709fd859b@group-DCF9EFD8F5ED:LeaderElection36] INFO  server.RaftServerConfigKeys (ConfUtils.java:logGet(43)) - raft.server.log.appender.snapshot.chunk.size.max = 16MB (=16777216) (default)
2019-09-25 04:47:53,242 [db9ed97d-d2c6-41fd-94d1-0c6709fd859b@group-DCF9EFD8F5ED:LeaderElection36] INFO  server.RaftServerConfigKeys (ConfUtils.java:logGet(43)) - raft.server.log.appender.buffer.byte-limit = 33554432 (custom)
2019-09-25 04:47:53,242 [db9ed97d-d2c6-41fd-94d1-0c6709fd859b@group-DCF9EFD8F5ED:LeaderElection36] INFO  server.RaftServerConfigKeys (ConfUtils.java:logGet(43)) - raft.server.log.appender.buffer.element-limit = 1 (custom)
2019-09-25 04:47:53,242 [db9ed97d-d2c6-41fd-94d1-0c6709fd859b@group-DCF9EFD8F5ED:LeaderElection36] INFO  grpc.GrpcConfigKeys$Server (ConfUtils.java:logGet(43)) - raft.grpc.server.leader.outstanding.appends.max = 128 (default)
2019-09-25 04:47:53,242 [db9ed97d-d2c6-41fd-94d1-0c6709fd859b@group-DCF9EFD8F5ED:LeaderElection36] INFO  server.RaftServerConfigKeys (ConfUtils.java:logGet(43)) - raft.server.rpc.request.timeout = 3000ms (default)
2019-09-25 04:47:53,242 [db9ed97d-d2c6-41fd-94d1-0c6709fd859b@group-DCF9EFD8F5ED:LeaderElection36] INFO  server.RaftServerConfigKeys (ConfUtils.java:logGet(43)) - raft.server.log.appender.install.snapshot.enabled = false (custom)
2019-09-25 04:47:53,243 [db9ed97d-d2c6-41fd-94d1-0c6709fd859b@group-DCF9EFD8F5ED:LeaderElection36] INFO  impl.RoleInfo (RoleInfo.java:updateAndGet(143)) - db9ed97d-d2c6-41fd-94d1-0c6709fd859b: start LeaderState
2019-09-25 04:47:53,243 [db9ed97d-d2c6-41fd-94d1-0c6709fd859b@group-DCF9EFD8F5ED:LeaderElection36] INFO  segmented.SegmentedRaftLogWorker (SegmentedRaftLogWorker.java:startLogSegment(380)) - db9ed97d-d2c6-41fd-94d1-0c6709fd859b@group-DCF9EFD8F5ED-SegmentedRaftLogWorker: Starting segment from index:0
2019-09-25 04:47:53,244 [db9ed97d-d2c6-41fd-94d1-0c6709fd859b@group-DCF9EFD8F5ED:LeaderElection36] INFO  impl.RaftServerImpl (ServerState.java:setRaftConf(354)) - db9ed97d-d2c6-41fd-94d1-0c6709fd859b@group-DCF9EFD8F5ED: set configuration 0: [d7ae0efc-862c-47d5-843f-ee6a47fabce2:192.168.5.161:33443, db9ed97d-d2c6-41fd-94d1-0c6709fd859b:192.168.5.161:41959, 1c15d5ce-7e79-46e9-88ce-521715a07264:192.168.5.161:40669], old=null at 0
2019-09-25 04:47:53,246 [grpc-default-executor-2] INFO  impl.RaftServerImpl (ServerState.java:setLeader(253)) - 1c15d5ce-7e79-46e9-88ce-521715a07264@group-DCF9EFD8F5ED: change Leader from null to db9ed97d-d2c6-41fd-94d1-0c6709fd859b at term 3 for appendEntries, leader elected after 20651ms
2019-09-25 04:47:53,273 [grpc-default-executor-5] INFO  impl.RaftServerImpl (ServerState.java:setLeader(253)) - d7ae0efc-862c-47d5-843f-ee6a47fabce2@group-DCF9EFD8F5ED: change Leader from null to db9ed97d-d2c6-41fd-94d1-0c6709fd859b at term 3 for appendEntries, leader elected after 20676ms
2019-09-25 04:47:53,275 [grpc-default-executor-2] INFO  impl.RaftServerImpl (ServerState.java:setRaftConf(354)) - 1c15d5ce-7e79-46e9-88ce-521715a07264@group-DCF9EFD8F5ED: set configuration 0: [d7ae0efc-862c-47d5-843f-ee6a47fabce2:192.168.5.161:33443, db9ed97d-d2c6-41fd-94d1-0c6709fd859b:192.168.5.161:41959, 1c15d5ce-7e79-46e9-88ce-521715a07264:192.168.5.161:40669], old=null at 0
2019-09-25 04:47:53,275 [grpc-default-executor-2] INFO  segmented.SegmentedRaftLogWorker (SegmentedRaftLogWorker.java:startLogSegment(380)) - 1c15d5ce-7e79-46e9-88ce-521715a07264@group-DCF9EFD8F5ED-SegmentedRaftLogWorker: Starting segment from index:0
2019-09-25 04:47:53,276 [grpc-default-executor-5] INFO  impl.RaftServerImpl (ServerState.java:setRaftConf(354)) - d7ae0efc-862c-47d5-843f-ee6a47fabce2@group-DCF9EFD8F5ED: set configuration 0: [d7ae0efc-862c-47d5-843f-ee6a47fabce2:192.168.5.161:33443, db9ed97d-d2c6-41fd-94d1-0c6709fd859b:192.168.5.161:41959, 1c15d5ce-7e79-46e9-88ce-521715a07264:192.168.5.161:40669], old=null at 0
2019-09-25 04:47:53,276 [grpc-default-executor-5] INFO  segmented.SegmentedRaftLogWorker (SegmentedRaftLogWorker.java:startLogSegment(380)) - d7ae0efc-862c-47d5-843f-ee6a47fabce2@group-DCF9EFD8F5ED-SegmentedRaftLogWorker: Starting segment from index:0
2019-09-25 04:47:53,284 [db9ed97d-d2c6-41fd-94d1-0c6709fd859b@group-DCF9EFD8F5ED-SegmentedRaftLogWorker] INFO  segmented.SegmentedRaftLogWorker (SegmentedRaftLogWorker.java:execute(569)) - db9ed97d-d2c6-41fd-94d1-0c6709fd859b@group-DCF9EFD8F5ED-SegmentedRaftLogWorker: created new log segment /workdir/hadoop-ozone/integration-test/target/test-dir/MiniOzoneClusterImpl-01f2bef4-faa9-485a-8a2f-86fcc7581354/datanode-3/data/ratis/6022c3cc-d9ab-4518-884b-dcf9efd8f5ed/current/log_inprogress_0
2019-09-25 04:47:53,316 [d7ae0efc-862c-47d5-843f-ee6a47fabce2@group-DCF9EFD8F5ED-SegmentedRaftLogWorker] INFO  segmented.SegmentedRaftLogWorker (SegmentedRaftLogWorker.java:execute(569)) - d7ae0efc-862c-47d5-843f-ee6a47fabce2@group-DCF9EFD8F5ED-SegmentedRaftLogWorker: created new log segment /workdir/hadoop-ozone/integration-test/target/test-dir/MiniOzoneClusterImpl-01f2bef4-faa9-485a-8a2f-86fcc7581354/datanode-1/data/ratis/6022c3cc-d9ab-4518-884b-dcf9efd8f5ed/current/log_inprogress_0
2019-09-25 04:47:53,316 [1c15d5ce-7e79-46e9-88ce-521715a07264@group-DCF9EFD8F5ED-SegmentedRaftLogWorker] INFO  segmented.SegmentedRaftLogWorker (SegmentedRaftLogWorker.java:execute(569)) - 1c15d5ce-7e79-46e9-88ce-521715a07264@group-DCF9EFD8F5ED-SegmentedRaftLogWorker: created new log segment /workdir/hadoop-ozone/integration-test/target/test-dir/MiniOzoneClusterImpl-01f2bef4-faa9-485a-8a2f-86fcc7581354/datanode-0/data/ratis/6022c3cc-d9ab-4518-884b-dcf9efd8f5ed/current/log_inprogress_0
2019-09-25 04:47:54,520 [Thread-506] INFO  impl.FollowerState (FollowerState.java:run(106)) - be4c6252-00d9-4156-8b7e-0893986d8368:group-47FB795E9C66 changes to CANDIDATE, lastRpcTime:5073, electionTimeout:5073ms
2019-09-25 04:47:54,521 [Thread-506] INFO  impl.RoleInfo (RoleInfo.java:shutdownFollowerState(121)) - be4c6252-00d9-4156-8b7e-0893986d8368: shutdown FollowerState
2019-09-25 04:47:54,521 [Thread-506] INFO  impl.RaftServerImpl (RaftServerImpl.java:setRole(174)) - be4c6252-00d9-4156-8b7e-0893986d8368@group-47FB795E9C66: changes role from  FOLLOWER to CANDIDATE at term 0 for changeToCandidate
2019-09-25 04:47:54,521 [Thread-506] INFO  impl.RoleInfo (RoleInfo.java:updateAndGet(143)) - be4c6252-00d9-4156-8b7e-0893986d8368: start LeaderElection
2019-09-25 04:47:54,541 [be4c6252-00d9-4156-8b7e-0893986d8368@group-47FB795E9C66:LeaderElection37] INFO  impl.LeaderElection (LeaderElection.java:askForVotes(182)) - be4c6252-00d9-4156-8b7e-0893986d8368@group-47FB795E9C66:LeaderElection37: begin an election at term 1 for -1: [be4c6252-00d9-4156-8b7e-0893986d8368:192.168.5.161:46491, e0f8208c-6034-4af8-9d8a-105ed12c823c:192.168.5.161:45201, db9ed97d-d2c6-41fd-94d1-0c6709fd859b:192.168.5.161:41959], old=null
2019-09-25 04:47:54,545 [grpc-default-executor-2] INFO  impl.RaftServerImpl (RaftServerImpl.java:setRole(174)) - e0f8208c-6034-4af8-9d8a-105ed12c823c@group-47FB795E9C66: changes role from  FOLLOWER to FOLLOWER at term 1 for recognizeCandidate:be4c6252-00d9-4156-8b7e-0893986d8368
2019-09-25 04:47:54,545 [grpc-default-executor-2] INFO  impl.RoleInfo (RoleInfo.java:shutdownFollowerState(121)) - e0f8208c-6034-4af8-9d8a-105ed12c823c: shutdown FollowerState
2019-09-25 04:47:54,546 [grpc-default-executor-2] INFO  impl.RoleInfo (RoleInfo.java:updateAndGet(143)) - e0f8208c-6034-4af8-9d8a-105ed12c823c: start FollowerState
2019-09-25 04:47:54,546 [Thread-504] INFO  impl.FollowerState (FollowerState.java:run(115)) - e0f8208c-6034-4af8-9d8a-105ed12c823c: FollowerState was interrupted: java.lang.InterruptedException: sleep interrupted
2019-09-25 04:47:54,546 [grpc-default-executor-5] INFO  impl.RaftServerImpl (RaftServerImpl.java:setRole(174)) - db9ed97d-d2c6-41fd-94d1-0c6709fd859b@group-47FB795E9C66: changes role from  FOLLOWER to FOLLOWER at term 1 for recognizeCandidate:be4c6252-00d9-4156-8b7e-0893986d8368
2019-09-25 04:47:54,549 [grpc-default-executor-5] INFO  impl.RoleInfo (RoleInfo.java:shutdownFollowerState(121)) - db9ed97d-d2c6-41fd-94d1-0c6709fd859b: shutdown FollowerState
2019-09-25 04:47:54,549 [grpc-default-executor-5] INFO  impl.RoleInfo (RoleInfo.java:updateAndGet(143)) - db9ed97d-d2c6-41fd-94d1-0c6709fd859b: start FollowerState
2019-09-25 04:47:54,549 [Thread-508] INFO  impl.FollowerState (FollowerState.java:run(115)) - db9ed97d-d2c6-41fd-94d1-0c6709fd859b: FollowerState was interrupted: java.lang.InterruptedException: sleep interrupted
2019-09-25 04:47:54,564 [be4c6252-00d9-4156-8b7e-0893986d8368@group-47FB795E9C66:LeaderElection37] INFO  impl.LeaderElection (LeaderElection.java:logAndReturn(56)) - be4c6252-00d9-4156-8b7e-0893986d8368@group-47FB795E9C66:LeaderElection37: Election PASSED; received 1 response(s) [be4c6252-00d9-4156-8b7e-0893986d8368<-e0f8208c-6034-4af8-9d8a-105ed12c823c#0:OK-t1] and 0 exception(s); be4c6252-00d9-4156-8b7e-0893986d8368@group-47FB795E9C66:t1, leader=null, voted=be4c6252-00d9-4156-8b7e-0893986d8368, raftlog=be4c6252-00d9-4156-8b7e-0893986d8368@group-47FB795E9C66-SegmentedRaftLog:OPENED:c-1,f-1,i0, conf=-1: [be4c6252-00d9-4156-8b7e-0893986d8368:192.168.5.161:46491, e0f8208c-6034-4af8-9d8a-105ed12c823c:192.168.5.161:45201, db9ed97d-d2c6-41fd-94d1-0c6709fd859b:192.168.5.161:41959], old=null
2019-09-25 04:47:54,564 [be4c6252-00d9-4156-8b7e-0893986d8368@group-47FB795E9C66:LeaderElection37] INFO  impl.RoleInfo (RoleInfo.java:shutdownLeaderElection(134)) - be4c6252-00d9-4156-8b7e-0893986d8368: shutdown LeaderElection
2019-09-25 04:47:54,564 [be4c6252-00d9-4156-8b7e-0893986d8368@group-47FB795E9C66:LeaderElection37] INFO  impl.RaftServerImpl (RaftServerImpl.java:setRole(174)) - be4c6252-00d9-4156-8b7e-0893986d8368@group-47FB795E9C66: changes role from CANDIDATE to LEADER at term 1 for changeToLeader
2019-09-25 04:47:54,564 [be4c6252-00d9-4156-8b7e-0893986d8368@group-47FB795E9C66:LeaderElection37] INFO  impl.RaftServerImpl (ServerState.java:setLeader(253)) - be4c6252-00d9-4156-8b7e-0893986d8368@group-47FB795E9C66: change Leader from null to be4c6252-00d9-4156-8b7e-0893986d8368 at term 1 for becomeLeader, leader elected after 5131ms
2019-09-25 04:47:54,564 [be4c6252-00d9-4156-8b7e-0893986d8368@group-47FB795E9C66:LeaderElection37] INFO  server.RaftServerConfigKeys (ConfUtils.java:logGet(43)) - raft.server.staging.catchup.gap = 1000 (default)
2019-09-25 04:47:54,565 [be4c6252-00d9-4156-8b7e-0893986d8368@group-47FB795E9C66:LeaderElection37] INFO  server.RaftServerConfigKeys (ConfUtils.java:logGet(43)) - raft.server.rpc.sleep.time = 25ms (default)
2019-09-25 04:47:54,565 [be4c6252-00d9-4156-8b7e-0893986d8368@group-47FB795E9C66:LeaderElection37] INFO  server.RaftServerConfigKeys (ConfUtils.java:logGet(43)) - raft.server.write.element-limit = 4096 (default)
2019-09-25 04:47:54,565 [be4c6252-00d9-4156-8b7e-0893986d8368@group-47FB795E9C66:LeaderElection37] INFO  server.RaftServerConfigKeys (ConfUtils.java:logGet(43)) - raft.server.watch.timeout = 10s (default)
2019-09-25 04:47:54,565 [be4c6252-00d9-4156-8b7e-0893986d8368@group-47FB795E9C66:LeaderElection37] INFO  server.RaftServerConfigKeys (ConfUtils.java:logGet(43)) - raft.server.watch.timeout.denomination = 1s (default)
2019-09-25 04:47:54,565 [be4c6252-00d9-4156-8b7e-0893986d8368@group-47FB795E9C66:LeaderElection37] INFO  server.RaftServerConfigKeys (ConfUtils.java:logGet(43)) - raft.server.watch.element-limit = 65536 (default)
2019-09-25 04:47:54,568 [be4c6252-00d9-4156-8b7e-0893986d8368@group-47FB795E9C66:LeaderElection37] INFO  server.RaftServerConfigKeys (ConfUtils.java:logGet(43)) - raft.server.log.appender.snapshot.chunk.size.max = 16MB (=16777216) (default)
2019-09-25 04:47:54,568 [be4c6252-00d9-4156-8b7e-0893986d8368@group-47FB795E9C66:LeaderElection37] INFO  server.RaftServerConfigKeys (ConfUtils.java:logGet(43)) - raft.server.log.appender.buffer.byte-limit = 33554432 (custom)
2019-09-25 04:47:54,569 [be4c6252-00d9-4156-8b7e-0893986d8368@group-47FB795E9C66:LeaderElection37] INFO  server.RaftServerConfigKeys (ConfUtils.java:logGet(43)) - raft.server.log.appender.buffer.element-limit = 1 (custom)
2019-09-25 04:47:54,569 [be4c6252-00d9-4156-8b7e-0893986d8368@group-47FB795E9C66:LeaderElection37] INFO  grpc.GrpcConfigKeys$Server (ConfUtils.java:logGet(43)) - raft.grpc.server.leader.outstanding.appends.max = 128 (default)
2019-09-25 04:47:54,569 [be4c6252-00d9-4156-8b7e-0893986d8368@group-47FB795E9C66:LeaderElection37] INFO  server.RaftServerConfigKeys (ConfUtils.java:logGet(43)) - raft.server.rpc.request.timeout = 3000ms (default)
2019-09-25 04:47:54,569 [be4c6252-00d9-4156-8b7e-0893986d8368@group-47FB795E9C66:LeaderElection37] INFO  server.RaftServerConfigKeys (ConfUtils.java:logGet(43)) - raft.server.log.appender.install.snapshot.enabled = false (custom)
2019-09-25 04:47:54,570 [be4c6252-00d9-4156-8b7e-0893986d8368@group-47FB795E9C66:LeaderElection37] INFO  server.RaftServerConfigKeys (ConfUtils.java:logGet(43)) - raft.server.log.appender.snapshot.chunk.size.max = 16MB (=16777216) (default)
2019-09-25 04:47:54,570 [be4c6252-00d9-4156-8b7e-0893986d8368@group-47FB795E9C66:LeaderElection37] INFO  server.RaftServerConfigKeys (ConfUtils.java:logGet(43)) - raft.server.log.appender.buffer.byte-limit = 33554432 (custom)
2019-09-25 04:47:54,570 [be4c6252-00d9-4156-8b7e-0893986d8368@group-47FB795E9C66:LeaderElection37] INFO  server.RaftServerConfigKeys (ConfUtils.java:logGet(43)) - raft.server.log.appender.buffer.element-limit = 1 (custom)
2019-09-25 04:47:54,570 [be4c6252-00d9-4156-8b7e-0893986d8368@group-47FB795E9C66:LeaderElection37] INFO  grpc.GrpcConfigKeys$Server (ConfUtils.java:logGet(43)) - raft.grpc.server.leader.outstanding.appends.max = 128 (default)
2019-09-25 04:47:54,570 [be4c6252-00d9-4156-8b7e-0893986d8368@group-47FB795E9C66:LeaderElection37] INFO  server.RaftServerConfigKeys (ConfUtils.java:logGet(43)) - raft.server.rpc.request.timeout = 3000ms (default)
2019-09-25 04:47:54,571 [be4c6252-00d9-4156-8b7e-0893986d8368@group-47FB795E9C66:LeaderElection37] INFO  server.RaftServerConfigKeys (ConfUtils.java:logGet(43)) - raft.server.log.appender.install.snapshot.enabled = false (custom)
2019-09-25 04:47:54,571 [be4c6252-00d9-4156-8b7e-0893986d8368@group-47FB795E9C66:LeaderElection37] INFO  impl.RoleInfo (RoleInfo.java:updateAndGet(143)) - be4c6252-00d9-4156-8b7e-0893986d8368: start LeaderState
2019-09-25 04:47:54,571 [be4c6252-00d9-4156-8b7e-0893986d8368@group-47FB795E9C66:LeaderElection37] INFO  segmented.SegmentedRaftLogWorker (SegmentedRaftLogWorker.java:startLogSegment(380)) - be4c6252-00d9-4156-8b7e-0893986d8368@group-47FB795E9C66-SegmentedRaftLogWorker: Starting segment from index:0
2019-09-25 04:47:54,572 [be4c6252-00d9-4156-8b7e-0893986d8368@group-47FB795E9C66:LeaderElection37] INFO  impl.RaftServerImpl (ServerState.java:setRaftConf(354)) - be4c6252-00d9-4156-8b7e-0893986d8368@group-47FB795E9C66: set configuration 0: [be4c6252-00d9-4156-8b7e-0893986d8368:192.168.5.161:46491, e0f8208c-6034-4af8-9d8a-105ed12c823c:192.168.5.161:45201, db9ed97d-d2c6-41fd-94d1-0c6709fd859b:192.168.5.161:41959], old=null at 0
2019-09-25 04:47:54,575 [grpc-default-executor-2] INFO  impl.RaftServerImpl (ServerState.java:setLeader(253)) - e0f8208c-6034-4af8-9d8a-105ed12c823c@group-47FB795E9C66: change Leader from null to be4c6252-00d9-4156-8b7e-0893986d8368 at term 1 for appendEntries, leader elected after 5141ms
2019-09-25 04:47:54,608 [grpc-default-executor-2] INFO  impl.RaftServerImpl (ServerState.java:setLeader(253)) - db9ed97d-d2c6-41fd-94d1-0c6709fd859b@group-47FB795E9C66: change Leader from null to be4c6252-00d9-4156-8b7e-0893986d8368 at term 1 for appendEntries, leader elected after 5175ms
2019-09-25 04:47:54,610 [grpc-default-executor-2] INFO  impl.RaftServerImpl (ServerState.java:setRaftConf(354)) - e0f8208c-6034-4af8-9d8a-105ed12c823c@group-47FB795E9C66: set configuration 0: [be4c6252-00d9-4156-8b7e-0893986d8368:192.168.5.161:46491, e0f8208c-6034-4af8-9d8a-105ed12c823c:192.168.5.161:45201, db9ed97d-d2c6-41fd-94d1-0c6709fd859b:192.168.5.161:41959], old=null at 0
2019-09-25 04:47:54,610 [grpc-default-executor-2] INFO  segmented.SegmentedRaftLogWorker (SegmentedRaftLogWorker.java:startLogSegment(380)) - e0f8208c-6034-4af8-9d8a-105ed12c823c@group-47FB795E9C66-SegmentedRaftLogWorker: Starting segment from index:0
2019-09-25 04:47:54,612 [grpc-default-executor-2] INFO  impl.RaftServerImpl (ServerState.java:setRaftConf(354)) - db9ed97d-d2c6-41fd-94d1-0c6709fd859b@group-47FB795E9C66: set configuration 0: [be4c6252-00d9-4156-8b7e-0893986d8368:192.168.5.161:46491, e0f8208c-6034-4af8-9d8a-105ed12c823c:192.168.5.161:45201, db9ed97d-d2c6-41fd-94d1-0c6709fd859b:192.168.5.161:41959], old=null at 0
2019-09-25 04:47:54,612 [grpc-default-executor-2] INFO  segmented.SegmentedRaftLogWorker (SegmentedRaftLogWorker.java:startLogSegment(380)) - db9ed97d-d2c6-41fd-94d1-0c6709fd859b@group-47FB795E9C66-SegmentedRaftLogWorker: Starting segment from index:0
2019-09-25 04:47:54,614 [be4c6252-00d9-4156-8b7e-0893986d8368@group-47FB795E9C66-SegmentedRaftLogWorker] INFO  segmented.SegmentedRaftLogWorker (SegmentedRaftLogWorker.java:execute(569)) - be4c6252-00d9-4156-8b7e-0893986d8368@group-47FB795E9C66-SegmentedRaftLogWorker: created new log segment /workdir/hadoop-ozone/integration-test/target/test-dir/MiniOzoneClusterImpl-01f2bef4-faa9-485a-8a2f-86fcc7581354/datanode-2/data/ratis/1ebb6ef3-190e-4ffc-878a-47fb795e9c66/current/log_inprogress_0
2019-09-25 04:47:54,667 [db9ed97d-d2c6-41fd-94d1-0c6709fd859b@group-47FB795E9C66-SegmentedRaftLogWorker] INFO  segmented.SegmentedRaftLogWorker (SegmentedRaftLogWorker.java:execute(569)) - db9ed97d-d2c6-41fd-94d1-0c6709fd859b@group-47FB795E9C66-SegmentedRaftLogWorker: created new log segment /workdir/hadoop-ozone/integration-test/target/test-dir/MiniOzoneClusterImpl-01f2bef4-faa9-485a-8a2f-86fcc7581354/datanode-3/data/ratis/1ebb6ef3-190e-4ffc-878a-47fb795e9c66/current/log_inprogress_0
2019-09-25 04:47:54,667 [e0f8208c-6034-4af8-9d8a-105ed12c823c@group-47FB795E9C66-SegmentedRaftLogWorker] INFO  segmented.SegmentedRaftLogWorker (SegmentedRaftLogWorker.java:execute(569)) - e0f8208c-6034-4af8-9d8a-105ed12c823c@group-47FB795E9C66-SegmentedRaftLogWorker: created new log segment /workdir/hadoop-ozone/integration-test/target/test-dir/MiniOzoneClusterImpl-01f2bef4-faa9-485a-8a2f-86fcc7581354/datanode-5/data/ratis/1ebb6ef3-190e-4ffc-878a-47fb795e9c66/current/log_inprogress_0
2019-09-25 04:47:56,834 [pool-46-thread-10] WARN  impl.ChunkManagerImpl (ChunkUtils.java:validateChunkForOverwrite(203)) - Duplicate write chunk request. Chunk overwrite without explicit request. ChunkInfo{chunkName='1569386869457.data.0, offset=0, len=1048576}
2019-09-25 04:47:56,834 [pool-46-thread-10] WARN  impl.ChunkManagerImpl (ChunkManagerImpl.java:writeChunk(111)) - ChunkFile already exists/workdir/hadoop-ozone/integration-test/target/test-dir/MiniOzoneClusterImpl-01f2bef4-faa9-485a-8a2f-86fcc7581354/datanode-2/data/containers/hdds/e1f4f54e-1784-498b-ba79-61ba9284fdf3/current/containerDir0/2/chunks/1569386869457.data.0.Deleting it.
2019-09-25 04:47:56,845 [pool-56-thread-4] WARN  impl.ChunkManagerImpl (ChunkUtils.java:validateChunkForOverwrite(203)) - Duplicate write chunk request. Chunk overwrite without explicit request. ChunkInfo{chunkName='1569386869457.data.0, offset=0, len=1048576}
2019-09-25 04:47:56,845 [pool-56-thread-4] WARN  impl.ChunkManagerImpl (ChunkManagerImpl.java:writeChunk(111)) - ChunkFile already exists/workdir/hadoop-ozone/integration-test/target/test-dir/MiniOzoneClusterImpl-01f2bef4-faa9-485a-8a2f-86fcc7581354/datanode-3/data/containers/hdds/e1f4f54e-1784-498b-ba79-61ba9284fdf3/current/containerDir0/2/chunks/1569386869457.data.0.Deleting it.
2019-09-25 04:47:56,845 [pool-76-thread-4] WARN  impl.ChunkManagerImpl (ChunkUtils.java:validateChunkForOverwrite(203)) - Duplicate write chunk request. Chunk overwrite without explicit request. ChunkInfo{chunkName='1569386869457.data.0, offset=0, len=1048576}
2019-09-25 04:47:56,846 [pool-76-thread-4] WARN  impl.ChunkManagerImpl (ChunkManagerImpl.java:writeChunk(111)) - ChunkFile already exists/workdir/hadoop-ozone/integration-test/target/test-dir/MiniOzoneClusterImpl-01f2bef4-faa9-485a-8a2f-86fcc7581354/datanode-5/data/containers/hdds/e1f4f54e-1784-498b-ba79-61ba9284fdf3/current/containerDir0/2/chunks/1569386869457.data.0.Deleting it.
2019-09-25 04:47:57,792 [Datanode State Machine Thread - 0] INFO  statemachine.DatanodeStateMachine (DatanodeStateMachine.java:lambda$startDaemon$0(350)) - Ozone container server started.
2019-09-25 04:47:59,895 [EventQueue-StaleNodeForStaleNodeHandler] INFO  node.StaleNodeHandler (StaleNodeHandler.java:onMessage(58)) - Datanode db9ed97d-d2c6-41fd-94d1-0c6709fd859b{ip: 192.168.5.161, host: pr-hdds-1569-zxpks-796972592, networkLocation: /default-rack, certSerialId: null} moved to stale state. Finalizing its pipelines [PipelineID=d31e06d7-fda2-4639-86cd-aafca641f9a3, PipelineID=1ebb6ef3-190e-4ffc-878a-47fb795e9c66, PipelineID=78f4bd36-6253-4afa-a37d-89db01668a2c, PipelineID=ce3ba808-73ff-4517-9ca9-60bbc8710d35, PipelineID=1ef16e5d-5827-41ce-b8fe-11786002221f, PipelineID=2f6e0cab-184d-4977-85c3-fbf78b2c54b9]
2019-09-25 04:47:59,895 [EventQueue-StaleNodeForStaleNodeHandler] INFO  pipeline.SCMPipelineManager (SCMPipelineManager.java:finalizeAndDestroyPipeline(316)) - destroying pipeline:Pipeline[ Id: d31e06d7-fda2-4639-86cd-aafca641f9a3, Nodes: db9ed97d-d2c6-41fd-94d1-0c6709fd859b{ip: 192.168.5.161, host: pr-hdds-1569-zxpks-796972592, networkLocation: /default-rack, certSerialId: null}, Type:RATIS, Factor:ONE, State:OPEN]
2019-09-25 04:47:59,897 [EventQueue-StaleNodeForStaleNodeHandler] INFO  pipeline.PipelineStateManager (PipelineStateManager.java:finalizePipeline(123)) - Pipeline Pipeline[ Id: d31e06d7-fda2-4639-86cd-aafca641f9a3, Nodes: db9ed97d-d2c6-41fd-94d1-0c6709fd859b{ip: 192.168.5.161, host: pr-hdds-1569-zxpks-796972592, networkLocation: /default-rack, certSerialId: null}, Type:RATIS, Factor:ONE, State:CLOSED] moved to CLOSED state
2019-09-25 04:47:59,898 [EventQueue-StaleNodeForStaleNodeHandler] INFO  pipeline.SCMPipelineManager (SCMPipelineManager.java:finalizeAndDestroyPipeline(316)) - destroying pipeline:Pipeline[ Id: 1ebb6ef3-190e-4ffc-878a-47fb795e9c66, Nodes: db9ed97d-d2c6-41fd-94d1-0c6709fd859b{ip: 192.168.5.161, host: pr-hdds-1569-zxpks-796972592, networkLocation: /default-rack, certSerialId: null}e0f8208c-6034-4af8-9d8a-105ed12c823c{ip: 192.168.5.161, host: pr-hdds-1569-zxpks-796972592, networkLocation: /default-rack, certSerialId: null}be4c6252-00d9-4156-8b7e-0893986d8368{ip: 192.168.5.161, host: pr-hdds-1569-zxpks-796972592, networkLocation: /default-rack, certSerialId: null}, Type:RATIS, Factor:THREE, State:OPEN]
2019-09-25 04:47:59,899 [EventQueue-StaleNodeForStaleNodeHandler] INFO  pipeline.PipelineStateManager (PipelineStateManager.java:finalizePipeline(123)) - Pipeline Pipeline[ Id: 1ebb6ef3-190e-4ffc-878a-47fb795e9c66, Nodes: db9ed97d-d2c6-41fd-94d1-0c6709fd859b{ip: 192.168.5.161, host: pr-hdds-1569-zxpks-796972592, networkLocation: /default-rack, certSerialId: null}e0f8208c-6034-4af8-9d8a-105ed12c823c{ip: 192.168.5.161, host: pr-hdds-1569-zxpks-796972592, networkLocation: /default-rack, certSerialId: null}be4c6252-00d9-4156-8b7e-0893986d8368{ip: 192.168.5.161, host: pr-hdds-1569-zxpks-796972592, networkLocation: /default-rack, certSerialId: null}, Type:RATIS, Factor:THREE, State:CLOSED] moved to CLOSED state
2019-09-25 04:47:59,899 [EventQueue-StaleNodeForStaleNodeHandler] INFO  pipeline.SCMPipelineManager (SCMPipelineManager.java:finalizeAndDestroyPipeline(316)) - destroying pipeline:Pipeline[ Id: 78f4bd36-6253-4afa-a37d-89db01668a2c, Nodes: db9ed97d-d2c6-41fd-94d1-0c6709fd859b{ip: 192.168.5.161, host: pr-hdds-1569-zxpks-796972592, networkLocation: /default-rack, certSerialId: null}, Type:RATIS, Factor:ONE, State:OPEN]
2019-09-25 04:47:59,899 [EventQueue-CloseContainerForCloseContainerEventHandler] INFO  container.CloseContainerEventHandler (CloseContainerEventHandler.java:onMessage(61)) - Close container Event triggered for container : #2
2019-09-25 04:47:59,907 [EventQueue-StaleNodeForStaleNodeHandler] INFO  pipeline.PipelineStateManager (PipelineStateManager.java:finalizePipeline(123)) - Pipeline Pipeline[ Id: 78f4bd36-6253-4afa-a37d-89db01668a2c, Nodes: db9ed97d-d2c6-41fd-94d1-0c6709fd859b{ip: 192.168.5.161, host: pr-hdds-1569-zxpks-796972592, networkLocation: /default-rack, certSerialId: null}, Type:RATIS, Factor:ONE, State:CLOSED] moved to CLOSED state
2019-09-25 04:47:59,907 [EventQueue-StaleNodeForStaleNodeHandler] INFO  pipeline.SCMPipelineManager (SCMPipelineManager.java:finalizeAndDestroyPipeline(316)) - destroying pipeline:Pipeline[ Id: ce3ba808-73ff-4517-9ca9-60bbc8710d35, Nodes: db9ed97d-d2c6-41fd-94d1-0c6709fd859b{ip: 192.168.5.161, host: pr-hdds-1569-zxpks-796972592, networkLocation: /default-rack, certSerialId: null}, Type:RATIS, Factor:ONE, State:OPEN]
2019-09-25 04:47:59,907 [EventQueue-StaleNodeForStaleNodeHandler] INFO  pipeline.PipelineStateManager (PipelineStateManager.java:finalizePipeline(123)) - Pipeline Pipeline[ Id: ce3ba808-73ff-4517-9ca9-60bbc8710d35, Nodes: db9ed97d-d2c6-41fd-94d1-0c6709fd859b{ip: 192.168.5.161, host: pr-hdds-1569-zxpks-796972592, networkLocation: /default-rack, certSerialId: null}, Type:RATIS, Factor:ONE, State:CLOSED] moved to CLOSED state
2019-09-25 04:47:59,907 [EventQueue-StaleNodeForStaleNodeHandler] INFO  pipeline.SCMPipelineManager (SCMPipelineManager.java:finalizeAndDestroyPipeline(316)) - destroying pipeline:Pipeline[ Id: 1ef16e5d-5827-41ce-b8fe-11786002221f, Nodes: be4c6252-00d9-4156-8b7e-0893986d8368{ip: 192.168.5.161, host: pr-hdds-1569-zxpks-796972592, networkLocation: /default-rack, certSerialId: null}e0f8208c-6034-4af8-9d8a-105ed12c823c{ip: 192.168.5.161, host: pr-hdds-1569-zxpks-796972592, networkLocation: /default-rack, certSerialId: null}db9ed97d-d2c6-41fd-94d1-0c6709fd859b{ip: 192.168.5.161, host: pr-hdds-1569-zxpks-796972592, networkLocation: /default-rack, certSerialId: null}, Type:RATIS, Factor:THREE, State:OPEN]
2019-09-25 04:47:59,908 [EventQueue-StaleNodeForStaleNodeHandler] INFO  pipeline.PipelineStateManager (PipelineStateManager.java:finalizePipeline(123)) - Pipeline Pipeline[ Id: 1ef16e5d-5827-41ce-b8fe-11786002221f, Nodes: be4c6252-00d9-4156-8b7e-0893986d8368{ip: 192.168.5.161, host: pr-hdds-1569-zxpks-796972592, networkLocation: /default-rack, certSerialId: null}e0f8208c-6034-4af8-9d8a-105ed12c823c{ip: 192.168.5.161, host: pr-hdds-1569-zxpks-796972592, networkLocation: /default-rack, certSerialId: null}db9ed97d-d2c6-41fd-94d1-0c6709fd859b{ip: 192.168.5.161, host: pr-hdds-1569-zxpks-796972592, networkLocation: /default-rack, certSerialId: null}, Type:RATIS, Factor:THREE, State:CLOSED] moved to CLOSED state
2019-09-25 04:47:59,908 [EventQueue-StaleNodeForStaleNodeHandler] INFO  pipeline.SCMPipelineManager (SCMPipelineManager.java:finalizeAndDestroyPipeline(316)) - destroying pipeline:Pipeline[ Id: 2f6e0cab-184d-4977-85c3-fbf78b2c54b9, Nodes: db9ed97d-d2c6-41fd-94d1-0c6709fd859b{ip: 192.168.5.161, host: pr-hdds-1569-zxpks-796972592, networkLocation: /default-rack, certSerialId: null}, Type:RATIS, Factor:ONE, State:OPEN]
2019-09-25 04:47:59,908 [EventQueue-StaleNodeForStaleNodeHandler] INFO  pipeline.PipelineStateManager (PipelineStateManager.java:finalizePipeline(123)) - Pipeline Pipeline[ Id: 2f6e0cab-184d-4977-85c3-fbf78b2c54b9, Nodes: db9ed97d-d2c6-41fd-94d1-0c6709fd859b{ip: 192.168.5.161, host: pr-hdds-1569-zxpks-796972592, networkLocation: /default-rack, certSerialId: null}, Type:RATIS, Factor:ONE, State:CLOSED] moved to CLOSED state
2019-09-25 04:47:59,912 [EventQueue-CloseContainerForCloseContainerEventHandler] INFO  container.CloseContainerEventHandler (CloseContainerEventHandler.java:onMessage(61)) - Close container Event triggered for container : #1
2019-09-25 04:48:01,847 [RatisApplyTransactionExecutor 2] INFO  interfaces.Container (KeyValueContainer.java:flushAndSyncDB(386)) - Container 2 is synced with bcsId 5.
2019-09-25 04:48:01,848 [RatisApplyTransactionExecutor 2] INFO  interfaces.Container (KeyValueContainer.java:flushAndSyncDB(386)) - Container 2 is synced with bcsId 5.
2019-09-25 04:48:01,860 [RatisApplyTransactionExecutor 2] INFO  interfaces.Container (KeyValueContainer.java:flushAndSyncDB(386)) - Container 2 is synced with bcsId 5.
2019-09-25 04:48:01,865 [RatisApplyTransactionExecutor 2] INFO  interfaces.Container (KeyValueContainer.java:flushAndSyncDB(386)) - Container 2 is synced with bcsId 5.
2019-09-25 04:48:01,975 [main] INFO  ozoneimpl.OzoneContainer (OzoneContainer.java:stop(231)) - Attempting to stop container services.
2019-09-25 04:48:01,976 [main] INFO  impl.RaftServerProxy (RaftServerProxy.java:lambda$close$4(314)) - db9ed97d-d2c6-41fd-94d1-0c6709fd859b: close
2019-09-25 04:48:01,979 [main] INFO  impl.RaftServerImpl (RaftServerImpl.java:lambda$shutdown$3(251)) - db9ed97d-d2c6-41fd-94d1-0c6709fd859b@group-89DB01668A2C: shutdown
2019-09-25 04:48:01,979 [ForkJoinPool.commonPool-worker-1] INFO  impl.RaftServerImpl (RaftServerImpl.java:lambda$shutdown$3(251)) - db9ed97d-d2c6-41fd-94d1-0c6709fd859b@group-DCF9EFD8F5ED: shutdown
2019-09-25 04:48:01,979 [main] INFO  util.JmxRegister (JmxRegister.java:unregister(73)) - Successfully un-registered JMX Bean with object name Ratis:service=RaftServer,group=group-89DB01668A2C,id=db9ed97d-d2c6-41fd-94d1-0c6709fd859b
2019-09-25 04:48:01,979 [ForkJoinPool.commonPool-worker-1] INFO  util.JmxRegister (JmxRegister.java:unregister(73)) - Successfully un-registered JMX Bean with object name Ratis:service=RaftServer,group=group-DCF9EFD8F5ED,id=db9ed97d-d2c6-41fd-94d1-0c6709fd859b
2019-09-25 04:48:01,980 [main] INFO  impl.RoleInfo (RoleInfo.java:shutdownLeaderState(104)) - db9ed97d-d2c6-41fd-94d1-0c6709fd859b: shutdown LeaderState
2019-09-25 04:48:01,980 [ForkJoinPool.commonPool-worker-1] INFO  impl.RoleInfo (RoleInfo.java:shutdownLeaderState(104)) - db9ed97d-d2c6-41fd-94d1-0c6709fd859b: shutdown LeaderState
2019-09-25 04:48:01,981 [main] INFO  impl.PendingRequests (PendingRequests.java:sendNotLeaderResponses(202)) - db9ed97d-d2c6-41fd-94d1-0c6709fd859b-PendingRequests: sendNotLeaderResponses
2019-09-25 04:48:01,990 [org.apache.ratis.server.impl.LogAppender$AppenderDaemon$$Lambda$604/1698003351@623825b8] WARN  server.GrpcLogAppender (GrpcLogAppender.java:mayWait(143)) - db9ed97d-d2c6-41fd-94d1-0c6709fd859b@group-DCF9EFD8F5ED->1c15d5ce-7e79-46e9-88ce-521715a07264-GrpcLogAppender: Wait interrupted by java.lang.InterruptedException
2019-09-25 04:48:01,987 [ForkJoinPool.commonPool-worker-1] INFO  impl.PendingRequests (PendingRequests.java:sendNotLeaderResponses(202)) - db9ed97d-d2c6-41fd-94d1-0c6709fd859b-PendingRequests: sendNotLeaderResponses
2019-09-25 04:48:01,990 [org.apache.ratis.server.impl.LogAppender$AppenderDaemon$$Lambda$604/1698003351@52f59a6] WARN  server.GrpcLogAppender (GrpcLogAppender.java:mayWait(143)) - db9ed97d-d2c6-41fd-94d1-0c6709fd859b@group-DCF9EFD8F5ED->d7ae0efc-862c-47d5-843f-ee6a47fabce2-GrpcLogAppender: Wait interrupted by java.lang.InterruptedException
2019-09-25 04:48:01,994 [main] INFO  impl.StateMachineUpdater (StateMachineUpdater.java:stopAndJoin(125)) - db9ed97d-d2c6-41fd-94d1-0c6709fd859b@group-89DB01668A2C-StateMachineUpdater: set stopIndex = 0
2019-09-25 04:48:01,997 [grpc-default-executor-2] INFO  server.GrpcServerProtocolService (GrpcServerProtocolService.java:onCompleted(113)) - 1c15d5ce-7e79-46e9-88ce-521715a07264: Completed APPEND_ENTRIES, lastRequest: db9ed97d-d2c6-41fd-94d1-0c6709fd859b->1c15d5ce-7e79-46e9-88ce-521715a07264#4-t3, previous=(t:3, i:0), leaderCommit=0, initializing? false, entries: <empty>
2019-09-25 04:48:01,997 [grpc-default-executor-3] INFO  server.GrpcServerProtocolService (GrpcServerProtocolService.java:onCompleted(113)) - d7ae0efc-862c-47d5-843f-ee6a47fabce2: Completed APPEND_ENTRIES, lastRequest: db9ed97d-d2c6-41fd-94d1-0c6709fd859b->d7ae0efc-862c-47d5-843f-ee6a47fabce2#4-t3, previous=(t:3, i:0), leaderCommit=0, initializing? false, entries: <empty>
2019-09-25 04:48:01,994 [ForkJoinPool.commonPool-worker-1] INFO  impl.StateMachineUpdater (StateMachineUpdater.java:stopAndJoin(125)) - db9ed97d-d2c6-41fd-94d1-0c6709fd859b@group-DCF9EFD8F5ED-StateMachineUpdater: set stopIndex = 0
2019-09-25 04:48:02,000 [main] INFO  impl.RaftServerImpl (ServerState.java:close(385)) - db9ed97d-d2c6-41fd-94d1-0c6709fd859b@group-89DB01668A2C: closes. applyIndex: 0
2019-09-25 04:48:02,001 [ForkJoinPool.commonPool-worker-1] INFO  impl.RaftServerImpl (ServerState.java:close(385)) - db9ed97d-d2c6-41fd-94d1-0c6709fd859b@group-DCF9EFD8F5ED: closes. applyIndex: 0
2019-09-25 04:48:02,001 [grpc-default-executor-3] INFO  server.GrpcLogAppender (GrpcLogAppender.java:onCompleted(293)) - db9ed97d-d2c6-41fd-94d1-0c6709fd859b@group-DCF9EFD8F5ED->d7ae0efc-862c-47d5-843f-ee6a47fabce2-AppendLogResponseHandler: follower responses appendEntries COMPLETED
2019-09-25 04:48:02,001 [grpc-default-executor-2] INFO  server.GrpcLogAppender (GrpcLogAppender.java:onCompleted(293)) - db9ed97d-d2c6-41fd-94d1-0c6709fd859b@group-DCF9EFD8F5ED->1c15d5ce-7e79-46e9-88ce-521715a07264-AppendLogResponseHandler: follower responses appendEntries COMPLETED
2019-09-25 04:48:02,007 [db9ed97d-d2c6-41fd-94d1-0c6709fd859b@group-89DB01668A2C-SegmentedRaftLogWorker] INFO  segmented.SegmentedRaftLogWorker (SegmentedRaftLogWorker.java:run(313)) - db9ed97d-d2c6-41fd-94d1-0c6709fd859b@group-89DB01668A2C-SegmentedRaftLogWorker was interrupted, exiting. There are 0 tasks remaining in the queue.
2019-09-25 04:48:02,007 [grpc-default-executor-3] INFO  impl.FollowerInfo (FollowerInfo.java:lambda$new$0(51)) - db9ed97d-d2c6-41fd-94d1-0c6709fd859b@group-DCF9EFD8F5ED->d7ae0efc-862c-47d5-843f-ee6a47fabce2: nextIndex: updateUnconditionally 1 -> 0
2019-09-25 04:48:02,008 [grpc-default-executor-2] INFO  impl.FollowerInfo (FollowerInfo.java:lambda$new$0(51)) - db9ed97d-d2c6-41fd-94d1-0c6709fd859b@group-DCF9EFD8F5ED->1c15d5ce-7e79-46e9-88ce-521715a07264: nextIndex: updateUnconditionally 1 -> 0
2019-09-25 04:48:02,007 [db9ed97d-d2c6-41fd-94d1-0c6709fd859b@group-DCF9EFD8F5ED-SegmentedRaftLogWorker] INFO  segmented.SegmentedRaftLogWorker (SegmentedRaftLogWorker.java:run(313)) - db9ed97d-d2c6-41fd-94d1-0c6709fd859b@group-DCF9EFD8F5ED-SegmentedRaftLogWorker was interrupted, exiting. There are 0 tasks remaining in the queue.
2019-09-25 04:48:02,010 [main] INFO  segmented.SegmentedRaftLogWorker (SegmentedRaftLogWorker.java:close(228)) - db9ed97d-d2c6-41fd-94d1-0c6709fd859b@group-89DB01668A2C-SegmentedRaftLogWorker close()
2019-09-25 04:48:02,013 [ForkJoinPool.commonPool-worker-1] INFO  segmented.SegmentedRaftLogWorker (SegmentedRaftLogWorker.java:close(228)) - db9ed97d-d2c6-41fd-94d1-0c6709fd859b@group-DCF9EFD8F5ED-SegmentedRaftLogWorker close()
2019-09-25 04:48:02,017 [main] INFO  impl.RaftServerImpl (RaftServerImpl.java:lambda$shutdown$3(251)) - db9ed97d-d2c6-41fd-94d1-0c6709fd859b@group-AAFCA641F9A3: shutdown
2019-09-25 04:48:02,021 [ForkJoinPool.commonPool-worker-1] INFO  impl.RaftServerImpl (RaftServerImpl.java:lambda$shutdown$3(251)) - db9ed97d-d2c6-41fd-94d1-0c6709fd859b@group-60BBC8710D35: shutdown
2019-09-25 04:48:02,021 [main] INFO  util.JmxRegister (JmxRegister.java:unregister(73)) - Successfully un-registered JMX Bean with object name Ratis:service=RaftServer,group=group-AAFCA641F9A3,id=db9ed97d-d2c6-41fd-94d1-0c6709fd859b
2019-09-25 04:48:02,022 [ForkJoinPool.commonPool-worker-1] INFO  util.JmxRegister (JmxRegister.java:unregister(73)) - Successfully un-registered JMX Bean with object name Ratis:service=RaftServer,group=group-60BBC8710D35,id=db9ed97d-d2c6-41fd-94d1-0c6709fd859b
2019-09-25 04:48:02,022 [main] INFO  impl.RoleInfo (RoleInfo.java:shutdownLeaderState(104)) - db9ed97d-d2c6-41fd-94d1-0c6709fd859b: shutdown LeaderState
2019-09-25 04:48:02,022 [ForkJoinPool.commonPool-worker-1] INFO  impl.RoleInfo (RoleInfo.java:shutdownLeaderState(104)) - db9ed97d-d2c6-41fd-94d1-0c6709fd859b: shutdown LeaderState
2019-09-25 04:48:02,022 [main] INFO  impl.PendingRequests (PendingRequests.java:sendNotLeaderResponses(202)) - db9ed97d-d2c6-41fd-94d1-0c6709fd859b-PendingRequests: sendNotLeaderResponses
2019-09-25 04:48:02,022 [ForkJoinPool.commonPool-worker-1] INFO  impl.PendingRequests (PendingRequests.java:sendNotLeaderResponses(202)) - db9ed97d-d2c6-41fd-94d1-0c6709fd859b-PendingRequests: sendNotLeaderResponses
2019-09-25 04:48:02,023 [main] INFO  impl.StateMachineUpdater (StateMachineUpdater.java:stopAndJoin(125)) - db9ed97d-d2c6-41fd-94d1-0c6709fd859b@group-AAFCA641F9A3-StateMachineUpdater: set stopIndex = 0
2019-09-25 04:48:02,023 [main] INFO  impl.RaftServerImpl (ServerState.java:close(385)) - db9ed97d-d2c6-41fd-94d1-0c6709fd859b@group-AAFCA641F9A3: closes. applyIndex: 0
2019-09-25 04:48:02,023 [ForkJoinPool.commonPool-worker-1] INFO  impl.StateMachineUpdater (StateMachineUpdater.java:stopAndJoin(125)) - db9ed97d-d2c6-41fd-94d1-0c6709fd859b@group-60BBC8710D35-StateMachineUpdater: set stopIndex = 0
2019-09-25 04:48:02,024 [db9ed97d-d2c6-41fd-94d1-0c6709fd859b@group-AAFCA641F9A3-SegmentedRaftLogWorker] INFO  segmented.SegmentedRaftLogWorker (SegmentedRaftLogWorker.java:run(313)) - db9ed97d-d2c6-41fd-94d1-0c6709fd859b@group-AAFCA641F9A3-SegmentedRaftLogWorker was interrupted, exiting. There are 0 tasks remaining in the queue.
2019-09-25 04:48:02,024 [ForkJoinPool.commonPool-worker-1] INFO  impl.RaftServerImpl (ServerState.java:close(385)) - db9ed97d-d2c6-41fd-94d1-0c6709fd859b@group-60BBC8710D35: closes. applyIndex: 0
2019-09-25 04:48:02,026 [main] INFO  segmented.SegmentedRaftLogWorker (SegmentedRaftLogWorker.java:close(228)) - db9ed97d-d2c6-41fd-94d1-0c6709fd859b@group-AAFCA641F9A3-SegmentedRaftLogWorker close()
2019-09-25 04:48:02,026 [db9ed97d-d2c6-41fd-94d1-0c6709fd859b@group-60BBC8710D35-SegmentedRaftLogWorker] INFO  segmented.SegmentedRaftLogWorker (SegmentedRaftLogWorker.java:run(313)) - db9ed97d-d2c6-41fd-94d1-0c6709fd859b@group-60BBC8710D35-SegmentedRaftLogWorker was interrupted, exiting. There are 0 tasks remaining in the queue.
2019-09-25 04:48:02,030 [main] INFO  impl.RaftServerImpl (RaftServerImpl.java:lambda$shutdown$3(251)) - db9ed97d-d2c6-41fd-94d1-0c6709fd859b@group-47FB795E9C66: shutdown
2019-09-25 04:48:02,032 [ForkJoinPool.commonPool-worker-1] INFO  segmented.SegmentedRaftLogWorker (SegmentedRaftLogWorker.java:close(228)) - db9ed97d-d2c6-41fd-94d1-0c6709fd859b@group-60BBC8710D35-SegmentedRaftLogWorker close()
2019-09-25 04:48:02,033 [main] INFO  util.JmxRegister (JmxRegister.java:unregister(73)) - Successfully un-registered JMX Bean with object name Ratis:service=RaftServer,group=group-47FB795E9C66,id=db9ed97d-d2c6-41fd-94d1-0c6709fd859b
2019-09-25 04:48:02,037 [ForkJoinPool.commonPool-worker-1] INFO  impl.RaftServerImpl (RaftServerImpl.java:lambda$shutdown$3(251)) - db9ed97d-d2c6-41fd-94d1-0c6709fd859b@group-11786002221F: shutdown
2019-09-25 04:48:02,038 [main] INFO  impl.RoleInfo (RoleInfo.java:shutdownFollowerState(121)) - db9ed97d-d2c6-41fd-94d1-0c6709fd859b: shutdown FollowerState
2019-09-25 04:48:02,038 [ForkJoinPool.commonPool-worker-1] INFO  util.JmxRegister (JmxRegister.java:unregister(73)) - Successfully un-registered JMX Bean with object name Ratis:service=RaftServer,group=group-11786002221F,id=db9ed97d-d2c6-41fd-94d1-0c6709fd859b
2019-09-25 04:48:02,038 [db9ed97d-d2c6-41fd-94d1-0c6709fd859b@group-47FB795E9C66-StateMachineUpdater] INFO  ratis.ContainerStateMachine (ContainerStateMachine.java:takeSnapshot(289)) - group-47FB795E9C66: Taking a snapshot at:(t:1, i:6) file /workdir/hadoop-ozone/integration-test/target/test-dir/MiniOzoneClusterImpl-01f2bef4-faa9-485a-8a2f-86fcc7581354/datanode-3/data/ratis/1ebb6ef3-190e-4ffc-878a-47fb795e9c66/sm/snapshot.1_6
2019-09-25 04:48:02,038 [Thread-547] INFO  impl.FollowerState (FollowerState.java:run(115)) - db9ed97d-d2c6-41fd-94d1-0c6709fd859b: FollowerState was interrupted: java.lang.InterruptedException: sleep interrupted
2019-09-25 04:48:02,038 [main] INFO  impl.StateMachineUpdater (StateMachineUpdater.java:stopAndJoin(125)) - db9ed97d-d2c6-41fd-94d1-0c6709fd859b@group-47FB795E9C66-StateMachineUpdater: set stopIndex = 9
2019-09-25 04:48:02,038 [ForkJoinPool.commonPool-worker-1] INFO  impl.RoleInfo (RoleInfo.java:shutdownFollowerState(121)) - db9ed97d-d2c6-41fd-94d1-0c6709fd859b: shutdown FollowerState
2019-09-25 04:48:02,041 [ForkJoinPool.commonPool-worker-1] INFO  impl.StateMachineUpdater (StateMachineUpdater.java:stopAndJoin(125)) - db9ed97d-d2c6-41fd-94d1-0c6709fd859b@group-11786002221F-StateMachineUpdater: set stopIndex = 8
2019-09-25 04:48:02,041 [Thread-443] INFO  impl.FollowerState (FollowerState.java:run(115)) - db9ed97d-d2c6-41fd-94d1-0c6709fd859b: FollowerState was interrupted: java.lang.InterruptedException: sleep interrupted
2019-09-25 04:48:02,041 [db9ed97d-d2c6-41fd-94d1-0c6709fd859b@group-11786002221F-StateMachineUpdater] INFO  ratis.ContainerStateMachine (ContainerStateMachine.java:takeSnapshot(289)) - group-11786002221F: Taking a snapshot at:(t:2, i:6) file /workdir/hadoop-ozone/integration-test/target/test-dir/MiniOzoneClusterImpl-01f2bef4-faa9-485a-8a2f-86fcc7581354/datanode-3/data/ratis/1ef16e5d-5827-41ce-b8fe-11786002221f/sm/snapshot.2_6
2019-09-25 04:48:02,237 [RatisApplyTransactionExecutor 2] INFO  interfaces.Container (KeyValueContainer.java:close(335)) - Container 2 is closed with bcsId 5.
2019-09-25 04:48:02,239 [EventQueue-IncrementalContainerReportForIncrementalContainerReportHandler] INFO  container.IncrementalContainerReportHandler (AbstractContainerReportHandler.java:updateContainerState(176)) - Moving container #2 to CLOSED state, datanode be4c6252-00d9-4156-8b7e-0893986d8368{ip: 192.168.5.161, host: pr-hdds-1569-zxpks-796972592, networkLocation: /default-rack, certSerialId: null} reported CLOSED replica.
2019-09-25 04:48:02,503 [db9ed97d-d2c6-41fd-94d1-0c6709fd859b@group-11786002221F-StateMachineUpdater] INFO  ratis.ContainerStateMachine (ContainerStateMachine.java:takeSnapshot(300)) - group-11786002221F: Finished taking a snapshot at:(t:2, i:6) file:/workdir/hadoop-ozone/integration-test/target/test-dir/MiniOzoneClusterImpl-01f2bef4-faa9-485a-8a2f-86fcc7581354/datanode-3/data/ratis/1ef16e5d-5827-41ce-b8fe-11786002221f/sm/snapshot.2_6 time:462
2019-09-25 04:48:02,503 [db9ed97d-d2c6-41fd-94d1-0c6709fd859b@group-47FB795E9C66-StateMachineUpdater] INFO  ratis.ContainerStateMachine (ContainerStateMachine.java:takeSnapshot(300)) - group-47FB795E9C66: Finished taking a snapshot at:(t:1, i:6) file:/workdir/hadoop-ozone/integration-test/target/test-dir/MiniOzoneClusterImpl-01f2bef4-faa9-485a-8a2f-86fcc7581354/datanode-3/data/ratis/1ebb6ef3-190e-4ffc-878a-47fb795e9c66/sm/snapshot.1_6 time:465
2019-09-25 04:48:02,504 [RatisApplyTransactionExecutor 2] INFO  interfaces.Container (KeyValueContainer.java:close(335)) - Container 2 is closed with bcsId 5.
2019-09-25 04:48:02,504 [RatisApplyTransactionExecutor 2] INFO  interfaces.Container (KeyValueContainer.java:flushAndSyncDB(386)) - Container 2 is synced with bcsId 5.
2019-09-25 04:48:02,504 [RatisApplyTransactionExecutor 2] INFO  interfaces.Container (KeyValueContainer.java:flushAndSyncDB(386)) - Container 2 is synced with bcsId 5.
2019-09-25 04:48:02,505 [db9ed97d-d2c6-41fd-94d1-0c6709fd859b@group-47FB795E9C66-StateMachineUpdater] INFO  impl.StateMachineUpdater (StateMachineUpdater.java:takeSnapshot(258)) - db9ed97d-d2c6-41fd-94d1-0c6709fd859b@group-47FB795E9C66-StateMachineUpdater: Took a snapshot at index 6
2019-09-25 04:48:02,505 [db9ed97d-d2c6-41fd-94d1-0c6709fd859b@group-11786002221F-StateMachineUpdater] INFO  impl.StateMachineUpdater (StateMachineUpdater.java:takeSnapshot(258)) - db9ed97d-d2c6-41fd-94d1-0c6709fd859b@group-11786002221F-StateMachineUpdater: Took a snapshot at index 6
2019-09-25 04:48:02,505 [db9ed97d-d2c6-41fd-94d1-0c6709fd859b@group-47FB795E9C66-StateMachineUpdater] INFO  impl.StateMachineUpdater (StateMachineUpdater.java:lambda$new$0(83)) - db9ed97d-d2c6-41fd-94d1-0c6709fd859b@group-47FB795E9C66-StateMachineUpdater: snapshotIndex: updateIncreasingly -1 -> 6
2019-09-25 04:48:02,506 [db9ed97d-d2c6-41fd-94d1-0c6709fd859b@group-11786002221F-StateMachineUpdater] INFO  impl.StateMachineUpdater (StateMachineUpdater.java:lambda$new$0(83)) - db9ed97d-d2c6-41fd-94d1-0c6709fd859b@group-11786002221F-StateMachineUpdater: snapshotIndex: updateIncreasingly -1 -> 6
2019-09-25 04:48:02,515 [db9ed97d-d2c6-41fd-94d1-0c6709fd859b@group-47FB795E9C66-StateMachineUpdater] INFO  ratis.ContainerStateMachine (ContainerStateMachine.java:takeSnapshot(289)) - group-47FB795E9C66: Taking a snapshot at:(t:1, i:6) file /workdir/hadoop-ozone/integration-test/target/test-dir/MiniOzoneClusterImpl-01f2bef4-faa9-485a-8a2f-86fcc7581354/datanode-3/data/ratis/1ebb6ef3-190e-4ffc-878a-47fb795e9c66/sm/snapshot.1_6
2019-09-25 04:48:02,515 [db9ed97d-d2c6-41fd-94d1-0c6709fd859b@group-11786002221F-StateMachineUpdater] INFO  ratis.ContainerStateMachine (ContainerStateMachine.java:takeSnapshot(289)) - group-11786002221F: Taking a snapshot at:(t:2, i:6) file /workdir/hadoop-ozone/integration-test/target/test-dir/MiniOzoneClusterImpl-01f2bef4-faa9-485a-8a2f-86fcc7581354/datanode-3/data/ratis/1ef16e5d-5827-41ce-b8fe-11786002221f/sm/snapshot.2_6
2019-09-25 04:48:02,518 [db9ed97d-d2c6-41fd-94d1-0c6709fd859b@group-47FB795E9C66-StateMachineUpdater] INFO  ratis.ContainerStateMachine (ContainerStateMachine.java:takeSnapshot(300)) - group-47FB795E9C66: Finished taking a snapshot at:(t:1, i:6) file:/workdir/hadoop-ozone/integration-test/target/test-dir/MiniOzoneClusterImpl-01f2bef4-faa9-485a-8a2f-86fcc7581354/datanode-3/data/ratis/1ebb6ef3-190e-4ffc-878a-47fb795e9c66/sm/snapshot.1_6 time:3
2019-09-25 04:48:02,518 [db9ed97d-d2c6-41fd-94d1-0c6709fd859b@group-11786002221F-StateMachineUpdater] INFO  ratis.ContainerStateMachine (ContainerStateMachine.java:takeSnapshot(300)) - group-11786002221F: Finished taking a snapshot at:(t:2, i:6) file:/workdir/hadoop-ozone/integration-test/target/test-dir/MiniOzoneClusterImpl-01f2bef4-faa9-485a-8a2f-86fcc7581354/datanode-3/data/ratis/1ef16e5d-5827-41ce-b8fe-11786002221f/sm/snapshot.2_6 time:3
2019-09-25 04:48:02,518 [RatisApplyTransactionExecutor 2] INFO  interfaces.Container (KeyValueContainer.java:close(335)) - Container 2 is closed with bcsId 5.
2019-09-25 04:48:02,518 [db9ed97d-d2c6-41fd-94d1-0c6709fd859b@group-11786002221F-StateMachineUpdater] INFO  impl.StateMachineUpdater (StateMachineUpdater.java:takeSnapshot(258)) - db9ed97d-d2c6-41fd-94d1-0c6709fd859b@group-11786002221F-StateMachineUpdater: Took a snapshot at index 6
2019-09-25 04:48:02,518 [db9ed97d-d2c6-41fd-94d1-0c6709fd859b@group-47FB795E9C66-StateMachineUpdater] INFO  impl.StateMachineUpdater (StateMachineUpdater.java:takeSnapshot(258)) - db9ed97d-d2c6-41fd-94d1-0c6709fd859b@group-47FB795E9C66-StateMachineUpdater: Took a snapshot at index 6
2019-09-25 04:48:02,518 [db9ed97d-d2c6-41fd-94d1-0c6709fd859b@group-11786002221F-StateMachineUpdater] INFO  impl.StateMachineUpdater (StateMachineUpdater.java:lambda$new$0(83)) - db9ed97d-d2c6-41fd-94d1-0c6709fd859b@group-11786002221F-StateMachineUpdater: snapshotIndex: updateIncreasingly 6 -> 6
2019-09-25 04:48:02,519 [db9ed97d-d2c6-41fd-94d1-0c6709fd859b@group-47FB795E9C66-StateMachineUpdater] INFO  impl.StateMachineUpdater (StateMachineUpdater.java:lambda$new$0(83)) - db9ed97d-d2c6-41fd-94d1-0c6709fd859b@group-47FB795E9C66-StateMachineUpdater: snapshotIndex: updateIncreasingly 6 -> 6
2019-09-25 04:48:02,519 [ForkJoinPool.commonPool-worker-1] INFO  impl.RaftServerImpl (ServerState.java:close(385)) - db9ed97d-d2c6-41fd-94d1-0c6709fd859b@group-11786002221F: closes. applyIndex: 8
2019-09-25 04:48:02,519 [main] INFO  impl.RaftServerImpl (ServerState.java:close(385)) - db9ed97d-d2c6-41fd-94d1-0c6709fd859b@group-47FB795E9C66: closes. applyIndex: 9
2019-09-25 04:48:02,519 [db9ed97d-d2c6-41fd-94d1-0c6709fd859b@group-11786002221F-SegmentedRaftLogWorker] INFO  segmented.SegmentedRaftLogWorker (SegmentedRaftLogWorker.java:run(313)) - db9ed97d-d2c6-41fd-94d1-0c6709fd859b@group-11786002221F-SegmentedRaftLogWorker was interrupted, exiting. There are 0 tasks remaining in the queue.
2019-09-25 04:48:02,520 [db9ed97d-d2c6-41fd-94d1-0c6709fd859b@group-47FB795E9C66-SegmentedRaftLogWorker] INFO  segmented.SegmentedRaftLogWorker (SegmentedRaftLogWorker.java:run(313)) - db9ed97d-d2c6-41fd-94d1-0c6709fd859b@group-47FB795E9C66-SegmentedRaftLogWorker was interrupted, exiting. There are 0 tasks remaining in the queue.
2019-09-25 04:48:02,530 [ForkJoinPool.commonPool-worker-1] INFO  segmented.SegmentedRaftLogWorker (SegmentedRaftLogWorker.java:close(228)) - db9ed97d-d2c6-41fd-94d1-0c6709fd859b@group-11786002221F-SegmentedRaftLogWorker close()
2019-09-25 04:48:02,530 [main] INFO  segmented.SegmentedRaftLogWorker (SegmentedRaftLogWorker.java:close(228)) - db9ed97d-d2c6-41fd-94d1-0c6709fd859b@group-47FB795E9C66-SegmentedRaftLogWorker close()
2019-09-25 04:48:02,533 [RatisApplyTransactionExecutor 1] INFO  interfaces.Container (KeyValueContainer.java:flushAndSyncDB(386)) - Container 1 is synced with bcsId 5.
2019-09-25 04:48:02,535 [ForkJoinPool.commonPool-worker-1] INFO  impl.RaftServerImpl (RaftServerImpl.java:lambda$shutdown$3(251)) - db9ed97d-d2c6-41fd-94d1-0c6709fd859b@group-FBF78B2C54B9: shutdown
2019-09-25 04:48:02,540 [RatisApplyTransactionExecutor 1] INFO  interfaces.Container (KeyValueContainer.java:flushAndSyncDB(386)) - Container 1 is synced with bcsId 5.
2019-09-25 04:48:02,541 [ForkJoinPool.commonPool-worker-1] INFO  util.JmxRegister (JmxRegister.java:unregister(73)) - Successfully un-registered JMX Bean with object name Ratis:service=RaftServer,group=group-FBF78B2C54B9,id=db9ed97d-d2c6-41fd-94d1-0c6709fd859b
2019-09-25 04:48:02,541 [ForkJoinPool.commonPool-worker-1] INFO  impl.RoleInfo (RoleInfo.java:shutdownLeaderState(104)) - db9ed97d-d2c6-41fd-94d1-0c6709fd859b: shutdown LeaderState
2019-09-25 04:48:02,541 [ForkJoinPool.commonPool-worker-1] INFO  impl.PendingRequests (PendingRequests.java:sendNotLeaderResponses(202)) - db9ed97d-d2c6-41fd-94d1-0c6709fd859b-PendingRequests: sendNotLeaderResponses
2019-09-25 04:48:02,541 [ForkJoinPool.commonPool-worker-1] INFO  impl.StateMachineUpdater (StateMachineUpdater.java:stopAndJoin(125)) - db9ed97d-d2c6-41fd-94d1-0c6709fd859b@group-FBF78B2C54B9-StateMachineUpdater: set stopIndex = 0
2019-09-25 04:48:02,541 [ForkJoinPool.commonPool-worker-1] INFO  impl.RaftServerImpl (ServerState.java:close(385)) - db9ed97d-d2c6-41fd-94d1-0c6709fd859b@group-FBF78B2C54B9: closes. applyIndex: 0
2019-09-25 04:48:02,542 [db9ed97d-d2c6-41fd-94d1-0c6709fd859b@group-FBF78B2C54B9-SegmentedRaftLogWorker] INFO  segmented.SegmentedRaftLogWorker (SegmentedRaftLogWorker.java:run(313)) - db9ed97d-d2c6-41fd-94d1-0c6709fd859b@group-FBF78B2C54B9-SegmentedRaftLogWorker was interrupted, exiting. There are 0 tasks remaining in the queue.
2019-09-25 04:48:02,546 [ForkJoinPool.commonPool-worker-1] INFO  segmented.SegmentedRaftLogWorker (SegmentedRaftLogWorker.java:close(228)) - db9ed97d-d2c6-41fd-94d1-0c6709fd859b@group-FBF78B2C54B9-SegmentedRaftLogWorker close()
2019-09-25 04:48:02,550 [ForkJoinPool.commonPool-worker-1] INFO  impl.RaftServerImpl (RaftServerImpl.java:lambda$shutdown$3(251)) - db9ed97d-d2c6-41fd-94d1-0c6709fd859b@group-BA9B0A07E921: shutdown
2019-09-25 04:48:02,550 [ForkJoinPool.commonPool-worker-1] INFO  util.JmxRegister (JmxRegister.java:unregister(73)) - Successfully un-registered JMX Bean with object name Ratis:service=RaftServer,group=group-BA9B0A07E921,id=db9ed97d-d2c6-41fd-94d1-0c6709fd859b
2019-09-25 04:48:02,550 [ForkJoinPool.commonPool-worker-1] INFO  impl.RoleInfo (RoleInfo.java:shutdownLeaderState(104)) - db9ed97d-d2c6-41fd-94d1-0c6709fd859b: shutdown LeaderState
2019-09-25 04:48:02,550 [ForkJoinPool.commonPool-worker-1] INFO  impl.PendingRequests (PendingRequests.java:sendNotLeaderResponses(202)) - db9ed97d-d2c6-41fd-94d1-0c6709fd859b-PendingRequests: sendNotLeaderResponses
2019-09-25 04:48:02,551 [ForkJoinPool.commonPool-worker-1] INFO  impl.StateMachineUpdater (StateMachineUpdater.java:stopAndJoin(125)) - db9ed97d-d2c6-41fd-94d1-0c6709fd859b@group-BA9B0A07E921-StateMachineUpdater: set stopIndex = 0
2019-09-25 04:48:02,551 [ForkJoinPool.commonPool-worker-1] INFO  impl.RaftServerImpl (ServerState.java:close(385)) - db9ed97d-d2c6-41fd-94d1-0c6709fd859b@group-BA9B0A07E921: closes. applyIndex: 0
2019-09-25 04:48:02,551 [db9ed97d-d2c6-41fd-94d1-0c6709fd859b@group-BA9B0A07E921-SegmentedRaftLogWorker] INFO  segmented.SegmentedRaftLogWorker (SegmentedRaftLogWorker.java:run(313)) - db9ed97d-d2c6-41fd-94d1-0c6709fd859b@group-BA9B0A07E921-SegmentedRaftLogWorker was interrupted, exiting. There are 0 tasks remaining in the queue.
2019-09-25 04:48:02,554 [ForkJoinPool.commonPool-worker-1] INFO  segmented.SegmentedRaftLogWorker (SegmentedRaftLogWorker.java:close(228)) - db9ed97d-d2c6-41fd-94d1-0c6709fd859b@group-BA9B0A07E921-SegmentedRaftLogWorker close()
2019-09-25 04:48:02,556 [RatisApplyTransactionExecutor 1] INFO  interfaces.Container (KeyValueContainer.java:flushAndSyncDB(386)) - Container 1 is synced with bcsId 5.
2019-09-25 04:48:02,558 [RatisApplyTransactionExecutor 1] INFO  interfaces.Container (KeyValueContainer.java:flushAndSyncDB(386)) - Container 1 is synced with bcsId 5.
2019-09-25 04:48:02,558 [main] INFO  server.GrpcService (GrpcService.java:closeImpl(164)) - db9ed97d-d2c6-41fd-94d1-0c6709fd859b: shutdown server with port 41959 now
2019-09-25 04:48:02,566 [main] INFO  server.GrpcService (GrpcService.java:closeImpl(172)) - db9ed97d-d2c6-41fd-94d1-0c6709fd859b: shutdown server with port 41959 successfully
2019-09-25 04:48:02,566 [grpc-default-executor-0] WARN  server.GrpcServerProtocolService (LogUtils.java:warn(134)) - db9ed97d-d2c6-41fd-94d1-0c6709fd859b: installSnapshot onError, lastRequest: be4c6252-00d9-4156-8b7e-0893986d8368->db9ed97d-d2c6-41fd-94d1-0c6709fd859b#12-t1, previous=(t:1, i:9), leaderCommit=9, initializing? false, entries: size=1, first=(t:1, i:10), METADATAENTRY(c9): org.apache.ratis.thirdparty.io.grpc.StatusRuntimeException: CANCELLED: cancelled before receiving half close
2019-09-25 04:48:02,566 [grpc-default-executor-2] WARN  server.GrpcServerProtocolService (LogUtils.java:warn(134)) - db9ed97d-d2c6-41fd-94d1-0c6709fd859b: installSnapshot onError, lastRequest: be4c6252-00d9-4156-8b7e-0893986d8368->db9ed97d-d2c6-41fd-94d1-0c6709fd859b#16-t2, previous=(t:2, i:9), leaderCommit=9, initializing? false, entries: size=1, first=(t:2, i:10), METADATAENTRY(c9): org.apache.ratis.thirdparty.io.grpc.StatusRuntimeException: CANCELLED: cancelled before receiving half close
2019-09-25 04:48:02,567 [grpc-default-executor-5] WARN  server.GrpcLogAppender (LogUtils.java:warn(134)) - be4c6252-00d9-4156-8b7e-0893986d8368@group-47FB795E9C66->db9ed97d-d2c6-41fd-94d1-0c6709fd859b-AppendLogResponseHandler: Failed appendEntries: org.apache.ratis.thirdparty.io.grpc.StatusRuntimeException: CANCELLED: HTTP/2 error code: CANCEL
Received Rst Stream
2019-09-25 04:48:02,567 [grpc-default-executor-1] WARN  server.GrpcLogAppender (LogUtils.java:warn(134)) - be4c6252-00d9-4156-8b7e-0893986d8368@group-11786002221F->db9ed97d-d2c6-41fd-94d1-0c6709fd859b-AppendLogResponseHandler: Failed appendEntries: org.apache.ratis.thirdparty.io.grpc.StatusRuntimeException: CANCELLED: HTTP/2 error code: CANCEL
Received Rst Stream
2019-09-25 04:48:02,569 [grpc-default-executor-5] INFO  impl.FollowerInfo (FollowerInfo.java:lambda$new$0(51)) - be4c6252-00d9-4156-8b7e-0893986d8368@group-47FB795E9C66->db9ed97d-d2c6-41fd-94d1-0c6709fd859b: nextIndex: updateUnconditionally 11 -> 10
2019-09-25 04:48:02,570 [grpc-default-executor-1] INFO  impl.FollowerInfo (FollowerInfo.java:lambda$new$0(51)) - be4c6252-00d9-4156-8b7e-0893986d8368@group-11786002221F->db9ed97d-d2c6-41fd-94d1-0c6709fd859b: nextIndex: updateUnconditionally 11 -> 9
2019-09-25 04:48:02,584 [RatisApplyTransactionExecutor 1] INFO  interfaces.Container (KeyValueContainer.java:close(335)) - Container 1 is closed with bcsId 5.
2019-09-25 04:48:02,584 [RatisApplyTransactionExecutor 1] INFO  interfaces.Container (KeyValueContainer.java:close(335)) - Container 1 is closed with bcsId 5.
2019-09-25 04:48:02,586 [EventQueue-IncrementalContainerReportForIncrementalContainerReportHandler] INFO  container.IncrementalContainerReportHandler (AbstractContainerReportHandler.java:updateContainerState(176)) - Moving container #1 to CLOSED state, datanode be4c6252-00d9-4156-8b7e-0893986d8368{ip: 192.168.5.161, host: pr-hdds-1569-zxpks-796972592, networkLocation: /default-rack, certSerialId: null} reported CLOSED replica.
2019-09-25 04:48:02,589 [refreshUsed-/workdir/hadoop-ozone/integration-test/target/test-dir/MiniOzoneClusterImpl-01f2bef4-faa9-485a-8a2f-86fcc7581354/datanode-3/data/containers] WARN  fs.CachingGetSpaceUsed (CachingGetSpaceUsed.java:run(183)) - Thread Interrupted waiting to refresh disk information: sleep interrupted
2019-09-25 04:48:02,607 [main] INFO  utils.BackgroundService (BackgroundService.java:shutdown(148)) - Shutting down service BlockDeletingService
2019-09-25 04:48:02,613 [main] INFO  statemachine.DatanodeStateMachine (DatanodeStateMachine.java:stopDaemon(395)) - Ozone container server stopped.
2019-09-25 04:48:02,618 [main] INFO  handler.ContextHandler (ContextHandler.java:doStop(910)) - Stopped o.e.j.w.WebAppContext@518bfd90{/,null,UNAVAILABLE}{/hddsDatanode}
2019-09-25 04:48:02,624 [main] INFO  server.AbstractConnector (AbstractConnector.java:doStop(318)) - Stopped ServerConnector@317a118b{HTTP/1.1,[http/1.1]}{0.0.0.0:0}
2019-09-25 04:48:02,625 [main] INFO  handler.ContextHandler (ContextHandler.java:doStop(910)) - Stopped o.e.j.s.ServletContextHandler@1305c126{/static,jar:file:/home/user/.m2/repository/org/apache/hadoop/hadoop-hdds-container-service/0.5.0-SNAPSHOT/hadoop-hdds-container-service-0.5.0-SNAPSHOT.jar!/webapps/static,UNAVAILABLE}
2019-09-25 04:48:02,625 [main] INFO  handler.ContextHandler (ContextHandler.java:doStop(910)) - Stopped o.e.j.s.ServletContextHandler@5e7c141d{/logs,file:///workdir/hadoop-ozone/integration-test/target/log,UNAVAILABLE}
2019-09-25 04:48:03,584 [Datanode State Machine Thread - 0] INFO  statemachine.DatanodeStateMachine (DatanodeStateMachine.java:lambda$startDaemon$0(350)) - Ozone container server started.
2019-09-25 04:48:04,359 [grpc-default-executor-2] WARN  server.GrpcLogAppender (LogUtils.java:warn(134)) - be4c6252-00d9-4156-8b7e-0893986d8368@group-47FB795E9C66->db9ed97d-d2c6-41fd-94d1-0c6709fd859b-AppendLogResponseHandler: Failed appendEntries: org.apache.ratis.thirdparty.io.grpc.StatusRuntimeException: UNAVAILABLE: io exception
2019-09-25 04:48:04,371 [grpc-default-executor-2] INFO  impl.FollowerInfo (FollowerInfo.java:lambda$new$0(51)) - be4c6252-00d9-4156-8b7e-0893986d8368@group-47FB795E9C66->db9ed97d-d2c6-41fd-94d1-0c6709fd859b: nextIndex: updateUnconditionally 10 -> 9
2019-09-25 04:48:05,023 [grpc-default-executor-1] WARN  server.GrpcLogAppender (LogUtils.java:warn(134)) - be4c6252-00d9-4156-8b7e-0893986d8368@group-11786002221F->db9ed97d-d2c6-41fd-94d1-0c6709fd859b-AppendLogResponseHandler: Failed appendEntries: org.apache.ratis.thirdparty.io.grpc.StatusRuntimeException: UNAVAILABLE: io exception
2019-09-25 04:48:05,027 [grpc-default-executor-1] INFO  impl.FollowerInfo (FollowerInfo.java:lambda$new$0(51)) - be4c6252-00d9-4156-8b7e-0893986d8368@group-11786002221F->db9ed97d-d2c6-41fd-94d1-0c6709fd859b: nextIndex: updateUnconditionally 9 -> 8
2019-09-25 04:48:05,606 [EventQueue-StaleNodeForStaleNodeHandler] INFO  node.StaleNodeHandler (StaleNodeHandler.java:onMessage(58)) - Datanode e0f8208c-6034-4af8-9d8a-105ed12c823c{ip: 192.168.5.161, host: pr-hdds-1569-zxpks-796972592, networkLocation: /default-rack, certSerialId: null} moved to stale state. Finalizing its pipelines [PipelineID=1ebb6ef3-190e-4ffc-878a-47fb795e9c66, PipelineID=b844fbea-3475-46cf-bc92-8f184301a879, PipelineID=7af07352-5a45-45bc-a2ac-7c575759b7f1, PipelineID=1ef16e5d-5827-41ce-b8fe-11786002221f]
2019-09-25 04:48:05,607 [EventQueue-StaleNodeForStaleNodeHandler] INFO  pipeline.SCMPipelineManager (SCMPipelineManager.java:finalizeAndDestroyPipeline(316)) - destroying pipeline:Pipeline[ Id: 1ebb6ef3-190e-4ffc-878a-47fb795e9c66, Nodes: db9ed97d-d2c6-41fd-94d1-0c6709fd859b{ip: 192.168.5.161, host: pr-hdds-1569-zxpks-796972592, networkLocation: /default-rack, certSerialId: null}e0f8208c-6034-4af8-9d8a-105ed12c823c{ip: 192.168.5.161, host: pr-hdds-1569-zxpks-796972592, networkLocation: /default-rack, certSerialId: null}be4c6252-00d9-4156-8b7e-0893986d8368{ip: 192.168.5.161, host: pr-hdds-1569-zxpks-796972592, networkLocation: /default-rack, certSerialId: null}, Type:RATIS, Factor:THREE, State:CLOSED]
2019-09-25 04:48:05,607 [EventQueue-StaleNodeForStaleNodeHandler] INFO  pipeline.SCMPipelineManager (SCMPipelineManager.java:finalizeAndDestroyPipeline(316)) - destroying pipeline:Pipeline[ Id: b844fbea-3475-46cf-bc92-8f184301a879, Nodes: e0f8208c-6034-4af8-9d8a-105ed12c823c{ip: 192.168.5.161, host: pr-hdds-1569-zxpks-796972592, networkLocation: /default-rack, certSerialId: null}, Type:RATIS, Factor:ONE, State:OPEN]
2019-09-25 04:48:05,608 [EventQueue-StaleNodeForStaleNodeHandler] INFO  pipeline.PipelineStateManager (PipelineStateManager.java:finalizePipeline(123)) - Pipeline Pipeline[ Id: b844fbea-3475-46cf-bc92-8f184301a879, Nodes: e0f8208c-6034-4af8-9d8a-105ed12c823c{ip: 192.168.5.161, host: pr-hdds-1569-zxpks-796972592, networkLocation: /default-rack, certSerialId: null}, Type:RATIS, Factor:ONE, State:CLOSED] moved to CLOSED state
2019-09-25 04:48:05,608 [EventQueue-StaleNodeForStaleNodeHandler] INFO  pipeline.SCMPipelineManager (SCMPipelineManager.java:finalizeAndDestroyPipeline(316)) - destroying pipeline:Pipeline[ Id: 7af07352-5a45-45bc-a2ac-7c575759b7f1, Nodes: e0f8208c-6034-4af8-9d8a-105ed12c823c{ip: 192.168.5.161, host: pr-hdds-1569-zxpks-796972592, networkLocation: /default-rack, certSerialId: null}, Type:RATIS, Factor:ONE, State:OPEN]
2019-09-25 04:48:05,608 [EventQueue-StaleNodeForStaleNodeHandler] INFO  pipeline.PipelineStateManager (PipelineStateManager.java:finalizePipeline(123)) - Pipeline Pipeline[ Id: 7af07352-5a45-45bc-a2ac-7c575759b7f1, Nodes: e0f8208c-6034-4af8-9d8a-105ed12c823c{ip: 192.168.5.161, host: pr-hdds-1569-zxpks-796972592, networkLocation: /default-rack, certSerialId: null}, Type:RATIS, Factor:ONE, State:CLOSED] moved to CLOSED state
2019-09-25 04:48:05,608 [EventQueue-StaleNodeForStaleNodeHandler] INFO  pipeline.SCMPipelineManager (SCMPipelineManager.java:finalizeAndDestroyPipeline(316)) - destroying pipeline:Pipeline[ Id: 1ef16e5d-5827-41ce-b8fe-11786002221f, Nodes: be4c6252-00d9-4156-8b7e-0893986d8368{ip: 192.168.5.161, host: pr-hdds-1569-zxpks-796972592, networkLocation: /default-rack, certSerialId: null}e0f8208c-6034-4af8-9d8a-105ed12c823c{ip: 192.168.5.161, host: pr-hdds-1569-zxpks-796972592, networkLocation: /default-rack, certSerialId: null}db9ed97d-d2c6-41fd-94d1-0c6709fd859b{ip: 192.168.5.161, host: pr-hdds-1569-zxpks-796972592, networkLocation: /default-rack, certSerialId: null}, Type:RATIS, Factor:THREE, State:CLOSED]
2019-09-25 04:48:06,858 [grpc-default-executor-0] WARN  server.GrpcLogAppender (LogUtils.java:warn(134)) - be4c6252-00d9-4156-8b7e-0893986d8368@group-47FB795E9C66->db9ed97d-d2c6-41fd-94d1-0c6709fd859b-AppendLogResponseHandler: Failed appendEntries: org.apache.ratis.thirdparty.io.grpc.StatusRuntimeException: UNAVAILABLE: io exception
2019-09-25 04:48:06,866 [grpc-default-executor-0] INFO  impl.FollowerInfo (FollowerInfo.java:lambda$new$0(51)) - be4c6252-00d9-4156-8b7e-0893986d8368@group-47FB795E9C66->db9ed97d-d2c6-41fd-94d1-0c6709fd859b: nextIndex: updateUnconditionally 9 -> 8
2019-09-25 04:48:07,528 [grpc-default-executor-1] WARN  server.GrpcLogAppender (LogUtils.java:warn(134)) - be4c6252-00d9-4156-8b7e-0893986d8368@group-11786002221F->db9ed97d-d2c6-41fd-94d1-0c6709fd859b-AppendLogResponseHandler: Failed appendEntries: org.apache.ratis.thirdparty.io.grpc.StatusRuntimeException: UNAVAILABLE: io exception
2019-09-25 04:48:07,534 [grpc-default-executor-1] INFO  impl.FollowerInfo (FollowerInfo.java:lambda$new$0(51)) - be4c6252-00d9-4156-8b7e-0893986d8368@group-11786002221F->db9ed97d-d2c6-41fd-94d1-0c6709fd859b: nextIndex: updateUnconditionally 8 -> 7
2019-09-25 04:48:07,629 [main] INFO  ozoneimpl.OzoneContainer (OzoneContainer.java:stop(231)) - Attempting to stop container services.
2019-09-25 04:48:07,630 [main] INFO  impl.RaftServerProxy (RaftServerProxy.java:lambda$close$4(314)) - e0f8208c-6034-4af8-9d8a-105ed12c823c: close
2019-09-25 04:48:07,631 [main] INFO  impl.RaftServerImpl (RaftServerImpl.java:lambda$shutdown$3(251)) - e0f8208c-6034-4af8-9d8a-105ed12c823c@group-8F184301A879: shutdown
2019-09-25 04:48:07,631 [ForkJoinPool.commonPool-worker-0] INFO  impl.RaftServerImpl (RaftServerImpl.java:lambda$shutdown$3(251)) - e0f8208c-6034-4af8-9d8a-105ed12c823c@group-7C575759B7F1: shutdown
2019-09-25 04:48:07,631 [main] INFO  util.JmxRegister (JmxRegister.java:unregister(73)) - Successfully un-registered JMX Bean with object name Ratis:service=RaftServer,group=group-8F184301A879,id=e0f8208c-6034-4af8-9d8a-105ed12c823c
2019-09-25 04:48:07,631 [ForkJoinPool.commonPool-worker-0] INFO  util.JmxRegister (JmxRegister.java:unregister(73)) - Successfully un-registered JMX Bean with object name Ratis:service=RaftServer,group=group-7C575759B7F1,id=e0f8208c-6034-4af8-9d8a-105ed12c823c
2019-09-25 04:48:07,632 [main] INFO  impl.RoleInfo (RoleInfo.java:shutdownLeaderState(104)) - e0f8208c-6034-4af8-9d8a-105ed12c823c: shutdown LeaderState
2019-09-25 04:48:07,632 [ForkJoinPool.commonPool-worker-0] INFO  impl.RoleInfo (RoleInfo.java:shutdownLeaderState(104)) - e0f8208c-6034-4af8-9d8a-105ed12c823c: shutdown LeaderState
2019-09-25 04:48:07,632 [main] INFO  impl.PendingRequests (PendingRequests.java:sendNotLeaderResponses(202)) - e0f8208c-6034-4af8-9d8a-105ed12c823c-PendingRequests: sendNotLeaderResponses
2019-09-25 04:48:07,633 [ForkJoinPool.commonPool-worker-0] INFO  impl.PendingRequests (PendingRequests.java:sendNotLeaderResponses(202)) - e0f8208c-6034-4af8-9d8a-105ed12c823c-PendingRequests: sendNotLeaderResponses
2019-09-25 04:48:07,633 [main] INFO  impl.StateMachineUpdater (StateMachineUpdater.java:stopAndJoin(125)) - e0f8208c-6034-4af8-9d8a-105ed12c823c@group-8F184301A879-StateMachineUpdater: set stopIndex = 0
2019-09-25 04:48:07,633 [ForkJoinPool.commonPool-worker-0] INFO  impl.StateMachineUpdater (StateMachineUpdater.java:stopAndJoin(125)) - e0f8208c-6034-4af8-9d8a-105ed12c823c@group-7C575759B7F1-StateMachineUpdater: set stopIndex = 0
2019-09-25 04:48:07,634 [main] INFO  impl.RaftServerImpl (ServerState.java:close(385)) - e0f8208c-6034-4af8-9d8a-105ed12c823c@group-8F184301A879: closes. applyIndex: 0
2019-09-25 04:48:07,634 [ForkJoinPool.commonPool-worker-0] INFO  impl.RaftServerImpl (ServerState.java:close(385)) - e0f8208c-6034-4af8-9d8a-105ed12c823c@group-7C575759B7F1: closes. applyIndex: 0
2019-09-25 04:48:07,635 [e0f8208c-6034-4af8-9d8a-105ed12c823c@group-7C575759B7F1-SegmentedRaftLogWorker] INFO  segmented.SegmentedRaftLogWorker (SegmentedRaftLogWorker.java:run(313)) - e0f8208c-6034-4af8-9d8a-105ed12c823c@group-7C575759B7F1-SegmentedRaftLogWorker was interrupted, exiting. There are 0 tasks remaining in the queue.
2019-09-25 04:48:07,635 [e0f8208c-6034-4af8-9d8a-105ed12c823c@group-8F184301A879-SegmentedRaftLogWorker] INFO  segmented.SegmentedRaftLogWorker (SegmentedRaftLogWorker.java:run(313)) - e0f8208c-6034-4af8-9d8a-105ed12c823c@group-8F184301A879-SegmentedRaftLogWorker was interrupted, exiting. There are 0 tasks remaining in the queue.
2019-09-25 04:48:07,646 [main] INFO  segmented.SegmentedRaftLogWorker (SegmentedRaftLogWorker.java:close(228)) - e0f8208c-6034-4af8-9d8a-105ed12c823c@group-8F184301A879-SegmentedRaftLogWorker close()
2019-09-25 04:48:07,646 [ForkJoinPool.commonPool-worker-0] INFO  segmented.SegmentedRaftLogWorker (SegmentedRaftLogWorker.java:close(228)) - e0f8208c-6034-4af8-9d8a-105ed12c823c@group-7C575759B7F1-SegmentedRaftLogWorker close()
2019-09-25 04:48:07,651 [main] INFO  impl.RaftServerImpl (RaftServerImpl.java:lambda$shutdown$3(251)) - e0f8208c-6034-4af8-9d8a-105ed12c823c@group-47FB795E9C66: shutdown
2019-09-25 04:48:07,667 [ForkJoinPool.commonPool-worker-0] INFO  impl.RaftServerImpl (RaftServerImpl.java:lambda$shutdown$3(251)) - e0f8208c-6034-4af8-9d8a-105ed12c823c@group-11786002221F: shutdown
2019-09-25 04:48:07,667 [main] INFO  util.JmxRegister (JmxRegister.java:unregister(73)) - Successfully un-registered JMX Bean with object name Ratis:service=RaftServer,group=group-47FB795E9C66,id=e0f8208c-6034-4af8-9d8a-105ed12c823c
2019-09-25 04:48:07,667 [ForkJoinPool.commonPool-worker-0] INFO  util.JmxRegister (JmxRegister.java:unregister(73)) - Successfully un-registered JMX Bean with object name Ratis:service=RaftServer,group=group-11786002221F,id=e0f8208c-6034-4af8-9d8a-105ed12c823c
2019-09-25 04:48:07,668 [main] INFO  impl.RoleInfo (RoleInfo.java:shutdownFollowerState(121)) - e0f8208c-6034-4af8-9d8a-105ed12c823c: shutdown FollowerState
2019-09-25 04:48:07,668 [ForkJoinPool.commonPool-worker-0] INFO  impl.RoleInfo (RoleInfo.java:shutdownFollowerState(121)) - e0f8208c-6034-4af8-9d8a-105ed12c823c: shutdown FollowerState
2019-09-25 04:48:07,668 [main] INFO  impl.StateMachineUpdater (StateMachineUpdater.java:stopAndJoin(125)) - e0f8208c-6034-4af8-9d8a-105ed12c823c@group-47FB795E9C66-StateMachineUpdater: set stopIndex = 10
2019-09-25 04:48:07,669 [Thread-444] INFO  impl.FollowerState (FollowerState.java:run(115)) - e0f8208c-6034-4af8-9d8a-105ed12c823c: FollowerState was interrupted: java.lang.InterruptedException: sleep interrupted
2019-09-25 04:48:07,669 [e0f8208c-6034-4af8-9d8a-105ed12c823c@group-11786002221F-StateMachineUpdater] INFO  ratis.ContainerStateMachine (ContainerStateMachine.java:takeSnapshot(289)) - group-11786002221F: Taking a snapshot at:(t:2, i:9) file /workdir/hadoop-ozone/integration-test/target/test-dir/MiniOzoneClusterImpl-01f2bef4-faa9-485a-8a2f-86fcc7581354/datanode-5/data/ratis/1ef16e5d-5827-41ce-b8fe-11786002221f/sm/snapshot.2_9
2019-09-25 04:48:07,668 [e0f8208c-6034-4af8-9d8a-105ed12c823c@group-47FB795E9C66-StateMachineUpdater] INFO  ratis.ContainerStateMachine (ContainerStateMachine.java:takeSnapshot(289)) - group-47FB795E9C66: Taking a snapshot at:(t:1, i:9) file /workdir/hadoop-ozone/integration-test/target/test-dir/MiniOzoneClusterImpl-01f2bef4-faa9-485a-8a2f-86fcc7581354/datanode-5/data/ratis/1ebb6ef3-190e-4ffc-878a-47fb795e9c66/sm/snapshot.1_9
2019-09-25 04:48:07,668 [ForkJoinPool.commonPool-worker-0] INFO  impl.StateMachineUpdater (StateMachineUpdater.java:stopAndJoin(125)) - e0f8208c-6034-4af8-9d8a-105ed12c823c@group-11786002221F-StateMachineUpdater: set stopIndex = 10
2019-09-25 04:48:07,668 [Thread-546] INFO  impl.FollowerState (FollowerState.java:run(115)) - e0f8208c-6034-4af8-9d8a-105ed12c823c: FollowerState was interrupted: java.lang.InterruptedException: sleep interrupted
2019-09-25 04:48:07,698 [e0f8208c-6034-4af8-9d8a-105ed12c823c@group-11786002221F-StateMachineUpdater] INFO  ratis.ContainerStateMachine (ContainerStateMachine.java:takeSnapshot(300)) - group-11786002221F: Finished taking a snapshot at:(t:2, i:9) file:/workdir/hadoop-ozone/integration-test/target/test-dir/MiniOzoneClusterImpl-01f2bef4-faa9-485a-8a2f-86fcc7581354/datanode-5/data/ratis/1ef16e5d-5827-41ce-b8fe-11786002221f/sm/snapshot.2_9 time:29
2019-09-25 04:48:07,698 [e0f8208c-6034-4af8-9d8a-105ed12c823c@group-47FB795E9C66-StateMachineUpdater] INFO  ratis.ContainerStateMachine (ContainerStateMachine.java:takeSnapshot(300)) - group-47FB795E9C66: Finished taking a snapshot at:(t:1, i:9) file:/workdir/hadoop-ozone/integration-test/target/test-dir/MiniOzoneClusterImpl-01f2bef4-faa9-485a-8a2f-86fcc7581354/datanode-5/data/ratis/1ebb6ef3-190e-4ffc-878a-47fb795e9c66/sm/snapshot.1_9 time:29
2019-09-25 04:48:07,698 [e0f8208c-6034-4af8-9d8a-105ed12c823c@group-11786002221F-StateMachineUpdater] INFO  impl.StateMachineUpdater (StateMachineUpdater.java:takeSnapshot(258)) - e0f8208c-6034-4af8-9d8a-105ed12c823c@group-11786002221F-StateMachineUpdater: Took a snapshot at index 9
2019-09-25 04:48:07,698 [e0f8208c-6034-4af8-9d8a-105ed12c823c@group-47FB795E9C66-StateMachineUpdater] INFO  impl.StateMachineUpdater (StateMachineUpdater.java:takeSnapshot(258)) - e0f8208c-6034-4af8-9d8a-105ed12c823c@group-47FB795E9C66-StateMachineUpdater: Took a snapshot at index 9
2019-09-25 04:48:07,698 [e0f8208c-6034-4af8-9d8a-105ed12c823c@group-11786002221F-StateMachineUpdater] INFO  impl.StateMachineUpdater (StateMachineUpdater.java:lambda$new$0(83)) - e0f8208c-6034-4af8-9d8a-105ed12c823c@group-11786002221F-StateMachineUpdater: snapshotIndex: updateIncreasingly -1 -> 9
2019-09-25 04:48:07,698 [e0f8208c-6034-4af8-9d8a-105ed12c823c@group-47FB795E9C66-StateMachineUpdater] INFO  impl.StateMachineUpdater (StateMachineUpdater.java:lambda$new$0(83)) - e0f8208c-6034-4af8-9d8a-105ed12c823c@group-47FB795E9C66-StateMachineUpdater: snapshotIndex: updateIncreasingly -1 -> 9
2019-09-25 04:48:07,699 [e0f8208c-6034-4af8-9d8a-105ed12c823c@group-11786002221F-StateMachineUpdater] INFO  ratis.ContainerStateMachine (ContainerStateMachine.java:takeSnapshot(289)) - group-11786002221F: Taking a snapshot at:(t:2, i:9) file /workdir/hadoop-ozone/integration-test/target/test-dir/MiniOzoneClusterImpl-01f2bef4-faa9-485a-8a2f-86fcc7581354/datanode-5/data/ratis/1ef16e5d-5827-41ce-b8fe-11786002221f/sm/snapshot.2_9
2019-09-25 04:48:07,699 [e0f8208c-6034-4af8-9d8a-105ed12c823c@group-47FB795E9C66-StateMachineUpdater] INFO  ratis.ContainerStateMachine (ContainerStateMachine.java:takeSnapshot(289)) - group-47FB795E9C66: Taking a snapshot at:(t:1, i:9) file /workdir/hadoop-ozone/integration-test/target/test-dir/MiniOzoneClusterImpl-01f2bef4-faa9-485a-8a2f-86fcc7581354/datanode-5/data/ratis/1ebb6ef3-190e-4ffc-878a-47fb795e9c66/sm/snapshot.1_9
2019-09-25 04:48:07,712 [e0f8208c-6034-4af8-9d8a-105ed12c823c@group-11786002221F-StateMachineUpdater] INFO  ratis.ContainerStateMachine (ContainerStateMachine.java:takeSnapshot(300)) - group-11786002221F: Finished taking a snapshot at:(t:2, i:9) file:/workdir/hadoop-ozone/integration-test/target/test-dir/MiniOzoneClusterImpl-01f2bef4-faa9-485a-8a2f-86fcc7581354/datanode-5/data/ratis/1ef16e5d-5827-41ce-b8fe-11786002221f/sm/snapshot.2_9 time:13
2019-09-25 04:48:07,712 [e0f8208c-6034-4af8-9d8a-105ed12c823c@group-47FB795E9C66-StateMachineUpdater] INFO  ratis.ContainerStateMachine (ContainerStateMachine.java:takeSnapshot(300)) - group-47FB795E9C66: Finished taking a snapshot at:(t:1, i:9) file:/workdir/hadoop-ozone/integration-test/target/test-dir/MiniOzoneClusterImpl-01f2bef4-faa9-485a-8a2f-86fcc7581354/datanode-5/data/ratis/1ebb6ef3-190e-4ffc-878a-47fb795e9c66/sm/snapshot.1_9 time:13
2019-09-25 04:48:07,713 [e0f8208c-6034-4af8-9d8a-105ed12c823c@group-47FB795E9C66-StateMachineUpdater] INFO  impl.StateMachineUpdater (StateMachineUpdater.java:takeSnapshot(258)) - e0f8208c-6034-4af8-9d8a-105ed12c823c@group-47FB795E9C66-StateMachineUpdater: Took a snapshot at index 9
2019-09-25 04:48:07,713 [e0f8208c-6034-4af8-9d8a-105ed12c823c@group-47FB795E9C66-StateMachineUpdater] INFO  impl.StateMachineUpdater (StateMachineUpdater.java:lambda$new$0(83)) - e0f8208c-6034-4af8-9d8a-105ed12c823c@group-47FB795E9C66-StateMachineUpdater: snapshotIndex: updateIncreasingly 9 -> 9
2019-09-25 04:48:07,713 [e0f8208c-6034-4af8-9d8a-105ed12c823c@group-11786002221F-StateMachineUpdater] INFO  impl.StateMachineUpdater (StateMachineUpdater.java:takeSnapshot(258)) - e0f8208c-6034-4af8-9d8a-105ed12c823c@group-11786002221F-StateMachineUpdater: Took a snapshot at index 9
2019-09-25 04:48:07,713 [main] INFO  impl.RaftServerImpl (ServerState.java:close(385)) - e0f8208c-6034-4af8-9d8a-105ed12c823c@group-47FB795E9C66: closes. applyIndex: 10
2019-09-25 04:48:07,713 [e0f8208c-6034-4af8-9d8a-105ed12c823c@group-11786002221F-StateMachineUpdater] INFO  impl.StateMachineUpdater (StateMachineUpdater.java:lambda$new$0(83)) - e0f8208c-6034-4af8-9d8a-105ed12c823c@group-11786002221F-StateMachineUpdater: snapshotIndex: updateIncreasingly 9 -> 9
2019-09-25 04:48:07,714 [e0f8208c-6034-4af8-9d8a-105ed12c823c@group-47FB795E9C66-SegmentedRaftLogWorker] INFO  segmented.SegmentedRaftLogWorker (SegmentedRaftLogWorker.java:run(313)) - e0f8208c-6034-4af8-9d8a-105ed12c823c@group-47FB795E9C66-SegmentedRaftLogWorker was interrupted, exiting. There are 0 tasks remaining in the queue.
2019-09-25 04:48:07,714 [ForkJoinPool.commonPool-worker-0] INFO  impl.RaftServerImpl (ServerState.java:close(385)) - e0f8208c-6034-4af8-9d8a-105ed12c823c@group-11786002221F: closes. applyIndex: 10
2019-09-25 04:48:07,714 [main] INFO  segmented.SegmentedRaftLogWorker (SegmentedRaftLogWorker.java:close(228)) - e0f8208c-6034-4af8-9d8a-105ed12c823c@group-47FB795E9C66-SegmentedRaftLogWorker close()
2019-09-25 04:48:07,715 [e0f8208c-6034-4af8-9d8a-105ed12c823c@group-11786002221F-SegmentedRaftLogWorker] INFO  segmented.SegmentedRaftLogWorker (SegmentedRaftLogWorker.java:run(313)) - e0f8208c-6034-4af8-9d8a-105ed12c823c@group-11786002221F-SegmentedRaftLogWorker was interrupted, exiting. There are 0 tasks remaining in the queue.
2019-09-25 04:48:07,717 [ForkJoinPool.commonPool-worker-0] INFO  segmented.SegmentedRaftLogWorker (SegmentedRaftLogWorker.java:close(228)) - e0f8208c-6034-4af8-9d8a-105ed12c823c@group-11786002221F-SegmentedRaftLogWorker close()
2019-09-25 04:48:07,720 [ForkJoinPool.commonPool-worker-0] INFO  impl.RaftServerImpl (RaftServerImpl.java:lambda$shutdown$3(251)) - e0f8208c-6034-4af8-9d8a-105ed12c823c@group-D06E77EF7DE2: shutdown
2019-09-25 04:48:07,720 [ForkJoinPool.commonPool-worker-0] INFO  util.JmxRegister (JmxRegister.java:unregister(73)) - Successfully un-registered JMX Bean with object name Ratis:service=RaftServer,group=group-D06E77EF7DE2,id=e0f8208c-6034-4af8-9d8a-105ed12c823c
2019-09-25 04:48:07,720 [ForkJoinPool.commonPool-worker-0] INFO  impl.RoleInfo (RoleInfo.java:shutdownLeaderState(104)) - e0f8208c-6034-4af8-9d8a-105ed12c823c: shutdown LeaderState
2019-09-25 04:48:07,725 [ForkJoinPool.commonPool-worker-0] INFO  impl.PendingRequests (PendingRequests.java:sendNotLeaderResponses(202)) - e0f8208c-6034-4af8-9d8a-105ed12c823c-PendingRequests: sendNotLeaderResponses
2019-09-25 04:48:07,725 [org.apache.ratis.server.impl.LogAppender$AppenderDaemon$$Lambda$604/1698003351@4d5a1500] WARN  server.GrpcLogAppender (GrpcLogAppender.java:mayWait(143)) - e0f8208c-6034-4af8-9d8a-105ed12c823c@group-D06E77EF7DE2->ad59094e-4ef9-4164-9cef-17ac0fc30075-GrpcLogAppender: Wait interrupted by java.lang.InterruptedException
2019-09-25 04:48:07,725 [org.apache.ratis.server.impl.LogAppender$AppenderDaemon$$Lambda$604/1698003351@d0ab008] WARN  server.GrpcLogAppender (GrpcLogAppender.java:mayWait(143)) - e0f8208c-6034-4af8-9d8a-105ed12c823c@group-D06E77EF7DE2->d7ae0efc-862c-47d5-843f-ee6a47fabce2-GrpcLogAppender: Wait interrupted by java.lang.InterruptedException
2019-09-25 04:48:07,725 [ForkJoinPool.commonPool-worker-0] INFO  impl.StateMachineUpdater (StateMachineUpdater.java:stopAndJoin(125)) - e0f8208c-6034-4af8-9d8a-105ed12c823c@group-D06E77EF7DE2-StateMachineUpdater: set stopIndex = 0
2019-09-25 04:48:07,726 [ForkJoinPool.commonPool-worker-0] INFO  impl.RaftServerImpl (ServerState.java:close(385)) - e0f8208c-6034-4af8-9d8a-105ed12c823c@group-D06E77EF7DE2: closes. applyIndex: 0
2019-09-25 04:48:07,726 [grpc-default-executor-0] INFO  server.GrpcServerProtocolService (GrpcServerProtocolService.java:onCompleted(113)) - ad59094e-4ef9-4164-9cef-17ac0fc30075: Completed APPEND_ENTRIES, lastRequest: e0f8208c-6034-4af8-9d8a-105ed12c823c->ad59094e-4ef9-4164-9cef-17ac0fc30075#8-t1, previous=(t:1, i:0), leaderCommit=0, initializing? false, entries: <empty>
2019-09-25 04:48:07,726 [e0f8208c-6034-4af8-9d8a-105ed12c823c@group-D06E77EF7DE2-SegmentedRaftLogWorker] INFO  segmented.SegmentedRaftLogWorker (SegmentedRaftLogWorker.java:run(313)) - e0f8208c-6034-4af8-9d8a-105ed12c823c@group-D06E77EF7DE2-SegmentedRaftLogWorker was interrupted, exiting. There are 0 tasks remaining in the queue.
2019-09-25 04:48:07,726 [grpc-default-executor-1] INFO  server.GrpcServerProtocolService (GrpcServerProtocolService.java:onCompleted(113)) - d7ae0efc-862c-47d5-843f-ee6a47fabce2: Completed APPEND_ENTRIES, lastRequest: e0f8208c-6034-4af8-9d8a-105ed12c823c->d7ae0efc-862c-47d5-843f-ee6a47fabce2#8-t1, previous=(t:1, i:0), leaderCommit=0, initializing? false, entries: <empty>
2019-09-25 04:48:07,727 [ForkJoinPool.commonPool-worker-0] INFO  segmented.SegmentedRaftLogWorker (SegmentedRaftLogWorker.java:close(228)) - e0f8208c-6034-4af8-9d8a-105ed12c823c@group-D06E77EF7DE2-SegmentedRaftLogWorker close()
2019-09-25 04:48:07,729 [main] INFO  server.GrpcService (GrpcService.java:closeImpl(164)) - e0f8208c-6034-4af8-9d8a-105ed12c823c: shutdown server with port 45201 now
2019-09-25 04:48:07,730 [grpc-default-executor-1] INFO  server.GrpcLogAppender (GrpcLogAppender.java:onCompleted(293)) - e0f8208c-6034-4af8-9d8a-105ed12c823c@group-D06E77EF7DE2->ad59094e-4ef9-4164-9cef-17ac0fc30075-AppendLogResponseHandler: follower responses appendEntries COMPLETED
2019-09-25 04:48:07,730 [grpc-default-executor-0] INFO  server.GrpcLogAppender (GrpcLogAppender.java:onCompleted(293)) - e0f8208c-6034-4af8-9d8a-105ed12c823c@group-D06E77EF7DE2->d7ae0efc-862c-47d5-843f-ee6a47fabce2-AppendLogResponseHandler: follower responses appendEntries COMPLETED
2019-09-25 04:48:07,730 [grpc-default-executor-1] INFO  impl.FollowerInfo (FollowerInfo.java:lambda$new$0(51)) - e0f8208c-6034-4af8-9d8a-105ed12c823c@group-D06E77EF7DE2->ad59094e-4ef9-4164-9cef-17ac0fc30075: nextIndex: updateUnconditionally 1 -> 0
2019-09-25 04:48:07,732 [grpc-default-executor-0] INFO  impl.FollowerInfo (FollowerInfo.java:lambda$new$0(51)) - e0f8208c-6034-4af8-9d8a-105ed12c823c@group-D06E77EF7DE2->d7ae0efc-862c-47d5-843f-ee6a47fabce2: nextIndex: updateUnconditionally 1 -> 0
2019-09-25 04:48:07,733 [grpc-default-executor-2] WARN  server.GrpcServerProtocolService (LogUtils.java:warn(134)) - e0f8208c-6034-4af8-9d8a-105ed12c823c: installSnapshot onError, lastRequest: be4c6252-00d9-4156-8b7e-0893986d8368->e0f8208c-6034-4af8-9d8a-105ed12c823c#18-t2, previous=(t:2, i:10), leaderCommit=10, initializing? false, entries: <empty>: org.apache.ratis.thirdparty.io.grpc.StatusRuntimeException: CANCELLED: cancelled before receiving half close
2019-09-25 04:48:07,733 [main] INFO  server.GrpcService (GrpcService.java:closeImpl(172)) - e0f8208c-6034-4af8-9d8a-105ed12c823c: shutdown server with port 45201 successfully
2019-09-25 04:48:07,733 [grpc-default-executor-5] WARN  server.GrpcServerProtocolService (LogUtils.java:warn(134)) - e0f8208c-6034-4af8-9d8a-105ed12c823c: installSnapshot onError, lastRequest: be4c6252-00d9-4156-8b7e-0893986d8368->e0f8208c-6034-4af8-9d8a-105ed12c823c#14-t1, previous=(t:1, i:10), leaderCommit=10, initializing? false, entries: <empty>: org.apache.ratis.thirdparty.io.grpc.StatusRuntimeException: CANCELLED: cancelled before receiving half close
2019-09-25 04:48:07,734 [grpc-default-executor-3] WARN  server.GrpcLogAppender (LogUtils.java:warn(134)) - be4c6252-00d9-4156-8b7e-0893986d8368@group-47FB795E9C66->e0f8208c-6034-4af8-9d8a-105ed12c823c-AppendLogResponseHandler: Failed appendEntries: org.apache.ratis.thirdparty.io.grpc.StatusRuntimeException: CANCELLED: HTTP/2 error code: CANCEL
Received Rst Stream
2019-09-25 04:48:07,734 [grpc-default-executor-1] WARN  server.GrpcLogAppender (LogUtils.java:warn(134)) - be4c6252-00d9-4156-8b7e-0893986d8368@group-11786002221F->e0f8208c-6034-4af8-9d8a-105ed12c823c-AppendLogResponseHandler: Failed appendEntries: org.apache.ratis.thirdparty.io.grpc.StatusRuntimeException: CANCELLED: HTTP/2 error code: CANCEL
Received Rst Stream
2019-09-25 04:48:07,734 [grpc-default-executor-3] INFO  impl.FollowerInfo (FollowerInfo.java:lambda$new$0(51)) - be4c6252-00d9-4156-8b7e-0893986d8368@group-47FB795E9C66->e0f8208c-6034-4af8-9d8a-105ed12c823c: nextIndex: updateUnconditionally 11 -> 10
2019-09-25 04:48:07,734 [grpc-default-executor-1] INFO  impl.FollowerInfo (FollowerInfo.java:lambda$new$0(51)) - be4c6252-00d9-4156-8b7e-0893986d8368@group-11786002221F->e0f8208c-6034-4af8-9d8a-105ed12c823c: nextIndex: updateUnconditionally 11 -> 10
2019-09-25 04:48:07,816 [refreshUsed-/workdir/hadoop-ozone/integration-test/target/test-dir/MiniOzoneClusterImpl-01f2bef4-faa9-485a-8a2f-86fcc7581354/datanode-5/data/containers] WARN  fs.CachingGetSpaceUsed (CachingGetSpaceUsed.java:run(183)) - Thread Interrupted waiting to refresh disk information: sleep interrupted
2019-09-25 04:48:07,838 [main] INFO  utils.BackgroundService (BackgroundService.java:shutdown(148)) - Shutting down service BlockDeletingService
2019-09-25 04:48:07,866 [main] INFO  statemachine.DatanodeStateMachine (DatanodeStateMachine.java:stopDaemon(395)) - Ozone container server stopped.
2019-09-25 04:48:07,868 [main] INFO  handler.ContextHandler (ContextHandler.java:doStop(910)) - Stopped o.e.j.w.WebAppContext@268cbb86{/,null,UNAVAILABLE}{/hddsDatanode}
2019-09-25 04:48:07,869 [main] INFO  server.AbstractConnector (AbstractConnector.java:doStop(318)) - Stopped ServerConnector@10f7918f{HTTP/1.1,[http/1.1]}{0.0.0.0:0}
2019-09-25 04:48:07,870 [main] INFO  handler.ContextHandler (ContextHandler.java:doStop(910)) - Stopped o.e.j.s.ServletContextHandler@12eedfee{/static,jar:file:/home/user/.m2/repository/org/apache/hadoop/hadoop-hdds-container-service/0.5.0-SNAPSHOT/hadoop-hdds-container-service-0.5.0-SNAPSHOT.jar!/webapps/static,UNAVAILABLE}
2019-09-25 04:48:07,870 [main] INFO  handler.ContextHandler (ContextHandler.java:doStop(910)) - Stopped o.e.j.s.ServletContextHandler@58fef7f7{/logs,file:///workdir/hadoop-ozone/integration-test/target/log,UNAVAILABLE}
]]></system-out>
    <system-err><![CDATA[Sep 25, 2019 4:48:02 AM org.apache.ratis.thirdparty.io.grpc.internal.SerializingExecutor run
SEVERE: Exception while executing runnable org.apache.ratis.thirdparty.io.grpc.internal.ServerImpl$JumpToApplicationThreadServerStreamListener$1Closed@4f4fa8f3
org.apache.ratis.thirdparty.io.grpc.StatusRuntimeException: CANCELLED: call already cancelled
	at org.apache.ratis.thirdparty.io.grpc.Status.asRuntimeException(Status.java:517)
	at org.apache.ratis.thirdparty.io.grpc.stub.ServerCalls$ServerCallStreamObserverImpl.onCompleted(ServerCalls.java:356)
	at org.apache.ratis.grpc.server.GrpcServerProtocolService$ServerRequestStreamObserver.onError(GrpcServerProtocolService.java:121)
	at org.apache.ratis.thirdparty.io.grpc.stub.ServerCalls$StreamingServerCallHandler$StreamingServerCallListener.onCancel(ServerCalls.java:269)
	at org.apache.ratis.thirdparty.io.grpc.internal.ServerCallImpl$ServerStreamListenerImpl.closed(ServerCallImpl.java:293)
	at org.apache.ratis.thirdparty.io.grpc.internal.ServerImpl$JumpToApplicationThreadServerStreamListener$1Closed.runInContext(ServerImpl.java:741)
	at org.apache.ratis.thirdparty.io.grpc.internal.ContextRunnable.run(ContextRunnable.java:37)
	at org.apache.ratis.thirdparty.io.grpc.internal.SerializingExecutor.run(SerializingExecutor.java:123)
	at java.util.concurrent.ThreadPoolExecutor.runWorker(ThreadPoolExecutor.java:1149)
	at java.util.concurrent.ThreadPoolExecutor$Worker.run(ThreadPoolExecutor.java:624)
	at java.lang.Thread.run(Thread.java:748)

Sep 25, 2019 4:48:02 AM org.apache.ratis.thirdparty.io.grpc.internal.SerializingExecutor run
SEVERE: Exception while executing runnable org.apache.ratis.thirdparty.io.grpc.internal.ServerImpl$JumpToApplicationThreadServerStreamListener$1Closed@76d947cf
org.apache.ratis.thirdparty.io.grpc.StatusRuntimeException: CANCELLED: call already cancelled
	at org.apache.ratis.thirdparty.io.grpc.Status.asRuntimeException(Status.java:517)
	at org.apache.ratis.thirdparty.io.grpc.stub.ServerCalls$ServerCallStreamObserverImpl.onCompleted(ServerCalls.java:356)
	at org.apache.ratis.grpc.server.GrpcServerProtocolService$ServerRequestStreamObserver.onError(GrpcServerProtocolService.java:121)
	at org.apache.ratis.thirdparty.io.grpc.stub.ServerCalls$StreamingServerCallHandler$StreamingServerCallListener.onCancel(ServerCalls.java:269)
	at org.apache.ratis.thirdparty.io.grpc.internal.ServerCallImpl$ServerStreamListenerImpl.closed(ServerCallImpl.java:293)
	at org.apache.ratis.thirdparty.io.grpc.internal.ServerImpl$JumpToApplicationThreadServerStreamListener$1Closed.runInContext(ServerImpl.java:741)
	at org.apache.ratis.thirdparty.io.grpc.internal.ContextRunnable.run(ContextRunnable.java:37)
	at org.apache.ratis.thirdparty.io.grpc.internal.SerializingExecutor.run(SerializingExecutor.java:123)
	at java.util.concurrent.ThreadPoolExecutor.runWorker(ThreadPoolExecutor.java:1149)
	at java.util.concurrent.ThreadPoolExecutor$Worker.run(ThreadPoolExecutor.java:624)
	at java.lang.Thread.run(Thread.java:748)

Sep 25, 2019 4:48:07 AM org.apache.ratis.thirdparty.io.grpc.internal.SerializingExecutor run
SEVERE: Exception while executing runnable org.apache.ratis.thirdparty.io.grpc.internal.ServerImpl$JumpToApplicationThreadServerStreamListener$1Closed@6e0433fb
org.apache.ratis.thirdparty.io.grpc.StatusRuntimeException: CANCELLED: call already cancelled
	at org.apache.ratis.thirdparty.io.grpc.Status.asRuntimeException(Status.java:517)
	at org.apache.ratis.thirdparty.io.grpc.stub.ServerCalls$ServerCallStreamObserverImpl.onCompleted(ServerCalls.java:356)
	at org.apache.ratis.grpc.server.GrpcServerProtocolService$ServerRequestStreamObserver.onError(GrpcServerProtocolService.java:121)
	at org.apache.ratis.thirdparty.io.grpc.stub.ServerCalls$StreamingServerCallHandler$StreamingServerCallListener.onCancel(ServerCalls.java:269)
	at org.apache.ratis.thirdparty.io.grpc.internal.ServerCallImpl$ServerStreamListenerImpl.closed(ServerCallImpl.java:293)
	at org.apache.ratis.thirdparty.io.grpc.internal.ServerImpl$JumpToApplicationThreadServerStreamListener$1Closed.runInContext(ServerImpl.java:741)
	at org.apache.ratis.thirdparty.io.grpc.internal.ContextRunnable.run(ContextRunnable.java:37)
	at org.apache.ratis.thirdparty.io.grpc.internal.SerializingExecutor.run(SerializingExecutor.java:123)
	at java.util.concurrent.ThreadPoolExecutor.runWorker(ThreadPoolExecutor.java:1149)
	at java.util.concurrent.ThreadPoolExecutor$Worker.run(ThreadPoolExecutor.java:624)
	at java.lang.Thread.run(Thread.java:748)

Sep 25, 2019 4:48:07 AM org.apache.ratis.thirdparty.io.grpc.internal.SerializingExecutor run
SEVERE: Exception while executing runnable org.apache.ratis.thirdparty.io.grpc.internal.ServerImpl$JumpToApplicationThreadServerStreamListener$1Closed@2344b818
org.apache.ratis.thirdparty.io.grpc.StatusRuntimeException: CANCELLED: call already cancelled
	at org.apache.ratis.thirdparty.io.grpc.Status.asRuntimeException(Status.java:517)
	at org.apache.ratis.thirdparty.io.grpc.stub.ServerCalls$ServerCallStreamObserverImpl.onCompleted(ServerCalls.java:356)
	at org.apache.ratis.grpc.server.GrpcServerProtocolService$ServerRequestStreamObserver.onError(GrpcServerProtocolService.java:121)
	at org.apache.ratis.thirdparty.io.grpc.stub.ServerCalls$StreamingServerCallHandler$StreamingServerCallListener.onCancel(ServerCalls.java:269)
	at org.apache.ratis.thirdparty.io.grpc.internal.ServerCallImpl$ServerStreamListenerImpl.closed(ServerCallImpl.java:293)
	at org.apache.ratis.thirdparty.io.grpc.internal.ServerImpl$JumpToApplicationThreadServerStreamListener$1Closed.runInContext(ServerImpl.java:741)
	at org.apache.ratis.thirdparty.io.grpc.internal.ContextRunnable.run(ContextRunnable.java:37)
	at org.apache.ratis.thirdparty.io.grpc.internal.SerializingExecutor.run(SerializingExecutor.java:123)
	at java.util.concurrent.ThreadPoolExecutor.runWorker(ThreadPoolExecutor.java:1149)
	at java.util.concurrent.ThreadPoolExecutor$Worker.run(ThreadPoolExecutor.java:624)
	at java.lang.Thread.run(Thread.java:748)

]]></system-err>
  </testcase>
</testsuite>