<?xml version="1.0" encoding="UTF-8"?>
<testsuite xmlns:xsi="http://www.w3.org/2001/XMLSchema-instance" xsi:noNamespaceSchemaLocation="https://maven.apache.org/surefire/maven-surefire-plugin/xsd/surefire-test-report.xsd" name="org.apache.hadoop.ozone.freon.TestFreonWithPipelineDestroy" time="30.437" tests="1" errors="1" skipped="0" failures="0">
  <properties>
    <property name="awt.toolkit" value="sun.awt.X11.XToolkit"/>
    <property name="file.encoding.pkg" value="sun.io"/>
    <property name="java.specification.version" value="1.8"/>
    <property name="sun.cpu.isalist" value=""/>
    <property name="sun.jnu.encoding" value="UTF-8"/>
    <property name="java.class.path" value="/tmp/workdir/hadoop-ozone/tools/target/test-classes:/tmp/workdir/hadoop-ozone/tools/target/classes:/tmp/workdir/hadoop-ozone/ozone-manager/target/classes:/tmp/workdir/hadoop-hdds/docs/target/classes:/home/user/.m2/repository/org/bouncycastle/bcprov-jdk15on/1.60/bcprov-jdk15on-1.60.jar:/tmp/workdir/hadoop-ozone/common/target/classes:/home/user/.m2/repository/org/apache/commons/commons-compress/1.4.1/commons-compress-1.4.1.jar:/home/user/.m2/repository/org/tukaani/xz/1.0/xz-1.0.jar:/home/user/.m2/repository/org/apache/hadoop/hadoop-hdfs-client/3.2.0/hadoop-hdfs-client-3.2.0.jar:/home/user/.m2/repository/com/fasterxml/jackson/core/jackson-annotations/2.9.5/jackson-annotations-2.9.5.jar:/tmp/workdir/hadoop-hdds/common/target/classes:/tmp/workdir/hadoop-hdds/config/target/classes:/home/user/.m2/repository/javax/annotation/javax.annotation-api/1.2/javax.annotation-api-1.2.jar:/home/user/.m2/repository/org/apache/ratis/ratis-server/0.4.0-2337318-SNAPSHOT/ratis-server-0.4.0-2337318-SNAPSHOT.jar:/home/user/.m2/repository/org/apache/ratis/ratis-thirdparty-misc/0.2.0/ratis-thirdparty-misc-0.2.0.jar:/home/user/.m2/repository/org/apache/ratis/ratis-proto/0.4.0-2337318-SNAPSHOT/ratis-proto-0.4.0-2337318-SNAPSHOT.jar:/home/user/.m2/repository/org/apache/ratis/ratis-common/0.4.0-2337318-SNAPSHOT/ratis-common-0.4.0-2337318-SNAPSHOT.jar:/home/user/.m2/repository/org/apache/ratis/ratis-client/0.4.0-2337318-SNAPSHOT/ratis-client-0.4.0-2337318-SNAPSHOT.jar:/home/user/.m2/repository/org/apache/ratis/ratis-metrics/0.4.0-2337318-SNAPSHOT/ratis-metrics-0.4.0-2337318-SNAPSHOT.jar:/home/user/.m2/repository/org/apache/ratis/ratis-netty/0.4.0-2337318-SNAPSHOT/ratis-netty-0.4.0-2337318-SNAPSHOT.jar:/home/user/.m2/repository/org/apache/ratis/ratis-grpc/0.4.0-2337318-SNAPSHOT/ratis-grpc-0.4.0-2337318-SNAPSHOT.jar:/home/user/.m2/repository/org/rocksdb/rocksdbjni/6.0.1/rocksdbjni-6.0.1.jar:/home/user/.m2/repository/org/apache/logging/log4j/log4j-api/2.11.0/log4j-api-2.11.0.jar:/home/user/.m2/repository/org/apache/logging/log4j/log4j-core/2.11.0/log4j-core-2.11.0.jar:/home/user/.m2/repository/com/lmax/disruptor/3.4.2/disruptor-3.4.2.jar:/home/user/.m2/repository/org/apache/commons/commons-pool2/2.6.0/commons-pool2-2.6.0.jar:/home/user/.m2/repository/org/bouncycastle/bcpkix-jdk15on/1.60/bcpkix-jdk15on-1.60.jar:/home/user/.m2/repository/commons-validator/commons-validator/1.6/commons-validator-1.6.jar:/home/user/.m2/repository/commons-digester/commons-digester/1.8.1/commons-digester-1.8.1.jar:/home/user/.m2/repository/io/jaegertracing/jaeger-client/0.33.1/jaeger-client-0.33.1.jar:/home/user/.m2/repository/io/jaegertracing/jaeger-thrift/0.33.1/jaeger-thrift-0.33.1.jar:/home/user/.m2/repository/org/apache/thrift/libthrift/0.11.0/libthrift-0.11.0.jar:/home/user/.m2/repository/com/squareup/okhttp3/okhttp/3.9.0/okhttp-3.9.0.jar:/home/user/.m2/repository/com/squareup/okio/okio/1.13.0/okio-1.13.0.jar:/home/user/.m2/repository/io/jaegertracing/jaeger-core/0.33.1/jaeger-core-0.33.1.jar:/home/user/.m2/repository/io/jaegertracing/jaeger-tracerresolver/0.33.1/jaeger-tracerresolver-0.33.1.jar:/home/user/.m2/repository/io/opentracing/contrib/opentracing-tracerresolver/0.1.5/opentracing-tracerresolver-0.1.5.jar:/home/user/.m2/repository/io/opentracing/opentracing-util/0.31.0/opentracing-util-0.31.0.jar:/home/user/.m2/repository/io/opentracing/opentracing-api/0.31.0/opentracing-api-0.31.0.jar:/home/user/.m2/repository/io/opentracing/opentracing-noop/0.31.0/opentracing-noop-0.31.0.jar:/home/user/.m2/repository/org/yaml/snakeyaml/1.16/snakeyaml-1.16.jar:/tmp/workdir/hadoop-hdds/container-service/target/classes:/tmp/workdir/hadoop-hdds/client/target/classes:/tmp/workdir/hadoop-hdds/tools/target/classes:/home/user/.m2/repository/org/xerial/sqlite-jdbc/3.25.2/sqlite-jdbc-3.25.2.jar:/tmp/workdir/hadoop-hdds/server-scm/target/classes:/home/user/.m2/repository/org/hamcrest/hamcrest-all/1.3/hamcrest-all-1.3.jar:/home/user/.m2/repository/info/picocli/picocli/3.9.6/picocli-3.9.6.jar:/home/user/.m2/repository/com/google/protobuf/protobuf-java/2.5.0/protobuf-java-2.5.0.jar:/home/user/.m2/repository/com/google/guava/guava/11.0.2/guava-11.0.2.jar:/tmp/workdir/hadoop-ozone/client/target/classes:/home/user/.m2/repository/org/apache/hadoop/hadoop-ozone-filesystem/0.5.0-SNAPSHOT/hadoop-ozone-filesystem-0.5.0-SNAPSHOT.jar:/tmp/workdir/hadoop-hdds/framework/target/classes:/home/user/.m2/repository/org/apache/hadoop/hadoop-common/3.2.0/hadoop-common-3.2.0.jar:/home/user/.m2/repository/org/apache/hadoop/hadoop-annotations/3.2.0/hadoop-annotations-3.2.0.jar:/usr/lib/jvm/java-1.8-openjdk/jre/../lib/tools.jar:/home/user/.m2/repository/commons-cli/commons-cli/1.2/commons-cli-1.2.jar:/home/user/.m2/repository/org/apache/commons/commons-math3/3.1.1/commons-math3-3.1.1.jar:/home/user/.m2/repository/org/apache/httpcomponents/httpclient/4.5.2/httpclient-4.5.2.jar:/home/user/.m2/repository/org/apache/httpcomponents/httpcore/4.4.4/httpcore-4.4.4.jar:/home/user/.m2/repository/commons-codec/commons-codec/1.11/commons-codec-1.11.jar:/home/user/.m2/repository/commons-io/commons-io/2.5/commons-io-2.5.jar:/home/user/.m2/repository/commons-net/commons-net/3.6/commons-net-3.6.jar:/home/user/.m2/repository/commons-collections/commons-collections/3.2.2/commons-collections-3.2.2.jar:/home/user/.m2/repository/javax/servlet/javax.servlet-api/3.1.0/javax.servlet-api-3.1.0.jar:/home/user/.m2/repository/org/eclipse/jetty/jetty-server/9.3.24.v20180605/jetty-server-9.3.24.v20180605.jar:/home/user/.m2/repository/org/eclipse/jetty/jetty-http/9.3.24.v20180605/jetty-http-9.3.24.v20180605.jar:/home/user/.m2/repository/org/eclipse/jetty/jetty-io/9.3.24.v20180605/jetty-io-9.3.24.v20180605.jar:/home/user/.m2/repository/org/eclipse/jetty/jetty-util/9.3.24.v20180605/jetty-util-9.3.24.v20180605.jar:/home/user/.m2/repository/org/eclipse/jetty/jetty-servlet/9.3.24.v20180605/jetty-servlet-9.3.24.v20180605.jar:/home/user/.m2/repository/org/eclipse/jetty/jetty-security/9.3.24.v20180605/jetty-security-9.3.24.v20180605.jar:/home/user/.m2/repository/org/eclipse/jetty/jetty-webapp/9.3.24.v20180605/jetty-webapp-9.3.24.v20180605.jar:/home/user/.m2/repository/org/eclipse/jetty/jetty-xml/9.3.24.v20180605/jetty-xml-9.3.24.v20180605.jar:/home/user/.m2/repository/javax/servlet/jsp/jsp-api/2.1/jsp-api-2.1.jar:/home/user/.m2/repository/com/sun/jersey/jersey-core/1.19/jersey-core-1.19.jar:/home/user/.m2/repository/javax/ws/rs/jsr311-api/1.1.1/jsr311-api-1.1.1.jar:/home/user/.m2/repository/com/sun/jersey/jersey-servlet/1.19/jersey-servlet-1.19.jar:/home/user/.m2/repository/com/sun/jersey/jersey-json/1.19/jersey-json-1.19.jar:/home/user/.m2/repository/org/codehaus/jettison/jettison/1.1/jettison-1.1.jar:/home/user/.m2/repository/com/sun/xml/bind/jaxb-impl/2.3.0.1/jaxb-impl-2.3.0.1.jar:/home/user/.m2/repository/org/codehaus/jackson/jackson-core-asl/1.9.13/jackson-core-asl-1.9.13.jar:/home/user/.m2/repository/org/codehaus/jackson/jackson-mapper-asl/1.9.13/jackson-mapper-asl-1.9.13.jar:/home/user/.m2/repository/org/codehaus/jackson/jackson-jaxrs/1.9.13/jackson-jaxrs-1.9.13.jar:/home/user/.m2/repository/org/codehaus/jackson/jackson-xc/1.9.13/jackson-xc-1.9.13.jar:/home/user/.m2/repository/com/sun/jersey/jersey-server/1.19/jersey-server-1.19.jar:/home/user/.m2/repository/commons-logging/commons-logging/1.1.3/commons-logging-1.1.3.jar:/home/user/.m2/repository/log4j/log4j/1.2.17/log4j-1.2.17.jar:/home/user/.m2/repository/commons-beanutils/commons-beanutils/1.9.3/commons-beanutils-1.9.3.jar:/home/user/.m2/repository/org/apache/commons/commons-configuration2/2.1.1/commons-configuration2-2.1.1.jar:/home/user/.m2/repository/org/apache/commons/commons-lang3/3.7/commons-lang3-3.7.jar:/home/user/.m2/repository/org/apache/commons/commons-text/1.4/commons-text-1.4.jar:/home/user/.m2/repository/org/slf4j/slf4j-api/1.7.25/slf4j-api-1.7.25.jar:/home/user/.m2/repository/org/slf4j/slf4j-log4j12/1.7.25/slf4j-log4j12-1.7.25.jar:/home/user/.m2/repository/org/apache/avro/avro/1.7.7/avro-1.7.7.jar:/home/user/.m2/repository/com/thoughtworks/paranamer/paranamer/2.3/paranamer-2.3.jar:/home/user/.m2/repository/org/xerial/snappy/snappy-java/1.0.5/snappy-java-1.0.5.jar:/home/user/.m2/repository/com/google/re2j/re2j/1.1/re2j-1.1.jar:/home/user/.m2/repository/com/google/code/gson/gson/2.2.4/gson-2.2.4.jar:/home/user/.m2/repository/org/apache/hadoop/hadoop-auth/3.2.0/hadoop-auth-3.2.0.jar:/home/user/.m2/repository/com/nimbusds/nimbus-jose-jwt/4.41.1/nimbus-jose-jwt-4.41.1.jar:/home/user/.m2/repository/com/github/stephenc/jcip/jcip-annotations/1.0-1/jcip-annotations-1.0-1.jar:/home/user/.m2/repository/net/minidev/json-smart/2.3/json-smart-2.3.jar:/home/user/.m2/repository/net/minidev/accessors-smart/1.2/accessors-smart-1.2.jar:/home/user/.m2/repository/org/apache/curator/curator-framework/2.12.0/curator-framework-2.12.0.jar:/home/user/.m2/repository/com/jcraft/jsch/0.1.54/jsch-0.1.54.jar:/home/user/.m2/repository/org/apache/curator/curator-client/2.12.0/curator-client-2.12.0.jar:/home/user/.m2/repository/org/apache/curator/curator-recipes/2.12.0/curator-recipes-2.12.0.jar:/home/user/.m2/repository/com/google/code/findbugs/jsr305/3.0.0/jsr305-3.0.0.jar:/home/user/.m2/repository/org/apache/htrace/htrace-core4/4.1.0-incubating/htrace-core4-4.1.0-incubating.jar:/home/user/.m2/repository/org/apache/zookeeper/zookeeper/3.4.13/zookeeper-3.4.13.jar:/home/user/.m2/repository/org/apache/yetus/audience-annotations/0.5.0/audience-annotations-0.5.0.jar:/home/user/.m2/repository/org/apache/kerby/kerb-simplekdc/1.0.1/kerb-simplekdc-1.0.1.jar:/home/user/.m2/repository/org/apache/kerby/kerb-client/1.0.1/kerb-client-1.0.1.jar:/home/user/.m2/repository/org/apache/kerby/kerby-config/1.0.1/kerby-config-1.0.1.jar:/home/user/.m2/repository/org/apache/kerby/kerb-core/1.0.1/kerb-core-1.0.1.jar:/home/user/.m2/repository/org/apache/kerby/kerby-pkix/1.0.1/kerby-pkix-1.0.1.jar:/home/user/.m2/repository/org/apache/kerby/kerby-asn1/1.0.1/kerby-asn1-1.0.1.jar:/home/user/.m2/repository/org/apache/kerby/kerby-util/1.0.1/kerby-util-1.0.1.jar:/home/user/.m2/repository/org/apache/kerby/kerb-common/1.0.1/kerb-common-1.0.1.jar:/home/user/.m2/repository/org/apache/kerby/kerb-crypto/1.0.1/kerb-crypto-1.0.1.jar:/home/user/.m2/repository/org/apache/kerby/kerb-util/1.0.1/kerb-util-1.0.1.jar:/home/user/.m2/repository/org/apache/kerby/token-provider/1.0.1/token-provider-1.0.1.jar:/home/user/.m2/repository/org/apache/kerby/kerb-admin/1.0.1/kerb-admin-1.0.1.jar:/home/user/.m2/repository/org/apache/kerby/kerb-server/1.0.1/kerb-server-1.0.1.jar:/home/user/.m2/repository/org/apache/kerby/kerb-identity/1.0.1/kerb-identity-1.0.1.jar:/home/user/.m2/repository/org/apache/kerby/kerby-xdr/1.0.1/kerby-xdr-1.0.1.jar:/home/user/.m2/repository/com/fasterxml/jackson/core/jackson-databind/2.9.5/jackson-databind-2.9.5.jar:/home/user/.m2/repository/com/fasterxml/jackson/core/jackson-core/2.9.5/jackson-core-2.9.5.jar:/home/user/.m2/repository/org/codehaus/woodstox/stax2-api/3.1.4/stax2-api-3.1.4.jar:/home/user/.m2/repository/com/fasterxml/woodstox/woodstox-core/5.0.3/woodstox-core-5.0.3.jar:/home/user/.m2/repository/dnsjava/dnsjava/2.1.7/dnsjava-2.1.7.jar:/home/user/.m2/repository/org/apache/hadoop/hadoop-hdfs/3.2.0/hadoop-hdfs-3.2.0.jar:/home/user/.m2/repository/org/eclipse/jetty/jetty-util-ajax/9.3.24.v20180605/jetty-util-ajax-9.3.24.v20180605.jar:/home/user/.m2/repository/commons-daemon/commons-daemon/1.0.13/commons-daemon-1.0.13.jar:/home/user/.m2/repository/io/netty/netty/3.10.5.Final/netty-3.10.5.Final.jar:/home/user/.m2/repository/io/netty/netty-all/4.0.52.Final/netty-all-4.0.52.Final.jar:/home/user/.m2/repository/org/fusesource/leveldbjni/leveldbjni-all/1.8/leveldbjni-all-1.8.jar:/home/user/.m2/repository/com/sun/xml/bind/jaxb-core/2.3.0.1/jaxb-core-2.3.0.1.jar:/home/user/.m2/repository/javax/xml/bind/jaxb-api/2.3.0/jaxb-api-2.3.0.jar:/home/user/.m2/repository/javax/activation/activation/1.1.1/activation-1.1.1.jar:/home/user/.m2/repository/io/dropwizard/metrics/metrics-core/3.2.4/metrics-core-3.2.4.jar:/home/user/.m2/repository/org/openjdk/jmh/jmh-core/1.19/jmh-core-1.19.jar:/home/user/.m2/repository/net/sf/jopt-simple/jopt-simple/4.6/jopt-simple-4.6.jar:/home/user/.m2/repository/org/openjdk/jmh/jmh-generator-annprocess/1.19/jmh-generator-annprocess-1.19.jar:/home/user/.m2/repository/com/google/code/findbugs/findbugs/3.0.1/findbugs-3.0.1.jar:/home/user/.m2/repository/net/jcip/jcip-annotations/1.0/jcip-annotations-1.0.jar:/home/user/.m2/repository/com/google/code/findbugs/bcel-findbugs/6.0/bcel-findbugs-6.0.jar:/home/user/.m2/repository/com/google/code/findbugs/jFormatString/2.0.1/jFormatString-2.0.1.jar:/home/user/.m2/repository/dom4j/dom4j/1.6.1/dom4j-1.6.1.jar:/home/user/.m2/repository/xml-apis/xml-apis/1.0.b2/xml-apis-1.0.b2.jar:/home/user/.m2/repository/org/ow2/asm/asm-debug-all/5.0.2/asm-debug-all-5.0.2.jar:/home/user/.m2/repository/org/ow2/asm/asm-commons/5.0.2/asm-commons-5.0.2.jar:/home/user/.m2/repository/org/ow2/asm/asm-tree/5.0.2/asm-tree-5.0.2.jar:/home/user/.m2/repository/org/ow2/asm/asm/5.0.4/asm-5.0.4.jar:/home/user/.m2/repository/commons-lang/commons-lang/2.6/commons-lang-2.6.jar:/home/user/.m2/repository/com/apple/AppleJavaExtensions/1.4/AppleJavaExtensions-1.4.jar:/home/user/.m2/repository/jaxen/jaxen/1.1.6/jaxen-1.1.6.jar:/home/user/.m2/repository/junit/junit/4.11/junit-4.11.jar:/home/user/.m2/repository/org/hamcrest/hamcrest-core/1.3/hamcrest-core-1.3.jar:/home/user/.m2/repository/org/apache/hadoop/hadoop-common/3.2.0/hadoop-common-3.2.0-tests.jar:/home/user/.m2/repository/org/apache/hadoop/hadoop-ozone-integration-test/0.5.0-SNAPSHOT/hadoop-ozone-integration-test-0.5.0-SNAPSHOT-tests.jar:/tmp/workdir/hadoop-ozone/objectstore-service/target/classes:/tmp/workdir/hadoop-ozone/s3gateway/target/classes:/home/user/.m2/repository/org/jboss/weld/servlet/weld-servlet/2.4.7.Final/weld-servlet-2.4.7.Final.jar:/home/user/.m2/repository/org/glassfish/jersey/containers/jersey-container-servlet-core/2.27/jersey-container-servlet-core-2.27.jar:/home/user/.m2/repository/org/glassfish/hk2/external/javax.inject/2.5.0-b42/javax.inject-2.5.0-b42.jar:/home/user/.m2/repository/org/glassfish/jersey/core/jersey-common/2.27/jersey-common-2.27.jar:/home/user/.m2/repository/org/glassfish/hk2/osgi-resource-locator/1.0.1/osgi-resource-locator-1.0.1.jar:/home/user/.m2/repository/javax/ws/rs/javax.ws.rs-api/2.1/javax.ws.rs-api-2.1.jar:/home/user/.m2/repository/org/glassfish/jersey/ext/cdi/jersey-cdi1x/2.27/jersey-cdi1x-2.27.jar:/home/user/.m2/repository/org/glassfish/jersey/inject/jersey-hk2/2.27/jersey-hk2-2.27.jar:/home/user/.m2/repository/org/glassfish/hk2/hk2-locator/2.5.0-b42/hk2-locator-2.5.0-b42.jar:/home/user/.m2/repository/org/javassist/javassist/3.22.0-CR2/javassist-3.22.0-CR2.jar:/home/user/.m2/repository/org/glassfish/hk2/hk2-api/2.5.0/hk2-api-2.5.0.jar:/home/user/.m2/repository/org/glassfish/hk2/external/jakarta.inject/2.5.0/jakarta.inject-2.5.0.jar:/home/user/.m2/repository/org/glassfish/hk2/hk2-utils/2.5.0/hk2-utils-2.5.0.jar:/home/user/.m2/repository/jakarta/annotation/jakarta.annotation-api/1.3.4/jakarta.annotation-api-1.3.4.jar:/home/user/.m2/repository/org/glassfish/hk2/external/aopalliance-repackaged/2.5.0/aopalliance-repackaged-2.5.0.jar:/home/user/.m2/repository/com/fasterxml/jackson/dataformat/jackson-dataformat-xml/2.9.0/jackson-dataformat-xml-2.9.0.jar:/home/user/.m2/repository/com/fasterxml/jackson/module/jackson-module-jaxb-annotations/2.9.5/jackson-module-jaxb-annotations-2.9.5.jar:/home/user/.m2/repository/javax/enterprise/cdi-api/1.2/cdi-api-1.2.jar:/home/user/.m2/repository/javax/el/javax.el-api/3.0.0/javax.el-api-3.0.0.jar:/home/user/.m2/repository/javax/interceptor/javax.interceptor-api/1.2/javax.interceptor-api-1.2.jar:/home/user/.m2/repository/javax/inject/javax.inject/1/javax.inject-1.jar:/tmp/workdir/hadoop-ozone/csi/target/classes:/home/user/.m2/repository/com/google/protobuf/protobuf-java-util/3.5.1/protobuf-java-util-3.5.1.jar:/home/user/.m2/repository/io/grpc/grpc-netty/1.17.1/grpc-netty-1.17.1.jar:/home/user/.m2/repository/io/grpc/grpc-core/1.17.1/grpc-core-1.17.1.jar:/home/user/.m2/repository/io/grpc/grpc-context/1.17.1/grpc-context-1.17.1.jar:/home/user/.m2/repository/com/google/errorprone/error_prone_annotations/2.2.0/error_prone_annotations-2.2.0.jar:/home/user/.m2/repository/org/codehaus/mojo/animal-sniffer-annotations/1.17/animal-sniffer-annotations-1.17.jar:/home/user/.m2/repository/io/opencensus/opencensus-api/0.17.0/opencensus-api-0.17.0.jar:/home/user/.m2/repository/io/opencensus/opencensus-contrib-grpc-metrics/0.17.0/opencensus-contrib-grpc-metrics-0.17.0.jar:/home/user/.m2/repository/io/netty/netty-codec-http2/4.1.30.Final/netty-codec-http2-4.1.30.Final.jar:/home/user/.m2/repository/io/netty/netty-codec-http/4.1.30.Final/netty-codec-http-4.1.30.Final.jar:/home/user/.m2/repository/io/netty/netty-codec/4.1.30.Final/netty-codec-4.1.30.Final.jar:/home/user/.m2/repository/io/netty/netty-handler/4.1.30.Final/netty-handler-4.1.30.Final.jar:/home/user/.m2/repository/io/netty/netty-handler-proxy/4.1.30.Final/netty-handler-proxy-4.1.30.Final.jar:/home/user/.m2/repository/io/netty/netty-codec-socks/4.1.30.Final/netty-codec-socks-4.1.30.Final.jar:/home/user/.m2/repository/io/netty/netty-transport-native-epoll/4.1.30.Final/netty-transport-native-epoll-4.1.30.Final.jar:/home/user/.m2/repository/io/netty/netty-common/4.1.30.Final/netty-common-4.1.30.Final.jar:/home/user/.m2/repository/io/netty/netty-buffer/4.1.30.Final/netty-buffer-4.1.30.Final.jar:/home/user/.m2/repository/io/netty/netty-transport/4.1.30.Final/netty-transport-4.1.30.Final.jar:/home/user/.m2/repository/io/netty/netty-resolver/4.1.30.Final/netty-resolver-4.1.30.Final.jar:/home/user/.m2/repository/io/netty/netty-transport-native-unix-common/4.1.30.Final/netty-transport-native-unix-common-4.1.30.Final.jar:/home/user/.m2/repository/io/grpc/grpc-protobuf/1.17.1/grpc-protobuf-1.17.1.jar:/home/user/.m2/repository/com/google/api/grpc/proto-google-common-protos/1.0.0/proto-google-common-protos-1.0.0.jar:/home/user/.m2/repository/io/grpc/grpc-protobuf-lite/1.17.1/grpc-protobuf-lite-1.17.1.jar:/home/user/.m2/repository/io/grpc/grpc-stub/1.17.1/grpc-stub-1.17.1.jar:/tmp/workdir/hadoop-ozone/ozone-recon/target/classes:/tmp/workdir/hadoop-ozone/ozone-recon-codegen/target/classes:/home/user/.m2/repository/com/google/inject/extensions/guice-multibindings/4.0/guice-multibindings-4.0.jar:/home/user/.m2/repository/com/google/inject/guice/4.0/guice-4.0.jar:/home/user/.m2/repository/aopalliance/aopalliance/1.0/aopalliance-1.0.jar:/home/user/.m2/repository/com/google/inject/extensions/guice-servlet/4.0/guice-servlet-4.0.jar:/home/user/.m2/repository/org/glassfish/jersey/containers/jersey-container-servlet/2.27/jersey-container-servlet-2.27.jar:/home/user/.m2/repository/org/glassfish/hk2/guice-bridge/2.5.0/guice-bridge-2.5.0.jar:/home/user/.m2/repository/org/glassfish/jersey/core/jersey-server/2.27/jersey-server-2.27.jar:/home/user/.m2/repository/org/glassfish/jersey/core/jersey-client/2.27/jersey-client-2.27.jar:/home/user/.m2/repository/org/glassfish/jersey/media/jersey-media-jaxb/2.27/jersey-media-jaxb-2.27.jar:/home/user/.m2/repository/javax/validation/validation-api/1.1.0.Final/validation-api-1.1.0.Final.jar:/home/user/.m2/repository/org/glassfish/jersey/media/jersey-media-json-jackson/2.27/jersey-media-json-jackson-2.27.jar:/home/user/.m2/repository/org/glassfish/jersey/ext/jersey-entity-filtering/2.27/jersey-entity-filtering-2.27.jar:/home/user/.m2/repository/com/google/inject/extensions/guice-assistedinject/4.0/guice-assistedinject-4.0.jar:/home/user/.m2/repository/org/jooq/jooq/3.11.10/jooq-3.11.10.jar:/home/user/.m2/repository/org/jooq/jooq-meta/3.11.10/jooq-meta-3.11.10.jar:/home/user/.m2/repository/org/jooq/jooq-codegen/3.11.10/jooq-codegen-3.11.10.jar:/home/user/.m2/repository/com/jolbox/bonecp/0.8.0.RELEASE/bonecp-0.8.0.RELEASE.jar:/home/user/.m2/repository/org/springframework/spring-jdbc/5.1.3.RELEASE/spring-jdbc-5.1.3.RELEASE.jar:/home/user/.m2/repository/org/springframework/spring-beans/5.1.3.RELEASE/spring-beans-5.1.3.RELEASE.jar:/home/user/.m2/repository/org/springframework/spring-core/5.1.3.RELEASE/spring-core-5.1.3.RELEASE.jar:/home/user/.m2/repository/org/springframework/spring-jcl/5.1.3.RELEASE/spring-jcl-5.1.3.RELEASE.jar:/home/user/.m2/repository/org/springframework/spring-tx/5.1.3.RELEASE/spring-tx-5.1.3.RELEASE.jar:/home/user/.m2/repository/org/mockito/mockito-core/2.15.0/mockito-core-2.15.0.jar:/home/user/.m2/repository/net/bytebuddy/byte-buddy/1.7.9/byte-buddy-1.7.9.jar:/home/user/.m2/repository/net/bytebuddy/byte-buddy-agent/1.7.9/byte-buddy-agent-1.7.9.jar:/home/user/.m2/repository/org/objenesis/objenesis/1.0/objenesis-1.0.jar:"/>
    <property name="java.vm.vendor" value="IcedTea"/>
    <property name="sun.arch.data.model" value="64"/>
    <property name="test.build.dir" value="/tmp/workdir/hadoop-ozone/tools/target/test-dir"/>
    <property name="test.cache.data" value=""/>
    <property name="java.vendor.url" value="https://icedtea.classpath.org"/>
    <property name="user.timezone" value=""/>
    <property name="java.vm.specification.version" value="1.8"/>
    <property name="os.name" value="Linux"/>
    <property name="test.build.data" value="/tmp/workdir/hadoop-ozone/tools/target/test-dir"/>
    <property name="user.country" value="US"/>
    <property name="sun.java.launcher" value="SUN_STANDARD"/>
    <property name="sun.boot.library.path" value="/usr/lib/jvm/java-1.8-openjdk/jre/lib/amd64"/>
    <property name="sun.java.command" value="/tmp/workdir/hadoop-ozone/tools/target/surefire/surefirebooter3429582487029391335.jar /tmp/workdir/hadoop-ozone/tools/target/surefire 2019-07-08T10-40-12_900-jvmRun1 surefire6634911996451213518tmp surefire_1047898572289370626626tmp"/>
    <property name="surefire.test.class.path" value="/tmp/workdir/hadoop-ozone/tools/target/test-classes:/tmp/workdir/hadoop-ozone/tools/target/classes:/tmp/workdir/hadoop-ozone/ozone-manager/target/classes:/tmp/workdir/hadoop-hdds/docs/target/classes:/home/user/.m2/repository/org/bouncycastle/bcprov-jdk15on/1.60/bcprov-jdk15on-1.60.jar:/tmp/workdir/hadoop-ozone/common/target/classes:/home/user/.m2/repository/org/apache/commons/commons-compress/1.4.1/commons-compress-1.4.1.jar:/home/user/.m2/repository/org/tukaani/xz/1.0/xz-1.0.jar:/home/user/.m2/repository/org/apache/hadoop/hadoop-hdfs-client/3.2.0/hadoop-hdfs-client-3.2.0.jar:/home/user/.m2/repository/com/fasterxml/jackson/core/jackson-annotations/2.9.5/jackson-annotations-2.9.5.jar:/tmp/workdir/hadoop-hdds/common/target/classes:/tmp/workdir/hadoop-hdds/config/target/classes:/home/user/.m2/repository/javax/annotation/javax.annotation-api/1.2/javax.annotation-api-1.2.jar:/home/user/.m2/repository/org/apache/ratis/ratis-server/0.4.0-2337318-SNAPSHOT/ratis-server-0.4.0-2337318-SNAPSHOT.jar:/home/user/.m2/repository/org/apache/ratis/ratis-thirdparty-misc/0.2.0/ratis-thirdparty-misc-0.2.0.jar:/home/user/.m2/repository/org/apache/ratis/ratis-proto/0.4.0-2337318-SNAPSHOT/ratis-proto-0.4.0-2337318-SNAPSHOT.jar:/home/user/.m2/repository/org/apache/ratis/ratis-common/0.4.0-2337318-SNAPSHOT/ratis-common-0.4.0-2337318-SNAPSHOT.jar:/home/user/.m2/repository/org/apache/ratis/ratis-client/0.4.0-2337318-SNAPSHOT/ratis-client-0.4.0-2337318-SNAPSHOT.jar:/home/user/.m2/repository/org/apache/ratis/ratis-metrics/0.4.0-2337318-SNAPSHOT/ratis-metrics-0.4.0-2337318-SNAPSHOT.jar:/home/user/.m2/repository/org/apache/ratis/ratis-netty/0.4.0-2337318-SNAPSHOT/ratis-netty-0.4.0-2337318-SNAPSHOT.jar:/home/user/.m2/repository/org/apache/ratis/ratis-grpc/0.4.0-2337318-SNAPSHOT/ratis-grpc-0.4.0-2337318-SNAPSHOT.jar:/home/user/.m2/repository/org/rocksdb/rocksdbjni/6.0.1/rocksdbjni-6.0.1.jar:/home/user/.m2/repository/org/apache/logging/log4j/log4j-api/2.11.0/log4j-api-2.11.0.jar:/home/user/.m2/repository/org/apache/logging/log4j/log4j-core/2.11.0/log4j-core-2.11.0.jar:/home/user/.m2/repository/com/lmax/disruptor/3.4.2/disruptor-3.4.2.jar:/home/user/.m2/repository/org/apache/commons/commons-pool2/2.6.0/commons-pool2-2.6.0.jar:/home/user/.m2/repository/org/bouncycastle/bcpkix-jdk15on/1.60/bcpkix-jdk15on-1.60.jar:/home/user/.m2/repository/commons-validator/commons-validator/1.6/commons-validator-1.6.jar:/home/user/.m2/repository/commons-digester/commons-digester/1.8.1/commons-digester-1.8.1.jar:/home/user/.m2/repository/io/jaegertracing/jaeger-client/0.33.1/jaeger-client-0.33.1.jar:/home/user/.m2/repository/io/jaegertracing/jaeger-thrift/0.33.1/jaeger-thrift-0.33.1.jar:/home/user/.m2/repository/org/apache/thrift/libthrift/0.11.0/libthrift-0.11.0.jar:/home/user/.m2/repository/com/squareup/okhttp3/okhttp/3.9.0/okhttp-3.9.0.jar:/home/user/.m2/repository/com/squareup/okio/okio/1.13.0/okio-1.13.0.jar:/home/user/.m2/repository/io/jaegertracing/jaeger-core/0.33.1/jaeger-core-0.33.1.jar:/home/user/.m2/repository/io/jaegertracing/jaeger-tracerresolver/0.33.1/jaeger-tracerresolver-0.33.1.jar:/home/user/.m2/repository/io/opentracing/contrib/opentracing-tracerresolver/0.1.5/opentracing-tracerresolver-0.1.5.jar:/home/user/.m2/repository/io/opentracing/opentracing-util/0.31.0/opentracing-util-0.31.0.jar:/home/user/.m2/repository/io/opentracing/opentracing-api/0.31.0/opentracing-api-0.31.0.jar:/home/user/.m2/repository/io/opentracing/opentracing-noop/0.31.0/opentracing-noop-0.31.0.jar:/home/user/.m2/repository/org/yaml/snakeyaml/1.16/snakeyaml-1.16.jar:/tmp/workdir/hadoop-hdds/container-service/target/classes:/tmp/workdir/hadoop-hdds/client/target/classes:/tmp/workdir/hadoop-hdds/tools/target/classes:/home/user/.m2/repository/org/xerial/sqlite-jdbc/3.25.2/sqlite-jdbc-3.25.2.jar:/tmp/workdir/hadoop-hdds/server-scm/target/classes:/home/user/.m2/repository/org/hamcrest/hamcrest-all/1.3/hamcrest-all-1.3.jar:/home/user/.m2/repository/info/picocli/picocli/3.9.6/picocli-3.9.6.jar:/home/user/.m2/repository/com/google/protobuf/protobuf-java/2.5.0/protobuf-java-2.5.0.jar:/home/user/.m2/repository/com/google/guava/guava/11.0.2/guava-11.0.2.jar:/tmp/workdir/hadoop-ozone/client/target/classes:/home/user/.m2/repository/org/apache/hadoop/hadoop-ozone-filesystem/0.5.0-SNAPSHOT/hadoop-ozone-filesystem-0.5.0-SNAPSHOT.jar:/tmp/workdir/hadoop-hdds/framework/target/classes:/home/user/.m2/repository/org/apache/hadoop/hadoop-common/3.2.0/hadoop-common-3.2.0.jar:/home/user/.m2/repository/org/apache/hadoop/hadoop-annotations/3.2.0/hadoop-annotations-3.2.0.jar:/usr/lib/jvm/java-1.8-openjdk/jre/../lib/tools.jar:/home/user/.m2/repository/commons-cli/commons-cli/1.2/commons-cli-1.2.jar:/home/user/.m2/repository/org/apache/commons/commons-math3/3.1.1/commons-math3-3.1.1.jar:/home/user/.m2/repository/org/apache/httpcomponents/httpclient/4.5.2/httpclient-4.5.2.jar:/home/user/.m2/repository/org/apache/httpcomponents/httpcore/4.4.4/httpcore-4.4.4.jar:/home/user/.m2/repository/commons-codec/commons-codec/1.11/commons-codec-1.11.jar:/home/user/.m2/repository/commons-io/commons-io/2.5/commons-io-2.5.jar:/home/user/.m2/repository/commons-net/commons-net/3.6/commons-net-3.6.jar:/home/user/.m2/repository/commons-collections/commons-collections/3.2.2/commons-collections-3.2.2.jar:/home/user/.m2/repository/javax/servlet/javax.servlet-api/3.1.0/javax.servlet-api-3.1.0.jar:/home/user/.m2/repository/org/eclipse/jetty/jetty-server/9.3.24.v20180605/jetty-server-9.3.24.v20180605.jar:/home/user/.m2/repository/org/eclipse/jetty/jetty-http/9.3.24.v20180605/jetty-http-9.3.24.v20180605.jar:/home/user/.m2/repository/org/eclipse/jetty/jetty-io/9.3.24.v20180605/jetty-io-9.3.24.v20180605.jar:/home/user/.m2/repository/org/eclipse/jetty/jetty-util/9.3.24.v20180605/jetty-util-9.3.24.v20180605.jar:/home/user/.m2/repository/org/eclipse/jetty/jetty-servlet/9.3.24.v20180605/jetty-servlet-9.3.24.v20180605.jar:/home/user/.m2/repository/org/eclipse/jetty/jetty-security/9.3.24.v20180605/jetty-security-9.3.24.v20180605.jar:/home/user/.m2/repository/org/eclipse/jetty/jetty-webapp/9.3.24.v20180605/jetty-webapp-9.3.24.v20180605.jar:/home/user/.m2/repository/org/eclipse/jetty/jetty-xml/9.3.24.v20180605/jetty-xml-9.3.24.v20180605.jar:/home/user/.m2/repository/javax/servlet/jsp/jsp-api/2.1/jsp-api-2.1.jar:/home/user/.m2/repository/com/sun/jersey/jersey-core/1.19/jersey-core-1.19.jar:/home/user/.m2/repository/javax/ws/rs/jsr311-api/1.1.1/jsr311-api-1.1.1.jar:/home/user/.m2/repository/com/sun/jersey/jersey-servlet/1.19/jersey-servlet-1.19.jar:/home/user/.m2/repository/com/sun/jersey/jersey-json/1.19/jersey-json-1.19.jar:/home/user/.m2/repository/org/codehaus/jettison/jettison/1.1/jettison-1.1.jar:/home/user/.m2/repository/com/sun/xml/bind/jaxb-impl/2.3.0.1/jaxb-impl-2.3.0.1.jar:/home/user/.m2/repository/org/codehaus/jackson/jackson-core-asl/1.9.13/jackson-core-asl-1.9.13.jar:/home/user/.m2/repository/org/codehaus/jackson/jackson-mapper-asl/1.9.13/jackson-mapper-asl-1.9.13.jar:/home/user/.m2/repository/org/codehaus/jackson/jackson-jaxrs/1.9.13/jackson-jaxrs-1.9.13.jar:/home/user/.m2/repository/org/codehaus/jackson/jackson-xc/1.9.13/jackson-xc-1.9.13.jar:/home/user/.m2/repository/com/sun/jersey/jersey-server/1.19/jersey-server-1.19.jar:/home/user/.m2/repository/commons-logging/commons-logging/1.1.3/commons-logging-1.1.3.jar:/home/user/.m2/repository/log4j/log4j/1.2.17/log4j-1.2.17.jar:/home/user/.m2/repository/commons-beanutils/commons-beanutils/1.9.3/commons-beanutils-1.9.3.jar:/home/user/.m2/repository/org/apache/commons/commons-configuration2/2.1.1/commons-configuration2-2.1.1.jar:/home/user/.m2/repository/org/apache/commons/commons-lang3/3.7/commons-lang3-3.7.jar:/home/user/.m2/repository/org/apache/commons/commons-text/1.4/commons-text-1.4.jar:/home/user/.m2/repository/org/slf4j/slf4j-api/1.7.25/slf4j-api-1.7.25.jar:/home/user/.m2/repository/org/slf4j/slf4j-log4j12/1.7.25/slf4j-log4j12-1.7.25.jar:/home/user/.m2/repository/org/apache/avro/avro/1.7.7/avro-1.7.7.jar:/home/user/.m2/repository/com/thoughtworks/paranamer/paranamer/2.3/paranamer-2.3.jar:/home/user/.m2/repository/org/xerial/snappy/snappy-java/1.0.5/snappy-java-1.0.5.jar:/home/user/.m2/repository/com/google/re2j/re2j/1.1/re2j-1.1.jar:/home/user/.m2/repository/com/google/code/gson/gson/2.2.4/gson-2.2.4.jar:/home/user/.m2/repository/org/apache/hadoop/hadoop-auth/3.2.0/hadoop-auth-3.2.0.jar:/home/user/.m2/repository/com/nimbusds/nimbus-jose-jwt/4.41.1/nimbus-jose-jwt-4.41.1.jar:/home/user/.m2/repository/com/github/stephenc/jcip/jcip-annotations/1.0-1/jcip-annotations-1.0-1.jar:/home/user/.m2/repository/net/minidev/json-smart/2.3/json-smart-2.3.jar:/home/user/.m2/repository/net/minidev/accessors-smart/1.2/accessors-smart-1.2.jar:/home/user/.m2/repository/org/apache/curator/curator-framework/2.12.0/curator-framework-2.12.0.jar:/home/user/.m2/repository/com/jcraft/jsch/0.1.54/jsch-0.1.54.jar:/home/user/.m2/repository/org/apache/curator/curator-client/2.12.0/curator-client-2.12.0.jar:/home/user/.m2/repository/org/apache/curator/curator-recipes/2.12.0/curator-recipes-2.12.0.jar:/home/user/.m2/repository/com/google/code/findbugs/jsr305/3.0.0/jsr305-3.0.0.jar:/home/user/.m2/repository/org/apache/htrace/htrace-core4/4.1.0-incubating/htrace-core4-4.1.0-incubating.jar:/home/user/.m2/repository/org/apache/zookeeper/zookeeper/3.4.13/zookeeper-3.4.13.jar:/home/user/.m2/repository/org/apache/yetus/audience-annotations/0.5.0/audience-annotations-0.5.0.jar:/home/user/.m2/repository/org/apache/kerby/kerb-simplekdc/1.0.1/kerb-simplekdc-1.0.1.jar:/home/user/.m2/repository/org/apache/kerby/kerb-client/1.0.1/kerb-client-1.0.1.jar:/home/user/.m2/repository/org/apache/kerby/kerby-config/1.0.1/kerby-config-1.0.1.jar:/home/user/.m2/repository/org/apache/kerby/kerb-core/1.0.1/kerb-core-1.0.1.jar:/home/user/.m2/repository/org/apache/kerby/kerby-pkix/1.0.1/kerby-pkix-1.0.1.jar:/home/user/.m2/repository/org/apache/kerby/kerby-asn1/1.0.1/kerby-asn1-1.0.1.jar:/home/user/.m2/repository/org/apache/kerby/kerby-util/1.0.1/kerby-util-1.0.1.jar:/home/user/.m2/repository/org/apache/kerby/kerb-common/1.0.1/kerb-common-1.0.1.jar:/home/user/.m2/repository/org/apache/kerby/kerb-crypto/1.0.1/kerb-crypto-1.0.1.jar:/home/user/.m2/repository/org/apache/kerby/kerb-util/1.0.1/kerb-util-1.0.1.jar:/home/user/.m2/repository/org/apache/kerby/token-provider/1.0.1/token-provider-1.0.1.jar:/home/user/.m2/repository/org/apache/kerby/kerb-admin/1.0.1/kerb-admin-1.0.1.jar:/home/user/.m2/repository/org/apache/kerby/kerb-server/1.0.1/kerb-server-1.0.1.jar:/home/user/.m2/repository/org/apache/kerby/kerb-identity/1.0.1/kerb-identity-1.0.1.jar:/home/user/.m2/repository/org/apache/kerby/kerby-xdr/1.0.1/kerby-xdr-1.0.1.jar:/home/user/.m2/repository/com/fasterxml/jackson/core/jackson-databind/2.9.5/jackson-databind-2.9.5.jar:/home/user/.m2/repository/com/fasterxml/jackson/core/jackson-core/2.9.5/jackson-core-2.9.5.jar:/home/user/.m2/repository/org/codehaus/woodstox/stax2-api/3.1.4/stax2-api-3.1.4.jar:/home/user/.m2/repository/com/fasterxml/woodstox/woodstox-core/5.0.3/woodstox-core-5.0.3.jar:/home/user/.m2/repository/dnsjava/dnsjava/2.1.7/dnsjava-2.1.7.jar:/home/user/.m2/repository/org/apache/hadoop/hadoop-hdfs/3.2.0/hadoop-hdfs-3.2.0.jar:/home/user/.m2/repository/org/eclipse/jetty/jetty-util-ajax/9.3.24.v20180605/jetty-util-ajax-9.3.24.v20180605.jar:/home/user/.m2/repository/commons-daemon/commons-daemon/1.0.13/commons-daemon-1.0.13.jar:/home/user/.m2/repository/io/netty/netty/3.10.5.Final/netty-3.10.5.Final.jar:/home/user/.m2/repository/io/netty/netty-all/4.0.52.Final/netty-all-4.0.52.Final.jar:/home/user/.m2/repository/org/fusesource/leveldbjni/leveldbjni-all/1.8/leveldbjni-all-1.8.jar:/home/user/.m2/repository/com/sun/xml/bind/jaxb-core/2.3.0.1/jaxb-core-2.3.0.1.jar:/home/user/.m2/repository/javax/xml/bind/jaxb-api/2.3.0/jaxb-api-2.3.0.jar:/home/user/.m2/repository/javax/activation/activation/1.1.1/activation-1.1.1.jar:/home/user/.m2/repository/io/dropwizard/metrics/metrics-core/3.2.4/metrics-core-3.2.4.jar:/home/user/.m2/repository/org/openjdk/jmh/jmh-core/1.19/jmh-core-1.19.jar:/home/user/.m2/repository/net/sf/jopt-simple/jopt-simple/4.6/jopt-simple-4.6.jar:/home/user/.m2/repository/org/openjdk/jmh/jmh-generator-annprocess/1.19/jmh-generator-annprocess-1.19.jar:/home/user/.m2/repository/com/google/code/findbugs/findbugs/3.0.1/findbugs-3.0.1.jar:/home/user/.m2/repository/net/jcip/jcip-annotations/1.0/jcip-annotations-1.0.jar:/home/user/.m2/repository/com/google/code/findbugs/bcel-findbugs/6.0/bcel-findbugs-6.0.jar:/home/user/.m2/repository/com/google/code/findbugs/jFormatString/2.0.1/jFormatString-2.0.1.jar:/home/user/.m2/repository/dom4j/dom4j/1.6.1/dom4j-1.6.1.jar:/home/user/.m2/repository/xml-apis/xml-apis/1.0.b2/xml-apis-1.0.b2.jar:/home/user/.m2/repository/org/ow2/asm/asm-debug-all/5.0.2/asm-debug-all-5.0.2.jar:/home/user/.m2/repository/org/ow2/asm/asm-commons/5.0.2/asm-commons-5.0.2.jar:/home/user/.m2/repository/org/ow2/asm/asm-tree/5.0.2/asm-tree-5.0.2.jar:/home/user/.m2/repository/org/ow2/asm/asm/5.0.4/asm-5.0.4.jar:/home/user/.m2/repository/commons-lang/commons-lang/2.6/commons-lang-2.6.jar:/home/user/.m2/repository/com/apple/AppleJavaExtensions/1.4/AppleJavaExtensions-1.4.jar:/home/user/.m2/repository/jaxen/jaxen/1.1.6/jaxen-1.1.6.jar:/home/user/.m2/repository/junit/junit/4.11/junit-4.11.jar:/home/user/.m2/repository/org/hamcrest/hamcrest-core/1.3/hamcrest-core-1.3.jar:/home/user/.m2/repository/org/apache/hadoop/hadoop-common/3.2.0/hadoop-common-3.2.0-tests.jar:/home/user/.m2/repository/org/apache/hadoop/hadoop-ozone-integration-test/0.5.0-SNAPSHOT/hadoop-ozone-integration-test-0.5.0-SNAPSHOT-tests.jar:/tmp/workdir/hadoop-ozone/objectstore-service/target/classes:/tmp/workdir/hadoop-ozone/s3gateway/target/classes:/home/user/.m2/repository/org/jboss/weld/servlet/weld-servlet/2.4.7.Final/weld-servlet-2.4.7.Final.jar:/home/user/.m2/repository/org/glassfish/jersey/containers/jersey-container-servlet-core/2.27/jersey-container-servlet-core-2.27.jar:/home/user/.m2/repository/org/glassfish/hk2/external/javax.inject/2.5.0-b42/javax.inject-2.5.0-b42.jar:/home/user/.m2/repository/org/glassfish/jersey/core/jersey-common/2.27/jersey-common-2.27.jar:/home/user/.m2/repository/org/glassfish/hk2/osgi-resource-locator/1.0.1/osgi-resource-locator-1.0.1.jar:/home/user/.m2/repository/javax/ws/rs/javax.ws.rs-api/2.1/javax.ws.rs-api-2.1.jar:/home/user/.m2/repository/org/glassfish/jersey/ext/cdi/jersey-cdi1x/2.27/jersey-cdi1x-2.27.jar:/home/user/.m2/repository/org/glassfish/jersey/inject/jersey-hk2/2.27/jersey-hk2-2.27.jar:/home/user/.m2/repository/org/glassfish/hk2/hk2-locator/2.5.0-b42/hk2-locator-2.5.0-b42.jar:/home/user/.m2/repository/org/javassist/javassist/3.22.0-CR2/javassist-3.22.0-CR2.jar:/home/user/.m2/repository/org/glassfish/hk2/hk2-api/2.5.0/hk2-api-2.5.0.jar:/home/user/.m2/repository/org/glassfish/hk2/external/jakarta.inject/2.5.0/jakarta.inject-2.5.0.jar:/home/user/.m2/repository/org/glassfish/hk2/hk2-utils/2.5.0/hk2-utils-2.5.0.jar:/home/user/.m2/repository/jakarta/annotation/jakarta.annotation-api/1.3.4/jakarta.annotation-api-1.3.4.jar:/home/user/.m2/repository/org/glassfish/hk2/external/aopalliance-repackaged/2.5.0/aopalliance-repackaged-2.5.0.jar:/home/user/.m2/repository/com/fasterxml/jackson/dataformat/jackson-dataformat-xml/2.9.0/jackson-dataformat-xml-2.9.0.jar:/home/user/.m2/repository/com/fasterxml/jackson/module/jackson-module-jaxb-annotations/2.9.5/jackson-module-jaxb-annotations-2.9.5.jar:/home/user/.m2/repository/javax/enterprise/cdi-api/1.2/cdi-api-1.2.jar:/home/user/.m2/repository/javax/el/javax.el-api/3.0.0/javax.el-api-3.0.0.jar:/home/user/.m2/repository/javax/interceptor/javax.interceptor-api/1.2/javax.interceptor-api-1.2.jar:/home/user/.m2/repository/javax/inject/javax.inject/1/javax.inject-1.jar:/tmp/workdir/hadoop-ozone/csi/target/classes:/home/user/.m2/repository/com/google/protobuf/protobuf-java-util/3.5.1/protobuf-java-util-3.5.1.jar:/home/user/.m2/repository/io/grpc/grpc-netty/1.17.1/grpc-netty-1.17.1.jar:/home/user/.m2/repository/io/grpc/grpc-core/1.17.1/grpc-core-1.17.1.jar:/home/user/.m2/repository/io/grpc/grpc-context/1.17.1/grpc-context-1.17.1.jar:/home/user/.m2/repository/com/google/errorprone/error_prone_annotations/2.2.0/error_prone_annotations-2.2.0.jar:/home/user/.m2/repository/org/codehaus/mojo/animal-sniffer-annotations/1.17/animal-sniffer-annotations-1.17.jar:/home/user/.m2/repository/io/opencensus/opencensus-api/0.17.0/opencensus-api-0.17.0.jar:/home/user/.m2/repository/io/opencensus/opencensus-contrib-grpc-metrics/0.17.0/opencensus-contrib-grpc-metrics-0.17.0.jar:/home/user/.m2/repository/io/netty/netty-codec-http2/4.1.30.Final/netty-codec-http2-4.1.30.Final.jar:/home/user/.m2/repository/io/netty/netty-codec-http/4.1.30.Final/netty-codec-http-4.1.30.Final.jar:/home/user/.m2/repository/io/netty/netty-codec/4.1.30.Final/netty-codec-4.1.30.Final.jar:/home/user/.m2/repository/io/netty/netty-handler/4.1.30.Final/netty-handler-4.1.30.Final.jar:/home/user/.m2/repository/io/netty/netty-handler-proxy/4.1.30.Final/netty-handler-proxy-4.1.30.Final.jar:/home/user/.m2/repository/io/netty/netty-codec-socks/4.1.30.Final/netty-codec-socks-4.1.30.Final.jar:/home/user/.m2/repository/io/netty/netty-transport-native-epoll/4.1.30.Final/netty-transport-native-epoll-4.1.30.Final.jar:/home/user/.m2/repository/io/netty/netty-common/4.1.30.Final/netty-common-4.1.30.Final.jar:/home/user/.m2/repository/io/netty/netty-buffer/4.1.30.Final/netty-buffer-4.1.30.Final.jar:/home/user/.m2/repository/io/netty/netty-transport/4.1.30.Final/netty-transport-4.1.30.Final.jar:/home/user/.m2/repository/io/netty/netty-resolver/4.1.30.Final/netty-resolver-4.1.30.Final.jar:/home/user/.m2/repository/io/netty/netty-transport-native-unix-common/4.1.30.Final/netty-transport-native-unix-common-4.1.30.Final.jar:/home/user/.m2/repository/io/grpc/grpc-protobuf/1.17.1/grpc-protobuf-1.17.1.jar:/home/user/.m2/repository/com/google/api/grpc/proto-google-common-protos/1.0.0/proto-google-common-protos-1.0.0.jar:/home/user/.m2/repository/io/grpc/grpc-protobuf-lite/1.17.1/grpc-protobuf-lite-1.17.1.jar:/home/user/.m2/repository/io/grpc/grpc-stub/1.17.1/grpc-stub-1.17.1.jar:/tmp/workdir/hadoop-ozone/ozone-recon/target/classes:/tmp/workdir/hadoop-ozone/ozone-recon-codegen/target/classes:/home/user/.m2/repository/com/google/inject/extensions/guice-multibindings/4.0/guice-multibindings-4.0.jar:/home/user/.m2/repository/com/google/inject/guice/4.0/guice-4.0.jar:/home/user/.m2/repository/aopalliance/aopalliance/1.0/aopalliance-1.0.jar:/home/user/.m2/repository/com/google/inject/extensions/guice-servlet/4.0/guice-servlet-4.0.jar:/home/user/.m2/repository/org/glassfish/jersey/containers/jersey-container-servlet/2.27/jersey-container-servlet-2.27.jar:/home/user/.m2/repository/org/glassfish/hk2/guice-bridge/2.5.0/guice-bridge-2.5.0.jar:/home/user/.m2/repository/org/glassfish/jersey/core/jersey-server/2.27/jersey-server-2.27.jar:/home/user/.m2/repository/org/glassfish/jersey/core/jersey-client/2.27/jersey-client-2.27.jar:/home/user/.m2/repository/org/glassfish/jersey/media/jersey-media-jaxb/2.27/jersey-media-jaxb-2.27.jar:/home/user/.m2/repository/javax/validation/validation-api/1.1.0.Final/validation-api-1.1.0.Final.jar:/home/user/.m2/repository/org/glassfish/jersey/media/jersey-media-json-jackson/2.27/jersey-media-json-jackson-2.27.jar:/home/user/.m2/repository/org/glassfish/jersey/ext/jersey-entity-filtering/2.27/jersey-entity-filtering-2.27.jar:/home/user/.m2/repository/com/google/inject/extensions/guice-assistedinject/4.0/guice-assistedinject-4.0.jar:/home/user/.m2/repository/org/jooq/jooq/3.11.10/jooq-3.11.10.jar:/home/user/.m2/repository/org/jooq/jooq-meta/3.11.10/jooq-meta-3.11.10.jar:/home/user/.m2/repository/org/jooq/jooq-codegen/3.11.10/jooq-codegen-3.11.10.jar:/home/user/.m2/repository/com/jolbox/bonecp/0.8.0.RELEASE/bonecp-0.8.0.RELEASE.jar:/home/user/.m2/repository/org/springframework/spring-jdbc/5.1.3.RELEASE/spring-jdbc-5.1.3.RELEASE.jar:/home/user/.m2/repository/org/springframework/spring-beans/5.1.3.RELEASE/spring-beans-5.1.3.RELEASE.jar:/home/user/.m2/repository/org/springframework/spring-core/5.1.3.RELEASE/spring-core-5.1.3.RELEASE.jar:/home/user/.m2/repository/org/springframework/spring-jcl/5.1.3.RELEASE/spring-jcl-5.1.3.RELEASE.jar:/home/user/.m2/repository/org/springframework/spring-tx/5.1.3.RELEASE/spring-tx-5.1.3.RELEASE.jar:/home/user/.m2/repository/org/mockito/mockito-core/2.15.0/mockito-core-2.15.0.jar:/home/user/.m2/repository/net/bytebuddy/byte-buddy/1.7.9/byte-buddy-1.7.9.jar:/home/user/.m2/repository/net/bytebuddy/byte-buddy-agent/1.7.9/byte-buddy-agent-1.7.9.jar:/home/user/.m2/repository/org/objenesis/objenesis/1.0/objenesis-1.0.jar:"/>
    <property name="sun.cpu.endian" value="little"/>
    <property name="user.home" value="/home/user"/>
    <property name="user.language" value="en"/>
    <property name="java.specification.vendor" value="Oracle Corporation"/>
    <property name="java.home" value="/usr/lib/jvm/java-1.8-openjdk/jre"/>
    <property name="java.security.krb5.conf" value="/tmp/workdir/hadoop-ozone/tools/target/test-classes/krb5.conf"/>
    <property name="basedir" value="/tmp/workdir/hadoop-ozone/tools"/>
    <property name="file.separator" value="/"/>
    <property name="line.separator" value="&#10;"/>
    <property name="java.vm.specification.vendor" value="Oracle Corporation"/>
    <property name="java.specification.name" value="Java Platform API Specification"/>
    <property name="java.awt.graphicsenv" value="sun.awt.X11GraphicsEnvironment"/>
    <property name="surefire.real.class.path" value="/tmp/workdir/hadoop-ozone/tools/target/surefire/surefirebooter3429582487029391335.jar"/>
    <property name="hadoop.log.dir" value="/tmp/workdir/hadoop-ozone/tools/target/log"/>
    <property name="sun.boot.class.path" value="/usr/lib/jvm/java-1.8-openjdk/jre/lib/resources.jar:/usr/lib/jvm/java-1.8-openjdk/jre/lib/rt.jar:/usr/lib/jvm/java-1.8-openjdk/jre/lib/sunrsasign.jar:/usr/lib/jvm/java-1.8-openjdk/jre/lib/jsse.jar:/usr/lib/jvm/java-1.8-openjdk/jre/lib/jce.jar:/usr/lib/jvm/java-1.8-openjdk/jre/lib/charsets.jar:/usr/lib/jvm/java-1.8-openjdk/jre/lib/jfr.jar:/usr/lib/jvm/java-1.8-openjdk/jre/classes"/>
    <property name="sun.management.compiler" value="HotSpot 64-Bit Tiered Compilers"/>
    <property name="java.runtime.version" value="1.8.0_212-b04"/>
    <property name="java.net.preferIPv4Stack" value="true"/>
    <property name="user.name" value="jenkins1000"/>
    <property name="path.separator" value=":"/>
    <property name="java.security.egd" value="file:///dev/urandom"/>
    <property name="os.version" value="3.10.0-957.12.2.el7.x86_64"/>
    <property name="java.endorsed.dirs" value="/usr/lib/jvm/java-1.8-openjdk/jre/lib/endorsed"/>
    <property name="java.runtime.name" value="OpenJDK Runtime Environment"/>
    <property name="file.encoding" value="UTF-8"/>
    <property name="java.vm.name" value="OpenJDK 64-Bit Server VM"/>
    <property name="test.build.webapps" value=""/>
    <property name="localRepository" value="/home/user/.m2/repository"/>
    <property name="java.vendor.url.bug" value="https://icedtea.classpath.org/bugzilla"/>
    <property name="java.io.tmpdir" value="/tmp"/>
    <property name="require.test.libhadoop" value=""/>
    <property name="java.version" value="1.8.0_212"/>
    <property name="user.dir" value="/tmp/workdir/hadoop-ozone/tools"/>
    <property name="os.arch" value="amd64"/>
    <property name="java.vm.specification.name" value="Java Virtual Machine Specification"/>
    <property name="test.build.classes" value="/tmp/workdir/hadoop-ozone/tools/target/test-classes"/>
    <property name="java.awt.printerjob" value="sun.print.PSPrinterJob"/>
    <property name="sun.os.patch.level" value="unknown"/>
    <property name="hadoop.tmp.dir" value="/tmp/workdir/hadoop-ozone/tools/target/tmp"/>
    <property name="java.library.path" value="/usr/lib/jvm/java-1.8-openjdk/jre/lib/amd64/server:/usr/lib/jvm/java-1.8-openjdk/jre/lib/amd64:/usr/lib/jvm/java-1.8-openjdk/jre/../lib/amd64:/tmp/workdir/hadoop-ozone/tools/target/native/target/usr/local/lib:/tmp/workdir/hadoop-ozone/tools/../../hadoop-common-project/hadoop-common/target/native/target/usr/local/lib:/usr/java/packages/lib/amd64:/usr/lib64:/lib64:/lib:/usr/lib"/>
    <property name="java.vm.info" value="mixed mode"/>
    <property name="java.vendor" value="IcedTea"/>
    <property name="java.vm.version" value="25.212-b04"/>
    <property name="java.ext.dirs" value="/usr/lib/jvm/java-1.8-openjdk/jre/lib/ext:/usr/java/packages/lib/ext"/>
    <property name="sun.io.unicode.encoding" value="UnicodeLittle"/>
    <property name="java.class.version" value="52.0"/>
  </properties>
  <testcase name="testRestart" classname="org.apache.hadoop.ozone.freon.TestFreonWithPipelineDestroy" time="19.49">
    <error message="Unexpected Storage Container Exception: org.apache.hadoop.hdds.scm.container.common.helpers.StorageContainerException: ContainerID 6 does not exist" type="java.io.IOException">java.io.IOException: Unexpected Storage Container Exception: org.apache.hadoop.hdds.scm.container.common.helpers.StorageContainerException: ContainerID 6 does not exist
	at org.apache.hadoop.hdds.scm.storage.BlockOutputStream.setIoException(BlockOutputStream.java:548)
	at org.apache.hadoop.hdds.scm.storage.BlockOutputStream.validateResponse(BlockOutputStream.java:539)
	at org.apache.hadoop.hdds.scm.storage.BlockOutputStream.lambda$writeChunkToContainer$2(BlockOutputStream.java:614)
	at java.util.concurrent.CompletableFuture.uniApply(CompletableFuture.java:602)
	at java.util.concurrent.CompletableFuture$UniApply.tryFire(CompletableFuture.java:577)
	at java.util.concurrent.CompletableFuture$Completion.run(CompletableFuture.java:442)
	at java.util.concurrent.ThreadPoolExecutor.runWorker(ThreadPoolExecutor.java:1149)
	at java.util.concurrent.ThreadPoolExecutor$Worker.run(ThreadPoolExecutor.java:624)
	at java.lang.Thread.run(Thread.java:748)
Caused by: org.apache.hadoop.hdds.scm.container.common.helpers.StorageContainerException: ContainerID 6 does not exist
	at org.apache.hadoop.hdds.scm.storage.ContainerProtocolCalls.validateContainerResponse(ContainerProtocolCalls.java:536)
	at org.apache.hadoop.hdds.scm.storage.BlockOutputStream.validateResponse(BlockOutputStream.java:536)
	... 7 more
</error>
    <system-out><![CDATA[2019-07-08 10:52:59,036 WARN  server.ServerUtils (ServerUtils.java:getScmDbDir(145)) - ozone.scm.db.dirs is not configured. We recommend adding this setting. Falling back to ozone.metadata.dirs instead.
2019-07-08 10:52:59,117 WARN  server.ServerUtils (ServerUtils.java:getScmDbDir(145)) - ozone.scm.db.dirs is not configured. We recommend adding this setting. Falling back to ozone.metadata.dirs instead.
2019-07-08 10:52:59,120 WARN  server.ServerUtils (ServerUtils.java:getScmDbDir(145)) - ozone.scm.db.dirs is not configured. We recommend adding this setting. Falling back to ozone.metadata.dirs instead.
2019-07-08 10:52:59,135 INFO  util.log (Log.java:initialized(192)) - Logging initialized @863ms
2019-07-08 10:52:59,213 INFO  db.DBStoreBuilder (DBStoreBuilder.java:addTable(110)) - using custom profile for table: deletedBlocks
2019-07-08 10:52:59,213 INFO  db.DBStoreBuilder (DBStoreBuilder.java:processTables(161)) - Using default column profile:DBProfile.DISK for Table:deletedBlocks
2019-07-08 10:52:59,213 INFO  db.DBStoreBuilder (DBStoreBuilder.java:addTable(110)) - using custom profile for table: validCerts
2019-07-08 10:52:59,214 INFO  db.DBStoreBuilder (DBStoreBuilder.java:processTables(161)) - Using default column profile:DBProfile.DISK for Table:validCerts
2019-07-08 10:52:59,214 INFO  db.DBStoreBuilder (DBStoreBuilder.java:addTable(110)) - using custom profile for table: revokedCerts
2019-07-08 10:52:59,214 INFO  db.DBStoreBuilder (DBStoreBuilder.java:processTables(161)) - Using default column profile:DBProfile.DISK for Table:revokedCerts
2019-07-08 10:52:59,223 INFO  db.DBStoreBuilder (DBStoreBuilder.java:addTable(110)) - using custom profile for table: default
2019-07-08 10:52:59,224 INFO  db.DBStoreBuilder (DBStoreBuilder.java:processTables(167)) - Using default column profile:DBProfile.DISK for Table:default
2019-07-08 10:52:59,225 INFO  db.DBStoreBuilder (DBStoreBuilder.java:getDbProfile(198)) - Using default options. DBProfile.DISK
2019-07-08 10:52:59,332 INFO  net.NodeSchemaLoader (NodeSchemaLoader.java:loadSchemaFromFile(125)) - Loading file from sun.misc.CompoundEnumeration@12b0404f
2019-07-08 10:52:59,335 INFO  net.NodeSchemaLoader (NodeSchemaLoader.java:loadSchema(171)) - Loading network topology layer schema file
2019-07-08 10:52:59,453 INFO  node.SCMNodeManager (SCMNodeManager.java:<init>(119)) - Entering startup safe mode.
2019-07-08 10:52:59,542 WARN  server.ServerUtils (ServerUtils.java:getScmDbDir(145)) - ozone.scm.db.dirs is not configured. We recommend adding this setting. Falling back to ozone.metadata.dirs instead.
2019-07-08 10:52:59,567 INFO  pipeline.SCMPipelineManager (SCMPipelineManager.java:initializePipelineState(126)) - No pipeline exists in current db
2019-07-08 10:52:59,569 WARN  server.ServerUtils (ServerUtils.java:getScmDbDir(145)) - ozone.scm.db.dirs is not configured. We recommend adding this setting. Falling back to ozone.metadata.dirs instead.
2019-07-08 10:52:59,629 WARN  events.EventQueue (EventQueue.java:fireEvent(175)) - No event handler registered for event TypedEvent{payloadType=SafeModeStatus, name='SafeModeStatus'}
2019-07-08 10:52:59,909 INFO  ipc.CallQueueManager (CallQueueManager.java:<init>(84)) - Using callQueue: class java.util.concurrent.LinkedBlockingQueue, queueCapacity: 2000, scheduler: class org.apache.hadoop.ipc.DefaultRpcScheduler, ipcBackoff: false.
2019-07-08 10:52:59,932 INFO  ipc.Server (Server.java:run(1074)) - Starting Socket Reader #1 for port 36551
2019-07-08 10:52:59,950 INFO  ipc.CallQueueManager (CallQueueManager.java:<init>(84)) - Using callQueue: class java.util.concurrent.LinkedBlockingQueue, queueCapacity: 2000, scheduler: class org.apache.hadoop.ipc.DefaultRpcScheduler, ipcBackoff: false.
2019-07-08 10:52:59,951 INFO  ipc.Server (Server.java:run(1074)) - Starting Socket Reader #1 for port 35536
2019-07-08 10:52:59,956 INFO  ipc.CallQueueManager (CallQueueManager.java:<init>(84)) - Using callQueue: class java.util.concurrent.LinkedBlockingQueue, queueCapacity: 2000, scheduler: class org.apache.hadoop.ipc.DefaultRpcScheduler, ipcBackoff: false.
2019-07-08 10:52:59,957 INFO  ipc.Server (Server.java:run(1074)) - Starting Socket Reader #1 for port 37545
2019-07-08 10:53:00,075 INFO  hdfs.DFSUtil (DFSUtil.java:httpServerTemplateForNNAndJN(1641)) - Starting Web-server for scm at: http://0.0.0.0:0
2019-07-08 10:53:00,241 INFO  server.AuthenticationFilter (AuthenticationFilter.java:constructSecretProvider(240)) - Unable to initialize FileSignerSecretProvider, falling back to use random secrets.
2019-07-08 10:53:00,258 WARN  http.HttpRequestLog (HttpRequestLog.java:getRequestLog(97)) - Jetty request log can only be enabled using Log4j
2019-07-08 10:53:00,266 INFO  http.HttpServer2 (HttpServer2.java:addGlobalFilter(975)) - Added global filter 'safety' (class=org.apache.hadoop.http.HttpServer2$QuotingInputFilter)
2019-07-08 10:53:00,269 INFO  http.HttpServer2 (HttpServer2.java:addFilter(948)) - Added filter static_user_filter (class=org.apache.hadoop.http.lib.StaticUserWebFilter$StaticUserFilter) to context scm
2019-07-08 10:53:00,269 INFO  http.HttpServer2 (HttpServer2.java:addFilter(958)) - Added filter static_user_filter (class=org.apache.hadoop.http.lib.StaticUserWebFilter$StaticUserFilter) to context logs
2019-07-08 10:53:00,269 INFO  http.HttpServer2 (HttpServer2.java:addFilter(958)) - Added filter static_user_filter (class=org.apache.hadoop.http.lib.StaticUserWebFilter$StaticUserFilter) to context static
2019-07-08 10:53:00,296 INFO  server.StorageContainerManager (StorageContainerManager.java:start(753)) - StorageContainerLocationProtocol RPC server is listening at /0.0.0.0:37545
2019-07-08 10:53:00,353 WARN  impl.MetricsConfig (MetricsConfig.java:loadFirst(134)) - Cannot locate configuration: tried hadoop-metrics2-storagecontainermanager.properties,hadoop-metrics2.properties
2019-07-08 10:53:00,366 INFO  impl.MetricsSystemImpl (MetricsSystemImpl.java:startTimer(374)) - Scheduled Metric snapshot period at 10 second(s).
2019-07-08 10:53:00,367 INFO  impl.MetricsSystemImpl (MetricsSystemImpl.java:start(191)) - StorageContainerManager metrics system started
2019-07-08 10:53:00,591 INFO  server.SCMClientProtocolServer (SCMClientProtocolServer.java:start(149)) - RPC server for Client  is listening at /0.0.0.0:37545
2019-07-08 10:53:00,591 INFO  ipc.Server (Server.java:run(1314)) - IPC Server Responder: starting
2019-07-08 10:53:00,591 INFO  ipc.Server (Server.java:run(1153)) - IPC Server listener on 37545: starting
2019-07-08 10:53:00,594 INFO  server.StorageContainerManager (StorageContainerManager.java:start(762)) - ScmBlockLocationProtocol RPC server is listening at /0.0.0.0:35536
2019-07-08 10:53:00,594 INFO  server.SCMBlockProtocolServer (SCMBlockProtocolServer.java:start(137)) - RPC server for Block Protocol is listening at /0.0.0.0:35536
2019-07-08 10:53:00,595 INFO  ipc.Server (Server.java:run(1314)) - IPC Server Responder: starting
2019-07-08 10:53:00,595 INFO  ipc.Server (Server.java:run(1153)) - IPC Server listener on 35536: starting
2019-07-08 10:53:00,605 INFO  server.StorageContainerManager (StorageContainerManager.java:start(766)) - ScmDatanodeProtocl RPC server is listening at /0.0.0.0:36551
2019-07-08 10:53:00,606 INFO  server.SCMDatanodeProtocolServer (SCMDatanodeProtocolServer.java:start(191)) - RPC server for DataNodes is listening at /0.0.0.0:36551
2019-07-08 10:53:00,608 INFO  ipc.Server (Server.java:run(1314)) - IPC Server Responder: starting
2019-07-08 10:53:00,609 INFO  ipc.Server (Server.java:run(1153)) - IPC Server listener on 36551: starting
2019-07-08 10:53:00,621 INFO  http.HttpServer2 (HttpServer2.java:bindListener(1191)) - Jetty bound to port 33318
2019-07-08 10:53:00,623 INFO  server.Server (Server.java:doStart(351)) - jetty-9.3.24.v20180605, build timestamp: 2018-06-05T17:11:56Z, git hash: 84205aa28f11a4f31f2a3b86d1bba2cc8ab69827
2019-07-08 10:53:00,661 INFO  handler.ContextHandler (ContextHandler.java:doStart(781)) - Started o.e.j.s.ServletContextHandler@413f69cc{/logs,file:///tmp/workdir/hadoop-ozone/tools/target/log,AVAILABLE}
2019-07-08 10:53:00,662 INFO  handler.ContextHandler (ContextHandler.java:doStart(781)) - Started o.e.j.s.ServletContextHandler@1b75c2e3{/static,file:///tmp/workdir/hadoop-hdds/server-scm/target/classes/webapps/static/,AVAILABLE}
2019-07-08 10:53:00,692 INFO  handler.ContextHandler (ContextHandler.java:doStart(781)) - Started o.e.j.w.WebAppContext@2c88b9fc{/,file:///tmp/workdir/hadoop-hdds/server-scm/target/classes/webapps/scm/,AVAILABLE}{/scm}
2019-07-08 10:53:00,697 INFO  server.AbstractConnector (AbstractConnector.java:doStart(278)) - Started ServerConnector@4721d212{HTTP/1.1,[http/1.1]}{0.0.0.0:33318}
2019-07-08 10:53:00,697 INFO  server.Server (Server.java:doStart(419)) - Started @2425ms
2019-07-08 10:53:00,698 INFO  server.BaseHttpServer (BaseHttpServer.java:updateConnectorAddress(207)) - HTTP server of SCM is listening at http://0.0.0.0:33318
2019-07-08 10:53:00,707 INFO  util.JvmPauseMonitor (JvmPauseMonitor.java:run(188)) - Starting JVM pause monitor
2019-07-08 10:53:00,708 WARN  server.ServerUtils (ServerUtils.java:getDBPath(222)) - ozone.om.db.dirs is not configured. We recommend adding this setting. Falling back to ozone.metadata.dirs instead.
2019-07-08 10:53:00,805 WARN  server.ServerUtils (ServerUtils.java:getDBPath(222)) - ozone.om.db.dirs is not configured. We recommend adding this setting. Falling back to ozone.metadata.dirs instead.
2019-07-08 10:53:00,807 INFO  om.OzoneManager (OzoneManager.java:setOMNodeDetails(621)) - OM Service ID is not set. Setting it to the default ID: omServiceIdDefault
2019-07-08 10:53:00,807 INFO  om.OzoneManager (OzoneManager.java:setOMNodeDetails(627)) - OM Node ID is not set. Setting it to the OmStorage's OmID: bacb7631-0913-4aab-a9b8-073776e3cbbe
2019-07-08 10:53:00,808 INFO  om.OzoneManager (OzoneManager.java:loadOMHAConfigs(578)) - Found matching OM address with OMServiceId: null, OMNodeId: null, RPC Address: localhost:0 and Ratis port: 9872
2019-07-08 10:53:01,073 WARN  server.ServerUtils (ServerUtils.java:getDBPath(222)) - ozone.om.db.dirs is not configured. We recommend adding this setting. Falling back to ozone.metadata.dirs instead.
2019-07-08 10:53:01,084 INFO  db.DBStoreBuilder (DBStoreBuilder.java:addTable(110)) - using custom profile for table: userTable
2019-07-08 10:53:01,084 INFO  db.DBStoreBuilder (DBStoreBuilder.java:processTables(161)) - Using default column profile:DBProfile.DISK for Table:userTable
2019-07-08 10:53:01,085 INFO  db.DBStoreBuilder (DBStoreBuilder.java:addTable(110)) - using custom profile for table: volumeTable
2019-07-08 10:53:01,085 INFO  db.DBStoreBuilder (DBStoreBuilder.java:processTables(161)) - Using default column profile:DBProfile.DISK for Table:volumeTable
2019-07-08 10:53:01,085 INFO  db.DBStoreBuilder (DBStoreBuilder.java:addTable(110)) - using custom profile for table: bucketTable
2019-07-08 10:53:01,086 INFO  db.DBStoreBuilder (DBStoreBuilder.java:processTables(161)) - Using default column profile:DBProfile.DISK for Table:bucketTable
2019-07-08 10:53:01,086 INFO  db.DBStoreBuilder (DBStoreBuilder.java:addTable(110)) - using custom profile for table: keyTable
2019-07-08 10:53:01,086 INFO  db.DBStoreBuilder (DBStoreBuilder.java:processTables(161)) - Using default column profile:DBProfile.DISK for Table:keyTable
2019-07-08 10:53:01,087 INFO  db.DBStoreBuilder (DBStoreBuilder.java:addTable(110)) - using custom profile for table: deletedTable
2019-07-08 10:53:01,087 INFO  db.DBStoreBuilder (DBStoreBuilder.java:processTables(161)) - Using default column profile:DBProfile.DISK for Table:deletedTable
2019-07-08 10:53:01,088 INFO  db.DBStoreBuilder (DBStoreBuilder.java:addTable(110)) - using custom profile for table: openKeyTable
2019-07-08 10:53:01,088 INFO  db.DBStoreBuilder (DBStoreBuilder.java:processTables(161)) - Using default column profile:DBProfile.DISK for Table:openKeyTable
2019-07-08 10:53:01,088 INFO  db.DBStoreBuilder (DBStoreBuilder.java:addTable(110)) - using custom profile for table: s3Table
2019-07-08 10:53:01,089 INFO  db.DBStoreBuilder (DBStoreBuilder.java:processTables(161)) - Using default column profile:DBProfile.DISK for Table:s3Table
2019-07-08 10:53:01,089 INFO  db.DBStoreBuilder (DBStoreBuilder.java:addTable(110)) - using custom profile for table: multipartInfoTable
2019-07-08 10:53:01,089 INFO  db.DBStoreBuilder (DBStoreBuilder.java:processTables(161)) - Using default column profile:DBProfile.DISK for Table:multipartInfoTable
2019-07-08 10:53:01,090 INFO  db.DBStoreBuilder (DBStoreBuilder.java:addTable(110)) - using custom profile for table: dTokenTable
2019-07-08 10:53:01,090 INFO  db.DBStoreBuilder (DBStoreBuilder.java:processTables(161)) - Using default column profile:DBProfile.DISK for Table:dTokenTable
2019-07-08 10:53:01,091 INFO  db.DBStoreBuilder (DBStoreBuilder.java:addTable(110)) - using custom profile for table: s3SecretTable
2019-07-08 10:53:01,092 INFO  db.DBStoreBuilder (DBStoreBuilder.java:processTables(161)) - Using default column profile:DBProfile.DISK for Table:s3SecretTable
2019-07-08 10:53:01,092 INFO  db.DBStoreBuilder (DBStoreBuilder.java:addTable(110)) - using custom profile for table: prefixTable
2019-07-08 10:53:01,092 INFO  db.DBStoreBuilder (DBStoreBuilder.java:processTables(161)) - Using default column profile:DBProfile.DISK for Table:prefixTable
2019-07-08 10:53:01,093 INFO  db.DBStoreBuilder (DBStoreBuilder.java:addTable(110)) - using custom profile for table: default
2019-07-08 10:53:01,093 INFO  db.DBStoreBuilder (DBStoreBuilder.java:processTables(167)) - Using default column profile:DBProfile.DISK for Table:default
2019-07-08 10:53:01,093 INFO  db.DBStoreBuilder (DBStoreBuilder.java:getDbProfile(198)) - Using default options. DBProfile.DISK
2019-07-08 10:53:01,864 INFO  ipc.CallQueueManager (CallQueueManager.java:<init>(84)) - Using callQueue: class java.util.concurrent.LinkedBlockingQueue, queueCapacity: 2000, scheduler: class org.apache.hadoop.ipc.DefaultRpcScheduler, ipcBackoff: false.
2019-07-08 10:53:01,866 INFO  ipc.Server (Server.java:run(1074)) - Starting Socket Reader #1 for port 39271
2019-07-08 10:53:01,900 WARN  server.ServerUtils (ServerUtils.java:getDBPath(222)) - ozone.om.db.dirs is not configured. We recommend adding this setting. Falling back to ozone.metadata.dirs instead.
2019-07-08 10:53:01,900 INFO  om.OzoneManager (OzoneManager.java:start(1219)) - OzoneManager RPC server is listening at localhost/127.0.0.1:39271
2019-07-08 10:53:01,900 INFO  impl.MetricsSystemImpl (MetricsSystemImpl.java:init(158)) - OzoneManager metrics system started (again)
2019-07-08 10:53:01,902 INFO  ipc.Server (Server.java:run(1314)) - IPC Server Responder: starting
2019-07-08 10:53:01,903 INFO  ipc.Server (Server.java:run(1153)) - IPC Server listener on 39271: starting
2019-07-08 10:53:01,917 INFO  hdfs.DFSUtil (DFSUtil.java:httpServerTemplateForNNAndJN(1641)) - Starting Web-server for ozoneManager at: http://0.0.0.0:0
2019-07-08 10:53:01,919 INFO  server.AuthenticationFilter (AuthenticationFilter.java:constructSecretProvider(240)) - Unable to initialize FileSignerSecretProvider, falling back to use random secrets.
2019-07-08 10:53:01,920 WARN  http.HttpRequestLog (HttpRequestLog.java:getRequestLog(97)) - Jetty request log can only be enabled using Log4j
2019-07-08 10:53:01,923 INFO  http.HttpServer2 (HttpServer2.java:addGlobalFilter(975)) - Added global filter 'safety' (class=org.apache.hadoop.http.HttpServer2$QuotingInputFilter)
2019-07-08 10:53:01,924 INFO  http.HttpServer2 (HttpServer2.java:addFilter(948)) - Added filter static_user_filter (class=org.apache.hadoop.http.lib.StaticUserWebFilter$StaticUserFilter) to context ozoneManager
2019-07-08 10:53:01,924 INFO  http.HttpServer2 (HttpServer2.java:addFilter(958)) - Added filter static_user_filter (class=org.apache.hadoop.http.lib.StaticUserWebFilter$StaticUserFilter) to context logs
2019-07-08 10:53:01,924 INFO  http.HttpServer2 (HttpServer2.java:addFilter(958)) - Added filter static_user_filter (class=org.apache.hadoop.http.lib.StaticUserWebFilter$StaticUserFilter) to context static
2019-07-08 10:53:01,927 INFO  http.HttpServer2 (HttpServer2.java:bindListener(1191)) - Jetty bound to port 33487
2019-07-08 10:53:01,927 INFO  server.Server (Server.java:doStart(351)) - jetty-9.3.24.v20180605, build timestamp: 2018-06-05T17:11:56Z, git hash: 84205aa28f11a4f31f2a3b86d1bba2cc8ab69827
2019-07-08 10:53:01,929 INFO  handler.ContextHandler (ContextHandler.java:doStart(781)) - Started o.e.j.s.ServletContextHandler@1c05a54d{/logs,file:///tmp/workdir/hadoop-ozone/tools/target/log,AVAILABLE}
2019-07-08 10:53:01,930 INFO  handler.ContextHandler (ContextHandler.java:doStart(781)) - Started o.e.j.s.ServletContextHandler@5fd9b663{/static,file:///tmp/workdir/hadoop-ozone/ozone-manager/target/classes/webapps/static/,AVAILABLE}
2019-07-08 10:53:01,935 INFO  handler.ContextHandler (ContextHandler.java:doStart(781)) - Started o.e.j.w.WebAppContext@159e366{/,file:///tmp/workdir/hadoop-ozone/ozone-manager/target/classes/webapps/ozoneManager/,AVAILABLE}{/ozoneManager}
2019-07-08 10:53:01,936 INFO  server.AbstractConnector (AbstractConnector.java:doStart(278)) - Started ServerConnector@57dc9128{HTTP/1.1,[http/1.1]}{0.0.0.0:33487}
2019-07-08 10:53:01,937 INFO  server.Server (Server.java:doStart(419)) - Started @3665ms
2019-07-08 10:53:01,938 INFO  server.BaseHttpServer (BaseHttpServer.java:updateConnectorAddress(207)) - HTTP server of OZONEMANAGER is listening at http://0.0.0.0:33487
2019-07-08 10:53:02,234 INFO  impl.MetricsSystemImpl (MetricsSystemImpl.java:init(158)) - HddsDatanode metrics system started (again)
2019-07-08 10:53:02,319 INFO  ozone.HddsDatanodeService (HddsDatanodeService.java:start(185)) - HddsDatanodeService host:hdds1735-npqvj-2605347096 ip:192.168.5.132
2019-07-08 10:53:02,349 INFO  volume.HddsVolume (HddsVolume.java:<init>(176)) - Creating Volume: /tmp/workdir/hadoop-ozone/tools/target/test-dir/MiniOzoneClusterImpl-0183a8d0-c3db-4027-8e7b-52442f3761b2/datanode-0/data/containers/hdds of  storage type : DISK and capacity : 52710309888
2019-07-08 10:53:02,351 INFO  volume.VolumeSet (VolumeSet.java:initializeVolumeSet(170)) - Added Volume : /tmp/workdir/hadoop-ozone/tools/target/test-dir/MiniOzoneClusterImpl-0183a8d0-c3db-4027-8e7b-52442f3761b2/datanode-0/data/containers/hdds to VolumeSet
2019-07-08 10:53:02,354 INFO  volume.ThrottledAsyncChecker (ThrottledAsyncChecker.java:schedule(140)) - Scheduling a check for org.apache.hadoop.ozone.container.common.volume.HddsVolume@534ca02b
2019-07-08 10:53:02,372 INFO  volume.HddsVolumeChecker (HddsVolumeChecker.java:checkAllVolumes(203)) - Scheduled health check for volume org.apache.hadoop.ozone.container.common.volume.HddsVolume@534ca02b
2019-07-08 10:53:02,419 INFO  ratis.XceiverServerRatis (XceiverServerRatis.java:newXceiverServerRatis(411)) - Found a free port for the server : 41588
2019-07-08 10:53:02,489 INFO  impl.RaftServerProxy (ConfUtils.java:logGet(43)) - raft.rpc.type = GRPC (default)
2019-07-08 10:53:02,558 INFO  grpc.GrpcFactory (GrpcFactory.java:checkPooledByteBufAllocatorUseCacheForAllThreads(45)) - PERFORMANCE WARNING: useCacheForAllThreads is true that may cause Netty to create a lot garbage objects and, as a result, trigger GC.
	It is recommended to disable useCacheForAllThreads by setting -Dorg.apache.ratis.thirdparty.io.netty.allocator.useCacheForAllThreads=false in command line.
2019-07-08 10:53:02,563 INFO  grpc.GrpcConfigKeys$Server (ConfUtils.java:logGet(43)) - raft.grpc.server.port = 41588 (custom)
2019-07-08 10:53:02,563 INFO  server.GrpcService (ConfUtils.java:logGet(43)) - raft.grpc.message.size.max = 33570816 (custom)
2019-07-08 10:53:02,565 INFO  server.RaftServerConfigKeys (ConfUtils.java:logGet(43)) - raft.server.log.appender.buffer.byte-limit = 33554432 (custom)
2019-07-08 10:53:02,566 INFO  server.GrpcService (ConfUtils.java:logGet(43)) - raft.grpc.flow.control.window = 1MB (=1048576) (default)
2019-07-08 10:53:02,566 INFO  server.RaftServerConfigKeys (ConfUtils.java:logGet(43)) - raft.server.rpc.request.timeout = 3000ms (default)
2019-07-08 10:53:02,730 INFO  server.RaftServerConfigKeys (ConfUtils.java:logGet(43)) - raft.server.storage.dir = [/tmp/workdir/hadoop-ozone/tools/target/test-dir/MiniOzoneClusterImpl-0183a8d0-c3db-4027-8e7b-52442f3761b2/datanode-0/data/ratis] (custom)
2019-07-08 10:53:02,736 INFO  server.XceiverServerGrpc (XceiverServerGrpc.java:<init>(97)) - Found a free port for the server : 37447
2019-07-08 10:53:02,759 INFO  replication.SimpleContainerDownloader (SimpleContainerDownloader.java:<init>(72)) - Starting container downloader service to copy containers to replicate.
2019-07-08 10:53:02,769 INFO  hdfs.DFSUtil (DFSUtil.java:httpServerTemplateForNNAndJN(1641)) - Starting Web-server for hddsDatanode at: http://0.0.0.0:0
2019-07-08 10:53:02,770 INFO  server.AuthenticationFilter (AuthenticationFilter.java:constructSecretProvider(240)) - Unable to initialize FileSignerSecretProvider, falling back to use random secrets.
2019-07-08 10:53:02,771 WARN  http.HttpRequestLog (HttpRequestLog.java:getRequestLog(97)) - Jetty request log can only be enabled using Log4j
2019-07-08 10:53:02,772 INFO  http.HttpServer2 (HttpServer2.java:addGlobalFilter(975)) - Added global filter 'safety' (class=org.apache.hadoop.http.HttpServer2$QuotingInputFilter)
2019-07-08 10:53:02,773 INFO  http.HttpServer2 (HttpServer2.java:addFilter(948)) - Added filter static_user_filter (class=org.apache.hadoop.http.lib.StaticUserWebFilter$StaticUserFilter) to context hddsDatanode
2019-07-08 10:53:02,773 INFO  http.HttpServer2 (HttpServer2.java:addFilter(958)) - Added filter static_user_filter (class=org.apache.hadoop.http.lib.StaticUserWebFilter$StaticUserFilter) to context static
2019-07-08 10:53:02,773 INFO  http.HttpServer2 (HttpServer2.java:addFilter(958)) - Added filter static_user_filter (class=org.apache.hadoop.http.lib.StaticUserWebFilter$StaticUserFilter) to context logs
2019-07-08 10:53:02,774 INFO  http.HttpServer2 (HttpServer2.java:bindListener(1191)) - Jetty bound to port 36033
2019-07-08 10:53:02,774 INFO  server.Server (Server.java:doStart(351)) - jetty-9.3.24.v20180605, build timestamp: 2018-06-05T17:11:56Z, git hash: 84205aa28f11a4f31f2a3b86d1bba2cc8ab69827
2019-07-08 10:53:02,776 INFO  handler.ContextHandler (ContextHandler.java:doStart(781)) - Started o.e.j.s.ServletContextHandler@563a89b5{/logs,file:///tmp/workdir/hadoop-ozone/tools/target/log,AVAILABLE}
2019-07-08 10:53:02,776 INFO  handler.ContextHandler (ContextHandler.java:doStart(781)) - Started o.e.j.s.ServletContextHandler@270b6b5e{/static,file:///tmp/workdir/hadoop-hdds/container-service/target/classes/webapps/static,AVAILABLE}
2019-07-08 10:53:02,780 INFO  handler.ContextHandler (ContextHandler.java:doStart(781)) - Started o.e.j.w.WebAppContext@64355120{/,file:///tmp/workdir/hadoop-hdds/container-service/target/classes/webapps/hddsDatanode/,AVAILABLE}{/hddsDatanode}
2019-07-08 10:53:02,780 INFO  server.AbstractConnector (AbstractConnector.java:doStart(278)) - Started ServerConnector@64b7225f{HTTP/1.1,[http/1.1]}{0.0.0.0:36033}
2019-07-08 10:53:02,781 INFO  server.Server (Server.java:doStart(419)) - Started @4509ms
2019-07-08 10:53:02,782 INFO  server.BaseHttpServer (BaseHttpServer.java:updateConnectorAddress(207)) - HTTP server of HDDSDATANODE is listening at http://0.0.0.0:36033
2019-07-08 10:53:03,795 INFO  ozone.HddsDatanodeService (HddsDatanodeService.java:startPlugins(396)) - Started plug-in org.apache.hadoop.ozone.web.OzoneHddsDatanodeService@61514735
2019-07-08 10:53:03,797 INFO  impl.MetricsSystemImpl (MetricsSystemImpl.java:init(158)) - HddsDatanode metrics system started (again)
2019-07-08 10:53:03,798 INFO  ozone.HddsDatanodeService (HddsDatanodeService.java:start(185)) - HddsDatanodeService host:hdds1735-npqvj-2605347096 ip:192.168.5.132
2019-07-08 10:53:03,804 INFO  util.JvmPauseMonitor (JvmPauseMonitor.java:run(188)) - Starting JVM pause monitor
2019-07-08 10:53:03,810 INFO  volume.HddsVolume (HddsVolume.java:<init>(176)) - Creating Volume: /tmp/workdir/hadoop-ozone/tools/target/test-dir/MiniOzoneClusterImpl-0183a8d0-c3db-4027-8e7b-52442f3761b2/datanode-1/data/containers/hdds of  storage type : DISK and capacity : 52710309888
2019-07-08 10:53:03,811 INFO  volume.VolumeSet (VolumeSet.java:initializeVolumeSet(170)) - Added Volume : /tmp/workdir/hadoop-ozone/tools/target/test-dir/MiniOzoneClusterImpl-0183a8d0-c3db-4027-8e7b-52442f3761b2/datanode-1/data/containers/hdds to VolumeSet
2019-07-08 10:53:03,811 INFO  volume.ThrottledAsyncChecker (ThrottledAsyncChecker.java:schedule(140)) - Scheduling a check for org.apache.hadoop.ozone.container.common.volume.HddsVolume@3a90c13c
2019-07-08 10:53:03,813 INFO  volume.HddsVolumeChecker (HddsVolumeChecker.java:checkAllVolumes(203)) - Scheduled health check for volume org.apache.hadoop.ozone.container.common.volume.HddsVolume@3a90c13c
2019-07-08 10:53:03,834 INFO  ratis.XceiverServerRatis (XceiverServerRatis.java:newXceiverServerRatis(411)) - Found a free port for the server : 40841
2019-07-08 10:53:03,837 INFO  impl.RaftServerProxy (ConfUtils.java:logGet(43)) - raft.rpc.type = GRPC (default)
2019-07-08 10:53:03,837 INFO  grpc.GrpcFactory (GrpcFactory.java:checkPooledByteBufAllocatorUseCacheForAllThreads(45)) - PERFORMANCE WARNING: useCacheForAllThreads is true that may cause Netty to create a lot garbage objects and, as a result, trigger GC.
	It is recommended to disable useCacheForAllThreads by setting -Dorg.apache.ratis.thirdparty.io.netty.allocator.useCacheForAllThreads=false in command line.
2019-07-08 10:53:03,838 INFO  grpc.GrpcConfigKeys$Server (ConfUtils.java:logGet(43)) - raft.grpc.server.port = 40841 (custom)
2019-07-08 10:53:03,838 INFO  server.GrpcService (ConfUtils.java:logGet(43)) - raft.grpc.message.size.max = 33570816 (custom)
2019-07-08 10:53:03,838 INFO  server.RaftServerConfigKeys (ConfUtils.java:logGet(43)) - raft.server.log.appender.buffer.byte-limit = 33554432 (custom)
2019-07-08 10:53:03,839 INFO  server.GrpcService (ConfUtils.java:logGet(43)) - raft.grpc.flow.control.window = 1MB (=1048576) (default)
2019-07-08 10:53:03,839 INFO  server.RaftServerConfigKeys (ConfUtils.java:logGet(43)) - raft.server.rpc.request.timeout = 3000ms (default)
2019-07-08 10:53:03,842 INFO  server.RaftServerConfigKeys (ConfUtils.java:logGet(43)) - raft.server.storage.dir = [/tmp/workdir/hadoop-ozone/tools/target/test-dir/MiniOzoneClusterImpl-0183a8d0-c3db-4027-8e7b-52442f3761b2/datanode-1/data/ratis] (custom)
2019-07-08 10:53:03,843 INFO  server.XceiverServerGrpc (XceiverServerGrpc.java:<init>(97)) - Found a free port for the server : 33356
2019-07-08 10:53:03,844 INFO  replication.SimpleContainerDownloader (SimpleContainerDownloader.java:<init>(72)) - Starting container downloader service to copy containers to replicate.
2019-07-08 10:53:03,845 INFO  hdfs.DFSUtil (DFSUtil.java:httpServerTemplateForNNAndJN(1641)) - Starting Web-server for hddsDatanode at: http://0.0.0.0:0
2019-07-08 10:53:03,848 INFO  server.AuthenticationFilter (AuthenticationFilter.java:constructSecretProvider(240)) - Unable to initialize FileSignerSecretProvider, falling back to use random secrets.
2019-07-08 10:53:03,849 WARN  http.HttpRequestLog (HttpRequestLog.java:getRequestLog(97)) - Jetty request log can only be enabled using Log4j
2019-07-08 10:53:03,852 INFO  http.HttpServer2 (HttpServer2.java:addGlobalFilter(975)) - Added global filter 'safety' (class=org.apache.hadoop.http.HttpServer2$QuotingInputFilter)
2019-07-08 10:53:03,853 INFO  http.HttpServer2 (HttpServer2.java:addFilter(948)) - Added filter static_user_filter (class=org.apache.hadoop.http.lib.StaticUserWebFilter$StaticUserFilter) to context hddsDatanode
2019-07-08 10:53:03,854 INFO  http.HttpServer2 (HttpServer2.java:addFilter(958)) - Added filter static_user_filter (class=org.apache.hadoop.http.lib.StaticUserWebFilter$StaticUserFilter) to context logs
2019-07-08 10:53:03,854 INFO  http.HttpServer2 (HttpServer2.java:addFilter(958)) - Added filter static_user_filter (class=org.apache.hadoop.http.lib.StaticUserWebFilter$StaticUserFilter) to context static
2019-07-08 10:53:03,856 INFO  http.HttpServer2 (HttpServer2.java:bindListener(1191)) - Jetty bound to port 45710
2019-07-08 10:53:03,856 INFO  server.Server (Server.java:doStart(351)) - jetty-9.3.24.v20180605, build timestamp: 2018-06-05T17:11:56Z, git hash: 84205aa28f11a4f31f2a3b86d1bba2cc8ab69827
2019-07-08 10:53:03,858 INFO  handler.ContextHandler (ContextHandler.java:doStart(781)) - Started o.e.j.s.ServletContextHandler@688a2c09{/logs,file:///tmp/workdir/hadoop-ozone/tools/target/log,AVAILABLE}
2019-07-08 10:53:03,859 INFO  handler.ContextHandler (ContextHandler.java:doStart(781)) - Started o.e.j.s.ServletContextHandler@365cdacf{/static,file:///tmp/workdir/hadoop-hdds/container-service/target/classes/webapps/static,AVAILABLE}
2019-07-08 10:53:03,865 INFO  handler.ContextHandler (ContextHandler.java:doStart(781)) - Started o.e.j.w.WebAppContext@4f2d995e{/,file:///tmp/workdir/hadoop-hdds/container-service/target/classes/webapps/hddsDatanode/,AVAILABLE}{/hddsDatanode}
2019-07-08 10:53:03,866 INFO  server.AbstractConnector (AbstractConnector.java:doStart(278)) - Started ServerConnector@75156240{HTTP/1.1,[http/1.1]}{0.0.0.0:45710}
2019-07-08 10:53:03,867 INFO  server.Server (Server.java:doStart(419)) - Started @5595ms
2019-07-08 10:53:03,868 INFO  server.BaseHttpServer (BaseHttpServer.java:updateConnectorAddress(207)) - HTTP server of HDDSDATANODE is listening at http://0.0.0.0:45710
2019-07-08 10:53:03,937 INFO  datanode.InitDatanodeState (InitDatanodeState.java:persistContainerDatanodeDetails(140)) - DatanodeDetails is persisted to /tmp/workdir/hadoop-ozone/tools/target/test-dir/MiniOzoneClusterImpl-0183a8d0-c3db-4027-8e7b-52442f3761b2/datanode-0/meta/datanode.id
2019-07-08 10:53:04,075 INFO  ozone.HddsDatanodeService (HddsDatanodeService.java:startPlugins(396)) - Started plug-in org.apache.hadoop.ozone.web.OzoneHddsDatanodeService@6968c1d6
2019-07-08 10:53:04,076 INFO  impl.MetricsSystemImpl (MetricsSystemImpl.java:init(158)) - HddsDatanode metrics system started (again)
2019-07-08 10:53:04,077 INFO  ozone.HddsDatanodeService (HddsDatanodeService.java:start(185)) - HddsDatanodeService host:hdds1735-npqvj-2605347096 ip:192.168.5.132
2019-07-08 10:53:04,079 INFO  util.JvmPauseMonitor (JvmPauseMonitor.java:run(188)) - Starting JVM pause monitor
2019-07-08 10:53:04,086 INFO  datanode.InitDatanodeState (InitDatanodeState.java:persistContainerDatanodeDetails(140)) - DatanodeDetails is persisted to /tmp/workdir/hadoop-ozone/tools/target/test-dir/MiniOzoneClusterImpl-0183a8d0-c3db-4027-8e7b-52442f3761b2/datanode-1/meta/datanode.id
2019-07-08 10:53:04,089 INFO  volume.HddsVolume (HddsVolume.java:<init>(176)) - Creating Volume: /tmp/workdir/hadoop-ozone/tools/target/test-dir/MiniOzoneClusterImpl-0183a8d0-c3db-4027-8e7b-52442f3761b2/datanode-2/data/containers/hdds of  storage type : DISK and capacity : 52710309888
2019-07-08 10:53:04,089 INFO  volume.VolumeSet (VolumeSet.java:initializeVolumeSet(170)) - Added Volume : /tmp/workdir/hadoop-ozone/tools/target/test-dir/MiniOzoneClusterImpl-0183a8d0-c3db-4027-8e7b-52442f3761b2/datanode-2/data/containers/hdds to VolumeSet
2019-07-08 10:53:04,090 INFO  volume.ThrottledAsyncChecker (ThrottledAsyncChecker.java:schedule(140)) - Scheduling a check for org.apache.hadoop.ozone.container.common.volume.HddsVolume@6968bcec
2019-07-08 10:53:04,090 INFO  volume.HddsVolumeChecker (HddsVolumeChecker.java:checkAllVolumes(203)) - Scheduled health check for volume org.apache.hadoop.ozone.container.common.volume.HddsVolume@6968bcec
2019-07-08 10:53:04,106 INFO  ratis.XceiverServerRatis (XceiverServerRatis.java:newXceiverServerRatis(411)) - Found a free port for the server : 37423
2019-07-08 10:53:04,108 INFO  impl.RaftServerProxy (ConfUtils.java:logGet(43)) - raft.rpc.type = GRPC (default)
2019-07-08 10:53:04,108 INFO  grpc.GrpcFactory (GrpcFactory.java:checkPooledByteBufAllocatorUseCacheForAllThreads(45)) - PERFORMANCE WARNING: useCacheForAllThreads is true that may cause Netty to create a lot garbage objects and, as a result, trigger GC.
	It is recommended to disable useCacheForAllThreads by setting -Dorg.apache.ratis.thirdparty.io.netty.allocator.useCacheForAllThreads=false in command line.
2019-07-08 10:53:04,109 INFO  grpc.GrpcConfigKeys$Server (ConfUtils.java:logGet(43)) - raft.grpc.server.port = 37423 (custom)
2019-07-08 10:53:04,109 INFO  server.GrpcService (ConfUtils.java:logGet(43)) - raft.grpc.message.size.max = 33570816 (custom)
2019-07-08 10:53:04,109 INFO  server.RaftServerConfigKeys (ConfUtils.java:logGet(43)) - raft.server.log.appender.buffer.byte-limit = 33554432 (custom)
2019-07-08 10:53:04,109 INFO  server.GrpcService (ConfUtils.java:logGet(43)) - raft.grpc.flow.control.window = 1MB (=1048576) (default)
2019-07-08 10:53:04,110 INFO  server.RaftServerConfigKeys (ConfUtils.java:logGet(43)) - raft.server.rpc.request.timeout = 3000ms (default)
2019-07-08 10:53:04,110 INFO  server.RaftServerConfigKeys (ConfUtils.java:logGet(43)) - raft.server.storage.dir = [/tmp/workdir/hadoop-ozone/tools/target/test-dir/MiniOzoneClusterImpl-0183a8d0-c3db-4027-8e7b-52442f3761b2/datanode-2/data/ratis] (custom)
2019-07-08 10:53:04,110 INFO  server.XceiverServerGrpc (XceiverServerGrpc.java:<init>(97)) - Found a free port for the server : 45578
2019-07-08 10:53:04,111 INFO  replication.SimpleContainerDownloader (SimpleContainerDownloader.java:<init>(72)) - Starting container downloader service to copy containers to replicate.
2019-07-08 10:53:04,113 INFO  hdfs.DFSUtil (DFSUtil.java:httpServerTemplateForNNAndJN(1641)) - Starting Web-server for hddsDatanode at: http://0.0.0.0:0
2019-07-08 10:53:04,115 INFO  server.AuthenticationFilter (AuthenticationFilter.java:constructSecretProvider(240)) - Unable to initialize FileSignerSecretProvider, falling back to use random secrets.
2019-07-08 10:53:04,116 WARN  http.HttpRequestLog (HttpRequestLog.java:getRequestLog(97)) - Jetty request log can only be enabled using Log4j
2019-07-08 10:53:04,119 INFO  http.HttpServer2 (HttpServer2.java:addGlobalFilter(975)) - Added global filter 'safety' (class=org.apache.hadoop.http.HttpServer2$QuotingInputFilter)
2019-07-08 10:53:04,120 INFO  http.HttpServer2 (HttpServer2.java:addFilter(948)) - Added filter static_user_filter (class=org.apache.hadoop.http.lib.StaticUserWebFilter$StaticUserFilter) to context hddsDatanode
2019-07-08 10:53:04,120 INFO  http.HttpServer2 (HttpServer2.java:addFilter(958)) - Added filter static_user_filter (class=org.apache.hadoop.http.lib.StaticUserWebFilter$StaticUserFilter) to context static
2019-07-08 10:53:04,120 INFO  http.HttpServer2 (HttpServer2.java:addFilter(958)) - Added filter static_user_filter (class=org.apache.hadoop.http.lib.StaticUserWebFilter$StaticUserFilter) to context logs
2019-07-08 10:53:04,121 INFO  http.HttpServer2 (HttpServer2.java:bindListener(1191)) - Jetty bound to port 33317
2019-07-08 10:53:04,122 INFO  server.Server (Server.java:doStart(351)) - jetty-9.3.24.v20180605, build timestamp: 2018-06-05T17:11:56Z, git hash: 84205aa28f11a4f31f2a3b86d1bba2cc8ab69827
2019-07-08 10:53:04,126 INFO  handler.ContextHandler (ContextHandler.java:doStart(781)) - Started o.e.j.s.ServletContextHandler@1984212d{/logs,file:///tmp/workdir/hadoop-ozone/tools/target/log,AVAILABLE}
2019-07-08 10:53:04,127 INFO  handler.ContextHandler (ContextHandler.java:doStart(781)) - Started o.e.j.s.ServletContextHandler@4eaa375c{/static,file:///tmp/workdir/hadoop-hdds/container-service/target/classes/webapps/static,AVAILABLE}
2019-07-08 10:53:04,133 INFO  handler.ContextHandler (ContextHandler.java:doStart(781)) - Started o.e.j.w.WebAppContext@7c5d1d25{/,file:///tmp/workdir/hadoop-hdds/container-service/target/classes/webapps/hddsDatanode/,AVAILABLE}{/hddsDatanode}
2019-07-08 10:53:04,134 INFO  server.AbstractConnector (AbstractConnector.java:doStart(278)) - Started ServerConnector@550e9be6{HTTP/1.1,[http/1.1]}{0.0.0.0:33317}
2019-07-08 10:53:04,135 INFO  server.Server (Server.java:doStart(419)) - Started @5863ms
2019-07-08 10:53:04,136 INFO  server.BaseHttpServer (BaseHttpServer.java:updateConnectorAddress(207)) - HTTP server of HDDSDATANODE is listening at http://0.0.0.0:33317
2019-07-08 10:53:04,287 INFO  ozone.HddsDatanodeService (HddsDatanodeService.java:startPlugins(396)) - Started plug-in org.apache.hadoop.ozone.web.OzoneHddsDatanodeService@1b482cbf
2019-07-08 10:53:04,288 INFO  ozone.MiniOzoneClusterImpl (MiniOzoneClusterImpl.java:lambda$waitForClusterToBeReady$0(142)) - Waiting for cluster to be ready. Got 0 of 3 DN Heartbeats.
2019-07-08 10:53:04,289 INFO  util.JvmPauseMonitor (JvmPauseMonitor.java:run(188)) - Starting JVM pause monitor
2019-07-08 10:53:04,292 INFO  datanode.InitDatanodeState (InitDatanodeState.java:persistContainerDatanodeDetails(140)) - DatanodeDetails is persisted to /tmp/workdir/hadoop-ozone/tools/target/test-dir/MiniOzoneClusterImpl-0183a8d0-c3db-4027-8e7b-52442f3761b2/datanode-2/meta/datanode.id
2019-07-08 10:53:05,289 INFO  ozone.MiniOzoneClusterImpl (MiniOzoneClusterImpl.java:lambda$waitForClusterToBeReady$0(142)) - Waiting for cluster to be ready. Got 0 of 3 DN Heartbeats.
2019-07-08 10:53:05,872 INFO  ozoneimpl.OzoneContainer (OzoneContainer.java:start(186)) - Attempting to start container services.
2019-07-08 10:53:05,873 INFO  ozoneimpl.OzoneContainer (OzoneContainer.java:startContainerScrub(160)) - Background container scrubber has been disabled by hdds.containerscrub.enabled
2019-07-08 10:53:05,873 INFO  ratis.XceiverServerRatis (XceiverServerRatis.java:start(428)) - Starting XceiverServerRatis cf5aed27-0fe5-4f89-9e99-98cd6c6840c6 at port 41588
2019-07-08 10:53:05,904 INFO  impl.RaftServerProxy (RaftServerProxy.java:lambda$start$3(299)) - cf5aed27-0fe5-4f89-9e99-98cd6c6840c6: start RPC server
2019-07-08 10:53:06,041 INFO  server.GrpcService (GrpcService.java:startImpl(149)) - cf5aed27-0fe5-4f89-9e99-98cd6c6840c6: GrpcService started, listening on 0.0.0.0/0.0.0.0:41588
2019-07-08 10:53:06,096 INFO  ozoneimpl.OzoneContainer (OzoneContainer.java:start(186)) - Attempting to start container services.
2019-07-08 10:53:06,098 INFO  ozoneimpl.OzoneContainer (OzoneContainer.java:startContainerScrub(160)) - Background container scrubber has been disabled by hdds.containerscrub.enabled
2019-07-08 10:53:06,098 INFO  ratis.XceiverServerRatis (XceiverServerRatis.java:start(428)) - Starting XceiverServerRatis d2a7922a-3325-45ed-a3bc-86b1445bcdee at port 40841
2019-07-08 10:53:06,112 INFO  impl.RaftServerProxy (RaftServerProxy.java:lambda$start$3(299)) - d2a7922a-3325-45ed-a3bc-86b1445bcdee: start RPC server
2019-07-08 10:53:06,115 INFO  server.GrpcService (GrpcService.java:startImpl(149)) - d2a7922a-3325-45ed-a3bc-86b1445bcdee: GrpcService started, listening on 0.0.0.0/0.0.0.0:40841
2019-07-08 10:53:06,289 INFO  ozone.MiniOzoneClusterImpl (MiniOzoneClusterImpl.java:lambda$waitForClusterToBeReady$0(142)) - Waiting for cluster to be ready. Got 0 of 3 DN Heartbeats.
2019-07-08 10:53:06,298 INFO  ozoneimpl.OzoneContainer (OzoneContainer.java:start(186)) - Attempting to start container services.
2019-07-08 10:53:06,300 INFO  ozoneimpl.OzoneContainer (OzoneContainer.java:startContainerScrub(160)) - Background container scrubber has been disabled by hdds.containerscrub.enabled
2019-07-08 10:53:06,300 INFO  ratis.XceiverServerRatis (XceiverServerRatis.java:start(428)) - Starting XceiverServerRatis 9ba5f608-63ba-4f3a-8360-c7790c938c5c at port 37423
2019-07-08 10:53:06,316 INFO  impl.RaftServerProxy (RaftServerProxy.java:lambda$start$3(299)) - 9ba5f608-63ba-4f3a-8360-c7790c938c5c: start RPC server
2019-07-08 10:53:06,319 INFO  server.GrpcService (GrpcService.java:startImpl(149)) - 9ba5f608-63ba-4f3a-8360-c7790c938c5c: GrpcService started, listening on 0.0.0.0/0.0.0.0:37423
2019-07-08 10:53:07,290 INFO  ozone.MiniOzoneClusterImpl (MiniOzoneClusterImpl.java:lambda$waitForClusterToBeReady$0(142)) - Waiting for cluster to be ready. Got 0 of 3 DN Heartbeats.
2019-07-08 10:53:07,850 INFO  net.NetworkTopology (NetworkTopologyImpl.java:add(109)) - Added a new node: /default-rack/192.168.5.132
2019-07-08 10:53:07,851 INFO  node.SCMNodeManager (SCMNodeManager.java:register(268)) - Registered Data node : cf5aed27-0fe5-4f89-9e99-98cd6c6840c6{ip: 192.168.5.132, host: hdds1735-npqvj-2605347096, networkLocation: /default-rack, certSerialId: null}
2019-07-08 10:53:07,905 INFO  safemode.SCMSafeModeManager (DataNodeSafeModeRule.java:process(71)) - SCM in safe mode. 1 DataNodes registered, 1 required.
2019-07-08 10:53:07,905 INFO  safemode.SCMSafeModeManager (SCMSafeModeManager.java:validateSafeModeExitRules(177)) - ScmSafeModeManager, all rules are successfully validated
2019-07-08 10:53:07,905 INFO  safemode.SCMSafeModeManager (SCMSafeModeManager.java:exitSafeMode(193)) - SCM exiting safe mode.
2019-07-08 10:53:08,083 INFO  node.SCMNodeManager (SCMNodeManager.java:register(268)) - Registered Data node : d2a7922a-3325-45ed-a3bc-86b1445bcdee{ip: 192.168.5.132, host: hdds1735-npqvj-2605347096, networkLocation: /default-rack, certSerialId: null}
2019-07-08 10:53:08,291 INFO  ozone.MiniOzoneClusterImpl (MiniOzoneClusterImpl.java:lambda$waitForClusterToBeReady$0(142)) - Waiting for cluster to be ready. Got 2 of 3 DN Heartbeats.
2019-07-08 10:53:08,292 INFO  node.SCMNodeManager (SCMNodeManager.java:register(268)) - Registered Data node : 9ba5f608-63ba-4f3a-8360-c7790c938c5c{ip: 192.168.5.132, host: hdds1735-npqvj-2605347096, networkLocation: /default-rack, certSerialId: null}
2019-07-08 10:53:08,480 INFO  impl.RaftServerProxy (RaftServerProxy.java:addNew(89)) - cf5aed27-0fe5-4f89-9e99-98cd6c6840c6: addNew group-6920DBF49CB5:[cf5aed27-0fe5-4f89-9e99-98cd6c6840c6:192.168.5.132:41588] returns group-6920DBF49CB5:java.util.concurrent.CompletableFuture@113b1e3c[Not completed]
2019-07-08 10:53:08,494 INFO  impl.RaftServerImpl (RaftServerImpl.java:<init>(93)) - cf5aed27-0fe5-4f89-9e99-98cd6c6840c6: new RaftServerImpl for group-6920DBF49CB5:[cf5aed27-0fe5-4f89-9e99-98cd6c6840c6:192.168.5.132:41588] with ContainerStateMachine:uninitialized
2019-07-08 10:53:08,497 INFO  server.RaftServerConfigKeys (ConfUtils.java:logGet(43)) - raft.server.rpc.timeout.min = 1s (custom)
2019-07-08 10:53:08,498 INFO  server.RaftServerConfigKeys (ConfUtils.java:logGet(43)) - raft.server.rpc.timeout.max = 1200ms (custom)
2019-07-08 10:53:08,498 INFO  server.RaftServerConfigKeys (ConfUtils.java:logGet(43)) - raft.server.rpcslowness.timeout = 120s (custom)
2019-07-08 10:53:08,499 INFO  server.RaftServerConfigKeys (ConfUtils.java:logGet(43)) - raft.server.sleep.deviation.threshold = 300 (default)
2019-07-08 10:53:08,499 INFO  server.RaftServerConfigKeys (ConfUtils.java:logGet(43)) - raft.server.log.appender.install.snapshot.enabled = false (custom)
2019-07-08 10:53:08,506 INFO  impl.RaftServerImpl (ServerState.java:<init>(105)) - cf5aed27-0fe5-4f89-9e99-98cd6c6840c6:group-6920DBF49CB5 ConfigurationManager, init=-1: [cf5aed27-0fe5-4f89-9e99-98cd6c6840c6:192.168.5.132:41588], old=null, confs=<EMPTY_MAP>
2019-07-08 10:53:08,507 INFO  server.RaftServerConfigKeys (ConfUtils.java:logGet(43)) - raft.server.storage.dir = [/tmp/workdir/hadoop-ozone/tools/target/test-dir/MiniOzoneClusterImpl-0183a8d0-c3db-4027-8e7b-52442f3761b2/datanode-0/data/ratis] (custom)
2019-07-08 10:53:08,513 INFO  storage.RaftStorageDirectory (RaftStorageDirectory.java:analyzeStorage(246)) - The storage directory /tmp/workdir/hadoop-ozone/tools/target/test-dir/MiniOzoneClusterImpl-0183a8d0-c3db-4027-8e7b-52442f3761b2/datanode-0/data/ratis/80a9ae63-2ead-4b38-bdc5-6920dbf49cb5 does not exist. Creating ...
2019-07-08 10:53:08,529 INFO  storage.RaftStorageDirectory (RaftStorageDirectory.java:tryLock(328)) - Lock on /tmp/workdir/hadoop-ozone/tools/target/test-dir/MiniOzoneClusterImpl-0183a8d0-c3db-4027-8e7b-52442f3761b2/datanode-0/data/ratis/80a9ae63-2ead-4b38-bdc5-6920dbf49cb5/in_use.lock acquired by nodename 22454@hdds1735-npqvj-2605347096
2019-07-08 10:53:08,534 INFO  storage.RaftStorage (RaftStorage.java:format(72)) - Storage directory /tmp/workdir/hadoop-ozone/tools/target/test-dir/MiniOzoneClusterImpl-0183a8d0-c3db-4027-8e7b-52442f3761b2/datanode-0/data/ratis/80a9ae63-2ead-4b38-bdc5-6920dbf49cb5 has been successfully formatted.
2019-07-08 10:53:08,536 INFO  ratis.ContainerStateMachine (ContainerStateMachine.java:loadSnapshot(198)) - The snapshot info is null.Setting the last applied index to:(t:0, i:~)
2019-07-08 10:53:08,536 INFO  server.RaftServerConfigKeys (ConfUtils.java:logGet(43)) - raft.server.leader.election.timeout = 120s (custom)
2019-07-08 10:53:08,538 INFO  server.RaftServerConfigKeys (ConfUtils.java:logGet(43)) - raft.server.log.use.memory = false (default)
2019-07-08 10:53:08,543 INFO  server.RaftServerConfigKeys (ConfUtils.java:logGet(43)) - raft.server.log.purge.gap = 1000000000 (custom)
2019-07-08 10:53:08,543 INFO  server.RaftServerConfigKeys (ConfUtils.java:logGet(43)) - raft.server.log.appender.buffer.byte-limit = 33554432 (custom)
2019-07-08 10:53:08,544 INFO  server.RaftServerConfigKeys (ConfUtils.java:logGet(43)) - raft.server.log.segment.size.max = 1048576 (custom)
2019-07-08 10:53:08,549 INFO  server.RaftServerConfigKeys (ConfUtils.java:logGet(43)) - raft.server.log.segment.cache.num.max = 2 (custom)
2019-07-08 10:53:08,554 INFO  segmented.SegmentedRaftLogWorker (SegmentedRaftLogWorker.java:<init>(172)) - new cf5aed27-0fe5-4f89-9e99-98cd6c6840c6-SegmentedRaftLogWorker:Storage Directory /tmp/workdir/hadoop-ozone/tools/target/test-dir/MiniOzoneClusterImpl-0183a8d0-c3db-4027-8e7b-52442f3761b2/datanode-0/data/ratis/80a9ae63-2ead-4b38-bdc5-6920dbf49cb5 for RaftStorage:Storage Directory /tmp/workdir/hadoop-ozone/tools/target/test-dir/MiniOzoneClusterImpl-0183a8d0-c3db-4027-8e7b-52442f3761b2/datanode-0/data/ratis/80a9ae63-2ead-4b38-bdc5-6920dbf49cb5
2019-07-08 10:53:08,567 INFO  server.RaftServerConfigKeys (ConfUtils.java:logGet(43)) - raft.server.log.queue.byte-limit = 2147483647 (custom)
2019-07-08 10:53:08,568 INFO  server.RaftServerConfigKeys (ConfUtils.java:logGet(43)) - raft.server.log.queue.element-limit = 1024 (custom)
2019-07-08 10:53:08,573 INFO  server.RaftServerConfigKeys (ConfUtils.java:logGet(43)) - raft.server.log.segment.size.max = 1048576 (custom)
2019-07-08 10:53:08,573 INFO  server.RaftServerConfigKeys (ConfUtils.java:logGet(43)) - raft.server.log.preallocated.size = 16384 (custom)
2019-07-08 10:53:08,574 INFO  server.RaftServerConfigKeys (ConfUtils.java:logGet(43)) - raft.server.log.write.buffer.size = 33554432 (custom)
2019-07-08 10:53:08,574 INFO  server.RaftServerConfigKeys (ConfUtils.java:logGet(43)) - raft.server.log.force.sync.num = 128 (default)
2019-07-08 10:53:08,575 INFO  server.RaftServerConfigKeys (ConfUtils.java:logGet(43)) - raft.server.log.statemachine.data.sync = true (default)
2019-07-08 10:53:08,575 INFO  server.RaftServerConfigKeys (ConfUtils.java:logGet(43)) - raft.server.log.statemachine.data.sync.timeout = 10s (default)
2019-07-08 10:53:08,576 INFO  server.RaftServerConfigKeys (ConfUtils.java:logGet(43)) - raft.server.log.statemachine.data.sync.timeout.retry = -1 (default)
2019-07-08 10:53:08,587 INFO  server.RaftServerConfigKeys (ConfUtils.java:logGet(43)) - raft.server.log.statemachine.data.caching.enabled = true (custom)
2019-07-08 10:53:08,591 INFO  segmented.SegmentedRaftLogWorker (SegmentedRaftLogWorker.java:lambda$new$0(132)) - cf5aed27-0fe5-4f89-9e99-98cd6c6840c6-SegmentedRaftLogWorker:Storage Directory /tmp/workdir/hadoop-ozone/tools/target/test-dir/MiniOzoneClusterImpl-0183a8d0-c3db-4027-8e7b-52442f3761b2/datanode-0/data/ratis/80a9ae63-2ead-4b38-bdc5-6920dbf49cb5: flushIndex: setUnconditionally 0 -> -1
2019-07-08 10:53:08,595 INFO  server.RaftServerConfigKeys (ConfUtils.java:logGet(43)) - raft.server.snapshot.auto.trigger.enabled = true (custom)
2019-07-08 10:53:08,596 INFO  server.RaftServerConfigKeys (ConfUtils.java:logGet(43)) - raft.server.snapshot.auto.trigger.threshold = 10000 (custom)
2019-07-08 10:53:08,596 INFO  server.RaftServerConfigKeys (ConfUtils.java:logGet(43)) - raft.server.retrycache.expirytime = 600000ms (custom)
2019-07-08 10:53:08,851 INFO  impl.RaftServerImpl (RaftServerImpl.java:start(180)) - cf5aed27-0fe5-4f89-9e99-98cd6c6840c6: start group-6920DBF49CB5
2019-07-08 10:53:08,852 INFO  impl.RaftServerImpl (RaftServerImpl.java:setRole(171)) - cf5aed27-0fe5-4f89-9e99-98cd6c6840c6:group-6920DBF49CB5 changes role from null to FOLLOWER at term 0 for startAsFollower
2019-07-08 10:53:08,855 INFO  impl.RoleInfo (RoleInfo.java:updateAndGet(143)) - cf5aed27-0fe5-4f89-9e99-98cd6c6840c6: start FollowerState
2019-07-08 10:53:08,857 INFO  util.JmxRegister (JmxRegister.java:tryRegister(44)) - Successfully registered JMX Bean with object name Ratis:service=RaftServer,group=group-6920DBF49CB5,id=cf5aed27-0fe5-4f89-9e99-98cd6c6840c6
2019-07-08 10:53:08,926 INFO  pipeline.PipelineStateManager (PipelineStateManager.java:addPipeline(56)) - Created pipeline Pipeline[ Id: 80a9ae63-2ead-4b38-bdc5-6920dbf49cb5, Nodes: cf5aed27-0fe5-4f89-9e99-98cd6c6840c6{ip: 192.168.5.132, host: hdds1735-npqvj-2605347096, networkLocation: /default-rack, certSerialId: null}, Type:RATIS, Factor:ONE, State:OPEN]
2019-07-08 10:53:08,947 INFO  impl.RaftServerProxy (RaftServerProxy.java:addNew(89)) - 9ba5f608-63ba-4f3a-8360-c7790c938c5c: addNew group-C798DFCD4916:[9ba5f608-63ba-4f3a-8360-c7790c938c5c:192.168.5.132:37423] returns group-C798DFCD4916:java.util.concurrent.CompletableFuture@4d157b4c[Not completed]
2019-07-08 10:53:08,969 INFO  impl.RaftServerImpl (RaftServerImpl.java:<init>(93)) - 9ba5f608-63ba-4f3a-8360-c7790c938c5c: new RaftServerImpl for group-C798DFCD4916:[9ba5f608-63ba-4f3a-8360-c7790c938c5c:192.168.5.132:37423] with ContainerStateMachine:uninitialized
2019-07-08 10:53:08,971 INFO  server.RaftServerConfigKeys (ConfUtils.java:logGet(43)) - raft.server.rpc.timeout.min = 1s (custom)
2019-07-08 10:53:08,971 INFO  server.RaftServerConfigKeys (ConfUtils.java:logGet(43)) - raft.server.rpc.timeout.max = 1200ms (custom)
2019-07-08 10:53:08,971 INFO  server.RaftServerConfigKeys (ConfUtils.java:logGet(43)) - raft.server.rpcslowness.timeout = 120s (custom)
2019-07-08 10:53:08,972 INFO  server.RaftServerConfigKeys (ConfUtils.java:logGet(43)) - raft.server.sleep.deviation.threshold = 300 (default)
2019-07-08 10:53:08,972 INFO  server.RaftServerConfigKeys (ConfUtils.java:logGet(43)) - raft.server.log.appender.install.snapshot.enabled = false (custom)
2019-07-08 10:53:08,972 INFO  impl.RaftServerImpl (ServerState.java:<init>(105)) - 9ba5f608-63ba-4f3a-8360-c7790c938c5c:group-C798DFCD4916 ConfigurationManager, init=-1: [9ba5f608-63ba-4f3a-8360-c7790c938c5c:192.168.5.132:37423], old=null, confs=<EMPTY_MAP>
2019-07-08 10:53:08,972 INFO  server.RaftServerConfigKeys (ConfUtils.java:logGet(43)) - raft.server.storage.dir = [/tmp/workdir/hadoop-ozone/tools/target/test-dir/MiniOzoneClusterImpl-0183a8d0-c3db-4027-8e7b-52442f3761b2/datanode-2/data/ratis] (custom)
2019-07-08 10:53:08,973 INFO  storage.RaftStorageDirectory (RaftStorageDirectory.java:analyzeStorage(246)) - The storage directory /tmp/workdir/hadoop-ozone/tools/target/test-dir/MiniOzoneClusterImpl-0183a8d0-c3db-4027-8e7b-52442f3761b2/datanode-2/data/ratis/33ec037f-56c6-409b-b36b-c798dfcd4916 does not exist. Creating ...
2019-07-08 10:53:08,979 INFO  storage.RaftStorageDirectory (RaftStorageDirectory.java:tryLock(328)) - Lock on /tmp/workdir/hadoop-ozone/tools/target/test-dir/MiniOzoneClusterImpl-0183a8d0-c3db-4027-8e7b-52442f3761b2/datanode-2/data/ratis/33ec037f-56c6-409b-b36b-c798dfcd4916/in_use.lock acquired by nodename 22454@hdds1735-npqvj-2605347096
2019-07-08 10:53:08,982 INFO  storage.RaftStorage (RaftStorage.java:format(72)) - Storage directory /tmp/workdir/hadoop-ozone/tools/target/test-dir/MiniOzoneClusterImpl-0183a8d0-c3db-4027-8e7b-52442f3761b2/datanode-2/data/ratis/33ec037f-56c6-409b-b36b-c798dfcd4916 has been successfully formatted.
2019-07-08 10:53:08,983 INFO  ratis.ContainerStateMachine (ContainerStateMachine.java:loadSnapshot(198)) - The snapshot info is null.Setting the last applied index to:(t:0, i:~)
2019-07-08 10:53:08,984 INFO  server.RaftServerConfigKeys (ConfUtils.java:logGet(43)) - raft.server.leader.election.timeout = 120s (custom)
2019-07-08 10:53:08,984 INFO  server.RaftServerConfigKeys (ConfUtils.java:logGet(43)) - raft.server.log.use.memory = false (default)
2019-07-08 10:53:08,984 INFO  server.RaftServerConfigKeys (ConfUtils.java:logGet(43)) - raft.server.log.purge.gap = 1000000000 (custom)
2019-07-08 10:53:08,985 INFO  server.RaftServerConfigKeys (ConfUtils.java:logGet(43)) - raft.server.log.appender.buffer.byte-limit = 33554432 (custom)
2019-07-08 10:53:08,985 INFO  server.RaftServerConfigKeys (ConfUtils.java:logGet(43)) - raft.server.log.segment.size.max = 1048576 (custom)
2019-07-08 10:53:08,985 INFO  server.RaftServerConfigKeys (ConfUtils.java:logGet(43)) - raft.server.log.segment.cache.num.max = 2 (custom)
2019-07-08 10:53:08,985 INFO  segmented.SegmentedRaftLogWorker (SegmentedRaftLogWorker.java:<init>(172)) - new 9ba5f608-63ba-4f3a-8360-c7790c938c5c-SegmentedRaftLogWorker:Storage Directory /tmp/workdir/hadoop-ozone/tools/target/test-dir/MiniOzoneClusterImpl-0183a8d0-c3db-4027-8e7b-52442f3761b2/datanode-2/data/ratis/33ec037f-56c6-409b-b36b-c798dfcd4916 for RaftStorage:Storage Directory /tmp/workdir/hadoop-ozone/tools/target/test-dir/MiniOzoneClusterImpl-0183a8d0-c3db-4027-8e7b-52442f3761b2/datanode-2/data/ratis/33ec037f-56c6-409b-b36b-c798dfcd4916
2019-07-08 10:53:08,986 INFO  server.RaftServerConfigKeys (ConfUtils.java:logGet(43)) - raft.server.log.queue.byte-limit = 2147483647 (custom)
2019-07-08 10:53:08,987 INFO  server.RaftServerConfigKeys (ConfUtils.java:logGet(43)) - raft.server.log.queue.element-limit = 1024 (custom)
2019-07-08 10:53:08,987 INFO  server.RaftServerConfigKeys (ConfUtils.java:logGet(43)) - raft.server.log.segment.size.max = 1048576 (custom)
2019-07-08 10:53:08,987 INFO  server.RaftServerConfigKeys (ConfUtils.java:logGet(43)) - raft.server.log.preallocated.size = 16384 (custom)
2019-07-08 10:53:08,988 INFO  server.RaftServerConfigKeys (ConfUtils.java:logGet(43)) - raft.server.log.write.buffer.size = 33554432 (custom)
2019-07-08 10:53:08,988 INFO  server.RaftServerConfigKeys (ConfUtils.java:logGet(43)) - raft.server.log.force.sync.num = 128 (default)
2019-07-08 10:53:08,988 INFO  server.RaftServerConfigKeys (ConfUtils.java:logGet(43)) - raft.server.log.statemachine.data.sync = true (default)
2019-07-08 10:53:08,988 INFO  server.RaftServerConfigKeys (ConfUtils.java:logGet(43)) - raft.server.log.statemachine.data.sync.timeout = 10s (default)
2019-07-08 10:53:08,988 INFO  server.RaftServerConfigKeys (ConfUtils.java:logGet(43)) - raft.server.log.statemachine.data.sync.timeout.retry = -1 (default)
2019-07-08 10:53:08,989 INFO  server.RaftServerConfigKeys (ConfUtils.java:logGet(43)) - raft.server.log.statemachine.data.caching.enabled = true (custom)
2019-07-08 10:53:08,989 INFO  segmented.SegmentedRaftLogWorker (SegmentedRaftLogWorker.java:lambda$new$0(132)) - 9ba5f608-63ba-4f3a-8360-c7790c938c5c-SegmentedRaftLogWorker:Storage Directory /tmp/workdir/hadoop-ozone/tools/target/test-dir/MiniOzoneClusterImpl-0183a8d0-c3db-4027-8e7b-52442f3761b2/datanode-2/data/ratis/33ec037f-56c6-409b-b36b-c798dfcd4916: flushIndex: setUnconditionally 0 -> -1
2019-07-08 10:53:08,990 INFO  server.RaftServerConfigKeys (ConfUtils.java:logGet(43)) - raft.server.snapshot.auto.trigger.enabled = true (custom)
2019-07-08 10:53:08,990 INFO  server.RaftServerConfigKeys (ConfUtils.java:logGet(43)) - raft.server.snapshot.auto.trigger.threshold = 10000 (custom)
2019-07-08 10:53:08,990 INFO  server.RaftServerConfigKeys (ConfUtils.java:logGet(43)) - raft.server.retrycache.expirytime = 600000ms (custom)
2019-07-08 10:53:08,991 INFO  impl.RaftServerImpl (RaftServerImpl.java:start(180)) - 9ba5f608-63ba-4f3a-8360-c7790c938c5c: start group-C798DFCD4916
2019-07-08 10:53:08,991 INFO  impl.RaftServerImpl (RaftServerImpl.java:setRole(171)) - 9ba5f608-63ba-4f3a-8360-c7790c938c5c:group-C798DFCD4916 changes role from null to FOLLOWER at term 0 for startAsFollower
2019-07-08 10:53:08,991 INFO  impl.RoleInfo (RoleInfo.java:updateAndGet(143)) - 9ba5f608-63ba-4f3a-8360-c7790c938c5c: start FollowerState
2019-07-08 10:53:08,992 INFO  util.JmxRegister (JmxRegister.java:tryRegister(44)) - Successfully registered JMX Bean with object name Ratis:service=RaftServer,group=group-C798DFCD4916,id=9ba5f608-63ba-4f3a-8360-c7790c938c5c
2019-07-08 10:53:09,006 INFO  pipeline.PipelineStateManager (PipelineStateManager.java:addPipeline(56)) - Created pipeline Pipeline[ Id: 33ec037f-56c6-409b-b36b-c798dfcd4916, Nodes: 9ba5f608-63ba-4f3a-8360-c7790c938c5c{ip: 192.168.5.132, host: hdds1735-npqvj-2605347096, networkLocation: /default-rack, certSerialId: null}, Type:RATIS, Factor:ONE, State:OPEN]
2019-07-08 10:53:09,024 INFO  impl.RaftServerProxy (RaftServerProxy.java:addNew(89)) - d2a7922a-3325-45ed-a3bc-86b1445bcdee: addNew group-F56F9AEEAAF6:[d2a7922a-3325-45ed-a3bc-86b1445bcdee:192.168.5.132:40841] returns group-F56F9AEEAAF6:java.util.concurrent.CompletableFuture@a8d41dc[Not completed]
2019-07-08 10:53:09,027 INFO  impl.RaftServerImpl (RaftServerImpl.java:<init>(93)) - d2a7922a-3325-45ed-a3bc-86b1445bcdee: new RaftServerImpl for group-F56F9AEEAAF6:[d2a7922a-3325-45ed-a3bc-86b1445bcdee:192.168.5.132:40841] with ContainerStateMachine:uninitialized
2019-07-08 10:53:09,028 INFO  server.RaftServerConfigKeys (ConfUtils.java:logGet(43)) - raft.server.rpc.timeout.min = 1s (custom)
2019-07-08 10:53:09,029 INFO  server.RaftServerConfigKeys (ConfUtils.java:logGet(43)) - raft.server.rpc.timeout.max = 1200ms (custom)
2019-07-08 10:53:09,029 INFO  server.RaftServerConfigKeys (ConfUtils.java:logGet(43)) - raft.server.rpcslowness.timeout = 120s (custom)
2019-07-08 10:53:09,029 INFO  server.RaftServerConfigKeys (ConfUtils.java:logGet(43)) - raft.server.sleep.deviation.threshold = 300 (default)
2019-07-08 10:53:09,029 INFO  server.RaftServerConfigKeys (ConfUtils.java:logGet(43)) - raft.server.log.appender.install.snapshot.enabled = false (custom)
2019-07-08 10:53:09,029 INFO  impl.RaftServerImpl (ServerState.java:<init>(105)) - d2a7922a-3325-45ed-a3bc-86b1445bcdee:group-F56F9AEEAAF6 ConfigurationManager, init=-1: [d2a7922a-3325-45ed-a3bc-86b1445bcdee:192.168.5.132:40841], old=null, confs=<EMPTY_MAP>
2019-07-08 10:53:09,030 INFO  server.RaftServerConfigKeys (ConfUtils.java:logGet(43)) - raft.server.storage.dir = [/tmp/workdir/hadoop-ozone/tools/target/test-dir/MiniOzoneClusterImpl-0183a8d0-c3db-4027-8e7b-52442f3761b2/datanode-1/data/ratis] (custom)
2019-07-08 10:53:09,030 INFO  storage.RaftStorageDirectory (RaftStorageDirectory.java:analyzeStorage(246)) - The storage directory /tmp/workdir/hadoop-ozone/tools/target/test-dir/MiniOzoneClusterImpl-0183a8d0-c3db-4027-8e7b-52442f3761b2/datanode-1/data/ratis/d9451e74-f678-4fa3-8de5-f56f9aeeaaf6 does not exist. Creating ...
2019-07-08 10:53:09,041 INFO  storage.RaftStorageDirectory (RaftStorageDirectory.java:tryLock(328)) - Lock on /tmp/workdir/hadoop-ozone/tools/target/test-dir/MiniOzoneClusterImpl-0183a8d0-c3db-4027-8e7b-52442f3761b2/datanode-1/data/ratis/d9451e74-f678-4fa3-8de5-f56f9aeeaaf6/in_use.lock acquired by nodename 22454@hdds1735-npqvj-2605347096
2019-07-08 10:53:09,046 INFO  storage.RaftStorage (RaftStorage.java:format(72)) - Storage directory /tmp/workdir/hadoop-ozone/tools/target/test-dir/MiniOzoneClusterImpl-0183a8d0-c3db-4027-8e7b-52442f3761b2/datanode-1/data/ratis/d9451e74-f678-4fa3-8de5-f56f9aeeaaf6 has been successfully formatted.
2019-07-08 10:53:09,046 INFO  ratis.ContainerStateMachine (ContainerStateMachine.java:loadSnapshot(198)) - The snapshot info is null.Setting the last applied index to:(t:0, i:~)
2019-07-08 10:53:09,046 INFO  server.RaftServerConfigKeys (ConfUtils.java:logGet(43)) - raft.server.leader.election.timeout = 120s (custom)
2019-07-08 10:53:09,046 INFO  server.RaftServerConfigKeys (ConfUtils.java:logGet(43)) - raft.server.log.use.memory = false (default)
2019-07-08 10:53:09,047 INFO  server.RaftServerConfigKeys (ConfUtils.java:logGet(43)) - raft.server.log.purge.gap = 1000000000 (custom)
2019-07-08 10:53:09,047 INFO  server.RaftServerConfigKeys (ConfUtils.java:logGet(43)) - raft.server.log.appender.buffer.byte-limit = 33554432 (custom)
2019-07-08 10:53:09,047 INFO  server.RaftServerConfigKeys (ConfUtils.java:logGet(43)) - raft.server.log.segment.size.max = 1048576 (custom)
2019-07-08 10:53:09,047 INFO  server.RaftServerConfigKeys (ConfUtils.java:logGet(43)) - raft.server.log.segment.cache.num.max = 2 (custom)
2019-07-08 10:53:09,047 INFO  segmented.SegmentedRaftLogWorker (SegmentedRaftLogWorker.java:<init>(172)) - new d2a7922a-3325-45ed-a3bc-86b1445bcdee-SegmentedRaftLogWorker:Storage Directory /tmp/workdir/hadoop-ozone/tools/target/test-dir/MiniOzoneClusterImpl-0183a8d0-c3db-4027-8e7b-52442f3761b2/datanode-1/data/ratis/d9451e74-f678-4fa3-8de5-f56f9aeeaaf6 for RaftStorage:Storage Directory /tmp/workdir/hadoop-ozone/tools/target/test-dir/MiniOzoneClusterImpl-0183a8d0-c3db-4027-8e7b-52442f3761b2/datanode-1/data/ratis/d9451e74-f678-4fa3-8de5-f56f9aeeaaf6
2019-07-08 10:53:09,048 INFO  server.RaftServerConfigKeys (ConfUtils.java:logGet(43)) - raft.server.log.queue.byte-limit = 2147483647 (custom)
2019-07-08 10:53:09,048 INFO  server.RaftServerConfigKeys (ConfUtils.java:logGet(43)) - raft.server.log.queue.element-limit = 1024 (custom)
2019-07-08 10:53:09,048 INFO  server.RaftServerConfigKeys (ConfUtils.java:logGet(43)) - raft.server.log.segment.size.max = 1048576 (custom)
2019-07-08 10:53:09,049 INFO  server.RaftServerConfigKeys (ConfUtils.java:logGet(43)) - raft.server.log.preallocated.size = 16384 (custom)
2019-07-08 10:53:09,049 INFO  server.RaftServerConfigKeys (ConfUtils.java:logGet(43)) - raft.server.log.write.buffer.size = 33554432 (custom)
2019-07-08 10:53:09,049 INFO  server.RaftServerConfigKeys (ConfUtils.java:logGet(43)) - raft.server.log.force.sync.num = 128 (default)
2019-07-08 10:53:09,049 INFO  server.RaftServerConfigKeys (ConfUtils.java:logGet(43)) - raft.server.log.statemachine.data.sync = true (default)
2019-07-08 10:53:09,050 INFO  server.RaftServerConfigKeys (ConfUtils.java:logGet(43)) - raft.server.log.statemachine.data.sync.timeout = 10s (default)
2019-07-08 10:53:09,050 INFO  server.RaftServerConfigKeys (ConfUtils.java:logGet(43)) - raft.server.log.statemachine.data.sync.timeout.retry = -1 (default)
2019-07-08 10:53:09,050 INFO  server.RaftServerConfigKeys (ConfUtils.java:logGet(43)) - raft.server.log.statemachine.data.caching.enabled = true (custom)
2019-07-08 10:53:09,051 INFO  segmented.SegmentedRaftLogWorker (SegmentedRaftLogWorker.java:lambda$new$0(132)) - d2a7922a-3325-45ed-a3bc-86b1445bcdee-SegmentedRaftLogWorker:Storage Directory /tmp/workdir/hadoop-ozone/tools/target/test-dir/MiniOzoneClusterImpl-0183a8d0-c3db-4027-8e7b-52442f3761b2/datanode-1/data/ratis/d9451e74-f678-4fa3-8de5-f56f9aeeaaf6: flushIndex: setUnconditionally 0 -> -1
2019-07-08 10:53:09,051 INFO  server.RaftServerConfigKeys (ConfUtils.java:logGet(43)) - raft.server.snapshot.auto.trigger.enabled = true (custom)
2019-07-08 10:53:09,051 INFO  server.RaftServerConfigKeys (ConfUtils.java:logGet(43)) - raft.server.snapshot.auto.trigger.threshold = 10000 (custom)
2019-07-08 10:53:09,052 INFO  server.RaftServerConfigKeys (ConfUtils.java:logGet(43)) - raft.server.retrycache.expirytime = 600000ms (custom)
2019-07-08 10:53:09,052 INFO  impl.RaftServerImpl (RaftServerImpl.java:start(180)) - d2a7922a-3325-45ed-a3bc-86b1445bcdee: start group-F56F9AEEAAF6
2019-07-08 10:53:09,052 INFO  impl.RaftServerImpl (RaftServerImpl.java:setRole(171)) - d2a7922a-3325-45ed-a3bc-86b1445bcdee:group-F56F9AEEAAF6 changes role from null to FOLLOWER at term 0 for startAsFollower
2019-07-08 10:53:09,052 INFO  impl.RoleInfo (RoleInfo.java:updateAndGet(143)) - d2a7922a-3325-45ed-a3bc-86b1445bcdee: start FollowerState
2019-07-08 10:53:09,053 INFO  util.JmxRegister (JmxRegister.java:tryRegister(44)) - Successfully registered JMX Bean with object name Ratis:service=RaftServer,group=group-F56F9AEEAAF6,id=d2a7922a-3325-45ed-a3bc-86b1445bcdee
2019-07-08 10:53:09,063 INFO  pipeline.PipelineStateManager (PipelineStateManager.java:addPipeline(56)) - Created pipeline Pipeline[ Id: d9451e74-f678-4fa3-8de5-f56f9aeeaaf6, Nodes: d2a7922a-3325-45ed-a3bc-86b1445bcdee{ip: 192.168.5.132, host: hdds1735-npqvj-2605347096, networkLocation: /default-rack, certSerialId: null}, Type:RATIS, Factor:ONE, State:OPEN]
2019-07-08 10:53:09,096 INFO  impl.RaftServerProxy (RaftServerProxy.java:addNew(89)) - 9ba5f608-63ba-4f3a-8360-c7790c938c5c: addNew group-1148154A86BC:[9ba5f608-63ba-4f3a-8360-c7790c938c5c:192.168.5.132:37423, d2a7922a-3325-45ed-a3bc-86b1445bcdee:192.168.5.132:40841, cf5aed27-0fe5-4f89-9e99-98cd6c6840c6:192.168.5.132:41588] returns group-1148154A86BC:java.util.concurrent.CompletableFuture@171c6bac[Not completed]
2019-07-08 10:53:09,096 INFO  impl.RaftServerProxy (RaftServerProxy.java:addNew(89)) - d2a7922a-3325-45ed-a3bc-86b1445bcdee: addNew group-1148154A86BC:[9ba5f608-63ba-4f3a-8360-c7790c938c5c:192.168.5.132:37423, d2a7922a-3325-45ed-a3bc-86b1445bcdee:192.168.5.132:40841, cf5aed27-0fe5-4f89-9e99-98cd6c6840c6:192.168.5.132:41588] returns group-1148154A86BC:java.util.concurrent.CompletableFuture@1ce9e916[Not completed]
2019-07-08 10:53:09,097 INFO  impl.RaftServerProxy (RaftServerProxy.java:addNew(89)) - cf5aed27-0fe5-4f89-9e99-98cd6c6840c6: addNew group-1148154A86BC:[9ba5f608-63ba-4f3a-8360-c7790c938c5c:192.168.5.132:37423, d2a7922a-3325-45ed-a3bc-86b1445bcdee:192.168.5.132:40841, cf5aed27-0fe5-4f89-9e99-98cd6c6840c6:192.168.5.132:41588] returns group-1148154A86BC:java.util.concurrent.CompletableFuture@23169fd1[Not completed]
2019-07-08 10:53:09,097 INFO  impl.RaftServerImpl (RaftServerImpl.java:<init>(93)) - 9ba5f608-63ba-4f3a-8360-c7790c938c5c: new RaftServerImpl for group-1148154A86BC:[9ba5f608-63ba-4f3a-8360-c7790c938c5c:192.168.5.132:37423, d2a7922a-3325-45ed-a3bc-86b1445bcdee:192.168.5.132:40841, cf5aed27-0fe5-4f89-9e99-98cd6c6840c6:192.168.5.132:41588] with ContainerStateMachine:uninitialized
2019-07-08 10:53:09,097 INFO  server.RaftServerConfigKeys (ConfUtils.java:logGet(43)) - raft.server.rpc.timeout.min = 1s (custom)
2019-07-08 10:53:09,098 INFO  server.RaftServerConfigKeys (ConfUtils.java:logGet(43)) - raft.server.rpc.timeout.max = 1200ms (custom)
2019-07-08 10:53:09,098 INFO  server.RaftServerConfigKeys (ConfUtils.java:logGet(43)) - raft.server.rpcslowness.timeout = 120s (custom)
2019-07-08 10:53:09,098 INFO  server.RaftServerConfigKeys (ConfUtils.java:logGet(43)) - raft.server.sleep.deviation.threshold = 300 (default)
2019-07-08 10:53:09,098 INFO  impl.RaftServerImpl (RaftServerImpl.java:<init>(93)) - cf5aed27-0fe5-4f89-9e99-98cd6c6840c6: new RaftServerImpl for group-1148154A86BC:[9ba5f608-63ba-4f3a-8360-c7790c938c5c:192.168.5.132:37423, d2a7922a-3325-45ed-a3bc-86b1445bcdee:192.168.5.132:40841, cf5aed27-0fe5-4f89-9e99-98cd6c6840c6:192.168.5.132:41588] with ContainerStateMachine:uninitialized
2019-07-08 10:53:09,098 INFO  server.RaftServerConfigKeys (ConfUtils.java:logGet(43)) - raft.server.log.appender.install.snapshot.enabled = false (custom)
2019-07-08 10:53:09,098 INFO  server.RaftServerConfigKeys (ConfUtils.java:logGet(43)) - raft.server.rpc.timeout.min = 1s (custom)
2019-07-08 10:53:09,099 INFO  impl.RaftServerImpl (ServerState.java:<init>(105)) - 9ba5f608-63ba-4f3a-8360-c7790c938c5c:group-1148154A86BC ConfigurationManager, init=-1: [9ba5f608-63ba-4f3a-8360-c7790c938c5c:192.168.5.132:37423, d2a7922a-3325-45ed-a3bc-86b1445bcdee:192.168.5.132:40841, cf5aed27-0fe5-4f89-9e99-98cd6c6840c6:192.168.5.132:41588], old=null, confs=<EMPTY_MAP>
2019-07-08 10:53:09,099 INFO  impl.RaftServerImpl (RaftServerImpl.java:<init>(93)) - d2a7922a-3325-45ed-a3bc-86b1445bcdee: new RaftServerImpl for group-1148154A86BC:[9ba5f608-63ba-4f3a-8360-c7790c938c5c:192.168.5.132:37423, d2a7922a-3325-45ed-a3bc-86b1445bcdee:192.168.5.132:40841, cf5aed27-0fe5-4f89-9e99-98cd6c6840c6:192.168.5.132:41588] with ContainerStateMachine:uninitialized
2019-07-08 10:53:09,099 INFO  server.RaftServerConfigKeys (ConfUtils.java:logGet(43)) - raft.server.storage.dir = [/tmp/workdir/hadoop-ozone/tools/target/test-dir/MiniOzoneClusterImpl-0183a8d0-c3db-4027-8e7b-52442f3761b2/datanode-2/data/ratis] (custom)
2019-07-08 10:53:09,099 INFO  server.RaftServerConfigKeys (ConfUtils.java:logGet(43)) - raft.server.rpc.timeout.max = 1200ms (custom)
2019-07-08 10:53:09,099 INFO  server.RaftServerConfigKeys (ConfUtils.java:logGet(43)) - raft.server.rpc.timeout.min = 1s (custom)
2019-07-08 10:53:09,099 INFO  server.RaftServerConfigKeys (ConfUtils.java:logGet(43)) - raft.server.rpcslowness.timeout = 120s (custom)
2019-07-08 10:53:09,100 INFO  storage.RaftStorageDirectory (RaftStorageDirectory.java:analyzeStorage(246)) - The storage directory /tmp/workdir/hadoop-ozone/tools/target/test-dir/MiniOzoneClusterImpl-0183a8d0-c3db-4027-8e7b-52442f3761b2/datanode-2/data/ratis/6c569b86-1498-475d-a468-1148154a86bc does not exist. Creating ...
2019-07-08 10:53:09,100 INFO  server.RaftServerConfigKeys (ConfUtils.java:logGet(43)) - raft.server.rpc.timeout.max = 1200ms (custom)
2019-07-08 10:53:09,100 INFO  server.RaftServerConfigKeys (ConfUtils.java:logGet(43)) - raft.server.sleep.deviation.threshold = 300 (default)
2019-07-08 10:53:09,100 INFO  server.RaftServerConfigKeys (ConfUtils.java:logGet(43)) - raft.server.rpcslowness.timeout = 120s (custom)
2019-07-08 10:53:09,100 INFO  server.RaftServerConfigKeys (ConfUtils.java:logGet(43)) - raft.server.log.appender.install.snapshot.enabled = false (custom)
2019-07-08 10:53:09,100 INFO  server.RaftServerConfigKeys (ConfUtils.java:logGet(43)) - raft.server.sleep.deviation.threshold = 300 (default)
2019-07-08 10:53:09,101 INFO  impl.RaftServerImpl (ServerState.java:<init>(105)) - cf5aed27-0fe5-4f89-9e99-98cd6c6840c6:group-1148154A86BC ConfigurationManager, init=-1: [9ba5f608-63ba-4f3a-8360-c7790c938c5c:192.168.5.132:37423, d2a7922a-3325-45ed-a3bc-86b1445bcdee:192.168.5.132:40841, cf5aed27-0fe5-4f89-9e99-98cd6c6840c6:192.168.5.132:41588], old=null, confs=<EMPTY_MAP>
2019-07-08 10:53:09,101 INFO  server.RaftServerConfigKeys (ConfUtils.java:logGet(43)) - raft.server.log.appender.install.snapshot.enabled = false (custom)
2019-07-08 10:53:09,101 INFO  server.RaftServerConfigKeys (ConfUtils.java:logGet(43)) - raft.server.storage.dir = [/tmp/workdir/hadoop-ozone/tools/target/test-dir/MiniOzoneClusterImpl-0183a8d0-c3db-4027-8e7b-52442f3761b2/datanode-0/data/ratis] (custom)
2019-07-08 10:53:09,101 INFO  impl.RaftServerImpl (ServerState.java:<init>(105)) - d2a7922a-3325-45ed-a3bc-86b1445bcdee:group-1148154A86BC ConfigurationManager, init=-1: [9ba5f608-63ba-4f3a-8360-c7790c938c5c:192.168.5.132:37423, d2a7922a-3325-45ed-a3bc-86b1445bcdee:192.168.5.132:40841, cf5aed27-0fe5-4f89-9e99-98cd6c6840c6:192.168.5.132:41588], old=null, confs=<EMPTY_MAP>
2019-07-08 10:53:09,101 INFO  storage.RaftStorageDirectory (RaftStorageDirectory.java:analyzeStorage(246)) - The storage directory /tmp/workdir/hadoop-ozone/tools/target/test-dir/MiniOzoneClusterImpl-0183a8d0-c3db-4027-8e7b-52442f3761b2/datanode-0/data/ratis/6c569b86-1498-475d-a468-1148154a86bc does not exist. Creating ...
2019-07-08 10:53:09,101 INFO  server.RaftServerConfigKeys (ConfUtils.java:logGet(43)) - raft.server.storage.dir = [/tmp/workdir/hadoop-ozone/tools/target/test-dir/MiniOzoneClusterImpl-0183a8d0-c3db-4027-8e7b-52442f3761b2/datanode-1/data/ratis] (custom)
2019-07-08 10:53:09,102 INFO  storage.RaftStorageDirectory (RaftStorageDirectory.java:analyzeStorage(246)) - The storage directory /tmp/workdir/hadoop-ozone/tools/target/test-dir/MiniOzoneClusterImpl-0183a8d0-c3db-4027-8e7b-52442f3761b2/datanode-1/data/ratis/6c569b86-1498-475d-a468-1148154a86bc does not exist. Creating ...
2019-07-08 10:53:09,113 INFO  storage.RaftStorageDirectory (RaftStorageDirectory.java:tryLock(328)) - Lock on /tmp/workdir/hadoop-ozone/tools/target/test-dir/MiniOzoneClusterImpl-0183a8d0-c3db-4027-8e7b-52442f3761b2/datanode-2/data/ratis/6c569b86-1498-475d-a468-1148154a86bc/in_use.lock acquired by nodename 22454@hdds1735-npqvj-2605347096
2019-07-08 10:53:09,113 INFO  storage.RaftStorageDirectory (RaftStorageDirectory.java:tryLock(328)) - Lock on /tmp/workdir/hadoop-ozone/tools/target/test-dir/MiniOzoneClusterImpl-0183a8d0-c3db-4027-8e7b-52442f3761b2/datanode-1/data/ratis/6c569b86-1498-475d-a468-1148154a86bc/in_use.lock acquired by nodename 22454@hdds1735-npqvj-2605347096
2019-07-08 10:53:09,113 INFO  storage.RaftStorageDirectory (RaftStorageDirectory.java:tryLock(328)) - Lock on /tmp/workdir/hadoop-ozone/tools/target/test-dir/MiniOzoneClusterImpl-0183a8d0-c3db-4027-8e7b-52442f3761b2/datanode-0/data/ratis/6c569b86-1498-475d-a468-1148154a86bc/in_use.lock acquired by nodename 22454@hdds1735-npqvj-2605347096
2019-07-08 10:53:09,124 INFO  storage.RaftStorage (RaftStorage.java:format(72)) - Storage directory /tmp/workdir/hadoop-ozone/tools/target/test-dir/MiniOzoneClusterImpl-0183a8d0-c3db-4027-8e7b-52442f3761b2/datanode-2/data/ratis/6c569b86-1498-475d-a468-1148154a86bc has been successfully formatted.
2019-07-08 10:53:09,124 INFO  storage.RaftStorage (RaftStorage.java:format(72)) - Storage directory /tmp/workdir/hadoop-ozone/tools/target/test-dir/MiniOzoneClusterImpl-0183a8d0-c3db-4027-8e7b-52442f3761b2/datanode-0/data/ratis/6c569b86-1498-475d-a468-1148154a86bc has been successfully formatted.
2019-07-08 10:53:09,124 INFO  storage.RaftStorage (RaftStorage.java:format(72)) - Storage directory /tmp/workdir/hadoop-ozone/tools/target/test-dir/MiniOzoneClusterImpl-0183a8d0-c3db-4027-8e7b-52442f3761b2/datanode-1/data/ratis/6c569b86-1498-475d-a468-1148154a86bc has been successfully formatted.
2019-07-08 10:53:09,124 INFO  ratis.ContainerStateMachine (ContainerStateMachine.java:loadSnapshot(198)) - The snapshot info is null.Setting the last applied index to:(t:0, i:~)
2019-07-08 10:53:09,124 INFO  ratis.ContainerStateMachine (ContainerStateMachine.java:loadSnapshot(198)) - The snapshot info is null.Setting the last applied index to:(t:0, i:~)
2019-07-08 10:53:09,124 INFO  server.RaftServerConfigKeys (ConfUtils.java:logGet(43)) - raft.server.leader.election.timeout = 120s (custom)
2019-07-08 10:53:09,124 INFO  ratis.ContainerStateMachine (ContainerStateMachine.java:loadSnapshot(198)) - The snapshot info is null.Setting the last applied index to:(t:0, i:~)
2019-07-08 10:53:09,125 INFO  server.RaftServerConfigKeys (ConfUtils.java:logGet(43)) - raft.server.log.use.memory = false (default)
2019-07-08 10:53:09,125 INFO  server.RaftServerConfigKeys (ConfUtils.java:logGet(43)) - raft.server.leader.election.timeout = 120s (custom)
2019-07-08 10:53:09,125 INFO  server.RaftServerConfigKeys (ConfUtils.java:logGet(43)) - raft.server.log.purge.gap = 1000000000 (custom)
2019-07-08 10:53:09,125 INFO  server.RaftServerConfigKeys (ConfUtils.java:logGet(43)) - raft.server.leader.election.timeout = 120s (custom)
2019-07-08 10:53:09,125 INFO  server.RaftServerConfigKeys (ConfUtils.java:logGet(43)) - raft.server.log.appender.buffer.byte-limit = 33554432 (custom)
2019-07-08 10:53:09,125 INFO  server.RaftServerConfigKeys (ConfUtils.java:logGet(43)) - raft.server.log.use.memory = false (default)
2019-07-08 10:53:09,126 INFO  server.RaftServerConfigKeys (ConfUtils.java:logGet(43)) - raft.server.log.segment.size.max = 1048576 (custom)
2019-07-08 10:53:09,126 INFO  server.RaftServerConfigKeys (ConfUtils.java:logGet(43)) - raft.server.log.use.memory = false (default)
2019-07-08 10:53:09,126 INFO  server.RaftServerConfigKeys (ConfUtils.java:logGet(43)) - raft.server.log.segment.cache.num.max = 2 (custom)
2019-07-08 10:53:09,126 INFO  server.RaftServerConfigKeys (ConfUtils.java:logGet(43)) - raft.server.log.purge.gap = 1000000000 (custom)
2019-07-08 10:53:09,126 INFO  segmented.SegmentedRaftLogWorker (SegmentedRaftLogWorker.java:<init>(172)) - new cf5aed27-0fe5-4f89-9e99-98cd6c6840c6-SegmentedRaftLogWorker:Storage Directory /tmp/workdir/hadoop-ozone/tools/target/test-dir/MiniOzoneClusterImpl-0183a8d0-c3db-4027-8e7b-52442f3761b2/datanode-0/data/ratis/6c569b86-1498-475d-a468-1148154a86bc for RaftStorage:Storage Directory /tmp/workdir/hadoop-ozone/tools/target/test-dir/MiniOzoneClusterImpl-0183a8d0-c3db-4027-8e7b-52442f3761b2/datanode-0/data/ratis/6c569b86-1498-475d-a468-1148154a86bc
2019-07-08 10:53:09,126 INFO  server.RaftServerConfigKeys (ConfUtils.java:logGet(43)) - raft.server.log.purge.gap = 1000000000 (custom)
2019-07-08 10:53:09,127 INFO  server.RaftServerConfigKeys (ConfUtils.java:logGet(43)) - raft.server.log.queue.byte-limit = 2147483647 (custom)
2019-07-08 10:53:09,127 INFO  server.RaftServerConfigKeys (ConfUtils.java:logGet(43)) - raft.server.log.appender.buffer.byte-limit = 33554432 (custom)
2019-07-08 10:53:09,128 INFO  server.RaftServerConfigKeys (ConfUtils.java:logGet(43)) - raft.server.log.queue.element-limit = 1024 (custom)
2019-07-08 10:53:09,128 INFO  server.RaftServerConfigKeys (ConfUtils.java:logGet(43)) - raft.server.log.appender.buffer.byte-limit = 33554432 (custom)
2019-07-08 10:53:09,129 INFO  server.RaftServerConfigKeys (ConfUtils.java:logGet(43)) - raft.server.log.segment.size.max = 1048576 (custom)
2019-07-08 10:53:09,128 INFO  server.RaftServerConfigKeys (ConfUtils.java:logGet(43)) - raft.server.log.segment.size.max = 1048576 (custom)
2019-07-08 10:53:09,129 INFO  server.RaftServerConfigKeys (ConfUtils.java:logGet(43)) - raft.server.log.preallocated.size = 16384 (custom)
2019-07-08 10:53:09,129 INFO  server.RaftServerConfigKeys (ConfUtils.java:logGet(43)) - raft.server.log.segment.size.max = 1048576 (custom)
2019-07-08 10:53:09,129 INFO  server.RaftServerConfigKeys (ConfUtils.java:logGet(43)) - raft.server.log.write.buffer.size = 33554432 (custom)
2019-07-08 10:53:09,129 INFO  server.RaftServerConfigKeys (ConfUtils.java:logGet(43)) - raft.server.log.segment.cache.num.max = 2 (custom)
2019-07-08 10:53:09,130 INFO  server.RaftServerConfigKeys (ConfUtils.java:logGet(43)) - raft.server.log.force.sync.num = 128 (default)
2019-07-08 10:53:09,129 INFO  server.RaftServerConfigKeys (ConfUtils.java:logGet(43)) - raft.server.log.segment.cache.num.max = 2 (custom)
2019-07-08 10:53:09,130 INFO  server.RaftServerConfigKeys (ConfUtils.java:logGet(43)) - raft.server.log.statemachine.data.sync = true (default)
2019-07-08 10:53:09,130 INFO  segmented.SegmentedRaftLogWorker (SegmentedRaftLogWorker.java:<init>(172)) - new 9ba5f608-63ba-4f3a-8360-c7790c938c5c-SegmentedRaftLogWorker:Storage Directory /tmp/workdir/hadoop-ozone/tools/target/test-dir/MiniOzoneClusterImpl-0183a8d0-c3db-4027-8e7b-52442f3761b2/datanode-2/data/ratis/6c569b86-1498-475d-a468-1148154a86bc for RaftStorage:Storage Directory /tmp/workdir/hadoop-ozone/tools/target/test-dir/MiniOzoneClusterImpl-0183a8d0-c3db-4027-8e7b-52442f3761b2/datanode-2/data/ratis/6c569b86-1498-475d-a468-1148154a86bc
2019-07-08 10:53:09,130 INFO  server.RaftServerConfigKeys (ConfUtils.java:logGet(43)) - raft.server.log.statemachine.data.sync.timeout = 10s (default)
2019-07-08 10:53:09,130 INFO  segmented.SegmentedRaftLogWorker (SegmentedRaftLogWorker.java:<init>(172)) - new d2a7922a-3325-45ed-a3bc-86b1445bcdee-SegmentedRaftLogWorker:Storage Directory /tmp/workdir/hadoop-ozone/tools/target/test-dir/MiniOzoneClusterImpl-0183a8d0-c3db-4027-8e7b-52442f3761b2/datanode-1/data/ratis/6c569b86-1498-475d-a468-1148154a86bc for RaftStorage:Storage Directory /tmp/workdir/hadoop-ozone/tools/target/test-dir/MiniOzoneClusterImpl-0183a8d0-c3db-4027-8e7b-52442f3761b2/datanode-1/data/ratis/6c569b86-1498-475d-a468-1148154a86bc
2019-07-08 10:53:09,131 INFO  server.RaftServerConfigKeys (ConfUtils.java:logGet(43)) - raft.server.log.statemachine.data.sync.timeout.retry = -1 (default)
2019-07-08 10:53:09,130 INFO  server.RaftServerConfigKeys (ConfUtils.java:logGet(43)) - raft.server.log.queue.byte-limit = 2147483647 (custom)
2019-07-08 10:53:09,133 INFO  server.RaftServerConfigKeys (ConfUtils.java:logGet(43)) - raft.server.log.statemachine.data.caching.enabled = true (custom)
2019-07-08 10:53:09,132 INFO  server.RaftServerConfigKeys (ConfUtils.java:logGet(43)) - raft.server.log.queue.byte-limit = 2147483647 (custom)
2019-07-08 10:53:09,133 INFO  segmented.SegmentedRaftLogWorker (SegmentedRaftLogWorker.java:lambda$new$0(132)) - cf5aed27-0fe5-4f89-9e99-98cd6c6840c6-SegmentedRaftLogWorker:Storage Directory /tmp/workdir/hadoop-ozone/tools/target/test-dir/MiniOzoneClusterImpl-0183a8d0-c3db-4027-8e7b-52442f3761b2/datanode-0/data/ratis/6c569b86-1498-475d-a468-1148154a86bc: flushIndex: setUnconditionally 0 -> -1
2019-07-08 10:53:09,133 INFO  server.RaftServerConfigKeys (ConfUtils.java:logGet(43)) - raft.server.log.queue.element-limit = 1024 (custom)
2019-07-08 10:53:09,133 INFO  server.RaftServerConfigKeys (ConfUtils.java:logGet(43)) - raft.server.log.queue.element-limit = 1024 (custom)
2019-07-08 10:53:09,134 INFO  server.RaftServerConfigKeys (ConfUtils.java:logGet(43)) - raft.server.log.segment.size.max = 1048576 (custom)
2019-07-08 10:53:09,134 INFO  server.RaftServerConfigKeys (ConfUtils.java:logGet(43)) - raft.server.snapshot.auto.trigger.enabled = true (custom)
2019-07-08 10:53:09,134 INFO  server.RaftServerConfigKeys (ConfUtils.java:logGet(43)) - raft.server.log.preallocated.size = 16384 (custom)
2019-07-08 10:53:09,134 INFO  server.RaftServerConfigKeys (ConfUtils.java:logGet(43)) - raft.server.log.segment.size.max = 1048576 (custom)
2019-07-08 10:53:09,134 INFO  server.RaftServerConfigKeys (ConfUtils.java:logGet(43)) - raft.server.log.write.buffer.size = 33554432 (custom)
2019-07-08 10:53:09,134 INFO  server.RaftServerConfigKeys (ConfUtils.java:logGet(43)) - raft.server.snapshot.auto.trigger.threshold = 10000 (custom)
2019-07-08 10:53:09,135 INFO  server.RaftServerConfigKeys (ConfUtils.java:logGet(43)) - raft.server.log.force.sync.num = 128 (default)
2019-07-08 10:53:09,135 INFO  server.RaftServerConfigKeys (ConfUtils.java:logGet(43)) - raft.server.log.preallocated.size = 16384 (custom)
2019-07-08 10:53:09,135 INFO  server.RaftServerConfigKeys (ConfUtils.java:logGet(43)) - raft.server.retrycache.expirytime = 600000ms (custom)
2019-07-08 10:53:09,135 INFO  server.RaftServerConfigKeys (ConfUtils.java:logGet(43)) - raft.server.log.statemachine.data.sync = true (default)
2019-07-08 10:53:09,135 INFO  impl.RaftServerImpl (RaftServerImpl.java:start(180)) - cf5aed27-0fe5-4f89-9e99-98cd6c6840c6: start group-1148154A86BC
2019-07-08 10:53:09,136 INFO  impl.RaftServerImpl (RaftServerImpl.java:setRole(171)) - cf5aed27-0fe5-4f89-9e99-98cd6c6840c6:group-1148154A86BC changes role from null to FOLLOWER at term 0 for startAsFollower
2019-07-08 10:53:09,135 INFO  server.RaftServerConfigKeys (ConfUtils.java:logGet(43)) - raft.server.log.write.buffer.size = 33554432 (custom)
2019-07-08 10:53:09,136 INFO  impl.RoleInfo (RoleInfo.java:updateAndGet(143)) - cf5aed27-0fe5-4f89-9e99-98cd6c6840c6: start FollowerState
2019-07-08 10:53:09,136 INFO  server.RaftServerConfigKeys (ConfUtils.java:logGet(43)) - raft.server.log.statemachine.data.sync.timeout = 10s (default)
2019-07-08 10:53:09,136 INFO  server.RaftServerConfigKeys (ConfUtils.java:logGet(43)) - raft.server.log.force.sync.num = 128 (default)
2019-07-08 10:53:09,136 INFO  server.RaftServerConfigKeys (ConfUtils.java:logGet(43)) - raft.server.log.statemachine.data.sync.timeout.retry = -1 (default)
2019-07-08 10:53:09,136 INFO  util.JmxRegister (JmxRegister.java:tryRegister(44)) - Successfully registered JMX Bean with object name Ratis:service=RaftServer,group=group-1148154A86BC,id=cf5aed27-0fe5-4f89-9e99-98cd6c6840c6
2019-07-08 10:53:09,136 INFO  server.RaftServerConfigKeys (ConfUtils.java:logGet(43)) - raft.server.log.statemachine.data.sync = true (default)
2019-07-08 10:53:09,137 INFO  server.RaftServerConfigKeys (ConfUtils.java:logGet(43)) - raft.server.log.statemachine.data.caching.enabled = true (custom)
2019-07-08 10:53:09,137 INFO  server.RaftServerConfigKeys (ConfUtils.java:logGet(43)) - raft.server.log.statemachine.data.sync.timeout = 10s (default)
2019-07-08 10:53:09,137 INFO  server.RaftServerConfigKeys (ConfUtils.java:logGet(43)) - raft.server.log.statemachine.data.sync.timeout.retry = -1 (default)
2019-07-08 10:53:09,137 INFO  segmented.SegmentedRaftLogWorker (SegmentedRaftLogWorker.java:lambda$new$0(132)) - 9ba5f608-63ba-4f3a-8360-c7790c938c5c-SegmentedRaftLogWorker:Storage Directory /tmp/workdir/hadoop-ozone/tools/target/test-dir/MiniOzoneClusterImpl-0183a8d0-c3db-4027-8e7b-52442f3761b2/datanode-2/data/ratis/6c569b86-1498-475d-a468-1148154a86bc: flushIndex: setUnconditionally 0 -> -1
2019-07-08 10:53:09,138 INFO  server.RaftServerConfigKeys (ConfUtils.java:logGet(43)) - raft.server.log.statemachine.data.caching.enabled = true (custom)
2019-07-08 10:53:09,139 INFO  server.RaftServerConfigKeys (ConfUtils.java:logGet(43)) - raft.server.snapshot.auto.trigger.enabled = true (custom)
2019-07-08 10:53:09,139 INFO  segmented.SegmentedRaftLogWorker (SegmentedRaftLogWorker.java:lambda$new$0(132)) - d2a7922a-3325-45ed-a3bc-86b1445bcdee-SegmentedRaftLogWorker:Storage Directory /tmp/workdir/hadoop-ozone/tools/target/test-dir/MiniOzoneClusterImpl-0183a8d0-c3db-4027-8e7b-52442f3761b2/datanode-1/data/ratis/6c569b86-1498-475d-a468-1148154a86bc: flushIndex: setUnconditionally 0 -> -1
2019-07-08 10:53:09,139 INFO  server.RaftServerConfigKeys (ConfUtils.java:logGet(43)) - raft.server.snapshot.auto.trigger.threshold = 10000 (custom)
2019-07-08 10:53:09,140 INFO  server.RaftServerConfigKeys (ConfUtils.java:logGet(43)) - raft.server.snapshot.auto.trigger.enabled = true (custom)
2019-07-08 10:53:09,140 INFO  server.RaftServerConfigKeys (ConfUtils.java:logGet(43)) - raft.server.retrycache.expirytime = 600000ms (custom)
2019-07-08 10:53:09,140 INFO  server.RaftServerConfigKeys (ConfUtils.java:logGet(43)) - raft.server.snapshot.auto.trigger.threshold = 10000 (custom)
2019-07-08 10:53:09,140 INFO  impl.RaftServerImpl (RaftServerImpl.java:start(180)) - 9ba5f608-63ba-4f3a-8360-c7790c938c5c: start group-1148154A86BC
2019-07-08 10:53:09,140 INFO  server.RaftServerConfigKeys (ConfUtils.java:logGet(43)) - raft.server.retrycache.expirytime = 600000ms (custom)
2019-07-08 10:53:09,140 INFO  impl.RaftServerImpl (RaftServerImpl.java:setRole(171)) - 9ba5f608-63ba-4f3a-8360-c7790c938c5c:group-1148154A86BC changes role from null to FOLLOWER at term 0 for startAsFollower
2019-07-08 10:53:09,141 INFO  impl.RaftServerImpl (RaftServerImpl.java:start(180)) - d2a7922a-3325-45ed-a3bc-86b1445bcdee: start group-1148154A86BC
2019-07-08 10:53:09,142 INFO  impl.RaftServerImpl (RaftServerImpl.java:setRole(171)) - d2a7922a-3325-45ed-a3bc-86b1445bcdee:group-1148154A86BC changes role from null to FOLLOWER at term 0 for startAsFollower
2019-07-08 10:53:09,142 INFO  impl.RoleInfo (RoleInfo.java:updateAndGet(143)) - 9ba5f608-63ba-4f3a-8360-c7790c938c5c: start FollowerState
2019-07-08 10:53:09,142 INFO  impl.RoleInfo (RoleInfo.java:updateAndGet(143)) - d2a7922a-3325-45ed-a3bc-86b1445bcdee: start FollowerState
2019-07-08 10:53:09,143 INFO  util.JmxRegister (JmxRegister.java:tryRegister(44)) - Successfully registered JMX Bean with object name Ratis:service=RaftServer,group=group-1148154A86BC,id=9ba5f608-63ba-4f3a-8360-c7790c938c5c
2019-07-08 10:53:09,143 INFO  util.JmxRegister (JmxRegister.java:tryRegister(44)) - Successfully registered JMX Bean with object name Ratis:service=RaftServer,group=group-1148154A86BC,id=d2a7922a-3325-45ed-a3bc-86b1445bcdee
2019-07-08 10:53:09,158 INFO  pipeline.PipelineStateManager (PipelineStateManager.java:addPipeline(56)) - Created pipeline Pipeline[ Id: 6c569b86-1498-475d-a468-1148154a86bc, Nodes: cf5aed27-0fe5-4f89-9e99-98cd6c6840c6{ip: 192.168.5.132, host: hdds1735-npqvj-2605347096, networkLocation: /default-rack, certSerialId: null}9ba5f608-63ba-4f3a-8360-c7790c938c5c{ip: 192.168.5.132, host: hdds1735-npqvj-2605347096, networkLocation: /default-rack, certSerialId: null}d2a7922a-3325-45ed-a3bc-86b1445bcdee{ip: 192.168.5.132, host: hdds1735-npqvj-2605347096, networkLocation: /default-rack, certSerialId: null}, Type:RATIS, Factor:THREE, State:OPEN]
2019-07-08 10:53:09,292 INFO  ozone.MiniOzoneClusterImpl (MiniOzoneClusterImpl.java:lambda$waitForClusterToBeReady$0(142)) - Cluster is ready. Got 3 of 3 DN Heartbeats.
2019-07-08 10:53:09,727 INFO  freon.RandomKeyGenerator (RandomKeyGenerator.java:call(262)) - Number of Threads: 10
2019-07-08 10:53:09,728 INFO  freon.RandomKeyGenerator (RandomKeyGenerator.java:call(267)) - Number of Volumes: 1.
2019-07-08 10:53:09,728 INFO  freon.RandomKeyGenerator (RandomKeyGenerator.java:call(268)) - Number of Buckets per Volume: 1.
2019-07-08 10:53:09,728 INFO  freon.RandomKeyGenerator (RandomKeyGenerator.java:call(269)) - Number of Keys per Bucket: 1.
2019-07-08 10:53:09,728 INFO  freon.RandomKeyGenerator (RandomKeyGenerator.java:call(270)) - Key size: 20971520 bytes
2019-07-08 10:53:09,728 INFO  freon.RandomKeyGenerator (RandomKeyGenerator.java:call(271)) - Buffer size: 4096 bytes
2019-07-08 10:53:09,730 INFO  freon.RandomKeyGenerator (RandomKeyGenerator.java:call(286)) - Data validation is enabled.
2019-07-08 10:53:09,732 INFO  freon.RandomKeyGenerator (RandomKeyGenerator.java:call(299)) - Starting progress bar Thread.

 0.00% |█                                                                                                    |  0/1 Time: 0:00:002019-07-08 10:53:09,771 INFO  rpc.RpcClient (RpcClient.java:createVolume(289)) - Creating Volume: vol-0-48912, with jenkins1000 as owner.
2019-07-08 10:53:09,824 INFO  rpc.RpcClient (RpcClient.java:createBucket(426)) - Creating Bucket: vol-0-48912/bucket-0-52363, with Versioning false and Storage Type set to DISK and Encryption set to false 
2019-07-08 10:53:09,979 INFO  impl.FollowerState (FollowerState.java:run(106)) - cf5aed27-0fe5-4f89-9e99-98cd6c6840c6:group-6920DBF49CB5 changes to CANDIDATE, lastRpcTime:1124, electionTimeout:1123ms
2019-07-08 10:53:09,979 INFO  impl.RoleInfo (RoleInfo.java:shutdownFollowerState(121)) - cf5aed27-0fe5-4f89-9e99-98cd6c6840c6: shutdown FollowerState
2019-07-08 10:53:09,979 INFO  impl.RaftServerImpl (RaftServerImpl.java:setRole(171)) - cf5aed27-0fe5-4f89-9e99-98cd6c6840c6:group-6920DBF49CB5 changes role from FOLLOWER to CANDIDATE at term 0 for changeToCandidate
2019-07-08 10:53:09,983 INFO  impl.RoleInfo (RoleInfo.java:updateAndGet(143)) - cf5aed27-0fe5-4f89-9e99-98cd6c6840c6: start LeaderElection
2019-07-08 10:53:10,001 INFO  impl.LeaderElection (LeaderElection.java:askForVotes(181)) - cf5aed27-0fe5-4f89-9e99-98cd6c6840c6:group-6920DBF49CB5:LeaderElection1: begin an election at term 1 for -1: [cf5aed27-0fe5-4f89-9e99-98cd6c6840c6:192.168.5.132:41588], old=null
2019-07-08 10:53:10,003 INFO  impl.RoleInfo (RoleInfo.java:shutdownLeaderElection(134)) - cf5aed27-0fe5-4f89-9e99-98cd6c6840c6: shutdown LeaderElection
2019-07-08 10:53:10,003 INFO  impl.RaftServerImpl (RaftServerImpl.java:setRole(171)) - cf5aed27-0fe5-4f89-9e99-98cd6c6840c6:group-6920DBF49CB5 changes role from CANDIDATE to LEADER at term 1 for changeToLeader
2019-07-08 10:53:10,004 INFO  impl.RaftServerImpl (ServerState.java:setLeader(263)) - cf5aed27-0fe5-4f89-9e99-98cd6c6840c6:group-6920DBF49CB5 change Leader from null to cf5aed27-0fe5-4f89-9e99-98cd6c6840c6 at term 1 for becomeLeader, leader elected after 1467ms
2019-07-08 10:53:10,011 INFO  server.RaftServerConfigKeys (ConfUtils.java:logGet(43)) - raft.server.staging.catchup.gap = 1000 (default)
2019-07-08 10:53:10,012 INFO  server.RaftServerConfigKeys (ConfUtils.java:logGet(43)) - raft.server.rpc.sleep.time = 25ms (default)
2019-07-08 10:53:10,016 INFO  server.RaftServerConfigKeys (ConfUtils.java:logGet(43)) - raft.server.write.element-limit = 4096 (default)
2019-07-08 10:53:10,019 INFO  server.RaftServerConfigKeys (ConfUtils.java:logGet(43)) - raft.server.watch.timeout = 10s (default)
2019-07-08 10:53:10,019 INFO  server.RaftServerConfigKeys (ConfUtils.java:logGet(43)) - raft.server.watch.timeout.denomination = 1s (default)
2019-07-08 10:53:10,020 INFO  server.RaftServerConfigKeys (ConfUtils.java:logGet(43)) - raft.server.watch.element-limit = 65536 (default)
2019-07-08 10:53:10,022 INFO  impl.FollowerState (FollowerState.java:run(106)) - 9ba5f608-63ba-4f3a-8360-c7790c938c5c:group-C798DFCD4916 changes to CANDIDATE, lastRpcTime:1031, electionTimeout:1030ms
2019-07-08 10:53:10,024 INFO  impl.RoleInfo (RoleInfo.java:shutdownFollowerState(121)) - 9ba5f608-63ba-4f3a-8360-c7790c938c5c: shutdown FollowerState
2019-07-08 10:53:10,024 INFO  impl.RaftServerImpl (RaftServerImpl.java:setRole(171)) - 9ba5f608-63ba-4f3a-8360-c7790c938c5c:group-C798DFCD4916 changes role from FOLLOWER to CANDIDATE at term 0 for changeToCandidate
2019-07-08 10:53:10,024 INFO  impl.RoleInfo (RoleInfo.java:updateAndGet(143)) - 9ba5f608-63ba-4f3a-8360-c7790c938c5c: start LeaderElection
2019-07-08 10:53:10,037 INFO  impl.RoleInfo (RoleInfo.java:updateAndGet(143)) - cf5aed27-0fe5-4f89-9e99-98cd6c6840c6: start LeaderState
2019-07-08 10:53:10,041 INFO  impl.LeaderElection (LeaderElection.java:askForVotes(181)) - 9ba5f608-63ba-4f3a-8360-c7790c938c5c:group-C798DFCD4916:LeaderElection2: begin an election at term 1 for -1: [9ba5f608-63ba-4f3a-8360-c7790c938c5c:192.168.5.132:37423], old=null
2019-07-08 10:53:10,043 INFO  impl.RoleInfo (RoleInfo.java:shutdownLeaderElection(134)) - 9ba5f608-63ba-4f3a-8360-c7790c938c5c: shutdown LeaderElection
2019-07-08 10:53:10,043 INFO  impl.RaftServerImpl (RaftServerImpl.java:setRole(171)) - 9ba5f608-63ba-4f3a-8360-c7790c938c5c:group-C798DFCD4916 changes role from CANDIDATE to LEADER at term 1 for changeToLeader
2019-07-08 10:53:10,043 INFO  impl.RaftServerImpl (ServerState.java:setLeader(263)) - 9ba5f608-63ba-4f3a-8360-c7790c938c5c:group-C798DFCD4916 change Leader from null to 9ba5f608-63ba-4f3a-8360-c7790c938c5c at term 1 for becomeLeader, leader elected after 1059ms
2019-07-08 10:53:10,044 INFO  server.RaftServerConfigKeys (ConfUtils.java:logGet(43)) - raft.server.staging.catchup.gap = 1000 (default)
2019-07-08 10:53:10,044 INFO  server.RaftServerConfigKeys (ConfUtils.java:logGet(43)) - raft.server.rpc.sleep.time = 25ms (default)
2019-07-08 10:53:10,044 INFO  server.RaftServerConfigKeys (ConfUtils.java:logGet(43)) - raft.server.write.element-limit = 4096 (default)
2019-07-08 10:53:10,044 INFO  server.RaftServerConfigKeys (ConfUtils.java:logGet(43)) - raft.server.watch.timeout = 10s (default)
2019-07-08 10:53:10,045 INFO  server.RaftServerConfigKeys (ConfUtils.java:logGet(43)) - raft.server.watch.timeout.denomination = 1s (default)
2019-07-08 10:53:10,045 INFO  server.RaftServerConfigKeys (ConfUtils.java:logGet(43)) - raft.server.watch.element-limit = 65536 (default)
2019-07-08 10:53:10,045 INFO  impl.RoleInfo (RoleInfo.java:updateAndGet(143)) - 9ba5f608-63ba-4f3a-8360-c7790c938c5c: start LeaderState
2019-07-08 10:53:10,068 INFO  segmented.SegmentedRaftLogWorker (SegmentedRaftLogWorker.java:startLogSegment(380)) - 9ba5f608-63ba-4f3a-8360-c7790c938c5c-SegmentedRaftLogWorker:Storage Directory /tmp/workdir/hadoop-ozone/tools/target/test-dir/MiniOzoneClusterImpl-0183a8d0-c3db-4027-8e7b-52442f3761b2/datanode-2/data/ratis/33ec037f-56c6-409b-b36b-c798dfcd4916: Starting segment from index:0
2019-07-08 10:53:10,068 INFO  segmented.SegmentedRaftLogWorker (SegmentedRaftLogWorker.java:startLogSegment(380)) - cf5aed27-0fe5-4f89-9e99-98cd6c6840c6-SegmentedRaftLogWorker:Storage Directory /tmp/workdir/hadoop-ozone/tools/target/test-dir/MiniOzoneClusterImpl-0183a8d0-c3db-4027-8e7b-52442f3761b2/datanode-0/data/ratis/80a9ae63-2ead-4b38-bdc5-6920dbf49cb5: Starting segment from index:0
2019-07-08 10:53:10,079 INFO  impl.RaftServerImpl (ServerState.java:setRaftConf(361)) - 9ba5f608-63ba-4f3a-8360-c7790c938c5c:group-C798DFCD4916 set configuration 0: [9ba5f608-63ba-4f3a-8360-c7790c938c5c:192.168.5.132:37423], old=null at 0
2019-07-08 10:53:10,079 INFO  impl.RaftServerImpl (ServerState.java:setRaftConf(361)) - cf5aed27-0fe5-4f89-9e99-98cd6c6840c6:group-6920DBF49CB5 set configuration 0: [cf5aed27-0fe5-4f89-9e99-98cd6c6840c6:192.168.5.132:41588], old=null at 0
2019-07-08 10:53:10,084 INFO  impl.FollowerState (FollowerState.java:run(106)) - d2a7922a-3325-45ed-a3bc-86b1445bcdee:group-F56F9AEEAAF6 changes to CANDIDATE, lastRpcTime:1031, electionTimeout:1031ms
2019-07-08 10:53:10,084 INFO  impl.RoleInfo (RoleInfo.java:shutdownFollowerState(121)) - d2a7922a-3325-45ed-a3bc-86b1445bcdee: shutdown FollowerState
2019-07-08 10:53:10,084 INFO  impl.RaftServerImpl (RaftServerImpl.java:setRole(171)) - d2a7922a-3325-45ed-a3bc-86b1445bcdee:group-F56F9AEEAAF6 changes role from FOLLOWER to CANDIDATE at term 0 for changeToCandidate
2019-07-08 10:53:10,084 INFO  impl.RoleInfo (RoleInfo.java:updateAndGet(143)) - d2a7922a-3325-45ed-a3bc-86b1445bcdee: start LeaderElection
2019-07-08 10:53:10,101 INFO  impl.LeaderElection (LeaderElection.java:askForVotes(181)) - d2a7922a-3325-45ed-a3bc-86b1445bcdee:group-F56F9AEEAAF6:LeaderElection3: begin an election at term 1 for -1: [d2a7922a-3325-45ed-a3bc-86b1445bcdee:192.168.5.132:40841], old=null
2019-07-08 10:53:10,101 INFO  impl.RoleInfo (RoleInfo.java:shutdownLeaderElection(134)) - d2a7922a-3325-45ed-a3bc-86b1445bcdee: shutdown LeaderElection
2019-07-08 10:53:10,101 INFO  impl.RaftServerImpl (RaftServerImpl.java:setRole(171)) - d2a7922a-3325-45ed-a3bc-86b1445bcdee:group-F56F9AEEAAF6 changes role from CANDIDATE to LEADER at term 1 for changeToLeader
2019-07-08 10:53:10,101 INFO  impl.RaftServerImpl (ServerState.java:setLeader(263)) - d2a7922a-3325-45ed-a3bc-86b1445bcdee:group-F56F9AEEAAF6 change Leader from null to d2a7922a-3325-45ed-a3bc-86b1445bcdee at term 1 for becomeLeader, leader elected after 1055ms
2019-07-08 10:53:10,101 INFO  server.RaftServerConfigKeys (ConfUtils.java:logGet(43)) - raft.server.staging.catchup.gap = 1000 (default)
2019-07-08 10:53:10,102 INFO  server.RaftServerConfigKeys (ConfUtils.java:logGet(43)) - raft.server.rpc.sleep.time = 25ms (default)
2019-07-08 10:53:10,102 INFO  server.RaftServerConfigKeys (ConfUtils.java:logGet(43)) - raft.server.write.element-limit = 4096 (default)
2019-07-08 10:53:10,102 INFO  server.RaftServerConfigKeys (ConfUtils.java:logGet(43)) - raft.server.watch.timeout = 10s (default)
2019-07-08 10:53:10,102 INFO  server.RaftServerConfigKeys (ConfUtils.java:logGet(43)) - raft.server.watch.timeout.denomination = 1s (default)
2019-07-08 10:53:10,102 INFO  server.RaftServerConfigKeys (ConfUtils.java:logGet(43)) - raft.server.watch.element-limit = 65536 (default)
2019-07-08 10:53:10,102 INFO  impl.RoleInfo (RoleInfo.java:updateAndGet(143)) - d2a7922a-3325-45ed-a3bc-86b1445bcdee: start LeaderState
2019-07-08 10:53:10,103 INFO  segmented.SegmentedRaftLogWorker (SegmentedRaftLogWorker.java:startLogSegment(380)) - d2a7922a-3325-45ed-a3bc-86b1445bcdee-SegmentedRaftLogWorker:Storage Directory /tmp/workdir/hadoop-ozone/tools/target/test-dir/MiniOzoneClusterImpl-0183a8d0-c3db-4027-8e7b-52442f3761b2/datanode-1/data/ratis/d9451e74-f678-4fa3-8de5-f56f9aeeaaf6: Starting segment from index:0
2019-07-08 10:53:10,103 INFO  impl.RaftServerImpl (ServerState.java:setRaftConf(361)) - d2a7922a-3325-45ed-a3bc-86b1445bcdee:group-F56F9AEEAAF6 set configuration 0: [d2a7922a-3325-45ed-a3bc-86b1445bcdee:192.168.5.132:40841], old=null at 0
2019-07-08 10:53:10,165 INFO  client.GrpcClientProtocolClient (GrpcClientProtocolClient.java:onNext(255)) - client-642F95FB193E->cf5aed27-0fe5-4f89-9e99-98cd6c6840c6: receive RaftClientReply:client-642F95FB193E->cf5aed27-0fe5-4f89-9e99-98cd6c6840c6@group-1148154A86BC, cid=6, FAILED org.apache.ratis.protocol.NotLeaderException: Server cf5aed27-0fe5-4f89-9e99-98cd6c6840c6 is not the leader (null). Request must be sent to leader., logIndex=0, commits[cf5aed27-0fe5-4f89-9e99-98cd6c6840c6:c-1]
2019-07-08 10:53:10,191 INFO  impl.FollowerState (FollowerState.java:run(106)) - cf5aed27-0fe5-4f89-9e99-98cd6c6840c6:group-1148154A86BC changes to CANDIDATE, lastRpcTime:1054, electionTimeout:1054ms
2019-07-08 10:53:10,191 INFO  impl.RoleInfo (RoleInfo.java:shutdownFollowerState(121)) - cf5aed27-0fe5-4f89-9e99-98cd6c6840c6: shutdown FollowerState
2019-07-08 10:53:10,191 INFO  impl.RaftServerImpl (RaftServerImpl.java:setRole(171)) - cf5aed27-0fe5-4f89-9e99-98cd6c6840c6:group-1148154A86BC changes role from FOLLOWER to CANDIDATE at term 0 for changeToCandidate
2019-07-08 10:53:10,191 INFO  impl.RoleInfo (RoleInfo.java:updateAndGet(143)) - cf5aed27-0fe5-4f89-9e99-98cd6c6840c6: start LeaderElection
2019-07-08 10:53:10,215 INFO  impl.LeaderElection (LeaderElection.java:askForVotes(181)) - cf5aed27-0fe5-4f89-9e99-98cd6c6840c6:group-1148154A86BC:LeaderElection4: begin an election at term 1 for -1: [9ba5f608-63ba-4f3a-8360-c7790c938c5c:192.168.5.132:37423, d2a7922a-3325-45ed-a3bc-86b1445bcdee:192.168.5.132:40841, cf5aed27-0fe5-4f89-9e99-98cd6c6840c6:192.168.5.132:41588], old=null
2019-07-08 10:53:10,242 INFO  impl.RaftServerImpl (RaftServerImpl.java:setRole(171)) - d2a7922a-3325-45ed-a3bc-86b1445bcdee:group-1148154A86BC changes role from FOLLOWER to FOLLOWER at term 1 for recognizeCandidate:cf5aed27-0fe5-4f89-9e99-98cd6c6840c6
2019-07-08 10:53:10,242 INFO  impl.RaftServerImpl (RaftServerImpl.java:setRole(171)) - 9ba5f608-63ba-4f3a-8360-c7790c938c5c:group-1148154A86BC changes role from FOLLOWER to FOLLOWER at term 1 for recognizeCandidate:cf5aed27-0fe5-4f89-9e99-98cd6c6840c6
2019-07-08 10:53:10,242 INFO  impl.RoleInfo (RoleInfo.java:shutdownFollowerState(121)) - d2a7922a-3325-45ed-a3bc-86b1445bcdee: shutdown FollowerState
2019-07-08 10:53:10,242 INFO  impl.RoleInfo (RoleInfo.java:shutdownFollowerState(121)) - 9ba5f608-63ba-4f3a-8360-c7790c938c5c: shutdown FollowerState
2019-07-08 10:53:10,243 INFO  impl.FollowerState (FollowerState.java:run(114)) - d2a7922a-3325-45ed-a3bc-86b1445bcdee: FollowerState was interrupted: java.lang.InterruptedException: sleep interrupted
2019-07-08 10:53:10,242 INFO  impl.RoleInfo (RoleInfo.java:updateAndGet(143)) - d2a7922a-3325-45ed-a3bc-86b1445bcdee: start FollowerState
2019-07-08 10:53:10,243 INFO  impl.FollowerState (FollowerState.java:run(114)) - 9ba5f608-63ba-4f3a-8360-c7790c938c5c: FollowerState was interrupted: java.lang.InterruptedException: sleep interrupted
2019-07-08 10:53:10,243 INFO  impl.RoleInfo (RoleInfo.java:updateAndGet(143)) - 9ba5f608-63ba-4f3a-8360-c7790c938c5c: start FollowerState
2019-07-08 10:53:10,295 INFO  impl.LeaderElection (LeaderElection.java:logAndReturn(56)) - cf5aed27-0fe5-4f89-9e99-98cd6c6840c6:group-1148154A86BC:LeaderElection4: Election PASSED; received 1 response(s) [cf5aed27-0fe5-4f89-9e99-98cd6c6840c6<-d2a7922a-3325-45ed-a3bc-86b1445bcdee#0:OK-t1] and 0 exception(s); cf5aed27-0fe5-4f89-9e99-98cd6c6840c6:t1, leader=null, voted=cf5aed27-0fe5-4f89-9e99-98cd6c6840c6, raftlog=cf5aed27-0fe5-4f89-9e99-98cd6c6840c6-SegmentedRaftLog:OPENED:c-1,f-1,i0, conf=-1: [9ba5f608-63ba-4f3a-8360-c7790c938c5c:192.168.5.132:37423, d2a7922a-3325-45ed-a3bc-86b1445bcdee:192.168.5.132:40841, cf5aed27-0fe5-4f89-9e99-98cd6c6840c6:192.168.5.132:41588], old=null
2019-07-08 10:53:10,295 INFO  impl.RoleInfo (RoleInfo.java:shutdownLeaderElection(134)) - cf5aed27-0fe5-4f89-9e99-98cd6c6840c6: shutdown LeaderElection
2019-07-08 10:53:10,296 INFO  impl.RaftServerImpl (RaftServerImpl.java:setRole(171)) - cf5aed27-0fe5-4f89-9e99-98cd6c6840c6:group-1148154A86BC changes role from CANDIDATE to LEADER at term 1 for changeToLeader
2019-07-08 10:53:10,297 INFO  impl.RaftServerImpl (ServerState.java:setLeader(263)) - cf5aed27-0fe5-4f89-9e99-98cd6c6840c6:group-1148154A86BC change Leader from null to cf5aed27-0fe5-4f89-9e99-98cd6c6840c6 at term 1 for becomeLeader, leader elected after 1172ms
2019-07-08 10:53:10,297 INFO  server.RaftServerConfigKeys (ConfUtils.java:logGet(43)) - raft.server.staging.catchup.gap = 1000 (default)
2019-07-08 10:53:10,297 INFO  segmented.SegmentedRaftLogWorker (SegmentedRaftLogWorker.java:execute(569)) - d2a7922a-3325-45ed-a3bc-86b1445bcdee-SegmentedRaftLogWorker:Storage Directory /tmp/workdir/hadoop-ozone/tools/target/test-dir/MiniOzoneClusterImpl-0183a8d0-c3db-4027-8e7b-52442f3761b2/datanode-1/data/ratis/d9451e74-f678-4fa3-8de5-f56f9aeeaaf6: created new log segment /tmp/workdir/hadoop-ozone/tools/target/test-dir/MiniOzoneClusterImpl-0183a8d0-c3db-4027-8e7b-52442f3761b2/datanode-1/data/ratis/d9451e74-f678-4fa3-8de5-f56f9aeeaaf6/current/log_inprogress_0
2019-07-08 10:53:10,298 INFO  server.RaftServerConfigKeys (ConfUtils.java:logGet(43)) - raft.server.rpc.sleep.time = 25ms (default)
2019-07-08 10:53:10,297 INFO  segmented.SegmentedRaftLogWorker (SegmentedRaftLogWorker.java:execute(569)) - 9ba5f608-63ba-4f3a-8360-c7790c938c5c-SegmentedRaftLogWorker:Storage Directory /tmp/workdir/hadoop-ozone/tools/target/test-dir/MiniOzoneClusterImpl-0183a8d0-c3db-4027-8e7b-52442f3761b2/datanode-2/data/ratis/33ec037f-56c6-409b-b36b-c798dfcd4916: created new log segment /tmp/workdir/hadoop-ozone/tools/target/test-dir/MiniOzoneClusterImpl-0183a8d0-c3db-4027-8e7b-52442f3761b2/datanode-2/data/ratis/33ec037f-56c6-409b-b36b-c798dfcd4916/current/log_inprogress_0
2019-07-08 10:53:10,297 INFO  segmented.SegmentedRaftLogWorker (SegmentedRaftLogWorker.java:execute(569)) - cf5aed27-0fe5-4f89-9e99-98cd6c6840c6-SegmentedRaftLogWorker:Storage Directory /tmp/workdir/hadoop-ozone/tools/target/test-dir/MiniOzoneClusterImpl-0183a8d0-c3db-4027-8e7b-52442f3761b2/datanode-0/data/ratis/80a9ae63-2ead-4b38-bdc5-6920dbf49cb5: created new log segment /tmp/workdir/hadoop-ozone/tools/target/test-dir/MiniOzoneClusterImpl-0183a8d0-c3db-4027-8e7b-52442f3761b2/datanode-0/data/ratis/80a9ae63-2ead-4b38-bdc5-6920dbf49cb5/current/log_inprogress_0
2019-07-08 10:53:10,300 INFO  server.RaftServerConfigKeys (ConfUtils.java:logGet(43)) - raft.server.write.element-limit = 4096 (default)
2019-07-08 10:53:10,301 INFO  server.RaftServerConfigKeys (ConfUtils.java:logGet(43)) - raft.server.watch.timeout = 10s (default)
2019-07-08 10:53:10,302 INFO  server.RaftServerConfigKeys (ConfUtils.java:logGet(43)) - raft.server.watch.timeout.denomination = 1s (default)
2019-07-08 10:53:10,302 INFO  server.RaftServerConfigKeys (ConfUtils.java:logGet(43)) - raft.server.watch.element-limit = 65536 (default)
2019-07-08 10:53:10,305 INFO  server.RaftServerConfigKeys (ConfUtils.java:logGet(43)) - raft.server.log.appender.snapshot.chunk.size.max = 16MB (=16777216) (default)
2019-07-08 10:53:10,306 INFO  server.RaftServerConfigKeys (ConfUtils.java:logGet(43)) - raft.server.log.appender.buffer.byte-limit = 33554432 (custom)
2019-07-08 10:53:10,306 INFO  server.RaftServerConfigKeys (ConfUtils.java:logGet(43)) - raft.server.log.appender.buffer.element-limit = 1 (custom)
2019-07-08 10:53:10,310 INFO  grpc.GrpcConfigKeys$Server (ConfUtils.java:logGet(43)) - raft.grpc.server.leader.outstanding.appends.max = 128 (default)
2019-07-08 10:53:10,312 INFO  server.RaftServerConfigKeys (ConfUtils.java:logGet(43)) - raft.server.rpc.request.timeout = 3000ms (default)
2019-07-08 10:53:10,312 INFO  server.RaftServerConfigKeys (ConfUtils.java:logGet(43)) - raft.server.log.appender.install.snapshot.enabled = false (custom)
2019-07-08 10:53:10,312 INFO  server.RaftServerConfigKeys (ConfUtils.java:logGet(43)) - raft.server.log.appender.snapshot.chunk.size.max = 16MB (=16777216) (default)
2019-07-08 10:53:10,313 INFO  server.RaftServerConfigKeys (ConfUtils.java:logGet(43)) - raft.server.log.appender.buffer.byte-limit = 33554432 (custom)
2019-07-08 10:53:10,313 INFO  server.RaftServerConfigKeys (ConfUtils.java:logGet(43)) - raft.server.log.appender.buffer.element-limit = 1 (custom)
2019-07-08 10:53:10,313 INFO  grpc.GrpcConfigKeys$Server (ConfUtils.java:logGet(43)) - raft.grpc.server.leader.outstanding.appends.max = 128 (default)
2019-07-08 10:53:10,313 INFO  server.RaftServerConfigKeys (ConfUtils.java:logGet(43)) - raft.server.rpc.request.timeout = 3000ms (default)
2019-07-08 10:53:10,313 INFO  server.RaftServerConfigKeys (ConfUtils.java:logGet(43)) - raft.server.log.appender.install.snapshot.enabled = false (custom)
2019-07-08 10:53:10,315 INFO  impl.RoleInfo (RoleInfo.java:updateAndGet(143)) - cf5aed27-0fe5-4f89-9e99-98cd6c6840c6: start LeaderState
2019-07-08 10:53:10,316 INFO  segmented.SegmentedRaftLogWorker (SegmentedRaftLogWorker.java:startLogSegment(380)) - cf5aed27-0fe5-4f89-9e99-98cd6c6840c6-SegmentedRaftLogWorker:Storage Directory /tmp/workdir/hadoop-ozone/tools/target/test-dir/MiniOzoneClusterImpl-0183a8d0-c3db-4027-8e7b-52442f3761b2/datanode-0/data/ratis/6c569b86-1498-475d-a468-1148154a86bc: Starting segment from index:0
2019-07-08 10:53:10,317 INFO  impl.RaftServerImpl (ServerState.java:setRaftConf(361)) - cf5aed27-0fe5-4f89-9e99-98cd6c6840c6:group-1148154A86BC set configuration 0: [9ba5f608-63ba-4f3a-8360-c7790c938c5c:192.168.5.132:37423, d2a7922a-3325-45ed-a3bc-86b1445bcdee:192.168.5.132:40841, cf5aed27-0fe5-4f89-9e99-98cd6c6840c6:192.168.5.132:41588], old=null at 0
2019-07-08 10:53:10,338 INFO  segmented.SegmentedRaftLogWorker (SegmentedRaftLogWorker.java:execute(569)) - cf5aed27-0fe5-4f89-9e99-98cd6c6840c6-SegmentedRaftLogWorker:Storage Directory /tmp/workdir/hadoop-ozone/tools/target/test-dir/MiniOzoneClusterImpl-0183a8d0-c3db-4027-8e7b-52442f3761b2/datanode-0/data/ratis/6c569b86-1498-475d-a468-1148154a86bc: created new log segment /tmp/workdir/hadoop-ozone/tools/target/test-dir/MiniOzoneClusterImpl-0183a8d0-c3db-4027-8e7b-52442f3761b2/datanode-0/data/ratis/6c569b86-1498-475d-a468-1148154a86bc/current/log_inprogress_0
2019-07-08 10:53:10,361 INFO  impl.RaftServerImpl (ServerState.java:setLeader(263)) - 9ba5f608-63ba-4f3a-8360-c7790c938c5c:group-1148154A86BC change Leader from null to cf5aed27-0fe5-4f89-9e99-98cd6c6840c6 at term 1 for appendEntries, leader elected after 1236ms
2019-07-08 10:53:10,361 INFO  impl.RaftServerImpl (ServerState.java:setLeader(263)) - d2a7922a-3325-45ed-a3bc-86b1445bcdee:group-1148154A86BC change Leader from null to cf5aed27-0fe5-4f89-9e99-98cd6c6840c6 at term 1 for appendEntries, leader elected after 1235ms
2019-07-08 10:53:10,394 INFO  impl.RaftServerImpl (ServerState.java:setRaftConf(361)) - 9ba5f608-63ba-4f3a-8360-c7790c938c5c:group-1148154A86BC set configuration 0: [9ba5f608-63ba-4f3a-8360-c7790c938c5c:192.168.5.132:37423, d2a7922a-3325-45ed-a3bc-86b1445bcdee:192.168.5.132:40841, cf5aed27-0fe5-4f89-9e99-98cd6c6840c6:192.168.5.132:41588], old=null at 0
2019-07-08 10:53:10,394 INFO  impl.RaftServerImpl (ServerState.java:setRaftConf(361)) - d2a7922a-3325-45ed-a3bc-86b1445bcdee:group-1148154A86BC set configuration 0: [9ba5f608-63ba-4f3a-8360-c7790c938c5c:192.168.5.132:37423, d2a7922a-3325-45ed-a3bc-86b1445bcdee:192.168.5.132:40841, cf5aed27-0fe5-4f89-9e99-98cd6c6840c6:192.168.5.132:41588], old=null at 0
2019-07-08 10:53:10,395 INFO  segmented.SegmentedRaftLogWorker (SegmentedRaftLogWorker.java:startLogSegment(380)) - 9ba5f608-63ba-4f3a-8360-c7790c938c5c-SegmentedRaftLogWorker:Storage Directory /tmp/workdir/hadoop-ozone/tools/target/test-dir/MiniOzoneClusterImpl-0183a8d0-c3db-4027-8e7b-52442f3761b2/datanode-2/data/ratis/6c569b86-1498-475d-a468-1148154a86bc: Starting segment from index:0
2019-07-08 10:53:10,395 INFO  segmented.SegmentedRaftLogWorker (SegmentedRaftLogWorker.java:startLogSegment(380)) - d2a7922a-3325-45ed-a3bc-86b1445bcdee-SegmentedRaftLogWorker:Storage Directory /tmp/workdir/hadoop-ozone/tools/target/test-dir/MiniOzoneClusterImpl-0183a8d0-c3db-4027-8e7b-52442f3761b2/datanode-1/data/ratis/6c569b86-1498-475d-a468-1148154a86bc: Starting segment from index:0
2019-07-08 10:53:10,426 INFO  segmented.SegmentedRaftLogWorker (SegmentedRaftLogWorker.java:execute(569)) - d2a7922a-3325-45ed-a3bc-86b1445bcdee-SegmentedRaftLogWorker:Storage Directory /tmp/workdir/hadoop-ozone/tools/target/test-dir/MiniOzoneClusterImpl-0183a8d0-c3db-4027-8e7b-52442f3761b2/datanode-1/data/ratis/6c569b86-1498-475d-a468-1148154a86bc: created new log segment /tmp/workdir/hadoop-ozone/tools/target/test-dir/MiniOzoneClusterImpl-0183a8d0-c3db-4027-8e7b-52442f3761b2/datanode-1/data/ratis/6c569b86-1498-475d-a468-1148154a86bc/current/log_inprogress_0
2019-07-08 10:53:10,426 INFO  segmented.SegmentedRaftLogWorker (SegmentedRaftLogWorker.java:execute(569)) - 9ba5f608-63ba-4f3a-8360-c7790c938c5c-SegmentedRaftLogWorker:Storage Directory /tmp/workdir/hadoop-ozone/tools/target/test-dir/MiniOzoneClusterImpl-0183a8d0-c3db-4027-8e7b-52442f3761b2/datanode-2/data/ratis/6c569b86-1498-475d-a468-1148154a86bc: created new log segment /tmp/workdir/hadoop-ozone/tools/target/test-dir/MiniOzoneClusterImpl-0183a8d0-c3db-4027-8e7b-52442f3761b2/datanode-2/data/ratis/6c569b86-1498-475d-a468-1148154a86bc/current/log_inprogress_0
 0.00% |█                                                                                                    |  0/1 Time: 0:00:012019-07-08 10:53:11,213 INFO  client.GrpcClientProtocolClient (GrpcClientProtocolClient.java:onNext(255)) - client-642F95FB193E->d2a7922a-3325-45ed-a3bc-86b1445bcdee: receive RaftClientReply:client-642F95FB193E->d2a7922a-3325-45ed-a3bc-86b1445bcdee@group-1148154A86BC, cid=6, FAILED org.apache.ratis.protocol.NotLeaderException: Server d2a7922a-3325-45ed-a3bc-86b1445bcdee is not the leader (cf5aed27-0fe5-4f89-9e99-98cd6c6840c6:192.168.5.132:41588). Request must be sent to leader., logIndex=0, commits[d2a7922a-3325-45ed-a3bc-86b1445bcdee:c0, 9ba5f608-63ba-4f3a-8360-c7790c938c5c:c0, cf5aed27-0fe5-4f89-9e99-98cd6c6840c6:c0]
2019-07-08 10:53:11,477 INFO  client.GrpcClientProtocolClient (GrpcClientProtocolClient.java:onNext(255)) - client-642F95FB193E->cf5aed27-0fe5-4f89-9e99-98cd6c6840c6: receive RaftClientReply:client-642F95FB193E->cf5aed27-0fe5-4f89-9e99-98cd6c6840c6@group-1148154A86BC, cid=6, SUCCESS, logIndex=1, commits[cf5aed27-0fe5-4f89-9e99-98cd6c6840c6:c1, 9ba5f608-63ba-4f3a-8360-c7790c938c5c:c0, d2a7922a-3325-45ed-a3bc-86b1445bcdee:c0]
2019-07-08 10:53:11,551 INFO  client.GrpcClientProtocolClient (GrpcClientProtocolClient.java:onNext(255)) - client-642F95FB193E->cf5aed27-0fe5-4f89-9e99-98cd6c6840c6: receive RaftClientReply:client-642F95FB193E->cf5aed27-0fe5-4f89-9e99-98cd6c6840c6@group-1148154A86BC, cid=7, SUCCESS, logIndex=3, commits[cf5aed27-0fe5-4f89-9e99-98cd6c6840c6:c8, 9ba5f608-63ba-4f3a-8360-c7790c938c5c:c6, d2a7922a-3325-45ed-a3bc-86b1445bcdee:c6]
2019-07-08 10:53:11,554 INFO  client.GrpcClientProtocolClient (GrpcClientProtocolClient.java:onNext(255)) - client-642F95FB193E->cf5aed27-0fe5-4f89-9e99-98cd6c6840c6: receive RaftClientReply:client-642F95FB193E->cf5aed27-0fe5-4f89-9e99-98cd6c6840c6@group-1148154A86BC, cid=8, SUCCESS, logIndex=5, commits[cf5aed27-0fe5-4f89-9e99-98cd6c6840c6:c8, 9ba5f608-63ba-4f3a-8360-c7790c938c5c:c6, d2a7922a-3325-45ed-a3bc-86b1445bcdee:c6]
2019-07-08 10:53:11,594 INFO  client.GrpcClientProtocolClient (GrpcClientProtocolClient.java:onNext(255)) - client-642F95FB193E->cf5aed27-0fe5-4f89-9e99-98cd6c6840c6: receive RaftClientReply:client-642F95FB193E->cf5aed27-0fe5-4f89-9e99-98cd6c6840c6@group-1148154A86BC, cid=9, SUCCESS, logIndex=6, commits[cf5aed27-0fe5-4f89-9e99-98cd6c6840c6:c8, 9ba5f608-63ba-4f3a-8360-c7790c938c5c:c6, d2a7922a-3325-45ed-a3bc-86b1445bcdee:c6]
2019-07-08 10:53:11,629 INFO  client.GrpcClientProtocolClient (GrpcClientProtocolClient.java:onNext(255)) - client-642F95FB193E->cf5aed27-0fe5-4f89-9e99-98cd6c6840c6: receive RaftClientReply:client-642F95FB193E->cf5aed27-0fe5-4f89-9e99-98cd6c6840c6@group-1148154A86BC, cid=10, SUCCESS, logIndex=9, commits[cf5aed27-0fe5-4f89-9e99-98cd6c6840c6:c9, 9ba5f608-63ba-4f3a-8360-c7790c938c5c:c6, d2a7922a-3325-45ed-a3bc-86b1445bcdee:c8]
2019-07-08 10:53:11,634 INFO  client.GrpcClientProtocolClient (GrpcClientProtocolClient.java:onNext(255)) - client-642F95FB193E->cf5aed27-0fe5-4f89-9e99-98cd6c6840c6: receive RaftClientReply:client-642F95FB193E->cf5aed27-0fe5-4f89-9e99-98cd6c6840c6@group-1148154A86BC, cid=11, SUCCESS, logIndex=10, commits[cf5aed27-0fe5-4f89-9e99-98cd6c6840c6:c10, 9ba5f608-63ba-4f3a-8360-c7790c938c5c:c8, d2a7922a-3325-45ed-a3bc-86b1445bcdee:c8]
2019-07-08 10:53:11,639 INFO  client.GrpcClientProtocolClient (GrpcClientProtocolClient.java:onNext(255)) - client-642F95FB193E->cf5aed27-0fe5-4f89-9e99-98cd6c6840c6: receive RaftClientReply:client-642F95FB193E->cf5aed27-0fe5-4f89-9e99-98cd6c6840c6@group-1148154A86BC, cid=12, SUCCESS, logIndex=11, commits[cf5aed27-0fe5-4f89-9e99-98cd6c6840c6:c12, 9ba5f608-63ba-4f3a-8360-c7790c938c5c:c9, d2a7922a-3325-45ed-a3bc-86b1445bcdee:c8]
2019-07-08 10:53:11,640 INFO  client.GrpcClientProtocolClient (GrpcClientProtocolClient.java:onNext(255)) - client-642F95FB193E->cf5aed27-0fe5-4f89-9e99-98cd6c6840c6: receive RaftClientReply:client-642F95FB193E->cf5aed27-0fe5-4f89-9e99-98cd6c6840c6@group-1148154A86BC, cid=13, SUCCESS, logIndex=12, commits[cf5aed27-0fe5-4f89-9e99-98cd6c6840c6:c14, 9ba5f608-63ba-4f3a-8360-c7790c938c5c:c10, d2a7922a-3325-45ed-a3bc-86b1445bcdee:c8]
2019-07-08 10:53:11,656 INFO  client.GrpcClientProtocolClient (GrpcClientProtocolClient.java:onNext(255)) - client-642F95FB193E->cf5aed27-0fe5-4f89-9e99-98cd6c6840c6: receive RaftClientReply:client-642F95FB193E->cf5aed27-0fe5-4f89-9e99-98cd6c6840c6@group-1148154A86BC, cid=14, SUCCESS, logIndex=0, commits[cf5aed27-0fe5-4f89-9e99-98cd6c6840c6:c16, 9ba5f608-63ba-4f3a-8360-c7790c938c5c:c12, d2a7922a-3325-45ed-a3bc-86b1445bcdee:c12]
2019-07-08 10:53:11,660 INFO  client.GrpcClientProtocolClient (GrpcClientProtocolClient.java:onNext(255)) - client-642F95FB193E->cf5aed27-0fe5-4f89-9e99-98cd6c6840c6: receive RaftClientReply:client-642F95FB193E->cf5aed27-0fe5-4f89-9e99-98cd6c6840c6@group-1148154A86BC, cid=15, SUCCESS, logIndex=0, commits[cf5aed27-0fe5-4f89-9e99-98cd6c6840c6:c16, 9ba5f608-63ba-4f3a-8360-c7790c938c5c:c12, d2a7922a-3325-45ed-a3bc-86b1445bcdee:c12]
2019-07-08 10:53:11,732 INFO  client.GrpcClientProtocolClient (GrpcClientProtocolClient.java:onNext(255)) - client-642F95FB193E->cf5aed27-0fe5-4f89-9e99-98cd6c6840c6: receive RaftClientReply:client-642F95FB193E->cf5aed27-0fe5-4f89-9e99-98cd6c6840c6@group-1148154A86BC, cid=16, SUCCESS, logIndex=17, commits[cf5aed27-0fe5-4f89-9e99-98cd6c6840c6:c20, 9ba5f608-63ba-4f3a-8360-c7790c938c5c:c12, d2a7922a-3325-45ed-a3bc-86b1445bcdee:c16]
 0.00% |█                                                                                                    |  0/1 Time: 0:00:022019-07-08 10:53:11,753 INFO  client.GrpcClientProtocolClient (GrpcClientProtocolClient.java:onNext(255)) - client-642F95FB193E->cf5aed27-0fe5-4f89-9e99-98cd6c6840c6: receive RaftClientReply:client-642F95FB193E->cf5aed27-0fe5-4f89-9e99-98cd6c6840c6@group-1148154A86BC, cid=17, SUCCESS, logIndex=18, commits[cf5aed27-0fe5-4f89-9e99-98cd6c6840c6:c23, 9ba5f608-63ba-4f3a-8360-c7790c938c5c:c20, d2a7922a-3325-45ed-a3bc-86b1445bcdee:c20]
2019-07-08 10:53:11,754 INFO  client.GrpcClientProtocolClient (GrpcClientProtocolClient.java:onNext(255)) - client-642F95FB193E->cf5aed27-0fe5-4f89-9e99-98cd6c6840c6: receive RaftClientReply:client-642F95FB193E->cf5aed27-0fe5-4f89-9e99-98cd6c6840c6@group-1148154A86BC, cid=18, SUCCESS, logIndex=19, commits[cf5aed27-0fe5-4f89-9e99-98cd6c6840c6:c23, 9ba5f608-63ba-4f3a-8360-c7790c938c5c:c20, d2a7922a-3325-45ed-a3bc-86b1445bcdee:c20]
2019-07-08 10:53:11,802 INFO  client.GrpcClientProtocolClient (GrpcClientProtocolClient.java:onNext(255)) - client-642F95FB193E->cf5aed27-0fe5-4f89-9e99-98cd6c6840c6: receive RaftClientReply:client-642F95FB193E->cf5aed27-0fe5-4f89-9e99-98cd6c6840c6@group-1148154A86BC, cid=19, SUCCESS, logIndex=20, commits[cf5aed27-0fe5-4f89-9e99-98cd6c6840c6:c23, 9ba5f608-63ba-4f3a-8360-c7790c938c5c:c20, d2a7922a-3325-45ed-a3bc-86b1445bcdee:c20]
2019-07-08 10:53:11,837 INFO  client.GrpcClientProtocolClient (GrpcClientProtocolClient.java:onNext(255)) - client-642F95FB193E->cf5aed27-0fe5-4f89-9e99-98cd6c6840c6: receive RaftClientReply:client-642F95FB193E->cf5aed27-0fe5-4f89-9e99-98cd6c6840c6@group-1148154A86BC, cid=20, SUCCESS, logIndex=24, commits[cf5aed27-0fe5-4f89-9e99-98cd6c6840c6:c24, 9ba5f608-63ba-4f3a-8360-c7790c938c5c:c23, d2a7922a-3325-45ed-a3bc-86b1445bcdee:c23]
2019-07-08 10:53:11,838 INFO  client.GrpcClientProtocolClient (GrpcClientProtocolClient.java:onNext(255)) - client-642F95FB193E->cf5aed27-0fe5-4f89-9e99-98cd6c6840c6: receive RaftClientReply:client-642F95FB193E->cf5aed27-0fe5-4f89-9e99-98cd6c6840c6@group-1148154A86BC, cid=21, SUCCESS, logIndex=25, commits[cf5aed27-0fe5-4f89-9e99-98cd6c6840c6:c25, 9ba5f608-63ba-4f3a-8360-c7790c938c5c:c23, d2a7922a-3325-45ed-a3bc-86b1445bcdee:c23]
2019-07-08 10:53:11,848 INFO  client.GrpcClientProtocolClient (GrpcClientProtocolClient.java:onNext(255)) - client-642F95FB193E->cf5aed27-0fe5-4f89-9e99-98cd6c6840c6: receive RaftClientReply:client-642F95FB193E->cf5aed27-0fe5-4f89-9e99-98cd6c6840c6@group-1148154A86BC, cid=22, SUCCESS, logIndex=26, commits[cf5aed27-0fe5-4f89-9e99-98cd6c6840c6:c28, 9ba5f608-63ba-4f3a-8360-c7790c938c5c:c24, d2a7922a-3325-45ed-a3bc-86b1445bcdee:c23]
2019-07-08 10:53:11,849 INFO  client.GrpcClientProtocolClient (GrpcClientProtocolClient.java:onNext(255)) - client-642F95FB193E->cf5aed27-0fe5-4f89-9e99-98cd6c6840c6: receive RaftClientReply:client-642F95FB193E->cf5aed27-0fe5-4f89-9e99-98cd6c6840c6@group-1148154A86BC, cid=23, SUCCESS, logIndex=27, commits[cf5aed27-0fe5-4f89-9e99-98cd6c6840c6:c29, 9ba5f608-63ba-4f3a-8360-c7790c938c5c:c25, d2a7922a-3325-45ed-a3bc-86b1445bcdee:c25]
2019-07-08 10:53:12,360 INFO  client.GrpcClientProtocolClient (GrpcClientProtocolClient.java:onNext(255)) - client-642F95FB193E->cf5aed27-0fe5-4f89-9e99-98cd6c6840c6: receive RaftClientReply:client-642F95FB193E->cf5aed27-0fe5-4f89-9e99-98cd6c6840c6@group-1148154A86BC, cid=24, SUCCESS, logIndex=0, commits[cf5aed27-0fe5-4f89-9e99-98cd6c6840c6:c30, 9ba5f608-63ba-4f3a-8360-c7790c938c5c:c30, d2a7922a-3325-45ed-a3bc-86b1445bcdee:c30]
2019-07-08 10:53:12,476 INFO  client.GrpcClientProtocolClient (GrpcClientProtocolClient.java:onNext(255)) - client-642F95FB193E->cf5aed27-0fe5-4f89-9e99-98cd6c6840c6: receive RaftClientReply:client-642F95FB193E->cf5aed27-0fe5-4f89-9e99-98cd6c6840c6@group-1148154A86BC, cid=25, SUCCESS, logIndex=31, commits[cf5aed27-0fe5-4f89-9e99-98cd6c6840c6:c34, 9ba5f608-63ba-4f3a-8360-c7790c938c5c:c30, d2a7922a-3325-45ed-a3bc-86b1445bcdee:c30]
2019-07-08 10:53:12,505 INFO  client.GrpcClientProtocolClient (GrpcClientProtocolClient.java:onNext(255)) - client-642F95FB193E->cf5aed27-0fe5-4f89-9e99-98cd6c6840c6: receive RaftClientReply:client-642F95FB193E->cf5aed27-0fe5-4f89-9e99-98cd6c6840c6@group-1148154A86BC, cid=26, SUCCESS, logIndex=32, commits[cf5aed27-0fe5-4f89-9e99-98cd6c6840c6:c37, 9ba5f608-63ba-4f3a-8360-c7790c938c5c:c34, d2a7922a-3325-45ed-a3bc-86b1445bcdee:c34]
2019-07-08 10:53:12,506 INFO  client.GrpcClientProtocolClient (GrpcClientProtocolClient.java:onNext(255)) - client-642F95FB193E->cf5aed27-0fe5-4f89-9e99-98cd6c6840c6: receive RaftClientReply:client-642F95FB193E->cf5aed27-0fe5-4f89-9e99-98cd6c6840c6@group-1148154A86BC, cid=27, SUCCESS, logIndex=33, commits[cf5aed27-0fe5-4f89-9e99-98cd6c6840c6:c37, 9ba5f608-63ba-4f3a-8360-c7790c938c5c:c34, d2a7922a-3325-45ed-a3bc-86b1445bcdee:c34]
2019-07-08 10:53:12,576 INFO  client.GrpcClientProtocolClient (GrpcClientProtocolClient.java:onNext(255)) - client-642F95FB193E->cf5aed27-0fe5-4f89-9e99-98cd6c6840c6: receive RaftClientReply:client-642F95FB193E->cf5aed27-0fe5-4f89-9e99-98cd6c6840c6@group-1148154A86BC, cid=28, SUCCESS, logIndex=34, commits[cf5aed27-0fe5-4f89-9e99-98cd6c6840c6:c37, 9ba5f608-63ba-4f3a-8360-c7790c938c5c:c34, d2a7922a-3325-45ed-a3bc-86b1445bcdee:c34]
2019-07-08 10:53:12,609 INFO  client.GrpcClientProtocolClient (GrpcClientProtocolClient.java:onNext(255)) - client-642F95FB193E->cf5aed27-0fe5-4f89-9e99-98cd6c6840c6: receive RaftClientReply:client-642F95FB193E->cf5aed27-0fe5-4f89-9e99-98cd6c6840c6@group-1148154A86BC, cid=29, SUCCESS, logIndex=38, commits[cf5aed27-0fe5-4f89-9e99-98cd6c6840c6:c39, 9ba5f608-63ba-4f3a-8360-c7790c938c5c:c37, d2a7922a-3325-45ed-a3bc-86b1445bcdee:c34]
2019-07-08 10:53:12,610 INFO  client.GrpcClientProtocolClient (GrpcClientProtocolClient.java:onNext(255)) - client-642F95FB193E->cf5aed27-0fe5-4f89-9e99-98cd6c6840c6: receive RaftClientReply:client-642F95FB193E->cf5aed27-0fe5-4f89-9e99-98cd6c6840c6@group-1148154A86BC, cid=30, SUCCESS, logIndex=39, commits[cf5aed27-0fe5-4f89-9e99-98cd6c6840c6:c39, 9ba5f608-63ba-4f3a-8360-c7790c938c5c:c37, d2a7922a-3325-45ed-a3bc-86b1445bcdee:c34]
2019-07-08 10:53:12,624 INFO  client.GrpcClientProtocolClient (GrpcClientProtocolClient.java:onNext(255)) - client-642F95FB193E->cf5aed27-0fe5-4f89-9e99-98cd6c6840c6: receive RaftClientReply:client-642F95FB193E->cf5aed27-0fe5-4f89-9e99-98cd6c6840c6@group-1148154A86BC, cid=31, SUCCESS, logIndex=40, commits[cf5aed27-0fe5-4f89-9e99-98cd6c6840c6:c41, 9ba5f608-63ba-4f3a-8360-c7790c938c5c:c38, d2a7922a-3325-45ed-a3bc-86b1445bcdee:c37]
2019-07-08 10:53:12,625 INFO  client.GrpcClientProtocolClient (GrpcClientProtocolClient.java:onNext(255)) - client-642F95FB193E->cf5aed27-0fe5-4f89-9e99-98cd6c6840c6: receive RaftClientReply:client-642F95FB193E->cf5aed27-0fe5-4f89-9e99-98cd6c6840c6@group-1148154A86BC, cid=32, SUCCESS, logIndex=41, commits[cf5aed27-0fe5-4f89-9e99-98cd6c6840c6:c43, 9ba5f608-63ba-4f3a-8360-c7790c938c5c:c39, d2a7922a-3325-45ed-a3bc-86b1445bcdee:c37]
2019-07-08 10:53:12,628 INFO  client.GrpcClientProtocolClient (GrpcClientProtocolClient.java:onNext(255)) - client-642F95FB193E->cf5aed27-0fe5-4f89-9e99-98cd6c6840c6: receive RaftClientReply:client-642F95FB193E->cf5aed27-0fe5-4f89-9e99-98cd6c6840c6@group-1148154A86BC, cid=33, SUCCESS, logIndex=0, commits[cf5aed27-0fe5-4f89-9e99-98cd6c6840c6:c44, 9ba5f608-63ba-4f3a-8360-c7790c938c5c:c41, d2a7922a-3325-45ed-a3bc-86b1445bcdee:c39]
2019-07-08 10:53:12,631 INFO  client.GrpcClientProtocolClient (GrpcClientProtocolClient.java:onNext(255)) - client-642F95FB193E->cf5aed27-0fe5-4f89-9e99-98cd6c6840c6: receive RaftClientReply:client-642F95FB193E->cf5aed27-0fe5-4f89-9e99-98cd6c6840c6@group-1148154A86BC, cid=34, SUCCESS, logIndex=0, commits[cf5aed27-0fe5-4f89-9e99-98cd6c6840c6:c45, 9ba5f608-63ba-4f3a-8360-c7790c938c5c:c42, d2a7922a-3325-45ed-a3bc-86b1445bcdee:c42]
2019-07-08 10:53:12,657 INFO  client.GrpcClientProtocolClient (GrpcClientProtocolClient.java:onNext(255)) - client-642F95FB193E->cf5aed27-0fe5-4f89-9e99-98cd6c6840c6: receive RaftClientReply:client-642F95FB193E->cf5aed27-0fe5-4f89-9e99-98cd6c6840c6@group-1148154A86BC, cid=35, SUCCESS, logIndex=46, commits[cf5aed27-0fe5-4f89-9e99-98cd6c6840c6:c47, 9ba5f608-63ba-4f3a-8360-c7790c938c5c:c45, d2a7922a-3325-45ed-a3bc-86b1445bcdee:c45]
2019-07-08 10:53:12,658 INFO  client.GrpcClientProtocolClient (GrpcClientProtocolClient.java:onNext(255)) - client-642F95FB193E->cf5aed27-0fe5-4f89-9e99-98cd6c6840c6: receive RaftClientReply:client-642F95FB193E->cf5aed27-0fe5-4f89-9e99-98cd6c6840c6@group-1148154A86BC, cid=36, SUCCESS, logIndex=47, commits[cf5aed27-0fe5-4f89-9e99-98cd6c6840c6:c47, 9ba5f608-63ba-4f3a-8360-c7790c938c5c:c45, d2a7922a-3325-45ed-a3bc-86b1445bcdee:c45]
2019-07-08 10:53:12,665 INFO  client.GrpcClientProtocolClient (GrpcClientProtocolClient.java:onNext(255)) - client-642F95FB193E->cf5aed27-0fe5-4f89-9e99-98cd6c6840c6: receive RaftClientReply:client-642F95FB193E->cf5aed27-0fe5-4f89-9e99-98cd6c6840c6@group-1148154A86BC, cid=37, SUCCESS, logIndex=48, commits[cf5aed27-0fe5-4f89-9e99-98cd6c6840c6:c49, 9ba5f608-63ba-4f3a-8360-c7790c938c5c:c46, d2a7922a-3325-45ed-a3bc-86b1445bcdee:c45]
2019-07-08 10:53:12,665 INFO  client.GrpcClientProtocolClient (GrpcClientProtocolClient.java:onNext(255)) - client-642F95FB193E->cf5aed27-0fe5-4f89-9e99-98cd6c6840c6: receive RaftClientReply:client-642F95FB193E->cf5aed27-0fe5-4f89-9e99-98cd6c6840c6@group-1148154A86BC, cid=38, SUCCESS, logIndex=49, commits[cf5aed27-0fe5-4f89-9e99-98cd6c6840c6:c51, 9ba5f608-63ba-4f3a-8360-c7790c938c5c:c47, d2a7922a-3325-45ed-a3bc-86b1445bcdee:c47]
2019-07-08 10:53:12,692 INFO  client.GrpcClientProtocolClient (GrpcClientProtocolClient.java:onNext(255)) - client-642F95FB193E->cf5aed27-0fe5-4f89-9e99-98cd6c6840c6: receive RaftClientReply:client-642F95FB193E->cf5aed27-0fe5-4f89-9e99-98cd6c6840c6@group-1148154A86BC, cid=39, SUCCESS, logIndex=54, commits[cf5aed27-0fe5-4f89-9e99-98cd6c6840c6:c55, 9ba5f608-63ba-4f3a-8360-c7790c938c5c:c53, d2a7922a-3325-45ed-a3bc-86b1445bcdee:c53]
2019-07-08 10:53:12,693 INFO  client.GrpcClientProtocolClient (GrpcClientProtocolClient.java:onNext(255)) - client-642F95FB193E->cf5aed27-0fe5-4f89-9e99-98cd6c6840c6: receive RaftClientReply:client-642F95FB193E->cf5aed27-0fe5-4f89-9e99-98cd6c6840c6@group-1148154A86BC, cid=40, SUCCESS, logIndex=55, commits[cf5aed27-0fe5-4f89-9e99-98cd6c6840c6:c55, 9ba5f608-63ba-4f3a-8360-c7790c938c5c:c53, d2a7922a-3325-45ed-a3bc-86b1445bcdee:c53]
2019-07-08 10:53:12,715 INFO  client.GrpcClientProtocolClient (GrpcClientProtocolClient.java:onNext(255)) - client-642F95FB193E->cf5aed27-0fe5-4f89-9e99-98cd6c6840c6: receive RaftClientReply:client-642F95FB193E->cf5aed27-0fe5-4f89-9e99-98cd6c6840c6@group-1148154A86BC, cid=41, SUCCESS, logIndex=58, commits[cf5aed27-0fe5-4f89-9e99-98cd6c6840c6:c59, 9ba5f608-63ba-4f3a-8360-c7790c938c5c:c56, d2a7922a-3325-45ed-a3bc-86b1445bcdee:c56]
2019-07-08 10:53:12,716 INFO  client.GrpcClientProtocolClient (GrpcClientProtocolClient.java:onNext(255)) - client-642F95FB193E->cf5aed27-0fe5-4f89-9e99-98cd6c6840c6: receive RaftClientReply:client-642F95FB193E->cf5aed27-0fe5-4f89-9e99-98cd6c6840c6@group-1148154A86BC, cid=42, SUCCESS, logIndex=59, commits[cf5aed27-0fe5-4f89-9e99-98cd6c6840c6:c59, 9ba5f608-63ba-4f3a-8360-c7790c938c5c:c56, d2a7922a-3325-45ed-a3bc-86b1445bcdee:c56]
2019-07-08 10:53:12,722 INFO  client.GrpcClientProtocolClient (GrpcClientProtocolClient.java:onNext(255)) - client-642F95FB193E->cf5aed27-0fe5-4f89-9e99-98cd6c6840c6: receive RaftClientReply:client-642F95FB193E->cf5aed27-0fe5-4f89-9e99-98cd6c6840c6@group-1148154A86BC, cid=43, SUCCESS, logIndex=0, commits[cf5aed27-0fe5-4f89-9e99-98cd6c6840c6:c60, 9ba5f608-63ba-4f3a-8360-c7790c938c5c:c59, d2a7922a-3325-45ed-a3bc-86b1445bcdee:c59]
 0.00% |█                                                                                                    |  0/1 Time: 0:00:032019-07-08 10:53:12,745 INFO  client.GrpcClientProtocolClient (GrpcClientProtocolClient.java:onNext(255)) - client-642F95FB193E->cf5aed27-0fe5-4f89-9e99-98cd6c6840c6: receive RaftClientReply:client-642F95FB193E->cf5aed27-0fe5-4f89-9e99-98cd6c6840c6@group-1148154A86BC, cid=44, SUCCESS, logIndex=62, commits[cf5aed27-0fe5-4f89-9e99-98cd6c6840c6:c63, 9ba5f608-63ba-4f3a-8360-c7790c938c5c:c61, d2a7922a-3325-45ed-a3bc-86b1445bcdee:c61]
2019-07-08 10:53:12,746 INFO  client.GrpcClientProtocolClient (GrpcClientProtocolClient.java:onNext(255)) - client-642F95FB193E->cf5aed27-0fe5-4f89-9e99-98cd6c6840c6: receive RaftClientReply:client-642F95FB193E->cf5aed27-0fe5-4f89-9e99-98cd6c6840c6@group-1148154A86BC, cid=45, SUCCESS, logIndex=63, commits[cf5aed27-0fe5-4f89-9e99-98cd6c6840c6:c63, 9ba5f608-63ba-4f3a-8360-c7790c938c5c:c61, d2a7922a-3325-45ed-a3bc-86b1445bcdee:c61]
2019-07-08 10:53:12,749 INFO  client.GrpcClientProtocolClient (GrpcClientProtocolClient.java:onNext(255)) - client-642F95FB193E->cf5aed27-0fe5-4f89-9e99-98cd6c6840c6: receive RaftClientReply:client-642F95FB193E->cf5aed27-0fe5-4f89-9e99-98cd6c6840c6@group-1148154A86BC, cid=46, SUCCESS, logIndex=64, commits[cf5aed27-0fe5-4f89-9e99-98cd6c6840c6:c65, 9ba5f608-63ba-4f3a-8360-c7790c938c5c:c61, d2a7922a-3325-45ed-a3bc-86b1445bcdee:c61]
2019-07-08 10:53:12,749 INFO  client.GrpcClientProtocolClient (GrpcClientProtocolClient.java:onNext(255)) - client-642F95FB193E->cf5aed27-0fe5-4f89-9e99-98cd6c6840c6: receive RaftClientReply:client-642F95FB193E->cf5aed27-0fe5-4f89-9e99-98cd6c6840c6@group-1148154A86BC, cid=47, SUCCESS, logIndex=65, commits[cf5aed27-0fe5-4f89-9e99-98cd6c6840c6:c65, 9ba5f608-63ba-4f3a-8360-c7790c938c5c:c61, d2a7922a-3325-45ed-a3bc-86b1445bcdee:c61]
2019-07-08 10:53:12,752 INFO  client.GrpcClientProtocolClient (GrpcClientProtocolClient.java:onNext(255)) - client-642F95FB193E->cf5aed27-0fe5-4f89-9e99-98cd6c6840c6: receive RaftClientReply:client-642F95FB193E->cf5aed27-0fe5-4f89-9e99-98cd6c6840c6@group-1148154A86BC, cid=48, SUCCESS, logIndex=0, commits[cf5aed27-0fe5-4f89-9e99-98cd6c6840c6:c67, 9ba5f608-63ba-4f3a-8360-c7790c938c5c:c63, d2a7922a-3325-45ed-a3bc-86b1445bcdee:c63]
2019-07-08 10:53:12,777 INFO  client.GrpcClientProtocolClient (GrpcClientProtocolClient.java:onNext(255)) - client-642F95FB193E->cf5aed27-0fe5-4f89-9e99-98cd6c6840c6: receive RaftClientReply:client-642F95FB193E->cf5aed27-0fe5-4f89-9e99-98cd6c6840c6@group-1148154A86BC, cid=49, SUCCESS, logIndex=70, commits[cf5aed27-0fe5-4f89-9e99-98cd6c6840c6:c71, 9ba5f608-63ba-4f3a-8360-c7790c938c5c:c69, d2a7922a-3325-45ed-a3bc-86b1445bcdee:c69]
2019-07-08 10:53:12,778 INFO  client.GrpcClientProtocolClient (GrpcClientProtocolClient.java:onNext(255)) - client-642F95FB193E->cf5aed27-0fe5-4f89-9e99-98cd6c6840c6: receive RaftClientReply:client-642F95FB193E->cf5aed27-0fe5-4f89-9e99-98cd6c6840c6@group-1148154A86BC, cid=50, SUCCESS, logIndex=71, commits[cf5aed27-0fe5-4f89-9e99-98cd6c6840c6:c71, 9ba5f608-63ba-4f3a-8360-c7790c938c5c:c69, d2a7922a-3325-45ed-a3bc-86b1445bcdee:c69]
2019-07-08 10:53:12,801 INFO  client.GrpcClientProtocolClient (GrpcClientProtocolClient.java:onNext(255)) - client-642F95FB193E->cf5aed27-0fe5-4f89-9e99-98cd6c6840c6: receive RaftClientReply:client-642F95FB193E->cf5aed27-0fe5-4f89-9e99-98cd6c6840c6@group-1148154A86BC, cid=51, SUCCESS, logIndex=74, commits[cf5aed27-0fe5-4f89-9e99-98cd6c6840c6:c75, 9ba5f608-63ba-4f3a-8360-c7790c938c5c:c73, d2a7922a-3325-45ed-a3bc-86b1445bcdee:c73]
2019-07-08 10:53:12,802 INFO  client.GrpcClientProtocolClient (GrpcClientProtocolClient.java:onNext(255)) - client-642F95FB193E->cf5aed27-0fe5-4f89-9e99-98cd6c6840c6: receive RaftClientReply:client-642F95FB193E->cf5aed27-0fe5-4f89-9e99-98cd6c6840c6@group-1148154A86BC, cid=52, SUCCESS, logIndex=75, commits[cf5aed27-0fe5-4f89-9e99-98cd6c6840c6:c75, 9ba5f608-63ba-4f3a-8360-c7790c938c5c:c73, d2a7922a-3325-45ed-a3bc-86b1445bcdee:c73]
2019-07-08 10:53:12,816 INFO  client.GrpcClientProtocolClient (GrpcClientProtocolClient.java:onNext(255)) - client-642F95FB193E->cf5aed27-0fe5-4f89-9e99-98cd6c6840c6: receive RaftClientReply:client-642F95FB193E->cf5aed27-0fe5-4f89-9e99-98cd6c6840c6@group-1148154A86BC, cid=53, SUCCESS, logIndex=0, commits[cf5aed27-0fe5-4f89-9e99-98cd6c6840c6:c77, 9ba5f608-63ba-4f3a-8360-c7790c938c5c:c75, d2a7922a-3325-45ed-a3bc-86b1445bcdee:c75]
 100.00% |█████████████████████████████████████████████████████████████████████████████████████████████████████|  1/1 Time: 0:00:04
2019-07-08 10:53:18,444 INFO  pipeline.SCMPipelineManager (SCMPipelineManager.java:finalizeAndDestroyPipeline(307)) - destroying pipeline:Pipeline[ Id: 6c569b86-1498-475d-a468-1148154a86bc, Nodes: cf5aed27-0fe5-4f89-9e99-98cd6c6840c6{ip: 192.168.5.132, host: hdds1735-npqvj-2605347096, networkLocation: /default-rack, certSerialId: null}9ba5f608-63ba-4f3a-8360-c7790c938c5c{ip: 192.168.5.132, host: hdds1735-npqvj-2605347096, networkLocation: /default-rack, certSerialId: null}d2a7922a-3325-45ed-a3bc-86b1445bcdee{ip: 192.168.5.132, host: hdds1735-npqvj-2605347096, networkLocation: /default-rack, certSerialId: null}, Type:RATIS, Factor:THREE, State:OPEN]
2019-07-08 10:53:18,445 INFO  pipeline.PipelineStateManager (PipelineStateManager.java:finalizePipeline(123)) - Pipeline Pipeline[ Id: 6c569b86-1498-475d-a468-1148154a86bc, Nodes: cf5aed27-0fe5-4f89-9e99-98cd6c6840c6{ip: 192.168.5.132, host: hdds1735-npqvj-2605347096, networkLocation: /default-rack, certSerialId: null}9ba5f608-63ba-4f3a-8360-c7790c938c5c{ip: 192.168.5.132, host: hdds1735-npqvj-2605347096, networkLocation: /default-rack, certSerialId: null}d2a7922a-3325-45ed-a3bc-86b1445bcdee{ip: 192.168.5.132, host: hdds1735-npqvj-2605347096, networkLocation: /default-rack, certSerialId: null}, Type:RATIS, Factor:THREE, State:CLOSED] moved to CLOSED state
2019-07-08 10:53:18,446 INFO  container.CloseContainerEventHandler (CloseContainerEventHandler.java:onMessage(61)) - Close container Event triggered for container : #1
2019-07-08 10:53:18,452 INFO  container.CloseContainerEventHandler (CloseContainerEventHandler.java:onMessage(61)) - Close container Event triggered for container : #2
2019-07-08 10:53:18,452 INFO  container.CloseContainerEventHandler (CloseContainerEventHandler.java:onMessage(61)) - Close container Event triggered for container : #3
2019-07-08 10:53:18,471 INFO  impl.RaftServerProxy (RaftServerProxy.java:remove(95)) - cf5aed27-0fe5-4f89-9e99-98cd6c6840c6: remove   LEADER group-1148154A86BC cf5aed27-0fe5-4f89-9e99-98cd6c6840c6:t1, leader=cf5aed27-0fe5-4f89-9e99-98cd6c6840c6, voted=cf5aed27-0fe5-4f89-9e99-98cd6c6840c6, raftlog=cf5aed27-0fe5-4f89-9e99-98cd6c6840c6-SegmentedRaftLog:OPENED:c77,f77,i77, conf=0: [9ba5f608-63ba-4f3a-8360-c7790c938c5c:192.168.5.132:37423, d2a7922a-3325-45ed-a3bc-86b1445bcdee:192.168.5.132:40841, cf5aed27-0fe5-4f89-9e99-98cd6c6840c6:192.168.5.132:41588], old=null RUNNING
2019-07-08 10:53:18,475 INFO  impl.RaftServerImpl (RaftServerImpl.java:lambda$shutdown$3(245)) - cf5aed27-0fe5-4f89-9e99-98cd6c6840c6: shutdown group-1148154A86BC
2019-07-08 10:53:18,475 INFO  util.JmxRegister (JmxRegister.java:unregister(73)) - Successfully un-registered JMX Bean with object name Ratis:service=RaftServer,group=group-1148154A86BC,id=cf5aed27-0fe5-4f89-9e99-98cd6c6840c6
2019-07-08 10:53:18,476 INFO  impl.RoleInfo (RoleInfo.java:shutdownLeaderState(104)) - cf5aed27-0fe5-4f89-9e99-98cd6c6840c6: shutdown LeaderState
2019-07-08 10:53:18,479 INFO  impl.PendingRequests (PendingRequests.java:sendNotLeaderResponses(202)) - cf5aed27-0fe5-4f89-9e99-98cd6c6840c6-PendingRequests: sendNotLeaderResponses
2019-07-08 10:53:18,479 WARN  server.GrpcLogAppender (GrpcLogAppender.java:mayWait(143)) - GrpcLogAppender(cf5aed27-0fe5-4f89-9e99-98cd6c6840c6->d2a7922a-3325-45ed-a3bc-86b1445bcdee): Wait interrupted by java.lang.InterruptedException
2019-07-08 10:53:18,479 WARN  server.GrpcLogAppender (GrpcLogAppender.java:mayWait(143)) - GrpcLogAppender(cf5aed27-0fe5-4f89-9e99-98cd6c6840c6->9ba5f608-63ba-4f3a-8360-c7790c938c5c): Wait interrupted by java.lang.InterruptedException
2019-07-08 10:53:18,485 INFO  server.GrpcServerProtocolService (GrpcServerProtocolService.java:onCompleted(104)) - 9ba5f608-63ba-4f3a-8360-c7790c938c5c: appendEntries completed
2019-07-08 10:53:18,485 INFO  server.GrpcServerProtocolService (GrpcServerProtocolService.java:onCompleted(104)) - d2a7922a-3325-45ed-a3bc-86b1445bcdee: appendEntries completed
2019-07-08 10:53:18,489 INFO  ratis.ContainerStateMachine (ContainerStateMachine.java:takeSnapshot(244)) - Taking snapshot at termIndex:(t:1, i:75)
2019-07-08 10:53:18,489 INFO  impl.StateMachineUpdater (StateMachineUpdater.java:stopAndJoin(115)) - StateMachineUpdater:cf5aed27-0fe5-4f89-9e99-98cd6c6840c6:group-1148154A86BC: set stopIndex = 77
2019-07-08 10:53:18,490 INFO  server.GrpcLogAppender (GrpcLogAppender.java:onCompleted(292)) - cf5aed27-0fe5-4f89-9e99-98cd6c6840c6->9ba5f608-63ba-4f3a-8360-c7790c938c5c: follower responses appendEntries COMPLETED
2019-07-08 10:53:18,490 INFO  ratis.ContainerStateMachine (ContainerStateMachine.java:takeSnapshot(248)) - Taking a snapshot to file /tmp/workdir/hadoop-ozone/tools/target/test-dir/MiniOzoneClusterImpl-0183a8d0-c3db-4027-8e7b-52442f3761b2/datanode-0/data/ratis/6c569b86-1498-475d-a468-1148154a86bc/sm/snapshot.1_75
2019-07-08 10:53:18,491 INFO  server.GrpcLogAppender (GrpcLogAppender.java:onCompleted(292)) - cf5aed27-0fe5-4f89-9e99-98cd6c6840c6->d2a7922a-3325-45ed-a3bc-86b1445bcdee: follower responses appendEntries COMPLETED
2019-07-08 10:53:18,496 INFO  impl.FollowerInfo (FollowerInfo.java:lambda$new$0(50)) - cf5aed27-0fe5-4f89-9e99-98cd6c6840c6->9ba5f608-63ba-4f3a-8360-c7790c938c5c: nextIndex: updateUnconditionally 78 -> 77
2019-07-08 10:53:18,498 INFO  impl.FollowerInfo (FollowerInfo.java:lambda$new$0(50)) - cf5aed27-0fe5-4f89-9e99-98cd6c6840c6->d2a7922a-3325-45ed-a3bc-86b1445bcdee: nextIndex: updateUnconditionally 78 -> 77
2019-07-08 10:53:18,514 INFO  impl.StateMachineUpdater (StateMachineUpdater.java:takeSnapshot(242)) - StateMachineUpdater:cf5aed27-0fe5-4f89-9e99-98cd6c6840c6:group-1148154A86BC: Took a snapshot at index 75
2019-07-08 10:53:18,514 INFO  impl.StateMachineUpdater (StateMachineUpdater.java:lambda$new$0(80)) - StateMachineUpdater:cf5aed27-0fe5-4f89-9e99-98cd6c6840c6:group-1148154A86BC: snapshotIndex: updateIncreasingly -1 -> 75
2019-07-08 10:53:18,519 INFO  impl.RaftServerImpl (ServerState.java:close(394)) - cf5aed27-0fe5-4f89-9e99-98cd6c6840c6:group-1148154A86BC closes. The last applied log index is 77
2019-07-08 10:53:18,523 INFO  segmented.SegmentedRaftLogWorker (SegmentedRaftLogWorker.java:run(313)) - cf5aed27-0fe5-4f89-9e99-98cd6c6840c6-SegmentedRaftLogWorker:Storage Directory /tmp/workdir/hadoop-ozone/tools/target/test-dir/MiniOzoneClusterImpl-0183a8d0-c3db-4027-8e7b-52442f3761b2/datanode-0/data/ratis/6c569b86-1498-475d-a468-1148154a86bc was interrupted, exiting. There are 0 tasks remaining in the queue.
2019-07-08 10:53:18,525 INFO  segmented.SegmentedRaftLogWorker (SegmentedRaftLogWorker.java:close(228)) - cf5aed27-0fe5-4f89-9e99-98cd6c6840c6-SegmentedRaftLogWorker:Storage Directory /tmp/workdir/hadoop-ozone/tools/target/test-dir/MiniOzoneClusterImpl-0183a8d0-c3db-4027-8e7b-52442f3761b2/datanode-0/data/ratis/6c569b86-1498-475d-a468-1148154a86bc close()
2019-07-08 10:53:18,551 INFO  impl.RaftServerProxy (RaftServerProxy.java:remove(95)) - 9ba5f608-63ba-4f3a-8360-c7790c938c5c: remove FOLLOWER group-1148154A86BC 9ba5f608-63ba-4f3a-8360-c7790c938c5c:t1, leader=cf5aed27-0fe5-4f89-9e99-98cd6c6840c6, voted=cf5aed27-0fe5-4f89-9e99-98cd6c6840c6, raftlog=9ba5f608-63ba-4f3a-8360-c7790c938c5c-SegmentedRaftLog:OPENED:c77,f77,i77, conf=0: [9ba5f608-63ba-4f3a-8360-c7790c938c5c:192.168.5.132:37423, d2a7922a-3325-45ed-a3bc-86b1445bcdee:192.168.5.132:40841, cf5aed27-0fe5-4f89-9e99-98cd6c6840c6:192.168.5.132:41588], old=null RUNNING
2019-07-08 10:53:18,551 INFO  impl.RaftServerImpl (RaftServerImpl.java:lambda$shutdown$3(245)) - 9ba5f608-63ba-4f3a-8360-c7790c938c5c: shutdown group-1148154A86BC
2019-07-08 10:53:18,552 INFO  util.JmxRegister (JmxRegister.java:unregister(73)) - Successfully un-registered JMX Bean with object name Ratis:service=RaftServer,group=group-1148154A86BC,id=9ba5f608-63ba-4f3a-8360-c7790c938c5c
2019-07-08 10:53:18,552 INFO  impl.RoleInfo (RoleInfo.java:shutdownFollowerState(121)) - 9ba5f608-63ba-4f3a-8360-c7790c938c5c: shutdown FollowerState
2019-07-08 10:53:18,552 INFO  ratis.ContainerStateMachine (ContainerStateMachine.java:takeSnapshot(244)) - Taking snapshot at termIndex:(t:1, i:75)
2019-07-08 10:53:18,554 INFO  impl.FollowerState (FollowerState.java:run(114)) - 9ba5f608-63ba-4f3a-8360-c7790c938c5c: FollowerState was interrupted: java.lang.InterruptedException: sleep interrupted
2019-07-08 10:53:18,554 INFO  ratis.ContainerStateMachine (ContainerStateMachine.java:takeSnapshot(248)) - Taking a snapshot to file /tmp/workdir/hadoop-ozone/tools/target/test-dir/MiniOzoneClusterImpl-0183a8d0-c3db-4027-8e7b-52442f3761b2/datanode-2/data/ratis/6c569b86-1498-475d-a468-1148154a86bc/sm/snapshot.1_75
2019-07-08 10:53:18,552 INFO  impl.StateMachineUpdater (StateMachineUpdater.java:stopAndJoin(115)) - StateMachineUpdater:9ba5f608-63ba-4f3a-8360-c7790c938c5c:group-1148154A86BC: set stopIndex = 77
2019-07-08 10:53:18,555 INFO  impl.StateMachineUpdater (StateMachineUpdater.java:takeSnapshot(242)) - StateMachineUpdater:9ba5f608-63ba-4f3a-8360-c7790c938c5c:group-1148154A86BC: Took a snapshot at index 75
2019-07-08 10:53:18,557 INFO  impl.StateMachineUpdater (StateMachineUpdater.java:lambda$new$0(80)) - StateMachineUpdater:9ba5f608-63ba-4f3a-8360-c7790c938c5c:group-1148154A86BC: snapshotIndex: updateIncreasingly -1 -> 75
2019-07-08 10:53:18,557 INFO  impl.RaftServerImpl (ServerState.java:close(394)) - 9ba5f608-63ba-4f3a-8360-c7790c938c5c:group-1148154A86BC closes. The last applied log index is 77
2019-07-08 10:53:18,558 INFO  segmented.SegmentedRaftLogWorker (SegmentedRaftLogWorker.java:run(313)) - 9ba5f608-63ba-4f3a-8360-c7790c938c5c-SegmentedRaftLogWorker:Storage Directory /tmp/workdir/hadoop-ozone/tools/target/test-dir/MiniOzoneClusterImpl-0183a8d0-c3db-4027-8e7b-52442f3761b2/datanode-2/data/ratis/6c569b86-1498-475d-a468-1148154a86bc was interrupted, exiting. There are 0 tasks remaining in the queue.
2019-07-08 10:53:18,559 INFO  segmented.SegmentedRaftLogWorker (SegmentedRaftLogWorker.java:close(228)) - 9ba5f608-63ba-4f3a-8360-c7790c938c5c-SegmentedRaftLogWorker:Storage Directory /tmp/workdir/hadoop-ozone/tools/target/test-dir/MiniOzoneClusterImpl-0183a8d0-c3db-4027-8e7b-52442f3761b2/datanode-2/data/ratis/6c569b86-1498-475d-a468-1148154a86bc close()
2019-07-08 10:53:18,581 INFO  impl.RaftServerProxy (RaftServerProxy.java:remove(95)) - d2a7922a-3325-45ed-a3bc-86b1445bcdee: remove FOLLOWER group-1148154A86BC d2a7922a-3325-45ed-a3bc-86b1445bcdee:t1, leader=cf5aed27-0fe5-4f89-9e99-98cd6c6840c6, voted=cf5aed27-0fe5-4f89-9e99-98cd6c6840c6, raftlog=d2a7922a-3325-45ed-a3bc-86b1445bcdee-SegmentedRaftLog:OPENED:c77,f77,i77, conf=0: [9ba5f608-63ba-4f3a-8360-c7790c938c5c:192.168.5.132:37423, d2a7922a-3325-45ed-a3bc-86b1445bcdee:192.168.5.132:40841, cf5aed27-0fe5-4f89-9e99-98cd6c6840c6:192.168.5.132:41588], old=null RUNNING
2019-07-08 10:53:18,582 INFO  impl.RaftServerImpl (RaftServerImpl.java:lambda$shutdown$3(245)) - d2a7922a-3325-45ed-a3bc-86b1445bcdee: shutdown group-1148154A86BC
2019-07-08 10:53:18,582 INFO  util.JmxRegister (JmxRegister.java:unregister(73)) - Successfully un-registered JMX Bean with object name Ratis:service=RaftServer,group=group-1148154A86BC,id=d2a7922a-3325-45ed-a3bc-86b1445bcdee
2019-07-08 10:53:18,583 INFO  impl.RoleInfo (RoleInfo.java:shutdownFollowerState(121)) - d2a7922a-3325-45ed-a3bc-86b1445bcdee: shutdown FollowerState
2019-07-08 10:53:18,583 INFO  impl.StateMachineUpdater (StateMachineUpdater.java:stopAndJoin(115)) - StateMachineUpdater:d2a7922a-3325-45ed-a3bc-86b1445bcdee:group-1148154A86BC: set stopIndex = 77
2019-07-08 10:53:18,583 INFO  impl.FollowerState (FollowerState.java:run(114)) - d2a7922a-3325-45ed-a3bc-86b1445bcdee: FollowerState was interrupted: java.lang.InterruptedException: sleep interrupted
2019-07-08 10:53:18,583 INFO  ratis.ContainerStateMachine (ContainerStateMachine.java:takeSnapshot(244)) - Taking snapshot at termIndex:(t:1, i:75)
2019-07-08 10:53:18,589 INFO  ratis.ContainerStateMachine (ContainerStateMachine.java:takeSnapshot(248)) - Taking a snapshot to file /tmp/workdir/hadoop-ozone/tools/target/test-dir/MiniOzoneClusterImpl-0183a8d0-c3db-4027-8e7b-52442f3761b2/datanode-1/data/ratis/6c569b86-1498-475d-a468-1148154a86bc/sm/snapshot.1_75
2019-07-08 10:53:18,590 INFO  impl.StateMachineUpdater (StateMachineUpdater.java:takeSnapshot(242)) - StateMachineUpdater:d2a7922a-3325-45ed-a3bc-86b1445bcdee:group-1148154A86BC: Took a snapshot at index 75
2019-07-08 10:53:18,590 INFO  impl.StateMachineUpdater (StateMachineUpdater.java:lambda$new$0(80)) - StateMachineUpdater:d2a7922a-3325-45ed-a3bc-86b1445bcdee:group-1148154A86BC: snapshotIndex: updateIncreasingly -1 -> 75
2019-07-08 10:53:18,590 INFO  impl.RaftServerImpl (ServerState.java:close(394)) - d2a7922a-3325-45ed-a3bc-86b1445bcdee:group-1148154A86BC closes. The last applied log index is 77
2019-07-08 10:53:18,591 INFO  segmented.SegmentedRaftLogWorker (SegmentedRaftLogWorker.java:run(313)) - d2a7922a-3325-45ed-a3bc-86b1445bcdee-SegmentedRaftLogWorker:Storage Directory /tmp/workdir/hadoop-ozone/tools/target/test-dir/MiniOzoneClusterImpl-0183a8d0-c3db-4027-8e7b-52442f3761b2/datanode-1/data/ratis/6c569b86-1498-475d-a468-1148154a86bc was interrupted, exiting. There are 0 tasks remaining in the queue.
2019-07-08 10:53:18,592 INFO  segmented.SegmentedRaftLogWorker (SegmentedRaftLogWorker.java:close(228)) - d2a7922a-3325-45ed-a3bc-86b1445bcdee-SegmentedRaftLogWorker:Storage Directory /tmp/workdir/hadoop-ozone/tools/target/test-dir/MiniOzoneClusterImpl-0183a8d0-c3db-4027-8e7b-52442f3761b2/datanode-1/data/ratis/6c569b86-1498-475d-a468-1148154a86bc close()
2019-07-08 10:53:18,601 INFO  pipeline.PipelineStateManager (PipelineStateManager.java:removePipeline(108)) - Pipeline Pipeline[ Id: 6c569b86-1498-475d-a468-1148154a86bc, Nodes: cf5aed27-0fe5-4f89-9e99-98cd6c6840c6{ip: 192.168.5.132, host: hdds1735-npqvj-2605347096, networkLocation: /default-rack, certSerialId: null}9ba5f608-63ba-4f3a-8360-c7790c938c5c{ip: 192.168.5.132, host: hdds1735-npqvj-2605347096, networkLocation: /default-rack, certSerialId: null}d2a7922a-3325-45ed-a3bc-86b1445bcdee{ip: 192.168.5.132, host: hdds1735-npqvj-2605347096, networkLocation: /default-rack, certSerialId: null}, Type:RATIS, Factor:THREE, State:CLOSED] removed from db
2019-07-08 10:53:18,625 INFO  impl.RaftServerProxy (RaftServerProxy.java:addNew(89)) - 9ba5f608-63ba-4f3a-8360-c7790c938c5c: addNew group-CBA66B0D1CF3:[9ba5f608-63ba-4f3a-8360-c7790c938c5c:192.168.5.132:37423, d2a7922a-3325-45ed-a3bc-86b1445bcdee:192.168.5.132:40841, cf5aed27-0fe5-4f89-9e99-98cd6c6840c6:192.168.5.132:41588] returns group-CBA66B0D1CF3:java.util.concurrent.CompletableFuture@72f30b0c[Not completed]
2019-07-08 10:53:18,626 INFO  impl.RaftServerProxy (RaftServerProxy.java:addNew(89)) - cf5aed27-0fe5-4f89-9e99-98cd6c6840c6: addNew group-CBA66B0D1CF3:[9ba5f608-63ba-4f3a-8360-c7790c938c5c:192.168.5.132:37423, d2a7922a-3325-45ed-a3bc-86b1445bcdee:192.168.5.132:40841, cf5aed27-0fe5-4f89-9e99-98cd6c6840c6:192.168.5.132:41588] returns group-CBA66B0D1CF3:java.util.concurrent.CompletableFuture@6d13aef6[Not completed]
2019-07-08 10:53:18,626 INFO  impl.RaftServerProxy (RaftServerProxy.java:addNew(89)) - d2a7922a-3325-45ed-a3bc-86b1445bcdee: addNew group-CBA66B0D1CF3:[9ba5f608-63ba-4f3a-8360-c7790c938c5c:192.168.5.132:37423, d2a7922a-3325-45ed-a3bc-86b1445bcdee:192.168.5.132:40841, cf5aed27-0fe5-4f89-9e99-98cd6c6840c6:192.168.5.132:41588] returns group-CBA66B0D1CF3:java.util.concurrent.CompletableFuture@3ff1d6dc[Not completed]
2019-07-08 10:53:18,628 INFO  impl.RaftServerImpl (RaftServerImpl.java:<init>(93)) - 9ba5f608-63ba-4f3a-8360-c7790c938c5c: new RaftServerImpl for group-CBA66B0D1CF3:[9ba5f608-63ba-4f3a-8360-c7790c938c5c:192.168.5.132:37423, d2a7922a-3325-45ed-a3bc-86b1445bcdee:192.168.5.132:40841, cf5aed27-0fe5-4f89-9e99-98cd6c6840c6:192.168.5.132:41588] with ContainerStateMachine:uninitialized
2019-07-08 10:53:18,628 INFO  server.RaftServerConfigKeys (ConfUtils.java:logGet(43)) - raft.server.rpc.timeout.min = 1s (custom)
2019-07-08 10:53:18,629 INFO  server.RaftServerConfigKeys (ConfUtils.java:logGet(43)) - raft.server.rpc.timeout.max = 1200ms (custom)
2019-07-08 10:53:18,629 INFO  server.RaftServerConfigKeys (ConfUtils.java:logGet(43)) - raft.server.rpcslowness.timeout = 120s (custom)
2019-07-08 10:53:18,629 INFO  server.RaftServerConfigKeys (ConfUtils.java:logGet(43)) - raft.server.sleep.deviation.threshold = 300 (default)
2019-07-08 10:53:18,629 INFO  impl.RaftServerImpl (RaftServerImpl.java:<init>(93)) - cf5aed27-0fe5-4f89-9e99-98cd6c6840c6: new RaftServerImpl for group-CBA66B0D1CF3:[9ba5f608-63ba-4f3a-8360-c7790c938c5c:192.168.5.132:37423, d2a7922a-3325-45ed-a3bc-86b1445bcdee:192.168.5.132:40841, cf5aed27-0fe5-4f89-9e99-98cd6c6840c6:192.168.5.132:41588] with ContainerStateMachine:uninitialized
2019-07-08 10:53:18,629 INFO  server.RaftServerConfigKeys (ConfUtils.java:logGet(43)) - raft.server.log.appender.install.snapshot.enabled = false (custom)
2019-07-08 10:53:18,629 INFO  server.RaftServerConfigKeys (ConfUtils.java:logGet(43)) - raft.server.rpc.timeout.min = 1s (custom)
2019-07-08 10:53:18,630 INFO  impl.RaftServerImpl (ServerState.java:<init>(105)) - 9ba5f608-63ba-4f3a-8360-c7790c938c5c:group-CBA66B0D1CF3 ConfigurationManager, init=-1: [9ba5f608-63ba-4f3a-8360-c7790c938c5c:192.168.5.132:37423, d2a7922a-3325-45ed-a3bc-86b1445bcdee:192.168.5.132:40841, cf5aed27-0fe5-4f89-9e99-98cd6c6840c6:192.168.5.132:41588], old=null, confs=<EMPTY_MAP>
2019-07-08 10:53:18,630 INFO  server.RaftServerConfigKeys (ConfUtils.java:logGet(43)) - raft.server.rpc.timeout.max = 1200ms (custom)
2019-07-08 10:53:18,630 INFO  server.RaftServerConfigKeys (ConfUtils.java:logGet(43)) - raft.server.storage.dir = [/tmp/workdir/hadoop-ozone/tools/target/test-dir/MiniOzoneClusterImpl-0183a8d0-c3db-4027-8e7b-52442f3761b2/datanode-2/data/ratis] (custom)
2019-07-08 10:53:18,630 INFO  server.RaftServerConfigKeys (ConfUtils.java:logGet(43)) - raft.server.rpcslowness.timeout = 120s (custom)
2019-07-08 10:53:18,630 INFO  impl.RaftServerImpl (RaftServerImpl.java:<init>(93)) - d2a7922a-3325-45ed-a3bc-86b1445bcdee: new RaftServerImpl for group-CBA66B0D1CF3:[9ba5f608-63ba-4f3a-8360-c7790c938c5c:192.168.5.132:37423, d2a7922a-3325-45ed-a3bc-86b1445bcdee:192.168.5.132:40841, cf5aed27-0fe5-4f89-9e99-98cd6c6840c6:192.168.5.132:41588] with ContainerStateMachine:uninitialized
2019-07-08 10:53:18,630 INFO  server.RaftServerConfigKeys (ConfUtils.java:logGet(43)) - raft.server.sleep.deviation.threshold = 300 (default)
2019-07-08 10:53:18,631 INFO  server.RaftServerConfigKeys (ConfUtils.java:logGet(43)) - raft.server.rpc.timeout.min = 1s (custom)
2019-07-08 10:53:18,631 INFO  storage.RaftStorageDirectory (RaftStorageDirectory.java:analyzeStorage(246)) - The storage directory /tmp/workdir/hadoop-ozone/tools/target/test-dir/MiniOzoneClusterImpl-0183a8d0-c3db-4027-8e7b-52442f3761b2/datanode-2/data/ratis/8cbdc2f8-494f-4dbd-8660-cba66b0d1cf3 does not exist. Creating ...
2019-07-08 10:53:18,631 INFO  server.RaftServerConfigKeys (ConfUtils.java:logGet(43)) - raft.server.rpc.timeout.max = 1200ms (custom)
2019-07-08 10:53:18,631 INFO  server.RaftServerConfigKeys (ConfUtils.java:logGet(43)) - raft.server.log.appender.install.snapshot.enabled = false (custom)
2019-07-08 10:53:18,631 INFO  server.RaftServerConfigKeys (ConfUtils.java:logGet(43)) - raft.server.rpcslowness.timeout = 120s (custom)
2019-07-08 10:53:18,631 INFO  impl.RaftServerImpl (ServerState.java:<init>(105)) - cf5aed27-0fe5-4f89-9e99-98cd6c6840c6:group-CBA66B0D1CF3 ConfigurationManager, init=-1: [9ba5f608-63ba-4f3a-8360-c7790c938c5c:192.168.5.132:37423, d2a7922a-3325-45ed-a3bc-86b1445bcdee:192.168.5.132:40841, cf5aed27-0fe5-4f89-9e99-98cd6c6840c6:192.168.5.132:41588], old=null, confs=<EMPTY_MAP>
2019-07-08 10:53:18,632 INFO  server.RaftServerConfigKeys (ConfUtils.java:logGet(43)) - raft.server.sleep.deviation.threshold = 300 (default)
2019-07-08 10:53:18,632 INFO  server.RaftServerConfigKeys (ConfUtils.java:logGet(43)) - raft.server.storage.dir = [/tmp/workdir/hadoop-ozone/tools/target/test-dir/MiniOzoneClusterImpl-0183a8d0-c3db-4027-8e7b-52442f3761b2/datanode-0/data/ratis] (custom)
2019-07-08 10:53:18,632 INFO  server.RaftServerConfigKeys (ConfUtils.java:logGet(43)) - raft.server.log.appender.install.snapshot.enabled = false (custom)
2019-07-08 10:53:18,632 INFO  impl.RaftServerImpl (ServerState.java:<init>(105)) - d2a7922a-3325-45ed-a3bc-86b1445bcdee:group-CBA66B0D1CF3 ConfigurationManager, init=-1: [9ba5f608-63ba-4f3a-8360-c7790c938c5c:192.168.5.132:37423, d2a7922a-3325-45ed-a3bc-86b1445bcdee:192.168.5.132:40841, cf5aed27-0fe5-4f89-9e99-98cd6c6840c6:192.168.5.132:41588], old=null, confs=<EMPTY_MAP>
2019-07-08 10:53:18,632 INFO  storage.RaftStorageDirectory (RaftStorageDirectory.java:analyzeStorage(246)) - The storage directory /tmp/workdir/hadoop-ozone/tools/target/test-dir/MiniOzoneClusterImpl-0183a8d0-c3db-4027-8e7b-52442f3761b2/datanode-0/data/ratis/8cbdc2f8-494f-4dbd-8660-cba66b0d1cf3 does not exist. Creating ...
2019-07-08 10:53:18,633 INFO  server.RaftServerConfigKeys (ConfUtils.java:logGet(43)) - raft.server.storage.dir = [/tmp/workdir/hadoop-ozone/tools/target/test-dir/MiniOzoneClusterImpl-0183a8d0-c3db-4027-8e7b-52442f3761b2/datanode-1/data/ratis] (custom)
2019-07-08 10:53:18,633 INFO  storage.RaftStorageDirectory (RaftStorageDirectory.java:analyzeStorage(246)) - The storage directory /tmp/workdir/hadoop-ozone/tools/target/test-dir/MiniOzoneClusterImpl-0183a8d0-c3db-4027-8e7b-52442f3761b2/datanode-1/data/ratis/8cbdc2f8-494f-4dbd-8660-cba66b0d1cf3 does not exist. Creating ...
2019-07-08 10:53:18,640 INFO  storage.RaftStorageDirectory (RaftStorageDirectory.java:tryLock(328)) - Lock on /tmp/workdir/hadoop-ozone/tools/target/test-dir/MiniOzoneClusterImpl-0183a8d0-c3db-4027-8e7b-52442f3761b2/datanode-1/data/ratis/8cbdc2f8-494f-4dbd-8660-cba66b0d1cf3/in_use.lock acquired by nodename 22454@hdds1735-npqvj-2605347096
2019-07-08 10:53:18,640 INFO  storage.RaftStorageDirectory (RaftStorageDirectory.java:tryLock(328)) - Lock on /tmp/workdir/hadoop-ozone/tools/target/test-dir/MiniOzoneClusterImpl-0183a8d0-c3db-4027-8e7b-52442f3761b2/datanode-2/data/ratis/8cbdc2f8-494f-4dbd-8660-cba66b0d1cf3/in_use.lock acquired by nodename 22454@hdds1735-npqvj-2605347096
2019-07-08 10:53:18,640 INFO  storage.RaftStorageDirectory (RaftStorageDirectory.java:tryLock(328)) - Lock on /tmp/workdir/hadoop-ozone/tools/target/test-dir/MiniOzoneClusterImpl-0183a8d0-c3db-4027-8e7b-52442f3761b2/datanode-0/data/ratis/8cbdc2f8-494f-4dbd-8660-cba66b0d1cf3/in_use.lock acquired by nodename 22454@hdds1735-npqvj-2605347096
2019-07-08 10:53:18,647 INFO  storage.RaftStorage (RaftStorage.java:format(72)) - Storage directory /tmp/workdir/hadoop-ozone/tools/target/test-dir/MiniOzoneClusterImpl-0183a8d0-c3db-4027-8e7b-52442f3761b2/datanode-1/data/ratis/8cbdc2f8-494f-4dbd-8660-cba66b0d1cf3 has been successfully formatted.
2019-07-08 10:53:18,647 INFO  storage.RaftStorage (RaftStorage.java:format(72)) - Storage directory /tmp/workdir/hadoop-ozone/tools/target/test-dir/MiniOzoneClusterImpl-0183a8d0-c3db-4027-8e7b-52442f3761b2/datanode-0/data/ratis/8cbdc2f8-494f-4dbd-8660-cba66b0d1cf3 has been successfully formatted.
2019-07-08 10:53:18,647 INFO  storage.RaftStorage (RaftStorage.java:format(72)) - Storage directory /tmp/workdir/hadoop-ozone/tools/target/test-dir/MiniOzoneClusterImpl-0183a8d0-c3db-4027-8e7b-52442f3761b2/datanode-2/data/ratis/8cbdc2f8-494f-4dbd-8660-cba66b0d1cf3 has been successfully formatted.
2019-07-08 10:53:18,648 INFO  ratis.ContainerStateMachine (ContainerStateMachine.java:loadSnapshot(198)) - The snapshot info is null.Setting the last applied index to:(t:0, i:~)
2019-07-08 10:53:18,648 INFO  ratis.ContainerStateMachine (ContainerStateMachine.java:loadSnapshot(198)) - The snapshot info is null.Setting the last applied index to:(t:0, i:~)
2019-07-08 10:53:18,648 INFO  ratis.ContainerStateMachine (ContainerStateMachine.java:loadSnapshot(198)) - The snapshot info is null.Setting the last applied index to:(t:0, i:~)
2019-07-08 10:53:18,648 INFO  server.RaftServerConfigKeys (ConfUtils.java:logGet(43)) - raft.server.leader.election.timeout = 120s (custom)
2019-07-08 10:53:18,648 INFO  server.RaftServerConfigKeys (ConfUtils.java:logGet(43)) - raft.server.leader.election.timeout = 120s (custom)
2019-07-08 10:53:18,649 INFO  server.RaftServerConfigKeys (ConfUtils.java:logGet(43)) - raft.server.log.use.memory = false (default)
2019-07-08 10:53:18,649 INFO  server.RaftServerConfigKeys (ConfUtils.java:logGet(43)) - raft.server.leader.election.timeout = 120s (custom)
2019-07-08 10:53:18,649 INFO  server.RaftServerConfigKeys (ConfUtils.java:logGet(43)) - raft.server.log.purge.gap = 1000000000 (custom)
2019-07-08 10:53:18,649 INFO  server.RaftServerConfigKeys (ConfUtils.java:logGet(43)) - raft.server.log.use.memory = false (default)
2019-07-08 10:53:18,649 INFO  server.RaftServerConfigKeys (ConfUtils.java:logGet(43)) - raft.server.log.appender.buffer.byte-limit = 33554432 (custom)
2019-07-08 10:53:18,649 INFO  server.RaftServerConfigKeys (ConfUtils.java:logGet(43)) - raft.server.log.use.memory = false (default)
2019-07-08 10:53:18,650 INFO  server.RaftServerConfigKeys (ConfUtils.java:logGet(43)) - raft.server.log.segment.size.max = 1048576 (custom)
2019-07-08 10:53:18,650 INFO  server.RaftServerConfigKeys (ConfUtils.java:logGet(43)) - raft.server.log.purge.gap = 1000000000 (custom)
2019-07-08 10:53:18,650 INFO  server.RaftServerConfigKeys (ConfUtils.java:logGet(43)) - raft.server.log.segment.cache.num.max = 2 (custom)
2019-07-08 10:53:18,650 INFO  server.RaftServerConfigKeys (ConfUtils.java:logGet(43)) - raft.server.log.purge.gap = 1000000000 (custom)
2019-07-08 10:53:18,650 INFO  segmented.SegmentedRaftLogWorker (SegmentedRaftLogWorker.java:<init>(172)) - new 9ba5f608-63ba-4f3a-8360-c7790c938c5c-SegmentedRaftLogWorker:Storage Directory /tmp/workdir/hadoop-ozone/tools/target/test-dir/MiniOzoneClusterImpl-0183a8d0-c3db-4027-8e7b-52442f3761b2/datanode-2/data/ratis/8cbdc2f8-494f-4dbd-8660-cba66b0d1cf3 for RaftStorage:Storage Directory /tmp/workdir/hadoop-ozone/tools/target/test-dir/MiniOzoneClusterImpl-0183a8d0-c3db-4027-8e7b-52442f3761b2/datanode-2/data/ratis/8cbdc2f8-494f-4dbd-8660-cba66b0d1cf3
2019-07-08 10:53:18,650 INFO  server.RaftServerConfigKeys (ConfUtils.java:logGet(43)) - raft.server.log.appender.buffer.byte-limit = 33554432 (custom)
2019-07-08 10:53:18,651 INFO  server.RaftServerConfigKeys (ConfUtils.java:logGet(43)) - raft.server.log.queue.byte-limit = 2147483647 (custom)
2019-07-08 10:53:18,651 INFO  server.RaftServerConfigKeys (ConfUtils.java:logGet(43)) - raft.server.log.appender.buffer.byte-limit = 33554432 (custom)
2019-07-08 10:53:18,652 INFO  server.RaftServerConfigKeys (ConfUtils.java:logGet(43)) - raft.server.log.queue.element-limit = 1024 (custom)
2019-07-08 10:53:18,652 INFO  server.RaftServerConfigKeys (ConfUtils.java:logGet(43)) - raft.server.log.segment.size.max = 1048576 (custom)
2019-07-08 10:53:18,653 INFO  server.RaftServerConfigKeys (ConfUtils.java:logGet(43)) - raft.server.log.segment.size.max = 1048576 (custom)
2019-07-08 10:53:18,653 INFO  server.RaftServerConfigKeys (ConfUtils.java:logGet(43)) - raft.server.log.segment.size.max = 1048576 (custom)
2019-07-08 10:53:18,653 INFO  server.RaftServerConfigKeys (ConfUtils.java:logGet(43)) - raft.server.log.preallocated.size = 16384 (custom)
2019-07-08 10:53:18,653 INFO  server.RaftServerConfigKeys (ConfUtils.java:logGet(43)) - raft.server.log.segment.cache.num.max = 2 (custom)
2019-07-08 10:53:18,653 INFO  server.RaftServerConfigKeys (ConfUtils.java:logGet(43)) - raft.server.log.write.buffer.size = 33554432 (custom)
2019-07-08 10:53:18,653 INFO  server.RaftServerConfigKeys (ConfUtils.java:logGet(43)) - raft.server.log.segment.cache.num.max = 2 (custom)
2019-07-08 10:53:18,654 INFO  server.RaftServerConfigKeys (ConfUtils.java:logGet(43)) - raft.server.log.force.sync.num = 128 (default)
2019-07-08 10:53:18,654 INFO  segmented.SegmentedRaftLogWorker (SegmentedRaftLogWorker.java:<init>(172)) - new cf5aed27-0fe5-4f89-9e99-98cd6c6840c6-SegmentedRaftLogWorker:Storage Directory /tmp/workdir/hadoop-ozone/tools/target/test-dir/MiniOzoneClusterImpl-0183a8d0-c3db-4027-8e7b-52442f3761b2/datanode-0/data/ratis/8cbdc2f8-494f-4dbd-8660-cba66b0d1cf3 for RaftStorage:Storage Directory /tmp/workdir/hadoop-ozone/tools/target/test-dir/MiniOzoneClusterImpl-0183a8d0-c3db-4027-8e7b-52442f3761b2/datanode-0/data/ratis/8cbdc2f8-494f-4dbd-8660-cba66b0d1cf3
2019-07-08 10:53:18,654 INFO  server.RaftServerConfigKeys (ConfUtils.java:logGet(43)) - raft.server.log.statemachine.data.sync = true (default)
2019-07-08 10:53:18,654 INFO  segmented.SegmentedRaftLogWorker (SegmentedRaftLogWorker.java:<init>(172)) - new d2a7922a-3325-45ed-a3bc-86b1445bcdee-SegmentedRaftLogWorker:Storage Directory /tmp/workdir/hadoop-ozone/tools/target/test-dir/MiniOzoneClusterImpl-0183a8d0-c3db-4027-8e7b-52442f3761b2/datanode-1/data/ratis/8cbdc2f8-494f-4dbd-8660-cba66b0d1cf3 for RaftStorage:Storage Directory /tmp/workdir/hadoop-ozone/tools/target/test-dir/MiniOzoneClusterImpl-0183a8d0-c3db-4027-8e7b-52442f3761b2/datanode-1/data/ratis/8cbdc2f8-494f-4dbd-8660-cba66b0d1cf3
2019-07-08 10:53:18,655 INFO  server.RaftServerConfigKeys (ConfUtils.java:logGet(43)) - raft.server.log.statemachine.data.sync.timeout = 10s (default)
2019-07-08 10:53:18,654 INFO  server.RaftServerConfigKeys (ConfUtils.java:logGet(43)) - raft.server.log.queue.byte-limit = 2147483647 (custom)
2019-07-08 10:53:18,656 INFO  server.RaftServerConfigKeys (ConfUtils.java:logGet(43)) - raft.server.log.statemachine.data.sync.timeout.retry = -1 (default)
2019-07-08 10:53:18,656 INFO  server.RaftServerConfigKeys (ConfUtils.java:logGet(43)) - raft.server.log.queue.byte-limit = 2147483647 (custom)
2019-07-08 10:53:18,658 INFO  server.RaftServerConfigKeys (ConfUtils.java:logGet(43)) - raft.server.log.statemachine.data.caching.enabled = true (custom)
2019-07-08 10:53:18,657 INFO  server.RaftServerConfigKeys (ConfUtils.java:logGet(43)) - raft.server.log.queue.element-limit = 1024 (custom)
2019-07-08 10:53:18,658 INFO  segmented.SegmentedRaftLogWorker (SegmentedRaftLogWorker.java:lambda$new$0(132)) - 9ba5f608-63ba-4f3a-8360-c7790c938c5c-SegmentedRaftLogWorker:Storage Directory /tmp/workdir/hadoop-ozone/tools/target/test-dir/MiniOzoneClusterImpl-0183a8d0-c3db-4027-8e7b-52442f3761b2/datanode-2/data/ratis/8cbdc2f8-494f-4dbd-8660-cba66b0d1cf3: flushIndex: setUnconditionally 0 -> -1
2019-07-08 10:53:18,658 INFO  server.RaftServerConfigKeys (ConfUtils.java:logGet(43)) - raft.server.log.queue.element-limit = 1024 (custom)
2019-07-08 10:53:18,658 INFO  server.RaftServerConfigKeys (ConfUtils.java:logGet(43)) - raft.server.log.segment.size.max = 1048576 (custom)
2019-07-08 10:53:18,659 INFO  server.RaftServerConfigKeys (ConfUtils.java:logGet(43)) - raft.server.snapshot.auto.trigger.enabled = true (custom)
2019-07-08 10:53:18,659 INFO  server.RaftServerConfigKeys (ConfUtils.java:logGet(43)) - raft.server.log.segment.size.max = 1048576 (custom)
2019-07-08 10:53:18,659 INFO  server.RaftServerConfigKeys (ConfUtils.java:logGet(43)) - raft.server.snapshot.auto.trigger.threshold = 10000 (custom)
2019-07-08 10:53:18,659 INFO  server.RaftServerConfigKeys (ConfUtils.java:logGet(43)) - raft.server.log.preallocated.size = 16384 (custom)
2019-07-08 10:53:18,659 INFO  server.RaftServerConfigKeys (ConfUtils.java:logGet(43)) - raft.server.retrycache.expirytime = 600000ms (custom)
2019-07-08 10:53:18,659 INFO  server.RaftServerConfigKeys (ConfUtils.java:logGet(43)) - raft.server.log.preallocated.size = 16384 (custom)
2019-07-08 10:53:18,660 INFO  server.RaftServerConfigKeys (ConfUtils.java:logGet(43)) - raft.server.log.write.buffer.size = 33554432 (custom)
2019-07-08 10:53:18,660 INFO  server.RaftServerConfigKeys (ConfUtils.java:logGet(43)) - raft.server.log.write.buffer.size = 33554432 (custom)
2019-07-08 10:53:18,660 INFO  server.RaftServerConfigKeys (ConfUtils.java:logGet(43)) - raft.server.log.force.sync.num = 128 (default)
2019-07-08 10:53:18,660 INFO  server.RaftServerConfigKeys (ConfUtils.java:logGet(43)) - raft.server.log.force.sync.num = 128 (default)
2019-07-08 10:53:18,660 INFO  server.RaftServerConfigKeys (ConfUtils.java:logGet(43)) - raft.server.log.statemachine.data.sync = true (default)
2019-07-08 10:53:18,661 INFO  server.RaftServerConfigKeys (ConfUtils.java:logGet(43)) - raft.server.log.statemachine.data.sync = true (default)
2019-07-08 10:53:18,661 INFO  server.RaftServerConfigKeys (ConfUtils.java:logGet(43)) - raft.server.log.statemachine.data.sync.timeout = 10s (default)
2019-07-08 10:53:18,661 INFO  server.RaftServerConfigKeys (ConfUtils.java:logGet(43)) - raft.server.log.statemachine.data.sync.timeout = 10s (default)
2019-07-08 10:53:18,661 INFO  server.RaftServerConfigKeys (ConfUtils.java:logGet(43)) - raft.server.log.statemachine.data.sync.timeout.retry = -1 (default)
2019-07-08 10:53:18,661 INFO  server.RaftServerConfigKeys (ConfUtils.java:logGet(43)) - raft.server.log.statemachine.data.sync.timeout.retry = -1 (default)
2019-07-08 10:53:18,661 INFO  impl.RaftServerImpl (RaftServerImpl.java:start(180)) - 9ba5f608-63ba-4f3a-8360-c7790c938c5c: start group-CBA66B0D1CF3
2019-07-08 10:53:18,661 INFO  server.RaftServerConfigKeys (ConfUtils.java:logGet(43)) - raft.server.log.statemachine.data.caching.enabled = true (custom)
2019-07-08 10:53:18,662 INFO  impl.RaftServerImpl (RaftServerImpl.java:setRole(171)) - 9ba5f608-63ba-4f3a-8360-c7790c938c5c:group-CBA66B0D1CF3 changes role from null to FOLLOWER at term 0 for startAsFollower
2019-07-08 10:53:18,662 INFO  server.RaftServerConfigKeys (ConfUtils.java:logGet(43)) - raft.server.log.statemachine.data.caching.enabled = true (custom)
2019-07-08 10:53:18,662 INFO  segmented.SegmentedRaftLogWorker (SegmentedRaftLogWorker.java:lambda$new$0(132)) - cf5aed27-0fe5-4f89-9e99-98cd6c6840c6-SegmentedRaftLogWorker:Storage Directory /tmp/workdir/hadoop-ozone/tools/target/test-dir/MiniOzoneClusterImpl-0183a8d0-c3db-4027-8e7b-52442f3761b2/datanode-0/data/ratis/8cbdc2f8-494f-4dbd-8660-cba66b0d1cf3: flushIndex: setUnconditionally 0 -> -1
2019-07-08 10:53:18,662 INFO  impl.RoleInfo (RoleInfo.java:updateAndGet(143)) - 9ba5f608-63ba-4f3a-8360-c7790c938c5c: start FollowerState
2019-07-08 10:53:18,662 INFO  segmented.SegmentedRaftLogWorker (SegmentedRaftLogWorker.java:lambda$new$0(132)) - d2a7922a-3325-45ed-a3bc-86b1445bcdee-SegmentedRaftLogWorker:Storage Directory /tmp/workdir/hadoop-ozone/tools/target/test-dir/MiniOzoneClusterImpl-0183a8d0-c3db-4027-8e7b-52442f3761b2/datanode-1/data/ratis/8cbdc2f8-494f-4dbd-8660-cba66b0d1cf3: flushIndex: setUnconditionally 0 -> -1
2019-07-08 10:53:18,663 INFO  util.JmxRegister (JmxRegister.java:tryRegister(44)) - Successfully registered JMX Bean with object name Ratis:service=RaftServer,group=group-CBA66B0D1CF3,id=9ba5f608-63ba-4f3a-8360-c7790c938c5c
2019-07-08 10:53:18,663 INFO  server.RaftServerConfigKeys (ConfUtils.java:logGet(43)) - raft.server.snapshot.auto.trigger.enabled = true (custom)
2019-07-08 10:53:18,664 INFO  server.RaftServerConfigKeys (ConfUtils.java:logGet(43)) - raft.server.snapshot.auto.trigger.enabled = true (custom)
2019-07-08 10:53:18,664 INFO  server.RaftServerConfigKeys (ConfUtils.java:logGet(43)) - raft.server.snapshot.auto.trigger.threshold = 10000 (custom)
2019-07-08 10:53:18,664 INFO  server.RaftServerConfigKeys (ConfUtils.java:logGet(43)) - raft.server.snapshot.auto.trigger.threshold = 10000 (custom)
2019-07-08 10:53:18,664 INFO  server.RaftServerConfigKeys (ConfUtils.java:logGet(43)) - raft.server.retrycache.expirytime = 600000ms (custom)
2019-07-08 10:53:18,664 INFO  server.RaftServerConfigKeys (ConfUtils.java:logGet(43)) - raft.server.retrycache.expirytime = 600000ms (custom)
2019-07-08 10:53:18,664 INFO  impl.RaftServerImpl (RaftServerImpl.java:start(180)) - cf5aed27-0fe5-4f89-9e99-98cd6c6840c6: start group-CBA66B0D1CF3
2019-07-08 10:53:18,664 INFO  impl.RaftServerImpl (RaftServerImpl.java:start(180)) - d2a7922a-3325-45ed-a3bc-86b1445bcdee: start group-CBA66B0D1CF3
2019-07-08 10:53:18,664 INFO  impl.RaftServerImpl (RaftServerImpl.java:setRole(171)) - cf5aed27-0fe5-4f89-9e99-98cd6c6840c6:group-CBA66B0D1CF3 changes role from null to FOLLOWER at term 0 for startAsFollower
2019-07-08 10:53:18,665 INFO  impl.RaftServerImpl (RaftServerImpl.java:setRole(171)) - d2a7922a-3325-45ed-a3bc-86b1445bcdee:group-CBA66B0D1CF3 changes role from null to FOLLOWER at term 0 for startAsFollower
2019-07-08 10:53:18,665 INFO  impl.RoleInfo (RoleInfo.java:updateAndGet(143)) - cf5aed27-0fe5-4f89-9e99-98cd6c6840c6: start FollowerState
2019-07-08 10:53:18,665 INFO  impl.RoleInfo (RoleInfo.java:updateAndGet(143)) - d2a7922a-3325-45ed-a3bc-86b1445bcdee: start FollowerState
2019-07-08 10:53:18,667 INFO  util.JmxRegister (JmxRegister.java:tryRegister(44)) - Successfully registered JMX Bean with object name Ratis:service=RaftServer,group=group-CBA66B0D1CF3,id=d2a7922a-3325-45ed-a3bc-86b1445bcdee
2019-07-08 10:53:18,667 INFO  util.JmxRegister (JmxRegister.java:tryRegister(44)) - Successfully registered JMX Bean with object name Ratis:service=RaftServer,group=group-CBA66B0D1CF3,id=cf5aed27-0fe5-4f89-9e99-98cd6c6840c6
2019-07-08 10:53:18,678 INFO  pipeline.PipelineStateManager (PipelineStateManager.java:addPipeline(56)) - Created pipeline Pipeline[ Id: 8cbdc2f8-494f-4dbd-8660-cba66b0d1cf3, Nodes: cf5aed27-0fe5-4f89-9e99-98cd6c6840c6{ip: 192.168.5.132, host: hdds1735-npqvj-2605347096, networkLocation: /default-rack, certSerialId: null}9ba5f608-63ba-4f3a-8360-c7790c938c5c{ip: 192.168.5.132, host: hdds1735-npqvj-2605347096, networkLocation: /default-rack, certSerialId: null}d2a7922a-3325-45ed-a3bc-86b1445bcdee{ip: 192.168.5.132, host: hdds1735-npqvj-2605347096, networkLocation: /default-rack, certSerialId: null}, Type:RATIS, Factor:THREE, State:OPEN]
2019-07-08 10:53:18,764 INFO  freon.RandomKeyGenerator (RandomKeyGenerator.java:call(262)) - Number of Threads: 10
2019-07-08 10:53:18,765 INFO  freon.RandomKeyGenerator (RandomKeyGenerator.java:call(267)) - Number of Volumes: 1.
2019-07-08 10:53:18,765 INFO  freon.RandomKeyGenerator (RandomKeyGenerator.java:call(268)) - Number of Buckets per Volume: 1.
2019-07-08 10:53:18,765 INFO  freon.RandomKeyGenerator (RandomKeyGenerator.java:call(269)) - Number of Keys per Bucket: 1.
2019-07-08 10:53:18,765 INFO  freon.RandomKeyGenerator (RandomKeyGenerator.java:call(270)) - Key size: 20971520 bytes
2019-07-08 10:53:18,765 INFO  freon.RandomKeyGenerator (RandomKeyGenerator.java:call(271)) - Buffer size: 4096 bytes
2019-07-08 10:53:18,766 INFO  freon.RandomKeyGenerator (RandomKeyGenerator.java:call(286)) - Data validation is enabled.
2019-07-08 10:53:18,766 INFO  freon.RandomKeyGenerator (RandomKeyGenerator.java:call(299)) - Starting progress bar Thread.

 0.00% |█                                                                                                    |  0/1 Time: 0:00:002019-07-08 10:53:18,767 INFO  rpc.RpcClient (RpcClient.java:createVolume(289)) - Creating Volume: vol-0-90343, with jenkins1000 as owner.
2019-07-08 10:53:18,780 INFO  rpc.RpcClient (RpcClient.java:createBucket(426)) - Creating Bucket: vol-0-90343/bucket-0-34383, with Versioning false and Storage Type set to DISK and Encryption set to false 
2019-07-08 10:53:18,823 INFO  client.GrpcClientProtocolClient (GrpcClientProtocolClient.java:onNext(255)) - client-3C244434A2EF->cf5aed27-0fe5-4f89-9e99-98cd6c6840c6: receive RaftClientReply:client-3C244434A2EF->cf5aed27-0fe5-4f89-9e99-98cd6c6840c6@group-CBA66B0D1CF3, cid=60, FAILED org.apache.ratis.protocol.NotLeaderException: Server cf5aed27-0fe5-4f89-9e99-98cd6c6840c6 is not the leader (null). Request must be sent to leader., logIndex=0, commits[cf5aed27-0fe5-4f89-9e99-98cd6c6840c6:c-1]
2019-07-08 10:53:19,718 INFO  impl.FollowerState (FollowerState.java:run(106)) - d2a7922a-3325-45ed-a3bc-86b1445bcdee:group-CBA66B0D1CF3 changes to CANDIDATE, lastRpcTime:1053, electionTimeout:1051ms
2019-07-08 10:53:19,718 INFO  impl.RoleInfo (RoleInfo.java:shutdownFollowerState(121)) - d2a7922a-3325-45ed-a3bc-86b1445bcdee: shutdown FollowerState
2019-07-08 10:53:19,719 INFO  impl.RaftServerImpl (RaftServerImpl.java:setRole(171)) - d2a7922a-3325-45ed-a3bc-86b1445bcdee:group-CBA66B0D1CF3 changes role from FOLLOWER to CANDIDATE at term 0 for changeToCandidate
2019-07-08 10:53:19,719 INFO  impl.RoleInfo (RoleInfo.java:updateAndGet(143)) - d2a7922a-3325-45ed-a3bc-86b1445bcdee: start LeaderElection
2019-07-08 10:53:19,737 INFO  impl.LeaderElection (LeaderElection.java:askForVotes(181)) - d2a7922a-3325-45ed-a3bc-86b1445bcdee:group-CBA66B0D1CF3:LeaderElection5: begin an election at term 1 for -1: [9ba5f608-63ba-4f3a-8360-c7790c938c5c:192.168.5.132:37423, d2a7922a-3325-45ed-a3bc-86b1445bcdee:192.168.5.132:40841, cf5aed27-0fe5-4f89-9e99-98cd6c6840c6:192.168.5.132:41588], old=null
2019-07-08 10:53:19,750 INFO  impl.RaftServerImpl (RaftServerImpl.java:setRole(171)) - cf5aed27-0fe5-4f89-9e99-98cd6c6840c6:group-CBA66B0D1CF3 changes role from FOLLOWER to FOLLOWER at term 1 for recognizeCandidate:d2a7922a-3325-45ed-a3bc-86b1445bcdee
2019-07-08 10:53:19,752 INFO  impl.RaftServerImpl (RaftServerImpl.java:setRole(171)) - 9ba5f608-63ba-4f3a-8360-c7790c938c5c:group-CBA66B0D1CF3 changes role from FOLLOWER to FOLLOWER at term 1 for recognizeCandidate:d2a7922a-3325-45ed-a3bc-86b1445bcdee
2019-07-08 10:53:19,752 INFO  impl.RoleInfo (RoleInfo.java:shutdownFollowerState(121)) - cf5aed27-0fe5-4f89-9e99-98cd6c6840c6: shutdown FollowerState
2019-07-08 10:53:19,752 INFO  impl.RoleInfo (RoleInfo.java:shutdownFollowerState(121)) - 9ba5f608-63ba-4f3a-8360-c7790c938c5c: shutdown FollowerState
2019-07-08 10:53:19,753 INFO  impl.FollowerState (FollowerState.java:run(114)) - cf5aed27-0fe5-4f89-9e99-98cd6c6840c6: FollowerState was interrupted: java.lang.InterruptedException: sleep interrupted
2019-07-08 10:53:19,753 INFO  impl.RoleInfo (RoleInfo.java:updateAndGet(143)) - 9ba5f608-63ba-4f3a-8360-c7790c938c5c: start FollowerState
2019-07-08 10:53:19,752 INFO  impl.RoleInfo (RoleInfo.java:updateAndGet(143)) - cf5aed27-0fe5-4f89-9e99-98cd6c6840c6: start FollowerState
2019-07-08 10:53:19,753 INFO  impl.FollowerState (FollowerState.java:run(114)) - 9ba5f608-63ba-4f3a-8360-c7790c938c5c: FollowerState was interrupted: java.lang.InterruptedException: sleep interrupted
 0.00% |█                                                                                                    |  0/1 Time: 0:00:012019-07-08 10:53:19,770 INFO  impl.LeaderElection (LeaderElection.java:logAndReturn(56)) - d2a7922a-3325-45ed-a3bc-86b1445bcdee:group-CBA66B0D1CF3:LeaderElection5: Election PASSED; received 1 response(s) [d2a7922a-3325-45ed-a3bc-86b1445bcdee<-9ba5f608-63ba-4f3a-8360-c7790c938c5c#0:OK-t1] and 0 exception(s); d2a7922a-3325-45ed-a3bc-86b1445bcdee:t1, leader=null, voted=d2a7922a-3325-45ed-a3bc-86b1445bcdee, raftlog=d2a7922a-3325-45ed-a3bc-86b1445bcdee-SegmentedRaftLog:OPENED:c-1,f-1,i0, conf=-1: [9ba5f608-63ba-4f3a-8360-c7790c938c5c:192.168.5.132:37423, d2a7922a-3325-45ed-a3bc-86b1445bcdee:192.168.5.132:40841, cf5aed27-0fe5-4f89-9e99-98cd6c6840c6:192.168.5.132:41588], old=null
2019-07-08 10:53:19,770 INFO  impl.RoleInfo (RoleInfo.java:shutdownLeaderElection(134)) - d2a7922a-3325-45ed-a3bc-86b1445bcdee: shutdown LeaderElection
2019-07-08 10:53:19,771 INFO  impl.RaftServerImpl (RaftServerImpl.java:setRole(171)) - d2a7922a-3325-45ed-a3bc-86b1445bcdee:group-CBA66B0D1CF3 changes role from CANDIDATE to LEADER at term 1 for changeToLeader
2019-07-08 10:53:19,772 INFO  impl.RaftServerImpl (ServerState.java:setLeader(263)) - d2a7922a-3325-45ed-a3bc-86b1445bcdee:group-CBA66B0D1CF3 change Leader from null to d2a7922a-3325-45ed-a3bc-86b1445bcdee at term 1 for becomeLeader, leader elected after 1122ms
2019-07-08 10:53:19,772 INFO  server.RaftServerConfigKeys (ConfUtils.java:logGet(43)) - raft.server.staging.catchup.gap = 1000 (default)
2019-07-08 10:53:19,772 INFO  server.RaftServerConfigKeys (ConfUtils.java:logGet(43)) - raft.server.rpc.sleep.time = 25ms (default)
2019-07-08 10:53:19,772 INFO  server.RaftServerConfigKeys (ConfUtils.java:logGet(43)) - raft.server.write.element-limit = 4096 (default)
2019-07-08 10:53:19,772 INFO  server.RaftServerConfigKeys (ConfUtils.java:logGet(43)) - raft.server.watch.timeout = 10s (default)
2019-07-08 10:53:19,773 INFO  server.RaftServerConfigKeys (ConfUtils.java:logGet(43)) - raft.server.watch.timeout.denomination = 1s (default)
2019-07-08 10:53:19,773 INFO  server.RaftServerConfigKeys (ConfUtils.java:logGet(43)) - raft.server.watch.element-limit = 65536 (default)
2019-07-08 10:53:19,773 INFO  server.RaftServerConfigKeys (ConfUtils.java:logGet(43)) - raft.server.log.appender.snapshot.chunk.size.max = 16MB (=16777216) (default)
2019-07-08 10:53:19,773 INFO  server.RaftServerConfigKeys (ConfUtils.java:logGet(43)) - raft.server.log.appender.buffer.byte-limit = 33554432 (custom)
2019-07-08 10:53:19,774 INFO  server.RaftServerConfigKeys (ConfUtils.java:logGet(43)) - raft.server.log.appender.buffer.element-limit = 1 (custom)
2019-07-08 10:53:19,774 INFO  grpc.GrpcConfigKeys$Server (ConfUtils.java:logGet(43)) - raft.grpc.server.leader.outstanding.appends.max = 128 (default)
2019-07-08 10:53:19,774 INFO  server.RaftServerConfigKeys (ConfUtils.java:logGet(43)) - raft.server.rpc.request.timeout = 3000ms (default)
2019-07-08 10:53:19,775 INFO  server.RaftServerConfigKeys (ConfUtils.java:logGet(43)) - raft.server.log.appender.install.snapshot.enabled = false (custom)
2019-07-08 10:53:19,775 INFO  server.RaftServerConfigKeys (ConfUtils.java:logGet(43)) - raft.server.log.appender.snapshot.chunk.size.max = 16MB (=16777216) (default)
2019-07-08 10:53:19,775 INFO  server.RaftServerConfigKeys (ConfUtils.java:logGet(43)) - raft.server.log.appender.buffer.byte-limit = 33554432 (custom)
2019-07-08 10:53:19,775 INFO  server.RaftServerConfigKeys (ConfUtils.java:logGet(43)) - raft.server.log.appender.buffer.element-limit = 1 (custom)
2019-07-08 10:53:19,776 INFO  grpc.GrpcConfigKeys$Server (ConfUtils.java:logGet(43)) - raft.grpc.server.leader.outstanding.appends.max = 128 (default)
2019-07-08 10:53:19,776 INFO  server.RaftServerConfigKeys (ConfUtils.java:logGet(43)) - raft.server.rpc.request.timeout = 3000ms (default)
2019-07-08 10:53:19,776 INFO  server.RaftServerConfigKeys (ConfUtils.java:logGet(43)) - raft.server.log.appender.install.snapshot.enabled = false (custom)
2019-07-08 10:53:19,776 INFO  impl.RoleInfo (RoleInfo.java:updateAndGet(143)) - d2a7922a-3325-45ed-a3bc-86b1445bcdee: start LeaderState
2019-07-08 10:53:19,777 INFO  segmented.SegmentedRaftLogWorker (SegmentedRaftLogWorker.java:startLogSegment(380)) - d2a7922a-3325-45ed-a3bc-86b1445bcdee-SegmentedRaftLogWorker:Storage Directory /tmp/workdir/hadoop-ozone/tools/target/test-dir/MiniOzoneClusterImpl-0183a8d0-c3db-4027-8e7b-52442f3761b2/datanode-1/data/ratis/8cbdc2f8-494f-4dbd-8660-cba66b0d1cf3: Starting segment from index:0
2019-07-08 10:53:19,778 INFO  impl.RaftServerImpl (ServerState.java:setRaftConf(361)) - d2a7922a-3325-45ed-a3bc-86b1445bcdee:group-CBA66B0D1CF3 set configuration 0: [9ba5f608-63ba-4f3a-8360-c7790c938c5c:192.168.5.132:37423, d2a7922a-3325-45ed-a3bc-86b1445bcdee:192.168.5.132:40841, cf5aed27-0fe5-4f89-9e99-98cd6c6840c6:192.168.5.132:41588], old=null at 0
2019-07-08 10:53:19,800 INFO  impl.RaftServerImpl (ServerState.java:setLeader(263)) - cf5aed27-0fe5-4f89-9e99-98cd6c6840c6:group-CBA66B0D1CF3 change Leader from null to d2a7922a-3325-45ed-a3bc-86b1445bcdee at term 1 for appendEntries, leader elected after 1151ms
2019-07-08 10:53:19,802 INFO  segmented.SegmentedRaftLogWorker (SegmentedRaftLogWorker.java:execute(569)) - d2a7922a-3325-45ed-a3bc-86b1445bcdee-SegmentedRaftLogWorker:Storage Directory /tmp/workdir/hadoop-ozone/tools/target/test-dir/MiniOzoneClusterImpl-0183a8d0-c3db-4027-8e7b-52442f3761b2/datanode-1/data/ratis/8cbdc2f8-494f-4dbd-8660-cba66b0d1cf3: created new log segment /tmp/workdir/hadoop-ozone/tools/target/test-dir/MiniOzoneClusterImpl-0183a8d0-c3db-4027-8e7b-52442f3761b2/datanode-1/data/ratis/8cbdc2f8-494f-4dbd-8660-cba66b0d1cf3/current/log_inprogress_0
2019-07-08 10:53:19,802 INFO  impl.RaftServerImpl (ServerState.java:setLeader(263)) - 9ba5f608-63ba-4f3a-8360-c7790c938c5c:group-CBA66B0D1CF3 change Leader from null to d2a7922a-3325-45ed-a3bc-86b1445bcdee at term 1 for appendEntries, leader elected after 1151ms
2019-07-08 10:53:19,806 INFO  impl.RaftServerImpl (ServerState.java:setRaftConf(361)) - cf5aed27-0fe5-4f89-9e99-98cd6c6840c6:group-CBA66B0D1CF3 set configuration 0: [9ba5f608-63ba-4f3a-8360-c7790c938c5c:192.168.5.132:37423, d2a7922a-3325-45ed-a3bc-86b1445bcdee:192.168.5.132:40841, cf5aed27-0fe5-4f89-9e99-98cd6c6840c6:192.168.5.132:41588], old=null at 0
2019-07-08 10:53:19,806 INFO  impl.RaftServerImpl (ServerState.java:setRaftConf(361)) - 9ba5f608-63ba-4f3a-8360-c7790c938c5c:group-CBA66B0D1CF3 set configuration 0: [9ba5f608-63ba-4f3a-8360-c7790c938c5c:192.168.5.132:37423, d2a7922a-3325-45ed-a3bc-86b1445bcdee:192.168.5.132:40841, cf5aed27-0fe5-4f89-9e99-98cd6c6840c6:192.168.5.132:41588], old=null at 0
2019-07-08 10:53:19,807 INFO  segmented.SegmentedRaftLogWorker (SegmentedRaftLogWorker.java:startLogSegment(380)) - cf5aed27-0fe5-4f89-9e99-98cd6c6840c6-SegmentedRaftLogWorker:Storage Directory /tmp/workdir/hadoop-ozone/tools/target/test-dir/MiniOzoneClusterImpl-0183a8d0-c3db-4027-8e7b-52442f3761b2/datanode-0/data/ratis/8cbdc2f8-494f-4dbd-8660-cba66b0d1cf3: Starting segment from index:0
2019-07-08 10:53:19,808 INFO  segmented.SegmentedRaftLogWorker (SegmentedRaftLogWorker.java:startLogSegment(380)) - 9ba5f608-63ba-4f3a-8360-c7790c938c5c-SegmentedRaftLogWorker:Storage Directory /tmp/workdir/hadoop-ozone/tools/target/test-dir/MiniOzoneClusterImpl-0183a8d0-c3db-4027-8e7b-52442f3761b2/datanode-2/data/ratis/8cbdc2f8-494f-4dbd-8660-cba66b0d1cf3: Starting segment from index:0
2019-07-08 10:53:19,838 INFO  segmented.SegmentedRaftLogWorker (SegmentedRaftLogWorker.java:execute(569)) - cf5aed27-0fe5-4f89-9e99-98cd6c6840c6-SegmentedRaftLogWorker:Storage Directory /tmp/workdir/hadoop-ozone/tools/target/test-dir/MiniOzoneClusterImpl-0183a8d0-c3db-4027-8e7b-52442f3761b2/datanode-0/data/ratis/8cbdc2f8-494f-4dbd-8660-cba66b0d1cf3: created new log segment /tmp/workdir/hadoop-ozone/tools/target/test-dir/MiniOzoneClusterImpl-0183a8d0-c3db-4027-8e7b-52442f3761b2/datanode-0/data/ratis/8cbdc2f8-494f-4dbd-8660-cba66b0d1cf3/current/log_inprogress_0
2019-07-08 10:53:19,838 INFO  segmented.SegmentedRaftLogWorker (SegmentedRaftLogWorker.java:execute(569)) - 9ba5f608-63ba-4f3a-8360-c7790c938c5c-SegmentedRaftLogWorker:Storage Directory /tmp/workdir/hadoop-ozone/tools/target/test-dir/MiniOzoneClusterImpl-0183a8d0-c3db-4027-8e7b-52442f3761b2/datanode-2/data/ratis/8cbdc2f8-494f-4dbd-8660-cba66b0d1cf3: created new log segment /tmp/workdir/hadoop-ozone/tools/target/test-dir/MiniOzoneClusterImpl-0183a8d0-c3db-4027-8e7b-52442f3761b2/datanode-2/data/ratis/8cbdc2f8-494f-4dbd-8660-cba66b0d1cf3/current/log_inprogress_0
2019-07-08 10:53:19,913 INFO  client.GrpcClientProtocolClient (GrpcClientProtocolClient.java:onNext(255)) - client-3C244434A2EF->d2a7922a-3325-45ed-a3bc-86b1445bcdee: receive RaftClientReply:client-3C244434A2EF->d2a7922a-3325-45ed-a3bc-86b1445bcdee@group-CBA66B0D1CF3, cid=60, SUCCESS, logIndex=1, commits[d2a7922a-3325-45ed-a3bc-86b1445bcdee:c1, 9ba5f608-63ba-4f3a-8360-c7790c938c5c:c0, cf5aed27-0fe5-4f89-9e99-98cd6c6840c6:c0]
2019-07-08 10:53:19,977 INFO  client.GrpcClientProtocolClient (GrpcClientProtocolClient.java:onNext(255)) - client-3C244434A2EF->d2a7922a-3325-45ed-a3bc-86b1445bcdee: receive RaftClientReply:client-3C244434A2EF->d2a7922a-3325-45ed-a3bc-86b1445bcdee@group-CBA66B0D1CF3, cid=61, SUCCESS, logIndex=3, commits[d2a7922a-3325-45ed-a3bc-86b1445bcdee:c8, 9ba5f608-63ba-4f3a-8360-c7790c938c5c:c5, cf5aed27-0fe5-4f89-9e99-98cd6c6840c6:c5]
2019-07-08 10:53:19,980 INFO  client.GrpcClientProtocolClient (GrpcClientProtocolClient.java:onNext(255)) - client-3C244434A2EF->d2a7922a-3325-45ed-a3bc-86b1445bcdee: receive RaftClientReply:client-3C244434A2EF->d2a7922a-3325-45ed-a3bc-86b1445bcdee@group-CBA66B0D1CF3, cid=62, SUCCESS, logIndex=4, commits[d2a7922a-3325-45ed-a3bc-86b1445bcdee:c8, 9ba5f608-63ba-4f3a-8360-c7790c938c5c:c5, cf5aed27-0fe5-4f89-9e99-98cd6c6840c6:c5]
2019-07-08 10:53:20,030 INFO  client.GrpcClientProtocolClient (GrpcClientProtocolClient.java:onNext(255)) - client-3C244434A2EF->d2a7922a-3325-45ed-a3bc-86b1445bcdee: receive RaftClientReply:client-3C244434A2EF->d2a7922a-3325-45ed-a3bc-86b1445bcdee@group-CBA66B0D1CF3, cid=63, SUCCESS, logIndex=5, commits[d2a7922a-3325-45ed-a3bc-86b1445bcdee:c8, 9ba5f608-63ba-4f3a-8360-c7790c938c5c:c5, cf5aed27-0fe5-4f89-9e99-98cd6c6840c6:c5]
2019-07-08 10:53:20,062 INFO  client.GrpcClientProtocolClient (GrpcClientProtocolClient.java:onNext(255)) - client-3C244434A2EF->d2a7922a-3325-45ed-a3bc-86b1445bcdee: receive RaftClientReply:client-3C244434A2EF->d2a7922a-3325-45ed-a3bc-86b1445bcdee@group-CBA66B0D1CF3, cid=64, SUCCESS, logIndex=9, commits[d2a7922a-3325-45ed-a3bc-86b1445bcdee:c11, 9ba5f608-63ba-4f3a-8360-c7790c938c5c:c8, cf5aed27-0fe5-4f89-9e99-98cd6c6840c6:c8]
2019-07-08 10:53:20,064 INFO  client.GrpcClientProtocolClient (GrpcClientProtocolClient.java:onNext(255)) - client-3C244434A2EF->d2a7922a-3325-45ed-a3bc-86b1445bcdee: receive RaftClientReply:client-3C244434A2EF->d2a7922a-3325-45ed-a3bc-86b1445bcdee@group-CBA66B0D1CF3, cid=65, SUCCESS, logIndex=10, commits[d2a7922a-3325-45ed-a3bc-86b1445bcdee:c12, 9ba5f608-63ba-4f3a-8360-c7790c938c5c:c8, cf5aed27-0fe5-4f89-9e99-98cd6c6840c6:c8]
2019-07-08 10:53:20,065 INFO  client.GrpcClientProtocolClient (GrpcClientProtocolClient.java:onNext(255)) - client-3C244434A2EF->d2a7922a-3325-45ed-a3bc-86b1445bcdee: receive RaftClientReply:client-3C244434A2EF->d2a7922a-3325-45ed-a3bc-86b1445bcdee@group-CBA66B0D1CF3, cid=66, SUCCESS, logIndex=11, commits[d2a7922a-3325-45ed-a3bc-86b1445bcdee:c12, 9ba5f608-63ba-4f3a-8360-c7790c938c5c:c8, cf5aed27-0fe5-4f89-9e99-98cd6c6840c6:c8]
2019-07-08 10:53:20,066 INFO  client.GrpcClientProtocolClient (GrpcClientProtocolClient.java:onNext(255)) - client-3C244434A2EF->d2a7922a-3325-45ed-a3bc-86b1445bcdee: receive RaftClientReply:client-3C244434A2EF->d2a7922a-3325-45ed-a3bc-86b1445bcdee@group-CBA66B0D1CF3, cid=67, SUCCESS, logIndex=12, commits[d2a7922a-3325-45ed-a3bc-86b1445bcdee:c13, 9ba5f608-63ba-4f3a-8360-c7790c938c5c:c10, cf5aed27-0fe5-4f89-9e99-98cd6c6840c6:c10]
2019-07-08 10:53:20,072 INFO  client.GrpcClientProtocolClient (GrpcClientProtocolClient.java:onNext(255)) - client-3C244434A2EF->d2a7922a-3325-45ed-a3bc-86b1445bcdee: receive RaftClientReply:client-3C244434A2EF->d2a7922a-3325-45ed-a3bc-86b1445bcdee@group-CBA66B0D1CF3, cid=68, SUCCESS, logIndex=0, commits[d2a7922a-3325-45ed-a3bc-86b1445bcdee:c16, 9ba5f608-63ba-4f3a-8360-c7790c938c5c:c12, cf5aed27-0fe5-4f89-9e99-98cd6c6840c6:c12]
2019-07-08 10:53:20,137 INFO  client.GrpcClientProtocolClient (GrpcClientProtocolClient.java:onNext(255)) - client-3C244434A2EF->d2a7922a-3325-45ed-a3bc-86b1445bcdee: receive RaftClientReply:client-3C244434A2EF->d2a7922a-3325-45ed-a3bc-86b1445bcdee@group-CBA66B0D1CF3, cid=69, SUCCESS, logIndex=17, commits[d2a7922a-3325-45ed-a3bc-86b1445bcdee:c19, 9ba5f608-63ba-4f3a-8360-c7790c938c5c:c12, cf5aed27-0fe5-4f89-9e99-98cd6c6840c6:c16]
2019-07-08 10:53:20,167 INFO  client.GrpcClientProtocolClient (GrpcClientProtocolClient.java:onNext(255)) - client-3C244434A2EF->d2a7922a-3325-45ed-a3bc-86b1445bcdee: receive RaftClientReply:client-3C244434A2EF->d2a7922a-3325-45ed-a3bc-86b1445bcdee@group-CBA66B0D1CF3, cid=70, SUCCESS, logIndex=18, commits[d2a7922a-3325-45ed-a3bc-86b1445bcdee:c24, 9ba5f608-63ba-4f3a-8360-c7790c938c5c:c20, cf5aed27-0fe5-4f89-9e99-98cd6c6840c6:c20]
2019-07-08 10:53:20,168 INFO  client.GrpcClientProtocolClient (GrpcClientProtocolClient.java:onNext(255)) - client-3C244434A2EF->d2a7922a-3325-45ed-a3bc-86b1445bcdee: receive RaftClientReply:client-3C244434A2EF->d2a7922a-3325-45ed-a3bc-86b1445bcdee@group-CBA66B0D1CF3, cid=71, SUCCESS, logIndex=19, commits[d2a7922a-3325-45ed-a3bc-86b1445bcdee:c24, 9ba5f608-63ba-4f3a-8360-c7790c938c5c:c20, cf5aed27-0fe5-4f89-9e99-98cd6c6840c6:c20]
2019-07-08 10:53:20,218 INFO  client.GrpcClientProtocolClient (GrpcClientProtocolClient.java:onNext(255)) - client-3C244434A2EF->d2a7922a-3325-45ed-a3bc-86b1445bcdee: receive RaftClientReply:client-3C244434A2EF->d2a7922a-3325-45ed-a3bc-86b1445bcdee@group-CBA66B0D1CF3, cid=72, SUCCESS, logIndex=20, commits[d2a7922a-3325-45ed-a3bc-86b1445bcdee:c24, 9ba5f608-63ba-4f3a-8360-c7790c938c5c:c20, cf5aed27-0fe5-4f89-9e99-98cd6c6840c6:c20]
2019-07-08 10:53:20,364 INFO  client.GrpcClientProtocolClient (GrpcClientProtocolClient.java:onNext(255)) - client-3C244434A2EF->d2a7922a-3325-45ed-a3bc-86b1445bcdee: receive RaftClientReply:client-3C244434A2EF->d2a7922a-3325-45ed-a3bc-86b1445bcdee@group-CBA66B0D1CF3, cid=73, SUCCESS, logIndex=25, commits[d2a7922a-3325-45ed-a3bc-86b1445bcdee:c26, 9ba5f608-63ba-4f3a-8360-c7790c938c5c:c20, cf5aed27-0fe5-4f89-9e99-98cd6c6840c6:c24]
2019-07-08 10:53:20,366 INFO  client.GrpcClientProtocolClient (GrpcClientProtocolClient.java:onNext(255)) - client-3C244434A2EF->d2a7922a-3325-45ed-a3bc-86b1445bcdee: receive RaftClientReply:client-3C244434A2EF->d2a7922a-3325-45ed-a3bc-86b1445bcdee@group-CBA66B0D1CF3, cid=74, SUCCESS, logIndex=26, commits[d2a7922a-3325-45ed-a3bc-86b1445bcdee:c26, 9ba5f608-63ba-4f3a-8360-c7790c938c5c:c24, cf5aed27-0fe5-4f89-9e99-98cd6c6840c6:c24]
2019-07-08 10:53:20,367 INFO  client.GrpcClientProtocolClient (GrpcClientProtocolClient.java:onNext(255)) - client-3C244434A2EF->d2a7922a-3325-45ed-a3bc-86b1445bcdee: receive RaftClientReply:client-3C244434A2EF->d2a7922a-3325-45ed-a3bc-86b1445bcdee@group-CBA66B0D1CF3, cid=75, SUCCESS, logIndex=27, commits[d2a7922a-3325-45ed-a3bc-86b1445bcdee:c28, 9ba5f608-63ba-4f3a-8360-c7790c938c5c:c26, cf5aed27-0fe5-4f89-9e99-98cd6c6840c6:c24]
2019-07-08 10:53:20,368 INFO  client.GrpcClientProtocolClient (GrpcClientProtocolClient.java:onNext(255)) - client-3C244434A2EF->d2a7922a-3325-45ed-a3bc-86b1445bcdee: receive RaftClientReply:client-3C244434A2EF->d2a7922a-3325-45ed-a3bc-86b1445bcdee@group-CBA66B0D1CF3, cid=76, SUCCESS, logIndex=28, commits[d2a7922a-3325-45ed-a3bc-86b1445bcdee:c30, 9ba5f608-63ba-4f3a-8360-c7790c938c5c:c26, cf5aed27-0fe5-4f89-9e99-98cd6c6840c6:c26]
2019-07-08 10:53:20,374 INFO  client.GrpcClientProtocolClient (GrpcClientProtocolClient.java:onNext(255)) - client-3C244434A2EF->d2a7922a-3325-45ed-a3bc-86b1445bcdee: receive RaftClientReply:client-3C244434A2EF->d2a7922a-3325-45ed-a3bc-86b1445bcdee@group-CBA66B0D1CF3, cid=77, SUCCESS, logIndex=0, commits[d2a7922a-3325-45ed-a3bc-86b1445bcdee:c31, 9ba5f608-63ba-4f3a-8360-c7790c938c5c:c28, cf5aed27-0fe5-4f89-9e99-98cd6c6840c6:c28]
2019-07-08 10:53:20,384 INFO  keyvalue.KeyValueHandler (ContainerUtils.java:logAndReturnError(146)) - Operation: CreateContainer : Trace ID: 3b0d0844f28e87a3:3aca6e5a87e962a9:b9172426d23e7376:0 : Message: Container creation failed, due to disk out of space : Result: DISK_OUT_OF_SPACE
2019-07-08 10:53:20,389 INFO  keyvalue.KeyValueHandler (ContainerUtils.java:logAndReturnError(146)) - Operation: CreateContainer : Trace ID: 3b0d0844f28e87a3:3aca6e5a87e962a9:b9172426d23e7376:0 : Message: Container creation failed, due to disk out of space : Result: DISK_OUT_OF_SPACE
2019-07-08 10:53:20,390 INFO  keyvalue.KeyValueHandler (ContainerUtils.java:logAndReturnError(146)) - Operation: CreateContainer : Trace ID: 3b0d0844f28e87a3:dcff8d1708dbeb62:b9172426d23e7376:0 : Message: Container creation failed, due to disk out of space : Result: DISK_OUT_OF_SPACE
2019-07-08 10:53:20,395 INFO  keyvalue.KeyValueHandler (ContainerUtils.java:logAndReturnError(146)) - Operation: CreateContainer : Trace ID: 3b0d0844f28e87a3:dcff8d1708dbeb62:b9172426d23e7376:0 : Message: Container creation failed, due to disk out of space : Result: DISK_OUT_OF_SPACE
10:53:20.396 [pool-26-thread-11] ERROR DNAudit - user=null | ip=null | op=WRITE_CHUNK {blockData=conID: 6 locID: 102405452516032521 bcsId: 0} | ret=FAILURE
org.apache.hadoop.hdds.scm.container.common.helpers.StorageContainerException: ContainerID 6 creation failed
	at org.apache.hadoop.ozone.container.common.impl.HddsDispatcher.dispatchRequest(HddsDispatcher.java:227) ~[classes/:?]
	at org.apache.hadoop.ozone.container.common.impl.HddsDispatcher.dispatch(HddsDispatcher.java:148) ~[classes/:?]
	at org.apache.hadoop.ozone.container.common.transport.server.ratis.ContainerStateMachine.dispatchCommand(ContainerStateMachine.java:346) ~[classes/:?]
	at org.apache.hadoop.ozone.container.common.transport.server.ratis.ContainerStateMachine.runCommand(ContainerStateMachine.java:353) ~[classes/:?]
	at org.apache.hadoop.ozone.container.common.transport.server.ratis.ContainerStateMachine.lambda$handleWriteChunk$0(ContainerStateMachine.java:384) ~[classes/:?]
	at java.util.concurrent.CompletableFuture$AsyncSupply.run(CompletableFuture.java:1590) [?:1.8.0_212]
	at java.util.concurrent.ThreadPoolExecutor.runWorker(ThreadPoolExecutor.java:1149) [?:1.8.0_212]
	at java.util.concurrent.ThreadPoolExecutor$Worker.run(ThreadPoolExecutor.java:624) [?:1.8.0_212]
	at java.lang.Thread.run(Thread.java:748) [?:1.8.0_212]
10:53:20.390 [pool-47-thread-48] ERROR DNAudit - user=null | ip=null | op=WRITE_CHUNK {blockData=conID: 6 locID: 102405452516032521 bcsId: 0} | ret=FAILURE
org.apache.hadoop.hdds.scm.container.common.helpers.StorageContainerException: ContainerID 6 creation failed
	at org.apache.hadoop.ozone.container.common.impl.HddsDispatcher.dispatchRequest(HddsDispatcher.java:227) ~[classes/:?]
	at org.apache.hadoop.ozone.container.common.impl.HddsDispatcher.dispatch(HddsDispatcher.java:148) ~[classes/:?]
	at org.apache.hadoop.ozone.container.common.transport.server.ratis.ContainerStateMachine.dispatchCommand(ContainerStateMachine.java:346) ~[classes/:?]
	at org.apache.hadoop.ozone.container.common.transport.server.ratis.ContainerStateMachine.runCommand(ContainerStateMachine.java:353) ~[classes/:?]
	at org.apache.hadoop.ozone.container.common.transport.server.ratis.ContainerStateMachine.lambda$handleWriteChunk$0(ContainerStateMachine.java:384) ~[classes/:?]
	at java.util.concurrent.CompletableFuture$AsyncSupply.run(CompletableFuture.java:1590) [?:1.8.0_212]
	at java.util.concurrent.ThreadPoolExecutor.runWorker(ThreadPoolExecutor.java:1149) [?:1.8.0_212]
	at java.util.concurrent.ThreadPoolExecutor$Worker.run(ThreadPoolExecutor.java:624) [?:1.8.0_212]
	at java.lang.Thread.run(Thread.java:748) [?:1.8.0_212]
10:53:20.389 [pool-26-thread-7] ERROR DNAudit - user=null | ip=null | op=WRITE_CHUNK {blockData=conID: 6 locID: 102405452516032521 bcsId: 0} | ret=FAILURE
org.apache.hadoop.hdds.scm.container.common.helpers.StorageContainerException: ContainerID 6 creation failed
	at org.apache.hadoop.ozone.container.common.impl.HddsDispatcher.dispatchRequest(HddsDispatcher.java:227) ~[classes/:?]
	at org.apache.hadoop.ozone.container.common.impl.HddsDispatcher.dispatch(HddsDispatcher.java:148) ~[classes/:?]
	at org.apache.hadoop.ozone.container.common.transport.server.ratis.ContainerStateMachine.dispatchCommand(ContainerStateMachine.java:346) ~[classes/:?]
	at org.apache.hadoop.ozone.container.common.transport.server.ratis.ContainerStateMachine.runCommand(ContainerStateMachine.java:353) ~[classes/:?]
	at org.apache.hadoop.ozone.container.common.transport.server.ratis.ContainerStateMachine.lambda$handleWriteChunk$0(ContainerStateMachine.java:384) ~[classes/:?]
	at java.util.concurrent.CompletableFuture$AsyncSupply.run(CompletableFuture.java:1590) [?:1.8.0_212]
	at java.util.concurrent.ThreadPoolExecutor.runWorker(ThreadPoolExecutor.java:1149) [?:1.8.0_212]
	at java.util.concurrent.ThreadPoolExecutor$Worker.run(ThreadPoolExecutor.java:624) [?:1.8.0_212]
	at java.lang.Thread.run(Thread.java:748) [?:1.8.0_212]
10:53:20.388 [pool-47-thread-45] ERROR DNAudit - user=null | ip=null | op=WRITE_CHUNK {blockData=conID: 6 locID: 102405452516032521 bcsId: 0} | ret=FAILURE
org.apache.hadoop.hdds.scm.container.common.helpers.StorageContainerException: ContainerID 6 creation failed
	at org.apache.hadoop.ozone.container.common.impl.HddsDispatcher.dispatchRequest(HddsDispatcher.java:227) ~[classes/:?]
	at org.apache.hadoop.ozone.container.common.impl.HddsDispatcher.dispatch(HddsDispatcher.java:148) ~[classes/:?]
	at org.apache.hadoop.ozone.container.common.transport.server.ratis.ContainerStateMachine.dispatchCommand(ContainerStateMachine.java:346) ~[classes/:?]
	at org.apache.hadoop.ozone.container.common.transport.server.ratis.ContainerStateMachine.runCommand(ContainerStateMachine.java:353) ~[classes/:?]
	at org.apache.hadoop.ozone.container.common.transport.server.ratis.ContainerStateMachine.lambda$handleWriteChunk$0(ContainerStateMachine.java:384) ~[classes/:?]
	at java.util.concurrent.CompletableFuture$AsyncSupply.run(CompletableFuture.java:1590) [?:1.8.0_212]
	at java.util.concurrent.ThreadPoolExecutor.runWorker(ThreadPoolExecutor.java:1149) [?:1.8.0_212]
	at java.util.concurrent.ThreadPoolExecutor$Worker.run(ThreadPoolExecutor.java:624) [?:1.8.0_212]
	at java.lang.Thread.run(Thread.java:748) [?:1.8.0_212]
2019-07-08 10:53:20,406 INFO  impl.HddsDispatcher (ContainerUtils.java:logAndReturnError(146)) - Operation: WriteChunk : Trace ID: 3b0d0844f28e87a3:dcff8d1708dbeb62:b9172426d23e7376:0 : Message: ContainerID 6 creation failed : Result: DISK_OUT_OF_SPACE
2019-07-08 10:53:20,406 INFO  impl.HddsDispatcher (ContainerUtils.java:logAndReturnError(146)) - Operation: WriteChunk : Trace ID: 3b0d0844f28e87a3:3aca6e5a87e962a9:b9172426d23e7376:0 : Message: ContainerID 6 creation failed : Result: DISK_OUT_OF_SPACE
2019-07-08 10:53:20,408 INFO  impl.HddsDispatcher (ContainerUtils.java:logAndReturnError(146)) - Operation: WriteChunk : Trace ID: 3b0d0844f28e87a3:3aca6e5a87e962a9:b9172426d23e7376:0 : Message: ContainerID 6 creation failed : Result: DISK_OUT_OF_SPACE
2019-07-08 10:53:20,408 INFO  impl.HddsDispatcher (ContainerUtils.java:logAndReturnError(146)) - Operation: WriteChunk : Trace ID: 3b0d0844f28e87a3:dcff8d1708dbeb62:b9172426d23e7376:0 : Message: ContainerID 6 creation failed : Result: DISK_OUT_OF_SPACE
10:53:20.415 [pool-54-thread-1] ERROR DNAudit - user=null | ip=null | op=WRITE_CHUNK {blockData=conID: 6 locID: 102405452516032521 bcsId: 0} | ret=FAILURE
org.apache.hadoop.hdds.scm.container.common.helpers.StorageContainerException: ContainerID 6 does not exist
	at org.apache.hadoop.ozone.container.common.impl.HddsDispatcher.dispatchRequest(HddsDispatcher.java:242) ~[classes/:?]
	at org.apache.hadoop.ozone.container.common.impl.HddsDispatcher.dispatch(HddsDispatcher.java:148) ~[classes/:?]
	at org.apache.hadoop.ozone.container.common.transport.server.ratis.ContainerStateMachine.dispatchCommand(ContainerStateMachine.java:346) ~[classes/:?]
	at org.apache.hadoop.ozone.container.common.transport.server.ratis.ContainerStateMachine.runCommand(ContainerStateMachine.java:353) ~[classes/:?]
	at org.apache.hadoop.ozone.container.common.transport.server.ratis.ContainerStateMachine.lambda$applyTransaction$5(ContainerStateMachine.java:620) ~[classes/:?]
	at java.util.concurrent.CompletableFuture$AsyncSupply.run(CompletableFuture.java:1590) [?:1.8.0_212]
	at java.util.concurrent.ThreadPoolExecutor.runWorker(ThreadPoolExecutor.java:1149) [?:1.8.0_212]
	at java.util.concurrent.ThreadPoolExecutor$Worker.run(ThreadPoolExecutor.java:624) [?:1.8.0_212]
	at java.lang.Thread.run(Thread.java:748) [?:1.8.0_212]
2019-07-08 10:53:20,416 INFO  impl.HddsDispatcher (ContainerUtils.java:logAndReturnError(146)) - Operation: WriteChunk : Trace ID: 3b0d0844f28e87a3:3aca6e5a87e962a9:b9172426d23e7376:0 : Message: ContainerID 6 does not exist : Result: CONTAINER_NOT_FOUND
10:53:20.417 [pool-54-thread-1] ERROR DNAudit - user=null | ip=null | op=PUT_BLOCK {blockData=[blockId=conID: 6 locID: 102405452516032521 bcsId: 0,size=1048576]} | ret=FAILURE
org.apache.hadoop.hdds.scm.container.common.helpers.StorageContainerException: ContainerID 6 does not exist
	at org.apache.hadoop.ozone.container.common.impl.HddsDispatcher.dispatchRequest(HddsDispatcher.java:242) ~[classes/:?]
	at org.apache.hadoop.ozone.container.common.impl.HddsDispatcher.dispatch(HddsDispatcher.java:148) ~[classes/:?]
	at org.apache.hadoop.ozone.container.common.transport.server.ratis.ContainerStateMachine.dispatchCommand(ContainerStateMachine.java:346) ~[classes/:?]
	at org.apache.hadoop.ozone.container.common.transport.server.ratis.ContainerStateMachine.runCommand(ContainerStateMachine.java:353) ~[classes/:?]
	at org.apache.hadoop.ozone.container.common.transport.server.ratis.ContainerStateMachine.lambda$applyTransaction$5(ContainerStateMachine.java:620) ~[classes/:?]
	at java.util.concurrent.CompletableFuture$AsyncSupply.run(CompletableFuture.java:1590) [?:1.8.0_212]
	at java.util.concurrent.ThreadPoolExecutor.runWorker(ThreadPoolExecutor.java:1149) [?:1.8.0_212]
	at java.util.concurrent.ThreadPoolExecutor$Worker.run(ThreadPoolExecutor.java:624) [?:1.8.0_212]
	at java.lang.Thread.run(Thread.java:748) [?:1.8.0_212]
2019-07-08 10:53:20,417 INFO  impl.HddsDispatcher (ContainerUtils.java:logAndReturnError(146)) - Operation: PutBlock : Trace ID: 3b0d0844f28e87a3:82a1e5b5fa7166e9:b9172426d23e7376:0 : Message: ContainerID 6 does not exist : Result: CONTAINER_NOT_FOUND
2019-07-08 10:53:20,418 INFO  client.GrpcClientProtocolClient (GrpcClientProtocolClient.java:onNext(255)) - client-3C244434A2EF->d2a7922a-3325-45ed-a3bc-86b1445bcdee: receive RaftClientReply:client-3C244434A2EF->d2a7922a-3325-45ed-a3bc-86b1445bcdee@group-CBA66B0D1CF3, cid=78, SUCCESS, logIndex=33, commits[d2a7922a-3325-45ed-a3bc-86b1445bcdee:c36, 9ba5f608-63ba-4f3a-8360-c7790c938c5c:c28, cf5aed27-0fe5-4f89-9e99-98cd6c6840c6:c32]
10:53:20.418 [pool-54-thread-1] ERROR DNAudit - user=null | ip=null | op=WRITE_CHUNK {blockData=conID: 6 locID: 102405452516032521 bcsId: 0} | ret=FAILURE
org.apache.hadoop.hdds.scm.container.common.helpers.StorageContainerException: ContainerID 6 does not exist
	at org.apache.hadoop.ozone.container.common.impl.HddsDispatcher.dispatchRequest(HddsDispatcher.java:242) ~[classes/:?]
	at org.apache.hadoop.ozone.container.common.impl.HddsDispatcher.dispatch(HddsDispatcher.java:148) ~[classes/:?]
	at org.apache.hadoop.ozone.container.common.transport.server.ratis.ContainerStateMachine.dispatchCommand(ContainerStateMachine.java:346) ~[classes/:?]
	at org.apache.hadoop.ozone.container.common.transport.server.ratis.ContainerStateMachine.runCommand(ContainerStateMachine.java:353) ~[classes/:?]
	at org.apache.hadoop.ozone.container.common.transport.server.ratis.ContainerStateMachine.lambda$applyTransaction$5(ContainerStateMachine.java:620) ~[classes/:?]
	at java.util.concurrent.CompletableFuture$AsyncSupply.run(CompletableFuture.java:1590) [?:1.8.0_212]
	at java.util.concurrent.ThreadPoolExecutor.runWorker(ThreadPoolExecutor.java:1149) [?:1.8.0_212]
	at java.util.concurrent.ThreadPoolExecutor$Worker.run(ThreadPoolExecutor.java:624) [?:1.8.0_212]
	at java.lang.Thread.run(Thread.java:748) [?:1.8.0_212]
2019-07-08 10:53:20,418 INFO  impl.HddsDispatcher (ContainerUtils.java:logAndReturnError(146)) - Operation: WriteChunk : Trace ID: 3b0d0844f28e87a3:dcff8d1708dbeb62:b9172426d23e7376:0 : Message: ContainerID 6 does not exist : Result: CONTAINER_NOT_FOUND
2019-07-08 10:53:20,419 INFO  client.GrpcClientProtocolClient (GrpcClientProtocolClient.java:onNext(255)) - client-3C244434A2EF->d2a7922a-3325-45ed-a3bc-86b1445bcdee: receive RaftClientReply:client-3C244434A2EF->d2a7922a-3325-45ed-a3bc-86b1445bcdee@group-CBA66B0D1CF3, cid=79, SUCCESS, logIndex=34, commits[d2a7922a-3325-45ed-a3bc-86b1445bcdee:c36, 9ba5f608-63ba-4f3a-8360-c7790c938c5c:c28, cf5aed27-0fe5-4f89-9e99-98cd6c6840c6:c32]
10:53:20.419 [pool-54-thread-1] ERROR DNAudit - user=null | ip=null | op=PUT_BLOCK {blockData=[blockId=conID: 6 locID: 102405452516032521 bcsId: 0,size=2097152]} | ret=FAILURE
org.apache.hadoop.hdds.scm.container.common.helpers.StorageContainerException: ContainerID 6 does not exist
	at org.apache.hadoop.ozone.container.common.impl.HddsDispatcher.dispatchRequest(HddsDispatcher.java:242) ~[classes/:?]
	at org.apache.hadoop.ozone.container.common.impl.HddsDispatcher.dispatch(HddsDispatcher.java:148) ~[classes/:?]
	at org.apache.hadoop.ozone.container.common.transport.server.ratis.ContainerStateMachine.dispatchCommand(ContainerStateMachine.java:346) ~[classes/:?]
	at org.apache.hadoop.ozone.container.common.transport.server.ratis.ContainerStateMachine.runCommand(ContainerStateMachine.java:353) ~[classes/:?]
	at org.apache.hadoop.ozone.container.common.transport.server.ratis.ContainerStateMachine.lambda$applyTransaction$5(ContainerStateMachine.java:620) ~[classes/:?]
	at java.util.concurrent.CompletableFuture$AsyncSupply.run(CompletableFuture.java:1590) [?:1.8.0_212]
	at java.util.concurrent.ThreadPoolExecutor.runWorker(ThreadPoolExecutor.java:1149) [?:1.8.0_212]
	at java.util.concurrent.ThreadPoolExecutor$Worker.run(ThreadPoolExecutor.java:624) [?:1.8.0_212]
	at java.lang.Thread.run(Thread.java:748) [?:1.8.0_212]
2019-07-08 10:53:20,419 INFO  impl.HddsDispatcher (ContainerUtils.java:logAndReturnError(146)) - Operation: PutBlock : Trace ID: 3b0d0844f28e87a3:976207bf5a61662e:b9172426d23e7376:0 : Message: ContainerID 6 does not exist : Result: CONTAINER_NOT_FOUND
2019-07-08 10:53:20,420 INFO  client.GrpcClientProtocolClient (GrpcClientProtocolClient.java:onNext(255)) - client-3C244434A2EF->d2a7922a-3325-45ed-a3bc-86b1445bcdee: receive RaftClientReply:client-3C244434A2EF->d2a7922a-3325-45ed-a3bc-86b1445bcdee@group-CBA66B0D1CF3, cid=80, SUCCESS, logIndex=35, commits[d2a7922a-3325-45ed-a3bc-86b1445bcdee:c36, 9ba5f608-63ba-4f3a-8360-c7790c938c5c:c28, cf5aed27-0fe5-4f89-9e99-98cd6c6840c6:c32]
2019-07-08 10:53:20,420 ERROR storage.BlockOutputStream (BlockOutputStream.java:validateResponse(538)) - Unexpected Storage Container Exception: 
org.apache.hadoop.hdds.scm.container.common.helpers.StorageContainerException: ContainerID 6 does not exist
	at org.apache.hadoop.hdds.scm.storage.ContainerProtocolCalls.validateContainerResponse(ContainerProtocolCalls.java:536)
	at org.apache.hadoop.hdds.scm.storage.BlockOutputStream.validateResponse(BlockOutputStream.java:536)
	at org.apache.hadoop.hdds.scm.storage.BlockOutputStream.lambda$writeChunkToContainer$2(BlockOutputStream.java:614)
	at java.util.concurrent.CompletableFuture.uniApply(CompletableFuture.java:602)
	at java.util.concurrent.CompletableFuture$UniApply.tryFire(CompletableFuture.java:577)
	at java.util.concurrent.CompletableFuture$Completion.run(CompletableFuture.java:442)
	at java.util.concurrent.ThreadPoolExecutor.runWorker(ThreadPoolExecutor.java:1149)
	at java.util.concurrent.ThreadPoolExecutor$Worker.run(ThreadPoolExecutor.java:624)
	at java.lang.Thread.run(Thread.java:748)
2019-07-08 10:53:20,421 INFO  client.GrpcClientProtocolClient (GrpcClientProtocolClient.java:onNext(255)) - client-3C244434A2EF->d2a7922a-3325-45ed-a3bc-86b1445bcdee: receive RaftClientReply:client-3C244434A2EF->d2a7922a-3325-45ed-a3bc-86b1445bcdee@group-CBA66B0D1CF3, cid=81, SUCCESS, logIndex=36, commits[d2a7922a-3325-45ed-a3bc-86b1445bcdee:c36, 9ba5f608-63ba-4f3a-8360-c7790c938c5c:c28, cf5aed27-0fe5-4f89-9e99-98cd6c6840c6:c32]
10:53:20.426 [pool-33-thread-1] ERROR DNAudit - user=null | ip=null | op=WRITE_CHUNK {blockData=conID: 6 locID: 102405452516032521 bcsId: 0} | ret=FAILURE
org.apache.hadoop.hdds.scm.container.common.helpers.StorageContainerException: ContainerID 6 does not exist
	at org.apache.hadoop.ozone.container.common.impl.HddsDispatcher.dispatchRequest(HddsDispatcher.java:242) ~[classes/:?]
	at org.apache.hadoop.ozone.container.common.impl.HddsDispatcher.dispatch(HddsDispatcher.java:148) ~[classes/:?]
	at org.apache.hadoop.ozone.container.common.transport.server.ratis.ContainerStateMachine.dispatchCommand(ContainerStateMachine.java:346) ~[classes/:?]
	at org.apache.hadoop.ozone.container.common.transport.server.ratis.ContainerStateMachine.runCommand(ContainerStateMachine.java:353) ~[classes/:?]
	at org.apache.hadoop.ozone.container.common.transport.server.ratis.ContainerStateMachine.lambda$applyTransaction$5(ContainerStateMachine.java:620) ~[classes/:?]
	at java.util.concurrent.CompletableFuture$AsyncSupply.run(CompletableFuture.java:1590) [?:1.8.0_212]
	at java.util.concurrent.ThreadPoolExecutor.runWorker(ThreadPoolExecutor.java:1149) [?:1.8.0_212]
	at java.util.concurrent.ThreadPoolExecutor$Worker.run(ThreadPoolExecutor.java:624) [?:1.8.0_212]
	at java.lang.Thread.run(Thread.java:748) [?:1.8.0_212]
2019-07-08 10:53:20,426 ERROR freon.RandomKeyGenerator (RandomKeyGenerator.java:run(718)) - Exception while adding key: key-0-85063 in bucket: bucket-0-34383 of volume: vol-0-90343.
java.io.IOException: Unexpected Storage Container Exception: org.apache.hadoop.hdds.scm.container.common.helpers.StorageContainerException: ContainerID 6 does not exist
	at org.apache.hadoop.hdds.scm.storage.BlockOutputStream.setIoException(BlockOutputStream.java:548)
	at org.apache.hadoop.hdds.scm.storage.BlockOutputStream.validateResponse(BlockOutputStream.java:539)
	at org.apache.hadoop.hdds.scm.storage.BlockOutputStream.lambda$writeChunkToContainer$2(BlockOutputStream.java:614)
	at java.util.concurrent.CompletableFuture.uniApply(CompletableFuture.java:602)
	at java.util.concurrent.CompletableFuture$UniApply.tryFire(CompletableFuture.java:577)
	at java.util.concurrent.CompletableFuture$Completion.run(CompletableFuture.java:442)
	at java.util.concurrent.ThreadPoolExecutor.runWorker(ThreadPoolExecutor.java:1149)
	at java.util.concurrent.ThreadPoolExecutor$Worker.run(ThreadPoolExecutor.java:624)
	at java.lang.Thread.run(Thread.java:748)
Caused by: org.apache.hadoop.hdds.scm.container.common.helpers.StorageContainerException: ContainerID 6 does not exist
	at org.apache.hadoop.hdds.scm.storage.ContainerProtocolCalls.validateContainerResponse(ContainerProtocolCalls.java:536)
	at org.apache.hadoop.hdds.scm.storage.BlockOutputStream.validateResponse(BlockOutputStream.java:536)
	... 7 more
2019-07-08 10:53:20,427 INFO  impl.HddsDispatcher (ContainerUtils.java:logAndReturnError(146)) - Operation: WriteChunk : Trace ID: 3b0d0844f28e87a3:3aca6e5a87e962a9:b9172426d23e7376:0 : Message: ContainerID 6 does not exist : Result: CONTAINER_NOT_FOUND
10:53:20.428 [pool-33-thread-1] ERROR DNAudit - user=null | ip=null | op=PUT_BLOCK {blockData=[blockId=conID: 6 locID: 102405452516032521 bcsId: 0,size=1048576]} | ret=FAILURE
org.apache.hadoop.hdds.scm.container.common.helpers.StorageContainerException: ContainerID 6 does not exist
	at org.apache.hadoop.ozone.container.common.impl.HddsDispatcher.dispatchRequest(HddsDispatcher.java:242) ~[classes/:?]
	at org.apache.hadoop.ozone.container.common.impl.HddsDispatcher.dispatch(HddsDispatcher.java:148) ~[classes/:?]
	at org.apache.hadoop.ozone.container.common.transport.server.ratis.ContainerStateMachine.dispatchCommand(ContainerStateMachine.java:346) ~[classes/:?]
	at org.apache.hadoop.ozone.container.common.transport.server.ratis.ContainerStateMachine.runCommand(ContainerStateMachine.java:353) ~[classes/:?]
	at org.apache.hadoop.ozone.container.common.transport.server.ratis.ContainerStateMachine.lambda$applyTransaction$5(ContainerStateMachine.java:620) ~[classes/:?]
	at java.util.concurrent.CompletableFuture$AsyncSupply.run(CompletableFuture.java:1590) [?:1.8.0_212]
	at java.util.concurrent.ThreadPoolExecutor.runWorker(ThreadPoolExecutor.java:1149) [?:1.8.0_212]
	at java.util.concurrent.ThreadPoolExecutor$Worker.run(ThreadPoolExecutor.java:624) [?:1.8.0_212]
	at java.lang.Thread.run(Thread.java:748) [?:1.8.0_212]
2019-07-08 10:53:20,428 INFO  impl.HddsDispatcher (ContainerUtils.java:logAndReturnError(146)) - Operation: PutBlock : Trace ID: 3b0d0844f28e87a3:82a1e5b5fa7166e9:b9172426d23e7376:0 : Message: ContainerID 6 does not exist : Result: CONTAINER_NOT_FOUND
10:53:20.428 [pool-33-thread-1] ERROR DNAudit - user=null | ip=null | op=WRITE_CHUNK {blockData=conID: 6 locID: 102405452516032521 bcsId: 0} | ret=FAILURE
org.apache.hadoop.hdds.scm.container.common.helpers.StorageContainerException: ContainerID 6 does not exist
	at org.apache.hadoop.ozone.container.common.impl.HddsDispatcher.dispatchRequest(HddsDispatcher.java:242) ~[classes/:?]
	at org.apache.hadoop.ozone.container.common.impl.HddsDispatcher.dispatch(HddsDispatcher.java:148) ~[classes/:?]
	at org.apache.hadoop.ozone.container.common.transport.server.ratis.ContainerStateMachine.dispatchCommand(ContainerStateMachine.java:346) ~[classes/:?]
	at org.apache.hadoop.ozone.container.common.transport.server.ratis.ContainerStateMachine.runCommand(ContainerStateMachine.java:353) ~[classes/:?]
	at org.apache.hadoop.ozone.container.common.transport.server.ratis.ContainerStateMachine.lambda$applyTransaction$5(ContainerStateMachine.java:620) ~[classes/:?]
	at java.util.concurrent.CompletableFuture$AsyncSupply.run(CompletableFuture.java:1590) [?:1.8.0_212]
	at java.util.concurrent.ThreadPoolExecutor.runWorker(ThreadPoolExecutor.java:1149) [?:1.8.0_212]
	at java.util.concurrent.ThreadPoolExecutor$Worker.run(ThreadPoolExecutor.java:624) [?:1.8.0_212]
	at java.lang.Thread.run(Thread.java:748) [?:1.8.0_212]
2019-07-08 10:53:20,429 INFO  impl.HddsDispatcher (ContainerUtils.java:logAndReturnError(146)) - Operation: WriteChunk : Trace ID: 3b0d0844f28e87a3:dcff8d1708dbeb62:b9172426d23e7376:0 : Message: ContainerID 6 does not exist : Result: CONTAINER_NOT_FOUND
10:53:20.429 [pool-33-thread-1] ERROR DNAudit - user=null | ip=null | op=PUT_BLOCK {blockData=[blockId=conID: 6 locID: 102405452516032521 bcsId: 0,size=2097152]} | ret=FAILURE
org.apache.hadoop.hdds.scm.container.common.helpers.StorageContainerException: ContainerID 6 does not exist
	at org.apache.hadoop.ozone.container.common.impl.HddsDispatcher.dispatchRequest(HddsDispatcher.java:242) ~[classes/:?]
	at org.apache.hadoop.ozone.container.common.impl.HddsDispatcher.dispatch(HddsDispatcher.java:148) ~[classes/:?]
	at org.apache.hadoop.ozone.container.common.transport.server.ratis.ContainerStateMachine.dispatchCommand(ContainerStateMachine.java:346) ~[classes/:?]
	at org.apache.hadoop.ozone.container.common.transport.server.ratis.ContainerStateMachine.runCommand(ContainerStateMachine.java:353) ~[classes/:?]
	at org.apache.hadoop.ozone.container.common.transport.server.ratis.ContainerStateMachine.lambda$applyTransaction$5(ContainerStateMachine.java:620) ~[classes/:?]
	at java.util.concurrent.CompletableFuture$AsyncSupply.run(CompletableFuture.java:1590) [?:1.8.0_212]
	at java.util.concurrent.ThreadPoolExecutor.runWorker(ThreadPoolExecutor.java:1149) [?:1.8.0_212]
	at java.util.concurrent.ThreadPoolExecutor$Worker.run(ThreadPoolExecutor.java:624) [?:1.8.0_212]
	at java.lang.Thread.run(Thread.java:748) [?:1.8.0_212]
2019-07-08 10:53:20,430 INFO  impl.HddsDispatcher (ContainerUtils.java:logAndReturnError(146)) - Operation: PutBlock : Trace ID: 3b0d0844f28e87a3:976207bf5a61662e:b9172426d23e7376:0 : Message: ContainerID 6 does not exist : Result: CONTAINER_NOT_FOUND
 0.00% |█                                                                                                    |  0/1 Time: 0:00:02 0.00% |█                                                                                                    |  0/1 Time: 0:00:03 0.00% |█                                                                                                    |  0/1 Time: 0:00:04 100.00% |█████████████████████████████████████████████████████████████████████████████████████████████████████|  1/1 Time: 0:00:05
]]></system-out>
    <system-err><![CDATA[ERROR StatusLogger No Log4j 2 configuration file found. Using default configuration (logging only errors to the console), or user programmatically provided configurations. Set system property 'log4j2.debug' to show Log4j 2 internal initialization logging. See https://logging.apache.org/log4j/2.x/manual/configuration.html for instructions on how to configure Log4j 2
Jul 08, 2019 10:53:02 AM com.sun.jersey.server.impl.application.WebApplicationImpl _initiate
INFO: Initiating Jersey application, version 'Jersey: 1.19 02/11/2015 03:25 AM'
Jul 08, 2019 10:53:03 AM com.sun.jersey.server.impl.application.WebApplicationImpl _initiate
INFO: Initiating Jersey application, version 'Jersey: 1.19 02/11/2015 03:25 AM'
Jul 08, 2019 10:53:04 AM com.sun.jersey.server.impl.application.WebApplicationImpl _initiate
INFO: Initiating Jersey application, version 'Jersey: 1.19 02/11/2015 03:25 AM'
]]></system-err>
  </testcase>
</testsuite>