<?xml version="1.0" encoding="UTF-8"?>
<testsuite xmlns:xsi="http://www.w3.org/2001/XMLSchema-instance" xsi:noNamespaceSchemaLocation="https://maven.apache.org/surefire/maven-surefire-plugin/xsd/surefire-test-report.xsd" name="org.apache.hadoop.ozone.client.rpc.TestBlockOutputStreamWithFailures" time="682.157" tests="8" errors="0" skipped="0" failures="1">
  <properties>
    <property name="awt.toolkit" value="sun.awt.X11.XToolkit"/>
    <property name="file.encoding.pkg" value="sun.io"/>
    <property name="java.specification.version" value="1.8"/>
    <property name="sun.cpu.isalist" value=""/>
    <property name="sun.jnu.encoding" value="UTF-8"/>
    <property name="java.class.path" value="/workdir/hadoop-ozone/integration-test/target/test-classes:/workdir/hadoop-ozone/integration-test/target/classes:/home/user/.m2/repository/org/apache/hadoop/hadoop-ozone-common/0.5.0-SNAPSHOT/hadoop-ozone-common-0.5.0-SNAPSHOT.jar:/home/user/.m2/repository/org/apache/commons/commons-compress/1.4.1/commons-compress-1.4.1.jar:/home/user/.m2/repository/org/tukaani/xz/1.0/xz-1.0.jar:/home/user/.m2/repository/org/apache/hadoop/hadoop-common/3.2.0/hadoop-common-3.2.0.jar:/home/user/.m2/repository/org/apache/hadoop/hadoop-hdfs/3.2.0/hadoop-hdfs-3.2.0.jar:/home/user/.m2/repository/org/apache/hadoop/hadoop-hdfs-client/3.2.0/hadoop-hdfs-client-3.2.0.jar:/home/user/.m2/repository/com/fasterxml/jackson/core/jackson-annotations/2.9.5/jackson-annotations-2.9.5.jar:/home/user/.m2/repository/org/apache/hadoop/hadoop-hdds-common/0.5.0-SNAPSHOT/hadoop-hdds-common-0.5.0-SNAPSHOT.jar:/home/user/.m2/repository/javax/annotation/javax.annotation-api/1.2/javax.annotation-api-1.2.jar:/home/user/.m2/repository/org/apache/ratis/ratis-server/0.4.0-78e95b9-SNAPSHOT/ratis-server-0.4.0-78e95b9-SNAPSHOT.jar:/home/user/.m2/repository/org/apache/ratis/ratis-thirdparty-misc/0.2.0/ratis-thirdparty-misc-0.2.0.jar:/home/user/.m2/repository/org/apache/ratis/ratis-proto/0.4.0-78e95b9-SNAPSHOT/ratis-proto-0.4.0-78e95b9-SNAPSHOT.jar:/home/user/.m2/repository/org/apache/ratis/ratis-common/0.4.0-78e95b9-SNAPSHOT/ratis-common-0.4.0-78e95b9-SNAPSHOT.jar:/home/user/.m2/repository/org/apache/ratis/ratis-client/0.4.0-78e95b9-SNAPSHOT/ratis-client-0.4.0-78e95b9-SNAPSHOT.jar:/home/user/.m2/repository/org/apache/ratis/ratis-metrics/0.4.0-78e95b9-SNAPSHOT/ratis-metrics-0.4.0-78e95b9-SNAPSHOT.jar:/home/user/.m2/repository/com/github/joshelser/dropwizard-metrics-hadoop-metrics2-reporter/0.1.2/dropwizard-metrics-hadoop-metrics2-reporter-0.1.2.jar:/home/user/.m2/repository/io/dropwizard/metrics/metrics-jvm/3.2.5/metrics-jvm-3.2.5.jar:/home/user/.m2/repository/io/dropwizard/metrics/metrics-ganglia/3.2.5/metrics-ganglia-3.2.5.jar:/home/user/.m2/repository/info/ganglia/gmetric4j/gmetric4j/1.0.7/gmetric4j-1.0.7.jar:/home/user/.m2/repository/org/apache/ratis/ratis-netty/0.4.0-78e95b9-SNAPSHOT/ratis-netty-0.4.0-78e95b9-SNAPSHOT.jar:/home/user/.m2/repository/org/apache/ratis/ratis-grpc/0.4.0-78e95b9-SNAPSHOT/ratis-grpc-0.4.0-78e95b9-SNAPSHOT.jar:/home/user/.m2/repository/org/rocksdb/rocksdbjni/6.0.1/rocksdbjni-6.0.1.jar:/home/user/.m2/repository/org/apache/logging/log4j/log4j-api/2.11.0/log4j-api-2.11.0.jar:/home/user/.m2/repository/org/apache/logging/log4j/log4j-core/2.11.0/log4j-core-2.11.0.jar:/home/user/.m2/repository/com/lmax/disruptor/3.4.2/disruptor-3.4.2.jar:/home/user/.m2/repository/org/apache/commons/commons-pool2/2.6.0/commons-pool2-2.6.0.jar:/home/user/.m2/repository/org/bouncycastle/bcpkix-jdk15on/1.60/bcpkix-jdk15on-1.60.jar:/home/user/.m2/repository/commons-validator/commons-validator/1.6/commons-validator-1.6.jar:/home/user/.m2/repository/commons-digester/commons-digester/1.8.1/commons-digester-1.8.1.jar:/home/user/.m2/repository/io/jaegertracing/jaeger-client/0.33.1/jaeger-client-0.33.1.jar:/home/user/.m2/repository/io/jaegertracing/jaeger-thrift/0.33.1/jaeger-thrift-0.33.1.jar:/home/user/.m2/repository/org/apache/thrift/libthrift/0.11.0/libthrift-0.11.0.jar:/home/user/.m2/repository/com/squareup/okhttp3/okhttp/3.9.0/okhttp-3.9.0.jar:/home/user/.m2/repository/com/squareup/okio/okio/1.13.0/okio-1.13.0.jar:/home/user/.m2/repository/io/jaegertracing/jaeger-core/0.33.1/jaeger-core-0.33.1.jar:/home/user/.m2/repository/io/jaegertracing/jaeger-tracerresolver/0.33.1/jaeger-tracerresolver-0.33.1.jar:/home/user/.m2/repository/io/opentracing/contrib/opentracing-tracerresolver/0.1.5/opentracing-tracerresolver-0.1.5.jar:/home/user/.m2/repository/io/opentracing/opentracing-util/0.31.0/opentracing-util-0.31.0.jar:/home/user/.m2/repository/io/opentracing/opentracing-api/0.31.0/opentracing-api-0.31.0.jar:/home/user/.m2/repository/io/opentracing/opentracing-noop/0.31.0/opentracing-noop-0.31.0.jar:/home/user/.m2/repository/org/apache/hadoop/hadoop-hdds-server-framework/0.5.0-SNAPSHOT/hadoop-hdds-server-framework-0.5.0-SNAPSHOT.jar:/home/user/.m2/repository/org/apache/hadoop/hadoop-hdds-container-service/0.5.0-SNAPSHOT/hadoop-hdds-container-service-0.5.0-SNAPSHOT.jar:/home/user/.m2/repository/org/apache/hadoop/hadoop-hdds-client/0.5.0-SNAPSHOT/hadoop-hdds-client-0.5.0-SNAPSHOT.jar:/home/user/.m2/repository/org/apache/hadoop/hadoop-hdds-tools/0.5.0-SNAPSHOT/hadoop-hdds-tools-0.5.0-SNAPSHOT.jar:/home/user/.m2/repository/org/apache/hadoop/hadoop-hdds-server-scm/0.5.0-SNAPSHOT/hadoop-hdds-server-scm-0.5.0-SNAPSHOT.jar:/home/user/.m2/repository/org/apache/hadoop/hadoop-hdds-docs/0.5.0-SNAPSHOT/hadoop-hdds-docs-0.5.0-SNAPSHOT.jar:/home/user/.m2/repository/io/dropwizard/metrics/metrics-core/3.2.4/metrics-core-3.2.4.jar:/home/user/.m2/repository/org/hamcrest/hamcrest-all/1.3/hamcrest-all-1.3.jar:/home/user/.m2/repository/org/bouncycastle/bcprov-jdk15on/1.60/bcprov-jdk15on-1.60.jar:/home/user/.m2/repository/info/picocli/picocli/3.9.6/picocli-3.9.6.jar:/home/user/.m2/repository/com/google/protobuf/protobuf-java/2.5.0/protobuf-java-2.5.0.jar:/home/user/.m2/repository/com/google/guava/guava/11.0.2/guava-11.0.2.jar:/home/user/.m2/repository/org/apache/hadoop/hadoop-ozone-ozone-manager/0.5.0-SNAPSHOT/hadoop-ozone-ozone-manager-0.5.0-SNAPSHOT.jar:/home/user/.m2/repository/org/apache/hadoop/hadoop-minikdc/3.2.0/hadoop-minikdc-3.2.0.jar:/home/user/.m2/repository/commons-io/commons-io/2.5/commons-io-2.5.jar:/home/user/.m2/repository/org/apache/kerby/kerb-simplekdc/1.0.1/kerb-simplekdc-1.0.1.jar:/home/user/.m2/repository/org/apache/kerby/kerb-client/1.0.1/kerb-client-1.0.1.jar:/home/user/.m2/repository/org/apache/kerby/kerby-config/1.0.1/kerby-config-1.0.1.jar:/home/user/.m2/repository/org/apache/kerby/kerb-core/1.0.1/kerb-core-1.0.1.jar:/home/user/.m2/repository/org/apache/kerby/kerby-pkix/1.0.1/kerby-pkix-1.0.1.jar:/home/user/.m2/repository/org/apache/kerby/kerby-asn1/1.0.1/kerby-asn1-1.0.1.jar:/home/user/.m2/repository/org/apache/kerby/kerby-util/1.0.1/kerby-util-1.0.1.jar:/home/user/.m2/repository/org/apache/kerby/kerb-common/1.0.1/kerb-common-1.0.1.jar:/home/user/.m2/repository/org/apache/kerby/kerb-crypto/1.0.1/kerb-crypto-1.0.1.jar:/home/user/.m2/repository/org/apache/kerby/kerb-util/1.0.1/kerb-util-1.0.1.jar:/home/user/.m2/repository/org/apache/kerby/token-provider/1.0.1/token-provider-1.0.1.jar:/home/user/.m2/repository/org/apache/kerby/kerb-admin/1.0.1/kerb-admin-1.0.1.jar:/home/user/.m2/repository/org/apache/kerby/kerb-server/1.0.1/kerb-server-1.0.1.jar:/home/user/.m2/repository/org/apache/kerby/kerb-identity/1.0.1/kerb-identity-1.0.1.jar:/home/user/.m2/repository/org/apache/kerby/kerby-xdr/1.0.1/kerby-xdr-1.0.1.jar:/home/user/.m2/repository/org/slf4j/slf4j-log4j12/1.7.25/slf4j-log4j12-1.7.25.jar:/home/user/.m2/repository/org/apache/hadoop/hadoop-ozone-s3gateway/0.5.0-SNAPSHOT/hadoop-ozone-s3gateway-0.5.0-SNAPSHOT.jar:/home/user/.m2/repository/org/jboss/weld/servlet/weld-servlet/2.4.7.Final/weld-servlet-2.4.7.Final.jar:/home/user/.m2/repository/org/glassfish/jersey/containers/jersey-container-servlet-core/2.27/jersey-container-servlet-core-2.27.jar:/home/user/.m2/repository/org/glassfish/hk2/external/javax.inject/2.5.0-b42/javax.inject-2.5.0-b42.jar:/home/user/.m2/repository/org/glassfish/jersey/core/jersey-common/2.27/jersey-common-2.27.jar:/home/user/.m2/repository/org/glassfish/hk2/osgi-resource-locator/1.0.1/osgi-resource-locator-1.0.1.jar:/home/user/.m2/repository/javax/ws/rs/javax.ws.rs-api/2.1/javax.ws.rs-api-2.1.jar:/home/user/.m2/repository/org/glassfish/jersey/ext/cdi/jersey-cdi1x/2.27/jersey-cdi1x-2.27.jar:/home/user/.m2/repository/org/glassfish/jersey/inject/jersey-hk2/2.27/jersey-hk2-2.27.jar:/home/user/.m2/repository/org/glassfish/hk2/hk2-locator/2.5.0-b42/hk2-locator-2.5.0-b42.jar:/home/user/.m2/repository/org/javassist/javassist/3.22.0-CR2/javassist-3.22.0-CR2.jar:/home/user/.m2/repository/org/glassfish/hk2/hk2-api/2.5.0/hk2-api-2.5.0.jar:/home/user/.m2/repository/org/glassfish/hk2/external/jakarta.inject/2.5.0/jakarta.inject-2.5.0.jar:/home/user/.m2/repository/org/glassfish/hk2/hk2-utils/2.5.0/hk2-utils-2.5.0.jar:/home/user/.m2/repository/jakarta/annotation/jakarta.annotation-api/1.3.4/jakarta.annotation-api-1.3.4.jar:/home/user/.m2/repository/org/glassfish/hk2/external/aopalliance-repackaged/2.5.0/aopalliance-repackaged-2.5.0.jar:/home/user/.m2/repository/com/fasterxml/jackson/dataformat/jackson-dataformat-xml/2.9.0/jackson-dataformat-xml-2.9.0.jar:/home/user/.m2/repository/com/fasterxml/jackson/core/jackson-core/2.9.5/jackson-core-2.9.5.jar:/home/user/.m2/repository/com/fasterxml/jackson/module/jackson-module-jaxb-annotations/2.9.5/jackson-module-jaxb-annotations-2.9.5.jar:/home/user/.m2/repository/javax/enterprise/cdi-api/1.2/cdi-api-1.2.jar:/home/user/.m2/repository/javax/el/javax.el-api/3.0.0/javax.el-api-3.0.0.jar:/home/user/.m2/repository/javax/interceptor/javax.interceptor-api/1.2/javax.interceptor-api-1.2.jar:/home/user/.m2/repository/javax/inject/javax.inject/1/javax.inject-1.jar:/home/user/.m2/repository/com/sun/xml/bind/jaxb-impl/2.3.0.1/jaxb-impl-2.3.0.1.jar:/home/user/.m2/repository/com/sun/xml/bind/jaxb-core/2.3.0.1/jaxb-core-2.3.0.1.jar:/home/user/.m2/repository/javax/xml/bind/jaxb-api/2.3.0/jaxb-api-2.3.0.jar:/home/user/.m2/repository/javax/activation/activation/1.1.1/activation-1.1.1.jar:/home/user/.m2/repository/org/apache/hadoop/hadoop-ozone-csi/0.5.0-SNAPSHOT/hadoop-ozone-csi-0.5.0-SNAPSHOT.jar:/home/user/.m2/repository/com/google/protobuf/protobuf-java-util/3.5.1/protobuf-java-util-3.5.1.jar:/home/user/.m2/repository/org/apache/hadoop/hadoop-hdds-config/0.5.0-SNAPSHOT/hadoop-hdds-config-0.5.0-SNAPSHOT.jar:/home/user/.m2/repository/io/grpc/grpc-netty/1.17.1/grpc-netty-1.17.1.jar:/home/user/.m2/repository/io/grpc/grpc-core/1.17.1/grpc-core-1.17.1.jar:/home/user/.m2/repository/io/grpc/grpc-context/1.17.1/grpc-context-1.17.1.jar:/home/user/.m2/repository/com/google/errorprone/error_prone_annotations/2.2.0/error_prone_annotations-2.2.0.jar:/home/user/.m2/repository/org/codehaus/mojo/animal-sniffer-annotations/1.17/animal-sniffer-annotations-1.17.jar:/home/user/.m2/repository/io/opencensus/opencensus-api/0.17.0/opencensus-api-0.17.0.jar:/home/user/.m2/repository/io/opencensus/opencensus-contrib-grpc-metrics/0.17.0/opencensus-contrib-grpc-metrics-0.17.0.jar:/home/user/.m2/repository/io/netty/netty-codec-http2/4.1.30.Final/netty-codec-http2-4.1.30.Final.jar:/home/user/.m2/repository/io/netty/netty-codec-http/4.1.30.Final/netty-codec-http-4.1.30.Final.jar:/home/user/.m2/repository/io/netty/netty-codec/4.1.30.Final/netty-codec-4.1.30.Final.jar:/home/user/.m2/repository/io/netty/netty-handler/4.1.30.Final/netty-handler-4.1.30.Final.jar:/home/user/.m2/repository/io/netty/netty-handler-proxy/4.1.30.Final/netty-handler-proxy-4.1.30.Final.jar:/home/user/.m2/repository/io/netty/netty-codec-socks/4.1.30.Final/netty-codec-socks-4.1.30.Final.jar:/home/user/.m2/repository/io/netty/netty-transport-native-epoll/4.1.30.Final/netty-transport-native-epoll-4.1.30.Final.jar:/home/user/.m2/repository/io/netty/netty-common/4.1.30.Final/netty-common-4.1.30.Final.jar:/home/user/.m2/repository/io/netty/netty-buffer/4.1.30.Final/netty-buffer-4.1.30.Final.jar:/home/user/.m2/repository/io/netty/netty-transport/4.1.30.Final/netty-transport-4.1.30.Final.jar:/home/user/.m2/repository/io/netty/netty-resolver/4.1.30.Final/netty-resolver-4.1.30.Final.jar:/home/user/.m2/repository/io/netty/netty-transport-native-unix-common/4.1.30.Final/netty-transport-native-unix-common-4.1.30.Final.jar:/home/user/.m2/repository/io/grpc/grpc-protobuf/1.17.1/grpc-protobuf-1.17.1.jar:/home/user/.m2/repository/com/google/api/grpc/proto-google-common-protos/1.0.0/proto-google-common-protos-1.0.0.jar:/home/user/.m2/repository/io/grpc/grpc-protobuf-lite/1.17.1/grpc-protobuf-lite-1.17.1.jar:/home/user/.m2/repository/io/grpc/grpc-stub/1.17.1/grpc-stub-1.17.1.jar:/home/user/.m2/repository/org/apache/hadoop/hadoop-ozone-recon/0.5.0-SNAPSHOT/hadoop-ozone-recon-0.5.0-SNAPSHOT.jar:/home/user/.m2/repository/org/apache/hadoop/hadoop-ozone-reconcodegen/0.5.0-SNAPSHOT/hadoop-ozone-reconcodegen-0.5.0-SNAPSHOT.jar:/home/user/.m2/repository/com/google/inject/extensions/guice-multibindings/4.0/guice-multibindings-4.0.jar:/home/user/.m2/repository/com/google/inject/guice/4.0/guice-4.0.jar:/home/user/.m2/repository/aopalliance/aopalliance/1.0/aopalliance-1.0.jar:/home/user/.m2/repository/com/google/inject/extensions/guice-servlet/4.0/guice-servlet-4.0.jar:/home/user/.m2/repository/org/glassfish/jersey/containers/jersey-container-servlet/2.27/jersey-container-servlet-2.27.jar:/home/user/.m2/repository/org/glassfish/hk2/guice-bridge/2.5.0/guice-bridge-2.5.0.jar:/home/user/.m2/repository/org/glassfish/jersey/core/jersey-server/2.27/jersey-server-2.27.jar:/home/user/.m2/repository/org/glassfish/jersey/core/jersey-client/2.27/jersey-client-2.27.jar:/home/user/.m2/repository/org/glassfish/jersey/media/jersey-media-jaxb/2.27/jersey-media-jaxb-2.27.jar:/home/user/.m2/repository/javax/validation/validation-api/1.1.0.Final/validation-api-1.1.0.Final.jar:/home/user/.m2/repository/org/glassfish/jersey/media/jersey-media-json-jackson/2.27/jersey-media-json-jackson-2.27.jar:/home/user/.m2/repository/org/glassfish/jersey/ext/jersey-entity-filtering/2.27/jersey-entity-filtering-2.27.jar:/home/user/.m2/repository/com/google/inject/extensions/guice-assistedinject/4.0/guice-assistedinject-4.0.jar:/home/user/.m2/repository/org/jooq/jooq/3.11.10/jooq-3.11.10.jar:/home/user/.m2/repository/org/jooq/jooq-meta/3.11.10/jooq-meta-3.11.10.jar:/home/user/.m2/repository/org/jooq/jooq-codegen/3.11.10/jooq-codegen-3.11.10.jar:/home/user/.m2/repository/com/jolbox/bonecp/0.8.0.RELEASE/bonecp-0.8.0.RELEASE.jar:/home/user/.m2/repository/org/xerial/sqlite-jdbc/3.25.2/sqlite-jdbc-3.25.2.jar:/home/user/.m2/repository/org/springframework/spring-jdbc/5.1.3.RELEASE/spring-jdbc-5.1.3.RELEASE.jar:/home/user/.m2/repository/org/springframework/spring-beans/5.1.3.RELEASE/spring-beans-5.1.3.RELEASE.jar:/home/user/.m2/repository/org/springframework/spring-core/5.1.3.RELEASE/spring-core-5.1.3.RELEASE.jar:/home/user/.m2/repository/org/springframework/spring-jcl/5.1.3.RELEASE/spring-jcl-5.1.3.RELEASE.jar:/home/user/.m2/repository/org/springframework/spring-tx/5.1.3.RELEASE/spring-tx-5.1.3.RELEASE.jar:/home/user/.m2/repository/org/apache/hadoop/hadoop-ozone-client/0.5.0-SNAPSHOT/hadoop-ozone-client-0.5.0-SNAPSHOT.jar:/home/user/.m2/repository/commons-lang/commons-lang/2.6/commons-lang-2.6.jar:/home/user/.m2/repository/org/apache/hadoop/hadoop-ozone-ozone-manager/0.5.0-SNAPSHOT/hadoop-ozone-ozone-manager-0.5.0-SNAPSHOT-tests.jar:/home/user/.m2/repository/junit/junit/4.11/junit-4.11.jar:/home/user/.m2/repository/org/hamcrest/hamcrest-core/1.3/hamcrest-core-1.3.jar:/home/user/.m2/repository/org/openjdk/jmh/jmh-core/1.19/jmh-core-1.19.jar:/home/user/.m2/repository/net/sf/jopt-simple/jopt-simple/4.6/jopt-simple-4.6.jar:/home/user/.m2/repository/org/apache/commons/commons-math3/3.1.1/commons-math3-3.1.1.jar:/home/user/.m2/repository/org/openjdk/jmh/jmh-generator-annprocess/1.19/jmh-generator-annprocess-1.19.jar:/home/user/.m2/repository/org/mockito/mockito-all/1.8.5/mockito-all-1.8.5.jar:/home/user/.m2/repository/org/apache/hadoop/hadoop-kms/3.2.0/hadoop-kms-3.2.0.jar:/home/user/.m2/repository/org/apache/hadoop/hadoop-auth/3.2.0/hadoop-auth-3.2.0.jar:/home/user/.m2/repository/com/nimbusds/nimbus-jose-jwt/4.41.1/nimbus-jose-jwt-4.41.1.jar:/home/user/.m2/repository/com/github/stephenc/jcip/jcip-annotations/1.0-1/jcip-annotations-1.0-1.jar:/home/user/.m2/repository/net/minidev/json-smart/2.3/json-smart-2.3.jar:/home/user/.m2/repository/net/minidev/accessors-smart/1.2/accessors-smart-1.2.jar:/home/user/.m2/repository/org/ow2/asm/asm/5.0.4/asm-5.0.4.jar:/home/user/.m2/repository/org/apache/curator/curator-framework/2.12.0/curator-framework-2.12.0.jar:/home/user/.m2/repository/com/sun/jersey/jersey-core/1.19/jersey-core-1.19.jar:/home/user/.m2/repository/javax/ws/rs/jsr311-api/1.1.1/jsr311-api-1.1.1.jar:/home/user/.m2/repository/com/sun/jersey/jersey-server/1.19/jersey-server-1.19.jar:/home/user/.m2/repository/javax/servlet/javax.servlet-api/3.1.0/javax.servlet-api-3.1.0.jar:/home/user/.m2/repository/org/eclipse/jetty/jetty-server/9.3.24.v20180605/jetty-server-9.3.24.v20180605.jar:/home/user/.m2/repository/org/eclipse/jetty/jetty-http/9.3.24.v20180605/jetty-http-9.3.24.v20180605.jar:/home/user/.m2/repository/org/eclipse/jetty/jetty-io/9.3.24.v20180605/jetty-io-9.3.24.v20180605.jar:/home/user/.m2/repository/org/eclipse/jetty/jetty-webapp/9.3.24.v20180605/jetty-webapp-9.3.24.v20180605.jar:/home/user/.m2/repository/org/eclipse/jetty/jetty-xml/9.3.24.v20180605/jetty-xml-9.3.24.v20180605.jar:/home/user/.m2/repository/log4j/log4j/1.2.17/log4j-1.2.17.jar:/home/user/.m2/repository/org/slf4j/slf4j-api/1.7.25/slf4j-api-1.7.25.jar:/home/user/.m2/repository/org/slf4j/jul-to-slf4j/1.7.25/jul-to-slf4j-1.7.25.jar:/home/user/.m2/repository/org/eclipse/jetty/jetty-util/9.3.24.v20180605/jetty-util-9.3.24.v20180605.jar:/home/user/.m2/repository/com/fasterxml/jackson/core/jackson-databind/2.9.5/jackson-databind-2.9.5.jar:/home/user/.m2/repository/org/apache/hadoop/hadoop-kms/3.2.0/hadoop-kms-3.2.0-tests.jar:/home/user/.m2/repository/org/apache/hadoop/hadoop-hdds-server-scm/0.5.0-SNAPSHOT/hadoop-hdds-server-scm-0.5.0-SNAPSHOT-tests.jar:/home/user/.m2/repository/org/apache/hadoop/hadoop-hdds-container-service/0.5.0-SNAPSHOT/hadoop-hdds-container-service-0.5.0-SNAPSHOT-tests.jar:/home/user/.m2/repository/org/yaml/snakeyaml/1.16/snakeyaml-1.16.jar:/home/user/.m2/repository/org/apache/hadoop/hadoop-common/3.2.0/hadoop-common-3.2.0-tests.jar:/home/user/.m2/repository/org/apache/hadoop/hadoop-annotations/3.2.0/hadoop-annotations-3.2.0.jar:/usr/lib/jvm/java-1.8-openjdk/jre/../lib/tools.jar:/home/user/.m2/repository/commons-cli/commons-cli/1.2/commons-cli-1.2.jar:/home/user/.m2/repository/org/apache/httpcomponents/httpclient/4.5.2/httpclient-4.5.2.jar:/home/user/.m2/repository/org/apache/httpcomponents/httpcore/4.4.4/httpcore-4.4.4.jar:/home/user/.m2/repository/commons-codec/commons-codec/1.11/commons-codec-1.11.jar:/home/user/.m2/repository/commons-net/commons-net/3.6/commons-net-3.6.jar:/home/user/.m2/repository/commons-collections/commons-collections/3.2.2/commons-collections-3.2.2.jar:/home/user/.m2/repository/org/eclipse/jetty/jetty-servlet/9.3.24.v20180605/jetty-servlet-9.3.24.v20180605.jar:/home/user/.m2/repository/org/eclipse/jetty/jetty-security/9.3.24.v20180605/jetty-security-9.3.24.v20180605.jar:/home/user/.m2/repository/javax/servlet/jsp/jsp-api/2.1/jsp-api-2.1.jar:/home/user/.m2/repository/com/sun/jersey/jersey-servlet/1.19/jersey-servlet-1.19.jar:/home/user/.m2/repository/com/sun/jersey/jersey-json/1.19/jersey-json-1.19.jar:/home/user/.m2/repository/org/codehaus/jettison/jettison/1.1/jettison-1.1.jar:/home/user/.m2/repository/org/codehaus/jackson/jackson-core-asl/1.9.13/jackson-core-asl-1.9.13.jar:/home/user/.m2/repository/org/codehaus/jackson/jackson-mapper-asl/1.9.13/jackson-mapper-asl-1.9.13.jar:/home/user/.m2/repository/org/codehaus/jackson/jackson-jaxrs/1.9.13/jackson-jaxrs-1.9.13.jar:/home/user/.m2/repository/org/codehaus/jackson/jackson-xc/1.9.13/jackson-xc-1.9.13.jar:/home/user/.m2/repository/commons-logging/commons-logging/1.1.3/commons-logging-1.1.3.jar:/home/user/.m2/repository/commons-beanutils/commons-beanutils/1.9.3/commons-beanutils-1.9.3.jar:/home/user/.m2/repository/org/apache/commons/commons-configuration2/2.1.1/commons-configuration2-2.1.1.jar:/home/user/.m2/repository/org/apache/commons/commons-lang3/3.7/commons-lang3-3.7.jar:/home/user/.m2/repository/org/apache/commons/commons-text/1.4/commons-text-1.4.jar:/home/user/.m2/repository/org/apache/avro/avro/1.7.7/avro-1.7.7.jar:/home/user/.m2/repository/com/thoughtworks/paranamer/paranamer/2.3/paranamer-2.3.jar:/home/user/.m2/repository/org/xerial/snappy/snappy-java/1.0.5/snappy-java-1.0.5.jar:/home/user/.m2/repository/com/google/re2j/re2j/1.1/re2j-1.1.jar:/home/user/.m2/repository/com/google/code/gson/gson/2.2.4/gson-2.2.4.jar:/home/user/.m2/repository/com/jcraft/jsch/0.1.54/jsch-0.1.54.jar:/home/user/.m2/repository/org/apache/curator/curator-client/2.12.0/curator-client-2.12.0.jar:/home/user/.m2/repository/org/apache/curator/curator-recipes/2.12.0/curator-recipes-2.12.0.jar:/home/user/.m2/repository/com/google/code/findbugs/jsr305/3.0.0/jsr305-3.0.0.jar:/home/user/.m2/repository/org/apache/htrace/htrace-core4/4.1.0-incubating/htrace-core4-4.1.0-incubating.jar:/home/user/.m2/repository/org/apache/zookeeper/zookeeper/3.4.13/zookeeper-3.4.13.jar:/home/user/.m2/repository/org/apache/yetus/audience-annotations/0.5.0/audience-annotations-0.5.0.jar:/home/user/.m2/repository/org/codehaus/woodstox/stax2-api/3.1.4/stax2-api-3.1.4.jar:/home/user/.m2/repository/com/fasterxml/woodstox/woodstox-core/5.0.3/woodstox-core-5.0.3.jar:/home/user/.m2/repository/dnsjava/dnsjava/2.1.7/dnsjava-2.1.7.jar:/home/user/.m2/repository/org/apache/hadoop/hadoop-hdfs/3.2.0/hadoop-hdfs-3.2.0-tests.jar:/home/user/.m2/repository/org/eclipse/jetty/jetty-util-ajax/9.3.24.v20180605/jetty-util-ajax-9.3.24.v20180605.jar:/home/user/.m2/repository/commons-daemon/commons-daemon/1.0.13/commons-daemon-1.0.13.jar:/home/user/.m2/repository/io/netty/netty/3.10.5.Final/netty-3.10.5.Final.jar:/home/user/.m2/repository/io/netty/netty-all/4.0.52.Final/netty-all-4.0.52.Final.jar:/home/user/.m2/repository/org/fusesource/leveldbjni/leveldbjni-all/1.8/leveldbjni-all-1.8.jar:"/>
    <property name="java.vm.vendor" value="IcedTea"/>
    <property name="sun.arch.data.model" value="64"/>
    <property name="test.build.dir" value="/workdir/hadoop-ozone/integration-test/target/test-dir"/>
    <property name="test.cache.data" value=""/>
    <property name="java.vendor.url" value="https://icedtea.classpath.org"/>
    <property name="user.timezone" value=""/>
    <property name="java.vm.specification.version" value="1.8"/>
    <property name="os.name" value="Linux"/>
    <property name="test.build.data" value="/workdir/hadoop-ozone/integration-test/target/test-dir"/>
    <property name="user.country" value="US"/>
    <property name="sun.java.launcher" value="SUN_STANDARD"/>
    <property name="sun.boot.library.path" value="/usr/lib/jvm/java-1.8-openjdk/jre/lib/amd64"/>
    <property name="sun.java.command" value="/workdir/hadoop-ozone/integration-test/target/surefire/surefirebooter3009532299273723527.jar /workdir/hadoop-ozone/integration-test/target/surefire 2019-09-07T05-14-12_356-jvmRun1 surefire1793332282010973297tmp surefire_166723303670038515700tmp"/>
    <property name="test" value="!TestMiniChaosOzoneCluster"/>
    <property name="surefire.test.class.path" value="/workdir/hadoop-ozone/integration-test/target/test-classes:/workdir/hadoop-ozone/integration-test/target/classes:/home/user/.m2/repository/org/apache/hadoop/hadoop-ozone-common/0.5.0-SNAPSHOT/hadoop-ozone-common-0.5.0-SNAPSHOT.jar:/home/user/.m2/repository/org/apache/commons/commons-compress/1.4.1/commons-compress-1.4.1.jar:/home/user/.m2/repository/org/tukaani/xz/1.0/xz-1.0.jar:/home/user/.m2/repository/org/apache/hadoop/hadoop-common/3.2.0/hadoop-common-3.2.0.jar:/home/user/.m2/repository/org/apache/hadoop/hadoop-hdfs/3.2.0/hadoop-hdfs-3.2.0.jar:/home/user/.m2/repository/org/apache/hadoop/hadoop-hdfs-client/3.2.0/hadoop-hdfs-client-3.2.0.jar:/home/user/.m2/repository/com/fasterxml/jackson/core/jackson-annotations/2.9.5/jackson-annotations-2.9.5.jar:/home/user/.m2/repository/org/apache/hadoop/hadoop-hdds-common/0.5.0-SNAPSHOT/hadoop-hdds-common-0.5.0-SNAPSHOT.jar:/home/user/.m2/repository/javax/annotation/javax.annotation-api/1.2/javax.annotation-api-1.2.jar:/home/user/.m2/repository/org/apache/ratis/ratis-server/0.4.0-78e95b9-SNAPSHOT/ratis-server-0.4.0-78e95b9-SNAPSHOT.jar:/home/user/.m2/repository/org/apache/ratis/ratis-thirdparty-misc/0.2.0/ratis-thirdparty-misc-0.2.0.jar:/home/user/.m2/repository/org/apache/ratis/ratis-proto/0.4.0-78e95b9-SNAPSHOT/ratis-proto-0.4.0-78e95b9-SNAPSHOT.jar:/home/user/.m2/repository/org/apache/ratis/ratis-common/0.4.0-78e95b9-SNAPSHOT/ratis-common-0.4.0-78e95b9-SNAPSHOT.jar:/home/user/.m2/repository/org/apache/ratis/ratis-client/0.4.0-78e95b9-SNAPSHOT/ratis-client-0.4.0-78e95b9-SNAPSHOT.jar:/home/user/.m2/repository/org/apache/ratis/ratis-metrics/0.4.0-78e95b9-SNAPSHOT/ratis-metrics-0.4.0-78e95b9-SNAPSHOT.jar:/home/user/.m2/repository/com/github/joshelser/dropwizard-metrics-hadoop-metrics2-reporter/0.1.2/dropwizard-metrics-hadoop-metrics2-reporter-0.1.2.jar:/home/user/.m2/repository/io/dropwizard/metrics/metrics-jvm/3.2.5/metrics-jvm-3.2.5.jar:/home/user/.m2/repository/io/dropwizard/metrics/metrics-ganglia/3.2.5/metrics-ganglia-3.2.5.jar:/home/user/.m2/repository/info/ganglia/gmetric4j/gmetric4j/1.0.7/gmetric4j-1.0.7.jar:/home/user/.m2/repository/org/apache/ratis/ratis-netty/0.4.0-78e95b9-SNAPSHOT/ratis-netty-0.4.0-78e95b9-SNAPSHOT.jar:/home/user/.m2/repository/org/apache/ratis/ratis-grpc/0.4.0-78e95b9-SNAPSHOT/ratis-grpc-0.4.0-78e95b9-SNAPSHOT.jar:/home/user/.m2/repository/org/rocksdb/rocksdbjni/6.0.1/rocksdbjni-6.0.1.jar:/home/user/.m2/repository/org/apache/logging/log4j/log4j-api/2.11.0/log4j-api-2.11.0.jar:/home/user/.m2/repository/org/apache/logging/log4j/log4j-core/2.11.0/log4j-core-2.11.0.jar:/home/user/.m2/repository/com/lmax/disruptor/3.4.2/disruptor-3.4.2.jar:/home/user/.m2/repository/org/apache/commons/commons-pool2/2.6.0/commons-pool2-2.6.0.jar:/home/user/.m2/repository/org/bouncycastle/bcpkix-jdk15on/1.60/bcpkix-jdk15on-1.60.jar:/home/user/.m2/repository/commons-validator/commons-validator/1.6/commons-validator-1.6.jar:/home/user/.m2/repository/commons-digester/commons-digester/1.8.1/commons-digester-1.8.1.jar:/home/user/.m2/repository/io/jaegertracing/jaeger-client/0.33.1/jaeger-client-0.33.1.jar:/home/user/.m2/repository/io/jaegertracing/jaeger-thrift/0.33.1/jaeger-thrift-0.33.1.jar:/home/user/.m2/repository/org/apache/thrift/libthrift/0.11.0/libthrift-0.11.0.jar:/home/user/.m2/repository/com/squareup/okhttp3/okhttp/3.9.0/okhttp-3.9.0.jar:/home/user/.m2/repository/com/squareup/okio/okio/1.13.0/okio-1.13.0.jar:/home/user/.m2/repository/io/jaegertracing/jaeger-core/0.33.1/jaeger-core-0.33.1.jar:/home/user/.m2/repository/io/jaegertracing/jaeger-tracerresolver/0.33.1/jaeger-tracerresolver-0.33.1.jar:/home/user/.m2/repository/io/opentracing/contrib/opentracing-tracerresolver/0.1.5/opentracing-tracerresolver-0.1.5.jar:/home/user/.m2/repository/io/opentracing/opentracing-util/0.31.0/opentracing-util-0.31.0.jar:/home/user/.m2/repository/io/opentracing/opentracing-api/0.31.0/opentracing-api-0.31.0.jar:/home/user/.m2/repository/io/opentracing/opentracing-noop/0.31.0/opentracing-noop-0.31.0.jar:/home/user/.m2/repository/org/apache/hadoop/hadoop-hdds-server-framework/0.5.0-SNAPSHOT/hadoop-hdds-server-framework-0.5.0-SNAPSHOT.jar:/home/user/.m2/repository/org/apache/hadoop/hadoop-hdds-container-service/0.5.0-SNAPSHOT/hadoop-hdds-container-service-0.5.0-SNAPSHOT.jar:/home/user/.m2/repository/org/apache/hadoop/hadoop-hdds-client/0.5.0-SNAPSHOT/hadoop-hdds-client-0.5.0-SNAPSHOT.jar:/home/user/.m2/repository/org/apache/hadoop/hadoop-hdds-tools/0.5.0-SNAPSHOT/hadoop-hdds-tools-0.5.0-SNAPSHOT.jar:/home/user/.m2/repository/org/apache/hadoop/hadoop-hdds-server-scm/0.5.0-SNAPSHOT/hadoop-hdds-server-scm-0.5.0-SNAPSHOT.jar:/home/user/.m2/repository/org/apache/hadoop/hadoop-hdds-docs/0.5.0-SNAPSHOT/hadoop-hdds-docs-0.5.0-SNAPSHOT.jar:/home/user/.m2/repository/io/dropwizard/metrics/metrics-core/3.2.4/metrics-core-3.2.4.jar:/home/user/.m2/repository/org/hamcrest/hamcrest-all/1.3/hamcrest-all-1.3.jar:/home/user/.m2/repository/org/bouncycastle/bcprov-jdk15on/1.60/bcprov-jdk15on-1.60.jar:/home/user/.m2/repository/info/picocli/picocli/3.9.6/picocli-3.9.6.jar:/home/user/.m2/repository/com/google/protobuf/protobuf-java/2.5.0/protobuf-java-2.5.0.jar:/home/user/.m2/repository/com/google/guava/guava/11.0.2/guava-11.0.2.jar:/home/user/.m2/repository/org/apache/hadoop/hadoop-ozone-ozone-manager/0.5.0-SNAPSHOT/hadoop-ozone-ozone-manager-0.5.0-SNAPSHOT.jar:/home/user/.m2/repository/org/apache/hadoop/hadoop-minikdc/3.2.0/hadoop-minikdc-3.2.0.jar:/home/user/.m2/repository/commons-io/commons-io/2.5/commons-io-2.5.jar:/home/user/.m2/repository/org/apache/kerby/kerb-simplekdc/1.0.1/kerb-simplekdc-1.0.1.jar:/home/user/.m2/repository/org/apache/kerby/kerb-client/1.0.1/kerb-client-1.0.1.jar:/home/user/.m2/repository/org/apache/kerby/kerby-config/1.0.1/kerby-config-1.0.1.jar:/home/user/.m2/repository/org/apache/kerby/kerb-core/1.0.1/kerb-core-1.0.1.jar:/home/user/.m2/repository/org/apache/kerby/kerby-pkix/1.0.1/kerby-pkix-1.0.1.jar:/home/user/.m2/repository/org/apache/kerby/kerby-asn1/1.0.1/kerby-asn1-1.0.1.jar:/home/user/.m2/repository/org/apache/kerby/kerby-util/1.0.1/kerby-util-1.0.1.jar:/home/user/.m2/repository/org/apache/kerby/kerb-common/1.0.1/kerb-common-1.0.1.jar:/home/user/.m2/repository/org/apache/kerby/kerb-crypto/1.0.1/kerb-crypto-1.0.1.jar:/home/user/.m2/repository/org/apache/kerby/kerb-util/1.0.1/kerb-util-1.0.1.jar:/home/user/.m2/repository/org/apache/kerby/token-provider/1.0.1/token-provider-1.0.1.jar:/home/user/.m2/repository/org/apache/kerby/kerb-admin/1.0.1/kerb-admin-1.0.1.jar:/home/user/.m2/repository/org/apache/kerby/kerb-server/1.0.1/kerb-server-1.0.1.jar:/home/user/.m2/repository/org/apache/kerby/kerb-identity/1.0.1/kerb-identity-1.0.1.jar:/home/user/.m2/repository/org/apache/kerby/kerby-xdr/1.0.1/kerby-xdr-1.0.1.jar:/home/user/.m2/repository/org/slf4j/slf4j-log4j12/1.7.25/slf4j-log4j12-1.7.25.jar:/home/user/.m2/repository/org/apache/hadoop/hadoop-ozone-s3gateway/0.5.0-SNAPSHOT/hadoop-ozone-s3gateway-0.5.0-SNAPSHOT.jar:/home/user/.m2/repository/org/jboss/weld/servlet/weld-servlet/2.4.7.Final/weld-servlet-2.4.7.Final.jar:/home/user/.m2/repository/org/glassfish/jersey/containers/jersey-container-servlet-core/2.27/jersey-container-servlet-core-2.27.jar:/home/user/.m2/repository/org/glassfish/hk2/external/javax.inject/2.5.0-b42/javax.inject-2.5.0-b42.jar:/home/user/.m2/repository/org/glassfish/jersey/core/jersey-common/2.27/jersey-common-2.27.jar:/home/user/.m2/repository/org/glassfish/hk2/osgi-resource-locator/1.0.1/osgi-resource-locator-1.0.1.jar:/home/user/.m2/repository/javax/ws/rs/javax.ws.rs-api/2.1/javax.ws.rs-api-2.1.jar:/home/user/.m2/repository/org/glassfish/jersey/ext/cdi/jersey-cdi1x/2.27/jersey-cdi1x-2.27.jar:/home/user/.m2/repository/org/glassfish/jersey/inject/jersey-hk2/2.27/jersey-hk2-2.27.jar:/home/user/.m2/repository/org/glassfish/hk2/hk2-locator/2.5.0-b42/hk2-locator-2.5.0-b42.jar:/home/user/.m2/repository/org/javassist/javassist/3.22.0-CR2/javassist-3.22.0-CR2.jar:/home/user/.m2/repository/org/glassfish/hk2/hk2-api/2.5.0/hk2-api-2.5.0.jar:/home/user/.m2/repository/org/glassfish/hk2/external/jakarta.inject/2.5.0/jakarta.inject-2.5.0.jar:/home/user/.m2/repository/org/glassfish/hk2/hk2-utils/2.5.0/hk2-utils-2.5.0.jar:/home/user/.m2/repository/jakarta/annotation/jakarta.annotation-api/1.3.4/jakarta.annotation-api-1.3.4.jar:/home/user/.m2/repository/org/glassfish/hk2/external/aopalliance-repackaged/2.5.0/aopalliance-repackaged-2.5.0.jar:/home/user/.m2/repository/com/fasterxml/jackson/dataformat/jackson-dataformat-xml/2.9.0/jackson-dataformat-xml-2.9.0.jar:/home/user/.m2/repository/com/fasterxml/jackson/core/jackson-core/2.9.5/jackson-core-2.9.5.jar:/home/user/.m2/repository/com/fasterxml/jackson/module/jackson-module-jaxb-annotations/2.9.5/jackson-module-jaxb-annotations-2.9.5.jar:/home/user/.m2/repository/javax/enterprise/cdi-api/1.2/cdi-api-1.2.jar:/home/user/.m2/repository/javax/el/javax.el-api/3.0.0/javax.el-api-3.0.0.jar:/home/user/.m2/repository/javax/interceptor/javax.interceptor-api/1.2/javax.interceptor-api-1.2.jar:/home/user/.m2/repository/javax/inject/javax.inject/1/javax.inject-1.jar:/home/user/.m2/repository/com/sun/xml/bind/jaxb-impl/2.3.0.1/jaxb-impl-2.3.0.1.jar:/home/user/.m2/repository/com/sun/xml/bind/jaxb-core/2.3.0.1/jaxb-core-2.3.0.1.jar:/home/user/.m2/repository/javax/xml/bind/jaxb-api/2.3.0/jaxb-api-2.3.0.jar:/home/user/.m2/repository/javax/activation/activation/1.1.1/activation-1.1.1.jar:/home/user/.m2/repository/org/apache/hadoop/hadoop-ozone-csi/0.5.0-SNAPSHOT/hadoop-ozone-csi-0.5.0-SNAPSHOT.jar:/home/user/.m2/repository/com/google/protobuf/protobuf-java-util/3.5.1/protobuf-java-util-3.5.1.jar:/home/user/.m2/repository/org/apache/hadoop/hadoop-hdds-config/0.5.0-SNAPSHOT/hadoop-hdds-config-0.5.0-SNAPSHOT.jar:/home/user/.m2/repository/io/grpc/grpc-netty/1.17.1/grpc-netty-1.17.1.jar:/home/user/.m2/repository/io/grpc/grpc-core/1.17.1/grpc-core-1.17.1.jar:/home/user/.m2/repository/io/grpc/grpc-context/1.17.1/grpc-context-1.17.1.jar:/home/user/.m2/repository/com/google/errorprone/error_prone_annotations/2.2.0/error_prone_annotations-2.2.0.jar:/home/user/.m2/repository/org/codehaus/mojo/animal-sniffer-annotations/1.17/animal-sniffer-annotations-1.17.jar:/home/user/.m2/repository/io/opencensus/opencensus-api/0.17.0/opencensus-api-0.17.0.jar:/home/user/.m2/repository/io/opencensus/opencensus-contrib-grpc-metrics/0.17.0/opencensus-contrib-grpc-metrics-0.17.0.jar:/home/user/.m2/repository/io/netty/netty-codec-http2/4.1.30.Final/netty-codec-http2-4.1.30.Final.jar:/home/user/.m2/repository/io/netty/netty-codec-http/4.1.30.Final/netty-codec-http-4.1.30.Final.jar:/home/user/.m2/repository/io/netty/netty-codec/4.1.30.Final/netty-codec-4.1.30.Final.jar:/home/user/.m2/repository/io/netty/netty-handler/4.1.30.Final/netty-handler-4.1.30.Final.jar:/home/user/.m2/repository/io/netty/netty-handler-proxy/4.1.30.Final/netty-handler-proxy-4.1.30.Final.jar:/home/user/.m2/repository/io/netty/netty-codec-socks/4.1.30.Final/netty-codec-socks-4.1.30.Final.jar:/home/user/.m2/repository/io/netty/netty-transport-native-epoll/4.1.30.Final/netty-transport-native-epoll-4.1.30.Final.jar:/home/user/.m2/repository/io/netty/netty-common/4.1.30.Final/netty-common-4.1.30.Final.jar:/home/user/.m2/repository/io/netty/netty-buffer/4.1.30.Final/netty-buffer-4.1.30.Final.jar:/home/user/.m2/repository/io/netty/netty-transport/4.1.30.Final/netty-transport-4.1.30.Final.jar:/home/user/.m2/repository/io/netty/netty-resolver/4.1.30.Final/netty-resolver-4.1.30.Final.jar:/home/user/.m2/repository/io/netty/netty-transport-native-unix-common/4.1.30.Final/netty-transport-native-unix-common-4.1.30.Final.jar:/home/user/.m2/repository/io/grpc/grpc-protobuf/1.17.1/grpc-protobuf-1.17.1.jar:/home/user/.m2/repository/com/google/api/grpc/proto-google-common-protos/1.0.0/proto-google-common-protos-1.0.0.jar:/home/user/.m2/repository/io/grpc/grpc-protobuf-lite/1.17.1/grpc-protobuf-lite-1.17.1.jar:/home/user/.m2/repository/io/grpc/grpc-stub/1.17.1/grpc-stub-1.17.1.jar:/home/user/.m2/repository/org/apache/hadoop/hadoop-ozone-recon/0.5.0-SNAPSHOT/hadoop-ozone-recon-0.5.0-SNAPSHOT.jar:/home/user/.m2/repository/org/apache/hadoop/hadoop-ozone-reconcodegen/0.5.0-SNAPSHOT/hadoop-ozone-reconcodegen-0.5.0-SNAPSHOT.jar:/home/user/.m2/repository/com/google/inject/extensions/guice-multibindings/4.0/guice-multibindings-4.0.jar:/home/user/.m2/repository/com/google/inject/guice/4.0/guice-4.0.jar:/home/user/.m2/repository/aopalliance/aopalliance/1.0/aopalliance-1.0.jar:/home/user/.m2/repository/com/google/inject/extensions/guice-servlet/4.0/guice-servlet-4.0.jar:/home/user/.m2/repository/org/glassfish/jersey/containers/jersey-container-servlet/2.27/jersey-container-servlet-2.27.jar:/home/user/.m2/repository/org/glassfish/hk2/guice-bridge/2.5.0/guice-bridge-2.5.0.jar:/home/user/.m2/repository/org/glassfish/jersey/core/jersey-server/2.27/jersey-server-2.27.jar:/home/user/.m2/repository/org/glassfish/jersey/core/jersey-client/2.27/jersey-client-2.27.jar:/home/user/.m2/repository/org/glassfish/jersey/media/jersey-media-jaxb/2.27/jersey-media-jaxb-2.27.jar:/home/user/.m2/repository/javax/validation/validation-api/1.1.0.Final/validation-api-1.1.0.Final.jar:/home/user/.m2/repository/org/glassfish/jersey/media/jersey-media-json-jackson/2.27/jersey-media-json-jackson-2.27.jar:/home/user/.m2/repository/org/glassfish/jersey/ext/jersey-entity-filtering/2.27/jersey-entity-filtering-2.27.jar:/home/user/.m2/repository/com/google/inject/extensions/guice-assistedinject/4.0/guice-assistedinject-4.0.jar:/home/user/.m2/repository/org/jooq/jooq/3.11.10/jooq-3.11.10.jar:/home/user/.m2/repository/org/jooq/jooq-meta/3.11.10/jooq-meta-3.11.10.jar:/home/user/.m2/repository/org/jooq/jooq-codegen/3.11.10/jooq-codegen-3.11.10.jar:/home/user/.m2/repository/com/jolbox/bonecp/0.8.0.RELEASE/bonecp-0.8.0.RELEASE.jar:/home/user/.m2/repository/org/xerial/sqlite-jdbc/3.25.2/sqlite-jdbc-3.25.2.jar:/home/user/.m2/repository/org/springframework/spring-jdbc/5.1.3.RELEASE/spring-jdbc-5.1.3.RELEASE.jar:/home/user/.m2/repository/org/springframework/spring-beans/5.1.3.RELEASE/spring-beans-5.1.3.RELEASE.jar:/home/user/.m2/repository/org/springframework/spring-core/5.1.3.RELEASE/spring-core-5.1.3.RELEASE.jar:/home/user/.m2/repository/org/springframework/spring-jcl/5.1.3.RELEASE/spring-jcl-5.1.3.RELEASE.jar:/home/user/.m2/repository/org/springframework/spring-tx/5.1.3.RELEASE/spring-tx-5.1.3.RELEASE.jar:/home/user/.m2/repository/org/apache/hadoop/hadoop-ozone-client/0.5.0-SNAPSHOT/hadoop-ozone-client-0.5.0-SNAPSHOT.jar:/home/user/.m2/repository/commons-lang/commons-lang/2.6/commons-lang-2.6.jar:/home/user/.m2/repository/org/apache/hadoop/hadoop-ozone-ozone-manager/0.5.0-SNAPSHOT/hadoop-ozone-ozone-manager-0.5.0-SNAPSHOT-tests.jar:/home/user/.m2/repository/junit/junit/4.11/junit-4.11.jar:/home/user/.m2/repository/org/hamcrest/hamcrest-core/1.3/hamcrest-core-1.3.jar:/home/user/.m2/repository/org/openjdk/jmh/jmh-core/1.19/jmh-core-1.19.jar:/home/user/.m2/repository/net/sf/jopt-simple/jopt-simple/4.6/jopt-simple-4.6.jar:/home/user/.m2/repository/org/apache/commons/commons-math3/3.1.1/commons-math3-3.1.1.jar:/home/user/.m2/repository/org/openjdk/jmh/jmh-generator-annprocess/1.19/jmh-generator-annprocess-1.19.jar:/home/user/.m2/repository/org/mockito/mockito-all/1.8.5/mockito-all-1.8.5.jar:/home/user/.m2/repository/org/apache/hadoop/hadoop-kms/3.2.0/hadoop-kms-3.2.0.jar:/home/user/.m2/repository/org/apache/hadoop/hadoop-auth/3.2.0/hadoop-auth-3.2.0.jar:/home/user/.m2/repository/com/nimbusds/nimbus-jose-jwt/4.41.1/nimbus-jose-jwt-4.41.1.jar:/home/user/.m2/repository/com/github/stephenc/jcip/jcip-annotations/1.0-1/jcip-annotations-1.0-1.jar:/home/user/.m2/repository/net/minidev/json-smart/2.3/json-smart-2.3.jar:/home/user/.m2/repository/net/minidev/accessors-smart/1.2/accessors-smart-1.2.jar:/home/user/.m2/repository/org/ow2/asm/asm/5.0.4/asm-5.0.4.jar:/home/user/.m2/repository/org/apache/curator/curator-framework/2.12.0/curator-framework-2.12.0.jar:/home/user/.m2/repository/com/sun/jersey/jersey-core/1.19/jersey-core-1.19.jar:/home/user/.m2/repository/javax/ws/rs/jsr311-api/1.1.1/jsr311-api-1.1.1.jar:/home/user/.m2/repository/com/sun/jersey/jersey-server/1.19/jersey-server-1.19.jar:/home/user/.m2/repository/javax/servlet/javax.servlet-api/3.1.0/javax.servlet-api-3.1.0.jar:/home/user/.m2/repository/org/eclipse/jetty/jetty-server/9.3.24.v20180605/jetty-server-9.3.24.v20180605.jar:/home/user/.m2/repository/org/eclipse/jetty/jetty-http/9.3.24.v20180605/jetty-http-9.3.24.v20180605.jar:/home/user/.m2/repository/org/eclipse/jetty/jetty-io/9.3.24.v20180605/jetty-io-9.3.24.v20180605.jar:/home/user/.m2/repository/org/eclipse/jetty/jetty-webapp/9.3.24.v20180605/jetty-webapp-9.3.24.v20180605.jar:/home/user/.m2/repository/org/eclipse/jetty/jetty-xml/9.3.24.v20180605/jetty-xml-9.3.24.v20180605.jar:/home/user/.m2/repository/log4j/log4j/1.2.17/log4j-1.2.17.jar:/home/user/.m2/repository/org/slf4j/slf4j-api/1.7.25/slf4j-api-1.7.25.jar:/home/user/.m2/repository/org/slf4j/jul-to-slf4j/1.7.25/jul-to-slf4j-1.7.25.jar:/home/user/.m2/repository/org/eclipse/jetty/jetty-util/9.3.24.v20180605/jetty-util-9.3.24.v20180605.jar:/home/user/.m2/repository/com/fasterxml/jackson/core/jackson-databind/2.9.5/jackson-databind-2.9.5.jar:/home/user/.m2/repository/org/apache/hadoop/hadoop-kms/3.2.0/hadoop-kms-3.2.0-tests.jar:/home/user/.m2/repository/org/apache/hadoop/hadoop-hdds-server-scm/0.5.0-SNAPSHOT/hadoop-hdds-server-scm-0.5.0-SNAPSHOT-tests.jar:/home/user/.m2/repository/org/apache/hadoop/hadoop-hdds-container-service/0.5.0-SNAPSHOT/hadoop-hdds-container-service-0.5.0-SNAPSHOT-tests.jar:/home/user/.m2/repository/org/yaml/snakeyaml/1.16/snakeyaml-1.16.jar:/home/user/.m2/repository/org/apache/hadoop/hadoop-common/3.2.0/hadoop-common-3.2.0-tests.jar:/home/user/.m2/repository/org/apache/hadoop/hadoop-annotations/3.2.0/hadoop-annotations-3.2.0.jar:/usr/lib/jvm/java-1.8-openjdk/jre/../lib/tools.jar:/home/user/.m2/repository/commons-cli/commons-cli/1.2/commons-cli-1.2.jar:/home/user/.m2/repository/org/apache/httpcomponents/httpclient/4.5.2/httpclient-4.5.2.jar:/home/user/.m2/repository/org/apache/httpcomponents/httpcore/4.4.4/httpcore-4.4.4.jar:/home/user/.m2/repository/commons-codec/commons-codec/1.11/commons-codec-1.11.jar:/home/user/.m2/repository/commons-net/commons-net/3.6/commons-net-3.6.jar:/home/user/.m2/repository/commons-collections/commons-collections/3.2.2/commons-collections-3.2.2.jar:/home/user/.m2/repository/org/eclipse/jetty/jetty-servlet/9.3.24.v20180605/jetty-servlet-9.3.24.v20180605.jar:/home/user/.m2/repository/org/eclipse/jetty/jetty-security/9.3.24.v20180605/jetty-security-9.3.24.v20180605.jar:/home/user/.m2/repository/javax/servlet/jsp/jsp-api/2.1/jsp-api-2.1.jar:/home/user/.m2/repository/com/sun/jersey/jersey-servlet/1.19/jersey-servlet-1.19.jar:/home/user/.m2/repository/com/sun/jersey/jersey-json/1.19/jersey-json-1.19.jar:/home/user/.m2/repository/org/codehaus/jettison/jettison/1.1/jettison-1.1.jar:/home/user/.m2/repository/org/codehaus/jackson/jackson-core-asl/1.9.13/jackson-core-asl-1.9.13.jar:/home/user/.m2/repository/org/codehaus/jackson/jackson-mapper-asl/1.9.13/jackson-mapper-asl-1.9.13.jar:/home/user/.m2/repository/org/codehaus/jackson/jackson-jaxrs/1.9.13/jackson-jaxrs-1.9.13.jar:/home/user/.m2/repository/org/codehaus/jackson/jackson-xc/1.9.13/jackson-xc-1.9.13.jar:/home/user/.m2/repository/commons-logging/commons-logging/1.1.3/commons-logging-1.1.3.jar:/home/user/.m2/repository/commons-beanutils/commons-beanutils/1.9.3/commons-beanutils-1.9.3.jar:/home/user/.m2/repository/org/apache/commons/commons-configuration2/2.1.1/commons-configuration2-2.1.1.jar:/home/user/.m2/repository/org/apache/commons/commons-lang3/3.7/commons-lang3-3.7.jar:/home/user/.m2/repository/org/apache/commons/commons-text/1.4/commons-text-1.4.jar:/home/user/.m2/repository/org/apache/avro/avro/1.7.7/avro-1.7.7.jar:/home/user/.m2/repository/com/thoughtworks/paranamer/paranamer/2.3/paranamer-2.3.jar:/home/user/.m2/repository/org/xerial/snappy/snappy-java/1.0.5/snappy-java-1.0.5.jar:/home/user/.m2/repository/com/google/re2j/re2j/1.1/re2j-1.1.jar:/home/user/.m2/repository/com/google/code/gson/gson/2.2.4/gson-2.2.4.jar:/home/user/.m2/repository/com/jcraft/jsch/0.1.54/jsch-0.1.54.jar:/home/user/.m2/repository/org/apache/curator/curator-client/2.12.0/curator-client-2.12.0.jar:/home/user/.m2/repository/org/apache/curator/curator-recipes/2.12.0/curator-recipes-2.12.0.jar:/home/user/.m2/repository/com/google/code/findbugs/jsr305/3.0.0/jsr305-3.0.0.jar:/home/user/.m2/repository/org/apache/htrace/htrace-core4/4.1.0-incubating/htrace-core4-4.1.0-incubating.jar:/home/user/.m2/repository/org/apache/zookeeper/zookeeper/3.4.13/zookeeper-3.4.13.jar:/home/user/.m2/repository/org/apache/yetus/audience-annotations/0.5.0/audience-annotations-0.5.0.jar:/home/user/.m2/repository/org/codehaus/woodstox/stax2-api/3.1.4/stax2-api-3.1.4.jar:/home/user/.m2/repository/com/fasterxml/woodstox/woodstox-core/5.0.3/woodstox-core-5.0.3.jar:/home/user/.m2/repository/dnsjava/dnsjava/2.1.7/dnsjava-2.1.7.jar:/home/user/.m2/repository/org/apache/hadoop/hadoop-hdfs/3.2.0/hadoop-hdfs-3.2.0-tests.jar:/home/user/.m2/repository/org/eclipse/jetty/jetty-util-ajax/9.3.24.v20180605/jetty-util-ajax-9.3.24.v20180605.jar:/home/user/.m2/repository/commons-daemon/commons-daemon/1.0.13/commons-daemon-1.0.13.jar:/home/user/.m2/repository/io/netty/netty/3.10.5.Final/netty-3.10.5.Final.jar:/home/user/.m2/repository/io/netty/netty-all/4.0.52.Final/netty-all-4.0.52.Final.jar:/home/user/.m2/repository/org/fusesource/leveldbjni/leveldbjni-all/1.8/leveldbjni-all-1.8.jar:"/>
    <property name="sun.cpu.endian" value="little"/>
    <property name="user.home" value="/home/user"/>
    <property name="user.language" value="en"/>
    <property name="java.specification.vendor" value="Oracle Corporation"/>
    <property name="java.home" value="/usr/lib/jvm/java-1.8-openjdk/jre"/>
    <property name="java.security.krb5.conf" value="/workdir/hadoop-ozone/integration-test/target/test-classes/krb5.conf"/>
    <property name="basedir" value="/workdir/hadoop-ozone/integration-test"/>
    <property name="file.separator" value="/"/>
    <property name="line.separator" value="&#10;"/>
    <property name="java.vm.specification.vendor" value="Oracle Corporation"/>
    <property name="java.specification.name" value="Java Platform API Specification"/>
    <property name="java.awt.graphicsenv" value="sun.awt.X11GraphicsEnvironment"/>
    <property name="surefire.real.class.path" value="/workdir/hadoop-ozone/integration-test/target/surefire/surefirebooter3009532299273723527.jar"/>
    <property name="hadoop.log.dir" value="/workdir/hadoop-ozone/integration-test/target/log"/>
    <property name="sun.boot.class.path" value="/usr/lib/jvm/java-1.8-openjdk/jre/lib/resources.jar:/usr/lib/jvm/java-1.8-openjdk/jre/lib/rt.jar:/usr/lib/jvm/java-1.8-openjdk/jre/lib/sunrsasign.jar:/usr/lib/jvm/java-1.8-openjdk/jre/lib/jsse.jar:/usr/lib/jvm/java-1.8-openjdk/jre/lib/jce.jar:/usr/lib/jvm/java-1.8-openjdk/jre/lib/charsets.jar:/usr/lib/jvm/java-1.8-openjdk/jre/lib/jfr.jar:/usr/lib/jvm/java-1.8-openjdk/jre/classes"/>
    <property name="sun.management.compiler" value="HotSpot 64-Bit Tiered Compilers"/>
    <property name="java.runtime.version" value="1.8.0_212-b04"/>
    <property name="java.net.preferIPv4Stack" value="true"/>
    <property name="user.name" value="jenkins1000"/>
    <property name="path.separator" value=":"/>
    <property name="java.security.egd" value="file:///dev/urandom"/>
    <property name="os.version" value="3.10.0-957.12.2.el7.x86_64"/>
    <property name="java.endorsed.dirs" value="/usr/lib/jvm/java-1.8-openjdk/jre/lib/endorsed"/>
    <property name="java.runtime.name" value="OpenJDK Runtime Environment"/>
    <property name="file.encoding" value="UTF-8"/>
    <property name="java.vm.name" value="OpenJDK 64-Bit Server VM"/>
    <property name="test.build.webapps" value=""/>
    <property name="localRepository" value="/home/user/.m2/repository"/>
    <property name="java.vendor.url.bug" value="https://icedtea.classpath.org/bugzilla"/>
    <property name="java.io.tmpdir" value="/tmp"/>
    <property name="require.test.libhadoop" value=""/>
    <property name="java.version" value="1.8.0_212"/>
    <property name="user.dir" value="/workdir/hadoop-ozone/integration-test"/>
    <property name="os.arch" value="amd64"/>
    <property name="java.vm.specification.name" value="Java Virtual Machine Specification"/>
    <property name="test.build.classes" value="/workdir/hadoop-ozone/integration-test/target/test-classes"/>
    <property name="java.awt.printerjob" value="sun.print.PSPrinterJob"/>
    <property name="sun.os.patch.level" value="unknown"/>
    <property name="hadoop.tmp.dir" value="/workdir/hadoop-ozone/integration-test/target/tmp"/>
    <property name="java.library.path" value="/usr/lib/jvm/java-1.8-openjdk/jre/lib/amd64/server:/usr/lib/jvm/java-1.8-openjdk/jre/lib/amd64:/usr/lib/jvm/java-1.8-openjdk/jre/../lib/amd64:/workdir/hadoop-ozone/integration-test/target/native/target/usr/local/lib:/workdir/hadoop-ozone/integration-test/../../hadoop-common-project/hadoop-common/target/native/target/usr/local/lib:/usr/java/packages/lib/amd64:/usr/lib64:/lib64:/lib:/usr/lib"/>
    <property name="java.vm.info" value="mixed mode"/>
    <property name="java.vendor" value="IcedTea"/>
    <property name="java.vm.version" value="25.212-b04"/>
    <property name="java.ext.dirs" value="/usr/lib/jvm/java-1.8-openjdk/jre/lib/ext:/usr/java/packages/lib/ext"/>
    <property name="sun.io.unicode.encoding" value="UnicodeLittle"/>
    <property name="java.class.version" value="52.0"/>
  </properties>
  <testcase name="test2DatanodesFailure" classname="org.apache.hadoop.ozone.client.rpc.TestBlockOutputStreamWithFailures" time="52.665"/>
  <testcase name="testDatanodeFailureWithPreAllocation" classname="org.apache.hadoop.ozone.client.rpc.TestBlockOutputStreamWithFailures" time="223.431"/>
  <testcase name="testDatanodeFailureWithSingleNodeRatis" classname="org.apache.hadoop.ozone.client.rpc.TestBlockOutputStreamWithFailures" time="221.53"/>
  <testcase name="testWatchForCommitWithSingleNodeRatis" classname="org.apache.hadoop.ozone.client.rpc.TestBlockOutputStreamWithFailures" time="34.64"/>
  <testcase name="testWatchForCommitDatanodeFailure" classname="org.apache.hadoop.ozone.client.rpc.TestBlockOutputStreamWithFailures" time="42.511">
    <failure message="expected:&lt;2&gt; but was:&lt;3&gt;" type="java.lang.AssertionError"><![CDATA[java.lang.AssertionError: expected:<2> but was:<3>
	at org.junit.Assert.fail(Assert.java:88)
	at org.junit.Assert.failNotEquals(Assert.java:743)
	at org.junit.Assert.assertEquals(Assert.java:118)
	at org.junit.Assert.assertEquals(Assert.java:555)
	at org.junit.Assert.assertEquals(Assert.java:542)
	at org.apache.hadoop.ozone.client.rpc.TestBlockOutputStreamWithFailures.testWatchForCommitDatanodeFailure(TestBlockOutputStreamWithFailures.java:366)
	at sun.reflect.NativeMethodAccessorImpl.invoke0(Native Method)
	at sun.reflect.NativeMethodAccessorImpl.invoke(NativeMethodAccessorImpl.java:62)
	at sun.reflect.DelegatingMethodAccessorImpl.invoke(DelegatingMethodAccessorImpl.java:43)
	at java.lang.reflect.Method.invoke(Method.java:498)
	at org.junit.runners.model.FrameworkMethod$1.runReflectiveCall(FrameworkMethod.java:47)
	at org.junit.internal.runners.model.ReflectiveCallable.run(ReflectiveCallable.java:12)
	at org.junit.runners.model.FrameworkMethod.invokeExplosively(FrameworkMethod.java:44)
	at org.junit.internal.runners.statements.InvokeMethod.evaluate(InvokeMethod.java:17)
	at org.junit.internal.runners.statements.RunBefores.evaluate(RunBefores.java:26)
	at org.junit.internal.runners.statements.RunAfters.evaluate(RunAfters.java:27)
	at org.junit.runners.ParentRunner.runLeaf(ParentRunner.java:271)
	at org.junit.runners.BlockJUnit4ClassRunner.runChild(BlockJUnit4ClassRunner.java:70)
	at org.junit.runners.BlockJUnit4ClassRunner.runChild(BlockJUnit4ClassRunner.java:50)
	at org.junit.runners.ParentRunner$3.run(ParentRunner.java:238)
	at org.junit.runners.ParentRunner$1.schedule(ParentRunner.java:63)
	at org.junit.runners.ParentRunner.runChildren(ParentRunner.java:236)
	at org.junit.runners.ParentRunner.access$000(ParentRunner.java:53)
	at org.junit.runners.ParentRunner$2.evaluate(ParentRunner.java:229)
	at org.junit.runners.ParentRunner.run(ParentRunner.java:309)
	at org.apache.maven.surefire.junit4.JUnit4Provider.execute(JUnit4Provider.java:365)
	at org.apache.maven.surefire.junit4.JUnit4Provider.executeWithRerun(JUnit4Provider.java:273)
	at org.apache.maven.surefire.junit4.JUnit4Provider.executeTestSet(JUnit4Provider.java:238)
	at org.apache.maven.surefire.junit4.JUnit4Provider.invoke(JUnit4Provider.java:159)
	at org.apache.maven.surefire.booter.ForkedBooter.invokeProviderInSameClassLoader(ForkedBooter.java:384)
	at org.apache.maven.surefire.booter.ForkedBooter.runSuitesInProcess(ForkedBooter.java:345)
	at org.apache.maven.surefire.booter.ForkedBooter.execute(ForkedBooter.java:126)
	at org.apache.maven.surefire.booter.ForkedBooter.main(ForkedBooter.java:418)
]]></failure>
    <system-out><![CDATA[2019-09-07 05:34:48,488 [main] WARN  server.ServerUtils (ServerUtils.java:getScmDbDir(145)) - ozone.scm.db.dirs is not configured. We recommend adding this setting. Falling back to ozone.metadata.dirs instead.
2019-09-07 05:34:48,504 [main] WARN  server.ServerUtils (ServerUtils.java:getScmDbDir(145)) - ozone.scm.db.dirs is not configured. We recommend adding this setting. Falling back to ozone.metadata.dirs instead.
2019-09-07 05:34:48,505 [main] WARN  server.ServerUtils (ServerUtils.java:getScmDbDir(145)) - ozone.scm.db.dirs is not configured. We recommend adding this setting. Falling back to ozone.metadata.dirs instead.
2019-09-07 05:34:48,505 [main] INFO  db.DBStoreBuilder (DBStoreBuilder.java:addTable(110)) - using custom profile for table: deletedBlocks
2019-09-07 05:34:48,505 [main] INFO  db.DBStoreBuilder (DBStoreBuilder.java:processTables(161)) - Using default column profile:DBProfile.DISK for Table:deletedBlocks
2019-09-07 05:34:48,506 [main] INFO  db.DBStoreBuilder (DBStoreBuilder.java:addTable(110)) - using custom profile for table: validCerts
2019-09-07 05:34:48,506 [main] INFO  db.DBStoreBuilder (DBStoreBuilder.java:processTables(161)) - Using default column profile:DBProfile.DISK for Table:validCerts
2019-09-07 05:34:48,506 [main] INFO  db.DBStoreBuilder (DBStoreBuilder.java:addTable(110)) - using custom profile for table: revokedCerts
2019-09-07 05:34:48,506 [main] INFO  db.DBStoreBuilder (DBStoreBuilder.java:processTables(161)) - Using default column profile:DBProfile.DISK for Table:revokedCerts
2019-09-07 05:34:48,506 [main] INFO  db.DBStoreBuilder (DBStoreBuilder.java:addTable(110)) - using custom profile for table: default
2019-09-07 05:34:48,506 [main] INFO  db.DBStoreBuilder (DBStoreBuilder.java:processTables(167)) - Using default column profile:DBProfile.DISK for Table:default
2019-09-07 05:34:48,507 [main] INFO  db.DBStoreBuilder (DBStoreBuilder.java:getDbProfile(198)) - Using default options. DBProfile.DISK
2019-09-07 05:34:48,652 [main] INFO  net.NodeSchemaLoader (NodeSchemaLoader.java:loadSchemaFromFile(125)) - Loading file from sun.misc.CompoundEnumeration@31aab981
2019-09-07 05:34:48,652 [main] INFO  net.NodeSchemaLoader (NodeSchemaLoader.java:loadSchema(171)) - Loading network topology layer schema file
2019-09-07 05:34:48,656 [main] INFO  node.SCMNodeManager (SCMNodeManager.java:<init>(114)) - Entering startup safe mode.
2019-09-07 05:34:48,657 [main] INFO  algorithms.ContainerPlacementPolicyFactory (ContainerPlacementPolicyFactory.java:getPolicy(57)) - Create container placement policy of type org.apache.hadoop.hdds.scm.container.placement.algorithms.SCMContainerPlacementRandom
2019-09-07 05:34:48,657 [main] WARN  server.ServerUtils (ServerUtils.java:getScmDbDir(145)) - ozone.scm.db.dirs is not configured. We recommend adding this setting. Falling back to ozone.metadata.dirs instead.
2019-09-07 05:34:48,679 [main] INFO  pipeline.SCMPipelineManager (SCMPipelineManager.java:initializePipelineState(128)) - No pipeline exists in current db
2019-09-07 05:34:48,679 [main] WARN  server.ServerUtils (ServerUtils.java:getScmDbDir(145)) - ozone.scm.db.dirs is not configured. We recommend adding this setting. Falling back to ozone.metadata.dirs instead.
2019-09-07 05:34:48,701 [main] WARN  events.EventQueue (EventQueue.java:fireEvent(183)) - No event handler registered for event TypedEvent{payloadType=SafeModeStatus, name='SafeModeStatus'}
2019-09-07 05:34:48,702 [main] INFO  ipc.CallQueueManager (CallQueueManager.java:<init>(84)) - Using callQueue: class java.util.concurrent.LinkedBlockingQueue, queueCapacity: 2000, scheduler: class org.apache.hadoop.ipc.DefaultRpcScheduler, ipcBackoff: false.
2019-09-07 05:34:48,703 [Socket Reader #1 for port 38244] INFO  ipc.Server (Server.java:run(1074)) - Starting Socket Reader #1 for port 38244
2019-09-07 05:34:48,705 [main] INFO  ipc.CallQueueManager (CallQueueManager.java:<init>(84)) - Using callQueue: class java.util.concurrent.LinkedBlockingQueue, queueCapacity: 2000, scheduler: class org.apache.hadoop.ipc.DefaultRpcScheduler, ipcBackoff: false.
2019-09-07 05:34:48,706 [Socket Reader #1 for port 36098] INFO  ipc.Server (Server.java:run(1074)) - Starting Socket Reader #1 for port 36098
2019-09-07 05:34:48,707 [main] INFO  ipc.CallQueueManager (CallQueueManager.java:<init>(84)) - Using callQueue: class java.util.concurrent.LinkedBlockingQueue, queueCapacity: 2000, scheduler: class org.apache.hadoop.ipc.DefaultRpcScheduler, ipcBackoff: false.
2019-09-07 05:34:48,708 [Socket Reader #1 for port 37897] INFO  ipc.Server (Server.java:run(1074)) - Starting Socket Reader #1 for port 37897
2019-09-07 05:34:48,710 [main] INFO  hdfs.DFSUtil (DFSUtil.java:httpServerTemplateForNNAndJN(1641)) - Starting Web-server for scm at: http://0.0.0.0:0
2019-09-07 05:34:48,713 [main] INFO  server.AuthenticationFilter (AuthenticationFilter.java:constructSecretProvider(240)) - Unable to initialize FileSignerSecretProvider, falling back to use random secrets.
2019-09-07 05:34:48,714 [main] WARN  http.HttpRequestLog (HttpRequestLog.java:getRequestLog(97)) - Jetty request log can only be enabled using Log4j
2019-09-07 05:34:48,717 [main] INFO  http.HttpServer2 (HttpServer2.java:addGlobalFilter(975)) - Added global filter 'safety' (class=org.apache.hadoop.http.HttpServer2$QuotingInputFilter)
2019-09-07 05:34:48,718 [main] INFO  http.HttpServer2 (HttpServer2.java:addFilter(948)) - Added filter static_user_filter (class=org.apache.hadoop.http.lib.StaticUserWebFilter$StaticUserFilter) to context scm
2019-09-07 05:34:48,719 [main] INFO  http.HttpServer2 (HttpServer2.java:addFilter(958)) - Added filter static_user_filter (class=org.apache.hadoop.http.lib.StaticUserWebFilter$StaticUserFilter) to context logs
2019-09-07 05:34:48,719 [main] INFO  http.HttpServer2 (HttpServer2.java:addFilter(958)) - Added filter static_user_filter (class=org.apache.hadoop.http.lib.StaticUserWebFilter$StaticUserFilter) to context static
2019-09-07 05:34:48,722 [main] INFO  server.StorageContainerManager (StorageContainerManager.java:start(763)) - StorageContainerLocationProtocol RPC server is listening at /0.0.0.0:37897
2019-09-07 05:34:48,725 [main] WARN  impl.MetricsConfig (MetricsConfig.java:loadFirst(134)) - Cannot locate configuration: tried hadoop-metrics2-storagecontainermanager.properties,hadoop-metrics2.properties
2019-09-07 05:34:48,727 [main] INFO  impl.MetricsSystemImpl (MetricsSystemImpl.java:startTimer(374)) - Scheduled Metric snapshot period at 10 second(s).
2019-09-07 05:34:48,727 [main] INFO  impl.MetricsSystemImpl (MetricsSystemImpl.java:start(191)) - StorageContainerManager metrics system started
2019-09-07 05:34:48,803 [main] WARN  impl.MetricsSystemImpl (MetricsSystemImpl.java:register(276)) - Sink prometheus already exists!
2019-09-07 05:34:48,883 [main] INFO  server.SCMClientProtocolServer (SCMClientProtocolServer.java:start(151)) - RPC server for Client  is listening at /0.0.0.0:37897
2019-09-07 05:34:48,883 [IPC Server Responder] INFO  ipc.Server (Server.java:run(1314)) - IPC Server Responder: starting
2019-09-07 05:34:48,883 [IPC Server listener on 37897] INFO  ipc.Server (Server.java:run(1153)) - IPC Server listener on 37897: starting
2019-09-07 05:34:48,888 [main] INFO  server.StorageContainerManager (StorageContainerManager.java:start(773)) - ScmBlockLocationProtocol RPC server is listening at /0.0.0.0:36098
2019-09-07 05:34:48,889 [main] INFO  server.SCMBlockProtocolServer (SCMBlockProtocolServer.java:start(146)) - RPC server for Block Protocol is listening at /0.0.0.0:36098
2019-09-07 05:34:48,889 [IPC Server Responder] INFO  ipc.Server (Server.java:run(1314)) - IPC Server Responder: starting
2019-09-07 05:34:48,890 [IPC Server listener on 36098] INFO  ipc.Server (Server.java:run(1153)) - IPC Server listener on 36098: starting
2019-09-07 05:34:48,894 [main] INFO  server.StorageContainerManager (StorageContainerManager.java:start(777)) - ScmDatanodeProtocl RPC server is listening at /0.0.0.0:38244
2019-09-07 05:34:48,894 [main] INFO  server.SCMDatanodeProtocolServer (SCMDatanodeProtocolServer.java:start(191)) - RPC server for DataNodes is listening at /0.0.0.0:38244
2019-09-07 05:34:48,895 [IPC Server Responder] INFO  ipc.Server (Server.java:run(1314)) - IPC Server Responder: starting
2019-09-07 05:34:48,895 [IPC Server listener on 38244] INFO  ipc.Server (Server.java:run(1153)) - IPC Server listener on 38244: starting
2019-09-07 05:34:48,900 [main] INFO  http.HttpServer2 (HttpServer2.java:bindListener(1191)) - Jetty bound to port 44181
2019-09-07 05:34:48,900 [main] INFO  server.Server (Server.java:doStart(351)) - jetty-9.3.24.v20180605, build timestamp: 2018-06-05T17:11:56Z, git hash: 84205aa28f11a4f31f2a3b86d1bba2cc8ab69827
2019-09-07 05:34:48,902 [main] INFO  handler.ContextHandler (ContextHandler.java:doStart(781)) - Started o.e.j.s.ServletContextHandler@21f7e537{/logs,file:///workdir/hadoop-ozone/integration-test/target/log,AVAILABLE}
2019-09-07 05:34:48,902 [main] INFO  handler.ContextHandler (ContextHandler.java:doStart(781)) - Started o.e.j.s.ServletContextHandler@62b6c045{/static,file:///workdir/hadoop-ozone/integration-test/target/test-classes/webapps/static,AVAILABLE}
2019-09-07 05:34:48,907 [main] INFO  handler.ContextHandler (ContextHandler.java:doStart(781)) - Started o.e.j.w.WebAppContext@9e02f84{/,file:///workdir/hadoop-ozone/integration-test/target/test-classes/webapps/scm/,AVAILABLE}{/scm}
2019-09-07 05:34:48,908 [main] INFO  server.AbstractConnector (AbstractConnector.java:doStart(278)) - Started ServerConnector@1e6060f1{HTTP/1.1,[http/1.1]}{0.0.0.0:44181}
2019-09-07 05:34:48,909 [main] INFO  server.Server (Server.java:doStart(419)) - Started @533296ms
2019-09-07 05:34:48,910 [main] WARN  impl.MetricsSystemImpl (MetricsSystemImpl.java:register(276)) - Sink prometheus already exists!
2019-09-07 05:34:48,911 [main] INFO  server.BaseHttpServer (BaseHttpServer.java:updateConnectorAddress(215)) - HTTP server of SCM is listening at http://0.0.0.0:44181
2019-09-07 05:34:48,912 [main] WARN  server.ServerUtils (ServerUtils.java:getDBPath(222)) - ozone.om.db.dirs is not configured. We recommend adding this setting. Falling back to ozone.metadata.dirs instead.
2019-09-07 05:34:48,913 [org.apache.hadoop.util.JvmPauseMonitor$Monitor@2c6c302f] INFO  util.JvmPauseMonitor (JvmPauseMonitor.java:run(188)) - Starting JVM pause monitor
2019-09-07 05:34:48,927 [main] WARN  server.ServerUtils (ServerUtils.java:getDBPath(222)) - ozone.om.db.dirs is not configured. We recommend adding this setting. Falling back to ozone.metadata.dirs instead.
2019-09-07 05:34:48,928 [main] WARN  server.ServerUtils (ServerUtils.java:getDBPath(222)) - ozone.om.db.dirs is not configured. We recommend adding this setting. Falling back to ozone.metadata.dirs instead.
2019-09-07 05:34:48,928 [main] INFO  om.OzoneManager (OzoneManager.java:setOMNodeDetails(649)) - OM Service ID is not set. Setting it to the default ID: omServiceIdDefault
2019-09-07 05:34:48,928 [main] INFO  om.OzoneManager (OzoneManager.java:setOMNodeDetails(655)) - OM Node ID is not set. Setting it to the OmStorage's OmID: 2b4684c0-083f-4d0e-8158-f25355e1f1fa
2019-09-07 05:34:48,929 [main] INFO  om.OzoneManager (OzoneManager.java:loadOMHAConfigs(606)) - Found matching OM address with OMServiceId: null, OMNodeId: null, RPC Address: localhost:0 and Ratis port: 9872
2019-09-07 05:34:48,935 [main] WARN  server.ServerUtils (ServerUtils.java:getDBPath(222)) - ozone.om.db.dirs is not configured. We recommend adding this setting. Falling back to ozone.metadata.dirs instead.
2019-09-07 05:34:48,936 [main] INFO  db.DBStoreBuilder (DBStoreBuilder.java:addTable(110)) - using custom profile for table: userTable
2019-09-07 05:34:48,936 [main] INFO  db.DBStoreBuilder (DBStoreBuilder.java:processTables(161)) - Using default column profile:DBProfile.DISK for Table:userTable
2019-09-07 05:34:48,936 [main] INFO  db.DBStoreBuilder (DBStoreBuilder.java:addTable(110)) - using custom profile for table: volumeTable
2019-09-07 05:34:48,936 [main] INFO  db.DBStoreBuilder (DBStoreBuilder.java:processTables(161)) - Using default column profile:DBProfile.DISK for Table:volumeTable
2019-09-07 05:34:48,936 [main] INFO  db.DBStoreBuilder (DBStoreBuilder.java:addTable(110)) - using custom profile for table: bucketTable
2019-09-07 05:34:48,937 [main] INFO  db.DBStoreBuilder (DBStoreBuilder.java:processTables(161)) - Using default column profile:DBProfile.DISK for Table:bucketTable
2019-09-07 05:34:48,937 [main] INFO  db.DBStoreBuilder (DBStoreBuilder.java:addTable(110)) - using custom profile for table: keyTable
2019-09-07 05:34:48,937 [main] INFO  db.DBStoreBuilder (DBStoreBuilder.java:processTables(161)) - Using default column profile:DBProfile.DISK for Table:keyTable
2019-09-07 05:34:48,937 [main] INFO  db.DBStoreBuilder (DBStoreBuilder.java:addTable(110)) - using custom profile for table: deletedTable
2019-09-07 05:34:48,937 [main] INFO  db.DBStoreBuilder (DBStoreBuilder.java:processTables(161)) - Using default column profile:DBProfile.DISK for Table:deletedTable
2019-09-07 05:34:48,938 [main] INFO  db.DBStoreBuilder (DBStoreBuilder.java:addTable(110)) - using custom profile for table: openKeyTable
2019-09-07 05:34:48,938 [main] INFO  db.DBStoreBuilder (DBStoreBuilder.java:processTables(161)) - Using default column profile:DBProfile.DISK for Table:openKeyTable
2019-09-07 05:34:48,938 [main] INFO  db.DBStoreBuilder (DBStoreBuilder.java:addTable(110)) - using custom profile for table: s3Table
2019-09-07 05:34:48,938 [main] INFO  db.DBStoreBuilder (DBStoreBuilder.java:processTables(161)) - Using default column profile:DBProfile.DISK for Table:s3Table
2019-09-07 05:34:48,938 [main] INFO  db.DBStoreBuilder (DBStoreBuilder.java:addTable(110)) - using custom profile for table: multipartInfoTable
2019-09-07 05:34:48,939 [main] INFO  db.DBStoreBuilder (DBStoreBuilder.java:processTables(161)) - Using default column profile:DBProfile.DISK for Table:multipartInfoTable
2019-09-07 05:34:48,939 [main] INFO  db.DBStoreBuilder (DBStoreBuilder.java:addTable(110)) - using custom profile for table: dTokenTable
2019-09-07 05:34:48,939 [main] INFO  db.DBStoreBuilder (DBStoreBuilder.java:processTables(161)) - Using default column profile:DBProfile.DISK for Table:dTokenTable
2019-09-07 05:34:48,939 [main] INFO  db.DBStoreBuilder (DBStoreBuilder.java:addTable(110)) - using custom profile for table: s3SecretTable
2019-09-07 05:34:48,939 [main] INFO  db.DBStoreBuilder (DBStoreBuilder.java:processTables(161)) - Using default column profile:DBProfile.DISK for Table:s3SecretTable
2019-09-07 05:34:48,940 [main] INFO  db.DBStoreBuilder (DBStoreBuilder.java:addTable(110)) - using custom profile for table: prefixTable
2019-09-07 05:34:48,940 [main] INFO  db.DBStoreBuilder (DBStoreBuilder.java:processTables(161)) - Using default column profile:DBProfile.DISK for Table:prefixTable
2019-09-07 05:34:48,940 [main] INFO  db.DBStoreBuilder (DBStoreBuilder.java:addTable(110)) - using custom profile for table: default
2019-09-07 05:34:48,940 [main] INFO  db.DBStoreBuilder (DBStoreBuilder.java:processTables(167)) - Using default column profile:DBProfile.DISK for Table:default
2019-09-07 05:34:48,941 [main] INFO  db.DBStoreBuilder (DBStoreBuilder.java:getDbProfile(198)) - Using default options. DBProfile.DISK
2019-09-07 05:34:49,323 [main] INFO  ipc.CallQueueManager (CallQueueManager.java:<init>(84)) - Using callQueue: class java.util.concurrent.LinkedBlockingQueue, queueCapacity: 2000, scheduler: class org.apache.hadoop.ipc.DefaultRpcScheduler, ipcBackoff: false.
2019-09-07 05:34:49,327 [Socket Reader #1 for port 42979] INFO  ipc.Server (Server.java:run(1074)) - Starting Socket Reader #1 for port 42979
2019-09-07 05:34:49,344 [main] INFO  om.OzoneManager (OzoneManager.java:start(1240)) - OzoneManager RPC server is listening at localhost/127.0.0.1:42979
2019-09-07 05:34:49,344 [main] INFO  impl.MetricsSystemImpl (MetricsSystemImpl.java:init(158)) - OzoneManager metrics system started (again)
2019-09-07 05:34:49,345 [IPC Server Responder] INFO  ipc.Server (Server.java:run(1314)) - IPC Server Responder: starting
2019-09-07 05:34:49,345 [IPC Server listener on 42979] INFO  ipc.Server (Server.java:run(1153)) - IPC Server listener on 42979: starting
2019-09-07 05:34:49,351 [main] INFO  hdfs.DFSUtil (DFSUtil.java:httpServerTemplateForNNAndJN(1641)) - Starting Web-server for ozoneManager at: http://0.0.0.0:0
2019-09-07 05:34:49,352 [main] INFO  server.AuthenticationFilter (AuthenticationFilter.java:constructSecretProvider(240)) - Unable to initialize FileSignerSecretProvider, falling back to use random secrets.
2019-09-07 05:34:49,353 [main] WARN  http.HttpRequestLog (HttpRequestLog.java:getRequestLog(97)) - Jetty request log can only be enabled using Log4j
2019-09-07 05:34:49,354 [main] INFO  http.HttpServer2 (HttpServer2.java:addGlobalFilter(975)) - Added global filter 'safety' (class=org.apache.hadoop.http.HttpServer2$QuotingInputFilter)
2019-09-07 05:34:49,355 [main] INFO  http.HttpServer2 (HttpServer2.java:addFilter(948)) - Added filter static_user_filter (class=org.apache.hadoop.http.lib.StaticUserWebFilter$StaticUserFilter) to context ozoneManager
2019-09-07 05:34:49,355 [main] INFO  http.HttpServer2 (HttpServer2.java:addFilter(958)) - Added filter static_user_filter (class=org.apache.hadoop.http.lib.StaticUserWebFilter$StaticUserFilter) to context logs
2019-09-07 05:34:49,355 [main] INFO  http.HttpServer2 (HttpServer2.java:addFilter(958)) - Added filter static_user_filter (class=org.apache.hadoop.http.lib.StaticUserWebFilter$StaticUserFilter) to context static
2019-09-07 05:34:49,356 [main] INFO  http.HttpServer2 (HttpServer2.java:bindListener(1191)) - Jetty bound to port 40907
2019-09-07 05:34:49,356 [main] INFO  server.Server (Server.java:doStart(351)) - jetty-9.3.24.v20180605, build timestamp: 2018-06-05T17:11:56Z, git hash: 84205aa28f11a4f31f2a3b86d1bba2cc8ab69827
2019-09-07 05:34:49,358 [main] INFO  handler.ContextHandler (ContextHandler.java:doStart(781)) - Started o.e.j.s.ServletContextHandler@492521c4{/logs,file:///workdir/hadoop-ozone/integration-test/target/log,AVAILABLE}
2019-09-07 05:34:49,358 [main] INFO  handler.ContextHandler (ContextHandler.java:doStart(781)) - Started o.e.j.s.ServletContextHandler@6ddd1c51{/static,file:///workdir/hadoop-ozone/integration-test/target/test-classes/webapps/static,AVAILABLE}
2019-09-07 05:34:49,363 [main] INFO  handler.ContextHandler (ContextHandler.java:doStart(781)) - Started o.e.j.w.WebAppContext@512abf25{/,file:///workdir/hadoop-ozone/integration-test/target/test-classes/webapps/ozoneManager/,AVAILABLE}{/ozoneManager}
2019-09-07 05:34:49,363 [main] INFO  server.AbstractConnector (AbstractConnector.java:doStart(278)) - Started ServerConnector@515ab3f2{HTTP/1.1,[http/1.1]}{0.0.0.0:40907}
2019-09-07 05:34:49,364 [main] INFO  server.Server (Server.java:doStart(419)) - Started @533750ms
2019-09-07 05:34:49,364 [main] WARN  impl.MetricsSystemImpl (MetricsSystemImpl.java:register(276)) - Sink prometheus already exists!
2019-09-07 05:34:49,365 [main] INFO  server.BaseHttpServer (BaseHttpServer.java:updateConnectorAddress(215)) - HTTP server of OZONEMANAGER is listening at http://0.0.0.0:40907
2019-09-07 05:34:49,384 [main] INFO  impl.MetricsSystemImpl (MetricsSystemImpl.java:init(158)) - HddsDatanode metrics system started (again)
2019-09-07 05:34:49,388 [main] INFO  ozone.HddsDatanodeService (HddsDatanodeService.java:start(184)) - HddsDatanodeService host:trunk-nightly-20190907-l8mkd-3410636087 ip:192.168.36.105
2019-09-07 05:34:49,395 [main] INFO  volume.HddsVolume (HddsVolume.java:<init>(176)) - Creating Volume: /workdir/hadoop-ozone/integration-test/target/test-dir/MiniOzoneClusterImpl-ca08d622-674a-461b-bc82-2b6f62167716/datanode-0/data/containers/hdds of  storage type : DISK and capacity : 1482555576320
2019-09-07 05:34:49,396 [main] INFO  volume.VolumeSet (VolumeSet.java:initializeVolumeSet(170)) - Added Volume : /workdir/hadoop-ozone/integration-test/target/test-dir/MiniOzoneClusterImpl-ca08d622-674a-461b-bc82-2b6f62167716/datanode-0/data/containers/hdds to VolumeSet
2019-09-07 05:34:49,396 [main] INFO  volume.ThrottledAsyncChecker (ThrottledAsyncChecker.java:schedule(140)) - Scheduling a check for org.apache.hadoop.ozone.container.common.volume.HddsVolume@26f0141
2019-09-07 05:34:49,396 [main] INFO  volume.HddsVolumeChecker (HddsVolumeChecker.java:checkAllVolumes(203)) - Scheduled health check for volume org.apache.hadoop.ozone.container.common.volume.HddsVolume@26f0141
2019-09-07 05:34:49,412 [main] INFO  impl.RaftServerProxy (ConfUtils.java:logGet(43)) - raft.rpc.type = GRPC (default)
2019-09-07 05:34:49,412 [main] INFO  grpc.GrpcFactory (GrpcFactory.java:checkPooledByteBufAllocatorUseCacheForAllThreads(45)) - PERFORMANCE WARNING: useCacheForAllThreads is true that may cause Netty to create a lot garbage objects and, as a result, trigger GC.
	It is recommended to disable useCacheForAllThreads by setting -Dorg.apache.ratis.thirdparty.io.netty.allocator.useCacheForAllThreads=false in command line.
2019-09-07 05:34:49,412 [main] INFO  grpc.GrpcConfigKeys$Server (ConfUtils.java:logGet(43)) - raft.grpc.server.port = 0 (default)
2019-09-07 05:34:49,413 [main] INFO  server.GrpcService (ConfUtils.java:logGet(43)) - raft.grpc.message.size.max = 33570816 (custom)
2019-09-07 05:34:49,413 [main] INFO  server.RaftServerConfigKeys (ConfUtils.java:logGet(43)) - raft.server.log.appender.buffer.byte-limit = 33554432 (custom)
2019-09-07 05:34:49,413 [main] INFO  server.GrpcService (ConfUtils.java:logGet(43)) - raft.grpc.flow.control.window = 1MB (=1048576) (default)
2019-09-07 05:34:49,413 [main] INFO  server.RaftServerConfigKeys (ConfUtils.java:logGet(43)) - raft.server.rpc.request.timeout = 3000ms (default)
2019-09-07 05:34:49,414 [main] INFO  server.RaftServerConfigKeys (ConfUtils.java:logGet(43)) - raft.server.storage.dir = [/workdir/hadoop-ozone/integration-test/target/test-dir/MiniOzoneClusterImpl-ca08d622-674a-461b-bc82-2b6f62167716/datanode-0/data/ratis] (custom)
2019-09-07 05:34:49,415 [main] INFO  hdfs.DFSUtil (DFSUtil.java:httpServerTemplateForNNAndJN(1641)) - Starting Web-server for hddsDatanode at: http://0.0.0.0:0
2019-09-07 05:34:49,417 [main] INFO  server.AuthenticationFilter (AuthenticationFilter.java:constructSecretProvider(240)) - Unable to initialize FileSignerSecretProvider, falling back to use random secrets.
2019-09-07 05:34:49,417 [main] WARN  http.HttpRequestLog (HttpRequestLog.java:getRequestLog(97)) - Jetty request log can only be enabled using Log4j
2019-09-07 05:34:49,418 [main] INFO  http.HttpServer2 (HttpServer2.java:addGlobalFilter(975)) - Added global filter 'safety' (class=org.apache.hadoop.http.HttpServer2$QuotingInputFilter)
2019-09-07 05:34:49,419 [main] INFO  http.HttpServer2 (HttpServer2.java:addFilter(948)) - Added filter static_user_filter (class=org.apache.hadoop.http.lib.StaticUserWebFilter$StaticUserFilter) to context hddsDatanode
2019-09-07 05:34:49,419 [main] INFO  http.HttpServer2 (HttpServer2.java:addFilter(958)) - Added filter static_user_filter (class=org.apache.hadoop.http.lib.StaticUserWebFilter$StaticUserFilter) to context logs
2019-09-07 05:34:49,419 [main] INFO  http.HttpServer2 (HttpServer2.java:addFilter(958)) - Added filter static_user_filter (class=org.apache.hadoop.http.lib.StaticUserWebFilter$StaticUserFilter) to context static
2019-09-07 05:34:49,420 [main] INFO  http.HttpServer2 (HttpServer2.java:bindListener(1191)) - Jetty bound to port 38973
2019-09-07 05:34:49,420 [main] INFO  server.Server (Server.java:doStart(351)) - jetty-9.3.24.v20180605, build timestamp: 2018-06-05T17:11:56Z, git hash: 84205aa28f11a4f31f2a3b86d1bba2cc8ab69827
2019-09-07 05:34:49,422 [main] INFO  handler.ContextHandler (ContextHandler.java:doStart(781)) - Started o.e.j.s.ServletContextHandler@7c453c34{/logs,file:///workdir/hadoop-ozone/integration-test/target/log,AVAILABLE}
2019-09-07 05:34:49,422 [main] INFO  handler.ContextHandler (ContextHandler.java:doStart(781)) - Started o.e.j.s.ServletContextHandler@3dfd6220{/static,jar:file:/home/user/.m2/repository/org/apache/hadoop/hadoop-hdds-container-service/0.5.0-SNAPSHOT/hadoop-hdds-container-service-0.5.0-SNAPSHOT.jar!/webapps/static,AVAILABLE}
2019-09-07 05:34:49,449 [main] INFO  handler.ContextHandler (ContextHandler.java:doStart(781)) - Started o.e.j.w.WebAppContext@41aebbb4{/,file:///tmp/jetty-0.0.0.0-38973-hddsDatanode-_-any-6358472152955484660.dir/webapp/,AVAILABLE}{/hddsDatanode}
2019-09-07 05:34:49,450 [main] INFO  server.AbstractConnector (AbstractConnector.java:doStart(278)) - Started ServerConnector@afde064{HTTP/1.1,[http/1.1]}{0.0.0.0:38973}
2019-09-07 05:34:49,450 [main] INFO  server.Server (Server.java:doStart(419)) - Started @533836ms
2019-09-07 05:34:49,451 [main] WARN  impl.MetricsSystemImpl (MetricsSystemImpl.java:register(276)) - Sink prometheus already exists!
2019-09-07 05:34:49,452 [main] INFO  server.BaseHttpServer (BaseHttpServer.java:updateConnectorAddress(215)) - HTTP server of HDDSDATANODE is listening at http://0.0.0.0:38973
2019-09-07 05:34:49,452 [main] INFO  impl.MetricsSystemImpl (MetricsSystemImpl.java:init(158)) - HddsDatanode metrics system started (again)
2019-09-07 05:34:49,455 [org.apache.hadoop.util.JvmPauseMonitor$Monitor@76ccbe77] INFO  util.JvmPauseMonitor (JvmPauseMonitor.java:run(188)) - Starting JVM pause monitor
2019-09-07 05:34:49,456 [main] INFO  ozone.HddsDatanodeService (HddsDatanodeService.java:start(184)) - HddsDatanodeService host:trunk-nightly-20190907-l8mkd-3410636087 ip:192.168.36.105
2019-09-07 05:34:49,457 [Datanode State Machine Thread - 0] INFO  datanode.InitDatanodeState (InitDatanodeState.java:persistContainerDatanodeDetails(140)) - DatanodeDetails is persisted to /workdir/hadoop-ozone/integration-test/target/test-dir/MiniOzoneClusterImpl-ca08d622-674a-461b-bc82-2b6f62167716/datanode-0/meta/datanode.id
2019-09-07 05:34:49,461 [main] INFO  volume.HddsVolume (HddsVolume.java:<init>(176)) - Creating Volume: /workdir/hadoop-ozone/integration-test/target/test-dir/MiniOzoneClusterImpl-ca08d622-674a-461b-bc82-2b6f62167716/datanode-1/data/containers/hdds of  storage type : DISK and capacity : 1482555576320
2019-09-07 05:34:49,462 [main] INFO  volume.VolumeSet (VolumeSet.java:initializeVolumeSet(170)) - Added Volume : /workdir/hadoop-ozone/integration-test/target/test-dir/MiniOzoneClusterImpl-ca08d622-674a-461b-bc82-2b6f62167716/datanode-1/data/containers/hdds to VolumeSet
2019-09-07 05:34:49,462 [main] INFO  volume.ThrottledAsyncChecker (ThrottledAsyncChecker.java:schedule(140)) - Scheduling a check for org.apache.hadoop.ozone.container.common.volume.HddsVolume@4ffced4e
2019-09-07 05:34:49,462 [main] INFO  volume.HddsVolumeChecker (HddsVolumeChecker.java:checkAllVolumes(203)) - Scheduled health check for volume org.apache.hadoop.ozone.container.common.volume.HddsVolume@4ffced4e
2019-09-07 05:34:49,474 [main] INFO  impl.RaftServerProxy (ConfUtils.java:logGet(43)) - raft.rpc.type = GRPC (default)
2019-09-07 05:34:49,474 [main] INFO  grpc.GrpcFactory (GrpcFactory.java:checkPooledByteBufAllocatorUseCacheForAllThreads(45)) - PERFORMANCE WARNING: useCacheForAllThreads is true that may cause Netty to create a lot garbage objects and, as a result, trigger GC.
	It is recommended to disable useCacheForAllThreads by setting -Dorg.apache.ratis.thirdparty.io.netty.allocator.useCacheForAllThreads=false in command line.
2019-09-07 05:34:49,474 [main] INFO  grpc.GrpcConfigKeys$Server (ConfUtils.java:logGet(43)) - raft.grpc.server.port = 0 (default)
2019-09-07 05:34:49,475 [main] INFO  server.GrpcService (ConfUtils.java:logGet(43)) - raft.grpc.message.size.max = 33570816 (custom)
2019-09-07 05:34:49,475 [main] INFO  server.RaftServerConfigKeys (ConfUtils.java:logGet(43)) - raft.server.log.appender.buffer.byte-limit = 33554432 (custom)
2019-09-07 05:34:49,475 [main] INFO  server.GrpcService (ConfUtils.java:logGet(43)) - raft.grpc.flow.control.window = 1MB (=1048576) (default)
2019-09-07 05:34:49,475 [main] INFO  server.RaftServerConfigKeys (ConfUtils.java:logGet(43)) - raft.server.rpc.request.timeout = 3000ms (default)
2019-09-07 05:34:49,475 [main] INFO  server.RaftServerConfigKeys (ConfUtils.java:logGet(43)) - raft.server.storage.dir = [/workdir/hadoop-ozone/integration-test/target/test-dir/MiniOzoneClusterImpl-ca08d622-674a-461b-bc82-2b6f62167716/datanode-1/data/ratis] (custom)
2019-09-07 05:34:49,476 [main] INFO  hdfs.DFSUtil (DFSUtil.java:httpServerTemplateForNNAndJN(1641)) - Starting Web-server for hddsDatanode at: http://0.0.0.0:0
2019-09-07 05:34:49,478 [main] INFO  server.AuthenticationFilter (AuthenticationFilter.java:constructSecretProvider(240)) - Unable to initialize FileSignerSecretProvider, falling back to use random secrets.
2019-09-07 05:34:49,478 [main] WARN  http.HttpRequestLog (HttpRequestLog.java:getRequestLog(97)) - Jetty request log can only be enabled using Log4j
2019-09-07 05:34:49,479 [main] INFO  http.HttpServer2 (HttpServer2.java:addGlobalFilter(975)) - Added global filter 'safety' (class=org.apache.hadoop.http.HttpServer2$QuotingInputFilter)
2019-09-07 05:34:49,480 [main] INFO  http.HttpServer2 (HttpServer2.java:addFilter(948)) - Added filter static_user_filter (class=org.apache.hadoop.http.lib.StaticUserWebFilter$StaticUserFilter) to context hddsDatanode
2019-09-07 05:34:49,480 [main] INFO  http.HttpServer2 (HttpServer2.java:addFilter(958)) - Added filter static_user_filter (class=org.apache.hadoop.http.lib.StaticUserWebFilter$StaticUserFilter) to context logs
2019-09-07 05:34:49,480 [main] INFO  http.HttpServer2 (HttpServer2.java:addFilter(958)) - Added filter static_user_filter (class=org.apache.hadoop.http.lib.StaticUserWebFilter$StaticUserFilter) to context static
2019-09-07 05:34:49,481 [main] INFO  http.HttpServer2 (HttpServer2.java:bindListener(1191)) - Jetty bound to port 46581
2019-09-07 05:34:49,481 [main] INFO  server.Server (Server.java:doStart(351)) - jetty-9.3.24.v20180605, build timestamp: 2018-06-05T17:11:56Z, git hash: 84205aa28f11a4f31f2a3b86d1bba2cc8ab69827
2019-09-07 05:34:49,482 [main] INFO  handler.ContextHandler (ContextHandler.java:doStart(781)) - Started o.e.j.s.ServletContextHandler@4270b142{/logs,file:///workdir/hadoop-ozone/integration-test/target/log,AVAILABLE}
2019-09-07 05:34:49,483 [main] INFO  handler.ContextHandler (ContextHandler.java:doStart(781)) - Started o.e.j.s.ServletContextHandler@6314df3c{/static,jar:file:/home/user/.m2/repository/org/apache/hadoop/hadoop-hdds-container-service/0.5.0-SNAPSHOT/hadoop-hdds-container-service-0.5.0-SNAPSHOT.jar!/webapps/static,AVAILABLE}
2019-09-07 05:34:49,507 [main] INFO  handler.ContextHandler (ContextHandler.java:doStart(781)) - Started o.e.j.w.WebAppContext@6459f4ea{/,file:///tmp/jetty-0.0.0.0-46581-hddsDatanode-_-any-4353697628111121374.dir/webapp/,AVAILABLE}{/hddsDatanode}
2019-09-07 05:34:49,507 [main] INFO  server.AbstractConnector (AbstractConnector.java:doStart(278)) - Started ServerConnector@740b9a50{HTTP/1.1,[http/1.1]}{0.0.0.0:46581}
2019-09-07 05:34:49,509 [main] INFO  server.Server (Server.java:doStart(419)) - Started @533895ms
2019-09-07 05:34:49,509 [main] WARN  impl.MetricsSystemImpl (MetricsSystemImpl.java:register(276)) - Sink prometheus already exists!
2019-09-07 05:34:49,510 [main] INFO  server.BaseHttpServer (BaseHttpServer.java:updateConnectorAddress(215)) - HTTP server of HDDSDATANODE is listening at http://0.0.0.0:46581
2019-09-07 05:34:49,510 [main] INFO  impl.MetricsSystemImpl (MetricsSystemImpl.java:init(158)) - HddsDatanode metrics system started (again)
2019-09-07 05:34:49,513 [org.apache.hadoop.util.JvmPauseMonitor$Monitor@1e82fe2b] INFO  util.JvmPauseMonitor (JvmPauseMonitor.java:run(188)) - Starting JVM pause monitor
2019-09-07 05:34:49,514 [Datanode State Machine Thread - 0] INFO  datanode.InitDatanodeState (InitDatanodeState.java:persistContainerDatanodeDetails(140)) - DatanodeDetails is persisted to /workdir/hadoop-ozone/integration-test/target/test-dir/MiniOzoneClusterImpl-ca08d622-674a-461b-bc82-2b6f62167716/datanode-1/meta/datanode.id
2019-09-07 05:34:49,514 [main] INFO  ozone.HddsDatanodeService (HddsDatanodeService.java:start(184)) - HddsDatanodeService host:trunk-nightly-20190907-l8mkd-3410636087 ip:192.168.36.105
2019-09-07 05:34:49,520 [main] INFO  volume.HddsVolume (HddsVolume.java:<init>(176)) - Creating Volume: /workdir/hadoop-ozone/integration-test/target/test-dir/MiniOzoneClusterImpl-ca08d622-674a-461b-bc82-2b6f62167716/datanode-2/data/containers/hdds of  storage type : DISK and capacity : 1482555576320
2019-09-07 05:34:49,521 [main] INFO  volume.VolumeSet (VolumeSet.java:initializeVolumeSet(170)) - Added Volume : /workdir/hadoop-ozone/integration-test/target/test-dir/MiniOzoneClusterImpl-ca08d622-674a-461b-bc82-2b6f62167716/datanode-2/data/containers/hdds to VolumeSet
2019-09-07 05:34:49,521 [main] INFO  volume.ThrottledAsyncChecker (ThrottledAsyncChecker.java:schedule(140)) - Scheduling a check for org.apache.hadoop.ozone.container.common.volume.HddsVolume@723e2d08
2019-09-07 05:34:49,521 [main] INFO  volume.HddsVolumeChecker (HddsVolumeChecker.java:checkAllVolumes(203)) - Scheduled health check for volume org.apache.hadoop.ozone.container.common.volume.HddsVolume@723e2d08
2019-09-07 05:34:49,535 [main] INFO  impl.RaftServerProxy (ConfUtils.java:logGet(43)) - raft.rpc.type = GRPC (default)
2019-09-07 05:34:49,535 [main] INFO  grpc.GrpcFactory (GrpcFactory.java:checkPooledByteBufAllocatorUseCacheForAllThreads(45)) - PERFORMANCE WARNING: useCacheForAllThreads is true that may cause Netty to create a lot garbage objects and, as a result, trigger GC.
	It is recommended to disable useCacheForAllThreads by setting -Dorg.apache.ratis.thirdparty.io.netty.allocator.useCacheForAllThreads=false in command line.
2019-09-07 05:34:49,535 [main] INFO  grpc.GrpcConfigKeys$Server (ConfUtils.java:logGet(43)) - raft.grpc.server.port = 0 (default)
2019-09-07 05:34:49,536 [main] INFO  server.GrpcService (ConfUtils.java:logGet(43)) - raft.grpc.message.size.max = 33570816 (custom)
2019-09-07 05:34:49,536 [main] INFO  server.RaftServerConfigKeys (ConfUtils.java:logGet(43)) - raft.server.log.appender.buffer.byte-limit = 33554432 (custom)
2019-09-07 05:34:49,536 [main] INFO  server.GrpcService (ConfUtils.java:logGet(43)) - raft.grpc.flow.control.window = 1MB (=1048576) (default)
2019-09-07 05:34:49,536 [main] INFO  server.RaftServerConfigKeys (ConfUtils.java:logGet(43)) - raft.server.rpc.request.timeout = 3000ms (default)
2019-09-07 05:34:49,536 [main] INFO  server.RaftServerConfigKeys (ConfUtils.java:logGet(43)) - raft.server.storage.dir = [/workdir/hadoop-ozone/integration-test/target/test-dir/MiniOzoneClusterImpl-ca08d622-674a-461b-bc82-2b6f62167716/datanode-2/data/ratis] (custom)
2019-09-07 05:34:49,537 [main] INFO  hdfs.DFSUtil (DFSUtil.java:httpServerTemplateForNNAndJN(1641)) - Starting Web-server for hddsDatanode at: http://0.0.0.0:0
2019-09-07 05:34:49,538 [main] INFO  server.AuthenticationFilter (AuthenticationFilter.java:constructSecretProvider(240)) - Unable to initialize FileSignerSecretProvider, falling back to use random secrets.
2019-09-07 05:34:49,539 [main] WARN  http.HttpRequestLog (HttpRequestLog.java:getRequestLog(97)) - Jetty request log can only be enabled using Log4j
2019-09-07 05:34:49,540 [main] INFO  http.HttpServer2 (HttpServer2.java:addGlobalFilter(975)) - Added global filter 'safety' (class=org.apache.hadoop.http.HttpServer2$QuotingInputFilter)
2019-09-07 05:34:49,540 [main] INFO  http.HttpServer2 (HttpServer2.java:addFilter(948)) - Added filter static_user_filter (class=org.apache.hadoop.http.lib.StaticUserWebFilter$StaticUserFilter) to context hddsDatanode
2019-09-07 05:34:49,541 [main] INFO  http.HttpServer2 (HttpServer2.java:addFilter(958)) - Added filter static_user_filter (class=org.apache.hadoop.http.lib.StaticUserWebFilter$StaticUserFilter) to context static
2019-09-07 05:34:49,541 [main] INFO  http.HttpServer2 (HttpServer2.java:addFilter(958)) - Added filter static_user_filter (class=org.apache.hadoop.http.lib.StaticUserWebFilter$StaticUserFilter) to context logs
2019-09-07 05:34:49,541 [main] INFO  http.HttpServer2 (HttpServer2.java:bindListener(1191)) - Jetty bound to port 41571
2019-09-07 05:34:49,541 [main] INFO  server.Server (Server.java:doStart(351)) - jetty-9.3.24.v20180605, build timestamp: 2018-06-05T17:11:56Z, git hash: 84205aa28f11a4f31f2a3b86d1bba2cc8ab69827
2019-09-07 05:34:49,543 [main] INFO  handler.ContextHandler (ContextHandler.java:doStart(781)) - Started o.e.j.s.ServletContextHandler@28d739f1{/logs,file:///workdir/hadoop-ozone/integration-test/target/log,AVAILABLE}
2019-09-07 05:34:49,543 [main] INFO  handler.ContextHandler (ContextHandler.java:doStart(781)) - Started o.e.j.s.ServletContextHandler@7e3d2ebd{/static,jar:file:/home/user/.m2/repository/org/apache/hadoop/hadoop-hdds-container-service/0.5.0-SNAPSHOT/hadoop-hdds-container-service-0.5.0-SNAPSHOT.jar!/webapps/static,AVAILABLE}
2019-09-07 05:34:49,567 [main] INFO  handler.ContextHandler (ContextHandler.java:doStart(781)) - Started o.e.j.w.WebAppContext@4602f874{/,file:///tmp/jetty-0.0.0.0-41571-hddsDatanode-_-any-6022493304247924638.dir/webapp/,AVAILABLE}{/hddsDatanode}
2019-09-07 05:34:49,567 [main] INFO  server.AbstractConnector (AbstractConnector.java:doStart(278)) - Started ServerConnector@7739aac4{HTTP/1.1,[http/1.1]}{0.0.0.0:41571}
2019-09-07 05:34:49,567 [main] INFO  server.Server (Server.java:doStart(419)) - Started @533953ms
2019-09-07 05:34:49,569 [main] WARN  impl.MetricsSystemImpl (MetricsSystemImpl.java:register(276)) - Sink prometheus already exists!
2019-09-07 05:34:49,569 [main] INFO  server.BaseHttpServer (BaseHttpServer.java:updateConnectorAddress(215)) - HTTP server of HDDSDATANODE is listening at http://0.0.0.0:41571
2019-09-07 05:34:49,569 [main] INFO  impl.MetricsSystemImpl (MetricsSystemImpl.java:init(158)) - HddsDatanode metrics system started (again)
2019-09-07 05:34:49,573 [org.apache.hadoop.util.JvmPauseMonitor$Monitor@6caf06f0] INFO  util.JvmPauseMonitor (JvmPauseMonitor.java:run(188)) - Starting JVM pause monitor
2019-09-07 05:34:49,573 [main] INFO  ozone.HddsDatanodeService (HddsDatanodeService.java:start(184)) - HddsDatanodeService host:trunk-nightly-20190907-l8mkd-3410636087 ip:192.168.36.105
2019-09-07 05:34:49,574 [Datanode State Machine Thread - 0] INFO  datanode.InitDatanodeState (InitDatanodeState.java:persistContainerDatanodeDetails(140)) - DatanodeDetails is persisted to /workdir/hadoop-ozone/integration-test/target/test-dir/MiniOzoneClusterImpl-ca08d622-674a-461b-bc82-2b6f62167716/datanode-2/meta/datanode.id
2019-09-07 05:34:49,579 [main] INFO  volume.HddsVolume (HddsVolume.java:<init>(176)) - Creating Volume: /workdir/hadoop-ozone/integration-test/target/test-dir/MiniOzoneClusterImpl-ca08d622-674a-461b-bc82-2b6f62167716/datanode-3/data/containers/hdds of  storage type : DISK and capacity : 1482555576320
2019-09-07 05:34:49,580 [main] INFO  volume.VolumeSet (VolumeSet.java:initializeVolumeSet(170)) - Added Volume : /workdir/hadoop-ozone/integration-test/target/test-dir/MiniOzoneClusterImpl-ca08d622-674a-461b-bc82-2b6f62167716/datanode-3/data/containers/hdds to VolumeSet
2019-09-07 05:34:49,580 [main] INFO  volume.ThrottledAsyncChecker (ThrottledAsyncChecker.java:schedule(140)) - Scheduling a check for org.apache.hadoop.ozone.container.common.volume.HddsVolume@67f946c3
2019-09-07 05:34:49,580 [main] INFO  volume.HddsVolumeChecker (HddsVolumeChecker.java:checkAllVolumes(203)) - Scheduled health check for volume org.apache.hadoop.ozone.container.common.volume.HddsVolume@67f946c3
2019-09-07 05:34:49,593 [main] INFO  impl.RaftServerProxy (ConfUtils.java:logGet(43)) - raft.rpc.type = GRPC (default)
2019-09-07 05:34:49,593 [main] INFO  grpc.GrpcFactory (GrpcFactory.java:checkPooledByteBufAllocatorUseCacheForAllThreads(45)) - PERFORMANCE WARNING: useCacheForAllThreads is true that may cause Netty to create a lot garbage objects and, as a result, trigger GC.
	It is recommended to disable useCacheForAllThreads by setting -Dorg.apache.ratis.thirdparty.io.netty.allocator.useCacheForAllThreads=false in command line.
2019-09-07 05:34:49,594 [main] INFO  grpc.GrpcConfigKeys$Server (ConfUtils.java:logGet(43)) - raft.grpc.server.port = 0 (default)
2019-09-07 05:34:49,594 [main] INFO  server.GrpcService (ConfUtils.java:logGet(43)) - raft.grpc.message.size.max = 33570816 (custom)
2019-09-07 05:34:49,594 [main] INFO  server.RaftServerConfigKeys (ConfUtils.java:logGet(43)) - raft.server.log.appender.buffer.byte-limit = 33554432 (custom)
2019-09-07 05:34:49,594 [main] INFO  server.GrpcService (ConfUtils.java:logGet(43)) - raft.grpc.flow.control.window = 1MB (=1048576) (default)
2019-09-07 05:34:49,594 [main] INFO  server.RaftServerConfigKeys (ConfUtils.java:logGet(43)) - raft.server.rpc.request.timeout = 3000ms (default)
2019-09-07 05:34:49,595 [main] INFO  server.RaftServerConfigKeys (ConfUtils.java:logGet(43)) - raft.server.storage.dir = [/workdir/hadoop-ozone/integration-test/target/test-dir/MiniOzoneClusterImpl-ca08d622-674a-461b-bc82-2b6f62167716/datanode-3/data/ratis] (custom)
2019-09-07 05:34:49,596 [main] INFO  hdfs.DFSUtil (DFSUtil.java:httpServerTemplateForNNAndJN(1641)) - Starting Web-server for hddsDatanode at: http://0.0.0.0:0
2019-09-07 05:34:49,597 [main] INFO  server.AuthenticationFilter (AuthenticationFilter.java:constructSecretProvider(240)) - Unable to initialize FileSignerSecretProvider, falling back to use random secrets.
2019-09-07 05:34:49,597 [main] WARN  http.HttpRequestLog (HttpRequestLog.java:getRequestLog(97)) - Jetty request log can only be enabled using Log4j
2019-09-07 05:34:49,598 [main] INFO  http.HttpServer2 (HttpServer2.java:addGlobalFilter(975)) - Added global filter 'safety' (class=org.apache.hadoop.http.HttpServer2$QuotingInputFilter)
2019-09-07 05:34:49,599 [main] INFO  http.HttpServer2 (HttpServer2.java:addFilter(948)) - Added filter static_user_filter (class=org.apache.hadoop.http.lib.StaticUserWebFilter$StaticUserFilter) to context hddsDatanode
2019-09-07 05:34:49,599 [main] INFO  http.HttpServer2 (HttpServer2.java:addFilter(958)) - Added filter static_user_filter (class=org.apache.hadoop.http.lib.StaticUserWebFilter$StaticUserFilter) to context static
2019-09-07 05:34:49,599 [main] INFO  http.HttpServer2 (HttpServer2.java:addFilter(958)) - Added filter static_user_filter (class=org.apache.hadoop.http.lib.StaticUserWebFilter$StaticUserFilter) to context logs
2019-09-07 05:34:49,600 [main] INFO  http.HttpServer2 (HttpServer2.java:bindListener(1191)) - Jetty bound to port 44766
2019-09-07 05:34:49,600 [main] INFO  server.Server (Server.java:doStart(351)) - jetty-9.3.24.v20180605, build timestamp: 2018-06-05T17:11:56Z, git hash: 84205aa28f11a4f31f2a3b86d1bba2cc8ab69827
2019-09-07 05:34:49,601 [main] INFO  handler.ContextHandler (ContextHandler.java:doStart(781)) - Started o.e.j.s.ServletContextHandler@4137aab0{/logs,file:///workdir/hadoop-ozone/integration-test/target/log,AVAILABLE}
2019-09-07 05:34:49,601 [main] INFO  handler.ContextHandler (ContextHandler.java:doStart(781)) - Started o.e.j.s.ServletContextHandler@682e422c{/static,jar:file:/home/user/.m2/repository/org/apache/hadoop/hadoop-hdds-container-service/0.5.0-SNAPSHOT/hadoop-hdds-container-service-0.5.0-SNAPSHOT.jar!/webapps/static,AVAILABLE}
2019-09-07 05:34:49,624 [main] INFO  handler.ContextHandler (ContextHandler.java:doStart(781)) - Started o.e.j.w.WebAppContext@46468f0{/,file:///tmp/jetty-0.0.0.0-44766-hddsDatanode-_-any-8368583749806046468.dir/webapp/,AVAILABLE}{/hddsDatanode}
2019-09-07 05:34:49,624 [main] INFO  server.AbstractConnector (AbstractConnector.java:doStart(278)) - Started ServerConnector@5f8f1712{HTTP/1.1,[http/1.1]}{0.0.0.0:44766}
2019-09-07 05:34:49,626 [main] INFO  server.Server (Server.java:doStart(419)) - Started @534012ms
2019-09-07 05:34:49,626 [main] WARN  impl.MetricsSystemImpl (MetricsSystemImpl.java:register(276)) - Sink prometheus already exists!
2019-09-07 05:34:49,626 [main] INFO  server.BaseHttpServer (BaseHttpServer.java:updateConnectorAddress(215)) - HTTP server of HDDSDATANODE is listening at http://0.0.0.0:44766
2019-09-07 05:34:49,627 [main] INFO  impl.MetricsSystemImpl (MetricsSystemImpl.java:init(158)) - HddsDatanode metrics system started (again)
2019-09-07 05:34:49,630 [org.apache.hadoop.util.JvmPauseMonitor$Monitor@2500a3b2] INFO  util.JvmPauseMonitor (JvmPauseMonitor.java:run(188)) - Starting JVM pause monitor
2019-09-07 05:34:49,631 [main] INFO  ozone.HddsDatanodeService (HddsDatanodeService.java:start(184)) - HddsDatanodeService host:trunk-nightly-20190907-l8mkd-3410636087 ip:192.168.36.105
2019-09-07 05:34:49,632 [Datanode State Machine Thread - 0] INFO  datanode.InitDatanodeState (InitDatanodeState.java:persistContainerDatanodeDetails(140)) - DatanodeDetails is persisted to /workdir/hadoop-ozone/integration-test/target/test-dir/MiniOzoneClusterImpl-ca08d622-674a-461b-bc82-2b6f62167716/datanode-3/meta/datanode.id
2019-09-07 05:34:49,636 [main] INFO  volume.HddsVolume (HddsVolume.java:<init>(176)) - Creating Volume: /workdir/hadoop-ozone/integration-test/target/test-dir/MiniOzoneClusterImpl-ca08d622-674a-461b-bc82-2b6f62167716/datanode-4/data/containers/hdds of  storage type : DISK and capacity : 1482555576320
2019-09-07 05:34:49,637 [main] INFO  volume.VolumeSet (VolumeSet.java:initializeVolumeSet(170)) - Added Volume : /workdir/hadoop-ozone/integration-test/target/test-dir/MiniOzoneClusterImpl-ca08d622-674a-461b-bc82-2b6f62167716/datanode-4/data/containers/hdds to VolumeSet
2019-09-07 05:34:49,637 [main] INFO  volume.ThrottledAsyncChecker (ThrottledAsyncChecker.java:schedule(140)) - Scheduling a check for org.apache.hadoop.ozone.container.common.volume.HddsVolume@2997ddfc
2019-09-07 05:34:49,637 [main] INFO  volume.HddsVolumeChecker (HddsVolumeChecker.java:checkAllVolumes(203)) - Scheduled health check for volume org.apache.hadoop.ozone.container.common.volume.HddsVolume@2997ddfc
2019-09-07 05:34:49,649 [main] INFO  impl.RaftServerProxy (ConfUtils.java:logGet(43)) - raft.rpc.type = GRPC (default)
2019-09-07 05:34:49,649 [main] INFO  grpc.GrpcFactory (GrpcFactory.java:checkPooledByteBufAllocatorUseCacheForAllThreads(45)) - PERFORMANCE WARNING: useCacheForAllThreads is true that may cause Netty to create a lot garbage objects and, as a result, trigger GC.
	It is recommended to disable useCacheForAllThreads by setting -Dorg.apache.ratis.thirdparty.io.netty.allocator.useCacheForAllThreads=false in command line.
2019-09-07 05:34:49,649 [main] INFO  grpc.GrpcConfigKeys$Server (ConfUtils.java:logGet(43)) - raft.grpc.server.port = 0 (default)
2019-09-07 05:34:49,650 [main] INFO  server.GrpcService (ConfUtils.java:logGet(43)) - raft.grpc.message.size.max = 33570816 (custom)
2019-09-07 05:34:49,650 [main] INFO  server.RaftServerConfigKeys (ConfUtils.java:logGet(43)) - raft.server.log.appender.buffer.byte-limit = 33554432 (custom)
2019-09-07 05:34:49,650 [main] INFO  server.GrpcService (ConfUtils.java:logGet(43)) - raft.grpc.flow.control.window = 1MB (=1048576) (default)
2019-09-07 05:34:49,650 [main] INFO  server.RaftServerConfigKeys (ConfUtils.java:logGet(43)) - raft.server.rpc.request.timeout = 3000ms (default)
2019-09-07 05:34:49,651 [main] INFO  server.RaftServerConfigKeys (ConfUtils.java:logGet(43)) - raft.server.storage.dir = [/workdir/hadoop-ozone/integration-test/target/test-dir/MiniOzoneClusterImpl-ca08d622-674a-461b-bc82-2b6f62167716/datanode-4/data/ratis] (custom)
2019-09-07 05:34:49,652 [main] INFO  hdfs.DFSUtil (DFSUtil.java:httpServerTemplateForNNAndJN(1641)) - Starting Web-server for hddsDatanode at: http://0.0.0.0:0
2019-09-07 05:34:49,653 [main] INFO  server.AuthenticationFilter (AuthenticationFilter.java:constructSecretProvider(240)) - Unable to initialize FileSignerSecretProvider, falling back to use random secrets.
2019-09-07 05:34:49,654 [main] WARN  http.HttpRequestLog (HttpRequestLog.java:getRequestLog(97)) - Jetty request log can only be enabled using Log4j
2019-09-07 05:34:49,656 [main] INFO  http.HttpServer2 (HttpServer2.java:addGlobalFilter(975)) - Added global filter 'safety' (class=org.apache.hadoop.http.HttpServer2$QuotingInputFilter)
2019-09-07 05:34:49,657 [main] INFO  http.HttpServer2 (HttpServer2.java:addFilter(948)) - Added filter static_user_filter (class=org.apache.hadoop.http.lib.StaticUserWebFilter$StaticUserFilter) to context hddsDatanode
2019-09-07 05:34:49,657 [main] INFO  http.HttpServer2 (HttpServer2.java:addFilter(958)) - Added filter static_user_filter (class=org.apache.hadoop.http.lib.StaticUserWebFilter$StaticUserFilter) to context logs
2019-09-07 05:34:49,657 [main] INFO  http.HttpServer2 (HttpServer2.java:addFilter(958)) - Added filter static_user_filter (class=org.apache.hadoop.http.lib.StaticUserWebFilter$StaticUserFilter) to context static
2019-09-07 05:34:49,658 [main] INFO  http.HttpServer2 (HttpServer2.java:bindListener(1191)) - Jetty bound to port 39979
2019-09-07 05:34:49,658 [main] INFO  server.Server (Server.java:doStart(351)) - jetty-9.3.24.v20180605, build timestamp: 2018-06-05T17:11:56Z, git hash: 84205aa28f11a4f31f2a3b86d1bba2cc8ab69827
2019-09-07 05:34:49,660 [main] INFO  handler.ContextHandler (ContextHandler.java:doStart(781)) - Started o.e.j.s.ServletContextHandler@7a64cb0c{/logs,file:///workdir/hadoop-ozone/integration-test/target/log,AVAILABLE}
2019-09-07 05:34:49,661 [main] INFO  handler.ContextHandler (ContextHandler.java:doStart(781)) - Started o.e.j.s.ServletContextHandler@6c4ce583{/static,jar:file:/home/user/.m2/repository/org/apache/hadoop/hadoop-hdds-container-service/0.5.0-SNAPSHOT/hadoop-hdds-container-service-0.5.0-SNAPSHOT.jar!/webapps/static,AVAILABLE}
2019-09-07 05:34:49,702 [main] INFO  handler.ContextHandler (ContextHandler.java:doStart(781)) - Started o.e.j.w.WebAppContext@70b48eb3{/,file:///tmp/jetty-0.0.0.0-39979-hddsDatanode-_-any-3298767812908376859.dir/webapp/,AVAILABLE}{/hddsDatanode}
2019-09-07 05:34:49,703 [main] INFO  server.AbstractConnector (AbstractConnector.java:doStart(278)) - Started ServerConnector@7b8ea1db{HTTP/1.1,[http/1.1]}{0.0.0.0:39979}
2019-09-07 05:34:49,703 [main] INFO  server.Server (Server.java:doStart(419)) - Started @534089ms
2019-09-07 05:34:49,704 [main] WARN  impl.MetricsSystemImpl (MetricsSystemImpl.java:register(276)) - Sink prometheus already exists!
2019-09-07 05:34:49,705 [main] INFO  server.BaseHttpServer (BaseHttpServer.java:updateConnectorAddress(215)) - HTTP server of HDDSDATANODE is listening at http://0.0.0.0:39979
2019-09-07 05:34:49,705 [main] INFO  impl.MetricsSystemImpl (MetricsSystemImpl.java:init(158)) - HddsDatanode metrics system started (again)
2019-09-07 05:34:49,710 [org.apache.hadoop.util.JvmPauseMonitor$Monitor@5713dbc1] INFO  util.JvmPauseMonitor (JvmPauseMonitor.java:run(188)) - Starting JVM pause monitor
2019-09-07 05:34:49,711 [main] INFO  ozone.HddsDatanodeService (HddsDatanodeService.java:start(184)) - HddsDatanodeService host:trunk-nightly-20190907-l8mkd-3410636087 ip:192.168.36.105
2019-09-07 05:34:49,712 [Datanode State Machine Thread - 0] INFO  datanode.InitDatanodeState (InitDatanodeState.java:persistContainerDatanodeDetails(140)) - DatanodeDetails is persisted to /workdir/hadoop-ozone/integration-test/target/test-dir/MiniOzoneClusterImpl-ca08d622-674a-461b-bc82-2b6f62167716/datanode-4/meta/datanode.id
2019-09-07 05:34:49,718 [main] INFO  volume.HddsVolume (HddsVolume.java:<init>(176)) - Creating Volume: /workdir/hadoop-ozone/integration-test/target/test-dir/MiniOzoneClusterImpl-ca08d622-674a-461b-bc82-2b6f62167716/datanode-5/data/containers/hdds of  storage type : DISK and capacity : 1482555576320
2019-09-07 05:34:49,719 [main] INFO  volume.VolumeSet (VolumeSet.java:initializeVolumeSet(170)) - Added Volume : /workdir/hadoop-ozone/integration-test/target/test-dir/MiniOzoneClusterImpl-ca08d622-674a-461b-bc82-2b6f62167716/datanode-5/data/containers/hdds to VolumeSet
2019-09-07 05:34:49,719 [main] INFO  volume.ThrottledAsyncChecker (ThrottledAsyncChecker.java:schedule(140)) - Scheduling a check for org.apache.hadoop.ozone.container.common.volume.HddsVolume@5a30722c
2019-09-07 05:34:49,719 [main] INFO  volume.HddsVolumeChecker (HddsVolumeChecker.java:checkAllVolumes(203)) - Scheduled health check for volume org.apache.hadoop.ozone.container.common.volume.HddsVolume@5a30722c
2019-09-07 05:34:49,735 [main] INFO  impl.RaftServerProxy (ConfUtils.java:logGet(43)) - raft.rpc.type = GRPC (default)
2019-09-07 05:34:49,736 [main] INFO  grpc.GrpcFactory (GrpcFactory.java:checkPooledByteBufAllocatorUseCacheForAllThreads(45)) - PERFORMANCE WARNING: useCacheForAllThreads is true that may cause Netty to create a lot garbage objects and, as a result, trigger GC.
	It is recommended to disable useCacheForAllThreads by setting -Dorg.apache.ratis.thirdparty.io.netty.allocator.useCacheForAllThreads=false in command line.
2019-09-07 05:34:49,736 [main] INFO  grpc.GrpcConfigKeys$Server (ConfUtils.java:logGet(43)) - raft.grpc.server.port = 0 (default)
2019-09-07 05:34:49,736 [main] INFO  server.GrpcService (ConfUtils.java:logGet(43)) - raft.grpc.message.size.max = 33570816 (custom)
2019-09-07 05:34:49,736 [main] INFO  server.RaftServerConfigKeys (ConfUtils.java:logGet(43)) - raft.server.log.appender.buffer.byte-limit = 33554432 (custom)
2019-09-07 05:34:49,736 [main] INFO  server.GrpcService (ConfUtils.java:logGet(43)) - raft.grpc.flow.control.window = 1MB (=1048576) (default)
2019-09-07 05:34:49,737 [main] INFO  server.RaftServerConfigKeys (ConfUtils.java:logGet(43)) - raft.server.rpc.request.timeout = 3000ms (default)
2019-09-07 05:34:49,737 [main] INFO  server.RaftServerConfigKeys (ConfUtils.java:logGet(43)) - raft.server.storage.dir = [/workdir/hadoop-ozone/integration-test/target/test-dir/MiniOzoneClusterImpl-ca08d622-674a-461b-bc82-2b6f62167716/datanode-5/data/ratis] (custom)
2019-09-07 05:34:49,738 [main] INFO  hdfs.DFSUtil (DFSUtil.java:httpServerTemplateForNNAndJN(1641)) - Starting Web-server for hddsDatanode at: http://0.0.0.0:0
2019-09-07 05:34:49,740 [main] INFO  server.AuthenticationFilter (AuthenticationFilter.java:constructSecretProvider(240)) - Unable to initialize FileSignerSecretProvider, falling back to use random secrets.
2019-09-07 05:34:49,740 [main] WARN  http.HttpRequestLog (HttpRequestLog.java:getRequestLog(97)) - Jetty request log can only be enabled using Log4j
2019-09-07 05:34:49,742 [main] INFO  http.HttpServer2 (HttpServer2.java:addGlobalFilter(975)) - Added global filter 'safety' (class=org.apache.hadoop.http.HttpServer2$QuotingInputFilter)
2019-09-07 05:34:49,743 [main] INFO  http.HttpServer2 (HttpServer2.java:addFilter(948)) - Added filter static_user_filter (class=org.apache.hadoop.http.lib.StaticUserWebFilter$StaticUserFilter) to context hddsDatanode
2019-09-07 05:34:49,743 [main] INFO  http.HttpServer2 (HttpServer2.java:addFilter(958)) - Added filter static_user_filter (class=org.apache.hadoop.http.lib.StaticUserWebFilter$StaticUserFilter) to context static
2019-09-07 05:34:49,743 [main] INFO  http.HttpServer2 (HttpServer2.java:addFilter(958)) - Added filter static_user_filter (class=org.apache.hadoop.http.lib.StaticUserWebFilter$StaticUserFilter) to context logs
2019-09-07 05:34:49,743 [main] INFO  http.HttpServer2 (HttpServer2.java:bindListener(1191)) - Jetty bound to port 45248
2019-09-07 05:34:49,744 [main] INFO  server.Server (Server.java:doStart(351)) - jetty-9.3.24.v20180605, build timestamp: 2018-06-05T17:11:56Z, git hash: 84205aa28f11a4f31f2a3b86d1bba2cc8ab69827
2019-09-07 05:34:49,745 [main] INFO  handler.ContextHandler (ContextHandler.java:doStart(781)) - Started o.e.j.s.ServletContextHandler@6fbf5db2{/logs,file:///workdir/hadoop-ozone/integration-test/target/log,AVAILABLE}
2019-09-07 05:34:49,746 [main] INFO  handler.ContextHandler (ContextHandler.java:doStart(781)) - Started o.e.j.s.ServletContextHandler@57cabdc3{/static,jar:file:/home/user/.m2/repository/org/apache/hadoop/hadoop-hdds-container-service/0.5.0-SNAPSHOT/hadoop-hdds-container-service-0.5.0-SNAPSHOT.jar!/webapps/static,AVAILABLE}
2019-09-07 05:34:49,775 [main] INFO  handler.ContextHandler (ContextHandler.java:doStart(781)) - Started o.e.j.w.WebAppContext@7eb27768{/,file:///tmp/jetty-0.0.0.0-45248-hddsDatanode-_-any-3639049418571095914.dir/webapp/,AVAILABLE}{/hddsDatanode}
2019-09-07 05:34:49,775 [main] INFO  server.AbstractConnector (AbstractConnector.java:doStart(278)) - Started ServerConnector@6169be09{HTTP/1.1,[http/1.1]}{0.0.0.0:45248}
2019-09-07 05:34:49,775 [main] INFO  server.Server (Server.java:doStart(419)) - Started @534161ms
2019-09-07 05:34:49,777 [main] WARN  impl.MetricsSystemImpl (MetricsSystemImpl.java:register(276)) - Sink prometheus already exists!
2019-09-07 05:34:49,777 [main] INFO  server.BaseHttpServer (BaseHttpServer.java:updateConnectorAddress(215)) - HTTP server of HDDSDATANODE is listening at http://0.0.0.0:45248
2019-09-07 05:34:49,778 [main] INFO  impl.MetricsSystemImpl (MetricsSystemImpl.java:init(158)) - HddsDatanode metrics system started (again)
2019-09-07 05:34:49,782 [org.apache.hadoop.util.JvmPauseMonitor$Monitor@5d1d24b4] INFO  util.JvmPauseMonitor (JvmPauseMonitor.java:run(188)) - Starting JVM pause monitor
2019-09-07 05:34:49,783 [main] INFO  ozone.HddsDatanodeService (HddsDatanodeService.java:start(184)) - HddsDatanodeService host:trunk-nightly-20190907-l8mkd-3410636087 ip:192.168.36.105
2019-09-07 05:34:49,784 [Datanode State Machine Thread - 0] INFO  datanode.InitDatanodeState (InitDatanodeState.java:persistContainerDatanodeDetails(140)) - DatanodeDetails is persisted to /workdir/hadoop-ozone/integration-test/target/test-dir/MiniOzoneClusterImpl-ca08d622-674a-461b-bc82-2b6f62167716/datanode-5/meta/datanode.id
2019-09-07 05:34:49,789 [main] INFO  volume.HddsVolume (HddsVolume.java:<init>(176)) - Creating Volume: /workdir/hadoop-ozone/integration-test/target/test-dir/MiniOzoneClusterImpl-ca08d622-674a-461b-bc82-2b6f62167716/datanode-6/data/containers/hdds of  storage type : DISK and capacity : 1482555576320
2019-09-07 05:34:49,790 [main] INFO  volume.VolumeSet (VolumeSet.java:initializeVolumeSet(170)) - Added Volume : /workdir/hadoop-ozone/integration-test/target/test-dir/MiniOzoneClusterImpl-ca08d622-674a-461b-bc82-2b6f62167716/datanode-6/data/containers/hdds to VolumeSet
2019-09-07 05:34:49,790 [main] INFO  volume.ThrottledAsyncChecker (ThrottledAsyncChecker.java:schedule(140)) - Scheduling a check for org.apache.hadoop.ozone.container.common.volume.HddsVolume@d8835af
2019-09-07 05:34:49,790 [main] INFO  volume.HddsVolumeChecker (HddsVolumeChecker.java:checkAllVolumes(203)) - Scheduled health check for volume org.apache.hadoop.ozone.container.common.volume.HddsVolume@d8835af
2019-09-07 05:34:49,804 [main] INFO  impl.RaftServerProxy (ConfUtils.java:logGet(43)) - raft.rpc.type = GRPC (default)
2019-09-07 05:34:49,804 [main] INFO  grpc.GrpcFactory (GrpcFactory.java:checkPooledByteBufAllocatorUseCacheForAllThreads(45)) - PERFORMANCE WARNING: useCacheForAllThreads is true that may cause Netty to create a lot garbage objects and, as a result, trigger GC.
	It is recommended to disable useCacheForAllThreads by setting -Dorg.apache.ratis.thirdparty.io.netty.allocator.useCacheForAllThreads=false in command line.
2019-09-07 05:34:49,804 [main] INFO  grpc.GrpcConfigKeys$Server (ConfUtils.java:logGet(43)) - raft.grpc.server.port = 0 (default)
2019-09-07 05:34:49,804 [main] INFO  server.GrpcService (ConfUtils.java:logGet(43)) - raft.grpc.message.size.max = 33570816 (custom)
2019-09-07 05:34:49,804 [main] INFO  server.RaftServerConfigKeys (ConfUtils.java:logGet(43)) - raft.server.log.appender.buffer.byte-limit = 33554432 (custom)
2019-09-07 05:34:49,804 [main] INFO  server.GrpcService (ConfUtils.java:logGet(43)) - raft.grpc.flow.control.window = 1MB (=1048576) (default)
2019-09-07 05:34:49,805 [main] INFO  server.RaftServerConfigKeys (ConfUtils.java:logGet(43)) - raft.server.rpc.request.timeout = 3000ms (default)
2019-09-07 05:34:49,805 [main] INFO  server.RaftServerConfigKeys (ConfUtils.java:logGet(43)) - raft.server.storage.dir = [/workdir/hadoop-ozone/integration-test/target/test-dir/MiniOzoneClusterImpl-ca08d622-674a-461b-bc82-2b6f62167716/datanode-6/data/ratis] (custom)
2019-09-07 05:34:49,806 [main] INFO  hdfs.DFSUtil (DFSUtil.java:httpServerTemplateForNNAndJN(1641)) - Starting Web-server for hddsDatanode at: http://0.0.0.0:0
2019-09-07 05:34:49,808 [main] INFO  server.AuthenticationFilter (AuthenticationFilter.java:constructSecretProvider(240)) - Unable to initialize FileSignerSecretProvider, falling back to use random secrets.
2019-09-07 05:34:49,808 [main] WARN  http.HttpRequestLog (HttpRequestLog.java:getRequestLog(97)) - Jetty request log can only be enabled using Log4j
2019-09-07 05:34:49,811 [main] INFO  http.HttpServer2 (HttpServer2.java:addGlobalFilter(975)) - Added global filter 'safety' (class=org.apache.hadoop.http.HttpServer2$QuotingInputFilter)
2019-09-07 05:34:49,811 [main] INFO  http.HttpServer2 (HttpServer2.java:addFilter(948)) - Added filter static_user_filter (class=org.apache.hadoop.http.lib.StaticUserWebFilter$StaticUserFilter) to context hddsDatanode
2019-09-07 05:34:49,812 [main] INFO  http.HttpServer2 (HttpServer2.java:addFilter(958)) - Added filter static_user_filter (class=org.apache.hadoop.http.lib.StaticUserWebFilter$StaticUserFilter) to context static
2019-09-07 05:34:49,812 [main] INFO  http.HttpServer2 (HttpServer2.java:addFilter(958)) - Added filter static_user_filter (class=org.apache.hadoop.http.lib.StaticUserWebFilter$StaticUserFilter) to context logs
2019-09-07 05:34:49,813 [main] INFO  http.HttpServer2 (HttpServer2.java:bindListener(1191)) - Jetty bound to port 44444
2019-09-07 05:34:49,813 [main] INFO  server.Server (Server.java:doStart(351)) - jetty-9.3.24.v20180605, build timestamp: 2018-06-05T17:11:56Z, git hash: 84205aa28f11a4f31f2a3b86d1bba2cc8ab69827
2019-09-07 05:34:49,815 [main] INFO  handler.ContextHandler (ContextHandler.java:doStart(781)) - Started o.e.j.s.ServletContextHandler@477523ba{/logs,file:///workdir/hadoop-ozone/integration-test/target/log,AVAILABLE}
2019-09-07 05:34:49,815 [main] INFO  handler.ContextHandler (ContextHandler.java:doStart(781)) - Started o.e.j.s.ServletContextHandler@78c74647{/static,jar:file:/home/user/.m2/repository/org/apache/hadoop/hadoop-hdds-container-service/0.5.0-SNAPSHOT/hadoop-hdds-container-service-0.5.0-SNAPSHOT.jar!/webapps/static,AVAILABLE}
2019-09-07 05:34:49,855 [main] INFO  handler.ContextHandler (ContextHandler.java:doStart(781)) - Started o.e.j.w.WebAppContext@5e193ef5{/,file:///tmp/jetty-0.0.0.0-44444-hddsDatanode-_-any-2146326849360709486.dir/webapp/,AVAILABLE}{/hddsDatanode}
2019-09-07 05:34:49,856 [main] INFO  server.AbstractConnector (AbstractConnector.java:doStart(278)) - Started ServerConnector@106c988{HTTP/1.1,[http/1.1]}{0.0.0.0:44444}
2019-09-07 05:34:49,861 [main] INFO  server.Server (Server.java:doStart(419)) - Started @534247ms
2019-09-07 05:34:49,861 [main] WARN  impl.MetricsSystemImpl (MetricsSystemImpl.java:register(276)) - Sink prometheus already exists!
2019-09-07 05:34:49,861 [main] INFO  server.BaseHttpServer (BaseHttpServer.java:updateConnectorAddress(215)) - HTTP server of HDDSDATANODE is listening at http://0.0.0.0:44444
2019-09-07 05:34:49,862 [main] INFO  ozone.MiniOzoneClusterImpl (MiniOzoneClusterImpl.java:lambda$waitForClusterToBeReady$0(140)) - Waiting for cluster to be ready. Got 0 of 7 DN Heartbeats.
2019-09-07 05:34:49,863 [org.apache.hadoop.util.JvmPauseMonitor$Monitor@6443afb] INFO  util.JvmPauseMonitor (JvmPauseMonitor.java:run(188)) - Starting JVM pause monitor
2019-09-07 05:34:49,864 [Datanode State Machine Thread - 0] INFO  datanode.InitDatanodeState (InitDatanodeState.java:persistContainerDatanodeDetails(140)) - DatanodeDetails is persisted to /workdir/hadoop-ozone/integration-test/target/test-dir/MiniOzoneClusterImpl-ca08d622-674a-461b-bc82-2b6f62167716/datanode-6/meta/datanode.id
2019-09-07 05:34:50,862 [main] INFO  ozone.MiniOzoneClusterImpl (MiniOzoneClusterImpl.java:lambda$waitForClusterToBeReady$0(140)) - Waiting for cluster to be ready. Got 0 of 7 DN Heartbeats.
2019-09-07 05:34:51,478 [Datanode State Machine Thread - 0] INFO  ozoneimpl.OzoneContainer (OzoneContainer.java:start(217)) - Attempting to start container services.
2019-09-07 05:34:51,478 [Datanode State Machine Thread - 0] INFO  ozoneimpl.OzoneContainer (OzoneContainer.java:startContainerScrub(179)) - Background container scanner has been disabled.
2019-09-07 05:34:51,478 [Datanode State Machine Thread - 0] INFO  ratis.XceiverServerRatis (XceiverServerRatis.java:start(404)) - Starting XceiverServerRatis fcded245-4458-4147-a571-2c36d3556ae0 at port 0
2019-09-07 05:34:51,485 [Datanode State Machine Thread - 0] INFO  impl.RaftServerProxy (RaftServerProxy.java:lambda$start$3(299)) - fcded245-4458-4147-a571-2c36d3556ae0: start RPC server
2019-09-07 05:34:51,486 [Datanode State Machine Thread - 0] INFO  server.GrpcService (GrpcService.java:startImpl(158)) - fcded245-4458-4147-a571-2c36d3556ae0: GrpcService started, listening on 0.0.0.0/0.0.0.0:34963
2019-09-07 05:34:51,487 [Datanode State Machine Thread - 0] INFO  ratis.XceiverServerRatis (XceiverServerRatis.java:start(414)) - XceiverServerRatis fcded245-4458-4147-a571-2c36d3556ae0 is started using port 34963
2019-09-07 05:34:51,487 [Datanode State Machine Thread - 0] INFO  server.XceiverServerGrpc (XceiverServerGrpc.java:start(163)) - XceiverServerGrpc fcded245-4458-4147-a571-2c36d3556ae0 is started using port 40197
2019-09-07 05:34:51,529 [Datanode State Machine Thread - 0] INFO  ozoneimpl.OzoneContainer (OzoneContainer.java:start(217)) - Attempting to start container services.
2019-09-07 05:34:51,530 [Datanode State Machine Thread - 0] INFO  ozoneimpl.OzoneContainer (OzoneContainer.java:startContainerScrub(179)) - Background container scanner has been disabled.
2019-09-07 05:34:51,530 [Datanode State Machine Thread - 0] INFO  ratis.XceiverServerRatis (XceiverServerRatis.java:start(404)) - Starting XceiverServerRatis 0f748453-2874-4841-a29b-5437e9fa0943 at port 0
2019-09-07 05:34:51,536 [Datanode State Machine Thread - 0] INFO  impl.RaftServerProxy (RaftServerProxy.java:lambda$start$3(299)) - 0f748453-2874-4841-a29b-5437e9fa0943: start RPC server
2019-09-07 05:34:51,539 [Datanode State Machine Thread - 0] INFO  server.GrpcService (GrpcService.java:startImpl(158)) - 0f748453-2874-4841-a29b-5437e9fa0943: GrpcService started, listening on 0.0.0.0/0.0.0.0:46357
2019-09-07 05:34:51,539 [Datanode State Machine Thread - 0] INFO  ratis.XceiverServerRatis (XceiverServerRatis.java:start(414)) - XceiverServerRatis 0f748453-2874-4841-a29b-5437e9fa0943 is started using port 46357
2019-09-07 05:34:51,541 [Datanode State Machine Thread - 0] INFO  server.XceiverServerGrpc (XceiverServerGrpc.java:start(163)) - XceiverServerGrpc 0f748453-2874-4841-a29b-5437e9fa0943 is started using port 38035
2019-09-07 05:34:51,589 [Datanode State Machine Thread - 0] INFO  ozoneimpl.OzoneContainer (OzoneContainer.java:start(217)) - Attempting to start container services.
2019-09-07 05:34:51,590 [Datanode State Machine Thread - 0] INFO  ozoneimpl.OzoneContainer (OzoneContainer.java:startContainerScrub(179)) - Background container scanner has been disabled.
2019-09-07 05:34:51,590 [Datanode State Machine Thread - 0] INFO  ratis.XceiverServerRatis (XceiverServerRatis.java:start(404)) - Starting XceiverServerRatis 64ec29ee-6c98-4696-9a13-c832ae556bb8 at port 0
2019-09-07 05:34:51,599 [Datanode State Machine Thread - 0] INFO  impl.RaftServerProxy (RaftServerProxy.java:lambda$start$3(299)) - 64ec29ee-6c98-4696-9a13-c832ae556bb8: start RPC server
2019-09-07 05:34:51,604 [Datanode State Machine Thread - 0] INFO  server.GrpcService (GrpcService.java:startImpl(158)) - 64ec29ee-6c98-4696-9a13-c832ae556bb8: GrpcService started, listening on 0.0.0.0/0.0.0.0:45804
2019-09-07 05:34:51,604 [Datanode State Machine Thread - 0] INFO  ratis.XceiverServerRatis (XceiverServerRatis.java:start(414)) - XceiverServerRatis 64ec29ee-6c98-4696-9a13-c832ae556bb8 is started using port 45804
2019-09-07 05:34:51,607 [Datanode State Machine Thread - 0] INFO  server.XceiverServerGrpc (XceiverServerGrpc.java:start(163)) - XceiverServerGrpc 64ec29ee-6c98-4696-9a13-c832ae556bb8 is started using port 40966
2019-09-07 05:34:51,644 [Datanode State Machine Thread - 0] INFO  ozoneimpl.OzoneContainer (OzoneContainer.java:start(217)) - Attempting to start container services.
2019-09-07 05:34:51,645 [Datanode State Machine Thread - 0] INFO  ozoneimpl.OzoneContainer (OzoneContainer.java:startContainerScrub(179)) - Background container scanner has been disabled.
2019-09-07 05:34:51,645 [Datanode State Machine Thread - 0] INFO  ratis.XceiverServerRatis (XceiverServerRatis.java:start(404)) - Starting XceiverServerRatis 8f9d7271-76b5-412e-ae81-7e5df761feda at port 0
2019-09-07 05:34:51,653 [Datanode State Machine Thread - 0] INFO  impl.RaftServerProxy (RaftServerProxy.java:lambda$start$3(299)) - 8f9d7271-76b5-412e-ae81-7e5df761feda: start RPC server
2019-09-07 05:34:51,653 [Datanode State Machine Thread - 0] INFO  server.GrpcService (GrpcService.java:startImpl(158)) - 8f9d7271-76b5-412e-ae81-7e5df761feda: GrpcService started, listening on 0.0.0.0/0.0.0.0:46771
2019-09-07 05:34:51,653 [Datanode State Machine Thread - 0] INFO  ratis.XceiverServerRatis (XceiverServerRatis.java:start(414)) - XceiverServerRatis 8f9d7271-76b5-412e-ae81-7e5df761feda is started using port 46771
2019-09-07 05:34:51,654 [Datanode State Machine Thread - 0] INFO  server.XceiverServerGrpc (XceiverServerGrpc.java:start(163)) - XceiverServerGrpc 8f9d7271-76b5-412e-ae81-7e5df761feda is started using port 33609
2019-09-07 05:34:51,724 [Datanode State Machine Thread - 0] INFO  ozoneimpl.OzoneContainer (OzoneContainer.java:start(217)) - Attempting to start container services.
2019-09-07 05:34:51,725 [Datanode State Machine Thread - 0] INFO  ozoneimpl.OzoneContainer (OzoneContainer.java:startContainerScrub(179)) - Background container scanner has been disabled.
2019-09-07 05:34:51,725 [Datanode State Machine Thread - 0] INFO  ratis.XceiverServerRatis (XceiverServerRatis.java:start(404)) - Starting XceiverServerRatis be767bf0-8e4e-4f33-be52-f21b913347fe at port 0
2019-09-07 05:34:51,732 [Datanode State Machine Thread - 0] INFO  impl.RaftServerProxy (RaftServerProxy.java:lambda$start$3(299)) - be767bf0-8e4e-4f33-be52-f21b913347fe: start RPC server
2019-09-07 05:34:51,735 [Datanode State Machine Thread - 0] INFO  server.GrpcService (GrpcService.java:startImpl(158)) - be767bf0-8e4e-4f33-be52-f21b913347fe: GrpcService started, listening on 0.0.0.0/0.0.0.0:41851
2019-09-07 05:34:51,735 [Datanode State Machine Thread - 0] INFO  ratis.XceiverServerRatis (XceiverServerRatis.java:start(414)) - XceiverServerRatis be767bf0-8e4e-4f33-be52-f21b913347fe is started using port 41851
2019-09-07 05:34:51,736 [Datanode State Machine Thread - 0] INFO  server.XceiverServerGrpc (XceiverServerGrpc.java:start(163)) - XceiverServerGrpc be767bf0-8e4e-4f33-be52-f21b913347fe is started using port 40976
2019-09-07 05:34:51,797 [Datanode State Machine Thread - 0] INFO  ozoneimpl.OzoneContainer (OzoneContainer.java:start(217)) - Attempting to start container services.
2019-09-07 05:34:51,797 [Datanode State Machine Thread - 0] INFO  ozoneimpl.OzoneContainer (OzoneContainer.java:startContainerScrub(179)) - Background container scanner has been disabled.
2019-09-07 05:34:51,797 [Datanode State Machine Thread - 0] INFO  ratis.XceiverServerRatis (XceiverServerRatis.java:start(404)) - Starting XceiverServerRatis 8f6979a4-188f-4e31-92c6-9b96597e406b at port 0
2019-09-07 05:34:51,804 [Datanode State Machine Thread - 0] INFO  impl.RaftServerProxy (RaftServerProxy.java:lambda$start$3(299)) - 8f6979a4-188f-4e31-92c6-9b96597e406b: start RPC server
2019-09-07 05:34:51,822 [Datanode State Machine Thread - 0] INFO  server.GrpcService (GrpcService.java:startImpl(158)) - 8f6979a4-188f-4e31-92c6-9b96597e406b: GrpcService started, listening on 0.0.0.0/0.0.0.0:38791
2019-09-07 05:34:51,822 [Datanode State Machine Thread - 0] INFO  ratis.XceiverServerRatis (XceiverServerRatis.java:start(414)) - XceiverServerRatis 8f6979a4-188f-4e31-92c6-9b96597e406b is started using port 38791
2019-09-07 05:34:51,823 [Datanode State Machine Thread - 0] INFO  server.XceiverServerGrpc (XceiverServerGrpc.java:start(163)) - XceiverServerGrpc 8f6979a4-188f-4e31-92c6-9b96597e406b is started using port 34186
2019-09-07 05:34:51,863 [main] INFO  ozone.MiniOzoneClusterImpl (MiniOzoneClusterImpl.java:lambda$waitForClusterToBeReady$0(140)) - Waiting for cluster to be ready. Got 0 of 7 DN Heartbeats.
2019-09-07 05:34:51,877 [Datanode State Machine Thread - 0] INFO  ozoneimpl.OzoneContainer (OzoneContainer.java:start(217)) - Attempting to start container services.
2019-09-07 05:34:51,877 [Datanode State Machine Thread - 0] INFO  ozoneimpl.OzoneContainer (OzoneContainer.java:startContainerScrub(179)) - Background container scanner has been disabled.
2019-09-07 05:34:51,877 [Datanode State Machine Thread - 0] INFO  ratis.XceiverServerRatis (XceiverServerRatis.java:start(404)) - Starting XceiverServerRatis b051b77b-abf9-46c8-84ea-1064ac2c0109 at port 0
2019-09-07 05:34:51,884 [Datanode State Machine Thread - 0] INFO  impl.RaftServerProxy (RaftServerProxy.java:lambda$start$3(299)) - b051b77b-abf9-46c8-84ea-1064ac2c0109: start RPC server
2019-09-07 05:34:51,888 [Datanode State Machine Thread - 0] INFO  server.GrpcService (GrpcService.java:startImpl(158)) - b051b77b-abf9-46c8-84ea-1064ac2c0109: GrpcService started, listening on 0.0.0.0/0.0.0.0:40206
2019-09-07 05:34:51,888 [Datanode State Machine Thread - 0] INFO  ratis.XceiverServerRatis (XceiverServerRatis.java:start(414)) - XceiverServerRatis b051b77b-abf9-46c8-84ea-1064ac2c0109 is started using port 40206
2019-09-07 05:34:51,888 [Datanode State Machine Thread - 0] INFO  server.XceiverServerGrpc (XceiverServerGrpc.java:start(163)) - XceiverServerGrpc b051b77b-abf9-46c8-84ea-1064ac2c0109 is started using port 38318
2019-09-07 05:34:52,863 [main] INFO  ozone.MiniOzoneClusterImpl (MiniOzoneClusterImpl.java:lambda$waitForClusterToBeReady$0(140)) - Waiting for cluster to be ready. Got 0 of 7 DN Heartbeats.
2019-09-07 05:34:53,469 [IPC Server handler 0 on 38244] INFO  net.NetworkTopology (NetworkTopologyImpl.java:add(110)) - Added a new node: /default-rack/fcded245-4458-4147-a571-2c36d3556ae0
2019-09-07 05:34:53,472 [IPC Server handler 0 on 38244] INFO  node.SCMNodeManager (SCMNodeManager.java:register(266)) - Registered Data node : fcded245-4458-4147-a571-2c36d3556ae0{ip: 192.168.36.105, host: trunk-nightly-20190907-l8mkd-3410636087, networkLocation: /default-rack, certSerialId: null}
2019-09-07 05:34:53,474 [EventQueue-NodeRegistrationContainerReportForDataNodeSafeModeRule] INFO  safemode.SCMSafeModeManager (DataNodeSafeModeRule.java:process(71)) - SCM in safe mode. 1 DataNodes registered, 1 required.
2019-09-07 05:34:53,477 [EventQueue-NodeRegistrationContainerReportForDataNodeSafeModeRule] INFO  safemode.SCMSafeModeManager (SCMSafeModeManager.java:validateSafeModeExitRules(177)) - ScmSafeModeManager, all rules are successfully validated
2019-09-07 05:34:53,477 [EventQueue-NodeRegistrationContainerReportForDataNodeSafeModeRule] INFO  safemode.SCMSafeModeManager (SCMSafeModeManager.java:exitSafeMode(193)) - SCM exiting safe mode.
2019-09-07 05:34:53,505 [grpc-default-executor-9] INFO  impl.RaftServerProxy (RaftServerProxy.java:addNew(89)) - fcded245-4458-4147-a571-2c36d3556ae0: addNew group-F05FA520EF4D:[fcded245-4458-4147-a571-2c36d3556ae0:192.168.36.105:34963] returns group-F05FA520EF4D:java.util.concurrent.CompletableFuture@4e0b939b[Not completed]
2019-09-07 05:34:53,507 [pool-409-thread-1] INFO  impl.RaftServerImpl (RaftServerImpl.java:<init>(95)) - fcded245-4458-4147-a571-2c36d3556ae0: new RaftServerImpl for group-F05FA520EF4D:[fcded245-4458-4147-a571-2c36d3556ae0:192.168.36.105:34963] with ContainerStateMachine:uninitialized
2019-09-07 05:34:53,508 [pool-409-thread-1] INFO  server.RaftServerConfigKeys (ConfUtils.java:logGet(43)) - raft.server.rpc.timeout.min = 5s (custom)
2019-09-07 05:34:53,508 [pool-409-thread-1] INFO  server.RaftServerConfigKeys (ConfUtils.java:logGet(43)) - raft.server.rpc.timeout.max = 5200ms (custom)
2019-09-07 05:34:53,508 [pool-409-thread-1] INFO  server.RaftServerConfigKeys (ConfUtils.java:logGet(43)) - raft.server.rpcslowness.timeout = 120s (custom)
2019-09-07 05:34:53,508 [pool-409-thread-1] INFO  server.RaftServerConfigKeys (ConfUtils.java:logGet(43)) - raft.server.sleep.deviation.threshold = 300 (default)
2019-09-07 05:34:53,508 [pool-409-thread-1] INFO  server.RaftServerConfigKeys (ConfUtils.java:logGet(43)) - raft.server.log.appender.install.snapshot.enabled = false (custom)
2019-09-07 05:34:53,508 [pool-409-thread-1] INFO  impl.RaftServerImpl (ServerState.java:<init>(103)) - fcded245-4458-4147-a571-2c36d3556ae0@group-F05FA520EF4D: ConfigurationManager, init=-1: [fcded245-4458-4147-a571-2c36d3556ae0:192.168.36.105:34963], old=null, confs=<EMPTY_MAP>
2019-09-07 05:34:53,509 [pool-409-thread-1] INFO  server.RaftServerConfigKeys (ConfUtils.java:logGet(43)) - raft.server.storage.dir = [/workdir/hadoop-ozone/integration-test/target/test-dir/MiniOzoneClusterImpl-ca08d622-674a-461b-bc82-2b6f62167716/datanode-0/data/ratis] (custom)
2019-09-07 05:34:53,509 [pool-409-thread-1] INFO  storage.RaftStorageDirectory (RaftStorageDirectory.java:analyzeStorage(246)) - The storage directory /workdir/hadoop-ozone/integration-test/target/test-dir/MiniOzoneClusterImpl-ca08d622-674a-461b-bc82-2b6f62167716/datanode-0/data/ratis/1baa526f-6bda-4096-bb02-f05fa520ef4d does not exist. Creating ...
2019-09-07 05:34:53,514 [IPC Server handler 1 on 38244] INFO  net.NetworkTopology (NetworkTopologyImpl.java:add(110)) - Added a new node: /default-rack/0f748453-2874-4841-a29b-5437e9fa0943
2019-09-07 05:34:53,514 [IPC Server handler 1 on 38244] INFO  node.SCMNodeManager (SCMNodeManager.java:register(266)) - Registered Data node : 0f748453-2874-4841-a29b-5437e9fa0943{ip: 192.168.36.105, host: trunk-nightly-20190907-l8mkd-3410636087, networkLocation: /default-rack, certSerialId: null}
2019-09-07 05:34:53,523 [pool-409-thread-1] INFO  storage.RaftStorageDirectory (RaftStorageDirectory.java:tryLock(328)) - Lock on /workdir/hadoop-ozone/integration-test/target/test-dir/MiniOzoneClusterImpl-ca08d622-674a-461b-bc82-2b6f62167716/datanode-0/data/ratis/1baa526f-6bda-4096-bb02-f05fa520ef4d/in_use.lock acquired by nodename 23141@trunk-nightly-20190907-l8mkd-3410636087
2019-09-07 05:34:53,541 [pool-409-thread-1] INFO  storage.RaftStorage (RaftStorage.java:format(72)) - Storage directory /workdir/hadoop-ozone/integration-test/target/test-dir/MiniOzoneClusterImpl-ca08d622-674a-461b-bc82-2b6f62167716/datanode-0/data/ratis/1baa526f-6bda-4096-bb02-f05fa520ef4d has been successfully formatted.
2019-09-07 05:34:53,542 [pool-409-thread-1] INFO  ratis.ContainerStateMachine (ContainerStateMachine.java:loadSnapshot(232)) - group-F05FA520EF4D: The snapshot info is null. Setting the last applied indexto:(t:0, i:~)
2019-09-07 05:34:53,542 [pool-409-thread-1] INFO  server.RaftServerConfigKeys (ConfUtils.java:logGet(43)) - raft.server.notification.no-leader.timeout = 120s (custom)
2019-09-07 05:34:53,542 [pool-409-thread-1] INFO  server.RaftServerConfigKeys (ConfUtils.java:logGet(43)) - raft.server.log.use.memory = false (default)
2019-09-07 05:34:53,542 [pool-409-thread-1] INFO  server.RaftServerConfigKeys (ConfUtils.java:logGet(43)) - raft.server.log.purge.gap = 1000000 (custom)
2019-09-07 05:34:53,543 [pool-409-thread-1] INFO  server.RaftServerConfigKeys (ConfUtils.java:logGet(43)) - raft.server.log.appender.buffer.byte-limit = 33554432 (custom)
2019-09-07 05:34:53,543 [pool-409-thread-1] INFO  server.RaftServerConfigKeys (ConfUtils.java:logGet(43)) - raft.server.log.segment.size.max = 1048576 (custom)
2019-09-07 05:34:53,543 [pool-409-thread-1] INFO  server.RaftServerConfigKeys (ConfUtils.java:logGet(43)) - raft.server.log.segment.cache.num.max = 2 (custom)
2019-09-07 05:34:53,544 [pool-409-thread-1] INFO  segmented.SegmentedRaftLogWorker (SegmentedRaftLogWorker.java:<init>(172)) - new fcded245-4458-4147-a571-2c36d3556ae0@group-F05FA520EF4D-SegmentedRaftLogWorker for RaftStorage:Storage Directory /workdir/hadoop-ozone/integration-test/target/test-dir/MiniOzoneClusterImpl-ca08d622-674a-461b-bc82-2b6f62167716/datanode-0/data/ratis/1baa526f-6bda-4096-bb02-f05fa520ef4d
2019-09-07 05:34:53,547 [pool-409-thread-1] INFO  server.RaftServerConfigKeys (ConfUtils.java:logGet(43)) - raft.server.log.queue.byte-limit = 2147483647 (custom)
2019-09-07 05:34:53,547 [pool-409-thread-1] INFO  server.RaftServerConfigKeys (ConfUtils.java:logGet(43)) - raft.server.log.queue.element-limit = 1024 (custom)
2019-09-07 05:34:53,547 [pool-409-thread-1] INFO  server.RaftServerConfigKeys (ConfUtils.java:logGet(43)) - raft.server.log.segment.size.max = 1048576 (custom)
2019-09-07 05:34:53,547 [pool-409-thread-1] INFO  server.RaftServerConfigKeys (ConfUtils.java:logGet(43)) - raft.server.log.preallocated.size = 16384 (custom)
2019-09-07 05:34:53,547 [pool-409-thread-1] INFO  server.RaftServerConfigKeys (ConfUtils.java:logGet(43)) - raft.server.log.write.buffer.size = 33554432 (custom)
2019-09-07 05:34:53,548 [pool-409-thread-1] INFO  server.RaftServerConfigKeys (ConfUtils.java:logGet(43)) - raft.server.log.force.sync.num = 128 (default)
2019-09-07 05:34:53,548 [pool-409-thread-1] INFO  server.RaftServerConfigKeys (ConfUtils.java:logGet(43)) - raft.server.log.statemachine.data.sync = true (default)
2019-09-07 05:34:53,548 [pool-409-thread-1] INFO  server.RaftServerConfigKeys (ConfUtils.java:logGet(43)) - raft.server.log.statemachine.data.sync.timeout = 10s (default)
2019-09-07 05:34:53,548 [pool-409-thread-1] INFO  server.RaftServerConfigKeys (ConfUtils.java:logGet(43)) - raft.server.log.statemachine.data.sync.timeout.retry = -1 (default)
2019-09-07 05:34:53,549 [pool-409-thread-1] INFO  server.RaftServerConfigKeys (ConfUtils.java:logGet(43)) - raft.server.log.statemachine.data.caching.enabled = true (custom)
2019-09-07 05:34:53,549 [pool-409-thread-1] INFO  segmented.SegmentedRaftLogWorker (SegmentedRaftLogWorker.java:lambda$new$0(132)) - fcded245-4458-4147-a571-2c36d3556ae0@group-F05FA520EF4D-SegmentedRaftLogWorker: flushIndex: setUnconditionally 0 -> -1
2019-09-07 05:34:53,550 [pool-409-thread-1] INFO  server.RaftServerConfigKeys (ConfUtils.java:logGet(43)) - raft.server.snapshot.auto.trigger.enabled = true (custom)
2019-09-07 05:34:53,550 [pool-409-thread-1] INFO  server.RaftServerConfigKeys (ConfUtils.java:logGet(43)) - raft.server.snapshot.auto.trigger.threshold = 10000 (custom)
2019-09-07 05:34:53,550 [pool-409-thread-1] INFO  server.RaftServerConfigKeys (ConfUtils.java:logGet(43)) - raft.server.snapshot.retention.num.files = -1 (default)
2019-09-07 05:34:53,550 [pool-409-thread-1] INFO  server.RaftServerConfigKeys (ConfUtils.java:logGet(43)) - raft.server.retrycache.expirytime = 600000ms (custom)
2019-09-07 05:34:53,552 [pool-409-thread-1] INFO  impl.RaftServerImpl (RaftServerImpl.java:start(185)) - fcded245-4458-4147-a571-2c36d3556ae0@group-F05FA520EF4D: start as a follower, conf=-1: [fcded245-4458-4147-a571-2c36d3556ae0:192.168.36.105:34963], old=null
2019-09-07 05:34:53,553 [pool-409-thread-1] INFO  impl.RaftServerImpl (RaftServerImpl.java:setRole(174)) - fcded245-4458-4147-a571-2c36d3556ae0@group-F05FA520EF4D: changes role from      null to FOLLOWER at term 0 for startAsFollower
2019-09-07 05:34:53,553 [pool-409-thread-1] INFO  impl.RoleInfo (RoleInfo.java:updateAndGet(143)) - fcded245-4458-4147-a571-2c36d3556ae0: start FollowerState
2019-09-07 05:34:53,553 [pool-409-thread-1] INFO  util.JmxRegister (JmxRegister.java:tryRegister(44)) - Successfully registered JMX Bean with object name Ratis:service=RaftServer,group=group-F05FA520EF4D,id=fcded245-4458-4147-a571-2c36d3556ae0
2019-09-07 05:34:53,560 [RatisPipelineUtilsThread] INFO  pipeline.PipelineStateManager (PipelineStateManager.java:addPipeline(56)) - Created pipeline Pipeline[ Id: 1baa526f-6bda-4096-bb02-f05fa520ef4d, Nodes: fcded245-4458-4147-a571-2c36d3556ae0{ip: 192.168.36.105, host: trunk-nightly-20190907-l8mkd-3410636087, networkLocation: /default-rack, certSerialId: null}, Type:RATIS, Factor:ONE, State:OPEN]
2019-09-07 05:34:53,570 [grpc-default-executor-9] INFO  impl.RaftServerProxy (RaftServerProxy.java:addNew(89)) - 0f748453-2874-4841-a29b-5437e9fa0943: addNew group-95D3816958C6:[0f748453-2874-4841-a29b-5437e9fa0943:192.168.36.105:46357] returns group-95D3816958C6:java.util.concurrent.CompletableFuture@5a14e562[Not completed]
2019-09-07 05:34:53,571 [pool-419-thread-1] INFO  impl.RaftServerImpl (RaftServerImpl.java:<init>(95)) - 0f748453-2874-4841-a29b-5437e9fa0943: new RaftServerImpl for group-95D3816958C6:[0f748453-2874-4841-a29b-5437e9fa0943:192.168.36.105:46357] with ContainerStateMachine:uninitialized
2019-09-07 05:34:53,571 [pool-419-thread-1] INFO  server.RaftServerConfigKeys (ConfUtils.java:logGet(43)) - raft.server.rpc.timeout.min = 5s (custom)
2019-09-07 05:34:53,571 [pool-419-thread-1] INFO  server.RaftServerConfigKeys (ConfUtils.java:logGet(43)) - raft.server.rpc.timeout.max = 5200ms (custom)
2019-09-07 05:34:53,572 [pool-419-thread-1] INFO  server.RaftServerConfigKeys (ConfUtils.java:logGet(43)) - raft.server.rpcslowness.timeout = 120s (custom)
2019-09-07 05:34:53,572 [pool-419-thread-1] INFO  server.RaftServerConfigKeys (ConfUtils.java:logGet(43)) - raft.server.sleep.deviation.threshold = 300 (default)
2019-09-07 05:34:53,572 [pool-419-thread-1] INFO  server.RaftServerConfigKeys (ConfUtils.java:logGet(43)) - raft.server.log.appender.install.snapshot.enabled = false (custom)
2019-09-07 05:34:53,572 [pool-419-thread-1] INFO  impl.RaftServerImpl (ServerState.java:<init>(103)) - 0f748453-2874-4841-a29b-5437e9fa0943@group-95D3816958C6: ConfigurationManager, init=-1: [0f748453-2874-4841-a29b-5437e9fa0943:192.168.36.105:46357], old=null, confs=<EMPTY_MAP>
2019-09-07 05:34:53,572 [pool-419-thread-1] INFO  server.RaftServerConfigKeys (ConfUtils.java:logGet(43)) - raft.server.storage.dir = [/workdir/hadoop-ozone/integration-test/target/test-dir/MiniOzoneClusterImpl-ca08d622-674a-461b-bc82-2b6f62167716/datanode-1/data/ratis] (custom)
2019-09-07 05:34:53,572 [pool-419-thread-1] INFO  storage.RaftStorageDirectory (RaftStorageDirectory.java:analyzeStorage(246)) - The storage directory /workdir/hadoop-ozone/integration-test/target/test-dir/MiniOzoneClusterImpl-ca08d622-674a-461b-bc82-2b6f62167716/datanode-1/data/ratis/dcfd7c32-a05c-49ca-846c-95d3816958c6 does not exist. Creating ...
2019-09-07 05:34:53,574 [IPC Server handler 2 on 38244] INFO  net.NetworkTopology (NetworkTopologyImpl.java:add(110)) - Added a new node: /default-rack/64ec29ee-6c98-4696-9a13-c832ae556bb8
2019-09-07 05:34:53,574 [IPC Server handler 2 on 38244] INFO  node.SCMNodeManager (SCMNodeManager.java:register(266)) - Registered Data node : 64ec29ee-6c98-4696-9a13-c832ae556bb8{ip: 192.168.36.105, host: trunk-nightly-20190907-l8mkd-3410636087, networkLocation: /default-rack, certSerialId: null}
2019-09-07 05:34:53,585 [pool-419-thread-1] INFO  storage.RaftStorageDirectory (RaftStorageDirectory.java:tryLock(328)) - Lock on /workdir/hadoop-ozone/integration-test/target/test-dir/MiniOzoneClusterImpl-ca08d622-674a-461b-bc82-2b6f62167716/datanode-1/data/ratis/dcfd7c32-a05c-49ca-846c-95d3816958c6/in_use.lock acquired by nodename 23141@trunk-nightly-20190907-l8mkd-3410636087
2019-09-07 05:34:53,599 [pool-419-thread-1] INFO  storage.RaftStorage (RaftStorage.java:format(72)) - Storage directory /workdir/hadoop-ozone/integration-test/target/test-dir/MiniOzoneClusterImpl-ca08d622-674a-461b-bc82-2b6f62167716/datanode-1/data/ratis/dcfd7c32-a05c-49ca-846c-95d3816958c6 has been successfully formatted.
2019-09-07 05:34:53,599 [pool-419-thread-1] INFO  ratis.ContainerStateMachine (ContainerStateMachine.java:loadSnapshot(232)) - group-95D3816958C6: The snapshot info is null. Setting the last applied indexto:(t:0, i:~)
2019-09-07 05:34:53,599 [pool-419-thread-1] INFO  server.RaftServerConfigKeys (ConfUtils.java:logGet(43)) - raft.server.notification.no-leader.timeout = 120s (custom)
2019-09-07 05:34:53,600 [pool-419-thread-1] INFO  server.RaftServerConfigKeys (ConfUtils.java:logGet(43)) - raft.server.log.use.memory = false (default)
2019-09-07 05:34:53,600 [pool-419-thread-1] INFO  server.RaftServerConfigKeys (ConfUtils.java:logGet(43)) - raft.server.log.purge.gap = 1000000 (custom)
2019-09-07 05:34:53,600 [pool-419-thread-1] INFO  server.RaftServerConfigKeys (ConfUtils.java:logGet(43)) - raft.server.log.appender.buffer.byte-limit = 33554432 (custom)
2019-09-07 05:34:53,600 [pool-419-thread-1] INFO  server.RaftServerConfigKeys (ConfUtils.java:logGet(43)) - raft.server.log.segment.size.max = 1048576 (custom)
2019-09-07 05:34:53,600 [pool-419-thread-1] INFO  server.RaftServerConfigKeys (ConfUtils.java:logGet(43)) - raft.server.log.segment.cache.num.max = 2 (custom)
2019-09-07 05:34:53,600 [pool-419-thread-1] INFO  segmented.SegmentedRaftLogWorker (SegmentedRaftLogWorker.java:<init>(172)) - new 0f748453-2874-4841-a29b-5437e9fa0943@group-95D3816958C6-SegmentedRaftLogWorker for RaftStorage:Storage Directory /workdir/hadoop-ozone/integration-test/target/test-dir/MiniOzoneClusterImpl-ca08d622-674a-461b-bc82-2b6f62167716/datanode-1/data/ratis/dcfd7c32-a05c-49ca-846c-95d3816958c6
2019-09-07 05:34:53,602 [pool-419-thread-1] INFO  server.RaftServerConfigKeys (ConfUtils.java:logGet(43)) - raft.server.log.queue.byte-limit = 2147483647 (custom)
2019-09-07 05:34:53,602 [pool-419-thread-1] INFO  server.RaftServerConfigKeys (ConfUtils.java:logGet(43)) - raft.server.log.queue.element-limit = 1024 (custom)
2019-09-07 05:34:53,603 [pool-419-thread-1] INFO  server.RaftServerConfigKeys (ConfUtils.java:logGet(43)) - raft.server.log.segment.size.max = 1048576 (custom)
2019-09-07 05:34:53,603 [pool-419-thread-1] INFO  server.RaftServerConfigKeys (ConfUtils.java:logGet(43)) - raft.server.log.preallocated.size = 16384 (custom)
2019-09-07 05:34:53,603 [pool-419-thread-1] INFO  server.RaftServerConfigKeys (ConfUtils.java:logGet(43)) - raft.server.log.write.buffer.size = 33554432 (custom)
2019-09-07 05:34:53,603 [pool-419-thread-1] INFO  server.RaftServerConfigKeys (ConfUtils.java:logGet(43)) - raft.server.log.force.sync.num = 128 (default)
2019-09-07 05:34:53,603 [pool-419-thread-1] INFO  server.RaftServerConfigKeys (ConfUtils.java:logGet(43)) - raft.server.log.statemachine.data.sync = true (default)
2019-09-07 05:34:53,603 [pool-419-thread-1] INFO  server.RaftServerConfigKeys (ConfUtils.java:logGet(43)) - raft.server.log.statemachine.data.sync.timeout = 10s (default)
2019-09-07 05:34:53,603 [pool-419-thread-1] INFO  server.RaftServerConfigKeys (ConfUtils.java:logGet(43)) - raft.server.log.statemachine.data.sync.timeout.retry = -1 (default)
2019-09-07 05:34:53,604 [pool-419-thread-1] INFO  server.RaftServerConfigKeys (ConfUtils.java:logGet(43)) - raft.server.log.statemachine.data.caching.enabled = true (custom)
2019-09-07 05:34:53,604 [pool-419-thread-1] INFO  segmented.SegmentedRaftLogWorker (SegmentedRaftLogWorker.java:lambda$new$0(132)) - 0f748453-2874-4841-a29b-5437e9fa0943@group-95D3816958C6-SegmentedRaftLogWorker: flushIndex: setUnconditionally 0 -> -1
2019-09-07 05:34:53,604 [pool-419-thread-1] INFO  server.RaftServerConfigKeys (ConfUtils.java:logGet(43)) - raft.server.snapshot.auto.trigger.enabled = true (custom)
2019-09-07 05:34:53,605 [pool-419-thread-1] INFO  server.RaftServerConfigKeys (ConfUtils.java:logGet(43)) - raft.server.snapshot.auto.trigger.threshold = 10000 (custom)
2019-09-07 05:34:53,605 [pool-419-thread-1] INFO  server.RaftServerConfigKeys (ConfUtils.java:logGet(43)) - raft.server.snapshot.retention.num.files = -1 (default)
2019-09-07 05:34:53,605 [pool-419-thread-1] INFO  server.RaftServerConfigKeys (ConfUtils.java:logGet(43)) - raft.server.retrycache.expirytime = 600000ms (custom)
2019-09-07 05:34:53,607 [pool-419-thread-1] INFO  impl.RaftServerImpl (RaftServerImpl.java:start(185)) - 0f748453-2874-4841-a29b-5437e9fa0943@group-95D3816958C6: start as a follower, conf=-1: [0f748453-2874-4841-a29b-5437e9fa0943:192.168.36.105:46357], old=null
2019-09-07 05:34:53,607 [pool-419-thread-1] INFO  impl.RaftServerImpl (RaftServerImpl.java:setRole(174)) - 0f748453-2874-4841-a29b-5437e9fa0943@group-95D3816958C6: changes role from      null to FOLLOWER at term 0 for startAsFollower
2019-09-07 05:34:53,607 [pool-419-thread-1] INFO  impl.RoleInfo (RoleInfo.java:updateAndGet(143)) - 0f748453-2874-4841-a29b-5437e9fa0943: start FollowerState
2019-09-07 05:34:53,608 [pool-419-thread-1] INFO  util.JmxRegister (JmxRegister.java:tryRegister(44)) - Successfully registered JMX Bean with object name Ratis:service=RaftServer,group=group-95D3816958C6,id=0f748453-2874-4841-a29b-5437e9fa0943
2019-09-07 05:34:53,612 [RatisPipelineUtilsThread] INFO  pipeline.PipelineStateManager (PipelineStateManager.java:addPipeline(56)) - Created pipeline Pipeline[ Id: dcfd7c32-a05c-49ca-846c-95d3816958c6, Nodes: 0f748453-2874-4841-a29b-5437e9fa0943{ip: 192.168.36.105, host: trunk-nightly-20190907-l8mkd-3410636087, networkLocation: /default-rack, certSerialId: null}, Type:RATIS, Factor:ONE, State:OPEN]
2019-09-07 05:34:53,621 [grpc-default-executor-9] INFO  impl.RaftServerProxy (RaftServerProxy.java:addNew(89)) - 64ec29ee-6c98-4696-9a13-c832ae556bb8: addNew group-1ECAB72000F6:[64ec29ee-6c98-4696-9a13-c832ae556bb8:192.168.36.105:45804] returns group-1ECAB72000F6:java.util.concurrent.CompletableFuture@5c27139a[Not completed]
2019-09-07 05:34:53,622 [pool-429-thread-1] INFO  impl.RaftServerImpl (RaftServerImpl.java:<init>(95)) - 64ec29ee-6c98-4696-9a13-c832ae556bb8: new RaftServerImpl for group-1ECAB72000F6:[64ec29ee-6c98-4696-9a13-c832ae556bb8:192.168.36.105:45804] with ContainerStateMachine:uninitialized
2019-09-07 05:34:53,622 [pool-429-thread-1] INFO  server.RaftServerConfigKeys (ConfUtils.java:logGet(43)) - raft.server.rpc.timeout.min = 5s (custom)
2019-09-07 05:34:53,622 [pool-429-thread-1] INFO  server.RaftServerConfigKeys (ConfUtils.java:logGet(43)) - raft.server.rpc.timeout.max = 5200ms (custom)
2019-09-07 05:34:53,623 [pool-429-thread-1] INFO  server.RaftServerConfigKeys (ConfUtils.java:logGet(43)) - raft.server.rpcslowness.timeout = 120s (custom)
2019-09-07 05:34:53,623 [pool-429-thread-1] INFO  server.RaftServerConfigKeys (ConfUtils.java:logGet(43)) - raft.server.sleep.deviation.threshold = 300 (default)
2019-09-07 05:34:53,623 [pool-429-thread-1] INFO  server.RaftServerConfigKeys (ConfUtils.java:logGet(43)) - raft.server.log.appender.install.snapshot.enabled = false (custom)
2019-09-07 05:34:53,623 [pool-429-thread-1] INFO  impl.RaftServerImpl (ServerState.java:<init>(103)) - 64ec29ee-6c98-4696-9a13-c832ae556bb8@group-1ECAB72000F6: ConfigurationManager, init=-1: [64ec29ee-6c98-4696-9a13-c832ae556bb8:192.168.36.105:45804], old=null, confs=<EMPTY_MAP>
2019-09-07 05:34:53,623 [pool-429-thread-1] INFO  server.RaftServerConfigKeys (ConfUtils.java:logGet(43)) - raft.server.storage.dir = [/workdir/hadoop-ozone/integration-test/target/test-dir/MiniOzoneClusterImpl-ca08d622-674a-461b-bc82-2b6f62167716/datanode-2/data/ratis] (custom)
2019-09-07 05:34:53,623 [pool-429-thread-1] INFO  storage.RaftStorageDirectory (RaftStorageDirectory.java:analyzeStorage(246)) - The storage directory /workdir/hadoop-ozone/integration-test/target/test-dir/MiniOzoneClusterImpl-ca08d622-674a-461b-bc82-2b6f62167716/datanode-2/data/ratis/854d2d4b-4f25-4316-8471-1ecab72000f6 does not exist. Creating ...
2019-09-07 05:34:53,631 [IPC Server handler 3 on 38244] INFO  net.NetworkTopology (NetworkTopologyImpl.java:add(110)) - Added a new node: /default-rack/8f9d7271-76b5-412e-ae81-7e5df761feda
2019-09-07 05:34:53,631 [IPC Server handler 3 on 38244] INFO  node.SCMNodeManager (SCMNodeManager.java:register(266)) - Registered Data node : 8f9d7271-76b5-412e-ae81-7e5df761feda{ip: 192.168.36.105, host: trunk-nightly-20190907-l8mkd-3410636087, networkLocation: /default-rack, certSerialId: null}
2019-09-07 05:34:53,636 [pool-429-thread-1] INFO  storage.RaftStorageDirectory (RaftStorageDirectory.java:tryLock(328)) - Lock on /workdir/hadoop-ozone/integration-test/target/test-dir/MiniOzoneClusterImpl-ca08d622-674a-461b-bc82-2b6f62167716/datanode-2/data/ratis/854d2d4b-4f25-4316-8471-1ecab72000f6/in_use.lock acquired by nodename 23141@trunk-nightly-20190907-l8mkd-3410636087
2019-09-07 05:34:53,649 [pool-429-thread-1] INFO  storage.RaftStorage (RaftStorage.java:format(72)) - Storage directory /workdir/hadoop-ozone/integration-test/target/test-dir/MiniOzoneClusterImpl-ca08d622-674a-461b-bc82-2b6f62167716/datanode-2/data/ratis/854d2d4b-4f25-4316-8471-1ecab72000f6 has been successfully formatted.
2019-09-07 05:34:53,649 [pool-429-thread-1] INFO  ratis.ContainerStateMachine (ContainerStateMachine.java:loadSnapshot(232)) - group-1ECAB72000F6: The snapshot info is null. Setting the last applied indexto:(t:0, i:~)
2019-09-07 05:34:53,649 [pool-429-thread-1] INFO  server.RaftServerConfigKeys (ConfUtils.java:logGet(43)) - raft.server.notification.no-leader.timeout = 120s (custom)
2019-09-07 05:34:53,650 [pool-429-thread-1] INFO  server.RaftServerConfigKeys (ConfUtils.java:logGet(43)) - raft.server.log.use.memory = false (default)
2019-09-07 05:34:53,650 [pool-429-thread-1] INFO  server.RaftServerConfigKeys (ConfUtils.java:logGet(43)) - raft.server.log.purge.gap = 1000000 (custom)
2019-09-07 05:34:53,650 [pool-429-thread-1] INFO  server.RaftServerConfigKeys (ConfUtils.java:logGet(43)) - raft.server.log.appender.buffer.byte-limit = 33554432 (custom)
2019-09-07 05:34:53,650 [pool-429-thread-1] INFO  server.RaftServerConfigKeys (ConfUtils.java:logGet(43)) - raft.server.log.segment.size.max = 1048576 (custom)
2019-09-07 05:34:53,650 [pool-429-thread-1] INFO  server.RaftServerConfigKeys (ConfUtils.java:logGet(43)) - raft.server.log.segment.cache.num.max = 2 (custom)
2019-09-07 05:34:53,650 [pool-429-thread-1] INFO  segmented.SegmentedRaftLogWorker (SegmentedRaftLogWorker.java:<init>(172)) - new 64ec29ee-6c98-4696-9a13-c832ae556bb8@group-1ECAB72000F6-SegmentedRaftLogWorker for RaftStorage:Storage Directory /workdir/hadoop-ozone/integration-test/target/test-dir/MiniOzoneClusterImpl-ca08d622-674a-461b-bc82-2b6f62167716/datanode-2/data/ratis/854d2d4b-4f25-4316-8471-1ecab72000f6
2019-09-07 05:34:53,652 [pool-429-thread-1] INFO  server.RaftServerConfigKeys (ConfUtils.java:logGet(43)) - raft.server.log.queue.byte-limit = 2147483647 (custom)
2019-09-07 05:34:53,652 [pool-429-thread-1] INFO  server.RaftServerConfigKeys (ConfUtils.java:logGet(43)) - raft.server.log.queue.element-limit = 1024 (custom)
2019-09-07 05:34:53,652 [pool-429-thread-1] INFO  server.RaftServerConfigKeys (ConfUtils.java:logGet(43)) - raft.server.log.segment.size.max = 1048576 (custom)
2019-09-07 05:34:53,652 [pool-429-thread-1] INFO  server.RaftServerConfigKeys (ConfUtils.java:logGet(43)) - raft.server.log.preallocated.size = 16384 (custom)
2019-09-07 05:34:53,652 [pool-429-thread-1] INFO  server.RaftServerConfigKeys (ConfUtils.java:logGet(43)) - raft.server.log.write.buffer.size = 33554432 (custom)
2019-09-07 05:34:53,653 [pool-429-thread-1] INFO  server.RaftServerConfigKeys (ConfUtils.java:logGet(43)) - raft.server.log.force.sync.num = 128 (default)
2019-09-07 05:34:53,653 [pool-429-thread-1] INFO  server.RaftServerConfigKeys (ConfUtils.java:logGet(43)) - raft.server.log.statemachine.data.sync = true (default)
2019-09-07 05:34:53,653 [pool-429-thread-1] INFO  server.RaftServerConfigKeys (ConfUtils.java:logGet(43)) - raft.server.log.statemachine.data.sync.timeout = 10s (default)
2019-09-07 05:34:53,653 [pool-429-thread-1] INFO  server.RaftServerConfigKeys (ConfUtils.java:logGet(43)) - raft.server.log.statemachine.data.sync.timeout.retry = -1 (default)
2019-09-07 05:34:53,653 [pool-429-thread-1] INFO  server.RaftServerConfigKeys (ConfUtils.java:logGet(43)) - raft.server.log.statemachine.data.caching.enabled = true (custom)
2019-09-07 05:34:53,653 [pool-429-thread-1] INFO  segmented.SegmentedRaftLogWorker (SegmentedRaftLogWorker.java:lambda$new$0(132)) - 64ec29ee-6c98-4696-9a13-c832ae556bb8@group-1ECAB72000F6-SegmentedRaftLogWorker: flushIndex: setUnconditionally 0 -> -1
2019-09-07 05:34:53,654 [pool-429-thread-1] INFO  server.RaftServerConfigKeys (ConfUtils.java:logGet(43)) - raft.server.snapshot.auto.trigger.enabled = true (custom)
2019-09-07 05:34:53,654 [pool-429-thread-1] INFO  server.RaftServerConfigKeys (ConfUtils.java:logGet(43)) - raft.server.snapshot.auto.trigger.threshold = 10000 (custom)
2019-09-07 05:34:53,654 [pool-429-thread-1] INFO  server.RaftServerConfigKeys (ConfUtils.java:logGet(43)) - raft.server.snapshot.retention.num.files = -1 (default)
2019-09-07 05:34:53,654 [pool-429-thread-1] INFO  server.RaftServerConfigKeys (ConfUtils.java:logGet(43)) - raft.server.retrycache.expirytime = 600000ms (custom)
2019-09-07 05:34:53,656 [pool-429-thread-1] INFO  impl.RaftServerImpl (RaftServerImpl.java:start(185)) - 64ec29ee-6c98-4696-9a13-c832ae556bb8@group-1ECAB72000F6: start as a follower, conf=-1: [64ec29ee-6c98-4696-9a13-c832ae556bb8:192.168.36.105:45804], old=null
2019-09-07 05:34:53,656 [pool-429-thread-1] INFO  impl.RaftServerImpl (RaftServerImpl.java:setRole(174)) - 64ec29ee-6c98-4696-9a13-c832ae556bb8@group-1ECAB72000F6: changes role from      null to FOLLOWER at term 0 for startAsFollower
2019-09-07 05:34:53,656 [pool-429-thread-1] INFO  impl.RoleInfo (RoleInfo.java:updateAndGet(143)) - 64ec29ee-6c98-4696-9a13-c832ae556bb8: start FollowerState
2019-09-07 05:34:53,656 [pool-429-thread-1] INFO  util.JmxRegister (JmxRegister.java:tryRegister(44)) - Successfully registered JMX Bean with object name Ratis:service=RaftServer,group=group-1ECAB72000F6,id=64ec29ee-6c98-4696-9a13-c832ae556bb8
2019-09-07 05:34:53,661 [RatisPipelineUtilsThread] INFO  pipeline.PipelineStateManager (PipelineStateManager.java:addPipeline(56)) - Created pipeline Pipeline[ Id: 854d2d4b-4f25-4316-8471-1ecab72000f6, Nodes: 64ec29ee-6c98-4696-9a13-c832ae556bb8{ip: 192.168.36.105, host: trunk-nightly-20190907-l8mkd-3410636087, networkLocation: /default-rack, certSerialId: null}, Type:RATIS, Factor:ONE, State:OPEN]
2019-09-07 05:34:53,669 [grpc-default-executor-9] INFO  impl.RaftServerProxy (RaftServerProxy.java:addNew(89)) - 8f9d7271-76b5-412e-ae81-7e5df761feda: addNew group-85ACE030908A:[8f9d7271-76b5-412e-ae81-7e5df761feda:192.168.36.105:46771] returns group-85ACE030908A:java.util.concurrent.CompletableFuture@1a00ed06[Not completed]
2019-09-07 05:34:53,670 [pool-439-thread-1] INFO  impl.RaftServerImpl (RaftServerImpl.java:<init>(95)) - 8f9d7271-76b5-412e-ae81-7e5df761feda: new RaftServerImpl for group-85ACE030908A:[8f9d7271-76b5-412e-ae81-7e5df761feda:192.168.36.105:46771] with ContainerStateMachine:uninitialized
2019-09-07 05:34:53,670 [pool-439-thread-1] INFO  server.RaftServerConfigKeys (ConfUtils.java:logGet(43)) - raft.server.rpc.timeout.min = 5s (custom)
2019-09-07 05:34:53,671 [pool-439-thread-1] INFO  server.RaftServerConfigKeys (ConfUtils.java:logGet(43)) - raft.server.rpc.timeout.max = 5200ms (custom)
2019-09-07 05:34:53,671 [pool-439-thread-1] INFO  server.RaftServerConfigKeys (ConfUtils.java:logGet(43)) - raft.server.rpcslowness.timeout = 120s (custom)
2019-09-07 05:34:53,671 [pool-439-thread-1] INFO  server.RaftServerConfigKeys (ConfUtils.java:logGet(43)) - raft.server.sleep.deviation.threshold = 300 (default)
2019-09-07 05:34:53,671 [pool-439-thread-1] INFO  server.RaftServerConfigKeys (ConfUtils.java:logGet(43)) - raft.server.log.appender.install.snapshot.enabled = false (custom)
2019-09-07 05:34:53,671 [pool-439-thread-1] INFO  impl.RaftServerImpl (ServerState.java:<init>(103)) - 8f9d7271-76b5-412e-ae81-7e5df761feda@group-85ACE030908A: ConfigurationManager, init=-1: [8f9d7271-76b5-412e-ae81-7e5df761feda:192.168.36.105:46771], old=null, confs=<EMPTY_MAP>
2019-09-07 05:34:53,671 [pool-439-thread-1] INFO  server.RaftServerConfigKeys (ConfUtils.java:logGet(43)) - raft.server.storage.dir = [/workdir/hadoop-ozone/integration-test/target/test-dir/MiniOzoneClusterImpl-ca08d622-674a-461b-bc82-2b6f62167716/datanode-3/data/ratis] (custom)
2019-09-07 05:34:53,671 [pool-439-thread-1] INFO  storage.RaftStorageDirectory (RaftStorageDirectory.java:analyzeStorage(246)) - The storage directory /workdir/hadoop-ozone/integration-test/target/test-dir/MiniOzoneClusterImpl-ca08d622-674a-461b-bc82-2b6f62167716/datanode-3/data/ratis/b8ee660b-747c-4dd3-a4cf-85ace030908a does not exist. Creating ...
2019-09-07 05:34:53,684 [pool-439-thread-1] INFO  storage.RaftStorageDirectory (RaftStorageDirectory.java:tryLock(328)) - Lock on /workdir/hadoop-ozone/integration-test/target/test-dir/MiniOzoneClusterImpl-ca08d622-674a-461b-bc82-2b6f62167716/datanode-3/data/ratis/b8ee660b-747c-4dd3-a4cf-85ace030908a/in_use.lock acquired by nodename 23141@trunk-nightly-20190907-l8mkd-3410636087
2019-09-07 05:34:53,698 [pool-439-thread-1] INFO  storage.RaftStorage (RaftStorage.java:format(72)) - Storage directory /workdir/hadoop-ozone/integration-test/target/test-dir/MiniOzoneClusterImpl-ca08d622-674a-461b-bc82-2b6f62167716/datanode-3/data/ratis/b8ee660b-747c-4dd3-a4cf-85ace030908a has been successfully formatted.
2019-09-07 05:34:53,698 [pool-439-thread-1] INFO  ratis.ContainerStateMachine (ContainerStateMachine.java:loadSnapshot(232)) - group-85ACE030908A: The snapshot info is null. Setting the last applied indexto:(t:0, i:~)
2019-09-07 05:34:53,698 [pool-439-thread-1] INFO  server.RaftServerConfigKeys (ConfUtils.java:logGet(43)) - raft.server.notification.no-leader.timeout = 120s (custom)
2019-09-07 05:34:53,698 [pool-439-thread-1] INFO  server.RaftServerConfigKeys (ConfUtils.java:logGet(43)) - raft.server.log.use.memory = false (default)
2019-09-07 05:34:53,698 [pool-439-thread-1] INFO  server.RaftServerConfigKeys (ConfUtils.java:logGet(43)) - raft.server.log.purge.gap = 1000000 (custom)
2019-09-07 05:34:53,699 [pool-439-thread-1] INFO  server.RaftServerConfigKeys (ConfUtils.java:logGet(43)) - raft.server.log.appender.buffer.byte-limit = 33554432 (custom)
2019-09-07 05:34:53,699 [pool-439-thread-1] INFO  server.RaftServerConfigKeys (ConfUtils.java:logGet(43)) - raft.server.log.segment.size.max = 1048576 (custom)
2019-09-07 05:34:53,699 [pool-439-thread-1] INFO  server.RaftServerConfigKeys (ConfUtils.java:logGet(43)) - raft.server.log.segment.cache.num.max = 2 (custom)
2019-09-07 05:34:53,699 [pool-439-thread-1] INFO  segmented.SegmentedRaftLogWorker (SegmentedRaftLogWorker.java:<init>(172)) - new 8f9d7271-76b5-412e-ae81-7e5df761feda@group-85ACE030908A-SegmentedRaftLogWorker for RaftStorage:Storage Directory /workdir/hadoop-ozone/integration-test/target/test-dir/MiniOzoneClusterImpl-ca08d622-674a-461b-bc82-2b6f62167716/datanode-3/data/ratis/b8ee660b-747c-4dd3-a4cf-85ace030908a
2019-09-07 05:34:53,701 [pool-439-thread-1] INFO  server.RaftServerConfigKeys (ConfUtils.java:logGet(43)) - raft.server.log.queue.byte-limit = 2147483647 (custom)
2019-09-07 05:34:53,701 [pool-439-thread-1] INFO  server.RaftServerConfigKeys (ConfUtils.java:logGet(43)) - raft.server.log.queue.element-limit = 1024 (custom)
2019-09-07 05:34:53,701 [pool-439-thread-1] INFO  server.RaftServerConfigKeys (ConfUtils.java:logGet(43)) - raft.server.log.segment.size.max = 1048576 (custom)
2019-09-07 05:34:53,701 [pool-439-thread-1] INFO  server.RaftServerConfigKeys (ConfUtils.java:logGet(43)) - raft.server.log.preallocated.size = 16384 (custom)
2019-09-07 05:34:53,701 [pool-439-thread-1] INFO  server.RaftServerConfigKeys (ConfUtils.java:logGet(43)) - raft.server.log.write.buffer.size = 33554432 (custom)
2019-09-07 05:34:53,701 [pool-439-thread-1] INFO  server.RaftServerConfigKeys (ConfUtils.java:logGet(43)) - raft.server.log.force.sync.num = 128 (default)
2019-09-07 05:34:53,701 [pool-439-thread-1] INFO  server.RaftServerConfigKeys (ConfUtils.java:logGet(43)) - raft.server.log.statemachine.data.sync = true (default)
2019-09-07 05:34:53,701 [pool-439-thread-1] INFO  server.RaftServerConfigKeys (ConfUtils.java:logGet(43)) - raft.server.log.statemachine.data.sync.timeout = 10s (default)
2019-09-07 05:34:53,702 [pool-439-thread-1] INFO  server.RaftServerConfigKeys (ConfUtils.java:logGet(43)) - raft.server.log.statemachine.data.sync.timeout.retry = -1 (default)
2019-09-07 05:34:53,702 [pool-439-thread-1] INFO  server.RaftServerConfigKeys (ConfUtils.java:logGet(43)) - raft.server.log.statemachine.data.caching.enabled = true (custom)
2019-09-07 05:34:53,702 [pool-439-thread-1] INFO  segmented.SegmentedRaftLogWorker (SegmentedRaftLogWorker.java:lambda$new$0(132)) - 8f9d7271-76b5-412e-ae81-7e5df761feda@group-85ACE030908A-SegmentedRaftLogWorker: flushIndex: setUnconditionally 0 -> -1
2019-09-07 05:34:53,702 [pool-439-thread-1] INFO  server.RaftServerConfigKeys (ConfUtils.java:logGet(43)) - raft.server.snapshot.auto.trigger.enabled = true (custom)
2019-09-07 05:34:53,702 [pool-439-thread-1] INFO  server.RaftServerConfigKeys (ConfUtils.java:logGet(43)) - raft.server.snapshot.auto.trigger.threshold = 10000 (custom)
2019-09-07 05:34:53,703 [pool-439-thread-1] INFO  server.RaftServerConfigKeys (ConfUtils.java:logGet(43)) - raft.server.snapshot.retention.num.files = -1 (default)
2019-09-07 05:34:53,703 [pool-439-thread-1] INFO  server.RaftServerConfigKeys (ConfUtils.java:logGet(43)) - raft.server.retrycache.expirytime = 600000ms (custom)
2019-09-07 05:34:53,704 [pool-439-thread-1] INFO  impl.RaftServerImpl (RaftServerImpl.java:start(185)) - 8f9d7271-76b5-412e-ae81-7e5df761feda@group-85ACE030908A: start as a follower, conf=-1: [8f9d7271-76b5-412e-ae81-7e5df761feda:192.168.36.105:46771], old=null
2019-09-07 05:34:53,704 [pool-439-thread-1] INFO  impl.RaftServerImpl (RaftServerImpl.java:setRole(174)) - 8f9d7271-76b5-412e-ae81-7e5df761feda@group-85ACE030908A: changes role from      null to FOLLOWER at term 0 for startAsFollower
2019-09-07 05:34:53,704 [pool-439-thread-1] INFO  impl.RoleInfo (RoleInfo.java:updateAndGet(143)) - 8f9d7271-76b5-412e-ae81-7e5df761feda: start FollowerState
2019-09-07 05:34:53,705 [pool-439-thread-1] INFO  util.JmxRegister (JmxRegister.java:tryRegister(44)) - Successfully registered JMX Bean with object name Ratis:service=RaftServer,group=group-85ACE030908A,id=8f9d7271-76b5-412e-ae81-7e5df761feda
2019-09-07 05:34:53,710 [RatisPipelineUtilsThread] INFO  pipeline.PipelineStateManager (PipelineStateManager.java:addPipeline(56)) - Created pipeline Pipeline[ Id: b8ee660b-747c-4dd3-a4cf-85ace030908a, Nodes: 8f9d7271-76b5-412e-ae81-7e5df761feda{ip: 192.168.36.105, host: trunk-nightly-20190907-l8mkd-3410636087, networkLocation: /default-rack, certSerialId: null}, Type:RATIS, Factor:ONE, State:OPEN]
2019-09-07 05:34:53,711 [IPC Server handler 5 on 38244] INFO  net.NetworkTopology (NetworkTopologyImpl.java:add(110)) - Added a new node: /default-rack/be767bf0-8e4e-4f33-be52-f21b913347fe
2019-09-07 05:34:53,712 [IPC Server handler 5 on 38244] INFO  node.SCMNodeManager (SCMNodeManager.java:register(266)) - Registered Data node : be767bf0-8e4e-4f33-be52-f21b913347fe{ip: 192.168.36.105, host: trunk-nightly-20190907-l8mkd-3410636087, networkLocation: /default-rack, certSerialId: null}
2019-09-07 05:34:53,724 [grpc-default-executor-1] INFO  impl.RaftServerProxy (RaftServerProxy.java:addNew(89)) - 8f9d7271-76b5-412e-ae81-7e5df761feda: addNew group-96F2C83CF50E:[8f9d7271-76b5-412e-ae81-7e5df761feda:192.168.36.105:46771, fcded245-4458-4147-a571-2c36d3556ae0:192.168.36.105:34963, 64ec29ee-6c98-4696-9a13-c832ae556bb8:192.168.36.105:45804] returns group-96F2C83CF50E:java.util.concurrent.CompletableFuture@7b4b8146[Not completed]
2019-09-07 05:34:53,727 [grpc-default-executor-7] INFO  impl.RaftServerProxy (RaftServerProxy.java:addNew(89)) - fcded245-4458-4147-a571-2c36d3556ae0: addNew group-96F2C83CF50E:[8f9d7271-76b5-412e-ae81-7e5df761feda:192.168.36.105:46771, fcded245-4458-4147-a571-2c36d3556ae0:192.168.36.105:34963, 64ec29ee-6c98-4696-9a13-c832ae556bb8:192.168.36.105:45804] returns group-96F2C83CF50E:java.util.concurrent.CompletableFuture@611c5855[Not completed]
2019-09-07 05:34:53,730 [grpc-default-executor-7] INFO  impl.RaftServerProxy (RaftServerProxy.java:addNew(89)) - 64ec29ee-6c98-4696-9a13-c832ae556bb8: addNew group-96F2C83CF50E:[8f9d7271-76b5-412e-ae81-7e5df761feda:192.168.36.105:46771, fcded245-4458-4147-a571-2c36d3556ae0:192.168.36.105:34963, 64ec29ee-6c98-4696-9a13-c832ae556bb8:192.168.36.105:45804] returns group-96F2C83CF50E:java.util.concurrent.CompletableFuture@1dceef70[Not completed]
2019-09-07 05:34:53,731 [pool-439-thread-1] INFO  impl.RaftServerImpl (RaftServerImpl.java:<init>(95)) - 8f9d7271-76b5-412e-ae81-7e5df761feda: new RaftServerImpl for group-96F2C83CF50E:[8f9d7271-76b5-412e-ae81-7e5df761feda:192.168.36.105:46771, fcded245-4458-4147-a571-2c36d3556ae0:192.168.36.105:34963, 64ec29ee-6c98-4696-9a13-c832ae556bb8:192.168.36.105:45804] with ContainerStateMachine:uninitialized
2019-09-07 05:34:53,731 [pool-439-thread-1] INFO  server.RaftServerConfigKeys (ConfUtils.java:logGet(43)) - raft.server.rpc.timeout.min = 5s (custom)
2019-09-07 05:34:53,731 [pool-439-thread-1] INFO  server.RaftServerConfigKeys (ConfUtils.java:logGet(43)) - raft.server.rpc.timeout.max = 5200ms (custom)
2019-09-07 05:34:53,731 [pool-439-thread-1] INFO  server.RaftServerConfigKeys (ConfUtils.java:logGet(43)) - raft.server.rpcslowness.timeout = 120s (custom)
2019-09-07 05:34:53,731 [pool-429-thread-1] INFO  impl.RaftServerImpl (RaftServerImpl.java:<init>(95)) - 64ec29ee-6c98-4696-9a13-c832ae556bb8: new RaftServerImpl for group-96F2C83CF50E:[8f9d7271-76b5-412e-ae81-7e5df761feda:192.168.36.105:46771, fcded245-4458-4147-a571-2c36d3556ae0:192.168.36.105:34963, 64ec29ee-6c98-4696-9a13-c832ae556bb8:192.168.36.105:45804] with ContainerStateMachine:uninitialized
2019-09-07 05:34:53,731 [pool-439-thread-1] INFO  server.RaftServerConfigKeys (ConfUtils.java:logGet(43)) - raft.server.sleep.deviation.threshold = 300 (default)
2019-09-07 05:34:53,731 [pool-429-thread-1] INFO  server.RaftServerConfigKeys (ConfUtils.java:logGet(43)) - raft.server.rpc.timeout.min = 5s (custom)
2019-09-07 05:34:53,732 [pool-439-thread-1] INFO  server.RaftServerConfigKeys (ConfUtils.java:logGet(43)) - raft.server.log.appender.install.snapshot.enabled = false (custom)
2019-09-07 05:34:53,732 [pool-429-thread-1] INFO  server.RaftServerConfigKeys (ConfUtils.java:logGet(43)) - raft.server.rpc.timeout.max = 5200ms (custom)
2019-09-07 05:34:53,732 [pool-439-thread-1] INFO  impl.RaftServerImpl (ServerState.java:<init>(103)) - 8f9d7271-76b5-412e-ae81-7e5df761feda@group-96F2C83CF50E: ConfigurationManager, init=-1: [8f9d7271-76b5-412e-ae81-7e5df761feda:192.168.36.105:46771, fcded245-4458-4147-a571-2c36d3556ae0:192.168.36.105:34963, 64ec29ee-6c98-4696-9a13-c832ae556bb8:192.168.36.105:45804], old=null, confs=<EMPTY_MAP>
2019-09-07 05:34:53,732 [pool-429-thread-1] INFO  server.RaftServerConfigKeys (ConfUtils.java:logGet(43)) - raft.server.rpcslowness.timeout = 120s (custom)
2019-09-07 05:34:53,732 [pool-439-thread-1] INFO  server.RaftServerConfigKeys (ConfUtils.java:logGet(43)) - raft.server.storage.dir = [/workdir/hadoop-ozone/integration-test/target/test-dir/MiniOzoneClusterImpl-ca08d622-674a-461b-bc82-2b6f62167716/datanode-3/data/ratis] (custom)
2019-09-07 05:34:53,732 [pool-429-thread-1] INFO  server.RaftServerConfigKeys (ConfUtils.java:logGet(43)) - raft.server.sleep.deviation.threshold = 300 (default)
2019-09-07 05:34:53,733 [pool-409-thread-1] INFO  impl.RaftServerImpl (RaftServerImpl.java:<init>(95)) - fcded245-4458-4147-a571-2c36d3556ae0: new RaftServerImpl for group-96F2C83CF50E:[8f9d7271-76b5-412e-ae81-7e5df761feda:192.168.36.105:46771, fcded245-4458-4147-a571-2c36d3556ae0:192.168.36.105:34963, 64ec29ee-6c98-4696-9a13-c832ae556bb8:192.168.36.105:45804] with ContainerStateMachine:uninitialized
2019-09-07 05:34:53,733 [pool-439-thread-1] INFO  storage.RaftStorageDirectory (RaftStorageDirectory.java:analyzeStorage(246)) - The storage directory /workdir/hadoop-ozone/integration-test/target/test-dir/MiniOzoneClusterImpl-ca08d622-674a-461b-bc82-2b6f62167716/datanode-3/data/ratis/33e72eaf-212c-4239-ab06-96f2c83cf50e does not exist. Creating ...
2019-09-07 05:34:53,733 [pool-429-thread-1] INFO  server.RaftServerConfigKeys (ConfUtils.java:logGet(43)) - raft.server.log.appender.install.snapshot.enabled = false (custom)
2019-09-07 05:34:53,733 [pool-409-thread-1] INFO  server.RaftServerConfigKeys (ConfUtils.java:logGet(43)) - raft.server.rpc.timeout.min = 5s (custom)
2019-09-07 05:34:53,733 [pool-429-thread-1] INFO  impl.RaftServerImpl (ServerState.java:<init>(103)) - 64ec29ee-6c98-4696-9a13-c832ae556bb8@group-96F2C83CF50E: ConfigurationManager, init=-1: [8f9d7271-76b5-412e-ae81-7e5df761feda:192.168.36.105:46771, fcded245-4458-4147-a571-2c36d3556ae0:192.168.36.105:34963, 64ec29ee-6c98-4696-9a13-c832ae556bb8:192.168.36.105:45804], old=null, confs=<EMPTY_MAP>
2019-09-07 05:34:53,733 [pool-409-thread-1] INFO  server.RaftServerConfigKeys (ConfUtils.java:logGet(43)) - raft.server.rpc.timeout.max = 5200ms (custom)
2019-09-07 05:34:53,733 [pool-429-thread-1] INFO  server.RaftServerConfigKeys (ConfUtils.java:logGet(43)) - raft.server.storage.dir = [/workdir/hadoop-ozone/integration-test/target/test-dir/MiniOzoneClusterImpl-ca08d622-674a-461b-bc82-2b6f62167716/datanode-2/data/ratis] (custom)
2019-09-07 05:34:53,733 [pool-409-thread-1] INFO  server.RaftServerConfigKeys (ConfUtils.java:logGet(43)) - raft.server.rpcslowness.timeout = 120s (custom)
2019-09-07 05:34:53,734 [pool-409-thread-1] INFO  server.RaftServerConfigKeys (ConfUtils.java:logGet(43)) - raft.server.sleep.deviation.threshold = 300 (default)
2019-09-07 05:34:53,734 [pool-429-thread-1] INFO  storage.RaftStorageDirectory (RaftStorageDirectory.java:analyzeStorage(246)) - The storage directory /workdir/hadoop-ozone/integration-test/target/test-dir/MiniOzoneClusterImpl-ca08d622-674a-461b-bc82-2b6f62167716/datanode-2/data/ratis/33e72eaf-212c-4239-ab06-96f2c83cf50e does not exist. Creating ...
2019-09-07 05:34:53,734 [pool-409-thread-1] INFO  server.RaftServerConfigKeys (ConfUtils.java:logGet(43)) - raft.server.log.appender.install.snapshot.enabled = false (custom)
2019-09-07 05:34:53,734 [pool-409-thread-1] INFO  impl.RaftServerImpl (ServerState.java:<init>(103)) - fcded245-4458-4147-a571-2c36d3556ae0@group-96F2C83CF50E: ConfigurationManager, init=-1: [8f9d7271-76b5-412e-ae81-7e5df761feda:192.168.36.105:46771, fcded245-4458-4147-a571-2c36d3556ae0:192.168.36.105:34963, 64ec29ee-6c98-4696-9a13-c832ae556bb8:192.168.36.105:45804], old=null, confs=<EMPTY_MAP>
2019-09-07 05:34:53,734 [pool-409-thread-1] INFO  server.RaftServerConfigKeys (ConfUtils.java:logGet(43)) - raft.server.storage.dir = [/workdir/hadoop-ozone/integration-test/target/test-dir/MiniOzoneClusterImpl-ca08d622-674a-461b-bc82-2b6f62167716/datanode-0/data/ratis] (custom)
2019-09-07 05:34:53,735 [pool-409-thread-1] INFO  storage.RaftStorageDirectory (RaftStorageDirectory.java:analyzeStorage(246)) - The storage directory /workdir/hadoop-ozone/integration-test/target/test-dir/MiniOzoneClusterImpl-ca08d622-674a-461b-bc82-2b6f62167716/datanode-0/data/ratis/33e72eaf-212c-4239-ab06-96f2c83cf50e does not exist. Creating ...
2019-09-07 05:34:53,746 [pool-429-thread-1] INFO  storage.RaftStorageDirectory (RaftStorageDirectory.java:tryLock(328)) - Lock on /workdir/hadoop-ozone/integration-test/target/test-dir/MiniOzoneClusterImpl-ca08d622-674a-461b-bc82-2b6f62167716/datanode-2/data/ratis/33e72eaf-212c-4239-ab06-96f2c83cf50e/in_use.lock acquired by nodename 23141@trunk-nightly-20190907-l8mkd-3410636087
2019-09-07 05:34:53,746 [pool-409-thread-1] INFO  storage.RaftStorageDirectory (RaftStorageDirectory.java:tryLock(328)) - Lock on /workdir/hadoop-ozone/integration-test/target/test-dir/MiniOzoneClusterImpl-ca08d622-674a-461b-bc82-2b6f62167716/datanode-0/data/ratis/33e72eaf-212c-4239-ab06-96f2c83cf50e/in_use.lock acquired by nodename 23141@trunk-nightly-20190907-l8mkd-3410636087
2019-09-07 05:34:53,746 [pool-439-thread-1] INFO  storage.RaftStorageDirectory (RaftStorageDirectory.java:tryLock(328)) - Lock on /workdir/hadoop-ozone/integration-test/target/test-dir/MiniOzoneClusterImpl-ca08d622-674a-461b-bc82-2b6f62167716/datanode-3/data/ratis/33e72eaf-212c-4239-ab06-96f2c83cf50e/in_use.lock acquired by nodename 23141@trunk-nightly-20190907-l8mkd-3410636087
2019-09-07 05:34:53,760 [pool-429-thread-1] INFO  storage.RaftStorage (RaftStorage.java:format(72)) - Storage directory /workdir/hadoop-ozone/integration-test/target/test-dir/MiniOzoneClusterImpl-ca08d622-674a-461b-bc82-2b6f62167716/datanode-2/data/ratis/33e72eaf-212c-4239-ab06-96f2c83cf50e has been successfully formatted.
2019-09-07 05:34:53,760 [pool-409-thread-1] INFO  storage.RaftStorage (RaftStorage.java:format(72)) - Storage directory /workdir/hadoop-ozone/integration-test/target/test-dir/MiniOzoneClusterImpl-ca08d622-674a-461b-bc82-2b6f62167716/datanode-0/data/ratis/33e72eaf-212c-4239-ab06-96f2c83cf50e has been successfully formatted.
2019-09-07 05:34:53,760 [pool-439-thread-1] INFO  storage.RaftStorage (RaftStorage.java:format(72)) - Storage directory /workdir/hadoop-ozone/integration-test/target/test-dir/MiniOzoneClusterImpl-ca08d622-674a-461b-bc82-2b6f62167716/datanode-3/data/ratis/33e72eaf-212c-4239-ab06-96f2c83cf50e has been successfully formatted.
2019-09-07 05:34:53,760 [pool-429-thread-1] INFO  ratis.ContainerStateMachine (ContainerStateMachine.java:loadSnapshot(232)) - group-96F2C83CF50E: The snapshot info is null. Setting the last applied indexto:(t:0, i:~)
2019-09-07 05:34:53,760 [pool-409-thread-1] INFO  ratis.ContainerStateMachine (ContainerStateMachine.java:loadSnapshot(232)) - group-96F2C83CF50E: The snapshot info is null. Setting the last applied indexto:(t:0, i:~)
2019-09-07 05:34:53,761 [pool-439-thread-1] INFO  ratis.ContainerStateMachine (ContainerStateMachine.java:loadSnapshot(232)) - group-96F2C83CF50E: The snapshot info is null. Setting the last applied indexto:(t:0, i:~)
2019-09-07 05:34:53,761 [pool-429-thread-1] INFO  server.RaftServerConfigKeys (ConfUtils.java:logGet(43)) - raft.server.notification.no-leader.timeout = 120s (custom)
2019-09-07 05:34:53,761 [pool-439-thread-1] INFO  server.RaftServerConfigKeys (ConfUtils.java:logGet(43)) - raft.server.notification.no-leader.timeout = 120s (custom)
2019-09-07 05:34:53,761 [pool-409-thread-1] INFO  server.RaftServerConfigKeys (ConfUtils.java:logGet(43)) - raft.server.notification.no-leader.timeout = 120s (custom)
2019-09-07 05:34:53,761 [pool-439-thread-1] INFO  server.RaftServerConfigKeys (ConfUtils.java:logGet(43)) - raft.server.log.use.memory = false (default)
2019-09-07 05:34:53,761 [pool-429-thread-1] INFO  server.RaftServerConfigKeys (ConfUtils.java:logGet(43)) - raft.server.log.use.memory = false (default)
2019-09-07 05:34:53,761 [pool-439-thread-1] INFO  server.RaftServerConfigKeys (ConfUtils.java:logGet(43)) - raft.server.log.purge.gap = 1000000 (custom)
2019-09-07 05:34:53,761 [pool-409-thread-1] INFO  server.RaftServerConfigKeys (ConfUtils.java:logGet(43)) - raft.server.log.use.memory = false (default)
2019-09-07 05:34:53,762 [pool-439-thread-1] INFO  server.RaftServerConfigKeys (ConfUtils.java:logGet(43)) - raft.server.log.appender.buffer.byte-limit = 33554432 (custom)
2019-09-07 05:34:53,762 [pool-429-thread-1] INFO  server.RaftServerConfigKeys (ConfUtils.java:logGet(43)) - raft.server.log.purge.gap = 1000000 (custom)
2019-09-07 05:34:53,762 [pool-439-thread-1] INFO  server.RaftServerConfigKeys (ConfUtils.java:logGet(43)) - raft.server.log.segment.size.max = 1048576 (custom)
2019-09-07 05:34:53,762 [pool-409-thread-1] INFO  server.RaftServerConfigKeys (ConfUtils.java:logGet(43)) - raft.server.log.purge.gap = 1000000 (custom)
2019-09-07 05:34:53,762 [pool-439-thread-1] INFO  server.RaftServerConfigKeys (ConfUtils.java:logGet(43)) - raft.server.log.segment.cache.num.max = 2 (custom)
2019-09-07 05:34:53,762 [pool-429-thread-1] INFO  server.RaftServerConfigKeys (ConfUtils.java:logGet(43)) - raft.server.log.appender.buffer.byte-limit = 33554432 (custom)
2019-09-07 05:34:53,763 [pool-439-thread-1] INFO  segmented.SegmentedRaftLogWorker (SegmentedRaftLogWorker.java:<init>(172)) - new 8f9d7271-76b5-412e-ae81-7e5df761feda@group-96F2C83CF50E-SegmentedRaftLogWorker for RaftStorage:Storage Directory /workdir/hadoop-ozone/integration-test/target/test-dir/MiniOzoneClusterImpl-ca08d622-674a-461b-bc82-2b6f62167716/datanode-3/data/ratis/33e72eaf-212c-4239-ab06-96f2c83cf50e
2019-09-07 05:34:53,763 [pool-409-thread-1] INFO  server.RaftServerConfigKeys (ConfUtils.java:logGet(43)) - raft.server.log.appender.buffer.byte-limit = 33554432 (custom)
2019-09-07 05:34:53,763 [pool-439-thread-1] INFO  server.RaftServerConfigKeys (ConfUtils.java:logGet(43)) - raft.server.log.queue.byte-limit = 2147483647 (custom)
2019-09-07 05:34:53,763 [pool-429-thread-1] INFO  server.RaftServerConfigKeys (ConfUtils.java:logGet(43)) - raft.server.log.segment.size.max = 1048576 (custom)
2019-09-07 05:34:53,763 [pool-439-thread-1] INFO  server.RaftServerConfigKeys (ConfUtils.java:logGet(43)) - raft.server.log.queue.element-limit = 1024 (custom)
2019-09-07 05:34:53,763 [pool-409-thread-1] INFO  server.RaftServerConfigKeys (ConfUtils.java:logGet(43)) - raft.server.log.segment.size.max = 1048576 (custom)
2019-09-07 05:34:53,764 [pool-439-thread-1] INFO  server.RaftServerConfigKeys (ConfUtils.java:logGet(43)) - raft.server.log.segment.size.max = 1048576 (custom)
2019-09-07 05:34:53,763 [pool-429-thread-1] INFO  server.RaftServerConfigKeys (ConfUtils.java:logGet(43)) - raft.server.log.segment.cache.num.max = 2 (custom)
2019-09-07 05:34:53,764 [pool-439-thread-1] INFO  server.RaftServerConfigKeys (ConfUtils.java:logGet(43)) - raft.server.log.preallocated.size = 16384 (custom)
2019-09-07 05:34:53,764 [pool-409-thread-1] INFO  server.RaftServerConfigKeys (ConfUtils.java:logGet(43)) - raft.server.log.segment.cache.num.max = 2 (custom)
2019-09-07 05:34:53,764 [pool-439-thread-1] INFO  server.RaftServerConfigKeys (ConfUtils.java:logGet(43)) - raft.server.log.write.buffer.size = 33554432 (custom)
2019-09-07 05:34:53,765 [pool-439-thread-1] INFO  server.RaftServerConfigKeys (ConfUtils.java:logGet(43)) - raft.server.log.force.sync.num = 128 (default)
2019-09-07 05:34:53,764 [pool-429-thread-1] INFO  segmented.SegmentedRaftLogWorker (SegmentedRaftLogWorker.java:<init>(172)) - new 64ec29ee-6c98-4696-9a13-c832ae556bb8@group-96F2C83CF50E-SegmentedRaftLogWorker for RaftStorage:Storage Directory /workdir/hadoop-ozone/integration-test/target/test-dir/MiniOzoneClusterImpl-ca08d622-674a-461b-bc82-2b6f62167716/datanode-2/data/ratis/33e72eaf-212c-4239-ab06-96f2c83cf50e
2019-09-07 05:34:53,765 [pool-439-thread-1] INFO  server.RaftServerConfigKeys (ConfUtils.java:logGet(43)) - raft.server.log.statemachine.data.sync = true (default)
2019-09-07 05:34:53,764 [pool-409-thread-1] INFO  segmented.SegmentedRaftLogWorker (SegmentedRaftLogWorker.java:<init>(172)) - new fcded245-4458-4147-a571-2c36d3556ae0@group-96F2C83CF50E-SegmentedRaftLogWorker for RaftStorage:Storage Directory /workdir/hadoop-ozone/integration-test/target/test-dir/MiniOzoneClusterImpl-ca08d622-674a-461b-bc82-2b6f62167716/datanode-0/data/ratis/33e72eaf-212c-4239-ab06-96f2c83cf50e
2019-09-07 05:34:53,765 [pool-439-thread-1] INFO  server.RaftServerConfigKeys (ConfUtils.java:logGet(43)) - raft.server.log.statemachine.data.sync.timeout = 10s (default)
2019-09-07 05:34:53,765 [pool-429-thread-1] INFO  server.RaftServerConfigKeys (ConfUtils.java:logGet(43)) - raft.server.log.queue.byte-limit = 2147483647 (custom)
2019-09-07 05:34:53,765 [pool-439-thread-1] INFO  server.RaftServerConfigKeys (ConfUtils.java:logGet(43)) - raft.server.log.statemachine.data.sync.timeout.retry = -1 (default)
2019-09-07 05:34:53,765 [pool-409-thread-1] INFO  server.RaftServerConfigKeys (ConfUtils.java:logGet(43)) - raft.server.log.queue.byte-limit = 2147483647 (custom)
2019-09-07 05:34:53,766 [pool-439-thread-1] INFO  server.RaftServerConfigKeys (ConfUtils.java:logGet(43)) - raft.server.log.statemachine.data.caching.enabled = true (custom)
2019-09-07 05:34:53,765 [pool-429-thread-1] INFO  server.RaftServerConfigKeys (ConfUtils.java:logGet(43)) - raft.server.log.queue.element-limit = 1024 (custom)
2019-09-07 05:34:53,766 [pool-409-thread-1] INFO  server.RaftServerConfigKeys (ConfUtils.java:logGet(43)) - raft.server.log.queue.element-limit = 1024 (custom)
2019-09-07 05:34:53,766 [pool-429-thread-1] INFO  server.RaftServerConfigKeys (ConfUtils.java:logGet(43)) - raft.server.log.segment.size.max = 1048576 (custom)
2019-09-07 05:34:53,766 [pool-439-thread-1] INFO  segmented.SegmentedRaftLogWorker (SegmentedRaftLogWorker.java:lambda$new$0(132)) - 8f9d7271-76b5-412e-ae81-7e5df761feda@group-96F2C83CF50E-SegmentedRaftLogWorker: flushIndex: setUnconditionally 0 -> -1
2019-09-07 05:34:53,766 [pool-429-thread-1] INFO  server.RaftServerConfigKeys (ConfUtils.java:logGet(43)) - raft.server.log.preallocated.size = 16384 (custom)
2019-09-07 05:34:53,766 [pool-409-thread-1] INFO  server.RaftServerConfigKeys (ConfUtils.java:logGet(43)) - raft.server.log.segment.size.max = 1048576 (custom)
2019-09-07 05:34:53,767 [pool-439-thread-1] INFO  server.RaftServerConfigKeys (ConfUtils.java:logGet(43)) - raft.server.snapshot.auto.trigger.enabled = true (custom)
2019-09-07 05:34:53,767 [pool-429-thread-1] INFO  server.RaftServerConfigKeys (ConfUtils.java:logGet(43)) - raft.server.log.write.buffer.size = 33554432 (custom)
2019-09-07 05:34:53,767 [pool-439-thread-1] INFO  server.RaftServerConfigKeys (ConfUtils.java:logGet(43)) - raft.server.snapshot.auto.trigger.threshold = 10000 (custom)
2019-09-07 05:34:53,767 [pool-409-thread-1] INFO  server.RaftServerConfigKeys (ConfUtils.java:logGet(43)) - raft.server.log.preallocated.size = 16384 (custom)
2019-09-07 05:34:53,767 [pool-439-thread-1] INFO  server.RaftServerConfigKeys (ConfUtils.java:logGet(43)) - raft.server.snapshot.retention.num.files = -1 (default)
2019-09-07 05:34:53,767 [pool-429-thread-1] INFO  server.RaftServerConfigKeys (ConfUtils.java:logGet(43)) - raft.server.log.force.sync.num = 128 (default)
2019-09-07 05:34:53,768 [pool-439-thread-1] INFO  server.RaftServerConfigKeys (ConfUtils.java:logGet(43)) - raft.server.retrycache.expirytime = 600000ms (custom)
2019-09-07 05:34:53,768 [pool-409-thread-1] INFO  server.RaftServerConfigKeys (ConfUtils.java:logGet(43)) - raft.server.log.write.buffer.size = 33554432 (custom)
2019-09-07 05:34:53,768 [pool-429-thread-1] INFO  server.RaftServerConfigKeys (ConfUtils.java:logGet(43)) - raft.server.log.statemachine.data.sync = true (default)
2019-09-07 05:34:53,768 [pool-409-thread-1] INFO  server.RaftServerConfigKeys (ConfUtils.java:logGet(43)) - raft.server.log.force.sync.num = 128 (default)
2019-09-07 05:34:53,768 [pool-429-thread-1] INFO  server.RaftServerConfigKeys (ConfUtils.java:logGet(43)) - raft.server.log.statemachine.data.sync.timeout = 10s (default)
2019-09-07 05:34:53,769 [pool-409-thread-1] INFO  server.RaftServerConfigKeys (ConfUtils.java:logGet(43)) - raft.server.log.statemachine.data.sync = true (default)
2019-09-07 05:34:53,769 [pool-429-thread-1] INFO  server.RaftServerConfigKeys (ConfUtils.java:logGet(43)) - raft.server.log.statemachine.data.sync.timeout.retry = -1 (default)
2019-09-07 05:34:53,769 [pool-409-thread-1] INFO  server.RaftServerConfigKeys (ConfUtils.java:logGet(43)) - raft.server.log.statemachine.data.sync.timeout = 10s (default)
2019-09-07 05:34:53,769 [pool-429-thread-1] INFO  server.RaftServerConfigKeys (ConfUtils.java:logGet(43)) - raft.server.log.statemachine.data.caching.enabled = true (custom)
2019-09-07 05:34:53,769 [pool-409-thread-1] INFO  server.RaftServerConfigKeys (ConfUtils.java:logGet(43)) - raft.server.log.statemachine.data.sync.timeout.retry = -1 (default)
2019-09-07 05:34:53,770 [pool-429-thread-1] INFO  segmented.SegmentedRaftLogWorker (SegmentedRaftLogWorker.java:lambda$new$0(132)) - 64ec29ee-6c98-4696-9a13-c832ae556bb8@group-96F2C83CF50E-SegmentedRaftLogWorker: flushIndex: setUnconditionally 0 -> -1
2019-09-07 05:34:53,770 [pool-409-thread-1] INFO  server.RaftServerConfigKeys (ConfUtils.java:logGet(43)) - raft.server.log.statemachine.data.caching.enabled = true (custom)
2019-09-07 05:34:53,770 [pool-429-thread-1] INFO  server.RaftServerConfigKeys (ConfUtils.java:logGet(43)) - raft.server.snapshot.auto.trigger.enabled = true (custom)
2019-09-07 05:34:53,770 [pool-429-thread-1] INFO  server.RaftServerConfigKeys (ConfUtils.java:logGet(43)) - raft.server.snapshot.auto.trigger.threshold = 10000 (custom)
2019-09-07 05:34:53,770 [pool-409-thread-1] INFO  segmented.SegmentedRaftLogWorker (SegmentedRaftLogWorker.java:lambda$new$0(132)) - fcded245-4458-4147-a571-2c36d3556ae0@group-96F2C83CF50E-SegmentedRaftLogWorker: flushIndex: setUnconditionally 0 -> -1
2019-09-07 05:34:53,770 [pool-429-thread-1] INFO  server.RaftServerConfigKeys (ConfUtils.java:logGet(43)) - raft.server.snapshot.retention.num.files = -1 (default)
2019-09-07 05:34:53,771 [pool-409-thread-1] INFO  server.RaftServerConfigKeys (ConfUtils.java:logGet(43)) - raft.server.snapshot.auto.trigger.enabled = true (custom)
2019-09-07 05:34:53,771 [pool-439-thread-1] INFO  impl.RaftServerImpl (RaftServerImpl.java:start(185)) - 8f9d7271-76b5-412e-ae81-7e5df761feda@group-96F2C83CF50E: start as a follower, conf=-1: [8f9d7271-76b5-412e-ae81-7e5df761feda:192.168.36.105:46771, fcded245-4458-4147-a571-2c36d3556ae0:192.168.36.105:34963, 64ec29ee-6c98-4696-9a13-c832ae556bb8:192.168.36.105:45804], old=null
2019-09-07 05:34:53,771 [pool-429-thread-1] INFO  server.RaftServerConfigKeys (ConfUtils.java:logGet(43)) - raft.server.retrycache.expirytime = 600000ms (custom)
2019-09-07 05:34:53,771 [pool-439-thread-1] INFO  impl.RaftServerImpl (RaftServerImpl.java:setRole(174)) - 8f9d7271-76b5-412e-ae81-7e5df761feda@group-96F2C83CF50E: changes role from      null to FOLLOWER at term 0 for startAsFollower
2019-09-07 05:34:53,771 [pool-409-thread-1] INFO  server.RaftServerConfigKeys (ConfUtils.java:logGet(43)) - raft.server.snapshot.auto.trigger.threshold = 10000 (custom)
2019-09-07 05:34:53,771 [pool-439-thread-1] INFO  impl.RoleInfo (RoleInfo.java:updateAndGet(143)) - 8f9d7271-76b5-412e-ae81-7e5df761feda: start FollowerState
2019-09-07 05:34:53,771 [pool-409-thread-1] INFO  server.RaftServerConfigKeys (ConfUtils.java:logGet(43)) - raft.server.snapshot.retention.num.files = -1 (default)
2019-09-07 05:34:53,772 [pool-409-thread-1] INFO  server.RaftServerConfigKeys (ConfUtils.java:logGet(43)) - raft.server.retrycache.expirytime = 600000ms (custom)
2019-09-07 05:34:53,772 [pool-439-thread-1] INFO  util.JmxRegister (JmxRegister.java:tryRegister(44)) - Successfully registered JMX Bean with object name Ratis:service=RaftServer,group=group-96F2C83CF50E,id=8f9d7271-76b5-412e-ae81-7e5df761feda
2019-09-07 05:34:53,777 [pool-429-thread-1] INFO  impl.RaftServerImpl (RaftServerImpl.java:start(185)) - 64ec29ee-6c98-4696-9a13-c832ae556bb8@group-96F2C83CF50E: start as a follower, conf=-1: [8f9d7271-76b5-412e-ae81-7e5df761feda:192.168.36.105:46771, fcded245-4458-4147-a571-2c36d3556ae0:192.168.36.105:34963, 64ec29ee-6c98-4696-9a13-c832ae556bb8:192.168.36.105:45804], old=null
2019-09-07 05:34:53,777 [pool-429-thread-1] INFO  impl.RaftServerImpl (RaftServerImpl.java:setRole(174)) - 64ec29ee-6c98-4696-9a13-c832ae556bb8@group-96F2C83CF50E: changes role from      null to FOLLOWER at term 0 for startAsFollower
2019-09-07 05:34:53,777 [pool-429-thread-1] INFO  impl.RoleInfo (RoleInfo.java:updateAndGet(143)) - 64ec29ee-6c98-4696-9a13-c832ae556bb8: start FollowerState
2019-09-07 05:34:53,778 [pool-429-thread-1] INFO  util.JmxRegister (JmxRegister.java:tryRegister(44)) - Successfully registered JMX Bean with object name Ratis:service=RaftServer,group=group-96F2C83CF50E,id=64ec29ee-6c98-4696-9a13-c832ae556bb8
2019-09-07 05:34:53,778 [pool-409-thread-1] INFO  impl.RaftServerImpl (RaftServerImpl.java:start(185)) - fcded245-4458-4147-a571-2c36d3556ae0@group-96F2C83CF50E: start as a follower, conf=-1: [8f9d7271-76b5-412e-ae81-7e5df761feda:192.168.36.105:46771, fcded245-4458-4147-a571-2c36d3556ae0:192.168.36.105:34963, 64ec29ee-6c98-4696-9a13-c832ae556bb8:192.168.36.105:45804], old=null
2019-09-07 05:34:53,778 [pool-409-thread-1] INFO  impl.RaftServerImpl (RaftServerImpl.java:setRole(174)) - fcded245-4458-4147-a571-2c36d3556ae0@group-96F2C83CF50E: changes role from      null to FOLLOWER at term 0 for startAsFollower
2019-09-07 05:34:53,778 [pool-409-thread-1] INFO  impl.RoleInfo (RoleInfo.java:updateAndGet(143)) - fcded245-4458-4147-a571-2c36d3556ae0: start FollowerState
2019-09-07 05:34:53,791 [pool-409-thread-1] INFO  util.JmxRegister (JmxRegister.java:tryRegister(44)) - Successfully registered JMX Bean with object name Ratis:service=RaftServer,group=group-96F2C83CF50E,id=fcded245-4458-4147-a571-2c36d3556ae0
2019-09-07 05:34:53,803 [IPC Server handler 6 on 38244] INFO  net.NetworkTopology (NetworkTopologyImpl.java:add(110)) - Added a new node: /default-rack/8f6979a4-188f-4e31-92c6-9b96597e406b
2019-09-07 05:34:53,804 [IPC Server handler 6 on 38244] INFO  node.SCMNodeManager (SCMNodeManager.java:register(266)) - Registered Data node : 8f6979a4-188f-4e31-92c6-9b96597e406b{ip: 192.168.36.105, host: trunk-nightly-20190907-l8mkd-3410636087, networkLocation: /default-rack, certSerialId: null}
2019-09-07 05:34:53,804 [RatisPipelineUtilsThread] INFO  pipeline.PipelineStateManager (PipelineStateManager.java:addPipeline(56)) - Created pipeline Pipeline[ Id: 33e72eaf-212c-4239-ab06-96f2c83cf50e, Nodes: 64ec29ee-6c98-4696-9a13-c832ae556bb8{ip: 192.168.36.105, host: trunk-nightly-20190907-l8mkd-3410636087, networkLocation: /default-rack, certSerialId: null}8f9d7271-76b5-412e-ae81-7e5df761feda{ip: 192.168.36.105, host: trunk-nightly-20190907-l8mkd-3410636087, networkLocation: /default-rack, certSerialId: null}fcded245-4458-4147-a571-2c36d3556ae0{ip: 192.168.36.105, host: trunk-nightly-20190907-l8mkd-3410636087, networkLocation: /default-rack, certSerialId: null}, Type:RATIS, Factor:THREE, State:OPEN]
2019-09-07 05:34:53,818 [grpc-default-executor-9] INFO  impl.RaftServerProxy (RaftServerProxy.java:addNew(89)) - 0f748453-2874-4841-a29b-5437e9fa0943: addNew group-3EFAE3672955:[be767bf0-8e4e-4f33-be52-f21b913347fe:192.168.36.105:41851, 8f6979a4-188f-4e31-92c6-9b96597e406b:192.168.36.105:38791, 0f748453-2874-4841-a29b-5437e9fa0943:192.168.36.105:46357] returns group-3EFAE3672955:java.util.concurrent.CompletableFuture@663035e[Not completed]
2019-09-07 05:34:53,821 [grpc-default-executor-7] INFO  impl.RaftServerProxy (RaftServerProxy.java:addNew(89)) - 8f6979a4-188f-4e31-92c6-9b96597e406b: addNew group-3EFAE3672955:[be767bf0-8e4e-4f33-be52-f21b913347fe:192.168.36.105:41851, 8f6979a4-188f-4e31-92c6-9b96597e406b:192.168.36.105:38791, 0f748453-2874-4841-a29b-5437e9fa0943:192.168.36.105:46357] returns group-3EFAE3672955:java.util.concurrent.CompletableFuture@7aee637e[Not completed]
2019-09-07 05:34:53,830 [grpc-default-executor-9] INFO  impl.RaftServerProxy (RaftServerProxy.java:addNew(89)) - be767bf0-8e4e-4f33-be52-f21b913347fe: addNew group-3EFAE3672955:[be767bf0-8e4e-4f33-be52-f21b913347fe:192.168.36.105:41851, 8f6979a4-188f-4e31-92c6-9b96597e406b:192.168.36.105:38791, 0f748453-2874-4841-a29b-5437e9fa0943:192.168.36.105:46357] returns group-3EFAE3672955:java.util.concurrent.CompletableFuture@197bb45a[Not completed]
2019-09-07 05:34:53,831 [pool-419-thread-1] INFO  impl.RaftServerImpl (RaftServerImpl.java:<init>(95)) - 0f748453-2874-4841-a29b-5437e9fa0943: new RaftServerImpl for group-3EFAE3672955:[be767bf0-8e4e-4f33-be52-f21b913347fe:192.168.36.105:41851, 8f6979a4-188f-4e31-92c6-9b96597e406b:192.168.36.105:38791, 0f748453-2874-4841-a29b-5437e9fa0943:192.168.36.105:46357] with ContainerStateMachine:uninitialized
2019-09-07 05:34:53,831 [pool-419-thread-1] INFO  server.RaftServerConfigKeys (ConfUtils.java:logGet(43)) - raft.server.rpc.timeout.min = 5s (custom)
2019-09-07 05:34:53,831 [pool-419-thread-1] INFO  server.RaftServerConfigKeys (ConfUtils.java:logGet(43)) - raft.server.rpc.timeout.max = 5200ms (custom)
2019-09-07 05:34:53,832 [pool-419-thread-1] INFO  server.RaftServerConfigKeys (ConfUtils.java:logGet(43)) - raft.server.rpcslowness.timeout = 120s (custom)
2019-09-07 05:34:53,832 [pool-419-thread-1] INFO  server.RaftServerConfigKeys (ConfUtils.java:logGet(43)) - raft.server.sleep.deviation.threshold = 300 (default)
2019-09-07 05:34:53,832 [pool-419-thread-1] INFO  server.RaftServerConfigKeys (ConfUtils.java:logGet(43)) - raft.server.log.appender.install.snapshot.enabled = false (custom)
2019-09-07 05:34:53,832 [pool-419-thread-1] INFO  impl.RaftServerImpl (ServerState.java:<init>(103)) - 0f748453-2874-4841-a29b-5437e9fa0943@group-3EFAE3672955: ConfigurationManager, init=-1: [be767bf0-8e4e-4f33-be52-f21b913347fe:192.168.36.105:41851, 8f6979a4-188f-4e31-92c6-9b96597e406b:192.168.36.105:38791, 0f748453-2874-4841-a29b-5437e9fa0943:192.168.36.105:46357], old=null, confs=<EMPTY_MAP>
2019-09-07 05:34:53,832 [pool-419-thread-1] INFO  server.RaftServerConfigKeys (ConfUtils.java:logGet(43)) - raft.server.storage.dir = [/workdir/hadoop-ozone/integration-test/target/test-dir/MiniOzoneClusterImpl-ca08d622-674a-461b-bc82-2b6f62167716/datanode-1/data/ratis] (custom)
2019-09-07 05:34:53,832 [pool-419-thread-1] INFO  storage.RaftStorageDirectory (RaftStorageDirectory.java:analyzeStorage(246)) - The storage directory /workdir/hadoop-ozone/integration-test/target/test-dir/MiniOzoneClusterImpl-ca08d622-674a-461b-bc82-2b6f62167716/datanode-1/data/ratis/e84f3957-506b-4089-b2f6-3efae3672955 does not exist. Creating ...
2019-09-07 05:34:53,833 [pool-449-thread-1] INFO  impl.RaftServerImpl (RaftServerImpl.java:<init>(95)) - be767bf0-8e4e-4f33-be52-f21b913347fe: new RaftServerImpl for group-3EFAE3672955:[be767bf0-8e4e-4f33-be52-f21b913347fe:192.168.36.105:41851, 8f6979a4-188f-4e31-92c6-9b96597e406b:192.168.36.105:38791, 0f748453-2874-4841-a29b-5437e9fa0943:192.168.36.105:46357] with ContainerStateMachine:uninitialized
2019-09-07 05:34:53,833 [pool-449-thread-1] INFO  server.RaftServerConfigKeys (ConfUtils.java:logGet(43)) - raft.server.rpc.timeout.min = 5s (custom)
2019-09-07 05:34:53,833 [pool-449-thread-1] INFO  server.RaftServerConfigKeys (ConfUtils.java:logGet(43)) - raft.server.rpc.timeout.max = 5200ms (custom)
2019-09-07 05:34:53,833 [pool-449-thread-1] INFO  server.RaftServerConfigKeys (ConfUtils.java:logGet(43)) - raft.server.rpcslowness.timeout = 120s (custom)
2019-09-07 05:34:53,834 [pool-449-thread-1] INFO  server.RaftServerConfigKeys (ConfUtils.java:logGet(43)) - raft.server.sleep.deviation.threshold = 300 (default)
2019-09-07 05:34:53,834 [pool-449-thread-1] INFO  server.RaftServerConfigKeys (ConfUtils.java:logGet(43)) - raft.server.log.appender.install.snapshot.enabled = false (custom)
2019-09-07 05:34:53,834 [pool-459-thread-1] INFO  impl.RaftServerImpl (RaftServerImpl.java:<init>(95)) - 8f6979a4-188f-4e31-92c6-9b96597e406b: new RaftServerImpl for group-3EFAE3672955:[be767bf0-8e4e-4f33-be52-f21b913347fe:192.168.36.105:41851, 8f6979a4-188f-4e31-92c6-9b96597e406b:192.168.36.105:38791, 0f748453-2874-4841-a29b-5437e9fa0943:192.168.36.105:46357] with ContainerStateMachine:uninitialized
2019-09-07 05:34:53,834 [pool-449-thread-1] INFO  impl.RaftServerImpl (ServerState.java:<init>(103)) - be767bf0-8e4e-4f33-be52-f21b913347fe@group-3EFAE3672955: ConfigurationManager, init=-1: [be767bf0-8e4e-4f33-be52-f21b913347fe:192.168.36.105:41851, 8f6979a4-188f-4e31-92c6-9b96597e406b:192.168.36.105:38791, 0f748453-2874-4841-a29b-5437e9fa0943:192.168.36.105:46357], old=null, confs=<EMPTY_MAP>
2019-09-07 05:34:53,834 [pool-459-thread-1] INFO  server.RaftServerConfigKeys (ConfUtils.java:logGet(43)) - raft.server.rpc.timeout.min = 5s (custom)
2019-09-07 05:34:53,834 [pool-449-thread-1] INFO  server.RaftServerConfigKeys (ConfUtils.java:logGet(43)) - raft.server.storage.dir = [/workdir/hadoop-ozone/integration-test/target/test-dir/MiniOzoneClusterImpl-ca08d622-674a-461b-bc82-2b6f62167716/datanode-4/data/ratis] (custom)
2019-09-07 05:34:53,835 [pool-459-thread-1] INFO  server.RaftServerConfigKeys (ConfUtils.java:logGet(43)) - raft.server.rpc.timeout.max = 5200ms (custom)
2019-09-07 05:34:53,835 [pool-449-thread-1] INFO  storage.RaftStorageDirectory (RaftStorageDirectory.java:analyzeStorage(246)) - The storage directory /workdir/hadoop-ozone/integration-test/target/test-dir/MiniOzoneClusterImpl-ca08d622-674a-461b-bc82-2b6f62167716/datanode-4/data/ratis/e84f3957-506b-4089-b2f6-3efae3672955 does not exist. Creating ...
2019-09-07 05:34:53,835 [pool-459-thread-1] INFO  server.RaftServerConfigKeys (ConfUtils.java:logGet(43)) - raft.server.rpcslowness.timeout = 120s (custom)
2019-09-07 05:34:53,835 [pool-459-thread-1] INFO  server.RaftServerConfigKeys (ConfUtils.java:logGet(43)) - raft.server.sleep.deviation.threshold = 300 (default)
2019-09-07 05:34:53,835 [pool-459-thread-1] INFO  server.RaftServerConfigKeys (ConfUtils.java:logGet(43)) - raft.server.log.appender.install.snapshot.enabled = false (custom)
2019-09-07 05:34:53,835 [pool-459-thread-1] INFO  impl.RaftServerImpl (ServerState.java:<init>(103)) - 8f6979a4-188f-4e31-92c6-9b96597e406b@group-3EFAE3672955: ConfigurationManager, init=-1: [be767bf0-8e4e-4f33-be52-f21b913347fe:192.168.36.105:41851, 8f6979a4-188f-4e31-92c6-9b96597e406b:192.168.36.105:38791, 0f748453-2874-4841-a29b-5437e9fa0943:192.168.36.105:46357], old=null, confs=<EMPTY_MAP>
2019-09-07 05:34:53,836 [pool-459-thread-1] INFO  server.RaftServerConfigKeys (ConfUtils.java:logGet(43)) - raft.server.storage.dir = [/workdir/hadoop-ozone/integration-test/target/test-dir/MiniOzoneClusterImpl-ca08d622-674a-461b-bc82-2b6f62167716/datanode-5/data/ratis] (custom)
2019-09-07 05:34:53,836 [pool-459-thread-1] INFO  storage.RaftStorageDirectory (RaftStorageDirectory.java:analyzeStorage(246)) - The storage directory /workdir/hadoop-ozone/integration-test/target/test-dir/MiniOzoneClusterImpl-ca08d622-674a-461b-bc82-2b6f62167716/datanode-5/data/ratis/e84f3957-506b-4089-b2f6-3efae3672955 does not exist. Creating ...
2019-09-07 05:34:53,846 [pool-459-thread-1] INFO  storage.RaftStorageDirectory (RaftStorageDirectory.java:tryLock(328)) - Lock on /workdir/hadoop-ozone/integration-test/target/test-dir/MiniOzoneClusterImpl-ca08d622-674a-461b-bc82-2b6f62167716/datanode-5/data/ratis/e84f3957-506b-4089-b2f6-3efae3672955/in_use.lock acquired by nodename 23141@trunk-nightly-20190907-l8mkd-3410636087
2019-09-07 05:34:53,846 [pool-449-thread-1] INFO  storage.RaftStorageDirectory (RaftStorageDirectory.java:tryLock(328)) - Lock on /workdir/hadoop-ozone/integration-test/target/test-dir/MiniOzoneClusterImpl-ca08d622-674a-461b-bc82-2b6f62167716/datanode-4/data/ratis/e84f3957-506b-4089-b2f6-3efae3672955/in_use.lock acquired by nodename 23141@trunk-nightly-20190907-l8mkd-3410636087
2019-09-07 05:34:53,846 [pool-419-thread-1] INFO  storage.RaftStorageDirectory (RaftStorageDirectory.java:tryLock(328)) - Lock on /workdir/hadoop-ozone/integration-test/target/test-dir/MiniOzoneClusterImpl-ca08d622-674a-461b-bc82-2b6f62167716/datanode-1/data/ratis/e84f3957-506b-4089-b2f6-3efae3672955/in_use.lock acquired by nodename 23141@trunk-nightly-20190907-l8mkd-3410636087
2019-09-07 05:34:53,860 [pool-459-thread-1] INFO  storage.RaftStorage (RaftStorage.java:format(72)) - Storage directory /workdir/hadoop-ozone/integration-test/target/test-dir/MiniOzoneClusterImpl-ca08d622-674a-461b-bc82-2b6f62167716/datanode-5/data/ratis/e84f3957-506b-4089-b2f6-3efae3672955 has been successfully formatted.
2019-09-07 05:34:53,860 [pool-449-thread-1] INFO  storage.RaftStorage (RaftStorage.java:format(72)) - Storage directory /workdir/hadoop-ozone/integration-test/target/test-dir/MiniOzoneClusterImpl-ca08d622-674a-461b-bc82-2b6f62167716/datanode-4/data/ratis/e84f3957-506b-4089-b2f6-3efae3672955 has been successfully formatted.
2019-09-07 05:34:53,860 [pool-419-thread-1] INFO  storage.RaftStorage (RaftStorage.java:format(72)) - Storage directory /workdir/hadoop-ozone/integration-test/target/test-dir/MiniOzoneClusterImpl-ca08d622-674a-461b-bc82-2b6f62167716/datanode-1/data/ratis/e84f3957-506b-4089-b2f6-3efae3672955 has been successfully formatted.
2019-09-07 05:34:53,860 [pool-449-thread-1] INFO  ratis.ContainerStateMachine (ContainerStateMachine.java:loadSnapshot(232)) - group-3EFAE3672955: The snapshot info is null. Setting the last applied indexto:(t:0, i:~)
2019-09-07 05:34:53,860 [pool-459-thread-1] INFO  ratis.ContainerStateMachine (ContainerStateMachine.java:loadSnapshot(232)) - group-3EFAE3672955: The snapshot info is null. Setting the last applied indexto:(t:0, i:~)
2019-09-07 05:34:53,861 [pool-449-thread-1] INFO  server.RaftServerConfigKeys (ConfUtils.java:logGet(43)) - raft.server.notification.no-leader.timeout = 120s (custom)
2019-09-07 05:34:53,861 [pool-419-thread-1] INFO  ratis.ContainerStateMachine (ContainerStateMachine.java:loadSnapshot(232)) - group-3EFAE3672955: The snapshot info is null. Setting the last applied indexto:(t:0, i:~)
2019-09-07 05:34:53,861 [pool-449-thread-1] INFO  server.RaftServerConfigKeys (ConfUtils.java:logGet(43)) - raft.server.log.use.memory = false (default)
2019-09-07 05:34:53,861 [pool-459-thread-1] INFO  server.RaftServerConfigKeys (ConfUtils.java:logGet(43)) - raft.server.notification.no-leader.timeout = 120s (custom)
2019-09-07 05:34:53,861 [pool-449-thread-1] INFO  server.RaftServerConfigKeys (ConfUtils.java:logGet(43)) - raft.server.log.purge.gap = 1000000 (custom)
2019-09-07 05:34:53,861 [pool-419-thread-1] INFO  server.RaftServerConfigKeys (ConfUtils.java:logGet(43)) - raft.server.notification.no-leader.timeout = 120s (custom)
2019-09-07 05:34:53,861 [pool-449-thread-1] INFO  server.RaftServerConfigKeys (ConfUtils.java:logGet(43)) - raft.server.log.appender.buffer.byte-limit = 33554432 (custom)
2019-09-07 05:34:53,861 [pool-459-thread-1] INFO  server.RaftServerConfigKeys (ConfUtils.java:logGet(43)) - raft.server.log.use.memory = false (default)
2019-09-07 05:34:53,862 [pool-449-thread-1] INFO  server.RaftServerConfigKeys (ConfUtils.java:logGet(43)) - raft.server.log.segment.size.max = 1048576 (custom)
2019-09-07 05:34:53,861 [pool-419-thread-1] INFO  server.RaftServerConfigKeys (ConfUtils.java:logGet(43)) - raft.server.log.use.memory = false (default)
2019-09-07 05:34:53,862 [pool-449-thread-1] INFO  server.RaftServerConfigKeys (ConfUtils.java:logGet(43)) - raft.server.log.segment.cache.num.max = 2 (custom)
2019-09-07 05:34:53,862 [pool-459-thread-1] INFO  server.RaftServerConfigKeys (ConfUtils.java:logGet(43)) - raft.server.log.purge.gap = 1000000 (custom)
2019-09-07 05:34:53,862 [pool-449-thread-1] INFO  segmented.SegmentedRaftLogWorker (SegmentedRaftLogWorker.java:<init>(172)) - new be767bf0-8e4e-4f33-be52-f21b913347fe@group-3EFAE3672955-SegmentedRaftLogWorker for RaftStorage:Storage Directory /workdir/hadoop-ozone/integration-test/target/test-dir/MiniOzoneClusterImpl-ca08d622-674a-461b-bc82-2b6f62167716/datanode-4/data/ratis/e84f3957-506b-4089-b2f6-3efae3672955
2019-09-07 05:34:53,862 [pool-419-thread-1] INFO  server.RaftServerConfigKeys (ConfUtils.java:logGet(43)) - raft.server.log.purge.gap = 1000000 (custom)
2019-09-07 05:34:53,862 [pool-459-thread-1] INFO  server.RaftServerConfigKeys (ConfUtils.java:logGet(43)) - raft.server.log.appender.buffer.byte-limit = 33554432 (custom)
2019-09-07 05:34:53,863 [pool-419-thread-1] INFO  server.RaftServerConfigKeys (ConfUtils.java:logGet(43)) - raft.server.log.appender.buffer.byte-limit = 33554432 (custom)
2019-09-07 05:34:53,863 [pool-459-thread-1] INFO  server.RaftServerConfigKeys (ConfUtils.java:logGet(43)) - raft.server.log.segment.size.max = 1048576 (custom)
2019-09-07 05:34:53,863 [pool-419-thread-1] INFO  server.RaftServerConfigKeys (ConfUtils.java:logGet(43)) - raft.server.log.segment.size.max = 1048576 (custom)
2019-09-07 05:34:53,863 [pool-459-thread-1] INFO  server.RaftServerConfigKeys (ConfUtils.java:logGet(43)) - raft.server.log.segment.cache.num.max = 2 (custom)
2019-09-07 05:34:53,863 [pool-419-thread-1] INFO  server.RaftServerConfigKeys (ConfUtils.java:logGet(43)) - raft.server.log.segment.cache.num.max = 2 (custom)
2019-09-07 05:34:53,863 [pool-459-thread-1] INFO  segmented.SegmentedRaftLogWorker (SegmentedRaftLogWorker.java:<init>(172)) - new 8f6979a4-188f-4e31-92c6-9b96597e406b@group-3EFAE3672955-SegmentedRaftLogWorker for RaftStorage:Storage Directory /workdir/hadoop-ozone/integration-test/target/test-dir/MiniOzoneClusterImpl-ca08d622-674a-461b-bc82-2b6f62167716/datanode-5/data/ratis/e84f3957-506b-4089-b2f6-3efae3672955
2019-09-07 05:34:53,863 [pool-419-thread-1] INFO  segmented.SegmentedRaftLogWorker (SegmentedRaftLogWorker.java:<init>(172)) - new 0f748453-2874-4841-a29b-5437e9fa0943@group-3EFAE3672955-SegmentedRaftLogWorker for RaftStorage:Storage Directory /workdir/hadoop-ozone/integration-test/target/test-dir/MiniOzoneClusterImpl-ca08d622-674a-461b-bc82-2b6f62167716/datanode-1/data/ratis/e84f3957-506b-4089-b2f6-3efae3672955
2019-09-07 05:34:53,864 [pool-419-thread-1] INFO  server.RaftServerConfigKeys (ConfUtils.java:logGet(43)) - raft.server.log.queue.byte-limit = 2147483647 (custom)
2019-09-07 05:34:53,864 [pool-419-thread-1] INFO  server.RaftServerConfigKeys (ConfUtils.java:logGet(43)) - raft.server.log.queue.element-limit = 1024 (custom)
2019-09-07 05:34:53,864 [IPC Server handler 19 on 38244] INFO  net.NetworkTopology (NetworkTopologyImpl.java:add(110)) - Added a new node: /default-rack/b051b77b-abf9-46c8-84ea-1064ac2c0109
2019-09-07 05:34:53,864 [pool-419-thread-1] INFO  server.RaftServerConfigKeys (ConfUtils.java:logGet(43)) - raft.server.log.segment.size.max = 1048576 (custom)
2019-09-07 05:34:53,864 [IPC Server handler 19 on 38244] INFO  node.SCMNodeManager (SCMNodeManager.java:register(266)) - Registered Data node : b051b77b-abf9-46c8-84ea-1064ac2c0109{ip: 192.168.36.105, host: trunk-nightly-20190907-l8mkd-3410636087, networkLocation: /default-rack, certSerialId: null}
2019-09-07 05:34:53,865 [main] INFO  ozone.MiniOzoneClusterImpl (MiniOzoneClusterImpl.java:lambda$waitForClusterToBeReady$0(140)) - Cluster is ready. Got 7 of 7 DN Heartbeats.
2019-09-07 05:34:53,865 [pool-419-thread-1] INFO  server.RaftServerConfigKeys (ConfUtils.java:logGet(43)) - raft.server.log.preallocated.size = 16384 (custom)
2019-09-07 05:34:53,865 [pool-419-thread-1] INFO  server.RaftServerConfigKeys (ConfUtils.java:logGet(43)) - raft.server.log.write.buffer.size = 33554432 (custom)
2019-09-07 05:34:53,865 [pool-449-thread-1] INFO  server.RaftServerConfigKeys (ConfUtils.java:logGet(43)) - raft.server.log.queue.byte-limit = 2147483647 (custom)
2019-09-07 05:34:53,865 [pool-419-thread-1] INFO  server.RaftServerConfigKeys (ConfUtils.java:logGet(43)) - raft.server.log.force.sync.num = 128 (default)
2019-09-07 05:34:53,866 [pool-449-thread-1] INFO  server.RaftServerConfigKeys (ConfUtils.java:logGet(43)) - raft.server.log.queue.element-limit = 1024 (custom)
2019-09-07 05:34:53,866 [pool-419-thread-1] INFO  server.RaftServerConfigKeys (ConfUtils.java:logGet(43)) - raft.server.log.statemachine.data.sync = true (default)
2019-09-07 05:34:53,866 [pool-449-thread-1] INFO  server.RaftServerConfigKeys (ConfUtils.java:logGet(43)) - raft.server.log.segment.size.max = 1048576 (custom)
2019-09-07 05:34:53,866 [pool-459-thread-1] INFO  server.RaftServerConfigKeys (ConfUtils.java:logGet(43)) - raft.server.log.queue.byte-limit = 2147483647 (custom)
2019-09-07 05:34:53,866 [pool-419-thread-1] INFO  server.RaftServerConfigKeys (ConfUtils.java:logGet(43)) - raft.server.log.statemachine.data.sync.timeout = 10s (default)
2019-09-07 05:34:53,866 [pool-459-thread-1] INFO  server.RaftServerConfigKeys (ConfUtils.java:logGet(43)) - raft.server.log.queue.element-limit = 1024 (custom)
2019-09-07 05:34:53,866 [pool-449-thread-1] INFO  server.RaftServerConfigKeys (ConfUtils.java:logGet(43)) - raft.server.log.preallocated.size = 16384 (custom)
2019-09-07 05:34:53,867 [pool-459-thread-1] INFO  server.RaftServerConfigKeys (ConfUtils.java:logGet(43)) - raft.server.log.segment.size.max = 1048576 (custom)
2019-09-07 05:34:53,867 [pool-419-thread-1] INFO  server.RaftServerConfigKeys (ConfUtils.java:logGet(43)) - raft.server.log.statemachine.data.sync.timeout.retry = -1 (default)
2019-09-07 05:34:53,867 [pool-459-thread-1] INFO  server.RaftServerConfigKeys (ConfUtils.java:logGet(43)) - raft.server.log.preallocated.size = 16384 (custom)
2019-09-07 05:34:53,867 [pool-449-thread-1] INFO  server.RaftServerConfigKeys (ConfUtils.java:logGet(43)) - raft.server.log.write.buffer.size = 33554432 (custom)
2019-09-07 05:34:53,867 [pool-459-thread-1] INFO  server.RaftServerConfigKeys (ConfUtils.java:logGet(43)) - raft.server.log.write.buffer.size = 33554432 (custom)
2019-09-07 05:34:53,867 [pool-419-thread-1] INFO  server.RaftServerConfigKeys (ConfUtils.java:logGet(43)) - raft.server.log.statemachine.data.caching.enabled = true (custom)
2019-09-07 05:34:53,868 [pool-459-thread-1] INFO  server.RaftServerConfigKeys (ConfUtils.java:logGet(43)) - raft.server.log.force.sync.num = 128 (default)
2019-09-07 05:34:53,868 [pool-459-thread-1] INFO  server.RaftServerConfigKeys (ConfUtils.java:logGet(43)) - raft.server.log.statemachine.data.sync = true (default)
2019-09-07 05:34:53,867 [pool-449-thread-1] INFO  server.RaftServerConfigKeys (ConfUtils.java:logGet(43)) - raft.server.log.force.sync.num = 128 (default)
2019-09-07 05:34:53,868 [pool-459-thread-1] INFO  server.RaftServerConfigKeys (ConfUtils.java:logGet(43)) - raft.server.log.statemachine.data.sync.timeout = 10s (default)
2019-09-07 05:34:53,868 [pool-419-thread-1] INFO  segmented.SegmentedRaftLogWorker (SegmentedRaftLogWorker.java:lambda$new$0(132)) - 0f748453-2874-4841-a29b-5437e9fa0943@group-3EFAE3672955-SegmentedRaftLogWorker: flushIndex: setUnconditionally 0 -> -1
2019-09-07 05:34:53,868 [pool-459-thread-1] INFO  server.RaftServerConfigKeys (ConfUtils.java:logGet(43)) - raft.server.log.statemachine.data.sync.timeout.retry = -1 (default)
2019-09-07 05:34:53,868 [pool-449-thread-1] INFO  server.RaftServerConfigKeys (ConfUtils.java:logGet(43)) - raft.server.log.statemachine.data.sync = true (default)
2019-09-07 05:34:53,869 [pool-459-thread-1] INFO  server.RaftServerConfigKeys (ConfUtils.java:logGet(43)) - raft.server.log.statemachine.data.caching.enabled = true (custom)
2019-09-07 05:34:53,869 [pool-419-thread-1] INFO  server.RaftServerConfigKeys (ConfUtils.java:logGet(43)) - raft.server.snapshot.auto.trigger.enabled = true (custom)
2019-09-07 05:34:53,874 [pool-419-thread-1] INFO  server.RaftServerConfigKeys (ConfUtils.java:logGet(43)) - raft.server.snapshot.auto.trigger.threshold = 10000 (custom)
2019-09-07 05:34:53,869 [pool-449-thread-1] INFO  server.RaftServerConfigKeys (ConfUtils.java:logGet(43)) - raft.server.log.statemachine.data.sync.timeout = 10s (default)
2019-09-07 05:34:53,877 [pool-419-thread-1] INFO  server.RaftServerConfigKeys (ConfUtils.java:logGet(43)) - raft.server.snapshot.retention.num.files = -1 (default)
2019-09-07 05:34:53,874 [pool-459-thread-1] INFO  segmented.SegmentedRaftLogWorker (SegmentedRaftLogWorker.java:lambda$new$0(132)) - 8f6979a4-188f-4e31-92c6-9b96597e406b@group-3EFAE3672955-SegmentedRaftLogWorker: flushIndex: setUnconditionally 0 -> -1
2019-09-07 05:34:53,878 [pool-419-thread-1] INFO  server.RaftServerConfigKeys (ConfUtils.java:logGet(43)) - raft.server.retrycache.expirytime = 600000ms (custom)
2019-09-07 05:34:53,878 [pool-449-thread-1] INFO  server.RaftServerConfigKeys (ConfUtils.java:logGet(43)) - raft.server.log.statemachine.data.sync.timeout.retry = -1 (default)
2019-09-07 05:34:53,878 [pool-459-thread-1] INFO  server.RaftServerConfigKeys (ConfUtils.java:logGet(43)) - raft.server.snapshot.auto.trigger.enabled = true (custom)
2019-09-07 05:34:53,878 [pool-449-thread-1] INFO  server.RaftServerConfigKeys (ConfUtils.java:logGet(43)) - raft.server.log.statemachine.data.caching.enabled = true (custom)
2019-09-07 05:34:53,878 [pool-459-thread-1] INFO  server.RaftServerConfigKeys (ConfUtils.java:logGet(43)) - raft.server.snapshot.auto.trigger.threshold = 10000 (custom)
2019-09-07 05:34:53,879 [pool-459-thread-1] INFO  server.RaftServerConfigKeys (ConfUtils.java:logGet(43)) - raft.server.snapshot.retention.num.files = -1 (default)
2019-09-07 05:34:53,879 [pool-449-thread-1] INFO  segmented.SegmentedRaftLogWorker (SegmentedRaftLogWorker.java:lambda$new$0(132)) - be767bf0-8e4e-4f33-be52-f21b913347fe@group-3EFAE3672955-SegmentedRaftLogWorker: flushIndex: setUnconditionally 0 -> -1
2019-09-07 05:34:53,879 [pool-459-thread-1] INFO  server.RaftServerConfigKeys (ConfUtils.java:logGet(43)) - raft.server.retrycache.expirytime = 600000ms (custom)
2019-09-07 05:34:53,879 [pool-449-thread-1] INFO  server.RaftServerConfigKeys (ConfUtils.java:logGet(43)) - raft.server.snapshot.auto.trigger.enabled = true (custom)
2019-09-07 05:34:53,880 [pool-449-thread-1] INFO  server.RaftServerConfigKeys (ConfUtils.java:logGet(43)) - raft.server.snapshot.auto.trigger.threshold = 10000 (custom)
2019-09-07 05:34:53,880 [pool-449-thread-1] INFO  server.RaftServerConfigKeys (ConfUtils.java:logGet(43)) - raft.server.snapshot.retention.num.files = -1 (default)
2019-09-07 05:34:53,883 [pool-449-thread-1] INFO  server.RaftServerConfigKeys (ConfUtils.java:logGet(43)) - raft.server.retrycache.expirytime = 600000ms (custom)
2019-09-07 05:34:53,884 [pool-419-thread-1] INFO  impl.RaftServerImpl (RaftServerImpl.java:start(185)) - 0f748453-2874-4841-a29b-5437e9fa0943@group-3EFAE3672955: start as a follower, conf=-1: [be767bf0-8e4e-4f33-be52-f21b913347fe:192.168.36.105:41851, 8f6979a4-188f-4e31-92c6-9b96597e406b:192.168.36.105:38791, 0f748453-2874-4841-a29b-5437e9fa0943:192.168.36.105:46357], old=null
2019-09-07 05:34:53,884 [pool-419-thread-1] INFO  impl.RaftServerImpl (RaftServerImpl.java:setRole(174)) - 0f748453-2874-4841-a29b-5437e9fa0943@group-3EFAE3672955: changes role from      null to FOLLOWER at term 0 for startAsFollower
2019-09-07 05:34:53,884 [pool-419-thread-1] INFO  impl.RoleInfo (RoleInfo.java:updateAndGet(143)) - 0f748453-2874-4841-a29b-5437e9fa0943: start FollowerState
2019-09-07 05:34:53,903 [pool-419-thread-1] INFO  util.JmxRegister (JmxRegister.java:tryRegister(44)) - Successfully registered JMX Bean with object name Ratis:service=RaftServer,group=group-3EFAE3672955,id=0f748453-2874-4841-a29b-5437e9fa0943
2019-09-07 05:34:53,903 [pool-459-thread-1] INFO  impl.RaftServerImpl (RaftServerImpl.java:start(185)) - 8f6979a4-188f-4e31-92c6-9b96597e406b@group-3EFAE3672955: start as a follower, conf=-1: [be767bf0-8e4e-4f33-be52-f21b913347fe:192.168.36.105:41851, 8f6979a4-188f-4e31-92c6-9b96597e406b:192.168.36.105:38791, 0f748453-2874-4841-a29b-5437e9fa0943:192.168.36.105:46357], old=null
2019-09-07 05:34:53,903 [pool-459-thread-1] INFO  impl.RaftServerImpl (RaftServerImpl.java:setRole(174)) - 8f6979a4-188f-4e31-92c6-9b96597e406b@group-3EFAE3672955: changes role from      null to FOLLOWER at term 0 for startAsFollower
2019-09-07 05:34:53,904 [pool-459-thread-1] INFO  impl.RoleInfo (RoleInfo.java:updateAndGet(143)) - 8f6979a4-188f-4e31-92c6-9b96597e406b: start FollowerState
2019-09-07 05:34:53,907 [pool-459-thread-1] INFO  util.JmxRegister (JmxRegister.java:tryRegister(44)) - Successfully registered JMX Bean with object name Ratis:service=RaftServer,group=group-3EFAE3672955,id=8f6979a4-188f-4e31-92c6-9b96597e406b
2019-09-07 05:34:53,907 [pool-449-thread-1] INFO  impl.RaftServerImpl (RaftServerImpl.java:start(185)) - be767bf0-8e4e-4f33-be52-f21b913347fe@group-3EFAE3672955: start as a follower, conf=-1: [be767bf0-8e4e-4f33-be52-f21b913347fe:192.168.36.105:41851, 8f6979a4-188f-4e31-92c6-9b96597e406b:192.168.36.105:38791, 0f748453-2874-4841-a29b-5437e9fa0943:192.168.36.105:46357], old=null
2019-09-07 05:34:53,908 [pool-449-thread-1] INFO  impl.RaftServerImpl (RaftServerImpl.java:setRole(174)) - be767bf0-8e4e-4f33-be52-f21b913347fe@group-3EFAE3672955: changes role from      null to FOLLOWER at term 0 for startAsFollower
2019-09-07 05:34:53,910 [pool-449-thread-1] INFO  impl.RoleInfo (RoleInfo.java:updateAndGet(143)) - be767bf0-8e4e-4f33-be52-f21b913347fe: start FollowerState
2019-09-07 05:34:53,911 [pool-449-thread-1] INFO  util.JmxRegister (JmxRegister.java:tryRegister(44)) - Successfully registered JMX Bean with object name Ratis:service=RaftServer,group=group-3EFAE3672955,id=be767bf0-8e4e-4f33-be52-f21b913347fe
2019-09-07 05:34:53,914 [main] INFO  rpc.RpcClient (RpcClient.java:createVolume(298)) - Creating Volume: testblockoutputstream, with jenkins1000 as owner.
2019-09-07 05:34:53,914 [RatisPipelineUtilsThread] INFO  pipeline.PipelineStateManager (PipelineStateManager.java:addPipeline(56)) - Created pipeline Pipeline[ Id: e84f3957-506b-4089-b2f6-3efae3672955, Nodes: 8f6979a4-188f-4e31-92c6-9b96597e406b{ip: 192.168.36.105, host: trunk-nightly-20190907-l8mkd-3410636087, networkLocation: /default-rack, certSerialId: null}0f748453-2874-4841-a29b-5437e9fa0943{ip: 192.168.36.105, host: trunk-nightly-20190907-l8mkd-3410636087, networkLocation: /default-rack, certSerialId: null}be767bf0-8e4e-4f33-be52-f21b913347fe{ip: 192.168.36.105, host: trunk-nightly-20190907-l8mkd-3410636087, networkLocation: /default-rack, certSerialId: null}, Type:RATIS, Factor:THREE, State:OPEN]
2019-09-07 05:34:53,923 [grpc-default-executor-9] INFO  impl.RaftServerProxy (RaftServerProxy.java:addNew(89)) - b051b77b-abf9-46c8-84ea-1064ac2c0109: addNew group-FB31D2AB7279:[b051b77b-abf9-46c8-84ea-1064ac2c0109:192.168.36.105:40206] returns group-FB31D2AB7279:java.util.concurrent.CompletableFuture@575f993e[Not completed]
2019-09-07 05:34:53,923 [IPC Server handler 0 on 42979] INFO  volume.OMVolumeCreateRequest (OMVolumeCreateRequest.java:validateAndUpdateCache(189)) - created volume:testblockoutputstream for user:jenkins1000
2019-09-07 05:34:53,925 [pool-469-thread-1] INFO  impl.RaftServerImpl (RaftServerImpl.java:<init>(95)) - b051b77b-abf9-46c8-84ea-1064ac2c0109: new RaftServerImpl for group-FB31D2AB7279:[b051b77b-abf9-46c8-84ea-1064ac2c0109:192.168.36.105:40206] with ContainerStateMachine:uninitialized
2019-09-07 05:34:53,925 [pool-469-thread-1] INFO  server.RaftServerConfigKeys (ConfUtils.java:logGet(43)) - raft.server.rpc.timeout.min = 5s (custom)
2019-09-07 05:34:53,925 [pool-469-thread-1] INFO  server.RaftServerConfigKeys (ConfUtils.java:logGet(43)) - raft.server.rpc.timeout.max = 5200ms (custom)
2019-09-07 05:34:53,925 [pool-469-thread-1] INFO  server.RaftServerConfigKeys (ConfUtils.java:logGet(43)) - raft.server.rpcslowness.timeout = 120s (custom)
2019-09-07 05:34:53,925 [pool-469-thread-1] INFO  server.RaftServerConfigKeys (ConfUtils.java:logGet(43)) - raft.server.sleep.deviation.threshold = 300 (default)
2019-09-07 05:34:53,926 [pool-469-thread-1] INFO  server.RaftServerConfigKeys (ConfUtils.java:logGet(43)) - raft.server.log.appender.install.snapshot.enabled = false (custom)
2019-09-07 05:34:53,926 [pool-469-thread-1] INFO  impl.RaftServerImpl (ServerState.java:<init>(103)) - b051b77b-abf9-46c8-84ea-1064ac2c0109@group-FB31D2AB7279: ConfigurationManager, init=-1: [b051b77b-abf9-46c8-84ea-1064ac2c0109:192.168.36.105:40206], old=null, confs=<EMPTY_MAP>
2019-09-07 05:34:53,926 [pool-469-thread-1] INFO  server.RaftServerConfigKeys (ConfUtils.java:logGet(43)) - raft.server.storage.dir = [/workdir/hadoop-ozone/integration-test/target/test-dir/MiniOzoneClusterImpl-ca08d622-674a-461b-bc82-2b6f62167716/datanode-6/data/ratis] (custom)
2019-09-07 05:34:53,926 [pool-469-thread-1] INFO  storage.RaftStorageDirectory (RaftStorageDirectory.java:analyzeStorage(246)) - The storage directory /workdir/hadoop-ozone/integration-test/target/test-dir/MiniOzoneClusterImpl-ca08d622-674a-461b-bc82-2b6f62167716/datanode-6/data/ratis/1c08f763-75f3-47d4-b596-fb31d2ab7279 does not exist. Creating ...
2019-09-07 05:34:53,945 [main] INFO  rpc.RpcClient (RpcClient.java:createBucket(437)) - Creating Bucket: testblockoutputstream/testblockoutputstream, with Versioning false and Storage Type set to DISK and Encryption set to false 
2019-09-07 05:34:53,947 [pool-469-thread-1] INFO  storage.RaftStorageDirectory (RaftStorageDirectory.java:tryLock(328)) - Lock on /workdir/hadoop-ozone/integration-test/target/test-dir/MiniOzoneClusterImpl-ca08d622-674a-461b-bc82-2b6f62167716/datanode-6/data/ratis/1c08f763-75f3-47d4-b596-fb31d2ab7279/in_use.lock acquired by nodename 23141@trunk-nightly-20190907-l8mkd-3410636087
2019-09-07 05:34:53,962 [pool-469-thread-1] INFO  storage.RaftStorage (RaftStorage.java:format(72)) - Storage directory /workdir/hadoop-ozone/integration-test/target/test-dir/MiniOzoneClusterImpl-ca08d622-674a-461b-bc82-2b6f62167716/datanode-6/data/ratis/1c08f763-75f3-47d4-b596-fb31d2ab7279 has been successfully formatted.
2019-09-07 05:34:53,962 [pool-469-thread-1] INFO  ratis.ContainerStateMachine (ContainerStateMachine.java:loadSnapshot(232)) - group-FB31D2AB7279: The snapshot info is null. Setting the last applied indexto:(t:0, i:~)
2019-09-07 05:34:53,962 [pool-469-thread-1] INFO  server.RaftServerConfigKeys (ConfUtils.java:logGet(43)) - raft.server.notification.no-leader.timeout = 120s (custom)
2019-09-07 05:34:53,962 [pool-469-thread-1] INFO  server.RaftServerConfigKeys (ConfUtils.java:logGet(43)) - raft.server.log.use.memory = false (default)
2019-09-07 05:34:53,962 [pool-469-thread-1] INFO  server.RaftServerConfigKeys (ConfUtils.java:logGet(43)) - raft.server.log.purge.gap = 1000000 (custom)
2019-09-07 05:34:53,962 [pool-469-thread-1] INFO  server.RaftServerConfigKeys (ConfUtils.java:logGet(43)) - raft.server.log.appender.buffer.byte-limit = 33554432 (custom)
2019-09-07 05:34:53,963 [pool-469-thread-1] INFO  server.RaftServerConfigKeys (ConfUtils.java:logGet(43)) - raft.server.log.segment.size.max = 1048576 (custom)
2019-09-07 05:34:53,963 [pool-469-thread-1] INFO  server.RaftServerConfigKeys (ConfUtils.java:logGet(43)) - raft.server.log.segment.cache.num.max = 2 (custom)
2019-09-07 05:34:53,963 [pool-469-thread-1] INFO  segmented.SegmentedRaftLogWorker (SegmentedRaftLogWorker.java:<init>(172)) - new b051b77b-abf9-46c8-84ea-1064ac2c0109@group-FB31D2AB7279-SegmentedRaftLogWorker for RaftStorage:Storage Directory /workdir/hadoop-ozone/integration-test/target/test-dir/MiniOzoneClusterImpl-ca08d622-674a-461b-bc82-2b6f62167716/datanode-6/data/ratis/1c08f763-75f3-47d4-b596-fb31d2ab7279
2019-09-07 05:34:53,965 [pool-469-thread-1] INFO  server.RaftServerConfigKeys (ConfUtils.java:logGet(43)) - raft.server.log.queue.byte-limit = 2147483647 (custom)
2019-09-07 05:34:53,965 [pool-469-thread-1] INFO  server.RaftServerConfigKeys (ConfUtils.java:logGet(43)) - raft.server.log.queue.element-limit = 1024 (custom)
2019-09-07 05:34:53,965 [pool-469-thread-1] INFO  server.RaftServerConfigKeys (ConfUtils.java:logGet(43)) - raft.server.log.segment.size.max = 1048576 (custom)
2019-09-07 05:34:53,965 [pool-469-thread-1] INFO  server.RaftServerConfigKeys (ConfUtils.java:logGet(43)) - raft.server.log.preallocated.size = 16384 (custom)
2019-09-07 05:34:53,965 [pool-469-thread-1] INFO  server.RaftServerConfigKeys (ConfUtils.java:logGet(43)) - raft.server.log.write.buffer.size = 33554432 (custom)
2019-09-07 05:34:53,965 [pool-469-thread-1] INFO  server.RaftServerConfigKeys (ConfUtils.java:logGet(43)) - raft.server.log.force.sync.num = 128 (default)
2019-09-07 05:34:53,965 [pool-469-thread-1] INFO  server.RaftServerConfigKeys (ConfUtils.java:logGet(43)) - raft.server.log.statemachine.data.sync = true (default)
2019-09-07 05:34:53,966 [pool-469-thread-1] INFO  server.RaftServerConfigKeys (ConfUtils.java:logGet(43)) - raft.server.log.statemachine.data.sync.timeout = 10s (default)
2019-09-07 05:34:53,966 [pool-469-thread-1] INFO  server.RaftServerConfigKeys (ConfUtils.java:logGet(43)) - raft.server.log.statemachine.data.sync.timeout.retry = -1 (default)
2019-09-07 05:34:53,966 [pool-469-thread-1] INFO  server.RaftServerConfigKeys (ConfUtils.java:logGet(43)) - raft.server.log.statemachine.data.caching.enabled = true (custom)
2019-09-07 05:34:53,966 [pool-469-thread-1] INFO  segmented.SegmentedRaftLogWorker (SegmentedRaftLogWorker.java:lambda$new$0(132)) - b051b77b-abf9-46c8-84ea-1064ac2c0109@group-FB31D2AB7279-SegmentedRaftLogWorker: flushIndex: setUnconditionally 0 -> -1
2019-09-07 05:34:53,967 [pool-469-thread-1] INFO  server.RaftServerConfigKeys (ConfUtils.java:logGet(43)) - raft.server.snapshot.auto.trigger.enabled = true (custom)
2019-09-07 05:34:53,967 [pool-469-thread-1] INFO  server.RaftServerConfigKeys (ConfUtils.java:logGet(43)) - raft.server.snapshot.auto.trigger.threshold = 10000 (custom)
2019-09-07 05:34:53,967 [pool-469-thread-1] INFO  server.RaftServerConfigKeys (ConfUtils.java:logGet(43)) - raft.server.snapshot.retention.num.files = -1 (default)
2019-09-07 05:34:53,967 [pool-469-thread-1] INFO  server.RaftServerConfigKeys (ConfUtils.java:logGet(43)) - raft.server.retrycache.expirytime = 600000ms (custom)
2019-09-07 05:34:53,970 [pool-469-thread-1] INFO  impl.RaftServerImpl (RaftServerImpl.java:start(185)) - b051b77b-abf9-46c8-84ea-1064ac2c0109@group-FB31D2AB7279: start as a follower, conf=-1: [b051b77b-abf9-46c8-84ea-1064ac2c0109:192.168.36.105:40206], old=null
2019-09-07 05:34:53,970 [pool-469-thread-1] INFO  impl.RaftServerImpl (RaftServerImpl.java:setRole(174)) - b051b77b-abf9-46c8-84ea-1064ac2c0109@group-FB31D2AB7279: changes role from      null to FOLLOWER at term 0 for startAsFollower
2019-09-07 05:34:53,971 [pool-469-thread-1] INFO  impl.RoleInfo (RoleInfo.java:updateAndGet(143)) - b051b77b-abf9-46c8-84ea-1064ac2c0109: start FollowerState
2019-09-07 05:34:53,971 [pool-469-thread-1] INFO  util.JmxRegister (JmxRegister.java:tryRegister(44)) - Successfully registered JMX Bean with object name Ratis:service=RaftServer,group=group-FB31D2AB7279,id=b051b77b-abf9-46c8-84ea-1064ac2c0109
2019-09-07 05:34:53,975 [RatisPipelineUtilsThread] INFO  pipeline.PipelineStateManager (PipelineStateManager.java:addPipeline(56)) - Created pipeline Pipeline[ Id: 1c08f763-75f3-47d4-b596-fb31d2ab7279, Nodes: b051b77b-abf9-46c8-84ea-1064ac2c0109{ip: 192.168.36.105, host: trunk-nightly-20190907-l8mkd-3410636087, networkLocation: /default-rack, certSerialId: null}, Type:RATIS, Factor:ONE, State:OPEN]
2019-09-07 05:34:53,984 [grpc-default-executor-9] INFO  impl.RaftServerProxy (RaftServerProxy.java:addNew(89)) - 8f6979a4-188f-4e31-92c6-9b96597e406b: addNew group-F61D30F8D9EA:[8f6979a4-188f-4e31-92c6-9b96597e406b:192.168.36.105:38791] returns group-F61D30F8D9EA:java.util.concurrent.CompletableFuture@62d6d3e1[Not completed]
2019-09-07 05:34:53,986 [pool-459-thread-1] INFO  impl.RaftServerImpl (RaftServerImpl.java:<init>(95)) - 8f6979a4-188f-4e31-92c6-9b96597e406b: new RaftServerImpl for group-F61D30F8D9EA:[8f6979a4-188f-4e31-92c6-9b96597e406b:192.168.36.105:38791] with ContainerStateMachine:uninitialized
2019-09-07 05:34:53,986 [pool-459-thread-1] INFO  server.RaftServerConfigKeys (ConfUtils.java:logGet(43)) - raft.server.rpc.timeout.min = 5s (custom)
2019-09-07 05:34:53,986 [pool-459-thread-1] INFO  server.RaftServerConfigKeys (ConfUtils.java:logGet(43)) - raft.server.rpc.timeout.max = 5200ms (custom)
2019-09-07 05:34:53,986 [pool-459-thread-1] INFO  server.RaftServerConfigKeys (ConfUtils.java:logGet(43)) - raft.server.rpcslowness.timeout = 120s (custom)
2019-09-07 05:34:53,986 [pool-459-thread-1] INFO  server.RaftServerConfigKeys (ConfUtils.java:logGet(43)) - raft.server.sleep.deviation.threshold = 300 (default)
2019-09-07 05:34:53,987 [pool-459-thread-1] INFO  server.RaftServerConfigKeys (ConfUtils.java:logGet(43)) - raft.server.log.appender.install.snapshot.enabled = false (custom)
2019-09-07 05:34:53,987 [pool-459-thread-1] INFO  impl.RaftServerImpl (ServerState.java:<init>(103)) - 8f6979a4-188f-4e31-92c6-9b96597e406b@group-F61D30F8D9EA: ConfigurationManager, init=-1: [8f6979a4-188f-4e31-92c6-9b96597e406b:192.168.36.105:38791], old=null, confs=<EMPTY_MAP>
2019-09-07 05:34:53,987 [pool-459-thread-1] INFO  server.RaftServerConfigKeys (ConfUtils.java:logGet(43)) - raft.server.storage.dir = [/workdir/hadoop-ozone/integration-test/target/test-dir/MiniOzoneClusterImpl-ca08d622-674a-461b-bc82-2b6f62167716/datanode-5/data/ratis] (custom)
2019-09-07 05:34:53,987 [pool-459-thread-1] INFO  storage.RaftStorageDirectory (RaftStorageDirectory.java:analyzeStorage(246)) - The storage directory /workdir/hadoop-ozone/integration-test/target/test-dir/MiniOzoneClusterImpl-ca08d622-674a-461b-bc82-2b6f62167716/datanode-5/data/ratis/6734a9f0-dbbd-4f33-8c43-f61d30f8d9ea does not exist. Creating ...
2019-09-07 05:34:54,016 [pool-459-thread-1] INFO  storage.RaftStorageDirectory (RaftStorageDirectory.java:tryLock(328)) - Lock on /workdir/hadoop-ozone/integration-test/target/test-dir/MiniOzoneClusterImpl-ca08d622-674a-461b-bc82-2b6f62167716/datanode-5/data/ratis/6734a9f0-dbbd-4f33-8c43-f61d30f8d9ea/in_use.lock acquired by nodename 23141@trunk-nightly-20190907-l8mkd-3410636087
2019-09-07 05:34:54,035 [pool-459-thread-1] INFO  storage.RaftStorage (RaftStorage.java:format(72)) - Storage directory /workdir/hadoop-ozone/integration-test/target/test-dir/MiniOzoneClusterImpl-ca08d622-674a-461b-bc82-2b6f62167716/datanode-5/data/ratis/6734a9f0-dbbd-4f33-8c43-f61d30f8d9ea has been successfully formatted.
2019-09-07 05:34:54,036 [pool-459-thread-1] INFO  ratis.ContainerStateMachine (ContainerStateMachine.java:loadSnapshot(232)) - group-F61D30F8D9EA: The snapshot info is null. Setting the last applied indexto:(t:0, i:~)
2019-09-07 05:34:54,036 [pool-459-thread-1] INFO  server.RaftServerConfigKeys (ConfUtils.java:logGet(43)) - raft.server.notification.no-leader.timeout = 120s (custom)
2019-09-07 05:34:54,036 [pool-459-thread-1] INFO  server.RaftServerConfigKeys (ConfUtils.java:logGet(43)) - raft.server.log.use.memory = false (default)
2019-09-07 05:34:54,036 [pool-459-thread-1] INFO  server.RaftServerConfigKeys (ConfUtils.java:logGet(43)) - raft.server.log.purge.gap = 1000000 (custom)
2019-09-07 05:34:54,036 [pool-459-thread-1] INFO  server.RaftServerConfigKeys (ConfUtils.java:logGet(43)) - raft.server.log.appender.buffer.byte-limit = 33554432 (custom)
2019-09-07 05:34:54,036 [pool-459-thread-1] INFO  server.RaftServerConfigKeys (ConfUtils.java:logGet(43)) - raft.server.log.segment.size.max = 1048576 (custom)
2019-09-07 05:34:54,037 [pool-459-thread-1] INFO  server.RaftServerConfigKeys (ConfUtils.java:logGet(43)) - raft.server.log.segment.cache.num.max = 2 (custom)
2019-09-07 05:34:54,037 [pool-459-thread-1] INFO  segmented.SegmentedRaftLogWorker (SegmentedRaftLogWorker.java:<init>(172)) - new 8f6979a4-188f-4e31-92c6-9b96597e406b@group-F61D30F8D9EA-SegmentedRaftLogWorker for RaftStorage:Storage Directory /workdir/hadoop-ozone/integration-test/target/test-dir/MiniOzoneClusterImpl-ca08d622-674a-461b-bc82-2b6f62167716/datanode-5/data/ratis/6734a9f0-dbbd-4f33-8c43-f61d30f8d9ea
2019-09-07 05:34:54,037 [pool-459-thread-1] INFO  server.RaftServerConfigKeys (ConfUtils.java:logGet(43)) - raft.server.log.queue.byte-limit = 2147483647 (custom)
2019-09-07 05:34:54,037 [pool-459-thread-1] INFO  server.RaftServerConfigKeys (ConfUtils.java:logGet(43)) - raft.server.log.queue.element-limit = 1024 (custom)
2019-09-07 05:34:54,037 [pool-459-thread-1] INFO  server.RaftServerConfigKeys (ConfUtils.java:logGet(43)) - raft.server.log.segment.size.max = 1048576 (custom)
2019-09-07 05:34:54,037 [pool-459-thread-1] INFO  server.RaftServerConfigKeys (ConfUtils.java:logGet(43)) - raft.server.log.preallocated.size = 16384 (custom)
2019-09-07 05:34:54,037 [pool-459-thread-1] INFO  server.RaftServerConfigKeys (ConfUtils.java:logGet(43)) - raft.server.log.write.buffer.size = 33554432 (custom)
2019-09-07 05:34:54,038 [pool-459-thread-1] INFO  server.RaftServerConfigKeys (ConfUtils.java:logGet(43)) - raft.server.log.force.sync.num = 128 (default)
2019-09-07 05:34:54,038 [pool-459-thread-1] INFO  server.RaftServerConfigKeys (ConfUtils.java:logGet(43)) - raft.server.log.statemachine.data.sync = true (default)
2019-09-07 05:34:54,038 [pool-459-thread-1] INFO  server.RaftServerConfigKeys (ConfUtils.java:logGet(43)) - raft.server.log.statemachine.data.sync.timeout = 10s (default)
2019-09-07 05:34:54,038 [pool-459-thread-1] INFO  server.RaftServerConfigKeys (ConfUtils.java:logGet(43)) - raft.server.log.statemachine.data.sync.timeout.retry = -1 (default)
2019-09-07 05:34:54,038 [pool-459-thread-1] INFO  server.RaftServerConfigKeys (ConfUtils.java:logGet(43)) - raft.server.log.statemachine.data.caching.enabled = true (custom)
2019-09-07 05:34:54,039 [pool-459-thread-1] INFO  segmented.SegmentedRaftLogWorker (SegmentedRaftLogWorker.java:lambda$new$0(132)) - 8f6979a4-188f-4e31-92c6-9b96597e406b@group-F61D30F8D9EA-SegmentedRaftLogWorker: flushIndex: setUnconditionally 0 -> -1
2019-09-07 05:34:54,039 [pool-459-thread-1] INFO  server.RaftServerConfigKeys (ConfUtils.java:logGet(43)) - raft.server.snapshot.auto.trigger.enabled = true (custom)
2019-09-07 05:34:54,039 [pool-459-thread-1] INFO  server.RaftServerConfigKeys (ConfUtils.java:logGet(43)) - raft.server.snapshot.auto.trigger.threshold = 10000 (custom)
2019-09-07 05:34:54,040 [pool-459-thread-1] INFO  server.RaftServerConfigKeys (ConfUtils.java:logGet(43)) - raft.server.snapshot.retention.num.files = -1 (default)
2019-09-07 05:34:54,040 [pool-459-thread-1] INFO  server.RaftServerConfigKeys (ConfUtils.java:logGet(43)) - raft.server.retrycache.expirytime = 600000ms (custom)
2019-09-07 05:34:54,042 [pool-459-thread-1] INFO  impl.RaftServerImpl (RaftServerImpl.java:start(185)) - 8f6979a4-188f-4e31-92c6-9b96597e406b@group-F61D30F8D9EA: start as a follower, conf=-1: [8f6979a4-188f-4e31-92c6-9b96597e406b:192.168.36.105:38791], old=null
2019-09-07 05:34:54,042 [pool-459-thread-1] INFO  impl.RaftServerImpl (RaftServerImpl.java:setRole(174)) - 8f6979a4-188f-4e31-92c6-9b96597e406b@group-F61D30F8D9EA: changes role from      null to FOLLOWER at term 0 for startAsFollower
2019-09-07 05:34:54,042 [pool-459-thread-1] INFO  impl.RoleInfo (RoleInfo.java:updateAndGet(143)) - 8f6979a4-188f-4e31-92c6-9b96597e406b: start FollowerState
2019-09-07 05:34:54,043 [pool-459-thread-1] INFO  util.JmxRegister (JmxRegister.java:tryRegister(44)) - Successfully registered JMX Bean with object name Ratis:service=RaftServer,group=group-F61D30F8D9EA,id=8f6979a4-188f-4e31-92c6-9b96597e406b
2019-09-07 05:34:54,050 [RatisPipelineUtilsThread] INFO  pipeline.PipelineStateManager (PipelineStateManager.java:addPipeline(56)) - Created pipeline Pipeline[ Id: 6734a9f0-dbbd-4f33-8c43-f61d30f8d9ea, Nodes: 8f6979a4-188f-4e31-92c6-9b96597e406b{ip: 192.168.36.105, host: trunk-nightly-20190907-l8mkd-3410636087, networkLocation: /default-rack, certSerialId: null}, Type:RATIS, Factor:ONE, State:OPEN]
2019-09-07 05:34:54,062 [grpc-default-executor-9] INFO  impl.RaftServerProxy (RaftServerProxy.java:addNew(89)) - be767bf0-8e4e-4f33-be52-f21b913347fe: addNew group-10ED6AF71E64:[be767bf0-8e4e-4f33-be52-f21b913347fe:192.168.36.105:41851] returns group-10ED6AF71E64:java.util.concurrent.CompletableFuture@1a08523d[Not completed]
2019-09-07 05:34:54,063 [pool-449-thread-1] INFO  impl.RaftServerImpl (RaftServerImpl.java:<init>(95)) - be767bf0-8e4e-4f33-be52-f21b913347fe: new RaftServerImpl for group-10ED6AF71E64:[be767bf0-8e4e-4f33-be52-f21b913347fe:192.168.36.105:41851] with ContainerStateMachine:uninitialized
2019-09-07 05:34:54,063 [pool-449-thread-1] INFO  server.RaftServerConfigKeys (ConfUtils.java:logGet(43)) - raft.server.rpc.timeout.min = 5s (custom)
2019-09-07 05:34:54,064 [pool-449-thread-1] INFO  server.RaftServerConfigKeys (ConfUtils.java:logGet(43)) - raft.server.rpc.timeout.max = 5200ms (custom)
2019-09-07 05:34:54,064 [pool-449-thread-1] INFO  server.RaftServerConfigKeys (ConfUtils.java:logGet(43)) - raft.server.rpcslowness.timeout = 120s (custom)
2019-09-07 05:34:54,064 [pool-449-thread-1] INFO  server.RaftServerConfigKeys (ConfUtils.java:logGet(43)) - raft.server.sleep.deviation.threshold = 300 (default)
2019-09-07 05:34:54,064 [pool-449-thread-1] INFO  server.RaftServerConfigKeys (ConfUtils.java:logGet(43)) - raft.server.log.appender.install.snapshot.enabled = false (custom)
2019-09-07 05:34:54,064 [pool-449-thread-1] INFO  impl.RaftServerImpl (ServerState.java:<init>(103)) - be767bf0-8e4e-4f33-be52-f21b913347fe@group-10ED6AF71E64: ConfigurationManager, init=-1: [be767bf0-8e4e-4f33-be52-f21b913347fe:192.168.36.105:41851], old=null, confs=<EMPTY_MAP>
2019-09-07 05:34:54,064 [pool-449-thread-1] INFO  server.RaftServerConfigKeys (ConfUtils.java:logGet(43)) - raft.server.storage.dir = [/workdir/hadoop-ozone/integration-test/target/test-dir/MiniOzoneClusterImpl-ca08d622-674a-461b-bc82-2b6f62167716/datanode-4/data/ratis] (custom)
2019-09-07 05:34:54,065 [pool-449-thread-1] INFO  storage.RaftStorageDirectory (RaftStorageDirectory.java:analyzeStorage(246)) - The storage directory /workdir/hadoop-ozone/integration-test/target/test-dir/MiniOzoneClusterImpl-ca08d622-674a-461b-bc82-2b6f62167716/datanode-4/data/ratis/07a01038-8c87-4931-9211-10ed6af71e64 does not exist. Creating ...
2019-09-07 05:34:54,078 [pool-449-thread-1] INFO  storage.RaftStorageDirectory (RaftStorageDirectory.java:tryLock(328)) - Lock on /workdir/hadoop-ozone/integration-test/target/test-dir/MiniOzoneClusterImpl-ca08d622-674a-461b-bc82-2b6f62167716/datanode-4/data/ratis/07a01038-8c87-4931-9211-10ed6af71e64/in_use.lock acquired by nodename 23141@trunk-nightly-20190907-l8mkd-3410636087
2019-09-07 05:34:54,091 [pool-449-thread-1] INFO  storage.RaftStorage (RaftStorage.java:format(72)) - Storage directory /workdir/hadoop-ozone/integration-test/target/test-dir/MiniOzoneClusterImpl-ca08d622-674a-461b-bc82-2b6f62167716/datanode-4/data/ratis/07a01038-8c87-4931-9211-10ed6af71e64 has been successfully formatted.
2019-09-07 05:34:54,092 [pool-449-thread-1] INFO  ratis.ContainerStateMachine (ContainerStateMachine.java:loadSnapshot(232)) - group-10ED6AF71E64: The snapshot info is null. Setting the last applied indexto:(t:0, i:~)
2019-09-07 05:34:54,092 [pool-449-thread-1] INFO  server.RaftServerConfigKeys (ConfUtils.java:logGet(43)) - raft.server.notification.no-leader.timeout = 120s (custom)
2019-09-07 05:34:54,092 [pool-449-thread-1] INFO  server.RaftServerConfigKeys (ConfUtils.java:logGet(43)) - raft.server.log.use.memory = false (default)
2019-09-07 05:34:54,092 [pool-449-thread-1] INFO  server.RaftServerConfigKeys (ConfUtils.java:logGet(43)) - raft.server.log.purge.gap = 1000000 (custom)
2019-09-07 05:34:54,092 [pool-449-thread-1] INFO  server.RaftServerConfigKeys (ConfUtils.java:logGet(43)) - raft.server.log.appender.buffer.byte-limit = 33554432 (custom)
2019-09-07 05:34:54,093 [pool-449-thread-1] INFO  server.RaftServerConfigKeys (ConfUtils.java:logGet(43)) - raft.server.log.segment.size.max = 1048576 (custom)
2019-09-07 05:34:54,093 [pool-449-thread-1] INFO  server.RaftServerConfigKeys (ConfUtils.java:logGet(43)) - raft.server.log.segment.cache.num.max = 2 (custom)
2019-09-07 05:34:54,093 [pool-449-thread-1] INFO  segmented.SegmentedRaftLogWorker (SegmentedRaftLogWorker.java:<init>(172)) - new be767bf0-8e4e-4f33-be52-f21b913347fe@group-10ED6AF71E64-SegmentedRaftLogWorker for RaftStorage:Storage Directory /workdir/hadoop-ozone/integration-test/target/test-dir/MiniOzoneClusterImpl-ca08d622-674a-461b-bc82-2b6f62167716/datanode-4/data/ratis/07a01038-8c87-4931-9211-10ed6af71e64
2019-09-07 05:34:54,093 [pool-449-thread-1] INFO  server.RaftServerConfigKeys (ConfUtils.java:logGet(43)) - raft.server.log.queue.byte-limit = 2147483647 (custom)
2019-09-07 05:34:54,093 [pool-449-thread-1] INFO  server.RaftServerConfigKeys (ConfUtils.java:logGet(43)) - raft.server.log.queue.element-limit = 1024 (custom)
2019-09-07 05:34:54,093 [pool-449-thread-1] INFO  server.RaftServerConfigKeys (ConfUtils.java:logGet(43)) - raft.server.log.segment.size.max = 1048576 (custom)
2019-09-07 05:34:54,093 [pool-449-thread-1] INFO  server.RaftServerConfigKeys (ConfUtils.java:logGet(43)) - raft.server.log.preallocated.size = 16384 (custom)
2019-09-07 05:34:54,094 [pool-449-thread-1] INFO  server.RaftServerConfigKeys (ConfUtils.java:logGet(43)) - raft.server.log.write.buffer.size = 33554432 (custom)
2019-09-07 05:34:54,094 [pool-449-thread-1] INFO  server.RaftServerConfigKeys (ConfUtils.java:logGet(43)) - raft.server.log.force.sync.num = 128 (default)
2019-09-07 05:34:54,094 [pool-449-thread-1] INFO  server.RaftServerConfigKeys (ConfUtils.java:logGet(43)) - raft.server.log.statemachine.data.sync = true (default)
2019-09-07 05:34:54,094 [pool-449-thread-1] INFO  server.RaftServerConfigKeys (ConfUtils.java:logGet(43)) - raft.server.log.statemachine.data.sync.timeout = 10s (default)
2019-09-07 05:34:54,094 [pool-449-thread-1] INFO  server.RaftServerConfigKeys (ConfUtils.java:logGet(43)) - raft.server.log.statemachine.data.sync.timeout.retry = -1 (default)
2019-09-07 05:34:54,094 [pool-449-thread-1] INFO  server.RaftServerConfigKeys (ConfUtils.java:logGet(43)) - raft.server.log.statemachine.data.caching.enabled = true (custom)
2019-09-07 05:34:54,095 [pool-449-thread-1] INFO  segmented.SegmentedRaftLogWorker (SegmentedRaftLogWorker.java:lambda$new$0(132)) - be767bf0-8e4e-4f33-be52-f21b913347fe@group-10ED6AF71E64-SegmentedRaftLogWorker: flushIndex: setUnconditionally 0 -> -1
2019-09-07 05:34:54,095 [pool-449-thread-1] INFO  server.RaftServerConfigKeys (ConfUtils.java:logGet(43)) - raft.server.snapshot.auto.trigger.enabled = true (custom)
2019-09-07 05:34:54,095 [pool-449-thread-1] INFO  server.RaftServerConfigKeys (ConfUtils.java:logGet(43)) - raft.server.snapshot.auto.trigger.threshold = 10000 (custom)
2019-09-07 05:34:54,095 [pool-449-thread-1] INFO  server.RaftServerConfigKeys (ConfUtils.java:logGet(43)) - raft.server.snapshot.retention.num.files = -1 (default)
2019-09-07 05:34:54,095 [pool-449-thread-1] INFO  server.RaftServerConfigKeys (ConfUtils.java:logGet(43)) - raft.server.retrycache.expirytime = 600000ms (custom)
2019-09-07 05:34:54,098 [pool-449-thread-1] INFO  impl.RaftServerImpl (RaftServerImpl.java:start(185)) - be767bf0-8e4e-4f33-be52-f21b913347fe@group-10ED6AF71E64: start as a follower, conf=-1: [be767bf0-8e4e-4f33-be52-f21b913347fe:192.168.36.105:41851], old=null
2019-09-07 05:34:54,098 [pool-449-thread-1] INFO  impl.RaftServerImpl (RaftServerImpl.java:setRole(174)) - be767bf0-8e4e-4f33-be52-f21b913347fe@group-10ED6AF71E64: changes role from      null to FOLLOWER at term 0 for startAsFollower
2019-09-07 05:34:54,098 [pool-449-thread-1] INFO  impl.RoleInfo (RoleInfo.java:updateAndGet(143)) - be767bf0-8e4e-4f33-be52-f21b913347fe: start FollowerState
2019-09-07 05:34:54,098 [pool-449-thread-1] INFO  util.JmxRegister (JmxRegister.java:tryRegister(44)) - Successfully registered JMX Bean with object name Ratis:service=RaftServer,group=group-10ED6AF71E64,id=be767bf0-8e4e-4f33-be52-f21b913347fe
2019-09-07 05:34:54,109 [RatisPipelineUtilsThread] INFO  pipeline.PipelineStateManager (PipelineStateManager.java:addPipeline(56)) - Created pipeline Pipeline[ Id: 07a01038-8c87-4931-9211-10ed6af71e64, Nodes: be767bf0-8e4e-4f33-be52-f21b913347fe{ip: 192.168.36.105, host: trunk-nightly-20190907-l8mkd-3410636087, networkLocation: /default-rack, certSerialId: null}, Type:RATIS, Factor:ONE, State:OPEN]
2019-09-07 05:34:54,134 [grpc-default-executor-9] INFO  client.GrpcClientProtocolClient (GrpcClientProtocolClient.java:onNext(264)) - client-0DACE787FA71->8f6979a4-188f-4e31-92c6-9b96597e406b: receive RaftClientReply:client-0DACE787FA71->8f6979a4-188f-4e31-92c6-9b96597e406b@group-3EFAE3672955, cid=168, FAILED org.apache.ratis.protocol.NotLeaderException: Server 8f6979a4-188f-4e31-92c6-9b96597e406b@group-3EFAE3672955 is not the leader, logIndex=0, commits[8f6979a4-188f-4e31-92c6-9b96597e406b:c-1]
2019-09-07 05:34:55,149 [grpc-default-executor-9] INFO  client.GrpcClientProtocolClient (GrpcClientProtocolClient.java:onNext(264)) - client-0DACE787FA71->0f748453-2874-4841-a29b-5437e9fa0943: receive RaftClientReply:client-0DACE787FA71->0f748453-2874-4841-a29b-5437e9fa0943@group-3EFAE3672955, cid=168, FAILED org.apache.ratis.protocol.NotLeaderException: Server 0f748453-2874-4841-a29b-5437e9fa0943@group-3EFAE3672955 is not the leader, logIndex=0, commits[0f748453-2874-4841-a29b-5437e9fa0943:c-1]
2019-09-07 05:34:56,164 [grpc-default-executor-7] INFO  client.GrpcClientProtocolClient (GrpcClientProtocolClient.java:onNext(264)) - client-0DACE787FA71->be767bf0-8e4e-4f33-be52-f21b913347fe: receive RaftClientReply:client-0DACE787FA71->be767bf0-8e4e-4f33-be52-f21b913347fe@group-3EFAE3672955, cid=168, FAILED org.apache.ratis.protocol.NotLeaderException: Server be767bf0-8e4e-4f33-be52-f21b913347fe@group-3EFAE3672955 is not the leader, logIndex=0, commits[be767bf0-8e4e-4f33-be52-f21b913347fe:c-1]
2019-09-07 05:34:56,480 [Thread-2918] INFO  container.ReplicationManager (ReplicationManager.java:start(162)) - Starting Replication Monitor Thread.
2019-09-07 05:34:56,485 [ReplicationMonitor] INFO  container.ReplicationManager (ReplicationManager.java:run(225)) - Replication Monitor Thread took 0 milliseconds for processing 1 containers.
2019-09-07 05:34:57,182 [grpc-default-executor-7] INFO  client.GrpcClientProtocolClient (GrpcClientProtocolClient.java:onNext(264)) - client-0DACE787FA71->0f748453-2874-4841-a29b-5437e9fa0943: receive RaftClientReply:client-0DACE787FA71->0f748453-2874-4841-a29b-5437e9fa0943@group-3EFAE3672955, cid=168, FAILED org.apache.ratis.protocol.NotLeaderException: Server 0f748453-2874-4841-a29b-5437e9fa0943@group-3EFAE3672955 is not the leader, logIndex=0, commits[0f748453-2874-4841-a29b-5437e9fa0943:c-1]
2019-09-07 05:34:58,204 [grpc-default-executor-7] INFO  client.GrpcClientProtocolClient (GrpcClientProtocolClient.java:onNext(264)) - client-0DACE787FA71->8f6979a4-188f-4e31-92c6-9b96597e406b: receive RaftClientReply:client-0DACE787FA71->8f6979a4-188f-4e31-92c6-9b96597e406b@group-3EFAE3672955, cid=168, FAILED org.apache.ratis.protocol.NotLeaderException: Server 8f6979a4-188f-4e31-92c6-9b96597e406b@group-3EFAE3672955 is not the leader, logIndex=0, commits[8f6979a4-188f-4e31-92c6-9b96597e406b:c-1]
2019-09-07 05:34:58,673 [Thread-2920] INFO  impl.FollowerState (FollowerState.java:run(106)) - fcded245-4458-4147-a571-2c36d3556ae0:group-F05FA520EF4D changes to CANDIDATE, lastRpcTime:5120, electionTimeout:5120ms
2019-09-07 05:34:58,674 [Thread-2920] INFO  impl.RoleInfo (RoleInfo.java:shutdownFollowerState(121)) - fcded245-4458-4147-a571-2c36d3556ae0: shutdown FollowerState
2019-09-07 05:34:58,675 [Thread-2920] INFO  impl.RaftServerImpl (RaftServerImpl.java:setRole(174)) - fcded245-4458-4147-a571-2c36d3556ae0@group-F05FA520EF4D: changes role from  FOLLOWER to CANDIDATE at term 0 for changeToCandidate
2019-09-07 05:34:58,675 [Thread-2920] INFO  impl.RoleInfo (RoleInfo.java:updateAndGet(143)) - fcded245-4458-4147-a571-2c36d3556ae0: start LeaderElection
2019-09-07 05:34:58,676 [Thread-2923] INFO  impl.FollowerState (FollowerState.java:run(106)) - 0f748453-2874-4841-a29b-5437e9fa0943:group-95D3816958C6 changes to CANDIDATE, lastRpcTime:5068, electionTimeout:5068ms
2019-09-07 05:34:58,685 [Thread-2923] INFO  impl.RoleInfo (RoleInfo.java:shutdownFollowerState(121)) - 0f748453-2874-4841-a29b-5437e9fa0943: shutdown FollowerState
2019-09-07 05:34:58,685 [Thread-2923] INFO  impl.RaftServerImpl (RaftServerImpl.java:setRole(174)) - 0f748453-2874-4841-a29b-5437e9fa0943@group-95D3816958C6: changes role from  FOLLOWER to CANDIDATE at term 0 for changeToCandidate
2019-09-07 05:34:58,686 [Thread-2923] INFO  impl.RoleInfo (RoleInfo.java:updateAndGet(143)) - 0f748453-2874-4841-a29b-5437e9fa0943: start LeaderElection
2019-09-07 05:34:58,709 [Thread-2929] INFO  impl.FollowerState (FollowerState.java:run(106)) - 8f9d7271-76b5-412e-ae81-7e5df761feda:group-85ACE030908A changes to CANDIDATE, lastRpcTime:5004, electionTimeout:5004ms
2019-09-07 05:34:58,709 [Thread-2929] INFO  impl.RoleInfo (RoleInfo.java:shutdownFollowerState(121)) - 8f9d7271-76b5-412e-ae81-7e5df761feda: shutdown FollowerState
2019-09-07 05:34:58,709 [Thread-2929] INFO  impl.RaftServerImpl (RaftServerImpl.java:setRole(174)) - 8f9d7271-76b5-412e-ae81-7e5df761feda@group-85ACE030908A: changes role from  FOLLOWER to CANDIDATE at term 0 for changeToCandidate
2019-09-07 05:34:58,709 [Thread-2929] INFO  impl.RoleInfo (RoleInfo.java:updateAndGet(143)) - 8f9d7271-76b5-412e-ae81-7e5df761feda: start LeaderElection
2019-09-07 05:34:58,717 [0f748453-2874-4841-a29b-5437e9fa0943@group-95D3816958C6:LeaderElection57] INFO  impl.LeaderElection (LeaderElection.java:askForVotes(182)) - 0f748453-2874-4841-a29b-5437e9fa0943@group-95D3816958C6:LeaderElection57: begin an election at term 1 for -1: [0f748453-2874-4841-a29b-5437e9fa0943:192.168.36.105:46357], old=null
2019-09-07 05:34:58,717 [fcded245-4458-4147-a571-2c36d3556ae0@group-F05FA520EF4D:LeaderElection56] INFO  impl.LeaderElection (LeaderElection.java:askForVotes(182)) - fcded245-4458-4147-a571-2c36d3556ae0@group-F05FA520EF4D:LeaderElection56: begin an election at term 1 for -1: [fcded245-4458-4147-a571-2c36d3556ae0:192.168.36.105:34963], old=null
2019-09-07 05:34:58,717 [0f748453-2874-4841-a29b-5437e9fa0943@group-95D3816958C6:LeaderElection57] INFO  impl.RoleInfo (RoleInfo.java:shutdownLeaderElection(134)) - 0f748453-2874-4841-a29b-5437e9fa0943: shutdown LeaderElection
2019-09-07 05:34:58,717 [fcded245-4458-4147-a571-2c36d3556ae0@group-F05FA520EF4D:LeaderElection56] INFO  impl.RoleInfo (RoleInfo.java:shutdownLeaderElection(134)) - fcded245-4458-4147-a571-2c36d3556ae0: shutdown LeaderElection
2019-09-07 05:34:58,717 [0f748453-2874-4841-a29b-5437e9fa0943@group-95D3816958C6:LeaderElection57] INFO  impl.RaftServerImpl (RaftServerImpl.java:setRole(174)) - 0f748453-2874-4841-a29b-5437e9fa0943@group-95D3816958C6: changes role from CANDIDATE to LEADER at term 1 for changeToLeader
2019-09-07 05:34:58,717 [fcded245-4458-4147-a571-2c36d3556ae0@group-F05FA520EF4D:LeaderElection56] INFO  impl.RaftServerImpl (RaftServerImpl.java:setRole(174)) - fcded245-4458-4147-a571-2c36d3556ae0@group-F05FA520EF4D: changes role from CANDIDATE to LEADER at term 1 for changeToLeader
2019-09-07 05:34:58,717 [0f748453-2874-4841-a29b-5437e9fa0943@group-95D3816958C6:LeaderElection57] INFO  impl.RaftServerImpl (ServerState.java:setLeader(253)) - 0f748453-2874-4841-a29b-5437e9fa0943@group-95D3816958C6: change Leader from null to 0f748453-2874-4841-a29b-5437e9fa0943 at term 1 for becomeLeader, leader elected after 5117ms
2019-09-07 05:34:58,717 [fcded245-4458-4147-a571-2c36d3556ae0@group-F05FA520EF4D:LeaderElection56] INFO  impl.RaftServerImpl (ServerState.java:setLeader(253)) - fcded245-4458-4147-a571-2c36d3556ae0@group-F05FA520EF4D: change Leader from null to fcded245-4458-4147-a571-2c36d3556ae0 at term 1 for becomeLeader, leader elected after 5175ms
2019-09-07 05:34:58,717 [0f748453-2874-4841-a29b-5437e9fa0943@group-95D3816958C6:LeaderElection57] INFO  server.RaftServerConfigKeys (ConfUtils.java:logGet(43)) - raft.server.staging.catchup.gap = 1000 (default)
2019-09-07 05:34:58,717 [fcded245-4458-4147-a571-2c36d3556ae0@group-F05FA520EF4D:LeaderElection56] INFO  server.RaftServerConfigKeys (ConfUtils.java:logGet(43)) - raft.server.staging.catchup.gap = 1000 (default)
2019-09-07 05:34:58,718 [0f748453-2874-4841-a29b-5437e9fa0943@group-95D3816958C6:LeaderElection57] INFO  server.RaftServerConfigKeys (ConfUtils.java:logGet(43)) - raft.server.rpc.sleep.time = 25ms (default)
2019-09-07 05:34:58,718 [fcded245-4458-4147-a571-2c36d3556ae0@group-F05FA520EF4D:LeaderElection56] INFO  server.RaftServerConfigKeys (ConfUtils.java:logGet(43)) - raft.server.rpc.sleep.time = 25ms (default)
2019-09-07 05:34:58,718 [0f748453-2874-4841-a29b-5437e9fa0943@group-95D3816958C6:LeaderElection57] INFO  server.RaftServerConfigKeys (ConfUtils.java:logGet(43)) - raft.server.write.element-limit = 4096 (default)
2019-09-07 05:34:58,718 [fcded245-4458-4147-a571-2c36d3556ae0@group-F05FA520EF4D:LeaderElection56] INFO  server.RaftServerConfigKeys (ConfUtils.java:logGet(43)) - raft.server.write.element-limit = 4096 (default)
2019-09-07 05:34:58,718 [0f748453-2874-4841-a29b-5437e9fa0943@group-95D3816958C6:LeaderElection57] INFO  server.RaftServerConfigKeys (ConfUtils.java:logGet(43)) - raft.server.watch.timeout = 10s (default)
2019-09-07 05:34:58,718 [fcded245-4458-4147-a571-2c36d3556ae0@group-F05FA520EF4D:LeaderElection56] INFO  server.RaftServerConfigKeys (ConfUtils.java:logGet(43)) - raft.server.watch.timeout = 10s (default)
2019-09-07 05:34:58,718 [0f748453-2874-4841-a29b-5437e9fa0943@group-95D3816958C6:LeaderElection57] INFO  server.RaftServerConfigKeys (ConfUtils.java:logGet(43)) - raft.server.watch.timeout.denomination = 1s (default)
2019-09-07 05:34:58,718 [fcded245-4458-4147-a571-2c36d3556ae0@group-F05FA520EF4D:LeaderElection56] INFO  server.RaftServerConfigKeys (ConfUtils.java:logGet(43)) - raft.server.watch.timeout.denomination = 1s (default)
2019-09-07 05:34:58,718 [0f748453-2874-4841-a29b-5437e9fa0943@group-95D3816958C6:LeaderElection57] INFO  server.RaftServerConfigKeys (ConfUtils.java:logGet(43)) - raft.server.watch.element-limit = 65536 (default)
2019-09-07 05:34:58,719 [fcded245-4458-4147-a571-2c36d3556ae0@group-F05FA520EF4D:LeaderElection56] INFO  server.RaftServerConfigKeys (ConfUtils.java:logGet(43)) - raft.server.watch.element-limit = 65536 (default)
2019-09-07 05:34:58,719 [8f9d7271-76b5-412e-ae81-7e5df761feda@group-85ACE030908A:LeaderElection58] INFO  impl.LeaderElection (LeaderElection.java:askForVotes(182)) - 8f9d7271-76b5-412e-ae81-7e5df761feda@group-85ACE030908A:LeaderElection58: begin an election at term 1 for -1: [8f9d7271-76b5-412e-ae81-7e5df761feda:192.168.36.105:46771], old=null
2019-09-07 05:34:58,719 [8f9d7271-76b5-412e-ae81-7e5df761feda@group-85ACE030908A:LeaderElection58] INFO  impl.RoleInfo (RoleInfo.java:shutdownLeaderElection(134)) - 8f9d7271-76b5-412e-ae81-7e5df761feda: shutdown LeaderElection
2019-09-07 05:34:58,719 [8f9d7271-76b5-412e-ae81-7e5df761feda@group-85ACE030908A:LeaderElection58] INFO  impl.RaftServerImpl (RaftServerImpl.java:setRole(174)) - 8f9d7271-76b5-412e-ae81-7e5df761feda@group-85ACE030908A: changes role from CANDIDATE to LEADER at term 1 for changeToLeader
2019-09-07 05:34:58,719 [8f9d7271-76b5-412e-ae81-7e5df761feda@group-85ACE030908A:LeaderElection58] INFO  impl.RaftServerImpl (ServerState.java:setLeader(253)) - 8f9d7271-76b5-412e-ae81-7e5df761feda@group-85ACE030908A: change Leader from null to 8f9d7271-76b5-412e-ae81-7e5df761feda at term 1 for becomeLeader, leader elected after 5021ms
2019-09-07 05:34:58,719 [8f9d7271-76b5-412e-ae81-7e5df761feda@group-85ACE030908A:LeaderElection58] INFO  server.RaftServerConfigKeys (ConfUtils.java:logGet(43)) - raft.server.staging.catchup.gap = 1000 (default)
2019-09-07 05:34:58,719 [8f9d7271-76b5-412e-ae81-7e5df761feda@group-85ACE030908A:LeaderElection58] INFO  server.RaftServerConfigKeys (ConfUtils.java:logGet(43)) - raft.server.rpc.sleep.time = 25ms (default)
2019-09-07 05:34:58,719 [8f9d7271-76b5-412e-ae81-7e5df761feda@group-85ACE030908A:LeaderElection58] INFO  server.RaftServerConfigKeys (ConfUtils.java:logGet(43)) - raft.server.write.element-limit = 4096 (default)
2019-09-07 05:34:58,720 [8f9d7271-76b5-412e-ae81-7e5df761feda@group-85ACE030908A:LeaderElection58] INFO  server.RaftServerConfigKeys (ConfUtils.java:logGet(43)) - raft.server.watch.timeout = 10s (default)
2019-09-07 05:34:58,720 [8f9d7271-76b5-412e-ae81-7e5df761feda@group-85ACE030908A:LeaderElection58] INFO  server.RaftServerConfigKeys (ConfUtils.java:logGet(43)) - raft.server.watch.timeout.denomination = 1s (default)
2019-09-07 05:34:58,720 [8f9d7271-76b5-412e-ae81-7e5df761feda@group-85ACE030908A:LeaderElection58] INFO  server.RaftServerConfigKeys (ConfUtils.java:logGet(43)) - raft.server.watch.element-limit = 65536 (default)
2019-09-07 05:34:58,725 [8f9d7271-76b5-412e-ae81-7e5df761feda@group-85ACE030908A:LeaderElection58] INFO  impl.RoleInfo (RoleInfo.java:updateAndGet(143)) - 8f9d7271-76b5-412e-ae81-7e5df761feda: start LeaderState
2019-09-07 05:34:58,725 [fcded245-4458-4147-a571-2c36d3556ae0@group-F05FA520EF4D:LeaderElection56] INFO  impl.RoleInfo (RoleInfo.java:updateAndGet(143)) - fcded245-4458-4147-a571-2c36d3556ae0: start LeaderState
2019-09-07 05:34:58,725 [0f748453-2874-4841-a29b-5437e9fa0943@group-95D3816958C6:LeaderElection57] INFO  impl.RoleInfo (RoleInfo.java:updateAndGet(143)) - 0f748453-2874-4841-a29b-5437e9fa0943: start LeaderState
2019-09-07 05:34:58,725 [8f9d7271-76b5-412e-ae81-7e5df761feda@group-85ACE030908A:LeaderElection58] INFO  segmented.SegmentedRaftLogWorker (SegmentedRaftLogWorker.java:startLogSegment(380)) - 8f9d7271-76b5-412e-ae81-7e5df761feda@group-85ACE030908A-SegmentedRaftLogWorker: Starting segment from index:0
2019-09-07 05:34:58,725 [fcded245-4458-4147-a571-2c36d3556ae0@group-F05FA520EF4D:LeaderElection56] INFO  segmented.SegmentedRaftLogWorker (SegmentedRaftLogWorker.java:startLogSegment(380)) - fcded245-4458-4147-a571-2c36d3556ae0@group-F05FA520EF4D-SegmentedRaftLogWorker: Starting segment from index:0
2019-09-07 05:34:58,725 [0f748453-2874-4841-a29b-5437e9fa0943@group-95D3816958C6:LeaderElection57] INFO  segmented.SegmentedRaftLogWorker (SegmentedRaftLogWorker.java:startLogSegment(380)) - 0f748453-2874-4841-a29b-5437e9fa0943@group-95D3816958C6-SegmentedRaftLogWorker: Starting segment from index:0
2019-09-07 05:34:58,726 [8f9d7271-76b5-412e-ae81-7e5df761feda@group-85ACE030908A:LeaderElection58] INFO  impl.RaftServerImpl (ServerState.java:setRaftConf(354)) - 8f9d7271-76b5-412e-ae81-7e5df761feda@group-85ACE030908A: set configuration 0: [8f9d7271-76b5-412e-ae81-7e5df761feda:192.168.36.105:46771], old=null at 0
2019-09-07 05:34:58,726 [0f748453-2874-4841-a29b-5437e9fa0943@group-95D3816958C6:LeaderElection57] INFO  impl.RaftServerImpl (ServerState.java:setRaftConf(354)) - 0f748453-2874-4841-a29b-5437e9fa0943@group-95D3816958C6: set configuration 0: [0f748453-2874-4841-a29b-5437e9fa0943:192.168.36.105:46357], old=null at 0
2019-09-07 05:34:58,726 [fcded245-4458-4147-a571-2c36d3556ae0@group-F05FA520EF4D:LeaderElection56] INFO  impl.RaftServerImpl (ServerState.java:setRaftConf(354)) - fcded245-4458-4147-a571-2c36d3556ae0@group-F05FA520EF4D: set configuration 0: [fcded245-4458-4147-a571-2c36d3556ae0:192.168.36.105:34963], old=null at 0
2019-09-07 05:34:58,759 [Thread-2926] INFO  impl.FollowerState (FollowerState.java:run(106)) - 64ec29ee-6c98-4696-9a13-c832ae556bb8:group-1ECAB72000F6 changes to CANDIDATE, lastRpcTime:5103, electionTimeout:5103ms
2019-09-07 05:34:58,760 [Thread-2926] INFO  impl.RoleInfo (RoleInfo.java:shutdownFollowerState(121)) - 64ec29ee-6c98-4696-9a13-c832ae556bb8: shutdown FollowerState
2019-09-07 05:34:58,760 [Thread-2926] INFO  impl.RaftServerImpl (RaftServerImpl.java:setRole(174)) - 64ec29ee-6c98-4696-9a13-c832ae556bb8@group-1ECAB72000F6: changes role from  FOLLOWER to CANDIDATE at term 0 for changeToCandidate
2019-09-07 05:34:58,760 [Thread-2926] INFO  impl.RoleInfo (RoleInfo.java:updateAndGet(143)) - 64ec29ee-6c98-4696-9a13-c832ae556bb8: start LeaderElection
2019-09-07 05:34:58,777 [8f9d7271-76b5-412e-ae81-7e5df761feda@group-85ACE030908A-SegmentedRaftLogWorker] INFO  segmented.SegmentedRaftLogWorker (SegmentedRaftLogWorker.java:execute(569)) - 8f9d7271-76b5-412e-ae81-7e5df761feda@group-85ACE030908A-SegmentedRaftLogWorker: created new log segment /workdir/hadoop-ozone/integration-test/target/test-dir/MiniOzoneClusterImpl-ca08d622-674a-461b-bc82-2b6f62167716/datanode-3/data/ratis/b8ee660b-747c-4dd3-a4cf-85ace030908a/current/log_inprogress_0
2019-09-07 05:34:58,777 [0f748453-2874-4841-a29b-5437e9fa0943@group-95D3816958C6-SegmentedRaftLogWorker] INFO  segmented.SegmentedRaftLogWorker (SegmentedRaftLogWorker.java:execute(569)) - 0f748453-2874-4841-a29b-5437e9fa0943@group-95D3816958C6-SegmentedRaftLogWorker: created new log segment /workdir/hadoop-ozone/integration-test/target/test-dir/MiniOzoneClusterImpl-ca08d622-674a-461b-bc82-2b6f62167716/datanode-1/data/ratis/dcfd7c32-a05c-49ca-846c-95d3816958c6/current/log_inprogress_0
2019-09-07 05:34:58,777 [fcded245-4458-4147-a571-2c36d3556ae0@group-F05FA520EF4D-SegmentedRaftLogWorker] INFO  segmented.SegmentedRaftLogWorker (SegmentedRaftLogWorker.java:execute(569)) - fcded245-4458-4147-a571-2c36d3556ae0@group-F05FA520EF4D-SegmentedRaftLogWorker: created new log segment /workdir/hadoop-ozone/integration-test/target/test-dir/MiniOzoneClusterImpl-ca08d622-674a-461b-bc82-2b6f62167716/datanode-0/data/ratis/1baa526f-6bda-4096-bb02-f05fa520ef4d/current/log_inprogress_0
2019-09-07 05:34:58,782 [64ec29ee-6c98-4696-9a13-c832ae556bb8@group-1ECAB72000F6:LeaderElection59] INFO  impl.LeaderElection (LeaderElection.java:askForVotes(182)) - 64ec29ee-6c98-4696-9a13-c832ae556bb8@group-1ECAB72000F6:LeaderElection59: begin an election at term 1 for -1: [64ec29ee-6c98-4696-9a13-c832ae556bb8:192.168.36.105:45804], old=null
2019-09-07 05:34:58,782 [64ec29ee-6c98-4696-9a13-c832ae556bb8@group-1ECAB72000F6:LeaderElection59] INFO  impl.RoleInfo (RoleInfo.java:shutdownLeaderElection(134)) - 64ec29ee-6c98-4696-9a13-c832ae556bb8: shutdown LeaderElection
2019-09-07 05:34:58,782 [64ec29ee-6c98-4696-9a13-c832ae556bb8@group-1ECAB72000F6:LeaderElection59] INFO  impl.RaftServerImpl (RaftServerImpl.java:setRole(174)) - 64ec29ee-6c98-4696-9a13-c832ae556bb8@group-1ECAB72000F6: changes role from CANDIDATE to LEADER at term 1 for changeToLeader
2019-09-07 05:34:58,782 [64ec29ee-6c98-4696-9a13-c832ae556bb8@group-1ECAB72000F6:LeaderElection59] INFO  impl.RaftServerImpl (ServerState.java:setLeader(253)) - 64ec29ee-6c98-4696-9a13-c832ae556bb8@group-1ECAB72000F6: change Leader from null to 64ec29ee-6c98-4696-9a13-c832ae556bb8 at term 1 for becomeLeader, leader elected after 5132ms
2019-09-07 05:34:58,782 [64ec29ee-6c98-4696-9a13-c832ae556bb8@group-1ECAB72000F6:LeaderElection59] INFO  server.RaftServerConfigKeys (ConfUtils.java:logGet(43)) - raft.server.staging.catchup.gap = 1000 (default)
2019-09-07 05:34:58,783 [64ec29ee-6c98-4696-9a13-c832ae556bb8@group-1ECAB72000F6:LeaderElection59] INFO  server.RaftServerConfigKeys (ConfUtils.java:logGet(43)) - raft.server.rpc.sleep.time = 25ms (default)
2019-09-07 05:34:58,783 [64ec29ee-6c98-4696-9a13-c832ae556bb8@group-1ECAB72000F6:LeaderElection59] INFO  server.RaftServerConfigKeys (ConfUtils.java:logGet(43)) - raft.server.write.element-limit = 4096 (default)
2019-09-07 05:34:58,783 [64ec29ee-6c98-4696-9a13-c832ae556bb8@group-1ECAB72000F6:LeaderElection59] INFO  server.RaftServerConfigKeys (ConfUtils.java:logGet(43)) - raft.server.watch.timeout = 10s (default)
2019-09-07 05:34:58,783 [64ec29ee-6c98-4696-9a13-c832ae556bb8@group-1ECAB72000F6:LeaderElection59] INFO  server.RaftServerConfigKeys (ConfUtils.java:logGet(43)) - raft.server.watch.timeout.denomination = 1s (default)
2019-09-07 05:34:58,783 [64ec29ee-6c98-4696-9a13-c832ae556bb8@group-1ECAB72000F6:LeaderElection59] INFO  server.RaftServerConfigKeys (ConfUtils.java:logGet(43)) - raft.server.watch.element-limit = 65536 (default)
2019-09-07 05:34:58,784 [64ec29ee-6c98-4696-9a13-c832ae556bb8@group-1ECAB72000F6:LeaderElection59] INFO  impl.RoleInfo (RoleInfo.java:updateAndGet(143)) - 64ec29ee-6c98-4696-9a13-c832ae556bb8: start LeaderState
2019-09-07 05:34:58,785 [64ec29ee-6c98-4696-9a13-c832ae556bb8@group-1ECAB72000F6:LeaderElection59] INFO  segmented.SegmentedRaftLogWorker (SegmentedRaftLogWorker.java:startLogSegment(380)) - 64ec29ee-6c98-4696-9a13-c832ae556bb8@group-1ECAB72000F6-SegmentedRaftLogWorker: Starting segment from index:0
2019-09-07 05:34:58,785 [64ec29ee-6c98-4696-9a13-c832ae556bb8@group-1ECAB72000F6:LeaderElection59] INFO  impl.RaftServerImpl (ServerState.java:setRaftConf(354)) - 64ec29ee-6c98-4696-9a13-c832ae556bb8@group-1ECAB72000F6: set configuration 0: [64ec29ee-6c98-4696-9a13-c832ae556bb8:192.168.36.105:45804], old=null at 0
2019-09-07 05:34:58,822 [64ec29ee-6c98-4696-9a13-c832ae556bb8@group-1ECAB72000F6-SegmentedRaftLogWorker] INFO  segmented.SegmentedRaftLogWorker (SegmentedRaftLogWorker.java:execute(569)) - 64ec29ee-6c98-4696-9a13-c832ae556bb8@group-1ECAB72000F6-SegmentedRaftLogWorker: created new log segment /workdir/hadoop-ozone/integration-test/target/test-dir/MiniOzoneClusterImpl-ca08d622-674a-461b-bc82-2b6f62167716/datanode-2/data/ratis/854d2d4b-4f25-4316-8471-1ecab72000f6/current/log_inprogress_0
2019-09-07 05:34:58,860 [Thread-2933] INFO  impl.FollowerState (FollowerState.java:run(106)) - 8f9d7271-76b5-412e-ae81-7e5df761feda:group-96F2C83CF50E changes to CANDIDATE, lastRpcTime:5088, electionTimeout:5088ms
2019-09-07 05:34:58,860 [Thread-2933] INFO  impl.RoleInfo (RoleInfo.java:shutdownFollowerState(121)) - 8f9d7271-76b5-412e-ae81-7e5df761feda: shutdown FollowerState
2019-09-07 05:34:58,860 [Thread-2933] INFO  impl.RaftServerImpl (RaftServerImpl.java:setRole(174)) - 8f9d7271-76b5-412e-ae81-7e5df761feda@group-96F2C83CF50E: changes role from  FOLLOWER to CANDIDATE at term 0 for changeToCandidate
2019-09-07 05:34:58,861 [Thread-2933] INFO  impl.RoleInfo (RoleInfo.java:updateAndGet(143)) - 8f9d7271-76b5-412e-ae81-7e5df761feda: start LeaderElection
2019-09-07 05:34:58,880 [8f9d7271-76b5-412e-ae81-7e5df761feda@group-96F2C83CF50E:LeaderElection60] INFO  impl.LeaderElection (LeaderElection.java:askForVotes(182)) - 8f9d7271-76b5-412e-ae81-7e5df761feda@group-96F2C83CF50E:LeaderElection60: begin an election at term 1 for -1: [8f9d7271-76b5-412e-ae81-7e5df761feda:192.168.36.105:46771, fcded245-4458-4147-a571-2c36d3556ae0:192.168.36.105:34963, 64ec29ee-6c98-4696-9a13-c832ae556bb8:192.168.36.105:45804], old=null
2019-09-07 05:34:58,890 [grpc-default-executor-9] INFO  impl.RaftServerImpl (RaftServerImpl.java:setRole(174)) - fcded245-4458-4147-a571-2c36d3556ae0@group-96F2C83CF50E: changes role from  FOLLOWER to FOLLOWER at term 1 for recognizeCandidate:8f9d7271-76b5-412e-ae81-7e5df761feda
2019-09-07 05:34:58,890 [grpc-default-executor-7] INFO  impl.RaftServerImpl (RaftServerImpl.java:setRole(174)) - 64ec29ee-6c98-4696-9a13-c832ae556bb8@group-96F2C83CF50E: changes role from  FOLLOWER to FOLLOWER at term 1 for recognizeCandidate:8f9d7271-76b5-412e-ae81-7e5df761feda
2019-09-07 05:34:58,891 [grpc-default-executor-7] INFO  impl.RoleInfo (RoleInfo.java:shutdownFollowerState(121)) - 64ec29ee-6c98-4696-9a13-c832ae556bb8: shutdown FollowerState
2019-09-07 05:34:58,891 [grpc-default-executor-9] INFO  impl.RoleInfo (RoleInfo.java:shutdownFollowerState(121)) - fcded245-4458-4147-a571-2c36d3556ae0: shutdown FollowerState
2019-09-07 05:34:58,891 [Thread-2936] INFO  impl.FollowerState (FollowerState.java:run(115)) - 64ec29ee-6c98-4696-9a13-c832ae556bb8: FollowerState was interrupted: java.lang.InterruptedException: sleep interrupted
2019-09-07 05:34:58,891 [grpc-default-executor-7] INFO  impl.RoleInfo (RoleInfo.java:updateAndGet(143)) - 64ec29ee-6c98-4696-9a13-c832ae556bb8: start FollowerState
2019-09-07 05:34:58,891 [grpc-default-executor-9] INFO  impl.RoleInfo (RoleInfo.java:updateAndGet(143)) - fcded245-4458-4147-a571-2c36d3556ae0: start FollowerState
2019-09-07 05:34:58,894 [Thread-2938] INFO  impl.FollowerState (FollowerState.java:run(115)) - fcded245-4458-4147-a571-2c36d3556ae0: FollowerState was interrupted: java.lang.InterruptedException: sleep interrupted
2019-09-07 05:34:58,920 [8f9d7271-76b5-412e-ae81-7e5df761feda@group-96F2C83CF50E:LeaderElection60] INFO  impl.LeaderElection (LeaderElection.java:logAndReturn(56)) - 8f9d7271-76b5-412e-ae81-7e5df761feda@group-96F2C83CF50E:LeaderElection60: Election PASSED; received 1 response(s) [8f9d7271-76b5-412e-ae81-7e5df761feda<-fcded245-4458-4147-a571-2c36d3556ae0#0:OK-t1] and 0 exception(s); 8f9d7271-76b5-412e-ae81-7e5df761feda@group-96F2C83CF50E:t1, leader=null, voted=8f9d7271-76b5-412e-ae81-7e5df761feda, raftlog=8f9d7271-76b5-412e-ae81-7e5df761feda@group-96F2C83CF50E-SegmentedRaftLog:OPENED:c-1,f-1,i0, conf=-1: [8f9d7271-76b5-412e-ae81-7e5df761feda:192.168.36.105:46771, fcded245-4458-4147-a571-2c36d3556ae0:192.168.36.105:34963, 64ec29ee-6c98-4696-9a13-c832ae556bb8:192.168.36.105:45804], old=null
2019-09-07 05:34:58,921 [8f9d7271-76b5-412e-ae81-7e5df761feda@group-96F2C83CF50E:LeaderElection60] INFO  impl.RoleInfo (RoleInfo.java:shutdownLeaderElection(134)) - 8f9d7271-76b5-412e-ae81-7e5df761feda: shutdown LeaderElection
2019-09-07 05:34:58,921 [8f9d7271-76b5-412e-ae81-7e5df761feda@group-96F2C83CF50E:LeaderElection60] INFO  impl.RaftServerImpl (RaftServerImpl.java:setRole(174)) - 8f9d7271-76b5-412e-ae81-7e5df761feda@group-96F2C83CF50E: changes role from CANDIDATE to LEADER at term 1 for changeToLeader
2019-09-07 05:34:58,921 [8f9d7271-76b5-412e-ae81-7e5df761feda@group-96F2C83CF50E:LeaderElection60] INFO  impl.RaftServerImpl (ServerState.java:setLeader(253)) - 8f9d7271-76b5-412e-ae81-7e5df761feda@group-96F2C83CF50E: change Leader from null to 8f9d7271-76b5-412e-ae81-7e5df761feda at term 1 for becomeLeader, leader elected after 5160ms
2019-09-07 05:34:58,921 [8f9d7271-76b5-412e-ae81-7e5df761feda@group-96F2C83CF50E:LeaderElection60] INFO  server.RaftServerConfigKeys (ConfUtils.java:logGet(43)) - raft.server.staging.catchup.gap = 1000 (default)
2019-09-07 05:34:58,921 [8f9d7271-76b5-412e-ae81-7e5df761feda@group-96F2C83CF50E:LeaderElection60] INFO  server.RaftServerConfigKeys (ConfUtils.java:logGet(43)) - raft.server.rpc.sleep.time = 25ms (default)
2019-09-07 05:34:58,921 [8f9d7271-76b5-412e-ae81-7e5df761feda@group-96F2C83CF50E:LeaderElection60] INFO  server.RaftServerConfigKeys (ConfUtils.java:logGet(43)) - raft.server.write.element-limit = 4096 (default)
2019-09-07 05:34:58,922 [8f9d7271-76b5-412e-ae81-7e5df761feda@group-96F2C83CF50E:LeaderElection60] INFO  server.RaftServerConfigKeys (ConfUtils.java:logGet(43)) - raft.server.watch.timeout = 10s (default)
2019-09-07 05:34:58,922 [8f9d7271-76b5-412e-ae81-7e5df761feda@group-96F2C83CF50E:LeaderElection60] INFO  server.RaftServerConfigKeys (ConfUtils.java:logGet(43)) - raft.server.watch.timeout.denomination = 1s (default)
2019-09-07 05:34:58,922 [8f9d7271-76b5-412e-ae81-7e5df761feda@group-96F2C83CF50E:LeaderElection60] INFO  server.RaftServerConfigKeys (ConfUtils.java:logGet(43)) - raft.server.watch.element-limit = 65536 (default)
2019-09-07 05:34:58,922 [Thread-2945] INFO  impl.FollowerState (FollowerState.java:run(106)) - 0f748453-2874-4841-a29b-5437e9fa0943:group-3EFAE3672955 changes to CANDIDATE, lastRpcTime:5037, electionTimeout:5031ms
2019-09-07 05:34:58,924 [Thread-2947] INFO  impl.FollowerState (FollowerState.java:run(106)) - 8f6979a4-188f-4e31-92c6-9b96597e406b:group-3EFAE3672955 changes to CANDIDATE, lastRpcTime:5020, electionTimeout:5017ms
2019-09-07 05:34:58,925 [Thread-2945] INFO  impl.RoleInfo (RoleInfo.java:shutdownFollowerState(121)) - 0f748453-2874-4841-a29b-5437e9fa0943: shutdown FollowerState
2019-09-07 05:34:58,925 [Thread-2947] INFO  impl.RoleInfo (RoleInfo.java:shutdownFollowerState(121)) - 8f6979a4-188f-4e31-92c6-9b96597e406b: shutdown FollowerState
2019-09-07 05:34:58,925 [Thread-2945] INFO  impl.RaftServerImpl (RaftServerImpl.java:setRole(174)) - 0f748453-2874-4841-a29b-5437e9fa0943@group-3EFAE3672955: changes role from  FOLLOWER to CANDIDATE at term 0 for changeToCandidate
2019-09-07 05:34:58,925 [Thread-2947] INFO  impl.RaftServerImpl (RaftServerImpl.java:setRole(174)) - 8f6979a4-188f-4e31-92c6-9b96597e406b@group-3EFAE3672955: changes role from  FOLLOWER to CANDIDATE at term 0 for changeToCandidate
2019-09-07 05:34:58,925 [Thread-2947] INFO  impl.RoleInfo (RoleInfo.java:updateAndGet(143)) - 8f6979a4-188f-4e31-92c6-9b96597e406b: start LeaderElection
2019-09-07 05:34:58,925 [Thread-2945] INFO  impl.RoleInfo (RoleInfo.java:updateAndGet(143)) - 0f748453-2874-4841-a29b-5437e9fa0943: start LeaderElection
2019-09-07 05:34:58,932 [8f9d7271-76b5-412e-ae81-7e5df761feda@group-96F2C83CF50E:LeaderElection60] INFO  server.RaftServerConfigKeys (ConfUtils.java:logGet(43)) - raft.server.log.appender.snapshot.chunk.size.max = 16MB (=16777216) (default)
2019-09-07 05:34:58,932 [8f9d7271-76b5-412e-ae81-7e5df761feda@group-96F2C83CF50E:LeaderElection60] INFO  server.RaftServerConfigKeys (ConfUtils.java:logGet(43)) - raft.server.log.appender.buffer.byte-limit = 33554432 (custom)
2019-09-07 05:34:58,932 [8f9d7271-76b5-412e-ae81-7e5df761feda@group-96F2C83CF50E:LeaderElection60] INFO  server.RaftServerConfigKeys (ConfUtils.java:logGet(43)) - raft.server.log.appender.buffer.element-limit = 1 (custom)
2019-09-07 05:34:58,933 [8f9d7271-76b5-412e-ae81-7e5df761feda@group-96F2C83CF50E:LeaderElection60] INFO  grpc.GrpcConfigKeys$Server (ConfUtils.java:logGet(43)) - raft.grpc.server.leader.outstanding.appends.max = 128 (default)
2019-09-07 05:34:58,933 [8f9d7271-76b5-412e-ae81-7e5df761feda@group-96F2C83CF50E:LeaderElection60] INFO  server.RaftServerConfigKeys (ConfUtils.java:logGet(43)) - raft.server.rpc.request.timeout = 3000ms (default)
2019-09-07 05:34:58,933 [8f9d7271-76b5-412e-ae81-7e5df761feda@group-96F2C83CF50E:LeaderElection60] INFO  server.RaftServerConfigKeys (ConfUtils.java:logGet(43)) - raft.server.log.appender.install.snapshot.enabled = false (custom)
2019-09-07 05:34:58,933 [8f9d7271-76b5-412e-ae81-7e5df761feda@group-96F2C83CF50E:LeaderElection60] INFO  server.RaftServerConfigKeys (ConfUtils.java:logGet(43)) - raft.server.log.appender.snapshot.chunk.size.max = 16MB (=16777216) (default)
2019-09-07 05:34:58,933 [8f9d7271-76b5-412e-ae81-7e5df761feda@group-96F2C83CF50E:LeaderElection60] INFO  server.RaftServerConfigKeys (ConfUtils.java:logGet(43)) - raft.server.log.appender.buffer.byte-limit = 33554432 (custom)
2019-09-07 05:34:58,934 [8f9d7271-76b5-412e-ae81-7e5df761feda@group-96F2C83CF50E:LeaderElection60] INFO  server.RaftServerConfigKeys (ConfUtils.java:logGet(43)) - raft.server.log.appender.buffer.element-limit = 1 (custom)
2019-09-07 05:34:58,934 [8f9d7271-76b5-412e-ae81-7e5df761feda@group-96F2C83CF50E:LeaderElection60] INFO  grpc.GrpcConfigKeys$Server (ConfUtils.java:logGet(43)) - raft.grpc.server.leader.outstanding.appends.max = 128 (default)
2019-09-07 05:34:58,934 [8f9d7271-76b5-412e-ae81-7e5df761feda@group-96F2C83CF50E:LeaderElection60] INFO  server.RaftServerConfigKeys (ConfUtils.java:logGet(43)) - raft.server.rpc.request.timeout = 3000ms (default)
2019-09-07 05:34:58,934 [8f9d7271-76b5-412e-ae81-7e5df761feda@group-96F2C83CF50E:LeaderElection60] INFO  server.RaftServerConfigKeys (ConfUtils.java:logGet(43)) - raft.server.log.appender.install.snapshot.enabled = false (custom)
2019-09-07 05:34:58,934 [8f9d7271-76b5-412e-ae81-7e5df761feda@group-96F2C83CF50E:LeaderElection60] INFO  impl.RoleInfo (RoleInfo.java:updateAndGet(143)) - 8f9d7271-76b5-412e-ae81-7e5df761feda: start LeaderState
2019-09-07 05:34:58,935 [8f9d7271-76b5-412e-ae81-7e5df761feda@group-96F2C83CF50E:LeaderElection60] INFO  segmented.SegmentedRaftLogWorker (SegmentedRaftLogWorker.java:startLogSegment(380)) - 8f9d7271-76b5-412e-ae81-7e5df761feda@group-96F2C83CF50E-SegmentedRaftLogWorker: Starting segment from index:0
2019-09-07 05:34:58,935 [8f9d7271-76b5-412e-ae81-7e5df761feda@group-96F2C83CF50E:LeaderElection60] INFO  impl.RaftServerImpl (ServerState.java:setRaftConf(354)) - 8f9d7271-76b5-412e-ae81-7e5df761feda@group-96F2C83CF50E: set configuration 0: [8f9d7271-76b5-412e-ae81-7e5df761feda:192.168.36.105:46771, fcded245-4458-4147-a571-2c36d3556ae0:192.168.36.105:34963, 64ec29ee-6c98-4696-9a13-c832ae556bb8:192.168.36.105:45804], old=null at 0
2019-09-07 05:34:58,963 [8f6979a4-188f-4e31-92c6-9b96597e406b@group-3EFAE3672955:LeaderElection62] INFO  impl.LeaderElection (LeaderElection.java:askForVotes(182)) - 8f6979a4-188f-4e31-92c6-9b96597e406b@group-3EFAE3672955:LeaderElection62: begin an election at term 1 for -1: [be767bf0-8e4e-4f33-be52-f21b913347fe:192.168.36.105:41851, 8f6979a4-188f-4e31-92c6-9b96597e406b:192.168.36.105:38791, 0f748453-2874-4841-a29b-5437e9fa0943:192.168.36.105:46357], old=null
2019-09-07 05:34:58,963 [0f748453-2874-4841-a29b-5437e9fa0943@group-3EFAE3672955:LeaderElection61] INFO  impl.LeaderElection (LeaderElection.java:askForVotes(182)) - 0f748453-2874-4841-a29b-5437e9fa0943@group-3EFAE3672955:LeaderElection61: begin an election at term 1 for -1: [be767bf0-8e4e-4f33-be52-f21b913347fe:192.168.36.105:41851, 8f6979a4-188f-4e31-92c6-9b96597e406b:192.168.36.105:38791, 0f748453-2874-4841-a29b-5437e9fa0943:192.168.36.105:46357], old=null
2019-09-07 05:34:58,966 [8f9d7271-76b5-412e-ae81-7e5df761feda@group-96F2C83CF50E-SegmentedRaftLogWorker] INFO  segmented.SegmentedRaftLogWorker (SegmentedRaftLogWorker.java:execute(569)) - 8f9d7271-76b5-412e-ae81-7e5df761feda@group-96F2C83CF50E-SegmentedRaftLogWorker: created new log segment /workdir/hadoop-ozone/integration-test/target/test-dir/MiniOzoneClusterImpl-ca08d622-674a-461b-bc82-2b6f62167716/datanode-3/data/ratis/33e72eaf-212c-4239-ab06-96f2c83cf50e/current/log_inprogress_0
2019-09-07 05:34:58,969 [grpc-default-executor-9] INFO  impl.RaftServerImpl (ServerState.java:setLeader(253)) - 64ec29ee-6c98-4696-9a13-c832ae556bb8@group-96F2C83CF50E: change Leader from null to 8f9d7271-76b5-412e-ae81-7e5df761feda at term 1 for appendEntries, leader elected after 5208ms
2019-09-07 05:34:58,972 [grpc-default-executor-11] INFO  impl.RaftServerImpl (ServerState.java:setLeader(253)) - fcded245-4458-4147-a571-2c36d3556ae0@group-96F2C83CF50E: change Leader from null to 8f9d7271-76b5-412e-ae81-7e5df761feda at term 1 for appendEntries, leader elected after 5211ms
2019-09-07 05:34:58,976 [grpc-default-executor-11] INFO  impl.RaftServerImpl (ServerState.java:setRaftConf(354)) - 64ec29ee-6c98-4696-9a13-c832ae556bb8@group-96F2C83CF50E: set configuration 0: [8f9d7271-76b5-412e-ae81-7e5df761feda:192.168.36.105:46771, fcded245-4458-4147-a571-2c36d3556ae0:192.168.36.105:34963, 64ec29ee-6c98-4696-9a13-c832ae556bb8:192.168.36.105:45804], old=null at 0
2019-09-07 05:34:58,985 [grpc-default-executor-10] INFO  impl.RaftServerImpl (ServerState.java:setRaftConf(354)) - fcded245-4458-4147-a571-2c36d3556ae0@group-96F2C83CF50E: set configuration 0: [8f9d7271-76b5-412e-ae81-7e5df761feda:192.168.36.105:46771, fcded245-4458-4147-a571-2c36d3556ae0:192.168.36.105:34963, 64ec29ee-6c98-4696-9a13-c832ae556bb8:192.168.36.105:45804], old=null at 0
2019-09-07 05:34:58,983 [grpc-default-executor-8] INFO  impl.RaftServerImpl (RaftServerImpl.java:setRole(174)) - be767bf0-8e4e-4f33-be52-f21b913347fe@group-3EFAE3672955: changes role from  FOLLOWER to FOLLOWER at term 1 for recognizeCandidate:8f6979a4-188f-4e31-92c6-9b96597e406b
2019-09-07 05:34:58,989 [grpc-default-executor-10] INFO  segmented.SegmentedRaftLogWorker (SegmentedRaftLogWorker.java:startLogSegment(380)) - fcded245-4458-4147-a571-2c36d3556ae0@group-96F2C83CF50E-SegmentedRaftLogWorker: Starting segment from index:0
2019-09-07 05:34:58,989 [Thread-2952] INFO  impl.FollowerState (FollowerState.java:run(106)) - b051b77b-abf9-46c8-84ea-1064ac2c0109:group-FB31D2AB7279 changes to CANDIDATE, lastRpcTime:5018, electionTimeout:5017ms
2019-09-07 05:34:58,987 [grpc-default-executor-11] INFO  segmented.SegmentedRaftLogWorker (SegmentedRaftLogWorker.java:startLogSegment(380)) - 64ec29ee-6c98-4696-9a13-c832ae556bb8@group-96F2C83CF50E-SegmentedRaftLogWorker: Starting segment from index:0
2019-09-07 05:34:58,993 [Thread-2952] INFO  impl.RoleInfo (RoleInfo.java:shutdownFollowerState(121)) - b051b77b-abf9-46c8-84ea-1064ac2c0109: shutdown FollowerState
2019-09-07 05:34:58,989 [grpc-default-executor-8] INFO  impl.RoleInfo (RoleInfo.java:shutdownFollowerState(121)) - be767bf0-8e4e-4f33-be52-f21b913347fe: shutdown FollowerState
2019-09-07 05:34:59,019 [Thread-2952] INFO  impl.RaftServerImpl (RaftServerImpl.java:setRole(174)) - b051b77b-abf9-46c8-84ea-1064ac2c0109@group-FB31D2AB7279: changes role from  FOLLOWER to CANDIDATE at term 0 for changeToCandidate
2019-09-07 05:34:59,021 [grpc-default-executor-8] INFO  impl.RoleInfo (RoleInfo.java:updateAndGet(143)) - be767bf0-8e4e-4f33-be52-f21b913347fe: start FollowerState
2019-09-07 05:34:59,021 [Thread-2949] INFO  impl.FollowerState (FollowerState.java:run(115)) - be767bf0-8e4e-4f33-be52-f21b913347fe: FollowerState was interrupted: java.lang.InterruptedException: sleep interrupted
2019-09-07 05:34:59,021 [Thread-2952] INFO  impl.RoleInfo (RoleInfo.java:updateAndGet(143)) - b051b77b-abf9-46c8-84ea-1064ac2c0109: start LeaderElection
2019-09-07 05:34:59,048 [fcded245-4458-4147-a571-2c36d3556ae0@group-96F2C83CF50E-SegmentedRaftLogWorker] INFO  segmented.SegmentedRaftLogWorker (SegmentedRaftLogWorker.java:execute(569)) - fcded245-4458-4147-a571-2c36d3556ae0@group-96F2C83CF50E-SegmentedRaftLogWorker: created new log segment /workdir/hadoop-ozone/integration-test/target/test-dir/MiniOzoneClusterImpl-ca08d622-674a-461b-bc82-2b6f62167716/datanode-0/data/ratis/33e72eaf-212c-4239-ab06-96f2c83cf50e/current/log_inprogress_0
2019-09-07 05:34:59,061 [64ec29ee-6c98-4696-9a13-c832ae556bb8@group-96F2C83CF50E-SegmentedRaftLogWorker] INFO  segmented.SegmentedRaftLogWorker (SegmentedRaftLogWorker.java:execute(569)) - 64ec29ee-6c98-4696-9a13-c832ae556bb8@group-96F2C83CF50E-SegmentedRaftLogWorker: created new log segment /workdir/hadoop-ozone/integration-test/target/test-dir/MiniOzoneClusterImpl-ca08d622-674a-461b-bc82-2b6f62167716/datanode-2/data/ratis/33e72eaf-212c-4239-ab06-96f2c83cf50e/current/log_inprogress_0
2019-09-07 05:34:59,061 [b051b77b-abf9-46c8-84ea-1064ac2c0109@group-FB31D2AB7279:LeaderElection63] INFO  impl.LeaderElection (LeaderElection.java:askForVotes(182)) - b051b77b-abf9-46c8-84ea-1064ac2c0109@group-FB31D2AB7279:LeaderElection63: begin an election at term 1 for -1: [b051b77b-abf9-46c8-84ea-1064ac2c0109:192.168.36.105:40206], old=null
2019-09-07 05:34:59,061 [b051b77b-abf9-46c8-84ea-1064ac2c0109@group-FB31D2AB7279:LeaderElection63] INFO  impl.RoleInfo (RoleInfo.java:shutdownLeaderElection(134)) - b051b77b-abf9-46c8-84ea-1064ac2c0109: shutdown LeaderElection
2019-09-07 05:34:59,061 [b051b77b-abf9-46c8-84ea-1064ac2c0109@group-FB31D2AB7279:LeaderElection63] INFO  impl.RaftServerImpl (RaftServerImpl.java:setRole(174)) - b051b77b-abf9-46c8-84ea-1064ac2c0109@group-FB31D2AB7279: changes role from CANDIDATE to LEADER at term 1 for changeToLeader
2019-09-07 05:34:59,061 [b051b77b-abf9-46c8-84ea-1064ac2c0109@group-FB31D2AB7279:LeaderElection63] INFO  impl.RaftServerImpl (ServerState.java:setLeader(253)) - b051b77b-abf9-46c8-84ea-1064ac2c0109@group-FB31D2AB7279: change Leader from null to b051b77b-abf9-46c8-84ea-1064ac2c0109 at term 1 for becomeLeader, leader elected after 5099ms
2019-09-07 05:34:59,066 [b051b77b-abf9-46c8-84ea-1064ac2c0109@group-FB31D2AB7279:LeaderElection63] INFO  server.RaftServerConfigKeys (ConfUtils.java:logGet(43)) - raft.server.staging.catchup.gap = 1000 (default)
2019-09-07 05:34:59,066 [b051b77b-abf9-46c8-84ea-1064ac2c0109@group-FB31D2AB7279:LeaderElection63] INFO  server.RaftServerConfigKeys (ConfUtils.java:logGet(43)) - raft.server.rpc.sleep.time = 25ms (default)
2019-09-07 05:34:59,067 [0f748453-2874-4841-a29b-5437e9fa0943@group-3EFAE3672955:LeaderElection61] INFO  impl.LeaderElection (LeaderElection.java:logAndReturn(56)) - 0f748453-2874-4841-a29b-5437e9fa0943@group-3EFAE3672955:LeaderElection61: Election REJECTED; received 2 response(s) [0f748453-2874-4841-a29b-5437e9fa0943<-be767bf0-8e4e-4f33-be52-f21b913347fe#0:FAIL-t1, 0f748453-2874-4841-a29b-5437e9fa0943<-8f6979a4-188f-4e31-92c6-9b96597e406b#0:FAIL-t1] and 0 exception(s); 0f748453-2874-4841-a29b-5437e9fa0943@group-3EFAE3672955:t1, leader=null, voted=0f748453-2874-4841-a29b-5437e9fa0943, raftlog=0f748453-2874-4841-a29b-5437e9fa0943@group-3EFAE3672955-SegmentedRaftLog:OPENED:c-1,f-1,i0, conf=-1: [be767bf0-8e4e-4f33-be52-f21b913347fe:192.168.36.105:41851, 8f6979a4-188f-4e31-92c6-9b96597e406b:192.168.36.105:38791, 0f748453-2874-4841-a29b-5437e9fa0943:192.168.36.105:46357], old=null
2019-09-07 05:34:59,067 [0f748453-2874-4841-a29b-5437e9fa0943@group-3EFAE3672955:LeaderElection61] INFO  impl.RaftServerImpl (RaftServerImpl.java:setRole(174)) - 0f748453-2874-4841-a29b-5437e9fa0943@group-3EFAE3672955: changes role from CANDIDATE to FOLLOWER at term 1 for DISCOVERED_A_NEW_TERM
2019-09-07 05:34:59,067 [0f748453-2874-4841-a29b-5437e9fa0943@group-3EFAE3672955:LeaderElection61] INFO  impl.RoleInfo (RoleInfo.java:shutdownLeaderElection(134)) - 0f748453-2874-4841-a29b-5437e9fa0943: shutdown LeaderElection
2019-09-07 05:34:59,067 [0f748453-2874-4841-a29b-5437e9fa0943@group-3EFAE3672955:LeaderElection61] INFO  impl.RoleInfo (RoleInfo.java:updateAndGet(143)) - 0f748453-2874-4841-a29b-5437e9fa0943: start FollowerState
2019-09-07 05:34:59,067 [b051b77b-abf9-46c8-84ea-1064ac2c0109@group-FB31D2AB7279:LeaderElection63] INFO  server.RaftServerConfigKeys (ConfUtils.java:logGet(43)) - raft.server.write.element-limit = 4096 (default)
2019-09-07 05:34:59,071 [b051b77b-abf9-46c8-84ea-1064ac2c0109@group-FB31D2AB7279:LeaderElection63] INFO  server.RaftServerConfigKeys (ConfUtils.java:logGet(43)) - raft.server.watch.timeout = 10s (default)
2019-09-07 05:34:59,071 [8f6979a4-188f-4e31-92c6-9b96597e406b@group-3EFAE3672955:LeaderElection62] INFO  impl.LeaderElection (LeaderElection.java:logAndReturn(56)) - 8f6979a4-188f-4e31-92c6-9b96597e406b@group-3EFAE3672955:LeaderElection62: Election PASSED; received 2 response(s) [8f6979a4-188f-4e31-92c6-9b96597e406b<-be767bf0-8e4e-4f33-be52-f21b913347fe#0:OK-t1, 8f6979a4-188f-4e31-92c6-9b96597e406b<-0f748453-2874-4841-a29b-5437e9fa0943#0:FAIL-t1] and 0 exception(s); 8f6979a4-188f-4e31-92c6-9b96597e406b@group-3EFAE3672955:t1, leader=null, voted=8f6979a4-188f-4e31-92c6-9b96597e406b, raftlog=8f6979a4-188f-4e31-92c6-9b96597e406b@group-3EFAE3672955-SegmentedRaftLog:OPENED:c-1,f-1,i0, conf=-1: [be767bf0-8e4e-4f33-be52-f21b913347fe:192.168.36.105:41851, 8f6979a4-188f-4e31-92c6-9b96597e406b:192.168.36.105:38791, 0f748453-2874-4841-a29b-5437e9fa0943:192.168.36.105:46357], old=null
2019-09-07 05:34:59,071 [b051b77b-abf9-46c8-84ea-1064ac2c0109@group-FB31D2AB7279:LeaderElection63] INFO  server.RaftServerConfigKeys (ConfUtils.java:logGet(43)) - raft.server.watch.timeout.denomination = 1s (default)
2019-09-07 05:34:59,073 [8f6979a4-188f-4e31-92c6-9b96597e406b@group-3EFAE3672955:LeaderElection62] INFO  impl.RoleInfo (RoleInfo.java:shutdownLeaderElection(134)) - 8f6979a4-188f-4e31-92c6-9b96597e406b: shutdown LeaderElection
2019-09-07 05:34:59,076 [Thread-2955] INFO  impl.FollowerState (FollowerState.java:run(106)) - 8f6979a4-188f-4e31-92c6-9b96597e406b:group-F61D30F8D9EA changes to CANDIDATE, lastRpcTime:5033, electionTimeout:5033ms
2019-09-07 05:34:59,073 [b051b77b-abf9-46c8-84ea-1064ac2c0109@group-FB31D2AB7279:LeaderElection63] INFO  server.RaftServerConfigKeys (ConfUtils.java:logGet(43)) - raft.server.watch.element-limit = 65536 (default)
2019-09-07 05:34:59,076 [Thread-2955] INFO  impl.RoleInfo (RoleInfo.java:shutdownFollowerState(121)) - 8f6979a4-188f-4e31-92c6-9b96597e406b: shutdown FollowerState
2019-09-07 05:34:59,076 [8f6979a4-188f-4e31-92c6-9b96597e406b@group-3EFAE3672955:LeaderElection62] INFO  impl.RaftServerImpl (RaftServerImpl.java:setRole(174)) - 8f6979a4-188f-4e31-92c6-9b96597e406b@group-3EFAE3672955: changes role from CANDIDATE to LEADER at term 1 for changeToLeader
2019-09-07 05:34:59,076 [Thread-2955] INFO  impl.RaftServerImpl (RaftServerImpl.java:setRole(174)) - 8f6979a4-188f-4e31-92c6-9b96597e406b@group-F61D30F8D9EA: changes role from  FOLLOWER to CANDIDATE at term 0 for changeToCandidate
2019-09-07 05:34:59,076 [8f6979a4-188f-4e31-92c6-9b96597e406b@group-3EFAE3672955:LeaderElection62] INFO  impl.RaftServerImpl (ServerState.java:setLeader(253)) - 8f6979a4-188f-4e31-92c6-9b96597e406b@group-3EFAE3672955: change Leader from null to 8f6979a4-188f-4e31-92c6-9b96597e406b at term 1 for becomeLeader, leader elected after 5215ms
2019-09-07 05:34:59,076 [Thread-2955] INFO  impl.RoleInfo (RoleInfo.java:updateAndGet(143)) - 8f6979a4-188f-4e31-92c6-9b96597e406b: start LeaderElection
2019-09-07 05:34:59,076 [8f6979a4-188f-4e31-92c6-9b96597e406b@group-3EFAE3672955:LeaderElection62] INFO  server.RaftServerConfigKeys (ConfUtils.java:logGet(43)) - raft.server.staging.catchup.gap = 1000 (default)
2019-09-07 05:34:59,077 [8f6979a4-188f-4e31-92c6-9b96597e406b@group-3EFAE3672955:LeaderElection62] INFO  server.RaftServerConfigKeys (ConfUtils.java:logGet(43)) - raft.server.rpc.sleep.time = 25ms (default)
2019-09-07 05:34:59,082 [8f6979a4-188f-4e31-92c6-9b96597e406b@group-3EFAE3672955:LeaderElection62] INFO  server.RaftServerConfigKeys (ConfUtils.java:logGet(43)) - raft.server.write.element-limit = 4096 (default)
2019-09-07 05:34:59,082 [8f6979a4-188f-4e31-92c6-9b96597e406b@group-3EFAE3672955:LeaderElection62] INFO  server.RaftServerConfigKeys (ConfUtils.java:logGet(43)) - raft.server.watch.timeout = 10s (default)
2019-09-07 05:34:59,082 [8f6979a4-188f-4e31-92c6-9b96597e406b@group-3EFAE3672955:LeaderElection62] INFO  server.RaftServerConfigKeys (ConfUtils.java:logGet(43)) - raft.server.watch.timeout.denomination = 1s (default)
2019-09-07 05:34:59,082 [8f6979a4-188f-4e31-92c6-9b96597e406b@group-3EFAE3672955:LeaderElection62] INFO  server.RaftServerConfigKeys (ConfUtils.java:logGet(43)) - raft.server.watch.element-limit = 65536 (default)
2019-09-07 05:34:59,083 [b051b77b-abf9-46c8-84ea-1064ac2c0109@group-FB31D2AB7279:LeaderElection63] INFO  impl.RoleInfo (RoleInfo.java:updateAndGet(143)) - b051b77b-abf9-46c8-84ea-1064ac2c0109: start LeaderState
2019-09-07 05:34:59,083 [b051b77b-abf9-46c8-84ea-1064ac2c0109@group-FB31D2AB7279:LeaderElection63] INFO  segmented.SegmentedRaftLogWorker (SegmentedRaftLogWorker.java:startLogSegment(380)) - b051b77b-abf9-46c8-84ea-1064ac2c0109@group-FB31D2AB7279-SegmentedRaftLogWorker: Starting segment from index:0
2019-09-07 05:34:59,084 [8f6979a4-188f-4e31-92c6-9b96597e406b@group-3EFAE3672955:LeaderElection62] INFO  server.RaftServerConfigKeys (ConfUtils.java:logGet(43)) - raft.server.log.appender.snapshot.chunk.size.max = 16MB (=16777216) (default)
2019-09-07 05:34:59,084 [b051b77b-abf9-46c8-84ea-1064ac2c0109@group-FB31D2AB7279:LeaderElection63] INFO  impl.RaftServerImpl (ServerState.java:setRaftConf(354)) - b051b77b-abf9-46c8-84ea-1064ac2c0109@group-FB31D2AB7279: set configuration 0: [b051b77b-abf9-46c8-84ea-1064ac2c0109:192.168.36.105:40206], old=null at 0
2019-09-07 05:34:59,084 [8f6979a4-188f-4e31-92c6-9b96597e406b@group-3EFAE3672955:LeaderElection62] INFO  server.RaftServerConfigKeys (ConfUtils.java:logGet(43)) - raft.server.log.appender.buffer.byte-limit = 33554432 (custom)
2019-09-07 05:34:59,110 [8f6979a4-188f-4e31-92c6-9b96597e406b@group-3EFAE3672955:LeaderElection62] INFO  server.RaftServerConfigKeys (ConfUtils.java:logGet(43)) - raft.server.log.appender.buffer.element-limit = 1 (custom)
2019-09-07 05:34:59,110 [8f6979a4-188f-4e31-92c6-9b96597e406b@group-F61D30F8D9EA:LeaderElection64] INFO  impl.LeaderElection (LeaderElection.java:askForVotes(182)) - 8f6979a4-188f-4e31-92c6-9b96597e406b@group-F61D30F8D9EA:LeaderElection64: begin an election at term 1 for -1: [8f6979a4-188f-4e31-92c6-9b96597e406b:192.168.36.105:38791], old=null
2019-09-07 05:34:59,110 [8f6979a4-188f-4e31-92c6-9b96597e406b@group-3EFAE3672955:LeaderElection62] INFO  grpc.GrpcConfigKeys$Server (ConfUtils.java:logGet(43)) - raft.grpc.server.leader.outstanding.appends.max = 128 (default)
2019-09-07 05:34:59,110 [8f6979a4-188f-4e31-92c6-9b96597e406b@group-F61D30F8D9EA:LeaderElection64] INFO  impl.RoleInfo (RoleInfo.java:shutdownLeaderElection(134)) - 8f6979a4-188f-4e31-92c6-9b96597e406b: shutdown LeaderElection
2019-09-07 05:34:59,110 [8f6979a4-188f-4e31-92c6-9b96597e406b@group-3EFAE3672955:LeaderElection62] INFO  server.RaftServerConfigKeys (ConfUtils.java:logGet(43)) - raft.server.rpc.request.timeout = 3000ms (default)
2019-09-07 05:34:59,111 [8f6979a4-188f-4e31-92c6-9b96597e406b@group-F61D30F8D9EA:LeaderElection64] INFO  impl.RaftServerImpl (RaftServerImpl.java:setRole(174)) - 8f6979a4-188f-4e31-92c6-9b96597e406b@group-F61D30F8D9EA: changes role from CANDIDATE to LEADER at term 1 for changeToLeader
2019-09-07 05:34:59,111 [8f6979a4-188f-4e31-92c6-9b96597e406b@group-3EFAE3672955:LeaderElection62] INFO  server.RaftServerConfigKeys (ConfUtils.java:logGet(43)) - raft.server.log.appender.install.snapshot.enabled = false (custom)
2019-09-07 05:34:59,111 [8f6979a4-188f-4e31-92c6-9b96597e406b@group-F61D30F8D9EA:LeaderElection64] INFO  impl.RaftServerImpl (ServerState.java:setLeader(253)) - 8f6979a4-188f-4e31-92c6-9b96597e406b@group-F61D30F8D9EA: change Leader from null to 8f6979a4-188f-4e31-92c6-9b96597e406b at term 1 for becomeLeader, leader elected after 5075ms
2019-09-07 05:34:59,111 [8f6979a4-188f-4e31-92c6-9b96597e406b@group-3EFAE3672955:LeaderElection62] INFO  server.RaftServerConfigKeys (ConfUtils.java:logGet(43)) - raft.server.log.appender.snapshot.chunk.size.max = 16MB (=16777216) (default)
2019-09-07 05:34:59,111 [8f6979a4-188f-4e31-92c6-9b96597e406b@group-F61D30F8D9EA:LeaderElection64] INFO  server.RaftServerConfigKeys (ConfUtils.java:logGet(43)) - raft.server.staging.catchup.gap = 1000 (default)
2019-09-07 05:34:59,111 [8f6979a4-188f-4e31-92c6-9b96597e406b@group-3EFAE3672955:LeaderElection62] INFO  server.RaftServerConfigKeys (ConfUtils.java:logGet(43)) - raft.server.log.appender.buffer.byte-limit = 33554432 (custom)
2019-09-07 05:34:59,111 [8f6979a4-188f-4e31-92c6-9b96597e406b@group-F61D30F8D9EA:LeaderElection64] INFO  server.RaftServerConfigKeys (ConfUtils.java:logGet(43)) - raft.server.rpc.sleep.time = 25ms (default)
2019-09-07 05:34:59,111 [8f6979a4-188f-4e31-92c6-9b96597e406b@group-3EFAE3672955:LeaderElection62] INFO  server.RaftServerConfigKeys (ConfUtils.java:logGet(43)) - raft.server.log.appender.buffer.element-limit = 1 (custom)
2019-09-07 05:34:59,112 [8f6979a4-188f-4e31-92c6-9b96597e406b@group-F61D30F8D9EA:LeaderElection64] INFO  server.RaftServerConfigKeys (ConfUtils.java:logGet(43)) - raft.server.write.element-limit = 4096 (default)
2019-09-07 05:34:59,112 [8f6979a4-188f-4e31-92c6-9b96597e406b@group-3EFAE3672955:LeaderElection62] INFO  grpc.GrpcConfigKeys$Server (ConfUtils.java:logGet(43)) - raft.grpc.server.leader.outstanding.appends.max = 128 (default)
2019-09-07 05:34:59,112 [8f6979a4-188f-4e31-92c6-9b96597e406b@group-F61D30F8D9EA:LeaderElection64] INFO  server.RaftServerConfigKeys (ConfUtils.java:logGet(43)) - raft.server.watch.timeout = 10s (default)
2019-09-07 05:34:59,112 [8f6979a4-188f-4e31-92c6-9b96597e406b@group-3EFAE3672955:LeaderElection62] INFO  server.RaftServerConfigKeys (ConfUtils.java:logGet(43)) - raft.server.rpc.request.timeout = 3000ms (default)
2019-09-07 05:34:59,112 [8f6979a4-188f-4e31-92c6-9b96597e406b@group-F61D30F8D9EA:LeaderElection64] INFO  server.RaftServerConfigKeys (ConfUtils.java:logGet(43)) - raft.server.watch.timeout.denomination = 1s (default)
2019-09-07 05:34:59,112 [8f6979a4-188f-4e31-92c6-9b96597e406b@group-3EFAE3672955:LeaderElection62] INFO  server.RaftServerConfigKeys (ConfUtils.java:logGet(43)) - raft.server.log.appender.install.snapshot.enabled = false (custom)
2019-09-07 05:34:59,112 [8f6979a4-188f-4e31-92c6-9b96597e406b@group-F61D30F8D9EA:LeaderElection64] INFO  server.RaftServerConfigKeys (ConfUtils.java:logGet(43)) - raft.server.watch.element-limit = 65536 (default)
2019-09-07 05:34:59,112 [8f6979a4-188f-4e31-92c6-9b96597e406b@group-3EFAE3672955:LeaderElection62] INFO  impl.RoleInfo (RoleInfo.java:updateAndGet(143)) - 8f6979a4-188f-4e31-92c6-9b96597e406b: start LeaderState
2019-09-07 05:34:59,113 [8f6979a4-188f-4e31-92c6-9b96597e406b@group-3EFAE3672955:LeaderElection62] INFO  segmented.SegmentedRaftLogWorker (SegmentedRaftLogWorker.java:startLogSegment(380)) - 8f6979a4-188f-4e31-92c6-9b96597e406b@group-3EFAE3672955-SegmentedRaftLogWorker: Starting segment from index:0
2019-09-07 05:34:59,113 [8f6979a4-188f-4e31-92c6-9b96597e406b@group-3EFAE3672955:LeaderElection62] INFO  impl.RaftServerImpl (ServerState.java:setRaftConf(354)) - 8f6979a4-188f-4e31-92c6-9b96597e406b@group-3EFAE3672955: set configuration 0: [be767bf0-8e4e-4f33-be52-f21b913347fe:192.168.36.105:41851, 8f6979a4-188f-4e31-92c6-9b96597e406b:192.168.36.105:38791, 0f748453-2874-4841-a29b-5437e9fa0943:192.168.36.105:46357], old=null at 0
2019-09-07 05:34:59,114 [grpc-default-executor-1] INFO  impl.RaftServerImpl (ServerState.java:setLeader(253)) - 0f748453-2874-4841-a29b-5437e9fa0943@group-3EFAE3672955: change Leader from null to 8f6979a4-188f-4e31-92c6-9b96597e406b at term 1 for appendEntries, leader elected after 5253ms
2019-09-07 05:34:59,114 [grpc-default-executor-8] INFO  impl.RaftServerImpl (ServerState.java:setLeader(253)) - be767bf0-8e4e-4f33-be52-f21b913347fe@group-3EFAE3672955: change Leader from null to 8f6979a4-188f-4e31-92c6-9b96597e406b at term 1 for appendEntries, leader elected after 5253ms
2019-09-07 05:34:59,115 [8f6979a4-188f-4e31-92c6-9b96597e406b@group-F61D30F8D9EA:LeaderElection64] INFO  impl.RoleInfo (RoleInfo.java:updateAndGet(143)) - 8f6979a4-188f-4e31-92c6-9b96597e406b: start LeaderState
2019-09-07 05:34:59,115 [8f6979a4-188f-4e31-92c6-9b96597e406b@group-F61D30F8D9EA:LeaderElection64] INFO  segmented.SegmentedRaftLogWorker (SegmentedRaftLogWorker.java:startLogSegment(380)) - 8f6979a4-188f-4e31-92c6-9b96597e406b@group-F61D30F8D9EA-SegmentedRaftLogWorker: Starting segment from index:0
2019-09-07 05:34:59,115 [8f6979a4-188f-4e31-92c6-9b96597e406b@group-F61D30F8D9EA:LeaderElection64] INFO  impl.RaftServerImpl (ServerState.java:setRaftConf(354)) - 8f6979a4-188f-4e31-92c6-9b96597e406b@group-F61D30F8D9EA: set configuration 0: [8f6979a4-188f-4e31-92c6-9b96597e406b:192.168.36.105:38791], old=null at 0
2019-09-07 05:34:59,145 [b051b77b-abf9-46c8-84ea-1064ac2c0109@group-FB31D2AB7279-SegmentedRaftLogWorker] INFO  segmented.SegmentedRaftLogWorker (SegmentedRaftLogWorker.java:execute(569)) - b051b77b-abf9-46c8-84ea-1064ac2c0109@group-FB31D2AB7279-SegmentedRaftLogWorker: created new log segment /workdir/hadoop-ozone/integration-test/target/test-dir/MiniOzoneClusterImpl-ca08d622-674a-461b-bc82-2b6f62167716/datanode-6/data/ratis/1c08f763-75f3-47d4-b596-fb31d2ab7279/current/log_inprogress_0
2019-09-07 05:34:59,146 [grpc-default-executor-1] INFO  impl.RaftServerImpl (ServerState.java:setRaftConf(354)) - 0f748453-2874-4841-a29b-5437e9fa0943@group-3EFAE3672955: set configuration 0: [be767bf0-8e4e-4f33-be52-f21b913347fe:192.168.36.105:41851, 8f6979a4-188f-4e31-92c6-9b96597e406b:192.168.36.105:38791, 0f748453-2874-4841-a29b-5437e9fa0943:192.168.36.105:46357], old=null at 0
2019-09-07 05:34:59,146 [grpc-default-executor-1] INFO  segmented.SegmentedRaftLogWorker (SegmentedRaftLogWorker.java:startLogSegment(380)) - 0f748453-2874-4841-a29b-5437e9fa0943@group-3EFAE3672955-SegmentedRaftLogWorker: Starting segment from index:0
2019-09-07 05:34:59,146 [grpc-default-executor-8] INFO  impl.RaftServerImpl (ServerState.java:setRaftConf(354)) - be767bf0-8e4e-4f33-be52-f21b913347fe@group-3EFAE3672955: set configuration 0: [be767bf0-8e4e-4f33-be52-f21b913347fe:192.168.36.105:41851, 8f6979a4-188f-4e31-92c6-9b96597e406b:192.168.36.105:38791, 0f748453-2874-4841-a29b-5437e9fa0943:192.168.36.105:46357], old=null at 0
2019-09-07 05:34:59,146 [grpc-default-executor-8] INFO  segmented.SegmentedRaftLogWorker (SegmentedRaftLogWorker.java:startLogSegment(380)) - be767bf0-8e4e-4f33-be52-f21b913347fe@group-3EFAE3672955-SegmentedRaftLogWorker: Starting segment from index:0
2019-09-07 05:34:59,158 [8f6979a4-188f-4e31-92c6-9b96597e406b@group-3EFAE3672955-SegmentedRaftLogWorker] INFO  segmented.SegmentedRaftLogWorker (SegmentedRaftLogWorker.java:execute(569)) - 8f6979a4-188f-4e31-92c6-9b96597e406b@group-3EFAE3672955-SegmentedRaftLogWorker: created new log segment /workdir/hadoop-ozone/integration-test/target/test-dir/MiniOzoneClusterImpl-ca08d622-674a-461b-bc82-2b6f62167716/datanode-5/data/ratis/e84f3957-506b-4089-b2f6-3efae3672955/current/log_inprogress_0
2019-09-07 05:34:59,158 [8f6979a4-188f-4e31-92c6-9b96597e406b@group-F61D30F8D9EA-SegmentedRaftLogWorker] INFO  segmented.SegmentedRaftLogWorker (SegmentedRaftLogWorker.java:execute(569)) - 8f6979a4-188f-4e31-92c6-9b96597e406b@group-F61D30F8D9EA-SegmentedRaftLogWorker: created new log segment /workdir/hadoop-ozone/integration-test/target/test-dir/MiniOzoneClusterImpl-ca08d622-674a-461b-bc82-2b6f62167716/datanode-5/data/ratis/6734a9f0-dbbd-4f33-8c43-f61d30f8d9ea/current/log_inprogress_0
2019-09-07 05:34:59,173 [0f748453-2874-4841-a29b-5437e9fa0943@group-3EFAE3672955-SegmentedRaftLogWorker] INFO  segmented.SegmentedRaftLogWorker (SegmentedRaftLogWorker.java:execute(569)) - 0f748453-2874-4841-a29b-5437e9fa0943@group-3EFAE3672955-SegmentedRaftLogWorker: created new log segment /workdir/hadoop-ozone/integration-test/target/test-dir/MiniOzoneClusterImpl-ca08d622-674a-461b-bc82-2b6f62167716/datanode-1/data/ratis/e84f3957-506b-4089-b2f6-3efae3672955/current/log_inprogress_0
2019-09-07 05:34:59,175 [be767bf0-8e4e-4f33-be52-f21b913347fe@group-3EFAE3672955-SegmentedRaftLogWorker] INFO  segmented.SegmentedRaftLogWorker (SegmentedRaftLogWorker.java:execute(569)) - be767bf0-8e4e-4f33-be52-f21b913347fe@group-3EFAE3672955-SegmentedRaftLogWorker: created new log segment /workdir/hadoop-ozone/integration-test/target/test-dir/MiniOzoneClusterImpl-ca08d622-674a-461b-bc82-2b6f62167716/datanode-4/data/ratis/e84f3957-506b-4089-b2f6-3efae3672955/current/log_inprogress_0
2019-09-07 05:34:59,183 [Thread-2958] INFO  impl.FollowerState (FollowerState.java:run(106)) - be767bf0-8e4e-4f33-be52-f21b913347fe:group-10ED6AF71E64 changes to CANDIDATE, lastRpcTime:5084, electionTimeout:5084ms
2019-09-07 05:34:59,183 [Thread-2958] INFO  impl.RoleInfo (RoleInfo.java:shutdownFollowerState(121)) - be767bf0-8e4e-4f33-be52-f21b913347fe: shutdown FollowerState
2019-09-07 05:34:59,183 [Thread-2958] INFO  impl.RaftServerImpl (RaftServerImpl.java:setRole(174)) - be767bf0-8e4e-4f33-be52-f21b913347fe@group-10ED6AF71E64: changes role from  FOLLOWER to CANDIDATE at term 0 for changeToCandidate
2019-09-07 05:34:59,183 [Thread-2958] INFO  impl.RoleInfo (RoleInfo.java:updateAndGet(143)) - be767bf0-8e4e-4f33-be52-f21b913347fe: start LeaderElection
2019-09-07 05:34:59,201 [be767bf0-8e4e-4f33-be52-f21b913347fe@group-10ED6AF71E64:LeaderElection65] INFO  impl.LeaderElection (LeaderElection.java:askForVotes(182)) - be767bf0-8e4e-4f33-be52-f21b913347fe@group-10ED6AF71E64:LeaderElection65: begin an election at term 1 for -1: [be767bf0-8e4e-4f33-be52-f21b913347fe:192.168.36.105:41851], old=null
2019-09-07 05:34:59,201 [be767bf0-8e4e-4f33-be52-f21b913347fe@group-10ED6AF71E64:LeaderElection65] INFO  impl.RoleInfo (RoleInfo.java:shutdownLeaderElection(134)) - be767bf0-8e4e-4f33-be52-f21b913347fe: shutdown LeaderElection
2019-09-07 05:34:59,201 [be767bf0-8e4e-4f33-be52-f21b913347fe@group-10ED6AF71E64:LeaderElection65] INFO  impl.RaftServerImpl (RaftServerImpl.java:setRole(174)) - be767bf0-8e4e-4f33-be52-f21b913347fe@group-10ED6AF71E64: changes role from CANDIDATE to LEADER at term 1 for changeToLeader
2019-09-07 05:34:59,201 [be767bf0-8e4e-4f33-be52-f21b913347fe@group-10ED6AF71E64:LeaderElection65] INFO  impl.RaftServerImpl (ServerState.java:setLeader(253)) - be767bf0-8e4e-4f33-be52-f21b913347fe@group-10ED6AF71E64: change Leader from null to be767bf0-8e4e-4f33-be52-f21b913347fe at term 1 for becomeLeader, leader elected after 5109ms
2019-09-07 05:34:59,201 [be767bf0-8e4e-4f33-be52-f21b913347fe@group-10ED6AF71E64:LeaderElection65] INFO  server.RaftServerConfigKeys (ConfUtils.java:logGet(43)) - raft.server.staging.catchup.gap = 1000 (default)
2019-09-07 05:34:59,202 [be767bf0-8e4e-4f33-be52-f21b913347fe@group-10ED6AF71E64:LeaderElection65] INFO  server.RaftServerConfigKeys (ConfUtils.java:logGet(43)) - raft.server.rpc.sleep.time = 25ms (default)
2019-09-07 05:34:59,202 [be767bf0-8e4e-4f33-be52-f21b913347fe@group-10ED6AF71E64:LeaderElection65] INFO  server.RaftServerConfigKeys (ConfUtils.java:logGet(43)) - raft.server.write.element-limit = 4096 (default)
2019-09-07 05:34:59,202 [be767bf0-8e4e-4f33-be52-f21b913347fe@group-10ED6AF71E64:LeaderElection65] INFO  server.RaftServerConfigKeys (ConfUtils.java:logGet(43)) - raft.server.watch.timeout = 10s (default)
2019-09-07 05:34:59,202 [be767bf0-8e4e-4f33-be52-f21b913347fe@group-10ED6AF71E64:LeaderElection65] INFO  server.RaftServerConfigKeys (ConfUtils.java:logGet(43)) - raft.server.watch.timeout.denomination = 1s (default)
2019-09-07 05:34:59,202 [be767bf0-8e4e-4f33-be52-f21b913347fe@group-10ED6AF71E64:LeaderElection65] INFO  server.RaftServerConfigKeys (ConfUtils.java:logGet(43)) - raft.server.watch.element-limit = 65536 (default)
2019-09-07 05:34:59,208 [be767bf0-8e4e-4f33-be52-f21b913347fe@group-10ED6AF71E64:LeaderElection65] INFO  impl.RoleInfo (RoleInfo.java:updateAndGet(143)) - be767bf0-8e4e-4f33-be52-f21b913347fe: start LeaderState
2019-09-07 05:34:59,211 [be767bf0-8e4e-4f33-be52-f21b913347fe@group-10ED6AF71E64:LeaderElection65] INFO  segmented.SegmentedRaftLogWorker (SegmentedRaftLogWorker.java:startLogSegment(380)) - be767bf0-8e4e-4f33-be52-f21b913347fe@group-10ED6AF71E64-SegmentedRaftLogWorker: Starting segment from index:0
2019-09-07 05:34:59,214 [be767bf0-8e4e-4f33-be52-f21b913347fe@group-10ED6AF71E64:LeaderElection65] INFO  impl.RaftServerImpl (ServerState.java:setRaftConf(354)) - be767bf0-8e4e-4f33-be52-f21b913347fe@group-10ED6AF71E64: set configuration 0: [be767bf0-8e4e-4f33-be52-f21b913347fe:192.168.36.105:41851], old=null at 0
2019-09-07 05:34:59,248 [be767bf0-8e4e-4f33-be52-f21b913347fe@group-10ED6AF71E64-SegmentedRaftLogWorker] INFO  segmented.SegmentedRaftLogWorker (SegmentedRaftLogWorker.java:execute(569)) - be767bf0-8e4e-4f33-be52-f21b913347fe@group-10ED6AF71E64-SegmentedRaftLogWorker: created new log segment /workdir/hadoop-ozone/integration-test/target/test-dir/MiniOzoneClusterImpl-ca08d622-674a-461b-bc82-2b6f62167716/datanode-4/data/ratis/07a01038-8c87-4931-9211-10ed6af71e64/current/log_inprogress_0
2019-09-07 05:34:59,248 [grpc-default-executor-8] INFO  client.GrpcClientProtocolClient (GrpcClientProtocolClient.java:onNext(264)) - client-0DACE787FA71->0f748453-2874-4841-a29b-5437e9fa0943: receive RaftClientReply:client-0DACE787FA71->0f748453-2874-4841-a29b-5437e9fa0943@group-3EFAE3672955, cid=168, FAILED org.apache.ratis.protocol.NotLeaderException: Server 0f748453-2874-4841-a29b-5437e9fa0943@group-3EFAE3672955 is not the leader 8f6979a4-188f-4e31-92c6-9b96597e406b:192.168.36.105:38791, logIndex=0, commits[0f748453-2874-4841-a29b-5437e9fa0943:c-1, be767bf0-8e4e-4f33-be52-f21b913347fe:c-1, 8f6979a4-188f-4e31-92c6-9b96597e406b:c-1]
2019-09-07 05:34:59,373 [grpc-default-executor-1] INFO  client.GrpcClientProtocolClient (GrpcClientProtocolClient.java:onNext(264)) - client-0DACE787FA71->8f6979a4-188f-4e31-92c6-9b96597e406b: receive RaftClientReply:client-0DACE787FA71->8f6979a4-188f-4e31-92c6-9b96597e406b@group-3EFAE3672955, cid=168, SUCCESS, logIndex=1, commits[8f6979a4-188f-4e31-92c6-9b96597e406b:c1, be767bf0-8e4e-4f33-be52-f21b913347fe:c0, 0f748453-2874-4841-a29b-5437e9fa0943:c0]
2019-09-07 05:34:59,385 [grpc-default-executor-1] INFO  client.GrpcClientProtocolClient (GrpcClientProtocolClient.java:onNext(264)) - client-0DACE787FA71->8f6979a4-188f-4e31-92c6-9b96597e406b: receive RaftClientReply:client-0DACE787FA71->8f6979a4-188f-4e31-92c6-9b96597e406b@group-3EFAE3672955, cid=169, SUCCESS, logIndex=3, commits[8f6979a4-188f-4e31-92c6-9b96597e406b:c6, be767bf0-8e4e-4f33-be52-f21b913347fe:c1, 0f748453-2874-4841-a29b-5437e9fa0943:c1]
2019-09-07 05:34:59,417 [grpc-default-executor-11] INFO  client.GrpcClientProtocolClient (GrpcClientProtocolClient.java:onNext(264)) - client-0DACE787FA71->8f6979a4-188f-4e31-92c6-9b96597e406b: receive RaftClientReply:client-0DACE787FA71->8f6979a4-188f-4e31-92c6-9b96597e406b@group-3EFAE3672955, cid=170, SUCCESS, logIndex=4, commits[8f6979a4-188f-4e31-92c6-9b96597e406b:c12, be767bf0-8e4e-4f33-be52-f21b913347fe:c7, 0f748453-2874-4841-a29b-5437e9fa0943:c7]
2019-09-07 05:34:59,420 [grpc-default-executor-11] INFO  client.GrpcClientProtocolClient (GrpcClientProtocolClient.java:onNext(264)) - client-0DACE787FA71->8f6979a4-188f-4e31-92c6-9b96597e406b: receive RaftClientReply:client-0DACE787FA71->8f6979a4-188f-4e31-92c6-9b96597e406b@group-3EFAE3672955, cid=171, SUCCESS, logIndex=5, commits[8f6979a4-188f-4e31-92c6-9b96597e406b:c12, be767bf0-8e4e-4f33-be52-f21b913347fe:c7, 0f748453-2874-4841-a29b-5437e9fa0943:c7]
2019-09-07 05:34:59,420 [grpc-default-executor-11] INFO  client.GrpcClientProtocolClient (GrpcClientProtocolClient.java:onNext(264)) - client-0DACE787FA71->8f6979a4-188f-4e31-92c6-9b96597e406b: receive RaftClientReply:client-0DACE787FA71->8f6979a4-188f-4e31-92c6-9b96597e406b@group-3EFAE3672955, cid=172, SUCCESS, logIndex=6, commits[8f6979a4-188f-4e31-92c6-9b96597e406b:c12, be767bf0-8e4e-4f33-be52-f21b913347fe:c7, 0f748453-2874-4841-a29b-5437e9fa0943:c7]
2019-09-07 05:34:59,773 [grpc-default-executor-11] INFO  client.GrpcClientProtocolClient (GrpcClientProtocolClient.java:onNext(264)) - client-0DACE787FA71->8f6979a4-188f-4e31-92c6-9b96597e406b: receive RaftClientReply:client-0DACE787FA71->8f6979a4-188f-4e31-92c6-9b96597e406b@group-3EFAE3672955, cid=173, SUCCESS, logIndex=7, commits[8f6979a4-188f-4e31-92c6-9b96597e406b:c12, be767bf0-8e4e-4f33-be52-f21b913347fe:c7, 0f748453-2874-4841-a29b-5437e9fa0943:c7]
2019-09-07 05:34:59,795 [grpc-default-executor-1] INFO  client.GrpcClientProtocolClient (GrpcClientProtocolClient.java:onNext(264)) - client-0DACE787FA71->8f6979a4-188f-4e31-92c6-9b96597e406b: receive RaftClientReply:client-0DACE787FA71->8f6979a4-188f-4e31-92c6-9b96597e406b@group-3EFAE3672955, cid=174, SUCCESS, logIndex=13, commits[8f6979a4-188f-4e31-92c6-9b96597e406b:c14, be767bf0-8e4e-4f33-be52-f21b913347fe:c12, 0f748453-2874-4841-a29b-5437e9fa0943:c12]
2019-09-07 05:34:59,796 [grpc-default-executor-1] INFO  client.GrpcClientProtocolClient (GrpcClientProtocolClient.java:onNext(264)) - client-0DACE787FA71->8f6979a4-188f-4e31-92c6-9b96597e406b: receive RaftClientReply:client-0DACE787FA71->8f6979a4-188f-4e31-92c6-9b96597e406b@group-3EFAE3672955, cid=175, SUCCESS, logIndex=14, commits[8f6979a4-188f-4e31-92c6-9b96597e406b:c14, be767bf0-8e4e-4f33-be52-f21b913347fe:c12, 0f748453-2874-4841-a29b-5437e9fa0943:c12]
2019-09-07 05:34:59,812 [grpc-default-executor-1] INFO  client.GrpcClientProtocolClient (GrpcClientProtocolClient.java:onNext(264)) - client-0DACE787FA71->8f6979a4-188f-4e31-92c6-9b96597e406b: receive RaftClientReply:client-0DACE787FA71->8f6979a4-188f-4e31-92c6-9b96597e406b@group-3EFAE3672955, cid=176, SUCCESS, logIndex=0, commits[8f6979a4-188f-4e31-92c6-9b96597e406b:c15, be767bf0-8e4e-4f33-be52-f21b913347fe:c14, 0f748453-2874-4841-a29b-5437e9fa0943:c14]
2019-09-07 05:35:00,337 [Datanode State Machine Thread - 0] INFO  statemachine.DatanodeStateMachine (DatanodeStateMachine.java:lambda$startDaemon$0(350)) - Ozone container server started.
2019-09-07 05:35:04,355 [EventQueue-StaleNodeForStaleNodeHandler] INFO  node.StaleNodeHandler (StaleNodeHandler.java:onMessage(58)) - Datanode 8f6979a4-188f-4e31-92c6-9b96597e406b{ip: 192.168.36.105, host: trunk-nightly-20190907-l8mkd-3410636087, networkLocation: /default-rack, certSerialId: null} moved to stale state. Finalizing its pipelines [PipelineID=e84f3957-506b-4089-b2f6-3efae3672955, PipelineID=6734a9f0-dbbd-4f33-8c43-f61d30f8d9ea]
2019-09-07 05:35:04,356 [EventQueue-StaleNodeForStaleNodeHandler] INFO  pipeline.SCMPipelineManager (SCMPipelineManager.java:finalizeAndDestroyPipeline(311)) - destroying pipeline:Pipeline[ Id: e84f3957-506b-4089-b2f6-3efae3672955, Nodes: 8f6979a4-188f-4e31-92c6-9b96597e406b{ip: 192.168.36.105, host: trunk-nightly-20190907-l8mkd-3410636087, networkLocation: /default-rack, certSerialId: null}0f748453-2874-4841-a29b-5437e9fa0943{ip: 192.168.36.105, host: trunk-nightly-20190907-l8mkd-3410636087, networkLocation: /default-rack, certSerialId: null}be767bf0-8e4e-4f33-be52-f21b913347fe{ip: 192.168.36.105, host: trunk-nightly-20190907-l8mkd-3410636087, networkLocation: /default-rack, certSerialId: null}, Type:RATIS, Factor:THREE, State:OPEN]
2019-09-07 05:35:04,357 [EventQueue-StaleNodeForStaleNodeHandler] INFO  pipeline.PipelineStateManager (PipelineStateManager.java:finalizePipeline(123)) - Pipeline Pipeline[ Id: e84f3957-506b-4089-b2f6-3efae3672955, Nodes: 8f6979a4-188f-4e31-92c6-9b96597e406b{ip: 192.168.36.105, host: trunk-nightly-20190907-l8mkd-3410636087, networkLocation: /default-rack, certSerialId: null}0f748453-2874-4841-a29b-5437e9fa0943{ip: 192.168.36.105, host: trunk-nightly-20190907-l8mkd-3410636087, networkLocation: /default-rack, certSerialId: null}be767bf0-8e4e-4f33-be52-f21b913347fe{ip: 192.168.36.105, host: trunk-nightly-20190907-l8mkd-3410636087, networkLocation: /default-rack, certSerialId: null}, Type:RATIS, Factor:THREE, State:CLOSED] moved to CLOSED state
2019-09-07 05:35:04,357 [EventQueue-CloseContainerForCloseContainerEventHandler] INFO  container.CloseContainerEventHandler (CloseContainerEventHandler.java:onMessage(61)) - Close container Event triggered for container : #1
2019-09-07 05:35:04,366 [EventQueue-StaleNodeForStaleNodeHandler] INFO  pipeline.SCMPipelineManager (SCMPipelineManager.java:finalizeAndDestroyPipeline(311)) - destroying pipeline:Pipeline[ Id: 6734a9f0-dbbd-4f33-8c43-f61d30f8d9ea, Nodes: 8f6979a4-188f-4e31-92c6-9b96597e406b{ip: 192.168.36.105, host: trunk-nightly-20190907-l8mkd-3410636087, networkLocation: /default-rack, certSerialId: null}, Type:RATIS, Factor:ONE, State:OPEN]
2019-09-07 05:35:04,369 [EventQueue-StaleNodeForStaleNodeHandler] INFO  pipeline.PipelineStateManager (PipelineStateManager.java:finalizePipeline(123)) - Pipeline Pipeline[ Id: 6734a9f0-dbbd-4f33-8c43-f61d30f8d9ea, Nodes: 8f6979a4-188f-4e31-92c6-9b96597e406b{ip: 192.168.36.105, host: trunk-nightly-20190907-l8mkd-3410636087, networkLocation: /default-rack, certSerialId: null}, Type:RATIS, Factor:ONE, State:CLOSED] moved to CLOSED state
2019-09-07 05:35:04,814 [main] INFO  ozoneimpl.OzoneContainer (OzoneContainer.java:stop(231)) - Attempting to stop container services.
2019-09-07 05:35:04,815 [main] INFO  impl.RaftServerProxy (RaftServerProxy.java:lambda$close$4(314)) - 8f6979a4-188f-4e31-92c6-9b96597e406b: close
2019-09-07 05:35:04,815 [main] INFO  impl.RaftServerImpl (RaftServerImpl.java:lambda$shutdown$3(251)) - 8f6979a4-188f-4e31-92c6-9b96597e406b@group-3EFAE3672955: shutdown
2019-09-07 05:35:04,816 [main] INFO  util.JmxRegister (JmxRegister.java:unregister(73)) - Successfully un-registered JMX Bean with object name Ratis:service=RaftServer,group=group-3EFAE3672955,id=8f6979a4-188f-4e31-92c6-9b96597e406b
2019-09-07 05:35:04,816 [main] INFO  impl.RoleInfo (RoleInfo.java:shutdownLeaderState(104)) - 8f6979a4-188f-4e31-92c6-9b96597e406b: shutdown LeaderState
2019-09-07 05:35:04,822 [main] INFO  impl.PendingRequests (PendingRequests.java:sendNotLeaderResponses(202)) - 8f6979a4-188f-4e31-92c6-9b96597e406b-PendingRequests: sendNotLeaderResponses
2019-09-07 05:35:04,823 [org.apache.ratis.server.impl.LogAppender$AppenderDaemon$$Lambda$519/1004242924@54f5070] WARN  server.GrpcLogAppender (GrpcLogAppender.java:mayWait(143)) - 8f6979a4-188f-4e31-92c6-9b96597e406b@group-3EFAE3672955->be767bf0-8e4e-4f33-be52-f21b913347fe-GrpcLogAppender: Wait interrupted by java.lang.InterruptedException
2019-09-07 05:35:04,823 [org.apache.ratis.server.impl.LogAppender$AppenderDaemon$$Lambda$519/1004242924@6276db61] WARN  server.GrpcLogAppender (GrpcLogAppender.java:mayWait(143)) - 8f6979a4-188f-4e31-92c6-9b96597e406b@group-3EFAE3672955->0f748453-2874-4841-a29b-5437e9fa0943-GrpcLogAppender: Wait interrupted by java.lang.InterruptedException
2019-09-07 05:35:04,828 [main] INFO  impl.StateMachineUpdater (StateMachineUpdater.java:stopAndJoin(125)) - 8f6979a4-188f-4e31-92c6-9b96597e406b@group-3EFAE3672955-StateMachineUpdater: set stopIndex = 16
2019-09-07 05:35:04,829 [grpc-default-executor-11] INFO  server.GrpcServerProtocolService (GrpcServerProtocolService.java:onCompleted(113)) - 0f748453-2874-4841-a29b-5437e9fa0943: Completed APPEND_ENTRIES, lastRequest: 8f6979a4-188f-4e31-92c6-9b96597e406b->0f748453-2874-4841-a29b-5437e9fa0943#19-t1, previous=(t:1, i:16), leaderCommit=16, initializing? false, entries: <empty>
2019-09-07 05:35:04,829 [8f6979a4-188f-4e31-92c6-9b96597e406b@group-3EFAE3672955-StateMachineUpdater] INFO  ratis.ContainerStateMachine (ContainerStateMachine.java:takeSnapshot(289)) - group-3EFAE3672955: Taking a snapshot at:(t:1, i:14) file /workdir/hadoop-ozone/integration-test/target/test-dir/MiniOzoneClusterImpl-ca08d622-674a-461b-bc82-2b6f62167716/datanode-5/data/ratis/e84f3957-506b-4089-b2f6-3efae3672955/sm/snapshot.1_14
2019-09-07 05:35:04,829 [grpc-default-executor-8] INFO  server.GrpcServerProtocolService (GrpcServerProtocolService.java:onCompleted(113)) - be767bf0-8e4e-4f33-be52-f21b913347fe: Completed APPEND_ENTRIES, lastRequest: 8f6979a4-188f-4e31-92c6-9b96597e406b->be767bf0-8e4e-4f33-be52-f21b913347fe#19-t1, previous=(t:1, i:16), leaderCommit=16, initializing? false, entries: <empty>
2019-09-07 05:35:04,835 [grpc-default-executor-1] INFO  server.GrpcLogAppender (GrpcLogAppender.java:onCompleted(293)) - 8f6979a4-188f-4e31-92c6-9b96597e406b@group-3EFAE3672955->0f748453-2874-4841-a29b-5437e9fa0943-AppendLogResponseHandler: follower responses appendEntries COMPLETED
2019-09-07 05:35:04,839 [grpc-default-executor-10] INFO  server.GrpcLogAppender (GrpcLogAppender.java:onCompleted(293)) - 8f6979a4-188f-4e31-92c6-9b96597e406b@group-3EFAE3672955->be767bf0-8e4e-4f33-be52-f21b913347fe-AppendLogResponseHandler: follower responses appendEntries COMPLETED
2019-09-07 05:35:04,840 [grpc-default-executor-1] INFO  impl.FollowerInfo (FollowerInfo.java:lambda$new$0(51)) - 8f6979a4-188f-4e31-92c6-9b96597e406b@group-3EFAE3672955->0f748453-2874-4841-a29b-5437e9fa0943: nextIndex: updateUnconditionally 17 -> 16
2019-09-07 05:35:04,840 [grpc-default-executor-10] INFO  impl.FollowerInfo (FollowerInfo.java:lambda$new$0(51)) - 8f6979a4-188f-4e31-92c6-9b96597e406b@group-3EFAE3672955->be767bf0-8e4e-4f33-be52-f21b913347fe: nextIndex: updateUnconditionally 17 -> 16
2019-09-07 05:35:04,846 [8f6979a4-188f-4e31-92c6-9b96597e406b@group-3EFAE3672955-StateMachineUpdater] INFO  ratis.ContainerStateMachine (ContainerStateMachine.java:takeSnapshot(300)) - group-3EFAE3672955: Finished taking a snapshot at:(t:1, i:14) file:/workdir/hadoop-ozone/integration-test/target/test-dir/MiniOzoneClusterImpl-ca08d622-674a-461b-bc82-2b6f62167716/datanode-5/data/ratis/e84f3957-506b-4089-b2f6-3efae3672955/sm/snapshot.1_14 time:18
2019-09-07 05:35:04,847 [8f6979a4-188f-4e31-92c6-9b96597e406b@group-3EFAE3672955-StateMachineUpdater] INFO  impl.StateMachineUpdater (StateMachineUpdater.java:takeSnapshot(258)) - 8f6979a4-188f-4e31-92c6-9b96597e406b@group-3EFAE3672955-StateMachineUpdater: Took a snapshot at index 14
2019-09-07 05:35:04,847 [8f6979a4-188f-4e31-92c6-9b96597e406b@group-3EFAE3672955-StateMachineUpdater] INFO  impl.StateMachineUpdater (StateMachineUpdater.java:lambda$new$0(83)) - 8f6979a4-188f-4e31-92c6-9b96597e406b@group-3EFAE3672955-StateMachineUpdater: snapshotIndex: updateIncreasingly -1 -> 14
2019-09-07 05:35:04,847 [8f6979a4-188f-4e31-92c6-9b96597e406b@group-3EFAE3672955-StateMachineUpdater] INFO  ratis.ContainerStateMachine (ContainerStateMachine.java:takeSnapshot(289)) - group-3EFAE3672955: Taking a snapshot at:(t:1, i:14) file /workdir/hadoop-ozone/integration-test/target/test-dir/MiniOzoneClusterImpl-ca08d622-674a-461b-bc82-2b6f62167716/datanode-5/data/ratis/e84f3957-506b-4089-b2f6-3efae3672955/sm/snapshot.1_14
2019-09-07 05:35:04,859 [8f6979a4-188f-4e31-92c6-9b96597e406b@group-3EFAE3672955-StateMachineUpdater] INFO  ratis.ContainerStateMachine (ContainerStateMachine.java:takeSnapshot(300)) - group-3EFAE3672955: Finished taking a snapshot at:(t:1, i:14) file:/workdir/hadoop-ozone/integration-test/target/test-dir/MiniOzoneClusterImpl-ca08d622-674a-461b-bc82-2b6f62167716/datanode-5/data/ratis/e84f3957-506b-4089-b2f6-3efae3672955/sm/snapshot.1_14 time:12
2019-09-07 05:35:04,859 [8f6979a4-188f-4e31-92c6-9b96597e406b@group-3EFAE3672955-StateMachineUpdater] INFO  impl.StateMachineUpdater (StateMachineUpdater.java:takeSnapshot(258)) - 8f6979a4-188f-4e31-92c6-9b96597e406b@group-3EFAE3672955-StateMachineUpdater: Took a snapshot at index 14
2019-09-07 05:35:04,859 [8f6979a4-188f-4e31-92c6-9b96597e406b@group-3EFAE3672955-StateMachineUpdater] INFO  impl.StateMachineUpdater (StateMachineUpdater.java:lambda$new$0(83)) - 8f6979a4-188f-4e31-92c6-9b96597e406b@group-3EFAE3672955-StateMachineUpdater: snapshotIndex: updateIncreasingly 14 -> 14
2019-09-07 05:35:04,859 [main] INFO  impl.RaftServerImpl (ServerState.java:close(385)) - 8f6979a4-188f-4e31-92c6-9b96597e406b@group-3EFAE3672955: closes. applyIndex: 16
2019-09-07 05:35:04,860 [8f6979a4-188f-4e31-92c6-9b96597e406b@group-3EFAE3672955-SegmentedRaftLogWorker] INFO  segmented.SegmentedRaftLogWorker (SegmentedRaftLogWorker.java:run(313)) - 8f6979a4-188f-4e31-92c6-9b96597e406b@group-3EFAE3672955-SegmentedRaftLogWorker was interrupted, exiting. There are 0 tasks remaining in the queue.
2019-09-07 05:35:04,863 [main] INFO  segmented.SegmentedRaftLogWorker (SegmentedRaftLogWorker.java:close(228)) - 8f6979a4-188f-4e31-92c6-9b96597e406b@group-3EFAE3672955-SegmentedRaftLogWorker close()
2019-09-07 05:35:04,879 [main] INFO  impl.RaftServerImpl (RaftServerImpl.java:lambda$shutdown$3(251)) - 8f6979a4-188f-4e31-92c6-9b96597e406b@group-F61D30F8D9EA: shutdown
2019-09-07 05:35:04,880 [main] INFO  util.JmxRegister (JmxRegister.java:unregister(73)) - Successfully un-registered JMX Bean with object name Ratis:service=RaftServer,group=group-F61D30F8D9EA,id=8f6979a4-188f-4e31-92c6-9b96597e406b
2019-09-07 05:35:04,880 [main] INFO  impl.RoleInfo (RoleInfo.java:shutdownLeaderState(104)) - 8f6979a4-188f-4e31-92c6-9b96597e406b: shutdown LeaderState
2019-09-07 05:35:04,880 [main] INFO  impl.PendingRequests (PendingRequests.java:sendNotLeaderResponses(202)) - 8f6979a4-188f-4e31-92c6-9b96597e406b-PendingRequests: sendNotLeaderResponses
2019-09-07 05:35:04,881 [main] INFO  impl.StateMachineUpdater (StateMachineUpdater.java:stopAndJoin(125)) - 8f6979a4-188f-4e31-92c6-9b96597e406b@group-F61D30F8D9EA-StateMachineUpdater: set stopIndex = 0
2019-09-07 05:35:04,881 [main] INFO  impl.RaftServerImpl (ServerState.java:close(385)) - 8f6979a4-188f-4e31-92c6-9b96597e406b@group-F61D30F8D9EA: closes. applyIndex: 0
2019-09-07 05:35:04,881 [8f6979a4-188f-4e31-92c6-9b96597e406b@group-F61D30F8D9EA-SegmentedRaftLogWorker] INFO  segmented.SegmentedRaftLogWorker (SegmentedRaftLogWorker.java:run(313)) - 8f6979a4-188f-4e31-92c6-9b96597e406b@group-F61D30F8D9EA-SegmentedRaftLogWorker was interrupted, exiting. There are 0 tasks remaining in the queue.
2019-09-07 05:35:04,882 [main] INFO  segmented.SegmentedRaftLogWorker (SegmentedRaftLogWorker.java:close(228)) - 8f6979a4-188f-4e31-92c6-9b96597e406b@group-F61D30F8D9EA-SegmentedRaftLogWorker close()
2019-09-07 05:35:04,884 [main] INFO  server.GrpcService (GrpcService.java:closeImpl(164)) - 8f6979a4-188f-4e31-92c6-9b96597e406b: shutdown server with port 38791 now
2019-09-07 05:35:04,887 [grpc-default-executor-1] WARN  client.GrpcClientProtocolService (LogUtils.java:warn(134)) - 3-UnorderedRequestStreamObserver3: onError: org.apache.ratis.thirdparty.io.grpc.StatusRuntimeException: CANCELLED: cancelled before receiving half close
2019-09-07 05:35:04,888 [main] INFO  server.GrpcService (GrpcService.java:closeImpl(172)) - 8f6979a4-188f-4e31-92c6-9b96597e406b: shutdown server with port 38791 successfully
2019-09-07 05:35:04,892 [refreshUsed-/workdir/hadoop-ozone/integration-test/target/test-dir/MiniOzoneClusterImpl-ca08d622-674a-461b-bc82-2b6f62167716/datanode-5/data/containers] WARN  fs.CachingGetSpaceUsed (CachingGetSpaceUsed.java:run(183)) - Thread Interrupted waiting to refresh disk information: sleep interrupted
2019-09-07 05:35:04,906 [main] INFO  utils.BackgroundService (BackgroundService.java:shutdown(148)) - Shutting down service BlockDeletingService
2019-09-07 05:35:04,913 [main] INFO  statemachine.DatanodeStateMachine (DatanodeStateMachine.java:stopDaemon(395)) - Ozone container server stopped.
2019-09-07 05:35:04,914 [main] INFO  handler.ContextHandler (ContextHandler.java:doStop(910)) - Stopped o.e.j.w.WebAppContext@7eb27768{/,null,UNAVAILABLE}{/hddsDatanode}
2019-09-07 05:35:04,915 [main] INFO  server.AbstractConnector (AbstractConnector.java:doStop(318)) - Stopped ServerConnector@6169be09{HTTP/1.1,[http/1.1]}{0.0.0.0:0}
2019-09-07 05:35:04,916 [main] INFO  handler.ContextHandler (ContextHandler.java:doStop(910)) - Stopped o.e.j.s.ServletContextHandler@57cabdc3{/static,jar:file:/home/user/.m2/repository/org/apache/hadoop/hadoop-hdds-container-service/0.5.0-SNAPSHOT/hadoop-hdds-container-service-0.5.0-SNAPSHOT.jar!/webapps/static,UNAVAILABLE}
2019-09-07 05:35:04,916 [main] INFO  handler.ContextHandler (ContextHandler.java:doStop(910)) - Stopped o.e.j.s.ServletContextHandler@6fbf5db2{/logs,file:///workdir/hadoop-ozone/integration-test/target/log,UNAVAILABLE}
2019-09-07 05:35:06,931 [grpc-default-executor-8] INFO  client.GrpcClientProtocolClient (GrpcClientProtocolClient.java:onNext(264)) - client-0DACE787FA71->0f748453-2874-4841-a29b-5437e9fa0943: receive RaftClientReply:client-0DACE787FA71->0f748453-2874-4841-a29b-5437e9fa0943@group-3EFAE3672955, cid=177, FAILED org.apache.ratis.protocol.NotLeaderException: Server 0f748453-2874-4841-a29b-5437e9fa0943@group-3EFAE3672955 is not the leader 8f6979a4-188f-4e31-92c6-9b96597e406b:192.168.36.105:38791, logIndex=0, commits[0f748453-2874-4841-a29b-5437e9fa0943:c16, be767bf0-8e4e-4f33-be52-f21b913347fe:c16, 8f6979a4-188f-4e31-92c6-9b96597e406b:c16]
2019-09-07 05:35:07,946 [grpc-default-executor-1] INFO  client.GrpcClientProtocolClient (GrpcClientProtocolClient.java:onNext(264)) - client-0DACE787FA71->0f748453-2874-4841-a29b-5437e9fa0943: receive RaftClientReply:client-0DACE787FA71->0f748453-2874-4841-a29b-5437e9fa0943@group-3EFAE3672955, cid=177, FAILED org.apache.ratis.protocol.NotLeaderException: Server 0f748453-2874-4841-a29b-5437e9fa0943@group-3EFAE3672955 is not the leader 8f6979a4-188f-4e31-92c6-9b96597e406b:192.168.36.105:38791, logIndex=0, commits[0f748453-2874-4841-a29b-5437e9fa0943:c16, be767bf0-8e4e-4f33-be52-f21b913347fe:c16, 8f6979a4-188f-4e31-92c6-9b96597e406b:c16]
2019-09-07 05:35:08,970 [grpc-default-executor-1] INFO  client.GrpcClientProtocolClient (GrpcClientProtocolClient.java:onNext(264)) - client-0DACE787FA71->0f748453-2874-4841-a29b-5437e9fa0943: receive RaftClientReply:client-0DACE787FA71->0f748453-2874-4841-a29b-5437e9fa0943@group-3EFAE3672955, cid=177, FAILED org.apache.ratis.protocol.NotLeaderException: Server 0f748453-2874-4841-a29b-5437e9fa0943@group-3EFAE3672955 is not the leader 8f6979a4-188f-4e31-92c6-9b96597e406b:192.168.36.105:38791, logIndex=0, commits[0f748453-2874-4841-a29b-5437e9fa0943:c16, be767bf0-8e4e-4f33-be52-f21b913347fe:c16, 8f6979a4-188f-4e31-92c6-9b96597e406b:c16]
2019-09-07 05:35:09,994 [grpc-default-executor-11] INFO  client.GrpcClientProtocolClient (GrpcClientProtocolClient.java:onNext(264)) - client-0DACE787FA71->0f748453-2874-4841-a29b-5437e9fa0943: receive RaftClientReply:client-0DACE787FA71->0f748453-2874-4841-a29b-5437e9fa0943@group-3EFAE3672955, cid=177, FAILED org.apache.ratis.protocol.NotLeaderException: Server 0f748453-2874-4841-a29b-5437e9fa0943@group-3EFAE3672955 is not the leader 8f6979a4-188f-4e31-92c6-9b96597e406b:192.168.36.105:38791, logIndex=0, commits[0f748453-2874-4841-a29b-5437e9fa0943:c16, be767bf0-8e4e-4f33-be52-f21b913347fe:c16, 8f6979a4-188f-4e31-92c6-9b96597e406b:c16]
2019-09-07 05:35:11,018 [grpc-default-executor-11] INFO  client.GrpcClientProtocolClient (GrpcClientProtocolClient.java:onNext(264)) - client-0DACE787FA71->be767bf0-8e4e-4f33-be52-f21b913347fe: receive RaftClientReply:client-0DACE787FA71->be767bf0-8e4e-4f33-be52-f21b913347fe@group-3EFAE3672955, cid=177, FAILED org.apache.ratis.protocol.NotLeaderException: Server be767bf0-8e4e-4f33-be52-f21b913347fe@group-3EFAE3672955 is not the leader 8f6979a4-188f-4e31-92c6-9b96597e406b:192.168.36.105:38791, logIndex=0, commits[be767bf0-8e4e-4f33-be52-f21b913347fe:c16, 8f6979a4-188f-4e31-92c6-9b96597e406b:c16, 0f748453-2874-4841-a29b-5437e9fa0943:c16]
2019-09-07 05:35:12,032 [grpc-default-executor-8] INFO  client.GrpcClientProtocolClient (GrpcClientProtocolClient.java:onNext(264)) - client-0DACE787FA71->be767bf0-8e4e-4f33-be52-f21b913347fe: receive RaftClientReply:client-0DACE787FA71->be767bf0-8e4e-4f33-be52-f21b913347fe@group-3EFAE3672955, cid=177, FAILED org.apache.ratis.protocol.NotLeaderException: Server be767bf0-8e4e-4f33-be52-f21b913347fe@group-3EFAE3672955 is not the leader 8f6979a4-188f-4e31-92c6-9b96597e406b:192.168.36.105:38791, logIndex=0, commits[be767bf0-8e4e-4f33-be52-f21b913347fe:c16, 8f6979a4-188f-4e31-92c6-9b96597e406b:c16, 0f748453-2874-4841-a29b-5437e9fa0943:c16]
2019-09-07 05:35:13,049 [grpc-default-executor-11] INFO  client.GrpcClientProtocolClient (GrpcClientProtocolClient.java:onNext(264)) - client-0DACE787FA71->0f748453-2874-4841-a29b-5437e9fa0943: receive RaftClientReply:client-0DACE787FA71->0f748453-2874-4841-a29b-5437e9fa0943@group-3EFAE3672955, cid=177, FAILED org.apache.ratis.protocol.NotLeaderException: Server 0f748453-2874-4841-a29b-5437e9fa0943@group-3EFAE3672955 is not the leader 8f6979a4-188f-4e31-92c6-9b96597e406b:192.168.36.105:38791, logIndex=0, commits[0f748453-2874-4841-a29b-5437e9fa0943:c16, be767bf0-8e4e-4f33-be52-f21b913347fe:c16, 8f6979a4-188f-4e31-92c6-9b96597e406b:c16]
2019-09-07 05:35:14,067 [grpc-default-executor-1] INFO  client.GrpcClientProtocolClient (GrpcClientProtocolClient.java:onNext(264)) - client-0DACE787FA71->0f748453-2874-4841-a29b-5437e9fa0943: receive RaftClientReply:client-0DACE787FA71->0f748453-2874-4841-a29b-5437e9fa0943@group-3EFAE3672955, cid=177, FAILED org.apache.ratis.protocol.NotLeaderException: Server 0f748453-2874-4841-a29b-5437e9fa0943@group-3EFAE3672955 is not the leader 8f6979a4-188f-4e31-92c6-9b96597e406b:192.168.36.105:38791, logIndex=0, commits[0f748453-2874-4841-a29b-5437e9fa0943:c16, be767bf0-8e4e-4f33-be52-f21b913347fe:c16, 8f6979a4-188f-4e31-92c6-9b96597e406b:c16]
2019-09-07 05:35:14,214 [Thread-3003] INFO  impl.FollowerState (FollowerState.java:run(106)) - 0f748453-2874-4841-a29b-5437e9fa0943:group-3EFAE3672955 changes to CANDIDATE, lastRpcTime:9398, electionTimeout:5007ms
2019-09-07 05:35:14,222 [Thread-3003] INFO  impl.RoleInfo (RoleInfo.java:shutdownFollowerState(121)) - 0f748453-2874-4841-a29b-5437e9fa0943: shutdown FollowerState
2019-09-07 05:35:14,223 [Thread-3003] INFO  impl.RaftServerImpl (RaftServerImpl.java:setRole(174)) - 0f748453-2874-4841-a29b-5437e9fa0943@group-3EFAE3672955: changes role from  FOLLOWER to CANDIDATE at term 1 for changeToCandidate
2019-09-07 05:35:14,223 [Thread-3003] INFO  impl.RoleInfo (RoleInfo.java:updateAndGet(143)) - 0f748453-2874-4841-a29b-5437e9fa0943: start LeaderElection
2019-09-07 05:35:14,226 [0f748453-2874-4841-a29b-5437e9fa0943@group-3EFAE3672955:LeaderElection66] INFO  impl.RaftServerImpl (ServerState.java:setLeader(253)) - 0f748453-2874-4841-a29b-5437e9fa0943@group-3EFAE3672955: change Leader from 8f6979a4-188f-4e31-92c6-9b96597e406b to null at term 1 for initElection
2019-09-07 05:35:14,243 [0f748453-2874-4841-a29b-5437e9fa0943@group-3EFAE3672955:LeaderElection66] INFO  impl.LeaderElection (LeaderElection.java:askForVotes(182)) - 0f748453-2874-4841-a29b-5437e9fa0943@group-3EFAE3672955:LeaderElection66: begin an election at term 2 for 0: [be767bf0-8e4e-4f33-be52-f21b913347fe:192.168.36.105:41851, 8f6979a4-188f-4e31-92c6-9b96597e406b:192.168.36.105:38791, 0f748453-2874-4841-a29b-5437e9fa0943:192.168.36.105:46357], old=null
2019-09-07 05:35:14,246 [0f748453-2874-4841-a29b-5437e9fa0943@group-3EFAE3672955:LeaderElection66] INFO  impl.LeaderElection (LogUtils.java:infoOrTrace(149)) - 0f748453-2874-4841-a29b-5437e9fa0943@group-3EFAE3672955:LeaderElection66 got exception when requesting votes: {}
java.util.concurrent.ExecutionException: org.apache.ratis.thirdparty.io.grpc.StatusRuntimeException: UNAVAILABLE: io exception
	at java.util.concurrent.FutureTask.report(FutureTask.java:122)
	at java.util.concurrent.FutureTask.get(FutureTask.java:192)
	at org.apache.ratis.server.impl.LeaderElection.waitForResults(LeaderElection.java:263)
	at org.apache.ratis.server.impl.LeaderElection.askForVotes(LeaderElection.java:201)
	at org.apache.ratis.server.impl.LeaderElection.run(LeaderElection.java:133)
	at java.lang.Thread.run(Thread.java:748)
Caused by: org.apache.ratis.thirdparty.io.grpc.StatusRuntimeException: UNAVAILABLE: io exception
	at org.apache.ratis.thirdparty.io.grpc.stub.ClientCalls.toStatusRuntimeException(ClientCalls.java:233)
	at org.apache.ratis.thirdparty.io.grpc.stub.ClientCalls.getUnchecked(ClientCalls.java:214)
	at org.apache.ratis.thirdparty.io.grpc.stub.ClientCalls.blockingUnaryCall(ClientCalls.java:139)
	at org.apache.ratis.proto.grpc.RaftServerProtocolServiceGrpc$RaftServerProtocolServiceBlockingStub.requestVote(RaftServerProtocolServiceGrpc.java:265)
	at org.apache.ratis.grpc.server.GrpcServerProtocolClient.requestVote(GrpcServerProtocolClient.java:90)
	at org.apache.ratis.grpc.server.GrpcService.requestVote(GrpcService.java:204)
	at org.apache.ratis.server.impl.LeaderElection.lambda$submitRequests$1(LeaderElection.java:238)
	at java.util.concurrent.FutureTask.run(FutureTask.java:266)
	at java.util.concurrent.Executors$RunnableAdapter.call(Executors.java:511)
	at java.util.concurrent.FutureTask.run(FutureTask.java:266)
	at java.util.concurrent.ThreadPoolExecutor.runWorker(ThreadPoolExecutor.java:1149)
	at java.util.concurrent.ThreadPoolExecutor$Worker.run(ThreadPoolExecutor.java:624)
	... 1 more
Caused by: org.apache.ratis.thirdparty.io.netty.channel.AbstractChannel$AnnotatedConnectException: Connection refused: /192.168.36.105:38791
	at sun.nio.ch.SocketChannelImpl.checkConnect(Native Method)
	at sun.nio.ch.SocketChannelImpl.finishConnect(SocketChannelImpl.java:717)
	at org.apache.ratis.thirdparty.io.netty.channel.socket.nio.NioSocketChannel.doFinishConnect(NioSocketChannel.java:327)
	at org.apache.ratis.thirdparty.io.netty.channel.nio.AbstractNioChannel$AbstractNioUnsafe.finishConnect(AbstractNioChannel.java:340)
	at org.apache.ratis.thirdparty.io.netty.channel.nio.NioEventLoop.processSelectedKey(NioEventLoop.java:632)
	at org.apache.ratis.thirdparty.io.netty.channel.nio.NioEventLoop.processSelectedKeysOptimized(NioEventLoop.java:579)
	at org.apache.ratis.thirdparty.io.netty.channel.nio.NioEventLoop.processSelectedKeys(NioEventLoop.java:496)
	at org.apache.ratis.thirdparty.io.netty.channel.nio.NioEventLoop.run(NioEventLoop.java:458)
	at org.apache.ratis.thirdparty.io.netty.util.concurrent.SingleThreadEventExecutor$5.run(SingleThreadEventExecutor.java:897)
	at org.apache.ratis.thirdparty.io.netty.util.concurrent.FastThreadLocalRunnable.run(FastThreadLocalRunnable.java:30)
	... 1 more
Caused by: java.net.ConnectException: Connection refused
	... 11 more
2019-09-07 05:35:14,252 [grpc-default-executor-8] INFO  impl.RaftServerImpl (ServerState.java:setLeader(253)) - be767bf0-8e4e-4f33-be52-f21b913347fe@group-3EFAE3672955: change Leader from 8f6979a4-188f-4e31-92c6-9b96597e406b to null at term 2 for updateCurrentTerm
2019-09-07 05:35:14,253 [grpc-default-executor-8] INFO  impl.RaftServerImpl (RaftServerImpl.java:setRole(174)) - be767bf0-8e4e-4f33-be52-f21b913347fe@group-3EFAE3672955: changes role from  FOLLOWER to FOLLOWER at term 2 for recognizeCandidate:0f748453-2874-4841-a29b-5437e9fa0943
2019-09-07 05:35:14,253 [grpc-default-executor-8] INFO  impl.RoleInfo (RoleInfo.java:shutdownFollowerState(121)) - be767bf0-8e4e-4f33-be52-f21b913347fe: shutdown FollowerState
2019-09-07 05:35:14,253 [grpc-default-executor-8] INFO  impl.RoleInfo (RoleInfo.java:updateAndGet(143)) - be767bf0-8e4e-4f33-be52-f21b913347fe: start FollowerState
2019-09-07 05:35:14,253 [Thread-2998] INFO  impl.FollowerState (FollowerState.java:run(115)) - be767bf0-8e4e-4f33-be52-f21b913347fe: FollowerState was interrupted: java.lang.InterruptedException: sleep interrupted
2019-09-07 05:35:14,270 [0f748453-2874-4841-a29b-5437e9fa0943@group-3EFAE3672955:LeaderElection66] INFO  impl.LeaderElection (LeaderElection.java:logAndReturn(56)) - 0f748453-2874-4841-a29b-5437e9fa0943@group-3EFAE3672955:LeaderElection66: Election PASSED; received 1 response(s) [0f748453-2874-4841-a29b-5437e9fa0943<-be767bf0-8e4e-4f33-be52-f21b913347fe#0:OK-t2] and 1 exception(s); 0f748453-2874-4841-a29b-5437e9fa0943@group-3EFAE3672955:t2, leader=null, voted=0f748453-2874-4841-a29b-5437e9fa0943, raftlog=0f748453-2874-4841-a29b-5437e9fa0943@group-3EFAE3672955-SegmentedRaftLog:OPENED:c16,f16,i16, conf=0: [be767bf0-8e4e-4f33-be52-f21b913347fe:192.168.36.105:41851, 8f6979a4-188f-4e31-92c6-9b96597e406b:192.168.36.105:38791, 0f748453-2874-4841-a29b-5437e9fa0943:192.168.36.105:46357], old=null
2019-09-07 05:35:14,271 [0f748453-2874-4841-a29b-5437e9fa0943@group-3EFAE3672955:LeaderElection66] INFO  impl.LeaderElection (LogUtils.java:infoOrTrace(149)) -   Exception 0: {}
java.util.concurrent.ExecutionException: org.apache.ratis.thirdparty.io.grpc.StatusRuntimeException: UNAVAILABLE: io exception
	at java.util.concurrent.FutureTask.report(FutureTask.java:122)
	at java.util.concurrent.FutureTask.get(FutureTask.java:192)
	at org.apache.ratis.server.impl.LeaderElection.waitForResults(LeaderElection.java:263)
	at org.apache.ratis.server.impl.LeaderElection.askForVotes(LeaderElection.java:201)
	at org.apache.ratis.server.impl.LeaderElection.run(LeaderElection.java:133)
	at java.lang.Thread.run(Thread.java:748)
Caused by: org.apache.ratis.thirdparty.io.grpc.StatusRuntimeException: UNAVAILABLE: io exception
	at org.apache.ratis.thirdparty.io.grpc.stub.ClientCalls.toStatusRuntimeException(ClientCalls.java:233)
	at org.apache.ratis.thirdparty.io.grpc.stub.ClientCalls.getUnchecked(ClientCalls.java:214)
	at org.apache.ratis.thirdparty.io.grpc.stub.ClientCalls.blockingUnaryCall(ClientCalls.java:139)
	at org.apache.ratis.proto.grpc.RaftServerProtocolServiceGrpc$RaftServerProtocolServiceBlockingStub.requestVote(RaftServerProtocolServiceGrpc.java:265)
	at org.apache.ratis.grpc.server.GrpcServerProtocolClient.requestVote(GrpcServerProtocolClient.java:90)
	at org.apache.ratis.grpc.server.GrpcService.requestVote(GrpcService.java:204)
	at org.apache.ratis.server.impl.LeaderElection.lambda$submitRequests$1(LeaderElection.java:238)
	at java.util.concurrent.FutureTask.run(FutureTask.java:266)
	at java.util.concurrent.Executors$RunnableAdapter.call(Executors.java:511)
	at java.util.concurrent.FutureTask.run(FutureTask.java:266)
	at java.util.concurrent.ThreadPoolExecutor.runWorker(ThreadPoolExecutor.java:1149)
	at java.util.concurrent.ThreadPoolExecutor$Worker.run(ThreadPoolExecutor.java:624)
	... 1 more
Caused by: org.apache.ratis.thirdparty.io.netty.channel.AbstractChannel$AnnotatedConnectException: Connection refused: /192.168.36.105:38791
	at sun.nio.ch.SocketChannelImpl.checkConnect(Native Method)
	at sun.nio.ch.SocketChannelImpl.finishConnect(SocketChannelImpl.java:717)
	at org.apache.ratis.thirdparty.io.netty.channel.socket.nio.NioSocketChannel.doFinishConnect(NioSocketChannel.java:327)
	at org.apache.ratis.thirdparty.io.netty.channel.nio.AbstractNioChannel$AbstractNioUnsafe.finishConnect(AbstractNioChannel.java:340)
	at org.apache.ratis.thirdparty.io.netty.channel.nio.NioEventLoop.processSelectedKey(NioEventLoop.java:632)
	at org.apache.ratis.thirdparty.io.netty.channel.nio.NioEventLoop.processSelectedKeysOptimized(NioEventLoop.java:579)
	at org.apache.ratis.thirdparty.io.netty.channel.nio.NioEventLoop.processSelectedKeys(NioEventLoop.java:496)
	at org.apache.ratis.thirdparty.io.netty.channel.nio.NioEventLoop.run(NioEventLoop.java:458)
	at org.apache.ratis.thirdparty.io.netty.util.concurrent.SingleThreadEventExecutor$5.run(SingleThreadEventExecutor.java:897)
	at org.apache.ratis.thirdparty.io.netty.util.concurrent.FastThreadLocalRunnable.run(FastThreadLocalRunnable.java:30)
	... 1 more
Caused by: java.net.ConnectException: Connection refused
	... 11 more
2019-09-07 05:35:14,271 [0f748453-2874-4841-a29b-5437e9fa0943@group-3EFAE3672955:LeaderElection66] INFO  impl.RoleInfo (RoleInfo.java:shutdownLeaderElection(134)) - 0f748453-2874-4841-a29b-5437e9fa0943: shutdown LeaderElection
2019-09-07 05:35:14,271 [0f748453-2874-4841-a29b-5437e9fa0943@group-3EFAE3672955:LeaderElection66] INFO  impl.RaftServerImpl (RaftServerImpl.java:setRole(174)) - 0f748453-2874-4841-a29b-5437e9fa0943@group-3EFAE3672955: changes role from CANDIDATE to LEADER at term 2 for changeToLeader
2019-09-07 05:35:14,271 [0f748453-2874-4841-a29b-5437e9fa0943@group-3EFAE3672955:LeaderElection66] INFO  impl.RaftServerImpl (ServerState.java:setLeader(253)) - 0f748453-2874-4841-a29b-5437e9fa0943@group-3EFAE3672955: change Leader from null to 0f748453-2874-4841-a29b-5437e9fa0943 at term 2 for becomeLeader, leader elected after 45ms
2019-09-07 05:35:14,272 [0f748453-2874-4841-a29b-5437e9fa0943@group-3EFAE3672955:LeaderElection66] INFO  server.RaftServerConfigKeys (ConfUtils.java:logGet(43)) - raft.server.staging.catchup.gap = 1000 (default)
2019-09-07 05:35:14,272 [0f748453-2874-4841-a29b-5437e9fa0943@group-3EFAE3672955:LeaderElection66] INFO  server.RaftServerConfigKeys (ConfUtils.java:logGet(43)) - raft.server.rpc.sleep.time = 25ms (default)
2019-09-07 05:35:14,272 [0f748453-2874-4841-a29b-5437e9fa0943@group-3EFAE3672955:LeaderElection66] INFO  server.RaftServerConfigKeys (ConfUtils.java:logGet(43)) - raft.server.write.element-limit = 4096 (default)
2019-09-07 05:35:14,272 [0f748453-2874-4841-a29b-5437e9fa0943@group-3EFAE3672955:LeaderElection66] INFO  server.RaftServerConfigKeys (ConfUtils.java:logGet(43)) - raft.server.watch.timeout = 10s (default)
2019-09-07 05:35:14,272 [0f748453-2874-4841-a29b-5437e9fa0943@group-3EFAE3672955:LeaderElection66] INFO  server.RaftServerConfigKeys (ConfUtils.java:logGet(43)) - raft.server.watch.timeout.denomination = 1s (default)
2019-09-07 05:35:14,272 [0f748453-2874-4841-a29b-5437e9fa0943@group-3EFAE3672955:LeaderElection66] INFO  server.RaftServerConfigKeys (ConfUtils.java:logGet(43)) - raft.server.watch.element-limit = 65536 (default)
2019-09-07 05:35:14,275 [0f748453-2874-4841-a29b-5437e9fa0943@group-3EFAE3672955:LeaderElection66] INFO  server.RaftServerConfigKeys (ConfUtils.java:logGet(43)) - raft.server.log.appender.snapshot.chunk.size.max = 16MB (=16777216) (default)
2019-09-07 05:35:14,276 [0f748453-2874-4841-a29b-5437e9fa0943@group-3EFAE3672955:LeaderElection66] INFO  server.RaftServerConfigKeys (ConfUtils.java:logGet(43)) - raft.server.log.appender.buffer.byte-limit = 33554432 (custom)
2019-09-07 05:35:14,276 [0f748453-2874-4841-a29b-5437e9fa0943@group-3EFAE3672955:LeaderElection66] INFO  server.RaftServerConfigKeys (ConfUtils.java:logGet(43)) - raft.server.log.appender.buffer.element-limit = 1 (custom)
2019-09-07 05:35:14,276 [0f748453-2874-4841-a29b-5437e9fa0943@group-3EFAE3672955:LeaderElection66] INFO  grpc.GrpcConfigKeys$Server (ConfUtils.java:logGet(43)) - raft.grpc.server.leader.outstanding.appends.max = 128 (default)
2019-09-07 05:35:14,276 [0f748453-2874-4841-a29b-5437e9fa0943@group-3EFAE3672955:LeaderElection66] INFO  server.RaftServerConfigKeys (ConfUtils.java:logGet(43)) - raft.server.rpc.request.timeout = 3000ms (default)
2019-09-07 05:35:14,276 [0f748453-2874-4841-a29b-5437e9fa0943@group-3EFAE3672955:LeaderElection66] INFO  server.RaftServerConfigKeys (ConfUtils.java:logGet(43)) - raft.server.log.appender.install.snapshot.enabled = false (custom)
2019-09-07 05:35:14,277 [0f748453-2874-4841-a29b-5437e9fa0943@group-3EFAE3672955:LeaderElection66] INFO  server.RaftServerConfigKeys (ConfUtils.java:logGet(43)) - raft.server.log.appender.snapshot.chunk.size.max = 16MB (=16777216) (default)
2019-09-07 05:35:14,277 [0f748453-2874-4841-a29b-5437e9fa0943@group-3EFAE3672955:LeaderElection66] INFO  server.RaftServerConfigKeys (ConfUtils.java:logGet(43)) - raft.server.log.appender.buffer.byte-limit = 33554432 (custom)
2019-09-07 05:35:14,277 [0f748453-2874-4841-a29b-5437e9fa0943@group-3EFAE3672955:LeaderElection66] INFO  server.RaftServerConfigKeys (ConfUtils.java:logGet(43)) - raft.server.log.appender.buffer.element-limit = 1 (custom)
2019-09-07 05:35:14,277 [0f748453-2874-4841-a29b-5437e9fa0943@group-3EFAE3672955:LeaderElection66] INFO  grpc.GrpcConfigKeys$Server (ConfUtils.java:logGet(43)) - raft.grpc.server.leader.outstanding.appends.max = 128 (default)
2019-09-07 05:35:14,277 [0f748453-2874-4841-a29b-5437e9fa0943@group-3EFAE3672955:LeaderElection66] INFO  server.RaftServerConfigKeys (ConfUtils.java:logGet(43)) - raft.server.rpc.request.timeout = 3000ms (default)
2019-09-07 05:35:14,277 [0f748453-2874-4841-a29b-5437e9fa0943@group-3EFAE3672955:LeaderElection66] INFO  server.RaftServerConfigKeys (ConfUtils.java:logGet(43)) - raft.server.log.appender.install.snapshot.enabled = false (custom)
2019-09-07 05:35:14,278 [0f748453-2874-4841-a29b-5437e9fa0943@group-3EFAE3672955:LeaderElection66] INFO  impl.RoleInfo (RoleInfo.java:updateAndGet(143)) - 0f748453-2874-4841-a29b-5437e9fa0943: start LeaderState
2019-09-07 05:35:14,278 [0f748453-2874-4841-a29b-5437e9fa0943@group-3EFAE3672955:LeaderElection66] INFO  segmented.SegmentedRaftLogWorker (SegmentedRaftLogWorker.java:rollLogSegment(385)) - 0f748453-2874-4841-a29b-5437e9fa0943@group-3EFAE3672955-SegmentedRaftLogWorker: Rolling segment log-0_16 to index:16
2019-09-07 05:35:14,279 [0f748453-2874-4841-a29b-5437e9fa0943@group-3EFAE3672955-SegmentedRaftLogWorker] INFO  segmented.SegmentedRaftLogWorker (SegmentedRaftLogWorker.java:execute(526)) - 0f748453-2874-4841-a29b-5437e9fa0943@group-3EFAE3672955-SegmentedRaftLogWorker: Rolled log segment from /workdir/hadoop-ozone/integration-test/target/test-dir/MiniOzoneClusterImpl-ca08d622-674a-461b-bc82-2b6f62167716/datanode-1/data/ratis/e84f3957-506b-4089-b2f6-3efae3672955/current/log_inprogress_0 to /workdir/hadoop-ozone/integration-test/target/test-dir/MiniOzoneClusterImpl-ca08d622-674a-461b-bc82-2b6f62167716/datanode-1/data/ratis/e84f3957-506b-4089-b2f6-3efae3672955/current/log_0-16
2019-09-07 05:35:14,279 [0f748453-2874-4841-a29b-5437e9fa0943@group-3EFAE3672955:LeaderElection66] INFO  impl.RaftServerImpl (ServerState.java:setRaftConf(354)) - 0f748453-2874-4841-a29b-5437e9fa0943@group-3EFAE3672955: set configuration 17: [be767bf0-8e4e-4f33-be52-f21b913347fe:192.168.36.105:41851, 8f6979a4-188f-4e31-92c6-9b96597e406b:192.168.36.105:38791, 0f748453-2874-4841-a29b-5437e9fa0943:192.168.36.105:46357], old=null at 17
2019-09-07 05:35:14,282 [grpc-default-executor-8] WARN  server.GrpcLogAppender (LogUtils.java:warn(134)) - 0f748453-2874-4841-a29b-5437e9fa0943@group-3EFAE3672955->8f6979a4-188f-4e31-92c6-9b96597e406b-AppendLogResponseHandler: Failed appendEntries: org.apache.ratis.thirdparty.io.grpc.StatusRuntimeException: UNAVAILABLE: io exception
2019-09-07 05:35:14,305 [grpc-default-executor-8] INFO  impl.FollowerInfo (FollowerInfo.java:lambda$new$0(51)) - 0f748453-2874-4841-a29b-5437e9fa0943@group-3EFAE3672955->8f6979a4-188f-4e31-92c6-9b96597e406b: nextIndex: updateUnconditionally 17 -> 1
2019-09-07 05:35:14,306 [grpc-default-executor-1] INFO  impl.RaftServerImpl (ServerState.java:setLeader(253)) - be767bf0-8e4e-4f33-be52-f21b913347fe@group-3EFAE3672955: change Leader from null to 0f748453-2874-4841-a29b-5437e9fa0943 at term 2 for appendEntries, leader elected after 53ms
2019-09-07 05:35:14,308 [grpc-default-executor-1] INFO  impl.RaftServerImpl (ServerState.java:setRaftConf(354)) - be767bf0-8e4e-4f33-be52-f21b913347fe@group-3EFAE3672955: set configuration 17: [be767bf0-8e4e-4f33-be52-f21b913347fe:192.168.36.105:41851, 8f6979a4-188f-4e31-92c6-9b96597e406b:192.168.36.105:38791, 0f748453-2874-4841-a29b-5437e9fa0943:192.168.36.105:46357], old=null at 17
2019-09-07 05:35:14,309 [grpc-default-executor-1] INFO  segmented.SegmentedRaftLogWorker (SegmentedRaftLogWorker.java:rollLogSegment(385)) - be767bf0-8e4e-4f33-be52-f21b913347fe@group-3EFAE3672955-SegmentedRaftLogWorker: Rolling segment log-0_16 to index:16
2019-09-07 05:35:14,310 [be767bf0-8e4e-4f33-be52-f21b913347fe@group-3EFAE3672955-SegmentedRaftLogWorker] INFO  segmented.SegmentedRaftLogWorker (SegmentedRaftLogWorker.java:execute(526)) - be767bf0-8e4e-4f33-be52-f21b913347fe@group-3EFAE3672955-SegmentedRaftLogWorker: Rolled log segment from /workdir/hadoop-ozone/integration-test/target/test-dir/MiniOzoneClusterImpl-ca08d622-674a-461b-bc82-2b6f62167716/datanode-4/data/ratis/e84f3957-506b-4089-b2f6-3efae3672955/current/log_inprogress_0 to /workdir/hadoop-ozone/integration-test/target/test-dir/MiniOzoneClusterImpl-ca08d622-674a-461b-bc82-2b6f62167716/datanode-4/data/ratis/e84f3957-506b-4089-b2f6-3efae3672955/current/log_0-16
2019-09-07 05:35:14,317 [0f748453-2874-4841-a29b-5437e9fa0943@group-3EFAE3672955-SegmentedRaftLogWorker] INFO  segmented.SegmentedRaftLogWorker (SegmentedRaftLogWorker.java:execute(569)) - 0f748453-2874-4841-a29b-5437e9fa0943@group-3EFAE3672955-SegmentedRaftLogWorker: created new log segment /workdir/hadoop-ozone/integration-test/target/test-dir/MiniOzoneClusterImpl-ca08d622-674a-461b-bc82-2b6f62167716/datanode-1/data/ratis/e84f3957-506b-4089-b2f6-3efae3672955/current/log_inprogress_17
2019-09-07 05:35:14,354 [be767bf0-8e4e-4f33-be52-f21b913347fe@group-3EFAE3672955-SegmentedRaftLogWorker] INFO  segmented.SegmentedRaftLogWorker (SegmentedRaftLogWorker.java:execute(569)) - be767bf0-8e4e-4f33-be52-f21b913347fe@group-3EFAE3672955-SegmentedRaftLogWorker: created new log segment /workdir/hadoop-ozone/integration-test/target/test-dir/MiniOzoneClusterImpl-ca08d622-674a-461b-bc82-2b6f62167716/datanode-4/data/ratis/e84f3957-506b-4089-b2f6-3efae3672955/current/log_inprogress_17
2019-09-07 05:35:14,368 [grpc-default-executor-1] WARN  server.GrpcLogAppender (LogUtils.java:warn(134)) - 0f748453-2874-4841-a29b-5437e9fa0943@group-3EFAE3672955->8f6979a4-188f-4e31-92c6-9b96597e406b-AppendLogResponseHandler: Failed appendEntries: org.apache.ratis.thirdparty.io.grpc.StatusRuntimeException: UNAVAILABLE: io exception
2019-09-07 05:35:14,368 [grpc-default-executor-1] INFO  impl.FollowerInfo (FollowerInfo.java:lambda$new$0(51)) - 0f748453-2874-4841-a29b-5437e9fa0943@group-3EFAE3672955->8f6979a4-188f-4e31-92c6-9b96597e406b: nextIndex: updateUnconditionally 2 -> 1
2019-09-07 05:35:15,083 [grpc-default-executor-1] INFO  client.GrpcClientProtocolClient (GrpcClientProtocolClient.java:onNext(264)) - client-0DACE787FA71->be767bf0-8e4e-4f33-be52-f21b913347fe: receive RaftClientReply:client-0DACE787FA71->be767bf0-8e4e-4f33-be52-f21b913347fe@group-3EFAE3672955, cid=177, FAILED org.apache.ratis.protocol.NotLeaderException: Server be767bf0-8e4e-4f33-be52-f21b913347fe@group-3EFAE3672955 is not the leader 0f748453-2874-4841-a29b-5437e9fa0943:192.168.36.105:46357, logIndex=0, commits[be767bf0-8e4e-4f33-be52-f21b913347fe:c17, 8f6979a4-188f-4e31-92c6-9b96597e406b:c16, 0f748453-2874-4841-a29b-5437e9fa0943:c17]
05:35:15.087 [grpc-default-executor-8] ERROR DNAudit - user=null | ip=null | op=WRITE_CHUNK {blockData=conID: 1 locID: 102749601406058509 bcsId: 14} | ret=FAILURE
org.apache.hadoop.hdds.scm.container.common.helpers.ContainerNotOpenException: Container 1 in CLOSING state
	at org.apache.hadoop.ozone.container.common.impl.HddsDispatcher.validateContainerCommand(HddsDispatcher.java:408) ~[hadoop-hdds-container-service-0.5.0-SNAPSHOT.jar:?]
	at org.apache.hadoop.ozone.container.common.transport.server.ratis.ContainerStateMachine.startTransaction(ContainerStateMachine.java:315) ~[hadoop-hdds-container-service-0.5.0-SNAPSHOT.jar:?]
	at org.apache.ratis.server.impl.RaftServerImpl.submitClientRequestAsync(RaftServerImpl.java:573) ~[ratis-server-0.4.0-78e95b9-SNAPSHOT.jar:0.4.0-78e95b9-SNAPSHOT]
	at org.apache.ratis.server.impl.RaftServerProxy.lambda$submitClientRequestAsync$7(RaftServerProxy.java:333) ~[ratis-server-0.4.0-78e95b9-SNAPSHOT.jar:0.4.0-78e95b9-SNAPSHOT]
	at org.apache.ratis.server.impl.RaftServerProxy.lambda$null$5(RaftServerProxy.java:328) ~[ratis-server-0.4.0-78e95b9-SNAPSHOT.jar:0.4.0-78e95b9-SNAPSHOT]
	at org.apache.ratis.util.JavaUtils.callAsUnchecked(JavaUtils.java:109) ~[ratis-common-0.4.0-78e95b9-SNAPSHOT.jar:0.4.0-78e95b9-SNAPSHOT]
	at org.apache.ratis.server.impl.RaftServerProxy.lambda$submitRequest$6(RaftServerProxy.java:328) ~[ratis-server-0.4.0-78e95b9-SNAPSHOT.jar:0.4.0-78e95b9-SNAPSHOT]
	at java.util.concurrent.CompletableFuture.uniComposeStage(CompletableFuture.java:981) ~[?:1.8.0_212]
	at java.util.concurrent.CompletableFuture.thenCompose(CompletableFuture.java:2124) ~[?:1.8.0_212]
	at org.apache.ratis.server.impl.RaftServerProxy.submitRequest(RaftServerProxy.java:327) ~[ratis-server-0.4.0-78e95b9-SNAPSHOT.jar:0.4.0-78e95b9-SNAPSHOT]
	at org.apache.ratis.server.impl.RaftServerProxy.submitClientRequestAsync(RaftServerProxy.java:333) ~[ratis-server-0.4.0-78e95b9-SNAPSHOT.jar:0.4.0-78e95b9-SNAPSHOT]
	at org.apache.ratis.grpc.client.GrpcClientProtocolService$RequestStreamObserver.processClientRequest(GrpcClientProtocolService.java:220) ~[ratis-grpc-0.4.0-78e95b9-SNAPSHOT.jar:0.4.0-78e95b9-SNAPSHOT]
	at org.apache.ratis.grpc.client.GrpcClientProtocolService$OrderedRequestStreamObserver.processClientRequest(GrpcClientProtocolService.java:326) ~[ratis-grpc-0.4.0-78e95b9-SNAPSHOT.jar:0.4.0-78e95b9-SNAPSHOT]
	at org.apache.ratis.util.SlidingWindow$Server.processRequestsFromHead(SlidingWindow.java:429) [ratis-common-0.4.0-78e95b9-SNAPSHOT.jar:0.4.0-78e95b9-SNAPSHOT]
	at org.apache.ratis.util.SlidingWindow$Server.receivedRequest(SlidingWindow.java:421) [ratis-common-0.4.0-78e95b9-SNAPSHOT.jar:0.4.0-78e95b9-SNAPSHOT]
	at org.apache.ratis.grpc.client.GrpcClientProtocolService$OrderedRequestStreamObserver.processClientRequest(GrpcClientProtocolService.java:345) [ratis-grpc-0.4.0-78e95b9-SNAPSHOT.jar:0.4.0-78e95b9-SNAPSHOT]
	at org.apache.ratis.grpc.client.GrpcClientProtocolService$RequestStreamObserver.onNext(GrpcClientProtocolService.java:240) [ratis-grpc-0.4.0-78e95b9-SNAPSHOT.jar:0.4.0-78e95b9-SNAPSHOT]
	at org.apache.ratis.grpc.client.GrpcClientProtocolService$RequestStreamObserver.onNext(GrpcClientProtocolService.java:168) [ratis-grpc-0.4.0-78e95b9-SNAPSHOT.jar:0.4.0-78e95b9-SNAPSHOT]
	at org.apache.ratis.thirdparty.io.grpc.stub.ServerCalls$StreamingServerCallHandler$StreamingServerCallListener.onMessage(ServerCalls.java:248) [ratis-thirdparty-misc-0.2.0.jar:0.2.0]
	at org.apache.ratis.thirdparty.io.grpc.internal.ServerCallImpl$ServerStreamListenerImpl.messagesAvailable(ServerCallImpl.java:263) [ratis-thirdparty-misc-0.2.0.jar:0.2.0]
	at org.apache.ratis.thirdparty.io.grpc.internal.ServerImpl$JumpToApplicationThreadServerStreamListener$1MessagesAvailable.runInContext(ServerImpl.java:686) [ratis-thirdparty-misc-0.2.0.jar:0.2.0]
	at org.apache.ratis.thirdparty.io.grpc.internal.ContextRunnable.run(ContextRunnable.java:37) [ratis-thirdparty-misc-0.2.0.jar:0.2.0]
	at org.apache.ratis.thirdparty.io.grpc.internal.SerializingExecutor.run(SerializingExecutor.java:123) [ratis-thirdparty-misc-0.2.0.jar:0.2.0]
	at java.util.concurrent.ThreadPoolExecutor.runWorker(ThreadPoolExecutor.java:1149) [?:1.8.0_212]
	at java.util.concurrent.ThreadPoolExecutor$Worker.run(ThreadPoolExecutor.java:624) [?:1.8.0_212]
	at java.lang.Thread.run(Thread.java:748) [?:1.8.0_212]
2019-09-07 05:35:15,098 [grpc-default-executor-8] INFO  client.GrpcClientProtocolClient (GrpcClientProtocolClient.java:onNext(264)) - client-0DACE787FA71->0f748453-2874-4841-a29b-5437e9fa0943: receive RaftClientReply:client-0DACE787FA71->0f748453-2874-4841-a29b-5437e9fa0943@group-3EFAE3672955, cid=177, FAILED org.apache.ratis.protocol.StateMachineException: org.apache.hadoop.hdds.scm.container.common.helpers.ContainerNotOpenException from Server 0f748453-2874-4841-a29b-5437e9fa0943@group-3EFAE3672955: Container 1 in CLOSING state, logIndex=0, commits[0f748453-2874-4841-a29b-5437e9fa0943:c18, be767bf0-8e4e-4f33-be52-f21b913347fe:c17, 8f6979a4-188f-4e31-92c6-9b96597e406b:c16]
05:35:15.099 [grpc-default-executor-1] ERROR DNAudit - user=null | ip=null | op=WRITE_CHUNK {blockData=conID: 1 locID: 102749601406058509 bcsId: 14} | ret=FAILURE
org.apache.hadoop.hdds.scm.container.common.helpers.ContainerNotOpenException: Container 1 in CLOSING state
	at org.apache.hadoop.ozone.container.common.impl.HddsDispatcher.validateContainerCommand(HddsDispatcher.java:408) ~[hadoop-hdds-container-service-0.5.0-SNAPSHOT.jar:?]
	at org.apache.hadoop.ozone.container.common.transport.server.ratis.ContainerStateMachine.startTransaction(ContainerStateMachine.java:315) ~[hadoop-hdds-container-service-0.5.0-SNAPSHOT.jar:?]
	at org.apache.ratis.server.impl.RaftServerImpl.submitClientRequestAsync(RaftServerImpl.java:573) ~[ratis-server-0.4.0-78e95b9-SNAPSHOT.jar:0.4.0-78e95b9-SNAPSHOT]
	at org.apache.ratis.server.impl.RaftServerProxy.lambda$submitClientRequestAsync$7(RaftServerProxy.java:333) ~[ratis-server-0.4.0-78e95b9-SNAPSHOT.jar:0.4.0-78e95b9-SNAPSHOT]
	at org.apache.ratis.server.impl.RaftServerProxy.lambda$null$5(RaftServerProxy.java:328) ~[ratis-server-0.4.0-78e95b9-SNAPSHOT.jar:0.4.0-78e95b9-SNAPSHOT]
	at org.apache.ratis.util.JavaUtils.callAsUnchecked(JavaUtils.java:109) ~[ratis-common-0.4.0-78e95b9-SNAPSHOT.jar:0.4.0-78e95b9-SNAPSHOT]
	at org.apache.ratis.server.impl.RaftServerProxy.lambda$submitRequest$6(RaftServerProxy.java:328) ~[ratis-server-0.4.0-78e95b9-SNAPSHOT.jar:0.4.0-78e95b9-SNAPSHOT]
	at java.util.concurrent.CompletableFuture.uniComposeStage(CompletableFuture.java:981) ~[?:1.8.0_212]
	at java.util.concurrent.CompletableFuture.thenCompose(CompletableFuture.java:2124) ~[?:1.8.0_212]
	at org.apache.ratis.server.impl.RaftServerProxy.submitRequest(RaftServerProxy.java:327) ~[ratis-server-0.4.0-78e95b9-SNAPSHOT.jar:0.4.0-78e95b9-SNAPSHOT]
	at org.apache.ratis.server.impl.RaftServerProxy.submitClientRequestAsync(RaftServerProxy.java:333) ~[ratis-server-0.4.0-78e95b9-SNAPSHOT.jar:0.4.0-78e95b9-SNAPSHOT]
	at org.apache.ratis.grpc.client.GrpcClientProtocolService$RequestStreamObserver.processClientRequest(GrpcClientProtocolService.java:220) ~[ratis-grpc-0.4.0-78e95b9-SNAPSHOT.jar:0.4.0-78e95b9-SNAPSHOT]
	at org.apache.ratis.grpc.client.GrpcClientProtocolService$OrderedRequestStreamObserver.processClientRequest(GrpcClientProtocolService.java:326) ~[ratis-grpc-0.4.0-78e95b9-SNAPSHOT.jar:0.4.0-78e95b9-SNAPSHOT]
	at org.apache.ratis.util.SlidingWindow$Server.processRequestsFromHead(SlidingWindow.java:429) [ratis-common-0.4.0-78e95b9-SNAPSHOT.jar:0.4.0-78e95b9-SNAPSHOT]
	at org.apache.ratis.util.SlidingWindow$Server.receivedRequest(SlidingWindow.java:421) [ratis-common-0.4.0-78e95b9-SNAPSHOT.jar:0.4.0-78e95b9-SNAPSHOT]
	at org.apache.ratis.grpc.client.GrpcClientProtocolService$OrderedRequestStreamObserver.processClientRequest(GrpcClientProtocolService.java:345) [ratis-grpc-0.4.0-78e95b9-SNAPSHOT.jar:0.4.0-78e95b9-SNAPSHOT]
	at org.apache.ratis.grpc.client.GrpcClientProtocolService$RequestStreamObserver.onNext(GrpcClientProtocolService.java:240) [ratis-grpc-0.4.0-78e95b9-SNAPSHOT.jar:0.4.0-78e95b9-SNAPSHOT]
	at org.apache.ratis.grpc.client.GrpcClientProtocolService$RequestStreamObserver.onNext(GrpcClientProtocolService.java:168) [ratis-grpc-0.4.0-78e95b9-SNAPSHOT.jar:0.4.0-78e95b9-SNAPSHOT]
	at org.apache.ratis.thirdparty.io.grpc.stub.ServerCalls$StreamingServerCallHandler$StreamingServerCallListener.onMessage(ServerCalls.java:248) [ratis-thirdparty-misc-0.2.0.jar:0.2.0]
	at org.apache.ratis.thirdparty.io.grpc.internal.ServerCallImpl$ServerStreamListenerImpl.messagesAvailable(ServerCallImpl.java:263) [ratis-thirdparty-misc-0.2.0.jar:0.2.0]
	at org.apache.ratis.thirdparty.io.grpc.internal.ServerImpl$JumpToApplicationThreadServerStreamListener$1MessagesAvailable.runInContext(ServerImpl.java:686) [ratis-thirdparty-misc-0.2.0.jar:0.2.0]
	at org.apache.ratis.thirdparty.io.grpc.internal.ContextRunnable.run(ContextRunnable.java:37) [ratis-thirdparty-misc-0.2.0.jar:0.2.0]
	at org.apache.ratis.thirdparty.io.grpc.internal.SerializingExecutor.run(SerializingExecutor.java:123) [ratis-thirdparty-misc-0.2.0.jar:0.2.0]
	at java.util.concurrent.ThreadPoolExecutor.runWorker(ThreadPoolExecutor.java:1149) [?:1.8.0_212]
	at java.util.concurrent.ThreadPoolExecutor$Worker.run(ThreadPoolExecutor.java:624) [?:1.8.0_212]
	at java.lang.Thread.run(Thread.java:748) [?:1.8.0_212]
2019-09-07 05:35:15,105 [grpc-default-executor-8] INFO  client.GrpcClientProtocolClient (GrpcClientProtocolClient.java:onNext(264)) - client-0DACE787FA71->0f748453-2874-4841-a29b-5437e9fa0943: receive RaftClientReply:client-0DACE787FA71->0f748453-2874-4841-a29b-5437e9fa0943@group-3EFAE3672955, cid=178, FAILED org.apache.ratis.protocol.StateMachineException: org.apache.hadoop.hdds.scm.container.common.helpers.ContainerNotOpenException from Server 0f748453-2874-4841-a29b-5437e9fa0943@group-3EFAE3672955: Container 1 in CLOSING state, logIndex=0, commits[0f748453-2874-4841-a29b-5437e9fa0943:c18, be767bf0-8e4e-4f33-be52-f21b913347fe:c17, 8f6979a4-188f-4e31-92c6-9b96597e406b:c16]
05:35:15.105 [grpc-default-executor-1] ERROR DNAudit - user=null | ip=null | op=PUT_BLOCK {blockData=[blockId=conID: 1 locID: 102749601406058509 bcsId: 0,size=650]} | ret=FAILURE
org.apache.hadoop.hdds.scm.container.common.helpers.ContainerNotOpenException: Container 1 in CLOSING state
	at org.apache.hadoop.ozone.container.common.impl.HddsDispatcher.validateContainerCommand(HddsDispatcher.java:408) ~[hadoop-hdds-container-service-0.5.0-SNAPSHOT.jar:?]
	at org.apache.hadoop.ozone.container.common.transport.server.ratis.ContainerStateMachine.startTransaction(ContainerStateMachine.java:315) ~[hadoop-hdds-container-service-0.5.0-SNAPSHOT.jar:?]
	at org.apache.ratis.server.impl.RaftServerImpl.submitClientRequestAsync(RaftServerImpl.java:573) ~[ratis-server-0.4.0-78e95b9-SNAPSHOT.jar:0.4.0-78e95b9-SNAPSHOT]
	at org.apache.ratis.server.impl.RaftServerProxy.lambda$submitClientRequestAsync$7(RaftServerProxy.java:333) ~[ratis-server-0.4.0-78e95b9-SNAPSHOT.jar:0.4.0-78e95b9-SNAPSHOT]
	at org.apache.ratis.server.impl.RaftServerProxy.lambda$null$5(RaftServerProxy.java:328) ~[ratis-server-0.4.0-78e95b9-SNAPSHOT.jar:0.4.0-78e95b9-SNAPSHOT]
	at org.apache.ratis.util.JavaUtils.callAsUnchecked(JavaUtils.java:109) ~[ratis-common-0.4.0-78e95b9-SNAPSHOT.jar:0.4.0-78e95b9-SNAPSHOT]
	at org.apache.ratis.server.impl.RaftServerProxy.lambda$submitRequest$6(RaftServerProxy.java:328) ~[ratis-server-0.4.0-78e95b9-SNAPSHOT.jar:0.4.0-78e95b9-SNAPSHOT]
	at java.util.concurrent.CompletableFuture.uniComposeStage(CompletableFuture.java:981) ~[?:1.8.0_212]
	at java.util.concurrent.CompletableFuture.thenCompose(CompletableFuture.java:2124) ~[?:1.8.0_212]
	at org.apache.ratis.server.impl.RaftServerProxy.submitRequest(RaftServerProxy.java:327) ~[ratis-server-0.4.0-78e95b9-SNAPSHOT.jar:0.4.0-78e95b9-SNAPSHOT]
	at org.apache.ratis.server.impl.RaftServerProxy.submitClientRequestAsync(RaftServerProxy.java:333) ~[ratis-server-0.4.0-78e95b9-SNAPSHOT.jar:0.4.0-78e95b9-SNAPSHOT]
	at org.apache.ratis.grpc.client.GrpcClientProtocolService$RequestStreamObserver.processClientRequest(GrpcClientProtocolService.java:220) ~[ratis-grpc-0.4.0-78e95b9-SNAPSHOT.jar:0.4.0-78e95b9-SNAPSHOT]
	at org.apache.ratis.grpc.client.GrpcClientProtocolService$OrderedRequestStreamObserver.processClientRequest(GrpcClientProtocolService.java:326) ~[ratis-grpc-0.4.0-78e95b9-SNAPSHOT.jar:0.4.0-78e95b9-SNAPSHOT]
	at org.apache.ratis.util.SlidingWindow$Server.processRequestsFromHead(SlidingWindow.java:429) [ratis-common-0.4.0-78e95b9-SNAPSHOT.jar:0.4.0-78e95b9-SNAPSHOT]
	at org.apache.ratis.util.SlidingWindow$Server.receivedRequest(SlidingWindow.java:421) [ratis-common-0.4.0-78e95b9-SNAPSHOT.jar:0.4.0-78e95b9-SNAPSHOT]
	at org.apache.ratis.grpc.client.GrpcClientProtocolService$OrderedRequestStreamObserver.processClientRequest(GrpcClientProtocolService.java:345) [ratis-grpc-0.4.0-78e95b9-SNAPSHOT.jar:0.4.0-78e95b9-SNAPSHOT]
	at org.apache.ratis.grpc.client.GrpcClientProtocolService$RequestStreamObserver.onNext(GrpcClientProtocolService.java:240) [ratis-grpc-0.4.0-78e95b9-SNAPSHOT.jar:0.4.0-78e95b9-SNAPSHOT]
	at org.apache.ratis.grpc.client.GrpcClientProtocolService$RequestStreamObserver.onNext(GrpcClientProtocolService.java:168) [ratis-grpc-0.4.0-78e95b9-SNAPSHOT.jar:0.4.0-78e95b9-SNAPSHOT]
	at org.apache.ratis.thirdparty.io.grpc.stub.ServerCalls$StreamingServerCallHandler$StreamingServerCallListener.onMessage(ServerCalls.java:248) [ratis-thirdparty-misc-0.2.0.jar:0.2.0]
	at org.apache.ratis.thirdparty.io.grpc.internal.ServerCallImpl$ServerStreamListenerImpl.messagesAvailable(ServerCallImpl.java:263) [ratis-thirdparty-misc-0.2.0.jar:0.2.0]
	at org.apache.ratis.thirdparty.io.grpc.internal.ServerImpl$JumpToApplicationThreadServerStreamListener$1MessagesAvailable.runInContext(ServerImpl.java:686) [ratis-thirdparty-misc-0.2.0.jar:0.2.0]
	at org.apache.ratis.thirdparty.io.grpc.internal.ContextRunnable.run(ContextRunnable.java:37) [ratis-thirdparty-misc-0.2.0.jar:0.2.0]
	at org.apache.ratis.thirdparty.io.grpc.internal.SerializingExecutor.run(SerializingExecutor.java:123) [ratis-thirdparty-misc-0.2.0.jar:0.2.0]
	at java.util.concurrent.ThreadPoolExecutor.runWorker(ThreadPoolExecutor.java:1149) [?:1.8.0_212]
	at java.util.concurrent.ThreadPoolExecutor$Worker.run(ThreadPoolExecutor.java:624) [?:1.8.0_212]
	at java.lang.Thread.run(Thread.java:748) [?:1.8.0_212]
05:35:15.112 [grpc-default-executor-1] ERROR DNAudit - user=null | ip=null | op=WRITE_CHUNK {blockData=conID: 1 locID: 102749601406058509 bcsId: 14} | ret=FAILURE
org.apache.hadoop.hdds.scm.container.common.helpers.ContainerNotOpenException: Container 1 in CLOSING state
	at org.apache.hadoop.ozone.container.common.impl.HddsDispatcher.validateContainerCommand(HddsDispatcher.java:408) ~[hadoop-hdds-container-service-0.5.0-SNAPSHOT.jar:?]
	at org.apache.hadoop.ozone.container.common.transport.server.ratis.ContainerStateMachine.startTransaction(ContainerStateMachine.java:315) ~[hadoop-hdds-container-service-0.5.0-SNAPSHOT.jar:?]
	at org.apache.ratis.server.impl.RaftServerImpl.submitClientRequestAsync(RaftServerImpl.java:573) ~[ratis-server-0.4.0-78e95b9-SNAPSHOT.jar:0.4.0-78e95b9-SNAPSHOT]
	at org.apache.ratis.server.impl.RaftServerProxy.lambda$submitClientRequestAsync$7(RaftServerProxy.java:333) ~[ratis-server-0.4.0-78e95b9-SNAPSHOT.jar:0.4.0-78e95b9-SNAPSHOT]
	at org.apache.ratis.server.impl.RaftServerProxy.lambda$null$5(RaftServerProxy.java:328) ~[ratis-server-0.4.0-78e95b9-SNAPSHOT.jar:0.4.0-78e95b9-SNAPSHOT]
	at org.apache.ratis.util.JavaUtils.callAsUnchecked(JavaUtils.java:109) ~[ratis-common-0.4.0-78e95b9-SNAPSHOT.jar:0.4.0-78e95b9-SNAPSHOT]
	at org.apache.ratis.server.impl.RaftServerProxy.lambda$submitRequest$6(RaftServerProxy.java:328) ~[ratis-server-0.4.0-78e95b9-SNAPSHOT.jar:0.4.0-78e95b9-SNAPSHOT]
	at java.util.concurrent.CompletableFuture.uniComposeStage(CompletableFuture.java:981) ~[?:1.8.0_212]
	at java.util.concurrent.CompletableFuture.thenCompose(CompletableFuture.java:2124) ~[?:1.8.0_212]
	at org.apache.ratis.server.impl.RaftServerProxy.submitRequest(RaftServerProxy.java:327) ~[ratis-server-0.4.0-78e95b9-SNAPSHOT.jar:0.4.0-78e95b9-SNAPSHOT]
	at org.apache.ratis.server.impl.RaftServerProxy.submitClientRequestAsync(RaftServerProxy.java:333) ~[ratis-server-0.4.0-78e95b9-SNAPSHOT.jar:0.4.0-78e95b9-SNAPSHOT]
	at org.apache.ratis.grpc.client.GrpcClientProtocolService$RequestStreamObserver.processClientRequest(GrpcClientProtocolService.java:220) ~[ratis-grpc-0.4.0-78e95b9-SNAPSHOT.jar:0.4.0-78e95b9-SNAPSHOT]
	at org.apache.ratis.grpc.client.GrpcClientProtocolService$OrderedRequestStreamObserver.processClientRequest(GrpcClientProtocolService.java:326) ~[ratis-grpc-0.4.0-78e95b9-SNAPSHOT.jar:0.4.0-78e95b9-SNAPSHOT]
	at org.apache.ratis.util.SlidingWindow$Server.processRequestsFromHead(SlidingWindow.java:429) [ratis-common-0.4.0-78e95b9-SNAPSHOT.jar:0.4.0-78e95b9-SNAPSHOT]
	at org.apache.ratis.util.SlidingWindow$Server.receivedRequest(SlidingWindow.java:421) [ratis-common-0.4.0-78e95b9-SNAPSHOT.jar:0.4.0-78e95b9-SNAPSHOT]
	at org.apache.ratis.grpc.client.GrpcClientProtocolService$OrderedRequestStreamObserver.processClientRequest(GrpcClientProtocolService.java:345) [ratis-grpc-0.4.0-78e95b9-SNAPSHOT.jar:0.4.0-78e95b9-SNAPSHOT]
	at org.apache.ratis.grpc.client.GrpcClientProtocolService$RequestStreamObserver.onNext(GrpcClientProtocolService.java:240) [ratis-grpc-0.4.0-78e95b9-SNAPSHOT.jar:0.4.0-78e95b9-SNAPSHOT]
	at org.apache.ratis.grpc.client.GrpcClientProtocolService$RequestStreamObserver.onNext(GrpcClientProtocolService.java:168) [ratis-grpc-0.4.0-78e95b9-SNAPSHOT.jar:0.4.0-78e95b9-SNAPSHOT]
	at org.apache.ratis.thirdparty.io.grpc.stub.ServerCalls$StreamingServerCallHandler$StreamingServerCallListener.onMessage(ServerCalls.java:248) [ratis-thirdparty-misc-0.2.0.jar:0.2.0]
	at org.apache.ratis.thirdparty.io.grpc.internal.ServerCallImpl$ServerStreamListenerImpl.messagesAvailable(ServerCallImpl.java:263) [ratis-thirdparty-misc-0.2.0.jar:0.2.0]
	at org.apache.ratis.thirdparty.io.grpc.internal.ServerImpl$JumpToApplicationThreadServerStreamListener$1MessagesAvailable.runInContext(ServerImpl.java:686) [ratis-thirdparty-misc-0.2.0.jar:0.2.0]
	at org.apache.ratis.thirdparty.io.grpc.internal.ContextRunnable.run(ContextRunnable.java:37) [ratis-thirdparty-misc-0.2.0.jar:0.2.0]
	at org.apache.ratis.thirdparty.io.grpc.internal.SerializingExecutor.run(SerializingExecutor.java:123) [ratis-thirdparty-misc-0.2.0.jar:0.2.0]
	at java.util.concurrent.ThreadPoolExecutor.runWorker(ThreadPoolExecutor.java:1149) [?:1.8.0_212]
	at java.util.concurrent.ThreadPoolExecutor$Worker.run(ThreadPoolExecutor.java:624) [?:1.8.0_212]
	at java.lang.Thread.run(Thread.java:748) [?:1.8.0_212]
2019-09-07 05:35:15,113 [grpc-default-executor-8] INFO  client.GrpcClientProtocolClient (GrpcClientProtocolClient.java:onNext(264)) - client-0DACE787FA71->0f748453-2874-4841-a29b-5437e9fa0943: receive RaftClientReply:client-0DACE787FA71->0f748453-2874-4841-a29b-5437e9fa0943@group-3EFAE3672955, cid=179, FAILED org.apache.ratis.protocol.StateMachineException: org.apache.hadoop.hdds.scm.container.common.helpers.ContainerNotOpenException from Server 0f748453-2874-4841-a29b-5437e9fa0943@group-3EFAE3672955: Container 1 in CLOSING state, logIndex=0, commits[0f748453-2874-4841-a29b-5437e9fa0943:c18, be767bf0-8e4e-4f33-be52-f21b913347fe:c17, 8f6979a4-188f-4e31-92c6-9b96597e406b:c16]
05:35:15.118 [grpc-default-executor-1] ERROR DNAudit - user=null | ip=null | op=WRITE_CHUNK {blockData=conID: 1 locID: 102749601406058509 bcsId: 14} | ret=FAILURE
org.apache.hadoop.hdds.scm.container.common.helpers.ContainerNotOpenException: Container 1 in CLOSING state
	at org.apache.hadoop.ozone.container.common.impl.HddsDispatcher.validateContainerCommand(HddsDispatcher.java:408) ~[hadoop-hdds-container-service-0.5.0-SNAPSHOT.jar:?]
	at org.apache.hadoop.ozone.container.common.transport.server.ratis.ContainerStateMachine.startTransaction(ContainerStateMachine.java:315) ~[hadoop-hdds-container-service-0.5.0-SNAPSHOT.jar:?]
	at org.apache.ratis.server.impl.RaftServerImpl.submitClientRequestAsync(RaftServerImpl.java:573) ~[ratis-server-0.4.0-78e95b9-SNAPSHOT.jar:0.4.0-78e95b9-SNAPSHOT]
	at org.apache.ratis.server.impl.RaftServerProxy.lambda$submitClientRequestAsync$7(RaftServerProxy.java:333) ~[ratis-server-0.4.0-78e95b9-SNAPSHOT.jar:0.4.0-78e95b9-SNAPSHOT]
	at org.apache.ratis.server.impl.RaftServerProxy.lambda$null$5(RaftServerProxy.java:328) ~[ratis-server-0.4.0-78e95b9-SNAPSHOT.jar:0.4.0-78e95b9-SNAPSHOT]
	at org.apache.ratis.util.JavaUtils.callAsUnchecked(JavaUtils.java:109) ~[ratis-common-0.4.0-78e95b9-SNAPSHOT.jar:0.4.0-78e95b9-SNAPSHOT]
	at org.apache.ratis.server.impl.RaftServerProxy.lambda$submitRequest$6(RaftServerProxy.java:328) ~[ratis-server-0.4.0-78e95b9-SNAPSHOT.jar:0.4.0-78e95b9-SNAPSHOT]
	at java.util.concurrent.CompletableFuture.uniComposeStage(CompletableFuture.java:981) ~[?:1.8.0_212]
	at java.util.concurrent.CompletableFuture.thenCompose(CompletableFuture.java:2124) ~[?:1.8.0_212]
	at org.apache.ratis.server.impl.RaftServerProxy.submitRequest(RaftServerProxy.java:327) ~[ratis-server-0.4.0-78e95b9-SNAPSHOT.jar:0.4.0-78e95b9-SNAPSHOT]
	at org.apache.ratis.server.impl.RaftServerProxy.submitClientRequestAsync(RaftServerProxy.java:333) ~[ratis-server-0.4.0-78e95b9-SNAPSHOT.jar:0.4.0-78e95b9-SNAPSHOT]
	at org.apache.ratis.grpc.client.GrpcClientProtocolService$RequestStreamObserver.processClientRequest(GrpcClientProtocolService.java:220) ~[ratis-grpc-0.4.0-78e95b9-SNAPSHOT.jar:0.4.0-78e95b9-SNAPSHOT]
	at org.apache.ratis.grpc.client.GrpcClientProtocolService$OrderedRequestStreamObserver.processClientRequest(GrpcClientProtocolService.java:326) ~[ratis-grpc-0.4.0-78e95b9-SNAPSHOT.jar:0.4.0-78e95b9-SNAPSHOT]
	at org.apache.ratis.util.SlidingWindow$Server.processRequestsFromHead(SlidingWindow.java:429) [ratis-common-0.4.0-78e95b9-SNAPSHOT.jar:0.4.0-78e95b9-SNAPSHOT]
	at org.apache.ratis.util.SlidingWindow$Server.receivedRequest(SlidingWindow.java:421) [ratis-common-0.4.0-78e95b9-SNAPSHOT.jar:0.4.0-78e95b9-SNAPSHOT]
	at org.apache.ratis.grpc.client.GrpcClientProtocolService$OrderedRequestStreamObserver.processClientRequest(GrpcClientProtocolService.java:345) [ratis-grpc-0.4.0-78e95b9-SNAPSHOT.jar:0.4.0-78e95b9-SNAPSHOT]
	at org.apache.ratis.grpc.client.GrpcClientProtocolService$RequestStreamObserver.onNext(GrpcClientProtocolService.java:240) [ratis-grpc-0.4.0-78e95b9-SNAPSHOT.jar:0.4.0-78e95b9-SNAPSHOT]
	at org.apache.ratis.grpc.client.GrpcClientProtocolService$RequestStreamObserver.onNext(GrpcClientProtocolService.java:168) [ratis-grpc-0.4.0-78e95b9-SNAPSHOT.jar:0.4.0-78e95b9-SNAPSHOT]
	at org.apache.ratis.thirdparty.io.grpc.stub.ServerCalls$StreamingServerCallHandler$StreamingServerCallListener.onMessage(ServerCalls.java:248) [ratis-thirdparty-misc-0.2.0.jar:0.2.0]
	at org.apache.ratis.thirdparty.io.grpc.internal.ServerCallImpl$ServerStreamListenerImpl.messagesAvailable(ServerCallImpl.java:263) [ratis-thirdparty-misc-0.2.0.jar:0.2.0]
	at org.apache.ratis.thirdparty.io.grpc.internal.ServerImpl$JumpToApplicationThreadServerStreamListener$1MessagesAvailable.runInContext(ServerImpl.java:686) [ratis-thirdparty-misc-0.2.0.jar:0.2.0]
	at org.apache.ratis.thirdparty.io.grpc.internal.ContextRunnable.run(ContextRunnable.java:37) [ratis-thirdparty-misc-0.2.0.jar:0.2.0]
	at org.apache.ratis.thirdparty.io.grpc.internal.SerializingExecutor.run(SerializingExecutor.java:123) [ratis-thirdparty-misc-0.2.0.jar:0.2.0]
	at java.util.concurrent.ThreadPoolExecutor.runWorker(ThreadPoolExecutor.java:1149) [?:1.8.0_212]
	at java.util.concurrent.ThreadPoolExecutor$Worker.run(ThreadPoolExecutor.java:624) [?:1.8.0_212]
	at java.lang.Thread.run(Thread.java:748) [?:1.8.0_212]
2019-09-07 05:35:15,123 [grpc-default-executor-8] INFO  client.GrpcClientProtocolClient (GrpcClientProtocolClient.java:onNext(264)) - client-0DACE787FA71->0f748453-2874-4841-a29b-5437e9fa0943: receive RaftClientReply:client-0DACE787FA71->0f748453-2874-4841-a29b-5437e9fa0943@group-3EFAE3672955, cid=180, FAILED org.apache.ratis.protocol.StateMachineException: org.apache.hadoop.hdds.scm.container.common.helpers.ContainerNotOpenException from Server 0f748453-2874-4841-a29b-5437e9fa0943@group-3EFAE3672955: Container 1 in CLOSING state, logIndex=0, commits[0f748453-2874-4841-a29b-5437e9fa0943:c18, be767bf0-8e4e-4f33-be52-f21b913347fe:c17, 8f6979a4-188f-4e31-92c6-9b96597e406b:c16]
05:35:15.123 [grpc-default-executor-1] ERROR DNAudit - user=null | ip=null | op=PUT_BLOCK {blockData=[blockId=conID: 1 locID: 102749601406058509 bcsId: 0,size=800]} | ret=FAILURE
org.apache.hadoop.hdds.scm.container.common.helpers.ContainerNotOpenException: Container 1 in CLOSING state
	at org.apache.hadoop.ozone.container.common.impl.HddsDispatcher.validateContainerCommand(HddsDispatcher.java:408) ~[hadoop-hdds-container-service-0.5.0-SNAPSHOT.jar:?]
	at org.apache.hadoop.ozone.container.common.transport.server.ratis.ContainerStateMachine.startTransaction(ContainerStateMachine.java:315) ~[hadoop-hdds-container-service-0.5.0-SNAPSHOT.jar:?]
	at org.apache.ratis.server.impl.RaftServerImpl.submitClientRequestAsync(RaftServerImpl.java:573) ~[ratis-server-0.4.0-78e95b9-SNAPSHOT.jar:0.4.0-78e95b9-SNAPSHOT]
	at org.apache.ratis.server.impl.RaftServerProxy.lambda$submitClientRequestAsync$7(RaftServerProxy.java:333) ~[ratis-server-0.4.0-78e95b9-SNAPSHOT.jar:0.4.0-78e95b9-SNAPSHOT]
	at org.apache.ratis.server.impl.RaftServerProxy.lambda$null$5(RaftServerProxy.java:328) ~[ratis-server-0.4.0-78e95b9-SNAPSHOT.jar:0.4.0-78e95b9-SNAPSHOT]
	at org.apache.ratis.util.JavaUtils.callAsUnchecked(JavaUtils.java:109) ~[ratis-common-0.4.0-78e95b9-SNAPSHOT.jar:0.4.0-78e95b9-SNAPSHOT]
	at org.apache.ratis.server.impl.RaftServerProxy.lambda$submitRequest$6(RaftServerProxy.java:328) ~[ratis-server-0.4.0-78e95b9-SNAPSHOT.jar:0.4.0-78e95b9-SNAPSHOT]
	at java.util.concurrent.CompletableFuture.uniComposeStage(CompletableFuture.java:981) ~[?:1.8.0_212]
	at java.util.concurrent.CompletableFuture.thenCompose(CompletableFuture.java:2124) ~[?:1.8.0_212]
	at org.apache.ratis.server.impl.RaftServerProxy.submitRequest(RaftServerProxy.java:327) ~[ratis-server-0.4.0-78e95b9-SNAPSHOT.jar:0.4.0-78e95b9-SNAPSHOT]
	at org.apache.ratis.server.impl.RaftServerProxy.submitClientRequestAsync(RaftServerProxy.java:333) ~[ratis-server-0.4.0-78e95b9-SNAPSHOT.jar:0.4.0-78e95b9-SNAPSHOT]
	at org.apache.ratis.grpc.client.GrpcClientProtocolService$RequestStreamObserver.processClientRequest(GrpcClientProtocolService.java:220) ~[ratis-grpc-0.4.0-78e95b9-SNAPSHOT.jar:0.4.0-78e95b9-SNAPSHOT]
	at org.apache.ratis.grpc.client.GrpcClientProtocolService$OrderedRequestStreamObserver.processClientRequest(GrpcClientProtocolService.java:326) ~[ratis-grpc-0.4.0-78e95b9-SNAPSHOT.jar:0.4.0-78e95b9-SNAPSHOT]
	at org.apache.ratis.util.SlidingWindow$Server.processRequestsFromHead(SlidingWindow.java:429) [ratis-common-0.4.0-78e95b9-SNAPSHOT.jar:0.4.0-78e95b9-SNAPSHOT]
	at org.apache.ratis.util.SlidingWindow$Server.receivedRequest(SlidingWindow.java:421) [ratis-common-0.4.0-78e95b9-SNAPSHOT.jar:0.4.0-78e95b9-SNAPSHOT]
	at org.apache.ratis.grpc.client.GrpcClientProtocolService$OrderedRequestStreamObserver.processClientRequest(GrpcClientProtocolService.java:345) [ratis-grpc-0.4.0-78e95b9-SNAPSHOT.jar:0.4.0-78e95b9-SNAPSHOT]
	at org.apache.ratis.grpc.client.GrpcClientProtocolService$RequestStreamObserver.onNext(GrpcClientProtocolService.java:240) [ratis-grpc-0.4.0-78e95b9-SNAPSHOT.jar:0.4.0-78e95b9-SNAPSHOT]
	at org.apache.ratis.grpc.client.GrpcClientProtocolService$RequestStreamObserver.onNext(GrpcClientProtocolService.java:168) [ratis-grpc-0.4.0-78e95b9-SNAPSHOT.jar:0.4.0-78e95b9-SNAPSHOT]
	at org.apache.ratis.thirdparty.io.grpc.stub.ServerCalls$StreamingServerCallHandler$StreamingServerCallListener.onMessage(ServerCalls.java:248) [ratis-thirdparty-misc-0.2.0.jar:0.2.0]
	at org.apache.ratis.thirdparty.io.grpc.internal.ServerCallImpl$ServerStreamListenerImpl.messagesAvailable(ServerCallImpl.java:263) [ratis-thirdparty-misc-0.2.0.jar:0.2.0]
	at org.apache.ratis.thirdparty.io.grpc.internal.ServerImpl$JumpToApplicationThreadServerStreamListener$1MessagesAvailable.runInContext(ServerImpl.java:686) [ratis-thirdparty-misc-0.2.0.jar:0.2.0]
	at org.apache.ratis.thirdparty.io.grpc.internal.ContextRunnable.run(ContextRunnable.java:37) [ratis-thirdparty-misc-0.2.0.jar:0.2.0]
	at org.apache.ratis.thirdparty.io.grpc.internal.SerializingExecutor.run(SerializingExecutor.java:123) [ratis-thirdparty-misc-0.2.0.jar:0.2.0]
	at java.util.concurrent.ThreadPoolExecutor.runWorker(ThreadPoolExecutor.java:1149) [?:1.8.0_212]
	at java.util.concurrent.ThreadPoolExecutor$Worker.run(ThreadPoolExecutor.java:624) [?:1.8.0_212]
	at java.lang.Thread.run(Thread.java:748) [?:1.8.0_212]
2019-09-07 05:35:15,124 [grpc-default-executor-8] INFO  client.GrpcClientProtocolClient (GrpcClientProtocolClient.java:onNext(264)) - client-0DACE787FA71->0f748453-2874-4841-a29b-5437e9fa0943: receive RaftClientReply:client-0DACE787FA71->0f748453-2874-4841-a29b-5437e9fa0943@group-3EFAE3672955, cid=181, FAILED org.apache.ratis.protocol.StateMachineException: org.apache.hadoop.hdds.scm.container.common.helpers.ContainerNotOpenException from Server 0f748453-2874-4841-a29b-5437e9fa0943@group-3EFAE3672955: Container 1 in CLOSING state, logIndex=0, commits[0f748453-2874-4841-a29b-5437e9fa0943:c18, be767bf0-8e4e-4f33-be52-f21b913347fe:c17, 8f6979a4-188f-4e31-92c6-9b96597e406b:c16]
2019-09-07 05:35:15,141 [grpc-default-executor-8] INFO  client.GrpcClientProtocolClient (GrpcClientProtocolClient.java:onNext(264)) - client-0DACE787FA71->0f748453-2874-4841-a29b-5437e9fa0943: receive RaftClientReply:client-0DACE787FA71->0f748453-2874-4841-a29b-5437e9fa0943@group-3EFAE3672955, cid=182, FAILED org.apache.ratis.protocol.StateMachineException: org.apache.hadoop.hdds.scm.container.common.helpers.ContainerNotOpenException from Server 0f748453-2874-4841-a29b-5437e9fa0943@group-3EFAE3672955: Container 1 in CLOSING state, logIndex=0, commits[0f748453-2874-4841-a29b-5437e9fa0943:c18, be767bf0-8e4e-4f33-be52-f21b913347fe:c17, 8f6979a4-188f-4e31-92c6-9b96597e406b:c16]
2019-09-07 05:35:15,189 [grpc-default-executor-1] INFO  client.GrpcClientProtocolClient (GrpcClientProtocolClient.java:onNext(264)) - client-43F74FD84BA6->64ec29ee-6c98-4696-9a13-c832ae556bb8: receive RaftClientReply:client-43F74FD84BA6->64ec29ee-6c98-4696-9a13-c832ae556bb8@group-96F2C83CF50E, cid=183, FAILED org.apache.ratis.protocol.NotLeaderException: Server 64ec29ee-6c98-4696-9a13-c832ae556bb8@group-96F2C83CF50E is not the leader 8f9d7271-76b5-412e-ae81-7e5df761feda:192.168.36.105:46771, logIndex=0, commits[64ec29ee-6c98-4696-9a13-c832ae556bb8:c0, 8f9d7271-76b5-412e-ae81-7e5df761feda:c0, fcded245-4458-4147-a571-2c36d3556ae0:c0]
2019-09-07 05:35:15,328 [grpc-default-executor-1] INFO  client.GrpcClientProtocolClient (GrpcClientProtocolClient.java:onNext(264)) - client-43F74FD84BA6->8f9d7271-76b5-412e-ae81-7e5df761feda: receive RaftClientReply:client-43F74FD84BA6->8f9d7271-76b5-412e-ae81-7e5df761feda@group-96F2C83CF50E, cid=183, SUCCESS, logIndex=1, commits[8f9d7271-76b5-412e-ae81-7e5df761feda:c1, fcded245-4458-4147-a571-2c36d3556ae0:c0, 64ec29ee-6c98-4696-9a13-c832ae556bb8:c0]
2019-09-07 05:35:15,345 [grpc-default-executor-8] INFO  client.GrpcClientProtocolClient (GrpcClientProtocolClient.java:onNext(264)) - client-43F74FD84BA6->8f9d7271-76b5-412e-ae81-7e5df761feda: receive RaftClientReply:client-43F74FD84BA6->8f9d7271-76b5-412e-ae81-7e5df761feda@group-96F2C83CF50E, cid=184, SUCCESS, logIndex=3, commits[8f9d7271-76b5-412e-ae81-7e5df761feda:c6, fcded245-4458-4147-a571-2c36d3556ae0:c2, 64ec29ee-6c98-4696-9a13-c832ae556bb8:c2]
2019-09-07 05:35:15,390 [grpc-default-executor-11] INFO  client.GrpcClientProtocolClient (GrpcClientProtocolClient.java:onNext(264)) - client-43F74FD84BA6->8f9d7271-76b5-412e-ae81-7e5df761feda: receive RaftClientReply:client-43F74FD84BA6->8f9d7271-76b5-412e-ae81-7e5df761feda@group-96F2C83CF50E, cid=185, SUCCESS, logIndex=4, commits[8f9d7271-76b5-412e-ae81-7e5df761feda:c12, fcded245-4458-4147-a571-2c36d3556ae0:c7, 64ec29ee-6c98-4696-9a13-c832ae556bb8:c7]
2019-09-07 05:35:15,390 [grpc-default-executor-11] INFO  client.GrpcClientProtocolClient (GrpcClientProtocolClient.java:onNext(264)) - client-43F74FD84BA6->8f9d7271-76b5-412e-ae81-7e5df761feda: receive RaftClientReply:client-43F74FD84BA6->8f9d7271-76b5-412e-ae81-7e5df761feda@group-96F2C83CF50E, cid=186, SUCCESS, logIndex=5, commits[8f9d7271-76b5-412e-ae81-7e5df761feda:c12, fcded245-4458-4147-a571-2c36d3556ae0:c7, 64ec29ee-6c98-4696-9a13-c832ae556bb8:c7]
2019-09-07 05:35:15,392 [grpc-default-executor-11] INFO  client.GrpcClientProtocolClient (GrpcClientProtocolClient.java:onNext(264)) - client-43F74FD84BA6->8f9d7271-76b5-412e-ae81-7e5df761feda: receive RaftClientReply:client-43F74FD84BA6->8f9d7271-76b5-412e-ae81-7e5df761feda@group-96F2C83CF50E, cid=187, SUCCESS, logIndex=6, commits[8f9d7271-76b5-412e-ae81-7e5df761feda:c12, fcded245-4458-4147-a571-2c36d3556ae0:c7, 64ec29ee-6c98-4696-9a13-c832ae556bb8:c7]
2019-09-07 05:35:15,472 [grpc-default-executor-11] INFO  client.GrpcClientProtocolClient (GrpcClientProtocolClient.java:onNext(264)) - client-43F74FD84BA6->8f9d7271-76b5-412e-ae81-7e5df761feda: receive RaftClientReply:client-43F74FD84BA6->8f9d7271-76b5-412e-ae81-7e5df761feda@group-96F2C83CF50E, cid=188, SUCCESS, logIndex=7, commits[8f9d7271-76b5-412e-ae81-7e5df761feda:c12, fcded245-4458-4147-a571-2c36d3556ae0:c7, 64ec29ee-6c98-4696-9a13-c832ae556bb8:c7]
2019-09-07 05:35:15,492 [grpc-default-executor-11] INFO  client.GrpcClientProtocolClient (GrpcClientProtocolClient.java:onNext(264)) - client-43F74FD84BA6->8f9d7271-76b5-412e-ae81-7e5df761feda: receive RaftClientReply:client-43F74FD84BA6->8f9d7271-76b5-412e-ae81-7e5df761feda@group-96F2C83CF50E, cid=189, SUCCESS, logIndex=13, commits[8f9d7271-76b5-412e-ae81-7e5df761feda:c14, fcded245-4458-4147-a571-2c36d3556ae0:c12, 64ec29ee-6c98-4696-9a13-c832ae556bb8:c12]
2019-09-07 05:35:15,493 [grpc-default-executor-11] INFO  client.GrpcClientProtocolClient (GrpcClientProtocolClient.java:onNext(264)) - client-43F74FD84BA6->8f9d7271-76b5-412e-ae81-7e5df761feda: receive RaftClientReply:client-43F74FD84BA6->8f9d7271-76b5-412e-ae81-7e5df761feda@group-96F2C83CF50E, cid=190, SUCCESS, logIndex=14, commits[8f9d7271-76b5-412e-ae81-7e5df761feda:c14, fcded245-4458-4147-a571-2c36d3556ae0:c12, 64ec29ee-6c98-4696-9a13-c832ae556bb8:c12]
2019-09-07 05:35:15,498 [grpc-default-executor-11] INFO  client.GrpcClientProtocolClient (GrpcClientProtocolClient.java:onNext(264)) - client-43F74FD84BA6->8f9d7271-76b5-412e-ae81-7e5df761feda: receive RaftClientReply:client-43F74FD84BA6->8f9d7271-76b5-412e-ae81-7e5df761feda@group-96F2C83CF50E, cid=191, SUCCESS, logIndex=0, commits[8f9d7271-76b5-412e-ae81-7e5df761feda:c16, fcded245-4458-4147-a571-2c36d3556ae0:c14, 64ec29ee-6c98-4696-9a13-c832ae556bb8:c14]
2019-09-07 05:35:15,499 [main] INFO  ozone.MiniOzoneClusterImpl (MiniOzoneClusterImpl.java:shutdown(307)) - Shutting down the Mini Ozone Cluster
2019-09-07 05:35:15,500 [main] INFO  ozone.MiniOzoneClusterImpl (MiniOzoneClusterImpl.java:stop(322)) - Stopping the Mini Ozone Cluster
2019-09-07 05:35:15,500 [main] INFO  ozone.MiniOzoneClusterImpl (MiniOzoneClusterImpl.java:stop(324)) - Stopping the OzoneManager
2019-09-07 05:35:15,500 [main] INFO  ipc.Server (Server.java:stop(3082)) - Stopping server on 42979
2019-09-07 05:35:15,512 [IPC Server listener on 42979] INFO  ipc.Server (Server.java:run(1185)) - Stopping IPC Server listener on 42979
2019-09-07 05:35:15,513 [main] INFO  ratis.OzoneManagerDoubleBuffer (OzoneManagerDoubleBuffer.java:stop(248)) - Stopping OMDoubleBuffer flush thread
2019-09-07 05:35:15,514 [IPC Server Responder] INFO  ipc.Server (Server.java:run(1319)) - Stopping IPC Server Responder
2019-09-07 05:35:15,524 [OMDoubleBufferFlushThread] INFO  ratis.OzoneManagerDoubleBuffer (OzoneManagerDoubleBuffer.java:flushTransactions(191)) - OMDoubleBuffer flush thread OMDoubleBufferFlushThread is interrupted and will exit. OMDoubleBufferFlushThread
2019-09-07 05:35:15,538 [main] INFO  utils.BackgroundService (BackgroundService.java:shutdown(148)) - Shutting down service KeyDeletingService
2019-09-07 05:35:15,540 [main] INFO  handler.ContextHandler (ContextHandler.java:doStop(910)) - Stopped o.e.j.w.WebAppContext@512abf25{/,null,UNAVAILABLE}{/ozoneManager}
2019-09-07 05:35:15,541 [main] INFO  server.AbstractConnector (AbstractConnector.java:doStop(318)) - Stopped ServerConnector@515ab3f2{HTTP/1.1,[http/1.1]}{0.0.0.0:0}
2019-09-07 05:35:15,541 [main] INFO  handler.ContextHandler (ContextHandler.java:doStop(910)) - Stopped o.e.j.s.ServletContextHandler@6ddd1c51{/static,file:///workdir/hadoop-ozone/integration-test/target/test-classes/webapps/static,UNAVAILABLE}
2019-09-07 05:35:15,541 [main] INFO  handler.ContextHandler (ContextHandler.java:doStop(910)) - Stopped o.e.j.s.ServletContextHandler@492521c4{/logs,file:///workdir/hadoop-ozone/integration-test/target/log,UNAVAILABLE}
2019-09-07 05:35:15,543 [main] INFO  ozone.MiniOzoneClusterImpl (MiniOzoneClusterImpl.java:stop(330)) - Shutting the HddsDatanodes
2019-09-07 05:35:16,372 [Datanode State Machine Thread - 0] INFO  statemachine.DatanodeStateMachine (DatanodeStateMachine.java:lambda$startDaemon$0(350)) - Ozone container server started.
2019-09-07 05:35:16,374 [Datanode State Machine Thread - 0] INFO  statemachine.DatanodeStateMachine (DatanodeStateMachine.java:lambda$startDaemon$0(350)) - Ozone container server started.
2019-09-07 05:35:16,869 [grpc-default-executor-8] WARN  server.GrpcLogAppender (LogUtils.java:warn(134)) - 0f748453-2874-4841-a29b-5437e9fa0943@group-3EFAE3672955->8f6979a4-188f-4e31-92c6-9b96597e406b-AppendLogResponseHandler: Failed appendEntries: org.apache.ratis.thirdparty.io.grpc.StatusRuntimeException: UNAVAILABLE: io exception
2019-09-07 05:35:16,869 [grpc-default-executor-8] INFO  impl.FollowerInfo (FollowerInfo.java:lambda$new$0(51)) - 0f748453-2874-4841-a29b-5437e9fa0943@group-3EFAE3672955->8f6979a4-188f-4e31-92c6-9b96597e406b: nextIndex: updateUnconditionally 1 -> 0
2019-09-07 05:35:19,373 [grpc-default-executor-1] WARN  server.GrpcLogAppender (LogUtils.java:warn(134)) - 0f748453-2874-4841-a29b-5437e9fa0943@group-3EFAE3672955->8f6979a4-188f-4e31-92c6-9b96597e406b-AppendLogResponseHandler: Failed appendEntries: org.apache.ratis.thirdparty.io.grpc.StatusRuntimeException: UNAVAILABLE: io exception
2019-09-07 05:35:19,374 [grpc-default-executor-1] INFO  impl.FollowerInfo (FollowerInfo.java:lambda$new$0(51)) - 0f748453-2874-4841-a29b-5437e9fa0943@group-3EFAE3672955->8f6979a4-188f-4e31-92c6-9b96597e406b: nextIndex: updateUnconditionally 0 -> 0
2019-09-07 05:35:20,388 [EventQueue-StaleNodeForStaleNodeHandler] INFO  node.StaleNodeHandler (StaleNodeHandler.java:onMessage(58)) - Datanode 0f748453-2874-4841-a29b-5437e9fa0943{ip: 192.168.36.105, host: trunk-nightly-20190907-l8mkd-3410636087, networkLocation: /default-rack, certSerialId: null} moved to stale state. Finalizing its pipelines [PipelineID=e84f3957-506b-4089-b2f6-3efae3672955, PipelineID=dcfd7c32-a05c-49ca-846c-95d3816958c6]
2019-09-07 05:35:20,388 [EventQueue-StaleNodeForStaleNodeHandler] INFO  pipeline.SCMPipelineManager (SCMPipelineManager.java:finalizeAndDestroyPipeline(311)) - destroying pipeline:Pipeline[ Id: e84f3957-506b-4089-b2f6-3efae3672955, Nodes: 8f6979a4-188f-4e31-92c6-9b96597e406b{ip: 192.168.36.105, host: trunk-nightly-20190907-l8mkd-3410636087, networkLocation: /default-rack, certSerialId: null}0f748453-2874-4841-a29b-5437e9fa0943{ip: 192.168.36.105, host: trunk-nightly-20190907-l8mkd-3410636087, networkLocation: /default-rack, certSerialId: null}be767bf0-8e4e-4f33-be52-f21b913347fe{ip: 192.168.36.105, host: trunk-nightly-20190907-l8mkd-3410636087, networkLocation: /default-rack, certSerialId: null}, Type:RATIS, Factor:THREE, State:CLOSED]
2019-09-07 05:35:20,389 [EventQueue-StaleNodeForStaleNodeHandler] INFO  pipeline.SCMPipelineManager (SCMPipelineManager.java:finalizeAndDestroyPipeline(311)) - destroying pipeline:Pipeline[ Id: dcfd7c32-a05c-49ca-846c-95d3816958c6, Nodes: 0f748453-2874-4841-a29b-5437e9fa0943{ip: 192.168.36.105, host: trunk-nightly-20190907-l8mkd-3410636087, networkLocation: /default-rack, certSerialId: null}, Type:RATIS, Factor:ONE, State:OPEN]
2019-09-07 05:35:20,389 [EventQueue-StaleNodeForStaleNodeHandler] INFO  pipeline.PipelineStateManager (PipelineStateManager.java:finalizePipeline(123)) - Pipeline Pipeline[ Id: dcfd7c32-a05c-49ca-846c-95d3816958c6, Nodes: 0f748453-2874-4841-a29b-5437e9fa0943{ip: 192.168.36.105, host: trunk-nightly-20190907-l8mkd-3410636087, networkLocation: /default-rack, certSerialId: null}, Type:RATIS, Factor:ONE, State:CLOSED] moved to CLOSED state
2019-09-07 05:35:20,389 [EventQueue-StaleNodeForStaleNodeHandler] INFO  node.StaleNodeHandler (StaleNodeHandler.java:onMessage(58)) - Datanode be767bf0-8e4e-4f33-be52-f21b913347fe{ip: 192.168.36.105, host: trunk-nightly-20190907-l8mkd-3410636087, networkLocation: /default-rack, certSerialId: null} moved to stale state. Finalizing its pipelines [PipelineID=07a01038-8c87-4931-9211-10ed6af71e64, PipelineID=e84f3957-506b-4089-b2f6-3efae3672955]
2019-09-07 05:35:20,389 [EventQueue-StaleNodeForStaleNodeHandler] INFO  pipeline.SCMPipelineManager (SCMPipelineManager.java:finalizeAndDestroyPipeline(311)) - destroying pipeline:Pipeline[ Id: 07a01038-8c87-4931-9211-10ed6af71e64, Nodes: be767bf0-8e4e-4f33-be52-f21b913347fe{ip: 192.168.36.105, host: trunk-nightly-20190907-l8mkd-3410636087, networkLocation: /default-rack, certSerialId: null}, Type:RATIS, Factor:ONE, State:OPEN]
2019-09-07 05:35:20,390 [EventQueue-StaleNodeForStaleNodeHandler] INFO  pipeline.PipelineStateManager (PipelineStateManager.java:finalizePipeline(123)) - Pipeline Pipeline[ Id: 07a01038-8c87-4931-9211-10ed6af71e64, Nodes: be767bf0-8e4e-4f33-be52-f21b913347fe{ip: 192.168.36.105, host: trunk-nightly-20190907-l8mkd-3410636087, networkLocation: /default-rack, certSerialId: null}, Type:RATIS, Factor:ONE, State:CLOSED] moved to CLOSED state
2019-09-07 05:35:20,390 [EventQueue-StaleNodeForStaleNodeHandler] INFO  pipeline.SCMPipelineManager (SCMPipelineManager.java:finalizeAndDestroyPipeline(311)) - destroying pipeline:Pipeline[ Id: e84f3957-506b-4089-b2f6-3efae3672955, Nodes: 8f6979a4-188f-4e31-92c6-9b96597e406b{ip: 192.168.36.105, host: trunk-nightly-20190907-l8mkd-3410636087, networkLocation: /default-rack, certSerialId: null}0f748453-2874-4841-a29b-5437e9fa0943{ip: 192.168.36.105, host: trunk-nightly-20190907-l8mkd-3410636087, networkLocation: /default-rack, certSerialId: null}be767bf0-8e4e-4f33-be52-f21b913347fe{ip: 192.168.36.105, host: trunk-nightly-20190907-l8mkd-3410636087, networkLocation: /default-rack, certSerialId: null}, Type:RATIS, Factor:THREE, State:CLOSED]
2019-09-07 05:35:20,545 [main] INFO  ozoneimpl.OzoneContainer (OzoneContainer.java:stop(231)) - Attempting to stop container services.
2019-09-07 05:35:20,545 [ForkJoinPool.commonPool-worker-0] INFO  ozoneimpl.OzoneContainer (OzoneContainer.java:stop(231)) - Attempting to stop container services.
2019-09-07 05:35:20,551 [ForkJoinPool.commonPool-worker-0] INFO  impl.RaftServerProxy (RaftServerProxy.java:lambda$close$4(314)) - 0f748453-2874-4841-a29b-5437e9fa0943: close
2019-09-07 05:35:20,551 [main] INFO  impl.RaftServerProxy (RaftServerProxy.java:lambda$close$4(314)) - be767bf0-8e4e-4f33-be52-f21b913347fe: close
2019-09-07 05:35:20,551 [ForkJoinPool.commonPool-worker-0] INFO  impl.RaftServerImpl (RaftServerImpl.java:lambda$shutdown$3(251)) - 0f748453-2874-4841-a29b-5437e9fa0943@group-3EFAE3672955: shutdown
2019-09-07 05:35:20,552 [main] INFO  impl.RaftServerImpl (RaftServerImpl.java:lambda$shutdown$3(251)) - be767bf0-8e4e-4f33-be52-f21b913347fe@group-10ED6AF71E64: shutdown
2019-09-07 05:35:20,552 [ForkJoinPool.commonPool-worker-0] INFO  util.JmxRegister (JmxRegister.java:unregister(73)) - Successfully un-registered JMX Bean with object name Ratis:service=RaftServer,group=group-3EFAE3672955,id=0f748453-2874-4841-a29b-5437e9fa0943
2019-09-07 05:35:20,552 [main] INFO  util.JmxRegister (JmxRegister.java:unregister(73)) - Successfully un-registered JMX Bean with object name Ratis:service=RaftServer,group=group-10ED6AF71E64,id=be767bf0-8e4e-4f33-be52-f21b913347fe
2019-09-07 05:35:20,552 [ForkJoinPool.commonPool-worker-0] INFO  impl.RoleInfo (RoleInfo.java:shutdownLeaderState(104)) - 0f748453-2874-4841-a29b-5437e9fa0943: shutdown LeaderState
2019-09-07 05:35:20,553 [main] INFO  impl.RoleInfo (RoleInfo.java:shutdownLeaderState(104)) - be767bf0-8e4e-4f33-be52-f21b913347fe: shutdown LeaderState
2019-09-07 05:35:20,558 [org.apache.ratis.server.impl.LogAppender$AppenderDaemon$$Lambda$519/1004242924@6ade8a93] WARN  server.GrpcLogAppender (GrpcLogAppender.java:mayWait(143)) - 0f748453-2874-4841-a29b-5437e9fa0943@group-3EFAE3672955->be767bf0-8e4e-4f33-be52-f21b913347fe-GrpcLogAppender: Wait interrupted by java.lang.InterruptedException
2019-09-07 05:35:20,558 [org.apache.ratis.server.impl.LogAppender$AppenderDaemon$$Lambda$519/1004242924@1b02d6a6] WARN  server.GrpcLogAppender (GrpcLogAppender.java:mayWait(143)) - 0f748453-2874-4841-a29b-5437e9fa0943@group-3EFAE3672955->8f6979a4-188f-4e31-92c6-9b96597e406b-GrpcLogAppender: Wait interrupted by java.lang.InterruptedException
2019-09-07 05:35:20,558 [ForkJoinPool.commonPool-worker-0] INFO  impl.PendingRequests (PendingRequests.java:sendNotLeaderResponses(202)) - 0f748453-2874-4841-a29b-5437e9fa0943-PendingRequests: sendNotLeaderResponses
2019-09-07 05:35:20,558 [main] INFO  impl.PendingRequests (PendingRequests.java:sendNotLeaderResponses(202)) - be767bf0-8e4e-4f33-be52-f21b913347fe-PendingRequests: sendNotLeaderResponses
2019-09-07 05:35:20,561 [ForkJoinPool.commonPool-worker-0] INFO  impl.StateMachineUpdater (StateMachineUpdater.java:stopAndJoin(125)) - 0f748453-2874-4841-a29b-5437e9fa0943@group-3EFAE3672955-StateMachineUpdater: set stopIndex = 18
2019-09-07 05:35:20,559 [grpc-default-executor-1] INFO  server.GrpcServerProtocolService (GrpcServerProtocolService.java:onCompleted(113)) - be767bf0-8e4e-4f33-be52-f21b913347fe: Completed APPEND_ENTRIES, lastRequest: 0f748453-2874-4841-a29b-5437e9fa0943->be767bf0-8e4e-4f33-be52-f21b913347fe#4-t2, previous=(t:2, i:18), leaderCommit=18, initializing? false, entries: <empty>
2019-09-07 05:35:20,562 [main] INFO  impl.StateMachineUpdater (StateMachineUpdater.java:stopAndJoin(125)) - be767bf0-8e4e-4f33-be52-f21b913347fe@group-10ED6AF71E64-StateMachineUpdater: set stopIndex = 0
2019-09-07 05:35:20,562 [0f748453-2874-4841-a29b-5437e9fa0943@group-3EFAE3672955-StateMachineUpdater] INFO  ratis.ContainerStateMachine (ContainerStateMachine.java:takeSnapshot(289)) - group-3EFAE3672955: Taking a snapshot at:(t:1, i:14) file /workdir/hadoop-ozone/integration-test/target/test-dir/MiniOzoneClusterImpl-ca08d622-674a-461b-bc82-2b6f62167716/datanode-1/data/ratis/e84f3957-506b-4089-b2f6-3efae3672955/sm/snapshot.1_14
2019-09-07 05:35:20,562 [main] INFO  impl.RaftServerImpl (ServerState.java:close(385)) - be767bf0-8e4e-4f33-be52-f21b913347fe@group-10ED6AF71E64: closes. applyIndex: 0
2019-09-07 05:35:20,562 [grpc-default-executor-1] INFO  server.GrpcLogAppender (GrpcLogAppender.java:onCompleted(293)) - 0f748453-2874-4841-a29b-5437e9fa0943@group-3EFAE3672955->be767bf0-8e4e-4f33-be52-f21b913347fe-AppendLogResponseHandler: follower responses appendEntries COMPLETED
2019-09-07 05:35:20,563 [be767bf0-8e4e-4f33-be52-f21b913347fe@group-10ED6AF71E64-SegmentedRaftLogWorker] INFO  segmented.SegmentedRaftLogWorker (SegmentedRaftLogWorker.java:run(313)) - be767bf0-8e4e-4f33-be52-f21b913347fe@group-10ED6AF71E64-SegmentedRaftLogWorker was interrupted, exiting. There are 0 tasks remaining in the queue.
2019-09-07 05:35:20,563 [grpc-default-executor-1] INFO  impl.FollowerInfo (FollowerInfo.java:lambda$new$0(51)) - 0f748453-2874-4841-a29b-5437e9fa0943@group-3EFAE3672955->be767bf0-8e4e-4f33-be52-f21b913347fe: nextIndex: updateUnconditionally 19 -> 18
2019-09-07 05:35:20,576 [main] INFO  segmented.SegmentedRaftLogWorker (SegmentedRaftLogWorker.java:close(228)) - be767bf0-8e4e-4f33-be52-f21b913347fe@group-10ED6AF71E64-SegmentedRaftLogWorker close()
2019-09-07 05:35:20,579 [main] INFO  impl.RaftServerImpl (RaftServerImpl.java:lambda$shutdown$3(251)) - be767bf0-8e4e-4f33-be52-f21b913347fe@group-3EFAE3672955: shutdown
2019-09-07 05:35:20,579 [0f748453-2874-4841-a29b-5437e9fa0943@group-3EFAE3672955-StateMachineUpdater] INFO  ratis.ContainerStateMachine (ContainerStateMachine.java:takeSnapshot(300)) - group-3EFAE3672955: Finished taking a snapshot at:(t:1, i:14) file:/workdir/hadoop-ozone/integration-test/target/test-dir/MiniOzoneClusterImpl-ca08d622-674a-461b-bc82-2b6f62167716/datanode-1/data/ratis/e84f3957-506b-4089-b2f6-3efae3672955/sm/snapshot.1_14 time:17
2019-09-07 05:35:20,579 [main] INFO  util.JmxRegister (JmxRegister.java:unregister(73)) - Successfully un-registered JMX Bean with object name Ratis:service=RaftServer,group=group-3EFAE3672955,id=be767bf0-8e4e-4f33-be52-f21b913347fe
2019-09-07 05:35:20,580 [main] INFO  impl.RoleInfo (RoleInfo.java:shutdownFollowerState(121)) - be767bf0-8e4e-4f33-be52-f21b913347fe: shutdown FollowerState
2019-09-07 05:35:20,580 [0f748453-2874-4841-a29b-5437e9fa0943@group-3EFAE3672955-StateMachineUpdater] INFO  impl.StateMachineUpdater (StateMachineUpdater.java:takeSnapshot(258)) - 0f748453-2874-4841-a29b-5437e9fa0943@group-3EFAE3672955-StateMachineUpdater: Took a snapshot at index 14
2019-09-07 05:35:20,580 [main] INFO  impl.StateMachineUpdater (StateMachineUpdater.java:stopAndJoin(125)) - be767bf0-8e4e-4f33-be52-f21b913347fe@group-3EFAE3672955-StateMachineUpdater: set stopIndex = 18
2019-09-07 05:35:20,580 [be767bf0-8e4e-4f33-be52-f21b913347fe@group-3EFAE3672955-StateMachineUpdater] INFO  ratis.ContainerStateMachine (ContainerStateMachine.java:takeSnapshot(289)) - group-3EFAE3672955: Taking a snapshot at:(t:1, i:14) file /workdir/hadoop-ozone/integration-test/target/test-dir/MiniOzoneClusterImpl-ca08d622-674a-461b-bc82-2b6f62167716/datanode-4/data/ratis/e84f3957-506b-4089-b2f6-3efae3672955/sm/snapshot.1_14
2019-09-07 05:35:20,580 [0f748453-2874-4841-a29b-5437e9fa0943@group-3EFAE3672955-StateMachineUpdater] INFO  impl.StateMachineUpdater (StateMachineUpdater.java:lambda$new$0(83)) - 0f748453-2874-4841-a29b-5437e9fa0943@group-3EFAE3672955-StateMachineUpdater: snapshotIndex: updateIncreasingly -1 -> 14
2019-09-07 05:35:20,580 [Thread-3114] INFO  impl.FollowerState (FollowerState.java:run(115)) - be767bf0-8e4e-4f33-be52-f21b913347fe: FollowerState was interrupted: java.lang.InterruptedException: sleep interrupted
2019-09-07 05:35:20,581 [0f748453-2874-4841-a29b-5437e9fa0943@group-3EFAE3672955-StateMachineUpdater] INFO  ratis.ContainerStateMachine (ContainerStateMachine.java:takeSnapshot(289)) - group-3EFAE3672955: Taking a snapshot at:(t:1, i:14) file /workdir/hadoop-ozone/integration-test/target/test-dir/MiniOzoneClusterImpl-ca08d622-674a-461b-bc82-2b6f62167716/datanode-1/data/ratis/e84f3957-506b-4089-b2f6-3efae3672955/sm/snapshot.1_14
2019-09-07 05:35:20,594 [0f748453-2874-4841-a29b-5437e9fa0943@group-3EFAE3672955-StateMachineUpdater] INFO  ratis.ContainerStateMachine (ContainerStateMachine.java:takeSnapshot(300)) - group-3EFAE3672955: Finished taking a snapshot at:(t:1, i:14) file:/workdir/hadoop-ozone/integration-test/target/test-dir/MiniOzoneClusterImpl-ca08d622-674a-461b-bc82-2b6f62167716/datanode-1/data/ratis/e84f3957-506b-4089-b2f6-3efae3672955/sm/snapshot.1_14 time:13
2019-09-07 05:35:20,594 [be767bf0-8e4e-4f33-be52-f21b913347fe@group-3EFAE3672955-StateMachineUpdater] INFO  ratis.ContainerStateMachine (ContainerStateMachine.java:takeSnapshot(300)) - group-3EFAE3672955: Finished taking a snapshot at:(t:1, i:14) file:/workdir/hadoop-ozone/integration-test/target/test-dir/MiniOzoneClusterImpl-ca08d622-674a-461b-bc82-2b6f62167716/datanode-4/data/ratis/e84f3957-506b-4089-b2f6-3efae3672955/sm/snapshot.1_14 time:13
2019-09-07 05:35:20,594 [0f748453-2874-4841-a29b-5437e9fa0943@group-3EFAE3672955-StateMachineUpdater] INFO  impl.StateMachineUpdater (StateMachineUpdater.java:takeSnapshot(258)) - 0f748453-2874-4841-a29b-5437e9fa0943@group-3EFAE3672955-StateMachineUpdater: Took a snapshot at index 14
2019-09-07 05:35:20,594 [be767bf0-8e4e-4f33-be52-f21b913347fe@group-3EFAE3672955-StateMachineUpdater] INFO  impl.StateMachineUpdater (StateMachineUpdater.java:takeSnapshot(258)) - be767bf0-8e4e-4f33-be52-f21b913347fe@group-3EFAE3672955-StateMachineUpdater: Took a snapshot at index 14
2019-09-07 05:35:20,594 [0f748453-2874-4841-a29b-5437e9fa0943@group-3EFAE3672955-StateMachineUpdater] INFO  impl.StateMachineUpdater (StateMachineUpdater.java:lambda$new$0(83)) - 0f748453-2874-4841-a29b-5437e9fa0943@group-3EFAE3672955-StateMachineUpdater: snapshotIndex: updateIncreasingly 14 -> 14
2019-09-07 05:35:20,595 [be767bf0-8e4e-4f33-be52-f21b913347fe@group-3EFAE3672955-StateMachineUpdater] INFO  impl.StateMachineUpdater (StateMachineUpdater.java:lambda$new$0(83)) - be767bf0-8e4e-4f33-be52-f21b913347fe@group-3EFAE3672955-StateMachineUpdater: snapshotIndex: updateIncreasingly -1 -> 14
2019-09-07 05:35:20,595 [ForkJoinPool.commonPool-worker-0] INFO  impl.RaftServerImpl (ServerState.java:close(385)) - 0f748453-2874-4841-a29b-5437e9fa0943@group-3EFAE3672955: closes. applyIndex: 18
2019-09-07 05:35:20,595 [be767bf0-8e4e-4f33-be52-f21b913347fe@group-3EFAE3672955-StateMachineUpdater] INFO  ratis.ContainerStateMachine (ContainerStateMachine.java:takeSnapshot(289)) - group-3EFAE3672955: Taking a snapshot at:(t:1, i:14) file /workdir/hadoop-ozone/integration-test/target/test-dir/MiniOzoneClusterImpl-ca08d622-674a-461b-bc82-2b6f62167716/datanode-4/data/ratis/e84f3957-506b-4089-b2f6-3efae3672955/sm/snapshot.1_14
2019-09-07 05:35:20,595 [0f748453-2874-4841-a29b-5437e9fa0943@group-3EFAE3672955-SegmentedRaftLogWorker] INFO  segmented.SegmentedRaftLogWorker (SegmentedRaftLogWorker.java:run(313)) - 0f748453-2874-4841-a29b-5437e9fa0943@group-3EFAE3672955-SegmentedRaftLogWorker was interrupted, exiting. There are 0 tasks remaining in the queue.
2019-09-07 05:35:20,598 [ForkJoinPool.commonPool-worker-0] INFO  segmented.SegmentedRaftLogWorker (SegmentedRaftLogWorker.java:close(228)) - 0f748453-2874-4841-a29b-5437e9fa0943@group-3EFAE3672955-SegmentedRaftLogWorker close()
2019-09-07 05:35:20,600 [ForkJoinPool.commonPool-worker-0] INFO  impl.RaftServerImpl (RaftServerImpl.java:lambda$shutdown$3(251)) - 0f748453-2874-4841-a29b-5437e9fa0943@group-95D3816958C6: shutdown
2019-09-07 05:35:20,600 [ForkJoinPool.commonPool-worker-0] INFO  util.JmxRegister (JmxRegister.java:unregister(73)) - Successfully un-registered JMX Bean with object name Ratis:service=RaftServer,group=group-95D3816958C6,id=0f748453-2874-4841-a29b-5437e9fa0943
2019-09-07 05:35:20,601 [ForkJoinPool.commonPool-worker-0] INFO  impl.RoleInfo (RoleInfo.java:shutdownLeaderState(104)) - 0f748453-2874-4841-a29b-5437e9fa0943: shutdown LeaderState
2019-09-07 05:35:20,601 [ForkJoinPool.commonPool-worker-0] INFO  impl.PendingRequests (PendingRequests.java:sendNotLeaderResponses(202)) - 0f748453-2874-4841-a29b-5437e9fa0943-PendingRequests: sendNotLeaderResponses
2019-09-07 05:35:20,601 [ForkJoinPool.commonPool-worker-0] INFO  impl.StateMachineUpdater (StateMachineUpdater.java:stopAndJoin(125)) - 0f748453-2874-4841-a29b-5437e9fa0943@group-95D3816958C6-StateMachineUpdater: set stopIndex = 0
2019-09-07 05:35:20,601 [ForkJoinPool.commonPool-worker-0] INFO  impl.RaftServerImpl (ServerState.java:close(385)) - 0f748453-2874-4841-a29b-5437e9fa0943@group-95D3816958C6: closes. applyIndex: 0
2019-09-07 05:35:20,602 [0f748453-2874-4841-a29b-5437e9fa0943@group-95D3816958C6-SegmentedRaftLogWorker] INFO  segmented.SegmentedRaftLogWorker (SegmentedRaftLogWorker.java:run(313)) - 0f748453-2874-4841-a29b-5437e9fa0943@group-95D3816958C6-SegmentedRaftLogWorker was interrupted, exiting. There are 0 tasks remaining in the queue.
2019-09-07 05:35:20,602 [ForkJoinPool.commonPool-worker-0] INFO  segmented.SegmentedRaftLogWorker (SegmentedRaftLogWorker.java:close(228)) - 0f748453-2874-4841-a29b-5437e9fa0943@group-95D3816958C6-SegmentedRaftLogWorker close()
2019-09-07 05:35:20,604 [ForkJoinPool.commonPool-worker-0] INFO  server.GrpcService (GrpcService.java:closeImpl(164)) - 0f748453-2874-4841-a29b-5437e9fa0943: shutdown server with port 46357 now
2019-09-07 05:35:20,605 [ForkJoinPool.commonPool-worker-0] INFO  server.GrpcService (GrpcService.java:closeImpl(172)) - 0f748453-2874-4841-a29b-5437e9fa0943: shutdown server with port 46357 successfully
2019-09-07 05:35:20,608 [be767bf0-8e4e-4f33-be52-f21b913347fe@group-3EFAE3672955-StateMachineUpdater] INFO  ratis.ContainerStateMachine (ContainerStateMachine.java:takeSnapshot(300)) - group-3EFAE3672955: Finished taking a snapshot at:(t:1, i:14) file:/workdir/hadoop-ozone/integration-test/target/test-dir/MiniOzoneClusterImpl-ca08d622-674a-461b-bc82-2b6f62167716/datanode-4/data/ratis/e84f3957-506b-4089-b2f6-3efae3672955/sm/snapshot.1_14 time:13
2019-09-07 05:35:20,608 [be767bf0-8e4e-4f33-be52-f21b913347fe@group-3EFAE3672955-StateMachineUpdater] INFO  impl.StateMachineUpdater (StateMachineUpdater.java:takeSnapshot(258)) - be767bf0-8e4e-4f33-be52-f21b913347fe@group-3EFAE3672955-StateMachineUpdater: Took a snapshot at index 14
2019-09-07 05:35:20,608 [be767bf0-8e4e-4f33-be52-f21b913347fe@group-3EFAE3672955-StateMachineUpdater] INFO  impl.StateMachineUpdater (StateMachineUpdater.java:lambda$new$0(83)) - be767bf0-8e4e-4f33-be52-f21b913347fe@group-3EFAE3672955-StateMachineUpdater: snapshotIndex: updateIncreasingly 14 -> 14
2019-09-07 05:35:20,609 [main] INFO  impl.RaftServerImpl (ServerState.java:close(385)) - be767bf0-8e4e-4f33-be52-f21b913347fe@group-3EFAE3672955: closes. applyIndex: 18
2019-09-07 05:35:20,610 [refreshUsed-/workdir/hadoop-ozone/integration-test/target/test-dir/MiniOzoneClusterImpl-ca08d622-674a-461b-bc82-2b6f62167716/datanode-1/data/containers] WARN  fs.CachingGetSpaceUsed (CachingGetSpaceUsed.java:run(183)) - Thread Interrupted waiting to refresh disk information: sleep interrupted
2019-09-07 05:35:20,611 [be767bf0-8e4e-4f33-be52-f21b913347fe@group-3EFAE3672955-SegmentedRaftLogWorker] INFO  segmented.SegmentedRaftLogWorker (SegmentedRaftLogWorker.java:run(313)) - be767bf0-8e4e-4f33-be52-f21b913347fe@group-3EFAE3672955-SegmentedRaftLogWorker was interrupted, exiting. There are 0 tasks remaining in the queue.
2019-09-07 05:35:20,613 [main] INFO  segmented.SegmentedRaftLogWorker (SegmentedRaftLogWorker.java:close(228)) - be767bf0-8e4e-4f33-be52-f21b913347fe@group-3EFAE3672955-SegmentedRaftLogWorker close()
2019-09-07 05:35:20,615 [main] INFO  server.GrpcService (GrpcService.java:closeImpl(164)) - be767bf0-8e4e-4f33-be52-f21b913347fe: shutdown server with port 41851 now
2019-09-07 05:35:20,615 [main] INFO  server.GrpcService (GrpcService.java:closeImpl(172)) - be767bf0-8e4e-4f33-be52-f21b913347fe: shutdown server with port 41851 successfully
2019-09-07 05:35:20,618 [refreshUsed-/workdir/hadoop-ozone/integration-test/target/test-dir/MiniOzoneClusterImpl-ca08d622-674a-461b-bc82-2b6f62167716/datanode-4/data/containers] WARN  fs.CachingGetSpaceUsed (CachingGetSpaceUsed.java:run(183)) - Thread Interrupted waiting to refresh disk information: sleep interrupted
2019-09-07 05:35:20,628 [main] INFO  utils.BackgroundService (BackgroundService.java:shutdown(148)) - Shutting down service BlockDeletingService
2019-09-07 05:35:20,633 [main] INFO  statemachine.DatanodeStateMachine (DatanodeStateMachine.java:stopDaemon(395)) - Ozone container server stopped.
2019-09-07 05:35:20,635 [main] INFO  handler.ContextHandler (ContextHandler.java:doStop(910)) - Stopped o.e.j.w.WebAppContext@70b48eb3{/,null,UNAVAILABLE}{/hddsDatanode}
2019-09-07 05:35:20,635 [main] INFO  server.AbstractConnector (AbstractConnector.java:doStop(318)) - Stopped ServerConnector@7b8ea1db{HTTP/1.1,[http/1.1]}{0.0.0.0:0}
2019-09-07 05:35:20,636 [main] INFO  handler.ContextHandler (ContextHandler.java:doStop(910)) - Stopped o.e.j.s.ServletContextHandler@6c4ce583{/static,jar:file:/home/user/.m2/repository/org/apache/hadoop/hadoop-hdds-container-service/0.5.0-SNAPSHOT/hadoop-hdds-container-service-0.5.0-SNAPSHOT.jar!/webapps/static,UNAVAILABLE}
2019-09-07 05:35:20,636 [main] INFO  handler.ContextHandler (ContextHandler.java:doStop(910)) - Stopped o.e.j.s.ServletContextHandler@7a64cb0c{/logs,file:///workdir/hadoop-ozone/integration-test/target/log,UNAVAILABLE}
2019-09-07 05:35:20,641 [ForkJoinPool.commonPool-worker-0] INFO  utils.BackgroundService (BackgroundService.java:shutdown(148)) - Shutting down service BlockDeletingService
2019-09-07 05:35:20,646 [ForkJoinPool.commonPool-worker-0] INFO  statemachine.DatanodeStateMachine (DatanodeStateMachine.java:stopDaemon(395)) - Ozone container server stopped.
2019-09-07 05:35:20,651 [ForkJoinPool.commonPool-worker-0] INFO  handler.ContextHandler (ContextHandler.java:doStop(910)) - Stopped o.e.j.w.WebAppContext@6459f4ea{/,null,UNAVAILABLE}{/hddsDatanode}
2019-09-07 05:35:20,651 [ForkJoinPool.commonPool-worker-0] INFO  server.AbstractConnector (AbstractConnector.java:doStop(318)) - Stopped ServerConnector@740b9a50{HTTP/1.1,[http/1.1]}{0.0.0.0:0}
2019-09-07 05:35:20,653 [ForkJoinPool.commonPool-worker-0] INFO  handler.ContextHandler (ContextHandler.java:doStop(910)) - Stopped o.e.j.s.ServletContextHandler@6314df3c{/static,jar:file:/home/user/.m2/repository/org/apache/hadoop/hadoop-hdds-container-service/0.5.0-SNAPSHOT/hadoop-hdds-container-service-0.5.0-SNAPSHOT.jar!/webapps/static,UNAVAILABLE}
2019-09-07 05:35:20,655 [ForkJoinPool.commonPool-worker-0] INFO  handler.ContextHandler (ContextHandler.java:doStop(910)) - Stopped o.e.j.s.ServletContextHandler@4270b142{/logs,file:///workdir/hadoop-ozone/integration-test/target/log,UNAVAILABLE}
2019-09-07 05:35:21,282 [Datanode State Machine Thread - 0] INFO  statemachine.DatanodeStateMachine (DatanodeStateMachine.java:lambda$startDaemon$0(350)) - Ozone container server started.
2019-09-07 05:35:21,305 [Datanode State Machine Thread - 0] INFO  statemachine.DatanodeStateMachine (DatanodeStateMachine.java:lambda$startDaemon$0(350)) - Ozone container server started.
2019-09-07 05:35:25,294 [EventQueue-StaleNodeForStaleNodeHandler] INFO  node.StaleNodeHandler (StaleNodeHandler.java:onMessage(58)) - Datanode 8f9d7271-76b5-412e-ae81-7e5df761feda{ip: 192.168.36.105, host: trunk-nightly-20190907-l8mkd-3410636087, networkLocation: /default-rack, certSerialId: null} moved to stale state. Finalizing its pipelines [PipelineID=b8ee660b-747c-4dd3-a4cf-85ace030908a, PipelineID=33e72eaf-212c-4239-ab06-96f2c83cf50e]
2019-09-07 05:35:25,295 [EventQueue-StaleNodeForStaleNodeHandler] INFO  pipeline.SCMPipelineManager (SCMPipelineManager.java:finalizeAndDestroyPipeline(311)) - destroying pipeline:Pipeline[ Id: b8ee660b-747c-4dd3-a4cf-85ace030908a, Nodes: 8f9d7271-76b5-412e-ae81-7e5df761feda{ip: 192.168.36.105, host: trunk-nightly-20190907-l8mkd-3410636087, networkLocation: /default-rack, certSerialId: null}, Type:RATIS, Factor:ONE, State:OPEN]
2019-09-07 05:35:25,296 [EventQueue-StaleNodeForStaleNodeHandler] INFO  pipeline.PipelineStateManager (PipelineStateManager.java:finalizePipeline(123)) - Pipeline Pipeline[ Id: b8ee660b-747c-4dd3-a4cf-85ace030908a, Nodes: 8f9d7271-76b5-412e-ae81-7e5df761feda{ip: 192.168.36.105, host: trunk-nightly-20190907-l8mkd-3410636087, networkLocation: /default-rack, certSerialId: null}, Type:RATIS, Factor:ONE, State:CLOSED] moved to CLOSED state
2019-09-07 05:35:25,296 [EventQueue-StaleNodeForStaleNodeHandler] INFO  pipeline.SCMPipelineManager (SCMPipelineManager.java:finalizeAndDestroyPipeline(311)) - destroying pipeline:Pipeline[ Id: 33e72eaf-212c-4239-ab06-96f2c83cf50e, Nodes: 64ec29ee-6c98-4696-9a13-c832ae556bb8{ip: 192.168.36.105, host: trunk-nightly-20190907-l8mkd-3410636087, networkLocation: /default-rack, certSerialId: null}8f9d7271-76b5-412e-ae81-7e5df761feda{ip: 192.168.36.105, host: trunk-nightly-20190907-l8mkd-3410636087, networkLocation: /default-rack, certSerialId: null}fcded245-4458-4147-a571-2c36d3556ae0{ip: 192.168.36.105, host: trunk-nightly-20190907-l8mkd-3410636087, networkLocation: /default-rack, certSerialId: null}, Type:RATIS, Factor:THREE, State:OPEN]
2019-09-07 05:35:25,296 [EventQueue-StaleNodeForStaleNodeHandler] INFO  pipeline.PipelineStateManager (PipelineStateManager.java:finalizePipeline(123)) - Pipeline Pipeline[ Id: 33e72eaf-212c-4239-ab06-96f2c83cf50e, Nodes: 64ec29ee-6c98-4696-9a13-c832ae556bb8{ip: 192.168.36.105, host: trunk-nightly-20190907-l8mkd-3410636087, networkLocation: /default-rack, certSerialId: null}8f9d7271-76b5-412e-ae81-7e5df761feda{ip: 192.168.36.105, host: trunk-nightly-20190907-l8mkd-3410636087, networkLocation: /default-rack, certSerialId: null}fcded245-4458-4147-a571-2c36d3556ae0{ip: 192.168.36.105, host: trunk-nightly-20190907-l8mkd-3410636087, networkLocation: /default-rack, certSerialId: null}, Type:RATIS, Factor:THREE, State:CLOSED] moved to CLOSED state
2019-09-07 05:35:25,297 [EventQueue-CloseContainerForCloseContainerEventHandler] INFO  container.CloseContainerEventHandler (CloseContainerEventHandler.java:onMessage(61)) - Close container Event triggered for container : #2
2019-09-07 05:35:25,394 [EventQueue-StaleNodeForStaleNodeHandler] INFO  node.StaleNodeHandler (StaleNodeHandler.java:onMessage(58)) - Datanode 64ec29ee-6c98-4696-9a13-c832ae556bb8{ip: 192.168.36.105, host: trunk-nightly-20190907-l8mkd-3410636087, networkLocation: /default-rack, certSerialId: null} moved to stale state. Finalizing its pipelines [PipelineID=854d2d4b-4f25-4316-8471-1ecab72000f6, PipelineID=33e72eaf-212c-4239-ab06-96f2c83cf50e]
2019-09-07 05:35:25,397 [EventQueue-StaleNodeForStaleNodeHandler] INFO  pipeline.SCMPipelineManager (SCMPipelineManager.java:finalizeAndDestroyPipeline(311)) - destroying pipeline:Pipeline[ Id: 854d2d4b-4f25-4316-8471-1ecab72000f6, Nodes: 64ec29ee-6c98-4696-9a13-c832ae556bb8{ip: 192.168.36.105, host: trunk-nightly-20190907-l8mkd-3410636087, networkLocation: /default-rack, certSerialId: null}, Type:RATIS, Factor:ONE, State:OPEN]
2019-09-07 05:35:25,397 [EventQueue-StaleNodeForStaleNodeHandler] INFO  pipeline.PipelineStateManager (PipelineStateManager.java:finalizePipeline(123)) - Pipeline Pipeline[ Id: 854d2d4b-4f25-4316-8471-1ecab72000f6, Nodes: 64ec29ee-6c98-4696-9a13-c832ae556bb8{ip: 192.168.36.105, host: trunk-nightly-20190907-l8mkd-3410636087, networkLocation: /default-rack, certSerialId: null}, Type:RATIS, Factor:ONE, State:CLOSED] moved to CLOSED state
2019-09-07 05:35:25,398 [EventQueue-StaleNodeForStaleNodeHandler] INFO  pipeline.SCMPipelineManager (SCMPipelineManager.java:finalizeAndDestroyPipeline(311)) - destroying pipeline:Pipeline[ Id: 33e72eaf-212c-4239-ab06-96f2c83cf50e, Nodes: 64ec29ee-6c98-4696-9a13-c832ae556bb8{ip: 192.168.36.105, host: trunk-nightly-20190907-l8mkd-3410636087, networkLocation: /default-rack, certSerialId: null}8f9d7271-76b5-412e-ae81-7e5df761feda{ip: 192.168.36.105, host: trunk-nightly-20190907-l8mkd-3410636087, networkLocation: /default-rack, certSerialId: null}fcded245-4458-4147-a571-2c36d3556ae0{ip: 192.168.36.105, host: trunk-nightly-20190907-l8mkd-3410636087, networkLocation: /default-rack, certSerialId: null}, Type:RATIS, Factor:THREE, State:CLOSED]
2019-09-07 05:35:25,638 [main] INFO  ozoneimpl.OzoneContainer (OzoneContainer.java:stop(231)) - Attempting to stop container services.
2019-09-07 05:35:25,639 [main] INFO  impl.RaftServerProxy (RaftServerProxy.java:lambda$close$4(314)) - 8f9d7271-76b5-412e-ae81-7e5df761feda: close
2019-09-07 05:35:25,639 [main] INFO  impl.RaftServerImpl (RaftServerImpl.java:lambda$shutdown$3(251)) - 8f9d7271-76b5-412e-ae81-7e5df761feda@group-85ACE030908A: shutdown
2019-09-07 05:35:25,640 [main] INFO  util.JmxRegister (JmxRegister.java:unregister(73)) - Successfully un-registered JMX Bean with object name Ratis:service=RaftServer,group=group-85ACE030908A,id=8f9d7271-76b5-412e-ae81-7e5df761feda
2019-09-07 05:35:25,640 [main] INFO  impl.RoleInfo (RoleInfo.java:shutdownLeaderState(104)) - 8f9d7271-76b5-412e-ae81-7e5df761feda: shutdown LeaderState
2019-09-07 05:35:25,640 [main] INFO  impl.PendingRequests (PendingRequests.java:sendNotLeaderResponses(202)) - 8f9d7271-76b5-412e-ae81-7e5df761feda-PendingRequests: sendNotLeaderResponses
2019-09-07 05:35:25,641 [main] INFO  impl.StateMachineUpdater (StateMachineUpdater.java:stopAndJoin(125)) - 8f9d7271-76b5-412e-ae81-7e5df761feda@group-85ACE030908A-StateMachineUpdater: set stopIndex = 0
2019-09-07 05:35:25,641 [main] INFO  impl.RaftServerImpl (ServerState.java:close(385)) - 8f9d7271-76b5-412e-ae81-7e5df761feda@group-85ACE030908A: closes. applyIndex: 0
2019-09-07 05:35:25,642 [8f9d7271-76b5-412e-ae81-7e5df761feda@group-85ACE030908A-SegmentedRaftLogWorker] INFO  segmented.SegmentedRaftLogWorker (SegmentedRaftLogWorker.java:run(313)) - 8f9d7271-76b5-412e-ae81-7e5df761feda@group-85ACE030908A-SegmentedRaftLogWorker was interrupted, exiting. There are 0 tasks remaining in the queue.
2019-09-07 05:35:25,653 [main] INFO  segmented.SegmentedRaftLogWorker (SegmentedRaftLogWorker.java:close(228)) - 8f9d7271-76b5-412e-ae81-7e5df761feda@group-85ACE030908A-SegmentedRaftLogWorker close()
2019-09-07 05:35:25,656 [main] INFO  impl.RaftServerImpl (RaftServerImpl.java:lambda$shutdown$3(251)) - 8f9d7271-76b5-412e-ae81-7e5df761feda@group-96F2C83CF50E: shutdown
2019-09-07 05:35:25,656 [ForkJoinPool.commonPool-worker-0] INFO  ozoneimpl.OzoneContainer (OzoneContainer.java:stop(231)) - Attempting to stop container services.
2019-09-07 05:35:25,656 [main] INFO  util.JmxRegister (JmxRegister.java:unregister(73)) - Successfully un-registered JMX Bean with object name Ratis:service=RaftServer,group=group-96F2C83CF50E,id=8f9d7271-76b5-412e-ae81-7e5df761feda
2019-09-07 05:35:25,657 [ForkJoinPool.commonPool-worker-0] INFO  impl.RaftServerProxy (RaftServerProxy.java:lambda$close$4(314)) - 64ec29ee-6c98-4696-9a13-c832ae556bb8: close
2019-09-07 05:35:25,657 [main] INFO  impl.RoleInfo (RoleInfo.java:shutdownLeaderState(104)) - 8f9d7271-76b5-412e-ae81-7e5df761feda: shutdown LeaderState
2019-09-07 05:35:25,657 [ForkJoinPool.commonPool-worker-0] INFO  impl.RaftServerImpl (RaftServerImpl.java:lambda$shutdown$3(251)) - 64ec29ee-6c98-4696-9a13-c832ae556bb8@group-1ECAB72000F6: shutdown
2019-09-07 05:35:25,661 [org.apache.ratis.server.impl.LogAppender$AppenderDaemon$$Lambda$519/1004242924@1e3a46f8] WARN  server.GrpcLogAppender (GrpcLogAppender.java:mayWait(143)) - 8f9d7271-76b5-412e-ae81-7e5df761feda@group-96F2C83CF50E->64ec29ee-6c98-4696-9a13-c832ae556bb8-GrpcLogAppender: Wait interrupted by java.lang.InterruptedException
2019-09-07 05:35:25,661 [main] INFO  impl.PendingRequests (PendingRequests.java:sendNotLeaderResponses(202)) - 8f9d7271-76b5-412e-ae81-7e5df761feda-PendingRequests: sendNotLeaderResponses
2019-09-07 05:35:25,661 [ForkJoinPool.commonPool-worker-0] INFO  util.JmxRegister (JmxRegister.java:unregister(73)) - Successfully un-registered JMX Bean with object name Ratis:service=RaftServer,group=group-1ECAB72000F6,id=64ec29ee-6c98-4696-9a13-c832ae556bb8
2019-09-07 05:35:25,662 [ForkJoinPool.commonPool-worker-0] INFO  impl.RoleInfo (RoleInfo.java:shutdownLeaderState(104)) - 64ec29ee-6c98-4696-9a13-c832ae556bb8: shutdown LeaderState
2019-09-07 05:35:25,661 [org.apache.ratis.server.impl.LogAppender$AppenderDaemon$$Lambda$519/1004242924@3f50c672] WARN  server.GrpcLogAppender (GrpcLogAppender.java:mayWait(143)) - 8f9d7271-76b5-412e-ae81-7e5df761feda@group-96F2C83CF50E->fcded245-4458-4147-a571-2c36d3556ae0-GrpcLogAppender: Wait interrupted by java.lang.InterruptedException
2019-09-07 05:35:25,665 [ForkJoinPool.commonPool-worker-0] INFO  impl.PendingRequests (PendingRequests.java:sendNotLeaderResponses(202)) - 64ec29ee-6c98-4696-9a13-c832ae556bb8-PendingRequests: sendNotLeaderResponses
2019-09-07 05:35:25,666 [main] INFO  impl.StateMachineUpdater (StateMachineUpdater.java:stopAndJoin(125)) - 8f9d7271-76b5-412e-ae81-7e5df761feda@group-96F2C83CF50E-StateMachineUpdater: set stopIndex = 16
2019-09-07 05:35:25,666 [grpc-default-executor-11] INFO  server.GrpcServerProtocolService (GrpcServerProtocolService.java:onCompleted(113)) - fcded245-4458-4147-a571-2c36d3556ae0: Completed APPEND_ENTRIES, lastRequest: 8f9d7271-76b5-412e-ae81-7e5df761feda->fcded245-4458-4147-a571-2c36d3556ae0#27-t1, previous=(t:1, i:16), leaderCommit=16, initializing? false, entries: <empty>
2019-09-07 05:35:25,666 [grpc-default-executor-1] INFO  server.GrpcServerProtocolService (GrpcServerProtocolService.java:onCompleted(113)) - 64ec29ee-6c98-4696-9a13-c832ae556bb8: Completed APPEND_ENTRIES, lastRequest: 8f9d7271-76b5-412e-ae81-7e5df761feda->64ec29ee-6c98-4696-9a13-c832ae556bb8#27-t1, previous=(t:1, i:16), leaderCommit=16, initializing? false, entries: <empty>
2019-09-07 05:35:25,666 [8f9d7271-76b5-412e-ae81-7e5df761feda@group-96F2C83CF50E-StateMachineUpdater] INFO  ratis.ContainerStateMachine (ContainerStateMachine.java:takeSnapshot(289)) - group-96F2C83CF50E: Taking a snapshot at:(t:1, i:14) file /workdir/hadoop-ozone/integration-test/target/test-dir/MiniOzoneClusterImpl-ca08d622-674a-461b-bc82-2b6f62167716/datanode-3/data/ratis/33e72eaf-212c-4239-ab06-96f2c83cf50e/sm/snapshot.1_14
2019-09-07 05:35:25,666 [ForkJoinPool.commonPool-worker-0] INFO  impl.StateMachineUpdater (StateMachineUpdater.java:stopAndJoin(125)) - 64ec29ee-6c98-4696-9a13-c832ae556bb8@group-1ECAB72000F6-StateMachineUpdater: set stopIndex = 0
2019-09-07 05:35:25,667 [grpc-default-executor-8] INFO  server.GrpcLogAppender (GrpcLogAppender.java:onCompleted(293)) - 8f9d7271-76b5-412e-ae81-7e5df761feda@group-96F2C83CF50E->64ec29ee-6c98-4696-9a13-c832ae556bb8-AppendLogResponseHandler: follower responses appendEntries COMPLETED
2019-09-07 05:35:25,667 [grpc-default-executor-1] INFO  server.GrpcLogAppender (GrpcLogAppender.java:onCompleted(293)) - 8f9d7271-76b5-412e-ae81-7e5df761feda@group-96F2C83CF50E->fcded245-4458-4147-a571-2c36d3556ae0-AppendLogResponseHandler: follower responses appendEntries COMPLETED
2019-09-07 05:35:25,667 [ForkJoinPool.commonPool-worker-0] INFO  impl.RaftServerImpl (ServerState.java:close(385)) - 64ec29ee-6c98-4696-9a13-c832ae556bb8@group-1ECAB72000F6: closes. applyIndex: 0
2019-09-07 05:35:25,668 [grpc-default-executor-8] INFO  impl.FollowerInfo (FollowerInfo.java:lambda$new$0(51)) - 8f9d7271-76b5-412e-ae81-7e5df761feda@group-96F2C83CF50E->64ec29ee-6c98-4696-9a13-c832ae556bb8: nextIndex: updateUnconditionally 17 -> 16
2019-09-07 05:35:25,668 [grpc-default-executor-1] INFO  impl.FollowerInfo (FollowerInfo.java:lambda$new$0(51)) - 8f9d7271-76b5-412e-ae81-7e5df761feda@group-96F2C83CF50E->fcded245-4458-4147-a571-2c36d3556ae0: nextIndex: updateUnconditionally 17 -> 16
2019-09-07 05:35:25,668 [64ec29ee-6c98-4696-9a13-c832ae556bb8@group-1ECAB72000F6-SegmentedRaftLogWorker] INFO  segmented.SegmentedRaftLogWorker (SegmentedRaftLogWorker.java:run(313)) - 64ec29ee-6c98-4696-9a13-c832ae556bb8@group-1ECAB72000F6-SegmentedRaftLogWorker was interrupted, exiting. There are 0 tasks remaining in the queue.
2019-09-07 05:35:25,668 [ForkJoinPool.commonPool-worker-0] INFO  segmented.SegmentedRaftLogWorker (SegmentedRaftLogWorker.java:close(228)) - 64ec29ee-6c98-4696-9a13-c832ae556bb8@group-1ECAB72000F6-SegmentedRaftLogWorker close()
2019-09-07 05:35:25,671 [ForkJoinPool.commonPool-worker-0] INFO  impl.RaftServerImpl (RaftServerImpl.java:lambda$shutdown$3(251)) - 64ec29ee-6c98-4696-9a13-c832ae556bb8@group-96F2C83CF50E: shutdown
2019-09-07 05:35:25,671 [ForkJoinPool.commonPool-worker-0] INFO  util.JmxRegister (JmxRegister.java:unregister(73)) - Successfully un-registered JMX Bean with object name Ratis:service=RaftServer,group=group-96F2C83CF50E,id=64ec29ee-6c98-4696-9a13-c832ae556bb8
2019-09-07 05:35:25,671 [ForkJoinPool.commonPool-worker-0] INFO  impl.RoleInfo (RoleInfo.java:shutdownFollowerState(121)) - 64ec29ee-6c98-4696-9a13-c832ae556bb8: shutdown FollowerState
2019-09-07 05:35:25,671 [ForkJoinPool.commonPool-worker-0] INFO  impl.StateMachineUpdater (StateMachineUpdater.java:stopAndJoin(125)) - 64ec29ee-6c98-4696-9a13-c832ae556bb8@group-96F2C83CF50E-StateMachineUpdater: set stopIndex = 16
2019-09-07 05:35:25,672 [Thread-2983] INFO  impl.FollowerState (FollowerState.java:run(115)) - 64ec29ee-6c98-4696-9a13-c832ae556bb8: FollowerState was interrupted: java.lang.InterruptedException: sleep interrupted
2019-09-07 05:35:25,672 [64ec29ee-6c98-4696-9a13-c832ae556bb8@group-96F2C83CF50E-StateMachineUpdater] INFO  ratis.ContainerStateMachine (ContainerStateMachine.java:takeSnapshot(289)) - group-96F2C83CF50E: Taking a snapshot at:(t:1, i:14) file /workdir/hadoop-ozone/integration-test/target/test-dir/MiniOzoneClusterImpl-ca08d622-674a-461b-bc82-2b6f62167716/datanode-2/data/ratis/33e72eaf-212c-4239-ab06-96f2c83cf50e/sm/snapshot.1_14
2019-09-07 05:35:25,680 [8f9d7271-76b5-412e-ae81-7e5df761feda@group-96F2C83CF50E-StateMachineUpdater] INFO  ratis.ContainerStateMachine (ContainerStateMachine.java:takeSnapshot(300)) - group-96F2C83CF50E: Finished taking a snapshot at:(t:1, i:14) file:/workdir/hadoop-ozone/integration-test/target/test-dir/MiniOzoneClusterImpl-ca08d622-674a-461b-bc82-2b6f62167716/datanode-3/data/ratis/33e72eaf-212c-4239-ab06-96f2c83cf50e/sm/snapshot.1_14 time:15
2019-09-07 05:35:25,680 [64ec29ee-6c98-4696-9a13-c832ae556bb8@group-96F2C83CF50E-StateMachineUpdater] INFO  ratis.ContainerStateMachine (ContainerStateMachine.java:takeSnapshot(300)) - group-96F2C83CF50E: Finished taking a snapshot at:(t:1, i:14) file:/workdir/hadoop-ozone/integration-test/target/test-dir/MiniOzoneClusterImpl-ca08d622-674a-461b-bc82-2b6f62167716/datanode-2/data/ratis/33e72eaf-212c-4239-ab06-96f2c83cf50e/sm/snapshot.1_14 time:9
2019-09-07 05:35:25,681 [64ec29ee-6c98-4696-9a13-c832ae556bb8@group-96F2C83CF50E-StateMachineUpdater] INFO  impl.StateMachineUpdater (StateMachineUpdater.java:takeSnapshot(258)) - 64ec29ee-6c98-4696-9a13-c832ae556bb8@group-96F2C83CF50E-StateMachineUpdater: Took a snapshot at index 14
2019-09-07 05:35:25,680 [8f9d7271-76b5-412e-ae81-7e5df761feda@group-96F2C83CF50E-StateMachineUpdater] INFO  impl.StateMachineUpdater (StateMachineUpdater.java:takeSnapshot(258)) - 8f9d7271-76b5-412e-ae81-7e5df761feda@group-96F2C83CF50E-StateMachineUpdater: Took a snapshot at index 14
2019-09-07 05:35:25,681 [64ec29ee-6c98-4696-9a13-c832ae556bb8@group-96F2C83CF50E-StateMachineUpdater] INFO  impl.StateMachineUpdater (StateMachineUpdater.java:lambda$new$0(83)) - 64ec29ee-6c98-4696-9a13-c832ae556bb8@group-96F2C83CF50E-StateMachineUpdater: snapshotIndex: updateIncreasingly -1 -> 14
2019-09-07 05:35:25,681 [8f9d7271-76b5-412e-ae81-7e5df761feda@group-96F2C83CF50E-StateMachineUpdater] INFO  impl.StateMachineUpdater (StateMachineUpdater.java:lambda$new$0(83)) - 8f9d7271-76b5-412e-ae81-7e5df761feda@group-96F2C83CF50E-StateMachineUpdater: snapshotIndex: updateIncreasingly -1 -> 14
2019-09-07 05:35:25,681 [8f9d7271-76b5-412e-ae81-7e5df761feda@group-96F2C83CF50E-StateMachineUpdater] INFO  ratis.ContainerStateMachine (ContainerStateMachine.java:takeSnapshot(289)) - group-96F2C83CF50E: Taking a snapshot at:(t:1, i:14) file /workdir/hadoop-ozone/integration-test/target/test-dir/MiniOzoneClusterImpl-ca08d622-674a-461b-bc82-2b6f62167716/datanode-3/data/ratis/33e72eaf-212c-4239-ab06-96f2c83cf50e/sm/snapshot.1_14
2019-09-07 05:35:25,681 [64ec29ee-6c98-4696-9a13-c832ae556bb8@group-96F2C83CF50E-StateMachineUpdater] INFO  ratis.ContainerStateMachine (ContainerStateMachine.java:takeSnapshot(289)) - group-96F2C83CF50E: Taking a snapshot at:(t:1, i:14) file /workdir/hadoop-ozone/integration-test/target/test-dir/MiniOzoneClusterImpl-ca08d622-674a-461b-bc82-2b6f62167716/datanode-2/data/ratis/33e72eaf-212c-4239-ab06-96f2c83cf50e/sm/snapshot.1_14
2019-09-07 05:35:25,694 [8f9d7271-76b5-412e-ae81-7e5df761feda@group-96F2C83CF50E-StateMachineUpdater] INFO  ratis.ContainerStateMachine (ContainerStateMachine.java:takeSnapshot(300)) - group-96F2C83CF50E: Finished taking a snapshot at:(t:1, i:14) file:/workdir/hadoop-ozone/integration-test/target/test-dir/MiniOzoneClusterImpl-ca08d622-674a-461b-bc82-2b6f62167716/datanode-3/data/ratis/33e72eaf-212c-4239-ab06-96f2c83cf50e/sm/snapshot.1_14 time:13
2019-09-07 05:35:25,694 [8f9d7271-76b5-412e-ae81-7e5df761feda@group-96F2C83CF50E-StateMachineUpdater] INFO  impl.StateMachineUpdater (StateMachineUpdater.java:takeSnapshot(258)) - 8f9d7271-76b5-412e-ae81-7e5df761feda@group-96F2C83CF50E-StateMachineUpdater: Took a snapshot at index 14
2019-09-07 05:35:25,694 [64ec29ee-6c98-4696-9a13-c832ae556bb8@group-96F2C83CF50E-StateMachineUpdater] INFO  ratis.ContainerStateMachine (ContainerStateMachine.java:takeSnapshot(300)) - group-96F2C83CF50E: Finished taking a snapshot at:(t:1, i:14) file:/workdir/hadoop-ozone/integration-test/target/test-dir/MiniOzoneClusterImpl-ca08d622-674a-461b-bc82-2b6f62167716/datanode-2/data/ratis/33e72eaf-212c-4239-ab06-96f2c83cf50e/sm/snapshot.1_14 time:12
2019-09-07 05:35:25,694 [8f9d7271-76b5-412e-ae81-7e5df761feda@group-96F2C83CF50E-StateMachineUpdater] INFO  impl.StateMachineUpdater (StateMachineUpdater.java:lambda$new$0(83)) - 8f9d7271-76b5-412e-ae81-7e5df761feda@group-96F2C83CF50E-StateMachineUpdater: snapshotIndex: updateIncreasingly 14 -> 14
2019-09-07 05:35:25,694 [64ec29ee-6c98-4696-9a13-c832ae556bb8@group-96F2C83CF50E-StateMachineUpdater] INFO  impl.StateMachineUpdater (StateMachineUpdater.java:takeSnapshot(258)) - 64ec29ee-6c98-4696-9a13-c832ae556bb8@group-96F2C83CF50E-StateMachineUpdater: Took a snapshot at index 14
2019-09-07 05:35:25,695 [main] INFO  impl.RaftServerImpl (ServerState.java:close(385)) - 8f9d7271-76b5-412e-ae81-7e5df761feda@group-96F2C83CF50E: closes. applyIndex: 16
2019-09-07 05:35:25,695 [64ec29ee-6c98-4696-9a13-c832ae556bb8@group-96F2C83CF50E-StateMachineUpdater] INFO  impl.StateMachineUpdater (StateMachineUpdater.java:lambda$new$0(83)) - 64ec29ee-6c98-4696-9a13-c832ae556bb8@group-96F2C83CF50E-StateMachineUpdater: snapshotIndex: updateIncreasingly 14 -> 14
2019-09-07 05:35:25,695 [8f9d7271-76b5-412e-ae81-7e5df761feda@group-96F2C83CF50E-SegmentedRaftLogWorker] INFO  segmented.SegmentedRaftLogWorker (SegmentedRaftLogWorker.java:run(313)) - 8f9d7271-76b5-412e-ae81-7e5df761feda@group-96F2C83CF50E-SegmentedRaftLogWorker was interrupted, exiting. There are 0 tasks remaining in the queue.
2019-09-07 05:35:25,695 [ForkJoinPool.commonPool-worker-0] INFO  impl.RaftServerImpl (ServerState.java:close(385)) - 64ec29ee-6c98-4696-9a13-c832ae556bb8@group-96F2C83CF50E: closes. applyIndex: 16
2019-09-07 05:35:25,698 [main] INFO  segmented.SegmentedRaftLogWorker (SegmentedRaftLogWorker.java:close(228)) - 8f9d7271-76b5-412e-ae81-7e5df761feda@group-96F2C83CF50E-SegmentedRaftLogWorker close()
2019-09-07 05:35:25,698 [64ec29ee-6c98-4696-9a13-c832ae556bb8@group-96F2C83CF50E-SegmentedRaftLogWorker] INFO  segmented.SegmentedRaftLogWorker (SegmentedRaftLogWorker.java:run(313)) - 64ec29ee-6c98-4696-9a13-c832ae556bb8@group-96F2C83CF50E-SegmentedRaftLogWorker was interrupted, exiting. There are 0 tasks remaining in the queue.
2019-09-07 05:35:25,700 [main] INFO  server.GrpcService (GrpcService.java:closeImpl(164)) - 8f9d7271-76b5-412e-ae81-7e5df761feda: shutdown server with port 46771 now
2019-09-07 05:35:25,701 [ForkJoinPool.commonPool-worker-0] INFO  segmented.SegmentedRaftLogWorker (SegmentedRaftLogWorker.java:close(228)) - 64ec29ee-6c98-4696-9a13-c832ae556bb8@group-96F2C83CF50E-SegmentedRaftLogWorker close()
2019-09-07 05:35:25,704 [ForkJoinPool.commonPool-worker-0] INFO  server.GrpcService (GrpcService.java:closeImpl(164)) - 64ec29ee-6c98-4696-9a13-c832ae556bb8: shutdown server with port 45804 now
2019-09-07 05:35:25,704 [ForkJoinPool.commonPool-worker-0] INFO  server.GrpcService (GrpcService.java:closeImpl(172)) - 64ec29ee-6c98-4696-9a13-c832ae556bb8: shutdown server with port 45804 successfully
2019-09-07 05:35:25,707 [main] INFO  server.GrpcService (GrpcService.java:closeImpl(172)) - 8f9d7271-76b5-412e-ae81-7e5df761feda: shutdown server with port 46771 successfully
2019-09-07 05:35:25,708 [grpc-default-executor-11] WARN  client.GrpcClientProtocolService (LogUtils.java:warn(134)) - 1-UnorderedRequestStreamObserver1: onError: org.apache.ratis.thirdparty.io.grpc.StatusRuntimeException: CANCELLED: cancelled before receiving half close
2019-09-07 05:35:25,710 [refreshUsed-/workdir/hadoop-ozone/integration-test/target/test-dir/MiniOzoneClusterImpl-ca08d622-674a-461b-bc82-2b6f62167716/datanode-2/data/containers] WARN  fs.CachingGetSpaceUsed (CachingGetSpaceUsed.java:run(183)) - Thread Interrupted waiting to refresh disk information: sleep interrupted
2019-09-07 05:35:25,713 [refreshUsed-/workdir/hadoop-ozone/integration-test/target/test-dir/MiniOzoneClusterImpl-ca08d622-674a-461b-bc82-2b6f62167716/datanode-3/data/containers] WARN  fs.CachingGetSpaceUsed (CachingGetSpaceUsed.java:run(183)) - Thread Interrupted waiting to refresh disk information: sleep interrupted
2019-09-07 05:35:25,730 [ForkJoinPool.commonPool-worker-0] INFO  utils.BackgroundService (BackgroundService.java:shutdown(148)) - Shutting down service BlockDeletingService
2019-09-07 05:35:25,734 [ForkJoinPool.commonPool-worker-0] INFO  statemachine.DatanodeStateMachine (DatanodeStateMachine.java:stopDaemon(395)) - Ozone container server stopped.
2019-09-07 05:35:25,738 [ForkJoinPool.commonPool-worker-0] INFO  handler.ContextHandler (ContextHandler.java:doStop(910)) - Stopped o.e.j.w.WebAppContext@4602f874{/,null,UNAVAILABLE}{/hddsDatanode}
2019-09-07 05:35:25,738 [main] INFO  utils.BackgroundService (BackgroundService.java:shutdown(148)) - Shutting down service BlockDeletingService
2019-09-07 05:35:25,739 [ForkJoinPool.commonPool-worker-0] INFO  server.AbstractConnector (AbstractConnector.java:doStop(318)) - Stopped ServerConnector@7739aac4{HTTP/1.1,[http/1.1]}{0.0.0.0:0}
2019-09-07 05:35:25,740 [ForkJoinPool.commonPool-worker-0] INFO  handler.ContextHandler (ContextHandler.java:doStop(910)) - Stopped o.e.j.s.ServletContextHandler@7e3d2ebd{/static,jar:file:/home/user/.m2/repository/org/apache/hadoop/hadoop-hdds-container-service/0.5.0-SNAPSHOT/hadoop-hdds-container-service-0.5.0-SNAPSHOT.jar!/webapps/static,UNAVAILABLE}
2019-09-07 05:35:25,743 [ForkJoinPool.commonPool-worker-0] INFO  handler.ContextHandler (ContextHandler.java:doStop(910)) - Stopped o.e.j.s.ServletContextHandler@28d739f1{/logs,file:///workdir/hadoop-ozone/integration-test/target/log,UNAVAILABLE}
2019-09-07 05:35:25,745 [main] INFO  statemachine.DatanodeStateMachine (DatanodeStateMachine.java:stopDaemon(395)) - Ozone container server stopped.
2019-09-07 05:35:25,746 [main] INFO  handler.ContextHandler (ContextHandler.java:doStop(910)) - Stopped o.e.j.w.WebAppContext@46468f0{/,null,UNAVAILABLE}{/hddsDatanode}
2019-09-07 05:35:25,747 [main] INFO  server.AbstractConnector (AbstractConnector.java:doStop(318)) - Stopped ServerConnector@5f8f1712{HTTP/1.1,[http/1.1]}{0.0.0.0:0}
2019-09-07 05:35:25,747 [main] INFO  handler.ContextHandler (ContextHandler.java:doStop(910)) - Stopped o.e.j.s.ServletContextHandler@682e422c{/static,jar:file:/home/user/.m2/repository/org/apache/hadoop/hadoop-hdds-container-service/0.5.0-SNAPSHOT/hadoop-hdds-container-service-0.5.0-SNAPSHOT.jar!/webapps/static,UNAVAILABLE}
2019-09-07 05:35:25,748 [main] INFO  handler.ContextHandler (ContextHandler.java:doStop(910)) - Stopped o.e.j.s.ServletContextHandler@4137aab0{/logs,file:///workdir/hadoop-ozone/integration-test/target/log,UNAVAILABLE}
2019-09-07 05:35:25,882 [Datanode State Machine Thread - 0] INFO  statemachine.DatanodeStateMachine (DatanodeStateMachine.java:lambda$startDaemon$0(350)) - Ozone container server started.
2019-09-07 05:35:26,309 [Datanode State Machine Thread - 0] INFO  statemachine.DatanodeStateMachine (DatanodeStateMachine.java:lambda$startDaemon$0(350)) - Ozone container server started.
2019-09-07 05:35:29,901 [EventQueue-StaleNodeForStaleNodeHandler] INFO  node.StaleNodeHandler (StaleNodeHandler.java:onMessage(58)) - Datanode b051b77b-abf9-46c8-84ea-1064ac2c0109{ip: 192.168.36.105, host: trunk-nightly-20190907-l8mkd-3410636087, networkLocation: /default-rack, certSerialId: null} moved to stale state. Finalizing its pipelines [PipelineID=1c08f763-75f3-47d4-b596-fb31d2ab7279]
2019-09-07 05:35:29,901 [EventQueue-StaleNodeForStaleNodeHandler] INFO  pipeline.SCMPipelineManager (SCMPipelineManager.java:finalizeAndDestroyPipeline(311)) - destroying pipeline:Pipeline[ Id: 1c08f763-75f3-47d4-b596-fb31d2ab7279, Nodes: b051b77b-abf9-46c8-84ea-1064ac2c0109{ip: 192.168.36.105, host: trunk-nightly-20190907-l8mkd-3410636087, networkLocation: /default-rack, certSerialId: null}, Type:RATIS, Factor:ONE, State:OPEN]
2019-09-07 05:35:29,902 [EventQueue-StaleNodeForStaleNodeHandler] INFO  pipeline.PipelineStateManager (PipelineStateManager.java:finalizePipeline(123)) - Pipeline Pipeline[ Id: 1c08f763-75f3-47d4-b596-fb31d2ab7279, Nodes: b051b77b-abf9-46c8-84ea-1064ac2c0109{ip: 192.168.36.105, host: trunk-nightly-20190907-l8mkd-3410636087, networkLocation: /default-rack, certSerialId: null}, Type:RATIS, Factor:ONE, State:CLOSED] moved to CLOSED state
2019-09-07 05:35:30,401 [EventQueue-StaleNodeForStaleNodeHandler] INFO  node.StaleNodeHandler (StaleNodeHandler.java:onMessage(58)) - Datanode fcded245-4458-4147-a571-2c36d3556ae0{ip: 192.168.36.105, host: trunk-nightly-20190907-l8mkd-3410636087, networkLocation: /default-rack, certSerialId: null} moved to stale state. Finalizing its pipelines [PipelineID=1baa526f-6bda-4096-bb02-f05fa520ef4d, PipelineID=33e72eaf-212c-4239-ab06-96f2c83cf50e]
2019-09-07 05:35:30,402 [EventQueue-StaleNodeForStaleNodeHandler] INFO  pipeline.SCMPipelineManager (SCMPipelineManager.java:finalizeAndDestroyPipeline(311)) - destroying pipeline:Pipeline[ Id: 1baa526f-6bda-4096-bb02-f05fa520ef4d, Nodes: fcded245-4458-4147-a571-2c36d3556ae0{ip: 192.168.36.105, host: trunk-nightly-20190907-l8mkd-3410636087, networkLocation: /default-rack, certSerialId: null}, Type:RATIS, Factor:ONE, State:OPEN]
2019-09-07 05:35:30,402 [EventQueue-StaleNodeForStaleNodeHandler] INFO  pipeline.PipelineStateManager (PipelineStateManager.java:finalizePipeline(123)) - Pipeline Pipeline[ Id: 1baa526f-6bda-4096-bb02-f05fa520ef4d, Nodes: fcded245-4458-4147-a571-2c36d3556ae0{ip: 192.168.36.105, host: trunk-nightly-20190907-l8mkd-3410636087, networkLocation: /default-rack, certSerialId: null}, Type:RATIS, Factor:ONE, State:CLOSED] moved to CLOSED state
2019-09-07 05:35:30,403 [EventQueue-StaleNodeForStaleNodeHandler] INFO  pipeline.SCMPipelineManager (SCMPipelineManager.java:finalizeAndDestroyPipeline(311)) - destroying pipeline:Pipeline[ Id: 33e72eaf-212c-4239-ab06-96f2c83cf50e, Nodes: 64ec29ee-6c98-4696-9a13-c832ae556bb8{ip: 192.168.36.105, host: trunk-nightly-20190907-l8mkd-3410636087, networkLocation: /default-rack, certSerialId: null}8f9d7271-76b5-412e-ae81-7e5df761feda{ip: 192.168.36.105, host: trunk-nightly-20190907-l8mkd-3410636087, networkLocation: /default-rack, certSerialId: null}fcded245-4458-4147-a571-2c36d3556ae0{ip: 192.168.36.105, host: trunk-nightly-20190907-l8mkd-3410636087, networkLocation: /default-rack, certSerialId: null}, Type:RATIS, Factor:THREE, State:CLOSED]
2019-09-07 05:35:30,748 [ForkJoinPool.commonPool-worker-0] INFO  ozoneimpl.OzoneContainer (OzoneContainer.java:stop(231)) - Attempting to stop container services.
2019-09-07 05:35:30,750 [main] INFO  ozoneimpl.OzoneContainer (OzoneContainer.java:stop(231)) - Attempting to stop container services.
2019-09-07 05:35:30,755 [ForkJoinPool.commonPool-worker-0] INFO  impl.RaftServerProxy (RaftServerProxy.java:lambda$close$4(314)) - fcded245-4458-4147-a571-2c36d3556ae0: close
2019-09-07 05:35:30,756 [main] INFO  impl.RaftServerProxy (RaftServerProxy.java:lambda$close$4(314)) - b051b77b-abf9-46c8-84ea-1064ac2c0109: close
2019-09-07 05:35:30,757 [main] INFO  impl.RaftServerImpl (RaftServerImpl.java:lambda$shutdown$3(251)) - b051b77b-abf9-46c8-84ea-1064ac2c0109@group-FB31D2AB7279: shutdown
2019-09-07 05:35:30,757 [ForkJoinPool.commonPool-worker-0] INFO  impl.RaftServerImpl (RaftServerImpl.java:lambda$shutdown$3(251)) - fcded245-4458-4147-a571-2c36d3556ae0@group-F05FA520EF4D: shutdown
2019-09-07 05:35:30,758 [main] INFO  util.JmxRegister (JmxRegister.java:unregister(73)) - Successfully un-registered JMX Bean with object name Ratis:service=RaftServer,group=group-FB31D2AB7279,id=b051b77b-abf9-46c8-84ea-1064ac2c0109
2019-09-07 05:35:30,758 [ForkJoinPool.commonPool-worker-0] INFO  util.JmxRegister (JmxRegister.java:unregister(73)) - Successfully un-registered JMX Bean with object name Ratis:service=RaftServer,group=group-F05FA520EF4D,id=fcded245-4458-4147-a571-2c36d3556ae0
2019-09-07 05:35:30,758 [main] INFO  impl.RoleInfo (RoleInfo.java:shutdownLeaderState(104)) - b051b77b-abf9-46c8-84ea-1064ac2c0109: shutdown LeaderState
2019-09-07 05:35:30,758 [ForkJoinPool.commonPool-worker-0] INFO  impl.RoleInfo (RoleInfo.java:shutdownLeaderState(104)) - fcded245-4458-4147-a571-2c36d3556ae0: shutdown LeaderState
2019-09-07 05:35:30,759 [ForkJoinPool.commonPool-worker-0] INFO  impl.PendingRequests (PendingRequests.java:sendNotLeaderResponses(202)) - fcded245-4458-4147-a571-2c36d3556ae0-PendingRequests: sendNotLeaderResponses
2019-09-07 05:35:30,759 [main] INFO  impl.PendingRequests (PendingRequests.java:sendNotLeaderResponses(202)) - b051b77b-abf9-46c8-84ea-1064ac2c0109-PendingRequests: sendNotLeaderResponses
2019-09-07 05:35:30,760 [ForkJoinPool.commonPool-worker-0] INFO  impl.StateMachineUpdater (StateMachineUpdater.java:stopAndJoin(125)) - fcded245-4458-4147-a571-2c36d3556ae0@group-F05FA520EF4D-StateMachineUpdater: set stopIndex = 0
2019-09-07 05:35:30,760 [main] INFO  impl.StateMachineUpdater (StateMachineUpdater.java:stopAndJoin(125)) - b051b77b-abf9-46c8-84ea-1064ac2c0109@group-FB31D2AB7279-StateMachineUpdater: set stopIndex = 0
2019-09-07 05:35:30,760 [ForkJoinPool.commonPool-worker-0] INFO  impl.RaftServerImpl (ServerState.java:close(385)) - fcded245-4458-4147-a571-2c36d3556ae0@group-F05FA520EF4D: closes. applyIndex: 0
2019-09-07 05:35:30,761 [main] INFO  impl.RaftServerImpl (ServerState.java:close(385)) - b051b77b-abf9-46c8-84ea-1064ac2c0109@group-FB31D2AB7279: closes. applyIndex: 0
2019-09-07 05:35:30,762 [b051b77b-abf9-46c8-84ea-1064ac2c0109@group-FB31D2AB7279-SegmentedRaftLogWorker] INFO  segmented.SegmentedRaftLogWorker (SegmentedRaftLogWorker.java:run(313)) - b051b77b-abf9-46c8-84ea-1064ac2c0109@group-FB31D2AB7279-SegmentedRaftLogWorker was interrupted, exiting. There are 0 tasks remaining in the queue.
2019-09-07 05:35:30,762 [fcded245-4458-4147-a571-2c36d3556ae0@group-F05FA520EF4D-SegmentedRaftLogWorker] INFO  segmented.SegmentedRaftLogWorker (SegmentedRaftLogWorker.java:run(313)) - fcded245-4458-4147-a571-2c36d3556ae0@group-F05FA520EF4D-SegmentedRaftLogWorker was interrupted, exiting. There are 0 tasks remaining in the queue.
2019-09-07 05:35:30,762 [ForkJoinPool.commonPool-worker-0] INFO  segmented.SegmentedRaftLogWorker (SegmentedRaftLogWorker.java:close(228)) - fcded245-4458-4147-a571-2c36d3556ae0@group-F05FA520EF4D-SegmentedRaftLogWorker close()
2019-09-07 05:35:30,762 [main] INFO  segmented.SegmentedRaftLogWorker (SegmentedRaftLogWorker.java:close(228)) - b051b77b-abf9-46c8-84ea-1064ac2c0109@group-FB31D2AB7279-SegmentedRaftLogWorker close()
2019-09-07 05:35:30,764 [ForkJoinPool.commonPool-worker-0] INFO  impl.RaftServerImpl (RaftServerImpl.java:lambda$shutdown$3(251)) - fcded245-4458-4147-a571-2c36d3556ae0@group-96F2C83CF50E: shutdown
2019-09-07 05:35:30,766 [main] INFO  server.GrpcService (GrpcService.java:closeImpl(164)) - b051b77b-abf9-46c8-84ea-1064ac2c0109: shutdown server with port 40206 now
2019-09-07 05:35:30,767 [ForkJoinPool.commonPool-worker-0] INFO  util.JmxRegister (JmxRegister.java:unregister(73)) - Successfully un-registered JMX Bean with object name Ratis:service=RaftServer,group=group-96F2C83CF50E,id=fcded245-4458-4147-a571-2c36d3556ae0
2019-09-07 05:35:30,767 [ForkJoinPool.commonPool-worker-0] INFO  impl.RoleInfo (RoleInfo.java:shutdownFollowerState(121)) - fcded245-4458-4147-a571-2c36d3556ae0: shutdown FollowerState
2019-09-07 05:35:30,780 [ForkJoinPool.commonPool-worker-0] INFO  impl.StateMachineUpdater (StateMachineUpdater.java:stopAndJoin(125)) - fcded245-4458-4147-a571-2c36d3556ae0@group-96F2C83CF50E-StateMachineUpdater: set stopIndex = 16
2019-09-07 05:35:30,780 [main] INFO  server.GrpcService (GrpcService.java:closeImpl(172)) - b051b77b-abf9-46c8-84ea-1064ac2c0109: shutdown server with port 40206 successfully
2019-09-07 05:35:30,780 [Thread-2984] INFO  impl.FollowerState (FollowerState.java:run(115)) - fcded245-4458-4147-a571-2c36d3556ae0: FollowerState was interrupted: java.lang.InterruptedException: sleep interrupted
2019-09-07 05:35:30,780 [fcded245-4458-4147-a571-2c36d3556ae0@group-96F2C83CF50E-StateMachineUpdater] INFO  ratis.ContainerStateMachine (ContainerStateMachine.java:takeSnapshot(289)) - group-96F2C83CF50E: Taking a snapshot at:(t:1, i:14) file /workdir/hadoop-ozone/integration-test/target/test-dir/MiniOzoneClusterImpl-ca08d622-674a-461b-bc82-2b6f62167716/datanode-0/data/ratis/33e72eaf-212c-4239-ab06-96f2c83cf50e/sm/snapshot.1_14
2019-09-07 05:35:30,787 [refreshUsed-/workdir/hadoop-ozone/integration-test/target/test-dir/MiniOzoneClusterImpl-ca08d622-674a-461b-bc82-2b6f62167716/datanode-6/data/containers] WARN  fs.CachingGetSpaceUsed (CachingGetSpaceUsed.java:run(183)) - Thread Interrupted waiting to refresh disk information: sleep interrupted
2019-09-07 05:35:30,796 [fcded245-4458-4147-a571-2c36d3556ae0@group-96F2C83CF50E-StateMachineUpdater] INFO  ratis.ContainerStateMachine (ContainerStateMachine.java:takeSnapshot(300)) - group-96F2C83CF50E: Finished taking a snapshot at:(t:1, i:14) file:/workdir/hadoop-ozone/integration-test/target/test-dir/MiniOzoneClusterImpl-ca08d622-674a-461b-bc82-2b6f62167716/datanode-0/data/ratis/33e72eaf-212c-4239-ab06-96f2c83cf50e/sm/snapshot.1_14 time:16
2019-09-07 05:35:30,796 [fcded245-4458-4147-a571-2c36d3556ae0@group-96F2C83CF50E-StateMachineUpdater] INFO  impl.StateMachineUpdater (StateMachineUpdater.java:takeSnapshot(258)) - fcded245-4458-4147-a571-2c36d3556ae0@group-96F2C83CF50E-StateMachineUpdater: Took a snapshot at index 14
2019-09-07 05:35:30,796 [fcded245-4458-4147-a571-2c36d3556ae0@group-96F2C83CF50E-StateMachineUpdater] INFO  impl.StateMachineUpdater (StateMachineUpdater.java:lambda$new$0(83)) - fcded245-4458-4147-a571-2c36d3556ae0@group-96F2C83CF50E-StateMachineUpdater: snapshotIndex: updateIncreasingly -1 -> 14
2019-09-07 05:35:30,797 [fcded245-4458-4147-a571-2c36d3556ae0@group-96F2C83CF50E-StateMachineUpdater] INFO  ratis.ContainerStateMachine (ContainerStateMachine.java:takeSnapshot(289)) - group-96F2C83CF50E: Taking a snapshot at:(t:1, i:14) file /workdir/hadoop-ozone/integration-test/target/test-dir/MiniOzoneClusterImpl-ca08d622-674a-461b-bc82-2b6f62167716/datanode-0/data/ratis/33e72eaf-212c-4239-ab06-96f2c83cf50e/sm/snapshot.1_14
2019-09-07 05:35:30,797 [main] INFO  utils.BackgroundService (BackgroundService.java:shutdown(148)) - Shutting down service BlockDeletingService
2019-09-07 05:35:30,803 [main] INFO  statemachine.DatanodeStateMachine (DatanodeStateMachine.java:stopDaemon(395)) - Ozone container server stopped.
2019-09-07 05:35:30,805 [main] INFO  handler.ContextHandler (ContextHandler.java:doStop(910)) - Stopped o.e.j.w.WebAppContext@5e193ef5{/,null,UNAVAILABLE}{/hddsDatanode}
2019-09-07 05:35:30,807 [main] INFO  server.AbstractConnector (AbstractConnector.java:doStop(318)) - Stopped ServerConnector@106c988{HTTP/1.1,[http/1.1]}{0.0.0.0:0}
2019-09-07 05:35:30,807 [main] INFO  handler.ContextHandler (ContextHandler.java:doStop(910)) - Stopped o.e.j.s.ServletContextHandler@78c74647{/static,jar:file:/home/user/.m2/repository/org/apache/hadoop/hadoop-hdds-container-service/0.5.0-SNAPSHOT/hadoop-hdds-container-service-0.5.0-SNAPSHOT.jar!/webapps/static,UNAVAILABLE}
2019-09-07 05:35:30,807 [main] INFO  handler.ContextHandler (ContextHandler.java:doStop(910)) - Stopped o.e.j.s.ServletContextHandler@477523ba{/logs,file:///workdir/hadoop-ozone/integration-test/target/log,UNAVAILABLE}
2019-09-07 05:35:30,809 [fcded245-4458-4147-a571-2c36d3556ae0@group-96F2C83CF50E-StateMachineUpdater] INFO  ratis.ContainerStateMachine (ContainerStateMachine.java:takeSnapshot(300)) - group-96F2C83CF50E: Finished taking a snapshot at:(t:1, i:14) file:/workdir/hadoop-ozone/integration-test/target/test-dir/MiniOzoneClusterImpl-ca08d622-674a-461b-bc82-2b6f62167716/datanode-0/data/ratis/33e72eaf-212c-4239-ab06-96f2c83cf50e/sm/snapshot.1_14 time:12
2019-09-07 05:35:30,809 [fcded245-4458-4147-a571-2c36d3556ae0@group-96F2C83CF50E-StateMachineUpdater] INFO  impl.StateMachineUpdater (StateMachineUpdater.java:takeSnapshot(258)) - fcded245-4458-4147-a571-2c36d3556ae0@group-96F2C83CF50E-StateMachineUpdater: Took a snapshot at index 14
2019-09-07 05:35:30,809 [fcded245-4458-4147-a571-2c36d3556ae0@group-96F2C83CF50E-StateMachineUpdater] INFO  impl.StateMachineUpdater (StateMachineUpdater.java:lambda$new$0(83)) - fcded245-4458-4147-a571-2c36d3556ae0@group-96F2C83CF50E-StateMachineUpdater: snapshotIndex: updateIncreasingly 14 -> 14
2019-09-07 05:35:30,810 [ForkJoinPool.commonPool-worker-0] INFO  impl.RaftServerImpl (ServerState.java:close(385)) - fcded245-4458-4147-a571-2c36d3556ae0@group-96F2C83CF50E: closes. applyIndex: 16
2019-09-07 05:35:30,810 [fcded245-4458-4147-a571-2c36d3556ae0@group-96F2C83CF50E-SegmentedRaftLogWorker] INFO  segmented.SegmentedRaftLogWorker (SegmentedRaftLogWorker.java:run(313)) - fcded245-4458-4147-a571-2c36d3556ae0@group-96F2C83CF50E-SegmentedRaftLogWorker was interrupted, exiting. There are 0 tasks remaining in the queue.
2019-09-07 05:35:30,812 [ForkJoinPool.commonPool-worker-0] INFO  segmented.SegmentedRaftLogWorker (SegmentedRaftLogWorker.java:close(228)) - fcded245-4458-4147-a571-2c36d3556ae0@group-96F2C83CF50E-SegmentedRaftLogWorker close()
2019-09-07 05:35:30,814 [ForkJoinPool.commonPool-worker-0] INFO  server.GrpcService (GrpcService.java:closeImpl(164)) - fcded245-4458-4147-a571-2c36d3556ae0: shutdown server with port 34963 now
2019-09-07 05:35:30,814 [ForkJoinPool.commonPool-worker-0] INFO  server.GrpcService (GrpcService.java:closeImpl(172)) - fcded245-4458-4147-a571-2c36d3556ae0: shutdown server with port 34963 successfully
2019-09-07 05:35:30,816 [refreshUsed-/workdir/hadoop-ozone/integration-test/target/test-dir/MiniOzoneClusterImpl-ca08d622-674a-461b-bc82-2b6f62167716/datanode-0/data/containers] WARN  fs.CachingGetSpaceUsed (CachingGetSpaceUsed.java:run(183)) - Thread Interrupted waiting to refresh disk information: sleep interrupted
2019-09-07 05:35:30,832 [ForkJoinPool.commonPool-worker-0] INFO  utils.BackgroundService (BackgroundService.java:shutdown(148)) - Shutting down service BlockDeletingService
2019-09-07 05:35:30,836 [ForkJoinPool.commonPool-worker-0] INFO  statemachine.DatanodeStateMachine (DatanodeStateMachine.java:stopDaemon(395)) - Ozone container server stopped.
2019-09-07 05:35:30,839 [ForkJoinPool.commonPool-worker-0] INFO  handler.ContextHandler (ContextHandler.java:doStop(910)) - Stopped o.e.j.w.WebAppContext@41aebbb4{/,null,UNAVAILABLE}{/hddsDatanode}
2019-09-07 05:35:30,840 [ForkJoinPool.commonPool-worker-0] INFO  server.AbstractConnector (AbstractConnector.java:doStop(318)) - Stopped ServerConnector@afde064{HTTP/1.1,[http/1.1]}{0.0.0.0:0}
2019-09-07 05:35:30,843 [ForkJoinPool.commonPool-worker-0] INFO  handler.ContextHandler (ContextHandler.java:doStop(910)) - Stopped o.e.j.s.ServletContextHandler@3dfd6220{/static,jar:file:/home/user/.m2/repository/org/apache/hadoop/hadoop-hdds-container-service/0.5.0-SNAPSHOT/hadoop-hdds-container-service-0.5.0-SNAPSHOT.jar!/webapps/static,UNAVAILABLE}
2019-09-07 05:35:30,843 [ForkJoinPool.commonPool-worker-0] INFO  handler.ContextHandler (ContextHandler.java:doStop(910)) - Stopped o.e.j.s.ServletContextHandler@7c453c34{/logs,file:///workdir/hadoop-ozone/integration-test/target/log,UNAVAILABLE}
2019-09-07 05:35:30,844 [main] INFO  ozone.MiniOzoneClusterImpl (MiniOzoneClusterImpl.java:stop(339)) - Stopping the StorageContainerManager
2019-09-07 05:35:30,845 [main] INFO  server.StorageContainerManager (StorageContainerManager.java:stop(801)) - Stopping Replication Manager Service.
2019-09-07 05:35:30,845 [main] INFO  container.ReplicationManager (ReplicationManager.java:stop(203)) - Stopping Replication Monitor Thread.
2019-09-07 05:35:30,845 [main] INFO  server.StorageContainerManager (StorageContainerManager.java:stop(808)) - Stopping Lease Manager of the command watchers
2019-09-07 05:35:30,845 [main] INFO  server.StorageContainerManager (StorageContainerManager.java:stop(815)) - Stopping datanode service RPC server
2019-09-07 05:35:30,845 [main] INFO  server.SCMDatanodeProtocolServer (SCMDatanodeProtocolServer.java:stop(367)) - Stopping the RPC server for DataNodes
2019-09-07 05:35:30,845 [main] INFO  ipc.Server (Server.java:stop(3082)) - Stopping server on 38244
2019-09-07 05:35:30,848 [IPC Server listener on 38244] INFO  ipc.Server (Server.java:run(1185)) - Stopping IPC Server listener on 38244
2019-09-07 05:35:30,848 [IPC Server Responder] INFO  ipc.Server (Server.java:run(1319)) - Stopping IPC Server Responder
2019-09-07 05:35:30,902 [SCM Heartbeat Processing Thread - 0] WARN  node.NodeStateManager (NodeStateManager.java:scheduleNextHealthCheck(646)) - Current Thread is interrupted, shutting down HB processing thread for Node Manager.
2019-09-07 05:35:30,902 [main] INFO  server.StorageContainerManager (StorageContainerManager.java:stop(823)) - Stopping block service RPC server
2019-09-07 05:35:30,902 [main] INFO  server.SCMBlockProtocolServer (SCMBlockProtocolServer.java:stop(155)) - Stopping the RPC server for Block Protocol
2019-09-07 05:35:30,903 [main] INFO  ipc.Server (Server.java:stop(3082)) - Stopping server on 36098
2019-09-07 05:35:30,906 [IPC Server listener on 36098] INFO  ipc.Server (Server.java:run(1185)) - Stopping IPC Server listener on 36098
2019-09-07 05:35:30,906 [main] INFO  server.StorageContainerManager (StorageContainerManager.java:stop(830)) - Stopping the StorageContainerLocationProtocol RPC server
2019-09-07 05:35:30,906 [IPC Server Responder] INFO  ipc.Server (Server.java:run(1319)) - Stopping IPC Server Responder
2019-09-07 05:35:30,907 [main] INFO  server.SCMClientProtocolServer (SCMClientProtocolServer.java:stop(159)) - Stopping the RPC server for Client Protocol
2019-09-07 05:35:30,907 [main] INFO  ipc.Server (Server.java:stop(3082)) - Stopping server on 37897
2019-09-07 05:35:30,910 [IPC Server listener on 37897] INFO  ipc.Server (Server.java:run(1185)) - Stopping IPC Server listener on 37897
2019-09-07 05:35:30,910 [IPC Server Responder] INFO  ipc.Server (Server.java:run(1319)) - Stopping IPC Server Responder
2019-09-07 05:35:30,910 [main] INFO  server.StorageContainerManager (StorageContainerManager.java:stop(837)) - Stopping Storage Container Manager HTTP server.
2019-09-07 05:35:30,912 [main] INFO  handler.ContextHandler (ContextHandler.java:doStop(910)) - Stopped o.e.j.w.WebAppContext@9e02f84{/,null,UNAVAILABLE}{/scm}
2019-09-07 05:35:30,912 [main] INFO  server.AbstractConnector (AbstractConnector.java:doStop(318)) - Stopped ServerConnector@1e6060f1{HTTP/1.1,[http/1.1]}{0.0.0.0:0}
2019-09-07 05:35:30,912 [main] INFO  handler.ContextHandler (ContextHandler.java:doStop(910)) - Stopped o.e.j.s.ServletContextHandler@62b6c045{/static,file:///workdir/hadoop-ozone/integration-test/target/test-classes/webapps/static,UNAVAILABLE}
2019-09-07 05:35:30,913 [main] INFO  handler.ContextHandler (ContextHandler.java:doStop(910)) - Stopped o.e.j.s.ServletContextHandler@21f7e537{/logs,file:///workdir/hadoop-ozone/integration-test/target/log,UNAVAILABLE}
2019-09-07 05:35:30,914 [main] INFO  server.StorageContainerManager (StorageContainerManager.java:stop(848)) - Stopping Block Manager Service.
2019-09-07 05:35:30,914 [main] INFO  utils.BackgroundService (BackgroundService.java:shutdown(148)) - Shutting down service SCMBlockDeletingService
2019-09-07 05:35:30,915 [main] INFO  utils.BackgroundService (BackgroundService.java:shutdown(148)) - Shutting down service SCMBlockDeletingService
2019-09-07 05:35:30,915 [main] INFO  server.StorageContainerManager (StorageContainerManager.java:stop(870)) - Stopping SCM Event Queue.
2019-09-07 05:35:30,920 [main] INFO  impl.MetricsSystemImpl (MetricsSystemImpl.java:stop(210)) - Stopping HddsDatanode metrics system...
2019-09-07 05:35:30,948 [main] INFO  impl.MetricsSystemImpl (MetricsSystemImpl.java:stop(216)) - HddsDatanode metrics system stopped.
]]></system-out>
  </testcase>
  <testcase name="testFailureWithPrimeSizedData" classname="org.apache.hadoop.ozone.client.rpc.TestBlockOutputStreamWithFailures" time="33.97"/>
  <testcase name="testWatchForCommitWithCloseContainerException" classname="org.apache.hadoop.ozone.client.rpc.TestBlockOutputStreamWithFailures" time="39.126"/>
  <testcase name="testExceptionDuringClose" classname="org.apache.hadoop.ozone.client.rpc.TestBlockOutputStreamWithFailures" time="34.037"/>
</testsuite>