<?xml version="1.0" encoding="UTF-8"?>
<testsuite xmlns:xsi="http://www.w3.org/2001/XMLSchema-instance" xsi:noNamespaceSchemaLocation="https://maven.apache.org/surefire/maven-surefire-plugin/xsd/surefire-test-report.xsd" name="org.apache.hadoop.ozone.client.rpc.TestWatchForCommit" time="243.338" tests="5" errors="1" skipped="0" failures="0">
  <properties>
    <property name="awt.toolkit" value="sun.awt.X11.XToolkit"/>
    <property name="file.encoding.pkg" value="sun.io"/>
    <property name="java.specification.version" value="1.8"/>
    <property name="sun.cpu.isalist" value=""/>
    <property name="sun.jnu.encoding" value="UTF-8"/>
    <property name="java.class.path" value="/workdir/hadoop-ozone/integration-test/target/test-classes:/workdir/hadoop-ozone/integration-test/target/classes:/home/user/.m2/repository/org/apache/hadoop/hadoop-ozone-common/0.5.0-SNAPSHOT/hadoop-ozone-common-0.5.0-SNAPSHOT.jar:/home/user/.m2/repository/org/apache/commons/commons-compress/1.4.1/commons-compress-1.4.1.jar:/home/user/.m2/repository/org/tukaani/xz/1.0/xz-1.0.jar:/home/user/.m2/repository/org/apache/hadoop/hadoop-common/3.2.0/hadoop-common-3.2.0.jar:/home/user/.m2/repository/org/apache/hadoop/hadoop-hdfs/3.2.0/hadoop-hdfs-3.2.0.jar:/home/user/.m2/repository/org/apache/hadoop/hadoop-hdfs-client/3.2.0/hadoop-hdfs-client-3.2.0.jar:/home/user/.m2/repository/com/fasterxml/jackson/core/jackson-annotations/2.9.5/jackson-annotations-2.9.5.jar:/home/user/.m2/repository/org/apache/hadoop/hadoop-hdds-common/0.5.0-SNAPSHOT/hadoop-hdds-common-0.5.0-SNAPSHOT.jar:/home/user/.m2/repository/javax/annotation/javax.annotation-api/1.2/javax.annotation-api-1.2.jar:/home/user/.m2/repository/org/apache/ratis/ratis-server/0.4.0-78e95b9-SNAPSHOT/ratis-server-0.4.0-78e95b9-SNAPSHOT.jar:/home/user/.m2/repository/org/apache/ratis/ratis-thirdparty-misc/0.2.0/ratis-thirdparty-misc-0.2.0.jar:/home/user/.m2/repository/org/apache/ratis/ratis-proto/0.4.0-78e95b9-SNAPSHOT/ratis-proto-0.4.0-78e95b9-SNAPSHOT.jar:/home/user/.m2/repository/org/apache/ratis/ratis-common/0.4.0-78e95b9-SNAPSHOT/ratis-common-0.4.0-78e95b9-SNAPSHOT.jar:/home/user/.m2/repository/org/apache/ratis/ratis-client/0.4.0-78e95b9-SNAPSHOT/ratis-client-0.4.0-78e95b9-SNAPSHOT.jar:/home/user/.m2/repository/org/apache/ratis/ratis-metrics/0.4.0-78e95b9-SNAPSHOT/ratis-metrics-0.4.0-78e95b9-SNAPSHOT.jar:/home/user/.m2/repository/com/github/joshelser/dropwizard-metrics-hadoop-metrics2-reporter/0.1.2/dropwizard-metrics-hadoop-metrics2-reporter-0.1.2.jar:/home/user/.m2/repository/io/dropwizard/metrics/metrics-jvm/3.2.5/metrics-jvm-3.2.5.jar:/home/user/.m2/repository/io/dropwizard/metrics/metrics-ganglia/3.2.5/metrics-ganglia-3.2.5.jar:/home/user/.m2/repository/info/ganglia/gmetric4j/gmetric4j/1.0.7/gmetric4j-1.0.7.jar:/home/user/.m2/repository/org/apache/ratis/ratis-netty/0.4.0-78e95b9-SNAPSHOT/ratis-netty-0.4.0-78e95b9-SNAPSHOT.jar:/home/user/.m2/repository/org/apache/ratis/ratis-grpc/0.4.0-78e95b9-SNAPSHOT/ratis-grpc-0.4.0-78e95b9-SNAPSHOT.jar:/home/user/.m2/repository/org/rocksdb/rocksdbjni/6.0.1/rocksdbjni-6.0.1.jar:/home/user/.m2/repository/org/apache/logging/log4j/log4j-api/2.11.0/log4j-api-2.11.0.jar:/home/user/.m2/repository/org/apache/logging/log4j/log4j-core/2.11.0/log4j-core-2.11.0.jar:/home/user/.m2/repository/com/lmax/disruptor/3.4.2/disruptor-3.4.2.jar:/home/user/.m2/repository/org/apache/commons/commons-pool2/2.6.0/commons-pool2-2.6.0.jar:/home/user/.m2/repository/org/bouncycastle/bcpkix-jdk15on/1.60/bcpkix-jdk15on-1.60.jar:/home/user/.m2/repository/commons-validator/commons-validator/1.6/commons-validator-1.6.jar:/home/user/.m2/repository/commons-digester/commons-digester/1.8.1/commons-digester-1.8.1.jar:/home/user/.m2/repository/io/jaegertracing/jaeger-client/0.33.1/jaeger-client-0.33.1.jar:/home/user/.m2/repository/io/jaegertracing/jaeger-thrift/0.33.1/jaeger-thrift-0.33.1.jar:/home/user/.m2/repository/org/apache/thrift/libthrift/0.11.0/libthrift-0.11.0.jar:/home/user/.m2/repository/com/squareup/okhttp3/okhttp/3.9.0/okhttp-3.9.0.jar:/home/user/.m2/repository/com/squareup/okio/okio/1.13.0/okio-1.13.0.jar:/home/user/.m2/repository/io/jaegertracing/jaeger-core/0.33.1/jaeger-core-0.33.1.jar:/home/user/.m2/repository/io/jaegertracing/jaeger-tracerresolver/0.33.1/jaeger-tracerresolver-0.33.1.jar:/home/user/.m2/repository/io/opentracing/contrib/opentracing-tracerresolver/0.1.5/opentracing-tracerresolver-0.1.5.jar:/home/user/.m2/repository/io/opentracing/opentracing-util/0.31.0/opentracing-util-0.31.0.jar:/home/user/.m2/repository/io/opentracing/opentracing-api/0.31.0/opentracing-api-0.31.0.jar:/home/user/.m2/repository/io/opentracing/opentracing-noop/0.31.0/opentracing-noop-0.31.0.jar:/home/user/.m2/repository/org/apache/hadoop/hadoop-hdds-server-framework/0.5.0-SNAPSHOT/hadoop-hdds-server-framework-0.5.0-SNAPSHOT.jar:/home/user/.m2/repository/org/apache/hadoop/hadoop-hdds-container-service/0.5.0-SNAPSHOT/hadoop-hdds-container-service-0.5.0-SNAPSHOT.jar:/home/user/.m2/repository/org/apache/hadoop/hadoop-hdds-client/0.5.0-SNAPSHOT/hadoop-hdds-client-0.5.0-SNAPSHOT.jar:/home/user/.m2/repository/org/apache/hadoop/hadoop-hdds-tools/0.5.0-SNAPSHOT/hadoop-hdds-tools-0.5.0-SNAPSHOT.jar:/home/user/.m2/repository/org/apache/hadoop/hadoop-hdds-server-scm/0.5.0-SNAPSHOT/hadoop-hdds-server-scm-0.5.0-SNAPSHOT.jar:/home/user/.m2/repository/org/apache/hadoop/hadoop-hdds-docs/0.5.0-SNAPSHOT/hadoop-hdds-docs-0.5.0-SNAPSHOT.jar:/home/user/.m2/repository/io/dropwizard/metrics/metrics-core/3.2.4/metrics-core-3.2.4.jar:/home/user/.m2/repository/org/hamcrest/hamcrest-all/1.3/hamcrest-all-1.3.jar:/home/user/.m2/repository/org/bouncycastle/bcprov-jdk15on/1.60/bcprov-jdk15on-1.60.jar:/home/user/.m2/repository/info/picocli/picocli/3.9.6/picocli-3.9.6.jar:/home/user/.m2/repository/com/google/protobuf/protobuf-java/2.5.0/protobuf-java-2.5.0.jar:/home/user/.m2/repository/com/google/guava/guava/11.0.2/guava-11.0.2.jar:/home/user/.m2/repository/org/apache/hadoop/hadoop-ozone-ozone-manager/0.5.0-SNAPSHOT/hadoop-ozone-ozone-manager-0.5.0-SNAPSHOT.jar:/home/user/.m2/repository/org/apache/hadoop/hadoop-minikdc/3.2.0/hadoop-minikdc-3.2.0.jar:/home/user/.m2/repository/commons-io/commons-io/2.5/commons-io-2.5.jar:/home/user/.m2/repository/org/apache/kerby/kerb-simplekdc/1.0.1/kerb-simplekdc-1.0.1.jar:/home/user/.m2/repository/org/apache/kerby/kerb-client/1.0.1/kerb-client-1.0.1.jar:/home/user/.m2/repository/org/apache/kerby/kerby-config/1.0.1/kerby-config-1.0.1.jar:/home/user/.m2/repository/org/apache/kerby/kerb-core/1.0.1/kerb-core-1.0.1.jar:/home/user/.m2/repository/org/apache/kerby/kerby-pkix/1.0.1/kerby-pkix-1.0.1.jar:/home/user/.m2/repository/org/apache/kerby/kerby-asn1/1.0.1/kerby-asn1-1.0.1.jar:/home/user/.m2/repository/org/apache/kerby/kerby-util/1.0.1/kerby-util-1.0.1.jar:/home/user/.m2/repository/org/apache/kerby/kerb-common/1.0.1/kerb-common-1.0.1.jar:/home/user/.m2/repository/org/apache/kerby/kerb-crypto/1.0.1/kerb-crypto-1.0.1.jar:/home/user/.m2/repository/org/apache/kerby/kerb-util/1.0.1/kerb-util-1.0.1.jar:/home/user/.m2/repository/org/apache/kerby/token-provider/1.0.1/token-provider-1.0.1.jar:/home/user/.m2/repository/org/apache/kerby/kerb-admin/1.0.1/kerb-admin-1.0.1.jar:/home/user/.m2/repository/org/apache/kerby/kerb-server/1.0.1/kerb-server-1.0.1.jar:/home/user/.m2/repository/org/apache/kerby/kerb-identity/1.0.1/kerb-identity-1.0.1.jar:/home/user/.m2/repository/org/apache/kerby/kerby-xdr/1.0.1/kerby-xdr-1.0.1.jar:/home/user/.m2/repository/org/slf4j/slf4j-log4j12/1.7.25/slf4j-log4j12-1.7.25.jar:/home/user/.m2/repository/org/apache/hadoop/hadoop-ozone-s3gateway/0.5.0-SNAPSHOT/hadoop-ozone-s3gateway-0.5.0-SNAPSHOT.jar:/home/user/.m2/repository/org/jboss/weld/servlet/weld-servlet/2.4.7.Final/weld-servlet-2.4.7.Final.jar:/home/user/.m2/repository/org/glassfish/jersey/containers/jersey-container-servlet-core/2.27/jersey-container-servlet-core-2.27.jar:/home/user/.m2/repository/org/glassfish/hk2/external/javax.inject/2.5.0-b42/javax.inject-2.5.0-b42.jar:/home/user/.m2/repository/org/glassfish/jersey/core/jersey-common/2.27/jersey-common-2.27.jar:/home/user/.m2/repository/org/glassfish/hk2/osgi-resource-locator/1.0.1/osgi-resource-locator-1.0.1.jar:/home/user/.m2/repository/javax/ws/rs/javax.ws.rs-api/2.1/javax.ws.rs-api-2.1.jar:/home/user/.m2/repository/org/glassfish/jersey/ext/cdi/jersey-cdi1x/2.27/jersey-cdi1x-2.27.jar:/home/user/.m2/repository/org/glassfish/jersey/inject/jersey-hk2/2.27/jersey-hk2-2.27.jar:/home/user/.m2/repository/org/glassfish/hk2/hk2-locator/2.5.0-b42/hk2-locator-2.5.0-b42.jar:/home/user/.m2/repository/org/javassist/javassist/3.22.0-CR2/javassist-3.22.0-CR2.jar:/home/user/.m2/repository/org/glassfish/hk2/hk2-api/2.5.0/hk2-api-2.5.0.jar:/home/user/.m2/repository/org/glassfish/hk2/external/jakarta.inject/2.5.0/jakarta.inject-2.5.0.jar:/home/user/.m2/repository/org/glassfish/hk2/hk2-utils/2.5.0/hk2-utils-2.5.0.jar:/home/user/.m2/repository/jakarta/annotation/jakarta.annotation-api/1.3.4/jakarta.annotation-api-1.3.4.jar:/home/user/.m2/repository/org/glassfish/hk2/external/aopalliance-repackaged/2.5.0/aopalliance-repackaged-2.5.0.jar:/home/user/.m2/repository/com/fasterxml/jackson/dataformat/jackson-dataformat-xml/2.9.0/jackson-dataformat-xml-2.9.0.jar:/home/user/.m2/repository/com/fasterxml/jackson/core/jackson-core/2.9.5/jackson-core-2.9.5.jar:/home/user/.m2/repository/com/fasterxml/jackson/module/jackson-module-jaxb-annotations/2.9.5/jackson-module-jaxb-annotations-2.9.5.jar:/home/user/.m2/repository/javax/enterprise/cdi-api/1.2/cdi-api-1.2.jar:/home/user/.m2/repository/javax/el/javax.el-api/3.0.0/javax.el-api-3.0.0.jar:/home/user/.m2/repository/javax/interceptor/javax.interceptor-api/1.2/javax.interceptor-api-1.2.jar:/home/user/.m2/repository/javax/inject/javax.inject/1/javax.inject-1.jar:/home/user/.m2/repository/com/sun/xml/bind/jaxb-impl/2.3.0.1/jaxb-impl-2.3.0.1.jar:/home/user/.m2/repository/com/sun/xml/bind/jaxb-core/2.3.0.1/jaxb-core-2.3.0.1.jar:/home/user/.m2/repository/javax/xml/bind/jaxb-api/2.3.0/jaxb-api-2.3.0.jar:/home/user/.m2/repository/javax/activation/activation/1.1.1/activation-1.1.1.jar:/home/user/.m2/repository/org/apache/hadoop/hadoop-ozone-csi/0.5.0-SNAPSHOT/hadoop-ozone-csi-0.5.0-SNAPSHOT.jar:/home/user/.m2/repository/com/google/protobuf/protobuf-java-util/3.5.1/protobuf-java-util-3.5.1.jar:/home/user/.m2/repository/org/apache/hadoop/hadoop-hdds-config/0.5.0-SNAPSHOT/hadoop-hdds-config-0.5.0-SNAPSHOT.jar:/home/user/.m2/repository/io/grpc/grpc-netty/1.17.1/grpc-netty-1.17.1.jar:/home/user/.m2/repository/io/grpc/grpc-core/1.17.1/grpc-core-1.17.1.jar:/home/user/.m2/repository/io/grpc/grpc-context/1.17.1/grpc-context-1.17.1.jar:/home/user/.m2/repository/com/google/errorprone/error_prone_annotations/2.2.0/error_prone_annotations-2.2.0.jar:/home/user/.m2/repository/org/codehaus/mojo/animal-sniffer-annotations/1.17/animal-sniffer-annotations-1.17.jar:/home/user/.m2/repository/io/opencensus/opencensus-api/0.17.0/opencensus-api-0.17.0.jar:/home/user/.m2/repository/io/opencensus/opencensus-contrib-grpc-metrics/0.17.0/opencensus-contrib-grpc-metrics-0.17.0.jar:/home/user/.m2/repository/io/netty/netty-codec-http2/4.1.30.Final/netty-codec-http2-4.1.30.Final.jar:/home/user/.m2/repository/io/netty/netty-codec-http/4.1.30.Final/netty-codec-http-4.1.30.Final.jar:/home/user/.m2/repository/io/netty/netty-codec/4.1.30.Final/netty-codec-4.1.30.Final.jar:/home/user/.m2/repository/io/netty/netty-handler/4.1.30.Final/netty-handler-4.1.30.Final.jar:/home/user/.m2/repository/io/netty/netty-handler-proxy/4.1.30.Final/netty-handler-proxy-4.1.30.Final.jar:/home/user/.m2/repository/io/netty/netty-codec-socks/4.1.30.Final/netty-codec-socks-4.1.30.Final.jar:/home/user/.m2/repository/io/netty/netty-transport-native-epoll/4.1.30.Final/netty-transport-native-epoll-4.1.30.Final.jar:/home/user/.m2/repository/io/netty/netty-common/4.1.30.Final/netty-common-4.1.30.Final.jar:/home/user/.m2/repository/io/netty/netty-buffer/4.1.30.Final/netty-buffer-4.1.30.Final.jar:/home/user/.m2/repository/io/netty/netty-transport/4.1.30.Final/netty-transport-4.1.30.Final.jar:/home/user/.m2/repository/io/netty/netty-resolver/4.1.30.Final/netty-resolver-4.1.30.Final.jar:/home/user/.m2/repository/io/netty/netty-transport-native-unix-common/4.1.30.Final/netty-transport-native-unix-common-4.1.30.Final.jar:/home/user/.m2/repository/io/grpc/grpc-protobuf/1.17.1/grpc-protobuf-1.17.1.jar:/home/user/.m2/repository/com/google/api/grpc/proto-google-common-protos/1.0.0/proto-google-common-protos-1.0.0.jar:/home/user/.m2/repository/io/grpc/grpc-protobuf-lite/1.17.1/grpc-protobuf-lite-1.17.1.jar:/home/user/.m2/repository/io/grpc/grpc-stub/1.17.1/grpc-stub-1.17.1.jar:/home/user/.m2/repository/org/apache/hadoop/hadoop-ozone-recon/0.5.0-SNAPSHOT/hadoop-ozone-recon-0.5.0-SNAPSHOT.jar:/home/user/.m2/repository/org/apache/hadoop/hadoop-ozone-reconcodegen/0.5.0-SNAPSHOT/hadoop-ozone-reconcodegen-0.5.0-SNAPSHOT.jar:/home/user/.m2/repository/com/google/inject/extensions/guice-multibindings/4.0/guice-multibindings-4.0.jar:/home/user/.m2/repository/com/google/inject/guice/4.0/guice-4.0.jar:/home/user/.m2/repository/aopalliance/aopalliance/1.0/aopalliance-1.0.jar:/home/user/.m2/repository/com/google/inject/extensions/guice-servlet/4.0/guice-servlet-4.0.jar:/home/user/.m2/repository/org/glassfish/jersey/containers/jersey-container-servlet/2.27/jersey-container-servlet-2.27.jar:/home/user/.m2/repository/org/glassfish/hk2/guice-bridge/2.5.0/guice-bridge-2.5.0.jar:/home/user/.m2/repository/org/glassfish/jersey/core/jersey-server/2.27/jersey-server-2.27.jar:/home/user/.m2/repository/org/glassfish/jersey/core/jersey-client/2.27/jersey-client-2.27.jar:/home/user/.m2/repository/org/glassfish/jersey/media/jersey-media-jaxb/2.27/jersey-media-jaxb-2.27.jar:/home/user/.m2/repository/javax/validation/validation-api/1.1.0.Final/validation-api-1.1.0.Final.jar:/home/user/.m2/repository/org/glassfish/jersey/media/jersey-media-json-jackson/2.27/jersey-media-json-jackson-2.27.jar:/home/user/.m2/repository/org/glassfish/jersey/ext/jersey-entity-filtering/2.27/jersey-entity-filtering-2.27.jar:/home/user/.m2/repository/com/google/inject/extensions/guice-assistedinject/4.0/guice-assistedinject-4.0.jar:/home/user/.m2/repository/org/jooq/jooq/3.11.10/jooq-3.11.10.jar:/home/user/.m2/repository/org/jooq/jooq-meta/3.11.10/jooq-meta-3.11.10.jar:/home/user/.m2/repository/org/jooq/jooq-codegen/3.11.10/jooq-codegen-3.11.10.jar:/home/user/.m2/repository/com/jolbox/bonecp/0.8.0.RELEASE/bonecp-0.8.0.RELEASE.jar:/home/user/.m2/repository/org/xerial/sqlite-jdbc/3.25.2/sqlite-jdbc-3.25.2.jar:/home/user/.m2/repository/org/springframework/spring-jdbc/5.1.3.RELEASE/spring-jdbc-5.1.3.RELEASE.jar:/home/user/.m2/repository/org/springframework/spring-beans/5.1.3.RELEASE/spring-beans-5.1.3.RELEASE.jar:/home/user/.m2/repository/org/springframework/spring-core/5.1.3.RELEASE/spring-core-5.1.3.RELEASE.jar:/home/user/.m2/repository/org/springframework/spring-jcl/5.1.3.RELEASE/spring-jcl-5.1.3.RELEASE.jar:/home/user/.m2/repository/org/springframework/spring-tx/5.1.3.RELEASE/spring-tx-5.1.3.RELEASE.jar:/home/user/.m2/repository/org/apache/hadoop/hadoop-ozone-client/0.5.0-SNAPSHOT/hadoop-ozone-client-0.5.0-SNAPSHOT.jar:/home/user/.m2/repository/commons-lang/commons-lang/2.6/commons-lang-2.6.jar:/home/user/.m2/repository/org/apache/hadoop/hadoop-ozone-ozone-manager/0.5.0-SNAPSHOT/hadoop-ozone-ozone-manager-0.5.0-SNAPSHOT-tests.jar:/home/user/.m2/repository/junit/junit/4.11/junit-4.11.jar:/home/user/.m2/repository/org/hamcrest/hamcrest-core/1.3/hamcrest-core-1.3.jar:/home/user/.m2/repository/org/openjdk/jmh/jmh-core/1.19/jmh-core-1.19.jar:/home/user/.m2/repository/net/sf/jopt-simple/jopt-simple/4.6/jopt-simple-4.6.jar:/home/user/.m2/repository/org/apache/commons/commons-math3/3.1.1/commons-math3-3.1.1.jar:/home/user/.m2/repository/org/openjdk/jmh/jmh-generator-annprocess/1.19/jmh-generator-annprocess-1.19.jar:/home/user/.m2/repository/org/mockito/mockito-all/1.8.5/mockito-all-1.8.5.jar:/home/user/.m2/repository/org/apache/hadoop/hadoop-kms/3.2.0/hadoop-kms-3.2.0.jar:/home/user/.m2/repository/org/apache/hadoop/hadoop-auth/3.2.0/hadoop-auth-3.2.0.jar:/home/user/.m2/repository/com/nimbusds/nimbus-jose-jwt/4.41.1/nimbus-jose-jwt-4.41.1.jar:/home/user/.m2/repository/com/github/stephenc/jcip/jcip-annotations/1.0-1/jcip-annotations-1.0-1.jar:/home/user/.m2/repository/net/minidev/json-smart/2.3/json-smart-2.3.jar:/home/user/.m2/repository/net/minidev/accessors-smart/1.2/accessors-smart-1.2.jar:/home/user/.m2/repository/org/ow2/asm/asm/5.0.4/asm-5.0.4.jar:/home/user/.m2/repository/org/apache/curator/curator-framework/2.12.0/curator-framework-2.12.0.jar:/home/user/.m2/repository/com/sun/jersey/jersey-core/1.19/jersey-core-1.19.jar:/home/user/.m2/repository/javax/ws/rs/jsr311-api/1.1.1/jsr311-api-1.1.1.jar:/home/user/.m2/repository/com/sun/jersey/jersey-server/1.19/jersey-server-1.19.jar:/home/user/.m2/repository/javax/servlet/javax.servlet-api/3.1.0/javax.servlet-api-3.1.0.jar:/home/user/.m2/repository/org/eclipse/jetty/jetty-server/9.3.24.v20180605/jetty-server-9.3.24.v20180605.jar:/home/user/.m2/repository/org/eclipse/jetty/jetty-http/9.3.24.v20180605/jetty-http-9.3.24.v20180605.jar:/home/user/.m2/repository/org/eclipse/jetty/jetty-io/9.3.24.v20180605/jetty-io-9.3.24.v20180605.jar:/home/user/.m2/repository/org/eclipse/jetty/jetty-webapp/9.3.24.v20180605/jetty-webapp-9.3.24.v20180605.jar:/home/user/.m2/repository/org/eclipse/jetty/jetty-xml/9.3.24.v20180605/jetty-xml-9.3.24.v20180605.jar:/home/user/.m2/repository/log4j/log4j/1.2.17/log4j-1.2.17.jar:/home/user/.m2/repository/org/slf4j/slf4j-api/1.7.25/slf4j-api-1.7.25.jar:/home/user/.m2/repository/org/slf4j/jul-to-slf4j/1.7.25/jul-to-slf4j-1.7.25.jar:/home/user/.m2/repository/org/eclipse/jetty/jetty-util/9.3.24.v20180605/jetty-util-9.3.24.v20180605.jar:/home/user/.m2/repository/com/fasterxml/jackson/core/jackson-databind/2.9.5/jackson-databind-2.9.5.jar:/home/user/.m2/repository/org/apache/hadoop/hadoop-kms/3.2.0/hadoop-kms-3.2.0-tests.jar:/home/user/.m2/repository/org/apache/hadoop/hadoop-hdds-server-scm/0.5.0-SNAPSHOT/hadoop-hdds-server-scm-0.5.0-SNAPSHOT-tests.jar:/home/user/.m2/repository/org/apache/hadoop/hadoop-hdds-container-service/0.5.0-SNAPSHOT/hadoop-hdds-container-service-0.5.0-SNAPSHOT-tests.jar:/home/user/.m2/repository/org/yaml/snakeyaml/1.16/snakeyaml-1.16.jar:/home/user/.m2/repository/org/apache/hadoop/hadoop-common/3.2.0/hadoop-common-3.2.0-tests.jar:/home/user/.m2/repository/org/apache/hadoop/hadoop-annotations/3.2.0/hadoop-annotations-3.2.0.jar:/usr/lib/jvm/java-1.8-openjdk/jre/../lib/tools.jar:/home/user/.m2/repository/commons-cli/commons-cli/1.2/commons-cli-1.2.jar:/home/user/.m2/repository/org/apache/httpcomponents/httpclient/4.5.2/httpclient-4.5.2.jar:/home/user/.m2/repository/org/apache/httpcomponents/httpcore/4.4.4/httpcore-4.4.4.jar:/home/user/.m2/repository/commons-codec/commons-codec/1.11/commons-codec-1.11.jar:/home/user/.m2/repository/commons-net/commons-net/3.6/commons-net-3.6.jar:/home/user/.m2/repository/commons-collections/commons-collections/3.2.2/commons-collections-3.2.2.jar:/home/user/.m2/repository/org/eclipse/jetty/jetty-servlet/9.3.24.v20180605/jetty-servlet-9.3.24.v20180605.jar:/home/user/.m2/repository/org/eclipse/jetty/jetty-security/9.3.24.v20180605/jetty-security-9.3.24.v20180605.jar:/home/user/.m2/repository/javax/servlet/jsp/jsp-api/2.1/jsp-api-2.1.jar:/home/user/.m2/repository/com/sun/jersey/jersey-servlet/1.19/jersey-servlet-1.19.jar:/home/user/.m2/repository/com/sun/jersey/jersey-json/1.19/jersey-json-1.19.jar:/home/user/.m2/repository/org/codehaus/jettison/jettison/1.1/jettison-1.1.jar:/home/user/.m2/repository/org/codehaus/jackson/jackson-core-asl/1.9.13/jackson-core-asl-1.9.13.jar:/home/user/.m2/repository/org/codehaus/jackson/jackson-mapper-asl/1.9.13/jackson-mapper-asl-1.9.13.jar:/home/user/.m2/repository/org/codehaus/jackson/jackson-jaxrs/1.9.13/jackson-jaxrs-1.9.13.jar:/home/user/.m2/repository/org/codehaus/jackson/jackson-xc/1.9.13/jackson-xc-1.9.13.jar:/home/user/.m2/repository/commons-logging/commons-logging/1.1.3/commons-logging-1.1.3.jar:/home/user/.m2/repository/commons-beanutils/commons-beanutils/1.9.3/commons-beanutils-1.9.3.jar:/home/user/.m2/repository/org/apache/commons/commons-configuration2/2.1.1/commons-configuration2-2.1.1.jar:/home/user/.m2/repository/org/apache/commons/commons-lang3/3.7/commons-lang3-3.7.jar:/home/user/.m2/repository/org/apache/commons/commons-text/1.4/commons-text-1.4.jar:/home/user/.m2/repository/org/apache/avro/avro/1.7.7/avro-1.7.7.jar:/home/user/.m2/repository/com/thoughtworks/paranamer/paranamer/2.3/paranamer-2.3.jar:/home/user/.m2/repository/org/xerial/snappy/snappy-java/1.0.5/snappy-java-1.0.5.jar:/home/user/.m2/repository/com/google/re2j/re2j/1.1/re2j-1.1.jar:/home/user/.m2/repository/com/google/code/gson/gson/2.2.4/gson-2.2.4.jar:/home/user/.m2/repository/com/jcraft/jsch/0.1.54/jsch-0.1.54.jar:/home/user/.m2/repository/org/apache/curator/curator-client/2.12.0/curator-client-2.12.0.jar:/home/user/.m2/repository/org/apache/curator/curator-recipes/2.12.0/curator-recipes-2.12.0.jar:/home/user/.m2/repository/com/google/code/findbugs/jsr305/3.0.0/jsr305-3.0.0.jar:/home/user/.m2/repository/org/apache/htrace/htrace-core4/4.1.0-incubating/htrace-core4-4.1.0-incubating.jar:/home/user/.m2/repository/org/apache/zookeeper/zookeeper/3.4.13/zookeeper-3.4.13.jar:/home/user/.m2/repository/org/apache/yetus/audience-annotations/0.5.0/audience-annotations-0.5.0.jar:/home/user/.m2/repository/org/codehaus/woodstox/stax2-api/3.1.4/stax2-api-3.1.4.jar:/home/user/.m2/repository/com/fasterxml/woodstox/woodstox-core/5.0.3/woodstox-core-5.0.3.jar:/home/user/.m2/repository/dnsjava/dnsjava/2.1.7/dnsjava-2.1.7.jar:/home/user/.m2/repository/org/apache/hadoop/hadoop-hdfs/3.2.0/hadoop-hdfs-3.2.0-tests.jar:/home/user/.m2/repository/org/eclipse/jetty/jetty-util-ajax/9.3.24.v20180605/jetty-util-ajax-9.3.24.v20180605.jar:/home/user/.m2/repository/commons-daemon/commons-daemon/1.0.13/commons-daemon-1.0.13.jar:/home/user/.m2/repository/io/netty/netty/3.10.5.Final/netty-3.10.5.Final.jar:/home/user/.m2/repository/io/netty/netty-all/4.0.52.Final/netty-all-4.0.52.Final.jar:/home/user/.m2/repository/org/fusesource/leveldbjni/leveldbjni-all/1.8/leveldbjni-all-1.8.jar:"/>
    <property name="java.vm.vendor" value="IcedTea"/>
    <property name="sun.arch.data.model" value="64"/>
    <property name="test.build.dir" value="/workdir/hadoop-ozone/integration-test/target/test-dir"/>
    <property name="test.cache.data" value=""/>
    <property name="java.vendor.url" value="https://icedtea.classpath.org"/>
    <property name="user.timezone" value=""/>
    <property name="java.vm.specification.version" value="1.8"/>
    <property name="os.name" value="Linux"/>
    <property name="test.build.data" value="/workdir/hadoop-ozone/integration-test/target/test-dir"/>
    <property name="user.country" value="US"/>
    <property name="sun.java.launcher" value="SUN_STANDARD"/>
    <property name="sun.boot.library.path" value="/usr/lib/jvm/java-1.8-openjdk/jre/lib/amd64"/>
    <property name="sun.java.command" value="/workdir/hadoop-ozone/integration-test/target/surefire/surefirebooter1534947334246667477.jar /workdir/hadoop-ozone/integration-test/target/surefire 2019-09-07T05-14-12_356-jvmRun1 surefire109161404843152632tmp surefire_188160123537217654822tmp"/>
    <property name="test" value="!TestMiniChaosOzoneCluster"/>
    <property name="surefire.test.class.path" value="/workdir/hadoop-ozone/integration-test/target/test-classes:/workdir/hadoop-ozone/integration-test/target/classes:/home/user/.m2/repository/org/apache/hadoop/hadoop-ozone-common/0.5.0-SNAPSHOT/hadoop-ozone-common-0.5.0-SNAPSHOT.jar:/home/user/.m2/repository/org/apache/commons/commons-compress/1.4.1/commons-compress-1.4.1.jar:/home/user/.m2/repository/org/tukaani/xz/1.0/xz-1.0.jar:/home/user/.m2/repository/org/apache/hadoop/hadoop-common/3.2.0/hadoop-common-3.2.0.jar:/home/user/.m2/repository/org/apache/hadoop/hadoop-hdfs/3.2.0/hadoop-hdfs-3.2.0.jar:/home/user/.m2/repository/org/apache/hadoop/hadoop-hdfs-client/3.2.0/hadoop-hdfs-client-3.2.0.jar:/home/user/.m2/repository/com/fasterxml/jackson/core/jackson-annotations/2.9.5/jackson-annotations-2.9.5.jar:/home/user/.m2/repository/org/apache/hadoop/hadoop-hdds-common/0.5.0-SNAPSHOT/hadoop-hdds-common-0.5.0-SNAPSHOT.jar:/home/user/.m2/repository/javax/annotation/javax.annotation-api/1.2/javax.annotation-api-1.2.jar:/home/user/.m2/repository/org/apache/ratis/ratis-server/0.4.0-78e95b9-SNAPSHOT/ratis-server-0.4.0-78e95b9-SNAPSHOT.jar:/home/user/.m2/repository/org/apache/ratis/ratis-thirdparty-misc/0.2.0/ratis-thirdparty-misc-0.2.0.jar:/home/user/.m2/repository/org/apache/ratis/ratis-proto/0.4.0-78e95b9-SNAPSHOT/ratis-proto-0.4.0-78e95b9-SNAPSHOT.jar:/home/user/.m2/repository/org/apache/ratis/ratis-common/0.4.0-78e95b9-SNAPSHOT/ratis-common-0.4.0-78e95b9-SNAPSHOT.jar:/home/user/.m2/repository/org/apache/ratis/ratis-client/0.4.0-78e95b9-SNAPSHOT/ratis-client-0.4.0-78e95b9-SNAPSHOT.jar:/home/user/.m2/repository/org/apache/ratis/ratis-metrics/0.4.0-78e95b9-SNAPSHOT/ratis-metrics-0.4.0-78e95b9-SNAPSHOT.jar:/home/user/.m2/repository/com/github/joshelser/dropwizard-metrics-hadoop-metrics2-reporter/0.1.2/dropwizard-metrics-hadoop-metrics2-reporter-0.1.2.jar:/home/user/.m2/repository/io/dropwizard/metrics/metrics-jvm/3.2.5/metrics-jvm-3.2.5.jar:/home/user/.m2/repository/io/dropwizard/metrics/metrics-ganglia/3.2.5/metrics-ganglia-3.2.5.jar:/home/user/.m2/repository/info/ganglia/gmetric4j/gmetric4j/1.0.7/gmetric4j-1.0.7.jar:/home/user/.m2/repository/org/apache/ratis/ratis-netty/0.4.0-78e95b9-SNAPSHOT/ratis-netty-0.4.0-78e95b9-SNAPSHOT.jar:/home/user/.m2/repository/org/apache/ratis/ratis-grpc/0.4.0-78e95b9-SNAPSHOT/ratis-grpc-0.4.0-78e95b9-SNAPSHOT.jar:/home/user/.m2/repository/org/rocksdb/rocksdbjni/6.0.1/rocksdbjni-6.0.1.jar:/home/user/.m2/repository/org/apache/logging/log4j/log4j-api/2.11.0/log4j-api-2.11.0.jar:/home/user/.m2/repository/org/apache/logging/log4j/log4j-core/2.11.0/log4j-core-2.11.0.jar:/home/user/.m2/repository/com/lmax/disruptor/3.4.2/disruptor-3.4.2.jar:/home/user/.m2/repository/org/apache/commons/commons-pool2/2.6.0/commons-pool2-2.6.0.jar:/home/user/.m2/repository/org/bouncycastle/bcpkix-jdk15on/1.60/bcpkix-jdk15on-1.60.jar:/home/user/.m2/repository/commons-validator/commons-validator/1.6/commons-validator-1.6.jar:/home/user/.m2/repository/commons-digester/commons-digester/1.8.1/commons-digester-1.8.1.jar:/home/user/.m2/repository/io/jaegertracing/jaeger-client/0.33.1/jaeger-client-0.33.1.jar:/home/user/.m2/repository/io/jaegertracing/jaeger-thrift/0.33.1/jaeger-thrift-0.33.1.jar:/home/user/.m2/repository/org/apache/thrift/libthrift/0.11.0/libthrift-0.11.0.jar:/home/user/.m2/repository/com/squareup/okhttp3/okhttp/3.9.0/okhttp-3.9.0.jar:/home/user/.m2/repository/com/squareup/okio/okio/1.13.0/okio-1.13.0.jar:/home/user/.m2/repository/io/jaegertracing/jaeger-core/0.33.1/jaeger-core-0.33.1.jar:/home/user/.m2/repository/io/jaegertracing/jaeger-tracerresolver/0.33.1/jaeger-tracerresolver-0.33.1.jar:/home/user/.m2/repository/io/opentracing/contrib/opentracing-tracerresolver/0.1.5/opentracing-tracerresolver-0.1.5.jar:/home/user/.m2/repository/io/opentracing/opentracing-util/0.31.0/opentracing-util-0.31.0.jar:/home/user/.m2/repository/io/opentracing/opentracing-api/0.31.0/opentracing-api-0.31.0.jar:/home/user/.m2/repository/io/opentracing/opentracing-noop/0.31.0/opentracing-noop-0.31.0.jar:/home/user/.m2/repository/org/apache/hadoop/hadoop-hdds-server-framework/0.5.0-SNAPSHOT/hadoop-hdds-server-framework-0.5.0-SNAPSHOT.jar:/home/user/.m2/repository/org/apache/hadoop/hadoop-hdds-container-service/0.5.0-SNAPSHOT/hadoop-hdds-container-service-0.5.0-SNAPSHOT.jar:/home/user/.m2/repository/org/apache/hadoop/hadoop-hdds-client/0.5.0-SNAPSHOT/hadoop-hdds-client-0.5.0-SNAPSHOT.jar:/home/user/.m2/repository/org/apache/hadoop/hadoop-hdds-tools/0.5.0-SNAPSHOT/hadoop-hdds-tools-0.5.0-SNAPSHOT.jar:/home/user/.m2/repository/org/apache/hadoop/hadoop-hdds-server-scm/0.5.0-SNAPSHOT/hadoop-hdds-server-scm-0.5.0-SNAPSHOT.jar:/home/user/.m2/repository/org/apache/hadoop/hadoop-hdds-docs/0.5.0-SNAPSHOT/hadoop-hdds-docs-0.5.0-SNAPSHOT.jar:/home/user/.m2/repository/io/dropwizard/metrics/metrics-core/3.2.4/metrics-core-3.2.4.jar:/home/user/.m2/repository/org/hamcrest/hamcrest-all/1.3/hamcrest-all-1.3.jar:/home/user/.m2/repository/org/bouncycastle/bcprov-jdk15on/1.60/bcprov-jdk15on-1.60.jar:/home/user/.m2/repository/info/picocli/picocli/3.9.6/picocli-3.9.6.jar:/home/user/.m2/repository/com/google/protobuf/protobuf-java/2.5.0/protobuf-java-2.5.0.jar:/home/user/.m2/repository/com/google/guava/guava/11.0.2/guava-11.0.2.jar:/home/user/.m2/repository/org/apache/hadoop/hadoop-ozone-ozone-manager/0.5.0-SNAPSHOT/hadoop-ozone-ozone-manager-0.5.0-SNAPSHOT.jar:/home/user/.m2/repository/org/apache/hadoop/hadoop-minikdc/3.2.0/hadoop-minikdc-3.2.0.jar:/home/user/.m2/repository/commons-io/commons-io/2.5/commons-io-2.5.jar:/home/user/.m2/repository/org/apache/kerby/kerb-simplekdc/1.0.1/kerb-simplekdc-1.0.1.jar:/home/user/.m2/repository/org/apache/kerby/kerb-client/1.0.1/kerb-client-1.0.1.jar:/home/user/.m2/repository/org/apache/kerby/kerby-config/1.0.1/kerby-config-1.0.1.jar:/home/user/.m2/repository/org/apache/kerby/kerb-core/1.0.1/kerb-core-1.0.1.jar:/home/user/.m2/repository/org/apache/kerby/kerby-pkix/1.0.1/kerby-pkix-1.0.1.jar:/home/user/.m2/repository/org/apache/kerby/kerby-asn1/1.0.1/kerby-asn1-1.0.1.jar:/home/user/.m2/repository/org/apache/kerby/kerby-util/1.0.1/kerby-util-1.0.1.jar:/home/user/.m2/repository/org/apache/kerby/kerb-common/1.0.1/kerb-common-1.0.1.jar:/home/user/.m2/repository/org/apache/kerby/kerb-crypto/1.0.1/kerb-crypto-1.0.1.jar:/home/user/.m2/repository/org/apache/kerby/kerb-util/1.0.1/kerb-util-1.0.1.jar:/home/user/.m2/repository/org/apache/kerby/token-provider/1.0.1/token-provider-1.0.1.jar:/home/user/.m2/repository/org/apache/kerby/kerb-admin/1.0.1/kerb-admin-1.0.1.jar:/home/user/.m2/repository/org/apache/kerby/kerb-server/1.0.1/kerb-server-1.0.1.jar:/home/user/.m2/repository/org/apache/kerby/kerb-identity/1.0.1/kerb-identity-1.0.1.jar:/home/user/.m2/repository/org/apache/kerby/kerby-xdr/1.0.1/kerby-xdr-1.0.1.jar:/home/user/.m2/repository/org/slf4j/slf4j-log4j12/1.7.25/slf4j-log4j12-1.7.25.jar:/home/user/.m2/repository/org/apache/hadoop/hadoop-ozone-s3gateway/0.5.0-SNAPSHOT/hadoop-ozone-s3gateway-0.5.0-SNAPSHOT.jar:/home/user/.m2/repository/org/jboss/weld/servlet/weld-servlet/2.4.7.Final/weld-servlet-2.4.7.Final.jar:/home/user/.m2/repository/org/glassfish/jersey/containers/jersey-container-servlet-core/2.27/jersey-container-servlet-core-2.27.jar:/home/user/.m2/repository/org/glassfish/hk2/external/javax.inject/2.5.0-b42/javax.inject-2.5.0-b42.jar:/home/user/.m2/repository/org/glassfish/jersey/core/jersey-common/2.27/jersey-common-2.27.jar:/home/user/.m2/repository/org/glassfish/hk2/osgi-resource-locator/1.0.1/osgi-resource-locator-1.0.1.jar:/home/user/.m2/repository/javax/ws/rs/javax.ws.rs-api/2.1/javax.ws.rs-api-2.1.jar:/home/user/.m2/repository/org/glassfish/jersey/ext/cdi/jersey-cdi1x/2.27/jersey-cdi1x-2.27.jar:/home/user/.m2/repository/org/glassfish/jersey/inject/jersey-hk2/2.27/jersey-hk2-2.27.jar:/home/user/.m2/repository/org/glassfish/hk2/hk2-locator/2.5.0-b42/hk2-locator-2.5.0-b42.jar:/home/user/.m2/repository/org/javassist/javassist/3.22.0-CR2/javassist-3.22.0-CR2.jar:/home/user/.m2/repository/org/glassfish/hk2/hk2-api/2.5.0/hk2-api-2.5.0.jar:/home/user/.m2/repository/org/glassfish/hk2/external/jakarta.inject/2.5.0/jakarta.inject-2.5.0.jar:/home/user/.m2/repository/org/glassfish/hk2/hk2-utils/2.5.0/hk2-utils-2.5.0.jar:/home/user/.m2/repository/jakarta/annotation/jakarta.annotation-api/1.3.4/jakarta.annotation-api-1.3.4.jar:/home/user/.m2/repository/org/glassfish/hk2/external/aopalliance-repackaged/2.5.0/aopalliance-repackaged-2.5.0.jar:/home/user/.m2/repository/com/fasterxml/jackson/dataformat/jackson-dataformat-xml/2.9.0/jackson-dataformat-xml-2.9.0.jar:/home/user/.m2/repository/com/fasterxml/jackson/core/jackson-core/2.9.5/jackson-core-2.9.5.jar:/home/user/.m2/repository/com/fasterxml/jackson/module/jackson-module-jaxb-annotations/2.9.5/jackson-module-jaxb-annotations-2.9.5.jar:/home/user/.m2/repository/javax/enterprise/cdi-api/1.2/cdi-api-1.2.jar:/home/user/.m2/repository/javax/el/javax.el-api/3.0.0/javax.el-api-3.0.0.jar:/home/user/.m2/repository/javax/interceptor/javax.interceptor-api/1.2/javax.interceptor-api-1.2.jar:/home/user/.m2/repository/javax/inject/javax.inject/1/javax.inject-1.jar:/home/user/.m2/repository/com/sun/xml/bind/jaxb-impl/2.3.0.1/jaxb-impl-2.3.0.1.jar:/home/user/.m2/repository/com/sun/xml/bind/jaxb-core/2.3.0.1/jaxb-core-2.3.0.1.jar:/home/user/.m2/repository/javax/xml/bind/jaxb-api/2.3.0/jaxb-api-2.3.0.jar:/home/user/.m2/repository/javax/activation/activation/1.1.1/activation-1.1.1.jar:/home/user/.m2/repository/org/apache/hadoop/hadoop-ozone-csi/0.5.0-SNAPSHOT/hadoop-ozone-csi-0.5.0-SNAPSHOT.jar:/home/user/.m2/repository/com/google/protobuf/protobuf-java-util/3.5.1/protobuf-java-util-3.5.1.jar:/home/user/.m2/repository/org/apache/hadoop/hadoop-hdds-config/0.5.0-SNAPSHOT/hadoop-hdds-config-0.5.0-SNAPSHOT.jar:/home/user/.m2/repository/io/grpc/grpc-netty/1.17.1/grpc-netty-1.17.1.jar:/home/user/.m2/repository/io/grpc/grpc-core/1.17.1/grpc-core-1.17.1.jar:/home/user/.m2/repository/io/grpc/grpc-context/1.17.1/grpc-context-1.17.1.jar:/home/user/.m2/repository/com/google/errorprone/error_prone_annotations/2.2.0/error_prone_annotations-2.2.0.jar:/home/user/.m2/repository/org/codehaus/mojo/animal-sniffer-annotations/1.17/animal-sniffer-annotations-1.17.jar:/home/user/.m2/repository/io/opencensus/opencensus-api/0.17.0/opencensus-api-0.17.0.jar:/home/user/.m2/repository/io/opencensus/opencensus-contrib-grpc-metrics/0.17.0/opencensus-contrib-grpc-metrics-0.17.0.jar:/home/user/.m2/repository/io/netty/netty-codec-http2/4.1.30.Final/netty-codec-http2-4.1.30.Final.jar:/home/user/.m2/repository/io/netty/netty-codec-http/4.1.30.Final/netty-codec-http-4.1.30.Final.jar:/home/user/.m2/repository/io/netty/netty-codec/4.1.30.Final/netty-codec-4.1.30.Final.jar:/home/user/.m2/repository/io/netty/netty-handler/4.1.30.Final/netty-handler-4.1.30.Final.jar:/home/user/.m2/repository/io/netty/netty-handler-proxy/4.1.30.Final/netty-handler-proxy-4.1.30.Final.jar:/home/user/.m2/repository/io/netty/netty-codec-socks/4.1.30.Final/netty-codec-socks-4.1.30.Final.jar:/home/user/.m2/repository/io/netty/netty-transport-native-epoll/4.1.30.Final/netty-transport-native-epoll-4.1.30.Final.jar:/home/user/.m2/repository/io/netty/netty-common/4.1.30.Final/netty-common-4.1.30.Final.jar:/home/user/.m2/repository/io/netty/netty-buffer/4.1.30.Final/netty-buffer-4.1.30.Final.jar:/home/user/.m2/repository/io/netty/netty-transport/4.1.30.Final/netty-transport-4.1.30.Final.jar:/home/user/.m2/repository/io/netty/netty-resolver/4.1.30.Final/netty-resolver-4.1.30.Final.jar:/home/user/.m2/repository/io/netty/netty-transport-native-unix-common/4.1.30.Final/netty-transport-native-unix-common-4.1.30.Final.jar:/home/user/.m2/repository/io/grpc/grpc-protobuf/1.17.1/grpc-protobuf-1.17.1.jar:/home/user/.m2/repository/com/google/api/grpc/proto-google-common-protos/1.0.0/proto-google-common-protos-1.0.0.jar:/home/user/.m2/repository/io/grpc/grpc-protobuf-lite/1.17.1/grpc-protobuf-lite-1.17.1.jar:/home/user/.m2/repository/io/grpc/grpc-stub/1.17.1/grpc-stub-1.17.1.jar:/home/user/.m2/repository/org/apache/hadoop/hadoop-ozone-recon/0.5.0-SNAPSHOT/hadoop-ozone-recon-0.5.0-SNAPSHOT.jar:/home/user/.m2/repository/org/apache/hadoop/hadoop-ozone-reconcodegen/0.5.0-SNAPSHOT/hadoop-ozone-reconcodegen-0.5.0-SNAPSHOT.jar:/home/user/.m2/repository/com/google/inject/extensions/guice-multibindings/4.0/guice-multibindings-4.0.jar:/home/user/.m2/repository/com/google/inject/guice/4.0/guice-4.0.jar:/home/user/.m2/repository/aopalliance/aopalliance/1.0/aopalliance-1.0.jar:/home/user/.m2/repository/com/google/inject/extensions/guice-servlet/4.0/guice-servlet-4.0.jar:/home/user/.m2/repository/org/glassfish/jersey/containers/jersey-container-servlet/2.27/jersey-container-servlet-2.27.jar:/home/user/.m2/repository/org/glassfish/hk2/guice-bridge/2.5.0/guice-bridge-2.5.0.jar:/home/user/.m2/repository/org/glassfish/jersey/core/jersey-server/2.27/jersey-server-2.27.jar:/home/user/.m2/repository/org/glassfish/jersey/core/jersey-client/2.27/jersey-client-2.27.jar:/home/user/.m2/repository/org/glassfish/jersey/media/jersey-media-jaxb/2.27/jersey-media-jaxb-2.27.jar:/home/user/.m2/repository/javax/validation/validation-api/1.1.0.Final/validation-api-1.1.0.Final.jar:/home/user/.m2/repository/org/glassfish/jersey/media/jersey-media-json-jackson/2.27/jersey-media-json-jackson-2.27.jar:/home/user/.m2/repository/org/glassfish/jersey/ext/jersey-entity-filtering/2.27/jersey-entity-filtering-2.27.jar:/home/user/.m2/repository/com/google/inject/extensions/guice-assistedinject/4.0/guice-assistedinject-4.0.jar:/home/user/.m2/repository/org/jooq/jooq/3.11.10/jooq-3.11.10.jar:/home/user/.m2/repository/org/jooq/jooq-meta/3.11.10/jooq-meta-3.11.10.jar:/home/user/.m2/repository/org/jooq/jooq-codegen/3.11.10/jooq-codegen-3.11.10.jar:/home/user/.m2/repository/com/jolbox/bonecp/0.8.0.RELEASE/bonecp-0.8.0.RELEASE.jar:/home/user/.m2/repository/org/xerial/sqlite-jdbc/3.25.2/sqlite-jdbc-3.25.2.jar:/home/user/.m2/repository/org/springframework/spring-jdbc/5.1.3.RELEASE/spring-jdbc-5.1.3.RELEASE.jar:/home/user/.m2/repository/org/springframework/spring-beans/5.1.3.RELEASE/spring-beans-5.1.3.RELEASE.jar:/home/user/.m2/repository/org/springframework/spring-core/5.1.3.RELEASE/spring-core-5.1.3.RELEASE.jar:/home/user/.m2/repository/org/springframework/spring-jcl/5.1.3.RELEASE/spring-jcl-5.1.3.RELEASE.jar:/home/user/.m2/repository/org/springframework/spring-tx/5.1.3.RELEASE/spring-tx-5.1.3.RELEASE.jar:/home/user/.m2/repository/org/apache/hadoop/hadoop-ozone-client/0.5.0-SNAPSHOT/hadoop-ozone-client-0.5.0-SNAPSHOT.jar:/home/user/.m2/repository/commons-lang/commons-lang/2.6/commons-lang-2.6.jar:/home/user/.m2/repository/org/apache/hadoop/hadoop-ozone-ozone-manager/0.5.0-SNAPSHOT/hadoop-ozone-ozone-manager-0.5.0-SNAPSHOT-tests.jar:/home/user/.m2/repository/junit/junit/4.11/junit-4.11.jar:/home/user/.m2/repository/org/hamcrest/hamcrest-core/1.3/hamcrest-core-1.3.jar:/home/user/.m2/repository/org/openjdk/jmh/jmh-core/1.19/jmh-core-1.19.jar:/home/user/.m2/repository/net/sf/jopt-simple/jopt-simple/4.6/jopt-simple-4.6.jar:/home/user/.m2/repository/org/apache/commons/commons-math3/3.1.1/commons-math3-3.1.1.jar:/home/user/.m2/repository/org/openjdk/jmh/jmh-generator-annprocess/1.19/jmh-generator-annprocess-1.19.jar:/home/user/.m2/repository/org/mockito/mockito-all/1.8.5/mockito-all-1.8.5.jar:/home/user/.m2/repository/org/apache/hadoop/hadoop-kms/3.2.0/hadoop-kms-3.2.0.jar:/home/user/.m2/repository/org/apache/hadoop/hadoop-auth/3.2.0/hadoop-auth-3.2.0.jar:/home/user/.m2/repository/com/nimbusds/nimbus-jose-jwt/4.41.1/nimbus-jose-jwt-4.41.1.jar:/home/user/.m2/repository/com/github/stephenc/jcip/jcip-annotations/1.0-1/jcip-annotations-1.0-1.jar:/home/user/.m2/repository/net/minidev/json-smart/2.3/json-smart-2.3.jar:/home/user/.m2/repository/net/minidev/accessors-smart/1.2/accessors-smart-1.2.jar:/home/user/.m2/repository/org/ow2/asm/asm/5.0.4/asm-5.0.4.jar:/home/user/.m2/repository/org/apache/curator/curator-framework/2.12.0/curator-framework-2.12.0.jar:/home/user/.m2/repository/com/sun/jersey/jersey-core/1.19/jersey-core-1.19.jar:/home/user/.m2/repository/javax/ws/rs/jsr311-api/1.1.1/jsr311-api-1.1.1.jar:/home/user/.m2/repository/com/sun/jersey/jersey-server/1.19/jersey-server-1.19.jar:/home/user/.m2/repository/javax/servlet/javax.servlet-api/3.1.0/javax.servlet-api-3.1.0.jar:/home/user/.m2/repository/org/eclipse/jetty/jetty-server/9.3.24.v20180605/jetty-server-9.3.24.v20180605.jar:/home/user/.m2/repository/org/eclipse/jetty/jetty-http/9.3.24.v20180605/jetty-http-9.3.24.v20180605.jar:/home/user/.m2/repository/org/eclipse/jetty/jetty-io/9.3.24.v20180605/jetty-io-9.3.24.v20180605.jar:/home/user/.m2/repository/org/eclipse/jetty/jetty-webapp/9.3.24.v20180605/jetty-webapp-9.3.24.v20180605.jar:/home/user/.m2/repository/org/eclipse/jetty/jetty-xml/9.3.24.v20180605/jetty-xml-9.3.24.v20180605.jar:/home/user/.m2/repository/log4j/log4j/1.2.17/log4j-1.2.17.jar:/home/user/.m2/repository/org/slf4j/slf4j-api/1.7.25/slf4j-api-1.7.25.jar:/home/user/.m2/repository/org/slf4j/jul-to-slf4j/1.7.25/jul-to-slf4j-1.7.25.jar:/home/user/.m2/repository/org/eclipse/jetty/jetty-util/9.3.24.v20180605/jetty-util-9.3.24.v20180605.jar:/home/user/.m2/repository/com/fasterxml/jackson/core/jackson-databind/2.9.5/jackson-databind-2.9.5.jar:/home/user/.m2/repository/org/apache/hadoop/hadoop-kms/3.2.0/hadoop-kms-3.2.0-tests.jar:/home/user/.m2/repository/org/apache/hadoop/hadoop-hdds-server-scm/0.5.0-SNAPSHOT/hadoop-hdds-server-scm-0.5.0-SNAPSHOT-tests.jar:/home/user/.m2/repository/org/apache/hadoop/hadoop-hdds-container-service/0.5.0-SNAPSHOT/hadoop-hdds-container-service-0.5.0-SNAPSHOT-tests.jar:/home/user/.m2/repository/org/yaml/snakeyaml/1.16/snakeyaml-1.16.jar:/home/user/.m2/repository/org/apache/hadoop/hadoop-common/3.2.0/hadoop-common-3.2.0-tests.jar:/home/user/.m2/repository/org/apache/hadoop/hadoop-annotations/3.2.0/hadoop-annotations-3.2.0.jar:/usr/lib/jvm/java-1.8-openjdk/jre/../lib/tools.jar:/home/user/.m2/repository/commons-cli/commons-cli/1.2/commons-cli-1.2.jar:/home/user/.m2/repository/org/apache/httpcomponents/httpclient/4.5.2/httpclient-4.5.2.jar:/home/user/.m2/repository/org/apache/httpcomponents/httpcore/4.4.4/httpcore-4.4.4.jar:/home/user/.m2/repository/commons-codec/commons-codec/1.11/commons-codec-1.11.jar:/home/user/.m2/repository/commons-net/commons-net/3.6/commons-net-3.6.jar:/home/user/.m2/repository/commons-collections/commons-collections/3.2.2/commons-collections-3.2.2.jar:/home/user/.m2/repository/org/eclipse/jetty/jetty-servlet/9.3.24.v20180605/jetty-servlet-9.3.24.v20180605.jar:/home/user/.m2/repository/org/eclipse/jetty/jetty-security/9.3.24.v20180605/jetty-security-9.3.24.v20180605.jar:/home/user/.m2/repository/javax/servlet/jsp/jsp-api/2.1/jsp-api-2.1.jar:/home/user/.m2/repository/com/sun/jersey/jersey-servlet/1.19/jersey-servlet-1.19.jar:/home/user/.m2/repository/com/sun/jersey/jersey-json/1.19/jersey-json-1.19.jar:/home/user/.m2/repository/org/codehaus/jettison/jettison/1.1/jettison-1.1.jar:/home/user/.m2/repository/org/codehaus/jackson/jackson-core-asl/1.9.13/jackson-core-asl-1.9.13.jar:/home/user/.m2/repository/org/codehaus/jackson/jackson-mapper-asl/1.9.13/jackson-mapper-asl-1.9.13.jar:/home/user/.m2/repository/org/codehaus/jackson/jackson-jaxrs/1.9.13/jackson-jaxrs-1.9.13.jar:/home/user/.m2/repository/org/codehaus/jackson/jackson-xc/1.9.13/jackson-xc-1.9.13.jar:/home/user/.m2/repository/commons-logging/commons-logging/1.1.3/commons-logging-1.1.3.jar:/home/user/.m2/repository/commons-beanutils/commons-beanutils/1.9.3/commons-beanutils-1.9.3.jar:/home/user/.m2/repository/org/apache/commons/commons-configuration2/2.1.1/commons-configuration2-2.1.1.jar:/home/user/.m2/repository/org/apache/commons/commons-lang3/3.7/commons-lang3-3.7.jar:/home/user/.m2/repository/org/apache/commons/commons-text/1.4/commons-text-1.4.jar:/home/user/.m2/repository/org/apache/avro/avro/1.7.7/avro-1.7.7.jar:/home/user/.m2/repository/com/thoughtworks/paranamer/paranamer/2.3/paranamer-2.3.jar:/home/user/.m2/repository/org/xerial/snappy/snappy-java/1.0.5/snappy-java-1.0.5.jar:/home/user/.m2/repository/com/google/re2j/re2j/1.1/re2j-1.1.jar:/home/user/.m2/repository/com/google/code/gson/gson/2.2.4/gson-2.2.4.jar:/home/user/.m2/repository/com/jcraft/jsch/0.1.54/jsch-0.1.54.jar:/home/user/.m2/repository/org/apache/curator/curator-client/2.12.0/curator-client-2.12.0.jar:/home/user/.m2/repository/org/apache/curator/curator-recipes/2.12.0/curator-recipes-2.12.0.jar:/home/user/.m2/repository/com/google/code/findbugs/jsr305/3.0.0/jsr305-3.0.0.jar:/home/user/.m2/repository/org/apache/htrace/htrace-core4/4.1.0-incubating/htrace-core4-4.1.0-incubating.jar:/home/user/.m2/repository/org/apache/zookeeper/zookeeper/3.4.13/zookeeper-3.4.13.jar:/home/user/.m2/repository/org/apache/yetus/audience-annotations/0.5.0/audience-annotations-0.5.0.jar:/home/user/.m2/repository/org/codehaus/woodstox/stax2-api/3.1.4/stax2-api-3.1.4.jar:/home/user/.m2/repository/com/fasterxml/woodstox/woodstox-core/5.0.3/woodstox-core-5.0.3.jar:/home/user/.m2/repository/dnsjava/dnsjava/2.1.7/dnsjava-2.1.7.jar:/home/user/.m2/repository/org/apache/hadoop/hadoop-hdfs/3.2.0/hadoop-hdfs-3.2.0-tests.jar:/home/user/.m2/repository/org/eclipse/jetty/jetty-util-ajax/9.3.24.v20180605/jetty-util-ajax-9.3.24.v20180605.jar:/home/user/.m2/repository/commons-daemon/commons-daemon/1.0.13/commons-daemon-1.0.13.jar:/home/user/.m2/repository/io/netty/netty/3.10.5.Final/netty-3.10.5.Final.jar:/home/user/.m2/repository/io/netty/netty-all/4.0.52.Final/netty-all-4.0.52.Final.jar:/home/user/.m2/repository/org/fusesource/leveldbjni/leveldbjni-all/1.8/leveldbjni-all-1.8.jar:"/>
    <property name="sun.cpu.endian" value="little"/>
    <property name="user.home" value="/home/user"/>
    <property name="user.language" value="en"/>
    <property name="java.specification.vendor" value="Oracle Corporation"/>
    <property name="java.home" value="/usr/lib/jvm/java-1.8-openjdk/jre"/>
    <property name="java.security.krb5.conf" value="/workdir/hadoop-ozone/integration-test/target/test-classes/krb5.conf"/>
    <property name="basedir" value="/workdir/hadoop-ozone/integration-test"/>
    <property name="file.separator" value="/"/>
    <property name="line.separator" value="&#10;"/>
    <property name="java.vm.specification.vendor" value="Oracle Corporation"/>
    <property name="java.specification.name" value="Java Platform API Specification"/>
    <property name="java.awt.graphicsenv" value="sun.awt.X11GraphicsEnvironment"/>
    <property name="surefire.real.class.path" value="/workdir/hadoop-ozone/integration-test/target/surefire/surefirebooter1534947334246667477.jar"/>
    <property name="hadoop.log.dir" value="/workdir/hadoop-ozone/integration-test/target/log"/>
    <property name="sun.boot.class.path" value="/usr/lib/jvm/java-1.8-openjdk/jre/lib/resources.jar:/usr/lib/jvm/java-1.8-openjdk/jre/lib/rt.jar:/usr/lib/jvm/java-1.8-openjdk/jre/lib/sunrsasign.jar:/usr/lib/jvm/java-1.8-openjdk/jre/lib/jsse.jar:/usr/lib/jvm/java-1.8-openjdk/jre/lib/jce.jar:/usr/lib/jvm/java-1.8-openjdk/jre/lib/charsets.jar:/usr/lib/jvm/java-1.8-openjdk/jre/lib/jfr.jar:/usr/lib/jvm/java-1.8-openjdk/jre/classes"/>
    <property name="sun.management.compiler" value="HotSpot 64-Bit Tiered Compilers"/>
    <property name="java.runtime.version" value="1.8.0_212-b04"/>
    <property name="java.net.preferIPv4Stack" value="true"/>
    <property name="user.name" value="jenkins1000"/>
    <property name="path.separator" value=":"/>
    <property name="java.security.egd" value="file:///dev/urandom"/>
    <property name="os.version" value="3.10.0-957.12.2.el7.x86_64"/>
    <property name="java.endorsed.dirs" value="/usr/lib/jvm/java-1.8-openjdk/jre/lib/endorsed"/>
    <property name="java.runtime.name" value="OpenJDK Runtime Environment"/>
    <property name="file.encoding" value="UTF-8"/>
    <property name="java.vm.name" value="OpenJDK 64-Bit Server VM"/>
    <property name="test.build.webapps" value=""/>
    <property name="localRepository" value="/home/user/.m2/repository"/>
    <property name="java.vendor.url.bug" value="https://icedtea.classpath.org/bugzilla"/>
    <property name="java.io.tmpdir" value="/tmp"/>
    <property name="require.test.libhadoop" value=""/>
    <property name="java.version" value="1.8.0_212"/>
    <property name="user.dir" value="/workdir/hadoop-ozone/integration-test"/>
    <property name="os.arch" value="amd64"/>
    <property name="java.vm.specification.name" value="Java Virtual Machine Specification"/>
    <property name="test.build.classes" value="/workdir/hadoop-ozone/integration-test/target/test-classes"/>
    <property name="java.awt.printerjob" value="sun.print.PSPrinterJob"/>
    <property name="sun.os.patch.level" value="unknown"/>
    <property name="hadoop.tmp.dir" value="/workdir/hadoop-ozone/integration-test/target/tmp"/>
    <property name="java.library.path" value="/usr/lib/jvm/java-1.8-openjdk/jre/lib/amd64/server:/usr/lib/jvm/java-1.8-openjdk/jre/lib/amd64:/usr/lib/jvm/java-1.8-openjdk/jre/../lib/amd64:/workdir/hadoop-ozone/integration-test/target/native/target/usr/local/lib:/workdir/hadoop-ozone/integration-test/../../hadoop-common-project/hadoop-common/target/native/target/usr/local/lib:/usr/java/packages/lib/amd64:/usr/lib64:/lib64:/lib:/usr/lib"/>
    <property name="java.vm.info" value="mixed mode"/>
    <property name="java.vendor" value="IcedTea"/>
    <property name="java.vm.version" value="25.212-b04"/>
    <property name="java.ext.dirs" value="/usr/lib/jvm/java-1.8-openjdk/jre/lib/ext:/usr/java/packages/lib/ext"/>
    <property name="sun.io.unicode.encoding" value="UnicodeLittle"/>
    <property name="java.class.version" value="52.0"/>
  </properties>
  <testcase name="testWatchForCommitWithKeyWrite" classname="org.apache.hadoop.ozone.client.rpc.TestWatchForCommit" time="74.453"/>
  <testcase name="testWatchForCommitWithSmallerTimeoutValue" classname="org.apache.hadoop.ozone.client.rpc.TestWatchForCommit" time="42.466"/>
  <testcase name="testWatchForCommitForRetryfailure" classname="org.apache.hadoop.ozone.client.rpc.TestWatchForCommit" time="58.143"/>
  <testcase name="testWatchForCommitForGroupMismatchException" classname="org.apache.hadoop.ozone.client.rpc.TestWatchForCommit" time="36.908"/>
  <testcase name="test2WayCommitForTimeoutException" classname="org.apache.hadoop.ozone.client.rpc.TestWatchForCommit" time="31.288">
    <error message="org.apache.ratis.protocol.RaftRetryFailureException: Failed RaftClientRequest:client-22CE59BD5773-&gt;ef2f7667-7980-42d6-a69e-bebf92f3302c@group-0180A3FD025F, cid=104, seq=2*, RW, org.apache.hadoop.hdds.scm.XceiverClientRatis$$Lambda$441/1985828309@8acfa91 for 20 attempts with RetryLimited(maxAttempts=20, sleepTime=1000ms)" type="java.util.concurrent.ExecutionException">java.util.concurrent.ExecutionException: org.apache.ratis.protocol.RaftRetryFailureException: Failed RaftClientRequest:client-22CE59BD5773->ef2f7667-7980-42d6-a69e-bebf92f3302c@group-0180A3FD025F, cid=104, seq=2*, RW, org.apache.hadoop.hdds.scm.XceiverClientRatis$$Lambda$441/1985828309@8acfa91 for 20 attempts with RetryLimited(maxAttempts=20, sleepTime=1000ms)
	at java.util.concurrent.CompletableFuture.reportGet(CompletableFuture.java:357)
	at java.util.concurrent.CompletableFuture.get(CompletableFuture.java:1895)
	at org.apache.hadoop.ozone.client.rpc.TestWatchForCommit.test2WayCommitForTimeoutException(TestWatchForCommit.java:390)
	at sun.reflect.NativeMethodAccessorImpl.invoke0(Native Method)
	at sun.reflect.NativeMethodAccessorImpl.invoke(NativeMethodAccessorImpl.java:62)
	at sun.reflect.DelegatingMethodAccessorImpl.invoke(DelegatingMethodAccessorImpl.java:43)
	at java.lang.reflect.Method.invoke(Method.java:498)
	at org.junit.runners.model.FrameworkMethod$1.runReflectiveCall(FrameworkMethod.java:47)
	at org.junit.internal.runners.model.ReflectiveCallable.run(ReflectiveCallable.java:12)
	at org.junit.runners.model.FrameworkMethod.invokeExplosively(FrameworkMethod.java:44)
	at org.junit.internal.runners.statements.InvokeMethod.evaluate(InvokeMethod.java:17)
	at org.junit.runners.ParentRunner.runLeaf(ParentRunner.java:271)
	at org.junit.runners.BlockJUnit4ClassRunner.runChild(BlockJUnit4ClassRunner.java:70)
	at org.junit.runners.BlockJUnit4ClassRunner.runChild(BlockJUnit4ClassRunner.java:50)
	at org.junit.runners.ParentRunner$3.run(ParentRunner.java:238)
	at org.junit.runners.ParentRunner$1.schedule(ParentRunner.java:63)
	at org.junit.runners.ParentRunner.runChildren(ParentRunner.java:236)
	at org.junit.runners.ParentRunner.access$000(ParentRunner.java:53)
	at org.junit.runners.ParentRunner$2.evaluate(ParentRunner.java:229)
	at org.junit.runners.ParentRunner.run(ParentRunner.java:309)
	at org.apache.maven.surefire.junit4.JUnit4Provider.execute(JUnit4Provider.java:365)
	at org.apache.maven.surefire.junit4.JUnit4Provider.executeWithRerun(JUnit4Provider.java:273)
	at org.apache.maven.surefire.junit4.JUnit4Provider.executeTestSet(JUnit4Provider.java:238)
	at org.apache.maven.surefire.junit4.JUnit4Provider.invoke(JUnit4Provider.java:159)
	at org.apache.maven.surefire.booter.ForkedBooter.invokeProviderInSameClassLoader(ForkedBooter.java:384)
	at org.apache.maven.surefire.booter.ForkedBooter.runSuitesInProcess(ForkedBooter.java:345)
	at org.apache.maven.surefire.booter.ForkedBooter.execute(ForkedBooter.java:126)
	at org.apache.maven.surefire.booter.ForkedBooter.main(ForkedBooter.java:418)
Caused by: org.apache.ratis.protocol.RaftRetryFailureException: Failed RaftClientRequest:client-22CE59BD5773->ef2f7667-7980-42d6-a69e-bebf92f3302c@group-0180A3FD025F, cid=104, seq=2*, RW, org.apache.hadoop.hdds.scm.XceiverClientRatis$$Lambda$441/1985828309@8acfa91 for 20 attempts with RetryLimited(maxAttempts=20, sleepTime=1000ms)
	at org.apache.ratis.client.impl.RaftClientImpl.noMoreRetries(RaftClientImpl.java:271)
	at org.apache.ratis.client.impl.OrderedAsync.handleAsyncRetryFailure(OrderedAsync.java:138)
	at org.apache.ratis.client.impl.OrderedAsync.lambda$sendRequest$10(OrderedAsync.java:230)
	at java.util.concurrent.CompletableFuture.uniExceptionally(CompletableFuture.java:870)
	at java.util.concurrent.CompletableFuture$UniExceptionally.tryFire(CompletableFuture.java:852)
	at java.util.concurrent.CompletableFuture.postComplete(CompletableFuture.java:474)
	at java.util.concurrent.CompletableFuture.completeExceptionally(CompletableFuture.java:1977)
	at org.apache.ratis.grpc.client.GrpcClientProtocolClient$AsyncStreamObservers.completeReplyExceptionally(GrpcClientProtocolClient.java:339)
	at org.apache.ratis.grpc.client.GrpcClientProtocolClient$AsyncStreamObservers.access$000(GrpcClientProtocolClient.java:255)
	at org.apache.ratis.grpc.client.GrpcClientProtocolClient$AsyncStreamObservers$1.onError(GrpcClientProtocolClient.java:284)
	at org.apache.ratis.thirdparty.io.grpc.stub.ClientCalls$StreamObserverToCallListenerAdapter.onClose(ClientCalls.java:434)
	at org.apache.ratis.thirdparty.io.grpc.PartialForwardingClientCallListener.onClose(PartialForwardingClientCallListener.java:39)
	at org.apache.ratis.thirdparty.io.grpc.ForwardingClientCallListener.onClose(ForwardingClientCallListener.java:23)
	at org.apache.ratis.thirdparty.io.grpc.ForwardingClientCallListener$SimpleForwardingClientCallListener.onClose(ForwardingClientCallListener.java:40)
	at org.apache.ratis.thirdparty.io.grpc.internal.CensusStatsModule$StatsClientInterceptor$1$1.onClose(CensusStatsModule.java:678)
	at org.apache.ratis.thirdparty.io.grpc.PartialForwardingClientCallListener.onClose(PartialForwardingClientCallListener.java:39)
	at org.apache.ratis.thirdparty.io.grpc.ForwardingClientCallListener.onClose(ForwardingClientCallListener.java:23)
	at org.apache.ratis.thirdparty.io.grpc.ForwardingClientCallListener$SimpleForwardingClientCallListener.onClose(ForwardingClientCallListener.java:40)
	at org.apache.ratis.thirdparty.io.grpc.internal.CensusTracingModule$TracingClientInterceptor$1$1.onClose(CensusTracingModule.java:397)
	at org.apache.ratis.thirdparty.io.grpc.internal.ClientCallImpl.closeObserver(ClientCallImpl.java:459)
	at org.apache.ratis.thirdparty.io.grpc.internal.ClientCallImpl.access$300(ClientCallImpl.java:63)
	at org.apache.ratis.thirdparty.io.grpc.internal.ClientCallImpl$ClientStreamListenerImpl.close(ClientCallImpl.java:546)
	at org.apache.ratis.thirdparty.io.grpc.internal.ClientCallImpl$ClientStreamListenerImpl.access$600(ClientCallImpl.java:467)
	at org.apache.ratis.thirdparty.io.grpc.internal.ClientCallImpl$ClientStreamListenerImpl$1StreamClosed.runInContext(ClientCallImpl.java:584)
	at org.apache.ratis.thirdparty.io.grpc.internal.ContextRunnable.run(ContextRunnable.java:37)
	at org.apache.ratis.thirdparty.io.grpc.internal.SerializingExecutor.run(SerializingExecutor.java:123)
	at java.util.concurrent.ThreadPoolExecutor.runWorker(ThreadPoolExecutor.java:1149)
	at java.util.concurrent.ThreadPoolExecutor$Worker.run(ThreadPoolExecutor.java:624)
	at java.lang.Thread.run(Thread.java:748)
Caused by: java.io.IOException: org.apache.ratis.thirdparty.io.grpc.StatusRuntimeException: UNAVAILABLE: io exception
	at org.apache.ratis.grpc.GrpcUtil.unwrapException(GrpcUtil.java:76)
	at org.apache.ratis.grpc.GrpcUtil.unwrapIOException(GrpcUtil.java:128)
	at org.apache.ratis.grpc.client.GrpcClientProtocolClient$AsyncStreamObservers$1.onError(GrpcClientProtocolClient.java:283)
	... 19 more
Caused by: org.apache.ratis.thirdparty.io.grpc.StatusRuntimeException: UNAVAILABLE: io exception
	at org.apache.ratis.thirdparty.io.grpc.Status.asRuntimeException(Status.java:526)
	... 19 more
Caused by: org.apache.ratis.thirdparty.io.netty.channel.AbstractChannel$AnnotatedConnectException: Connection refused: /192.168.36.105:43000
	at sun.nio.ch.SocketChannelImpl.checkConnect(Native Method)
	at sun.nio.ch.SocketChannelImpl.finishConnect(SocketChannelImpl.java:717)
	at org.apache.ratis.thirdparty.io.netty.channel.socket.nio.NioSocketChannel.doFinishConnect(NioSocketChannel.java:327)
	at org.apache.ratis.thirdparty.io.netty.channel.nio.AbstractNioChannel$AbstractNioUnsafe.finishConnect(AbstractNioChannel.java:340)
	at org.apache.ratis.thirdparty.io.netty.channel.nio.NioEventLoop.processSelectedKey(NioEventLoop.java:632)
	at org.apache.ratis.thirdparty.io.netty.channel.nio.NioEventLoop.processSelectedKeysOptimized(NioEventLoop.java:579)
	at org.apache.ratis.thirdparty.io.netty.channel.nio.NioEventLoop.processSelectedKeys(NioEventLoop.java:496)
	at org.apache.ratis.thirdparty.io.netty.channel.nio.NioEventLoop.run(NioEventLoop.java:458)
	at org.apache.ratis.thirdparty.io.netty.util.concurrent.SingleThreadEventExecutor$5.run(SingleThreadEventExecutor.java:897)
	at org.apache.ratis.thirdparty.io.netty.util.concurrent.FastThreadLocalRunnable.run(FastThreadLocalRunnable.java:30)
	... 1 more
Caused by: java.net.ConnectException: Connection refused
	... 11 more
</error>
    <system-out><![CDATA[2019-09-07 05:40:51,966 [main] WARN  server.ServerUtils (ServerUtils.java:getScmDbDir(145)) - ozone.scm.db.dirs is not configured. We recommend adding this setting. Falling back to ozone.metadata.dirs instead.
2019-09-07 05:40:51,981 [main] WARN  server.ServerUtils (ServerUtils.java:getScmDbDir(145)) - ozone.scm.db.dirs is not configured. We recommend adding this setting. Falling back to ozone.metadata.dirs instead.
2019-09-07 05:40:51,982 [main] WARN  server.ServerUtils (ServerUtils.java:getScmDbDir(145)) - ozone.scm.db.dirs is not configured. We recommend adding this setting. Falling back to ozone.metadata.dirs instead.
2019-09-07 05:40:51,982 [main] INFO  db.DBStoreBuilder (DBStoreBuilder.java:addTable(110)) - using custom profile for table: deletedBlocks
2019-09-07 05:40:51,983 [main] INFO  db.DBStoreBuilder (DBStoreBuilder.java:processTables(161)) - Using default column profile:DBProfile.DISK for Table:deletedBlocks
2019-09-07 05:40:51,983 [main] INFO  db.DBStoreBuilder (DBStoreBuilder.java:addTable(110)) - using custom profile for table: validCerts
2019-09-07 05:40:51,983 [main] INFO  db.DBStoreBuilder (DBStoreBuilder.java:processTables(161)) - Using default column profile:DBProfile.DISK for Table:validCerts
2019-09-07 05:40:51,983 [main] INFO  db.DBStoreBuilder (DBStoreBuilder.java:addTable(110)) - using custom profile for table: revokedCerts
2019-09-07 05:40:51,984 [main] INFO  db.DBStoreBuilder (DBStoreBuilder.java:processTables(161)) - Using default column profile:DBProfile.DISK for Table:revokedCerts
2019-09-07 05:40:51,984 [main] INFO  db.DBStoreBuilder (DBStoreBuilder.java:addTable(110)) - using custom profile for table: default
2019-09-07 05:40:51,984 [main] INFO  db.DBStoreBuilder (DBStoreBuilder.java:processTables(167)) - Using default column profile:DBProfile.DISK for Table:default
2019-09-07 05:40:51,984 [main] INFO  db.DBStoreBuilder (DBStoreBuilder.java:getDbProfile(198)) - Using default options. DBProfile.DISK
2019-09-07 05:40:52,132 [main] INFO  net.NodeSchemaLoader (NodeSchemaLoader.java:loadSchemaFromFile(125)) - Loading file from sun.misc.CompoundEnumeration@7fd4e815
2019-09-07 05:40:52,132 [main] INFO  net.NodeSchemaLoader (NodeSchemaLoader.java:loadSchema(171)) - Loading network topology layer schema file
2019-09-07 05:40:52,135 [main] WARN  server.ServerUtils (ServerUtils.java:sanitizeUserArgs(70)) - ozone.scm.stale.node.interval value = 300000 is larger than max = 100000 based on the key value of ozone.scm.heartbeat.thread.interval, reset to the max value 100000.
2019-09-07 05:40:52,135 [main] WARN  server.ServerUtils (ServerUtils.java:sanitizeUserArgs(70)) - ozone.scm.stale.node.interval value = 300000 is larger than max = 100000 based on the key value of ozone.scm.heartbeat.thread.interval, reset to the max value 100000.
2019-09-07 05:40:52,136 [main] INFO  node.SCMNodeManager (SCMNodeManager.java:<init>(114)) - Entering startup safe mode.
2019-09-07 05:40:52,136 [main] INFO  algorithms.ContainerPlacementPolicyFactory (ContainerPlacementPolicyFactory.java:getPolicy(57)) - Create container placement policy of type org.apache.hadoop.hdds.scm.container.placement.algorithms.SCMContainerPlacementRandom
2019-09-07 05:40:52,137 [main] WARN  server.ServerUtils (ServerUtils.java:getScmDbDir(145)) - ozone.scm.db.dirs is not configured. We recommend adding this setting. Falling back to ozone.metadata.dirs instead.
2019-09-07 05:40:52,155 [main] INFO  pipeline.SCMPipelineManager (SCMPipelineManager.java:initializePipelineState(128)) - No pipeline exists in current db
2019-09-07 05:40:52,155 [main] WARN  server.ServerUtils (ServerUtils.java:getScmDbDir(145)) - ozone.scm.db.dirs is not configured. We recommend adding this setting. Falling back to ozone.metadata.dirs instead.
2019-09-07 05:40:52,176 [main] WARN  events.EventQueue (EventQueue.java:fireEvent(183)) - No event handler registered for event TypedEvent{payloadType=SafeModeStatus, name='SafeModeStatus'}
2019-09-07 05:40:52,177 [main] INFO  ipc.CallQueueManager (CallQueueManager.java:<init>(84)) - Using callQueue: class java.util.concurrent.LinkedBlockingQueue, queueCapacity: 2000, scheduler: class org.apache.hadoop.ipc.DefaultRpcScheduler, ipcBackoff: false.
2019-09-07 05:40:52,178 [Socket Reader #1 for port 44773] INFO  ipc.Server (Server.java:run(1074)) - Starting Socket Reader #1 for port 44773
2019-09-07 05:40:52,179 [main] INFO  ipc.CallQueueManager (CallQueueManager.java:<init>(84)) - Using callQueue: class java.util.concurrent.LinkedBlockingQueue, queueCapacity: 2000, scheduler: class org.apache.hadoop.ipc.DefaultRpcScheduler, ipcBackoff: false.
2019-09-07 05:40:52,180 [Socket Reader #1 for port 40884] INFO  ipc.Server (Server.java:run(1074)) - Starting Socket Reader #1 for port 40884
2019-09-07 05:40:52,181 [main] INFO  ipc.CallQueueManager (CallQueueManager.java:<init>(84)) - Using callQueue: class java.util.concurrent.LinkedBlockingQueue, queueCapacity: 2000, scheduler: class org.apache.hadoop.ipc.DefaultRpcScheduler, ipcBackoff: false.
2019-09-07 05:40:52,182 [Socket Reader #1 for port 35830] INFO  ipc.Server (Server.java:run(1074)) - Starting Socket Reader #1 for port 35830
2019-09-07 05:40:52,185 [main] INFO  hdfs.DFSUtil (DFSUtil.java:httpServerTemplateForNNAndJN(1641)) - Starting Web-server for scm at: http://0.0.0.0:0
2019-09-07 05:40:52,188 [main] INFO  server.AuthenticationFilter (AuthenticationFilter.java:constructSecretProvider(240)) - Unable to initialize FileSignerSecretProvider, falling back to use random secrets.
2019-09-07 05:40:52,188 [main] WARN  http.HttpRequestLog (HttpRequestLog.java:getRequestLog(97)) - Jetty request log can only be enabled using Log4j
2019-09-07 05:40:52,191 [main] INFO  http.HttpServer2 (HttpServer2.java:addGlobalFilter(975)) - Added global filter 'safety' (class=org.apache.hadoop.http.HttpServer2$QuotingInputFilter)
2019-09-07 05:40:52,192 [main] INFO  http.HttpServer2 (HttpServer2.java:addFilter(948)) - Added filter static_user_filter (class=org.apache.hadoop.http.lib.StaticUserWebFilter$StaticUserFilter) to context scm
2019-09-07 05:40:52,192 [main] INFO  http.HttpServer2 (HttpServer2.java:addFilter(958)) - Added filter static_user_filter (class=org.apache.hadoop.http.lib.StaticUserWebFilter$StaticUserFilter) to context logs
2019-09-07 05:40:52,192 [main] INFO  http.HttpServer2 (HttpServer2.java:addFilter(958)) - Added filter static_user_filter (class=org.apache.hadoop.http.lib.StaticUserWebFilter$StaticUserFilter) to context static
2019-09-07 05:40:52,196 [main] INFO  server.StorageContainerManager (StorageContainerManager.java:start(763)) - StorageContainerLocationProtocol RPC server is listening at /0.0.0.0:35830
2019-09-07 05:40:52,199 [main] WARN  impl.MetricsConfig (MetricsConfig.java:loadFirst(134)) - Cannot locate configuration: tried hadoop-metrics2-storagecontainermanager.properties,hadoop-metrics2.properties
2019-09-07 05:40:52,201 [main] INFO  impl.MetricsSystemImpl (MetricsSystemImpl.java:startTimer(374)) - Scheduled Metric snapshot period at 10 second(s).
2019-09-07 05:40:52,201 [main] INFO  impl.MetricsSystemImpl (MetricsSystemImpl.java:start(191)) - StorageContainerManager metrics system started
2019-09-07 05:40:52,281 [main] WARN  impl.MetricsSystemImpl (MetricsSystemImpl.java:register(276)) - Sink prometheus already exists!
2019-09-07 05:40:52,354 [main] INFO  server.SCMClientProtocolServer (SCMClientProtocolServer.java:start(151)) - RPC server for Client  is listening at /0.0.0.0:35830
2019-09-07 05:40:52,354 [IPC Server listener on 35830] INFO  ipc.Server (Server.java:run(1153)) - IPC Server listener on 35830: starting
2019-09-07 05:40:52,354 [IPC Server Responder] INFO  ipc.Server (Server.java:run(1314)) - IPC Server Responder: starting
2019-09-07 05:40:52,358 [main] INFO  server.StorageContainerManager (StorageContainerManager.java:start(773)) - ScmBlockLocationProtocol RPC server is listening at /0.0.0.0:40884
2019-09-07 05:40:52,358 [main] INFO  server.SCMBlockProtocolServer (SCMBlockProtocolServer.java:start(146)) - RPC server for Block Protocol is listening at /0.0.0.0:40884
2019-09-07 05:40:52,358 [IPC Server Responder] INFO  ipc.Server (Server.java:run(1314)) - IPC Server Responder: starting
2019-09-07 05:40:52,359 [IPC Server listener on 40884] INFO  ipc.Server (Server.java:run(1153)) - IPC Server listener on 40884: starting
2019-09-07 05:40:52,363 [main] INFO  server.StorageContainerManager (StorageContainerManager.java:start(777)) - ScmDatanodeProtocl RPC server is listening at /0.0.0.0:44773
2019-09-07 05:40:52,363 [main] INFO  server.SCMDatanodeProtocolServer (SCMDatanodeProtocolServer.java:start(191)) - RPC server for DataNodes is listening at /0.0.0.0:44773
2019-09-07 05:40:52,364 [IPC Server Responder] INFO  ipc.Server (Server.java:run(1314)) - IPC Server Responder: starting
2019-09-07 05:40:52,365 [IPC Server listener on 44773] INFO  ipc.Server (Server.java:run(1153)) - IPC Server listener on 44773: starting
2019-09-07 05:40:52,367 [main] INFO  http.HttpServer2 (HttpServer2.java:bindListener(1191)) - Jetty bound to port 37099
2019-09-07 05:40:52,367 [main] INFO  server.Server (Server.java:doStart(351)) - jetty-9.3.24.v20180605, build timestamp: 2018-06-05T17:11:56Z, git hash: 84205aa28f11a4f31f2a3b86d1bba2cc8ab69827
2019-09-07 05:40:52,369 [main] INFO  handler.ContextHandler (ContextHandler.java:doStart(781)) - Started o.e.j.s.ServletContextHandler@781aff8b{/logs,file:///workdir/hadoop-ozone/integration-test/target/log,AVAILABLE}
2019-09-07 05:40:52,369 [main] INFO  handler.ContextHandler (ContextHandler.java:doStart(781)) - Started o.e.j.s.ServletContextHandler@11c78080{/static,file:///workdir/hadoop-ozone/integration-test/target/test-classes/webapps/static,AVAILABLE}
2019-09-07 05:40:52,373 [main] INFO  handler.ContextHandler (ContextHandler.java:doStart(781)) - Started o.e.j.w.WebAppContext@619c93ca{/,file:///workdir/hadoop-ozone/integration-test/target/test-classes/webapps/scm/,AVAILABLE}{/scm}
2019-09-07 05:40:52,373 [main] INFO  server.AbstractConnector (AbstractConnector.java:doStart(278)) - Started ServerConnector@486e9d1d{HTTP/1.1,[http/1.1]}{0.0.0.0:37099}
2019-09-07 05:40:52,374 [main] INFO  server.Server (Server.java:doStart(419)) - Started @212820ms
2019-09-07 05:40:52,374 [main] WARN  impl.MetricsSystemImpl (MetricsSystemImpl.java:register(276)) - Sink prometheus already exists!
2019-09-07 05:40:52,375 [main] INFO  server.BaseHttpServer (BaseHttpServer.java:updateConnectorAddress(215)) - HTTP server of SCM is listening at http://0.0.0.0:37099
2019-09-07 05:40:52,376 [main] WARN  server.ServerUtils (ServerUtils.java:getDBPath(222)) - ozone.om.db.dirs is not configured. We recommend adding this setting. Falling back to ozone.metadata.dirs instead.
2019-09-07 05:40:52,377 [org.apache.hadoop.util.JvmPauseMonitor$Monitor@5e5ddfbc] INFO  util.JvmPauseMonitor (JvmPauseMonitor.java:run(188)) - Starting JVM pause monitor
2019-09-07 05:40:52,390 [main] WARN  server.ServerUtils (ServerUtils.java:getDBPath(222)) - ozone.om.db.dirs is not configured. We recommend adding this setting. Falling back to ozone.metadata.dirs instead.
2019-09-07 05:40:52,391 [main] WARN  server.ServerUtils (ServerUtils.java:getDBPath(222)) - ozone.om.db.dirs is not configured. We recommend adding this setting. Falling back to ozone.metadata.dirs instead.
2019-09-07 05:40:52,391 [main] INFO  om.OzoneManager (OzoneManager.java:setOMNodeDetails(649)) - OM Service ID is not set. Setting it to the default ID: omServiceIdDefault
2019-09-07 05:40:52,391 [main] INFO  om.OzoneManager (OzoneManager.java:setOMNodeDetails(655)) - OM Node ID is not set. Setting it to the OmStorage's OmID: 65f7ca39-3b04-4b8e-93d6-76bffa1e8159
2019-09-07 05:40:52,392 [main] INFO  om.OzoneManager (OzoneManager.java:loadOMHAConfigs(606)) - Found matching OM address with OMServiceId: null, OMNodeId: null, RPC Address: localhost:0 and Ratis port: 9872
2019-09-07 05:40:52,400 [main] WARN  server.ServerUtils (ServerUtils.java:getDBPath(222)) - ozone.om.db.dirs is not configured. We recommend adding this setting. Falling back to ozone.metadata.dirs instead.
2019-09-07 05:40:52,400 [main] INFO  db.DBStoreBuilder (DBStoreBuilder.java:addTable(110)) - using custom profile for table: userTable
2019-09-07 05:40:52,401 [main] INFO  db.DBStoreBuilder (DBStoreBuilder.java:processTables(161)) - Using default column profile:DBProfile.DISK for Table:userTable
2019-09-07 05:40:52,401 [main] INFO  db.DBStoreBuilder (DBStoreBuilder.java:addTable(110)) - using custom profile for table: volumeTable
2019-09-07 05:40:52,401 [main] INFO  db.DBStoreBuilder (DBStoreBuilder.java:processTables(161)) - Using default column profile:DBProfile.DISK for Table:volumeTable
2019-09-07 05:40:52,401 [main] INFO  db.DBStoreBuilder (DBStoreBuilder.java:addTable(110)) - using custom profile for table: bucketTable
2019-09-07 05:40:52,402 [main] INFO  db.DBStoreBuilder (DBStoreBuilder.java:processTables(161)) - Using default column profile:DBProfile.DISK for Table:bucketTable
2019-09-07 05:40:52,402 [main] INFO  db.DBStoreBuilder (DBStoreBuilder.java:addTable(110)) - using custom profile for table: keyTable
2019-09-07 05:40:52,402 [main] INFO  db.DBStoreBuilder (DBStoreBuilder.java:processTables(161)) - Using default column profile:DBProfile.DISK for Table:keyTable
2019-09-07 05:40:52,402 [main] INFO  db.DBStoreBuilder (DBStoreBuilder.java:addTable(110)) - using custom profile for table: deletedTable
2019-09-07 05:40:52,402 [main] INFO  db.DBStoreBuilder (DBStoreBuilder.java:processTables(161)) - Using default column profile:DBProfile.DISK for Table:deletedTable
2019-09-07 05:40:52,403 [main] INFO  db.DBStoreBuilder (DBStoreBuilder.java:addTable(110)) - using custom profile for table: openKeyTable
2019-09-07 05:40:52,403 [main] INFO  db.DBStoreBuilder (DBStoreBuilder.java:processTables(161)) - Using default column profile:DBProfile.DISK for Table:openKeyTable
2019-09-07 05:40:52,403 [main] INFO  db.DBStoreBuilder (DBStoreBuilder.java:addTable(110)) - using custom profile for table: s3Table
2019-09-07 05:40:52,403 [main] INFO  db.DBStoreBuilder (DBStoreBuilder.java:processTables(161)) - Using default column profile:DBProfile.DISK for Table:s3Table
2019-09-07 05:40:52,403 [main] INFO  db.DBStoreBuilder (DBStoreBuilder.java:addTable(110)) - using custom profile for table: multipartInfoTable
2019-09-07 05:40:52,404 [main] INFO  db.DBStoreBuilder (DBStoreBuilder.java:processTables(161)) - Using default column profile:DBProfile.DISK for Table:multipartInfoTable
2019-09-07 05:40:52,404 [main] INFO  db.DBStoreBuilder (DBStoreBuilder.java:addTable(110)) - using custom profile for table: dTokenTable
2019-09-07 05:40:52,404 [main] INFO  db.DBStoreBuilder (DBStoreBuilder.java:processTables(161)) - Using default column profile:DBProfile.DISK for Table:dTokenTable
2019-09-07 05:40:52,404 [main] INFO  db.DBStoreBuilder (DBStoreBuilder.java:addTable(110)) - using custom profile for table: s3SecretTable
2019-09-07 05:40:52,404 [main] INFO  db.DBStoreBuilder (DBStoreBuilder.java:processTables(161)) - Using default column profile:DBProfile.DISK for Table:s3SecretTable
2019-09-07 05:40:52,405 [main] INFO  db.DBStoreBuilder (DBStoreBuilder.java:addTable(110)) - using custom profile for table: prefixTable
2019-09-07 05:40:52,405 [main] INFO  db.DBStoreBuilder (DBStoreBuilder.java:processTables(161)) - Using default column profile:DBProfile.DISK for Table:prefixTable
2019-09-07 05:40:52,405 [main] INFO  db.DBStoreBuilder (DBStoreBuilder.java:addTable(110)) - using custom profile for table: default
2019-09-07 05:40:52,405 [main] INFO  db.DBStoreBuilder (DBStoreBuilder.java:processTables(167)) - Using default column profile:DBProfile.DISK for Table:default
2019-09-07 05:40:52,405 [main] INFO  db.DBStoreBuilder (DBStoreBuilder.java:getDbProfile(198)) - Using default options. DBProfile.DISK
2019-09-07 05:40:52,845 [main] INFO  ipc.CallQueueManager (CallQueueManager.java:<init>(84)) - Using callQueue: class java.util.concurrent.LinkedBlockingQueue, queueCapacity: 2000, scheduler: class org.apache.hadoop.ipc.DefaultRpcScheduler, ipcBackoff: false.
2019-09-07 05:40:52,846 [Socket Reader #1 for port 41310] INFO  ipc.Server (Server.java:run(1074)) - Starting Socket Reader #1 for port 41310
2019-09-07 05:40:52,858 [main] INFO  om.OzoneManager (OzoneManager.java:start(1240)) - OzoneManager RPC server is listening at localhost/127.0.0.1:41310
2019-09-07 05:40:52,858 [main] INFO  impl.MetricsSystemImpl (MetricsSystemImpl.java:init(158)) - OzoneManager metrics system started (again)
2019-09-07 05:40:52,859 [IPC Server Responder] INFO  ipc.Server (Server.java:run(1314)) - IPC Server Responder: starting
2019-09-07 05:40:52,860 [IPC Server listener on 41310] INFO  ipc.Server (Server.java:run(1153)) - IPC Server listener on 41310: starting
2019-09-07 05:40:52,864 [main] INFO  hdfs.DFSUtil (DFSUtil.java:httpServerTemplateForNNAndJN(1641)) - Starting Web-server for ozoneManager at: http://0.0.0.0:0
2019-09-07 05:40:52,866 [main] INFO  server.AuthenticationFilter (AuthenticationFilter.java:constructSecretProvider(240)) - Unable to initialize FileSignerSecretProvider, falling back to use random secrets.
2019-09-07 05:40:52,873 [main] WARN  http.HttpRequestLog (HttpRequestLog.java:getRequestLog(97)) - Jetty request log can only be enabled using Log4j
2019-09-07 05:40:52,875 [main] INFO  http.HttpServer2 (HttpServer2.java:addGlobalFilter(975)) - Added global filter 'safety' (class=org.apache.hadoop.http.HttpServer2$QuotingInputFilter)
2019-09-07 05:40:52,876 [main] INFO  http.HttpServer2 (HttpServer2.java:addFilter(948)) - Added filter static_user_filter (class=org.apache.hadoop.http.lib.StaticUserWebFilter$StaticUserFilter) to context ozoneManager
2019-09-07 05:40:52,876 [main] INFO  http.HttpServer2 (HttpServer2.java:addFilter(958)) - Added filter static_user_filter (class=org.apache.hadoop.http.lib.StaticUserWebFilter$StaticUserFilter) to context static
2019-09-07 05:40:52,877 [main] INFO  http.HttpServer2 (HttpServer2.java:addFilter(958)) - Added filter static_user_filter (class=org.apache.hadoop.http.lib.StaticUserWebFilter$StaticUserFilter) to context logs
2019-09-07 05:40:52,878 [main] INFO  http.HttpServer2 (HttpServer2.java:bindListener(1191)) - Jetty bound to port 41317
2019-09-07 05:40:52,878 [main] INFO  server.Server (Server.java:doStart(351)) - jetty-9.3.24.v20180605, build timestamp: 2018-06-05T17:11:56Z, git hash: 84205aa28f11a4f31f2a3b86d1bba2cc8ab69827
2019-09-07 05:40:52,880 [main] INFO  handler.ContextHandler (ContextHandler.java:doStart(781)) - Started o.e.j.s.ServletContextHandler@1472208d{/logs,file:///workdir/hadoop-ozone/integration-test/target/log,AVAILABLE}
2019-09-07 05:40:52,880 [main] INFO  handler.ContextHandler (ContextHandler.java:doStart(781)) - Started o.e.j.s.ServletContextHandler@6de004f1{/static,file:///workdir/hadoop-ozone/integration-test/target/test-classes/webapps/static,AVAILABLE}
2019-09-07 05:40:52,885 [main] INFO  handler.ContextHandler (ContextHandler.java:doStart(781)) - Started o.e.j.w.WebAppContext@19827608{/,file:///workdir/hadoop-ozone/integration-test/target/test-classes/webapps/ozoneManager/,AVAILABLE}{/ozoneManager}
2019-09-07 05:40:52,886 [main] INFO  server.AbstractConnector (AbstractConnector.java:doStart(278)) - Started ServerConnector@cc9ef8d{HTTP/1.1,[http/1.1]}{0.0.0.0:41317}
2019-09-07 05:40:52,887 [main] INFO  server.Server (Server.java:doStart(419)) - Started @213333ms
2019-09-07 05:40:52,887 [main] WARN  impl.MetricsSystemImpl (MetricsSystemImpl.java:register(276)) - Sink prometheus already exists!
2019-09-07 05:40:52,888 [main] INFO  server.BaseHttpServer (BaseHttpServer.java:updateConnectorAddress(215)) - HTTP server of OZONEMANAGER is listening at http://0.0.0.0:41317
2019-09-07 05:40:52,906 [main] INFO  impl.MetricsSystemImpl (MetricsSystemImpl.java:init(158)) - HddsDatanode metrics system started (again)
2019-09-07 05:40:52,909 [main] INFO  ozone.HddsDatanodeService (HddsDatanodeService.java:start(184)) - HddsDatanodeService host:trunk-nightly-20190907-l8mkd-3410636087 ip:192.168.36.105
2019-09-07 05:40:52,915 [main] INFO  volume.HddsVolume (HddsVolume.java:<init>(176)) - Creating Volume: /workdir/hadoop-ozone/integration-test/target/test-dir/MiniOzoneClusterImpl-cbf2fb49-9796-4388-8e34-31192cee1719/datanode-0/data/containers/hdds of  storage type : DISK and capacity : 1482555576320
2019-09-07 05:40:52,915 [main] INFO  volume.VolumeSet (VolumeSet.java:initializeVolumeSet(170)) - Added Volume : /workdir/hadoop-ozone/integration-test/target/test-dir/MiniOzoneClusterImpl-cbf2fb49-9796-4388-8e34-31192cee1719/datanode-0/data/containers/hdds to VolumeSet
2019-09-07 05:40:52,915 [main] INFO  volume.ThrottledAsyncChecker (ThrottledAsyncChecker.java:schedule(140)) - Scheduling a check for org.apache.hadoop.ozone.container.common.volume.HddsVolume@15214920
2019-09-07 05:40:52,917 [main] INFO  volume.HddsVolumeChecker (HddsVolumeChecker.java:checkAllVolumes(203)) - Scheduled health check for volume org.apache.hadoop.ozone.container.common.volume.HddsVolume@15214920
2019-09-07 05:40:52,931 [main] INFO  impl.RaftServerProxy (ConfUtils.java:logGet(43)) - raft.rpc.type = GRPC (default)
2019-09-07 05:40:52,931 [main] INFO  grpc.GrpcFactory (GrpcFactory.java:checkPooledByteBufAllocatorUseCacheForAllThreads(45)) - PERFORMANCE WARNING: useCacheForAllThreads is true that may cause Netty to create a lot garbage objects and, as a result, trigger GC.
	It is recommended to disable useCacheForAllThreads by setting -Dorg.apache.ratis.thirdparty.io.netty.allocator.useCacheForAllThreads=false in command line.
2019-09-07 05:40:52,932 [main] INFO  grpc.GrpcConfigKeys$Server (ConfUtils.java:logGet(43)) - raft.grpc.server.port = 0 (default)
2019-09-07 05:40:52,932 [main] INFO  server.GrpcService (ConfUtils.java:logGet(43)) - raft.grpc.message.size.max = 33570816 (custom)
2019-09-07 05:40:52,932 [main] INFO  server.RaftServerConfigKeys (ConfUtils.java:logGet(43)) - raft.server.log.appender.buffer.byte-limit = 33554432 (custom)
2019-09-07 05:40:52,932 [main] INFO  server.GrpcService (ConfUtils.java:logGet(43)) - raft.grpc.flow.control.window = 1MB (=1048576) (default)
2019-09-07 05:40:52,933 [main] INFO  server.RaftServerConfigKeys (ConfUtils.java:logGet(43)) - raft.server.rpc.request.timeout = 3000ms (default)
2019-09-07 05:40:52,933 [main] INFO  server.RaftServerConfigKeys (ConfUtils.java:logGet(43)) - raft.server.storage.dir = [/workdir/hadoop-ozone/integration-test/target/test-dir/MiniOzoneClusterImpl-cbf2fb49-9796-4388-8e34-31192cee1719/datanode-0/data/ratis] (custom)
2019-09-07 05:40:52,935 [main] INFO  hdfs.DFSUtil (DFSUtil.java:httpServerTemplateForNNAndJN(1641)) - Starting Web-server for hddsDatanode at: http://0.0.0.0:0
2019-09-07 05:40:52,936 [main] INFO  server.AuthenticationFilter (AuthenticationFilter.java:constructSecretProvider(240)) - Unable to initialize FileSignerSecretProvider, falling back to use random secrets.
2019-09-07 05:40:52,937 [main] WARN  http.HttpRequestLog (HttpRequestLog.java:getRequestLog(97)) - Jetty request log can only be enabled using Log4j
2019-09-07 05:40:52,939 [main] INFO  http.HttpServer2 (HttpServer2.java:addGlobalFilter(975)) - Added global filter 'safety' (class=org.apache.hadoop.http.HttpServer2$QuotingInputFilter)
2019-09-07 05:40:52,940 [main] INFO  http.HttpServer2 (HttpServer2.java:addFilter(948)) - Added filter static_user_filter (class=org.apache.hadoop.http.lib.StaticUserWebFilter$StaticUserFilter) to context hddsDatanode
2019-09-07 05:40:52,940 [main] INFO  http.HttpServer2 (HttpServer2.java:addFilter(958)) - Added filter static_user_filter (class=org.apache.hadoop.http.lib.StaticUserWebFilter$StaticUserFilter) to context logs
2019-09-07 05:40:52,940 [main] INFO  http.HttpServer2 (HttpServer2.java:addFilter(958)) - Added filter static_user_filter (class=org.apache.hadoop.http.lib.StaticUserWebFilter$StaticUserFilter) to context static
2019-09-07 05:40:52,941 [main] INFO  http.HttpServer2 (HttpServer2.java:bindListener(1191)) - Jetty bound to port 41681
2019-09-07 05:40:52,941 [main] INFO  server.Server (Server.java:doStart(351)) - jetty-9.3.24.v20180605, build timestamp: 2018-06-05T17:11:56Z, git hash: 84205aa28f11a4f31f2a3b86d1bba2cc8ab69827
2019-09-07 05:40:52,943 [main] INFO  handler.ContextHandler (ContextHandler.java:doStart(781)) - Started o.e.j.s.ServletContextHandler@35145874{/logs,file:///workdir/hadoop-ozone/integration-test/target/log,AVAILABLE}
2019-09-07 05:40:52,943 [main] INFO  handler.ContextHandler (ContextHandler.java:doStart(781)) - Started o.e.j.s.ServletContextHandler@11df2829{/static,jar:file:/home/user/.m2/repository/org/apache/hadoop/hadoop-hdds-container-service/0.5.0-SNAPSHOT/hadoop-hdds-container-service-0.5.0-SNAPSHOT.jar!/webapps/static,AVAILABLE}
2019-09-07 05:40:52,977 [main] INFO  handler.ContextHandler (ContextHandler.java:doStart(781)) - Started o.e.j.w.WebAppContext@8fcc534{/,file:///tmp/jetty-0.0.0.0-41681-hddsDatanode-_-any-665991407174717482.dir/webapp/,AVAILABLE}{/hddsDatanode}
2019-09-07 05:40:52,977 [main] INFO  server.AbstractConnector (AbstractConnector.java:doStart(278)) - Started ServerConnector@5e599100{HTTP/1.1,[http/1.1]}{0.0.0.0:41681}
2019-09-07 05:40:52,978 [main] INFO  server.Server (Server.java:doStart(419)) - Started @213424ms
2019-09-07 05:40:52,978 [main] WARN  impl.MetricsSystemImpl (MetricsSystemImpl.java:register(276)) - Sink prometheus already exists!
2019-09-07 05:40:52,979 [main] INFO  server.BaseHttpServer (BaseHttpServer.java:updateConnectorAddress(215)) - HTTP server of HDDSDATANODE is listening at http://0.0.0.0:41681
2019-09-07 05:40:52,980 [main] INFO  impl.MetricsSystemImpl (MetricsSystemImpl.java:init(158)) - HddsDatanode metrics system started (again)
2019-09-07 05:40:52,983 [org.apache.hadoop.util.JvmPauseMonitor$Monitor@6c46e54f] INFO  util.JvmPauseMonitor (JvmPauseMonitor.java:run(188)) - Starting JVM pause monitor
2019-09-07 05:40:52,983 [main] INFO  ozone.HddsDatanodeService (HddsDatanodeService.java:start(184)) - HddsDatanodeService host:trunk-nightly-20190907-l8mkd-3410636087 ip:192.168.36.105
2019-09-07 05:40:52,984 [Datanode State Machine Thread - 0] INFO  datanode.InitDatanodeState (InitDatanodeState.java:persistContainerDatanodeDetails(140)) - DatanodeDetails is persisted to /workdir/hadoop-ozone/integration-test/target/test-dir/MiniOzoneClusterImpl-cbf2fb49-9796-4388-8e34-31192cee1719/datanode-0/meta/datanode.id
2019-09-07 05:40:52,988 [main] INFO  volume.HddsVolume (HddsVolume.java:<init>(176)) - Creating Volume: /workdir/hadoop-ozone/integration-test/target/test-dir/MiniOzoneClusterImpl-cbf2fb49-9796-4388-8e34-31192cee1719/datanode-1/data/containers/hdds of  storage type : DISK and capacity : 1482555576320
2019-09-07 05:40:52,989 [main] INFO  volume.VolumeSet (VolumeSet.java:initializeVolumeSet(170)) - Added Volume : /workdir/hadoop-ozone/integration-test/target/test-dir/MiniOzoneClusterImpl-cbf2fb49-9796-4388-8e34-31192cee1719/datanode-1/data/containers/hdds to VolumeSet
2019-09-07 05:40:52,989 [main] INFO  volume.ThrottledAsyncChecker (ThrottledAsyncChecker.java:schedule(140)) - Scheduling a check for org.apache.hadoop.ozone.container.common.volume.HddsVolume@13250132
2019-09-07 05:40:52,989 [main] INFO  volume.HddsVolumeChecker (HddsVolumeChecker.java:checkAllVolumes(203)) - Scheduled health check for volume org.apache.hadoop.ozone.container.common.volume.HddsVolume@13250132
2019-09-07 05:40:53,002 [main] INFO  impl.RaftServerProxy (ConfUtils.java:logGet(43)) - raft.rpc.type = GRPC (default)
2019-09-07 05:40:53,002 [main] INFO  grpc.GrpcFactory (GrpcFactory.java:checkPooledByteBufAllocatorUseCacheForAllThreads(45)) - PERFORMANCE WARNING: useCacheForAllThreads is true that may cause Netty to create a lot garbage objects and, as a result, trigger GC.
	It is recommended to disable useCacheForAllThreads by setting -Dorg.apache.ratis.thirdparty.io.netty.allocator.useCacheForAllThreads=false in command line.
2019-09-07 05:40:53,002 [main] INFO  grpc.GrpcConfigKeys$Server (ConfUtils.java:logGet(43)) - raft.grpc.server.port = 0 (default)
2019-09-07 05:40:53,003 [main] INFO  server.GrpcService (ConfUtils.java:logGet(43)) - raft.grpc.message.size.max = 33570816 (custom)
2019-09-07 05:40:53,003 [main] INFO  server.RaftServerConfigKeys (ConfUtils.java:logGet(43)) - raft.server.log.appender.buffer.byte-limit = 33554432 (custom)
2019-09-07 05:40:53,003 [main] INFO  server.GrpcService (ConfUtils.java:logGet(43)) - raft.grpc.flow.control.window = 1MB (=1048576) (default)
2019-09-07 05:40:53,003 [main] INFO  server.RaftServerConfigKeys (ConfUtils.java:logGet(43)) - raft.server.rpc.request.timeout = 3000ms (default)
2019-09-07 05:40:53,004 [main] INFO  server.RaftServerConfigKeys (ConfUtils.java:logGet(43)) - raft.server.storage.dir = [/workdir/hadoop-ozone/integration-test/target/test-dir/MiniOzoneClusterImpl-cbf2fb49-9796-4388-8e34-31192cee1719/datanode-1/data/ratis] (custom)
2019-09-07 05:40:53,005 [main] INFO  hdfs.DFSUtil (DFSUtil.java:httpServerTemplateForNNAndJN(1641)) - Starting Web-server for hddsDatanode at: http://0.0.0.0:0
2019-09-07 05:40:53,006 [main] INFO  server.AuthenticationFilter (AuthenticationFilter.java:constructSecretProvider(240)) - Unable to initialize FileSignerSecretProvider, falling back to use random secrets.
2019-09-07 05:40:53,006 [main] WARN  http.HttpRequestLog (HttpRequestLog.java:getRequestLog(97)) - Jetty request log can only be enabled using Log4j
2019-09-07 05:40:53,007 [main] INFO  http.HttpServer2 (HttpServer2.java:addGlobalFilter(975)) - Added global filter 'safety' (class=org.apache.hadoop.http.HttpServer2$QuotingInputFilter)
2019-09-07 05:40:53,008 [main] INFO  http.HttpServer2 (HttpServer2.java:addFilter(948)) - Added filter static_user_filter (class=org.apache.hadoop.http.lib.StaticUserWebFilter$StaticUserFilter) to context hddsDatanode
2019-09-07 05:40:53,008 [main] INFO  http.HttpServer2 (HttpServer2.java:addFilter(958)) - Added filter static_user_filter (class=org.apache.hadoop.http.lib.StaticUserWebFilter$StaticUserFilter) to context logs
2019-09-07 05:40:53,008 [main] INFO  http.HttpServer2 (HttpServer2.java:addFilter(958)) - Added filter static_user_filter (class=org.apache.hadoop.http.lib.StaticUserWebFilter$StaticUserFilter) to context static
2019-09-07 05:40:53,008 [main] INFO  http.HttpServer2 (HttpServer2.java:bindListener(1191)) - Jetty bound to port 46529
2019-09-07 05:40:53,009 [main] INFO  server.Server (Server.java:doStart(351)) - jetty-9.3.24.v20180605, build timestamp: 2018-06-05T17:11:56Z, git hash: 84205aa28f11a4f31f2a3b86d1bba2cc8ab69827
2019-09-07 05:40:53,010 [main] INFO  handler.ContextHandler (ContextHandler.java:doStart(781)) - Started o.e.j.s.ServletContextHandler@5db3d57c{/logs,file:///workdir/hadoop-ozone/integration-test/target/log,AVAILABLE}
2019-09-07 05:40:53,011 [main] INFO  handler.ContextHandler (ContextHandler.java:doStart(781)) - Started o.e.j.s.ServletContextHandler@74ba6ff5{/static,jar:file:/home/user/.m2/repository/org/apache/hadoop/hadoop-hdds-container-service/0.5.0-SNAPSHOT/hadoop-hdds-container-service-0.5.0-SNAPSHOT.jar!/webapps/static,AVAILABLE}
2019-09-07 05:40:53,038 [main] INFO  handler.ContextHandler (ContextHandler.java:doStart(781)) - Started o.e.j.w.WebAppContext@25791d40{/,file:///tmp/jetty-0.0.0.0-46529-hddsDatanode-_-any-6808210698298243292.dir/webapp/,AVAILABLE}{/hddsDatanode}
2019-09-07 05:40:53,039 [main] INFO  server.AbstractConnector (AbstractConnector.java:doStart(278)) - Started ServerConnector@448c92fc{HTTP/1.1,[http/1.1]}{0.0.0.0:46529}
2019-09-07 05:40:53,040 [main] INFO  server.Server (Server.java:doStart(419)) - Started @213486ms
2019-09-07 05:40:53,040 [main] WARN  impl.MetricsSystemImpl (MetricsSystemImpl.java:register(276)) - Sink prometheus already exists!
2019-09-07 05:40:53,041 [main] INFO  server.BaseHttpServer (BaseHttpServer.java:updateConnectorAddress(215)) - HTTP server of HDDSDATANODE is listening at http://0.0.0.0:46529
2019-09-07 05:40:53,041 [main] INFO  impl.MetricsSystemImpl (MetricsSystemImpl.java:init(158)) - HddsDatanode metrics system started (again)
2019-09-07 05:40:53,044 [org.apache.hadoop.util.JvmPauseMonitor$Monitor@28c07f91] INFO  util.JvmPauseMonitor (JvmPauseMonitor.java:run(188)) - Starting JVM pause monitor
2019-09-07 05:40:53,045 [main] INFO  ozone.HddsDatanodeService (HddsDatanodeService.java:start(184)) - HddsDatanodeService host:trunk-nightly-20190907-l8mkd-3410636087 ip:192.168.36.105
2019-09-07 05:40:53,046 [Datanode State Machine Thread - 0] INFO  datanode.InitDatanodeState (InitDatanodeState.java:persistContainerDatanodeDetails(140)) - DatanodeDetails is persisted to /workdir/hadoop-ozone/integration-test/target/test-dir/MiniOzoneClusterImpl-cbf2fb49-9796-4388-8e34-31192cee1719/datanode-1/meta/datanode.id
2019-09-07 05:40:53,050 [main] INFO  volume.HddsVolume (HddsVolume.java:<init>(176)) - Creating Volume: /workdir/hadoop-ozone/integration-test/target/test-dir/MiniOzoneClusterImpl-cbf2fb49-9796-4388-8e34-31192cee1719/datanode-2/data/containers/hdds of  storage type : DISK and capacity : 1482555576320
2019-09-07 05:40:53,051 [main] INFO  volume.VolumeSet (VolumeSet.java:initializeVolumeSet(170)) - Added Volume : /workdir/hadoop-ozone/integration-test/target/test-dir/MiniOzoneClusterImpl-cbf2fb49-9796-4388-8e34-31192cee1719/datanode-2/data/containers/hdds to VolumeSet
2019-09-07 05:40:53,051 [main] INFO  volume.ThrottledAsyncChecker (ThrottledAsyncChecker.java:schedule(140)) - Scheduling a check for org.apache.hadoop.ozone.container.common.volume.HddsVolume@1efac5b9
2019-09-07 05:40:53,051 [main] INFO  volume.HddsVolumeChecker (HddsVolumeChecker.java:checkAllVolumes(203)) - Scheduled health check for volume org.apache.hadoop.ozone.container.common.volume.HddsVolume@1efac5b9
2019-09-07 05:40:53,064 [main] INFO  impl.RaftServerProxy (ConfUtils.java:logGet(43)) - raft.rpc.type = GRPC (default)
2019-09-07 05:40:53,065 [main] INFO  grpc.GrpcFactory (GrpcFactory.java:checkPooledByteBufAllocatorUseCacheForAllThreads(45)) - PERFORMANCE WARNING: useCacheForAllThreads is true that may cause Netty to create a lot garbage objects and, as a result, trigger GC.
	It is recommended to disable useCacheForAllThreads by setting -Dorg.apache.ratis.thirdparty.io.netty.allocator.useCacheForAllThreads=false in command line.
2019-09-07 05:40:53,065 [main] INFO  grpc.GrpcConfigKeys$Server (ConfUtils.java:logGet(43)) - raft.grpc.server.port = 0 (default)
2019-09-07 05:40:53,065 [main] INFO  server.GrpcService (ConfUtils.java:logGet(43)) - raft.grpc.message.size.max = 33570816 (custom)
2019-09-07 05:40:53,065 [main] INFO  server.RaftServerConfigKeys (ConfUtils.java:logGet(43)) - raft.server.log.appender.buffer.byte-limit = 33554432 (custom)
2019-09-07 05:40:53,066 [main] INFO  server.GrpcService (ConfUtils.java:logGet(43)) - raft.grpc.flow.control.window = 1MB (=1048576) (default)
2019-09-07 05:40:53,066 [main] INFO  server.RaftServerConfigKeys (ConfUtils.java:logGet(43)) - raft.server.rpc.request.timeout = 3000ms (default)
2019-09-07 05:40:53,066 [main] INFO  server.RaftServerConfigKeys (ConfUtils.java:logGet(43)) - raft.server.storage.dir = [/workdir/hadoop-ozone/integration-test/target/test-dir/MiniOzoneClusterImpl-cbf2fb49-9796-4388-8e34-31192cee1719/datanode-2/data/ratis] (custom)
2019-09-07 05:40:53,067 [main] INFO  hdfs.DFSUtil (DFSUtil.java:httpServerTemplateForNNAndJN(1641)) - Starting Web-server for hddsDatanode at: http://0.0.0.0:0
2019-09-07 05:40:53,068 [main] INFO  server.AuthenticationFilter (AuthenticationFilter.java:constructSecretProvider(240)) - Unable to initialize FileSignerSecretProvider, falling back to use random secrets.
2019-09-07 05:40:53,069 [main] WARN  http.HttpRequestLog (HttpRequestLog.java:getRequestLog(97)) - Jetty request log can only be enabled using Log4j
2019-09-07 05:40:53,070 [main] INFO  http.HttpServer2 (HttpServer2.java:addGlobalFilter(975)) - Added global filter 'safety' (class=org.apache.hadoop.http.HttpServer2$QuotingInputFilter)
2019-09-07 05:40:53,071 [main] INFO  http.HttpServer2 (HttpServer2.java:addFilter(948)) - Added filter static_user_filter (class=org.apache.hadoop.http.lib.StaticUserWebFilter$StaticUserFilter) to context hddsDatanode
2019-09-07 05:40:53,071 [main] INFO  http.HttpServer2 (HttpServer2.java:addFilter(958)) - Added filter static_user_filter (class=org.apache.hadoop.http.lib.StaticUserWebFilter$StaticUserFilter) to context logs
2019-09-07 05:40:53,071 [main] INFO  http.HttpServer2 (HttpServer2.java:addFilter(958)) - Added filter static_user_filter (class=org.apache.hadoop.http.lib.StaticUserWebFilter$StaticUserFilter) to context static
2019-09-07 05:40:53,072 [main] INFO  http.HttpServer2 (HttpServer2.java:bindListener(1191)) - Jetty bound to port 37874
2019-09-07 05:40:53,072 [main] INFO  server.Server (Server.java:doStart(351)) - jetty-9.3.24.v20180605, build timestamp: 2018-06-05T17:11:56Z, git hash: 84205aa28f11a4f31f2a3b86d1bba2cc8ab69827
2019-09-07 05:40:53,073 [main] INFO  handler.ContextHandler (ContextHandler.java:doStart(781)) - Started o.e.j.s.ServletContextHandler@1b37fbec{/logs,file:///workdir/hadoop-ozone/integration-test/target/log,AVAILABLE}
2019-09-07 05:40:53,074 [main] INFO  handler.ContextHandler (ContextHandler.java:doStart(781)) - Started o.e.j.s.ServletContextHandler@bb3ecfe{/static,jar:file:/home/user/.m2/repository/org/apache/hadoop/hadoop-hdds-container-service/0.5.0-SNAPSHOT/hadoop-hdds-container-service-0.5.0-SNAPSHOT.jar!/webapps/static,AVAILABLE}
2019-09-07 05:40:53,101 [main] INFO  handler.ContextHandler (ContextHandler.java:doStart(781)) - Started o.e.j.w.WebAppContext@76cdafa3{/,file:///tmp/jetty-0.0.0.0-37874-hddsDatanode-_-any-7138624152394438476.dir/webapp/,AVAILABLE}{/hddsDatanode}
2019-09-07 05:40:53,102 [main] INFO  server.AbstractConnector (AbstractConnector.java:doStart(278)) - Started ServerConnector@6b27b2d0{HTTP/1.1,[http/1.1]}{0.0.0.0:37874}
2019-09-07 05:40:53,104 [main] INFO  server.Server (Server.java:doStart(419)) - Started @213550ms
2019-09-07 05:40:53,104 [main] WARN  impl.MetricsSystemImpl (MetricsSystemImpl.java:register(276)) - Sink prometheus already exists!
2019-09-07 05:40:53,105 [main] INFO  server.BaseHttpServer (BaseHttpServer.java:updateConnectorAddress(215)) - HTTP server of HDDSDATANODE is listening at http://0.0.0.0:37874
2019-09-07 05:40:53,105 [main] INFO  impl.MetricsSystemImpl (MetricsSystemImpl.java:init(158)) - HddsDatanode metrics system started (again)
2019-09-07 05:40:53,109 [org.apache.hadoop.util.JvmPauseMonitor$Monitor@299bbd0b] INFO  util.JvmPauseMonitor (JvmPauseMonitor.java:run(188)) - Starting JVM pause monitor
2019-09-07 05:40:53,109 [main] INFO  ozone.HddsDatanodeService (HddsDatanodeService.java:start(184)) - HddsDatanodeService host:trunk-nightly-20190907-l8mkd-3410636087 ip:192.168.36.105
2019-09-07 05:40:53,110 [Datanode State Machine Thread - 0] INFO  datanode.InitDatanodeState (InitDatanodeState.java:persistContainerDatanodeDetails(140)) - DatanodeDetails is persisted to /workdir/hadoop-ozone/integration-test/target/test-dir/MiniOzoneClusterImpl-cbf2fb49-9796-4388-8e34-31192cee1719/datanode-2/meta/datanode.id
2019-09-07 05:40:53,115 [main] INFO  volume.HddsVolume (HddsVolume.java:<init>(176)) - Creating Volume: /workdir/hadoop-ozone/integration-test/target/test-dir/MiniOzoneClusterImpl-cbf2fb49-9796-4388-8e34-31192cee1719/datanode-3/data/containers/hdds of  storage type : DISK and capacity : 1482555576320
2019-09-07 05:40:53,115 [main] INFO  volume.VolumeSet (VolumeSet.java:initializeVolumeSet(170)) - Added Volume : /workdir/hadoop-ozone/integration-test/target/test-dir/MiniOzoneClusterImpl-cbf2fb49-9796-4388-8e34-31192cee1719/datanode-3/data/containers/hdds to VolumeSet
2019-09-07 05:40:53,115 [main] INFO  volume.ThrottledAsyncChecker (ThrottledAsyncChecker.java:schedule(140)) - Scheduling a check for org.apache.hadoop.ozone.container.common.volume.HddsVolume@111c229c
2019-09-07 05:40:53,116 [main] INFO  volume.HddsVolumeChecker (HddsVolumeChecker.java:checkAllVolumes(203)) - Scheduled health check for volume org.apache.hadoop.ozone.container.common.volume.HddsVolume@111c229c
2019-09-07 05:40:53,129 [main] INFO  impl.RaftServerProxy (ConfUtils.java:logGet(43)) - raft.rpc.type = GRPC (default)
2019-09-07 05:40:53,129 [main] INFO  grpc.GrpcFactory (GrpcFactory.java:checkPooledByteBufAllocatorUseCacheForAllThreads(45)) - PERFORMANCE WARNING: useCacheForAllThreads is true that may cause Netty to create a lot garbage objects and, as a result, trigger GC.
	It is recommended to disable useCacheForAllThreads by setting -Dorg.apache.ratis.thirdparty.io.netty.allocator.useCacheForAllThreads=false in command line.
2019-09-07 05:40:53,130 [main] INFO  grpc.GrpcConfigKeys$Server (ConfUtils.java:logGet(43)) - raft.grpc.server.port = 0 (default)
2019-09-07 05:40:53,130 [main] INFO  server.GrpcService (ConfUtils.java:logGet(43)) - raft.grpc.message.size.max = 33570816 (custom)
2019-09-07 05:40:53,130 [main] INFO  server.RaftServerConfigKeys (ConfUtils.java:logGet(43)) - raft.server.log.appender.buffer.byte-limit = 33554432 (custom)
2019-09-07 05:40:53,130 [main] INFO  server.GrpcService (ConfUtils.java:logGet(43)) - raft.grpc.flow.control.window = 1MB (=1048576) (default)
2019-09-07 05:40:53,130 [main] INFO  server.RaftServerConfigKeys (ConfUtils.java:logGet(43)) - raft.server.rpc.request.timeout = 3000ms (default)
2019-09-07 05:40:53,131 [main] INFO  server.RaftServerConfigKeys (ConfUtils.java:logGet(43)) - raft.server.storage.dir = [/workdir/hadoop-ozone/integration-test/target/test-dir/MiniOzoneClusterImpl-cbf2fb49-9796-4388-8e34-31192cee1719/datanode-3/data/ratis] (custom)
2019-09-07 05:40:53,132 [main] INFO  hdfs.DFSUtil (DFSUtil.java:httpServerTemplateForNNAndJN(1641)) - Starting Web-server for hddsDatanode at: http://0.0.0.0:0
2019-09-07 05:40:53,133 [main] INFO  server.AuthenticationFilter (AuthenticationFilter.java:constructSecretProvider(240)) - Unable to initialize FileSignerSecretProvider, falling back to use random secrets.
2019-09-07 05:40:53,134 [main] WARN  http.HttpRequestLog (HttpRequestLog.java:getRequestLog(97)) - Jetty request log can only be enabled using Log4j
2019-09-07 05:40:53,135 [main] INFO  http.HttpServer2 (HttpServer2.java:addGlobalFilter(975)) - Added global filter 'safety' (class=org.apache.hadoop.http.HttpServer2$QuotingInputFilter)
2019-09-07 05:40:53,135 [main] INFO  http.HttpServer2 (HttpServer2.java:addFilter(948)) - Added filter static_user_filter (class=org.apache.hadoop.http.lib.StaticUserWebFilter$StaticUserFilter) to context hddsDatanode
2019-09-07 05:40:53,136 [main] INFO  http.HttpServer2 (HttpServer2.java:addFilter(958)) - Added filter static_user_filter (class=org.apache.hadoop.http.lib.StaticUserWebFilter$StaticUserFilter) to context static
2019-09-07 05:40:53,136 [main] INFO  http.HttpServer2 (HttpServer2.java:addFilter(958)) - Added filter static_user_filter (class=org.apache.hadoop.http.lib.StaticUserWebFilter$StaticUserFilter) to context logs
2019-09-07 05:40:53,136 [main] INFO  http.HttpServer2 (HttpServer2.java:bindListener(1191)) - Jetty bound to port 38194
2019-09-07 05:40:53,137 [main] INFO  server.Server (Server.java:doStart(351)) - jetty-9.3.24.v20180605, build timestamp: 2018-06-05T17:11:56Z, git hash: 84205aa28f11a4f31f2a3b86d1bba2cc8ab69827
2019-09-07 05:40:53,138 [main] INFO  handler.ContextHandler (ContextHandler.java:doStart(781)) - Started o.e.j.s.ServletContextHandler@20440c6c{/logs,file:///workdir/hadoop-ozone/integration-test/target/log,AVAILABLE}
2019-09-07 05:40:53,139 [main] INFO  handler.ContextHandler (ContextHandler.java:doStart(781)) - Started o.e.j.s.ServletContextHandler@560271a1{/static,jar:file:/home/user/.m2/repository/org/apache/hadoop/hadoop-hdds-container-service/0.5.0-SNAPSHOT/hadoop-hdds-container-service-0.5.0-SNAPSHOT.jar!/webapps/static,AVAILABLE}
2019-09-07 05:40:53,165 [main] INFO  handler.ContextHandler (ContextHandler.java:doStart(781)) - Started o.e.j.w.WebAppContext@e62319f{/,file:///tmp/jetty-0.0.0.0-38194-hddsDatanode-_-any-6175858160794998912.dir/webapp/,AVAILABLE}{/hddsDatanode}
2019-09-07 05:40:53,166 [main] INFO  server.AbstractConnector (AbstractConnector.java:doStart(278)) - Started ServerConnector@4d354a3e{HTTP/1.1,[http/1.1]}{0.0.0.0:38194}
2019-09-07 05:40:53,167 [main] INFO  server.Server (Server.java:doStart(419)) - Started @213613ms
2019-09-07 05:40:53,167 [main] WARN  impl.MetricsSystemImpl (MetricsSystemImpl.java:register(276)) - Sink prometheus already exists!
2019-09-07 05:40:53,168 [main] INFO  server.BaseHttpServer (BaseHttpServer.java:updateConnectorAddress(215)) - HTTP server of HDDSDATANODE is listening at http://0.0.0.0:38194
2019-09-07 05:40:53,168 [main] INFO  impl.MetricsSystemImpl (MetricsSystemImpl.java:init(158)) - HddsDatanode metrics system started (again)
2019-09-07 05:40:53,172 [org.apache.hadoop.util.JvmPauseMonitor$Monitor@52d18e2a] INFO  util.JvmPauseMonitor (JvmPauseMonitor.java:run(188)) - Starting JVM pause monitor
2019-09-07 05:40:53,172 [main] INFO  ozone.HddsDatanodeService (HddsDatanodeService.java:start(184)) - HddsDatanodeService host:trunk-nightly-20190907-l8mkd-3410636087 ip:192.168.36.105
2019-09-07 05:40:53,173 [Datanode State Machine Thread - 0] INFO  datanode.InitDatanodeState (InitDatanodeState.java:persistContainerDatanodeDetails(140)) - DatanodeDetails is persisted to /workdir/hadoop-ozone/integration-test/target/test-dir/MiniOzoneClusterImpl-cbf2fb49-9796-4388-8e34-31192cee1719/datanode-3/meta/datanode.id
2019-09-07 05:40:53,177 [main] INFO  volume.HddsVolume (HddsVolume.java:<init>(176)) - Creating Volume: /workdir/hadoop-ozone/integration-test/target/test-dir/MiniOzoneClusterImpl-cbf2fb49-9796-4388-8e34-31192cee1719/datanode-4/data/containers/hdds of  storage type : DISK and capacity : 1482555576320
2019-09-07 05:40:53,178 [main] INFO  volume.VolumeSet (VolumeSet.java:initializeVolumeSet(170)) - Added Volume : /workdir/hadoop-ozone/integration-test/target/test-dir/MiniOzoneClusterImpl-cbf2fb49-9796-4388-8e34-31192cee1719/datanode-4/data/containers/hdds to VolumeSet
2019-09-07 05:40:53,178 [main] INFO  volume.ThrottledAsyncChecker (ThrottledAsyncChecker.java:schedule(140)) - Scheduling a check for org.apache.hadoop.ozone.container.common.volume.HddsVolume@1511d157
2019-09-07 05:40:53,178 [main] INFO  volume.HddsVolumeChecker (HddsVolumeChecker.java:checkAllVolumes(203)) - Scheduled health check for volume org.apache.hadoop.ozone.container.common.volume.HddsVolume@1511d157
2019-09-07 05:40:53,192 [main] INFO  impl.RaftServerProxy (ConfUtils.java:logGet(43)) - raft.rpc.type = GRPC (default)
2019-09-07 05:40:53,192 [main] INFO  grpc.GrpcFactory (GrpcFactory.java:checkPooledByteBufAllocatorUseCacheForAllThreads(45)) - PERFORMANCE WARNING: useCacheForAllThreads is true that may cause Netty to create a lot garbage objects and, as a result, trigger GC.
	It is recommended to disable useCacheForAllThreads by setting -Dorg.apache.ratis.thirdparty.io.netty.allocator.useCacheForAllThreads=false in command line.
2019-09-07 05:40:53,192 [main] INFO  grpc.GrpcConfigKeys$Server (ConfUtils.java:logGet(43)) - raft.grpc.server.port = 0 (default)
2019-09-07 05:40:53,192 [main] INFO  server.GrpcService (ConfUtils.java:logGet(43)) - raft.grpc.message.size.max = 33570816 (custom)
2019-09-07 05:40:53,192 [main] INFO  server.RaftServerConfigKeys (ConfUtils.java:logGet(43)) - raft.server.log.appender.buffer.byte-limit = 33554432 (custom)
2019-09-07 05:40:53,193 [main] INFO  server.GrpcService (ConfUtils.java:logGet(43)) - raft.grpc.flow.control.window = 1MB (=1048576) (default)
2019-09-07 05:40:53,193 [main] INFO  server.RaftServerConfigKeys (ConfUtils.java:logGet(43)) - raft.server.rpc.request.timeout = 3000ms (default)
2019-09-07 05:40:53,193 [main] INFO  server.RaftServerConfigKeys (ConfUtils.java:logGet(43)) - raft.server.storage.dir = [/workdir/hadoop-ozone/integration-test/target/test-dir/MiniOzoneClusterImpl-cbf2fb49-9796-4388-8e34-31192cee1719/datanode-4/data/ratis] (custom)
2019-09-07 05:40:53,194 [main] INFO  hdfs.DFSUtil (DFSUtil.java:httpServerTemplateForNNAndJN(1641)) - Starting Web-server for hddsDatanode at: http://0.0.0.0:0
2019-09-07 05:40:53,195 [main] INFO  server.AuthenticationFilter (AuthenticationFilter.java:constructSecretProvider(240)) - Unable to initialize FileSignerSecretProvider, falling back to use random secrets.
2019-09-07 05:40:53,196 [main] WARN  http.HttpRequestLog (HttpRequestLog.java:getRequestLog(97)) - Jetty request log can only be enabled using Log4j
2019-09-07 05:40:53,197 [main] INFO  http.HttpServer2 (HttpServer2.java:addGlobalFilter(975)) - Added global filter 'safety' (class=org.apache.hadoop.http.HttpServer2$QuotingInputFilter)
2019-09-07 05:40:53,198 [main] INFO  http.HttpServer2 (HttpServer2.java:addFilter(948)) - Added filter static_user_filter (class=org.apache.hadoop.http.lib.StaticUserWebFilter$StaticUserFilter) to context hddsDatanode
2019-09-07 05:40:53,198 [main] INFO  http.HttpServer2 (HttpServer2.java:addFilter(958)) - Added filter static_user_filter (class=org.apache.hadoop.http.lib.StaticUserWebFilter$StaticUserFilter) to context logs
2019-09-07 05:40:53,198 [main] INFO  http.HttpServer2 (HttpServer2.java:addFilter(958)) - Added filter static_user_filter (class=org.apache.hadoop.http.lib.StaticUserWebFilter$StaticUserFilter) to context static
2019-09-07 05:40:53,199 [main] INFO  http.HttpServer2 (HttpServer2.java:bindListener(1191)) - Jetty bound to port 41523
2019-09-07 05:40:53,199 [main] INFO  server.Server (Server.java:doStart(351)) - jetty-9.3.24.v20180605, build timestamp: 2018-06-05T17:11:56Z, git hash: 84205aa28f11a4f31f2a3b86d1bba2cc8ab69827
2019-09-07 05:40:53,201 [main] INFO  handler.ContextHandler (ContextHandler.java:doStart(781)) - Started o.e.j.s.ServletContextHandler@1e40fbb3{/logs,file:///workdir/hadoop-ozone/integration-test/target/log,AVAILABLE}
2019-09-07 05:40:53,201 [main] INFO  handler.ContextHandler (ContextHandler.java:doStart(781)) - Started o.e.j.s.ServletContextHandler@9e02f84{/static,jar:file:/home/user/.m2/repository/org/apache/hadoop/hadoop-hdds-container-service/0.5.0-SNAPSHOT/hadoop-hdds-container-service-0.5.0-SNAPSHOT.jar!/webapps/static,AVAILABLE}
2019-09-07 05:40:53,228 [main] INFO  handler.ContextHandler (ContextHandler.java:doStart(781)) - Started o.e.j.w.WebAppContext@7aded903{/,file:///tmp/jetty-0.0.0.0-41523-hddsDatanode-_-any-8003449118545409213.dir/webapp/,AVAILABLE}{/hddsDatanode}
2019-09-07 05:40:53,228 [main] INFO  server.AbstractConnector (AbstractConnector.java:doStart(278)) - Started ServerConnector@2db86a7c{HTTP/1.1,[http/1.1]}{0.0.0.0:41523}
2019-09-07 05:40:53,230 [main] INFO  server.Server (Server.java:doStart(419)) - Started @213676ms
2019-09-07 05:40:53,230 [main] WARN  impl.MetricsSystemImpl (MetricsSystemImpl.java:register(276)) - Sink prometheus already exists!
2019-09-07 05:40:53,230 [main] INFO  server.BaseHttpServer (BaseHttpServer.java:updateConnectorAddress(215)) - HTTP server of HDDSDATANODE is listening at http://0.0.0.0:41523
2019-09-07 05:40:53,231 [main] INFO  impl.MetricsSystemImpl (MetricsSystemImpl.java:init(158)) - HddsDatanode metrics system started (again)
2019-09-07 05:40:53,235 [org.apache.hadoop.util.JvmPauseMonitor$Monitor@1236f8c2] INFO  util.JvmPauseMonitor (JvmPauseMonitor.java:run(188)) - Starting JVM pause monitor
2019-09-07 05:40:53,235 [main] INFO  ozone.HddsDatanodeService (HddsDatanodeService.java:start(184)) - HddsDatanodeService host:trunk-nightly-20190907-l8mkd-3410636087 ip:192.168.36.105
2019-09-07 05:40:53,236 [Datanode State Machine Thread - 0] INFO  datanode.InitDatanodeState (InitDatanodeState.java:persistContainerDatanodeDetails(140)) - DatanodeDetails is persisted to /workdir/hadoop-ozone/integration-test/target/test-dir/MiniOzoneClusterImpl-cbf2fb49-9796-4388-8e34-31192cee1719/datanode-4/meta/datanode.id
2019-09-07 05:40:53,241 [main] INFO  volume.HddsVolume (HddsVolume.java:<init>(176)) - Creating Volume: /workdir/hadoop-ozone/integration-test/target/test-dir/MiniOzoneClusterImpl-cbf2fb49-9796-4388-8e34-31192cee1719/datanode-5/data/containers/hdds of  storage type : DISK and capacity : 1482555576320
2019-09-07 05:40:53,241 [main] INFO  volume.VolumeSet (VolumeSet.java:initializeVolumeSet(170)) - Added Volume : /workdir/hadoop-ozone/integration-test/target/test-dir/MiniOzoneClusterImpl-cbf2fb49-9796-4388-8e34-31192cee1719/datanode-5/data/containers/hdds to VolumeSet
2019-09-07 05:40:53,242 [main] INFO  volume.ThrottledAsyncChecker (ThrottledAsyncChecker.java:schedule(140)) - Scheduling a check for org.apache.hadoop.ozone.container.common.volume.HddsVolume@611d0763
2019-09-07 05:40:53,242 [main] INFO  volume.HddsVolumeChecker (HddsVolumeChecker.java:checkAllVolumes(203)) - Scheduled health check for volume org.apache.hadoop.ozone.container.common.volume.HddsVolume@611d0763
2019-09-07 05:40:53,255 [main] INFO  impl.RaftServerProxy (ConfUtils.java:logGet(43)) - raft.rpc.type = GRPC (default)
2019-09-07 05:40:53,255 [main] INFO  grpc.GrpcFactory (GrpcFactory.java:checkPooledByteBufAllocatorUseCacheForAllThreads(45)) - PERFORMANCE WARNING: useCacheForAllThreads is true that may cause Netty to create a lot garbage objects and, as a result, trigger GC.
	It is recommended to disable useCacheForAllThreads by setting -Dorg.apache.ratis.thirdparty.io.netty.allocator.useCacheForAllThreads=false in command line.
2019-09-07 05:40:53,255 [main] INFO  grpc.GrpcConfigKeys$Server (ConfUtils.java:logGet(43)) - raft.grpc.server.port = 0 (default)
2019-09-07 05:40:53,255 [main] INFO  server.GrpcService (ConfUtils.java:logGet(43)) - raft.grpc.message.size.max = 33570816 (custom)
2019-09-07 05:40:53,255 [main] INFO  server.RaftServerConfigKeys (ConfUtils.java:logGet(43)) - raft.server.log.appender.buffer.byte-limit = 33554432 (custom)
2019-09-07 05:40:53,255 [main] INFO  server.GrpcService (ConfUtils.java:logGet(43)) - raft.grpc.flow.control.window = 1MB (=1048576) (default)
2019-09-07 05:40:53,256 [main] INFO  server.RaftServerConfigKeys (ConfUtils.java:logGet(43)) - raft.server.rpc.request.timeout = 3000ms (default)
2019-09-07 05:40:53,256 [main] INFO  server.RaftServerConfigKeys (ConfUtils.java:logGet(43)) - raft.server.storage.dir = [/workdir/hadoop-ozone/integration-test/target/test-dir/MiniOzoneClusterImpl-cbf2fb49-9796-4388-8e34-31192cee1719/datanode-5/data/ratis] (custom)
2019-09-07 05:40:53,257 [main] INFO  hdfs.DFSUtil (DFSUtil.java:httpServerTemplateForNNAndJN(1641)) - Starting Web-server for hddsDatanode at: http://0.0.0.0:0
2019-09-07 05:40:53,258 [main] INFO  server.AuthenticationFilter (AuthenticationFilter.java:constructSecretProvider(240)) - Unable to initialize FileSignerSecretProvider, falling back to use random secrets.
2019-09-07 05:40:53,258 [main] WARN  http.HttpRequestLog (HttpRequestLog.java:getRequestLog(97)) - Jetty request log can only be enabled using Log4j
2019-09-07 05:40:53,260 [main] INFO  http.HttpServer2 (HttpServer2.java:addGlobalFilter(975)) - Added global filter 'safety' (class=org.apache.hadoop.http.HttpServer2$QuotingInputFilter)
2019-09-07 05:40:53,260 [main] INFO  http.HttpServer2 (HttpServer2.java:addFilter(948)) - Added filter static_user_filter (class=org.apache.hadoop.http.lib.StaticUserWebFilter$StaticUserFilter) to context hddsDatanode
2019-09-07 05:40:53,261 [main] INFO  http.HttpServer2 (HttpServer2.java:addFilter(958)) - Added filter static_user_filter (class=org.apache.hadoop.http.lib.StaticUserWebFilter$StaticUserFilter) to context logs
2019-09-07 05:40:53,261 [main] INFO  http.HttpServer2 (HttpServer2.java:addFilter(958)) - Added filter static_user_filter (class=org.apache.hadoop.http.lib.StaticUserWebFilter$StaticUserFilter) to context static
2019-09-07 05:40:53,261 [main] INFO  http.HttpServer2 (HttpServer2.java:bindListener(1191)) - Jetty bound to port 34225
2019-09-07 05:40:53,261 [main] INFO  server.Server (Server.java:doStart(351)) - jetty-9.3.24.v20180605, build timestamp: 2018-06-05T17:11:56Z, git hash: 84205aa28f11a4f31f2a3b86d1bba2cc8ab69827
2019-09-07 05:40:53,263 [main] INFO  handler.ContextHandler (ContextHandler.java:doStart(781)) - Started o.e.j.s.ServletContextHandler@4f1afe8f{/logs,file:///workdir/hadoop-ozone/integration-test/target/log,AVAILABLE}
2019-09-07 05:40:53,263 [main] INFO  handler.ContextHandler (ContextHandler.java:doStart(781)) - Started o.e.j.s.ServletContextHandler@443a06ad{/static,jar:file:/home/user/.m2/repository/org/apache/hadoop/hadoop-hdds-container-service/0.5.0-SNAPSHOT/hadoop-hdds-container-service-0.5.0-SNAPSHOT.jar!/webapps/static,AVAILABLE}
2019-09-07 05:40:53,290 [main] INFO  handler.ContextHandler (ContextHandler.java:doStart(781)) - Started o.e.j.w.WebAppContext@640d604{/,file:///tmp/jetty-0.0.0.0-34225-hddsDatanode-_-any-2142009280946003707.dir/webapp/,AVAILABLE}{/hddsDatanode}
2019-09-07 05:40:53,290 [main] INFO  server.AbstractConnector (AbstractConnector.java:doStart(278)) - Started ServerConnector@62cbc478{HTTP/1.1,[http/1.1]}{0.0.0.0:34225}
2019-09-07 05:40:53,292 [main] INFO  server.Server (Server.java:doStart(419)) - Started @213738ms
2019-09-07 05:40:53,292 [main] WARN  impl.MetricsSystemImpl (MetricsSystemImpl.java:register(276)) - Sink prometheus already exists!
2019-09-07 05:40:53,292 [main] INFO  server.BaseHttpServer (BaseHttpServer.java:updateConnectorAddress(215)) - HTTP server of HDDSDATANODE is listening at http://0.0.0.0:34225
2019-09-07 05:40:53,293 [main] INFO  impl.MetricsSystemImpl (MetricsSystemImpl.java:init(158)) - HddsDatanode metrics system started (again)
2019-09-07 05:40:53,297 [org.apache.hadoop.util.JvmPauseMonitor$Monitor@6eeccb2d] INFO  util.JvmPauseMonitor (JvmPauseMonitor.java:run(188)) - Starting JVM pause monitor
2019-09-07 05:40:53,298 [main] INFO  ozone.HddsDatanodeService (HddsDatanodeService.java:start(184)) - HddsDatanodeService host:trunk-nightly-20190907-l8mkd-3410636087 ip:192.168.36.105
2019-09-07 05:40:53,298 [Datanode State Machine Thread - 0] INFO  datanode.InitDatanodeState (InitDatanodeState.java:persistContainerDatanodeDetails(140)) - DatanodeDetails is persisted to /workdir/hadoop-ozone/integration-test/target/test-dir/MiniOzoneClusterImpl-cbf2fb49-9796-4388-8e34-31192cee1719/datanode-5/meta/datanode.id
2019-09-07 05:40:53,304 [main] INFO  volume.HddsVolume (HddsVolume.java:<init>(176)) - Creating Volume: /workdir/hadoop-ozone/integration-test/target/test-dir/MiniOzoneClusterImpl-cbf2fb49-9796-4388-8e34-31192cee1719/datanode-6/data/containers/hdds of  storage type : DISK and capacity : 1482555576320
2019-09-07 05:40:53,304 [main] INFO  volume.VolumeSet (VolumeSet.java:initializeVolumeSet(170)) - Added Volume : /workdir/hadoop-ozone/integration-test/target/test-dir/MiniOzoneClusterImpl-cbf2fb49-9796-4388-8e34-31192cee1719/datanode-6/data/containers/hdds to VolumeSet
2019-09-07 05:40:53,304 [main] INFO  volume.ThrottledAsyncChecker (ThrottledAsyncChecker.java:schedule(140)) - Scheduling a check for org.apache.hadoop.ozone.container.common.volume.HddsVolume@2ca54da9
2019-09-07 05:40:53,304 [main] INFO  volume.HddsVolumeChecker (HddsVolumeChecker.java:checkAllVolumes(203)) - Scheduled health check for volume org.apache.hadoop.ozone.container.common.volume.HddsVolume@2ca54da9
2019-09-07 05:40:53,317 [main] INFO  impl.RaftServerProxy (ConfUtils.java:logGet(43)) - raft.rpc.type = GRPC (default)
2019-09-07 05:40:53,317 [main] INFO  grpc.GrpcFactory (GrpcFactory.java:checkPooledByteBufAllocatorUseCacheForAllThreads(45)) - PERFORMANCE WARNING: useCacheForAllThreads is true that may cause Netty to create a lot garbage objects and, as a result, trigger GC.
	It is recommended to disable useCacheForAllThreads by setting -Dorg.apache.ratis.thirdparty.io.netty.allocator.useCacheForAllThreads=false in command line.
2019-09-07 05:40:53,317 [main] INFO  grpc.GrpcConfigKeys$Server (ConfUtils.java:logGet(43)) - raft.grpc.server.port = 0 (default)
2019-09-07 05:40:53,317 [main] INFO  server.GrpcService (ConfUtils.java:logGet(43)) - raft.grpc.message.size.max = 33570816 (custom)
2019-09-07 05:40:53,317 [main] INFO  server.RaftServerConfigKeys (ConfUtils.java:logGet(43)) - raft.server.log.appender.buffer.byte-limit = 33554432 (custom)
2019-09-07 05:40:53,317 [main] INFO  server.GrpcService (ConfUtils.java:logGet(43)) - raft.grpc.flow.control.window = 1MB (=1048576) (default)
2019-09-07 05:40:53,318 [main] INFO  server.RaftServerConfigKeys (ConfUtils.java:logGet(43)) - raft.server.rpc.request.timeout = 3000ms (default)
2019-09-07 05:40:53,318 [main] INFO  server.RaftServerConfigKeys (ConfUtils.java:logGet(43)) - raft.server.storage.dir = [/workdir/hadoop-ozone/integration-test/target/test-dir/MiniOzoneClusterImpl-cbf2fb49-9796-4388-8e34-31192cee1719/datanode-6/data/ratis] (custom)
2019-09-07 05:40:53,319 [main] INFO  hdfs.DFSUtil (DFSUtil.java:httpServerTemplateForNNAndJN(1641)) - Starting Web-server for hddsDatanode at: http://0.0.0.0:0
2019-09-07 05:40:53,320 [main] INFO  server.AuthenticationFilter (AuthenticationFilter.java:constructSecretProvider(240)) - Unable to initialize FileSignerSecretProvider, falling back to use random secrets.
2019-09-07 05:40:53,320 [main] WARN  http.HttpRequestLog (HttpRequestLog.java:getRequestLog(97)) - Jetty request log can only be enabled using Log4j
2019-09-07 05:40:53,321 [main] INFO  http.HttpServer2 (HttpServer2.java:addGlobalFilter(975)) - Added global filter 'safety' (class=org.apache.hadoop.http.HttpServer2$QuotingInputFilter)
2019-09-07 05:40:53,322 [main] INFO  http.HttpServer2 (HttpServer2.java:addFilter(948)) - Added filter static_user_filter (class=org.apache.hadoop.http.lib.StaticUserWebFilter$StaticUserFilter) to context hddsDatanode
2019-09-07 05:40:53,322 [main] INFO  http.HttpServer2 (HttpServer2.java:addFilter(958)) - Added filter static_user_filter (class=org.apache.hadoop.http.lib.StaticUserWebFilter$StaticUserFilter) to context static
2019-09-07 05:40:53,322 [main] INFO  http.HttpServer2 (HttpServer2.java:addFilter(958)) - Added filter static_user_filter (class=org.apache.hadoop.http.lib.StaticUserWebFilter$StaticUserFilter) to context logs
2019-09-07 05:40:53,323 [main] INFO  http.HttpServer2 (HttpServer2.java:bindListener(1191)) - Jetty bound to port 44473
2019-09-07 05:40:53,323 [main] INFO  server.Server (Server.java:doStart(351)) - jetty-9.3.24.v20180605, build timestamp: 2018-06-05T17:11:56Z, git hash: 84205aa28f11a4f31f2a3b86d1bba2cc8ab69827
2019-09-07 05:40:53,324 [main] INFO  handler.ContextHandler (ContextHandler.java:doStart(781)) - Started o.e.j.s.ServletContextHandler@26f0141{/logs,file:///workdir/hadoop-ozone/integration-test/target/log,AVAILABLE}
2019-09-07 05:40:53,324 [main] INFO  handler.ContextHandler (ContextHandler.java:doStart(781)) - Started o.e.j.s.ServletContextHandler@6de7778f{/static,jar:file:/home/user/.m2/repository/org/apache/hadoop/hadoop-hdds-container-service/0.5.0-SNAPSHOT/hadoop-hdds-container-service-0.5.0-SNAPSHOT.jar!/webapps/static,AVAILABLE}
2019-09-07 05:40:53,352 [main] INFO  handler.ContextHandler (ContextHandler.java:doStart(781)) - Started o.e.j.w.WebAppContext@538a2f0e{/,file:///tmp/jetty-0.0.0.0-44473-hddsDatanode-_-any-8437480314025909570.dir/webapp/,AVAILABLE}{/hddsDatanode}
2019-09-07 05:40:53,352 [main] INFO  server.AbstractConnector (AbstractConnector.java:doStart(278)) - Started ServerConnector@d2708a7{HTTP/1.1,[http/1.1]}{0.0.0.0:44473}
2019-09-07 05:40:53,354 [main] INFO  server.Server (Server.java:doStart(419)) - Started @213800ms
2019-09-07 05:40:53,354 [main] WARN  impl.MetricsSystemImpl (MetricsSystemImpl.java:register(276)) - Sink prometheus already exists!
2019-09-07 05:40:53,355 [main] INFO  server.BaseHttpServer (BaseHttpServer.java:updateConnectorAddress(215)) - HTTP server of HDDSDATANODE is listening at http://0.0.0.0:44473
2019-09-07 05:40:53,355 [main] INFO  ozone.MiniOzoneClusterImpl (MiniOzoneClusterImpl.java:lambda$waitForClusterToBeReady$0(140)) - Waiting for cluster to be ready. Got 0 of 7 DN Heartbeats.
2019-09-07 05:40:53,356 [org.apache.hadoop.util.JvmPauseMonitor$Monitor@1338504a] INFO  util.JvmPauseMonitor (JvmPauseMonitor.java:run(188)) - Starting JVM pause monitor
2019-09-07 05:40:53,357 [Datanode State Machine Thread - 0] INFO  datanode.InitDatanodeState (InitDatanodeState.java:persistContainerDatanodeDetails(140)) - DatanodeDetails is persisted to /workdir/hadoop-ozone/integration-test/target/test-dir/MiniOzoneClusterImpl-cbf2fb49-9796-4388-8e34-31192cee1719/datanode-6/meta/datanode.id
2019-09-07 05:40:54,355 [main] INFO  ozone.MiniOzoneClusterImpl (MiniOzoneClusterImpl.java:lambda$waitForClusterToBeReady$0(140)) - Waiting for cluster to be ready. Got 0 of 7 DN Heartbeats.
2019-09-07 05:40:55,031 [Datanode State Machine Thread - 0] INFO  ozoneimpl.OzoneContainer (OzoneContainer.java:start(217)) - Attempting to start container services.
2019-09-07 05:40:55,031 [Datanode State Machine Thread - 0] INFO  ozoneimpl.OzoneContainer (OzoneContainer.java:startContainerScrub(179)) - Background container scanner has been disabled.
2019-09-07 05:40:55,031 [Datanode State Machine Thread - 0] INFO  ratis.XceiverServerRatis (XceiverServerRatis.java:start(404)) - Starting XceiverServerRatis 254673df-2edd-4980-9522-b0d4e3ed8927 at port 0
2019-09-07 05:40:55,038 [Datanode State Machine Thread - 0] INFO  impl.RaftServerProxy (RaftServerProxy.java:lambda$start$3(299)) - 254673df-2edd-4980-9522-b0d4e3ed8927: start RPC server
2019-09-07 05:40:55,040 [Datanode State Machine Thread - 0] INFO  server.GrpcService (GrpcService.java:startImpl(158)) - 254673df-2edd-4980-9522-b0d4e3ed8927: GrpcService started, listening on 0.0.0.0/0.0.0.0:41677
2019-09-07 05:40:55,040 [Datanode State Machine Thread - 0] INFO  ratis.XceiverServerRatis (XceiverServerRatis.java:start(414)) - XceiverServerRatis 254673df-2edd-4980-9522-b0d4e3ed8927 is started using port 41677
2019-09-07 05:40:55,040 [Datanode State Machine Thread - 0] INFO  server.XceiverServerGrpc (XceiverServerGrpc.java:start(163)) - XceiverServerGrpc 254673df-2edd-4980-9522-b0d4e3ed8927 is started using port 40250
2019-09-07 05:40:55,059 [Datanode State Machine Thread - 0] INFO  ozoneimpl.OzoneContainer (OzoneContainer.java:start(217)) - Attempting to start container services.
2019-09-07 05:40:55,060 [Datanode State Machine Thread - 0] INFO  ozoneimpl.OzoneContainer (OzoneContainer.java:startContainerScrub(179)) - Background container scanner has been disabled.
2019-09-07 05:40:55,060 [Datanode State Machine Thread - 0] INFO  ratis.XceiverServerRatis (XceiverServerRatis.java:start(404)) - Starting XceiverServerRatis 128f9cd9-1ce0-4189-9a97-bb171bd7dc5e at port 0
2019-09-07 05:40:55,067 [Datanode State Machine Thread - 0] INFO  impl.RaftServerProxy (RaftServerProxy.java:lambda$start$3(299)) - 128f9cd9-1ce0-4189-9a97-bb171bd7dc5e: start RPC server
2019-09-07 05:40:55,073 [Datanode State Machine Thread - 0] INFO  server.GrpcService (GrpcService.java:startImpl(158)) - 128f9cd9-1ce0-4189-9a97-bb171bd7dc5e: GrpcService started, listening on 0.0.0.0/0.0.0.0:36471
2019-09-07 05:40:55,073 [Datanode State Machine Thread - 0] INFO  ratis.XceiverServerRatis (XceiverServerRatis.java:start(414)) - XceiverServerRatis 128f9cd9-1ce0-4189-9a97-bb171bd7dc5e is started using port 36471
2019-09-07 05:40:55,074 [Datanode State Machine Thread - 0] INFO  server.XceiverServerGrpc (XceiverServerGrpc.java:start(163)) - XceiverServerGrpc 128f9cd9-1ce0-4189-9a97-bb171bd7dc5e is started using port 41044
2019-09-07 05:40:55,124 [Datanode State Machine Thread - 0] INFO  ozoneimpl.OzoneContainer (OzoneContainer.java:start(217)) - Attempting to start container services.
2019-09-07 05:40:55,124 [Datanode State Machine Thread - 0] INFO  ozoneimpl.OzoneContainer (OzoneContainer.java:startContainerScrub(179)) - Background container scanner has been disabled.
2019-09-07 05:40:55,124 [Datanode State Machine Thread - 0] INFO  ratis.XceiverServerRatis (XceiverServerRatis.java:start(404)) - Starting XceiverServerRatis a2a45bd7-a5e0-4340-8f54-18154636035d at port 0
2019-09-07 05:40:55,131 [Datanode State Machine Thread - 0] INFO  impl.RaftServerProxy (RaftServerProxy.java:lambda$start$3(299)) - a2a45bd7-a5e0-4340-8f54-18154636035d: start RPC server
2019-09-07 05:40:55,132 [Datanode State Machine Thread - 0] INFO  server.GrpcService (GrpcService.java:startImpl(158)) - a2a45bd7-a5e0-4340-8f54-18154636035d: GrpcService started, listening on 0.0.0.0/0.0.0.0:36813
2019-09-07 05:40:55,132 [Datanode State Machine Thread - 0] INFO  ratis.XceiverServerRatis (XceiverServerRatis.java:start(414)) - XceiverServerRatis a2a45bd7-a5e0-4340-8f54-18154636035d is started using port 36813
2019-09-07 05:40:55,133 [Datanode State Machine Thread - 0] INFO  server.XceiverServerGrpc (XceiverServerGrpc.java:start(163)) - XceiverServerGrpc a2a45bd7-a5e0-4340-8f54-18154636035d is started using port 46737
2019-09-07 05:40:55,186 [Datanode State Machine Thread - 0] INFO  ozoneimpl.OzoneContainer (OzoneContainer.java:start(217)) - Attempting to start container services.
2019-09-07 05:40:55,186 [Datanode State Machine Thread - 0] INFO  ozoneimpl.OzoneContainer (OzoneContainer.java:startContainerScrub(179)) - Background container scanner has been disabled.
2019-09-07 05:40:55,186 [Datanode State Machine Thread - 0] INFO  ratis.XceiverServerRatis (XceiverServerRatis.java:start(404)) - Starting XceiverServerRatis 9421659c-ce2f-43f5-9e25-e6f39f25e195 at port 0
2019-09-07 05:40:55,193 [Datanode State Machine Thread - 0] INFO  impl.RaftServerProxy (RaftServerProxy.java:lambda$start$3(299)) - 9421659c-ce2f-43f5-9e25-e6f39f25e195: start RPC server
2019-09-07 05:40:55,194 [Datanode State Machine Thread - 0] INFO  server.GrpcService (GrpcService.java:startImpl(158)) - 9421659c-ce2f-43f5-9e25-e6f39f25e195: GrpcService started, listening on 0.0.0.0/0.0.0.0:40709
2019-09-07 05:40:55,194 [Datanode State Machine Thread - 0] INFO  ratis.XceiverServerRatis (XceiverServerRatis.java:start(414)) - XceiverServerRatis 9421659c-ce2f-43f5-9e25-e6f39f25e195 is started using port 40709
2019-09-07 05:40:55,197 [Datanode State Machine Thread - 0] INFO  server.XceiverServerGrpc (XceiverServerGrpc.java:start(163)) - XceiverServerGrpc 9421659c-ce2f-43f5-9e25-e6f39f25e195 is started using port 38823
2019-09-07 05:40:55,250 [Datanode State Machine Thread - 0] INFO  ozoneimpl.OzoneContainer (OzoneContainer.java:start(217)) - Attempting to start container services.
2019-09-07 05:40:55,251 [Datanode State Machine Thread - 0] INFO  ozoneimpl.OzoneContainer (OzoneContainer.java:startContainerScrub(179)) - Background container scanner has been disabled.
2019-09-07 05:40:55,251 [Datanode State Machine Thread - 0] INFO  ratis.XceiverServerRatis (XceiverServerRatis.java:start(404)) - Starting XceiverServerRatis ef2f7667-7980-42d6-a69e-bebf92f3302c at port 0
2019-09-07 05:40:55,259 [Datanode State Machine Thread - 0] INFO  impl.RaftServerProxy (RaftServerProxy.java:lambda$start$3(299)) - ef2f7667-7980-42d6-a69e-bebf92f3302c: start RPC server
2019-09-07 05:40:55,260 [Datanode State Machine Thread - 0] INFO  server.GrpcService (GrpcService.java:startImpl(158)) - ef2f7667-7980-42d6-a69e-bebf92f3302c: GrpcService started, listening on 0.0.0.0/0.0.0.0:43000
2019-09-07 05:40:55,260 [Datanode State Machine Thread - 0] INFO  ratis.XceiverServerRatis (XceiverServerRatis.java:start(414)) - XceiverServerRatis ef2f7667-7980-42d6-a69e-bebf92f3302c is started using port 43000
2019-09-07 05:40:55,264 [Datanode State Machine Thread - 0] INFO  server.XceiverServerGrpc (XceiverServerGrpc.java:start(163)) - XceiverServerGrpc ef2f7667-7980-42d6-a69e-bebf92f3302c is started using port 37713
2019-09-07 05:40:55,310 [Datanode State Machine Thread - 0] INFO  ozoneimpl.OzoneContainer (OzoneContainer.java:start(217)) - Attempting to start container services.
2019-09-07 05:40:55,310 [Datanode State Machine Thread - 0] INFO  ozoneimpl.OzoneContainer (OzoneContainer.java:startContainerScrub(179)) - Background container scanner has been disabled.
2019-09-07 05:40:55,310 [Datanode State Machine Thread - 0] INFO  ratis.XceiverServerRatis (XceiverServerRatis.java:start(404)) - Starting XceiverServerRatis 5ce9e101-a3eb-4631-b6de-3e40cc925b1f at port 0
2019-09-07 05:40:55,316 [Datanode State Machine Thread - 0] INFO  impl.RaftServerProxy (RaftServerProxy.java:lambda$start$3(299)) - 5ce9e101-a3eb-4631-b6de-3e40cc925b1f: start RPC server
2019-09-07 05:40:55,317 [Datanode State Machine Thread - 0] INFO  server.GrpcService (GrpcService.java:startImpl(158)) - 5ce9e101-a3eb-4631-b6de-3e40cc925b1f: GrpcService started, listening on 0.0.0.0/0.0.0.0:36028
2019-09-07 05:40:55,317 [Datanode State Machine Thread - 0] INFO  ratis.XceiverServerRatis (XceiverServerRatis.java:start(414)) - XceiverServerRatis 5ce9e101-a3eb-4631-b6de-3e40cc925b1f is started using port 36028
2019-09-07 05:40:55,317 [Datanode State Machine Thread - 0] INFO  server.XceiverServerGrpc (XceiverServerGrpc.java:start(163)) - XceiverServerGrpc 5ce9e101-a3eb-4631-b6de-3e40cc925b1f is started using port 44828
2019-09-07 05:40:55,356 [main] INFO  ozone.MiniOzoneClusterImpl (MiniOzoneClusterImpl.java:lambda$waitForClusterToBeReady$0(140)) - Waiting for cluster to be ready. Got 0 of 7 DN Heartbeats.
2019-09-07 05:40:55,371 [Datanode State Machine Thread - 0] INFO  ozoneimpl.OzoneContainer (OzoneContainer.java:start(217)) - Attempting to start container services.
2019-09-07 05:40:55,371 [Datanode State Machine Thread - 0] INFO  ozoneimpl.OzoneContainer (OzoneContainer.java:startContainerScrub(179)) - Background container scanner has been disabled.
2019-09-07 05:40:55,371 [Datanode State Machine Thread - 0] INFO  ratis.XceiverServerRatis (XceiverServerRatis.java:start(404)) - Starting XceiverServerRatis c7e58609-db72-4f93-9745-0b8c1d648e44 at port 0
2019-09-07 05:40:55,376 [Datanode State Machine Thread - 0] INFO  impl.RaftServerProxy (RaftServerProxy.java:lambda$start$3(299)) - c7e58609-db72-4f93-9745-0b8c1d648e44: start RPC server
2019-09-07 05:40:55,377 [Datanode State Machine Thread - 0] INFO  server.GrpcService (GrpcService.java:startImpl(158)) - c7e58609-db72-4f93-9745-0b8c1d648e44: GrpcService started, listening on 0.0.0.0/0.0.0.0:36997
2019-09-07 05:40:55,377 [Datanode State Machine Thread - 0] INFO  ratis.XceiverServerRatis (XceiverServerRatis.java:start(414)) - XceiverServerRatis c7e58609-db72-4f93-9745-0b8c1d648e44 is started using port 36997
2019-09-07 05:40:55,377 [Datanode State Machine Thread - 0] INFO  server.XceiverServerGrpc (XceiverServerGrpc.java:start(163)) - XceiverServerGrpc c7e58609-db72-4f93-9745-0b8c1d648e44 is started using port 37084
2019-09-07 05:40:56,357 [main] INFO  ozone.MiniOzoneClusterImpl (MiniOzoneClusterImpl.java:lambda$waitForClusterToBeReady$0(140)) - Waiting for cluster to be ready. Got 0 of 7 DN Heartbeats.
2019-09-07 05:40:56,991 [IPC Server handler 2 on 44773] INFO  net.NetworkTopology (NetworkTopologyImpl.java:add(110)) - Added a new node: /default-rack/254673df-2edd-4980-9522-b0d4e3ed8927
2019-09-07 05:40:56,994 [IPC Server handler 2 on 44773] INFO  node.SCMNodeManager (SCMNodeManager.java:register(266)) - Registered Data node : 254673df-2edd-4980-9522-b0d4e3ed8927{ip: 192.168.36.105, host: trunk-nightly-20190907-l8mkd-3410636087, networkLocation: /default-rack, certSerialId: null}
2019-09-07 05:40:56,995 [EventQueue-NodeRegistrationContainerReportForDataNodeSafeModeRule] INFO  safemode.SCMSafeModeManager (DataNodeSafeModeRule.java:process(71)) - SCM in safe mode. 1 DataNodes registered, 1 required.
2019-09-07 05:40:56,997 [EventQueue-NodeRegistrationContainerReportForDataNodeSafeModeRule] INFO  safemode.SCMSafeModeManager (SCMSafeModeManager.java:validateSafeModeExitRules(177)) - ScmSafeModeManager, all rules are successfully validated
2019-09-07 05:40:56,997 [EventQueue-NodeRegistrationContainerReportForDataNodeSafeModeRule] INFO  safemode.SCMSafeModeManager (SCMSafeModeManager.java:exitSafeMode(193)) - SCM exiting safe mode.
2019-09-07 05:40:57,023 [grpc-default-executor-9] INFO  impl.RaftServerProxy (RaftServerProxy.java:addNew(89)) - 254673df-2edd-4980-9522-b0d4e3ed8927: addNew group-74052A7DE067:[254673df-2edd-4980-9522-b0d4e3ed8927:192.168.36.105:41677] returns group-74052A7DE067:java.util.concurrent.CompletableFuture@220bb030[Not completed]
2019-09-07 05:40:57,027 [pool-383-thread-1] INFO  impl.RaftServerImpl (RaftServerImpl.java:<init>(95)) - 254673df-2edd-4980-9522-b0d4e3ed8927: new RaftServerImpl for group-74052A7DE067:[254673df-2edd-4980-9522-b0d4e3ed8927:192.168.36.105:41677] with ContainerStateMachine:uninitialized
2019-09-07 05:40:57,027 [pool-383-thread-1] INFO  server.RaftServerConfigKeys (ConfUtils.java:logGet(43)) - raft.server.rpc.timeout.min = 5s (custom)
2019-09-07 05:40:57,027 [pool-383-thread-1] INFO  server.RaftServerConfigKeys (ConfUtils.java:logGet(43)) - raft.server.rpc.timeout.max = 5200ms (custom)
2019-09-07 05:40:57,027 [pool-383-thread-1] INFO  server.RaftServerConfigKeys (ConfUtils.java:logGet(43)) - raft.server.rpcslowness.timeout = 120s (custom)
2019-09-07 05:40:57,028 [pool-383-thread-1] INFO  server.RaftServerConfigKeys (ConfUtils.java:logGet(43)) - raft.server.sleep.deviation.threshold = 300 (default)
2019-09-07 05:40:57,028 [pool-383-thread-1] INFO  server.RaftServerConfigKeys (ConfUtils.java:logGet(43)) - raft.server.log.appender.install.snapshot.enabled = false (custom)
2019-09-07 05:40:57,028 [pool-383-thread-1] INFO  impl.RaftServerImpl (ServerState.java:<init>(103)) - 254673df-2edd-4980-9522-b0d4e3ed8927@group-74052A7DE067: ConfigurationManager, init=-1: [254673df-2edd-4980-9522-b0d4e3ed8927:192.168.36.105:41677], old=null, confs=<EMPTY_MAP>
2019-09-07 05:40:57,028 [pool-383-thread-1] INFO  server.RaftServerConfigKeys (ConfUtils.java:logGet(43)) - raft.server.storage.dir = [/workdir/hadoop-ozone/integration-test/target/test-dir/MiniOzoneClusterImpl-cbf2fb49-9796-4388-8e34-31192cee1719/datanode-0/data/ratis] (custom)
2019-09-07 05:40:57,029 [pool-383-thread-1] INFO  storage.RaftStorageDirectory (RaftStorageDirectory.java:analyzeStorage(246)) - The storage directory /workdir/hadoop-ozone/integration-test/target/test-dir/MiniOzoneClusterImpl-cbf2fb49-9796-4388-8e34-31192cee1719/datanode-0/data/ratis/8a930bb6-4a73-4d6e-8821-74052a7de067 does not exist. Creating ...
2019-09-07 05:40:57,043 [pool-383-thread-1] INFO  storage.RaftStorageDirectory (RaftStorageDirectory.java:tryLock(328)) - Lock on /workdir/hadoop-ozone/integration-test/target/test-dir/MiniOzoneClusterImpl-cbf2fb49-9796-4388-8e34-31192cee1719/datanode-0/data/ratis/8a930bb6-4a73-4d6e-8821-74052a7de067/in_use.lock acquired by nodename 2839@trunk-nightly-20190907-l8mkd-3410636087
2019-09-07 05:40:57,046 [IPC Server handler 3 on 44773] INFO  net.NetworkTopology (NetworkTopologyImpl.java:add(110)) - Added a new node: /default-rack/128f9cd9-1ce0-4189-9a97-bb171bd7dc5e
2019-09-07 05:40:57,046 [IPC Server handler 3 on 44773] INFO  node.SCMNodeManager (SCMNodeManager.java:register(266)) - Registered Data node : 128f9cd9-1ce0-4189-9a97-bb171bd7dc5e{ip: 192.168.36.105, host: trunk-nightly-20190907-l8mkd-3410636087, networkLocation: /default-rack, certSerialId: null}
2019-09-07 05:40:57,057 [pool-383-thread-1] INFO  storage.RaftStorage (RaftStorage.java:format(72)) - Storage directory /workdir/hadoop-ozone/integration-test/target/test-dir/MiniOzoneClusterImpl-cbf2fb49-9796-4388-8e34-31192cee1719/datanode-0/data/ratis/8a930bb6-4a73-4d6e-8821-74052a7de067 has been successfully formatted.
2019-09-07 05:40:57,057 [pool-383-thread-1] INFO  ratis.ContainerStateMachine (ContainerStateMachine.java:loadSnapshot(232)) - group-74052A7DE067: The snapshot info is null. Setting the last applied indexto:(t:0, i:~)
2019-09-07 05:40:57,057 [pool-383-thread-1] INFO  server.RaftServerConfigKeys (ConfUtils.java:logGet(43)) - raft.server.notification.no-leader.timeout = 120s (custom)
2019-09-07 05:40:57,057 [pool-383-thread-1] INFO  server.RaftServerConfigKeys (ConfUtils.java:logGet(43)) - raft.server.log.use.memory = false (default)
2019-09-07 05:40:57,058 [pool-383-thread-1] INFO  server.RaftServerConfigKeys (ConfUtils.java:logGet(43)) - raft.server.log.purge.gap = 1000000 (custom)
2019-09-07 05:40:57,058 [pool-383-thread-1] INFO  server.RaftServerConfigKeys (ConfUtils.java:logGet(43)) - raft.server.log.appender.buffer.byte-limit = 33554432 (custom)
2019-09-07 05:40:57,058 [pool-383-thread-1] INFO  server.RaftServerConfigKeys (ConfUtils.java:logGet(43)) - raft.server.log.segment.size.max = 1048576 (custom)
2019-09-07 05:40:57,058 [pool-383-thread-1] INFO  server.RaftServerConfigKeys (ConfUtils.java:logGet(43)) - raft.server.log.segment.cache.num.max = 2 (custom)
2019-09-07 05:40:57,058 [pool-383-thread-1] INFO  segmented.SegmentedRaftLogWorker (SegmentedRaftLogWorker.java:<init>(172)) - new 254673df-2edd-4980-9522-b0d4e3ed8927@group-74052A7DE067-SegmentedRaftLogWorker for RaftStorage:Storage Directory /workdir/hadoop-ozone/integration-test/target/test-dir/MiniOzoneClusterImpl-cbf2fb49-9796-4388-8e34-31192cee1719/datanode-0/data/ratis/8a930bb6-4a73-4d6e-8821-74052a7de067
2019-09-07 05:40:57,061 [pool-383-thread-1] INFO  server.RaftServerConfigKeys (ConfUtils.java:logGet(43)) - raft.server.log.queue.byte-limit = 2147483647 (custom)
2019-09-07 05:40:57,061 [pool-383-thread-1] INFO  server.RaftServerConfigKeys (ConfUtils.java:logGet(43)) - raft.server.log.queue.element-limit = 1024 (custom)
2019-09-07 05:40:57,062 [pool-383-thread-1] INFO  server.RaftServerConfigKeys (ConfUtils.java:logGet(43)) - raft.server.log.segment.size.max = 1048576 (custom)
2019-09-07 05:40:57,062 [pool-383-thread-1] INFO  server.RaftServerConfigKeys (ConfUtils.java:logGet(43)) - raft.server.log.preallocated.size = 16384 (custom)
2019-09-07 05:40:57,062 [pool-383-thread-1] INFO  server.RaftServerConfigKeys (ConfUtils.java:logGet(43)) - raft.server.log.write.buffer.size = 33554432 (custom)
2019-09-07 05:40:57,062 [pool-383-thread-1] INFO  server.RaftServerConfigKeys (ConfUtils.java:logGet(43)) - raft.server.log.force.sync.num = 128 (default)
2019-09-07 05:40:57,062 [pool-383-thread-1] INFO  server.RaftServerConfigKeys (ConfUtils.java:logGet(43)) - raft.server.log.statemachine.data.sync = true (default)
2019-09-07 05:40:57,063 [pool-383-thread-1] INFO  server.RaftServerConfigKeys (ConfUtils.java:logGet(43)) - raft.server.log.statemachine.data.sync.timeout = 10s (default)
2019-09-07 05:40:57,063 [pool-383-thread-1] INFO  server.RaftServerConfigKeys (ConfUtils.java:logGet(43)) - raft.server.log.statemachine.data.sync.timeout.retry = -1 (default)
2019-09-07 05:40:57,063 [pool-383-thread-1] INFO  server.RaftServerConfigKeys (ConfUtils.java:logGet(43)) - raft.server.log.statemachine.data.caching.enabled = true (custom)
2019-09-07 05:40:57,064 [pool-383-thread-1] INFO  segmented.SegmentedRaftLogWorker (SegmentedRaftLogWorker.java:lambda$new$0(132)) - 254673df-2edd-4980-9522-b0d4e3ed8927@group-74052A7DE067-SegmentedRaftLogWorker: flushIndex: setUnconditionally 0 -> -1
2019-09-07 05:40:57,064 [pool-383-thread-1] INFO  server.RaftServerConfigKeys (ConfUtils.java:logGet(43)) - raft.server.snapshot.auto.trigger.enabled = true (custom)
2019-09-07 05:40:57,064 [pool-383-thread-1] INFO  server.RaftServerConfigKeys (ConfUtils.java:logGet(43)) - raft.server.snapshot.auto.trigger.threshold = 10000 (custom)
2019-09-07 05:40:57,064 [pool-383-thread-1] INFO  server.RaftServerConfigKeys (ConfUtils.java:logGet(43)) - raft.server.snapshot.retention.num.files = -1 (default)
2019-09-07 05:40:57,065 [pool-383-thread-1] INFO  server.RaftServerConfigKeys (ConfUtils.java:logGet(43)) - raft.server.retrycache.expirytime = 600000ms (custom)
2019-09-07 05:40:57,067 [pool-383-thread-1] INFO  impl.RaftServerImpl (RaftServerImpl.java:start(185)) - 254673df-2edd-4980-9522-b0d4e3ed8927@group-74052A7DE067: start as a follower, conf=-1: [254673df-2edd-4980-9522-b0d4e3ed8927:192.168.36.105:41677], old=null
2019-09-07 05:40:57,067 [pool-383-thread-1] INFO  impl.RaftServerImpl (RaftServerImpl.java:setRole(174)) - 254673df-2edd-4980-9522-b0d4e3ed8927@group-74052A7DE067: changes role from      null to FOLLOWER at term 0 for startAsFollower
2019-09-07 05:40:57,068 [pool-383-thread-1] INFO  impl.RoleInfo (RoleInfo.java:updateAndGet(143)) - 254673df-2edd-4980-9522-b0d4e3ed8927: start FollowerState
2019-09-07 05:40:57,068 [pool-383-thread-1] INFO  util.JmxRegister (JmxRegister.java:tryRegister(44)) - Successfully registered JMX Bean with object name Ratis:service=RaftServer,group=group-74052A7DE067,id=254673df-2edd-4980-9522-b0d4e3ed8927
2019-09-07 05:40:57,090 [RatisPipelineUtilsThread] INFO  pipeline.PipelineStateManager (PipelineStateManager.java:addPipeline(56)) - Created pipeline Pipeline[ Id: 8a930bb6-4a73-4d6e-8821-74052a7de067, Nodes: 254673df-2edd-4980-9522-b0d4e3ed8927{ip: 192.168.36.105, host: trunk-nightly-20190907-l8mkd-3410636087, networkLocation: /default-rack, certSerialId: null}, Type:RATIS, Factor:ONE, State:OPEN]
2019-09-07 05:40:57,098 [grpc-default-executor-9] INFO  impl.RaftServerProxy (RaftServerProxy.java:addNew(89)) - 128f9cd9-1ce0-4189-9a97-bb171bd7dc5e: addNew group-363AE740508A:[128f9cd9-1ce0-4189-9a97-bb171bd7dc5e:192.168.36.105:36471] returns group-363AE740508A:java.util.concurrent.CompletableFuture@3ccb4a80[Not completed]
2019-09-07 05:40:57,100 [pool-393-thread-1] INFO  impl.RaftServerImpl (RaftServerImpl.java:<init>(95)) - 128f9cd9-1ce0-4189-9a97-bb171bd7dc5e: new RaftServerImpl for group-363AE740508A:[128f9cd9-1ce0-4189-9a97-bb171bd7dc5e:192.168.36.105:36471] with ContainerStateMachine:uninitialized
2019-09-07 05:40:57,100 [pool-393-thread-1] INFO  server.RaftServerConfigKeys (ConfUtils.java:logGet(43)) - raft.server.rpc.timeout.min = 5s (custom)
2019-09-07 05:40:57,100 [pool-393-thread-1] INFO  server.RaftServerConfigKeys (ConfUtils.java:logGet(43)) - raft.server.rpc.timeout.max = 5200ms (custom)
2019-09-07 05:40:57,100 [pool-393-thread-1] INFO  server.RaftServerConfigKeys (ConfUtils.java:logGet(43)) - raft.server.rpcslowness.timeout = 120s (custom)
2019-09-07 05:40:57,100 [pool-393-thread-1] INFO  server.RaftServerConfigKeys (ConfUtils.java:logGet(43)) - raft.server.sleep.deviation.threshold = 300 (default)
2019-09-07 05:40:57,100 [pool-393-thread-1] INFO  server.RaftServerConfigKeys (ConfUtils.java:logGet(43)) - raft.server.log.appender.install.snapshot.enabled = false (custom)
2019-09-07 05:40:57,100 [pool-393-thread-1] INFO  impl.RaftServerImpl (ServerState.java:<init>(103)) - 128f9cd9-1ce0-4189-9a97-bb171bd7dc5e@group-363AE740508A: ConfigurationManager, init=-1: [128f9cd9-1ce0-4189-9a97-bb171bd7dc5e:192.168.36.105:36471], old=null, confs=<EMPTY_MAP>
2019-09-07 05:40:57,100 [pool-393-thread-1] INFO  server.RaftServerConfigKeys (ConfUtils.java:logGet(43)) - raft.server.storage.dir = [/workdir/hadoop-ozone/integration-test/target/test-dir/MiniOzoneClusterImpl-cbf2fb49-9796-4388-8e34-31192cee1719/datanode-1/data/ratis] (custom)
2019-09-07 05:40:57,101 [pool-393-thread-1] INFO  storage.RaftStorageDirectory (RaftStorageDirectory.java:analyzeStorage(246)) - The storage directory /workdir/hadoop-ozone/integration-test/target/test-dir/MiniOzoneClusterImpl-cbf2fb49-9796-4388-8e34-31192cee1719/datanode-1/data/ratis/a586c88a-526d-4ca4-a2d7-363ae740508a does not exist. Creating ...
2019-09-07 05:40:57,110 [IPC Server handler 4 on 44773] INFO  net.NetworkTopology (NetworkTopologyImpl.java:add(110)) - Added a new node: /default-rack/a2a45bd7-a5e0-4340-8f54-18154636035d
2019-09-07 05:40:57,110 [IPC Server handler 4 on 44773] INFO  node.SCMNodeManager (SCMNodeManager.java:register(266)) - Registered Data node : a2a45bd7-a5e0-4340-8f54-18154636035d{ip: 192.168.36.105, host: trunk-nightly-20190907-l8mkd-3410636087, networkLocation: /default-rack, certSerialId: null}
2019-09-07 05:40:57,114 [pool-393-thread-1] INFO  storage.RaftStorageDirectory (RaftStorageDirectory.java:tryLock(328)) - Lock on /workdir/hadoop-ozone/integration-test/target/test-dir/MiniOzoneClusterImpl-cbf2fb49-9796-4388-8e34-31192cee1719/datanode-1/data/ratis/a586c88a-526d-4ca4-a2d7-363ae740508a/in_use.lock acquired by nodename 2839@trunk-nightly-20190907-l8mkd-3410636087
2019-09-07 05:40:57,128 [pool-393-thread-1] INFO  storage.RaftStorage (RaftStorage.java:format(72)) - Storage directory /workdir/hadoop-ozone/integration-test/target/test-dir/MiniOzoneClusterImpl-cbf2fb49-9796-4388-8e34-31192cee1719/datanode-1/data/ratis/a586c88a-526d-4ca4-a2d7-363ae740508a has been successfully formatted.
2019-09-07 05:40:57,128 [pool-393-thread-1] INFO  ratis.ContainerStateMachine (ContainerStateMachine.java:loadSnapshot(232)) - group-363AE740508A: The snapshot info is null. Setting the last applied indexto:(t:0, i:~)
2019-09-07 05:40:57,128 [pool-393-thread-1] INFO  server.RaftServerConfigKeys (ConfUtils.java:logGet(43)) - raft.server.notification.no-leader.timeout = 120s (custom)
2019-09-07 05:40:57,128 [pool-393-thread-1] INFO  server.RaftServerConfigKeys (ConfUtils.java:logGet(43)) - raft.server.log.use.memory = false (default)
2019-09-07 05:40:57,128 [pool-393-thread-1] INFO  server.RaftServerConfigKeys (ConfUtils.java:logGet(43)) - raft.server.log.purge.gap = 1000000 (custom)
2019-09-07 05:40:57,128 [pool-393-thread-1] INFO  server.RaftServerConfigKeys (ConfUtils.java:logGet(43)) - raft.server.log.appender.buffer.byte-limit = 33554432 (custom)
2019-09-07 05:40:57,128 [pool-393-thread-1] INFO  server.RaftServerConfigKeys (ConfUtils.java:logGet(43)) - raft.server.log.segment.size.max = 1048576 (custom)
2019-09-07 05:40:57,129 [pool-393-thread-1] INFO  server.RaftServerConfigKeys (ConfUtils.java:logGet(43)) - raft.server.log.segment.cache.num.max = 2 (custom)
2019-09-07 05:40:57,129 [pool-393-thread-1] INFO  segmented.SegmentedRaftLogWorker (SegmentedRaftLogWorker.java:<init>(172)) - new 128f9cd9-1ce0-4189-9a97-bb171bd7dc5e@group-363AE740508A-SegmentedRaftLogWorker for RaftStorage:Storage Directory /workdir/hadoop-ozone/integration-test/target/test-dir/MiniOzoneClusterImpl-cbf2fb49-9796-4388-8e34-31192cee1719/datanode-1/data/ratis/a586c88a-526d-4ca4-a2d7-363ae740508a
2019-09-07 05:40:57,130 [pool-393-thread-1] INFO  server.RaftServerConfigKeys (ConfUtils.java:logGet(43)) - raft.server.log.queue.byte-limit = 2147483647 (custom)
2019-09-07 05:40:57,130 [pool-393-thread-1] INFO  server.RaftServerConfigKeys (ConfUtils.java:logGet(43)) - raft.server.log.queue.element-limit = 1024 (custom)
2019-09-07 05:40:57,130 [pool-393-thread-1] INFO  server.RaftServerConfigKeys (ConfUtils.java:logGet(43)) - raft.server.log.segment.size.max = 1048576 (custom)
2019-09-07 05:40:57,130 [pool-393-thread-1] INFO  server.RaftServerConfigKeys (ConfUtils.java:logGet(43)) - raft.server.log.preallocated.size = 16384 (custom)
2019-09-07 05:40:57,131 [pool-393-thread-1] INFO  server.RaftServerConfigKeys (ConfUtils.java:logGet(43)) - raft.server.log.write.buffer.size = 33554432 (custom)
2019-09-07 05:40:57,131 [pool-393-thread-1] INFO  server.RaftServerConfigKeys (ConfUtils.java:logGet(43)) - raft.server.log.force.sync.num = 128 (default)
2019-09-07 05:40:57,131 [pool-393-thread-1] INFO  server.RaftServerConfigKeys (ConfUtils.java:logGet(43)) - raft.server.log.statemachine.data.sync = true (default)
2019-09-07 05:40:57,131 [pool-393-thread-1] INFO  server.RaftServerConfigKeys (ConfUtils.java:logGet(43)) - raft.server.log.statemachine.data.sync.timeout = 10s (default)
2019-09-07 05:40:57,131 [pool-393-thread-1] INFO  server.RaftServerConfigKeys (ConfUtils.java:logGet(43)) - raft.server.log.statemachine.data.sync.timeout.retry = -1 (default)
2019-09-07 05:40:57,131 [pool-393-thread-1] INFO  server.RaftServerConfigKeys (ConfUtils.java:logGet(43)) - raft.server.log.statemachine.data.caching.enabled = true (custom)
2019-09-07 05:40:57,131 [pool-393-thread-1] INFO  segmented.SegmentedRaftLogWorker (SegmentedRaftLogWorker.java:lambda$new$0(132)) - 128f9cd9-1ce0-4189-9a97-bb171bd7dc5e@group-363AE740508A-SegmentedRaftLogWorker: flushIndex: setUnconditionally 0 -> -1
2019-09-07 05:40:57,132 [pool-393-thread-1] INFO  server.RaftServerConfigKeys (ConfUtils.java:logGet(43)) - raft.server.snapshot.auto.trigger.enabled = true (custom)
2019-09-07 05:40:57,132 [pool-393-thread-1] INFO  server.RaftServerConfigKeys (ConfUtils.java:logGet(43)) - raft.server.snapshot.auto.trigger.threshold = 10000 (custom)
2019-09-07 05:40:57,132 [pool-393-thread-1] INFO  server.RaftServerConfigKeys (ConfUtils.java:logGet(43)) - raft.server.snapshot.retention.num.files = -1 (default)
2019-09-07 05:40:57,132 [pool-393-thread-1] INFO  server.RaftServerConfigKeys (ConfUtils.java:logGet(43)) - raft.server.retrycache.expirytime = 600000ms (custom)
2019-09-07 05:40:57,133 [pool-393-thread-1] INFO  impl.RaftServerImpl (RaftServerImpl.java:start(185)) - 128f9cd9-1ce0-4189-9a97-bb171bd7dc5e@group-363AE740508A: start as a follower, conf=-1: [128f9cd9-1ce0-4189-9a97-bb171bd7dc5e:192.168.36.105:36471], old=null
2019-09-07 05:40:57,133 [pool-393-thread-1] INFO  impl.RaftServerImpl (RaftServerImpl.java:setRole(174)) - 128f9cd9-1ce0-4189-9a97-bb171bd7dc5e@group-363AE740508A: changes role from      null to FOLLOWER at term 0 for startAsFollower
2019-09-07 05:40:57,133 [pool-393-thread-1] INFO  impl.RoleInfo (RoleInfo.java:updateAndGet(143)) - 128f9cd9-1ce0-4189-9a97-bb171bd7dc5e: start FollowerState
2019-09-07 05:40:57,134 [pool-393-thread-1] INFO  util.JmxRegister (JmxRegister.java:tryRegister(44)) - Successfully registered JMX Bean with object name Ratis:service=RaftServer,group=group-363AE740508A,id=128f9cd9-1ce0-4189-9a97-bb171bd7dc5e
2019-09-07 05:40:57,139 [RatisPipelineUtilsThread] INFO  pipeline.PipelineStateManager (PipelineStateManager.java:addPipeline(56)) - Created pipeline Pipeline[ Id: a586c88a-526d-4ca4-a2d7-363ae740508a, Nodes: 128f9cd9-1ce0-4189-9a97-bb171bd7dc5e{ip: 192.168.36.105, host: trunk-nightly-20190907-l8mkd-3410636087, networkLocation: /default-rack, certSerialId: null}, Type:RATIS, Factor:ONE, State:OPEN]
2019-09-07 05:40:57,145 [grpc-default-executor-9] INFO  impl.RaftServerProxy (RaftServerProxy.java:addNew(89)) - a2a45bd7-a5e0-4340-8f54-18154636035d: addNew group-381AE478EDB2:[a2a45bd7-a5e0-4340-8f54-18154636035d:192.168.36.105:36813] returns group-381AE478EDB2:java.util.concurrent.CompletableFuture@5593f20d[Not completed]
2019-09-07 05:40:57,146 [pool-403-thread-1] INFO  impl.RaftServerImpl (RaftServerImpl.java:<init>(95)) - a2a45bd7-a5e0-4340-8f54-18154636035d: new RaftServerImpl for group-381AE478EDB2:[a2a45bd7-a5e0-4340-8f54-18154636035d:192.168.36.105:36813] with ContainerStateMachine:uninitialized
2019-09-07 05:40:57,146 [pool-403-thread-1] INFO  server.RaftServerConfigKeys (ConfUtils.java:logGet(43)) - raft.server.rpc.timeout.min = 5s (custom)
2019-09-07 05:40:57,147 [pool-403-thread-1] INFO  server.RaftServerConfigKeys (ConfUtils.java:logGet(43)) - raft.server.rpc.timeout.max = 5200ms (custom)
2019-09-07 05:40:57,147 [pool-403-thread-1] INFO  server.RaftServerConfigKeys (ConfUtils.java:logGet(43)) - raft.server.rpcslowness.timeout = 120s (custom)
2019-09-07 05:40:57,147 [pool-403-thread-1] INFO  server.RaftServerConfigKeys (ConfUtils.java:logGet(43)) - raft.server.sleep.deviation.threshold = 300 (default)
2019-09-07 05:40:57,147 [pool-403-thread-1] INFO  server.RaftServerConfigKeys (ConfUtils.java:logGet(43)) - raft.server.log.appender.install.snapshot.enabled = false (custom)
2019-09-07 05:40:57,147 [pool-403-thread-1] INFO  impl.RaftServerImpl (ServerState.java:<init>(103)) - a2a45bd7-a5e0-4340-8f54-18154636035d@group-381AE478EDB2: ConfigurationManager, init=-1: [a2a45bd7-a5e0-4340-8f54-18154636035d:192.168.36.105:36813], old=null, confs=<EMPTY_MAP>
2019-09-07 05:40:57,147 [pool-403-thread-1] INFO  server.RaftServerConfigKeys (ConfUtils.java:logGet(43)) - raft.server.storage.dir = [/workdir/hadoop-ozone/integration-test/target/test-dir/MiniOzoneClusterImpl-cbf2fb49-9796-4388-8e34-31192cee1719/datanode-2/data/ratis] (custom)
2019-09-07 05:40:57,148 [pool-403-thread-1] INFO  storage.RaftStorageDirectory (RaftStorageDirectory.java:analyzeStorage(246)) - The storage directory /workdir/hadoop-ozone/integration-test/target/test-dir/MiniOzoneClusterImpl-cbf2fb49-9796-4388-8e34-31192cee1719/datanode-2/data/ratis/8953ddef-034b-43c8-8efe-381ae478edb2 does not exist. Creating ...
2019-09-07 05:40:57,160 [pool-403-thread-1] INFO  storage.RaftStorageDirectory (RaftStorageDirectory.java:tryLock(328)) - Lock on /workdir/hadoop-ozone/integration-test/target/test-dir/MiniOzoneClusterImpl-cbf2fb49-9796-4388-8e34-31192cee1719/datanode-2/data/ratis/8953ddef-034b-43c8-8efe-381ae478edb2/in_use.lock acquired by nodename 2839@trunk-nightly-20190907-l8mkd-3410636087
2019-09-07 05:40:57,173 [IPC Server handler 5 on 44773] INFO  net.NetworkTopology (NetworkTopologyImpl.java:add(110)) - Added a new node: /default-rack/9421659c-ce2f-43f5-9e25-e6f39f25e195
2019-09-07 05:40:57,173 [pool-403-thread-1] INFO  storage.RaftStorage (RaftStorage.java:format(72)) - Storage directory /workdir/hadoop-ozone/integration-test/target/test-dir/MiniOzoneClusterImpl-cbf2fb49-9796-4388-8e34-31192cee1719/datanode-2/data/ratis/8953ddef-034b-43c8-8efe-381ae478edb2 has been successfully formatted.
2019-09-07 05:40:57,174 [IPC Server handler 5 on 44773] INFO  node.SCMNodeManager (SCMNodeManager.java:register(266)) - Registered Data node : 9421659c-ce2f-43f5-9e25-e6f39f25e195{ip: 192.168.36.105, host: trunk-nightly-20190907-l8mkd-3410636087, networkLocation: /default-rack, certSerialId: null}
2019-09-07 05:40:57,174 [pool-403-thread-1] INFO  ratis.ContainerStateMachine (ContainerStateMachine.java:loadSnapshot(232)) - group-381AE478EDB2: The snapshot info is null. Setting the last applied indexto:(t:0, i:~)
2019-09-07 05:40:57,174 [pool-403-thread-1] INFO  server.RaftServerConfigKeys (ConfUtils.java:logGet(43)) - raft.server.notification.no-leader.timeout = 120s (custom)
2019-09-07 05:40:57,174 [pool-403-thread-1] INFO  server.RaftServerConfigKeys (ConfUtils.java:logGet(43)) - raft.server.log.use.memory = false (default)
2019-09-07 05:40:57,174 [pool-403-thread-1] INFO  server.RaftServerConfigKeys (ConfUtils.java:logGet(43)) - raft.server.log.purge.gap = 1000000 (custom)
2019-09-07 05:40:57,175 [pool-403-thread-1] INFO  server.RaftServerConfigKeys (ConfUtils.java:logGet(43)) - raft.server.log.appender.buffer.byte-limit = 33554432 (custom)
2019-09-07 05:40:57,175 [pool-403-thread-1] INFO  server.RaftServerConfigKeys (ConfUtils.java:logGet(43)) - raft.server.log.segment.size.max = 1048576 (custom)
2019-09-07 05:40:57,175 [pool-403-thread-1] INFO  server.RaftServerConfigKeys (ConfUtils.java:logGet(43)) - raft.server.log.segment.cache.num.max = 2 (custom)
2019-09-07 05:40:57,175 [pool-403-thread-1] INFO  segmented.SegmentedRaftLogWorker (SegmentedRaftLogWorker.java:<init>(172)) - new a2a45bd7-a5e0-4340-8f54-18154636035d@group-381AE478EDB2-SegmentedRaftLogWorker for RaftStorage:Storage Directory /workdir/hadoop-ozone/integration-test/target/test-dir/MiniOzoneClusterImpl-cbf2fb49-9796-4388-8e34-31192cee1719/datanode-2/data/ratis/8953ddef-034b-43c8-8efe-381ae478edb2
2019-09-07 05:40:57,177 [pool-403-thread-1] INFO  server.RaftServerConfigKeys (ConfUtils.java:logGet(43)) - raft.server.log.queue.byte-limit = 2147483647 (custom)
2019-09-07 05:40:57,177 [pool-403-thread-1] INFO  server.RaftServerConfigKeys (ConfUtils.java:logGet(43)) - raft.server.log.queue.element-limit = 1024 (custom)
2019-09-07 05:40:57,177 [pool-403-thread-1] INFO  server.RaftServerConfigKeys (ConfUtils.java:logGet(43)) - raft.server.log.segment.size.max = 1048576 (custom)
2019-09-07 05:40:57,177 [pool-403-thread-1] INFO  server.RaftServerConfigKeys (ConfUtils.java:logGet(43)) - raft.server.log.preallocated.size = 16384 (custom)
2019-09-07 05:40:57,177 [pool-403-thread-1] INFO  server.RaftServerConfigKeys (ConfUtils.java:logGet(43)) - raft.server.log.write.buffer.size = 33554432 (custom)
2019-09-07 05:40:57,177 [pool-403-thread-1] INFO  server.RaftServerConfigKeys (ConfUtils.java:logGet(43)) - raft.server.log.force.sync.num = 128 (default)
2019-09-07 05:40:57,178 [pool-403-thread-1] INFO  server.RaftServerConfigKeys (ConfUtils.java:logGet(43)) - raft.server.log.statemachine.data.sync = true (default)
2019-09-07 05:40:57,178 [pool-403-thread-1] INFO  server.RaftServerConfigKeys (ConfUtils.java:logGet(43)) - raft.server.log.statemachine.data.sync.timeout = 10s (default)
2019-09-07 05:40:57,178 [pool-403-thread-1] INFO  server.RaftServerConfigKeys (ConfUtils.java:logGet(43)) - raft.server.log.statemachine.data.sync.timeout.retry = -1 (default)
2019-09-07 05:40:57,178 [pool-403-thread-1] INFO  server.RaftServerConfigKeys (ConfUtils.java:logGet(43)) - raft.server.log.statemachine.data.caching.enabled = true (custom)
2019-09-07 05:40:57,178 [pool-403-thread-1] INFO  segmented.SegmentedRaftLogWorker (SegmentedRaftLogWorker.java:lambda$new$0(132)) - a2a45bd7-a5e0-4340-8f54-18154636035d@group-381AE478EDB2-SegmentedRaftLogWorker: flushIndex: setUnconditionally 0 -> -1
2019-09-07 05:40:57,179 [pool-403-thread-1] INFO  server.RaftServerConfigKeys (ConfUtils.java:logGet(43)) - raft.server.snapshot.auto.trigger.enabled = true (custom)
2019-09-07 05:40:57,179 [pool-403-thread-1] INFO  server.RaftServerConfigKeys (ConfUtils.java:logGet(43)) - raft.server.snapshot.auto.trigger.threshold = 10000 (custom)
2019-09-07 05:40:57,179 [pool-403-thread-1] INFO  server.RaftServerConfigKeys (ConfUtils.java:logGet(43)) - raft.server.snapshot.retention.num.files = -1 (default)
2019-09-07 05:40:57,179 [pool-403-thread-1] INFO  server.RaftServerConfigKeys (ConfUtils.java:logGet(43)) - raft.server.retrycache.expirytime = 600000ms (custom)
2019-09-07 05:40:57,181 [pool-403-thread-1] INFO  impl.RaftServerImpl (RaftServerImpl.java:start(185)) - a2a45bd7-a5e0-4340-8f54-18154636035d@group-381AE478EDB2: start as a follower, conf=-1: [a2a45bd7-a5e0-4340-8f54-18154636035d:192.168.36.105:36813], old=null
2019-09-07 05:40:57,181 [pool-403-thread-1] INFO  impl.RaftServerImpl (RaftServerImpl.java:setRole(174)) - a2a45bd7-a5e0-4340-8f54-18154636035d@group-381AE478EDB2: changes role from      null to FOLLOWER at term 0 for startAsFollower
2019-09-07 05:40:57,182 [pool-403-thread-1] INFO  impl.RoleInfo (RoleInfo.java:updateAndGet(143)) - a2a45bd7-a5e0-4340-8f54-18154636035d: start FollowerState
2019-09-07 05:40:57,182 [pool-403-thread-1] INFO  util.JmxRegister (JmxRegister.java:tryRegister(44)) - Successfully registered JMX Bean with object name Ratis:service=RaftServer,group=group-381AE478EDB2,id=a2a45bd7-a5e0-4340-8f54-18154636035d
2019-09-07 05:40:57,196 [RatisPipelineUtilsThread] INFO  pipeline.PipelineStateManager (PipelineStateManager.java:addPipeline(56)) - Created pipeline Pipeline[ Id: 8953ddef-034b-43c8-8efe-381ae478edb2, Nodes: a2a45bd7-a5e0-4340-8f54-18154636035d{ip: 192.168.36.105, host: trunk-nightly-20190907-l8mkd-3410636087, networkLocation: /default-rack, certSerialId: null}, Type:RATIS, Factor:ONE, State:OPEN]
2019-09-07 05:40:57,203 [grpc-default-executor-9] INFO  impl.RaftServerProxy (RaftServerProxy.java:addNew(89)) - 9421659c-ce2f-43f5-9e25-e6f39f25e195: addNew group-EA8B9CC5F72E:[9421659c-ce2f-43f5-9e25-e6f39f25e195:192.168.36.105:40709] returns group-EA8B9CC5F72E:java.util.concurrent.CompletableFuture@16b47b5d[Not completed]
2019-09-07 05:40:57,204 [pool-413-thread-1] INFO  impl.RaftServerImpl (RaftServerImpl.java:<init>(95)) - 9421659c-ce2f-43f5-9e25-e6f39f25e195: new RaftServerImpl for group-EA8B9CC5F72E:[9421659c-ce2f-43f5-9e25-e6f39f25e195:192.168.36.105:40709] with ContainerStateMachine:uninitialized
2019-09-07 05:40:57,205 [pool-413-thread-1] INFO  server.RaftServerConfigKeys (ConfUtils.java:logGet(43)) - raft.server.rpc.timeout.min = 5s (custom)
2019-09-07 05:40:57,205 [pool-413-thread-1] INFO  server.RaftServerConfigKeys (ConfUtils.java:logGet(43)) - raft.server.rpc.timeout.max = 5200ms (custom)
2019-09-07 05:40:57,205 [pool-413-thread-1] INFO  server.RaftServerConfigKeys (ConfUtils.java:logGet(43)) - raft.server.rpcslowness.timeout = 120s (custom)
2019-09-07 05:40:57,205 [pool-413-thread-1] INFO  server.RaftServerConfigKeys (ConfUtils.java:logGet(43)) - raft.server.sleep.deviation.threshold = 300 (default)
2019-09-07 05:40:57,205 [pool-413-thread-1] INFO  server.RaftServerConfigKeys (ConfUtils.java:logGet(43)) - raft.server.log.appender.install.snapshot.enabled = false (custom)
2019-09-07 05:40:57,205 [pool-413-thread-1] INFO  impl.RaftServerImpl (ServerState.java:<init>(103)) - 9421659c-ce2f-43f5-9e25-e6f39f25e195@group-EA8B9CC5F72E: ConfigurationManager, init=-1: [9421659c-ce2f-43f5-9e25-e6f39f25e195:192.168.36.105:40709], old=null, confs=<EMPTY_MAP>
2019-09-07 05:40:57,205 [pool-413-thread-1] INFO  server.RaftServerConfigKeys (ConfUtils.java:logGet(43)) - raft.server.storage.dir = [/workdir/hadoop-ozone/integration-test/target/test-dir/MiniOzoneClusterImpl-cbf2fb49-9796-4388-8e34-31192cee1719/datanode-3/data/ratis] (custom)
2019-09-07 05:40:57,206 [pool-413-thread-1] INFO  storage.RaftStorageDirectory (RaftStorageDirectory.java:analyzeStorage(246)) - The storage directory /workdir/hadoop-ozone/integration-test/target/test-dir/MiniOzoneClusterImpl-cbf2fb49-9796-4388-8e34-31192cee1719/datanode-3/data/ratis/52b0b227-5c05-4cf0-8195-ea8b9cc5f72e does not exist. Creating ...
2019-09-07 05:40:57,219 [pool-413-thread-1] INFO  storage.RaftStorageDirectory (RaftStorageDirectory.java:tryLock(328)) - Lock on /workdir/hadoop-ozone/integration-test/target/test-dir/MiniOzoneClusterImpl-cbf2fb49-9796-4388-8e34-31192cee1719/datanode-3/data/ratis/52b0b227-5c05-4cf0-8195-ea8b9cc5f72e/in_use.lock acquired by nodename 2839@trunk-nightly-20190907-l8mkd-3410636087
2019-09-07 05:40:57,232 [pool-413-thread-1] INFO  storage.RaftStorage (RaftStorage.java:format(72)) - Storage directory /workdir/hadoop-ozone/integration-test/target/test-dir/MiniOzoneClusterImpl-cbf2fb49-9796-4388-8e34-31192cee1719/datanode-3/data/ratis/52b0b227-5c05-4cf0-8195-ea8b9cc5f72e has been successfully formatted.
2019-09-07 05:40:57,232 [pool-413-thread-1] INFO  ratis.ContainerStateMachine (ContainerStateMachine.java:loadSnapshot(232)) - group-EA8B9CC5F72E: The snapshot info is null. Setting the last applied indexto:(t:0, i:~)
2019-09-07 05:40:57,232 [pool-413-thread-1] INFO  server.RaftServerConfigKeys (ConfUtils.java:logGet(43)) - raft.server.notification.no-leader.timeout = 120s (custom)
2019-09-07 05:40:57,232 [pool-413-thread-1] INFO  server.RaftServerConfigKeys (ConfUtils.java:logGet(43)) - raft.server.log.use.memory = false (default)
2019-09-07 05:40:57,233 [pool-413-thread-1] INFO  server.RaftServerConfigKeys (ConfUtils.java:logGet(43)) - raft.server.log.purge.gap = 1000000 (custom)
2019-09-07 05:40:57,233 [pool-413-thread-1] INFO  server.RaftServerConfigKeys (ConfUtils.java:logGet(43)) - raft.server.log.appender.buffer.byte-limit = 33554432 (custom)
2019-09-07 05:40:57,233 [pool-413-thread-1] INFO  server.RaftServerConfigKeys (ConfUtils.java:logGet(43)) - raft.server.log.segment.size.max = 1048576 (custom)
2019-09-07 05:40:57,233 [pool-413-thread-1] INFO  server.RaftServerConfigKeys (ConfUtils.java:logGet(43)) - raft.server.log.segment.cache.num.max = 2 (custom)
2019-09-07 05:40:57,233 [pool-413-thread-1] INFO  segmented.SegmentedRaftLogWorker (SegmentedRaftLogWorker.java:<init>(172)) - new 9421659c-ce2f-43f5-9e25-e6f39f25e195@group-EA8B9CC5F72E-SegmentedRaftLogWorker for RaftStorage:Storage Directory /workdir/hadoop-ozone/integration-test/target/test-dir/MiniOzoneClusterImpl-cbf2fb49-9796-4388-8e34-31192cee1719/datanode-3/data/ratis/52b0b227-5c05-4cf0-8195-ea8b9cc5f72e
2019-09-07 05:40:57,235 [pool-413-thread-1] INFO  server.RaftServerConfigKeys (ConfUtils.java:logGet(43)) - raft.server.log.queue.byte-limit = 2147483647 (custom)
2019-09-07 05:40:57,235 [pool-413-thread-1] INFO  server.RaftServerConfigKeys (ConfUtils.java:logGet(43)) - raft.server.log.queue.element-limit = 1024 (custom)
2019-09-07 05:40:57,235 [pool-413-thread-1] INFO  server.RaftServerConfigKeys (ConfUtils.java:logGet(43)) - raft.server.log.segment.size.max = 1048576 (custom)
2019-09-07 05:40:57,235 [pool-413-thread-1] INFO  server.RaftServerConfigKeys (ConfUtils.java:logGet(43)) - raft.server.log.preallocated.size = 16384 (custom)
2019-09-07 05:40:57,235 [pool-413-thread-1] INFO  server.RaftServerConfigKeys (ConfUtils.java:logGet(43)) - raft.server.log.write.buffer.size = 33554432 (custom)
2019-09-07 05:40:57,235 [IPC Server handler 1 on 44773] INFO  net.NetworkTopology (NetworkTopologyImpl.java:add(110)) - Added a new node: /default-rack/ef2f7667-7980-42d6-a69e-bebf92f3302c
2019-09-07 05:40:57,235 [pool-413-thread-1] INFO  server.RaftServerConfigKeys (ConfUtils.java:logGet(43)) - raft.server.log.force.sync.num = 128 (default)
2019-09-07 05:40:57,236 [IPC Server handler 1 on 44773] INFO  node.SCMNodeManager (SCMNodeManager.java:register(266)) - Registered Data node : ef2f7667-7980-42d6-a69e-bebf92f3302c{ip: 192.168.36.105, host: trunk-nightly-20190907-l8mkd-3410636087, networkLocation: /default-rack, certSerialId: null}
2019-09-07 05:40:57,236 [pool-413-thread-1] INFO  server.RaftServerConfigKeys (ConfUtils.java:logGet(43)) - raft.server.log.statemachine.data.sync = true (default)
2019-09-07 05:40:57,236 [pool-413-thread-1] INFO  server.RaftServerConfigKeys (ConfUtils.java:logGet(43)) - raft.server.log.statemachine.data.sync.timeout = 10s (default)
2019-09-07 05:40:57,236 [pool-413-thread-1] INFO  server.RaftServerConfigKeys (ConfUtils.java:logGet(43)) - raft.server.log.statemachine.data.sync.timeout.retry = -1 (default)
2019-09-07 05:40:57,236 [pool-413-thread-1] INFO  server.RaftServerConfigKeys (ConfUtils.java:logGet(43)) - raft.server.log.statemachine.data.caching.enabled = true (custom)
2019-09-07 05:40:57,236 [pool-413-thread-1] INFO  segmented.SegmentedRaftLogWorker (SegmentedRaftLogWorker.java:lambda$new$0(132)) - 9421659c-ce2f-43f5-9e25-e6f39f25e195@group-EA8B9CC5F72E-SegmentedRaftLogWorker: flushIndex: setUnconditionally 0 -> -1
2019-09-07 05:40:57,237 [pool-413-thread-1] INFO  server.RaftServerConfigKeys (ConfUtils.java:logGet(43)) - raft.server.snapshot.auto.trigger.enabled = true (custom)
2019-09-07 05:40:57,237 [pool-413-thread-1] INFO  server.RaftServerConfigKeys (ConfUtils.java:logGet(43)) - raft.server.snapshot.auto.trigger.threshold = 10000 (custom)
2019-09-07 05:40:57,237 [pool-413-thread-1] INFO  server.RaftServerConfigKeys (ConfUtils.java:logGet(43)) - raft.server.snapshot.retention.num.files = -1 (default)
2019-09-07 05:40:57,237 [pool-413-thread-1] INFO  server.RaftServerConfigKeys (ConfUtils.java:logGet(43)) - raft.server.retrycache.expirytime = 600000ms (custom)
2019-09-07 05:40:57,239 [pool-413-thread-1] INFO  impl.RaftServerImpl (RaftServerImpl.java:start(185)) - 9421659c-ce2f-43f5-9e25-e6f39f25e195@group-EA8B9CC5F72E: start as a follower, conf=-1: [9421659c-ce2f-43f5-9e25-e6f39f25e195:192.168.36.105:40709], old=null
2019-09-07 05:40:57,239 [pool-413-thread-1] INFO  impl.RaftServerImpl (RaftServerImpl.java:setRole(174)) - 9421659c-ce2f-43f5-9e25-e6f39f25e195@group-EA8B9CC5F72E: changes role from      null to FOLLOWER at term 0 for startAsFollower
2019-09-07 05:40:57,239 [pool-413-thread-1] INFO  impl.RoleInfo (RoleInfo.java:updateAndGet(143)) - 9421659c-ce2f-43f5-9e25-e6f39f25e195: start FollowerState
2019-09-07 05:40:57,239 [pool-413-thread-1] INFO  util.JmxRegister (JmxRegister.java:tryRegister(44)) - Successfully registered JMX Bean with object name Ratis:service=RaftServer,group=group-EA8B9CC5F72E,id=9421659c-ce2f-43f5-9e25-e6f39f25e195
2019-09-07 05:40:57,244 [RatisPipelineUtilsThread] INFO  pipeline.PipelineStateManager (PipelineStateManager.java:addPipeline(56)) - Created pipeline Pipeline[ Id: 52b0b227-5c05-4cf0-8195-ea8b9cc5f72e, Nodes: 9421659c-ce2f-43f5-9e25-e6f39f25e195{ip: 192.168.36.105, host: trunk-nightly-20190907-l8mkd-3410636087, networkLocation: /default-rack, certSerialId: null}, Type:RATIS, Factor:ONE, State:OPEN]
2019-09-07 05:40:57,250 [grpc-default-executor-9] INFO  impl.RaftServerProxy (RaftServerProxy.java:addNew(89)) - ef2f7667-7980-42d6-a69e-bebf92f3302c: addNew group-00FB860D2F0D:[ef2f7667-7980-42d6-a69e-bebf92f3302c:192.168.36.105:43000] returns group-00FB860D2F0D:java.util.concurrent.CompletableFuture@7910537c[Not completed]
2019-09-07 05:40:57,251 [pool-423-thread-1] INFO  impl.RaftServerImpl (RaftServerImpl.java:<init>(95)) - ef2f7667-7980-42d6-a69e-bebf92f3302c: new RaftServerImpl for group-00FB860D2F0D:[ef2f7667-7980-42d6-a69e-bebf92f3302c:192.168.36.105:43000] with ContainerStateMachine:uninitialized
2019-09-07 05:40:57,251 [pool-423-thread-1] INFO  server.RaftServerConfigKeys (ConfUtils.java:logGet(43)) - raft.server.rpc.timeout.min = 5s (custom)
2019-09-07 05:40:57,252 [pool-423-thread-1] INFO  server.RaftServerConfigKeys (ConfUtils.java:logGet(43)) - raft.server.rpc.timeout.max = 5200ms (custom)
2019-09-07 05:40:57,252 [pool-423-thread-1] INFO  server.RaftServerConfigKeys (ConfUtils.java:logGet(43)) - raft.server.rpcslowness.timeout = 120s (custom)
2019-09-07 05:40:57,252 [pool-423-thread-1] INFO  server.RaftServerConfigKeys (ConfUtils.java:logGet(43)) - raft.server.sleep.deviation.threshold = 300 (default)
2019-09-07 05:40:57,252 [pool-423-thread-1] INFO  server.RaftServerConfigKeys (ConfUtils.java:logGet(43)) - raft.server.log.appender.install.snapshot.enabled = false (custom)
2019-09-07 05:40:57,252 [pool-423-thread-1] INFO  impl.RaftServerImpl (ServerState.java:<init>(103)) - ef2f7667-7980-42d6-a69e-bebf92f3302c@group-00FB860D2F0D: ConfigurationManager, init=-1: [ef2f7667-7980-42d6-a69e-bebf92f3302c:192.168.36.105:43000], old=null, confs=<EMPTY_MAP>
2019-09-07 05:40:57,252 [pool-423-thread-1] INFO  server.RaftServerConfigKeys (ConfUtils.java:logGet(43)) - raft.server.storage.dir = [/workdir/hadoop-ozone/integration-test/target/test-dir/MiniOzoneClusterImpl-cbf2fb49-9796-4388-8e34-31192cee1719/datanode-4/data/ratis] (custom)
2019-09-07 05:40:57,252 [pool-423-thread-1] INFO  storage.RaftStorageDirectory (RaftStorageDirectory.java:analyzeStorage(246)) - The storage directory /workdir/hadoop-ozone/integration-test/target/test-dir/MiniOzoneClusterImpl-cbf2fb49-9796-4388-8e34-31192cee1719/datanode-4/data/ratis/76c94c1d-ad3b-4b06-b4f2-00fb860d2f0d does not exist. Creating ...
2019-09-07 05:40:57,265 [pool-423-thread-1] INFO  storage.RaftStorageDirectory (RaftStorageDirectory.java:tryLock(328)) - Lock on /workdir/hadoop-ozone/integration-test/target/test-dir/MiniOzoneClusterImpl-cbf2fb49-9796-4388-8e34-31192cee1719/datanode-4/data/ratis/76c94c1d-ad3b-4b06-b4f2-00fb860d2f0d/in_use.lock acquired by nodename 2839@trunk-nightly-20190907-l8mkd-3410636087
2019-09-07 05:40:57,278 [pool-423-thread-1] INFO  storage.RaftStorage (RaftStorage.java:format(72)) - Storage directory /workdir/hadoop-ozone/integration-test/target/test-dir/MiniOzoneClusterImpl-cbf2fb49-9796-4388-8e34-31192cee1719/datanode-4/data/ratis/76c94c1d-ad3b-4b06-b4f2-00fb860d2f0d has been successfully formatted.
2019-09-07 05:40:57,278 [pool-423-thread-1] INFO  ratis.ContainerStateMachine (ContainerStateMachine.java:loadSnapshot(232)) - group-00FB860D2F0D: The snapshot info is null. Setting the last applied indexto:(t:0, i:~)
2019-09-07 05:40:57,278 [pool-423-thread-1] INFO  server.RaftServerConfigKeys (ConfUtils.java:logGet(43)) - raft.server.notification.no-leader.timeout = 120s (custom)
2019-09-07 05:40:57,278 [pool-423-thread-1] INFO  server.RaftServerConfigKeys (ConfUtils.java:logGet(43)) - raft.server.log.use.memory = false (default)
2019-09-07 05:40:57,278 [pool-423-thread-1] INFO  server.RaftServerConfigKeys (ConfUtils.java:logGet(43)) - raft.server.log.purge.gap = 1000000 (custom)
2019-09-07 05:40:57,279 [pool-423-thread-1] INFO  server.RaftServerConfigKeys (ConfUtils.java:logGet(43)) - raft.server.log.appender.buffer.byte-limit = 33554432 (custom)
2019-09-07 05:40:57,279 [pool-423-thread-1] INFO  server.RaftServerConfigKeys (ConfUtils.java:logGet(43)) - raft.server.log.segment.size.max = 1048576 (custom)
2019-09-07 05:40:57,279 [pool-423-thread-1] INFO  server.RaftServerConfigKeys (ConfUtils.java:logGet(43)) - raft.server.log.segment.cache.num.max = 2 (custom)
2019-09-07 05:40:57,279 [pool-423-thread-1] INFO  segmented.SegmentedRaftLogWorker (SegmentedRaftLogWorker.java:<init>(172)) - new ef2f7667-7980-42d6-a69e-bebf92f3302c@group-00FB860D2F0D-SegmentedRaftLogWorker for RaftStorage:Storage Directory /workdir/hadoop-ozone/integration-test/target/test-dir/MiniOzoneClusterImpl-cbf2fb49-9796-4388-8e34-31192cee1719/datanode-4/data/ratis/76c94c1d-ad3b-4b06-b4f2-00fb860d2f0d
2019-09-07 05:40:57,280 [pool-423-thread-1] INFO  server.RaftServerConfigKeys (ConfUtils.java:logGet(43)) - raft.server.log.queue.byte-limit = 2147483647 (custom)
2019-09-07 05:40:57,281 [pool-423-thread-1] INFO  server.RaftServerConfigKeys (ConfUtils.java:logGet(43)) - raft.server.log.queue.element-limit = 1024 (custom)
2019-09-07 05:40:57,281 [pool-423-thread-1] INFO  server.RaftServerConfigKeys (ConfUtils.java:logGet(43)) - raft.server.log.segment.size.max = 1048576 (custom)
2019-09-07 05:40:57,281 [pool-423-thread-1] INFO  server.RaftServerConfigKeys (ConfUtils.java:logGet(43)) - raft.server.log.preallocated.size = 16384 (custom)
2019-09-07 05:40:57,281 [pool-423-thread-1] INFO  server.RaftServerConfigKeys (ConfUtils.java:logGet(43)) - raft.server.log.write.buffer.size = 33554432 (custom)
2019-09-07 05:40:57,281 [pool-423-thread-1] INFO  server.RaftServerConfigKeys (ConfUtils.java:logGet(43)) - raft.server.log.force.sync.num = 128 (default)
2019-09-07 05:40:57,281 [pool-423-thread-1] INFO  server.RaftServerConfigKeys (ConfUtils.java:logGet(43)) - raft.server.log.statemachine.data.sync = true (default)
2019-09-07 05:40:57,281 [pool-423-thread-1] INFO  server.RaftServerConfigKeys (ConfUtils.java:logGet(43)) - raft.server.log.statemachine.data.sync.timeout = 10s (default)
2019-09-07 05:40:57,281 [pool-423-thread-1] INFO  server.RaftServerConfigKeys (ConfUtils.java:logGet(43)) - raft.server.log.statemachine.data.sync.timeout.retry = -1 (default)
2019-09-07 05:40:57,281 [pool-423-thread-1] INFO  server.RaftServerConfigKeys (ConfUtils.java:logGet(43)) - raft.server.log.statemachine.data.caching.enabled = true (custom)
2019-09-07 05:40:57,282 [pool-423-thread-1] INFO  segmented.SegmentedRaftLogWorker (SegmentedRaftLogWorker.java:lambda$new$0(132)) - ef2f7667-7980-42d6-a69e-bebf92f3302c@group-00FB860D2F0D-SegmentedRaftLogWorker: flushIndex: setUnconditionally 0 -> -1
2019-09-07 05:40:57,282 [pool-423-thread-1] INFO  server.RaftServerConfigKeys (ConfUtils.java:logGet(43)) - raft.server.snapshot.auto.trigger.enabled = true (custom)
2019-09-07 05:40:57,282 [pool-423-thread-1] INFO  server.RaftServerConfigKeys (ConfUtils.java:logGet(43)) - raft.server.snapshot.auto.trigger.threshold = 10000 (custom)
2019-09-07 05:40:57,282 [pool-423-thread-1] INFO  server.RaftServerConfigKeys (ConfUtils.java:logGet(43)) - raft.server.snapshot.retention.num.files = -1 (default)
2019-09-07 05:40:57,282 [pool-423-thread-1] INFO  server.RaftServerConfigKeys (ConfUtils.java:logGet(43)) - raft.server.retrycache.expirytime = 600000ms (custom)
2019-09-07 05:40:57,284 [pool-423-thread-1] INFO  impl.RaftServerImpl (RaftServerImpl.java:start(185)) - ef2f7667-7980-42d6-a69e-bebf92f3302c@group-00FB860D2F0D: start as a follower, conf=-1: [ef2f7667-7980-42d6-a69e-bebf92f3302c:192.168.36.105:43000], old=null
2019-09-07 05:40:57,284 [pool-423-thread-1] INFO  impl.RaftServerImpl (RaftServerImpl.java:setRole(174)) - ef2f7667-7980-42d6-a69e-bebf92f3302c@group-00FB860D2F0D: changes role from      null to FOLLOWER at term 0 for startAsFollower
2019-09-07 05:40:57,284 [pool-423-thread-1] INFO  impl.RoleInfo (RoleInfo.java:updateAndGet(143)) - ef2f7667-7980-42d6-a69e-bebf92f3302c: start FollowerState
2019-09-07 05:40:57,284 [pool-423-thread-1] INFO  util.JmxRegister (JmxRegister.java:tryRegister(44)) - Successfully registered JMX Bean with object name Ratis:service=RaftServer,group=group-00FB860D2F0D,id=ef2f7667-7980-42d6-a69e-bebf92f3302c
2019-09-07 05:40:57,288 [RatisPipelineUtilsThread] INFO  pipeline.PipelineStateManager (PipelineStateManager.java:addPipeline(56)) - Created pipeline Pipeline[ Id: 76c94c1d-ad3b-4b06-b4f2-00fb860d2f0d, Nodes: ef2f7667-7980-42d6-a69e-bebf92f3302c{ip: 192.168.36.105, host: trunk-nightly-20190907-l8mkd-3410636087, networkLocation: /default-rack, certSerialId: null}, Type:RATIS, Factor:ONE, State:OPEN]
2019-09-07 05:40:57,298 [IPC Server handler 0 on 44773] INFO  net.NetworkTopology (NetworkTopologyImpl.java:add(110)) - Added a new node: /default-rack/5ce9e101-a3eb-4631-b6de-3e40cc925b1f
2019-09-07 05:40:57,298 [IPC Server handler 0 on 44773] INFO  node.SCMNodeManager (SCMNodeManager.java:register(266)) - Registered Data node : 5ce9e101-a3eb-4631-b6de-3e40cc925b1f{ip: 192.168.36.105, host: trunk-nightly-20190907-l8mkd-3410636087, networkLocation: /default-rack, certSerialId: null}
2019-09-07 05:40:57,298 [grpc-default-executor-5] INFO  impl.RaftServerProxy (RaftServerProxy.java:addNew(89)) - ef2f7667-7980-42d6-a69e-bebf92f3302c: addNew group-0180A3FD025F:[9421659c-ce2f-43f5-9e25-e6f39f25e195:192.168.36.105:40709, 128f9cd9-1ce0-4189-9a97-bb171bd7dc5e:192.168.36.105:36471, ef2f7667-7980-42d6-a69e-bebf92f3302c:192.168.36.105:43000] returns group-0180A3FD025F:java.util.concurrent.CompletableFuture@329bdbf3[Not completed]
2019-09-07 05:40:57,298 [grpc-default-executor-8] INFO  impl.RaftServerProxy (RaftServerProxy.java:addNew(89)) - 9421659c-ce2f-43f5-9e25-e6f39f25e195: addNew group-0180A3FD025F:[9421659c-ce2f-43f5-9e25-e6f39f25e195:192.168.36.105:40709, 128f9cd9-1ce0-4189-9a97-bb171bd7dc5e:192.168.36.105:36471, ef2f7667-7980-42d6-a69e-bebf92f3302c:192.168.36.105:43000] returns group-0180A3FD025F:java.util.concurrent.CompletableFuture@45a2e898[Not completed]
2019-09-07 05:40:57,299 [grpc-default-executor-5] INFO  impl.RaftServerProxy (RaftServerProxy.java:addNew(89)) - 128f9cd9-1ce0-4189-9a97-bb171bd7dc5e: addNew group-0180A3FD025F:[9421659c-ce2f-43f5-9e25-e6f39f25e195:192.168.36.105:40709, 128f9cd9-1ce0-4189-9a97-bb171bd7dc5e:192.168.36.105:36471, ef2f7667-7980-42d6-a69e-bebf92f3302c:192.168.36.105:43000] returns group-0180A3FD025F:java.util.concurrent.CompletableFuture@670d7ebc[Not completed]
2019-09-07 05:40:57,299 [pool-413-thread-1] INFO  impl.RaftServerImpl (RaftServerImpl.java:<init>(95)) - 9421659c-ce2f-43f5-9e25-e6f39f25e195: new RaftServerImpl for group-0180A3FD025F:[9421659c-ce2f-43f5-9e25-e6f39f25e195:192.168.36.105:40709, 128f9cd9-1ce0-4189-9a97-bb171bd7dc5e:192.168.36.105:36471, ef2f7667-7980-42d6-a69e-bebf92f3302c:192.168.36.105:43000] with ContainerStateMachine:uninitialized
2019-09-07 05:40:57,300 [pool-413-thread-1] INFO  server.RaftServerConfigKeys (ConfUtils.java:logGet(43)) - raft.server.rpc.timeout.min = 5s (custom)
2019-09-07 05:40:57,300 [pool-413-thread-1] INFO  server.RaftServerConfigKeys (ConfUtils.java:logGet(43)) - raft.server.rpc.timeout.max = 5200ms (custom)
2019-09-07 05:40:57,300 [pool-393-thread-1] INFO  impl.RaftServerImpl (RaftServerImpl.java:<init>(95)) - 128f9cd9-1ce0-4189-9a97-bb171bd7dc5e: new RaftServerImpl for group-0180A3FD025F:[9421659c-ce2f-43f5-9e25-e6f39f25e195:192.168.36.105:40709, 128f9cd9-1ce0-4189-9a97-bb171bd7dc5e:192.168.36.105:36471, ef2f7667-7980-42d6-a69e-bebf92f3302c:192.168.36.105:43000] with ContainerStateMachine:uninitialized
2019-09-07 05:40:57,300 [pool-413-thread-1] INFO  server.RaftServerConfigKeys (ConfUtils.java:logGet(43)) - raft.server.rpcslowness.timeout = 120s (custom)
2019-09-07 05:40:57,300 [pool-393-thread-1] INFO  server.RaftServerConfigKeys (ConfUtils.java:logGet(43)) - raft.server.rpc.timeout.min = 5s (custom)
2019-09-07 05:40:57,300 [pool-413-thread-1] INFO  server.RaftServerConfigKeys (ConfUtils.java:logGet(43)) - raft.server.sleep.deviation.threshold = 300 (default)
2019-09-07 05:40:57,300 [pool-393-thread-1] INFO  server.RaftServerConfigKeys (ConfUtils.java:logGet(43)) - raft.server.rpc.timeout.max = 5200ms (custom)
2019-09-07 05:40:57,300 [pool-413-thread-1] INFO  server.RaftServerConfigKeys (ConfUtils.java:logGet(43)) - raft.server.log.appender.install.snapshot.enabled = false (custom)
2019-09-07 05:40:57,300 [pool-393-thread-1] INFO  server.RaftServerConfigKeys (ConfUtils.java:logGet(43)) - raft.server.rpcslowness.timeout = 120s (custom)
2019-09-07 05:40:57,300 [pool-413-thread-1] INFO  impl.RaftServerImpl (ServerState.java:<init>(103)) - 9421659c-ce2f-43f5-9e25-e6f39f25e195@group-0180A3FD025F: ConfigurationManager, init=-1: [9421659c-ce2f-43f5-9e25-e6f39f25e195:192.168.36.105:40709, 128f9cd9-1ce0-4189-9a97-bb171bd7dc5e:192.168.36.105:36471, ef2f7667-7980-42d6-a69e-bebf92f3302c:192.168.36.105:43000], old=null, confs=<EMPTY_MAP>
2019-09-07 05:40:57,300 [pool-423-thread-1] INFO  impl.RaftServerImpl (RaftServerImpl.java:<init>(95)) - ef2f7667-7980-42d6-a69e-bebf92f3302c: new RaftServerImpl for group-0180A3FD025F:[9421659c-ce2f-43f5-9e25-e6f39f25e195:192.168.36.105:40709, 128f9cd9-1ce0-4189-9a97-bb171bd7dc5e:192.168.36.105:36471, ef2f7667-7980-42d6-a69e-bebf92f3302c:192.168.36.105:43000] with ContainerStateMachine:uninitialized
2019-09-07 05:40:57,300 [pool-393-thread-1] INFO  server.RaftServerConfigKeys (ConfUtils.java:logGet(43)) - raft.server.sleep.deviation.threshold = 300 (default)
2019-09-07 05:40:57,301 [pool-423-thread-1] INFO  server.RaftServerConfigKeys (ConfUtils.java:logGet(43)) - raft.server.rpc.timeout.min = 5s (custom)
2019-09-07 05:40:57,301 [pool-413-thread-1] INFO  server.RaftServerConfigKeys (ConfUtils.java:logGet(43)) - raft.server.storage.dir = [/workdir/hadoop-ozone/integration-test/target/test-dir/MiniOzoneClusterImpl-cbf2fb49-9796-4388-8e34-31192cee1719/datanode-3/data/ratis] (custom)
2019-09-07 05:40:57,301 [pool-423-thread-1] INFO  server.RaftServerConfigKeys (ConfUtils.java:logGet(43)) - raft.server.rpc.timeout.max = 5200ms (custom)
2019-09-07 05:40:57,301 [pool-393-thread-1] INFO  server.RaftServerConfigKeys (ConfUtils.java:logGet(43)) - raft.server.log.appender.install.snapshot.enabled = false (custom)
2019-09-07 05:40:57,301 [pool-423-thread-1] INFO  server.RaftServerConfigKeys (ConfUtils.java:logGet(43)) - raft.server.rpcslowness.timeout = 120s (custom)
2019-09-07 05:40:57,301 [pool-393-thread-1] INFO  impl.RaftServerImpl (ServerState.java:<init>(103)) - 128f9cd9-1ce0-4189-9a97-bb171bd7dc5e@group-0180A3FD025F: ConfigurationManager, init=-1: [9421659c-ce2f-43f5-9e25-e6f39f25e195:192.168.36.105:40709, 128f9cd9-1ce0-4189-9a97-bb171bd7dc5e:192.168.36.105:36471, ef2f7667-7980-42d6-a69e-bebf92f3302c:192.168.36.105:43000], old=null, confs=<EMPTY_MAP>
2019-09-07 05:40:57,301 [pool-413-thread-1] INFO  storage.RaftStorageDirectory (RaftStorageDirectory.java:analyzeStorage(246)) - The storage directory /workdir/hadoop-ozone/integration-test/target/test-dir/MiniOzoneClusterImpl-cbf2fb49-9796-4388-8e34-31192cee1719/datanode-3/data/ratis/8923fd70-b3d7-4b65-a00f-0180a3fd025f does not exist. Creating ...
2019-09-07 05:40:57,301 [pool-393-thread-1] INFO  server.RaftServerConfigKeys (ConfUtils.java:logGet(43)) - raft.server.storage.dir = [/workdir/hadoop-ozone/integration-test/target/test-dir/MiniOzoneClusterImpl-cbf2fb49-9796-4388-8e34-31192cee1719/datanode-1/data/ratis] (custom)
2019-09-07 05:40:57,301 [pool-423-thread-1] INFO  server.RaftServerConfigKeys (ConfUtils.java:logGet(43)) - raft.server.sleep.deviation.threshold = 300 (default)
2019-09-07 05:40:57,301 [pool-423-thread-1] INFO  server.RaftServerConfigKeys (ConfUtils.java:logGet(43)) - raft.server.log.appender.install.snapshot.enabled = false (custom)
2019-09-07 05:40:57,301 [pool-393-thread-1] INFO  storage.RaftStorageDirectory (RaftStorageDirectory.java:analyzeStorage(246)) - The storage directory /workdir/hadoop-ozone/integration-test/target/test-dir/MiniOzoneClusterImpl-cbf2fb49-9796-4388-8e34-31192cee1719/datanode-1/data/ratis/8923fd70-b3d7-4b65-a00f-0180a3fd025f does not exist. Creating ...
2019-09-07 05:40:57,302 [pool-423-thread-1] INFO  impl.RaftServerImpl (ServerState.java:<init>(103)) - ef2f7667-7980-42d6-a69e-bebf92f3302c@group-0180A3FD025F: ConfigurationManager, init=-1: [9421659c-ce2f-43f5-9e25-e6f39f25e195:192.168.36.105:40709, 128f9cd9-1ce0-4189-9a97-bb171bd7dc5e:192.168.36.105:36471, ef2f7667-7980-42d6-a69e-bebf92f3302c:192.168.36.105:43000], old=null, confs=<EMPTY_MAP>
2019-09-07 05:40:57,302 [pool-423-thread-1] INFO  server.RaftServerConfigKeys (ConfUtils.java:logGet(43)) - raft.server.storage.dir = [/workdir/hadoop-ozone/integration-test/target/test-dir/MiniOzoneClusterImpl-cbf2fb49-9796-4388-8e34-31192cee1719/datanode-4/data/ratis] (custom)
2019-09-07 05:40:57,302 [pool-423-thread-1] INFO  storage.RaftStorageDirectory (RaftStorageDirectory.java:analyzeStorage(246)) - The storage directory /workdir/hadoop-ozone/integration-test/target/test-dir/MiniOzoneClusterImpl-cbf2fb49-9796-4388-8e34-31192cee1719/datanode-4/data/ratis/8923fd70-b3d7-4b65-a00f-0180a3fd025f does not exist. Creating ...
2019-09-07 05:40:57,315 [pool-413-thread-1] INFO  storage.RaftStorageDirectory (RaftStorageDirectory.java:tryLock(328)) - Lock on /workdir/hadoop-ozone/integration-test/target/test-dir/MiniOzoneClusterImpl-cbf2fb49-9796-4388-8e34-31192cee1719/datanode-3/data/ratis/8923fd70-b3d7-4b65-a00f-0180a3fd025f/in_use.lock acquired by nodename 2839@trunk-nightly-20190907-l8mkd-3410636087
2019-09-07 05:40:57,315 [pool-393-thread-1] INFO  storage.RaftStorageDirectory (RaftStorageDirectory.java:tryLock(328)) - Lock on /workdir/hadoop-ozone/integration-test/target/test-dir/MiniOzoneClusterImpl-cbf2fb49-9796-4388-8e34-31192cee1719/datanode-1/data/ratis/8923fd70-b3d7-4b65-a00f-0180a3fd025f/in_use.lock acquired by nodename 2839@trunk-nightly-20190907-l8mkd-3410636087
2019-09-07 05:40:57,315 [pool-423-thread-1] INFO  storage.RaftStorageDirectory (RaftStorageDirectory.java:tryLock(328)) - Lock on /workdir/hadoop-ozone/integration-test/target/test-dir/MiniOzoneClusterImpl-cbf2fb49-9796-4388-8e34-31192cee1719/datanode-4/data/ratis/8923fd70-b3d7-4b65-a00f-0180a3fd025f/in_use.lock acquired by nodename 2839@trunk-nightly-20190907-l8mkd-3410636087
2019-09-07 05:40:57,337 [pool-413-thread-1] INFO  storage.RaftStorage (RaftStorage.java:format(72)) - Storage directory /workdir/hadoop-ozone/integration-test/target/test-dir/MiniOzoneClusterImpl-cbf2fb49-9796-4388-8e34-31192cee1719/datanode-3/data/ratis/8923fd70-b3d7-4b65-a00f-0180a3fd025f has been successfully formatted.
2019-09-07 05:40:57,337 [pool-393-thread-1] INFO  storage.RaftStorage (RaftStorage.java:format(72)) - Storage directory /workdir/hadoop-ozone/integration-test/target/test-dir/MiniOzoneClusterImpl-cbf2fb49-9796-4388-8e34-31192cee1719/datanode-1/data/ratis/8923fd70-b3d7-4b65-a00f-0180a3fd025f has been successfully formatted.
2019-09-07 05:40:57,337 [pool-423-thread-1] INFO  storage.RaftStorage (RaftStorage.java:format(72)) - Storage directory /workdir/hadoop-ozone/integration-test/target/test-dir/MiniOzoneClusterImpl-cbf2fb49-9796-4388-8e34-31192cee1719/datanode-4/data/ratis/8923fd70-b3d7-4b65-a00f-0180a3fd025f has been successfully formatted.
2019-09-07 05:40:57,338 [pool-393-thread-1] INFO  ratis.ContainerStateMachine (ContainerStateMachine.java:loadSnapshot(232)) - group-0180A3FD025F: The snapshot info is null. Setting the last applied indexto:(t:0, i:~)
2019-09-07 05:40:57,338 [pool-413-thread-1] INFO  ratis.ContainerStateMachine (ContainerStateMachine.java:loadSnapshot(232)) - group-0180A3FD025F: The snapshot info is null. Setting the last applied indexto:(t:0, i:~)
2019-09-07 05:40:57,338 [pool-393-thread-1] INFO  server.RaftServerConfigKeys (ConfUtils.java:logGet(43)) - raft.server.notification.no-leader.timeout = 120s (custom)
2019-09-07 05:40:57,338 [pool-423-thread-1] INFO  ratis.ContainerStateMachine (ContainerStateMachine.java:loadSnapshot(232)) - group-0180A3FD025F: The snapshot info is null. Setting the last applied indexto:(t:0, i:~)
2019-09-07 05:40:57,338 [pool-393-thread-1] INFO  server.RaftServerConfigKeys (ConfUtils.java:logGet(43)) - raft.server.log.use.memory = false (default)
2019-09-07 05:40:57,338 [pool-413-thread-1] INFO  server.RaftServerConfigKeys (ConfUtils.java:logGet(43)) - raft.server.notification.no-leader.timeout = 120s (custom)
2019-09-07 05:40:57,338 [pool-393-thread-1] INFO  server.RaftServerConfigKeys (ConfUtils.java:logGet(43)) - raft.server.log.purge.gap = 1000000 (custom)
2019-09-07 05:40:57,338 [pool-423-thread-1] INFO  server.RaftServerConfigKeys (ConfUtils.java:logGet(43)) - raft.server.notification.no-leader.timeout = 120s (custom)
2019-09-07 05:40:57,338 [pool-393-thread-1] INFO  server.RaftServerConfigKeys (ConfUtils.java:logGet(43)) - raft.server.log.appender.buffer.byte-limit = 33554432 (custom)
2019-09-07 05:40:57,338 [pool-413-thread-1] INFO  server.RaftServerConfigKeys (ConfUtils.java:logGet(43)) - raft.server.log.use.memory = false (default)
2019-09-07 05:40:57,338 [pool-393-thread-1] INFO  server.RaftServerConfigKeys (ConfUtils.java:logGet(43)) - raft.server.log.segment.size.max = 1048576 (custom)
2019-09-07 05:40:57,338 [pool-423-thread-1] INFO  server.RaftServerConfigKeys (ConfUtils.java:logGet(43)) - raft.server.log.use.memory = false (default)
2019-09-07 05:40:57,339 [pool-393-thread-1] INFO  server.RaftServerConfigKeys (ConfUtils.java:logGet(43)) - raft.server.log.segment.cache.num.max = 2 (custom)
2019-09-07 05:40:57,338 [pool-413-thread-1] INFO  server.RaftServerConfigKeys (ConfUtils.java:logGet(43)) - raft.server.log.purge.gap = 1000000 (custom)
2019-09-07 05:40:57,339 [pool-393-thread-1] INFO  segmented.SegmentedRaftLogWorker (SegmentedRaftLogWorker.java:<init>(172)) - new 128f9cd9-1ce0-4189-9a97-bb171bd7dc5e@group-0180A3FD025F-SegmentedRaftLogWorker for RaftStorage:Storage Directory /workdir/hadoop-ozone/integration-test/target/test-dir/MiniOzoneClusterImpl-cbf2fb49-9796-4388-8e34-31192cee1719/datanode-1/data/ratis/8923fd70-b3d7-4b65-a00f-0180a3fd025f
2019-09-07 05:40:57,339 [pool-423-thread-1] INFO  server.RaftServerConfigKeys (ConfUtils.java:logGet(43)) - raft.server.log.purge.gap = 1000000 (custom)
2019-09-07 05:40:57,339 [pool-393-thread-1] INFO  server.RaftServerConfigKeys (ConfUtils.java:logGet(43)) - raft.server.log.queue.byte-limit = 2147483647 (custom)
2019-09-07 05:40:57,339 [pool-413-thread-1] INFO  server.RaftServerConfigKeys (ConfUtils.java:logGet(43)) - raft.server.log.appender.buffer.byte-limit = 33554432 (custom)
2019-09-07 05:40:57,339 [pool-393-thread-1] INFO  server.RaftServerConfigKeys (ConfUtils.java:logGet(43)) - raft.server.log.queue.element-limit = 1024 (custom)
2019-09-07 05:40:57,339 [pool-423-thread-1] INFO  server.RaftServerConfigKeys (ConfUtils.java:logGet(43)) - raft.server.log.appender.buffer.byte-limit = 33554432 (custom)
2019-09-07 05:40:57,339 [pool-393-thread-1] INFO  server.RaftServerConfigKeys (ConfUtils.java:logGet(43)) - raft.server.log.segment.size.max = 1048576 (custom)
2019-09-07 05:40:57,339 [pool-413-thread-1] INFO  server.RaftServerConfigKeys (ConfUtils.java:logGet(43)) - raft.server.log.segment.size.max = 1048576 (custom)
2019-09-07 05:40:57,339 [pool-393-thread-1] INFO  server.RaftServerConfigKeys (ConfUtils.java:logGet(43)) - raft.server.log.preallocated.size = 16384 (custom)
2019-09-07 05:40:57,339 [pool-423-thread-1] INFO  server.RaftServerConfigKeys (ConfUtils.java:logGet(43)) - raft.server.log.segment.size.max = 1048576 (custom)
2019-09-07 05:40:57,340 [pool-393-thread-1] INFO  server.RaftServerConfigKeys (ConfUtils.java:logGet(43)) - raft.server.log.write.buffer.size = 33554432 (custom)
2019-09-07 05:40:57,340 [pool-413-thread-1] INFO  server.RaftServerConfigKeys (ConfUtils.java:logGet(43)) - raft.server.log.segment.cache.num.max = 2 (custom)
2019-09-07 05:40:57,340 [pool-393-thread-1] INFO  server.RaftServerConfigKeys (ConfUtils.java:logGet(43)) - raft.server.log.force.sync.num = 128 (default)
2019-09-07 05:40:57,340 [pool-423-thread-1] INFO  server.RaftServerConfigKeys (ConfUtils.java:logGet(43)) - raft.server.log.segment.cache.num.max = 2 (custom)
2019-09-07 05:40:57,340 [pool-393-thread-1] INFO  server.RaftServerConfigKeys (ConfUtils.java:logGet(43)) - raft.server.log.statemachine.data.sync = true (default)
2019-09-07 05:40:57,340 [pool-413-thread-1] INFO  segmented.SegmentedRaftLogWorker (SegmentedRaftLogWorker.java:<init>(172)) - new 9421659c-ce2f-43f5-9e25-e6f39f25e195@group-0180A3FD025F-SegmentedRaftLogWorker for RaftStorage:Storage Directory /workdir/hadoop-ozone/integration-test/target/test-dir/MiniOzoneClusterImpl-cbf2fb49-9796-4388-8e34-31192cee1719/datanode-3/data/ratis/8923fd70-b3d7-4b65-a00f-0180a3fd025f
2019-09-07 05:40:57,340 [pool-393-thread-1] INFO  server.RaftServerConfigKeys (ConfUtils.java:logGet(43)) - raft.server.log.statemachine.data.sync.timeout = 10s (default)
2019-09-07 05:40:57,340 [pool-423-thread-1] INFO  segmented.SegmentedRaftLogWorker (SegmentedRaftLogWorker.java:<init>(172)) - new ef2f7667-7980-42d6-a69e-bebf92f3302c@group-0180A3FD025F-SegmentedRaftLogWorker for RaftStorage:Storage Directory /workdir/hadoop-ozone/integration-test/target/test-dir/MiniOzoneClusterImpl-cbf2fb49-9796-4388-8e34-31192cee1719/datanode-4/data/ratis/8923fd70-b3d7-4b65-a00f-0180a3fd025f
2019-09-07 05:40:57,340 [pool-393-thread-1] INFO  server.RaftServerConfigKeys (ConfUtils.java:logGet(43)) - raft.server.log.statemachine.data.sync.timeout.retry = -1 (default)
2019-09-07 05:40:57,340 [pool-413-thread-1] INFO  server.RaftServerConfigKeys (ConfUtils.java:logGet(43)) - raft.server.log.queue.byte-limit = 2147483647 (custom)
2019-09-07 05:40:57,340 [pool-393-thread-1] INFO  server.RaftServerConfigKeys (ConfUtils.java:logGet(43)) - raft.server.log.statemachine.data.caching.enabled = true (custom)
2019-09-07 05:40:57,340 [pool-423-thread-1] INFO  server.RaftServerConfigKeys (ConfUtils.java:logGet(43)) - raft.server.log.queue.byte-limit = 2147483647 (custom)
2019-09-07 05:40:57,341 [pool-413-thread-1] INFO  server.RaftServerConfigKeys (ConfUtils.java:logGet(43)) - raft.server.log.queue.element-limit = 1024 (custom)
2019-09-07 05:40:57,341 [pool-393-thread-1] INFO  segmented.SegmentedRaftLogWorker (SegmentedRaftLogWorker.java:lambda$new$0(132)) - 128f9cd9-1ce0-4189-9a97-bb171bd7dc5e@group-0180A3FD025F-SegmentedRaftLogWorker: flushIndex: setUnconditionally 0 -> -1
2019-09-07 05:40:57,341 [pool-423-thread-1] INFO  server.RaftServerConfigKeys (ConfUtils.java:logGet(43)) - raft.server.log.queue.element-limit = 1024 (custom)
2019-09-07 05:40:57,341 [pool-413-thread-1] INFO  server.RaftServerConfigKeys (ConfUtils.java:logGet(43)) - raft.server.log.segment.size.max = 1048576 (custom)
2019-09-07 05:40:57,341 [pool-423-thread-1] INFO  server.RaftServerConfigKeys (ConfUtils.java:logGet(43)) - raft.server.log.segment.size.max = 1048576 (custom)
2019-09-07 05:40:57,341 [pool-393-thread-1] INFO  server.RaftServerConfigKeys (ConfUtils.java:logGet(43)) - raft.server.snapshot.auto.trigger.enabled = true (custom)
2019-09-07 05:40:57,341 [pool-423-thread-1] INFO  server.RaftServerConfigKeys (ConfUtils.java:logGet(43)) - raft.server.log.preallocated.size = 16384 (custom)
2019-09-07 05:40:57,341 [pool-413-thread-1] INFO  server.RaftServerConfigKeys (ConfUtils.java:logGet(43)) - raft.server.log.preallocated.size = 16384 (custom)
2019-09-07 05:40:57,341 [pool-423-thread-1] INFO  server.RaftServerConfigKeys (ConfUtils.java:logGet(43)) - raft.server.log.write.buffer.size = 33554432 (custom)
2019-09-07 05:40:57,341 [pool-393-thread-1] INFO  server.RaftServerConfigKeys (ConfUtils.java:logGet(43)) - raft.server.snapshot.auto.trigger.threshold = 10000 (custom)
2019-09-07 05:40:57,342 [pool-423-thread-1] INFO  server.RaftServerConfigKeys (ConfUtils.java:logGet(43)) - raft.server.log.force.sync.num = 128 (default)
2019-09-07 05:40:57,341 [pool-413-thread-1] INFO  server.RaftServerConfigKeys (ConfUtils.java:logGet(43)) - raft.server.log.write.buffer.size = 33554432 (custom)
2019-09-07 05:40:57,342 [pool-423-thread-1] INFO  server.RaftServerConfigKeys (ConfUtils.java:logGet(43)) - raft.server.log.statemachine.data.sync = true (default)
2019-09-07 05:40:57,342 [pool-393-thread-1] INFO  server.RaftServerConfigKeys (ConfUtils.java:logGet(43)) - raft.server.snapshot.retention.num.files = -1 (default)
2019-09-07 05:40:57,342 [pool-423-thread-1] INFO  server.RaftServerConfigKeys (ConfUtils.java:logGet(43)) - raft.server.log.statemachine.data.sync.timeout = 10s (default)
2019-09-07 05:40:57,342 [pool-413-thread-1] INFO  server.RaftServerConfigKeys (ConfUtils.java:logGet(43)) - raft.server.log.force.sync.num = 128 (default)
2019-09-07 05:40:57,342 [pool-423-thread-1] INFO  server.RaftServerConfigKeys (ConfUtils.java:logGet(43)) - raft.server.log.statemachine.data.sync.timeout.retry = -1 (default)
2019-09-07 05:40:57,342 [pool-393-thread-1] INFO  server.RaftServerConfigKeys (ConfUtils.java:logGet(43)) - raft.server.retrycache.expirytime = 600000ms (custom)
2019-09-07 05:40:57,342 [pool-423-thread-1] INFO  server.RaftServerConfigKeys (ConfUtils.java:logGet(43)) - raft.server.log.statemachine.data.caching.enabled = true (custom)
2019-09-07 05:40:57,342 [pool-413-thread-1] INFO  server.RaftServerConfigKeys (ConfUtils.java:logGet(43)) - raft.server.log.statemachine.data.sync = true (default)
2019-09-07 05:40:57,342 [pool-413-thread-1] INFO  server.RaftServerConfigKeys (ConfUtils.java:logGet(43)) - raft.server.log.statemachine.data.sync.timeout = 10s (default)
2019-09-07 05:40:57,343 [pool-423-thread-1] INFO  segmented.SegmentedRaftLogWorker (SegmentedRaftLogWorker.java:lambda$new$0(132)) - ef2f7667-7980-42d6-a69e-bebf92f3302c@group-0180A3FD025F-SegmentedRaftLogWorker: flushIndex: setUnconditionally 0 -> -1
2019-09-07 05:40:57,343 [pool-413-thread-1] INFO  server.RaftServerConfigKeys (ConfUtils.java:logGet(43)) - raft.server.log.statemachine.data.sync.timeout.retry = -1 (default)
2019-09-07 05:40:57,343 [pool-423-thread-1] INFO  server.RaftServerConfigKeys (ConfUtils.java:logGet(43)) - raft.server.snapshot.auto.trigger.enabled = true (custom)
2019-09-07 05:40:57,343 [pool-413-thread-1] INFO  server.RaftServerConfigKeys (ConfUtils.java:logGet(43)) - raft.server.log.statemachine.data.caching.enabled = true (custom)
2019-09-07 05:40:57,343 [pool-423-thread-1] INFO  server.RaftServerConfigKeys (ConfUtils.java:logGet(43)) - raft.server.snapshot.auto.trigger.threshold = 10000 (custom)
2019-09-07 05:40:57,343 [pool-423-thread-1] INFO  server.RaftServerConfigKeys (ConfUtils.java:logGet(43)) - raft.server.snapshot.retention.num.files = -1 (default)
2019-09-07 05:40:57,343 [pool-413-thread-1] INFO  segmented.SegmentedRaftLogWorker (SegmentedRaftLogWorker.java:lambda$new$0(132)) - 9421659c-ce2f-43f5-9e25-e6f39f25e195@group-0180A3FD025F-SegmentedRaftLogWorker: flushIndex: setUnconditionally 0 -> -1
2019-09-07 05:40:57,343 [pool-423-thread-1] INFO  server.RaftServerConfigKeys (ConfUtils.java:logGet(43)) - raft.server.retrycache.expirytime = 600000ms (custom)
2019-09-07 05:40:57,343 [pool-413-thread-1] INFO  server.RaftServerConfigKeys (ConfUtils.java:logGet(43)) - raft.server.snapshot.auto.trigger.enabled = true (custom)
2019-09-07 05:40:57,343 [pool-413-thread-1] INFO  server.RaftServerConfigKeys (ConfUtils.java:logGet(43)) - raft.server.snapshot.auto.trigger.threshold = 10000 (custom)
2019-09-07 05:40:57,344 [pool-413-thread-1] INFO  server.RaftServerConfigKeys (ConfUtils.java:logGet(43)) - raft.server.snapshot.retention.num.files = -1 (default)
2019-09-07 05:40:57,344 [pool-393-thread-1] INFO  impl.RaftServerImpl (RaftServerImpl.java:start(185)) - 128f9cd9-1ce0-4189-9a97-bb171bd7dc5e@group-0180A3FD025F: start as a follower, conf=-1: [9421659c-ce2f-43f5-9e25-e6f39f25e195:192.168.36.105:40709, 128f9cd9-1ce0-4189-9a97-bb171bd7dc5e:192.168.36.105:36471, ef2f7667-7980-42d6-a69e-bebf92f3302c:192.168.36.105:43000], old=null
2019-09-07 05:40:57,344 [pool-413-thread-1] INFO  server.RaftServerConfigKeys (ConfUtils.java:logGet(43)) - raft.server.retrycache.expirytime = 600000ms (custom)
2019-09-07 05:40:57,344 [pool-393-thread-1] INFO  impl.RaftServerImpl (RaftServerImpl.java:setRole(174)) - 128f9cd9-1ce0-4189-9a97-bb171bd7dc5e@group-0180A3FD025F: changes role from      null to FOLLOWER at term 0 for startAsFollower
2019-09-07 05:40:57,344 [pool-393-thread-1] INFO  impl.RoleInfo (RoleInfo.java:updateAndGet(143)) - 128f9cd9-1ce0-4189-9a97-bb171bd7dc5e: start FollowerState
2019-09-07 05:40:57,344 [pool-393-thread-1] INFO  util.JmxRegister (JmxRegister.java:tryRegister(44)) - Successfully registered JMX Bean with object name Ratis:service=RaftServer,group=group-0180A3FD025F,id=128f9cd9-1ce0-4189-9a97-bb171bd7dc5e
2019-09-07 05:40:57,348 [pool-423-thread-1] INFO  impl.RaftServerImpl (RaftServerImpl.java:start(185)) - ef2f7667-7980-42d6-a69e-bebf92f3302c@group-0180A3FD025F: start as a follower, conf=-1: [9421659c-ce2f-43f5-9e25-e6f39f25e195:192.168.36.105:40709, 128f9cd9-1ce0-4189-9a97-bb171bd7dc5e:192.168.36.105:36471, ef2f7667-7980-42d6-a69e-bebf92f3302c:192.168.36.105:43000], old=null
2019-09-07 05:40:57,348 [pool-423-thread-1] INFO  impl.RaftServerImpl (RaftServerImpl.java:setRole(174)) - ef2f7667-7980-42d6-a69e-bebf92f3302c@group-0180A3FD025F: changes role from      null to FOLLOWER at term 0 for startAsFollower
2019-09-07 05:40:57,348 [pool-413-thread-1] INFO  impl.RaftServerImpl (RaftServerImpl.java:start(185)) - 9421659c-ce2f-43f5-9e25-e6f39f25e195@group-0180A3FD025F: start as a follower, conf=-1: [9421659c-ce2f-43f5-9e25-e6f39f25e195:192.168.36.105:40709, 128f9cd9-1ce0-4189-9a97-bb171bd7dc5e:192.168.36.105:36471, ef2f7667-7980-42d6-a69e-bebf92f3302c:192.168.36.105:43000], old=null
2019-09-07 05:40:57,348 [pool-423-thread-1] INFO  impl.RoleInfo (RoleInfo.java:updateAndGet(143)) - ef2f7667-7980-42d6-a69e-bebf92f3302c: start FollowerState
2019-09-07 05:40:57,348 [pool-413-thread-1] INFO  impl.RaftServerImpl (RaftServerImpl.java:setRole(174)) - 9421659c-ce2f-43f5-9e25-e6f39f25e195@group-0180A3FD025F: changes role from      null to FOLLOWER at term 0 for startAsFollower
2019-09-07 05:40:57,348 [pool-413-thread-1] INFO  impl.RoleInfo (RoleInfo.java:updateAndGet(143)) - 9421659c-ce2f-43f5-9e25-e6f39f25e195: start FollowerState
2019-09-07 05:40:57,348 [pool-423-thread-1] INFO  util.JmxRegister (JmxRegister.java:tryRegister(44)) - Successfully registered JMX Bean with object name Ratis:service=RaftServer,group=group-0180A3FD025F,id=ef2f7667-7980-42d6-a69e-bebf92f3302c
2019-09-07 05:40:57,349 [pool-413-thread-1] INFO  util.JmxRegister (JmxRegister.java:tryRegister(44)) - Successfully registered JMX Bean with object name Ratis:service=RaftServer,group=group-0180A3FD025F,id=9421659c-ce2f-43f5-9e25-e6f39f25e195
2019-09-07 05:40:57,354 [RatisPipelineUtilsThread] INFO  pipeline.PipelineStateManager (PipelineStateManager.java:addPipeline(56)) - Created pipeline Pipeline[ Id: 8923fd70-b3d7-4b65-a00f-0180a3fd025f, Nodes: ef2f7667-7980-42d6-a69e-bebf92f3302c{ip: 192.168.36.105, host: trunk-nightly-20190907-l8mkd-3410636087, networkLocation: /default-rack, certSerialId: null}9421659c-ce2f-43f5-9e25-e6f39f25e195{ip: 192.168.36.105, host: trunk-nightly-20190907-l8mkd-3410636087, networkLocation: /default-rack, certSerialId: null}128f9cd9-1ce0-4189-9a97-bb171bd7dc5e{ip: 192.168.36.105, host: trunk-nightly-20190907-l8mkd-3410636087, networkLocation: /default-rack, certSerialId: null}, Type:RATIS, Factor:THREE, State:OPEN]
2019-09-07 05:40:57,358 [main] INFO  ozone.MiniOzoneClusterImpl (MiniOzoneClusterImpl.java:lambda$waitForClusterToBeReady$0(140)) - Waiting for cluster to be ready. Got 6 of 7 DN Heartbeats.
2019-09-07 05:40:57,358 [IPC Server handler 7 on 44773] INFO  net.NetworkTopology (NetworkTopologyImpl.java:add(110)) - Added a new node: /default-rack/c7e58609-db72-4f93-9745-0b8c1d648e44
2019-09-07 05:40:57,360 [IPC Server handler 7 on 44773] INFO  node.SCMNodeManager (SCMNodeManager.java:register(266)) - Registered Data node : c7e58609-db72-4f93-9745-0b8c1d648e44{ip: 192.168.36.105, host: trunk-nightly-20190907-l8mkd-3410636087, networkLocation: /default-rack, certSerialId: null}
2019-09-07 05:40:57,363 [grpc-default-executor-9] INFO  impl.RaftServerProxy (RaftServerProxy.java:addNew(89)) - 5ce9e101-a3eb-4631-b6de-3e40cc925b1f: addNew group-A0CA0180B9D0:[254673df-2edd-4980-9522-b0d4e3ed8927:192.168.36.105:41677, 5ce9e101-a3eb-4631-b6de-3e40cc925b1f:192.168.36.105:36028, a2a45bd7-a5e0-4340-8f54-18154636035d:192.168.36.105:36813] returns group-A0CA0180B9D0:java.util.concurrent.CompletableFuture@4dd9e67b[Not completed]
2019-09-07 05:40:57,363 [grpc-default-executor-8] INFO  impl.RaftServerProxy (RaftServerProxy.java:addNew(89)) - a2a45bd7-a5e0-4340-8f54-18154636035d: addNew group-A0CA0180B9D0:[254673df-2edd-4980-9522-b0d4e3ed8927:192.168.36.105:41677, 5ce9e101-a3eb-4631-b6de-3e40cc925b1f:192.168.36.105:36028, a2a45bd7-a5e0-4340-8f54-18154636035d:192.168.36.105:36813] returns group-A0CA0180B9D0:java.util.concurrent.CompletableFuture@410bd488[Not completed]
2019-09-07 05:40:57,363 [grpc-default-executor-5] INFO  impl.RaftServerProxy (RaftServerProxy.java:addNew(89)) - 254673df-2edd-4980-9522-b0d4e3ed8927: addNew group-A0CA0180B9D0:[254673df-2edd-4980-9522-b0d4e3ed8927:192.168.36.105:41677, 5ce9e101-a3eb-4631-b6de-3e40cc925b1f:192.168.36.105:36028, a2a45bd7-a5e0-4340-8f54-18154636035d:192.168.36.105:36813] returns group-A0CA0180B9D0:java.util.concurrent.CompletableFuture@10d8c70b[Not completed]
2019-09-07 05:40:57,364 [pool-403-thread-1] INFO  impl.RaftServerImpl (RaftServerImpl.java:<init>(95)) - a2a45bd7-a5e0-4340-8f54-18154636035d: new RaftServerImpl for group-A0CA0180B9D0:[254673df-2edd-4980-9522-b0d4e3ed8927:192.168.36.105:41677, 5ce9e101-a3eb-4631-b6de-3e40cc925b1f:192.168.36.105:36028, a2a45bd7-a5e0-4340-8f54-18154636035d:192.168.36.105:36813] with ContainerStateMachine:uninitialized
2019-09-07 05:40:57,364 [pool-403-thread-1] INFO  server.RaftServerConfigKeys (ConfUtils.java:logGet(43)) - raft.server.rpc.timeout.min = 5s (custom)
2019-09-07 05:40:57,364 [pool-403-thread-1] INFO  server.RaftServerConfigKeys (ConfUtils.java:logGet(43)) - raft.server.rpc.timeout.max = 5200ms (custom)
2019-09-07 05:40:57,364 [pool-403-thread-1] INFO  server.RaftServerConfigKeys (ConfUtils.java:logGet(43)) - raft.server.rpcslowness.timeout = 120s (custom)
2019-09-07 05:40:57,364 [pool-403-thread-1] INFO  server.RaftServerConfigKeys (ConfUtils.java:logGet(43)) - raft.server.sleep.deviation.threshold = 300 (default)
2019-09-07 05:40:57,365 [pool-403-thread-1] INFO  server.RaftServerConfigKeys (ConfUtils.java:logGet(43)) - raft.server.log.appender.install.snapshot.enabled = false (custom)
2019-09-07 05:40:57,365 [pool-383-thread-1] INFO  impl.RaftServerImpl (RaftServerImpl.java:<init>(95)) - 254673df-2edd-4980-9522-b0d4e3ed8927: new RaftServerImpl for group-A0CA0180B9D0:[254673df-2edd-4980-9522-b0d4e3ed8927:192.168.36.105:41677, 5ce9e101-a3eb-4631-b6de-3e40cc925b1f:192.168.36.105:36028, a2a45bd7-a5e0-4340-8f54-18154636035d:192.168.36.105:36813] with ContainerStateMachine:uninitialized
2019-09-07 05:40:57,365 [pool-403-thread-1] INFO  impl.RaftServerImpl (ServerState.java:<init>(103)) - a2a45bd7-a5e0-4340-8f54-18154636035d@group-A0CA0180B9D0: ConfigurationManager, init=-1: [254673df-2edd-4980-9522-b0d4e3ed8927:192.168.36.105:41677, 5ce9e101-a3eb-4631-b6de-3e40cc925b1f:192.168.36.105:36028, a2a45bd7-a5e0-4340-8f54-18154636035d:192.168.36.105:36813], old=null, confs=<EMPTY_MAP>
2019-09-07 05:40:57,365 [pool-383-thread-1] INFO  server.RaftServerConfigKeys (ConfUtils.java:logGet(43)) - raft.server.rpc.timeout.min = 5s (custom)
2019-09-07 05:40:57,365 [pool-403-thread-1] INFO  server.RaftServerConfigKeys (ConfUtils.java:logGet(43)) - raft.server.storage.dir = [/workdir/hadoop-ozone/integration-test/target/test-dir/MiniOzoneClusterImpl-cbf2fb49-9796-4388-8e34-31192cee1719/datanode-2/data/ratis] (custom)
2019-09-07 05:40:57,365 [pool-383-thread-1] INFO  server.RaftServerConfigKeys (ConfUtils.java:logGet(43)) - raft.server.rpc.timeout.max = 5200ms (custom)
2019-09-07 05:40:57,365 [pool-383-thread-1] INFO  server.RaftServerConfigKeys (ConfUtils.java:logGet(43)) - raft.server.rpcslowness.timeout = 120s (custom)
2019-09-07 05:40:57,365 [pool-433-thread-1] INFO  impl.RaftServerImpl (RaftServerImpl.java:<init>(95)) - 5ce9e101-a3eb-4631-b6de-3e40cc925b1f: new RaftServerImpl for group-A0CA0180B9D0:[254673df-2edd-4980-9522-b0d4e3ed8927:192.168.36.105:41677, 5ce9e101-a3eb-4631-b6de-3e40cc925b1f:192.168.36.105:36028, a2a45bd7-a5e0-4340-8f54-18154636035d:192.168.36.105:36813] with ContainerStateMachine:uninitialized
2019-09-07 05:40:57,365 [pool-383-thread-1] INFO  server.RaftServerConfigKeys (ConfUtils.java:logGet(43)) - raft.server.sleep.deviation.threshold = 300 (default)
2019-09-07 05:40:57,365 [pool-403-thread-1] INFO  storage.RaftStorageDirectory (RaftStorageDirectory.java:analyzeStorage(246)) - The storage directory /workdir/hadoop-ozone/integration-test/target/test-dir/MiniOzoneClusterImpl-cbf2fb49-9796-4388-8e34-31192cee1719/datanode-2/data/ratis/bf2404e7-a660-46ac-95dd-a0ca0180b9d0 does not exist. Creating ...
2019-09-07 05:40:57,365 [pool-383-thread-1] INFO  server.RaftServerConfigKeys (ConfUtils.java:logGet(43)) - raft.server.log.appender.install.snapshot.enabled = false (custom)
2019-09-07 05:40:57,365 [pool-433-thread-1] INFO  server.RaftServerConfigKeys (ConfUtils.java:logGet(43)) - raft.server.rpc.timeout.min = 5s (custom)
2019-09-07 05:40:57,366 [pool-383-thread-1] INFO  impl.RaftServerImpl (ServerState.java:<init>(103)) - 254673df-2edd-4980-9522-b0d4e3ed8927@group-A0CA0180B9D0: ConfigurationManager, init=-1: [254673df-2edd-4980-9522-b0d4e3ed8927:192.168.36.105:41677, 5ce9e101-a3eb-4631-b6de-3e40cc925b1f:192.168.36.105:36028, a2a45bd7-a5e0-4340-8f54-18154636035d:192.168.36.105:36813], old=null, confs=<EMPTY_MAP>
2019-09-07 05:40:57,366 [pool-433-thread-1] INFO  server.RaftServerConfigKeys (ConfUtils.java:logGet(43)) - raft.server.rpc.timeout.max = 5200ms (custom)
2019-09-07 05:40:57,366 [pool-383-thread-1] INFO  server.RaftServerConfigKeys (ConfUtils.java:logGet(43)) - raft.server.storage.dir = [/workdir/hadoop-ozone/integration-test/target/test-dir/MiniOzoneClusterImpl-cbf2fb49-9796-4388-8e34-31192cee1719/datanode-0/data/ratis] (custom)
2019-09-07 05:40:57,366 [pool-433-thread-1] INFO  server.RaftServerConfigKeys (ConfUtils.java:logGet(43)) - raft.server.rpcslowness.timeout = 120s (custom)
2019-09-07 05:40:57,366 [pool-433-thread-1] INFO  server.RaftServerConfigKeys (ConfUtils.java:logGet(43)) - raft.server.sleep.deviation.threshold = 300 (default)
2019-09-07 05:40:57,366 [pool-383-thread-1] INFO  storage.RaftStorageDirectory (RaftStorageDirectory.java:analyzeStorage(246)) - The storage directory /workdir/hadoop-ozone/integration-test/target/test-dir/MiniOzoneClusterImpl-cbf2fb49-9796-4388-8e34-31192cee1719/datanode-0/data/ratis/bf2404e7-a660-46ac-95dd-a0ca0180b9d0 does not exist. Creating ...
2019-09-07 05:40:57,366 [pool-433-thread-1] INFO  server.RaftServerConfigKeys (ConfUtils.java:logGet(43)) - raft.server.log.appender.install.snapshot.enabled = false (custom)
2019-09-07 05:40:57,366 [pool-433-thread-1] INFO  impl.RaftServerImpl (ServerState.java:<init>(103)) - 5ce9e101-a3eb-4631-b6de-3e40cc925b1f@group-A0CA0180B9D0: ConfigurationManager, init=-1: [254673df-2edd-4980-9522-b0d4e3ed8927:192.168.36.105:41677, 5ce9e101-a3eb-4631-b6de-3e40cc925b1f:192.168.36.105:36028, a2a45bd7-a5e0-4340-8f54-18154636035d:192.168.36.105:36813], old=null, confs=<EMPTY_MAP>
2019-09-07 05:40:57,367 [pool-433-thread-1] INFO  server.RaftServerConfigKeys (ConfUtils.java:logGet(43)) - raft.server.storage.dir = [/workdir/hadoop-ozone/integration-test/target/test-dir/MiniOzoneClusterImpl-cbf2fb49-9796-4388-8e34-31192cee1719/datanode-5/data/ratis] (custom)
2019-09-07 05:40:57,367 [pool-433-thread-1] INFO  storage.RaftStorageDirectory (RaftStorageDirectory.java:analyzeStorage(246)) - The storage directory /workdir/hadoop-ozone/integration-test/target/test-dir/MiniOzoneClusterImpl-cbf2fb49-9796-4388-8e34-31192cee1719/datanode-5/data/ratis/bf2404e7-a660-46ac-95dd-a0ca0180b9d0 does not exist. Creating ...
2019-09-07 05:40:57,379 [pool-433-thread-1] INFO  storage.RaftStorageDirectory (RaftStorageDirectory.java:tryLock(328)) - Lock on /workdir/hadoop-ozone/integration-test/target/test-dir/MiniOzoneClusterImpl-cbf2fb49-9796-4388-8e34-31192cee1719/datanode-5/data/ratis/bf2404e7-a660-46ac-95dd-a0ca0180b9d0/in_use.lock acquired by nodename 2839@trunk-nightly-20190907-l8mkd-3410636087
2019-09-07 05:40:57,379 [pool-383-thread-1] INFO  storage.RaftStorageDirectory (RaftStorageDirectory.java:tryLock(328)) - Lock on /workdir/hadoop-ozone/integration-test/target/test-dir/MiniOzoneClusterImpl-cbf2fb49-9796-4388-8e34-31192cee1719/datanode-0/data/ratis/bf2404e7-a660-46ac-95dd-a0ca0180b9d0/in_use.lock acquired by nodename 2839@trunk-nightly-20190907-l8mkd-3410636087
2019-09-07 05:40:57,379 [pool-403-thread-1] INFO  storage.RaftStorageDirectory (RaftStorageDirectory.java:tryLock(328)) - Lock on /workdir/hadoop-ozone/integration-test/target/test-dir/MiniOzoneClusterImpl-cbf2fb49-9796-4388-8e34-31192cee1719/datanode-2/data/ratis/bf2404e7-a660-46ac-95dd-a0ca0180b9d0/in_use.lock acquired by nodename 2839@trunk-nightly-20190907-l8mkd-3410636087
2019-09-07 05:40:57,392 [pool-403-thread-1] INFO  storage.RaftStorage (RaftStorage.java:format(72)) - Storage directory /workdir/hadoop-ozone/integration-test/target/test-dir/MiniOzoneClusterImpl-cbf2fb49-9796-4388-8e34-31192cee1719/datanode-2/data/ratis/bf2404e7-a660-46ac-95dd-a0ca0180b9d0 has been successfully formatted.
2019-09-07 05:40:57,392 [pool-383-thread-1] INFO  storage.RaftStorage (RaftStorage.java:format(72)) - Storage directory /workdir/hadoop-ozone/integration-test/target/test-dir/MiniOzoneClusterImpl-cbf2fb49-9796-4388-8e34-31192cee1719/datanode-0/data/ratis/bf2404e7-a660-46ac-95dd-a0ca0180b9d0 has been successfully formatted.
2019-09-07 05:40:57,392 [pool-433-thread-1] INFO  storage.RaftStorage (RaftStorage.java:format(72)) - Storage directory /workdir/hadoop-ozone/integration-test/target/test-dir/MiniOzoneClusterImpl-cbf2fb49-9796-4388-8e34-31192cee1719/datanode-5/data/ratis/bf2404e7-a660-46ac-95dd-a0ca0180b9d0 has been successfully formatted.
2019-09-07 05:40:57,392 [pool-403-thread-1] INFO  ratis.ContainerStateMachine (ContainerStateMachine.java:loadSnapshot(232)) - group-A0CA0180B9D0: The snapshot info is null. Setting the last applied indexto:(t:0, i:~)
2019-09-07 05:40:57,393 [pool-433-thread-1] INFO  ratis.ContainerStateMachine (ContainerStateMachine.java:loadSnapshot(232)) - group-A0CA0180B9D0: The snapshot info is null. Setting the last applied indexto:(t:0, i:~)
2019-09-07 05:40:57,392 [pool-383-thread-1] INFO  ratis.ContainerStateMachine (ContainerStateMachine.java:loadSnapshot(232)) - group-A0CA0180B9D0: The snapshot info is null. Setting the last applied indexto:(t:0, i:~)
2019-09-07 05:40:57,393 [pool-433-thread-1] INFO  server.RaftServerConfigKeys (ConfUtils.java:logGet(43)) - raft.server.notification.no-leader.timeout = 120s (custom)
2019-09-07 05:40:57,393 [pool-403-thread-1] INFO  server.RaftServerConfigKeys (ConfUtils.java:logGet(43)) - raft.server.notification.no-leader.timeout = 120s (custom)
2019-09-07 05:40:57,393 [pool-433-thread-1] INFO  server.RaftServerConfigKeys (ConfUtils.java:logGet(43)) - raft.server.log.use.memory = false (default)
2019-09-07 05:40:57,393 [pool-383-thread-1] INFO  server.RaftServerConfigKeys (ConfUtils.java:logGet(43)) - raft.server.notification.no-leader.timeout = 120s (custom)
2019-09-07 05:40:57,393 [pool-433-thread-1] INFO  server.RaftServerConfigKeys (ConfUtils.java:logGet(43)) - raft.server.log.purge.gap = 1000000 (custom)
2019-09-07 05:40:57,393 [pool-403-thread-1] INFO  server.RaftServerConfigKeys (ConfUtils.java:logGet(43)) - raft.server.log.use.memory = false (default)
2019-09-07 05:40:57,393 [pool-433-thread-1] INFO  server.RaftServerConfigKeys (ConfUtils.java:logGet(43)) - raft.server.log.appender.buffer.byte-limit = 33554432 (custom)
2019-09-07 05:40:57,393 [pool-383-thread-1] INFO  server.RaftServerConfigKeys (ConfUtils.java:logGet(43)) - raft.server.log.use.memory = false (default)
2019-09-07 05:40:57,393 [pool-433-thread-1] INFO  server.RaftServerConfigKeys (ConfUtils.java:logGet(43)) - raft.server.log.segment.size.max = 1048576 (custom)
2019-09-07 05:40:57,393 [pool-403-thread-1] INFO  server.RaftServerConfigKeys (ConfUtils.java:logGet(43)) - raft.server.log.purge.gap = 1000000 (custom)
2019-09-07 05:40:57,393 [pool-433-thread-1] INFO  server.RaftServerConfigKeys (ConfUtils.java:logGet(43)) - raft.server.log.segment.cache.num.max = 2 (custom)
2019-09-07 05:40:57,393 [pool-383-thread-1] INFO  server.RaftServerConfigKeys (ConfUtils.java:logGet(43)) - raft.server.log.purge.gap = 1000000 (custom)
2019-09-07 05:40:57,394 [pool-433-thread-1] INFO  segmented.SegmentedRaftLogWorker (SegmentedRaftLogWorker.java:<init>(172)) - new 5ce9e101-a3eb-4631-b6de-3e40cc925b1f@group-A0CA0180B9D0-SegmentedRaftLogWorker for RaftStorage:Storage Directory /workdir/hadoop-ozone/integration-test/target/test-dir/MiniOzoneClusterImpl-cbf2fb49-9796-4388-8e34-31192cee1719/datanode-5/data/ratis/bf2404e7-a660-46ac-95dd-a0ca0180b9d0
2019-09-07 05:40:57,394 [pool-403-thread-1] INFO  server.RaftServerConfigKeys (ConfUtils.java:logGet(43)) - raft.server.log.appender.buffer.byte-limit = 33554432 (custom)
2019-09-07 05:40:57,394 [pool-383-thread-1] INFO  server.RaftServerConfigKeys (ConfUtils.java:logGet(43)) - raft.server.log.appender.buffer.byte-limit = 33554432 (custom)
2019-09-07 05:40:57,394 [pool-403-thread-1] INFO  server.RaftServerConfigKeys (ConfUtils.java:logGet(43)) - raft.server.log.segment.size.max = 1048576 (custom)
2019-09-07 05:40:57,394 [pool-383-thread-1] INFO  server.RaftServerConfigKeys (ConfUtils.java:logGet(43)) - raft.server.log.segment.size.max = 1048576 (custom)
2019-09-07 05:40:57,394 [pool-403-thread-1] INFO  server.RaftServerConfigKeys (ConfUtils.java:logGet(43)) - raft.server.log.segment.cache.num.max = 2 (custom)
2019-09-07 05:40:57,394 [pool-383-thread-1] INFO  server.RaftServerConfigKeys (ConfUtils.java:logGet(43)) - raft.server.log.segment.cache.num.max = 2 (custom)
2019-09-07 05:40:57,394 [pool-403-thread-1] INFO  segmented.SegmentedRaftLogWorker (SegmentedRaftLogWorker.java:<init>(172)) - new a2a45bd7-a5e0-4340-8f54-18154636035d@group-A0CA0180B9D0-SegmentedRaftLogWorker for RaftStorage:Storage Directory /workdir/hadoop-ozone/integration-test/target/test-dir/MiniOzoneClusterImpl-cbf2fb49-9796-4388-8e34-31192cee1719/datanode-2/data/ratis/bf2404e7-a660-46ac-95dd-a0ca0180b9d0
2019-09-07 05:40:57,394 [pool-383-thread-1] INFO  segmented.SegmentedRaftLogWorker (SegmentedRaftLogWorker.java:<init>(172)) - new 254673df-2edd-4980-9522-b0d4e3ed8927@group-A0CA0180B9D0-SegmentedRaftLogWorker for RaftStorage:Storage Directory /workdir/hadoop-ozone/integration-test/target/test-dir/MiniOzoneClusterImpl-cbf2fb49-9796-4388-8e34-31192cee1719/datanode-0/data/ratis/bf2404e7-a660-46ac-95dd-a0ca0180b9d0
2019-09-07 05:40:57,395 [pool-403-thread-1] INFO  server.RaftServerConfigKeys (ConfUtils.java:logGet(43)) - raft.server.log.queue.byte-limit = 2147483647 (custom)
2019-09-07 05:40:57,395 [pool-383-thread-1] INFO  server.RaftServerConfigKeys (ConfUtils.java:logGet(43)) - raft.server.log.queue.byte-limit = 2147483647 (custom)
2019-09-07 05:40:57,395 [pool-403-thread-1] INFO  server.RaftServerConfigKeys (ConfUtils.java:logGet(43)) - raft.server.log.queue.element-limit = 1024 (custom)
2019-09-07 05:40:57,395 [pool-433-thread-1] INFO  server.RaftServerConfigKeys (ConfUtils.java:logGet(43)) - raft.server.log.queue.byte-limit = 2147483647 (custom)
2019-09-07 05:40:57,395 [pool-383-thread-1] INFO  server.RaftServerConfigKeys (ConfUtils.java:logGet(43)) - raft.server.log.queue.element-limit = 1024 (custom)
2019-09-07 05:40:57,395 [pool-433-thread-1] INFO  server.RaftServerConfigKeys (ConfUtils.java:logGet(43)) - raft.server.log.queue.element-limit = 1024 (custom)
2019-09-07 05:40:57,395 [pool-403-thread-1] INFO  server.RaftServerConfigKeys (ConfUtils.java:logGet(43)) - raft.server.log.segment.size.max = 1048576 (custom)
2019-09-07 05:40:57,395 [pool-433-thread-1] INFO  server.RaftServerConfigKeys (ConfUtils.java:logGet(43)) - raft.server.log.segment.size.max = 1048576 (custom)
2019-09-07 05:40:57,395 [pool-383-thread-1] INFO  server.RaftServerConfigKeys (ConfUtils.java:logGet(43)) - raft.server.log.segment.size.max = 1048576 (custom)
2019-09-07 05:40:57,395 [pool-433-thread-1] INFO  server.RaftServerConfigKeys (ConfUtils.java:logGet(43)) - raft.server.log.preallocated.size = 16384 (custom)
2019-09-07 05:40:57,395 [pool-403-thread-1] INFO  server.RaftServerConfigKeys (ConfUtils.java:logGet(43)) - raft.server.log.preallocated.size = 16384 (custom)
2019-09-07 05:40:57,396 [pool-433-thread-1] INFO  server.RaftServerConfigKeys (ConfUtils.java:logGet(43)) - raft.server.log.write.buffer.size = 33554432 (custom)
2019-09-07 05:40:57,395 [pool-383-thread-1] INFO  server.RaftServerConfigKeys (ConfUtils.java:logGet(43)) - raft.server.log.preallocated.size = 16384 (custom)
2019-09-07 05:40:57,396 [pool-433-thread-1] INFO  server.RaftServerConfigKeys (ConfUtils.java:logGet(43)) - raft.server.log.force.sync.num = 128 (default)
2019-09-07 05:40:57,396 [pool-403-thread-1] INFO  server.RaftServerConfigKeys (ConfUtils.java:logGet(43)) - raft.server.log.write.buffer.size = 33554432 (custom)
2019-09-07 05:40:57,396 [pool-433-thread-1] INFO  server.RaftServerConfigKeys (ConfUtils.java:logGet(43)) - raft.server.log.statemachine.data.sync = true (default)
2019-09-07 05:40:57,396 [pool-383-thread-1] INFO  server.RaftServerConfigKeys (ConfUtils.java:logGet(43)) - raft.server.log.write.buffer.size = 33554432 (custom)
2019-09-07 05:40:57,396 [pool-433-thread-1] INFO  server.RaftServerConfigKeys (ConfUtils.java:logGet(43)) - raft.server.log.statemachine.data.sync.timeout = 10s (default)
2019-09-07 05:40:57,396 [pool-403-thread-1] INFO  server.RaftServerConfigKeys (ConfUtils.java:logGet(43)) - raft.server.log.force.sync.num = 128 (default)
2019-09-07 05:40:57,396 [pool-433-thread-1] INFO  server.RaftServerConfigKeys (ConfUtils.java:logGet(43)) - raft.server.log.statemachine.data.sync.timeout.retry = -1 (default)
2019-09-07 05:40:57,396 [pool-383-thread-1] INFO  server.RaftServerConfigKeys (ConfUtils.java:logGet(43)) - raft.server.log.force.sync.num = 128 (default)
2019-09-07 05:40:57,397 [pool-433-thread-1] INFO  server.RaftServerConfigKeys (ConfUtils.java:logGet(43)) - raft.server.log.statemachine.data.caching.enabled = true (custom)
2019-09-07 05:40:57,396 [pool-403-thread-1] INFO  server.RaftServerConfigKeys (ConfUtils.java:logGet(43)) - raft.server.log.statemachine.data.sync = true (default)
2019-09-07 05:40:57,397 [pool-383-thread-1] INFO  server.RaftServerConfigKeys (ConfUtils.java:logGet(43)) - raft.server.log.statemachine.data.sync = true (default)
2019-09-07 05:40:57,397 [pool-433-thread-1] INFO  segmented.SegmentedRaftLogWorker (SegmentedRaftLogWorker.java:lambda$new$0(132)) - 5ce9e101-a3eb-4631-b6de-3e40cc925b1f@group-A0CA0180B9D0-SegmentedRaftLogWorker: flushIndex: setUnconditionally 0 -> -1
2019-09-07 05:40:57,397 [pool-403-thread-1] INFO  server.RaftServerConfigKeys (ConfUtils.java:logGet(43)) - raft.server.log.statemachine.data.sync.timeout = 10s (default)
2019-09-07 05:40:57,397 [pool-383-thread-1] INFO  server.RaftServerConfigKeys (ConfUtils.java:logGet(43)) - raft.server.log.statemachine.data.sync.timeout = 10s (default)
2019-09-07 05:40:57,397 [pool-403-thread-1] INFO  server.RaftServerConfigKeys (ConfUtils.java:logGet(43)) - raft.server.log.statemachine.data.sync.timeout.retry = -1 (default)
2019-09-07 05:40:57,397 [pool-433-thread-1] INFO  server.RaftServerConfigKeys (ConfUtils.java:logGet(43)) - raft.server.snapshot.auto.trigger.enabled = true (custom)
2019-09-07 05:40:57,397 [pool-403-thread-1] INFO  server.RaftServerConfigKeys (ConfUtils.java:logGet(43)) - raft.server.log.statemachine.data.caching.enabled = true (custom)
2019-09-07 05:40:57,397 [pool-383-thread-1] INFO  server.RaftServerConfigKeys (ConfUtils.java:logGet(43)) - raft.server.log.statemachine.data.sync.timeout.retry = -1 (default)
2019-09-07 05:40:57,397 [pool-433-thread-1] INFO  server.RaftServerConfigKeys (ConfUtils.java:logGet(43)) - raft.server.snapshot.auto.trigger.threshold = 10000 (custom)
2019-09-07 05:40:57,397 [pool-403-thread-1] INFO  segmented.SegmentedRaftLogWorker (SegmentedRaftLogWorker.java:lambda$new$0(132)) - a2a45bd7-a5e0-4340-8f54-18154636035d@group-A0CA0180B9D0-SegmentedRaftLogWorker: flushIndex: setUnconditionally 0 -> -1
2019-09-07 05:40:57,397 [pool-383-thread-1] INFO  server.RaftServerConfigKeys (ConfUtils.java:logGet(43)) - raft.server.log.statemachine.data.caching.enabled = true (custom)
2019-09-07 05:40:57,397 [pool-433-thread-1] INFO  server.RaftServerConfigKeys (ConfUtils.java:logGet(43)) - raft.server.snapshot.retention.num.files = -1 (default)
2019-09-07 05:40:57,398 [pool-403-thread-1] INFO  server.RaftServerConfigKeys (ConfUtils.java:logGet(43)) - raft.server.snapshot.auto.trigger.enabled = true (custom)
2019-09-07 05:40:57,398 [pool-433-thread-1] INFO  server.RaftServerConfigKeys (ConfUtils.java:logGet(43)) - raft.server.retrycache.expirytime = 600000ms (custom)
2019-09-07 05:40:57,398 [pool-383-thread-1] INFO  segmented.SegmentedRaftLogWorker (SegmentedRaftLogWorker.java:lambda$new$0(132)) - 254673df-2edd-4980-9522-b0d4e3ed8927@group-A0CA0180B9D0-SegmentedRaftLogWorker: flushIndex: setUnconditionally 0 -> -1
2019-09-07 05:40:57,398 [pool-403-thread-1] INFO  server.RaftServerConfigKeys (ConfUtils.java:logGet(43)) - raft.server.snapshot.auto.trigger.threshold = 10000 (custom)
2019-09-07 05:40:57,398 [pool-403-thread-1] INFO  server.RaftServerConfigKeys (ConfUtils.java:logGet(43)) - raft.server.snapshot.retention.num.files = -1 (default)
2019-09-07 05:40:57,398 [pool-383-thread-1] INFO  server.RaftServerConfigKeys (ConfUtils.java:logGet(43)) - raft.server.snapshot.auto.trigger.enabled = true (custom)
2019-09-07 05:40:57,398 [pool-383-thread-1] INFO  server.RaftServerConfigKeys (ConfUtils.java:logGet(43)) - raft.server.snapshot.auto.trigger.threshold = 10000 (custom)
2019-09-07 05:40:57,398 [pool-403-thread-1] INFO  server.RaftServerConfigKeys (ConfUtils.java:logGet(43)) - raft.server.retrycache.expirytime = 600000ms (custom)
2019-09-07 05:40:57,398 [pool-383-thread-1] INFO  server.RaftServerConfigKeys (ConfUtils.java:logGet(43)) - raft.server.snapshot.retention.num.files = -1 (default)
2019-09-07 05:40:57,399 [pool-383-thread-1] INFO  server.RaftServerConfigKeys (ConfUtils.java:logGet(43)) - raft.server.retrycache.expirytime = 600000ms (custom)
2019-09-07 05:40:57,399 [pool-433-thread-1] INFO  impl.RaftServerImpl (RaftServerImpl.java:start(185)) - 5ce9e101-a3eb-4631-b6de-3e40cc925b1f@group-A0CA0180B9D0: start as a follower, conf=-1: [254673df-2edd-4980-9522-b0d4e3ed8927:192.168.36.105:41677, 5ce9e101-a3eb-4631-b6de-3e40cc925b1f:192.168.36.105:36028, a2a45bd7-a5e0-4340-8f54-18154636035d:192.168.36.105:36813], old=null
2019-09-07 05:40:57,399 [pool-433-thread-1] INFO  impl.RaftServerImpl (RaftServerImpl.java:setRole(174)) - 5ce9e101-a3eb-4631-b6de-3e40cc925b1f@group-A0CA0180B9D0: changes role from      null to FOLLOWER at term 0 for startAsFollower
2019-09-07 05:40:57,399 [pool-433-thread-1] INFO  impl.RoleInfo (RoleInfo.java:updateAndGet(143)) - 5ce9e101-a3eb-4631-b6de-3e40cc925b1f: start FollowerState
2019-09-07 05:40:57,400 [pool-433-thread-1] INFO  util.JmxRegister (JmxRegister.java:tryRegister(44)) - Successfully registered JMX Bean with object name Ratis:service=RaftServer,group=group-A0CA0180B9D0,id=5ce9e101-a3eb-4631-b6de-3e40cc925b1f
2019-09-07 05:40:57,401 [pool-403-thread-1] INFO  impl.RaftServerImpl (RaftServerImpl.java:start(185)) - a2a45bd7-a5e0-4340-8f54-18154636035d@group-A0CA0180B9D0: start as a follower, conf=-1: [254673df-2edd-4980-9522-b0d4e3ed8927:192.168.36.105:41677, 5ce9e101-a3eb-4631-b6de-3e40cc925b1f:192.168.36.105:36028, a2a45bd7-a5e0-4340-8f54-18154636035d:192.168.36.105:36813], old=null
2019-09-07 05:40:57,401 [pool-403-thread-1] INFO  impl.RaftServerImpl (RaftServerImpl.java:setRole(174)) - a2a45bd7-a5e0-4340-8f54-18154636035d@group-A0CA0180B9D0: changes role from      null to FOLLOWER at term 0 for startAsFollower
2019-09-07 05:40:57,401 [pool-403-thread-1] INFO  impl.RoleInfo (RoleInfo.java:updateAndGet(143)) - a2a45bd7-a5e0-4340-8f54-18154636035d: start FollowerState
2019-09-07 05:40:57,404 [pool-403-thread-1] INFO  util.JmxRegister (JmxRegister.java:tryRegister(44)) - Successfully registered JMX Bean with object name Ratis:service=RaftServer,group=group-A0CA0180B9D0,id=a2a45bd7-a5e0-4340-8f54-18154636035d
2019-09-07 05:40:57,405 [pool-383-thread-1] INFO  impl.RaftServerImpl (RaftServerImpl.java:start(185)) - 254673df-2edd-4980-9522-b0d4e3ed8927@group-A0CA0180B9D0: start as a follower, conf=-1: [254673df-2edd-4980-9522-b0d4e3ed8927:192.168.36.105:41677, 5ce9e101-a3eb-4631-b6de-3e40cc925b1f:192.168.36.105:36028, a2a45bd7-a5e0-4340-8f54-18154636035d:192.168.36.105:36813], old=null
2019-09-07 05:40:57,405 [pool-383-thread-1] INFO  impl.RaftServerImpl (RaftServerImpl.java:setRole(174)) - 254673df-2edd-4980-9522-b0d4e3ed8927@group-A0CA0180B9D0: changes role from      null to FOLLOWER at term 0 for startAsFollower
2019-09-07 05:40:57,405 [pool-383-thread-1] INFO  impl.RoleInfo (RoleInfo.java:updateAndGet(143)) - 254673df-2edd-4980-9522-b0d4e3ed8927: start FollowerState
2019-09-07 05:40:57,405 [pool-383-thread-1] INFO  util.JmxRegister (JmxRegister.java:tryRegister(44)) - Successfully registered JMX Bean with object name Ratis:service=RaftServer,group=group-A0CA0180B9D0,id=254673df-2edd-4980-9522-b0d4e3ed8927
2019-09-07 05:40:57,412 [RatisPipelineUtilsThread] INFO  pipeline.PipelineStateManager (PipelineStateManager.java:addPipeline(56)) - Created pipeline Pipeline[ Id: bf2404e7-a660-46ac-95dd-a0ca0180b9d0, Nodes: 5ce9e101-a3eb-4631-b6de-3e40cc925b1f{ip: 192.168.36.105, host: trunk-nightly-20190907-l8mkd-3410636087, networkLocation: /default-rack, certSerialId: null}254673df-2edd-4980-9522-b0d4e3ed8927{ip: 192.168.36.105, host: trunk-nightly-20190907-l8mkd-3410636087, networkLocation: /default-rack, certSerialId: null}a2a45bd7-a5e0-4340-8f54-18154636035d{ip: 192.168.36.105, host: trunk-nightly-20190907-l8mkd-3410636087, networkLocation: /default-rack, certSerialId: null}, Type:RATIS, Factor:THREE, State:OPEN]
2019-09-07 05:40:57,419 [grpc-default-executor-5] INFO  impl.RaftServerProxy (RaftServerProxy.java:addNew(89)) - 5ce9e101-a3eb-4631-b6de-3e40cc925b1f: addNew group-0E1FC742B70E:[5ce9e101-a3eb-4631-b6de-3e40cc925b1f:192.168.36.105:36028] returns group-0E1FC742B70E:java.util.concurrent.CompletableFuture@7004ab1c[Not completed]
2019-09-07 05:40:57,420 [pool-433-thread-1] INFO  impl.RaftServerImpl (RaftServerImpl.java:<init>(95)) - 5ce9e101-a3eb-4631-b6de-3e40cc925b1f: new RaftServerImpl for group-0E1FC742B70E:[5ce9e101-a3eb-4631-b6de-3e40cc925b1f:192.168.36.105:36028] with ContainerStateMachine:uninitialized
2019-09-07 05:40:57,422 [pool-433-thread-1] INFO  server.RaftServerConfigKeys (ConfUtils.java:logGet(43)) - raft.server.rpc.timeout.min = 5s (custom)
2019-09-07 05:40:57,422 [pool-433-thread-1] INFO  server.RaftServerConfigKeys (ConfUtils.java:logGet(43)) - raft.server.rpc.timeout.max = 5200ms (custom)
2019-09-07 05:40:57,422 [pool-433-thread-1] INFO  server.RaftServerConfigKeys (ConfUtils.java:logGet(43)) - raft.server.rpcslowness.timeout = 120s (custom)
2019-09-07 05:40:57,422 [pool-433-thread-1] INFO  server.RaftServerConfigKeys (ConfUtils.java:logGet(43)) - raft.server.sleep.deviation.threshold = 300 (default)
2019-09-07 05:40:57,422 [pool-433-thread-1] INFO  server.RaftServerConfigKeys (ConfUtils.java:logGet(43)) - raft.server.log.appender.install.snapshot.enabled = false (custom)
2019-09-07 05:40:57,422 [pool-433-thread-1] INFO  impl.RaftServerImpl (ServerState.java:<init>(103)) - 5ce9e101-a3eb-4631-b6de-3e40cc925b1f@group-0E1FC742B70E: ConfigurationManager, init=-1: [5ce9e101-a3eb-4631-b6de-3e40cc925b1f:192.168.36.105:36028], old=null, confs=<EMPTY_MAP>
2019-09-07 05:40:57,422 [pool-433-thread-1] INFO  server.RaftServerConfigKeys (ConfUtils.java:logGet(43)) - raft.server.storage.dir = [/workdir/hadoop-ozone/integration-test/target/test-dir/MiniOzoneClusterImpl-cbf2fb49-9796-4388-8e34-31192cee1719/datanode-5/data/ratis] (custom)
2019-09-07 05:40:57,423 [pool-433-thread-1] INFO  storage.RaftStorageDirectory (RaftStorageDirectory.java:analyzeStorage(246)) - The storage directory /workdir/hadoop-ozone/integration-test/target/test-dir/MiniOzoneClusterImpl-cbf2fb49-9796-4388-8e34-31192cee1719/datanode-5/data/ratis/37a386f7-ab94-49ee-b7ee-0e1fc742b70e does not exist. Creating ...
2019-09-07 05:40:57,435 [pool-433-thread-1] INFO  storage.RaftStorageDirectory (RaftStorageDirectory.java:tryLock(328)) - Lock on /workdir/hadoop-ozone/integration-test/target/test-dir/MiniOzoneClusterImpl-cbf2fb49-9796-4388-8e34-31192cee1719/datanode-5/data/ratis/37a386f7-ab94-49ee-b7ee-0e1fc742b70e/in_use.lock acquired by nodename 2839@trunk-nightly-20190907-l8mkd-3410636087
2019-09-07 05:40:57,448 [pool-433-thread-1] INFO  storage.RaftStorage (RaftStorage.java:format(72)) - Storage directory /workdir/hadoop-ozone/integration-test/target/test-dir/MiniOzoneClusterImpl-cbf2fb49-9796-4388-8e34-31192cee1719/datanode-5/data/ratis/37a386f7-ab94-49ee-b7ee-0e1fc742b70e has been successfully formatted.
2019-09-07 05:40:57,448 [pool-433-thread-1] INFO  ratis.ContainerStateMachine (ContainerStateMachine.java:loadSnapshot(232)) - group-0E1FC742B70E: The snapshot info is null. Setting the last applied indexto:(t:0, i:~)
2019-09-07 05:40:57,449 [pool-433-thread-1] INFO  server.RaftServerConfigKeys (ConfUtils.java:logGet(43)) - raft.server.notification.no-leader.timeout = 120s (custom)
2019-09-07 05:40:57,449 [pool-433-thread-1] INFO  server.RaftServerConfigKeys (ConfUtils.java:logGet(43)) - raft.server.log.use.memory = false (default)
2019-09-07 05:40:57,449 [pool-433-thread-1] INFO  server.RaftServerConfigKeys (ConfUtils.java:logGet(43)) - raft.server.log.purge.gap = 1000000 (custom)
2019-09-07 05:40:57,449 [pool-433-thread-1] INFO  server.RaftServerConfigKeys (ConfUtils.java:logGet(43)) - raft.server.log.appender.buffer.byte-limit = 33554432 (custom)
2019-09-07 05:40:57,449 [pool-433-thread-1] INFO  server.RaftServerConfigKeys (ConfUtils.java:logGet(43)) - raft.server.log.segment.size.max = 1048576 (custom)
2019-09-07 05:40:57,449 [pool-433-thread-1] INFO  server.RaftServerConfigKeys (ConfUtils.java:logGet(43)) - raft.server.log.segment.cache.num.max = 2 (custom)
2019-09-07 05:40:57,449 [pool-433-thread-1] INFO  segmented.SegmentedRaftLogWorker (SegmentedRaftLogWorker.java:<init>(172)) - new 5ce9e101-a3eb-4631-b6de-3e40cc925b1f@group-0E1FC742B70E-SegmentedRaftLogWorker for RaftStorage:Storage Directory /workdir/hadoop-ozone/integration-test/target/test-dir/MiniOzoneClusterImpl-cbf2fb49-9796-4388-8e34-31192cee1719/datanode-5/data/ratis/37a386f7-ab94-49ee-b7ee-0e1fc742b70e
2019-09-07 05:40:57,449 [pool-433-thread-1] INFO  server.RaftServerConfigKeys (ConfUtils.java:logGet(43)) - raft.server.log.queue.byte-limit = 2147483647 (custom)
2019-09-07 05:40:57,449 [pool-433-thread-1] INFO  server.RaftServerConfigKeys (ConfUtils.java:logGet(43)) - raft.server.log.queue.element-limit = 1024 (custom)
2019-09-07 05:40:57,450 [pool-433-thread-1] INFO  server.RaftServerConfigKeys (ConfUtils.java:logGet(43)) - raft.server.log.segment.size.max = 1048576 (custom)
2019-09-07 05:40:57,450 [pool-433-thread-1] INFO  server.RaftServerConfigKeys (ConfUtils.java:logGet(43)) - raft.server.log.preallocated.size = 16384 (custom)
2019-09-07 05:40:57,450 [pool-433-thread-1] INFO  server.RaftServerConfigKeys (ConfUtils.java:logGet(43)) - raft.server.log.write.buffer.size = 33554432 (custom)
2019-09-07 05:40:57,450 [pool-433-thread-1] INFO  server.RaftServerConfigKeys (ConfUtils.java:logGet(43)) - raft.server.log.force.sync.num = 128 (default)
2019-09-07 05:40:57,450 [pool-433-thread-1] INFO  server.RaftServerConfigKeys (ConfUtils.java:logGet(43)) - raft.server.log.statemachine.data.sync = true (default)
2019-09-07 05:40:57,450 [pool-433-thread-1] INFO  server.RaftServerConfigKeys (ConfUtils.java:logGet(43)) - raft.server.log.statemachine.data.sync.timeout = 10s (default)
2019-09-07 05:40:57,450 [pool-433-thread-1] INFO  server.RaftServerConfigKeys (ConfUtils.java:logGet(43)) - raft.server.log.statemachine.data.sync.timeout.retry = -1 (default)
2019-09-07 05:40:57,450 [pool-433-thread-1] INFO  server.RaftServerConfigKeys (ConfUtils.java:logGet(43)) - raft.server.log.statemachine.data.caching.enabled = true (custom)
2019-09-07 05:40:57,450 [pool-433-thread-1] INFO  segmented.SegmentedRaftLogWorker (SegmentedRaftLogWorker.java:lambda$new$0(132)) - 5ce9e101-a3eb-4631-b6de-3e40cc925b1f@group-0E1FC742B70E-SegmentedRaftLogWorker: flushIndex: setUnconditionally 0 -> -1
2019-09-07 05:40:57,451 [pool-433-thread-1] INFO  server.RaftServerConfigKeys (ConfUtils.java:logGet(43)) - raft.server.snapshot.auto.trigger.enabled = true (custom)
2019-09-07 05:40:57,451 [pool-433-thread-1] INFO  server.RaftServerConfigKeys (ConfUtils.java:logGet(43)) - raft.server.snapshot.auto.trigger.threshold = 10000 (custom)
2019-09-07 05:40:57,451 [pool-433-thread-1] INFO  server.RaftServerConfigKeys (ConfUtils.java:logGet(43)) - raft.server.snapshot.retention.num.files = -1 (default)
2019-09-07 05:40:57,451 [pool-433-thread-1] INFO  server.RaftServerConfigKeys (ConfUtils.java:logGet(43)) - raft.server.retrycache.expirytime = 600000ms (custom)
2019-09-07 05:40:57,452 [pool-433-thread-1] INFO  impl.RaftServerImpl (RaftServerImpl.java:start(185)) - 5ce9e101-a3eb-4631-b6de-3e40cc925b1f@group-0E1FC742B70E: start as a follower, conf=-1: [5ce9e101-a3eb-4631-b6de-3e40cc925b1f:192.168.36.105:36028], old=null
2019-09-07 05:40:57,452 [pool-433-thread-1] INFO  impl.RaftServerImpl (RaftServerImpl.java:setRole(174)) - 5ce9e101-a3eb-4631-b6de-3e40cc925b1f@group-0E1FC742B70E: changes role from      null to FOLLOWER at term 0 for startAsFollower
2019-09-07 05:40:57,452 [pool-433-thread-1] INFO  impl.RoleInfo (RoleInfo.java:updateAndGet(143)) - 5ce9e101-a3eb-4631-b6de-3e40cc925b1f: start FollowerState
2019-09-07 05:40:57,453 [pool-433-thread-1] INFO  util.JmxRegister (JmxRegister.java:tryRegister(44)) - Successfully registered JMX Bean with object name Ratis:service=RaftServer,group=group-0E1FC742B70E,id=5ce9e101-a3eb-4631-b6de-3e40cc925b1f
2019-09-07 05:40:57,458 [RatisPipelineUtilsThread] INFO  pipeline.PipelineStateManager (PipelineStateManager.java:addPipeline(56)) - Created pipeline Pipeline[ Id: 37a386f7-ab94-49ee-b7ee-0e1fc742b70e, Nodes: 5ce9e101-a3eb-4631-b6de-3e40cc925b1f{ip: 192.168.36.105, host: trunk-nightly-20190907-l8mkd-3410636087, networkLocation: /default-rack, certSerialId: null}, Type:RATIS, Factor:ONE, State:OPEN]
2019-09-07 05:40:57,466 [grpc-default-executor-5] INFO  impl.RaftServerProxy (RaftServerProxy.java:addNew(89)) - c7e58609-db72-4f93-9745-0b8c1d648e44: addNew group-891CDB78B3FA:[c7e58609-db72-4f93-9745-0b8c1d648e44:192.168.36.105:36997] returns group-891CDB78B3FA:java.util.concurrent.CompletableFuture@1945fc6e[Not completed]
2019-09-07 05:40:57,467 [pool-443-thread-1] INFO  impl.RaftServerImpl (RaftServerImpl.java:<init>(95)) - c7e58609-db72-4f93-9745-0b8c1d648e44: new RaftServerImpl for group-891CDB78B3FA:[c7e58609-db72-4f93-9745-0b8c1d648e44:192.168.36.105:36997] with ContainerStateMachine:uninitialized
2019-09-07 05:40:57,467 [pool-443-thread-1] INFO  server.RaftServerConfigKeys (ConfUtils.java:logGet(43)) - raft.server.rpc.timeout.min = 5s (custom)
2019-09-07 05:40:57,467 [pool-443-thread-1] INFO  server.RaftServerConfigKeys (ConfUtils.java:logGet(43)) - raft.server.rpc.timeout.max = 5200ms (custom)
2019-09-07 05:40:57,467 [pool-443-thread-1] INFO  server.RaftServerConfigKeys (ConfUtils.java:logGet(43)) - raft.server.rpcslowness.timeout = 120s (custom)
2019-09-07 05:40:57,467 [pool-443-thread-1] INFO  server.RaftServerConfigKeys (ConfUtils.java:logGet(43)) - raft.server.sleep.deviation.threshold = 300 (default)
2019-09-07 05:40:57,467 [pool-443-thread-1] INFO  server.RaftServerConfigKeys (ConfUtils.java:logGet(43)) - raft.server.log.appender.install.snapshot.enabled = false (custom)
2019-09-07 05:40:57,467 [pool-443-thread-1] INFO  impl.RaftServerImpl (ServerState.java:<init>(103)) - c7e58609-db72-4f93-9745-0b8c1d648e44@group-891CDB78B3FA: ConfigurationManager, init=-1: [c7e58609-db72-4f93-9745-0b8c1d648e44:192.168.36.105:36997], old=null, confs=<EMPTY_MAP>
2019-09-07 05:40:57,467 [pool-443-thread-1] INFO  server.RaftServerConfigKeys (ConfUtils.java:logGet(43)) - raft.server.storage.dir = [/workdir/hadoop-ozone/integration-test/target/test-dir/MiniOzoneClusterImpl-cbf2fb49-9796-4388-8e34-31192cee1719/datanode-6/data/ratis] (custom)
2019-09-07 05:40:57,468 [pool-443-thread-1] INFO  storage.RaftStorageDirectory (RaftStorageDirectory.java:analyzeStorage(246)) - The storage directory /workdir/hadoop-ozone/integration-test/target/test-dir/MiniOzoneClusterImpl-cbf2fb49-9796-4388-8e34-31192cee1719/datanode-6/data/ratis/50872b59-433f-4e28-a85e-891cdb78b3fa does not exist. Creating ...
2019-09-07 05:40:57,480 [pool-443-thread-1] INFO  storage.RaftStorageDirectory (RaftStorageDirectory.java:tryLock(328)) - Lock on /workdir/hadoop-ozone/integration-test/target/test-dir/MiniOzoneClusterImpl-cbf2fb49-9796-4388-8e34-31192cee1719/datanode-6/data/ratis/50872b59-433f-4e28-a85e-891cdb78b3fa/in_use.lock acquired by nodename 2839@trunk-nightly-20190907-l8mkd-3410636087
2019-09-07 05:40:57,493 [pool-443-thread-1] INFO  storage.RaftStorage (RaftStorage.java:format(72)) - Storage directory /workdir/hadoop-ozone/integration-test/target/test-dir/MiniOzoneClusterImpl-cbf2fb49-9796-4388-8e34-31192cee1719/datanode-6/data/ratis/50872b59-433f-4e28-a85e-891cdb78b3fa has been successfully formatted.
2019-09-07 05:40:57,493 [pool-443-thread-1] INFO  ratis.ContainerStateMachine (ContainerStateMachine.java:loadSnapshot(232)) - group-891CDB78B3FA: The snapshot info is null. Setting the last applied indexto:(t:0, i:~)
2019-09-07 05:40:57,493 [pool-443-thread-1] INFO  server.RaftServerConfigKeys (ConfUtils.java:logGet(43)) - raft.server.notification.no-leader.timeout = 120s (custom)
2019-09-07 05:40:57,493 [pool-443-thread-1] INFO  server.RaftServerConfigKeys (ConfUtils.java:logGet(43)) - raft.server.log.use.memory = false (default)
2019-09-07 05:40:57,493 [pool-443-thread-1] INFO  server.RaftServerConfigKeys (ConfUtils.java:logGet(43)) - raft.server.log.purge.gap = 1000000 (custom)
2019-09-07 05:40:57,494 [pool-443-thread-1] INFO  server.RaftServerConfigKeys (ConfUtils.java:logGet(43)) - raft.server.log.appender.buffer.byte-limit = 33554432 (custom)
2019-09-07 05:40:57,494 [pool-443-thread-1] INFO  server.RaftServerConfigKeys (ConfUtils.java:logGet(43)) - raft.server.log.segment.size.max = 1048576 (custom)
2019-09-07 05:40:57,494 [pool-443-thread-1] INFO  server.RaftServerConfigKeys (ConfUtils.java:logGet(43)) - raft.server.log.segment.cache.num.max = 2 (custom)
2019-09-07 05:40:57,494 [pool-443-thread-1] INFO  segmented.SegmentedRaftLogWorker (SegmentedRaftLogWorker.java:<init>(172)) - new c7e58609-db72-4f93-9745-0b8c1d648e44@group-891CDB78B3FA-SegmentedRaftLogWorker for RaftStorage:Storage Directory /workdir/hadoop-ozone/integration-test/target/test-dir/MiniOzoneClusterImpl-cbf2fb49-9796-4388-8e34-31192cee1719/datanode-6/data/ratis/50872b59-433f-4e28-a85e-891cdb78b3fa
2019-09-07 05:40:57,495 [pool-443-thread-1] INFO  server.RaftServerConfigKeys (ConfUtils.java:logGet(43)) - raft.server.log.queue.byte-limit = 2147483647 (custom)
2019-09-07 05:40:57,495 [pool-443-thread-1] INFO  server.RaftServerConfigKeys (ConfUtils.java:logGet(43)) - raft.server.log.queue.element-limit = 1024 (custom)
2019-09-07 05:40:57,495 [pool-443-thread-1] INFO  server.RaftServerConfigKeys (ConfUtils.java:logGet(43)) - raft.server.log.segment.size.max = 1048576 (custom)
2019-09-07 05:40:57,495 [pool-443-thread-1] INFO  server.RaftServerConfigKeys (ConfUtils.java:logGet(43)) - raft.server.log.preallocated.size = 16384 (custom)
2019-09-07 05:40:57,495 [pool-443-thread-1] INFO  server.RaftServerConfigKeys (ConfUtils.java:logGet(43)) - raft.server.log.write.buffer.size = 33554432 (custom)
2019-09-07 05:40:57,496 [pool-443-thread-1] INFO  server.RaftServerConfigKeys (ConfUtils.java:logGet(43)) - raft.server.log.force.sync.num = 128 (default)
2019-09-07 05:40:57,496 [pool-443-thread-1] INFO  server.RaftServerConfigKeys (ConfUtils.java:logGet(43)) - raft.server.log.statemachine.data.sync = true (default)
2019-09-07 05:40:57,496 [pool-443-thread-1] INFO  server.RaftServerConfigKeys (ConfUtils.java:logGet(43)) - raft.server.log.statemachine.data.sync.timeout = 10s (default)
2019-09-07 05:40:57,496 [pool-443-thread-1] INFO  server.RaftServerConfigKeys (ConfUtils.java:logGet(43)) - raft.server.log.statemachine.data.sync.timeout.retry = -1 (default)
2019-09-07 05:40:57,496 [pool-443-thread-1] INFO  server.RaftServerConfigKeys (ConfUtils.java:logGet(43)) - raft.server.log.statemachine.data.caching.enabled = true (custom)
2019-09-07 05:40:57,496 [pool-443-thread-1] INFO  segmented.SegmentedRaftLogWorker (SegmentedRaftLogWorker.java:lambda$new$0(132)) - c7e58609-db72-4f93-9745-0b8c1d648e44@group-891CDB78B3FA-SegmentedRaftLogWorker: flushIndex: setUnconditionally 0 -> -1
2019-09-07 05:40:57,496 [pool-443-thread-1] INFO  server.RaftServerConfigKeys (ConfUtils.java:logGet(43)) - raft.server.snapshot.auto.trigger.enabled = true (custom)
2019-09-07 05:40:57,497 [pool-443-thread-1] INFO  server.RaftServerConfigKeys (ConfUtils.java:logGet(43)) - raft.server.snapshot.auto.trigger.threshold = 10000 (custom)
2019-09-07 05:40:57,497 [pool-443-thread-1] INFO  server.RaftServerConfigKeys (ConfUtils.java:logGet(43)) - raft.server.snapshot.retention.num.files = -1 (default)
2019-09-07 05:40:57,497 [pool-443-thread-1] INFO  server.RaftServerConfigKeys (ConfUtils.java:logGet(43)) - raft.server.retrycache.expirytime = 600000ms (custom)
2019-09-07 05:40:57,498 [pool-443-thread-1] INFO  impl.RaftServerImpl (RaftServerImpl.java:start(185)) - c7e58609-db72-4f93-9745-0b8c1d648e44@group-891CDB78B3FA: start as a follower, conf=-1: [c7e58609-db72-4f93-9745-0b8c1d648e44:192.168.36.105:36997], old=null
2019-09-07 05:40:57,498 [pool-443-thread-1] INFO  impl.RaftServerImpl (RaftServerImpl.java:setRole(174)) - c7e58609-db72-4f93-9745-0b8c1d648e44@group-891CDB78B3FA: changes role from      null to FOLLOWER at term 0 for startAsFollower
2019-09-07 05:40:57,498 [pool-443-thread-1] INFO  impl.RoleInfo (RoleInfo.java:updateAndGet(143)) - c7e58609-db72-4f93-9745-0b8c1d648e44: start FollowerState
2019-09-07 05:40:57,499 [pool-443-thread-1] INFO  util.JmxRegister (JmxRegister.java:tryRegister(44)) - Successfully registered JMX Bean with object name Ratis:service=RaftServer,group=group-891CDB78B3FA,id=c7e58609-db72-4f93-9745-0b8c1d648e44
2019-09-07 05:40:57,503 [RatisPipelineUtilsThread] INFO  pipeline.PipelineStateManager (PipelineStateManager.java:addPipeline(56)) - Created pipeline Pipeline[ Id: 50872b59-433f-4e28-a85e-891cdb78b3fa, Nodes: c7e58609-db72-4f93-9745-0b8c1d648e44{ip: 192.168.36.105, host: trunk-nightly-20190907-l8mkd-3410636087, networkLocation: /default-rack, certSerialId: null}, Type:RATIS, Factor:ONE, State:OPEN]
2019-09-07 05:40:58,358 [main] INFO  ozone.MiniOzoneClusterImpl (MiniOzoneClusterImpl.java:lambda$waitForClusterToBeReady$0(140)) - Cluster is ready. Got 7 of 7 DN Heartbeats.
2019-09-07 05:40:58,400 [main] INFO  rpc.RpcClient (RpcClient.java:createVolume(298)) - Creating Volume: watchforcommithandlingtest, with jenkins1000 as owner.
2019-09-07 05:40:58,403 [IPC Server handler 3 on 41310] INFO  volume.OMVolumeCreateRequest (OMVolumeCreateRequest.java:validateAndUpdateCache(189)) - created volume:watchforcommithandlingtest for user:jenkins1000
2019-09-07 05:40:58,421 [main] INFO  rpc.RpcClient (RpcClient.java:createBucket(437)) - Creating Bucket: watchforcommithandlingtest/watchforcommithandlingtest, with Versioning false and Storage Type set to DISK and Encryption set to false 
2019-09-07 05:40:58,426 [main] INFO  ozone.MiniOzoneClusterImpl (MiniOzoneClusterImpl.java:getStorageContainerLocationClient(227)) - Creating StorageContainerLocationProtocol RPC client with address /0.0.0.0:35830
2019-09-07 05:40:58,442 [grpc-default-executor-5] INFO  client.GrpcClientProtocolClient (GrpcClientProtocolClient.java:onNext(264)) - client-22CE59BD5773->ef2f7667-7980-42d6-a69e-bebf92f3302c: receive RaftClientReply:client-22CE59BD5773->ef2f7667-7980-42d6-a69e-bebf92f3302c@group-0180A3FD025F, cid=103, FAILED org.apache.ratis.protocol.NotLeaderException: Server ef2f7667-7980-42d6-a69e-bebf92f3302c@group-0180A3FD025F is not the leader, logIndex=0, commits[ef2f7667-7980-42d6-a69e-bebf92f3302c:c-1]
2019-09-07 05:40:59,469 [grpc-default-executor-5] INFO  client.GrpcClientProtocolClient (GrpcClientProtocolClient.java:onNext(264)) - client-22CE59BD5773->9421659c-ce2f-43f5-9e25-e6f39f25e195: receive RaftClientReply:client-22CE59BD5773->9421659c-ce2f-43f5-9e25-e6f39f25e195@group-0180A3FD025F, cid=103, FAILED org.apache.ratis.protocol.NotLeaderException: Server 9421659c-ce2f-43f5-9e25-e6f39f25e195@group-0180A3FD025F is not the leader, logIndex=0, commits[9421659c-ce2f-43f5-9e25-e6f39f25e195:c-1]
2019-09-07 05:40:59,999 [Thread-2190] INFO  container.ReplicationManager (ReplicationManager.java:start(162)) - Starting Replication Monitor Thread.
2019-09-07 05:41:00,003 [ReplicationMonitor] INFO  container.ReplicationManager (ReplicationManager.java:run(225)) - Replication Monitor Thread took 0 milliseconds for processing 1 containers.
2019-09-07 05:41:00,487 [grpc-default-executor-5] INFO  client.GrpcClientProtocolClient (GrpcClientProtocolClient.java:onNext(264)) - client-22CE59BD5773->ef2f7667-7980-42d6-a69e-bebf92f3302c: receive RaftClientReply:client-22CE59BD5773->ef2f7667-7980-42d6-a69e-bebf92f3302c@group-0180A3FD025F, cid=103, FAILED org.apache.ratis.protocol.NotLeaderException: Server ef2f7667-7980-42d6-a69e-bebf92f3302c@group-0180A3FD025F is not the leader, logIndex=0, commits[ef2f7667-7980-42d6-a69e-bebf92f3302c:c-1]
2019-09-07 05:41:01,505 [grpc-default-executor-8] INFO  client.GrpcClientProtocolClient (GrpcClientProtocolClient.java:onNext(264)) - client-22CE59BD5773->9421659c-ce2f-43f5-9e25-e6f39f25e195: receive RaftClientReply:client-22CE59BD5773->9421659c-ce2f-43f5-9e25-e6f39f25e195@group-0180A3FD025F, cid=103, FAILED org.apache.ratis.protocol.NotLeaderException: Server 9421659c-ce2f-43f5-9e25-e6f39f25e195@group-0180A3FD025F is not the leader, logIndex=0, commits[9421659c-ce2f-43f5-9e25-e6f39f25e195:c-1]
2019-09-07 05:41:02,086 [Thread-2192] INFO  impl.FollowerState (FollowerState.java:run(106)) - 254673df-2edd-4980-9522-b0d4e3ed8927:group-74052A7DE067 changes to CANDIDATE, lastRpcTime:5018, electionTimeout:5018ms
2019-09-07 05:41:02,087 [Thread-2192] INFO  impl.RoleInfo (RoleInfo.java:shutdownFollowerState(121)) - 254673df-2edd-4980-9522-b0d4e3ed8927: shutdown FollowerState
2019-09-07 05:41:02,087 [Thread-2192] INFO  impl.RaftServerImpl (RaftServerImpl.java:setRole(174)) - 254673df-2edd-4980-9522-b0d4e3ed8927@group-74052A7DE067: changes role from  FOLLOWER to CANDIDATE at term 0 for changeToCandidate
2019-09-07 05:41:02,087 [Thread-2192] INFO  impl.RoleInfo (RoleInfo.java:updateAndGet(143)) - 254673df-2edd-4980-9522-b0d4e3ed8927: start LeaderElection
2019-09-07 05:41:02,109 [254673df-2edd-4980-9522-b0d4e3ed8927@group-74052A7DE067:LeaderElection64] INFO  impl.LeaderElection (LeaderElection.java:askForVotes(182)) - 254673df-2edd-4980-9522-b0d4e3ed8927@group-74052A7DE067:LeaderElection64: begin an election at term 1 for -1: [254673df-2edd-4980-9522-b0d4e3ed8927:192.168.36.105:41677], old=null
2019-09-07 05:41:02,109 [254673df-2edd-4980-9522-b0d4e3ed8927@group-74052A7DE067:LeaderElection64] INFO  impl.RoleInfo (RoleInfo.java:shutdownLeaderElection(134)) - 254673df-2edd-4980-9522-b0d4e3ed8927: shutdown LeaderElection
2019-09-07 05:41:02,110 [254673df-2edd-4980-9522-b0d4e3ed8927@group-74052A7DE067:LeaderElection64] INFO  impl.RaftServerImpl (RaftServerImpl.java:setRole(174)) - 254673df-2edd-4980-9522-b0d4e3ed8927@group-74052A7DE067: changes role from CANDIDATE to LEADER at term 1 for changeToLeader
2019-09-07 05:41:02,110 [254673df-2edd-4980-9522-b0d4e3ed8927@group-74052A7DE067:LeaderElection64] INFO  impl.RaftServerImpl (ServerState.java:setLeader(253)) - 254673df-2edd-4980-9522-b0d4e3ed8927@group-74052A7DE067: change Leader from null to 254673df-2edd-4980-9522-b0d4e3ed8927 at term 1 for becomeLeader, leader elected after 5052ms
2019-09-07 05:41:02,110 [254673df-2edd-4980-9522-b0d4e3ed8927@group-74052A7DE067:LeaderElection64] INFO  server.RaftServerConfigKeys (ConfUtils.java:logGet(43)) - raft.server.staging.catchup.gap = 1000 (default)
2019-09-07 05:41:02,110 [254673df-2edd-4980-9522-b0d4e3ed8927@group-74052A7DE067:LeaderElection64] INFO  server.RaftServerConfigKeys (ConfUtils.java:logGet(43)) - raft.server.rpc.sleep.time = 25ms (default)
2019-09-07 05:41:02,110 [254673df-2edd-4980-9522-b0d4e3ed8927@group-74052A7DE067:LeaderElection64] INFO  server.RaftServerConfigKeys (ConfUtils.java:logGet(43)) - raft.server.write.element-limit = 4096 (default)
2019-09-07 05:41:02,110 [254673df-2edd-4980-9522-b0d4e3ed8927@group-74052A7DE067:LeaderElection64] INFO  server.RaftServerConfigKeys (ConfUtils.java:logGet(43)) - raft.server.watch.timeout = 10s (default)
2019-09-07 05:41:02,111 [254673df-2edd-4980-9522-b0d4e3ed8927@group-74052A7DE067:LeaderElection64] INFO  server.RaftServerConfigKeys (ConfUtils.java:logGet(43)) - raft.server.watch.timeout.denomination = 1s (default)
2019-09-07 05:41:02,111 [254673df-2edd-4980-9522-b0d4e3ed8927@group-74052A7DE067:LeaderElection64] INFO  server.RaftServerConfigKeys (ConfUtils.java:logGet(43)) - raft.server.watch.element-limit = 65536 (default)
2019-09-07 05:41:02,112 [254673df-2edd-4980-9522-b0d4e3ed8927@group-74052A7DE067:LeaderElection64] INFO  impl.RoleInfo (RoleInfo.java:updateAndGet(143)) - 254673df-2edd-4980-9522-b0d4e3ed8927: start LeaderState
2019-09-07 05:41:02,113 [254673df-2edd-4980-9522-b0d4e3ed8927@group-74052A7DE067:LeaderElection64] INFO  segmented.SegmentedRaftLogWorker (SegmentedRaftLogWorker.java:startLogSegment(380)) - 254673df-2edd-4980-9522-b0d4e3ed8927@group-74052A7DE067-SegmentedRaftLogWorker: Starting segment from index:0
2019-09-07 05:41:02,113 [254673df-2edd-4980-9522-b0d4e3ed8927@group-74052A7DE067:LeaderElection64] INFO  impl.RaftServerImpl (ServerState.java:setRaftConf(354)) - 254673df-2edd-4980-9522-b0d4e3ed8927@group-74052A7DE067: set configuration 0: [254673df-2edd-4980-9522-b0d4e3ed8927:192.168.36.105:41677], old=null at 0
2019-09-07 05:41:02,149 [254673df-2edd-4980-9522-b0d4e3ed8927@group-74052A7DE067-SegmentedRaftLogWorker] INFO  segmented.SegmentedRaftLogWorker (SegmentedRaftLogWorker.java:execute(569)) - 254673df-2edd-4980-9522-b0d4e3ed8927@group-74052A7DE067-SegmentedRaftLogWorker: created new log segment /workdir/hadoop-ozone/integration-test/target/test-dir/MiniOzoneClusterImpl-cbf2fb49-9796-4388-8e34-31192cee1719/datanode-0/data/ratis/8a930bb6-4a73-4d6e-8821-74052a7de067/current/log_inprogress_0
2019-09-07 05:41:02,187 [Thread-2198] INFO  impl.FollowerState (FollowerState.java:run(106)) - a2a45bd7-a5e0-4340-8f54-18154636035d:group-381AE478EDB2 changes to CANDIDATE, lastRpcTime:5005, electionTimeout:5005ms
2019-09-07 05:41:02,187 [Thread-2198] INFO  impl.RoleInfo (RoleInfo.java:shutdownFollowerState(121)) - a2a45bd7-a5e0-4340-8f54-18154636035d: shutdown FollowerState
2019-09-07 05:41:02,187 [Thread-2198] INFO  impl.RaftServerImpl (RaftServerImpl.java:setRole(174)) - a2a45bd7-a5e0-4340-8f54-18154636035d@group-381AE478EDB2: changes role from  FOLLOWER to CANDIDATE at term 0 for changeToCandidate
2019-09-07 05:41:02,188 [Thread-2198] INFO  impl.RoleInfo (RoleInfo.java:updateAndGet(143)) - a2a45bd7-a5e0-4340-8f54-18154636035d: start LeaderElection
2019-09-07 05:41:02,202 [Thread-2195] INFO  impl.FollowerState (FollowerState.java:run(106)) - 128f9cd9-1ce0-4189-9a97-bb171bd7dc5e:group-363AE740508A changes to CANDIDATE, lastRpcTime:5068, electionTimeout:5068ms
2019-09-07 05:41:02,202 [Thread-2195] INFO  impl.RoleInfo (RoleInfo.java:shutdownFollowerState(121)) - 128f9cd9-1ce0-4189-9a97-bb171bd7dc5e: shutdown FollowerState
2019-09-07 05:41:02,202 [Thread-2195] INFO  impl.RaftServerImpl (RaftServerImpl.java:setRole(174)) - 128f9cd9-1ce0-4189-9a97-bb171bd7dc5e@group-363AE740508A: changes role from  FOLLOWER to CANDIDATE at term 0 for changeToCandidate
2019-09-07 05:41:02,202 [Thread-2195] INFO  impl.RoleInfo (RoleInfo.java:updateAndGet(143)) - 128f9cd9-1ce0-4189-9a97-bb171bd7dc5e: start LeaderElection
2019-09-07 05:41:02,209 [a2a45bd7-a5e0-4340-8f54-18154636035d@group-381AE478EDB2:LeaderElection65] INFO  impl.LeaderElection (LeaderElection.java:askForVotes(182)) - a2a45bd7-a5e0-4340-8f54-18154636035d@group-381AE478EDB2:LeaderElection65: begin an election at term 1 for -1: [a2a45bd7-a5e0-4340-8f54-18154636035d:192.168.36.105:36813], old=null
2019-09-07 05:41:02,209 [a2a45bd7-a5e0-4340-8f54-18154636035d@group-381AE478EDB2:LeaderElection65] INFO  impl.RoleInfo (RoleInfo.java:shutdownLeaderElection(134)) - a2a45bd7-a5e0-4340-8f54-18154636035d: shutdown LeaderElection
2019-09-07 05:41:02,209 [a2a45bd7-a5e0-4340-8f54-18154636035d@group-381AE478EDB2:LeaderElection65] INFO  impl.RaftServerImpl (RaftServerImpl.java:setRole(174)) - a2a45bd7-a5e0-4340-8f54-18154636035d@group-381AE478EDB2: changes role from CANDIDATE to LEADER at term 1 for changeToLeader
2019-09-07 05:41:02,209 [a2a45bd7-a5e0-4340-8f54-18154636035d@group-381AE478EDB2:LeaderElection65] INFO  impl.RaftServerImpl (ServerState.java:setLeader(253)) - a2a45bd7-a5e0-4340-8f54-18154636035d@group-381AE478EDB2: change Leader from null to a2a45bd7-a5e0-4340-8f54-18154636035d at term 1 for becomeLeader, leader elected after 5034ms
2019-09-07 05:41:02,209 [a2a45bd7-a5e0-4340-8f54-18154636035d@group-381AE478EDB2:LeaderElection65] INFO  server.RaftServerConfigKeys (ConfUtils.java:logGet(43)) - raft.server.staging.catchup.gap = 1000 (default)
2019-09-07 05:41:02,209 [a2a45bd7-a5e0-4340-8f54-18154636035d@group-381AE478EDB2:LeaderElection65] INFO  server.RaftServerConfigKeys (ConfUtils.java:logGet(43)) - raft.server.rpc.sleep.time = 25ms (default)
2019-09-07 05:41:02,209 [a2a45bd7-a5e0-4340-8f54-18154636035d@group-381AE478EDB2:LeaderElection65] INFO  server.RaftServerConfigKeys (ConfUtils.java:logGet(43)) - raft.server.write.element-limit = 4096 (default)
2019-09-07 05:41:02,210 [a2a45bd7-a5e0-4340-8f54-18154636035d@group-381AE478EDB2:LeaderElection65] INFO  server.RaftServerConfigKeys (ConfUtils.java:logGet(43)) - raft.server.watch.timeout = 10s (default)
2019-09-07 05:41:02,210 [a2a45bd7-a5e0-4340-8f54-18154636035d@group-381AE478EDB2:LeaderElection65] INFO  server.RaftServerConfigKeys (ConfUtils.java:logGet(43)) - raft.server.watch.timeout.denomination = 1s (default)
2019-09-07 05:41:02,210 [a2a45bd7-a5e0-4340-8f54-18154636035d@group-381AE478EDB2:LeaderElection65] INFO  server.RaftServerConfigKeys (ConfUtils.java:logGet(43)) - raft.server.watch.element-limit = 65536 (default)
2019-09-07 05:41:02,212 [a2a45bd7-a5e0-4340-8f54-18154636035d@group-381AE478EDB2:LeaderElection65] INFO  impl.RoleInfo (RoleInfo.java:updateAndGet(143)) - a2a45bd7-a5e0-4340-8f54-18154636035d: start LeaderState
2019-09-07 05:41:02,212 [a2a45bd7-a5e0-4340-8f54-18154636035d@group-381AE478EDB2:LeaderElection65] INFO  segmented.SegmentedRaftLogWorker (SegmentedRaftLogWorker.java:startLogSegment(380)) - a2a45bd7-a5e0-4340-8f54-18154636035d@group-381AE478EDB2-SegmentedRaftLogWorker: Starting segment from index:0
2019-09-07 05:41:02,212 [a2a45bd7-a5e0-4340-8f54-18154636035d@group-381AE478EDB2:LeaderElection65] INFO  impl.RaftServerImpl (ServerState.java:setRaftConf(354)) - a2a45bd7-a5e0-4340-8f54-18154636035d@group-381AE478EDB2: set configuration 0: [a2a45bd7-a5e0-4340-8f54-18154636035d:192.168.36.105:36813], old=null at 0
2019-09-07 05:41:02,222 [128f9cd9-1ce0-4189-9a97-bb171bd7dc5e@group-363AE740508A:LeaderElection66] INFO  impl.LeaderElection (LeaderElection.java:askForVotes(182)) - 128f9cd9-1ce0-4189-9a97-bb171bd7dc5e@group-363AE740508A:LeaderElection66: begin an election at term 1 for -1: [128f9cd9-1ce0-4189-9a97-bb171bd7dc5e:192.168.36.105:36471], old=null
2019-09-07 05:41:02,222 [128f9cd9-1ce0-4189-9a97-bb171bd7dc5e@group-363AE740508A:LeaderElection66] INFO  impl.RoleInfo (RoleInfo.java:shutdownLeaderElection(134)) - 128f9cd9-1ce0-4189-9a97-bb171bd7dc5e: shutdown LeaderElection
2019-09-07 05:41:02,222 [128f9cd9-1ce0-4189-9a97-bb171bd7dc5e@group-363AE740508A:LeaderElection66] INFO  impl.RaftServerImpl (RaftServerImpl.java:setRole(174)) - 128f9cd9-1ce0-4189-9a97-bb171bd7dc5e@group-363AE740508A: changes role from CANDIDATE to LEADER at term 1 for changeToLeader
2019-09-07 05:41:02,222 [128f9cd9-1ce0-4189-9a97-bb171bd7dc5e@group-363AE740508A:LeaderElection66] INFO  impl.RaftServerImpl (ServerState.java:setLeader(253)) - 128f9cd9-1ce0-4189-9a97-bb171bd7dc5e@group-363AE740508A: change Leader from null to 128f9cd9-1ce0-4189-9a97-bb171bd7dc5e at term 1 for becomeLeader, leader elected after 5094ms
2019-09-07 05:41:02,223 [128f9cd9-1ce0-4189-9a97-bb171bd7dc5e@group-363AE740508A:LeaderElection66] INFO  server.RaftServerConfigKeys (ConfUtils.java:logGet(43)) - raft.server.staging.catchup.gap = 1000 (default)
2019-09-07 05:41:02,223 [128f9cd9-1ce0-4189-9a97-bb171bd7dc5e@group-363AE740508A:LeaderElection66] INFO  server.RaftServerConfigKeys (ConfUtils.java:logGet(43)) - raft.server.rpc.sleep.time = 25ms (default)
2019-09-07 05:41:02,223 [128f9cd9-1ce0-4189-9a97-bb171bd7dc5e@group-363AE740508A:LeaderElection66] INFO  server.RaftServerConfigKeys (ConfUtils.java:logGet(43)) - raft.server.write.element-limit = 4096 (default)
2019-09-07 05:41:02,223 [128f9cd9-1ce0-4189-9a97-bb171bd7dc5e@group-363AE740508A:LeaderElection66] INFO  server.RaftServerConfigKeys (ConfUtils.java:logGet(43)) - raft.server.watch.timeout = 10s (default)
2019-09-07 05:41:02,223 [128f9cd9-1ce0-4189-9a97-bb171bd7dc5e@group-363AE740508A:LeaderElection66] INFO  server.RaftServerConfigKeys (ConfUtils.java:logGet(43)) - raft.server.watch.timeout.denomination = 1s (default)
2019-09-07 05:41:02,223 [128f9cd9-1ce0-4189-9a97-bb171bd7dc5e@group-363AE740508A:LeaderElection66] INFO  server.RaftServerConfigKeys (ConfUtils.java:logGet(43)) - raft.server.watch.element-limit = 65536 (default)
2019-09-07 05:41:02,225 [128f9cd9-1ce0-4189-9a97-bb171bd7dc5e@group-363AE740508A:LeaderElection66] INFO  impl.RoleInfo (RoleInfo.java:updateAndGet(143)) - 128f9cd9-1ce0-4189-9a97-bb171bd7dc5e: start LeaderState
2019-09-07 05:41:02,225 [128f9cd9-1ce0-4189-9a97-bb171bd7dc5e@group-363AE740508A:LeaderElection66] INFO  segmented.SegmentedRaftLogWorker (SegmentedRaftLogWorker.java:startLogSegment(380)) - 128f9cd9-1ce0-4189-9a97-bb171bd7dc5e@group-363AE740508A-SegmentedRaftLogWorker: Starting segment from index:0
2019-09-07 05:41:02,226 [128f9cd9-1ce0-4189-9a97-bb171bd7dc5e@group-363AE740508A:LeaderElection66] INFO  impl.RaftServerImpl (ServerState.java:setRaftConf(354)) - 128f9cd9-1ce0-4189-9a97-bb171bd7dc5e@group-363AE740508A: set configuration 0: [128f9cd9-1ce0-4189-9a97-bb171bd7dc5e:192.168.36.105:36471], old=null at 0
2019-09-07 05:41:02,262 [128f9cd9-1ce0-4189-9a97-bb171bd7dc5e@group-363AE740508A-SegmentedRaftLogWorker] INFO  segmented.SegmentedRaftLogWorker (SegmentedRaftLogWorker.java:execute(569)) - 128f9cd9-1ce0-4189-9a97-bb171bd7dc5e@group-363AE740508A-SegmentedRaftLogWorker: created new log segment /workdir/hadoop-ozone/integration-test/target/test-dir/MiniOzoneClusterImpl-cbf2fb49-9796-4388-8e34-31192cee1719/datanode-1/data/ratis/a586c88a-526d-4ca4-a2d7-363ae740508a/current/log_inprogress_0
2019-09-07 05:41:02,262 [a2a45bd7-a5e0-4340-8f54-18154636035d@group-381AE478EDB2-SegmentedRaftLogWorker] INFO  segmented.SegmentedRaftLogWorker (SegmentedRaftLogWorker.java:execute(569)) - a2a45bd7-a5e0-4340-8f54-18154636035d@group-381AE478EDB2-SegmentedRaftLogWorker: created new log segment /workdir/hadoop-ozone/integration-test/target/test-dir/MiniOzoneClusterImpl-cbf2fb49-9796-4388-8e34-31192cee1719/datanode-2/data/ratis/8953ddef-034b-43c8-8efe-381ae478edb2/current/log_inprogress_0
2019-09-07 05:41:02,299 [Thread-2204] INFO  impl.FollowerState (FollowerState.java:run(106)) - ef2f7667-7980-42d6-a69e-bebf92f3302c:group-00FB860D2F0D changes to CANDIDATE, lastRpcTime:5015, electionTimeout:5015ms
2019-09-07 05:41:02,300 [Thread-2204] INFO  impl.RoleInfo (RoleInfo.java:shutdownFollowerState(121)) - ef2f7667-7980-42d6-a69e-bebf92f3302c: shutdown FollowerState
2019-09-07 05:41:02,300 [Thread-2204] INFO  impl.RaftServerImpl (RaftServerImpl.java:setRole(174)) - ef2f7667-7980-42d6-a69e-bebf92f3302c@group-00FB860D2F0D: changes role from  FOLLOWER to CANDIDATE at term 0 for changeToCandidate
2019-09-07 05:41:02,300 [Thread-2204] INFO  impl.RoleInfo (RoleInfo.java:updateAndGet(143)) - ef2f7667-7980-42d6-a69e-bebf92f3302c: start LeaderElection
2019-09-07 05:41:02,323 [ef2f7667-7980-42d6-a69e-bebf92f3302c@group-00FB860D2F0D:LeaderElection67] INFO  impl.LeaderElection (LeaderElection.java:askForVotes(182)) - ef2f7667-7980-42d6-a69e-bebf92f3302c@group-00FB860D2F0D:LeaderElection67: begin an election at term 1 for -1: [ef2f7667-7980-42d6-a69e-bebf92f3302c:192.168.36.105:43000], old=null
2019-09-07 05:41:02,323 [ef2f7667-7980-42d6-a69e-bebf92f3302c@group-00FB860D2F0D:LeaderElection67] INFO  impl.RoleInfo (RoleInfo.java:shutdownLeaderElection(134)) - ef2f7667-7980-42d6-a69e-bebf92f3302c: shutdown LeaderElection
2019-09-07 05:41:02,323 [ef2f7667-7980-42d6-a69e-bebf92f3302c@group-00FB860D2F0D:LeaderElection67] INFO  impl.RaftServerImpl (RaftServerImpl.java:setRole(174)) - ef2f7667-7980-42d6-a69e-bebf92f3302c@group-00FB860D2F0D: changes role from CANDIDATE to LEADER at term 1 for changeToLeader
2019-09-07 05:41:02,323 [ef2f7667-7980-42d6-a69e-bebf92f3302c@group-00FB860D2F0D:LeaderElection67] INFO  impl.RaftServerImpl (ServerState.java:setLeader(253)) - ef2f7667-7980-42d6-a69e-bebf92f3302c@group-00FB860D2F0D: change Leader from null to ef2f7667-7980-42d6-a69e-bebf92f3302c at term 1 for becomeLeader, leader elected after 5045ms
2019-09-07 05:41:02,323 [ef2f7667-7980-42d6-a69e-bebf92f3302c@group-00FB860D2F0D:LeaderElection67] INFO  server.RaftServerConfigKeys (ConfUtils.java:logGet(43)) - raft.server.staging.catchup.gap = 1000 (default)
2019-09-07 05:41:02,324 [ef2f7667-7980-42d6-a69e-bebf92f3302c@group-00FB860D2F0D:LeaderElection67] INFO  server.RaftServerConfigKeys (ConfUtils.java:logGet(43)) - raft.server.rpc.sleep.time = 25ms (default)
2019-09-07 05:41:02,324 [ef2f7667-7980-42d6-a69e-bebf92f3302c@group-00FB860D2F0D:LeaderElection67] INFO  server.RaftServerConfigKeys (ConfUtils.java:logGet(43)) - raft.server.write.element-limit = 4096 (default)
2019-09-07 05:41:02,324 [ef2f7667-7980-42d6-a69e-bebf92f3302c@group-00FB860D2F0D:LeaderElection67] INFO  server.RaftServerConfigKeys (ConfUtils.java:logGet(43)) - raft.server.watch.timeout = 10s (default)
2019-09-07 05:41:02,324 [ef2f7667-7980-42d6-a69e-bebf92f3302c@group-00FB860D2F0D:LeaderElection67] INFO  server.RaftServerConfigKeys (ConfUtils.java:logGet(43)) - raft.server.watch.timeout.denomination = 1s (default)
2019-09-07 05:41:02,324 [ef2f7667-7980-42d6-a69e-bebf92f3302c@group-00FB860D2F0D:LeaderElection67] INFO  server.RaftServerConfigKeys (ConfUtils.java:logGet(43)) - raft.server.watch.element-limit = 65536 (default)
2019-09-07 05:41:02,326 [ef2f7667-7980-42d6-a69e-bebf92f3302c@group-00FB860D2F0D:LeaderElection67] INFO  impl.RoleInfo (RoleInfo.java:updateAndGet(143)) - ef2f7667-7980-42d6-a69e-bebf92f3302c: start LeaderState
2019-09-07 05:41:02,326 [ef2f7667-7980-42d6-a69e-bebf92f3302c@group-00FB860D2F0D:LeaderElection67] INFO  segmented.SegmentedRaftLogWorker (SegmentedRaftLogWorker.java:startLogSegment(380)) - ef2f7667-7980-42d6-a69e-bebf92f3302c@group-00FB860D2F0D-SegmentedRaftLogWorker: Starting segment from index:0
2019-09-07 05:41:02,327 [ef2f7667-7980-42d6-a69e-bebf92f3302c@group-00FB860D2F0D:LeaderElection67] INFO  impl.RaftServerImpl (ServerState.java:setRaftConf(354)) - ef2f7667-7980-42d6-a69e-bebf92f3302c@group-00FB860D2F0D: set configuration 0: [ef2f7667-7980-42d6-a69e-bebf92f3302c:192.168.36.105:43000], old=null at 0
2019-09-07 05:41:02,349 [Thread-2201] INFO  impl.FollowerState (FollowerState.java:run(106)) - 9421659c-ce2f-43f5-9e25-e6f39f25e195:group-EA8B9CC5F72E changes to CANDIDATE, lastRpcTime:5110, electionTimeout:5110ms
2019-09-07 05:41:02,349 [Thread-2201] INFO  impl.RoleInfo (RoleInfo.java:shutdownFollowerState(121)) - 9421659c-ce2f-43f5-9e25-e6f39f25e195: shutdown FollowerState
2019-09-07 05:41:02,350 [Thread-2201] INFO  impl.RaftServerImpl (RaftServerImpl.java:setRole(174)) - 9421659c-ce2f-43f5-9e25-e6f39f25e195@group-EA8B9CC5F72E: changes role from  FOLLOWER to CANDIDATE at term 0 for changeToCandidate
2019-09-07 05:41:02,350 [Thread-2201] INFO  impl.RoleInfo (RoleInfo.java:updateAndGet(143)) - 9421659c-ce2f-43f5-9e25-e6f39f25e195: start LeaderElection
2019-09-07 05:41:02,380 [ef2f7667-7980-42d6-a69e-bebf92f3302c@group-00FB860D2F0D-SegmentedRaftLogWorker] INFO  segmented.SegmentedRaftLogWorker (SegmentedRaftLogWorker.java:execute(569)) - ef2f7667-7980-42d6-a69e-bebf92f3302c@group-00FB860D2F0D-SegmentedRaftLogWorker: created new log segment /workdir/hadoop-ozone/integration-test/target/test-dir/MiniOzoneClusterImpl-cbf2fb49-9796-4388-8e34-31192cee1719/datanode-4/data/ratis/76c94c1d-ad3b-4b06-b4f2-00fb860d2f0d/current/log_inprogress_0
2019-09-07 05:41:02,380 [9421659c-ce2f-43f5-9e25-e6f39f25e195@group-EA8B9CC5F72E:LeaderElection68] INFO  impl.LeaderElection (LeaderElection.java:askForVotes(182)) - 9421659c-ce2f-43f5-9e25-e6f39f25e195@group-EA8B9CC5F72E:LeaderElection68: begin an election at term 1 for -1: [9421659c-ce2f-43f5-9e25-e6f39f25e195:192.168.36.105:40709], old=null
2019-09-07 05:41:02,380 [9421659c-ce2f-43f5-9e25-e6f39f25e195@group-EA8B9CC5F72E:LeaderElection68] INFO  impl.RoleInfo (RoleInfo.java:shutdownLeaderElection(134)) - 9421659c-ce2f-43f5-9e25-e6f39f25e195: shutdown LeaderElection
2019-09-07 05:41:02,380 [9421659c-ce2f-43f5-9e25-e6f39f25e195@group-EA8B9CC5F72E:LeaderElection68] INFO  impl.RaftServerImpl (RaftServerImpl.java:setRole(174)) - 9421659c-ce2f-43f5-9e25-e6f39f25e195@group-EA8B9CC5F72E: changes role from CANDIDATE to LEADER at term 1 for changeToLeader
2019-09-07 05:41:02,380 [9421659c-ce2f-43f5-9e25-e6f39f25e195@group-EA8B9CC5F72E:LeaderElection68] INFO  impl.RaftServerImpl (ServerState.java:setLeader(253)) - 9421659c-ce2f-43f5-9e25-e6f39f25e195@group-EA8B9CC5F72E: change Leader from null to 9421659c-ce2f-43f5-9e25-e6f39f25e195 at term 1 for becomeLeader, leader elected after 5148ms
2019-09-07 05:41:02,381 [9421659c-ce2f-43f5-9e25-e6f39f25e195@group-EA8B9CC5F72E:LeaderElection68] INFO  server.RaftServerConfigKeys (ConfUtils.java:logGet(43)) - raft.server.staging.catchup.gap = 1000 (default)
2019-09-07 05:41:02,381 [9421659c-ce2f-43f5-9e25-e6f39f25e195@group-EA8B9CC5F72E:LeaderElection68] INFO  server.RaftServerConfigKeys (ConfUtils.java:logGet(43)) - raft.server.rpc.sleep.time = 25ms (default)
2019-09-07 05:41:02,381 [9421659c-ce2f-43f5-9e25-e6f39f25e195@group-EA8B9CC5F72E:LeaderElection68] INFO  server.RaftServerConfigKeys (ConfUtils.java:logGet(43)) - raft.server.write.element-limit = 4096 (default)
2019-09-07 05:41:02,381 [9421659c-ce2f-43f5-9e25-e6f39f25e195@group-EA8B9CC5F72E:LeaderElection68] INFO  server.RaftServerConfigKeys (ConfUtils.java:logGet(43)) - raft.server.watch.timeout = 10s (default)
2019-09-07 05:41:02,381 [9421659c-ce2f-43f5-9e25-e6f39f25e195@group-EA8B9CC5F72E:LeaderElection68] INFO  server.RaftServerConfigKeys (ConfUtils.java:logGet(43)) - raft.server.watch.timeout.denomination = 1s (default)
2019-09-07 05:41:02,381 [9421659c-ce2f-43f5-9e25-e6f39f25e195@group-EA8B9CC5F72E:LeaderElection68] INFO  server.RaftServerConfigKeys (ConfUtils.java:logGet(43)) - raft.server.watch.element-limit = 65536 (default)
2019-09-07 05:41:02,383 [9421659c-ce2f-43f5-9e25-e6f39f25e195@group-EA8B9CC5F72E:LeaderElection68] INFO  impl.RoleInfo (RoleInfo.java:updateAndGet(143)) - 9421659c-ce2f-43f5-9e25-e6f39f25e195: start LeaderState
2019-09-07 05:41:02,383 [9421659c-ce2f-43f5-9e25-e6f39f25e195@group-EA8B9CC5F72E:LeaderElection68] INFO  segmented.SegmentedRaftLogWorker (SegmentedRaftLogWorker.java:startLogSegment(380)) - 9421659c-ce2f-43f5-9e25-e6f39f25e195@group-EA8B9CC5F72E-SegmentedRaftLogWorker: Starting segment from index:0
2019-09-07 05:41:02,383 [9421659c-ce2f-43f5-9e25-e6f39f25e195@group-EA8B9CC5F72E:LeaderElection68] INFO  impl.RaftServerImpl (ServerState.java:setRaftConf(354)) - 9421659c-ce2f-43f5-9e25-e6f39f25e195@group-EA8B9CC5F72E: set configuration 0: [9421659c-ce2f-43f5-9e25-e6f39f25e195:192.168.36.105:40709], old=null at 0
2019-09-07 05:41:02,416 [9421659c-ce2f-43f5-9e25-e6f39f25e195@group-EA8B9CC5F72E-SegmentedRaftLogWorker] INFO  segmented.SegmentedRaftLogWorker (SegmentedRaftLogWorker.java:execute(569)) - 9421659c-ce2f-43f5-9e25-e6f39f25e195@group-EA8B9CC5F72E-SegmentedRaftLogWorker: created new log segment /workdir/hadoop-ozone/integration-test/target/test-dir/MiniOzoneClusterImpl-cbf2fb49-9796-4388-8e34-31192cee1719/datanode-3/data/ratis/52b0b227-5c05-4cf0-8195-ea8b9cc5f72e/current/log_inprogress_0
2019-09-07 05:41:02,438 [Thread-2218] INFO  impl.FollowerState (FollowerState.java:run(106)) - 5ce9e101-a3eb-4631-b6de-3e40cc925b1f:group-A0CA0180B9D0 changes to CANDIDATE, lastRpcTime:5038, electionTimeout:5038ms
2019-09-07 05:41:02,438 [Thread-2218] INFO  impl.RoleInfo (RoleInfo.java:shutdownFollowerState(121)) - 5ce9e101-a3eb-4631-b6de-3e40cc925b1f: shutdown FollowerState
2019-09-07 05:41:02,438 [Thread-2218] INFO  impl.RaftServerImpl (RaftServerImpl.java:setRole(174)) - 5ce9e101-a3eb-4631-b6de-3e40cc925b1f@group-A0CA0180B9D0: changes role from  FOLLOWER to CANDIDATE at term 0 for changeToCandidate
2019-09-07 05:41:02,438 [Thread-2218] INFO  impl.RoleInfo (RoleInfo.java:updateAndGet(143)) - 5ce9e101-a3eb-4631-b6de-3e40cc925b1f: start LeaderElection
2019-09-07 05:41:02,444 [Thread-2211] INFO  impl.FollowerState (FollowerState.java:run(106)) - ef2f7667-7980-42d6-a69e-bebf92f3302c:group-0180A3FD025F changes to CANDIDATE, lastRpcTime:5095, electionTimeout:5095ms
2019-09-07 05:41:02,444 [Thread-2220] INFO  impl.FollowerState (FollowerState.java:run(106)) - a2a45bd7-a5e0-4340-8f54-18154636035d:group-A0CA0180B9D0 changes to CANDIDATE, lastRpcTime:5042, electionTimeout:5038ms
2019-09-07 05:41:02,444 [Thread-2211] INFO  impl.RoleInfo (RoleInfo.java:shutdownFollowerState(121)) - ef2f7667-7980-42d6-a69e-bebf92f3302c: shutdown FollowerState
2019-09-07 05:41:02,444 [Thread-2220] INFO  impl.RoleInfo (RoleInfo.java:shutdownFollowerState(121)) - a2a45bd7-a5e0-4340-8f54-18154636035d: shutdown FollowerState
2019-09-07 05:41:02,444 [Thread-2211] INFO  impl.RaftServerImpl (RaftServerImpl.java:setRole(174)) - ef2f7667-7980-42d6-a69e-bebf92f3302c@group-0180A3FD025F: changes role from  FOLLOWER to CANDIDATE at term 0 for changeToCandidate
2019-09-07 05:41:02,444 [Thread-2220] INFO  impl.RaftServerImpl (RaftServerImpl.java:setRole(174)) - a2a45bd7-a5e0-4340-8f54-18154636035d@group-A0CA0180B9D0: changes role from  FOLLOWER to CANDIDATE at term 0 for changeToCandidate
2019-09-07 05:41:02,444 [Thread-2211] INFO  impl.RoleInfo (RoleInfo.java:updateAndGet(143)) - ef2f7667-7980-42d6-a69e-bebf92f3302c: start LeaderElection
2019-09-07 05:41:02,444 [Thread-2220] INFO  impl.RoleInfo (RoleInfo.java:updateAndGet(143)) - a2a45bd7-a5e0-4340-8f54-18154636035d: start LeaderElection
2019-09-07 05:41:02,457 [a2a45bd7-a5e0-4340-8f54-18154636035d@group-A0CA0180B9D0:LeaderElection71] INFO  impl.LeaderElection (LeaderElection.java:askForVotes(182)) - a2a45bd7-a5e0-4340-8f54-18154636035d@group-A0CA0180B9D0:LeaderElection71: begin an election at term 1 for -1: [254673df-2edd-4980-9522-b0d4e3ed8927:192.168.36.105:41677, 5ce9e101-a3eb-4631-b6de-3e40cc925b1f:192.168.36.105:36028, a2a45bd7-a5e0-4340-8f54-18154636035d:192.168.36.105:36813], old=null
2019-09-07 05:41:02,458 [ef2f7667-7980-42d6-a69e-bebf92f3302c@group-0180A3FD025F:LeaderElection70] INFO  impl.LeaderElection (LeaderElection.java:askForVotes(182)) - ef2f7667-7980-42d6-a69e-bebf92f3302c@group-0180A3FD025F:LeaderElection70: begin an election at term 1 for -1: [9421659c-ce2f-43f5-9e25-e6f39f25e195:192.168.36.105:40709, 128f9cd9-1ce0-4189-9a97-bb171bd7dc5e:192.168.36.105:36471, ef2f7667-7980-42d6-a69e-bebf92f3302c:192.168.36.105:43000], old=null
2019-09-07 05:41:02,458 [5ce9e101-a3eb-4631-b6de-3e40cc925b1f@group-A0CA0180B9D0:LeaderElection69] INFO  impl.LeaderElection (LeaderElection.java:askForVotes(182)) - 5ce9e101-a3eb-4631-b6de-3e40cc925b1f@group-A0CA0180B9D0:LeaderElection69: begin an election at term 1 for -1: [254673df-2edd-4980-9522-b0d4e3ed8927:192.168.36.105:41677, 5ce9e101-a3eb-4631-b6de-3e40cc925b1f:192.168.36.105:36028, a2a45bd7-a5e0-4340-8f54-18154636035d:192.168.36.105:36813], old=null
2019-09-07 05:41:02,468 [grpc-default-executor-8] INFO  impl.RaftServerImpl (RaftServerImpl.java:setRole(174)) - 254673df-2edd-4980-9522-b0d4e3ed8927@group-A0CA0180B9D0: changes role from  FOLLOWER to FOLLOWER at term 1 for recognizeCandidate:5ce9e101-a3eb-4631-b6de-3e40cc925b1f
2019-09-07 05:41:02,468 [grpc-default-executor-8] INFO  impl.RoleInfo (RoleInfo.java:shutdownFollowerState(121)) - 254673df-2edd-4980-9522-b0d4e3ed8927: shutdown FollowerState
2019-09-07 05:41:02,471 [grpc-default-executor-8] INFO  impl.RoleInfo (RoleInfo.java:updateAndGet(143)) - 254673df-2edd-4980-9522-b0d4e3ed8927: start FollowerState
2019-09-07 05:41:02,471 [grpc-default-executor-5] INFO  impl.RaftServerImpl (RaftServerImpl.java:setRole(174)) - 9421659c-ce2f-43f5-9e25-e6f39f25e195@group-0180A3FD025F: changes role from  FOLLOWER to FOLLOWER at term 1 for recognizeCandidate:ef2f7667-7980-42d6-a69e-bebf92f3302c
2019-09-07 05:41:02,471 [Thread-2222] INFO  impl.FollowerState (FollowerState.java:run(115)) - 254673df-2edd-4980-9522-b0d4e3ed8927: FollowerState was interrupted: java.lang.InterruptedException: sleep interrupted
2019-09-07 05:41:02,471 [grpc-default-executor-5] INFO  impl.RoleInfo (RoleInfo.java:shutdownFollowerState(121)) - 9421659c-ce2f-43f5-9e25-e6f39f25e195: shutdown FollowerState
2019-09-07 05:41:02,473 [grpc-default-executor-5] INFO  impl.RoleInfo (RoleInfo.java:updateAndGet(143)) - 9421659c-ce2f-43f5-9e25-e6f39f25e195: start FollowerState
2019-09-07 05:41:02,473 [Thread-2212] INFO  impl.FollowerState (FollowerState.java:run(115)) - 9421659c-ce2f-43f5-9e25-e6f39f25e195: FollowerState was interrupted: java.lang.InterruptedException: sleep interrupted
2019-09-07 05:41:02,479 [grpc-default-executor-10] INFO  impl.RaftServerImpl (RaftServerImpl.java:setRole(174)) - 128f9cd9-1ce0-4189-9a97-bb171bd7dc5e@group-0180A3FD025F: changes role from  FOLLOWER to FOLLOWER at term 1 for recognizeCandidate:ef2f7667-7980-42d6-a69e-bebf92f3302c
2019-09-07 05:41:02,479 [grpc-default-executor-10] INFO  impl.RoleInfo (RoleInfo.java:shutdownFollowerState(121)) - 128f9cd9-1ce0-4189-9a97-bb171bd7dc5e: shutdown FollowerState
2019-09-07 05:41:02,480 [grpc-default-executor-10] INFO  impl.RoleInfo (RoleInfo.java:updateAndGet(143)) - 128f9cd9-1ce0-4189-9a97-bb171bd7dc5e: start FollowerState
2019-09-07 05:41:02,480 [Thread-2209] INFO  impl.FollowerState (FollowerState.java:run(115)) - 128f9cd9-1ce0-4189-9a97-bb171bd7dc5e: FollowerState was interrupted: java.lang.InterruptedException: sleep interrupted
2019-09-07 05:41:02,501 [ef2f7667-7980-42d6-a69e-bebf92f3302c@group-0180A3FD025F:LeaderElection70] INFO  impl.LeaderElection (LeaderElection.java:logAndReturn(56)) - ef2f7667-7980-42d6-a69e-bebf92f3302c@group-0180A3FD025F:LeaderElection70: Election PASSED; received 1 response(s) [ef2f7667-7980-42d6-a69e-bebf92f3302c<-9421659c-ce2f-43f5-9e25-e6f39f25e195#0:OK-t1] and 0 exception(s); ef2f7667-7980-42d6-a69e-bebf92f3302c@group-0180A3FD025F:t1, leader=null, voted=ef2f7667-7980-42d6-a69e-bebf92f3302c, raftlog=ef2f7667-7980-42d6-a69e-bebf92f3302c@group-0180A3FD025F-SegmentedRaftLog:OPENED:c-1,f-1,i0, conf=-1: [9421659c-ce2f-43f5-9e25-e6f39f25e195:192.168.36.105:40709, 128f9cd9-1ce0-4189-9a97-bb171bd7dc5e:192.168.36.105:36471, ef2f7667-7980-42d6-a69e-bebf92f3302c:192.168.36.105:43000], old=null
2019-09-07 05:41:02,502 [5ce9e101-a3eb-4631-b6de-3e40cc925b1f@group-A0CA0180B9D0:LeaderElection69] INFO  impl.LeaderElection (LeaderElection.java:logAndReturn(56)) - 5ce9e101-a3eb-4631-b6de-3e40cc925b1f@group-A0CA0180B9D0:LeaderElection69: Election PASSED; received 2 response(s) [5ce9e101-a3eb-4631-b6de-3e40cc925b1f<-254673df-2edd-4980-9522-b0d4e3ed8927#0:OK-t1, 5ce9e101-a3eb-4631-b6de-3e40cc925b1f<-a2a45bd7-a5e0-4340-8f54-18154636035d#0:FAIL-t1] and 0 exception(s); 5ce9e101-a3eb-4631-b6de-3e40cc925b1f@group-A0CA0180B9D0:t1, leader=null, voted=5ce9e101-a3eb-4631-b6de-3e40cc925b1f, raftlog=5ce9e101-a3eb-4631-b6de-3e40cc925b1f@group-A0CA0180B9D0-SegmentedRaftLog:OPENED:c-1,f-1,i0, conf=-1: [254673df-2edd-4980-9522-b0d4e3ed8927:192.168.36.105:41677, 5ce9e101-a3eb-4631-b6de-3e40cc925b1f:192.168.36.105:36028, a2a45bd7-a5e0-4340-8f54-18154636035d:192.168.36.105:36813], old=null
2019-09-07 05:41:02,502 [ef2f7667-7980-42d6-a69e-bebf92f3302c@group-0180A3FD025F:LeaderElection70] INFO  impl.RoleInfo (RoleInfo.java:shutdownLeaderElection(134)) - ef2f7667-7980-42d6-a69e-bebf92f3302c: shutdown LeaderElection
2019-09-07 05:41:02,504 [5ce9e101-a3eb-4631-b6de-3e40cc925b1f@group-A0CA0180B9D0:LeaderElection69] INFO  impl.RoleInfo (RoleInfo.java:shutdownLeaderElection(134)) - 5ce9e101-a3eb-4631-b6de-3e40cc925b1f: shutdown LeaderElection
2019-09-07 05:41:02,501 [a2a45bd7-a5e0-4340-8f54-18154636035d@group-A0CA0180B9D0:LeaderElection71] INFO  impl.LeaderElection (LeaderElection.java:logAndReturn(56)) - a2a45bd7-a5e0-4340-8f54-18154636035d@group-A0CA0180B9D0:LeaderElection71: Election REJECTED; received 2 response(s) [a2a45bd7-a5e0-4340-8f54-18154636035d<-254673df-2edd-4980-9522-b0d4e3ed8927#0:FAIL-t1, a2a45bd7-a5e0-4340-8f54-18154636035d<-5ce9e101-a3eb-4631-b6de-3e40cc925b1f#0:FAIL-t1] and 0 exception(s); a2a45bd7-a5e0-4340-8f54-18154636035d@group-A0CA0180B9D0:t1, leader=null, voted=a2a45bd7-a5e0-4340-8f54-18154636035d, raftlog=a2a45bd7-a5e0-4340-8f54-18154636035d@group-A0CA0180B9D0-SegmentedRaftLog:OPENED:c-1,f-1,i0, conf=-1: [254673df-2edd-4980-9522-b0d4e3ed8927:192.168.36.105:41677, 5ce9e101-a3eb-4631-b6de-3e40cc925b1f:192.168.36.105:36028, a2a45bd7-a5e0-4340-8f54-18154636035d:192.168.36.105:36813], old=null
2019-09-07 05:41:02,506 [5ce9e101-a3eb-4631-b6de-3e40cc925b1f@group-A0CA0180B9D0:LeaderElection69] INFO  impl.RaftServerImpl (RaftServerImpl.java:setRole(174)) - 5ce9e101-a3eb-4631-b6de-3e40cc925b1f@group-A0CA0180B9D0: changes role from CANDIDATE to LEADER at term 1 for changeToLeader
2019-09-07 05:41:02,506 [5ce9e101-a3eb-4631-b6de-3e40cc925b1f@group-A0CA0180B9D0:LeaderElection69] INFO  impl.RaftServerImpl (ServerState.java:setLeader(253)) - 5ce9e101-a3eb-4631-b6de-3e40cc925b1f@group-A0CA0180B9D0: change Leader from null to 5ce9e101-a3eb-4631-b6de-3e40cc925b1f at term 1 for becomeLeader, leader elected after 5113ms
2019-09-07 05:41:02,506 [ef2f7667-7980-42d6-a69e-bebf92f3302c@group-0180A3FD025F:LeaderElection70] INFO  impl.RaftServerImpl (RaftServerImpl.java:setRole(174)) - ef2f7667-7980-42d6-a69e-bebf92f3302c@group-0180A3FD025F: changes role from CANDIDATE to LEADER at term 1 for changeToLeader
2019-09-07 05:41:02,508 [5ce9e101-a3eb-4631-b6de-3e40cc925b1f@group-A0CA0180B9D0:LeaderElection69] INFO  server.RaftServerConfigKeys (ConfUtils.java:logGet(43)) - raft.server.staging.catchup.gap = 1000 (default)
2019-09-07 05:41:02,506 [a2a45bd7-a5e0-4340-8f54-18154636035d@group-A0CA0180B9D0:LeaderElection71] INFO  impl.RaftServerImpl (RaftServerImpl.java:setRole(174)) - a2a45bd7-a5e0-4340-8f54-18154636035d@group-A0CA0180B9D0: changes role from CANDIDATE to FOLLOWER at term 1 for DISCOVERED_A_NEW_TERM
2019-09-07 05:41:02,508 [5ce9e101-a3eb-4631-b6de-3e40cc925b1f@group-A0CA0180B9D0:LeaderElection69] INFO  server.RaftServerConfigKeys (ConfUtils.java:logGet(43)) - raft.server.rpc.sleep.time = 25ms (default)
2019-09-07 05:41:02,508 [ef2f7667-7980-42d6-a69e-bebf92f3302c@group-0180A3FD025F:LeaderElection70] INFO  impl.RaftServerImpl (ServerState.java:setLeader(253)) - ef2f7667-7980-42d6-a69e-bebf92f3302c@group-0180A3FD025F: change Leader from null to ef2f7667-7980-42d6-a69e-bebf92f3302c at term 1 for becomeLeader, leader elected after 5169ms
2019-09-07 05:41:02,508 [5ce9e101-a3eb-4631-b6de-3e40cc925b1f@group-A0CA0180B9D0:LeaderElection69] INFO  server.RaftServerConfigKeys (ConfUtils.java:logGet(43)) - raft.server.write.element-limit = 4096 (default)
2019-09-07 05:41:02,508 [a2a45bd7-a5e0-4340-8f54-18154636035d@group-A0CA0180B9D0:LeaderElection71] INFO  impl.RoleInfo (RoleInfo.java:shutdownLeaderElection(134)) - a2a45bd7-a5e0-4340-8f54-18154636035d: shutdown LeaderElection
2019-09-07 05:41:02,508 [5ce9e101-a3eb-4631-b6de-3e40cc925b1f@group-A0CA0180B9D0:LeaderElection69] INFO  server.RaftServerConfigKeys (ConfUtils.java:logGet(43)) - raft.server.watch.timeout = 10s (default)
2019-09-07 05:41:02,508 [ef2f7667-7980-42d6-a69e-bebf92f3302c@group-0180A3FD025F:LeaderElection70] INFO  server.RaftServerConfigKeys (ConfUtils.java:logGet(43)) - raft.server.staging.catchup.gap = 1000 (default)
2019-09-07 05:41:02,509 [5ce9e101-a3eb-4631-b6de-3e40cc925b1f@group-A0CA0180B9D0:LeaderElection69] INFO  server.RaftServerConfigKeys (ConfUtils.java:logGet(43)) - raft.server.watch.timeout.denomination = 1s (default)
2019-09-07 05:41:02,509 [a2a45bd7-a5e0-4340-8f54-18154636035d@group-A0CA0180B9D0:LeaderElection71] INFO  impl.RoleInfo (RoleInfo.java:updateAndGet(143)) - a2a45bd7-a5e0-4340-8f54-18154636035d: start FollowerState
2019-09-07 05:41:02,509 [5ce9e101-a3eb-4631-b6de-3e40cc925b1f@group-A0CA0180B9D0:LeaderElection69] INFO  server.RaftServerConfigKeys (ConfUtils.java:logGet(43)) - raft.server.watch.element-limit = 65536 (default)
2019-09-07 05:41:02,509 [ef2f7667-7980-42d6-a69e-bebf92f3302c@group-0180A3FD025F:LeaderElection70] INFO  server.RaftServerConfigKeys (ConfUtils.java:logGet(43)) - raft.server.rpc.sleep.time = 25ms (default)
2019-09-07 05:41:02,509 [ef2f7667-7980-42d6-a69e-bebf92f3302c@group-0180A3FD025F:LeaderElection70] INFO  server.RaftServerConfigKeys (ConfUtils.java:logGet(43)) - raft.server.write.element-limit = 4096 (default)
2019-09-07 05:41:02,510 [ef2f7667-7980-42d6-a69e-bebf92f3302c@group-0180A3FD025F:LeaderElection70] INFO  server.RaftServerConfigKeys (ConfUtils.java:logGet(43)) - raft.server.watch.timeout = 10s (default)
2019-09-07 05:41:02,510 [ef2f7667-7980-42d6-a69e-bebf92f3302c@group-0180A3FD025F:LeaderElection70] INFO  server.RaftServerConfigKeys (ConfUtils.java:logGet(43)) - raft.server.watch.timeout.denomination = 1s (default)
2019-09-07 05:41:02,510 [ef2f7667-7980-42d6-a69e-bebf92f3302c@group-0180A3FD025F:LeaderElection70] INFO  server.RaftServerConfigKeys (ConfUtils.java:logGet(43)) - raft.server.watch.element-limit = 65536 (default)
2019-09-07 05:41:02,511 [5ce9e101-a3eb-4631-b6de-3e40cc925b1f@group-A0CA0180B9D0:LeaderElection69] INFO  server.RaftServerConfigKeys (ConfUtils.java:logGet(43)) - raft.server.log.appender.snapshot.chunk.size.max = 16MB (=16777216) (default)
2019-09-07 05:41:02,511 [5ce9e101-a3eb-4631-b6de-3e40cc925b1f@group-A0CA0180B9D0:LeaderElection69] INFO  server.RaftServerConfigKeys (ConfUtils.java:logGet(43)) - raft.server.log.appender.buffer.byte-limit = 33554432 (custom)
2019-09-07 05:41:02,511 [5ce9e101-a3eb-4631-b6de-3e40cc925b1f@group-A0CA0180B9D0:LeaderElection69] INFO  server.RaftServerConfigKeys (ConfUtils.java:logGet(43)) - raft.server.log.appender.buffer.element-limit = 1 (custom)
2019-09-07 05:41:02,511 [5ce9e101-a3eb-4631-b6de-3e40cc925b1f@group-A0CA0180B9D0:LeaderElection69] INFO  grpc.GrpcConfigKeys$Server (ConfUtils.java:logGet(43)) - raft.grpc.server.leader.outstanding.appends.max = 128 (default)
2019-09-07 05:41:02,512 [5ce9e101-a3eb-4631-b6de-3e40cc925b1f@group-A0CA0180B9D0:LeaderElection69] INFO  server.RaftServerConfigKeys (ConfUtils.java:logGet(43)) - raft.server.rpc.request.timeout = 3000ms (default)
2019-09-07 05:41:02,512 [5ce9e101-a3eb-4631-b6de-3e40cc925b1f@group-A0CA0180B9D0:LeaderElection69] INFO  server.RaftServerConfigKeys (ConfUtils.java:logGet(43)) - raft.server.log.appender.install.snapshot.enabled = false (custom)
2019-09-07 05:41:02,512 [5ce9e101-a3eb-4631-b6de-3e40cc925b1f@group-A0CA0180B9D0:LeaderElection69] INFO  server.RaftServerConfigKeys (ConfUtils.java:logGet(43)) - raft.server.log.appender.snapshot.chunk.size.max = 16MB (=16777216) (default)
2019-09-07 05:41:02,512 [ef2f7667-7980-42d6-a69e-bebf92f3302c@group-0180A3FD025F:LeaderElection70] INFO  server.RaftServerConfigKeys (ConfUtils.java:logGet(43)) - raft.server.log.appender.snapshot.chunk.size.max = 16MB (=16777216) (default)
2019-09-07 05:41:02,512 [5ce9e101-a3eb-4631-b6de-3e40cc925b1f@group-A0CA0180B9D0:LeaderElection69] INFO  server.RaftServerConfigKeys (ConfUtils.java:logGet(43)) - raft.server.log.appender.buffer.byte-limit = 33554432 (custom)
2019-09-07 05:41:02,512 [ef2f7667-7980-42d6-a69e-bebf92f3302c@group-0180A3FD025F:LeaderElection70] INFO  server.RaftServerConfigKeys (ConfUtils.java:logGet(43)) - raft.server.log.appender.buffer.byte-limit = 33554432 (custom)
2019-09-07 05:41:02,512 [5ce9e101-a3eb-4631-b6de-3e40cc925b1f@group-A0CA0180B9D0:LeaderElection69] INFO  server.RaftServerConfigKeys (ConfUtils.java:logGet(43)) - raft.server.log.appender.buffer.element-limit = 1 (custom)
2019-09-07 05:41:02,512 [ef2f7667-7980-42d6-a69e-bebf92f3302c@group-0180A3FD025F:LeaderElection70] INFO  server.RaftServerConfigKeys (ConfUtils.java:logGet(43)) - raft.server.log.appender.buffer.element-limit = 1 (custom)
2019-09-07 05:41:02,513 [ef2f7667-7980-42d6-a69e-bebf92f3302c@group-0180A3FD025F:LeaderElection70] INFO  grpc.GrpcConfigKeys$Server (ConfUtils.java:logGet(43)) - raft.grpc.server.leader.outstanding.appends.max = 128 (default)
2019-09-07 05:41:02,513 [5ce9e101-a3eb-4631-b6de-3e40cc925b1f@group-A0CA0180B9D0:LeaderElection69] INFO  grpc.GrpcConfigKeys$Server (ConfUtils.java:logGet(43)) - raft.grpc.server.leader.outstanding.appends.max = 128 (default)
2019-09-07 05:41:02,513 [ef2f7667-7980-42d6-a69e-bebf92f3302c@group-0180A3FD025F:LeaderElection70] INFO  server.RaftServerConfigKeys (ConfUtils.java:logGet(43)) - raft.server.rpc.request.timeout = 3000ms (default)
2019-09-07 05:41:02,513 [5ce9e101-a3eb-4631-b6de-3e40cc925b1f@group-A0CA0180B9D0:LeaderElection69] INFO  server.RaftServerConfigKeys (ConfUtils.java:logGet(43)) - raft.server.rpc.request.timeout = 3000ms (default)
2019-09-07 05:41:02,513 [ef2f7667-7980-42d6-a69e-bebf92f3302c@group-0180A3FD025F:LeaderElection70] INFO  server.RaftServerConfigKeys (ConfUtils.java:logGet(43)) - raft.server.log.appender.install.snapshot.enabled = false (custom)
2019-09-07 05:41:02,513 [5ce9e101-a3eb-4631-b6de-3e40cc925b1f@group-A0CA0180B9D0:LeaderElection69] INFO  server.RaftServerConfigKeys (ConfUtils.java:logGet(43)) - raft.server.log.appender.install.snapshot.enabled = false (custom)
2019-09-07 05:41:02,513 [ef2f7667-7980-42d6-a69e-bebf92f3302c@group-0180A3FD025F:LeaderElection70] INFO  server.RaftServerConfigKeys (ConfUtils.java:logGet(43)) - raft.server.log.appender.snapshot.chunk.size.max = 16MB (=16777216) (default)
2019-09-07 05:41:02,514 [5ce9e101-a3eb-4631-b6de-3e40cc925b1f@group-A0CA0180B9D0:LeaderElection69] INFO  impl.RoleInfo (RoleInfo.java:updateAndGet(143)) - 5ce9e101-a3eb-4631-b6de-3e40cc925b1f: start LeaderState
2019-09-07 05:41:02,514 [ef2f7667-7980-42d6-a69e-bebf92f3302c@group-0180A3FD025F:LeaderElection70] INFO  server.RaftServerConfigKeys (ConfUtils.java:logGet(43)) - raft.server.log.appender.buffer.byte-limit = 33554432 (custom)
2019-09-07 05:41:02,514 [ef2f7667-7980-42d6-a69e-bebf92f3302c@group-0180A3FD025F:LeaderElection70] INFO  server.RaftServerConfigKeys (ConfUtils.java:logGet(43)) - raft.server.log.appender.buffer.element-limit = 1 (custom)
2019-09-07 05:41:02,514 [5ce9e101-a3eb-4631-b6de-3e40cc925b1f@group-A0CA0180B9D0:LeaderElection69] INFO  segmented.SegmentedRaftLogWorker (SegmentedRaftLogWorker.java:startLogSegment(380)) - 5ce9e101-a3eb-4631-b6de-3e40cc925b1f@group-A0CA0180B9D0-SegmentedRaftLogWorker: Starting segment from index:0
2019-09-07 05:41:02,514 [ef2f7667-7980-42d6-a69e-bebf92f3302c@group-0180A3FD025F:LeaderElection70] INFO  grpc.GrpcConfigKeys$Server (ConfUtils.java:logGet(43)) - raft.grpc.server.leader.outstanding.appends.max = 128 (default)
2019-09-07 05:41:02,514 [ef2f7667-7980-42d6-a69e-bebf92f3302c@group-0180A3FD025F:LeaderElection70] INFO  server.RaftServerConfigKeys (ConfUtils.java:logGet(43)) - raft.server.rpc.request.timeout = 3000ms (default)
2019-09-07 05:41:02,514 [ef2f7667-7980-42d6-a69e-bebf92f3302c@group-0180A3FD025F:LeaderElection70] INFO  server.RaftServerConfigKeys (ConfUtils.java:logGet(43)) - raft.server.log.appender.install.snapshot.enabled = false (custom)
2019-09-07 05:41:02,514 [ef2f7667-7980-42d6-a69e-bebf92f3302c@group-0180A3FD025F:LeaderElection70] INFO  impl.RoleInfo (RoleInfo.java:updateAndGet(143)) - ef2f7667-7980-42d6-a69e-bebf92f3302c: start LeaderState
2019-09-07 05:41:02,515 [5ce9e101-a3eb-4631-b6de-3e40cc925b1f@group-A0CA0180B9D0:LeaderElection69] INFO  impl.RaftServerImpl (ServerState.java:setRaftConf(354)) - 5ce9e101-a3eb-4631-b6de-3e40cc925b1f@group-A0CA0180B9D0: set configuration 0: [254673df-2edd-4980-9522-b0d4e3ed8927:192.168.36.105:41677, 5ce9e101-a3eb-4631-b6de-3e40cc925b1f:192.168.36.105:36028, a2a45bd7-a5e0-4340-8f54-18154636035d:192.168.36.105:36813], old=null at 0
2019-09-07 05:41:02,515 [ef2f7667-7980-42d6-a69e-bebf92f3302c@group-0180A3FD025F:LeaderElection70] INFO  segmented.SegmentedRaftLogWorker (SegmentedRaftLogWorker.java:startLogSegment(380)) - ef2f7667-7980-42d6-a69e-bebf92f3302c@group-0180A3FD025F-SegmentedRaftLogWorker: Starting segment from index:0
2019-09-07 05:41:02,546 [ef2f7667-7980-42d6-a69e-bebf92f3302c@group-0180A3FD025F:LeaderElection70] INFO  impl.RaftServerImpl (ServerState.java:setRaftConf(354)) - ef2f7667-7980-42d6-a69e-bebf92f3302c@group-0180A3FD025F: set configuration 0: [9421659c-ce2f-43f5-9e25-e6f39f25e195:192.168.36.105:40709, 128f9cd9-1ce0-4189-9a97-bb171bd7dc5e:192.168.36.105:36471, ef2f7667-7980-42d6-a69e-bebf92f3302c:192.168.36.105:43000], old=null at 0
2019-09-07 05:41:02,547 [grpc-default-executor-8] INFO  impl.RaftServerImpl (ServerState.java:setLeader(253)) - a2a45bd7-a5e0-4340-8f54-18154636035d@group-A0CA0180B9D0: change Leader from null to 5ce9e101-a3eb-4631-b6de-3e40cc925b1f at term 1 for appendEntries, leader elected after 5154ms
2019-09-07 05:41:02,575 [Thread-2228] INFO  impl.FollowerState (FollowerState.java:run(106)) - c7e58609-db72-4f93-9745-0b8c1d648e44:group-891CDB78B3FA changes to CANDIDATE, lastRpcTime:5076, electionTimeout:5055ms
2019-09-07 05:41:02,575 [5ce9e101-a3eb-4631-b6de-3e40cc925b1f@group-A0CA0180B9D0-SegmentedRaftLogWorker] INFO  segmented.SegmentedRaftLogWorker (SegmentedRaftLogWorker.java:execute(569)) - 5ce9e101-a3eb-4631-b6de-3e40cc925b1f@group-A0CA0180B9D0-SegmentedRaftLogWorker: created new log segment /workdir/hadoop-ozone/integration-test/target/test-dir/MiniOzoneClusterImpl-cbf2fb49-9796-4388-8e34-31192cee1719/datanode-5/data/ratis/bf2404e7-a660-46ac-95dd-a0ca0180b9d0/current/log_inprogress_0
2019-09-07 05:41:02,576 [Thread-2228] INFO  impl.RoleInfo (RoleInfo.java:shutdownFollowerState(121)) - c7e58609-db72-4f93-9745-0b8c1d648e44: shutdown FollowerState
2019-09-07 05:41:02,575 [Thread-2225] INFO  impl.FollowerState (FollowerState.java:run(106)) - 5ce9e101-a3eb-4631-b6de-3e40cc925b1f:group-0E1FC742B70E changes to CANDIDATE, lastRpcTime:5122, electionTimeout:5110ms
2019-09-07 05:41:02,582 [Thread-2228] INFO  impl.RaftServerImpl (RaftServerImpl.java:setRole(174)) - c7e58609-db72-4f93-9745-0b8c1d648e44@group-891CDB78B3FA: changes role from  FOLLOWER to CANDIDATE at term 0 for changeToCandidate
2019-09-07 05:41:02,583 [Thread-2225] INFO  impl.RoleInfo (RoleInfo.java:shutdownFollowerState(121)) - 5ce9e101-a3eb-4631-b6de-3e40cc925b1f: shutdown FollowerState
2019-09-07 05:41:02,585 [grpc-default-executor-8] INFO  impl.RaftServerImpl (ServerState.java:setLeader(253)) - 9421659c-ce2f-43f5-9e25-e6f39f25e195@group-0180A3FD025F: change Leader from null to ef2f7667-7980-42d6-a69e-bebf92f3302c at term 1 for appendEntries, leader elected after 5246ms
2019-09-07 05:41:02,585 [grpc-default-executor-10] INFO  impl.RaftServerImpl (ServerState.java:setLeader(253)) - 128f9cd9-1ce0-4189-9a97-bb171bd7dc5e@group-0180A3FD025F: change Leader from null to ef2f7667-7980-42d6-a69e-bebf92f3302c at term 1 for appendEntries, leader elected after 5247ms
2019-09-07 05:41:02,583 [grpc-default-executor-9] INFO  impl.RaftServerImpl (ServerState.java:setLeader(253)) - 254673df-2edd-4980-9522-b0d4e3ed8927@group-A0CA0180B9D0: change Leader from null to 5ce9e101-a3eb-4631-b6de-3e40cc925b1f at term 1 for appendEntries, leader elected after 5190ms
2019-09-07 05:41:02,585 [Thread-2228] INFO  impl.RoleInfo (RoleInfo.java:updateAndGet(143)) - c7e58609-db72-4f93-9745-0b8c1d648e44: start LeaderElection
2019-09-07 05:41:02,585 [Thread-2225] INFO  impl.RaftServerImpl (RaftServerImpl.java:setRole(174)) - 5ce9e101-a3eb-4631-b6de-3e40cc925b1f@group-0E1FC742B70E: changes role from  FOLLOWER to CANDIDATE at term 0 for changeToCandidate
2019-09-07 05:41:02,588 [ef2f7667-7980-42d6-a69e-bebf92f3302c@group-0180A3FD025F-SegmentedRaftLogWorker] INFO  segmented.SegmentedRaftLogWorker (SegmentedRaftLogWorker.java:execute(569)) - ef2f7667-7980-42d6-a69e-bebf92f3302c@group-0180A3FD025F-SegmentedRaftLogWorker: created new log segment /workdir/hadoop-ozone/integration-test/target/test-dir/MiniOzoneClusterImpl-cbf2fb49-9796-4388-8e34-31192cee1719/datanode-4/data/ratis/8923fd70-b3d7-4b65-a00f-0180a3fd025f/current/log_inprogress_0
2019-09-07 05:41:02,590 [Thread-2225] INFO  impl.RoleInfo (RoleInfo.java:updateAndGet(143)) - 5ce9e101-a3eb-4631-b6de-3e40cc925b1f: start LeaderElection
2019-09-07 05:41:02,595 [grpc-default-executor-9] INFO  impl.RaftServerImpl (ServerState.java:setRaftConf(354)) - a2a45bd7-a5e0-4340-8f54-18154636035d@group-A0CA0180B9D0: set configuration 0: [254673df-2edd-4980-9522-b0d4e3ed8927:192.168.36.105:41677, 5ce9e101-a3eb-4631-b6de-3e40cc925b1f:192.168.36.105:36028, a2a45bd7-a5e0-4340-8f54-18154636035d:192.168.36.105:36813], old=null at 0
2019-09-07 05:41:02,599 [grpc-default-executor-9] INFO  segmented.SegmentedRaftLogWorker (SegmentedRaftLogWorker.java:startLogSegment(380)) - a2a45bd7-a5e0-4340-8f54-18154636035d@group-A0CA0180B9D0-SegmentedRaftLogWorker: Starting segment from index:0
2019-09-07 05:41:02,599 [grpc-default-executor-8] INFO  impl.RaftServerImpl (ServerState.java:setRaftConf(354)) - 9421659c-ce2f-43f5-9e25-e6f39f25e195@group-0180A3FD025F: set configuration 0: [9421659c-ce2f-43f5-9e25-e6f39f25e195:192.168.36.105:40709, 128f9cd9-1ce0-4189-9a97-bb171bd7dc5e:192.168.36.105:36471, ef2f7667-7980-42d6-a69e-bebf92f3302c:192.168.36.105:43000], old=null at 0
2019-09-07 05:41:02,599 [grpc-default-executor-10] INFO  impl.RaftServerImpl (ServerState.java:setRaftConf(354)) - 254673df-2edd-4980-9522-b0d4e3ed8927@group-A0CA0180B9D0: set configuration 0: [254673df-2edd-4980-9522-b0d4e3ed8927:192.168.36.105:41677, 5ce9e101-a3eb-4631-b6de-3e40cc925b1f:192.168.36.105:36028, a2a45bd7-a5e0-4340-8f54-18154636035d:192.168.36.105:36813], old=null at 0
2019-09-07 05:41:02,600 [grpc-default-executor-9] INFO  impl.RaftServerImpl (ServerState.java:setRaftConf(354)) - 128f9cd9-1ce0-4189-9a97-bb171bd7dc5e@group-0180A3FD025F: set configuration 0: [9421659c-ce2f-43f5-9e25-e6f39f25e195:192.168.36.105:40709, 128f9cd9-1ce0-4189-9a97-bb171bd7dc5e:192.168.36.105:36471, ef2f7667-7980-42d6-a69e-bebf92f3302c:192.168.36.105:43000], old=null at 0
2019-09-07 05:41:02,600 [grpc-default-executor-8] INFO  segmented.SegmentedRaftLogWorker (SegmentedRaftLogWorker.java:startLogSegment(380)) - 9421659c-ce2f-43f5-9e25-e6f39f25e195@group-0180A3FD025F-SegmentedRaftLogWorker: Starting segment from index:0
2019-09-07 05:41:02,600 [grpc-default-executor-9] INFO  segmented.SegmentedRaftLogWorker (SegmentedRaftLogWorker.java:startLogSegment(380)) - 128f9cd9-1ce0-4189-9a97-bb171bd7dc5e@group-0180A3FD025F-SegmentedRaftLogWorker: Starting segment from index:0
2019-09-07 05:41:02,600 [grpc-default-executor-10] INFO  segmented.SegmentedRaftLogWorker (SegmentedRaftLogWorker.java:startLogSegment(380)) - 254673df-2edd-4980-9522-b0d4e3ed8927@group-A0CA0180B9D0-SegmentedRaftLogWorker: Starting segment from index:0
2019-09-07 05:41:02,605 [c7e58609-db72-4f93-9745-0b8c1d648e44@group-891CDB78B3FA:LeaderElection72] INFO  impl.LeaderElection (LeaderElection.java:askForVotes(182)) - c7e58609-db72-4f93-9745-0b8c1d648e44@group-891CDB78B3FA:LeaderElection72: begin an election at term 1 for -1: [c7e58609-db72-4f93-9745-0b8c1d648e44:192.168.36.105:36997], old=null
2019-09-07 05:41:02,605 [c7e58609-db72-4f93-9745-0b8c1d648e44@group-891CDB78B3FA:LeaderElection72] INFO  impl.RoleInfo (RoleInfo.java:shutdownLeaderElection(134)) - c7e58609-db72-4f93-9745-0b8c1d648e44: shutdown LeaderElection
2019-09-07 05:41:02,605 [c7e58609-db72-4f93-9745-0b8c1d648e44@group-891CDB78B3FA:LeaderElection72] INFO  impl.RaftServerImpl (RaftServerImpl.java:setRole(174)) - c7e58609-db72-4f93-9745-0b8c1d648e44@group-891CDB78B3FA: changes role from CANDIDATE to LEADER at term 1 for changeToLeader
2019-09-07 05:41:02,605 [c7e58609-db72-4f93-9745-0b8c1d648e44@group-891CDB78B3FA:LeaderElection72] INFO  impl.RaftServerImpl (ServerState.java:setLeader(253)) - c7e58609-db72-4f93-9745-0b8c1d648e44@group-891CDB78B3FA: change Leader from null to c7e58609-db72-4f93-9745-0b8c1d648e44 at term 1 for becomeLeader, leader elected after 5111ms
2019-09-07 05:41:02,605 [c7e58609-db72-4f93-9745-0b8c1d648e44@group-891CDB78B3FA:LeaderElection72] INFO  server.RaftServerConfigKeys (ConfUtils.java:logGet(43)) - raft.server.staging.catchup.gap = 1000 (default)
2019-09-07 05:41:02,605 [c7e58609-db72-4f93-9745-0b8c1d648e44@group-891CDB78B3FA:LeaderElection72] INFO  server.RaftServerConfigKeys (ConfUtils.java:logGet(43)) - raft.server.rpc.sleep.time = 25ms (default)
2019-09-07 05:41:02,606 [c7e58609-db72-4f93-9745-0b8c1d648e44@group-891CDB78B3FA:LeaderElection72] INFO  server.RaftServerConfigKeys (ConfUtils.java:logGet(43)) - raft.server.write.element-limit = 4096 (default)
2019-09-07 05:41:02,606 [c7e58609-db72-4f93-9745-0b8c1d648e44@group-891CDB78B3FA:LeaderElection72] INFO  server.RaftServerConfigKeys (ConfUtils.java:logGet(43)) - raft.server.watch.timeout = 10s (default)
2019-09-07 05:41:02,606 [c7e58609-db72-4f93-9745-0b8c1d648e44@group-891CDB78B3FA:LeaderElection72] INFO  server.RaftServerConfigKeys (ConfUtils.java:logGet(43)) - raft.server.watch.timeout.denomination = 1s (default)
2019-09-07 05:41:02,606 [c7e58609-db72-4f93-9745-0b8c1d648e44@group-891CDB78B3FA:LeaderElection72] INFO  server.RaftServerConfigKeys (ConfUtils.java:logGet(43)) - raft.server.watch.element-limit = 65536 (default)
2019-09-07 05:41:02,645 [5ce9e101-a3eb-4631-b6de-3e40cc925b1f@group-0E1FC742B70E:LeaderElection73] INFO  impl.LeaderElection (LeaderElection.java:askForVotes(182)) - 5ce9e101-a3eb-4631-b6de-3e40cc925b1f@group-0E1FC742B70E:LeaderElection73: begin an election at term 1 for -1: [5ce9e101-a3eb-4631-b6de-3e40cc925b1f:192.168.36.105:36028], old=null
2019-09-07 05:41:02,645 [5ce9e101-a3eb-4631-b6de-3e40cc925b1f@group-0E1FC742B70E:LeaderElection73] INFO  impl.RoleInfo (RoleInfo.java:shutdownLeaderElection(134)) - 5ce9e101-a3eb-4631-b6de-3e40cc925b1f: shutdown LeaderElection
2019-09-07 05:41:02,645 [5ce9e101-a3eb-4631-b6de-3e40cc925b1f@group-0E1FC742B70E:LeaderElection73] INFO  impl.RaftServerImpl (RaftServerImpl.java:setRole(174)) - 5ce9e101-a3eb-4631-b6de-3e40cc925b1f@group-0E1FC742B70E: changes role from CANDIDATE to LEADER at term 1 for changeToLeader
2019-09-07 05:41:02,645 [5ce9e101-a3eb-4631-b6de-3e40cc925b1f@group-0E1FC742B70E:LeaderElection73] INFO  impl.RaftServerImpl (ServerState.java:setLeader(253)) - 5ce9e101-a3eb-4631-b6de-3e40cc925b1f@group-0E1FC742B70E: change Leader from null to 5ce9e101-a3eb-4631-b6de-3e40cc925b1f at term 1 for becomeLeader, leader elected after 5196ms
2019-09-07 05:41:02,646 [5ce9e101-a3eb-4631-b6de-3e40cc925b1f@group-0E1FC742B70E:LeaderElection73] INFO  server.RaftServerConfigKeys (ConfUtils.java:logGet(43)) - raft.server.staging.catchup.gap = 1000 (default)
2019-09-07 05:41:02,646 [5ce9e101-a3eb-4631-b6de-3e40cc925b1f@group-0E1FC742B70E:LeaderElection73] INFO  server.RaftServerConfigKeys (ConfUtils.java:logGet(43)) - raft.server.rpc.sleep.time = 25ms (default)
2019-09-07 05:41:02,646 [5ce9e101-a3eb-4631-b6de-3e40cc925b1f@group-0E1FC742B70E:LeaderElection73] INFO  server.RaftServerConfigKeys (ConfUtils.java:logGet(43)) - raft.server.write.element-limit = 4096 (default)
2019-09-07 05:41:02,646 [5ce9e101-a3eb-4631-b6de-3e40cc925b1f@group-0E1FC742B70E:LeaderElection73] INFO  server.RaftServerConfigKeys (ConfUtils.java:logGet(43)) - raft.server.watch.timeout = 10s (default)
2019-09-07 05:41:02,646 [5ce9e101-a3eb-4631-b6de-3e40cc925b1f@group-0E1FC742B70E:LeaderElection73] INFO  server.RaftServerConfigKeys (ConfUtils.java:logGet(43)) - raft.server.watch.timeout.denomination = 1s (default)
2019-09-07 05:41:02,646 [grpc-default-executor-10] INFO  client.GrpcClientProtocolClient (GrpcClientProtocolClient.java:onNext(264)) - client-22CE59BD5773->ef2f7667-7980-42d6-a69e-bebf92f3302c: receive RaftClientReply:client-22CE59BD5773->ef2f7667-7980-42d6-a69e-bebf92f3302c@group-0180A3FD025F, cid=103, FAILED org.apache.ratis.protocol.LeaderNotReadyException: ef2f7667-7980-42d6-a69e-bebf92f3302c@group-0180A3FD025F is in LEADER state but not ready yet., logIndex=0, commits[ef2f7667-7980-42d6-a69e-bebf92f3302c:c-1, 9421659c-ce2f-43f5-9e25-e6f39f25e195:c-1, 128f9cd9-1ce0-4189-9a97-bb171bd7dc5e:c-1]
2019-09-07 05:41:02,646 [5ce9e101-a3eb-4631-b6de-3e40cc925b1f@group-0E1FC742B70E:LeaderElection73] INFO  server.RaftServerConfigKeys (ConfUtils.java:logGet(43)) - raft.server.watch.element-limit = 65536 (default)
2019-09-07 05:41:02,650 [c7e58609-db72-4f93-9745-0b8c1d648e44@group-891CDB78B3FA:LeaderElection72] INFO  impl.RoleInfo (RoleInfo.java:updateAndGet(143)) - c7e58609-db72-4f93-9745-0b8c1d648e44: start LeaderState
2019-09-07 05:41:02,653 [c7e58609-db72-4f93-9745-0b8c1d648e44@group-891CDB78B3FA:LeaderElection72] INFO  segmented.SegmentedRaftLogWorker (SegmentedRaftLogWorker.java:startLogSegment(380)) - c7e58609-db72-4f93-9745-0b8c1d648e44@group-891CDB78B3FA-SegmentedRaftLogWorker: Starting segment from index:0
2019-09-07 05:41:02,653 [c7e58609-db72-4f93-9745-0b8c1d648e44@group-891CDB78B3FA:LeaderElection72] INFO  impl.RaftServerImpl (ServerState.java:setRaftConf(354)) - c7e58609-db72-4f93-9745-0b8c1d648e44@group-891CDB78B3FA: set configuration 0: [c7e58609-db72-4f93-9745-0b8c1d648e44:192.168.36.105:36997], old=null at 0
2019-09-07 05:41:02,654 [5ce9e101-a3eb-4631-b6de-3e40cc925b1f@group-0E1FC742B70E:LeaderElection73] INFO  impl.RoleInfo (RoleInfo.java:updateAndGet(143)) - 5ce9e101-a3eb-4631-b6de-3e40cc925b1f: start LeaderState
2019-09-07 05:41:02,654 [5ce9e101-a3eb-4631-b6de-3e40cc925b1f@group-0E1FC742B70E:LeaderElection73] INFO  segmented.SegmentedRaftLogWorker (SegmentedRaftLogWorker.java:startLogSegment(380)) - 5ce9e101-a3eb-4631-b6de-3e40cc925b1f@group-0E1FC742B70E-SegmentedRaftLogWorker: Starting segment from index:0
2019-09-07 05:41:02,654 [5ce9e101-a3eb-4631-b6de-3e40cc925b1f@group-0E1FC742B70E:LeaderElection73] INFO  impl.RaftServerImpl (ServerState.java:setRaftConf(354)) - 5ce9e101-a3eb-4631-b6de-3e40cc925b1f@group-0E1FC742B70E: set configuration 0: [5ce9e101-a3eb-4631-b6de-3e40cc925b1f:192.168.36.105:36028], old=null at 0
2019-09-07 05:41:02,656 [254673df-2edd-4980-9522-b0d4e3ed8927@group-A0CA0180B9D0-SegmentedRaftLogWorker] INFO  segmented.SegmentedRaftLogWorker (SegmentedRaftLogWorker.java:execute(569)) - 254673df-2edd-4980-9522-b0d4e3ed8927@group-A0CA0180B9D0-SegmentedRaftLogWorker: created new log segment /workdir/hadoop-ozone/integration-test/target/test-dir/MiniOzoneClusterImpl-cbf2fb49-9796-4388-8e34-31192cee1719/datanode-0/data/ratis/bf2404e7-a660-46ac-95dd-a0ca0180b9d0/current/log_inprogress_0
2019-09-07 05:41:02,656 [128f9cd9-1ce0-4189-9a97-bb171bd7dc5e@group-0180A3FD025F-SegmentedRaftLogWorker] INFO  segmented.SegmentedRaftLogWorker (SegmentedRaftLogWorker.java:execute(569)) - 128f9cd9-1ce0-4189-9a97-bb171bd7dc5e@group-0180A3FD025F-SegmentedRaftLogWorker: created new log segment /workdir/hadoop-ozone/integration-test/target/test-dir/MiniOzoneClusterImpl-cbf2fb49-9796-4388-8e34-31192cee1719/datanode-1/data/ratis/8923fd70-b3d7-4b65-a00f-0180a3fd025f/current/log_inprogress_0
2019-09-07 05:41:02,656 [a2a45bd7-a5e0-4340-8f54-18154636035d@group-A0CA0180B9D0-SegmentedRaftLogWorker] INFO  segmented.SegmentedRaftLogWorker (SegmentedRaftLogWorker.java:execute(569)) - a2a45bd7-a5e0-4340-8f54-18154636035d@group-A0CA0180B9D0-SegmentedRaftLogWorker: created new log segment /workdir/hadoop-ozone/integration-test/target/test-dir/MiniOzoneClusterImpl-cbf2fb49-9796-4388-8e34-31192cee1719/datanode-2/data/ratis/bf2404e7-a660-46ac-95dd-a0ca0180b9d0/current/log_inprogress_0
2019-09-07 05:41:02,656 [9421659c-ce2f-43f5-9e25-e6f39f25e195@group-0180A3FD025F-SegmentedRaftLogWorker] INFO  segmented.SegmentedRaftLogWorker (SegmentedRaftLogWorker.java:execute(569)) - 9421659c-ce2f-43f5-9e25-e6f39f25e195@group-0180A3FD025F-SegmentedRaftLogWorker: created new log segment /workdir/hadoop-ozone/integration-test/target/test-dir/MiniOzoneClusterImpl-cbf2fb49-9796-4388-8e34-31192cee1719/datanode-3/data/ratis/8923fd70-b3d7-4b65-a00f-0180a3fd025f/current/log_inprogress_0
2019-09-07 05:41:02,685 [c7e58609-db72-4f93-9745-0b8c1d648e44@group-891CDB78B3FA-SegmentedRaftLogWorker] INFO  segmented.SegmentedRaftLogWorker (SegmentedRaftLogWorker.java:execute(569)) - c7e58609-db72-4f93-9745-0b8c1d648e44@group-891CDB78B3FA-SegmentedRaftLogWorker: created new log segment /workdir/hadoop-ozone/integration-test/target/test-dir/MiniOzoneClusterImpl-cbf2fb49-9796-4388-8e34-31192cee1719/datanode-6/data/ratis/50872b59-433f-4e28-a85e-891cdb78b3fa/current/log_inprogress_0
2019-09-07 05:41:02,702 [5ce9e101-a3eb-4631-b6de-3e40cc925b1f@group-0E1FC742B70E-SegmentedRaftLogWorker] INFO  segmented.SegmentedRaftLogWorker (SegmentedRaftLogWorker.java:execute(569)) - 5ce9e101-a3eb-4631-b6de-3e40cc925b1f@group-0E1FC742B70E-SegmentedRaftLogWorker: created new log segment /workdir/hadoop-ozone/integration-test/target/test-dir/MiniOzoneClusterImpl-cbf2fb49-9796-4388-8e34-31192cee1719/datanode-5/data/ratis/37a386f7-ab94-49ee-b7ee-0e1fc742b70e/current/log_inprogress_0
2019-09-07 05:41:04,768 [grpc-default-executor-10] INFO  client.GrpcClientProtocolClient (GrpcClientProtocolClient.java:onNext(264)) - client-22CE59BD5773->ef2f7667-7980-42d6-a69e-bebf92f3302c: receive RaftClientReply:client-22CE59BD5773->ef2f7667-7980-42d6-a69e-bebf92f3302c@group-0180A3FD025F, cid=103, SUCCESS, logIndex=1, commits[ef2f7667-7980-42d6-a69e-bebf92f3302c:c2, 9421659c-ce2f-43f5-9e25-e6f39f25e195:c1, 128f9cd9-1ce0-4189-9a97-bb171bd7dc5e:c1]
2019-09-07 05:41:05,757 [Datanode State Machine Thread - 0] INFO  statemachine.DatanodeStateMachine (DatanodeStateMachine.java:lambda$startDaemon$0(350)) - Ozone container server started.
2019-09-07 05:41:09,770 [main] INFO  ozoneimpl.OzoneContainer (OzoneContainer.java:stop(231)) - Attempting to stop container services.
2019-09-07 05:41:09,772 [main] INFO  impl.RaftServerProxy (RaftServerProxy.java:lambda$close$4(314)) - ef2f7667-7980-42d6-a69e-bebf92f3302c: close
2019-09-07 05:41:09,772 [main] INFO  impl.RaftServerImpl (RaftServerImpl.java:lambda$shutdown$3(251)) - ef2f7667-7980-42d6-a69e-bebf92f3302c@group-00FB860D2F0D: shutdown
2019-09-07 05:41:09,773 [ForkJoinPool.commonPool-worker-0] INFO  impl.RaftServerImpl (RaftServerImpl.java:lambda$shutdown$3(251)) - ef2f7667-7980-42d6-a69e-bebf92f3302c@group-0180A3FD025F: shutdown
2019-09-07 05:41:09,773 [main] INFO  util.JmxRegister (JmxRegister.java:unregister(73)) - Successfully un-registered JMX Bean with object name Ratis:service=RaftServer,group=group-00FB860D2F0D,id=ef2f7667-7980-42d6-a69e-bebf92f3302c
2019-09-07 05:41:09,773 [ForkJoinPool.commonPool-worker-0] INFO  util.JmxRegister (JmxRegister.java:unregister(73)) - Successfully un-registered JMX Bean with object name Ratis:service=RaftServer,group=group-0180A3FD025F,id=ef2f7667-7980-42d6-a69e-bebf92f3302c
2019-09-07 05:41:09,774 [main] INFO  impl.RoleInfo (RoleInfo.java:shutdownLeaderState(104)) - ef2f7667-7980-42d6-a69e-bebf92f3302c: shutdown LeaderState
2019-09-07 05:41:09,774 [ForkJoinPool.commonPool-worker-0] INFO  impl.RoleInfo (RoleInfo.java:shutdownLeaderState(104)) - ef2f7667-7980-42d6-a69e-bebf92f3302c: shutdown LeaderState
2019-09-07 05:41:09,775 [main] INFO  impl.PendingRequests (PendingRequests.java:sendNotLeaderResponses(202)) - ef2f7667-7980-42d6-a69e-bebf92f3302c-PendingRequests: sendNotLeaderResponses
2019-09-07 05:41:09,799 [org.apache.ratis.server.impl.LogAppender$AppenderDaemon$$Lambda$512/940590541@2de634a1] WARN  server.GrpcLogAppender (GrpcLogAppender.java:mayWait(143)) - ef2f7667-7980-42d6-a69e-bebf92f3302c@group-0180A3FD025F->9421659c-ce2f-43f5-9e25-e6f39f25e195-GrpcLogAppender: Wait interrupted by java.lang.InterruptedException
2019-09-07 05:41:09,799 [org.apache.ratis.server.impl.LogAppender$AppenderDaemon$$Lambda$512/940590541@291b5c20] WARN  server.GrpcLogAppender (GrpcLogAppender.java:mayWait(143)) - ef2f7667-7980-42d6-a69e-bebf92f3302c@group-0180A3FD025F->128f9cd9-1ce0-4189-9a97-bb171bd7dc5e-GrpcLogAppender: Wait interrupted by java.lang.InterruptedException
2019-09-07 05:41:09,799 [ForkJoinPool.commonPool-worker-0] INFO  impl.PendingRequests (PendingRequests.java:sendNotLeaderResponses(202)) - ef2f7667-7980-42d6-a69e-bebf92f3302c-PendingRequests: sendNotLeaderResponses
2019-09-07 05:41:09,813 [main] INFO  impl.StateMachineUpdater (StateMachineUpdater.java:stopAndJoin(125)) - ef2f7667-7980-42d6-a69e-bebf92f3302c@group-00FB860D2F0D-StateMachineUpdater: set stopIndex = 0
2019-09-07 05:41:09,813 [grpc-default-executor-9] INFO  server.GrpcServerProtocolService (GrpcServerProtocolService.java:onCompleted(113)) - 128f9cd9-1ce0-4189-9a97-bb171bd7dc5e: Completed APPEND_ENTRIES, lastRequest: ef2f7667-7980-42d6-a69e-bebf92f3302c->128f9cd9-1ce0-4189-9a97-bb171bd7dc5e#5-t1, previous=(t:1, i:2), leaderCommit=2, initializing? false, entries: <empty>
2019-09-07 05:41:09,813 [ef2f7667-7980-42d6-a69e-bebf92f3302c@group-0180A3FD025F-StateMachineUpdater] INFO  ratis.ContainerStateMachine (ContainerStateMachine.java:takeSnapshot(289)) - group-0180A3FD025F: Taking a snapshot at:(t:1, i:2) file /workdir/hadoop-ozone/integration-test/target/test-dir/MiniOzoneClusterImpl-cbf2fb49-9796-4388-8e34-31192cee1719/datanode-4/data/ratis/8923fd70-b3d7-4b65-a00f-0180a3fd025f/sm/snapshot.1_2
2019-09-07 05:41:09,813 [main] INFO  impl.RaftServerImpl (ServerState.java:close(385)) - ef2f7667-7980-42d6-a69e-bebf92f3302c@group-00FB860D2F0D: closes. applyIndex: 0
2019-09-07 05:41:09,813 [grpc-default-executor-10] INFO  server.GrpcServerProtocolService (GrpcServerProtocolService.java:onCompleted(113)) - 9421659c-ce2f-43f5-9e25-e6f39f25e195: Completed APPEND_ENTRIES, lastRequest: ef2f7667-7980-42d6-a69e-bebf92f3302c->9421659c-ce2f-43f5-9e25-e6f39f25e195#5-t1, previous=(t:1, i:2), leaderCommit=2, initializing? false, entries: <empty>
2019-09-07 05:41:09,813 [ForkJoinPool.commonPool-worker-0] INFO  impl.StateMachineUpdater (StateMachineUpdater.java:stopAndJoin(125)) - ef2f7667-7980-42d6-a69e-bebf92f3302c@group-0180A3FD025F-StateMachineUpdater: set stopIndex = 2
2019-09-07 05:41:09,823 [ef2f7667-7980-42d6-a69e-bebf92f3302c@group-00FB860D2F0D-SegmentedRaftLogWorker] INFO  segmented.SegmentedRaftLogWorker (SegmentedRaftLogWorker.java:run(313)) - ef2f7667-7980-42d6-a69e-bebf92f3302c@group-00FB860D2F0D-SegmentedRaftLogWorker was interrupted, exiting. There are 0 tasks remaining in the queue.
2019-09-07 05:41:09,822 [grpc-default-executor-9] INFO  server.GrpcLogAppender (GrpcLogAppender.java:onCompleted(293)) - ef2f7667-7980-42d6-a69e-bebf92f3302c@group-0180A3FD025F->128f9cd9-1ce0-4189-9a97-bb171bd7dc5e-AppendLogResponseHandler: follower responses appendEntries COMPLETED
2019-09-07 05:41:09,826 [ef2f7667-7980-42d6-a69e-bebf92f3302c@group-0180A3FD025F-StateMachineUpdater] INFO  ratis.ContainerStateMachine (ContainerStateMachine.java:takeSnapshot(300)) - group-0180A3FD025F: Finished taking a snapshot at:(t:1, i:2) file:/workdir/hadoop-ozone/integration-test/target/test-dir/MiniOzoneClusterImpl-cbf2fb49-9796-4388-8e34-31192cee1719/datanode-4/data/ratis/8923fd70-b3d7-4b65-a00f-0180a3fd025f/sm/snapshot.1_2 time:13
2019-09-07 05:41:09,823 [grpc-default-executor-10] INFO  server.GrpcLogAppender (GrpcLogAppender.java:onCompleted(293)) - ef2f7667-7980-42d6-a69e-bebf92f3302c@group-0180A3FD025F->9421659c-ce2f-43f5-9e25-e6f39f25e195-AppendLogResponseHandler: follower responses appendEntries COMPLETED
2019-09-07 05:41:09,826 [ef2f7667-7980-42d6-a69e-bebf92f3302c@group-0180A3FD025F-StateMachineUpdater] INFO  impl.StateMachineUpdater (StateMachineUpdater.java:takeSnapshot(258)) - ef2f7667-7980-42d6-a69e-bebf92f3302c@group-0180A3FD025F-StateMachineUpdater: Took a snapshot at index 2
2019-09-07 05:41:09,826 [main] INFO  segmented.SegmentedRaftLogWorker (SegmentedRaftLogWorker.java:close(228)) - ef2f7667-7980-42d6-a69e-bebf92f3302c@group-00FB860D2F0D-SegmentedRaftLogWorker close()
2019-09-07 05:41:09,826 [ef2f7667-7980-42d6-a69e-bebf92f3302c@group-0180A3FD025F-StateMachineUpdater] INFO  impl.StateMachineUpdater (StateMachineUpdater.java:lambda$new$0(83)) - ef2f7667-7980-42d6-a69e-bebf92f3302c@group-0180A3FD025F-StateMachineUpdater: snapshotIndex: updateIncreasingly -1 -> 2
2019-09-07 05:41:09,826 [grpc-default-executor-9] INFO  impl.FollowerInfo (FollowerInfo.java:lambda$new$0(51)) - ef2f7667-7980-42d6-a69e-bebf92f3302c@group-0180A3FD025F->128f9cd9-1ce0-4189-9a97-bb171bd7dc5e: nextIndex: updateUnconditionally 3 -> 2
2019-09-07 05:41:09,826 [grpc-default-executor-10] INFO  impl.FollowerInfo (FollowerInfo.java:lambda$new$0(51)) - ef2f7667-7980-42d6-a69e-bebf92f3302c@group-0180A3FD025F->9421659c-ce2f-43f5-9e25-e6f39f25e195: nextIndex: updateUnconditionally 3 -> 2
2019-09-07 05:41:09,832 [ForkJoinPool.commonPool-worker-0] INFO  impl.RaftServerImpl (ServerState.java:close(385)) - ef2f7667-7980-42d6-a69e-bebf92f3302c@group-0180A3FD025F: closes. applyIndex: 2
2019-09-07 05:41:09,832 [ef2f7667-7980-42d6-a69e-bebf92f3302c@group-0180A3FD025F-SegmentedRaftLogWorker] INFO  segmented.SegmentedRaftLogWorker (SegmentedRaftLogWorker.java:run(313)) - ef2f7667-7980-42d6-a69e-bebf92f3302c@group-0180A3FD025F-SegmentedRaftLogWorker was interrupted, exiting. There are 0 tasks remaining in the queue.
2019-09-07 05:41:09,834 [ForkJoinPool.commonPool-worker-0] INFO  segmented.SegmentedRaftLogWorker (SegmentedRaftLogWorker.java:close(228)) - ef2f7667-7980-42d6-a69e-bebf92f3302c@group-0180A3FD025F-SegmentedRaftLogWorker close()
2019-09-07 05:41:09,839 [main] INFO  server.GrpcService (GrpcService.java:closeImpl(164)) - ef2f7667-7980-42d6-a69e-bebf92f3302c: shutdown server with port 43000 now
2019-09-07 05:41:09,840 [main] INFO  server.GrpcService (GrpcService.java:closeImpl(172)) - ef2f7667-7980-42d6-a69e-bebf92f3302c: shutdown server with port 43000 successfully
2019-09-07 05:41:09,843 [refreshUsed-/workdir/hadoop-ozone/integration-test/target/test-dir/MiniOzoneClusterImpl-cbf2fb49-9796-4388-8e34-31192cee1719/datanode-4/data/containers] WARN  fs.CachingGetSpaceUsed (CachingGetSpaceUsed.java:run(183)) - Thread Interrupted waiting to refresh disk information: sleep interrupted
2019-09-07 05:41:09,871 [main] INFO  utils.BackgroundService (BackgroundService.java:shutdown(148)) - Shutting down service BlockDeletingService
2019-09-07 05:41:09,878 [main] INFO  statemachine.DatanodeStateMachine (DatanodeStateMachine.java:stopDaemon(395)) - Ozone container server stopped.
2019-09-07 05:41:09,880 [main] INFO  handler.ContextHandler (ContextHandler.java:doStop(910)) - Stopped o.e.j.w.WebAppContext@7aded903{/,null,UNAVAILABLE}{/hddsDatanode}
2019-09-07 05:41:09,883 [main] INFO  server.AbstractConnector (AbstractConnector.java:doStop(318)) - Stopped ServerConnector@2db86a7c{HTTP/1.1,[http/1.1]}{0.0.0.0:0}
2019-09-07 05:41:09,884 [main] INFO  handler.ContextHandler (ContextHandler.java:doStop(910)) - Stopped o.e.j.s.ServletContextHandler@9e02f84{/static,jar:file:/home/user/.m2/repository/org/apache/hadoop/hadoop-hdds-container-service/0.5.0-SNAPSHOT/hadoop-hdds-container-service-0.5.0-SNAPSHOT.jar!/webapps/static,UNAVAILABLE}
2019-09-07 05:41:09,884 [main] INFO  handler.ContextHandler (ContextHandler.java:doStop(910)) - Stopped o.e.j.s.ServletContextHandler@1e40fbb3{/logs,file:///workdir/hadoop-ozone/integration-test/target/log,UNAVAILABLE}
2019-09-07 05:41:11,913 [grpc-default-executor-8] INFO  client.GrpcClientProtocolClient (GrpcClientProtocolClient.java:onNext(264)) - client-22CE59BD5773->128f9cd9-1ce0-4189-9a97-bb171bd7dc5e: receive RaftClientReply:client-22CE59BD5773->128f9cd9-1ce0-4189-9a97-bb171bd7dc5e@group-0180A3FD025F, cid=104, FAILED org.apache.ratis.protocol.NotLeaderException: Server 128f9cd9-1ce0-4189-9a97-bb171bd7dc5e@group-0180A3FD025F is not the leader ef2f7667-7980-42d6-a69e-bebf92f3302c:192.168.36.105:43000, logIndex=0, commits[128f9cd9-1ce0-4189-9a97-bb171bd7dc5e:c2, 9421659c-ce2f-43f5-9e25-e6f39f25e195:c2, ef2f7667-7980-42d6-a69e-bebf92f3302c:c2]
2019-09-07 05:41:12,953 [grpc-default-executor-10] INFO  client.GrpcClientProtocolClient (GrpcClientProtocolClient.java:onNext(264)) - client-22CE59BD5773->128f9cd9-1ce0-4189-9a97-bb171bd7dc5e: receive RaftClientReply:client-22CE59BD5773->128f9cd9-1ce0-4189-9a97-bb171bd7dc5e@group-0180A3FD025F, cid=104, FAILED org.apache.ratis.protocol.NotLeaderException: Server 128f9cd9-1ce0-4189-9a97-bb171bd7dc5e@group-0180A3FD025F is not the leader ef2f7667-7980-42d6-a69e-bebf92f3302c:192.168.36.105:43000, logIndex=0, commits[128f9cd9-1ce0-4189-9a97-bb171bd7dc5e:c2, 9421659c-ce2f-43f5-9e25-e6f39f25e195:c2, ef2f7667-7980-42d6-a69e-bebf92f3302c:c2]
2019-09-07 05:41:13,994 [grpc-default-executor-9] INFO  client.GrpcClientProtocolClient (GrpcClientProtocolClient.java:onNext(264)) - client-22CE59BD5773->9421659c-ce2f-43f5-9e25-e6f39f25e195: receive RaftClientReply:client-22CE59BD5773->9421659c-ce2f-43f5-9e25-e6f39f25e195@group-0180A3FD025F, cid=104, FAILED org.apache.ratis.protocol.NotLeaderException: Server 9421659c-ce2f-43f5-9e25-e6f39f25e195@group-0180A3FD025F is not the leader ef2f7667-7980-42d6-a69e-bebf92f3302c:192.168.36.105:43000, logIndex=0, commits[9421659c-ce2f-43f5-9e25-e6f39f25e195:c2, 128f9cd9-1ce0-4189-9a97-bb171bd7dc5e:c2, ef2f7667-7980-42d6-a69e-bebf92f3302c:c2]
2019-09-07 05:41:15,021 [grpc-default-executor-10] INFO  client.GrpcClientProtocolClient (GrpcClientProtocolClient.java:onNext(264)) - client-22CE59BD5773->9421659c-ce2f-43f5-9e25-e6f39f25e195: receive RaftClientReply:client-22CE59BD5773->9421659c-ce2f-43f5-9e25-e6f39f25e195@group-0180A3FD025F, cid=104, FAILED org.apache.ratis.protocol.NotLeaderException: Server 9421659c-ce2f-43f5-9e25-e6f39f25e195@group-0180A3FD025F is not the leader ef2f7667-7980-42d6-a69e-bebf92f3302c:192.168.36.105:43000, logIndex=0, commits[9421659c-ce2f-43f5-9e25-e6f39f25e195:c2, 128f9cd9-1ce0-4189-9a97-bb171bd7dc5e:c2, ef2f7667-7980-42d6-a69e-bebf92f3302c:c2]
2019-09-07 05:41:16,058 [grpc-default-executor-9] INFO  client.GrpcClientProtocolClient (GrpcClientProtocolClient.java:onNext(264)) - client-22CE59BD5773->128f9cd9-1ce0-4189-9a97-bb171bd7dc5e: receive RaftClientReply:client-22CE59BD5773->128f9cd9-1ce0-4189-9a97-bb171bd7dc5e@group-0180A3FD025F, cid=104, FAILED org.apache.ratis.protocol.NotLeaderException: Server 128f9cd9-1ce0-4189-9a97-bb171bd7dc5e@group-0180A3FD025F is not the leader ef2f7667-7980-42d6-a69e-bebf92f3302c:192.168.36.105:43000, logIndex=0, commits[128f9cd9-1ce0-4189-9a97-bb171bd7dc5e:c2, 9421659c-ce2f-43f5-9e25-e6f39f25e195:c2, ef2f7667-7980-42d6-a69e-bebf92f3302c:c2]
2019-09-07 05:41:17,089 [grpc-default-executor-8] INFO  client.GrpcClientProtocolClient (GrpcClientProtocolClient.java:onNext(264)) - client-22CE59BD5773->9421659c-ce2f-43f5-9e25-e6f39f25e195: receive RaftClientReply:client-22CE59BD5773->9421659c-ce2f-43f5-9e25-e6f39f25e195@group-0180A3FD025F, cid=104, FAILED org.apache.ratis.protocol.NotLeaderException: Server 9421659c-ce2f-43f5-9e25-e6f39f25e195@group-0180A3FD025F is not the leader ef2f7667-7980-42d6-a69e-bebf92f3302c:192.168.36.105:43000, logIndex=0, commits[9421659c-ce2f-43f5-9e25-e6f39f25e195:c2, 128f9cd9-1ce0-4189-9a97-bb171bd7dc5e:c2, ef2f7667-7980-42d6-a69e-bebf92f3302c:c2]
2019-09-07 05:41:17,734 [Thread-2262] INFO  impl.FollowerState (FollowerState.java:run(106)) - 9421659c-ce2f-43f5-9e25-e6f39f25e195:group-0180A3FD025F changes to CANDIDATE, lastRpcTime:8045, electionTimeout:5026ms
2019-09-07 05:41:17,738 [Thread-2262] INFO  impl.RoleInfo (RoleInfo.java:shutdownFollowerState(121)) - 9421659c-ce2f-43f5-9e25-e6f39f25e195: shutdown FollowerState
2019-09-07 05:41:17,738 [Thread-2262] INFO  impl.RaftServerImpl (RaftServerImpl.java:setRole(174)) - 9421659c-ce2f-43f5-9e25-e6f39f25e195@group-0180A3FD025F: changes role from  FOLLOWER to CANDIDATE at term 1 for changeToCandidate
2019-09-07 05:41:17,738 [Thread-2262] INFO  impl.RoleInfo (RoleInfo.java:updateAndGet(143)) - 9421659c-ce2f-43f5-9e25-e6f39f25e195: start LeaderElection
2019-09-07 05:41:17,741 [9421659c-ce2f-43f5-9e25-e6f39f25e195@group-0180A3FD025F:LeaderElection74] INFO  impl.RaftServerImpl (ServerState.java:setLeader(253)) - 9421659c-ce2f-43f5-9e25-e6f39f25e195@group-0180A3FD025F: change Leader from ef2f7667-7980-42d6-a69e-bebf92f3302c to null at term 1 for initElection
2019-09-07 05:41:17,754 [Thread-2263] INFO  impl.FollowerState (FollowerState.java:run(106)) - 128f9cd9-1ce0-4189-9a97-bb171bd7dc5e:group-0180A3FD025F changes to CANDIDATE, lastRpcTime:8065, electionTimeout:5003ms
2019-09-07 05:41:17,754 [Thread-2263] INFO  impl.RoleInfo (RoleInfo.java:shutdownFollowerState(121)) - 128f9cd9-1ce0-4189-9a97-bb171bd7dc5e: shutdown FollowerState
2019-09-07 05:41:17,754 [Thread-2263] INFO  impl.RaftServerImpl (RaftServerImpl.java:setRole(174)) - 128f9cd9-1ce0-4189-9a97-bb171bd7dc5e@group-0180A3FD025F: changes role from  FOLLOWER to CANDIDATE at term 1 for changeToCandidate
2019-09-07 05:41:17,754 [Thread-2263] INFO  impl.RoleInfo (RoleInfo.java:updateAndGet(143)) - 128f9cd9-1ce0-4189-9a97-bb171bd7dc5e: start LeaderElection
2019-09-07 05:41:17,757 [128f9cd9-1ce0-4189-9a97-bb171bd7dc5e@group-0180A3FD025F:LeaderElection75] INFO  impl.RaftServerImpl (ServerState.java:setLeader(253)) - 128f9cd9-1ce0-4189-9a97-bb171bd7dc5e@group-0180A3FD025F: change Leader from ef2f7667-7980-42d6-a69e-bebf92f3302c to null at term 1 for initElection
2019-09-07 05:41:17,767 [9421659c-ce2f-43f5-9e25-e6f39f25e195@group-0180A3FD025F:LeaderElection74] INFO  impl.LeaderElection (LeaderElection.java:askForVotes(182)) - 9421659c-ce2f-43f5-9e25-e6f39f25e195@group-0180A3FD025F:LeaderElection74: begin an election at term 2 for 0: [9421659c-ce2f-43f5-9e25-e6f39f25e195:192.168.36.105:40709, 128f9cd9-1ce0-4189-9a97-bb171bd7dc5e:192.168.36.105:36471, ef2f7667-7980-42d6-a69e-bebf92f3302c:192.168.36.105:43000], old=null
2019-09-07 05:41:17,769 [128f9cd9-1ce0-4189-9a97-bb171bd7dc5e@group-0180A3FD025F:LeaderElection75] INFO  impl.LeaderElection (LeaderElection.java:askForVotes(182)) - 128f9cd9-1ce0-4189-9a97-bb171bd7dc5e@group-0180A3FD025F:LeaderElection75: begin an election at term 2 for 0: [9421659c-ce2f-43f5-9e25-e6f39f25e195:192.168.36.105:40709, 128f9cd9-1ce0-4189-9a97-bb171bd7dc5e:192.168.36.105:36471, ef2f7667-7980-42d6-a69e-bebf92f3302c:192.168.36.105:43000], old=null
2019-09-07 05:41:17,771 [9421659c-ce2f-43f5-9e25-e6f39f25e195@group-0180A3FD025F:LeaderElection74] INFO  impl.LeaderElection (LogUtils.java:infoOrTrace(149)) - 9421659c-ce2f-43f5-9e25-e6f39f25e195@group-0180A3FD025F:LeaderElection74 got exception when requesting votes: {}
java.util.concurrent.ExecutionException: org.apache.ratis.thirdparty.io.grpc.StatusRuntimeException: UNAVAILABLE: io exception
	at java.util.concurrent.FutureTask.report(FutureTask.java:122)
	at java.util.concurrent.FutureTask.get(FutureTask.java:192)
	at org.apache.ratis.server.impl.LeaderElection.waitForResults(LeaderElection.java:263)
	at org.apache.ratis.server.impl.LeaderElection.askForVotes(LeaderElection.java:201)
	at org.apache.ratis.server.impl.LeaderElection.run(LeaderElection.java:133)
	at java.lang.Thread.run(Thread.java:748)
Caused by: org.apache.ratis.thirdparty.io.grpc.StatusRuntimeException: UNAVAILABLE: io exception
	at org.apache.ratis.thirdparty.io.grpc.stub.ClientCalls.toStatusRuntimeException(ClientCalls.java:233)
	at org.apache.ratis.thirdparty.io.grpc.stub.ClientCalls.getUnchecked(ClientCalls.java:214)
	at org.apache.ratis.thirdparty.io.grpc.stub.ClientCalls.blockingUnaryCall(ClientCalls.java:139)
	at org.apache.ratis.proto.grpc.RaftServerProtocolServiceGrpc$RaftServerProtocolServiceBlockingStub.requestVote(RaftServerProtocolServiceGrpc.java:265)
	at org.apache.ratis.grpc.server.GrpcServerProtocolClient.requestVote(GrpcServerProtocolClient.java:90)
	at org.apache.ratis.grpc.server.GrpcService.requestVote(GrpcService.java:204)
	at org.apache.ratis.server.impl.LeaderElection.lambda$submitRequests$1(LeaderElection.java:238)
	at java.util.concurrent.FutureTask.run(FutureTask.java:266)
	at java.util.concurrent.Executors$RunnableAdapter.call(Executors.java:511)
	at java.util.concurrent.FutureTask.run(FutureTask.java:266)
	at java.util.concurrent.ThreadPoolExecutor.runWorker(ThreadPoolExecutor.java:1149)
	at java.util.concurrent.ThreadPoolExecutor$Worker.run(ThreadPoolExecutor.java:624)
	... 1 more
Caused by: org.apache.ratis.thirdparty.io.netty.channel.AbstractChannel$AnnotatedConnectException: Connection refused: /192.168.36.105:43000
	at sun.nio.ch.SocketChannelImpl.checkConnect(Native Method)
	at sun.nio.ch.SocketChannelImpl.finishConnect(SocketChannelImpl.java:717)
	at org.apache.ratis.thirdparty.io.netty.channel.socket.nio.NioSocketChannel.doFinishConnect(NioSocketChannel.java:327)
	at org.apache.ratis.thirdparty.io.netty.channel.nio.AbstractNioChannel$AbstractNioUnsafe.finishConnect(AbstractNioChannel.java:340)
	at org.apache.ratis.thirdparty.io.netty.channel.nio.NioEventLoop.processSelectedKey(NioEventLoop.java:632)
	at org.apache.ratis.thirdparty.io.netty.channel.nio.NioEventLoop.processSelectedKeysOptimized(NioEventLoop.java:579)
	at org.apache.ratis.thirdparty.io.netty.channel.nio.NioEventLoop.processSelectedKeys(NioEventLoop.java:496)
	at org.apache.ratis.thirdparty.io.netty.channel.nio.NioEventLoop.run(NioEventLoop.java:458)
	at org.apache.ratis.thirdparty.io.netty.util.concurrent.SingleThreadEventExecutor$5.run(SingleThreadEventExecutor.java:897)
	at org.apache.ratis.thirdparty.io.netty.util.concurrent.FastThreadLocalRunnable.run(FastThreadLocalRunnable.java:30)
	... 1 more
Caused by: java.net.ConnectException: Connection refused
	... 11 more
2019-09-07 05:41:17,771 [128f9cd9-1ce0-4189-9a97-bb171bd7dc5e@group-0180A3FD025F:LeaderElection75] INFO  impl.LeaderElection (LogUtils.java:infoOrTrace(149)) - 128f9cd9-1ce0-4189-9a97-bb171bd7dc5e@group-0180A3FD025F:LeaderElection75 got exception when requesting votes: {}
java.util.concurrent.ExecutionException: org.apache.ratis.thirdparty.io.grpc.StatusRuntimeException: UNAVAILABLE: io exception
	at java.util.concurrent.FutureTask.report(FutureTask.java:122)
	at java.util.concurrent.FutureTask.get(FutureTask.java:192)
	at org.apache.ratis.server.impl.LeaderElection.waitForResults(LeaderElection.java:263)
	at org.apache.ratis.server.impl.LeaderElection.askForVotes(LeaderElection.java:201)
	at org.apache.ratis.server.impl.LeaderElection.run(LeaderElection.java:133)
	at java.lang.Thread.run(Thread.java:748)
Caused by: org.apache.ratis.thirdparty.io.grpc.StatusRuntimeException: UNAVAILABLE: io exception
	at org.apache.ratis.thirdparty.io.grpc.stub.ClientCalls.toStatusRuntimeException(ClientCalls.java:233)
	at org.apache.ratis.thirdparty.io.grpc.stub.ClientCalls.getUnchecked(ClientCalls.java:214)
	at org.apache.ratis.thirdparty.io.grpc.stub.ClientCalls.blockingUnaryCall(ClientCalls.java:139)
	at org.apache.ratis.proto.grpc.RaftServerProtocolServiceGrpc$RaftServerProtocolServiceBlockingStub.requestVote(RaftServerProtocolServiceGrpc.java:265)
	at org.apache.ratis.grpc.server.GrpcServerProtocolClient.requestVote(GrpcServerProtocolClient.java:90)
	at org.apache.ratis.grpc.server.GrpcService.requestVote(GrpcService.java:204)
	at org.apache.ratis.server.impl.LeaderElection.lambda$submitRequests$1(LeaderElection.java:238)
	at java.util.concurrent.FutureTask.run(FutureTask.java:266)
	at java.util.concurrent.Executors$RunnableAdapter.call(Executors.java:511)
	at java.util.concurrent.FutureTask.run(FutureTask.java:266)
	at java.util.concurrent.ThreadPoolExecutor.runWorker(ThreadPoolExecutor.java:1149)
	at java.util.concurrent.ThreadPoolExecutor$Worker.run(ThreadPoolExecutor.java:624)
	... 1 more
Caused by: org.apache.ratis.thirdparty.io.netty.channel.AbstractChannel$AnnotatedConnectException: Connection refused: /192.168.36.105:43000
	at sun.nio.ch.SocketChannelImpl.checkConnect(Native Method)
	at sun.nio.ch.SocketChannelImpl.finishConnect(SocketChannelImpl.java:717)
	at org.apache.ratis.thirdparty.io.netty.channel.socket.nio.NioSocketChannel.doFinishConnect(NioSocketChannel.java:327)
	at org.apache.ratis.thirdparty.io.netty.channel.nio.AbstractNioChannel$AbstractNioUnsafe.finishConnect(AbstractNioChannel.java:340)
	at org.apache.ratis.thirdparty.io.netty.channel.nio.NioEventLoop.processSelectedKey(NioEventLoop.java:632)
	at org.apache.ratis.thirdparty.io.netty.channel.nio.NioEventLoop.processSelectedKeysOptimized(NioEventLoop.java:579)
	at org.apache.ratis.thirdparty.io.netty.channel.nio.NioEventLoop.processSelectedKeys(NioEventLoop.java:496)
	at org.apache.ratis.thirdparty.io.netty.channel.nio.NioEventLoop.run(NioEventLoop.java:458)
	at org.apache.ratis.thirdparty.io.netty.util.concurrent.SingleThreadEventExecutor$5.run(SingleThreadEventExecutor.java:897)
	at org.apache.ratis.thirdparty.io.netty.util.concurrent.FastThreadLocalRunnable.run(FastThreadLocalRunnable.java:30)
	... 1 more
Caused by: java.net.ConnectException: Connection refused
	... 11 more
2019-09-07 05:41:17,780 [9421659c-ce2f-43f5-9e25-e6f39f25e195@group-0180A3FD025F:LeaderElection74] INFO  impl.LeaderElection (LeaderElection.java:logAndReturn(56)) - 9421659c-ce2f-43f5-9e25-e6f39f25e195@group-0180A3FD025F:LeaderElection74: Election REJECTED; received 1 response(s) [9421659c-ce2f-43f5-9e25-e6f39f25e195<-128f9cd9-1ce0-4189-9a97-bb171bd7dc5e#0:FAIL-t2] and 1 exception(s); 9421659c-ce2f-43f5-9e25-e6f39f25e195@group-0180A3FD025F:t2, leader=null, voted=9421659c-ce2f-43f5-9e25-e6f39f25e195, raftlog=9421659c-ce2f-43f5-9e25-e6f39f25e195@group-0180A3FD025F-SegmentedRaftLog:OPENED:c2,f2,i2, conf=0: [9421659c-ce2f-43f5-9e25-e6f39f25e195:192.168.36.105:40709, 128f9cd9-1ce0-4189-9a97-bb171bd7dc5e:192.168.36.105:36471, ef2f7667-7980-42d6-a69e-bebf92f3302c:192.168.36.105:43000], old=null
2019-09-07 05:41:17,780 [128f9cd9-1ce0-4189-9a97-bb171bd7dc5e@group-0180A3FD025F:LeaderElection75] INFO  impl.LeaderElection (LeaderElection.java:logAndReturn(56)) - 128f9cd9-1ce0-4189-9a97-bb171bd7dc5e@group-0180A3FD025F:LeaderElection75: Election REJECTED; received 1 response(s) [128f9cd9-1ce0-4189-9a97-bb171bd7dc5e<-9421659c-ce2f-43f5-9e25-e6f39f25e195#0:FAIL-t2] and 1 exception(s); 128f9cd9-1ce0-4189-9a97-bb171bd7dc5e@group-0180A3FD025F:t2, leader=null, voted=128f9cd9-1ce0-4189-9a97-bb171bd7dc5e, raftlog=128f9cd9-1ce0-4189-9a97-bb171bd7dc5e@group-0180A3FD025F-SegmentedRaftLog:OPENED:c2,f2,i2, conf=0: [9421659c-ce2f-43f5-9e25-e6f39f25e195:192.168.36.105:40709, 128f9cd9-1ce0-4189-9a97-bb171bd7dc5e:192.168.36.105:36471, ef2f7667-7980-42d6-a69e-bebf92f3302c:192.168.36.105:43000], old=null
2019-09-07 05:41:17,780 [9421659c-ce2f-43f5-9e25-e6f39f25e195@group-0180A3FD025F:LeaderElection74] INFO  impl.LeaderElection (LogUtils.java:infoOrTrace(149)) -   Exception 0: {}
java.util.concurrent.ExecutionException: org.apache.ratis.thirdparty.io.grpc.StatusRuntimeException: UNAVAILABLE: io exception
	at java.util.concurrent.FutureTask.report(FutureTask.java:122)
	at java.util.concurrent.FutureTask.get(FutureTask.java:192)
	at org.apache.ratis.server.impl.LeaderElection.waitForResults(LeaderElection.java:263)
	at org.apache.ratis.server.impl.LeaderElection.askForVotes(LeaderElection.java:201)
	at org.apache.ratis.server.impl.LeaderElection.run(LeaderElection.java:133)
	at java.lang.Thread.run(Thread.java:748)
Caused by: org.apache.ratis.thirdparty.io.grpc.StatusRuntimeException: UNAVAILABLE: io exception
	at org.apache.ratis.thirdparty.io.grpc.stub.ClientCalls.toStatusRuntimeException(ClientCalls.java:233)
	at org.apache.ratis.thirdparty.io.grpc.stub.ClientCalls.getUnchecked(ClientCalls.java:214)
	at org.apache.ratis.thirdparty.io.grpc.stub.ClientCalls.blockingUnaryCall(ClientCalls.java:139)
	at org.apache.ratis.proto.grpc.RaftServerProtocolServiceGrpc$RaftServerProtocolServiceBlockingStub.requestVote(RaftServerProtocolServiceGrpc.java:265)
	at org.apache.ratis.grpc.server.GrpcServerProtocolClient.requestVote(GrpcServerProtocolClient.java:90)
	at org.apache.ratis.grpc.server.GrpcService.requestVote(GrpcService.java:204)
	at org.apache.ratis.server.impl.LeaderElection.lambda$submitRequests$1(LeaderElection.java:238)
	at java.util.concurrent.FutureTask.run(FutureTask.java:266)
	at java.util.concurrent.Executors$RunnableAdapter.call(Executors.java:511)
	at java.util.concurrent.FutureTask.run(FutureTask.java:266)
	at java.util.concurrent.ThreadPoolExecutor.runWorker(ThreadPoolExecutor.java:1149)
	at java.util.concurrent.ThreadPoolExecutor$Worker.run(ThreadPoolExecutor.java:624)
	... 1 more
Caused by: org.apache.ratis.thirdparty.io.netty.channel.AbstractChannel$AnnotatedConnectException: Connection refused: /192.168.36.105:43000
	at sun.nio.ch.SocketChannelImpl.checkConnect(Native Method)
	at sun.nio.ch.SocketChannelImpl.finishConnect(SocketChannelImpl.java:717)
	at org.apache.ratis.thirdparty.io.netty.channel.socket.nio.NioSocketChannel.doFinishConnect(NioSocketChannel.java:327)
	at org.apache.ratis.thirdparty.io.netty.channel.nio.AbstractNioChannel$AbstractNioUnsafe.finishConnect(AbstractNioChannel.java:340)
	at org.apache.ratis.thirdparty.io.netty.channel.nio.NioEventLoop.processSelectedKey(NioEventLoop.java:632)
	at org.apache.ratis.thirdparty.io.netty.channel.nio.NioEventLoop.processSelectedKeysOptimized(NioEventLoop.java:579)
	at org.apache.ratis.thirdparty.io.netty.channel.nio.NioEventLoop.processSelectedKeys(NioEventLoop.java:496)
	at org.apache.ratis.thirdparty.io.netty.channel.nio.NioEventLoop.run(NioEventLoop.java:458)
	at org.apache.ratis.thirdparty.io.netty.util.concurrent.SingleThreadEventExecutor$5.run(SingleThreadEventExecutor.java:897)
	at org.apache.ratis.thirdparty.io.netty.util.concurrent.FastThreadLocalRunnable.run(FastThreadLocalRunnable.java:30)
	... 1 more
Caused by: java.net.ConnectException: Connection refused
	... 11 more
2019-09-07 05:41:17,780 [128f9cd9-1ce0-4189-9a97-bb171bd7dc5e@group-0180A3FD025F:LeaderElection75] INFO  impl.LeaderElection (LogUtils.java:infoOrTrace(149)) -   Exception 0: {}
java.util.concurrent.ExecutionException: org.apache.ratis.thirdparty.io.grpc.StatusRuntimeException: UNAVAILABLE: io exception
	at java.util.concurrent.FutureTask.report(FutureTask.java:122)
	at java.util.concurrent.FutureTask.get(FutureTask.java:192)
	at org.apache.ratis.server.impl.LeaderElection.waitForResults(LeaderElection.java:263)
	at org.apache.ratis.server.impl.LeaderElection.askForVotes(LeaderElection.java:201)
	at org.apache.ratis.server.impl.LeaderElection.run(LeaderElection.java:133)
	at java.lang.Thread.run(Thread.java:748)
Caused by: org.apache.ratis.thirdparty.io.grpc.StatusRuntimeException: UNAVAILABLE: io exception
	at org.apache.ratis.thirdparty.io.grpc.stub.ClientCalls.toStatusRuntimeException(ClientCalls.java:233)
	at org.apache.ratis.thirdparty.io.grpc.stub.ClientCalls.getUnchecked(ClientCalls.java:214)
	at org.apache.ratis.thirdparty.io.grpc.stub.ClientCalls.blockingUnaryCall(ClientCalls.java:139)
	at org.apache.ratis.proto.grpc.RaftServerProtocolServiceGrpc$RaftServerProtocolServiceBlockingStub.requestVote(RaftServerProtocolServiceGrpc.java:265)
	at org.apache.ratis.grpc.server.GrpcServerProtocolClient.requestVote(GrpcServerProtocolClient.java:90)
	at org.apache.ratis.grpc.server.GrpcService.requestVote(GrpcService.java:204)
	at org.apache.ratis.server.impl.LeaderElection.lambda$submitRequests$1(LeaderElection.java:238)
	at java.util.concurrent.FutureTask.run(FutureTask.java:266)
	at java.util.concurrent.Executors$RunnableAdapter.call(Executors.java:511)
	at java.util.concurrent.FutureTask.run(FutureTask.java:266)
	at java.util.concurrent.ThreadPoolExecutor.runWorker(ThreadPoolExecutor.java:1149)
	at java.util.concurrent.ThreadPoolExecutor$Worker.run(ThreadPoolExecutor.java:624)
	... 1 more
Caused by: org.apache.ratis.thirdparty.io.netty.channel.AbstractChannel$AnnotatedConnectException: Connection refused: /192.168.36.105:43000
	at sun.nio.ch.SocketChannelImpl.checkConnect(Native Method)
	at sun.nio.ch.SocketChannelImpl.finishConnect(SocketChannelImpl.java:717)
	at org.apache.ratis.thirdparty.io.netty.channel.socket.nio.NioSocketChannel.doFinishConnect(NioSocketChannel.java:327)
	at org.apache.ratis.thirdparty.io.netty.channel.nio.AbstractNioChannel$AbstractNioUnsafe.finishConnect(AbstractNioChannel.java:340)
	at org.apache.ratis.thirdparty.io.netty.channel.nio.NioEventLoop.processSelectedKey(NioEventLoop.java:632)
	at org.apache.ratis.thirdparty.io.netty.channel.nio.NioEventLoop.processSelectedKeysOptimized(NioEventLoop.java:579)
	at org.apache.ratis.thirdparty.io.netty.channel.nio.NioEventLoop.processSelectedKeys(NioEventLoop.java:496)
	at org.apache.ratis.thirdparty.io.netty.channel.nio.NioEventLoop.run(NioEventLoop.java:458)
	at org.apache.ratis.thirdparty.io.netty.util.concurrent.SingleThreadEventExecutor$5.run(SingleThreadEventExecutor.java:897)
	at org.apache.ratis.thirdparty.io.netty.util.concurrent.FastThreadLocalRunnable.run(FastThreadLocalRunnable.java:30)
	... 1 more
Caused by: java.net.ConnectException: Connection refused
	... 11 more
2019-09-07 05:41:17,783 [9421659c-ce2f-43f5-9e25-e6f39f25e195@group-0180A3FD025F:LeaderElection74] INFO  impl.RaftServerImpl (RaftServerImpl.java:setRole(174)) - 9421659c-ce2f-43f5-9e25-e6f39f25e195@group-0180A3FD025F: changes role from CANDIDATE to FOLLOWER at term 2 for DISCOVERED_A_NEW_TERM
2019-09-07 05:41:17,783 [128f9cd9-1ce0-4189-9a97-bb171bd7dc5e@group-0180A3FD025F:LeaderElection75] INFO  impl.RaftServerImpl (RaftServerImpl.java:setRole(174)) - 128f9cd9-1ce0-4189-9a97-bb171bd7dc5e@group-0180A3FD025F: changes role from CANDIDATE to FOLLOWER at term 2 for DISCOVERED_A_NEW_TERM
2019-09-07 05:41:17,783 [9421659c-ce2f-43f5-9e25-e6f39f25e195@group-0180A3FD025F:LeaderElection74] INFO  impl.RoleInfo (RoleInfo.java:shutdownLeaderElection(134)) - 9421659c-ce2f-43f5-9e25-e6f39f25e195: shutdown LeaderElection
2019-09-07 05:41:17,783 [128f9cd9-1ce0-4189-9a97-bb171bd7dc5e@group-0180A3FD025F:LeaderElection75] INFO  impl.RoleInfo (RoleInfo.java:shutdownLeaderElection(134)) - 128f9cd9-1ce0-4189-9a97-bb171bd7dc5e: shutdown LeaderElection
2019-09-07 05:41:17,783 [9421659c-ce2f-43f5-9e25-e6f39f25e195@group-0180A3FD025F:LeaderElection74] INFO  impl.RoleInfo (RoleInfo.java:updateAndGet(143)) - 9421659c-ce2f-43f5-9e25-e6f39f25e195: start FollowerState
2019-09-07 05:41:17,783 [128f9cd9-1ce0-4189-9a97-bb171bd7dc5e@group-0180A3FD025F:LeaderElection75] INFO  impl.RoleInfo (RoleInfo.java:updateAndGet(143)) - 128f9cd9-1ce0-4189-9a97-bb171bd7dc5e: start FollowerState
2019-09-07 05:41:18,112 [grpc-default-executor-5] INFO  client.GrpcClientProtocolClient (GrpcClientProtocolClient.java:onNext(264)) - client-22CE59BD5773->9421659c-ce2f-43f5-9e25-e6f39f25e195: receive RaftClientReply:client-22CE59BD5773->9421659c-ce2f-43f5-9e25-e6f39f25e195@group-0180A3FD025F, cid=104, FAILED org.apache.ratis.protocol.NotLeaderException: Server 9421659c-ce2f-43f5-9e25-e6f39f25e195@group-0180A3FD025F is not the leader, logIndex=0, commits[9421659c-ce2f-43f5-9e25-e6f39f25e195:c2, 128f9cd9-1ce0-4189-9a97-bb171bd7dc5e:c2, ef2f7667-7980-42d6-a69e-bebf92f3302c:c2]
2019-09-07 05:41:19,133 [grpc-default-executor-5] INFO  client.GrpcClientProtocolClient (GrpcClientProtocolClient.java:onNext(264)) - client-22CE59BD5773->128f9cd9-1ce0-4189-9a97-bb171bd7dc5e: receive RaftClientReply:client-22CE59BD5773->128f9cd9-1ce0-4189-9a97-bb171bd7dc5e@group-0180A3FD025F, cid=104, FAILED org.apache.ratis.protocol.NotLeaderException: Server 128f9cd9-1ce0-4189-9a97-bb171bd7dc5e@group-0180A3FD025F is not the leader, logIndex=0, commits[128f9cd9-1ce0-4189-9a97-bb171bd7dc5e:c2, 9421659c-ce2f-43f5-9e25-e6f39f25e195:c2, ef2f7667-7980-42d6-a69e-bebf92f3302c:c2]
2019-09-07 05:41:20,156 [grpc-default-executor-5] INFO  client.GrpcClientProtocolClient (GrpcClientProtocolClient.java:onNext(264)) - client-22CE59BD5773->9421659c-ce2f-43f5-9e25-e6f39f25e195: receive RaftClientReply:client-22CE59BD5773->9421659c-ce2f-43f5-9e25-e6f39f25e195@group-0180A3FD025F, cid=104, FAILED org.apache.ratis.protocol.NotLeaderException: Server 9421659c-ce2f-43f5-9e25-e6f39f25e195@group-0180A3FD025F is not the leader, logIndex=0, commits[9421659c-ce2f-43f5-9e25-e6f39f25e195:c2, 128f9cd9-1ce0-4189-9a97-bb171bd7dc5e:c2, ef2f7667-7980-42d6-a69e-bebf92f3302c:c2]
2019-09-07 05:41:22,193 [grpc-default-executor-8] INFO  client.GrpcClientProtocolClient (GrpcClientProtocolClient.java:onNext(264)) - client-22CE59BD5773->9421659c-ce2f-43f5-9e25-e6f39f25e195: receive RaftClientReply:client-22CE59BD5773->9421659c-ce2f-43f5-9e25-e6f39f25e195@group-0180A3FD025F, cid=104, FAILED org.apache.ratis.protocol.NotLeaderException: Server 9421659c-ce2f-43f5-9e25-e6f39f25e195@group-0180A3FD025F is not the leader, logIndex=0, commits[9421659c-ce2f-43f5-9e25-e6f39f25e195:c2, 128f9cd9-1ce0-4189-9a97-bb171bd7dc5e:c2, ef2f7667-7980-42d6-a69e-bebf92f3302c:c2]
2019-09-07 05:41:22,850 [Thread-2341] INFO  impl.FollowerState (FollowerState.java:run(106)) - 128f9cd9-1ce0-4189-9a97-bb171bd7dc5e:group-0180A3FD025F changes to CANDIDATE, lastRpcTime:5066, electionTimeout:5066ms
2019-09-07 05:41:22,854 [Thread-2341] INFO  impl.RoleInfo (RoleInfo.java:shutdownFollowerState(121)) - 128f9cd9-1ce0-4189-9a97-bb171bd7dc5e: shutdown FollowerState
2019-09-07 05:41:22,854 [Thread-2341] INFO  impl.RaftServerImpl (RaftServerImpl.java:setRole(174)) - 128f9cd9-1ce0-4189-9a97-bb171bd7dc5e@group-0180A3FD025F: changes role from  FOLLOWER to CANDIDATE at term 2 for changeToCandidate
2019-09-07 05:41:22,854 [Thread-2341] INFO  impl.RoleInfo (RoleInfo.java:updateAndGet(143)) - 128f9cd9-1ce0-4189-9a97-bb171bd7dc5e: start LeaderElection
2019-09-07 05:41:22,871 [128f9cd9-1ce0-4189-9a97-bb171bd7dc5e@group-0180A3FD025F:LeaderElection76] INFO  impl.LeaderElection (LeaderElection.java:askForVotes(182)) - 128f9cd9-1ce0-4189-9a97-bb171bd7dc5e@group-0180A3FD025F:LeaderElection76: begin an election at term 3 for 0: [9421659c-ce2f-43f5-9e25-e6f39f25e195:192.168.36.105:40709, 128f9cd9-1ce0-4189-9a97-bb171bd7dc5e:192.168.36.105:36471, ef2f7667-7980-42d6-a69e-bebf92f3302c:192.168.36.105:43000], old=null
2019-09-07 05:41:22,875 [128f9cd9-1ce0-4189-9a97-bb171bd7dc5e@group-0180A3FD025F:LeaderElection76] INFO  impl.LeaderElection (LogUtils.java:infoOrTrace(149)) - 128f9cd9-1ce0-4189-9a97-bb171bd7dc5e@group-0180A3FD025F:LeaderElection76 got exception when requesting votes: {}
java.util.concurrent.ExecutionException: org.apache.ratis.thirdparty.io.grpc.StatusRuntimeException: UNAVAILABLE: io exception
	at java.util.concurrent.FutureTask.report(FutureTask.java:122)
	at java.util.concurrent.FutureTask.get(FutureTask.java:192)
	at org.apache.ratis.server.impl.LeaderElection.waitForResults(LeaderElection.java:263)
	at org.apache.ratis.server.impl.LeaderElection.askForVotes(LeaderElection.java:201)
	at org.apache.ratis.server.impl.LeaderElection.run(LeaderElection.java:133)
	at java.lang.Thread.run(Thread.java:748)
Caused by: org.apache.ratis.thirdparty.io.grpc.StatusRuntimeException: UNAVAILABLE: io exception
	at org.apache.ratis.thirdparty.io.grpc.stub.ClientCalls.toStatusRuntimeException(ClientCalls.java:233)
	at org.apache.ratis.thirdparty.io.grpc.stub.ClientCalls.getUnchecked(ClientCalls.java:214)
	at org.apache.ratis.thirdparty.io.grpc.stub.ClientCalls.blockingUnaryCall(ClientCalls.java:139)
	at org.apache.ratis.proto.grpc.RaftServerProtocolServiceGrpc$RaftServerProtocolServiceBlockingStub.requestVote(RaftServerProtocolServiceGrpc.java:265)
	at org.apache.ratis.grpc.server.GrpcServerProtocolClient.requestVote(GrpcServerProtocolClient.java:90)
	at org.apache.ratis.grpc.server.GrpcService.requestVote(GrpcService.java:204)
	at org.apache.ratis.server.impl.LeaderElection.lambda$submitRequests$1(LeaderElection.java:238)
	at java.util.concurrent.FutureTask.run(FutureTask.java:266)
	at java.util.concurrent.Executors$RunnableAdapter.call(Executors.java:511)
	at java.util.concurrent.FutureTask.run(FutureTask.java:266)
	at java.util.concurrent.ThreadPoolExecutor.runWorker(ThreadPoolExecutor.java:1149)
	at java.util.concurrent.ThreadPoolExecutor$Worker.run(ThreadPoolExecutor.java:624)
	... 1 more
Caused by: org.apache.ratis.thirdparty.io.netty.channel.AbstractChannel$AnnotatedConnectException: Connection refused: /192.168.36.105:43000
	at sun.nio.ch.SocketChannelImpl.checkConnect(Native Method)
	at sun.nio.ch.SocketChannelImpl.finishConnect(SocketChannelImpl.java:717)
	at org.apache.ratis.thirdparty.io.netty.channel.socket.nio.NioSocketChannel.doFinishConnect(NioSocketChannel.java:327)
	at org.apache.ratis.thirdparty.io.netty.channel.nio.AbstractNioChannel$AbstractNioUnsafe.finishConnect(AbstractNioChannel.java:340)
	at org.apache.ratis.thirdparty.io.netty.channel.nio.NioEventLoop.processSelectedKey(NioEventLoop.java:632)
	at org.apache.ratis.thirdparty.io.netty.channel.nio.NioEventLoop.processSelectedKeysOptimized(NioEventLoop.java:579)
	at org.apache.ratis.thirdparty.io.netty.channel.nio.NioEventLoop.processSelectedKeys(NioEventLoop.java:496)
	at org.apache.ratis.thirdparty.io.netty.channel.nio.NioEventLoop.run(NioEventLoop.java:458)
	at org.apache.ratis.thirdparty.io.netty.util.concurrent.SingleThreadEventExecutor$5.run(SingleThreadEventExecutor.java:897)
	at org.apache.ratis.thirdparty.io.netty.util.concurrent.FastThreadLocalRunnable.run(FastThreadLocalRunnable.java:30)
	... 1 more
Caused by: java.net.ConnectException: Connection refused
	... 11 more
2019-09-07 05:41:22,879 [grpc-default-executor-8] INFO  impl.RaftServerImpl (RaftServerImpl.java:setRole(174)) - 9421659c-ce2f-43f5-9e25-e6f39f25e195@group-0180A3FD025F: changes role from  FOLLOWER to FOLLOWER at term 3 for recognizeCandidate:128f9cd9-1ce0-4189-9a97-bb171bd7dc5e
2019-09-07 05:41:22,879 [grpc-default-executor-8] INFO  impl.RoleInfo (RoleInfo.java:shutdownFollowerState(121)) - 9421659c-ce2f-43f5-9e25-e6f39f25e195: shutdown FollowerState
2019-09-07 05:41:22,879 [grpc-default-executor-8] INFO  impl.RoleInfo (RoleInfo.java:updateAndGet(143)) - 9421659c-ce2f-43f5-9e25-e6f39f25e195: start FollowerState
2019-09-07 05:41:22,879 [Thread-2340] INFO  impl.FollowerState (FollowerState.java:run(115)) - 9421659c-ce2f-43f5-9e25-e6f39f25e195: FollowerState was interrupted: java.lang.InterruptedException: sleep interrupted
2019-09-07 05:41:22,897 [128f9cd9-1ce0-4189-9a97-bb171bd7dc5e@group-0180A3FD025F:LeaderElection76] INFO  impl.LeaderElection (LeaderElection.java:logAndReturn(56)) - 128f9cd9-1ce0-4189-9a97-bb171bd7dc5e@group-0180A3FD025F:LeaderElection76: Election PASSED; received 1 response(s) [128f9cd9-1ce0-4189-9a97-bb171bd7dc5e<-9421659c-ce2f-43f5-9e25-e6f39f25e195#0:OK-t3] and 1 exception(s); 128f9cd9-1ce0-4189-9a97-bb171bd7dc5e@group-0180A3FD025F:t3, leader=null, voted=128f9cd9-1ce0-4189-9a97-bb171bd7dc5e, raftlog=128f9cd9-1ce0-4189-9a97-bb171bd7dc5e@group-0180A3FD025F-SegmentedRaftLog:OPENED:c2,f2,i2, conf=0: [9421659c-ce2f-43f5-9e25-e6f39f25e195:192.168.36.105:40709, 128f9cd9-1ce0-4189-9a97-bb171bd7dc5e:192.168.36.105:36471, ef2f7667-7980-42d6-a69e-bebf92f3302c:192.168.36.105:43000], old=null
2019-09-07 05:41:22,897 [128f9cd9-1ce0-4189-9a97-bb171bd7dc5e@group-0180A3FD025F:LeaderElection76] INFO  impl.LeaderElection (LogUtils.java:infoOrTrace(149)) -   Exception 0: {}
java.util.concurrent.ExecutionException: org.apache.ratis.thirdparty.io.grpc.StatusRuntimeException: UNAVAILABLE: io exception
	at java.util.concurrent.FutureTask.report(FutureTask.java:122)
	at java.util.concurrent.FutureTask.get(FutureTask.java:192)
	at org.apache.ratis.server.impl.LeaderElection.waitForResults(LeaderElection.java:263)
	at org.apache.ratis.server.impl.LeaderElection.askForVotes(LeaderElection.java:201)
	at org.apache.ratis.server.impl.LeaderElection.run(LeaderElection.java:133)
	at java.lang.Thread.run(Thread.java:748)
Caused by: org.apache.ratis.thirdparty.io.grpc.StatusRuntimeException: UNAVAILABLE: io exception
	at org.apache.ratis.thirdparty.io.grpc.stub.ClientCalls.toStatusRuntimeException(ClientCalls.java:233)
	at org.apache.ratis.thirdparty.io.grpc.stub.ClientCalls.getUnchecked(ClientCalls.java:214)
	at org.apache.ratis.thirdparty.io.grpc.stub.ClientCalls.blockingUnaryCall(ClientCalls.java:139)
	at org.apache.ratis.proto.grpc.RaftServerProtocolServiceGrpc$RaftServerProtocolServiceBlockingStub.requestVote(RaftServerProtocolServiceGrpc.java:265)
	at org.apache.ratis.grpc.server.GrpcServerProtocolClient.requestVote(GrpcServerProtocolClient.java:90)
	at org.apache.ratis.grpc.server.GrpcService.requestVote(GrpcService.java:204)
	at org.apache.ratis.server.impl.LeaderElection.lambda$submitRequests$1(LeaderElection.java:238)
	at java.util.concurrent.FutureTask.run(FutureTask.java:266)
	at java.util.concurrent.Executors$RunnableAdapter.call(Executors.java:511)
	at java.util.concurrent.FutureTask.run(FutureTask.java:266)
	at java.util.concurrent.ThreadPoolExecutor.runWorker(ThreadPoolExecutor.java:1149)
	at java.util.concurrent.ThreadPoolExecutor$Worker.run(ThreadPoolExecutor.java:624)
	... 1 more
Caused by: org.apache.ratis.thirdparty.io.netty.channel.AbstractChannel$AnnotatedConnectException: Connection refused: /192.168.36.105:43000
	at sun.nio.ch.SocketChannelImpl.checkConnect(Native Method)
	at sun.nio.ch.SocketChannelImpl.finishConnect(SocketChannelImpl.java:717)
	at org.apache.ratis.thirdparty.io.netty.channel.socket.nio.NioSocketChannel.doFinishConnect(NioSocketChannel.java:327)
	at org.apache.ratis.thirdparty.io.netty.channel.nio.AbstractNioChannel$AbstractNioUnsafe.finishConnect(AbstractNioChannel.java:340)
	at org.apache.ratis.thirdparty.io.netty.channel.nio.NioEventLoop.processSelectedKey(NioEventLoop.java:632)
	at org.apache.ratis.thirdparty.io.netty.channel.nio.NioEventLoop.processSelectedKeysOptimized(NioEventLoop.java:579)
	at org.apache.ratis.thirdparty.io.netty.channel.nio.NioEventLoop.processSelectedKeys(NioEventLoop.java:496)
	at org.apache.ratis.thirdparty.io.netty.channel.nio.NioEventLoop.run(NioEventLoop.java:458)
	at org.apache.ratis.thirdparty.io.netty.util.concurrent.SingleThreadEventExecutor$5.run(SingleThreadEventExecutor.java:897)
	at org.apache.ratis.thirdparty.io.netty.util.concurrent.FastThreadLocalRunnable.run(FastThreadLocalRunnable.java:30)
	... 1 more
Caused by: java.net.ConnectException: Connection refused
	... 11 more
2019-09-07 05:41:22,898 [128f9cd9-1ce0-4189-9a97-bb171bd7dc5e@group-0180A3FD025F:LeaderElection76] INFO  impl.RoleInfo (RoleInfo.java:shutdownLeaderElection(134)) - 128f9cd9-1ce0-4189-9a97-bb171bd7dc5e: shutdown LeaderElection
2019-09-07 05:41:22,898 [128f9cd9-1ce0-4189-9a97-bb171bd7dc5e@group-0180A3FD025F:LeaderElection76] INFO  impl.RaftServerImpl (RaftServerImpl.java:setRole(174)) - 128f9cd9-1ce0-4189-9a97-bb171bd7dc5e@group-0180A3FD025F: changes role from CANDIDATE to LEADER at term 3 for changeToLeader
2019-09-07 05:41:22,899 [128f9cd9-1ce0-4189-9a97-bb171bd7dc5e@group-0180A3FD025F:LeaderElection76] INFO  impl.RaftServerImpl (ServerState.java:setLeader(253)) - 128f9cd9-1ce0-4189-9a97-bb171bd7dc5e@group-0180A3FD025F: change Leader from null to 128f9cd9-1ce0-4189-9a97-bb171bd7dc5e at term 3 for becomeLeader, leader elected after 5143ms
2019-09-07 05:41:22,899 [128f9cd9-1ce0-4189-9a97-bb171bd7dc5e@group-0180A3FD025F:LeaderElection76] INFO  server.RaftServerConfigKeys (ConfUtils.java:logGet(43)) - raft.server.staging.catchup.gap = 1000 (default)
2019-09-07 05:41:22,899 [128f9cd9-1ce0-4189-9a97-bb171bd7dc5e@group-0180A3FD025F:LeaderElection76] INFO  server.RaftServerConfigKeys (ConfUtils.java:logGet(43)) - raft.server.rpc.sleep.time = 25ms (default)
2019-09-07 05:41:22,900 [128f9cd9-1ce0-4189-9a97-bb171bd7dc5e@group-0180A3FD025F:LeaderElection76] INFO  server.RaftServerConfigKeys (ConfUtils.java:logGet(43)) - raft.server.write.element-limit = 4096 (default)
2019-09-07 05:41:22,900 [128f9cd9-1ce0-4189-9a97-bb171bd7dc5e@group-0180A3FD025F:LeaderElection76] INFO  server.RaftServerConfigKeys (ConfUtils.java:logGet(43)) - raft.server.watch.timeout = 10s (default)
2019-09-07 05:41:22,900 [128f9cd9-1ce0-4189-9a97-bb171bd7dc5e@group-0180A3FD025F:LeaderElection76] INFO  server.RaftServerConfigKeys (ConfUtils.java:logGet(43)) - raft.server.watch.timeout.denomination = 1s (default)
2019-09-07 05:41:22,900 [128f9cd9-1ce0-4189-9a97-bb171bd7dc5e@group-0180A3FD025F:LeaderElection76] INFO  server.RaftServerConfigKeys (ConfUtils.java:logGet(43)) - raft.server.watch.element-limit = 65536 (default)
2019-09-07 05:41:22,905 [128f9cd9-1ce0-4189-9a97-bb171bd7dc5e@group-0180A3FD025F:LeaderElection76] INFO  server.RaftServerConfigKeys (ConfUtils.java:logGet(43)) - raft.server.log.appender.snapshot.chunk.size.max = 16MB (=16777216) (default)
2019-09-07 05:41:22,906 [128f9cd9-1ce0-4189-9a97-bb171bd7dc5e@group-0180A3FD025F:LeaderElection76] INFO  server.RaftServerConfigKeys (ConfUtils.java:logGet(43)) - raft.server.log.appender.buffer.byte-limit = 33554432 (custom)
2019-09-07 05:41:22,906 [128f9cd9-1ce0-4189-9a97-bb171bd7dc5e@group-0180A3FD025F:LeaderElection76] INFO  server.RaftServerConfigKeys (ConfUtils.java:logGet(43)) - raft.server.log.appender.buffer.element-limit = 1 (custom)
2019-09-07 05:41:22,906 [128f9cd9-1ce0-4189-9a97-bb171bd7dc5e@group-0180A3FD025F:LeaderElection76] INFO  grpc.GrpcConfigKeys$Server (ConfUtils.java:logGet(43)) - raft.grpc.server.leader.outstanding.appends.max = 128 (default)
2019-09-07 05:41:22,906 [128f9cd9-1ce0-4189-9a97-bb171bd7dc5e@group-0180A3FD025F:LeaderElection76] INFO  server.RaftServerConfigKeys (ConfUtils.java:logGet(43)) - raft.server.rpc.request.timeout = 3000ms (default)
2019-09-07 05:41:22,907 [128f9cd9-1ce0-4189-9a97-bb171bd7dc5e@group-0180A3FD025F:LeaderElection76] INFO  server.RaftServerConfigKeys (ConfUtils.java:logGet(43)) - raft.server.log.appender.install.snapshot.enabled = false (custom)
2019-09-07 05:41:22,907 [128f9cd9-1ce0-4189-9a97-bb171bd7dc5e@group-0180A3FD025F:LeaderElection76] INFO  server.RaftServerConfigKeys (ConfUtils.java:logGet(43)) - raft.server.log.appender.snapshot.chunk.size.max = 16MB (=16777216) (default)
2019-09-07 05:41:22,907 [128f9cd9-1ce0-4189-9a97-bb171bd7dc5e@group-0180A3FD025F:LeaderElection76] INFO  server.RaftServerConfigKeys (ConfUtils.java:logGet(43)) - raft.server.log.appender.buffer.byte-limit = 33554432 (custom)
2019-09-07 05:41:22,907 [128f9cd9-1ce0-4189-9a97-bb171bd7dc5e@group-0180A3FD025F:LeaderElection76] INFO  server.RaftServerConfigKeys (ConfUtils.java:logGet(43)) - raft.server.log.appender.buffer.element-limit = 1 (custom)
2019-09-07 05:41:22,908 [128f9cd9-1ce0-4189-9a97-bb171bd7dc5e@group-0180A3FD025F:LeaderElection76] INFO  grpc.GrpcConfigKeys$Server (ConfUtils.java:logGet(43)) - raft.grpc.server.leader.outstanding.appends.max = 128 (default)
2019-09-07 05:41:22,908 [128f9cd9-1ce0-4189-9a97-bb171bd7dc5e@group-0180A3FD025F:LeaderElection76] INFO  server.RaftServerConfigKeys (ConfUtils.java:logGet(43)) - raft.server.rpc.request.timeout = 3000ms (default)
2019-09-07 05:41:22,908 [128f9cd9-1ce0-4189-9a97-bb171bd7dc5e@group-0180A3FD025F:LeaderElection76] INFO  server.RaftServerConfigKeys (ConfUtils.java:logGet(43)) - raft.server.log.appender.install.snapshot.enabled = false (custom)
2019-09-07 05:41:22,908 [128f9cd9-1ce0-4189-9a97-bb171bd7dc5e@group-0180A3FD025F:LeaderElection76] INFO  impl.RoleInfo (RoleInfo.java:updateAndGet(143)) - 128f9cd9-1ce0-4189-9a97-bb171bd7dc5e: start LeaderState
2019-09-07 05:41:22,909 [128f9cd9-1ce0-4189-9a97-bb171bd7dc5e@group-0180A3FD025F:LeaderElection76] INFO  segmented.SegmentedRaftLogWorker (SegmentedRaftLogWorker.java:rollLogSegment(385)) - 128f9cd9-1ce0-4189-9a97-bb171bd7dc5e@group-0180A3FD025F-SegmentedRaftLogWorker: Rolling segment log-0_2 to index:2
2019-09-07 05:41:22,910 [128f9cd9-1ce0-4189-9a97-bb171bd7dc5e@group-0180A3FD025F:LeaderElection76] INFO  impl.RaftServerImpl (ServerState.java:setRaftConf(354)) - 128f9cd9-1ce0-4189-9a97-bb171bd7dc5e@group-0180A3FD025F: set configuration 3: [9421659c-ce2f-43f5-9e25-e6f39f25e195:192.168.36.105:40709, 128f9cd9-1ce0-4189-9a97-bb171bd7dc5e:192.168.36.105:36471, ef2f7667-7980-42d6-a69e-bebf92f3302c:192.168.36.105:43000], old=null at 3
2019-09-07 05:41:22,910 [128f9cd9-1ce0-4189-9a97-bb171bd7dc5e@group-0180A3FD025F-SegmentedRaftLogWorker] INFO  segmented.SegmentedRaftLogWorker (SegmentedRaftLogWorker.java:execute(526)) - 128f9cd9-1ce0-4189-9a97-bb171bd7dc5e@group-0180A3FD025F-SegmentedRaftLogWorker: Rolled log segment from /workdir/hadoop-ozone/integration-test/target/test-dir/MiniOzoneClusterImpl-cbf2fb49-9796-4388-8e34-31192cee1719/datanode-1/data/ratis/8923fd70-b3d7-4b65-a00f-0180a3fd025f/current/log_inprogress_0 to /workdir/hadoop-ozone/integration-test/target/test-dir/MiniOzoneClusterImpl-cbf2fb49-9796-4388-8e34-31192cee1719/datanode-1/data/ratis/8923fd70-b3d7-4b65-a00f-0180a3fd025f/current/log_0-2
2019-09-07 05:41:22,914 [grpc-default-executor-8] WARN  server.GrpcLogAppender (LogUtils.java:warn(134)) - 128f9cd9-1ce0-4189-9a97-bb171bd7dc5e@group-0180A3FD025F->ef2f7667-7980-42d6-a69e-bebf92f3302c-AppendLogResponseHandler: Failed appendEntries: org.apache.ratis.thirdparty.io.grpc.StatusRuntimeException: UNAVAILABLE: io exception
2019-09-07 05:41:22,915 [grpc-default-executor-8] INFO  impl.FollowerInfo (FollowerInfo.java:lambda$new$0(51)) - 128f9cd9-1ce0-4189-9a97-bb171bd7dc5e@group-0180A3FD025F->ef2f7667-7980-42d6-a69e-bebf92f3302c: nextIndex: updateUnconditionally 3 -> 1
2019-09-07 05:41:22,915 [grpc-default-executor-5] INFO  impl.RaftServerImpl (ServerState.java:setLeader(253)) - 9421659c-ce2f-43f5-9e25-e6f39f25e195@group-0180A3FD025F: change Leader from null to 128f9cd9-1ce0-4189-9a97-bb171bd7dc5e at term 3 for appendEntries, leader elected after 5174ms
2019-09-07 05:41:22,942 [grpc-default-executor-5] INFO  impl.RaftServerImpl (ServerState.java:setRaftConf(354)) - 9421659c-ce2f-43f5-9e25-e6f39f25e195@group-0180A3FD025F: set configuration 3: [9421659c-ce2f-43f5-9e25-e6f39f25e195:192.168.36.105:40709, 128f9cd9-1ce0-4189-9a97-bb171bd7dc5e:192.168.36.105:36471, ef2f7667-7980-42d6-a69e-bebf92f3302c:192.168.36.105:43000], old=null at 3
2019-09-07 05:41:22,943 [grpc-default-executor-5] INFO  segmented.SegmentedRaftLogWorker (SegmentedRaftLogWorker.java:rollLogSegment(385)) - 9421659c-ce2f-43f5-9e25-e6f39f25e195@group-0180A3FD025F-SegmentedRaftLogWorker: Rolling segment log-0_2 to index:2
2019-09-07 05:41:22,944 [9421659c-ce2f-43f5-9e25-e6f39f25e195@group-0180A3FD025F-SegmentedRaftLogWorker] INFO  segmented.SegmentedRaftLogWorker (SegmentedRaftLogWorker.java:execute(526)) - 9421659c-ce2f-43f5-9e25-e6f39f25e195@group-0180A3FD025F-SegmentedRaftLogWorker: Rolled log segment from /workdir/hadoop-ozone/integration-test/target/test-dir/MiniOzoneClusterImpl-cbf2fb49-9796-4388-8e34-31192cee1719/datanode-3/data/ratis/8923fd70-b3d7-4b65-a00f-0180a3fd025f/current/log_inprogress_0 to /workdir/hadoop-ozone/integration-test/target/test-dir/MiniOzoneClusterImpl-cbf2fb49-9796-4388-8e34-31192cee1719/datanode-3/data/ratis/8923fd70-b3d7-4b65-a00f-0180a3fd025f/current/log_0-2
2019-09-07 05:41:23,000 [128f9cd9-1ce0-4189-9a97-bb171bd7dc5e@group-0180A3FD025F-SegmentedRaftLogWorker] INFO  segmented.SegmentedRaftLogWorker (SegmentedRaftLogWorker.java:execute(569)) - 128f9cd9-1ce0-4189-9a97-bb171bd7dc5e@group-0180A3FD025F-SegmentedRaftLogWorker: created new log segment /workdir/hadoop-ozone/integration-test/target/test-dir/MiniOzoneClusterImpl-cbf2fb49-9796-4388-8e34-31192cee1719/datanode-1/data/ratis/8923fd70-b3d7-4b65-a00f-0180a3fd025f/current/log_inprogress_3
2019-09-07 05:41:23,018 [9421659c-ce2f-43f5-9e25-e6f39f25e195@group-0180A3FD025F-SegmentedRaftLogWorker] INFO  segmented.SegmentedRaftLogWorker (SegmentedRaftLogWorker.java:execute(569)) - 9421659c-ce2f-43f5-9e25-e6f39f25e195@group-0180A3FD025F-SegmentedRaftLogWorker: created new log segment /workdir/hadoop-ozone/integration-test/target/test-dir/MiniOzoneClusterImpl-cbf2fb49-9796-4388-8e34-31192cee1719/datanode-3/data/ratis/8923fd70-b3d7-4b65-a00f-0180a3fd025f/current/log_inprogress_3
2019-09-07 05:41:23,048 [grpc-default-executor-9] WARN  server.GrpcLogAppender (LogUtils.java:warn(134)) - 128f9cd9-1ce0-4189-9a97-bb171bd7dc5e@group-0180A3FD025F->ef2f7667-7980-42d6-a69e-bebf92f3302c-AppendLogResponseHandler: Failed appendEntries: org.apache.ratis.thirdparty.io.grpc.StatusRuntimeException: UNAVAILABLE: io exception
2019-09-07 05:41:23,049 [grpc-default-executor-9] INFO  impl.FollowerInfo (FollowerInfo.java:lambda$new$0(51)) - 128f9cd9-1ce0-4189-9a97-bb171bd7dc5e@group-0180A3FD025F->ef2f7667-7980-42d6-a69e-bebf92f3302c: nextIndex: updateUnconditionally 2 -> 1
2019-09-07 05:41:23,066 [grpc-default-executor-5] WARN  server.GrpcLogAppender (LogUtils.java:warn(134)) - 128f9cd9-1ce0-4189-9a97-bb171bd7dc5e@group-0180A3FD025F->ef2f7667-7980-42d6-a69e-bebf92f3302c-AppendLogResponseHandler: Failed appendEntries: org.apache.ratis.thirdparty.io.grpc.StatusRuntimeException: UNAVAILABLE: io exception
2019-09-07 05:41:23,066 [grpc-default-executor-5] INFO  impl.FollowerInfo (FollowerInfo.java:lambda$new$0(51)) - 128f9cd9-1ce0-4189-9a97-bb171bd7dc5e@group-0180A3FD025F->ef2f7667-7980-42d6-a69e-bebf92f3302c: nextIndex: updateUnconditionally 2 -> 1
]]></system-out>
    <system-err><![CDATA[Sep 07, 2019 5:40:57 AM org.apache.ratis.thirdparty.io.grpc.internal.ManagedChannelOrphanWrapper$ManagedChannelReference cleanQueue
SEVERE: *~*~*~ Channel ManagedChannelImpl{logId=1492, target=192.168.36.105:43219} was not shutdown properly!!! ~*~*~*
    Make sure to call shutdown()/shutdownNow() and wait until awaitTermination() returns true.
java.lang.RuntimeException: ManagedChannel allocation site
	at org.apache.ratis.thirdparty.io.grpc.internal.ManagedChannelOrphanWrapper$ManagedChannelReference.<init>(ManagedChannelOrphanWrapper.java:103)
	at org.apache.ratis.thirdparty.io.grpc.internal.ManagedChannelOrphanWrapper.<init>(ManagedChannelOrphanWrapper.java:53)
	at org.apache.ratis.thirdparty.io.grpc.internal.ManagedChannelOrphanWrapper.<init>(ManagedChannelOrphanWrapper.java:44)
	at org.apache.ratis.thirdparty.io.grpc.internal.AbstractManagedChannelImplBuilder.build(AbstractManagedChannelImplBuilder.java:411)
	at org.apache.ratis.grpc.client.GrpcClientProtocolClient.<init>(GrpcClientProtocolClient.java:127)
	at org.apache.ratis.grpc.client.GrpcClientRpc.lambda$new$0(GrpcClientRpc.java:55)
	at org.apache.ratis.util.PeerProxyMap$PeerAndProxy.lambda$getProxy$0(PeerProxyMap.java:61)
	at org.apache.ratis.util.LifeCycle.startAndTransition(LifeCycle.java:202)
	at org.apache.ratis.util.PeerProxyMap$PeerAndProxy.getProxy(PeerProxyMap.java:60)
	at org.apache.ratis.util.PeerProxyMap.getProxy(PeerProxyMap.java:108)
	at org.apache.ratis.grpc.client.GrpcClientRpc.sendRequestAsyncUnordered(GrpcClientRpc.java:78)
	at org.apache.ratis.client.impl.UnorderedAsync.sendRequestWithRetry(UnorderedAsync.java:75)
	at org.apache.ratis.client.impl.UnorderedAsync.lambda$null$2(UnorderedAsync.java:120)
	at org.apache.ratis.util.TimeoutScheduler.lambda$onTimeout$0(TimeoutScheduler.java:113)
	at org.apache.ratis.util.TimeoutScheduler.lambda$onTimeout$1(TimeoutScheduler.java:133)
	at org.apache.ratis.util.LogUtils.runAndLog(LogUtils.java:50)
	at org.apache.ratis.util.LogUtils$1.run(LogUtils.java:91)
	at java.util.concurrent.Executors$RunnableAdapter.call(Executors.java:511)
	at java.util.concurrent.FutureTask.run(FutureTask.java:266)
	at java.util.concurrent.ScheduledThreadPoolExecutor$ScheduledFutureTask.access$201(ScheduledThreadPoolExecutor.java:180)
	at java.util.concurrent.ScheduledThreadPoolExecutor$ScheduledFutureTask.run(ScheduledThreadPoolExecutor.java:293)
	at java.util.concurrent.ThreadPoolExecutor.runWorker(ThreadPoolExecutor.java:1149)
	at java.util.concurrent.ThreadPoolExecutor$Worker.run(ThreadPoolExecutor.java:624)
	at java.lang.Thread.run(Thread.java:748)

Sep 07, 2019 5:40:57 AM org.apache.ratis.thirdparty.io.grpc.internal.ManagedChannelOrphanWrapper$ManagedChannelReference cleanQueue
SEVERE: *~*~*~ Channel ManagedChannelImpl{logId=1533, target=192.168.36.105:46773} was not shutdown properly!!! ~*~*~*
    Make sure to call shutdown()/shutdownNow() and wait until awaitTermination() returns true.
java.lang.RuntimeException: ManagedChannel allocation site
	at org.apache.ratis.thirdparty.io.grpc.internal.ManagedChannelOrphanWrapper$ManagedChannelReference.<init>(ManagedChannelOrphanWrapper.java:103)
	at org.apache.ratis.thirdparty.io.grpc.internal.ManagedChannelOrphanWrapper.<init>(ManagedChannelOrphanWrapper.java:53)
	at org.apache.ratis.thirdparty.io.grpc.internal.ManagedChannelOrphanWrapper.<init>(ManagedChannelOrphanWrapper.java:44)
	at org.apache.ratis.thirdparty.io.grpc.internal.AbstractManagedChannelImplBuilder.build(AbstractManagedChannelImplBuilder.java:411)
	at org.apache.ratis.grpc.client.GrpcClientProtocolClient.<init>(GrpcClientProtocolClient.java:127)
	at org.apache.ratis.grpc.client.GrpcClientRpc.lambda$new$0(GrpcClientRpc.java:55)
	at org.apache.ratis.util.PeerProxyMap$PeerAndProxy.lambda$getProxy$0(PeerProxyMap.java:61)
	at org.apache.ratis.util.LifeCycle.startAndTransition(LifeCycle.java:202)
	at org.apache.ratis.util.PeerProxyMap$PeerAndProxy.getProxy(PeerProxyMap.java:60)
	at org.apache.ratis.util.PeerProxyMap.getProxy(PeerProxyMap.java:108)
	at org.apache.ratis.grpc.client.GrpcClientRpc.sendRequestAsync(GrpcClientRpc.java:66)
	at org.apache.ratis.client.impl.OrderedAsync.sendRequest(OrderedAsync.java:208)
	at org.apache.ratis.client.impl.OrderedAsync.sendRequestWithRetry(OrderedAsync.java:169)
	at org.apache.ratis.util.SlidingWindow$Client.sendOrDelayRequest(SlidingWindow.java:278)
	at org.apache.ratis.util.SlidingWindow$Client.retry(SlidingWindow.java:294)
	at org.apache.ratis.client.impl.OrderedAsync.lambda$scheduleWithTimeout$7(OrderedAsync.java:195)
	at org.apache.ratis.util.TimeoutScheduler.lambda$onTimeout$0(TimeoutScheduler.java:113)
	at org.apache.ratis.util.TimeoutScheduler.lambda$onTimeout$1(TimeoutScheduler.java:133)
	at org.apache.ratis.util.LogUtils.runAndLog(LogUtils.java:50)
	at org.apache.ratis.util.LogUtils$1.run(LogUtils.java:91)
	at java.util.concurrent.Executors$RunnableAdapter.call(Executors.java:511)
	at java.util.concurrent.FutureTask.run(FutureTask.java:266)
	at java.util.concurrent.ScheduledThreadPoolExecutor$ScheduledFutureTask.access$201(ScheduledThreadPoolExecutor.java:180)
	at java.util.concurrent.ScheduledThreadPoolExecutor$ScheduledFutureTask.run(ScheduledThreadPoolExecutor.java:293)
	at java.util.concurrent.ThreadPoolExecutor.runWorker(ThreadPoolExecutor.java:1149)
	at java.util.concurrent.ThreadPoolExecutor$Worker.run(ThreadPoolExecutor.java:624)
	at java.lang.Thread.run(Thread.java:748)

]]></system-err>
  </testcase>
</testsuite>