<?xml version="1.0" encoding="UTF-8"?>
<testsuite xmlns:xsi="http://www.w3.org/2001/XMLSchema-instance" xsi:noNamespaceSchemaLocation="https://maven.apache.org/surefire/maven-surefire-plugin/xsd/surefire-test-report.xsd" name="org.apache.hadoop.ozone.client.rpc.TestBlockOutputStreamWithFailures" time="677.964" tests="8" errors="0" skipped="0" failures="1">
  <properties>
    <property name="awt.toolkit" value="sun.awt.X11.XToolkit"/>
    <property name="file.encoding.pkg" value="sun.io"/>
    <property name="java.specification.version" value="1.8"/>
    <property name="sun.cpu.isalist" value=""/>
    <property name="sun.jnu.encoding" value="UTF-8"/>
    <property name="java.class.path" value="/workdir/hadoop-ozone/integration-test/target/test-classes:/workdir/hadoop-ozone/integration-test/target/classes:/home/user/.m2/repository/org/apache/hadoop/hadoop-ozone-common/0.5.0-SNAPSHOT/hadoop-ozone-common-0.5.0-SNAPSHOT.jar:/home/user/.m2/repository/org/apache/commons/commons-compress/1.4.1/commons-compress-1.4.1.jar:/home/user/.m2/repository/org/tukaani/xz/1.0/xz-1.0.jar:/home/user/.m2/repository/org/apache/hadoop/hadoop-common/3.2.0/hadoop-common-3.2.0.jar:/home/user/.m2/repository/org/apache/hadoop/hadoop-hdfs/3.2.0/hadoop-hdfs-3.2.0.jar:/home/user/.m2/repository/org/apache/hadoop/hadoop-hdfs-client/3.2.0/hadoop-hdfs-client-3.2.0.jar:/home/user/.m2/repository/com/fasterxml/jackson/core/jackson-annotations/2.9.5/jackson-annotations-2.9.5.jar:/home/user/.m2/repository/org/apache/hadoop/hadoop-hdds-common/0.5.0-SNAPSHOT/hadoop-hdds-common-0.5.0-SNAPSHOT.jar:/home/user/.m2/repository/javax/annotation/javax.annotation-api/1.2/javax.annotation-api-1.2.jar:/home/user/.m2/repository/org/apache/ratis/ratis-server/0.4.0-2337318-SNAPSHOT/ratis-server-0.4.0-2337318-SNAPSHOT.jar:/home/user/.m2/repository/org/apache/ratis/ratis-thirdparty-misc/0.2.0/ratis-thirdparty-misc-0.2.0.jar:/home/user/.m2/repository/org/apache/ratis/ratis-proto/0.4.0-2337318-SNAPSHOT/ratis-proto-0.4.0-2337318-SNAPSHOT.jar:/home/user/.m2/repository/org/apache/ratis/ratis-common/0.4.0-2337318-SNAPSHOT/ratis-common-0.4.0-2337318-SNAPSHOT.jar:/home/user/.m2/repository/org/apache/ratis/ratis-client/0.4.0-2337318-SNAPSHOT/ratis-client-0.4.0-2337318-SNAPSHOT.jar:/home/user/.m2/repository/org/apache/ratis/ratis-metrics/0.4.0-2337318-SNAPSHOT/ratis-metrics-0.4.0-2337318-SNAPSHOT.jar:/home/user/.m2/repository/org/apache/ratis/ratis-netty/0.4.0-2337318-SNAPSHOT/ratis-netty-0.4.0-2337318-SNAPSHOT.jar:/home/user/.m2/repository/org/apache/ratis/ratis-grpc/0.4.0-2337318-SNAPSHOT/ratis-grpc-0.4.0-2337318-SNAPSHOT.jar:/home/user/.m2/repository/org/rocksdb/rocksdbjni/6.0.1/rocksdbjni-6.0.1.jar:/home/user/.m2/repository/org/apache/logging/log4j/log4j-api/2.11.0/log4j-api-2.11.0.jar:/home/user/.m2/repository/org/apache/logging/log4j/log4j-core/2.11.0/log4j-core-2.11.0.jar:/home/user/.m2/repository/com/lmax/disruptor/3.4.2/disruptor-3.4.2.jar:/home/user/.m2/repository/org/apache/commons/commons-pool2/2.6.0/commons-pool2-2.6.0.jar:/home/user/.m2/repository/org/bouncycastle/bcpkix-jdk15on/1.60/bcpkix-jdk15on-1.60.jar:/home/user/.m2/repository/commons-validator/commons-validator/1.6/commons-validator-1.6.jar:/home/user/.m2/repository/commons-digester/commons-digester/1.8.1/commons-digester-1.8.1.jar:/home/user/.m2/repository/io/jaegertracing/jaeger-client/0.33.1/jaeger-client-0.33.1.jar:/home/user/.m2/repository/io/jaegertracing/jaeger-thrift/0.33.1/jaeger-thrift-0.33.1.jar:/home/user/.m2/repository/org/apache/thrift/libthrift/0.11.0/libthrift-0.11.0.jar:/home/user/.m2/repository/com/squareup/okhttp3/okhttp/3.9.0/okhttp-3.9.0.jar:/home/user/.m2/repository/com/squareup/okio/okio/1.13.0/okio-1.13.0.jar:/home/user/.m2/repository/io/jaegertracing/jaeger-core/0.33.1/jaeger-core-0.33.1.jar:/home/user/.m2/repository/io/jaegertracing/jaeger-tracerresolver/0.33.1/jaeger-tracerresolver-0.33.1.jar:/home/user/.m2/repository/io/opentracing/contrib/opentracing-tracerresolver/0.1.5/opentracing-tracerresolver-0.1.5.jar:/home/user/.m2/repository/io/opentracing/opentracing-util/0.31.0/opentracing-util-0.31.0.jar:/home/user/.m2/repository/io/opentracing/opentracing-api/0.31.0/opentracing-api-0.31.0.jar:/home/user/.m2/repository/io/opentracing/opentracing-noop/0.31.0/opentracing-noop-0.31.0.jar:/home/user/.m2/repository/org/apache/hadoop/hadoop-hdds-server-framework/0.5.0-SNAPSHOT/hadoop-hdds-server-framework-0.5.0-SNAPSHOT.jar:/home/user/.m2/repository/org/apache/hadoop/hadoop-hdds-container-service/0.5.0-SNAPSHOT/hadoop-hdds-container-service-0.5.0-SNAPSHOT.jar:/home/user/.m2/repository/org/apache/hadoop/hadoop-hdds-client/0.5.0-SNAPSHOT/hadoop-hdds-client-0.5.0-SNAPSHOT.jar:/home/user/.m2/repository/org/apache/hadoop/hadoop-hdds-tools/0.5.0-SNAPSHOT/hadoop-hdds-tools-0.5.0-SNAPSHOT.jar:/home/user/.m2/repository/org/apache/hadoop/hadoop-hdds-server-scm/0.5.0-SNAPSHOT/hadoop-hdds-server-scm-0.5.0-SNAPSHOT.jar:/home/user/.m2/repository/org/apache/hadoop/hadoop-hdds-docs/0.5.0-SNAPSHOT/hadoop-hdds-docs-0.5.0-SNAPSHOT.jar:/home/user/.m2/repository/io/dropwizard/metrics/metrics-core/3.2.4/metrics-core-3.2.4.jar:/home/user/.m2/repository/org/hamcrest/hamcrest-all/1.3/hamcrest-all-1.3.jar:/home/user/.m2/repository/org/bouncycastle/bcprov-jdk15on/1.60/bcprov-jdk15on-1.60.jar:/home/user/.m2/repository/info/picocli/picocli/3.9.6/picocli-3.9.6.jar:/home/user/.m2/repository/com/google/protobuf/protobuf-java/2.5.0/protobuf-java-2.5.0.jar:/home/user/.m2/repository/com/google/guava/guava/11.0.2/guava-11.0.2.jar:/home/user/.m2/repository/org/apache/hadoop/hadoop-ozone-ozone-manager/0.5.0-SNAPSHOT/hadoop-ozone-ozone-manager-0.5.0-SNAPSHOT.jar:/home/user/.m2/repository/org/apache/hadoop/hadoop-minikdc/3.2.0/hadoop-minikdc-3.2.0.jar:/home/user/.m2/repository/commons-io/commons-io/2.5/commons-io-2.5.jar:/home/user/.m2/repository/org/apache/kerby/kerb-simplekdc/1.0.1/kerb-simplekdc-1.0.1.jar:/home/user/.m2/repository/org/apache/kerby/kerb-client/1.0.1/kerb-client-1.0.1.jar:/home/user/.m2/repository/org/apache/kerby/kerby-config/1.0.1/kerby-config-1.0.1.jar:/home/user/.m2/repository/org/apache/kerby/kerb-core/1.0.1/kerb-core-1.0.1.jar:/home/user/.m2/repository/org/apache/kerby/kerby-pkix/1.0.1/kerby-pkix-1.0.1.jar:/home/user/.m2/repository/org/apache/kerby/kerby-asn1/1.0.1/kerby-asn1-1.0.1.jar:/home/user/.m2/repository/org/apache/kerby/kerby-util/1.0.1/kerby-util-1.0.1.jar:/home/user/.m2/repository/org/apache/kerby/kerb-common/1.0.1/kerb-common-1.0.1.jar:/home/user/.m2/repository/org/apache/kerby/kerb-crypto/1.0.1/kerb-crypto-1.0.1.jar:/home/user/.m2/repository/org/apache/kerby/kerb-util/1.0.1/kerb-util-1.0.1.jar:/home/user/.m2/repository/org/apache/kerby/token-provider/1.0.1/token-provider-1.0.1.jar:/home/user/.m2/repository/org/apache/kerby/kerb-admin/1.0.1/kerb-admin-1.0.1.jar:/home/user/.m2/repository/org/apache/kerby/kerb-server/1.0.1/kerb-server-1.0.1.jar:/home/user/.m2/repository/org/apache/kerby/kerb-identity/1.0.1/kerb-identity-1.0.1.jar:/home/user/.m2/repository/org/apache/kerby/kerby-xdr/1.0.1/kerby-xdr-1.0.1.jar:/home/user/.m2/repository/org/slf4j/slf4j-log4j12/1.7.25/slf4j-log4j12-1.7.25.jar:/home/user/.m2/repository/org/apache/hadoop/hadoop-ozone-objectstore-service/0.5.0-SNAPSHOT/hadoop-ozone-objectstore-service-0.5.0-SNAPSHOT.jar:/home/user/.m2/repository/org/apache/hadoop/hadoop-ozone-s3gateway/0.5.0-SNAPSHOT/hadoop-ozone-s3gateway-0.5.0-SNAPSHOT.jar:/home/user/.m2/repository/org/jboss/weld/servlet/weld-servlet/2.4.7.Final/weld-servlet-2.4.7.Final.jar:/home/user/.m2/repository/org/glassfish/jersey/containers/jersey-container-servlet-core/2.27/jersey-container-servlet-core-2.27.jar:/home/user/.m2/repository/org/glassfish/hk2/external/javax.inject/2.5.0-b42/javax.inject-2.5.0-b42.jar:/home/user/.m2/repository/org/glassfish/jersey/core/jersey-common/2.27/jersey-common-2.27.jar:/home/user/.m2/repository/org/glassfish/hk2/osgi-resource-locator/1.0.1/osgi-resource-locator-1.0.1.jar:/home/user/.m2/repository/javax/ws/rs/javax.ws.rs-api/2.1/javax.ws.rs-api-2.1.jar:/home/user/.m2/repository/org/glassfish/jersey/ext/cdi/jersey-cdi1x/2.27/jersey-cdi1x-2.27.jar:/home/user/.m2/repository/org/glassfish/jersey/inject/jersey-hk2/2.27/jersey-hk2-2.27.jar:/home/user/.m2/repository/org/glassfish/hk2/hk2-locator/2.5.0-b42/hk2-locator-2.5.0-b42.jar:/home/user/.m2/repository/org/javassist/javassist/3.22.0-CR2/javassist-3.22.0-CR2.jar:/home/user/.m2/repository/org/glassfish/hk2/hk2-api/2.5.0/hk2-api-2.5.0.jar:/home/user/.m2/repository/org/glassfish/hk2/external/jakarta.inject/2.5.0/jakarta.inject-2.5.0.jar:/home/user/.m2/repository/org/glassfish/hk2/hk2-utils/2.5.0/hk2-utils-2.5.0.jar:/home/user/.m2/repository/jakarta/annotation/jakarta.annotation-api/1.3.4/jakarta.annotation-api-1.3.4.jar:/home/user/.m2/repository/org/glassfish/hk2/external/aopalliance-repackaged/2.5.0/aopalliance-repackaged-2.5.0.jar:/home/user/.m2/repository/com/fasterxml/jackson/dataformat/jackson-dataformat-xml/2.9.0/jackson-dataformat-xml-2.9.0.jar:/home/user/.m2/repository/com/fasterxml/jackson/core/jackson-core/2.9.5/jackson-core-2.9.5.jar:/home/user/.m2/repository/com/fasterxml/jackson/module/jackson-module-jaxb-annotations/2.9.5/jackson-module-jaxb-annotations-2.9.5.jar:/home/user/.m2/repository/javax/enterprise/cdi-api/1.2/cdi-api-1.2.jar:/home/user/.m2/repository/javax/el/javax.el-api/3.0.0/javax.el-api-3.0.0.jar:/home/user/.m2/repository/javax/interceptor/javax.interceptor-api/1.2/javax.interceptor-api-1.2.jar:/home/user/.m2/repository/javax/inject/javax.inject/1/javax.inject-1.jar:/home/user/.m2/repository/com/sun/xml/bind/jaxb-impl/2.3.0.1/jaxb-impl-2.3.0.1.jar:/home/user/.m2/repository/com/sun/xml/bind/jaxb-core/2.3.0.1/jaxb-core-2.3.0.1.jar:/home/user/.m2/repository/javax/xml/bind/jaxb-api/2.3.0/jaxb-api-2.3.0.jar:/home/user/.m2/repository/javax/activation/activation/1.1.1/activation-1.1.1.jar:/home/user/.m2/repository/org/apache/hadoop/hadoop-ozone-csi/0.5.0-SNAPSHOT/hadoop-ozone-csi-0.5.0-SNAPSHOT.jar:/home/user/.m2/repository/com/google/protobuf/protobuf-java-util/3.5.1/protobuf-java-util-3.5.1.jar:/home/user/.m2/repository/org/apache/hadoop/hadoop-hdds-config/0.5.0-SNAPSHOT/hadoop-hdds-config-0.5.0-SNAPSHOT.jar:/home/user/.m2/repository/io/grpc/grpc-netty/1.17.1/grpc-netty-1.17.1.jar:/home/user/.m2/repository/io/grpc/grpc-core/1.17.1/grpc-core-1.17.1.jar:/home/user/.m2/repository/io/grpc/grpc-context/1.17.1/grpc-context-1.17.1.jar:/home/user/.m2/repository/com/google/errorprone/error_prone_annotations/2.2.0/error_prone_annotations-2.2.0.jar:/home/user/.m2/repository/org/codehaus/mojo/animal-sniffer-annotations/1.17/animal-sniffer-annotations-1.17.jar:/home/user/.m2/repository/io/opencensus/opencensus-api/0.17.0/opencensus-api-0.17.0.jar:/home/user/.m2/repository/io/opencensus/opencensus-contrib-grpc-metrics/0.17.0/opencensus-contrib-grpc-metrics-0.17.0.jar:/home/user/.m2/repository/io/netty/netty-codec-http2/4.1.30.Final/netty-codec-http2-4.1.30.Final.jar:/home/user/.m2/repository/io/netty/netty-codec-http/4.1.30.Final/netty-codec-http-4.1.30.Final.jar:/home/user/.m2/repository/io/netty/netty-codec/4.1.30.Final/netty-codec-4.1.30.Final.jar:/home/user/.m2/repository/io/netty/netty-handler/4.1.30.Final/netty-handler-4.1.30.Final.jar:/home/user/.m2/repository/io/netty/netty-handler-proxy/4.1.30.Final/netty-handler-proxy-4.1.30.Final.jar:/home/user/.m2/repository/io/netty/netty-codec-socks/4.1.30.Final/netty-codec-socks-4.1.30.Final.jar:/home/user/.m2/repository/io/netty/netty-transport-native-epoll/4.1.30.Final/netty-transport-native-epoll-4.1.30.Final.jar:/home/user/.m2/repository/io/netty/netty-common/4.1.30.Final/netty-common-4.1.30.Final.jar:/home/user/.m2/repository/io/netty/netty-buffer/4.1.30.Final/netty-buffer-4.1.30.Final.jar:/home/user/.m2/repository/io/netty/netty-transport/4.1.30.Final/netty-transport-4.1.30.Final.jar:/home/user/.m2/repository/io/netty/netty-resolver/4.1.30.Final/netty-resolver-4.1.30.Final.jar:/home/user/.m2/repository/io/netty/netty-transport-native-unix-common/4.1.30.Final/netty-transport-native-unix-common-4.1.30.Final.jar:/home/user/.m2/repository/io/grpc/grpc-protobuf/1.17.1/grpc-protobuf-1.17.1.jar:/home/user/.m2/repository/com/google/api/grpc/proto-google-common-protos/1.0.0/proto-google-common-protos-1.0.0.jar:/home/user/.m2/repository/io/grpc/grpc-protobuf-lite/1.17.1/grpc-protobuf-lite-1.17.1.jar:/home/user/.m2/repository/io/grpc/grpc-stub/1.17.1/grpc-stub-1.17.1.jar:/home/user/.m2/repository/org/apache/hadoop/hadoop-ozone-recon/0.5.0-SNAPSHOT/hadoop-ozone-recon-0.5.0-SNAPSHOT.jar:/home/user/.m2/repository/org/apache/hadoop/hadoop-ozone-reconcodegen/0.5.0-SNAPSHOT/hadoop-ozone-reconcodegen-0.5.0-SNAPSHOT.jar:/home/user/.m2/repository/com/google/inject/extensions/guice-multibindings/4.0/guice-multibindings-4.0.jar:/home/user/.m2/repository/com/google/inject/guice/4.0/guice-4.0.jar:/home/user/.m2/repository/aopalliance/aopalliance/1.0/aopalliance-1.0.jar:/home/user/.m2/repository/com/google/inject/extensions/guice-servlet/4.0/guice-servlet-4.0.jar:/home/user/.m2/repository/org/glassfish/jersey/containers/jersey-container-servlet/2.27/jersey-container-servlet-2.27.jar:/home/user/.m2/repository/org/glassfish/hk2/guice-bridge/2.5.0/guice-bridge-2.5.0.jar:/home/user/.m2/repository/org/glassfish/jersey/core/jersey-server/2.27/jersey-server-2.27.jar:/home/user/.m2/repository/org/glassfish/jersey/core/jersey-client/2.27/jersey-client-2.27.jar:/home/user/.m2/repository/org/glassfish/jersey/media/jersey-media-jaxb/2.27/jersey-media-jaxb-2.27.jar:/home/user/.m2/repository/javax/validation/validation-api/1.1.0.Final/validation-api-1.1.0.Final.jar:/home/user/.m2/repository/org/glassfish/jersey/media/jersey-media-json-jackson/2.27/jersey-media-json-jackson-2.27.jar:/home/user/.m2/repository/org/glassfish/jersey/ext/jersey-entity-filtering/2.27/jersey-entity-filtering-2.27.jar:/home/user/.m2/repository/com/google/inject/extensions/guice-assistedinject/4.0/guice-assistedinject-4.0.jar:/home/user/.m2/repository/org/jooq/jooq/3.11.10/jooq-3.11.10.jar:/home/user/.m2/repository/org/jooq/jooq-meta/3.11.10/jooq-meta-3.11.10.jar:/home/user/.m2/repository/org/jooq/jooq-codegen/3.11.10/jooq-codegen-3.11.10.jar:/home/user/.m2/repository/com/jolbox/bonecp/0.8.0.RELEASE/bonecp-0.8.0.RELEASE.jar:/home/user/.m2/repository/org/xerial/sqlite-jdbc/3.25.2/sqlite-jdbc-3.25.2.jar:/home/user/.m2/repository/org/springframework/spring-jdbc/5.1.3.RELEASE/spring-jdbc-5.1.3.RELEASE.jar:/home/user/.m2/repository/org/springframework/spring-beans/5.1.3.RELEASE/spring-beans-5.1.3.RELEASE.jar:/home/user/.m2/repository/org/springframework/spring-core/5.1.3.RELEASE/spring-core-5.1.3.RELEASE.jar:/home/user/.m2/repository/org/springframework/spring-jcl/5.1.3.RELEASE/spring-jcl-5.1.3.RELEASE.jar:/home/user/.m2/repository/org/springframework/spring-tx/5.1.3.RELEASE/spring-tx-5.1.3.RELEASE.jar:/home/user/.m2/repository/org/apache/hadoop/hadoop-ozone-client/0.5.0-SNAPSHOT/hadoop-ozone-client-0.5.0-SNAPSHOT.jar:/home/user/.m2/repository/commons-lang/commons-lang/2.6/commons-lang-2.6.jar:/home/user/.m2/repository/org/apache/hadoop/hadoop-ozone-ozone-manager/0.5.0-SNAPSHOT/hadoop-ozone-ozone-manager-0.5.0-SNAPSHOT-tests.jar:/home/user/.m2/repository/junit/junit/4.11/junit-4.11.jar:/home/user/.m2/repository/org/hamcrest/hamcrest-core/1.3/hamcrest-core-1.3.jar:/home/user/.m2/repository/org/openjdk/jmh/jmh-core/1.19/jmh-core-1.19.jar:/home/user/.m2/repository/net/sf/jopt-simple/jopt-simple/4.6/jopt-simple-4.6.jar:/home/user/.m2/repository/org/apache/commons/commons-math3/3.1.1/commons-math3-3.1.1.jar:/home/user/.m2/repository/org/openjdk/jmh/jmh-generator-annprocess/1.19/jmh-generator-annprocess-1.19.jar:/home/user/.m2/repository/org/mockito/mockito-all/1.8.5/mockito-all-1.8.5.jar:/home/user/.m2/repository/org/apache/hadoop/hadoop-kms/3.2.0/hadoop-kms-3.2.0.jar:/home/user/.m2/repository/org/apache/hadoop/hadoop-auth/3.2.0/hadoop-auth-3.2.0.jar:/home/user/.m2/repository/com/nimbusds/nimbus-jose-jwt/4.41.1/nimbus-jose-jwt-4.41.1.jar:/home/user/.m2/repository/com/github/stephenc/jcip/jcip-annotations/1.0-1/jcip-annotations-1.0-1.jar:/home/user/.m2/repository/net/minidev/json-smart/2.3/json-smart-2.3.jar:/home/user/.m2/repository/net/minidev/accessors-smart/1.2/accessors-smart-1.2.jar:/home/user/.m2/repository/org/ow2/asm/asm/5.0.4/asm-5.0.4.jar:/home/user/.m2/repository/org/apache/curator/curator-framework/2.12.0/curator-framework-2.12.0.jar:/home/user/.m2/repository/com/sun/jersey/jersey-core/1.19/jersey-core-1.19.jar:/home/user/.m2/repository/javax/ws/rs/jsr311-api/1.1.1/jsr311-api-1.1.1.jar:/home/user/.m2/repository/com/sun/jersey/jersey-server/1.19/jersey-server-1.19.jar:/home/user/.m2/repository/javax/servlet/javax.servlet-api/3.1.0/javax.servlet-api-3.1.0.jar:/home/user/.m2/repository/org/eclipse/jetty/jetty-server/9.3.24.v20180605/jetty-server-9.3.24.v20180605.jar:/home/user/.m2/repository/org/eclipse/jetty/jetty-http/9.3.24.v20180605/jetty-http-9.3.24.v20180605.jar:/home/user/.m2/repository/org/eclipse/jetty/jetty-io/9.3.24.v20180605/jetty-io-9.3.24.v20180605.jar:/home/user/.m2/repository/org/eclipse/jetty/jetty-webapp/9.3.24.v20180605/jetty-webapp-9.3.24.v20180605.jar:/home/user/.m2/repository/org/eclipse/jetty/jetty-xml/9.3.24.v20180605/jetty-xml-9.3.24.v20180605.jar:/home/user/.m2/repository/log4j/log4j/1.2.17/log4j-1.2.17.jar:/home/user/.m2/repository/org/slf4j/slf4j-api/1.7.25/slf4j-api-1.7.25.jar:/home/user/.m2/repository/org/slf4j/jul-to-slf4j/1.7.25/jul-to-slf4j-1.7.25.jar:/home/user/.m2/repository/org/eclipse/jetty/jetty-util/9.3.24.v20180605/jetty-util-9.3.24.v20180605.jar:/home/user/.m2/repository/com/fasterxml/jackson/core/jackson-databind/2.9.5/jackson-databind-2.9.5.jar:/home/user/.m2/repository/org/apache/hadoop/hadoop-kms/3.2.0/hadoop-kms-3.2.0-tests.jar:/home/user/.m2/repository/org/apache/hadoop/hadoop-hdds-server-scm/0.5.0-SNAPSHOT/hadoop-hdds-server-scm-0.5.0-SNAPSHOT-tests.jar:/home/user/.m2/repository/org/apache/hadoop/hadoop-hdds-container-service/0.5.0-SNAPSHOT/hadoop-hdds-container-service-0.5.0-SNAPSHOT-tests.jar:/home/user/.m2/repository/org/yaml/snakeyaml/1.16/snakeyaml-1.16.jar:/home/user/.m2/repository/org/apache/hadoop/hadoop-common/3.2.0/hadoop-common-3.2.0-tests.jar:/home/user/.m2/repository/org/apache/hadoop/hadoop-annotations/3.2.0/hadoop-annotations-3.2.0.jar:/usr/lib/jvm/java-1.8-openjdk/jre/../lib/tools.jar:/home/user/.m2/repository/commons-cli/commons-cli/1.2/commons-cli-1.2.jar:/home/user/.m2/repository/org/apache/httpcomponents/httpclient/4.5.2/httpclient-4.5.2.jar:/home/user/.m2/repository/org/apache/httpcomponents/httpcore/4.4.4/httpcore-4.4.4.jar:/home/user/.m2/repository/commons-codec/commons-codec/1.11/commons-codec-1.11.jar:/home/user/.m2/repository/commons-net/commons-net/3.6/commons-net-3.6.jar:/home/user/.m2/repository/commons-collections/commons-collections/3.2.2/commons-collections-3.2.2.jar:/home/user/.m2/repository/org/eclipse/jetty/jetty-servlet/9.3.24.v20180605/jetty-servlet-9.3.24.v20180605.jar:/home/user/.m2/repository/org/eclipse/jetty/jetty-security/9.3.24.v20180605/jetty-security-9.3.24.v20180605.jar:/home/user/.m2/repository/javax/servlet/jsp/jsp-api/2.1/jsp-api-2.1.jar:/home/user/.m2/repository/com/sun/jersey/jersey-servlet/1.19/jersey-servlet-1.19.jar:/home/user/.m2/repository/com/sun/jersey/jersey-json/1.19/jersey-json-1.19.jar:/home/user/.m2/repository/org/codehaus/jettison/jettison/1.1/jettison-1.1.jar:/home/user/.m2/repository/org/codehaus/jackson/jackson-core-asl/1.9.13/jackson-core-asl-1.9.13.jar:/home/user/.m2/repository/org/codehaus/jackson/jackson-mapper-asl/1.9.13/jackson-mapper-asl-1.9.13.jar:/home/user/.m2/repository/org/codehaus/jackson/jackson-jaxrs/1.9.13/jackson-jaxrs-1.9.13.jar:/home/user/.m2/repository/org/codehaus/jackson/jackson-xc/1.9.13/jackson-xc-1.9.13.jar:/home/user/.m2/repository/commons-logging/commons-logging/1.1.3/commons-logging-1.1.3.jar:/home/user/.m2/repository/commons-beanutils/commons-beanutils/1.9.3/commons-beanutils-1.9.3.jar:/home/user/.m2/repository/org/apache/commons/commons-configuration2/2.1.1/commons-configuration2-2.1.1.jar:/home/user/.m2/repository/org/apache/commons/commons-lang3/3.7/commons-lang3-3.7.jar:/home/user/.m2/repository/org/apache/commons/commons-text/1.4/commons-text-1.4.jar:/home/user/.m2/repository/org/apache/avro/avro/1.7.7/avro-1.7.7.jar:/home/user/.m2/repository/com/thoughtworks/paranamer/paranamer/2.3/paranamer-2.3.jar:/home/user/.m2/repository/org/xerial/snappy/snappy-java/1.0.5/snappy-java-1.0.5.jar:/home/user/.m2/repository/com/google/re2j/re2j/1.1/re2j-1.1.jar:/home/user/.m2/repository/com/google/code/gson/gson/2.2.4/gson-2.2.4.jar:/home/user/.m2/repository/com/jcraft/jsch/0.1.54/jsch-0.1.54.jar:/home/user/.m2/repository/org/apache/curator/curator-client/2.12.0/curator-client-2.12.0.jar:/home/user/.m2/repository/org/apache/curator/curator-recipes/2.12.0/curator-recipes-2.12.0.jar:/home/user/.m2/repository/com/google/code/findbugs/jsr305/3.0.0/jsr305-3.0.0.jar:/home/user/.m2/repository/org/apache/htrace/htrace-core4/4.1.0-incubating/htrace-core4-4.1.0-incubating.jar:/home/user/.m2/repository/org/apache/zookeeper/zookeeper/3.4.13/zookeeper-3.4.13.jar:/home/user/.m2/repository/org/apache/yetus/audience-annotations/0.5.0/audience-annotations-0.5.0.jar:/home/user/.m2/repository/org/codehaus/woodstox/stax2-api/3.1.4/stax2-api-3.1.4.jar:/home/user/.m2/repository/com/fasterxml/woodstox/woodstox-core/5.0.3/woodstox-core-5.0.3.jar:/home/user/.m2/repository/dnsjava/dnsjava/2.1.7/dnsjava-2.1.7.jar:/home/user/.m2/repository/org/apache/hadoop/hadoop-hdfs/3.2.0/hadoop-hdfs-3.2.0-tests.jar:/home/user/.m2/repository/org/eclipse/jetty/jetty-util-ajax/9.3.24.v20180605/jetty-util-ajax-9.3.24.v20180605.jar:/home/user/.m2/repository/commons-daemon/commons-daemon/1.0.13/commons-daemon-1.0.13.jar:/home/user/.m2/repository/io/netty/netty/3.10.5.Final/netty-3.10.5.Final.jar:/home/user/.m2/repository/io/netty/netty-all/4.0.52.Final/netty-all-4.0.52.Final.jar:/home/user/.m2/repository/org/fusesource/leveldbjni/leveldbjni-all/1.8/leveldbjni-all-1.8.jar:"/>
    <property name="java.vm.vendor" value="IcedTea"/>
    <property name="sun.arch.data.model" value="64"/>
    <property name="test.build.dir" value="/workdir/hadoop-ozone/integration-test/target/test-dir"/>
    <property name="test.cache.data" value=""/>
    <property name="java.vendor.url" value="https://icedtea.classpath.org"/>
    <property name="user.timezone" value=""/>
    <property name="java.vm.specification.version" value="1.8"/>
    <property name="os.name" value="Linux"/>
    <property name="test.build.data" value="/workdir/hadoop-ozone/integration-test/target/test-dir"/>
    <property name="user.country" value="US"/>
    <property name="sun.java.launcher" value="SUN_STANDARD"/>
    <property name="sun.boot.library.path" value="/usr/lib/jvm/java-1.8-openjdk/jre/lib/amd64"/>
    <property name="sun.java.command" value="/workdir/hadoop-ozone/integration-test/target/surefire/surefirebooter5050039084884159505.jar /workdir/hadoop-ozone/integration-test/target/surefire 2019-09-10T06-53-27_931-jvmRun1 surefire5360267811884771732tmp surefire_483228913654949047761tmp"/>
    <property name="test" value="!TestMiniChaosOzoneCluster"/>
    <property name="surefire.test.class.path" value="/workdir/hadoop-ozone/integration-test/target/test-classes:/workdir/hadoop-ozone/integration-test/target/classes:/home/user/.m2/repository/org/apache/hadoop/hadoop-ozone-common/0.5.0-SNAPSHOT/hadoop-ozone-common-0.5.0-SNAPSHOT.jar:/home/user/.m2/repository/org/apache/commons/commons-compress/1.4.1/commons-compress-1.4.1.jar:/home/user/.m2/repository/org/tukaani/xz/1.0/xz-1.0.jar:/home/user/.m2/repository/org/apache/hadoop/hadoop-common/3.2.0/hadoop-common-3.2.0.jar:/home/user/.m2/repository/org/apache/hadoop/hadoop-hdfs/3.2.0/hadoop-hdfs-3.2.0.jar:/home/user/.m2/repository/org/apache/hadoop/hadoop-hdfs-client/3.2.0/hadoop-hdfs-client-3.2.0.jar:/home/user/.m2/repository/com/fasterxml/jackson/core/jackson-annotations/2.9.5/jackson-annotations-2.9.5.jar:/home/user/.m2/repository/org/apache/hadoop/hadoop-hdds-common/0.5.0-SNAPSHOT/hadoop-hdds-common-0.5.0-SNAPSHOT.jar:/home/user/.m2/repository/javax/annotation/javax.annotation-api/1.2/javax.annotation-api-1.2.jar:/home/user/.m2/repository/org/apache/ratis/ratis-server/0.4.0-2337318-SNAPSHOT/ratis-server-0.4.0-2337318-SNAPSHOT.jar:/home/user/.m2/repository/org/apache/ratis/ratis-thirdparty-misc/0.2.0/ratis-thirdparty-misc-0.2.0.jar:/home/user/.m2/repository/org/apache/ratis/ratis-proto/0.4.0-2337318-SNAPSHOT/ratis-proto-0.4.0-2337318-SNAPSHOT.jar:/home/user/.m2/repository/org/apache/ratis/ratis-common/0.4.0-2337318-SNAPSHOT/ratis-common-0.4.0-2337318-SNAPSHOT.jar:/home/user/.m2/repository/org/apache/ratis/ratis-client/0.4.0-2337318-SNAPSHOT/ratis-client-0.4.0-2337318-SNAPSHOT.jar:/home/user/.m2/repository/org/apache/ratis/ratis-metrics/0.4.0-2337318-SNAPSHOT/ratis-metrics-0.4.0-2337318-SNAPSHOT.jar:/home/user/.m2/repository/org/apache/ratis/ratis-netty/0.4.0-2337318-SNAPSHOT/ratis-netty-0.4.0-2337318-SNAPSHOT.jar:/home/user/.m2/repository/org/apache/ratis/ratis-grpc/0.4.0-2337318-SNAPSHOT/ratis-grpc-0.4.0-2337318-SNAPSHOT.jar:/home/user/.m2/repository/org/rocksdb/rocksdbjni/6.0.1/rocksdbjni-6.0.1.jar:/home/user/.m2/repository/org/apache/logging/log4j/log4j-api/2.11.0/log4j-api-2.11.0.jar:/home/user/.m2/repository/org/apache/logging/log4j/log4j-core/2.11.0/log4j-core-2.11.0.jar:/home/user/.m2/repository/com/lmax/disruptor/3.4.2/disruptor-3.4.2.jar:/home/user/.m2/repository/org/apache/commons/commons-pool2/2.6.0/commons-pool2-2.6.0.jar:/home/user/.m2/repository/org/bouncycastle/bcpkix-jdk15on/1.60/bcpkix-jdk15on-1.60.jar:/home/user/.m2/repository/commons-validator/commons-validator/1.6/commons-validator-1.6.jar:/home/user/.m2/repository/commons-digester/commons-digester/1.8.1/commons-digester-1.8.1.jar:/home/user/.m2/repository/io/jaegertracing/jaeger-client/0.33.1/jaeger-client-0.33.1.jar:/home/user/.m2/repository/io/jaegertracing/jaeger-thrift/0.33.1/jaeger-thrift-0.33.1.jar:/home/user/.m2/repository/org/apache/thrift/libthrift/0.11.0/libthrift-0.11.0.jar:/home/user/.m2/repository/com/squareup/okhttp3/okhttp/3.9.0/okhttp-3.9.0.jar:/home/user/.m2/repository/com/squareup/okio/okio/1.13.0/okio-1.13.0.jar:/home/user/.m2/repository/io/jaegertracing/jaeger-core/0.33.1/jaeger-core-0.33.1.jar:/home/user/.m2/repository/io/jaegertracing/jaeger-tracerresolver/0.33.1/jaeger-tracerresolver-0.33.1.jar:/home/user/.m2/repository/io/opentracing/contrib/opentracing-tracerresolver/0.1.5/opentracing-tracerresolver-0.1.5.jar:/home/user/.m2/repository/io/opentracing/opentracing-util/0.31.0/opentracing-util-0.31.0.jar:/home/user/.m2/repository/io/opentracing/opentracing-api/0.31.0/opentracing-api-0.31.0.jar:/home/user/.m2/repository/io/opentracing/opentracing-noop/0.31.0/opentracing-noop-0.31.0.jar:/home/user/.m2/repository/org/apache/hadoop/hadoop-hdds-server-framework/0.5.0-SNAPSHOT/hadoop-hdds-server-framework-0.5.0-SNAPSHOT.jar:/home/user/.m2/repository/org/apache/hadoop/hadoop-hdds-container-service/0.5.0-SNAPSHOT/hadoop-hdds-container-service-0.5.0-SNAPSHOT.jar:/home/user/.m2/repository/org/apache/hadoop/hadoop-hdds-client/0.5.0-SNAPSHOT/hadoop-hdds-client-0.5.0-SNAPSHOT.jar:/home/user/.m2/repository/org/apache/hadoop/hadoop-hdds-tools/0.5.0-SNAPSHOT/hadoop-hdds-tools-0.5.0-SNAPSHOT.jar:/home/user/.m2/repository/org/apache/hadoop/hadoop-hdds-server-scm/0.5.0-SNAPSHOT/hadoop-hdds-server-scm-0.5.0-SNAPSHOT.jar:/home/user/.m2/repository/org/apache/hadoop/hadoop-hdds-docs/0.5.0-SNAPSHOT/hadoop-hdds-docs-0.5.0-SNAPSHOT.jar:/home/user/.m2/repository/io/dropwizard/metrics/metrics-core/3.2.4/metrics-core-3.2.4.jar:/home/user/.m2/repository/org/hamcrest/hamcrest-all/1.3/hamcrest-all-1.3.jar:/home/user/.m2/repository/org/bouncycastle/bcprov-jdk15on/1.60/bcprov-jdk15on-1.60.jar:/home/user/.m2/repository/info/picocli/picocli/3.9.6/picocli-3.9.6.jar:/home/user/.m2/repository/com/google/protobuf/protobuf-java/2.5.0/protobuf-java-2.5.0.jar:/home/user/.m2/repository/com/google/guava/guava/11.0.2/guava-11.0.2.jar:/home/user/.m2/repository/org/apache/hadoop/hadoop-ozone-ozone-manager/0.5.0-SNAPSHOT/hadoop-ozone-ozone-manager-0.5.0-SNAPSHOT.jar:/home/user/.m2/repository/org/apache/hadoop/hadoop-minikdc/3.2.0/hadoop-minikdc-3.2.0.jar:/home/user/.m2/repository/commons-io/commons-io/2.5/commons-io-2.5.jar:/home/user/.m2/repository/org/apache/kerby/kerb-simplekdc/1.0.1/kerb-simplekdc-1.0.1.jar:/home/user/.m2/repository/org/apache/kerby/kerb-client/1.0.1/kerb-client-1.0.1.jar:/home/user/.m2/repository/org/apache/kerby/kerby-config/1.0.1/kerby-config-1.0.1.jar:/home/user/.m2/repository/org/apache/kerby/kerb-core/1.0.1/kerb-core-1.0.1.jar:/home/user/.m2/repository/org/apache/kerby/kerby-pkix/1.0.1/kerby-pkix-1.0.1.jar:/home/user/.m2/repository/org/apache/kerby/kerby-asn1/1.0.1/kerby-asn1-1.0.1.jar:/home/user/.m2/repository/org/apache/kerby/kerby-util/1.0.1/kerby-util-1.0.1.jar:/home/user/.m2/repository/org/apache/kerby/kerb-common/1.0.1/kerb-common-1.0.1.jar:/home/user/.m2/repository/org/apache/kerby/kerb-crypto/1.0.1/kerb-crypto-1.0.1.jar:/home/user/.m2/repository/org/apache/kerby/kerb-util/1.0.1/kerb-util-1.0.1.jar:/home/user/.m2/repository/org/apache/kerby/token-provider/1.0.1/token-provider-1.0.1.jar:/home/user/.m2/repository/org/apache/kerby/kerb-admin/1.0.1/kerb-admin-1.0.1.jar:/home/user/.m2/repository/org/apache/kerby/kerb-server/1.0.1/kerb-server-1.0.1.jar:/home/user/.m2/repository/org/apache/kerby/kerb-identity/1.0.1/kerb-identity-1.0.1.jar:/home/user/.m2/repository/org/apache/kerby/kerby-xdr/1.0.1/kerby-xdr-1.0.1.jar:/home/user/.m2/repository/org/slf4j/slf4j-log4j12/1.7.25/slf4j-log4j12-1.7.25.jar:/home/user/.m2/repository/org/apache/hadoop/hadoop-ozone-objectstore-service/0.5.0-SNAPSHOT/hadoop-ozone-objectstore-service-0.5.0-SNAPSHOT.jar:/home/user/.m2/repository/org/apache/hadoop/hadoop-ozone-s3gateway/0.5.0-SNAPSHOT/hadoop-ozone-s3gateway-0.5.0-SNAPSHOT.jar:/home/user/.m2/repository/org/jboss/weld/servlet/weld-servlet/2.4.7.Final/weld-servlet-2.4.7.Final.jar:/home/user/.m2/repository/org/glassfish/jersey/containers/jersey-container-servlet-core/2.27/jersey-container-servlet-core-2.27.jar:/home/user/.m2/repository/org/glassfish/hk2/external/javax.inject/2.5.0-b42/javax.inject-2.5.0-b42.jar:/home/user/.m2/repository/org/glassfish/jersey/core/jersey-common/2.27/jersey-common-2.27.jar:/home/user/.m2/repository/org/glassfish/hk2/osgi-resource-locator/1.0.1/osgi-resource-locator-1.0.1.jar:/home/user/.m2/repository/javax/ws/rs/javax.ws.rs-api/2.1/javax.ws.rs-api-2.1.jar:/home/user/.m2/repository/org/glassfish/jersey/ext/cdi/jersey-cdi1x/2.27/jersey-cdi1x-2.27.jar:/home/user/.m2/repository/org/glassfish/jersey/inject/jersey-hk2/2.27/jersey-hk2-2.27.jar:/home/user/.m2/repository/org/glassfish/hk2/hk2-locator/2.5.0-b42/hk2-locator-2.5.0-b42.jar:/home/user/.m2/repository/org/javassist/javassist/3.22.0-CR2/javassist-3.22.0-CR2.jar:/home/user/.m2/repository/org/glassfish/hk2/hk2-api/2.5.0/hk2-api-2.5.0.jar:/home/user/.m2/repository/org/glassfish/hk2/external/jakarta.inject/2.5.0/jakarta.inject-2.5.0.jar:/home/user/.m2/repository/org/glassfish/hk2/hk2-utils/2.5.0/hk2-utils-2.5.0.jar:/home/user/.m2/repository/jakarta/annotation/jakarta.annotation-api/1.3.4/jakarta.annotation-api-1.3.4.jar:/home/user/.m2/repository/org/glassfish/hk2/external/aopalliance-repackaged/2.5.0/aopalliance-repackaged-2.5.0.jar:/home/user/.m2/repository/com/fasterxml/jackson/dataformat/jackson-dataformat-xml/2.9.0/jackson-dataformat-xml-2.9.0.jar:/home/user/.m2/repository/com/fasterxml/jackson/core/jackson-core/2.9.5/jackson-core-2.9.5.jar:/home/user/.m2/repository/com/fasterxml/jackson/module/jackson-module-jaxb-annotations/2.9.5/jackson-module-jaxb-annotations-2.9.5.jar:/home/user/.m2/repository/javax/enterprise/cdi-api/1.2/cdi-api-1.2.jar:/home/user/.m2/repository/javax/el/javax.el-api/3.0.0/javax.el-api-3.0.0.jar:/home/user/.m2/repository/javax/interceptor/javax.interceptor-api/1.2/javax.interceptor-api-1.2.jar:/home/user/.m2/repository/javax/inject/javax.inject/1/javax.inject-1.jar:/home/user/.m2/repository/com/sun/xml/bind/jaxb-impl/2.3.0.1/jaxb-impl-2.3.0.1.jar:/home/user/.m2/repository/com/sun/xml/bind/jaxb-core/2.3.0.1/jaxb-core-2.3.0.1.jar:/home/user/.m2/repository/javax/xml/bind/jaxb-api/2.3.0/jaxb-api-2.3.0.jar:/home/user/.m2/repository/javax/activation/activation/1.1.1/activation-1.1.1.jar:/home/user/.m2/repository/org/apache/hadoop/hadoop-ozone-csi/0.5.0-SNAPSHOT/hadoop-ozone-csi-0.5.0-SNAPSHOT.jar:/home/user/.m2/repository/com/google/protobuf/protobuf-java-util/3.5.1/protobuf-java-util-3.5.1.jar:/home/user/.m2/repository/org/apache/hadoop/hadoop-hdds-config/0.5.0-SNAPSHOT/hadoop-hdds-config-0.5.0-SNAPSHOT.jar:/home/user/.m2/repository/io/grpc/grpc-netty/1.17.1/grpc-netty-1.17.1.jar:/home/user/.m2/repository/io/grpc/grpc-core/1.17.1/grpc-core-1.17.1.jar:/home/user/.m2/repository/io/grpc/grpc-context/1.17.1/grpc-context-1.17.1.jar:/home/user/.m2/repository/com/google/errorprone/error_prone_annotations/2.2.0/error_prone_annotations-2.2.0.jar:/home/user/.m2/repository/org/codehaus/mojo/animal-sniffer-annotations/1.17/animal-sniffer-annotations-1.17.jar:/home/user/.m2/repository/io/opencensus/opencensus-api/0.17.0/opencensus-api-0.17.0.jar:/home/user/.m2/repository/io/opencensus/opencensus-contrib-grpc-metrics/0.17.0/opencensus-contrib-grpc-metrics-0.17.0.jar:/home/user/.m2/repository/io/netty/netty-codec-http2/4.1.30.Final/netty-codec-http2-4.1.30.Final.jar:/home/user/.m2/repository/io/netty/netty-codec-http/4.1.30.Final/netty-codec-http-4.1.30.Final.jar:/home/user/.m2/repository/io/netty/netty-codec/4.1.30.Final/netty-codec-4.1.30.Final.jar:/home/user/.m2/repository/io/netty/netty-handler/4.1.30.Final/netty-handler-4.1.30.Final.jar:/home/user/.m2/repository/io/netty/netty-handler-proxy/4.1.30.Final/netty-handler-proxy-4.1.30.Final.jar:/home/user/.m2/repository/io/netty/netty-codec-socks/4.1.30.Final/netty-codec-socks-4.1.30.Final.jar:/home/user/.m2/repository/io/netty/netty-transport-native-epoll/4.1.30.Final/netty-transport-native-epoll-4.1.30.Final.jar:/home/user/.m2/repository/io/netty/netty-common/4.1.30.Final/netty-common-4.1.30.Final.jar:/home/user/.m2/repository/io/netty/netty-buffer/4.1.30.Final/netty-buffer-4.1.30.Final.jar:/home/user/.m2/repository/io/netty/netty-transport/4.1.30.Final/netty-transport-4.1.30.Final.jar:/home/user/.m2/repository/io/netty/netty-resolver/4.1.30.Final/netty-resolver-4.1.30.Final.jar:/home/user/.m2/repository/io/netty/netty-transport-native-unix-common/4.1.30.Final/netty-transport-native-unix-common-4.1.30.Final.jar:/home/user/.m2/repository/io/grpc/grpc-protobuf/1.17.1/grpc-protobuf-1.17.1.jar:/home/user/.m2/repository/com/google/api/grpc/proto-google-common-protos/1.0.0/proto-google-common-protos-1.0.0.jar:/home/user/.m2/repository/io/grpc/grpc-protobuf-lite/1.17.1/grpc-protobuf-lite-1.17.1.jar:/home/user/.m2/repository/io/grpc/grpc-stub/1.17.1/grpc-stub-1.17.1.jar:/home/user/.m2/repository/org/apache/hadoop/hadoop-ozone-recon/0.5.0-SNAPSHOT/hadoop-ozone-recon-0.5.0-SNAPSHOT.jar:/home/user/.m2/repository/org/apache/hadoop/hadoop-ozone-reconcodegen/0.5.0-SNAPSHOT/hadoop-ozone-reconcodegen-0.5.0-SNAPSHOT.jar:/home/user/.m2/repository/com/google/inject/extensions/guice-multibindings/4.0/guice-multibindings-4.0.jar:/home/user/.m2/repository/com/google/inject/guice/4.0/guice-4.0.jar:/home/user/.m2/repository/aopalliance/aopalliance/1.0/aopalliance-1.0.jar:/home/user/.m2/repository/com/google/inject/extensions/guice-servlet/4.0/guice-servlet-4.0.jar:/home/user/.m2/repository/org/glassfish/jersey/containers/jersey-container-servlet/2.27/jersey-container-servlet-2.27.jar:/home/user/.m2/repository/org/glassfish/hk2/guice-bridge/2.5.0/guice-bridge-2.5.0.jar:/home/user/.m2/repository/org/glassfish/jersey/core/jersey-server/2.27/jersey-server-2.27.jar:/home/user/.m2/repository/org/glassfish/jersey/core/jersey-client/2.27/jersey-client-2.27.jar:/home/user/.m2/repository/org/glassfish/jersey/media/jersey-media-jaxb/2.27/jersey-media-jaxb-2.27.jar:/home/user/.m2/repository/javax/validation/validation-api/1.1.0.Final/validation-api-1.1.0.Final.jar:/home/user/.m2/repository/org/glassfish/jersey/media/jersey-media-json-jackson/2.27/jersey-media-json-jackson-2.27.jar:/home/user/.m2/repository/org/glassfish/jersey/ext/jersey-entity-filtering/2.27/jersey-entity-filtering-2.27.jar:/home/user/.m2/repository/com/google/inject/extensions/guice-assistedinject/4.0/guice-assistedinject-4.0.jar:/home/user/.m2/repository/org/jooq/jooq/3.11.10/jooq-3.11.10.jar:/home/user/.m2/repository/org/jooq/jooq-meta/3.11.10/jooq-meta-3.11.10.jar:/home/user/.m2/repository/org/jooq/jooq-codegen/3.11.10/jooq-codegen-3.11.10.jar:/home/user/.m2/repository/com/jolbox/bonecp/0.8.0.RELEASE/bonecp-0.8.0.RELEASE.jar:/home/user/.m2/repository/org/xerial/sqlite-jdbc/3.25.2/sqlite-jdbc-3.25.2.jar:/home/user/.m2/repository/org/springframework/spring-jdbc/5.1.3.RELEASE/spring-jdbc-5.1.3.RELEASE.jar:/home/user/.m2/repository/org/springframework/spring-beans/5.1.3.RELEASE/spring-beans-5.1.3.RELEASE.jar:/home/user/.m2/repository/org/springframework/spring-core/5.1.3.RELEASE/spring-core-5.1.3.RELEASE.jar:/home/user/.m2/repository/org/springframework/spring-jcl/5.1.3.RELEASE/spring-jcl-5.1.3.RELEASE.jar:/home/user/.m2/repository/org/springframework/spring-tx/5.1.3.RELEASE/spring-tx-5.1.3.RELEASE.jar:/home/user/.m2/repository/org/apache/hadoop/hadoop-ozone-client/0.5.0-SNAPSHOT/hadoop-ozone-client-0.5.0-SNAPSHOT.jar:/home/user/.m2/repository/commons-lang/commons-lang/2.6/commons-lang-2.6.jar:/home/user/.m2/repository/org/apache/hadoop/hadoop-ozone-ozone-manager/0.5.0-SNAPSHOT/hadoop-ozone-ozone-manager-0.5.0-SNAPSHOT-tests.jar:/home/user/.m2/repository/junit/junit/4.11/junit-4.11.jar:/home/user/.m2/repository/org/hamcrest/hamcrest-core/1.3/hamcrest-core-1.3.jar:/home/user/.m2/repository/org/openjdk/jmh/jmh-core/1.19/jmh-core-1.19.jar:/home/user/.m2/repository/net/sf/jopt-simple/jopt-simple/4.6/jopt-simple-4.6.jar:/home/user/.m2/repository/org/apache/commons/commons-math3/3.1.1/commons-math3-3.1.1.jar:/home/user/.m2/repository/org/openjdk/jmh/jmh-generator-annprocess/1.19/jmh-generator-annprocess-1.19.jar:/home/user/.m2/repository/org/mockito/mockito-all/1.8.5/mockito-all-1.8.5.jar:/home/user/.m2/repository/org/apache/hadoop/hadoop-kms/3.2.0/hadoop-kms-3.2.0.jar:/home/user/.m2/repository/org/apache/hadoop/hadoop-auth/3.2.0/hadoop-auth-3.2.0.jar:/home/user/.m2/repository/com/nimbusds/nimbus-jose-jwt/4.41.1/nimbus-jose-jwt-4.41.1.jar:/home/user/.m2/repository/com/github/stephenc/jcip/jcip-annotations/1.0-1/jcip-annotations-1.0-1.jar:/home/user/.m2/repository/net/minidev/json-smart/2.3/json-smart-2.3.jar:/home/user/.m2/repository/net/minidev/accessors-smart/1.2/accessors-smart-1.2.jar:/home/user/.m2/repository/org/ow2/asm/asm/5.0.4/asm-5.0.4.jar:/home/user/.m2/repository/org/apache/curator/curator-framework/2.12.0/curator-framework-2.12.0.jar:/home/user/.m2/repository/com/sun/jersey/jersey-core/1.19/jersey-core-1.19.jar:/home/user/.m2/repository/javax/ws/rs/jsr311-api/1.1.1/jsr311-api-1.1.1.jar:/home/user/.m2/repository/com/sun/jersey/jersey-server/1.19/jersey-server-1.19.jar:/home/user/.m2/repository/javax/servlet/javax.servlet-api/3.1.0/javax.servlet-api-3.1.0.jar:/home/user/.m2/repository/org/eclipse/jetty/jetty-server/9.3.24.v20180605/jetty-server-9.3.24.v20180605.jar:/home/user/.m2/repository/org/eclipse/jetty/jetty-http/9.3.24.v20180605/jetty-http-9.3.24.v20180605.jar:/home/user/.m2/repository/org/eclipse/jetty/jetty-io/9.3.24.v20180605/jetty-io-9.3.24.v20180605.jar:/home/user/.m2/repository/org/eclipse/jetty/jetty-webapp/9.3.24.v20180605/jetty-webapp-9.3.24.v20180605.jar:/home/user/.m2/repository/org/eclipse/jetty/jetty-xml/9.3.24.v20180605/jetty-xml-9.3.24.v20180605.jar:/home/user/.m2/repository/log4j/log4j/1.2.17/log4j-1.2.17.jar:/home/user/.m2/repository/org/slf4j/slf4j-api/1.7.25/slf4j-api-1.7.25.jar:/home/user/.m2/repository/org/slf4j/jul-to-slf4j/1.7.25/jul-to-slf4j-1.7.25.jar:/home/user/.m2/repository/org/eclipse/jetty/jetty-util/9.3.24.v20180605/jetty-util-9.3.24.v20180605.jar:/home/user/.m2/repository/com/fasterxml/jackson/core/jackson-databind/2.9.5/jackson-databind-2.9.5.jar:/home/user/.m2/repository/org/apache/hadoop/hadoop-kms/3.2.0/hadoop-kms-3.2.0-tests.jar:/home/user/.m2/repository/org/apache/hadoop/hadoop-hdds-server-scm/0.5.0-SNAPSHOT/hadoop-hdds-server-scm-0.5.0-SNAPSHOT-tests.jar:/home/user/.m2/repository/org/apache/hadoop/hadoop-hdds-container-service/0.5.0-SNAPSHOT/hadoop-hdds-container-service-0.5.0-SNAPSHOT-tests.jar:/home/user/.m2/repository/org/yaml/snakeyaml/1.16/snakeyaml-1.16.jar:/home/user/.m2/repository/org/apache/hadoop/hadoop-common/3.2.0/hadoop-common-3.2.0-tests.jar:/home/user/.m2/repository/org/apache/hadoop/hadoop-annotations/3.2.0/hadoop-annotations-3.2.0.jar:/usr/lib/jvm/java-1.8-openjdk/jre/../lib/tools.jar:/home/user/.m2/repository/commons-cli/commons-cli/1.2/commons-cli-1.2.jar:/home/user/.m2/repository/org/apache/httpcomponents/httpclient/4.5.2/httpclient-4.5.2.jar:/home/user/.m2/repository/org/apache/httpcomponents/httpcore/4.4.4/httpcore-4.4.4.jar:/home/user/.m2/repository/commons-codec/commons-codec/1.11/commons-codec-1.11.jar:/home/user/.m2/repository/commons-net/commons-net/3.6/commons-net-3.6.jar:/home/user/.m2/repository/commons-collections/commons-collections/3.2.2/commons-collections-3.2.2.jar:/home/user/.m2/repository/org/eclipse/jetty/jetty-servlet/9.3.24.v20180605/jetty-servlet-9.3.24.v20180605.jar:/home/user/.m2/repository/org/eclipse/jetty/jetty-security/9.3.24.v20180605/jetty-security-9.3.24.v20180605.jar:/home/user/.m2/repository/javax/servlet/jsp/jsp-api/2.1/jsp-api-2.1.jar:/home/user/.m2/repository/com/sun/jersey/jersey-servlet/1.19/jersey-servlet-1.19.jar:/home/user/.m2/repository/com/sun/jersey/jersey-json/1.19/jersey-json-1.19.jar:/home/user/.m2/repository/org/codehaus/jettison/jettison/1.1/jettison-1.1.jar:/home/user/.m2/repository/org/codehaus/jackson/jackson-core-asl/1.9.13/jackson-core-asl-1.9.13.jar:/home/user/.m2/repository/org/codehaus/jackson/jackson-mapper-asl/1.9.13/jackson-mapper-asl-1.9.13.jar:/home/user/.m2/repository/org/codehaus/jackson/jackson-jaxrs/1.9.13/jackson-jaxrs-1.9.13.jar:/home/user/.m2/repository/org/codehaus/jackson/jackson-xc/1.9.13/jackson-xc-1.9.13.jar:/home/user/.m2/repository/commons-logging/commons-logging/1.1.3/commons-logging-1.1.3.jar:/home/user/.m2/repository/commons-beanutils/commons-beanutils/1.9.3/commons-beanutils-1.9.3.jar:/home/user/.m2/repository/org/apache/commons/commons-configuration2/2.1.1/commons-configuration2-2.1.1.jar:/home/user/.m2/repository/org/apache/commons/commons-lang3/3.7/commons-lang3-3.7.jar:/home/user/.m2/repository/org/apache/commons/commons-text/1.4/commons-text-1.4.jar:/home/user/.m2/repository/org/apache/avro/avro/1.7.7/avro-1.7.7.jar:/home/user/.m2/repository/com/thoughtworks/paranamer/paranamer/2.3/paranamer-2.3.jar:/home/user/.m2/repository/org/xerial/snappy/snappy-java/1.0.5/snappy-java-1.0.5.jar:/home/user/.m2/repository/com/google/re2j/re2j/1.1/re2j-1.1.jar:/home/user/.m2/repository/com/google/code/gson/gson/2.2.4/gson-2.2.4.jar:/home/user/.m2/repository/com/jcraft/jsch/0.1.54/jsch-0.1.54.jar:/home/user/.m2/repository/org/apache/curator/curator-client/2.12.0/curator-client-2.12.0.jar:/home/user/.m2/repository/org/apache/curator/curator-recipes/2.12.0/curator-recipes-2.12.0.jar:/home/user/.m2/repository/com/google/code/findbugs/jsr305/3.0.0/jsr305-3.0.0.jar:/home/user/.m2/repository/org/apache/htrace/htrace-core4/4.1.0-incubating/htrace-core4-4.1.0-incubating.jar:/home/user/.m2/repository/org/apache/zookeeper/zookeeper/3.4.13/zookeeper-3.4.13.jar:/home/user/.m2/repository/org/apache/yetus/audience-annotations/0.5.0/audience-annotations-0.5.0.jar:/home/user/.m2/repository/org/codehaus/woodstox/stax2-api/3.1.4/stax2-api-3.1.4.jar:/home/user/.m2/repository/com/fasterxml/woodstox/woodstox-core/5.0.3/woodstox-core-5.0.3.jar:/home/user/.m2/repository/dnsjava/dnsjava/2.1.7/dnsjava-2.1.7.jar:/home/user/.m2/repository/org/apache/hadoop/hadoop-hdfs/3.2.0/hadoop-hdfs-3.2.0-tests.jar:/home/user/.m2/repository/org/eclipse/jetty/jetty-util-ajax/9.3.24.v20180605/jetty-util-ajax-9.3.24.v20180605.jar:/home/user/.m2/repository/commons-daemon/commons-daemon/1.0.13/commons-daemon-1.0.13.jar:/home/user/.m2/repository/io/netty/netty/3.10.5.Final/netty-3.10.5.Final.jar:/home/user/.m2/repository/io/netty/netty-all/4.0.52.Final/netty-all-4.0.52.Final.jar:/home/user/.m2/repository/org/fusesource/leveldbjni/leveldbjni-all/1.8/leveldbjni-all-1.8.jar:"/>
    <property name="sun.cpu.endian" value="little"/>
    <property name="user.home" value="/home/user"/>
    <property name="user.language" value="en"/>
    <property name="java.specification.vendor" value="Oracle Corporation"/>
    <property name="java.home" value="/usr/lib/jvm/java-1.8-openjdk/jre"/>
    <property name="java.security.krb5.conf" value="/workdir/hadoop-ozone/integration-test/target/test-classes/krb5.conf"/>
    <property name="basedir" value="/workdir/hadoop-ozone/integration-test"/>
    <property name="file.separator" value="/"/>
    <property name="line.separator" value="&#10;"/>
    <property name="java.vm.specification.vendor" value="Oracle Corporation"/>
    <property name="java.specification.name" value="Java Platform API Specification"/>
    <property name="java.awt.graphicsenv" value="sun.awt.X11GraphicsEnvironment"/>
    <property name="surefire.real.class.path" value="/workdir/hadoop-ozone/integration-test/target/surefire/surefirebooter5050039084884159505.jar"/>
    <property name="hadoop.log.dir" value="/workdir/hadoop-ozone/integration-test/target/log"/>
    <property name="sun.boot.class.path" value="/usr/lib/jvm/java-1.8-openjdk/jre/lib/resources.jar:/usr/lib/jvm/java-1.8-openjdk/jre/lib/rt.jar:/usr/lib/jvm/java-1.8-openjdk/jre/lib/sunrsasign.jar:/usr/lib/jvm/java-1.8-openjdk/jre/lib/jsse.jar:/usr/lib/jvm/java-1.8-openjdk/jre/lib/jce.jar:/usr/lib/jvm/java-1.8-openjdk/jre/lib/charsets.jar:/usr/lib/jvm/java-1.8-openjdk/jre/lib/jfr.jar:/usr/lib/jvm/java-1.8-openjdk/jre/classes"/>
    <property name="sun.management.compiler" value="HotSpot 64-Bit Tiered Compilers"/>
    <property name="java.runtime.version" value="1.8.0_212-b04"/>
    <property name="java.net.preferIPv4Stack" value="true"/>
    <property name="user.name" value="jenkins1000"/>
    <property name="path.separator" value=":"/>
    <property name="java.security.egd" value="file:///dev/urandom"/>
    <property name="os.version" value="3.10.0-957.12.2.el7.x86_64"/>
    <property name="java.endorsed.dirs" value="/usr/lib/jvm/java-1.8-openjdk/jre/lib/endorsed"/>
    <property name="java.runtime.name" value="OpenJDK Runtime Environment"/>
    <property name="file.encoding" value="UTF-8"/>
    <property name="java.vm.name" value="OpenJDK 64-Bit Server VM"/>
    <property name="test.build.webapps" value=""/>
    <property name="localRepository" value="/home/user/.m2/repository"/>
    <property name="java.vendor.url.bug" value="https://icedtea.classpath.org/bugzilla"/>
    <property name="java.io.tmpdir" value="/tmp"/>
    <property name="require.test.libhadoop" value=""/>
    <property name="java.version" value="1.8.0_212"/>
    <property name="user.dir" value="/workdir/hadoop-ozone/integration-test"/>
    <property name="os.arch" value="amd64"/>
    <property name="java.vm.specification.name" value="Java Virtual Machine Specification"/>
    <property name="test.build.classes" value="/workdir/hadoop-ozone/integration-test/target/test-classes"/>
    <property name="java.awt.printerjob" value="sun.print.PSPrinterJob"/>
    <property name="sun.os.patch.level" value="unknown"/>
    <property name="hadoop.tmp.dir" value="/workdir/hadoop-ozone/integration-test/target/tmp"/>
    <property name="java.library.path" value="/usr/lib/jvm/java-1.8-openjdk/jre/lib/amd64/server:/usr/lib/jvm/java-1.8-openjdk/jre/lib/amd64:/usr/lib/jvm/java-1.8-openjdk/jre/../lib/amd64:/workdir/hadoop-ozone/integration-test/target/native/target/usr/local/lib:/workdir/hadoop-ozone/integration-test/../../hadoop-common-project/hadoop-common/target/native/target/usr/local/lib:/usr/java/packages/lib/amd64:/usr/lib64:/lib64:/lib:/usr/lib"/>
    <property name="java.vm.info" value="mixed mode"/>
    <property name="java.vendor" value="IcedTea"/>
    <property name="java.vm.version" value="25.212-b04"/>
    <property name="java.ext.dirs" value="/usr/lib/jvm/java-1.8-openjdk/jre/lib/ext:/usr/java/packages/lib/ext"/>
    <property name="sun.io.unicode.encoding" value="UnicodeLittle"/>
    <property name="java.class.version" value="52.0"/>
  </properties>
  <testcase name="test2DatanodesFailure" classname="org.apache.hadoop.ozone.client.rpc.TestBlockOutputStreamWithFailures" time="44.913"/>
  <testcase name="testDatanodeFailureWithPreAllocation" classname="org.apache.hadoop.ozone.client.rpc.TestBlockOutputStreamWithFailures" time="226.04"/>
  <testcase name="testDatanodeFailureWithSingleNodeRatis" classname="org.apache.hadoop.ozone.client.rpc.TestBlockOutputStreamWithFailures" time="225.315"/>
  <testcase name="testWatchForCommitWithSingleNodeRatis" classname="org.apache.hadoop.ozone.client.rpc.TestBlockOutputStreamWithFailures" time="35.038"/>
  <testcase name="testWatchForCommitDatanodeFailure" classname="org.apache.hadoop.ozone.client.rpc.TestBlockOutputStreamWithFailures" time="38.868">
    <failure message="expected:&lt;2&gt; but was:&lt;3&gt;" type="java.lang.AssertionError"><![CDATA[java.lang.AssertionError: expected:<2> but was:<3>
	at org.junit.Assert.fail(Assert.java:88)
	at org.junit.Assert.failNotEquals(Assert.java:743)
	at org.junit.Assert.assertEquals(Assert.java:118)
	at org.junit.Assert.assertEquals(Assert.java:555)
	at org.junit.Assert.assertEquals(Assert.java:542)
	at org.apache.hadoop.ozone.client.rpc.TestBlockOutputStreamWithFailures.testWatchForCommitDatanodeFailure(TestBlockOutputStreamWithFailures.java:366)
	at sun.reflect.NativeMethodAccessorImpl.invoke0(Native Method)
	at sun.reflect.NativeMethodAccessorImpl.invoke(NativeMethodAccessorImpl.java:62)
	at sun.reflect.DelegatingMethodAccessorImpl.invoke(DelegatingMethodAccessorImpl.java:43)
	at java.lang.reflect.Method.invoke(Method.java:498)
	at org.junit.runners.model.FrameworkMethod$1.runReflectiveCall(FrameworkMethod.java:47)
	at org.junit.internal.runners.model.ReflectiveCallable.run(ReflectiveCallable.java:12)
	at org.junit.runners.model.FrameworkMethod.invokeExplosively(FrameworkMethod.java:44)
	at org.junit.internal.runners.statements.InvokeMethod.evaluate(InvokeMethod.java:17)
	at org.junit.internal.runners.statements.RunBefores.evaluate(RunBefores.java:26)
	at org.junit.internal.runners.statements.RunAfters.evaluate(RunAfters.java:27)
	at org.junit.runners.ParentRunner.runLeaf(ParentRunner.java:271)
	at org.junit.runners.BlockJUnit4ClassRunner.runChild(BlockJUnit4ClassRunner.java:70)
	at org.junit.runners.BlockJUnit4ClassRunner.runChild(BlockJUnit4ClassRunner.java:50)
	at org.junit.runners.ParentRunner$3.run(ParentRunner.java:238)
	at org.junit.runners.ParentRunner$1.schedule(ParentRunner.java:63)
	at org.junit.runners.ParentRunner.runChildren(ParentRunner.java:236)
	at org.junit.runners.ParentRunner.access$000(ParentRunner.java:53)
	at org.junit.runners.ParentRunner$2.evaluate(ParentRunner.java:229)
	at org.junit.runners.ParentRunner.run(ParentRunner.java:309)
	at org.apache.maven.surefire.junit4.JUnit4Provider.execute(JUnit4Provider.java:365)
	at org.apache.maven.surefire.junit4.JUnit4Provider.executeWithRerun(JUnit4Provider.java:273)
	at org.apache.maven.surefire.junit4.JUnit4Provider.executeTestSet(JUnit4Provider.java:238)
	at org.apache.maven.surefire.junit4.JUnit4Provider.invoke(JUnit4Provider.java:159)
	at org.apache.maven.surefire.booter.ForkedBooter.invokeProviderInSameClassLoader(ForkedBooter.java:384)
	at org.apache.maven.surefire.booter.ForkedBooter.runSuitesInProcess(ForkedBooter.java:345)
	at org.apache.maven.surefire.booter.ForkedBooter.execute(ForkedBooter.java:126)
	at org.apache.maven.surefire.booter.ForkedBooter.main(ForkedBooter.java:418)
]]></failure>
    <system-out><![CDATA[2019-09-10 07:28:37,712 [main] WARN  server.ServerUtils (ServerUtils.java:getScmDbDir(145)) - ozone.scm.db.dirs is not configured. We recommend adding this setting. Falling back to ozone.metadata.dirs instead.
2019-09-10 07:28:37,736 [main] WARN  server.ServerUtils (ServerUtils.java:getScmDbDir(145)) - ozone.scm.db.dirs is not configured. We recommend adding this setting. Falling back to ozone.metadata.dirs instead.
2019-09-10 07:28:37,737 [main] WARN  server.ServerUtils (ServerUtils.java:getScmDbDir(145)) - ozone.scm.db.dirs is not configured. We recommend adding this setting. Falling back to ozone.metadata.dirs instead.
2019-09-10 07:28:37,737 [main] INFO  db.DBStoreBuilder (DBStoreBuilder.java:addTable(110)) - using custom profile for table: deletedBlocks
2019-09-10 07:28:37,737 [main] INFO  db.DBStoreBuilder (DBStoreBuilder.java:processTables(161)) - Using default column profile:DBProfile.DISK for Table:deletedBlocks
2019-09-10 07:28:37,737 [main] INFO  db.DBStoreBuilder (DBStoreBuilder.java:addTable(110)) - using custom profile for table: validCerts
2019-09-10 07:28:37,738 [main] INFO  db.DBStoreBuilder (DBStoreBuilder.java:processTables(161)) - Using default column profile:DBProfile.DISK for Table:validCerts
2019-09-10 07:28:37,738 [main] INFO  db.DBStoreBuilder (DBStoreBuilder.java:addTable(110)) - using custom profile for table: revokedCerts
2019-09-10 07:28:37,738 [main] INFO  db.DBStoreBuilder (DBStoreBuilder.java:processTables(161)) - Using default column profile:DBProfile.DISK for Table:revokedCerts
2019-09-10 07:28:37,738 [main] INFO  db.DBStoreBuilder (DBStoreBuilder.java:addTable(110)) - using custom profile for table: default
2019-09-10 07:28:37,738 [main] INFO  db.DBStoreBuilder (DBStoreBuilder.java:processTables(167)) - Using default column profile:DBProfile.DISK for Table:default
2019-09-10 07:28:37,738 [main] INFO  db.DBStoreBuilder (DBStoreBuilder.java:getDbProfile(198)) - Using default options. DBProfile.DISK
2019-09-10 07:28:37,924 [main] INFO  net.NodeSchemaLoader (NodeSchemaLoader.java:loadSchemaFromFile(125)) - Loading file from sun.misc.CompoundEnumeration@6b58a0f9
2019-09-10 07:28:37,924 [main] INFO  net.NodeSchemaLoader (NodeSchemaLoader.java:loadSchema(171)) - Loading network topology layer schema file
2019-09-10 07:28:37,931 [main] INFO  node.SCMNodeManager (SCMNodeManager.java:<init>(121)) - Entering startup safe mode.
2019-09-10 07:28:37,932 [main] INFO  algorithms.ContainerPlacementPolicyFactory (ContainerPlacementPolicyFactory.java:getPolicy(55)) - Create container placement policy of type org.apache.hadoop.hdds.scm.container.placement.algorithms.SCMContainerPlacementRandom
2019-09-10 07:28:37,932 [main] WARN  server.ServerUtils (ServerUtils.java:getScmDbDir(145)) - ozone.scm.db.dirs is not configured. We recommend adding this setting. Falling back to ozone.metadata.dirs instead.
2019-09-10 07:28:37,976 [main] INFO  pipeline.SCMPipelineManager (SCMPipelineManager.java:initializePipelineState(126)) - No pipeline exists in current db
2019-09-10 07:28:37,976 [main] WARN  server.ServerUtils (ServerUtils.java:getScmDbDir(145)) - ozone.scm.db.dirs is not configured. We recommend adding this setting. Falling back to ozone.metadata.dirs instead.
2019-09-10 07:28:38,062 [main] WARN  events.EventQueue (EventQueue.java:fireEvent(175)) - No event handler registered for event TypedEvent{payloadType=SafeModeStatus, name='SafeModeStatus'}
2019-09-10 07:28:38,063 [main] INFO  ipc.CallQueueManager (CallQueueManager.java:<init>(84)) - Using callQueue: class java.util.concurrent.LinkedBlockingQueue, queueCapacity: 2000, scheduler: class org.apache.hadoop.ipc.DefaultRpcScheduler, ipcBackoff: false.
2019-09-10 07:28:38,065 [Socket Reader #1 for port 44335] INFO  ipc.Server (Server.java:run(1074)) - Starting Socket Reader #1 for port 44335
2019-09-10 07:28:38,067 [main] INFO  ipc.CallQueueManager (CallQueueManager.java:<init>(84)) - Using callQueue: class java.util.concurrent.LinkedBlockingQueue, queueCapacity: 2000, scheduler: class org.apache.hadoop.ipc.DefaultRpcScheduler, ipcBackoff: false.
2019-09-10 07:28:38,067 [Socket Reader #1 for port 34096] INFO  ipc.Server (Server.java:run(1074)) - Starting Socket Reader #1 for port 34096
2019-09-10 07:28:38,069 [main] INFO  ipc.CallQueueManager (CallQueueManager.java:<init>(84)) - Using callQueue: class java.util.concurrent.LinkedBlockingQueue, queueCapacity: 2000, scheduler: class org.apache.hadoop.ipc.DefaultRpcScheduler, ipcBackoff: false.
2019-09-10 07:28:38,070 [Socket Reader #1 for port 43268] INFO  ipc.Server (Server.java:run(1074)) - Starting Socket Reader #1 for port 43268
2019-09-10 07:28:38,073 [main] INFO  hdfs.DFSUtil (DFSUtil.java:httpServerTemplateForNNAndJN(1641)) - Starting Web-server for scm at: http://0.0.0.0:0
2019-09-10 07:28:38,076 [main] INFO  server.AuthenticationFilter (AuthenticationFilter.java:constructSecretProvider(240)) - Unable to initialize FileSignerSecretProvider, falling back to use random secrets.
2019-09-10 07:28:38,076 [main] WARN  http.HttpRequestLog (HttpRequestLog.java:getRequestLog(97)) - Jetty request log can only be enabled using Log4j
2019-09-10 07:28:38,078 [main] INFO  http.HttpServer2 (HttpServer2.java:addGlobalFilter(975)) - Added global filter 'safety' (class=org.apache.hadoop.http.HttpServer2$QuotingInputFilter)
2019-09-10 07:28:38,079 [main] INFO  http.HttpServer2 (HttpServer2.java:addFilter(948)) - Added filter static_user_filter (class=org.apache.hadoop.http.lib.StaticUserWebFilter$StaticUserFilter) to context scm
2019-09-10 07:28:38,079 [main] INFO  http.HttpServer2 (HttpServer2.java:addFilter(958)) - Added filter static_user_filter (class=org.apache.hadoop.http.lib.StaticUserWebFilter$StaticUserFilter) to context logs
2019-09-10 07:28:38,080 [main] INFO  http.HttpServer2 (HttpServer2.java:addFilter(958)) - Added filter static_user_filter (class=org.apache.hadoop.http.lib.StaticUserWebFilter$StaticUserFilter) to context static
2019-09-10 07:28:38,082 [main] INFO  server.StorageContainerManager (StorageContainerManager.java:start(759)) - StorageContainerLocationProtocol RPC server is listening at /0.0.0.0:43268
2019-09-10 07:28:38,085 [main] WARN  impl.MetricsConfig (MetricsConfig.java:loadFirst(134)) - Cannot locate configuration: tried hadoop-metrics2-storagecontainermanager.properties,hadoop-metrics2.properties
2019-09-10 07:28:38,086 [main] INFO  impl.MetricsSystemImpl (MetricsSystemImpl.java:startTimer(374)) - Scheduled Metric snapshot period at 10 second(s).
2019-09-10 07:28:38,087 [main] INFO  impl.MetricsSystemImpl (MetricsSystemImpl.java:start(191)) - StorageContainerManager metrics system started
2019-09-10 07:28:38,163 [main] INFO  server.SCMClientProtocolServer (SCMClientProtocolServer.java:start(151)) - RPC server for Client  is listening at /0.0.0.0:43268
2019-09-10 07:28:38,163 [IPC Server Responder] INFO  ipc.Server (Server.java:run(1314)) - IPC Server Responder: starting
2019-09-10 07:28:38,164 [IPC Server listener on 43268] INFO  ipc.Server (Server.java:run(1153)) - IPC Server listener on 43268: starting
2019-09-10 07:28:38,167 [main] INFO  server.StorageContainerManager (StorageContainerManager.java:start(769)) - ScmBlockLocationProtocol RPC server is listening at /0.0.0.0:34096
2019-09-10 07:28:38,167 [main] INFO  server.SCMBlockProtocolServer (SCMBlockProtocolServer.java:start(140)) - RPC server for Block Protocol is listening at /0.0.0.0:34096
2019-09-10 07:28:38,168 [IPC Server Responder] INFO  ipc.Server (Server.java:run(1314)) - IPC Server Responder: starting
2019-09-10 07:28:38,168 [IPC Server listener on 34096] INFO  ipc.Server (Server.java:run(1153)) - IPC Server listener on 34096: starting
2019-09-10 07:28:38,171 [main] INFO  server.StorageContainerManager (StorageContainerManager.java:start(773)) - ScmDatanodeProtocl RPC server is listening at /0.0.0.0:44335
2019-09-10 07:28:38,171 [main] INFO  server.SCMDatanodeProtocolServer (SCMDatanodeProtocolServer.java:start(191)) - RPC server for DataNodes is listening at /0.0.0.0:44335
2019-09-10 07:28:38,172 [IPC Server Responder] INFO  ipc.Server (Server.java:run(1314)) - IPC Server Responder: starting
2019-09-10 07:28:38,172 [IPC Server listener on 44335] INFO  ipc.Server (Server.java:run(1153)) - IPC Server listener on 44335: starting
2019-09-10 07:28:38,176 [main] INFO  http.HttpServer2 (HttpServer2.java:bindListener(1191)) - Jetty bound to port 43512
2019-09-10 07:28:38,176 [main] INFO  server.Server (Server.java:doStart(351)) - jetty-9.3.24.v20180605, build timestamp: 2018-06-05T17:11:56Z, git hash: 84205aa28f11a4f31f2a3b86d1bba2cc8ab69827
2019-09-10 07:28:38,177 [main] INFO  handler.ContextHandler (ContextHandler.java:doStart(781)) - Started o.e.j.s.ServletContextHandler@194a653d{/logs,file:///workdir/hadoop-ozone/integration-test/target/log,AVAILABLE}
2019-09-10 07:28:38,178 [main] INFO  handler.ContextHandler (ContextHandler.java:doStart(781)) - Started o.e.j.s.ServletContextHandler@6b3a1151{/static,file:///workdir/hadoop-ozone/integration-test/target/test-classes/webapps/static,AVAILABLE}
2019-09-10 07:28:38,182 [main] INFO  handler.ContextHandler (ContextHandler.java:doStart(781)) - Started o.e.j.w.WebAppContext@2cc7b63d{/,file:///workdir/hadoop-ozone/integration-test/target/test-classes/webapps/scm/,AVAILABLE}{/scm}
2019-09-10 07:28:38,183 [main] INFO  server.AbstractConnector (AbstractConnector.java:doStart(278)) - Started ServerConnector@6179551b{HTTP/1.1,[http/1.1]}{0.0.0.0:43512}
2019-09-10 07:28:38,184 [main] INFO  server.Server (Server.java:doStart(419)) - Started @532374ms
2019-09-10 07:28:38,184 [main] INFO  server.BaseHttpServer (BaseHttpServer.java:updateConnectorAddress(213)) - HTTP server of SCM is listening at http://0.0.0.0:43512
2019-09-10 07:28:38,185 [main] WARN  server.ServerUtils (ServerUtils.java:getDBPath(222)) - ozone.om.db.dirs is not configured. We recommend adding this setting. Falling back to ozone.metadata.dirs instead.
2019-09-10 07:28:38,186 [org.apache.hadoop.util.JvmPauseMonitor$Monitor@6f4e39b3] INFO  util.JvmPauseMonitor (JvmPauseMonitor.java:run(188)) - Starting JVM pause monitor
2019-09-10 07:28:38,199 [main] WARN  server.ServerUtils (ServerUtils.java:getDBPath(222)) - ozone.om.db.dirs is not configured. We recommend adding this setting. Falling back to ozone.metadata.dirs instead.
2019-09-10 07:28:38,199 [main] WARN  server.ServerUtils (ServerUtils.java:getDBPath(222)) - ozone.om.db.dirs is not configured. We recommend adding this setting. Falling back to ozone.metadata.dirs instead.
2019-09-10 07:28:38,199 [main] INFO  om.OzoneManager (OzoneManager.java:setOMNodeDetails(645)) - OM Service ID is not set. Setting it to the default ID: omServiceIdDefault
2019-09-10 07:28:38,200 [main] INFO  om.OzoneManager (OzoneManager.java:setOMNodeDetails(651)) - OM Node ID is not set. Setting it to the OmStorage's OmID: 7351e981-4248-4270-8b00-ad97c04ab5ce
2019-09-10 07:28:38,200 [main] INFO  om.OzoneManager (OzoneManager.java:loadOMHAConfigs(602)) - Found matching OM address with OMServiceId: null, OMNodeId: null, RPC Address: localhost:0 and Ratis port: 9872
2019-09-10 07:28:38,204 | INFO  | SCMAudit | user=jenkins1000 | ip=192.168.34.25 | op=GET_SCM_INFO null | ret=SUCCESS |  
2019-09-10 07:28:38,205 [main] WARN  server.ServerUtils (ServerUtils.java:getDBPath(222)) - ozone.om.db.dirs is not configured. We recommend adding this setting. Falling back to ozone.metadata.dirs instead.
2019-09-10 07:28:38,205 [main] INFO  db.DBStoreBuilder (DBStoreBuilder.java:addTable(110)) - using custom profile for table: userTable
2019-09-10 07:28:38,206 [main] INFO  db.DBStoreBuilder (DBStoreBuilder.java:processTables(161)) - Using default column profile:DBProfile.DISK for Table:userTable
2019-09-10 07:28:38,206 [main] INFO  db.DBStoreBuilder (DBStoreBuilder.java:addTable(110)) - using custom profile for table: volumeTable
2019-09-10 07:28:38,206 [main] INFO  db.DBStoreBuilder (DBStoreBuilder.java:processTables(161)) - Using default column profile:DBProfile.DISK for Table:volumeTable
2019-09-10 07:28:38,206 [main] INFO  db.DBStoreBuilder (DBStoreBuilder.java:addTable(110)) - using custom profile for table: bucketTable
2019-09-10 07:28:38,206 [main] INFO  db.DBStoreBuilder (DBStoreBuilder.java:processTables(161)) - Using default column profile:DBProfile.DISK for Table:bucketTable
2019-09-10 07:28:38,207 [main] INFO  db.DBStoreBuilder (DBStoreBuilder.java:addTable(110)) - using custom profile for table: keyTable
2019-09-10 07:28:38,207 [main] INFO  db.DBStoreBuilder (DBStoreBuilder.java:processTables(161)) - Using default column profile:DBProfile.DISK for Table:keyTable
2019-09-10 07:28:38,207 [main] INFO  db.DBStoreBuilder (DBStoreBuilder.java:addTable(110)) - using custom profile for table: deletedTable
2019-09-10 07:28:38,207 [main] INFO  db.DBStoreBuilder (DBStoreBuilder.java:processTables(161)) - Using default column profile:DBProfile.DISK for Table:deletedTable
2019-09-10 07:28:38,207 [main] INFO  db.DBStoreBuilder (DBStoreBuilder.java:addTable(110)) - using custom profile for table: openKeyTable
2019-09-10 07:28:38,207 [main] INFO  db.DBStoreBuilder (DBStoreBuilder.java:processTables(161)) - Using default column profile:DBProfile.DISK for Table:openKeyTable
2019-09-10 07:28:38,208 [main] INFO  db.DBStoreBuilder (DBStoreBuilder.java:addTable(110)) - using custom profile for table: s3Table
2019-09-10 07:28:38,208 [main] INFO  db.DBStoreBuilder (DBStoreBuilder.java:processTables(161)) - Using default column profile:DBProfile.DISK for Table:s3Table
2019-09-10 07:28:38,208 [main] INFO  db.DBStoreBuilder (DBStoreBuilder.java:addTable(110)) - using custom profile for table: multipartInfoTable
2019-09-10 07:28:38,208 [main] INFO  db.DBStoreBuilder (DBStoreBuilder.java:processTables(161)) - Using default column profile:DBProfile.DISK for Table:multipartInfoTable
2019-09-10 07:28:38,208 [main] INFO  db.DBStoreBuilder (DBStoreBuilder.java:addTable(110)) - using custom profile for table: dTokenTable
2019-09-10 07:28:38,208 [main] INFO  db.DBStoreBuilder (DBStoreBuilder.java:processTables(161)) - Using default column profile:DBProfile.DISK for Table:dTokenTable
2019-09-10 07:28:38,209 [main] INFO  db.DBStoreBuilder (DBStoreBuilder.java:addTable(110)) - using custom profile for table: s3SecretTable
2019-09-10 07:28:38,209 [main] INFO  db.DBStoreBuilder (DBStoreBuilder.java:processTables(161)) - Using default column profile:DBProfile.DISK for Table:s3SecretTable
2019-09-10 07:28:38,209 [main] INFO  db.DBStoreBuilder (DBStoreBuilder.java:addTable(110)) - using custom profile for table: prefixTable
2019-09-10 07:28:38,209 [main] INFO  db.DBStoreBuilder (DBStoreBuilder.java:processTables(161)) - Using default column profile:DBProfile.DISK for Table:prefixTable
2019-09-10 07:28:38,209 [main] INFO  db.DBStoreBuilder (DBStoreBuilder.java:addTable(110)) - using custom profile for table: default
2019-09-10 07:28:38,209 [main] INFO  db.DBStoreBuilder (DBStoreBuilder.java:processTables(167)) - Using default column profile:DBProfile.DISK for Table:default
2019-09-10 07:28:38,209 [main] INFO  db.DBStoreBuilder (DBStoreBuilder.java:getDbProfile(198)) - Using default options. DBProfile.DISK
2019-09-10 07:28:38,934 [main] INFO  ipc.CallQueueManager (CallQueueManager.java:<init>(84)) - Using callQueue: class java.util.concurrent.LinkedBlockingQueue, queueCapacity: 2000, scheduler: class org.apache.hadoop.ipc.DefaultRpcScheduler, ipcBackoff: false.
2019-09-10 07:28:38,935 [Socket Reader #1 for port 33508] INFO  ipc.Server (Server.java:run(1074)) - Starting Socket Reader #1 for port 33508
2019-09-10 07:28:38,953 [main] INFO  om.OzoneManager (OzoneManager.java:start(1256)) - OzoneManager RPC server is listening at localhost/127.0.0.1:33508
2019-09-10 07:28:38,953 [main] INFO  impl.MetricsSystemImpl (MetricsSystemImpl.java:init(158)) - OzoneManager metrics system started (again)
2019-09-10 07:28:38,954 [IPC Server Responder] INFO  ipc.Server (Server.java:run(1314)) - IPC Server Responder: starting
2019-09-10 07:28:38,954 [IPC Server listener on 33508] INFO  ipc.Server (Server.java:run(1153)) - IPC Server listener on 33508: starting
2019-09-10 07:28:38,960 [main] INFO  hdfs.DFSUtil (DFSUtil.java:httpServerTemplateForNNAndJN(1641)) - Starting Web-server for ozoneManager at: http://0.0.0.0:0
2019-09-10 07:28:38,962 [main] INFO  server.AuthenticationFilter (AuthenticationFilter.java:constructSecretProvider(240)) - Unable to initialize FileSignerSecretProvider, falling back to use random secrets.
2019-09-10 07:28:38,963 [main] WARN  http.HttpRequestLog (HttpRequestLog.java:getRequestLog(97)) - Jetty request log can only be enabled using Log4j
2019-09-10 07:28:38,965 [main] INFO  http.HttpServer2 (HttpServer2.java:addGlobalFilter(975)) - Added global filter 'safety' (class=org.apache.hadoop.http.HttpServer2$QuotingInputFilter)
2019-09-10 07:28:38,966 [main] INFO  http.HttpServer2 (HttpServer2.java:addFilter(948)) - Added filter static_user_filter (class=org.apache.hadoop.http.lib.StaticUserWebFilter$StaticUserFilter) to context ozoneManager
2019-09-10 07:28:38,966 [main] INFO  http.HttpServer2 (HttpServer2.java:addFilter(958)) - Added filter static_user_filter (class=org.apache.hadoop.http.lib.StaticUserWebFilter$StaticUserFilter) to context logs
2019-09-10 07:28:38,966 [main] INFO  http.HttpServer2 (HttpServer2.java:addFilter(958)) - Added filter static_user_filter (class=org.apache.hadoop.http.lib.StaticUserWebFilter$StaticUserFilter) to context static
2019-09-10 07:28:38,967 [main] INFO  http.HttpServer2 (HttpServer2.java:bindListener(1191)) - Jetty bound to port 33610
2019-09-10 07:28:38,968 [main] INFO  server.Server (Server.java:doStart(351)) - jetty-9.3.24.v20180605, build timestamp: 2018-06-05T17:11:56Z, git hash: 84205aa28f11a4f31f2a3b86d1bba2cc8ab69827
2019-09-10 07:28:38,970 [main] INFO  handler.ContextHandler (ContextHandler.java:doStart(781)) - Started o.e.j.s.ServletContextHandler@5cbf9aee{/logs,file:///workdir/hadoop-ozone/integration-test/target/log,AVAILABLE}
2019-09-10 07:28:38,971 [main] INFO  handler.ContextHandler (ContextHandler.java:doStart(781)) - Started o.e.j.s.ServletContextHandler@27558dee{/static,file:///workdir/hadoop-ozone/integration-test/target/test-classes/webapps/static,AVAILABLE}
2019-09-10 07:28:38,976 [main] INFO  handler.ContextHandler (ContextHandler.java:doStart(781)) - Started o.e.j.w.WebAppContext@7959fbe3{/,file:///workdir/hadoop-ozone/integration-test/target/test-classes/webapps/ozoneManager/,AVAILABLE}{/ozoneManager}
2019-09-10 07:28:38,976 [main] INFO  server.AbstractConnector (AbstractConnector.java:doStart(278)) - Started ServerConnector@75c0e6be{HTTP/1.1,[http/1.1]}{0.0.0.0:33610}
2019-09-10 07:28:38,978 [main] INFO  server.Server (Server.java:doStart(419)) - Started @533168ms
2019-09-10 07:28:38,979 [main] INFO  server.BaseHttpServer (BaseHttpServer.java:updateConnectorAddress(213)) - HTTP server of OZONEMANAGER is listening at http://0.0.0.0:33610
2019-09-10 07:28:38,997 [main] INFO  impl.MetricsSystemImpl (MetricsSystemImpl.java:init(158)) - HddsDatanode metrics system started (again)
2019-09-10 07:28:39,000 [main] INFO  ozone.HddsDatanodeService (HddsDatanodeService.java:start(184)) - HddsDatanodeService host:pr-hdds-2089-qxm8x-943445694 ip:192.168.34.25
2019-09-10 07:28:39,011 [main] INFO  volume.HddsVolume (HddsVolume.java:<init>(176)) - Creating Volume: /workdir/hadoop-ozone/integration-test/target/test-dir/MiniOzoneClusterImpl-86be06f9-0c34-41f8-bcfc-872cf9ac1776/datanode-0/data/containers/hdds of  storage type : DISK and capacity : 1482555576320
2019-09-10 07:28:39,011 [main] INFO  volume.VolumeSet (VolumeSet.java:initializeVolumeSet(170)) - Added Volume : /workdir/hadoop-ozone/integration-test/target/test-dir/MiniOzoneClusterImpl-86be06f9-0c34-41f8-bcfc-872cf9ac1776/datanode-0/data/containers/hdds to VolumeSet
2019-09-10 07:28:39,011 [main] INFO  volume.ThrottledAsyncChecker (ThrottledAsyncChecker.java:schedule(140)) - Scheduling a check for org.apache.hadoop.ozone.container.common.volume.HddsVolume@470fc16c
2019-09-10 07:28:39,012 [main] INFO  volume.HddsVolumeChecker (HddsVolumeChecker.java:checkAllVolumes(203)) - Scheduled health check for volume org.apache.hadoop.ozone.container.common.volume.HddsVolume@470fc16c
2019-09-10 07:28:39,031 [main] INFO  impl.RaftServerProxy (ConfUtils.java:logGet(43)) - raft.rpc.type = GRPC (default)
2019-09-10 07:28:39,031 [main] INFO  grpc.GrpcFactory (GrpcFactory.java:checkPooledByteBufAllocatorUseCacheForAllThreads(45)) - PERFORMANCE WARNING: useCacheForAllThreads is true that may cause Netty to create a lot garbage objects and, as a result, trigger GC.
	It is recommended to disable useCacheForAllThreads by setting -Dorg.apache.ratis.thirdparty.io.netty.allocator.useCacheForAllThreads=false in command line.
2019-09-10 07:28:39,031 [main] INFO  grpc.GrpcConfigKeys$Server (ConfUtils.java:logGet(43)) - raft.grpc.server.port = 0 (default)
2019-09-10 07:28:39,031 [main] INFO  server.GrpcService (ConfUtils.java:logGet(43)) - raft.grpc.message.size.max = 33570816 (custom)
2019-09-10 07:28:39,032 [main] INFO  server.RaftServerConfigKeys (ConfUtils.java:logGet(43)) - raft.server.log.appender.buffer.byte-limit = 33554432 (custom)
2019-09-10 07:28:39,032 [main] INFO  server.GrpcService (ConfUtils.java:logGet(43)) - raft.grpc.flow.control.window = 1MB (=1048576) (default)
2019-09-10 07:28:39,032 [main] INFO  server.RaftServerConfigKeys (ConfUtils.java:logGet(43)) - raft.server.rpc.request.timeout = 3000ms (default)
2019-09-10 07:28:39,033 [main] INFO  server.RaftServerConfigKeys (ConfUtils.java:logGet(43)) - raft.server.storage.dir = [/workdir/hadoop-ozone/integration-test/target/test-dir/MiniOzoneClusterImpl-86be06f9-0c34-41f8-bcfc-872cf9ac1776/datanode-0/data/ratis] (custom)
2019-09-10 07:28:39,033 [main] INFO  replication.SimpleContainerDownloader (SimpleContainerDownloader.java:<init>(72)) - Starting container downloader service to copy containers to replicate.
2019-09-10 07:28:39,034 [main] INFO  hdfs.DFSUtil (DFSUtil.java:httpServerTemplateForNNAndJN(1641)) - Starting Web-server for hddsDatanode at: http://0.0.0.0:0
2019-09-10 07:28:39,036 [main] INFO  server.AuthenticationFilter (AuthenticationFilter.java:constructSecretProvider(240)) - Unable to initialize FileSignerSecretProvider, falling back to use random secrets.
2019-09-10 07:28:39,036 [main] WARN  http.HttpRequestLog (HttpRequestLog.java:getRequestLog(97)) - Jetty request log can only be enabled using Log4j
2019-09-10 07:28:39,038 [main] INFO  http.HttpServer2 (HttpServer2.java:addGlobalFilter(975)) - Added global filter 'safety' (class=org.apache.hadoop.http.HttpServer2$QuotingInputFilter)
2019-09-10 07:28:39,039 [main] INFO  http.HttpServer2 (HttpServer2.java:addFilter(948)) - Added filter static_user_filter (class=org.apache.hadoop.http.lib.StaticUserWebFilter$StaticUserFilter) to context hddsDatanode
2019-09-10 07:28:39,039 [main] INFO  http.HttpServer2 (HttpServer2.java:addFilter(958)) - Added filter static_user_filter (class=org.apache.hadoop.http.lib.StaticUserWebFilter$StaticUserFilter) to context logs
2019-09-10 07:28:39,039 [main] INFO  http.HttpServer2 (HttpServer2.java:addFilter(958)) - Added filter static_user_filter (class=org.apache.hadoop.http.lib.StaticUserWebFilter$StaticUserFilter) to context static
2019-09-10 07:28:39,040 [main] INFO  http.HttpServer2 (HttpServer2.java:bindListener(1191)) - Jetty bound to port 34054
2019-09-10 07:28:39,040 [main] INFO  server.Server (Server.java:doStart(351)) - jetty-9.3.24.v20180605, build timestamp: 2018-06-05T17:11:56Z, git hash: 84205aa28f11a4f31f2a3b86d1bba2cc8ab69827
2019-09-10 07:28:39,042 [main] INFO  handler.ContextHandler (ContextHandler.java:doStart(781)) - Started o.e.j.s.ServletContextHandler@639c5ab4{/logs,file:///workdir/hadoop-ozone/integration-test/target/log,AVAILABLE}
2019-09-10 07:28:39,043 [main] INFO  handler.ContextHandler (ContextHandler.java:doStart(781)) - Started o.e.j.s.ServletContextHandler@12e8ea81{/static,jar:file:/home/user/.m2/repository/org/apache/hadoop/hadoop-hdds-container-service/0.5.0-SNAPSHOT/hadoop-hdds-container-service-0.5.0-SNAPSHOT.jar!/webapps/static,AVAILABLE}
2019-09-10 07:28:39,075 [main] INFO  handler.ContextHandler (ContextHandler.java:doStart(781)) - Started o.e.j.w.WebAppContext@2c555efb{/,file:///tmp/jetty-0.0.0.0-34054-hddsDatanode-_-any-6431580488341715687.dir/webapp/,AVAILABLE}{/hddsDatanode}
2019-09-10 07:28:39,075 [main] INFO  server.AbstractConnector (AbstractConnector.java:doStart(278)) - Started ServerConnector@17796f47{HTTP/1.1,[http/1.1]}{0.0.0.0:34054}
2019-09-10 07:28:39,076 [main] INFO  server.Server (Server.java:doStart(419)) - Started @533266ms
2019-09-10 07:28:39,077 [main] INFO  server.BaseHttpServer (BaseHttpServer.java:updateConnectorAddress(213)) - HTTP server of HDDSDATANODE is listening at http://0.0.0.0:34054
2019-09-10 07:28:39,207 | INFO  | ObjectStoreRestHttpServer | Listening HDDS REST traffic on /0.0.0.0:45827 |  
2019-09-10 07:28:39,207 [main] INFO  ozone.HddsDatanodeService (HddsDatanodeService.java:startPlugins(395)) - Started plug-in org.apache.hadoop.ozone.web.OzoneHddsDatanodeService@136a5572
2019-09-10 07:28:39,207 [main] INFO  impl.MetricsSystemImpl (MetricsSystemImpl.java:init(158)) - HddsDatanode metrics system started (again)
2019-09-10 07:28:39,210 [main] INFO  ozone.HddsDatanodeService (HddsDatanodeService.java:start(184)) - HddsDatanodeService host:pr-hdds-2089-qxm8x-943445694 ip:192.168.34.25
2019-09-10 07:28:39,210 [org.apache.hadoop.util.JvmPauseMonitor$Monitor@39dad901] INFO  util.JvmPauseMonitor (JvmPauseMonitor.java:run(188)) - Starting JVM pause monitor
2019-09-10 07:28:39,212 [Datanode State Machine Thread - 0] INFO  datanode.InitDatanodeState (InitDatanodeState.java:persistContainerDatanodeDetails(140)) - DatanodeDetails is persisted to /workdir/hadoop-ozone/integration-test/target/test-dir/MiniOzoneClusterImpl-86be06f9-0c34-41f8-bcfc-872cf9ac1776/datanode-0/meta/datanode.id
2019-09-10 07:28:39,221 [main] INFO  volume.HddsVolume (HddsVolume.java:<init>(176)) - Creating Volume: /workdir/hadoop-ozone/integration-test/target/test-dir/MiniOzoneClusterImpl-86be06f9-0c34-41f8-bcfc-872cf9ac1776/datanode-1/data/containers/hdds of  storage type : DISK and capacity : 1482555576320
2019-09-10 07:28:39,221 [main] INFO  volume.VolumeSet (VolumeSet.java:initializeVolumeSet(170)) - Added Volume : /workdir/hadoop-ozone/integration-test/target/test-dir/MiniOzoneClusterImpl-86be06f9-0c34-41f8-bcfc-872cf9ac1776/datanode-1/data/containers/hdds to VolumeSet
2019-09-10 07:28:39,221 [main] INFO  volume.ThrottledAsyncChecker (ThrottledAsyncChecker.java:schedule(140)) - Scheduling a check for org.apache.hadoop.ozone.container.common.volume.HddsVolume@58c48a23
2019-09-10 07:28:39,221 [main] INFO  volume.HddsVolumeChecker (HddsVolumeChecker.java:checkAllVolumes(203)) - Scheduled health check for volume org.apache.hadoop.ozone.container.common.volume.HddsVolume@58c48a23
2019-09-10 07:28:39,238 [main] INFO  impl.RaftServerProxy (ConfUtils.java:logGet(43)) - raft.rpc.type = GRPC (default)
2019-09-10 07:28:39,239 [main] INFO  grpc.GrpcFactory (GrpcFactory.java:checkPooledByteBufAllocatorUseCacheForAllThreads(45)) - PERFORMANCE WARNING: useCacheForAllThreads is true that may cause Netty to create a lot garbage objects and, as a result, trigger GC.
	It is recommended to disable useCacheForAllThreads by setting -Dorg.apache.ratis.thirdparty.io.netty.allocator.useCacheForAllThreads=false in command line.
2019-09-10 07:28:39,239 [main] INFO  grpc.GrpcConfigKeys$Server (ConfUtils.java:logGet(43)) - raft.grpc.server.port = 0 (default)
2019-09-10 07:28:39,239 [main] INFO  server.GrpcService (ConfUtils.java:logGet(43)) - raft.grpc.message.size.max = 33570816 (custom)
2019-09-10 07:28:39,240 [main] INFO  server.RaftServerConfigKeys (ConfUtils.java:logGet(43)) - raft.server.log.appender.buffer.byte-limit = 33554432 (custom)
2019-09-10 07:28:39,240 [main] INFO  server.GrpcService (ConfUtils.java:logGet(43)) - raft.grpc.flow.control.window = 1MB (=1048576) (default)
2019-09-10 07:28:39,240 [main] INFO  server.RaftServerConfigKeys (ConfUtils.java:logGet(43)) - raft.server.rpc.request.timeout = 3000ms (default)
2019-09-10 07:28:39,241 [main] INFO  server.RaftServerConfigKeys (ConfUtils.java:logGet(43)) - raft.server.storage.dir = [/workdir/hadoop-ozone/integration-test/target/test-dir/MiniOzoneClusterImpl-86be06f9-0c34-41f8-bcfc-872cf9ac1776/datanode-1/data/ratis] (custom)
2019-09-10 07:28:39,241 [main] INFO  replication.SimpleContainerDownloader (SimpleContainerDownloader.java:<init>(72)) - Starting container downloader service to copy containers to replicate.
2019-09-10 07:28:39,242 [main] INFO  hdfs.DFSUtil (DFSUtil.java:httpServerTemplateForNNAndJN(1641)) - Starting Web-server for hddsDatanode at: http://0.0.0.0:0
2019-09-10 07:28:39,244 [main] INFO  server.AuthenticationFilter (AuthenticationFilter.java:constructSecretProvider(240)) - Unable to initialize FileSignerSecretProvider, falling back to use random secrets.
2019-09-10 07:28:39,244 [main] WARN  http.HttpRequestLog (HttpRequestLog.java:getRequestLog(97)) - Jetty request log can only be enabled using Log4j
2019-09-10 07:28:39,245 [main] INFO  http.HttpServer2 (HttpServer2.java:addGlobalFilter(975)) - Added global filter 'safety' (class=org.apache.hadoop.http.HttpServer2$QuotingInputFilter)
2019-09-10 07:28:39,246 [main] INFO  http.HttpServer2 (HttpServer2.java:addFilter(948)) - Added filter static_user_filter (class=org.apache.hadoop.http.lib.StaticUserWebFilter$StaticUserFilter) to context hddsDatanode
2019-09-10 07:28:39,246 [main] INFO  http.HttpServer2 (HttpServer2.java:addFilter(958)) - Added filter static_user_filter (class=org.apache.hadoop.http.lib.StaticUserWebFilter$StaticUserFilter) to context logs
2019-09-10 07:28:39,246 [main] INFO  http.HttpServer2 (HttpServer2.java:addFilter(958)) - Added filter static_user_filter (class=org.apache.hadoop.http.lib.StaticUserWebFilter$StaticUserFilter) to context static
2019-09-10 07:28:39,247 [main] INFO  http.HttpServer2 (HttpServer2.java:bindListener(1191)) - Jetty bound to port 41450
2019-09-10 07:28:39,247 [main] INFO  server.Server (Server.java:doStart(351)) - jetty-9.3.24.v20180605, build timestamp: 2018-06-05T17:11:56Z, git hash: 84205aa28f11a4f31f2a3b86d1bba2cc8ab69827
2019-09-10 07:28:39,248 [main] INFO  handler.ContextHandler (ContextHandler.java:doStart(781)) - Started o.e.j.s.ServletContextHandler@72f71ea2{/logs,file:///workdir/hadoop-ozone/integration-test/target/log,AVAILABLE}
2019-09-10 07:28:39,249 [main] INFO  handler.ContextHandler (ContextHandler.java:doStart(781)) - Started o.e.j.s.ServletContextHandler@10d8769e{/static,jar:file:/home/user/.m2/repository/org/apache/hadoop/hadoop-hdds-container-service/0.5.0-SNAPSHOT/hadoop-hdds-container-service-0.5.0-SNAPSHOT.jar!/webapps/static,AVAILABLE}
2019-09-10 07:28:39,275 [main] INFO  handler.ContextHandler (ContextHandler.java:doStart(781)) - Started o.e.j.w.WebAppContext@525aadf2{/,file:///tmp/jetty-0.0.0.0-41450-hddsDatanode-_-any-6739582136301319047.dir/webapp/,AVAILABLE}{/hddsDatanode}
2019-09-10 07:28:39,276 [main] INFO  server.AbstractConnector (AbstractConnector.java:doStart(278)) - Started ServerConnector@203b98cf{HTTP/1.1,[http/1.1]}{0.0.0.0:41450}
2019-09-10 07:28:39,276 [main] INFO  server.Server (Server.java:doStart(419)) - Started @533466ms
2019-09-10 07:28:39,278 [main] INFO  server.BaseHttpServer (BaseHttpServer.java:updateConnectorAddress(213)) - HTTP server of HDDSDATANODE is listening at http://0.0.0.0:41450
2019-09-10 07:28:39,397 | INFO  | ObjectStoreRestHttpServer | Listening HDDS REST traffic on /0.0.0.0:35720 |  
2019-09-10 07:28:39,397 [main] INFO  ozone.HddsDatanodeService (HddsDatanodeService.java:startPlugins(395)) - Started plug-in org.apache.hadoop.ozone.web.OzoneHddsDatanodeService@3bd7829b
2019-09-10 07:28:39,398 [main] INFO  impl.MetricsSystemImpl (MetricsSystemImpl.java:init(158)) - HddsDatanode metrics system started (again)
2019-09-10 07:28:39,400 [org.apache.hadoop.util.JvmPauseMonitor$Monitor@2325cbdc] INFO  util.JvmPauseMonitor (JvmPauseMonitor.java:run(188)) - Starting JVM pause monitor
2019-09-10 07:28:39,401 [main] INFO  ozone.HddsDatanodeService (HddsDatanodeService.java:start(184)) - HddsDatanodeService host:pr-hdds-2089-qxm8x-943445694 ip:192.168.34.25
2019-09-10 07:28:39,401 [Datanode State Machine Thread - 0] INFO  datanode.InitDatanodeState (InitDatanodeState.java:persistContainerDatanodeDetails(140)) - DatanodeDetails is persisted to /workdir/hadoop-ozone/integration-test/target/test-dir/MiniOzoneClusterImpl-86be06f9-0c34-41f8-bcfc-872cf9ac1776/datanode-1/meta/datanode.id
2019-09-10 07:28:39,410 [main] INFO  volume.HddsVolume (HddsVolume.java:<init>(176)) - Creating Volume: /workdir/hadoop-ozone/integration-test/target/test-dir/MiniOzoneClusterImpl-86be06f9-0c34-41f8-bcfc-872cf9ac1776/datanode-2/data/containers/hdds of  storage type : DISK and capacity : 1482555576320
2019-09-10 07:28:39,410 [main] INFO  volume.VolumeSet (VolumeSet.java:initializeVolumeSet(170)) - Added Volume : /workdir/hadoop-ozone/integration-test/target/test-dir/MiniOzoneClusterImpl-86be06f9-0c34-41f8-bcfc-872cf9ac1776/datanode-2/data/containers/hdds to VolumeSet
2019-09-10 07:28:39,410 [main] INFO  volume.ThrottledAsyncChecker (ThrottledAsyncChecker.java:schedule(140)) - Scheduling a check for org.apache.hadoop.ozone.container.common.volume.HddsVolume@561b4c61
2019-09-10 07:28:39,411 [main] INFO  volume.HddsVolumeChecker (HddsVolumeChecker.java:checkAllVolumes(203)) - Scheduled health check for volume org.apache.hadoop.ozone.container.common.volume.HddsVolume@561b4c61
2019-09-10 07:28:39,424 [main] INFO  impl.RaftServerProxy (ConfUtils.java:logGet(43)) - raft.rpc.type = GRPC (default)
2019-09-10 07:28:39,424 [main] INFO  grpc.GrpcFactory (GrpcFactory.java:checkPooledByteBufAllocatorUseCacheForAllThreads(45)) - PERFORMANCE WARNING: useCacheForAllThreads is true that may cause Netty to create a lot garbage objects and, as a result, trigger GC.
	It is recommended to disable useCacheForAllThreads by setting -Dorg.apache.ratis.thirdparty.io.netty.allocator.useCacheForAllThreads=false in command line.
2019-09-10 07:28:39,424 [main] INFO  grpc.GrpcConfigKeys$Server (ConfUtils.java:logGet(43)) - raft.grpc.server.port = 0 (default)
2019-09-10 07:28:39,425 [main] INFO  server.GrpcService (ConfUtils.java:logGet(43)) - raft.grpc.message.size.max = 33570816 (custom)
2019-09-10 07:28:39,425 [main] INFO  server.RaftServerConfigKeys (ConfUtils.java:logGet(43)) - raft.server.log.appender.buffer.byte-limit = 33554432 (custom)
2019-09-10 07:28:39,425 [main] INFO  server.GrpcService (ConfUtils.java:logGet(43)) - raft.grpc.flow.control.window = 1MB (=1048576) (default)
2019-09-10 07:28:39,425 [main] INFO  server.RaftServerConfigKeys (ConfUtils.java:logGet(43)) - raft.server.rpc.request.timeout = 3000ms (default)
2019-09-10 07:28:39,425 [main] INFO  server.RaftServerConfigKeys (ConfUtils.java:logGet(43)) - raft.server.storage.dir = [/workdir/hadoop-ozone/integration-test/target/test-dir/MiniOzoneClusterImpl-86be06f9-0c34-41f8-bcfc-872cf9ac1776/datanode-2/data/ratis] (custom)
2019-09-10 07:28:39,426 [main] INFO  replication.SimpleContainerDownloader (SimpleContainerDownloader.java:<init>(72)) - Starting container downloader service to copy containers to replicate.
2019-09-10 07:28:39,427 [main] INFO  hdfs.DFSUtil (DFSUtil.java:httpServerTemplateForNNAndJN(1641)) - Starting Web-server for hddsDatanode at: http://0.0.0.0:0
2019-09-10 07:28:39,428 [main] INFO  server.AuthenticationFilter (AuthenticationFilter.java:constructSecretProvider(240)) - Unable to initialize FileSignerSecretProvider, falling back to use random secrets.
2019-09-10 07:28:39,428 [main] WARN  http.HttpRequestLog (HttpRequestLog.java:getRequestLog(97)) - Jetty request log can only be enabled using Log4j
2019-09-10 07:28:39,430 [main] INFO  http.HttpServer2 (HttpServer2.java:addGlobalFilter(975)) - Added global filter 'safety' (class=org.apache.hadoop.http.HttpServer2$QuotingInputFilter)
2019-09-10 07:28:39,430 [main] INFO  http.HttpServer2 (HttpServer2.java:addFilter(948)) - Added filter static_user_filter (class=org.apache.hadoop.http.lib.StaticUserWebFilter$StaticUserFilter) to context hddsDatanode
2019-09-10 07:28:39,430 [main] INFO  http.HttpServer2 (HttpServer2.java:addFilter(958)) - Added filter static_user_filter (class=org.apache.hadoop.http.lib.StaticUserWebFilter$StaticUserFilter) to context logs
2019-09-10 07:28:39,430 [main] INFO  http.HttpServer2 (HttpServer2.java:addFilter(958)) - Added filter static_user_filter (class=org.apache.hadoop.http.lib.StaticUserWebFilter$StaticUserFilter) to context static
2019-09-10 07:28:39,431 [main] INFO  http.HttpServer2 (HttpServer2.java:bindListener(1191)) - Jetty bound to port 37584
2019-09-10 07:28:39,431 [main] INFO  server.Server (Server.java:doStart(351)) - jetty-9.3.24.v20180605, build timestamp: 2018-06-05T17:11:56Z, git hash: 84205aa28f11a4f31f2a3b86d1bba2cc8ab69827
2019-09-10 07:28:39,432 [main] INFO  handler.ContextHandler (ContextHandler.java:doStart(781)) - Started o.e.j.s.ServletContextHandler@6db99c79{/logs,file:///workdir/hadoop-ozone/integration-test/target/log,AVAILABLE}
2019-09-10 07:28:39,433 [main] INFO  handler.ContextHandler (ContextHandler.java:doStart(781)) - Started o.e.j.s.ServletContextHandler@8fd3eee{/static,jar:file:/home/user/.m2/repository/org/apache/hadoop/hadoop-hdds-container-service/0.5.0-SNAPSHOT/hadoop-hdds-container-service-0.5.0-SNAPSHOT.jar!/webapps/static,AVAILABLE}
2019-09-10 07:28:39,459 [main] INFO  handler.ContextHandler (ContextHandler.java:doStart(781)) - Started o.e.j.w.WebAppContext@5f171392{/,file:///tmp/jetty-0.0.0.0-37584-hddsDatanode-_-any-921918220028524795.dir/webapp/,AVAILABLE}{/hddsDatanode}
2019-09-10 07:28:39,460 [main] INFO  server.AbstractConnector (AbstractConnector.java:doStart(278)) - Started ServerConnector@655295bd{HTTP/1.1,[http/1.1]}{0.0.0.0:37584}
2019-09-10 07:28:39,460 [main] INFO  server.Server (Server.java:doStart(419)) - Started @533650ms
2019-09-10 07:28:39,462 [main] INFO  server.BaseHttpServer (BaseHttpServer.java:updateConnectorAddress(213)) - HTTP server of HDDSDATANODE is listening at http://0.0.0.0:37584
2019-09-10 07:28:39,576 | INFO  | ObjectStoreRestHttpServer | Listening HDDS REST traffic on /0.0.0.0:38219 |  
2019-09-10 07:28:39,576 [main] INFO  ozone.HddsDatanodeService (HddsDatanodeService.java:startPlugins(395)) - Started plug-in org.apache.hadoop.ozone.web.OzoneHddsDatanodeService@5b256ab5
2019-09-10 07:28:39,577 [main] INFO  impl.MetricsSystemImpl (MetricsSystemImpl.java:init(158)) - HddsDatanode metrics system started (again)
2019-09-10 07:28:39,580 [org.apache.hadoop.util.JvmPauseMonitor$Monitor@29380c29] INFO  util.JvmPauseMonitor (JvmPauseMonitor.java:run(188)) - Starting JVM pause monitor
2019-09-10 07:28:39,580 [main] INFO  ozone.HddsDatanodeService (HddsDatanodeService.java:start(184)) - HddsDatanodeService host:pr-hdds-2089-qxm8x-943445694 ip:192.168.34.25
2019-09-10 07:28:39,581 [Datanode State Machine Thread - 0] INFO  datanode.InitDatanodeState (InitDatanodeState.java:persistContainerDatanodeDetails(140)) - DatanodeDetails is persisted to /workdir/hadoop-ozone/integration-test/target/test-dir/MiniOzoneClusterImpl-86be06f9-0c34-41f8-bcfc-872cf9ac1776/datanode-2/meta/datanode.id
2019-09-10 07:28:39,591 [main] INFO  volume.HddsVolume (HddsVolume.java:<init>(176)) - Creating Volume: /workdir/hadoop-ozone/integration-test/target/test-dir/MiniOzoneClusterImpl-86be06f9-0c34-41f8-bcfc-872cf9ac1776/datanode-3/data/containers/hdds of  storage type : DISK and capacity : 1482555576320
2019-09-10 07:28:39,592 [main] INFO  volume.VolumeSet (VolumeSet.java:initializeVolumeSet(170)) - Added Volume : /workdir/hadoop-ozone/integration-test/target/test-dir/MiniOzoneClusterImpl-86be06f9-0c34-41f8-bcfc-872cf9ac1776/datanode-3/data/containers/hdds to VolumeSet
2019-09-10 07:28:39,592 [main] INFO  volume.ThrottledAsyncChecker (ThrottledAsyncChecker.java:schedule(140)) - Scheduling a check for org.apache.hadoop.ozone.container.common.volume.HddsVolume@10f64bc3
2019-09-10 07:28:39,592 [main] INFO  volume.HddsVolumeChecker (HddsVolumeChecker.java:checkAllVolumes(203)) - Scheduled health check for volume org.apache.hadoop.ozone.container.common.volume.HddsVolume@10f64bc3
2019-09-10 07:28:39,614 [main] INFO  impl.RaftServerProxy (ConfUtils.java:logGet(43)) - raft.rpc.type = GRPC (default)
2019-09-10 07:28:39,614 [main] INFO  grpc.GrpcFactory (GrpcFactory.java:checkPooledByteBufAllocatorUseCacheForAllThreads(45)) - PERFORMANCE WARNING: useCacheForAllThreads is true that may cause Netty to create a lot garbage objects and, as a result, trigger GC.
	It is recommended to disable useCacheForAllThreads by setting -Dorg.apache.ratis.thirdparty.io.netty.allocator.useCacheForAllThreads=false in command line.
2019-09-10 07:28:39,614 [main] INFO  grpc.GrpcConfigKeys$Server (ConfUtils.java:logGet(43)) - raft.grpc.server.port = 0 (default)
2019-09-10 07:28:39,615 [main] INFO  server.GrpcService (ConfUtils.java:logGet(43)) - raft.grpc.message.size.max = 33570816 (custom)
2019-09-10 07:28:39,615 [main] INFO  server.RaftServerConfigKeys (ConfUtils.java:logGet(43)) - raft.server.log.appender.buffer.byte-limit = 33554432 (custom)
2019-09-10 07:28:39,615 [main] INFO  server.GrpcService (ConfUtils.java:logGet(43)) - raft.grpc.flow.control.window = 1MB (=1048576) (default)
2019-09-10 07:28:39,615 [main] INFO  server.RaftServerConfigKeys (ConfUtils.java:logGet(43)) - raft.server.rpc.request.timeout = 3000ms (default)
2019-09-10 07:28:39,616 [main] INFO  server.RaftServerConfigKeys (ConfUtils.java:logGet(43)) - raft.server.storage.dir = [/workdir/hadoop-ozone/integration-test/target/test-dir/MiniOzoneClusterImpl-86be06f9-0c34-41f8-bcfc-872cf9ac1776/datanode-3/data/ratis] (custom)
2019-09-10 07:28:39,616 [main] INFO  replication.SimpleContainerDownloader (SimpleContainerDownloader.java:<init>(72)) - Starting container downloader service to copy containers to replicate.
2019-09-10 07:28:39,617 [main] INFO  hdfs.DFSUtil (DFSUtil.java:httpServerTemplateForNNAndJN(1641)) - Starting Web-server for hddsDatanode at: http://0.0.0.0:0
2019-09-10 07:28:39,618 [main] INFO  server.AuthenticationFilter (AuthenticationFilter.java:constructSecretProvider(240)) - Unable to initialize FileSignerSecretProvider, falling back to use random secrets.
2019-09-10 07:28:39,619 [main] WARN  http.HttpRequestLog (HttpRequestLog.java:getRequestLog(97)) - Jetty request log can only be enabled using Log4j
2019-09-10 07:28:39,620 [main] INFO  http.HttpServer2 (HttpServer2.java:addGlobalFilter(975)) - Added global filter 'safety' (class=org.apache.hadoop.http.HttpServer2$QuotingInputFilter)
2019-09-10 07:28:39,621 [main] INFO  http.HttpServer2 (HttpServer2.java:addFilter(948)) - Added filter static_user_filter (class=org.apache.hadoop.http.lib.StaticUserWebFilter$StaticUserFilter) to context hddsDatanode
2019-09-10 07:28:39,621 [main] INFO  http.HttpServer2 (HttpServer2.java:addFilter(958)) - Added filter static_user_filter (class=org.apache.hadoop.http.lib.StaticUserWebFilter$StaticUserFilter) to context static
2019-09-10 07:28:39,621 [main] INFO  http.HttpServer2 (HttpServer2.java:addFilter(958)) - Added filter static_user_filter (class=org.apache.hadoop.http.lib.StaticUserWebFilter$StaticUserFilter) to context logs
2019-09-10 07:28:39,621 [main] INFO  http.HttpServer2 (HttpServer2.java:bindListener(1191)) - Jetty bound to port 32909
2019-09-10 07:28:39,622 [main] INFO  server.Server (Server.java:doStart(351)) - jetty-9.3.24.v20180605, build timestamp: 2018-06-05T17:11:56Z, git hash: 84205aa28f11a4f31f2a3b86d1bba2cc8ab69827
2019-09-10 07:28:39,623 [main] INFO  handler.ContextHandler (ContextHandler.java:doStart(781)) - Started o.e.j.s.ServletContextHandler@cf933b1{/logs,file:///workdir/hadoop-ozone/integration-test/target/log,AVAILABLE}
2019-09-10 07:28:39,623 [main] INFO  handler.ContextHandler (ContextHandler.java:doStart(781)) - Started o.e.j.s.ServletContextHandler@1a5ea4cf{/static,jar:file:/home/user/.m2/repository/org/apache/hadoop/hadoop-hdds-container-service/0.5.0-SNAPSHOT/hadoop-hdds-container-service-0.5.0-SNAPSHOT.jar!/webapps/static,AVAILABLE}
2019-09-10 07:28:39,662 [main] INFO  handler.ContextHandler (ContextHandler.java:doStart(781)) - Started o.e.j.w.WebAppContext@7442be61{/,file:///tmp/jetty-0.0.0.0-32909-hddsDatanode-_-any-3204686318126861940.dir/webapp/,AVAILABLE}{/hddsDatanode}
2019-09-10 07:28:39,663 [main] INFO  server.AbstractConnector (AbstractConnector.java:doStart(278)) - Started ServerConnector@6903ef57{HTTP/1.1,[http/1.1]}{0.0.0.0:32909}
2019-09-10 07:28:39,663 [main] INFO  server.Server (Server.java:doStart(419)) - Started @533853ms
2019-09-10 07:28:39,665 [main] INFO  server.BaseHttpServer (BaseHttpServer.java:updateConnectorAddress(213)) - HTTP server of HDDSDATANODE is listening at http://0.0.0.0:32909
2019-09-10 07:28:40,148 | INFO  | ObjectStoreRestHttpServer | Listening HDDS REST traffic on /0.0.0.0:42957 |  
2019-09-10 07:28:40,148 [main] INFO  ozone.HddsDatanodeService (HddsDatanodeService.java:startPlugins(395)) - Started plug-in org.apache.hadoop.ozone.web.OzoneHddsDatanodeService@12504d49
2019-09-10 07:28:40,148 [main] INFO  impl.MetricsSystemImpl (MetricsSystemImpl.java:init(158)) - HddsDatanode metrics system started (again)
2019-09-10 07:28:40,153 [main] INFO  ozone.HddsDatanodeService (HddsDatanodeService.java:start(184)) - HddsDatanodeService host:pr-hdds-2089-qxm8x-943445694 ip:192.168.34.25
2019-09-10 07:28:40,153 [org.apache.hadoop.util.JvmPauseMonitor$Monitor@4ccbbb1f] INFO  util.JvmPauseMonitor (JvmPauseMonitor.java:run(188)) - Starting JVM pause monitor
2019-09-10 07:28:40,155 [Datanode State Machine Thread - 0] INFO  datanode.InitDatanodeState (InitDatanodeState.java:persistContainerDatanodeDetails(140)) - DatanodeDetails is persisted to /workdir/hadoop-ozone/integration-test/target/test-dir/MiniOzoneClusterImpl-86be06f9-0c34-41f8-bcfc-872cf9ac1776/datanode-3/meta/datanode.id
2019-09-10 07:28:40,164 [main] INFO  volume.HddsVolume (HddsVolume.java:<init>(176)) - Creating Volume: /workdir/hadoop-ozone/integration-test/target/test-dir/MiniOzoneClusterImpl-86be06f9-0c34-41f8-bcfc-872cf9ac1776/datanode-4/data/containers/hdds of  storage type : DISK and capacity : 1482555576320
2019-09-10 07:28:40,164 [main] INFO  volume.VolumeSet (VolumeSet.java:initializeVolumeSet(170)) - Added Volume : /workdir/hadoop-ozone/integration-test/target/test-dir/MiniOzoneClusterImpl-86be06f9-0c34-41f8-bcfc-872cf9ac1776/datanode-4/data/containers/hdds to VolumeSet
2019-09-10 07:28:40,164 [main] INFO  volume.ThrottledAsyncChecker (ThrottledAsyncChecker.java:schedule(140)) - Scheduling a check for org.apache.hadoop.ozone.container.common.volume.HddsVolume@35fd987b
2019-09-10 07:28:40,165 [main] INFO  volume.HddsVolumeChecker (HddsVolumeChecker.java:checkAllVolumes(203)) - Scheduled health check for volume org.apache.hadoop.ozone.container.common.volume.HddsVolume@35fd987b
2019-09-10 07:28:40,180 [main] INFO  impl.RaftServerProxy (ConfUtils.java:logGet(43)) - raft.rpc.type = GRPC (default)
2019-09-10 07:28:40,180 [main] INFO  grpc.GrpcFactory (GrpcFactory.java:checkPooledByteBufAllocatorUseCacheForAllThreads(45)) - PERFORMANCE WARNING: useCacheForAllThreads is true that may cause Netty to create a lot garbage objects and, as a result, trigger GC.
	It is recommended to disable useCacheForAllThreads by setting -Dorg.apache.ratis.thirdparty.io.netty.allocator.useCacheForAllThreads=false in command line.
2019-09-10 07:28:40,180 [main] INFO  grpc.GrpcConfigKeys$Server (ConfUtils.java:logGet(43)) - raft.grpc.server.port = 0 (default)
2019-09-10 07:28:40,180 [main] INFO  server.GrpcService (ConfUtils.java:logGet(43)) - raft.grpc.message.size.max = 33570816 (custom)
2019-09-10 07:28:40,180 [main] INFO  server.RaftServerConfigKeys (ConfUtils.java:logGet(43)) - raft.server.log.appender.buffer.byte-limit = 33554432 (custom)
2019-09-10 07:28:40,181 [main] INFO  server.GrpcService (ConfUtils.java:logGet(43)) - raft.grpc.flow.control.window = 1MB (=1048576) (default)
2019-09-10 07:28:40,181 [main] INFO  server.RaftServerConfigKeys (ConfUtils.java:logGet(43)) - raft.server.rpc.request.timeout = 3000ms (default)
2019-09-10 07:28:40,181 [main] INFO  server.RaftServerConfigKeys (ConfUtils.java:logGet(43)) - raft.server.storage.dir = [/workdir/hadoop-ozone/integration-test/target/test-dir/MiniOzoneClusterImpl-86be06f9-0c34-41f8-bcfc-872cf9ac1776/datanode-4/data/ratis] (custom)
2019-09-10 07:28:40,182 [main] INFO  replication.SimpleContainerDownloader (SimpleContainerDownloader.java:<init>(72)) - Starting container downloader service to copy containers to replicate.
2019-09-10 07:28:40,183 [main] INFO  hdfs.DFSUtil (DFSUtil.java:httpServerTemplateForNNAndJN(1641)) - Starting Web-server for hddsDatanode at: http://0.0.0.0:0
2019-09-10 07:28:40,184 [main] INFO  server.AuthenticationFilter (AuthenticationFilter.java:constructSecretProvider(240)) - Unable to initialize FileSignerSecretProvider, falling back to use random secrets.
2019-09-10 07:28:40,185 [main] WARN  http.HttpRequestLog (HttpRequestLog.java:getRequestLog(97)) - Jetty request log can only be enabled using Log4j
2019-09-10 07:28:40,186 [main] INFO  http.HttpServer2 (HttpServer2.java:addGlobalFilter(975)) - Added global filter 'safety' (class=org.apache.hadoop.http.HttpServer2$QuotingInputFilter)
2019-09-10 07:28:40,186 [main] INFO  http.HttpServer2 (HttpServer2.java:addFilter(948)) - Added filter static_user_filter (class=org.apache.hadoop.http.lib.StaticUserWebFilter$StaticUserFilter) to context hddsDatanode
2019-09-10 07:28:40,186 [main] INFO  http.HttpServer2 (HttpServer2.java:addFilter(958)) - Added filter static_user_filter (class=org.apache.hadoop.http.lib.StaticUserWebFilter$StaticUserFilter) to context static
2019-09-10 07:28:40,186 [main] INFO  http.HttpServer2 (HttpServer2.java:addFilter(958)) - Added filter static_user_filter (class=org.apache.hadoop.http.lib.StaticUserWebFilter$StaticUserFilter) to context logs
2019-09-10 07:28:40,187 [main] INFO  http.HttpServer2 (HttpServer2.java:bindListener(1191)) - Jetty bound to port 42791
2019-09-10 07:28:40,187 [main] INFO  server.Server (Server.java:doStart(351)) - jetty-9.3.24.v20180605, build timestamp: 2018-06-05T17:11:56Z, git hash: 84205aa28f11a4f31f2a3b86d1bba2cc8ab69827
2019-09-10 07:28:40,189 [main] INFO  handler.ContextHandler (ContextHandler.java:doStart(781)) - Started o.e.j.s.ServletContextHandler@1fcef7{/logs,file:///workdir/hadoop-ozone/integration-test/target/log,AVAILABLE}
2019-09-10 07:28:40,189 [main] INFO  handler.ContextHandler (ContextHandler.java:doStart(781)) - Started o.e.j.s.ServletContextHandler@236a6a2a{/static,jar:file:/home/user/.m2/repository/org/apache/hadoop/hadoop-hdds-container-service/0.5.0-SNAPSHOT/hadoop-hdds-container-service-0.5.0-SNAPSHOT.jar!/webapps/static,AVAILABLE}
2019-09-10 07:28:40,216 [main] INFO  handler.ContextHandler (ContextHandler.java:doStart(781)) - Started o.e.j.w.WebAppContext@49c3487f{/,file:///tmp/jetty-0.0.0.0-42791-hddsDatanode-_-any-8367315968516221666.dir/webapp/,AVAILABLE}{/hddsDatanode}
2019-09-10 07:28:40,216 [main] INFO  server.AbstractConnector (AbstractConnector.java:doStart(278)) - Started ServerConnector@1e6a8d01{HTTP/1.1,[http/1.1]}{0.0.0.0:42791}
2019-09-10 07:28:40,217 [main] INFO  server.Server (Server.java:doStart(419)) - Started @534407ms
2019-09-10 07:28:40,218 [main] INFO  server.BaseHttpServer (BaseHttpServer.java:updateConnectorAddress(213)) - HTTP server of HDDSDATANODE is listening at http://0.0.0.0:42791
2019-09-10 07:28:40,336 | INFO  | ObjectStoreRestHttpServer | Listening HDDS REST traffic on /0.0.0.0:45574 |  
2019-09-10 07:28:40,336 [main] INFO  ozone.HddsDatanodeService (HddsDatanodeService.java:startPlugins(395)) - Started plug-in org.apache.hadoop.ozone.web.OzoneHddsDatanodeService@30407f28
2019-09-10 07:28:40,337 [main] INFO  impl.MetricsSystemImpl (MetricsSystemImpl.java:init(158)) - HddsDatanode metrics system started (again)
2019-09-10 07:28:40,340 [main] INFO  ozone.HddsDatanodeService (HddsDatanodeService.java:start(184)) - HddsDatanodeService host:pr-hdds-2089-qxm8x-943445694 ip:192.168.34.25
2019-09-10 07:28:40,340 [org.apache.hadoop.util.JvmPauseMonitor$Monitor@7cfde2f4] INFO  util.JvmPauseMonitor (JvmPauseMonitor.java:run(188)) - Starting JVM pause monitor
2019-09-10 07:28:40,342 [Datanode State Machine Thread - 0] INFO  datanode.InitDatanodeState (InitDatanodeState.java:persistContainerDatanodeDetails(140)) - DatanodeDetails is persisted to /workdir/hadoop-ozone/integration-test/target/test-dir/MiniOzoneClusterImpl-86be06f9-0c34-41f8-bcfc-872cf9ac1776/datanode-4/meta/datanode.id
2019-09-10 07:28:40,352 [main] INFO  volume.HddsVolume (HddsVolume.java:<init>(176)) - Creating Volume: /workdir/hadoop-ozone/integration-test/target/test-dir/MiniOzoneClusterImpl-86be06f9-0c34-41f8-bcfc-872cf9ac1776/datanode-5/data/containers/hdds of  storage type : DISK and capacity : 1482555576320
2019-09-10 07:28:40,352 [main] INFO  volume.VolumeSet (VolumeSet.java:initializeVolumeSet(170)) - Added Volume : /workdir/hadoop-ozone/integration-test/target/test-dir/MiniOzoneClusterImpl-86be06f9-0c34-41f8-bcfc-872cf9ac1776/datanode-5/data/containers/hdds to VolumeSet
2019-09-10 07:28:40,353 [main] INFO  volume.ThrottledAsyncChecker (ThrottledAsyncChecker.java:schedule(140)) - Scheduling a check for org.apache.hadoop.ozone.container.common.volume.HddsVolume@340f4723
2019-09-10 07:28:40,353 [main] INFO  volume.HddsVolumeChecker (HddsVolumeChecker.java:checkAllVolumes(203)) - Scheduled health check for volume org.apache.hadoop.ozone.container.common.volume.HddsVolume@340f4723
2019-09-10 07:28:40,372 [main] INFO  impl.RaftServerProxy (ConfUtils.java:logGet(43)) - raft.rpc.type = GRPC (default)
2019-09-10 07:28:40,372 [main] INFO  grpc.GrpcFactory (GrpcFactory.java:checkPooledByteBufAllocatorUseCacheForAllThreads(45)) - PERFORMANCE WARNING: useCacheForAllThreads is true that may cause Netty to create a lot garbage objects and, as a result, trigger GC.
	It is recommended to disable useCacheForAllThreads by setting -Dorg.apache.ratis.thirdparty.io.netty.allocator.useCacheForAllThreads=false in command line.
2019-09-10 07:28:40,373 [main] INFO  grpc.GrpcConfigKeys$Server (ConfUtils.java:logGet(43)) - raft.grpc.server.port = 0 (default)
2019-09-10 07:28:40,373 [main] INFO  server.GrpcService (ConfUtils.java:logGet(43)) - raft.grpc.message.size.max = 33570816 (custom)
2019-09-10 07:28:40,373 [main] INFO  server.RaftServerConfigKeys (ConfUtils.java:logGet(43)) - raft.server.log.appender.buffer.byte-limit = 33554432 (custom)
2019-09-10 07:28:40,373 [main] INFO  server.GrpcService (ConfUtils.java:logGet(43)) - raft.grpc.flow.control.window = 1MB (=1048576) (default)
2019-09-10 07:28:40,373 [main] INFO  server.RaftServerConfigKeys (ConfUtils.java:logGet(43)) - raft.server.rpc.request.timeout = 3000ms (default)
2019-09-10 07:28:40,374 [main] INFO  server.RaftServerConfigKeys (ConfUtils.java:logGet(43)) - raft.server.storage.dir = [/workdir/hadoop-ozone/integration-test/target/test-dir/MiniOzoneClusterImpl-86be06f9-0c34-41f8-bcfc-872cf9ac1776/datanode-5/data/ratis] (custom)
2019-09-10 07:28:40,375 [main] INFO  replication.SimpleContainerDownloader (SimpleContainerDownloader.java:<init>(72)) - Starting container downloader service to copy containers to replicate.
2019-09-10 07:28:40,376 [main] INFO  hdfs.DFSUtil (DFSUtil.java:httpServerTemplateForNNAndJN(1641)) - Starting Web-server for hddsDatanode at: http://0.0.0.0:0
2019-09-10 07:28:40,377 [main] INFO  server.AuthenticationFilter (AuthenticationFilter.java:constructSecretProvider(240)) - Unable to initialize FileSignerSecretProvider, falling back to use random secrets.
2019-09-10 07:28:40,377 [main] WARN  http.HttpRequestLog (HttpRequestLog.java:getRequestLog(97)) - Jetty request log can only be enabled using Log4j
2019-09-10 07:28:40,378 [main] INFO  http.HttpServer2 (HttpServer2.java:addGlobalFilter(975)) - Added global filter 'safety' (class=org.apache.hadoop.http.HttpServer2$QuotingInputFilter)
2019-09-10 07:28:40,379 [main] INFO  http.HttpServer2 (HttpServer2.java:addFilter(948)) - Added filter static_user_filter (class=org.apache.hadoop.http.lib.StaticUserWebFilter$StaticUserFilter) to context hddsDatanode
2019-09-10 07:28:40,379 [main] INFO  http.HttpServer2 (HttpServer2.java:addFilter(958)) - Added filter static_user_filter (class=org.apache.hadoop.http.lib.StaticUserWebFilter$StaticUserFilter) to context static
2019-09-10 07:28:40,379 [main] INFO  http.HttpServer2 (HttpServer2.java:addFilter(958)) - Added filter static_user_filter (class=org.apache.hadoop.http.lib.StaticUserWebFilter$StaticUserFilter) to context logs
2019-09-10 07:28:40,380 [main] INFO  http.HttpServer2 (HttpServer2.java:bindListener(1191)) - Jetty bound to port 44212
2019-09-10 07:28:40,380 [main] INFO  server.Server (Server.java:doStart(351)) - jetty-9.3.24.v20180605, build timestamp: 2018-06-05T17:11:56Z, git hash: 84205aa28f11a4f31f2a3b86d1bba2cc8ab69827
2019-09-10 07:28:40,381 [main] INFO  handler.ContextHandler (ContextHandler.java:doStart(781)) - Started o.e.j.s.ServletContextHandler@4951dc8c{/logs,file:///workdir/hadoop-ozone/integration-test/target/log,AVAILABLE}
2019-09-10 07:28:40,382 [main] INFO  handler.ContextHandler (ContextHandler.java:doStart(781)) - Started o.e.j.s.ServletContextHandler@34c21c34{/static,jar:file:/home/user/.m2/repository/org/apache/hadoop/hadoop-hdds-container-service/0.5.0-SNAPSHOT/hadoop-hdds-container-service-0.5.0-SNAPSHOT.jar!/webapps/static,AVAILABLE}
2019-09-10 07:28:40,409 [main] INFO  handler.ContextHandler (ContextHandler.java:doStart(781)) - Started o.e.j.w.WebAppContext@3dc976da{/,file:///tmp/jetty-0.0.0.0-44212-hddsDatanode-_-any-5226769957459466080.dir/webapp/,AVAILABLE}{/hddsDatanode}
2019-09-10 07:28:40,409 [main] INFO  server.AbstractConnector (AbstractConnector.java:doStart(278)) - Started ServerConnector@5e79bdf6{HTTP/1.1,[http/1.1]}{0.0.0.0:44212}
2019-09-10 07:28:40,411 [main] INFO  server.Server (Server.java:doStart(419)) - Started @534601ms
2019-09-10 07:28:40,411 [main] INFO  server.BaseHttpServer (BaseHttpServer.java:updateConnectorAddress(213)) - HTTP server of HDDSDATANODE is listening at http://0.0.0.0:44212
2019-09-10 07:28:40,532 | INFO  | ObjectStoreRestHttpServer | Listening HDDS REST traffic on /0.0.0.0:38554 |  
2019-09-10 07:28:40,532 [main] INFO  ozone.HddsDatanodeService (HddsDatanodeService.java:startPlugins(395)) - Started plug-in org.apache.hadoop.ozone.web.OzoneHddsDatanodeService@42130a5c
2019-09-10 07:28:40,533 [main] INFO  impl.MetricsSystemImpl (MetricsSystemImpl.java:init(158)) - HddsDatanode metrics system started (again)
2019-09-10 07:28:40,537 [org.apache.hadoop.util.JvmPauseMonitor$Monitor@51eb9271] INFO  util.JvmPauseMonitor (JvmPauseMonitor.java:run(188)) - Starting JVM pause monitor
2019-09-10 07:28:40,537 [main] INFO  ozone.HddsDatanodeService (HddsDatanodeService.java:start(184)) - HddsDatanodeService host:pr-hdds-2089-qxm8x-943445694 ip:192.168.34.25
2019-09-10 07:28:40,540 [Datanode State Machine Thread - 0] INFO  datanode.InitDatanodeState (InitDatanodeState.java:persistContainerDatanodeDetails(140)) - DatanodeDetails is persisted to /workdir/hadoop-ozone/integration-test/target/test-dir/MiniOzoneClusterImpl-86be06f9-0c34-41f8-bcfc-872cf9ac1776/datanode-5/meta/datanode.id
2019-09-10 07:28:40,549 [main] INFO  volume.HddsVolume (HddsVolume.java:<init>(176)) - Creating Volume: /workdir/hadoop-ozone/integration-test/target/test-dir/MiniOzoneClusterImpl-86be06f9-0c34-41f8-bcfc-872cf9ac1776/datanode-6/data/containers/hdds of  storage type : DISK and capacity : 1482555576320
2019-09-10 07:28:40,549 [main] INFO  volume.VolumeSet (VolumeSet.java:initializeVolumeSet(170)) - Added Volume : /workdir/hadoop-ozone/integration-test/target/test-dir/MiniOzoneClusterImpl-86be06f9-0c34-41f8-bcfc-872cf9ac1776/datanode-6/data/containers/hdds to VolumeSet
2019-09-10 07:28:40,549 [main] INFO  volume.ThrottledAsyncChecker (ThrottledAsyncChecker.java:schedule(140)) - Scheduling a check for org.apache.hadoop.ozone.container.common.volume.HddsVolume@52aa84ef
2019-09-10 07:28:40,550 [main] INFO  volume.HddsVolumeChecker (HddsVolumeChecker.java:checkAllVolumes(203)) - Scheduled health check for volume org.apache.hadoop.ozone.container.common.volume.HddsVolume@52aa84ef
2019-09-10 07:28:40,566 [main] INFO  impl.RaftServerProxy (ConfUtils.java:logGet(43)) - raft.rpc.type = GRPC (default)
2019-09-10 07:28:40,566 [main] INFO  grpc.GrpcFactory (GrpcFactory.java:checkPooledByteBufAllocatorUseCacheForAllThreads(45)) - PERFORMANCE WARNING: useCacheForAllThreads is true that may cause Netty to create a lot garbage objects and, as a result, trigger GC.
	It is recommended to disable useCacheForAllThreads by setting -Dorg.apache.ratis.thirdparty.io.netty.allocator.useCacheForAllThreads=false in command line.
2019-09-10 07:28:40,567 [main] INFO  grpc.GrpcConfigKeys$Server (ConfUtils.java:logGet(43)) - raft.grpc.server.port = 0 (default)
2019-09-10 07:28:40,567 [main] INFO  server.GrpcService (ConfUtils.java:logGet(43)) - raft.grpc.message.size.max = 33570816 (custom)
2019-09-10 07:28:40,567 [main] INFO  server.RaftServerConfigKeys (ConfUtils.java:logGet(43)) - raft.server.log.appender.buffer.byte-limit = 33554432 (custom)
2019-09-10 07:28:40,567 [main] INFO  server.GrpcService (ConfUtils.java:logGet(43)) - raft.grpc.flow.control.window = 1MB (=1048576) (default)
2019-09-10 07:28:40,567 [main] INFO  server.RaftServerConfigKeys (ConfUtils.java:logGet(43)) - raft.server.rpc.request.timeout = 3000ms (default)
2019-09-10 07:28:40,568 [main] INFO  server.RaftServerConfigKeys (ConfUtils.java:logGet(43)) - raft.server.storage.dir = [/workdir/hadoop-ozone/integration-test/target/test-dir/MiniOzoneClusterImpl-86be06f9-0c34-41f8-bcfc-872cf9ac1776/datanode-6/data/ratis] (custom)
2019-09-10 07:28:40,568 [main] INFO  replication.SimpleContainerDownloader (SimpleContainerDownloader.java:<init>(72)) - Starting container downloader service to copy containers to replicate.
2019-09-10 07:28:40,569 [main] INFO  hdfs.DFSUtil (DFSUtil.java:httpServerTemplateForNNAndJN(1641)) - Starting Web-server for hddsDatanode at: http://0.0.0.0:0
2019-09-10 07:28:40,571 [main] INFO  server.AuthenticationFilter (AuthenticationFilter.java:constructSecretProvider(240)) - Unable to initialize FileSignerSecretProvider, falling back to use random secrets.
2019-09-10 07:28:40,572 [main] WARN  http.HttpRequestLog (HttpRequestLog.java:getRequestLog(97)) - Jetty request log can only be enabled using Log4j
2019-09-10 07:28:40,573 [main] INFO  http.HttpServer2 (HttpServer2.java:addGlobalFilter(975)) - Added global filter 'safety' (class=org.apache.hadoop.http.HttpServer2$QuotingInputFilter)
2019-09-10 07:28:40,574 [main] INFO  http.HttpServer2 (HttpServer2.java:addFilter(948)) - Added filter static_user_filter (class=org.apache.hadoop.http.lib.StaticUserWebFilter$StaticUserFilter) to context hddsDatanode
2019-09-10 07:28:40,574 [main] INFO  http.HttpServer2 (HttpServer2.java:addFilter(958)) - Added filter static_user_filter (class=org.apache.hadoop.http.lib.StaticUserWebFilter$StaticUserFilter) to context static
2019-09-10 07:28:40,574 [main] INFO  http.HttpServer2 (HttpServer2.java:addFilter(958)) - Added filter static_user_filter (class=org.apache.hadoop.http.lib.StaticUserWebFilter$StaticUserFilter) to context logs
2019-09-10 07:28:40,574 [main] INFO  http.HttpServer2 (HttpServer2.java:bindListener(1191)) - Jetty bound to port 41540
2019-09-10 07:28:40,575 [main] INFO  server.Server (Server.java:doStart(351)) - jetty-9.3.24.v20180605, build timestamp: 2018-06-05T17:11:56Z, git hash: 84205aa28f11a4f31f2a3b86d1bba2cc8ab69827
2019-09-10 07:28:40,577 [main] INFO  handler.ContextHandler (ContextHandler.java:doStart(781)) - Started o.e.j.s.ServletContextHandler@7f0b32c0{/logs,file:///workdir/hadoop-ozone/integration-test/target/log,AVAILABLE}
2019-09-10 07:28:40,577 [main] INFO  handler.ContextHandler (ContextHandler.java:doStart(781)) - Started o.e.j.s.ServletContextHandler@65067d90{/static,jar:file:/home/user/.m2/repository/org/apache/hadoop/hadoop-hdds-container-service/0.5.0-SNAPSHOT/hadoop-hdds-container-service-0.5.0-SNAPSHOT.jar!/webapps/static,AVAILABLE}
2019-09-10 07:28:40,605 [main] INFO  handler.ContextHandler (ContextHandler.java:doStart(781)) - Started o.e.j.w.WebAppContext@438fcca3{/,file:///tmp/jetty-0.0.0.0-41540-hddsDatanode-_-any-3458258682963935698.dir/webapp/,AVAILABLE}{/hddsDatanode}
2019-09-10 07:28:40,605 [main] INFO  server.AbstractConnector (AbstractConnector.java:doStart(278)) - Started ServerConnector@41c7ef69{HTTP/1.1,[http/1.1]}{0.0.0.0:41540}
2019-09-10 07:28:40,605 [main] INFO  server.Server (Server.java:doStart(419)) - Started @534795ms
2019-09-10 07:28:40,611 [main] INFO  server.BaseHttpServer (BaseHttpServer.java:updateConnectorAddress(213)) - HTTP server of HDDSDATANODE is listening at http://0.0.0.0:41540
2019-09-10 07:28:40,726 | INFO  | ObjectStoreRestHttpServer | Listening HDDS REST traffic on /0.0.0.0:46474 |  
2019-09-10 07:28:40,726 [main] INFO  ozone.HddsDatanodeService (HddsDatanodeService.java:startPlugins(395)) - Started plug-in org.apache.hadoop.ozone.web.OzoneHddsDatanodeService@3f679ce
2019-09-10 07:28:40,727 [main] INFO  ozone.MiniOzoneClusterImpl (MiniOzoneClusterImpl.java:lambda$waitForClusterToBeReady$0(142)) - Waiting for cluster to be ready. Got 0 of 7 DN Heartbeats.
2019-09-10 07:28:40,728 [org.apache.hadoop.util.JvmPauseMonitor$Monitor@55d2db14] INFO  util.JvmPauseMonitor (JvmPauseMonitor.java:run(188)) - Starting JVM pause monitor
2019-09-10 07:28:40,729 [Datanode State Machine Thread - 0] INFO  datanode.InitDatanodeState (InitDatanodeState.java:persistContainerDatanodeDetails(140)) - DatanodeDetails is persisted to /workdir/hadoop-ozone/integration-test/target/test-dir/MiniOzoneClusterImpl-86be06f9-0c34-41f8-bcfc-872cf9ac1776/datanode-6/meta/datanode.id
2019-09-10 07:28:41,217 | INFO  | SCMAudit | user=jenkins1000 | ip=192.168.34.25 | op=GET_VERSION null | ret=SUCCESS |  
2019-09-10 07:28:41,251 [Datanode State Machine Thread - 0] INFO  ozoneimpl.OzoneContainer (OzoneContainer.java:start(186)) - Attempting to start container services.
2019-09-10 07:28:41,252 [Datanode State Machine Thread - 0] INFO  ozoneimpl.OzoneContainer (OzoneContainer.java:startContainerScrub(160)) - Background container scrubber has been disabled by hdds.containerscrub.enabled
2019-09-10 07:28:41,252 [Datanode State Machine Thread - 0] INFO  ratis.XceiverServerRatis (XceiverServerRatis.java:start(404)) - Starting XceiverServerRatis 46af15eb-d7a1-4298-86d8-4efe8ccbe229 at port 0
2019-09-10 07:28:41,262 [Datanode State Machine Thread - 0] INFO  impl.RaftServerProxy (RaftServerProxy.java:lambda$start$3(299)) - 46af15eb-d7a1-4298-86d8-4efe8ccbe229: start RPC server
2019-09-10 07:28:41,264 [Datanode State Machine Thread - 0] INFO  server.GrpcService (GrpcService.java:startImpl(149)) - 46af15eb-d7a1-4298-86d8-4efe8ccbe229: GrpcService started, listening on 0.0.0.0/0.0.0.0:44298
2019-09-10 07:28:41,265 [Datanode State Machine Thread - 0] INFO  ratis.XceiverServerRatis (XceiverServerRatis.java:start(414)) - XceiverServerRatis 46af15eb-d7a1-4298-86d8-4efe8ccbe229 is started using port 44298
2019-09-10 07:28:41,265 [Datanode State Machine Thread - 0] INFO  server.XceiverServerGrpc (XceiverServerGrpc.java:start(163)) - XceiverServerGrpc 46af15eb-d7a1-4298-86d8-4efe8ccbe229 is started using port 45073
2019-09-10 07:28:41,401 | INFO  | SCMAudit | user=jenkins1000 | ip=192.168.34.25 | op=GET_VERSION null | ret=SUCCESS |  
2019-09-10 07:28:41,428 [Datanode State Machine Thread - 0] INFO  ozoneimpl.OzoneContainer (OzoneContainer.java:start(186)) - Attempting to start container services.
2019-09-10 07:28:41,429 [Datanode State Machine Thread - 0] INFO  ozoneimpl.OzoneContainer (OzoneContainer.java:startContainerScrub(160)) - Background container scrubber has been disabled by hdds.containerscrub.enabled
2019-09-10 07:28:41,429 [Datanode State Machine Thread - 0] INFO  ratis.XceiverServerRatis (XceiverServerRatis.java:start(404)) - Starting XceiverServerRatis 1534d603-c8f3-4faf-8d7a-731d484c1a61 at port 0
2019-09-10 07:28:41,438 [Datanode State Machine Thread - 0] INFO  impl.RaftServerProxy (RaftServerProxy.java:lambda$start$3(299)) - 1534d603-c8f3-4faf-8d7a-731d484c1a61: start RPC server
2019-09-10 07:28:41,439 [Datanode State Machine Thread - 0] INFO  server.GrpcService (GrpcService.java:startImpl(149)) - 1534d603-c8f3-4faf-8d7a-731d484c1a61: GrpcService started, listening on 0.0.0.0/0.0.0.0:37346
2019-09-10 07:28:41,439 [Datanode State Machine Thread - 0] INFO  ratis.XceiverServerRatis (XceiverServerRatis.java:start(414)) - XceiverServerRatis 1534d603-c8f3-4faf-8d7a-731d484c1a61 is started using port 37346
2019-09-10 07:28:41,441 [Datanode State Machine Thread - 0] INFO  server.XceiverServerGrpc (XceiverServerGrpc.java:start(163)) - XceiverServerGrpc 1534d603-c8f3-4faf-8d7a-731d484c1a61 is started using port 42375
2019-09-10 07:28:41,581 | INFO  | SCMAudit | user=jenkins1000 | ip=192.168.34.25 | op=GET_VERSION null | ret=SUCCESS |  
2019-09-10 07:28:41,606 [Datanode State Machine Thread - 0] INFO  ozoneimpl.OzoneContainer (OzoneContainer.java:start(186)) - Attempting to start container services.
2019-09-10 07:28:41,606 [Datanode State Machine Thread - 0] INFO  ozoneimpl.OzoneContainer (OzoneContainer.java:startContainerScrub(160)) - Background container scrubber has been disabled by hdds.containerscrub.enabled
2019-09-10 07:28:41,607 [Datanode State Machine Thread - 0] INFO  ratis.XceiverServerRatis (XceiverServerRatis.java:start(404)) - Starting XceiverServerRatis 4e051fbd-0f49-4b75-88cf-14abc2ce29e2 at port 0
2019-09-10 07:28:41,617 [Datanode State Machine Thread - 0] INFO  impl.RaftServerProxy (RaftServerProxy.java:lambda$start$3(299)) - 4e051fbd-0f49-4b75-88cf-14abc2ce29e2: start RPC server
2019-09-10 07:28:41,620 [Datanode State Machine Thread - 0] INFO  server.GrpcService (GrpcService.java:startImpl(149)) - 4e051fbd-0f49-4b75-88cf-14abc2ce29e2: GrpcService started, listening on 0.0.0.0/0.0.0.0:42243
2019-09-10 07:28:41,620 [Datanode State Machine Thread - 0] INFO  ratis.XceiverServerRatis (XceiverServerRatis.java:start(414)) - XceiverServerRatis 4e051fbd-0f49-4b75-88cf-14abc2ce29e2 is started using port 42243
2019-09-10 07:28:41,622 [Datanode State Machine Thread - 0] INFO  server.XceiverServerGrpc (XceiverServerGrpc.java:start(163)) - XceiverServerGrpc 4e051fbd-0f49-4b75-88cf-14abc2ce29e2 is started using port 43347
2019-09-10 07:28:41,727 [main] INFO  ozone.MiniOzoneClusterImpl (MiniOzoneClusterImpl.java:lambda$waitForClusterToBeReady$0(142)) - Waiting for cluster to be ready. Got 0 of 7 DN Heartbeats.
2019-09-10 07:28:42,154 | INFO  | SCMAudit | user=jenkins1000 | ip=192.168.34.25 | op=GET_VERSION null | ret=SUCCESS |  
2019-09-10 07:28:42,168 [Datanode State Machine Thread - 0] INFO  ozoneimpl.OzoneContainer (OzoneContainer.java:start(186)) - Attempting to start container services.
2019-09-10 07:28:42,168 [Datanode State Machine Thread - 0] INFO  ozoneimpl.OzoneContainer (OzoneContainer.java:startContainerScrub(160)) - Background container scrubber has been disabled by hdds.containerscrub.enabled
2019-09-10 07:28:42,168 [Datanode State Machine Thread - 0] INFO  ratis.XceiverServerRatis (XceiverServerRatis.java:start(404)) - Starting XceiverServerRatis 7759a663-c43f-45c5-8beb-3587a0125019 at port 0
2019-09-10 07:28:42,176 [Datanode State Machine Thread - 0] INFO  impl.RaftServerProxy (RaftServerProxy.java:lambda$start$3(299)) - 7759a663-c43f-45c5-8beb-3587a0125019: start RPC server
2019-09-10 07:28:42,177 [Datanode State Machine Thread - 0] INFO  server.GrpcService (GrpcService.java:startImpl(149)) - 7759a663-c43f-45c5-8beb-3587a0125019: GrpcService started, listening on 0.0.0.0/0.0.0.0:36160
2019-09-10 07:28:42,177 [Datanode State Machine Thread - 0] INFO  ratis.XceiverServerRatis (XceiverServerRatis.java:start(414)) - XceiverServerRatis 7759a663-c43f-45c5-8beb-3587a0125019 is started using port 36160
2019-09-10 07:28:42,177 [Datanode State Machine Thread - 0] INFO  server.XceiverServerGrpc (XceiverServerGrpc.java:start(163)) - XceiverServerGrpc 7759a663-c43f-45c5-8beb-3587a0125019 is started using port 40160
2019-09-10 07:28:42,342 | INFO  | SCMAudit | user=jenkins1000 | ip=192.168.34.25 | op=GET_VERSION null | ret=SUCCESS |  
2019-09-10 07:28:42,355 [Datanode State Machine Thread - 0] INFO  ozoneimpl.OzoneContainer (OzoneContainer.java:start(186)) - Attempting to start container services.
2019-09-10 07:28:42,355 [Datanode State Machine Thread - 0] INFO  ozoneimpl.OzoneContainer (OzoneContainer.java:startContainerScrub(160)) - Background container scrubber has been disabled by hdds.containerscrub.enabled
2019-09-10 07:28:42,356 [Datanode State Machine Thread - 0] INFO  ratis.XceiverServerRatis (XceiverServerRatis.java:start(404)) - Starting XceiverServerRatis 667758b7-f0cf-4654-9947-4f8e7cab0e1a at port 0
2019-09-10 07:28:42,364 [Datanode State Machine Thread - 0] INFO  impl.RaftServerProxy (RaftServerProxy.java:lambda$start$3(299)) - 667758b7-f0cf-4654-9947-4f8e7cab0e1a: start RPC server
2019-09-10 07:28:42,365 [Datanode State Machine Thread - 0] INFO  server.GrpcService (GrpcService.java:startImpl(149)) - 667758b7-f0cf-4654-9947-4f8e7cab0e1a: GrpcService started, listening on 0.0.0.0/0.0.0.0:34273
2019-09-10 07:28:42,365 [Datanode State Machine Thread - 0] INFO  ratis.XceiverServerRatis (XceiverServerRatis.java:start(414)) - XceiverServerRatis 667758b7-f0cf-4654-9947-4f8e7cab0e1a is started using port 34273
2019-09-10 07:28:42,366 [Datanode State Machine Thread - 0] INFO  server.XceiverServerGrpc (XceiverServerGrpc.java:start(163)) - XceiverServerGrpc 667758b7-f0cf-4654-9947-4f8e7cab0e1a is started using port 42520
2019-09-10 07:28:42,538 | INFO  | SCMAudit | user=jenkins1000 | ip=192.168.34.25 | op=GET_VERSION null | ret=SUCCESS |  
2019-09-10 07:28:42,551 [Datanode State Machine Thread - 0] INFO  ozoneimpl.OzoneContainer (OzoneContainer.java:start(186)) - Attempting to start container services.
2019-09-10 07:28:42,551 [Datanode State Machine Thread - 0] INFO  ozoneimpl.OzoneContainer (OzoneContainer.java:startContainerScrub(160)) - Background container scrubber has been disabled by hdds.containerscrub.enabled
2019-09-10 07:28:42,552 [Datanode State Machine Thread - 0] INFO  ratis.XceiverServerRatis (XceiverServerRatis.java:start(404)) - Starting XceiverServerRatis 7b54fe2b-72fc-4fdb-b200-ca51888498dc at port 0
2019-09-10 07:28:42,560 [Datanode State Machine Thread - 0] INFO  impl.RaftServerProxy (RaftServerProxy.java:lambda$start$3(299)) - 7b54fe2b-72fc-4fdb-b200-ca51888498dc: start RPC server
2019-09-10 07:28:42,561 [Datanode State Machine Thread - 0] INFO  server.GrpcService (GrpcService.java:startImpl(149)) - 7b54fe2b-72fc-4fdb-b200-ca51888498dc: GrpcService started, listening on 0.0.0.0/0.0.0.0:43413
2019-09-10 07:28:42,561 [Datanode State Machine Thread - 0] INFO  ratis.XceiverServerRatis (XceiverServerRatis.java:start(414)) - XceiverServerRatis 7b54fe2b-72fc-4fdb-b200-ca51888498dc is started using port 43413
2019-09-10 07:28:42,561 [Datanode State Machine Thread - 0] INFO  server.XceiverServerGrpc (XceiverServerGrpc.java:start(163)) - XceiverServerGrpc 7b54fe2b-72fc-4fdb-b200-ca51888498dc is started using port 45852
2019-09-10 07:28:42,727 [main] INFO  ozone.MiniOzoneClusterImpl (MiniOzoneClusterImpl.java:lambda$waitForClusterToBeReady$0(142)) - Waiting for cluster to be ready. Got 0 of 7 DN Heartbeats.
2019-09-10 07:28:42,728 | INFO  | SCMAudit | user=jenkins1000 | ip=192.168.34.25 | op=GET_VERSION null | ret=SUCCESS |  
2019-09-10 07:28:42,743 [Datanode State Machine Thread - 0] INFO  ozoneimpl.OzoneContainer (OzoneContainer.java:start(186)) - Attempting to start container services.
2019-09-10 07:28:42,743 [Datanode State Machine Thread - 0] INFO  ozoneimpl.OzoneContainer (OzoneContainer.java:startContainerScrub(160)) - Background container scrubber has been disabled by hdds.containerscrub.enabled
2019-09-10 07:28:42,744 [Datanode State Machine Thread - 0] INFO  ratis.XceiverServerRatis (XceiverServerRatis.java:start(404)) - Starting XceiverServerRatis 4362c079-8fac-4550-ad10-f10303ad6b45 at port 0
2019-09-10 07:28:42,753 [Datanode State Machine Thread - 0] INFO  impl.RaftServerProxy (RaftServerProxy.java:lambda$start$3(299)) - 4362c079-8fac-4550-ad10-f10303ad6b45: start RPC server
2019-09-10 07:28:42,753 [Datanode State Machine Thread - 0] INFO  server.GrpcService (GrpcService.java:startImpl(149)) - 4362c079-8fac-4550-ad10-f10303ad6b45: GrpcService started, listening on 0.0.0.0/0.0.0.0:43589
2019-09-10 07:28:42,754 [Datanode State Machine Thread - 0] INFO  ratis.XceiverServerRatis (XceiverServerRatis.java:start(414)) - XceiverServerRatis 4362c079-8fac-4550-ad10-f10303ad6b45 is started using port 43589
2019-09-10 07:28:42,754 [Datanode State Machine Thread - 0] INFO  server.XceiverServerGrpc (XceiverServerGrpc.java:start(163)) - XceiverServerGrpc 4362c079-8fac-4550-ad10-f10303ad6b45 is started using port 33193
2019-09-10 07:28:43,215 [IPC Server handler 0 on 44335] INFO  net.NetworkTopology (NetworkTopologyImpl.java:add(110)) - Added a new node: /default-rack/46af15eb-d7a1-4298-86d8-4efe8ccbe229
2019-09-10 07:28:43,218 [IPC Server handler 0 on 44335] INFO  node.SCMNodeManager (SCMNodeManager.java:register(273)) - Registered Data node : 46af15eb-d7a1-4298-86d8-4efe8ccbe229{ip: 192.168.34.25, host: pr-hdds-2089-qxm8x-943445694, networkLocation: /default-rack, certSerialId: null}
2019-09-10 07:28:43,219 [EventQueue-NodeRegistrationContainerReportForDataNodeSafeModeRule] INFO  safemode.SCMSafeModeManager (DataNodeSafeModeRule.java:process(71)) - SCM in safe mode. 1 DataNodes registered, 1 required.
2019-09-10 07:28:43,219 | INFO  | SCMAudit | user=jenkins1000 | ip=192.168.34.25 | op=REGISTER {datanodeDetails=46af15eb-d7a1-4298-86d8-4efe8ccbe229{ip: 192.168.34.25, host: pr-hdds-2089-qxm8x-943445694, networkLocation: /default-rack, certSerialId: null}} | ret=SUCCESS |  
2019-09-10 07:28:43,221 [EventQueue-NodeRegistrationContainerReportForDataNodeSafeModeRule] INFO  safemode.SCMSafeModeManager (SCMSafeModeManager.java:validateSafeModeExitRules(177)) - ScmSafeModeManager, all rules are successfully validated
2019-09-10 07:28:43,221 [EventQueue-NodeRegistrationContainerReportForDataNodeSafeModeRule] INFO  safemode.SCMSafeModeManager (SCMSafeModeManager.java:exitSafeMode(193)) - SCM exiting safe mode.
2019-09-10 07:28:43,244 [grpc-default-executor-10] INFO  impl.RaftServerProxy (RaftServerProxy.java:addNew(89)) - 46af15eb-d7a1-4298-86d8-4efe8ccbe229: addNew group-31CB3276ABAD:[46af15eb-d7a1-4298-86d8-4efe8ccbe229:192.168.34.25:44298] returns group-31CB3276ABAD:java.util.concurrent.CompletableFuture@3b438dca[Not completed]
2019-09-10 07:28:43,246 [pool-439-thread-1] INFO  impl.RaftServerImpl (RaftServerImpl.java:<init>(93)) - 46af15eb-d7a1-4298-86d8-4efe8ccbe229: new RaftServerImpl for group-31CB3276ABAD:[46af15eb-d7a1-4298-86d8-4efe8ccbe229:192.168.34.25:44298] with ContainerStateMachine:uninitialized
2019-09-10 07:28:43,247 [pool-439-thread-1] INFO  server.RaftServerConfigKeys (ConfUtils.java:logGet(43)) - raft.server.rpc.timeout.min = 5s (custom)
2019-09-10 07:28:43,247 [pool-439-thread-1] INFO  server.RaftServerConfigKeys (ConfUtils.java:logGet(43)) - raft.server.rpc.timeout.max = 5200ms (custom)
2019-09-10 07:28:43,247 [pool-439-thread-1] INFO  server.RaftServerConfigKeys (ConfUtils.java:logGet(43)) - raft.server.rpcslowness.timeout = 120s (custom)
2019-09-10 07:28:43,247 [pool-439-thread-1] INFO  server.RaftServerConfigKeys (ConfUtils.java:logGet(43)) - raft.server.sleep.deviation.threshold = 300 (default)
2019-09-10 07:28:43,247 [pool-439-thread-1] INFO  server.RaftServerConfigKeys (ConfUtils.java:logGet(43)) - raft.server.log.appender.install.snapshot.enabled = false (custom)
2019-09-10 07:28:43,248 [pool-439-thread-1] INFO  impl.RaftServerImpl (ServerState.java:<init>(105)) - 46af15eb-d7a1-4298-86d8-4efe8ccbe229:group-31CB3276ABAD ConfigurationManager, init=-1: [46af15eb-d7a1-4298-86d8-4efe8ccbe229:192.168.34.25:44298], old=null, confs=<EMPTY_MAP>
2019-09-10 07:28:43,248 [pool-439-thread-1] INFO  server.RaftServerConfigKeys (ConfUtils.java:logGet(43)) - raft.server.storage.dir = [/workdir/hadoop-ozone/integration-test/target/test-dir/MiniOzoneClusterImpl-86be06f9-0c34-41f8-bcfc-872cf9ac1776/datanode-0/data/ratis] (custom)
2019-09-10 07:28:43,248 [pool-439-thread-1] INFO  storage.RaftStorageDirectory (RaftStorageDirectory.java:analyzeStorage(246)) - The storage directory /workdir/hadoop-ozone/integration-test/target/test-dir/MiniOzoneClusterImpl-86be06f9-0c34-41f8-bcfc-872cf9ac1776/datanode-0/data/ratis/4f2d03b3-0cb1-437f-95fe-31cb3276abad does not exist. Creating ...
2019-09-10 07:28:43,263 [pool-439-thread-1] INFO  storage.RaftStorageDirectory (RaftStorageDirectory.java:tryLock(328)) - Lock on /workdir/hadoop-ozone/integration-test/target/test-dir/MiniOzoneClusterImpl-86be06f9-0c34-41f8-bcfc-872cf9ac1776/datanode-0/data/ratis/4f2d03b3-0cb1-437f-95fe-31cb3276abad/in_use.lock acquired by nodename 12043@pr-hdds-2089-qxm8x-943445694
2019-09-10 07:28:43,278 [pool-439-thread-1] INFO  storage.RaftStorage (RaftStorage.java:format(72)) - Storage directory /workdir/hadoop-ozone/integration-test/target/test-dir/MiniOzoneClusterImpl-86be06f9-0c34-41f8-bcfc-872cf9ac1776/datanode-0/data/ratis/4f2d03b3-0cb1-437f-95fe-31cb3276abad has been successfully formatted.
2019-09-10 07:28:43,278 [pool-439-thread-1] INFO  ratis.ContainerStateMachine (ContainerStateMachine.java:loadSnapshot(226)) - group-31CB3276ABAD: The snapshot info is null. Setting the last applied indexto:(t:0, i:~)
2019-09-10 07:28:43,278 [pool-439-thread-1] INFO  server.RaftServerConfigKeys (ConfUtils.java:logGet(43)) - raft.server.leader.election.timeout = 120s (custom)
2019-09-10 07:28:43,278 [pool-439-thread-1] INFO  server.RaftServerConfigKeys (ConfUtils.java:logGet(43)) - raft.server.log.use.memory = false (default)
2019-09-10 07:28:43,279 [pool-439-thread-1] INFO  server.RaftServerConfigKeys (ConfUtils.java:logGet(43)) - raft.server.log.purge.gap = 1000000 (custom)
2019-09-10 07:28:43,279 [pool-439-thread-1] INFO  server.RaftServerConfigKeys (ConfUtils.java:logGet(43)) - raft.server.log.appender.buffer.byte-limit = 33554432 (custom)
2019-09-10 07:28:43,279 [pool-439-thread-1] INFO  server.RaftServerConfigKeys (ConfUtils.java:logGet(43)) - raft.server.log.segment.size.max = 1048576 (custom)
2019-09-10 07:28:43,279 [pool-439-thread-1] INFO  server.RaftServerConfigKeys (ConfUtils.java:logGet(43)) - raft.server.log.segment.cache.num.max = 2 (custom)
2019-09-10 07:28:43,279 [pool-439-thread-1] INFO  segmented.SegmentedRaftLogWorker (SegmentedRaftLogWorker.java:<init>(172)) - new 46af15eb-d7a1-4298-86d8-4efe8ccbe229-SegmentedRaftLogWorker:Storage Directory /workdir/hadoop-ozone/integration-test/target/test-dir/MiniOzoneClusterImpl-86be06f9-0c34-41f8-bcfc-872cf9ac1776/datanode-0/data/ratis/4f2d03b3-0cb1-437f-95fe-31cb3276abad for RaftStorage:Storage Directory /workdir/hadoop-ozone/integration-test/target/test-dir/MiniOzoneClusterImpl-86be06f9-0c34-41f8-bcfc-872cf9ac1776/datanode-0/data/ratis/4f2d03b3-0cb1-437f-95fe-31cb3276abad
2019-09-10 07:28:43,279 [pool-439-thread-1] INFO  server.RaftServerConfigKeys (ConfUtils.java:logGet(43)) - raft.server.log.queue.byte-limit = 2147483647 (custom)
2019-09-10 07:28:43,280 [pool-439-thread-1] INFO  server.RaftServerConfigKeys (ConfUtils.java:logGet(43)) - raft.server.log.queue.element-limit = 1024 (custom)
2019-09-10 07:28:43,280 [pool-439-thread-1] INFO  server.RaftServerConfigKeys (ConfUtils.java:logGet(43)) - raft.server.log.segment.size.max = 1048576 (custom)
2019-09-10 07:28:43,280 [pool-439-thread-1] INFO  server.RaftServerConfigKeys (ConfUtils.java:logGet(43)) - raft.server.log.preallocated.size = 16384 (custom)
2019-09-10 07:28:43,280 [pool-439-thread-1] INFO  server.RaftServerConfigKeys (ConfUtils.java:logGet(43)) - raft.server.log.write.buffer.size = 33554432 (custom)
2019-09-10 07:28:43,280 [pool-439-thread-1] INFO  server.RaftServerConfigKeys (ConfUtils.java:logGet(43)) - raft.server.log.force.sync.num = 128 (default)
2019-09-10 07:28:43,280 [pool-439-thread-1] INFO  server.RaftServerConfigKeys (ConfUtils.java:logGet(43)) - raft.server.log.statemachine.data.sync = true (default)
2019-09-10 07:28:43,281 [pool-439-thread-1] INFO  server.RaftServerConfigKeys (ConfUtils.java:logGet(43)) - raft.server.log.statemachine.data.sync.timeout = 10s (default)
2019-09-10 07:28:43,281 [pool-439-thread-1] INFO  server.RaftServerConfigKeys (ConfUtils.java:logGet(43)) - raft.server.log.statemachine.data.sync.timeout.retry = -1 (default)
2019-09-10 07:28:43,281 [pool-439-thread-1] INFO  server.RaftServerConfigKeys (ConfUtils.java:logGet(43)) - raft.server.log.statemachine.data.caching.enabled = true (custom)
2019-09-10 07:28:43,281 [pool-439-thread-1] INFO  segmented.SegmentedRaftLogWorker (SegmentedRaftLogWorker.java:lambda$new$0(132)) - 46af15eb-d7a1-4298-86d8-4efe8ccbe229-SegmentedRaftLogWorker:Storage Directory /workdir/hadoop-ozone/integration-test/target/test-dir/MiniOzoneClusterImpl-86be06f9-0c34-41f8-bcfc-872cf9ac1776/datanode-0/data/ratis/4f2d03b3-0cb1-437f-95fe-31cb3276abad: flushIndex: setUnconditionally 0 -> -1
2019-09-10 07:28:43,282 [pool-439-thread-1] INFO  server.RaftServerConfigKeys (ConfUtils.java:logGet(43)) - raft.server.snapshot.auto.trigger.enabled = true (custom)
2019-09-10 07:28:43,282 [pool-439-thread-1] INFO  server.RaftServerConfigKeys (ConfUtils.java:logGet(43)) - raft.server.snapshot.auto.trigger.threshold = 10000 (custom)
2019-09-10 07:28:43,282 [pool-439-thread-1] INFO  server.RaftServerConfigKeys (ConfUtils.java:logGet(43)) - raft.server.retrycache.expirytime = 600000ms (custom)
2019-09-10 07:28:43,282 [pool-439-thread-1] INFO  impl.RaftServerImpl (RaftServerImpl.java:start(180)) - 46af15eb-d7a1-4298-86d8-4efe8ccbe229: start group-31CB3276ABAD
2019-09-10 07:28:43,283 [pool-439-thread-1] INFO  impl.RaftServerImpl (RaftServerImpl.java:setRole(171)) - 46af15eb-d7a1-4298-86d8-4efe8ccbe229:group-31CB3276ABAD changes role from null to FOLLOWER at term 0 for startAsFollower
2019-09-10 07:28:43,283 [pool-439-thread-1] INFO  impl.RoleInfo (RoleInfo.java:updateAndGet(143)) - 46af15eb-d7a1-4298-86d8-4efe8ccbe229: start FollowerState
2019-09-10 07:28:43,284 [pool-439-thread-1] INFO  util.JmxRegister (JmxRegister.java:tryRegister(44)) - Successfully registered JMX Bean with object name Ratis:service=RaftServer,group=group-31CB3276ABAD,id=46af15eb-d7a1-4298-86d8-4efe8ccbe229
2019-09-10 07:28:43,290 [RatisPipelineUtilsThread] INFO  pipeline.PipelineStateManager (PipelineStateManager.java:addPipeline(56)) - Created pipeline Pipeline[ Id: 4f2d03b3-0cb1-437f-95fe-31cb3276abad, Nodes: 46af15eb-d7a1-4298-86d8-4efe8ccbe229{ip: 192.168.34.25, host: pr-hdds-2089-qxm8x-943445694, networkLocation: /default-rack, certSerialId: null}, Type:RATIS, Factor:ONE, State:OPEN]
2019-09-10 07:28:43,402 [IPC Server handler 1 on 44335] INFO  net.NetworkTopology (NetworkTopologyImpl.java:add(110)) - Added a new node: /default-rack/1534d603-c8f3-4faf-8d7a-731d484c1a61
2019-09-10 07:28:43,402 [IPC Server handler 1 on 44335] INFO  node.SCMNodeManager (SCMNodeManager.java:register(273)) - Registered Data node : 1534d603-c8f3-4faf-8d7a-731d484c1a61{ip: 192.168.34.25, host: pr-hdds-2089-qxm8x-943445694, networkLocation: /default-rack, certSerialId: null}
2019-09-10 07:28:43,403 | INFO  | SCMAudit | user=jenkins1000 | ip=192.168.34.25 | op=REGISTER {datanodeDetails=1534d603-c8f3-4faf-8d7a-731d484c1a61{ip: 192.168.34.25, host: pr-hdds-2089-qxm8x-943445694, networkLocation: /default-rack, certSerialId: null}} | ret=SUCCESS |  
2019-09-10 07:28:43,411 [grpc-default-executor-10] INFO  impl.RaftServerProxy (RaftServerProxy.java:addNew(89)) - 1534d603-c8f3-4faf-8d7a-731d484c1a61: addNew group-0985DE82ABF7:[1534d603-c8f3-4faf-8d7a-731d484c1a61:192.168.34.25:37346] returns group-0985DE82ABF7:java.util.concurrent.CompletableFuture@7ce69d0e[Not completed]
2019-09-10 07:28:43,412 [pool-450-thread-1] INFO  impl.RaftServerImpl (RaftServerImpl.java:<init>(93)) - 1534d603-c8f3-4faf-8d7a-731d484c1a61: new RaftServerImpl for group-0985DE82ABF7:[1534d603-c8f3-4faf-8d7a-731d484c1a61:192.168.34.25:37346] with ContainerStateMachine:uninitialized
2019-09-10 07:28:43,412 [pool-450-thread-1] INFO  server.RaftServerConfigKeys (ConfUtils.java:logGet(43)) - raft.server.rpc.timeout.min = 5s (custom)
2019-09-10 07:28:43,412 [pool-450-thread-1] INFO  server.RaftServerConfigKeys (ConfUtils.java:logGet(43)) - raft.server.rpc.timeout.max = 5200ms (custom)
2019-09-10 07:28:43,412 [pool-450-thread-1] INFO  server.RaftServerConfigKeys (ConfUtils.java:logGet(43)) - raft.server.rpcslowness.timeout = 120s (custom)
2019-09-10 07:28:43,413 [pool-450-thread-1] INFO  server.RaftServerConfigKeys (ConfUtils.java:logGet(43)) - raft.server.sleep.deviation.threshold = 300 (default)
2019-09-10 07:28:43,413 [pool-450-thread-1] INFO  server.RaftServerConfigKeys (ConfUtils.java:logGet(43)) - raft.server.log.appender.install.snapshot.enabled = false (custom)
2019-09-10 07:28:43,413 [pool-450-thread-1] INFO  impl.RaftServerImpl (ServerState.java:<init>(105)) - 1534d603-c8f3-4faf-8d7a-731d484c1a61:group-0985DE82ABF7 ConfigurationManager, init=-1: [1534d603-c8f3-4faf-8d7a-731d484c1a61:192.168.34.25:37346], old=null, confs=<EMPTY_MAP>
2019-09-10 07:28:43,413 [pool-450-thread-1] INFO  server.RaftServerConfigKeys (ConfUtils.java:logGet(43)) - raft.server.storage.dir = [/workdir/hadoop-ozone/integration-test/target/test-dir/MiniOzoneClusterImpl-86be06f9-0c34-41f8-bcfc-872cf9ac1776/datanode-1/data/ratis] (custom)
2019-09-10 07:28:43,414 [pool-450-thread-1] INFO  storage.RaftStorageDirectory (RaftStorageDirectory.java:analyzeStorage(246)) - The storage directory /workdir/hadoop-ozone/integration-test/target/test-dir/MiniOzoneClusterImpl-86be06f9-0c34-41f8-bcfc-872cf9ac1776/datanode-1/data/ratis/b4e0f8e5-eb75-42a6-8df0-0985de82abf7 does not exist. Creating ...
2019-09-10 07:28:43,427 [pool-450-thread-1] INFO  storage.RaftStorageDirectory (RaftStorageDirectory.java:tryLock(328)) - Lock on /workdir/hadoop-ozone/integration-test/target/test-dir/MiniOzoneClusterImpl-86be06f9-0c34-41f8-bcfc-872cf9ac1776/datanode-1/data/ratis/b4e0f8e5-eb75-42a6-8df0-0985de82abf7/in_use.lock acquired by nodename 12043@pr-hdds-2089-qxm8x-943445694
2019-09-10 07:28:43,440 [pool-450-thread-1] INFO  storage.RaftStorage (RaftStorage.java:format(72)) - Storage directory /workdir/hadoop-ozone/integration-test/target/test-dir/MiniOzoneClusterImpl-86be06f9-0c34-41f8-bcfc-872cf9ac1776/datanode-1/data/ratis/b4e0f8e5-eb75-42a6-8df0-0985de82abf7 has been successfully formatted.
2019-09-10 07:28:43,440 [pool-450-thread-1] INFO  ratis.ContainerStateMachine (ContainerStateMachine.java:loadSnapshot(226)) - group-0985DE82ABF7: The snapshot info is null. Setting the last applied indexto:(t:0, i:~)
2019-09-10 07:28:43,440 [pool-450-thread-1] INFO  server.RaftServerConfigKeys (ConfUtils.java:logGet(43)) - raft.server.leader.election.timeout = 120s (custom)
2019-09-10 07:28:43,440 [pool-450-thread-1] INFO  server.RaftServerConfigKeys (ConfUtils.java:logGet(43)) - raft.server.log.use.memory = false (default)
2019-09-10 07:28:43,441 [pool-450-thread-1] INFO  server.RaftServerConfigKeys (ConfUtils.java:logGet(43)) - raft.server.log.purge.gap = 1000000 (custom)
2019-09-10 07:28:43,441 [pool-450-thread-1] INFO  server.RaftServerConfigKeys (ConfUtils.java:logGet(43)) - raft.server.log.appender.buffer.byte-limit = 33554432 (custom)
2019-09-10 07:28:43,441 [pool-450-thread-1] INFO  server.RaftServerConfigKeys (ConfUtils.java:logGet(43)) - raft.server.log.segment.size.max = 1048576 (custom)
2019-09-10 07:28:43,441 [pool-450-thread-1] INFO  server.RaftServerConfigKeys (ConfUtils.java:logGet(43)) - raft.server.log.segment.cache.num.max = 2 (custom)
2019-09-10 07:28:43,441 [pool-450-thread-1] INFO  segmented.SegmentedRaftLogWorker (SegmentedRaftLogWorker.java:<init>(172)) - new 1534d603-c8f3-4faf-8d7a-731d484c1a61-SegmentedRaftLogWorker:Storage Directory /workdir/hadoop-ozone/integration-test/target/test-dir/MiniOzoneClusterImpl-86be06f9-0c34-41f8-bcfc-872cf9ac1776/datanode-1/data/ratis/b4e0f8e5-eb75-42a6-8df0-0985de82abf7 for RaftStorage:Storage Directory /workdir/hadoop-ozone/integration-test/target/test-dir/MiniOzoneClusterImpl-86be06f9-0c34-41f8-bcfc-872cf9ac1776/datanode-1/data/ratis/b4e0f8e5-eb75-42a6-8df0-0985de82abf7
2019-09-10 07:28:43,442 [pool-450-thread-1] INFO  server.RaftServerConfigKeys (ConfUtils.java:logGet(43)) - raft.server.log.queue.byte-limit = 2147483647 (custom)
2019-09-10 07:28:43,442 [pool-450-thread-1] INFO  server.RaftServerConfigKeys (ConfUtils.java:logGet(43)) - raft.server.log.queue.element-limit = 1024 (custom)
2019-09-10 07:28:43,442 [pool-450-thread-1] INFO  server.RaftServerConfigKeys (ConfUtils.java:logGet(43)) - raft.server.log.segment.size.max = 1048576 (custom)
2019-09-10 07:28:43,442 [pool-450-thread-1] INFO  server.RaftServerConfigKeys (ConfUtils.java:logGet(43)) - raft.server.log.preallocated.size = 16384 (custom)
2019-09-10 07:28:43,442 [pool-450-thread-1] INFO  server.RaftServerConfigKeys (ConfUtils.java:logGet(43)) - raft.server.log.write.buffer.size = 33554432 (custom)
2019-09-10 07:28:43,443 [pool-450-thread-1] INFO  server.RaftServerConfigKeys (ConfUtils.java:logGet(43)) - raft.server.log.force.sync.num = 128 (default)
2019-09-10 07:28:43,443 [pool-450-thread-1] INFO  server.RaftServerConfigKeys (ConfUtils.java:logGet(43)) - raft.server.log.statemachine.data.sync = true (default)
2019-09-10 07:28:43,443 [pool-450-thread-1] INFO  server.RaftServerConfigKeys (ConfUtils.java:logGet(43)) - raft.server.log.statemachine.data.sync.timeout = 10s (default)
2019-09-10 07:28:43,443 [pool-450-thread-1] INFO  server.RaftServerConfigKeys (ConfUtils.java:logGet(43)) - raft.server.log.statemachine.data.sync.timeout.retry = -1 (default)
2019-09-10 07:28:43,443 [pool-450-thread-1] INFO  server.RaftServerConfigKeys (ConfUtils.java:logGet(43)) - raft.server.log.statemachine.data.caching.enabled = true (custom)
2019-09-10 07:28:43,444 [pool-450-thread-1] INFO  segmented.SegmentedRaftLogWorker (SegmentedRaftLogWorker.java:lambda$new$0(132)) - 1534d603-c8f3-4faf-8d7a-731d484c1a61-SegmentedRaftLogWorker:Storage Directory /workdir/hadoop-ozone/integration-test/target/test-dir/MiniOzoneClusterImpl-86be06f9-0c34-41f8-bcfc-872cf9ac1776/datanode-1/data/ratis/b4e0f8e5-eb75-42a6-8df0-0985de82abf7: flushIndex: setUnconditionally 0 -> -1
2019-09-10 07:28:43,444 [pool-450-thread-1] INFO  server.RaftServerConfigKeys (ConfUtils.java:logGet(43)) - raft.server.snapshot.auto.trigger.enabled = true (custom)
2019-09-10 07:28:43,444 [pool-450-thread-1] INFO  server.RaftServerConfigKeys (ConfUtils.java:logGet(43)) - raft.server.snapshot.auto.trigger.threshold = 10000 (custom)
2019-09-10 07:28:43,445 [pool-450-thread-1] INFO  server.RaftServerConfigKeys (ConfUtils.java:logGet(43)) - raft.server.retrycache.expirytime = 600000ms (custom)
2019-09-10 07:28:43,445 [pool-450-thread-1] INFO  impl.RaftServerImpl (RaftServerImpl.java:start(180)) - 1534d603-c8f3-4faf-8d7a-731d484c1a61: start group-0985DE82ABF7
2019-09-10 07:28:43,445 [pool-450-thread-1] INFO  impl.RaftServerImpl (RaftServerImpl.java:setRole(171)) - 1534d603-c8f3-4faf-8d7a-731d484c1a61:group-0985DE82ABF7 changes role from null to FOLLOWER at term 0 for startAsFollower
2019-09-10 07:28:43,445 [pool-450-thread-1] INFO  impl.RoleInfo (RoleInfo.java:updateAndGet(143)) - 1534d603-c8f3-4faf-8d7a-731d484c1a61: start FollowerState
2019-09-10 07:28:43,446 [pool-450-thread-1] INFO  util.JmxRegister (JmxRegister.java:tryRegister(44)) - Successfully registered JMX Bean with object name Ratis:service=RaftServer,group=group-0985DE82ABF7,id=1534d603-c8f3-4faf-8d7a-731d484c1a61
2019-09-10 07:28:43,451 [RatisPipelineUtilsThread] INFO  pipeline.PipelineStateManager (PipelineStateManager.java:addPipeline(56)) - Created pipeline Pipeline[ Id: b4e0f8e5-eb75-42a6-8df0-0985de82abf7, Nodes: 1534d603-c8f3-4faf-8d7a-731d484c1a61{ip: 192.168.34.25, host: pr-hdds-2089-qxm8x-943445694, networkLocation: /default-rack, certSerialId: null}, Type:RATIS, Factor:ONE, State:OPEN]
2019-09-10 07:28:43,581 [IPC Server handler 3 on 44335] INFO  net.NetworkTopology (NetworkTopologyImpl.java:add(110)) - Added a new node: /default-rack/4e051fbd-0f49-4b75-88cf-14abc2ce29e2
2019-09-10 07:28:43,582 [IPC Server handler 3 on 44335] INFO  node.SCMNodeManager (SCMNodeManager.java:register(273)) - Registered Data node : 4e051fbd-0f49-4b75-88cf-14abc2ce29e2{ip: 192.168.34.25, host: pr-hdds-2089-qxm8x-943445694, networkLocation: /default-rack, certSerialId: null}
2019-09-10 07:28:43,582 | INFO  | SCMAudit | user=jenkins1000 | ip=192.168.34.25 | op=REGISTER {datanodeDetails=4e051fbd-0f49-4b75-88cf-14abc2ce29e2{ip: 192.168.34.25, host: pr-hdds-2089-qxm8x-943445694, networkLocation: /default-rack, certSerialId: null}} | ret=SUCCESS |  
2019-09-10 07:28:43,592 [grpc-default-executor-10] INFO  impl.RaftServerProxy (RaftServerProxy.java:addNew(89)) - 4e051fbd-0f49-4b75-88cf-14abc2ce29e2: addNew group-CC10E6F9984D:[4e051fbd-0f49-4b75-88cf-14abc2ce29e2:192.168.34.25:42243] returns group-CC10E6F9984D:java.util.concurrent.CompletableFuture@2f24157c[Not completed]
2019-09-10 07:28:43,593 [pool-461-thread-1] INFO  impl.RaftServerImpl (RaftServerImpl.java:<init>(93)) - 4e051fbd-0f49-4b75-88cf-14abc2ce29e2: new RaftServerImpl for group-CC10E6F9984D:[4e051fbd-0f49-4b75-88cf-14abc2ce29e2:192.168.34.25:42243] with ContainerStateMachine:uninitialized
2019-09-10 07:28:43,593 [pool-461-thread-1] INFO  server.RaftServerConfigKeys (ConfUtils.java:logGet(43)) - raft.server.rpc.timeout.min = 5s (custom)
2019-09-10 07:28:43,594 [pool-461-thread-1] INFO  server.RaftServerConfigKeys (ConfUtils.java:logGet(43)) - raft.server.rpc.timeout.max = 5200ms (custom)
2019-09-10 07:28:43,594 [pool-461-thread-1] INFO  server.RaftServerConfigKeys (ConfUtils.java:logGet(43)) - raft.server.rpcslowness.timeout = 120s (custom)
2019-09-10 07:28:43,594 [pool-461-thread-1] INFO  server.RaftServerConfigKeys (ConfUtils.java:logGet(43)) - raft.server.sleep.deviation.threshold = 300 (default)
2019-09-10 07:28:43,594 [pool-461-thread-1] INFO  server.RaftServerConfigKeys (ConfUtils.java:logGet(43)) - raft.server.log.appender.install.snapshot.enabled = false (custom)
2019-09-10 07:28:43,594 [pool-461-thread-1] INFO  impl.RaftServerImpl (ServerState.java:<init>(105)) - 4e051fbd-0f49-4b75-88cf-14abc2ce29e2:group-CC10E6F9984D ConfigurationManager, init=-1: [4e051fbd-0f49-4b75-88cf-14abc2ce29e2:192.168.34.25:42243], old=null, confs=<EMPTY_MAP>
2019-09-10 07:28:43,594 [pool-461-thread-1] INFO  server.RaftServerConfigKeys (ConfUtils.java:logGet(43)) - raft.server.storage.dir = [/workdir/hadoop-ozone/integration-test/target/test-dir/MiniOzoneClusterImpl-86be06f9-0c34-41f8-bcfc-872cf9ac1776/datanode-2/data/ratis] (custom)
2019-09-10 07:28:43,595 [pool-461-thread-1] INFO  storage.RaftStorageDirectory (RaftStorageDirectory.java:analyzeStorage(246)) - The storage directory /workdir/hadoop-ozone/integration-test/target/test-dir/MiniOzoneClusterImpl-86be06f9-0c34-41f8-bcfc-872cf9ac1776/datanode-2/data/ratis/d446dfda-d86d-4dd5-96ee-cc10e6f9984d does not exist. Creating ...
2019-09-10 07:28:43,608 [pool-461-thread-1] INFO  storage.RaftStorageDirectory (RaftStorageDirectory.java:tryLock(328)) - Lock on /workdir/hadoop-ozone/integration-test/target/test-dir/MiniOzoneClusterImpl-86be06f9-0c34-41f8-bcfc-872cf9ac1776/datanode-2/data/ratis/d446dfda-d86d-4dd5-96ee-cc10e6f9984d/in_use.lock acquired by nodename 12043@pr-hdds-2089-qxm8x-943445694
2019-09-10 07:28:43,630 [pool-461-thread-1] INFO  storage.RaftStorage (RaftStorage.java:format(72)) - Storage directory /workdir/hadoop-ozone/integration-test/target/test-dir/MiniOzoneClusterImpl-86be06f9-0c34-41f8-bcfc-872cf9ac1776/datanode-2/data/ratis/d446dfda-d86d-4dd5-96ee-cc10e6f9984d has been successfully formatted.
2019-09-10 07:28:43,631 [pool-461-thread-1] INFO  ratis.ContainerStateMachine (ContainerStateMachine.java:loadSnapshot(226)) - group-CC10E6F9984D: The snapshot info is null. Setting the last applied indexto:(t:0, i:~)
2019-09-10 07:28:43,631 [pool-461-thread-1] INFO  server.RaftServerConfigKeys (ConfUtils.java:logGet(43)) - raft.server.leader.election.timeout = 120s (custom)
2019-09-10 07:28:43,631 [pool-461-thread-1] INFO  server.RaftServerConfigKeys (ConfUtils.java:logGet(43)) - raft.server.log.use.memory = false (default)
2019-09-10 07:28:43,631 [pool-461-thread-1] INFO  server.RaftServerConfigKeys (ConfUtils.java:logGet(43)) - raft.server.log.purge.gap = 1000000 (custom)
2019-09-10 07:28:43,631 [pool-461-thread-1] INFO  server.RaftServerConfigKeys (ConfUtils.java:logGet(43)) - raft.server.log.appender.buffer.byte-limit = 33554432 (custom)
2019-09-10 07:28:43,632 [pool-461-thread-1] INFO  server.RaftServerConfigKeys (ConfUtils.java:logGet(43)) - raft.server.log.segment.size.max = 1048576 (custom)
2019-09-10 07:28:43,632 [pool-461-thread-1] INFO  server.RaftServerConfigKeys (ConfUtils.java:logGet(43)) - raft.server.log.segment.cache.num.max = 2 (custom)
2019-09-10 07:28:43,632 [pool-461-thread-1] INFO  segmented.SegmentedRaftLogWorker (SegmentedRaftLogWorker.java:<init>(172)) - new 4e051fbd-0f49-4b75-88cf-14abc2ce29e2-SegmentedRaftLogWorker:Storage Directory /workdir/hadoop-ozone/integration-test/target/test-dir/MiniOzoneClusterImpl-86be06f9-0c34-41f8-bcfc-872cf9ac1776/datanode-2/data/ratis/d446dfda-d86d-4dd5-96ee-cc10e6f9984d for RaftStorage:Storage Directory /workdir/hadoop-ozone/integration-test/target/test-dir/MiniOzoneClusterImpl-86be06f9-0c34-41f8-bcfc-872cf9ac1776/datanode-2/data/ratis/d446dfda-d86d-4dd5-96ee-cc10e6f9984d
2019-09-10 07:28:43,632 [pool-461-thread-1] INFO  server.RaftServerConfigKeys (ConfUtils.java:logGet(43)) - raft.server.log.queue.byte-limit = 2147483647 (custom)
2019-09-10 07:28:43,632 [pool-461-thread-1] INFO  server.RaftServerConfigKeys (ConfUtils.java:logGet(43)) - raft.server.log.queue.element-limit = 1024 (custom)
2019-09-10 07:28:43,633 [pool-461-thread-1] INFO  server.RaftServerConfigKeys (ConfUtils.java:logGet(43)) - raft.server.log.segment.size.max = 1048576 (custom)
2019-09-10 07:28:43,633 [pool-461-thread-1] INFO  server.RaftServerConfigKeys (ConfUtils.java:logGet(43)) - raft.server.log.preallocated.size = 16384 (custom)
2019-09-10 07:28:43,633 [pool-461-thread-1] INFO  server.RaftServerConfigKeys (ConfUtils.java:logGet(43)) - raft.server.log.write.buffer.size = 33554432 (custom)
2019-09-10 07:28:43,633 [pool-461-thread-1] INFO  server.RaftServerConfigKeys (ConfUtils.java:logGet(43)) - raft.server.log.force.sync.num = 128 (default)
2019-09-10 07:28:43,633 [pool-461-thread-1] INFO  server.RaftServerConfigKeys (ConfUtils.java:logGet(43)) - raft.server.log.statemachine.data.sync = true (default)
2019-09-10 07:28:43,633 [pool-461-thread-1] INFO  server.RaftServerConfigKeys (ConfUtils.java:logGet(43)) - raft.server.log.statemachine.data.sync.timeout = 10s (default)
2019-09-10 07:28:43,633 [pool-461-thread-1] INFO  server.RaftServerConfigKeys (ConfUtils.java:logGet(43)) - raft.server.log.statemachine.data.sync.timeout.retry = -1 (default)
2019-09-10 07:28:43,634 [pool-461-thread-1] INFO  server.RaftServerConfigKeys (ConfUtils.java:logGet(43)) - raft.server.log.statemachine.data.caching.enabled = true (custom)
2019-09-10 07:28:43,634 [pool-461-thread-1] INFO  segmented.SegmentedRaftLogWorker (SegmentedRaftLogWorker.java:lambda$new$0(132)) - 4e051fbd-0f49-4b75-88cf-14abc2ce29e2-SegmentedRaftLogWorker:Storage Directory /workdir/hadoop-ozone/integration-test/target/test-dir/MiniOzoneClusterImpl-86be06f9-0c34-41f8-bcfc-872cf9ac1776/datanode-2/data/ratis/d446dfda-d86d-4dd5-96ee-cc10e6f9984d: flushIndex: setUnconditionally 0 -> -1
2019-09-10 07:28:43,634 [pool-461-thread-1] INFO  server.RaftServerConfigKeys (ConfUtils.java:logGet(43)) - raft.server.snapshot.auto.trigger.enabled = true (custom)
2019-09-10 07:28:43,635 [pool-461-thread-1] INFO  server.RaftServerConfigKeys (ConfUtils.java:logGet(43)) - raft.server.snapshot.auto.trigger.threshold = 10000 (custom)
2019-09-10 07:28:43,635 [pool-461-thread-1] INFO  server.RaftServerConfigKeys (ConfUtils.java:logGet(43)) - raft.server.retrycache.expirytime = 600000ms (custom)
2019-09-10 07:28:43,635 [pool-461-thread-1] INFO  impl.RaftServerImpl (RaftServerImpl.java:start(180)) - 4e051fbd-0f49-4b75-88cf-14abc2ce29e2: start group-CC10E6F9984D
2019-09-10 07:28:43,635 [pool-461-thread-1] INFO  impl.RaftServerImpl (RaftServerImpl.java:setRole(171)) - 4e051fbd-0f49-4b75-88cf-14abc2ce29e2:group-CC10E6F9984D changes role from null to FOLLOWER at term 0 for startAsFollower
2019-09-10 07:28:43,635 [pool-461-thread-1] INFO  impl.RoleInfo (RoleInfo.java:updateAndGet(143)) - 4e051fbd-0f49-4b75-88cf-14abc2ce29e2: start FollowerState
2019-09-10 07:28:43,636 [pool-461-thread-1] INFO  util.JmxRegister (JmxRegister.java:tryRegister(44)) - Successfully registered JMX Bean with object name Ratis:service=RaftServer,group=group-CC10E6F9984D,id=4e051fbd-0f49-4b75-88cf-14abc2ce29e2
2019-09-10 07:28:43,642 [RatisPipelineUtilsThread] INFO  pipeline.PipelineStateManager (PipelineStateManager.java:addPipeline(56)) - Created pipeline Pipeline[ Id: d446dfda-d86d-4dd5-96ee-cc10e6f9984d, Nodes: 4e051fbd-0f49-4b75-88cf-14abc2ce29e2{ip: 192.168.34.25, host: pr-hdds-2089-qxm8x-943445694, networkLocation: /default-rack, certSerialId: null}, Type:RATIS, Factor:ONE, State:OPEN]
2019-09-10 07:28:43,658 [grpc-default-executor-9] INFO  impl.RaftServerProxy (RaftServerProxy.java:addNew(89)) - 46af15eb-d7a1-4298-86d8-4efe8ccbe229: addNew group-46E86F648570:[4e051fbd-0f49-4b75-88cf-14abc2ce29e2:192.168.34.25:42243, 46af15eb-d7a1-4298-86d8-4efe8ccbe229:192.168.34.25:44298, 1534d603-c8f3-4faf-8d7a-731d484c1a61:192.168.34.25:37346] returns group-46E86F648570:java.util.concurrent.CompletableFuture@6ef9257c[Not completed]
2019-09-10 07:28:43,658 [grpc-default-executor-11] INFO  impl.RaftServerProxy (RaftServerProxy.java:addNew(89)) - 4e051fbd-0f49-4b75-88cf-14abc2ce29e2: addNew group-46E86F648570:[4e051fbd-0f49-4b75-88cf-14abc2ce29e2:192.168.34.25:42243, 46af15eb-d7a1-4298-86d8-4efe8ccbe229:192.168.34.25:44298, 1534d603-c8f3-4faf-8d7a-731d484c1a61:192.168.34.25:37346] returns group-46E86F648570:java.util.concurrent.CompletableFuture@53126d8e[Not completed]
2019-09-10 07:28:43,659 [grpc-default-executor-10] INFO  impl.RaftServerProxy (RaftServerProxy.java:addNew(89)) - 1534d603-c8f3-4faf-8d7a-731d484c1a61: addNew group-46E86F648570:[4e051fbd-0f49-4b75-88cf-14abc2ce29e2:192.168.34.25:42243, 46af15eb-d7a1-4298-86d8-4efe8ccbe229:192.168.34.25:44298, 1534d603-c8f3-4faf-8d7a-731d484c1a61:192.168.34.25:37346] returns group-46E86F648570:java.util.concurrent.CompletableFuture@5f224d58[Not completed]
2019-09-10 07:28:43,660 [pool-439-thread-1] INFO  impl.RaftServerImpl (RaftServerImpl.java:<init>(93)) - 46af15eb-d7a1-4298-86d8-4efe8ccbe229: new RaftServerImpl for group-46E86F648570:[4e051fbd-0f49-4b75-88cf-14abc2ce29e2:192.168.34.25:42243, 46af15eb-d7a1-4298-86d8-4efe8ccbe229:192.168.34.25:44298, 1534d603-c8f3-4faf-8d7a-731d484c1a61:192.168.34.25:37346] with ContainerStateMachine:uninitialized
2019-09-10 07:28:43,660 [pool-439-thread-1] INFO  server.RaftServerConfigKeys (ConfUtils.java:logGet(43)) - raft.server.rpc.timeout.min = 5s (custom)
2019-09-10 07:28:43,660 [pool-439-thread-1] INFO  server.RaftServerConfigKeys (ConfUtils.java:logGet(43)) - raft.server.rpc.timeout.max = 5200ms (custom)
2019-09-10 07:28:43,660 [pool-439-thread-1] INFO  server.RaftServerConfigKeys (ConfUtils.java:logGet(43)) - raft.server.rpcslowness.timeout = 120s (custom)
2019-09-10 07:28:43,660 [pool-461-thread-1] INFO  impl.RaftServerImpl (RaftServerImpl.java:<init>(93)) - 4e051fbd-0f49-4b75-88cf-14abc2ce29e2: new RaftServerImpl for group-46E86F648570:[4e051fbd-0f49-4b75-88cf-14abc2ce29e2:192.168.34.25:42243, 46af15eb-d7a1-4298-86d8-4efe8ccbe229:192.168.34.25:44298, 1534d603-c8f3-4faf-8d7a-731d484c1a61:192.168.34.25:37346] with ContainerStateMachine:uninitialized
2019-09-10 07:28:43,660 [pool-439-thread-1] INFO  server.RaftServerConfigKeys (ConfUtils.java:logGet(43)) - raft.server.sleep.deviation.threshold = 300 (default)
2019-09-10 07:28:43,660 [pool-461-thread-1] INFO  server.RaftServerConfigKeys (ConfUtils.java:logGet(43)) - raft.server.rpc.timeout.min = 5s (custom)
2019-09-10 07:28:43,661 [pool-439-thread-1] INFO  server.RaftServerConfigKeys (ConfUtils.java:logGet(43)) - raft.server.log.appender.install.snapshot.enabled = false (custom)
2019-09-10 07:28:43,661 [pool-461-thread-1] INFO  server.RaftServerConfigKeys (ConfUtils.java:logGet(43)) - raft.server.rpc.timeout.max = 5200ms (custom)
2019-09-10 07:28:43,661 [pool-450-thread-1] INFO  impl.RaftServerImpl (RaftServerImpl.java:<init>(93)) - 1534d603-c8f3-4faf-8d7a-731d484c1a61: new RaftServerImpl for group-46E86F648570:[4e051fbd-0f49-4b75-88cf-14abc2ce29e2:192.168.34.25:42243, 46af15eb-d7a1-4298-86d8-4efe8ccbe229:192.168.34.25:44298, 1534d603-c8f3-4faf-8d7a-731d484c1a61:192.168.34.25:37346] with ContainerStateMachine:uninitialized
2019-09-10 07:28:43,661 [pool-439-thread-1] INFO  impl.RaftServerImpl (ServerState.java:<init>(105)) - 46af15eb-d7a1-4298-86d8-4efe8ccbe229:group-46E86F648570 ConfigurationManager, init=-1: [4e051fbd-0f49-4b75-88cf-14abc2ce29e2:192.168.34.25:42243, 46af15eb-d7a1-4298-86d8-4efe8ccbe229:192.168.34.25:44298, 1534d603-c8f3-4faf-8d7a-731d484c1a61:192.168.34.25:37346], old=null, confs=<EMPTY_MAP>
2019-09-10 07:28:43,661 [pool-450-thread-1] INFO  server.RaftServerConfigKeys (ConfUtils.java:logGet(43)) - raft.server.rpc.timeout.min = 5s (custom)
2019-09-10 07:28:43,661 [pool-461-thread-1] INFO  server.RaftServerConfigKeys (ConfUtils.java:logGet(43)) - raft.server.rpcslowness.timeout = 120s (custom)
2019-09-10 07:28:43,661 [pool-450-thread-1] INFO  server.RaftServerConfigKeys (ConfUtils.java:logGet(43)) - raft.server.rpc.timeout.max = 5200ms (custom)
2019-09-10 07:28:43,661 [pool-439-thread-1] INFO  server.RaftServerConfigKeys (ConfUtils.java:logGet(43)) - raft.server.storage.dir = [/workdir/hadoop-ozone/integration-test/target/test-dir/MiniOzoneClusterImpl-86be06f9-0c34-41f8-bcfc-872cf9ac1776/datanode-0/data/ratis] (custom)
2019-09-10 07:28:43,662 [pool-450-thread-1] INFO  server.RaftServerConfigKeys (ConfUtils.java:logGet(43)) - raft.server.rpcslowness.timeout = 120s (custom)
2019-09-10 07:28:43,662 [pool-461-thread-1] INFO  server.RaftServerConfigKeys (ConfUtils.java:logGet(43)) - raft.server.sleep.deviation.threshold = 300 (default)
2019-09-10 07:28:43,662 [pool-450-thread-1] INFO  server.RaftServerConfigKeys (ConfUtils.java:logGet(43)) - raft.server.sleep.deviation.threshold = 300 (default)
2019-09-10 07:28:43,662 [pool-439-thread-1] INFO  storage.RaftStorageDirectory (RaftStorageDirectory.java:analyzeStorage(246)) - The storage directory /workdir/hadoop-ozone/integration-test/target/test-dir/MiniOzoneClusterImpl-86be06f9-0c34-41f8-bcfc-872cf9ac1776/datanode-0/data/ratis/71e883f5-3943-4be5-b335-46e86f648570 does not exist. Creating ...
2019-09-10 07:28:43,662 [pool-461-thread-1] INFO  server.RaftServerConfigKeys (ConfUtils.java:logGet(43)) - raft.server.log.appender.install.snapshot.enabled = false (custom)
2019-09-10 07:28:43,662 [pool-450-thread-1] INFO  server.RaftServerConfigKeys (ConfUtils.java:logGet(43)) - raft.server.log.appender.install.snapshot.enabled = false (custom)
2019-09-10 07:28:43,663 [pool-461-thread-1] INFO  impl.RaftServerImpl (ServerState.java:<init>(105)) - 4e051fbd-0f49-4b75-88cf-14abc2ce29e2:group-46E86F648570 ConfigurationManager, init=-1: [4e051fbd-0f49-4b75-88cf-14abc2ce29e2:192.168.34.25:42243, 46af15eb-d7a1-4298-86d8-4efe8ccbe229:192.168.34.25:44298, 1534d603-c8f3-4faf-8d7a-731d484c1a61:192.168.34.25:37346], old=null, confs=<EMPTY_MAP>
2019-09-10 07:28:43,663 [pool-450-thread-1] INFO  impl.RaftServerImpl (ServerState.java:<init>(105)) - 1534d603-c8f3-4faf-8d7a-731d484c1a61:group-46E86F648570 ConfigurationManager, init=-1: [4e051fbd-0f49-4b75-88cf-14abc2ce29e2:192.168.34.25:42243, 46af15eb-d7a1-4298-86d8-4efe8ccbe229:192.168.34.25:44298, 1534d603-c8f3-4faf-8d7a-731d484c1a61:192.168.34.25:37346], old=null, confs=<EMPTY_MAP>
2019-09-10 07:28:43,663 [pool-461-thread-1] INFO  server.RaftServerConfigKeys (ConfUtils.java:logGet(43)) - raft.server.storage.dir = [/workdir/hadoop-ozone/integration-test/target/test-dir/MiniOzoneClusterImpl-86be06f9-0c34-41f8-bcfc-872cf9ac1776/datanode-2/data/ratis] (custom)
2019-09-10 07:28:43,663 [pool-450-thread-1] INFO  server.RaftServerConfigKeys (ConfUtils.java:logGet(43)) - raft.server.storage.dir = [/workdir/hadoop-ozone/integration-test/target/test-dir/MiniOzoneClusterImpl-86be06f9-0c34-41f8-bcfc-872cf9ac1776/datanode-1/data/ratis] (custom)
2019-09-10 07:28:43,663 [pool-461-thread-1] INFO  storage.RaftStorageDirectory (RaftStorageDirectory.java:analyzeStorage(246)) - The storage directory /workdir/hadoop-ozone/integration-test/target/test-dir/MiniOzoneClusterImpl-86be06f9-0c34-41f8-bcfc-872cf9ac1776/datanode-2/data/ratis/71e883f5-3943-4be5-b335-46e86f648570 does not exist. Creating ...
2019-09-10 07:28:43,663 [pool-450-thread-1] INFO  storage.RaftStorageDirectory (RaftStorageDirectory.java:analyzeStorage(246)) - The storage directory /workdir/hadoop-ozone/integration-test/target/test-dir/MiniOzoneClusterImpl-86be06f9-0c34-41f8-bcfc-872cf9ac1776/datanode-1/data/ratis/71e883f5-3943-4be5-b335-46e86f648570 does not exist. Creating ...
2019-09-10 07:28:43,688 [pool-450-thread-1] INFO  storage.RaftStorageDirectory (RaftStorageDirectory.java:tryLock(328)) - Lock on /workdir/hadoop-ozone/integration-test/target/test-dir/MiniOzoneClusterImpl-86be06f9-0c34-41f8-bcfc-872cf9ac1776/datanode-1/data/ratis/71e883f5-3943-4be5-b335-46e86f648570/in_use.lock acquired by nodename 12043@pr-hdds-2089-qxm8x-943445694
2019-09-10 07:28:43,688 [pool-461-thread-1] INFO  storage.RaftStorageDirectory (RaftStorageDirectory.java:tryLock(328)) - Lock on /workdir/hadoop-ozone/integration-test/target/test-dir/MiniOzoneClusterImpl-86be06f9-0c34-41f8-bcfc-872cf9ac1776/datanode-2/data/ratis/71e883f5-3943-4be5-b335-46e86f648570/in_use.lock acquired by nodename 12043@pr-hdds-2089-qxm8x-943445694
2019-09-10 07:28:43,688 [pool-439-thread-1] INFO  storage.RaftStorageDirectory (RaftStorageDirectory.java:tryLock(328)) - Lock on /workdir/hadoop-ozone/integration-test/target/test-dir/MiniOzoneClusterImpl-86be06f9-0c34-41f8-bcfc-872cf9ac1776/datanode-0/data/ratis/71e883f5-3943-4be5-b335-46e86f648570/in_use.lock acquired by nodename 12043@pr-hdds-2089-qxm8x-943445694
2019-09-10 07:28:43,702 [pool-450-thread-1] INFO  storage.RaftStorage (RaftStorage.java:format(72)) - Storage directory /workdir/hadoop-ozone/integration-test/target/test-dir/MiniOzoneClusterImpl-86be06f9-0c34-41f8-bcfc-872cf9ac1776/datanode-1/data/ratis/71e883f5-3943-4be5-b335-46e86f648570 has been successfully formatted.
2019-09-10 07:28:43,702 [pool-439-thread-1] INFO  storage.RaftStorage (RaftStorage.java:format(72)) - Storage directory /workdir/hadoop-ozone/integration-test/target/test-dir/MiniOzoneClusterImpl-86be06f9-0c34-41f8-bcfc-872cf9ac1776/datanode-0/data/ratis/71e883f5-3943-4be5-b335-46e86f648570 has been successfully formatted.
2019-09-10 07:28:43,702 [pool-461-thread-1] INFO  storage.RaftStorage (RaftStorage.java:format(72)) - Storage directory /workdir/hadoop-ozone/integration-test/target/test-dir/MiniOzoneClusterImpl-86be06f9-0c34-41f8-bcfc-872cf9ac1776/datanode-2/data/ratis/71e883f5-3943-4be5-b335-46e86f648570 has been successfully formatted.
2019-09-10 07:28:43,702 [pool-439-thread-1] INFO  ratis.ContainerStateMachine (ContainerStateMachine.java:loadSnapshot(226)) - group-46E86F648570: The snapshot info is null. Setting the last applied indexto:(t:0, i:~)
2019-09-10 07:28:43,702 [pool-461-thread-1] INFO  ratis.ContainerStateMachine (ContainerStateMachine.java:loadSnapshot(226)) - group-46E86F648570: The snapshot info is null. Setting the last applied indexto:(t:0, i:~)
2019-09-10 07:28:43,702 [pool-439-thread-1] INFO  server.RaftServerConfigKeys (ConfUtils.java:logGet(43)) - raft.server.leader.election.timeout = 120s (custom)
2019-09-10 07:28:43,703 [pool-450-thread-1] INFO  ratis.ContainerStateMachine (ContainerStateMachine.java:loadSnapshot(226)) - group-46E86F648570: The snapshot info is null. Setting the last applied indexto:(t:0, i:~)
2019-09-10 07:28:43,703 [pool-461-thread-1] INFO  server.RaftServerConfigKeys (ConfUtils.java:logGet(43)) - raft.server.leader.election.timeout = 120s (custom)
2019-09-10 07:28:43,703 [pool-450-thread-1] INFO  server.RaftServerConfigKeys (ConfUtils.java:logGet(43)) - raft.server.leader.election.timeout = 120s (custom)
2019-09-10 07:28:43,703 [pool-439-thread-1] INFO  server.RaftServerConfigKeys (ConfUtils.java:logGet(43)) - raft.server.log.use.memory = false (default)
2019-09-10 07:28:43,703 [pool-450-thread-1] INFO  server.RaftServerConfigKeys (ConfUtils.java:logGet(43)) - raft.server.log.use.memory = false (default)
2019-09-10 07:28:43,703 [pool-450-thread-1] INFO  server.RaftServerConfigKeys (ConfUtils.java:logGet(43)) - raft.server.log.purge.gap = 1000000 (custom)
2019-09-10 07:28:43,703 [pool-461-thread-1] INFO  server.RaftServerConfigKeys (ConfUtils.java:logGet(43)) - raft.server.log.use.memory = false (default)
2019-09-10 07:28:43,704 [pool-450-thread-1] INFO  server.RaftServerConfigKeys (ConfUtils.java:logGet(43)) - raft.server.log.appender.buffer.byte-limit = 33554432 (custom)
2019-09-10 07:28:43,703 [pool-439-thread-1] INFO  server.RaftServerConfigKeys (ConfUtils.java:logGet(43)) - raft.server.log.purge.gap = 1000000 (custom)
2019-09-10 07:28:43,704 [pool-450-thread-1] INFO  server.RaftServerConfigKeys (ConfUtils.java:logGet(43)) - raft.server.log.segment.size.max = 1048576 (custom)
2019-09-10 07:28:43,704 [pool-461-thread-1] INFO  server.RaftServerConfigKeys (ConfUtils.java:logGet(43)) - raft.server.log.purge.gap = 1000000 (custom)
2019-09-10 07:28:43,704 [pool-450-thread-1] INFO  server.RaftServerConfigKeys (ConfUtils.java:logGet(43)) - raft.server.log.segment.cache.num.max = 2 (custom)
2019-09-10 07:28:43,704 [pool-439-thread-1] INFO  server.RaftServerConfigKeys (ConfUtils.java:logGet(43)) - raft.server.log.appender.buffer.byte-limit = 33554432 (custom)
2019-09-10 07:28:43,704 [pool-450-thread-1] INFO  segmented.SegmentedRaftLogWorker (SegmentedRaftLogWorker.java:<init>(172)) - new 1534d603-c8f3-4faf-8d7a-731d484c1a61-SegmentedRaftLogWorker:Storage Directory /workdir/hadoop-ozone/integration-test/target/test-dir/MiniOzoneClusterImpl-86be06f9-0c34-41f8-bcfc-872cf9ac1776/datanode-1/data/ratis/71e883f5-3943-4be5-b335-46e86f648570 for RaftStorage:Storage Directory /workdir/hadoop-ozone/integration-test/target/test-dir/MiniOzoneClusterImpl-86be06f9-0c34-41f8-bcfc-872cf9ac1776/datanode-1/data/ratis/71e883f5-3943-4be5-b335-46e86f648570
2019-09-10 07:28:43,704 [pool-461-thread-1] INFO  server.RaftServerConfigKeys (ConfUtils.java:logGet(43)) - raft.server.log.appender.buffer.byte-limit = 33554432 (custom)
2019-09-10 07:28:43,705 [pool-450-thread-1] INFO  server.RaftServerConfigKeys (ConfUtils.java:logGet(43)) - raft.server.log.queue.byte-limit = 2147483647 (custom)
2019-09-10 07:28:43,705 [pool-450-thread-1] INFO  server.RaftServerConfigKeys (ConfUtils.java:logGet(43)) - raft.server.log.queue.element-limit = 1024 (custom)
2019-09-10 07:28:43,705 [pool-439-thread-1] INFO  server.RaftServerConfigKeys (ConfUtils.java:logGet(43)) - raft.server.log.segment.size.max = 1048576 (custom)
2019-09-10 07:28:43,705 [pool-450-thread-1] INFO  server.RaftServerConfigKeys (ConfUtils.java:logGet(43)) - raft.server.log.segment.size.max = 1048576 (custom)
2019-09-10 07:28:43,705 [pool-450-thread-1] INFO  server.RaftServerConfigKeys (ConfUtils.java:logGet(43)) - raft.server.log.preallocated.size = 16384 (custom)
2019-09-10 07:28:43,705 [pool-461-thread-1] INFO  server.RaftServerConfigKeys (ConfUtils.java:logGet(43)) - raft.server.log.segment.size.max = 1048576 (custom)
2019-09-10 07:28:43,706 [pool-450-thread-1] INFO  server.RaftServerConfigKeys (ConfUtils.java:logGet(43)) - raft.server.log.write.buffer.size = 33554432 (custom)
2019-09-10 07:28:43,706 [pool-450-thread-1] INFO  server.RaftServerConfigKeys (ConfUtils.java:logGet(43)) - raft.server.log.force.sync.num = 128 (default)
2019-09-10 07:28:43,705 [pool-439-thread-1] INFO  server.RaftServerConfigKeys (ConfUtils.java:logGet(43)) - raft.server.log.segment.cache.num.max = 2 (custom)
2019-09-10 07:28:43,706 [pool-450-thread-1] INFO  server.RaftServerConfigKeys (ConfUtils.java:logGet(43)) - raft.server.log.statemachine.data.sync = true (default)
2019-09-10 07:28:43,706 [pool-461-thread-1] INFO  server.RaftServerConfigKeys (ConfUtils.java:logGet(43)) - raft.server.log.segment.cache.num.max = 2 (custom)
2019-09-10 07:28:43,706 [pool-450-thread-1] INFO  server.RaftServerConfigKeys (ConfUtils.java:logGet(43)) - raft.server.log.statemachine.data.sync.timeout = 10s (default)
2019-09-10 07:28:43,706 [pool-439-thread-1] INFO  segmented.SegmentedRaftLogWorker (SegmentedRaftLogWorker.java:<init>(172)) - new 46af15eb-d7a1-4298-86d8-4efe8ccbe229-SegmentedRaftLogWorker:Storage Directory /workdir/hadoop-ozone/integration-test/target/test-dir/MiniOzoneClusterImpl-86be06f9-0c34-41f8-bcfc-872cf9ac1776/datanode-0/data/ratis/71e883f5-3943-4be5-b335-46e86f648570 for RaftStorage:Storage Directory /workdir/hadoop-ozone/integration-test/target/test-dir/MiniOzoneClusterImpl-86be06f9-0c34-41f8-bcfc-872cf9ac1776/datanode-0/data/ratis/71e883f5-3943-4be5-b335-46e86f648570
2019-09-10 07:28:43,707 [pool-450-thread-1] INFO  server.RaftServerConfigKeys (ConfUtils.java:logGet(43)) - raft.server.log.statemachine.data.sync.timeout.retry = -1 (default)
2019-09-10 07:28:43,707 [pool-461-thread-1] INFO  segmented.SegmentedRaftLogWorker (SegmentedRaftLogWorker.java:<init>(172)) - new 4e051fbd-0f49-4b75-88cf-14abc2ce29e2-SegmentedRaftLogWorker:Storage Directory /workdir/hadoop-ozone/integration-test/target/test-dir/MiniOzoneClusterImpl-86be06f9-0c34-41f8-bcfc-872cf9ac1776/datanode-2/data/ratis/71e883f5-3943-4be5-b335-46e86f648570 for RaftStorage:Storage Directory /workdir/hadoop-ozone/integration-test/target/test-dir/MiniOzoneClusterImpl-86be06f9-0c34-41f8-bcfc-872cf9ac1776/datanode-2/data/ratis/71e883f5-3943-4be5-b335-46e86f648570
2019-09-10 07:28:43,707 [pool-450-thread-1] INFO  server.RaftServerConfigKeys (ConfUtils.java:logGet(43)) - raft.server.log.statemachine.data.caching.enabled = true (custom)
2019-09-10 07:28:43,707 [pool-439-thread-1] INFO  server.RaftServerConfigKeys (ConfUtils.java:logGet(43)) - raft.server.log.queue.byte-limit = 2147483647 (custom)
2019-09-10 07:28:43,707 [pool-461-thread-1] INFO  server.RaftServerConfigKeys (ConfUtils.java:logGet(43)) - raft.server.log.queue.byte-limit = 2147483647 (custom)
2019-09-10 07:28:43,707 [pool-450-thread-1] INFO  segmented.SegmentedRaftLogWorker (SegmentedRaftLogWorker.java:lambda$new$0(132)) - 1534d603-c8f3-4faf-8d7a-731d484c1a61-SegmentedRaftLogWorker:Storage Directory /workdir/hadoop-ozone/integration-test/target/test-dir/MiniOzoneClusterImpl-86be06f9-0c34-41f8-bcfc-872cf9ac1776/datanode-1/data/ratis/71e883f5-3943-4be5-b335-46e86f648570: flushIndex: setUnconditionally 0 -> -1
2019-09-10 07:28:43,707 [pool-439-thread-1] INFO  server.RaftServerConfigKeys (ConfUtils.java:logGet(43)) - raft.server.log.queue.element-limit = 1024 (custom)
2019-09-10 07:28:43,708 [pool-461-thread-1] INFO  server.RaftServerConfigKeys (ConfUtils.java:logGet(43)) - raft.server.log.queue.element-limit = 1024 (custom)
2019-09-10 07:28:43,708 [pool-439-thread-1] INFO  server.RaftServerConfigKeys (ConfUtils.java:logGet(43)) - raft.server.log.segment.size.max = 1048576 (custom)
2019-09-10 07:28:43,708 [pool-450-thread-1] INFO  server.RaftServerConfigKeys (ConfUtils.java:logGet(43)) - raft.server.snapshot.auto.trigger.enabled = true (custom)
2019-09-10 07:28:43,708 [pool-439-thread-1] INFO  server.RaftServerConfigKeys (ConfUtils.java:logGet(43)) - raft.server.log.preallocated.size = 16384 (custom)
2019-09-10 07:28:43,708 [pool-439-thread-1] INFO  server.RaftServerConfigKeys (ConfUtils.java:logGet(43)) - raft.server.log.write.buffer.size = 33554432 (custom)
2019-09-10 07:28:43,708 [pool-461-thread-1] INFO  server.RaftServerConfigKeys (ConfUtils.java:logGet(43)) - raft.server.log.segment.size.max = 1048576 (custom)
2019-09-10 07:28:43,709 [pool-439-thread-1] INFO  server.RaftServerConfigKeys (ConfUtils.java:logGet(43)) - raft.server.log.force.sync.num = 128 (default)
2019-09-10 07:28:43,709 [pool-439-thread-1] INFO  server.RaftServerConfigKeys (ConfUtils.java:logGet(43)) - raft.server.log.statemachine.data.sync = true (default)
2019-09-10 07:28:43,708 [pool-450-thread-1] INFO  server.RaftServerConfigKeys (ConfUtils.java:logGet(43)) - raft.server.snapshot.auto.trigger.threshold = 10000 (custom)
2019-09-10 07:28:43,709 [pool-439-thread-1] INFO  server.RaftServerConfigKeys (ConfUtils.java:logGet(43)) - raft.server.log.statemachine.data.sync.timeout = 10s (default)
2019-09-10 07:28:43,709 [pool-461-thread-1] INFO  server.RaftServerConfigKeys (ConfUtils.java:logGet(43)) - raft.server.log.preallocated.size = 16384 (custom)
2019-09-10 07:28:43,709 [pool-439-thread-1] INFO  server.RaftServerConfigKeys (ConfUtils.java:logGet(43)) - raft.server.log.statemachine.data.sync.timeout.retry = -1 (default)
2019-09-10 07:28:43,709 [pool-450-thread-1] INFO  server.RaftServerConfigKeys (ConfUtils.java:logGet(43)) - raft.server.retrycache.expirytime = 600000ms (custom)
2019-09-10 07:28:43,710 [pool-439-thread-1] INFO  server.RaftServerConfigKeys (ConfUtils.java:logGet(43)) - raft.server.log.statemachine.data.caching.enabled = true (custom)
2019-09-10 07:28:43,709 [pool-461-thread-1] INFO  server.RaftServerConfigKeys (ConfUtils.java:logGet(43)) - raft.server.log.write.buffer.size = 33554432 (custom)
2019-09-10 07:28:43,710 [pool-439-thread-1] INFO  segmented.SegmentedRaftLogWorker (SegmentedRaftLogWorker.java:lambda$new$0(132)) - 46af15eb-d7a1-4298-86d8-4efe8ccbe229-SegmentedRaftLogWorker:Storage Directory /workdir/hadoop-ozone/integration-test/target/test-dir/MiniOzoneClusterImpl-86be06f9-0c34-41f8-bcfc-872cf9ac1776/datanode-0/data/ratis/71e883f5-3943-4be5-b335-46e86f648570: flushIndex: setUnconditionally 0 -> -1
2019-09-10 07:28:43,710 [pool-450-thread-1] INFO  impl.RaftServerImpl (RaftServerImpl.java:start(180)) - 1534d603-c8f3-4faf-8d7a-731d484c1a61: start group-46E86F648570
2019-09-10 07:28:43,710 [pool-461-thread-1] INFO  server.RaftServerConfigKeys (ConfUtils.java:logGet(43)) - raft.server.log.force.sync.num = 128 (default)
2019-09-10 07:28:43,710 [pool-439-thread-1] INFO  server.RaftServerConfigKeys (ConfUtils.java:logGet(43)) - raft.server.snapshot.auto.trigger.enabled = true (custom)
2019-09-10 07:28:43,710 [pool-450-thread-1] INFO  impl.RaftServerImpl (RaftServerImpl.java:setRole(171)) - 1534d603-c8f3-4faf-8d7a-731d484c1a61:group-46E86F648570 changes role from null to FOLLOWER at term 0 for startAsFollower
2019-09-10 07:28:43,711 [pool-439-thread-1] INFO  server.RaftServerConfigKeys (ConfUtils.java:logGet(43)) - raft.server.snapshot.auto.trigger.threshold = 10000 (custom)
2019-09-10 07:28:43,711 [pool-461-thread-1] INFO  server.RaftServerConfigKeys (ConfUtils.java:logGet(43)) - raft.server.log.statemachine.data.sync = true (default)
2019-09-10 07:28:43,711 [pool-439-thread-1] INFO  server.RaftServerConfigKeys (ConfUtils.java:logGet(43)) - raft.server.retrycache.expirytime = 600000ms (custom)
2019-09-10 07:28:43,711 [pool-450-thread-1] INFO  impl.RoleInfo (RoleInfo.java:updateAndGet(143)) - 1534d603-c8f3-4faf-8d7a-731d484c1a61: start FollowerState
2019-09-10 07:28:43,711 [pool-439-thread-1] INFO  impl.RaftServerImpl (RaftServerImpl.java:start(180)) - 46af15eb-d7a1-4298-86d8-4efe8ccbe229: start group-46E86F648570
2019-09-10 07:28:43,711 [pool-461-thread-1] INFO  server.RaftServerConfigKeys (ConfUtils.java:logGet(43)) - raft.server.log.statemachine.data.sync.timeout = 10s (default)
2019-09-10 07:28:43,711 [pool-439-thread-1] INFO  impl.RaftServerImpl (RaftServerImpl.java:setRole(171)) - 46af15eb-d7a1-4298-86d8-4efe8ccbe229:group-46E86F648570 changes role from null to FOLLOWER at term 0 for startAsFollower
2019-09-10 07:28:43,723 [pool-461-thread-1] INFO  server.RaftServerConfigKeys (ConfUtils.java:logGet(43)) - raft.server.log.statemachine.data.sync.timeout.retry = -1 (default)
2019-09-10 07:28:43,723 [pool-450-thread-1] INFO  util.JmxRegister (JmxRegister.java:tryRegister(44)) - Successfully registered JMX Bean with object name Ratis:service=RaftServer,group=group-46E86F648570,id=1534d603-c8f3-4faf-8d7a-731d484c1a61
2019-09-10 07:28:43,724 [pool-461-thread-1] INFO  server.RaftServerConfigKeys (ConfUtils.java:logGet(43)) - raft.server.log.statemachine.data.caching.enabled = true (custom)
2019-09-10 07:28:43,723 [pool-439-thread-1] INFO  impl.RoleInfo (RoleInfo.java:updateAndGet(143)) - 46af15eb-d7a1-4298-86d8-4efe8ccbe229: start FollowerState
2019-09-10 07:28:43,724 [pool-461-thread-1] INFO  segmented.SegmentedRaftLogWorker (SegmentedRaftLogWorker.java:lambda$new$0(132)) - 4e051fbd-0f49-4b75-88cf-14abc2ce29e2-SegmentedRaftLogWorker:Storage Directory /workdir/hadoop-ozone/integration-test/target/test-dir/MiniOzoneClusterImpl-86be06f9-0c34-41f8-bcfc-872cf9ac1776/datanode-2/data/ratis/71e883f5-3943-4be5-b335-46e86f648570: flushIndex: setUnconditionally 0 -> -1
2019-09-10 07:28:43,730 [main] INFO  ozone.MiniOzoneClusterImpl (MiniOzoneClusterImpl.java:lambda$waitForClusterToBeReady$0(142)) - Waiting for cluster to be ready. Got 3 of 7 DN Heartbeats.
2019-09-10 07:28:43,730 [pool-439-thread-1] INFO  util.JmxRegister (JmxRegister.java:tryRegister(44)) - Successfully registered JMX Bean with object name Ratis:service=RaftServer,group=group-46E86F648570,id=46af15eb-d7a1-4298-86d8-4efe8ccbe229
2019-09-10 07:28:43,731 [pool-461-thread-1] INFO  server.RaftServerConfigKeys (ConfUtils.java:logGet(43)) - raft.server.snapshot.auto.trigger.enabled = true (custom)
2019-09-10 07:28:43,733 [pool-461-thread-1] INFO  server.RaftServerConfigKeys (ConfUtils.java:logGet(43)) - raft.server.snapshot.auto.trigger.threshold = 10000 (custom)
2019-09-10 07:28:43,733 [pool-461-thread-1] INFO  server.RaftServerConfigKeys (ConfUtils.java:logGet(43)) - raft.server.retrycache.expirytime = 600000ms (custom)
2019-09-10 07:28:43,733 [pool-461-thread-1] INFO  impl.RaftServerImpl (RaftServerImpl.java:start(180)) - 4e051fbd-0f49-4b75-88cf-14abc2ce29e2: start group-46E86F648570
2019-09-10 07:28:43,733 [pool-461-thread-1] INFO  impl.RaftServerImpl (RaftServerImpl.java:setRole(171)) - 4e051fbd-0f49-4b75-88cf-14abc2ce29e2:group-46E86F648570 changes role from null to FOLLOWER at term 0 for startAsFollower
2019-09-10 07:28:43,735 [pool-461-thread-1] INFO  impl.RoleInfo (RoleInfo.java:updateAndGet(143)) - 4e051fbd-0f49-4b75-88cf-14abc2ce29e2: start FollowerState
2019-09-10 07:28:43,735 [pool-461-thread-1] INFO  util.JmxRegister (JmxRegister.java:tryRegister(44)) - Successfully registered JMX Bean with object name Ratis:service=RaftServer,group=group-46E86F648570,id=4e051fbd-0f49-4b75-88cf-14abc2ce29e2
2019-09-10 07:28:43,739 [RatisPipelineUtilsThread] INFO  pipeline.PipelineStateManager (PipelineStateManager.java:addPipeline(56)) - Created pipeline Pipeline[ Id: 71e883f5-3943-4be5-b335-46e86f648570, Nodes: 1534d603-c8f3-4faf-8d7a-731d484c1a61{ip: 192.168.34.25, host: pr-hdds-2089-qxm8x-943445694, networkLocation: /default-rack, certSerialId: null}46af15eb-d7a1-4298-86d8-4efe8ccbe229{ip: 192.168.34.25, host: pr-hdds-2089-qxm8x-943445694, networkLocation: /default-rack, certSerialId: null}4e051fbd-0f49-4b75-88cf-14abc2ce29e2{ip: 192.168.34.25, host: pr-hdds-2089-qxm8x-943445694, networkLocation: /default-rack, certSerialId: null}, Type:RATIS, Factor:THREE, State:OPEN]
2019-09-10 07:28:44,155 [IPC Server handler 4 on 44335] INFO  net.NetworkTopology (NetworkTopologyImpl.java:add(110)) - Added a new node: /default-rack/7759a663-c43f-45c5-8beb-3587a0125019
2019-09-10 07:28:44,155 [IPC Server handler 4 on 44335] INFO  node.SCMNodeManager (SCMNodeManager.java:register(273)) - Registered Data node : 7759a663-c43f-45c5-8beb-3587a0125019{ip: 192.168.34.25, host: pr-hdds-2089-qxm8x-943445694, networkLocation: /default-rack, certSerialId: null}
2019-09-10 07:28:44,156 | INFO  | SCMAudit | user=jenkins1000 | ip=192.168.34.25 | op=REGISTER {datanodeDetails=7759a663-c43f-45c5-8beb-3587a0125019{ip: 192.168.34.25, host: pr-hdds-2089-qxm8x-943445694, networkLocation: /default-rack, certSerialId: null}} | ret=SUCCESS |  
2019-09-10 07:28:44,164 [grpc-default-executor-10] INFO  impl.RaftServerProxy (RaftServerProxy.java:addNew(89)) - 7759a663-c43f-45c5-8beb-3587a0125019: addNew group-CDCC779FB9BD:[7759a663-c43f-45c5-8beb-3587a0125019:192.168.34.25:36160] returns group-CDCC779FB9BD:java.util.concurrent.CompletableFuture@70fda291[Not completed]
2019-09-10 07:28:44,165 [pool-472-thread-1] INFO  impl.RaftServerImpl (RaftServerImpl.java:<init>(93)) - 7759a663-c43f-45c5-8beb-3587a0125019: new RaftServerImpl for group-CDCC779FB9BD:[7759a663-c43f-45c5-8beb-3587a0125019:192.168.34.25:36160] with ContainerStateMachine:uninitialized
2019-09-10 07:28:44,165 [pool-472-thread-1] INFO  server.RaftServerConfigKeys (ConfUtils.java:logGet(43)) - raft.server.rpc.timeout.min = 5s (custom)
2019-09-10 07:28:44,165 [pool-472-thread-1] INFO  server.RaftServerConfigKeys (ConfUtils.java:logGet(43)) - raft.server.rpc.timeout.max = 5200ms (custom)
2019-09-10 07:28:44,165 [pool-472-thread-1] INFO  server.RaftServerConfigKeys (ConfUtils.java:logGet(43)) - raft.server.rpcslowness.timeout = 120s (custom)
2019-09-10 07:28:44,165 [pool-472-thread-1] INFO  server.RaftServerConfigKeys (ConfUtils.java:logGet(43)) - raft.server.sleep.deviation.threshold = 300 (default)
2019-09-10 07:28:44,165 [pool-472-thread-1] INFO  server.RaftServerConfigKeys (ConfUtils.java:logGet(43)) - raft.server.log.appender.install.snapshot.enabled = false (custom)
2019-09-10 07:28:44,165 [pool-472-thread-1] INFO  impl.RaftServerImpl (ServerState.java:<init>(105)) - 7759a663-c43f-45c5-8beb-3587a0125019:group-CDCC779FB9BD ConfigurationManager, init=-1: [7759a663-c43f-45c5-8beb-3587a0125019:192.168.34.25:36160], old=null, confs=<EMPTY_MAP>
2019-09-10 07:28:44,165 [pool-472-thread-1] INFO  server.RaftServerConfigKeys (ConfUtils.java:logGet(43)) - raft.server.storage.dir = [/workdir/hadoop-ozone/integration-test/target/test-dir/MiniOzoneClusterImpl-86be06f9-0c34-41f8-bcfc-872cf9ac1776/datanode-3/data/ratis] (custom)
2019-09-10 07:28:44,166 [pool-472-thread-1] INFO  storage.RaftStorageDirectory (RaftStorageDirectory.java:analyzeStorage(246)) - The storage directory /workdir/hadoop-ozone/integration-test/target/test-dir/MiniOzoneClusterImpl-86be06f9-0c34-41f8-bcfc-872cf9ac1776/datanode-3/data/ratis/95cd001b-e4cd-4785-b0e7-cdcc779fb9bd does not exist. Creating ...
2019-09-10 07:28:44,179 [pool-472-thread-1] INFO  storage.RaftStorageDirectory (RaftStorageDirectory.java:tryLock(328)) - Lock on /workdir/hadoop-ozone/integration-test/target/test-dir/MiniOzoneClusterImpl-86be06f9-0c34-41f8-bcfc-872cf9ac1776/datanode-3/data/ratis/95cd001b-e4cd-4785-b0e7-cdcc779fb9bd/in_use.lock acquired by nodename 12043@pr-hdds-2089-qxm8x-943445694
2019-09-10 07:28:44,203 [pool-472-thread-1] INFO  storage.RaftStorage (RaftStorage.java:format(72)) - Storage directory /workdir/hadoop-ozone/integration-test/target/test-dir/MiniOzoneClusterImpl-86be06f9-0c34-41f8-bcfc-872cf9ac1776/datanode-3/data/ratis/95cd001b-e4cd-4785-b0e7-cdcc779fb9bd has been successfully formatted.
2019-09-10 07:28:44,203 [pool-472-thread-1] INFO  ratis.ContainerStateMachine (ContainerStateMachine.java:loadSnapshot(226)) - group-CDCC779FB9BD: The snapshot info is null. Setting the last applied indexto:(t:0, i:~)
2019-09-10 07:28:44,203 [pool-472-thread-1] INFO  server.RaftServerConfigKeys (ConfUtils.java:logGet(43)) - raft.server.leader.election.timeout = 120s (custom)
2019-09-10 07:28:44,203 [pool-472-thread-1] INFO  server.RaftServerConfigKeys (ConfUtils.java:logGet(43)) - raft.server.log.use.memory = false (default)
2019-09-10 07:28:44,203 [pool-472-thread-1] INFO  server.RaftServerConfigKeys (ConfUtils.java:logGet(43)) - raft.server.log.purge.gap = 1000000 (custom)
2019-09-10 07:28:44,203 [pool-472-thread-1] INFO  server.RaftServerConfigKeys (ConfUtils.java:logGet(43)) - raft.server.log.appender.buffer.byte-limit = 33554432 (custom)
2019-09-10 07:28:44,204 [pool-472-thread-1] INFO  server.RaftServerConfigKeys (ConfUtils.java:logGet(43)) - raft.server.log.segment.size.max = 1048576 (custom)
2019-09-10 07:28:44,204 [pool-472-thread-1] INFO  server.RaftServerConfigKeys (ConfUtils.java:logGet(43)) - raft.server.log.segment.cache.num.max = 2 (custom)
2019-09-10 07:28:44,204 [pool-472-thread-1] INFO  segmented.SegmentedRaftLogWorker (SegmentedRaftLogWorker.java:<init>(172)) - new 7759a663-c43f-45c5-8beb-3587a0125019-SegmentedRaftLogWorker:Storage Directory /workdir/hadoop-ozone/integration-test/target/test-dir/MiniOzoneClusterImpl-86be06f9-0c34-41f8-bcfc-872cf9ac1776/datanode-3/data/ratis/95cd001b-e4cd-4785-b0e7-cdcc779fb9bd for RaftStorage:Storage Directory /workdir/hadoop-ozone/integration-test/target/test-dir/MiniOzoneClusterImpl-86be06f9-0c34-41f8-bcfc-872cf9ac1776/datanode-3/data/ratis/95cd001b-e4cd-4785-b0e7-cdcc779fb9bd
2019-09-10 07:28:44,204 [pool-472-thread-1] INFO  server.RaftServerConfigKeys (ConfUtils.java:logGet(43)) - raft.server.log.queue.byte-limit = 2147483647 (custom)
2019-09-10 07:28:44,204 [pool-472-thread-1] INFO  server.RaftServerConfigKeys (ConfUtils.java:logGet(43)) - raft.server.log.queue.element-limit = 1024 (custom)
2019-09-10 07:28:44,205 [pool-472-thread-1] INFO  server.RaftServerConfigKeys (ConfUtils.java:logGet(43)) - raft.server.log.segment.size.max = 1048576 (custom)
2019-09-10 07:28:44,205 [pool-472-thread-1] INFO  server.RaftServerConfigKeys (ConfUtils.java:logGet(43)) - raft.server.log.preallocated.size = 16384 (custom)
2019-09-10 07:28:44,205 [pool-472-thread-1] INFO  server.RaftServerConfigKeys (ConfUtils.java:logGet(43)) - raft.server.log.write.buffer.size = 33554432 (custom)
2019-09-10 07:28:44,205 [pool-472-thread-1] INFO  server.RaftServerConfigKeys (ConfUtils.java:logGet(43)) - raft.server.log.force.sync.num = 128 (default)
2019-09-10 07:28:44,205 [pool-472-thread-1] INFO  server.RaftServerConfigKeys (ConfUtils.java:logGet(43)) - raft.server.log.statemachine.data.sync = true (default)
2019-09-10 07:28:44,205 [pool-472-thread-1] INFO  server.RaftServerConfigKeys (ConfUtils.java:logGet(43)) - raft.server.log.statemachine.data.sync.timeout = 10s (default)
2019-09-10 07:28:44,205 [pool-472-thread-1] INFO  server.RaftServerConfigKeys (ConfUtils.java:logGet(43)) - raft.server.log.statemachine.data.sync.timeout.retry = -1 (default)
2019-09-10 07:28:44,206 [pool-472-thread-1] INFO  server.RaftServerConfigKeys (ConfUtils.java:logGet(43)) - raft.server.log.statemachine.data.caching.enabled = true (custom)
2019-09-10 07:28:44,206 [pool-472-thread-1] INFO  segmented.SegmentedRaftLogWorker (SegmentedRaftLogWorker.java:lambda$new$0(132)) - 7759a663-c43f-45c5-8beb-3587a0125019-SegmentedRaftLogWorker:Storage Directory /workdir/hadoop-ozone/integration-test/target/test-dir/MiniOzoneClusterImpl-86be06f9-0c34-41f8-bcfc-872cf9ac1776/datanode-3/data/ratis/95cd001b-e4cd-4785-b0e7-cdcc779fb9bd: flushIndex: setUnconditionally 0 -> -1
2019-09-10 07:28:44,206 [pool-472-thread-1] INFO  server.RaftServerConfigKeys (ConfUtils.java:logGet(43)) - raft.server.snapshot.auto.trigger.enabled = true (custom)
2019-09-10 07:28:44,206 [pool-472-thread-1] INFO  server.RaftServerConfigKeys (ConfUtils.java:logGet(43)) - raft.server.snapshot.auto.trigger.threshold = 10000 (custom)
2019-09-10 07:28:44,207 [pool-472-thread-1] INFO  server.RaftServerConfigKeys (ConfUtils.java:logGet(43)) - raft.server.retrycache.expirytime = 600000ms (custom)
2019-09-10 07:28:44,207 [pool-472-thread-1] INFO  impl.RaftServerImpl (RaftServerImpl.java:start(180)) - 7759a663-c43f-45c5-8beb-3587a0125019: start group-CDCC779FB9BD
2019-09-10 07:28:44,207 [pool-472-thread-1] INFO  impl.RaftServerImpl (RaftServerImpl.java:setRole(171)) - 7759a663-c43f-45c5-8beb-3587a0125019:group-CDCC779FB9BD changes role from null to FOLLOWER at term 0 for startAsFollower
2019-09-10 07:28:44,207 [pool-472-thread-1] INFO  impl.RoleInfo (RoleInfo.java:updateAndGet(143)) - 7759a663-c43f-45c5-8beb-3587a0125019: start FollowerState
2019-09-10 07:28:44,207 [pool-472-thread-1] INFO  util.JmxRegister (JmxRegister.java:tryRegister(44)) - Successfully registered JMX Bean with object name Ratis:service=RaftServer,group=group-CDCC779FB9BD,id=7759a663-c43f-45c5-8beb-3587a0125019
2019-09-10 07:28:44,213 [RatisPipelineUtilsThread] INFO  pipeline.PipelineStateManager (PipelineStateManager.java:addPipeline(56)) - Created pipeline Pipeline[ Id: 95cd001b-e4cd-4785-b0e7-cdcc779fb9bd, Nodes: 7759a663-c43f-45c5-8beb-3587a0125019{ip: 192.168.34.25, host: pr-hdds-2089-qxm8x-943445694, networkLocation: /default-rack, certSerialId: null}, Type:RATIS, Factor:ONE, State:OPEN]
2019-09-10 07:28:44,342 [IPC Server handler 2 on 44335] INFO  net.NetworkTopology (NetworkTopologyImpl.java:add(110)) - Added a new node: /default-rack/667758b7-f0cf-4654-9947-4f8e7cab0e1a
2019-09-10 07:28:44,343 [IPC Server handler 2 on 44335] INFO  node.SCMNodeManager (SCMNodeManager.java:register(273)) - Registered Data node : 667758b7-f0cf-4654-9947-4f8e7cab0e1a{ip: 192.168.34.25, host: pr-hdds-2089-qxm8x-943445694, networkLocation: /default-rack, certSerialId: null}
2019-09-10 07:28:44,343 | INFO  | SCMAudit | user=jenkins1000 | ip=192.168.34.25 | op=REGISTER {datanodeDetails=667758b7-f0cf-4654-9947-4f8e7cab0e1a{ip: 192.168.34.25, host: pr-hdds-2089-qxm8x-943445694, networkLocation: /default-rack, certSerialId: null}} | ret=SUCCESS |  
2019-09-10 07:28:44,352 [grpc-default-executor-10] INFO  impl.RaftServerProxy (RaftServerProxy.java:addNew(89)) - 667758b7-f0cf-4654-9947-4f8e7cab0e1a: addNew group-3F565FFBEBE5:[667758b7-f0cf-4654-9947-4f8e7cab0e1a:192.168.34.25:34273] returns group-3F565FFBEBE5:java.util.concurrent.CompletableFuture@31af648f[Not completed]
2019-09-10 07:28:44,353 [pool-483-thread-1] INFO  impl.RaftServerImpl (RaftServerImpl.java:<init>(93)) - 667758b7-f0cf-4654-9947-4f8e7cab0e1a: new RaftServerImpl for group-3F565FFBEBE5:[667758b7-f0cf-4654-9947-4f8e7cab0e1a:192.168.34.25:34273] with ContainerStateMachine:uninitialized
2019-09-10 07:28:44,353 [pool-483-thread-1] INFO  server.RaftServerConfigKeys (ConfUtils.java:logGet(43)) - raft.server.rpc.timeout.min = 5s (custom)
2019-09-10 07:28:44,353 [pool-483-thread-1] INFO  server.RaftServerConfigKeys (ConfUtils.java:logGet(43)) - raft.server.rpc.timeout.max = 5200ms (custom)
2019-09-10 07:28:44,353 [pool-483-thread-1] INFO  server.RaftServerConfigKeys (ConfUtils.java:logGet(43)) - raft.server.rpcslowness.timeout = 120s (custom)
2019-09-10 07:28:44,353 [pool-483-thread-1] INFO  server.RaftServerConfigKeys (ConfUtils.java:logGet(43)) - raft.server.sleep.deviation.threshold = 300 (default)
2019-09-10 07:28:44,354 [pool-483-thread-1] INFO  server.RaftServerConfigKeys (ConfUtils.java:logGet(43)) - raft.server.log.appender.install.snapshot.enabled = false (custom)
2019-09-10 07:28:44,354 [pool-483-thread-1] INFO  impl.RaftServerImpl (ServerState.java:<init>(105)) - 667758b7-f0cf-4654-9947-4f8e7cab0e1a:group-3F565FFBEBE5 ConfigurationManager, init=-1: [667758b7-f0cf-4654-9947-4f8e7cab0e1a:192.168.34.25:34273], old=null, confs=<EMPTY_MAP>
2019-09-10 07:28:44,354 [pool-483-thread-1] INFO  server.RaftServerConfigKeys (ConfUtils.java:logGet(43)) - raft.server.storage.dir = [/workdir/hadoop-ozone/integration-test/target/test-dir/MiniOzoneClusterImpl-86be06f9-0c34-41f8-bcfc-872cf9ac1776/datanode-4/data/ratis] (custom)
2019-09-10 07:28:44,354 [pool-483-thread-1] INFO  storage.RaftStorageDirectory (RaftStorageDirectory.java:analyzeStorage(246)) - The storage directory /workdir/hadoop-ozone/integration-test/target/test-dir/MiniOzoneClusterImpl-86be06f9-0c34-41f8-bcfc-872cf9ac1776/datanode-4/data/ratis/75ef7e2b-3957-4faa-8d5c-3f565ffbebe5 does not exist. Creating ...
2019-09-10 07:28:44,367 [pool-483-thread-1] INFO  storage.RaftStorageDirectory (RaftStorageDirectory.java:tryLock(328)) - Lock on /workdir/hadoop-ozone/integration-test/target/test-dir/MiniOzoneClusterImpl-86be06f9-0c34-41f8-bcfc-872cf9ac1776/datanode-4/data/ratis/75ef7e2b-3957-4faa-8d5c-3f565ffbebe5/in_use.lock acquired by nodename 12043@pr-hdds-2089-qxm8x-943445694
2019-09-10 07:28:44,380 [pool-483-thread-1] INFO  storage.RaftStorage (RaftStorage.java:format(72)) - Storage directory /workdir/hadoop-ozone/integration-test/target/test-dir/MiniOzoneClusterImpl-86be06f9-0c34-41f8-bcfc-872cf9ac1776/datanode-4/data/ratis/75ef7e2b-3957-4faa-8d5c-3f565ffbebe5 has been successfully formatted.
2019-09-10 07:28:44,380 [pool-483-thread-1] INFO  ratis.ContainerStateMachine (ContainerStateMachine.java:loadSnapshot(226)) - group-3F565FFBEBE5: The snapshot info is null. Setting the last applied indexto:(t:0, i:~)
2019-09-10 07:28:44,381 [pool-483-thread-1] INFO  server.RaftServerConfigKeys (ConfUtils.java:logGet(43)) - raft.server.leader.election.timeout = 120s (custom)
2019-09-10 07:28:44,381 [pool-483-thread-1] INFO  server.RaftServerConfigKeys (ConfUtils.java:logGet(43)) - raft.server.log.use.memory = false (default)
2019-09-10 07:28:44,381 [pool-483-thread-1] INFO  server.RaftServerConfigKeys (ConfUtils.java:logGet(43)) - raft.server.log.purge.gap = 1000000 (custom)
2019-09-10 07:28:44,381 [pool-483-thread-1] INFO  server.RaftServerConfigKeys (ConfUtils.java:logGet(43)) - raft.server.log.appender.buffer.byte-limit = 33554432 (custom)
2019-09-10 07:28:44,381 [pool-483-thread-1] INFO  server.RaftServerConfigKeys (ConfUtils.java:logGet(43)) - raft.server.log.segment.size.max = 1048576 (custom)
2019-09-10 07:28:44,381 [pool-483-thread-1] INFO  server.RaftServerConfigKeys (ConfUtils.java:logGet(43)) - raft.server.log.segment.cache.num.max = 2 (custom)
2019-09-10 07:28:44,381 [pool-483-thread-1] INFO  segmented.SegmentedRaftLogWorker (SegmentedRaftLogWorker.java:<init>(172)) - new 667758b7-f0cf-4654-9947-4f8e7cab0e1a-SegmentedRaftLogWorker:Storage Directory /workdir/hadoop-ozone/integration-test/target/test-dir/MiniOzoneClusterImpl-86be06f9-0c34-41f8-bcfc-872cf9ac1776/datanode-4/data/ratis/75ef7e2b-3957-4faa-8d5c-3f565ffbebe5 for RaftStorage:Storage Directory /workdir/hadoop-ozone/integration-test/target/test-dir/MiniOzoneClusterImpl-86be06f9-0c34-41f8-bcfc-872cf9ac1776/datanode-4/data/ratis/75ef7e2b-3957-4faa-8d5c-3f565ffbebe5
2019-09-10 07:28:44,382 [pool-483-thread-1] INFO  server.RaftServerConfigKeys (ConfUtils.java:logGet(43)) - raft.server.log.queue.byte-limit = 2147483647 (custom)
2019-09-10 07:28:44,382 [pool-483-thread-1] INFO  server.RaftServerConfigKeys (ConfUtils.java:logGet(43)) - raft.server.log.queue.element-limit = 1024 (custom)
2019-09-10 07:28:44,382 [pool-483-thread-1] INFO  server.RaftServerConfigKeys (ConfUtils.java:logGet(43)) - raft.server.log.segment.size.max = 1048576 (custom)
2019-09-10 07:28:44,382 [pool-483-thread-1] INFO  server.RaftServerConfigKeys (ConfUtils.java:logGet(43)) - raft.server.log.preallocated.size = 16384 (custom)
2019-09-10 07:28:44,382 [pool-483-thread-1] INFO  server.RaftServerConfigKeys (ConfUtils.java:logGet(43)) - raft.server.log.write.buffer.size = 33554432 (custom)
2019-09-10 07:28:44,382 [pool-483-thread-1] INFO  server.RaftServerConfigKeys (ConfUtils.java:logGet(43)) - raft.server.log.force.sync.num = 128 (default)
2019-09-10 07:28:44,382 [pool-483-thread-1] INFO  server.RaftServerConfigKeys (ConfUtils.java:logGet(43)) - raft.server.log.statemachine.data.sync = true (default)
2019-09-10 07:28:44,383 [pool-483-thread-1] INFO  server.RaftServerConfigKeys (ConfUtils.java:logGet(43)) - raft.server.log.statemachine.data.sync.timeout = 10s (default)
2019-09-10 07:28:44,383 [pool-483-thread-1] INFO  server.RaftServerConfigKeys (ConfUtils.java:logGet(43)) - raft.server.log.statemachine.data.sync.timeout.retry = -1 (default)
2019-09-10 07:28:44,383 [pool-483-thread-1] INFO  server.RaftServerConfigKeys (ConfUtils.java:logGet(43)) - raft.server.log.statemachine.data.caching.enabled = true (custom)
2019-09-10 07:28:44,383 [pool-483-thread-1] INFO  segmented.SegmentedRaftLogWorker (SegmentedRaftLogWorker.java:lambda$new$0(132)) - 667758b7-f0cf-4654-9947-4f8e7cab0e1a-SegmentedRaftLogWorker:Storage Directory /workdir/hadoop-ozone/integration-test/target/test-dir/MiniOzoneClusterImpl-86be06f9-0c34-41f8-bcfc-872cf9ac1776/datanode-4/data/ratis/75ef7e2b-3957-4faa-8d5c-3f565ffbebe5: flushIndex: setUnconditionally 0 -> -1
2019-09-10 07:28:44,384 [pool-483-thread-1] INFO  server.RaftServerConfigKeys (ConfUtils.java:logGet(43)) - raft.server.snapshot.auto.trigger.enabled = true (custom)
2019-09-10 07:28:44,384 [pool-483-thread-1] INFO  server.RaftServerConfigKeys (ConfUtils.java:logGet(43)) - raft.server.snapshot.auto.trigger.threshold = 10000 (custom)
2019-09-10 07:28:44,384 [pool-483-thread-1] INFO  server.RaftServerConfigKeys (ConfUtils.java:logGet(43)) - raft.server.retrycache.expirytime = 600000ms (custom)
2019-09-10 07:28:44,384 [pool-483-thread-1] INFO  impl.RaftServerImpl (RaftServerImpl.java:start(180)) - 667758b7-f0cf-4654-9947-4f8e7cab0e1a: start group-3F565FFBEBE5
2019-09-10 07:28:44,384 [pool-483-thread-1] INFO  impl.RaftServerImpl (RaftServerImpl.java:setRole(171)) - 667758b7-f0cf-4654-9947-4f8e7cab0e1a:group-3F565FFBEBE5 changes role from null to FOLLOWER at term 0 for startAsFollower
2019-09-10 07:28:44,384 [pool-483-thread-1] INFO  impl.RoleInfo (RoleInfo.java:updateAndGet(143)) - 667758b7-f0cf-4654-9947-4f8e7cab0e1a: start FollowerState
2019-09-10 07:28:44,385 [pool-483-thread-1] INFO  util.JmxRegister (JmxRegister.java:tryRegister(44)) - Successfully registered JMX Bean with object name Ratis:service=RaftServer,group=group-3F565FFBEBE5,id=667758b7-f0cf-4654-9947-4f8e7cab0e1a
2019-09-10 07:28:44,390 [RatisPipelineUtilsThread] INFO  pipeline.PipelineStateManager (PipelineStateManager.java:addPipeline(56)) - Created pipeline Pipeline[ Id: 75ef7e2b-3957-4faa-8d5c-3f565ffbebe5, Nodes: 667758b7-f0cf-4654-9947-4f8e7cab0e1a{ip: 192.168.34.25, host: pr-hdds-2089-qxm8x-943445694, networkLocation: /default-rack, certSerialId: null}, Type:RATIS, Factor:ONE, State:OPEN]
2019-09-10 07:28:44,538 [IPC Server handler 3 on 44335] INFO  net.NetworkTopology (NetworkTopologyImpl.java:add(110)) - Added a new node: /default-rack/7b54fe2b-72fc-4fdb-b200-ca51888498dc
2019-09-10 07:28:44,538 [IPC Server handler 3 on 44335] INFO  node.SCMNodeManager (SCMNodeManager.java:register(273)) - Registered Data node : 7b54fe2b-72fc-4fdb-b200-ca51888498dc{ip: 192.168.34.25, host: pr-hdds-2089-qxm8x-943445694, networkLocation: /default-rack, certSerialId: null}
2019-09-10 07:28:44,539 | INFO  | SCMAudit | user=jenkins1000 | ip=192.168.34.25 | op=REGISTER {datanodeDetails=7b54fe2b-72fc-4fdb-b200-ca51888498dc{ip: 192.168.34.25, host: pr-hdds-2089-qxm8x-943445694, networkLocation: /default-rack, certSerialId: null}} | ret=SUCCESS |  
2019-09-10 07:28:44,546 [grpc-default-executor-10] INFO  impl.RaftServerProxy (RaftServerProxy.java:addNew(89)) - 7b54fe2b-72fc-4fdb-b200-ca51888498dc: addNew group-77B54A593F63:[7b54fe2b-72fc-4fdb-b200-ca51888498dc:192.168.34.25:43413] returns group-77B54A593F63:java.util.concurrent.CompletableFuture@10cf8381[Not completed]
2019-09-10 07:28:44,548 [pool-494-thread-1] INFO  impl.RaftServerImpl (RaftServerImpl.java:<init>(93)) - 7b54fe2b-72fc-4fdb-b200-ca51888498dc: new RaftServerImpl for group-77B54A593F63:[7b54fe2b-72fc-4fdb-b200-ca51888498dc:192.168.34.25:43413] with ContainerStateMachine:uninitialized
2019-09-10 07:28:44,548 [pool-494-thread-1] INFO  server.RaftServerConfigKeys (ConfUtils.java:logGet(43)) - raft.server.rpc.timeout.min = 5s (custom)
2019-09-10 07:28:44,548 [pool-494-thread-1] INFO  server.RaftServerConfigKeys (ConfUtils.java:logGet(43)) - raft.server.rpc.timeout.max = 5200ms (custom)
2019-09-10 07:28:44,548 [pool-494-thread-1] INFO  server.RaftServerConfigKeys (ConfUtils.java:logGet(43)) - raft.server.rpcslowness.timeout = 120s (custom)
2019-09-10 07:28:44,548 [pool-494-thread-1] INFO  server.RaftServerConfigKeys (ConfUtils.java:logGet(43)) - raft.server.sleep.deviation.threshold = 300 (default)
2019-09-10 07:28:44,549 [pool-494-thread-1] INFO  server.RaftServerConfigKeys (ConfUtils.java:logGet(43)) - raft.server.log.appender.install.snapshot.enabled = false (custom)
2019-09-10 07:28:44,549 [pool-494-thread-1] INFO  impl.RaftServerImpl (ServerState.java:<init>(105)) - 7b54fe2b-72fc-4fdb-b200-ca51888498dc:group-77B54A593F63 ConfigurationManager, init=-1: [7b54fe2b-72fc-4fdb-b200-ca51888498dc:192.168.34.25:43413], old=null, confs=<EMPTY_MAP>
2019-09-10 07:28:44,549 [pool-494-thread-1] INFO  server.RaftServerConfigKeys (ConfUtils.java:logGet(43)) - raft.server.storage.dir = [/workdir/hadoop-ozone/integration-test/target/test-dir/MiniOzoneClusterImpl-86be06f9-0c34-41f8-bcfc-872cf9ac1776/datanode-5/data/ratis] (custom)
2019-09-10 07:28:44,550 [pool-494-thread-1] INFO  storage.RaftStorageDirectory (RaftStorageDirectory.java:analyzeStorage(246)) - The storage directory /workdir/hadoop-ozone/integration-test/target/test-dir/MiniOzoneClusterImpl-86be06f9-0c34-41f8-bcfc-872cf9ac1776/datanode-5/data/ratis/5605a630-a063-42ff-af7b-77b54a593f63 does not exist. Creating ...
2019-09-10 07:28:44,583 [pool-494-thread-1] INFO  storage.RaftStorageDirectory (RaftStorageDirectory.java:tryLock(328)) - Lock on /workdir/hadoop-ozone/integration-test/target/test-dir/MiniOzoneClusterImpl-86be06f9-0c34-41f8-bcfc-872cf9ac1776/datanode-5/data/ratis/5605a630-a063-42ff-af7b-77b54a593f63/in_use.lock acquired by nodename 12043@pr-hdds-2089-qxm8x-943445694
2019-09-10 07:28:44,596 [pool-494-thread-1] INFO  storage.RaftStorage (RaftStorage.java:format(72)) - Storage directory /workdir/hadoop-ozone/integration-test/target/test-dir/MiniOzoneClusterImpl-86be06f9-0c34-41f8-bcfc-872cf9ac1776/datanode-5/data/ratis/5605a630-a063-42ff-af7b-77b54a593f63 has been successfully formatted.
2019-09-10 07:28:44,596 [pool-494-thread-1] INFO  ratis.ContainerStateMachine (ContainerStateMachine.java:loadSnapshot(226)) - group-77B54A593F63: The snapshot info is null. Setting the last applied indexto:(t:0, i:~)
2019-09-10 07:28:44,596 [pool-494-thread-1] INFO  server.RaftServerConfigKeys (ConfUtils.java:logGet(43)) - raft.server.leader.election.timeout = 120s (custom)
2019-09-10 07:28:44,597 [pool-494-thread-1] INFO  server.RaftServerConfigKeys (ConfUtils.java:logGet(43)) - raft.server.log.use.memory = false (default)
2019-09-10 07:28:44,597 [pool-494-thread-1] INFO  server.RaftServerConfigKeys (ConfUtils.java:logGet(43)) - raft.server.log.purge.gap = 1000000 (custom)
2019-09-10 07:28:44,597 [pool-494-thread-1] INFO  server.RaftServerConfigKeys (ConfUtils.java:logGet(43)) - raft.server.log.appender.buffer.byte-limit = 33554432 (custom)
2019-09-10 07:28:44,597 [pool-494-thread-1] INFO  server.RaftServerConfigKeys (ConfUtils.java:logGet(43)) - raft.server.log.segment.size.max = 1048576 (custom)
2019-09-10 07:28:44,597 [pool-494-thread-1] INFO  server.RaftServerConfigKeys (ConfUtils.java:logGet(43)) - raft.server.log.segment.cache.num.max = 2 (custom)
2019-09-10 07:28:44,597 [pool-494-thread-1] INFO  segmented.SegmentedRaftLogWorker (SegmentedRaftLogWorker.java:<init>(172)) - new 7b54fe2b-72fc-4fdb-b200-ca51888498dc-SegmentedRaftLogWorker:Storage Directory /workdir/hadoop-ozone/integration-test/target/test-dir/MiniOzoneClusterImpl-86be06f9-0c34-41f8-bcfc-872cf9ac1776/datanode-5/data/ratis/5605a630-a063-42ff-af7b-77b54a593f63 for RaftStorage:Storage Directory /workdir/hadoop-ozone/integration-test/target/test-dir/MiniOzoneClusterImpl-86be06f9-0c34-41f8-bcfc-872cf9ac1776/datanode-5/data/ratis/5605a630-a063-42ff-af7b-77b54a593f63
2019-09-10 07:28:44,598 [pool-494-thread-1] INFO  server.RaftServerConfigKeys (ConfUtils.java:logGet(43)) - raft.server.log.queue.byte-limit = 2147483647 (custom)
2019-09-10 07:28:44,598 [pool-494-thread-1] INFO  server.RaftServerConfigKeys (ConfUtils.java:logGet(43)) - raft.server.log.queue.element-limit = 1024 (custom)
2019-09-10 07:28:44,598 [pool-494-thread-1] INFO  server.RaftServerConfigKeys (ConfUtils.java:logGet(43)) - raft.server.log.segment.size.max = 1048576 (custom)
2019-09-10 07:28:44,598 [pool-494-thread-1] INFO  server.RaftServerConfigKeys (ConfUtils.java:logGet(43)) - raft.server.log.preallocated.size = 16384 (custom)
2019-09-10 07:28:44,598 [pool-494-thread-1] INFO  server.RaftServerConfigKeys (ConfUtils.java:logGet(43)) - raft.server.log.write.buffer.size = 33554432 (custom)
2019-09-10 07:28:44,598 [pool-494-thread-1] INFO  server.RaftServerConfigKeys (ConfUtils.java:logGet(43)) - raft.server.log.force.sync.num = 128 (default)
2019-09-10 07:28:44,599 [pool-494-thread-1] INFO  server.RaftServerConfigKeys (ConfUtils.java:logGet(43)) - raft.server.log.statemachine.data.sync = true (default)
2019-09-10 07:28:44,599 [pool-494-thread-1] INFO  server.RaftServerConfigKeys (ConfUtils.java:logGet(43)) - raft.server.log.statemachine.data.sync.timeout = 10s (default)
2019-09-10 07:28:44,599 [pool-494-thread-1] INFO  server.RaftServerConfigKeys (ConfUtils.java:logGet(43)) - raft.server.log.statemachine.data.sync.timeout.retry = -1 (default)
2019-09-10 07:28:44,599 [pool-494-thread-1] INFO  server.RaftServerConfigKeys (ConfUtils.java:logGet(43)) - raft.server.log.statemachine.data.caching.enabled = true (custom)
2019-09-10 07:28:44,599 [pool-494-thread-1] INFO  segmented.SegmentedRaftLogWorker (SegmentedRaftLogWorker.java:lambda$new$0(132)) - 7b54fe2b-72fc-4fdb-b200-ca51888498dc-SegmentedRaftLogWorker:Storage Directory /workdir/hadoop-ozone/integration-test/target/test-dir/MiniOzoneClusterImpl-86be06f9-0c34-41f8-bcfc-872cf9ac1776/datanode-5/data/ratis/5605a630-a063-42ff-af7b-77b54a593f63: flushIndex: setUnconditionally 0 -> -1
2019-09-10 07:28:44,600 [pool-494-thread-1] INFO  server.RaftServerConfigKeys (ConfUtils.java:logGet(43)) - raft.server.snapshot.auto.trigger.enabled = true (custom)
2019-09-10 07:28:44,600 [pool-494-thread-1] INFO  server.RaftServerConfigKeys (ConfUtils.java:logGet(43)) - raft.server.snapshot.auto.trigger.threshold = 10000 (custom)
2019-09-10 07:28:44,600 [pool-494-thread-1] INFO  server.RaftServerConfigKeys (ConfUtils.java:logGet(43)) - raft.server.retrycache.expirytime = 600000ms (custom)
2019-09-10 07:28:44,600 [pool-494-thread-1] INFO  impl.RaftServerImpl (RaftServerImpl.java:start(180)) - 7b54fe2b-72fc-4fdb-b200-ca51888498dc: start group-77B54A593F63
2019-09-10 07:28:44,601 [pool-494-thread-1] INFO  impl.RaftServerImpl (RaftServerImpl.java:setRole(171)) - 7b54fe2b-72fc-4fdb-b200-ca51888498dc:group-77B54A593F63 changes role from null to FOLLOWER at term 0 for startAsFollower
2019-09-10 07:28:44,601 [pool-494-thread-1] INFO  impl.RoleInfo (RoleInfo.java:updateAndGet(143)) - 7b54fe2b-72fc-4fdb-b200-ca51888498dc: start FollowerState
2019-09-10 07:28:44,601 [pool-494-thread-1] INFO  util.JmxRegister (JmxRegister.java:tryRegister(44)) - Successfully registered JMX Bean with object name Ratis:service=RaftServer,group=group-77B54A593F63,id=7b54fe2b-72fc-4fdb-b200-ca51888498dc
2019-09-10 07:28:44,607 [RatisPipelineUtilsThread] INFO  pipeline.PipelineStateManager (PipelineStateManager.java:addPipeline(56)) - Created pipeline Pipeline[ Id: 5605a630-a063-42ff-af7b-77b54a593f63, Nodes: 7b54fe2b-72fc-4fdb-b200-ca51888498dc{ip: 192.168.34.25, host: pr-hdds-2089-qxm8x-943445694, networkLocation: /default-rack, certSerialId: null}, Type:RATIS, Factor:ONE, State:OPEN]
2019-09-10 07:28:44,619 [grpc-default-executor-10] INFO  impl.RaftServerProxy (RaftServerProxy.java:addNew(89)) - 7b54fe2b-72fc-4fdb-b200-ca51888498dc: addNew group-218237C54F99:[7b54fe2b-72fc-4fdb-b200-ca51888498dc:192.168.34.25:43413, 7759a663-c43f-45c5-8beb-3587a0125019:192.168.34.25:36160, 667758b7-f0cf-4654-9947-4f8e7cab0e1a:192.168.34.25:34273] returns group-218237C54F99:java.util.concurrent.CompletableFuture@2b2ce7e2[Not completed]
2019-09-10 07:28:44,619 [grpc-default-executor-11] INFO  impl.RaftServerProxy (RaftServerProxy.java:addNew(89)) - 667758b7-f0cf-4654-9947-4f8e7cab0e1a: addNew group-218237C54F99:[7b54fe2b-72fc-4fdb-b200-ca51888498dc:192.168.34.25:43413, 7759a663-c43f-45c5-8beb-3587a0125019:192.168.34.25:36160, 667758b7-f0cf-4654-9947-4f8e7cab0e1a:192.168.34.25:34273] returns group-218237C54F99:java.util.concurrent.CompletableFuture@1fc4c042[Not completed]
2019-09-10 07:28:44,619 [grpc-default-executor-9] INFO  impl.RaftServerProxy (RaftServerProxy.java:addNew(89)) - 7759a663-c43f-45c5-8beb-3587a0125019: addNew group-218237C54F99:[7b54fe2b-72fc-4fdb-b200-ca51888498dc:192.168.34.25:43413, 7759a663-c43f-45c5-8beb-3587a0125019:192.168.34.25:36160, 667758b7-f0cf-4654-9947-4f8e7cab0e1a:192.168.34.25:34273] returns group-218237C54F99:java.util.concurrent.CompletableFuture@16ca06f4[Not completed]
2019-09-10 07:28:44,620 [pool-483-thread-1] INFO  impl.RaftServerImpl (RaftServerImpl.java:<init>(93)) - 667758b7-f0cf-4654-9947-4f8e7cab0e1a: new RaftServerImpl for group-218237C54F99:[7b54fe2b-72fc-4fdb-b200-ca51888498dc:192.168.34.25:43413, 7759a663-c43f-45c5-8beb-3587a0125019:192.168.34.25:36160, 667758b7-f0cf-4654-9947-4f8e7cab0e1a:192.168.34.25:34273] with ContainerStateMachine:uninitialized
2019-09-10 07:28:44,620 [pool-483-thread-1] INFO  server.RaftServerConfigKeys (ConfUtils.java:logGet(43)) - raft.server.rpc.timeout.min = 5s (custom)
2019-09-10 07:28:44,620 [pool-483-thread-1] INFO  server.RaftServerConfigKeys (ConfUtils.java:logGet(43)) - raft.server.rpc.timeout.max = 5200ms (custom)
2019-09-10 07:28:44,620 [pool-483-thread-1] INFO  server.RaftServerConfigKeys (ConfUtils.java:logGet(43)) - raft.server.rpcslowness.timeout = 120s (custom)
2019-09-10 07:28:44,620 [pool-483-thread-1] INFO  server.RaftServerConfigKeys (ConfUtils.java:logGet(43)) - raft.server.sleep.deviation.threshold = 300 (default)
2019-09-10 07:28:44,620 [pool-494-thread-1] INFO  impl.RaftServerImpl (RaftServerImpl.java:<init>(93)) - 7b54fe2b-72fc-4fdb-b200-ca51888498dc: new RaftServerImpl for group-218237C54F99:[7b54fe2b-72fc-4fdb-b200-ca51888498dc:192.168.34.25:43413, 7759a663-c43f-45c5-8beb-3587a0125019:192.168.34.25:36160, 667758b7-f0cf-4654-9947-4f8e7cab0e1a:192.168.34.25:34273] with ContainerStateMachine:uninitialized
2019-09-10 07:28:44,620 [pool-494-thread-1] INFO  server.RaftServerConfigKeys (ConfUtils.java:logGet(43)) - raft.server.rpc.timeout.min = 5s (custom)
2019-09-10 07:28:44,621 [pool-472-thread-1] INFO  impl.RaftServerImpl (RaftServerImpl.java:<init>(93)) - 7759a663-c43f-45c5-8beb-3587a0125019: new RaftServerImpl for group-218237C54F99:[7b54fe2b-72fc-4fdb-b200-ca51888498dc:192.168.34.25:43413, 7759a663-c43f-45c5-8beb-3587a0125019:192.168.34.25:36160, 667758b7-f0cf-4654-9947-4f8e7cab0e1a:192.168.34.25:34273] with ContainerStateMachine:uninitialized
2019-09-10 07:28:44,620 [pool-483-thread-1] INFO  server.RaftServerConfigKeys (ConfUtils.java:logGet(43)) - raft.server.log.appender.install.snapshot.enabled = false (custom)
2019-09-10 07:28:44,621 [pool-472-thread-1] INFO  server.RaftServerConfigKeys (ConfUtils.java:logGet(43)) - raft.server.rpc.timeout.min = 5s (custom)
2019-09-10 07:28:44,621 [pool-494-thread-1] INFO  server.RaftServerConfigKeys (ConfUtils.java:logGet(43)) - raft.server.rpc.timeout.max = 5200ms (custom)
2019-09-10 07:28:44,621 [pool-472-thread-1] INFO  server.RaftServerConfigKeys (ConfUtils.java:logGet(43)) - raft.server.rpc.timeout.max = 5200ms (custom)
2019-09-10 07:28:44,621 [pool-483-thread-1] INFO  impl.RaftServerImpl (ServerState.java:<init>(105)) - 667758b7-f0cf-4654-9947-4f8e7cab0e1a:group-218237C54F99 ConfigurationManager, init=-1: [7b54fe2b-72fc-4fdb-b200-ca51888498dc:192.168.34.25:43413, 7759a663-c43f-45c5-8beb-3587a0125019:192.168.34.25:36160, 667758b7-f0cf-4654-9947-4f8e7cab0e1a:192.168.34.25:34273], old=null, confs=<EMPTY_MAP>
2019-09-10 07:28:44,621 [pool-472-thread-1] INFO  server.RaftServerConfigKeys (ConfUtils.java:logGet(43)) - raft.server.rpcslowness.timeout = 120s (custom)
2019-09-10 07:28:44,621 [pool-494-thread-1] INFO  server.RaftServerConfigKeys (ConfUtils.java:logGet(43)) - raft.server.rpcslowness.timeout = 120s (custom)
2019-09-10 07:28:44,621 [pool-472-thread-1] INFO  server.RaftServerConfigKeys (ConfUtils.java:logGet(43)) - raft.server.sleep.deviation.threshold = 300 (default)
2019-09-10 07:28:44,621 [pool-483-thread-1] INFO  server.RaftServerConfigKeys (ConfUtils.java:logGet(43)) - raft.server.storage.dir = [/workdir/hadoop-ozone/integration-test/target/test-dir/MiniOzoneClusterImpl-86be06f9-0c34-41f8-bcfc-872cf9ac1776/datanode-4/data/ratis] (custom)
2019-09-10 07:28:44,621 [pool-472-thread-1] INFO  server.RaftServerConfigKeys (ConfUtils.java:logGet(43)) - raft.server.log.appender.install.snapshot.enabled = false (custom)
2019-09-10 07:28:44,621 [pool-494-thread-1] INFO  server.RaftServerConfigKeys (ConfUtils.java:logGet(43)) - raft.server.sleep.deviation.threshold = 300 (default)
2019-09-10 07:28:44,622 [pool-472-thread-1] INFO  impl.RaftServerImpl (ServerState.java:<init>(105)) - 7759a663-c43f-45c5-8beb-3587a0125019:group-218237C54F99 ConfigurationManager, init=-1: [7b54fe2b-72fc-4fdb-b200-ca51888498dc:192.168.34.25:43413, 7759a663-c43f-45c5-8beb-3587a0125019:192.168.34.25:36160, 667758b7-f0cf-4654-9947-4f8e7cab0e1a:192.168.34.25:34273], old=null, confs=<EMPTY_MAP>
2019-09-10 07:28:44,622 [pool-494-thread-1] INFO  server.RaftServerConfigKeys (ConfUtils.java:logGet(43)) - raft.server.log.appender.install.snapshot.enabled = false (custom)
2019-09-10 07:28:44,622 [pool-483-thread-1] INFO  storage.RaftStorageDirectory (RaftStorageDirectory.java:analyzeStorage(246)) - The storage directory /workdir/hadoop-ozone/integration-test/target/test-dir/MiniOzoneClusterImpl-86be06f9-0c34-41f8-bcfc-872cf9ac1776/datanode-4/data/ratis/3df070b1-6202-4788-b6e7-218237c54f99 does not exist. Creating ...
2019-09-10 07:28:44,622 [pool-472-thread-1] INFO  server.RaftServerConfigKeys (ConfUtils.java:logGet(43)) - raft.server.storage.dir = [/workdir/hadoop-ozone/integration-test/target/test-dir/MiniOzoneClusterImpl-86be06f9-0c34-41f8-bcfc-872cf9ac1776/datanode-3/data/ratis] (custom)
2019-09-10 07:28:44,622 [pool-494-thread-1] INFO  impl.RaftServerImpl (ServerState.java:<init>(105)) - 7b54fe2b-72fc-4fdb-b200-ca51888498dc:group-218237C54F99 ConfigurationManager, init=-1: [7b54fe2b-72fc-4fdb-b200-ca51888498dc:192.168.34.25:43413, 7759a663-c43f-45c5-8beb-3587a0125019:192.168.34.25:36160, 667758b7-f0cf-4654-9947-4f8e7cab0e1a:192.168.34.25:34273], old=null, confs=<EMPTY_MAP>
2019-09-10 07:28:44,622 [pool-494-thread-1] INFO  server.RaftServerConfigKeys (ConfUtils.java:logGet(43)) - raft.server.storage.dir = [/workdir/hadoop-ozone/integration-test/target/test-dir/MiniOzoneClusterImpl-86be06f9-0c34-41f8-bcfc-872cf9ac1776/datanode-5/data/ratis] (custom)
2019-09-10 07:28:44,622 [pool-472-thread-1] INFO  storage.RaftStorageDirectory (RaftStorageDirectory.java:analyzeStorage(246)) - The storage directory /workdir/hadoop-ozone/integration-test/target/test-dir/MiniOzoneClusterImpl-86be06f9-0c34-41f8-bcfc-872cf9ac1776/datanode-3/data/ratis/3df070b1-6202-4788-b6e7-218237c54f99 does not exist. Creating ...
2019-09-10 07:28:44,622 [pool-494-thread-1] INFO  storage.RaftStorageDirectory (RaftStorageDirectory.java:analyzeStorage(246)) - The storage directory /workdir/hadoop-ozone/integration-test/target/test-dir/MiniOzoneClusterImpl-86be06f9-0c34-41f8-bcfc-872cf9ac1776/datanode-5/data/ratis/3df070b1-6202-4788-b6e7-218237c54f99 does not exist. Creating ...
2019-09-10 07:28:44,635 [pool-472-thread-1] INFO  storage.RaftStorageDirectory (RaftStorageDirectory.java:tryLock(328)) - Lock on /workdir/hadoop-ozone/integration-test/target/test-dir/MiniOzoneClusterImpl-86be06f9-0c34-41f8-bcfc-872cf9ac1776/datanode-3/data/ratis/3df070b1-6202-4788-b6e7-218237c54f99/in_use.lock acquired by nodename 12043@pr-hdds-2089-qxm8x-943445694
2019-09-10 07:28:44,635 [pool-494-thread-1] INFO  storage.RaftStorageDirectory (RaftStorageDirectory.java:tryLock(328)) - Lock on /workdir/hadoop-ozone/integration-test/target/test-dir/MiniOzoneClusterImpl-86be06f9-0c34-41f8-bcfc-872cf9ac1776/datanode-5/data/ratis/3df070b1-6202-4788-b6e7-218237c54f99/in_use.lock acquired by nodename 12043@pr-hdds-2089-qxm8x-943445694
2019-09-10 07:28:44,635 [pool-483-thread-1] INFO  storage.RaftStorageDirectory (RaftStorageDirectory.java:tryLock(328)) - Lock on /workdir/hadoop-ozone/integration-test/target/test-dir/MiniOzoneClusterImpl-86be06f9-0c34-41f8-bcfc-872cf9ac1776/datanode-4/data/ratis/3df070b1-6202-4788-b6e7-218237c54f99/in_use.lock acquired by nodename 12043@pr-hdds-2089-qxm8x-943445694
2019-09-10 07:28:44,661 [pool-483-thread-1] INFO  storage.RaftStorage (RaftStorage.java:format(72)) - Storage directory /workdir/hadoop-ozone/integration-test/target/test-dir/MiniOzoneClusterImpl-86be06f9-0c34-41f8-bcfc-872cf9ac1776/datanode-4/data/ratis/3df070b1-6202-4788-b6e7-218237c54f99 has been successfully formatted.
2019-09-10 07:28:44,661 [pool-472-thread-1] INFO  storage.RaftStorage (RaftStorage.java:format(72)) - Storage directory /workdir/hadoop-ozone/integration-test/target/test-dir/MiniOzoneClusterImpl-86be06f9-0c34-41f8-bcfc-872cf9ac1776/datanode-3/data/ratis/3df070b1-6202-4788-b6e7-218237c54f99 has been successfully formatted.
2019-09-10 07:28:44,661 [pool-494-thread-1] INFO  storage.RaftStorage (RaftStorage.java:format(72)) - Storage directory /workdir/hadoop-ozone/integration-test/target/test-dir/MiniOzoneClusterImpl-86be06f9-0c34-41f8-bcfc-872cf9ac1776/datanode-5/data/ratis/3df070b1-6202-4788-b6e7-218237c54f99 has been successfully formatted.
2019-09-10 07:28:44,661 [pool-472-thread-1] INFO  ratis.ContainerStateMachine (ContainerStateMachine.java:loadSnapshot(226)) - group-218237C54F99: The snapshot info is null. Setting the last applied indexto:(t:0, i:~)
2019-09-10 07:28:44,661 [pool-494-thread-1] INFO  ratis.ContainerStateMachine (ContainerStateMachine.java:loadSnapshot(226)) - group-218237C54F99: The snapshot info is null. Setting the last applied indexto:(t:0, i:~)
2019-09-10 07:28:44,661 [pool-483-thread-1] INFO  ratis.ContainerStateMachine (ContainerStateMachine.java:loadSnapshot(226)) - group-218237C54F99: The snapshot info is null. Setting the last applied indexto:(t:0, i:~)
2019-09-10 07:28:44,661 [pool-494-thread-1] INFO  server.RaftServerConfigKeys (ConfUtils.java:logGet(43)) - raft.server.leader.election.timeout = 120s (custom)
2019-09-10 07:28:44,661 [pool-472-thread-1] INFO  server.RaftServerConfigKeys (ConfUtils.java:logGet(43)) - raft.server.leader.election.timeout = 120s (custom)
2019-09-10 07:28:44,662 [pool-494-thread-1] INFO  server.RaftServerConfigKeys (ConfUtils.java:logGet(43)) - raft.server.log.use.memory = false (default)
2019-09-10 07:28:44,662 [pool-494-thread-1] INFO  server.RaftServerConfigKeys (ConfUtils.java:logGet(43)) - raft.server.log.purge.gap = 1000000 (custom)
2019-09-10 07:28:44,662 [pool-483-thread-1] INFO  server.RaftServerConfigKeys (ConfUtils.java:logGet(43)) - raft.server.leader.election.timeout = 120s (custom)
2019-09-10 07:28:44,662 [pool-494-thread-1] INFO  server.RaftServerConfigKeys (ConfUtils.java:logGet(43)) - raft.server.log.appender.buffer.byte-limit = 33554432 (custom)
2019-09-10 07:28:44,662 [pool-472-thread-1] INFO  server.RaftServerConfigKeys (ConfUtils.java:logGet(43)) - raft.server.log.use.memory = false (default)
2019-09-10 07:28:44,663 [pool-494-thread-1] INFO  server.RaftServerConfigKeys (ConfUtils.java:logGet(43)) - raft.server.log.segment.size.max = 1048576 (custom)
2019-09-10 07:28:44,663 [pool-494-thread-1] INFO  server.RaftServerConfigKeys (ConfUtils.java:logGet(43)) - raft.server.log.segment.cache.num.max = 2 (custom)
2019-09-10 07:28:44,663 [pool-483-thread-1] INFO  server.RaftServerConfigKeys (ConfUtils.java:logGet(43)) - raft.server.log.use.memory = false (default)
2019-09-10 07:28:44,663 [pool-494-thread-1] INFO  segmented.SegmentedRaftLogWorker (SegmentedRaftLogWorker.java:<init>(172)) - new 7b54fe2b-72fc-4fdb-b200-ca51888498dc-SegmentedRaftLogWorker:Storage Directory /workdir/hadoop-ozone/integration-test/target/test-dir/MiniOzoneClusterImpl-86be06f9-0c34-41f8-bcfc-872cf9ac1776/datanode-5/data/ratis/3df070b1-6202-4788-b6e7-218237c54f99 for RaftStorage:Storage Directory /workdir/hadoop-ozone/integration-test/target/test-dir/MiniOzoneClusterImpl-86be06f9-0c34-41f8-bcfc-872cf9ac1776/datanode-5/data/ratis/3df070b1-6202-4788-b6e7-218237c54f99
2019-09-10 07:28:44,663 [pool-472-thread-1] INFO  server.RaftServerConfigKeys (ConfUtils.java:logGet(43)) - raft.server.log.purge.gap = 1000000 (custom)
2019-09-10 07:28:44,664 [pool-494-thread-1] INFO  server.RaftServerConfigKeys (ConfUtils.java:logGet(43)) - raft.server.log.queue.byte-limit = 2147483647 (custom)
2019-09-10 07:28:44,664 [pool-494-thread-1] INFO  server.RaftServerConfigKeys (ConfUtils.java:logGet(43)) - raft.server.log.queue.element-limit = 1024 (custom)
2019-09-10 07:28:44,663 [pool-483-thread-1] INFO  server.RaftServerConfigKeys (ConfUtils.java:logGet(43)) - raft.server.log.purge.gap = 1000000 (custom)
2019-09-10 07:28:44,664 [pool-494-thread-1] INFO  server.RaftServerConfigKeys (ConfUtils.java:logGet(43)) - raft.server.log.segment.size.max = 1048576 (custom)
2019-09-10 07:28:44,664 [pool-472-thread-1] INFO  server.RaftServerConfigKeys (ConfUtils.java:logGet(43)) - raft.server.log.appender.buffer.byte-limit = 33554432 (custom)
2019-09-10 07:28:44,665 [pool-494-thread-1] INFO  server.RaftServerConfigKeys (ConfUtils.java:logGet(43)) - raft.server.log.preallocated.size = 16384 (custom)
2019-09-10 07:28:44,665 [pool-494-thread-1] INFO  server.RaftServerConfigKeys (ConfUtils.java:logGet(43)) - raft.server.log.write.buffer.size = 33554432 (custom)
2019-09-10 07:28:44,664 [pool-483-thread-1] INFO  server.RaftServerConfigKeys (ConfUtils.java:logGet(43)) - raft.server.log.appender.buffer.byte-limit = 33554432 (custom)
2019-09-10 07:28:44,665 [pool-494-thread-1] INFO  server.RaftServerConfigKeys (ConfUtils.java:logGet(43)) - raft.server.log.force.sync.num = 128 (default)
2019-09-10 07:28:44,665 [pool-472-thread-1] INFO  server.RaftServerConfigKeys (ConfUtils.java:logGet(43)) - raft.server.log.segment.size.max = 1048576 (custom)
2019-09-10 07:28:44,666 [pool-494-thread-1] INFO  server.RaftServerConfigKeys (ConfUtils.java:logGet(43)) - raft.server.log.statemachine.data.sync = true (default)
2019-09-10 07:28:44,665 [pool-483-thread-1] INFO  server.RaftServerConfigKeys (ConfUtils.java:logGet(43)) - raft.server.log.segment.size.max = 1048576 (custom)
2019-09-10 07:28:44,666 [pool-494-thread-1] INFO  server.RaftServerConfigKeys (ConfUtils.java:logGet(43)) - raft.server.log.statemachine.data.sync.timeout = 10s (default)
2019-09-10 07:28:44,666 [pool-494-thread-1] INFO  server.RaftServerConfigKeys (ConfUtils.java:logGet(43)) - raft.server.log.statemachine.data.sync.timeout.retry = -1 (default)
2019-09-10 07:28:44,666 [pool-472-thread-1] INFO  server.RaftServerConfigKeys (ConfUtils.java:logGet(43)) - raft.server.log.segment.cache.num.max = 2 (custom)
2019-09-10 07:28:44,666 [pool-494-thread-1] INFO  server.RaftServerConfigKeys (ConfUtils.java:logGet(43)) - raft.server.log.statemachine.data.caching.enabled = true (custom)
2019-09-10 07:28:44,666 [pool-483-thread-1] INFO  server.RaftServerConfigKeys (ConfUtils.java:logGet(43)) - raft.server.log.segment.cache.num.max = 2 (custom)
2019-09-10 07:28:44,667 [pool-494-thread-1] INFO  segmented.SegmentedRaftLogWorker (SegmentedRaftLogWorker.java:lambda$new$0(132)) - 7b54fe2b-72fc-4fdb-b200-ca51888498dc-SegmentedRaftLogWorker:Storage Directory /workdir/hadoop-ozone/integration-test/target/test-dir/MiniOzoneClusterImpl-86be06f9-0c34-41f8-bcfc-872cf9ac1776/datanode-5/data/ratis/3df070b1-6202-4788-b6e7-218237c54f99: flushIndex: setUnconditionally 0 -> -1
2019-09-10 07:28:44,667 [pool-472-thread-1] INFO  segmented.SegmentedRaftLogWorker (SegmentedRaftLogWorker.java:<init>(172)) - new 7759a663-c43f-45c5-8beb-3587a0125019-SegmentedRaftLogWorker:Storage Directory /workdir/hadoop-ozone/integration-test/target/test-dir/MiniOzoneClusterImpl-86be06f9-0c34-41f8-bcfc-872cf9ac1776/datanode-3/data/ratis/3df070b1-6202-4788-b6e7-218237c54f99 for RaftStorage:Storage Directory /workdir/hadoop-ozone/integration-test/target/test-dir/MiniOzoneClusterImpl-86be06f9-0c34-41f8-bcfc-872cf9ac1776/datanode-3/data/ratis/3df070b1-6202-4788-b6e7-218237c54f99
2019-09-10 07:28:44,667 [pool-483-thread-1] INFO  segmented.SegmentedRaftLogWorker (SegmentedRaftLogWorker.java:<init>(172)) - new 667758b7-f0cf-4654-9947-4f8e7cab0e1a-SegmentedRaftLogWorker:Storage Directory /workdir/hadoop-ozone/integration-test/target/test-dir/MiniOzoneClusterImpl-86be06f9-0c34-41f8-bcfc-872cf9ac1776/datanode-4/data/ratis/3df070b1-6202-4788-b6e7-218237c54f99 for RaftStorage:Storage Directory /workdir/hadoop-ozone/integration-test/target/test-dir/MiniOzoneClusterImpl-86be06f9-0c34-41f8-bcfc-872cf9ac1776/datanode-4/data/ratis/3df070b1-6202-4788-b6e7-218237c54f99
2019-09-10 07:28:44,667 [pool-494-thread-1] INFO  server.RaftServerConfigKeys (ConfUtils.java:logGet(43)) - raft.server.snapshot.auto.trigger.enabled = true (custom)
2019-09-10 07:28:44,667 [pool-472-thread-1] INFO  server.RaftServerConfigKeys (ConfUtils.java:logGet(43)) - raft.server.log.queue.byte-limit = 2147483647 (custom)
2019-09-10 07:28:44,668 [pool-494-thread-1] INFO  server.RaftServerConfigKeys (ConfUtils.java:logGet(43)) - raft.server.snapshot.auto.trigger.threshold = 10000 (custom)
2019-09-10 07:28:44,668 [pool-483-thread-1] INFO  server.RaftServerConfigKeys (ConfUtils.java:logGet(43)) - raft.server.log.queue.byte-limit = 2147483647 (custom)
2019-09-10 07:28:44,668 [pool-494-thread-1] INFO  server.RaftServerConfigKeys (ConfUtils.java:logGet(43)) - raft.server.retrycache.expirytime = 600000ms (custom)
2019-09-10 07:28:44,668 [pool-472-thread-1] INFO  server.RaftServerConfigKeys (ConfUtils.java:logGet(43)) - raft.server.log.queue.element-limit = 1024 (custom)
2019-09-10 07:28:44,669 [pool-494-thread-1] INFO  impl.RaftServerImpl (RaftServerImpl.java:start(180)) - 7b54fe2b-72fc-4fdb-b200-ca51888498dc: start group-218237C54F99
2019-09-10 07:28:44,669 [pool-494-thread-1] INFO  impl.RaftServerImpl (RaftServerImpl.java:setRole(171)) - 7b54fe2b-72fc-4fdb-b200-ca51888498dc:group-218237C54F99 changes role from null to FOLLOWER at term 0 for startAsFollower
2019-09-10 07:28:44,668 [pool-483-thread-1] INFO  server.RaftServerConfigKeys (ConfUtils.java:logGet(43)) - raft.server.log.queue.element-limit = 1024 (custom)
2019-09-10 07:28:44,669 [pool-494-thread-1] INFO  impl.RoleInfo (RoleInfo.java:updateAndGet(143)) - 7b54fe2b-72fc-4fdb-b200-ca51888498dc: start FollowerState
2019-09-10 07:28:44,669 [pool-472-thread-1] INFO  server.RaftServerConfigKeys (ConfUtils.java:logGet(43)) - raft.server.log.segment.size.max = 1048576 (custom)
2019-09-10 07:28:44,669 [pool-483-thread-1] INFO  server.RaftServerConfigKeys (ConfUtils.java:logGet(43)) - raft.server.log.segment.size.max = 1048576 (custom)
2019-09-10 07:28:44,670 [pool-494-thread-1] INFO  util.JmxRegister (JmxRegister.java:tryRegister(44)) - Successfully registered JMX Bean with object name Ratis:service=RaftServer,group=group-218237C54F99,id=7b54fe2b-72fc-4fdb-b200-ca51888498dc
2019-09-10 07:28:44,670 [pool-472-thread-1] INFO  server.RaftServerConfigKeys (ConfUtils.java:logGet(43)) - raft.server.log.preallocated.size = 16384 (custom)
2019-09-10 07:28:44,670 [pool-483-thread-1] INFO  server.RaftServerConfigKeys (ConfUtils.java:logGet(43)) - raft.server.log.preallocated.size = 16384 (custom)
2019-09-10 07:28:44,670 [pool-472-thread-1] INFO  server.RaftServerConfigKeys (ConfUtils.java:logGet(43)) - raft.server.log.write.buffer.size = 33554432 (custom)
2019-09-10 07:28:44,670 [pool-483-thread-1] INFO  server.RaftServerConfigKeys (ConfUtils.java:logGet(43)) - raft.server.log.write.buffer.size = 33554432 (custom)
2019-09-10 07:28:44,670 [pool-472-thread-1] INFO  server.RaftServerConfigKeys (ConfUtils.java:logGet(43)) - raft.server.log.force.sync.num = 128 (default)
2019-09-10 07:28:44,670 [pool-483-thread-1] INFO  server.RaftServerConfigKeys (ConfUtils.java:logGet(43)) - raft.server.log.force.sync.num = 128 (default)
2019-09-10 07:28:44,671 [pool-472-thread-1] INFO  server.RaftServerConfigKeys (ConfUtils.java:logGet(43)) - raft.server.log.statemachine.data.sync = true (default)
2019-09-10 07:28:44,671 [pool-483-thread-1] INFO  server.RaftServerConfigKeys (ConfUtils.java:logGet(43)) - raft.server.log.statemachine.data.sync = true (default)
2019-09-10 07:28:44,671 [pool-472-thread-1] INFO  server.RaftServerConfigKeys (ConfUtils.java:logGet(43)) - raft.server.log.statemachine.data.sync.timeout = 10s (default)
2019-09-10 07:28:44,674 [pool-483-thread-1] INFO  server.RaftServerConfigKeys (ConfUtils.java:logGet(43)) - raft.server.log.statemachine.data.sync.timeout = 10s (default)
2019-09-10 07:28:44,674 [pool-472-thread-1] INFO  server.RaftServerConfigKeys (ConfUtils.java:logGet(43)) - raft.server.log.statemachine.data.sync.timeout.retry = -1 (default)
2019-09-10 07:28:44,674 [pool-483-thread-1] INFO  server.RaftServerConfigKeys (ConfUtils.java:logGet(43)) - raft.server.log.statemachine.data.sync.timeout.retry = -1 (default)
2019-09-10 07:28:44,674 [pool-472-thread-1] INFO  server.RaftServerConfigKeys (ConfUtils.java:logGet(43)) - raft.server.log.statemachine.data.caching.enabled = true (custom)
2019-09-10 07:28:44,674 [pool-483-thread-1] INFO  server.RaftServerConfigKeys (ConfUtils.java:logGet(43)) - raft.server.log.statemachine.data.caching.enabled = true (custom)
2019-09-10 07:28:44,675 [pool-472-thread-1] INFO  segmented.SegmentedRaftLogWorker (SegmentedRaftLogWorker.java:lambda$new$0(132)) - 7759a663-c43f-45c5-8beb-3587a0125019-SegmentedRaftLogWorker:Storage Directory /workdir/hadoop-ozone/integration-test/target/test-dir/MiniOzoneClusterImpl-86be06f9-0c34-41f8-bcfc-872cf9ac1776/datanode-3/data/ratis/3df070b1-6202-4788-b6e7-218237c54f99: flushIndex: setUnconditionally 0 -> -1
2019-09-10 07:28:44,675 [pool-483-thread-1] INFO  segmented.SegmentedRaftLogWorker (SegmentedRaftLogWorker.java:lambda$new$0(132)) - 667758b7-f0cf-4654-9947-4f8e7cab0e1a-SegmentedRaftLogWorker:Storage Directory /workdir/hadoop-ozone/integration-test/target/test-dir/MiniOzoneClusterImpl-86be06f9-0c34-41f8-bcfc-872cf9ac1776/datanode-4/data/ratis/3df070b1-6202-4788-b6e7-218237c54f99: flushIndex: setUnconditionally 0 -> -1
2019-09-10 07:28:44,675 [pool-472-thread-1] INFO  server.RaftServerConfigKeys (ConfUtils.java:logGet(43)) - raft.server.snapshot.auto.trigger.enabled = true (custom)
2019-09-10 07:28:44,675 [pool-472-thread-1] INFO  server.RaftServerConfigKeys (ConfUtils.java:logGet(43)) - raft.server.snapshot.auto.trigger.threshold = 10000 (custom)
2019-09-10 07:28:44,675 [pool-483-thread-1] INFO  server.RaftServerConfigKeys (ConfUtils.java:logGet(43)) - raft.server.snapshot.auto.trigger.enabled = true (custom)
2019-09-10 07:28:44,675 [pool-472-thread-1] INFO  server.RaftServerConfigKeys (ConfUtils.java:logGet(43)) - raft.server.retrycache.expirytime = 600000ms (custom)
2019-09-10 07:28:44,676 [pool-483-thread-1] INFO  server.RaftServerConfigKeys (ConfUtils.java:logGet(43)) - raft.server.snapshot.auto.trigger.threshold = 10000 (custom)
2019-09-10 07:28:44,676 [pool-472-thread-1] INFO  impl.RaftServerImpl (RaftServerImpl.java:start(180)) - 7759a663-c43f-45c5-8beb-3587a0125019: start group-218237C54F99
2019-09-10 07:28:44,676 [pool-483-thread-1] INFO  server.RaftServerConfigKeys (ConfUtils.java:logGet(43)) - raft.server.retrycache.expirytime = 600000ms (custom)
2019-09-10 07:28:44,676 [pool-472-thread-1] INFO  impl.RaftServerImpl (RaftServerImpl.java:setRole(171)) - 7759a663-c43f-45c5-8beb-3587a0125019:group-218237C54F99 changes role from null to FOLLOWER at term 0 for startAsFollower
2019-09-10 07:28:44,676 [pool-483-thread-1] INFO  impl.RaftServerImpl (RaftServerImpl.java:start(180)) - 667758b7-f0cf-4654-9947-4f8e7cab0e1a: start group-218237C54F99
2019-09-10 07:28:44,676 [pool-472-thread-1] INFO  impl.RoleInfo (RoleInfo.java:updateAndGet(143)) - 7759a663-c43f-45c5-8beb-3587a0125019: start FollowerState
2019-09-10 07:28:44,676 [pool-483-thread-1] INFO  impl.RaftServerImpl (RaftServerImpl.java:setRole(171)) - 667758b7-f0cf-4654-9947-4f8e7cab0e1a:group-218237C54F99 changes role from null to FOLLOWER at term 0 for startAsFollower
2019-09-10 07:28:44,677 [pool-483-thread-1] INFO  impl.RoleInfo (RoleInfo.java:updateAndGet(143)) - 667758b7-f0cf-4654-9947-4f8e7cab0e1a: start FollowerState
2019-09-10 07:28:44,677 [pool-472-thread-1] INFO  util.JmxRegister (JmxRegister.java:tryRegister(44)) - Successfully registered JMX Bean with object name Ratis:service=RaftServer,group=group-218237C54F99,id=7759a663-c43f-45c5-8beb-3587a0125019
2019-09-10 07:28:44,677 [pool-483-thread-1] INFO  util.JmxRegister (JmxRegister.java:tryRegister(44)) - Successfully registered JMX Bean with object name Ratis:service=RaftServer,group=group-218237C54F99,id=667758b7-f0cf-4654-9947-4f8e7cab0e1a
2019-09-10 07:28:44,684 [RatisPipelineUtilsThread] INFO  pipeline.PipelineStateManager (PipelineStateManager.java:addPipeline(56)) - Created pipeline Pipeline[ Id: 3df070b1-6202-4788-b6e7-218237c54f99, Nodes: 7b54fe2b-72fc-4fdb-b200-ca51888498dc{ip: 192.168.34.25, host: pr-hdds-2089-qxm8x-943445694, networkLocation: /default-rack, certSerialId: null}667758b7-f0cf-4654-9947-4f8e7cab0e1a{ip: 192.168.34.25, host: pr-hdds-2089-qxm8x-943445694, networkLocation: /default-rack, certSerialId: null}7759a663-c43f-45c5-8beb-3587a0125019{ip: 192.168.34.25, host: pr-hdds-2089-qxm8x-943445694, networkLocation: /default-rack, certSerialId: null}, Type:RATIS, Factor:THREE, State:OPEN]
2019-09-10 07:28:44,728 [IPC Server handler 4 on 44335] INFO  net.NetworkTopology (NetworkTopologyImpl.java:add(110)) - Added a new node: /default-rack/4362c079-8fac-4550-ad10-f10303ad6b45
2019-09-10 07:28:44,729 [IPC Server handler 4 on 44335] INFO  node.SCMNodeManager (SCMNodeManager.java:register(273)) - Registered Data node : 4362c079-8fac-4550-ad10-f10303ad6b45{ip: 192.168.34.25, host: pr-hdds-2089-qxm8x-943445694, networkLocation: /default-rack, certSerialId: null}
2019-09-10 07:28:44,729 | INFO  | SCMAudit | user=jenkins1000 | ip=192.168.34.25 | op=REGISTER {datanodeDetails=4362c079-8fac-4550-ad10-f10303ad6b45{ip: 192.168.34.25, host: pr-hdds-2089-qxm8x-943445694, networkLocation: /default-rack, certSerialId: null}} | ret=SUCCESS |  
2019-09-10 07:28:44,731 [main] INFO  ozone.MiniOzoneClusterImpl (MiniOzoneClusterImpl.java:lambda$waitForClusterToBeReady$0(142)) - Cluster is ready. Got 7 of 7 DN Heartbeats.
2019-09-10 07:28:44,736 [grpc-default-executor-9] INFO  impl.RaftServerProxy (RaftServerProxy.java:addNew(89)) - 4362c079-8fac-4550-ad10-f10303ad6b45: addNew group-5AE8FC1D881F:[4362c079-8fac-4550-ad10-f10303ad6b45:192.168.34.25:43589] returns group-5AE8FC1D881F:java.util.concurrent.CompletableFuture@601aaf11[Not completed]
2019-09-10 07:28:44,745 [pool-505-thread-1] INFO  impl.RaftServerImpl (RaftServerImpl.java:<init>(93)) - 4362c079-8fac-4550-ad10-f10303ad6b45: new RaftServerImpl for group-5AE8FC1D881F:[4362c079-8fac-4550-ad10-f10303ad6b45:192.168.34.25:43589] with ContainerStateMachine:uninitialized
2019-09-10 07:28:44,745 [pool-505-thread-1] INFO  server.RaftServerConfigKeys (ConfUtils.java:logGet(43)) - raft.server.rpc.timeout.min = 5s (custom)
2019-09-10 07:28:44,745 [pool-505-thread-1] INFO  server.RaftServerConfigKeys (ConfUtils.java:logGet(43)) - raft.server.rpc.timeout.max = 5200ms (custom)
2019-09-10 07:28:44,745 [pool-505-thread-1] INFO  server.RaftServerConfigKeys (ConfUtils.java:logGet(43)) - raft.server.rpcslowness.timeout = 120s (custom)
2019-09-10 07:28:44,745 [pool-505-thread-1] INFO  server.RaftServerConfigKeys (ConfUtils.java:logGet(43)) - raft.server.sleep.deviation.threshold = 300 (default)
2019-09-10 07:28:44,745 [pool-505-thread-1] INFO  server.RaftServerConfigKeys (ConfUtils.java:logGet(43)) - raft.server.log.appender.install.snapshot.enabled = false (custom)
2019-09-10 07:28:44,745 [pool-505-thread-1] INFO  impl.RaftServerImpl (ServerState.java:<init>(105)) - 4362c079-8fac-4550-ad10-f10303ad6b45:group-5AE8FC1D881F ConfigurationManager, init=-1: [4362c079-8fac-4550-ad10-f10303ad6b45:192.168.34.25:43589], old=null, confs=<EMPTY_MAP>
2019-09-10 07:28:44,746 [pool-505-thread-1] INFO  server.RaftServerConfigKeys (ConfUtils.java:logGet(43)) - raft.server.storage.dir = [/workdir/hadoop-ozone/integration-test/target/test-dir/MiniOzoneClusterImpl-86be06f9-0c34-41f8-bcfc-872cf9ac1776/datanode-6/data/ratis] (custom)
2019-09-10 07:28:44,746 [pool-505-thread-1] INFO  storage.RaftStorageDirectory (RaftStorageDirectory.java:analyzeStorage(246)) - The storage directory /workdir/hadoop-ozone/integration-test/target/test-dir/MiniOzoneClusterImpl-86be06f9-0c34-41f8-bcfc-872cf9ac1776/datanode-6/data/ratis/1a059854-e58e-47e1-a5e3-5ae8fc1d881f does not exist. Creating ...
2019-09-10 07:28:44,765 [pool-505-thread-1] INFO  storage.RaftStorageDirectory (RaftStorageDirectory.java:tryLock(328)) - Lock on /workdir/hadoop-ozone/integration-test/target/test-dir/MiniOzoneClusterImpl-86be06f9-0c34-41f8-bcfc-872cf9ac1776/datanode-6/data/ratis/1a059854-e58e-47e1-a5e3-5ae8fc1d881f/in_use.lock acquired by nodename 12043@pr-hdds-2089-qxm8x-943445694
2019-09-10 07:28:44,769 [main] INFO  rpc.RpcClient (RpcClient.java:createVolume(293)) - Creating Volume: testblockoutputstream, with jenkins1000 as owner.
2019-09-10 07:28:44,771 | INFO  | OMAudit | user=jenkins1000 | ip=127.0.0.1 | op=CREATE_VOLUME {admin=jenkins1000, owner=jenkins1000, volume=testblockoutputstream, creationTime=1568100524770, quotaInBytes=1152921504606846976} | ret=SUCCESS |  
2019-09-10 07:28:44,781 [pool-505-thread-1] INFO  storage.RaftStorage (RaftStorage.java:format(72)) - Storage directory /workdir/hadoop-ozone/integration-test/target/test-dir/MiniOzoneClusterImpl-86be06f9-0c34-41f8-bcfc-872cf9ac1776/datanode-6/data/ratis/1a059854-e58e-47e1-a5e3-5ae8fc1d881f has been successfully formatted.
2019-09-10 07:28:44,781 [pool-505-thread-1] INFO  ratis.ContainerStateMachine (ContainerStateMachine.java:loadSnapshot(226)) - group-5AE8FC1D881F: The snapshot info is null. Setting the last applied indexto:(t:0, i:~)
2019-09-10 07:28:44,784 | INFO  | OMAudit | user=jenkins1000 | ip=127.0.0.1 | op=READ_VOLUME {volume=testblockoutputstream} | ret=SUCCESS |  
2019-09-10 07:28:44,784 [pool-505-thread-1] INFO  server.RaftServerConfigKeys (ConfUtils.java:logGet(43)) - raft.server.leader.election.timeout = 120s (custom)
2019-09-10 07:28:44,784 [pool-505-thread-1] INFO  server.RaftServerConfigKeys (ConfUtils.java:logGet(43)) - raft.server.log.use.memory = false (default)
2019-09-10 07:28:44,784 [pool-505-thread-1] INFO  server.RaftServerConfigKeys (ConfUtils.java:logGet(43)) - raft.server.log.purge.gap = 1000000 (custom)
2019-09-10 07:28:44,784 [pool-505-thread-1] INFO  server.RaftServerConfigKeys (ConfUtils.java:logGet(43)) - raft.server.log.appender.buffer.byte-limit = 33554432 (custom)
2019-09-10 07:28:44,784 [pool-505-thread-1] INFO  server.RaftServerConfigKeys (ConfUtils.java:logGet(43)) - raft.server.log.segment.size.max = 1048576 (custom)
2019-09-10 07:28:44,784 [pool-505-thread-1] INFO  server.RaftServerConfigKeys (ConfUtils.java:logGet(43)) - raft.server.log.segment.cache.num.max = 2 (custom)
2019-09-10 07:28:44,785 [pool-505-thread-1] INFO  segmented.SegmentedRaftLogWorker (SegmentedRaftLogWorker.java:<init>(172)) - new 4362c079-8fac-4550-ad10-f10303ad6b45-SegmentedRaftLogWorker:Storage Directory /workdir/hadoop-ozone/integration-test/target/test-dir/MiniOzoneClusterImpl-86be06f9-0c34-41f8-bcfc-872cf9ac1776/datanode-6/data/ratis/1a059854-e58e-47e1-a5e3-5ae8fc1d881f for RaftStorage:Storage Directory /workdir/hadoop-ozone/integration-test/target/test-dir/MiniOzoneClusterImpl-86be06f9-0c34-41f8-bcfc-872cf9ac1776/datanode-6/data/ratis/1a059854-e58e-47e1-a5e3-5ae8fc1d881f
2019-09-10 07:28:44,785 [main] INFO  rpc.RpcClient (RpcClient.java:createBucket(432)) - Creating Bucket: testblockoutputstream/testblockoutputstream, with Versioning false and Storage Type set to DISK and Encryption set to false 
2019-09-10 07:28:44,785 [pool-505-thread-1] INFO  server.RaftServerConfigKeys (ConfUtils.java:logGet(43)) - raft.server.log.queue.byte-limit = 2147483647 (custom)
2019-09-10 07:28:44,785 [pool-505-thread-1] INFO  server.RaftServerConfigKeys (ConfUtils.java:logGet(43)) - raft.server.log.queue.element-limit = 1024 (custom)
2019-09-10 07:28:44,785 [pool-505-thread-1] INFO  server.RaftServerConfigKeys (ConfUtils.java:logGet(43)) - raft.server.log.segment.size.max = 1048576 (custom)
2019-09-10 07:28:44,785 [pool-505-thread-1] INFO  server.RaftServerConfigKeys (ConfUtils.java:logGet(43)) - raft.server.log.preallocated.size = 16384 (custom)
2019-09-10 07:28:44,786 [pool-505-thread-1] INFO  server.RaftServerConfigKeys (ConfUtils.java:logGet(43)) - raft.server.log.write.buffer.size = 33554432 (custom)
2019-09-10 07:28:44,786 [pool-505-thread-1] INFO  server.RaftServerConfigKeys (ConfUtils.java:logGet(43)) - raft.server.log.force.sync.num = 128 (default)
2019-09-10 07:28:44,786 [pool-505-thread-1] INFO  server.RaftServerConfigKeys (ConfUtils.java:logGet(43)) - raft.server.log.statemachine.data.sync = true (default)
2019-09-10 07:28:44,786 [pool-505-thread-1] INFO  server.RaftServerConfigKeys (ConfUtils.java:logGet(43)) - raft.server.log.statemachine.data.sync.timeout = 10s (default)
2019-09-10 07:28:44,788 [pool-505-thread-1] INFO  server.RaftServerConfigKeys (ConfUtils.java:logGet(43)) - raft.server.log.statemachine.data.sync.timeout.retry = -1 (default)
2019-09-10 07:28:44,789 [pool-505-thread-1] INFO  server.RaftServerConfigKeys (ConfUtils.java:logGet(43)) - raft.server.log.statemachine.data.caching.enabled = true (custom)
2019-09-10 07:28:44,789 | INFO  | OMAudit | user=jenkins1000 | ip=127.0.0.1 | op=CREATE_BUCKET {volume=testblockoutputstream, bucket=testblockoutputstream, acls=[user:jenkins1000:a[ACCESS], group:default:a[ACCESS]], isVersionEnabled=false, storageType=DISK, creationTime=0} | ret=SUCCESS |  
2019-09-10 07:28:44,789 [pool-505-thread-1] INFO  segmented.SegmentedRaftLogWorker (SegmentedRaftLogWorker.java:lambda$new$0(132)) - 4362c079-8fac-4550-ad10-f10303ad6b45-SegmentedRaftLogWorker:Storage Directory /workdir/hadoop-ozone/integration-test/target/test-dir/MiniOzoneClusterImpl-86be06f9-0c34-41f8-bcfc-872cf9ac1776/datanode-6/data/ratis/1a059854-e58e-47e1-a5e3-5ae8fc1d881f: flushIndex: setUnconditionally 0 -> -1
2019-09-10 07:28:44,789 [pool-505-thread-1] INFO  server.RaftServerConfigKeys (ConfUtils.java:logGet(43)) - raft.server.snapshot.auto.trigger.enabled = true (custom)
2019-09-10 07:28:44,789 [pool-505-thread-1] INFO  server.RaftServerConfigKeys (ConfUtils.java:logGet(43)) - raft.server.snapshot.auto.trigger.threshold = 10000 (custom)
2019-09-10 07:28:44,790 [pool-505-thread-1] INFO  server.RaftServerConfigKeys (ConfUtils.java:logGet(43)) - raft.server.retrycache.expirytime = 600000ms (custom)
2019-09-10 07:28:44,790 [pool-505-thread-1] INFO  impl.RaftServerImpl (RaftServerImpl.java:start(180)) - 4362c079-8fac-4550-ad10-f10303ad6b45: start group-5AE8FC1D881F
2019-09-10 07:28:44,790 [pool-505-thread-1] INFO  impl.RaftServerImpl (RaftServerImpl.java:setRole(171)) - 4362c079-8fac-4550-ad10-f10303ad6b45:group-5AE8FC1D881F changes role from null to FOLLOWER at term 0 for startAsFollower
2019-09-10 07:28:44,790 [pool-505-thread-1] INFO  impl.RoleInfo (RoleInfo.java:updateAndGet(143)) - 4362c079-8fac-4550-ad10-f10303ad6b45: start FollowerState
2019-09-10 07:28:44,790 | INFO  | OMAudit | user=jenkins1000 | ip=127.0.0.1 | op=READ_VOLUME {volume=testblockoutputstream} | ret=SUCCESS |  
2019-09-10 07:28:44,790 [pool-505-thread-1] INFO  util.JmxRegister (JmxRegister.java:tryRegister(44)) - Successfully registered JMX Bean with object name Ratis:service=RaftServer,group=group-5AE8FC1D881F,id=4362c079-8fac-4550-ad10-f10303ad6b45
2019-09-10 07:28:44,794 | INFO  | OMAudit | user=jenkins1000 | ip=127.0.0.1 | op=READ_BUCKET {volume=testblockoutputstream, bucket=testblockoutputstream} | ret=SUCCESS |  
2019-09-10 07:28:44,795 [RatisPipelineUtilsThread] INFO  pipeline.PipelineStateManager (PipelineStateManager.java:addPipeline(56)) - Created pipeline Pipeline[ Id: 1a059854-e58e-47e1-a5e3-5ae8fc1d881f, Nodes: 4362c079-8fac-4550-ad10-f10303ad6b45{ip: 192.168.34.25, host: pr-hdds-2089-qxm8x-943445694, networkLocation: /default-rack, certSerialId: null}, Type:RATIS, Factor:ONE, State:OPEN]
2019-09-10 07:28:44,802 | INFO  | SCMAudit | user=jenkins1000 | ip=192.168.34.25 | op=ALLOCATE_BLOCK {owner=7351e981-4248-4270-8b00-ad97c04ab5ce, size=800, type=RATIS, factor=THREE} | ret=SUCCESS |  
2019-09-10 07:28:44,805 | INFO  | OMAudit | user=jenkins1000 | ip=127.0.0.1 | op=ALLOCATE_KEY {volume=testblockoutputstream, bucket=testblockoutputstream, key=f98524a6-9046-4098-922b-f57fbc534c5c, dataSize=0, replicationType=RATIS, replicationFactor=THREE, keyLocationInfo=null} | ret=SUCCESS |  
2019-09-10 07:28:44,819 [grpc-default-executor-9] INFO  client.GrpcClientProtocolClient (GrpcClientProtocolClient.java:onNext(255)) - client-7BE3B13A3093->7b54fe2b-72fc-4fdb-b200-ca51888498dc: receive RaftClientReply:client-7BE3B13A3093->7b54fe2b-72fc-4fdb-b200-ca51888498dc@group-218237C54F99, cid=175, FAILED org.apache.ratis.protocol.NotLeaderException: Server 7b54fe2b-72fc-4fdb-b200-ca51888498dc is not the leader (null). Request must be sent to leader., logIndex=0, commits[7b54fe2b-72fc-4fdb-b200-ca51888498dc:c-1]
2019-09-10 07:28:45,211 | INFO  | SCMAudit | user=jenkins1000 | ip=192.168.34.25 | op=SEND_HEARTBEAT {datanodeUUID=46af15eb-d7a1-4298-86d8-4efe8ccbe229, command=[]} | ret=SUCCESS |  
2019-09-10 07:28:45,400 | INFO  | SCMAudit | user=jenkins1000 | ip=192.168.34.25 | op=SEND_HEARTBEAT {datanodeUUID=1534d603-c8f3-4faf-8d7a-731d484c1a61, command=[]} | ret=SUCCESS |  
2019-09-10 07:28:45,580 | INFO  | SCMAudit | user=jenkins1000 | ip=192.168.34.25 | op=SEND_HEARTBEAT {datanodeUUID=4e051fbd-0f49-4b75-88cf-14abc2ce29e2, command=[]} | ret=SUCCESS |  
2019-09-10 07:28:45,837 [grpc-default-executor-11] INFO  client.GrpcClientProtocolClient (GrpcClientProtocolClient.java:onNext(255)) - client-7BE3B13A3093->7759a663-c43f-45c5-8beb-3587a0125019: receive RaftClientReply:client-7BE3B13A3093->7759a663-c43f-45c5-8beb-3587a0125019@group-218237C54F99, cid=175, FAILED org.apache.ratis.protocol.NotLeaderException: Server 7759a663-c43f-45c5-8beb-3587a0125019 is not the leader (null). Request must be sent to leader., logIndex=0, commits[7759a663-c43f-45c5-8beb-3587a0125019:c-1]
2019-09-10 07:28:46,155 | INFO  | SCMAudit | user=jenkins1000 | ip=192.168.34.25 | op=SEND_HEARTBEAT {datanodeUUID=7759a663-c43f-45c5-8beb-3587a0125019, command=[]} | ret=SUCCESS |  
2019-09-10 07:28:46,210 | INFO  | SCMAudit | user=jenkins1000 | ip=192.168.34.25 | op=SEND_HEARTBEAT {datanodeUUID=46af15eb-d7a1-4298-86d8-4efe8ccbe229, command=[]} | ret=SUCCESS |  
2019-09-10 07:28:46,223 [Thread-3292] INFO  container.ReplicationManager (ReplicationManager.java:start(152)) - Starting Replication Monitor Thread.
2019-09-10 07:28:46,228 [ReplicationMonitor] INFO  container.ReplicationManager (ReplicationManager.java:run(215)) - Replication Monitor Thread took 0 milliseconds for processing 1 containers.
2019-09-10 07:28:46,341 | INFO  | SCMAudit | user=jenkins1000 | ip=192.168.34.25 | op=SEND_HEARTBEAT {datanodeUUID=667758b7-f0cf-4654-9947-4f8e7cab0e1a, command=[]} | ret=SUCCESS |  
2019-09-10 07:28:46,401 | INFO  | SCMAudit | user=jenkins1000 | ip=192.168.34.25 | op=SEND_HEARTBEAT {datanodeUUID=1534d603-c8f3-4faf-8d7a-731d484c1a61, command=[]} | ret=SUCCESS |  
2019-09-10 07:28:46,538 | INFO  | SCMAudit | user=jenkins1000 | ip=192.168.34.25 | op=SEND_HEARTBEAT {datanodeUUID=7b54fe2b-72fc-4fdb-b200-ca51888498dc, command=[]} | ret=SUCCESS |  
2019-09-10 07:28:46,580 | INFO  | SCMAudit | user=jenkins1000 | ip=192.168.34.25 | op=SEND_HEARTBEAT {datanodeUUID=4e051fbd-0f49-4b75-88cf-14abc2ce29e2, command=[]} | ret=SUCCESS |  
2019-09-10 07:28:46,728 | INFO  | SCMAudit | user=jenkins1000 | ip=192.168.34.25 | op=SEND_HEARTBEAT {datanodeUUID=4362c079-8fac-4550-ad10-f10303ad6b45, command=[]} | ret=SUCCESS |  
2019-09-10 07:28:46,851 [grpc-default-executor-11] INFO  client.GrpcClientProtocolClient (GrpcClientProtocolClient.java:onNext(255)) - client-7BE3B13A3093->667758b7-f0cf-4654-9947-4f8e7cab0e1a: receive RaftClientReply:client-7BE3B13A3093->667758b7-f0cf-4654-9947-4f8e7cab0e1a@group-218237C54F99, cid=175, FAILED org.apache.ratis.protocol.NotLeaderException: Server 667758b7-f0cf-4654-9947-4f8e7cab0e1a is not the leader (null). Request must be sent to leader., logIndex=0, commits[667758b7-f0cf-4654-9947-4f8e7cab0e1a:c-1]
2019-09-10 07:28:47,156 | INFO  | SCMAudit | user=jenkins1000 | ip=192.168.34.25 | op=SEND_HEARTBEAT {datanodeUUID=7759a663-c43f-45c5-8beb-3587a0125019, command=[]} | ret=SUCCESS |  
2019-09-10 07:28:47,210 | INFO  | SCMAudit | user=jenkins1000 | ip=192.168.34.25 | op=SEND_HEARTBEAT {datanodeUUID=46af15eb-d7a1-4298-86d8-4efe8ccbe229, command=[]} | ret=SUCCESS |  
2019-09-10 07:28:47,342 | INFO  | SCMAudit | user=jenkins1000 | ip=192.168.34.25 | op=SEND_HEARTBEAT {datanodeUUID=667758b7-f0cf-4654-9947-4f8e7cab0e1a, command=[]} | ret=SUCCESS |  
2019-09-10 07:28:47,400 | INFO  | SCMAudit | user=jenkins1000 | ip=192.168.34.25 | op=SEND_HEARTBEAT {datanodeUUID=1534d603-c8f3-4faf-8d7a-731d484c1a61, command=[]} | ret=SUCCESS |  
2019-09-10 07:28:47,538 | INFO  | SCMAudit | user=jenkins1000 | ip=192.168.34.25 | op=SEND_HEARTBEAT {datanodeUUID=7b54fe2b-72fc-4fdb-b200-ca51888498dc, command=[]} | ret=SUCCESS |  
2019-09-10 07:28:47,581 | INFO  | SCMAudit | user=jenkins1000 | ip=192.168.34.25 | op=SEND_HEARTBEAT {datanodeUUID=4e051fbd-0f49-4b75-88cf-14abc2ce29e2, command=[]} | ret=SUCCESS |  
2019-09-10 07:28:47,728 | INFO  | SCMAudit | user=jenkins1000 | ip=192.168.34.25 | op=SEND_HEARTBEAT {datanodeUUID=4362c079-8fac-4550-ad10-f10303ad6b45, command=[]} | ret=SUCCESS |  
2019-09-10 07:28:47,866 [grpc-default-executor-9] INFO  client.GrpcClientProtocolClient (GrpcClientProtocolClient.java:onNext(255)) - client-7BE3B13A3093->7759a663-c43f-45c5-8beb-3587a0125019: receive RaftClientReply:client-7BE3B13A3093->7759a663-c43f-45c5-8beb-3587a0125019@group-218237C54F99, cid=175, FAILED org.apache.ratis.protocol.NotLeaderException: Server 7759a663-c43f-45c5-8beb-3587a0125019 is not the leader (null). Request must be sent to leader., logIndex=0, commits[7759a663-c43f-45c5-8beb-3587a0125019:c-1]
2019-09-10 07:28:48,156 | INFO  | SCMAudit | user=jenkins1000 | ip=192.168.34.25 | op=SEND_HEARTBEAT {datanodeUUID=7759a663-c43f-45c5-8beb-3587a0125019, command=[]} | ret=SUCCESS |  
2019-09-10 07:28:48,211 | INFO  | SCMAudit | user=jenkins1000 | ip=192.168.34.25 | op=SEND_HEARTBEAT {datanodeUUID=46af15eb-d7a1-4298-86d8-4efe8ccbe229, command=[]} | ret=SUCCESS |  
2019-09-10 07:28:48,341 | INFO  | SCMAudit | user=jenkins1000 | ip=192.168.34.25 | op=SEND_HEARTBEAT {datanodeUUID=667758b7-f0cf-4654-9947-4f8e7cab0e1a, command=[]} | ret=SUCCESS |  
2019-09-10 07:28:48,352 [Thread-3294] INFO  impl.FollowerState (FollowerState.java:run(106)) - 46af15eb-d7a1-4298-86d8-4efe8ccbe229:group-31CB3276ABAD changes to CANDIDATE, lastRpcTime:5069, electionTimeout:5069ms
2019-09-10 07:28:48,353 [Thread-3294] INFO  impl.RoleInfo (RoleInfo.java:shutdownFollowerState(121)) - 46af15eb-d7a1-4298-86d8-4efe8ccbe229: shutdown FollowerState
2019-09-10 07:28:48,353 [Thread-3294] INFO  impl.RaftServerImpl (RaftServerImpl.java:setRole(171)) - 46af15eb-d7a1-4298-86d8-4efe8ccbe229:group-31CB3276ABAD changes role from FOLLOWER to CANDIDATE at term 0 for changeToCandidate
2019-09-10 07:28:48,353 [Thread-3294] INFO  impl.RoleInfo (RoleInfo.java:updateAndGet(143)) - 46af15eb-d7a1-4298-86d8-4efe8ccbe229: start LeaderElection
2019-09-10 07:28:48,385 [46af15eb-d7a1-4298-86d8-4efe8ccbe229:group-31CB3276ABAD:LeaderElection56] INFO  impl.LeaderElection (LeaderElection.java:askForVotes(181)) - 46af15eb-d7a1-4298-86d8-4efe8ccbe229:group-31CB3276ABAD:LeaderElection56: begin an election at term 1 for -1: [46af15eb-d7a1-4298-86d8-4efe8ccbe229:192.168.34.25:44298], old=null
2019-09-10 07:28:48,385 [46af15eb-d7a1-4298-86d8-4efe8ccbe229:group-31CB3276ABAD:LeaderElection56] INFO  impl.RoleInfo (RoleInfo.java:shutdownLeaderElection(134)) - 46af15eb-d7a1-4298-86d8-4efe8ccbe229: shutdown LeaderElection
2019-09-10 07:28:48,386 [46af15eb-d7a1-4298-86d8-4efe8ccbe229:group-31CB3276ABAD:LeaderElection56] INFO  impl.RaftServerImpl (RaftServerImpl.java:setRole(171)) - 46af15eb-d7a1-4298-86d8-4efe8ccbe229:group-31CB3276ABAD changes role from CANDIDATE to LEADER at term 1 for changeToLeader
2019-09-10 07:28:48,386 [46af15eb-d7a1-4298-86d8-4efe8ccbe229:group-31CB3276ABAD:LeaderElection56] INFO  impl.RaftServerImpl (ServerState.java:setLeader(263)) - 46af15eb-d7a1-4298-86d8-4efe8ccbe229:group-31CB3276ABAD change Leader from null to 46af15eb-d7a1-4298-86d8-4efe8ccbe229 at term 1 for becomeLeader, leader elected after 5107ms
2019-09-10 07:28:48,386 [46af15eb-d7a1-4298-86d8-4efe8ccbe229:group-31CB3276ABAD:LeaderElection56] INFO  server.RaftServerConfigKeys (ConfUtils.java:logGet(43)) - raft.server.staging.catchup.gap = 1000 (default)
2019-09-10 07:28:48,386 [46af15eb-d7a1-4298-86d8-4efe8ccbe229:group-31CB3276ABAD:LeaderElection56] INFO  server.RaftServerConfigKeys (ConfUtils.java:logGet(43)) - raft.server.rpc.sleep.time = 25ms (default)
2019-09-10 07:28:48,386 [46af15eb-d7a1-4298-86d8-4efe8ccbe229:group-31CB3276ABAD:LeaderElection56] INFO  server.RaftServerConfigKeys (ConfUtils.java:logGet(43)) - raft.server.write.element-limit = 4096 (default)
2019-09-10 07:28:48,386 [46af15eb-d7a1-4298-86d8-4efe8ccbe229:group-31CB3276ABAD:LeaderElection56] INFO  server.RaftServerConfigKeys (ConfUtils.java:logGet(43)) - raft.server.watch.timeout = 10s (default)
2019-09-10 07:28:48,386 [46af15eb-d7a1-4298-86d8-4efe8ccbe229:group-31CB3276ABAD:LeaderElection56] INFO  server.RaftServerConfigKeys (ConfUtils.java:logGet(43)) - raft.server.watch.timeout.denomination = 1s (default)
2019-09-10 07:28:48,387 [46af15eb-d7a1-4298-86d8-4efe8ccbe229:group-31CB3276ABAD:LeaderElection56] INFO  server.RaftServerConfigKeys (ConfUtils.java:logGet(43)) - raft.server.watch.element-limit = 65536 (default)
2019-09-10 07:28:48,387 [46af15eb-d7a1-4298-86d8-4efe8ccbe229:group-31CB3276ABAD:LeaderElection56] INFO  impl.RoleInfo (RoleInfo.java:updateAndGet(143)) - 46af15eb-d7a1-4298-86d8-4efe8ccbe229: start LeaderState
2019-09-10 07:28:48,387 [46af15eb-d7a1-4298-86d8-4efe8ccbe229:group-31CB3276ABAD:LeaderElection56] INFO  segmented.SegmentedRaftLogWorker (SegmentedRaftLogWorker.java:startLogSegment(380)) - 46af15eb-d7a1-4298-86d8-4efe8ccbe229-SegmentedRaftLogWorker:Storage Directory /workdir/hadoop-ozone/integration-test/target/test-dir/MiniOzoneClusterImpl-86be06f9-0c34-41f8-bcfc-872cf9ac1776/datanode-0/data/ratis/4f2d03b3-0cb1-437f-95fe-31cb3276abad: Starting segment from index:0
2019-09-10 07:28:48,388 [46af15eb-d7a1-4298-86d8-4efe8ccbe229:group-31CB3276ABAD:LeaderElection56] INFO  impl.RaftServerImpl (ServerState.java:setRaftConf(361)) - 46af15eb-d7a1-4298-86d8-4efe8ccbe229:group-31CB3276ABAD set configuration 0: [46af15eb-d7a1-4298-86d8-4efe8ccbe229:192.168.34.25:44298], old=null at 0
2019-09-10 07:28:48,425 | INFO  | SCMAudit | user=jenkins1000 | ip=192.168.34.25 | op=SEND_HEARTBEAT {datanodeUUID=1534d603-c8f3-4faf-8d7a-731d484c1a61, command=[]} | ret=SUCCESS |  
2019-09-10 07:28:48,437 [46af15eb-d7a1-4298-86d8-4efe8ccbe229-SegmentedRaftLogWorker:Storage Directory /workdir/hadoop-ozone/integration-test/target/test-dir/MiniOzoneClusterImpl-86be06f9-0c34-41f8-bcfc-872cf9ac1776/datanode-0/data/ratis/4f2d03b3-0cb1-437f-95fe-31cb3276abad] INFO  segmented.SegmentedRaftLogWorker (SegmentedRaftLogWorker.java:execute(569)) - 46af15eb-d7a1-4298-86d8-4efe8ccbe229-SegmentedRaftLogWorker:Storage Directory /workdir/hadoop-ozone/integration-test/target/test-dir/MiniOzoneClusterImpl-86be06f9-0c34-41f8-bcfc-872cf9ac1776/datanode-0/data/ratis/4f2d03b3-0cb1-437f-95fe-31cb3276abad: created new log segment /workdir/hadoop-ozone/integration-test/target/test-dir/MiniOzoneClusterImpl-86be06f9-0c34-41f8-bcfc-872cf9ac1776/datanode-0/data/ratis/4f2d03b3-0cb1-437f-95fe-31cb3276abad/current/log_inprogress_0
2019-09-10 07:28:48,539 | INFO  | SCMAudit | user=jenkins1000 | ip=192.168.34.25 | op=SEND_HEARTBEAT {datanodeUUID=7b54fe2b-72fc-4fdb-b200-ca51888498dc, command=[]} | ret=SUCCESS |  
2019-09-10 07:28:48,581 | INFO  | SCMAudit | user=jenkins1000 | ip=192.168.34.25 | op=SEND_HEARTBEAT {datanodeUUID=4e051fbd-0f49-4b75-88cf-14abc2ce29e2, command=[]} | ret=SUCCESS |  
2019-09-10 07:28:48,622 [Thread-3297] INFO  impl.FollowerState (FollowerState.java:run(106)) - 1534d603-c8f3-4faf-8d7a-731d484c1a61:group-0985DE82ABF7 changes to CANDIDATE, lastRpcTime:5176, electionTimeout:5176ms
2019-09-10 07:28:48,622 [Thread-3297] INFO  impl.RoleInfo (RoleInfo.java:shutdownFollowerState(121)) - 1534d603-c8f3-4faf-8d7a-731d484c1a61: shutdown FollowerState
2019-09-10 07:28:48,622 [Thread-3297] INFO  impl.RaftServerImpl (RaftServerImpl.java:setRole(171)) - 1534d603-c8f3-4faf-8d7a-731d484c1a61:group-0985DE82ABF7 changes role from FOLLOWER to CANDIDATE at term 0 for changeToCandidate
2019-09-10 07:28:48,622 [Thread-3297] INFO  impl.RoleInfo (RoleInfo.java:updateAndGet(143)) - 1534d603-c8f3-4faf-8d7a-731d484c1a61: start LeaderElection
2019-09-10 07:28:48,642 [1534d603-c8f3-4faf-8d7a-731d484c1a61:group-0985DE82ABF7:LeaderElection57] INFO  impl.LeaderElection (LeaderElection.java:askForVotes(181)) - 1534d603-c8f3-4faf-8d7a-731d484c1a61:group-0985DE82ABF7:LeaderElection57: begin an election at term 1 for -1: [1534d603-c8f3-4faf-8d7a-731d484c1a61:192.168.34.25:37346], old=null
2019-09-10 07:28:48,642 [1534d603-c8f3-4faf-8d7a-731d484c1a61:group-0985DE82ABF7:LeaderElection57] INFO  impl.RoleInfo (RoleInfo.java:shutdownLeaderElection(134)) - 1534d603-c8f3-4faf-8d7a-731d484c1a61: shutdown LeaderElection
2019-09-10 07:28:48,642 [1534d603-c8f3-4faf-8d7a-731d484c1a61:group-0985DE82ABF7:LeaderElection57] INFO  impl.RaftServerImpl (RaftServerImpl.java:setRole(171)) - 1534d603-c8f3-4faf-8d7a-731d484c1a61:group-0985DE82ABF7 changes role from CANDIDATE to LEADER at term 1 for changeToLeader
2019-09-10 07:28:48,642 [1534d603-c8f3-4faf-8d7a-731d484c1a61:group-0985DE82ABF7:LeaderElection57] INFO  impl.RaftServerImpl (ServerState.java:setLeader(263)) - 1534d603-c8f3-4faf-8d7a-731d484c1a61:group-0985DE82ABF7 change Leader from null to 1534d603-c8f3-4faf-8d7a-731d484c1a61 at term 1 for becomeLeader, leader elected after 5202ms
2019-09-10 07:28:48,643 [1534d603-c8f3-4faf-8d7a-731d484c1a61:group-0985DE82ABF7:LeaderElection57] INFO  server.RaftServerConfigKeys (ConfUtils.java:logGet(43)) - raft.server.staging.catchup.gap = 1000 (default)
2019-09-10 07:28:48,643 [1534d603-c8f3-4faf-8d7a-731d484c1a61:group-0985DE82ABF7:LeaderElection57] INFO  server.RaftServerConfigKeys (ConfUtils.java:logGet(43)) - raft.server.rpc.sleep.time = 25ms (default)
2019-09-10 07:28:48,643 [1534d603-c8f3-4faf-8d7a-731d484c1a61:group-0985DE82ABF7:LeaderElection57] INFO  server.RaftServerConfigKeys (ConfUtils.java:logGet(43)) - raft.server.write.element-limit = 4096 (default)
2019-09-10 07:28:48,643 [1534d603-c8f3-4faf-8d7a-731d484c1a61:group-0985DE82ABF7:LeaderElection57] INFO  server.RaftServerConfigKeys (ConfUtils.java:logGet(43)) - raft.server.watch.timeout = 10s (default)
2019-09-10 07:28:48,643 [1534d603-c8f3-4faf-8d7a-731d484c1a61:group-0985DE82ABF7:LeaderElection57] INFO  server.RaftServerConfigKeys (ConfUtils.java:logGet(43)) - raft.server.watch.timeout.denomination = 1s (default)
2019-09-10 07:28:48,643 [1534d603-c8f3-4faf-8d7a-731d484c1a61:group-0985DE82ABF7:LeaderElection57] INFO  server.RaftServerConfigKeys (ConfUtils.java:logGet(43)) - raft.server.watch.element-limit = 65536 (default)
2019-09-10 07:28:48,644 [1534d603-c8f3-4faf-8d7a-731d484c1a61:group-0985DE82ABF7:LeaderElection57] INFO  impl.RoleInfo (RoleInfo.java:updateAndGet(143)) - 1534d603-c8f3-4faf-8d7a-731d484c1a61: start LeaderState
2019-09-10 07:28:48,644 [1534d603-c8f3-4faf-8d7a-731d484c1a61:group-0985DE82ABF7:LeaderElection57] INFO  segmented.SegmentedRaftLogWorker (SegmentedRaftLogWorker.java:startLogSegment(380)) - 1534d603-c8f3-4faf-8d7a-731d484c1a61-SegmentedRaftLogWorker:Storage Directory /workdir/hadoop-ozone/integration-test/target/test-dir/MiniOzoneClusterImpl-86be06f9-0c34-41f8-bcfc-872cf9ac1776/datanode-1/data/ratis/b4e0f8e5-eb75-42a6-8df0-0985de82abf7: Starting segment from index:0
2019-09-10 07:28:48,644 [1534d603-c8f3-4faf-8d7a-731d484c1a61:group-0985DE82ABF7:LeaderElection57] INFO  impl.RaftServerImpl (ServerState.java:setRaftConf(361)) - 1534d603-c8f3-4faf-8d7a-731d484c1a61:group-0985DE82ABF7 set configuration 0: [1534d603-c8f3-4faf-8d7a-731d484c1a61:192.168.34.25:37346], old=null at 0
2019-09-10 07:28:48,696 [1534d603-c8f3-4faf-8d7a-731d484c1a61-SegmentedRaftLogWorker:Storage Directory /workdir/hadoop-ozone/integration-test/target/test-dir/MiniOzoneClusterImpl-86be06f9-0c34-41f8-bcfc-872cf9ac1776/datanode-1/data/ratis/b4e0f8e5-eb75-42a6-8df0-0985de82abf7] INFO  segmented.SegmentedRaftLogWorker (SegmentedRaftLogWorker.java:execute(569)) - 1534d603-c8f3-4faf-8d7a-731d484c1a61-SegmentedRaftLogWorker:Storage Directory /workdir/hadoop-ozone/integration-test/target/test-dir/MiniOzoneClusterImpl-86be06f9-0c34-41f8-bcfc-872cf9ac1776/datanode-1/data/ratis/b4e0f8e5-eb75-42a6-8df0-0985de82abf7: created new log segment /workdir/hadoop-ozone/integration-test/target/test-dir/MiniOzoneClusterImpl-86be06f9-0c34-41f8-bcfc-872cf9ac1776/datanode-1/data/ratis/b4e0f8e5-eb75-42a6-8df0-0985de82abf7/current/log_inprogress_0
2019-09-10 07:28:48,729 | INFO  | SCMAudit | user=jenkins1000 | ip=192.168.34.25 | op=SEND_HEARTBEAT {datanodeUUID=4362c079-8fac-4550-ad10-f10303ad6b45, command=[]} | ret=SUCCESS |  
2019-09-10 07:28:48,738 [Thread-3300] INFO  impl.FollowerState (FollowerState.java:run(106)) - 4e051fbd-0f49-4b75-88cf-14abc2ce29e2:group-CC10E6F9984D changes to CANDIDATE, lastRpcTime:5102, electionTimeout:5102ms
2019-09-10 07:28:48,738 [Thread-3300] INFO  impl.RoleInfo (RoleInfo.java:shutdownFollowerState(121)) - 4e051fbd-0f49-4b75-88cf-14abc2ce29e2: shutdown FollowerState
2019-09-10 07:28:48,738 [Thread-3300] INFO  impl.RaftServerImpl (RaftServerImpl.java:setRole(171)) - 4e051fbd-0f49-4b75-88cf-14abc2ce29e2:group-CC10E6F9984D changes role from FOLLOWER to CANDIDATE at term 0 for changeToCandidate
2019-09-10 07:28:48,738 [Thread-3300] INFO  impl.RoleInfo (RoleInfo.java:updateAndGet(143)) - 4e051fbd-0f49-4b75-88cf-14abc2ce29e2: start LeaderElection
2019-09-10 07:28:48,738 [Thread-3309] INFO  impl.FollowerState (FollowerState.java:run(106)) - 4e051fbd-0f49-4b75-88cf-14abc2ce29e2:group-46E86F648570 changes to CANDIDATE, lastRpcTime:5003, electionTimeout:5003ms
2019-09-10 07:28:48,739 [Thread-3309] INFO  impl.RoleInfo (RoleInfo.java:shutdownFollowerState(121)) - 4e051fbd-0f49-4b75-88cf-14abc2ce29e2: shutdown FollowerState
2019-09-10 07:28:48,741 [Thread-3309] INFO  impl.RaftServerImpl (RaftServerImpl.java:setRole(171)) - 4e051fbd-0f49-4b75-88cf-14abc2ce29e2:group-46E86F648570 changes role from FOLLOWER to CANDIDATE at term 0 for changeToCandidate
2019-09-10 07:28:48,742 [Thread-3309] INFO  impl.RoleInfo (RoleInfo.java:updateAndGet(143)) - 4e051fbd-0f49-4b75-88cf-14abc2ce29e2: start LeaderElection
2019-09-10 07:28:48,762 [4e051fbd-0f49-4b75-88cf-14abc2ce29e2:group-46E86F648570:LeaderElection59] INFO  impl.LeaderElection (LeaderElection.java:askForVotes(181)) - 4e051fbd-0f49-4b75-88cf-14abc2ce29e2:group-46E86F648570:LeaderElection59: begin an election at term 1 for -1: [4e051fbd-0f49-4b75-88cf-14abc2ce29e2:192.168.34.25:42243, 46af15eb-d7a1-4298-86d8-4efe8ccbe229:192.168.34.25:44298, 1534d603-c8f3-4faf-8d7a-731d484c1a61:192.168.34.25:37346], old=null
2019-09-10 07:28:48,762 [4e051fbd-0f49-4b75-88cf-14abc2ce29e2:group-CC10E6F9984D:LeaderElection58] INFO  impl.LeaderElection (LeaderElection.java:askForVotes(181)) - 4e051fbd-0f49-4b75-88cf-14abc2ce29e2:group-CC10E6F9984D:LeaderElection58: begin an election at term 1 for -1: [4e051fbd-0f49-4b75-88cf-14abc2ce29e2:192.168.34.25:42243], old=null
2019-09-10 07:28:48,762 [4e051fbd-0f49-4b75-88cf-14abc2ce29e2:group-CC10E6F9984D:LeaderElection58] INFO  impl.RoleInfo (RoleInfo.java:shutdownLeaderElection(134)) - 4e051fbd-0f49-4b75-88cf-14abc2ce29e2: shutdown LeaderElection
2019-09-10 07:28:48,762 [4e051fbd-0f49-4b75-88cf-14abc2ce29e2:group-CC10E6F9984D:LeaderElection58] INFO  impl.RaftServerImpl (RaftServerImpl.java:setRole(171)) - 4e051fbd-0f49-4b75-88cf-14abc2ce29e2:group-CC10E6F9984D changes role from CANDIDATE to LEADER at term 1 for changeToLeader
2019-09-10 07:28:48,762 [4e051fbd-0f49-4b75-88cf-14abc2ce29e2:group-CC10E6F9984D:LeaderElection58] INFO  impl.RaftServerImpl (ServerState.java:setLeader(263)) - 4e051fbd-0f49-4b75-88cf-14abc2ce29e2:group-CC10E6F9984D change Leader from null to 4e051fbd-0f49-4b75-88cf-14abc2ce29e2 at term 1 for becomeLeader, leader elected after 5131ms
2019-09-10 07:28:48,762 [4e051fbd-0f49-4b75-88cf-14abc2ce29e2:group-CC10E6F9984D:LeaderElection58] INFO  server.RaftServerConfigKeys (ConfUtils.java:logGet(43)) - raft.server.staging.catchup.gap = 1000 (default)
2019-09-10 07:28:48,762 [4e051fbd-0f49-4b75-88cf-14abc2ce29e2:group-CC10E6F9984D:LeaderElection58] INFO  server.RaftServerConfigKeys (ConfUtils.java:logGet(43)) - raft.server.rpc.sleep.time = 25ms (default)
2019-09-10 07:28:48,763 [4e051fbd-0f49-4b75-88cf-14abc2ce29e2:group-CC10E6F9984D:LeaderElection58] INFO  server.RaftServerConfigKeys (ConfUtils.java:logGet(43)) - raft.server.write.element-limit = 4096 (default)
2019-09-10 07:28:48,763 [4e051fbd-0f49-4b75-88cf-14abc2ce29e2:group-CC10E6F9984D:LeaderElection58] INFO  server.RaftServerConfigKeys (ConfUtils.java:logGet(43)) - raft.server.watch.timeout = 10s (default)
2019-09-10 07:28:48,763 [4e051fbd-0f49-4b75-88cf-14abc2ce29e2:group-CC10E6F9984D:LeaderElection58] INFO  server.RaftServerConfigKeys (ConfUtils.java:logGet(43)) - raft.server.watch.timeout.denomination = 1s (default)
2019-09-10 07:28:48,763 [4e051fbd-0f49-4b75-88cf-14abc2ce29e2:group-CC10E6F9984D:LeaderElection58] INFO  server.RaftServerConfigKeys (ConfUtils.java:logGet(43)) - raft.server.watch.element-limit = 65536 (default)
2019-09-10 07:28:48,763 [4e051fbd-0f49-4b75-88cf-14abc2ce29e2:group-CC10E6F9984D:LeaderElection58] INFO  impl.RoleInfo (RoleInfo.java:updateAndGet(143)) - 4e051fbd-0f49-4b75-88cf-14abc2ce29e2: start LeaderState
2019-09-10 07:28:48,763 [4e051fbd-0f49-4b75-88cf-14abc2ce29e2:group-CC10E6F9984D:LeaderElection58] INFO  segmented.SegmentedRaftLogWorker (SegmentedRaftLogWorker.java:startLogSegment(380)) - 4e051fbd-0f49-4b75-88cf-14abc2ce29e2-SegmentedRaftLogWorker:Storage Directory /workdir/hadoop-ozone/integration-test/target/test-dir/MiniOzoneClusterImpl-86be06f9-0c34-41f8-bcfc-872cf9ac1776/datanode-2/data/ratis/d446dfda-d86d-4dd5-96ee-cc10e6f9984d: Starting segment from index:0
2019-09-10 07:28:48,766 [4e051fbd-0f49-4b75-88cf-14abc2ce29e2:group-CC10E6F9984D:LeaderElection58] INFO  impl.RaftServerImpl (ServerState.java:setRaftConf(361)) - 4e051fbd-0f49-4b75-88cf-14abc2ce29e2:group-CC10E6F9984D set configuration 0: [4e051fbd-0f49-4b75-88cf-14abc2ce29e2:192.168.34.25:42243], old=null at 0
2019-09-10 07:28:48,804 [grpc-default-executor-11] INFO  impl.RaftServerImpl (RaftServerImpl.java:setRole(171)) - 46af15eb-d7a1-4298-86d8-4efe8ccbe229:group-46E86F648570 changes role from FOLLOWER to FOLLOWER at term 1 for recognizeCandidate:4e051fbd-0f49-4b75-88cf-14abc2ce29e2
2019-09-10 07:28:48,805 [grpc-default-executor-9] INFO  impl.RaftServerImpl (RaftServerImpl.java:setRole(171)) - 1534d603-c8f3-4faf-8d7a-731d484c1a61:group-46E86F648570 changes role from FOLLOWER to FOLLOWER at term 1 for recognizeCandidate:4e051fbd-0f49-4b75-88cf-14abc2ce29e2
2019-09-10 07:28:48,805 [grpc-default-executor-11] INFO  impl.RoleInfo (RoleInfo.java:shutdownFollowerState(121)) - 46af15eb-d7a1-4298-86d8-4efe8ccbe229: shutdown FollowerState
2019-09-10 07:28:48,805 [grpc-default-executor-9] INFO  impl.RoleInfo (RoleInfo.java:shutdownFollowerState(121)) - 1534d603-c8f3-4faf-8d7a-731d484c1a61: shutdown FollowerState
2019-09-10 07:28:48,805 [Thread-3305] INFO  impl.FollowerState (FollowerState.java:run(114)) - 46af15eb-d7a1-4298-86d8-4efe8ccbe229: FollowerState was interrupted: java.lang.InterruptedException: sleep interrupted
2019-09-10 07:28:48,805 [Thread-3303] INFO  impl.FollowerState (FollowerState.java:run(114)) - 1534d603-c8f3-4faf-8d7a-731d484c1a61: FollowerState was interrupted: java.lang.InterruptedException: sleep interrupted
2019-09-10 07:28:48,805 [grpc-default-executor-11] INFO  impl.RoleInfo (RoleInfo.java:updateAndGet(143)) - 46af15eb-d7a1-4298-86d8-4efe8ccbe229: start FollowerState
2019-09-10 07:28:48,805 [grpc-default-executor-9] INFO  impl.RoleInfo (RoleInfo.java:updateAndGet(143)) - 1534d603-c8f3-4faf-8d7a-731d484c1a61: start FollowerState
2019-09-10 07:28:48,823 [4e051fbd-0f49-4b75-88cf-14abc2ce29e2-SegmentedRaftLogWorker:Storage Directory /workdir/hadoop-ozone/integration-test/target/test-dir/MiniOzoneClusterImpl-86be06f9-0c34-41f8-bcfc-872cf9ac1776/datanode-2/data/ratis/d446dfda-d86d-4dd5-96ee-cc10e6f9984d] INFO  segmented.SegmentedRaftLogWorker (SegmentedRaftLogWorker.java:execute(569)) - 4e051fbd-0f49-4b75-88cf-14abc2ce29e2-SegmentedRaftLogWorker:Storage Directory /workdir/hadoop-ozone/integration-test/target/test-dir/MiniOzoneClusterImpl-86be06f9-0c34-41f8-bcfc-872cf9ac1776/datanode-2/data/ratis/d446dfda-d86d-4dd5-96ee-cc10e6f9984d: created new log segment /workdir/hadoop-ozone/integration-test/target/test-dir/MiniOzoneClusterImpl-86be06f9-0c34-41f8-bcfc-872cf9ac1776/datanode-2/data/ratis/d446dfda-d86d-4dd5-96ee-cc10e6f9984d/current/log_inprogress_0
2019-09-10 07:28:48,828 [4e051fbd-0f49-4b75-88cf-14abc2ce29e2:group-46E86F648570:LeaderElection59] INFO  impl.LeaderElection (LeaderElection.java:logAndReturn(56)) - 4e051fbd-0f49-4b75-88cf-14abc2ce29e2:group-46E86F648570:LeaderElection59: Election PASSED; received 1 response(s) [4e051fbd-0f49-4b75-88cf-14abc2ce29e2<-1534d603-c8f3-4faf-8d7a-731d484c1a61#0:OK-t1] and 0 exception(s); 4e051fbd-0f49-4b75-88cf-14abc2ce29e2:t1, leader=null, voted=4e051fbd-0f49-4b75-88cf-14abc2ce29e2, raftlog=4e051fbd-0f49-4b75-88cf-14abc2ce29e2-SegmentedRaftLog:OPENED:c-1,f-1,i0, conf=-1: [4e051fbd-0f49-4b75-88cf-14abc2ce29e2:192.168.34.25:42243, 46af15eb-d7a1-4298-86d8-4efe8ccbe229:192.168.34.25:44298, 1534d603-c8f3-4faf-8d7a-731d484c1a61:192.168.34.25:37346], old=null
2019-09-10 07:28:48,829 [4e051fbd-0f49-4b75-88cf-14abc2ce29e2:group-46E86F648570:LeaderElection59] INFO  impl.RoleInfo (RoleInfo.java:shutdownLeaderElection(134)) - 4e051fbd-0f49-4b75-88cf-14abc2ce29e2: shutdown LeaderElection
2019-09-10 07:28:48,829 [4e051fbd-0f49-4b75-88cf-14abc2ce29e2:group-46E86F648570:LeaderElection59] INFO  impl.RaftServerImpl (RaftServerImpl.java:setRole(171)) - 4e051fbd-0f49-4b75-88cf-14abc2ce29e2:group-46E86F648570 changes role from CANDIDATE to LEADER at term 1 for changeToLeader
2019-09-10 07:28:48,829 [4e051fbd-0f49-4b75-88cf-14abc2ce29e2:group-46E86F648570:LeaderElection59] INFO  impl.RaftServerImpl (ServerState.java:setLeader(263)) - 4e051fbd-0f49-4b75-88cf-14abc2ce29e2:group-46E86F648570 change Leader from null to 4e051fbd-0f49-4b75-88cf-14abc2ce29e2 at term 1 for becomeLeader, leader elected after 5126ms
2019-09-10 07:28:48,829 [4e051fbd-0f49-4b75-88cf-14abc2ce29e2:group-46E86F648570:LeaderElection59] INFO  server.RaftServerConfigKeys (ConfUtils.java:logGet(43)) - raft.server.staging.catchup.gap = 1000 (default)
2019-09-10 07:28:48,829 [4e051fbd-0f49-4b75-88cf-14abc2ce29e2:group-46E86F648570:LeaderElection59] INFO  server.RaftServerConfigKeys (ConfUtils.java:logGet(43)) - raft.server.rpc.sleep.time = 25ms (default)
2019-09-10 07:28:48,829 [4e051fbd-0f49-4b75-88cf-14abc2ce29e2:group-46E86F648570:LeaderElection59] INFO  server.RaftServerConfigKeys (ConfUtils.java:logGet(43)) - raft.server.write.element-limit = 4096 (default)
2019-09-10 07:28:48,829 [4e051fbd-0f49-4b75-88cf-14abc2ce29e2:group-46E86F648570:LeaderElection59] INFO  server.RaftServerConfigKeys (ConfUtils.java:logGet(43)) - raft.server.watch.timeout = 10s (default)
2019-09-10 07:28:48,830 [4e051fbd-0f49-4b75-88cf-14abc2ce29e2:group-46E86F648570:LeaderElection59] INFO  server.RaftServerConfigKeys (ConfUtils.java:logGet(43)) - raft.server.watch.timeout.denomination = 1s (default)
2019-09-10 07:28:48,830 [4e051fbd-0f49-4b75-88cf-14abc2ce29e2:group-46E86F648570:LeaderElection59] INFO  server.RaftServerConfigKeys (ConfUtils.java:logGet(43)) - raft.server.watch.element-limit = 65536 (default)
2019-09-10 07:28:48,830 [4e051fbd-0f49-4b75-88cf-14abc2ce29e2:group-46E86F648570:LeaderElection59] INFO  server.RaftServerConfigKeys (ConfUtils.java:logGet(43)) - raft.server.log.appender.snapshot.chunk.size.max = 16MB (=16777216) (default)
2019-09-10 07:28:48,830 [4e051fbd-0f49-4b75-88cf-14abc2ce29e2:group-46E86F648570:LeaderElection59] INFO  server.RaftServerConfigKeys (ConfUtils.java:logGet(43)) - raft.server.log.appender.buffer.byte-limit = 33554432 (custom)
2019-09-10 07:28:48,830 [4e051fbd-0f49-4b75-88cf-14abc2ce29e2:group-46E86F648570:LeaderElection59] INFO  server.RaftServerConfigKeys (ConfUtils.java:logGet(43)) - raft.server.log.appender.buffer.element-limit = 1 (custom)
2019-09-10 07:28:48,830 [4e051fbd-0f49-4b75-88cf-14abc2ce29e2:group-46E86F648570:LeaderElection59] INFO  grpc.GrpcConfigKeys$Server (ConfUtils.java:logGet(43)) - raft.grpc.server.leader.outstanding.appends.max = 128 (default)
2019-09-10 07:28:48,831 [4e051fbd-0f49-4b75-88cf-14abc2ce29e2:group-46E86F648570:LeaderElection59] INFO  server.RaftServerConfigKeys (ConfUtils.java:logGet(43)) - raft.server.rpc.request.timeout = 3000ms (default)
2019-09-10 07:28:48,831 [4e051fbd-0f49-4b75-88cf-14abc2ce29e2:group-46E86F648570:LeaderElection59] INFO  server.RaftServerConfigKeys (ConfUtils.java:logGet(43)) - raft.server.log.appender.install.snapshot.enabled = false (custom)
2019-09-10 07:28:48,831 [4e051fbd-0f49-4b75-88cf-14abc2ce29e2:group-46E86F648570:LeaderElection59] INFO  server.RaftServerConfigKeys (ConfUtils.java:logGet(43)) - raft.server.log.appender.snapshot.chunk.size.max = 16MB (=16777216) (default)
2019-09-10 07:28:48,831 [4e051fbd-0f49-4b75-88cf-14abc2ce29e2:group-46E86F648570:LeaderElection59] INFO  server.RaftServerConfigKeys (ConfUtils.java:logGet(43)) - raft.server.log.appender.buffer.byte-limit = 33554432 (custom)
2019-09-10 07:28:48,831 [4e051fbd-0f49-4b75-88cf-14abc2ce29e2:group-46E86F648570:LeaderElection59] INFO  server.RaftServerConfigKeys (ConfUtils.java:logGet(43)) - raft.server.log.appender.buffer.element-limit = 1 (custom)
2019-09-10 07:28:48,831 [4e051fbd-0f49-4b75-88cf-14abc2ce29e2:group-46E86F648570:LeaderElection59] INFO  grpc.GrpcConfigKeys$Server (ConfUtils.java:logGet(43)) - raft.grpc.server.leader.outstanding.appends.max = 128 (default)
2019-09-10 07:28:48,832 [4e051fbd-0f49-4b75-88cf-14abc2ce29e2:group-46E86F648570:LeaderElection59] INFO  server.RaftServerConfigKeys (ConfUtils.java:logGet(43)) - raft.server.rpc.request.timeout = 3000ms (default)
2019-09-10 07:28:48,832 [4e051fbd-0f49-4b75-88cf-14abc2ce29e2:group-46E86F648570:LeaderElection59] INFO  server.RaftServerConfigKeys (ConfUtils.java:logGet(43)) - raft.server.log.appender.install.snapshot.enabled = false (custom)
2019-09-10 07:28:48,832 [4e051fbd-0f49-4b75-88cf-14abc2ce29e2:group-46E86F648570:LeaderElection59] INFO  impl.RoleInfo (RoleInfo.java:updateAndGet(143)) - 4e051fbd-0f49-4b75-88cf-14abc2ce29e2: start LeaderState
2019-09-10 07:28:48,832 [4e051fbd-0f49-4b75-88cf-14abc2ce29e2:group-46E86F648570:LeaderElection59] INFO  segmented.SegmentedRaftLogWorker (SegmentedRaftLogWorker.java:startLogSegment(380)) - 4e051fbd-0f49-4b75-88cf-14abc2ce29e2-SegmentedRaftLogWorker:Storage Directory /workdir/hadoop-ozone/integration-test/target/test-dir/MiniOzoneClusterImpl-86be06f9-0c34-41f8-bcfc-872cf9ac1776/datanode-2/data/ratis/71e883f5-3943-4be5-b335-46e86f648570: Starting segment from index:0
2019-09-10 07:28:48,833 [4e051fbd-0f49-4b75-88cf-14abc2ce29e2:group-46E86F648570:LeaderElection59] INFO  impl.RaftServerImpl (ServerState.java:setRaftConf(361)) - 4e051fbd-0f49-4b75-88cf-14abc2ce29e2:group-46E86F648570 set configuration 0: [4e051fbd-0f49-4b75-88cf-14abc2ce29e2:192.168.34.25:42243, 46af15eb-d7a1-4298-86d8-4efe8ccbe229:192.168.34.25:44298, 1534d603-c8f3-4faf-8d7a-731d484c1a61:192.168.34.25:37346], old=null at 0
2019-09-10 07:28:48,878 [grpc-default-executor-11] INFO  impl.RaftServerImpl (ServerState.java:setLeader(263)) - 1534d603-c8f3-4faf-8d7a-731d484c1a61:group-46E86F648570 change Leader from null to 4e051fbd-0f49-4b75-88cf-14abc2ce29e2 at term 1 for appendEntries, leader elected after 5174ms
2019-09-10 07:28:48,878 [grpc-default-executor-10] INFO  impl.RaftServerImpl (ServerState.java:setLeader(263)) - 46af15eb-d7a1-4298-86d8-4efe8ccbe229:group-46E86F648570 change Leader from null to 4e051fbd-0f49-4b75-88cf-14abc2ce29e2 at term 1 for appendEntries, leader elected after 5175ms
2019-09-10 07:28:48,891 [4e051fbd-0f49-4b75-88cf-14abc2ce29e2-SegmentedRaftLogWorker:Storage Directory /workdir/hadoop-ozone/integration-test/target/test-dir/MiniOzoneClusterImpl-86be06f9-0c34-41f8-bcfc-872cf9ac1776/datanode-2/data/ratis/71e883f5-3943-4be5-b335-46e86f648570] INFO  segmented.SegmentedRaftLogWorker (SegmentedRaftLogWorker.java:execute(569)) - 4e051fbd-0f49-4b75-88cf-14abc2ce29e2-SegmentedRaftLogWorker:Storage Directory /workdir/hadoop-ozone/integration-test/target/test-dir/MiniOzoneClusterImpl-86be06f9-0c34-41f8-bcfc-872cf9ac1776/datanode-2/data/ratis/71e883f5-3943-4be5-b335-46e86f648570: created new log segment /workdir/hadoop-ozone/integration-test/target/test-dir/MiniOzoneClusterImpl-86be06f9-0c34-41f8-bcfc-872cf9ac1776/datanode-2/data/ratis/71e883f5-3943-4be5-b335-46e86f648570/current/log_inprogress_0
2019-09-10 07:28:48,894 [grpc-default-executor-9] INFO  impl.RaftServerImpl (ServerState.java:setRaftConf(361)) - 46af15eb-d7a1-4298-86d8-4efe8ccbe229:group-46E86F648570 set configuration 0: [4e051fbd-0f49-4b75-88cf-14abc2ce29e2:192.168.34.25:42243, 46af15eb-d7a1-4298-86d8-4efe8ccbe229:192.168.34.25:44298, 1534d603-c8f3-4faf-8d7a-731d484c1a61:192.168.34.25:37346], old=null at 0
2019-09-10 07:28:48,894 [grpc-default-executor-10] INFO  impl.RaftServerImpl (ServerState.java:setRaftConf(361)) - 1534d603-c8f3-4faf-8d7a-731d484c1a61:group-46E86F648570 set configuration 0: [4e051fbd-0f49-4b75-88cf-14abc2ce29e2:192.168.34.25:42243, 46af15eb-d7a1-4298-86d8-4efe8ccbe229:192.168.34.25:44298, 1534d603-c8f3-4faf-8d7a-731d484c1a61:192.168.34.25:37346], old=null at 0
2019-09-10 07:28:48,897 [grpc-default-executor-9] INFO  segmented.SegmentedRaftLogWorker (SegmentedRaftLogWorker.java:startLogSegment(380)) - 46af15eb-d7a1-4298-86d8-4efe8ccbe229-SegmentedRaftLogWorker:Storage Directory /workdir/hadoop-ozone/integration-test/target/test-dir/MiniOzoneClusterImpl-86be06f9-0c34-41f8-bcfc-872cf9ac1776/datanode-0/data/ratis/71e883f5-3943-4be5-b335-46e86f648570: Starting segment from index:0
2019-09-10 07:28:48,899 [grpc-default-executor-10] INFO  segmented.SegmentedRaftLogWorker (SegmentedRaftLogWorker.java:startLogSegment(380)) - 1534d603-c8f3-4faf-8d7a-731d484c1a61-SegmentedRaftLogWorker:Storage Directory /workdir/hadoop-ozone/integration-test/target/test-dir/MiniOzoneClusterImpl-86be06f9-0c34-41f8-bcfc-872cf9ac1776/datanode-1/data/ratis/71e883f5-3943-4be5-b335-46e86f648570: Starting segment from index:0
2019-09-10 07:28:48,899 [grpc-default-executor-11] INFO  client.GrpcClientProtocolClient (GrpcClientProtocolClient.java:onNext(255)) - client-7BE3B13A3093->7b54fe2b-72fc-4fdb-b200-ca51888498dc: receive RaftClientReply:client-7BE3B13A3093->7b54fe2b-72fc-4fdb-b200-ca51888498dc@group-218237C54F99, cid=175, FAILED org.apache.ratis.protocol.NotLeaderException: Server 7b54fe2b-72fc-4fdb-b200-ca51888498dc is not the leader (null). Request must be sent to leader., logIndex=0, commits[7b54fe2b-72fc-4fdb-b200-ca51888498dc:c-1]
2019-09-10 07:28:48,954 [46af15eb-d7a1-4298-86d8-4efe8ccbe229-SegmentedRaftLogWorker:Storage Directory /workdir/hadoop-ozone/integration-test/target/test-dir/MiniOzoneClusterImpl-86be06f9-0c34-41f8-bcfc-872cf9ac1776/datanode-0/data/ratis/71e883f5-3943-4be5-b335-46e86f648570] INFO  segmented.SegmentedRaftLogWorker (SegmentedRaftLogWorker.java:execute(569)) - 46af15eb-d7a1-4298-86d8-4efe8ccbe229-SegmentedRaftLogWorker:Storage Directory /workdir/hadoop-ozone/integration-test/target/test-dir/MiniOzoneClusterImpl-86be06f9-0c34-41f8-bcfc-872cf9ac1776/datanode-0/data/ratis/71e883f5-3943-4be5-b335-46e86f648570: created new log segment /workdir/hadoop-ozone/integration-test/target/test-dir/MiniOzoneClusterImpl-86be06f9-0c34-41f8-bcfc-872cf9ac1776/datanode-0/data/ratis/71e883f5-3943-4be5-b335-46e86f648570/current/log_inprogress_0
2019-09-10 07:28:48,954 [1534d603-c8f3-4faf-8d7a-731d484c1a61-SegmentedRaftLogWorker:Storage Directory /workdir/hadoop-ozone/integration-test/target/test-dir/MiniOzoneClusterImpl-86be06f9-0c34-41f8-bcfc-872cf9ac1776/datanode-1/data/ratis/71e883f5-3943-4be5-b335-46e86f648570] INFO  segmented.SegmentedRaftLogWorker (SegmentedRaftLogWorker.java:execute(569)) - 1534d603-c8f3-4faf-8d7a-731d484c1a61-SegmentedRaftLogWorker:Storage Directory /workdir/hadoop-ozone/integration-test/target/test-dir/MiniOzoneClusterImpl-86be06f9-0c34-41f8-bcfc-872cf9ac1776/datanode-1/data/ratis/71e883f5-3943-4be5-b335-46e86f648570: created new log segment /workdir/hadoop-ozone/integration-test/target/test-dir/MiniOzoneClusterImpl-86be06f9-0c34-41f8-bcfc-872cf9ac1776/datanode-1/data/ratis/71e883f5-3943-4be5-b335-46e86f648570/current/log_inprogress_0
2019-09-10 07:28:49,156 | INFO  | SCMAudit | user=jenkins1000 | ip=192.168.34.25 | op=SEND_HEARTBEAT {datanodeUUID=7759a663-c43f-45c5-8beb-3587a0125019, command=[]} | ret=SUCCESS |  
2019-09-10 07:28:49,211 | INFO  | SCMAudit | user=jenkins1000 | ip=192.168.34.25 | op=SEND_HEARTBEAT {datanodeUUID=46af15eb-d7a1-4298-86d8-4efe8ccbe229, command=[]} | ret=SUCCESS |  
2019-09-10 07:28:49,341 | INFO  | SCMAudit | user=jenkins1000 | ip=192.168.34.25 | op=SEND_HEARTBEAT {datanodeUUID=667758b7-f0cf-4654-9947-4f8e7cab0e1a, command=[]} | ret=SUCCESS |  
2019-09-10 07:28:49,353 [Thread-3312] INFO  impl.FollowerState (FollowerState.java:run(106)) - 7759a663-c43f-45c5-8beb-3587a0125019:group-CDCC779FB9BD changes to CANDIDATE, lastRpcTime:5145, electionTimeout:5145ms
2019-09-10 07:28:49,353 [Thread-3312] INFO  impl.RoleInfo (RoleInfo.java:shutdownFollowerState(121)) - 7759a663-c43f-45c5-8beb-3587a0125019: shutdown FollowerState
2019-09-10 07:28:49,353 [Thread-3312] INFO  impl.RaftServerImpl (RaftServerImpl.java:setRole(171)) - 7759a663-c43f-45c5-8beb-3587a0125019:group-CDCC779FB9BD changes role from FOLLOWER to CANDIDATE at term 0 for changeToCandidate
2019-09-10 07:28:49,353 [Thread-3312] INFO  impl.RoleInfo (RoleInfo.java:updateAndGet(143)) - 7759a663-c43f-45c5-8beb-3587a0125019: start LeaderElection
2019-09-10 07:28:49,381 [7759a663-c43f-45c5-8beb-3587a0125019:group-CDCC779FB9BD:LeaderElection60] INFO  impl.LeaderElection (LeaderElection.java:askForVotes(181)) - 7759a663-c43f-45c5-8beb-3587a0125019:group-CDCC779FB9BD:LeaderElection60: begin an election at term 1 for -1: [7759a663-c43f-45c5-8beb-3587a0125019:192.168.34.25:36160], old=null
2019-09-10 07:28:49,381 [7759a663-c43f-45c5-8beb-3587a0125019:group-CDCC779FB9BD:LeaderElection60] INFO  impl.RoleInfo (RoleInfo.java:shutdownLeaderElection(134)) - 7759a663-c43f-45c5-8beb-3587a0125019: shutdown LeaderElection
2019-09-10 07:28:49,381 [7759a663-c43f-45c5-8beb-3587a0125019:group-CDCC779FB9BD:LeaderElection60] INFO  impl.RaftServerImpl (RaftServerImpl.java:setRole(171)) - 7759a663-c43f-45c5-8beb-3587a0125019:group-CDCC779FB9BD changes role from CANDIDATE to LEADER at term 1 for changeToLeader
2019-09-10 07:28:49,381 [7759a663-c43f-45c5-8beb-3587a0125019:group-CDCC779FB9BD:LeaderElection60] INFO  impl.RaftServerImpl (ServerState.java:setLeader(263)) - 7759a663-c43f-45c5-8beb-3587a0125019:group-CDCC779FB9BD change Leader from null to 7759a663-c43f-45c5-8beb-3587a0125019 at term 1 for becomeLeader, leader elected after 5178ms
2019-09-10 07:28:49,382 [7759a663-c43f-45c5-8beb-3587a0125019:group-CDCC779FB9BD:LeaderElection60] INFO  server.RaftServerConfigKeys (ConfUtils.java:logGet(43)) - raft.server.staging.catchup.gap = 1000 (default)
2019-09-10 07:28:49,382 [7759a663-c43f-45c5-8beb-3587a0125019:group-CDCC779FB9BD:LeaderElection60] INFO  server.RaftServerConfigKeys (ConfUtils.java:logGet(43)) - raft.server.rpc.sleep.time = 25ms (default)
2019-09-10 07:28:49,382 [7759a663-c43f-45c5-8beb-3587a0125019:group-CDCC779FB9BD:LeaderElection60] INFO  server.RaftServerConfigKeys (ConfUtils.java:logGet(43)) - raft.server.write.element-limit = 4096 (default)
2019-09-10 07:28:49,382 [7759a663-c43f-45c5-8beb-3587a0125019:group-CDCC779FB9BD:LeaderElection60] INFO  server.RaftServerConfigKeys (ConfUtils.java:logGet(43)) - raft.server.watch.timeout = 10s (default)
2019-09-10 07:28:49,382 [7759a663-c43f-45c5-8beb-3587a0125019:group-CDCC779FB9BD:LeaderElection60] INFO  server.RaftServerConfigKeys (ConfUtils.java:logGet(43)) - raft.server.watch.timeout.denomination = 1s (default)
2019-09-10 07:28:49,382 [7759a663-c43f-45c5-8beb-3587a0125019:group-CDCC779FB9BD:LeaderElection60] INFO  server.RaftServerConfigKeys (ConfUtils.java:logGet(43)) - raft.server.watch.element-limit = 65536 (default)
2019-09-10 07:28:49,383 [7759a663-c43f-45c5-8beb-3587a0125019:group-CDCC779FB9BD:LeaderElection60] INFO  impl.RoleInfo (RoleInfo.java:updateAndGet(143)) - 7759a663-c43f-45c5-8beb-3587a0125019: start LeaderState
2019-09-10 07:28:49,383 [7759a663-c43f-45c5-8beb-3587a0125019:group-CDCC779FB9BD:LeaderElection60] INFO  segmented.SegmentedRaftLogWorker (SegmentedRaftLogWorker.java:startLogSegment(380)) - 7759a663-c43f-45c5-8beb-3587a0125019-SegmentedRaftLogWorker:Storage Directory /workdir/hadoop-ozone/integration-test/target/test-dir/MiniOzoneClusterImpl-86be06f9-0c34-41f8-bcfc-872cf9ac1776/datanode-3/data/ratis/95cd001b-e4cd-4785-b0e7-cdcc779fb9bd: Starting segment from index:0
2019-09-10 07:28:49,383 [7759a663-c43f-45c5-8beb-3587a0125019:group-CDCC779FB9BD:LeaderElection60] INFO  impl.RaftServerImpl (ServerState.java:setRaftConf(361)) - 7759a663-c43f-45c5-8beb-3587a0125019:group-CDCC779FB9BD set configuration 0: [7759a663-c43f-45c5-8beb-3587a0125019:192.168.34.25:36160], old=null at 0
2019-09-10 07:28:49,426 | INFO  | SCMAudit | user=jenkins1000 | ip=192.168.34.25 | op=SEND_HEARTBEAT {datanodeUUID=1534d603-c8f3-4faf-8d7a-731d484c1a61, command=[]} | ret=SUCCESS |  
2019-09-10 07:28:49,434 [7759a663-c43f-45c5-8beb-3587a0125019-SegmentedRaftLogWorker:Storage Directory /workdir/hadoop-ozone/integration-test/target/test-dir/MiniOzoneClusterImpl-86be06f9-0c34-41f8-bcfc-872cf9ac1776/datanode-3/data/ratis/95cd001b-e4cd-4785-b0e7-cdcc779fb9bd] INFO  segmented.SegmentedRaftLogWorker (SegmentedRaftLogWorker.java:execute(569)) - 7759a663-c43f-45c5-8beb-3587a0125019-SegmentedRaftLogWorker:Storage Directory /workdir/hadoop-ozone/integration-test/target/test-dir/MiniOzoneClusterImpl-86be06f9-0c34-41f8-bcfc-872cf9ac1776/datanode-3/data/ratis/95cd001b-e4cd-4785-b0e7-cdcc779fb9bd: created new log segment /workdir/hadoop-ozone/integration-test/target/test-dir/MiniOzoneClusterImpl-86be06f9-0c34-41f8-bcfc-872cf9ac1776/datanode-3/data/ratis/95cd001b-e4cd-4785-b0e7-cdcc779fb9bd/current/log_inprogress_0
2019-09-10 07:28:49,538 [Thread-3315] INFO  impl.FollowerState (FollowerState.java:run(106)) - 667758b7-f0cf-4654-9947-4f8e7cab0e1a:group-3F565FFBEBE5 changes to CANDIDATE, lastRpcTime:5153, electionTimeout:5153ms
2019-09-10 07:28:49,538 [Thread-3315] INFO  impl.RoleInfo (RoleInfo.java:shutdownFollowerState(121)) - 667758b7-f0cf-4654-9947-4f8e7cab0e1a: shutdown FollowerState
2019-09-10 07:28:49,538 [Thread-3315] INFO  impl.RaftServerImpl (RaftServerImpl.java:setRole(171)) - 667758b7-f0cf-4654-9947-4f8e7cab0e1a:group-3F565FFBEBE5 changes role from FOLLOWER to CANDIDATE at term 0 for changeToCandidate
2019-09-10 07:28:49,538 [Thread-3315] INFO  impl.RoleInfo (RoleInfo.java:updateAndGet(143)) - 667758b7-f0cf-4654-9947-4f8e7cab0e1a: start LeaderElection
2019-09-10 07:28:49,544 | INFO  | SCMAudit | user=jenkins1000 | ip=192.168.34.25 | op=SEND_HEARTBEAT {datanodeUUID=7b54fe2b-72fc-4fdb-b200-ca51888498dc, command=[]} | ret=SUCCESS |  
2019-09-10 07:28:49,556 [667758b7-f0cf-4654-9947-4f8e7cab0e1a:group-3F565FFBEBE5:LeaderElection61] INFO  impl.LeaderElection (LeaderElection.java:askForVotes(181)) - 667758b7-f0cf-4654-9947-4f8e7cab0e1a:group-3F565FFBEBE5:LeaderElection61: begin an election at term 1 for -1: [667758b7-f0cf-4654-9947-4f8e7cab0e1a:192.168.34.25:34273], old=null
2019-09-10 07:28:49,557 [667758b7-f0cf-4654-9947-4f8e7cab0e1a:group-3F565FFBEBE5:LeaderElection61] INFO  impl.RoleInfo (RoleInfo.java:shutdownLeaderElection(134)) - 667758b7-f0cf-4654-9947-4f8e7cab0e1a: shutdown LeaderElection
2019-09-10 07:28:49,557 [667758b7-f0cf-4654-9947-4f8e7cab0e1a:group-3F565FFBEBE5:LeaderElection61] INFO  impl.RaftServerImpl (RaftServerImpl.java:setRole(171)) - 667758b7-f0cf-4654-9947-4f8e7cab0e1a:group-3F565FFBEBE5 changes role from CANDIDATE to LEADER at term 1 for changeToLeader
2019-09-10 07:28:49,557 [667758b7-f0cf-4654-9947-4f8e7cab0e1a:group-3F565FFBEBE5:LeaderElection61] INFO  impl.RaftServerImpl (ServerState.java:setLeader(263)) - 667758b7-f0cf-4654-9947-4f8e7cab0e1a:group-3F565FFBEBE5 change Leader from null to 667758b7-f0cf-4654-9947-4f8e7cab0e1a at term 1 for becomeLeader, leader elected after 5176ms
2019-09-10 07:28:49,557 [667758b7-f0cf-4654-9947-4f8e7cab0e1a:group-3F565FFBEBE5:LeaderElection61] INFO  server.RaftServerConfigKeys (ConfUtils.java:logGet(43)) - raft.server.staging.catchup.gap = 1000 (default)
2019-09-10 07:28:49,557 [667758b7-f0cf-4654-9947-4f8e7cab0e1a:group-3F565FFBEBE5:LeaderElection61] INFO  server.RaftServerConfigKeys (ConfUtils.java:logGet(43)) - raft.server.rpc.sleep.time = 25ms (default)
2019-09-10 07:28:49,557 [667758b7-f0cf-4654-9947-4f8e7cab0e1a:group-3F565FFBEBE5:LeaderElection61] INFO  server.RaftServerConfigKeys (ConfUtils.java:logGet(43)) - raft.server.write.element-limit = 4096 (default)
2019-09-10 07:28:49,558 [667758b7-f0cf-4654-9947-4f8e7cab0e1a:group-3F565FFBEBE5:LeaderElection61] INFO  server.RaftServerConfigKeys (ConfUtils.java:logGet(43)) - raft.server.watch.timeout = 10s (default)
2019-09-10 07:28:49,558 [667758b7-f0cf-4654-9947-4f8e7cab0e1a:group-3F565FFBEBE5:LeaderElection61] INFO  server.RaftServerConfigKeys (ConfUtils.java:logGet(43)) - raft.server.watch.timeout.denomination = 1s (default)
2019-09-10 07:28:49,558 [667758b7-f0cf-4654-9947-4f8e7cab0e1a:group-3F565FFBEBE5:LeaderElection61] INFO  server.RaftServerConfigKeys (ConfUtils.java:logGet(43)) - raft.server.watch.element-limit = 65536 (default)
2019-09-10 07:28:49,558 [667758b7-f0cf-4654-9947-4f8e7cab0e1a:group-3F565FFBEBE5:LeaderElection61] INFO  impl.RoleInfo (RoleInfo.java:updateAndGet(143)) - 667758b7-f0cf-4654-9947-4f8e7cab0e1a: start LeaderState
2019-09-10 07:28:49,558 [667758b7-f0cf-4654-9947-4f8e7cab0e1a:group-3F565FFBEBE5:LeaderElection61] INFO  segmented.SegmentedRaftLogWorker (SegmentedRaftLogWorker.java:startLogSegment(380)) - 667758b7-f0cf-4654-9947-4f8e7cab0e1a-SegmentedRaftLogWorker:Storage Directory /workdir/hadoop-ozone/integration-test/target/test-dir/MiniOzoneClusterImpl-86be06f9-0c34-41f8-bcfc-872cf9ac1776/datanode-4/data/ratis/75ef7e2b-3957-4faa-8d5c-3f565ffbebe5: Starting segment from index:0
2019-09-10 07:28:49,559 [667758b7-f0cf-4654-9947-4f8e7cab0e1a:group-3F565FFBEBE5:LeaderElection61] INFO  impl.RaftServerImpl (ServerState.java:setRaftConf(361)) - 667758b7-f0cf-4654-9947-4f8e7cab0e1a:group-3F565FFBEBE5 set configuration 0: [667758b7-f0cf-4654-9947-4f8e7cab0e1a:192.168.34.25:34273], old=null at 0
2019-09-10 07:28:49,600 | INFO  | SCMAudit | user=jenkins1000 | ip=192.168.34.25 | op=SEND_HEARTBEAT {datanodeUUID=4e051fbd-0f49-4b75-88cf-14abc2ce29e2, command=[]} | ret=SUCCESS |  
2019-09-10 07:28:49,612 [667758b7-f0cf-4654-9947-4f8e7cab0e1a-SegmentedRaftLogWorker:Storage Directory /workdir/hadoop-ozone/integration-test/target/test-dir/MiniOzoneClusterImpl-86be06f9-0c34-41f8-bcfc-872cf9ac1776/datanode-4/data/ratis/75ef7e2b-3957-4faa-8d5c-3f565ffbebe5] INFO  segmented.SegmentedRaftLogWorker (SegmentedRaftLogWorker.java:execute(569)) - 667758b7-f0cf-4654-9947-4f8e7cab0e1a-SegmentedRaftLogWorker:Storage Directory /workdir/hadoop-ozone/integration-test/target/test-dir/MiniOzoneClusterImpl-86be06f9-0c34-41f8-bcfc-872cf9ac1776/datanode-4/data/ratis/75ef7e2b-3957-4faa-8d5c-3f565ffbebe5: created new log segment /workdir/hadoop-ozone/integration-test/target/test-dir/MiniOzoneClusterImpl-86be06f9-0c34-41f8-bcfc-872cf9ac1776/datanode-4/data/ratis/75ef7e2b-3957-4faa-8d5c-3f565ffbebe5/current/log_inprogress_0
2019-09-10 07:28:49,668 [Thread-3318] INFO  impl.FollowerState (FollowerState.java:run(106)) - 7b54fe2b-72fc-4fdb-b200-ca51888498dc:group-77B54A593F63 changes to CANDIDATE, lastRpcTime:5067, electionTimeout:5067ms
2019-09-10 07:28:49,668 [Thread-3318] INFO  impl.RoleInfo (RoleInfo.java:shutdownFollowerState(121)) - 7b54fe2b-72fc-4fdb-b200-ca51888498dc: shutdown FollowerState
2019-09-10 07:28:49,669 [Thread-3318] INFO  impl.RaftServerImpl (RaftServerImpl.java:setRole(171)) - 7b54fe2b-72fc-4fdb-b200-ca51888498dc:group-77B54A593F63 changes role from FOLLOWER to CANDIDATE at term 0 for changeToCandidate
2019-09-10 07:28:49,669 [Thread-3318] INFO  impl.RoleInfo (RoleInfo.java:updateAndGet(143)) - 7b54fe2b-72fc-4fdb-b200-ca51888498dc: start LeaderElection
2019-09-10 07:28:49,687 [7b54fe2b-72fc-4fdb-b200-ca51888498dc:group-77B54A593F63:LeaderElection62] INFO  impl.LeaderElection (LeaderElection.java:askForVotes(181)) - 7b54fe2b-72fc-4fdb-b200-ca51888498dc:group-77B54A593F63:LeaderElection62: begin an election at term 1 for -1: [7b54fe2b-72fc-4fdb-b200-ca51888498dc:192.168.34.25:43413], old=null
2019-09-10 07:28:49,687 [7b54fe2b-72fc-4fdb-b200-ca51888498dc:group-77B54A593F63:LeaderElection62] INFO  impl.RoleInfo (RoleInfo.java:shutdownLeaderElection(134)) - 7b54fe2b-72fc-4fdb-b200-ca51888498dc: shutdown LeaderElection
2019-09-10 07:28:49,688 [7b54fe2b-72fc-4fdb-b200-ca51888498dc:group-77B54A593F63:LeaderElection62] INFO  impl.RaftServerImpl (RaftServerImpl.java:setRole(171)) - 7b54fe2b-72fc-4fdb-b200-ca51888498dc:group-77B54A593F63 changes role from CANDIDATE to LEADER at term 1 for changeToLeader
2019-09-10 07:28:49,688 [7b54fe2b-72fc-4fdb-b200-ca51888498dc:group-77B54A593F63:LeaderElection62] INFO  impl.RaftServerImpl (ServerState.java:setLeader(263)) - 7b54fe2b-72fc-4fdb-b200-ca51888498dc:group-77B54A593F63 change Leader from null to 7b54fe2b-72fc-4fdb-b200-ca51888498dc at term 1 for becomeLeader, leader elected after 5091ms
2019-09-10 07:28:49,688 [7b54fe2b-72fc-4fdb-b200-ca51888498dc:group-77B54A593F63:LeaderElection62] INFO  server.RaftServerConfigKeys (ConfUtils.java:logGet(43)) - raft.server.staging.catchup.gap = 1000 (default)
2019-09-10 07:28:49,688 [7b54fe2b-72fc-4fdb-b200-ca51888498dc:group-77B54A593F63:LeaderElection62] INFO  server.RaftServerConfigKeys (ConfUtils.java:logGet(43)) - raft.server.rpc.sleep.time = 25ms (default)
2019-09-10 07:28:49,688 [7b54fe2b-72fc-4fdb-b200-ca51888498dc:group-77B54A593F63:LeaderElection62] INFO  server.RaftServerConfigKeys (ConfUtils.java:logGet(43)) - raft.server.write.element-limit = 4096 (default)
2019-09-10 07:28:49,688 [7b54fe2b-72fc-4fdb-b200-ca51888498dc:group-77B54A593F63:LeaderElection62] INFO  server.RaftServerConfigKeys (ConfUtils.java:logGet(43)) - raft.server.watch.timeout = 10s (default)
2019-09-10 07:28:49,689 [7b54fe2b-72fc-4fdb-b200-ca51888498dc:group-77B54A593F63:LeaderElection62] INFO  server.RaftServerConfigKeys (ConfUtils.java:logGet(43)) - raft.server.watch.timeout.denomination = 1s (default)
2019-09-10 07:28:49,689 [7b54fe2b-72fc-4fdb-b200-ca51888498dc:group-77B54A593F63:LeaderElection62] INFO  server.RaftServerConfigKeys (ConfUtils.java:logGet(43)) - raft.server.watch.element-limit = 65536 (default)
2019-09-10 07:28:49,689 [7b54fe2b-72fc-4fdb-b200-ca51888498dc:group-77B54A593F63:LeaderElection62] INFO  impl.RoleInfo (RoleInfo.java:updateAndGet(143)) - 7b54fe2b-72fc-4fdb-b200-ca51888498dc: start LeaderState
2019-09-10 07:28:49,689 [7b54fe2b-72fc-4fdb-b200-ca51888498dc:group-77B54A593F63:LeaderElection62] INFO  segmented.SegmentedRaftLogWorker (SegmentedRaftLogWorker.java:startLogSegment(380)) - 7b54fe2b-72fc-4fdb-b200-ca51888498dc-SegmentedRaftLogWorker:Storage Directory /workdir/hadoop-ozone/integration-test/target/test-dir/MiniOzoneClusterImpl-86be06f9-0c34-41f8-bcfc-872cf9ac1776/datanode-5/data/ratis/5605a630-a063-42ff-af7b-77b54a593f63: Starting segment from index:0
2019-09-10 07:28:49,690 [7b54fe2b-72fc-4fdb-b200-ca51888498dc:group-77B54A593F63:LeaderElection62] INFO  impl.RaftServerImpl (ServerState.java:setRaftConf(361)) - 7b54fe2b-72fc-4fdb-b200-ca51888498dc:group-77B54A593F63 set configuration 0: [7b54fe2b-72fc-4fdb-b200-ca51888498dc:192.168.34.25:43413], old=null at 0
2019-09-10 07:28:49,733 | INFO  | SCMAudit | user=jenkins1000 | ip=192.168.34.25 | op=SEND_HEARTBEAT {datanodeUUID=4362c079-8fac-4550-ad10-f10303ad6b45, command=[]} | ret=SUCCESS |  
2019-09-10 07:28:49,734 [Thread-3321] INFO  impl.FollowerState (FollowerState.java:run(106)) - 7b54fe2b-72fc-4fdb-b200-ca51888498dc:group-218237C54F99 changes to CANDIDATE, lastRpcTime:5064, electionTimeout:5064ms
2019-09-10 07:28:49,734 [Thread-3321] INFO  impl.RoleInfo (RoleInfo.java:shutdownFollowerState(121)) - 7b54fe2b-72fc-4fdb-b200-ca51888498dc: shutdown FollowerState
2019-09-10 07:28:49,734 [Thread-3321] INFO  impl.RaftServerImpl (RaftServerImpl.java:setRole(171)) - 7b54fe2b-72fc-4fdb-b200-ca51888498dc:group-218237C54F99 changes role from FOLLOWER to CANDIDATE at term 0 for changeToCandidate
2019-09-10 07:28:49,734 [Thread-3321] INFO  impl.RoleInfo (RoleInfo.java:updateAndGet(143)) - 7b54fe2b-72fc-4fdb-b200-ca51888498dc: start LeaderElection
2019-09-10 07:28:49,746 [7b54fe2b-72fc-4fdb-b200-ca51888498dc-SegmentedRaftLogWorker:Storage Directory /workdir/hadoop-ozone/integration-test/target/test-dir/MiniOzoneClusterImpl-86be06f9-0c34-41f8-bcfc-872cf9ac1776/datanode-5/data/ratis/5605a630-a063-42ff-af7b-77b54a593f63] INFO  segmented.SegmentedRaftLogWorker (SegmentedRaftLogWorker.java:execute(569)) - 7b54fe2b-72fc-4fdb-b200-ca51888498dc-SegmentedRaftLogWorker:Storage Directory /workdir/hadoop-ozone/integration-test/target/test-dir/MiniOzoneClusterImpl-86be06f9-0c34-41f8-bcfc-872cf9ac1776/datanode-5/data/ratis/5605a630-a063-42ff-af7b-77b54a593f63: created new log segment /workdir/hadoop-ozone/integration-test/target/test-dir/MiniOzoneClusterImpl-86be06f9-0c34-41f8-bcfc-872cf9ac1776/datanode-5/data/ratis/5605a630-a063-42ff-af7b-77b54a593f63/current/log_inprogress_0
2019-09-10 07:28:49,746 [7b54fe2b-72fc-4fdb-b200-ca51888498dc:group-218237C54F99:LeaderElection63] INFO  impl.LeaderElection (LeaderElection.java:askForVotes(181)) - 7b54fe2b-72fc-4fdb-b200-ca51888498dc:group-218237C54F99:LeaderElection63: begin an election at term 1 for -1: [7b54fe2b-72fc-4fdb-b200-ca51888498dc:192.168.34.25:43413, 7759a663-c43f-45c5-8beb-3587a0125019:192.168.34.25:36160, 667758b7-f0cf-4654-9947-4f8e7cab0e1a:192.168.34.25:34273], old=null
2019-09-10 07:28:49,751 [grpc-default-executor-11] INFO  impl.RaftServerImpl (RaftServerImpl.java:setRole(171)) - 7759a663-c43f-45c5-8beb-3587a0125019:group-218237C54F99 changes role from FOLLOWER to FOLLOWER at term 1 for recognizeCandidate:7b54fe2b-72fc-4fdb-b200-ca51888498dc
2019-09-10 07:28:49,751 [grpc-default-executor-11] INFO  impl.RoleInfo (RoleInfo.java:shutdownFollowerState(121)) - 7759a663-c43f-45c5-8beb-3587a0125019: shutdown FollowerState
2019-09-10 07:28:49,751 [grpc-default-executor-10] INFO  impl.RaftServerImpl (RaftServerImpl.java:setRole(171)) - 667758b7-f0cf-4654-9947-4f8e7cab0e1a:group-218237C54F99 changes role from FOLLOWER to FOLLOWER at term 1 for recognizeCandidate:7b54fe2b-72fc-4fdb-b200-ca51888498dc
2019-09-10 07:28:49,751 [Thread-3325] INFO  impl.FollowerState (FollowerState.java:run(114)) - 7759a663-c43f-45c5-8beb-3587a0125019: FollowerState was interrupted: java.lang.InterruptedException: sleep interrupted
2019-09-10 07:28:49,751 [grpc-default-executor-11] INFO  impl.RoleInfo (RoleInfo.java:updateAndGet(143)) - 7759a663-c43f-45c5-8beb-3587a0125019: start FollowerState
2019-09-10 07:28:49,752 [grpc-default-executor-10] INFO  impl.RoleInfo (RoleInfo.java:shutdownFollowerState(121)) - 667758b7-f0cf-4654-9947-4f8e7cab0e1a: shutdown FollowerState
2019-09-10 07:28:49,755 [grpc-default-executor-10] INFO  impl.RoleInfo (RoleInfo.java:updateAndGet(143)) - 667758b7-f0cf-4654-9947-4f8e7cab0e1a: start FollowerState
2019-09-10 07:28:49,755 [Thread-3326] INFO  impl.FollowerState (FollowerState.java:run(114)) - 667758b7-f0cf-4654-9947-4f8e7cab0e1a: FollowerState was interrupted: java.lang.InterruptedException: sleep interrupted
2019-09-10 07:28:49,788 [7b54fe2b-72fc-4fdb-b200-ca51888498dc:group-218237C54F99:LeaderElection63] INFO  impl.LeaderElection (LeaderElection.java:logAndReturn(56)) - 7b54fe2b-72fc-4fdb-b200-ca51888498dc:group-218237C54F99:LeaderElection63: Election PASSED; received 1 response(s) [7b54fe2b-72fc-4fdb-b200-ca51888498dc<-667758b7-f0cf-4654-9947-4f8e7cab0e1a#0:OK-t1] and 0 exception(s); 7b54fe2b-72fc-4fdb-b200-ca51888498dc:t1, leader=null, voted=7b54fe2b-72fc-4fdb-b200-ca51888498dc, raftlog=7b54fe2b-72fc-4fdb-b200-ca51888498dc-SegmentedRaftLog:OPENED:c-1,f-1,i0, conf=-1: [7b54fe2b-72fc-4fdb-b200-ca51888498dc:192.168.34.25:43413, 7759a663-c43f-45c5-8beb-3587a0125019:192.168.34.25:36160, 667758b7-f0cf-4654-9947-4f8e7cab0e1a:192.168.34.25:34273], old=null
2019-09-10 07:28:49,789 [7b54fe2b-72fc-4fdb-b200-ca51888498dc:group-218237C54F99:LeaderElection63] INFO  impl.RoleInfo (RoleInfo.java:shutdownLeaderElection(134)) - 7b54fe2b-72fc-4fdb-b200-ca51888498dc: shutdown LeaderElection
2019-09-10 07:28:49,789 [7b54fe2b-72fc-4fdb-b200-ca51888498dc:group-218237C54F99:LeaderElection63] INFO  impl.RaftServerImpl (RaftServerImpl.java:setRole(171)) - 7b54fe2b-72fc-4fdb-b200-ca51888498dc:group-218237C54F99 changes role from CANDIDATE to LEADER at term 1 for changeToLeader
2019-09-10 07:28:49,789 [7b54fe2b-72fc-4fdb-b200-ca51888498dc:group-218237C54F99:LeaderElection63] INFO  impl.RaftServerImpl (ServerState.java:setLeader(263)) - 7b54fe2b-72fc-4fdb-b200-ca51888498dc:group-218237C54F99 change Leader from null to 7b54fe2b-72fc-4fdb-b200-ca51888498dc at term 1 for becomeLeader, leader elected after 5127ms
2019-09-10 07:28:49,789 [7b54fe2b-72fc-4fdb-b200-ca51888498dc:group-218237C54F99:LeaderElection63] INFO  server.RaftServerConfigKeys (ConfUtils.java:logGet(43)) - raft.server.staging.catchup.gap = 1000 (default)
2019-09-10 07:28:49,789 [7b54fe2b-72fc-4fdb-b200-ca51888498dc:group-218237C54F99:LeaderElection63] INFO  server.RaftServerConfigKeys (ConfUtils.java:logGet(43)) - raft.server.rpc.sleep.time = 25ms (default)
2019-09-10 07:28:49,789 [7b54fe2b-72fc-4fdb-b200-ca51888498dc:group-218237C54F99:LeaderElection63] INFO  server.RaftServerConfigKeys (ConfUtils.java:logGet(43)) - raft.server.write.element-limit = 4096 (default)
2019-09-10 07:28:49,790 [7b54fe2b-72fc-4fdb-b200-ca51888498dc:group-218237C54F99:LeaderElection63] INFO  server.RaftServerConfigKeys (ConfUtils.java:logGet(43)) - raft.server.watch.timeout = 10s (default)
2019-09-10 07:28:49,790 [7b54fe2b-72fc-4fdb-b200-ca51888498dc:group-218237C54F99:LeaderElection63] INFO  server.RaftServerConfigKeys (ConfUtils.java:logGet(43)) - raft.server.watch.timeout.denomination = 1s (default)
2019-09-10 07:28:49,790 [7b54fe2b-72fc-4fdb-b200-ca51888498dc:group-218237C54F99:LeaderElection63] INFO  server.RaftServerConfigKeys (ConfUtils.java:logGet(43)) - raft.server.watch.element-limit = 65536 (default)
2019-09-10 07:28:49,790 [7b54fe2b-72fc-4fdb-b200-ca51888498dc:group-218237C54F99:LeaderElection63] INFO  server.RaftServerConfigKeys (ConfUtils.java:logGet(43)) - raft.server.log.appender.snapshot.chunk.size.max = 16MB (=16777216) (default)
2019-09-10 07:28:49,790 [7b54fe2b-72fc-4fdb-b200-ca51888498dc:group-218237C54F99:LeaderElection63] INFO  server.RaftServerConfigKeys (ConfUtils.java:logGet(43)) - raft.server.log.appender.buffer.byte-limit = 33554432 (custom)
2019-09-10 07:28:49,791 [7b54fe2b-72fc-4fdb-b200-ca51888498dc:group-218237C54F99:LeaderElection63] INFO  server.RaftServerConfigKeys (ConfUtils.java:logGet(43)) - raft.server.log.appender.buffer.element-limit = 1 (custom)
2019-09-10 07:28:49,791 [7b54fe2b-72fc-4fdb-b200-ca51888498dc:group-218237C54F99:LeaderElection63] INFO  grpc.GrpcConfigKeys$Server (ConfUtils.java:logGet(43)) - raft.grpc.server.leader.outstanding.appends.max = 128 (default)
2019-09-10 07:28:49,791 [7b54fe2b-72fc-4fdb-b200-ca51888498dc:group-218237C54F99:LeaderElection63] INFO  server.RaftServerConfigKeys (ConfUtils.java:logGet(43)) - raft.server.rpc.request.timeout = 3000ms (default)
2019-09-10 07:28:49,791 [7b54fe2b-72fc-4fdb-b200-ca51888498dc:group-218237C54F99:LeaderElection63] INFO  server.RaftServerConfigKeys (ConfUtils.java:logGet(43)) - raft.server.log.appender.install.snapshot.enabled = false (custom)
2019-09-10 07:28:49,792 [7b54fe2b-72fc-4fdb-b200-ca51888498dc:group-218237C54F99:LeaderElection63] INFO  server.RaftServerConfigKeys (ConfUtils.java:logGet(43)) - raft.server.log.appender.snapshot.chunk.size.max = 16MB (=16777216) (default)
2019-09-10 07:28:49,792 [7b54fe2b-72fc-4fdb-b200-ca51888498dc:group-218237C54F99:LeaderElection63] INFO  server.RaftServerConfigKeys (ConfUtils.java:logGet(43)) - raft.server.log.appender.buffer.byte-limit = 33554432 (custom)
2019-09-10 07:28:49,792 [7b54fe2b-72fc-4fdb-b200-ca51888498dc:group-218237C54F99:LeaderElection63] INFO  server.RaftServerConfigKeys (ConfUtils.java:logGet(43)) - raft.server.log.appender.buffer.element-limit = 1 (custom)
2019-09-10 07:28:49,792 [7b54fe2b-72fc-4fdb-b200-ca51888498dc:group-218237C54F99:LeaderElection63] INFO  grpc.GrpcConfigKeys$Server (ConfUtils.java:logGet(43)) - raft.grpc.server.leader.outstanding.appends.max = 128 (default)
2019-09-10 07:28:49,792 [7b54fe2b-72fc-4fdb-b200-ca51888498dc:group-218237C54F99:LeaderElection63] INFO  server.RaftServerConfigKeys (ConfUtils.java:logGet(43)) - raft.server.rpc.request.timeout = 3000ms (default)
2019-09-10 07:28:49,793 [7b54fe2b-72fc-4fdb-b200-ca51888498dc:group-218237C54F99:LeaderElection63] INFO  server.RaftServerConfigKeys (ConfUtils.java:logGet(43)) - raft.server.log.appender.install.snapshot.enabled = false (custom)
2019-09-10 07:28:49,793 [7b54fe2b-72fc-4fdb-b200-ca51888498dc:group-218237C54F99:LeaderElection63] INFO  impl.RoleInfo (RoleInfo.java:updateAndGet(143)) - 7b54fe2b-72fc-4fdb-b200-ca51888498dc: start LeaderState
2019-09-10 07:28:49,793 [7b54fe2b-72fc-4fdb-b200-ca51888498dc:group-218237C54F99:LeaderElection63] INFO  segmented.SegmentedRaftLogWorker (SegmentedRaftLogWorker.java:startLogSegment(380)) - 7b54fe2b-72fc-4fdb-b200-ca51888498dc-SegmentedRaftLogWorker:Storage Directory /workdir/hadoop-ozone/integration-test/target/test-dir/MiniOzoneClusterImpl-86be06f9-0c34-41f8-bcfc-872cf9ac1776/datanode-5/data/ratis/3df070b1-6202-4788-b6e7-218237c54f99: Starting segment from index:0
2019-09-10 07:28:49,794 [7b54fe2b-72fc-4fdb-b200-ca51888498dc:group-218237C54F99:LeaderElection63] INFO  impl.RaftServerImpl (ServerState.java:setRaftConf(361)) - 7b54fe2b-72fc-4fdb-b200-ca51888498dc:group-218237C54F99 set configuration 0: [7b54fe2b-72fc-4fdb-b200-ca51888498dc:192.168.34.25:43413, 7759a663-c43f-45c5-8beb-3587a0125019:192.168.34.25:36160, 667758b7-f0cf-4654-9947-4f8e7cab0e1a:192.168.34.25:34273], old=null at 0
2019-09-10 07:28:49,796 [grpc-default-executor-10] INFO  impl.RaftServerImpl (ServerState.java:setLeader(263)) - 667758b7-f0cf-4654-9947-4f8e7cab0e1a:group-218237C54F99 change Leader from null to 7b54fe2b-72fc-4fdb-b200-ca51888498dc at term 1 for appendEntries, leader elected after 5134ms
2019-09-10 07:28:49,796 [grpc-default-executor-11] INFO  impl.RaftServerImpl (ServerState.java:setLeader(263)) - 7759a663-c43f-45c5-8beb-3587a0125019:group-218237C54F99 change Leader from null to 7b54fe2b-72fc-4fdb-b200-ca51888498dc at term 1 for appendEntries, leader elected after 5134ms
2019-09-10 07:28:49,837 [Thread-3332] INFO  impl.FollowerState (FollowerState.java:run(106)) - 4362c079-8fac-4550-ad10-f10303ad6b45:group-5AE8FC1D881F changes to CANDIDATE, lastRpcTime:5047, electionTimeout:5008ms
2019-09-10 07:28:49,838 [Thread-3332] INFO  impl.RoleInfo (RoleInfo.java:shutdownFollowerState(121)) - 4362c079-8fac-4550-ad10-f10303ad6b45: shutdown FollowerState
2019-09-10 07:28:49,838 [Thread-3332] INFO  impl.RaftServerImpl (RaftServerImpl.java:setRole(171)) - 4362c079-8fac-4550-ad10-f10303ad6b45:group-5AE8FC1D881F changes role from FOLLOWER to CANDIDATE at term 0 for changeToCandidate
2019-09-10 07:28:49,841 [Thread-3332] INFO  impl.RoleInfo (RoleInfo.java:updateAndGet(143)) - 4362c079-8fac-4550-ad10-f10303ad6b45: start LeaderElection
2019-09-10 07:28:49,846 [grpc-default-executor-11] INFO  impl.RaftServerImpl (ServerState.java:setRaftConf(361)) - 667758b7-f0cf-4654-9947-4f8e7cab0e1a:group-218237C54F99 set configuration 0: [7b54fe2b-72fc-4fdb-b200-ca51888498dc:192.168.34.25:43413, 7759a663-c43f-45c5-8beb-3587a0125019:192.168.34.25:36160, 667758b7-f0cf-4654-9947-4f8e7cab0e1a:192.168.34.25:34273], old=null at 0
2019-09-10 07:28:49,846 [grpc-default-executor-11] INFO  segmented.SegmentedRaftLogWorker (SegmentedRaftLogWorker.java:startLogSegment(380)) - 667758b7-f0cf-4654-9947-4f8e7cab0e1a-SegmentedRaftLogWorker:Storage Directory /workdir/hadoop-ozone/integration-test/target/test-dir/MiniOzoneClusterImpl-86be06f9-0c34-41f8-bcfc-872cf9ac1776/datanode-4/data/ratis/3df070b1-6202-4788-b6e7-218237c54f99: Starting segment from index:0
2019-09-10 07:28:49,847 [grpc-default-executor-10] INFO  impl.RaftServerImpl (ServerState.java:setRaftConf(361)) - 7759a663-c43f-45c5-8beb-3587a0125019:group-218237C54F99 set configuration 0: [7b54fe2b-72fc-4fdb-b200-ca51888498dc:192.168.34.25:43413, 7759a663-c43f-45c5-8beb-3587a0125019:192.168.34.25:36160, 667758b7-f0cf-4654-9947-4f8e7cab0e1a:192.168.34.25:34273], old=null at 0
2019-09-10 07:28:49,847 [grpc-default-executor-10] INFO  segmented.SegmentedRaftLogWorker (SegmentedRaftLogWorker.java:startLogSegment(380)) - 7759a663-c43f-45c5-8beb-3587a0125019-SegmentedRaftLogWorker:Storage Directory /workdir/hadoop-ozone/integration-test/target/test-dir/MiniOzoneClusterImpl-86be06f9-0c34-41f8-bcfc-872cf9ac1776/datanode-3/data/ratis/3df070b1-6202-4788-b6e7-218237c54f99: Starting segment from index:0
2019-09-10 07:28:49,850 [7b54fe2b-72fc-4fdb-b200-ca51888498dc-SegmentedRaftLogWorker:Storage Directory /workdir/hadoop-ozone/integration-test/target/test-dir/MiniOzoneClusterImpl-86be06f9-0c34-41f8-bcfc-872cf9ac1776/datanode-5/data/ratis/3df070b1-6202-4788-b6e7-218237c54f99] INFO  segmented.SegmentedRaftLogWorker (SegmentedRaftLogWorker.java:execute(569)) - 7b54fe2b-72fc-4fdb-b200-ca51888498dc-SegmentedRaftLogWorker:Storage Directory /workdir/hadoop-ozone/integration-test/target/test-dir/MiniOzoneClusterImpl-86be06f9-0c34-41f8-bcfc-872cf9ac1776/datanode-5/data/ratis/3df070b1-6202-4788-b6e7-218237c54f99: created new log segment /workdir/hadoop-ozone/integration-test/target/test-dir/MiniOzoneClusterImpl-86be06f9-0c34-41f8-bcfc-872cf9ac1776/datanode-5/data/ratis/3df070b1-6202-4788-b6e7-218237c54f99/current/log_inprogress_0
2019-09-10 07:28:49,850 [4362c079-8fac-4550-ad10-f10303ad6b45:group-5AE8FC1D881F:LeaderElection64] INFO  impl.LeaderElection (LeaderElection.java:askForVotes(181)) - 4362c079-8fac-4550-ad10-f10303ad6b45:group-5AE8FC1D881F:LeaderElection64: begin an election at term 1 for -1: [4362c079-8fac-4550-ad10-f10303ad6b45:192.168.34.25:43589], old=null
2019-09-10 07:28:49,850 [4362c079-8fac-4550-ad10-f10303ad6b45:group-5AE8FC1D881F:LeaderElection64] INFO  impl.RoleInfo (RoleInfo.java:shutdownLeaderElection(134)) - 4362c079-8fac-4550-ad10-f10303ad6b45: shutdown LeaderElection
2019-09-10 07:28:49,850 [4362c079-8fac-4550-ad10-f10303ad6b45:group-5AE8FC1D881F:LeaderElection64] INFO  impl.RaftServerImpl (RaftServerImpl.java:setRole(171)) - 4362c079-8fac-4550-ad10-f10303ad6b45:group-5AE8FC1D881F changes role from CANDIDATE to LEADER at term 1 for changeToLeader
2019-09-10 07:28:49,851 [4362c079-8fac-4550-ad10-f10303ad6b45:group-5AE8FC1D881F:LeaderElection64] INFO  impl.RaftServerImpl (ServerState.java:setLeader(263)) - 4362c079-8fac-4550-ad10-f10303ad6b45:group-5AE8FC1D881F change Leader from null to 4362c079-8fac-4550-ad10-f10303ad6b45 at term 1 for becomeLeader, leader elected after 5069ms
2019-09-10 07:28:49,851 [4362c079-8fac-4550-ad10-f10303ad6b45:group-5AE8FC1D881F:LeaderElection64] INFO  server.RaftServerConfigKeys (ConfUtils.java:logGet(43)) - raft.server.staging.catchup.gap = 1000 (default)
2019-09-10 07:28:49,851 [4362c079-8fac-4550-ad10-f10303ad6b45:group-5AE8FC1D881F:LeaderElection64] INFO  server.RaftServerConfigKeys (ConfUtils.java:logGet(43)) - raft.server.rpc.sleep.time = 25ms (default)
2019-09-10 07:28:49,851 [4362c079-8fac-4550-ad10-f10303ad6b45:group-5AE8FC1D881F:LeaderElection64] INFO  server.RaftServerConfigKeys (ConfUtils.java:logGet(43)) - raft.server.write.element-limit = 4096 (default)
2019-09-10 07:28:49,851 [4362c079-8fac-4550-ad10-f10303ad6b45:group-5AE8FC1D881F:LeaderElection64] INFO  server.RaftServerConfigKeys (ConfUtils.java:logGet(43)) - raft.server.watch.timeout = 10s (default)
2019-09-10 07:28:49,851 [4362c079-8fac-4550-ad10-f10303ad6b45:group-5AE8FC1D881F:LeaderElection64] INFO  server.RaftServerConfigKeys (ConfUtils.java:logGet(43)) - raft.server.watch.timeout.denomination = 1s (default)
2019-09-10 07:28:49,852 [4362c079-8fac-4550-ad10-f10303ad6b45:group-5AE8FC1D881F:LeaderElection64] INFO  server.RaftServerConfigKeys (ConfUtils.java:logGet(43)) - raft.server.watch.element-limit = 65536 (default)
2019-09-10 07:28:49,852 [4362c079-8fac-4550-ad10-f10303ad6b45:group-5AE8FC1D881F:LeaderElection64] INFO  impl.RoleInfo (RoleInfo.java:updateAndGet(143)) - 4362c079-8fac-4550-ad10-f10303ad6b45: start LeaderState
2019-09-10 07:28:49,852 [4362c079-8fac-4550-ad10-f10303ad6b45:group-5AE8FC1D881F:LeaderElection64] INFO  segmented.SegmentedRaftLogWorker (SegmentedRaftLogWorker.java:startLogSegment(380)) - 4362c079-8fac-4550-ad10-f10303ad6b45-SegmentedRaftLogWorker:Storage Directory /workdir/hadoop-ozone/integration-test/target/test-dir/MiniOzoneClusterImpl-86be06f9-0c34-41f8-bcfc-872cf9ac1776/datanode-6/data/ratis/1a059854-e58e-47e1-a5e3-5ae8fc1d881f: Starting segment from index:0
2019-09-10 07:28:49,853 [4362c079-8fac-4550-ad10-f10303ad6b45:group-5AE8FC1D881F:LeaderElection64] INFO  impl.RaftServerImpl (ServerState.java:setRaftConf(361)) - 4362c079-8fac-4550-ad10-f10303ad6b45:group-5AE8FC1D881F set configuration 0: [4362c079-8fac-4550-ad10-f10303ad6b45:192.168.34.25:43589], old=null at 0
2019-09-10 07:28:49,910 [667758b7-f0cf-4654-9947-4f8e7cab0e1a-SegmentedRaftLogWorker:Storage Directory /workdir/hadoop-ozone/integration-test/target/test-dir/MiniOzoneClusterImpl-86be06f9-0c34-41f8-bcfc-872cf9ac1776/datanode-4/data/ratis/3df070b1-6202-4788-b6e7-218237c54f99] INFO  segmented.SegmentedRaftLogWorker (SegmentedRaftLogWorker.java:execute(569)) - 667758b7-f0cf-4654-9947-4f8e7cab0e1a-SegmentedRaftLogWorker:Storage Directory /workdir/hadoop-ozone/integration-test/target/test-dir/MiniOzoneClusterImpl-86be06f9-0c34-41f8-bcfc-872cf9ac1776/datanode-4/data/ratis/3df070b1-6202-4788-b6e7-218237c54f99: created new log segment /workdir/hadoop-ozone/integration-test/target/test-dir/MiniOzoneClusterImpl-86be06f9-0c34-41f8-bcfc-872cf9ac1776/datanode-4/data/ratis/3df070b1-6202-4788-b6e7-218237c54f99/current/log_inprogress_0
2019-09-10 07:28:49,910 [4362c079-8fac-4550-ad10-f10303ad6b45-SegmentedRaftLogWorker:Storage Directory /workdir/hadoop-ozone/integration-test/target/test-dir/MiniOzoneClusterImpl-86be06f9-0c34-41f8-bcfc-872cf9ac1776/datanode-6/data/ratis/1a059854-e58e-47e1-a5e3-5ae8fc1d881f] INFO  segmented.SegmentedRaftLogWorker (SegmentedRaftLogWorker.java:execute(569)) - 4362c079-8fac-4550-ad10-f10303ad6b45-SegmentedRaftLogWorker:Storage Directory /workdir/hadoop-ozone/integration-test/target/test-dir/MiniOzoneClusterImpl-86be06f9-0c34-41f8-bcfc-872cf9ac1776/datanode-6/data/ratis/1a059854-e58e-47e1-a5e3-5ae8fc1d881f: created new log segment /workdir/hadoop-ozone/integration-test/target/test-dir/MiniOzoneClusterImpl-86be06f9-0c34-41f8-bcfc-872cf9ac1776/datanode-6/data/ratis/1a059854-e58e-47e1-a5e3-5ae8fc1d881f/current/log_inprogress_0
2019-09-10 07:28:49,910 [7759a663-c43f-45c5-8beb-3587a0125019-SegmentedRaftLogWorker:Storage Directory /workdir/hadoop-ozone/integration-test/target/test-dir/MiniOzoneClusterImpl-86be06f9-0c34-41f8-bcfc-872cf9ac1776/datanode-3/data/ratis/3df070b1-6202-4788-b6e7-218237c54f99] INFO  segmented.SegmentedRaftLogWorker (SegmentedRaftLogWorker.java:execute(569)) - 7759a663-c43f-45c5-8beb-3587a0125019-SegmentedRaftLogWorker:Storage Directory /workdir/hadoop-ozone/integration-test/target/test-dir/MiniOzoneClusterImpl-86be06f9-0c34-41f8-bcfc-872cf9ac1776/datanode-3/data/ratis/3df070b1-6202-4788-b6e7-218237c54f99: created new log segment /workdir/hadoop-ozone/integration-test/target/test-dir/MiniOzoneClusterImpl-86be06f9-0c34-41f8-bcfc-872cf9ac1776/datanode-3/data/ratis/3df070b1-6202-4788-b6e7-218237c54f99/current/log_inprogress_0
2019-09-10 07:28:49,911 [grpc-default-executor-10] INFO  client.GrpcClientProtocolClient (GrpcClientProtocolClient.java:onNext(255)) - client-7BE3B13A3093->667758b7-f0cf-4654-9947-4f8e7cab0e1a: receive RaftClientReply:client-7BE3B13A3093->667758b7-f0cf-4654-9947-4f8e7cab0e1a@group-218237C54F99, cid=175, FAILED org.apache.ratis.protocol.NotLeaderException: Server 667758b7-f0cf-4654-9947-4f8e7cab0e1a is not the leader (7b54fe2b-72fc-4fdb-b200-ca51888498dc:192.168.34.25:43413). Request must be sent to leader., logIndex=0, commits[667758b7-f0cf-4654-9947-4f8e7cab0e1a:c-1, 7b54fe2b-72fc-4fdb-b200-ca51888498dc:c-1, 7759a663-c43f-45c5-8beb-3587a0125019:c-1]
2019-09-10 07:28:50,086 | INFO  | DNAudit | user=null | ip=null | op=WRITE_CHUNK {blockData=conID: 1 locID: 102767035993423886 bcsId: 0} | ret=SUCCESS |  
2019-09-10 07:28:50,086 | INFO  | DNAudit | user=null | ip=null | op=WRITE_CHUNK {blockData=conID: 1 locID: 102767035993423886 bcsId: 0} | ret=SUCCESS |  
2019-09-10 07:28:50,086 | INFO  | DNAudit | user=null | ip=null | op=WRITE_CHUNK {blockData=conID: 1 locID: 102767035993423886 bcsId: 0} | ret=SUCCESS |  
2019-09-10 07:28:50,087 | INFO  | SCMAudit | user=jenkins1000 | ip=192.168.34.25 | op=SEND_HEARTBEAT {datanodeUUID=667758b7-f0cf-4654-9947-4f8e7cab0e1a, command=[]} | ret=SUCCESS |  
2019-09-10 07:28:50,087 | INFO  | SCMAudit | user=jenkins1000 | ip=192.168.34.25 | op=SEND_HEARTBEAT {datanodeUUID=7759a663-c43f-45c5-8beb-3587a0125019, command=[]} | ret=SUCCESS |  
2019-09-10 07:28:50,087 | INFO  | SCMAudit | user=jenkins1000 | ip=192.168.34.25 | op=SEND_HEARTBEAT {datanodeUUID=7b54fe2b-72fc-4fdb-b200-ca51888498dc, command=[]} | ret=SUCCESS |  
2019-09-10 07:28:50,100 | INFO  | DNAudit | user=null | ip=null | op=WRITE_CHUNK {blockData=conID: 1 locID: 102767035993423886 bcsId: 0} | ret=SUCCESS |  
2019-09-10 07:28:50,106 [grpc-default-executor-11] INFO  client.GrpcClientProtocolClient (GrpcClientProtocolClient.java:onNext(255)) - client-7BE3B13A3093->7b54fe2b-72fc-4fdb-b200-ca51888498dc: receive RaftClientReply:client-7BE3B13A3093->7b54fe2b-72fc-4fdb-b200-ca51888498dc@group-218237C54F99, cid=175, SUCCESS, logIndex=1, commits[7b54fe2b-72fc-4fdb-b200-ca51888498dc:c1, 7759a663-c43f-45c5-8beb-3587a0125019:c0, 667758b7-f0cf-4654-9947-4f8e7cab0e1a:c0]
2019-09-10 07:28:50,112 | INFO  | DNAudit | user=null | ip=null | op=WRITE_CHUNK {blockData=conID: 1 locID: 102767035993423886 bcsId: 0} | ret=SUCCESS |  
2019-09-10 07:28:50,113 | INFO  | DNAudit | user=null | ip=null | op=WRITE_CHUNK {blockData=conID: 1 locID: 102767035993423886 bcsId: 0} | ret=SUCCESS |  
2019-09-10 07:28:50,113 | INFO  | DNAudit | user=null | ip=null | op=WRITE_CHUNK {blockData=conID: 1 locID: 102767035993423886 bcsId: 0} | ret=SUCCESS |  
2019-09-10 07:28:50,114 | INFO  | DNAudit | user=null | ip=null | op=WRITE_CHUNK {blockData=conID: 1 locID: 102767035993423886 bcsId: 0} | ret=SUCCESS |  
2019-09-10 07:28:50,114 | INFO  | DNAudit | user=null | ip=null | op=WRITE_CHUNK {blockData=conID: 1 locID: 102767035993423886 bcsId: 0} | ret=SUCCESS |  
2019-09-10 07:28:50,115 | INFO  | DNAudit | user=null | ip=null | op=WRITE_CHUNK {blockData=conID: 1 locID: 102767035993423886 bcsId: 0} | ret=SUCCESS |  
2019-09-10 07:28:50,116 | INFO  | DNAudit | user=null | ip=null | op=WRITE_CHUNK {blockData=conID: 1 locID: 102767035993423886 bcsId: 0} | ret=SUCCESS |  
2019-09-10 07:28:50,116 | INFO  | DNAudit | user=null | ip=null | op=WRITE_CHUNK {blockData=conID: 1 locID: 102767035993423886 bcsId: 0} | ret=SUCCESS |  
2019-09-10 07:28:50,116 | INFO  | DNAudit | user=null | ip=null | op=WRITE_CHUNK {blockData=conID: 1 locID: 102767035993423886 bcsId: 0} | ret=SUCCESS |  
2019-09-10 07:28:50,117 | INFO  | DNAudit | user=null | ip=null | op=WRITE_CHUNK {blockData=conID: 1 locID: 102767035993423886 bcsId: 0} | ret=SUCCESS |  
2019-09-10 07:28:50,117 | INFO  | DNAudit | user=null | ip=null | op=WRITE_CHUNK {blockData=conID: 1 locID: 102767035993423886 bcsId: 0} | ret=SUCCESS |  
2019-09-10 07:28:50,130 | INFO  | DNAudit | user=null | ip=null | op=WRITE_CHUNK {blockData=conID: 1 locID: 102767035993423886 bcsId: 0} | ret=SUCCESS |  
2019-09-10 07:28:50,130 | INFO  | DNAudit | user=null | ip=null | op=WRITE_CHUNK {blockData=conID: 1 locID: 102767035993423886 bcsId: 0} | ret=SUCCESS |  
2019-09-10 07:28:50,136 [grpc-default-executor-9] INFO  client.GrpcClientProtocolClient (GrpcClientProtocolClient.java:onNext(255)) - client-7BE3B13A3093->7b54fe2b-72fc-4fdb-b200-ca51888498dc: receive RaftClientReply:client-7BE3B13A3093->7b54fe2b-72fc-4fdb-b200-ca51888498dc@group-218237C54F99, cid=176, SUCCESS, logIndex=3, commits[7b54fe2b-72fc-4fdb-b200-ca51888498dc:c5, 7759a663-c43f-45c5-8beb-3587a0125019:c2, 667758b7-f0cf-4654-9947-4f8e7cab0e1a:c2]
2019-09-10 07:28:50,141 | INFO  | DNAudit | user=null | ip=null | op=WRITE_CHUNK {blockData=conID: 1 locID: 102767035993423886 bcsId: 0} | ret=SUCCESS |  
2019-09-10 07:28:50,205 | INFO  | DNAudit | user=null | ip=null | op=PUT_BLOCK {blockData=[blockId=conID: 1 locID: 102767035993423886 bcsId: 0,size=200]} | ret=SUCCESS |  
2019-09-10 07:28:50,206 | INFO  | DNAudit | user=null | ip=null | op=WRITE_CHUNK {blockData=conID: 1 locID: 102767035993423886 bcsId: 0} | ret=SUCCESS |  
2019-09-10 07:28:50,206 [grpc-default-executor-11] INFO  client.GrpcClientProtocolClient (GrpcClientProtocolClient.java:onNext(255)) - client-7BE3B13A3093->7b54fe2b-72fc-4fdb-b200-ca51888498dc: receive RaftClientReply:client-7BE3B13A3093->7b54fe2b-72fc-4fdb-b200-ca51888498dc@group-218237C54F99, cid=177, SUCCESS, logIndex=4, commits[7b54fe2b-72fc-4fdb-b200-ca51888498dc:c11, 7759a663-c43f-45c5-8beb-3587a0125019:c7, 667758b7-f0cf-4654-9947-4f8e7cab0e1a:c7]
2019-09-10 07:28:50,207 | INFO  | DNAudit | user=null | ip=null | op=WRITE_CHUNK {blockData=conID: 1 locID: 102767035993423886 bcsId: 0} | ret=SUCCESS |  
2019-09-10 07:28:50,208 [grpc-default-executor-11] INFO  client.GrpcClientProtocolClient (GrpcClientProtocolClient.java:onNext(255)) - client-7BE3B13A3093->7b54fe2b-72fc-4fdb-b200-ca51888498dc: receive RaftClientReply:client-7BE3B13A3093->7b54fe2b-72fc-4fdb-b200-ca51888498dc@group-218237C54F99, cid=178, SUCCESS, logIndex=5, commits[7b54fe2b-72fc-4fdb-b200-ca51888498dc:c11, 7759a663-c43f-45c5-8beb-3587a0125019:c7, 667758b7-f0cf-4654-9947-4f8e7cab0e1a:c7]
2019-09-10 07:28:50,209 [grpc-default-executor-11] INFO  client.GrpcClientProtocolClient (GrpcClientProtocolClient.java:onNext(255)) - client-7BE3B13A3093->7b54fe2b-72fc-4fdb-b200-ca51888498dc: receive RaftClientReply:client-7BE3B13A3093->7b54fe2b-72fc-4fdb-b200-ca51888498dc@group-218237C54F99, cid=179, SUCCESS, logIndex=6, commits[7b54fe2b-72fc-4fdb-b200-ca51888498dc:c11, 7759a663-c43f-45c5-8beb-3587a0125019:c7, 667758b7-f0cf-4654-9947-4f8e7cab0e1a:c7]
2019-09-10 07:28:50,210 | INFO  | SCMAudit | user=jenkins1000 | ip=192.168.34.25 | op=SEND_HEARTBEAT {datanodeUUID=46af15eb-d7a1-4298-86d8-4efe8ccbe229, command=[]} | ret=SUCCESS |  
2019-09-10 07:28:50,289 | INFO  | DNAudit | user=null | ip=null | op=PUT_BLOCK {blockData=[blockId=conID: 1 locID: 102767035993423886 bcsId: 0,size=200]} | ret=SUCCESS |  
2019-09-10 07:28:50,290 | INFO  | DNAudit | user=null | ip=null | op=WRITE_CHUNK {blockData=conID: 1 locID: 102767035993423886 bcsId: 0} | ret=SUCCESS |  
2019-09-10 07:28:50,291 | INFO  | DNAudit | user=null | ip=null | op=WRITE_CHUNK {blockData=conID: 1 locID: 102767035993423886 bcsId: 0} | ret=SUCCESS |  
2019-09-10 07:28:50,348 | INFO  | DNAudit | user=null | ip=null | op=PUT_BLOCK {blockData=[blockId=conID: 1 locID: 102767035993423886 bcsId: 0,size=400]} | ret=SUCCESS |  
2019-09-10 07:28:50,348 | INFO  | DNAudit | user=null | ip=null | op=PUT_BLOCK {blockData=[blockId=conID: 1 locID: 102767035993423886 bcsId: 0,size=200]} | ret=SUCCESS |  
2019-09-10 07:28:50,348 | INFO  | DNAudit | user=null | ip=null | op=PUT_BLOCK {blockData=[blockId=conID: 1 locID: 102767035993423886 bcsId: 0,size=400]} | ret=SUCCESS |  
2019-09-10 07:28:50,349 | INFO  | DNAudit | user=null | ip=null | op=WRITE_CHUNK {blockData=conID: 1 locID: 102767035993423886 bcsId: 0} | ret=SUCCESS |  
2019-09-10 07:28:50,349 | INFO  | DNAudit | user=null | ip=null | op=WRITE_CHUNK {blockData=conID: 1 locID: 102767035993423886 bcsId: 0} | ret=SUCCESS |  
2019-09-10 07:28:50,350 [grpc-default-executor-11] INFO  client.GrpcClientProtocolClient (GrpcClientProtocolClient.java:onNext(255)) - client-7BE3B13A3093->7b54fe2b-72fc-4fdb-b200-ca51888498dc: receive RaftClientReply:client-7BE3B13A3093->7b54fe2b-72fc-4fdb-b200-ca51888498dc@group-218237C54F99, cid=180, SUCCESS, logIndex=7, commits[7b54fe2b-72fc-4fdb-b200-ca51888498dc:c11, 7759a663-c43f-45c5-8beb-3587a0125019:c7, 667758b7-f0cf-4654-9947-4f8e7cab0e1a:c7]
2019-09-10 07:28:50,350 | INFO  | DNAudit | user=null | ip=null | op=PUT_BLOCK {blockData=[blockId=conID: 1 locID: 102767035993423886 bcsId: 0,size=400]} | ret=SUCCESS |  
2019-09-10 07:28:50,353 | INFO  | DNAudit | user=null | ip=null | op=WRITE_CHUNK {blockData=conID: 1 locID: 102767035993423886 bcsId: 7} | ret=SUCCESS |  
2019-09-10 07:28:50,355 | INFO  | DNAudit | user=null | ip=null | op=WRITE_CHUNK {blockData=conID: 1 locID: 102767035993423886 bcsId: 7} | ret=SUCCESS |  
2019-09-10 07:28:50,355 | INFO  | DNAudit | user=null | ip=null | op=WRITE_CHUNK {blockData=conID: 1 locID: 102767035993423886 bcsId: 7} | ret=SUCCESS |  
2019-09-10 07:28:50,367 | INFO  | DNAudit | user=null | ip=null | op=WRITE_CHUNK {blockData=conID: 1 locID: 102767035993423886 bcsId: 7} | ret=SUCCESS |  
2019-09-10 07:28:50,369 | INFO  | DNAudit | user=null | ip=null | op=PUT_BLOCK {blockData=[blockId=conID: 1 locID: 102767035993423886 bcsId: 0,size=450]} | ret=SUCCESS |  
2019-09-10 07:28:50,369 [grpc-default-executor-11] INFO  client.GrpcClientProtocolClient (GrpcClientProtocolClient.java:onNext(255)) - client-7BE3B13A3093->7b54fe2b-72fc-4fdb-b200-ca51888498dc: receive RaftClientReply:client-7BE3B13A3093->7b54fe2b-72fc-4fdb-b200-ca51888498dc@group-218237C54F99, cid=181, SUCCESS, logIndex=12, commits[7b54fe2b-72fc-4fdb-b200-ca51888498dc:c13, 7759a663-c43f-45c5-8beb-3587a0125019:c11, 667758b7-f0cf-4654-9947-4f8e7cab0e1a:c11]
2019-09-10 07:28:50,370 [grpc-default-executor-11] INFO  client.GrpcClientProtocolClient (GrpcClientProtocolClient.java:onNext(255)) - client-7BE3B13A3093->7b54fe2b-72fc-4fdb-b200-ca51888498dc: receive RaftClientReply:client-7BE3B13A3093->7b54fe2b-72fc-4fdb-b200-ca51888498dc@group-218237C54F99, cid=182, SUCCESS, logIndex=13, commits[7b54fe2b-72fc-4fdb-b200-ca51888498dc:c13, 7759a663-c43f-45c5-8beb-3587a0125019:c11, 667758b7-f0cf-4654-9947-4f8e7cab0e1a:c11]
2019-09-10 07:28:50,381 | INFO  | DNAudit | user=null | ip=null | op=WRITE_CHUNK {blockData=conID: 1 locID: 102767035993423886 bcsId: 7} | ret=SUCCESS |  
2019-09-10 07:28:50,381 | INFO  | DNAudit | user=null | ip=null | op=WRITE_CHUNK {blockData=conID: 1 locID: 102767035993423886 bcsId: 7} | ret=SUCCESS |  
2019-09-10 07:28:50,382 | INFO  | DNAudit | user=null | ip=null | op=PUT_BLOCK {blockData=[blockId=conID: 1 locID: 102767035993423886 bcsId: 0,size=450]} | ret=SUCCESS |  
2019-09-10 07:28:50,382 | INFO  | DNAudit | user=null | ip=null | op=PUT_BLOCK {blockData=[blockId=conID: 1 locID: 102767035993423886 bcsId: 0,size=450]} | ret=SUCCESS |  
2019-09-10 07:28:50,386 [grpc-default-executor-11] INFO  client.GrpcClientProtocolClient (GrpcClientProtocolClient.java:onNext(255)) - client-7BE3B13A3093->7b54fe2b-72fc-4fdb-b200-ca51888498dc: receive RaftClientReply:client-7BE3B13A3093->7b54fe2b-72fc-4fdb-b200-ca51888498dc@group-218237C54F99, cid=183, SUCCESS, logIndex=0, commits[7b54fe2b-72fc-4fdb-b200-ca51888498dc:c14, 7759a663-c43f-45c5-8beb-3587a0125019:c13, 667758b7-f0cf-4654-9947-4f8e7cab0e1a:c13]
2019-09-10 07:28:50,386 [main] INFO  datanode.ObjectStoreHandler (ObjectStoreHandler.java:close(155)) - Closing ObjectStoreHandler.
2019-09-10 07:28:50,387 [main] INFO  ozone.HddsDatanodeService (HddsDatanodeService.java:stop(451)) - Stopped plug-in org.apache.hadoop.ozone.web.OzoneHddsDatanodeService@42130a5c
2019-09-10 07:28:50,426 | INFO  | SCMAudit | user=jenkins1000 | ip=192.168.34.25 | op=SEND_HEARTBEAT {datanodeUUID=1534d603-c8f3-4faf-8d7a-731d484c1a61, command=[]} | ret=SUCCESS |  
2019-09-10 07:28:50,600 | INFO  | SCMAudit | user=jenkins1000 | ip=192.168.34.25 | op=SEND_HEARTBEAT {datanodeUUID=4e051fbd-0f49-4b75-88cf-14abc2ce29e2, command=[]} | ret=SUCCESS |  
2019-09-10 07:28:50,733 | INFO  | SCMAudit | user=jenkins1000 | ip=192.168.34.25 | op=SEND_HEARTBEAT {datanodeUUID=4362c079-8fac-4550-ad10-f10303ad6b45, command=[]} | ret=SUCCESS |  
2019-09-10 07:28:51,086 [Datanode State Machine Thread - 0] INFO  statemachine.DatanodeStateMachine (DatanodeStateMachine.java:lambda$startDaemon$0(350)) - Ozone container server started.
2019-09-10 07:28:51,087 | INFO  | SCMAudit | user=jenkins1000 | ip=192.168.34.25 | op=SEND_HEARTBEAT {datanodeUUID=667758b7-f0cf-4654-9947-4f8e7cab0e1a, command=[]} | ret=SUCCESS |  
2019-09-10 07:28:51,087 | INFO  | SCMAudit | user=jenkins1000 | ip=192.168.34.25 | op=SEND_HEARTBEAT {datanodeUUID=7759a663-c43f-45c5-8beb-3587a0125019, command=[]} | ret=SUCCESS |  
2019-09-10 07:28:51,210 | INFO  | SCMAudit | user=jenkins1000 | ip=192.168.34.25 | op=SEND_HEARTBEAT {datanodeUUID=46af15eb-d7a1-4298-86d8-4efe8ccbe229, command=[]} | ret=SUCCESS |  
2019-09-10 07:28:51,426 | INFO  | SCMAudit | user=jenkins1000 | ip=192.168.34.25 | op=SEND_HEARTBEAT {datanodeUUID=1534d603-c8f3-4faf-8d7a-731d484c1a61, command=[]} | ret=SUCCESS |  
2019-09-10 07:28:51,599 | INFO  | SCMAudit | user=jenkins1000 | ip=192.168.34.25 | op=SEND_HEARTBEAT {datanodeUUID=4e051fbd-0f49-4b75-88cf-14abc2ce29e2, command=[]} | ret=SUCCESS |  
2019-09-10 07:28:51,734 | INFO  | SCMAudit | user=jenkins1000 | ip=192.168.34.25 | op=SEND_HEARTBEAT {datanodeUUID=4362c079-8fac-4550-ad10-f10303ad6b45, command=[]} | ret=SUCCESS |  
2019-09-10 07:28:52,087 | INFO  | SCMAudit | user=jenkins1000 | ip=192.168.34.25 | op=SEND_HEARTBEAT {datanodeUUID=667758b7-f0cf-4654-9947-4f8e7cab0e1a, command=[]} | ret=SUCCESS |  
2019-09-10 07:28:52,087 | INFO  | SCMAudit | user=jenkins1000 | ip=192.168.34.25 | op=SEND_HEARTBEAT {datanodeUUID=7759a663-c43f-45c5-8beb-3587a0125019, command=[]} | ret=SUCCESS |  
2019-09-10 07:28:52,210 | INFO  | SCMAudit | user=jenkins1000 | ip=192.168.34.25 | op=SEND_HEARTBEAT {datanodeUUID=46af15eb-d7a1-4298-86d8-4efe8ccbe229, command=[]} | ret=SUCCESS |  
2019-09-10 07:28:52,427 | INFO  | SCMAudit | user=jenkins1000 | ip=192.168.34.25 | op=SEND_HEARTBEAT {datanodeUUID=1534d603-c8f3-4faf-8d7a-731d484c1a61, command=[]} | ret=SUCCESS |  
2019-09-10 07:28:52,600 | INFO  | SCMAudit | user=jenkins1000 | ip=192.168.34.25 | op=SEND_HEARTBEAT {datanodeUUID=4e051fbd-0f49-4b75-88cf-14abc2ce29e2, command=[]} | ret=SUCCESS |  
2019-09-10 07:28:52,734 | INFO  | SCMAudit | user=jenkins1000 | ip=192.168.34.25 | op=SEND_HEARTBEAT {datanodeUUID=4362c079-8fac-4550-ad10-f10303ad6b45, command=[]} | ret=SUCCESS |  
2019-09-10 07:28:53,087 | INFO  | SCMAudit | user=jenkins1000 | ip=192.168.34.25 | op=SEND_HEARTBEAT {datanodeUUID=667758b7-f0cf-4654-9947-4f8e7cab0e1a, command=[]} | ret=SUCCESS |  
2019-09-10 07:28:53,088 | INFO  | SCMAudit | user=jenkins1000 | ip=192.168.34.25 | op=SEND_HEARTBEAT {datanodeUUID=7759a663-c43f-45c5-8beb-3587a0125019, command=[]} | ret=SUCCESS |  
2019-09-10 07:28:53,211 | INFO  | SCMAudit | user=jenkins1000 | ip=192.168.34.25 | op=SEND_HEARTBEAT {datanodeUUID=46af15eb-d7a1-4298-86d8-4efe8ccbe229, command=[]} | ret=SUCCESS |  
2019-09-10 07:28:53,427 | INFO  | SCMAudit | user=jenkins1000 | ip=192.168.34.25 | op=SEND_HEARTBEAT {datanodeUUID=1534d603-c8f3-4faf-8d7a-731d484c1a61, command=[]} | ret=SUCCESS |  
2019-09-10 07:28:53,600 | INFO  | SCMAudit | user=jenkins1000 | ip=192.168.34.25 | op=SEND_HEARTBEAT {datanodeUUID=4e051fbd-0f49-4b75-88cf-14abc2ce29e2, command=[]} | ret=SUCCESS |  
2019-09-10 07:28:53,733 | INFO  | SCMAudit | user=jenkins1000 | ip=192.168.34.25 | op=SEND_HEARTBEAT {datanodeUUID=4362c079-8fac-4550-ad10-f10303ad6b45, command=[]} | ret=SUCCESS |  
2019-09-10 07:28:54,087 | INFO  | SCMAudit | user=jenkins1000 | ip=192.168.34.25 | op=SEND_HEARTBEAT {datanodeUUID=667758b7-f0cf-4654-9947-4f8e7cab0e1a, command=[]} | ret=SUCCESS |  
2019-09-10 07:28:54,089 | INFO  | SCMAudit | user=jenkins1000 | ip=192.168.34.25 | op=SEND_HEARTBEAT {datanodeUUID=7759a663-c43f-45c5-8beb-3587a0125019, command=[]} | ret=SUCCESS |  
2019-09-10 07:28:54,211 | INFO  | SCMAudit | user=jenkins1000 | ip=192.168.34.25 | op=SEND_HEARTBEAT {datanodeUUID=46af15eb-d7a1-4298-86d8-4efe8ccbe229, command=[]} | ret=SUCCESS |  
2019-09-10 07:28:54,427 | INFO  | SCMAudit | user=jenkins1000 | ip=192.168.34.25 | op=SEND_HEARTBEAT {datanodeUUID=1534d603-c8f3-4faf-8d7a-731d484c1a61, command=[]} | ret=SUCCESS |  
2019-09-10 07:28:54,599 | INFO  | SCMAudit | user=jenkins1000 | ip=192.168.34.25 | op=SEND_HEARTBEAT {datanodeUUID=4e051fbd-0f49-4b75-88cf-14abc2ce29e2, command=[]} | ret=SUCCESS |  
2019-09-10 07:28:54,733 | INFO  | SCMAudit | user=jenkins1000 | ip=192.168.34.25 | op=SEND_HEARTBEAT {datanodeUUID=4362c079-8fac-4550-ad10-f10303ad6b45, command=[]} | ret=SUCCESS |  
2019-09-10 07:28:55,088 | INFO  | SCMAudit | user=jenkins1000 | ip=192.168.34.25 | op=SEND_HEARTBEAT {datanodeUUID=667758b7-f0cf-4654-9947-4f8e7cab0e1a, command=[]} | ret=SUCCESS |  
2019-09-10 07:28:55,088 | INFO  | SCMAudit | user=jenkins1000 | ip=192.168.34.25 | op=SEND_HEARTBEAT {datanodeUUID=7759a663-c43f-45c5-8beb-3587a0125019, command=[]} | ret=SUCCESS |  
2019-09-10 07:28:55,145 [EventQueue-StaleNodeForStaleNodeHandler] INFO  node.StaleNodeHandler (StaleNodeHandler.java:onMessage(58)) - Datanode 7b54fe2b-72fc-4fdb-b200-ca51888498dc{ip: 192.168.34.25, host: pr-hdds-2089-qxm8x-943445694, networkLocation: /default-rack, certSerialId: null} moved to stale state. Finalizing its pipelines [PipelineID=3df070b1-6202-4788-b6e7-218237c54f99, PipelineID=5605a630-a063-42ff-af7b-77b54a593f63]
2019-09-10 07:28:55,145 [EventQueue-StaleNodeForStaleNodeHandler] INFO  pipeline.SCMPipelineManager (SCMPipelineManager.java:finalizeAndDestroyPipeline(309)) - destroying pipeline:Pipeline[ Id: 3df070b1-6202-4788-b6e7-218237c54f99, Nodes: 7b54fe2b-72fc-4fdb-b200-ca51888498dc{ip: 192.168.34.25, host: pr-hdds-2089-qxm8x-943445694, networkLocation: /default-rack, certSerialId: null}667758b7-f0cf-4654-9947-4f8e7cab0e1a{ip: 192.168.34.25, host: pr-hdds-2089-qxm8x-943445694, networkLocation: /default-rack, certSerialId: null}7759a663-c43f-45c5-8beb-3587a0125019{ip: 192.168.34.25, host: pr-hdds-2089-qxm8x-943445694, networkLocation: /default-rack, certSerialId: null}, Type:RATIS, Factor:THREE, State:OPEN]
2019-09-10 07:28:55,146 [EventQueue-StaleNodeForStaleNodeHandler] INFO  pipeline.PipelineStateManager (PipelineStateManager.java:finalizePipeline(123)) - Pipeline Pipeline[ Id: 3df070b1-6202-4788-b6e7-218237c54f99, Nodes: 7b54fe2b-72fc-4fdb-b200-ca51888498dc{ip: 192.168.34.25, host: pr-hdds-2089-qxm8x-943445694, networkLocation: /default-rack, certSerialId: null}667758b7-f0cf-4654-9947-4f8e7cab0e1a{ip: 192.168.34.25, host: pr-hdds-2089-qxm8x-943445694, networkLocation: /default-rack, certSerialId: null}7759a663-c43f-45c5-8beb-3587a0125019{ip: 192.168.34.25, host: pr-hdds-2089-qxm8x-943445694, networkLocation: /default-rack, certSerialId: null}, Type:RATIS, Factor:THREE, State:CLOSED] moved to CLOSED state
2019-09-10 07:28:55,146 [EventQueue-StaleNodeForStaleNodeHandler] INFO  pipeline.SCMPipelineManager (SCMPipelineManager.java:finalizeAndDestroyPipeline(309)) - destroying pipeline:Pipeline[ Id: 5605a630-a063-42ff-af7b-77b54a593f63, Nodes: 7b54fe2b-72fc-4fdb-b200-ca51888498dc{ip: 192.168.34.25, host: pr-hdds-2089-qxm8x-943445694, networkLocation: /default-rack, certSerialId: null}, Type:RATIS, Factor:ONE, State:OPEN]
2019-09-10 07:28:55,146 [EventQueue-CloseContainerForCloseContainerEventHandler] INFO  container.CloseContainerEventHandler (CloseContainerEventHandler.java:onMessage(61)) - Close container Event triggered for container : #1
2019-09-10 07:28:55,146 [EventQueue-StaleNodeForStaleNodeHandler] INFO  pipeline.PipelineStateManager (PipelineStateManager.java:finalizePipeline(123)) - Pipeline Pipeline[ Id: 5605a630-a063-42ff-af7b-77b54a593f63, Nodes: 7b54fe2b-72fc-4fdb-b200-ca51888498dc{ip: 192.168.34.25, host: pr-hdds-2089-qxm8x-943445694, networkLocation: /default-rack, certSerialId: null}, Type:RATIS, Factor:ONE, State:CLOSED] moved to CLOSED state
2019-09-10 07:28:55,211 | INFO  | SCMAudit | user=jenkins1000 | ip=192.168.34.25 | op=SEND_HEARTBEAT {datanodeUUID=46af15eb-d7a1-4298-86d8-4efe8ccbe229, command=[]} | ret=SUCCESS |  
2019-09-10 07:28:55,388 [main] INFO  ozoneimpl.OzoneContainer (OzoneContainer.java:stop(199)) - Attempting to stop container services.
2019-09-10 07:28:55,389 [main] INFO  impl.RaftServerProxy (RaftServerProxy.java:lambda$close$4(314)) - 7b54fe2b-72fc-4fdb-b200-ca51888498dc: close
2019-09-10 07:28:55,393 [main] INFO  impl.RaftServerImpl (RaftServerImpl.java:lambda$shutdown$3(245)) - 7b54fe2b-72fc-4fdb-b200-ca51888498dc: shutdown group-218237C54F99
2019-09-10 07:28:55,393 [ForkJoinPool.commonPool-worker-1] INFO  impl.RaftServerImpl (RaftServerImpl.java:lambda$shutdown$3(245)) - 7b54fe2b-72fc-4fdb-b200-ca51888498dc: shutdown group-77B54A593F63
2019-09-10 07:28:55,394 [main] INFO  util.JmxRegister (JmxRegister.java:unregister(73)) - Successfully un-registered JMX Bean with object name Ratis:service=RaftServer,group=group-218237C54F99,id=7b54fe2b-72fc-4fdb-b200-ca51888498dc
2019-09-10 07:28:55,394 [ForkJoinPool.commonPool-worker-1] INFO  util.JmxRegister (JmxRegister.java:unregister(73)) - Successfully un-registered JMX Bean with object name Ratis:service=RaftServer,group=group-77B54A593F63,id=7b54fe2b-72fc-4fdb-b200-ca51888498dc
2019-09-10 07:28:55,394 [main] INFO  impl.RoleInfo (RoleInfo.java:shutdownLeaderState(104)) - 7b54fe2b-72fc-4fdb-b200-ca51888498dc: shutdown LeaderState
2019-09-10 07:28:55,394 [ForkJoinPool.commonPool-worker-1] INFO  impl.RoleInfo (RoleInfo.java:shutdownLeaderState(104)) - 7b54fe2b-72fc-4fdb-b200-ca51888498dc: shutdown LeaderState
2019-09-10 07:28:55,399 [main] INFO  impl.PendingRequests (PendingRequests.java:sendNotLeaderResponses(202)) - 7b54fe2b-72fc-4fdb-b200-ca51888498dc-PendingRequests: sendNotLeaderResponses
2019-09-10 07:28:55,399 [ForkJoinPool.commonPool-worker-1] INFO  impl.PendingRequests (PendingRequests.java:sendNotLeaderResponses(202)) - 7b54fe2b-72fc-4fdb-b200-ca51888498dc-PendingRequests: sendNotLeaderResponses
2019-09-10 07:28:55,402 [grpc-default-executor-11] INFO  server.GrpcServerProtocolService (GrpcServerProtocolService.java:onCompleted(104)) - 667758b7-f0cf-4654-9947-4f8e7cab0e1a: appendEntries completed
2019-09-10 07:28:55,402 [ForkJoinPool.commonPool-worker-1] INFO  impl.StateMachineUpdater (StateMachineUpdater.java:stopAndJoin(115)) - StateMachineUpdater:7b54fe2b-72fc-4fdb-b200-ca51888498dc:group-77B54A593F63: set stopIndex = 0
2019-09-10 07:28:55,402 [StateMachineUpdater:7b54fe2b-72fc-4fdb-b200-ca51888498dc:group-218237C54F99] INFO  ratis.ContainerStateMachine (ContainerStateMachine.java:takeSnapshot(283)) - group-218237C54F99: Taking a snapshot at:(t:1, i:13) file /workdir/hadoop-ozone/integration-test/target/test-dir/MiniOzoneClusterImpl-86be06f9-0c34-41f8-bcfc-872cf9ac1776/datanode-5/data/ratis/3df070b1-6202-4788-b6e7-218237c54f99/sm/snapshot.1_13
2019-09-10 07:28:55,402 [grpc-default-executor-9] INFO  server.GrpcServerProtocolService (GrpcServerProtocolService.java:onCompleted(104)) - 7759a663-c43f-45c5-8beb-3587a0125019: appendEntries completed
2019-09-10 07:28:55,402 [main] INFO  impl.StateMachineUpdater (StateMachineUpdater.java:stopAndJoin(115)) - StateMachineUpdater:7b54fe2b-72fc-4fdb-b200-ca51888498dc:group-218237C54F99: set stopIndex = 15
2019-09-10 07:28:55,403 [grpc-default-executor-9] INFO  server.GrpcLogAppender (GrpcLogAppender.java:onCompleted(292)) - 7b54fe2b-72fc-4fdb-b200-ca51888498dc->7759a663-c43f-45c5-8beb-3587a0125019: follower responses appendEntries COMPLETED
2019-09-10 07:28:55,403 [grpc-default-executor-11] INFO  server.GrpcLogAppender (GrpcLogAppender.java:onCompleted(292)) - 7b54fe2b-72fc-4fdb-b200-ca51888498dc->667758b7-f0cf-4654-9947-4f8e7cab0e1a: follower responses appendEntries COMPLETED
2019-09-10 07:28:55,403 [ForkJoinPool.commonPool-worker-1] INFO  impl.RaftServerImpl (ServerState.java:close(394)) - 7b54fe2b-72fc-4fdb-b200-ca51888498dc:group-77B54A593F63 closes. The last applied log index is 0
2019-09-10 07:28:55,404 [grpc-default-executor-11] INFO  impl.FollowerInfo (FollowerInfo.java:lambda$new$0(50)) - 7b54fe2b-72fc-4fdb-b200-ca51888498dc->667758b7-f0cf-4654-9947-4f8e7cab0e1a: nextIndex: updateUnconditionally 16 -> 15
2019-09-10 07:28:55,404 [7b54fe2b-72fc-4fdb-b200-ca51888498dc-SegmentedRaftLogWorker:Storage Directory /workdir/hadoop-ozone/integration-test/target/test-dir/MiniOzoneClusterImpl-86be06f9-0c34-41f8-bcfc-872cf9ac1776/datanode-5/data/ratis/5605a630-a063-42ff-af7b-77b54a593f63] INFO  segmented.SegmentedRaftLogWorker (SegmentedRaftLogWorker.java:run(313)) - 7b54fe2b-72fc-4fdb-b200-ca51888498dc-SegmentedRaftLogWorker:Storage Directory /workdir/hadoop-ozone/integration-test/target/test-dir/MiniOzoneClusterImpl-86be06f9-0c34-41f8-bcfc-872cf9ac1776/datanode-5/data/ratis/5605a630-a063-42ff-af7b-77b54a593f63 was interrupted, exiting. There are 0 tasks remaining in the queue.
2019-09-10 07:28:55,404 [grpc-default-executor-9] INFO  impl.FollowerInfo (FollowerInfo.java:lambda$new$0(50)) - 7b54fe2b-72fc-4fdb-b200-ca51888498dc->7759a663-c43f-45c5-8beb-3587a0125019: nextIndex: updateUnconditionally 16 -> 15
2019-09-10 07:28:55,410 [ForkJoinPool.commonPool-worker-1] INFO  segmented.SegmentedRaftLogWorker (SegmentedRaftLogWorker.java:close(228)) - 7b54fe2b-72fc-4fdb-b200-ca51888498dc-SegmentedRaftLogWorker:Storage Directory /workdir/hadoop-ozone/integration-test/target/test-dir/MiniOzoneClusterImpl-86be06f9-0c34-41f8-bcfc-872cf9ac1776/datanode-5/data/ratis/5605a630-a063-42ff-af7b-77b54a593f63 close()
2019-09-10 07:28:55,419 [StateMachineUpdater:7b54fe2b-72fc-4fdb-b200-ca51888498dc:group-218237C54F99] INFO  ratis.ContainerStateMachine (ContainerStateMachine.java:takeSnapshot(294)) - group-218237C54F99: Finished taking a snapshot at:(t:1, i:13) file:/workdir/hadoop-ozone/integration-test/target/test-dir/MiniOzoneClusterImpl-86be06f9-0c34-41f8-bcfc-872cf9ac1776/datanode-5/data/ratis/3df070b1-6202-4788-b6e7-218237c54f99/sm/snapshot.1_13 time:16
2019-09-10 07:28:55,419 [StateMachineUpdater:7b54fe2b-72fc-4fdb-b200-ca51888498dc:group-218237C54F99] INFO  impl.StateMachineUpdater (StateMachineUpdater.java:takeSnapshot(242)) - StateMachineUpdater:7b54fe2b-72fc-4fdb-b200-ca51888498dc:group-218237C54F99: Took a snapshot at index 13
2019-09-10 07:28:55,419 [StateMachineUpdater:7b54fe2b-72fc-4fdb-b200-ca51888498dc:group-218237C54F99] INFO  impl.StateMachineUpdater (StateMachineUpdater.java:lambda$new$0(80)) - StateMachineUpdater:7b54fe2b-72fc-4fdb-b200-ca51888498dc:group-218237C54F99: snapshotIndex: updateIncreasingly -1 -> 13
2019-09-10 07:28:55,419 [main] INFO  impl.RaftServerImpl (ServerState.java:close(394)) - 7b54fe2b-72fc-4fdb-b200-ca51888498dc:group-218237C54F99 closes. The last applied log index is 15
2019-09-10 07:28:55,420 [7b54fe2b-72fc-4fdb-b200-ca51888498dc-SegmentedRaftLogWorker:Storage Directory /workdir/hadoop-ozone/integration-test/target/test-dir/MiniOzoneClusterImpl-86be06f9-0c34-41f8-bcfc-872cf9ac1776/datanode-5/data/ratis/3df070b1-6202-4788-b6e7-218237c54f99] INFO  segmented.SegmentedRaftLogWorker (SegmentedRaftLogWorker.java:run(313)) - 7b54fe2b-72fc-4fdb-b200-ca51888498dc-SegmentedRaftLogWorker:Storage Directory /workdir/hadoop-ozone/integration-test/target/test-dir/MiniOzoneClusterImpl-86be06f9-0c34-41f8-bcfc-872cf9ac1776/datanode-5/data/ratis/3df070b1-6202-4788-b6e7-218237c54f99 was interrupted, exiting. There are 0 tasks remaining in the queue.
2019-09-10 07:28:55,422 [main] INFO  segmented.SegmentedRaftLogWorker (SegmentedRaftLogWorker.java:close(228)) - 7b54fe2b-72fc-4fdb-b200-ca51888498dc-SegmentedRaftLogWorker:Storage Directory /workdir/hadoop-ozone/integration-test/target/test-dir/MiniOzoneClusterImpl-86be06f9-0c34-41f8-bcfc-872cf9ac1776/datanode-5/data/ratis/3df070b1-6202-4788-b6e7-218237c54f99 close()
2019-09-10 07:28:55,426 [main] INFO  server.GrpcService (GrpcService.java:closeImpl(155)) - 7b54fe2b-72fc-4fdb-b200-ca51888498dc: shutdown server with port 43413 now
2019-09-10 07:28:55,427 [grpc-default-executor-11] WARN  client.GrpcClientProtocolService (LogUtils.java:warn(134)) - 3-UnorderedRequestStreamObserver3: onError: org.apache.ratis.thirdparty.io.grpc.StatusRuntimeException: CANCELLED: cancelled before receiving half close
2019-09-10 07:28:55,427 [main] INFO  server.GrpcService (GrpcService.java:closeImpl(163)) - 7b54fe2b-72fc-4fdb-b200-ca51888498dc: shutdown server with port 43413 successfully
2019-09-10 07:28:55,427 | INFO  | SCMAudit | user=jenkins1000 | ip=192.168.34.25 | op=SEND_HEARTBEAT {datanodeUUID=1534d603-c8f3-4faf-8d7a-731d484c1a61, command=[]} | ret=SUCCESS |  
2019-09-10 07:28:55,430 [main] INFO  utils.BackgroundService (BackgroundService.java:shutdown(148)) - Shutting down service BlockDeletingService
2019-09-10 07:28:55,434 [refreshUsed-/workdir/hadoop-ozone/integration-test/target/test-dir/MiniOzoneClusterImpl-86be06f9-0c34-41f8-bcfc-872cf9ac1776/datanode-5/data/containers] WARN  fs.CachingGetSpaceUsed (CachingGetSpaceUsed.java:run(183)) - Thread Interrupted waiting to refresh disk information: sleep interrupted
2019-09-10 07:28:55,453 [main] INFO  statemachine.DatanodeStateMachine (DatanodeStateMachine.java:stopDaemon(395)) - Ozone container server stopped.
2019-09-10 07:28:55,454 [main] INFO  handler.ContextHandler (ContextHandler.java:doStop(910)) - Stopped o.e.j.w.WebAppContext@3dc976da{/,null,UNAVAILABLE}{/hddsDatanode}
2019-09-10 07:28:55,455 [main] INFO  server.AbstractConnector (AbstractConnector.java:doStop(318)) - Stopped ServerConnector@5e79bdf6{HTTP/1.1,[http/1.1]}{0.0.0.0:0}
2019-09-10 07:28:55,455 [main] INFO  handler.ContextHandler (ContextHandler.java:doStop(910)) - Stopped o.e.j.s.ServletContextHandler@34c21c34{/static,jar:file:/home/user/.m2/repository/org/apache/hadoop/hadoop-hdds-container-service/0.5.0-SNAPSHOT/hadoop-hdds-container-service-0.5.0-SNAPSHOT.jar!/webapps/static,UNAVAILABLE}
2019-09-10 07:28:55,456 [main] INFO  handler.ContextHandler (ContextHandler.java:doStop(910)) - Stopped o.e.j.s.ServletContextHandler@4951dc8c{/logs,file:///workdir/hadoop-ozone/integration-test/target/log,UNAVAILABLE}
2019-09-10 07:28:55,600 | INFO  | SCMAudit | user=jenkins1000 | ip=192.168.34.25 | op=SEND_HEARTBEAT {datanodeUUID=4e051fbd-0f49-4b75-88cf-14abc2ce29e2, command=[]} | ret=SUCCESS |  
2019-09-10 07:28:55,733 | INFO  | SCMAudit | user=jenkins1000 | ip=192.168.34.25 | op=SEND_HEARTBEAT {datanodeUUID=4362c079-8fac-4550-ad10-f10303ad6b45, command=[]} | ret=SUCCESS |  
2019-09-10 07:28:56,089 | INFO  | SCMAudit | user=jenkins1000 | ip=192.168.34.25 | op=SEND_HEARTBEAT {datanodeUUID=7759a663-c43f-45c5-8beb-3587a0125019, command=[commandType: closeContainerCommand closeContainerCommandProto { containerID: 1 pipelineID { id: "3df070b1-6202-4788-b6e7-218237c54f99" } cmdId: 1 force: false } ]} | ret=SUCCESS |  
2019-09-10 07:28:56,089 | INFO  | SCMAudit | user=jenkins1000 | ip=192.168.34.25 | op=SEND_HEARTBEAT {datanodeUUID=667758b7-f0cf-4654-9947-4f8e7cab0e1a, command=[commandType: closeContainerCommand closeContainerCommandProto { containerID: 1 pipelineID { id: "3df070b1-6202-4788-b6e7-218237c54f99" } cmdId: 1 force: false } ]} | ret=SUCCESS |  
2019-09-10 07:28:56,211 | INFO  | SCMAudit | user=jenkins1000 | ip=192.168.34.25 | op=SEND_HEARTBEAT {datanodeUUID=46af15eb-d7a1-4298-86d8-4efe8ccbe229, command=[]} | ret=SUCCESS |  
2019-09-10 07:28:56,428 | INFO  | SCMAudit | user=jenkins1000 | ip=192.168.34.25 | op=SEND_HEARTBEAT {datanodeUUID=1534d603-c8f3-4faf-8d7a-731d484c1a61, command=[]} | ret=SUCCESS |  
2019-09-10 07:28:56,602 | INFO  | SCMAudit | user=jenkins1000 | ip=192.168.34.25 | op=SEND_HEARTBEAT {datanodeUUID=4e051fbd-0f49-4b75-88cf-14abc2ce29e2, command=[]} | ret=SUCCESS |  
2019-09-10 07:28:56,734 | INFO  | SCMAudit | user=jenkins1000 | ip=192.168.34.25 | op=SEND_HEARTBEAT {datanodeUUID=4362c079-8fac-4550-ad10-f10303ad6b45, command=[]} | ret=SUCCESS |  
2019-09-10 07:28:57,088 | INFO  | SCMAudit | user=jenkins1000 | ip=192.168.34.25 | op=SEND_HEARTBEAT {datanodeUUID=667758b7-f0cf-4654-9947-4f8e7cab0e1a, command=[]} | ret=SUCCESS |  
2019-09-10 07:28:57,088 | INFO  | SCMAudit | user=jenkins1000 | ip=192.168.34.25 | op=SEND_HEARTBEAT {datanodeUUID=7759a663-c43f-45c5-8beb-3587a0125019, command=[]} | ret=SUCCESS |  
2019-09-10 07:28:57,115 | INFO  | SCMAudit | user=jenkins1000 | ip=192.168.34.25 | op=SEND_HEARTBEAT {datanodeUUID=667758b7-f0cf-4654-9947-4f8e7cab0e1a, command=[]} | ret=SUCCESS |  
2019-09-10 07:28:57,116 | INFO  | SCMAudit | user=jenkins1000 | ip=192.168.34.25 | op=SEND_HEARTBEAT {datanodeUUID=7759a663-c43f-45c5-8beb-3587a0125019, command=[]} | ret=SUCCESS |  
2019-09-10 07:28:57,212 | INFO  | SCMAudit | user=jenkins1000 | ip=192.168.34.25 | op=SEND_HEARTBEAT {datanodeUUID=46af15eb-d7a1-4298-86d8-4efe8ccbe229, command=[]} | ret=SUCCESS |  
2019-09-10 07:28:57,428 | INFO  | SCMAudit | user=jenkins1000 | ip=192.168.34.25 | op=SEND_HEARTBEAT {datanodeUUID=1534d603-c8f3-4faf-8d7a-731d484c1a61, command=[]} | ret=SUCCESS |  
2019-09-10 07:28:57,472 [grpc-default-executor-9] INFO  client.GrpcClientProtocolClient (GrpcClientProtocolClient.java:onNext(255)) - client-7BE3B13A3093->667758b7-f0cf-4654-9947-4f8e7cab0e1a: receive RaftClientReply:client-7BE3B13A3093->667758b7-f0cf-4654-9947-4f8e7cab0e1a@group-218237C54F99, cid=184, FAILED org.apache.ratis.protocol.NotLeaderException: Server 667758b7-f0cf-4654-9947-4f8e7cab0e1a is not the leader (7b54fe2b-72fc-4fdb-b200-ca51888498dc:192.168.34.25:43413). Request must be sent to leader., logIndex=0, commits[667758b7-f0cf-4654-9947-4f8e7cab0e1a:c15, 7b54fe2b-72fc-4fdb-b200-ca51888498dc:c15, 7759a663-c43f-45c5-8beb-3587a0125019:c13]
2019-09-10 07:28:57,602 | INFO  | SCMAudit | user=jenkins1000 | ip=192.168.34.25 | op=SEND_HEARTBEAT {datanodeUUID=4e051fbd-0f49-4b75-88cf-14abc2ce29e2, command=[]} | ret=SUCCESS |  
2019-09-10 07:28:57,733 | INFO  | SCMAudit | user=jenkins1000 | ip=192.168.34.25 | op=SEND_HEARTBEAT {datanodeUUID=4362c079-8fac-4550-ad10-f10303ad6b45, command=[]} | ret=SUCCESS |  
2019-09-10 07:28:58,116 | INFO  | SCMAudit | user=jenkins1000 | ip=192.168.34.25 | op=SEND_HEARTBEAT {datanodeUUID=667758b7-f0cf-4654-9947-4f8e7cab0e1a, command=[]} | ret=SUCCESS |  
2019-09-10 07:28:58,116 | INFO  | SCMAudit | user=jenkins1000 | ip=192.168.34.25 | op=SEND_HEARTBEAT {datanodeUUID=7759a663-c43f-45c5-8beb-3587a0125019, command=[]} | ret=SUCCESS |  
2019-09-10 07:28:58,212 | INFO  | SCMAudit | user=jenkins1000 | ip=192.168.34.25 | op=SEND_HEARTBEAT {datanodeUUID=46af15eb-d7a1-4298-86d8-4efe8ccbe229, command=[]} | ret=SUCCESS |  
2019-09-10 07:28:58,428 | INFO  | SCMAudit | user=jenkins1000 | ip=192.168.34.25 | op=SEND_HEARTBEAT {datanodeUUID=1534d603-c8f3-4faf-8d7a-731d484c1a61, command=[]} | ret=SUCCESS |  
2019-09-10 07:28:58,488 [grpc-default-executor-7] INFO  client.GrpcClientProtocolClient (GrpcClientProtocolClient.java:onNext(255)) - client-7BE3B13A3093->7759a663-c43f-45c5-8beb-3587a0125019: receive RaftClientReply:client-7BE3B13A3093->7759a663-c43f-45c5-8beb-3587a0125019@group-218237C54F99, cid=184, FAILED org.apache.ratis.protocol.NotLeaderException: Server 7759a663-c43f-45c5-8beb-3587a0125019 is not the leader (7b54fe2b-72fc-4fdb-b200-ca51888498dc:192.168.34.25:43413). Request must be sent to leader., logIndex=0, commits[7759a663-c43f-45c5-8beb-3587a0125019:c15, 7b54fe2b-72fc-4fdb-b200-ca51888498dc:c15, 667758b7-f0cf-4654-9947-4f8e7cab0e1a:c13]
2019-09-10 07:28:58,603 | INFO  | SCMAudit | user=jenkins1000 | ip=192.168.34.25 | op=SEND_HEARTBEAT {datanodeUUID=4e051fbd-0f49-4b75-88cf-14abc2ce29e2, command=[]} | ret=SUCCESS |  
2019-09-10 07:28:58,733 | INFO  | SCMAudit | user=jenkins1000 | ip=192.168.34.25 | op=SEND_HEARTBEAT {datanodeUUID=4362c079-8fac-4550-ad10-f10303ad6b45, command=[]} | ret=SUCCESS |  
2019-09-10 07:28:59,116 | INFO  | SCMAudit | user=jenkins1000 | ip=192.168.34.25 | op=SEND_HEARTBEAT {datanodeUUID=667758b7-f0cf-4654-9947-4f8e7cab0e1a, command=[]} | ret=SUCCESS |  
2019-09-10 07:28:59,117 | INFO  | SCMAudit | user=jenkins1000 | ip=192.168.34.25 | op=SEND_HEARTBEAT {datanodeUUID=7759a663-c43f-45c5-8beb-3587a0125019, command=[]} | ret=SUCCESS |  
2019-09-10 07:28:59,212 | INFO  | SCMAudit | user=jenkins1000 | ip=192.168.34.25 | op=SEND_HEARTBEAT {datanodeUUID=46af15eb-d7a1-4298-86d8-4efe8ccbe229, command=[]} | ret=SUCCESS |  
2019-09-10 07:28:59,428 | INFO  | SCMAudit | user=jenkins1000 | ip=192.168.34.25 | op=SEND_HEARTBEAT {datanodeUUID=1534d603-c8f3-4faf-8d7a-731d484c1a61, command=[]} | ret=SUCCESS |  
2019-09-10 07:28:59,505 [grpc-default-executor-11] INFO  client.GrpcClientProtocolClient (GrpcClientProtocolClient.java:onNext(255)) - client-7BE3B13A3093->667758b7-f0cf-4654-9947-4f8e7cab0e1a: receive RaftClientReply:client-7BE3B13A3093->667758b7-f0cf-4654-9947-4f8e7cab0e1a@group-218237C54F99, cid=184, FAILED org.apache.ratis.protocol.NotLeaderException: Server 667758b7-f0cf-4654-9947-4f8e7cab0e1a is not the leader (7b54fe2b-72fc-4fdb-b200-ca51888498dc:192.168.34.25:43413). Request must be sent to leader., logIndex=0, commits[667758b7-f0cf-4654-9947-4f8e7cab0e1a:c15, 7b54fe2b-72fc-4fdb-b200-ca51888498dc:c15, 7759a663-c43f-45c5-8beb-3587a0125019:c13]
2019-09-10 07:28:59,602 | INFO  | SCMAudit | user=jenkins1000 | ip=192.168.34.25 | op=SEND_HEARTBEAT {datanodeUUID=4e051fbd-0f49-4b75-88cf-14abc2ce29e2, command=[]} | ret=SUCCESS |  
2019-09-10 07:28:59,733 | INFO  | SCMAudit | user=jenkins1000 | ip=192.168.34.25 | op=SEND_HEARTBEAT {datanodeUUID=4362c079-8fac-4550-ad10-f10303ad6b45, command=[]} | ret=SUCCESS |  
2019-09-10 07:28:59,866 [Thread-3379] INFO  impl.FollowerState (FollowerState.java:run(106)) - 7759a663-c43f-45c5-8beb-3587a0125019:group-218237C54F99 changes to CANDIDATE, lastRpcTime:6970, electionTimeout:5061ms
2019-09-10 07:28:59,866 [Thread-3379] INFO  impl.RoleInfo (RoleInfo.java:shutdownFollowerState(121)) - 7759a663-c43f-45c5-8beb-3587a0125019: shutdown FollowerState
2019-09-10 07:28:59,866 [Thread-3379] INFO  impl.RaftServerImpl (RaftServerImpl.java:setRole(171)) - 7759a663-c43f-45c5-8beb-3587a0125019:group-218237C54F99 changes role from FOLLOWER to CANDIDATE at term 1 for changeToCandidate
2019-09-10 07:28:59,867 [Thread-3379] INFO  impl.RoleInfo (RoleInfo.java:updateAndGet(143)) - 7759a663-c43f-45c5-8beb-3587a0125019: start LeaderElection
2019-09-10 07:28:59,870 [7759a663-c43f-45c5-8beb-3587a0125019:group-218237C54F99:LeaderElection65] INFO  impl.RaftServerImpl (ServerState.java:setLeader(263)) - 7759a663-c43f-45c5-8beb-3587a0125019:group-218237C54F99 change Leader from 7b54fe2b-72fc-4fdb-b200-ca51888498dc to null at term 1 for initElection
2019-09-10 07:28:59,895 [7759a663-c43f-45c5-8beb-3587a0125019:group-218237C54F99:LeaderElection65] INFO  impl.LeaderElection (LeaderElection.java:askForVotes(181)) - 7759a663-c43f-45c5-8beb-3587a0125019:group-218237C54F99:LeaderElection65: begin an election at term 2 for 0: [7b54fe2b-72fc-4fdb-b200-ca51888498dc:192.168.34.25:43413, 7759a663-c43f-45c5-8beb-3587a0125019:192.168.34.25:36160, 667758b7-f0cf-4654-9947-4f8e7cab0e1a:192.168.34.25:34273], old=null
2019-09-10 07:28:59,898 [7759a663-c43f-45c5-8beb-3587a0125019:group-218237C54F99:LeaderElection65] INFO  impl.LeaderElection (LogUtils.java:infoOrTrace(149)) - 7759a663-c43f-45c5-8beb-3587a0125019:group-218237C54F99:LeaderElection65 got exception when requesting votes: {}
java.util.concurrent.ExecutionException: org.apache.ratis.thirdparty.io.grpc.StatusRuntimeException: UNAVAILABLE: io exception
	at java.util.concurrent.FutureTask.report(FutureTask.java:122)
	at java.util.concurrent.FutureTask.get(FutureTask.java:192)
	at org.apache.ratis.server.impl.LeaderElection.waitForResults(LeaderElection.java:262)
	at org.apache.ratis.server.impl.LeaderElection.askForVotes(LeaderElection.java:200)
	at org.apache.ratis.server.impl.LeaderElection.run(LeaderElection.java:130)
	at java.lang.Thread.run(Thread.java:748)
Caused by: org.apache.ratis.thirdparty.io.grpc.StatusRuntimeException: UNAVAILABLE: io exception
	at org.apache.ratis.thirdparty.io.grpc.stub.ClientCalls.toStatusRuntimeException(ClientCalls.java:233)
	at org.apache.ratis.thirdparty.io.grpc.stub.ClientCalls.getUnchecked(ClientCalls.java:214)
	at org.apache.ratis.thirdparty.io.grpc.stub.ClientCalls.blockingUnaryCall(ClientCalls.java:139)
	at org.apache.ratis.proto.grpc.RaftServerProtocolServiceGrpc$RaftServerProtocolServiceBlockingStub.requestVote(RaftServerProtocolServiceGrpc.java:265)
	at org.apache.ratis.grpc.server.GrpcServerProtocolClient.requestVote(GrpcServerProtocolClient.java:83)
	at org.apache.ratis.grpc.server.GrpcService.requestVote(GrpcService.java:195)
	at org.apache.ratis.server.impl.LeaderElection.lambda$submitRequests$1(LeaderElection.java:237)
	at java.util.concurrent.FutureTask.run(FutureTask.java:266)
	at java.util.concurrent.Executors$RunnableAdapter.call(Executors.java:511)
	at java.util.concurrent.FutureTask.run(FutureTask.java:266)
	at java.util.concurrent.ThreadPoolExecutor.runWorker(ThreadPoolExecutor.java:1149)
	at java.util.concurrent.ThreadPoolExecutor$Worker.run(ThreadPoolExecutor.java:624)
	... 1 more
Caused by: org.apache.ratis.thirdparty.io.netty.channel.AbstractChannel$AnnotatedConnectException: Connection refused: /192.168.34.25:43413
	at sun.nio.ch.SocketChannelImpl.checkConnect(Native Method)
	at sun.nio.ch.SocketChannelImpl.finishConnect(SocketChannelImpl.java:717)
	at org.apache.ratis.thirdparty.io.netty.channel.socket.nio.NioSocketChannel.doFinishConnect(NioSocketChannel.java:327)
	at org.apache.ratis.thirdparty.io.netty.channel.nio.AbstractNioChannel$AbstractNioUnsafe.finishConnect(AbstractNioChannel.java:340)
	at org.apache.ratis.thirdparty.io.netty.channel.nio.NioEventLoop.processSelectedKey(NioEventLoop.java:632)
	at org.apache.ratis.thirdparty.io.netty.channel.nio.NioEventLoop.processSelectedKeysOptimized(NioEventLoop.java:579)
	at org.apache.ratis.thirdparty.io.netty.channel.nio.NioEventLoop.processSelectedKeys(NioEventLoop.java:496)
	at org.apache.ratis.thirdparty.io.netty.channel.nio.NioEventLoop.run(NioEventLoop.java:458)
	at org.apache.ratis.thirdparty.io.netty.util.concurrent.SingleThreadEventExecutor$5.run(SingleThreadEventExecutor.java:897)
	at org.apache.ratis.thirdparty.io.netty.util.concurrent.FastThreadLocalRunnable.run(FastThreadLocalRunnable.java:30)
	... 1 more
Caused by: java.net.ConnectException: Connection refused
	... 11 more
2019-09-10 07:28:59,902 [grpc-default-executor-9] INFO  impl.RaftServerImpl (ServerState.java:setLeader(263)) - 667758b7-f0cf-4654-9947-4f8e7cab0e1a:group-218237C54F99 change Leader from 7b54fe2b-72fc-4fdb-b200-ca51888498dc to null at term 2 for updateCurrentTerm
2019-09-10 07:28:59,902 [grpc-default-executor-9] INFO  impl.RaftServerImpl (RaftServerImpl.java:setRole(171)) - 667758b7-f0cf-4654-9947-4f8e7cab0e1a:group-218237C54F99 changes role from FOLLOWER to FOLLOWER at term 2 for recognizeCandidate:7759a663-c43f-45c5-8beb-3587a0125019
2019-09-10 07:28:59,903 [grpc-default-executor-9] INFO  impl.RoleInfo (RoleInfo.java:shutdownFollowerState(121)) - 667758b7-f0cf-4654-9947-4f8e7cab0e1a: shutdown FollowerState
2019-09-10 07:28:59,903 [grpc-default-executor-9] INFO  impl.RoleInfo (RoleInfo.java:updateAndGet(143)) - 667758b7-f0cf-4654-9947-4f8e7cab0e1a: start FollowerState
2019-09-10 07:28:59,903 [Thread-3380] INFO  impl.FollowerState (FollowerState.java:run(114)) - 667758b7-f0cf-4654-9947-4f8e7cab0e1a: FollowerState was interrupted: java.lang.InterruptedException: sleep interrupted
2019-09-10 07:28:59,921 [7759a663-c43f-45c5-8beb-3587a0125019:group-218237C54F99:LeaderElection65] INFO  impl.LeaderElection (LeaderElection.java:logAndReturn(56)) - 7759a663-c43f-45c5-8beb-3587a0125019:group-218237C54F99:LeaderElection65: Election PASSED; received 1 response(s) [7759a663-c43f-45c5-8beb-3587a0125019<-667758b7-f0cf-4654-9947-4f8e7cab0e1a#0:OK-t2] and 1 exception(s); 7759a663-c43f-45c5-8beb-3587a0125019:t2, leader=null, voted=7759a663-c43f-45c5-8beb-3587a0125019, raftlog=7759a663-c43f-45c5-8beb-3587a0125019-SegmentedRaftLog:OPENED:c15,f15,i15, conf=0: [7b54fe2b-72fc-4fdb-b200-ca51888498dc:192.168.34.25:43413, 7759a663-c43f-45c5-8beb-3587a0125019:192.168.34.25:36160, 667758b7-f0cf-4654-9947-4f8e7cab0e1a:192.168.34.25:34273], old=null
2019-09-10 07:28:59,921 [7759a663-c43f-45c5-8beb-3587a0125019:group-218237C54F99:LeaderElection65] INFO  impl.LeaderElection (LogUtils.java:infoOrTrace(149)) -   Exception 0: {}
java.util.concurrent.ExecutionException: org.apache.ratis.thirdparty.io.grpc.StatusRuntimeException: UNAVAILABLE: io exception
	at java.util.concurrent.FutureTask.report(FutureTask.java:122)
	at java.util.concurrent.FutureTask.get(FutureTask.java:192)
	at org.apache.ratis.server.impl.LeaderElection.waitForResults(LeaderElection.java:262)
	at org.apache.ratis.server.impl.LeaderElection.askForVotes(LeaderElection.java:200)
	at org.apache.ratis.server.impl.LeaderElection.run(LeaderElection.java:130)
	at java.lang.Thread.run(Thread.java:748)
Caused by: org.apache.ratis.thirdparty.io.grpc.StatusRuntimeException: UNAVAILABLE: io exception
	at org.apache.ratis.thirdparty.io.grpc.stub.ClientCalls.toStatusRuntimeException(ClientCalls.java:233)
	at org.apache.ratis.thirdparty.io.grpc.stub.ClientCalls.getUnchecked(ClientCalls.java:214)
	at org.apache.ratis.thirdparty.io.grpc.stub.ClientCalls.blockingUnaryCall(ClientCalls.java:139)
	at org.apache.ratis.proto.grpc.RaftServerProtocolServiceGrpc$RaftServerProtocolServiceBlockingStub.requestVote(RaftServerProtocolServiceGrpc.java:265)
	at org.apache.ratis.grpc.server.GrpcServerProtocolClient.requestVote(GrpcServerProtocolClient.java:83)
	at org.apache.ratis.grpc.server.GrpcService.requestVote(GrpcService.java:195)
	at org.apache.ratis.server.impl.LeaderElection.lambda$submitRequests$1(LeaderElection.java:237)
	at java.util.concurrent.FutureTask.run(FutureTask.java:266)
	at java.util.concurrent.Executors$RunnableAdapter.call(Executors.java:511)
	at java.util.concurrent.FutureTask.run(FutureTask.java:266)
	at java.util.concurrent.ThreadPoolExecutor.runWorker(ThreadPoolExecutor.java:1149)
	at java.util.concurrent.ThreadPoolExecutor$Worker.run(ThreadPoolExecutor.java:624)
	... 1 more
Caused by: org.apache.ratis.thirdparty.io.netty.channel.AbstractChannel$AnnotatedConnectException: Connection refused: /192.168.34.25:43413
	at sun.nio.ch.SocketChannelImpl.checkConnect(Native Method)
	at sun.nio.ch.SocketChannelImpl.finishConnect(SocketChannelImpl.java:717)
	at org.apache.ratis.thirdparty.io.netty.channel.socket.nio.NioSocketChannel.doFinishConnect(NioSocketChannel.java:327)
	at org.apache.ratis.thirdparty.io.netty.channel.nio.AbstractNioChannel$AbstractNioUnsafe.finishConnect(AbstractNioChannel.java:340)
	at org.apache.ratis.thirdparty.io.netty.channel.nio.NioEventLoop.processSelectedKey(NioEventLoop.java:632)
	at org.apache.ratis.thirdparty.io.netty.channel.nio.NioEventLoop.processSelectedKeysOptimized(NioEventLoop.java:579)
	at org.apache.ratis.thirdparty.io.netty.channel.nio.NioEventLoop.processSelectedKeys(NioEventLoop.java:496)
	at org.apache.ratis.thirdparty.io.netty.channel.nio.NioEventLoop.run(NioEventLoop.java:458)
	at org.apache.ratis.thirdparty.io.netty.util.concurrent.SingleThreadEventExecutor$5.run(SingleThreadEventExecutor.java:897)
	at org.apache.ratis.thirdparty.io.netty.util.concurrent.FastThreadLocalRunnable.run(FastThreadLocalRunnable.java:30)
	... 1 more
Caused by: java.net.ConnectException: Connection refused
	... 11 more
2019-09-10 07:28:59,922 [7759a663-c43f-45c5-8beb-3587a0125019:group-218237C54F99:LeaderElection65] INFO  impl.RoleInfo (RoleInfo.java:shutdownLeaderElection(134)) - 7759a663-c43f-45c5-8beb-3587a0125019: shutdown LeaderElection
2019-09-10 07:28:59,922 [7759a663-c43f-45c5-8beb-3587a0125019:group-218237C54F99:LeaderElection65] INFO  impl.RaftServerImpl (RaftServerImpl.java:setRole(171)) - 7759a663-c43f-45c5-8beb-3587a0125019:group-218237C54F99 changes role from CANDIDATE to LEADER at term 2 for changeToLeader
2019-09-10 07:28:59,922 [7759a663-c43f-45c5-8beb-3587a0125019:group-218237C54F99:LeaderElection65] INFO  impl.RaftServerImpl (ServerState.java:setLeader(263)) - 7759a663-c43f-45c5-8beb-3587a0125019:group-218237C54F99 change Leader from null to 7759a663-c43f-45c5-8beb-3587a0125019 at term 2 for becomeLeader, leader elected after 51ms
2019-09-10 07:28:59,922 [7759a663-c43f-45c5-8beb-3587a0125019:group-218237C54F99:LeaderElection65] INFO  server.RaftServerConfigKeys (ConfUtils.java:logGet(43)) - raft.server.staging.catchup.gap = 1000 (default)
2019-09-10 07:28:59,922 [7759a663-c43f-45c5-8beb-3587a0125019:group-218237C54F99:LeaderElection65] INFO  server.RaftServerConfigKeys (ConfUtils.java:logGet(43)) - raft.server.rpc.sleep.time = 25ms (default)
2019-09-10 07:28:59,923 [7759a663-c43f-45c5-8beb-3587a0125019:group-218237C54F99:LeaderElection65] INFO  server.RaftServerConfigKeys (ConfUtils.java:logGet(43)) - raft.server.write.element-limit = 4096 (default)
2019-09-10 07:28:59,923 [7759a663-c43f-45c5-8beb-3587a0125019:group-218237C54F99:LeaderElection65] INFO  server.RaftServerConfigKeys (ConfUtils.java:logGet(43)) - raft.server.watch.timeout = 10s (default)
2019-09-10 07:28:59,923 [7759a663-c43f-45c5-8beb-3587a0125019:group-218237C54F99:LeaderElection65] INFO  server.RaftServerConfigKeys (ConfUtils.java:logGet(43)) - raft.server.watch.timeout.denomination = 1s (default)
2019-09-10 07:28:59,923 [7759a663-c43f-45c5-8beb-3587a0125019:group-218237C54F99:LeaderElection65] INFO  server.RaftServerConfigKeys (ConfUtils.java:logGet(43)) - raft.server.watch.element-limit = 65536 (default)
2019-09-10 07:28:59,923 [7759a663-c43f-45c5-8beb-3587a0125019:group-218237C54F99:LeaderElection65] INFO  server.RaftServerConfigKeys (ConfUtils.java:logGet(43)) - raft.server.log.appender.snapshot.chunk.size.max = 16MB (=16777216) (default)
2019-09-10 07:28:59,923 [7759a663-c43f-45c5-8beb-3587a0125019:group-218237C54F99:LeaderElection65] INFO  server.RaftServerConfigKeys (ConfUtils.java:logGet(43)) - raft.server.log.appender.buffer.byte-limit = 33554432 (custom)
2019-09-10 07:28:59,924 [7759a663-c43f-45c5-8beb-3587a0125019:group-218237C54F99:LeaderElection65] INFO  server.RaftServerConfigKeys (ConfUtils.java:logGet(43)) - raft.server.log.appender.buffer.element-limit = 1 (custom)
2019-09-10 07:28:59,924 [7759a663-c43f-45c5-8beb-3587a0125019:group-218237C54F99:LeaderElection65] INFO  grpc.GrpcConfigKeys$Server (ConfUtils.java:logGet(43)) - raft.grpc.server.leader.outstanding.appends.max = 128 (default)
2019-09-10 07:28:59,924 [7759a663-c43f-45c5-8beb-3587a0125019:group-218237C54F99:LeaderElection65] INFO  server.RaftServerConfigKeys (ConfUtils.java:logGet(43)) - raft.server.rpc.request.timeout = 3000ms (default)
2019-09-10 07:28:59,924 [7759a663-c43f-45c5-8beb-3587a0125019:group-218237C54F99:LeaderElection65] INFO  server.RaftServerConfigKeys (ConfUtils.java:logGet(43)) - raft.server.log.appender.install.snapshot.enabled = false (custom)
2019-09-10 07:28:59,924 [7759a663-c43f-45c5-8beb-3587a0125019:group-218237C54F99:LeaderElection65] INFO  server.RaftServerConfigKeys (ConfUtils.java:logGet(43)) - raft.server.log.appender.snapshot.chunk.size.max = 16MB (=16777216) (default)
2019-09-10 07:28:59,925 [7759a663-c43f-45c5-8beb-3587a0125019:group-218237C54F99:LeaderElection65] INFO  server.RaftServerConfigKeys (ConfUtils.java:logGet(43)) - raft.server.log.appender.buffer.byte-limit = 33554432 (custom)
2019-09-10 07:28:59,925 [7759a663-c43f-45c5-8beb-3587a0125019:group-218237C54F99:LeaderElection65] INFO  server.RaftServerConfigKeys (ConfUtils.java:logGet(43)) - raft.server.log.appender.buffer.element-limit = 1 (custom)
2019-09-10 07:28:59,925 [7759a663-c43f-45c5-8beb-3587a0125019:group-218237C54F99:LeaderElection65] INFO  grpc.GrpcConfigKeys$Server (ConfUtils.java:logGet(43)) - raft.grpc.server.leader.outstanding.appends.max = 128 (default)
2019-09-10 07:28:59,925 [7759a663-c43f-45c5-8beb-3587a0125019:group-218237C54F99:LeaderElection65] INFO  server.RaftServerConfigKeys (ConfUtils.java:logGet(43)) - raft.server.rpc.request.timeout = 3000ms (default)
2019-09-10 07:28:59,925 [7759a663-c43f-45c5-8beb-3587a0125019:group-218237C54F99:LeaderElection65] INFO  server.RaftServerConfigKeys (ConfUtils.java:logGet(43)) - raft.server.log.appender.install.snapshot.enabled = false (custom)
2019-09-10 07:28:59,926 [7759a663-c43f-45c5-8beb-3587a0125019:group-218237C54F99:LeaderElection65] INFO  impl.RoleInfo (RoleInfo.java:updateAndGet(143)) - 7759a663-c43f-45c5-8beb-3587a0125019: start LeaderState
2019-09-10 07:28:59,926 [7759a663-c43f-45c5-8beb-3587a0125019:group-218237C54F99:LeaderElection65] INFO  segmented.SegmentedRaftLogWorker (SegmentedRaftLogWorker.java:rollLogSegment(385)) - 7759a663-c43f-45c5-8beb-3587a0125019-SegmentedRaftLogWorker:Storage Directory /workdir/hadoop-ozone/integration-test/target/test-dir/MiniOzoneClusterImpl-86be06f9-0c34-41f8-bcfc-872cf9ac1776/datanode-3/data/ratis/3df070b1-6202-4788-b6e7-218237c54f99: Rolling segment log-0_15 to index:15
2019-09-10 07:28:59,927 [7759a663-c43f-45c5-8beb-3587a0125019:group-218237C54F99:LeaderElection65] INFO  impl.RaftServerImpl (ServerState.java:setRaftConf(361)) - 7759a663-c43f-45c5-8beb-3587a0125019:group-218237C54F99 set configuration 16: [7b54fe2b-72fc-4fdb-b200-ca51888498dc:192.168.34.25:43413, 7759a663-c43f-45c5-8beb-3587a0125019:192.168.34.25:36160, 667758b7-f0cf-4654-9947-4f8e7cab0e1a:192.168.34.25:34273], old=null at 16
2019-09-10 07:28:59,927 [grpc-default-executor-9] WARN  server.GrpcLogAppender (LogUtils.java:warn(134)) - 7759a663-c43f-45c5-8beb-3587a0125019->7b54fe2b-72fc-4fdb-b200-ca51888498dc: Failed appendEntries: org.apache.ratis.thirdparty.io.grpc.StatusRuntimeException: UNAVAILABLE: io exception
2019-09-10 07:28:59,927 [7759a663-c43f-45c5-8beb-3587a0125019-SegmentedRaftLogWorker:Storage Directory /workdir/hadoop-ozone/integration-test/target/test-dir/MiniOzoneClusterImpl-86be06f9-0c34-41f8-bcfc-872cf9ac1776/datanode-3/data/ratis/3df070b1-6202-4788-b6e7-218237c54f99] INFO  segmented.SegmentedRaftLogWorker (SegmentedRaftLogWorker.java:execute(526)) - 7759a663-c43f-45c5-8beb-3587a0125019-SegmentedRaftLogWorker:Storage Directory /workdir/hadoop-ozone/integration-test/target/test-dir/MiniOzoneClusterImpl-86be06f9-0c34-41f8-bcfc-872cf9ac1776/datanode-3/data/ratis/3df070b1-6202-4788-b6e7-218237c54f99: Rolled log segment from /workdir/hadoop-ozone/integration-test/target/test-dir/MiniOzoneClusterImpl-86be06f9-0c34-41f8-bcfc-872cf9ac1776/datanode-3/data/ratis/3df070b1-6202-4788-b6e7-218237c54f99/current/log_inprogress_0 to /workdir/hadoop-ozone/integration-test/target/test-dir/MiniOzoneClusterImpl-86be06f9-0c34-41f8-bcfc-872cf9ac1776/datanode-3/data/ratis/3df070b1-6202-4788-b6e7-218237c54f99/current/log_0-15
2019-09-10 07:28:59,927 [grpc-default-executor-9] INFO  impl.FollowerInfo (FollowerInfo.java:lambda$new$0(50)) - 7759a663-c43f-45c5-8beb-3587a0125019->7b54fe2b-72fc-4fdb-b200-ca51888498dc: nextIndex: updateUnconditionally 16 -> 1
2019-09-10 07:28:59,928 [grpc-default-executor-7] INFO  impl.RaftServerImpl (ServerState.java:setLeader(263)) - 667758b7-f0cf-4654-9947-4f8e7cab0e1a:group-218237C54F99 change Leader from null to 7759a663-c43f-45c5-8beb-3587a0125019 at term 2 for appendEntries, leader elected after 25ms
2019-09-10 07:28:59,931 [grpc-default-executor-7] INFO  impl.RaftServerImpl (ServerState.java:setRaftConf(361)) - 667758b7-f0cf-4654-9947-4f8e7cab0e1a:group-218237C54F99 set configuration 16: [7b54fe2b-72fc-4fdb-b200-ca51888498dc:192.168.34.25:43413, 7759a663-c43f-45c5-8beb-3587a0125019:192.168.34.25:36160, 667758b7-f0cf-4654-9947-4f8e7cab0e1a:192.168.34.25:34273], old=null at 16
2019-09-10 07:28:59,931 [grpc-default-executor-7] INFO  segmented.SegmentedRaftLogWorker (SegmentedRaftLogWorker.java:rollLogSegment(385)) - 667758b7-f0cf-4654-9947-4f8e7cab0e1a-SegmentedRaftLogWorker:Storage Directory /workdir/hadoop-ozone/integration-test/target/test-dir/MiniOzoneClusterImpl-86be06f9-0c34-41f8-bcfc-872cf9ac1776/datanode-4/data/ratis/3df070b1-6202-4788-b6e7-218237c54f99: Rolling segment log-0_15 to index:15
2019-09-10 07:28:59,931 [667758b7-f0cf-4654-9947-4f8e7cab0e1a-SegmentedRaftLogWorker:Storage Directory /workdir/hadoop-ozone/integration-test/target/test-dir/MiniOzoneClusterImpl-86be06f9-0c34-41f8-bcfc-872cf9ac1776/datanode-4/data/ratis/3df070b1-6202-4788-b6e7-218237c54f99] INFO  segmented.SegmentedRaftLogWorker (SegmentedRaftLogWorker.java:execute(526)) - 667758b7-f0cf-4654-9947-4f8e7cab0e1a-SegmentedRaftLogWorker:Storage Directory /workdir/hadoop-ozone/integration-test/target/test-dir/MiniOzoneClusterImpl-86be06f9-0c34-41f8-bcfc-872cf9ac1776/datanode-4/data/ratis/3df070b1-6202-4788-b6e7-218237c54f99: Rolled log segment from /workdir/hadoop-ozone/integration-test/target/test-dir/MiniOzoneClusterImpl-86be06f9-0c34-41f8-bcfc-872cf9ac1776/datanode-4/data/ratis/3df070b1-6202-4788-b6e7-218237c54f99/current/log_inprogress_0 to /workdir/hadoop-ozone/integration-test/target/test-dir/MiniOzoneClusterImpl-86be06f9-0c34-41f8-bcfc-872cf9ac1776/datanode-4/data/ratis/3df070b1-6202-4788-b6e7-218237c54f99/current/log_0-15
2019-09-10 07:28:59,977 [667758b7-f0cf-4654-9947-4f8e7cab0e1a-SegmentedRaftLogWorker:Storage Directory /workdir/hadoop-ozone/integration-test/target/test-dir/MiniOzoneClusterImpl-86be06f9-0c34-41f8-bcfc-872cf9ac1776/datanode-4/data/ratis/3df070b1-6202-4788-b6e7-218237c54f99] INFO  segmented.SegmentedRaftLogWorker (SegmentedRaftLogWorker.java:execute(569)) - 667758b7-f0cf-4654-9947-4f8e7cab0e1a-SegmentedRaftLogWorker:Storage Directory /workdir/hadoop-ozone/integration-test/target/test-dir/MiniOzoneClusterImpl-86be06f9-0c34-41f8-bcfc-872cf9ac1776/datanode-4/data/ratis/3df070b1-6202-4788-b6e7-218237c54f99: created new log segment /workdir/hadoop-ozone/integration-test/target/test-dir/MiniOzoneClusterImpl-86be06f9-0c34-41f8-bcfc-872cf9ac1776/datanode-4/data/ratis/3df070b1-6202-4788-b6e7-218237c54f99/current/log_inprogress_16
2019-09-10 07:28:59,977 [7759a663-c43f-45c5-8beb-3587a0125019-SegmentedRaftLogWorker:Storage Directory /workdir/hadoop-ozone/integration-test/target/test-dir/MiniOzoneClusterImpl-86be06f9-0c34-41f8-bcfc-872cf9ac1776/datanode-3/data/ratis/3df070b1-6202-4788-b6e7-218237c54f99] INFO  segmented.SegmentedRaftLogWorker (SegmentedRaftLogWorker.java:execute(569)) - 7759a663-c43f-45c5-8beb-3587a0125019-SegmentedRaftLogWorker:Storage Directory /workdir/hadoop-ozone/integration-test/target/test-dir/MiniOzoneClusterImpl-86be06f9-0c34-41f8-bcfc-872cf9ac1776/datanode-3/data/ratis/3df070b1-6202-4788-b6e7-218237c54f99: created new log segment /workdir/hadoop-ozone/integration-test/target/test-dir/MiniOzoneClusterImpl-86be06f9-0c34-41f8-bcfc-872cf9ac1776/datanode-3/data/ratis/3df070b1-6202-4788-b6e7-218237c54f99/current/log_inprogress_16
2019-09-10 07:28:59,984 | INFO  | DNAudit | user=null | ip=null | op=READ_CHUNK {blockData=conID: 1 locID: 102767035993423886 bcsId: 0} | ret=SUCCESS |  
2019-09-10 07:28:59,986 [grpc-default-executor-11] WARN  server.GrpcLogAppender (LogUtils.java:warn(134)) - 7759a663-c43f-45c5-8beb-3587a0125019->7b54fe2b-72fc-4fdb-b200-ca51888498dc: Failed appendEntries: org.apache.ratis.thirdparty.io.grpc.StatusRuntimeException: UNAVAILABLE: io exception
2019-09-10 07:28:59,987 [grpc-default-executor-11] INFO  impl.FollowerInfo (FollowerInfo.java:lambda$new$0(50)) - 7759a663-c43f-45c5-8beb-3587a0125019->7b54fe2b-72fc-4fdb-b200-ca51888498dc: nextIndex: updateUnconditionally 2 -> 1
2019-09-10 07:29:00,007 [grpc-default-executor-7] WARN  server.GrpcLogAppender (LogUtils.java:warn(134)) - 7759a663-c43f-45c5-8beb-3587a0125019->7b54fe2b-72fc-4fdb-b200-ca51888498dc: Failed appendEntries: org.apache.ratis.thirdparty.io.grpc.StatusRuntimeException: UNAVAILABLE: io exception
2019-09-10 07:29:00,007 [grpc-default-executor-7] INFO  impl.FollowerInfo (FollowerInfo.java:lambda$new$0(50)) - 7759a663-c43f-45c5-8beb-3587a0125019->7b54fe2b-72fc-4fdb-b200-ca51888498dc: nextIndex: updateUnconditionally 2 -> 1
2019-09-10 07:29:00,116 | INFO  | SCMAudit | user=jenkins1000 | ip=192.168.34.25 | op=SEND_HEARTBEAT {datanodeUUID=667758b7-f0cf-4654-9947-4f8e7cab0e1a, command=[]} | ret=SUCCESS |  
2019-09-10 07:29:00,117 | INFO  | SCMAudit | user=jenkins1000 | ip=192.168.34.25 | op=SEND_HEARTBEAT {datanodeUUID=7759a663-c43f-45c5-8beb-3587a0125019, command=[]} | ret=SUCCESS |  
2019-09-10 07:29:00,211 | INFO  | SCMAudit | user=jenkins1000 | ip=192.168.34.25 | op=SEND_HEARTBEAT {datanodeUUID=46af15eb-d7a1-4298-86d8-4efe8ccbe229, command=[]} | ret=SUCCESS |  
2019-09-10 07:29:00,429 | INFO  | SCMAudit | user=jenkins1000 | ip=192.168.34.25 | op=SEND_HEARTBEAT {datanodeUUID=1534d603-c8f3-4faf-8d7a-731d484c1a61, command=[]} | ret=SUCCESS |  
2019-09-10 07:29:00,514 | ERROR | DNAudit | user=null | ip=null | op=WRITE_CHUNK {blockData=conID: 1 locID: 102767035993423886 bcsId: 13} | ret=FAILURE | org.apache.hadoop.hdds.scm.container.common.helpers.ContainerNotOpenException: Container 1 in CLOSING state
	at org.apache.hadoop.ozone.container.common.impl.HddsDispatcher.validateContainerCommand(HddsDispatcher.java:408)
	at org.apache.hadoop.ozone.container.common.transport.server.ratis.ContainerStateMachine.startTransaction(ContainerStateMachine.java:309) 
2019-09-10 07:29:00,527 [grpc-default-executor-7] INFO  client.GrpcClientProtocolClient (GrpcClientProtocolClient.java:onNext(255)) - client-7BE3B13A3093->7759a663-c43f-45c5-8beb-3587a0125019: receive RaftClientReply:client-7BE3B13A3093->7759a663-c43f-45c5-8beb-3587a0125019@group-218237C54F99, cid=184, FAILED org.apache.ratis.protocol.StateMachineException: org.apache.hadoop.hdds.scm.container.common.helpers.ContainerNotOpenException from Server 7759a663-c43f-45c5-8beb-3587a0125019: Container 1 in CLOSING state, logIndex=0, commits[7759a663-c43f-45c5-8beb-3587a0125019:c17, 7b54fe2b-72fc-4fdb-b200-ca51888498dc:c15, 667758b7-f0cf-4654-9947-4f8e7cab0e1a:c16]
2019-09-10 07:29:00,528 | ERROR | DNAudit | user=null | ip=null | op=WRITE_CHUNK {blockData=conID: 1 locID: 102767035993423886 bcsId: 13} | ret=FAILURE | org.apache.hadoop.hdds.scm.container.common.helpers.ContainerNotOpenException: Container 1 in CLOSING state
	at org.apache.hadoop.ozone.container.common.impl.HddsDispatcher.validateContainerCommand(HddsDispatcher.java:408)
	at org.apache.hadoop.ozone.container.common.transport.server.ratis.ContainerStateMachine.startTransaction(ContainerStateMachine.java:309) 
2019-09-10 07:29:00,535 | ERROR | DNAudit | user=null | ip=null | op=PUT_BLOCK {blockData=[blockId=conID: 1 locID: 102767035993423886 bcsId: 0,size=650]} | ret=FAILURE | org.apache.hadoop.hdds.scm.container.common.helpers.ContainerNotOpenException: Container 1 in CLOSING state
	at org.apache.hadoop.ozone.container.common.impl.HddsDispatcher.validateContainerCommand(HddsDispatcher.java:408)
	at org.apache.hadoop.ozone.container.common.transport.server.ratis.ContainerStateMachine.startTransaction(ContainerStateMachine.java:309) 
2019-09-10 07:29:00,535 [grpc-default-executor-7] INFO  client.GrpcClientProtocolClient (GrpcClientProtocolClient.java:onNext(255)) - client-7BE3B13A3093->7759a663-c43f-45c5-8beb-3587a0125019: receive RaftClientReply:client-7BE3B13A3093->7759a663-c43f-45c5-8beb-3587a0125019@group-218237C54F99, cid=185, FAILED org.apache.ratis.protocol.StateMachineException: org.apache.hadoop.hdds.scm.container.common.helpers.ContainerNotOpenException from Server 7759a663-c43f-45c5-8beb-3587a0125019: Container 1 in CLOSING state, logIndex=0, commits[7759a663-c43f-45c5-8beb-3587a0125019:c17, 7b54fe2b-72fc-4fdb-b200-ca51888498dc:c15, 667758b7-f0cf-4654-9947-4f8e7cab0e1a:c16]
2019-09-10 07:29:00,536 | ERROR | DNAudit | user=null | ip=null | op=WRITE_CHUNK {blockData=conID: 1 locID: 102767035993423886 bcsId: 13} | ret=FAILURE | org.apache.hadoop.hdds.scm.container.common.helpers.ContainerNotOpenException: Container 1 in CLOSING state
	at org.apache.hadoop.ozone.container.common.impl.HddsDispatcher.validateContainerCommand(HddsDispatcher.java:408)
	at org.apache.hadoop.ozone.container.common.transport.server.ratis.ContainerStateMachine.startTransaction(ContainerStateMachine.java:309) 
2019-09-10 07:29:00,540 | ERROR | DNAudit | user=null | ip=null | op=WRITE_CHUNK {blockData=conID: 1 locID: 102767035993423886 bcsId: 13} | ret=FAILURE | org.apache.hadoop.hdds.scm.container.common.helpers.ContainerNotOpenException: Container 1 in CLOSING state
	at org.apache.hadoop.ozone.container.common.impl.HddsDispatcher.validateContainerCommand(HddsDispatcher.java:408)
	at org.apache.hadoop.ozone.container.common.transport.server.ratis.ContainerStateMachine.startTransaction(ContainerStateMachine.java:309) 
2019-09-10 07:29:00,544 [grpc-default-executor-7] INFO  client.GrpcClientProtocolClient (GrpcClientProtocolClient.java:onNext(255)) - client-7BE3B13A3093->7759a663-c43f-45c5-8beb-3587a0125019: receive RaftClientReply:client-7BE3B13A3093->7759a663-c43f-45c5-8beb-3587a0125019@group-218237C54F99, cid=186, FAILED org.apache.ratis.protocol.StateMachineException: org.apache.hadoop.hdds.scm.container.common.helpers.ContainerNotOpenException from Server 7759a663-c43f-45c5-8beb-3587a0125019: Container 1 in CLOSING state, logIndex=0, commits[7759a663-c43f-45c5-8beb-3587a0125019:c17, 7b54fe2b-72fc-4fdb-b200-ca51888498dc:c15, 667758b7-f0cf-4654-9947-4f8e7cab0e1a:c16]
2019-09-10 07:29:00,548 | ERROR | DNAudit | user=null | ip=null | op=PUT_BLOCK {blockData=[blockId=conID: 1 locID: 102767035993423886 bcsId: 0,size=800]} | ret=FAILURE | org.apache.hadoop.hdds.scm.container.common.helpers.ContainerNotOpenException: Container 1 in CLOSING state
	at org.apache.hadoop.ozone.container.common.impl.HddsDispatcher.validateContainerCommand(HddsDispatcher.java:408)
	at org.apache.hadoop.ozone.container.common.transport.server.ratis.ContainerStateMachine.startTransaction(ContainerStateMachine.java:309) 
2019-09-10 07:29:00,548 [grpc-default-executor-7] INFO  client.GrpcClientProtocolClient (GrpcClientProtocolClient.java:onNext(255)) - client-7BE3B13A3093->7759a663-c43f-45c5-8beb-3587a0125019: receive RaftClientReply:client-7BE3B13A3093->7759a663-c43f-45c5-8beb-3587a0125019@group-218237C54F99, cid=187, FAILED org.apache.ratis.protocol.StateMachineException: org.apache.hadoop.hdds.scm.container.common.helpers.ContainerNotOpenException from Server 7759a663-c43f-45c5-8beb-3587a0125019: Container 1 in CLOSING state, logIndex=0, commits[7759a663-c43f-45c5-8beb-3587a0125019:c17, 7b54fe2b-72fc-4fdb-b200-ca51888498dc:c15, 667758b7-f0cf-4654-9947-4f8e7cab0e1a:c16]
2019-09-10 07:29:00,558 [grpc-default-executor-11] INFO  client.GrpcClientProtocolClient (GrpcClientProtocolClient.java:onNext(255)) - client-7BE3B13A3093->7759a663-c43f-45c5-8beb-3587a0125019: receive RaftClientReply:client-7BE3B13A3093->7759a663-c43f-45c5-8beb-3587a0125019@group-218237C54F99, cid=188, FAILED org.apache.ratis.protocol.StateMachineException: org.apache.hadoop.hdds.scm.container.common.helpers.ContainerNotOpenException from Server 7759a663-c43f-45c5-8beb-3587a0125019: Container 1 in CLOSING state, logIndex=0, commits[7759a663-c43f-45c5-8beb-3587a0125019:c17, 7b54fe2b-72fc-4fdb-b200-ca51888498dc:c15, 667758b7-f0cf-4654-9947-4f8e7cab0e1a:c16]
2019-09-10 07:29:00,560 [grpc-default-executor-11] INFO  client.GrpcClientProtocolClient (GrpcClientProtocolClient.java:onNext(255)) - client-7BE3B13A3093->7759a663-c43f-45c5-8beb-3587a0125019: receive RaftClientReply:client-7BE3B13A3093->7759a663-c43f-45c5-8beb-3587a0125019@group-218237C54F99, cid=189, FAILED org.apache.ratis.protocol.StateMachineException: org.apache.hadoop.hdds.scm.container.common.helpers.ContainerNotOpenException from Server 7759a663-c43f-45c5-8beb-3587a0125019: Container 1 in CLOSING state, logIndex=0, commits[7759a663-c43f-45c5-8beb-3587a0125019:c17, 7b54fe2b-72fc-4fdb-b200-ca51888498dc:c15, 667758b7-f0cf-4654-9947-4f8e7cab0e1a:c16]
2019-09-10 07:29:00,589 | INFO  | SCMAudit | user=jenkins1000 | ip=192.168.34.25 | op=ALLOCATE_BLOCK {owner=7351e981-4248-4270-8b00-ad97c04ab5ce, size=800, type=RATIS, factor=THREE} | ret=SUCCESS |  
2019-09-10 07:29:00,591 | INFO  | OMAudit | user=jenkins1000 | ip=127.0.0.1 | op=ALLOCATE_BLOCK {volume=testblockoutputstream, bucket=testblockoutputstream, key=f98524a6-9046-4098-922b-f57fbc534c5c, dataSize=0, replicationType=null, replicationFactor=null, keyLocationInfo=null, clientID=102767035993227277} | ret=SUCCESS |  
2019-09-10 07:29:00,600 [grpc-default-executor-7] INFO  client.GrpcClientProtocolClient (GrpcClientProtocolClient.java:onNext(255)) - client-F546B5571028->1534d603-c8f3-4faf-8d7a-731d484c1a61: receive RaftClientReply:client-F546B5571028->1534d603-c8f3-4faf-8d7a-731d484c1a61@group-46E86F648570, cid=190, FAILED org.apache.ratis.protocol.NotLeaderException: Server 1534d603-c8f3-4faf-8d7a-731d484c1a61 is not the leader (4e051fbd-0f49-4b75-88cf-14abc2ce29e2:192.168.34.25:42243). Request must be sent to leader., logIndex=0, commits[1534d603-c8f3-4faf-8d7a-731d484c1a61:c0, 4e051fbd-0f49-4b75-88cf-14abc2ce29e2:c0, 46af15eb-d7a1-4298-86d8-4efe8ccbe229:c0]
2019-09-10 07:29:00,604 | INFO  | SCMAudit | user=jenkins1000 | ip=192.168.34.25 | op=SEND_HEARTBEAT {datanodeUUID=4e051fbd-0f49-4b75-88cf-14abc2ce29e2, command=[]} | ret=SUCCESS |  
2019-09-10 07:29:00,734 | INFO  | SCMAudit | user=jenkins1000 | ip=192.168.34.25 | op=SEND_HEARTBEAT {datanodeUUID=4362c079-8fac-4550-ad10-f10303ad6b45, command=[]} | ret=SUCCESS |  
2019-09-10 07:29:00,804 | INFO  | SCMAudit | user=jenkins1000 | ip=192.168.34.25 | op=SEND_HEARTBEAT {datanodeUUID=1534d603-c8f3-4faf-8d7a-731d484c1a61, command=[]} | ret=SUCCESS |  
2019-09-10 07:29:00,804 | INFO  | SCMAudit | user=jenkins1000 | ip=192.168.34.25 | op=SEND_HEARTBEAT {datanodeUUID=46af15eb-d7a1-4298-86d8-4efe8ccbe229, command=[]} | ret=SUCCESS |  
2019-09-10 07:29:00,804 | INFO  | DNAudit | user=null | ip=null | op=WRITE_CHUNK {blockData=conID: 2 locID: 102767037028040719 bcsId: 0} | ret=SUCCESS |  
2019-09-10 07:29:00,805 | INFO  | SCMAudit | user=jenkins1000 | ip=192.168.34.25 | op=SEND_HEARTBEAT {datanodeUUID=4e051fbd-0f49-4b75-88cf-14abc2ce29e2, command=[]} | ret=SUCCESS |  
2019-09-10 07:29:00,805 | INFO  | DNAudit | user=null | ip=null | op=WRITE_CHUNK {blockData=conID: 2 locID: 102767037028040719 bcsId: 0} | ret=SUCCESS |  
2019-09-10 07:29:00,805 | INFO  | DNAudit | user=null | ip=null | op=WRITE_CHUNK {blockData=conID: 2 locID: 102767037028040719 bcsId: 0} | ret=SUCCESS |  
2019-09-10 07:29:00,818 | INFO  | DNAudit | user=null | ip=null | op=WRITE_CHUNK {blockData=conID: 2 locID: 102767037028040719 bcsId: 0} | ret=SUCCESS |  
2019-09-10 07:29:00,823 [grpc-default-executor-11] INFO  client.GrpcClientProtocolClient (GrpcClientProtocolClient.java:onNext(255)) - client-F546B5571028->4e051fbd-0f49-4b75-88cf-14abc2ce29e2: receive RaftClientReply:client-F546B5571028->4e051fbd-0f49-4b75-88cf-14abc2ce29e2@group-46E86F648570, cid=190, SUCCESS, logIndex=1, commits[4e051fbd-0f49-4b75-88cf-14abc2ce29e2:c1, 46af15eb-d7a1-4298-86d8-4efe8ccbe229:c0, 1534d603-c8f3-4faf-8d7a-731d484c1a61:c0]
2019-09-10 07:29:00,827 | INFO  | DNAudit | user=null | ip=null | op=WRITE_CHUNK {blockData=conID: 2 locID: 102767037028040719 bcsId: 0} | ret=SUCCESS |  
2019-09-10 07:29:00,828 | INFO  | DNAudit | user=null | ip=null | op=WRITE_CHUNK {blockData=conID: 2 locID: 102767037028040719 bcsId: 0} | ret=SUCCESS |  
2019-09-10 07:29:00,830 | INFO  | DNAudit | user=null | ip=null | op=WRITE_CHUNK {blockData=conID: 2 locID: 102767037028040719 bcsId: 0} | ret=SUCCESS |  
2019-09-10 07:29:00,830 | INFO  | DNAudit | user=null | ip=null | op=WRITE_CHUNK {blockData=conID: 2 locID: 102767037028040719 bcsId: 0} | ret=SUCCESS |  
2019-09-10 07:29:00,834 | INFO  | DNAudit | user=null | ip=null | op=WRITE_CHUNK {blockData=conID: 2 locID: 102767037028040719 bcsId: 0} | ret=SUCCESS |  
2019-09-10 07:29:00,834 | INFO  | DNAudit | user=null | ip=null | op=WRITE_CHUNK {blockData=conID: 2 locID: 102767037028040719 bcsId: 0} | ret=SUCCESS |  
2019-09-10 07:29:00,835 | INFO  | DNAudit | user=null | ip=null | op=WRITE_CHUNK {blockData=conID: 2 locID: 102767037028040719 bcsId: 0} | ret=SUCCESS |  
2019-09-10 07:29:00,835 | INFO  | DNAudit | user=null | ip=null | op=WRITE_CHUNK {blockData=conID: 2 locID: 102767037028040719 bcsId: 0} | ret=SUCCESS |  
2019-09-10 07:29:00,835 | INFO  | DNAudit | user=null | ip=null | op=WRITE_CHUNK {blockData=conID: 2 locID: 102767037028040719 bcsId: 0} | ret=SUCCESS |  
2019-09-10 07:29:00,835 | INFO  | DNAudit | user=null | ip=null | op=WRITE_CHUNK {blockData=conID: 2 locID: 102767037028040719 bcsId: 0} | ret=SUCCESS |  
2019-09-10 07:29:00,836 | INFO  | DNAudit | user=null | ip=null | op=WRITE_CHUNK {blockData=conID: 2 locID: 102767037028040719 bcsId: 0} | ret=SUCCESS |  
2019-09-10 07:29:00,847 | INFO  | DNAudit | user=null | ip=null | op=WRITE_CHUNK {blockData=conID: 2 locID: 102767037028040719 bcsId: 0} | ret=SUCCESS |  
2019-09-10 07:29:00,854 | INFO  | DNAudit | user=null | ip=null | op=WRITE_CHUNK {blockData=conID: 2 locID: 102767037028040719 bcsId: 0} | ret=SUCCESS |  
2019-09-10 07:29:00,854 | INFO  | DNAudit | user=null | ip=null | op=WRITE_CHUNK {blockData=conID: 2 locID: 102767037028040719 bcsId: 0} | ret=SUCCESS |  
2019-09-10 07:29:00,856 [grpc-default-executor-10] INFO  client.GrpcClientProtocolClient (GrpcClientProtocolClient.java:onNext(255)) - client-F546B5571028->4e051fbd-0f49-4b75-88cf-14abc2ce29e2: receive RaftClientReply:client-F546B5571028->4e051fbd-0f49-4b75-88cf-14abc2ce29e2@group-46E86F648570, cid=191, SUCCESS, logIndex=3, commits[4e051fbd-0f49-4b75-88cf-14abc2ce29e2:c4, 46af15eb-d7a1-4298-86d8-4efe8ccbe229:c1, 1534d603-c8f3-4faf-8d7a-731d484c1a61:c1]
2019-09-10 07:29:00,883 | INFO  | DNAudit | user=null | ip=null | op=PUT_BLOCK {blockData=[blockId=conID: 2 locID: 102767037028040719 bcsId: 0,size=200]} | ret=SUCCESS |  
2019-09-10 07:29:00,883 | INFO  | DNAudit | user=null | ip=null | op=WRITE_CHUNK {blockData=conID: 2 locID: 102767037028040719 bcsId: 0} | ret=SUCCESS |  
2019-09-10 07:29:00,884 | INFO  | DNAudit | user=null | ip=null | op=WRITE_CHUNK {blockData=conID: 2 locID: 102767037028040719 bcsId: 0} | ret=SUCCESS |  
2019-09-10 07:29:00,884 [grpc-default-executor-10] INFO  client.GrpcClientProtocolClient (GrpcClientProtocolClient.java:onNext(255)) - client-F546B5571028->4e051fbd-0f49-4b75-88cf-14abc2ce29e2: receive RaftClientReply:client-F546B5571028->4e051fbd-0f49-4b75-88cf-14abc2ce29e2@group-46E86F648570, cid=192, SUCCESS, logIndex=4, commits[4e051fbd-0f49-4b75-88cf-14abc2ce29e2:c12, 46af15eb-d7a1-4298-86d8-4efe8ccbe229:c8, 1534d603-c8f3-4faf-8d7a-731d484c1a61:c8]
2019-09-10 07:29:00,885 [grpc-default-executor-10] INFO  client.GrpcClientProtocolClient (GrpcClientProtocolClient.java:onNext(255)) - client-F546B5571028->4e051fbd-0f49-4b75-88cf-14abc2ce29e2: receive RaftClientReply:client-F546B5571028->4e051fbd-0f49-4b75-88cf-14abc2ce29e2@group-46E86F648570, cid=193, SUCCESS, logIndex=5, commits[4e051fbd-0f49-4b75-88cf-14abc2ce29e2:c12, 46af15eb-d7a1-4298-86d8-4efe8ccbe229:c8, 1534d603-c8f3-4faf-8d7a-731d484c1a61:c8]
2019-09-10 07:29:00,886 [grpc-default-executor-10] INFO  client.GrpcClientProtocolClient (GrpcClientProtocolClient.java:onNext(255)) - client-F546B5571028->4e051fbd-0f49-4b75-88cf-14abc2ce29e2: receive RaftClientReply:client-F546B5571028->4e051fbd-0f49-4b75-88cf-14abc2ce29e2@group-46E86F648570, cid=194, SUCCESS, logIndex=6, commits[4e051fbd-0f49-4b75-88cf-14abc2ce29e2:c12, 46af15eb-d7a1-4298-86d8-4efe8ccbe229:c8, 1534d603-c8f3-4faf-8d7a-731d484c1a61:c8]
2019-09-10 07:29:00,941 | INFO  | DNAudit | user=null | ip=null | op=PUT_BLOCK {blockData=[blockId=conID: 2 locID: 102767037028040719 bcsId: 0,size=200]} | ret=SUCCESS |  
2019-09-10 07:29:00,942 | INFO  | DNAudit | user=null | ip=null | op=WRITE_CHUNK {blockData=conID: 2 locID: 102767037028040719 bcsId: 0} | ret=SUCCESS |  
2019-09-10 07:29:00,942 | INFO  | DNAudit | user=null | ip=null | op=WRITE_CHUNK {blockData=conID: 2 locID: 102767037028040719 bcsId: 0} | ret=SUCCESS |  
2019-09-10 07:29:01,015 | INFO  | DNAudit | user=null | ip=null | op=PUT_BLOCK {blockData=[blockId=conID: 2 locID: 102767037028040719 bcsId: 0,size=200]} | ret=SUCCESS |  
2019-09-10 07:29:01,015 | INFO  | DNAudit | user=null | ip=null | op=PUT_BLOCK {blockData=[blockId=conID: 2 locID: 102767037028040719 bcsId: 0,size=400]} | ret=SUCCESS |  
2019-09-10 07:29:01,015 | INFO  | DNAudit | user=null | ip=null | op=PUT_BLOCK {blockData=[blockId=conID: 2 locID: 102767037028040719 bcsId: 0,size=400]} | ret=SUCCESS |  
2019-09-10 07:29:01,016 | INFO  | DNAudit | user=null | ip=null | op=WRITE_CHUNK {blockData=conID: 2 locID: 102767037028040719 bcsId: 0} | ret=SUCCESS |  
2019-09-10 07:29:01,016 | INFO  | DNAudit | user=null | ip=null | op=WRITE_CHUNK {blockData=conID: 2 locID: 102767037028040719 bcsId: 0} | ret=SUCCESS |  
2019-09-10 07:29:01,017 | INFO  | DNAudit | user=null | ip=null | op=PUT_BLOCK {blockData=[blockId=conID: 2 locID: 102767037028040719 bcsId: 0,size=400]} | ret=SUCCESS |  
2019-09-10 07:29:01,017 [grpc-default-executor-10] INFO  client.GrpcClientProtocolClient (GrpcClientProtocolClient.java:onNext(255)) - client-F546B5571028->4e051fbd-0f49-4b75-88cf-14abc2ce29e2: receive RaftClientReply:client-F546B5571028->4e051fbd-0f49-4b75-88cf-14abc2ce29e2@group-46E86F648570, cid=195, SUCCESS, logIndex=7, commits[4e051fbd-0f49-4b75-88cf-14abc2ce29e2:c12, 46af15eb-d7a1-4298-86d8-4efe8ccbe229:c8, 1534d603-c8f3-4faf-8d7a-731d484c1a61:c8]
2019-09-10 07:29:01,020 | INFO  | DNAudit | user=null | ip=null | op=WRITE_CHUNK {blockData=conID: 2 locID: 102767037028040719 bcsId: 7} | ret=SUCCESS |  
2019-09-10 07:29:01,021 | INFO  | DNAudit | user=null | ip=null | op=WRITE_CHUNK {blockData=conID: 2 locID: 102767037028040719 bcsId: 7} | ret=SUCCESS |  
2019-09-10 07:29:01,021 | INFO  | DNAudit | user=null | ip=null | op=WRITE_CHUNK {blockData=conID: 2 locID: 102767037028040719 bcsId: 7} | ret=SUCCESS |  
2019-09-10 07:29:01,034 | INFO  | DNAudit | user=null | ip=null | op=WRITE_CHUNK {blockData=conID: 2 locID: 102767037028040719 bcsId: 7} | ret=SUCCESS |  
2019-09-10 07:29:01,035 | INFO  | DNAudit | user=null | ip=null | op=PUT_BLOCK {blockData=[blockId=conID: 2 locID: 102767037028040719 bcsId: 0,size=450]} | ret=SUCCESS |  
2019-09-10 07:29:01,035 [grpc-default-executor-7] INFO  client.GrpcClientProtocolClient (GrpcClientProtocolClient.java:onNext(255)) - client-F546B5571028->4e051fbd-0f49-4b75-88cf-14abc2ce29e2: receive RaftClientReply:client-F546B5571028->4e051fbd-0f49-4b75-88cf-14abc2ce29e2@group-46E86F648570, cid=196, SUCCESS, logIndex=13, commits[4e051fbd-0f49-4b75-88cf-14abc2ce29e2:c14, 46af15eb-d7a1-4298-86d8-4efe8ccbe229:c12, 1534d603-c8f3-4faf-8d7a-731d484c1a61:c12]
2019-09-10 07:29:01,036 [grpc-default-executor-7] INFO  client.GrpcClientProtocolClient (GrpcClientProtocolClient.java:onNext(255)) - client-F546B5571028->4e051fbd-0f49-4b75-88cf-14abc2ce29e2: receive RaftClientReply:client-F546B5571028->4e051fbd-0f49-4b75-88cf-14abc2ce29e2@group-46E86F648570, cid=197, SUCCESS, logIndex=14, commits[4e051fbd-0f49-4b75-88cf-14abc2ce29e2:c14, 46af15eb-d7a1-4298-86d8-4efe8ccbe229:c12, 1534d603-c8f3-4faf-8d7a-731d484c1a61:c12]
2019-09-10 07:29:01,046 | INFO  | DNAudit | user=null | ip=null | op=WRITE_CHUNK {blockData=conID: 2 locID: 102767037028040719 bcsId: 7} | ret=SUCCESS |  
2019-09-10 07:29:01,046 | INFO  | DNAudit | user=null | ip=null | op=PUT_BLOCK {blockData=[blockId=conID: 2 locID: 102767037028040719 bcsId: 0,size=450]} | ret=SUCCESS |  
2019-09-10 07:29:01,046 | INFO  | DNAudit | user=null | ip=null | op=WRITE_CHUNK {blockData=conID: 2 locID: 102767037028040719 bcsId: 7} | ret=SUCCESS |  
2019-09-10 07:29:01,050 | INFO  | DNAudit | user=null | ip=null | op=PUT_BLOCK {blockData=[blockId=conID: 2 locID: 102767037028040719 bcsId: 0,size=450]} | ret=SUCCESS |  
2019-09-10 07:29:01,051 [grpc-default-executor-7] INFO  client.GrpcClientProtocolClient (GrpcClientProtocolClient.java:onNext(255)) - client-F546B5571028->4e051fbd-0f49-4b75-88cf-14abc2ce29e2: receive RaftClientReply:client-F546B5571028->4e051fbd-0f49-4b75-88cf-14abc2ce29e2@group-46E86F648570, cid=198, SUCCESS, logIndex=0, commits[4e051fbd-0f49-4b75-88cf-14abc2ce29e2:c15, 46af15eb-d7a1-4298-86d8-4efe8ccbe229:c14, 1534d603-c8f3-4faf-8d7a-731d484c1a61:c14]
2019-09-10 07:29:01,052 [main] INFO  ozone.MiniOzoneClusterImpl (MiniOzoneClusterImpl.java:shutdown(321)) - Shutting down the Mini Ozone Cluster
2019-09-10 07:29:01,052 | INFO  | SCMAudit | user=null | ip=null | op=GET_SCM_INFO null | ret=SUCCESS |  
2019-09-10 07:29:01,052 [main] INFO  ozone.MiniOzoneClusterImpl (MiniOzoneClusterImpl.java:stop(336)) - Stopping the Mini Ozone Cluster
2019-09-10 07:29:01,052 [main] INFO  ozone.MiniOzoneClusterImpl (MiniOzoneClusterImpl.java:stop(338)) - Stopping the OzoneManager
2019-09-10 07:29:01,053 [main] INFO  ipc.Server (Server.java:stop(3082)) - Stopping server on 33508
2019-09-10 07:29:01,065 [main] INFO  ratis.OzoneManagerDoubleBuffer (OzoneManagerDoubleBuffer.java:stop(248)) - Stopping OMDoubleBuffer flush thread
2019-09-10 07:29:01,066 [IPC Server listener on 33508] INFO  ipc.Server (Server.java:run(1185)) - Stopping IPC Server listener on 33508
2019-09-10 07:29:01,087 [IPC Server Responder] INFO  ipc.Server (Server.java:run(1319)) - Stopping IPC Server Responder
2019-09-10 07:29:01,087 [OMDoubleBufferFlushThread] INFO  ratis.OzoneManagerDoubleBuffer (OzoneManagerDoubleBuffer.java:flushTransactions(191)) - OMDoubleBuffer flush thread OMDoubleBufferFlushThread is interrupted and will exit. OMDoubleBufferFlushThread
2019-09-10 07:29:01,090 [main] INFO  utils.BackgroundService (BackgroundService.java:shutdown(148)) - Shutting down service KeyDeletingService
2019-09-10 07:29:01,091 [main] INFO  handler.ContextHandler (ContextHandler.java:doStop(910)) - Stopped o.e.j.w.WebAppContext@7959fbe3{/,null,UNAVAILABLE}{/ozoneManager}
2019-09-10 07:29:01,092 [main] INFO  server.AbstractConnector (AbstractConnector.java:doStop(318)) - Stopped ServerConnector@75c0e6be{HTTP/1.1,[http/1.1]}{0.0.0.0:0}
2019-09-10 07:29:01,092 [main] INFO  handler.ContextHandler (ContextHandler.java:doStop(910)) - Stopped o.e.j.s.ServletContextHandler@27558dee{/static,file:///workdir/hadoop-ozone/integration-test/target/test-classes/webapps/static,UNAVAILABLE}
2019-09-10 07:29:01,093 [main] INFO  handler.ContextHandler (ContextHandler.java:doStop(910)) - Stopped o.e.j.s.ServletContextHandler@5cbf9aee{/logs,file:///workdir/hadoop-ozone/integration-test/target/log,UNAVAILABLE}
2019-09-10 07:29:01,096 [main] INFO  ozone.MiniOzoneClusterImpl (MiniOzoneClusterImpl.java:stop(344)) - Shutting the HddsDatanodes
2019-09-10 07:29:01,096 [main] INFO  datanode.ObjectStoreHandler (ObjectStoreHandler.java:close(155)) - Closing ObjectStoreHandler.
2019-09-10 07:29:01,096 [ForkJoinPool.commonPool-worker-0] INFO  datanode.ObjectStoreHandler (ObjectStoreHandler.java:close(155)) - Closing ObjectStoreHandler.
2019-09-10 07:29:01,096 [main] INFO  ozone.HddsDatanodeService (HddsDatanodeService.java:stop(451)) - Stopped plug-in org.apache.hadoop.ozone.web.OzoneHddsDatanodeService@30407f28
2019-09-10 07:29:01,097 [ForkJoinPool.commonPool-worker-0] INFO  ozone.HddsDatanodeService (HddsDatanodeService.java:stop(451)) - Stopped plug-in org.apache.hadoop.ozone.web.OzoneHddsDatanodeService@3bd7829b
2019-09-10 07:29:01,116 [Datanode State Machine Thread - 0] INFO  statemachine.DatanodeStateMachine (DatanodeStateMachine.java:lambda$startDaemon$0(350)) - Ozone container server started.
2019-09-10 07:29:01,117 | INFO  | SCMAudit | user=jenkins1000 | ip=192.168.34.25 | op=SEND_HEARTBEAT {datanodeUUID=7759a663-c43f-45c5-8beb-3587a0125019, command=[]} | ret=SUCCESS |  
2019-09-10 07:29:01,734 | INFO  | SCMAudit | user=jenkins1000 | ip=192.168.34.25 | op=SEND_HEARTBEAT {datanodeUUID=4362c079-8fac-4550-ad10-f10303ad6b45, command=[]} | ret=SUCCESS |  
2019-09-10 07:29:01,803 | INFO  | SCMAudit | user=jenkins1000 | ip=192.168.34.25 | op=SEND_HEARTBEAT {datanodeUUID=46af15eb-d7a1-4298-86d8-4efe8ccbe229, command=[]} | ret=SUCCESS |  
2019-09-10 07:29:01,803 | INFO  | SCMAudit | user=jenkins1000 | ip=192.168.34.25 | op=SEND_HEARTBEAT {datanodeUUID=4e051fbd-0f49-4b75-88cf-14abc2ce29e2, command=[]} | ret=SUCCESS |  
2019-09-10 07:29:01,803 [Datanode State Machine Thread - 0] INFO  statemachine.DatanodeStateMachine (DatanodeStateMachine.java:lambda$startDaemon$0(350)) - Ozone container server started.
2019-09-10 07:29:02,117 | INFO  | SCMAudit | user=jenkins1000 | ip=192.168.34.25 | op=SEND_HEARTBEAT {datanodeUUID=7759a663-c43f-45c5-8beb-3587a0125019, command=[]} | ret=SUCCESS |  
2019-09-10 07:29:02,508 [grpc-default-executor-9] WARN  server.GrpcLogAppender (LogUtils.java:warn(134)) - 7759a663-c43f-45c5-8beb-3587a0125019->7b54fe2b-72fc-4fdb-b200-ca51888498dc: Failed appendEntries: org.apache.ratis.thirdparty.io.grpc.StatusRuntimeException: UNAVAILABLE: io exception
2019-09-10 07:29:02,509 [grpc-default-executor-9] INFO  impl.FollowerInfo (FollowerInfo.java:lambda$new$0(50)) - 7759a663-c43f-45c5-8beb-3587a0125019->7b54fe2b-72fc-4fdb-b200-ca51888498dc: nextIndex: updateUnconditionally 1 -> 0
2019-09-10 07:29:02,734 | INFO  | SCMAudit | user=jenkins1000 | ip=192.168.34.25 | op=SEND_HEARTBEAT {datanodeUUID=4362c079-8fac-4550-ad10-f10303ad6b45, command=[]} | ret=SUCCESS |  
2019-09-10 07:29:02,803 | INFO  | SCMAudit | user=jenkins1000 | ip=192.168.34.25 | op=SEND_HEARTBEAT {datanodeUUID=4e051fbd-0f49-4b75-88cf-14abc2ce29e2, command=[]} | ret=SUCCESS |  
2019-09-10 07:29:02,804 | INFO  | SCMAudit | user=jenkins1000 | ip=192.168.34.25 | op=SEND_HEARTBEAT {datanodeUUID=46af15eb-d7a1-4298-86d8-4efe8ccbe229, command=[]} | ret=SUCCESS |  
2019-09-10 07:29:03,118 | INFO  | SCMAudit | user=jenkins1000 | ip=192.168.34.25 | op=SEND_HEARTBEAT {datanodeUUID=7759a663-c43f-45c5-8beb-3587a0125019, command=[]} | ret=SUCCESS |  
2019-09-10 07:29:03,734 | INFO  | SCMAudit | user=jenkins1000 | ip=192.168.34.25 | op=SEND_HEARTBEAT {datanodeUUID=4362c079-8fac-4550-ad10-f10303ad6b45, command=[]} | ret=SUCCESS |  
2019-09-10 07:29:03,804 | INFO  | SCMAudit | user=jenkins1000 | ip=192.168.34.25 | op=SEND_HEARTBEAT {datanodeUUID=4e051fbd-0f49-4b75-88cf-14abc2ce29e2, command=[]} | ret=SUCCESS |  
2019-09-10 07:29:03,805 | INFO  | SCMAudit | user=jenkins1000 | ip=192.168.34.25 | op=SEND_HEARTBEAT {datanodeUUID=46af15eb-d7a1-4298-86d8-4efe8ccbe229, command=[]} | ret=SUCCESS |  
2019-09-10 07:29:04,118 | INFO  | SCMAudit | user=jenkins1000 | ip=192.168.34.25 | op=SEND_HEARTBEAT {datanodeUUID=7759a663-c43f-45c5-8beb-3587a0125019, command=[]} | ret=SUCCESS |  
2019-09-10 07:29:04,735 | INFO  | SCMAudit | user=jenkins1000 | ip=192.168.34.25 | op=SEND_HEARTBEAT {datanodeUUID=4362c079-8fac-4550-ad10-f10303ad6b45, command=[]} | ret=SUCCESS |  
2019-09-10 07:29:04,804 | INFO  | SCMAudit | user=jenkins1000 | ip=192.168.34.25 | op=SEND_HEARTBEAT {datanodeUUID=4e051fbd-0f49-4b75-88cf-14abc2ce29e2, command=[]} | ret=SUCCESS |  
2019-09-10 07:29:04,806 | INFO  | SCMAudit | user=jenkins1000 | ip=192.168.34.25 | op=SEND_HEARTBEAT {datanodeUUID=46af15eb-d7a1-4298-86d8-4efe8ccbe229, command=[]} | ret=SUCCESS |  
2019-09-10 07:29:05,009 [grpc-default-executor-7] WARN  server.GrpcLogAppender (LogUtils.java:warn(134)) - 7759a663-c43f-45c5-8beb-3587a0125019->7b54fe2b-72fc-4fdb-b200-ca51888498dc: Failed appendEntries: org.apache.ratis.thirdparty.io.grpc.StatusRuntimeException: UNAVAILABLE: io exception
2019-09-10 07:29:05,009 [grpc-default-executor-7] INFO  impl.FollowerInfo (FollowerInfo.java:lambda$new$0(50)) - 7759a663-c43f-45c5-8beb-3587a0125019->7b54fe2b-72fc-4fdb-b200-ca51888498dc: nextIndex: updateUnconditionally 0 -> 0
2019-09-10 07:29:05,118 | INFO  | SCMAudit | user=jenkins1000 | ip=192.168.34.25 | op=SEND_HEARTBEAT {datanodeUUID=7759a663-c43f-45c5-8beb-3587a0125019, command=[]} | ret=SUCCESS |  
2019-09-10 07:29:05,166 [EventQueue-StaleNodeForStaleNodeHandler] INFO  node.StaleNodeHandler (StaleNodeHandler.java:onMessage(58)) - Datanode 667758b7-f0cf-4654-9947-4f8e7cab0e1a{ip: 192.168.34.25, host: pr-hdds-2089-qxm8x-943445694, networkLocation: /default-rack, certSerialId: null} moved to stale state. Finalizing its pipelines [PipelineID=3df070b1-6202-4788-b6e7-218237c54f99, PipelineID=75ef7e2b-3957-4faa-8d5c-3f565ffbebe5]
2019-09-10 07:29:05,166 [EventQueue-StaleNodeForStaleNodeHandler] INFO  pipeline.SCMPipelineManager (SCMPipelineManager.java:finalizeAndDestroyPipeline(309)) - destroying pipeline:Pipeline[ Id: 3df070b1-6202-4788-b6e7-218237c54f99, Nodes: 7b54fe2b-72fc-4fdb-b200-ca51888498dc{ip: 192.168.34.25, host: pr-hdds-2089-qxm8x-943445694, networkLocation: /default-rack, certSerialId: null}667758b7-f0cf-4654-9947-4f8e7cab0e1a{ip: 192.168.34.25, host: pr-hdds-2089-qxm8x-943445694, networkLocation: /default-rack, certSerialId: null}7759a663-c43f-45c5-8beb-3587a0125019{ip: 192.168.34.25, host: pr-hdds-2089-qxm8x-943445694, networkLocation: /default-rack, certSerialId: null}, Type:RATIS, Factor:THREE, State:CLOSED]
2019-09-10 07:29:05,167 [EventQueue-StaleNodeForStaleNodeHandler] INFO  pipeline.SCMPipelineManager (SCMPipelineManager.java:finalizeAndDestroyPipeline(309)) - destroying pipeline:Pipeline[ Id: 75ef7e2b-3957-4faa-8d5c-3f565ffbebe5, Nodes: 667758b7-f0cf-4654-9947-4f8e7cab0e1a{ip: 192.168.34.25, host: pr-hdds-2089-qxm8x-943445694, networkLocation: /default-rack, certSerialId: null}, Type:RATIS, Factor:ONE, State:OPEN]
2019-09-10 07:29:05,167 [EventQueue-StaleNodeForStaleNodeHandler] INFO  pipeline.PipelineStateManager (PipelineStateManager.java:finalizePipeline(123)) - Pipeline Pipeline[ Id: 75ef7e2b-3957-4faa-8d5c-3f565ffbebe5, Nodes: 667758b7-f0cf-4654-9947-4f8e7cab0e1a{ip: 192.168.34.25, host: pr-hdds-2089-qxm8x-943445694, networkLocation: /default-rack, certSerialId: null}, Type:RATIS, Factor:ONE, State:CLOSED] moved to CLOSED state
2019-09-10 07:29:05,734 | INFO  | SCMAudit | user=jenkins1000 | ip=192.168.34.25 | op=SEND_HEARTBEAT {datanodeUUID=4362c079-8fac-4550-ad10-f10303ad6b45, command=[]} | ret=SUCCESS |  
2019-09-10 07:29:05,804 | INFO  | SCMAudit | user=jenkins1000 | ip=192.168.34.25 | op=SEND_HEARTBEAT {datanodeUUID=4e051fbd-0f49-4b75-88cf-14abc2ce29e2, command=[]} | ret=SUCCESS |  
2019-09-10 07:29:05,806 | INFO  | SCMAudit | user=jenkins1000 | ip=192.168.34.25 | op=SEND_HEARTBEAT {datanodeUUID=46af15eb-d7a1-4298-86d8-4efe8ccbe229, command=[]} | ret=SUCCESS |  
2019-09-10 07:29:05,867 [EventQueue-StaleNodeForStaleNodeHandler] INFO  node.StaleNodeHandler (StaleNodeHandler.java:onMessage(58)) - Datanode 1534d603-c8f3-4faf-8d7a-731d484c1a61{ip: 192.168.34.25, host: pr-hdds-2089-qxm8x-943445694, networkLocation: /default-rack, certSerialId: null} moved to stale state. Finalizing its pipelines [PipelineID=71e883f5-3943-4be5-b335-46e86f648570, PipelineID=b4e0f8e5-eb75-42a6-8df0-0985de82abf7]
2019-09-10 07:29:05,868 [EventQueue-StaleNodeForStaleNodeHandler] INFO  pipeline.SCMPipelineManager (SCMPipelineManager.java:finalizeAndDestroyPipeline(309)) - destroying pipeline:Pipeline[ Id: 71e883f5-3943-4be5-b335-46e86f648570, Nodes: 1534d603-c8f3-4faf-8d7a-731d484c1a61{ip: 192.168.34.25, host: pr-hdds-2089-qxm8x-943445694, networkLocation: /default-rack, certSerialId: null}46af15eb-d7a1-4298-86d8-4efe8ccbe229{ip: 192.168.34.25, host: pr-hdds-2089-qxm8x-943445694, networkLocation: /default-rack, certSerialId: null}4e051fbd-0f49-4b75-88cf-14abc2ce29e2{ip: 192.168.34.25, host: pr-hdds-2089-qxm8x-943445694, networkLocation: /default-rack, certSerialId: null}, Type:RATIS, Factor:THREE, State:OPEN]
2019-09-10 07:29:05,868 [EventQueue-StaleNodeForStaleNodeHandler] INFO  pipeline.PipelineStateManager (PipelineStateManager.java:finalizePipeline(123)) - Pipeline Pipeline[ Id: 71e883f5-3943-4be5-b335-46e86f648570, Nodes: 1534d603-c8f3-4faf-8d7a-731d484c1a61{ip: 192.168.34.25, host: pr-hdds-2089-qxm8x-943445694, networkLocation: /default-rack, certSerialId: null}46af15eb-d7a1-4298-86d8-4efe8ccbe229{ip: 192.168.34.25, host: pr-hdds-2089-qxm8x-943445694, networkLocation: /default-rack, certSerialId: null}4e051fbd-0f49-4b75-88cf-14abc2ce29e2{ip: 192.168.34.25, host: pr-hdds-2089-qxm8x-943445694, networkLocation: /default-rack, certSerialId: null}, Type:RATIS, Factor:THREE, State:CLOSED] moved to CLOSED state
2019-09-10 07:29:05,868 [EventQueue-CloseContainerForCloseContainerEventHandler] INFO  container.CloseContainerEventHandler (CloseContainerEventHandler.java:onMessage(61)) - Close container Event triggered for container : #2
2019-09-10 07:29:05,868 [EventQueue-StaleNodeForStaleNodeHandler] INFO  pipeline.SCMPipelineManager (SCMPipelineManager.java:finalizeAndDestroyPipeline(309)) - destroying pipeline:Pipeline[ Id: b4e0f8e5-eb75-42a6-8df0-0985de82abf7, Nodes: 1534d603-c8f3-4faf-8d7a-731d484c1a61{ip: 192.168.34.25, host: pr-hdds-2089-qxm8x-943445694, networkLocation: /default-rack, certSerialId: null}, Type:RATIS, Factor:ONE, State:OPEN]
2019-09-10 07:29:05,869 [EventQueue-StaleNodeForStaleNodeHandler] INFO  pipeline.PipelineStateManager (PipelineStateManager.java:finalizePipeline(123)) - Pipeline Pipeline[ Id: b4e0f8e5-eb75-42a6-8df0-0985de82abf7, Nodes: 1534d603-c8f3-4faf-8d7a-731d484c1a61{ip: 192.168.34.25, host: pr-hdds-2089-qxm8x-943445694, networkLocation: /default-rack, certSerialId: null}, Type:RATIS, Factor:ONE, State:CLOSED] moved to CLOSED state
2019-09-10 07:29:06,097 [main] INFO  ozoneimpl.OzoneContainer (OzoneContainer.java:stop(199)) - Attempting to stop container services.
2019-09-10 07:29:06,098 [ForkJoinPool.commonPool-worker-0] INFO  ozoneimpl.OzoneContainer (OzoneContainer.java:stop(199)) - Attempting to stop container services.
2019-09-10 07:29:06,098 [main] INFO  impl.RaftServerProxy (RaftServerProxy.java:lambda$close$4(314)) - 667758b7-f0cf-4654-9947-4f8e7cab0e1a: close
2019-09-10 07:29:06,098 [ForkJoinPool.commonPool-worker-0] INFO  impl.RaftServerProxy (RaftServerProxy.java:lambda$close$4(314)) - 1534d603-c8f3-4faf-8d7a-731d484c1a61: close
2019-09-10 07:29:06,099 [main] INFO  impl.RaftServerImpl (RaftServerImpl.java:lambda$shutdown$3(245)) - 667758b7-f0cf-4654-9947-4f8e7cab0e1a: shutdown group-218237C54F99
2019-09-10 07:29:06,099 [ForkJoinPool.commonPool-worker-0] INFO  impl.RaftServerImpl (RaftServerImpl.java:lambda$shutdown$3(245)) - 1534d603-c8f3-4faf-8d7a-731d484c1a61: shutdown group-46E86F648570
2019-09-10 07:29:06,099 [main] INFO  util.JmxRegister (JmxRegister.java:unregister(73)) - Successfully un-registered JMX Bean with object name Ratis:service=RaftServer,group=group-218237C54F99,id=667758b7-f0cf-4654-9947-4f8e7cab0e1a
2019-09-10 07:29:06,100 [ForkJoinPool.commonPool-worker-0] INFO  util.JmxRegister (JmxRegister.java:unregister(73)) - Successfully un-registered JMX Bean with object name Ratis:service=RaftServer,group=group-46E86F648570,id=1534d603-c8f3-4faf-8d7a-731d484c1a61
2019-09-10 07:29:06,100 [main] INFO  impl.RoleInfo (RoleInfo.java:shutdownFollowerState(121)) - 667758b7-f0cf-4654-9947-4f8e7cab0e1a: shutdown FollowerState
2019-09-10 07:29:06,100 [ForkJoinPool.commonPool-worker-0] INFO  impl.RoleInfo (RoleInfo.java:shutdownFollowerState(121)) - 1534d603-c8f3-4faf-8d7a-731d484c1a61: shutdown FollowerState
2019-09-10 07:29:06,101 [Thread-3473] INFO  impl.FollowerState (FollowerState.java:run(114)) - 667758b7-f0cf-4654-9947-4f8e7cab0e1a: FollowerState was interrupted: java.lang.InterruptedException: sleep interrupted
2019-09-10 07:29:06,101 [StateMachineUpdater:667758b7-f0cf-4654-9947-4f8e7cab0e1a:group-218237C54F99] INFO  ratis.ContainerStateMachine (ContainerStateMachine.java:takeSnapshot(283)) - group-218237C54F99: Taking a snapshot at:(t:1, i:13) file /workdir/hadoop-ozone/integration-test/target/test-dir/MiniOzoneClusterImpl-86be06f9-0c34-41f8-bcfc-872cf9ac1776/datanode-4/data/ratis/3df070b1-6202-4788-b6e7-218237c54f99/sm/snapshot.1_13
2019-09-10 07:29:06,101 [main] INFO  impl.StateMachineUpdater (StateMachineUpdater.java:stopAndJoin(115)) - StateMachineUpdater:667758b7-f0cf-4654-9947-4f8e7cab0e1a:group-218237C54F99: set stopIndex = 17
2019-09-10 07:29:06,101 [Thread-3357] INFO  impl.FollowerState (FollowerState.java:run(114)) - 1534d603-c8f3-4faf-8d7a-731d484c1a61: FollowerState was interrupted: java.lang.InterruptedException: sleep interrupted
2019-09-10 07:29:06,101 [StateMachineUpdater:1534d603-c8f3-4faf-8d7a-731d484c1a61:group-46E86F648570] INFO  ratis.ContainerStateMachine (ContainerStateMachine.java:takeSnapshot(283)) - group-46E86F648570: Taking a snapshot at:(t:1, i:14) file /workdir/hadoop-ozone/integration-test/target/test-dir/MiniOzoneClusterImpl-86be06f9-0c34-41f8-bcfc-872cf9ac1776/datanode-1/data/ratis/71e883f5-3943-4be5-b335-46e86f648570/sm/snapshot.1_14
2019-09-10 07:29:06,101 [ForkJoinPool.commonPool-worker-0] INFO  impl.StateMachineUpdater (StateMachineUpdater.java:stopAndJoin(115)) - StateMachineUpdater:1534d603-c8f3-4faf-8d7a-731d484c1a61:group-46E86F648570: set stopIndex = 16
2019-09-10 07:29:06,119 | INFO  | SCMAudit | user=jenkins1000 | ip=192.168.34.25 | op=SEND_HEARTBEAT {datanodeUUID=7759a663-c43f-45c5-8beb-3587a0125019, command=[]} | ret=SUCCESS |  
2019-09-10 07:29:06,131 [StateMachineUpdater:1534d603-c8f3-4faf-8d7a-731d484c1a61:group-46E86F648570] INFO  ratis.ContainerStateMachine (ContainerStateMachine.java:takeSnapshot(294)) - group-46E86F648570: Finished taking a snapshot at:(t:1, i:14) file:/workdir/hadoop-ozone/integration-test/target/test-dir/MiniOzoneClusterImpl-86be06f9-0c34-41f8-bcfc-872cf9ac1776/datanode-1/data/ratis/71e883f5-3943-4be5-b335-46e86f648570/sm/snapshot.1_14 time:30
2019-09-10 07:29:06,131 [StateMachineUpdater:667758b7-f0cf-4654-9947-4f8e7cab0e1a:group-218237C54F99] INFO  ratis.ContainerStateMachine (ContainerStateMachine.java:takeSnapshot(294)) - group-218237C54F99: Finished taking a snapshot at:(t:1, i:13) file:/workdir/hadoop-ozone/integration-test/target/test-dir/MiniOzoneClusterImpl-86be06f9-0c34-41f8-bcfc-872cf9ac1776/datanode-4/data/ratis/3df070b1-6202-4788-b6e7-218237c54f99/sm/snapshot.1_13 time:30
2019-09-10 07:29:06,131 [StateMachineUpdater:1534d603-c8f3-4faf-8d7a-731d484c1a61:group-46E86F648570] INFO  impl.StateMachineUpdater (StateMachineUpdater.java:takeSnapshot(242)) - StateMachineUpdater:1534d603-c8f3-4faf-8d7a-731d484c1a61:group-46E86F648570: Took a snapshot at index 14
2019-09-10 07:29:06,131 [StateMachineUpdater:667758b7-f0cf-4654-9947-4f8e7cab0e1a:group-218237C54F99] INFO  impl.StateMachineUpdater (StateMachineUpdater.java:takeSnapshot(242)) - StateMachineUpdater:667758b7-f0cf-4654-9947-4f8e7cab0e1a:group-218237C54F99: Took a snapshot at index 13
2019-09-10 07:29:06,131 [StateMachineUpdater:1534d603-c8f3-4faf-8d7a-731d484c1a61:group-46E86F648570] INFO  impl.StateMachineUpdater (StateMachineUpdater.java:lambda$new$0(80)) - StateMachineUpdater:1534d603-c8f3-4faf-8d7a-731d484c1a61:group-46E86F648570: snapshotIndex: updateIncreasingly -1 -> 14
2019-09-10 07:29:06,131 [StateMachineUpdater:667758b7-f0cf-4654-9947-4f8e7cab0e1a:group-218237C54F99] INFO  impl.StateMachineUpdater (StateMachineUpdater.java:lambda$new$0(80)) - StateMachineUpdater:667758b7-f0cf-4654-9947-4f8e7cab0e1a:group-218237C54F99: snapshotIndex: updateIncreasingly -1 -> 13
2019-09-10 07:29:06,132 [ForkJoinPool.commonPool-worker-0] INFO  impl.RaftServerImpl (ServerState.java:close(394)) - 1534d603-c8f3-4faf-8d7a-731d484c1a61:group-46E86F648570 closes. The last applied log index is 16
2019-09-10 07:29:06,132 [main] INFO  impl.RaftServerImpl (ServerState.java:close(394)) - 667758b7-f0cf-4654-9947-4f8e7cab0e1a:group-218237C54F99 closes. The last applied log index is 17
2019-09-10 07:29:06,132 [1534d603-c8f3-4faf-8d7a-731d484c1a61-SegmentedRaftLogWorker:Storage Directory /workdir/hadoop-ozone/integration-test/target/test-dir/MiniOzoneClusterImpl-86be06f9-0c34-41f8-bcfc-872cf9ac1776/datanode-1/data/ratis/71e883f5-3943-4be5-b335-46e86f648570] INFO  segmented.SegmentedRaftLogWorker (SegmentedRaftLogWorker.java:run(313)) - 1534d603-c8f3-4faf-8d7a-731d484c1a61-SegmentedRaftLogWorker:Storage Directory /workdir/hadoop-ozone/integration-test/target/test-dir/MiniOzoneClusterImpl-86be06f9-0c34-41f8-bcfc-872cf9ac1776/datanode-1/data/ratis/71e883f5-3943-4be5-b335-46e86f648570 was interrupted, exiting. There are 0 tasks remaining in the queue.
2019-09-10 07:29:06,133 [667758b7-f0cf-4654-9947-4f8e7cab0e1a-SegmentedRaftLogWorker:Storage Directory /workdir/hadoop-ozone/integration-test/target/test-dir/MiniOzoneClusterImpl-86be06f9-0c34-41f8-bcfc-872cf9ac1776/datanode-4/data/ratis/3df070b1-6202-4788-b6e7-218237c54f99] INFO  segmented.SegmentedRaftLogWorker (SegmentedRaftLogWorker.java:run(313)) - 667758b7-f0cf-4654-9947-4f8e7cab0e1a-SegmentedRaftLogWorker:Storage Directory /workdir/hadoop-ozone/integration-test/target/test-dir/MiniOzoneClusterImpl-86be06f9-0c34-41f8-bcfc-872cf9ac1776/datanode-4/data/ratis/3df070b1-6202-4788-b6e7-218237c54f99 was interrupted, exiting. There are 0 tasks remaining in the queue.
2019-09-10 07:29:06,134 [ForkJoinPool.commonPool-worker-0] INFO  segmented.SegmentedRaftLogWorker (SegmentedRaftLogWorker.java:close(228)) - 1534d603-c8f3-4faf-8d7a-731d484c1a61-SegmentedRaftLogWorker:Storage Directory /workdir/hadoop-ozone/integration-test/target/test-dir/MiniOzoneClusterImpl-86be06f9-0c34-41f8-bcfc-872cf9ac1776/datanode-1/data/ratis/71e883f5-3943-4be5-b335-46e86f648570 close()
2019-09-10 07:29:06,135 [main] INFO  segmented.SegmentedRaftLogWorker (SegmentedRaftLogWorker.java:close(228)) - 667758b7-f0cf-4654-9947-4f8e7cab0e1a-SegmentedRaftLogWorker:Storage Directory /workdir/hadoop-ozone/integration-test/target/test-dir/MiniOzoneClusterImpl-86be06f9-0c34-41f8-bcfc-872cf9ac1776/datanode-4/data/ratis/3df070b1-6202-4788-b6e7-218237c54f99 close()
2019-09-10 07:29:06,138 [ForkJoinPool.commonPool-worker-0] INFO  impl.RaftServerImpl (RaftServerImpl.java:lambda$shutdown$3(245)) - 1534d603-c8f3-4faf-8d7a-731d484c1a61: shutdown group-0985DE82ABF7
2019-09-10 07:29:06,141 [main] INFO  impl.RaftServerImpl (RaftServerImpl.java:lambda$shutdown$3(245)) - 667758b7-f0cf-4654-9947-4f8e7cab0e1a: shutdown group-3F565FFBEBE5
2019-09-10 07:29:06,141 [ForkJoinPool.commonPool-worker-0] INFO  util.JmxRegister (JmxRegister.java:unregister(73)) - Successfully un-registered JMX Bean with object name Ratis:service=RaftServer,group=group-0985DE82ABF7,id=1534d603-c8f3-4faf-8d7a-731d484c1a61
2019-09-10 07:29:06,142 [main] INFO  util.JmxRegister (JmxRegister.java:unregister(73)) - Successfully un-registered JMX Bean with object name Ratis:service=RaftServer,group=group-3F565FFBEBE5,id=667758b7-f0cf-4654-9947-4f8e7cab0e1a
2019-09-10 07:29:06,142 [ForkJoinPool.commonPool-worker-0] INFO  impl.RoleInfo (RoleInfo.java:shutdownLeaderState(104)) - 1534d603-c8f3-4faf-8d7a-731d484c1a61: shutdown LeaderState
2019-09-10 07:29:06,142 [main] INFO  impl.RoleInfo (RoleInfo.java:shutdownLeaderState(104)) - 667758b7-f0cf-4654-9947-4f8e7cab0e1a: shutdown LeaderState
2019-09-10 07:29:06,143 [ForkJoinPool.commonPool-worker-0] INFO  impl.PendingRequests (PendingRequests.java:sendNotLeaderResponses(202)) - 1534d603-c8f3-4faf-8d7a-731d484c1a61-PendingRequests: sendNotLeaderResponses
2019-09-10 07:29:06,143 [main] INFO  impl.PendingRequests (PendingRequests.java:sendNotLeaderResponses(202)) - 667758b7-f0cf-4654-9947-4f8e7cab0e1a-PendingRequests: sendNotLeaderResponses
2019-09-10 07:29:06,143 [ForkJoinPool.commonPool-worker-0] INFO  impl.StateMachineUpdater (StateMachineUpdater.java:stopAndJoin(115)) - StateMachineUpdater:1534d603-c8f3-4faf-8d7a-731d484c1a61:group-0985DE82ABF7: set stopIndex = 0
2019-09-10 07:29:06,144 [main] INFO  impl.StateMachineUpdater (StateMachineUpdater.java:stopAndJoin(115)) - StateMachineUpdater:667758b7-f0cf-4654-9947-4f8e7cab0e1a:group-3F565FFBEBE5: set stopIndex = 0
2019-09-10 07:29:06,144 [ForkJoinPool.commonPool-worker-0] INFO  impl.RaftServerImpl (ServerState.java:close(394)) - 1534d603-c8f3-4faf-8d7a-731d484c1a61:group-0985DE82ABF7 closes. The last applied log index is 0
2019-09-10 07:29:06,144 [main] INFO  impl.RaftServerImpl (ServerState.java:close(394)) - 667758b7-f0cf-4654-9947-4f8e7cab0e1a:group-3F565FFBEBE5 closes. The last applied log index is 0
2019-09-10 07:29:06,145 [1534d603-c8f3-4faf-8d7a-731d484c1a61-SegmentedRaftLogWorker:Storage Directory /workdir/hadoop-ozone/integration-test/target/test-dir/MiniOzoneClusterImpl-86be06f9-0c34-41f8-bcfc-872cf9ac1776/datanode-1/data/ratis/b4e0f8e5-eb75-42a6-8df0-0985de82abf7] INFO  segmented.SegmentedRaftLogWorker (SegmentedRaftLogWorker.java:run(313)) - 1534d603-c8f3-4faf-8d7a-731d484c1a61-SegmentedRaftLogWorker:Storage Directory /workdir/hadoop-ozone/integration-test/target/test-dir/MiniOzoneClusterImpl-86be06f9-0c34-41f8-bcfc-872cf9ac1776/datanode-1/data/ratis/b4e0f8e5-eb75-42a6-8df0-0985de82abf7 was interrupted, exiting. There are 0 tasks remaining in the queue.
2019-09-10 07:29:06,145 [667758b7-f0cf-4654-9947-4f8e7cab0e1a-SegmentedRaftLogWorker:Storage Directory /workdir/hadoop-ozone/integration-test/target/test-dir/MiniOzoneClusterImpl-86be06f9-0c34-41f8-bcfc-872cf9ac1776/datanode-4/data/ratis/75ef7e2b-3957-4faa-8d5c-3f565ffbebe5] INFO  segmented.SegmentedRaftLogWorker (SegmentedRaftLogWorker.java:run(313)) - 667758b7-f0cf-4654-9947-4f8e7cab0e1a-SegmentedRaftLogWorker:Storage Directory /workdir/hadoop-ozone/integration-test/target/test-dir/MiniOzoneClusterImpl-86be06f9-0c34-41f8-bcfc-872cf9ac1776/datanode-4/data/ratis/75ef7e2b-3957-4faa-8d5c-3f565ffbebe5 was interrupted, exiting. There are 0 tasks remaining in the queue.
2019-09-10 07:29:06,146 [ForkJoinPool.commonPool-worker-0] INFO  segmented.SegmentedRaftLogWorker (SegmentedRaftLogWorker.java:close(228)) - 1534d603-c8f3-4faf-8d7a-731d484c1a61-SegmentedRaftLogWorker:Storage Directory /workdir/hadoop-ozone/integration-test/target/test-dir/MiniOzoneClusterImpl-86be06f9-0c34-41f8-bcfc-872cf9ac1776/datanode-1/data/ratis/b4e0f8e5-eb75-42a6-8df0-0985de82abf7 close()
2019-09-10 07:29:06,148 [main] INFO  segmented.SegmentedRaftLogWorker (SegmentedRaftLogWorker.java:close(228)) - 667758b7-f0cf-4654-9947-4f8e7cab0e1a-SegmentedRaftLogWorker:Storage Directory /workdir/hadoop-ozone/integration-test/target/test-dir/MiniOzoneClusterImpl-86be06f9-0c34-41f8-bcfc-872cf9ac1776/datanode-4/data/ratis/75ef7e2b-3957-4faa-8d5c-3f565ffbebe5 close()
2019-09-10 07:29:06,150 [ForkJoinPool.commonPool-worker-0] INFO  server.GrpcService (GrpcService.java:closeImpl(155)) - 1534d603-c8f3-4faf-8d7a-731d484c1a61: shutdown server with port 37346 now
2019-09-10 07:29:06,153 [main] INFO  server.GrpcService (GrpcService.java:closeImpl(155)) - 667758b7-f0cf-4654-9947-4f8e7cab0e1a: shutdown server with port 34273 now
2019-09-10 07:29:06,154 [grpc-default-executor-9] WARN  server.GrpcServerProtocolService (LogUtils.java:warn(134)) - 1534d603-c8f3-4faf-8d7a-731d484c1a61: appendEntries onError: org.apache.ratis.thirdparty.io.grpc.StatusRuntimeException: CANCELLED: cancelled before receiving half close
2019-09-10 07:29:06,154 [grpc-default-executor-11] WARN  server.GrpcServerProtocolService (LogUtils.java:warn(134)) - 667758b7-f0cf-4654-9947-4f8e7cab0e1a: appendEntries onError: org.apache.ratis.thirdparty.io.grpc.StatusRuntimeException: CANCELLED: cancelled before receiving half close
2019-09-10 07:29:06,154 [main] INFO  server.GrpcService (GrpcService.java:closeImpl(163)) - 667758b7-f0cf-4654-9947-4f8e7cab0e1a: shutdown server with port 34273 successfully
2019-09-10 07:29:06,154 [ForkJoinPool.commonPool-worker-0] INFO  server.GrpcService (GrpcService.java:closeImpl(163)) - 1534d603-c8f3-4faf-8d7a-731d484c1a61: shutdown server with port 37346 successfully
2019-09-10 07:29:06,154 [grpc-default-executor-7] WARN  server.GrpcLogAppender (LogUtils.java:warn(134)) - 4e051fbd-0f49-4b75-88cf-14abc2ce29e2->1534d603-c8f3-4faf-8d7a-731d484c1a61: Failed appendEntries: org.apache.ratis.thirdparty.io.grpc.StatusRuntimeException: CANCELLED: HTTP/2 error code: CANCEL
Received Rst Stream
2019-09-10 07:29:06,155 [grpc-default-executor-9] WARN  server.GrpcLogAppender (LogUtils.java:warn(134)) - 7759a663-c43f-45c5-8beb-3587a0125019->667758b7-f0cf-4654-9947-4f8e7cab0e1a: Failed appendEntries: org.apache.ratis.thirdparty.io.grpc.StatusRuntimeException: CANCELLED: HTTP/2 error code: CANCEL
Received Rst Stream
2019-09-10 07:29:06,156 [grpc-default-executor-7] INFO  impl.FollowerInfo (FollowerInfo.java:lambda$new$0(50)) - 4e051fbd-0f49-4b75-88cf-14abc2ce29e2->1534d603-c8f3-4faf-8d7a-731d484c1a61: nextIndex: updateUnconditionally 17 -> 16
2019-09-10 07:29:06,156 [grpc-default-executor-9] INFO  impl.FollowerInfo (FollowerInfo.java:lambda$new$0(50)) - 7759a663-c43f-45c5-8beb-3587a0125019->667758b7-f0cf-4654-9947-4f8e7cab0e1a: nextIndex: updateUnconditionally 18 -> 17
2019-09-10 07:29:06,156 [main] INFO  utils.BackgroundService (BackgroundService.java:shutdown(148)) - Shutting down service BlockDeletingService
2019-09-10 07:29:06,157 [ForkJoinPool.commonPool-worker-0] INFO  utils.BackgroundService (BackgroundService.java:shutdown(148)) - Shutting down service BlockDeletingService
2019-09-10 07:29:06,159 [refreshUsed-/workdir/hadoop-ozone/integration-test/target/test-dir/MiniOzoneClusterImpl-86be06f9-0c34-41f8-bcfc-872cf9ac1776/datanode-4/data/containers] WARN  fs.CachingGetSpaceUsed (CachingGetSpaceUsed.java:run(183)) - Thread Interrupted waiting to refresh disk information: sleep interrupted
2019-09-10 07:29:06,162 [refreshUsed-/workdir/hadoop-ozone/integration-test/target/test-dir/MiniOzoneClusterImpl-86be06f9-0c34-41f8-bcfc-872cf9ac1776/datanode-1/data/containers] WARN  fs.CachingGetSpaceUsed (CachingGetSpaceUsed.java:run(183)) - Thread Interrupted waiting to refresh disk information: sleep interrupted
2019-09-10 07:29:06,181 [main] INFO  statemachine.DatanodeStateMachine (DatanodeStateMachine.java:stopDaemon(395)) - Ozone container server stopped.
2019-09-10 07:29:06,182 [main] INFO  handler.ContextHandler (ContextHandler.java:doStop(910)) - Stopped o.e.j.w.WebAppContext@49c3487f{/,null,UNAVAILABLE}{/hddsDatanode}
2019-09-10 07:29:06,183 [main] INFO  server.AbstractConnector (AbstractConnector.java:doStop(318)) - Stopped ServerConnector@1e6a8d01{HTTP/1.1,[http/1.1]}{0.0.0.0:0}
2019-09-10 07:29:06,183 [main] INFO  handler.ContextHandler (ContextHandler.java:doStop(910)) - Stopped o.e.j.s.ServletContextHandler@236a6a2a{/static,jar:file:/home/user/.m2/repository/org/apache/hadoop/hadoop-hdds-container-service/0.5.0-SNAPSHOT/hadoop-hdds-container-service-0.5.0-SNAPSHOT.jar!/webapps/static,UNAVAILABLE}
2019-09-10 07:29:06,183 [main] INFO  handler.ContextHandler (ContextHandler.java:doStop(910)) - Stopped o.e.j.s.ServletContextHandler@1fcef7{/logs,file:///workdir/hadoop-ozone/integration-test/target/log,UNAVAILABLE}
2019-09-10 07:29:06,184 [main] INFO  datanode.ObjectStoreHandler (ObjectStoreHandler.java:close(155)) - Closing ObjectStoreHandler.
2019-09-10 07:29:06,185 [main] INFO  ozone.HddsDatanodeService (HddsDatanodeService.java:stop(451)) - Stopped plug-in org.apache.hadoop.ozone.web.OzoneHddsDatanodeService@12504d49
2019-09-10 07:29:06,191 [ForkJoinPool.commonPool-worker-0] INFO  statemachine.DatanodeStateMachine (DatanodeStateMachine.java:stopDaemon(395)) - Ozone container server stopped.
2019-09-10 07:29:06,197 [ForkJoinPool.commonPool-worker-0] INFO  handler.ContextHandler (ContextHandler.java:doStop(910)) - Stopped o.e.j.w.WebAppContext@525aadf2{/,null,UNAVAILABLE}{/hddsDatanode}
2019-09-10 07:29:06,197 [ForkJoinPool.commonPool-worker-0] INFO  server.AbstractConnector (AbstractConnector.java:doStop(318)) - Stopped ServerConnector@203b98cf{HTTP/1.1,[http/1.1]}{0.0.0.0:0}
2019-09-10 07:29:06,199 [ForkJoinPool.commonPool-worker-0] INFO  handler.ContextHandler (ContextHandler.java:doStop(910)) - Stopped o.e.j.s.ServletContextHandler@10d8769e{/static,jar:file:/home/user/.m2/repository/org/apache/hadoop/hadoop-hdds-container-service/0.5.0-SNAPSHOT/hadoop-hdds-container-service-0.5.0-SNAPSHOT.jar!/webapps/static,UNAVAILABLE}
2019-09-10 07:29:06,201 [ForkJoinPool.commonPool-worker-0] INFO  handler.ContextHandler (ContextHandler.java:doStop(910)) - Stopped o.e.j.s.ServletContextHandler@72f71ea2{/logs,file:///workdir/hadoop-ozone/integration-test/target/log,UNAVAILABLE}
2019-09-10 07:29:06,202 [ForkJoinPool.commonPool-worker-0] INFO  datanode.ObjectStoreHandler (ObjectStoreHandler.java:close(155)) - Closing ObjectStoreHandler.
2019-09-10 07:29:06,202 [ForkJoinPool.commonPool-worker-0] INFO  ozone.HddsDatanodeService (HddsDatanodeService.java:stop(451)) - Stopped plug-in org.apache.hadoop.ozone.web.OzoneHddsDatanodeService@5b256ab5
2019-09-10 07:29:06,734 | INFO  | SCMAudit | user=jenkins1000 | ip=192.168.34.25 | op=SEND_HEARTBEAT {datanodeUUID=4362c079-8fac-4550-ad10-f10303ad6b45, command=[]} | ret=SUCCESS |  
2019-09-10 07:29:06,804 [Datanode State Machine Thread - 0] INFO  statemachine.DatanodeStateMachine (DatanodeStateMachine.java:lambda$startDaemon$0(350)) - Ozone container server started.
2019-09-10 07:29:06,806 | INFO  | SCMAudit | user=jenkins1000 | ip=192.168.34.25 | op=SEND_HEARTBEAT {datanodeUUID=46af15eb-d7a1-4298-86d8-4efe8ccbe229, command=[commandType: closeContainerCommand closeContainerCommandProto { containerID: 2 pipelineID { id: "71e883f5-3943-4be5-b335-46e86f648570" } cmdId: 2 force: false } ]} | ret=SUCCESS |  
2019-09-10 07:29:07,118 [Datanode State Machine Thread - 0] INFO  statemachine.DatanodeStateMachine (DatanodeStateMachine.java:lambda$startDaemon$0(350)) - Ozone container server started.
2019-09-10 07:29:07,502 [grpc-default-executor-9] WARN  server.GrpcLogAppender (LogUtils.java:warn(134)) - 7759a663-c43f-45c5-8beb-3587a0125019->667758b7-f0cf-4654-9947-4f8e7cab0e1a: Failed appendEntries: org.apache.ratis.thirdparty.io.grpc.StatusRuntimeException: UNAVAILABLE: io exception
2019-09-10 07:29:07,502 [grpc-default-executor-9] INFO  impl.FollowerInfo (FollowerInfo.java:lambda$new$0(50)) - 7759a663-c43f-45c5-8beb-3587a0125019->667758b7-f0cf-4654-9947-4f8e7cab0e1a: nextIndex: updateUnconditionally 17 -> 16
2019-09-10 07:29:07,509 [grpc-default-executor-9] WARN  server.GrpcLogAppender (LogUtils.java:warn(134)) - 7759a663-c43f-45c5-8beb-3587a0125019->7b54fe2b-72fc-4fdb-b200-ca51888498dc: Failed appendEntries: org.apache.ratis.thirdparty.io.grpc.StatusRuntimeException: UNAVAILABLE: io exception
2019-09-10 07:29:07,509 [grpc-default-executor-9] INFO  impl.FollowerInfo (FollowerInfo.java:lambda$new$0(50)) - 7759a663-c43f-45c5-8beb-3587a0125019->7b54fe2b-72fc-4fdb-b200-ca51888498dc: nextIndex: updateUnconditionally 0 -> 0
2019-09-10 07:29:07,735 | INFO  | SCMAudit | user=jenkins1000 | ip=192.168.34.25 | op=SEND_HEARTBEAT {datanodeUUID=4362c079-8fac-4550-ad10-f10303ad6b45, command=[]} | ret=SUCCESS |  
2019-09-10 07:29:07,805 | INFO  | SCMAudit | user=jenkins1000 | ip=192.168.34.25 | op=SEND_HEARTBEAT {datanodeUUID=46af15eb-d7a1-4298-86d8-4efe8ccbe229, command=[]} | ret=SUCCESS |  
2019-09-10 07:29:07,842 | INFO  | SCMAudit | user=jenkins1000 | ip=192.168.34.25 | op=SEND_HEARTBEAT {datanodeUUID=46af15eb-d7a1-4298-86d8-4efe8ccbe229, command=[]} | ret=SUCCESS |  
2019-09-10 07:29:08,557 [grpc-default-executor-9] WARN  server.GrpcLogAppender (LogUtils.java:warn(134)) - 4e051fbd-0f49-4b75-88cf-14abc2ce29e2->1534d603-c8f3-4faf-8d7a-731d484c1a61: Failed appendEntries: org.apache.ratis.thirdparty.io.grpc.StatusRuntimeException: UNAVAILABLE: io exception
2019-09-10 07:29:08,557 [grpc-default-executor-9] INFO  impl.FollowerInfo (FollowerInfo.java:lambda$new$0(50)) - 4e051fbd-0f49-4b75-88cf-14abc2ce29e2->1534d603-c8f3-4faf-8d7a-731d484c1a61: nextIndex: updateUnconditionally 16 -> 15
2019-09-10 07:29:08,735 | INFO  | SCMAudit | user=jenkins1000 | ip=192.168.34.25 | op=SEND_HEARTBEAT {datanodeUUID=4362c079-8fac-4550-ad10-f10303ad6b45, command=[]} | ret=SUCCESS |  
2019-09-10 07:29:08,842 | INFO  | SCMAudit | user=jenkins1000 | ip=192.168.34.25 | op=SEND_HEARTBEAT {datanodeUUID=46af15eb-d7a1-4298-86d8-4efe8ccbe229, command=[]} | ret=SUCCESS |  
2019-09-10 07:29:09,735 | INFO  | SCMAudit | user=jenkins1000 | ip=192.168.34.25 | op=SEND_HEARTBEAT {datanodeUUID=4362c079-8fac-4550-ad10-f10303ad6b45, command=[]} | ret=SUCCESS |  
2019-09-10 07:29:09,842 | INFO  | SCMAudit | user=jenkins1000 | ip=192.168.34.25 | op=SEND_HEARTBEAT {datanodeUUID=46af15eb-d7a1-4298-86d8-4efe8ccbe229, command=[]} | ret=SUCCESS |  
2019-09-10 07:29:10,002 [grpc-default-executor-9] WARN  server.GrpcLogAppender (LogUtils.java:warn(134)) - 7759a663-c43f-45c5-8beb-3587a0125019->667758b7-f0cf-4654-9947-4f8e7cab0e1a: Failed appendEntries: org.apache.ratis.thirdparty.io.grpc.StatusRuntimeException: UNAVAILABLE: io exception
2019-09-10 07:29:10,003 [grpc-default-executor-9] INFO  impl.FollowerInfo (FollowerInfo.java:lambda$new$0(50)) - 7759a663-c43f-45c5-8beb-3587a0125019->667758b7-f0cf-4654-9947-4f8e7cab0e1a: nextIndex: updateUnconditionally 16 -> 15
2019-09-10 07:29:10,011 [grpc-default-executor-9] WARN  server.GrpcLogAppender (LogUtils.java:warn(134)) - 7759a663-c43f-45c5-8beb-3587a0125019->7b54fe2b-72fc-4fdb-b200-ca51888498dc: Failed appendEntries: org.apache.ratis.thirdparty.io.grpc.StatusRuntimeException: UNAVAILABLE: io exception
2019-09-10 07:29:10,011 [grpc-default-executor-9] INFO  impl.FollowerInfo (FollowerInfo.java:lambda$new$0(50)) - 7759a663-c43f-45c5-8beb-3587a0125019->7b54fe2b-72fc-4fdb-b200-ca51888498dc: nextIndex: updateUnconditionally 0 -> 0
2019-09-10 07:29:10,736 | INFO  | SCMAudit | user=jenkins1000 | ip=192.168.34.25 | op=SEND_HEARTBEAT {datanodeUUID=4362c079-8fac-4550-ad10-f10303ad6b45, command=[]} | ret=SUCCESS |  
2019-09-10 07:29:10,843 | INFO  | SCMAudit | user=jenkins1000 | ip=192.168.34.25 | op=SEND_HEARTBEAT {datanodeUUID=46af15eb-d7a1-4298-86d8-4efe8ccbe229, command=[]} | ret=SUCCESS |  
2019-09-10 07:29:10,874 [EventQueue-StaleNodeForStaleNodeHandler] INFO  node.StaleNodeHandler (StaleNodeHandler.java:onMessage(58)) - Datanode 4e051fbd-0f49-4b75-88cf-14abc2ce29e2{ip: 192.168.34.25, host: pr-hdds-2089-qxm8x-943445694, networkLocation: /default-rack, certSerialId: null} moved to stale state. Finalizing its pipelines [PipelineID=71e883f5-3943-4be5-b335-46e86f648570, PipelineID=d446dfda-d86d-4dd5-96ee-cc10e6f9984d]
2019-09-10 07:29:10,875 [EventQueue-StaleNodeForStaleNodeHandler] INFO  pipeline.SCMPipelineManager (SCMPipelineManager.java:finalizeAndDestroyPipeline(309)) - destroying pipeline:Pipeline[ Id: 71e883f5-3943-4be5-b335-46e86f648570, Nodes: 1534d603-c8f3-4faf-8d7a-731d484c1a61{ip: 192.168.34.25, host: pr-hdds-2089-qxm8x-943445694, networkLocation: /default-rack, certSerialId: null}46af15eb-d7a1-4298-86d8-4efe8ccbe229{ip: 192.168.34.25, host: pr-hdds-2089-qxm8x-943445694, networkLocation: /default-rack, certSerialId: null}4e051fbd-0f49-4b75-88cf-14abc2ce29e2{ip: 192.168.34.25, host: pr-hdds-2089-qxm8x-943445694, networkLocation: /default-rack, certSerialId: null}, Type:RATIS, Factor:THREE, State:CLOSED]
2019-09-10 07:29:10,875 [EventQueue-StaleNodeForStaleNodeHandler] INFO  pipeline.SCMPipelineManager (SCMPipelineManager.java:finalizeAndDestroyPipeline(309)) - destroying pipeline:Pipeline[ Id: d446dfda-d86d-4dd5-96ee-cc10e6f9984d, Nodes: 4e051fbd-0f49-4b75-88cf-14abc2ce29e2{ip: 192.168.34.25, host: pr-hdds-2089-qxm8x-943445694, networkLocation: /default-rack, certSerialId: null}, Type:RATIS, Factor:ONE, State:OPEN]
2019-09-10 07:29:10,875 [EventQueue-StaleNodeForStaleNodeHandler] INFO  pipeline.PipelineStateManager (PipelineStateManager.java:finalizePipeline(123)) - Pipeline Pipeline[ Id: d446dfda-d86d-4dd5-96ee-cc10e6f9984d, Nodes: 4e051fbd-0f49-4b75-88cf-14abc2ce29e2{ip: 192.168.34.25, host: pr-hdds-2089-qxm8x-943445694, networkLocation: /default-rack, certSerialId: null}, Type:RATIS, Factor:ONE, State:CLOSED] moved to CLOSED state
2019-09-10 07:29:11,058 [grpc-default-executor-11] WARN  server.GrpcLogAppender (LogUtils.java:warn(134)) - 4e051fbd-0f49-4b75-88cf-14abc2ce29e2->1534d603-c8f3-4faf-8d7a-731d484c1a61: Failed appendEntries: org.apache.ratis.thirdparty.io.grpc.StatusRuntimeException: UNAVAILABLE: io exception
2019-09-10 07:29:11,058 [grpc-default-executor-11] INFO  impl.FollowerInfo (FollowerInfo.java:lambda$new$0(50)) - 4e051fbd-0f49-4b75-88cf-14abc2ce29e2->1534d603-c8f3-4faf-8d7a-731d484c1a61: nextIndex: updateUnconditionally 15 -> 14
2019-09-10 07:29:11,175 [EventQueue-StaleNodeForStaleNodeHandler] INFO  node.StaleNodeHandler (StaleNodeHandler.java:onMessage(58)) - Datanode 7759a663-c43f-45c5-8beb-3587a0125019{ip: 192.168.34.25, host: pr-hdds-2089-qxm8x-943445694, networkLocation: /default-rack, certSerialId: null} moved to stale state. Finalizing its pipelines [PipelineID=3df070b1-6202-4788-b6e7-218237c54f99, PipelineID=95cd001b-e4cd-4785-b0e7-cdcc779fb9bd]
2019-09-10 07:29:11,175 [EventQueue-StaleNodeForStaleNodeHandler] INFO  pipeline.SCMPipelineManager (SCMPipelineManager.java:finalizeAndDestroyPipeline(309)) - destroying pipeline:Pipeline[ Id: 3df070b1-6202-4788-b6e7-218237c54f99, Nodes: 7b54fe2b-72fc-4fdb-b200-ca51888498dc{ip: 192.168.34.25, host: pr-hdds-2089-qxm8x-943445694, networkLocation: /default-rack, certSerialId: null}667758b7-f0cf-4654-9947-4f8e7cab0e1a{ip: 192.168.34.25, host: pr-hdds-2089-qxm8x-943445694, networkLocation: /default-rack, certSerialId: null}7759a663-c43f-45c5-8beb-3587a0125019{ip: 192.168.34.25, host: pr-hdds-2089-qxm8x-943445694, networkLocation: /default-rack, certSerialId: null}, Type:RATIS, Factor:THREE, State:CLOSED]
2019-09-10 07:29:11,175 [EventQueue-StaleNodeForStaleNodeHandler] INFO  pipeline.SCMPipelineManager (SCMPipelineManager.java:finalizeAndDestroyPipeline(309)) - destroying pipeline:Pipeline[ Id: 95cd001b-e4cd-4785-b0e7-cdcc779fb9bd, Nodes: 7759a663-c43f-45c5-8beb-3587a0125019{ip: 192.168.34.25, host: pr-hdds-2089-qxm8x-943445694, networkLocation: /default-rack, certSerialId: null}, Type:RATIS, Factor:ONE, State:OPEN]
2019-09-10 07:29:11,176 [EventQueue-StaleNodeForStaleNodeHandler] INFO  pipeline.PipelineStateManager (PipelineStateManager.java:finalizePipeline(123)) - Pipeline Pipeline[ Id: 95cd001b-e4cd-4785-b0e7-cdcc779fb9bd, Nodes: 7759a663-c43f-45c5-8beb-3587a0125019{ip: 192.168.34.25, host: pr-hdds-2089-qxm8x-943445694, networkLocation: /default-rack, certSerialId: null}, Type:RATIS, Factor:ONE, State:CLOSED] moved to CLOSED state
2019-09-10 07:29:11,186 [main] INFO  ozoneimpl.OzoneContainer (OzoneContainer.java:stop(199)) - Attempting to stop container services.
2019-09-10 07:29:11,186 [main] INFO  impl.RaftServerProxy (RaftServerProxy.java:lambda$close$4(314)) - 7759a663-c43f-45c5-8beb-3587a0125019: close
2019-09-10 07:29:11,187 [main] INFO  impl.RaftServerImpl (RaftServerImpl.java:lambda$shutdown$3(245)) - 7759a663-c43f-45c5-8beb-3587a0125019: shutdown group-218237C54F99
2019-09-10 07:29:11,187 [main] INFO  util.JmxRegister (JmxRegister.java:unregister(73)) - Successfully un-registered JMX Bean with object name Ratis:service=RaftServer,group=group-218237C54F99,id=7759a663-c43f-45c5-8beb-3587a0125019
2019-09-10 07:29:11,188 [main] INFO  impl.RoleInfo (RoleInfo.java:shutdownLeaderState(104)) - 7759a663-c43f-45c5-8beb-3587a0125019: shutdown LeaderState
2019-09-10 07:29:11,192 [main] INFO  impl.PendingRequests (PendingRequests.java:sendNotLeaderResponses(202)) - 7759a663-c43f-45c5-8beb-3587a0125019-PendingRequests: sendNotLeaderResponses
2019-09-10 07:29:11,192 [org.apache.ratis.server.impl.LogAppender$AppenderDaemon$$Lambda$482/332170606@346a7ad1] WARN  server.GrpcLogAppender (GrpcLogAppender.java:mayWait(143)) - GrpcLogAppender(7759a663-c43f-45c5-8beb-3587a0125019->667758b7-f0cf-4654-9947-4f8e7cab0e1a): Wait interrupted by java.lang.InterruptedException
2019-09-10 07:29:11,192 [main] INFO  impl.StateMachineUpdater (StateMachineUpdater.java:stopAndJoin(115)) - StateMachineUpdater:7759a663-c43f-45c5-8beb-3587a0125019:group-218237C54F99: set stopIndex = 17
2019-09-10 07:29:11,192 [org.apache.ratis.server.impl.LogAppender$AppenderDaemon$$Lambda$482/332170606@314c70b4] WARN  server.GrpcLogAppender (GrpcLogAppender.java:mayWait(143)) - GrpcLogAppender(7759a663-c43f-45c5-8beb-3587a0125019->7b54fe2b-72fc-4fdb-b200-ca51888498dc): Wait interrupted by java.lang.InterruptedException
2019-09-10 07:29:11,192 [StateMachineUpdater:7759a663-c43f-45c5-8beb-3587a0125019:group-218237C54F99] INFO  ratis.ContainerStateMachine (ContainerStateMachine.java:takeSnapshot(283)) - group-218237C54F99: Taking a snapshot at:(t:1, i:13) file /workdir/hadoop-ozone/integration-test/target/test-dir/MiniOzoneClusterImpl-86be06f9-0c34-41f8-bcfc-872cf9ac1776/datanode-3/data/ratis/3df070b1-6202-4788-b6e7-218237c54f99/sm/snapshot.1_13
2019-09-10 07:29:11,203 [ForkJoinPool.commonPool-worker-0] INFO  ozoneimpl.OzoneContainer (OzoneContainer.java:stop(199)) - Attempting to stop container services.
2019-09-10 07:29:11,203 [ForkJoinPool.commonPool-worker-0] INFO  impl.RaftServerProxy (RaftServerProxy.java:lambda$close$4(314)) - 4e051fbd-0f49-4b75-88cf-14abc2ce29e2: close
2019-09-10 07:29:11,204 [ForkJoinPool.commonPool-worker-0] INFO  impl.RaftServerImpl (RaftServerImpl.java:lambda$shutdown$3(245)) - 4e051fbd-0f49-4b75-88cf-14abc2ce29e2: shutdown group-46E86F648570
2019-09-10 07:29:11,204 [ForkJoinPool.commonPool-worker-0] INFO  util.JmxRegister (JmxRegister.java:unregister(73)) - Successfully un-registered JMX Bean with object name Ratis:service=RaftServer,group=group-46E86F648570,id=4e051fbd-0f49-4b75-88cf-14abc2ce29e2
2019-09-10 07:29:11,204 [ForkJoinPool.commonPool-worker-0] INFO  impl.RoleInfo (RoleInfo.java:shutdownLeaderState(104)) - 4e051fbd-0f49-4b75-88cf-14abc2ce29e2: shutdown LeaderState
2019-09-10 07:29:11,208 [ForkJoinPool.commonPool-worker-0] INFO  impl.PendingRequests (PendingRequests.java:sendNotLeaderResponses(202)) - 4e051fbd-0f49-4b75-88cf-14abc2ce29e2-PendingRequests: sendNotLeaderResponses
2019-09-10 07:29:11,208 [org.apache.ratis.server.impl.LogAppender$AppenderDaemon$$Lambda$482/332170606@244746fb] WARN  server.GrpcLogAppender (GrpcLogAppender.java:mayWait(143)) - GrpcLogAppender(4e051fbd-0f49-4b75-88cf-14abc2ce29e2->1534d603-c8f3-4faf-8d7a-731d484c1a61): Wait interrupted by java.lang.InterruptedException
2019-09-10 07:29:11,208 [org.apache.ratis.server.impl.LogAppender$AppenderDaemon$$Lambda$482/332170606@6145d4b7] WARN  server.GrpcLogAppender (GrpcLogAppender.java:mayWait(143)) - GrpcLogAppender(4e051fbd-0f49-4b75-88cf-14abc2ce29e2->46af15eb-d7a1-4298-86d8-4efe8ccbe229): Wait interrupted by java.lang.InterruptedException
2019-09-10 07:29:11,211 [ForkJoinPool.commonPool-worker-0] INFO  impl.StateMachineUpdater (StateMachineUpdater.java:stopAndJoin(115)) - StateMachineUpdater:4e051fbd-0f49-4b75-88cf-14abc2ce29e2:group-46E86F648570: set stopIndex = 16
2019-09-10 07:29:11,212 [grpc-default-executor-11] INFO  server.GrpcServerProtocolService (GrpcServerProtocolService.java:onCompleted(104)) - 46af15eb-d7a1-4298-86d8-4efe8ccbe229: appendEntries completed
2019-09-10 07:29:11,211 [StateMachineUpdater:4e051fbd-0f49-4b75-88cf-14abc2ce29e2:group-46E86F648570] INFO  ratis.ContainerStateMachine (ContainerStateMachine.java:takeSnapshot(283)) - group-46E86F648570: Taking a snapshot at:(t:1, i:14) file /workdir/hadoop-ozone/integration-test/target/test-dir/MiniOzoneClusterImpl-86be06f9-0c34-41f8-bcfc-872cf9ac1776/datanode-2/data/ratis/71e883f5-3943-4be5-b335-46e86f648570/sm/snapshot.1_14
2019-09-10 07:29:11,212 [grpc-default-executor-7] INFO  server.GrpcLogAppender (GrpcLogAppender.java:onCompleted(292)) - 4e051fbd-0f49-4b75-88cf-14abc2ce29e2->46af15eb-d7a1-4298-86d8-4efe8ccbe229: follower responses appendEntries COMPLETED
2019-09-10 07:29:11,212 [grpc-default-executor-7] INFO  impl.FollowerInfo (FollowerInfo.java:lambda$new$0(50)) - 4e051fbd-0f49-4b75-88cf-14abc2ce29e2->46af15eb-d7a1-4298-86d8-4efe8ccbe229: nextIndex: updateUnconditionally 17 -> 16
2019-09-10 07:29:11,217 [StateMachineUpdater:7759a663-c43f-45c5-8beb-3587a0125019:group-218237C54F99] INFO  ratis.ContainerStateMachine (ContainerStateMachine.java:takeSnapshot(294)) - group-218237C54F99: Finished taking a snapshot at:(t:1, i:13) file:/workdir/hadoop-ozone/integration-test/target/test-dir/MiniOzoneClusterImpl-86be06f9-0c34-41f8-bcfc-872cf9ac1776/datanode-3/data/ratis/3df070b1-6202-4788-b6e7-218237c54f99/sm/snapshot.1_13 time:25
2019-09-10 07:29:11,217 [StateMachineUpdater:7759a663-c43f-45c5-8beb-3587a0125019:group-218237C54F99] INFO  impl.StateMachineUpdater (StateMachineUpdater.java:takeSnapshot(242)) - StateMachineUpdater:7759a663-c43f-45c5-8beb-3587a0125019:group-218237C54F99: Took a snapshot at index 13
2019-09-10 07:29:11,217 [StateMachineUpdater:7759a663-c43f-45c5-8beb-3587a0125019:group-218237C54F99] INFO  impl.StateMachineUpdater (StateMachineUpdater.java:lambda$new$0(80)) - StateMachineUpdater:7759a663-c43f-45c5-8beb-3587a0125019:group-218237C54F99: snapshotIndex: updateIncreasingly -1 -> 13
2019-09-10 07:29:11,218 [main] INFO  impl.RaftServerImpl (ServerState.java:close(394)) - 7759a663-c43f-45c5-8beb-3587a0125019:group-218237C54F99 closes. The last applied log index is 17
2019-09-10 07:29:11,219 [7759a663-c43f-45c5-8beb-3587a0125019-SegmentedRaftLogWorker:Storage Directory /workdir/hadoop-ozone/integration-test/target/test-dir/MiniOzoneClusterImpl-86be06f9-0c34-41f8-bcfc-872cf9ac1776/datanode-3/data/ratis/3df070b1-6202-4788-b6e7-218237c54f99] INFO  segmented.SegmentedRaftLogWorker (SegmentedRaftLogWorker.java:run(313)) - 7759a663-c43f-45c5-8beb-3587a0125019-SegmentedRaftLogWorker:Storage Directory /workdir/hadoop-ozone/integration-test/target/test-dir/MiniOzoneClusterImpl-86be06f9-0c34-41f8-bcfc-872cf9ac1776/datanode-3/data/ratis/3df070b1-6202-4788-b6e7-218237c54f99 was interrupted, exiting. There are 0 tasks remaining in the queue.
2019-09-10 07:29:11,220 [StateMachineUpdater:4e051fbd-0f49-4b75-88cf-14abc2ce29e2:group-46E86F648570] INFO  ratis.ContainerStateMachine (ContainerStateMachine.java:takeSnapshot(294)) - group-46E86F648570: Finished taking a snapshot at:(t:1, i:14) file:/workdir/hadoop-ozone/integration-test/target/test-dir/MiniOzoneClusterImpl-86be06f9-0c34-41f8-bcfc-872cf9ac1776/datanode-2/data/ratis/71e883f5-3943-4be5-b335-46e86f648570/sm/snapshot.1_14 time:9
2019-09-10 07:29:11,220 [main] INFO  segmented.SegmentedRaftLogWorker (SegmentedRaftLogWorker.java:close(228)) - 7759a663-c43f-45c5-8beb-3587a0125019-SegmentedRaftLogWorker:Storage Directory /workdir/hadoop-ozone/integration-test/target/test-dir/MiniOzoneClusterImpl-86be06f9-0c34-41f8-bcfc-872cf9ac1776/datanode-3/data/ratis/3df070b1-6202-4788-b6e7-218237c54f99 close()
2019-09-10 07:29:11,220 [StateMachineUpdater:4e051fbd-0f49-4b75-88cf-14abc2ce29e2:group-46E86F648570] INFO  impl.StateMachineUpdater (StateMachineUpdater.java:takeSnapshot(242)) - StateMachineUpdater:4e051fbd-0f49-4b75-88cf-14abc2ce29e2:group-46E86F648570: Took a snapshot at index 14
2019-09-10 07:29:11,224 [main] INFO  impl.RaftServerImpl (RaftServerImpl.java:lambda$shutdown$3(245)) - 7759a663-c43f-45c5-8beb-3587a0125019: shutdown group-CDCC779FB9BD
2019-09-10 07:29:11,224 [StateMachineUpdater:4e051fbd-0f49-4b75-88cf-14abc2ce29e2:group-46E86F648570] INFO  impl.StateMachineUpdater (StateMachineUpdater.java:lambda$new$0(80)) - StateMachineUpdater:4e051fbd-0f49-4b75-88cf-14abc2ce29e2:group-46E86F648570: snapshotIndex: updateIncreasingly -1 -> 14
2019-09-10 07:29:11,224 [main] INFO  util.JmxRegister (JmxRegister.java:unregister(73)) - Successfully un-registered JMX Bean with object name Ratis:service=RaftServer,group=group-CDCC779FB9BD,id=7759a663-c43f-45c5-8beb-3587a0125019
2019-09-10 07:29:11,224 [ForkJoinPool.commonPool-worker-0] INFO  impl.RaftServerImpl (ServerState.java:close(394)) - 4e051fbd-0f49-4b75-88cf-14abc2ce29e2:group-46E86F648570 closes. The last applied log index is 16
2019-09-10 07:29:11,224 [main] INFO  impl.RoleInfo (RoleInfo.java:shutdownLeaderState(104)) - 7759a663-c43f-45c5-8beb-3587a0125019: shutdown LeaderState
2019-09-10 07:29:11,225 [4e051fbd-0f49-4b75-88cf-14abc2ce29e2-SegmentedRaftLogWorker:Storage Directory /workdir/hadoop-ozone/integration-test/target/test-dir/MiniOzoneClusterImpl-86be06f9-0c34-41f8-bcfc-872cf9ac1776/datanode-2/data/ratis/71e883f5-3943-4be5-b335-46e86f648570] INFO  segmented.SegmentedRaftLogWorker (SegmentedRaftLogWorker.java:run(313)) - 4e051fbd-0f49-4b75-88cf-14abc2ce29e2-SegmentedRaftLogWorker:Storage Directory /workdir/hadoop-ozone/integration-test/target/test-dir/MiniOzoneClusterImpl-86be06f9-0c34-41f8-bcfc-872cf9ac1776/datanode-2/data/ratis/71e883f5-3943-4be5-b335-46e86f648570 was interrupted, exiting. There are 0 tasks remaining in the queue.
2019-09-10 07:29:11,225 [main] INFO  impl.PendingRequests (PendingRequests.java:sendNotLeaderResponses(202)) - 7759a663-c43f-45c5-8beb-3587a0125019-PendingRequests: sendNotLeaderResponses
2019-09-10 07:29:11,227 [ForkJoinPool.commonPool-worker-0] INFO  segmented.SegmentedRaftLogWorker (SegmentedRaftLogWorker.java:close(228)) - 4e051fbd-0f49-4b75-88cf-14abc2ce29e2-SegmentedRaftLogWorker:Storage Directory /workdir/hadoop-ozone/integration-test/target/test-dir/MiniOzoneClusterImpl-86be06f9-0c34-41f8-bcfc-872cf9ac1776/datanode-2/data/ratis/71e883f5-3943-4be5-b335-46e86f648570 close()
2019-09-10 07:29:11,227 [main] INFO  impl.StateMachineUpdater (StateMachineUpdater.java:stopAndJoin(115)) - StateMachineUpdater:7759a663-c43f-45c5-8beb-3587a0125019:group-CDCC779FB9BD: set stopIndex = 0
2019-09-10 07:29:11,230 [ForkJoinPool.commonPool-worker-0] INFO  impl.RaftServerImpl (RaftServerImpl.java:lambda$shutdown$3(245)) - 4e051fbd-0f49-4b75-88cf-14abc2ce29e2: shutdown group-CC10E6F9984D
2019-09-10 07:29:11,230 [main] INFO  impl.RaftServerImpl (ServerState.java:close(394)) - 7759a663-c43f-45c5-8beb-3587a0125019:group-CDCC779FB9BD closes. The last applied log index is 0
2019-09-10 07:29:11,231 [ForkJoinPool.commonPool-worker-0] INFO  util.JmxRegister (JmxRegister.java:unregister(73)) - Successfully un-registered JMX Bean with object name Ratis:service=RaftServer,group=group-CC10E6F9984D,id=4e051fbd-0f49-4b75-88cf-14abc2ce29e2
2019-09-10 07:29:11,231 [7759a663-c43f-45c5-8beb-3587a0125019-SegmentedRaftLogWorker:Storage Directory /workdir/hadoop-ozone/integration-test/target/test-dir/MiniOzoneClusterImpl-86be06f9-0c34-41f8-bcfc-872cf9ac1776/datanode-3/data/ratis/95cd001b-e4cd-4785-b0e7-cdcc779fb9bd] INFO  segmented.SegmentedRaftLogWorker (SegmentedRaftLogWorker.java:run(313)) - 7759a663-c43f-45c5-8beb-3587a0125019-SegmentedRaftLogWorker:Storage Directory /workdir/hadoop-ozone/integration-test/target/test-dir/MiniOzoneClusterImpl-86be06f9-0c34-41f8-bcfc-872cf9ac1776/datanode-3/data/ratis/95cd001b-e4cd-4785-b0e7-cdcc779fb9bd was interrupted, exiting. There are 0 tasks remaining in the queue.
2019-09-10 07:29:11,231 [ForkJoinPool.commonPool-worker-0] INFO  impl.RoleInfo (RoleInfo.java:shutdownLeaderState(104)) - 4e051fbd-0f49-4b75-88cf-14abc2ce29e2: shutdown LeaderState
2019-09-10 07:29:11,233 [main] INFO  segmented.SegmentedRaftLogWorker (SegmentedRaftLogWorker.java:close(228)) - 7759a663-c43f-45c5-8beb-3587a0125019-SegmentedRaftLogWorker:Storage Directory /workdir/hadoop-ozone/integration-test/target/test-dir/MiniOzoneClusterImpl-86be06f9-0c34-41f8-bcfc-872cf9ac1776/datanode-3/data/ratis/95cd001b-e4cd-4785-b0e7-cdcc779fb9bd close()
2019-09-10 07:29:11,233 [ForkJoinPool.commonPool-worker-0] INFO  impl.PendingRequests (PendingRequests.java:sendNotLeaderResponses(202)) - 4e051fbd-0f49-4b75-88cf-14abc2ce29e2-PendingRequests: sendNotLeaderResponses
2019-09-10 07:29:11,238 [main] INFO  server.GrpcService (GrpcService.java:closeImpl(155)) - 7759a663-c43f-45c5-8beb-3587a0125019: shutdown server with port 36160 now
2019-09-10 07:29:11,239 [ForkJoinPool.commonPool-worker-0] INFO  impl.StateMachineUpdater (StateMachineUpdater.java:stopAndJoin(115)) - StateMachineUpdater:4e051fbd-0f49-4b75-88cf-14abc2ce29e2:group-CC10E6F9984D: set stopIndex = 0
2019-09-10 07:29:11,239 [ForkJoinPool.commonPool-worker-0] INFO  impl.RaftServerImpl (ServerState.java:close(394)) - 4e051fbd-0f49-4b75-88cf-14abc2ce29e2:group-CC10E6F9984D closes. The last applied log index is 0
2019-09-10 07:29:11,239 [main] INFO  server.GrpcService (GrpcService.java:closeImpl(163)) - 7759a663-c43f-45c5-8beb-3587a0125019: shutdown server with port 36160 successfully
2019-09-10 07:29:11,240 [4e051fbd-0f49-4b75-88cf-14abc2ce29e2-SegmentedRaftLogWorker:Storage Directory /workdir/hadoop-ozone/integration-test/target/test-dir/MiniOzoneClusterImpl-86be06f9-0c34-41f8-bcfc-872cf9ac1776/datanode-2/data/ratis/d446dfda-d86d-4dd5-96ee-cc10e6f9984d] INFO  segmented.SegmentedRaftLogWorker (SegmentedRaftLogWorker.java:run(313)) - 4e051fbd-0f49-4b75-88cf-14abc2ce29e2-SegmentedRaftLogWorker:Storage Directory /workdir/hadoop-ozone/integration-test/target/test-dir/MiniOzoneClusterImpl-86be06f9-0c34-41f8-bcfc-872cf9ac1776/datanode-2/data/ratis/d446dfda-d86d-4dd5-96ee-cc10e6f9984d was interrupted, exiting. There are 0 tasks remaining in the queue.
2019-09-10 07:29:11,242 [ForkJoinPool.commonPool-worker-0] INFO  segmented.SegmentedRaftLogWorker (SegmentedRaftLogWorker.java:close(228)) - 4e051fbd-0f49-4b75-88cf-14abc2ce29e2-SegmentedRaftLogWorker:Storage Directory /workdir/hadoop-ozone/integration-test/target/test-dir/MiniOzoneClusterImpl-86be06f9-0c34-41f8-bcfc-872cf9ac1776/datanode-2/data/ratis/d446dfda-d86d-4dd5-96ee-cc10e6f9984d close()
2019-09-10 07:29:11,245 [main] INFO  utils.BackgroundService (BackgroundService.java:shutdown(148)) - Shutting down service BlockDeletingService
2019-09-10 07:29:11,245 [ForkJoinPool.commonPool-worker-0] INFO  server.GrpcService (GrpcService.java:closeImpl(155)) - 4e051fbd-0f49-4b75-88cf-14abc2ce29e2: shutdown server with port 42243 now
2019-09-10 07:29:11,248 [refreshUsed-/workdir/hadoop-ozone/integration-test/target/test-dir/MiniOzoneClusterImpl-86be06f9-0c34-41f8-bcfc-872cf9ac1776/datanode-3/data/containers] WARN  fs.CachingGetSpaceUsed (CachingGetSpaceUsed.java:run(183)) - Thread Interrupted waiting to refresh disk information: sleep interrupted
2019-09-10 07:29:11,249 [grpc-default-executor-11] WARN  client.GrpcClientProtocolService (LogUtils.java:warn(134)) - 1-UnorderedRequestStreamObserver1: onError: org.apache.ratis.thirdparty.io.grpc.StatusRuntimeException: CANCELLED: cancelled before receiving half close
2019-09-10 07:29:11,250 [ForkJoinPool.commonPool-worker-0] INFO  server.GrpcService (GrpcService.java:closeImpl(163)) - 4e051fbd-0f49-4b75-88cf-14abc2ce29e2: shutdown server with port 42243 successfully
2019-09-10 07:29:11,251 [ForkJoinPool.commonPool-worker-0] INFO  utils.BackgroundService (BackgroundService.java:shutdown(148)) - Shutting down service BlockDeletingService
2019-09-10 07:29:11,253 [refreshUsed-/workdir/hadoop-ozone/integration-test/target/test-dir/MiniOzoneClusterImpl-86be06f9-0c34-41f8-bcfc-872cf9ac1776/datanode-2/data/containers] WARN  fs.CachingGetSpaceUsed (CachingGetSpaceUsed.java:run(183)) - Thread Interrupted waiting to refresh disk information: sleep interrupted
2019-09-10 07:29:11,281 [main] INFO  statemachine.DatanodeStateMachine (DatanodeStateMachine.java:stopDaemon(395)) - Ozone container server stopped.
2019-09-10 07:29:11,282 [ForkJoinPool.commonPool-worker-0] INFO  statemachine.DatanodeStateMachine (DatanodeStateMachine.java:stopDaemon(395)) - Ozone container server stopped.
2019-09-10 07:29:11,288 [main] INFO  handler.ContextHandler (ContextHandler.java:doStop(910)) - Stopped o.e.j.w.WebAppContext@7442be61{/,null,UNAVAILABLE}{/hddsDatanode}
2019-09-10 07:29:11,288 [ForkJoinPool.commonPool-worker-0] INFO  handler.ContextHandler (ContextHandler.java:doStop(910)) - Stopped o.e.j.w.WebAppContext@5f171392{/,null,UNAVAILABLE}{/hddsDatanode}
2019-09-10 07:29:11,289 [main] INFO  server.AbstractConnector (AbstractConnector.java:doStop(318)) - Stopped ServerConnector@6903ef57{HTTP/1.1,[http/1.1]}{0.0.0.0:0}
2019-09-10 07:29:11,289 [ForkJoinPool.commonPool-worker-0] INFO  server.AbstractConnector (AbstractConnector.java:doStop(318)) - Stopped ServerConnector@655295bd{HTTP/1.1,[http/1.1]}{0.0.0.0:0}
2019-09-10 07:29:11,290 [main] INFO  handler.ContextHandler (ContextHandler.java:doStop(910)) - Stopped o.e.j.s.ServletContextHandler@1a5ea4cf{/static,jar:file:/home/user/.m2/repository/org/apache/hadoop/hadoop-hdds-container-service/0.5.0-SNAPSHOT/hadoop-hdds-container-service-0.5.0-SNAPSHOT.jar!/webapps/static,UNAVAILABLE}
2019-09-10 07:29:11,291 [ForkJoinPool.commonPool-worker-0] INFO  handler.ContextHandler (ContextHandler.java:doStop(910)) - Stopped o.e.j.s.ServletContextHandler@8fd3eee{/static,jar:file:/home/user/.m2/repository/org/apache/hadoop/hadoop-hdds-container-service/0.5.0-SNAPSHOT/hadoop-hdds-container-service-0.5.0-SNAPSHOT.jar!/webapps/static,UNAVAILABLE}
2019-09-10 07:29:11,291 [main] INFO  handler.ContextHandler (ContextHandler.java:doStop(910)) - Stopped o.e.j.s.ServletContextHandler@cf933b1{/logs,file:///workdir/hadoop-ozone/integration-test/target/log,UNAVAILABLE}
2019-09-10 07:29:11,293 [ForkJoinPool.commonPool-worker-0] INFO  handler.ContextHandler (ContextHandler.java:doStop(910)) - Stopped o.e.j.s.ServletContextHandler@6db99c79{/logs,file:///workdir/hadoop-ozone/integration-test/target/log,UNAVAILABLE}
2019-09-10 07:29:11,294 [main] INFO  datanode.ObjectStoreHandler (ObjectStoreHandler.java:close(155)) - Closing ObjectStoreHandler.
2019-09-10 07:29:11,294 [ForkJoinPool.commonPool-worker-0] INFO  datanode.ObjectStoreHandler (ObjectStoreHandler.java:close(155)) - Closing ObjectStoreHandler.
2019-09-10 07:29:11,295 [main] INFO  ozone.HddsDatanodeService (HddsDatanodeService.java:stop(451)) - Stopped plug-in org.apache.hadoop.ozone.web.OzoneHddsDatanodeService@3f679ce
2019-09-10 07:29:11,295 [ForkJoinPool.commonPool-worker-0] INFO  ozone.HddsDatanodeService (HddsDatanodeService.java:stop(451)) - Stopped plug-in org.apache.hadoop.ozone.web.OzoneHddsDatanodeService@136a5572
2019-09-10 07:29:11,736 [Datanode State Machine Thread - 0] INFO  statemachine.DatanodeStateMachine (DatanodeStateMachine.java:lambda$startDaemon$0(350)) - Ozone container server started.
2019-09-10 07:29:11,841 [Datanode State Machine Thread - 0] INFO  statemachine.DatanodeStateMachine (DatanodeStateMachine.java:lambda$startDaemon$0(350)) - Ozone container server started.
2019-09-10 07:29:15,782 [EventQueue-StaleNodeForStaleNodeHandler] INFO  node.StaleNodeHandler (StaleNodeHandler.java:onMessage(58)) - Datanode 4362c079-8fac-4550-ad10-f10303ad6b45{ip: 192.168.34.25, host: pr-hdds-2089-qxm8x-943445694, networkLocation: /default-rack, certSerialId: null} moved to stale state. Finalizing its pipelines [PipelineID=1a059854-e58e-47e1-a5e3-5ae8fc1d881f]
2019-09-10 07:29:15,783 [EventQueue-StaleNodeForStaleNodeHandler] INFO  pipeline.SCMPipelineManager (SCMPipelineManager.java:finalizeAndDestroyPipeline(309)) - destroying pipeline:Pipeline[ Id: 1a059854-e58e-47e1-a5e3-5ae8fc1d881f, Nodes: 4362c079-8fac-4550-ad10-f10303ad6b45{ip: 192.168.34.25, host: pr-hdds-2089-qxm8x-943445694, networkLocation: /default-rack, certSerialId: null}, Type:RATIS, Factor:ONE, State:OPEN]
2019-09-10 07:29:15,783 [EventQueue-StaleNodeForStaleNodeHandler] INFO  pipeline.PipelineStateManager (PipelineStateManager.java:finalizePipeline(123)) - Pipeline Pipeline[ Id: 1a059854-e58e-47e1-a5e3-5ae8fc1d881f, Nodes: 4362c079-8fac-4550-ad10-f10303ad6b45{ip: 192.168.34.25, host: pr-hdds-2089-qxm8x-943445694, networkLocation: /default-rack, certSerialId: null}, Type:RATIS, Factor:ONE, State:CLOSED] moved to CLOSED state
2019-09-10 07:29:15,882 [EventQueue-StaleNodeForStaleNodeHandler] INFO  node.StaleNodeHandler (StaleNodeHandler.java:onMessage(58)) - Datanode 46af15eb-d7a1-4298-86d8-4efe8ccbe229{ip: 192.168.34.25, host: pr-hdds-2089-qxm8x-943445694, networkLocation: /default-rack, certSerialId: null} moved to stale state. Finalizing its pipelines [PipelineID=71e883f5-3943-4be5-b335-46e86f648570, PipelineID=4f2d03b3-0cb1-437f-95fe-31cb3276abad]
2019-09-10 07:29:15,883 [EventQueue-StaleNodeForStaleNodeHandler] INFO  pipeline.SCMPipelineManager (SCMPipelineManager.java:finalizeAndDestroyPipeline(309)) - destroying pipeline:Pipeline[ Id: 71e883f5-3943-4be5-b335-46e86f648570, Nodes: 1534d603-c8f3-4faf-8d7a-731d484c1a61{ip: 192.168.34.25, host: pr-hdds-2089-qxm8x-943445694, networkLocation: /default-rack, certSerialId: null}46af15eb-d7a1-4298-86d8-4efe8ccbe229{ip: 192.168.34.25, host: pr-hdds-2089-qxm8x-943445694, networkLocation: /default-rack, certSerialId: null}4e051fbd-0f49-4b75-88cf-14abc2ce29e2{ip: 192.168.34.25, host: pr-hdds-2089-qxm8x-943445694, networkLocation: /default-rack, certSerialId: null}, Type:RATIS, Factor:THREE, State:CLOSED]
2019-09-10 07:29:15,883 [EventQueue-StaleNodeForStaleNodeHandler] INFO  pipeline.SCMPipelineManager (SCMPipelineManager.java:finalizeAndDestroyPipeline(309)) - destroying pipeline:Pipeline[ Id: 4f2d03b3-0cb1-437f-95fe-31cb3276abad, Nodes: 46af15eb-d7a1-4298-86d8-4efe8ccbe229{ip: 192.168.34.25, host: pr-hdds-2089-qxm8x-943445694, networkLocation: /default-rack, certSerialId: null}, Type:RATIS, Factor:ONE, State:OPEN]
2019-09-10 07:29:15,883 [EventQueue-StaleNodeForStaleNodeHandler] INFO  pipeline.PipelineStateManager (PipelineStateManager.java:finalizePipeline(123)) - Pipeline Pipeline[ Id: 4f2d03b3-0cb1-437f-95fe-31cb3276abad, Nodes: 46af15eb-d7a1-4298-86d8-4efe8ccbe229{ip: 192.168.34.25, host: pr-hdds-2089-qxm8x-943445694, networkLocation: /default-rack, certSerialId: null}, Type:RATIS, Factor:ONE, State:CLOSED] moved to CLOSED state
2019-09-10 07:29:16,295 [main] INFO  ozoneimpl.OzoneContainer (OzoneContainer.java:stop(199)) - Attempting to stop container services.
2019-09-10 07:29:16,296 [ForkJoinPool.commonPool-worker-0] INFO  ozoneimpl.OzoneContainer (OzoneContainer.java:stop(199)) - Attempting to stop container services.
2019-09-10 07:29:16,296 [ForkJoinPool.commonPool-worker-0] INFO  impl.RaftServerProxy (RaftServerProxy.java:lambda$close$4(314)) - 46af15eb-d7a1-4298-86d8-4efe8ccbe229: close
2019-09-10 07:29:16,296 [main] INFO  impl.RaftServerProxy (RaftServerProxy.java:lambda$close$4(314)) - 4362c079-8fac-4550-ad10-f10303ad6b45: close
2019-09-10 07:29:16,297 [ForkJoinPool.commonPool-worker-0] INFO  impl.RaftServerImpl (RaftServerImpl.java:lambda$shutdown$3(245)) - 46af15eb-d7a1-4298-86d8-4efe8ccbe229: shutdown group-46E86F648570
2019-09-10 07:29:16,297 [main] INFO  impl.RaftServerImpl (RaftServerImpl.java:lambda$shutdown$3(245)) - 4362c079-8fac-4550-ad10-f10303ad6b45: shutdown group-5AE8FC1D881F
2019-09-10 07:29:16,297 [ForkJoinPool.commonPool-worker-0] INFO  util.JmxRegister (JmxRegister.java:unregister(73)) - Successfully un-registered JMX Bean with object name Ratis:service=RaftServer,group=group-46E86F648570,id=46af15eb-d7a1-4298-86d8-4efe8ccbe229
2019-09-10 07:29:16,298 [main] INFO  util.JmxRegister (JmxRegister.java:unregister(73)) - Successfully un-registered JMX Bean with object name Ratis:service=RaftServer,group=group-5AE8FC1D881F,id=4362c079-8fac-4550-ad10-f10303ad6b45
2019-09-10 07:29:16,298 [main] INFO  impl.RoleInfo (RoleInfo.java:shutdownLeaderState(104)) - 4362c079-8fac-4550-ad10-f10303ad6b45: shutdown LeaderState
2019-09-10 07:29:16,298 [ForkJoinPool.commonPool-worker-0] INFO  impl.RoleInfo (RoleInfo.java:shutdownFollowerState(121)) - 46af15eb-d7a1-4298-86d8-4efe8ccbe229: shutdown FollowerState
2019-09-10 07:29:16,299 [main] INFO  impl.PendingRequests (PendingRequests.java:sendNotLeaderResponses(202)) - 4362c079-8fac-4550-ad10-f10303ad6b45-PendingRequests: sendNotLeaderResponses
2019-09-10 07:29:16,300 [StateMachineUpdater:46af15eb-d7a1-4298-86d8-4efe8ccbe229:group-46E86F648570] INFO  ratis.ContainerStateMachine (ContainerStateMachine.java:takeSnapshot(283)) - group-46E86F648570: Taking a snapshot at:(t:1, i:14) file /workdir/hadoop-ozone/integration-test/target/test-dir/MiniOzoneClusterImpl-86be06f9-0c34-41f8-bcfc-872cf9ac1776/datanode-0/data/ratis/71e883f5-3943-4be5-b335-46e86f648570/sm/snapshot.1_14
2019-09-10 07:29:16,300 [main] INFO  impl.StateMachineUpdater (StateMachineUpdater.java:stopAndJoin(115)) - StateMachineUpdater:4362c079-8fac-4550-ad10-f10303ad6b45:group-5AE8FC1D881F: set stopIndex = 0
2019-09-10 07:29:16,299 [ForkJoinPool.commonPool-worker-0] INFO  impl.StateMachineUpdater (StateMachineUpdater.java:stopAndJoin(115)) - StateMachineUpdater:46af15eb-d7a1-4298-86d8-4efe8ccbe229:group-46E86F648570: set stopIndex = 16
2019-09-10 07:29:16,299 [Thread-3356] INFO  impl.FollowerState (FollowerState.java:run(114)) - 46af15eb-d7a1-4298-86d8-4efe8ccbe229: FollowerState was interrupted: java.lang.InterruptedException: sleep interrupted
2019-09-10 07:29:16,301 [main] INFO  impl.RaftServerImpl (ServerState.java:close(394)) - 4362c079-8fac-4550-ad10-f10303ad6b45:group-5AE8FC1D881F closes. The last applied log index is 0
2019-09-10 07:29:16,304 [4362c079-8fac-4550-ad10-f10303ad6b45-SegmentedRaftLogWorker:Storage Directory /workdir/hadoop-ozone/integration-test/target/test-dir/MiniOzoneClusterImpl-86be06f9-0c34-41f8-bcfc-872cf9ac1776/datanode-6/data/ratis/1a059854-e58e-47e1-a5e3-5ae8fc1d881f] INFO  segmented.SegmentedRaftLogWorker (SegmentedRaftLogWorker.java:run(313)) - 4362c079-8fac-4550-ad10-f10303ad6b45-SegmentedRaftLogWorker:Storage Directory /workdir/hadoop-ozone/integration-test/target/test-dir/MiniOzoneClusterImpl-86be06f9-0c34-41f8-bcfc-872cf9ac1776/datanode-6/data/ratis/1a059854-e58e-47e1-a5e3-5ae8fc1d881f was interrupted, exiting. There are 0 tasks remaining in the queue.
2019-09-10 07:29:16,312 [main] INFO  segmented.SegmentedRaftLogWorker (SegmentedRaftLogWorker.java:close(228)) - 4362c079-8fac-4550-ad10-f10303ad6b45-SegmentedRaftLogWorker:Storage Directory /workdir/hadoop-ozone/integration-test/target/test-dir/MiniOzoneClusterImpl-86be06f9-0c34-41f8-bcfc-872cf9ac1776/datanode-6/data/ratis/1a059854-e58e-47e1-a5e3-5ae8fc1d881f close()
2019-09-10 07:29:16,315 [main] INFO  server.GrpcService (GrpcService.java:closeImpl(155)) - 4362c079-8fac-4550-ad10-f10303ad6b45: shutdown server with port 43589 now
2019-09-10 07:29:16,321 [main] INFO  server.GrpcService (GrpcService.java:closeImpl(163)) - 4362c079-8fac-4550-ad10-f10303ad6b45: shutdown server with port 43589 successfully
2019-09-10 07:29:16,323 [main] INFO  utils.BackgroundService (BackgroundService.java:shutdown(148)) - Shutting down service BlockDeletingService
2019-09-10 07:29:16,325 [refreshUsed-/workdir/hadoop-ozone/integration-test/target/test-dir/MiniOzoneClusterImpl-86be06f9-0c34-41f8-bcfc-872cf9ac1776/datanode-6/data/containers] WARN  fs.CachingGetSpaceUsed (CachingGetSpaceUsed.java:run(183)) - Thread Interrupted waiting to refresh disk information: sleep interrupted
2019-09-10 07:29:16,333 [StateMachineUpdater:46af15eb-d7a1-4298-86d8-4efe8ccbe229:group-46E86F648570] INFO  ratis.ContainerStateMachine (ContainerStateMachine.java:takeSnapshot(294)) - group-46E86F648570: Finished taking a snapshot at:(t:1, i:14) file:/workdir/hadoop-ozone/integration-test/target/test-dir/MiniOzoneClusterImpl-86be06f9-0c34-41f8-bcfc-872cf9ac1776/datanode-0/data/ratis/71e883f5-3943-4be5-b335-46e86f648570/sm/snapshot.1_14 time:34
2019-09-10 07:29:16,333 [StateMachineUpdater:46af15eb-d7a1-4298-86d8-4efe8ccbe229:group-46E86F648570] INFO  impl.StateMachineUpdater (StateMachineUpdater.java:takeSnapshot(242)) - StateMachineUpdater:46af15eb-d7a1-4298-86d8-4efe8ccbe229:group-46E86F648570: Took a snapshot at index 14
2019-09-10 07:29:16,334 [StateMachineUpdater:46af15eb-d7a1-4298-86d8-4efe8ccbe229:group-46E86F648570] INFO  impl.StateMachineUpdater (StateMachineUpdater.java:lambda$new$0(80)) - StateMachineUpdater:46af15eb-d7a1-4298-86d8-4efe8ccbe229:group-46E86F648570: snapshotIndex: updateIncreasingly -1 -> 14
2019-09-10 07:29:16,334 [ForkJoinPool.commonPool-worker-0] INFO  impl.RaftServerImpl (ServerState.java:close(394)) - 46af15eb-d7a1-4298-86d8-4efe8ccbe229:group-46E86F648570 closes. The last applied log index is 16
2019-09-10 07:29:16,335 [46af15eb-d7a1-4298-86d8-4efe8ccbe229-SegmentedRaftLogWorker:Storage Directory /workdir/hadoop-ozone/integration-test/target/test-dir/MiniOzoneClusterImpl-86be06f9-0c34-41f8-bcfc-872cf9ac1776/datanode-0/data/ratis/71e883f5-3943-4be5-b335-46e86f648570] INFO  segmented.SegmentedRaftLogWorker (SegmentedRaftLogWorker.java:run(313)) - 46af15eb-d7a1-4298-86d8-4efe8ccbe229-SegmentedRaftLogWorker:Storage Directory /workdir/hadoop-ozone/integration-test/target/test-dir/MiniOzoneClusterImpl-86be06f9-0c34-41f8-bcfc-872cf9ac1776/datanode-0/data/ratis/71e883f5-3943-4be5-b335-46e86f648570 was interrupted, exiting. There are 0 tasks remaining in the queue.
2019-09-10 07:29:16,338 [ForkJoinPool.commonPool-worker-0] INFO  segmented.SegmentedRaftLogWorker (SegmentedRaftLogWorker.java:close(228)) - 46af15eb-d7a1-4298-86d8-4efe8ccbe229-SegmentedRaftLogWorker:Storage Directory /workdir/hadoop-ozone/integration-test/target/test-dir/MiniOzoneClusterImpl-86be06f9-0c34-41f8-bcfc-872cf9ac1776/datanode-0/data/ratis/71e883f5-3943-4be5-b335-46e86f648570 close()
2019-09-10 07:29:16,343 [ForkJoinPool.commonPool-worker-0] INFO  impl.RaftServerImpl (RaftServerImpl.java:lambda$shutdown$3(245)) - 46af15eb-d7a1-4298-86d8-4efe8ccbe229: shutdown group-31CB3276ABAD
2019-09-10 07:29:16,344 [ForkJoinPool.commonPool-worker-0] INFO  util.JmxRegister (JmxRegister.java:unregister(73)) - Successfully un-registered JMX Bean with object name Ratis:service=RaftServer,group=group-31CB3276ABAD,id=46af15eb-d7a1-4298-86d8-4efe8ccbe229
2019-09-10 07:29:16,344 [ForkJoinPool.commonPool-worker-0] INFO  impl.RoleInfo (RoleInfo.java:shutdownLeaderState(104)) - 46af15eb-d7a1-4298-86d8-4efe8ccbe229: shutdown LeaderState
2019-09-10 07:29:16,344 [ForkJoinPool.commonPool-worker-0] INFO  impl.PendingRequests (PendingRequests.java:sendNotLeaderResponses(202)) - 46af15eb-d7a1-4298-86d8-4efe8ccbe229-PendingRequests: sendNotLeaderResponses
2019-09-10 07:29:16,345 [ForkJoinPool.commonPool-worker-0] INFO  impl.StateMachineUpdater (StateMachineUpdater.java:stopAndJoin(115)) - StateMachineUpdater:46af15eb-d7a1-4298-86d8-4efe8ccbe229:group-31CB3276ABAD: set stopIndex = 0
2019-09-10 07:29:16,345 [ForkJoinPool.commonPool-worker-0] INFO  impl.RaftServerImpl (ServerState.java:close(394)) - 46af15eb-d7a1-4298-86d8-4efe8ccbe229:group-31CB3276ABAD closes. The last applied log index is 0
2019-09-10 07:29:16,345 [46af15eb-d7a1-4298-86d8-4efe8ccbe229-SegmentedRaftLogWorker:Storage Directory /workdir/hadoop-ozone/integration-test/target/test-dir/MiniOzoneClusterImpl-86be06f9-0c34-41f8-bcfc-872cf9ac1776/datanode-0/data/ratis/4f2d03b3-0cb1-437f-95fe-31cb3276abad] INFO  segmented.SegmentedRaftLogWorker (SegmentedRaftLogWorker.java:run(313)) - 46af15eb-d7a1-4298-86d8-4efe8ccbe229-SegmentedRaftLogWorker:Storage Directory /workdir/hadoop-ozone/integration-test/target/test-dir/MiniOzoneClusterImpl-86be06f9-0c34-41f8-bcfc-872cf9ac1776/datanode-0/data/ratis/4f2d03b3-0cb1-437f-95fe-31cb3276abad was interrupted, exiting. There are 0 tasks remaining in the queue.
2019-09-10 07:29:16,346 [ForkJoinPool.commonPool-worker-0] INFO  segmented.SegmentedRaftLogWorker (SegmentedRaftLogWorker.java:close(228)) - 46af15eb-d7a1-4298-86d8-4efe8ccbe229-SegmentedRaftLogWorker:Storage Directory /workdir/hadoop-ozone/integration-test/target/test-dir/MiniOzoneClusterImpl-86be06f9-0c34-41f8-bcfc-872cf9ac1776/datanode-0/data/ratis/4f2d03b3-0cb1-437f-95fe-31cb3276abad close()
2019-09-10 07:29:16,347 [ForkJoinPool.commonPool-worker-0] INFO  server.GrpcService (GrpcService.java:closeImpl(155)) - 46af15eb-d7a1-4298-86d8-4efe8ccbe229: shutdown server with port 44298 now
2019-09-10 07:29:16,348 [ForkJoinPool.commonPool-worker-0] INFO  server.GrpcService (GrpcService.java:closeImpl(163)) - 46af15eb-d7a1-4298-86d8-4efe8ccbe229: shutdown server with port 44298 successfully
2019-09-10 07:29:16,350 [ForkJoinPool.commonPool-worker-0] INFO  utils.BackgroundService (BackgroundService.java:shutdown(148)) - Shutting down service BlockDeletingService
2019-09-10 07:29:16,354 [main] INFO  statemachine.DatanodeStateMachine (DatanodeStateMachine.java:stopDaemon(395)) - Ozone container server stopped.
2019-09-10 07:29:16,356 [refreshUsed-/workdir/hadoop-ozone/integration-test/target/test-dir/MiniOzoneClusterImpl-86be06f9-0c34-41f8-bcfc-872cf9ac1776/datanode-0/data/containers] WARN  fs.CachingGetSpaceUsed (CachingGetSpaceUsed.java:run(183)) - Thread Interrupted waiting to refresh disk information: sleep interrupted
2019-09-10 07:29:16,359 [main] INFO  handler.ContextHandler (ContextHandler.java:doStop(910)) - Stopped o.e.j.w.WebAppContext@438fcca3{/,null,UNAVAILABLE}{/hddsDatanode}
2019-09-10 07:29:16,361 [main] INFO  server.AbstractConnector (AbstractConnector.java:doStop(318)) - Stopped ServerConnector@41c7ef69{HTTP/1.1,[http/1.1]}{0.0.0.0:0}
2019-09-10 07:29:16,361 [main] INFO  handler.ContextHandler (ContextHandler.java:doStop(910)) - Stopped o.e.j.s.ServletContextHandler@65067d90{/static,jar:file:/home/user/.m2/repository/org/apache/hadoop/hadoop-hdds-container-service/0.5.0-SNAPSHOT/hadoop-hdds-container-service-0.5.0-SNAPSHOT.jar!/webapps/static,UNAVAILABLE}
2019-09-10 07:29:16,362 [main] INFO  handler.ContextHandler (ContextHandler.java:doStop(910)) - Stopped o.e.j.s.ServletContextHandler@7f0b32c0{/logs,file:///workdir/hadoop-ozone/integration-test/target/log,UNAVAILABLE}
2019-09-10 07:29:16,378 [ForkJoinPool.commonPool-worker-0] INFO  statemachine.DatanodeStateMachine (DatanodeStateMachine.java:stopDaemon(395)) - Ozone container server stopped.
2019-09-10 07:29:16,382 [ForkJoinPool.commonPool-worker-0] INFO  handler.ContextHandler (ContextHandler.java:doStop(910)) - Stopped o.e.j.w.WebAppContext@2c555efb{/,null,UNAVAILABLE}{/hddsDatanode}
2019-09-10 07:29:16,382 [ForkJoinPool.commonPool-worker-0] INFO  server.AbstractConnector (AbstractConnector.java:doStop(318)) - Stopped ServerConnector@17796f47{HTTP/1.1,[http/1.1]}{0.0.0.0:0}
2019-09-10 07:29:16,384 [ForkJoinPool.commonPool-worker-0] INFO  handler.ContextHandler (ContextHandler.java:doStop(910)) - Stopped o.e.j.s.ServletContextHandler@12e8ea81{/static,jar:file:/home/user/.m2/repository/org/apache/hadoop/hadoop-hdds-container-service/0.5.0-SNAPSHOT/hadoop-hdds-container-service-0.5.0-SNAPSHOT.jar!/webapps/static,UNAVAILABLE}
2019-09-10 07:29:16,385 [ForkJoinPool.commonPool-worker-0] INFO  handler.ContextHandler (ContextHandler.java:doStop(910)) - Stopped o.e.j.s.ServletContextHandler@639c5ab4{/logs,file:///workdir/hadoop-ozone/integration-test/target/log,UNAVAILABLE}
2019-09-10 07:29:16,386 [main] INFO  ozone.MiniOzoneClusterImpl (MiniOzoneClusterImpl.java:stop(353)) - Stopping the StorageContainerManager
2019-09-10 07:29:16,386 [main] INFO  server.StorageContainerManager (StorageContainerManager.java:stop(797)) - Stopping Replication Manager Service.
2019-09-10 07:29:16,386 [main] INFO  container.ReplicationManager (ReplicationManager.java:stop(193)) - Stopping Replication Monitor Thread.
2019-09-10 07:29:16,386 [main] INFO  server.StorageContainerManager (StorageContainerManager.java:stop(804)) - Stopping Lease Manager of the command watchers
2019-09-10 07:29:16,387 [main] INFO  server.StorageContainerManager (StorageContainerManager.java:stop(811)) - Stopping datanode service RPC server
2019-09-10 07:29:16,387 [main] INFO  server.SCMDatanodeProtocolServer (SCMDatanodeProtocolServer.java:stop(367)) - Stopping the RPC server for DataNodes
2019-09-10 07:29:16,387 [main] INFO  ipc.Server (Server.java:stop(3082)) - Stopping server on 44335
2019-09-10 07:29:16,389 [IPC Server listener on 44335] INFO  ipc.Server (Server.java:run(1185)) - Stopping IPC Server listener on 44335
2019-09-10 07:29:16,390 [IPC Server Responder] INFO  ipc.Server (Server.java:run(1319)) - Stopping IPC Server Responder
2019-09-10 07:29:16,484 [SCM Heartbeat Processing Thread - 0] WARN  node.NodeStateManager (NodeStateManager.java:scheduleNextHealthCheck(655)) - Current Thread is interrupted, shutting down HB processing thread for Node Manager.
2019-09-10 07:29:16,484 [main] INFO  server.StorageContainerManager (StorageContainerManager.java:stop(819)) - Stopping block service RPC server
2019-09-10 07:29:16,485 [main] INFO  server.SCMBlockProtocolServer (SCMBlockProtocolServer.java:stop(148)) - Stopping the RPC server for Block Protocol
2019-09-10 07:29:16,485 [main] INFO  ipc.Server (Server.java:stop(3082)) - Stopping server on 34096
2019-09-10 07:29:16,487 [IPC Server listener on 34096] INFO  ipc.Server (Server.java:run(1185)) - Stopping IPC Server listener on 34096
2019-09-10 07:29:16,488 [main] INFO  server.StorageContainerManager (StorageContainerManager.java:stop(826)) - Stopping the StorageContainerLocationProtocol RPC server
2019-09-10 07:29:16,488 [main] INFO  server.SCMClientProtocolServer (SCMClientProtocolServer.java:stop(159)) - Stopping the RPC server for Client Protocol
2019-09-10 07:29:16,490 [main] INFO  ipc.Server (Server.java:stop(3082)) - Stopping server on 43268
2019-09-10 07:29:16,490 [IPC Server Responder] INFO  ipc.Server (Server.java:run(1319)) - Stopping IPC Server Responder
2019-09-10 07:29:16,492 [IPC Server listener on 43268] INFO  ipc.Server (Server.java:run(1185)) - Stopping IPC Server listener on 43268
2019-09-10 07:29:16,492 [main] INFO  server.StorageContainerManager (StorageContainerManager.java:stop(833)) - Stopping Storage Container Manager HTTP server.
2019-09-10 07:29:16,493 [IPC Server Responder] INFO  ipc.Server (Server.java:run(1319)) - Stopping IPC Server Responder
2019-09-10 07:29:16,494 [main] INFO  handler.ContextHandler (ContextHandler.java:doStop(910)) - Stopped o.e.j.w.WebAppContext@2cc7b63d{/,null,UNAVAILABLE}{/scm}
2019-09-10 07:29:16,495 [main] INFO  server.AbstractConnector (AbstractConnector.java:doStop(318)) - Stopped ServerConnector@6179551b{HTTP/1.1,[http/1.1]}{0.0.0.0:0}
2019-09-10 07:29:16,496 [main] INFO  handler.ContextHandler (ContextHandler.java:doStop(910)) - Stopped o.e.j.s.ServletContextHandler@6b3a1151{/static,file:///workdir/hadoop-ozone/integration-test/target/test-classes/webapps/static,UNAVAILABLE}
2019-09-10 07:29:16,496 [main] INFO  handler.ContextHandler (ContextHandler.java:doStop(910)) - Stopped o.e.j.s.ServletContextHandler@194a653d{/logs,file:///workdir/hadoop-ozone/integration-test/target/log,UNAVAILABLE}
2019-09-10 07:29:16,497 [main] INFO  server.StorageContainerManager (StorageContainerManager.java:stop(844)) - Stopping Block Manager Service.
2019-09-10 07:29:16,497 [main] INFO  utils.BackgroundService (BackgroundService.java:shutdown(148)) - Shutting down service SCMBlockDeletingService
2019-09-10 07:29:16,498 [main] INFO  utils.BackgroundService (BackgroundService.java:shutdown(148)) - Shutting down service SCMBlockDeletingService
2019-09-10 07:29:16,498 [main] INFO  server.StorageContainerManager (StorageContainerManager.java:stop(866)) - Stopping SCM Event Queue.
2019-09-10 07:29:16,504 [main] INFO  impl.MetricsSystemImpl (MetricsSystemImpl.java:stop(210)) - Stopping HddsDatanode metrics system...
2019-09-10 07:29:16,517 [main] INFO  impl.MetricsSystemImpl (MetricsSystemImpl.java:stop(216)) - HddsDatanode metrics system stopped.
]]></system-out>
    <system-err><![CDATA[Sep 10, 2019 7:28:39 AM com.sun.jersey.server.impl.application.WebApplicationImpl _initiate
INFO: Initiating Jersey application, version 'Jersey: 1.19 02/11/2015 03:25 AM'
Sep 10, 2019 7:28:39 AM com.sun.jersey.server.impl.application.WebApplicationImpl _initiate
INFO: Initiating Jersey application, version 'Jersey: 1.19 02/11/2015 03:25 AM'
Sep 10, 2019 7:28:39 AM com.sun.jersey.server.impl.application.WebApplicationImpl _initiate
INFO: Initiating Jersey application, version 'Jersey: 1.19 02/11/2015 03:25 AM'
Sep 10, 2019 7:28:39 AM com.sun.jersey.server.impl.application.WebApplicationImpl _initiate
INFO: Initiating Jersey application, version 'Jersey: 1.19 02/11/2015 03:25 AM'
Sep 10, 2019 7:28:40 AM com.sun.jersey.server.impl.application.WebApplicationImpl _initiate
INFO: Initiating Jersey application, version 'Jersey: 1.19 02/11/2015 03:25 AM'
Sep 10, 2019 7:28:40 AM com.sun.jersey.server.impl.application.WebApplicationImpl _initiate
INFO: Initiating Jersey application, version 'Jersey: 1.19 02/11/2015 03:25 AM'
Sep 10, 2019 7:28:40 AM com.sun.jersey.server.impl.application.WebApplicationImpl _initiate
INFO: Initiating Jersey application, version 'Jersey: 1.19 02/11/2015 03:25 AM'
Sep 10, 2019 7:28:43 AM org.apache.ratis.thirdparty.io.grpc.internal.ManagedChannelOrphanWrapper$ManagedChannelReference cleanQueue
SEVERE: *~*~*~ Channel ManagedChannelImpl{logId=2661, target=192.168.34.25:39436} was not shutdown properly!!! ~*~*~*
    Make sure to call shutdown()/shutdownNow() and wait until awaitTermination() returns true.
java.lang.RuntimeException: ManagedChannel allocation site
	at org.apache.ratis.thirdparty.io.grpc.internal.ManagedChannelOrphanWrapper$ManagedChannelReference.<init>(ManagedChannelOrphanWrapper.java:103)
	at org.apache.ratis.thirdparty.io.grpc.internal.ManagedChannelOrphanWrapper.<init>(ManagedChannelOrphanWrapper.java:53)
	at org.apache.ratis.thirdparty.io.grpc.internal.ManagedChannelOrphanWrapper.<init>(ManagedChannelOrphanWrapper.java:44)
	at org.apache.ratis.thirdparty.io.grpc.internal.AbstractManagedChannelImplBuilder.build(AbstractManagedChannelImplBuilder.java:411)
	at org.apache.hadoop.hdds.scm.XceiverClientGrpc.connectToDatanode(XceiverClientGrpc.java:175)
	at org.apache.hadoop.hdds.scm.XceiverClientGrpc.reconnect(XceiverClientGrpc.java:423)
	at org.apache.hadoop.hdds.scm.XceiverClientGrpc.sendCommandAsync(XceiverClientGrpc.java:372)
	at org.apache.hadoop.hdds.scm.XceiverClientGrpc.sendCommandWithRetry(XceiverClientGrpc.java:285)
	at org.apache.hadoop.hdds.scm.XceiverClientGrpc.sendCommandWithTraceIDAndRetry(XceiverClientGrpc.java:251)
	at org.apache.hadoop.hdds.scm.XceiverClientGrpc.sendCommand(XceiverClientGrpc.java:234)
	at org.apache.hadoop.hdds.scm.storage.ContainerProtocolCalls.getBlock(ContainerProtocolCalls.java:118)
	at org.apache.hadoop.hdds.scm.storage.BlockInputStream.getChunkInfos(BlockInputStream.java:167)
	at org.apache.hadoop.hdds.scm.storage.BlockInputStream.initialize(BlockInputStream.java:118)
	at org.apache.hadoop.hdds.scm.storage.BlockInputStream.read(BlockInputStream.java:222)
	at org.apache.hadoop.ozone.client.io.KeyInputStream.read(KeyInputStream.java:171)
	at org.apache.hadoop.ozone.client.io.OzoneInputStream.read(OzoneInputStream.java:47)
	at java.io.InputStream.read(InputStream.java:101)
	at org.apache.hadoop.ozone.container.ContainerTestHelper.validateData(ContainerTestHelper.java:713)
	at org.apache.hadoop.ozone.client.rpc.TestBlockOutputStreamWithFailures.validateData(TestBlockOutputStreamWithFailures.java:1216)
	at org.apache.hadoop.ozone.client.rpc.TestBlockOutputStreamWithFailures.testWatchForCommitWithSingleNodeRatis(TestBlockOutputStreamWithFailures.java:918)
	at sun.reflect.NativeMethodAccessorImpl.invoke0(Native Method)
	at sun.reflect.NativeMethodAccessorImpl.invoke(NativeMethodAccessorImpl.java:62)
	at sun.reflect.DelegatingMethodAccessorImpl.invoke(DelegatingMethodAccessorImpl.java:43)
	at java.lang.reflect.Method.invoke(Method.java:498)
	at org.junit.runners.model.FrameworkMethod$1.runReflectiveCall(FrameworkMethod.java:47)
	at org.junit.internal.runners.model.ReflectiveCallable.run(ReflectiveCallable.java:12)
	at org.junit.runners.model.FrameworkMethod.invokeExplosively(FrameworkMethod.java:44)
	at org.junit.internal.runners.statements.InvokeMethod.evaluate(InvokeMethod.java:17)
	at org.junit.internal.runners.statements.RunBefores.evaluate(RunBefores.java:26)
	at org.junit.internal.runners.statements.RunAfters.evaluate(RunAfters.java:27)
	at org.junit.runners.ParentRunner.runLeaf(ParentRunner.java:271)
	at org.junit.runners.BlockJUnit4ClassRunner.runChild(BlockJUnit4ClassRunner.java:70)
	at org.junit.runners.BlockJUnit4ClassRunner.runChild(BlockJUnit4ClassRunner.java:50)
	at org.junit.runners.ParentRunner$3.run(ParentRunner.java:238)
	at org.junit.runners.ParentRunner$1.schedule(ParentRunner.java:63)
	at org.junit.runners.ParentRunner.runChildren(ParentRunner.java:236)
	at org.junit.runners.ParentRunner.access$000(ParentRunner.java:53)
	at org.junit.runners.ParentRunner$2.evaluate(ParentRunner.java:229)
	at org.junit.runners.ParentRunner.run(ParentRunner.java:309)
	at org.apache.maven.surefire.junit4.JUnit4Provider.execute(JUnit4Provider.java:365)
	at org.apache.maven.surefire.junit4.JUnit4Provider.executeWithRerun(JUnit4Provider.java:273)
	at org.apache.maven.surefire.junit4.JUnit4Provider.executeTestSet(JUnit4Provider.java:238)
	at org.apache.maven.surefire.junit4.JUnit4Provider.invoke(JUnit4Provider.java:159)
	at org.apache.maven.surefire.booter.ForkedBooter.invokeProviderInSameClassLoader(ForkedBooter.java:384)
	at org.apache.maven.surefire.booter.ForkedBooter.runSuitesInProcess(ForkedBooter.java:345)
	at org.apache.maven.surefire.booter.ForkedBooter.execute(ForkedBooter.java:126)
	at org.apache.maven.surefire.booter.ForkedBooter.main(ForkedBooter.java:418)

Sep 10, 2019 7:28:43 AM org.apache.ratis.thirdparty.io.grpc.internal.ManagedChannelOrphanWrapper$ManagedChannelReference cleanQueue
SEVERE: *~*~*~ Channel ManagedChannelImpl{logId=2656, target=192.168.34.25:42428} was not shutdown properly!!! ~*~*~*
    Make sure to call shutdown()/shutdownNow() and wait until awaitTermination() returns true.
java.lang.RuntimeException: ManagedChannel allocation site
	at org.apache.ratis.thirdparty.io.grpc.internal.ManagedChannelOrphanWrapper$ManagedChannelReference.<init>(ManagedChannelOrphanWrapper.java:103)
	at org.apache.ratis.thirdparty.io.grpc.internal.ManagedChannelOrphanWrapper.<init>(ManagedChannelOrphanWrapper.java:53)
	at org.apache.ratis.thirdparty.io.grpc.internal.ManagedChannelOrphanWrapper.<init>(ManagedChannelOrphanWrapper.java:44)
	at org.apache.ratis.thirdparty.io.grpc.internal.AbstractManagedChannelImplBuilder.build(AbstractManagedChannelImplBuilder.java:411)
	at org.apache.ratis.grpc.client.GrpcClientProtocolClient.<init>(GrpcClientProtocolClient.java:119)
	at org.apache.ratis.grpc.client.GrpcClientRpc.lambda$new$0(GrpcClientRpc.java:55)
	at org.apache.ratis.util.PeerProxyMap$PeerAndProxy.lambda$getProxy$0(PeerProxyMap.java:61)
	at org.apache.ratis.util.LifeCycle.startAndTransition(LifeCycle.java:202)
	at org.apache.ratis.util.PeerProxyMap$PeerAndProxy.getProxy(PeerProxyMap.java:60)
	at org.apache.ratis.util.PeerProxyMap.getProxy(PeerProxyMap.java:107)
	at org.apache.ratis.grpc.client.GrpcClientRpc.sendRequestAsync(GrpcClientRpc.java:66)
	at org.apache.ratis.client.impl.OrderedAsync.sendRequest(OrderedAsync.java:208)
	at org.apache.ratis.client.impl.OrderedAsync.sendRequestWithRetry(OrderedAsync.java:169)
	at org.apache.ratis.util.SlidingWindow$Client.sendOrDelayRequest(SlidingWindow.java:278)
	at org.apache.ratis.util.SlidingWindow$Client.submitNewRequest(SlidingWindow.java:257)
	at org.apache.ratis.client.impl.OrderedAsync.send(OrderedAsync.java:155)
	at org.apache.ratis.client.impl.RaftClientImpl.sendAsync(RaftClientImpl.java:145)
	at org.apache.ratis.client.impl.RaftClientImpl.sendAsync(RaftClientImpl.java:125)
	at org.apache.hadoop.hdds.scm.XceiverClientRatis.sendRequestAsync(XceiverClientRatis.java:224)
	at org.apache.hadoop.hdds.scm.XceiverClientRatis.sendCommandAsync(XceiverClientRatis.java:302)
	at org.apache.hadoop.hdds.scm.storage.ContainerProtocolCalls.writeChunkAsync(ContainerProtocolCalls.java:310)
	at org.apache.hadoop.hdds.scm.storage.BlockOutputStream.writeChunkToContainer(BlockOutputStream.java:601)
	at org.apache.hadoop.hdds.scm.storage.BlockOutputStream.writeChunk(BlockOutputStream.java:459)
	at org.apache.hadoop.hdds.scm.storage.BlockOutputStream.writeOnRetry(BlockOutputStream.java:285)
	at org.apache.hadoop.ozone.client.io.BlockOutputStreamEntry.writeOnRetry(BlockOutputStreamEntry.java:200)
	at org.apache.hadoop.ozone.client.io.KeyOutputStream.handleWrite(KeyOutputStream.java:209)
	at org.apache.hadoop.ozone.client.io.KeyOutputStream.handleRetry(KeyOutputStream.java:376)
	at org.apache.hadoop.ozone.client.io.KeyOutputStream.handleException(KeyOutputStream.java:325)
	at org.apache.hadoop.ozone.client.io.KeyOutputStream.handleFlushOrClose(KeyOutputStream.java:448)
	at org.apache.hadoop.ozone.client.io.KeyOutputStream.handleWrite(KeyOutputStream.java:235)
	at org.apache.hadoop.ozone.client.io.KeyOutputStream.write(KeyOutputStream.java:193)
	at org.apache.hadoop.ozone.client.io.OzoneOutputStream.write(OzoneOutputStream.java:49)
	at java.io.OutputStream.write(OutputStream.java:75)
	at org.apache.hadoop.ozone.client.rpc.TestBlockOutputStreamWithFailures.testWatchForCommitWithSingleNodeRatis(TestBlockOutputStreamWithFailures.java:885)
	at sun.reflect.NativeMethodAccessorImpl.invoke0(Native Method)
	at sun.reflect.NativeMethodAccessorImpl.invoke(NativeMethodAccessorImpl.java:62)
	at sun.reflect.DelegatingMethodAccessorImpl.invoke(DelegatingMethodAccessorImpl.java:43)
	at java.lang.reflect.Method.invoke(Method.java:498)
	at org.junit.runners.model.FrameworkMethod$1.runReflectiveCall(FrameworkMethod.java:47)
	at org.junit.internal.runners.model.ReflectiveCallable.run(ReflectiveCallable.java:12)
	at org.junit.runners.model.FrameworkMethod.invokeExplosively(FrameworkMethod.java:44)
	at org.junit.internal.runners.statements.InvokeMethod.evaluate(InvokeMethod.java:17)
	at org.junit.internal.runners.statements.RunBefores.evaluate(RunBefores.java:26)
	at org.junit.internal.runners.statements.RunAfters.evaluate(RunAfters.java:27)
	at org.junit.runners.ParentRunner.runLeaf(ParentRunner.java:271)
	at org.junit.runners.BlockJUnit4ClassRunner.runChild(BlockJUnit4ClassRunner.java:70)
	at org.junit.runners.BlockJUnit4ClassRunner.runChild(BlockJUnit4ClassRunner.java:50)
	at org.junit.runners.ParentRunner$3.run(ParentRunner.java:238)
	at org.junit.runners.ParentRunner$1.schedule(ParentRunner.java:63)
	at org.junit.runners.ParentRunner.runChildren(ParentRunner.java:236)
	at org.junit.runners.ParentRunner.access$000(ParentRunner.java:53)
	at org.junit.runners.ParentRunner$2.evaluate(ParentRunner.java:229)
	at org.junit.runners.ParentRunner.run(ParentRunner.java:309)
	at org.apache.maven.surefire.junit4.JUnit4Provider.execute(JUnit4Provider.java:365)
	at org.apache.maven.surefire.junit4.JUnit4Provider.executeWithRerun(JUnit4Provider.java:273)
	at org.apache.maven.surefire.junit4.JUnit4Provider.executeTestSet(JUnit4Provider.java:238)
	at org.apache.maven.surefire.junit4.JUnit4Provider.invoke(JUnit4Provider.java:159)
	at org.apache.maven.surefire.booter.ForkedBooter.invokeProviderInSameClassLoader(ForkedBooter.java:384)
	at org.apache.maven.surefire.booter.ForkedBooter.runSuitesInProcess(ForkedBooter.java:345)
	at org.apache.maven.surefire.booter.ForkedBooter.execute(ForkedBooter.java:126)
	at org.apache.maven.surefire.booter.ForkedBooter.main(ForkedBooter.java:418)

Sep 10, 2019 7:28:43 AM org.apache.ratis.thirdparty.io.grpc.internal.ManagedChannelOrphanWrapper$ManagedChannelReference cleanQueue
SEVERE: *~*~*~ Channel ManagedChannelImpl{logId=2651, target=192.168.34.25:35442} was not shutdown properly!!! ~*~*~*
    Make sure to call shutdown()/shutdownNow() and wait until awaitTermination() returns true.
java.lang.RuntimeException: ManagedChannel allocation site
	at org.apache.ratis.thirdparty.io.grpc.internal.ManagedChannelOrphanWrapper$ManagedChannelReference.<init>(ManagedChannelOrphanWrapper.java:103)
	at org.apache.ratis.thirdparty.io.grpc.internal.ManagedChannelOrphanWrapper.<init>(ManagedChannelOrphanWrapper.java:53)
	at org.apache.ratis.thirdparty.io.grpc.internal.ManagedChannelOrphanWrapper.<init>(ManagedChannelOrphanWrapper.java:44)
	at org.apache.ratis.thirdparty.io.grpc.internal.AbstractManagedChannelImplBuilder.build(AbstractManagedChannelImplBuilder.java:411)
	at org.apache.ratis.grpc.client.GrpcClientProtocolClient.<init>(GrpcClientProtocolClient.java:119)
	at org.apache.ratis.grpc.client.GrpcClientRpc.lambda$new$0(GrpcClientRpc.java:55)
	at org.apache.ratis.util.PeerProxyMap$PeerAndProxy.lambda$getProxy$0(PeerProxyMap.java:61)
	at org.apache.ratis.util.LifeCycle.startAndTransition(LifeCycle.java:202)
	at org.apache.ratis.util.PeerProxyMap$PeerAndProxy.getProxy(PeerProxyMap.java:60)
	at org.apache.ratis.util.PeerProxyMap.getProxy(PeerProxyMap.java:107)
	at org.apache.ratis.grpc.client.GrpcClientRpc.sendRequestAsync(GrpcClientRpc.java:66)
	at org.apache.ratis.client.impl.OrderedAsync.sendRequest(OrderedAsync.java:208)
	at org.apache.ratis.client.impl.OrderedAsync.sendRequestWithRetry(OrderedAsync.java:169)
	at org.apache.ratis.util.SlidingWindow$Client.sendOrDelayRequest(SlidingWindow.java:278)
	at org.apache.ratis.util.SlidingWindow$Client.retry(SlidingWindow.java:294)
	at org.apache.ratis.client.impl.OrderedAsync.lambda$scheduleWithTimeout$7(OrderedAsync.java:195)
	at org.apache.ratis.util.TimeoutScheduler.lambda$onTimeout$0(TimeoutScheduler.java:85)
	at org.apache.ratis.util.TimeoutScheduler.lambda$onTimeout$1(TimeoutScheduler.java:104)
	at org.apache.ratis.util.LogUtils.runAndLog(LogUtils.java:50)
	at org.apache.ratis.util.LogUtils$1.run(LogUtils.java:91)
	at java.util.concurrent.Executors$RunnableAdapter.call(Executors.java:511)
	at java.util.concurrent.FutureTask.run(FutureTask.java:266)
	at java.util.concurrent.ScheduledThreadPoolExecutor$ScheduledFutureTask.access$201(ScheduledThreadPoolExecutor.java:180)
	at java.util.concurrent.ScheduledThreadPoolExecutor$ScheduledFutureTask.run(ScheduledThreadPoolExecutor.java:293)
	at java.util.concurrent.ThreadPoolExecutor.runWorker(ThreadPoolExecutor.java:1149)
	at java.util.concurrent.ThreadPoolExecutor$Worker.run(ThreadPoolExecutor.java:624)
	at java.lang.Thread.run(Thread.java:748)

Sep 10, 2019 7:28:43 AM org.apache.ratis.thirdparty.io.grpc.internal.ManagedChannelOrphanWrapper$ManagedChannelReference cleanQueue
SEVERE: *~*~*~ Channel ManagedChannelImpl{logId=2666, target=192.168.34.25:45770} was not shutdown properly!!! ~*~*~*
    Make sure to call shutdown()/shutdownNow() and wait until awaitTermination() returns true.
java.lang.RuntimeException: ManagedChannel allocation site
	at org.apache.ratis.thirdparty.io.grpc.internal.ManagedChannelOrphanWrapper$ManagedChannelReference.<init>(ManagedChannelOrphanWrapper.java:103)
	at org.apache.ratis.thirdparty.io.grpc.internal.ManagedChannelOrphanWrapper.<init>(ManagedChannelOrphanWrapper.java:53)
	at org.apache.ratis.thirdparty.io.grpc.internal.ManagedChannelOrphanWrapper.<init>(ManagedChannelOrphanWrapper.java:44)
	at org.apache.ratis.thirdparty.io.grpc.internal.AbstractManagedChannelImplBuilder.build(AbstractManagedChannelImplBuilder.java:411)
	at org.apache.hadoop.hdds.scm.XceiverClientGrpc.connectToDatanode(XceiverClientGrpc.java:175)
	at org.apache.hadoop.hdds.scm.XceiverClientGrpc.reconnect(XceiverClientGrpc.java:423)
	at org.apache.hadoop.hdds.scm.XceiverClientGrpc.sendCommandAsync(XceiverClientGrpc.java:372)
	at org.apache.hadoop.hdds.scm.XceiverClientGrpc.sendCommandWithRetry(XceiverClientGrpc.java:285)
	at org.apache.hadoop.hdds.scm.XceiverClientGrpc.sendCommandWithTraceIDAndRetry(XceiverClientGrpc.java:251)
	at org.apache.hadoop.hdds.scm.XceiverClientGrpc.sendCommand(XceiverClientGrpc.java:234)
	at org.apache.hadoop.hdds.scm.storage.ContainerProtocolCalls.getBlock(ContainerProtocolCalls.java:118)
	at org.apache.hadoop.hdds.scm.storage.BlockInputStream.getChunkInfos(BlockInputStream.java:167)
	at org.apache.hadoop.hdds.scm.storage.BlockInputStream.initialize(BlockInputStream.java:118)
	at org.apache.hadoop.hdds.scm.storage.BlockInputStream.read(BlockInputStream.java:222)
	at org.apache.hadoop.ozone.client.io.KeyInputStream.read(KeyInputStream.java:171)
	at org.apache.hadoop.ozone.client.io.OzoneInputStream.read(OzoneInputStream.java:47)
	at java.io.InputStream.read(InputStream.java:101)
	at org.apache.hadoop.ozone.container.ContainerTestHelper.validateData(ContainerTestHelper.java:713)
	at org.apache.hadoop.ozone.client.rpc.TestBlockOutputStreamWithFailures.validateData(TestBlockOutputStreamWithFailures.java:1216)
	at org.apache.hadoop.ozone.client.rpc.TestBlockOutputStreamWithFailures.testWatchForCommitWithSingleNodeRatis(TestBlockOutputStreamWithFailures.java:918)
	at sun.reflect.NativeMethodAccessorImpl.invoke0(Native Method)
	at sun.reflect.NativeMethodAccessorImpl.invoke(NativeMethodAccessorImpl.java:62)
	at sun.reflect.DelegatingMethodAccessorImpl.invoke(DelegatingMethodAccessorImpl.java:43)
	at java.lang.reflect.Method.invoke(Method.java:498)
	at org.junit.runners.model.FrameworkMethod$1.runReflectiveCall(FrameworkMethod.java:47)
	at org.junit.internal.runners.model.ReflectiveCallable.run(ReflectiveCallable.java:12)
	at org.junit.runners.model.FrameworkMethod.invokeExplosively(FrameworkMethod.java:44)
	at org.junit.internal.runners.statements.InvokeMethod.evaluate(InvokeMethod.java:17)
	at org.junit.internal.runners.statements.RunBefores.evaluate(RunBefores.java:26)
	at org.junit.internal.runners.statements.RunAfters.evaluate(RunAfters.java:27)
	at org.junit.runners.ParentRunner.runLeaf(ParentRunner.java:271)
	at org.junit.runners.BlockJUnit4ClassRunner.runChild(BlockJUnit4ClassRunner.java:70)
	at org.junit.runners.BlockJUnit4ClassRunner.runChild(BlockJUnit4ClassRunner.java:50)
	at org.junit.runners.ParentRunner$3.run(ParentRunner.java:238)
	at org.junit.runners.ParentRunner$1.schedule(ParentRunner.java:63)
	at org.junit.runners.ParentRunner.runChildren(ParentRunner.java:236)
	at org.junit.runners.ParentRunner.access$000(ParentRunner.java:53)
	at org.junit.runners.ParentRunner$2.evaluate(ParentRunner.java:229)
	at org.junit.runners.ParentRunner.run(ParentRunner.java:309)
	at org.apache.maven.surefire.junit4.JUnit4Provider.execute(JUnit4Provider.java:365)
	at org.apache.maven.surefire.junit4.JUnit4Provider.executeWithRerun(JUnit4Provider.java:273)
	at org.apache.maven.surefire.junit4.JUnit4Provider.executeTestSet(JUnit4Provider.java:238)
	at org.apache.maven.surefire.junit4.JUnit4Provider.invoke(JUnit4Provider.java:159)
	at org.apache.maven.surefire.booter.ForkedBooter.invokeProviderInSameClassLoader(ForkedBooter.java:384)
	at org.apache.maven.surefire.booter.ForkedBooter.runSuitesInProcess(ForkedBooter.java:345)
	at org.apache.maven.surefire.booter.ForkedBooter.execute(ForkedBooter.java:126)
	at org.apache.maven.surefire.booter.ForkedBooter.main(ForkedBooter.java:418)

]]></system-err>
  </testcase>
  <testcase name="testFailureWithPrimeSizedData" classname="org.apache.hadoop.ozone.client.rpc.TestBlockOutputStreamWithFailures" time="34.173"/>
  <testcase name="testWatchForCommitWithCloseContainerException" classname="org.apache.hadoop.ozone.client.rpc.TestBlockOutputStreamWithFailures" time="36.841"/>
  <testcase name="testExceptionDuringClose" classname="org.apache.hadoop.ozone.client.rpc.TestBlockOutputStreamWithFailures" time="36.532"/>
</testsuite>