<?xml version="1.0" encoding="UTF-8"?>
<testsuite xmlns:xsi="http://www.w3.org/2001/XMLSchema-instance" xsi:noNamespaceSchemaLocation="https://maven.apache.org/surefire/maven-surefire-plugin/xsd/surefire-test-report.xsd" name="org.apache.hadoop.ozone.client.rpc.TestOzoneClientRetriesOnException" time="73.262" tests="2" errors="2" skipped="0" failures="0">
  <properties>
    <property name="awt.toolkit" value="sun.awt.X11.XToolkit"/>
    <property name="file.encoding.pkg" value="sun.io"/>
    <property name="java.specification.version" value="1.8"/>
    <property name="sun.cpu.isalist" value=""/>
    <property name="sun.jnu.encoding" value="UTF-8"/>
    <property name="java.class.path" value="/tmp/workdir/hadoop-ozone/integration-test/target/test-classes:/tmp/workdir/hadoop-ozone/integration-test/target/classes:/home/user/.m2/repository/org/apache/hadoop/hadoop-ozone-common/0.5.0-SNAPSHOT/hadoop-ozone-common-0.5.0-SNAPSHOT.jar:/home/user/.m2/repository/org/apache/commons/commons-compress/1.4.1/commons-compress-1.4.1.jar:/home/user/.m2/repository/org/tukaani/xz/1.0/xz-1.0.jar:/home/user/.m2/repository/org/apache/hadoop/hadoop-common/3.2.0/hadoop-common-3.2.0.jar:/home/user/.m2/repository/org/apache/hadoop/hadoop-hdfs/3.2.0/hadoop-hdfs-3.2.0.jar:/home/user/.m2/repository/org/apache/hadoop/hadoop-hdfs-client/3.2.0/hadoop-hdfs-client-3.2.0.jar:/home/user/.m2/repository/com/fasterxml/jackson/core/jackson-annotations/2.9.5/jackson-annotations-2.9.5.jar:/home/user/.m2/repository/org/apache/hadoop/hadoop-hdds-common/0.5.0-SNAPSHOT/hadoop-hdds-common-0.5.0-SNAPSHOT.jar:/home/user/.m2/repository/javax/annotation/javax.annotation-api/1.2/javax.annotation-api-1.2.jar:/home/user/.m2/repository/org/apache/ratis/ratis-server/0.4.0-2337318-SNAPSHOT/ratis-server-0.4.0-2337318-SNAPSHOT.jar:/home/user/.m2/repository/org/apache/ratis/ratis-thirdparty-misc/0.2.0/ratis-thirdparty-misc-0.2.0.jar:/home/user/.m2/repository/org/apache/ratis/ratis-proto/0.4.0-2337318-SNAPSHOT/ratis-proto-0.4.0-2337318-SNAPSHOT.jar:/home/user/.m2/repository/org/apache/ratis/ratis-common/0.4.0-2337318-SNAPSHOT/ratis-common-0.4.0-2337318-SNAPSHOT.jar:/home/user/.m2/repository/org/apache/ratis/ratis-client/0.4.0-2337318-SNAPSHOT/ratis-client-0.4.0-2337318-SNAPSHOT.jar:/home/user/.m2/repository/org/apache/ratis/ratis-metrics/0.4.0-2337318-SNAPSHOT/ratis-metrics-0.4.0-2337318-SNAPSHOT.jar:/home/user/.m2/repository/org/apache/ratis/ratis-netty/0.4.0-2337318-SNAPSHOT/ratis-netty-0.4.0-2337318-SNAPSHOT.jar:/home/user/.m2/repository/org/apache/ratis/ratis-grpc/0.4.0-2337318-SNAPSHOT/ratis-grpc-0.4.0-2337318-SNAPSHOT.jar:/home/user/.m2/repository/org/rocksdb/rocksdbjni/6.0.1/rocksdbjni-6.0.1.jar:/home/user/.m2/repository/org/apache/logging/log4j/log4j-api/2.11.0/log4j-api-2.11.0.jar:/home/user/.m2/repository/org/apache/logging/log4j/log4j-core/2.11.0/log4j-core-2.11.0.jar:/home/user/.m2/repository/com/lmax/disruptor/3.4.2/disruptor-3.4.2.jar:/home/user/.m2/repository/org/apache/commons/commons-pool2/2.6.0/commons-pool2-2.6.0.jar:/home/user/.m2/repository/org/bouncycastle/bcpkix-jdk15on/1.60/bcpkix-jdk15on-1.60.jar:/home/user/.m2/repository/commons-validator/commons-validator/1.6/commons-validator-1.6.jar:/home/user/.m2/repository/commons-digester/commons-digester/1.8.1/commons-digester-1.8.1.jar:/home/user/.m2/repository/io/jaegertracing/jaeger-client/0.33.1/jaeger-client-0.33.1.jar:/home/user/.m2/repository/io/jaegertracing/jaeger-thrift/0.33.1/jaeger-thrift-0.33.1.jar:/home/user/.m2/repository/org/apache/thrift/libthrift/0.11.0/libthrift-0.11.0.jar:/home/user/.m2/repository/com/squareup/okhttp3/okhttp/3.9.0/okhttp-3.9.0.jar:/home/user/.m2/repository/com/squareup/okio/okio/1.13.0/okio-1.13.0.jar:/home/user/.m2/repository/io/jaegertracing/jaeger-core/0.33.1/jaeger-core-0.33.1.jar:/home/user/.m2/repository/io/jaegertracing/jaeger-tracerresolver/0.33.1/jaeger-tracerresolver-0.33.1.jar:/home/user/.m2/repository/io/opentracing/contrib/opentracing-tracerresolver/0.1.5/opentracing-tracerresolver-0.1.5.jar:/home/user/.m2/repository/io/opentracing/opentracing-util/0.31.0/opentracing-util-0.31.0.jar:/home/user/.m2/repository/io/opentracing/opentracing-api/0.31.0/opentracing-api-0.31.0.jar:/home/user/.m2/repository/io/opentracing/opentracing-noop/0.31.0/opentracing-noop-0.31.0.jar:/home/user/.m2/repository/org/apache/hadoop/hadoop-hdds-server-framework/0.5.0-SNAPSHOT/hadoop-hdds-server-framework-0.5.0-SNAPSHOT.jar:/home/user/.m2/repository/org/apache/hadoop/hadoop-hdds-container-service/0.5.0-SNAPSHOT/hadoop-hdds-container-service-0.5.0-SNAPSHOT.jar:/home/user/.m2/repository/org/apache/hadoop/hadoop-hdds-client/0.5.0-SNAPSHOT/hadoop-hdds-client-0.5.0-SNAPSHOT.jar:/home/user/.m2/repository/org/apache/hadoop/hadoop-hdds-tools/0.5.0-SNAPSHOT/hadoop-hdds-tools-0.5.0-SNAPSHOT.jar:/home/user/.m2/repository/org/apache/hadoop/hadoop-hdds-server-scm/0.5.0-SNAPSHOT/hadoop-hdds-server-scm-0.5.0-SNAPSHOT.jar:/home/user/.m2/repository/org/apache/hadoop/hadoop-hdds-docs/0.5.0-SNAPSHOT/hadoop-hdds-docs-0.5.0-SNAPSHOT.jar:/home/user/.m2/repository/io/dropwizard/metrics/metrics-core/3.2.4/metrics-core-3.2.4.jar:/home/user/.m2/repository/org/hamcrest/hamcrest-all/1.3/hamcrest-all-1.3.jar:/home/user/.m2/repository/org/bouncycastle/bcprov-jdk15on/1.60/bcprov-jdk15on-1.60.jar:/home/user/.m2/repository/info/picocli/picocli/3.9.6/picocli-3.9.6.jar:/home/user/.m2/repository/com/google/protobuf/protobuf-java/2.5.0/protobuf-java-2.5.0.jar:/home/user/.m2/repository/com/google/guava/guava/11.0.2/guava-11.0.2.jar:/home/user/.m2/repository/org/apache/hadoop/hadoop-ozone-ozone-manager/0.5.0-SNAPSHOT/hadoop-ozone-ozone-manager-0.5.0-SNAPSHOT.jar:/home/user/.m2/repository/org/apache/hadoop/hadoop-minikdc/3.2.0/hadoop-minikdc-3.2.0.jar:/home/user/.m2/repository/commons-io/commons-io/2.5/commons-io-2.5.jar:/home/user/.m2/repository/org/apache/kerby/kerb-simplekdc/1.0.1/kerb-simplekdc-1.0.1.jar:/home/user/.m2/repository/org/apache/kerby/kerb-client/1.0.1/kerb-client-1.0.1.jar:/home/user/.m2/repository/org/apache/kerby/kerby-config/1.0.1/kerby-config-1.0.1.jar:/home/user/.m2/repository/org/apache/kerby/kerb-core/1.0.1/kerb-core-1.0.1.jar:/home/user/.m2/repository/org/apache/kerby/kerby-pkix/1.0.1/kerby-pkix-1.0.1.jar:/home/user/.m2/repository/org/apache/kerby/kerby-asn1/1.0.1/kerby-asn1-1.0.1.jar:/home/user/.m2/repository/org/apache/kerby/kerby-util/1.0.1/kerby-util-1.0.1.jar:/home/user/.m2/repository/org/apache/kerby/kerb-common/1.0.1/kerb-common-1.0.1.jar:/home/user/.m2/repository/org/apache/kerby/kerb-crypto/1.0.1/kerb-crypto-1.0.1.jar:/home/user/.m2/repository/org/apache/kerby/kerb-util/1.0.1/kerb-util-1.0.1.jar:/home/user/.m2/repository/org/apache/kerby/token-provider/1.0.1/token-provider-1.0.1.jar:/home/user/.m2/repository/org/apache/kerby/kerb-admin/1.0.1/kerb-admin-1.0.1.jar:/home/user/.m2/repository/org/apache/kerby/kerb-server/1.0.1/kerb-server-1.0.1.jar:/home/user/.m2/repository/org/apache/kerby/kerb-identity/1.0.1/kerb-identity-1.0.1.jar:/home/user/.m2/repository/org/apache/kerby/kerby-xdr/1.0.1/kerby-xdr-1.0.1.jar:/home/user/.m2/repository/org/slf4j/slf4j-log4j12/1.7.25/slf4j-log4j12-1.7.25.jar:/home/user/.m2/repository/org/apache/hadoop/hadoop-ozone-objectstore-service/0.5.0-SNAPSHOT/hadoop-ozone-objectstore-service-0.5.0-SNAPSHOT.jar:/home/user/.m2/repository/org/apache/hadoop/hadoop-ozone-s3gateway/0.5.0-SNAPSHOT/hadoop-ozone-s3gateway-0.5.0-SNAPSHOT.jar:/home/user/.m2/repository/org/jboss/weld/servlet/weld-servlet/2.4.7.Final/weld-servlet-2.4.7.Final.jar:/home/user/.m2/repository/org/glassfish/jersey/containers/jersey-container-servlet-core/2.27/jersey-container-servlet-core-2.27.jar:/home/user/.m2/repository/org/glassfish/hk2/external/javax.inject/2.5.0-b42/javax.inject-2.5.0-b42.jar:/home/user/.m2/repository/org/glassfish/jersey/core/jersey-common/2.27/jersey-common-2.27.jar:/home/user/.m2/repository/org/glassfish/hk2/osgi-resource-locator/1.0.1/osgi-resource-locator-1.0.1.jar:/home/user/.m2/repository/javax/ws/rs/javax.ws.rs-api/2.1/javax.ws.rs-api-2.1.jar:/home/user/.m2/repository/org/glassfish/jersey/ext/cdi/jersey-cdi1x/2.27/jersey-cdi1x-2.27.jar:/home/user/.m2/repository/org/glassfish/jersey/inject/jersey-hk2/2.27/jersey-hk2-2.27.jar:/home/user/.m2/repository/org/glassfish/hk2/hk2-locator/2.5.0-b42/hk2-locator-2.5.0-b42.jar:/home/user/.m2/repository/org/javassist/javassist/3.22.0-CR2/javassist-3.22.0-CR2.jar:/home/user/.m2/repository/org/glassfish/hk2/hk2-api/2.5.0/hk2-api-2.5.0.jar:/home/user/.m2/repository/org/glassfish/hk2/external/jakarta.inject/2.5.0/jakarta.inject-2.5.0.jar:/home/user/.m2/repository/org/glassfish/hk2/hk2-utils/2.5.0/hk2-utils-2.5.0.jar:/home/user/.m2/repository/jakarta/annotation/jakarta.annotation-api/1.3.4/jakarta.annotation-api-1.3.4.jar:/home/user/.m2/repository/org/glassfish/hk2/external/aopalliance-repackaged/2.5.0/aopalliance-repackaged-2.5.0.jar:/home/user/.m2/repository/com/fasterxml/jackson/dataformat/jackson-dataformat-xml/2.9.0/jackson-dataformat-xml-2.9.0.jar:/home/user/.m2/repository/com/fasterxml/jackson/core/jackson-core/2.9.5/jackson-core-2.9.5.jar:/home/user/.m2/repository/com/fasterxml/jackson/module/jackson-module-jaxb-annotations/2.9.5/jackson-module-jaxb-annotations-2.9.5.jar:/home/user/.m2/repository/javax/enterprise/cdi-api/1.2/cdi-api-1.2.jar:/home/user/.m2/repository/javax/el/javax.el-api/3.0.0/javax.el-api-3.0.0.jar:/home/user/.m2/repository/javax/interceptor/javax.interceptor-api/1.2/javax.interceptor-api-1.2.jar:/home/user/.m2/repository/javax/inject/javax.inject/1/javax.inject-1.jar:/home/user/.m2/repository/com/sun/xml/bind/jaxb-impl/2.3.0.1/jaxb-impl-2.3.0.1.jar:/home/user/.m2/repository/com/sun/xml/bind/jaxb-core/2.3.0.1/jaxb-core-2.3.0.1.jar:/home/user/.m2/repository/javax/xml/bind/jaxb-api/2.3.0/jaxb-api-2.3.0.jar:/home/user/.m2/repository/javax/activation/activation/1.1.1/activation-1.1.1.jar:/home/user/.m2/repository/org/apache/hadoop/hadoop-ozone-csi/0.5.0-SNAPSHOT/hadoop-ozone-csi-0.5.0-SNAPSHOT.jar:/home/user/.m2/repository/com/google/protobuf/protobuf-java-util/3.5.1/protobuf-java-util-3.5.1.jar:/home/user/.m2/repository/org/apache/hadoop/hadoop-hdds-config/0.5.0-SNAPSHOT/hadoop-hdds-config-0.5.0-SNAPSHOT.jar:/home/user/.m2/repository/io/grpc/grpc-netty/1.17.1/grpc-netty-1.17.1.jar:/home/user/.m2/repository/io/grpc/grpc-core/1.17.1/grpc-core-1.17.1.jar:/home/user/.m2/repository/io/grpc/grpc-context/1.17.1/grpc-context-1.17.1.jar:/home/user/.m2/repository/com/google/errorprone/error_prone_annotations/2.2.0/error_prone_annotations-2.2.0.jar:/home/user/.m2/repository/org/codehaus/mojo/animal-sniffer-annotations/1.17/animal-sniffer-annotations-1.17.jar:/home/user/.m2/repository/io/opencensus/opencensus-api/0.17.0/opencensus-api-0.17.0.jar:/home/user/.m2/repository/io/opencensus/opencensus-contrib-grpc-metrics/0.17.0/opencensus-contrib-grpc-metrics-0.17.0.jar:/home/user/.m2/repository/io/netty/netty-codec-http2/4.1.30.Final/netty-codec-http2-4.1.30.Final.jar:/home/user/.m2/repository/io/netty/netty-codec-http/4.1.30.Final/netty-codec-http-4.1.30.Final.jar:/home/user/.m2/repository/io/netty/netty-codec/4.1.30.Final/netty-codec-4.1.30.Final.jar:/home/user/.m2/repository/io/netty/netty-handler/4.1.30.Final/netty-handler-4.1.30.Final.jar:/home/user/.m2/repository/io/netty/netty-handler-proxy/4.1.30.Final/netty-handler-proxy-4.1.30.Final.jar:/home/user/.m2/repository/io/netty/netty-codec-socks/4.1.30.Final/netty-codec-socks-4.1.30.Final.jar:/home/user/.m2/repository/io/netty/netty-transport-native-epoll/4.1.30.Final/netty-transport-native-epoll-4.1.30.Final.jar:/home/user/.m2/repository/io/netty/netty-common/4.1.30.Final/netty-common-4.1.30.Final.jar:/home/user/.m2/repository/io/netty/netty-buffer/4.1.30.Final/netty-buffer-4.1.30.Final.jar:/home/user/.m2/repository/io/netty/netty-transport/4.1.30.Final/netty-transport-4.1.30.Final.jar:/home/user/.m2/repository/io/netty/netty-resolver/4.1.30.Final/netty-resolver-4.1.30.Final.jar:/home/user/.m2/repository/io/netty/netty-transport-native-unix-common/4.1.30.Final/netty-transport-native-unix-common-4.1.30.Final.jar:/home/user/.m2/repository/io/grpc/grpc-protobuf/1.17.1/grpc-protobuf-1.17.1.jar:/home/user/.m2/repository/com/google/api/grpc/proto-google-common-protos/1.0.0/proto-google-common-protos-1.0.0.jar:/home/user/.m2/repository/io/grpc/grpc-protobuf-lite/1.17.1/grpc-protobuf-lite-1.17.1.jar:/home/user/.m2/repository/io/grpc/grpc-stub/1.17.1/grpc-stub-1.17.1.jar:/home/user/.m2/repository/org/apache/hadoop/hadoop-ozone-recon/0.5.0-SNAPSHOT/hadoop-ozone-recon-0.5.0-SNAPSHOT.jar:/home/user/.m2/repository/org/apache/hadoop/hadoop-ozone-reconcodegen/0.5.0-SNAPSHOT/hadoop-ozone-reconcodegen-0.5.0-SNAPSHOT.jar:/home/user/.m2/repository/com/google/inject/extensions/guice-multibindings/4.0/guice-multibindings-4.0.jar:/home/user/.m2/repository/com/google/inject/guice/4.0/guice-4.0.jar:/home/user/.m2/repository/aopalliance/aopalliance/1.0/aopalliance-1.0.jar:/home/user/.m2/repository/com/google/inject/extensions/guice-servlet/4.0/guice-servlet-4.0.jar:/home/user/.m2/repository/org/glassfish/jersey/containers/jersey-container-servlet/2.27/jersey-container-servlet-2.27.jar:/home/user/.m2/repository/org/glassfish/hk2/guice-bridge/2.5.0/guice-bridge-2.5.0.jar:/home/user/.m2/repository/org/glassfish/jersey/core/jersey-server/2.27/jersey-server-2.27.jar:/home/user/.m2/repository/org/glassfish/jersey/core/jersey-client/2.27/jersey-client-2.27.jar:/home/user/.m2/repository/org/glassfish/jersey/media/jersey-media-jaxb/2.27/jersey-media-jaxb-2.27.jar:/home/user/.m2/repository/javax/validation/validation-api/1.1.0.Final/validation-api-1.1.0.Final.jar:/home/user/.m2/repository/org/glassfish/jersey/media/jersey-media-json-jackson/2.27/jersey-media-json-jackson-2.27.jar:/home/user/.m2/repository/org/glassfish/jersey/ext/jersey-entity-filtering/2.27/jersey-entity-filtering-2.27.jar:/home/user/.m2/repository/com/google/inject/extensions/guice-assistedinject/4.0/guice-assistedinject-4.0.jar:/home/user/.m2/repository/org/jooq/jooq/3.11.10/jooq-3.11.10.jar:/home/user/.m2/repository/org/jooq/jooq-meta/3.11.10/jooq-meta-3.11.10.jar:/home/user/.m2/repository/org/jooq/jooq-codegen/3.11.10/jooq-codegen-3.11.10.jar:/home/user/.m2/repository/com/jolbox/bonecp/0.8.0.RELEASE/bonecp-0.8.0.RELEASE.jar:/home/user/.m2/repository/org/xerial/sqlite-jdbc/3.25.2/sqlite-jdbc-3.25.2.jar:/home/user/.m2/repository/org/springframework/spring-jdbc/5.1.3.RELEASE/spring-jdbc-5.1.3.RELEASE.jar:/home/user/.m2/repository/org/springframework/spring-beans/5.1.3.RELEASE/spring-beans-5.1.3.RELEASE.jar:/home/user/.m2/repository/org/springframework/spring-core/5.1.3.RELEASE/spring-core-5.1.3.RELEASE.jar:/home/user/.m2/repository/org/springframework/spring-jcl/5.1.3.RELEASE/spring-jcl-5.1.3.RELEASE.jar:/home/user/.m2/repository/org/springframework/spring-tx/5.1.3.RELEASE/spring-tx-5.1.3.RELEASE.jar:/home/user/.m2/repository/org/apache/hadoop/hadoop-ozone-client/0.5.0-SNAPSHOT/hadoop-ozone-client-0.5.0-SNAPSHOT.jar:/home/user/.m2/repository/commons-lang/commons-lang/2.6/commons-lang-2.6.jar:/home/user/.m2/repository/org/apache/hadoop/hadoop-ozone-ozone-manager/0.5.0-SNAPSHOT/hadoop-ozone-ozone-manager-0.5.0-SNAPSHOT-tests.jar:/home/user/.m2/repository/junit/junit/4.11/junit-4.11.jar:/home/user/.m2/repository/org/hamcrest/hamcrest-core/1.3/hamcrest-core-1.3.jar:/home/user/.m2/repository/org/openjdk/jmh/jmh-core/1.19/jmh-core-1.19.jar:/home/user/.m2/repository/net/sf/jopt-simple/jopt-simple/4.6/jopt-simple-4.6.jar:/home/user/.m2/repository/org/apache/commons/commons-math3/3.1.1/commons-math3-3.1.1.jar:/home/user/.m2/repository/org/openjdk/jmh/jmh-generator-annprocess/1.19/jmh-generator-annprocess-1.19.jar:/home/user/.m2/repository/org/mockito/mockito-all/1.8.5/mockito-all-1.8.5.jar:/home/user/.m2/repository/org/apache/hadoop/hadoop-kms/3.2.0/hadoop-kms-3.2.0.jar:/home/user/.m2/repository/org/apache/hadoop/hadoop-auth/3.2.0/hadoop-auth-3.2.0.jar:/home/user/.m2/repository/com/nimbusds/nimbus-jose-jwt/4.41.1/nimbus-jose-jwt-4.41.1.jar:/home/user/.m2/repository/com/github/stephenc/jcip/jcip-annotations/1.0-1/jcip-annotations-1.0-1.jar:/home/user/.m2/repository/net/minidev/json-smart/2.3/json-smart-2.3.jar:/home/user/.m2/repository/net/minidev/accessors-smart/1.2/accessors-smart-1.2.jar:/home/user/.m2/repository/org/ow2/asm/asm/5.0.4/asm-5.0.4.jar:/home/user/.m2/repository/org/apache/curator/curator-framework/2.12.0/curator-framework-2.12.0.jar:/home/user/.m2/repository/com/sun/jersey/jersey-core/1.19/jersey-core-1.19.jar:/home/user/.m2/repository/javax/ws/rs/jsr311-api/1.1.1/jsr311-api-1.1.1.jar:/home/user/.m2/repository/com/sun/jersey/jersey-server/1.19/jersey-server-1.19.jar:/home/user/.m2/repository/javax/servlet/javax.servlet-api/3.1.0/javax.servlet-api-3.1.0.jar:/home/user/.m2/repository/org/eclipse/jetty/jetty-server/9.3.24.v20180605/jetty-server-9.3.24.v20180605.jar:/home/user/.m2/repository/org/eclipse/jetty/jetty-http/9.3.24.v20180605/jetty-http-9.3.24.v20180605.jar:/home/user/.m2/repository/org/eclipse/jetty/jetty-io/9.3.24.v20180605/jetty-io-9.3.24.v20180605.jar:/home/user/.m2/repository/org/eclipse/jetty/jetty-webapp/9.3.24.v20180605/jetty-webapp-9.3.24.v20180605.jar:/home/user/.m2/repository/org/eclipse/jetty/jetty-xml/9.3.24.v20180605/jetty-xml-9.3.24.v20180605.jar:/home/user/.m2/repository/log4j/log4j/1.2.17/log4j-1.2.17.jar:/home/user/.m2/repository/org/slf4j/slf4j-api/1.7.25/slf4j-api-1.7.25.jar:/home/user/.m2/repository/org/slf4j/jul-to-slf4j/1.7.25/jul-to-slf4j-1.7.25.jar:/home/user/.m2/repository/org/eclipse/jetty/jetty-util/9.3.24.v20180605/jetty-util-9.3.24.v20180605.jar:/home/user/.m2/repository/com/fasterxml/jackson/core/jackson-databind/2.9.5/jackson-databind-2.9.5.jar:/home/user/.m2/repository/org/apache/hadoop/hadoop-kms/3.2.0/hadoop-kms-3.2.0-tests.jar:/home/user/.m2/repository/org/apache/hadoop/hadoop-hdds-server-scm/0.5.0-SNAPSHOT/hadoop-hdds-server-scm-0.5.0-SNAPSHOT-tests.jar:/home/user/.m2/repository/org/apache/hadoop/hadoop-hdds-container-service/0.5.0-SNAPSHOT/hadoop-hdds-container-service-0.5.0-SNAPSHOT-tests.jar:/home/user/.m2/repository/org/yaml/snakeyaml/1.16/snakeyaml-1.16.jar:/home/user/.m2/repository/org/apache/hadoop/hadoop-common/3.2.0/hadoop-common-3.2.0-tests.jar:/home/user/.m2/repository/org/apache/hadoop/hadoop-annotations/3.2.0/hadoop-annotations-3.2.0.jar:/usr/lib/jvm/java-1.8-openjdk/jre/../lib/tools.jar:/home/user/.m2/repository/commons-cli/commons-cli/1.2/commons-cli-1.2.jar:/home/user/.m2/repository/org/apache/httpcomponents/httpclient/4.5.2/httpclient-4.5.2.jar:/home/user/.m2/repository/org/apache/httpcomponents/httpcore/4.4.4/httpcore-4.4.4.jar:/home/user/.m2/repository/commons-codec/commons-codec/1.11/commons-codec-1.11.jar:/home/user/.m2/repository/commons-net/commons-net/3.6/commons-net-3.6.jar:/home/user/.m2/repository/commons-collections/commons-collections/3.2.2/commons-collections-3.2.2.jar:/home/user/.m2/repository/org/eclipse/jetty/jetty-servlet/9.3.24.v20180605/jetty-servlet-9.3.24.v20180605.jar:/home/user/.m2/repository/org/eclipse/jetty/jetty-security/9.3.24.v20180605/jetty-security-9.3.24.v20180605.jar:/home/user/.m2/repository/javax/servlet/jsp/jsp-api/2.1/jsp-api-2.1.jar:/home/user/.m2/repository/com/sun/jersey/jersey-servlet/1.19/jersey-servlet-1.19.jar:/home/user/.m2/repository/com/sun/jersey/jersey-json/1.19/jersey-json-1.19.jar:/home/user/.m2/repository/org/codehaus/jettison/jettison/1.1/jettison-1.1.jar:/home/user/.m2/repository/org/codehaus/jackson/jackson-core-asl/1.9.13/jackson-core-asl-1.9.13.jar:/home/user/.m2/repository/org/codehaus/jackson/jackson-mapper-asl/1.9.13/jackson-mapper-asl-1.9.13.jar:/home/user/.m2/repository/org/codehaus/jackson/jackson-jaxrs/1.9.13/jackson-jaxrs-1.9.13.jar:/home/user/.m2/repository/org/codehaus/jackson/jackson-xc/1.9.13/jackson-xc-1.9.13.jar:/home/user/.m2/repository/commons-logging/commons-logging/1.1.3/commons-logging-1.1.3.jar:/home/user/.m2/repository/commons-beanutils/commons-beanutils/1.9.3/commons-beanutils-1.9.3.jar:/home/user/.m2/repository/org/apache/commons/commons-configuration2/2.1.1/commons-configuration2-2.1.1.jar:/home/user/.m2/repository/org/apache/commons/commons-lang3/3.7/commons-lang3-3.7.jar:/home/user/.m2/repository/org/apache/commons/commons-text/1.4/commons-text-1.4.jar:/home/user/.m2/repository/org/apache/avro/avro/1.7.7/avro-1.7.7.jar:/home/user/.m2/repository/com/thoughtworks/paranamer/paranamer/2.3/paranamer-2.3.jar:/home/user/.m2/repository/org/xerial/snappy/snappy-java/1.0.5/snappy-java-1.0.5.jar:/home/user/.m2/repository/com/google/re2j/re2j/1.1/re2j-1.1.jar:/home/user/.m2/repository/com/google/code/gson/gson/2.2.4/gson-2.2.4.jar:/home/user/.m2/repository/com/jcraft/jsch/0.1.54/jsch-0.1.54.jar:/home/user/.m2/repository/org/apache/curator/curator-client/2.12.0/curator-client-2.12.0.jar:/home/user/.m2/repository/org/apache/curator/curator-recipes/2.12.0/curator-recipes-2.12.0.jar:/home/user/.m2/repository/com/google/code/findbugs/jsr305/3.0.0/jsr305-3.0.0.jar:/home/user/.m2/repository/org/apache/htrace/htrace-core4/4.1.0-incubating/htrace-core4-4.1.0-incubating.jar:/home/user/.m2/repository/org/apache/zookeeper/zookeeper/3.4.13/zookeeper-3.4.13.jar:/home/user/.m2/repository/org/apache/yetus/audience-annotations/0.5.0/audience-annotations-0.5.0.jar:/home/user/.m2/repository/org/codehaus/woodstox/stax2-api/3.1.4/stax2-api-3.1.4.jar:/home/user/.m2/repository/com/fasterxml/woodstox/woodstox-core/5.0.3/woodstox-core-5.0.3.jar:/home/user/.m2/repository/dnsjava/dnsjava/2.1.7/dnsjava-2.1.7.jar:/home/user/.m2/repository/org/apache/hadoop/hadoop-hdfs/3.2.0/hadoop-hdfs-3.2.0-tests.jar:/home/user/.m2/repository/org/eclipse/jetty/jetty-util-ajax/9.3.24.v20180605/jetty-util-ajax-9.3.24.v20180605.jar:/home/user/.m2/repository/commons-daemon/commons-daemon/1.0.13/commons-daemon-1.0.13.jar:/home/user/.m2/repository/io/netty/netty/3.10.5.Final/netty-3.10.5.Final.jar:/home/user/.m2/repository/io/netty/netty-all/4.0.52.Final/netty-all-4.0.52.Final.jar:/home/user/.m2/repository/org/fusesource/leveldbjni/leveldbjni-all/1.8/leveldbjni-all-1.8.jar:"/>
    <property name="java.vm.vendor" value="IcedTea"/>
    <property name="sun.arch.data.model" value="64"/>
    <property name="test.build.dir" value="/tmp/workdir/hadoop-ozone/integration-test/target/test-dir"/>
    <property name="test.cache.data" value=""/>
    <property name="java.vendor.url" value="https://icedtea.classpath.org"/>
    <property name="user.timezone" value=""/>
    <property name="java.vm.specification.version" value="1.8"/>
    <property name="os.name" value="Linux"/>
    <property name="test.build.data" value="/tmp/workdir/hadoop-ozone/integration-test/target/test-dir"/>
    <property name="user.country" value="US"/>
    <property name="sun.java.launcher" value="SUN_STANDARD"/>
    <property name="sun.boot.library.path" value="/usr/lib/jvm/java-1.8-openjdk/jre/lib/amd64"/>
    <property name="sun.java.command" value="/tmp/workdir/hadoop-ozone/integration-test/target/surefire/surefirebooter7962161746207767954.jar /tmp/workdir/hadoop-ozone/integration-test/target/surefire 2019-07-13T16-10-13_940-jvmRun1 surefire6867224815147252670tmp surefire_41201023227555935887tmp"/>
    <property name="surefire.test.class.path" value="/tmp/workdir/hadoop-ozone/integration-test/target/test-classes:/tmp/workdir/hadoop-ozone/integration-test/target/classes:/home/user/.m2/repository/org/apache/hadoop/hadoop-ozone-common/0.5.0-SNAPSHOT/hadoop-ozone-common-0.5.0-SNAPSHOT.jar:/home/user/.m2/repository/org/apache/commons/commons-compress/1.4.1/commons-compress-1.4.1.jar:/home/user/.m2/repository/org/tukaani/xz/1.0/xz-1.0.jar:/home/user/.m2/repository/org/apache/hadoop/hadoop-common/3.2.0/hadoop-common-3.2.0.jar:/home/user/.m2/repository/org/apache/hadoop/hadoop-hdfs/3.2.0/hadoop-hdfs-3.2.0.jar:/home/user/.m2/repository/org/apache/hadoop/hadoop-hdfs-client/3.2.0/hadoop-hdfs-client-3.2.0.jar:/home/user/.m2/repository/com/fasterxml/jackson/core/jackson-annotations/2.9.5/jackson-annotations-2.9.5.jar:/home/user/.m2/repository/org/apache/hadoop/hadoop-hdds-common/0.5.0-SNAPSHOT/hadoop-hdds-common-0.5.0-SNAPSHOT.jar:/home/user/.m2/repository/javax/annotation/javax.annotation-api/1.2/javax.annotation-api-1.2.jar:/home/user/.m2/repository/org/apache/ratis/ratis-server/0.4.0-2337318-SNAPSHOT/ratis-server-0.4.0-2337318-SNAPSHOT.jar:/home/user/.m2/repository/org/apache/ratis/ratis-thirdparty-misc/0.2.0/ratis-thirdparty-misc-0.2.0.jar:/home/user/.m2/repository/org/apache/ratis/ratis-proto/0.4.0-2337318-SNAPSHOT/ratis-proto-0.4.0-2337318-SNAPSHOT.jar:/home/user/.m2/repository/org/apache/ratis/ratis-common/0.4.0-2337318-SNAPSHOT/ratis-common-0.4.0-2337318-SNAPSHOT.jar:/home/user/.m2/repository/org/apache/ratis/ratis-client/0.4.0-2337318-SNAPSHOT/ratis-client-0.4.0-2337318-SNAPSHOT.jar:/home/user/.m2/repository/org/apache/ratis/ratis-metrics/0.4.0-2337318-SNAPSHOT/ratis-metrics-0.4.0-2337318-SNAPSHOT.jar:/home/user/.m2/repository/org/apache/ratis/ratis-netty/0.4.0-2337318-SNAPSHOT/ratis-netty-0.4.0-2337318-SNAPSHOT.jar:/home/user/.m2/repository/org/apache/ratis/ratis-grpc/0.4.0-2337318-SNAPSHOT/ratis-grpc-0.4.0-2337318-SNAPSHOT.jar:/home/user/.m2/repository/org/rocksdb/rocksdbjni/6.0.1/rocksdbjni-6.0.1.jar:/home/user/.m2/repository/org/apache/logging/log4j/log4j-api/2.11.0/log4j-api-2.11.0.jar:/home/user/.m2/repository/org/apache/logging/log4j/log4j-core/2.11.0/log4j-core-2.11.0.jar:/home/user/.m2/repository/com/lmax/disruptor/3.4.2/disruptor-3.4.2.jar:/home/user/.m2/repository/org/apache/commons/commons-pool2/2.6.0/commons-pool2-2.6.0.jar:/home/user/.m2/repository/org/bouncycastle/bcpkix-jdk15on/1.60/bcpkix-jdk15on-1.60.jar:/home/user/.m2/repository/commons-validator/commons-validator/1.6/commons-validator-1.6.jar:/home/user/.m2/repository/commons-digester/commons-digester/1.8.1/commons-digester-1.8.1.jar:/home/user/.m2/repository/io/jaegertracing/jaeger-client/0.33.1/jaeger-client-0.33.1.jar:/home/user/.m2/repository/io/jaegertracing/jaeger-thrift/0.33.1/jaeger-thrift-0.33.1.jar:/home/user/.m2/repository/org/apache/thrift/libthrift/0.11.0/libthrift-0.11.0.jar:/home/user/.m2/repository/com/squareup/okhttp3/okhttp/3.9.0/okhttp-3.9.0.jar:/home/user/.m2/repository/com/squareup/okio/okio/1.13.0/okio-1.13.0.jar:/home/user/.m2/repository/io/jaegertracing/jaeger-core/0.33.1/jaeger-core-0.33.1.jar:/home/user/.m2/repository/io/jaegertracing/jaeger-tracerresolver/0.33.1/jaeger-tracerresolver-0.33.1.jar:/home/user/.m2/repository/io/opentracing/contrib/opentracing-tracerresolver/0.1.5/opentracing-tracerresolver-0.1.5.jar:/home/user/.m2/repository/io/opentracing/opentracing-util/0.31.0/opentracing-util-0.31.0.jar:/home/user/.m2/repository/io/opentracing/opentracing-api/0.31.0/opentracing-api-0.31.0.jar:/home/user/.m2/repository/io/opentracing/opentracing-noop/0.31.0/opentracing-noop-0.31.0.jar:/home/user/.m2/repository/org/apache/hadoop/hadoop-hdds-server-framework/0.5.0-SNAPSHOT/hadoop-hdds-server-framework-0.5.0-SNAPSHOT.jar:/home/user/.m2/repository/org/apache/hadoop/hadoop-hdds-container-service/0.5.0-SNAPSHOT/hadoop-hdds-container-service-0.5.0-SNAPSHOT.jar:/home/user/.m2/repository/org/apache/hadoop/hadoop-hdds-client/0.5.0-SNAPSHOT/hadoop-hdds-client-0.5.0-SNAPSHOT.jar:/home/user/.m2/repository/org/apache/hadoop/hadoop-hdds-tools/0.5.0-SNAPSHOT/hadoop-hdds-tools-0.5.0-SNAPSHOT.jar:/home/user/.m2/repository/org/apache/hadoop/hadoop-hdds-server-scm/0.5.0-SNAPSHOT/hadoop-hdds-server-scm-0.5.0-SNAPSHOT.jar:/home/user/.m2/repository/org/apache/hadoop/hadoop-hdds-docs/0.5.0-SNAPSHOT/hadoop-hdds-docs-0.5.0-SNAPSHOT.jar:/home/user/.m2/repository/io/dropwizard/metrics/metrics-core/3.2.4/metrics-core-3.2.4.jar:/home/user/.m2/repository/org/hamcrest/hamcrest-all/1.3/hamcrest-all-1.3.jar:/home/user/.m2/repository/org/bouncycastle/bcprov-jdk15on/1.60/bcprov-jdk15on-1.60.jar:/home/user/.m2/repository/info/picocli/picocli/3.9.6/picocli-3.9.6.jar:/home/user/.m2/repository/com/google/protobuf/protobuf-java/2.5.0/protobuf-java-2.5.0.jar:/home/user/.m2/repository/com/google/guava/guava/11.0.2/guava-11.0.2.jar:/home/user/.m2/repository/org/apache/hadoop/hadoop-ozone-ozone-manager/0.5.0-SNAPSHOT/hadoop-ozone-ozone-manager-0.5.0-SNAPSHOT.jar:/home/user/.m2/repository/org/apache/hadoop/hadoop-minikdc/3.2.0/hadoop-minikdc-3.2.0.jar:/home/user/.m2/repository/commons-io/commons-io/2.5/commons-io-2.5.jar:/home/user/.m2/repository/org/apache/kerby/kerb-simplekdc/1.0.1/kerb-simplekdc-1.0.1.jar:/home/user/.m2/repository/org/apache/kerby/kerb-client/1.0.1/kerb-client-1.0.1.jar:/home/user/.m2/repository/org/apache/kerby/kerby-config/1.0.1/kerby-config-1.0.1.jar:/home/user/.m2/repository/org/apache/kerby/kerb-core/1.0.1/kerb-core-1.0.1.jar:/home/user/.m2/repository/org/apache/kerby/kerby-pkix/1.0.1/kerby-pkix-1.0.1.jar:/home/user/.m2/repository/org/apache/kerby/kerby-asn1/1.0.1/kerby-asn1-1.0.1.jar:/home/user/.m2/repository/org/apache/kerby/kerby-util/1.0.1/kerby-util-1.0.1.jar:/home/user/.m2/repository/org/apache/kerby/kerb-common/1.0.1/kerb-common-1.0.1.jar:/home/user/.m2/repository/org/apache/kerby/kerb-crypto/1.0.1/kerb-crypto-1.0.1.jar:/home/user/.m2/repository/org/apache/kerby/kerb-util/1.0.1/kerb-util-1.0.1.jar:/home/user/.m2/repository/org/apache/kerby/token-provider/1.0.1/token-provider-1.0.1.jar:/home/user/.m2/repository/org/apache/kerby/kerb-admin/1.0.1/kerb-admin-1.0.1.jar:/home/user/.m2/repository/org/apache/kerby/kerb-server/1.0.1/kerb-server-1.0.1.jar:/home/user/.m2/repository/org/apache/kerby/kerb-identity/1.0.1/kerb-identity-1.0.1.jar:/home/user/.m2/repository/org/apache/kerby/kerby-xdr/1.0.1/kerby-xdr-1.0.1.jar:/home/user/.m2/repository/org/slf4j/slf4j-log4j12/1.7.25/slf4j-log4j12-1.7.25.jar:/home/user/.m2/repository/org/apache/hadoop/hadoop-ozone-objectstore-service/0.5.0-SNAPSHOT/hadoop-ozone-objectstore-service-0.5.0-SNAPSHOT.jar:/home/user/.m2/repository/org/apache/hadoop/hadoop-ozone-s3gateway/0.5.0-SNAPSHOT/hadoop-ozone-s3gateway-0.5.0-SNAPSHOT.jar:/home/user/.m2/repository/org/jboss/weld/servlet/weld-servlet/2.4.7.Final/weld-servlet-2.4.7.Final.jar:/home/user/.m2/repository/org/glassfish/jersey/containers/jersey-container-servlet-core/2.27/jersey-container-servlet-core-2.27.jar:/home/user/.m2/repository/org/glassfish/hk2/external/javax.inject/2.5.0-b42/javax.inject-2.5.0-b42.jar:/home/user/.m2/repository/org/glassfish/jersey/core/jersey-common/2.27/jersey-common-2.27.jar:/home/user/.m2/repository/org/glassfish/hk2/osgi-resource-locator/1.0.1/osgi-resource-locator-1.0.1.jar:/home/user/.m2/repository/javax/ws/rs/javax.ws.rs-api/2.1/javax.ws.rs-api-2.1.jar:/home/user/.m2/repository/org/glassfish/jersey/ext/cdi/jersey-cdi1x/2.27/jersey-cdi1x-2.27.jar:/home/user/.m2/repository/org/glassfish/jersey/inject/jersey-hk2/2.27/jersey-hk2-2.27.jar:/home/user/.m2/repository/org/glassfish/hk2/hk2-locator/2.5.0-b42/hk2-locator-2.5.0-b42.jar:/home/user/.m2/repository/org/javassist/javassist/3.22.0-CR2/javassist-3.22.0-CR2.jar:/home/user/.m2/repository/org/glassfish/hk2/hk2-api/2.5.0/hk2-api-2.5.0.jar:/home/user/.m2/repository/org/glassfish/hk2/external/jakarta.inject/2.5.0/jakarta.inject-2.5.0.jar:/home/user/.m2/repository/org/glassfish/hk2/hk2-utils/2.5.0/hk2-utils-2.5.0.jar:/home/user/.m2/repository/jakarta/annotation/jakarta.annotation-api/1.3.4/jakarta.annotation-api-1.3.4.jar:/home/user/.m2/repository/org/glassfish/hk2/external/aopalliance-repackaged/2.5.0/aopalliance-repackaged-2.5.0.jar:/home/user/.m2/repository/com/fasterxml/jackson/dataformat/jackson-dataformat-xml/2.9.0/jackson-dataformat-xml-2.9.0.jar:/home/user/.m2/repository/com/fasterxml/jackson/core/jackson-core/2.9.5/jackson-core-2.9.5.jar:/home/user/.m2/repository/com/fasterxml/jackson/module/jackson-module-jaxb-annotations/2.9.5/jackson-module-jaxb-annotations-2.9.5.jar:/home/user/.m2/repository/javax/enterprise/cdi-api/1.2/cdi-api-1.2.jar:/home/user/.m2/repository/javax/el/javax.el-api/3.0.0/javax.el-api-3.0.0.jar:/home/user/.m2/repository/javax/interceptor/javax.interceptor-api/1.2/javax.interceptor-api-1.2.jar:/home/user/.m2/repository/javax/inject/javax.inject/1/javax.inject-1.jar:/home/user/.m2/repository/com/sun/xml/bind/jaxb-impl/2.3.0.1/jaxb-impl-2.3.0.1.jar:/home/user/.m2/repository/com/sun/xml/bind/jaxb-core/2.3.0.1/jaxb-core-2.3.0.1.jar:/home/user/.m2/repository/javax/xml/bind/jaxb-api/2.3.0/jaxb-api-2.3.0.jar:/home/user/.m2/repository/javax/activation/activation/1.1.1/activation-1.1.1.jar:/home/user/.m2/repository/org/apache/hadoop/hadoop-ozone-csi/0.5.0-SNAPSHOT/hadoop-ozone-csi-0.5.0-SNAPSHOT.jar:/home/user/.m2/repository/com/google/protobuf/protobuf-java-util/3.5.1/protobuf-java-util-3.5.1.jar:/home/user/.m2/repository/org/apache/hadoop/hadoop-hdds-config/0.5.0-SNAPSHOT/hadoop-hdds-config-0.5.0-SNAPSHOT.jar:/home/user/.m2/repository/io/grpc/grpc-netty/1.17.1/grpc-netty-1.17.1.jar:/home/user/.m2/repository/io/grpc/grpc-core/1.17.1/grpc-core-1.17.1.jar:/home/user/.m2/repository/io/grpc/grpc-context/1.17.1/grpc-context-1.17.1.jar:/home/user/.m2/repository/com/google/errorprone/error_prone_annotations/2.2.0/error_prone_annotations-2.2.0.jar:/home/user/.m2/repository/org/codehaus/mojo/animal-sniffer-annotations/1.17/animal-sniffer-annotations-1.17.jar:/home/user/.m2/repository/io/opencensus/opencensus-api/0.17.0/opencensus-api-0.17.0.jar:/home/user/.m2/repository/io/opencensus/opencensus-contrib-grpc-metrics/0.17.0/opencensus-contrib-grpc-metrics-0.17.0.jar:/home/user/.m2/repository/io/netty/netty-codec-http2/4.1.30.Final/netty-codec-http2-4.1.30.Final.jar:/home/user/.m2/repository/io/netty/netty-codec-http/4.1.30.Final/netty-codec-http-4.1.30.Final.jar:/home/user/.m2/repository/io/netty/netty-codec/4.1.30.Final/netty-codec-4.1.30.Final.jar:/home/user/.m2/repository/io/netty/netty-handler/4.1.30.Final/netty-handler-4.1.30.Final.jar:/home/user/.m2/repository/io/netty/netty-handler-proxy/4.1.30.Final/netty-handler-proxy-4.1.30.Final.jar:/home/user/.m2/repository/io/netty/netty-codec-socks/4.1.30.Final/netty-codec-socks-4.1.30.Final.jar:/home/user/.m2/repository/io/netty/netty-transport-native-epoll/4.1.30.Final/netty-transport-native-epoll-4.1.30.Final.jar:/home/user/.m2/repository/io/netty/netty-common/4.1.30.Final/netty-common-4.1.30.Final.jar:/home/user/.m2/repository/io/netty/netty-buffer/4.1.30.Final/netty-buffer-4.1.30.Final.jar:/home/user/.m2/repository/io/netty/netty-transport/4.1.30.Final/netty-transport-4.1.30.Final.jar:/home/user/.m2/repository/io/netty/netty-resolver/4.1.30.Final/netty-resolver-4.1.30.Final.jar:/home/user/.m2/repository/io/netty/netty-transport-native-unix-common/4.1.30.Final/netty-transport-native-unix-common-4.1.30.Final.jar:/home/user/.m2/repository/io/grpc/grpc-protobuf/1.17.1/grpc-protobuf-1.17.1.jar:/home/user/.m2/repository/com/google/api/grpc/proto-google-common-protos/1.0.0/proto-google-common-protos-1.0.0.jar:/home/user/.m2/repository/io/grpc/grpc-protobuf-lite/1.17.1/grpc-protobuf-lite-1.17.1.jar:/home/user/.m2/repository/io/grpc/grpc-stub/1.17.1/grpc-stub-1.17.1.jar:/home/user/.m2/repository/org/apache/hadoop/hadoop-ozone-recon/0.5.0-SNAPSHOT/hadoop-ozone-recon-0.5.0-SNAPSHOT.jar:/home/user/.m2/repository/org/apache/hadoop/hadoop-ozone-reconcodegen/0.5.0-SNAPSHOT/hadoop-ozone-reconcodegen-0.5.0-SNAPSHOT.jar:/home/user/.m2/repository/com/google/inject/extensions/guice-multibindings/4.0/guice-multibindings-4.0.jar:/home/user/.m2/repository/com/google/inject/guice/4.0/guice-4.0.jar:/home/user/.m2/repository/aopalliance/aopalliance/1.0/aopalliance-1.0.jar:/home/user/.m2/repository/com/google/inject/extensions/guice-servlet/4.0/guice-servlet-4.0.jar:/home/user/.m2/repository/org/glassfish/jersey/containers/jersey-container-servlet/2.27/jersey-container-servlet-2.27.jar:/home/user/.m2/repository/org/glassfish/hk2/guice-bridge/2.5.0/guice-bridge-2.5.0.jar:/home/user/.m2/repository/org/glassfish/jersey/core/jersey-server/2.27/jersey-server-2.27.jar:/home/user/.m2/repository/org/glassfish/jersey/core/jersey-client/2.27/jersey-client-2.27.jar:/home/user/.m2/repository/org/glassfish/jersey/media/jersey-media-jaxb/2.27/jersey-media-jaxb-2.27.jar:/home/user/.m2/repository/javax/validation/validation-api/1.1.0.Final/validation-api-1.1.0.Final.jar:/home/user/.m2/repository/org/glassfish/jersey/media/jersey-media-json-jackson/2.27/jersey-media-json-jackson-2.27.jar:/home/user/.m2/repository/org/glassfish/jersey/ext/jersey-entity-filtering/2.27/jersey-entity-filtering-2.27.jar:/home/user/.m2/repository/com/google/inject/extensions/guice-assistedinject/4.0/guice-assistedinject-4.0.jar:/home/user/.m2/repository/org/jooq/jooq/3.11.10/jooq-3.11.10.jar:/home/user/.m2/repository/org/jooq/jooq-meta/3.11.10/jooq-meta-3.11.10.jar:/home/user/.m2/repository/org/jooq/jooq-codegen/3.11.10/jooq-codegen-3.11.10.jar:/home/user/.m2/repository/com/jolbox/bonecp/0.8.0.RELEASE/bonecp-0.8.0.RELEASE.jar:/home/user/.m2/repository/org/xerial/sqlite-jdbc/3.25.2/sqlite-jdbc-3.25.2.jar:/home/user/.m2/repository/org/springframework/spring-jdbc/5.1.3.RELEASE/spring-jdbc-5.1.3.RELEASE.jar:/home/user/.m2/repository/org/springframework/spring-beans/5.1.3.RELEASE/spring-beans-5.1.3.RELEASE.jar:/home/user/.m2/repository/org/springframework/spring-core/5.1.3.RELEASE/spring-core-5.1.3.RELEASE.jar:/home/user/.m2/repository/org/springframework/spring-jcl/5.1.3.RELEASE/spring-jcl-5.1.3.RELEASE.jar:/home/user/.m2/repository/org/springframework/spring-tx/5.1.3.RELEASE/spring-tx-5.1.3.RELEASE.jar:/home/user/.m2/repository/org/apache/hadoop/hadoop-ozone-client/0.5.0-SNAPSHOT/hadoop-ozone-client-0.5.0-SNAPSHOT.jar:/home/user/.m2/repository/commons-lang/commons-lang/2.6/commons-lang-2.6.jar:/home/user/.m2/repository/org/apache/hadoop/hadoop-ozone-ozone-manager/0.5.0-SNAPSHOT/hadoop-ozone-ozone-manager-0.5.0-SNAPSHOT-tests.jar:/home/user/.m2/repository/junit/junit/4.11/junit-4.11.jar:/home/user/.m2/repository/org/hamcrest/hamcrest-core/1.3/hamcrest-core-1.3.jar:/home/user/.m2/repository/org/openjdk/jmh/jmh-core/1.19/jmh-core-1.19.jar:/home/user/.m2/repository/net/sf/jopt-simple/jopt-simple/4.6/jopt-simple-4.6.jar:/home/user/.m2/repository/org/apache/commons/commons-math3/3.1.1/commons-math3-3.1.1.jar:/home/user/.m2/repository/org/openjdk/jmh/jmh-generator-annprocess/1.19/jmh-generator-annprocess-1.19.jar:/home/user/.m2/repository/org/mockito/mockito-all/1.8.5/mockito-all-1.8.5.jar:/home/user/.m2/repository/org/apache/hadoop/hadoop-kms/3.2.0/hadoop-kms-3.2.0.jar:/home/user/.m2/repository/org/apache/hadoop/hadoop-auth/3.2.0/hadoop-auth-3.2.0.jar:/home/user/.m2/repository/com/nimbusds/nimbus-jose-jwt/4.41.1/nimbus-jose-jwt-4.41.1.jar:/home/user/.m2/repository/com/github/stephenc/jcip/jcip-annotations/1.0-1/jcip-annotations-1.0-1.jar:/home/user/.m2/repository/net/minidev/json-smart/2.3/json-smart-2.3.jar:/home/user/.m2/repository/net/minidev/accessors-smart/1.2/accessors-smart-1.2.jar:/home/user/.m2/repository/org/ow2/asm/asm/5.0.4/asm-5.0.4.jar:/home/user/.m2/repository/org/apache/curator/curator-framework/2.12.0/curator-framework-2.12.0.jar:/home/user/.m2/repository/com/sun/jersey/jersey-core/1.19/jersey-core-1.19.jar:/home/user/.m2/repository/javax/ws/rs/jsr311-api/1.1.1/jsr311-api-1.1.1.jar:/home/user/.m2/repository/com/sun/jersey/jersey-server/1.19/jersey-server-1.19.jar:/home/user/.m2/repository/javax/servlet/javax.servlet-api/3.1.0/javax.servlet-api-3.1.0.jar:/home/user/.m2/repository/org/eclipse/jetty/jetty-server/9.3.24.v20180605/jetty-server-9.3.24.v20180605.jar:/home/user/.m2/repository/org/eclipse/jetty/jetty-http/9.3.24.v20180605/jetty-http-9.3.24.v20180605.jar:/home/user/.m2/repository/org/eclipse/jetty/jetty-io/9.3.24.v20180605/jetty-io-9.3.24.v20180605.jar:/home/user/.m2/repository/org/eclipse/jetty/jetty-webapp/9.3.24.v20180605/jetty-webapp-9.3.24.v20180605.jar:/home/user/.m2/repository/org/eclipse/jetty/jetty-xml/9.3.24.v20180605/jetty-xml-9.3.24.v20180605.jar:/home/user/.m2/repository/log4j/log4j/1.2.17/log4j-1.2.17.jar:/home/user/.m2/repository/org/slf4j/slf4j-api/1.7.25/slf4j-api-1.7.25.jar:/home/user/.m2/repository/org/slf4j/jul-to-slf4j/1.7.25/jul-to-slf4j-1.7.25.jar:/home/user/.m2/repository/org/eclipse/jetty/jetty-util/9.3.24.v20180605/jetty-util-9.3.24.v20180605.jar:/home/user/.m2/repository/com/fasterxml/jackson/core/jackson-databind/2.9.5/jackson-databind-2.9.5.jar:/home/user/.m2/repository/org/apache/hadoop/hadoop-kms/3.2.0/hadoop-kms-3.2.0-tests.jar:/home/user/.m2/repository/org/apache/hadoop/hadoop-hdds-server-scm/0.5.0-SNAPSHOT/hadoop-hdds-server-scm-0.5.0-SNAPSHOT-tests.jar:/home/user/.m2/repository/org/apache/hadoop/hadoop-hdds-container-service/0.5.0-SNAPSHOT/hadoop-hdds-container-service-0.5.0-SNAPSHOT-tests.jar:/home/user/.m2/repository/org/yaml/snakeyaml/1.16/snakeyaml-1.16.jar:/home/user/.m2/repository/org/apache/hadoop/hadoop-common/3.2.0/hadoop-common-3.2.0-tests.jar:/home/user/.m2/repository/org/apache/hadoop/hadoop-annotations/3.2.0/hadoop-annotations-3.2.0.jar:/usr/lib/jvm/java-1.8-openjdk/jre/../lib/tools.jar:/home/user/.m2/repository/commons-cli/commons-cli/1.2/commons-cli-1.2.jar:/home/user/.m2/repository/org/apache/httpcomponents/httpclient/4.5.2/httpclient-4.5.2.jar:/home/user/.m2/repository/org/apache/httpcomponents/httpcore/4.4.4/httpcore-4.4.4.jar:/home/user/.m2/repository/commons-codec/commons-codec/1.11/commons-codec-1.11.jar:/home/user/.m2/repository/commons-net/commons-net/3.6/commons-net-3.6.jar:/home/user/.m2/repository/commons-collections/commons-collections/3.2.2/commons-collections-3.2.2.jar:/home/user/.m2/repository/org/eclipse/jetty/jetty-servlet/9.3.24.v20180605/jetty-servlet-9.3.24.v20180605.jar:/home/user/.m2/repository/org/eclipse/jetty/jetty-security/9.3.24.v20180605/jetty-security-9.3.24.v20180605.jar:/home/user/.m2/repository/javax/servlet/jsp/jsp-api/2.1/jsp-api-2.1.jar:/home/user/.m2/repository/com/sun/jersey/jersey-servlet/1.19/jersey-servlet-1.19.jar:/home/user/.m2/repository/com/sun/jersey/jersey-json/1.19/jersey-json-1.19.jar:/home/user/.m2/repository/org/codehaus/jettison/jettison/1.1/jettison-1.1.jar:/home/user/.m2/repository/org/codehaus/jackson/jackson-core-asl/1.9.13/jackson-core-asl-1.9.13.jar:/home/user/.m2/repository/org/codehaus/jackson/jackson-mapper-asl/1.9.13/jackson-mapper-asl-1.9.13.jar:/home/user/.m2/repository/org/codehaus/jackson/jackson-jaxrs/1.9.13/jackson-jaxrs-1.9.13.jar:/home/user/.m2/repository/org/codehaus/jackson/jackson-xc/1.9.13/jackson-xc-1.9.13.jar:/home/user/.m2/repository/commons-logging/commons-logging/1.1.3/commons-logging-1.1.3.jar:/home/user/.m2/repository/commons-beanutils/commons-beanutils/1.9.3/commons-beanutils-1.9.3.jar:/home/user/.m2/repository/org/apache/commons/commons-configuration2/2.1.1/commons-configuration2-2.1.1.jar:/home/user/.m2/repository/org/apache/commons/commons-lang3/3.7/commons-lang3-3.7.jar:/home/user/.m2/repository/org/apache/commons/commons-text/1.4/commons-text-1.4.jar:/home/user/.m2/repository/org/apache/avro/avro/1.7.7/avro-1.7.7.jar:/home/user/.m2/repository/com/thoughtworks/paranamer/paranamer/2.3/paranamer-2.3.jar:/home/user/.m2/repository/org/xerial/snappy/snappy-java/1.0.5/snappy-java-1.0.5.jar:/home/user/.m2/repository/com/google/re2j/re2j/1.1/re2j-1.1.jar:/home/user/.m2/repository/com/google/code/gson/gson/2.2.4/gson-2.2.4.jar:/home/user/.m2/repository/com/jcraft/jsch/0.1.54/jsch-0.1.54.jar:/home/user/.m2/repository/org/apache/curator/curator-client/2.12.0/curator-client-2.12.0.jar:/home/user/.m2/repository/org/apache/curator/curator-recipes/2.12.0/curator-recipes-2.12.0.jar:/home/user/.m2/repository/com/google/code/findbugs/jsr305/3.0.0/jsr305-3.0.0.jar:/home/user/.m2/repository/org/apache/htrace/htrace-core4/4.1.0-incubating/htrace-core4-4.1.0-incubating.jar:/home/user/.m2/repository/org/apache/zookeeper/zookeeper/3.4.13/zookeeper-3.4.13.jar:/home/user/.m2/repository/org/apache/yetus/audience-annotations/0.5.0/audience-annotations-0.5.0.jar:/home/user/.m2/repository/org/codehaus/woodstox/stax2-api/3.1.4/stax2-api-3.1.4.jar:/home/user/.m2/repository/com/fasterxml/woodstox/woodstox-core/5.0.3/woodstox-core-5.0.3.jar:/home/user/.m2/repository/dnsjava/dnsjava/2.1.7/dnsjava-2.1.7.jar:/home/user/.m2/repository/org/apache/hadoop/hadoop-hdfs/3.2.0/hadoop-hdfs-3.2.0-tests.jar:/home/user/.m2/repository/org/eclipse/jetty/jetty-util-ajax/9.3.24.v20180605/jetty-util-ajax-9.3.24.v20180605.jar:/home/user/.m2/repository/commons-daemon/commons-daemon/1.0.13/commons-daemon-1.0.13.jar:/home/user/.m2/repository/io/netty/netty/3.10.5.Final/netty-3.10.5.Final.jar:/home/user/.m2/repository/io/netty/netty-all/4.0.52.Final/netty-all-4.0.52.Final.jar:/home/user/.m2/repository/org/fusesource/leveldbjni/leveldbjni-all/1.8/leveldbjni-all-1.8.jar:"/>
    <property name="sun.cpu.endian" value="little"/>
    <property name="user.home" value="/home/user"/>
    <property name="user.language" value="en"/>
    <property name="java.specification.vendor" value="Oracle Corporation"/>
    <property name="java.home" value="/usr/lib/jvm/java-1.8-openjdk/jre"/>
    <property name="java.security.krb5.conf" value="/tmp/workdir/hadoop-ozone/integration-test/target/test-classes/krb5.conf"/>
    <property name="basedir" value="/tmp/workdir/hadoop-ozone/integration-test"/>
    <property name="file.separator" value="/"/>
    <property name="line.separator" value="&#10;"/>
    <property name="java.vm.specification.vendor" value="Oracle Corporation"/>
    <property name="java.specification.name" value="Java Platform API Specification"/>
    <property name="java.awt.graphicsenv" value="sun.awt.X11GraphicsEnvironment"/>
    <property name="surefire.real.class.path" value="/tmp/workdir/hadoop-ozone/integration-test/target/surefire/surefirebooter7962161746207767954.jar"/>
    <property name="hadoop.log.dir" value="/tmp/workdir/hadoop-ozone/integration-test/target/log"/>
    <property name="sun.boot.class.path" value="/usr/lib/jvm/java-1.8-openjdk/jre/lib/resources.jar:/usr/lib/jvm/java-1.8-openjdk/jre/lib/rt.jar:/usr/lib/jvm/java-1.8-openjdk/jre/lib/sunrsasign.jar:/usr/lib/jvm/java-1.8-openjdk/jre/lib/jsse.jar:/usr/lib/jvm/java-1.8-openjdk/jre/lib/jce.jar:/usr/lib/jvm/java-1.8-openjdk/jre/lib/charsets.jar:/usr/lib/jvm/java-1.8-openjdk/jre/lib/jfr.jar:/usr/lib/jvm/java-1.8-openjdk/jre/classes"/>
    <property name="sun.management.compiler" value="HotSpot 64-Bit Tiered Compilers"/>
    <property name="java.runtime.version" value="1.8.0_212-b04"/>
    <property name="java.net.preferIPv4Stack" value="true"/>
    <property name="user.name" value="jenkins1000"/>
    <property name="path.separator" value=":"/>
    <property name="java.security.egd" value="file:///dev/urandom"/>
    <property name="os.version" value="3.10.0-957.12.2.el7.x86_64"/>
    <property name="java.endorsed.dirs" value="/usr/lib/jvm/java-1.8-openjdk/jre/lib/endorsed"/>
    <property name="java.runtime.name" value="OpenJDK Runtime Environment"/>
    <property name="file.encoding" value="UTF-8"/>
    <property name="java.vm.name" value="OpenJDK 64-Bit Server VM"/>
    <property name="test.build.webapps" value=""/>
    <property name="localRepository" value="/home/user/.m2/repository"/>
    <property name="java.vendor.url.bug" value="https://icedtea.classpath.org/bugzilla"/>
    <property name="java.io.tmpdir" value="/tmp"/>
    <property name="require.test.libhadoop" value=""/>
    <property name="java.version" value="1.8.0_212"/>
    <property name="user.dir" value="/tmp/workdir/hadoop-ozone/integration-test"/>
    <property name="os.arch" value="amd64"/>
    <property name="java.vm.specification.name" value="Java Virtual Machine Specification"/>
    <property name="test.build.classes" value="/tmp/workdir/hadoop-ozone/integration-test/target/test-classes"/>
    <property name="java.awt.printerjob" value="sun.print.PSPrinterJob"/>
    <property name="sun.os.patch.level" value="unknown"/>
    <property name="hadoop.tmp.dir" value="/tmp/workdir/hadoop-ozone/integration-test/target/tmp"/>
    <property name="java.library.path" value="/usr/lib/jvm/java-1.8-openjdk/jre/lib/amd64/server:/usr/lib/jvm/java-1.8-openjdk/jre/lib/amd64:/usr/lib/jvm/java-1.8-openjdk/jre/../lib/amd64:/tmp/workdir/hadoop-ozone/integration-test/target/native/target/usr/local/lib:/tmp/workdir/hadoop-ozone/integration-test/../../hadoop-common-project/hadoop-common/target/native/target/usr/local/lib:/usr/java/packages/lib/amd64:/usr/lib64:/lib64:/lib:/usr/lib"/>
    <property name="java.vm.info" value="mixed mode"/>
    <property name="java.vendor" value="IcedTea"/>
    <property name="java.vm.version" value="25.212-b04"/>
    <property name="java.ext.dirs" value="/usr/lib/jvm/java-1.8-openjdk/jre/lib/ext:/usr/java/packages/lib/ext"/>
    <property name="sun.io.unicode.encoding" value="UnicodeLittle"/>
    <property name="java.class.version" value="52.0"/>
  </properties>
  <testcase name="testGroupMismatchExceptionHandling" classname="org.apache.hadoop.ozone.client.rpc.TestOzoneClientRetriesOnException" time="40.932">
    <error type="java.lang.IllegalArgumentException">java.lang.IllegalArgumentException
	at com.google.common.base.Preconditions.checkArgument(Preconditions.java:72)
	at org.apache.hadoop.hdds.scm.XceiverClientManager.acquireClient(XceiverClientManager.java:150)
	at org.apache.hadoop.hdds.scm.XceiverClientManager.acquireClientForReadData(XceiverClientManager.java:143)
	at org.apache.hadoop.hdds.scm.storage.BlockInputStream.getChunkInfos(BlockInputStream.java:154)
	at org.apache.hadoop.hdds.scm.storage.BlockInputStream.initialize(BlockInputStream.java:118)
	at org.apache.hadoop.hdds.scm.storage.BlockInputStream.read(BlockInputStream.java:222)
	at org.apache.hadoop.ozone.client.io.KeyInputStream.read(KeyInputStream.java:171)
	at org.apache.hadoop.ozone.client.io.OzoneInputStream.read(OzoneInputStream.java:47)
	at java.io.InputStream.read(InputStream.java:101)
	at org.apache.hadoop.ozone.container.ContainerTestHelper.validateData(ContainerTestHelper.java:709)
	at org.apache.hadoop.ozone.client.rpc.TestOzoneClientRetriesOnException.validateData(TestOzoneClientRetriesOnException.java:231)
	at org.apache.hadoop.ozone.client.rpc.TestOzoneClientRetriesOnException.testGroupMismatchExceptionHandling(TestOzoneClientRetriesOnException.java:160)
	at sun.reflect.NativeMethodAccessorImpl.invoke0(Native Method)
	at sun.reflect.NativeMethodAccessorImpl.invoke(NativeMethodAccessorImpl.java:62)
	at sun.reflect.DelegatingMethodAccessorImpl.invoke(DelegatingMethodAccessorImpl.java:43)
	at java.lang.reflect.Method.invoke(Method.java:498)
	at org.junit.runners.model.FrameworkMethod$1.runReflectiveCall(FrameworkMethod.java:47)
	at org.junit.internal.runners.model.ReflectiveCallable.run(ReflectiveCallable.java:12)
	at org.junit.runners.model.FrameworkMethod.invokeExplosively(FrameworkMethod.java:44)
	at org.junit.internal.runners.statements.InvokeMethod.evaluate(InvokeMethod.java:17)
	at org.junit.internal.runners.statements.RunBefores.evaluate(RunBefores.java:26)
	at org.junit.internal.runners.statements.RunAfters.evaluate(RunAfters.java:27)
	at org.junit.runners.ParentRunner.runLeaf(ParentRunner.java:271)
	at org.junit.runners.BlockJUnit4ClassRunner.runChild(BlockJUnit4ClassRunner.java:70)
	at org.junit.runners.BlockJUnit4ClassRunner.runChild(BlockJUnit4ClassRunner.java:50)
	at org.junit.runners.ParentRunner$3.run(ParentRunner.java:238)
	at org.junit.runners.ParentRunner$1.schedule(ParentRunner.java:63)
	at org.junit.runners.ParentRunner.runChildren(ParentRunner.java:236)
	at org.junit.runners.ParentRunner.access$000(ParentRunner.java:53)
	at org.junit.runners.ParentRunner$2.evaluate(ParentRunner.java:229)
	at org.junit.runners.ParentRunner.run(ParentRunner.java:309)
	at org.apache.maven.surefire.junit4.JUnit4Provider.execute(JUnit4Provider.java:365)
	at org.apache.maven.surefire.junit4.JUnit4Provider.executeWithRerun(JUnit4Provider.java:273)
	at org.apache.maven.surefire.junit4.JUnit4Provider.executeTestSet(JUnit4Provider.java:238)
	at org.apache.maven.surefire.junit4.JUnit4Provider.invoke(JUnit4Provider.java:159)
	at org.apache.maven.surefire.booter.ForkedBooter.invokeProviderInSameClassLoader(ForkedBooter.java:384)
	at org.apache.maven.surefire.booter.ForkedBooter.runSuitesInProcess(ForkedBooter.java:345)
	at org.apache.maven.surefire.booter.ForkedBooter.execute(ForkedBooter.java:126)
	at org.apache.maven.surefire.booter.ForkedBooter.main(ForkedBooter.java:418)
</error>
    <system-out><![CDATA[2019-07-13 17:04:02,431 WARN  server.ServerUtils (ServerUtils.java:getScmDbDir(145)) - ozone.scm.db.dirs is not configured. We recommend adding this setting. Falling back to ozone.metadata.dirs instead.
2019-07-13 17:04:02,514 WARN  server.ServerUtils (ServerUtils.java:getScmDbDir(145)) - ozone.scm.db.dirs is not configured. We recommend adding this setting. Falling back to ozone.metadata.dirs instead.
2019-07-13 17:04:02,516 WARN  server.ServerUtils (ServerUtils.java:getScmDbDir(145)) - ozone.scm.db.dirs is not configured. We recommend adding this setting. Falling back to ozone.metadata.dirs instead.
2019-07-13 17:04:02,529 INFO  util.log (Log.java:initialized(192)) - Logging initialized @780ms
2019-07-13 17:04:02,605 INFO  db.DBStoreBuilder (DBStoreBuilder.java:addTable(110)) - using custom profile for table: deletedBlocks
2019-07-13 17:04:02,605 INFO  db.DBStoreBuilder (DBStoreBuilder.java:processTables(161)) - Using default column profile:DBProfile.DISK for Table:deletedBlocks
2019-07-13 17:04:02,605 INFO  db.DBStoreBuilder (DBStoreBuilder.java:addTable(110)) - using custom profile for table: validCerts
2019-07-13 17:04:02,606 INFO  db.DBStoreBuilder (DBStoreBuilder.java:processTables(161)) - Using default column profile:DBProfile.DISK for Table:validCerts
2019-07-13 17:04:02,606 INFO  db.DBStoreBuilder (DBStoreBuilder.java:addTable(110)) - using custom profile for table: revokedCerts
2019-07-13 17:04:02,606 INFO  db.DBStoreBuilder (DBStoreBuilder.java:processTables(161)) - Using default column profile:DBProfile.DISK for Table:revokedCerts
2019-07-13 17:04:02,615 INFO  db.DBStoreBuilder (DBStoreBuilder.java:addTable(110)) - using custom profile for table: default
2019-07-13 17:04:02,615 INFO  db.DBStoreBuilder (DBStoreBuilder.java:processTables(167)) - Using default column profile:DBProfile.DISK for Table:default
2019-07-13 17:04:02,616 INFO  db.DBStoreBuilder (DBStoreBuilder.java:getDbProfile(198)) - Using default options. DBProfile.DISK
2019-07-13 17:04:02,708 INFO  net.NodeSchemaLoader (NodeSchemaLoader.java:loadSchemaFromFile(125)) - Loading file from sun.misc.CompoundEnumeration@20ce78ec
2019-07-13 17:04:02,709 INFO  net.NodeSchemaLoader (NodeSchemaLoader.java:loadSchema(171)) - Loading network topology layer schema file
2019-07-13 17:04:02,760 WARN  server.ServerUtils (ServerUtils.java:sanitizeUserArgs(70)) - ozone.scm.stale.node.interval value = 300000 is larger than max = 100000 based on the key value of ozone.scm.heartbeat.thread.interval, reset to the max value 100000.
2019-07-13 17:04:02,761 WARN  server.ServerUtils (ServerUtils.java:sanitizeUserArgs(70)) - ozone.scm.stale.node.interval value = 300000 is larger than max = 100000 based on the key value of ozone.scm.heartbeat.thread.interval, reset to the max value 100000.
2019-07-13 17:04:02,763 INFO  node.SCMNodeManager (SCMNodeManager.java:<init>(119)) - Entering startup safe mode.
2019-07-13 17:04:02,874 WARN  server.ServerUtils (ServerUtils.java:getScmDbDir(145)) - ozone.scm.db.dirs is not configured. We recommend adding this setting. Falling back to ozone.metadata.dirs instead.
2019-07-13 17:04:02,923 INFO  pipeline.SCMPipelineManager (SCMPipelineManager.java:initializePipelineState(126)) - No pipeline exists in current db
2019-07-13 17:04:02,926 WARN  server.ServerUtils (ServerUtils.java:getScmDbDir(145)) - ozone.scm.db.dirs is not configured. We recommend adding this setting. Falling back to ozone.metadata.dirs instead.
2019-07-13 17:04:03,021 WARN  events.EventQueue (EventQueue.java:fireEvent(175)) - No event handler registered for event TypedEvent{payloadType=SafeModeStatus, name='SafeModeStatus'}
2019-07-13 17:04:03,383 INFO  ipc.CallQueueManager (CallQueueManager.java:<init>(84)) - Using callQueue: class java.util.concurrent.LinkedBlockingQueue, queueCapacity: 2000, scheduler: class org.apache.hadoop.ipc.DefaultRpcScheduler, ipcBackoff: false.
2019-07-13 17:04:03,414 INFO  ipc.Server (Server.java:run(1074)) - Starting Socket Reader #1 for port 38403
2019-07-13 17:04:03,437 INFO  ipc.CallQueueManager (CallQueueManager.java:<init>(84)) - Using callQueue: class java.util.concurrent.LinkedBlockingQueue, queueCapacity: 2000, scheduler: class org.apache.hadoop.ipc.DefaultRpcScheduler, ipcBackoff: false.
2019-07-13 17:04:03,438 INFO  ipc.Server (Server.java:run(1074)) - Starting Socket Reader #1 for port 34405
2019-07-13 17:04:03,445 INFO  ipc.CallQueueManager (CallQueueManager.java:<init>(84)) - Using callQueue: class java.util.concurrent.LinkedBlockingQueue, queueCapacity: 2000, scheduler: class org.apache.hadoop.ipc.DefaultRpcScheduler, ipcBackoff: false.
2019-07-13 17:04:03,446 INFO  ipc.Server (Server.java:run(1074)) - Starting Socket Reader #1 for port 37939
2019-07-13 17:04:03,572 INFO  hdfs.DFSUtil (DFSUtil.java:httpServerTemplateForNNAndJN(1641)) - Starting Web-server for scm at: http://0.0.0.0:0
2019-07-13 17:04:03,704 INFO  server.AuthenticationFilter (AuthenticationFilter.java:constructSecretProvider(240)) - Unable to initialize FileSignerSecretProvider, falling back to use random secrets.
2019-07-13 17:04:03,711 WARN  http.HttpRequestLog (HttpRequestLog.java:getRequestLog(97)) - Jetty request log can only be enabled using Log4j
2019-07-13 17:04:03,719 INFO  http.HttpServer2 (HttpServer2.java:addGlobalFilter(975)) - Added global filter 'safety' (class=org.apache.hadoop.http.HttpServer2$QuotingInputFilter)
2019-07-13 17:04:03,721 INFO  http.HttpServer2 (HttpServer2.java:addFilter(948)) - Added filter static_user_filter (class=org.apache.hadoop.http.lib.StaticUserWebFilter$StaticUserFilter) to context scm
2019-07-13 17:04:03,722 INFO  http.HttpServer2 (HttpServer2.java:addFilter(958)) - Added filter static_user_filter (class=org.apache.hadoop.http.lib.StaticUserWebFilter$StaticUserFilter) to context static
2019-07-13 17:04:03,722 INFO  http.HttpServer2 (HttpServer2.java:addFilter(958)) - Added filter static_user_filter (class=org.apache.hadoop.http.lib.StaticUserWebFilter$StaticUserFilter) to context logs
2019-07-13 17:04:03,749 INFO  server.StorageContainerManager (StorageContainerManager.java:start(759)) - StorageContainerLocationProtocol RPC server is listening at /0.0.0.0:37939
2019-07-13 17:04:03,805 WARN  impl.MetricsConfig (MetricsConfig.java:loadFirst(134)) - Cannot locate configuration: tried hadoop-metrics2-storagecontainermanager.properties,hadoop-metrics2.properties
2019-07-13 17:04:03,817 INFO  impl.MetricsSystemImpl (MetricsSystemImpl.java:startTimer(374)) - Scheduled Metric snapshot period at 10 second(s).
2019-07-13 17:04:03,817 INFO  impl.MetricsSystemImpl (MetricsSystemImpl.java:start(191)) - StorageContainerManager metrics system started
2019-07-13 17:04:04,009 INFO  server.SCMClientProtocolServer (SCMClientProtocolServer.java:start(149)) - RPC server for Client  is listening at /0.0.0.0:37939
2019-07-13 17:04:04,010 INFO  ipc.Server (Server.java:run(1314)) - IPC Server Responder: starting
2019-07-13 17:04:04,010 INFO  ipc.Server (Server.java:run(1153)) - IPC Server listener on 37939: starting
2019-07-13 17:04:04,014 INFO  server.StorageContainerManager (StorageContainerManager.java:start(768)) - ScmBlockLocationProtocol RPC server is listening at /0.0.0.0:34405
2019-07-13 17:04:04,014 INFO  server.SCMBlockProtocolServer (SCMBlockProtocolServer.java:start(140)) - RPC server for Block Protocol is listening at /0.0.0.0:34405
2019-07-13 17:04:04,016 INFO  ipc.Server (Server.java:run(1314)) - IPC Server Responder: starting
2019-07-13 17:04:04,016 INFO  ipc.Server (Server.java:run(1153)) - IPC Server listener on 34405: starting
2019-07-13 17:04:04,019 INFO  server.StorageContainerManager (StorageContainerManager.java:start(772)) - ScmDatanodeProtocl RPC server is listening at /0.0.0.0:38403
2019-07-13 17:04:04,019 INFO  server.SCMDatanodeProtocolServer (SCMDatanodeProtocolServer.java:start(191)) - RPC server for DataNodes is listening at /0.0.0.0:38403
2019-07-13 17:04:04,021 INFO  ipc.Server (Server.java:run(1314)) - IPC Server Responder: starting
2019-07-13 17:04:04,021 INFO  ipc.Server (Server.java:run(1153)) - IPC Server listener on 38403: starting
2019-07-13 17:04:04,032 INFO  http.HttpServer2 (HttpServer2.java:bindListener(1191)) - Jetty bound to port 36585
2019-07-13 17:04:04,034 INFO  server.Server (Server.java:doStart(351)) - jetty-9.3.24.v20180605, build timestamp: 2018-06-05T17:11:56Z, git hash: 84205aa28f11a4f31f2a3b86d1bba2cc8ab69827
2019-07-13 17:04:04,068 INFO  handler.ContextHandler (ContextHandler.java:doStart(781)) - Started o.e.j.s.ServletContextHandler@635572a7{/logs,file:///tmp/workdir/hadoop-ozone/integration-test/target/log,AVAILABLE}
2019-07-13 17:04:04,068 INFO  handler.ContextHandler (ContextHandler.java:doStart(781)) - Started o.e.j.s.ServletContextHandler@4dd02341{/static,file:///tmp/workdir/hadoop-ozone/integration-test/target/test-classes/webapps/static,AVAILABLE}
2019-07-13 17:04:04,094 INFO  handler.ContextHandler (ContextHandler.java:doStart(781)) - Started o.e.j.w.WebAppContext@6fff253c{/,file:///tmp/workdir/hadoop-ozone/integration-test/target/test-classes/webapps/scm/,AVAILABLE}{/scm}
2019-07-13 17:04:04,098 INFO  server.AbstractConnector (AbstractConnector.java:doStart(278)) - Started ServerConnector@7c041b41{HTTP/1.1,[http/1.1]}{0.0.0.0:36585}
2019-07-13 17:04:04,098 INFO  server.Server (Server.java:doStart(419)) - Started @2349ms
2019-07-13 17:04:04,099 INFO  server.BaseHttpServer (BaseHttpServer.java:updateConnectorAddress(207)) - HTTP server of SCM is listening at http://0.0.0.0:36585
2019-07-13 17:04:04,105 INFO  util.JvmPauseMonitor (JvmPauseMonitor.java:run(188)) - Starting JVM pause monitor
2019-07-13 17:04:04,106 WARN  server.ServerUtils (ServerUtils.java:getDBPath(222)) - ozone.om.db.dirs is not configured. We recommend adding this setting. Falling back to ozone.metadata.dirs instead.
2019-07-13 17:04:04,181 WARN  server.ServerUtils (ServerUtils.java:getDBPath(222)) - ozone.om.db.dirs is not configured. We recommend adding this setting. Falling back to ozone.metadata.dirs instead.
2019-07-13 17:04:04,182 INFO  om.OzoneManager (OzoneManager.java:setOMNodeDetails(630)) - OM Service ID is not set. Setting it to the default ID: omServiceIdDefault
2019-07-13 17:04:04,182 INFO  om.OzoneManager (OzoneManager.java:setOMNodeDetails(636)) - OM Node ID is not set. Setting it to the OmStorage's OmID: ee85004c-f2ec-4ed9-b86f-fa206269d7e0
2019-07-13 17:04:04,183 INFO  om.OzoneManager (OzoneManager.java:loadOMHAConfigs(587)) - Found matching OM address with OMServiceId: null, OMNodeId: null, RPC Address: localhost:0 and Ratis port: 9872
2019-07-13 17:04:04,430 WARN  server.ServerUtils (ServerUtils.java:getDBPath(222)) - ozone.om.db.dirs is not configured. We recommend adding this setting. Falling back to ozone.metadata.dirs instead.
2019-07-13 17:04:04,442 INFO  db.DBStoreBuilder (DBStoreBuilder.java:addTable(110)) - using custom profile for table: userTable
2019-07-13 17:04:04,443 INFO  db.DBStoreBuilder (DBStoreBuilder.java:processTables(161)) - Using default column profile:DBProfile.DISK for Table:userTable
2019-07-13 17:04:04,443 INFO  db.DBStoreBuilder (DBStoreBuilder.java:addTable(110)) - using custom profile for table: volumeTable
2019-07-13 17:04:04,444 INFO  db.DBStoreBuilder (DBStoreBuilder.java:processTables(161)) - Using default column profile:DBProfile.DISK for Table:volumeTable
2019-07-13 17:04:04,444 INFO  db.DBStoreBuilder (DBStoreBuilder.java:addTable(110)) - using custom profile for table: bucketTable
2019-07-13 17:04:04,445 INFO  db.DBStoreBuilder (DBStoreBuilder.java:processTables(161)) - Using default column profile:DBProfile.DISK for Table:bucketTable
2019-07-13 17:04:04,445 INFO  db.DBStoreBuilder (DBStoreBuilder.java:addTable(110)) - using custom profile for table: keyTable
2019-07-13 17:04:04,445 INFO  db.DBStoreBuilder (DBStoreBuilder.java:processTables(161)) - Using default column profile:DBProfile.DISK for Table:keyTable
2019-07-13 17:04:04,446 INFO  db.DBStoreBuilder (DBStoreBuilder.java:addTable(110)) - using custom profile for table: deletedTable
2019-07-13 17:04:04,446 INFO  db.DBStoreBuilder (DBStoreBuilder.java:processTables(161)) - Using default column profile:DBProfile.DISK for Table:deletedTable
2019-07-13 17:04:04,447 INFO  db.DBStoreBuilder (DBStoreBuilder.java:addTable(110)) - using custom profile for table: openKeyTable
2019-07-13 17:04:04,447 INFO  db.DBStoreBuilder (DBStoreBuilder.java:processTables(161)) - Using default column profile:DBProfile.DISK for Table:openKeyTable
2019-07-13 17:04:04,448 INFO  db.DBStoreBuilder (DBStoreBuilder.java:addTable(110)) - using custom profile for table: s3Table
2019-07-13 17:04:04,448 INFO  db.DBStoreBuilder (DBStoreBuilder.java:processTables(161)) - Using default column profile:DBProfile.DISK for Table:s3Table
2019-07-13 17:04:04,448 INFO  db.DBStoreBuilder (DBStoreBuilder.java:addTable(110)) - using custom profile for table: multipartInfoTable
2019-07-13 17:04:04,449 INFO  db.DBStoreBuilder (DBStoreBuilder.java:processTables(161)) - Using default column profile:DBProfile.DISK for Table:multipartInfoTable
2019-07-13 17:04:04,449 INFO  db.DBStoreBuilder (DBStoreBuilder.java:addTable(110)) - using custom profile for table: dTokenTable
2019-07-13 17:04:04,449 INFO  db.DBStoreBuilder (DBStoreBuilder.java:processTables(161)) - Using default column profile:DBProfile.DISK for Table:dTokenTable
2019-07-13 17:04:04,450 INFO  db.DBStoreBuilder (DBStoreBuilder.java:addTable(110)) - using custom profile for table: s3SecretTable
2019-07-13 17:04:04,450 INFO  db.DBStoreBuilder (DBStoreBuilder.java:processTables(161)) - Using default column profile:DBProfile.DISK for Table:s3SecretTable
2019-07-13 17:04:04,451 INFO  db.DBStoreBuilder (DBStoreBuilder.java:addTable(110)) - using custom profile for table: prefixTable
2019-07-13 17:04:04,451 INFO  db.DBStoreBuilder (DBStoreBuilder.java:processTables(161)) - Using default column profile:DBProfile.DISK for Table:prefixTable
2019-07-13 17:04:04,452 INFO  db.DBStoreBuilder (DBStoreBuilder.java:addTable(110)) - using custom profile for table: default
2019-07-13 17:04:04,452 INFO  db.DBStoreBuilder (DBStoreBuilder.java:processTables(167)) - Using default column profile:DBProfile.DISK for Table:default
2019-07-13 17:04:04,452 INFO  db.DBStoreBuilder (DBStoreBuilder.java:getDbProfile(198)) - Using default options. DBProfile.DISK
2019-07-13 17:04:05,263 INFO  ipc.CallQueueManager (CallQueueManager.java:<init>(84)) - Using callQueue: class java.util.concurrent.LinkedBlockingQueue, queueCapacity: 2000, scheduler: class org.apache.hadoop.ipc.DefaultRpcScheduler, ipcBackoff: false.
2019-07-13 17:04:05,265 INFO  ipc.Server (Server.java:run(1074)) - Starting Socket Reader #1 for port 40690
2019-07-13 17:04:05,292 WARN  server.ServerUtils (ServerUtils.java:getDBPath(222)) - ozone.om.db.dirs is not configured. We recommend adding this setting. Falling back to ozone.metadata.dirs instead.
2019-07-13 17:04:05,293 INFO  om.OzoneManager (OzoneManager.java:start(1228)) - OzoneManager RPC server is listening at localhost/127.0.0.1:40690
2019-07-13 17:04:05,293 INFO  impl.MetricsSystemImpl (MetricsSystemImpl.java:init(158)) - OzoneManager metrics system started (again)
2019-07-13 17:04:05,295 INFO  ipc.Server (Server.java:run(1314)) - IPC Server Responder: starting
2019-07-13 17:04:05,295 INFO  ipc.Server (Server.java:run(1153)) - IPC Server listener on 40690: starting
2019-07-13 17:04:05,307 INFO  hdfs.DFSUtil (DFSUtil.java:httpServerTemplateForNNAndJN(1641)) - Starting Web-server for ozoneManager at: http://0.0.0.0:0
2019-07-13 17:04:05,309 INFO  server.AuthenticationFilter (AuthenticationFilter.java:constructSecretProvider(240)) - Unable to initialize FileSignerSecretProvider, falling back to use random secrets.
2019-07-13 17:04:05,310 WARN  http.HttpRequestLog (HttpRequestLog.java:getRequestLog(97)) - Jetty request log can only be enabled using Log4j
2019-07-13 17:04:05,313 INFO  http.HttpServer2 (HttpServer2.java:addGlobalFilter(975)) - Added global filter 'safety' (class=org.apache.hadoop.http.HttpServer2$QuotingInputFilter)
2019-07-13 17:04:05,316 INFO  http.HttpServer2 (HttpServer2.java:addFilter(948)) - Added filter static_user_filter (class=org.apache.hadoop.http.lib.StaticUserWebFilter$StaticUserFilter) to context ozoneManager
2019-07-13 17:04:05,316 INFO  http.HttpServer2 (HttpServer2.java:addFilter(958)) - Added filter static_user_filter (class=org.apache.hadoop.http.lib.StaticUserWebFilter$StaticUserFilter) to context static
2019-07-13 17:04:05,316 INFO  http.HttpServer2 (HttpServer2.java:addFilter(958)) - Added filter static_user_filter (class=org.apache.hadoop.http.lib.StaticUserWebFilter$StaticUserFilter) to context logs
2019-07-13 17:04:05,319 INFO  http.HttpServer2 (HttpServer2.java:bindListener(1191)) - Jetty bound to port 45978
2019-07-13 17:04:05,320 INFO  server.Server (Server.java:doStart(351)) - jetty-9.3.24.v20180605, build timestamp: 2018-06-05T17:11:56Z, git hash: 84205aa28f11a4f31f2a3b86d1bba2cc8ab69827
2019-07-13 17:04:05,322 INFO  handler.ContextHandler (ContextHandler.java:doStart(781)) - Started o.e.j.s.ServletContextHandler@2d0bfb24{/logs,file:///tmp/workdir/hadoop-ozone/integration-test/target/log,AVAILABLE}
2019-07-13 17:04:05,323 INFO  handler.ContextHandler (ContextHandler.java:doStart(781)) - Started o.e.j.s.ServletContextHandler@7b44b63d{/static,file:///tmp/workdir/hadoop-ozone/integration-test/target/test-classes/webapps/static,AVAILABLE}
2019-07-13 17:04:05,330 INFO  handler.ContextHandler (ContextHandler.java:doStart(781)) - Started o.e.j.w.WebAppContext@3e9803c2{/,file:///tmp/workdir/hadoop-ozone/integration-test/target/test-classes/webapps/ozoneManager/,AVAILABLE}{/ozoneManager}
2019-07-13 17:04:05,331 INFO  server.AbstractConnector (AbstractConnector.java:doStart(278)) - Started ServerConnector@4525d1d3{HTTP/1.1,[http/1.1]}{0.0.0.0:45978}
2019-07-13 17:04:05,331 INFO  server.Server (Server.java:doStart(419)) - Started @3582ms
2019-07-13 17:04:05,332 INFO  server.BaseHttpServer (BaseHttpServer.java:updateConnectorAddress(207)) - HTTP server of OZONEMANAGER is listening at http://0.0.0.0:45978
2019-07-13 17:04:05,619 INFO  impl.MetricsSystemImpl (MetricsSystemImpl.java:init(158)) - HddsDatanode metrics system started (again)
2019-07-13 17:04:05,702 INFO  ozone.HddsDatanodeService (HddsDatanodeService.java:start(185)) - HddsDatanodeService host:trunk-nightly-z92hn-1831959607 ip:192.168.5.187
2019-07-13 17:04:05,730 INFO  volume.HddsVolume (HddsVolume.java:<init>(176)) - Creating Volume: /tmp/workdir/hadoop-ozone/integration-test/target/test-dir/MiniOzoneClusterImpl-4453a8a5-71ed-4512-a901-37f4cf98323b/datanode-0/data/containers/hdds of  storage type : DISK and capacity : 52710309888
2019-07-13 17:04:05,732 INFO  volume.VolumeSet (VolumeSet.java:initializeVolumeSet(170)) - Added Volume : /tmp/workdir/hadoop-ozone/integration-test/target/test-dir/MiniOzoneClusterImpl-4453a8a5-71ed-4512-a901-37f4cf98323b/datanode-0/data/containers/hdds to VolumeSet
2019-07-13 17:04:05,734 INFO  volume.ThrottledAsyncChecker (ThrottledAsyncChecker.java:schedule(140)) - Scheduling a check for org.apache.hadoop.ozone.container.common.volume.HddsVolume@59546cfe
2019-07-13 17:04:05,751 INFO  volume.HddsVolumeChecker (HddsVolumeChecker.java:checkAllVolumes(203)) - Scheduled health check for volume org.apache.hadoop.ozone.container.common.volume.HddsVolume@59546cfe
2019-07-13 17:04:05,869 INFO  impl.RaftServerProxy (ConfUtils.java:logGet(43)) - raft.rpc.type = GRPC (default)
2019-07-13 17:04:05,952 INFO  grpc.GrpcFactory (GrpcFactory.java:checkPooledByteBufAllocatorUseCacheForAllThreads(45)) - PERFORMANCE WARNING: useCacheForAllThreads is true that may cause Netty to create a lot garbage objects and, as a result, trigger GC.
	It is recommended to disable useCacheForAllThreads by setting -Dorg.apache.ratis.thirdparty.io.netty.allocator.useCacheForAllThreads=false in command line.
2019-07-13 17:04:05,957 INFO  grpc.GrpcConfigKeys$Server (ConfUtils.java:logGet(43)) - raft.grpc.server.port = 0 (default)
2019-07-13 17:04:05,958 INFO  server.GrpcService (ConfUtils.java:logGet(43)) - raft.grpc.message.size.max = 33570816 (custom)
2019-07-13 17:04:05,959 INFO  server.RaftServerConfigKeys (ConfUtils.java:logGet(43)) - raft.server.log.appender.buffer.byte-limit = 33554432 (custom)
2019-07-13 17:04:05,960 INFO  server.GrpcService (ConfUtils.java:logGet(43)) - raft.grpc.flow.control.window = 1MB (=1048576) (default)
2019-07-13 17:04:05,961 INFO  server.RaftServerConfigKeys (ConfUtils.java:logGet(43)) - raft.server.rpc.request.timeout = 3000ms (default)
2019-07-13 17:04:06,115 INFO  server.RaftServerConfigKeys (ConfUtils.java:logGet(43)) - raft.server.storage.dir = [/tmp/workdir/hadoop-ozone/integration-test/target/test-dir/MiniOzoneClusterImpl-4453a8a5-71ed-4512-a901-37f4cf98323b/datanode-0/data/ratis] (custom)
2019-07-13 17:04:06,158 INFO  replication.SimpleContainerDownloader (SimpleContainerDownloader.java:<init>(72)) - Starting container downloader service to copy containers to replicate.
2019-07-13 17:04:06,176 INFO  hdfs.DFSUtil (DFSUtil.java:httpServerTemplateForNNAndJN(1641)) - Starting Web-server for hddsDatanode at: http://0.0.0.0:0
2019-07-13 17:04:06,179 INFO  server.AuthenticationFilter (AuthenticationFilter.java:constructSecretProvider(240)) - Unable to initialize FileSignerSecretProvider, falling back to use random secrets.
2019-07-13 17:04:06,180 WARN  http.HttpRequestLog (HttpRequestLog.java:getRequestLog(97)) - Jetty request log can only be enabled using Log4j
2019-07-13 17:04:06,183 INFO  http.HttpServer2 (HttpServer2.java:addGlobalFilter(975)) - Added global filter 'safety' (class=org.apache.hadoop.http.HttpServer2$QuotingInputFilter)
2019-07-13 17:04:06,184 INFO  http.HttpServer2 (HttpServer2.java:addFilter(948)) - Added filter static_user_filter (class=org.apache.hadoop.http.lib.StaticUserWebFilter$StaticUserFilter) to context hddsDatanode
2019-07-13 17:04:06,184 INFO  http.HttpServer2 (HttpServer2.java:addFilter(958)) - Added filter static_user_filter (class=org.apache.hadoop.http.lib.StaticUserWebFilter$StaticUserFilter) to context static
2019-07-13 17:04:06,185 INFO  http.HttpServer2 (HttpServer2.java:addFilter(958)) - Added filter static_user_filter (class=org.apache.hadoop.http.lib.StaticUserWebFilter$StaticUserFilter) to context logs
2019-07-13 17:04:06,186 INFO  http.HttpServer2 (HttpServer2.java:bindListener(1191)) - Jetty bound to port 39082
2019-07-13 17:04:06,187 INFO  server.Server (Server.java:doStart(351)) - jetty-9.3.24.v20180605, build timestamp: 2018-06-05T17:11:56Z, git hash: 84205aa28f11a4f31f2a3b86d1bba2cc8ab69827
2019-07-13 17:04:06,189 INFO  handler.ContextHandler (ContextHandler.java:doStart(781)) - Started o.e.j.s.ServletContextHandler@36cc9385{/logs,file:///tmp/workdir/hadoop-ozone/integration-test/target/log,AVAILABLE}
2019-07-13 17:04:06,190 INFO  handler.ContextHandler (ContextHandler.java:doStart(781)) - Started o.e.j.s.ServletContextHandler@7915bca3{/static,jar:file:/home/user/.m2/repository/org/apache/hadoop/hadoop-hdds-container-service/0.5.0-SNAPSHOT/hadoop-hdds-container-service-0.5.0-SNAPSHOT.jar!/webapps/static,AVAILABLE}
2019-07-13 17:04:06,254 INFO  handler.ContextHandler (ContextHandler.java:doStart(781)) - Started o.e.j.w.WebAppContext@37e0292a{/,file:///tmp/jetty-0.0.0.0-39082-hddsDatanode-_-any-5506247118785000216.dir/webapp/,AVAILABLE}{/hddsDatanode}
2019-07-13 17:04:06,255 INFO  server.AbstractConnector (AbstractConnector.java:doStart(278)) - Started ServerConnector@4af70944{HTTP/1.1,[http/1.1]}{0.0.0.0:39082}
2019-07-13 17:04:06,256 INFO  server.Server (Server.java:doStart(419)) - Started @4507ms
2019-07-13 17:04:06,260 INFO  server.BaseHttpServer (BaseHttpServer.java:updateConnectorAddress(207)) - HTTP server of HDDSDATANODE is listening at http://0.0.0.0:39082
2019-07-13 17:04:07,589 INFO  ozone.HddsDatanodeService (HddsDatanodeService.java:startPlugins(396)) - Started plug-in org.apache.hadoop.ozone.web.OzoneHddsDatanodeService@b4732dc
2019-07-13 17:04:07,591 INFO  impl.MetricsSystemImpl (MetricsSystemImpl.java:init(158)) - HddsDatanode metrics system started (again)
2019-07-13 17:04:07,592 INFO  ozone.HddsDatanodeService (HddsDatanodeService.java:start(185)) - HddsDatanodeService host:trunk-nightly-z92hn-1831959607 ip:192.168.5.187
2019-07-13 17:04:07,597 INFO  util.JvmPauseMonitor (JvmPauseMonitor.java:run(188)) - Starting JVM pause monitor
2019-07-13 17:04:07,601 INFO  volume.HddsVolume (HddsVolume.java:<init>(176)) - Creating Volume: /tmp/workdir/hadoop-ozone/integration-test/target/test-dir/MiniOzoneClusterImpl-4453a8a5-71ed-4512-a901-37f4cf98323b/datanode-1/data/containers/hdds of  storage type : DISK and capacity : 52710309888
2019-07-13 17:04:07,601 INFO  volume.VolumeSet (VolumeSet.java:initializeVolumeSet(170)) - Added Volume : /tmp/workdir/hadoop-ozone/integration-test/target/test-dir/MiniOzoneClusterImpl-4453a8a5-71ed-4512-a901-37f4cf98323b/datanode-1/data/containers/hdds to VolumeSet
2019-07-13 17:04:07,602 INFO  volume.ThrottledAsyncChecker (ThrottledAsyncChecker.java:schedule(140)) - Scheduling a check for org.apache.hadoop.ozone.container.common.volume.HddsVolume@778a1250
2019-07-13 17:04:07,603 INFO  volume.HddsVolumeChecker (HddsVolumeChecker.java:checkAllVolumes(203)) - Scheduled health check for volume org.apache.hadoop.ozone.container.common.volume.HddsVolume@778a1250
2019-07-13 17:04:07,631 INFO  impl.RaftServerProxy (ConfUtils.java:logGet(43)) - raft.rpc.type = GRPC (default)
2019-07-13 17:04:07,631 INFO  grpc.GrpcFactory (GrpcFactory.java:checkPooledByteBufAllocatorUseCacheForAllThreads(45)) - PERFORMANCE WARNING: useCacheForAllThreads is true that may cause Netty to create a lot garbage objects and, as a result, trigger GC.
	It is recommended to disable useCacheForAllThreads by setting -Dorg.apache.ratis.thirdparty.io.netty.allocator.useCacheForAllThreads=false in command line.
2019-07-13 17:04:07,632 INFO  grpc.GrpcConfigKeys$Server (ConfUtils.java:logGet(43)) - raft.grpc.server.port = 0 (default)
2019-07-13 17:04:07,632 INFO  server.GrpcService (ConfUtils.java:logGet(43)) - raft.grpc.message.size.max = 33570816 (custom)
2019-07-13 17:04:07,633 INFO  server.RaftServerConfigKeys (ConfUtils.java:logGet(43)) - raft.server.log.appender.buffer.byte-limit = 33554432 (custom)
2019-07-13 17:04:07,633 INFO  server.GrpcService (ConfUtils.java:logGet(43)) - raft.grpc.flow.control.window = 1MB (=1048576) (default)
2019-07-13 17:04:07,633 INFO  server.RaftServerConfigKeys (ConfUtils.java:logGet(43)) - raft.server.rpc.request.timeout = 3000ms (default)
2019-07-13 17:04:07,636 INFO  server.RaftServerConfigKeys (ConfUtils.java:logGet(43)) - raft.server.storage.dir = [/tmp/workdir/hadoop-ozone/integration-test/target/test-dir/MiniOzoneClusterImpl-4453a8a5-71ed-4512-a901-37f4cf98323b/datanode-1/data/ratis] (custom)
2019-07-13 17:04:07,637 INFO  replication.SimpleContainerDownloader (SimpleContainerDownloader.java:<init>(72)) - Starting container downloader service to copy containers to replicate.
2019-07-13 17:04:07,639 INFO  hdfs.DFSUtil (DFSUtil.java:httpServerTemplateForNNAndJN(1641)) - Starting Web-server for hddsDatanode at: http://0.0.0.0:0
2019-07-13 17:04:07,641 INFO  server.AuthenticationFilter (AuthenticationFilter.java:constructSecretProvider(240)) - Unable to initialize FileSignerSecretProvider, falling back to use random secrets.
2019-07-13 17:04:07,642 WARN  http.HttpRequestLog (HttpRequestLog.java:getRequestLog(97)) - Jetty request log can only be enabled using Log4j
2019-07-13 17:04:07,644 INFO  http.HttpServer2 (HttpServer2.java:addGlobalFilter(975)) - Added global filter 'safety' (class=org.apache.hadoop.http.HttpServer2$QuotingInputFilter)
2019-07-13 17:04:07,644 INFO  http.HttpServer2 (HttpServer2.java:addFilter(948)) - Added filter static_user_filter (class=org.apache.hadoop.http.lib.StaticUserWebFilter$StaticUserFilter) to context hddsDatanode
2019-07-13 17:04:07,644 INFO  http.HttpServer2 (HttpServer2.java:addFilter(958)) - Added filter static_user_filter (class=org.apache.hadoop.http.lib.StaticUserWebFilter$StaticUserFilter) to context static
2019-07-13 17:04:07,644 INFO  http.HttpServer2 (HttpServer2.java:addFilter(958)) - Added filter static_user_filter (class=org.apache.hadoop.http.lib.StaticUserWebFilter$StaticUserFilter) to context logs
2019-07-13 17:04:07,645 INFO  http.HttpServer2 (HttpServer2.java:bindListener(1191)) - Jetty bound to port 44900
2019-07-13 17:04:07,645 INFO  server.Server (Server.java:doStart(351)) - jetty-9.3.24.v20180605, build timestamp: 2018-06-05T17:11:56Z, git hash: 84205aa28f11a4f31f2a3b86d1bba2cc8ab69827
2019-07-13 17:04:07,647 INFO  handler.ContextHandler (ContextHandler.java:doStart(781)) - Started o.e.j.s.ServletContextHandler@359066bc{/logs,file:///tmp/workdir/hadoop-ozone/integration-test/target/log,AVAILABLE}
2019-07-13 17:04:07,648 INFO  handler.ContextHandler (ContextHandler.java:doStart(781)) - Started o.e.j.s.ServletContextHandler@364fd4ae{/static,jar:file:/home/user/.m2/repository/org/apache/hadoop/hadoop-hdds-container-service/0.5.0-SNAPSHOT/hadoop-hdds-container-service-0.5.0-SNAPSHOT.jar!/webapps/static,AVAILABLE}
2019-07-13 17:04:07,674 INFO  handler.ContextHandler (ContextHandler.java:doStart(781)) - Started o.e.j.w.WebAppContext@2e1eb85f{/,file:///tmp/jetty-0.0.0.0-44900-hddsDatanode-_-any-7750210977969240339.dir/webapp/,AVAILABLE}{/hddsDatanode}
2019-07-13 17:04:07,675 INFO  server.AbstractConnector (AbstractConnector.java:doStart(278)) - Started ServerConnector@ea7a4c3{HTTP/1.1,[http/1.1]}{0.0.0.0:44900}
2019-07-13 17:04:07,676 INFO  server.Server (Server.java:doStart(419)) - Started @5927ms
2019-07-13 17:04:07,678 INFO  server.BaseHttpServer (BaseHttpServer.java:updateConnectorAddress(207)) - HTTP server of HDDSDATANODE is listening at http://0.0.0.0:44900
2019-07-13 17:04:07,716 INFO  datanode.InitDatanodeState (InitDatanodeState.java:persistContainerDatanodeDetails(140)) - DatanodeDetails is persisted to /tmp/workdir/hadoop-ozone/integration-test/target/test-dir/MiniOzoneClusterImpl-4453a8a5-71ed-4512-a901-37f4cf98323b/datanode-0/meta/datanode.id
2019-07-13 17:04:07,795 INFO  ozone.HddsDatanodeService (HddsDatanodeService.java:startPlugins(396)) - Started plug-in org.apache.hadoop.ozone.web.OzoneHddsDatanodeService@5729b410
2019-07-13 17:04:07,796 INFO  impl.MetricsSystemImpl (MetricsSystemImpl.java:init(158)) - HddsDatanode metrics system started (again)
2019-07-13 17:04:07,796 INFO  ozone.HddsDatanodeService (HddsDatanodeService.java:start(185)) - HddsDatanodeService host:trunk-nightly-z92hn-1831959607 ip:192.168.5.187
2019-07-13 17:04:07,798 INFO  util.JvmPauseMonitor (JvmPauseMonitor.java:run(188)) - Starting JVM pause monitor
2019-07-13 17:04:07,801 INFO  datanode.InitDatanodeState (InitDatanodeState.java:persistContainerDatanodeDetails(140)) - DatanodeDetails is persisted to /tmp/workdir/hadoop-ozone/integration-test/target/test-dir/MiniOzoneClusterImpl-4453a8a5-71ed-4512-a901-37f4cf98323b/datanode-1/meta/datanode.id
2019-07-13 17:04:07,804 INFO  volume.HddsVolume (HddsVolume.java:<init>(176)) - Creating Volume: /tmp/workdir/hadoop-ozone/integration-test/target/test-dir/MiniOzoneClusterImpl-4453a8a5-71ed-4512-a901-37f4cf98323b/datanode-2/data/containers/hdds of  storage type : DISK and capacity : 52710309888
2019-07-13 17:04:07,805 INFO  volume.VolumeSet (VolumeSet.java:initializeVolumeSet(170)) - Added Volume : /tmp/workdir/hadoop-ozone/integration-test/target/test-dir/MiniOzoneClusterImpl-4453a8a5-71ed-4512-a901-37f4cf98323b/datanode-2/data/containers/hdds to VolumeSet
2019-07-13 17:04:07,805 INFO  volume.ThrottledAsyncChecker (ThrottledAsyncChecker.java:schedule(140)) - Scheduling a check for org.apache.hadoop.ozone.container.common.volume.HddsVolume@52b959df
2019-07-13 17:04:07,807 INFO  volume.HddsVolumeChecker (HddsVolumeChecker.java:checkAllVolumes(203)) - Scheduled health check for volume org.apache.hadoop.ozone.container.common.volume.HddsVolume@52b959df
2019-07-13 17:04:07,828 INFO  impl.RaftServerProxy (ConfUtils.java:logGet(43)) - raft.rpc.type = GRPC (default)
2019-07-13 17:04:07,829 INFO  grpc.GrpcFactory (GrpcFactory.java:checkPooledByteBufAllocatorUseCacheForAllThreads(45)) - PERFORMANCE WARNING: useCacheForAllThreads is true that may cause Netty to create a lot garbage objects and, as a result, trigger GC.
	It is recommended to disable useCacheForAllThreads by setting -Dorg.apache.ratis.thirdparty.io.netty.allocator.useCacheForAllThreads=false in command line.
2019-07-13 17:04:07,829 INFO  grpc.GrpcConfigKeys$Server (ConfUtils.java:logGet(43)) - raft.grpc.server.port = 0 (default)
2019-07-13 17:04:07,829 INFO  server.GrpcService (ConfUtils.java:logGet(43)) - raft.grpc.message.size.max = 33570816 (custom)
2019-07-13 17:04:07,830 INFO  server.RaftServerConfigKeys (ConfUtils.java:logGet(43)) - raft.server.log.appender.buffer.byte-limit = 33554432 (custom)
2019-07-13 17:04:07,830 INFO  server.GrpcService (ConfUtils.java:logGet(43)) - raft.grpc.flow.control.window = 1MB (=1048576) (default)
2019-07-13 17:04:07,831 INFO  server.RaftServerConfigKeys (ConfUtils.java:logGet(43)) - raft.server.rpc.request.timeout = 3000ms (default)
2019-07-13 17:04:07,831 INFO  server.RaftServerConfigKeys (ConfUtils.java:logGet(43)) - raft.server.storage.dir = [/tmp/workdir/hadoop-ozone/integration-test/target/test-dir/MiniOzoneClusterImpl-4453a8a5-71ed-4512-a901-37f4cf98323b/datanode-2/data/ratis] (custom)
2019-07-13 17:04:07,832 INFO  replication.SimpleContainerDownloader (SimpleContainerDownloader.java:<init>(72)) - Starting container downloader service to copy containers to replicate.
2019-07-13 17:04:07,834 INFO  hdfs.DFSUtil (DFSUtil.java:httpServerTemplateForNNAndJN(1641)) - Starting Web-server for hddsDatanode at: http://0.0.0.0:0
2019-07-13 17:04:07,835 INFO  server.AuthenticationFilter (AuthenticationFilter.java:constructSecretProvider(240)) - Unable to initialize FileSignerSecretProvider, falling back to use random secrets.
2019-07-13 17:04:07,835 WARN  http.HttpRequestLog (HttpRequestLog.java:getRequestLog(97)) - Jetty request log can only be enabled using Log4j
2019-07-13 17:04:07,836 INFO  http.HttpServer2 (HttpServer2.java:addGlobalFilter(975)) - Added global filter 'safety' (class=org.apache.hadoop.http.HttpServer2$QuotingInputFilter)
2019-07-13 17:04:07,837 INFO  http.HttpServer2 (HttpServer2.java:addFilter(948)) - Added filter static_user_filter (class=org.apache.hadoop.http.lib.StaticUserWebFilter$StaticUserFilter) to context hddsDatanode
2019-07-13 17:04:07,837 INFO  http.HttpServer2 (HttpServer2.java:addFilter(958)) - Added filter static_user_filter (class=org.apache.hadoop.http.lib.StaticUserWebFilter$StaticUserFilter) to context static
2019-07-13 17:04:07,837 INFO  http.HttpServer2 (HttpServer2.java:addFilter(958)) - Added filter static_user_filter (class=org.apache.hadoop.http.lib.StaticUserWebFilter$StaticUserFilter) to context logs
2019-07-13 17:04:07,838 INFO  http.HttpServer2 (HttpServer2.java:bindListener(1191)) - Jetty bound to port 41381
2019-07-13 17:04:07,838 INFO  server.Server (Server.java:doStart(351)) - jetty-9.3.24.v20180605, build timestamp: 2018-06-05T17:11:56Z, git hash: 84205aa28f11a4f31f2a3b86d1bba2cc8ab69827
2019-07-13 17:04:07,840 INFO  handler.ContextHandler (ContextHandler.java:doStart(781)) - Started o.e.j.s.ServletContextHandler@631c6d11{/logs,file:///tmp/workdir/hadoop-ozone/integration-test/target/log,AVAILABLE}
2019-07-13 17:04:07,841 INFO  handler.ContextHandler (ContextHandler.java:doStart(781)) - Started o.e.j.s.ServletContextHandler@62ade015{/static,jar:file:/home/user/.m2/repository/org/apache/hadoop/hadoop-hdds-container-service/0.5.0-SNAPSHOT/hadoop-hdds-container-service-0.5.0-SNAPSHOT.jar!/webapps/static,AVAILABLE}
2019-07-13 17:04:07,862 INFO  handler.ContextHandler (ContextHandler.java:doStart(781)) - Started o.e.j.w.WebAppContext@7197b07f{/,file:///tmp/jetty-0.0.0.0-41381-hddsDatanode-_-any-675093494327274039.dir/webapp/,AVAILABLE}{/hddsDatanode}
2019-07-13 17:04:07,862 INFO  server.AbstractConnector (AbstractConnector.java:doStart(278)) - Started ServerConnector@1f10fec6{HTTP/1.1,[http/1.1]}{0.0.0.0:41381}
2019-07-13 17:04:07,862 INFO  server.Server (Server.java:doStart(419)) - Started @6114ms
2019-07-13 17:04:07,863 INFO  server.BaseHttpServer (BaseHttpServer.java:updateConnectorAddress(207)) - HTTP server of HDDSDATANODE is listening at http://0.0.0.0:41381
2019-07-13 17:04:07,970 INFO  ozone.HddsDatanodeService (HddsDatanodeService.java:startPlugins(396)) - Started plug-in org.apache.hadoop.ozone.web.OzoneHddsDatanodeService@7436364d
2019-07-13 17:04:07,971 INFO  impl.MetricsSystemImpl (MetricsSystemImpl.java:init(158)) - HddsDatanode metrics system started (again)
2019-07-13 17:04:07,971 INFO  ozone.HddsDatanodeService (HddsDatanodeService.java:start(185)) - HddsDatanodeService host:trunk-nightly-z92hn-1831959607 ip:192.168.5.187
2019-07-13 17:04:07,973 INFO  util.JvmPauseMonitor (JvmPauseMonitor.java:run(188)) - Starting JVM pause monitor
2019-07-13 17:04:07,977 INFO  datanode.InitDatanodeState (InitDatanodeState.java:persistContainerDatanodeDetails(140)) - DatanodeDetails is persisted to /tmp/workdir/hadoop-ozone/integration-test/target/test-dir/MiniOzoneClusterImpl-4453a8a5-71ed-4512-a901-37f4cf98323b/datanode-2/meta/datanode.id
2019-07-13 17:04:07,979 INFO  volume.HddsVolume (HddsVolume.java:<init>(176)) - Creating Volume: /tmp/workdir/hadoop-ozone/integration-test/target/test-dir/MiniOzoneClusterImpl-4453a8a5-71ed-4512-a901-37f4cf98323b/datanode-3/data/containers/hdds of  storage type : DISK and capacity : 52710309888
2019-07-13 17:04:07,979 INFO  volume.VolumeSet (VolumeSet.java:initializeVolumeSet(170)) - Added Volume : /tmp/workdir/hadoop-ozone/integration-test/target/test-dir/MiniOzoneClusterImpl-4453a8a5-71ed-4512-a901-37f4cf98323b/datanode-3/data/containers/hdds to VolumeSet
2019-07-13 17:04:07,979 INFO  volume.ThrottledAsyncChecker (ThrottledAsyncChecker.java:schedule(140)) - Scheduling a check for org.apache.hadoop.ozone.container.common.volume.HddsVolume@517704
2019-07-13 17:04:07,980 INFO  volume.HddsVolumeChecker (HddsVolumeChecker.java:checkAllVolumes(203)) - Scheduled health check for volume org.apache.hadoop.ozone.container.common.volume.HddsVolume@517704
2019-07-13 17:04:07,991 INFO  impl.RaftServerProxy (ConfUtils.java:logGet(43)) - raft.rpc.type = GRPC (default)
2019-07-13 17:04:07,991 INFO  grpc.GrpcFactory (GrpcFactory.java:checkPooledByteBufAllocatorUseCacheForAllThreads(45)) - PERFORMANCE WARNING: useCacheForAllThreads is true that may cause Netty to create a lot garbage objects and, as a result, trigger GC.
	It is recommended to disable useCacheForAllThreads by setting -Dorg.apache.ratis.thirdparty.io.netty.allocator.useCacheForAllThreads=false in command line.
2019-07-13 17:04:07,992 INFO  grpc.GrpcConfigKeys$Server (ConfUtils.java:logGet(43)) - raft.grpc.server.port = 0 (default)
2019-07-13 17:04:07,992 INFO  server.GrpcService (ConfUtils.java:logGet(43)) - raft.grpc.message.size.max = 33570816 (custom)
2019-07-13 17:04:07,992 INFO  server.RaftServerConfigKeys (ConfUtils.java:logGet(43)) - raft.server.log.appender.buffer.byte-limit = 33554432 (custom)
2019-07-13 17:04:07,992 INFO  server.GrpcService (ConfUtils.java:logGet(43)) - raft.grpc.flow.control.window = 1MB (=1048576) (default)
2019-07-13 17:04:07,992 INFO  server.RaftServerConfigKeys (ConfUtils.java:logGet(43)) - raft.server.rpc.request.timeout = 3000ms (default)
2019-07-13 17:04:07,993 INFO  server.RaftServerConfigKeys (ConfUtils.java:logGet(43)) - raft.server.storage.dir = [/tmp/workdir/hadoop-ozone/integration-test/target/test-dir/MiniOzoneClusterImpl-4453a8a5-71ed-4512-a901-37f4cf98323b/datanode-3/data/ratis] (custom)
2019-07-13 17:04:07,993 INFO  replication.SimpleContainerDownloader (SimpleContainerDownloader.java:<init>(72)) - Starting container downloader service to copy containers to replicate.
2019-07-13 17:04:07,995 INFO  hdfs.DFSUtil (DFSUtil.java:httpServerTemplateForNNAndJN(1641)) - Starting Web-server for hddsDatanode at: http://0.0.0.0:0
2019-07-13 17:04:07,996 INFO  server.AuthenticationFilter (AuthenticationFilter.java:constructSecretProvider(240)) - Unable to initialize FileSignerSecretProvider, falling back to use random secrets.
2019-07-13 17:04:07,996 WARN  http.HttpRequestLog (HttpRequestLog.java:getRequestLog(97)) - Jetty request log can only be enabled using Log4j
2019-07-13 17:04:07,997 INFO  http.HttpServer2 (HttpServer2.java:addGlobalFilter(975)) - Added global filter 'safety' (class=org.apache.hadoop.http.HttpServer2$QuotingInputFilter)
2019-07-13 17:04:07,998 INFO  http.HttpServer2 (HttpServer2.java:addFilter(948)) - Added filter static_user_filter (class=org.apache.hadoop.http.lib.StaticUserWebFilter$StaticUserFilter) to context hddsDatanode
2019-07-13 17:04:07,998 INFO  http.HttpServer2 (HttpServer2.java:addFilter(958)) - Added filter static_user_filter (class=org.apache.hadoop.http.lib.StaticUserWebFilter$StaticUserFilter) to context static
2019-07-13 17:04:07,998 INFO  http.HttpServer2 (HttpServer2.java:addFilter(958)) - Added filter static_user_filter (class=org.apache.hadoop.http.lib.StaticUserWebFilter$StaticUserFilter) to context logs
2019-07-13 17:04:07,999 INFO  http.HttpServer2 (HttpServer2.java:bindListener(1191)) - Jetty bound to port 34361
2019-07-13 17:04:07,999 INFO  server.Server (Server.java:doStart(351)) - jetty-9.3.24.v20180605, build timestamp: 2018-06-05T17:11:56Z, git hash: 84205aa28f11a4f31f2a3b86d1bba2cc8ab69827
2019-07-13 17:04:08,001 INFO  handler.ContextHandler (ContextHandler.java:doStart(781)) - Started o.e.j.s.ServletContextHandler@1e30db85{/logs,file:///tmp/workdir/hadoop-ozone/integration-test/target/log,AVAILABLE}
2019-07-13 17:04:08,001 INFO  handler.ContextHandler (ContextHandler.java:doStart(781)) - Started o.e.j.s.ServletContextHandler@cc9ef8d{/static,jar:file:/home/user/.m2/repository/org/apache/hadoop/hadoop-hdds-container-service/0.5.0-SNAPSHOT/hadoop-hdds-container-service-0.5.0-SNAPSHOT.jar!/webapps/static,AVAILABLE}
2019-07-13 17:04:08,025 INFO  handler.ContextHandler (ContextHandler.java:doStart(781)) - Started o.e.j.w.WebAppContext@6a2d867d{/,file:///tmp/jetty-0.0.0.0-34361-hddsDatanode-_-any-7547607692194226301.dir/webapp/,AVAILABLE}{/hddsDatanode}
2019-07-13 17:04:08,025 INFO  server.AbstractConnector (AbstractConnector.java:doStart(278)) - Started ServerConnector@73bb1337{HTTP/1.1,[http/1.1]}{0.0.0.0:34361}
2019-07-13 17:04:08,026 INFO  server.Server (Server.java:doStart(419)) - Started @6277ms
2019-07-13 17:04:08,027 INFO  server.BaseHttpServer (BaseHttpServer.java:updateConnectorAddress(207)) - HTTP server of HDDSDATANODE is listening at http://0.0.0.0:34361
2019-07-13 17:04:08,130 INFO  ozone.HddsDatanodeService (HddsDatanodeService.java:startPlugins(396)) - Started plug-in org.apache.hadoop.ozone.web.OzoneHddsDatanodeService@65da01f4
2019-07-13 17:04:08,131 INFO  impl.MetricsSystemImpl (MetricsSystemImpl.java:init(158)) - HddsDatanode metrics system started (again)
2019-07-13 17:04:08,131 INFO  ozone.HddsDatanodeService (HddsDatanodeService.java:start(185)) - HddsDatanodeService host:trunk-nightly-z92hn-1831959607 ip:192.168.5.187
2019-07-13 17:04:08,134 INFO  util.JvmPauseMonitor (JvmPauseMonitor.java:run(188)) - Starting JVM pause monitor
2019-07-13 17:04:08,137 INFO  datanode.InitDatanodeState (InitDatanodeState.java:persistContainerDatanodeDetails(140)) - DatanodeDetails is persisted to /tmp/workdir/hadoop-ozone/integration-test/target/test-dir/MiniOzoneClusterImpl-4453a8a5-71ed-4512-a901-37f4cf98323b/datanode-3/meta/datanode.id
2019-07-13 17:04:08,140 INFO  volume.HddsVolume (HddsVolume.java:<init>(176)) - Creating Volume: /tmp/workdir/hadoop-ozone/integration-test/target/test-dir/MiniOzoneClusterImpl-4453a8a5-71ed-4512-a901-37f4cf98323b/datanode-4/data/containers/hdds of  storage type : DISK and capacity : 52710309888
2019-07-13 17:04:08,141 INFO  volume.VolumeSet (VolumeSet.java:initializeVolumeSet(170)) - Added Volume : /tmp/workdir/hadoop-ozone/integration-test/target/test-dir/MiniOzoneClusterImpl-4453a8a5-71ed-4512-a901-37f4cf98323b/datanode-4/data/containers/hdds to VolumeSet
2019-07-13 17:04:08,141 INFO  volume.ThrottledAsyncChecker (ThrottledAsyncChecker.java:schedule(140)) - Scheduling a check for org.apache.hadoop.ozone.container.common.volume.HddsVolume@6b2fdffc
2019-07-13 17:04:08,141 INFO  volume.HddsVolumeChecker (HddsVolumeChecker.java:checkAllVolumes(203)) - Scheduled health check for volume org.apache.hadoop.ozone.container.common.volume.HddsVolume@6b2fdffc
2019-07-13 17:04:08,153 INFO  impl.RaftServerProxy (ConfUtils.java:logGet(43)) - raft.rpc.type = GRPC (default)
2019-07-13 17:04:08,153 INFO  grpc.GrpcFactory (GrpcFactory.java:checkPooledByteBufAllocatorUseCacheForAllThreads(45)) - PERFORMANCE WARNING: useCacheForAllThreads is true that may cause Netty to create a lot garbage objects and, as a result, trigger GC.
	It is recommended to disable useCacheForAllThreads by setting -Dorg.apache.ratis.thirdparty.io.netty.allocator.useCacheForAllThreads=false in command line.
2019-07-13 17:04:08,153 INFO  grpc.GrpcConfigKeys$Server (ConfUtils.java:logGet(43)) - raft.grpc.server.port = 0 (default)
2019-07-13 17:04:08,153 INFO  server.GrpcService (ConfUtils.java:logGet(43)) - raft.grpc.message.size.max = 33570816 (custom)
2019-07-13 17:04:08,154 INFO  server.RaftServerConfigKeys (ConfUtils.java:logGet(43)) - raft.server.log.appender.buffer.byte-limit = 33554432 (custom)
2019-07-13 17:04:08,154 INFO  server.GrpcService (ConfUtils.java:logGet(43)) - raft.grpc.flow.control.window = 1MB (=1048576) (default)
2019-07-13 17:04:08,154 INFO  server.RaftServerConfigKeys (ConfUtils.java:logGet(43)) - raft.server.rpc.request.timeout = 3000ms (default)
2019-07-13 17:04:08,155 INFO  server.RaftServerConfigKeys (ConfUtils.java:logGet(43)) - raft.server.storage.dir = [/tmp/workdir/hadoop-ozone/integration-test/target/test-dir/MiniOzoneClusterImpl-4453a8a5-71ed-4512-a901-37f4cf98323b/datanode-4/data/ratis] (custom)
2019-07-13 17:04:08,155 INFO  replication.SimpleContainerDownloader (SimpleContainerDownloader.java:<init>(72)) - Starting container downloader service to copy containers to replicate.
2019-07-13 17:04:08,156 INFO  hdfs.DFSUtil (DFSUtil.java:httpServerTemplateForNNAndJN(1641)) - Starting Web-server for hddsDatanode at: http://0.0.0.0:0
2019-07-13 17:04:08,157 INFO  server.AuthenticationFilter (AuthenticationFilter.java:constructSecretProvider(240)) - Unable to initialize FileSignerSecretProvider, falling back to use random secrets.
2019-07-13 17:04:08,157 WARN  http.HttpRequestLog (HttpRequestLog.java:getRequestLog(97)) - Jetty request log can only be enabled using Log4j
2019-07-13 17:04:08,160 INFO  http.HttpServer2 (HttpServer2.java:addGlobalFilter(975)) - Added global filter 'safety' (class=org.apache.hadoop.http.HttpServer2$QuotingInputFilter)
2019-07-13 17:04:08,161 INFO  http.HttpServer2 (HttpServer2.java:addFilter(948)) - Added filter static_user_filter (class=org.apache.hadoop.http.lib.StaticUserWebFilter$StaticUserFilter) to context hddsDatanode
2019-07-13 17:04:08,162 INFO  http.HttpServer2 (HttpServer2.java:addFilter(958)) - Added filter static_user_filter (class=org.apache.hadoop.http.lib.StaticUserWebFilter$StaticUserFilter) to context logs
2019-07-13 17:04:08,162 INFO  http.HttpServer2 (HttpServer2.java:addFilter(958)) - Added filter static_user_filter (class=org.apache.hadoop.http.lib.StaticUserWebFilter$StaticUserFilter) to context static
2019-07-13 17:04:08,162 INFO  http.HttpServer2 (HttpServer2.java:bindListener(1191)) - Jetty bound to port 43964
2019-07-13 17:04:08,162 INFO  server.Server (Server.java:doStart(351)) - jetty-9.3.24.v20180605, build timestamp: 2018-06-05T17:11:56Z, git hash: 84205aa28f11a4f31f2a3b86d1bba2cc8ab69827
2019-07-13 17:04:08,166 INFO  handler.ContextHandler (ContextHandler.java:doStart(781)) - Started o.e.j.s.ServletContextHandler@615db358{/logs,file:///tmp/workdir/hadoop-ozone/integration-test/target/log,AVAILABLE}
2019-07-13 17:04:08,166 INFO  handler.ContextHandler (ContextHandler.java:doStart(781)) - Started o.e.j.s.ServletContextHandler@5fef0c19{/static,jar:file:/home/user/.m2/repository/org/apache/hadoop/hadoop-hdds-container-service/0.5.0-SNAPSHOT/hadoop-hdds-container-service-0.5.0-SNAPSHOT.jar!/webapps/static,AVAILABLE}
2019-07-13 17:04:08,189 INFO  handler.ContextHandler (ContextHandler.java:doStart(781)) - Started o.e.j.w.WebAppContext@367d34c0{/,file:///tmp/jetty-0.0.0.0-43964-hddsDatanode-_-any-8712016972533242470.dir/webapp/,AVAILABLE}{/hddsDatanode}
2019-07-13 17:04:08,190 INFO  server.AbstractConnector (AbstractConnector.java:doStart(278)) - Started ServerConnector@4ce25e47{HTTP/1.1,[http/1.1]}{0.0.0.0:43964}
2019-07-13 17:04:08,190 INFO  server.Server (Server.java:doStart(419)) - Started @6441ms
2019-07-13 17:04:08,191 INFO  server.BaseHttpServer (BaseHttpServer.java:updateConnectorAddress(207)) - HTTP server of HDDSDATANODE is listening at http://0.0.0.0:43964
2019-07-13 17:04:08,351 INFO  ozone.HddsDatanodeService (HddsDatanodeService.java:startPlugins(396)) - Started plug-in org.apache.hadoop.ozone.web.OzoneHddsDatanodeService@15d236fd
2019-07-13 17:04:08,351 INFO  impl.MetricsSystemImpl (MetricsSystemImpl.java:init(158)) - HddsDatanode metrics system started (again)
2019-07-13 17:04:08,351 INFO  ozone.HddsDatanodeService (HddsDatanodeService.java:start(185)) - HddsDatanodeService host:trunk-nightly-z92hn-1831959607 ip:192.168.5.187
2019-07-13 17:04:08,354 INFO  util.JvmPauseMonitor (JvmPauseMonitor.java:run(188)) - Starting JVM pause monitor
2019-07-13 17:04:08,356 INFO  datanode.InitDatanodeState (InitDatanodeState.java:persistContainerDatanodeDetails(140)) - DatanodeDetails is persisted to /tmp/workdir/hadoop-ozone/integration-test/target/test-dir/MiniOzoneClusterImpl-4453a8a5-71ed-4512-a901-37f4cf98323b/datanode-4/meta/datanode.id
2019-07-13 17:04:08,360 INFO  volume.HddsVolume (HddsVolume.java:<init>(176)) - Creating Volume: /tmp/workdir/hadoop-ozone/integration-test/target/test-dir/MiniOzoneClusterImpl-4453a8a5-71ed-4512-a901-37f4cf98323b/datanode-5/data/containers/hdds of  storage type : DISK and capacity : 52710309888
2019-07-13 17:04:08,360 INFO  volume.VolumeSet (VolumeSet.java:initializeVolumeSet(170)) - Added Volume : /tmp/workdir/hadoop-ozone/integration-test/target/test-dir/MiniOzoneClusterImpl-4453a8a5-71ed-4512-a901-37f4cf98323b/datanode-5/data/containers/hdds to VolumeSet
2019-07-13 17:04:08,361 INFO  volume.ThrottledAsyncChecker (ThrottledAsyncChecker.java:schedule(140)) - Scheduling a check for org.apache.hadoop.ozone.container.common.volume.HddsVolume@33eb0d4
2019-07-13 17:04:08,361 INFO  volume.HddsVolumeChecker (HddsVolumeChecker.java:checkAllVolumes(203)) - Scheduled health check for volume org.apache.hadoop.ozone.container.common.volume.HddsVolume@33eb0d4
2019-07-13 17:04:08,377 INFO  impl.RaftServerProxy (ConfUtils.java:logGet(43)) - raft.rpc.type = GRPC (default)
2019-07-13 17:04:08,377 INFO  grpc.GrpcFactory (GrpcFactory.java:checkPooledByteBufAllocatorUseCacheForAllThreads(45)) - PERFORMANCE WARNING: useCacheForAllThreads is true that may cause Netty to create a lot garbage objects and, as a result, trigger GC.
	It is recommended to disable useCacheForAllThreads by setting -Dorg.apache.ratis.thirdparty.io.netty.allocator.useCacheForAllThreads=false in command line.
2019-07-13 17:04:08,377 INFO  grpc.GrpcConfigKeys$Server (ConfUtils.java:logGet(43)) - raft.grpc.server.port = 0 (default)
2019-07-13 17:04:08,378 INFO  server.GrpcService (ConfUtils.java:logGet(43)) - raft.grpc.message.size.max = 33570816 (custom)
2019-07-13 17:04:08,378 INFO  server.RaftServerConfigKeys (ConfUtils.java:logGet(43)) - raft.server.log.appender.buffer.byte-limit = 33554432 (custom)
2019-07-13 17:04:08,378 INFO  server.GrpcService (ConfUtils.java:logGet(43)) - raft.grpc.flow.control.window = 1MB (=1048576) (default)
2019-07-13 17:04:08,378 INFO  server.RaftServerConfigKeys (ConfUtils.java:logGet(43)) - raft.server.rpc.request.timeout = 3000ms (default)
2019-07-13 17:04:08,379 INFO  server.RaftServerConfigKeys (ConfUtils.java:logGet(43)) - raft.server.storage.dir = [/tmp/workdir/hadoop-ozone/integration-test/target/test-dir/MiniOzoneClusterImpl-4453a8a5-71ed-4512-a901-37f4cf98323b/datanode-5/data/ratis] (custom)
2019-07-13 17:04:08,379 INFO  replication.SimpleContainerDownloader (SimpleContainerDownloader.java:<init>(72)) - Starting container downloader service to copy containers to replicate.
2019-07-13 17:04:08,381 INFO  hdfs.DFSUtil (DFSUtil.java:httpServerTemplateForNNAndJN(1641)) - Starting Web-server for hddsDatanode at: http://0.0.0.0:0
2019-07-13 17:04:08,383 INFO  server.AuthenticationFilter (AuthenticationFilter.java:constructSecretProvider(240)) - Unable to initialize FileSignerSecretProvider, falling back to use random secrets.
2019-07-13 17:04:08,383 WARN  http.HttpRequestLog (HttpRequestLog.java:getRequestLog(97)) - Jetty request log can only be enabled using Log4j
2019-07-13 17:04:08,385 INFO  http.HttpServer2 (HttpServer2.java:addGlobalFilter(975)) - Added global filter 'safety' (class=org.apache.hadoop.http.HttpServer2$QuotingInputFilter)
2019-07-13 17:04:08,386 INFO  http.HttpServer2 (HttpServer2.java:addFilter(948)) - Added filter static_user_filter (class=org.apache.hadoop.http.lib.StaticUserWebFilter$StaticUserFilter) to context hddsDatanode
2019-07-13 17:04:08,386 INFO  http.HttpServer2 (HttpServer2.java:addFilter(958)) - Added filter static_user_filter (class=org.apache.hadoop.http.lib.StaticUserWebFilter$StaticUserFilter) to context static
2019-07-13 17:04:08,386 INFO  http.HttpServer2 (HttpServer2.java:addFilter(958)) - Added filter static_user_filter (class=org.apache.hadoop.http.lib.StaticUserWebFilter$StaticUserFilter) to context logs
2019-07-13 17:04:08,387 INFO  http.HttpServer2 (HttpServer2.java:bindListener(1191)) - Jetty bound to port 32984
2019-07-13 17:04:08,387 INFO  server.Server (Server.java:doStart(351)) - jetty-9.3.24.v20180605, build timestamp: 2018-06-05T17:11:56Z, git hash: 84205aa28f11a4f31f2a3b86d1bba2cc8ab69827
2019-07-13 17:04:08,390 INFO  handler.ContextHandler (ContextHandler.java:doStart(781)) - Started o.e.j.s.ServletContextHandler@6885ed19{/logs,file:///tmp/workdir/hadoop-ozone/integration-test/target/log,AVAILABLE}
2019-07-13 17:04:08,390 INFO  handler.ContextHandler (ContextHandler.java:doStart(781)) - Started o.e.j.s.ServletContextHandler@2d4a3e13{/static,jar:file:/home/user/.m2/repository/org/apache/hadoop/hadoop-hdds-container-service/0.5.0-SNAPSHOT/hadoop-hdds-container-service-0.5.0-SNAPSHOT.jar!/webapps/static,AVAILABLE}
2019-07-13 17:04:08,420 INFO  handler.ContextHandler (ContextHandler.java:doStart(781)) - Started o.e.j.w.WebAppContext@561f9d92{/,file:///tmp/jetty-0.0.0.0-32984-hddsDatanode-_-any-6173665062972628266.dir/webapp/,AVAILABLE}{/hddsDatanode}
2019-07-13 17:04:08,421 INFO  server.AbstractConnector (AbstractConnector.java:doStart(278)) - Started ServerConnector@1c84d80a{HTTP/1.1,[http/1.1]}{0.0.0.0:32984}
2019-07-13 17:04:08,422 INFO  server.Server (Server.java:doStart(419)) - Started @6673ms
2019-07-13 17:04:08,423 INFO  server.BaseHttpServer (BaseHttpServer.java:updateConnectorAddress(207)) - HTTP server of HDDSDATANODE is listening at http://0.0.0.0:32984
2019-07-13 17:04:08,532 INFO  ozone.HddsDatanodeService (HddsDatanodeService.java:startPlugins(396)) - Started plug-in org.apache.hadoop.ozone.web.OzoneHddsDatanodeService@16f15ae9
2019-07-13 17:04:08,533 INFO  impl.MetricsSystemImpl (MetricsSystemImpl.java:init(158)) - HddsDatanode metrics system started (again)
2019-07-13 17:04:08,533 INFO  ozone.HddsDatanodeService (HddsDatanodeService.java:start(185)) - HddsDatanodeService host:trunk-nightly-z92hn-1831959607 ip:192.168.5.187
2019-07-13 17:04:08,534 INFO  util.JvmPauseMonitor (JvmPauseMonitor.java:run(188)) - Starting JVM pause monitor
2019-07-13 17:04:08,537 INFO  datanode.InitDatanodeState (InitDatanodeState.java:persistContainerDatanodeDetails(140)) - DatanodeDetails is persisted to /tmp/workdir/hadoop-ozone/integration-test/target/test-dir/MiniOzoneClusterImpl-4453a8a5-71ed-4512-a901-37f4cf98323b/datanode-5/meta/datanode.id
2019-07-13 17:04:08,541 INFO  volume.HddsVolume (HddsVolume.java:<init>(176)) - Creating Volume: /tmp/workdir/hadoop-ozone/integration-test/target/test-dir/MiniOzoneClusterImpl-4453a8a5-71ed-4512-a901-37f4cf98323b/datanode-6/data/containers/hdds of  storage type : DISK and capacity : 52710309888
2019-07-13 17:04:08,541 INFO  volume.VolumeSet (VolumeSet.java:initializeVolumeSet(170)) - Added Volume : /tmp/workdir/hadoop-ozone/integration-test/target/test-dir/MiniOzoneClusterImpl-4453a8a5-71ed-4512-a901-37f4cf98323b/datanode-6/data/containers/hdds to VolumeSet
2019-07-13 17:04:08,541 INFO  volume.ThrottledAsyncChecker (ThrottledAsyncChecker.java:schedule(140)) - Scheduling a check for org.apache.hadoop.ozone.container.common.volume.HddsVolume@2b79c8ff
2019-07-13 17:04:08,542 INFO  volume.HddsVolumeChecker (HddsVolumeChecker.java:checkAllVolumes(203)) - Scheduled health check for volume org.apache.hadoop.ozone.container.common.volume.HddsVolume@2b79c8ff
2019-07-13 17:04:08,554 INFO  impl.RaftServerProxy (ConfUtils.java:logGet(43)) - raft.rpc.type = GRPC (default)
2019-07-13 17:04:08,555 INFO  grpc.GrpcFactory (GrpcFactory.java:checkPooledByteBufAllocatorUseCacheForAllThreads(45)) - PERFORMANCE WARNING: useCacheForAllThreads is true that may cause Netty to create a lot garbage objects and, as a result, trigger GC.
	It is recommended to disable useCacheForAllThreads by setting -Dorg.apache.ratis.thirdparty.io.netty.allocator.useCacheForAllThreads=false in command line.
2019-07-13 17:04:08,555 INFO  grpc.GrpcConfigKeys$Server (ConfUtils.java:logGet(43)) - raft.grpc.server.port = 0 (default)
2019-07-13 17:04:08,555 INFO  server.GrpcService (ConfUtils.java:logGet(43)) - raft.grpc.message.size.max = 33570816 (custom)
2019-07-13 17:04:08,555 INFO  server.RaftServerConfigKeys (ConfUtils.java:logGet(43)) - raft.server.log.appender.buffer.byte-limit = 33554432 (custom)
2019-07-13 17:04:08,555 INFO  server.GrpcService (ConfUtils.java:logGet(43)) - raft.grpc.flow.control.window = 1MB (=1048576) (default)
2019-07-13 17:04:08,555 INFO  server.RaftServerConfigKeys (ConfUtils.java:logGet(43)) - raft.server.rpc.request.timeout = 3000ms (default)
2019-07-13 17:04:08,556 INFO  server.RaftServerConfigKeys (ConfUtils.java:logGet(43)) - raft.server.storage.dir = [/tmp/workdir/hadoop-ozone/integration-test/target/test-dir/MiniOzoneClusterImpl-4453a8a5-71ed-4512-a901-37f4cf98323b/datanode-6/data/ratis] (custom)
2019-07-13 17:04:08,556 INFO  replication.SimpleContainerDownloader (SimpleContainerDownloader.java:<init>(72)) - Starting container downloader service to copy containers to replicate.
2019-07-13 17:04:08,557 INFO  hdfs.DFSUtil (DFSUtil.java:httpServerTemplateForNNAndJN(1641)) - Starting Web-server for hddsDatanode at: http://0.0.0.0:0
2019-07-13 17:04:08,558 INFO  server.AuthenticationFilter (AuthenticationFilter.java:constructSecretProvider(240)) - Unable to initialize FileSignerSecretProvider, falling back to use random secrets.
2019-07-13 17:04:08,559 WARN  http.HttpRequestLog (HttpRequestLog.java:getRequestLog(97)) - Jetty request log can only be enabled using Log4j
2019-07-13 17:04:08,560 INFO  http.HttpServer2 (HttpServer2.java:addGlobalFilter(975)) - Added global filter 'safety' (class=org.apache.hadoop.http.HttpServer2$QuotingInputFilter)
2019-07-13 17:04:08,560 INFO  http.HttpServer2 (HttpServer2.java:addFilter(948)) - Added filter static_user_filter (class=org.apache.hadoop.http.lib.StaticUserWebFilter$StaticUserFilter) to context hddsDatanode
2019-07-13 17:04:08,560 INFO  http.HttpServer2 (HttpServer2.java:addFilter(958)) - Added filter static_user_filter (class=org.apache.hadoop.http.lib.StaticUserWebFilter$StaticUserFilter) to context logs
2019-07-13 17:04:08,560 INFO  http.HttpServer2 (HttpServer2.java:addFilter(958)) - Added filter static_user_filter (class=org.apache.hadoop.http.lib.StaticUserWebFilter$StaticUserFilter) to context static
2019-07-13 17:04:08,561 INFO  http.HttpServer2 (HttpServer2.java:bindListener(1191)) - Jetty bound to port 38192
2019-07-13 17:04:08,561 INFO  server.Server (Server.java:doStart(351)) - jetty-9.3.24.v20180605, build timestamp: 2018-06-05T17:11:56Z, git hash: 84205aa28f11a4f31f2a3b86d1bba2cc8ab69827
2019-07-13 17:04:08,604 INFO  handler.ContextHandler (ContextHandler.java:doStart(781)) - Started o.e.j.s.ServletContextHandler@6568f998{/logs,file:///tmp/workdir/hadoop-ozone/integration-test/target/log,AVAILABLE}
2019-07-13 17:04:08,608 INFO  handler.ContextHandler (ContextHandler.java:doStart(781)) - Started o.e.j.s.ServletContextHandler@782fd504{/static,jar:file:/home/user/.m2/repository/org/apache/hadoop/hadoop-hdds-container-service/0.5.0-SNAPSHOT/hadoop-hdds-container-service-0.5.0-SNAPSHOT.jar!/webapps/static,AVAILABLE}
2019-07-13 17:04:08,662 INFO  handler.ContextHandler (ContextHandler.java:doStart(781)) - Started o.e.j.w.WebAppContext@418f0534{/,file:///tmp/jetty-0.0.0.0-38192-hddsDatanode-_-any-264215799326093925.dir/webapp/,AVAILABLE}{/hddsDatanode}
2019-07-13 17:04:08,662 INFO  server.AbstractConnector (AbstractConnector.java:doStart(278)) - Started ServerConnector@3dfd7eaa{HTTP/1.1,[http/1.1]}{0.0.0.0:38192}
2019-07-13 17:04:08,663 INFO  server.Server (Server.java:doStart(419)) - Started @6914ms
2019-07-13 17:04:08,664 INFO  server.BaseHttpServer (BaseHttpServer.java:updateConnectorAddress(207)) - HTTP server of HDDSDATANODE is listening at http://0.0.0.0:38192
2019-07-13 17:04:08,767 INFO  ozone.HddsDatanodeService (HddsDatanodeService.java:startPlugins(396)) - Started plug-in org.apache.hadoop.ozone.web.OzoneHddsDatanodeService@28e7bb31
2019-07-13 17:04:08,768 INFO  ozone.MiniOzoneClusterImpl (MiniOzoneClusterImpl.java:lambda$waitForClusterToBeReady$0(142)) - Waiting for cluster to be ready. Got 0 of 7 DN Heartbeats.
2019-07-13 17:04:08,769 INFO  util.JvmPauseMonitor (JvmPauseMonitor.java:run(188)) - Starting JVM pause monitor
2019-07-13 17:04:08,771 INFO  datanode.InitDatanodeState (InitDatanodeState.java:persistContainerDatanodeDetails(140)) - DatanodeDetails is persisted to /tmp/workdir/hadoop-ozone/integration-test/target/test-dir/MiniOzoneClusterImpl-4453a8a5-71ed-4512-a901-37f4cf98323b/datanode-6/meta/datanode.id
2019-07-13 17:04:09,660 INFO  ozoneimpl.OzoneContainer (OzoneContainer.java:start(186)) - Attempting to start container services.
2019-07-13 17:04:09,660 INFO  ozoneimpl.OzoneContainer (OzoneContainer.java:startContainerScrub(160)) - Background container scrubber has been disabled by hdds.containerscrub.enabled
2019-07-13 17:04:09,661 INFO  ratis.XceiverServerRatis (XceiverServerRatis.java:start(418)) - Starting XceiverServerRatis 8525fc11-352f-49ff-bd2c-d11e7a41e5c1 at port 0
2019-07-13 17:04:09,685 INFO  impl.RaftServerProxy (RaftServerProxy.java:lambda$start$3(299)) - 8525fc11-352f-49ff-bd2c-d11e7a41e5c1: start RPC server
2019-07-13 17:04:09,769 INFO  ozone.MiniOzoneClusterImpl (MiniOzoneClusterImpl.java:lambda$waitForClusterToBeReady$0(142)) - Waiting for cluster to be ready. Got 0 of 7 DN Heartbeats.
2019-07-13 17:04:09,806 INFO  server.GrpcService (GrpcService.java:startImpl(149)) - 8525fc11-352f-49ff-bd2c-d11e7a41e5c1: GrpcService started, listening on 0.0.0.0/0.0.0.0:39914
2019-07-13 17:04:09,807 INFO  ratis.XceiverServerRatis (XceiverServerRatis.java:start(428)) - XceiverServerRatis 8525fc11-352f-49ff-bd2c-d11e7a41e5c1 is started using port 39914
2019-07-13 17:04:09,809 INFO  server.XceiverServerGrpc (XceiverServerGrpc.java:start(161)) - XceiverServerGrpc 8525fc11-352f-49ff-bd2c-d11e7a41e5c1 is started using port 43922
2019-07-13 17:04:09,817 INFO  ozoneimpl.OzoneContainer (OzoneContainer.java:start(186)) - Attempting to start container services.
2019-07-13 17:04:09,818 INFO  ozoneimpl.OzoneContainer (OzoneContainer.java:startContainerScrub(160)) - Background container scrubber has been disabled by hdds.containerscrub.enabled
2019-07-13 17:04:09,819 INFO  ratis.XceiverServerRatis (XceiverServerRatis.java:start(418)) - Starting XceiverServerRatis 38f048c8-7f9e-4c00-ac5a-b798ffdcff37 at port 0
2019-07-13 17:04:09,826 INFO  impl.RaftServerProxy (RaftServerProxy.java:lambda$start$3(299)) - 38f048c8-7f9e-4c00-ac5a-b798ffdcff37: start RPC server
2019-07-13 17:04:09,828 INFO  server.GrpcService (GrpcService.java:startImpl(149)) - 38f048c8-7f9e-4c00-ac5a-b798ffdcff37: GrpcService started, listening on 0.0.0.0/0.0.0.0:42422
2019-07-13 17:04:09,829 INFO  ratis.XceiverServerRatis (XceiverServerRatis.java:start(428)) - XceiverServerRatis 38f048c8-7f9e-4c00-ac5a-b798ffdcff37 is started using port 42422
2019-07-13 17:04:09,831 INFO  server.XceiverServerGrpc (XceiverServerGrpc.java:start(161)) - XceiverServerGrpc 38f048c8-7f9e-4c00-ac5a-b798ffdcff37 is started using port 42990
2019-07-13 17:04:09,982 INFO  ozoneimpl.OzoneContainer (OzoneContainer.java:start(186)) - Attempting to start container services.
2019-07-13 17:04:09,984 INFO  ozoneimpl.OzoneContainer (OzoneContainer.java:startContainerScrub(160)) - Background container scrubber has been disabled by hdds.containerscrub.enabled
2019-07-13 17:04:09,984 INFO  ratis.XceiverServerRatis (XceiverServerRatis.java:start(418)) - Starting XceiverServerRatis e78338f8-6f42-43ab-84e2-658f872d6be9 at port 0
2019-07-13 17:04:09,993 INFO  impl.RaftServerProxy (RaftServerProxy.java:lambda$start$3(299)) - e78338f8-6f42-43ab-84e2-658f872d6be9: start RPC server
2019-07-13 17:04:09,996 INFO  server.GrpcService (GrpcService.java:startImpl(149)) - e78338f8-6f42-43ab-84e2-658f872d6be9: GrpcService started, listening on 0.0.0.0/0.0.0.0:44468
2019-07-13 17:04:09,996 INFO  ratis.XceiverServerRatis (XceiverServerRatis.java:start(428)) - XceiverServerRatis e78338f8-6f42-43ab-84e2-658f872d6be9 is started using port 44468
2019-07-13 17:04:10,000 INFO  server.XceiverServerGrpc (XceiverServerGrpc.java:start(161)) - XceiverServerGrpc e78338f8-6f42-43ab-84e2-658f872d6be9 is started using port 36858
2019-07-13 17:04:10,150 INFO  ozoneimpl.OzoneContainer (OzoneContainer.java:start(186)) - Attempting to start container services.
2019-07-13 17:04:10,153 INFO  ozoneimpl.OzoneContainer (OzoneContainer.java:startContainerScrub(160)) - Background container scrubber has been disabled by hdds.containerscrub.enabled
2019-07-13 17:04:10,153 INFO  ratis.XceiverServerRatis (XceiverServerRatis.java:start(418)) - Starting XceiverServerRatis aca7907b-671a-452e-950a-bfae2599f18a at port 0
2019-07-13 17:04:10,161 INFO  impl.RaftServerProxy (RaftServerProxy.java:lambda$start$3(299)) - aca7907b-671a-452e-950a-bfae2599f18a: start RPC server
2019-07-13 17:04:10,165 INFO  server.GrpcService (GrpcService.java:startImpl(149)) - aca7907b-671a-452e-950a-bfae2599f18a: GrpcService started, listening on 0.0.0.0/0.0.0.0:39251
2019-07-13 17:04:10,165 INFO  ratis.XceiverServerRatis (XceiverServerRatis.java:start(428)) - XceiverServerRatis aca7907b-671a-452e-950a-bfae2599f18a is started using port 39251
2019-07-13 17:04:10,168 INFO  server.XceiverServerGrpc (XceiverServerGrpc.java:start(161)) - XceiverServerGrpc aca7907b-671a-452e-950a-bfae2599f18a is started using port 34903
2019-07-13 17:04:10,365 INFO  ozoneimpl.OzoneContainer (OzoneContainer.java:start(186)) - Attempting to start container services.
2019-07-13 17:04:10,368 INFO  ozoneimpl.OzoneContainer (OzoneContainer.java:startContainerScrub(160)) - Background container scrubber has been disabled by hdds.containerscrub.enabled
2019-07-13 17:04:10,368 INFO  ratis.XceiverServerRatis (XceiverServerRatis.java:start(418)) - Starting XceiverServerRatis 5e4f3cb1-f064-48cd-b882-5ce5f38148b8 at port 0
2019-07-13 17:04:10,376 INFO  impl.RaftServerProxy (RaftServerProxy.java:lambda$start$3(299)) - 5e4f3cb1-f064-48cd-b882-5ce5f38148b8: start RPC server
2019-07-13 17:04:10,379 INFO  server.GrpcService (GrpcService.java:startImpl(149)) - 5e4f3cb1-f064-48cd-b882-5ce5f38148b8: GrpcService started, listening on 0.0.0.0/0.0.0.0:36386
2019-07-13 17:04:10,380 INFO  ratis.XceiverServerRatis (XceiverServerRatis.java:start(428)) - XceiverServerRatis 5e4f3cb1-f064-48cd-b882-5ce5f38148b8 is started using port 36386
2019-07-13 17:04:10,383 INFO  server.XceiverServerGrpc (XceiverServerGrpc.java:start(161)) - XceiverServerGrpc 5e4f3cb1-f064-48cd-b882-5ce5f38148b8 is started using port 40545
2019-07-13 17:04:10,558 INFO  ozoneimpl.OzoneContainer (OzoneContainer.java:start(186)) - Attempting to start container services.
2019-07-13 17:04:10,561 INFO  ozoneimpl.OzoneContainer (OzoneContainer.java:startContainerScrub(160)) - Background container scrubber has been disabled by hdds.containerscrub.enabled
2019-07-13 17:04:10,561 INFO  ratis.XceiverServerRatis (XceiverServerRatis.java:start(418)) - Starting XceiverServerRatis 51b86174-9a37-4423-a264-2190d87386c3 at port 0
2019-07-13 17:04:10,566 INFO  impl.RaftServerProxy (RaftServerProxy.java:lambda$start$3(299)) - 51b86174-9a37-4423-a264-2190d87386c3: start RPC server
2019-07-13 17:04:10,570 INFO  server.GrpcService (GrpcService.java:startImpl(149)) - 51b86174-9a37-4423-a264-2190d87386c3: GrpcService started, listening on 0.0.0.0/0.0.0.0:37502
2019-07-13 17:04:10,570 INFO  ratis.XceiverServerRatis (XceiverServerRatis.java:start(428)) - XceiverServerRatis 51b86174-9a37-4423-a264-2190d87386c3 is started using port 37502
2019-07-13 17:04:10,573 INFO  server.XceiverServerGrpc (XceiverServerGrpc.java:start(161)) - XceiverServerGrpc 51b86174-9a37-4423-a264-2190d87386c3 is started using port 37600
2019-07-13 17:04:10,769 INFO  ozone.MiniOzoneClusterImpl (MiniOzoneClusterImpl.java:lambda$waitForClusterToBeReady$0(142)) - Waiting for cluster to be ready. Got 0 of 7 DN Heartbeats.
2019-07-13 17:04:10,784 INFO  ozoneimpl.OzoneContainer (OzoneContainer.java:start(186)) - Attempting to start container services.
2019-07-13 17:04:10,788 INFO  ozoneimpl.OzoneContainer (OzoneContainer.java:startContainerScrub(160)) - Background container scrubber has been disabled by hdds.containerscrub.enabled
2019-07-13 17:04:10,788 INFO  ratis.XceiverServerRatis (XceiverServerRatis.java:start(418)) - Starting XceiverServerRatis d417f54d-23e4-4b91-a4e7-6e35cf4e80b3 at port 0
2019-07-13 17:04:10,794 INFO  impl.RaftServerProxy (RaftServerProxy.java:lambda$start$3(299)) - d417f54d-23e4-4b91-a4e7-6e35cf4e80b3: start RPC server
2019-07-13 17:04:10,799 INFO  server.GrpcService (GrpcService.java:startImpl(149)) - d417f54d-23e4-4b91-a4e7-6e35cf4e80b3: GrpcService started, listening on 0.0.0.0/0.0.0.0:33457
2019-07-13 17:04:10,799 INFO  ratis.XceiverServerRatis (XceiverServerRatis.java:start(428)) - XceiverServerRatis d417f54d-23e4-4b91-a4e7-6e35cf4e80b3 is started using port 33457
2019-07-13 17:04:10,804 INFO  server.XceiverServerGrpc (XceiverServerGrpc.java:start(161)) - XceiverServerGrpc d417f54d-23e4-4b91-a4e7-6e35cf4e80b3 is started using port 41764
2019-07-13 17:04:11,647 INFO  net.NetworkTopology (NetworkTopologyImpl.java:add(110)) - Added a new node: /default-rack/192.168.5.187
2019-07-13 17:04:11,647 INFO  node.SCMNodeManager (SCMNodeManager.java:register(269)) - Registered Data node : 8525fc11-352f-49ff-bd2c-d11e7a41e5c1{ip: 192.168.5.187, host: trunk-nightly-z92hn-1831959607, networkLocation: /default-rack, certSerialId: null}
2019-07-13 17:04:11,654 INFO  safemode.SCMSafeModeManager (DataNodeSafeModeRule.java:process(71)) - SCM in safe mode. 1 DataNodes registered, 1 required.
2019-07-13 17:04:11,654 INFO  safemode.SCMSafeModeManager (SCMSafeModeManager.java:validateSafeModeExitRules(177)) - ScmSafeModeManager, all rules are successfully validated
2019-07-13 17:04:11,654 INFO  safemode.SCMSafeModeManager (SCMSafeModeManager.java:exitSafeMode(193)) - SCM exiting safe mode.
2019-07-13 17:04:11,770 INFO  ozone.MiniOzoneClusterImpl (MiniOzoneClusterImpl.java:lambda$waitForClusterToBeReady$0(142)) - Waiting for cluster to be ready. Got 1 of 7 DN Heartbeats.
2019-07-13 17:04:11,803 INFO  node.SCMNodeManager (SCMNodeManager.java:register(269)) - Registered Data node : 38f048c8-7f9e-4c00-ac5a-b798ffdcff37{ip: 192.168.5.187, host: trunk-nightly-z92hn-1831959607, networkLocation: /default-rack, certSerialId: null}
2019-07-13 17:04:11,977 INFO  node.SCMNodeManager (SCMNodeManager.java:register(269)) - Registered Data node : e78338f8-6f42-43ab-84e2-658f872d6be9{ip: 192.168.5.187, host: trunk-nightly-z92hn-1831959607, networkLocation: /default-rack, certSerialId: null}
2019-07-13 17:04:12,139 INFO  node.SCMNodeManager (SCMNodeManager.java:register(269)) - Registered Data node : aca7907b-671a-452e-950a-bfae2599f18a{ip: 192.168.5.187, host: trunk-nightly-z92hn-1831959607, networkLocation: /default-rack, certSerialId: null}
2019-07-13 17:04:12,571 INFO  node.SCMNodeManager (SCMNodeManager.java:register(269)) - Registered Data node : 51b86174-9a37-4423-a264-2190d87386c3{ip: 192.168.5.187, host: trunk-nightly-z92hn-1831959607, networkLocation: /default-rack, certSerialId: null}
2019-07-13 17:04:12,571 INFO  node.SCMNodeManager (SCMNodeManager.java:register(269)) - Registered Data node : 5e4f3cb1-f064-48cd-b882-5ce5f38148b8{ip: 192.168.5.187, host: trunk-nightly-z92hn-1831959607, networkLocation: /default-rack, certSerialId: null}
2019-07-13 17:04:12,594 INFO  impl.RaftServerProxy (RaftServerProxy.java:addNew(89)) - 8525fc11-352f-49ff-bd2c-d11e7a41e5c1: addNew group-F2287C5C5504:[8525fc11-352f-49ff-bd2c-d11e7a41e5c1:192.168.5.187:39914] returns group-F2287C5C5504:java.util.concurrent.CompletableFuture@12ed5adf[Not completed]
2019-07-13 17:04:12,609 INFO  impl.RaftServerImpl (RaftServerImpl.java:<init>(93)) - 8525fc11-352f-49ff-bd2c-d11e7a41e5c1: new RaftServerImpl for group-F2287C5C5504:[8525fc11-352f-49ff-bd2c-d11e7a41e5c1:192.168.5.187:39914] with ContainerStateMachine:uninitialized
2019-07-13 17:04:12,611 INFO  server.RaftServerConfigKeys (ConfUtils.java:logGet(43)) - raft.server.rpc.timeout.min = 5s (custom)
2019-07-13 17:04:12,611 INFO  server.RaftServerConfigKeys (ConfUtils.java:logGet(43)) - raft.server.rpc.timeout.max = 5200ms (custom)
2019-07-13 17:04:12,611 INFO  server.RaftServerConfigKeys (ConfUtils.java:logGet(43)) - raft.server.rpcslowness.timeout = 120s (custom)
2019-07-13 17:04:12,613 INFO  server.RaftServerConfigKeys (ConfUtils.java:logGet(43)) - raft.server.sleep.deviation.threshold = 300 (default)
2019-07-13 17:04:12,614 INFO  server.RaftServerConfigKeys (ConfUtils.java:logGet(43)) - raft.server.log.appender.install.snapshot.enabled = false (custom)
2019-07-13 17:04:12,624 INFO  impl.RaftServerImpl (ServerState.java:<init>(105)) - 8525fc11-352f-49ff-bd2c-d11e7a41e5c1:group-F2287C5C5504 ConfigurationManager, init=-1: [8525fc11-352f-49ff-bd2c-d11e7a41e5c1:192.168.5.187:39914], old=null, confs=<EMPTY_MAP>
2019-07-13 17:04:12,625 INFO  server.RaftServerConfigKeys (ConfUtils.java:logGet(43)) - raft.server.storage.dir = [/tmp/workdir/hadoop-ozone/integration-test/target/test-dir/MiniOzoneClusterImpl-4453a8a5-71ed-4512-a901-37f4cf98323b/datanode-0/data/ratis] (custom)
2019-07-13 17:04:12,635 INFO  storage.RaftStorageDirectory (RaftStorageDirectory.java:analyzeStorage(246)) - The storage directory /tmp/workdir/hadoop-ozone/integration-test/target/test-dir/MiniOzoneClusterImpl-4453a8a5-71ed-4512-a901-37f4cf98323b/datanode-0/data/ratis/81b6a060-a02e-4242-b94c-f2287c5c5504 does not exist. Creating ...
2019-07-13 17:04:12,654 INFO  storage.RaftStorageDirectory (RaftStorageDirectory.java:tryLock(328)) - Lock on /tmp/workdir/hadoop-ozone/integration-test/target/test-dir/MiniOzoneClusterImpl-4453a8a5-71ed-4512-a901-37f4cf98323b/datanode-0/data/ratis/81b6a060-a02e-4242-b94c-f2287c5c5504/in_use.lock acquired by nodename 12212@trunk-nightly-z92hn-1831959607
2019-07-13 17:04:12,659 INFO  storage.RaftStorage (RaftStorage.java:format(72)) - Storage directory /tmp/workdir/hadoop-ozone/integration-test/target/test-dir/MiniOzoneClusterImpl-4453a8a5-71ed-4512-a901-37f4cf98323b/datanode-0/data/ratis/81b6a060-a02e-4242-b94c-f2287c5c5504 has been successfully formatted.
2019-07-13 17:04:12,662 INFO  ratis.ContainerStateMachine (ContainerStateMachine.java:loadSnapshot(200)) - The snapshot info is null.Setting the last applied index to:(t:0, i:~)
2019-07-13 17:04:12,662 INFO  server.RaftServerConfigKeys (ConfUtils.java:logGet(43)) - raft.server.leader.election.timeout = 120s (custom)
2019-07-13 17:04:12,665 INFO  server.RaftServerConfigKeys (ConfUtils.java:logGet(43)) - raft.server.log.use.memory = false (default)
2019-07-13 17:04:12,671 INFO  server.RaftServerConfigKeys (ConfUtils.java:logGet(43)) - raft.server.log.purge.gap = 1000000000 (custom)
2019-07-13 17:04:12,672 INFO  server.RaftServerConfigKeys (ConfUtils.java:logGet(43)) - raft.server.log.appender.buffer.byte-limit = 33554432 (custom)
2019-07-13 17:04:12,674 INFO  server.RaftServerConfigKeys (ConfUtils.java:logGet(43)) - raft.server.log.segment.size.max = 1048576 (custom)
2019-07-13 17:04:12,679 INFO  server.RaftServerConfigKeys (ConfUtils.java:logGet(43)) - raft.server.log.segment.cache.num.max = 2 (custom)
2019-07-13 17:04:12,685 INFO  segmented.SegmentedRaftLogWorker (SegmentedRaftLogWorker.java:<init>(172)) - new 8525fc11-352f-49ff-bd2c-d11e7a41e5c1-SegmentedRaftLogWorker:Storage Directory /tmp/workdir/hadoop-ozone/integration-test/target/test-dir/MiniOzoneClusterImpl-4453a8a5-71ed-4512-a901-37f4cf98323b/datanode-0/data/ratis/81b6a060-a02e-4242-b94c-f2287c5c5504 for RaftStorage:Storage Directory /tmp/workdir/hadoop-ozone/integration-test/target/test-dir/MiniOzoneClusterImpl-4453a8a5-71ed-4512-a901-37f4cf98323b/datanode-0/data/ratis/81b6a060-a02e-4242-b94c-f2287c5c5504
2019-07-13 17:04:12,699 INFO  server.RaftServerConfigKeys (ConfUtils.java:logGet(43)) - raft.server.log.queue.byte-limit = 2147483647 (custom)
2019-07-13 17:04:12,699 INFO  server.RaftServerConfigKeys (ConfUtils.java:logGet(43)) - raft.server.log.queue.element-limit = 1024 (custom)
2019-07-13 17:04:12,704 INFO  server.RaftServerConfigKeys (ConfUtils.java:logGet(43)) - raft.server.log.segment.size.max = 1048576 (custom)
2019-07-13 17:04:12,705 INFO  server.RaftServerConfigKeys (ConfUtils.java:logGet(43)) - raft.server.log.preallocated.size = 16384 (custom)
2019-07-13 17:04:12,705 INFO  server.RaftServerConfigKeys (ConfUtils.java:logGet(43)) - raft.server.log.write.buffer.size = 33554432 (custom)
2019-07-13 17:04:12,706 INFO  server.RaftServerConfigKeys (ConfUtils.java:logGet(43)) - raft.server.log.force.sync.num = 128 (default)
2019-07-13 17:04:12,707 INFO  server.RaftServerConfigKeys (ConfUtils.java:logGet(43)) - raft.server.log.statemachine.data.sync = true (default)
2019-07-13 17:04:12,707 INFO  server.RaftServerConfigKeys (ConfUtils.java:logGet(43)) - raft.server.log.statemachine.data.sync.timeout = 10s (default)
2019-07-13 17:04:12,707 INFO  server.RaftServerConfigKeys (ConfUtils.java:logGet(43)) - raft.server.log.statemachine.data.sync.timeout.retry = -1 (default)
2019-07-13 17:04:12,716 INFO  server.RaftServerConfigKeys (ConfUtils.java:logGet(43)) - raft.server.log.statemachine.data.caching.enabled = true (custom)
2019-07-13 17:04:12,721 INFO  segmented.SegmentedRaftLogWorker (SegmentedRaftLogWorker.java:lambda$new$0(132)) - 8525fc11-352f-49ff-bd2c-d11e7a41e5c1-SegmentedRaftLogWorker:Storage Directory /tmp/workdir/hadoop-ozone/integration-test/target/test-dir/MiniOzoneClusterImpl-4453a8a5-71ed-4512-a901-37f4cf98323b/datanode-0/data/ratis/81b6a060-a02e-4242-b94c-f2287c5c5504: flushIndex: setUnconditionally 0 -> -1
2019-07-13 17:04:12,725 INFO  server.RaftServerConfigKeys (ConfUtils.java:logGet(43)) - raft.server.snapshot.auto.trigger.enabled = true (custom)
2019-07-13 17:04:12,726 INFO  server.RaftServerConfigKeys (ConfUtils.java:logGet(43)) - raft.server.snapshot.auto.trigger.threshold = 10000 (custom)
2019-07-13 17:04:12,727 INFO  server.RaftServerConfigKeys (ConfUtils.java:logGet(43)) - raft.server.retrycache.expirytime = 600000ms (custom)
2019-07-13 17:04:12,746 INFO  impl.RaftServerImpl (RaftServerImpl.java:start(180)) - 8525fc11-352f-49ff-bd2c-d11e7a41e5c1: start group-F2287C5C5504
2019-07-13 17:04:12,747 INFO  impl.RaftServerImpl (RaftServerImpl.java:setRole(171)) - 8525fc11-352f-49ff-bd2c-d11e7a41e5c1:group-F2287C5C5504 changes role from null to FOLLOWER at term 0 for startAsFollower
2019-07-13 17:04:12,748 INFO  impl.RoleInfo (RoleInfo.java:updateAndGet(143)) - 8525fc11-352f-49ff-bd2c-d11e7a41e5c1: start FollowerState
2019-07-13 17:04:12,750 INFO  util.JmxRegister (JmxRegister.java:tryRegister(44)) - Successfully registered JMX Bean with object name Ratis:service=RaftServer,group=group-F2287C5C5504,id=8525fc11-352f-49ff-bd2c-d11e7a41e5c1
2019-07-13 17:04:12,773 INFO  ozone.MiniOzoneClusterImpl (MiniOzoneClusterImpl.java:lambda$waitForClusterToBeReady$0(142)) - Waiting for cluster to be ready. Got 6 of 7 DN Heartbeats.
2019-07-13 17:04:12,776 INFO  node.SCMNodeManager (SCMNodeManager.java:register(269)) - Registered Data node : d417f54d-23e4-4b91-a4e7-6e35cf4e80b3{ip: 192.168.5.187, host: trunk-nightly-z92hn-1831959607, networkLocation: /default-rack, certSerialId: null}
2019-07-13 17:04:12,825 INFO  pipeline.PipelineStateManager (PipelineStateManager.java:addPipeline(56)) - Created pipeline Pipeline[ Id: 81b6a060-a02e-4242-b94c-f2287c5c5504, Nodes: 8525fc11-352f-49ff-bd2c-d11e7a41e5c1{ip: 192.168.5.187, host: trunk-nightly-z92hn-1831959607, networkLocation: /default-rack, certSerialId: null}, Type:RATIS, Factor:ONE, State:OPEN]
2019-07-13 17:04:12,860 INFO  impl.RaftServerProxy (RaftServerProxy.java:addNew(89)) - d417f54d-23e4-4b91-a4e7-6e35cf4e80b3: addNew group-634846642C3A:[d417f54d-23e4-4b91-a4e7-6e35cf4e80b3:192.168.5.187:33457] returns group-634846642C3A:java.util.concurrent.CompletableFuture@6869652a[Not completed]
2019-07-13 17:04:12,920 INFO  impl.RaftServerImpl (RaftServerImpl.java:<init>(93)) - d417f54d-23e4-4b91-a4e7-6e35cf4e80b3: new RaftServerImpl for group-634846642C3A:[d417f54d-23e4-4b91-a4e7-6e35cf4e80b3:192.168.5.187:33457] with ContainerStateMachine:uninitialized
2019-07-13 17:04:12,923 INFO  server.RaftServerConfigKeys (ConfUtils.java:logGet(43)) - raft.server.rpc.timeout.min = 5s (custom)
2019-07-13 17:04:12,924 INFO  server.RaftServerConfigKeys (ConfUtils.java:logGet(43)) - raft.server.rpc.timeout.max = 5200ms (custom)
2019-07-13 17:04:12,924 INFO  server.RaftServerConfigKeys (ConfUtils.java:logGet(43)) - raft.server.rpcslowness.timeout = 120s (custom)
2019-07-13 17:04:12,924 INFO  server.RaftServerConfigKeys (ConfUtils.java:logGet(43)) - raft.server.sleep.deviation.threshold = 300 (default)
2019-07-13 17:04:12,924 INFO  server.RaftServerConfigKeys (ConfUtils.java:logGet(43)) - raft.server.log.appender.install.snapshot.enabled = false (custom)
2019-07-13 17:04:12,924 INFO  impl.RaftServerImpl (ServerState.java:<init>(105)) - d417f54d-23e4-4b91-a4e7-6e35cf4e80b3:group-634846642C3A ConfigurationManager, init=-1: [d417f54d-23e4-4b91-a4e7-6e35cf4e80b3:192.168.5.187:33457], old=null, confs=<EMPTY_MAP>
2019-07-13 17:04:12,925 INFO  server.RaftServerConfigKeys (ConfUtils.java:logGet(43)) - raft.server.storage.dir = [/tmp/workdir/hadoop-ozone/integration-test/target/test-dir/MiniOzoneClusterImpl-4453a8a5-71ed-4512-a901-37f4cf98323b/datanode-6/data/ratis] (custom)
2019-07-13 17:04:12,925 INFO  storage.RaftStorageDirectory (RaftStorageDirectory.java:analyzeStorage(246)) - The storage directory /tmp/workdir/hadoop-ozone/integration-test/target/test-dir/MiniOzoneClusterImpl-4453a8a5-71ed-4512-a901-37f4cf98323b/datanode-6/data/ratis/766a0230-df12-485c-b0bf-634846642c3a does not exist. Creating ...
2019-07-13 17:04:12,938 INFO  storage.RaftStorageDirectory (RaftStorageDirectory.java:tryLock(328)) - Lock on /tmp/workdir/hadoop-ozone/integration-test/target/test-dir/MiniOzoneClusterImpl-4453a8a5-71ed-4512-a901-37f4cf98323b/datanode-6/data/ratis/766a0230-df12-485c-b0bf-634846642c3a/in_use.lock acquired by nodename 12212@trunk-nightly-z92hn-1831959607
2019-07-13 17:04:12,950 INFO  storage.RaftStorage (RaftStorage.java:format(72)) - Storage directory /tmp/workdir/hadoop-ozone/integration-test/target/test-dir/MiniOzoneClusterImpl-4453a8a5-71ed-4512-a901-37f4cf98323b/datanode-6/data/ratis/766a0230-df12-485c-b0bf-634846642c3a has been successfully formatted.
2019-07-13 17:04:12,952 INFO  ratis.ContainerStateMachine (ContainerStateMachine.java:loadSnapshot(200)) - The snapshot info is null.Setting the last applied index to:(t:0, i:~)
2019-07-13 17:04:12,953 INFO  server.RaftServerConfigKeys (ConfUtils.java:logGet(43)) - raft.server.leader.election.timeout = 120s (custom)
2019-07-13 17:04:12,954 INFO  server.RaftServerConfigKeys (ConfUtils.java:logGet(43)) - raft.server.log.use.memory = false (default)
2019-07-13 17:04:12,954 INFO  server.RaftServerConfigKeys (ConfUtils.java:logGet(43)) - raft.server.log.purge.gap = 1000000000 (custom)
2019-07-13 17:04:12,954 INFO  server.RaftServerConfigKeys (ConfUtils.java:logGet(43)) - raft.server.log.appender.buffer.byte-limit = 33554432 (custom)
2019-07-13 17:04:12,954 INFO  server.RaftServerConfigKeys (ConfUtils.java:logGet(43)) - raft.server.log.segment.size.max = 1048576 (custom)
2019-07-13 17:04:12,954 INFO  server.RaftServerConfigKeys (ConfUtils.java:logGet(43)) - raft.server.log.segment.cache.num.max = 2 (custom)
2019-07-13 17:04:12,955 INFO  segmented.SegmentedRaftLogWorker (SegmentedRaftLogWorker.java:<init>(172)) - new d417f54d-23e4-4b91-a4e7-6e35cf4e80b3-SegmentedRaftLogWorker:Storage Directory /tmp/workdir/hadoop-ozone/integration-test/target/test-dir/MiniOzoneClusterImpl-4453a8a5-71ed-4512-a901-37f4cf98323b/datanode-6/data/ratis/766a0230-df12-485c-b0bf-634846642c3a for RaftStorage:Storage Directory /tmp/workdir/hadoop-ozone/integration-test/target/test-dir/MiniOzoneClusterImpl-4453a8a5-71ed-4512-a901-37f4cf98323b/datanode-6/data/ratis/766a0230-df12-485c-b0bf-634846642c3a
2019-07-13 17:04:12,956 INFO  server.RaftServerConfigKeys (ConfUtils.java:logGet(43)) - raft.server.log.queue.byte-limit = 2147483647 (custom)
2019-07-13 17:04:12,956 INFO  server.RaftServerConfigKeys (ConfUtils.java:logGet(43)) - raft.server.log.queue.element-limit = 1024 (custom)
2019-07-13 17:04:12,957 INFO  server.RaftServerConfigKeys (ConfUtils.java:logGet(43)) - raft.server.log.segment.size.max = 1048576 (custom)
2019-07-13 17:04:12,957 INFO  server.RaftServerConfigKeys (ConfUtils.java:logGet(43)) - raft.server.log.preallocated.size = 16384 (custom)
2019-07-13 17:04:12,957 INFO  server.RaftServerConfigKeys (ConfUtils.java:logGet(43)) - raft.server.log.write.buffer.size = 33554432 (custom)
2019-07-13 17:04:12,957 INFO  server.RaftServerConfigKeys (ConfUtils.java:logGet(43)) - raft.server.log.force.sync.num = 128 (default)
2019-07-13 17:04:12,958 INFO  server.RaftServerConfigKeys (ConfUtils.java:logGet(43)) - raft.server.log.statemachine.data.sync = true (default)
2019-07-13 17:04:12,958 INFO  server.RaftServerConfigKeys (ConfUtils.java:logGet(43)) - raft.server.log.statemachine.data.sync.timeout = 10s (default)
2019-07-13 17:04:12,958 INFO  server.RaftServerConfigKeys (ConfUtils.java:logGet(43)) - raft.server.log.statemachine.data.sync.timeout.retry = -1 (default)
2019-07-13 17:04:12,958 INFO  server.RaftServerConfigKeys (ConfUtils.java:logGet(43)) - raft.server.log.statemachine.data.caching.enabled = true (custom)
2019-07-13 17:04:12,959 INFO  segmented.SegmentedRaftLogWorker (SegmentedRaftLogWorker.java:lambda$new$0(132)) - d417f54d-23e4-4b91-a4e7-6e35cf4e80b3-SegmentedRaftLogWorker:Storage Directory /tmp/workdir/hadoop-ozone/integration-test/target/test-dir/MiniOzoneClusterImpl-4453a8a5-71ed-4512-a901-37f4cf98323b/datanode-6/data/ratis/766a0230-df12-485c-b0bf-634846642c3a: flushIndex: setUnconditionally 0 -> -1
2019-07-13 17:04:12,959 INFO  server.RaftServerConfigKeys (ConfUtils.java:logGet(43)) - raft.server.snapshot.auto.trigger.enabled = true (custom)
2019-07-13 17:04:12,959 INFO  server.RaftServerConfigKeys (ConfUtils.java:logGet(43)) - raft.server.snapshot.auto.trigger.threshold = 10000 (custom)
2019-07-13 17:04:12,960 INFO  server.RaftServerConfigKeys (ConfUtils.java:logGet(43)) - raft.server.retrycache.expirytime = 600000ms (custom)
2019-07-13 17:04:12,960 INFO  impl.RaftServerImpl (RaftServerImpl.java:start(180)) - d417f54d-23e4-4b91-a4e7-6e35cf4e80b3: start group-634846642C3A
2019-07-13 17:04:12,960 INFO  impl.RaftServerImpl (RaftServerImpl.java:setRole(171)) - d417f54d-23e4-4b91-a4e7-6e35cf4e80b3:group-634846642C3A changes role from null to FOLLOWER at term 0 for startAsFollower
2019-07-13 17:04:12,960 INFO  impl.RoleInfo (RoleInfo.java:updateAndGet(143)) - d417f54d-23e4-4b91-a4e7-6e35cf4e80b3: start FollowerState
2019-07-13 17:04:12,962 INFO  util.JmxRegister (JmxRegister.java:tryRegister(44)) - Successfully registered JMX Bean with object name Ratis:service=RaftServer,group=group-634846642C3A,id=d417f54d-23e4-4b91-a4e7-6e35cf4e80b3
2019-07-13 17:04:12,978 INFO  pipeline.PipelineStateManager (PipelineStateManager.java:addPipeline(56)) - Created pipeline Pipeline[ Id: 766a0230-df12-485c-b0bf-634846642c3a, Nodes: d417f54d-23e4-4b91-a4e7-6e35cf4e80b3{ip: 192.168.5.187, host: trunk-nightly-z92hn-1831959607, networkLocation: /default-rack, certSerialId: null}, Type:RATIS, Factor:ONE, State:OPEN]
2019-07-13 17:04:13,005 INFO  impl.RaftServerProxy (RaftServerProxy.java:addNew(89)) - 5e4f3cb1-f064-48cd-b882-5ce5f38148b8: addNew group-3720CA67C631:[5e4f3cb1-f064-48cd-b882-5ce5f38148b8:192.168.5.187:36386] returns group-3720CA67C631:java.util.concurrent.CompletableFuture@2c2ac28c[Not completed]
2019-07-13 17:04:13,015 INFO  impl.RaftServerImpl (RaftServerImpl.java:<init>(93)) - 5e4f3cb1-f064-48cd-b882-5ce5f38148b8: new RaftServerImpl for group-3720CA67C631:[5e4f3cb1-f064-48cd-b882-5ce5f38148b8:192.168.5.187:36386] with ContainerStateMachine:uninitialized
2019-07-13 17:04:13,016 INFO  server.RaftServerConfigKeys (ConfUtils.java:logGet(43)) - raft.server.rpc.timeout.min = 5s (custom)
2019-07-13 17:04:13,017 INFO  server.RaftServerConfigKeys (ConfUtils.java:logGet(43)) - raft.server.rpc.timeout.max = 5200ms (custom)
2019-07-13 17:04:13,017 INFO  server.RaftServerConfigKeys (ConfUtils.java:logGet(43)) - raft.server.rpcslowness.timeout = 120s (custom)
2019-07-13 17:04:13,017 INFO  server.RaftServerConfigKeys (ConfUtils.java:logGet(43)) - raft.server.sleep.deviation.threshold = 300 (default)
2019-07-13 17:04:13,017 INFO  server.RaftServerConfigKeys (ConfUtils.java:logGet(43)) - raft.server.log.appender.install.snapshot.enabled = false (custom)
2019-07-13 17:04:13,017 INFO  impl.RaftServerImpl (ServerState.java:<init>(105)) - 5e4f3cb1-f064-48cd-b882-5ce5f38148b8:group-3720CA67C631 ConfigurationManager, init=-1: [5e4f3cb1-f064-48cd-b882-5ce5f38148b8:192.168.5.187:36386], old=null, confs=<EMPTY_MAP>
2019-07-13 17:04:13,017 INFO  server.RaftServerConfigKeys (ConfUtils.java:logGet(43)) - raft.server.storage.dir = [/tmp/workdir/hadoop-ozone/integration-test/target/test-dir/MiniOzoneClusterImpl-4453a8a5-71ed-4512-a901-37f4cf98323b/datanode-4/data/ratis] (custom)
2019-07-13 17:04:13,018 INFO  storage.RaftStorageDirectory (RaftStorageDirectory.java:analyzeStorage(246)) - The storage directory /tmp/workdir/hadoop-ozone/integration-test/target/test-dir/MiniOzoneClusterImpl-4453a8a5-71ed-4512-a901-37f4cf98323b/datanode-4/data/ratis/08be714c-2780-47f9-9243-3720ca67c631 does not exist. Creating ...
2019-07-13 17:04:13,022 INFO  storage.RaftStorageDirectory (RaftStorageDirectory.java:tryLock(328)) - Lock on /tmp/workdir/hadoop-ozone/integration-test/target/test-dir/MiniOzoneClusterImpl-4453a8a5-71ed-4512-a901-37f4cf98323b/datanode-4/data/ratis/08be714c-2780-47f9-9243-3720ca67c631/in_use.lock acquired by nodename 12212@trunk-nightly-z92hn-1831959607
2019-07-13 17:04:13,033 INFO  storage.RaftStorage (RaftStorage.java:format(72)) - Storage directory /tmp/workdir/hadoop-ozone/integration-test/target/test-dir/MiniOzoneClusterImpl-4453a8a5-71ed-4512-a901-37f4cf98323b/datanode-4/data/ratis/08be714c-2780-47f9-9243-3720ca67c631 has been successfully formatted.
2019-07-13 17:04:13,033 INFO  ratis.ContainerStateMachine (ContainerStateMachine.java:loadSnapshot(200)) - The snapshot info is null.Setting the last applied index to:(t:0, i:~)
2019-07-13 17:04:13,034 INFO  server.RaftServerConfigKeys (ConfUtils.java:logGet(43)) - raft.server.leader.election.timeout = 120s (custom)
2019-07-13 17:04:13,034 INFO  server.RaftServerConfigKeys (ConfUtils.java:logGet(43)) - raft.server.log.use.memory = false (default)
2019-07-13 17:04:13,034 INFO  server.RaftServerConfigKeys (ConfUtils.java:logGet(43)) - raft.server.log.purge.gap = 1000000000 (custom)
2019-07-13 17:04:13,034 INFO  server.RaftServerConfigKeys (ConfUtils.java:logGet(43)) - raft.server.log.appender.buffer.byte-limit = 33554432 (custom)
2019-07-13 17:04:13,034 INFO  server.RaftServerConfigKeys (ConfUtils.java:logGet(43)) - raft.server.log.segment.size.max = 1048576 (custom)
2019-07-13 17:04:13,034 INFO  server.RaftServerConfigKeys (ConfUtils.java:logGet(43)) - raft.server.log.segment.cache.num.max = 2 (custom)
2019-07-13 17:04:13,035 INFO  segmented.SegmentedRaftLogWorker (SegmentedRaftLogWorker.java:<init>(172)) - new 5e4f3cb1-f064-48cd-b882-5ce5f38148b8-SegmentedRaftLogWorker:Storage Directory /tmp/workdir/hadoop-ozone/integration-test/target/test-dir/MiniOzoneClusterImpl-4453a8a5-71ed-4512-a901-37f4cf98323b/datanode-4/data/ratis/08be714c-2780-47f9-9243-3720ca67c631 for RaftStorage:Storage Directory /tmp/workdir/hadoop-ozone/integration-test/target/test-dir/MiniOzoneClusterImpl-4453a8a5-71ed-4512-a901-37f4cf98323b/datanode-4/data/ratis/08be714c-2780-47f9-9243-3720ca67c631
2019-07-13 17:04:13,035 INFO  server.RaftServerConfigKeys (ConfUtils.java:logGet(43)) - raft.server.log.queue.byte-limit = 2147483647 (custom)
2019-07-13 17:04:13,035 INFO  server.RaftServerConfigKeys (ConfUtils.java:logGet(43)) - raft.server.log.queue.element-limit = 1024 (custom)
2019-07-13 17:04:13,035 INFO  server.RaftServerConfigKeys (ConfUtils.java:logGet(43)) - raft.server.log.segment.size.max = 1048576 (custom)
2019-07-13 17:04:13,035 INFO  server.RaftServerConfigKeys (ConfUtils.java:logGet(43)) - raft.server.log.preallocated.size = 16384 (custom)
2019-07-13 17:04:13,036 INFO  server.RaftServerConfigKeys (ConfUtils.java:logGet(43)) - raft.server.log.write.buffer.size = 33554432 (custom)
2019-07-13 17:04:13,036 INFO  server.RaftServerConfigKeys (ConfUtils.java:logGet(43)) - raft.server.log.force.sync.num = 128 (default)
2019-07-13 17:04:13,036 INFO  server.RaftServerConfigKeys (ConfUtils.java:logGet(43)) - raft.server.log.statemachine.data.sync = true (default)
2019-07-13 17:04:13,036 INFO  server.RaftServerConfigKeys (ConfUtils.java:logGet(43)) - raft.server.log.statemachine.data.sync.timeout = 10s (default)
2019-07-13 17:04:13,036 INFO  server.RaftServerConfigKeys (ConfUtils.java:logGet(43)) - raft.server.log.statemachine.data.sync.timeout.retry = -1 (default)
2019-07-13 17:04:13,037 INFO  server.RaftServerConfigKeys (ConfUtils.java:logGet(43)) - raft.server.log.statemachine.data.caching.enabled = true (custom)
2019-07-13 17:04:13,037 INFO  segmented.SegmentedRaftLogWorker (SegmentedRaftLogWorker.java:lambda$new$0(132)) - 5e4f3cb1-f064-48cd-b882-5ce5f38148b8-SegmentedRaftLogWorker:Storage Directory /tmp/workdir/hadoop-ozone/integration-test/target/test-dir/MiniOzoneClusterImpl-4453a8a5-71ed-4512-a901-37f4cf98323b/datanode-4/data/ratis/08be714c-2780-47f9-9243-3720ca67c631: flushIndex: setUnconditionally 0 -> -1
2019-07-13 17:04:13,037 INFO  server.RaftServerConfigKeys (ConfUtils.java:logGet(43)) - raft.server.snapshot.auto.trigger.enabled = true (custom)
2019-07-13 17:04:13,038 INFO  server.RaftServerConfigKeys (ConfUtils.java:logGet(43)) - raft.server.snapshot.auto.trigger.threshold = 10000 (custom)
2019-07-13 17:04:13,038 INFO  server.RaftServerConfigKeys (ConfUtils.java:logGet(43)) - raft.server.retrycache.expirytime = 600000ms (custom)
2019-07-13 17:04:13,038 INFO  impl.RaftServerImpl (RaftServerImpl.java:start(180)) - 5e4f3cb1-f064-48cd-b882-5ce5f38148b8: start group-3720CA67C631
2019-07-13 17:04:13,038 INFO  impl.RaftServerImpl (RaftServerImpl.java:setRole(171)) - 5e4f3cb1-f064-48cd-b882-5ce5f38148b8:group-3720CA67C631 changes role from null to FOLLOWER at term 0 for startAsFollower
2019-07-13 17:04:13,038 INFO  impl.RoleInfo (RoleInfo.java:updateAndGet(143)) - 5e4f3cb1-f064-48cd-b882-5ce5f38148b8: start FollowerState
2019-07-13 17:04:13,039 INFO  util.JmxRegister (JmxRegister.java:tryRegister(44)) - Successfully registered JMX Bean with object name Ratis:service=RaftServer,group=group-3720CA67C631,id=5e4f3cb1-f064-48cd-b882-5ce5f38148b8
2019-07-13 17:04:13,051 INFO  pipeline.PipelineStateManager (PipelineStateManager.java:addPipeline(56)) - Created pipeline Pipeline[ Id: 08be714c-2780-47f9-9243-3720ca67c631, Nodes: 5e4f3cb1-f064-48cd-b882-5ce5f38148b8{ip: 192.168.5.187, host: trunk-nightly-z92hn-1831959607, networkLocation: /default-rack, certSerialId: null}, Type:RATIS, Factor:ONE, State:OPEN]
2019-07-13 17:04:13,075 INFO  impl.RaftServerProxy (RaftServerProxy.java:addNew(89)) - e78338f8-6f42-43ab-84e2-658f872d6be9: addNew group-FD2BA3194463:[e78338f8-6f42-43ab-84e2-658f872d6be9:192.168.5.187:44468] returns group-FD2BA3194463:java.util.concurrent.CompletableFuture@2fb275b1[Not completed]
2019-07-13 17:04:13,076 INFO  impl.RaftServerImpl (RaftServerImpl.java:<init>(93)) - e78338f8-6f42-43ab-84e2-658f872d6be9: new RaftServerImpl for group-FD2BA3194463:[e78338f8-6f42-43ab-84e2-658f872d6be9:192.168.5.187:44468] with ContainerStateMachine:uninitialized
2019-07-13 17:04:13,078 INFO  server.RaftServerConfigKeys (ConfUtils.java:logGet(43)) - raft.server.rpc.timeout.min = 5s (custom)
2019-07-13 17:04:13,078 INFO  server.RaftServerConfigKeys (ConfUtils.java:logGet(43)) - raft.server.rpc.timeout.max = 5200ms (custom)
2019-07-13 17:04:13,078 INFO  server.RaftServerConfigKeys (ConfUtils.java:logGet(43)) - raft.server.rpcslowness.timeout = 120s (custom)
2019-07-13 17:04:13,078 INFO  server.RaftServerConfigKeys (ConfUtils.java:logGet(43)) - raft.server.sleep.deviation.threshold = 300 (default)
2019-07-13 17:04:13,078 INFO  server.RaftServerConfigKeys (ConfUtils.java:logGet(43)) - raft.server.log.appender.install.snapshot.enabled = false (custom)
2019-07-13 17:04:13,078 INFO  impl.RaftServerImpl (ServerState.java:<init>(105)) - e78338f8-6f42-43ab-84e2-658f872d6be9:group-FD2BA3194463 ConfigurationManager, init=-1: [e78338f8-6f42-43ab-84e2-658f872d6be9:192.168.5.187:44468], old=null, confs=<EMPTY_MAP>
2019-07-13 17:04:13,079 INFO  server.RaftServerConfigKeys (ConfUtils.java:logGet(43)) - raft.server.storage.dir = [/tmp/workdir/hadoop-ozone/integration-test/target/test-dir/MiniOzoneClusterImpl-4453a8a5-71ed-4512-a901-37f4cf98323b/datanode-2/data/ratis] (custom)
2019-07-13 17:04:13,079 INFO  storage.RaftStorageDirectory (RaftStorageDirectory.java:analyzeStorage(246)) - The storage directory /tmp/workdir/hadoop-ozone/integration-test/target/test-dir/MiniOzoneClusterImpl-4453a8a5-71ed-4512-a901-37f4cf98323b/datanode-2/data/ratis/a8203eee-3210-42bb-b292-fd2ba3194463 does not exist. Creating ...
2019-07-13 17:04:13,090 INFO  storage.RaftStorageDirectory (RaftStorageDirectory.java:tryLock(328)) - Lock on /tmp/workdir/hadoop-ozone/integration-test/target/test-dir/MiniOzoneClusterImpl-4453a8a5-71ed-4512-a901-37f4cf98323b/datanode-2/data/ratis/a8203eee-3210-42bb-b292-fd2ba3194463/in_use.lock acquired by nodename 12212@trunk-nightly-z92hn-1831959607
2019-07-13 17:04:13,101 INFO  storage.RaftStorage (RaftStorage.java:format(72)) - Storage directory /tmp/workdir/hadoop-ozone/integration-test/target/test-dir/MiniOzoneClusterImpl-4453a8a5-71ed-4512-a901-37f4cf98323b/datanode-2/data/ratis/a8203eee-3210-42bb-b292-fd2ba3194463 has been successfully formatted.
2019-07-13 17:04:13,102 INFO  ratis.ContainerStateMachine (ContainerStateMachine.java:loadSnapshot(200)) - The snapshot info is null.Setting the last applied index to:(t:0, i:~)
2019-07-13 17:04:13,102 INFO  server.RaftServerConfigKeys (ConfUtils.java:logGet(43)) - raft.server.leader.election.timeout = 120s (custom)
2019-07-13 17:04:13,102 INFO  server.RaftServerConfigKeys (ConfUtils.java:logGet(43)) - raft.server.log.use.memory = false (default)
2019-07-13 17:04:13,102 INFO  server.RaftServerConfigKeys (ConfUtils.java:logGet(43)) - raft.server.log.purge.gap = 1000000000 (custom)
2019-07-13 17:04:13,102 INFO  server.RaftServerConfigKeys (ConfUtils.java:logGet(43)) - raft.server.log.appender.buffer.byte-limit = 33554432 (custom)
2019-07-13 17:04:13,103 INFO  server.RaftServerConfigKeys (ConfUtils.java:logGet(43)) - raft.server.log.segment.size.max = 1048576 (custom)
2019-07-13 17:04:13,103 INFO  server.RaftServerConfigKeys (ConfUtils.java:logGet(43)) - raft.server.log.segment.cache.num.max = 2 (custom)
2019-07-13 17:04:13,103 INFO  segmented.SegmentedRaftLogWorker (SegmentedRaftLogWorker.java:<init>(172)) - new e78338f8-6f42-43ab-84e2-658f872d6be9-SegmentedRaftLogWorker:Storage Directory /tmp/workdir/hadoop-ozone/integration-test/target/test-dir/MiniOzoneClusterImpl-4453a8a5-71ed-4512-a901-37f4cf98323b/datanode-2/data/ratis/a8203eee-3210-42bb-b292-fd2ba3194463 for RaftStorage:Storage Directory /tmp/workdir/hadoop-ozone/integration-test/target/test-dir/MiniOzoneClusterImpl-4453a8a5-71ed-4512-a901-37f4cf98323b/datanode-2/data/ratis/a8203eee-3210-42bb-b292-fd2ba3194463
2019-07-13 17:04:13,103 INFO  server.RaftServerConfigKeys (ConfUtils.java:logGet(43)) - raft.server.log.queue.byte-limit = 2147483647 (custom)
2019-07-13 17:04:13,103 INFO  server.RaftServerConfigKeys (ConfUtils.java:logGet(43)) - raft.server.log.queue.element-limit = 1024 (custom)
2019-07-13 17:04:13,104 INFO  server.RaftServerConfigKeys (ConfUtils.java:logGet(43)) - raft.server.log.segment.size.max = 1048576 (custom)
2019-07-13 17:04:13,104 INFO  server.RaftServerConfigKeys (ConfUtils.java:logGet(43)) - raft.server.log.preallocated.size = 16384 (custom)
2019-07-13 17:04:13,104 INFO  server.RaftServerConfigKeys (ConfUtils.java:logGet(43)) - raft.server.log.write.buffer.size = 33554432 (custom)
2019-07-13 17:04:13,104 INFO  server.RaftServerConfigKeys (ConfUtils.java:logGet(43)) - raft.server.log.force.sync.num = 128 (default)
2019-07-13 17:04:13,104 INFO  server.RaftServerConfigKeys (ConfUtils.java:logGet(43)) - raft.server.log.statemachine.data.sync = true (default)
2019-07-13 17:04:13,104 INFO  server.RaftServerConfigKeys (ConfUtils.java:logGet(43)) - raft.server.log.statemachine.data.sync.timeout = 10s (default)
2019-07-13 17:04:13,104 INFO  server.RaftServerConfigKeys (ConfUtils.java:logGet(43)) - raft.server.log.statemachine.data.sync.timeout.retry = -1 (default)
2019-07-13 17:04:13,105 INFO  server.RaftServerConfigKeys (ConfUtils.java:logGet(43)) - raft.server.log.statemachine.data.caching.enabled = true (custom)
2019-07-13 17:04:13,105 INFO  segmented.SegmentedRaftLogWorker (SegmentedRaftLogWorker.java:lambda$new$0(132)) - e78338f8-6f42-43ab-84e2-658f872d6be9-SegmentedRaftLogWorker:Storage Directory /tmp/workdir/hadoop-ozone/integration-test/target/test-dir/MiniOzoneClusterImpl-4453a8a5-71ed-4512-a901-37f4cf98323b/datanode-2/data/ratis/a8203eee-3210-42bb-b292-fd2ba3194463: flushIndex: setUnconditionally 0 -> -1
2019-07-13 17:04:13,105 INFO  server.RaftServerConfigKeys (ConfUtils.java:logGet(43)) - raft.server.snapshot.auto.trigger.enabled = true (custom)
2019-07-13 17:04:13,106 INFO  server.RaftServerConfigKeys (ConfUtils.java:logGet(43)) - raft.server.snapshot.auto.trigger.threshold = 10000 (custom)
2019-07-13 17:04:13,106 INFO  server.RaftServerConfigKeys (ConfUtils.java:logGet(43)) - raft.server.retrycache.expirytime = 600000ms (custom)
2019-07-13 17:04:13,106 INFO  impl.RaftServerImpl (RaftServerImpl.java:start(180)) - e78338f8-6f42-43ab-84e2-658f872d6be9: start group-FD2BA3194463
2019-07-13 17:04:13,106 INFO  impl.RaftServerImpl (RaftServerImpl.java:setRole(171)) - e78338f8-6f42-43ab-84e2-658f872d6be9:group-FD2BA3194463 changes role from null to FOLLOWER at term 0 for startAsFollower
2019-07-13 17:04:13,106 INFO  impl.RoleInfo (RoleInfo.java:updateAndGet(143)) - e78338f8-6f42-43ab-84e2-658f872d6be9: start FollowerState
2019-07-13 17:04:13,107 INFO  util.JmxRegister (JmxRegister.java:tryRegister(44)) - Successfully registered JMX Bean with object name Ratis:service=RaftServer,group=group-FD2BA3194463,id=e78338f8-6f42-43ab-84e2-658f872d6be9
2019-07-13 17:04:13,122 INFO  pipeline.PipelineStateManager (PipelineStateManager.java:addPipeline(56)) - Created pipeline Pipeline[ Id: a8203eee-3210-42bb-b292-fd2ba3194463, Nodes: e78338f8-6f42-43ab-84e2-658f872d6be9{ip: 192.168.5.187, host: trunk-nightly-z92hn-1831959607, networkLocation: /default-rack, certSerialId: null}, Type:RATIS, Factor:ONE, State:OPEN]
2019-07-13 17:04:13,149 INFO  impl.RaftServerProxy (RaftServerProxy.java:addNew(89)) - 51b86174-9a37-4423-a264-2190d87386c3: addNew group-51DA036E6DAB:[51b86174-9a37-4423-a264-2190d87386c3:192.168.5.187:37502] returns group-51DA036E6DAB:java.util.concurrent.CompletableFuture@35231498[Not completed]
2019-07-13 17:04:13,151 INFO  impl.RaftServerImpl (RaftServerImpl.java:<init>(93)) - 51b86174-9a37-4423-a264-2190d87386c3: new RaftServerImpl for group-51DA036E6DAB:[51b86174-9a37-4423-a264-2190d87386c3:192.168.5.187:37502] with ContainerStateMachine:uninitialized
2019-07-13 17:04:13,153 INFO  server.RaftServerConfigKeys (ConfUtils.java:logGet(43)) - raft.server.rpc.timeout.min = 5s (custom)
2019-07-13 17:04:13,153 INFO  server.RaftServerConfigKeys (ConfUtils.java:logGet(43)) - raft.server.rpc.timeout.max = 5200ms (custom)
2019-07-13 17:04:13,153 INFO  server.RaftServerConfigKeys (ConfUtils.java:logGet(43)) - raft.server.rpcslowness.timeout = 120s (custom)
2019-07-13 17:04:13,153 INFO  server.RaftServerConfigKeys (ConfUtils.java:logGet(43)) - raft.server.sleep.deviation.threshold = 300 (default)
2019-07-13 17:04:13,153 INFO  server.RaftServerConfigKeys (ConfUtils.java:logGet(43)) - raft.server.log.appender.install.snapshot.enabled = false (custom)
2019-07-13 17:04:13,154 INFO  impl.RaftServerImpl (ServerState.java:<init>(105)) - 51b86174-9a37-4423-a264-2190d87386c3:group-51DA036E6DAB ConfigurationManager, init=-1: [51b86174-9a37-4423-a264-2190d87386c3:192.168.5.187:37502], old=null, confs=<EMPTY_MAP>
2019-07-13 17:04:13,154 INFO  server.RaftServerConfigKeys (ConfUtils.java:logGet(43)) - raft.server.storage.dir = [/tmp/workdir/hadoop-ozone/integration-test/target/test-dir/MiniOzoneClusterImpl-4453a8a5-71ed-4512-a901-37f4cf98323b/datanode-5/data/ratis] (custom)
2019-07-13 17:04:13,154 INFO  storage.RaftStorageDirectory (RaftStorageDirectory.java:analyzeStorage(246)) - The storage directory /tmp/workdir/hadoop-ozone/integration-test/target/test-dir/MiniOzoneClusterImpl-4453a8a5-71ed-4512-a901-37f4cf98323b/datanode-5/data/ratis/e6dd45da-5492-4e64-aa57-51da036e6dab does not exist. Creating ...
2019-07-13 17:04:13,167 INFO  storage.RaftStorageDirectory (RaftStorageDirectory.java:tryLock(328)) - Lock on /tmp/workdir/hadoop-ozone/integration-test/target/test-dir/MiniOzoneClusterImpl-4453a8a5-71ed-4512-a901-37f4cf98323b/datanode-5/data/ratis/e6dd45da-5492-4e64-aa57-51da036e6dab/in_use.lock acquired by nodename 12212@trunk-nightly-z92hn-1831959607
2019-07-13 17:04:13,179 INFO  storage.RaftStorage (RaftStorage.java:format(72)) - Storage directory /tmp/workdir/hadoop-ozone/integration-test/target/test-dir/MiniOzoneClusterImpl-4453a8a5-71ed-4512-a901-37f4cf98323b/datanode-5/data/ratis/e6dd45da-5492-4e64-aa57-51da036e6dab has been successfully formatted.
2019-07-13 17:04:13,180 INFO  ratis.ContainerStateMachine (ContainerStateMachine.java:loadSnapshot(200)) - The snapshot info is null.Setting the last applied index to:(t:0, i:~)
2019-07-13 17:04:13,180 INFO  server.RaftServerConfigKeys (ConfUtils.java:logGet(43)) - raft.server.leader.election.timeout = 120s (custom)
2019-07-13 17:04:13,180 INFO  server.RaftServerConfigKeys (ConfUtils.java:logGet(43)) - raft.server.log.use.memory = false (default)
2019-07-13 17:04:13,180 INFO  server.RaftServerConfigKeys (ConfUtils.java:logGet(43)) - raft.server.log.purge.gap = 1000000000 (custom)
2019-07-13 17:04:13,181 INFO  server.RaftServerConfigKeys (ConfUtils.java:logGet(43)) - raft.server.log.appender.buffer.byte-limit = 33554432 (custom)
2019-07-13 17:04:13,181 INFO  server.RaftServerConfigKeys (ConfUtils.java:logGet(43)) - raft.server.log.segment.size.max = 1048576 (custom)
2019-07-13 17:04:13,181 INFO  server.RaftServerConfigKeys (ConfUtils.java:logGet(43)) - raft.server.log.segment.cache.num.max = 2 (custom)
2019-07-13 17:04:13,181 INFO  segmented.SegmentedRaftLogWorker (SegmentedRaftLogWorker.java:<init>(172)) - new 51b86174-9a37-4423-a264-2190d87386c3-SegmentedRaftLogWorker:Storage Directory /tmp/workdir/hadoop-ozone/integration-test/target/test-dir/MiniOzoneClusterImpl-4453a8a5-71ed-4512-a901-37f4cf98323b/datanode-5/data/ratis/e6dd45da-5492-4e64-aa57-51da036e6dab for RaftStorage:Storage Directory /tmp/workdir/hadoop-ozone/integration-test/target/test-dir/MiniOzoneClusterImpl-4453a8a5-71ed-4512-a901-37f4cf98323b/datanode-5/data/ratis/e6dd45da-5492-4e64-aa57-51da036e6dab
2019-07-13 17:04:13,181 INFO  server.RaftServerConfigKeys (ConfUtils.java:logGet(43)) - raft.server.log.queue.byte-limit = 2147483647 (custom)
2019-07-13 17:04:13,181 INFO  server.RaftServerConfigKeys (ConfUtils.java:logGet(43)) - raft.server.log.queue.element-limit = 1024 (custom)
2019-07-13 17:04:13,182 INFO  server.RaftServerConfigKeys (ConfUtils.java:logGet(43)) - raft.server.log.segment.size.max = 1048576 (custom)
2019-07-13 17:04:13,182 INFO  server.RaftServerConfigKeys (ConfUtils.java:logGet(43)) - raft.server.log.preallocated.size = 16384 (custom)
2019-07-13 17:04:13,182 INFO  server.RaftServerConfigKeys (ConfUtils.java:logGet(43)) - raft.server.log.write.buffer.size = 33554432 (custom)
2019-07-13 17:04:13,182 INFO  server.RaftServerConfigKeys (ConfUtils.java:logGet(43)) - raft.server.log.force.sync.num = 128 (default)
2019-07-13 17:04:13,182 INFO  server.RaftServerConfigKeys (ConfUtils.java:logGet(43)) - raft.server.log.statemachine.data.sync = true (default)
2019-07-13 17:04:13,182 INFO  server.RaftServerConfigKeys (ConfUtils.java:logGet(43)) - raft.server.log.statemachine.data.sync.timeout = 10s (default)
2019-07-13 17:04:13,183 INFO  server.RaftServerConfigKeys (ConfUtils.java:logGet(43)) - raft.server.log.statemachine.data.sync.timeout.retry = -1 (default)
2019-07-13 17:04:13,183 INFO  server.RaftServerConfigKeys (ConfUtils.java:logGet(43)) - raft.server.log.statemachine.data.caching.enabled = true (custom)
2019-07-13 17:04:13,183 INFO  segmented.SegmentedRaftLogWorker (SegmentedRaftLogWorker.java:lambda$new$0(132)) - 51b86174-9a37-4423-a264-2190d87386c3-SegmentedRaftLogWorker:Storage Directory /tmp/workdir/hadoop-ozone/integration-test/target/test-dir/MiniOzoneClusterImpl-4453a8a5-71ed-4512-a901-37f4cf98323b/datanode-5/data/ratis/e6dd45da-5492-4e64-aa57-51da036e6dab: flushIndex: setUnconditionally 0 -> -1
2019-07-13 17:04:13,184 INFO  server.RaftServerConfigKeys (ConfUtils.java:logGet(43)) - raft.server.snapshot.auto.trigger.enabled = true (custom)
2019-07-13 17:04:13,184 INFO  server.RaftServerConfigKeys (ConfUtils.java:logGet(43)) - raft.server.snapshot.auto.trigger.threshold = 10000 (custom)
2019-07-13 17:04:13,184 INFO  server.RaftServerConfigKeys (ConfUtils.java:logGet(43)) - raft.server.retrycache.expirytime = 600000ms (custom)
2019-07-13 17:04:13,184 INFO  impl.RaftServerImpl (RaftServerImpl.java:start(180)) - 51b86174-9a37-4423-a264-2190d87386c3: start group-51DA036E6DAB
2019-07-13 17:04:13,184 INFO  impl.RaftServerImpl (RaftServerImpl.java:setRole(171)) - 51b86174-9a37-4423-a264-2190d87386c3:group-51DA036E6DAB changes role from null to FOLLOWER at term 0 for startAsFollower
2019-07-13 17:04:13,185 INFO  impl.RoleInfo (RoleInfo.java:updateAndGet(143)) - 51b86174-9a37-4423-a264-2190d87386c3: start FollowerState
2019-07-13 17:04:13,185 INFO  util.JmxRegister (JmxRegister.java:tryRegister(44)) - Successfully registered JMX Bean with object name Ratis:service=RaftServer,group=group-51DA036E6DAB,id=51b86174-9a37-4423-a264-2190d87386c3
2019-07-13 17:04:13,201 INFO  pipeline.PipelineStateManager (PipelineStateManager.java:addPipeline(56)) - Created pipeline Pipeline[ Id: e6dd45da-5492-4e64-aa57-51da036e6dab, Nodes: 51b86174-9a37-4423-a264-2190d87386c3{ip: 192.168.5.187, host: trunk-nightly-z92hn-1831959607, networkLocation: /default-rack, certSerialId: null}, Type:RATIS, Factor:ONE, State:OPEN]
2019-07-13 17:04:13,231 INFO  impl.RaftServerProxy (RaftServerProxy.java:addNew(89)) - 38f048c8-7f9e-4c00-ac5a-b798ffdcff37: addNew group-4B786ABAA8C6:[38f048c8-7f9e-4c00-ac5a-b798ffdcff37:192.168.5.187:42422] returns group-4B786ABAA8C6:java.util.concurrent.CompletableFuture@150aeb05[Not completed]
2019-07-13 17:04:13,232 INFO  impl.RaftServerImpl (RaftServerImpl.java:<init>(93)) - 38f048c8-7f9e-4c00-ac5a-b798ffdcff37: new RaftServerImpl for group-4B786ABAA8C6:[38f048c8-7f9e-4c00-ac5a-b798ffdcff37:192.168.5.187:42422] with ContainerStateMachine:uninitialized
2019-07-13 17:04:13,234 INFO  server.RaftServerConfigKeys (ConfUtils.java:logGet(43)) - raft.server.rpc.timeout.min = 5s (custom)
2019-07-13 17:04:13,234 INFO  server.RaftServerConfigKeys (ConfUtils.java:logGet(43)) - raft.server.rpc.timeout.max = 5200ms (custom)
2019-07-13 17:04:13,234 INFO  server.RaftServerConfigKeys (ConfUtils.java:logGet(43)) - raft.server.rpcslowness.timeout = 120s (custom)
2019-07-13 17:04:13,234 INFO  server.RaftServerConfigKeys (ConfUtils.java:logGet(43)) - raft.server.sleep.deviation.threshold = 300 (default)
2019-07-13 17:04:13,234 INFO  server.RaftServerConfigKeys (ConfUtils.java:logGet(43)) - raft.server.log.appender.install.snapshot.enabled = false (custom)
2019-07-13 17:04:13,235 INFO  impl.RaftServerImpl (ServerState.java:<init>(105)) - 38f048c8-7f9e-4c00-ac5a-b798ffdcff37:group-4B786ABAA8C6 ConfigurationManager, init=-1: [38f048c8-7f9e-4c00-ac5a-b798ffdcff37:192.168.5.187:42422], old=null, confs=<EMPTY_MAP>
2019-07-13 17:04:13,235 INFO  server.RaftServerConfigKeys (ConfUtils.java:logGet(43)) - raft.server.storage.dir = [/tmp/workdir/hadoop-ozone/integration-test/target/test-dir/MiniOzoneClusterImpl-4453a8a5-71ed-4512-a901-37f4cf98323b/datanode-1/data/ratis] (custom)
2019-07-13 17:04:13,235 INFO  storage.RaftStorageDirectory (RaftStorageDirectory.java:analyzeStorage(246)) - The storage directory /tmp/workdir/hadoop-ozone/integration-test/target/test-dir/MiniOzoneClusterImpl-4453a8a5-71ed-4512-a901-37f4cf98323b/datanode-1/data/ratis/084b6d90-3d23-49ff-b699-4b786abaa8c6 does not exist. Creating ...
2019-07-13 17:04:13,244 INFO  storage.RaftStorageDirectory (RaftStorageDirectory.java:tryLock(328)) - Lock on /tmp/workdir/hadoop-ozone/integration-test/target/test-dir/MiniOzoneClusterImpl-4453a8a5-71ed-4512-a901-37f4cf98323b/datanode-1/data/ratis/084b6d90-3d23-49ff-b699-4b786abaa8c6/in_use.lock acquired by nodename 12212@trunk-nightly-z92hn-1831959607
2019-07-13 17:04:13,263 INFO  storage.RaftStorage (RaftStorage.java:format(72)) - Storage directory /tmp/workdir/hadoop-ozone/integration-test/target/test-dir/MiniOzoneClusterImpl-4453a8a5-71ed-4512-a901-37f4cf98323b/datanode-1/data/ratis/084b6d90-3d23-49ff-b699-4b786abaa8c6 has been successfully formatted.
2019-07-13 17:04:13,263 INFO  ratis.ContainerStateMachine (ContainerStateMachine.java:loadSnapshot(200)) - The snapshot info is null.Setting the last applied index to:(t:0, i:~)
2019-07-13 17:04:13,263 INFO  server.RaftServerConfigKeys (ConfUtils.java:logGet(43)) - raft.server.leader.election.timeout = 120s (custom)
2019-07-13 17:04:13,264 INFO  server.RaftServerConfigKeys (ConfUtils.java:logGet(43)) - raft.server.log.use.memory = false (default)
2019-07-13 17:04:13,264 INFO  server.RaftServerConfigKeys (ConfUtils.java:logGet(43)) - raft.server.log.purge.gap = 1000000000 (custom)
2019-07-13 17:04:13,264 INFO  server.RaftServerConfigKeys (ConfUtils.java:logGet(43)) - raft.server.log.appender.buffer.byte-limit = 33554432 (custom)
2019-07-13 17:04:13,264 INFO  server.RaftServerConfigKeys (ConfUtils.java:logGet(43)) - raft.server.log.segment.size.max = 1048576 (custom)
2019-07-13 17:04:13,264 INFO  server.RaftServerConfigKeys (ConfUtils.java:logGet(43)) - raft.server.log.segment.cache.num.max = 2 (custom)
2019-07-13 17:04:13,265 INFO  segmented.SegmentedRaftLogWorker (SegmentedRaftLogWorker.java:<init>(172)) - new 38f048c8-7f9e-4c00-ac5a-b798ffdcff37-SegmentedRaftLogWorker:Storage Directory /tmp/workdir/hadoop-ozone/integration-test/target/test-dir/MiniOzoneClusterImpl-4453a8a5-71ed-4512-a901-37f4cf98323b/datanode-1/data/ratis/084b6d90-3d23-49ff-b699-4b786abaa8c6 for RaftStorage:Storage Directory /tmp/workdir/hadoop-ozone/integration-test/target/test-dir/MiniOzoneClusterImpl-4453a8a5-71ed-4512-a901-37f4cf98323b/datanode-1/data/ratis/084b6d90-3d23-49ff-b699-4b786abaa8c6
2019-07-13 17:04:13,265 INFO  server.RaftServerConfigKeys (ConfUtils.java:logGet(43)) - raft.server.log.queue.byte-limit = 2147483647 (custom)
2019-07-13 17:04:13,265 INFO  server.RaftServerConfigKeys (ConfUtils.java:logGet(43)) - raft.server.log.queue.element-limit = 1024 (custom)
2019-07-13 17:04:13,266 INFO  server.RaftServerConfigKeys (ConfUtils.java:logGet(43)) - raft.server.log.segment.size.max = 1048576 (custom)
2019-07-13 17:04:13,266 INFO  server.RaftServerConfigKeys (ConfUtils.java:logGet(43)) - raft.server.log.preallocated.size = 16384 (custom)
2019-07-13 17:04:13,266 INFO  server.RaftServerConfigKeys (ConfUtils.java:logGet(43)) - raft.server.log.write.buffer.size = 33554432 (custom)
2019-07-13 17:04:13,266 INFO  server.RaftServerConfigKeys (ConfUtils.java:logGet(43)) - raft.server.log.force.sync.num = 128 (default)
2019-07-13 17:04:13,266 INFO  server.RaftServerConfigKeys (ConfUtils.java:logGet(43)) - raft.server.log.statemachine.data.sync = true (default)
2019-07-13 17:04:13,267 INFO  server.RaftServerConfigKeys (ConfUtils.java:logGet(43)) - raft.server.log.statemachine.data.sync.timeout = 10s (default)
2019-07-13 17:04:13,267 INFO  server.RaftServerConfigKeys (ConfUtils.java:logGet(43)) - raft.server.log.statemachine.data.sync.timeout.retry = -1 (default)
2019-07-13 17:04:13,267 INFO  server.RaftServerConfigKeys (ConfUtils.java:logGet(43)) - raft.server.log.statemachine.data.caching.enabled = true (custom)
2019-07-13 17:04:13,268 INFO  segmented.SegmentedRaftLogWorker (SegmentedRaftLogWorker.java:lambda$new$0(132)) - 38f048c8-7f9e-4c00-ac5a-b798ffdcff37-SegmentedRaftLogWorker:Storage Directory /tmp/workdir/hadoop-ozone/integration-test/target/test-dir/MiniOzoneClusterImpl-4453a8a5-71ed-4512-a901-37f4cf98323b/datanode-1/data/ratis/084b6d90-3d23-49ff-b699-4b786abaa8c6: flushIndex: setUnconditionally 0 -> -1
2019-07-13 17:04:13,268 INFO  server.RaftServerConfigKeys (ConfUtils.java:logGet(43)) - raft.server.snapshot.auto.trigger.enabled = true (custom)
2019-07-13 17:04:13,269 INFO  server.RaftServerConfigKeys (ConfUtils.java:logGet(43)) - raft.server.snapshot.auto.trigger.threshold = 10000 (custom)
2019-07-13 17:04:13,269 INFO  server.RaftServerConfigKeys (ConfUtils.java:logGet(43)) - raft.server.retrycache.expirytime = 600000ms (custom)
2019-07-13 17:04:13,269 INFO  impl.RaftServerImpl (RaftServerImpl.java:start(180)) - 38f048c8-7f9e-4c00-ac5a-b798ffdcff37: start group-4B786ABAA8C6
2019-07-13 17:04:13,269 INFO  impl.RaftServerImpl (RaftServerImpl.java:setRole(171)) - 38f048c8-7f9e-4c00-ac5a-b798ffdcff37:group-4B786ABAA8C6 changes role from null to FOLLOWER at term 0 for startAsFollower
2019-07-13 17:04:13,270 INFO  impl.RoleInfo (RoleInfo.java:updateAndGet(143)) - 38f048c8-7f9e-4c00-ac5a-b798ffdcff37: start FollowerState
2019-07-13 17:04:13,270 INFO  util.JmxRegister (JmxRegister.java:tryRegister(44)) - Successfully registered JMX Bean with object name Ratis:service=RaftServer,group=group-4B786ABAA8C6,id=38f048c8-7f9e-4c00-ac5a-b798ffdcff37
2019-07-13 17:04:13,284 INFO  pipeline.PipelineStateManager (PipelineStateManager.java:addPipeline(56)) - Created pipeline Pipeline[ Id: 084b6d90-3d23-49ff-b699-4b786abaa8c6, Nodes: 38f048c8-7f9e-4c00-ac5a-b798ffdcff37{ip: 192.168.5.187, host: trunk-nightly-z92hn-1831959607, networkLocation: /default-rack, certSerialId: null}, Type:RATIS, Factor:ONE, State:OPEN]
2019-07-13 17:04:13,305 INFO  impl.RaftServerProxy (RaftServerProxy.java:addNew(89)) - aca7907b-671a-452e-950a-bfae2599f18a: addNew group-7117BBB1DCAF:[aca7907b-671a-452e-950a-bfae2599f18a:192.168.5.187:39251] returns group-7117BBB1DCAF:java.util.concurrent.CompletableFuture@638b130c[Not completed]
2019-07-13 17:04:13,307 INFO  impl.RaftServerImpl (RaftServerImpl.java:<init>(93)) - aca7907b-671a-452e-950a-bfae2599f18a: new RaftServerImpl for group-7117BBB1DCAF:[aca7907b-671a-452e-950a-bfae2599f18a:192.168.5.187:39251] with ContainerStateMachine:uninitialized
2019-07-13 17:04:13,308 INFO  server.RaftServerConfigKeys (ConfUtils.java:logGet(43)) - raft.server.rpc.timeout.min = 5s (custom)
2019-07-13 17:04:13,309 INFO  server.RaftServerConfigKeys (ConfUtils.java:logGet(43)) - raft.server.rpc.timeout.max = 5200ms (custom)
2019-07-13 17:04:13,309 INFO  server.RaftServerConfigKeys (ConfUtils.java:logGet(43)) - raft.server.rpcslowness.timeout = 120s (custom)
2019-07-13 17:04:13,309 INFO  server.RaftServerConfigKeys (ConfUtils.java:logGet(43)) - raft.server.sleep.deviation.threshold = 300 (default)
2019-07-13 17:04:13,309 INFO  server.RaftServerConfigKeys (ConfUtils.java:logGet(43)) - raft.server.log.appender.install.snapshot.enabled = false (custom)
2019-07-13 17:04:13,309 INFO  impl.RaftServerImpl (ServerState.java:<init>(105)) - aca7907b-671a-452e-950a-bfae2599f18a:group-7117BBB1DCAF ConfigurationManager, init=-1: [aca7907b-671a-452e-950a-bfae2599f18a:192.168.5.187:39251], old=null, confs=<EMPTY_MAP>
2019-07-13 17:04:13,310 INFO  server.RaftServerConfigKeys (ConfUtils.java:logGet(43)) - raft.server.storage.dir = [/tmp/workdir/hadoop-ozone/integration-test/target/test-dir/MiniOzoneClusterImpl-4453a8a5-71ed-4512-a901-37f4cf98323b/datanode-3/data/ratis] (custom)
2019-07-13 17:04:13,310 INFO  storage.RaftStorageDirectory (RaftStorageDirectory.java:analyzeStorage(246)) - The storage directory /tmp/workdir/hadoop-ozone/integration-test/target/test-dir/MiniOzoneClusterImpl-4453a8a5-71ed-4512-a901-37f4cf98323b/datanode-3/data/ratis/c1281994-73ac-4f8f-81a2-7117bbb1dcaf does not exist. Creating ...
2019-07-13 17:04:13,321 INFO  storage.RaftStorageDirectory (RaftStorageDirectory.java:tryLock(328)) - Lock on /tmp/workdir/hadoop-ozone/integration-test/target/test-dir/MiniOzoneClusterImpl-4453a8a5-71ed-4512-a901-37f4cf98323b/datanode-3/data/ratis/c1281994-73ac-4f8f-81a2-7117bbb1dcaf/in_use.lock acquired by nodename 12212@trunk-nightly-z92hn-1831959607
2019-07-13 17:04:13,334 INFO  storage.RaftStorage (RaftStorage.java:format(72)) - Storage directory /tmp/workdir/hadoop-ozone/integration-test/target/test-dir/MiniOzoneClusterImpl-4453a8a5-71ed-4512-a901-37f4cf98323b/datanode-3/data/ratis/c1281994-73ac-4f8f-81a2-7117bbb1dcaf has been successfully formatted.
2019-07-13 17:04:13,334 INFO  ratis.ContainerStateMachine (ContainerStateMachine.java:loadSnapshot(200)) - The snapshot info is null.Setting the last applied index to:(t:0, i:~)
2019-07-13 17:04:13,334 INFO  server.RaftServerConfigKeys (ConfUtils.java:logGet(43)) - raft.server.leader.election.timeout = 120s (custom)
2019-07-13 17:04:13,334 INFO  server.RaftServerConfigKeys (ConfUtils.java:logGet(43)) - raft.server.log.use.memory = false (default)
2019-07-13 17:04:13,334 INFO  server.RaftServerConfigKeys (ConfUtils.java:logGet(43)) - raft.server.log.purge.gap = 1000000000 (custom)
2019-07-13 17:04:13,335 INFO  server.RaftServerConfigKeys (ConfUtils.java:logGet(43)) - raft.server.log.appender.buffer.byte-limit = 33554432 (custom)
2019-07-13 17:04:13,335 INFO  server.RaftServerConfigKeys (ConfUtils.java:logGet(43)) - raft.server.log.segment.size.max = 1048576 (custom)
2019-07-13 17:04:13,335 INFO  server.RaftServerConfigKeys (ConfUtils.java:logGet(43)) - raft.server.log.segment.cache.num.max = 2 (custom)
2019-07-13 17:04:13,335 INFO  segmented.SegmentedRaftLogWorker (SegmentedRaftLogWorker.java:<init>(172)) - new aca7907b-671a-452e-950a-bfae2599f18a-SegmentedRaftLogWorker:Storage Directory /tmp/workdir/hadoop-ozone/integration-test/target/test-dir/MiniOzoneClusterImpl-4453a8a5-71ed-4512-a901-37f4cf98323b/datanode-3/data/ratis/c1281994-73ac-4f8f-81a2-7117bbb1dcaf for RaftStorage:Storage Directory /tmp/workdir/hadoop-ozone/integration-test/target/test-dir/MiniOzoneClusterImpl-4453a8a5-71ed-4512-a901-37f4cf98323b/datanode-3/data/ratis/c1281994-73ac-4f8f-81a2-7117bbb1dcaf
2019-07-13 17:04:13,335 INFO  server.RaftServerConfigKeys (ConfUtils.java:logGet(43)) - raft.server.log.queue.byte-limit = 2147483647 (custom)
2019-07-13 17:04:13,336 INFO  server.RaftServerConfigKeys (ConfUtils.java:logGet(43)) - raft.server.log.queue.element-limit = 1024 (custom)
2019-07-13 17:04:13,336 INFO  server.RaftServerConfigKeys (ConfUtils.java:logGet(43)) - raft.server.log.segment.size.max = 1048576 (custom)
2019-07-13 17:04:13,336 INFO  server.RaftServerConfigKeys (ConfUtils.java:logGet(43)) - raft.server.log.preallocated.size = 16384 (custom)
2019-07-13 17:04:13,336 INFO  server.RaftServerConfigKeys (ConfUtils.java:logGet(43)) - raft.server.log.write.buffer.size = 33554432 (custom)
2019-07-13 17:04:13,336 INFO  server.RaftServerConfigKeys (ConfUtils.java:logGet(43)) - raft.server.log.force.sync.num = 128 (default)
2019-07-13 17:04:13,337 INFO  server.RaftServerConfigKeys (ConfUtils.java:logGet(43)) - raft.server.log.statemachine.data.sync = true (default)
2019-07-13 17:04:13,337 INFO  server.RaftServerConfigKeys (ConfUtils.java:logGet(43)) - raft.server.log.statemachine.data.sync.timeout = 10s (default)
2019-07-13 17:04:13,337 INFO  server.RaftServerConfigKeys (ConfUtils.java:logGet(43)) - raft.server.log.statemachine.data.sync.timeout.retry = -1 (default)
2019-07-13 17:04:13,337 INFO  server.RaftServerConfigKeys (ConfUtils.java:logGet(43)) - raft.server.log.statemachine.data.caching.enabled = true (custom)
2019-07-13 17:04:13,338 INFO  segmented.SegmentedRaftLogWorker (SegmentedRaftLogWorker.java:lambda$new$0(132)) - aca7907b-671a-452e-950a-bfae2599f18a-SegmentedRaftLogWorker:Storage Directory /tmp/workdir/hadoop-ozone/integration-test/target/test-dir/MiniOzoneClusterImpl-4453a8a5-71ed-4512-a901-37f4cf98323b/datanode-3/data/ratis/c1281994-73ac-4f8f-81a2-7117bbb1dcaf: flushIndex: setUnconditionally 0 -> -1
2019-07-13 17:04:13,338 INFO  server.RaftServerConfigKeys (ConfUtils.java:logGet(43)) - raft.server.snapshot.auto.trigger.enabled = true (custom)
2019-07-13 17:04:13,338 INFO  server.RaftServerConfigKeys (ConfUtils.java:logGet(43)) - raft.server.snapshot.auto.trigger.threshold = 10000 (custom)
2019-07-13 17:04:13,338 INFO  server.RaftServerConfigKeys (ConfUtils.java:logGet(43)) - raft.server.retrycache.expirytime = 600000ms (custom)
2019-07-13 17:04:13,339 INFO  impl.RaftServerImpl (RaftServerImpl.java:start(180)) - aca7907b-671a-452e-950a-bfae2599f18a: start group-7117BBB1DCAF
2019-07-13 17:04:13,339 INFO  impl.RaftServerImpl (RaftServerImpl.java:setRole(171)) - aca7907b-671a-452e-950a-bfae2599f18a:group-7117BBB1DCAF changes role from null to FOLLOWER at term 0 for startAsFollower
2019-07-13 17:04:13,339 INFO  impl.RoleInfo (RoleInfo.java:updateAndGet(143)) - aca7907b-671a-452e-950a-bfae2599f18a: start FollowerState
2019-07-13 17:04:13,340 INFO  util.JmxRegister (JmxRegister.java:tryRegister(44)) - Successfully registered JMX Bean with object name Ratis:service=RaftServer,group=group-7117BBB1DCAF,id=aca7907b-671a-452e-950a-bfae2599f18a
2019-07-13 17:04:13,358 INFO  pipeline.PipelineStateManager (PipelineStateManager.java:addPipeline(56)) - Created pipeline Pipeline[ Id: c1281994-73ac-4f8f-81a2-7117bbb1dcaf, Nodes: aca7907b-671a-452e-950a-bfae2599f18a{ip: 192.168.5.187, host: trunk-nightly-z92hn-1831959607, networkLocation: /default-rack, certSerialId: null}, Type:RATIS, Factor:ONE, State:OPEN]
2019-07-13 17:04:13,395 INFO  impl.RaftServerProxy (RaftServerProxy.java:addNew(89)) - 5e4f3cb1-f064-48cd-b882-5ce5f38148b8: addNew group-915B678E511B:[d417f54d-23e4-4b91-a4e7-6e35cf4e80b3:192.168.5.187:33457, 8525fc11-352f-49ff-bd2c-d11e7a41e5c1:192.168.5.187:39914, 5e4f3cb1-f064-48cd-b882-5ce5f38148b8:192.168.5.187:36386] returns group-915B678E511B:java.util.concurrent.CompletableFuture@73dff654[Not completed]
2019-07-13 17:04:13,396 INFO  impl.RaftServerProxy (RaftServerProxy.java:addNew(89)) - 8525fc11-352f-49ff-bd2c-d11e7a41e5c1: addNew group-915B678E511B:[d417f54d-23e4-4b91-a4e7-6e35cf4e80b3:192.168.5.187:33457, 8525fc11-352f-49ff-bd2c-d11e7a41e5c1:192.168.5.187:39914, 5e4f3cb1-f064-48cd-b882-5ce5f38148b8:192.168.5.187:36386] returns group-915B678E511B:java.util.concurrent.CompletableFuture@76b88d44[Not completed]
2019-07-13 17:04:13,396 INFO  impl.RaftServerProxy (RaftServerProxy.java:addNew(89)) - d417f54d-23e4-4b91-a4e7-6e35cf4e80b3: addNew group-915B678E511B:[d417f54d-23e4-4b91-a4e7-6e35cf4e80b3:192.168.5.187:33457, 8525fc11-352f-49ff-bd2c-d11e7a41e5c1:192.168.5.187:39914, 5e4f3cb1-f064-48cd-b882-5ce5f38148b8:192.168.5.187:36386] returns group-915B678E511B:java.util.concurrent.CompletableFuture@40d76042[Not completed]
2019-07-13 17:04:13,397 INFO  impl.RaftServerImpl (RaftServerImpl.java:<init>(93)) - 5e4f3cb1-f064-48cd-b882-5ce5f38148b8: new RaftServerImpl for group-915B678E511B:[d417f54d-23e4-4b91-a4e7-6e35cf4e80b3:192.168.5.187:33457, 8525fc11-352f-49ff-bd2c-d11e7a41e5c1:192.168.5.187:39914, 5e4f3cb1-f064-48cd-b882-5ce5f38148b8:192.168.5.187:36386] with ContainerStateMachine:uninitialized
2019-07-13 17:04:13,398 INFO  server.RaftServerConfigKeys (ConfUtils.java:logGet(43)) - raft.server.rpc.timeout.min = 5s (custom)
2019-07-13 17:04:13,398 INFO  server.RaftServerConfigKeys (ConfUtils.java:logGet(43)) - raft.server.rpc.timeout.max = 5200ms (custom)
2019-07-13 17:04:13,398 INFO  server.RaftServerConfigKeys (ConfUtils.java:logGet(43)) - raft.server.rpcslowness.timeout = 120s (custom)
2019-07-13 17:04:13,398 INFO  impl.RaftServerImpl (RaftServerImpl.java:<init>(93)) - d417f54d-23e4-4b91-a4e7-6e35cf4e80b3: new RaftServerImpl for group-915B678E511B:[d417f54d-23e4-4b91-a4e7-6e35cf4e80b3:192.168.5.187:33457, 8525fc11-352f-49ff-bd2c-d11e7a41e5c1:192.168.5.187:39914, 5e4f3cb1-f064-48cd-b882-5ce5f38148b8:192.168.5.187:36386] with ContainerStateMachine:uninitialized
2019-07-13 17:04:13,398 INFO  server.RaftServerConfigKeys (ConfUtils.java:logGet(43)) - raft.server.sleep.deviation.threshold = 300 (default)
2019-07-13 17:04:13,398 INFO  server.RaftServerConfigKeys (ConfUtils.java:logGet(43)) - raft.server.rpc.timeout.min = 5s (custom)
2019-07-13 17:04:13,398 INFO  server.RaftServerConfigKeys (ConfUtils.java:logGet(43)) - raft.server.log.appender.install.snapshot.enabled = false (custom)
2019-07-13 17:04:13,398 INFO  server.RaftServerConfigKeys (ConfUtils.java:logGet(43)) - raft.server.rpc.timeout.max = 5200ms (custom)
2019-07-13 17:04:13,399 INFO  impl.RaftServerImpl (ServerState.java:<init>(105)) - 5e4f3cb1-f064-48cd-b882-5ce5f38148b8:group-915B678E511B ConfigurationManager, init=-1: [d417f54d-23e4-4b91-a4e7-6e35cf4e80b3:192.168.5.187:33457, 8525fc11-352f-49ff-bd2c-d11e7a41e5c1:192.168.5.187:39914, 5e4f3cb1-f064-48cd-b882-5ce5f38148b8:192.168.5.187:36386], old=null, confs=<EMPTY_MAP>
2019-07-13 17:04:13,399 INFO  server.RaftServerConfigKeys (ConfUtils.java:logGet(43)) - raft.server.rpcslowness.timeout = 120s (custom)
2019-07-13 17:04:13,399 INFO  server.RaftServerConfigKeys (ConfUtils.java:logGet(43)) - raft.server.storage.dir = [/tmp/workdir/hadoop-ozone/integration-test/target/test-dir/MiniOzoneClusterImpl-4453a8a5-71ed-4512-a901-37f4cf98323b/datanode-4/data/ratis] (custom)
2019-07-13 17:04:13,399 INFO  impl.RaftServerImpl (RaftServerImpl.java:<init>(93)) - 8525fc11-352f-49ff-bd2c-d11e7a41e5c1: new RaftServerImpl for group-915B678E511B:[d417f54d-23e4-4b91-a4e7-6e35cf4e80b3:192.168.5.187:33457, 8525fc11-352f-49ff-bd2c-d11e7a41e5c1:192.168.5.187:39914, 5e4f3cb1-f064-48cd-b882-5ce5f38148b8:192.168.5.187:36386] with ContainerStateMachine:uninitialized
2019-07-13 17:04:13,399 INFO  server.RaftServerConfigKeys (ConfUtils.java:logGet(43)) - raft.server.sleep.deviation.threshold = 300 (default)
2019-07-13 17:04:13,399 INFO  server.RaftServerConfigKeys (ConfUtils.java:logGet(43)) - raft.server.log.appender.install.snapshot.enabled = false (custom)
2019-07-13 17:04:13,399 INFO  server.RaftServerConfigKeys (ConfUtils.java:logGet(43)) - raft.server.rpc.timeout.min = 5s (custom)
2019-07-13 17:04:13,400 INFO  impl.RaftServerImpl (ServerState.java:<init>(105)) - d417f54d-23e4-4b91-a4e7-6e35cf4e80b3:group-915B678E511B ConfigurationManager, init=-1: [d417f54d-23e4-4b91-a4e7-6e35cf4e80b3:192.168.5.187:33457, 8525fc11-352f-49ff-bd2c-d11e7a41e5c1:192.168.5.187:39914, 5e4f3cb1-f064-48cd-b882-5ce5f38148b8:192.168.5.187:36386], old=null, confs=<EMPTY_MAP>
2019-07-13 17:04:13,399 INFO  storage.RaftStorageDirectory (RaftStorageDirectory.java:analyzeStorage(246)) - The storage directory /tmp/workdir/hadoop-ozone/integration-test/target/test-dir/MiniOzoneClusterImpl-4453a8a5-71ed-4512-a901-37f4cf98323b/datanode-4/data/ratis/cc78ed68-23a1-45b2-a0c6-915b678e511b does not exist. Creating ...
2019-07-13 17:04:13,400 INFO  server.RaftServerConfigKeys (ConfUtils.java:logGet(43)) - raft.server.storage.dir = [/tmp/workdir/hadoop-ozone/integration-test/target/test-dir/MiniOzoneClusterImpl-4453a8a5-71ed-4512-a901-37f4cf98323b/datanode-6/data/ratis] (custom)
2019-07-13 17:04:13,400 INFO  server.RaftServerConfigKeys (ConfUtils.java:logGet(43)) - raft.server.rpc.timeout.max = 5200ms (custom)
2019-07-13 17:04:13,400 INFO  server.RaftServerConfigKeys (ConfUtils.java:logGet(43)) - raft.server.rpcslowness.timeout = 120s (custom)
2019-07-13 17:04:13,400 INFO  storage.RaftStorageDirectory (RaftStorageDirectory.java:analyzeStorage(246)) - The storage directory /tmp/workdir/hadoop-ozone/integration-test/target/test-dir/MiniOzoneClusterImpl-4453a8a5-71ed-4512-a901-37f4cf98323b/datanode-6/data/ratis/cc78ed68-23a1-45b2-a0c6-915b678e511b does not exist. Creating ...
2019-07-13 17:04:13,400 INFO  server.RaftServerConfigKeys (ConfUtils.java:logGet(43)) - raft.server.sleep.deviation.threshold = 300 (default)
2019-07-13 17:04:13,401 INFO  server.RaftServerConfigKeys (ConfUtils.java:logGet(43)) - raft.server.log.appender.install.snapshot.enabled = false (custom)
2019-07-13 17:04:13,401 INFO  impl.RaftServerImpl (ServerState.java:<init>(105)) - 8525fc11-352f-49ff-bd2c-d11e7a41e5c1:group-915B678E511B ConfigurationManager, init=-1: [d417f54d-23e4-4b91-a4e7-6e35cf4e80b3:192.168.5.187:33457, 8525fc11-352f-49ff-bd2c-d11e7a41e5c1:192.168.5.187:39914, 5e4f3cb1-f064-48cd-b882-5ce5f38148b8:192.168.5.187:36386], old=null, confs=<EMPTY_MAP>
2019-07-13 17:04:13,401 INFO  server.RaftServerConfigKeys (ConfUtils.java:logGet(43)) - raft.server.storage.dir = [/tmp/workdir/hadoop-ozone/integration-test/target/test-dir/MiniOzoneClusterImpl-4453a8a5-71ed-4512-a901-37f4cf98323b/datanode-0/data/ratis] (custom)
2019-07-13 17:04:13,402 INFO  storage.RaftStorageDirectory (RaftStorageDirectory.java:analyzeStorage(246)) - The storage directory /tmp/workdir/hadoop-ozone/integration-test/target/test-dir/MiniOzoneClusterImpl-4453a8a5-71ed-4512-a901-37f4cf98323b/datanode-0/data/ratis/cc78ed68-23a1-45b2-a0c6-915b678e511b does not exist. Creating ...
2019-07-13 17:04:13,413 INFO  storage.RaftStorageDirectory (RaftStorageDirectory.java:tryLock(328)) - Lock on /tmp/workdir/hadoop-ozone/integration-test/target/test-dir/MiniOzoneClusterImpl-4453a8a5-71ed-4512-a901-37f4cf98323b/datanode-6/data/ratis/cc78ed68-23a1-45b2-a0c6-915b678e511b/in_use.lock acquired by nodename 12212@trunk-nightly-z92hn-1831959607
2019-07-13 17:04:13,413 INFO  storage.RaftStorageDirectory (RaftStorageDirectory.java:tryLock(328)) - Lock on /tmp/workdir/hadoop-ozone/integration-test/target/test-dir/MiniOzoneClusterImpl-4453a8a5-71ed-4512-a901-37f4cf98323b/datanode-0/data/ratis/cc78ed68-23a1-45b2-a0c6-915b678e511b/in_use.lock acquired by nodename 12212@trunk-nightly-z92hn-1831959607
2019-07-13 17:04:13,413 INFO  storage.RaftStorageDirectory (RaftStorageDirectory.java:tryLock(328)) - Lock on /tmp/workdir/hadoop-ozone/integration-test/target/test-dir/MiniOzoneClusterImpl-4453a8a5-71ed-4512-a901-37f4cf98323b/datanode-4/data/ratis/cc78ed68-23a1-45b2-a0c6-915b678e511b/in_use.lock acquired by nodename 12212@trunk-nightly-z92hn-1831959607
2019-07-13 17:04:13,418 INFO  storage.RaftStorage (RaftStorage.java:format(72)) - Storage directory /tmp/workdir/hadoop-ozone/integration-test/target/test-dir/MiniOzoneClusterImpl-4453a8a5-71ed-4512-a901-37f4cf98323b/datanode-6/data/ratis/cc78ed68-23a1-45b2-a0c6-915b678e511b has been successfully formatted.
2019-07-13 17:04:13,418 INFO  storage.RaftStorage (RaftStorage.java:format(72)) - Storage directory /tmp/workdir/hadoop-ozone/integration-test/target/test-dir/MiniOzoneClusterImpl-4453a8a5-71ed-4512-a901-37f4cf98323b/datanode-4/data/ratis/cc78ed68-23a1-45b2-a0c6-915b678e511b has been successfully formatted.
2019-07-13 17:04:13,418 INFO  storage.RaftStorage (RaftStorage.java:format(72)) - Storage directory /tmp/workdir/hadoop-ozone/integration-test/target/test-dir/MiniOzoneClusterImpl-4453a8a5-71ed-4512-a901-37f4cf98323b/datanode-0/data/ratis/cc78ed68-23a1-45b2-a0c6-915b678e511b has been successfully formatted.
2019-07-13 17:04:13,418 INFO  ratis.ContainerStateMachine (ContainerStateMachine.java:loadSnapshot(200)) - The snapshot info is null.Setting the last applied index to:(t:0, i:~)
2019-07-13 17:04:13,418 INFO  ratis.ContainerStateMachine (ContainerStateMachine.java:loadSnapshot(200)) - The snapshot info is null.Setting the last applied index to:(t:0, i:~)
2019-07-13 17:04:13,419 INFO  ratis.ContainerStateMachine (ContainerStateMachine.java:loadSnapshot(200)) - The snapshot info is null.Setting the last applied index to:(t:0, i:~)
2019-07-13 17:04:13,419 INFO  server.RaftServerConfigKeys (ConfUtils.java:logGet(43)) - raft.server.leader.election.timeout = 120s (custom)
2019-07-13 17:04:13,419 INFO  server.RaftServerConfigKeys (ConfUtils.java:logGet(43)) - raft.server.leader.election.timeout = 120s (custom)
2019-07-13 17:04:13,419 INFO  server.RaftServerConfigKeys (ConfUtils.java:logGet(43)) - raft.server.leader.election.timeout = 120s (custom)
2019-07-13 17:04:13,419 INFO  server.RaftServerConfigKeys (ConfUtils.java:logGet(43)) - raft.server.log.use.memory = false (default)
2019-07-13 17:04:13,419 INFO  server.RaftServerConfigKeys (ConfUtils.java:logGet(43)) - raft.server.log.use.memory = false (default)
2019-07-13 17:04:13,420 INFO  server.RaftServerConfigKeys (ConfUtils.java:logGet(43)) - raft.server.log.purge.gap = 1000000000 (custom)
2019-07-13 17:04:13,419 INFO  server.RaftServerConfigKeys (ConfUtils.java:logGet(43)) - raft.server.log.use.memory = false (default)
2019-07-13 17:04:13,420 INFO  server.RaftServerConfigKeys (ConfUtils.java:logGet(43)) - raft.server.log.appender.buffer.byte-limit = 33554432 (custom)
2019-07-13 17:04:13,420 INFO  server.RaftServerConfigKeys (ConfUtils.java:logGet(43)) - raft.server.log.purge.gap = 1000000000 (custom)
2019-07-13 17:04:13,420 INFO  server.RaftServerConfigKeys (ConfUtils.java:logGet(43)) - raft.server.log.segment.size.max = 1048576 (custom)
2019-07-13 17:04:13,420 INFO  server.RaftServerConfigKeys (ConfUtils.java:logGet(43)) - raft.server.log.purge.gap = 1000000000 (custom)
2019-07-13 17:04:13,420 INFO  server.RaftServerConfigKeys (ConfUtils.java:logGet(43)) - raft.server.log.segment.cache.num.max = 2 (custom)
2019-07-13 17:04:13,420 INFO  server.RaftServerConfigKeys (ConfUtils.java:logGet(43)) - raft.server.log.appender.buffer.byte-limit = 33554432 (custom)
2019-07-13 17:04:13,421 INFO  segmented.SegmentedRaftLogWorker (SegmentedRaftLogWorker.java:<init>(172)) - new 8525fc11-352f-49ff-bd2c-d11e7a41e5c1-SegmentedRaftLogWorker:Storage Directory /tmp/workdir/hadoop-ozone/integration-test/target/test-dir/MiniOzoneClusterImpl-4453a8a5-71ed-4512-a901-37f4cf98323b/datanode-0/data/ratis/cc78ed68-23a1-45b2-a0c6-915b678e511b for RaftStorage:Storage Directory /tmp/workdir/hadoop-ozone/integration-test/target/test-dir/MiniOzoneClusterImpl-4453a8a5-71ed-4512-a901-37f4cf98323b/datanode-0/data/ratis/cc78ed68-23a1-45b2-a0c6-915b678e511b
2019-07-13 17:04:13,421 INFO  server.RaftServerConfigKeys (ConfUtils.java:logGet(43)) - raft.server.log.appender.buffer.byte-limit = 33554432 (custom)
2019-07-13 17:04:13,421 INFO  server.RaftServerConfigKeys (ConfUtils.java:logGet(43)) - raft.server.log.queue.byte-limit = 2147483647 (custom)
2019-07-13 17:04:13,421 INFO  server.RaftServerConfigKeys (ConfUtils.java:logGet(43)) - raft.server.log.segment.size.max = 1048576 (custom)
2019-07-13 17:04:13,423 INFO  server.RaftServerConfigKeys (ConfUtils.java:logGet(43)) - raft.server.log.queue.element-limit = 1024 (custom)
2019-07-13 17:04:13,423 INFO  server.RaftServerConfigKeys (ConfUtils.java:logGet(43)) - raft.server.log.segment.size.max = 1048576 (custom)
2019-07-13 17:04:13,423 INFO  server.RaftServerConfigKeys (ConfUtils.java:logGet(43)) - raft.server.log.segment.size.max = 1048576 (custom)
2019-07-13 17:04:13,423 INFO  server.RaftServerConfigKeys (ConfUtils.java:logGet(43)) - raft.server.log.segment.cache.num.max = 2 (custom)
2019-07-13 17:04:13,423 INFO  server.RaftServerConfigKeys (ConfUtils.java:logGet(43)) - raft.server.log.preallocated.size = 16384 (custom)
2019-07-13 17:04:13,423 INFO  server.RaftServerConfigKeys (ConfUtils.java:logGet(43)) - raft.server.log.segment.cache.num.max = 2 (custom)
2019-07-13 17:04:13,424 INFO  server.RaftServerConfigKeys (ConfUtils.java:logGet(43)) - raft.server.log.write.buffer.size = 33554432 (custom)
2019-07-13 17:04:13,424 INFO  segmented.SegmentedRaftLogWorker (SegmentedRaftLogWorker.java:<init>(172)) - new 5e4f3cb1-f064-48cd-b882-5ce5f38148b8-SegmentedRaftLogWorker:Storage Directory /tmp/workdir/hadoop-ozone/integration-test/target/test-dir/MiniOzoneClusterImpl-4453a8a5-71ed-4512-a901-37f4cf98323b/datanode-4/data/ratis/cc78ed68-23a1-45b2-a0c6-915b678e511b for RaftStorage:Storage Directory /tmp/workdir/hadoop-ozone/integration-test/target/test-dir/MiniOzoneClusterImpl-4453a8a5-71ed-4512-a901-37f4cf98323b/datanode-4/data/ratis/cc78ed68-23a1-45b2-a0c6-915b678e511b
2019-07-13 17:04:13,424 INFO  server.RaftServerConfigKeys (ConfUtils.java:logGet(43)) - raft.server.log.force.sync.num = 128 (default)
2019-07-13 17:04:13,424 INFO  segmented.SegmentedRaftLogWorker (SegmentedRaftLogWorker.java:<init>(172)) - new d417f54d-23e4-4b91-a4e7-6e35cf4e80b3-SegmentedRaftLogWorker:Storage Directory /tmp/workdir/hadoop-ozone/integration-test/target/test-dir/MiniOzoneClusterImpl-4453a8a5-71ed-4512-a901-37f4cf98323b/datanode-6/data/ratis/cc78ed68-23a1-45b2-a0c6-915b678e511b for RaftStorage:Storage Directory /tmp/workdir/hadoop-ozone/integration-test/target/test-dir/MiniOzoneClusterImpl-4453a8a5-71ed-4512-a901-37f4cf98323b/datanode-6/data/ratis/cc78ed68-23a1-45b2-a0c6-915b678e511b
2019-07-13 17:04:13,424 INFO  server.RaftServerConfigKeys (ConfUtils.java:logGet(43)) - raft.server.log.statemachine.data.sync = true (default)
2019-07-13 17:04:13,424 INFO  server.RaftServerConfigKeys (ConfUtils.java:logGet(43)) - raft.server.log.queue.byte-limit = 2147483647 (custom)
2019-07-13 17:04:13,426 INFO  server.RaftServerConfigKeys (ConfUtils.java:logGet(43)) - raft.server.log.statemachine.data.sync.timeout = 10s (default)
2019-07-13 17:04:13,426 INFO  server.RaftServerConfigKeys (ConfUtils.java:logGet(43)) - raft.server.log.queue.byte-limit = 2147483647 (custom)
2019-07-13 17:04:13,428 INFO  server.RaftServerConfigKeys (ConfUtils.java:logGet(43)) - raft.server.log.statemachine.data.sync.timeout.retry = -1 (default)
2019-07-13 17:04:13,428 INFO  server.RaftServerConfigKeys (ConfUtils.java:logGet(43)) - raft.server.log.queue.element-limit = 1024 (custom)
2019-07-13 17:04:13,428 INFO  server.RaftServerConfigKeys (ConfUtils.java:logGet(43)) - raft.server.log.statemachine.data.caching.enabled = true (custom)
2019-07-13 17:04:13,428 INFO  server.RaftServerConfigKeys (ConfUtils.java:logGet(43)) - raft.server.log.queue.element-limit = 1024 (custom)
2019-07-13 17:04:13,428 INFO  server.RaftServerConfigKeys (ConfUtils.java:logGet(43)) - raft.server.log.segment.size.max = 1048576 (custom)
2019-07-13 17:04:13,429 INFO  segmented.SegmentedRaftLogWorker (SegmentedRaftLogWorker.java:lambda$new$0(132)) - 8525fc11-352f-49ff-bd2c-d11e7a41e5c1-SegmentedRaftLogWorker:Storage Directory /tmp/workdir/hadoop-ozone/integration-test/target/test-dir/MiniOzoneClusterImpl-4453a8a5-71ed-4512-a901-37f4cf98323b/datanode-0/data/ratis/cc78ed68-23a1-45b2-a0c6-915b678e511b: flushIndex: setUnconditionally 0 -> -1
2019-07-13 17:04:13,429 INFO  server.RaftServerConfigKeys (ConfUtils.java:logGet(43)) - raft.server.log.preallocated.size = 16384 (custom)
2019-07-13 17:04:13,429 INFO  server.RaftServerConfigKeys (ConfUtils.java:logGet(43)) - raft.server.log.segment.size.max = 1048576 (custom)
2019-07-13 17:04:13,429 INFO  server.RaftServerConfigKeys (ConfUtils.java:logGet(43)) - raft.server.snapshot.auto.trigger.enabled = true (custom)
2019-07-13 17:04:13,429 INFO  server.RaftServerConfigKeys (ConfUtils.java:logGet(43)) - raft.server.log.write.buffer.size = 33554432 (custom)
2019-07-13 17:04:13,429 INFO  server.RaftServerConfigKeys (ConfUtils.java:logGet(43)) - raft.server.snapshot.auto.trigger.threshold = 10000 (custom)
2019-07-13 17:04:13,429 INFO  server.RaftServerConfigKeys (ConfUtils.java:logGet(43)) - raft.server.log.preallocated.size = 16384 (custom)
2019-07-13 17:04:13,430 INFO  server.RaftServerConfigKeys (ConfUtils.java:logGet(43)) - raft.server.log.force.sync.num = 128 (default)
2019-07-13 17:04:13,430 INFO  server.RaftServerConfigKeys (ConfUtils.java:logGet(43)) - raft.server.retrycache.expirytime = 600000ms (custom)
2019-07-13 17:04:13,430 INFO  server.RaftServerConfigKeys (ConfUtils.java:logGet(43)) - raft.server.log.write.buffer.size = 33554432 (custom)
2019-07-13 17:04:13,430 INFO  server.RaftServerConfigKeys (ConfUtils.java:logGet(43)) - raft.server.log.statemachine.data.sync = true (default)
2019-07-13 17:04:13,430 INFO  impl.RaftServerImpl (RaftServerImpl.java:start(180)) - 8525fc11-352f-49ff-bd2c-d11e7a41e5c1: start group-915B678E511B
2019-07-13 17:04:13,430 INFO  server.RaftServerConfigKeys (ConfUtils.java:logGet(43)) - raft.server.log.force.sync.num = 128 (default)
2019-07-13 17:04:13,431 INFO  impl.RaftServerImpl (RaftServerImpl.java:setRole(171)) - 8525fc11-352f-49ff-bd2c-d11e7a41e5c1:group-915B678E511B changes role from null to FOLLOWER at term 0 for startAsFollower
2019-07-13 17:04:13,431 INFO  server.RaftServerConfigKeys (ConfUtils.java:logGet(43)) - raft.server.log.statemachine.data.sync.timeout = 10s (default)
2019-07-13 17:04:13,431 INFO  impl.RoleInfo (RoleInfo.java:updateAndGet(143)) - 8525fc11-352f-49ff-bd2c-d11e7a41e5c1: start FollowerState
2019-07-13 17:04:13,431 INFO  server.RaftServerConfigKeys (ConfUtils.java:logGet(43)) - raft.server.log.statemachine.data.sync = true (default)
2019-07-13 17:04:13,431 INFO  server.RaftServerConfigKeys (ConfUtils.java:logGet(43)) - raft.server.log.statemachine.data.sync.timeout.retry = -1 (default)
2019-07-13 17:04:13,432 INFO  server.RaftServerConfigKeys (ConfUtils.java:logGet(43)) - raft.server.log.statemachine.data.sync.timeout = 10s (default)
2019-07-13 17:04:13,432 INFO  server.RaftServerConfigKeys (ConfUtils.java:logGet(43)) - raft.server.log.statemachine.data.caching.enabled = true (custom)
2019-07-13 17:04:13,432 INFO  server.RaftServerConfigKeys (ConfUtils.java:logGet(43)) - raft.server.log.statemachine.data.sync.timeout.retry = -1 (default)
2019-07-13 17:04:13,432 INFO  util.JmxRegister (JmxRegister.java:tryRegister(44)) - Successfully registered JMX Bean with object name Ratis:service=RaftServer,group=group-915B678E511B,id=8525fc11-352f-49ff-bd2c-d11e7a41e5c1
2019-07-13 17:04:13,432 INFO  segmented.SegmentedRaftLogWorker (SegmentedRaftLogWorker.java:lambda$new$0(132)) - 5e4f3cb1-f064-48cd-b882-5ce5f38148b8-SegmentedRaftLogWorker:Storage Directory /tmp/workdir/hadoop-ozone/integration-test/target/test-dir/MiniOzoneClusterImpl-4453a8a5-71ed-4512-a901-37f4cf98323b/datanode-4/data/ratis/cc78ed68-23a1-45b2-a0c6-915b678e511b: flushIndex: setUnconditionally 0 -> -1
2019-07-13 17:04:13,432 INFO  server.RaftServerConfigKeys (ConfUtils.java:logGet(43)) - raft.server.log.statemachine.data.caching.enabled = true (custom)
2019-07-13 17:04:13,433 INFO  server.RaftServerConfigKeys (ConfUtils.java:logGet(43)) - raft.server.snapshot.auto.trigger.enabled = true (custom)
2019-07-13 17:04:13,433 INFO  segmented.SegmentedRaftLogWorker (SegmentedRaftLogWorker.java:lambda$new$0(132)) - d417f54d-23e4-4b91-a4e7-6e35cf4e80b3-SegmentedRaftLogWorker:Storage Directory /tmp/workdir/hadoop-ozone/integration-test/target/test-dir/MiniOzoneClusterImpl-4453a8a5-71ed-4512-a901-37f4cf98323b/datanode-6/data/ratis/cc78ed68-23a1-45b2-a0c6-915b678e511b: flushIndex: setUnconditionally 0 -> -1
2019-07-13 17:04:13,433 INFO  server.RaftServerConfigKeys (ConfUtils.java:logGet(43)) - raft.server.snapshot.auto.trigger.threshold = 10000 (custom)
2019-07-13 17:04:13,433 INFO  server.RaftServerConfigKeys (ConfUtils.java:logGet(43)) - raft.server.snapshot.auto.trigger.enabled = true (custom)
2019-07-13 17:04:13,433 INFO  server.RaftServerConfigKeys (ConfUtils.java:logGet(43)) - raft.server.retrycache.expirytime = 600000ms (custom)
2019-07-13 17:04:13,433 INFO  server.RaftServerConfigKeys (ConfUtils.java:logGet(43)) - raft.server.snapshot.auto.trigger.threshold = 10000 (custom)
2019-07-13 17:04:13,434 INFO  impl.RaftServerImpl (RaftServerImpl.java:start(180)) - 5e4f3cb1-f064-48cd-b882-5ce5f38148b8: start group-915B678E511B
2019-07-13 17:04:13,434 INFO  server.RaftServerConfigKeys (ConfUtils.java:logGet(43)) - raft.server.retrycache.expirytime = 600000ms (custom)
2019-07-13 17:04:13,434 INFO  impl.RaftServerImpl (RaftServerImpl.java:setRole(171)) - 5e4f3cb1-f064-48cd-b882-5ce5f38148b8:group-915B678E511B changes role from null to FOLLOWER at term 0 for startAsFollower
2019-07-13 17:04:13,434 INFO  impl.RaftServerImpl (RaftServerImpl.java:start(180)) - d417f54d-23e4-4b91-a4e7-6e35cf4e80b3: start group-915B678E511B
2019-07-13 17:04:13,434 INFO  impl.RoleInfo (RoleInfo.java:updateAndGet(143)) - 5e4f3cb1-f064-48cd-b882-5ce5f38148b8: start FollowerState
2019-07-13 17:04:13,434 INFO  impl.RaftServerImpl (RaftServerImpl.java:setRole(171)) - d417f54d-23e4-4b91-a4e7-6e35cf4e80b3:group-915B678E511B changes role from null to FOLLOWER at term 0 for startAsFollower
2019-07-13 17:04:13,434 INFO  impl.RoleInfo (RoleInfo.java:updateAndGet(143)) - d417f54d-23e4-4b91-a4e7-6e35cf4e80b3: start FollowerState
2019-07-13 17:04:13,435 INFO  util.JmxRegister (JmxRegister.java:tryRegister(44)) - Successfully registered JMX Bean with object name Ratis:service=RaftServer,group=group-915B678E511B,id=5e4f3cb1-f064-48cd-b882-5ce5f38148b8
2019-07-13 17:04:13,435 INFO  util.JmxRegister (JmxRegister.java:tryRegister(44)) - Successfully registered JMX Bean with object name Ratis:service=RaftServer,group=group-915B678E511B,id=d417f54d-23e4-4b91-a4e7-6e35cf4e80b3
2019-07-13 17:04:13,451 INFO  pipeline.PipelineStateManager (PipelineStateManager.java:addPipeline(56)) - Created pipeline Pipeline[ Id: cc78ed68-23a1-45b2-a0c6-915b678e511b, Nodes: d417f54d-23e4-4b91-a4e7-6e35cf4e80b3{ip: 192.168.5.187, host: trunk-nightly-z92hn-1831959607, networkLocation: /default-rack, certSerialId: null}8525fc11-352f-49ff-bd2c-d11e7a41e5c1{ip: 192.168.5.187, host: trunk-nightly-z92hn-1831959607, networkLocation: /default-rack, certSerialId: null}5e4f3cb1-f064-48cd-b882-5ce5f38148b8{ip: 192.168.5.187, host: trunk-nightly-z92hn-1831959607, networkLocation: /default-rack, certSerialId: null}, Type:RATIS, Factor:THREE, State:OPEN]
2019-07-13 17:04:13,479 INFO  impl.RaftServerProxy (RaftServerProxy.java:addNew(89)) - e78338f8-6f42-43ab-84e2-658f872d6be9: addNew group-5239876E86B1:[51b86174-9a37-4423-a264-2190d87386c3:192.168.5.187:37502, 38f048c8-7f9e-4c00-ac5a-b798ffdcff37:192.168.5.187:42422, e78338f8-6f42-43ab-84e2-658f872d6be9:192.168.5.187:44468] returns group-5239876E86B1:java.util.concurrent.CompletableFuture@48303cf2[Not completed]
2019-07-13 17:04:13,482 INFO  impl.RaftServerProxy (RaftServerProxy.java:addNew(89)) - 38f048c8-7f9e-4c00-ac5a-b798ffdcff37: addNew group-5239876E86B1:[51b86174-9a37-4423-a264-2190d87386c3:192.168.5.187:37502, 38f048c8-7f9e-4c00-ac5a-b798ffdcff37:192.168.5.187:42422, e78338f8-6f42-43ab-84e2-658f872d6be9:192.168.5.187:44468] returns group-5239876E86B1:java.util.concurrent.CompletableFuture@2c3fb5f[Not completed]
2019-07-13 17:04:13,483 INFO  impl.RaftServerImpl (RaftServerImpl.java:<init>(93)) - e78338f8-6f42-43ab-84e2-658f872d6be9: new RaftServerImpl for group-5239876E86B1:[51b86174-9a37-4423-a264-2190d87386c3:192.168.5.187:37502, 38f048c8-7f9e-4c00-ac5a-b798ffdcff37:192.168.5.187:42422, e78338f8-6f42-43ab-84e2-658f872d6be9:192.168.5.187:44468] with ContainerStateMachine:uninitialized
2019-07-13 17:04:13,484 INFO  server.RaftServerConfigKeys (ConfUtils.java:logGet(43)) - raft.server.rpc.timeout.min = 5s (custom)
2019-07-13 17:04:13,484 INFO  server.RaftServerConfigKeys (ConfUtils.java:logGet(43)) - raft.server.rpc.timeout.max = 5200ms (custom)
2019-07-13 17:04:13,484 INFO  server.RaftServerConfigKeys (ConfUtils.java:logGet(43)) - raft.server.rpcslowness.timeout = 120s (custom)
2019-07-13 17:04:13,484 INFO  impl.RaftServerProxy (RaftServerProxy.java:addNew(89)) - 51b86174-9a37-4423-a264-2190d87386c3: addNew group-5239876E86B1:[51b86174-9a37-4423-a264-2190d87386c3:192.168.5.187:37502, 38f048c8-7f9e-4c00-ac5a-b798ffdcff37:192.168.5.187:42422, e78338f8-6f42-43ab-84e2-658f872d6be9:192.168.5.187:44468] returns group-5239876E86B1:java.util.concurrent.CompletableFuture@32e2fc6f[Not completed]
2019-07-13 17:04:13,484 INFO  server.RaftServerConfigKeys (ConfUtils.java:logGet(43)) - raft.server.sleep.deviation.threshold = 300 (default)
2019-07-13 17:04:13,485 INFO  server.RaftServerConfigKeys (ConfUtils.java:logGet(43)) - raft.server.log.appender.install.snapshot.enabled = false (custom)
2019-07-13 17:04:13,485 INFO  impl.RaftServerImpl (ServerState.java:<init>(105)) - e78338f8-6f42-43ab-84e2-658f872d6be9:group-5239876E86B1 ConfigurationManager, init=-1: [51b86174-9a37-4423-a264-2190d87386c3:192.168.5.187:37502, 38f048c8-7f9e-4c00-ac5a-b798ffdcff37:192.168.5.187:42422, e78338f8-6f42-43ab-84e2-658f872d6be9:192.168.5.187:44468], old=null, confs=<EMPTY_MAP>
2019-07-13 17:04:13,485 INFO  impl.RaftServerImpl (RaftServerImpl.java:<init>(93)) - 38f048c8-7f9e-4c00-ac5a-b798ffdcff37: new RaftServerImpl for group-5239876E86B1:[51b86174-9a37-4423-a264-2190d87386c3:192.168.5.187:37502, 38f048c8-7f9e-4c00-ac5a-b798ffdcff37:192.168.5.187:42422, e78338f8-6f42-43ab-84e2-658f872d6be9:192.168.5.187:44468] with ContainerStateMachine:uninitialized
2019-07-13 17:04:13,485 INFO  server.RaftServerConfigKeys (ConfUtils.java:logGet(43)) - raft.server.storage.dir = [/tmp/workdir/hadoop-ozone/integration-test/target/test-dir/MiniOzoneClusterImpl-4453a8a5-71ed-4512-a901-37f4cf98323b/datanode-2/data/ratis] (custom)
2019-07-13 17:04:13,485 INFO  server.RaftServerConfigKeys (ConfUtils.java:logGet(43)) - raft.server.rpc.timeout.min = 5s (custom)
2019-07-13 17:04:13,485 INFO  server.RaftServerConfigKeys (ConfUtils.java:logGet(43)) - raft.server.rpc.timeout.max = 5200ms (custom)
2019-07-13 17:04:13,485 INFO  storage.RaftStorageDirectory (RaftStorageDirectory.java:analyzeStorage(246)) - The storage directory /tmp/workdir/hadoop-ozone/integration-test/target/test-dir/MiniOzoneClusterImpl-4453a8a5-71ed-4512-a901-37f4cf98323b/datanode-2/data/ratis/1232a281-dced-427b-ace6-5239876e86b1 does not exist. Creating ...
2019-07-13 17:04:13,485 INFO  server.RaftServerConfigKeys (ConfUtils.java:logGet(43)) - raft.server.rpcslowness.timeout = 120s (custom)
2019-07-13 17:04:13,486 INFO  server.RaftServerConfigKeys (ConfUtils.java:logGet(43)) - raft.server.sleep.deviation.threshold = 300 (default)
2019-07-13 17:04:13,486 INFO  impl.RaftServerImpl (RaftServerImpl.java:<init>(93)) - 51b86174-9a37-4423-a264-2190d87386c3: new RaftServerImpl for group-5239876E86B1:[51b86174-9a37-4423-a264-2190d87386c3:192.168.5.187:37502, 38f048c8-7f9e-4c00-ac5a-b798ffdcff37:192.168.5.187:42422, e78338f8-6f42-43ab-84e2-658f872d6be9:192.168.5.187:44468] with ContainerStateMachine:uninitialized
2019-07-13 17:04:13,486 INFO  server.RaftServerConfigKeys (ConfUtils.java:logGet(43)) - raft.server.log.appender.install.snapshot.enabled = false (custom)
2019-07-13 17:04:13,486 INFO  server.RaftServerConfigKeys (ConfUtils.java:logGet(43)) - raft.server.rpc.timeout.min = 5s (custom)
2019-07-13 17:04:13,486 INFO  impl.RaftServerImpl (ServerState.java:<init>(105)) - 38f048c8-7f9e-4c00-ac5a-b798ffdcff37:group-5239876E86B1 ConfigurationManager, init=-1: [51b86174-9a37-4423-a264-2190d87386c3:192.168.5.187:37502, 38f048c8-7f9e-4c00-ac5a-b798ffdcff37:192.168.5.187:42422, e78338f8-6f42-43ab-84e2-658f872d6be9:192.168.5.187:44468], old=null, confs=<EMPTY_MAP>
2019-07-13 17:04:13,486 INFO  server.RaftServerConfigKeys (ConfUtils.java:logGet(43)) - raft.server.rpc.timeout.max = 5200ms (custom)
2019-07-13 17:04:13,486 INFO  server.RaftServerConfigKeys (ConfUtils.java:logGet(43)) - raft.server.storage.dir = [/tmp/workdir/hadoop-ozone/integration-test/target/test-dir/MiniOzoneClusterImpl-4453a8a5-71ed-4512-a901-37f4cf98323b/datanode-1/data/ratis] (custom)
2019-07-13 17:04:13,486 INFO  server.RaftServerConfigKeys (ConfUtils.java:logGet(43)) - raft.server.rpcslowness.timeout = 120s (custom)
2019-07-13 17:04:13,487 INFO  server.RaftServerConfigKeys (ConfUtils.java:logGet(43)) - raft.server.sleep.deviation.threshold = 300 (default)
2019-07-13 17:04:13,487 INFO  storage.RaftStorageDirectory (RaftStorageDirectory.java:analyzeStorage(246)) - The storage directory /tmp/workdir/hadoop-ozone/integration-test/target/test-dir/MiniOzoneClusterImpl-4453a8a5-71ed-4512-a901-37f4cf98323b/datanode-1/data/ratis/1232a281-dced-427b-ace6-5239876e86b1 does not exist. Creating ...
2019-07-13 17:04:13,487 INFO  server.RaftServerConfigKeys (ConfUtils.java:logGet(43)) - raft.server.log.appender.install.snapshot.enabled = false (custom)
2019-07-13 17:04:13,487 INFO  impl.RaftServerImpl (ServerState.java:<init>(105)) - 51b86174-9a37-4423-a264-2190d87386c3:group-5239876E86B1 ConfigurationManager, init=-1: [51b86174-9a37-4423-a264-2190d87386c3:192.168.5.187:37502, 38f048c8-7f9e-4c00-ac5a-b798ffdcff37:192.168.5.187:42422, e78338f8-6f42-43ab-84e2-658f872d6be9:192.168.5.187:44468], old=null, confs=<EMPTY_MAP>
2019-07-13 17:04:13,487 INFO  server.RaftServerConfigKeys (ConfUtils.java:logGet(43)) - raft.server.storage.dir = [/tmp/workdir/hadoop-ozone/integration-test/target/test-dir/MiniOzoneClusterImpl-4453a8a5-71ed-4512-a901-37f4cf98323b/datanode-5/data/ratis] (custom)
2019-07-13 17:04:13,488 INFO  storage.RaftStorageDirectory (RaftStorageDirectory.java:analyzeStorage(246)) - The storage directory /tmp/workdir/hadoop-ozone/integration-test/target/test-dir/MiniOzoneClusterImpl-4453a8a5-71ed-4512-a901-37f4cf98323b/datanode-5/data/ratis/1232a281-dced-427b-ace6-5239876e86b1 does not exist. Creating ...
2019-07-13 17:04:13,498 INFO  storage.RaftStorageDirectory (RaftStorageDirectory.java:tryLock(328)) - Lock on /tmp/workdir/hadoop-ozone/integration-test/target/test-dir/MiniOzoneClusterImpl-4453a8a5-71ed-4512-a901-37f4cf98323b/datanode-2/data/ratis/1232a281-dced-427b-ace6-5239876e86b1/in_use.lock acquired by nodename 12212@trunk-nightly-z92hn-1831959607
2019-07-13 17:04:13,498 INFO  storage.RaftStorageDirectory (RaftStorageDirectory.java:tryLock(328)) - Lock on /tmp/workdir/hadoop-ozone/integration-test/target/test-dir/MiniOzoneClusterImpl-4453a8a5-71ed-4512-a901-37f4cf98323b/datanode-1/data/ratis/1232a281-dced-427b-ace6-5239876e86b1/in_use.lock acquired by nodename 12212@trunk-nightly-z92hn-1831959607
2019-07-13 17:04:13,498 INFO  storage.RaftStorageDirectory (RaftStorageDirectory.java:tryLock(328)) - Lock on /tmp/workdir/hadoop-ozone/integration-test/target/test-dir/MiniOzoneClusterImpl-4453a8a5-71ed-4512-a901-37f4cf98323b/datanode-5/data/ratis/1232a281-dced-427b-ace6-5239876e86b1/in_use.lock acquired by nodename 12212@trunk-nightly-z92hn-1831959607
2019-07-13 17:04:13,511 INFO  storage.RaftStorage (RaftStorage.java:format(72)) - Storage directory /tmp/workdir/hadoop-ozone/integration-test/target/test-dir/MiniOzoneClusterImpl-4453a8a5-71ed-4512-a901-37f4cf98323b/datanode-2/data/ratis/1232a281-dced-427b-ace6-5239876e86b1 has been successfully formatted.
2019-07-13 17:04:13,511 INFO  storage.RaftStorage (RaftStorage.java:format(72)) - Storage directory /tmp/workdir/hadoop-ozone/integration-test/target/test-dir/MiniOzoneClusterImpl-4453a8a5-71ed-4512-a901-37f4cf98323b/datanode-1/data/ratis/1232a281-dced-427b-ace6-5239876e86b1 has been successfully formatted.
2019-07-13 17:04:13,511 INFO  storage.RaftStorage (RaftStorage.java:format(72)) - Storage directory /tmp/workdir/hadoop-ozone/integration-test/target/test-dir/MiniOzoneClusterImpl-4453a8a5-71ed-4512-a901-37f4cf98323b/datanode-5/data/ratis/1232a281-dced-427b-ace6-5239876e86b1 has been successfully formatted.
2019-07-13 17:04:13,512 INFO  ratis.ContainerStateMachine (ContainerStateMachine.java:loadSnapshot(200)) - The snapshot info is null.Setting the last applied index to:(t:0, i:~)
2019-07-13 17:04:13,511 INFO  ratis.ContainerStateMachine (ContainerStateMachine.java:loadSnapshot(200)) - The snapshot info is null.Setting the last applied index to:(t:0, i:~)
2019-07-13 17:04:13,512 INFO  server.RaftServerConfigKeys (ConfUtils.java:logGet(43)) - raft.server.leader.election.timeout = 120s (custom)
2019-07-13 17:04:13,512 INFO  ratis.ContainerStateMachine (ContainerStateMachine.java:loadSnapshot(200)) - The snapshot info is null.Setting the last applied index to:(t:0, i:~)
2019-07-13 17:04:13,512 INFO  server.RaftServerConfigKeys (ConfUtils.java:logGet(43)) - raft.server.log.use.memory = false (default)
2019-07-13 17:04:13,512 INFO  server.RaftServerConfigKeys (ConfUtils.java:logGet(43)) - raft.server.leader.election.timeout = 120s (custom)
2019-07-13 17:04:13,512 INFO  server.RaftServerConfigKeys (ConfUtils.java:logGet(43)) - raft.server.log.purge.gap = 1000000000 (custom)
2019-07-13 17:04:13,512 INFO  server.RaftServerConfigKeys (ConfUtils.java:logGet(43)) - raft.server.leader.election.timeout = 120s (custom)
2019-07-13 17:04:13,513 INFO  server.RaftServerConfigKeys (ConfUtils.java:logGet(43)) - raft.server.log.appender.buffer.byte-limit = 33554432 (custom)
2019-07-13 17:04:13,512 INFO  server.RaftServerConfigKeys (ConfUtils.java:logGet(43)) - raft.server.log.use.memory = false (default)
2019-07-13 17:04:13,513 INFO  server.RaftServerConfigKeys (ConfUtils.java:logGet(43)) - raft.server.log.segment.size.max = 1048576 (custom)
2019-07-13 17:04:13,513 INFO  server.RaftServerConfigKeys (ConfUtils.java:logGet(43)) - raft.server.log.use.memory = false (default)
2019-07-13 17:04:13,513 INFO  server.RaftServerConfigKeys (ConfUtils.java:logGet(43)) - raft.server.log.segment.cache.num.max = 2 (custom)
2019-07-13 17:04:13,513 INFO  server.RaftServerConfigKeys (ConfUtils.java:logGet(43)) - raft.server.log.purge.gap = 1000000000 (custom)
2019-07-13 17:04:13,513 INFO  segmented.SegmentedRaftLogWorker (SegmentedRaftLogWorker.java:<init>(172)) - new 38f048c8-7f9e-4c00-ac5a-b798ffdcff37-SegmentedRaftLogWorker:Storage Directory /tmp/workdir/hadoop-ozone/integration-test/target/test-dir/MiniOzoneClusterImpl-4453a8a5-71ed-4512-a901-37f4cf98323b/datanode-1/data/ratis/1232a281-dced-427b-ace6-5239876e86b1 for RaftStorage:Storage Directory /tmp/workdir/hadoop-ozone/integration-test/target/test-dir/MiniOzoneClusterImpl-4453a8a5-71ed-4512-a901-37f4cf98323b/datanode-1/data/ratis/1232a281-dced-427b-ace6-5239876e86b1
2019-07-13 17:04:13,513 INFO  server.RaftServerConfigKeys (ConfUtils.java:logGet(43)) - raft.server.log.purge.gap = 1000000000 (custom)
2019-07-13 17:04:13,514 INFO  server.RaftServerConfigKeys (ConfUtils.java:logGet(43)) - raft.server.log.queue.byte-limit = 2147483647 (custom)
2019-07-13 17:04:13,513 INFO  server.RaftServerConfigKeys (ConfUtils.java:logGet(43)) - raft.server.log.appender.buffer.byte-limit = 33554432 (custom)
2019-07-13 17:04:13,515 INFO  server.RaftServerConfigKeys (ConfUtils.java:logGet(43)) - raft.server.log.queue.element-limit = 1024 (custom)
2019-07-13 17:04:13,514 INFO  server.RaftServerConfigKeys (ConfUtils.java:logGet(43)) - raft.server.log.appender.buffer.byte-limit = 33554432 (custom)
2019-07-13 17:04:13,515 INFO  server.RaftServerConfigKeys (ConfUtils.java:logGet(43)) - raft.server.log.segment.size.max = 1048576 (custom)
2019-07-13 17:04:13,515 INFO  server.RaftServerConfigKeys (ConfUtils.java:logGet(43)) - raft.server.log.segment.size.max = 1048576 (custom)
2019-07-13 17:04:13,516 INFO  server.RaftServerConfigKeys (ConfUtils.java:logGet(43)) - raft.server.log.preallocated.size = 16384 (custom)
2019-07-13 17:04:13,516 INFO  server.RaftServerConfigKeys (ConfUtils.java:logGet(43)) - raft.server.log.segment.size.max = 1048576 (custom)
2019-07-13 17:04:13,516 INFO  server.RaftServerConfigKeys (ConfUtils.java:logGet(43)) - raft.server.log.write.buffer.size = 33554432 (custom)
2019-07-13 17:04:13,516 INFO  server.RaftServerConfigKeys (ConfUtils.java:logGet(43)) - raft.server.log.segment.cache.num.max = 2 (custom)
2019-07-13 17:04:13,516 INFO  server.RaftServerConfigKeys (ConfUtils.java:logGet(43)) - raft.server.log.force.sync.num = 128 (default)
2019-07-13 17:04:13,516 INFO  server.RaftServerConfigKeys (ConfUtils.java:logGet(43)) - raft.server.log.segment.cache.num.max = 2 (custom)
2019-07-13 17:04:13,517 INFO  server.RaftServerConfigKeys (ConfUtils.java:logGet(43)) - raft.server.log.statemachine.data.sync = true (default)
2019-07-13 17:04:13,516 INFO  segmented.SegmentedRaftLogWorker (SegmentedRaftLogWorker.java:<init>(172)) - new e78338f8-6f42-43ab-84e2-658f872d6be9-SegmentedRaftLogWorker:Storage Directory /tmp/workdir/hadoop-ozone/integration-test/target/test-dir/MiniOzoneClusterImpl-4453a8a5-71ed-4512-a901-37f4cf98323b/datanode-2/data/ratis/1232a281-dced-427b-ace6-5239876e86b1 for RaftStorage:Storage Directory /tmp/workdir/hadoop-ozone/integration-test/target/test-dir/MiniOzoneClusterImpl-4453a8a5-71ed-4512-a901-37f4cf98323b/datanode-2/data/ratis/1232a281-dced-427b-ace6-5239876e86b1
2019-07-13 17:04:13,517 INFO  server.RaftServerConfigKeys (ConfUtils.java:logGet(43)) - raft.server.log.statemachine.data.sync.timeout = 10s (default)
2019-07-13 17:04:13,517 INFO  segmented.SegmentedRaftLogWorker (SegmentedRaftLogWorker.java:<init>(172)) - new 51b86174-9a37-4423-a264-2190d87386c3-SegmentedRaftLogWorker:Storage Directory /tmp/workdir/hadoop-ozone/integration-test/target/test-dir/MiniOzoneClusterImpl-4453a8a5-71ed-4512-a901-37f4cf98323b/datanode-5/data/ratis/1232a281-dced-427b-ace6-5239876e86b1 for RaftStorage:Storage Directory /tmp/workdir/hadoop-ozone/integration-test/target/test-dir/MiniOzoneClusterImpl-4453a8a5-71ed-4512-a901-37f4cf98323b/datanode-5/data/ratis/1232a281-dced-427b-ace6-5239876e86b1
2019-07-13 17:04:13,517 INFO  server.RaftServerConfigKeys (ConfUtils.java:logGet(43)) - raft.server.log.statemachine.data.sync.timeout.retry = -1 (default)
2019-07-13 17:04:13,517 INFO  server.RaftServerConfigKeys (ConfUtils.java:logGet(43)) - raft.server.log.queue.byte-limit = 2147483647 (custom)
2019-07-13 17:04:13,520 INFO  server.RaftServerConfigKeys (ConfUtils.java:logGet(43)) - raft.server.log.statemachine.data.caching.enabled = true (custom)
2019-07-13 17:04:13,519 INFO  server.RaftServerConfigKeys (ConfUtils.java:logGet(43)) - raft.server.log.queue.byte-limit = 2147483647 (custom)
2019-07-13 17:04:13,520 INFO  server.RaftServerConfigKeys (ConfUtils.java:logGet(43)) - raft.server.log.queue.element-limit = 1024 (custom)
2019-07-13 17:04:13,520 INFO  server.RaftServerConfigKeys (ConfUtils.java:logGet(43)) - raft.server.log.queue.element-limit = 1024 (custom)
2019-07-13 17:04:13,520 INFO  segmented.SegmentedRaftLogWorker (SegmentedRaftLogWorker.java:lambda$new$0(132)) - 38f048c8-7f9e-4c00-ac5a-b798ffdcff37-SegmentedRaftLogWorker:Storage Directory /tmp/workdir/hadoop-ozone/integration-test/target/test-dir/MiniOzoneClusterImpl-4453a8a5-71ed-4512-a901-37f4cf98323b/datanode-1/data/ratis/1232a281-dced-427b-ace6-5239876e86b1: flushIndex: setUnconditionally 0 -> -1
2019-07-13 17:04:13,521 INFO  server.RaftServerConfigKeys (ConfUtils.java:logGet(43)) - raft.server.log.segment.size.max = 1048576 (custom)
2019-07-13 17:04:13,521 INFO  server.RaftServerConfigKeys (ConfUtils.java:logGet(43)) - raft.server.log.segment.size.max = 1048576 (custom)
2019-07-13 17:04:13,521 INFO  server.RaftServerConfigKeys (ConfUtils.java:logGet(43)) - raft.server.snapshot.auto.trigger.enabled = true (custom)
2019-07-13 17:04:13,521 INFO  server.RaftServerConfigKeys (ConfUtils.java:logGet(43)) - raft.server.log.preallocated.size = 16384 (custom)
2019-07-13 17:04:13,521 INFO  server.RaftServerConfigKeys (ConfUtils.java:logGet(43)) - raft.server.snapshot.auto.trigger.threshold = 10000 (custom)
2019-07-13 17:04:13,521 INFO  server.RaftServerConfigKeys (ConfUtils.java:logGet(43)) - raft.server.log.preallocated.size = 16384 (custom)
2019-07-13 17:04:13,521 INFO  server.RaftServerConfigKeys (ConfUtils.java:logGet(43)) - raft.server.log.write.buffer.size = 33554432 (custom)
2019-07-13 17:04:13,522 INFO  server.RaftServerConfigKeys (ConfUtils.java:logGet(43)) - raft.server.log.write.buffer.size = 33554432 (custom)
2019-07-13 17:04:13,522 INFO  server.RaftServerConfigKeys (ConfUtils.java:logGet(43)) - raft.server.retrycache.expirytime = 600000ms (custom)
2019-07-13 17:04:13,522 INFO  server.RaftServerConfigKeys (ConfUtils.java:logGet(43)) - raft.server.log.force.sync.num = 128 (default)
2019-07-13 17:04:13,522 INFO  server.RaftServerConfigKeys (ConfUtils.java:logGet(43)) - raft.server.log.force.sync.num = 128 (default)
2019-07-13 17:04:13,522 INFO  impl.RaftServerImpl (RaftServerImpl.java:start(180)) - 38f048c8-7f9e-4c00-ac5a-b798ffdcff37: start group-5239876E86B1
2019-07-13 17:04:13,522 INFO  server.RaftServerConfigKeys (ConfUtils.java:logGet(43)) - raft.server.log.statemachine.data.sync = true (default)
2019-07-13 17:04:13,522 INFO  impl.RaftServerImpl (RaftServerImpl.java:setRole(171)) - 38f048c8-7f9e-4c00-ac5a-b798ffdcff37:group-5239876E86B1 changes role from null to FOLLOWER at term 0 for startAsFollower
2019-07-13 17:04:13,522 INFO  server.RaftServerConfigKeys (ConfUtils.java:logGet(43)) - raft.server.log.statemachine.data.sync = true (default)
2019-07-13 17:04:13,523 INFO  impl.RoleInfo (RoleInfo.java:updateAndGet(143)) - 38f048c8-7f9e-4c00-ac5a-b798ffdcff37: start FollowerState
2019-07-13 17:04:13,523 INFO  server.RaftServerConfigKeys (ConfUtils.java:logGet(43)) - raft.server.log.statemachine.data.sync.timeout = 10s (default)
2019-07-13 17:04:13,523 INFO  server.RaftServerConfigKeys (ConfUtils.java:logGet(43)) - raft.server.log.statemachine.data.sync.timeout = 10s (default)
2019-07-13 17:04:13,523 INFO  server.RaftServerConfigKeys (ConfUtils.java:logGet(43)) - raft.server.log.statemachine.data.sync.timeout.retry = -1 (default)
2019-07-13 17:04:13,523 INFO  util.JmxRegister (JmxRegister.java:tryRegister(44)) - Successfully registered JMX Bean with object name Ratis:service=RaftServer,group=group-5239876E86B1,id=38f048c8-7f9e-4c00-ac5a-b798ffdcff37
2019-07-13 17:04:13,523 INFO  server.RaftServerConfigKeys (ConfUtils.java:logGet(43)) - raft.server.log.statemachine.data.sync.timeout.retry = -1 (default)
2019-07-13 17:04:13,523 INFO  server.RaftServerConfigKeys (ConfUtils.java:logGet(43)) - raft.server.log.statemachine.data.caching.enabled = true (custom)
2019-07-13 17:04:13,524 INFO  server.RaftServerConfigKeys (ConfUtils.java:logGet(43)) - raft.server.log.statemachine.data.caching.enabled = true (custom)
2019-07-13 17:04:13,524 INFO  segmented.SegmentedRaftLogWorker (SegmentedRaftLogWorker.java:lambda$new$0(132)) - e78338f8-6f42-43ab-84e2-658f872d6be9-SegmentedRaftLogWorker:Storage Directory /tmp/workdir/hadoop-ozone/integration-test/target/test-dir/MiniOzoneClusterImpl-4453a8a5-71ed-4512-a901-37f4cf98323b/datanode-2/data/ratis/1232a281-dced-427b-ace6-5239876e86b1: flushIndex: setUnconditionally 0 -> -1
2019-07-13 17:04:13,524 INFO  segmented.SegmentedRaftLogWorker (SegmentedRaftLogWorker.java:lambda$new$0(132)) - 51b86174-9a37-4423-a264-2190d87386c3-SegmentedRaftLogWorker:Storage Directory /tmp/workdir/hadoop-ozone/integration-test/target/test-dir/MiniOzoneClusterImpl-4453a8a5-71ed-4512-a901-37f4cf98323b/datanode-5/data/ratis/1232a281-dced-427b-ace6-5239876e86b1: flushIndex: setUnconditionally 0 -> -1
2019-07-13 17:04:13,524 INFO  server.RaftServerConfigKeys (ConfUtils.java:logGet(43)) - raft.server.snapshot.auto.trigger.enabled = true (custom)
2019-07-13 17:04:13,524 INFO  server.RaftServerConfigKeys (ConfUtils.java:logGet(43)) - raft.server.snapshot.auto.trigger.threshold = 10000 (custom)
2019-07-13 17:04:13,524 INFO  server.RaftServerConfigKeys (ConfUtils.java:logGet(43)) - raft.server.snapshot.auto.trigger.enabled = true (custom)
2019-07-13 17:04:13,525 INFO  server.RaftServerConfigKeys (ConfUtils.java:logGet(43)) - raft.server.retrycache.expirytime = 600000ms (custom)
2019-07-13 17:04:13,525 INFO  server.RaftServerConfigKeys (ConfUtils.java:logGet(43)) - raft.server.snapshot.auto.trigger.threshold = 10000 (custom)
2019-07-13 17:04:13,525 INFO  impl.RaftServerImpl (RaftServerImpl.java:start(180)) - e78338f8-6f42-43ab-84e2-658f872d6be9: start group-5239876E86B1
2019-07-13 17:04:13,525 INFO  impl.RaftServerImpl (RaftServerImpl.java:setRole(171)) - e78338f8-6f42-43ab-84e2-658f872d6be9:group-5239876E86B1 changes role from null to FOLLOWER at term 0 for startAsFollower
2019-07-13 17:04:13,525 INFO  server.RaftServerConfigKeys (ConfUtils.java:logGet(43)) - raft.server.retrycache.expirytime = 600000ms (custom)
2019-07-13 17:04:13,525 INFO  impl.RoleInfo (RoleInfo.java:updateAndGet(143)) - e78338f8-6f42-43ab-84e2-658f872d6be9: start FollowerState
2019-07-13 17:04:13,525 INFO  impl.RaftServerImpl (RaftServerImpl.java:start(180)) - 51b86174-9a37-4423-a264-2190d87386c3: start group-5239876E86B1
2019-07-13 17:04:13,527 INFO  impl.RaftServerImpl (RaftServerImpl.java:setRole(171)) - 51b86174-9a37-4423-a264-2190d87386c3:group-5239876E86B1 changes role from null to FOLLOWER at term 0 for startAsFollower
2019-07-13 17:04:13,527 INFO  util.JmxRegister (JmxRegister.java:tryRegister(44)) - Successfully registered JMX Bean with object name Ratis:service=RaftServer,group=group-5239876E86B1,id=e78338f8-6f42-43ab-84e2-658f872d6be9
2019-07-13 17:04:13,527 INFO  impl.RoleInfo (RoleInfo.java:updateAndGet(143)) - 51b86174-9a37-4423-a264-2190d87386c3: start FollowerState
2019-07-13 17:04:13,529 INFO  util.JmxRegister (JmxRegister.java:tryRegister(44)) - Successfully registered JMX Bean with object name Ratis:service=RaftServer,group=group-5239876E86B1,id=51b86174-9a37-4423-a264-2190d87386c3
2019-07-13 17:04:13,544 INFO  pipeline.PipelineStateManager (PipelineStateManager.java:addPipeline(56)) - Created pipeline Pipeline[ Id: 1232a281-dced-427b-ace6-5239876e86b1, Nodes: e78338f8-6f42-43ab-84e2-658f872d6be9{ip: 192.168.5.187, host: trunk-nightly-z92hn-1831959607, networkLocation: /default-rack, certSerialId: null}51b86174-9a37-4423-a264-2190d87386c3{ip: 192.168.5.187, host: trunk-nightly-z92hn-1831959607, networkLocation: /default-rack, certSerialId: null}38f048c8-7f9e-4c00-ac5a-b798ffdcff37{ip: 192.168.5.187, host: trunk-nightly-z92hn-1831959607, networkLocation: /default-rack, certSerialId: null}, Type:RATIS, Factor:THREE, State:OPEN]
2019-07-13 17:04:13,776 INFO  ozone.MiniOzoneClusterImpl (MiniOzoneClusterImpl.java:lambda$waitForClusterToBeReady$0(142)) - Cluster is ready. Got 7 of 7 DN Heartbeats.
2019-07-13 17:04:14,114 INFO  rpc.RpcClient (RpcClient.java:createVolume(287)) - Creating Volume: testblockoutputstreamwithretries, with jenkins1000 as owner.
2019-07-13 17:04:14,172 INFO  rpc.RpcClient (RpcClient.java:createBucket(424)) - Creating Bucket: testblockoutputstreamwithretries/testblockoutputstreamwithretries, with Versioning false and Storage Type set to DISK and Encryption set to false 
2019-07-13 17:04:14,473 INFO  client.GrpcClientProtocolClient (GrpcClientProtocolClient.java:onNext(255)) - client-685D71FD000D->d417f54d-23e4-4b91-a4e7-6e35cf4e80b3: receive RaftClientReply:client-685D71FD000D->d417f54d-23e4-4b91-a4e7-6e35cf4e80b3@group-915B678E511B, cid=13, FAILED org.apache.ratis.protocol.NotLeaderException: Server d417f54d-23e4-4b91-a4e7-6e35cf4e80b3 is not the leader (null). Request must be sent to leader., logIndex=0, commits[d417f54d-23e4-4b91-a4e7-6e35cf4e80b3:c-1]
2019-07-13 17:04:14,657 INFO  container.ReplicationManager (ReplicationManager.java:start(155)) - Starting Replication Monitor Thread.
2019-07-13 17:04:14,662 INFO  container.ReplicationManager (ReplicationManager.java:run(207)) - Replication Monitor Thread took 4 milliseconds for processing 1 containers.
2019-07-13 17:04:15,523 INFO  client.GrpcClientProtocolClient (GrpcClientProtocolClient.java:onNext(255)) - client-685D71FD000D->5e4f3cb1-f064-48cd-b882-5ce5f38148b8: receive RaftClientReply:client-685D71FD000D->5e4f3cb1-f064-48cd-b882-5ce5f38148b8@group-915B678E511B, cid=13, FAILED org.apache.ratis.protocol.NotLeaderException: Server 5e4f3cb1-f064-48cd-b882-5ce5f38148b8 is not the leader (null). Request must be sent to leader., logIndex=0, commits[5e4f3cb1-f064-48cd-b882-5ce5f38148b8:c-1]
2019-07-13 17:04:16,551 INFO  client.GrpcClientProtocolClient (GrpcClientProtocolClient.java:onNext(255)) - client-685D71FD000D->d417f54d-23e4-4b91-a4e7-6e35cf4e80b3: receive RaftClientReply:client-685D71FD000D->d417f54d-23e4-4b91-a4e7-6e35cf4e80b3@group-915B678E511B, cid=13, FAILED org.apache.ratis.protocol.NotLeaderException: Server d417f54d-23e4-4b91-a4e7-6e35cf4e80b3 is not the leader (null). Request must be sent to leader., logIndex=0, commits[d417f54d-23e4-4b91-a4e7-6e35cf4e80b3:c-1]
2019-07-13 17:04:17,577 INFO  client.GrpcClientProtocolClient (GrpcClientProtocolClient.java:onNext(255)) - client-685D71FD000D->8525fc11-352f-49ff-bd2c-d11e7a41e5c1: receive RaftClientReply:client-685D71FD000D->8525fc11-352f-49ff-bd2c-d11e7a41e5c1@group-915B678E511B, cid=13, FAILED org.apache.ratis.protocol.NotLeaderException: Server 8525fc11-352f-49ff-bd2c-d11e7a41e5c1 is not the leader (null). Request must be sent to leader., logIndex=0, commits[8525fc11-352f-49ff-bd2c-d11e7a41e5c1:c-1]
2019-07-13 17:04:17,828 INFO  impl.FollowerState (FollowerState.java:run(106)) - 8525fc11-352f-49ff-bd2c-d11e7a41e5c1:group-F2287C5C5504 changes to CANDIDATE, lastRpcTime:5080, electionTimeout:5079ms
2019-07-13 17:04:17,828 INFO  impl.RoleInfo (RoleInfo.java:shutdownFollowerState(121)) - 8525fc11-352f-49ff-bd2c-d11e7a41e5c1: shutdown FollowerState
2019-07-13 17:04:17,829 INFO  impl.RaftServerImpl (RaftServerImpl.java:setRole(171)) - 8525fc11-352f-49ff-bd2c-d11e7a41e5c1:group-F2287C5C5504 changes role from FOLLOWER to CANDIDATE at term 0 for changeToCandidate
2019-07-13 17:04:17,832 INFO  impl.RoleInfo (RoleInfo.java:updateAndGet(143)) - 8525fc11-352f-49ff-bd2c-d11e7a41e5c1: start LeaderElection
2019-07-13 17:04:17,854 INFO  impl.LeaderElection (LeaderElection.java:askForVotes(181)) - 8525fc11-352f-49ff-bd2c-d11e7a41e5c1:group-F2287C5C5504:LeaderElection1: begin an election at term 1 for -1: [8525fc11-352f-49ff-bd2c-d11e7a41e5c1:192.168.5.187:39914], old=null
2019-07-13 17:04:17,855 INFO  impl.RoleInfo (RoleInfo.java:shutdownLeaderElection(134)) - 8525fc11-352f-49ff-bd2c-d11e7a41e5c1: shutdown LeaderElection
2019-07-13 17:04:17,856 INFO  impl.RaftServerImpl (RaftServerImpl.java:setRole(171)) - 8525fc11-352f-49ff-bd2c-d11e7a41e5c1:group-F2287C5C5504 changes role from CANDIDATE to LEADER at term 1 for changeToLeader
2019-07-13 17:04:17,856 INFO  impl.RaftServerImpl (ServerState.java:setLeader(263)) - 8525fc11-352f-49ff-bd2c-d11e7a41e5c1:group-F2287C5C5504 change Leader from null to 8525fc11-352f-49ff-bd2c-d11e7a41e5c1 at term 1 for becomeLeader, leader elected after 5194ms
2019-07-13 17:04:17,863 INFO  server.RaftServerConfigKeys (ConfUtils.java:logGet(43)) - raft.server.staging.catchup.gap = 1000 (default)
2019-07-13 17:04:17,864 INFO  server.RaftServerConfigKeys (ConfUtils.java:logGet(43)) - raft.server.rpc.sleep.time = 25ms (default)
2019-07-13 17:04:17,867 INFO  server.RaftServerConfigKeys (ConfUtils.java:logGet(43)) - raft.server.write.element-limit = 4096 (default)
2019-07-13 17:04:17,870 INFO  server.RaftServerConfigKeys (ConfUtils.java:logGet(43)) - raft.server.watch.timeout = 10s (default)
2019-07-13 17:04:17,870 INFO  server.RaftServerConfigKeys (ConfUtils.java:logGet(43)) - raft.server.watch.timeout.denomination = 1s (default)
2019-07-13 17:04:17,871 INFO  server.RaftServerConfigKeys (ConfUtils.java:logGet(43)) - raft.server.watch.element-limit = 65536 (default)
2019-07-13 17:04:17,881 INFO  impl.RoleInfo (RoleInfo.java:updateAndGet(143)) - 8525fc11-352f-49ff-bd2c-d11e7a41e5c1: start LeaderState
2019-07-13 17:04:17,907 INFO  segmented.SegmentedRaftLogWorker (SegmentedRaftLogWorker.java:startLogSegment(380)) - 8525fc11-352f-49ff-bd2c-d11e7a41e5c1-SegmentedRaftLogWorker:Storage Directory /tmp/workdir/hadoop-ozone/integration-test/target/test-dir/MiniOzoneClusterImpl-4453a8a5-71ed-4512-a901-37f4cf98323b/datanode-0/data/ratis/81b6a060-a02e-4242-b94c-f2287c5c5504: Starting segment from index:0
2019-07-13 17:04:17,917 INFO  impl.RaftServerImpl (ServerState.java:setRaftConf(361)) - 8525fc11-352f-49ff-bd2c-d11e7a41e5c1:group-F2287C5C5504 set configuration 0: [8525fc11-352f-49ff-bd2c-d11e7a41e5c1:192.168.5.187:39914], old=null at 0
2019-07-13 17:04:18,087 INFO  impl.FollowerState (FollowerState.java:run(106)) - d417f54d-23e4-4b91-a4e7-6e35cf4e80b3:group-634846642C3A changes to CANDIDATE, lastRpcTime:5127, electionTimeout:5125ms
2019-07-13 17:04:18,090 INFO  impl.RoleInfo (RoleInfo.java:shutdownFollowerState(121)) - d417f54d-23e4-4b91-a4e7-6e35cf4e80b3: shutdown FollowerState
2019-07-13 17:04:18,090 INFO  impl.RaftServerImpl (RaftServerImpl.java:setRole(171)) - d417f54d-23e4-4b91-a4e7-6e35cf4e80b3:group-634846642C3A changes role from FOLLOWER to CANDIDATE at term 0 for changeToCandidate
2019-07-13 17:04:18,090 INFO  impl.RoleInfo (RoleInfo.java:updateAndGet(143)) - d417f54d-23e4-4b91-a4e7-6e35cf4e80b3: start LeaderElection
2019-07-13 17:04:18,108 INFO  impl.LeaderElection (LeaderElection.java:askForVotes(181)) - d417f54d-23e4-4b91-a4e7-6e35cf4e80b3:group-634846642C3A:LeaderElection2: begin an election at term 1 for -1: [d417f54d-23e4-4b91-a4e7-6e35cf4e80b3:192.168.5.187:33457], old=null
2019-07-13 17:04:18,110 INFO  impl.RoleInfo (RoleInfo.java:shutdownLeaderElection(134)) - d417f54d-23e4-4b91-a4e7-6e35cf4e80b3: shutdown LeaderElection
2019-07-13 17:04:18,110 INFO  impl.RaftServerImpl (RaftServerImpl.java:setRole(171)) - d417f54d-23e4-4b91-a4e7-6e35cf4e80b3:group-634846642C3A changes role from CANDIDATE to LEADER at term 1 for changeToLeader
2019-07-13 17:04:18,110 INFO  impl.RaftServerImpl (ServerState.java:setLeader(263)) - d417f54d-23e4-4b91-a4e7-6e35cf4e80b3:group-634846642C3A change Leader from null to d417f54d-23e4-4b91-a4e7-6e35cf4e80b3 at term 1 for becomeLeader, leader elected after 5157ms
2019-07-13 17:04:18,111 INFO  server.RaftServerConfigKeys (ConfUtils.java:logGet(43)) - raft.server.staging.catchup.gap = 1000 (default)
2019-07-13 17:04:18,111 INFO  server.RaftServerConfigKeys (ConfUtils.java:logGet(43)) - raft.server.rpc.sleep.time = 25ms (default)
2019-07-13 17:04:18,111 INFO  server.RaftServerConfigKeys (ConfUtils.java:logGet(43)) - raft.server.write.element-limit = 4096 (default)
2019-07-13 17:04:18,111 INFO  server.RaftServerConfigKeys (ConfUtils.java:logGet(43)) - raft.server.watch.timeout = 10s (default)
2019-07-13 17:04:18,111 INFO  server.RaftServerConfigKeys (ConfUtils.java:logGet(43)) - raft.server.watch.timeout.denomination = 1s (default)
2019-07-13 17:04:18,129 INFO  server.RaftServerConfigKeys (ConfUtils.java:logGet(43)) - raft.server.watch.element-limit = 65536 (default)
2019-07-13 17:04:18,129 INFO  impl.RoleInfo (RoleInfo.java:updateAndGet(143)) - d417f54d-23e4-4b91-a4e7-6e35cf4e80b3: start LeaderState
2019-07-13 17:04:18,129 INFO  segmented.SegmentedRaftLogWorker (SegmentedRaftLogWorker.java:startLogSegment(380)) - d417f54d-23e4-4b91-a4e7-6e35cf4e80b3-SegmentedRaftLogWorker:Storage Directory /tmp/workdir/hadoop-ozone/integration-test/target/test-dir/MiniOzoneClusterImpl-4453a8a5-71ed-4512-a901-37f4cf98323b/datanode-6/data/ratis/766a0230-df12-485c-b0bf-634846642c3a: Starting segment from index:0
2019-07-13 17:04:18,130 INFO  impl.RaftServerImpl (ServerState.java:setRaftConf(361)) - d417f54d-23e4-4b91-a4e7-6e35cf4e80b3:group-634846642C3A set configuration 0: [d417f54d-23e4-4b91-a4e7-6e35cf4e80b3:192.168.5.187:33457], old=null at 0
2019-07-13 17:04:18,148 INFO  impl.FollowerState (FollowerState.java:run(106)) - 5e4f3cb1-f064-48cd-b882-5ce5f38148b8:group-3720CA67C631 changes to CANDIDATE, lastRpcTime:5109, electionTimeout:5102ms
2019-07-13 17:04:18,148 INFO  impl.RoleInfo (RoleInfo.java:shutdownFollowerState(121)) - 5e4f3cb1-f064-48cd-b882-5ce5f38148b8: shutdown FollowerState
2019-07-13 17:04:18,148 INFO  impl.RaftServerImpl (RaftServerImpl.java:setRole(171)) - 5e4f3cb1-f064-48cd-b882-5ce5f38148b8:group-3720CA67C631 changes role from FOLLOWER to CANDIDATE at term 0 for changeToCandidate
2019-07-13 17:04:18,148 INFO  impl.RoleInfo (RoleInfo.java:updateAndGet(143)) - 5e4f3cb1-f064-48cd-b882-5ce5f38148b8: start LeaderElection
2019-07-13 17:04:18,160 INFO  segmented.SegmentedRaftLogWorker (SegmentedRaftLogWorker.java:execute(569)) - 8525fc11-352f-49ff-bd2c-d11e7a41e5c1-SegmentedRaftLogWorker:Storage Directory /tmp/workdir/hadoop-ozone/integration-test/target/test-dir/MiniOzoneClusterImpl-4453a8a5-71ed-4512-a901-37f4cf98323b/datanode-0/data/ratis/81b6a060-a02e-4242-b94c-f2287c5c5504: created new log segment /tmp/workdir/hadoop-ozone/integration-test/target/test-dir/MiniOzoneClusterImpl-4453a8a5-71ed-4512-a901-37f4cf98323b/datanode-0/data/ratis/81b6a060-a02e-4242-b94c-f2287c5c5504/current/log_inprogress_0
2019-07-13 17:04:18,160 INFO  impl.LeaderElection (LeaderElection.java:askForVotes(181)) - 5e4f3cb1-f064-48cd-b882-5ce5f38148b8:group-3720CA67C631:LeaderElection3: begin an election at term 1 for -1: [5e4f3cb1-f064-48cd-b882-5ce5f38148b8:192.168.5.187:36386], old=null
2019-07-13 17:04:18,160 INFO  segmented.SegmentedRaftLogWorker (SegmentedRaftLogWorker.java:execute(569)) - d417f54d-23e4-4b91-a4e7-6e35cf4e80b3-SegmentedRaftLogWorker:Storage Directory /tmp/workdir/hadoop-ozone/integration-test/target/test-dir/MiniOzoneClusterImpl-4453a8a5-71ed-4512-a901-37f4cf98323b/datanode-6/data/ratis/766a0230-df12-485c-b0bf-634846642c3a: created new log segment /tmp/workdir/hadoop-ozone/integration-test/target/test-dir/MiniOzoneClusterImpl-4453a8a5-71ed-4512-a901-37f4cf98323b/datanode-6/data/ratis/766a0230-df12-485c-b0bf-634846642c3a/current/log_inprogress_0
2019-07-13 17:04:18,163 INFO  impl.RoleInfo (RoleInfo.java:shutdownLeaderElection(134)) - 5e4f3cb1-f064-48cd-b882-5ce5f38148b8: shutdown LeaderElection
2019-07-13 17:04:18,163 INFO  impl.RaftServerImpl (RaftServerImpl.java:setRole(171)) - 5e4f3cb1-f064-48cd-b882-5ce5f38148b8:group-3720CA67C631 changes role from CANDIDATE to LEADER at term 1 for changeToLeader
2019-07-13 17:04:18,163 INFO  impl.RaftServerImpl (ServerState.java:setLeader(263)) - 5e4f3cb1-f064-48cd-b882-5ce5f38148b8:group-3720CA67C631 change Leader from null to 5e4f3cb1-f064-48cd-b882-5ce5f38148b8 at term 1 for becomeLeader, leader elected after 5129ms
2019-07-13 17:04:18,163 INFO  server.RaftServerConfigKeys (ConfUtils.java:logGet(43)) - raft.server.staging.catchup.gap = 1000 (default)
2019-07-13 17:04:18,164 INFO  server.RaftServerConfigKeys (ConfUtils.java:logGet(43)) - raft.server.rpc.sleep.time = 25ms (default)
2019-07-13 17:04:18,166 INFO  server.RaftServerConfigKeys (ConfUtils.java:logGet(43)) - raft.server.write.element-limit = 4096 (default)
2019-07-13 17:04:18,166 INFO  server.RaftServerConfigKeys (ConfUtils.java:logGet(43)) - raft.server.watch.timeout = 10s (default)
2019-07-13 17:04:18,166 INFO  server.RaftServerConfigKeys (ConfUtils.java:logGet(43)) - raft.server.watch.timeout.denomination = 1s (default)
2019-07-13 17:04:18,166 INFO  server.RaftServerConfigKeys (ConfUtils.java:logGet(43)) - raft.server.watch.element-limit = 65536 (default)
2019-07-13 17:04:18,167 INFO  impl.RoleInfo (RoleInfo.java:updateAndGet(143)) - 5e4f3cb1-f064-48cd-b882-5ce5f38148b8: start LeaderState
2019-07-13 17:04:18,167 INFO  segmented.SegmentedRaftLogWorker (SegmentedRaftLogWorker.java:startLogSegment(380)) - 5e4f3cb1-f064-48cd-b882-5ce5f38148b8-SegmentedRaftLogWorker:Storage Directory /tmp/workdir/hadoop-ozone/integration-test/target/test-dir/MiniOzoneClusterImpl-4453a8a5-71ed-4512-a901-37f4cf98323b/datanode-4/data/ratis/08be714c-2780-47f9-9243-3720ca67c631: Starting segment from index:0
2019-07-13 17:04:18,168 INFO  impl.RaftServerImpl (ServerState.java:setRaftConf(361)) - 5e4f3cb1-f064-48cd-b882-5ce5f38148b8:group-3720CA67C631 set configuration 0: [5e4f3cb1-f064-48cd-b882-5ce5f38148b8:192.168.5.187:36386], old=null at 0
2019-07-13 17:04:18,215 INFO  segmented.SegmentedRaftLogWorker (SegmentedRaftLogWorker.java:execute(569)) - 5e4f3cb1-f064-48cd-b882-5ce5f38148b8-SegmentedRaftLogWorker:Storage Directory /tmp/workdir/hadoop-ozone/integration-test/target/test-dir/MiniOzoneClusterImpl-4453a8a5-71ed-4512-a901-37f4cf98323b/datanode-4/data/ratis/08be714c-2780-47f9-9243-3720ca67c631: created new log segment /tmp/workdir/hadoop-ozone/integration-test/target/test-dir/MiniOzoneClusterImpl-4453a8a5-71ed-4512-a901-37f4cf98323b/datanode-4/data/ratis/08be714c-2780-47f9-9243-3720ca67c631/current/log_inprogress_0
2019-07-13 17:04:18,270 INFO  impl.FollowerState (FollowerState.java:run(106)) - e78338f8-6f42-43ab-84e2-658f872d6be9:group-FD2BA3194463 changes to CANDIDATE, lastRpcTime:5163, electionTimeout:5163ms
2019-07-13 17:04:18,270 INFO  impl.RoleInfo (RoleInfo.java:shutdownFollowerState(121)) - e78338f8-6f42-43ab-84e2-658f872d6be9: shutdown FollowerState
2019-07-13 17:04:18,270 INFO  impl.RaftServerImpl (RaftServerImpl.java:setRole(171)) - e78338f8-6f42-43ab-84e2-658f872d6be9:group-FD2BA3194463 changes role from FOLLOWER to CANDIDATE at term 0 for changeToCandidate
2019-07-13 17:04:18,270 INFO  impl.FollowerState (FollowerState.java:run(106)) - 51b86174-9a37-4423-a264-2190d87386c3:group-51DA036E6DAB changes to CANDIDATE, lastRpcTime:5085, electionTimeout:5085ms
2019-07-13 17:04:18,273 INFO  impl.RoleInfo (RoleInfo.java:updateAndGet(143)) - e78338f8-6f42-43ab-84e2-658f872d6be9: start LeaderElection
2019-07-13 17:04:18,273 INFO  impl.RoleInfo (RoleInfo.java:shutdownFollowerState(121)) - 51b86174-9a37-4423-a264-2190d87386c3: shutdown FollowerState
2019-07-13 17:04:18,273 INFO  impl.RaftServerImpl (RaftServerImpl.java:setRole(171)) - 51b86174-9a37-4423-a264-2190d87386c3:group-51DA036E6DAB changes role from FOLLOWER to CANDIDATE at term 0 for changeToCandidate
2019-07-13 17:04:18,279 INFO  impl.RoleInfo (RoleInfo.java:updateAndGet(143)) - 51b86174-9a37-4423-a264-2190d87386c3: start LeaderElection
2019-07-13 17:04:18,297 INFO  impl.LeaderElection (LeaderElection.java:askForVotes(181)) - e78338f8-6f42-43ab-84e2-658f872d6be9:group-FD2BA3194463:LeaderElection4: begin an election at term 1 for -1: [e78338f8-6f42-43ab-84e2-658f872d6be9:192.168.5.187:44468], old=null
2019-07-13 17:04:18,297 INFO  impl.LeaderElection (LeaderElection.java:askForVotes(181)) - 51b86174-9a37-4423-a264-2190d87386c3:group-51DA036E6DAB:LeaderElection5: begin an election at term 1 for -1: [51b86174-9a37-4423-a264-2190d87386c3:192.168.5.187:37502], old=null
2019-07-13 17:04:18,297 INFO  impl.RoleInfo (RoleInfo.java:shutdownLeaderElection(134)) - e78338f8-6f42-43ab-84e2-658f872d6be9: shutdown LeaderElection
2019-07-13 17:04:18,297 INFO  impl.RoleInfo (RoleInfo.java:shutdownLeaderElection(134)) - 51b86174-9a37-4423-a264-2190d87386c3: shutdown LeaderElection
2019-07-13 17:04:18,297 INFO  impl.RaftServerImpl (RaftServerImpl.java:setRole(171)) - e78338f8-6f42-43ab-84e2-658f872d6be9:group-FD2BA3194463 changes role from CANDIDATE to LEADER at term 1 for changeToLeader
2019-07-13 17:04:18,298 INFO  impl.RaftServerImpl (RaftServerImpl.java:setRole(171)) - 51b86174-9a37-4423-a264-2190d87386c3:group-51DA036E6DAB changes role from CANDIDATE to LEADER at term 1 for changeToLeader
2019-07-13 17:04:18,298 INFO  impl.RaftServerImpl (ServerState.java:setLeader(263)) - e78338f8-6f42-43ab-84e2-658f872d6be9:group-FD2BA3194463 change Leader from null to e78338f8-6f42-43ab-84e2-658f872d6be9 at term 1 for becomeLeader, leader elected after 5195ms
2019-07-13 17:04:18,298 INFO  impl.RaftServerImpl (ServerState.java:setLeader(263)) - 51b86174-9a37-4423-a264-2190d87386c3:group-51DA036E6DAB change Leader from null to 51b86174-9a37-4423-a264-2190d87386c3 at term 1 for becomeLeader, leader elected after 5117ms
2019-07-13 17:04:18,298 INFO  server.RaftServerConfigKeys (ConfUtils.java:logGet(43)) - raft.server.staging.catchup.gap = 1000 (default)
2019-07-13 17:04:18,298 INFO  server.RaftServerConfigKeys (ConfUtils.java:logGet(43)) - raft.server.staging.catchup.gap = 1000 (default)
2019-07-13 17:04:18,298 INFO  server.RaftServerConfigKeys (ConfUtils.java:logGet(43)) - raft.server.rpc.sleep.time = 25ms (default)
2019-07-13 17:04:18,299 INFO  server.RaftServerConfigKeys (ConfUtils.java:logGet(43)) - raft.server.rpc.sleep.time = 25ms (default)
2019-07-13 17:04:18,299 INFO  server.RaftServerConfigKeys (ConfUtils.java:logGet(43)) - raft.server.write.element-limit = 4096 (default)
2019-07-13 17:04:18,299 INFO  server.RaftServerConfigKeys (ConfUtils.java:logGet(43)) - raft.server.write.element-limit = 4096 (default)
2019-07-13 17:04:18,299 INFO  server.RaftServerConfigKeys (ConfUtils.java:logGet(43)) - raft.server.watch.timeout = 10s (default)
2019-07-13 17:04:18,299 INFO  server.RaftServerConfigKeys (ConfUtils.java:logGet(43)) - raft.server.watch.timeout = 10s (default)
2019-07-13 17:04:18,299 INFO  server.RaftServerConfigKeys (ConfUtils.java:logGet(43)) - raft.server.watch.timeout.denomination = 1s (default)
2019-07-13 17:04:18,299 INFO  server.RaftServerConfigKeys (ConfUtils.java:logGet(43)) - raft.server.watch.timeout.denomination = 1s (default)
2019-07-13 17:04:18,300 INFO  server.RaftServerConfigKeys (ConfUtils.java:logGet(43)) - raft.server.watch.element-limit = 65536 (default)
2019-07-13 17:04:18,300 INFO  server.RaftServerConfigKeys (ConfUtils.java:logGet(43)) - raft.server.watch.element-limit = 65536 (default)
2019-07-13 17:04:18,300 INFO  impl.RoleInfo (RoleInfo.java:updateAndGet(143)) - e78338f8-6f42-43ab-84e2-658f872d6be9: start LeaderState
2019-07-13 17:04:18,300 INFO  impl.RoleInfo (RoleInfo.java:updateAndGet(143)) - 51b86174-9a37-4423-a264-2190d87386c3: start LeaderState
2019-07-13 17:04:18,300 INFO  segmented.SegmentedRaftLogWorker (SegmentedRaftLogWorker.java:startLogSegment(380)) - e78338f8-6f42-43ab-84e2-658f872d6be9-SegmentedRaftLogWorker:Storage Directory /tmp/workdir/hadoop-ozone/integration-test/target/test-dir/MiniOzoneClusterImpl-4453a8a5-71ed-4512-a901-37f4cf98323b/datanode-2/data/ratis/a8203eee-3210-42bb-b292-fd2ba3194463: Starting segment from index:0
2019-07-13 17:04:18,301 INFO  segmented.SegmentedRaftLogWorker (SegmentedRaftLogWorker.java:startLogSegment(380)) - 51b86174-9a37-4423-a264-2190d87386c3-SegmentedRaftLogWorker:Storage Directory /tmp/workdir/hadoop-ozone/integration-test/target/test-dir/MiniOzoneClusterImpl-4453a8a5-71ed-4512-a901-37f4cf98323b/datanode-5/data/ratis/e6dd45da-5492-4e64-aa57-51da036e6dab: Starting segment from index:0
2019-07-13 17:04:18,301 INFO  impl.RaftServerImpl (ServerState.java:setRaftConf(361)) - e78338f8-6f42-43ab-84e2-658f872d6be9:group-FD2BA3194463 set configuration 0: [e78338f8-6f42-43ab-84e2-658f872d6be9:192.168.5.187:44468], old=null at 0
2019-07-13 17:04:18,322 INFO  impl.RaftServerImpl (ServerState.java:setRaftConf(361)) - 51b86174-9a37-4423-a264-2190d87386c3:group-51DA036E6DAB set configuration 0: [51b86174-9a37-4423-a264-2190d87386c3:192.168.5.187:37502], old=null at 0
2019-07-13 17:04:18,343 INFO  segmented.SegmentedRaftLogWorker (SegmentedRaftLogWorker.java:execute(569)) - e78338f8-6f42-43ab-84e2-658f872d6be9-SegmentedRaftLogWorker:Storage Directory /tmp/workdir/hadoop-ozone/integration-test/target/test-dir/MiniOzoneClusterImpl-4453a8a5-71ed-4512-a901-37f4cf98323b/datanode-2/data/ratis/a8203eee-3210-42bb-b292-fd2ba3194463: created new log segment /tmp/workdir/hadoop-ozone/integration-test/target/test-dir/MiniOzoneClusterImpl-4453a8a5-71ed-4512-a901-37f4cf98323b/datanode-2/data/ratis/a8203eee-3210-42bb-b292-fd2ba3194463/current/log_inprogress_0
2019-07-13 17:04:18,346 INFO  segmented.SegmentedRaftLogWorker (SegmentedRaftLogWorker.java:execute(569)) - 51b86174-9a37-4423-a264-2190d87386c3-SegmentedRaftLogWorker:Storage Directory /tmp/workdir/hadoop-ozone/integration-test/target/test-dir/MiniOzoneClusterImpl-4453a8a5-71ed-4512-a901-37f4cf98323b/datanode-5/data/ratis/e6dd45da-5492-4e64-aa57-51da036e6dab: created new log segment /tmp/workdir/hadoop-ozone/integration-test/target/test-dir/MiniOzoneClusterImpl-4453a8a5-71ed-4512-a901-37f4cf98323b/datanode-5/data/ratis/e6dd45da-5492-4e64-aa57-51da036e6dab/current/log_inprogress_0
2019-07-13 17:04:18,379 INFO  impl.FollowerState (FollowerState.java:run(106)) - 38f048c8-7f9e-4c00-ac5a-b798ffdcff37:group-4B786ABAA8C6 changes to CANDIDATE, lastRpcTime:5109, electionTimeout:5109ms
2019-07-13 17:04:18,382 INFO  impl.RoleInfo (RoleInfo.java:shutdownFollowerState(121)) - 38f048c8-7f9e-4c00-ac5a-b798ffdcff37: shutdown FollowerState
2019-07-13 17:04:18,382 INFO  impl.RaftServerImpl (RaftServerImpl.java:setRole(171)) - 38f048c8-7f9e-4c00-ac5a-b798ffdcff37:group-4B786ABAA8C6 changes role from FOLLOWER to CANDIDATE at term 0 for changeToCandidate
2019-07-13 17:04:18,382 INFO  impl.RoleInfo (RoleInfo.java:updateAndGet(143)) - 38f048c8-7f9e-4c00-ac5a-b798ffdcff37: start LeaderElection
2019-07-13 17:04:18,402 INFO  impl.LeaderElection (LeaderElection.java:askForVotes(181)) - 38f048c8-7f9e-4c00-ac5a-b798ffdcff37:group-4B786ABAA8C6:LeaderElection6: begin an election at term 1 for -1: [38f048c8-7f9e-4c00-ac5a-b798ffdcff37:192.168.5.187:42422], old=null
2019-07-13 17:04:18,415 INFO  impl.RoleInfo (RoleInfo.java:shutdownLeaderElection(134)) - 38f048c8-7f9e-4c00-ac5a-b798ffdcff37: shutdown LeaderElection
2019-07-13 17:04:18,415 INFO  impl.RaftServerImpl (RaftServerImpl.java:setRole(171)) - 38f048c8-7f9e-4c00-ac5a-b798ffdcff37:group-4B786ABAA8C6 changes role from CANDIDATE to LEADER at term 1 for changeToLeader
2019-07-13 17:04:18,415 INFO  impl.RaftServerImpl (ServerState.java:setLeader(263)) - 38f048c8-7f9e-4c00-ac5a-b798ffdcff37:group-4B786ABAA8C6 change Leader from null to 38f048c8-7f9e-4c00-ac5a-b798ffdcff37 at term 1 for becomeLeader, leader elected after 5151ms
2019-07-13 17:04:18,416 INFO  server.RaftServerConfigKeys (ConfUtils.java:logGet(43)) - raft.server.staging.catchup.gap = 1000 (default)
2019-07-13 17:04:18,416 INFO  server.RaftServerConfigKeys (ConfUtils.java:logGet(43)) - raft.server.rpc.sleep.time = 25ms (default)
2019-07-13 17:04:18,416 INFO  server.RaftServerConfigKeys (ConfUtils.java:logGet(43)) - raft.server.write.element-limit = 4096 (default)
2019-07-13 17:04:18,416 INFO  server.RaftServerConfigKeys (ConfUtils.java:logGet(43)) - raft.server.watch.timeout = 10s (default)
2019-07-13 17:04:18,416 INFO  server.RaftServerConfigKeys (ConfUtils.java:logGet(43)) - raft.server.watch.timeout.denomination = 1s (default)
2019-07-13 17:04:18,417 INFO  server.RaftServerConfigKeys (ConfUtils.java:logGet(43)) - raft.server.watch.element-limit = 65536 (default)
2019-07-13 17:04:18,417 INFO  impl.RoleInfo (RoleInfo.java:updateAndGet(143)) - 38f048c8-7f9e-4c00-ac5a-b798ffdcff37: start LeaderState
2019-07-13 17:04:18,417 INFO  segmented.SegmentedRaftLogWorker (SegmentedRaftLogWorker.java:startLogSegment(380)) - 38f048c8-7f9e-4c00-ac5a-b798ffdcff37-SegmentedRaftLogWorker:Storage Directory /tmp/workdir/hadoop-ozone/integration-test/target/test-dir/MiniOzoneClusterImpl-4453a8a5-71ed-4512-a901-37f4cf98323b/datanode-1/data/ratis/084b6d90-3d23-49ff-b699-4b786abaa8c6: Starting segment from index:0
2019-07-13 17:04:18,418 INFO  impl.RaftServerImpl (ServerState.java:setRaftConf(361)) - 38f048c8-7f9e-4c00-ac5a-b798ffdcff37:group-4B786ABAA8C6 set configuration 0: [38f048c8-7f9e-4c00-ac5a-b798ffdcff37:192.168.5.187:42422], old=null at 0
2019-07-13 17:04:18,439 INFO  impl.FollowerState (FollowerState.java:run(106)) - aca7907b-671a-452e-950a-bfae2599f18a:group-7117BBB1DCAF changes to CANDIDATE, lastRpcTime:5099, electionTimeout:5098ms
2019-07-13 17:04:18,439 INFO  impl.FollowerState (FollowerState.java:run(106)) - 5e4f3cb1-f064-48cd-b882-5ce5f38148b8:group-915B678E511B changes to CANDIDATE, lastRpcTime:5004, electionTimeout:5002ms
2019-07-13 17:04:18,441 INFO  impl.RoleInfo (RoleInfo.java:shutdownFollowerState(121)) - aca7907b-671a-452e-950a-bfae2599f18a: shutdown FollowerState
2019-07-13 17:04:18,441 INFO  impl.RoleInfo (RoleInfo.java:shutdownFollowerState(121)) - 5e4f3cb1-f064-48cd-b882-5ce5f38148b8: shutdown FollowerState
2019-07-13 17:04:18,442 INFO  impl.RaftServerImpl (RaftServerImpl.java:setRole(171)) - 5e4f3cb1-f064-48cd-b882-5ce5f38148b8:group-915B678E511B changes role from FOLLOWER to CANDIDATE at term 0 for changeToCandidate
2019-07-13 17:04:18,442 INFO  impl.RaftServerImpl (RaftServerImpl.java:setRole(171)) - aca7907b-671a-452e-950a-bfae2599f18a:group-7117BBB1DCAF changes role from FOLLOWER to CANDIDATE at term 0 for changeToCandidate
2019-07-13 17:04:18,442 INFO  impl.RoleInfo (RoleInfo.java:updateAndGet(143)) - 5e4f3cb1-f064-48cd-b882-5ce5f38148b8: start LeaderElection
2019-07-13 17:04:18,442 INFO  impl.RoleInfo (RoleInfo.java:updateAndGet(143)) - aca7907b-671a-452e-950a-bfae2599f18a: start LeaderElection
2019-07-13 17:04:18,456 INFO  segmented.SegmentedRaftLogWorker (SegmentedRaftLogWorker.java:execute(569)) - 38f048c8-7f9e-4c00-ac5a-b798ffdcff37-SegmentedRaftLogWorker:Storage Directory /tmp/workdir/hadoop-ozone/integration-test/target/test-dir/MiniOzoneClusterImpl-4453a8a5-71ed-4512-a901-37f4cf98323b/datanode-1/data/ratis/084b6d90-3d23-49ff-b699-4b786abaa8c6: created new log segment /tmp/workdir/hadoop-ozone/integration-test/target/test-dir/MiniOzoneClusterImpl-4453a8a5-71ed-4512-a901-37f4cf98323b/datanode-1/data/ratis/084b6d90-3d23-49ff-b699-4b786abaa8c6/current/log_inprogress_0
2019-07-13 17:04:18,456 INFO  impl.LeaderElection (LeaderElection.java:askForVotes(181)) - aca7907b-671a-452e-950a-bfae2599f18a:group-7117BBB1DCAF:LeaderElection8: begin an election at term 1 for -1: [aca7907b-671a-452e-950a-bfae2599f18a:192.168.5.187:39251], old=null
2019-07-13 17:04:18,456 INFO  impl.LeaderElection (LeaderElection.java:askForVotes(181)) - 5e4f3cb1-f064-48cd-b882-5ce5f38148b8:group-915B678E511B:LeaderElection7: begin an election at term 1 for -1: [d417f54d-23e4-4b91-a4e7-6e35cf4e80b3:192.168.5.187:33457, 8525fc11-352f-49ff-bd2c-d11e7a41e5c1:192.168.5.187:39914, 5e4f3cb1-f064-48cd-b882-5ce5f38148b8:192.168.5.187:36386], old=null
2019-07-13 17:04:18,458 INFO  impl.RoleInfo (RoleInfo.java:shutdownLeaderElection(134)) - aca7907b-671a-452e-950a-bfae2599f18a: shutdown LeaderElection
2019-07-13 17:04:18,458 INFO  impl.RaftServerImpl (RaftServerImpl.java:setRole(171)) - aca7907b-671a-452e-950a-bfae2599f18a:group-7117BBB1DCAF changes role from CANDIDATE to LEADER at term 1 for changeToLeader
2019-07-13 17:04:18,459 INFO  impl.RaftServerImpl (ServerState.java:setLeader(263)) - aca7907b-671a-452e-950a-bfae2599f18a:group-7117BBB1DCAF change Leader from null to aca7907b-671a-452e-950a-bfae2599f18a at term 1 for becomeLeader, leader elected after 5124ms
2019-07-13 17:04:18,459 INFO  server.RaftServerConfigKeys (ConfUtils.java:logGet(43)) - raft.server.staging.catchup.gap = 1000 (default)
2019-07-13 17:04:18,459 INFO  server.RaftServerConfigKeys (ConfUtils.java:logGet(43)) - raft.server.rpc.sleep.time = 25ms (default)
2019-07-13 17:04:18,459 INFO  server.RaftServerConfigKeys (ConfUtils.java:logGet(43)) - raft.server.write.element-limit = 4096 (default)
2019-07-13 17:04:18,459 INFO  server.RaftServerConfigKeys (ConfUtils.java:logGet(43)) - raft.server.watch.timeout = 10s (default)
2019-07-13 17:04:18,460 INFO  server.RaftServerConfigKeys (ConfUtils.java:logGet(43)) - raft.server.watch.timeout.denomination = 1s (default)
2019-07-13 17:04:18,460 INFO  server.RaftServerConfigKeys (ConfUtils.java:logGet(43)) - raft.server.watch.element-limit = 65536 (default)
2019-07-13 17:04:18,460 INFO  impl.FollowerState (FollowerState.java:run(106)) - d417f54d-23e4-4b91-a4e7-6e35cf4e80b3:group-915B678E511B changes to CANDIDATE, lastRpcTime:5025, electionTimeout:5025ms
2019-07-13 17:04:18,460 INFO  impl.RoleInfo (RoleInfo.java:updateAndGet(143)) - aca7907b-671a-452e-950a-bfae2599f18a: start LeaderState
2019-07-13 17:04:18,460 INFO  impl.RoleInfo (RoleInfo.java:shutdownFollowerState(121)) - d417f54d-23e4-4b91-a4e7-6e35cf4e80b3: shutdown FollowerState
2019-07-13 17:04:18,460 INFO  impl.RaftServerImpl (RaftServerImpl.java:setRole(171)) - d417f54d-23e4-4b91-a4e7-6e35cf4e80b3:group-915B678E511B changes role from FOLLOWER to CANDIDATE at term 0 for changeToCandidate
2019-07-13 17:04:18,460 INFO  segmented.SegmentedRaftLogWorker (SegmentedRaftLogWorker.java:startLogSegment(380)) - aca7907b-671a-452e-950a-bfae2599f18a-SegmentedRaftLogWorker:Storage Directory /tmp/workdir/hadoop-ozone/integration-test/target/test-dir/MiniOzoneClusterImpl-4453a8a5-71ed-4512-a901-37f4cf98323b/datanode-3/data/ratis/c1281994-73ac-4f8f-81a2-7117bbb1dcaf: Starting segment from index:0
2019-07-13 17:04:18,461 INFO  impl.RoleInfo (RoleInfo.java:updateAndGet(143)) - d417f54d-23e4-4b91-a4e7-6e35cf4e80b3: start LeaderElection
2019-07-13 17:04:18,481 INFO  impl.RaftServerImpl (ServerState.java:setRaftConf(361)) - aca7907b-671a-452e-950a-bfae2599f18a:group-7117BBB1DCAF set configuration 0: [aca7907b-671a-452e-950a-bfae2599f18a:192.168.5.187:39251], old=null at 0
2019-07-13 17:04:18,493 INFO  segmented.SegmentedRaftLogWorker (SegmentedRaftLogWorker.java:execute(569)) - aca7907b-671a-452e-950a-bfae2599f18a-SegmentedRaftLogWorker:Storage Directory /tmp/workdir/hadoop-ozone/integration-test/target/test-dir/MiniOzoneClusterImpl-4453a8a5-71ed-4512-a901-37f4cf98323b/datanode-3/data/ratis/c1281994-73ac-4f8f-81a2-7117bbb1dcaf: created new log segment /tmp/workdir/hadoop-ozone/integration-test/target/test-dir/MiniOzoneClusterImpl-4453a8a5-71ed-4512-a901-37f4cf98323b/datanode-3/data/ratis/c1281994-73ac-4f8f-81a2-7117bbb1dcaf/current/log_inprogress_0
2019-07-13 17:04:18,493 INFO  impl.LeaderElection (LeaderElection.java:askForVotes(181)) - d417f54d-23e4-4b91-a4e7-6e35cf4e80b3:group-915B678E511B:LeaderElection9: begin an election at term 1 for -1: [d417f54d-23e4-4b91-a4e7-6e35cf4e80b3:192.168.5.187:33457, 8525fc11-352f-49ff-bd2c-d11e7a41e5c1:192.168.5.187:39914, 5e4f3cb1-f064-48cd-b882-5ce5f38148b8:192.168.5.187:36386], old=null
2019-07-13 17:04:18,531 INFO  impl.RaftServerImpl (RaftServerImpl.java:setRole(171)) - 8525fc11-352f-49ff-bd2c-d11e7a41e5c1:group-915B678E511B changes role from FOLLOWER to FOLLOWER at term 1 for recognizeCandidate:5e4f3cb1-f064-48cd-b882-5ce5f38148b8
2019-07-13 17:04:18,533 INFO  impl.RoleInfo (RoleInfo.java:shutdownFollowerState(121)) - 8525fc11-352f-49ff-bd2c-d11e7a41e5c1: shutdown FollowerState
2019-07-13 17:04:18,534 INFO  impl.RoleInfo (RoleInfo.java:updateAndGet(143)) - 8525fc11-352f-49ff-bd2c-d11e7a41e5c1: start FollowerState
2019-07-13 17:04:18,534 INFO  impl.FollowerState (FollowerState.java:run(114)) - 8525fc11-352f-49ff-bd2c-d11e7a41e5c1: FollowerState was interrupted: java.lang.InterruptedException: sleep interrupted
2019-07-13 17:04:18,536 INFO  impl.FollowerState (FollowerState.java:run(106)) - 51b86174-9a37-4423-a264-2190d87386c3:group-5239876E86B1 changes to CANDIDATE, lastRpcTime:5009, electionTimeout:5006ms
2019-07-13 17:04:18,536 INFO  impl.RoleInfo (RoleInfo.java:shutdownFollowerState(121)) - 51b86174-9a37-4423-a264-2190d87386c3: shutdown FollowerState
2019-07-13 17:04:18,536 INFO  impl.RaftServerImpl (RaftServerImpl.java:setRole(171)) - 51b86174-9a37-4423-a264-2190d87386c3:group-5239876E86B1 changes role from FOLLOWER to CANDIDATE at term 0 for changeToCandidate
2019-07-13 17:04:18,537 INFO  impl.RoleInfo (RoleInfo.java:updateAndGet(143)) - 51b86174-9a37-4423-a264-2190d87386c3: start LeaderElection
2019-07-13 17:04:18,560 INFO  impl.LeaderElection (LeaderElection.java:askForVotes(181)) - 51b86174-9a37-4423-a264-2190d87386c3:group-5239876E86B1:LeaderElection10: begin an election at term 1 for -1: [51b86174-9a37-4423-a264-2190d87386c3:192.168.5.187:37502, 38f048c8-7f9e-4c00-ac5a-b798ffdcff37:192.168.5.187:42422, e78338f8-6f42-43ab-84e2-658f872d6be9:192.168.5.187:44468], old=null
2019-07-13 17:04:18,582 INFO  impl.LeaderElection (LeaderElection.java:logAndReturn(56)) - d417f54d-23e4-4b91-a4e7-6e35cf4e80b3:group-915B678E511B:LeaderElection9: Election REJECTED; received 2 response(s) [d417f54d-23e4-4b91-a4e7-6e35cf4e80b3<-8525fc11-352f-49ff-bd2c-d11e7a41e5c1#0:FAIL-t1, d417f54d-23e4-4b91-a4e7-6e35cf4e80b3<-5e4f3cb1-f064-48cd-b882-5ce5f38148b8#0:FAIL-t1] and 0 exception(s); d417f54d-23e4-4b91-a4e7-6e35cf4e80b3:t1, leader=null, voted=d417f54d-23e4-4b91-a4e7-6e35cf4e80b3, raftlog=d417f54d-23e4-4b91-a4e7-6e35cf4e80b3-SegmentedRaftLog:OPENED:c-1,f-1,i0, conf=-1: [d417f54d-23e4-4b91-a4e7-6e35cf4e80b3:192.168.5.187:33457, 8525fc11-352f-49ff-bd2c-d11e7a41e5c1:192.168.5.187:39914, 5e4f3cb1-f064-48cd-b882-5ce5f38148b8:192.168.5.187:36386], old=null
2019-07-13 17:04:18,582 INFO  impl.LeaderElection (LeaderElection.java:logAndReturn(56)) - 5e4f3cb1-f064-48cd-b882-5ce5f38148b8:group-915B678E511B:LeaderElection7: Election PASSED; received 2 response(s) [5e4f3cb1-f064-48cd-b882-5ce5f38148b8<-d417f54d-23e4-4b91-a4e7-6e35cf4e80b3#0:FAIL-t1, 5e4f3cb1-f064-48cd-b882-5ce5f38148b8<-8525fc11-352f-49ff-bd2c-d11e7a41e5c1#0:OK-t1] and 0 exception(s); 5e4f3cb1-f064-48cd-b882-5ce5f38148b8:t1, leader=null, voted=5e4f3cb1-f064-48cd-b882-5ce5f38148b8, raftlog=5e4f3cb1-f064-48cd-b882-5ce5f38148b8-SegmentedRaftLog:OPENED:c-1,f-1,i0, conf=-1: [d417f54d-23e4-4b91-a4e7-6e35cf4e80b3:192.168.5.187:33457, 8525fc11-352f-49ff-bd2c-d11e7a41e5c1:192.168.5.187:39914, 5e4f3cb1-f064-48cd-b882-5ce5f38148b8:192.168.5.187:36386], old=null
2019-07-13 17:04:18,582 INFO  impl.RoleInfo (RoleInfo.java:shutdownLeaderElection(134)) - 5e4f3cb1-f064-48cd-b882-5ce5f38148b8: shutdown LeaderElection
2019-07-13 17:04:18,583 INFO  impl.RaftServerImpl (RaftServerImpl.java:setRole(171)) - d417f54d-23e4-4b91-a4e7-6e35cf4e80b3:group-915B678E511B changes role from CANDIDATE to FOLLOWER at term 1 for DISCOVERED_A_NEW_TERM
2019-07-13 17:04:18,583 INFO  impl.RaftServerImpl (RaftServerImpl.java:setRole(171)) - 5e4f3cb1-f064-48cd-b882-5ce5f38148b8:group-915B678E511B changes role from CANDIDATE to LEADER at term 1 for changeToLeader
2019-07-13 17:04:18,585 INFO  impl.FollowerState (FollowerState.java:run(106)) - 38f048c8-7f9e-4c00-ac5a-b798ffdcff37:group-5239876E86B1 changes to CANDIDATE, lastRpcTime:5062, electionTimeout:5060ms
2019-07-13 17:04:18,589 INFO  impl.RaftServerImpl (ServerState.java:setLeader(263)) - 5e4f3cb1-f064-48cd-b882-5ce5f38148b8:group-915B678E511B change Leader from null to 5e4f3cb1-f064-48cd-b882-5ce5f38148b8 at term 1 for becomeLeader, leader elected after 5170ms
2019-07-13 17:04:18,585 INFO  impl.RoleInfo (RoleInfo.java:shutdownLeaderElection(134)) - d417f54d-23e4-4b91-a4e7-6e35cf4e80b3: shutdown LeaderElection
2019-07-13 17:04:18,591 INFO  server.RaftServerConfigKeys (ConfUtils.java:logGet(43)) - raft.server.staging.catchup.gap = 1000 (default)
2019-07-13 17:04:18,589 INFO  impl.RoleInfo (RoleInfo.java:shutdownFollowerState(121)) - 38f048c8-7f9e-4c00-ac5a-b798ffdcff37: shutdown FollowerState
2019-07-13 17:04:18,596 INFO  impl.RoleInfo (RoleInfo.java:updateAndGet(143)) - d417f54d-23e4-4b91-a4e7-6e35cf4e80b3: start FollowerState
2019-07-13 17:04:18,595 INFO  server.RaftServerConfigKeys (ConfUtils.java:logGet(43)) - raft.server.rpc.sleep.time = 25ms (default)
2019-07-13 17:04:18,596 INFO  impl.RaftServerImpl (RaftServerImpl.java:setRole(171)) - 38f048c8-7f9e-4c00-ac5a-b798ffdcff37:group-5239876E86B1 changes role from FOLLOWER to CANDIDATE at term 0 for changeToCandidate
2019-07-13 17:04:18,596 INFO  server.RaftServerConfigKeys (ConfUtils.java:logGet(43)) - raft.server.write.element-limit = 4096 (default)
2019-07-13 17:04:18,599 INFO  server.RaftServerConfigKeys (ConfUtils.java:logGet(43)) - raft.server.watch.timeout = 10s (default)
2019-07-13 17:04:18,599 INFO  impl.RoleInfo (RoleInfo.java:updateAndGet(143)) - 38f048c8-7f9e-4c00-ac5a-b798ffdcff37: start LeaderElection
2019-07-13 17:04:18,599 INFO  server.RaftServerConfigKeys (ConfUtils.java:logGet(43)) - raft.server.watch.timeout.denomination = 1s (default)
2019-07-13 17:04:18,600 INFO  server.RaftServerConfigKeys (ConfUtils.java:logGet(43)) - raft.server.watch.element-limit = 65536 (default)
2019-07-13 17:04:18,614 INFO  impl.RaftServerImpl (RaftServerImpl.java:setRole(171)) - e78338f8-6f42-43ab-84e2-658f872d6be9:group-5239876E86B1 changes role from FOLLOWER to FOLLOWER at term 1 for recognizeCandidate:51b86174-9a37-4423-a264-2190d87386c3
2019-07-13 17:04:18,614 INFO  impl.RoleInfo (RoleInfo.java:shutdownFollowerState(121)) - e78338f8-6f42-43ab-84e2-658f872d6be9: shutdown FollowerState
2019-07-13 17:04:18,614 INFO  impl.RoleInfo (RoleInfo.java:updateAndGet(143)) - e78338f8-6f42-43ab-84e2-658f872d6be9: start FollowerState
2019-07-13 17:04:18,614 INFO  impl.FollowerState (FollowerState.java:run(114)) - e78338f8-6f42-43ab-84e2-658f872d6be9: FollowerState was interrupted: java.lang.InterruptedException: sleep interrupted
2019-07-13 17:04:18,620 INFO  server.RaftServerConfigKeys (ConfUtils.java:logGet(43)) - raft.server.log.appender.snapshot.chunk.size.max = 16MB (=16777216) (default)
2019-07-13 17:04:18,620 INFO  server.RaftServerConfigKeys (ConfUtils.java:logGet(43)) - raft.server.log.appender.buffer.byte-limit = 33554432 (custom)
2019-07-13 17:04:18,621 INFO  server.RaftServerConfigKeys (ConfUtils.java:logGet(43)) - raft.server.log.appender.buffer.element-limit = 1 (custom)
2019-07-13 17:04:18,625 INFO  impl.LeaderElection (LeaderElection.java:askForVotes(181)) - 38f048c8-7f9e-4c00-ac5a-b798ffdcff37:group-5239876E86B1:LeaderElection11: begin an election at term 1 for -1: [51b86174-9a37-4423-a264-2190d87386c3:192.168.5.187:37502, 38f048c8-7f9e-4c00-ac5a-b798ffdcff37:192.168.5.187:42422, e78338f8-6f42-43ab-84e2-658f872d6be9:192.168.5.187:44468], old=null
2019-07-13 17:04:18,631 INFO  grpc.GrpcConfigKeys$Server (ConfUtils.java:logGet(43)) - raft.grpc.server.leader.outstanding.appends.max = 128 (default)
2019-07-13 17:04:18,633 INFO  server.RaftServerConfigKeys (ConfUtils.java:logGet(43)) - raft.server.rpc.request.timeout = 3000ms (default)
2019-07-13 17:04:18,633 INFO  server.RaftServerConfigKeys (ConfUtils.java:logGet(43)) - raft.server.log.appender.install.snapshot.enabled = false (custom)
2019-07-13 17:04:18,634 INFO  impl.LeaderElection (LeaderElection.java:logAndReturn(56)) - 51b86174-9a37-4423-a264-2190d87386c3:group-5239876E86B1:LeaderElection10: Election PASSED; received 2 response(s) [51b86174-9a37-4423-a264-2190d87386c3<-38f048c8-7f9e-4c00-ac5a-b798ffdcff37#0:FAIL-t1, 51b86174-9a37-4423-a264-2190d87386c3<-e78338f8-6f42-43ab-84e2-658f872d6be9#0:OK-t1] and 0 exception(s); 51b86174-9a37-4423-a264-2190d87386c3:t1, leader=null, voted=51b86174-9a37-4423-a264-2190d87386c3, raftlog=51b86174-9a37-4423-a264-2190d87386c3-SegmentedRaftLog:OPENED:c-1,f-1,i0, conf=-1: [51b86174-9a37-4423-a264-2190d87386c3:192.168.5.187:37502, 38f048c8-7f9e-4c00-ac5a-b798ffdcff37:192.168.5.187:42422, e78338f8-6f42-43ab-84e2-658f872d6be9:192.168.5.187:44468], old=null
2019-07-13 17:04:18,634 INFO  server.RaftServerConfigKeys (ConfUtils.java:logGet(43)) - raft.server.log.appender.snapshot.chunk.size.max = 16MB (=16777216) (default)
2019-07-13 17:04:18,634 INFO  impl.RoleInfo (RoleInfo.java:shutdownLeaderElection(134)) - 51b86174-9a37-4423-a264-2190d87386c3: shutdown LeaderElection
2019-07-13 17:04:18,636 INFO  server.RaftServerConfigKeys (ConfUtils.java:logGet(43)) - raft.server.log.appender.buffer.byte-limit = 33554432 (custom)
2019-07-13 17:04:18,640 INFO  impl.RaftServerImpl (RaftServerImpl.java:setRole(171)) - 51b86174-9a37-4423-a264-2190d87386c3:group-5239876E86B1 changes role from CANDIDATE to LEADER at term 1 for changeToLeader
2019-07-13 17:04:18,640 INFO  server.RaftServerConfigKeys (ConfUtils.java:logGet(43)) - raft.server.log.appender.buffer.element-limit = 1 (custom)
2019-07-13 17:04:18,641 INFO  impl.RaftServerImpl (ServerState.java:setLeader(263)) - 51b86174-9a37-4423-a264-2190d87386c3:group-5239876E86B1 change Leader from null to 51b86174-9a37-4423-a264-2190d87386c3 at term 1 for becomeLeader, leader elected after 5128ms
2019-07-13 17:04:18,641 INFO  grpc.GrpcConfigKeys$Server (ConfUtils.java:logGet(43)) - raft.grpc.server.leader.outstanding.appends.max = 128 (default)
2019-07-13 17:04:18,641 INFO  server.RaftServerConfigKeys (ConfUtils.java:logGet(43)) - raft.server.staging.catchup.gap = 1000 (default)
2019-07-13 17:04:18,641 INFO  server.RaftServerConfigKeys (ConfUtils.java:logGet(43)) - raft.server.rpc.request.timeout = 3000ms (default)
2019-07-13 17:04:18,641 INFO  server.RaftServerConfigKeys (ConfUtils.java:logGet(43)) - raft.server.rpc.sleep.time = 25ms (default)
2019-07-13 17:04:18,643 INFO  server.RaftServerConfigKeys (ConfUtils.java:logGet(43)) - raft.server.log.appender.install.snapshot.enabled = false (custom)
2019-07-13 17:04:18,644 INFO  server.RaftServerConfigKeys (ConfUtils.java:logGet(43)) - raft.server.write.element-limit = 4096 (default)
2019-07-13 17:04:18,644 INFO  client.GrpcClientProtocolClient (GrpcClientProtocolClient.java:onNext(255)) - client-685D71FD000D->5e4f3cb1-f064-48cd-b882-5ce5f38148b8: receive RaftClientReply:client-685D71FD000D->5e4f3cb1-f064-48cd-b882-5ce5f38148b8@group-915B678E511B, cid=13, FAILED org.apache.ratis.protocol.LeaderNotReadyException: 5e4f3cb1-f064-48cd-b882-5ce5f38148b8 is in LEADER state but not ready yet., logIndex=0, commits[5e4f3cb1-f064-48cd-b882-5ce5f38148b8:c-1]
2019-07-13 17:04:18,644 INFO  server.RaftServerConfigKeys (ConfUtils.java:logGet(43)) - raft.server.watch.timeout = 10s (default)
2019-07-13 17:04:18,647 INFO  server.RaftServerConfigKeys (ConfUtils.java:logGet(43)) - raft.server.watch.timeout.denomination = 1s (default)
2019-07-13 17:04:18,647 INFO  server.RaftServerConfigKeys (ConfUtils.java:logGet(43)) - raft.server.watch.element-limit = 65536 (default)
2019-07-13 17:04:18,647 INFO  server.RaftServerConfigKeys (ConfUtils.java:logGet(43)) - raft.server.log.appender.snapshot.chunk.size.max = 16MB (=16777216) (default)
2019-07-13 17:04:18,647 INFO  server.RaftServerConfigKeys (ConfUtils.java:logGet(43)) - raft.server.log.appender.buffer.byte-limit = 33554432 (custom)
2019-07-13 17:04:18,648 INFO  server.RaftServerConfigKeys (ConfUtils.java:logGet(43)) - raft.server.log.appender.buffer.element-limit = 1 (custom)
2019-07-13 17:04:18,648 INFO  impl.RoleInfo (RoleInfo.java:updateAndGet(143)) - 5e4f3cb1-f064-48cd-b882-5ce5f38148b8: start LeaderState
2019-07-13 17:04:18,648 INFO  grpc.GrpcConfigKeys$Server (ConfUtils.java:logGet(43)) - raft.grpc.server.leader.outstanding.appends.max = 128 (default)
2019-07-13 17:04:18,650 INFO  segmented.SegmentedRaftLogWorker (SegmentedRaftLogWorker.java:startLogSegment(380)) - 5e4f3cb1-f064-48cd-b882-5ce5f38148b8-SegmentedRaftLogWorker:Storage Directory /tmp/workdir/hadoop-ozone/integration-test/target/test-dir/MiniOzoneClusterImpl-4453a8a5-71ed-4512-a901-37f4cf98323b/datanode-4/data/ratis/cc78ed68-23a1-45b2-a0c6-915b678e511b: Starting segment from index:0
2019-07-13 17:04:18,650 INFO  server.RaftServerConfigKeys (ConfUtils.java:logGet(43)) - raft.server.rpc.request.timeout = 3000ms (default)
2019-07-13 17:04:18,651 INFO  server.RaftServerConfigKeys (ConfUtils.java:logGet(43)) - raft.server.log.appender.install.snapshot.enabled = false (custom)
2019-07-13 17:04:18,653 INFO  server.RaftServerConfigKeys (ConfUtils.java:logGet(43)) - raft.server.log.appender.snapshot.chunk.size.max = 16MB (=16777216) (default)
2019-07-13 17:04:18,653 INFO  server.RaftServerConfigKeys (ConfUtils.java:logGet(43)) - raft.server.log.appender.buffer.byte-limit = 33554432 (custom)
2019-07-13 17:04:18,653 INFO  impl.RaftServerImpl (ServerState.java:setRaftConf(361)) - 5e4f3cb1-f064-48cd-b882-5ce5f38148b8:group-915B678E511B set configuration 0: [d417f54d-23e4-4b91-a4e7-6e35cf4e80b3:192.168.5.187:33457, 8525fc11-352f-49ff-bd2c-d11e7a41e5c1:192.168.5.187:39914, 5e4f3cb1-f064-48cd-b882-5ce5f38148b8:192.168.5.187:36386], old=null at 0
2019-07-13 17:04:18,653 INFO  server.RaftServerConfigKeys (ConfUtils.java:logGet(43)) - raft.server.log.appender.buffer.element-limit = 1 (custom)
2019-07-13 17:04:18,672 INFO  grpc.GrpcConfigKeys$Server (ConfUtils.java:logGet(43)) - raft.grpc.server.leader.outstanding.appends.max = 128 (default)
2019-07-13 17:04:18,674 INFO  server.RaftServerConfigKeys (ConfUtils.java:logGet(43)) - raft.server.rpc.request.timeout = 3000ms (default)
2019-07-13 17:04:18,674 INFO  server.RaftServerConfigKeys (ConfUtils.java:logGet(43)) - raft.server.log.appender.install.snapshot.enabled = false (custom)
2019-07-13 17:04:18,675 INFO  impl.RoleInfo (RoleInfo.java:updateAndGet(143)) - 51b86174-9a37-4423-a264-2190d87386c3: start LeaderState
2019-07-13 17:04:18,675 INFO  segmented.SegmentedRaftLogWorker (SegmentedRaftLogWorker.java:startLogSegment(380)) - 51b86174-9a37-4423-a264-2190d87386c3-SegmentedRaftLogWorker:Storage Directory /tmp/workdir/hadoop-ozone/integration-test/target/test-dir/MiniOzoneClusterImpl-4453a8a5-71ed-4512-a901-37f4cf98323b/datanode-5/data/ratis/1232a281-dced-427b-ace6-5239876e86b1: Starting segment from index:0
2019-07-13 17:04:18,716 INFO  impl.RaftServerImpl (ServerState.java:setRaftConf(361)) - 51b86174-9a37-4423-a264-2190d87386c3:group-5239876E86B1 set configuration 0: [51b86174-9a37-4423-a264-2190d87386c3:192.168.5.187:37502, 38f048c8-7f9e-4c00-ac5a-b798ffdcff37:192.168.5.187:42422, e78338f8-6f42-43ab-84e2-658f872d6be9:192.168.5.187:44468], old=null at 0
2019-07-13 17:04:18,716 INFO  segmented.SegmentedRaftLogWorker (SegmentedRaftLogWorker.java:execute(569)) - 5e4f3cb1-f064-48cd-b882-5ce5f38148b8-SegmentedRaftLogWorker:Storage Directory /tmp/workdir/hadoop-ozone/integration-test/target/test-dir/MiniOzoneClusterImpl-4453a8a5-71ed-4512-a901-37f4cf98323b/datanode-4/data/ratis/cc78ed68-23a1-45b2-a0c6-915b678e511b: created new log segment /tmp/workdir/hadoop-ozone/integration-test/target/test-dir/MiniOzoneClusterImpl-4453a8a5-71ed-4512-a901-37f4cf98323b/datanode-4/data/ratis/cc78ed68-23a1-45b2-a0c6-915b678e511b/current/log_inprogress_0
2019-07-13 17:04:18,725 INFO  impl.RaftServerImpl (RaftServerImpl.java:requestVote(754)) - 51b86174-9a37-4423-a264-2190d87386c3-LEADER: Withhold vote from candidate 38f048c8-7f9e-4c00-ac5a-b798ffdcff37 with term 1. State: leader=51b86174-9a37-4423-a264-2190d87386c3, term=1, lastRpcElapsed=null
2019-07-13 17:04:18,729 INFO  segmented.SegmentedRaftLogWorker (SegmentedRaftLogWorker.java:execute(569)) - 51b86174-9a37-4423-a264-2190d87386c3-SegmentedRaftLogWorker:Storage Directory /tmp/workdir/hadoop-ozone/integration-test/target/test-dir/MiniOzoneClusterImpl-4453a8a5-71ed-4512-a901-37f4cf98323b/datanode-5/data/ratis/1232a281-dced-427b-ace6-5239876e86b1: created new log segment /tmp/workdir/hadoop-ozone/integration-test/target/test-dir/MiniOzoneClusterImpl-4453a8a5-71ed-4512-a901-37f4cf98323b/datanode-5/data/ratis/1232a281-dced-427b-ace6-5239876e86b1/current/log_inprogress_0
2019-07-13 17:04:18,743 INFO  impl.LeaderElection (LeaderElection.java:logAndReturn(56)) - 38f048c8-7f9e-4c00-ac5a-b798ffdcff37:group-5239876E86B1:LeaderElection11: Election REJECTED; received 2 response(s) [38f048c8-7f9e-4c00-ac5a-b798ffdcff37<-51b86174-9a37-4423-a264-2190d87386c3#0:FAIL-t1, 38f048c8-7f9e-4c00-ac5a-b798ffdcff37<-e78338f8-6f42-43ab-84e2-658f872d6be9#0:FAIL-t1] and 0 exception(s); 38f048c8-7f9e-4c00-ac5a-b798ffdcff37:t1, leader=null, voted=38f048c8-7f9e-4c00-ac5a-b798ffdcff37, raftlog=38f048c8-7f9e-4c00-ac5a-b798ffdcff37-SegmentedRaftLog:OPENED:c-1,f-1,i0, conf=-1: [51b86174-9a37-4423-a264-2190d87386c3:192.168.5.187:37502, 38f048c8-7f9e-4c00-ac5a-b798ffdcff37:192.168.5.187:42422, e78338f8-6f42-43ab-84e2-658f872d6be9:192.168.5.187:44468], old=null
2019-07-13 17:04:18,743 INFO  impl.RaftServerImpl (RaftServerImpl.java:setRole(171)) - 38f048c8-7f9e-4c00-ac5a-b798ffdcff37:group-5239876E86B1 changes role from CANDIDATE to FOLLOWER at term 1 for DISCOVERED_A_NEW_TERM
2019-07-13 17:04:18,745 INFO  impl.RoleInfo (RoleInfo.java:shutdownLeaderElection(134)) - 38f048c8-7f9e-4c00-ac5a-b798ffdcff37: shutdown LeaderElection
2019-07-13 17:04:18,747 INFO  impl.RoleInfo (RoleInfo.java:updateAndGet(143)) - 38f048c8-7f9e-4c00-ac5a-b798ffdcff37: start FollowerState
2019-07-13 17:04:18,765 INFO  impl.RaftServerImpl (ServerState.java:setLeader(263)) - 8525fc11-352f-49ff-bd2c-d11e7a41e5c1:group-915B678E511B change Leader from null to 5e4f3cb1-f064-48cd-b882-5ce5f38148b8 at term 1 for appendEntries, leader elected after 5346ms
2019-07-13 17:04:18,767 INFO  impl.RaftServerImpl (ServerState.java:setLeader(263)) - e78338f8-6f42-43ab-84e2-658f872d6be9:group-5239876E86B1 change Leader from null to 51b86174-9a37-4423-a264-2190d87386c3 at term 1 for appendEntries, leader elected after 5255ms
2019-07-13 17:04:18,765 INFO  impl.RaftServerImpl (ServerState.java:setLeader(263)) - 38f048c8-7f9e-4c00-ac5a-b798ffdcff37:group-5239876E86B1 change Leader from null to 51b86174-9a37-4423-a264-2190d87386c3 at term 1 for appendEntries, leader elected after 5253ms
2019-07-13 17:04:18,765 INFO  impl.RaftServerImpl (ServerState.java:setLeader(263)) - d417f54d-23e4-4b91-a4e7-6e35cf4e80b3:group-915B678E511B change Leader from null to 5e4f3cb1-f064-48cd-b882-5ce5f38148b8 at term 1 for appendEntries, leader elected after 5346ms
2019-07-13 17:04:18,807 INFO  impl.RaftServerImpl (ServerState.java:setRaftConf(361)) - 38f048c8-7f9e-4c00-ac5a-b798ffdcff37:group-5239876E86B1 set configuration 0: [51b86174-9a37-4423-a264-2190d87386c3:192.168.5.187:37502, 38f048c8-7f9e-4c00-ac5a-b798ffdcff37:192.168.5.187:42422, e78338f8-6f42-43ab-84e2-658f872d6be9:192.168.5.187:44468], old=null at 0
2019-07-13 17:04:18,807 INFO  impl.RaftServerImpl (ServerState.java:setRaftConf(361)) - 8525fc11-352f-49ff-bd2c-d11e7a41e5c1:group-915B678E511B set configuration 0: [d417f54d-23e4-4b91-a4e7-6e35cf4e80b3:192.168.5.187:33457, 8525fc11-352f-49ff-bd2c-d11e7a41e5c1:192.168.5.187:39914, 5e4f3cb1-f064-48cd-b882-5ce5f38148b8:192.168.5.187:36386], old=null at 0
2019-07-13 17:04:18,807 INFO  impl.RaftServerImpl (ServerState.java:setRaftConf(361)) - d417f54d-23e4-4b91-a4e7-6e35cf4e80b3:group-915B678E511B set configuration 0: [d417f54d-23e4-4b91-a4e7-6e35cf4e80b3:192.168.5.187:33457, 8525fc11-352f-49ff-bd2c-d11e7a41e5c1:192.168.5.187:39914, 5e4f3cb1-f064-48cd-b882-5ce5f38148b8:192.168.5.187:36386], old=null at 0
2019-07-13 17:04:18,807 INFO  impl.RaftServerImpl (ServerState.java:setRaftConf(361)) - e78338f8-6f42-43ab-84e2-658f872d6be9:group-5239876E86B1 set configuration 0: [51b86174-9a37-4423-a264-2190d87386c3:192.168.5.187:37502, 38f048c8-7f9e-4c00-ac5a-b798ffdcff37:192.168.5.187:42422, e78338f8-6f42-43ab-84e2-658f872d6be9:192.168.5.187:44468], old=null at 0
2019-07-13 17:04:18,808 INFO  segmented.SegmentedRaftLogWorker (SegmentedRaftLogWorker.java:startLogSegment(380)) - d417f54d-23e4-4b91-a4e7-6e35cf4e80b3-SegmentedRaftLogWorker:Storage Directory /tmp/workdir/hadoop-ozone/integration-test/target/test-dir/MiniOzoneClusterImpl-4453a8a5-71ed-4512-a901-37f4cf98323b/datanode-6/data/ratis/cc78ed68-23a1-45b2-a0c6-915b678e511b: Starting segment from index:0
2019-07-13 17:04:18,808 INFO  segmented.SegmentedRaftLogWorker (SegmentedRaftLogWorker.java:startLogSegment(380)) - 8525fc11-352f-49ff-bd2c-d11e7a41e5c1-SegmentedRaftLogWorker:Storage Directory /tmp/workdir/hadoop-ozone/integration-test/target/test-dir/MiniOzoneClusterImpl-4453a8a5-71ed-4512-a901-37f4cf98323b/datanode-0/data/ratis/cc78ed68-23a1-45b2-a0c6-915b678e511b: Starting segment from index:0
2019-07-13 17:04:18,808 INFO  segmented.SegmentedRaftLogWorker (SegmentedRaftLogWorker.java:startLogSegment(380)) - 38f048c8-7f9e-4c00-ac5a-b798ffdcff37-SegmentedRaftLogWorker:Storage Directory /tmp/workdir/hadoop-ozone/integration-test/target/test-dir/MiniOzoneClusterImpl-4453a8a5-71ed-4512-a901-37f4cf98323b/datanode-1/data/ratis/1232a281-dced-427b-ace6-5239876e86b1: Starting segment from index:0
2019-07-13 17:04:18,808 INFO  segmented.SegmentedRaftLogWorker (SegmentedRaftLogWorker.java:startLogSegment(380)) - e78338f8-6f42-43ab-84e2-658f872d6be9-SegmentedRaftLogWorker:Storage Directory /tmp/workdir/hadoop-ozone/integration-test/target/test-dir/MiniOzoneClusterImpl-4453a8a5-71ed-4512-a901-37f4cf98323b/datanode-2/data/ratis/1232a281-dced-427b-ace6-5239876e86b1: Starting segment from index:0
2019-07-13 17:04:18,830 INFO  segmented.SegmentedRaftLogWorker (SegmentedRaftLogWorker.java:execute(569)) - d417f54d-23e4-4b91-a4e7-6e35cf4e80b3-SegmentedRaftLogWorker:Storage Directory /tmp/workdir/hadoop-ozone/integration-test/target/test-dir/MiniOzoneClusterImpl-4453a8a5-71ed-4512-a901-37f4cf98323b/datanode-6/data/ratis/cc78ed68-23a1-45b2-a0c6-915b678e511b: created new log segment /tmp/workdir/hadoop-ozone/integration-test/target/test-dir/MiniOzoneClusterImpl-4453a8a5-71ed-4512-a901-37f4cf98323b/datanode-6/data/ratis/cc78ed68-23a1-45b2-a0c6-915b678e511b/current/log_inprogress_0
2019-07-13 17:04:18,830 INFO  segmented.SegmentedRaftLogWorker (SegmentedRaftLogWorker.java:execute(569)) - 8525fc11-352f-49ff-bd2c-d11e7a41e5c1-SegmentedRaftLogWorker:Storage Directory /tmp/workdir/hadoop-ozone/integration-test/target/test-dir/MiniOzoneClusterImpl-4453a8a5-71ed-4512-a901-37f4cf98323b/datanode-0/data/ratis/cc78ed68-23a1-45b2-a0c6-915b678e511b: created new log segment /tmp/workdir/hadoop-ozone/integration-test/target/test-dir/MiniOzoneClusterImpl-4453a8a5-71ed-4512-a901-37f4cf98323b/datanode-0/data/ratis/cc78ed68-23a1-45b2-a0c6-915b678e511b/current/log_inprogress_0
2019-07-13 17:04:18,830 INFO  segmented.SegmentedRaftLogWorker (SegmentedRaftLogWorker.java:execute(569)) - e78338f8-6f42-43ab-84e2-658f872d6be9-SegmentedRaftLogWorker:Storage Directory /tmp/workdir/hadoop-ozone/integration-test/target/test-dir/MiniOzoneClusterImpl-4453a8a5-71ed-4512-a901-37f4cf98323b/datanode-2/data/ratis/1232a281-dced-427b-ace6-5239876e86b1: created new log segment /tmp/workdir/hadoop-ozone/integration-test/target/test-dir/MiniOzoneClusterImpl-4453a8a5-71ed-4512-a901-37f4cf98323b/datanode-2/data/ratis/1232a281-dced-427b-ace6-5239876e86b1/current/log_inprogress_0
2019-07-13 17:04:18,834 INFO  segmented.SegmentedRaftLogWorker (SegmentedRaftLogWorker.java:execute(569)) - 38f048c8-7f9e-4c00-ac5a-b798ffdcff37-SegmentedRaftLogWorker:Storage Directory /tmp/workdir/hadoop-ozone/integration-test/target/test-dir/MiniOzoneClusterImpl-4453a8a5-71ed-4512-a901-37f4cf98323b/datanode-1/data/ratis/1232a281-dced-427b-ace6-5239876e86b1: created new log segment /tmp/workdir/hadoop-ozone/integration-test/target/test-dir/MiniOzoneClusterImpl-4453a8a5-71ed-4512-a901-37f4cf98323b/datanode-1/data/ratis/1232a281-dced-427b-ace6-5239876e86b1/current/log_inprogress_0
2019-07-13 17:04:20,900 INFO  client.GrpcClientProtocolClient (GrpcClientProtocolClient.java:onNext(255)) - client-685D71FD000D->5e4f3cb1-f064-48cd-b882-5ce5f38148b8: receive RaftClientReply:client-685D71FD000D->5e4f3cb1-f064-48cd-b882-5ce5f38148b8@group-915B678E511B, cid=13, SUCCESS, logIndex=1, commits[5e4f3cb1-f064-48cd-b882-5ce5f38148b8:c1, d417f54d-23e4-4b91-a4e7-6e35cf4e80b3:c0, 8525fc11-352f-49ff-bd2c-d11e7a41e5c1:c0]
2019-07-13 17:04:20,947 INFO  client.GrpcClientProtocolClient (GrpcClientProtocolClient.java:onNext(255)) - client-685D71FD000D->5e4f3cb1-f064-48cd-b882-5ce5f38148b8: receive RaftClientReply:client-685D71FD000D->5e4f3cb1-f064-48cd-b882-5ce5f38148b8@group-915B678E511B, cid=14, SUCCESS, logIndex=3, commits[5e4f3cb1-f064-48cd-b882-5ce5f38148b8:c3, d417f54d-23e4-4b91-a4e7-6e35cf4e80b3:c2, 8525fc11-352f-49ff-bd2c-d11e7a41e5c1:c2]
2019-07-13 17:04:21,018 INFO  client.GrpcClientProtocolClient (GrpcClientProtocolClient.java:onNext(255)) - client-685D71FD000D->5e4f3cb1-f064-48cd-b882-5ce5f38148b8: receive RaftClientReply:client-685D71FD000D->5e4f3cb1-f064-48cd-b882-5ce5f38148b8@group-915B678E511B, cid=15, SUCCESS, logIndex=4, commits[5e4f3cb1-f064-48cd-b882-5ce5f38148b8:c12, d417f54d-23e4-4b91-a4e7-6e35cf4e80b3:c8, 8525fc11-352f-49ff-bd2c-d11e7a41e5c1:c8]
2019-07-13 17:04:21,021 INFO  client.GrpcClientProtocolClient (GrpcClientProtocolClient.java:onNext(255)) - client-685D71FD000D->5e4f3cb1-f064-48cd-b882-5ce5f38148b8: receive RaftClientReply:client-685D71FD000D->5e4f3cb1-f064-48cd-b882-5ce5f38148b8@group-915B678E511B, cid=16, SUCCESS, logIndex=5, commits[5e4f3cb1-f064-48cd-b882-5ce5f38148b8:c12, d417f54d-23e4-4b91-a4e7-6e35cf4e80b3:c8, 8525fc11-352f-49ff-bd2c-d11e7a41e5c1:c8]
2019-07-13 17:04:21,022 INFO  client.GrpcClientProtocolClient (GrpcClientProtocolClient.java:onNext(255)) - client-685D71FD000D->5e4f3cb1-f064-48cd-b882-5ce5f38148b8: receive RaftClientReply:client-685D71FD000D->5e4f3cb1-f064-48cd-b882-5ce5f38148b8@group-915B678E511B, cid=17, SUCCESS, logIndex=7, commits[5e4f3cb1-f064-48cd-b882-5ce5f38148b8:c12, d417f54d-23e4-4b91-a4e7-6e35cf4e80b3:c8, 8525fc11-352f-49ff-bd2c-d11e7a41e5c1:c8]
2019-07-13 17:04:21,068 INFO  client.GrpcClientProtocolClient (GrpcClientProtocolClient.java:onNext(255)) - client-685D71FD000D->5e4f3cb1-f064-48cd-b882-5ce5f38148b8: receive RaftClientReply:client-685D71FD000D->5e4f3cb1-f064-48cd-b882-5ce5f38148b8@group-915B678E511B, cid=18, SUCCESS, logIndex=8, commits[5e4f3cb1-f064-48cd-b882-5ce5f38148b8:c12, d417f54d-23e4-4b91-a4e7-6e35cf4e80b3:c8, 8525fc11-352f-49ff-bd2c-d11e7a41e5c1:c8]
2019-07-13 17:04:21,074 INFO  pipeline.SCMPipelineManager (SCMPipelineManager.java:finalizeAndDestroyPipeline(309)) - destroying pipeline:Pipeline[ Id: cc78ed68-23a1-45b2-a0c6-915b678e511b, Nodes: d417f54d-23e4-4b91-a4e7-6e35cf4e80b3{ip: 192.168.5.187, host: trunk-nightly-z92hn-1831959607, networkLocation: /default-rack, certSerialId: null}8525fc11-352f-49ff-bd2c-d11e7a41e5c1{ip: 192.168.5.187, host: trunk-nightly-z92hn-1831959607, networkLocation: /default-rack, certSerialId: null}5e4f3cb1-f064-48cd-b882-5ce5f38148b8{ip: 192.168.5.187, host: trunk-nightly-z92hn-1831959607, networkLocation: /default-rack, certSerialId: null}, Type:RATIS, Factor:THREE, State:OPEN]
2019-07-13 17:04:21,075 INFO  pipeline.PipelineStateManager (PipelineStateManager.java:finalizePipeline(123)) - Pipeline Pipeline[ Id: cc78ed68-23a1-45b2-a0c6-915b678e511b, Nodes: d417f54d-23e4-4b91-a4e7-6e35cf4e80b3{ip: 192.168.5.187, host: trunk-nightly-z92hn-1831959607, networkLocation: /default-rack, certSerialId: null}8525fc11-352f-49ff-bd2c-d11e7a41e5c1{ip: 192.168.5.187, host: trunk-nightly-z92hn-1831959607, networkLocation: /default-rack, certSerialId: null}5e4f3cb1-f064-48cd-b882-5ce5f38148b8{ip: 192.168.5.187, host: trunk-nightly-z92hn-1831959607, networkLocation: /default-rack, certSerialId: null}, Type:RATIS, Factor:THREE, State:CLOSED] moved to CLOSED state
2019-07-13 17:04:21,076 INFO  container.CloseContainerEventHandler (CloseContainerEventHandler.java:onMessage(61)) - Close container Event triggered for container : #1
2019-07-13 17:04:21,093 INFO  impl.RaftServerProxy (RaftServerProxy.java:remove(95)) - d417f54d-23e4-4b91-a4e7-6e35cf4e80b3: remove FOLLOWER group-915B678E511B d417f54d-23e4-4b91-a4e7-6e35cf4e80b3:t1, leader=5e4f3cb1-f064-48cd-b882-5ce5f38148b8, voted=d417f54d-23e4-4b91-a4e7-6e35cf4e80b3, raftlog=d417f54d-23e4-4b91-a4e7-6e35cf4e80b3-SegmentedRaftLog:OPENED:c8,f12,i12, conf=0: [d417f54d-23e4-4b91-a4e7-6e35cf4e80b3:192.168.5.187:33457, 8525fc11-352f-49ff-bd2c-d11e7a41e5c1:192.168.5.187:39914, 5e4f3cb1-f064-48cd-b882-5ce5f38148b8:192.168.5.187:36386], old=null RUNNING
2019-07-13 17:04:21,097 INFO  impl.RaftServerImpl (RaftServerImpl.java:lambda$shutdown$3(245)) - d417f54d-23e4-4b91-a4e7-6e35cf4e80b3: shutdown group-915B678E511B
2019-07-13 17:04:21,097 INFO  util.JmxRegister (JmxRegister.java:unregister(73)) - Successfully un-registered JMX Bean with object name Ratis:service=RaftServer,group=group-915B678E511B,id=d417f54d-23e4-4b91-a4e7-6e35cf4e80b3
2019-07-13 17:04:21,097 INFO  impl.RoleInfo (RoleInfo.java:shutdownFollowerState(121)) - d417f54d-23e4-4b91-a4e7-6e35cf4e80b3: shutdown FollowerState
2019-07-13 17:04:21,098 INFO  impl.StateMachineUpdater (StateMachineUpdater.java:stopAndJoin(115)) - StateMachineUpdater:d417f54d-23e4-4b91-a4e7-6e35cf4e80b3:group-915B678E511B: set stopIndex = 8
2019-07-13 17:04:21,098 INFO  ratis.ContainerStateMachine (ContainerStateMachine.java:takeSnapshot(246)) - Taking snapshot at termIndex:(t:1, i:8)
2019-07-13 17:04:21,098 INFO  impl.FollowerState (FollowerState.java:run(114)) - d417f54d-23e4-4b91-a4e7-6e35cf4e80b3: FollowerState was interrupted: java.lang.InterruptedException: sleep interrupted
2019-07-13 17:04:21,107 INFO  ratis.ContainerStateMachine (ContainerStateMachine.java:takeSnapshot(250)) - Taking a snapshot to file /tmp/workdir/hadoop-ozone/integration-test/target/test-dir/MiniOzoneClusterImpl-4453a8a5-71ed-4512-a901-37f4cf98323b/datanode-6/data/ratis/cc78ed68-23a1-45b2-a0c6-915b678e511b/sm/snapshot.1_8
2019-07-13 17:04:21,120 INFO  impl.StateMachineUpdater (StateMachineUpdater.java:takeSnapshot(242)) - StateMachineUpdater:d417f54d-23e4-4b91-a4e7-6e35cf4e80b3:group-915B678E511B: Took a snapshot at index 8
2019-07-13 17:04:21,121 INFO  impl.StateMachineUpdater (StateMachineUpdater.java:lambda$new$0(80)) - StateMachineUpdater:d417f54d-23e4-4b91-a4e7-6e35cf4e80b3:group-915B678E511B: snapshotIndex: updateIncreasingly -1 -> 8
2019-07-13 17:04:21,126 INFO  impl.RaftServerImpl (ServerState.java:close(394)) - d417f54d-23e4-4b91-a4e7-6e35cf4e80b3:group-915B678E511B closes. The last applied log index is 8
2019-07-13 17:04:21,128 INFO  segmented.SegmentedRaftLogWorker (SegmentedRaftLogWorker.java:run(313)) - d417f54d-23e4-4b91-a4e7-6e35cf4e80b3-SegmentedRaftLogWorker:Storage Directory /tmp/workdir/hadoop-ozone/integration-test/target/test-dir/MiniOzoneClusterImpl-4453a8a5-71ed-4512-a901-37f4cf98323b/datanode-6/data/ratis/cc78ed68-23a1-45b2-a0c6-915b678e511b was interrupted, exiting. There are 0 tasks remaining in the queue.
2019-07-13 17:04:21,130 INFO  segmented.SegmentedRaftLogWorker (SegmentedRaftLogWorker.java:close(228)) - d417f54d-23e4-4b91-a4e7-6e35cf4e80b3-SegmentedRaftLogWorker:Storage Directory /tmp/workdir/hadoop-ozone/integration-test/target/test-dir/MiniOzoneClusterImpl-4453a8a5-71ed-4512-a901-37f4cf98323b/datanode-6/data/ratis/cc78ed68-23a1-45b2-a0c6-915b678e511b close()
2019-07-13 17:04:21,152 INFO  impl.RaftServerProxy (RaftServerProxy.java:remove(95)) - 8525fc11-352f-49ff-bd2c-d11e7a41e5c1: remove FOLLOWER group-915B678E511B 8525fc11-352f-49ff-bd2c-d11e7a41e5c1:t1, leader=5e4f3cb1-f064-48cd-b882-5ce5f38148b8, voted=5e4f3cb1-f064-48cd-b882-5ce5f38148b8, raftlog=8525fc11-352f-49ff-bd2c-d11e7a41e5c1-SegmentedRaftLog:OPENED:c8,f12,i12, conf=0: [d417f54d-23e4-4b91-a4e7-6e35cf4e80b3:192.168.5.187:33457, 8525fc11-352f-49ff-bd2c-d11e7a41e5c1:192.168.5.187:39914, 5e4f3cb1-f064-48cd-b882-5ce5f38148b8:192.168.5.187:36386], old=null RUNNING
2019-07-13 17:04:21,152 INFO  impl.RaftServerImpl (RaftServerImpl.java:lambda$shutdown$3(245)) - 8525fc11-352f-49ff-bd2c-d11e7a41e5c1: shutdown group-915B678E511B
2019-07-13 17:04:21,153 INFO  util.JmxRegister (JmxRegister.java:unregister(73)) - Successfully un-registered JMX Bean with object name Ratis:service=RaftServer,group=group-915B678E511B,id=8525fc11-352f-49ff-bd2c-d11e7a41e5c1
2019-07-13 17:04:21,153 INFO  impl.RoleInfo (RoleInfo.java:shutdownFollowerState(121)) - 8525fc11-352f-49ff-bd2c-d11e7a41e5c1: shutdown FollowerState
2019-07-13 17:04:21,153 INFO  impl.StateMachineUpdater (StateMachineUpdater.java:stopAndJoin(115)) - StateMachineUpdater:8525fc11-352f-49ff-bd2c-d11e7a41e5c1:group-915B678E511B: set stopIndex = 8
2019-07-13 17:04:21,153 INFO  impl.FollowerState (FollowerState.java:run(114)) - 8525fc11-352f-49ff-bd2c-d11e7a41e5c1: FollowerState was interrupted: java.lang.InterruptedException: sleep interrupted
2019-07-13 17:04:21,153 INFO  ratis.ContainerStateMachine (ContainerStateMachine.java:takeSnapshot(246)) - Taking snapshot at termIndex:(t:1, i:8)
2019-07-13 17:04:21,157 INFO  ratis.ContainerStateMachine (ContainerStateMachine.java:takeSnapshot(250)) - Taking a snapshot to file /tmp/workdir/hadoop-ozone/integration-test/target/test-dir/MiniOzoneClusterImpl-4453a8a5-71ed-4512-a901-37f4cf98323b/datanode-0/data/ratis/cc78ed68-23a1-45b2-a0c6-915b678e511b/sm/snapshot.1_8
2019-07-13 17:04:21,157 INFO  impl.StateMachineUpdater (StateMachineUpdater.java:takeSnapshot(242)) - StateMachineUpdater:8525fc11-352f-49ff-bd2c-d11e7a41e5c1:group-915B678E511B: Took a snapshot at index 8
2019-07-13 17:04:21,157 INFO  impl.StateMachineUpdater (StateMachineUpdater.java:lambda$new$0(80)) - StateMachineUpdater:8525fc11-352f-49ff-bd2c-d11e7a41e5c1:group-915B678E511B: snapshotIndex: updateIncreasingly -1 -> 8
2019-07-13 17:04:21,158 INFO  impl.RaftServerImpl (ServerState.java:close(394)) - 8525fc11-352f-49ff-bd2c-d11e7a41e5c1:group-915B678E511B closes. The last applied log index is 8
2019-07-13 17:04:21,158 INFO  segmented.SegmentedRaftLogWorker (SegmentedRaftLogWorker.java:run(313)) - 8525fc11-352f-49ff-bd2c-d11e7a41e5c1-SegmentedRaftLogWorker:Storage Directory /tmp/workdir/hadoop-ozone/integration-test/target/test-dir/MiniOzoneClusterImpl-4453a8a5-71ed-4512-a901-37f4cf98323b/datanode-0/data/ratis/cc78ed68-23a1-45b2-a0c6-915b678e511b was interrupted, exiting. There are 0 tasks remaining in the queue.
2019-07-13 17:04:21,160 INFO  segmented.SegmentedRaftLogWorker (SegmentedRaftLogWorker.java:close(228)) - 8525fc11-352f-49ff-bd2c-d11e7a41e5c1-SegmentedRaftLogWorker:Storage Directory /tmp/workdir/hadoop-ozone/integration-test/target/test-dir/MiniOzoneClusterImpl-4453a8a5-71ed-4512-a901-37f4cf98323b/datanode-0/data/ratis/cc78ed68-23a1-45b2-a0c6-915b678e511b close()
2019-07-13 17:04:21,176 INFO  impl.RaftServerProxy (RaftServerProxy.java:remove(95)) - 5e4f3cb1-f064-48cd-b882-5ce5f38148b8: remove   LEADER group-915B678E511B 5e4f3cb1-f064-48cd-b882-5ce5f38148b8:t1, leader=5e4f3cb1-f064-48cd-b882-5ce5f38148b8, voted=5e4f3cb1-f064-48cd-b882-5ce5f38148b8, raftlog=5e4f3cb1-f064-48cd-b882-5ce5f38148b8-SegmentedRaftLog:OPENED:c12,f12,i12, conf=0: [d417f54d-23e4-4b91-a4e7-6e35cf4e80b3:192.168.5.187:33457, 8525fc11-352f-49ff-bd2c-d11e7a41e5c1:192.168.5.187:39914, 5e4f3cb1-f064-48cd-b882-5ce5f38148b8:192.168.5.187:36386], old=null RUNNING
2019-07-13 17:04:21,176 INFO  impl.RaftServerImpl (RaftServerImpl.java:lambda$shutdown$3(245)) - 5e4f3cb1-f064-48cd-b882-5ce5f38148b8: shutdown group-915B678E511B
2019-07-13 17:04:21,177 INFO  util.JmxRegister (JmxRegister.java:unregister(73)) - Successfully un-registered JMX Bean with object name Ratis:service=RaftServer,group=group-915B678E511B,id=5e4f3cb1-f064-48cd-b882-5ce5f38148b8
2019-07-13 17:04:21,177 INFO  impl.RoleInfo (RoleInfo.java:shutdownLeaderState(104)) - 5e4f3cb1-f064-48cd-b882-5ce5f38148b8: shutdown LeaderState
2019-07-13 17:04:21,180 INFO  impl.PendingRequests (PendingRequests.java:sendNotLeaderResponses(202)) - 5e4f3cb1-f064-48cd-b882-5ce5f38148b8-PendingRequests: sendNotLeaderResponses
2019-07-13 17:04:21,180 WARN  server.GrpcLogAppender (GrpcLogAppender.java:mayWait(143)) - GrpcLogAppender(5e4f3cb1-f064-48cd-b882-5ce5f38148b8->8525fc11-352f-49ff-bd2c-d11e7a41e5c1): Wait interrupted by java.lang.InterruptedException
2019-07-13 17:04:21,180 WARN  server.GrpcLogAppender (GrpcLogAppender.java:mayWait(143)) - GrpcLogAppender(5e4f3cb1-f064-48cd-b882-5ce5f38148b8->d417f54d-23e4-4b91-a4e7-6e35cf4e80b3): Wait interrupted by java.lang.InterruptedException
2019-07-13 17:04:21,185 INFO  server.GrpcServerProtocolService (GrpcServerProtocolService.java:onCompleted(104)) - 8525fc11-352f-49ff-bd2c-d11e7a41e5c1: appendEntries completed
2019-07-13 17:04:21,185 INFO  server.GrpcServerProtocolService (GrpcServerProtocolService.java:onCompleted(104)) - d417f54d-23e4-4b91-a4e7-6e35cf4e80b3: appendEntries completed
2019-07-13 17:04:21,192 INFO  server.GrpcLogAppender (GrpcLogAppender.java:onCompleted(292)) - 5e4f3cb1-f064-48cd-b882-5ce5f38148b8->8525fc11-352f-49ff-bd2c-d11e7a41e5c1: follower responses appendEntries COMPLETED
2019-07-13 17:04:21,192 INFO  server.GrpcLogAppender (GrpcLogAppender.java:onCompleted(292)) - 5e4f3cb1-f064-48cd-b882-5ce5f38148b8->d417f54d-23e4-4b91-a4e7-6e35cf4e80b3: follower responses appendEntries COMPLETED
2019-07-13 17:04:21,196 INFO  impl.FollowerInfo (FollowerInfo.java:lambda$new$0(50)) - 5e4f3cb1-f064-48cd-b882-5ce5f38148b8->8525fc11-352f-49ff-bd2c-d11e7a41e5c1: nextIndex: updateUnconditionally 13 -> 12
2019-07-13 17:04:21,197 INFO  impl.FollowerInfo (FollowerInfo.java:lambda$new$0(50)) - 5e4f3cb1-f064-48cd-b882-5ce5f38148b8->d417f54d-23e4-4b91-a4e7-6e35cf4e80b3: nextIndex: updateUnconditionally 13 -> 12
2019-07-13 17:04:21,203 INFO  impl.StateMachineUpdater (StateMachineUpdater.java:stopAndJoin(115)) - StateMachineUpdater:5e4f3cb1-f064-48cd-b882-5ce5f38148b8:group-915B678E511B: set stopIndex = 12
2019-07-13 17:04:21,203 INFO  ratis.ContainerStateMachine (ContainerStateMachine.java:takeSnapshot(246)) - Taking snapshot at termIndex:(t:1, i:12)
2019-07-13 17:04:21,204 INFO  ratis.ContainerStateMachine (ContainerStateMachine.java:takeSnapshot(250)) - Taking a snapshot to file /tmp/workdir/hadoop-ozone/integration-test/target/test-dir/MiniOzoneClusterImpl-4453a8a5-71ed-4512-a901-37f4cf98323b/datanode-4/data/ratis/cc78ed68-23a1-45b2-a0c6-915b678e511b/sm/snapshot.1_12
2019-07-13 17:04:21,204 INFO  impl.StateMachineUpdater (StateMachineUpdater.java:takeSnapshot(242)) - StateMachineUpdater:5e4f3cb1-f064-48cd-b882-5ce5f38148b8:group-915B678E511B: Took a snapshot at index 12
2019-07-13 17:04:21,206 INFO  impl.StateMachineUpdater (StateMachineUpdater.java:lambda$new$0(80)) - StateMachineUpdater:5e4f3cb1-f064-48cd-b882-5ce5f38148b8:group-915B678E511B: snapshotIndex: updateIncreasingly -1 -> 12
2019-07-13 17:04:21,206 INFO  impl.RaftServerImpl (ServerState.java:close(394)) - 5e4f3cb1-f064-48cd-b882-5ce5f38148b8:group-915B678E511B closes. The last applied log index is 12
2019-07-13 17:04:21,207 INFO  segmented.SegmentedRaftLogWorker (SegmentedRaftLogWorker.java:run(313)) - 5e4f3cb1-f064-48cd-b882-5ce5f38148b8-SegmentedRaftLogWorker:Storage Directory /tmp/workdir/hadoop-ozone/integration-test/target/test-dir/MiniOzoneClusterImpl-4453a8a5-71ed-4512-a901-37f4cf98323b/datanode-4/data/ratis/cc78ed68-23a1-45b2-a0c6-915b678e511b was interrupted, exiting. There are 0 tasks remaining in the queue.
2019-07-13 17:04:21,209 INFO  segmented.SegmentedRaftLogWorker (SegmentedRaftLogWorker.java:close(228)) - 5e4f3cb1-f064-48cd-b882-5ce5f38148b8-SegmentedRaftLogWorker:Storage Directory /tmp/workdir/hadoop-ozone/integration-test/target/test-dir/MiniOzoneClusterImpl-4453a8a5-71ed-4512-a901-37f4cf98323b/datanode-4/data/ratis/cc78ed68-23a1-45b2-a0c6-915b678e511b close()
2019-07-13 17:04:21,217 INFO  pipeline.PipelineStateManager (PipelineStateManager.java:removePipeline(108)) - Pipeline Pipeline[ Id: cc78ed68-23a1-45b2-a0c6-915b678e511b, Nodes: d417f54d-23e4-4b91-a4e7-6e35cf4e80b3{ip: 192.168.5.187, host: trunk-nightly-z92hn-1831959607, networkLocation: /default-rack, certSerialId: null}8525fc11-352f-49ff-bd2c-d11e7a41e5c1{ip: 192.168.5.187, host: trunk-nightly-z92hn-1831959607, networkLocation: /default-rack, certSerialId: null}5e4f3cb1-f064-48cd-b882-5ce5f38148b8{ip: 192.168.5.187, host: trunk-nightly-z92hn-1831959607, networkLocation: /default-rack, certSerialId: null}, Type:RATIS, Factor:THREE, State:CLOSED] removed from db
2019-07-13 17:04:21,219 INFO  ratis.XceiverServerRatis (XceiverServerRatis.java:getPipelineIds(614)) - pipeline id PipelineID=766a0230-df12-485c-b0bf-634846642c3a
2019-07-13 17:04:21,219 INFO  ratis.XceiverServerRatis (XceiverServerRatis.java:getPipelineIds(614)) - pipeline id PipelineID=81b6a060-a02e-4242-b94c-f2287c5c5504
2019-07-13 17:04:21,219 INFO  ratis.XceiverServerRatis (XceiverServerRatis.java:getPipelineIds(614)) - pipeline id PipelineID=08be714c-2780-47f9-9243-3720ca67c631
2019-07-13 17:04:21,239 INFO  impl.RaftServerProxy (RaftServerProxy.java:addNew(89)) - 8525fc11-352f-49ff-bd2c-d11e7a41e5c1: addNew group-C0E6C0D304A7:[d417f54d-23e4-4b91-a4e7-6e35cf4e80b3:192.168.5.187:33457, 8525fc11-352f-49ff-bd2c-d11e7a41e5c1:192.168.5.187:39914, 5e4f3cb1-f064-48cd-b882-5ce5f38148b8:192.168.5.187:36386] returns group-C0E6C0D304A7:java.util.concurrent.CompletableFuture@2562a1e4[Not completed]
2019-07-13 17:04:21,241 INFO  impl.RaftServerProxy (RaftServerProxy.java:addNew(89)) - 5e4f3cb1-f064-48cd-b882-5ce5f38148b8: addNew group-C0E6C0D304A7:[d417f54d-23e4-4b91-a4e7-6e35cf4e80b3:192.168.5.187:33457, 8525fc11-352f-49ff-bd2c-d11e7a41e5c1:192.168.5.187:39914, 5e4f3cb1-f064-48cd-b882-5ce5f38148b8:192.168.5.187:36386] returns group-C0E6C0D304A7:java.util.concurrent.CompletableFuture@3652f005[Not completed]
2019-07-13 17:04:21,239 INFO  impl.RaftServerProxy (RaftServerProxy.java:addNew(89)) - d417f54d-23e4-4b91-a4e7-6e35cf4e80b3: addNew group-C0E6C0D304A7:[d417f54d-23e4-4b91-a4e7-6e35cf4e80b3:192.168.5.187:33457, 8525fc11-352f-49ff-bd2c-d11e7a41e5c1:192.168.5.187:39914, 5e4f3cb1-f064-48cd-b882-5ce5f38148b8:192.168.5.187:36386] returns group-C0E6C0D304A7:java.util.concurrent.CompletableFuture@249b602[Not completed]
2019-07-13 17:04:21,243 INFO  impl.RaftServerImpl (RaftServerImpl.java:<init>(93)) - d417f54d-23e4-4b91-a4e7-6e35cf4e80b3: new RaftServerImpl for group-C0E6C0D304A7:[d417f54d-23e4-4b91-a4e7-6e35cf4e80b3:192.168.5.187:33457, 8525fc11-352f-49ff-bd2c-d11e7a41e5c1:192.168.5.187:39914, 5e4f3cb1-f064-48cd-b882-5ce5f38148b8:192.168.5.187:36386] with ContainerStateMachine:uninitialized
2019-07-13 17:04:21,243 INFO  server.RaftServerConfigKeys (ConfUtils.java:logGet(43)) - raft.server.rpc.timeout.min = 5s (custom)
2019-07-13 17:04:21,243 INFO  server.RaftServerConfigKeys (ConfUtils.java:logGet(43)) - raft.server.rpc.timeout.max = 5200ms (custom)
2019-07-13 17:04:21,243 INFO  server.RaftServerConfigKeys (ConfUtils.java:logGet(43)) - raft.server.rpcslowness.timeout = 120s (custom)
2019-07-13 17:04:21,243 INFO  server.RaftServerConfigKeys (ConfUtils.java:logGet(43)) - raft.server.sleep.deviation.threshold = 300 (default)
2019-07-13 17:04:21,244 INFO  server.RaftServerConfigKeys (ConfUtils.java:logGet(43)) - raft.server.log.appender.install.snapshot.enabled = false (custom)
2019-07-13 17:04:21,244 INFO  impl.RaftServerImpl (RaftServerImpl.java:<init>(93)) - 8525fc11-352f-49ff-bd2c-d11e7a41e5c1: new RaftServerImpl for group-C0E6C0D304A7:[d417f54d-23e4-4b91-a4e7-6e35cf4e80b3:192.168.5.187:33457, 8525fc11-352f-49ff-bd2c-d11e7a41e5c1:192.168.5.187:39914, 5e4f3cb1-f064-48cd-b882-5ce5f38148b8:192.168.5.187:36386] with ContainerStateMachine:uninitialized
2019-07-13 17:04:21,244 INFO  impl.RaftServerImpl (ServerState.java:<init>(105)) - d417f54d-23e4-4b91-a4e7-6e35cf4e80b3:group-C0E6C0D304A7 ConfigurationManager, init=-1: [d417f54d-23e4-4b91-a4e7-6e35cf4e80b3:192.168.5.187:33457, 8525fc11-352f-49ff-bd2c-d11e7a41e5c1:192.168.5.187:39914, 5e4f3cb1-f064-48cd-b882-5ce5f38148b8:192.168.5.187:36386], old=null, confs=<EMPTY_MAP>
2019-07-13 17:04:21,244 INFO  server.RaftServerConfigKeys (ConfUtils.java:logGet(43)) - raft.server.rpc.timeout.min = 5s (custom)
2019-07-13 17:04:21,244 INFO  server.RaftServerConfigKeys (ConfUtils.java:logGet(43)) - raft.server.storage.dir = [/tmp/workdir/hadoop-ozone/integration-test/target/test-dir/MiniOzoneClusterImpl-4453a8a5-71ed-4512-a901-37f4cf98323b/datanode-6/data/ratis] (custom)
2019-07-13 17:04:21,244 INFO  server.RaftServerConfigKeys (ConfUtils.java:logGet(43)) - raft.server.rpc.timeout.max = 5200ms (custom)
2019-07-13 17:04:21,245 INFO  server.RaftServerConfigKeys (ConfUtils.java:logGet(43)) - raft.server.rpcslowness.timeout = 120s (custom)
2019-07-13 17:04:21,245 INFO  impl.RaftServerImpl (RaftServerImpl.java:<init>(93)) - 5e4f3cb1-f064-48cd-b882-5ce5f38148b8: new RaftServerImpl for group-C0E6C0D304A7:[d417f54d-23e4-4b91-a4e7-6e35cf4e80b3:192.168.5.187:33457, 8525fc11-352f-49ff-bd2c-d11e7a41e5c1:192.168.5.187:39914, 5e4f3cb1-f064-48cd-b882-5ce5f38148b8:192.168.5.187:36386] with ContainerStateMachine:uninitialized
2019-07-13 17:04:21,245 INFO  storage.RaftStorageDirectory (RaftStorageDirectory.java:analyzeStorage(246)) - The storage directory /tmp/workdir/hadoop-ozone/integration-test/target/test-dir/MiniOzoneClusterImpl-4453a8a5-71ed-4512-a901-37f4cf98323b/datanode-6/data/ratis/130fb011-8acc-4a53-a969-c0e6c0d304a7 does not exist. Creating ...
2019-07-13 17:04:21,245 INFO  server.RaftServerConfigKeys (ConfUtils.java:logGet(43)) - raft.server.sleep.deviation.threshold = 300 (default)
2019-07-13 17:04:21,245 INFO  server.RaftServerConfigKeys (ConfUtils.java:logGet(43)) - raft.server.rpc.timeout.min = 5s (custom)
2019-07-13 17:04:21,245 INFO  server.RaftServerConfigKeys (ConfUtils.java:logGet(43)) - raft.server.log.appender.install.snapshot.enabled = false (custom)
2019-07-13 17:04:21,245 INFO  server.RaftServerConfigKeys (ConfUtils.java:logGet(43)) - raft.server.rpc.timeout.max = 5200ms (custom)
2019-07-13 17:04:21,246 INFO  impl.RaftServerImpl (ServerState.java:<init>(105)) - 8525fc11-352f-49ff-bd2c-d11e7a41e5c1:group-C0E6C0D304A7 ConfigurationManager, init=-1: [d417f54d-23e4-4b91-a4e7-6e35cf4e80b3:192.168.5.187:33457, 8525fc11-352f-49ff-bd2c-d11e7a41e5c1:192.168.5.187:39914, 5e4f3cb1-f064-48cd-b882-5ce5f38148b8:192.168.5.187:36386], old=null, confs=<EMPTY_MAP>
2019-07-13 17:04:21,246 INFO  server.RaftServerConfigKeys (ConfUtils.java:logGet(43)) - raft.server.rpcslowness.timeout = 120s (custom)
2019-07-13 17:04:21,246 INFO  server.RaftServerConfigKeys (ConfUtils.java:logGet(43)) - raft.server.storage.dir = [/tmp/workdir/hadoop-ozone/integration-test/target/test-dir/MiniOzoneClusterImpl-4453a8a5-71ed-4512-a901-37f4cf98323b/datanode-0/data/ratis] (custom)
2019-07-13 17:04:21,246 INFO  server.RaftServerConfigKeys (ConfUtils.java:logGet(43)) - raft.server.sleep.deviation.threshold = 300 (default)
2019-07-13 17:04:21,246 INFO  server.RaftServerConfigKeys (ConfUtils.java:logGet(43)) - raft.server.log.appender.install.snapshot.enabled = false (custom)
2019-07-13 17:04:21,246 INFO  impl.RaftServerImpl (ServerState.java:<init>(105)) - 5e4f3cb1-f064-48cd-b882-5ce5f38148b8:group-C0E6C0D304A7 ConfigurationManager, init=-1: [d417f54d-23e4-4b91-a4e7-6e35cf4e80b3:192.168.5.187:33457, 8525fc11-352f-49ff-bd2c-d11e7a41e5c1:192.168.5.187:39914, 5e4f3cb1-f064-48cd-b882-5ce5f38148b8:192.168.5.187:36386], old=null, confs=<EMPTY_MAP>
2019-07-13 17:04:21,246 INFO  storage.RaftStorageDirectory (RaftStorageDirectory.java:analyzeStorage(246)) - The storage directory /tmp/workdir/hadoop-ozone/integration-test/target/test-dir/MiniOzoneClusterImpl-4453a8a5-71ed-4512-a901-37f4cf98323b/datanode-0/data/ratis/130fb011-8acc-4a53-a969-c0e6c0d304a7 does not exist. Creating ...
2019-07-13 17:04:21,247 INFO  server.RaftServerConfigKeys (ConfUtils.java:logGet(43)) - raft.server.storage.dir = [/tmp/workdir/hadoop-ozone/integration-test/target/test-dir/MiniOzoneClusterImpl-4453a8a5-71ed-4512-a901-37f4cf98323b/datanode-4/data/ratis] (custom)
2019-07-13 17:04:21,247 INFO  storage.RaftStorageDirectory (RaftStorageDirectory.java:analyzeStorage(246)) - The storage directory /tmp/workdir/hadoop-ozone/integration-test/target/test-dir/MiniOzoneClusterImpl-4453a8a5-71ed-4512-a901-37f4cf98323b/datanode-4/data/ratis/130fb011-8acc-4a53-a969-c0e6c0d304a7 does not exist. Creating ...
2019-07-13 17:04:21,257 INFO  storage.RaftStorageDirectory (RaftStorageDirectory.java:tryLock(328)) - Lock on /tmp/workdir/hadoop-ozone/integration-test/target/test-dir/MiniOzoneClusterImpl-4453a8a5-71ed-4512-a901-37f4cf98323b/datanode-6/data/ratis/130fb011-8acc-4a53-a969-c0e6c0d304a7/in_use.lock acquired by nodename 12212@trunk-nightly-z92hn-1831959607
2019-07-13 17:04:21,257 INFO  storage.RaftStorageDirectory (RaftStorageDirectory.java:tryLock(328)) - Lock on /tmp/workdir/hadoop-ozone/integration-test/target/test-dir/MiniOzoneClusterImpl-4453a8a5-71ed-4512-a901-37f4cf98323b/datanode-4/data/ratis/130fb011-8acc-4a53-a969-c0e6c0d304a7/in_use.lock acquired by nodename 12212@trunk-nightly-z92hn-1831959607
2019-07-13 17:04:21,257 INFO  storage.RaftStorageDirectory (RaftStorageDirectory.java:tryLock(328)) - Lock on /tmp/workdir/hadoop-ozone/integration-test/target/test-dir/MiniOzoneClusterImpl-4453a8a5-71ed-4512-a901-37f4cf98323b/datanode-0/data/ratis/130fb011-8acc-4a53-a969-c0e6c0d304a7/in_use.lock acquired by nodename 12212@trunk-nightly-z92hn-1831959607
2019-07-13 17:04:21,270 INFO  storage.RaftStorage (RaftStorage.java:format(72)) - Storage directory /tmp/workdir/hadoop-ozone/integration-test/target/test-dir/MiniOzoneClusterImpl-4453a8a5-71ed-4512-a901-37f4cf98323b/datanode-6/data/ratis/130fb011-8acc-4a53-a969-c0e6c0d304a7 has been successfully formatted.
2019-07-13 17:04:21,270 INFO  storage.RaftStorage (RaftStorage.java:format(72)) - Storage directory /tmp/workdir/hadoop-ozone/integration-test/target/test-dir/MiniOzoneClusterImpl-4453a8a5-71ed-4512-a901-37f4cf98323b/datanode-0/data/ratis/130fb011-8acc-4a53-a969-c0e6c0d304a7 has been successfully formatted.
2019-07-13 17:04:21,270 INFO  storage.RaftStorage (RaftStorage.java:format(72)) - Storage directory /tmp/workdir/hadoop-ozone/integration-test/target/test-dir/MiniOzoneClusterImpl-4453a8a5-71ed-4512-a901-37f4cf98323b/datanode-4/data/ratis/130fb011-8acc-4a53-a969-c0e6c0d304a7 has been successfully formatted.
2019-07-13 17:04:21,271 INFO  ratis.ContainerStateMachine (ContainerStateMachine.java:loadSnapshot(200)) - The snapshot info is null.Setting the last applied index to:(t:0, i:~)
2019-07-13 17:04:21,271 INFO  ratis.ContainerStateMachine (ContainerStateMachine.java:loadSnapshot(200)) - The snapshot info is null.Setting the last applied index to:(t:0, i:~)
2019-07-13 17:04:21,271 INFO  server.RaftServerConfigKeys (ConfUtils.java:logGet(43)) - raft.server.leader.election.timeout = 120s (custom)
2019-07-13 17:04:21,271 INFO  ratis.ContainerStateMachine (ContainerStateMachine.java:loadSnapshot(200)) - The snapshot info is null.Setting the last applied index to:(t:0, i:~)
2019-07-13 17:04:21,271 INFO  server.RaftServerConfigKeys (ConfUtils.java:logGet(43)) - raft.server.log.use.memory = false (default)
2019-07-13 17:04:21,271 INFO  server.RaftServerConfigKeys (ConfUtils.java:logGet(43)) - raft.server.leader.election.timeout = 120s (custom)
2019-07-13 17:04:21,272 INFO  server.RaftServerConfigKeys (ConfUtils.java:logGet(43)) - raft.server.log.purge.gap = 1000000000 (custom)
2019-07-13 17:04:21,272 INFO  server.RaftServerConfigKeys (ConfUtils.java:logGet(43)) - raft.server.leader.election.timeout = 120s (custom)
2019-07-13 17:04:21,272 INFO  server.RaftServerConfigKeys (ConfUtils.java:logGet(43)) - raft.server.log.appender.buffer.byte-limit = 33554432 (custom)
2019-07-13 17:04:21,272 INFO  server.RaftServerConfigKeys (ConfUtils.java:logGet(43)) - raft.server.log.use.memory = false (default)
2019-07-13 17:04:21,272 INFO  server.RaftServerConfigKeys (ConfUtils.java:logGet(43)) - raft.server.log.segment.size.max = 1048576 (custom)
2019-07-13 17:04:21,272 INFO  server.RaftServerConfigKeys (ConfUtils.java:logGet(43)) - raft.server.log.use.memory = false (default)
2019-07-13 17:04:21,273 INFO  server.RaftServerConfigKeys (ConfUtils.java:logGet(43)) - raft.server.log.segment.cache.num.max = 2 (custom)
2019-07-13 17:04:21,272 INFO  server.RaftServerConfigKeys (ConfUtils.java:logGet(43)) - raft.server.log.purge.gap = 1000000000 (custom)
2019-07-13 17:04:21,273 INFO  segmented.SegmentedRaftLogWorker (SegmentedRaftLogWorker.java:<init>(172)) - new d417f54d-23e4-4b91-a4e7-6e35cf4e80b3-SegmentedRaftLogWorker:Storage Directory /tmp/workdir/hadoop-ozone/integration-test/target/test-dir/MiniOzoneClusterImpl-4453a8a5-71ed-4512-a901-37f4cf98323b/datanode-6/data/ratis/130fb011-8acc-4a53-a969-c0e6c0d304a7 for RaftStorage:Storage Directory /tmp/workdir/hadoop-ozone/integration-test/target/test-dir/MiniOzoneClusterImpl-4453a8a5-71ed-4512-a901-37f4cf98323b/datanode-6/data/ratis/130fb011-8acc-4a53-a969-c0e6c0d304a7
2019-07-13 17:04:21,273 INFO  server.RaftServerConfigKeys (ConfUtils.java:logGet(43)) - raft.server.log.purge.gap = 1000000000 (custom)
2019-07-13 17:04:21,273 INFO  server.RaftServerConfigKeys (ConfUtils.java:logGet(43)) - raft.server.log.queue.byte-limit = 2147483647 (custom)
2019-07-13 17:04:21,273 INFO  server.RaftServerConfigKeys (ConfUtils.java:logGet(43)) - raft.server.log.appender.buffer.byte-limit = 33554432 (custom)
2019-07-13 17:04:21,276 INFO  server.RaftServerConfigKeys (ConfUtils.java:logGet(43)) - raft.server.log.queue.element-limit = 1024 (custom)
2019-07-13 17:04:21,273 INFO  server.RaftServerConfigKeys (ConfUtils.java:logGet(43)) - raft.server.log.appender.buffer.byte-limit = 33554432 (custom)
2019-07-13 17:04:21,276 INFO  server.RaftServerConfigKeys (ConfUtils.java:logGet(43)) - raft.server.log.segment.size.max = 1048576 (custom)
2019-07-13 17:04:21,277 INFO  server.RaftServerConfigKeys (ConfUtils.java:logGet(43)) - raft.server.log.preallocated.size = 16384 (custom)
2019-07-13 17:04:21,276 INFO  server.RaftServerConfigKeys (ConfUtils.java:logGet(43)) - raft.server.log.segment.size.max = 1048576 (custom)
2019-07-13 17:04:21,277 INFO  server.RaftServerConfigKeys (ConfUtils.java:logGet(43)) - raft.server.log.write.buffer.size = 33554432 (custom)
2019-07-13 17:04:21,277 INFO  server.RaftServerConfigKeys (ConfUtils.java:logGet(43)) - raft.server.log.force.sync.num = 128 (default)
2019-07-13 17:04:21,276 INFO  server.RaftServerConfigKeys (ConfUtils.java:logGet(43)) - raft.server.log.segment.size.max = 1048576 (custom)
2019-07-13 17:04:21,277 INFO  server.RaftServerConfigKeys (ConfUtils.java:logGet(43)) - raft.server.log.statemachine.data.sync = true (default)
2019-07-13 17:04:21,277 INFO  server.RaftServerConfigKeys (ConfUtils.java:logGet(43)) - raft.server.log.segment.cache.num.max = 2 (custom)
2019-07-13 17:04:21,278 INFO  server.RaftServerConfigKeys (ConfUtils.java:logGet(43)) - raft.server.log.statemachine.data.sync.timeout = 10s (default)
2019-07-13 17:04:21,278 INFO  server.RaftServerConfigKeys (ConfUtils.java:logGet(43)) - raft.server.log.statemachine.data.sync.timeout.retry = -1 (default)
2019-07-13 17:04:21,277 INFO  server.RaftServerConfigKeys (ConfUtils.java:logGet(43)) - raft.server.log.segment.cache.num.max = 2 (custom)
2019-07-13 17:04:21,278 INFO  server.RaftServerConfigKeys (ConfUtils.java:logGet(43)) - raft.server.log.statemachine.data.caching.enabled = true (custom)
2019-07-13 17:04:21,278 INFO  segmented.SegmentedRaftLogWorker (SegmentedRaftLogWorker.java:<init>(172)) - new 8525fc11-352f-49ff-bd2c-d11e7a41e5c1-SegmentedRaftLogWorker:Storage Directory /tmp/workdir/hadoop-ozone/integration-test/target/test-dir/MiniOzoneClusterImpl-4453a8a5-71ed-4512-a901-37f4cf98323b/datanode-0/data/ratis/130fb011-8acc-4a53-a969-c0e6c0d304a7 for RaftStorage:Storage Directory /tmp/workdir/hadoop-ozone/integration-test/target/test-dir/MiniOzoneClusterImpl-4453a8a5-71ed-4512-a901-37f4cf98323b/datanode-0/data/ratis/130fb011-8acc-4a53-a969-c0e6c0d304a7
2019-07-13 17:04:21,278 INFO  segmented.SegmentedRaftLogWorker (SegmentedRaftLogWorker.java:<init>(172)) - new 5e4f3cb1-f064-48cd-b882-5ce5f38148b8-SegmentedRaftLogWorker:Storage Directory /tmp/workdir/hadoop-ozone/integration-test/target/test-dir/MiniOzoneClusterImpl-4453a8a5-71ed-4512-a901-37f4cf98323b/datanode-4/data/ratis/130fb011-8acc-4a53-a969-c0e6c0d304a7 for RaftStorage:Storage Directory /tmp/workdir/hadoop-ozone/integration-test/target/test-dir/MiniOzoneClusterImpl-4453a8a5-71ed-4512-a901-37f4cf98323b/datanode-4/data/ratis/130fb011-8acc-4a53-a969-c0e6c0d304a7
2019-07-13 17:04:21,278 INFO  server.RaftServerConfigKeys (ConfUtils.java:logGet(43)) - raft.server.log.queue.byte-limit = 2147483647 (custom)
2019-07-13 17:04:21,278 INFO  segmented.SegmentedRaftLogWorker (SegmentedRaftLogWorker.java:lambda$new$0(132)) - d417f54d-23e4-4b91-a4e7-6e35cf4e80b3-SegmentedRaftLogWorker:Storage Directory /tmp/workdir/hadoop-ozone/integration-test/target/test-dir/MiniOzoneClusterImpl-4453a8a5-71ed-4512-a901-37f4cf98323b/datanode-6/data/ratis/130fb011-8acc-4a53-a969-c0e6c0d304a7: flushIndex: setUnconditionally 0 -> -1
2019-07-13 17:04:21,287 INFO  server.RaftServerConfigKeys (ConfUtils.java:logGet(43)) - raft.server.log.queue.element-limit = 1024 (custom)
2019-07-13 17:04:21,279 INFO  server.RaftServerConfigKeys (ConfUtils.java:logGet(43)) - raft.server.log.queue.byte-limit = 2147483647 (custom)
2019-07-13 17:04:21,287 INFO  server.RaftServerConfigKeys (ConfUtils.java:logGet(43)) - raft.server.log.segment.size.max = 1048576 (custom)
2019-07-13 17:04:21,287 INFO  server.RaftServerConfigKeys (ConfUtils.java:logGet(43)) - raft.server.log.queue.element-limit = 1024 (custom)
2019-07-13 17:04:21,288 INFO  server.RaftServerConfigKeys (ConfUtils.java:logGet(43)) - raft.server.snapshot.auto.trigger.enabled = true (custom)
2019-07-13 17:04:21,288 INFO  server.RaftServerConfigKeys (ConfUtils.java:logGet(43)) - raft.server.log.segment.size.max = 1048576 (custom)
2019-07-13 17:04:21,288 INFO  server.RaftServerConfigKeys (ConfUtils.java:logGet(43)) - raft.server.log.preallocated.size = 16384 (custom)
2019-07-13 17:04:21,288 INFO  server.RaftServerConfigKeys (ConfUtils.java:logGet(43)) - raft.server.log.preallocated.size = 16384 (custom)
2019-07-13 17:04:21,288 INFO  server.RaftServerConfigKeys (ConfUtils.java:logGet(43)) - raft.server.snapshot.auto.trigger.threshold = 10000 (custom)
2019-07-13 17:04:21,289 INFO  server.RaftServerConfigKeys (ConfUtils.java:logGet(43)) - raft.server.log.write.buffer.size = 33554432 (custom)
2019-07-13 17:04:21,288 INFO  server.RaftServerConfigKeys (ConfUtils.java:logGet(43)) - raft.server.log.write.buffer.size = 33554432 (custom)
2019-07-13 17:04:21,289 INFO  server.RaftServerConfigKeys (ConfUtils.java:logGet(43)) - raft.server.log.force.sync.num = 128 (default)
2019-07-13 17:04:21,289 INFO  server.RaftServerConfigKeys (ConfUtils.java:logGet(43)) - raft.server.retrycache.expirytime = 600000ms (custom)
2019-07-13 17:04:21,289 INFO  server.RaftServerConfigKeys (ConfUtils.java:logGet(43)) - raft.server.log.statemachine.data.sync = true (default)
2019-07-13 17:04:21,289 INFO  server.RaftServerConfigKeys (ConfUtils.java:logGet(43)) - raft.server.log.force.sync.num = 128 (default)
2019-07-13 17:04:21,289 INFO  server.RaftServerConfigKeys (ConfUtils.java:logGet(43)) - raft.server.log.statemachine.data.sync.timeout = 10s (default)
2019-07-13 17:04:21,289 INFO  impl.RaftServerImpl (RaftServerImpl.java:start(180)) - d417f54d-23e4-4b91-a4e7-6e35cf4e80b3: start group-C0E6C0D304A7
2019-07-13 17:04:21,290 INFO  server.RaftServerConfigKeys (ConfUtils.java:logGet(43)) - raft.server.log.statemachine.data.sync.timeout.retry = -1 (default)
2019-07-13 17:04:21,290 INFO  server.RaftServerConfigKeys (ConfUtils.java:logGet(43)) - raft.server.log.statemachine.data.sync = true (default)
2019-07-13 17:04:21,290 INFO  impl.RaftServerImpl (RaftServerImpl.java:setRole(171)) - d417f54d-23e4-4b91-a4e7-6e35cf4e80b3:group-C0E6C0D304A7 changes role from null to FOLLOWER at term 0 for startAsFollower
2019-07-13 17:04:21,290 INFO  server.RaftServerConfigKeys (ConfUtils.java:logGet(43)) - raft.server.log.statemachine.data.caching.enabled = true (custom)
2019-07-13 17:04:21,290 INFO  server.RaftServerConfigKeys (ConfUtils.java:logGet(43)) - raft.server.log.statemachine.data.sync.timeout = 10s (default)
2019-07-13 17:04:21,290 INFO  impl.RoleInfo (RoleInfo.java:updateAndGet(143)) - d417f54d-23e4-4b91-a4e7-6e35cf4e80b3: start FollowerState
2019-07-13 17:04:21,291 INFO  server.RaftServerConfigKeys (ConfUtils.java:logGet(43)) - raft.server.log.statemachine.data.sync.timeout.retry = -1 (default)
2019-07-13 17:04:21,291 INFO  segmented.SegmentedRaftLogWorker (SegmentedRaftLogWorker.java:lambda$new$0(132)) - 5e4f3cb1-f064-48cd-b882-5ce5f38148b8-SegmentedRaftLogWorker:Storage Directory /tmp/workdir/hadoop-ozone/integration-test/target/test-dir/MiniOzoneClusterImpl-4453a8a5-71ed-4512-a901-37f4cf98323b/datanode-4/data/ratis/130fb011-8acc-4a53-a969-c0e6c0d304a7: flushIndex: setUnconditionally 0 -> -1
2019-07-13 17:04:21,291 INFO  server.RaftServerConfigKeys (ConfUtils.java:logGet(43)) - raft.server.log.statemachine.data.caching.enabled = true (custom)
2019-07-13 17:04:21,291 INFO  util.JmxRegister (JmxRegister.java:tryRegister(44)) - Successfully registered JMX Bean with object name Ratis:service=RaftServer,group=group-C0E6C0D304A7,id=d417f54d-23e4-4b91-a4e7-6e35cf4e80b3
2019-07-13 17:04:21,291 INFO  server.RaftServerConfigKeys (ConfUtils.java:logGet(43)) - raft.server.snapshot.auto.trigger.enabled = true (custom)
2019-07-13 17:04:21,291 INFO  segmented.SegmentedRaftLogWorker (SegmentedRaftLogWorker.java:lambda$new$0(132)) - 8525fc11-352f-49ff-bd2c-d11e7a41e5c1-SegmentedRaftLogWorker:Storage Directory /tmp/workdir/hadoop-ozone/integration-test/target/test-dir/MiniOzoneClusterImpl-4453a8a5-71ed-4512-a901-37f4cf98323b/datanode-0/data/ratis/130fb011-8acc-4a53-a969-c0e6c0d304a7: flushIndex: setUnconditionally 0 -> -1
2019-07-13 17:04:21,292 INFO  server.RaftServerConfigKeys (ConfUtils.java:logGet(43)) - raft.server.snapshot.auto.trigger.threshold = 10000 (custom)
2019-07-13 17:04:21,292 INFO  server.RaftServerConfigKeys (ConfUtils.java:logGet(43)) - raft.server.snapshot.auto.trigger.enabled = true (custom)
2019-07-13 17:04:21,292 INFO  server.RaftServerConfigKeys (ConfUtils.java:logGet(43)) - raft.server.retrycache.expirytime = 600000ms (custom)
2019-07-13 17:04:21,292 INFO  server.RaftServerConfigKeys (ConfUtils.java:logGet(43)) - raft.server.snapshot.auto.trigger.threshold = 10000 (custom)
2019-07-13 17:04:21,292 INFO  server.RaftServerConfigKeys (ConfUtils.java:logGet(43)) - raft.server.retrycache.expirytime = 600000ms (custom)
2019-07-13 17:04:21,292 INFO  impl.RaftServerImpl (RaftServerImpl.java:start(180)) - 5e4f3cb1-f064-48cd-b882-5ce5f38148b8: start group-C0E6C0D304A7
2019-07-13 17:04:21,292 INFO  impl.RaftServerImpl (RaftServerImpl.java:start(180)) - 8525fc11-352f-49ff-bd2c-d11e7a41e5c1: start group-C0E6C0D304A7
2019-07-13 17:04:21,293 INFO  impl.RaftServerImpl (RaftServerImpl.java:setRole(171)) - 5e4f3cb1-f064-48cd-b882-5ce5f38148b8:group-C0E6C0D304A7 changes role from null to FOLLOWER at term 0 for startAsFollower
2019-07-13 17:04:21,293 INFO  impl.RaftServerImpl (RaftServerImpl.java:setRole(171)) - 8525fc11-352f-49ff-bd2c-d11e7a41e5c1:group-C0E6C0D304A7 changes role from null to FOLLOWER at term 0 for startAsFollower
2019-07-13 17:04:21,293 INFO  impl.RoleInfo (RoleInfo.java:updateAndGet(143)) - 5e4f3cb1-f064-48cd-b882-5ce5f38148b8: start FollowerState
2019-07-13 17:04:21,295 INFO  impl.RoleInfo (RoleInfo.java:updateAndGet(143)) - 8525fc11-352f-49ff-bd2c-d11e7a41e5c1: start FollowerState
2019-07-13 17:04:21,295 INFO  util.JmxRegister (JmxRegister.java:tryRegister(44)) - Successfully registered JMX Bean with object name Ratis:service=RaftServer,group=group-C0E6C0D304A7,id=5e4f3cb1-f064-48cd-b882-5ce5f38148b8
2019-07-13 17:04:21,295 INFO  util.JmxRegister (JmxRegister.java:tryRegister(44)) - Successfully registered JMX Bean with object name Ratis:service=RaftServer,group=group-C0E6C0D304A7,id=8525fc11-352f-49ff-bd2c-d11e7a41e5c1
2019-07-13 17:04:21,302 INFO  pipeline.PipelineStateManager (PipelineStateManager.java:addPipeline(56)) - Created pipeline Pipeline[ Id: 130fb011-8acc-4a53-a969-c0e6c0d304a7, Nodes: d417f54d-23e4-4b91-a4e7-6e35cf4e80b3{ip: 192.168.5.187, host: trunk-nightly-z92hn-1831959607, networkLocation: /default-rack, certSerialId: null}8525fc11-352f-49ff-bd2c-d11e7a41e5c1{ip: 192.168.5.187, host: trunk-nightly-z92hn-1831959607, networkLocation: /default-rack, certSerialId: null}5e4f3cb1-f064-48cd-b882-5ce5f38148b8{ip: 192.168.5.187, host: trunk-nightly-z92hn-1831959607, networkLocation: /default-rack, certSerialId: null}, Type:RATIS, Factor:THREE, State:OPEN]
2019-07-13 17:04:22,302 WARN  io.KeyOutputStream (KeyOutputStream.java:handleException(276)) - Encountered exception java.io.IOException: Unexpected Storage Container Exception: java.util.concurrent.CompletionException: java.util.concurrent.CompletionException: org.apache.ratis.protocol.GroupMismatchException: 5e4f3cb1-f064-48cd-b882-5ce5f38148b8: group-915B678E511B not found. on the pipeline Pipeline[ Id: cc78ed68-23a1-45b2-a0c6-915b678e511b, Nodes: d417f54d-23e4-4b91-a4e7-6e35cf4e80b3{ip: 192.168.5.187, host: trunk-nightly-z92hn-1831959607, networkLocation: /default-rack, certSerialId: null}8525fc11-352f-49ff-bd2c-d11e7a41e5c1{ip: 192.168.5.187, host: trunk-nightly-z92hn-1831959607, networkLocation: /default-rack, certSerialId: null}5e4f3cb1-f064-48cd-b882-5ce5f38148b8{ip: 192.168.5.187, host: trunk-nightly-z92hn-1831959607, networkLocation: /default-rack, certSerialId: null}, Type:RATIS, Factor:THREE, State:OPEN]. The last committed block length is 400, uncommitted data length is 50 retry count 0
2019-07-13 17:04:22,332 INFO  client.GrpcClientProtocolClient (GrpcClientProtocolClient.java:onNext(255)) - client-E72DF1A1D89F->e78338f8-6f42-43ab-84e2-658f872d6be9: receive RaftClientReply:client-E72DF1A1D89F->e78338f8-6f42-43ab-84e2-658f872d6be9@group-5239876E86B1, cid=27, FAILED org.apache.ratis.protocol.NotLeaderException: Server e78338f8-6f42-43ab-84e2-658f872d6be9 is not the leader (51b86174-9a37-4423-a264-2190d87386c3:192.168.5.187:37502). Request must be sent to leader., logIndex=0, commits[e78338f8-6f42-43ab-84e2-658f872d6be9:c0, 51b86174-9a37-4423-a264-2190d87386c3:c0, 38f048c8-7f9e-4c00-ac5a-b798ffdcff37:c0]
2019-07-13 17:04:22,482 INFO  client.GrpcClientProtocolClient (GrpcClientProtocolClient.java:onNext(255)) - client-E72DF1A1D89F->51b86174-9a37-4423-a264-2190d87386c3: receive RaftClientReply:client-E72DF1A1D89F->51b86174-9a37-4423-a264-2190d87386c3@group-5239876E86B1, cid=27, SUCCESS, logIndex=1, commits[51b86174-9a37-4423-a264-2190d87386c3:c1, 38f048c8-7f9e-4c00-ac5a-b798ffdcff37:c0, e78338f8-6f42-43ab-84e2-658f872d6be9:c0]
2019-07-13 17:04:22,608 INFO  client.GrpcClientProtocolClient (GrpcClientProtocolClient.java:onNext(255)) - client-E72DF1A1D89F->51b86174-9a37-4423-a264-2190d87386c3: receive RaftClientReply:client-E72DF1A1D89F->51b86174-9a37-4423-a264-2190d87386c3@group-5239876E86B1, cid=28, SUCCESS, logIndex=3, commits[51b86174-9a37-4423-a264-2190d87386c3:c4, 38f048c8-7f9e-4c00-ac5a-b798ffdcff37:c3, e78338f8-6f42-43ab-84e2-658f872d6be9:c3]
2019-07-13 17:04:22,676 INFO  pipeline.Pipeline (Pipeline.java:getProtobufMessage(195)) - Serialize pipeline PipelineID=1232a281-dced-427b-ace6-5239876e86b1 with nodesInOrder{ }
2019-07-13 17:04:22,683 INFO  ozone.MiniOzoneClusterImpl (MiniOzoneClusterImpl.java:shutdown(321)) - Shutting down the Mini Ozone Cluster
2019-07-13 17:04:22,683 INFO  ozone.MiniOzoneClusterImpl (MiniOzoneClusterImpl.java:stop(336)) - Stopping the Mini Ozone Cluster
2019-07-13 17:04:22,684 INFO  ozone.MiniOzoneClusterImpl (MiniOzoneClusterImpl.java:stop(338)) - Stopping the OzoneManager
2019-07-13 17:04:22,684 INFO  ipc.Server (Server.java:stop(3082)) - Stopping server on 40690
2019-07-13 17:04:22,687 INFO  ipc.Server (Server.java:run(1185)) - Stopping IPC Server listener on 40690
2019-07-13 17:04:22,687 INFO  utils.BackgroundService (BackgroundService.java:shutdown(148)) - Shutting down service KeyDeletingService
2019-07-13 17:04:22,688 INFO  ipc.Server (Server.java:run(1319)) - Stopping IPC Server Responder
2019-07-13 17:04:22,695 INFO  handler.ContextHandler (ContextHandler.java:doStop(910)) - Stopped o.e.j.w.WebAppContext@3e9803c2{/,null,UNAVAILABLE}{/ozoneManager}
2019-07-13 17:04:22,702 INFO  server.AbstractConnector (AbstractConnector.java:doStop(318)) - Stopped ServerConnector@4525d1d3{HTTP/1.1,[http/1.1]}{0.0.0.0:0}
2019-07-13 17:04:22,702 INFO  handler.ContextHandler (ContextHandler.java:doStop(910)) - Stopped o.e.j.s.ServletContextHandler@7b44b63d{/static,file:///tmp/workdir/hadoop-ozone/integration-test/target/test-classes/webapps/static,UNAVAILABLE}
2019-07-13 17:04:22,703 INFO  handler.ContextHandler (ContextHandler.java:doStop(910)) - Stopped o.e.j.s.ServletContextHandler@2d0bfb24{/logs,file:///tmp/workdir/hadoop-ozone/integration-test/target/log,UNAVAILABLE}
2019-07-13 17:04:22,719 INFO  ozone.MiniOzoneClusterImpl (MiniOzoneClusterImpl.java:stop(344)) - Shutting the HddsDatanodes
2019-07-13 17:04:22,720 INFO  datanode.ObjectStoreHandler (ObjectStoreHandler.java:close(155)) - Closing ObjectStoreHandler.
2019-07-13 17:04:22,720 INFO  datanode.ObjectStoreHandler (ObjectStoreHandler.java:close(155)) - Closing ObjectStoreHandler.
2019-07-13 17:04:22,724 INFO  ozone.HddsDatanodeService (HddsDatanodeService.java:stop(452)) - Stopped plug-in org.apache.hadoop.ozone.web.OzoneHddsDatanodeService@15d236fd
2019-07-13 17:04:22,724 INFO  ozone.HddsDatanodeService (HddsDatanodeService.java:stop(452)) - Stopped plug-in org.apache.hadoop.ozone.web.OzoneHddsDatanodeService@5729b410
2019-07-13 17:04:23,460 INFO  statemachine.DatanodeStateMachine (DatanodeStateMachine.java:lambda$startDaemon$0(350)) - Ozone container server started.
2019-07-13 17:04:23,596 INFO  statemachine.DatanodeStateMachine (DatanodeStateMachine.java:lambda$startDaemon$0(350)) - Ozone container server started.
2019-07-13 17:04:26,416 INFO  impl.FollowerState (FollowerState.java:run(106)) - 5e4f3cb1-f064-48cd-b882-5ce5f38148b8:group-C0E6C0D304A7 changes to CANDIDATE, lastRpcTime:5123, electionTimeout:5121ms
2019-07-13 17:04:26,417 INFO  impl.RoleInfo (RoleInfo.java:shutdownFollowerState(121)) - 5e4f3cb1-f064-48cd-b882-5ce5f38148b8: shutdown FollowerState
2019-07-13 17:04:26,417 INFO  impl.RaftServerImpl (RaftServerImpl.java:setRole(171)) - 5e4f3cb1-f064-48cd-b882-5ce5f38148b8:group-C0E6C0D304A7 changes role from FOLLOWER to CANDIDATE at term 0 for changeToCandidate
2019-07-13 17:04:26,417 INFO  impl.RoleInfo (RoleInfo.java:updateAndGet(143)) - 5e4f3cb1-f064-48cd-b882-5ce5f38148b8: start LeaderElection
2019-07-13 17:04:26,424 INFO  impl.FollowerState (FollowerState.java:run(106)) - d417f54d-23e4-4b91-a4e7-6e35cf4e80b3:group-C0E6C0D304A7 changes to CANDIDATE, lastRpcTime:5133, electionTimeout:5133ms
2019-07-13 17:04:26,424 INFO  impl.RoleInfo (RoleInfo.java:shutdownFollowerState(121)) - d417f54d-23e4-4b91-a4e7-6e35cf4e80b3: shutdown FollowerState
2019-07-13 17:04:26,425 INFO  impl.RaftServerImpl (RaftServerImpl.java:setRole(171)) - d417f54d-23e4-4b91-a4e7-6e35cf4e80b3:group-C0E6C0D304A7 changes role from FOLLOWER to CANDIDATE at term 0 for changeToCandidate
2019-07-13 17:04:26,425 INFO  impl.RoleInfo (RoleInfo.java:updateAndGet(143)) - d417f54d-23e4-4b91-a4e7-6e35cf4e80b3: start LeaderElection
2019-07-13 17:04:26,431 INFO  impl.LeaderElection (LeaderElection.java:askForVotes(181)) - 5e4f3cb1-f064-48cd-b882-5ce5f38148b8:group-C0E6C0D304A7:LeaderElection12: begin an election at term 1 for -1: [d417f54d-23e4-4b91-a4e7-6e35cf4e80b3:192.168.5.187:33457, 8525fc11-352f-49ff-bd2c-d11e7a41e5c1:192.168.5.187:39914, 5e4f3cb1-f064-48cd-b882-5ce5f38148b8:192.168.5.187:36386], old=null
2019-07-13 17:04:26,436 INFO  impl.LeaderElection (LeaderElection.java:askForVotes(181)) - d417f54d-23e4-4b91-a4e7-6e35cf4e80b3:group-C0E6C0D304A7:LeaderElection13: begin an election at term 1 for -1: [d417f54d-23e4-4b91-a4e7-6e35cf4e80b3:192.168.5.187:33457, 8525fc11-352f-49ff-bd2c-d11e7a41e5c1:192.168.5.187:39914, 5e4f3cb1-f064-48cd-b882-5ce5f38148b8:192.168.5.187:36386], old=null
2019-07-13 17:04:26,444 INFO  impl.RaftServerImpl (RaftServerImpl.java:setRole(171)) - 8525fc11-352f-49ff-bd2c-d11e7a41e5c1:group-C0E6C0D304A7 changes role from FOLLOWER to FOLLOWER at term 1 for recognizeCandidate:d417f54d-23e4-4b91-a4e7-6e35cf4e80b3
2019-07-13 17:04:26,444 INFO  impl.RoleInfo (RoleInfo.java:shutdownFollowerState(121)) - 8525fc11-352f-49ff-bd2c-d11e7a41e5c1: shutdown FollowerState
2019-07-13 17:04:26,447 INFO  impl.RoleInfo (RoleInfo.java:updateAndGet(143)) - 8525fc11-352f-49ff-bd2c-d11e7a41e5c1: start FollowerState
2019-07-13 17:04:26,447 INFO  impl.FollowerState (FollowerState.java:run(114)) - 8525fc11-352f-49ff-bd2c-d11e7a41e5c1: FollowerState was interrupted: java.lang.InterruptedException: sleep interrupted
2019-07-13 17:04:26,475 INFO  impl.LeaderElection (LeaderElection.java:logAndReturn(56)) - d417f54d-23e4-4b91-a4e7-6e35cf4e80b3:group-C0E6C0D304A7:LeaderElection13: Election PASSED; received 2 response(s) [d417f54d-23e4-4b91-a4e7-6e35cf4e80b3<-8525fc11-352f-49ff-bd2c-d11e7a41e5c1#0:OK-t1, d417f54d-23e4-4b91-a4e7-6e35cf4e80b3<-5e4f3cb1-f064-48cd-b882-5ce5f38148b8#0:FAIL-t1] and 0 exception(s); d417f54d-23e4-4b91-a4e7-6e35cf4e80b3:t1, leader=null, voted=d417f54d-23e4-4b91-a4e7-6e35cf4e80b3, raftlog=d417f54d-23e4-4b91-a4e7-6e35cf4e80b3-SegmentedRaftLog:OPENED:c-1,f-1,i0, conf=-1: [d417f54d-23e4-4b91-a4e7-6e35cf4e80b3:192.168.5.187:33457, 8525fc11-352f-49ff-bd2c-d11e7a41e5c1:192.168.5.187:39914, 5e4f3cb1-f064-48cd-b882-5ce5f38148b8:192.168.5.187:36386], old=null
2019-07-13 17:04:26,476 INFO  impl.RoleInfo (RoleInfo.java:shutdownLeaderElection(134)) - d417f54d-23e4-4b91-a4e7-6e35cf4e80b3: shutdown LeaderElection
2019-07-13 17:04:26,477 INFO  impl.RaftServerImpl (RaftServerImpl.java:setRole(171)) - d417f54d-23e4-4b91-a4e7-6e35cf4e80b3:group-C0E6C0D304A7 changes role from CANDIDATE to LEADER at term 1 for changeToLeader
2019-07-13 17:04:26,478 INFO  impl.LeaderElection (LeaderElection.java:logAndReturn(56)) - 5e4f3cb1-f064-48cd-b882-5ce5f38148b8:group-C0E6C0D304A7:LeaderElection12: Election REJECTED; received 2 response(s) [5e4f3cb1-f064-48cd-b882-5ce5f38148b8<-d417f54d-23e4-4b91-a4e7-6e35cf4e80b3#0:FAIL-t1, 5e4f3cb1-f064-48cd-b882-5ce5f38148b8<-8525fc11-352f-49ff-bd2c-d11e7a41e5c1#0:FAIL-t1] and 0 exception(s); 5e4f3cb1-f064-48cd-b882-5ce5f38148b8:t1, leader=null, voted=5e4f3cb1-f064-48cd-b882-5ce5f38148b8, raftlog=5e4f3cb1-f064-48cd-b882-5ce5f38148b8-SegmentedRaftLog:OPENED:c-1,f-1,i0, conf=-1: [d417f54d-23e4-4b91-a4e7-6e35cf4e80b3:192.168.5.187:33457, 8525fc11-352f-49ff-bd2c-d11e7a41e5c1:192.168.5.187:39914, 5e4f3cb1-f064-48cd-b882-5ce5f38148b8:192.168.5.187:36386], old=null
2019-07-13 17:04:26,478 INFO  impl.RaftServerImpl (ServerState.java:setLeader(263)) - d417f54d-23e4-4b91-a4e7-6e35cf4e80b3:group-C0E6C0D304A7 change Leader from null to d417f54d-23e4-4b91-a4e7-6e35cf4e80b3 at term 1 for becomeLeader, leader elected after 5206ms
2019-07-13 17:04:26,478 INFO  impl.RaftServerImpl (RaftServerImpl.java:setRole(171)) - 5e4f3cb1-f064-48cd-b882-5ce5f38148b8:group-C0E6C0D304A7 changes role from CANDIDATE to FOLLOWER at term 1 for DISCOVERED_A_NEW_TERM
2019-07-13 17:04:26,481 INFO  impl.RoleInfo (RoleInfo.java:shutdownLeaderElection(134)) - 5e4f3cb1-f064-48cd-b882-5ce5f38148b8: shutdown LeaderElection
2019-07-13 17:04:26,481 INFO  server.RaftServerConfigKeys (ConfUtils.java:logGet(43)) - raft.server.staging.catchup.gap = 1000 (default)
2019-07-13 17:04:26,481 INFO  impl.RoleInfo (RoleInfo.java:updateAndGet(143)) - 5e4f3cb1-f064-48cd-b882-5ce5f38148b8: start FollowerState
2019-07-13 17:04:26,482 INFO  server.RaftServerConfigKeys (ConfUtils.java:logGet(43)) - raft.server.rpc.sleep.time = 25ms (default)
2019-07-13 17:04:26,484 INFO  server.RaftServerConfigKeys (ConfUtils.java:logGet(43)) - raft.server.write.element-limit = 4096 (default)
2019-07-13 17:04:26,484 INFO  server.RaftServerConfigKeys (ConfUtils.java:logGet(43)) - raft.server.watch.timeout = 10s (default)
2019-07-13 17:04:26,484 INFO  server.RaftServerConfigKeys (ConfUtils.java:logGet(43)) - raft.server.watch.timeout.denomination = 1s (default)
2019-07-13 17:04:26,484 INFO  server.RaftServerConfigKeys (ConfUtils.java:logGet(43)) - raft.server.watch.element-limit = 65536 (default)
2019-07-13 17:04:26,485 INFO  server.RaftServerConfigKeys (ConfUtils.java:logGet(43)) - raft.server.log.appender.snapshot.chunk.size.max = 16MB (=16777216) (default)
2019-07-13 17:04:26,485 INFO  server.RaftServerConfigKeys (ConfUtils.java:logGet(43)) - raft.server.log.appender.buffer.byte-limit = 33554432 (custom)
2019-07-13 17:04:26,485 INFO  server.RaftServerConfigKeys (ConfUtils.java:logGet(43)) - raft.server.log.appender.buffer.element-limit = 1 (custom)
2019-07-13 17:04:26,485 INFO  grpc.GrpcConfigKeys$Server (ConfUtils.java:logGet(43)) - raft.grpc.server.leader.outstanding.appends.max = 128 (default)
2019-07-13 17:04:26,485 INFO  server.RaftServerConfigKeys (ConfUtils.java:logGet(43)) - raft.server.rpc.request.timeout = 3000ms (default)
2019-07-13 17:04:26,486 INFO  server.RaftServerConfigKeys (ConfUtils.java:logGet(43)) - raft.server.log.appender.install.snapshot.enabled = false (custom)
2019-07-13 17:04:26,486 INFO  server.RaftServerConfigKeys (ConfUtils.java:logGet(43)) - raft.server.log.appender.snapshot.chunk.size.max = 16MB (=16777216) (default)
2019-07-13 17:04:26,486 INFO  server.RaftServerConfigKeys (ConfUtils.java:logGet(43)) - raft.server.log.appender.buffer.byte-limit = 33554432 (custom)
2019-07-13 17:04:26,486 INFO  server.RaftServerConfigKeys (ConfUtils.java:logGet(43)) - raft.server.log.appender.buffer.element-limit = 1 (custom)
2019-07-13 17:04:26,486 INFO  grpc.GrpcConfigKeys$Server (ConfUtils.java:logGet(43)) - raft.grpc.server.leader.outstanding.appends.max = 128 (default)
2019-07-13 17:04:26,487 INFO  server.RaftServerConfigKeys (ConfUtils.java:logGet(43)) - raft.server.rpc.request.timeout = 3000ms (default)
2019-07-13 17:04:26,487 INFO  server.RaftServerConfigKeys (ConfUtils.java:logGet(43)) - raft.server.log.appender.install.snapshot.enabled = false (custom)
2019-07-13 17:04:26,487 INFO  impl.RoleInfo (RoleInfo.java:updateAndGet(143)) - d417f54d-23e4-4b91-a4e7-6e35cf4e80b3: start LeaderState
2019-07-13 17:04:26,487 INFO  segmented.SegmentedRaftLogWorker (SegmentedRaftLogWorker.java:startLogSegment(380)) - d417f54d-23e4-4b91-a4e7-6e35cf4e80b3-SegmentedRaftLogWorker:Storage Directory /tmp/workdir/hadoop-ozone/integration-test/target/test-dir/MiniOzoneClusterImpl-4453a8a5-71ed-4512-a901-37f4cf98323b/datanode-6/data/ratis/130fb011-8acc-4a53-a969-c0e6c0d304a7: Starting segment from index:0
2019-07-13 17:04:26,488 INFO  impl.RaftServerImpl (ServerState.java:setRaftConf(361)) - d417f54d-23e4-4b91-a4e7-6e35cf4e80b3:group-C0E6C0D304A7 set configuration 0: [d417f54d-23e4-4b91-a4e7-6e35cf4e80b3:192.168.5.187:33457, 8525fc11-352f-49ff-bd2c-d11e7a41e5c1:192.168.5.187:39914, 5e4f3cb1-f064-48cd-b882-5ce5f38148b8:192.168.5.187:36386], old=null at 0
2019-07-13 17:04:26,508 INFO  impl.RaftServerImpl (ServerState.java:setLeader(263)) - 8525fc11-352f-49ff-bd2c-d11e7a41e5c1:group-C0E6C0D304A7 change Leader from null to d417f54d-23e4-4b91-a4e7-6e35cf4e80b3 at term 1 for appendEntries, leader elected after 5236ms
2019-07-13 17:04:26,508 INFO  impl.RaftServerImpl (ServerState.java:setLeader(263)) - 5e4f3cb1-f064-48cd-b882-5ce5f38148b8:group-C0E6C0D304A7 change Leader from null to d417f54d-23e4-4b91-a4e7-6e35cf4e80b3 at term 1 for appendEntries, leader elected after 5236ms
2019-07-13 17:04:26,512 INFO  impl.RaftServerImpl (ServerState.java:setRaftConf(361)) - 8525fc11-352f-49ff-bd2c-d11e7a41e5c1:group-C0E6C0D304A7 set configuration 0: [d417f54d-23e4-4b91-a4e7-6e35cf4e80b3:192.168.5.187:33457, 8525fc11-352f-49ff-bd2c-d11e7a41e5c1:192.168.5.187:39914, 5e4f3cb1-f064-48cd-b882-5ce5f38148b8:192.168.5.187:36386], old=null at 0
2019-07-13 17:04:26,512 INFO  impl.RaftServerImpl (ServerState.java:setRaftConf(361)) - 5e4f3cb1-f064-48cd-b882-5ce5f38148b8:group-C0E6C0D304A7 set configuration 0: [d417f54d-23e4-4b91-a4e7-6e35cf4e80b3:192.168.5.187:33457, 8525fc11-352f-49ff-bd2c-d11e7a41e5c1:192.168.5.187:39914, 5e4f3cb1-f064-48cd-b882-5ce5f38148b8:192.168.5.187:36386], old=null at 0
2019-07-13 17:04:26,512 INFO  segmented.SegmentedRaftLogWorker (SegmentedRaftLogWorker.java:startLogSegment(380)) - 8525fc11-352f-49ff-bd2c-d11e7a41e5c1-SegmentedRaftLogWorker:Storage Directory /tmp/workdir/hadoop-ozone/integration-test/target/test-dir/MiniOzoneClusterImpl-4453a8a5-71ed-4512-a901-37f4cf98323b/datanode-0/data/ratis/130fb011-8acc-4a53-a969-c0e6c0d304a7: Starting segment from index:0
2019-07-13 17:04:26,512 INFO  segmented.SegmentedRaftLogWorker (SegmentedRaftLogWorker.java:startLogSegment(380)) - 5e4f3cb1-f064-48cd-b882-5ce5f38148b8-SegmentedRaftLogWorker:Storage Directory /tmp/workdir/hadoop-ozone/integration-test/target/test-dir/MiniOzoneClusterImpl-4453a8a5-71ed-4512-a901-37f4cf98323b/datanode-4/data/ratis/130fb011-8acc-4a53-a969-c0e6c0d304a7: Starting segment from index:0
2019-07-13 17:04:26,517 INFO  segmented.SegmentedRaftLogWorker (SegmentedRaftLogWorker.java:execute(569)) - d417f54d-23e4-4b91-a4e7-6e35cf4e80b3-SegmentedRaftLogWorker:Storage Directory /tmp/workdir/hadoop-ozone/integration-test/target/test-dir/MiniOzoneClusterImpl-4453a8a5-71ed-4512-a901-37f4cf98323b/datanode-6/data/ratis/130fb011-8acc-4a53-a969-c0e6c0d304a7: created new log segment /tmp/workdir/hadoop-ozone/integration-test/target/test-dir/MiniOzoneClusterImpl-4453a8a5-71ed-4512-a901-37f4cf98323b/datanode-6/data/ratis/130fb011-8acc-4a53-a969-c0e6c0d304a7/current/log_inprogress_0
2019-07-13 17:04:26,531 INFO  segmented.SegmentedRaftLogWorker (SegmentedRaftLogWorker.java:execute(569)) - 8525fc11-352f-49ff-bd2c-d11e7a41e5c1-SegmentedRaftLogWorker:Storage Directory /tmp/workdir/hadoop-ozone/integration-test/target/test-dir/MiniOzoneClusterImpl-4453a8a5-71ed-4512-a901-37f4cf98323b/datanode-0/data/ratis/130fb011-8acc-4a53-a969-c0e6c0d304a7: created new log segment /tmp/workdir/hadoop-ozone/integration-test/target/test-dir/MiniOzoneClusterImpl-4453a8a5-71ed-4512-a901-37f4cf98323b/datanode-0/data/ratis/130fb011-8acc-4a53-a969-c0e6c0d304a7/current/log_inprogress_0
2019-07-13 17:04:26,531 INFO  segmented.SegmentedRaftLogWorker (SegmentedRaftLogWorker.java:execute(569)) - 5e4f3cb1-f064-48cd-b882-5ce5f38148b8-SegmentedRaftLogWorker:Storage Directory /tmp/workdir/hadoop-ozone/integration-test/target/test-dir/MiniOzoneClusterImpl-4453a8a5-71ed-4512-a901-37f4cf98323b/datanode-4/data/ratis/130fb011-8acc-4a53-a969-c0e6c0d304a7: created new log segment /tmp/workdir/hadoop-ozone/integration-test/target/test-dir/MiniOzoneClusterImpl-4453a8a5-71ed-4512-a901-37f4cf98323b/datanode-4/data/ratis/130fb011-8acc-4a53-a969-c0e6c0d304a7/current/log_inprogress_0
2019-07-13 17:04:27,727 INFO  ozoneimpl.OzoneContainer (OzoneContainer.java:stop(199)) - Attempting to stop container services.
2019-07-13 17:04:27,727 INFO  ozoneimpl.OzoneContainer (OzoneContainer.java:stop(199)) - Attempting to stop container services.
2019-07-13 17:04:27,728 INFO  impl.RaftServerProxy (RaftServerProxy.java:lambda$close$4(314)) - 38f048c8-7f9e-4c00-ac5a-b798ffdcff37: close
2019-07-13 17:04:27,728 INFO  impl.RaftServerProxy (RaftServerProxy.java:lambda$close$4(314)) - 5e4f3cb1-f064-48cd-b882-5ce5f38148b8: close
2019-07-13 17:04:27,730 INFO  impl.RaftServerImpl (RaftServerImpl.java:lambda$shutdown$3(245)) - 38f048c8-7f9e-4c00-ac5a-b798ffdcff37: shutdown group-5239876E86B1
2019-07-13 17:04:27,730 INFO  impl.RaftServerImpl (RaftServerImpl.java:lambda$shutdown$3(245)) - 5e4f3cb1-f064-48cd-b882-5ce5f38148b8: shutdown group-C0E6C0D304A7
2019-07-13 17:04:27,730 INFO  util.JmxRegister (JmxRegister.java:unregister(73)) - Successfully un-registered JMX Bean with object name Ratis:service=RaftServer,group=group-5239876E86B1,id=38f048c8-7f9e-4c00-ac5a-b798ffdcff37
2019-07-13 17:04:27,731 INFO  util.JmxRegister (JmxRegister.java:unregister(73)) - Successfully un-registered JMX Bean with object name Ratis:service=RaftServer,group=group-C0E6C0D304A7,id=5e4f3cb1-f064-48cd-b882-5ce5f38148b8
2019-07-13 17:04:27,731 INFO  impl.RoleInfo (RoleInfo.java:shutdownFollowerState(121)) - 38f048c8-7f9e-4c00-ac5a-b798ffdcff37: shutdown FollowerState
2019-07-13 17:04:27,732 INFO  impl.RoleInfo (RoleInfo.java:shutdownFollowerState(121)) - 5e4f3cb1-f064-48cd-b882-5ce5f38148b8: shutdown FollowerState
2019-07-13 17:04:27,732 INFO  impl.FollowerState (FollowerState.java:run(114)) - 38f048c8-7f9e-4c00-ac5a-b798ffdcff37: FollowerState was interrupted: java.lang.InterruptedException: sleep interrupted
2019-07-13 17:04:27,732 INFO  ratis.ContainerStateMachine (ContainerStateMachine.java:takeSnapshot(246)) - Taking snapshot at termIndex:(t:1, i:3)
2019-07-13 17:04:27,736 INFO  ratis.ContainerStateMachine (ContainerStateMachine.java:takeSnapshot(250)) - Taking a snapshot to file /tmp/workdir/hadoop-ozone/integration-test/target/test-dir/MiniOzoneClusterImpl-4453a8a5-71ed-4512-a901-37f4cf98323b/datanode-1/data/ratis/1232a281-dced-427b-ace6-5239876e86b1/sm/snapshot.1_3
2019-07-13 17:04:27,732 INFO  impl.StateMachineUpdater (StateMachineUpdater.java:stopAndJoin(115)) - StateMachineUpdater:38f048c8-7f9e-4c00-ac5a-b798ffdcff37:group-5239876E86B1: set stopIndex = 4
2019-07-13 17:04:27,736 INFO  impl.StateMachineUpdater (StateMachineUpdater.java:takeSnapshot(242)) - StateMachineUpdater:38f048c8-7f9e-4c00-ac5a-b798ffdcff37:group-5239876E86B1: Took a snapshot at index 3
2019-07-13 17:04:27,736 INFO  ratis.ContainerStateMachine (ContainerStateMachine.java:takeSnapshot(246)) - Taking snapshot at termIndex:(t:0, i:~)
2019-07-13 17:04:27,732 INFO  impl.FollowerState (FollowerState.java:run(114)) - 5e4f3cb1-f064-48cd-b882-5ce5f38148b8: FollowerState was interrupted: java.lang.InterruptedException: sleep interrupted
2019-07-13 17:04:27,732 INFO  impl.StateMachineUpdater (StateMachineUpdater.java:stopAndJoin(115)) - StateMachineUpdater:5e4f3cb1-f064-48cd-b882-5ce5f38148b8:group-C0E6C0D304A7: set stopIndex = -1
2019-07-13 17:04:27,753 INFO  impl.RaftServerImpl (ServerState.java:close(394)) - 5e4f3cb1-f064-48cd-b882-5ce5f38148b8:group-C0E6C0D304A7 closes. The last applied log index is -1
2019-07-13 17:04:27,737 INFO  impl.StateMachineUpdater (StateMachineUpdater.java:lambda$new$0(80)) - StateMachineUpdater:38f048c8-7f9e-4c00-ac5a-b798ffdcff37:group-5239876E86B1: snapshotIndex: updateIncreasingly -1 -> 3
2019-07-13 17:04:27,754 INFO  segmented.SegmentedRaftLogWorker (SegmentedRaftLogWorker.java:run(313)) - 5e4f3cb1-f064-48cd-b882-5ce5f38148b8-SegmentedRaftLogWorker:Storage Directory /tmp/workdir/hadoop-ozone/integration-test/target/test-dir/MiniOzoneClusterImpl-4453a8a5-71ed-4512-a901-37f4cf98323b/datanode-4/data/ratis/130fb011-8acc-4a53-a969-c0e6c0d304a7 was interrupted, exiting. There are 0 tasks remaining in the queue.
2019-07-13 17:04:27,756 INFO  impl.RaftServerImpl (ServerState.java:close(394)) - 38f048c8-7f9e-4c00-ac5a-b798ffdcff37:group-5239876E86B1 closes. The last applied log index is 4
2019-07-13 17:04:27,756 INFO  segmented.SegmentedRaftLogWorker (SegmentedRaftLogWorker.java:close(228)) - 5e4f3cb1-f064-48cd-b882-5ce5f38148b8-SegmentedRaftLogWorker:Storage Directory /tmp/workdir/hadoop-ozone/integration-test/target/test-dir/MiniOzoneClusterImpl-4453a8a5-71ed-4512-a901-37f4cf98323b/datanode-4/data/ratis/130fb011-8acc-4a53-a969-c0e6c0d304a7 close()
2019-07-13 17:04:27,757 INFO  segmented.SegmentedRaftLogWorker (SegmentedRaftLogWorker.java:run(313)) - 38f048c8-7f9e-4c00-ac5a-b798ffdcff37-SegmentedRaftLogWorker:Storage Directory /tmp/workdir/hadoop-ozone/integration-test/target/test-dir/MiniOzoneClusterImpl-4453a8a5-71ed-4512-a901-37f4cf98323b/datanode-1/data/ratis/1232a281-dced-427b-ace6-5239876e86b1 was interrupted, exiting. There are 0 tasks remaining in the queue.
2019-07-13 17:04:27,761 INFO  impl.RaftServerImpl (RaftServerImpl.java:lambda$shutdown$3(245)) - 5e4f3cb1-f064-48cd-b882-5ce5f38148b8: shutdown group-3720CA67C631
2019-07-13 17:04:27,763 INFO  segmented.SegmentedRaftLogWorker (SegmentedRaftLogWorker.java:close(228)) - 38f048c8-7f9e-4c00-ac5a-b798ffdcff37-SegmentedRaftLogWorker:Storage Directory /tmp/workdir/hadoop-ozone/integration-test/target/test-dir/MiniOzoneClusterImpl-4453a8a5-71ed-4512-a901-37f4cf98323b/datanode-1/data/ratis/1232a281-dced-427b-ace6-5239876e86b1 close()
2019-07-13 17:04:27,763 INFO  util.JmxRegister (JmxRegister.java:unregister(73)) - Successfully un-registered JMX Bean with object name Ratis:service=RaftServer,group=group-3720CA67C631,id=5e4f3cb1-f064-48cd-b882-5ce5f38148b8
2019-07-13 17:04:27,767 INFO  impl.RaftServerImpl (RaftServerImpl.java:lambda$shutdown$3(245)) - 38f048c8-7f9e-4c00-ac5a-b798ffdcff37: shutdown group-4B786ABAA8C6
2019-07-13 17:04:27,767 INFO  impl.RoleInfo (RoleInfo.java:shutdownLeaderState(104)) - 5e4f3cb1-f064-48cd-b882-5ce5f38148b8: shutdown LeaderState
2019-07-13 17:04:27,768 INFO  util.JmxRegister (JmxRegister.java:unregister(73)) - Successfully un-registered JMX Bean with object name Ratis:service=RaftServer,group=group-4B786ABAA8C6,id=38f048c8-7f9e-4c00-ac5a-b798ffdcff37
2019-07-13 17:04:27,775 INFO  impl.RoleInfo (RoleInfo.java:shutdownLeaderState(104)) - 38f048c8-7f9e-4c00-ac5a-b798ffdcff37: shutdown LeaderState
2019-07-13 17:04:27,768 INFO  impl.PendingRequests (PendingRequests.java:sendNotLeaderResponses(202)) - 5e4f3cb1-f064-48cd-b882-5ce5f38148b8-PendingRequests: sendNotLeaderResponses
2019-07-13 17:04:27,775 INFO  impl.PendingRequests (PendingRequests.java:sendNotLeaderResponses(202)) - 38f048c8-7f9e-4c00-ac5a-b798ffdcff37-PendingRequests: sendNotLeaderResponses
2019-07-13 17:04:27,778 INFO  ratis.ContainerStateMachine (ContainerStateMachine.java:takeSnapshot(246)) - Taking snapshot at termIndex:(t:0, i:~)
2019-07-13 17:04:27,778 INFO  impl.StateMachineUpdater (StateMachineUpdater.java:stopAndJoin(115)) - StateMachineUpdater:38f048c8-7f9e-4c00-ac5a-b798ffdcff37:group-4B786ABAA8C6: set stopIndex = 0
2019-07-13 17:04:27,778 INFO  impl.StateMachineUpdater (StateMachineUpdater.java:stopAndJoin(115)) - StateMachineUpdater:5e4f3cb1-f064-48cd-b882-5ce5f38148b8:group-3720CA67C631: set stopIndex = 0
2019-07-13 17:04:27,780 INFO  impl.RaftServerImpl (ServerState.java:close(394)) - 5e4f3cb1-f064-48cd-b882-5ce5f38148b8:group-3720CA67C631 closes. The last applied log index is 0
2019-07-13 17:04:27,778 INFO  ratis.ContainerStateMachine (ContainerStateMachine.java:takeSnapshot(246)) - Taking snapshot at termIndex:(t:0, i:~)
2019-07-13 17:04:27,781 INFO  segmented.SegmentedRaftLogWorker (SegmentedRaftLogWorker.java:run(313)) - 5e4f3cb1-f064-48cd-b882-5ce5f38148b8-SegmentedRaftLogWorker:Storage Directory /tmp/workdir/hadoop-ozone/integration-test/target/test-dir/MiniOzoneClusterImpl-4453a8a5-71ed-4512-a901-37f4cf98323b/datanode-4/data/ratis/08be714c-2780-47f9-9243-3720ca67c631 was interrupted, exiting. There are 0 tasks remaining in the queue.
2019-07-13 17:04:27,781 INFO  impl.RaftServerImpl (ServerState.java:close(394)) - 38f048c8-7f9e-4c00-ac5a-b798ffdcff37:group-4B786ABAA8C6 closes. The last applied log index is 0
2019-07-13 17:04:27,783 INFO  segmented.SegmentedRaftLogWorker (SegmentedRaftLogWorker.java:close(228)) - 5e4f3cb1-f064-48cd-b882-5ce5f38148b8-SegmentedRaftLogWorker:Storage Directory /tmp/workdir/hadoop-ozone/integration-test/target/test-dir/MiniOzoneClusterImpl-4453a8a5-71ed-4512-a901-37f4cf98323b/datanode-4/data/ratis/08be714c-2780-47f9-9243-3720ca67c631 close()
2019-07-13 17:04:27,783 INFO  segmented.SegmentedRaftLogWorker (SegmentedRaftLogWorker.java:run(313)) - 38f048c8-7f9e-4c00-ac5a-b798ffdcff37-SegmentedRaftLogWorker:Storage Directory /tmp/workdir/hadoop-ozone/integration-test/target/test-dir/MiniOzoneClusterImpl-4453a8a5-71ed-4512-a901-37f4cf98323b/datanode-1/data/ratis/084b6d90-3d23-49ff-b699-4b786abaa8c6 was interrupted, exiting. There are 0 tasks remaining in the queue.
2019-07-13 17:04:27,789 INFO  segmented.SegmentedRaftLogWorker (SegmentedRaftLogWorker.java:close(228)) - 38f048c8-7f9e-4c00-ac5a-b798ffdcff37-SegmentedRaftLogWorker:Storage Directory /tmp/workdir/hadoop-ozone/integration-test/target/test-dir/MiniOzoneClusterImpl-4453a8a5-71ed-4512-a901-37f4cf98323b/datanode-1/data/ratis/084b6d90-3d23-49ff-b699-4b786abaa8c6 close()
2019-07-13 17:04:27,792 INFO  server.GrpcService (GrpcService.java:closeImpl(155)) - 5e4f3cb1-f064-48cd-b882-5ce5f38148b8: shutdown server with port 36386 now
2019-07-13 17:04:27,792 INFO  server.GrpcService (GrpcService.java:closeImpl(155)) - 38f048c8-7f9e-4c00-ac5a-b798ffdcff37: shutdown server with port 42422 now
2019-07-13 17:04:27,802 INFO  server.GrpcService (GrpcService.java:closeImpl(163)) - 38f048c8-7f9e-4c00-ac5a-b798ffdcff37: shutdown server with port 42422 successfully
2019-07-13 17:04:27,802 INFO  server.GrpcService (GrpcService.java:closeImpl(163)) - 5e4f3cb1-f064-48cd-b882-5ce5f38148b8: shutdown server with port 36386 successfully
2019-07-13 17:04:27,803 WARN  server.GrpcServerProtocolService (LogUtils.java:warn(134)) - 38f048c8-7f9e-4c00-ac5a-b798ffdcff37: appendEntries onError: org.apache.ratis.thirdparty.io.grpc.StatusRuntimeException: CANCELLED: cancelled before receiving half close
2019-07-13 17:04:27,803 WARN  server.GrpcServerProtocolService (LogUtils.java:warn(134)) - 5e4f3cb1-f064-48cd-b882-5ce5f38148b8: appendEntries onError: org.apache.ratis.thirdparty.io.grpc.StatusRuntimeException: CANCELLED: cancelled before receiving half close
2019-07-13 17:04:27,804 WARN  server.GrpcLogAppender (LogUtils.java:warn(134)) - d417f54d-23e4-4b91-a4e7-6e35cf4e80b3->5e4f3cb1-f064-48cd-b882-5ce5f38148b8: Failed appendEntries: org.apache.ratis.thirdparty.io.grpc.StatusRuntimeException: CANCELLED: HTTP/2 error code: CANCEL
Received Rst Stream
2019-07-13 17:04:27,804 WARN  server.GrpcLogAppender (LogUtils.java:warn(134)) - 51b86174-9a37-4423-a264-2190d87386c3->38f048c8-7f9e-4c00-ac5a-b798ffdcff37: Failed appendEntries: org.apache.ratis.thirdparty.io.grpc.StatusRuntimeException: CANCELLED: HTTP/2 error code: CANCEL
Received Rst Stream
2019-07-13 17:04:27,808 INFO  impl.FollowerInfo (FollowerInfo.java:lambda$new$0(50)) - d417f54d-23e4-4b91-a4e7-6e35cf4e80b3->5e4f3cb1-f064-48cd-b882-5ce5f38148b8: nextIndex: updateUnconditionally 1 -> 0
2019-07-13 17:04:27,808 INFO  impl.FollowerInfo (FollowerInfo.java:lambda$new$0(50)) - 51b86174-9a37-4423-a264-2190d87386c3->38f048c8-7f9e-4c00-ac5a-b798ffdcff37: nextIndex: updateUnconditionally 5 -> 4
2019-07-13 17:04:27,809 INFO  utils.BackgroundService (BackgroundService.java:shutdown(148)) - Shutting down service BlockDeletingService
2019-07-13 17:04:27,809 INFO  utils.BackgroundService (BackgroundService.java:shutdown(148)) - Shutting down service BlockDeletingService
2019-07-13 17:04:27,813 WARN  fs.CachingGetSpaceUsed (CachingGetSpaceUsed.java:run(183)) - Thread Interrupted waiting to refresh disk information: sleep interrupted
2019-07-13 17:04:27,813 WARN  fs.CachingGetSpaceUsed (CachingGetSpaceUsed.java:run(183)) - Thread Interrupted waiting to refresh disk information: sleep interrupted
2019-07-13 17:04:27,845 INFO  statemachine.DatanodeStateMachine (DatanodeStateMachine.java:stopDaemon(395)) - Ozone container server stopped.
2019-07-13 17:04:27,847 INFO  statemachine.DatanodeStateMachine (DatanodeStateMachine.java:stopDaemon(395)) - Ozone container server stopped.
2019-07-13 17:04:27,851 INFO  handler.ContextHandler (ContextHandler.java:doStop(910)) - Stopped o.e.j.w.WebAppContext@367d34c0{/,null,UNAVAILABLE}{/hddsDatanode}
2019-07-13 17:04:27,853 INFO  handler.ContextHandler (ContextHandler.java:doStop(910)) - Stopped o.e.j.w.WebAppContext@2e1eb85f{/,null,UNAVAILABLE}{/hddsDatanode}
2019-07-13 17:04:27,854 INFO  server.AbstractConnector (AbstractConnector.java:doStop(318)) - Stopped ServerConnector@4ce25e47{HTTP/1.1,[http/1.1]}{0.0.0.0:0}
2019-07-13 17:04:27,854 INFO  server.AbstractConnector (AbstractConnector.java:doStop(318)) - Stopped ServerConnector@ea7a4c3{HTTP/1.1,[http/1.1]}{0.0.0.0:0}
2019-07-13 17:04:27,854 INFO  handler.ContextHandler (ContextHandler.java:doStop(910)) - Stopped o.e.j.s.ServletContextHandler@5fef0c19{/static,jar:file:/home/user/.m2/repository/org/apache/hadoop/hadoop-hdds-container-service/0.5.0-SNAPSHOT/hadoop-hdds-container-service-0.5.0-SNAPSHOT.jar!/webapps/static,UNAVAILABLE}
2019-07-13 17:04:27,857 INFO  handler.ContextHandler (ContextHandler.java:doStop(910)) - Stopped o.e.j.s.ServletContextHandler@364fd4ae{/static,jar:file:/home/user/.m2/repository/org/apache/hadoop/hadoop-hdds-container-service/0.5.0-SNAPSHOT/hadoop-hdds-container-service-0.5.0-SNAPSHOT.jar!/webapps/static,UNAVAILABLE}
2019-07-13 17:04:27,857 INFO  handler.ContextHandler (ContextHandler.java:doStop(910)) - Stopped o.e.j.s.ServletContextHandler@615db358{/logs,file:///tmp/workdir/hadoop-ozone/integration-test/target/log,UNAVAILABLE}
2019-07-13 17:04:27,862 INFO  handler.ContextHandler (ContextHandler.java:doStop(910)) - Stopped o.e.j.s.ServletContextHandler@359066bc{/logs,file:///tmp/workdir/hadoop-ozone/integration-test/target/log,UNAVAILABLE}
2019-07-13 17:04:27,863 INFO  datanode.ObjectStoreHandler (ObjectStoreHandler.java:close(155)) - Closing ObjectStoreHandler.
2019-07-13 17:04:27,864 INFO  datanode.ObjectStoreHandler (ObjectStoreHandler.java:close(155)) - Closing ObjectStoreHandler.
2019-07-13 17:04:27,864 INFO  ozone.HddsDatanodeService (HddsDatanodeService.java:stop(452)) - Stopped plug-in org.apache.hadoop.ozone.web.OzoneHddsDatanodeService@65da01f4
2019-07-13 17:04:27,864 INFO  ozone.HddsDatanodeService (HddsDatanodeService.java:stop(452)) - Stopped plug-in org.apache.hadoop.ozone.web.OzoneHddsDatanodeService@7436364d
2019-07-13 17:04:28,148 INFO  statemachine.DatanodeStateMachine (DatanodeStateMachine.java:lambda$startDaemon$0(350)) - Ozone container server started.
2019-07-13 17:04:28,468 INFO  statemachine.DatanodeStateMachine (DatanodeStateMachine.java:lambda$startDaemon$0(350)) - Ozone container server started.
2019-07-13 17:04:29,053 WARN  server.GrpcLogAppender (LogUtils.java:warn(134)) - d417f54d-23e4-4b91-a4e7-6e35cf4e80b3->5e4f3cb1-f064-48cd-b882-5ce5f38148b8: Failed appendEntries: org.apache.ratis.thirdparty.io.grpc.StatusRuntimeException: UNAVAILABLE: io exception
2019-07-13 17:04:29,055 INFO  impl.FollowerInfo (FollowerInfo.java:lambda$new$0(50)) - d417f54d-23e4-4b91-a4e7-6e35cf4e80b3->5e4f3cb1-f064-48cd-b882-5ce5f38148b8: nextIndex: updateUnconditionally 0 -> 0
2019-07-13 17:04:30,053 WARN  server.GrpcLogAppender (LogUtils.java:warn(134)) - 51b86174-9a37-4423-a264-2190d87386c3->38f048c8-7f9e-4c00-ac5a-b798ffdcff37: Failed appendEntries: org.apache.ratis.thirdparty.io.grpc.StatusRuntimeException: UNAVAILABLE: io exception
2019-07-13 17:04:30,056 INFO  impl.FollowerInfo (FollowerInfo.java:lambda$new$0(50)) - 51b86174-9a37-4423-a264-2190d87386c3->38f048c8-7f9e-4c00-ac5a-b798ffdcff37: nextIndex: updateUnconditionally 4 -> 3
2019-07-13 17:04:31,541 WARN  server.GrpcLogAppender (LogUtils.java:warn(134)) - d417f54d-23e4-4b91-a4e7-6e35cf4e80b3->5e4f3cb1-f064-48cd-b882-5ce5f38148b8: Failed appendEntries: org.apache.ratis.thirdparty.io.grpc.StatusRuntimeException: UNAVAILABLE: io exception
2019-07-13 17:04:31,545 INFO  impl.FollowerInfo (FollowerInfo.java:lambda$new$0(50)) - d417f54d-23e4-4b91-a4e7-6e35cf4e80b3->5e4f3cb1-f064-48cd-b882-5ce5f38148b8: nextIndex: updateUnconditionally 0 -> 0
2019-07-13 17:04:32,554 WARN  server.GrpcLogAppender (LogUtils.java:warn(134)) - 51b86174-9a37-4423-a264-2190d87386c3->38f048c8-7f9e-4c00-ac5a-b798ffdcff37: Failed appendEntries: org.apache.ratis.thirdparty.io.grpc.StatusRuntimeException: UNAVAILABLE: io exception
2019-07-13 17:04:32,557 INFO  impl.FollowerInfo (FollowerInfo.java:lambda$new$0(50)) - 51b86174-9a37-4423-a264-2190d87386c3->38f048c8-7f9e-4c00-ac5a-b798ffdcff37: nextIndex: updateUnconditionally 3 -> 2
2019-07-13 17:04:32,865 INFO  ozoneimpl.OzoneContainer (OzoneContainer.java:stop(199)) - Attempting to stop container services.
2019-07-13 17:04:32,865 INFO  ozoneimpl.OzoneContainer (OzoneContainer.java:stop(199)) - Attempting to stop container services.
2019-07-13 17:04:32,866 INFO  impl.RaftServerProxy (RaftServerProxy.java:lambda$close$4(314)) - aca7907b-671a-452e-950a-bfae2599f18a: close
2019-07-13 17:04:32,866 INFO  impl.RaftServerProxy (RaftServerProxy.java:lambda$close$4(314)) - e78338f8-6f42-43ab-84e2-658f872d6be9: close
2019-07-13 17:04:32,867 INFO  impl.RaftServerImpl (RaftServerImpl.java:lambda$shutdown$3(245)) - aca7907b-671a-452e-950a-bfae2599f18a: shutdown group-7117BBB1DCAF
2019-07-13 17:04:32,867 INFO  impl.RaftServerImpl (RaftServerImpl.java:lambda$shutdown$3(245)) - e78338f8-6f42-43ab-84e2-658f872d6be9: shutdown group-5239876E86B1
2019-07-13 17:04:32,867 INFO  util.JmxRegister (JmxRegister.java:unregister(73)) - Successfully un-registered JMX Bean with object name Ratis:service=RaftServer,group=group-7117BBB1DCAF,id=aca7907b-671a-452e-950a-bfae2599f18a
2019-07-13 17:04:32,867 INFO  util.JmxRegister (JmxRegister.java:unregister(73)) - Successfully un-registered JMX Bean with object name Ratis:service=RaftServer,group=group-5239876E86B1,id=e78338f8-6f42-43ab-84e2-658f872d6be9
2019-07-13 17:04:32,868 INFO  impl.RoleInfo (RoleInfo.java:shutdownLeaderState(104)) - aca7907b-671a-452e-950a-bfae2599f18a: shutdown LeaderState
2019-07-13 17:04:32,868 INFO  impl.RoleInfo (RoleInfo.java:shutdownFollowerState(121)) - e78338f8-6f42-43ab-84e2-658f872d6be9: shutdown FollowerState
2019-07-13 17:04:32,869 INFO  impl.PendingRequests (PendingRequests.java:sendNotLeaderResponses(202)) - aca7907b-671a-452e-950a-bfae2599f18a-PendingRequests: sendNotLeaderResponses
2019-07-13 17:04:32,869 INFO  impl.FollowerState (FollowerState.java:run(114)) - e78338f8-6f42-43ab-84e2-658f872d6be9: FollowerState was interrupted: java.lang.InterruptedException: sleep interrupted
2019-07-13 17:04:32,869 INFO  ratis.ContainerStateMachine (ContainerStateMachine.java:takeSnapshot(246)) - Taking snapshot at termIndex:(t:1, i:3)
2019-07-13 17:04:32,869 INFO  impl.StateMachineUpdater (StateMachineUpdater.java:stopAndJoin(115)) - StateMachineUpdater:e78338f8-6f42-43ab-84e2-658f872d6be9:group-5239876E86B1: set stopIndex = 4
2019-07-13 17:04:32,870 INFO  ratis.ContainerStateMachine (ContainerStateMachine.java:takeSnapshot(250)) - Taking a snapshot to file /tmp/workdir/hadoop-ozone/integration-test/target/test-dir/MiniOzoneClusterImpl-4453a8a5-71ed-4512-a901-37f4cf98323b/datanode-2/data/ratis/1232a281-dced-427b-ace6-5239876e86b1/sm/snapshot.1_3
2019-07-13 17:04:32,870 INFO  impl.StateMachineUpdater (StateMachineUpdater.java:stopAndJoin(115)) - StateMachineUpdater:aca7907b-671a-452e-950a-bfae2599f18a:group-7117BBB1DCAF: set stopIndex = 0
2019-07-13 17:04:32,871 INFO  impl.StateMachineUpdater (StateMachineUpdater.java:takeSnapshot(242)) - StateMachineUpdater:e78338f8-6f42-43ab-84e2-658f872d6be9:group-5239876E86B1: Took a snapshot at index 3
2019-07-13 17:04:32,870 INFO  ratis.ContainerStateMachine (ContainerStateMachine.java:takeSnapshot(246)) - Taking snapshot at termIndex:(t:0, i:~)
2019-07-13 17:04:32,871 INFO  impl.StateMachineUpdater (StateMachineUpdater.java:lambda$new$0(80)) - StateMachineUpdater:e78338f8-6f42-43ab-84e2-658f872d6be9:group-5239876E86B1: snapshotIndex: updateIncreasingly -1 -> 3
2019-07-13 17:04:32,871 INFO  impl.RaftServerImpl (ServerState.java:close(394)) - aca7907b-671a-452e-950a-bfae2599f18a:group-7117BBB1DCAF closes. The last applied log index is 0
2019-07-13 17:04:32,872 INFO  impl.RaftServerImpl (ServerState.java:close(394)) - e78338f8-6f42-43ab-84e2-658f872d6be9:group-5239876E86B1 closes. The last applied log index is 4
2019-07-13 17:04:32,872 INFO  segmented.SegmentedRaftLogWorker (SegmentedRaftLogWorker.java:run(313)) - aca7907b-671a-452e-950a-bfae2599f18a-SegmentedRaftLogWorker:Storage Directory /tmp/workdir/hadoop-ozone/integration-test/target/test-dir/MiniOzoneClusterImpl-4453a8a5-71ed-4512-a901-37f4cf98323b/datanode-3/data/ratis/c1281994-73ac-4f8f-81a2-7117bbb1dcaf was interrupted, exiting. There are 0 tasks remaining in the queue.
2019-07-13 17:04:32,872 INFO  segmented.SegmentedRaftLogWorker (SegmentedRaftLogWorker.java:run(313)) - e78338f8-6f42-43ab-84e2-658f872d6be9-SegmentedRaftLogWorker:Storage Directory /tmp/workdir/hadoop-ozone/integration-test/target/test-dir/MiniOzoneClusterImpl-4453a8a5-71ed-4512-a901-37f4cf98323b/datanode-2/data/ratis/1232a281-dced-427b-ace6-5239876e86b1 was interrupted, exiting. There are 0 tasks remaining in the queue.
2019-07-13 17:04:32,876 INFO  segmented.SegmentedRaftLogWorker (SegmentedRaftLogWorker.java:close(228)) - aca7907b-671a-452e-950a-bfae2599f18a-SegmentedRaftLogWorker:Storage Directory /tmp/workdir/hadoop-ozone/integration-test/target/test-dir/MiniOzoneClusterImpl-4453a8a5-71ed-4512-a901-37f4cf98323b/datanode-3/data/ratis/c1281994-73ac-4f8f-81a2-7117bbb1dcaf close()
2019-07-13 17:04:32,876 INFO  segmented.SegmentedRaftLogWorker (SegmentedRaftLogWorker.java:close(228)) - e78338f8-6f42-43ab-84e2-658f872d6be9-SegmentedRaftLogWorker:Storage Directory /tmp/workdir/hadoop-ozone/integration-test/target/test-dir/MiniOzoneClusterImpl-4453a8a5-71ed-4512-a901-37f4cf98323b/datanode-2/data/ratis/1232a281-dced-427b-ace6-5239876e86b1 close()
2019-07-13 17:04:32,880 INFO  server.GrpcService (GrpcService.java:closeImpl(155)) - aca7907b-671a-452e-950a-bfae2599f18a: shutdown server with port 39251 now
2019-07-13 17:04:32,884 INFO  impl.RaftServerImpl (RaftServerImpl.java:lambda$shutdown$3(245)) - e78338f8-6f42-43ab-84e2-658f872d6be9: shutdown group-FD2BA3194463
2019-07-13 17:04:32,886 INFO  server.GrpcService (GrpcService.java:closeImpl(163)) - aca7907b-671a-452e-950a-bfae2599f18a: shutdown server with port 39251 successfully
2019-07-13 17:04:32,886 INFO  util.JmxRegister (JmxRegister.java:unregister(73)) - Successfully un-registered JMX Bean with object name Ratis:service=RaftServer,group=group-FD2BA3194463,id=e78338f8-6f42-43ab-84e2-658f872d6be9
2019-07-13 17:04:32,887 INFO  impl.RoleInfo (RoleInfo.java:shutdownLeaderState(104)) - e78338f8-6f42-43ab-84e2-658f872d6be9: shutdown LeaderState
2019-07-13 17:04:32,887 INFO  impl.PendingRequests (PendingRequests.java:sendNotLeaderResponses(202)) - e78338f8-6f42-43ab-84e2-658f872d6be9-PendingRequests: sendNotLeaderResponses
2019-07-13 17:04:32,888 INFO  utils.BackgroundService (BackgroundService.java:shutdown(148)) - Shutting down service BlockDeletingService
2019-07-13 17:04:32,888 INFO  impl.StateMachineUpdater (StateMachineUpdater.java:stopAndJoin(115)) - StateMachineUpdater:e78338f8-6f42-43ab-84e2-658f872d6be9:group-FD2BA3194463: set stopIndex = 0
2019-07-13 17:04:32,889 INFO  ratis.ContainerStateMachine (ContainerStateMachine.java:takeSnapshot(246)) - Taking snapshot at termIndex:(t:0, i:~)
2019-07-13 17:04:32,890 INFO  impl.RaftServerImpl (ServerState.java:close(394)) - e78338f8-6f42-43ab-84e2-658f872d6be9:group-FD2BA3194463 closes. The last applied log index is 0
2019-07-13 17:04:32,890 WARN  fs.CachingGetSpaceUsed (CachingGetSpaceUsed.java:run(183)) - Thread Interrupted waiting to refresh disk information: sleep interrupted
2019-07-13 17:04:32,892 INFO  segmented.SegmentedRaftLogWorker (SegmentedRaftLogWorker.java:run(313)) - e78338f8-6f42-43ab-84e2-658f872d6be9-SegmentedRaftLogWorker:Storage Directory /tmp/workdir/hadoop-ozone/integration-test/target/test-dir/MiniOzoneClusterImpl-4453a8a5-71ed-4512-a901-37f4cf98323b/datanode-2/data/ratis/a8203eee-3210-42bb-b292-fd2ba3194463 was interrupted, exiting. There are 0 tasks remaining in the queue.
2019-07-13 17:04:32,894 INFO  segmented.SegmentedRaftLogWorker (SegmentedRaftLogWorker.java:close(228)) - e78338f8-6f42-43ab-84e2-658f872d6be9-SegmentedRaftLogWorker:Storage Directory /tmp/workdir/hadoop-ozone/integration-test/target/test-dir/MiniOzoneClusterImpl-4453a8a5-71ed-4512-a901-37f4cf98323b/datanode-2/data/ratis/a8203eee-3210-42bb-b292-fd2ba3194463 close()
2019-07-13 17:04:32,903 INFO  server.GrpcService (GrpcService.java:closeImpl(155)) - e78338f8-6f42-43ab-84e2-658f872d6be9: shutdown server with port 44468 now
2019-07-13 17:04:32,908 WARN  server.GrpcServerProtocolService (LogUtils.java:warn(134)) - e78338f8-6f42-43ab-84e2-658f872d6be9: appendEntries onError: org.apache.ratis.thirdparty.io.grpc.StatusRuntimeException: CANCELLED: cancelled before receiving half close
2019-07-13 17:04:32,908 INFO  server.GrpcService (GrpcService.java:closeImpl(163)) - e78338f8-6f42-43ab-84e2-658f872d6be9: shutdown server with port 44468 successfully
2019-07-13 17:04:32,909 WARN  server.GrpcLogAppender (LogUtils.java:warn(134)) - 51b86174-9a37-4423-a264-2190d87386c3->e78338f8-6f42-43ab-84e2-658f872d6be9: Failed appendEntries: org.apache.ratis.thirdparty.io.grpc.StatusRuntimeException: CANCELLED: HTTP/2 error code: CANCEL
Received Rst Stream
2019-07-13 17:04:32,919 INFO  impl.FollowerInfo (FollowerInfo.java:lambda$new$0(50)) - 51b86174-9a37-4423-a264-2190d87386c3->e78338f8-6f42-43ab-84e2-658f872d6be9: nextIndex: updateUnconditionally 5 -> 4
2019-07-13 17:04:32,921 INFO  utils.BackgroundService (BackgroundService.java:shutdown(148)) - Shutting down service BlockDeletingService
2019-07-13 17:04:32,922 WARN  fs.CachingGetSpaceUsed (CachingGetSpaceUsed.java:run(183)) - Thread Interrupted waiting to refresh disk information: sleep interrupted
2019-07-13 17:04:32,936 INFO  statemachine.DatanodeStateMachine (DatanodeStateMachine.java:stopDaemon(395)) - Ozone container server stopped.
2019-07-13 17:04:32,937 INFO  handler.ContextHandler (ContextHandler.java:doStop(910)) - Stopped o.e.j.w.WebAppContext@6a2d867d{/,null,UNAVAILABLE}{/hddsDatanode}
2019-07-13 17:04:32,938 INFO  server.AbstractConnector (AbstractConnector.java:doStop(318)) - Stopped ServerConnector@73bb1337{HTTP/1.1,[http/1.1]}{0.0.0.0:0}
2019-07-13 17:04:32,938 INFO  handler.ContextHandler (ContextHandler.java:doStop(910)) - Stopped o.e.j.s.ServletContextHandler@cc9ef8d{/static,jar:file:/home/user/.m2/repository/org/apache/hadoop/hadoop-hdds-container-service/0.5.0-SNAPSHOT/hadoop-hdds-container-service-0.5.0-SNAPSHOT.jar!/webapps/static,UNAVAILABLE}
2019-07-13 17:04:32,939 INFO  handler.ContextHandler (ContextHandler.java:doStop(910)) - Stopped o.e.j.s.ServletContextHandler@1e30db85{/logs,file:///tmp/workdir/hadoop-ozone/integration-test/target/log,UNAVAILABLE}
2019-07-13 17:04:32,942 INFO  datanode.ObjectStoreHandler (ObjectStoreHandler.java:close(155)) - Closing ObjectStoreHandler.
2019-07-13 17:04:32,943 INFO  ozone.HddsDatanodeService (HddsDatanodeService.java:stop(452)) - Stopped plug-in org.apache.hadoop.ozone.web.OzoneHddsDatanodeService@28e7bb31
2019-07-13 17:04:32,950 INFO  statemachine.DatanodeStateMachine (DatanodeStateMachine.java:stopDaemon(395)) - Ozone container server stopped.
2019-07-13 17:04:32,954 INFO  handler.ContextHandler (ContextHandler.java:doStop(910)) - Stopped o.e.j.w.WebAppContext@7197b07f{/,null,UNAVAILABLE}{/hddsDatanode}
2019-07-13 17:04:32,955 INFO  server.AbstractConnector (AbstractConnector.java:doStop(318)) - Stopped ServerConnector@1f10fec6{HTTP/1.1,[http/1.1]}{0.0.0.0:0}
2019-07-13 17:04:32,957 INFO  handler.ContextHandler (ContextHandler.java:doStop(910)) - Stopped o.e.j.s.ServletContextHandler@62ade015{/static,jar:file:/home/user/.m2/repository/org/apache/hadoop/hadoop-hdds-container-service/0.5.0-SNAPSHOT/hadoop-hdds-container-service-0.5.0-SNAPSHOT.jar!/webapps/static,UNAVAILABLE}
2019-07-13 17:04:32,958 INFO  handler.ContextHandler (ContextHandler.java:doStop(910)) - Stopped o.e.j.s.ServletContextHandler@631c6d11{/logs,file:///tmp/workdir/hadoop-ozone/integration-test/target/log,UNAVAILABLE}
2019-07-13 17:04:32,960 INFO  datanode.ObjectStoreHandler (ObjectStoreHandler.java:close(155)) - Closing ObjectStoreHandler.
2019-07-13 17:04:32,960 INFO  ozone.HddsDatanodeService (HddsDatanodeService.java:stop(452)) - Stopped plug-in org.apache.hadoop.ozone.web.OzoneHddsDatanodeService@b4732dc
2019-07-13 17:04:33,618 INFO  statemachine.DatanodeStateMachine (DatanodeStateMachine.java:lambda$startDaemon$0(350)) - Ozone container server started.
2019-07-13 17:04:33,882 INFO  statemachine.DatanodeStateMachine (DatanodeStateMachine.java:lambda$startDaemon$0(350)) - Ozone container server started.
2019-07-13 17:04:34,043 WARN  server.GrpcLogAppender (LogUtils.java:warn(134)) - d417f54d-23e4-4b91-a4e7-6e35cf4e80b3->5e4f3cb1-f064-48cd-b882-5ce5f38148b8: Failed appendEntries: org.apache.ratis.thirdparty.io.grpc.StatusRuntimeException: UNAVAILABLE: io exception
2019-07-13 17:04:34,045 INFO  impl.FollowerInfo (FollowerInfo.java:lambda$new$0(50)) - d417f54d-23e4-4b91-a4e7-6e35cf4e80b3->5e4f3cb1-f064-48cd-b882-5ce5f38148b8: nextIndex: updateUnconditionally 0 -> 0
2019-07-13 17:04:35,055 WARN  server.GrpcLogAppender (LogUtils.java:warn(134)) - 51b86174-9a37-4423-a264-2190d87386c3->38f048c8-7f9e-4c00-ac5a-b798ffdcff37: Failed appendEntries: org.apache.ratis.thirdparty.io.grpc.StatusRuntimeException: UNAVAILABLE: io exception
2019-07-13 17:04:35,057 INFO  impl.FollowerInfo (FollowerInfo.java:lambda$new$0(50)) - 51b86174-9a37-4423-a264-2190d87386c3->38f048c8-7f9e-4c00-ac5a-b798ffdcff37: nextIndex: updateUnconditionally 2 -> 1
2019-07-13 17:04:35,064 WARN  server.GrpcLogAppender (LogUtils.java:warn(134)) - 51b86174-9a37-4423-a264-2190d87386c3->e78338f8-6f42-43ab-84e2-658f872d6be9: Failed appendEntries: org.apache.ratis.thirdparty.io.grpc.StatusRuntimeException: UNAVAILABLE: io exception
2019-07-13 17:04:35,066 INFO  impl.FollowerInfo (FollowerInfo.java:lambda$new$0(50)) - 51b86174-9a37-4423-a264-2190d87386c3->e78338f8-6f42-43ab-84e2-658f872d6be9: nextIndex: updateUnconditionally 4 -> 3
2019-07-13 17:04:36,544 WARN  server.GrpcLogAppender (LogUtils.java:warn(134)) - d417f54d-23e4-4b91-a4e7-6e35cf4e80b3->5e4f3cb1-f064-48cd-b882-5ce5f38148b8: Failed appendEntries: org.apache.ratis.thirdparty.io.grpc.StatusRuntimeException: UNAVAILABLE: io exception
2019-07-13 17:04:36,547 INFO  impl.FollowerInfo (FollowerInfo.java:lambda$new$0(50)) - d417f54d-23e4-4b91-a4e7-6e35cf4e80b3->5e4f3cb1-f064-48cd-b882-5ce5f38148b8: nextIndex: updateUnconditionally 0 -> 0
2019-07-13 17:04:37,556 WARN  server.GrpcLogAppender (LogUtils.java:warn(134)) - 51b86174-9a37-4423-a264-2190d87386c3->38f048c8-7f9e-4c00-ac5a-b798ffdcff37: Failed appendEntries: org.apache.ratis.thirdparty.io.grpc.StatusRuntimeException: UNAVAILABLE: io exception
2019-07-13 17:04:37,559 INFO  impl.FollowerInfo (FollowerInfo.java:lambda$new$0(50)) - 51b86174-9a37-4423-a264-2190d87386c3->38f048c8-7f9e-4c00-ac5a-b798ffdcff37: nextIndex: updateUnconditionally 1 -> 0
2019-07-13 17:04:37,564 WARN  server.GrpcLogAppender (LogUtils.java:warn(134)) - 51b86174-9a37-4423-a264-2190d87386c3->e78338f8-6f42-43ab-84e2-658f872d6be9: Failed appendEntries: org.apache.ratis.thirdparty.io.grpc.StatusRuntimeException: UNAVAILABLE: io exception
2019-07-13 17:04:37,566 INFO  impl.FollowerInfo (FollowerInfo.java:lambda$new$0(50)) - 51b86174-9a37-4423-a264-2190d87386c3->e78338f8-6f42-43ab-84e2-658f872d6be9: nextIndex: updateUnconditionally 3 -> 2
2019-07-13 17:04:37,944 INFO  ozoneimpl.OzoneContainer (OzoneContainer.java:stop(199)) - Attempting to stop container services.
2019-07-13 17:04:37,944 INFO  impl.RaftServerProxy (RaftServerProxy.java:lambda$close$4(314)) - d417f54d-23e4-4b91-a4e7-6e35cf4e80b3: close
2019-07-13 17:04:37,945 INFO  impl.RaftServerImpl (RaftServerImpl.java:lambda$shutdown$3(245)) - d417f54d-23e4-4b91-a4e7-6e35cf4e80b3: shutdown group-C0E6C0D304A7
2019-07-13 17:04:37,945 INFO  util.JmxRegister (JmxRegister.java:unregister(73)) - Successfully un-registered JMX Bean with object name Ratis:service=RaftServer,group=group-C0E6C0D304A7,id=d417f54d-23e4-4b91-a4e7-6e35cf4e80b3
2019-07-13 17:04:37,946 INFO  impl.RoleInfo (RoleInfo.java:shutdownLeaderState(104)) - d417f54d-23e4-4b91-a4e7-6e35cf4e80b3: shutdown LeaderState
2019-07-13 17:04:37,949 INFO  impl.PendingRequests (PendingRequests.java:sendNotLeaderResponses(202)) - d417f54d-23e4-4b91-a4e7-6e35cf4e80b3-PendingRequests: sendNotLeaderResponses
2019-07-13 17:04:37,949 WARN  server.GrpcLogAppender (GrpcLogAppender.java:mayWait(143)) - GrpcLogAppender(d417f54d-23e4-4b91-a4e7-6e35cf4e80b3->5e4f3cb1-f064-48cd-b882-5ce5f38148b8): Wait interrupted by java.lang.InterruptedException
2019-07-13 17:04:37,949 INFO  impl.StateMachineUpdater (StateMachineUpdater.java:stopAndJoin(115)) - StateMachineUpdater:d417f54d-23e4-4b91-a4e7-6e35cf4e80b3:group-C0E6C0D304A7: set stopIndex = 0
2019-07-13 17:04:37,949 WARN  server.GrpcLogAppender (GrpcLogAppender.java:mayWait(143)) - GrpcLogAppender(d417f54d-23e4-4b91-a4e7-6e35cf4e80b3->8525fc11-352f-49ff-bd2c-d11e7a41e5c1): Wait interrupted by java.lang.InterruptedException
2019-07-13 17:04:37,951 INFO  ratis.ContainerStateMachine (ContainerStateMachine.java:takeSnapshot(246)) - Taking snapshot at termIndex:(t:0, i:~)
2019-07-13 17:04:37,955 INFO  impl.RaftServerImpl (ServerState.java:close(394)) - d417f54d-23e4-4b91-a4e7-6e35cf4e80b3:group-C0E6C0D304A7 closes. The last applied log index is 0
2019-07-13 17:04:37,955 INFO  server.GrpcServerProtocolService (GrpcServerProtocolService.java:onCompleted(104)) - 8525fc11-352f-49ff-bd2c-d11e7a41e5c1: appendEntries completed
2019-07-13 17:04:37,955 INFO  segmented.SegmentedRaftLogWorker (SegmentedRaftLogWorker.java:run(313)) - d417f54d-23e4-4b91-a4e7-6e35cf4e80b3-SegmentedRaftLogWorker:Storage Directory /tmp/workdir/hadoop-ozone/integration-test/target/test-dir/MiniOzoneClusterImpl-4453a8a5-71ed-4512-a901-37f4cf98323b/datanode-6/data/ratis/130fb011-8acc-4a53-a969-c0e6c0d304a7 was interrupted, exiting. There are 0 tasks remaining in the queue.
2019-07-13 17:04:37,956 INFO  segmented.SegmentedRaftLogWorker (SegmentedRaftLogWorker.java:close(228)) - d417f54d-23e4-4b91-a4e7-6e35cf4e80b3-SegmentedRaftLogWorker:Storage Directory /tmp/workdir/hadoop-ozone/integration-test/target/test-dir/MiniOzoneClusterImpl-4453a8a5-71ed-4512-a901-37f4cf98323b/datanode-6/data/ratis/130fb011-8acc-4a53-a969-c0e6c0d304a7 close()
2019-07-13 17:04:37,956 INFO  server.GrpcLogAppender (GrpcLogAppender.java:onCompleted(292)) - d417f54d-23e4-4b91-a4e7-6e35cf4e80b3->8525fc11-352f-49ff-bd2c-d11e7a41e5c1: follower responses appendEntries COMPLETED
2019-07-13 17:04:37,958 INFO  impl.RaftServerImpl (RaftServerImpl.java:lambda$shutdown$3(245)) - d417f54d-23e4-4b91-a4e7-6e35cf4e80b3: shutdown group-634846642C3A
2019-07-13 17:04:37,958 INFO  impl.FollowerInfo (FollowerInfo.java:lambda$new$0(50)) - d417f54d-23e4-4b91-a4e7-6e35cf4e80b3->8525fc11-352f-49ff-bd2c-d11e7a41e5c1: nextIndex: updateUnconditionally 1 -> 0
2019-07-13 17:04:37,959 INFO  util.JmxRegister (JmxRegister.java:unregister(73)) - Successfully un-registered JMX Bean with object name Ratis:service=RaftServer,group=group-634846642C3A,id=d417f54d-23e4-4b91-a4e7-6e35cf4e80b3
2019-07-13 17:04:37,959 INFO  impl.RoleInfo (RoleInfo.java:shutdownLeaderState(104)) - d417f54d-23e4-4b91-a4e7-6e35cf4e80b3: shutdown LeaderState
2019-07-13 17:04:37,960 INFO  impl.PendingRequests (PendingRequests.java:sendNotLeaderResponses(202)) - d417f54d-23e4-4b91-a4e7-6e35cf4e80b3-PendingRequests: sendNotLeaderResponses
2019-07-13 17:04:37,960 INFO  impl.StateMachineUpdater (StateMachineUpdater.java:stopAndJoin(115)) - StateMachineUpdater:d417f54d-23e4-4b91-a4e7-6e35cf4e80b3:group-634846642C3A: set stopIndex = 0
2019-07-13 17:04:37,961 INFO  ratis.ContainerStateMachine (ContainerStateMachine.java:takeSnapshot(246)) - Taking snapshot at termIndex:(t:0, i:~)
2019-07-13 17:04:37,961 INFO  impl.RaftServerImpl (ServerState.java:close(394)) - d417f54d-23e4-4b91-a4e7-6e35cf4e80b3:group-634846642C3A closes. The last applied log index is 0
2019-07-13 17:04:37,962 INFO  segmented.SegmentedRaftLogWorker (SegmentedRaftLogWorker.java:run(313)) - d417f54d-23e4-4b91-a4e7-6e35cf4e80b3-SegmentedRaftLogWorker:Storage Directory /tmp/workdir/hadoop-ozone/integration-test/target/test-dir/MiniOzoneClusterImpl-4453a8a5-71ed-4512-a901-37f4cf98323b/datanode-6/data/ratis/766a0230-df12-485c-b0bf-634846642c3a was interrupted, exiting. There are 0 tasks remaining in the queue.
2019-07-13 17:04:37,962 INFO  ozoneimpl.OzoneContainer (OzoneContainer.java:stop(199)) - Attempting to stop container services.
2019-07-13 17:04:37,962 INFO  segmented.SegmentedRaftLogWorker (SegmentedRaftLogWorker.java:close(228)) - d417f54d-23e4-4b91-a4e7-6e35cf4e80b3-SegmentedRaftLogWorker:Storage Directory /tmp/workdir/hadoop-ozone/integration-test/target/test-dir/MiniOzoneClusterImpl-4453a8a5-71ed-4512-a901-37f4cf98323b/datanode-6/data/ratis/766a0230-df12-485c-b0bf-634846642c3a close()
2019-07-13 17:04:37,962 INFO  impl.RaftServerProxy (RaftServerProxy.java:lambda$close$4(314)) - 8525fc11-352f-49ff-bd2c-d11e7a41e5c1: close
2019-07-13 17:04:37,964 INFO  server.GrpcService (GrpcService.java:closeImpl(155)) - d417f54d-23e4-4b91-a4e7-6e35cf4e80b3: shutdown server with port 33457 now
2019-07-13 17:04:37,964 INFO  impl.RaftServerImpl (RaftServerImpl.java:lambda$shutdown$3(245)) - 8525fc11-352f-49ff-bd2c-d11e7a41e5c1: shutdown group-F2287C5C5504
2019-07-13 17:04:37,965 INFO  server.GrpcService (GrpcService.java:closeImpl(163)) - d417f54d-23e4-4b91-a4e7-6e35cf4e80b3: shutdown server with port 33457 successfully
2019-07-13 17:04:37,965 INFO  util.JmxRegister (JmxRegister.java:unregister(73)) - Successfully un-registered JMX Bean with object name Ratis:service=RaftServer,group=group-F2287C5C5504,id=8525fc11-352f-49ff-bd2c-d11e7a41e5c1
2019-07-13 17:04:37,965 INFO  impl.RoleInfo (RoleInfo.java:shutdownLeaderState(104)) - 8525fc11-352f-49ff-bd2c-d11e7a41e5c1: shutdown LeaderState
2019-07-13 17:04:37,966 INFO  impl.PendingRequests (PendingRequests.java:sendNotLeaderResponses(202)) - 8525fc11-352f-49ff-bd2c-d11e7a41e5c1-PendingRequests: sendNotLeaderResponses
2019-07-13 17:04:37,966 INFO  impl.StateMachineUpdater (StateMachineUpdater.java:stopAndJoin(115)) - StateMachineUpdater:8525fc11-352f-49ff-bd2c-d11e7a41e5c1:group-F2287C5C5504: set stopIndex = 0
2019-07-13 17:04:37,966 INFO  ratis.ContainerStateMachine (ContainerStateMachine.java:takeSnapshot(246)) - Taking snapshot at termIndex:(t:0, i:~)
2019-07-13 17:04:37,972 INFO  impl.RaftServerImpl (ServerState.java:close(394)) - 8525fc11-352f-49ff-bd2c-d11e7a41e5c1:group-F2287C5C5504 closes. The last applied log index is 0
2019-07-13 17:04:37,972 INFO  segmented.SegmentedRaftLogWorker (SegmentedRaftLogWorker.java:run(313)) - 8525fc11-352f-49ff-bd2c-d11e7a41e5c1-SegmentedRaftLogWorker:Storage Directory /tmp/workdir/hadoop-ozone/integration-test/target/test-dir/MiniOzoneClusterImpl-4453a8a5-71ed-4512-a901-37f4cf98323b/datanode-0/data/ratis/81b6a060-a02e-4242-b94c-f2287c5c5504 was interrupted, exiting. There are 0 tasks remaining in the queue.
2019-07-13 17:04:37,973 INFO  segmented.SegmentedRaftLogWorker (SegmentedRaftLogWorker.java:close(228)) - 8525fc11-352f-49ff-bd2c-d11e7a41e5c1-SegmentedRaftLogWorker:Storage Directory /tmp/workdir/hadoop-ozone/integration-test/target/test-dir/MiniOzoneClusterImpl-4453a8a5-71ed-4512-a901-37f4cf98323b/datanode-0/data/ratis/81b6a060-a02e-4242-b94c-f2287c5c5504 close()
2019-07-13 17:04:37,975 INFO  impl.RaftServerImpl (RaftServerImpl.java:lambda$shutdown$3(245)) - 8525fc11-352f-49ff-bd2c-d11e7a41e5c1: shutdown group-C0E6C0D304A7
2019-07-13 17:04:37,976 INFO  util.JmxRegister (JmxRegister.java:unregister(73)) - Successfully un-registered JMX Bean with object name Ratis:service=RaftServer,group=group-C0E6C0D304A7,id=8525fc11-352f-49ff-bd2c-d11e7a41e5c1
2019-07-13 17:04:37,976 INFO  impl.RoleInfo (RoleInfo.java:shutdownFollowerState(121)) - 8525fc11-352f-49ff-bd2c-d11e7a41e5c1: shutdown FollowerState
2019-07-13 17:04:37,976 INFO  impl.StateMachineUpdater (StateMachineUpdater.java:stopAndJoin(115)) - StateMachineUpdater:8525fc11-352f-49ff-bd2c-d11e7a41e5c1:group-C0E6C0D304A7: set stopIndex = 0
2019-07-13 17:04:37,976 INFO  ratis.ContainerStateMachine (ContainerStateMachine.java:takeSnapshot(246)) - Taking snapshot at termIndex:(t:0, i:~)
2019-07-13 17:04:37,976 INFO  impl.FollowerState (FollowerState.java:run(114)) - 8525fc11-352f-49ff-bd2c-d11e7a41e5c1: FollowerState was interrupted: java.lang.InterruptedException: sleep interrupted
2019-07-13 17:04:37,977 INFO  impl.RaftServerImpl (ServerState.java:close(394)) - 8525fc11-352f-49ff-bd2c-d11e7a41e5c1:group-C0E6C0D304A7 closes. The last applied log index is 0
2019-07-13 17:04:37,978 INFO  utils.BackgroundService (BackgroundService.java:shutdown(148)) - Shutting down service BlockDeletingService
2019-07-13 17:04:37,982 INFO  segmented.SegmentedRaftLogWorker (SegmentedRaftLogWorker.java:run(313)) - 8525fc11-352f-49ff-bd2c-d11e7a41e5c1-SegmentedRaftLogWorker:Storage Directory /tmp/workdir/hadoop-ozone/integration-test/target/test-dir/MiniOzoneClusterImpl-4453a8a5-71ed-4512-a901-37f4cf98323b/datanode-0/data/ratis/130fb011-8acc-4a53-a969-c0e6c0d304a7 was interrupted, exiting. There are 0 tasks remaining in the queue.
2019-07-13 17:04:37,982 INFO  segmented.SegmentedRaftLogWorker (SegmentedRaftLogWorker.java:close(228)) - 8525fc11-352f-49ff-bd2c-d11e7a41e5c1-SegmentedRaftLogWorker:Storage Directory /tmp/workdir/hadoop-ozone/integration-test/target/test-dir/MiniOzoneClusterImpl-4453a8a5-71ed-4512-a901-37f4cf98323b/datanode-0/data/ratis/130fb011-8acc-4a53-a969-c0e6c0d304a7 close()
2019-07-13 17:04:37,985 INFO  server.GrpcService (GrpcService.java:closeImpl(155)) - 8525fc11-352f-49ff-bd2c-d11e7a41e5c1: shutdown server with port 39914 now
2019-07-13 17:04:37,985 INFO  server.GrpcService (GrpcService.java:closeImpl(163)) - 8525fc11-352f-49ff-bd2c-d11e7a41e5c1: shutdown server with port 39914 successfully
2019-07-13 17:04:37,986 WARN  fs.CachingGetSpaceUsed (CachingGetSpaceUsed.java:run(183)) - Thread Interrupted waiting to refresh disk information: sleep interrupted
2019-07-13 17:04:37,988 INFO  utils.BackgroundService (BackgroundService.java:shutdown(148)) - Shutting down service BlockDeletingService
2019-07-13 17:04:37,990 WARN  fs.CachingGetSpaceUsed (CachingGetSpaceUsed.java:run(183)) - Thread Interrupted waiting to refresh disk information: sleep interrupted
2019-07-13 17:04:38,010 INFO  statemachine.DatanodeStateMachine (DatanodeStateMachine.java:stopDaemon(395)) - Ozone container server stopped.
2019-07-13 17:04:38,011 INFO  handler.ContextHandler (ContextHandler.java:doStop(910)) - Stopped o.e.j.w.WebAppContext@418f0534{/,null,UNAVAILABLE}{/hddsDatanode}
2019-07-13 17:04:38,012 INFO  server.AbstractConnector (AbstractConnector.java:doStop(318)) - Stopped ServerConnector@3dfd7eaa{HTTP/1.1,[http/1.1]}{0.0.0.0:0}
2019-07-13 17:04:38,013 INFO  handler.ContextHandler (ContextHandler.java:doStop(910)) - Stopped o.e.j.s.ServletContextHandler@782fd504{/static,jar:file:/home/user/.m2/repository/org/apache/hadoop/hadoop-hdds-container-service/0.5.0-SNAPSHOT/hadoop-hdds-container-service-0.5.0-SNAPSHOT.jar!/webapps/static,UNAVAILABLE}
2019-07-13 17:04:38,015 INFO  handler.ContextHandler (ContextHandler.java:doStop(910)) - Stopped o.e.j.s.ServletContextHandler@6568f998{/logs,file:///tmp/workdir/hadoop-ozone/integration-test/target/log,UNAVAILABLE}
2019-07-13 17:04:38,015 INFO  statemachine.DatanodeStateMachine (DatanodeStateMachine.java:stopDaemon(395)) - Ozone container server stopped.
2019-07-13 17:04:38,020 INFO  handler.ContextHandler (ContextHandler.java:doStop(910)) - Stopped o.e.j.w.WebAppContext@37e0292a{/,null,UNAVAILABLE}{/hddsDatanode}
2019-07-13 17:04:38,020 INFO  datanode.ObjectStoreHandler (ObjectStoreHandler.java:close(155)) - Closing ObjectStoreHandler.
2019-07-13 17:04:38,021 INFO  ozone.HddsDatanodeService (HddsDatanodeService.java:stop(452)) - Stopped plug-in org.apache.hadoop.ozone.web.OzoneHddsDatanodeService@16f15ae9
2019-07-13 17:04:38,021 INFO  server.AbstractConnector (AbstractConnector.java:doStop(318)) - Stopped ServerConnector@4af70944{HTTP/1.1,[http/1.1]}{0.0.0.0:0}
2019-07-13 17:04:38,022 INFO  handler.ContextHandler (ContextHandler.java:doStop(910)) - Stopped o.e.j.s.ServletContextHandler@7915bca3{/static,jar:file:/home/user/.m2/repository/org/apache/hadoop/hadoop-hdds-container-service/0.5.0-SNAPSHOT/hadoop-hdds-container-service-0.5.0-SNAPSHOT.jar!/webapps/static,UNAVAILABLE}
2019-07-13 17:04:38,023 INFO  handler.ContextHandler (ContextHandler.java:doStop(910)) - Stopped o.e.j.s.ServletContextHandler@36cc9385{/logs,file:///tmp/workdir/hadoop-ozone/integration-test/target/log,UNAVAILABLE}
2019-07-13 17:04:38,471 INFO  statemachine.DatanodeStateMachine (DatanodeStateMachine.java:lambda$startDaemon$0(350)) - Ozone container server started.
2019-07-13 17:04:40,058 WARN  server.GrpcLogAppender (LogUtils.java:warn(134)) - 51b86174-9a37-4423-a264-2190d87386c3->38f048c8-7f9e-4c00-ac5a-b798ffdcff37: Failed appendEntries: org.apache.ratis.thirdparty.io.grpc.StatusRuntimeException: UNAVAILABLE: io exception
2019-07-13 17:04:40,060 INFO  impl.FollowerInfo (FollowerInfo.java:lambda$new$0(50)) - 51b86174-9a37-4423-a264-2190d87386c3->38f048c8-7f9e-4c00-ac5a-b798ffdcff37: nextIndex: updateUnconditionally 0 -> 0
2019-07-13 17:04:40,066 WARN  server.GrpcLogAppender (LogUtils.java:warn(134)) - 51b86174-9a37-4423-a264-2190d87386c3->e78338f8-6f42-43ab-84e2-658f872d6be9: Failed appendEntries: org.apache.ratis.thirdparty.io.grpc.StatusRuntimeException: UNAVAILABLE: io exception
2019-07-13 17:04:40,067 INFO  impl.FollowerInfo (FollowerInfo.java:lambda$new$0(50)) - 51b86174-9a37-4423-a264-2190d87386c3->e78338f8-6f42-43ab-84e2-658f872d6be9: nextIndex: updateUnconditionally 2 -> 1
2019-07-13 17:04:42,560 WARN  server.GrpcLogAppender (LogUtils.java:warn(134)) - 51b86174-9a37-4423-a264-2190d87386c3->38f048c8-7f9e-4c00-ac5a-b798ffdcff37: Failed appendEntries: org.apache.ratis.thirdparty.io.grpc.StatusRuntimeException: UNAVAILABLE: io exception
2019-07-13 17:04:42,562 INFO  impl.FollowerInfo (FollowerInfo.java:lambda$new$0(50)) - 51b86174-9a37-4423-a264-2190d87386c3->38f048c8-7f9e-4c00-ac5a-b798ffdcff37: nextIndex: updateUnconditionally 0 -> 0
2019-07-13 17:04:42,566 WARN  server.GrpcLogAppender (LogUtils.java:warn(134)) - 51b86174-9a37-4423-a264-2190d87386c3->e78338f8-6f42-43ab-84e2-658f872d6be9: Failed appendEntries: org.apache.ratis.thirdparty.io.grpc.StatusRuntimeException: UNAVAILABLE: io exception
2019-07-13 17:04:42,568 INFO  impl.FollowerInfo (FollowerInfo.java:lambda$new$0(50)) - 51b86174-9a37-4423-a264-2190d87386c3->e78338f8-6f42-43ab-84e2-658f872d6be9: nextIndex: updateUnconditionally 1 -> 0
2019-07-13 17:04:43,021 INFO  ozoneimpl.OzoneContainer (OzoneContainer.java:stop(199)) - Attempting to stop container services.
2019-07-13 17:04:43,022 INFO  impl.RaftServerProxy (RaftServerProxy.java:lambda$close$4(314)) - 51b86174-9a37-4423-a264-2190d87386c3: close
2019-07-13 17:04:43,023 INFO  impl.RaftServerImpl (RaftServerImpl.java:lambda$shutdown$3(245)) - 51b86174-9a37-4423-a264-2190d87386c3: shutdown group-5239876E86B1
2019-07-13 17:04:43,023 INFO  impl.RaftServerImpl (RaftServerImpl.java:lambda$shutdown$3(245)) - 51b86174-9a37-4423-a264-2190d87386c3: shutdown group-51DA036E6DAB
2019-07-13 17:04:43,024 INFO  util.JmxRegister (JmxRegister.java:unregister(73)) - Successfully un-registered JMX Bean with object name Ratis:service=RaftServer,group=group-5239876E86B1,id=51b86174-9a37-4423-a264-2190d87386c3
2019-07-13 17:04:43,024 INFO  util.JmxRegister (JmxRegister.java:unregister(73)) - Successfully un-registered JMX Bean with object name Ratis:service=RaftServer,group=group-51DA036E6DAB,id=51b86174-9a37-4423-a264-2190d87386c3
2019-07-13 17:04:43,024 INFO  impl.RoleInfo (RoleInfo.java:shutdownLeaderState(104)) - 51b86174-9a37-4423-a264-2190d87386c3: shutdown LeaderState
2019-07-13 17:04:43,025 INFO  impl.RoleInfo (RoleInfo.java:shutdownLeaderState(104)) - 51b86174-9a37-4423-a264-2190d87386c3: shutdown LeaderState
2019-07-13 17:04:43,027 INFO  impl.PendingRequests (PendingRequests.java:sendNotLeaderResponses(202)) - 51b86174-9a37-4423-a264-2190d87386c3-PendingRequests: sendNotLeaderResponses
2019-07-13 17:04:43,027 INFO  impl.PendingRequests (PendingRequests.java:sendNotLeaderResponses(202)) - 51b86174-9a37-4423-a264-2190d87386c3-PendingRequests: sendNotLeaderResponses
2019-07-13 17:04:43,027 WARN  server.GrpcLogAppender (GrpcLogAppender.java:mayWait(143)) - GrpcLogAppender(51b86174-9a37-4423-a264-2190d87386c3->e78338f8-6f42-43ab-84e2-658f872d6be9): Wait interrupted by java.lang.InterruptedException
2019-07-13 17:04:43,027 WARN  server.GrpcLogAppender (GrpcLogAppender.java:mayWait(143)) - GrpcLogAppender(51b86174-9a37-4423-a264-2190d87386c3->38f048c8-7f9e-4c00-ac5a-b798ffdcff37): Wait interrupted by java.lang.InterruptedException
2019-07-13 17:04:43,030 INFO  impl.StateMachineUpdater (StateMachineUpdater.java:stopAndJoin(115)) - StateMachineUpdater:51b86174-9a37-4423-a264-2190d87386c3:group-5239876E86B1: set stopIndex = 4
2019-07-13 17:04:43,030 INFO  impl.StateMachineUpdater (StateMachineUpdater.java:stopAndJoin(115)) - StateMachineUpdater:51b86174-9a37-4423-a264-2190d87386c3:group-51DA036E6DAB: set stopIndex = 0
2019-07-13 17:04:43,030 INFO  ratis.ContainerStateMachine (ContainerStateMachine.java:takeSnapshot(246)) - Taking snapshot at termIndex:(t:1, i:4)
2019-07-13 17:04:43,031 INFO  ratis.ContainerStateMachine (ContainerStateMachine.java:takeSnapshot(250)) - Taking a snapshot to file /tmp/workdir/hadoop-ozone/integration-test/target/test-dir/MiniOzoneClusterImpl-4453a8a5-71ed-4512-a901-37f4cf98323b/datanode-5/data/ratis/1232a281-dced-427b-ace6-5239876e86b1/sm/snapshot.1_4
2019-07-13 17:04:43,030 INFO  ratis.ContainerStateMachine (ContainerStateMachine.java:takeSnapshot(246)) - Taking snapshot at termIndex:(t:0, i:~)
2019-07-13 17:04:43,031 INFO  impl.RaftServerImpl (ServerState.java:close(394)) - 51b86174-9a37-4423-a264-2190d87386c3:group-51DA036E6DAB closes. The last applied log index is 0
2019-07-13 17:04:43,032 INFO  impl.StateMachineUpdater (StateMachineUpdater.java:takeSnapshot(242)) - StateMachineUpdater:51b86174-9a37-4423-a264-2190d87386c3:group-5239876E86B1: Took a snapshot at index 4
2019-07-13 17:04:43,032 INFO  impl.StateMachineUpdater (StateMachineUpdater.java:lambda$new$0(80)) - StateMachineUpdater:51b86174-9a37-4423-a264-2190d87386c3:group-5239876E86B1: snapshotIndex: updateIncreasingly -1 -> 4
2019-07-13 17:04:43,032 INFO  segmented.SegmentedRaftLogWorker (SegmentedRaftLogWorker.java:run(313)) - 51b86174-9a37-4423-a264-2190d87386c3-SegmentedRaftLogWorker:Storage Directory /tmp/workdir/hadoop-ozone/integration-test/target/test-dir/MiniOzoneClusterImpl-4453a8a5-71ed-4512-a901-37f4cf98323b/datanode-5/data/ratis/e6dd45da-5492-4e64-aa57-51da036e6dab was interrupted, exiting. There are 0 tasks remaining in the queue.
2019-07-13 17:04:43,032 INFO  impl.RaftServerImpl (ServerState.java:close(394)) - 51b86174-9a37-4423-a264-2190d87386c3:group-5239876E86B1 closes. The last applied log index is 4
2019-07-13 17:04:43,032 INFO  segmented.SegmentedRaftLogWorker (SegmentedRaftLogWorker.java:close(228)) - 51b86174-9a37-4423-a264-2190d87386c3-SegmentedRaftLogWorker:Storage Directory /tmp/workdir/hadoop-ozone/integration-test/target/test-dir/MiniOzoneClusterImpl-4453a8a5-71ed-4512-a901-37f4cf98323b/datanode-5/data/ratis/e6dd45da-5492-4e64-aa57-51da036e6dab close()
2019-07-13 17:04:43,033 INFO  segmented.SegmentedRaftLogWorker (SegmentedRaftLogWorker.java:run(313)) - 51b86174-9a37-4423-a264-2190d87386c3-SegmentedRaftLogWorker:Storage Directory /tmp/workdir/hadoop-ozone/integration-test/target/test-dir/MiniOzoneClusterImpl-4453a8a5-71ed-4512-a901-37f4cf98323b/datanode-5/data/ratis/1232a281-dced-427b-ace6-5239876e86b1 was interrupted, exiting. There are 0 tasks remaining in the queue.
2019-07-13 17:04:43,034 INFO  segmented.SegmentedRaftLogWorker (SegmentedRaftLogWorker.java:close(228)) - 51b86174-9a37-4423-a264-2190d87386c3-SegmentedRaftLogWorker:Storage Directory /tmp/workdir/hadoop-ozone/integration-test/target/test-dir/MiniOzoneClusterImpl-4453a8a5-71ed-4512-a901-37f4cf98323b/datanode-5/data/ratis/1232a281-dced-427b-ace6-5239876e86b1 close()
2019-07-13 17:04:43,035 INFO  server.GrpcService (GrpcService.java:closeImpl(155)) - 51b86174-9a37-4423-a264-2190d87386c3: shutdown server with port 37502 now
2019-07-13 17:04:43,037 INFO  server.GrpcService (GrpcService.java:closeImpl(163)) - 51b86174-9a37-4423-a264-2190d87386c3: shutdown server with port 37502 successfully
2019-07-13 17:04:43,038 INFO  utils.BackgroundService (BackgroundService.java:shutdown(148)) - Shutting down service BlockDeletingService
2019-07-13 17:04:43,042 WARN  fs.CachingGetSpaceUsed (CachingGetSpaceUsed.java:run(183)) - Thread Interrupted waiting to refresh disk information: sleep interrupted
2019-07-13 17:04:43,062 INFO  statemachine.DatanodeStateMachine (DatanodeStateMachine.java:stopDaemon(395)) - Ozone container server stopped.
2019-07-13 17:04:43,075 INFO  handler.ContextHandler (ContextHandler.java:doStop(910)) - Stopped o.e.j.w.WebAppContext@561f9d92{/,null,UNAVAILABLE}{/hddsDatanode}
2019-07-13 17:04:43,076 INFO  server.AbstractConnector (AbstractConnector.java:doStop(318)) - Stopped ServerConnector@1c84d80a{HTTP/1.1,[http/1.1]}{0.0.0.0:0}
2019-07-13 17:04:43,076 INFO  handler.ContextHandler (ContextHandler.java:doStop(910)) - Stopped o.e.j.s.ServletContextHandler@2d4a3e13{/static,jar:file:/home/user/.m2/repository/org/apache/hadoop/hadoop-hdds-container-service/0.5.0-SNAPSHOT/hadoop-hdds-container-service-0.5.0-SNAPSHOT.jar!/webapps/static,UNAVAILABLE}
2019-07-13 17:04:43,077 INFO  handler.ContextHandler (ContextHandler.java:doStop(910)) - Stopped o.e.j.s.ServletContextHandler@6885ed19{/logs,file:///tmp/workdir/hadoop-ozone/integration-test/target/log,UNAVAILABLE}
2019-07-13 17:04:43,078 INFO  ozone.MiniOzoneClusterImpl (MiniOzoneClusterImpl.java:stop(353)) - Stopping the StorageContainerManager
2019-07-13 17:04:43,079 INFO  server.StorageContainerManager (StorageContainerManager.java:stop(796)) - Stopping Replication Manager Service.
2019-07-13 17:04:43,079 INFO  container.ReplicationManager (ReplicationManager.java:stop(187)) - Stopping Replication Monitor Thread.
2019-07-13 17:04:43,079 INFO  server.StorageContainerManager (StorageContainerManager.java:stop(803)) - Stopping Lease Manager of the command watchers
2019-07-13 17:04:43,079 INFO  server.StorageContainerManager (StorageContainerManager.java:stop(810)) - Stopping datanode service RPC server
2019-07-13 17:04:43,080 INFO  server.SCMDatanodeProtocolServer (SCMDatanodeProtocolServer.java:stop(375)) - Stopping the RPC server for DataNodes
2019-07-13 17:04:43,080 INFO  ipc.Server (Server.java:stop(3082)) - Stopping server on 38403
2019-07-13 17:04:43,081 INFO  ipc.Server (Server.java:run(1185)) - Stopping IPC Server listener on 38403
2019-07-13 17:04:43,083 INFO  ipc.Server (Server.java:run(1319)) - Stopping IPC Server Responder
2019-07-13 17:04:43,100 WARN  node.NodeStateManager (NodeStateManager.java:scheduleNextHealthCheck(631)) - Current Thread is interrupted, shutting down HB processing thread for Node Manager.
2019-07-13 17:04:43,100 INFO  server.StorageContainerManager (StorageContainerManager.java:stop(818)) - Stopping block service RPC server
2019-07-13 17:04:43,101 INFO  server.SCMBlockProtocolServer (SCMBlockProtocolServer.java:stop(148)) - Stopping the RPC server for Block Protocol
2019-07-13 17:04:43,101 INFO  ipc.Server (Server.java:stop(3082)) - Stopping server on 34405
2019-07-13 17:04:43,102 INFO  server.StorageContainerManager (StorageContainerManager.java:stop(825)) - Stopping the StorageContainerLocationProtocol RPC server
2019-07-13 17:04:43,102 INFO  server.SCMClientProtocolServer (SCMClientProtocolServer.java:stop(157)) - Stopping the RPC server for Client Protocol
2019-07-13 17:04:43,103 INFO  ipc.Server (Server.java:stop(3082)) - Stopping server on 37939
2019-07-13 17:04:43,107 INFO  ipc.Server (Server.java:run(1185)) - Stopping IPC Server listener on 37939
2019-07-13 17:04:43,107 INFO  server.StorageContainerManager (StorageContainerManager.java:stop(832)) - Stopping Storage Container Manager HTTP server.
2019-07-13 17:04:43,107 INFO  ipc.Server (Server.java:run(1319)) - Stopping IPC Server Responder
2019-07-13 17:04:43,107 INFO  ipc.Server (Server.java:run(1319)) - Stopping IPC Server Responder
2019-07-13 17:04:43,107 INFO  ipc.Server (Server.java:run(1185)) - Stopping IPC Server listener on 34405
2019-07-13 17:04:43,108 INFO  handler.ContextHandler (ContextHandler.java:doStop(910)) - Stopped o.e.j.w.WebAppContext@6fff253c{/,null,UNAVAILABLE}{/scm}
2019-07-13 17:04:43,111 INFO  server.AbstractConnector (AbstractConnector.java:doStop(318)) - Stopped ServerConnector@7c041b41{HTTP/1.1,[http/1.1]}{0.0.0.0:0}
2019-07-13 17:04:43,111 INFO  handler.ContextHandler (ContextHandler.java:doStop(910)) - Stopped o.e.j.s.ServletContextHandler@4dd02341{/static,file:///tmp/workdir/hadoop-ozone/integration-test/target/test-classes/webapps/static,UNAVAILABLE}
2019-07-13 17:04:43,111 INFO  handler.ContextHandler (ContextHandler.java:doStop(910)) - Stopped o.e.j.s.ServletContextHandler@635572a7{/logs,file:///tmp/workdir/hadoop-ozone/integration-test/target/log,UNAVAILABLE}
2019-07-13 17:04:43,113 INFO  server.StorageContainerManager (StorageContainerManager.java:stop(843)) - Stopping Block Manager Service.
2019-07-13 17:04:43,113 INFO  utils.BackgroundService (BackgroundService.java:shutdown(148)) - Shutting down service SCMBlockDeletingService
2019-07-13 17:04:43,115 INFO  utils.BackgroundService (BackgroundService.java:shutdown(148)) - Shutting down service SCMBlockDeletingService
2019-07-13 17:04:43,115 INFO  server.StorageContainerManager (StorageContainerManager.java:stop(865)) - Stopping SCM Event Queue.
2019-07-13 17:04:43,134 INFO  impl.MetricsSystemImpl (MetricsSystemImpl.java:stop(210)) - Stopping HddsDatanode metrics system...
2019-07-13 17:04:43,143 INFO  impl.MetricsSystemImpl (MetricsSystemImpl.java:stop(216)) - HddsDatanode metrics system stopped.
]]></system-out>
    <system-err><![CDATA[ERROR StatusLogger No Log4j 2 configuration file found. Using default configuration (logging only errors to the console), or user programmatically provided configurations. Set system property 'log4j2.debug' to show Log4j 2 internal initialization logging. See https://logging.apache.org/log4j/2.x/manual/configuration.html for instructions on how to configure Log4j 2
Jul 13, 2019 5:04:06 PM com.sun.jersey.server.impl.application.WebApplicationImpl _initiate
INFO: Initiating Jersey application, version 'Jersey: 1.19 02/11/2015 03:25 AM'
Jul 13, 2019 5:04:07 PM com.sun.jersey.server.impl.application.WebApplicationImpl _initiate
INFO: Initiating Jersey application, version 'Jersey: 1.19 02/11/2015 03:25 AM'
Jul 13, 2019 5:04:07 PM com.sun.jersey.server.impl.application.WebApplicationImpl _initiate
INFO: Initiating Jersey application, version 'Jersey: 1.19 02/11/2015 03:25 AM'
Jul 13, 2019 5:04:08 PM com.sun.jersey.server.impl.application.WebApplicationImpl _initiate
INFO: Initiating Jersey application, version 'Jersey: 1.19 02/11/2015 03:25 AM'
Jul 13, 2019 5:04:08 PM com.sun.jersey.server.impl.application.WebApplicationImpl _initiate
INFO: Initiating Jersey application, version 'Jersey: 1.19 02/11/2015 03:25 AM'
Jul 13, 2019 5:04:08 PM com.sun.jersey.server.impl.application.WebApplicationImpl _initiate
INFO: Initiating Jersey application, version 'Jersey: 1.19 02/11/2015 03:25 AM'
Jul 13, 2019 5:04:08 PM com.sun.jersey.server.impl.application.WebApplicationImpl _initiate
INFO: Initiating Jersey application, version 'Jersey: 1.19 02/11/2015 03:25 AM'
]]></system-err>
  </testcase>
  <testcase name="testMaxRetriesByOzoneClient" classname="org.apache.hadoop.ozone.client.rpc.TestOzoneClientRetriesOnException" time="32.115">
    <error message="Failed to command cmdType: CreateContainer&#10;containerID: 3&#10;datanodeUuid: &quot;7d3a3933-55dd-4605-959f-6101f3de8505&quot;&#10;createContainer {&#10;}&#10;" type="java.io.IOException">java.io.IOException: 
Failed to command cmdType: CreateContainer
containerID: 3
datanodeUuid: "7d3a3933-55dd-4605-959f-6101f3de8505"
createContainer {
}

	at org.apache.hadoop.hdds.scm.XceiverClientSpi.sendCommand(XceiverClientSpi.java:113)
	at org.apache.hadoop.ozone.client.rpc.TestOzoneClientRetriesOnException.testMaxRetriesByOzoneClient(TestOzoneClientRetriesOnException.java:190)
	at sun.reflect.NativeMethodAccessorImpl.invoke0(Native Method)
	at sun.reflect.NativeMethodAccessorImpl.invoke(NativeMethodAccessorImpl.java:62)
	at sun.reflect.DelegatingMethodAccessorImpl.invoke(DelegatingMethodAccessorImpl.java:43)
	at java.lang.reflect.Method.invoke(Method.java:498)
	at org.junit.runners.model.FrameworkMethod$1.runReflectiveCall(FrameworkMethod.java:47)
	at org.junit.internal.runners.model.ReflectiveCallable.run(ReflectiveCallable.java:12)
	at org.junit.runners.model.FrameworkMethod.invokeExplosively(FrameworkMethod.java:44)
	at org.junit.internal.runners.statements.InvokeMethod.evaluate(InvokeMethod.java:17)
	at org.junit.internal.runners.statements.RunBefores.evaluate(RunBefores.java:26)
	at org.junit.internal.runners.statements.RunAfters.evaluate(RunAfters.java:27)
	at org.junit.runners.ParentRunner.runLeaf(ParentRunner.java:271)
	at org.junit.runners.BlockJUnit4ClassRunner.runChild(BlockJUnit4ClassRunner.java:70)
	at org.junit.runners.BlockJUnit4ClassRunner.runChild(BlockJUnit4ClassRunner.java:50)
	at org.junit.runners.ParentRunner$3.run(ParentRunner.java:238)
	at org.junit.runners.ParentRunner$1.schedule(ParentRunner.java:63)
	at org.junit.runners.ParentRunner.runChildren(ParentRunner.java:236)
	at org.junit.runners.ParentRunner.access$000(ParentRunner.java:53)
	at org.junit.runners.ParentRunner$2.evaluate(ParentRunner.java:229)
	at org.junit.runners.ParentRunner.run(ParentRunner.java:309)
	at org.apache.maven.surefire.junit4.JUnit4Provider.execute(JUnit4Provider.java:365)
	at org.apache.maven.surefire.junit4.JUnit4Provider.executeWithRerun(JUnit4Provider.java:273)
	at org.apache.maven.surefire.junit4.JUnit4Provider.executeTestSet(JUnit4Provider.java:238)
	at org.apache.maven.surefire.junit4.JUnit4Provider.invoke(JUnit4Provider.java:159)
	at org.apache.maven.surefire.booter.ForkedBooter.invokeProviderInSameClassLoader(ForkedBooter.java:384)
	at org.apache.maven.surefire.booter.ForkedBooter.runSuitesInProcess(ForkedBooter.java:345)
	at org.apache.maven.surefire.booter.ForkedBooter.execute(ForkedBooter.java:126)
	at org.apache.maven.surefire.booter.ForkedBooter.main(ForkedBooter.java:418)
Caused by: java.util.concurrent.ExecutionException: org.apache.ratis.protocol.StateMachineException: java.util.concurrent.CompletionException: java.lang.NullPointerException
	at java.util.concurrent.CompletableFuture.reportGet(CompletableFuture.java:357)
	at java.util.concurrent.CompletableFuture.get(CompletableFuture.java:1895)
	at org.apache.hadoop.hdds.scm.XceiverClientSpi.sendCommand(XceiverClientSpi.java:110)
	... 28 more
Caused by: org.apache.ratis.protocol.StateMachineException: java.util.concurrent.CompletionException: java.lang.NullPointerException
	at java.util.concurrent.CompletableFuture.encodeThrowable(CompletableFuture.java:273)
	at java.util.concurrent.CompletableFuture.completeThrowable(CompletableFuture.java:280)
	at java.util.concurrent.CompletableFuture$AsyncSupply.run(CompletableFuture.java:1592)
	at java.util.concurrent.ThreadPoolExecutor.runWorker(ThreadPoolExecutor.java:1149)
	at java.util.concurrent.ThreadPoolExecutor$Worker.run(ThreadPoolExecutor.java:624)
	at java.lang.Thread.run(Thread.java:748)
</error>
    <system-out><![CDATA[2019-07-13 17:04:43,224 WARN  server.ServerUtils (ServerUtils.java:getScmDbDir(145)) - ozone.scm.db.dirs is not configured. We recommend adding this setting. Falling back to ozone.metadata.dirs instead.
2019-07-13 17:04:43,249 WARN  server.ServerUtils (ServerUtils.java:getScmDbDir(145)) - ozone.scm.db.dirs is not configured. We recommend adding this setting. Falling back to ozone.metadata.dirs instead.
2019-07-13 17:04:43,250 WARN  server.ServerUtils (ServerUtils.java:getScmDbDir(145)) - ozone.scm.db.dirs is not configured. We recommend adding this setting. Falling back to ozone.metadata.dirs instead.
2019-07-13 17:04:43,250 INFO  db.DBStoreBuilder (DBStoreBuilder.java:addTable(110)) - using custom profile for table: deletedBlocks
2019-07-13 17:04:43,250 INFO  db.DBStoreBuilder (DBStoreBuilder.java:processTables(161)) - Using default column profile:DBProfile.DISK for Table:deletedBlocks
2019-07-13 17:04:43,251 INFO  db.DBStoreBuilder (DBStoreBuilder.java:addTable(110)) - using custom profile for table: validCerts
2019-07-13 17:04:43,251 INFO  db.DBStoreBuilder (DBStoreBuilder.java:processTables(161)) - Using default column profile:DBProfile.DISK for Table:validCerts
2019-07-13 17:04:43,251 INFO  db.DBStoreBuilder (DBStoreBuilder.java:addTable(110)) - using custom profile for table: revokedCerts
2019-07-13 17:04:43,251 INFO  db.DBStoreBuilder (DBStoreBuilder.java:processTables(161)) - Using default column profile:DBProfile.DISK for Table:revokedCerts
2019-07-13 17:04:43,252 INFO  db.DBStoreBuilder (DBStoreBuilder.java:addTable(110)) - using custom profile for table: default
2019-07-13 17:04:43,252 INFO  db.DBStoreBuilder (DBStoreBuilder.java:processTables(167)) - Using default column profile:DBProfile.DISK for Table:default
2019-07-13 17:04:43,252 INFO  db.DBStoreBuilder (DBStoreBuilder.java:getDbProfile(198)) - Using default options. DBProfile.DISK
2019-07-13 17:04:43,353 INFO  net.NodeSchemaLoader (NodeSchemaLoader.java:loadSchemaFromFile(125)) - Loading file from sun.misc.CompoundEnumeration@2864f887
2019-07-13 17:04:43,353 INFO  net.NodeSchemaLoader (NodeSchemaLoader.java:loadSchema(171)) - Loading network topology layer schema file
2019-07-13 17:04:43,358 WARN  server.ServerUtils (ServerUtils.java:sanitizeUserArgs(70)) - ozone.scm.stale.node.interval value = 300000 is larger than max = 100000 based on the key value of ozone.scm.heartbeat.thread.interval, reset to the max value 100000.
2019-07-13 17:04:43,358 WARN  server.ServerUtils (ServerUtils.java:sanitizeUserArgs(70)) - ozone.scm.stale.node.interval value = 300000 is larger than max = 100000 based on the key value of ozone.scm.heartbeat.thread.interval, reset to the max value 100000.
2019-07-13 17:04:43,359 INFO  node.SCMNodeManager (SCMNodeManager.java:<init>(119)) - Entering startup safe mode.
2019-07-13 17:04:43,360 WARN  server.ServerUtils (ServerUtils.java:getScmDbDir(145)) - ozone.scm.db.dirs is not configured. We recommend adding this setting. Falling back to ozone.metadata.dirs instead.
2019-07-13 17:04:43,389 INFO  pipeline.SCMPipelineManager (SCMPipelineManager.java:initializePipelineState(126)) - No pipeline exists in current db
2019-07-13 17:04:43,390 WARN  server.ServerUtils (ServerUtils.java:getScmDbDir(145)) - ozone.scm.db.dirs is not configured. We recommend adding this setting. Falling back to ozone.metadata.dirs instead.
2019-07-13 17:04:43,421 WARN  events.EventQueue (EventQueue.java:fireEvent(175)) - No event handler registered for event TypedEvent{payloadType=SafeModeStatus, name='SafeModeStatus'}
2019-07-13 17:04:43,422 INFO  ipc.CallQueueManager (CallQueueManager.java:<init>(84)) - Using callQueue: class java.util.concurrent.LinkedBlockingQueue, queueCapacity: 2000, scheduler: class org.apache.hadoop.ipc.DefaultRpcScheduler, ipcBackoff: false.
2019-07-13 17:04:43,423 INFO  ipc.Server (Server.java:run(1074)) - Starting Socket Reader #1 for port 35566
2019-07-13 17:04:43,425 INFO  ipc.CallQueueManager (CallQueueManager.java:<init>(84)) - Using callQueue: class java.util.concurrent.LinkedBlockingQueue, queueCapacity: 2000, scheduler: class org.apache.hadoop.ipc.DefaultRpcScheduler, ipcBackoff: false.
2019-07-13 17:04:43,426 INFO  ipc.Server (Server.java:run(1074)) - Starting Socket Reader #1 for port 33628
2019-07-13 17:04:43,428 INFO  ipc.CallQueueManager (CallQueueManager.java:<init>(84)) - Using callQueue: class java.util.concurrent.LinkedBlockingQueue, queueCapacity: 2000, scheduler: class org.apache.hadoop.ipc.DefaultRpcScheduler, ipcBackoff: false.
2019-07-13 17:04:43,429 INFO  ipc.Server (Server.java:run(1074)) - Starting Socket Reader #1 for port 46858
2019-07-13 17:04:43,432 INFO  hdfs.DFSUtil (DFSUtil.java:httpServerTemplateForNNAndJN(1641)) - Starting Web-server for scm at: http://0.0.0.0:0
2019-07-13 17:04:43,434 INFO  server.AuthenticationFilter (AuthenticationFilter.java:constructSecretProvider(240)) - Unable to initialize FileSignerSecretProvider, falling back to use random secrets.
2019-07-13 17:04:43,435 WARN  http.HttpRequestLog (HttpRequestLog.java:getRequestLog(97)) - Jetty request log can only be enabled using Log4j
2019-07-13 17:04:43,437 INFO  http.HttpServer2 (HttpServer2.java:addGlobalFilter(975)) - Added global filter 'safety' (class=org.apache.hadoop.http.HttpServer2$QuotingInputFilter)
2019-07-13 17:04:43,439 INFO  http.HttpServer2 (HttpServer2.java:addFilter(948)) - Added filter static_user_filter (class=org.apache.hadoop.http.lib.StaticUserWebFilter$StaticUserFilter) to context scm
2019-07-13 17:04:43,439 INFO  http.HttpServer2 (HttpServer2.java:addFilter(958)) - Added filter static_user_filter (class=org.apache.hadoop.http.lib.StaticUserWebFilter$StaticUserFilter) to context static
2019-07-13 17:04:43,439 INFO  http.HttpServer2 (HttpServer2.java:addFilter(958)) - Added filter static_user_filter (class=org.apache.hadoop.http.lib.StaticUserWebFilter$StaticUserFilter) to context logs
2019-07-13 17:04:43,442 INFO  server.StorageContainerManager (StorageContainerManager.java:start(759)) - StorageContainerLocationProtocol RPC server is listening at /0.0.0.0:46858
2019-07-13 17:04:43,444 WARN  impl.MetricsConfig (MetricsConfig.java:loadFirst(134)) - Cannot locate configuration: tried hadoop-metrics2-storagecontainermanager.properties,hadoop-metrics2.properties
2019-07-13 17:04:43,445 INFO  impl.MetricsSystemImpl (MetricsSystemImpl.java:startTimer(374)) - Scheduled Metric snapshot period at 10 second(s).
2019-07-13 17:04:43,445 INFO  impl.MetricsSystemImpl (MetricsSystemImpl.java:start(191)) - StorageContainerManager metrics system started
2019-07-13 17:04:43,489 INFO  server.SCMClientProtocolServer (SCMClientProtocolServer.java:start(149)) - RPC server for Client  is listening at /0.0.0.0:46858
2019-07-13 17:04:43,489 INFO  ipc.Server (Server.java:run(1314)) - IPC Server Responder: starting
2019-07-13 17:04:43,489 INFO  ipc.Server (Server.java:run(1153)) - IPC Server listener on 46858: starting
2019-07-13 17:04:43,493 INFO  server.StorageContainerManager (StorageContainerManager.java:start(768)) - ScmBlockLocationProtocol RPC server is listening at /0.0.0.0:33628
2019-07-13 17:04:43,494 INFO  server.SCMBlockProtocolServer (SCMBlockProtocolServer.java:start(140)) - RPC server for Block Protocol is listening at /0.0.0.0:33628
2019-07-13 17:04:43,494 INFO  ipc.Server (Server.java:run(1314)) - IPC Server Responder: starting
2019-07-13 17:04:43,494 INFO  ipc.Server (Server.java:run(1153)) - IPC Server listener on 33628: starting
2019-07-13 17:04:43,498 INFO  server.StorageContainerManager (StorageContainerManager.java:start(772)) - ScmDatanodeProtocl RPC server is listening at /0.0.0.0:35566
2019-07-13 17:04:43,498 INFO  server.SCMDatanodeProtocolServer (SCMDatanodeProtocolServer.java:start(191)) - RPC server for DataNodes is listening at /0.0.0.0:35566
2019-07-13 17:04:43,499 INFO  ipc.Server (Server.java:run(1314)) - IPC Server Responder: starting
2019-07-13 17:04:43,499 INFO  ipc.Server (Server.java:run(1153)) - IPC Server listener on 35566: starting
2019-07-13 17:04:43,503 INFO  http.HttpServer2 (HttpServer2.java:bindListener(1191)) - Jetty bound to port 45537
2019-07-13 17:04:43,503 INFO  server.Server (Server.java:doStart(351)) - jetty-9.3.24.v20180605, build timestamp: 2018-06-05T17:11:56Z, git hash: 84205aa28f11a4f31f2a3b86d1bba2cc8ab69827
2019-07-13 17:04:43,505 INFO  handler.ContextHandler (ContextHandler.java:doStart(781)) - Started o.e.j.s.ServletContextHandler@38bc5ac0{/logs,file:///tmp/workdir/hadoop-ozone/integration-test/target/log,AVAILABLE}
2019-07-13 17:04:43,506 INFO  handler.ContextHandler (ContextHandler.java:doStart(781)) - Started o.e.j.s.ServletContextHandler@79d63a4f{/static,file:///tmp/workdir/hadoop-ozone/integration-test/target/test-classes/webapps/static,AVAILABLE}
2019-07-13 17:04:43,511 INFO  handler.ContextHandler (ContextHandler.java:doStart(781)) - Started o.e.j.w.WebAppContext@4fd80300{/,file:///tmp/workdir/hadoop-ozone/integration-test/target/test-classes/webapps/scm/,AVAILABLE}{/scm}
2019-07-13 17:04:43,511 INFO  server.AbstractConnector (AbstractConnector.java:doStart(278)) - Started ServerConnector@1805383{HTTP/1.1,[http/1.1]}{0.0.0.0:45537}
2019-07-13 17:04:43,512 INFO  server.Server (Server.java:doStart(419)) - Started @41763ms
2019-07-13 17:04:43,514 INFO  server.BaseHttpServer (BaseHttpServer.java:updateConnectorAddress(207)) - HTTP server of SCM is listening at http://0.0.0.0:45537
2019-07-13 17:04:43,515 WARN  server.ServerUtils (ServerUtils.java:getDBPath(222)) - ozone.om.db.dirs is not configured. We recommend adding this setting. Falling back to ozone.metadata.dirs instead.
2019-07-13 17:04:43,515 INFO  util.JvmPauseMonitor (JvmPauseMonitor.java:run(188)) - Starting JVM pause monitor
2019-07-13 17:04:43,522 WARN  server.ServerUtils (ServerUtils.java:getDBPath(222)) - ozone.om.db.dirs is not configured. We recommend adding this setting. Falling back to ozone.metadata.dirs instead.
2019-07-13 17:04:43,523 INFO  om.OzoneManager (OzoneManager.java:setOMNodeDetails(630)) - OM Service ID is not set. Setting it to the default ID: omServiceIdDefault
2019-07-13 17:04:43,523 INFO  om.OzoneManager (OzoneManager.java:setOMNodeDetails(636)) - OM Node ID is not set. Setting it to the OmStorage's OmID: 67a55b38-3e36-4b1b-80b7-c6427bb3e6cb
2019-07-13 17:04:43,524 INFO  om.OzoneManager (OzoneManager.java:loadOMHAConfigs(587)) - Found matching OM address with OMServiceId: null, OMNodeId: null, RPC Address: localhost:0 and Ratis port: 9872
2019-07-13 17:04:43,532 WARN  server.ServerUtils (ServerUtils.java:getDBPath(222)) - ozone.om.db.dirs is not configured. We recommend adding this setting. Falling back to ozone.metadata.dirs instead.
2019-07-13 17:04:43,533 INFO  db.DBStoreBuilder (DBStoreBuilder.java:addTable(110)) - using custom profile for table: userTable
2019-07-13 17:04:43,533 INFO  db.DBStoreBuilder (DBStoreBuilder.java:processTables(161)) - Using default column profile:DBProfile.DISK for Table:userTable
2019-07-13 17:04:43,533 INFO  db.DBStoreBuilder (DBStoreBuilder.java:addTable(110)) - using custom profile for table: volumeTable
2019-07-13 17:04:43,533 INFO  db.DBStoreBuilder (DBStoreBuilder.java:processTables(161)) - Using default column profile:DBProfile.DISK for Table:volumeTable
2019-07-13 17:04:43,534 INFO  db.DBStoreBuilder (DBStoreBuilder.java:addTable(110)) - using custom profile for table: bucketTable
2019-07-13 17:04:43,534 INFO  db.DBStoreBuilder (DBStoreBuilder.java:processTables(161)) - Using default column profile:DBProfile.DISK for Table:bucketTable
2019-07-13 17:04:43,534 INFO  db.DBStoreBuilder (DBStoreBuilder.java:addTable(110)) - using custom profile for table: keyTable
2019-07-13 17:04:43,535 INFO  db.DBStoreBuilder (DBStoreBuilder.java:processTables(161)) - Using default column profile:DBProfile.DISK for Table:keyTable
2019-07-13 17:04:43,535 INFO  db.DBStoreBuilder (DBStoreBuilder.java:addTable(110)) - using custom profile for table: deletedTable
2019-07-13 17:04:43,535 INFO  db.DBStoreBuilder (DBStoreBuilder.java:processTables(161)) - Using default column profile:DBProfile.DISK for Table:deletedTable
2019-07-13 17:04:43,535 INFO  db.DBStoreBuilder (DBStoreBuilder.java:addTable(110)) - using custom profile for table: openKeyTable
2019-07-13 17:04:43,536 INFO  db.DBStoreBuilder (DBStoreBuilder.java:processTables(161)) - Using default column profile:DBProfile.DISK for Table:openKeyTable
2019-07-13 17:04:43,536 INFO  db.DBStoreBuilder (DBStoreBuilder.java:addTable(110)) - using custom profile for table: s3Table
2019-07-13 17:04:43,536 INFO  db.DBStoreBuilder (DBStoreBuilder.java:processTables(161)) - Using default column profile:DBProfile.DISK for Table:s3Table
2019-07-13 17:04:43,536 INFO  db.DBStoreBuilder (DBStoreBuilder.java:addTable(110)) - using custom profile for table: multipartInfoTable
2019-07-13 17:04:43,537 INFO  db.DBStoreBuilder (DBStoreBuilder.java:processTables(161)) - Using default column profile:DBProfile.DISK for Table:multipartInfoTable
2019-07-13 17:04:43,537 INFO  db.DBStoreBuilder (DBStoreBuilder.java:addTable(110)) - using custom profile for table: dTokenTable
2019-07-13 17:04:43,537 INFO  db.DBStoreBuilder (DBStoreBuilder.java:processTables(161)) - Using default column profile:DBProfile.DISK for Table:dTokenTable
2019-07-13 17:04:43,538 INFO  db.DBStoreBuilder (DBStoreBuilder.java:addTable(110)) - using custom profile for table: s3SecretTable
2019-07-13 17:04:43,538 INFO  db.DBStoreBuilder (DBStoreBuilder.java:processTables(161)) - Using default column profile:DBProfile.DISK for Table:s3SecretTable
2019-07-13 17:04:43,538 INFO  db.DBStoreBuilder (DBStoreBuilder.java:addTable(110)) - using custom profile for table: prefixTable
2019-07-13 17:04:43,538 INFO  db.DBStoreBuilder (DBStoreBuilder.java:processTables(161)) - Using default column profile:DBProfile.DISK for Table:prefixTable
2019-07-13 17:04:43,539 INFO  db.DBStoreBuilder (DBStoreBuilder.java:addTable(110)) - using custom profile for table: default
2019-07-13 17:04:43,539 INFO  db.DBStoreBuilder (DBStoreBuilder.java:processTables(167)) - Using default column profile:DBProfile.DISK for Table:default
2019-07-13 17:04:43,539 INFO  db.DBStoreBuilder (DBStoreBuilder.java:getDbProfile(198)) - Using default options. DBProfile.DISK
2019-07-13 17:04:43,853 INFO  ipc.CallQueueManager (CallQueueManager.java:<init>(84)) - Using callQueue: class java.util.concurrent.LinkedBlockingQueue, queueCapacity: 2000, scheduler: class org.apache.hadoop.ipc.DefaultRpcScheduler, ipcBackoff: false.
2019-07-13 17:04:43,854 INFO  ipc.Server (Server.java:run(1074)) - Starting Socket Reader #1 for port 40493
2019-07-13 17:04:43,875 WARN  server.ServerUtils (ServerUtils.java:getDBPath(222)) - ozone.om.db.dirs is not configured. We recommend adding this setting. Falling back to ozone.metadata.dirs instead.
2019-07-13 17:04:43,875 INFO  om.OzoneManager (OzoneManager.java:start(1228)) - OzoneManager RPC server is listening at localhost/127.0.0.1:40493
2019-07-13 17:04:43,875 INFO  impl.MetricsSystemImpl (MetricsSystemImpl.java:init(158)) - OzoneManager metrics system started (again)
2019-07-13 17:04:43,876 INFO  ipc.Server (Server.java:run(1314)) - IPC Server Responder: starting
2019-07-13 17:04:43,877 INFO  ipc.Server (Server.java:run(1153)) - IPC Server listener on 40493: starting
2019-07-13 17:04:43,882 INFO  hdfs.DFSUtil (DFSUtil.java:httpServerTemplateForNNAndJN(1641)) - Starting Web-server for ozoneManager at: http://0.0.0.0:0
2019-07-13 17:04:43,884 INFO  server.AuthenticationFilter (AuthenticationFilter.java:constructSecretProvider(240)) - Unable to initialize FileSignerSecretProvider, falling back to use random secrets.
2019-07-13 17:04:43,885 WARN  http.HttpRequestLog (HttpRequestLog.java:getRequestLog(97)) - Jetty request log can only be enabled using Log4j
2019-07-13 17:04:43,887 INFO  http.HttpServer2 (HttpServer2.java:addGlobalFilter(975)) - Added global filter 'safety' (class=org.apache.hadoop.http.HttpServer2$QuotingInputFilter)
2019-07-13 17:04:43,888 INFO  http.HttpServer2 (HttpServer2.java:addFilter(948)) - Added filter static_user_filter (class=org.apache.hadoop.http.lib.StaticUserWebFilter$StaticUserFilter) to context ozoneManager
2019-07-13 17:04:43,888 INFO  http.HttpServer2 (HttpServer2.java:addFilter(958)) - Added filter static_user_filter (class=org.apache.hadoop.http.lib.StaticUserWebFilter$StaticUserFilter) to context static
2019-07-13 17:04:43,888 INFO  http.HttpServer2 (HttpServer2.java:addFilter(958)) - Added filter static_user_filter (class=org.apache.hadoop.http.lib.StaticUserWebFilter$StaticUserFilter) to context logs
2019-07-13 17:04:43,889 INFO  http.HttpServer2 (HttpServer2.java:bindListener(1191)) - Jetty bound to port 38529
2019-07-13 17:04:43,889 INFO  server.Server (Server.java:doStart(351)) - jetty-9.3.24.v20180605, build timestamp: 2018-06-05T17:11:56Z, git hash: 84205aa28f11a4f31f2a3b86d1bba2cc8ab69827
2019-07-13 17:04:43,891 INFO  handler.ContextHandler (ContextHandler.java:doStart(781)) - Started o.e.j.s.ServletContextHandler@75839695{/logs,file:///tmp/workdir/hadoop-ozone/integration-test/target/log,AVAILABLE}
2019-07-13 17:04:43,892 INFO  handler.ContextHandler (ContextHandler.java:doStart(781)) - Started o.e.j.s.ServletContextHandler@794c5f5e{/static,file:///tmp/workdir/hadoop-ozone/integration-test/target/test-classes/webapps/static,AVAILABLE}
2019-07-13 17:04:43,897 INFO  handler.ContextHandler (ContextHandler.java:doStart(781)) - Started o.e.j.w.WebAppContext@b55f5b7{/,file:///tmp/workdir/hadoop-ozone/integration-test/target/test-classes/webapps/ozoneManager/,AVAILABLE}{/ozoneManager}
2019-07-13 17:04:43,897 INFO  server.AbstractConnector (AbstractConnector.java:doStart(278)) - Started ServerConnector@2aa6bbad{HTTP/1.1,[http/1.1]}{0.0.0.0:38529}
2019-07-13 17:04:43,898 INFO  server.Server (Server.java:doStart(419)) - Started @42149ms
2019-07-13 17:04:43,899 INFO  server.BaseHttpServer (BaseHttpServer.java:updateConnectorAddress(207)) - HTTP server of OZONEMANAGER is listening at http://0.0.0.0:38529
2019-07-13 17:04:43,913 INFO  impl.MetricsSystemImpl (MetricsSystemImpl.java:init(158)) - HddsDatanode metrics system started (again)
2019-07-13 17:04:43,913 INFO  ozone.HddsDatanodeService (HddsDatanodeService.java:start(185)) - HddsDatanodeService host:trunk-nightly-z92hn-1831959607 ip:192.168.5.187
2019-07-13 17:04:43,920 INFO  volume.HddsVolume (HddsVolume.java:<init>(176)) - Creating Volume: /tmp/workdir/hadoop-ozone/integration-test/target/test-dir/MiniOzoneClusterImpl-ac734e81-a551-49a1-a9b5-52ad4610d347/datanode-0/data/containers/hdds of  storage type : DISK and capacity : 52710309888
2019-07-13 17:04:43,921 INFO  volume.VolumeSet (VolumeSet.java:initializeVolumeSet(170)) - Added Volume : /tmp/workdir/hadoop-ozone/integration-test/target/test-dir/MiniOzoneClusterImpl-ac734e81-a551-49a1-a9b5-52ad4610d347/datanode-0/data/containers/hdds to VolumeSet
2019-07-13 17:04:43,921 INFO  volume.ThrottledAsyncChecker (ThrottledAsyncChecker.java:schedule(140)) - Scheduling a check for org.apache.hadoop.ozone.container.common.volume.HddsVolume@76596288
2019-07-13 17:04:43,922 INFO  volume.HddsVolumeChecker (HddsVolumeChecker.java:checkAllVolumes(203)) - Scheduled health check for volume org.apache.hadoop.ozone.container.common.volume.HddsVolume@76596288
2019-07-13 17:04:43,935 INFO  impl.RaftServerProxy (ConfUtils.java:logGet(43)) - raft.rpc.type = GRPC (default)
2019-07-13 17:04:43,935 INFO  grpc.GrpcFactory (GrpcFactory.java:checkPooledByteBufAllocatorUseCacheForAllThreads(45)) - PERFORMANCE WARNING: useCacheForAllThreads is true that may cause Netty to create a lot garbage objects and, as a result, trigger GC.
	It is recommended to disable useCacheForAllThreads by setting -Dorg.apache.ratis.thirdparty.io.netty.allocator.useCacheForAllThreads=false in command line.
2019-07-13 17:04:43,935 INFO  grpc.GrpcConfigKeys$Server (ConfUtils.java:logGet(43)) - raft.grpc.server.port = 0 (default)
2019-07-13 17:04:43,935 INFO  server.GrpcService (ConfUtils.java:logGet(43)) - raft.grpc.message.size.max = 33570816 (custom)
2019-07-13 17:04:43,935 INFO  server.RaftServerConfigKeys (ConfUtils.java:logGet(43)) - raft.server.log.appender.buffer.byte-limit = 33554432 (custom)
2019-07-13 17:04:43,936 INFO  server.GrpcService (ConfUtils.java:logGet(43)) - raft.grpc.flow.control.window = 1MB (=1048576) (default)
2019-07-13 17:04:43,936 INFO  server.RaftServerConfigKeys (ConfUtils.java:logGet(43)) - raft.server.rpc.request.timeout = 3000ms (default)
2019-07-13 17:04:43,936 INFO  server.RaftServerConfigKeys (ConfUtils.java:logGet(43)) - raft.server.storage.dir = [/tmp/workdir/hadoop-ozone/integration-test/target/test-dir/MiniOzoneClusterImpl-ac734e81-a551-49a1-a9b5-52ad4610d347/datanode-0/data/ratis] (custom)
2019-07-13 17:04:43,937 INFO  replication.SimpleContainerDownloader (SimpleContainerDownloader.java:<init>(72)) - Starting container downloader service to copy containers to replicate.
2019-07-13 17:04:43,938 INFO  hdfs.DFSUtil (DFSUtil.java:httpServerTemplateForNNAndJN(1641)) - Starting Web-server for hddsDatanode at: http://0.0.0.0:0
2019-07-13 17:04:43,939 INFO  server.AuthenticationFilter (AuthenticationFilter.java:constructSecretProvider(240)) - Unable to initialize FileSignerSecretProvider, falling back to use random secrets.
2019-07-13 17:04:43,940 WARN  http.HttpRequestLog (HttpRequestLog.java:getRequestLog(97)) - Jetty request log can only be enabled using Log4j
2019-07-13 17:04:43,942 INFO  http.HttpServer2 (HttpServer2.java:addGlobalFilter(975)) - Added global filter 'safety' (class=org.apache.hadoop.http.HttpServer2$QuotingInputFilter)
2019-07-13 17:04:43,942 INFO  http.HttpServer2 (HttpServer2.java:addFilter(948)) - Added filter static_user_filter (class=org.apache.hadoop.http.lib.StaticUserWebFilter$StaticUserFilter) to context hddsDatanode
2019-07-13 17:04:43,942 INFO  http.HttpServer2 (HttpServer2.java:addFilter(958)) - Added filter static_user_filter (class=org.apache.hadoop.http.lib.StaticUserWebFilter$StaticUserFilter) to context logs
2019-07-13 17:04:43,942 INFO  http.HttpServer2 (HttpServer2.java:addFilter(958)) - Added filter static_user_filter (class=org.apache.hadoop.http.lib.StaticUserWebFilter$StaticUserFilter) to context static
2019-07-13 17:04:43,943 INFO  http.HttpServer2 (HttpServer2.java:bindListener(1191)) - Jetty bound to port 42833
2019-07-13 17:04:43,943 INFO  server.Server (Server.java:doStart(351)) - jetty-9.3.24.v20180605, build timestamp: 2018-06-05T17:11:56Z, git hash: 84205aa28f11a4f31f2a3b86d1bba2cc8ab69827
2019-07-13 17:04:43,945 INFO  handler.ContextHandler (ContextHandler.java:doStart(781)) - Started o.e.j.s.ServletContextHandler@1322b575{/logs,file:///tmp/workdir/hadoop-ozone/integration-test/target/log,AVAILABLE}
2019-07-13 17:04:43,945 INFO  handler.ContextHandler (ContextHandler.java:doStart(781)) - Started o.e.j.s.ServletContextHandler@d504137{/static,jar:file:/home/user/.m2/repository/org/apache/hadoop/hadoop-hdds-container-service/0.5.0-SNAPSHOT/hadoop-hdds-container-service-0.5.0-SNAPSHOT.jar!/webapps/static,AVAILABLE}
2019-07-13 17:04:43,972 INFO  handler.ContextHandler (ContextHandler.java:doStart(781)) - Started o.e.j.w.WebAppContext@56c42964{/,file:///tmp/jetty-0.0.0.0-42833-hddsDatanode-_-any-1414114800020278170.dir/webapp/,AVAILABLE}{/hddsDatanode}
2019-07-13 17:04:43,973 INFO  server.AbstractConnector (AbstractConnector.java:doStart(278)) - Started ServerConnector@211a9647{HTTP/1.1,[http/1.1]}{0.0.0.0:42833}
2019-07-13 17:04:43,974 INFO  server.Server (Server.java:doStart(419)) - Started @42225ms
2019-07-13 17:04:43,974 INFO  server.BaseHttpServer (BaseHttpServer.java:updateConnectorAddress(207)) - HTTP server of HDDSDATANODE is listening at http://0.0.0.0:42833
2019-07-13 17:04:44,094 INFO  ozone.HddsDatanodeService (HddsDatanodeService.java:startPlugins(396)) - Started plug-in org.apache.hadoop.ozone.web.OzoneHddsDatanodeService@714f1a44
2019-07-13 17:04:44,094 INFO  impl.MetricsSystemImpl (MetricsSystemImpl.java:init(158)) - HddsDatanode metrics system started (again)
2019-07-13 17:04:44,095 INFO  ozone.HddsDatanodeService (HddsDatanodeService.java:start(185)) - HddsDatanodeService host:trunk-nightly-z92hn-1831959607 ip:192.168.5.187
2019-07-13 17:04:44,097 INFO  util.JvmPauseMonitor (JvmPauseMonitor.java:run(188)) - Starting JVM pause monitor
2019-07-13 17:04:44,099 INFO  datanode.InitDatanodeState (InitDatanodeState.java:persistContainerDatanodeDetails(140)) - DatanodeDetails is persisted to /tmp/workdir/hadoop-ozone/integration-test/target/test-dir/MiniOzoneClusterImpl-ac734e81-a551-49a1-a9b5-52ad4610d347/datanode-0/meta/datanode.id
2019-07-13 17:04:44,102 INFO  volume.HddsVolume (HddsVolume.java:<init>(176)) - Creating Volume: /tmp/workdir/hadoop-ozone/integration-test/target/test-dir/MiniOzoneClusterImpl-ac734e81-a551-49a1-a9b5-52ad4610d347/datanode-1/data/containers/hdds of  storage type : DISK and capacity : 52710309888
2019-07-13 17:04:44,102 INFO  volume.VolumeSet (VolumeSet.java:initializeVolumeSet(170)) - Added Volume : /tmp/workdir/hadoop-ozone/integration-test/target/test-dir/MiniOzoneClusterImpl-ac734e81-a551-49a1-a9b5-52ad4610d347/datanode-1/data/containers/hdds to VolumeSet
2019-07-13 17:04:44,103 INFO  volume.ThrottledAsyncChecker (ThrottledAsyncChecker.java:schedule(140)) - Scheduling a check for org.apache.hadoop.ozone.container.common.volume.HddsVolume@39a7eca5
2019-07-13 17:04:44,103 INFO  volume.HddsVolumeChecker (HddsVolumeChecker.java:checkAllVolumes(203)) - Scheduled health check for volume org.apache.hadoop.ozone.container.common.volume.HddsVolume@39a7eca5
2019-07-13 17:04:44,116 INFO  impl.RaftServerProxy (ConfUtils.java:logGet(43)) - raft.rpc.type = GRPC (default)
2019-07-13 17:04:44,116 INFO  grpc.GrpcFactory (GrpcFactory.java:checkPooledByteBufAllocatorUseCacheForAllThreads(45)) - PERFORMANCE WARNING: useCacheForAllThreads is true that may cause Netty to create a lot garbage objects and, as a result, trigger GC.
	It is recommended to disable useCacheForAllThreads by setting -Dorg.apache.ratis.thirdparty.io.netty.allocator.useCacheForAllThreads=false in command line.
2019-07-13 17:04:44,116 INFO  grpc.GrpcConfigKeys$Server (ConfUtils.java:logGet(43)) - raft.grpc.server.port = 0 (default)
2019-07-13 17:04:44,117 INFO  server.GrpcService (ConfUtils.java:logGet(43)) - raft.grpc.message.size.max = 33570816 (custom)
2019-07-13 17:04:44,117 INFO  server.RaftServerConfigKeys (ConfUtils.java:logGet(43)) - raft.server.log.appender.buffer.byte-limit = 33554432 (custom)
2019-07-13 17:04:44,117 INFO  server.GrpcService (ConfUtils.java:logGet(43)) - raft.grpc.flow.control.window = 1MB (=1048576) (default)
2019-07-13 17:04:44,117 INFO  server.RaftServerConfigKeys (ConfUtils.java:logGet(43)) - raft.server.rpc.request.timeout = 3000ms (default)
2019-07-13 17:04:44,118 INFO  server.RaftServerConfigKeys (ConfUtils.java:logGet(43)) - raft.server.storage.dir = [/tmp/workdir/hadoop-ozone/integration-test/target/test-dir/MiniOzoneClusterImpl-ac734e81-a551-49a1-a9b5-52ad4610d347/datanode-1/data/ratis] (custom)
2019-07-13 17:04:44,118 INFO  replication.SimpleContainerDownloader (SimpleContainerDownloader.java:<init>(72)) - Starting container downloader service to copy containers to replicate.
2019-07-13 17:04:44,119 INFO  hdfs.DFSUtil (DFSUtil.java:httpServerTemplateForNNAndJN(1641)) - Starting Web-server for hddsDatanode at: http://0.0.0.0:0
2019-07-13 17:04:44,120 INFO  server.AuthenticationFilter (AuthenticationFilter.java:constructSecretProvider(240)) - Unable to initialize FileSignerSecretProvider, falling back to use random secrets.
2019-07-13 17:04:44,121 WARN  http.HttpRequestLog (HttpRequestLog.java:getRequestLog(97)) - Jetty request log can only be enabled using Log4j
2019-07-13 17:04:44,122 INFO  http.HttpServer2 (HttpServer2.java:addGlobalFilter(975)) - Added global filter 'safety' (class=org.apache.hadoop.http.HttpServer2$QuotingInputFilter)
2019-07-13 17:04:44,123 INFO  http.HttpServer2 (HttpServer2.java:addFilter(948)) - Added filter static_user_filter (class=org.apache.hadoop.http.lib.StaticUserWebFilter$StaticUserFilter) to context hddsDatanode
2019-07-13 17:04:44,123 INFO  http.HttpServer2 (HttpServer2.java:addFilter(958)) - Added filter static_user_filter (class=org.apache.hadoop.http.lib.StaticUserWebFilter$StaticUserFilter) to context logs
2019-07-13 17:04:44,123 INFO  http.HttpServer2 (HttpServer2.java:addFilter(958)) - Added filter static_user_filter (class=org.apache.hadoop.http.lib.StaticUserWebFilter$StaticUserFilter) to context static
2019-07-13 17:04:44,123 INFO  http.HttpServer2 (HttpServer2.java:bindListener(1191)) - Jetty bound to port 43054
2019-07-13 17:04:44,124 INFO  server.Server (Server.java:doStart(351)) - jetty-9.3.24.v20180605, build timestamp: 2018-06-05T17:11:56Z, git hash: 84205aa28f11a4f31f2a3b86d1bba2cc8ab69827
2019-07-13 17:04:44,126 INFO  handler.ContextHandler (ContextHandler.java:doStart(781)) - Started o.e.j.s.ServletContextHandler@65e620b0{/logs,file:///tmp/workdir/hadoop-ozone/integration-test/target/log,AVAILABLE}
2019-07-13 17:04:44,126 INFO  handler.ContextHandler (ContextHandler.java:doStart(781)) - Started o.e.j.s.ServletContextHandler@74707df8{/static,jar:file:/home/user/.m2/repository/org/apache/hadoop/hadoop-hdds-container-service/0.5.0-SNAPSHOT/hadoop-hdds-container-service-0.5.0-SNAPSHOT.jar!/webapps/static,AVAILABLE}
2019-07-13 17:04:44,153 INFO  handler.ContextHandler (ContextHandler.java:doStart(781)) - Started o.e.j.w.WebAppContext@b5de9ac{/,file:///tmp/jetty-0.0.0.0-43054-hddsDatanode-_-any-439116688659714401.dir/webapp/,AVAILABLE}{/hddsDatanode}
2019-07-13 17:04:44,154 INFO  server.AbstractConnector (AbstractConnector.java:doStart(278)) - Started ServerConnector@4ecd8ab1{HTTP/1.1,[http/1.1]}{0.0.0.0:43054}
2019-07-13 17:04:44,154 INFO  server.Server (Server.java:doStart(419)) - Started @42406ms
2019-07-13 17:04:44,155 INFO  server.BaseHttpServer (BaseHttpServer.java:updateConnectorAddress(207)) - HTTP server of HDDSDATANODE is listening at http://0.0.0.0:43054
2019-07-13 17:04:44,299 INFO  ozone.HddsDatanodeService (HddsDatanodeService.java:startPlugins(396)) - Started plug-in org.apache.hadoop.ozone.web.OzoneHddsDatanodeService@4fa91d5b
2019-07-13 17:04:44,300 INFO  impl.MetricsSystemImpl (MetricsSystemImpl.java:init(158)) - HddsDatanode metrics system started (again)
2019-07-13 17:04:44,302 INFO  ozone.HddsDatanodeService (HddsDatanodeService.java:start(185)) - HddsDatanodeService host:trunk-nightly-z92hn-1831959607 ip:192.168.5.187
2019-07-13 17:04:44,303 INFO  util.JvmPauseMonitor (JvmPauseMonitor.java:run(188)) - Starting JVM pause monitor
2019-07-13 17:04:44,305 INFO  datanode.InitDatanodeState (InitDatanodeState.java:persistContainerDatanodeDetails(140)) - DatanodeDetails is persisted to /tmp/workdir/hadoop-ozone/integration-test/target/test-dir/MiniOzoneClusterImpl-ac734e81-a551-49a1-a9b5-52ad4610d347/datanode-1/meta/datanode.id
2019-07-13 17:04:44,310 INFO  volume.HddsVolume (HddsVolume.java:<init>(176)) - Creating Volume: /tmp/workdir/hadoop-ozone/integration-test/target/test-dir/MiniOzoneClusterImpl-ac734e81-a551-49a1-a9b5-52ad4610d347/datanode-2/data/containers/hdds of  storage type : DISK and capacity : 52710309888
2019-07-13 17:04:44,310 INFO  volume.VolumeSet (VolumeSet.java:initializeVolumeSet(170)) - Added Volume : /tmp/workdir/hadoop-ozone/integration-test/target/test-dir/MiniOzoneClusterImpl-ac734e81-a551-49a1-a9b5-52ad4610d347/datanode-2/data/containers/hdds to VolumeSet
2019-07-13 17:04:44,310 INFO  volume.ThrottledAsyncChecker (ThrottledAsyncChecker.java:schedule(140)) - Scheduling a check for org.apache.hadoop.ozone.container.common.volume.HddsVolume@531ec2ca
2019-07-13 17:04:44,311 INFO  volume.HddsVolumeChecker (HddsVolumeChecker.java:checkAllVolumes(203)) - Scheduled health check for volume org.apache.hadoop.ozone.container.common.volume.HddsVolume@531ec2ca
2019-07-13 17:04:44,326 INFO  impl.RaftServerProxy (ConfUtils.java:logGet(43)) - raft.rpc.type = GRPC (default)
2019-07-13 17:04:44,326 INFO  grpc.GrpcFactory (GrpcFactory.java:checkPooledByteBufAllocatorUseCacheForAllThreads(45)) - PERFORMANCE WARNING: useCacheForAllThreads is true that may cause Netty to create a lot garbage objects and, as a result, trigger GC.
	It is recommended to disable useCacheForAllThreads by setting -Dorg.apache.ratis.thirdparty.io.netty.allocator.useCacheForAllThreads=false in command line.
2019-07-13 17:04:44,326 INFO  grpc.GrpcConfigKeys$Server (ConfUtils.java:logGet(43)) - raft.grpc.server.port = 0 (default)
2019-07-13 17:04:44,327 INFO  server.GrpcService (ConfUtils.java:logGet(43)) - raft.grpc.message.size.max = 33570816 (custom)
2019-07-13 17:04:44,327 INFO  server.RaftServerConfigKeys (ConfUtils.java:logGet(43)) - raft.server.log.appender.buffer.byte-limit = 33554432 (custom)
2019-07-13 17:04:44,327 INFO  server.GrpcService (ConfUtils.java:logGet(43)) - raft.grpc.flow.control.window = 1MB (=1048576) (default)
2019-07-13 17:04:44,327 INFO  server.RaftServerConfigKeys (ConfUtils.java:logGet(43)) - raft.server.rpc.request.timeout = 3000ms (default)
2019-07-13 17:04:44,328 INFO  server.RaftServerConfigKeys (ConfUtils.java:logGet(43)) - raft.server.storage.dir = [/tmp/workdir/hadoop-ozone/integration-test/target/test-dir/MiniOzoneClusterImpl-ac734e81-a551-49a1-a9b5-52ad4610d347/datanode-2/data/ratis] (custom)
2019-07-13 17:04:44,328 INFO  replication.SimpleContainerDownloader (SimpleContainerDownloader.java:<init>(72)) - Starting container downloader service to copy containers to replicate.
2019-07-13 17:04:44,330 INFO  hdfs.DFSUtil (DFSUtil.java:httpServerTemplateForNNAndJN(1641)) - Starting Web-server for hddsDatanode at: http://0.0.0.0:0
2019-07-13 17:04:44,331 INFO  server.AuthenticationFilter (AuthenticationFilter.java:constructSecretProvider(240)) - Unable to initialize FileSignerSecretProvider, falling back to use random secrets.
2019-07-13 17:04:44,332 WARN  http.HttpRequestLog (HttpRequestLog.java:getRequestLog(97)) - Jetty request log can only be enabled using Log4j
2019-07-13 17:04:44,333 INFO  http.HttpServer2 (HttpServer2.java:addGlobalFilter(975)) - Added global filter 'safety' (class=org.apache.hadoop.http.HttpServer2$QuotingInputFilter)
2019-07-13 17:04:44,334 INFO  http.HttpServer2 (HttpServer2.java:addFilter(948)) - Added filter static_user_filter (class=org.apache.hadoop.http.lib.StaticUserWebFilter$StaticUserFilter) to context hddsDatanode
2019-07-13 17:04:44,334 INFO  http.HttpServer2 (HttpServer2.java:addFilter(958)) - Added filter static_user_filter (class=org.apache.hadoop.http.lib.StaticUserWebFilter$StaticUserFilter) to context logs
2019-07-13 17:04:44,335 INFO  http.HttpServer2 (HttpServer2.java:addFilter(958)) - Added filter static_user_filter (class=org.apache.hadoop.http.lib.StaticUserWebFilter$StaticUserFilter) to context static
2019-07-13 17:04:44,335 INFO  http.HttpServer2 (HttpServer2.java:bindListener(1191)) - Jetty bound to port 36948
2019-07-13 17:04:44,335 INFO  server.Server (Server.java:doStart(351)) - jetty-9.3.24.v20180605, build timestamp: 2018-06-05T17:11:56Z, git hash: 84205aa28f11a4f31f2a3b86d1bba2cc8ab69827
2019-07-13 17:04:44,337 INFO  handler.ContextHandler (ContextHandler.java:doStart(781)) - Started o.e.j.s.ServletContextHandler@6fced25c{/logs,file:///tmp/workdir/hadoop-ozone/integration-test/target/log,AVAILABLE}
2019-07-13 17:04:44,338 INFO  handler.ContextHandler (ContextHandler.java:doStart(781)) - Started o.e.j.s.ServletContextHandler@1b94c789{/static,jar:file:/home/user/.m2/repository/org/apache/hadoop/hadoop-hdds-container-service/0.5.0-SNAPSHOT/hadoop-hdds-container-service-0.5.0-SNAPSHOT.jar!/webapps/static,AVAILABLE}
2019-07-13 17:04:44,367 INFO  handler.ContextHandler (ContextHandler.java:doStart(781)) - Started o.e.j.w.WebAppContext@45c423b3{/,file:///tmp/jetty-0.0.0.0-36948-hddsDatanode-_-any-4344073435345842860.dir/webapp/,AVAILABLE}{/hddsDatanode}
2019-07-13 17:04:44,368 INFO  server.AbstractConnector (AbstractConnector.java:doStart(278)) - Started ServerConnector@7e31d53b{HTTP/1.1,[http/1.1]}{0.0.0.0:36948}
2019-07-13 17:04:44,368 INFO  server.Server (Server.java:doStart(419)) - Started @42619ms
2019-07-13 17:04:44,369 INFO  server.BaseHttpServer (BaseHttpServer.java:updateConnectorAddress(207)) - HTTP server of HDDSDATANODE is listening at http://0.0.0.0:36948
2019-07-13 17:04:44,478 INFO  ozone.HddsDatanodeService (HddsDatanodeService.java:startPlugins(396)) - Started plug-in org.apache.hadoop.ozone.web.OzoneHddsDatanodeService@2c0dca15
2019-07-13 17:04:44,479 INFO  impl.MetricsSystemImpl (MetricsSystemImpl.java:init(158)) - HddsDatanode metrics system started (again)
2019-07-13 17:04:44,480 INFO  ozone.HddsDatanodeService (HddsDatanodeService.java:start(185)) - HddsDatanodeService host:trunk-nightly-z92hn-1831959607 ip:192.168.5.187
2019-07-13 17:04:44,481 INFO  util.JvmPauseMonitor (JvmPauseMonitor.java:run(188)) - Starting JVM pause monitor
2019-07-13 17:04:44,483 INFO  datanode.InitDatanodeState (InitDatanodeState.java:persistContainerDatanodeDetails(140)) - DatanodeDetails is persisted to /tmp/workdir/hadoop-ozone/integration-test/target/test-dir/MiniOzoneClusterImpl-ac734e81-a551-49a1-a9b5-52ad4610d347/datanode-2/meta/datanode.id
2019-07-13 17:04:44,488 INFO  volume.HddsVolume (HddsVolume.java:<init>(176)) - Creating Volume: /tmp/workdir/hadoop-ozone/integration-test/target/test-dir/MiniOzoneClusterImpl-ac734e81-a551-49a1-a9b5-52ad4610d347/datanode-3/data/containers/hdds of  storage type : DISK and capacity : 52710309888
2019-07-13 17:04:44,488 INFO  volume.VolumeSet (VolumeSet.java:initializeVolumeSet(170)) - Added Volume : /tmp/workdir/hadoop-ozone/integration-test/target/test-dir/MiniOzoneClusterImpl-ac734e81-a551-49a1-a9b5-52ad4610d347/datanode-3/data/containers/hdds to VolumeSet
2019-07-13 17:04:44,488 INFO  volume.ThrottledAsyncChecker (ThrottledAsyncChecker.java:schedule(140)) - Scheduling a check for org.apache.hadoop.ozone.container.common.volume.HddsVolume@615bad16
2019-07-13 17:04:44,489 INFO  volume.HddsVolumeChecker (HddsVolumeChecker.java:checkAllVolumes(203)) - Scheduled health check for volume org.apache.hadoop.ozone.container.common.volume.HddsVolume@615bad16
2019-07-13 17:04:44,502 INFO  impl.RaftServerProxy (ConfUtils.java:logGet(43)) - raft.rpc.type = GRPC (default)
2019-07-13 17:04:44,502 INFO  grpc.GrpcFactory (GrpcFactory.java:checkPooledByteBufAllocatorUseCacheForAllThreads(45)) - PERFORMANCE WARNING: useCacheForAllThreads is true that may cause Netty to create a lot garbage objects and, as a result, trigger GC.
	It is recommended to disable useCacheForAllThreads by setting -Dorg.apache.ratis.thirdparty.io.netty.allocator.useCacheForAllThreads=false in command line.
2019-07-13 17:04:44,502 INFO  grpc.GrpcConfigKeys$Server (ConfUtils.java:logGet(43)) - raft.grpc.server.port = 0 (default)
2019-07-13 17:04:44,502 INFO  server.GrpcService (ConfUtils.java:logGet(43)) - raft.grpc.message.size.max = 33570816 (custom)
2019-07-13 17:04:44,502 INFO  server.RaftServerConfigKeys (ConfUtils.java:logGet(43)) - raft.server.log.appender.buffer.byte-limit = 33554432 (custom)
2019-07-13 17:04:44,502 INFO  server.GrpcService (ConfUtils.java:logGet(43)) - raft.grpc.flow.control.window = 1MB (=1048576) (default)
2019-07-13 17:04:44,503 INFO  server.RaftServerConfigKeys (ConfUtils.java:logGet(43)) - raft.server.rpc.request.timeout = 3000ms (default)
2019-07-13 17:04:44,503 INFO  server.RaftServerConfigKeys (ConfUtils.java:logGet(43)) - raft.server.storage.dir = [/tmp/workdir/hadoop-ozone/integration-test/target/test-dir/MiniOzoneClusterImpl-ac734e81-a551-49a1-a9b5-52ad4610d347/datanode-3/data/ratis] (custom)
2019-07-13 17:04:44,503 INFO  replication.SimpleContainerDownloader (SimpleContainerDownloader.java:<init>(72)) - Starting container downloader service to copy containers to replicate.
2019-07-13 17:04:44,505 INFO  hdfs.DFSUtil (DFSUtil.java:httpServerTemplateForNNAndJN(1641)) - Starting Web-server for hddsDatanode at: http://0.0.0.0:0
2019-07-13 17:04:44,506 INFO  server.AuthenticationFilter (AuthenticationFilter.java:constructSecretProvider(240)) - Unable to initialize FileSignerSecretProvider, falling back to use random secrets.
2019-07-13 17:04:44,506 WARN  http.HttpRequestLog (HttpRequestLog.java:getRequestLog(97)) - Jetty request log can only be enabled using Log4j
2019-07-13 17:04:44,507 INFO  http.HttpServer2 (HttpServer2.java:addGlobalFilter(975)) - Added global filter 'safety' (class=org.apache.hadoop.http.HttpServer2$QuotingInputFilter)
2019-07-13 17:04:44,508 INFO  http.HttpServer2 (HttpServer2.java:addFilter(948)) - Added filter static_user_filter (class=org.apache.hadoop.http.lib.StaticUserWebFilter$StaticUserFilter) to context hddsDatanode
2019-07-13 17:04:44,508 INFO  http.HttpServer2 (HttpServer2.java:addFilter(958)) - Added filter static_user_filter (class=org.apache.hadoop.http.lib.StaticUserWebFilter$StaticUserFilter) to context logs
2019-07-13 17:04:44,508 INFO  http.HttpServer2 (HttpServer2.java:addFilter(958)) - Added filter static_user_filter (class=org.apache.hadoop.http.lib.StaticUserWebFilter$StaticUserFilter) to context static
2019-07-13 17:04:44,509 INFO  http.HttpServer2 (HttpServer2.java:bindListener(1191)) - Jetty bound to port 33223
2019-07-13 17:04:44,509 INFO  server.Server (Server.java:doStart(351)) - jetty-9.3.24.v20180605, build timestamp: 2018-06-05T17:11:56Z, git hash: 84205aa28f11a4f31f2a3b86d1bba2cc8ab69827
2019-07-13 17:04:44,511 INFO  handler.ContextHandler (ContextHandler.java:doStart(781)) - Started o.e.j.s.ServletContextHandler@7da77305{/logs,file:///tmp/workdir/hadoop-ozone/integration-test/target/log,AVAILABLE}
2019-07-13 17:04:44,511 INFO  handler.ContextHandler (ContextHandler.java:doStart(781)) - Started o.e.j.s.ServletContextHandler@7a1ddbf1{/static,jar:file:/home/user/.m2/repository/org/apache/hadoop/hadoop-hdds-container-service/0.5.0-SNAPSHOT/hadoop-hdds-container-service-0.5.0-SNAPSHOT.jar!/webapps/static,AVAILABLE}
2019-07-13 17:04:44,538 INFO  handler.ContextHandler (ContextHandler.java:doStart(781)) - Started o.e.j.w.WebAppContext@154864f8{/,file:///tmp/jetty-0.0.0.0-33223-hddsDatanode-_-any-7483286311212795405.dir/webapp/,AVAILABLE}{/hddsDatanode}
2019-07-13 17:04:44,539 INFO  server.AbstractConnector (AbstractConnector.java:doStart(278)) - Started ServerConnector@11cadb32{HTTP/1.1,[http/1.1]}{0.0.0.0:33223}
2019-07-13 17:04:44,540 INFO  server.Server (Server.java:doStart(419)) - Started @42791ms
2019-07-13 17:04:44,541 INFO  server.BaseHttpServer (BaseHttpServer.java:updateConnectorAddress(207)) - HTTP server of HDDSDATANODE is listening at http://0.0.0.0:33223
2019-07-13 17:04:44,656 INFO  ozone.HddsDatanodeService (HddsDatanodeService.java:startPlugins(396)) - Started plug-in org.apache.hadoop.ozone.web.OzoneHddsDatanodeService@11f3400c
2019-07-13 17:04:44,657 INFO  impl.MetricsSystemImpl (MetricsSystemImpl.java:init(158)) - HddsDatanode metrics system started (again)
2019-07-13 17:04:44,658 INFO  ozone.HddsDatanodeService (HddsDatanodeService.java:start(185)) - HddsDatanodeService host:trunk-nightly-z92hn-1831959607 ip:192.168.5.187
2019-07-13 17:04:44,659 INFO  util.JvmPauseMonitor (JvmPauseMonitor.java:run(188)) - Starting JVM pause monitor
2019-07-13 17:04:44,661 INFO  datanode.InitDatanodeState (InitDatanodeState.java:persistContainerDatanodeDetails(140)) - DatanodeDetails is persisted to /tmp/workdir/hadoop-ozone/integration-test/target/test-dir/MiniOzoneClusterImpl-ac734e81-a551-49a1-a9b5-52ad4610d347/datanode-3/meta/datanode.id
2019-07-13 17:04:44,666 INFO  volume.HddsVolume (HddsVolume.java:<init>(176)) - Creating Volume: /tmp/workdir/hadoop-ozone/integration-test/target/test-dir/MiniOzoneClusterImpl-ac734e81-a551-49a1-a9b5-52ad4610d347/datanode-4/data/containers/hdds of  storage type : DISK and capacity : 52710309888
2019-07-13 17:04:44,666 INFO  volume.VolumeSet (VolumeSet.java:initializeVolumeSet(170)) - Added Volume : /tmp/workdir/hadoop-ozone/integration-test/target/test-dir/MiniOzoneClusterImpl-ac734e81-a551-49a1-a9b5-52ad4610d347/datanode-4/data/containers/hdds to VolumeSet
2019-07-13 17:04:44,666 INFO  volume.ThrottledAsyncChecker (ThrottledAsyncChecker.java:schedule(140)) - Scheduling a check for org.apache.hadoop.ozone.container.common.volume.HddsVolume@40017e98
2019-07-13 17:04:44,667 INFO  volume.HddsVolumeChecker (HddsVolumeChecker.java:checkAllVolumes(203)) - Scheduled health check for volume org.apache.hadoop.ozone.container.common.volume.HddsVolume@40017e98
2019-07-13 17:04:44,679 INFO  impl.RaftServerProxy (ConfUtils.java:logGet(43)) - raft.rpc.type = GRPC (default)
2019-07-13 17:04:44,679 INFO  grpc.GrpcFactory (GrpcFactory.java:checkPooledByteBufAllocatorUseCacheForAllThreads(45)) - PERFORMANCE WARNING: useCacheForAllThreads is true that may cause Netty to create a lot garbage objects and, as a result, trigger GC.
	It is recommended to disable useCacheForAllThreads by setting -Dorg.apache.ratis.thirdparty.io.netty.allocator.useCacheForAllThreads=false in command line.
2019-07-13 17:04:44,679 INFO  grpc.GrpcConfigKeys$Server (ConfUtils.java:logGet(43)) - raft.grpc.server.port = 0 (default)
2019-07-13 17:04:44,680 INFO  server.GrpcService (ConfUtils.java:logGet(43)) - raft.grpc.message.size.max = 33570816 (custom)
2019-07-13 17:04:44,680 INFO  server.RaftServerConfigKeys (ConfUtils.java:logGet(43)) - raft.server.log.appender.buffer.byte-limit = 33554432 (custom)
2019-07-13 17:04:44,680 INFO  server.GrpcService (ConfUtils.java:logGet(43)) - raft.grpc.flow.control.window = 1MB (=1048576) (default)
2019-07-13 17:04:44,680 INFO  server.RaftServerConfigKeys (ConfUtils.java:logGet(43)) - raft.server.rpc.request.timeout = 3000ms (default)
2019-07-13 17:04:44,681 INFO  server.RaftServerConfigKeys (ConfUtils.java:logGet(43)) - raft.server.storage.dir = [/tmp/workdir/hadoop-ozone/integration-test/target/test-dir/MiniOzoneClusterImpl-ac734e81-a551-49a1-a9b5-52ad4610d347/datanode-4/data/ratis] (custom)
2019-07-13 17:04:44,681 INFO  replication.SimpleContainerDownloader (SimpleContainerDownloader.java:<init>(72)) - Starting container downloader service to copy containers to replicate.
2019-07-13 17:04:44,682 INFO  hdfs.DFSUtil (DFSUtil.java:httpServerTemplateForNNAndJN(1641)) - Starting Web-server for hddsDatanode at: http://0.0.0.0:0
2019-07-13 17:04:44,683 INFO  server.AuthenticationFilter (AuthenticationFilter.java:constructSecretProvider(240)) - Unable to initialize FileSignerSecretProvider, falling back to use random secrets.
2019-07-13 17:04:44,684 WARN  http.HttpRequestLog (HttpRequestLog.java:getRequestLog(97)) - Jetty request log can only be enabled using Log4j
2019-07-13 17:04:44,685 INFO  http.HttpServer2 (HttpServer2.java:addGlobalFilter(975)) - Added global filter 'safety' (class=org.apache.hadoop.http.HttpServer2$QuotingInputFilter)
2019-07-13 17:04:44,686 INFO  http.HttpServer2 (HttpServer2.java:addFilter(948)) - Added filter static_user_filter (class=org.apache.hadoop.http.lib.StaticUserWebFilter$StaticUserFilter) to context hddsDatanode
2019-07-13 17:04:44,686 INFO  http.HttpServer2 (HttpServer2.java:addFilter(958)) - Added filter static_user_filter (class=org.apache.hadoop.http.lib.StaticUserWebFilter$StaticUserFilter) to context static
2019-07-13 17:04:44,686 INFO  http.HttpServer2 (HttpServer2.java:addFilter(958)) - Added filter static_user_filter (class=org.apache.hadoop.http.lib.StaticUserWebFilter$StaticUserFilter) to context logs
2019-07-13 17:04:44,687 INFO  http.HttpServer2 (HttpServer2.java:bindListener(1191)) - Jetty bound to port 41260
2019-07-13 17:04:44,687 INFO  server.Server (Server.java:doStart(351)) - jetty-9.3.24.v20180605, build timestamp: 2018-06-05T17:11:56Z, git hash: 84205aa28f11a4f31f2a3b86d1bba2cc8ab69827
2019-07-13 17:04:44,689 INFO  handler.ContextHandler (ContextHandler.java:doStart(781)) - Started o.e.j.s.ServletContextHandler@6febec41{/logs,file:///tmp/workdir/hadoop-ozone/integration-test/target/log,AVAILABLE}
2019-07-13 17:04:44,689 INFO  handler.ContextHandler (ContextHandler.java:doStart(781)) - Started o.e.j.s.ServletContextHandler@4e8afdad{/static,jar:file:/home/user/.m2/repository/org/apache/hadoop/hadoop-hdds-container-service/0.5.0-SNAPSHOT/hadoop-hdds-container-service-0.5.0-SNAPSHOT.jar!/webapps/static,AVAILABLE}
2019-07-13 17:04:44,716 INFO  handler.ContextHandler (ContextHandler.java:doStart(781)) - Started o.e.j.w.WebAppContext@df9d400{/,file:///tmp/jetty-0.0.0.0-41260-hddsDatanode-_-any-2906953233793245480.dir/webapp/,AVAILABLE}{/hddsDatanode}
2019-07-13 17:04:44,717 INFO  server.AbstractConnector (AbstractConnector.java:doStart(278)) - Started ServerConnector@4ec427{HTTP/1.1,[http/1.1]}{0.0.0.0:41260}
2019-07-13 17:04:44,718 INFO  server.Server (Server.java:doStart(419)) - Started @42969ms
2019-07-13 17:04:44,718 INFO  server.BaseHttpServer (BaseHttpServer.java:updateConnectorAddress(207)) - HTTP server of HDDSDATANODE is listening at http://0.0.0.0:41260
2019-07-13 17:04:44,898 INFO  ozone.HddsDatanodeService (HddsDatanodeService.java:startPlugins(396)) - Started plug-in org.apache.hadoop.ozone.web.OzoneHddsDatanodeService@526893f
2019-07-13 17:04:44,900 INFO  impl.MetricsSystemImpl (MetricsSystemImpl.java:init(158)) - HddsDatanode metrics system started (again)
2019-07-13 17:04:44,907 INFO  ozone.HddsDatanodeService (HddsDatanodeService.java:start(185)) - HddsDatanodeService host:trunk-nightly-z92hn-1831959607 ip:192.168.5.187
2019-07-13 17:04:44,913 INFO  util.JvmPauseMonitor (JvmPauseMonitor.java:run(188)) - Starting JVM pause monitor
2019-07-13 17:04:44,921 INFO  datanode.InitDatanodeState (InitDatanodeState.java:persistContainerDatanodeDetails(140)) - DatanodeDetails is persisted to /tmp/workdir/hadoop-ozone/integration-test/target/test-dir/MiniOzoneClusterImpl-ac734e81-a551-49a1-a9b5-52ad4610d347/datanode-4/meta/datanode.id
2019-07-13 17:04:44,928 INFO  volume.HddsVolume (HddsVolume.java:<init>(176)) - Creating Volume: /tmp/workdir/hadoop-ozone/integration-test/target/test-dir/MiniOzoneClusterImpl-ac734e81-a551-49a1-a9b5-52ad4610d347/datanode-5/data/containers/hdds of  storage type : DISK and capacity : 52710309888
2019-07-13 17:04:44,929 INFO  volume.VolumeSet (VolumeSet.java:initializeVolumeSet(170)) - Added Volume : /tmp/workdir/hadoop-ozone/integration-test/target/test-dir/MiniOzoneClusterImpl-ac734e81-a551-49a1-a9b5-52ad4610d347/datanode-5/data/containers/hdds to VolumeSet
2019-07-13 17:04:44,929 INFO  volume.ThrottledAsyncChecker (ThrottledAsyncChecker.java:schedule(140)) - Scheduling a check for org.apache.hadoop.ozone.container.common.volume.HddsVolume@35554635
2019-07-13 17:04:44,930 INFO  volume.HddsVolumeChecker (HddsVolumeChecker.java:checkAllVolumes(203)) - Scheduled health check for volume org.apache.hadoop.ozone.container.common.volume.HddsVolume@35554635
2019-07-13 17:04:44,971 INFO  impl.RaftServerProxy (ConfUtils.java:logGet(43)) - raft.rpc.type = GRPC (default)
2019-07-13 17:04:44,972 INFO  grpc.GrpcFactory (GrpcFactory.java:checkPooledByteBufAllocatorUseCacheForAllThreads(45)) - PERFORMANCE WARNING: useCacheForAllThreads is true that may cause Netty to create a lot garbage objects and, as a result, trigger GC.
	It is recommended to disable useCacheForAllThreads by setting -Dorg.apache.ratis.thirdparty.io.netty.allocator.useCacheForAllThreads=false in command line.
2019-07-13 17:04:44,972 INFO  grpc.GrpcConfigKeys$Server (ConfUtils.java:logGet(43)) - raft.grpc.server.port = 0 (default)
2019-07-13 17:04:44,972 INFO  server.GrpcService (ConfUtils.java:logGet(43)) - raft.grpc.message.size.max = 33570816 (custom)
2019-07-13 17:04:44,972 INFO  server.RaftServerConfigKeys (ConfUtils.java:logGet(43)) - raft.server.log.appender.buffer.byte-limit = 33554432 (custom)
2019-07-13 17:04:44,972 INFO  server.GrpcService (ConfUtils.java:logGet(43)) - raft.grpc.flow.control.window = 1MB (=1048576) (default)
2019-07-13 17:04:44,973 INFO  server.RaftServerConfigKeys (ConfUtils.java:logGet(43)) - raft.server.rpc.request.timeout = 3000ms (default)
2019-07-13 17:04:44,973 INFO  server.RaftServerConfigKeys (ConfUtils.java:logGet(43)) - raft.server.storage.dir = [/tmp/workdir/hadoop-ozone/integration-test/target/test-dir/MiniOzoneClusterImpl-ac734e81-a551-49a1-a9b5-52ad4610d347/datanode-5/data/ratis] (custom)
2019-07-13 17:04:44,974 INFO  replication.SimpleContainerDownloader (SimpleContainerDownloader.java:<init>(72)) - Starting container downloader service to copy containers to replicate.
2019-07-13 17:04:44,975 INFO  hdfs.DFSUtil (DFSUtil.java:httpServerTemplateForNNAndJN(1641)) - Starting Web-server for hddsDatanode at: http://0.0.0.0:0
2019-07-13 17:04:44,976 INFO  server.AuthenticationFilter (AuthenticationFilter.java:constructSecretProvider(240)) - Unable to initialize FileSignerSecretProvider, falling back to use random secrets.
2019-07-13 17:04:44,977 WARN  http.HttpRequestLog (HttpRequestLog.java:getRequestLog(97)) - Jetty request log can only be enabled using Log4j
2019-07-13 17:04:44,978 INFO  http.HttpServer2 (HttpServer2.java:addGlobalFilter(975)) - Added global filter 'safety' (class=org.apache.hadoop.http.HttpServer2$QuotingInputFilter)
2019-07-13 17:04:44,979 INFO  http.HttpServer2 (HttpServer2.java:addFilter(948)) - Added filter static_user_filter (class=org.apache.hadoop.http.lib.StaticUserWebFilter$StaticUserFilter) to context hddsDatanode
2019-07-13 17:04:44,979 INFO  http.HttpServer2 (HttpServer2.java:addFilter(958)) - Added filter static_user_filter (class=org.apache.hadoop.http.lib.StaticUserWebFilter$StaticUserFilter) to context logs
2019-07-13 17:04:44,979 INFO  http.HttpServer2 (HttpServer2.java:addFilter(958)) - Added filter static_user_filter (class=org.apache.hadoop.http.lib.StaticUserWebFilter$StaticUserFilter) to context static
2019-07-13 17:04:44,980 INFO  http.HttpServer2 (HttpServer2.java:bindListener(1191)) - Jetty bound to port 39527
2019-07-13 17:04:44,980 INFO  server.Server (Server.java:doStart(351)) - jetty-9.3.24.v20180605, build timestamp: 2018-06-05T17:11:56Z, git hash: 84205aa28f11a4f31f2a3b86d1bba2cc8ab69827
2019-07-13 17:04:44,982 INFO  handler.ContextHandler (ContextHandler.java:doStart(781)) - Started o.e.j.s.ServletContextHandler@248b2b61{/logs,file:///tmp/workdir/hadoop-ozone/integration-test/target/log,AVAILABLE}
2019-07-13 17:04:44,982 INFO  handler.ContextHandler (ContextHandler.java:doStart(781)) - Started o.e.j.s.ServletContextHandler@11d1735e{/static,jar:file:/home/user/.m2/repository/org/apache/hadoop/hadoop-hdds-container-service/0.5.0-SNAPSHOT/hadoop-hdds-container-service-0.5.0-SNAPSHOT.jar!/webapps/static,AVAILABLE}
2019-07-13 17:04:45,010 INFO  handler.ContextHandler (ContextHandler.java:doStart(781)) - Started o.e.j.w.WebAppContext@79d14037{/,file:///tmp/jetty-0.0.0.0-39527-hddsDatanode-_-any-6888209454269036791.dir/webapp/,AVAILABLE}{/hddsDatanode}
2019-07-13 17:04:45,011 INFO  server.AbstractConnector (AbstractConnector.java:doStart(278)) - Started ServerConnector@6c1e40d9{HTTP/1.1,[http/1.1]}{0.0.0.0:39527}
2019-07-13 17:04:45,012 INFO  server.Server (Server.java:doStart(419)) - Started @43263ms
2019-07-13 17:04:45,013 INFO  server.BaseHttpServer (BaseHttpServer.java:updateConnectorAddress(207)) - HTTP server of HDDSDATANODE is listening at http://0.0.0.0:39527
2019-07-13 17:04:45,122 INFO  ozone.HddsDatanodeService (HddsDatanodeService.java:startPlugins(396)) - Started plug-in org.apache.hadoop.ozone.web.OzoneHddsDatanodeService@141dfcf9
2019-07-13 17:04:45,122 INFO  impl.MetricsSystemImpl (MetricsSystemImpl.java:init(158)) - HddsDatanode metrics system started (again)
2019-07-13 17:04:45,125 INFO  ozone.HddsDatanodeService (HddsDatanodeService.java:start(185)) - HddsDatanodeService host:trunk-nightly-z92hn-1831959607 ip:192.168.5.187
2019-07-13 17:04:45,126 INFO  util.JvmPauseMonitor (JvmPauseMonitor.java:run(188)) - Starting JVM pause monitor
2019-07-13 17:04:45,128 INFO  datanode.InitDatanodeState (InitDatanodeState.java:persistContainerDatanodeDetails(140)) - DatanodeDetails is persisted to /tmp/workdir/hadoop-ozone/integration-test/target/test-dir/MiniOzoneClusterImpl-ac734e81-a551-49a1-a9b5-52ad4610d347/datanode-5/meta/datanode.id
2019-07-13 17:04:45,133 INFO  volume.HddsVolume (HddsVolume.java:<init>(176)) - Creating Volume: /tmp/workdir/hadoop-ozone/integration-test/target/test-dir/MiniOzoneClusterImpl-ac734e81-a551-49a1-a9b5-52ad4610d347/datanode-6/data/containers/hdds of  storage type : DISK and capacity : 52710309888
2019-07-13 17:04:45,134 INFO  volume.VolumeSet (VolumeSet.java:initializeVolumeSet(170)) - Added Volume : /tmp/workdir/hadoop-ozone/integration-test/target/test-dir/MiniOzoneClusterImpl-ac734e81-a551-49a1-a9b5-52ad4610d347/datanode-6/data/containers/hdds to VolumeSet
2019-07-13 17:04:45,134 INFO  volume.ThrottledAsyncChecker (ThrottledAsyncChecker.java:schedule(140)) - Scheduling a check for org.apache.hadoop.ozone.container.common.volume.HddsVolume@23ec63af
2019-07-13 17:04:45,134 INFO  volume.HddsVolumeChecker (HddsVolumeChecker.java:checkAllVolumes(203)) - Scheduled health check for volume org.apache.hadoop.ozone.container.common.volume.HddsVolume@23ec63af
2019-07-13 17:04:45,148 INFO  impl.RaftServerProxy (ConfUtils.java:logGet(43)) - raft.rpc.type = GRPC (default)
2019-07-13 17:04:45,148 INFO  grpc.GrpcFactory (GrpcFactory.java:checkPooledByteBufAllocatorUseCacheForAllThreads(45)) - PERFORMANCE WARNING: useCacheForAllThreads is true that may cause Netty to create a lot garbage objects and, as a result, trigger GC.
	It is recommended to disable useCacheForAllThreads by setting -Dorg.apache.ratis.thirdparty.io.netty.allocator.useCacheForAllThreads=false in command line.
2019-07-13 17:04:45,148 INFO  grpc.GrpcConfigKeys$Server (ConfUtils.java:logGet(43)) - raft.grpc.server.port = 0 (default)
2019-07-13 17:04:45,148 INFO  server.GrpcService (ConfUtils.java:logGet(43)) - raft.grpc.message.size.max = 33570816 (custom)
2019-07-13 17:04:45,149 INFO  server.RaftServerConfigKeys (ConfUtils.java:logGet(43)) - raft.server.log.appender.buffer.byte-limit = 33554432 (custom)
2019-07-13 17:04:45,149 INFO  server.GrpcService (ConfUtils.java:logGet(43)) - raft.grpc.flow.control.window = 1MB (=1048576) (default)
2019-07-13 17:04:45,149 INFO  server.RaftServerConfigKeys (ConfUtils.java:logGet(43)) - raft.server.rpc.request.timeout = 3000ms (default)
2019-07-13 17:04:45,149 INFO  server.RaftServerConfigKeys (ConfUtils.java:logGet(43)) - raft.server.storage.dir = [/tmp/workdir/hadoop-ozone/integration-test/target/test-dir/MiniOzoneClusterImpl-ac734e81-a551-49a1-a9b5-52ad4610d347/datanode-6/data/ratis] (custom)
2019-07-13 17:04:45,150 INFO  replication.SimpleContainerDownloader (SimpleContainerDownloader.java:<init>(72)) - Starting container downloader service to copy containers to replicate.
2019-07-13 17:04:45,151 INFO  hdfs.DFSUtil (DFSUtil.java:httpServerTemplateForNNAndJN(1641)) - Starting Web-server for hddsDatanode at: http://0.0.0.0:0
2019-07-13 17:04:45,152 INFO  server.AuthenticationFilter (AuthenticationFilter.java:constructSecretProvider(240)) - Unable to initialize FileSignerSecretProvider, falling back to use random secrets.
2019-07-13 17:04:45,153 WARN  http.HttpRequestLog (HttpRequestLog.java:getRequestLog(97)) - Jetty request log can only be enabled using Log4j
2019-07-13 17:04:45,154 INFO  http.HttpServer2 (HttpServer2.java:addGlobalFilter(975)) - Added global filter 'safety' (class=org.apache.hadoop.http.HttpServer2$QuotingInputFilter)
2019-07-13 17:04:45,154 INFO  http.HttpServer2 (HttpServer2.java:addFilter(948)) - Added filter static_user_filter (class=org.apache.hadoop.http.lib.StaticUserWebFilter$StaticUserFilter) to context hddsDatanode
2019-07-13 17:04:45,154 INFO  http.HttpServer2 (HttpServer2.java:addFilter(958)) - Added filter static_user_filter (class=org.apache.hadoop.http.lib.StaticUserWebFilter$StaticUserFilter) to context logs
2019-07-13 17:04:45,155 INFO  http.HttpServer2 (HttpServer2.java:addFilter(958)) - Added filter static_user_filter (class=org.apache.hadoop.http.lib.StaticUserWebFilter$StaticUserFilter) to context static
2019-07-13 17:04:45,155 INFO  http.HttpServer2 (HttpServer2.java:bindListener(1191)) - Jetty bound to port 37882
2019-07-13 17:04:45,155 INFO  server.Server (Server.java:doStart(351)) - jetty-9.3.24.v20180605, build timestamp: 2018-06-05T17:11:56Z, git hash: 84205aa28f11a4f31f2a3b86d1bba2cc8ab69827
2019-07-13 17:04:45,157 INFO  handler.ContextHandler (ContextHandler.java:doStart(781)) - Started o.e.j.s.ServletContextHandler@73da303e{/logs,file:///tmp/workdir/hadoop-ozone/integration-test/target/log,AVAILABLE}
2019-07-13 17:04:45,157 INFO  handler.ContextHandler (ContextHandler.java:doStart(781)) - Started o.e.j.s.ServletContextHandler@32513dea{/static,jar:file:/home/user/.m2/repository/org/apache/hadoop/hadoop-hdds-container-service/0.5.0-SNAPSHOT/hadoop-hdds-container-service-0.5.0-SNAPSHOT.jar!/webapps/static,AVAILABLE}
2019-07-13 17:04:45,184 INFO  handler.ContextHandler (ContextHandler.java:doStart(781)) - Started o.e.j.w.WebAppContext@1592e540{/,file:///tmp/jetty-0.0.0.0-37882-hddsDatanode-_-any-7637372369380469407.dir/webapp/,AVAILABLE}{/hddsDatanode}
2019-07-13 17:04:45,184 INFO  server.AbstractConnector (AbstractConnector.java:doStart(278)) - Started ServerConnector@3e2772a9{HTTP/1.1,[http/1.1]}{0.0.0.0:37882}
2019-07-13 17:04:45,186 INFO  server.Server (Server.java:doStart(419)) - Started @43437ms
2019-07-13 17:04:45,187 INFO  server.BaseHttpServer (BaseHttpServer.java:updateConnectorAddress(207)) - HTTP server of HDDSDATANODE is listening at http://0.0.0.0:37882
2019-07-13 17:04:45,299 INFO  ozone.HddsDatanodeService (HddsDatanodeService.java:startPlugins(396)) - Started plug-in org.apache.hadoop.ozone.web.OzoneHddsDatanodeService@32d1d6c5
2019-07-13 17:04:45,300 INFO  ozone.MiniOzoneClusterImpl (MiniOzoneClusterImpl.java:lambda$waitForClusterToBeReady$0(142)) - Waiting for cluster to be ready. Got 0 of 7 DN Heartbeats.
2019-07-13 17:04:45,304 INFO  util.JvmPauseMonitor (JvmPauseMonitor.java:run(188)) - Starting JVM pause monitor
2019-07-13 17:04:45,307 INFO  datanode.InitDatanodeState (InitDatanodeState.java:persistContainerDatanodeDetails(140)) - DatanodeDetails is persisted to /tmp/workdir/hadoop-ozone/integration-test/target/test-dir/MiniOzoneClusterImpl-ac734e81-a551-49a1-a9b5-52ad4610d347/datanode-6/meta/datanode.id
2019-07-13 17:04:46,123 INFO  ozoneimpl.OzoneContainer (OzoneContainer.java:start(186)) - Attempting to start container services.
2019-07-13 17:04:46,125 INFO  ozoneimpl.OzoneContainer (OzoneContainer.java:startContainerScrub(160)) - Background container scrubber has been disabled by hdds.containerscrub.enabled
2019-07-13 17:04:46,126 INFO  ratis.XceiverServerRatis (XceiverServerRatis.java:start(418)) - Starting XceiverServerRatis 066e5c56-e86d-4d57-bad2-75a941ab96fc at port 0
2019-07-13 17:04:46,133 INFO  impl.RaftServerProxy (RaftServerProxy.java:lambda$start$3(299)) - 066e5c56-e86d-4d57-bad2-75a941ab96fc: start RPC server
2019-07-13 17:04:46,136 INFO  server.GrpcService (GrpcService.java:startImpl(149)) - 066e5c56-e86d-4d57-bad2-75a941ab96fc: GrpcService started, listening on 0.0.0.0/0.0.0.0:41223
2019-07-13 17:04:46,136 INFO  ratis.XceiverServerRatis (XceiverServerRatis.java:start(428)) - XceiverServerRatis 066e5c56-e86d-4d57-bad2-75a941ab96fc is started using port 41223
2019-07-13 17:04:46,139 INFO  server.XceiverServerGrpc (XceiverServerGrpc.java:start(161)) - XceiverServerGrpc 066e5c56-e86d-4d57-bad2-75a941ab96fc is started using port 33886
2019-07-13 17:04:46,300 INFO  ozone.MiniOzoneClusterImpl (MiniOzoneClusterImpl.java:lambda$waitForClusterToBeReady$0(142)) - Waiting for cluster to be ready. Got 0 of 7 DN Heartbeats.
2019-07-13 17:04:46,313 INFO  ozoneimpl.OzoneContainer (OzoneContainer.java:start(186)) - Attempting to start container services.
2019-07-13 17:04:46,320 INFO  ozoneimpl.OzoneContainer (OzoneContainer.java:startContainerScrub(160)) - Background container scrubber has been disabled by hdds.containerscrub.enabled
2019-07-13 17:04:46,321 INFO  ratis.XceiverServerRatis (XceiverServerRatis.java:start(418)) - Starting XceiverServerRatis a53df301-d6ac-409d-b1c4-78ab4069e75c at port 0
2019-07-13 17:04:46,328 INFO  impl.RaftServerProxy (RaftServerProxy.java:lambda$start$3(299)) - a53df301-d6ac-409d-b1c4-78ab4069e75c: start RPC server
2019-07-13 17:04:46,329 INFO  server.GrpcService (GrpcService.java:startImpl(149)) - a53df301-d6ac-409d-b1c4-78ab4069e75c: GrpcService started, listening on 0.0.0.0/0.0.0.0:36210
2019-07-13 17:04:46,330 INFO  ratis.XceiverServerRatis (XceiverServerRatis.java:start(428)) - XceiverServerRatis a53df301-d6ac-409d-b1c4-78ab4069e75c is started using port 36210
2019-07-13 17:04:46,336 INFO  server.XceiverServerGrpc (XceiverServerGrpc.java:start(161)) - XceiverServerGrpc a53df301-d6ac-409d-b1c4-78ab4069e75c is started using port 34413
2019-07-13 17:04:46,495 INFO  ozoneimpl.OzoneContainer (OzoneContainer.java:start(186)) - Attempting to start container services.
2019-07-13 17:04:46,495 INFO  ozoneimpl.OzoneContainer (OzoneContainer.java:startContainerScrub(160)) - Background container scrubber has been disabled by hdds.containerscrub.enabled
2019-07-13 17:04:46,495 INFO  ratis.XceiverServerRatis (XceiverServerRatis.java:start(418)) - Starting XceiverServerRatis e4be38e3-c24d-40b4-a019-64b8291a2845 at port 0
2019-07-13 17:04:46,502 INFO  impl.RaftServerProxy (RaftServerProxy.java:lambda$start$3(299)) - e4be38e3-c24d-40b4-a019-64b8291a2845: start RPC server
2019-07-13 17:04:46,503 INFO  server.GrpcService (GrpcService.java:startImpl(149)) - e4be38e3-c24d-40b4-a019-64b8291a2845: GrpcService started, listening on 0.0.0.0/0.0.0.0:33828
2019-07-13 17:04:46,503 INFO  ratis.XceiverServerRatis (XceiverServerRatis.java:start(428)) - XceiverServerRatis e4be38e3-c24d-40b4-a019-64b8291a2845 is started using port 33828
2019-07-13 17:04:46,512 INFO  server.XceiverServerGrpc (XceiverServerGrpc.java:start(161)) - XceiverServerGrpc e4be38e3-c24d-40b4-a019-64b8291a2845 is started using port 43015
2019-07-13 17:04:46,666 INFO  ozoneimpl.OzoneContainer (OzoneContainer.java:start(186)) - Attempting to start container services.
2019-07-13 17:04:46,666 INFO  ozoneimpl.OzoneContainer (OzoneContainer.java:startContainerScrub(160)) - Background container scrubber has been disabled by hdds.containerscrub.enabled
2019-07-13 17:04:46,666 INFO  ratis.XceiverServerRatis (XceiverServerRatis.java:start(418)) - Starting XceiverServerRatis 4e2fa81c-d097-4f4c-b043-23c1a417a170 at port 0
2019-07-13 17:04:46,674 INFO  impl.RaftServerProxy (RaftServerProxy.java:lambda$start$3(299)) - 4e2fa81c-d097-4f4c-b043-23c1a417a170: start RPC server
2019-07-13 17:04:46,677 INFO  server.GrpcService (GrpcService.java:startImpl(149)) - 4e2fa81c-d097-4f4c-b043-23c1a417a170: GrpcService started, listening on 0.0.0.0/0.0.0.0:33667
2019-07-13 17:04:46,677 INFO  ratis.XceiverServerRatis (XceiverServerRatis.java:start(428)) - XceiverServerRatis 4e2fa81c-d097-4f4c-b043-23c1a417a170 is started using port 33667
2019-07-13 17:04:46,677 INFO  server.XceiverServerGrpc (XceiverServerGrpc.java:start(161)) - XceiverServerGrpc 4e2fa81c-d097-4f4c-b043-23c1a417a170 is started using port 36800
2019-07-13 17:04:46,916 INFO  ozoneimpl.OzoneContainer (OzoneContainer.java:start(186)) - Attempting to start container services.
2019-07-13 17:04:46,916 INFO  ozoneimpl.OzoneContainer (OzoneContainer.java:startContainerScrub(160)) - Background container scrubber has been disabled by hdds.containerscrub.enabled
2019-07-13 17:04:46,916 INFO  ratis.XceiverServerRatis (XceiverServerRatis.java:start(418)) - Starting XceiverServerRatis 888905af-e8dc-4c58-95a0-f3d6eb1dcd95 at port 0
2019-07-13 17:04:46,923 INFO  impl.RaftServerProxy (RaftServerProxy.java:lambda$start$3(299)) - 888905af-e8dc-4c58-95a0-f3d6eb1dcd95: start RPC server
2019-07-13 17:04:46,926 INFO  server.GrpcService (GrpcService.java:startImpl(149)) - 888905af-e8dc-4c58-95a0-f3d6eb1dcd95: GrpcService started, listening on 0.0.0.0/0.0.0.0:42487
2019-07-13 17:04:46,927 INFO  ratis.XceiverServerRatis (XceiverServerRatis.java:start(428)) - XceiverServerRatis 888905af-e8dc-4c58-95a0-f3d6eb1dcd95 is started using port 42487
2019-07-13 17:04:46,929 INFO  server.XceiverServerGrpc (XceiverServerGrpc.java:start(161)) - XceiverServerGrpc 888905af-e8dc-4c58-95a0-f3d6eb1dcd95 is started using port 38232
2019-07-13 17:04:47,133 INFO  ozoneimpl.OzoneContainer (OzoneContainer.java:start(186)) - Attempting to start container services.
2019-07-13 17:04:47,133 INFO  ozoneimpl.OzoneContainer (OzoneContainer.java:startContainerScrub(160)) - Background container scrubber has been disabled by hdds.containerscrub.enabled
2019-07-13 17:04:47,133 INFO  ratis.XceiverServerRatis (XceiverServerRatis.java:start(418)) - Starting XceiverServerRatis 7d3a3933-55dd-4605-959f-6101f3de8505 at port 0
2019-07-13 17:04:47,141 INFO  impl.RaftServerProxy (RaftServerProxy.java:lambda$start$3(299)) - 7d3a3933-55dd-4605-959f-6101f3de8505: start RPC server
2019-07-13 17:04:47,144 INFO  server.GrpcService (GrpcService.java:startImpl(149)) - 7d3a3933-55dd-4605-959f-6101f3de8505: GrpcService started, listening on 0.0.0.0/0.0.0.0:43995
2019-07-13 17:04:47,145 INFO  ratis.XceiverServerRatis (XceiverServerRatis.java:start(428)) - XceiverServerRatis 7d3a3933-55dd-4605-959f-6101f3de8505 is started using port 43995
2019-07-13 17:04:47,145 INFO  server.XceiverServerGrpc (XceiverServerGrpc.java:start(161)) - XceiverServerGrpc 7d3a3933-55dd-4605-959f-6101f3de8505 is started using port 34828
2019-07-13 17:04:47,301 INFO  ozone.MiniOzoneClusterImpl (MiniOzoneClusterImpl.java:lambda$waitForClusterToBeReady$0(142)) - Waiting for cluster to be ready. Got 0 of 7 DN Heartbeats.
2019-07-13 17:04:47,339 INFO  ozoneimpl.OzoneContainer (OzoneContainer.java:start(186)) - Attempting to start container services.
2019-07-13 17:04:47,340 INFO  ozoneimpl.OzoneContainer (OzoneContainer.java:startContainerScrub(160)) - Background container scrubber has been disabled by hdds.containerscrub.enabled
2019-07-13 17:04:47,340 INFO  ratis.XceiverServerRatis (XceiverServerRatis.java:start(418)) - Starting XceiverServerRatis 12074510-7a30-4b6a-90b7-955738f8fde7 at port 0
2019-07-13 17:04:47,348 INFO  impl.RaftServerProxy (RaftServerProxy.java:lambda$start$3(299)) - 12074510-7a30-4b6a-90b7-955738f8fde7: start RPC server
2019-07-13 17:04:47,351 INFO  server.GrpcService (GrpcService.java:startImpl(149)) - 12074510-7a30-4b6a-90b7-955738f8fde7: GrpcService started, listening on 0.0.0.0/0.0.0.0:37555
2019-07-13 17:04:47,351 INFO  ratis.XceiverServerRatis (XceiverServerRatis.java:start(428)) - XceiverServerRatis 12074510-7a30-4b6a-90b7-955738f8fde7 is started using port 37555
2019-07-13 17:04:47,352 INFO  server.XceiverServerGrpc (XceiverServerGrpc.java:start(161)) - XceiverServerGrpc 12074510-7a30-4b6a-90b7-955738f8fde7 is started using port 33540
2019-07-13 17:04:48,102 INFO  net.NetworkTopology (NetworkTopologyImpl.java:add(110)) - Added a new node: /default-rack/192.168.5.187
2019-07-13 17:04:48,105 INFO  node.SCMNodeManager (SCMNodeManager.java:register(269)) - Registered Data node : 066e5c56-e86d-4d57-bad2-75a941ab96fc{ip: 192.168.5.187, host: trunk-nightly-z92hn-1831959607, networkLocation: /default-rack, certSerialId: null}
2019-07-13 17:04:48,106 INFO  safemode.SCMSafeModeManager (DataNodeSafeModeRule.java:process(71)) - SCM in safe mode. 1 DataNodes registered, 1 required.
2019-07-13 17:04:48,109 INFO  safemode.SCMSafeModeManager (SCMSafeModeManager.java:validateSafeModeExitRules(177)) - ScmSafeModeManager, all rules are successfully validated
2019-07-13 17:04:48,109 INFO  safemode.SCMSafeModeManager (SCMSafeModeManager.java:exitSafeMode(193)) - SCM exiting safe mode.
2019-07-13 17:04:48,122 INFO  impl.RaftServerProxy (RaftServerProxy.java:addNew(89)) - 066e5c56-e86d-4d57-bad2-75a941ab96fc: addNew group-C5B7B1263465:[066e5c56-e86d-4d57-bad2-75a941ab96fc:192.168.5.187:41223] returns group-C5B7B1263465:java.util.concurrent.CompletableFuture@1126fd7c[Not completed]
2019-07-13 17:04:48,125 INFO  impl.RaftServerImpl (RaftServerImpl.java:<init>(93)) - 066e5c56-e86d-4d57-bad2-75a941ab96fc: new RaftServerImpl for group-C5B7B1263465:[066e5c56-e86d-4d57-bad2-75a941ab96fc:192.168.5.187:41223] with ContainerStateMachine:uninitialized
2019-07-13 17:04:48,125 INFO  server.RaftServerConfigKeys (ConfUtils.java:logGet(43)) - raft.server.rpc.timeout.min = 5s (custom)
2019-07-13 17:04:48,125 INFO  server.RaftServerConfigKeys (ConfUtils.java:logGet(43)) - raft.server.rpc.timeout.max = 5200ms (custom)
2019-07-13 17:04:48,126 INFO  server.RaftServerConfigKeys (ConfUtils.java:logGet(43)) - raft.server.rpcslowness.timeout = 120s (custom)
2019-07-13 17:04:48,126 INFO  server.RaftServerConfigKeys (ConfUtils.java:logGet(43)) - raft.server.sleep.deviation.threshold = 300 (default)
2019-07-13 17:04:48,126 INFO  server.RaftServerConfigKeys (ConfUtils.java:logGet(43)) - raft.server.log.appender.install.snapshot.enabled = false (custom)
2019-07-13 17:04:48,126 INFO  impl.RaftServerImpl (ServerState.java:<init>(105)) - 066e5c56-e86d-4d57-bad2-75a941ab96fc:group-C5B7B1263465 ConfigurationManager, init=-1: [066e5c56-e86d-4d57-bad2-75a941ab96fc:192.168.5.187:41223], old=null, confs=<EMPTY_MAP>
2019-07-13 17:04:48,126 INFO  server.RaftServerConfigKeys (ConfUtils.java:logGet(43)) - raft.server.storage.dir = [/tmp/workdir/hadoop-ozone/integration-test/target/test-dir/MiniOzoneClusterImpl-ac734e81-a551-49a1-a9b5-52ad4610d347/datanode-0/data/ratis] (custom)
2019-07-13 17:04:48,127 INFO  storage.RaftStorageDirectory (RaftStorageDirectory.java:analyzeStorage(246)) - The storage directory /tmp/workdir/hadoop-ozone/integration-test/target/test-dir/MiniOzoneClusterImpl-ac734e81-a551-49a1-a9b5-52ad4610d347/datanode-0/data/ratis/06548a9d-edb6-496d-9b4b-c5b7b1263465 does not exist. Creating ...
2019-07-13 17:04:48,140 INFO  storage.RaftStorageDirectory (RaftStorageDirectory.java:tryLock(328)) - Lock on /tmp/workdir/hadoop-ozone/integration-test/target/test-dir/MiniOzoneClusterImpl-ac734e81-a551-49a1-a9b5-52ad4610d347/datanode-0/data/ratis/06548a9d-edb6-496d-9b4b-c5b7b1263465/in_use.lock acquired by nodename 12212@trunk-nightly-z92hn-1831959607
2019-07-13 17:04:48,144 INFO  storage.RaftStorage (RaftStorage.java:format(72)) - Storage directory /tmp/workdir/hadoop-ozone/integration-test/target/test-dir/MiniOzoneClusterImpl-ac734e81-a551-49a1-a9b5-52ad4610d347/datanode-0/data/ratis/06548a9d-edb6-496d-9b4b-c5b7b1263465 has been successfully formatted.
2019-07-13 17:04:48,144 INFO  ratis.ContainerStateMachine (ContainerStateMachine.java:loadSnapshot(200)) - The snapshot info is null.Setting the last applied index to:(t:0, i:~)
2019-07-13 17:04:48,144 INFO  server.RaftServerConfigKeys (ConfUtils.java:logGet(43)) - raft.server.leader.election.timeout = 120s (custom)
2019-07-13 17:04:48,144 INFO  server.RaftServerConfigKeys (ConfUtils.java:logGet(43)) - raft.server.log.use.memory = false (default)
2019-07-13 17:04:48,145 INFO  server.RaftServerConfigKeys (ConfUtils.java:logGet(43)) - raft.server.log.purge.gap = 1000000000 (custom)
2019-07-13 17:04:48,145 INFO  server.RaftServerConfigKeys (ConfUtils.java:logGet(43)) - raft.server.log.appender.buffer.byte-limit = 33554432 (custom)
2019-07-13 17:04:48,145 INFO  server.RaftServerConfigKeys (ConfUtils.java:logGet(43)) - raft.server.log.segment.size.max = 1048576 (custom)
2019-07-13 17:04:48,145 INFO  server.RaftServerConfigKeys (ConfUtils.java:logGet(43)) - raft.server.log.segment.cache.num.max = 2 (custom)
2019-07-13 17:04:48,145 INFO  segmented.SegmentedRaftLogWorker (SegmentedRaftLogWorker.java:<init>(172)) - new 066e5c56-e86d-4d57-bad2-75a941ab96fc-SegmentedRaftLogWorker:Storage Directory /tmp/workdir/hadoop-ozone/integration-test/target/test-dir/MiniOzoneClusterImpl-ac734e81-a551-49a1-a9b5-52ad4610d347/datanode-0/data/ratis/06548a9d-edb6-496d-9b4b-c5b7b1263465 for RaftStorage:Storage Directory /tmp/workdir/hadoop-ozone/integration-test/target/test-dir/MiniOzoneClusterImpl-ac734e81-a551-49a1-a9b5-52ad4610d347/datanode-0/data/ratis/06548a9d-edb6-496d-9b4b-c5b7b1263465
2019-07-13 17:04:48,146 INFO  server.RaftServerConfigKeys (ConfUtils.java:logGet(43)) - raft.server.log.queue.byte-limit = 2147483647 (custom)
2019-07-13 17:04:48,146 INFO  server.RaftServerConfigKeys (ConfUtils.java:logGet(43)) - raft.server.log.queue.element-limit = 1024 (custom)
2019-07-13 17:04:48,146 INFO  server.RaftServerConfigKeys (ConfUtils.java:logGet(43)) - raft.server.log.segment.size.max = 1048576 (custom)
2019-07-13 17:04:48,147 INFO  server.RaftServerConfigKeys (ConfUtils.java:logGet(43)) - raft.server.log.preallocated.size = 16384 (custom)
2019-07-13 17:04:48,147 INFO  server.RaftServerConfigKeys (ConfUtils.java:logGet(43)) - raft.server.log.write.buffer.size = 33554432 (custom)
2019-07-13 17:04:48,147 INFO  server.RaftServerConfigKeys (ConfUtils.java:logGet(43)) - raft.server.log.force.sync.num = 128 (default)
2019-07-13 17:04:48,147 INFO  server.RaftServerConfigKeys (ConfUtils.java:logGet(43)) - raft.server.log.statemachine.data.sync = true (default)
2019-07-13 17:04:48,147 INFO  server.RaftServerConfigKeys (ConfUtils.java:logGet(43)) - raft.server.log.statemachine.data.sync.timeout = 10s (default)
2019-07-13 17:04:48,148 INFO  server.RaftServerConfigKeys (ConfUtils.java:logGet(43)) - raft.server.log.statemachine.data.sync.timeout.retry = -1 (default)
2019-07-13 17:04:48,148 INFO  server.RaftServerConfigKeys (ConfUtils.java:logGet(43)) - raft.server.log.statemachine.data.caching.enabled = true (custom)
2019-07-13 17:04:48,148 INFO  segmented.SegmentedRaftLogWorker (SegmentedRaftLogWorker.java:lambda$new$0(132)) - 066e5c56-e86d-4d57-bad2-75a941ab96fc-SegmentedRaftLogWorker:Storage Directory /tmp/workdir/hadoop-ozone/integration-test/target/test-dir/MiniOzoneClusterImpl-ac734e81-a551-49a1-a9b5-52ad4610d347/datanode-0/data/ratis/06548a9d-edb6-496d-9b4b-c5b7b1263465: flushIndex: setUnconditionally 0 -> -1
2019-07-13 17:04:48,149 INFO  server.RaftServerConfigKeys (ConfUtils.java:logGet(43)) - raft.server.snapshot.auto.trigger.enabled = true (custom)
2019-07-13 17:04:48,149 INFO  server.RaftServerConfigKeys (ConfUtils.java:logGet(43)) - raft.server.snapshot.auto.trigger.threshold = 10000 (custom)
2019-07-13 17:04:48,149 INFO  server.RaftServerConfigKeys (ConfUtils.java:logGet(43)) - raft.server.retrycache.expirytime = 600000ms (custom)
2019-07-13 17:04:48,150 INFO  impl.RaftServerImpl (RaftServerImpl.java:start(180)) - 066e5c56-e86d-4d57-bad2-75a941ab96fc: start group-C5B7B1263465
2019-07-13 17:04:48,150 INFO  impl.RaftServerImpl (RaftServerImpl.java:setRole(171)) - 066e5c56-e86d-4d57-bad2-75a941ab96fc:group-C5B7B1263465 changes role from null to FOLLOWER at term 0 for startAsFollower
2019-07-13 17:04:48,150 INFO  impl.RoleInfo (RoleInfo.java:updateAndGet(143)) - 066e5c56-e86d-4d57-bad2-75a941ab96fc: start FollowerState
2019-07-13 17:04:48,151 INFO  util.JmxRegister (JmxRegister.java:tryRegister(44)) - Successfully registered JMX Bean with object name Ratis:service=RaftServer,group=group-C5B7B1263465,id=066e5c56-e86d-4d57-bad2-75a941ab96fc
2019-07-13 17:04:48,158 INFO  pipeline.PipelineStateManager (PipelineStateManager.java:addPipeline(56)) - Created pipeline Pipeline[ Id: 06548a9d-edb6-496d-9b4b-c5b7b1263465, Nodes: 066e5c56-e86d-4d57-bad2-75a941ab96fc{ip: 192.168.5.187, host: trunk-nightly-z92hn-1831959607, networkLocation: /default-rack, certSerialId: null}, Type:RATIS, Factor:ONE, State:OPEN]
2019-07-13 17:04:48,302 INFO  ozone.MiniOzoneClusterImpl (MiniOzoneClusterImpl.java:lambda$waitForClusterToBeReady$0(142)) - Waiting for cluster to be ready. Got 1 of 7 DN Heartbeats.
2019-07-13 17:04:48,305 INFO  node.SCMNodeManager (SCMNodeManager.java:register(269)) - Registered Data node : a53df301-d6ac-409d-b1c4-78ab4069e75c{ip: 192.168.5.187, host: trunk-nightly-z92hn-1831959607, networkLocation: /default-rack, certSerialId: null}
2019-07-13 17:04:48,315 INFO  impl.RaftServerProxy (RaftServerProxy.java:addNew(89)) - a53df301-d6ac-409d-b1c4-78ab4069e75c: addNew group-5A858F60BA7A:[a53df301-d6ac-409d-b1c4-78ab4069e75c:192.168.5.187:36210] returns group-5A858F60BA7A:java.util.concurrent.CompletableFuture@11ae3ee2[Not completed]
2019-07-13 17:04:48,316 INFO  impl.RaftServerImpl (RaftServerImpl.java:<init>(93)) - a53df301-d6ac-409d-b1c4-78ab4069e75c: new RaftServerImpl for group-5A858F60BA7A:[a53df301-d6ac-409d-b1c4-78ab4069e75c:192.168.5.187:36210] with ContainerStateMachine:uninitialized
2019-07-13 17:04:48,317 INFO  server.RaftServerConfigKeys (ConfUtils.java:logGet(43)) - raft.server.rpc.timeout.min = 5s (custom)
2019-07-13 17:04:48,317 INFO  server.RaftServerConfigKeys (ConfUtils.java:logGet(43)) - raft.server.rpc.timeout.max = 5200ms (custom)
2019-07-13 17:04:48,317 INFO  server.RaftServerConfigKeys (ConfUtils.java:logGet(43)) - raft.server.rpcslowness.timeout = 120s (custom)
2019-07-13 17:04:48,317 INFO  server.RaftServerConfigKeys (ConfUtils.java:logGet(43)) - raft.server.sleep.deviation.threshold = 300 (default)
2019-07-13 17:04:48,317 INFO  server.RaftServerConfigKeys (ConfUtils.java:logGet(43)) - raft.server.log.appender.install.snapshot.enabled = false (custom)
2019-07-13 17:04:48,317 INFO  impl.RaftServerImpl (ServerState.java:<init>(105)) - a53df301-d6ac-409d-b1c4-78ab4069e75c:group-5A858F60BA7A ConfigurationManager, init=-1: [a53df301-d6ac-409d-b1c4-78ab4069e75c:192.168.5.187:36210], old=null, confs=<EMPTY_MAP>
2019-07-13 17:04:48,318 INFO  server.RaftServerConfigKeys (ConfUtils.java:logGet(43)) - raft.server.storage.dir = [/tmp/workdir/hadoop-ozone/integration-test/target/test-dir/MiniOzoneClusterImpl-ac734e81-a551-49a1-a9b5-52ad4610d347/datanode-1/data/ratis] (custom)
2019-07-13 17:04:48,318 INFO  storage.RaftStorageDirectory (RaftStorageDirectory.java:analyzeStorage(246)) - The storage directory /tmp/workdir/hadoop-ozone/integration-test/target/test-dir/MiniOzoneClusterImpl-ac734e81-a551-49a1-a9b5-52ad4610d347/datanode-1/data/ratis/b312fa2b-a0de-48f4-b210-5a858f60ba7a does not exist. Creating ...
2019-07-13 17:04:48,329 INFO  storage.RaftStorageDirectory (RaftStorageDirectory.java:tryLock(328)) - Lock on /tmp/workdir/hadoop-ozone/integration-test/target/test-dir/MiniOzoneClusterImpl-ac734e81-a551-49a1-a9b5-52ad4610d347/datanode-1/data/ratis/b312fa2b-a0de-48f4-b210-5a858f60ba7a/in_use.lock acquired by nodename 12212@trunk-nightly-z92hn-1831959607
2019-07-13 17:04:48,333 INFO  storage.RaftStorage (RaftStorage.java:format(72)) - Storage directory /tmp/workdir/hadoop-ozone/integration-test/target/test-dir/MiniOzoneClusterImpl-ac734e81-a551-49a1-a9b5-52ad4610d347/datanode-1/data/ratis/b312fa2b-a0de-48f4-b210-5a858f60ba7a has been successfully formatted.
2019-07-13 17:04:48,333 INFO  ratis.ContainerStateMachine (ContainerStateMachine.java:loadSnapshot(200)) - The snapshot info is null.Setting the last applied index to:(t:0, i:~)
2019-07-13 17:04:48,334 INFO  server.RaftServerConfigKeys (ConfUtils.java:logGet(43)) - raft.server.leader.election.timeout = 120s (custom)
2019-07-13 17:04:48,334 INFO  server.RaftServerConfigKeys (ConfUtils.java:logGet(43)) - raft.server.log.use.memory = false (default)
2019-07-13 17:04:48,334 INFO  server.RaftServerConfigKeys (ConfUtils.java:logGet(43)) - raft.server.log.purge.gap = 1000000000 (custom)
2019-07-13 17:04:48,334 INFO  server.RaftServerConfigKeys (ConfUtils.java:logGet(43)) - raft.server.log.appender.buffer.byte-limit = 33554432 (custom)
2019-07-13 17:04:48,334 INFO  server.RaftServerConfigKeys (ConfUtils.java:logGet(43)) - raft.server.log.segment.size.max = 1048576 (custom)
2019-07-13 17:04:48,334 INFO  server.RaftServerConfigKeys (ConfUtils.java:logGet(43)) - raft.server.log.segment.cache.num.max = 2 (custom)
2019-07-13 17:04:48,335 INFO  segmented.SegmentedRaftLogWorker (SegmentedRaftLogWorker.java:<init>(172)) - new a53df301-d6ac-409d-b1c4-78ab4069e75c-SegmentedRaftLogWorker:Storage Directory /tmp/workdir/hadoop-ozone/integration-test/target/test-dir/MiniOzoneClusterImpl-ac734e81-a551-49a1-a9b5-52ad4610d347/datanode-1/data/ratis/b312fa2b-a0de-48f4-b210-5a858f60ba7a for RaftStorage:Storage Directory /tmp/workdir/hadoop-ozone/integration-test/target/test-dir/MiniOzoneClusterImpl-ac734e81-a551-49a1-a9b5-52ad4610d347/datanode-1/data/ratis/b312fa2b-a0de-48f4-b210-5a858f60ba7a
2019-07-13 17:04:48,335 INFO  server.RaftServerConfigKeys (ConfUtils.java:logGet(43)) - raft.server.log.queue.byte-limit = 2147483647 (custom)
2019-07-13 17:04:48,335 INFO  server.RaftServerConfigKeys (ConfUtils.java:logGet(43)) - raft.server.log.queue.element-limit = 1024 (custom)
2019-07-13 17:04:48,335 INFO  server.RaftServerConfigKeys (ConfUtils.java:logGet(43)) - raft.server.log.segment.size.max = 1048576 (custom)
2019-07-13 17:04:48,335 INFO  server.RaftServerConfigKeys (ConfUtils.java:logGet(43)) - raft.server.log.preallocated.size = 16384 (custom)
2019-07-13 17:04:48,336 INFO  server.RaftServerConfigKeys (ConfUtils.java:logGet(43)) - raft.server.log.write.buffer.size = 33554432 (custom)
2019-07-13 17:04:48,336 INFO  server.RaftServerConfigKeys (ConfUtils.java:logGet(43)) - raft.server.log.force.sync.num = 128 (default)
2019-07-13 17:04:48,336 INFO  server.RaftServerConfigKeys (ConfUtils.java:logGet(43)) - raft.server.log.statemachine.data.sync = true (default)
2019-07-13 17:04:48,336 INFO  server.RaftServerConfigKeys (ConfUtils.java:logGet(43)) - raft.server.log.statemachine.data.sync.timeout = 10s (default)
2019-07-13 17:04:48,336 INFO  server.RaftServerConfigKeys (ConfUtils.java:logGet(43)) - raft.server.log.statemachine.data.sync.timeout.retry = -1 (default)
2019-07-13 17:04:48,337 INFO  server.RaftServerConfigKeys (ConfUtils.java:logGet(43)) - raft.server.log.statemachine.data.caching.enabled = true (custom)
2019-07-13 17:04:48,337 INFO  segmented.SegmentedRaftLogWorker (SegmentedRaftLogWorker.java:lambda$new$0(132)) - a53df301-d6ac-409d-b1c4-78ab4069e75c-SegmentedRaftLogWorker:Storage Directory /tmp/workdir/hadoop-ozone/integration-test/target/test-dir/MiniOzoneClusterImpl-ac734e81-a551-49a1-a9b5-52ad4610d347/datanode-1/data/ratis/b312fa2b-a0de-48f4-b210-5a858f60ba7a: flushIndex: setUnconditionally 0 -> -1
2019-07-13 17:04:48,337 INFO  server.RaftServerConfigKeys (ConfUtils.java:logGet(43)) - raft.server.snapshot.auto.trigger.enabled = true (custom)
2019-07-13 17:04:48,338 INFO  server.RaftServerConfigKeys (ConfUtils.java:logGet(43)) - raft.server.snapshot.auto.trigger.threshold = 10000 (custom)
2019-07-13 17:04:48,338 INFO  server.RaftServerConfigKeys (ConfUtils.java:logGet(43)) - raft.server.retrycache.expirytime = 600000ms (custom)
2019-07-13 17:04:48,338 INFO  impl.RaftServerImpl (RaftServerImpl.java:start(180)) - a53df301-d6ac-409d-b1c4-78ab4069e75c: start group-5A858F60BA7A
2019-07-13 17:04:48,338 INFO  impl.RaftServerImpl (RaftServerImpl.java:setRole(171)) - a53df301-d6ac-409d-b1c4-78ab4069e75c:group-5A858F60BA7A changes role from null to FOLLOWER at term 0 for startAsFollower
2019-07-13 17:04:48,338 INFO  impl.RoleInfo (RoleInfo.java:updateAndGet(143)) - a53df301-d6ac-409d-b1c4-78ab4069e75c: start FollowerState
2019-07-13 17:04:48,339 INFO  util.JmxRegister (JmxRegister.java:tryRegister(44)) - Successfully registered JMX Bean with object name Ratis:service=RaftServer,group=group-5A858F60BA7A,id=a53df301-d6ac-409d-b1c4-78ab4069e75c
2019-07-13 17:04:48,345 INFO  pipeline.PipelineStateManager (PipelineStateManager.java:addPipeline(56)) - Created pipeline Pipeline[ Id: b312fa2b-a0de-48f4-b210-5a858f60ba7a, Nodes: a53df301-d6ac-409d-b1c4-78ab4069e75c{ip: 192.168.5.187, host: trunk-nightly-z92hn-1831959607, networkLocation: /default-rack, certSerialId: null}, Type:RATIS, Factor:ONE, State:OPEN]
2019-07-13 17:04:48,483 INFO  node.SCMNodeManager (SCMNodeManager.java:register(269)) - Registered Data node : e4be38e3-c24d-40b4-a019-64b8291a2845{ip: 192.168.5.187, host: trunk-nightly-z92hn-1831959607, networkLocation: /default-rack, certSerialId: null}
2019-07-13 17:04:48,493 INFO  impl.RaftServerProxy (RaftServerProxy.java:addNew(89)) - e4be38e3-c24d-40b4-a019-64b8291a2845: addNew group-518A21D8F527:[e4be38e3-c24d-40b4-a019-64b8291a2845:192.168.5.187:33828] returns group-518A21D8F527:java.util.concurrent.CompletableFuture@2324d134[Not completed]
2019-07-13 17:04:48,495 INFO  impl.RaftServerImpl (RaftServerImpl.java:<init>(93)) - e4be38e3-c24d-40b4-a019-64b8291a2845: new RaftServerImpl for group-518A21D8F527:[e4be38e3-c24d-40b4-a019-64b8291a2845:192.168.5.187:33828] with ContainerStateMachine:uninitialized
2019-07-13 17:04:48,495 INFO  server.RaftServerConfigKeys (ConfUtils.java:logGet(43)) - raft.server.rpc.timeout.min = 5s (custom)
2019-07-13 17:04:48,495 INFO  server.RaftServerConfigKeys (ConfUtils.java:logGet(43)) - raft.server.rpc.timeout.max = 5200ms (custom)
2019-07-13 17:04:48,495 INFO  server.RaftServerConfigKeys (ConfUtils.java:logGet(43)) - raft.server.rpcslowness.timeout = 120s (custom)
2019-07-13 17:04:48,496 INFO  server.RaftServerConfigKeys (ConfUtils.java:logGet(43)) - raft.server.sleep.deviation.threshold = 300 (default)
2019-07-13 17:04:48,496 INFO  server.RaftServerConfigKeys (ConfUtils.java:logGet(43)) - raft.server.log.appender.install.snapshot.enabled = false (custom)
2019-07-13 17:04:48,496 INFO  impl.RaftServerImpl (ServerState.java:<init>(105)) - e4be38e3-c24d-40b4-a019-64b8291a2845:group-518A21D8F527 ConfigurationManager, init=-1: [e4be38e3-c24d-40b4-a019-64b8291a2845:192.168.5.187:33828], old=null, confs=<EMPTY_MAP>
2019-07-13 17:04:48,496 INFO  server.RaftServerConfigKeys (ConfUtils.java:logGet(43)) - raft.server.storage.dir = [/tmp/workdir/hadoop-ozone/integration-test/target/test-dir/MiniOzoneClusterImpl-ac734e81-a551-49a1-a9b5-52ad4610d347/datanode-2/data/ratis] (custom)
2019-07-13 17:04:48,497 INFO  storage.RaftStorageDirectory (RaftStorageDirectory.java:analyzeStorage(246)) - The storage directory /tmp/workdir/hadoop-ozone/integration-test/target/test-dir/MiniOzoneClusterImpl-ac734e81-a551-49a1-a9b5-52ad4610d347/datanode-2/data/ratis/8a91b5c9-c217-4515-802f-518a21d8f527 does not exist. Creating ...
2019-07-13 17:04:48,501 INFO  storage.RaftStorageDirectory (RaftStorageDirectory.java:tryLock(328)) - Lock on /tmp/workdir/hadoop-ozone/integration-test/target/test-dir/MiniOzoneClusterImpl-ac734e81-a551-49a1-a9b5-52ad4610d347/datanode-2/data/ratis/8a91b5c9-c217-4515-802f-518a21d8f527/in_use.lock acquired by nodename 12212@trunk-nightly-z92hn-1831959607
2019-07-13 17:04:48,504 INFO  storage.RaftStorage (RaftStorage.java:format(72)) - Storage directory /tmp/workdir/hadoop-ozone/integration-test/target/test-dir/MiniOzoneClusterImpl-ac734e81-a551-49a1-a9b5-52ad4610d347/datanode-2/data/ratis/8a91b5c9-c217-4515-802f-518a21d8f527 has been successfully formatted.
2019-07-13 17:04:48,505 INFO  ratis.ContainerStateMachine (ContainerStateMachine.java:loadSnapshot(200)) - The snapshot info is null.Setting the last applied index to:(t:0, i:~)
2019-07-13 17:04:48,505 INFO  server.RaftServerConfigKeys (ConfUtils.java:logGet(43)) - raft.server.leader.election.timeout = 120s (custom)
2019-07-13 17:04:48,505 INFO  server.RaftServerConfigKeys (ConfUtils.java:logGet(43)) - raft.server.log.use.memory = false (default)
2019-07-13 17:04:48,505 INFO  server.RaftServerConfigKeys (ConfUtils.java:logGet(43)) - raft.server.log.purge.gap = 1000000000 (custom)
2019-07-13 17:04:48,505 INFO  server.RaftServerConfigKeys (ConfUtils.java:logGet(43)) - raft.server.log.appender.buffer.byte-limit = 33554432 (custom)
2019-07-13 17:04:48,506 INFO  server.RaftServerConfigKeys (ConfUtils.java:logGet(43)) - raft.server.log.segment.size.max = 1048576 (custom)
2019-07-13 17:04:48,506 INFO  server.RaftServerConfigKeys (ConfUtils.java:logGet(43)) - raft.server.log.segment.cache.num.max = 2 (custom)
2019-07-13 17:04:48,506 INFO  segmented.SegmentedRaftLogWorker (SegmentedRaftLogWorker.java:<init>(172)) - new e4be38e3-c24d-40b4-a019-64b8291a2845-SegmentedRaftLogWorker:Storage Directory /tmp/workdir/hadoop-ozone/integration-test/target/test-dir/MiniOzoneClusterImpl-ac734e81-a551-49a1-a9b5-52ad4610d347/datanode-2/data/ratis/8a91b5c9-c217-4515-802f-518a21d8f527 for RaftStorage:Storage Directory /tmp/workdir/hadoop-ozone/integration-test/target/test-dir/MiniOzoneClusterImpl-ac734e81-a551-49a1-a9b5-52ad4610d347/datanode-2/data/ratis/8a91b5c9-c217-4515-802f-518a21d8f527
2019-07-13 17:04:48,506 INFO  server.RaftServerConfigKeys (ConfUtils.java:logGet(43)) - raft.server.log.queue.byte-limit = 2147483647 (custom)
2019-07-13 17:04:48,506 INFO  server.RaftServerConfigKeys (ConfUtils.java:logGet(43)) - raft.server.log.queue.element-limit = 1024 (custom)
2019-07-13 17:04:48,507 INFO  server.RaftServerConfigKeys (ConfUtils.java:logGet(43)) - raft.server.log.segment.size.max = 1048576 (custom)
2019-07-13 17:04:48,507 INFO  server.RaftServerConfigKeys (ConfUtils.java:logGet(43)) - raft.server.log.preallocated.size = 16384 (custom)
2019-07-13 17:04:48,507 INFO  server.RaftServerConfigKeys (ConfUtils.java:logGet(43)) - raft.server.log.write.buffer.size = 33554432 (custom)
2019-07-13 17:04:48,507 INFO  server.RaftServerConfigKeys (ConfUtils.java:logGet(43)) - raft.server.log.force.sync.num = 128 (default)
2019-07-13 17:04:48,507 INFO  server.RaftServerConfigKeys (ConfUtils.java:logGet(43)) - raft.server.log.statemachine.data.sync = true (default)
2019-07-13 17:04:48,508 INFO  server.RaftServerConfigKeys (ConfUtils.java:logGet(43)) - raft.server.log.statemachine.data.sync.timeout = 10s (default)
2019-07-13 17:04:48,508 INFO  server.RaftServerConfigKeys (ConfUtils.java:logGet(43)) - raft.server.log.statemachine.data.sync.timeout.retry = -1 (default)
2019-07-13 17:04:48,508 INFO  server.RaftServerConfigKeys (ConfUtils.java:logGet(43)) - raft.server.log.statemachine.data.caching.enabled = true (custom)
2019-07-13 17:04:48,509 INFO  segmented.SegmentedRaftLogWorker (SegmentedRaftLogWorker.java:lambda$new$0(132)) - e4be38e3-c24d-40b4-a019-64b8291a2845-SegmentedRaftLogWorker:Storage Directory /tmp/workdir/hadoop-ozone/integration-test/target/test-dir/MiniOzoneClusterImpl-ac734e81-a551-49a1-a9b5-52ad4610d347/datanode-2/data/ratis/8a91b5c9-c217-4515-802f-518a21d8f527: flushIndex: setUnconditionally 0 -> -1
2019-07-13 17:04:48,509 INFO  server.RaftServerConfigKeys (ConfUtils.java:logGet(43)) - raft.server.snapshot.auto.trigger.enabled = true (custom)
2019-07-13 17:04:48,509 INFO  server.RaftServerConfigKeys (ConfUtils.java:logGet(43)) - raft.server.snapshot.auto.trigger.threshold = 10000 (custom)
2019-07-13 17:04:48,510 INFO  server.RaftServerConfigKeys (ConfUtils.java:logGet(43)) - raft.server.retrycache.expirytime = 600000ms (custom)
2019-07-13 17:04:48,510 INFO  impl.RaftServerImpl (RaftServerImpl.java:start(180)) - e4be38e3-c24d-40b4-a019-64b8291a2845: start group-518A21D8F527
2019-07-13 17:04:48,510 INFO  impl.RaftServerImpl (RaftServerImpl.java:setRole(171)) - e4be38e3-c24d-40b4-a019-64b8291a2845:group-518A21D8F527 changes role from null to FOLLOWER at term 0 for startAsFollower
2019-07-13 17:04:48,510 INFO  impl.RoleInfo (RoleInfo.java:updateAndGet(143)) - e4be38e3-c24d-40b4-a019-64b8291a2845: start FollowerState
2019-07-13 17:04:48,511 INFO  util.JmxRegister (JmxRegister.java:tryRegister(44)) - Successfully registered JMX Bean with object name Ratis:service=RaftServer,group=group-518A21D8F527,id=e4be38e3-c24d-40b4-a019-64b8291a2845
2019-07-13 17:04:48,516 INFO  pipeline.PipelineStateManager (PipelineStateManager.java:addPipeline(56)) - Created pipeline Pipeline[ Id: 8a91b5c9-c217-4515-802f-518a21d8f527, Nodes: e4be38e3-c24d-40b4-a019-64b8291a2845{ip: 192.168.5.187, host: trunk-nightly-z92hn-1831959607, networkLocation: /default-rack, certSerialId: null}, Type:RATIS, Factor:ONE, State:OPEN]
2019-07-13 17:04:48,557 INFO  impl.RaftServerProxy (RaftServerProxy.java:addNew(89)) - 066e5c56-e86d-4d57-bad2-75a941ab96fc: addNew group-A51C66E4A717:[066e5c56-e86d-4d57-bad2-75a941ab96fc:192.168.5.187:41223, e4be38e3-c24d-40b4-a019-64b8291a2845:192.168.5.187:33828, a53df301-d6ac-409d-b1c4-78ab4069e75c:192.168.5.187:36210] returns group-A51C66E4A717:java.util.concurrent.CompletableFuture@3a68cc54[Not completed]
2019-07-13 17:04:48,557 INFO  impl.RaftServerProxy (RaftServerProxy.java:addNew(89)) - a53df301-d6ac-409d-b1c4-78ab4069e75c: addNew group-A51C66E4A717:[066e5c56-e86d-4d57-bad2-75a941ab96fc:192.168.5.187:41223, e4be38e3-c24d-40b4-a019-64b8291a2845:192.168.5.187:33828, a53df301-d6ac-409d-b1c4-78ab4069e75c:192.168.5.187:36210] returns group-A51C66E4A717:java.util.concurrent.CompletableFuture@3ecf3fdc[Not completed]
2019-07-13 17:04:48,557 INFO  impl.RaftServerProxy (RaftServerProxy.java:addNew(89)) - e4be38e3-c24d-40b4-a019-64b8291a2845: addNew group-A51C66E4A717:[066e5c56-e86d-4d57-bad2-75a941ab96fc:192.168.5.187:41223, e4be38e3-c24d-40b4-a019-64b8291a2845:192.168.5.187:33828, a53df301-d6ac-409d-b1c4-78ab4069e75c:192.168.5.187:36210] returns group-A51C66E4A717:java.util.concurrent.CompletableFuture@5ba5d615[Not completed]
2019-07-13 17:04:48,561 INFO  impl.RaftServerImpl (RaftServerImpl.java:<init>(93)) - 066e5c56-e86d-4d57-bad2-75a941ab96fc: new RaftServerImpl for group-A51C66E4A717:[066e5c56-e86d-4d57-bad2-75a941ab96fc:192.168.5.187:41223, e4be38e3-c24d-40b4-a019-64b8291a2845:192.168.5.187:33828, a53df301-d6ac-409d-b1c4-78ab4069e75c:192.168.5.187:36210] with ContainerStateMachine:uninitialized
2019-07-13 17:04:48,561 INFO  server.RaftServerConfigKeys (ConfUtils.java:logGet(43)) - raft.server.rpc.timeout.min = 5s (custom)
2019-07-13 17:04:48,561 INFO  server.RaftServerConfigKeys (ConfUtils.java:logGet(43)) - raft.server.rpc.timeout.max = 5200ms (custom)
2019-07-13 17:04:48,561 INFO  server.RaftServerConfigKeys (ConfUtils.java:logGet(43)) - raft.server.rpcslowness.timeout = 120s (custom)
2019-07-13 17:04:48,562 INFO  server.RaftServerConfigKeys (ConfUtils.java:logGet(43)) - raft.server.sleep.deviation.threshold = 300 (default)
2019-07-13 17:04:48,562 INFO  server.RaftServerConfigKeys (ConfUtils.java:logGet(43)) - raft.server.log.appender.install.snapshot.enabled = false (custom)
2019-07-13 17:04:48,562 INFO  impl.RaftServerImpl (RaftServerImpl.java:<init>(93)) - e4be38e3-c24d-40b4-a019-64b8291a2845: new RaftServerImpl for group-A51C66E4A717:[066e5c56-e86d-4d57-bad2-75a941ab96fc:192.168.5.187:41223, e4be38e3-c24d-40b4-a019-64b8291a2845:192.168.5.187:33828, a53df301-d6ac-409d-b1c4-78ab4069e75c:192.168.5.187:36210] with ContainerStateMachine:uninitialized
2019-07-13 17:04:48,562 INFO  impl.RaftServerImpl (ServerState.java:<init>(105)) - 066e5c56-e86d-4d57-bad2-75a941ab96fc:group-A51C66E4A717 ConfigurationManager, init=-1: [066e5c56-e86d-4d57-bad2-75a941ab96fc:192.168.5.187:41223, e4be38e3-c24d-40b4-a019-64b8291a2845:192.168.5.187:33828, a53df301-d6ac-409d-b1c4-78ab4069e75c:192.168.5.187:36210], old=null, confs=<EMPTY_MAP>
2019-07-13 17:04:48,562 INFO  server.RaftServerConfigKeys (ConfUtils.java:logGet(43)) - raft.server.rpc.timeout.min = 5s (custom)
2019-07-13 17:04:48,563 INFO  server.RaftServerConfigKeys (ConfUtils.java:logGet(43)) - raft.server.rpc.timeout.max = 5200ms (custom)
2019-07-13 17:04:48,563 INFO  server.RaftServerConfigKeys (ConfUtils.java:logGet(43)) - raft.server.storage.dir = [/tmp/workdir/hadoop-ozone/integration-test/target/test-dir/MiniOzoneClusterImpl-ac734e81-a551-49a1-a9b5-52ad4610d347/datanode-0/data/ratis] (custom)
2019-07-13 17:04:48,563 INFO  impl.RaftServerImpl (RaftServerImpl.java:<init>(93)) - a53df301-d6ac-409d-b1c4-78ab4069e75c: new RaftServerImpl for group-A51C66E4A717:[066e5c56-e86d-4d57-bad2-75a941ab96fc:192.168.5.187:41223, e4be38e3-c24d-40b4-a019-64b8291a2845:192.168.5.187:33828, a53df301-d6ac-409d-b1c4-78ab4069e75c:192.168.5.187:36210] with ContainerStateMachine:uninitialized
2019-07-13 17:04:48,563 INFO  server.RaftServerConfigKeys (ConfUtils.java:logGet(43)) - raft.server.rpcslowness.timeout = 120s (custom)
2019-07-13 17:04:48,563 INFO  server.RaftServerConfigKeys (ConfUtils.java:logGet(43)) - raft.server.rpc.timeout.min = 5s (custom)
2019-07-13 17:04:48,563 INFO  server.RaftServerConfigKeys (ConfUtils.java:logGet(43)) - raft.server.sleep.deviation.threshold = 300 (default)
2019-07-13 17:04:48,563 INFO  storage.RaftStorageDirectory (RaftStorageDirectory.java:analyzeStorage(246)) - The storage directory /tmp/workdir/hadoop-ozone/integration-test/target/test-dir/MiniOzoneClusterImpl-ac734e81-a551-49a1-a9b5-52ad4610d347/datanode-0/data/ratis/2cded46a-ae0c-4687-92a2-a51c66e4a717 does not exist. Creating ...
2019-07-13 17:04:48,563 INFO  server.RaftServerConfigKeys (ConfUtils.java:logGet(43)) - raft.server.rpc.timeout.max = 5200ms (custom)
2019-07-13 17:04:48,564 INFO  server.RaftServerConfigKeys (ConfUtils.java:logGet(43)) - raft.server.log.appender.install.snapshot.enabled = false (custom)
2019-07-13 17:04:48,564 INFO  server.RaftServerConfigKeys (ConfUtils.java:logGet(43)) - raft.server.rpcslowness.timeout = 120s (custom)
2019-07-13 17:04:48,564 INFO  impl.RaftServerImpl (ServerState.java:<init>(105)) - e4be38e3-c24d-40b4-a019-64b8291a2845:group-A51C66E4A717 ConfigurationManager, init=-1: [066e5c56-e86d-4d57-bad2-75a941ab96fc:192.168.5.187:41223, e4be38e3-c24d-40b4-a019-64b8291a2845:192.168.5.187:33828, a53df301-d6ac-409d-b1c4-78ab4069e75c:192.168.5.187:36210], old=null, confs=<EMPTY_MAP>
2019-07-13 17:04:48,564 INFO  server.RaftServerConfigKeys (ConfUtils.java:logGet(43)) - raft.server.sleep.deviation.threshold = 300 (default)
2019-07-13 17:04:48,565 INFO  server.RaftServerConfigKeys (ConfUtils.java:logGet(43)) - raft.server.storage.dir = [/tmp/workdir/hadoop-ozone/integration-test/target/test-dir/MiniOzoneClusterImpl-ac734e81-a551-49a1-a9b5-52ad4610d347/datanode-2/data/ratis] (custom)
2019-07-13 17:04:48,565 INFO  server.RaftServerConfigKeys (ConfUtils.java:logGet(43)) - raft.server.log.appender.install.snapshot.enabled = false (custom)
2019-07-13 17:04:48,565 INFO  impl.RaftServerImpl (ServerState.java:<init>(105)) - a53df301-d6ac-409d-b1c4-78ab4069e75c:group-A51C66E4A717 ConfigurationManager, init=-1: [066e5c56-e86d-4d57-bad2-75a941ab96fc:192.168.5.187:41223, e4be38e3-c24d-40b4-a019-64b8291a2845:192.168.5.187:33828, a53df301-d6ac-409d-b1c4-78ab4069e75c:192.168.5.187:36210], old=null, confs=<EMPTY_MAP>
2019-07-13 17:04:48,565 INFO  storage.RaftStorageDirectory (RaftStorageDirectory.java:analyzeStorage(246)) - The storage directory /tmp/workdir/hadoop-ozone/integration-test/target/test-dir/MiniOzoneClusterImpl-ac734e81-a551-49a1-a9b5-52ad4610d347/datanode-2/data/ratis/2cded46a-ae0c-4687-92a2-a51c66e4a717 does not exist. Creating ...
2019-07-13 17:04:48,565 INFO  server.RaftServerConfigKeys (ConfUtils.java:logGet(43)) - raft.server.storage.dir = [/tmp/workdir/hadoop-ozone/integration-test/target/test-dir/MiniOzoneClusterImpl-ac734e81-a551-49a1-a9b5-52ad4610d347/datanode-1/data/ratis] (custom)
2019-07-13 17:04:48,566 INFO  storage.RaftStorageDirectory (RaftStorageDirectory.java:analyzeStorage(246)) - The storage directory /tmp/workdir/hadoop-ozone/integration-test/target/test-dir/MiniOzoneClusterImpl-ac734e81-a551-49a1-a9b5-52ad4610d347/datanode-1/data/ratis/2cded46a-ae0c-4687-92a2-a51c66e4a717 does not exist. Creating ...
2019-07-13 17:04:48,608 INFO  storage.RaftStorageDirectory (RaftStorageDirectory.java:tryLock(328)) - Lock on /tmp/workdir/hadoop-ozone/integration-test/target/test-dir/MiniOzoneClusterImpl-ac734e81-a551-49a1-a9b5-52ad4610d347/datanode-2/data/ratis/2cded46a-ae0c-4687-92a2-a51c66e4a717/in_use.lock acquired by nodename 12212@trunk-nightly-z92hn-1831959607
2019-07-13 17:04:48,608 INFO  storage.RaftStorageDirectory (RaftStorageDirectory.java:tryLock(328)) - Lock on /tmp/workdir/hadoop-ozone/integration-test/target/test-dir/MiniOzoneClusterImpl-ac734e81-a551-49a1-a9b5-52ad4610d347/datanode-1/data/ratis/2cded46a-ae0c-4687-92a2-a51c66e4a717/in_use.lock acquired by nodename 12212@trunk-nightly-z92hn-1831959607
2019-07-13 17:04:48,608 INFO  storage.RaftStorageDirectory (RaftStorageDirectory.java:tryLock(328)) - Lock on /tmp/workdir/hadoop-ozone/integration-test/target/test-dir/MiniOzoneClusterImpl-ac734e81-a551-49a1-a9b5-52ad4610d347/datanode-0/data/ratis/2cded46a-ae0c-4687-92a2-a51c66e4a717/in_use.lock acquired by nodename 12212@trunk-nightly-z92hn-1831959607
2019-07-13 17:04:48,621 INFO  storage.RaftStorage (RaftStorage.java:format(72)) - Storage directory /tmp/workdir/hadoop-ozone/integration-test/target/test-dir/MiniOzoneClusterImpl-ac734e81-a551-49a1-a9b5-52ad4610d347/datanode-2/data/ratis/2cded46a-ae0c-4687-92a2-a51c66e4a717 has been successfully formatted.
2019-07-13 17:04:48,621 INFO  storage.RaftStorage (RaftStorage.java:format(72)) - Storage directory /tmp/workdir/hadoop-ozone/integration-test/target/test-dir/MiniOzoneClusterImpl-ac734e81-a551-49a1-a9b5-52ad4610d347/datanode-0/data/ratis/2cded46a-ae0c-4687-92a2-a51c66e4a717 has been successfully formatted.
2019-07-13 17:04:48,622 INFO  ratis.ContainerStateMachine (ContainerStateMachine.java:loadSnapshot(200)) - The snapshot info is null.Setting the last applied index to:(t:0, i:~)
2019-07-13 17:04:48,621 INFO  storage.RaftStorage (RaftStorage.java:format(72)) - Storage directory /tmp/workdir/hadoop-ozone/integration-test/target/test-dir/MiniOzoneClusterImpl-ac734e81-a551-49a1-a9b5-52ad4610d347/datanode-1/data/ratis/2cded46a-ae0c-4687-92a2-a51c66e4a717 has been successfully formatted.
2019-07-13 17:04:48,622 INFO  server.RaftServerConfigKeys (ConfUtils.java:logGet(43)) - raft.server.leader.election.timeout = 120s (custom)
2019-07-13 17:04:48,622 INFO  ratis.ContainerStateMachine (ContainerStateMachine.java:loadSnapshot(200)) - The snapshot info is null.Setting the last applied index to:(t:0, i:~)
2019-07-13 17:04:48,622 INFO  server.RaftServerConfigKeys (ConfUtils.java:logGet(43)) - raft.server.log.use.memory = false (default)
2019-07-13 17:04:48,622 INFO  ratis.ContainerStateMachine (ContainerStateMachine.java:loadSnapshot(200)) - The snapshot info is null.Setting the last applied index to:(t:0, i:~)
2019-07-13 17:04:48,623 INFO  server.RaftServerConfigKeys (ConfUtils.java:logGet(43)) - raft.server.log.purge.gap = 1000000000 (custom)
2019-07-13 17:04:48,622 INFO  server.RaftServerConfigKeys (ConfUtils.java:logGet(43)) - raft.server.leader.election.timeout = 120s (custom)
2019-07-13 17:04:48,623 INFO  server.RaftServerConfigKeys (ConfUtils.java:logGet(43)) - raft.server.log.appender.buffer.byte-limit = 33554432 (custom)
2019-07-13 17:04:48,623 INFO  server.RaftServerConfigKeys (ConfUtils.java:logGet(43)) - raft.server.leader.election.timeout = 120s (custom)
2019-07-13 17:04:48,623 INFO  server.RaftServerConfigKeys (ConfUtils.java:logGet(43)) - raft.server.log.segment.size.max = 1048576 (custom)
2019-07-13 17:04:48,623 INFO  server.RaftServerConfigKeys (ConfUtils.java:logGet(43)) - raft.server.log.use.memory = false (default)
2019-07-13 17:04:48,624 INFO  server.RaftServerConfigKeys (ConfUtils.java:logGet(43)) - raft.server.log.segment.cache.num.max = 2 (custom)
2019-07-13 17:04:48,624 INFO  segmented.SegmentedRaftLogWorker (SegmentedRaftLogWorker.java:<init>(172)) - new e4be38e3-c24d-40b4-a019-64b8291a2845-SegmentedRaftLogWorker:Storage Directory /tmp/workdir/hadoop-ozone/integration-test/target/test-dir/MiniOzoneClusterImpl-ac734e81-a551-49a1-a9b5-52ad4610d347/datanode-2/data/ratis/2cded46a-ae0c-4687-92a2-a51c66e4a717 for RaftStorage:Storage Directory /tmp/workdir/hadoop-ozone/integration-test/target/test-dir/MiniOzoneClusterImpl-ac734e81-a551-49a1-a9b5-52ad4610d347/datanode-2/data/ratis/2cded46a-ae0c-4687-92a2-a51c66e4a717
2019-07-13 17:04:48,623 INFO  server.RaftServerConfigKeys (ConfUtils.java:logGet(43)) - raft.server.log.use.memory = false (default)
2019-07-13 17:04:48,624 INFO  server.RaftServerConfigKeys (ConfUtils.java:logGet(43)) - raft.server.log.queue.byte-limit = 2147483647 (custom)
2019-07-13 17:04:48,624 INFO  server.RaftServerConfigKeys (ConfUtils.java:logGet(43)) - raft.server.log.purge.gap = 1000000000 (custom)
2019-07-13 17:04:48,625 INFO  server.RaftServerConfigKeys (ConfUtils.java:logGet(43)) - raft.server.log.queue.element-limit = 1024 (custom)
2019-07-13 17:04:48,624 INFO  server.RaftServerConfigKeys (ConfUtils.java:logGet(43)) - raft.server.log.purge.gap = 1000000000 (custom)
2019-07-13 17:04:48,625 INFO  server.RaftServerConfigKeys (ConfUtils.java:logGet(43)) - raft.server.log.segment.size.max = 1048576 (custom)
2019-07-13 17:04:48,625 INFO  server.RaftServerConfigKeys (ConfUtils.java:logGet(43)) - raft.server.log.appender.buffer.byte-limit = 33554432 (custom)
2019-07-13 17:04:48,625 INFO  server.RaftServerConfigKeys (ConfUtils.java:logGet(43)) - raft.server.log.preallocated.size = 16384 (custom)
2019-07-13 17:04:48,625 INFO  server.RaftServerConfigKeys (ConfUtils.java:logGet(43)) - raft.server.log.appender.buffer.byte-limit = 33554432 (custom)
2019-07-13 17:04:48,626 INFO  server.RaftServerConfigKeys (ConfUtils.java:logGet(43)) - raft.server.log.write.buffer.size = 33554432 (custom)
2019-07-13 17:04:48,626 INFO  server.RaftServerConfigKeys (ConfUtils.java:logGet(43)) - raft.server.log.segment.size.max = 1048576 (custom)
2019-07-13 17:04:48,626 INFO  server.RaftServerConfigKeys (ConfUtils.java:logGet(43)) - raft.server.log.force.sync.num = 128 (default)
2019-07-13 17:04:48,626 INFO  server.RaftServerConfigKeys (ConfUtils.java:logGet(43)) - raft.server.log.segment.size.max = 1048576 (custom)
2019-07-13 17:04:48,626 INFO  server.RaftServerConfigKeys (ConfUtils.java:logGet(43)) - raft.server.log.statemachine.data.sync = true (default)
2019-07-13 17:04:48,626 INFO  server.RaftServerConfigKeys (ConfUtils.java:logGet(43)) - raft.server.log.segment.cache.num.max = 2 (custom)
2019-07-13 17:04:48,627 INFO  server.RaftServerConfigKeys (ConfUtils.java:logGet(43)) - raft.server.log.statemachine.data.sync.timeout = 10s (default)
2019-07-13 17:04:48,627 INFO  server.RaftServerConfigKeys (ConfUtils.java:logGet(43)) - raft.server.log.statemachine.data.sync.timeout.retry = -1 (default)
2019-07-13 17:04:48,627 INFO  server.RaftServerConfigKeys (ConfUtils.java:logGet(43)) - raft.server.log.segment.cache.num.max = 2 (custom)
2019-07-13 17:04:48,627 INFO  server.RaftServerConfigKeys (ConfUtils.java:logGet(43)) - raft.server.log.statemachine.data.caching.enabled = true (custom)
2019-07-13 17:04:48,627 INFO  segmented.SegmentedRaftLogWorker (SegmentedRaftLogWorker.java:<init>(172)) - new 066e5c56-e86d-4d57-bad2-75a941ab96fc-SegmentedRaftLogWorker:Storage Directory /tmp/workdir/hadoop-ozone/integration-test/target/test-dir/MiniOzoneClusterImpl-ac734e81-a551-49a1-a9b5-52ad4610d347/datanode-0/data/ratis/2cded46a-ae0c-4687-92a2-a51c66e4a717 for RaftStorage:Storage Directory /tmp/workdir/hadoop-ozone/integration-test/target/test-dir/MiniOzoneClusterImpl-ac734e81-a551-49a1-a9b5-52ad4610d347/datanode-0/data/ratis/2cded46a-ae0c-4687-92a2-a51c66e4a717
2019-07-13 17:04:48,628 INFO  segmented.SegmentedRaftLogWorker (SegmentedRaftLogWorker.java:<init>(172)) - new a53df301-d6ac-409d-b1c4-78ab4069e75c-SegmentedRaftLogWorker:Storage Directory /tmp/workdir/hadoop-ozone/integration-test/target/test-dir/MiniOzoneClusterImpl-ac734e81-a551-49a1-a9b5-52ad4610d347/datanode-1/data/ratis/2cded46a-ae0c-4687-92a2-a51c66e4a717 for RaftStorage:Storage Directory /tmp/workdir/hadoop-ozone/integration-test/target/test-dir/MiniOzoneClusterImpl-ac734e81-a551-49a1-a9b5-52ad4610d347/datanode-1/data/ratis/2cded46a-ae0c-4687-92a2-a51c66e4a717
2019-07-13 17:04:48,628 INFO  segmented.SegmentedRaftLogWorker (SegmentedRaftLogWorker.java:lambda$new$0(132)) - e4be38e3-c24d-40b4-a019-64b8291a2845-SegmentedRaftLogWorker:Storage Directory /tmp/workdir/hadoop-ozone/integration-test/target/test-dir/MiniOzoneClusterImpl-ac734e81-a551-49a1-a9b5-52ad4610d347/datanode-2/data/ratis/2cded46a-ae0c-4687-92a2-a51c66e4a717: flushIndex: setUnconditionally 0 -> -1
2019-07-13 17:04:48,628 INFO  server.RaftServerConfigKeys (ConfUtils.java:logGet(43)) - raft.server.log.queue.byte-limit = 2147483647 (custom)
2019-07-13 17:04:48,628 INFO  server.RaftServerConfigKeys (ConfUtils.java:logGet(43)) - raft.server.log.queue.byte-limit = 2147483647 (custom)
2019-07-13 17:04:48,628 INFO  server.RaftServerConfigKeys (ConfUtils.java:logGet(43)) - raft.server.snapshot.auto.trigger.enabled = true (custom)
2019-07-13 17:04:48,628 INFO  server.RaftServerConfigKeys (ConfUtils.java:logGet(43)) - raft.server.log.queue.element-limit = 1024 (custom)
2019-07-13 17:04:48,629 INFO  server.RaftServerConfigKeys (ConfUtils.java:logGet(43)) - raft.server.snapshot.auto.trigger.threshold = 10000 (custom)
2019-07-13 17:04:48,629 INFO  server.RaftServerConfigKeys (ConfUtils.java:logGet(43)) - raft.server.log.queue.element-limit = 1024 (custom)
2019-07-13 17:04:48,629 INFO  server.RaftServerConfigKeys (ConfUtils.java:logGet(43)) - raft.server.retrycache.expirytime = 600000ms (custom)
2019-07-13 17:04:48,629 INFO  server.RaftServerConfigKeys (ConfUtils.java:logGet(43)) - raft.server.log.segment.size.max = 1048576 (custom)
2019-07-13 17:04:48,630 INFO  impl.RaftServerImpl (RaftServerImpl.java:start(180)) - e4be38e3-c24d-40b4-a019-64b8291a2845: start group-A51C66E4A717
2019-07-13 17:04:48,630 INFO  impl.RaftServerImpl (RaftServerImpl.java:setRole(171)) - e4be38e3-c24d-40b4-a019-64b8291a2845:group-A51C66E4A717 changes role from null to FOLLOWER at term 0 for startAsFollower
2019-07-13 17:04:48,629 INFO  server.RaftServerConfigKeys (ConfUtils.java:logGet(43)) - raft.server.log.segment.size.max = 1048576 (custom)
2019-07-13 17:04:48,630 INFO  impl.RoleInfo (RoleInfo.java:updateAndGet(143)) - e4be38e3-c24d-40b4-a019-64b8291a2845: start FollowerState
2019-07-13 17:04:48,630 INFO  server.RaftServerConfigKeys (ConfUtils.java:logGet(43)) - raft.server.log.preallocated.size = 16384 (custom)
2019-07-13 17:04:48,630 INFO  server.RaftServerConfigKeys (ConfUtils.java:logGet(43)) - raft.server.log.preallocated.size = 16384 (custom)
2019-07-13 17:04:48,631 INFO  server.RaftServerConfigKeys (ConfUtils.java:logGet(43)) - raft.server.log.write.buffer.size = 33554432 (custom)
2019-07-13 17:04:48,641 INFO  util.JmxRegister (JmxRegister.java:tryRegister(44)) - Successfully registered JMX Bean with object name Ratis:service=RaftServer,group=group-A51C66E4A717,id=e4be38e3-c24d-40b4-a019-64b8291a2845
2019-07-13 17:04:48,631 INFO  server.RaftServerConfigKeys (ConfUtils.java:logGet(43)) - raft.server.log.write.buffer.size = 33554432 (custom)
2019-07-13 17:04:48,642 INFO  server.RaftServerConfigKeys (ConfUtils.java:logGet(43)) - raft.server.log.force.sync.num = 128 (default)
2019-07-13 17:04:48,642 INFO  server.RaftServerConfigKeys (ConfUtils.java:logGet(43)) - raft.server.log.force.sync.num = 128 (default)
2019-07-13 17:04:48,650 INFO  server.RaftServerConfigKeys (ConfUtils.java:logGet(43)) - raft.server.log.statemachine.data.sync = true (default)
2019-07-13 17:04:48,650 INFO  server.RaftServerConfigKeys (ConfUtils.java:logGet(43)) - raft.server.log.statemachine.data.sync = true (default)
2019-07-13 17:04:48,650 INFO  server.RaftServerConfigKeys (ConfUtils.java:logGet(43)) - raft.server.log.statemachine.data.sync.timeout = 10s (default)
2019-07-13 17:04:48,651 INFO  server.RaftServerConfigKeys (ConfUtils.java:logGet(43)) - raft.server.log.statemachine.data.sync.timeout = 10s (default)
2019-07-13 17:04:48,651 INFO  server.RaftServerConfigKeys (ConfUtils.java:logGet(43)) - raft.server.log.statemachine.data.sync.timeout.retry = -1 (default)
2019-07-13 17:04:48,651 INFO  server.RaftServerConfigKeys (ConfUtils.java:logGet(43)) - raft.server.log.statemachine.data.sync.timeout.retry = -1 (default)
2019-07-13 17:04:48,651 INFO  server.RaftServerConfigKeys (ConfUtils.java:logGet(43)) - raft.server.log.statemachine.data.caching.enabled = true (custom)
2019-07-13 17:04:48,654 INFO  server.RaftServerConfigKeys (ConfUtils.java:logGet(43)) - raft.server.log.statemachine.data.caching.enabled = true (custom)
2019-07-13 17:04:48,654 INFO  segmented.SegmentedRaftLogWorker (SegmentedRaftLogWorker.java:lambda$new$0(132)) - 066e5c56-e86d-4d57-bad2-75a941ab96fc-SegmentedRaftLogWorker:Storage Directory /tmp/workdir/hadoop-ozone/integration-test/target/test-dir/MiniOzoneClusterImpl-ac734e81-a551-49a1-a9b5-52ad4610d347/datanode-0/data/ratis/2cded46a-ae0c-4687-92a2-a51c66e4a717: flushIndex: setUnconditionally 0 -> -1
2019-07-13 17:04:48,654 INFO  segmented.SegmentedRaftLogWorker (SegmentedRaftLogWorker.java:lambda$new$0(132)) - a53df301-d6ac-409d-b1c4-78ab4069e75c-SegmentedRaftLogWorker:Storage Directory /tmp/workdir/hadoop-ozone/integration-test/target/test-dir/MiniOzoneClusterImpl-ac734e81-a551-49a1-a9b5-52ad4610d347/datanode-1/data/ratis/2cded46a-ae0c-4687-92a2-a51c66e4a717: flushIndex: setUnconditionally 0 -> -1
2019-07-13 17:04:48,655 INFO  server.RaftServerConfigKeys (ConfUtils.java:logGet(43)) - raft.server.snapshot.auto.trigger.enabled = true (custom)
2019-07-13 17:04:48,655 INFO  server.RaftServerConfigKeys (ConfUtils.java:logGet(43)) - raft.server.snapshot.auto.trigger.enabled = true (custom)
2019-07-13 17:04:48,655 INFO  server.RaftServerConfigKeys (ConfUtils.java:logGet(43)) - raft.server.snapshot.auto.trigger.threshold = 10000 (custom)
2019-07-13 17:04:48,655 INFO  server.RaftServerConfigKeys (ConfUtils.java:logGet(43)) - raft.server.snapshot.auto.trigger.threshold = 10000 (custom)
2019-07-13 17:04:48,655 INFO  server.RaftServerConfigKeys (ConfUtils.java:logGet(43)) - raft.server.retrycache.expirytime = 600000ms (custom)
2019-07-13 17:04:48,656 INFO  server.RaftServerConfigKeys (ConfUtils.java:logGet(43)) - raft.server.retrycache.expirytime = 600000ms (custom)
2019-07-13 17:04:48,656 INFO  impl.RaftServerImpl (RaftServerImpl.java:start(180)) - 066e5c56-e86d-4d57-bad2-75a941ab96fc: start group-A51C66E4A717
2019-07-13 17:04:48,656 INFO  impl.RaftServerImpl (RaftServerImpl.java:start(180)) - a53df301-d6ac-409d-b1c4-78ab4069e75c: start group-A51C66E4A717
2019-07-13 17:04:48,656 INFO  impl.RaftServerImpl (RaftServerImpl.java:setRole(171)) - 066e5c56-e86d-4d57-bad2-75a941ab96fc:group-A51C66E4A717 changes role from null to FOLLOWER at term 0 for startAsFollower
2019-07-13 17:04:48,657 INFO  impl.RaftServerImpl (RaftServerImpl.java:setRole(171)) - a53df301-d6ac-409d-b1c4-78ab4069e75c:group-A51C66E4A717 changes role from null to FOLLOWER at term 0 for startAsFollower
2019-07-13 17:04:48,657 INFO  impl.RoleInfo (RoleInfo.java:updateAndGet(143)) - 066e5c56-e86d-4d57-bad2-75a941ab96fc: start FollowerState
2019-07-13 17:04:48,657 INFO  impl.RoleInfo (RoleInfo.java:updateAndGet(143)) - a53df301-d6ac-409d-b1c4-78ab4069e75c: start FollowerState
2019-07-13 17:04:48,657 INFO  util.JmxRegister (JmxRegister.java:tryRegister(44)) - Successfully registered JMX Bean with object name Ratis:service=RaftServer,group=group-A51C66E4A717,id=066e5c56-e86d-4d57-bad2-75a941ab96fc
2019-07-13 17:04:48,658 INFO  util.JmxRegister (JmxRegister.java:tryRegister(44)) - Successfully registered JMX Bean with object name Ratis:service=RaftServer,group=group-A51C66E4A717,id=a53df301-d6ac-409d-b1c4-78ab4069e75c
2019-07-13 17:04:48,666 INFO  node.SCMNodeManager (SCMNodeManager.java:register(269)) - Registered Data node : 4e2fa81c-d097-4f4c-b043-23c1a417a170{ip: 192.168.5.187, host: trunk-nightly-z92hn-1831959607, networkLocation: /default-rack, certSerialId: null}
2019-07-13 17:04:48,666 INFO  pipeline.PipelineStateManager (PipelineStateManager.java:addPipeline(56)) - Created pipeline Pipeline[ Id: 2cded46a-ae0c-4687-92a2-a51c66e4a717, Nodes: a53df301-d6ac-409d-b1c4-78ab4069e75c{ip: 192.168.5.187, host: trunk-nightly-z92hn-1831959607, networkLocation: /default-rack, certSerialId: null}e4be38e3-c24d-40b4-a019-64b8291a2845{ip: 192.168.5.187, host: trunk-nightly-z92hn-1831959607, networkLocation: /default-rack, certSerialId: null}066e5c56-e86d-4d57-bad2-75a941ab96fc{ip: 192.168.5.187, host: trunk-nightly-z92hn-1831959607, networkLocation: /default-rack, certSerialId: null}, Type:RATIS, Factor:THREE, State:OPEN]
2019-07-13 17:04:48,912 INFO  node.SCMNodeManager (SCMNodeManager.java:register(269)) - Registered Data node : 888905af-e8dc-4c58-95a0-f3d6eb1dcd95{ip: 192.168.5.187, host: trunk-nightly-z92hn-1831959607, networkLocation: /default-rack, certSerialId: null}
2019-07-13 17:04:48,924 INFO  impl.RaftServerProxy (RaftServerProxy.java:addNew(89)) - 888905af-e8dc-4c58-95a0-f3d6eb1dcd95: addNew group-62B8135E7ECF:[888905af-e8dc-4c58-95a0-f3d6eb1dcd95:192.168.5.187:42487] returns group-62B8135E7ECF:java.util.concurrent.CompletableFuture@ba622e2[Not completed]
2019-07-13 17:04:48,926 INFO  impl.RaftServerImpl (RaftServerImpl.java:<init>(93)) - 888905af-e8dc-4c58-95a0-f3d6eb1dcd95: new RaftServerImpl for group-62B8135E7ECF:[888905af-e8dc-4c58-95a0-f3d6eb1dcd95:192.168.5.187:42487] with ContainerStateMachine:uninitialized
2019-07-13 17:04:48,926 INFO  server.RaftServerConfigKeys (ConfUtils.java:logGet(43)) - raft.server.rpc.timeout.min = 5s (custom)
2019-07-13 17:04:48,926 INFO  server.RaftServerConfigKeys (ConfUtils.java:logGet(43)) - raft.server.rpc.timeout.max = 5200ms (custom)
2019-07-13 17:04:48,926 INFO  server.RaftServerConfigKeys (ConfUtils.java:logGet(43)) - raft.server.rpcslowness.timeout = 120s (custom)
2019-07-13 17:04:48,926 INFO  server.RaftServerConfigKeys (ConfUtils.java:logGet(43)) - raft.server.sleep.deviation.threshold = 300 (default)
2019-07-13 17:04:48,926 INFO  server.RaftServerConfigKeys (ConfUtils.java:logGet(43)) - raft.server.log.appender.install.snapshot.enabled = false (custom)
2019-07-13 17:04:48,927 INFO  impl.RaftServerImpl (ServerState.java:<init>(105)) - 888905af-e8dc-4c58-95a0-f3d6eb1dcd95:group-62B8135E7ECF ConfigurationManager, init=-1: [888905af-e8dc-4c58-95a0-f3d6eb1dcd95:192.168.5.187:42487], old=null, confs=<EMPTY_MAP>
2019-07-13 17:04:48,927 INFO  server.RaftServerConfigKeys (ConfUtils.java:logGet(43)) - raft.server.storage.dir = [/tmp/workdir/hadoop-ozone/integration-test/target/test-dir/MiniOzoneClusterImpl-ac734e81-a551-49a1-a9b5-52ad4610d347/datanode-4/data/ratis] (custom)
2019-07-13 17:04:48,927 INFO  storage.RaftStorageDirectory (RaftStorageDirectory.java:analyzeStorage(246)) - The storage directory /tmp/workdir/hadoop-ozone/integration-test/target/test-dir/MiniOzoneClusterImpl-ac734e81-a551-49a1-a9b5-52ad4610d347/datanode-4/data/ratis/1063f428-956d-4438-84cf-62b8135e7ecf does not exist. Creating ...
2019-07-13 17:04:48,933 INFO  storage.RaftStorageDirectory (RaftStorageDirectory.java:tryLock(328)) - Lock on /tmp/workdir/hadoop-ozone/integration-test/target/test-dir/MiniOzoneClusterImpl-ac734e81-a551-49a1-a9b5-52ad4610d347/datanode-4/data/ratis/1063f428-956d-4438-84cf-62b8135e7ecf/in_use.lock acquired by nodename 12212@trunk-nightly-z92hn-1831959607
2019-07-13 17:04:48,936 INFO  storage.RaftStorage (RaftStorage.java:format(72)) - Storage directory /tmp/workdir/hadoop-ozone/integration-test/target/test-dir/MiniOzoneClusterImpl-ac734e81-a551-49a1-a9b5-52ad4610d347/datanode-4/data/ratis/1063f428-956d-4438-84cf-62b8135e7ecf has been successfully formatted.
2019-07-13 17:04:48,937 INFO  ratis.ContainerStateMachine (ContainerStateMachine.java:loadSnapshot(200)) - The snapshot info is null.Setting the last applied index to:(t:0, i:~)
2019-07-13 17:04:48,937 INFO  server.RaftServerConfigKeys (ConfUtils.java:logGet(43)) - raft.server.leader.election.timeout = 120s (custom)
2019-07-13 17:04:48,937 INFO  server.RaftServerConfigKeys (ConfUtils.java:logGet(43)) - raft.server.log.use.memory = false (default)
2019-07-13 17:04:48,937 INFO  server.RaftServerConfigKeys (ConfUtils.java:logGet(43)) - raft.server.log.purge.gap = 1000000000 (custom)
2019-07-13 17:04:48,937 INFO  server.RaftServerConfigKeys (ConfUtils.java:logGet(43)) - raft.server.log.appender.buffer.byte-limit = 33554432 (custom)
2019-07-13 17:04:48,938 INFO  server.RaftServerConfigKeys (ConfUtils.java:logGet(43)) - raft.server.log.segment.size.max = 1048576 (custom)
2019-07-13 17:04:48,938 INFO  server.RaftServerConfigKeys (ConfUtils.java:logGet(43)) - raft.server.log.segment.cache.num.max = 2 (custom)
2019-07-13 17:04:48,938 INFO  segmented.SegmentedRaftLogWorker (SegmentedRaftLogWorker.java:<init>(172)) - new 888905af-e8dc-4c58-95a0-f3d6eb1dcd95-SegmentedRaftLogWorker:Storage Directory /tmp/workdir/hadoop-ozone/integration-test/target/test-dir/MiniOzoneClusterImpl-ac734e81-a551-49a1-a9b5-52ad4610d347/datanode-4/data/ratis/1063f428-956d-4438-84cf-62b8135e7ecf for RaftStorage:Storage Directory /tmp/workdir/hadoop-ozone/integration-test/target/test-dir/MiniOzoneClusterImpl-ac734e81-a551-49a1-a9b5-52ad4610d347/datanode-4/data/ratis/1063f428-956d-4438-84cf-62b8135e7ecf
2019-07-13 17:04:48,938 INFO  server.RaftServerConfigKeys (ConfUtils.java:logGet(43)) - raft.server.log.queue.byte-limit = 2147483647 (custom)
2019-07-13 17:04:48,938 INFO  server.RaftServerConfigKeys (ConfUtils.java:logGet(43)) - raft.server.log.queue.element-limit = 1024 (custom)
2019-07-13 17:04:48,939 INFO  server.RaftServerConfigKeys (ConfUtils.java:logGet(43)) - raft.server.log.segment.size.max = 1048576 (custom)
2019-07-13 17:04:48,939 INFO  server.RaftServerConfigKeys (ConfUtils.java:logGet(43)) - raft.server.log.preallocated.size = 16384 (custom)
2019-07-13 17:04:48,939 INFO  server.RaftServerConfigKeys (ConfUtils.java:logGet(43)) - raft.server.log.write.buffer.size = 33554432 (custom)
2019-07-13 17:04:48,939 INFO  server.RaftServerConfigKeys (ConfUtils.java:logGet(43)) - raft.server.log.force.sync.num = 128 (default)
2019-07-13 17:04:48,939 INFO  server.RaftServerConfigKeys (ConfUtils.java:logGet(43)) - raft.server.log.statemachine.data.sync = true (default)
2019-07-13 17:04:48,940 INFO  server.RaftServerConfigKeys (ConfUtils.java:logGet(43)) - raft.server.log.statemachine.data.sync.timeout = 10s (default)
2019-07-13 17:04:48,940 INFO  server.RaftServerConfigKeys (ConfUtils.java:logGet(43)) - raft.server.log.statemachine.data.sync.timeout.retry = -1 (default)
2019-07-13 17:04:48,940 INFO  server.RaftServerConfigKeys (ConfUtils.java:logGet(43)) - raft.server.log.statemachine.data.caching.enabled = true (custom)
2019-07-13 17:04:48,941 INFO  segmented.SegmentedRaftLogWorker (SegmentedRaftLogWorker.java:lambda$new$0(132)) - 888905af-e8dc-4c58-95a0-f3d6eb1dcd95-SegmentedRaftLogWorker:Storage Directory /tmp/workdir/hadoop-ozone/integration-test/target/test-dir/MiniOzoneClusterImpl-ac734e81-a551-49a1-a9b5-52ad4610d347/datanode-4/data/ratis/1063f428-956d-4438-84cf-62b8135e7ecf: flushIndex: setUnconditionally 0 -> -1
2019-07-13 17:04:48,941 INFO  server.RaftServerConfigKeys (ConfUtils.java:logGet(43)) - raft.server.snapshot.auto.trigger.enabled = true (custom)
2019-07-13 17:04:48,941 INFO  server.RaftServerConfigKeys (ConfUtils.java:logGet(43)) - raft.server.snapshot.auto.trigger.threshold = 10000 (custom)
2019-07-13 17:04:48,942 INFO  server.RaftServerConfigKeys (ConfUtils.java:logGet(43)) - raft.server.retrycache.expirytime = 600000ms (custom)
2019-07-13 17:04:48,942 INFO  impl.RaftServerImpl (RaftServerImpl.java:start(180)) - 888905af-e8dc-4c58-95a0-f3d6eb1dcd95: start group-62B8135E7ECF
2019-07-13 17:04:48,942 INFO  impl.RaftServerImpl (RaftServerImpl.java:setRole(171)) - 888905af-e8dc-4c58-95a0-f3d6eb1dcd95:group-62B8135E7ECF changes role from null to FOLLOWER at term 0 for startAsFollower
2019-07-13 17:04:48,942 INFO  impl.RoleInfo (RoleInfo.java:updateAndGet(143)) - 888905af-e8dc-4c58-95a0-f3d6eb1dcd95: start FollowerState
2019-07-13 17:04:48,943 INFO  util.JmxRegister (JmxRegister.java:tryRegister(44)) - Successfully registered JMX Bean with object name Ratis:service=RaftServer,group=group-62B8135E7ECF,id=888905af-e8dc-4c58-95a0-f3d6eb1dcd95
2019-07-13 17:04:48,948 INFO  pipeline.PipelineStateManager (PipelineStateManager.java:addPipeline(56)) - Created pipeline Pipeline[ Id: 1063f428-956d-4438-84cf-62b8135e7ecf, Nodes: 888905af-e8dc-4c58-95a0-f3d6eb1dcd95{ip: 192.168.5.187, host: trunk-nightly-z92hn-1831959607, networkLocation: /default-rack, certSerialId: null}, Type:RATIS, Factor:ONE, State:OPEN]
2019-07-13 17:04:48,960 INFO  impl.RaftServerProxy (RaftServerProxy.java:addNew(89)) - 4e2fa81c-d097-4f4c-b043-23c1a417a170: addNew group-D8DDD4E8807A:[4e2fa81c-d097-4f4c-b043-23c1a417a170:192.168.5.187:33667] returns group-D8DDD4E8807A:java.util.concurrent.CompletableFuture@1f3c9417[Not completed]
2019-07-13 17:04:48,961 INFO  impl.RaftServerImpl (RaftServerImpl.java:<init>(93)) - 4e2fa81c-d097-4f4c-b043-23c1a417a170: new RaftServerImpl for group-D8DDD4E8807A:[4e2fa81c-d097-4f4c-b043-23c1a417a170:192.168.5.187:33667] with ContainerStateMachine:uninitialized
2019-07-13 17:04:48,961 INFO  server.RaftServerConfigKeys (ConfUtils.java:logGet(43)) - raft.server.rpc.timeout.min = 5s (custom)
2019-07-13 17:04:48,961 INFO  server.RaftServerConfigKeys (ConfUtils.java:logGet(43)) - raft.server.rpc.timeout.max = 5200ms (custom)
2019-07-13 17:04:48,961 INFO  server.RaftServerConfigKeys (ConfUtils.java:logGet(43)) - raft.server.rpcslowness.timeout = 120s (custom)
2019-07-13 17:04:48,962 INFO  server.RaftServerConfigKeys (ConfUtils.java:logGet(43)) - raft.server.sleep.deviation.threshold = 300 (default)
2019-07-13 17:04:48,962 INFO  server.RaftServerConfigKeys (ConfUtils.java:logGet(43)) - raft.server.log.appender.install.snapshot.enabled = false (custom)
2019-07-13 17:04:48,962 INFO  impl.RaftServerImpl (ServerState.java:<init>(105)) - 4e2fa81c-d097-4f4c-b043-23c1a417a170:group-D8DDD4E8807A ConfigurationManager, init=-1: [4e2fa81c-d097-4f4c-b043-23c1a417a170:192.168.5.187:33667], old=null, confs=<EMPTY_MAP>
2019-07-13 17:04:48,962 INFO  server.RaftServerConfigKeys (ConfUtils.java:logGet(43)) - raft.server.storage.dir = [/tmp/workdir/hadoop-ozone/integration-test/target/test-dir/MiniOzoneClusterImpl-ac734e81-a551-49a1-a9b5-52ad4610d347/datanode-3/data/ratis] (custom)
2019-07-13 17:04:48,962 INFO  storage.RaftStorageDirectory (RaftStorageDirectory.java:analyzeStorage(246)) - The storage directory /tmp/workdir/hadoop-ozone/integration-test/target/test-dir/MiniOzoneClusterImpl-ac734e81-a551-49a1-a9b5-52ad4610d347/datanode-3/data/ratis/b86192d8-13bd-4df4-9088-d8ddd4e8807a does not exist. Creating ...
2019-07-13 17:04:48,967 INFO  storage.RaftStorageDirectory (RaftStorageDirectory.java:tryLock(328)) - Lock on /tmp/workdir/hadoop-ozone/integration-test/target/test-dir/MiniOzoneClusterImpl-ac734e81-a551-49a1-a9b5-52ad4610d347/datanode-3/data/ratis/b86192d8-13bd-4df4-9088-d8ddd4e8807a/in_use.lock acquired by nodename 12212@trunk-nightly-z92hn-1831959607
2019-07-13 17:04:48,979 INFO  storage.RaftStorage (RaftStorage.java:format(72)) - Storage directory /tmp/workdir/hadoop-ozone/integration-test/target/test-dir/MiniOzoneClusterImpl-ac734e81-a551-49a1-a9b5-52ad4610d347/datanode-3/data/ratis/b86192d8-13bd-4df4-9088-d8ddd4e8807a has been successfully formatted.
2019-07-13 17:04:48,979 INFO  ratis.ContainerStateMachine (ContainerStateMachine.java:loadSnapshot(200)) - The snapshot info is null.Setting the last applied index to:(t:0, i:~)
2019-07-13 17:04:48,979 INFO  server.RaftServerConfigKeys (ConfUtils.java:logGet(43)) - raft.server.leader.election.timeout = 120s (custom)
2019-07-13 17:04:48,979 INFO  server.RaftServerConfigKeys (ConfUtils.java:logGet(43)) - raft.server.log.use.memory = false (default)
2019-07-13 17:04:48,980 INFO  server.RaftServerConfigKeys (ConfUtils.java:logGet(43)) - raft.server.log.purge.gap = 1000000000 (custom)
2019-07-13 17:04:48,980 INFO  server.RaftServerConfigKeys (ConfUtils.java:logGet(43)) - raft.server.log.appender.buffer.byte-limit = 33554432 (custom)
2019-07-13 17:04:48,980 INFO  server.RaftServerConfigKeys (ConfUtils.java:logGet(43)) - raft.server.log.segment.size.max = 1048576 (custom)
2019-07-13 17:04:48,980 INFO  server.RaftServerConfigKeys (ConfUtils.java:logGet(43)) - raft.server.log.segment.cache.num.max = 2 (custom)
2019-07-13 17:04:48,980 INFO  segmented.SegmentedRaftLogWorker (SegmentedRaftLogWorker.java:<init>(172)) - new 4e2fa81c-d097-4f4c-b043-23c1a417a170-SegmentedRaftLogWorker:Storage Directory /tmp/workdir/hadoop-ozone/integration-test/target/test-dir/MiniOzoneClusterImpl-ac734e81-a551-49a1-a9b5-52ad4610d347/datanode-3/data/ratis/b86192d8-13bd-4df4-9088-d8ddd4e8807a for RaftStorage:Storage Directory /tmp/workdir/hadoop-ozone/integration-test/target/test-dir/MiniOzoneClusterImpl-ac734e81-a551-49a1-a9b5-52ad4610d347/datanode-3/data/ratis/b86192d8-13bd-4df4-9088-d8ddd4e8807a
2019-07-13 17:04:48,981 INFO  server.RaftServerConfigKeys (ConfUtils.java:logGet(43)) - raft.server.log.queue.byte-limit = 2147483647 (custom)
2019-07-13 17:04:48,981 INFO  server.RaftServerConfigKeys (ConfUtils.java:logGet(43)) - raft.server.log.queue.element-limit = 1024 (custom)
2019-07-13 17:04:48,981 INFO  server.RaftServerConfigKeys (ConfUtils.java:logGet(43)) - raft.server.log.segment.size.max = 1048576 (custom)
2019-07-13 17:04:48,981 INFO  server.RaftServerConfigKeys (ConfUtils.java:logGet(43)) - raft.server.log.preallocated.size = 16384 (custom)
2019-07-13 17:04:48,981 INFO  server.RaftServerConfigKeys (ConfUtils.java:logGet(43)) - raft.server.log.write.buffer.size = 33554432 (custom)
2019-07-13 17:04:48,981 INFO  server.RaftServerConfigKeys (ConfUtils.java:logGet(43)) - raft.server.log.force.sync.num = 128 (default)
2019-07-13 17:04:48,982 INFO  server.RaftServerConfigKeys (ConfUtils.java:logGet(43)) - raft.server.log.statemachine.data.sync = true (default)
2019-07-13 17:04:48,982 INFO  server.RaftServerConfigKeys (ConfUtils.java:logGet(43)) - raft.server.log.statemachine.data.sync.timeout = 10s (default)
2019-07-13 17:04:48,982 INFO  server.RaftServerConfigKeys (ConfUtils.java:logGet(43)) - raft.server.log.statemachine.data.sync.timeout.retry = -1 (default)
2019-07-13 17:04:48,982 INFO  server.RaftServerConfigKeys (ConfUtils.java:logGet(43)) - raft.server.log.statemachine.data.caching.enabled = true (custom)
2019-07-13 17:04:48,983 INFO  segmented.SegmentedRaftLogWorker (SegmentedRaftLogWorker.java:lambda$new$0(132)) - 4e2fa81c-d097-4f4c-b043-23c1a417a170-SegmentedRaftLogWorker:Storage Directory /tmp/workdir/hadoop-ozone/integration-test/target/test-dir/MiniOzoneClusterImpl-ac734e81-a551-49a1-a9b5-52ad4610d347/datanode-3/data/ratis/b86192d8-13bd-4df4-9088-d8ddd4e8807a: flushIndex: setUnconditionally 0 -> -1
2019-07-13 17:04:48,983 INFO  server.RaftServerConfigKeys (ConfUtils.java:logGet(43)) - raft.server.snapshot.auto.trigger.enabled = true (custom)
2019-07-13 17:04:48,983 INFO  server.RaftServerConfigKeys (ConfUtils.java:logGet(43)) - raft.server.snapshot.auto.trigger.threshold = 10000 (custom)
2019-07-13 17:04:48,983 INFO  server.RaftServerConfigKeys (ConfUtils.java:logGet(43)) - raft.server.retrycache.expirytime = 600000ms (custom)
2019-07-13 17:04:48,984 INFO  impl.RaftServerImpl (RaftServerImpl.java:start(180)) - 4e2fa81c-d097-4f4c-b043-23c1a417a170: start group-D8DDD4E8807A
2019-07-13 17:04:48,984 INFO  impl.RaftServerImpl (RaftServerImpl.java:setRole(171)) - 4e2fa81c-d097-4f4c-b043-23c1a417a170:group-D8DDD4E8807A changes role from null to FOLLOWER at term 0 for startAsFollower
2019-07-13 17:04:48,984 INFO  impl.RoleInfo (RoleInfo.java:updateAndGet(143)) - 4e2fa81c-d097-4f4c-b043-23c1a417a170: start FollowerState
2019-07-13 17:04:48,984 INFO  util.JmxRegister (JmxRegister.java:tryRegister(44)) - Successfully registered JMX Bean with object name Ratis:service=RaftServer,group=group-D8DDD4E8807A,id=4e2fa81c-d097-4f4c-b043-23c1a417a170
2019-07-13 17:04:48,990 INFO  pipeline.PipelineStateManager (PipelineStateManager.java:addPipeline(56)) - Created pipeline Pipeline[ Id: b86192d8-13bd-4df4-9088-d8ddd4e8807a, Nodes: 4e2fa81c-d097-4f4c-b043-23c1a417a170{ip: 192.168.5.187, host: trunk-nightly-z92hn-1831959607, networkLocation: /default-rack, certSerialId: null}, Type:RATIS, Factor:ONE, State:OPEN]
2019-07-13 17:04:49,128 INFO  node.SCMNodeManager (SCMNodeManager.java:register(269)) - Registered Data node : 7d3a3933-55dd-4605-959f-6101f3de8505{ip: 192.168.5.187, host: trunk-nightly-z92hn-1831959607, networkLocation: /default-rack, certSerialId: null}
2019-07-13 17:04:49,140 INFO  impl.RaftServerProxy (RaftServerProxy.java:addNew(89)) - 7d3a3933-55dd-4605-959f-6101f3de8505: addNew group-FB0D708441A0:[7d3a3933-55dd-4605-959f-6101f3de8505:192.168.5.187:43995] returns group-FB0D708441A0:java.util.concurrent.CompletableFuture@7ad6510c[Not completed]
2019-07-13 17:04:49,141 INFO  impl.RaftServerImpl (RaftServerImpl.java:<init>(93)) - 7d3a3933-55dd-4605-959f-6101f3de8505: new RaftServerImpl for group-FB0D708441A0:[7d3a3933-55dd-4605-959f-6101f3de8505:192.168.5.187:43995] with ContainerStateMachine:uninitialized
2019-07-13 17:04:49,142 INFO  server.RaftServerConfigKeys (ConfUtils.java:logGet(43)) - raft.server.rpc.timeout.min = 5s (custom)
2019-07-13 17:04:49,142 INFO  server.RaftServerConfigKeys (ConfUtils.java:logGet(43)) - raft.server.rpc.timeout.max = 5200ms (custom)
2019-07-13 17:04:49,142 INFO  server.RaftServerConfigKeys (ConfUtils.java:logGet(43)) - raft.server.rpcslowness.timeout = 120s (custom)
2019-07-13 17:04:49,142 INFO  server.RaftServerConfigKeys (ConfUtils.java:logGet(43)) - raft.server.sleep.deviation.threshold = 300 (default)
2019-07-13 17:04:49,142 INFO  server.RaftServerConfigKeys (ConfUtils.java:logGet(43)) - raft.server.log.appender.install.snapshot.enabled = false (custom)
2019-07-13 17:04:49,142 INFO  impl.RaftServerImpl (ServerState.java:<init>(105)) - 7d3a3933-55dd-4605-959f-6101f3de8505:group-FB0D708441A0 ConfigurationManager, init=-1: [7d3a3933-55dd-4605-959f-6101f3de8505:192.168.5.187:43995], old=null, confs=<EMPTY_MAP>
2019-07-13 17:04:49,143 INFO  server.RaftServerConfigKeys (ConfUtils.java:logGet(43)) - raft.server.storage.dir = [/tmp/workdir/hadoop-ozone/integration-test/target/test-dir/MiniOzoneClusterImpl-ac734e81-a551-49a1-a9b5-52ad4610d347/datanode-5/data/ratis] (custom)
2019-07-13 17:04:49,143 INFO  storage.RaftStorageDirectory (RaftStorageDirectory.java:analyzeStorage(246)) - The storage directory /tmp/workdir/hadoop-ozone/integration-test/target/test-dir/MiniOzoneClusterImpl-ac734e81-a551-49a1-a9b5-52ad4610d347/datanode-5/data/ratis/e14a7900-d3a1-46b6-9171-fb0d708441a0 does not exist. Creating ...
2019-07-13 17:04:49,149 INFO  storage.RaftStorageDirectory (RaftStorageDirectory.java:tryLock(328)) - Lock on /tmp/workdir/hadoop-ozone/integration-test/target/test-dir/MiniOzoneClusterImpl-ac734e81-a551-49a1-a9b5-52ad4610d347/datanode-5/data/ratis/e14a7900-d3a1-46b6-9171-fb0d708441a0/in_use.lock acquired by nodename 12212@trunk-nightly-z92hn-1831959607
2019-07-13 17:04:49,152 INFO  storage.RaftStorage (RaftStorage.java:format(72)) - Storage directory /tmp/workdir/hadoop-ozone/integration-test/target/test-dir/MiniOzoneClusterImpl-ac734e81-a551-49a1-a9b5-52ad4610d347/datanode-5/data/ratis/e14a7900-d3a1-46b6-9171-fb0d708441a0 has been successfully formatted.
2019-07-13 17:04:49,152 INFO  ratis.ContainerStateMachine (ContainerStateMachine.java:loadSnapshot(200)) - The snapshot info is null.Setting the last applied index to:(t:0, i:~)
2019-07-13 17:04:49,152 INFO  server.RaftServerConfigKeys (ConfUtils.java:logGet(43)) - raft.server.leader.election.timeout = 120s (custom)
2019-07-13 17:04:49,152 INFO  server.RaftServerConfigKeys (ConfUtils.java:logGet(43)) - raft.server.log.use.memory = false (default)
2019-07-13 17:04:49,153 INFO  server.RaftServerConfigKeys (ConfUtils.java:logGet(43)) - raft.server.log.purge.gap = 1000000000 (custom)
2019-07-13 17:04:49,153 INFO  server.RaftServerConfigKeys (ConfUtils.java:logGet(43)) - raft.server.log.appender.buffer.byte-limit = 33554432 (custom)
2019-07-13 17:04:49,153 INFO  server.RaftServerConfigKeys (ConfUtils.java:logGet(43)) - raft.server.log.segment.size.max = 1048576 (custom)
2019-07-13 17:04:49,153 INFO  server.RaftServerConfigKeys (ConfUtils.java:logGet(43)) - raft.server.log.segment.cache.num.max = 2 (custom)
2019-07-13 17:04:49,153 INFO  segmented.SegmentedRaftLogWorker (SegmentedRaftLogWorker.java:<init>(172)) - new 7d3a3933-55dd-4605-959f-6101f3de8505-SegmentedRaftLogWorker:Storage Directory /tmp/workdir/hadoop-ozone/integration-test/target/test-dir/MiniOzoneClusterImpl-ac734e81-a551-49a1-a9b5-52ad4610d347/datanode-5/data/ratis/e14a7900-d3a1-46b6-9171-fb0d708441a0 for RaftStorage:Storage Directory /tmp/workdir/hadoop-ozone/integration-test/target/test-dir/MiniOzoneClusterImpl-ac734e81-a551-49a1-a9b5-52ad4610d347/datanode-5/data/ratis/e14a7900-d3a1-46b6-9171-fb0d708441a0
2019-07-13 17:04:49,154 INFO  server.RaftServerConfigKeys (ConfUtils.java:logGet(43)) - raft.server.log.queue.byte-limit = 2147483647 (custom)
2019-07-13 17:04:49,154 INFO  server.RaftServerConfigKeys (ConfUtils.java:logGet(43)) - raft.server.log.queue.element-limit = 1024 (custom)
2019-07-13 17:04:49,154 INFO  server.RaftServerConfigKeys (ConfUtils.java:logGet(43)) - raft.server.log.segment.size.max = 1048576 (custom)
2019-07-13 17:04:49,154 INFO  server.RaftServerConfigKeys (ConfUtils.java:logGet(43)) - raft.server.log.preallocated.size = 16384 (custom)
2019-07-13 17:04:49,155 INFO  server.RaftServerConfigKeys (ConfUtils.java:logGet(43)) - raft.server.log.write.buffer.size = 33554432 (custom)
2019-07-13 17:04:49,155 INFO  server.RaftServerConfigKeys (ConfUtils.java:logGet(43)) - raft.server.log.force.sync.num = 128 (default)
2019-07-13 17:04:49,155 INFO  server.RaftServerConfigKeys (ConfUtils.java:logGet(43)) - raft.server.log.statemachine.data.sync = true (default)
2019-07-13 17:04:49,155 INFO  server.RaftServerConfigKeys (ConfUtils.java:logGet(43)) - raft.server.log.statemachine.data.sync.timeout = 10s (default)
2019-07-13 17:04:49,155 INFO  server.RaftServerConfigKeys (ConfUtils.java:logGet(43)) - raft.server.log.statemachine.data.sync.timeout.retry = -1 (default)
2019-07-13 17:04:49,156 INFO  server.RaftServerConfigKeys (ConfUtils.java:logGet(43)) - raft.server.log.statemachine.data.caching.enabled = true (custom)
2019-07-13 17:04:49,156 INFO  segmented.SegmentedRaftLogWorker (SegmentedRaftLogWorker.java:lambda$new$0(132)) - 7d3a3933-55dd-4605-959f-6101f3de8505-SegmentedRaftLogWorker:Storage Directory /tmp/workdir/hadoop-ozone/integration-test/target/test-dir/MiniOzoneClusterImpl-ac734e81-a551-49a1-a9b5-52ad4610d347/datanode-5/data/ratis/e14a7900-d3a1-46b6-9171-fb0d708441a0: flushIndex: setUnconditionally 0 -> -1
2019-07-13 17:04:49,156 INFO  server.RaftServerConfigKeys (ConfUtils.java:logGet(43)) - raft.server.snapshot.auto.trigger.enabled = true (custom)
2019-07-13 17:04:49,157 INFO  server.RaftServerConfigKeys (ConfUtils.java:logGet(43)) - raft.server.snapshot.auto.trigger.threshold = 10000 (custom)
2019-07-13 17:04:49,157 INFO  server.RaftServerConfigKeys (ConfUtils.java:logGet(43)) - raft.server.retrycache.expirytime = 600000ms (custom)
2019-07-13 17:04:49,157 INFO  impl.RaftServerImpl (RaftServerImpl.java:start(180)) - 7d3a3933-55dd-4605-959f-6101f3de8505: start group-FB0D708441A0
2019-07-13 17:04:49,157 INFO  impl.RaftServerImpl (RaftServerImpl.java:setRole(171)) - 7d3a3933-55dd-4605-959f-6101f3de8505:group-FB0D708441A0 changes role from null to FOLLOWER at term 0 for startAsFollower
2019-07-13 17:04:49,158 INFO  impl.RoleInfo (RoleInfo.java:updateAndGet(143)) - 7d3a3933-55dd-4605-959f-6101f3de8505: start FollowerState
2019-07-13 17:04:49,158 INFO  util.JmxRegister (JmxRegister.java:tryRegister(44)) - Successfully registered JMX Bean with object name Ratis:service=RaftServer,group=group-FB0D708441A0,id=7d3a3933-55dd-4605-959f-6101f3de8505
2019-07-13 17:04:49,163 INFO  pipeline.PipelineStateManager (PipelineStateManager.java:addPipeline(56)) - Created pipeline Pipeline[ Id: e14a7900-d3a1-46b6-9171-fb0d708441a0, Nodes: 7d3a3933-55dd-4605-959f-6101f3de8505{ip: 192.168.5.187, host: trunk-nightly-z92hn-1831959607, networkLocation: /default-rack, certSerialId: null}, Type:RATIS, Factor:ONE, State:OPEN]
2019-07-13 17:04:49,176 INFO  impl.RaftServerProxy (RaftServerProxy.java:addNew(89)) - 888905af-e8dc-4c58-95a0-f3d6eb1dcd95: addNew group-4784B36BE1DC:[4e2fa81c-d097-4f4c-b043-23c1a417a170:192.168.5.187:33667, 888905af-e8dc-4c58-95a0-f3d6eb1dcd95:192.168.5.187:42487, 7d3a3933-55dd-4605-959f-6101f3de8505:192.168.5.187:43995] returns group-4784B36BE1DC:java.util.concurrent.CompletableFuture@160ebfb9[Not completed]
2019-07-13 17:04:49,176 INFO  impl.RaftServerProxy (RaftServerProxy.java:addNew(89)) - 4e2fa81c-d097-4f4c-b043-23c1a417a170: addNew group-4784B36BE1DC:[4e2fa81c-d097-4f4c-b043-23c1a417a170:192.168.5.187:33667, 888905af-e8dc-4c58-95a0-f3d6eb1dcd95:192.168.5.187:42487, 7d3a3933-55dd-4605-959f-6101f3de8505:192.168.5.187:43995] returns group-4784B36BE1DC:java.util.concurrent.CompletableFuture@27918eb8[Not completed]
2019-07-13 17:04:49,176 INFO  impl.RaftServerProxy (RaftServerProxy.java:addNew(89)) - 7d3a3933-55dd-4605-959f-6101f3de8505: addNew group-4784B36BE1DC:[4e2fa81c-d097-4f4c-b043-23c1a417a170:192.168.5.187:33667, 888905af-e8dc-4c58-95a0-f3d6eb1dcd95:192.168.5.187:42487, 7d3a3933-55dd-4605-959f-6101f3de8505:192.168.5.187:43995] returns group-4784B36BE1DC:java.util.concurrent.CompletableFuture@1c3afc6f[Not completed]
2019-07-13 17:04:49,177 INFO  impl.RaftServerImpl (RaftServerImpl.java:<init>(93)) - 888905af-e8dc-4c58-95a0-f3d6eb1dcd95: new RaftServerImpl for group-4784B36BE1DC:[4e2fa81c-d097-4f4c-b043-23c1a417a170:192.168.5.187:33667, 888905af-e8dc-4c58-95a0-f3d6eb1dcd95:192.168.5.187:42487, 7d3a3933-55dd-4605-959f-6101f3de8505:192.168.5.187:43995] with ContainerStateMachine:uninitialized
2019-07-13 17:04:49,177 INFO  server.RaftServerConfigKeys (ConfUtils.java:logGet(43)) - raft.server.rpc.timeout.min = 5s (custom)
2019-07-13 17:04:49,177 INFO  server.RaftServerConfigKeys (ConfUtils.java:logGet(43)) - raft.server.rpc.timeout.max = 5200ms (custom)
2019-07-13 17:04:49,178 INFO  server.RaftServerConfigKeys (ConfUtils.java:logGet(43)) - raft.server.rpcslowness.timeout = 120s (custom)
2019-07-13 17:04:49,178 INFO  impl.RaftServerImpl (RaftServerImpl.java:<init>(93)) - 4e2fa81c-d097-4f4c-b043-23c1a417a170: new RaftServerImpl for group-4784B36BE1DC:[4e2fa81c-d097-4f4c-b043-23c1a417a170:192.168.5.187:33667, 888905af-e8dc-4c58-95a0-f3d6eb1dcd95:192.168.5.187:42487, 7d3a3933-55dd-4605-959f-6101f3de8505:192.168.5.187:43995] with ContainerStateMachine:uninitialized
2019-07-13 17:04:49,178 INFO  server.RaftServerConfigKeys (ConfUtils.java:logGet(43)) - raft.server.sleep.deviation.threshold = 300 (default)
2019-07-13 17:04:49,178 INFO  server.RaftServerConfigKeys (ConfUtils.java:logGet(43)) - raft.server.rpc.timeout.min = 5s (custom)
2019-07-13 17:04:49,178 INFO  server.RaftServerConfigKeys (ConfUtils.java:logGet(43)) - raft.server.log.appender.install.snapshot.enabled = false (custom)
2019-07-13 17:04:49,178 INFO  server.RaftServerConfigKeys (ConfUtils.java:logGet(43)) - raft.server.rpc.timeout.max = 5200ms (custom)
2019-07-13 17:04:49,178 INFO  impl.RaftServerImpl (RaftServerImpl.java:<init>(93)) - 7d3a3933-55dd-4605-959f-6101f3de8505: new RaftServerImpl for group-4784B36BE1DC:[4e2fa81c-d097-4f4c-b043-23c1a417a170:192.168.5.187:33667, 888905af-e8dc-4c58-95a0-f3d6eb1dcd95:192.168.5.187:42487, 7d3a3933-55dd-4605-959f-6101f3de8505:192.168.5.187:43995] with ContainerStateMachine:uninitialized
2019-07-13 17:04:49,178 INFO  impl.RaftServerImpl (ServerState.java:<init>(105)) - 888905af-e8dc-4c58-95a0-f3d6eb1dcd95:group-4784B36BE1DC ConfigurationManager, init=-1: [4e2fa81c-d097-4f4c-b043-23c1a417a170:192.168.5.187:33667, 888905af-e8dc-4c58-95a0-f3d6eb1dcd95:192.168.5.187:42487, 7d3a3933-55dd-4605-959f-6101f3de8505:192.168.5.187:43995], old=null, confs=<EMPTY_MAP>
2019-07-13 17:04:49,179 INFO  server.RaftServerConfigKeys (ConfUtils.java:logGet(43)) - raft.server.rpc.timeout.min = 5s (custom)
2019-07-13 17:04:49,179 INFO  server.RaftServerConfigKeys (ConfUtils.java:logGet(43)) - raft.server.rpcslowness.timeout = 120s (custom)
2019-07-13 17:04:49,179 INFO  server.RaftServerConfigKeys (ConfUtils.java:logGet(43)) - raft.server.rpc.timeout.max = 5200ms (custom)
2019-07-13 17:04:49,179 INFO  server.RaftServerConfigKeys (ConfUtils.java:logGet(43)) - raft.server.rpcslowness.timeout = 120s (custom)
2019-07-13 17:04:49,179 INFO  server.RaftServerConfigKeys (ConfUtils.java:logGet(43)) - raft.server.storage.dir = [/tmp/workdir/hadoop-ozone/integration-test/target/test-dir/MiniOzoneClusterImpl-ac734e81-a551-49a1-a9b5-52ad4610d347/datanode-4/data/ratis] (custom)
2019-07-13 17:04:49,179 INFO  server.RaftServerConfigKeys (ConfUtils.java:logGet(43)) - raft.server.sleep.deviation.threshold = 300 (default)
2019-07-13 17:04:49,179 INFO  server.RaftServerConfigKeys (ConfUtils.java:logGet(43)) - raft.server.sleep.deviation.threshold = 300 (default)
2019-07-13 17:04:49,180 INFO  storage.RaftStorageDirectory (RaftStorageDirectory.java:analyzeStorage(246)) - The storage directory /tmp/workdir/hadoop-ozone/integration-test/target/test-dir/MiniOzoneClusterImpl-ac734e81-a551-49a1-a9b5-52ad4610d347/datanode-4/data/ratis/df02968a-2395-4a08-bb64-4784b36be1dc does not exist. Creating ...
2019-07-13 17:04:49,180 INFO  server.RaftServerConfigKeys (ConfUtils.java:logGet(43)) - raft.server.log.appender.install.snapshot.enabled = false (custom)
2019-07-13 17:04:49,180 INFO  server.RaftServerConfigKeys (ConfUtils.java:logGet(43)) - raft.server.log.appender.install.snapshot.enabled = false (custom)
2019-07-13 17:04:49,180 INFO  impl.RaftServerImpl (ServerState.java:<init>(105)) - 7d3a3933-55dd-4605-959f-6101f3de8505:group-4784B36BE1DC ConfigurationManager, init=-1: [4e2fa81c-d097-4f4c-b043-23c1a417a170:192.168.5.187:33667, 888905af-e8dc-4c58-95a0-f3d6eb1dcd95:192.168.5.187:42487, 7d3a3933-55dd-4605-959f-6101f3de8505:192.168.5.187:43995], old=null, confs=<EMPTY_MAP>
2019-07-13 17:04:49,180 INFO  impl.RaftServerImpl (ServerState.java:<init>(105)) - 4e2fa81c-d097-4f4c-b043-23c1a417a170:group-4784B36BE1DC ConfigurationManager, init=-1: [4e2fa81c-d097-4f4c-b043-23c1a417a170:192.168.5.187:33667, 888905af-e8dc-4c58-95a0-f3d6eb1dcd95:192.168.5.187:42487, 7d3a3933-55dd-4605-959f-6101f3de8505:192.168.5.187:43995], old=null, confs=<EMPTY_MAP>
2019-07-13 17:04:49,181 INFO  server.RaftServerConfigKeys (ConfUtils.java:logGet(43)) - raft.server.storage.dir = [/tmp/workdir/hadoop-ozone/integration-test/target/test-dir/MiniOzoneClusterImpl-ac734e81-a551-49a1-a9b5-52ad4610d347/datanode-5/data/ratis] (custom)
2019-07-13 17:04:49,181 INFO  server.RaftServerConfigKeys (ConfUtils.java:logGet(43)) - raft.server.storage.dir = [/tmp/workdir/hadoop-ozone/integration-test/target/test-dir/MiniOzoneClusterImpl-ac734e81-a551-49a1-a9b5-52ad4610d347/datanode-3/data/ratis] (custom)
2019-07-13 17:04:49,181 INFO  storage.RaftStorageDirectory (RaftStorageDirectory.java:analyzeStorage(246)) - The storage directory /tmp/workdir/hadoop-ozone/integration-test/target/test-dir/MiniOzoneClusterImpl-ac734e81-a551-49a1-a9b5-52ad4610d347/datanode-5/data/ratis/df02968a-2395-4a08-bb64-4784b36be1dc does not exist. Creating ...
2019-07-13 17:04:49,181 INFO  storage.RaftStorageDirectory (RaftStorageDirectory.java:analyzeStorage(246)) - The storage directory /tmp/workdir/hadoop-ozone/integration-test/target/test-dir/MiniOzoneClusterImpl-ac734e81-a551-49a1-a9b5-52ad4610d347/datanode-3/data/ratis/df02968a-2395-4a08-bb64-4784b36be1dc does not exist. Creating ...
2019-07-13 17:04:49,192 INFO  storage.RaftStorageDirectory (RaftStorageDirectory.java:tryLock(328)) - Lock on /tmp/workdir/hadoop-ozone/integration-test/target/test-dir/MiniOzoneClusterImpl-ac734e81-a551-49a1-a9b5-52ad4610d347/datanode-3/data/ratis/df02968a-2395-4a08-bb64-4784b36be1dc/in_use.lock acquired by nodename 12212@trunk-nightly-z92hn-1831959607
2019-07-13 17:04:49,192 INFO  storage.RaftStorageDirectory (RaftStorageDirectory.java:tryLock(328)) - Lock on /tmp/workdir/hadoop-ozone/integration-test/target/test-dir/MiniOzoneClusterImpl-ac734e81-a551-49a1-a9b5-52ad4610d347/datanode-4/data/ratis/df02968a-2395-4a08-bb64-4784b36be1dc/in_use.lock acquired by nodename 12212@trunk-nightly-z92hn-1831959607
2019-07-13 17:04:49,192 INFO  storage.RaftStorageDirectory (RaftStorageDirectory.java:tryLock(328)) - Lock on /tmp/workdir/hadoop-ozone/integration-test/target/test-dir/MiniOzoneClusterImpl-ac734e81-a551-49a1-a9b5-52ad4610d347/datanode-5/data/ratis/df02968a-2395-4a08-bb64-4784b36be1dc/in_use.lock acquired by nodename 12212@trunk-nightly-z92hn-1831959607
2019-07-13 17:04:49,198 INFO  storage.RaftStorage (RaftStorage.java:format(72)) - Storage directory /tmp/workdir/hadoop-ozone/integration-test/target/test-dir/MiniOzoneClusterImpl-ac734e81-a551-49a1-a9b5-52ad4610d347/datanode-4/data/ratis/df02968a-2395-4a08-bb64-4784b36be1dc has been successfully formatted.
2019-07-13 17:04:49,198 INFO  storage.RaftStorage (RaftStorage.java:format(72)) - Storage directory /tmp/workdir/hadoop-ozone/integration-test/target/test-dir/MiniOzoneClusterImpl-ac734e81-a551-49a1-a9b5-52ad4610d347/datanode-5/data/ratis/df02968a-2395-4a08-bb64-4784b36be1dc has been successfully formatted.
2019-07-13 17:04:49,198 INFO  ratis.ContainerStateMachine (ContainerStateMachine.java:loadSnapshot(200)) - The snapshot info is null.Setting the last applied index to:(t:0, i:~)
2019-07-13 17:04:49,198 INFO  storage.RaftStorage (RaftStorage.java:format(72)) - Storage directory /tmp/workdir/hadoop-ozone/integration-test/target/test-dir/MiniOzoneClusterImpl-ac734e81-a551-49a1-a9b5-52ad4610d347/datanode-3/data/ratis/df02968a-2395-4a08-bb64-4784b36be1dc has been successfully formatted.
2019-07-13 17:04:49,198 INFO  server.RaftServerConfigKeys (ConfUtils.java:logGet(43)) - raft.server.leader.election.timeout = 120s (custom)
2019-07-13 17:04:49,199 INFO  ratis.ContainerStateMachine (ContainerStateMachine.java:loadSnapshot(200)) - The snapshot info is null.Setting the last applied index to:(t:0, i:~)
2019-07-13 17:04:49,198 INFO  ratis.ContainerStateMachine (ContainerStateMachine.java:loadSnapshot(200)) - The snapshot info is null.Setting the last applied index to:(t:0, i:~)
2019-07-13 17:04:49,199 INFO  server.RaftServerConfigKeys (ConfUtils.java:logGet(43)) - raft.server.leader.election.timeout = 120s (custom)
2019-07-13 17:04:49,199 INFO  server.RaftServerConfigKeys (ConfUtils.java:logGet(43)) - raft.server.log.use.memory = false (default)
2019-07-13 17:04:49,199 INFO  server.RaftServerConfigKeys (ConfUtils.java:logGet(43)) - raft.server.log.use.memory = false (default)
2019-07-13 17:04:49,199 INFO  server.RaftServerConfigKeys (ConfUtils.java:logGet(43)) - raft.server.leader.election.timeout = 120s (custom)
2019-07-13 17:04:49,200 INFO  server.RaftServerConfigKeys (ConfUtils.java:logGet(43)) - raft.server.log.purge.gap = 1000000000 (custom)
2019-07-13 17:04:49,199 INFO  server.RaftServerConfigKeys (ConfUtils.java:logGet(43)) - raft.server.log.purge.gap = 1000000000 (custom)
2019-07-13 17:04:49,200 INFO  server.RaftServerConfigKeys (ConfUtils.java:logGet(43)) - raft.server.log.appender.buffer.byte-limit = 33554432 (custom)
2019-07-13 17:04:49,200 INFO  server.RaftServerConfigKeys (ConfUtils.java:logGet(43)) - raft.server.log.use.memory = false (default)
2019-07-13 17:04:49,200 INFO  server.RaftServerConfigKeys (ConfUtils.java:logGet(43)) - raft.server.log.segment.size.max = 1048576 (custom)
2019-07-13 17:04:49,200 INFO  server.RaftServerConfigKeys (ConfUtils.java:logGet(43)) - raft.server.log.appender.buffer.byte-limit = 33554432 (custom)
2019-07-13 17:04:49,201 INFO  server.RaftServerConfigKeys (ConfUtils.java:logGet(43)) - raft.server.log.segment.cache.num.max = 2 (custom)
2019-07-13 17:04:49,200 INFO  server.RaftServerConfigKeys (ConfUtils.java:logGet(43)) - raft.server.log.purge.gap = 1000000000 (custom)
2019-07-13 17:04:49,201 INFO  segmented.SegmentedRaftLogWorker (SegmentedRaftLogWorker.java:<init>(172)) - new 4e2fa81c-d097-4f4c-b043-23c1a417a170-SegmentedRaftLogWorker:Storage Directory /tmp/workdir/hadoop-ozone/integration-test/target/test-dir/MiniOzoneClusterImpl-ac734e81-a551-49a1-a9b5-52ad4610d347/datanode-3/data/ratis/df02968a-2395-4a08-bb64-4784b36be1dc for RaftStorage:Storage Directory /tmp/workdir/hadoop-ozone/integration-test/target/test-dir/MiniOzoneClusterImpl-ac734e81-a551-49a1-a9b5-52ad4610d347/datanode-3/data/ratis/df02968a-2395-4a08-bb64-4784b36be1dc
2019-07-13 17:04:49,201 INFO  server.RaftServerConfigKeys (ConfUtils.java:logGet(43)) - raft.server.log.segment.size.max = 1048576 (custom)
2019-07-13 17:04:49,201 INFO  server.RaftServerConfigKeys (ConfUtils.java:logGet(43)) - raft.server.log.queue.byte-limit = 2147483647 (custom)
2019-07-13 17:04:49,201 INFO  server.RaftServerConfigKeys (ConfUtils.java:logGet(43)) - raft.server.log.appender.buffer.byte-limit = 33554432 (custom)
2019-07-13 17:04:49,202 INFO  server.RaftServerConfigKeys (ConfUtils.java:logGet(43)) - raft.server.log.queue.element-limit = 1024 (custom)
2019-07-13 17:04:49,201 INFO  server.RaftServerConfigKeys (ConfUtils.java:logGet(43)) - raft.server.log.segment.cache.num.max = 2 (custom)
2019-07-13 17:04:49,202 INFO  server.RaftServerConfigKeys (ConfUtils.java:logGet(43)) - raft.server.log.segment.size.max = 1048576 (custom)
2019-07-13 17:04:49,202 INFO  server.RaftServerConfigKeys (ConfUtils.java:logGet(43)) - raft.server.log.segment.size.max = 1048576 (custom)
2019-07-13 17:04:49,202 INFO  server.RaftServerConfigKeys (ConfUtils.java:logGet(43)) - raft.server.log.preallocated.size = 16384 (custom)
2019-07-13 17:04:49,202 INFO  segmented.SegmentedRaftLogWorker (SegmentedRaftLogWorker.java:<init>(172)) - new 888905af-e8dc-4c58-95a0-f3d6eb1dcd95-SegmentedRaftLogWorker:Storage Directory /tmp/workdir/hadoop-ozone/integration-test/target/test-dir/MiniOzoneClusterImpl-ac734e81-a551-49a1-a9b5-52ad4610d347/datanode-4/data/ratis/df02968a-2395-4a08-bb64-4784b36be1dc for RaftStorage:Storage Directory /tmp/workdir/hadoop-ozone/integration-test/target/test-dir/MiniOzoneClusterImpl-ac734e81-a551-49a1-a9b5-52ad4610d347/datanode-4/data/ratis/df02968a-2395-4a08-bb64-4784b36be1dc
2019-07-13 17:04:49,203 INFO  server.RaftServerConfigKeys (ConfUtils.java:logGet(43)) - raft.server.log.write.buffer.size = 33554432 (custom)
2019-07-13 17:04:49,203 INFO  server.RaftServerConfigKeys (ConfUtils.java:logGet(43)) - raft.server.log.force.sync.num = 128 (default)
2019-07-13 17:04:49,202 INFO  server.RaftServerConfigKeys (ConfUtils.java:logGet(43)) - raft.server.log.segment.cache.num.max = 2 (custom)
2019-07-13 17:04:49,203 INFO  server.RaftServerConfigKeys (ConfUtils.java:logGet(43)) - raft.server.log.statemachine.data.sync = true (default)
2019-07-13 17:04:49,203 INFO  server.RaftServerConfigKeys (ConfUtils.java:logGet(43)) - raft.server.log.queue.byte-limit = 2147483647 (custom)
2019-07-13 17:04:49,204 INFO  server.RaftServerConfigKeys (ConfUtils.java:logGet(43)) - raft.server.log.statemachine.data.sync.timeout = 10s (default)
2019-07-13 17:04:49,204 INFO  server.RaftServerConfigKeys (ConfUtils.java:logGet(43)) - raft.server.log.statemachine.data.sync.timeout.retry = -1 (default)
2019-07-13 17:04:49,203 INFO  segmented.SegmentedRaftLogWorker (SegmentedRaftLogWorker.java:<init>(172)) - new 7d3a3933-55dd-4605-959f-6101f3de8505-SegmentedRaftLogWorker:Storage Directory /tmp/workdir/hadoop-ozone/integration-test/target/test-dir/MiniOzoneClusterImpl-ac734e81-a551-49a1-a9b5-52ad4610d347/datanode-5/data/ratis/df02968a-2395-4a08-bb64-4784b36be1dc for RaftStorage:Storage Directory /tmp/workdir/hadoop-ozone/integration-test/target/test-dir/MiniOzoneClusterImpl-ac734e81-a551-49a1-a9b5-52ad4610d347/datanode-5/data/ratis/df02968a-2395-4a08-bb64-4784b36be1dc
2019-07-13 17:04:49,204 INFO  server.RaftServerConfigKeys (ConfUtils.java:logGet(43)) - raft.server.log.statemachine.data.caching.enabled = true (custom)
2019-07-13 17:04:49,204 INFO  server.RaftServerConfigKeys (ConfUtils.java:logGet(43)) - raft.server.log.queue.element-limit = 1024 (custom)
2019-07-13 17:04:49,205 INFO  segmented.SegmentedRaftLogWorker (SegmentedRaftLogWorker.java:lambda$new$0(132)) - 4e2fa81c-d097-4f4c-b043-23c1a417a170-SegmentedRaftLogWorker:Storage Directory /tmp/workdir/hadoop-ozone/integration-test/target/test-dir/MiniOzoneClusterImpl-ac734e81-a551-49a1-a9b5-52ad4610d347/datanode-3/data/ratis/df02968a-2395-4a08-bb64-4784b36be1dc: flushIndex: setUnconditionally 0 -> -1
2019-07-13 17:04:49,204 INFO  server.RaftServerConfigKeys (ConfUtils.java:logGet(43)) - raft.server.log.queue.byte-limit = 2147483647 (custom)
2019-07-13 17:04:49,205 INFO  server.RaftServerConfigKeys (ConfUtils.java:logGet(43)) - raft.server.snapshot.auto.trigger.enabled = true (custom)
2019-07-13 17:04:49,205 INFO  server.RaftServerConfigKeys (ConfUtils.java:logGet(43)) - raft.server.snapshot.auto.trigger.threshold = 10000 (custom)
2019-07-13 17:04:49,205 INFO  server.RaftServerConfigKeys (ConfUtils.java:logGet(43)) - raft.server.log.segment.size.max = 1048576 (custom)
2019-07-13 17:04:49,205 INFO  server.RaftServerConfigKeys (ConfUtils.java:logGet(43)) - raft.server.retrycache.expirytime = 600000ms (custom)
2019-07-13 17:04:49,206 INFO  server.RaftServerConfigKeys (ConfUtils.java:logGet(43)) - raft.server.log.preallocated.size = 16384 (custom)
2019-07-13 17:04:49,206 INFO  server.RaftServerConfigKeys (ConfUtils.java:logGet(43)) - raft.server.log.write.buffer.size = 33554432 (custom)
2019-07-13 17:04:49,205 INFO  server.RaftServerConfigKeys (ConfUtils.java:logGet(43)) - raft.server.log.queue.element-limit = 1024 (custom)
2019-07-13 17:04:49,206 INFO  server.RaftServerConfigKeys (ConfUtils.java:logGet(43)) - raft.server.log.force.sync.num = 128 (default)
2019-07-13 17:04:49,206 INFO  impl.RaftServerImpl (RaftServerImpl.java:start(180)) - 4e2fa81c-d097-4f4c-b043-23c1a417a170: start group-4784B36BE1DC
2019-07-13 17:04:49,207 INFO  server.RaftServerConfigKeys (ConfUtils.java:logGet(43)) - raft.server.log.statemachine.data.sync = true (default)
2019-07-13 17:04:49,206 INFO  server.RaftServerConfigKeys (ConfUtils.java:logGet(43)) - raft.server.log.segment.size.max = 1048576 (custom)
2019-07-13 17:04:49,207 INFO  server.RaftServerConfigKeys (ConfUtils.java:logGet(43)) - raft.server.log.statemachine.data.sync.timeout = 10s (default)
2019-07-13 17:04:49,207 INFO  impl.RaftServerImpl (RaftServerImpl.java:setRole(171)) - 4e2fa81c-d097-4f4c-b043-23c1a417a170:group-4784B36BE1DC changes role from null to FOLLOWER at term 0 for startAsFollower
2019-07-13 17:04:49,207 INFO  server.RaftServerConfigKeys (ConfUtils.java:logGet(43)) - raft.server.log.statemachine.data.sync.timeout.retry = -1 (default)
2019-07-13 17:04:49,207 INFO  server.RaftServerConfigKeys (ConfUtils.java:logGet(43)) - raft.server.log.preallocated.size = 16384 (custom)
2019-07-13 17:04:49,208 INFO  server.RaftServerConfigKeys (ConfUtils.java:logGet(43)) - raft.server.log.statemachine.data.caching.enabled = true (custom)
2019-07-13 17:04:49,207 INFO  impl.RoleInfo (RoleInfo.java:updateAndGet(143)) - 4e2fa81c-d097-4f4c-b043-23c1a417a170: start FollowerState
2019-07-13 17:04:49,208 INFO  server.RaftServerConfigKeys (ConfUtils.java:logGet(43)) - raft.server.log.write.buffer.size = 33554432 (custom)
2019-07-13 17:04:49,208 INFO  segmented.SegmentedRaftLogWorker (SegmentedRaftLogWorker.java:lambda$new$0(132)) - 888905af-e8dc-4c58-95a0-f3d6eb1dcd95-SegmentedRaftLogWorker:Storage Directory /tmp/workdir/hadoop-ozone/integration-test/target/test-dir/MiniOzoneClusterImpl-ac734e81-a551-49a1-a9b5-52ad4610d347/datanode-4/data/ratis/df02968a-2395-4a08-bb64-4784b36be1dc: flushIndex: setUnconditionally 0 -> -1
2019-07-13 17:04:49,208 INFO  server.RaftServerConfigKeys (ConfUtils.java:logGet(43)) - raft.server.log.force.sync.num = 128 (default)
2019-07-13 17:04:49,208 INFO  util.JmxRegister (JmxRegister.java:tryRegister(44)) - Successfully registered JMX Bean with object name Ratis:service=RaftServer,group=group-4784B36BE1DC,id=4e2fa81c-d097-4f4c-b043-23c1a417a170
2019-07-13 17:04:49,209 INFO  server.RaftServerConfigKeys (ConfUtils.java:logGet(43)) - raft.server.log.statemachine.data.sync = true (default)
2019-07-13 17:04:49,209 INFO  server.RaftServerConfigKeys (ConfUtils.java:logGet(43)) - raft.server.snapshot.auto.trigger.enabled = true (custom)
2019-07-13 17:04:49,209 INFO  server.RaftServerConfigKeys (ConfUtils.java:logGet(43)) - raft.server.log.statemachine.data.sync.timeout = 10s (default)
2019-07-13 17:04:49,209 INFO  server.RaftServerConfigKeys (ConfUtils.java:logGet(43)) - raft.server.snapshot.auto.trigger.threshold = 10000 (custom)
2019-07-13 17:04:49,209 INFO  server.RaftServerConfigKeys (ConfUtils.java:logGet(43)) - raft.server.log.statemachine.data.sync.timeout.retry = -1 (default)
2019-07-13 17:04:49,209 INFO  server.RaftServerConfigKeys (ConfUtils.java:logGet(43)) - raft.server.retrycache.expirytime = 600000ms (custom)
2019-07-13 17:04:49,210 INFO  server.RaftServerConfigKeys (ConfUtils.java:logGet(43)) - raft.server.log.statemachine.data.caching.enabled = true (custom)
2019-07-13 17:04:49,210 INFO  impl.RaftServerImpl (RaftServerImpl.java:start(180)) - 888905af-e8dc-4c58-95a0-f3d6eb1dcd95: start group-4784B36BE1DC
2019-07-13 17:04:49,210 INFO  impl.RaftServerImpl (RaftServerImpl.java:setRole(171)) - 888905af-e8dc-4c58-95a0-f3d6eb1dcd95:group-4784B36BE1DC changes role from null to FOLLOWER at term 0 for startAsFollower
2019-07-13 17:04:49,210 INFO  segmented.SegmentedRaftLogWorker (SegmentedRaftLogWorker.java:lambda$new$0(132)) - 7d3a3933-55dd-4605-959f-6101f3de8505-SegmentedRaftLogWorker:Storage Directory /tmp/workdir/hadoop-ozone/integration-test/target/test-dir/MiniOzoneClusterImpl-ac734e81-a551-49a1-a9b5-52ad4610d347/datanode-5/data/ratis/df02968a-2395-4a08-bb64-4784b36be1dc: flushIndex: setUnconditionally 0 -> -1
2019-07-13 17:04:49,210 INFO  impl.RoleInfo (RoleInfo.java:updateAndGet(143)) - 888905af-e8dc-4c58-95a0-f3d6eb1dcd95: start FollowerState
2019-07-13 17:04:49,210 INFO  server.RaftServerConfigKeys (ConfUtils.java:logGet(43)) - raft.server.snapshot.auto.trigger.enabled = true (custom)
2019-07-13 17:04:49,211 INFO  server.RaftServerConfigKeys (ConfUtils.java:logGet(43)) - raft.server.snapshot.auto.trigger.threshold = 10000 (custom)
2019-07-13 17:04:49,211 INFO  util.JmxRegister (JmxRegister.java:tryRegister(44)) - Successfully registered JMX Bean with object name Ratis:service=RaftServer,group=group-4784B36BE1DC,id=888905af-e8dc-4c58-95a0-f3d6eb1dcd95
2019-07-13 17:04:49,211 INFO  server.RaftServerConfigKeys (ConfUtils.java:logGet(43)) - raft.server.retrycache.expirytime = 600000ms (custom)
2019-07-13 17:04:49,211 INFO  impl.RaftServerImpl (RaftServerImpl.java:start(180)) - 7d3a3933-55dd-4605-959f-6101f3de8505: start group-4784B36BE1DC
2019-07-13 17:04:49,211 INFO  impl.RaftServerImpl (RaftServerImpl.java:setRole(171)) - 7d3a3933-55dd-4605-959f-6101f3de8505:group-4784B36BE1DC changes role from null to FOLLOWER at term 0 for startAsFollower
2019-07-13 17:04:49,214 INFO  impl.RoleInfo (RoleInfo.java:updateAndGet(143)) - 7d3a3933-55dd-4605-959f-6101f3de8505: start FollowerState
2019-07-13 17:04:49,215 INFO  util.JmxRegister (JmxRegister.java:tryRegister(44)) - Successfully registered JMX Bean with object name Ratis:service=RaftServer,group=group-4784B36BE1DC,id=7d3a3933-55dd-4605-959f-6101f3de8505
2019-07-13 17:04:49,222 INFO  pipeline.PipelineStateManager (PipelineStateManager.java:addPipeline(56)) - Created pipeline Pipeline[ Id: df02968a-2395-4a08-bb64-4784b36be1dc, Nodes: 7d3a3933-55dd-4605-959f-6101f3de8505{ip: 192.168.5.187, host: trunk-nightly-z92hn-1831959607, networkLocation: /default-rack, certSerialId: null}888905af-e8dc-4c58-95a0-f3d6eb1dcd95{ip: 192.168.5.187, host: trunk-nightly-z92hn-1831959607, networkLocation: /default-rack, certSerialId: null}4e2fa81c-d097-4f4c-b043-23c1a417a170{ip: 192.168.5.187, host: trunk-nightly-z92hn-1831959607, networkLocation: /default-rack, certSerialId: null}, Type:RATIS, Factor:THREE, State:OPEN]
2019-07-13 17:04:49,302 INFO  ozone.MiniOzoneClusterImpl (MiniOzoneClusterImpl.java:lambda$waitForClusterToBeReady$0(142)) - Waiting for cluster to be ready. Got 6 of 7 DN Heartbeats.
2019-07-13 17:04:49,306 INFO  node.SCMNodeManager (SCMNodeManager.java:register(269)) - Registered Data node : 12074510-7a30-4b6a-90b7-955738f8fde7{ip: 192.168.5.187, host: trunk-nightly-z92hn-1831959607, networkLocation: /default-rack, certSerialId: null}
2019-07-13 17:04:49,318 INFO  impl.RaftServerProxy (RaftServerProxy.java:addNew(89)) - 12074510-7a30-4b6a-90b7-955738f8fde7: addNew group-CCE6DFC428F9:[12074510-7a30-4b6a-90b7-955738f8fde7:192.168.5.187:37555] returns group-CCE6DFC428F9:java.util.concurrent.CompletableFuture@3f8f3e33[Not completed]
2019-07-13 17:04:49,319 INFO  impl.RaftServerImpl (RaftServerImpl.java:<init>(93)) - 12074510-7a30-4b6a-90b7-955738f8fde7: new RaftServerImpl for group-CCE6DFC428F9:[12074510-7a30-4b6a-90b7-955738f8fde7:192.168.5.187:37555] with ContainerStateMachine:uninitialized
2019-07-13 17:04:49,320 INFO  server.RaftServerConfigKeys (ConfUtils.java:logGet(43)) - raft.server.rpc.timeout.min = 5s (custom)
2019-07-13 17:04:49,320 INFO  server.RaftServerConfigKeys (ConfUtils.java:logGet(43)) - raft.server.rpc.timeout.max = 5200ms (custom)
2019-07-13 17:04:49,320 INFO  server.RaftServerConfigKeys (ConfUtils.java:logGet(43)) - raft.server.rpcslowness.timeout = 120s (custom)
2019-07-13 17:04:49,320 INFO  server.RaftServerConfigKeys (ConfUtils.java:logGet(43)) - raft.server.sleep.deviation.threshold = 300 (default)
2019-07-13 17:04:49,320 INFO  server.RaftServerConfigKeys (ConfUtils.java:logGet(43)) - raft.server.log.appender.install.snapshot.enabled = false (custom)
2019-07-13 17:04:49,321 INFO  impl.RaftServerImpl (ServerState.java:<init>(105)) - 12074510-7a30-4b6a-90b7-955738f8fde7:group-CCE6DFC428F9 ConfigurationManager, init=-1: [12074510-7a30-4b6a-90b7-955738f8fde7:192.168.5.187:37555], old=null, confs=<EMPTY_MAP>
2019-07-13 17:04:49,321 INFO  server.RaftServerConfigKeys (ConfUtils.java:logGet(43)) - raft.server.storage.dir = [/tmp/workdir/hadoop-ozone/integration-test/target/test-dir/MiniOzoneClusterImpl-ac734e81-a551-49a1-a9b5-52ad4610d347/datanode-6/data/ratis] (custom)
2019-07-13 17:04:49,321 INFO  storage.RaftStorageDirectory (RaftStorageDirectory.java:analyzeStorage(246)) - The storage directory /tmp/workdir/hadoop-ozone/integration-test/target/test-dir/MiniOzoneClusterImpl-ac734e81-a551-49a1-a9b5-52ad4610d347/datanode-6/data/ratis/8b62221b-a529-41a9-be96-cce6dfc428f9 does not exist. Creating ...
2019-07-13 17:04:49,334 INFO  storage.RaftStorageDirectory (RaftStorageDirectory.java:tryLock(328)) - Lock on /tmp/workdir/hadoop-ozone/integration-test/target/test-dir/MiniOzoneClusterImpl-ac734e81-a551-49a1-a9b5-52ad4610d347/datanode-6/data/ratis/8b62221b-a529-41a9-be96-cce6dfc428f9/in_use.lock acquired by nodename 12212@trunk-nightly-z92hn-1831959607
2019-07-13 17:04:49,347 INFO  storage.RaftStorage (RaftStorage.java:format(72)) - Storage directory /tmp/workdir/hadoop-ozone/integration-test/target/test-dir/MiniOzoneClusterImpl-ac734e81-a551-49a1-a9b5-52ad4610d347/datanode-6/data/ratis/8b62221b-a529-41a9-be96-cce6dfc428f9 has been successfully formatted.
2019-07-13 17:04:49,347 INFO  ratis.ContainerStateMachine (ContainerStateMachine.java:loadSnapshot(200)) - The snapshot info is null.Setting the last applied index to:(t:0, i:~)
2019-07-13 17:04:49,347 INFO  server.RaftServerConfigKeys (ConfUtils.java:logGet(43)) - raft.server.leader.election.timeout = 120s (custom)
2019-07-13 17:04:49,347 INFO  server.RaftServerConfigKeys (ConfUtils.java:logGet(43)) - raft.server.log.use.memory = false (default)
2019-07-13 17:04:49,348 INFO  server.RaftServerConfigKeys (ConfUtils.java:logGet(43)) - raft.server.log.purge.gap = 1000000000 (custom)
2019-07-13 17:04:49,348 INFO  server.RaftServerConfigKeys (ConfUtils.java:logGet(43)) - raft.server.log.appender.buffer.byte-limit = 33554432 (custom)
2019-07-13 17:04:49,348 INFO  server.RaftServerConfigKeys (ConfUtils.java:logGet(43)) - raft.server.log.segment.size.max = 1048576 (custom)
2019-07-13 17:04:49,348 INFO  server.RaftServerConfigKeys (ConfUtils.java:logGet(43)) - raft.server.log.segment.cache.num.max = 2 (custom)
2019-07-13 17:04:49,348 INFO  segmented.SegmentedRaftLogWorker (SegmentedRaftLogWorker.java:<init>(172)) - new 12074510-7a30-4b6a-90b7-955738f8fde7-SegmentedRaftLogWorker:Storage Directory /tmp/workdir/hadoop-ozone/integration-test/target/test-dir/MiniOzoneClusterImpl-ac734e81-a551-49a1-a9b5-52ad4610d347/datanode-6/data/ratis/8b62221b-a529-41a9-be96-cce6dfc428f9 for RaftStorage:Storage Directory /tmp/workdir/hadoop-ozone/integration-test/target/test-dir/MiniOzoneClusterImpl-ac734e81-a551-49a1-a9b5-52ad4610d347/datanode-6/data/ratis/8b62221b-a529-41a9-be96-cce6dfc428f9
2019-07-13 17:04:49,349 INFO  server.RaftServerConfigKeys (ConfUtils.java:logGet(43)) - raft.server.log.queue.byte-limit = 2147483647 (custom)
2019-07-13 17:04:49,349 INFO  server.RaftServerConfigKeys (ConfUtils.java:logGet(43)) - raft.server.log.queue.element-limit = 1024 (custom)
2019-07-13 17:04:49,349 INFO  server.RaftServerConfigKeys (ConfUtils.java:logGet(43)) - raft.server.log.segment.size.max = 1048576 (custom)
2019-07-13 17:04:49,349 INFO  server.RaftServerConfigKeys (ConfUtils.java:logGet(43)) - raft.server.log.preallocated.size = 16384 (custom)
2019-07-13 17:04:49,349 INFO  server.RaftServerConfigKeys (ConfUtils.java:logGet(43)) - raft.server.log.write.buffer.size = 33554432 (custom)
2019-07-13 17:04:49,350 INFO  server.RaftServerConfigKeys (ConfUtils.java:logGet(43)) - raft.server.log.force.sync.num = 128 (default)
2019-07-13 17:04:49,350 INFO  server.RaftServerConfigKeys (ConfUtils.java:logGet(43)) - raft.server.log.statemachine.data.sync = true (default)
2019-07-13 17:04:49,350 INFO  server.RaftServerConfigKeys (ConfUtils.java:logGet(43)) - raft.server.log.statemachine.data.sync.timeout = 10s (default)
2019-07-13 17:04:49,350 INFO  server.RaftServerConfigKeys (ConfUtils.java:logGet(43)) - raft.server.log.statemachine.data.sync.timeout.retry = -1 (default)
2019-07-13 17:04:49,350 INFO  server.RaftServerConfigKeys (ConfUtils.java:logGet(43)) - raft.server.log.statemachine.data.caching.enabled = true (custom)
2019-07-13 17:04:49,351 INFO  segmented.SegmentedRaftLogWorker (SegmentedRaftLogWorker.java:lambda$new$0(132)) - 12074510-7a30-4b6a-90b7-955738f8fde7-SegmentedRaftLogWorker:Storage Directory /tmp/workdir/hadoop-ozone/integration-test/target/test-dir/MiniOzoneClusterImpl-ac734e81-a551-49a1-a9b5-52ad4610d347/datanode-6/data/ratis/8b62221b-a529-41a9-be96-cce6dfc428f9: flushIndex: setUnconditionally 0 -> -1
2019-07-13 17:04:49,351 INFO  server.RaftServerConfigKeys (ConfUtils.java:logGet(43)) - raft.server.snapshot.auto.trigger.enabled = true (custom)
2019-07-13 17:04:49,351 INFO  server.RaftServerConfigKeys (ConfUtils.java:logGet(43)) - raft.server.snapshot.auto.trigger.threshold = 10000 (custom)
2019-07-13 17:04:49,351 INFO  server.RaftServerConfigKeys (ConfUtils.java:logGet(43)) - raft.server.retrycache.expirytime = 600000ms (custom)
2019-07-13 17:04:49,352 INFO  impl.RaftServerImpl (RaftServerImpl.java:start(180)) - 12074510-7a30-4b6a-90b7-955738f8fde7: start group-CCE6DFC428F9
2019-07-13 17:04:49,352 INFO  impl.RaftServerImpl (RaftServerImpl.java:setRole(171)) - 12074510-7a30-4b6a-90b7-955738f8fde7:group-CCE6DFC428F9 changes role from null to FOLLOWER at term 0 for startAsFollower
2019-07-13 17:04:49,352 INFO  impl.RoleInfo (RoleInfo.java:updateAndGet(143)) - 12074510-7a30-4b6a-90b7-955738f8fde7: start FollowerState
2019-07-13 17:04:49,352 INFO  util.JmxRegister (JmxRegister.java:tryRegister(44)) - Successfully registered JMX Bean with object name Ratis:service=RaftServer,group=group-CCE6DFC428F9,id=12074510-7a30-4b6a-90b7-955738f8fde7
2019-07-13 17:04:49,358 INFO  pipeline.PipelineStateManager (PipelineStateManager.java:addPipeline(56)) - Created pipeline Pipeline[ Id: 8b62221b-a529-41a9-be96-cce6dfc428f9, Nodes: 12074510-7a30-4b6a-90b7-955738f8fde7{ip: 192.168.5.187, host: trunk-nightly-z92hn-1831959607, networkLocation: /default-rack, certSerialId: null}, Type:RATIS, Factor:ONE, State:OPEN]
2019-07-13 17:04:50,303 INFO  ozone.MiniOzoneClusterImpl (MiniOzoneClusterImpl.java:lambda$waitForClusterToBeReady$0(142)) - Cluster is ready. Got 7 of 7 DN Heartbeats.
2019-07-13 17:04:50,352 INFO  rpc.RpcClient (RpcClient.java:createVolume(287)) - Creating Volume: testblockoutputstreamwithretries, with jenkins1000 as owner.
2019-07-13 17:04:50,369 INFO  rpc.RpcClient (RpcClient.java:createBucket(424)) - Creating Bucket: testblockoutputstreamwithretries/testblockoutputstreamwithretries, with Versioning false and Storage Type set to DISK and Encryption set to false 
2019-07-13 17:04:50,413 INFO  client.GrpcClientProtocolClient (GrpcClientProtocolClient.java:onNext(255)) - client-962863D892AF->7d3a3933-55dd-4605-959f-6101f3de8505: receive RaftClientReply:client-962863D892AF->7d3a3933-55dd-4605-959f-6101f3de8505@group-4784B36BE1DC, cid=42, FAILED org.apache.ratis.protocol.NotLeaderException: Server 7d3a3933-55dd-4605-959f-6101f3de8505 is not the leader (null). Request must be sent to leader., logIndex=0, commits[7d3a3933-55dd-4605-959f-6101f3de8505:c-1]
2019-07-13 17:04:51,110 INFO  container.ReplicationManager (ReplicationManager.java:start(155)) - Starting Replication Monitor Thread.
2019-07-13 17:04:51,115 INFO  container.ReplicationManager (ReplicationManager.java:run(207)) - Replication Monitor Thread took 1 milliseconds for processing 3 containers.
2019-07-13 17:04:51,441 INFO  client.GrpcClientProtocolClient (GrpcClientProtocolClient.java:onNext(255)) - client-962863D892AF->4e2fa81c-d097-4f4c-b043-23c1a417a170: receive RaftClientReply:client-962863D892AF->4e2fa81c-d097-4f4c-b043-23c1a417a170@group-4784B36BE1DC, cid=42, FAILED org.apache.ratis.protocol.NotLeaderException: Server 4e2fa81c-d097-4f4c-b043-23c1a417a170 is not the leader (null). Request must be sent to leader., logIndex=0, commits[4e2fa81c-d097-4f4c-b043-23c1a417a170:c-1]
2019-07-13 17:04:52,469 INFO  client.GrpcClientProtocolClient (GrpcClientProtocolClient.java:onNext(255)) - client-962863D892AF->888905af-e8dc-4c58-95a0-f3d6eb1dcd95: receive RaftClientReply:client-962863D892AF->888905af-e8dc-4c58-95a0-f3d6eb1dcd95@group-4784B36BE1DC, cid=42, FAILED org.apache.ratis.protocol.NotLeaderException: Server 888905af-e8dc-4c58-95a0-f3d6eb1dcd95 is not the leader (null). Request must be sent to leader., logIndex=0, commits[888905af-e8dc-4c58-95a0-f3d6eb1dcd95:c-1]
2019-07-13 17:04:53,278 INFO  impl.FollowerState (FollowerState.java:run(106)) - 066e5c56-e86d-4d57-bad2-75a941ab96fc:group-C5B7B1263465 changes to CANDIDATE, lastRpcTime:5127, electionTimeout:5127ms
2019-07-13 17:04:53,278 INFO  impl.RoleInfo (RoleInfo.java:shutdownFollowerState(121)) - 066e5c56-e86d-4d57-bad2-75a941ab96fc: shutdown FollowerState
2019-07-13 17:04:53,278 INFO  impl.RaftServerImpl (RaftServerImpl.java:setRole(171)) - 066e5c56-e86d-4d57-bad2-75a941ab96fc:group-C5B7B1263465 changes role from FOLLOWER to CANDIDATE at term 0 for changeToCandidate
2019-07-13 17:04:53,278 INFO  impl.RoleInfo (RoleInfo.java:updateAndGet(143)) - 066e5c56-e86d-4d57-bad2-75a941ab96fc: start LeaderElection
2019-07-13 17:04:53,343 INFO  impl.LeaderElection (LeaderElection.java:askForVotes(181)) - 066e5c56-e86d-4d57-bad2-75a941ab96fc:group-C5B7B1263465:LeaderElection14: begin an election at term 1 for -1: [066e5c56-e86d-4d57-bad2-75a941ab96fc:192.168.5.187:41223], old=null
2019-07-13 17:04:53,343 INFO  impl.RoleInfo (RoleInfo.java:shutdownLeaderElection(134)) - 066e5c56-e86d-4d57-bad2-75a941ab96fc: shutdown LeaderElection
2019-07-13 17:04:53,343 INFO  impl.RaftServerImpl (RaftServerImpl.java:setRole(171)) - 066e5c56-e86d-4d57-bad2-75a941ab96fc:group-C5B7B1263465 changes role from CANDIDATE to LEADER at term 1 for changeToLeader
2019-07-13 17:04:53,344 INFO  impl.RaftServerImpl (ServerState.java:setLeader(263)) - 066e5c56-e86d-4d57-bad2-75a941ab96fc:group-C5B7B1263465 change Leader from null to 066e5c56-e86d-4d57-bad2-75a941ab96fc at term 1 for becomeLeader, leader elected after 5199ms
2019-07-13 17:04:53,344 INFO  server.RaftServerConfigKeys (ConfUtils.java:logGet(43)) - raft.server.staging.catchup.gap = 1000 (default)
2019-07-13 17:04:53,344 INFO  server.RaftServerConfigKeys (ConfUtils.java:logGet(43)) - raft.server.rpc.sleep.time = 25ms (default)
2019-07-13 17:04:53,344 INFO  server.RaftServerConfigKeys (ConfUtils.java:logGet(43)) - raft.server.write.element-limit = 4096 (default)
2019-07-13 17:04:53,344 INFO  server.RaftServerConfigKeys (ConfUtils.java:logGet(43)) - raft.server.watch.timeout = 10s (default)
2019-07-13 17:04:53,345 INFO  server.RaftServerConfigKeys (ConfUtils.java:logGet(43)) - raft.server.watch.timeout.denomination = 1s (default)
2019-07-13 17:04:53,345 INFO  server.RaftServerConfigKeys (ConfUtils.java:logGet(43)) - raft.server.watch.element-limit = 65536 (default)
2019-07-13 17:04:53,345 INFO  impl.RoleInfo (RoleInfo.java:updateAndGet(143)) - 066e5c56-e86d-4d57-bad2-75a941ab96fc: start LeaderState
2019-07-13 17:04:53,345 INFO  segmented.SegmentedRaftLogWorker (SegmentedRaftLogWorker.java:startLogSegment(380)) - 066e5c56-e86d-4d57-bad2-75a941ab96fc-SegmentedRaftLogWorker:Storage Directory /tmp/workdir/hadoop-ozone/integration-test/target/test-dir/MiniOzoneClusterImpl-ac734e81-a551-49a1-a9b5-52ad4610d347/datanode-0/data/ratis/06548a9d-edb6-496d-9b4b-c5b7b1263465: Starting segment from index:0
2019-07-13 17:04:53,346 INFO  impl.RaftServerImpl (ServerState.java:setRaftConf(361)) - 066e5c56-e86d-4d57-bad2-75a941ab96fc:group-C5B7B1263465 set configuration 0: [066e5c56-e86d-4d57-bad2-75a941ab96fc:192.168.5.187:41223], old=null at 0
2019-07-13 17:04:53,370 INFO  segmented.SegmentedRaftLogWorker (SegmentedRaftLogWorker.java:execute(569)) - 066e5c56-e86d-4d57-bad2-75a941ab96fc-SegmentedRaftLogWorker:Storage Directory /tmp/workdir/hadoop-ozone/integration-test/target/test-dir/MiniOzoneClusterImpl-ac734e81-a551-49a1-a9b5-52ad4610d347/datanode-0/data/ratis/06548a9d-edb6-496d-9b4b-c5b7b1263465: created new log segment /tmp/workdir/hadoop-ozone/integration-test/target/test-dir/MiniOzoneClusterImpl-ac734e81-a551-49a1-a9b5-52ad4610d347/datanode-0/data/ratis/06548a9d-edb6-496d-9b4b-c5b7b1263465/current/log_inprogress_0
2019-07-13 17:04:53,404 INFO  impl.FollowerState (FollowerState.java:run(106)) - a53df301-d6ac-409d-b1c4-78ab4069e75c:group-5A858F60BA7A changes to CANDIDATE, lastRpcTime:5065, electionTimeout:5065ms
2019-07-13 17:04:53,404 INFO  impl.RoleInfo (RoleInfo.java:shutdownFollowerState(121)) - a53df301-d6ac-409d-b1c4-78ab4069e75c: shutdown FollowerState
2019-07-13 17:04:53,404 INFO  impl.RaftServerImpl (RaftServerImpl.java:setRole(171)) - a53df301-d6ac-409d-b1c4-78ab4069e75c:group-5A858F60BA7A changes role from FOLLOWER to CANDIDATE at term 0 for changeToCandidate
2019-07-13 17:04:53,405 INFO  impl.RoleInfo (RoleInfo.java:updateAndGet(143)) - a53df301-d6ac-409d-b1c4-78ab4069e75c: start LeaderElection
2019-07-13 17:04:53,421 INFO  impl.LeaderElection (LeaderElection.java:askForVotes(181)) - a53df301-d6ac-409d-b1c4-78ab4069e75c:group-5A858F60BA7A:LeaderElection15: begin an election at term 1 for -1: [a53df301-d6ac-409d-b1c4-78ab4069e75c:192.168.5.187:36210], old=null
2019-07-13 17:04:53,422 INFO  impl.RoleInfo (RoleInfo.java:shutdownLeaderElection(134)) - a53df301-d6ac-409d-b1c4-78ab4069e75c: shutdown LeaderElection
2019-07-13 17:04:53,422 INFO  impl.RaftServerImpl (RaftServerImpl.java:setRole(171)) - a53df301-d6ac-409d-b1c4-78ab4069e75c:group-5A858F60BA7A changes role from CANDIDATE to LEADER at term 1 for changeToLeader
2019-07-13 17:04:53,422 INFO  impl.RaftServerImpl (ServerState.java:setLeader(263)) - a53df301-d6ac-409d-b1c4-78ab4069e75c:group-5A858F60BA7A change Leader from null to a53df301-d6ac-409d-b1c4-78ab4069e75c at term 1 for becomeLeader, leader elected after 5088ms
2019-07-13 17:04:53,422 INFO  server.RaftServerConfigKeys (ConfUtils.java:logGet(43)) - raft.server.staging.catchup.gap = 1000 (default)
2019-07-13 17:04:53,422 INFO  server.RaftServerConfigKeys (ConfUtils.java:logGet(43)) - raft.server.rpc.sleep.time = 25ms (default)
2019-07-13 17:04:53,422 INFO  server.RaftServerConfigKeys (ConfUtils.java:logGet(43)) - raft.server.write.element-limit = 4096 (default)
2019-07-13 17:04:53,423 INFO  server.RaftServerConfigKeys (ConfUtils.java:logGet(43)) - raft.server.watch.timeout = 10s (default)
2019-07-13 17:04:53,423 INFO  server.RaftServerConfigKeys (ConfUtils.java:logGet(43)) - raft.server.watch.timeout.denomination = 1s (default)
2019-07-13 17:04:53,423 INFO  server.RaftServerConfigKeys (ConfUtils.java:logGet(43)) - raft.server.watch.element-limit = 65536 (default)
2019-07-13 17:04:53,423 INFO  impl.RoleInfo (RoleInfo.java:updateAndGet(143)) - a53df301-d6ac-409d-b1c4-78ab4069e75c: start LeaderState
2019-07-13 17:04:53,424 INFO  segmented.SegmentedRaftLogWorker (SegmentedRaftLogWorker.java:startLogSegment(380)) - a53df301-d6ac-409d-b1c4-78ab4069e75c-SegmentedRaftLogWorker:Storage Directory /tmp/workdir/hadoop-ozone/integration-test/target/test-dir/MiniOzoneClusterImpl-ac734e81-a551-49a1-a9b5-52ad4610d347/datanode-1/data/ratis/b312fa2b-a0de-48f4-b210-5a858f60ba7a: Starting segment from index:0
2019-07-13 17:04:53,424 INFO  impl.RaftServerImpl (ServerState.java:setRaftConf(361)) - a53df301-d6ac-409d-b1c4-78ab4069e75c:group-5A858F60BA7A set configuration 0: [a53df301-d6ac-409d-b1c4-78ab4069e75c:192.168.5.187:36210], old=null at 0
2019-07-13 17:04:53,451 INFO  segmented.SegmentedRaftLogWorker (SegmentedRaftLogWorker.java:execute(569)) - a53df301-d6ac-409d-b1c4-78ab4069e75c-SegmentedRaftLogWorker:Storage Directory /tmp/workdir/hadoop-ozone/integration-test/target/test-dir/MiniOzoneClusterImpl-ac734e81-a551-49a1-a9b5-52ad4610d347/datanode-1/data/ratis/b312fa2b-a0de-48f4-b210-5a858f60ba7a: created new log segment /tmp/workdir/hadoop-ozone/integration-test/target/test-dir/MiniOzoneClusterImpl-ac734e81-a551-49a1-a9b5-52ad4610d347/datanode-1/data/ratis/b312fa2b-a0de-48f4-b210-5a858f60ba7a/current/log_inprogress_0
2019-07-13 17:04:53,491 INFO  client.GrpcClientProtocolClient (GrpcClientProtocolClient.java:onNext(255)) - client-962863D892AF->7d3a3933-55dd-4605-959f-6101f3de8505: receive RaftClientReply:client-962863D892AF->7d3a3933-55dd-4605-959f-6101f3de8505@group-4784B36BE1DC, cid=42, FAILED org.apache.ratis.protocol.NotLeaderException: Server 7d3a3933-55dd-4605-959f-6101f3de8505 is not the leader (null). Request must be sent to leader., logIndex=0, commits[7d3a3933-55dd-4605-959f-6101f3de8505:c-1]
2019-07-13 17:04:53,666 INFO  impl.FollowerState (FollowerState.java:run(106)) - e4be38e3-c24d-40b4-a019-64b8291a2845:group-518A21D8F527 changes to CANDIDATE, lastRpcTime:5155, electionTimeout:5155ms
2019-07-13 17:04:53,666 INFO  impl.RoleInfo (RoleInfo.java:shutdownFollowerState(121)) - e4be38e3-c24d-40b4-a019-64b8291a2845: shutdown FollowerState
2019-07-13 17:04:53,666 INFO  impl.RaftServerImpl (RaftServerImpl.java:setRole(171)) - e4be38e3-c24d-40b4-a019-64b8291a2845:group-518A21D8F527 changes role from FOLLOWER to CANDIDATE at term 0 for changeToCandidate
2019-07-13 17:04:53,666 INFO  impl.RoleInfo (RoleInfo.java:updateAndGet(143)) - e4be38e3-c24d-40b4-a019-64b8291a2845: start LeaderElection
2019-07-13 17:04:53,677 INFO  impl.LeaderElection (LeaderElection.java:askForVotes(181)) - e4be38e3-c24d-40b4-a019-64b8291a2845:group-518A21D8F527:LeaderElection16: begin an election at term 1 for -1: [e4be38e3-c24d-40b4-a019-64b8291a2845:192.168.5.187:33828], old=null
2019-07-13 17:04:53,677 INFO  impl.RoleInfo (RoleInfo.java:shutdownLeaderElection(134)) - e4be38e3-c24d-40b4-a019-64b8291a2845: shutdown LeaderElection
2019-07-13 17:04:53,677 INFO  impl.RaftServerImpl (RaftServerImpl.java:setRole(171)) - e4be38e3-c24d-40b4-a019-64b8291a2845:group-518A21D8F527 changes role from CANDIDATE to LEADER at term 1 for changeToLeader
2019-07-13 17:04:53,677 INFO  impl.RaftServerImpl (ServerState.java:setLeader(263)) - e4be38e3-c24d-40b4-a019-64b8291a2845:group-518A21D8F527 change Leader from null to e4be38e3-c24d-40b4-a019-64b8291a2845 at term 1 for becomeLeader, leader elected after 5172ms
2019-07-13 17:04:53,678 INFO  server.RaftServerConfigKeys (ConfUtils.java:logGet(43)) - raft.server.staging.catchup.gap = 1000 (default)
2019-07-13 17:04:53,678 INFO  server.RaftServerConfigKeys (ConfUtils.java:logGet(43)) - raft.server.rpc.sleep.time = 25ms (default)
2019-07-13 17:04:53,678 INFO  server.RaftServerConfigKeys (ConfUtils.java:logGet(43)) - raft.server.write.element-limit = 4096 (default)
2019-07-13 17:04:53,678 INFO  server.RaftServerConfigKeys (ConfUtils.java:logGet(43)) - raft.server.watch.timeout = 10s (default)
2019-07-13 17:04:53,678 INFO  server.RaftServerConfigKeys (ConfUtils.java:logGet(43)) - raft.server.watch.timeout.denomination = 1s (default)
2019-07-13 17:04:53,679 INFO  server.RaftServerConfigKeys (ConfUtils.java:logGet(43)) - raft.server.watch.element-limit = 65536 (default)
2019-07-13 17:04:53,679 INFO  impl.RoleInfo (RoleInfo.java:updateAndGet(143)) - e4be38e3-c24d-40b4-a019-64b8291a2845: start LeaderState
2019-07-13 17:04:53,679 INFO  segmented.SegmentedRaftLogWorker (SegmentedRaftLogWorker.java:startLogSegment(380)) - e4be38e3-c24d-40b4-a019-64b8291a2845-SegmentedRaftLogWorker:Storage Directory /tmp/workdir/hadoop-ozone/integration-test/target/test-dir/MiniOzoneClusterImpl-ac734e81-a551-49a1-a9b5-52ad4610d347/datanode-2/data/ratis/8a91b5c9-c217-4515-802f-518a21d8f527: Starting segment from index:0
2019-07-13 17:04:53,680 INFO  impl.RaftServerImpl (ServerState.java:setRaftConf(361)) - e4be38e3-c24d-40b4-a019-64b8291a2845:group-518A21D8F527 set configuration 0: [e4be38e3-c24d-40b4-a019-64b8291a2845:192.168.5.187:33828], old=null at 0
2019-07-13 17:04:53,704 INFO  segmented.SegmentedRaftLogWorker (SegmentedRaftLogWorker.java:execute(569)) - e4be38e3-c24d-40b4-a019-64b8291a2845-SegmentedRaftLogWorker:Storage Directory /tmp/workdir/hadoop-ozone/integration-test/target/test-dir/MiniOzoneClusterImpl-ac734e81-a551-49a1-a9b5-52ad4610d347/datanode-2/data/ratis/8a91b5c9-c217-4515-802f-518a21d8f527: created new log segment /tmp/workdir/hadoop-ozone/integration-test/target/test-dir/MiniOzoneClusterImpl-ac734e81-a551-49a1-a9b5-52ad4610d347/datanode-2/data/ratis/8a91b5c9-c217-4515-802f-518a21d8f527/current/log_inprogress_0
2019-07-13 17:04:53,713 INFO  impl.FollowerState (FollowerState.java:run(106)) - a53df301-d6ac-409d-b1c4-78ab4069e75c:group-A51C66E4A717 changes to CANDIDATE, lastRpcTime:5055, electionTimeout:5055ms
2019-07-13 17:04:53,713 INFO  impl.RoleInfo (RoleInfo.java:shutdownFollowerState(121)) - a53df301-d6ac-409d-b1c4-78ab4069e75c: shutdown FollowerState
2019-07-13 17:04:53,713 INFO  impl.RaftServerImpl (RaftServerImpl.java:setRole(171)) - a53df301-d6ac-409d-b1c4-78ab4069e75c:group-A51C66E4A717 changes role from FOLLOWER to CANDIDATE at term 0 for changeToCandidate
2019-07-13 17:04:53,713 INFO  impl.RoleInfo (RoleInfo.java:updateAndGet(143)) - a53df301-d6ac-409d-b1c4-78ab4069e75c: start LeaderElection
2019-07-13 17:04:53,729 INFO  impl.FollowerState (FollowerState.java:run(106)) - e4be38e3-c24d-40b4-a019-64b8291a2845:group-A51C66E4A717 changes to CANDIDATE, lastRpcTime:5098, electionTimeout:5098ms
2019-07-13 17:04:53,729 INFO  impl.RoleInfo (RoleInfo.java:shutdownFollowerState(121)) - e4be38e3-c24d-40b4-a019-64b8291a2845: shutdown FollowerState
2019-07-13 17:04:53,729 INFO  impl.RaftServerImpl (RaftServerImpl.java:setRole(171)) - e4be38e3-c24d-40b4-a019-64b8291a2845:group-A51C66E4A717 changes role from FOLLOWER to CANDIDATE at term 0 for changeToCandidate
2019-07-13 17:04:53,729 INFO  impl.RoleInfo (RoleInfo.java:updateAndGet(143)) - e4be38e3-c24d-40b4-a019-64b8291a2845: start LeaderElection
2019-07-13 17:04:53,738 INFO  impl.LeaderElection (LeaderElection.java:askForVotes(181)) - e4be38e3-c24d-40b4-a019-64b8291a2845:group-A51C66E4A717:LeaderElection18: begin an election at term 1 for -1: [066e5c56-e86d-4d57-bad2-75a941ab96fc:192.168.5.187:41223, e4be38e3-c24d-40b4-a019-64b8291a2845:192.168.5.187:33828, a53df301-d6ac-409d-b1c4-78ab4069e75c:192.168.5.187:36210], old=null
2019-07-13 17:04:53,738 INFO  impl.LeaderElection (LeaderElection.java:askForVotes(181)) - a53df301-d6ac-409d-b1c4-78ab4069e75c:group-A51C66E4A717:LeaderElection17: begin an election at term 1 for -1: [066e5c56-e86d-4d57-bad2-75a941ab96fc:192.168.5.187:41223, e4be38e3-c24d-40b4-a019-64b8291a2845:192.168.5.187:33828, a53df301-d6ac-409d-b1c4-78ab4069e75c:192.168.5.187:36210], old=null
2019-07-13 17:04:53,748 INFO  impl.RaftServerImpl (RaftServerImpl.java:setRole(171)) - 066e5c56-e86d-4d57-bad2-75a941ab96fc:group-A51C66E4A717 changes role from FOLLOWER to FOLLOWER at term 1 for recognizeCandidate:a53df301-d6ac-409d-b1c4-78ab4069e75c
2019-07-13 17:04:53,749 INFO  impl.RoleInfo (RoleInfo.java:shutdownFollowerState(121)) - 066e5c56-e86d-4d57-bad2-75a941ab96fc: shutdown FollowerState
2019-07-13 17:04:53,752 INFO  impl.RoleInfo (RoleInfo.java:updateAndGet(143)) - 066e5c56-e86d-4d57-bad2-75a941ab96fc: start FollowerState
2019-07-13 17:04:53,752 INFO  impl.FollowerState (FollowerState.java:run(114)) - 066e5c56-e86d-4d57-bad2-75a941ab96fc: FollowerState was interrupted: java.lang.InterruptedException: sleep interrupted
2019-07-13 17:04:53,776 INFO  impl.LeaderElection (LeaderElection.java:logAndReturn(56)) - a53df301-d6ac-409d-b1c4-78ab4069e75c:group-A51C66E4A717:LeaderElection17: Election PASSED; received 2 response(s) [a53df301-d6ac-409d-b1c4-78ab4069e75c<-066e5c56-e86d-4d57-bad2-75a941ab96fc#0:OK-t1, a53df301-d6ac-409d-b1c4-78ab4069e75c<-e4be38e3-c24d-40b4-a019-64b8291a2845#0:FAIL-t1] and 0 exception(s); a53df301-d6ac-409d-b1c4-78ab4069e75c:t1, leader=null, voted=a53df301-d6ac-409d-b1c4-78ab4069e75c, raftlog=a53df301-d6ac-409d-b1c4-78ab4069e75c-SegmentedRaftLog:OPENED:c-1,f-1,i0, conf=-1: [066e5c56-e86d-4d57-bad2-75a941ab96fc:192.168.5.187:41223, e4be38e3-c24d-40b4-a019-64b8291a2845:192.168.5.187:33828, a53df301-d6ac-409d-b1c4-78ab4069e75c:192.168.5.187:36210], old=null
2019-07-13 17:04:53,777 INFO  impl.LeaderElection (LeaderElection.java:logAndReturn(56)) - e4be38e3-c24d-40b4-a019-64b8291a2845:group-A51C66E4A717:LeaderElection18: Election REJECTED; received 2 response(s) [e4be38e3-c24d-40b4-a019-64b8291a2845<-066e5c56-e86d-4d57-bad2-75a941ab96fc#0:FAIL-t1, e4be38e3-c24d-40b4-a019-64b8291a2845<-a53df301-d6ac-409d-b1c4-78ab4069e75c#0:FAIL-t1] and 0 exception(s); e4be38e3-c24d-40b4-a019-64b8291a2845:t1, leader=null, voted=e4be38e3-c24d-40b4-a019-64b8291a2845, raftlog=e4be38e3-c24d-40b4-a019-64b8291a2845-SegmentedRaftLog:OPENED:c-1,f-1,i0, conf=-1: [066e5c56-e86d-4d57-bad2-75a941ab96fc:192.168.5.187:41223, e4be38e3-c24d-40b4-a019-64b8291a2845:192.168.5.187:33828, a53df301-d6ac-409d-b1c4-78ab4069e75c:192.168.5.187:36210], old=null
2019-07-13 17:04:53,777 INFO  impl.RoleInfo (RoleInfo.java:shutdownLeaderElection(134)) - a53df301-d6ac-409d-b1c4-78ab4069e75c: shutdown LeaderElection
2019-07-13 17:04:53,777 INFO  impl.RaftServerImpl (RaftServerImpl.java:setRole(171)) - e4be38e3-c24d-40b4-a019-64b8291a2845:group-A51C66E4A717 changes role from CANDIDATE to FOLLOWER at term 1 for DISCOVERED_A_NEW_TERM
2019-07-13 17:04:53,777 INFO  impl.RaftServerImpl (RaftServerImpl.java:setRole(171)) - a53df301-d6ac-409d-b1c4-78ab4069e75c:group-A51C66E4A717 changes role from CANDIDATE to LEADER at term 1 for changeToLeader
2019-07-13 17:04:53,777 INFO  impl.RoleInfo (RoleInfo.java:shutdownLeaderElection(134)) - e4be38e3-c24d-40b4-a019-64b8291a2845: shutdown LeaderElection
2019-07-13 17:04:53,777 INFO  impl.RaftServerImpl (ServerState.java:setLeader(263)) - a53df301-d6ac-409d-b1c4-78ab4069e75c:group-A51C66E4A717 change Leader from null to a53df301-d6ac-409d-b1c4-78ab4069e75c at term 1 for becomeLeader, leader elected after 5154ms
2019-07-13 17:04:53,778 INFO  impl.RoleInfo (RoleInfo.java:updateAndGet(143)) - e4be38e3-c24d-40b4-a019-64b8291a2845: start FollowerState
2019-07-13 17:04:53,778 INFO  server.RaftServerConfigKeys (ConfUtils.java:logGet(43)) - raft.server.staging.catchup.gap = 1000 (default)
2019-07-13 17:04:53,778 INFO  server.RaftServerConfigKeys (ConfUtils.java:logGet(43)) - raft.server.rpc.sleep.time = 25ms (default)
2019-07-13 17:04:53,778 INFO  server.RaftServerConfigKeys (ConfUtils.java:logGet(43)) - raft.server.write.element-limit = 4096 (default)
2019-07-13 17:04:53,779 INFO  server.RaftServerConfigKeys (ConfUtils.java:logGet(43)) - raft.server.watch.timeout = 10s (default)
2019-07-13 17:04:53,779 INFO  server.RaftServerConfigKeys (ConfUtils.java:logGet(43)) - raft.server.watch.timeout.denomination = 1s (default)
2019-07-13 17:04:53,779 INFO  server.RaftServerConfigKeys (ConfUtils.java:logGet(43)) - raft.server.watch.element-limit = 65536 (default)
2019-07-13 17:04:53,779 INFO  server.RaftServerConfigKeys (ConfUtils.java:logGet(43)) - raft.server.log.appender.snapshot.chunk.size.max = 16MB (=16777216) (default)
2019-07-13 17:04:53,779 INFO  server.RaftServerConfigKeys (ConfUtils.java:logGet(43)) - raft.server.log.appender.buffer.byte-limit = 33554432 (custom)
2019-07-13 17:04:53,780 INFO  server.RaftServerConfigKeys (ConfUtils.java:logGet(43)) - raft.server.log.appender.buffer.element-limit = 1 (custom)
2019-07-13 17:04:53,780 INFO  grpc.GrpcConfigKeys$Server (ConfUtils.java:logGet(43)) - raft.grpc.server.leader.outstanding.appends.max = 128 (default)
2019-07-13 17:04:53,780 INFO  server.RaftServerConfigKeys (ConfUtils.java:logGet(43)) - raft.server.rpc.request.timeout = 3000ms (default)
2019-07-13 17:04:53,780 INFO  server.RaftServerConfigKeys (ConfUtils.java:logGet(43)) - raft.server.log.appender.install.snapshot.enabled = false (custom)
2019-07-13 17:04:53,780 INFO  server.RaftServerConfigKeys (ConfUtils.java:logGet(43)) - raft.server.log.appender.snapshot.chunk.size.max = 16MB (=16777216) (default)
2019-07-13 17:04:53,781 INFO  server.RaftServerConfigKeys (ConfUtils.java:logGet(43)) - raft.server.log.appender.buffer.byte-limit = 33554432 (custom)
2019-07-13 17:04:53,781 INFO  server.RaftServerConfigKeys (ConfUtils.java:logGet(43)) - raft.server.log.appender.buffer.element-limit = 1 (custom)
2019-07-13 17:04:53,781 INFO  grpc.GrpcConfigKeys$Server (ConfUtils.java:logGet(43)) - raft.grpc.server.leader.outstanding.appends.max = 128 (default)
2019-07-13 17:04:53,781 INFO  server.RaftServerConfigKeys (ConfUtils.java:logGet(43)) - raft.server.rpc.request.timeout = 3000ms (default)
2019-07-13 17:04:53,782 INFO  server.RaftServerConfigKeys (ConfUtils.java:logGet(43)) - raft.server.log.appender.install.snapshot.enabled = false (custom)
2019-07-13 17:04:53,782 INFO  impl.RoleInfo (RoleInfo.java:updateAndGet(143)) - a53df301-d6ac-409d-b1c4-78ab4069e75c: start LeaderState
2019-07-13 17:04:53,782 INFO  segmented.SegmentedRaftLogWorker (SegmentedRaftLogWorker.java:startLogSegment(380)) - a53df301-d6ac-409d-b1c4-78ab4069e75c-SegmentedRaftLogWorker:Storage Directory /tmp/workdir/hadoop-ozone/integration-test/target/test-dir/MiniOzoneClusterImpl-ac734e81-a551-49a1-a9b5-52ad4610d347/datanode-1/data/ratis/2cded46a-ae0c-4687-92a2-a51c66e4a717: Starting segment from index:0
2019-07-13 17:04:53,783 INFO  impl.RaftServerImpl (ServerState.java:setRaftConf(361)) - a53df301-d6ac-409d-b1c4-78ab4069e75c:group-A51C66E4A717 set configuration 0: [066e5c56-e86d-4d57-bad2-75a941ab96fc:192.168.5.187:41223, e4be38e3-c24d-40b4-a019-64b8291a2845:192.168.5.187:33828, a53df301-d6ac-409d-b1c4-78ab4069e75c:192.168.5.187:36210], old=null at 0
2019-07-13 17:04:53,785 INFO  impl.RaftServerImpl (ServerState.java:setLeader(263)) - e4be38e3-c24d-40b4-a019-64b8291a2845:group-A51C66E4A717 change Leader from null to a53df301-d6ac-409d-b1c4-78ab4069e75c at term 1 for appendEntries, leader elected after 5163ms
2019-07-13 17:04:53,785 INFO  impl.RaftServerImpl (ServerState.java:setLeader(263)) - 066e5c56-e86d-4d57-bad2-75a941ab96fc:group-A51C66E4A717 change Leader from null to a53df301-d6ac-409d-b1c4-78ab4069e75c at term 1 for appendEntries, leader elected after 5163ms
2019-07-13 17:04:53,791 INFO  impl.RaftServerImpl (ServerState.java:setRaftConf(361)) - e4be38e3-c24d-40b4-a019-64b8291a2845:group-A51C66E4A717 set configuration 0: [066e5c56-e86d-4d57-bad2-75a941ab96fc:192.168.5.187:41223, e4be38e3-c24d-40b4-a019-64b8291a2845:192.168.5.187:33828, a53df301-d6ac-409d-b1c4-78ab4069e75c:192.168.5.187:36210], old=null at 0
2019-07-13 17:04:53,791 INFO  impl.RaftServerImpl (ServerState.java:setRaftConf(361)) - 066e5c56-e86d-4d57-bad2-75a941ab96fc:group-A51C66E4A717 set configuration 0: [066e5c56-e86d-4d57-bad2-75a941ab96fc:192.168.5.187:41223, e4be38e3-c24d-40b4-a019-64b8291a2845:192.168.5.187:33828, a53df301-d6ac-409d-b1c4-78ab4069e75c:192.168.5.187:36210], old=null at 0
2019-07-13 17:04:53,791 INFO  segmented.SegmentedRaftLogWorker (SegmentedRaftLogWorker.java:startLogSegment(380)) - e4be38e3-c24d-40b4-a019-64b8291a2845-SegmentedRaftLogWorker:Storage Directory /tmp/workdir/hadoop-ozone/integration-test/target/test-dir/MiniOzoneClusterImpl-ac734e81-a551-49a1-a9b5-52ad4610d347/datanode-2/data/ratis/2cded46a-ae0c-4687-92a2-a51c66e4a717: Starting segment from index:0
2019-07-13 17:04:53,792 INFO  segmented.SegmentedRaftLogWorker (SegmentedRaftLogWorker.java:startLogSegment(380)) - 066e5c56-e86d-4d57-bad2-75a941ab96fc-SegmentedRaftLogWorker:Storage Directory /tmp/workdir/hadoop-ozone/integration-test/target/test-dir/MiniOzoneClusterImpl-ac734e81-a551-49a1-a9b5-52ad4610d347/datanode-0/data/ratis/2cded46a-ae0c-4687-92a2-a51c66e4a717: Starting segment from index:0
2019-07-13 17:04:53,804 INFO  segmented.SegmentedRaftLogWorker (SegmentedRaftLogWorker.java:execute(569)) - a53df301-d6ac-409d-b1c4-78ab4069e75c-SegmentedRaftLogWorker:Storage Directory /tmp/workdir/hadoop-ozone/integration-test/target/test-dir/MiniOzoneClusterImpl-ac734e81-a551-49a1-a9b5-52ad4610d347/datanode-1/data/ratis/2cded46a-ae0c-4687-92a2-a51c66e4a717: created new log segment /tmp/workdir/hadoop-ozone/integration-test/target/test-dir/MiniOzoneClusterImpl-ac734e81-a551-49a1-a9b5-52ad4610d347/datanode-1/data/ratis/2cded46a-ae0c-4687-92a2-a51c66e4a717/current/log_inprogress_0
2019-07-13 17:04:53,821 INFO  segmented.SegmentedRaftLogWorker (SegmentedRaftLogWorker.java:execute(569)) - e4be38e3-c24d-40b4-a019-64b8291a2845-SegmentedRaftLogWorker:Storage Directory /tmp/workdir/hadoop-ozone/integration-test/target/test-dir/MiniOzoneClusterImpl-ac734e81-a551-49a1-a9b5-52ad4610d347/datanode-2/data/ratis/2cded46a-ae0c-4687-92a2-a51c66e4a717: created new log segment /tmp/workdir/hadoop-ozone/integration-test/target/test-dir/MiniOzoneClusterImpl-ac734e81-a551-49a1-a9b5-52ad4610d347/datanode-2/data/ratis/2cded46a-ae0c-4687-92a2-a51c66e4a717/current/log_inprogress_0
2019-07-13 17:04:53,821 INFO  segmented.SegmentedRaftLogWorker (SegmentedRaftLogWorker.java:execute(569)) - 066e5c56-e86d-4d57-bad2-75a941ab96fc-SegmentedRaftLogWorker:Storage Directory /tmp/workdir/hadoop-ozone/integration-test/target/test-dir/MiniOzoneClusterImpl-ac734e81-a551-49a1-a9b5-52ad4610d347/datanode-0/data/ratis/2cded46a-ae0c-4687-92a2-a51c66e4a717: created new log segment /tmp/workdir/hadoop-ozone/integration-test/target/test-dir/MiniOzoneClusterImpl-ac734e81-a551-49a1-a9b5-52ad4610d347/datanode-0/data/ratis/2cded46a-ae0c-4687-92a2-a51c66e4a717/current/log_inprogress_0
2019-07-13 17:04:54,085 INFO  impl.FollowerState (FollowerState.java:run(106)) - 888905af-e8dc-4c58-95a0-f3d6eb1dcd95:group-62B8135E7ECF changes to CANDIDATE, lastRpcTime:5142, electionTimeout:5142ms
2019-07-13 17:04:54,085 INFO  impl.RoleInfo (RoleInfo.java:shutdownFollowerState(121)) - 888905af-e8dc-4c58-95a0-f3d6eb1dcd95: shutdown FollowerState
2019-07-13 17:04:54,085 INFO  impl.RaftServerImpl (RaftServerImpl.java:setRole(171)) - 888905af-e8dc-4c58-95a0-f3d6eb1dcd95:group-62B8135E7ECF changes role from FOLLOWER to CANDIDATE at term 0 for changeToCandidate
2019-07-13 17:04:54,086 INFO  impl.RoleInfo (RoleInfo.java:updateAndGet(143)) - 888905af-e8dc-4c58-95a0-f3d6eb1dcd95: start LeaderElection
2019-07-13 17:04:54,099 INFO  impl.LeaderElection (LeaderElection.java:askForVotes(181)) - 888905af-e8dc-4c58-95a0-f3d6eb1dcd95:group-62B8135E7ECF:LeaderElection19: begin an election at term 1 for -1: [888905af-e8dc-4c58-95a0-f3d6eb1dcd95:192.168.5.187:42487], old=null
2019-07-13 17:04:54,099 INFO  impl.RoleInfo (RoleInfo.java:shutdownLeaderElection(134)) - 888905af-e8dc-4c58-95a0-f3d6eb1dcd95: shutdown LeaderElection
2019-07-13 17:04:54,100 INFO  impl.RaftServerImpl (RaftServerImpl.java:setRole(171)) - 888905af-e8dc-4c58-95a0-f3d6eb1dcd95:group-62B8135E7ECF changes role from CANDIDATE to LEADER at term 1 for changeToLeader
2019-07-13 17:04:54,100 INFO  impl.RaftServerImpl (ServerState.java:setLeader(263)) - 888905af-e8dc-4c58-95a0-f3d6eb1dcd95:group-62B8135E7ECF change Leader from null to 888905af-e8dc-4c58-95a0-f3d6eb1dcd95 at term 1 for becomeLeader, leader elected after 5162ms
2019-07-13 17:04:54,100 INFO  server.RaftServerConfigKeys (ConfUtils.java:logGet(43)) - raft.server.staging.catchup.gap = 1000 (default)
2019-07-13 17:04:54,100 INFO  server.RaftServerConfigKeys (ConfUtils.java:logGet(43)) - raft.server.rpc.sleep.time = 25ms (default)
2019-07-13 17:04:54,100 INFO  server.RaftServerConfigKeys (ConfUtils.java:logGet(43)) - raft.server.write.element-limit = 4096 (default)
2019-07-13 17:04:54,100 INFO  server.RaftServerConfigKeys (ConfUtils.java:logGet(43)) - raft.server.watch.timeout = 10s (default)
2019-07-13 17:04:54,101 INFO  server.RaftServerConfigKeys (ConfUtils.java:logGet(43)) - raft.server.watch.timeout.denomination = 1s (default)
2019-07-13 17:04:54,101 INFO  server.RaftServerConfigKeys (ConfUtils.java:logGet(43)) - raft.server.watch.element-limit = 65536 (default)
2019-07-13 17:04:54,101 INFO  impl.RoleInfo (RoleInfo.java:updateAndGet(143)) - 888905af-e8dc-4c58-95a0-f3d6eb1dcd95: start LeaderState
2019-07-13 17:04:54,101 INFO  segmented.SegmentedRaftLogWorker (SegmentedRaftLogWorker.java:startLogSegment(380)) - 888905af-e8dc-4c58-95a0-f3d6eb1dcd95-SegmentedRaftLogWorker:Storage Directory /tmp/workdir/hadoop-ozone/integration-test/target/test-dir/MiniOzoneClusterImpl-ac734e81-a551-49a1-a9b5-52ad4610d347/datanode-4/data/ratis/1063f428-956d-4438-84cf-62b8135e7ecf: Starting segment from index:0
2019-07-13 17:04:54,102 INFO  impl.RaftServerImpl (ServerState.java:setRaftConf(361)) - 888905af-e8dc-4c58-95a0-f3d6eb1dcd95:group-62B8135E7ECF set configuration 0: [888905af-e8dc-4c58-95a0-f3d6eb1dcd95:192.168.5.187:42487], old=null at 0
2019-07-13 17:04:54,125 INFO  segmented.SegmentedRaftLogWorker (SegmentedRaftLogWorker.java:execute(569)) - 888905af-e8dc-4c58-95a0-f3d6eb1dcd95-SegmentedRaftLogWorker:Storage Directory /tmp/workdir/hadoop-ozone/integration-test/target/test-dir/MiniOzoneClusterImpl-ac734e81-a551-49a1-a9b5-52ad4610d347/datanode-4/data/ratis/1063f428-956d-4438-84cf-62b8135e7ecf: created new log segment /tmp/workdir/hadoop-ozone/integration-test/target/test-dir/MiniOzoneClusterImpl-ac734e81-a551-49a1-a9b5-52ad4610d347/datanode-4/data/ratis/1063f428-956d-4438-84cf-62b8135e7ecf/current/log_inprogress_0
2019-07-13 17:04:54,180 INFO  impl.FollowerState (FollowerState.java:run(106)) - 4e2fa81c-d097-4f4c-b043-23c1a417a170:group-D8DDD4E8807A changes to CANDIDATE, lastRpcTime:5195, electionTimeout:5195ms
2019-07-13 17:04:54,180 INFO  impl.RoleInfo (RoleInfo.java:shutdownFollowerState(121)) - 4e2fa81c-d097-4f4c-b043-23c1a417a170: shutdown FollowerState
2019-07-13 17:04:54,180 INFO  impl.RaftServerImpl (RaftServerImpl.java:setRole(171)) - 4e2fa81c-d097-4f4c-b043-23c1a417a170:group-D8DDD4E8807A changes role from FOLLOWER to CANDIDATE at term 0 for changeToCandidate
2019-07-13 17:04:54,180 INFO  impl.RoleInfo (RoleInfo.java:updateAndGet(143)) - 4e2fa81c-d097-4f4c-b043-23c1a417a170: start LeaderElection
2019-07-13 17:04:54,197 INFO  impl.LeaderElection (LeaderElection.java:askForVotes(181)) - 4e2fa81c-d097-4f4c-b043-23c1a417a170:group-D8DDD4E8807A:LeaderElection20: begin an election at term 1 for -1: [4e2fa81c-d097-4f4c-b043-23c1a417a170:192.168.5.187:33667], old=null
2019-07-13 17:04:54,197 INFO  impl.RoleInfo (RoleInfo.java:shutdownLeaderElection(134)) - 4e2fa81c-d097-4f4c-b043-23c1a417a170: shutdown LeaderElection
2019-07-13 17:04:54,198 INFO  impl.RaftServerImpl (RaftServerImpl.java:setRole(171)) - 4e2fa81c-d097-4f4c-b043-23c1a417a170:group-D8DDD4E8807A changes role from CANDIDATE to LEADER at term 1 for changeToLeader
2019-07-13 17:04:54,198 INFO  impl.RaftServerImpl (ServerState.java:setLeader(263)) - 4e2fa81c-d097-4f4c-b043-23c1a417a170:group-D8DDD4E8807A change Leader from null to 4e2fa81c-d097-4f4c-b043-23c1a417a170 at term 1 for becomeLeader, leader elected after 5218ms
2019-07-13 17:04:54,198 INFO  server.RaftServerConfigKeys (ConfUtils.java:logGet(43)) - raft.server.staging.catchup.gap = 1000 (default)
2019-07-13 17:04:54,198 INFO  server.RaftServerConfigKeys (ConfUtils.java:logGet(43)) - raft.server.rpc.sleep.time = 25ms (default)
2019-07-13 17:04:54,198 INFO  server.RaftServerConfigKeys (ConfUtils.java:logGet(43)) - raft.server.write.element-limit = 4096 (default)
2019-07-13 17:04:54,198 INFO  server.RaftServerConfigKeys (ConfUtils.java:logGet(43)) - raft.server.watch.timeout = 10s (default)
2019-07-13 17:04:54,199 INFO  server.RaftServerConfigKeys (ConfUtils.java:logGet(43)) - raft.server.watch.timeout.denomination = 1s (default)
2019-07-13 17:04:54,199 INFO  server.RaftServerConfigKeys (ConfUtils.java:logGet(43)) - raft.server.watch.element-limit = 65536 (default)
2019-07-13 17:04:54,199 INFO  impl.RoleInfo (RoleInfo.java:updateAndGet(143)) - 4e2fa81c-d097-4f4c-b043-23c1a417a170: start LeaderState
2019-07-13 17:04:54,199 INFO  segmented.SegmentedRaftLogWorker (SegmentedRaftLogWorker.java:startLogSegment(380)) - 4e2fa81c-d097-4f4c-b043-23c1a417a170-SegmentedRaftLogWorker:Storage Directory /tmp/workdir/hadoop-ozone/integration-test/target/test-dir/MiniOzoneClusterImpl-ac734e81-a551-49a1-a9b5-52ad4610d347/datanode-3/data/ratis/b86192d8-13bd-4df4-9088-d8ddd4e8807a: Starting segment from index:0
2019-07-13 17:04:54,200 INFO  impl.RaftServerImpl (ServerState.java:setRaftConf(361)) - 4e2fa81c-d097-4f4c-b043-23c1a417a170:group-D8DDD4E8807A set configuration 0: [4e2fa81c-d097-4f4c-b043-23c1a417a170:192.168.5.187:33667], old=null at 0
2019-07-13 17:04:54,224 INFO  segmented.SegmentedRaftLogWorker (SegmentedRaftLogWorker.java:execute(569)) - 4e2fa81c-d097-4f4c-b043-23c1a417a170-SegmentedRaftLogWorker:Storage Directory /tmp/workdir/hadoop-ozone/integration-test/target/test-dir/MiniOzoneClusterImpl-ac734e81-a551-49a1-a9b5-52ad4610d347/datanode-3/data/ratis/b86192d8-13bd-4df4-9088-d8ddd4e8807a: created new log segment /tmp/workdir/hadoop-ozone/integration-test/target/test-dir/MiniOzoneClusterImpl-ac734e81-a551-49a1-a9b5-52ad4610d347/datanode-3/data/ratis/b86192d8-13bd-4df4-9088-d8ddd4e8807a/current/log_inprogress_0
2019-07-13 17:04:54,264 INFO  impl.FollowerState (FollowerState.java:run(106)) - 7d3a3933-55dd-4605-959f-6101f3de8505:group-FB0D708441A0 changes to CANDIDATE, lastRpcTime:5106, electionTimeout:5106ms
2019-07-13 17:04:54,264 INFO  impl.RoleInfo (RoleInfo.java:shutdownFollowerState(121)) - 7d3a3933-55dd-4605-959f-6101f3de8505: shutdown FollowerState
2019-07-13 17:04:54,264 INFO  impl.RaftServerImpl (RaftServerImpl.java:setRole(171)) - 7d3a3933-55dd-4605-959f-6101f3de8505:group-FB0D708441A0 changes role from FOLLOWER to CANDIDATE at term 0 for changeToCandidate
2019-07-13 17:04:54,265 INFO  impl.RoleInfo (RoleInfo.java:updateAndGet(143)) - 7d3a3933-55dd-4605-959f-6101f3de8505: start LeaderElection
2019-07-13 17:04:54,282 INFO  impl.LeaderElection (LeaderElection.java:askForVotes(181)) - 7d3a3933-55dd-4605-959f-6101f3de8505:group-FB0D708441A0:LeaderElection21: begin an election at term 1 for -1: [7d3a3933-55dd-4605-959f-6101f3de8505:192.168.5.187:43995], old=null
2019-07-13 17:04:54,283 INFO  impl.RoleInfo (RoleInfo.java:shutdownLeaderElection(134)) - 7d3a3933-55dd-4605-959f-6101f3de8505: shutdown LeaderElection
2019-07-13 17:04:54,283 INFO  impl.RaftServerImpl (RaftServerImpl.java:setRole(171)) - 7d3a3933-55dd-4605-959f-6101f3de8505:group-FB0D708441A0 changes role from CANDIDATE to LEADER at term 1 for changeToLeader
2019-07-13 17:04:54,283 INFO  impl.RaftServerImpl (ServerState.java:setLeader(263)) - 7d3a3933-55dd-4605-959f-6101f3de8505:group-FB0D708441A0 change Leader from null to 7d3a3933-55dd-4605-959f-6101f3de8505 at term 1 for becomeLeader, leader elected after 5130ms
2019-07-13 17:04:54,283 INFO  server.RaftServerConfigKeys (ConfUtils.java:logGet(43)) - raft.server.staging.catchup.gap = 1000 (default)
2019-07-13 17:04:54,283 INFO  server.RaftServerConfigKeys (ConfUtils.java:logGet(43)) - raft.server.rpc.sleep.time = 25ms (default)
2019-07-13 17:04:54,283 INFO  server.RaftServerConfigKeys (ConfUtils.java:logGet(43)) - raft.server.write.element-limit = 4096 (default)
2019-07-13 17:04:54,284 INFO  server.RaftServerConfigKeys (ConfUtils.java:logGet(43)) - raft.server.watch.timeout = 10s (default)
2019-07-13 17:04:54,284 INFO  server.RaftServerConfigKeys (ConfUtils.java:logGet(43)) - raft.server.watch.timeout.denomination = 1s (default)
2019-07-13 17:04:54,284 INFO  server.RaftServerConfigKeys (ConfUtils.java:logGet(43)) - raft.server.watch.element-limit = 65536 (default)
2019-07-13 17:04:54,284 INFO  impl.RoleInfo (RoleInfo.java:updateAndGet(143)) - 7d3a3933-55dd-4605-959f-6101f3de8505: start LeaderState
2019-07-13 17:04:54,284 INFO  segmented.SegmentedRaftLogWorker (SegmentedRaftLogWorker.java:startLogSegment(380)) - 7d3a3933-55dd-4605-959f-6101f3de8505-SegmentedRaftLogWorker:Storage Directory /tmp/workdir/hadoop-ozone/integration-test/target/test-dir/MiniOzoneClusterImpl-ac734e81-a551-49a1-a9b5-52ad4610d347/datanode-5/data/ratis/e14a7900-d3a1-46b6-9171-fb0d708441a0: Starting segment from index:0
2019-07-13 17:04:54,285 INFO  impl.RaftServerImpl (ServerState.java:setRaftConf(361)) - 7d3a3933-55dd-4605-959f-6101f3de8505:group-FB0D708441A0 set configuration 0: [7d3a3933-55dd-4605-959f-6101f3de8505:192.168.5.187:43995], old=null at 0
2019-07-13 17:04:54,308 INFO  segmented.SegmentedRaftLogWorker (SegmentedRaftLogWorker.java:execute(569)) - 7d3a3933-55dd-4605-959f-6101f3de8505-SegmentedRaftLogWorker:Storage Directory /tmp/workdir/hadoop-ozone/integration-test/target/test-dir/MiniOzoneClusterImpl-ac734e81-a551-49a1-a9b5-52ad4610d347/datanode-5/data/ratis/e14a7900-d3a1-46b6-9171-fb0d708441a0: created new log segment /tmp/workdir/hadoop-ozone/integration-test/target/test-dir/MiniOzoneClusterImpl-ac734e81-a551-49a1-a9b5-52ad4610d347/datanode-5/data/ratis/e14a7900-d3a1-46b6-9171-fb0d708441a0/current/log_inprogress_0
2019-07-13 17:04:54,358 INFO  impl.FollowerState (FollowerState.java:run(106)) - 7d3a3933-55dd-4605-959f-6101f3de8505:group-4784B36BE1DC changes to CANDIDATE, lastRpcTime:5143, electionTimeout:5143ms
2019-07-13 17:04:54,358 INFO  impl.RoleInfo (RoleInfo.java:shutdownFollowerState(121)) - 7d3a3933-55dd-4605-959f-6101f3de8505: shutdown FollowerState
2019-07-13 17:04:54,358 INFO  impl.RaftServerImpl (RaftServerImpl.java:setRole(171)) - 7d3a3933-55dd-4605-959f-6101f3de8505:group-4784B36BE1DC changes role from FOLLOWER to CANDIDATE at term 0 for changeToCandidate
2019-07-13 17:04:54,358 INFO  impl.RoleInfo (RoleInfo.java:updateAndGet(143)) - 7d3a3933-55dd-4605-959f-6101f3de8505: start LeaderElection
2019-07-13 17:04:54,377 INFO  impl.LeaderElection (LeaderElection.java:askForVotes(181)) - 7d3a3933-55dd-4605-959f-6101f3de8505:group-4784B36BE1DC:LeaderElection22: begin an election at term 1 for -1: [4e2fa81c-d097-4f4c-b043-23c1a417a170:192.168.5.187:33667, 888905af-e8dc-4c58-95a0-f3d6eb1dcd95:192.168.5.187:42487, 7d3a3933-55dd-4605-959f-6101f3de8505:192.168.5.187:43995], old=null
2019-07-13 17:04:54,384 INFO  impl.RaftServerImpl (RaftServerImpl.java:setRole(171)) - 888905af-e8dc-4c58-95a0-f3d6eb1dcd95:group-4784B36BE1DC changes role from FOLLOWER to FOLLOWER at term 1 for recognizeCandidate:7d3a3933-55dd-4605-959f-6101f3de8505
2019-07-13 17:04:54,384 INFO  impl.RaftServerImpl (RaftServerImpl.java:setRole(171)) - 4e2fa81c-d097-4f4c-b043-23c1a417a170:group-4784B36BE1DC changes role from FOLLOWER to FOLLOWER at term 1 for recognizeCandidate:7d3a3933-55dd-4605-959f-6101f3de8505
2019-07-13 17:04:54,384 INFO  impl.RoleInfo (RoleInfo.java:shutdownFollowerState(121)) - 888905af-e8dc-4c58-95a0-f3d6eb1dcd95: shutdown FollowerState
2019-07-13 17:04:54,385 INFO  impl.RoleInfo (RoleInfo.java:shutdownFollowerState(121)) - 4e2fa81c-d097-4f4c-b043-23c1a417a170: shutdown FollowerState
2019-07-13 17:04:54,385 INFO  impl.FollowerState (FollowerState.java:run(114)) - 888905af-e8dc-4c58-95a0-f3d6eb1dcd95: FollowerState was interrupted: java.lang.InterruptedException: sleep interrupted
2019-07-13 17:04:54,385 INFO  impl.FollowerState (FollowerState.java:run(114)) - 4e2fa81c-d097-4f4c-b043-23c1a417a170: FollowerState was interrupted: java.lang.InterruptedException: sleep interrupted
2019-07-13 17:04:54,385 INFO  impl.RoleInfo (RoleInfo.java:updateAndGet(143)) - 4e2fa81c-d097-4f4c-b043-23c1a417a170: start FollowerState
2019-07-13 17:04:54,385 INFO  impl.RoleInfo (RoleInfo.java:updateAndGet(143)) - 888905af-e8dc-4c58-95a0-f3d6eb1dcd95: start FollowerState
2019-07-13 17:04:54,409 INFO  impl.LeaderElection (LeaderElection.java:logAndReturn(56)) - 7d3a3933-55dd-4605-959f-6101f3de8505:group-4784B36BE1DC:LeaderElection22: Election PASSED; received 1 response(s) [7d3a3933-55dd-4605-959f-6101f3de8505<-4e2fa81c-d097-4f4c-b043-23c1a417a170#0:OK-t1] and 0 exception(s); 7d3a3933-55dd-4605-959f-6101f3de8505:t1, leader=null, voted=7d3a3933-55dd-4605-959f-6101f3de8505, raftlog=7d3a3933-55dd-4605-959f-6101f3de8505-SegmentedRaftLog:OPENED:c-1,f-1,i0, conf=-1: [4e2fa81c-d097-4f4c-b043-23c1a417a170:192.168.5.187:33667, 888905af-e8dc-4c58-95a0-f3d6eb1dcd95:192.168.5.187:42487, 7d3a3933-55dd-4605-959f-6101f3de8505:192.168.5.187:43995], old=null
2019-07-13 17:04:54,409 INFO  impl.RoleInfo (RoleInfo.java:shutdownLeaderElection(134)) - 7d3a3933-55dd-4605-959f-6101f3de8505: shutdown LeaderElection
2019-07-13 17:04:54,410 INFO  impl.RaftServerImpl (RaftServerImpl.java:setRole(171)) - 7d3a3933-55dd-4605-959f-6101f3de8505:group-4784B36BE1DC changes role from CANDIDATE to LEADER at term 1 for changeToLeader
2019-07-13 17:04:54,410 INFO  impl.RaftServerImpl (ServerState.java:setLeader(263)) - 7d3a3933-55dd-4605-959f-6101f3de8505:group-4784B36BE1DC change Leader from null to 7d3a3933-55dd-4605-959f-6101f3de8505 at term 1 for becomeLeader, leader elected after 5210ms
2019-07-13 17:04:54,410 INFO  server.RaftServerConfigKeys (ConfUtils.java:logGet(43)) - raft.server.staging.catchup.gap = 1000 (default)
2019-07-13 17:04:54,410 INFO  server.RaftServerConfigKeys (ConfUtils.java:logGet(43)) - raft.server.rpc.sleep.time = 25ms (default)
2019-07-13 17:04:54,410 INFO  server.RaftServerConfigKeys (ConfUtils.java:logGet(43)) - raft.server.write.element-limit = 4096 (default)
2019-07-13 17:04:54,410 INFO  server.RaftServerConfigKeys (ConfUtils.java:logGet(43)) - raft.server.watch.timeout = 10s (default)
2019-07-13 17:04:54,411 INFO  server.RaftServerConfigKeys (ConfUtils.java:logGet(43)) - raft.server.watch.timeout.denomination = 1s (default)
2019-07-13 17:04:54,411 INFO  server.RaftServerConfigKeys (ConfUtils.java:logGet(43)) - raft.server.watch.element-limit = 65536 (default)
2019-07-13 17:04:54,411 INFO  server.RaftServerConfigKeys (ConfUtils.java:logGet(43)) - raft.server.log.appender.snapshot.chunk.size.max = 16MB (=16777216) (default)
2019-07-13 17:04:54,411 INFO  server.RaftServerConfigKeys (ConfUtils.java:logGet(43)) - raft.server.log.appender.buffer.byte-limit = 33554432 (custom)
2019-07-13 17:04:54,411 INFO  server.RaftServerConfigKeys (ConfUtils.java:logGet(43)) - raft.server.log.appender.buffer.element-limit = 1 (custom)
2019-07-13 17:04:54,412 INFO  grpc.GrpcConfigKeys$Server (ConfUtils.java:logGet(43)) - raft.grpc.server.leader.outstanding.appends.max = 128 (default)
2019-07-13 17:04:54,412 INFO  server.RaftServerConfigKeys (ConfUtils.java:logGet(43)) - raft.server.rpc.request.timeout = 3000ms (default)
2019-07-13 17:04:54,412 INFO  server.RaftServerConfigKeys (ConfUtils.java:logGet(43)) - raft.server.log.appender.install.snapshot.enabled = false (custom)
2019-07-13 17:04:54,413 INFO  server.RaftServerConfigKeys (ConfUtils.java:logGet(43)) - raft.server.log.appender.snapshot.chunk.size.max = 16MB (=16777216) (default)
2019-07-13 17:04:54,413 INFO  server.RaftServerConfigKeys (ConfUtils.java:logGet(43)) - raft.server.log.appender.buffer.byte-limit = 33554432 (custom)
2019-07-13 17:04:54,413 INFO  server.RaftServerConfigKeys (ConfUtils.java:logGet(43)) - raft.server.log.appender.buffer.element-limit = 1 (custom)
2019-07-13 17:04:54,413 INFO  grpc.GrpcConfigKeys$Server (ConfUtils.java:logGet(43)) - raft.grpc.server.leader.outstanding.appends.max = 128 (default)
2019-07-13 17:04:54,413 INFO  server.RaftServerConfigKeys (ConfUtils.java:logGet(43)) - raft.server.rpc.request.timeout = 3000ms (default)
2019-07-13 17:04:54,414 INFO  server.RaftServerConfigKeys (ConfUtils.java:logGet(43)) - raft.server.log.appender.install.snapshot.enabled = false (custom)
2019-07-13 17:04:54,414 INFO  impl.RoleInfo (RoleInfo.java:updateAndGet(143)) - 7d3a3933-55dd-4605-959f-6101f3de8505: start LeaderState
2019-07-13 17:04:54,414 INFO  segmented.SegmentedRaftLogWorker (SegmentedRaftLogWorker.java:startLogSegment(380)) - 7d3a3933-55dd-4605-959f-6101f3de8505-SegmentedRaftLogWorker:Storage Directory /tmp/workdir/hadoop-ozone/integration-test/target/test-dir/MiniOzoneClusterImpl-ac734e81-a551-49a1-a9b5-52ad4610d347/datanode-5/data/ratis/df02968a-2395-4a08-bb64-4784b36be1dc: Starting segment from index:0
2019-07-13 17:04:54,415 INFO  impl.RaftServerImpl (ServerState.java:setRaftConf(361)) - 7d3a3933-55dd-4605-959f-6101f3de8505:group-4784B36BE1DC set configuration 0: [4e2fa81c-d097-4f4c-b043-23c1a417a170:192.168.5.187:33667, 888905af-e8dc-4c58-95a0-f3d6eb1dcd95:192.168.5.187:42487, 7d3a3933-55dd-4605-959f-6101f3de8505:192.168.5.187:43995], old=null at 0
2019-07-13 17:04:54,435 INFO  impl.RaftServerImpl (ServerState.java:setLeader(263)) - 4e2fa81c-d097-4f4c-b043-23c1a417a170:group-4784B36BE1DC change Leader from null to 7d3a3933-55dd-4605-959f-6101f3de8505 at term 1 for appendEntries, leader elected after 5236ms
2019-07-13 17:04:54,448 INFO  segmented.SegmentedRaftLogWorker (SegmentedRaftLogWorker.java:execute(569)) - 7d3a3933-55dd-4605-959f-6101f3de8505-SegmentedRaftLogWorker:Storage Directory /tmp/workdir/hadoop-ozone/integration-test/target/test-dir/MiniOzoneClusterImpl-ac734e81-a551-49a1-a9b5-52ad4610d347/datanode-5/data/ratis/df02968a-2395-4a08-bb64-4784b36be1dc: created new log segment /tmp/workdir/hadoop-ozone/integration-test/target/test-dir/MiniOzoneClusterImpl-ac734e81-a551-49a1-a9b5-52ad4610d347/datanode-5/data/ratis/df02968a-2395-4a08-bb64-4784b36be1dc/current/log_inprogress_0
2019-07-13 17:04:54,448 INFO  impl.RaftServerImpl (ServerState.java:setLeader(263)) - 888905af-e8dc-4c58-95a0-f3d6eb1dcd95:group-4784B36BE1DC change Leader from null to 7d3a3933-55dd-4605-959f-6101f3de8505 at term 1 for appendEntries, leader elected after 5249ms
2019-07-13 17:04:54,452 INFO  impl.RaftServerImpl (ServerState.java:setRaftConf(361)) - 4e2fa81c-d097-4f4c-b043-23c1a417a170:group-4784B36BE1DC set configuration 0: [4e2fa81c-d097-4f4c-b043-23c1a417a170:192.168.5.187:33667, 888905af-e8dc-4c58-95a0-f3d6eb1dcd95:192.168.5.187:42487, 7d3a3933-55dd-4605-959f-6101f3de8505:192.168.5.187:43995], old=null at 0
2019-07-13 17:04:54,452 INFO  impl.RaftServerImpl (ServerState.java:setRaftConf(361)) - 888905af-e8dc-4c58-95a0-f3d6eb1dcd95:group-4784B36BE1DC set configuration 0: [4e2fa81c-d097-4f4c-b043-23c1a417a170:192.168.5.187:33667, 888905af-e8dc-4c58-95a0-f3d6eb1dcd95:192.168.5.187:42487, 7d3a3933-55dd-4605-959f-6101f3de8505:192.168.5.187:43995], old=null at 0
2019-07-13 17:04:54,452 INFO  segmented.SegmentedRaftLogWorker (SegmentedRaftLogWorker.java:startLogSegment(380)) - 4e2fa81c-d097-4f4c-b043-23c1a417a170-SegmentedRaftLogWorker:Storage Directory /tmp/workdir/hadoop-ozone/integration-test/target/test-dir/MiniOzoneClusterImpl-ac734e81-a551-49a1-a9b5-52ad4610d347/datanode-3/data/ratis/df02968a-2395-4a08-bb64-4784b36be1dc: Starting segment from index:0
2019-07-13 17:04:54,453 INFO  segmented.SegmentedRaftLogWorker (SegmentedRaftLogWorker.java:startLogSegment(380)) - 888905af-e8dc-4c58-95a0-f3d6eb1dcd95-SegmentedRaftLogWorker:Storage Directory /tmp/workdir/hadoop-ozone/integration-test/target/test-dir/MiniOzoneClusterImpl-ac734e81-a551-49a1-a9b5-52ad4610d347/datanode-4/data/ratis/df02968a-2395-4a08-bb64-4784b36be1dc: Starting segment from index:0
2019-07-13 17:04:54,476 INFO  segmented.SegmentedRaftLogWorker (SegmentedRaftLogWorker.java:execute(569)) - 4e2fa81c-d097-4f4c-b043-23c1a417a170-SegmentedRaftLogWorker:Storage Directory /tmp/workdir/hadoop-ozone/integration-test/target/test-dir/MiniOzoneClusterImpl-ac734e81-a551-49a1-a9b5-52ad4610d347/datanode-3/data/ratis/df02968a-2395-4a08-bb64-4784b36be1dc: created new log segment /tmp/workdir/hadoop-ozone/integration-test/target/test-dir/MiniOzoneClusterImpl-ac734e81-a551-49a1-a9b5-52ad4610d347/datanode-3/data/ratis/df02968a-2395-4a08-bb64-4784b36be1dc/current/log_inprogress_0
2019-07-13 17:04:54,476 INFO  segmented.SegmentedRaftLogWorker (SegmentedRaftLogWorker.java:execute(569)) - 888905af-e8dc-4c58-95a0-f3d6eb1dcd95-SegmentedRaftLogWorker:Storage Directory /tmp/workdir/hadoop-ozone/integration-test/target/test-dir/MiniOzoneClusterImpl-ac734e81-a551-49a1-a9b5-52ad4610d347/datanode-4/data/ratis/df02968a-2395-4a08-bb64-4784b36be1dc: created new log segment /tmp/workdir/hadoop-ozone/integration-test/target/test-dir/MiniOzoneClusterImpl-ac734e81-a551-49a1-a9b5-52ad4610d347/datanode-4/data/ratis/df02968a-2395-4a08-bb64-4784b36be1dc/current/log_inprogress_0
2019-07-13 17:04:54,513 INFO  client.GrpcClientProtocolClient (GrpcClientProtocolClient.java:onNext(255)) - client-962863D892AF->888905af-e8dc-4c58-95a0-f3d6eb1dcd95: receive RaftClientReply:client-962863D892AF->888905af-e8dc-4c58-95a0-f3d6eb1dcd95@group-4784B36BE1DC, cid=42, FAILED org.apache.ratis.protocol.NotLeaderException: Server 888905af-e8dc-4c58-95a0-f3d6eb1dcd95 is not the leader (7d3a3933-55dd-4605-959f-6101f3de8505:192.168.5.187:43995). Request must be sent to leader., logIndex=0, commits[888905af-e8dc-4c58-95a0-f3d6eb1dcd95:c-1, 4e2fa81c-d097-4f4c-b043-23c1a417a170:c-1, 7d3a3933-55dd-4605-959f-6101f3de8505:c-1]
2019-07-13 17:04:54,548 INFO  impl.FollowerState (FollowerState.java:run(106)) - 12074510-7a30-4b6a-90b7-955738f8fde7:group-CCE6DFC428F9 changes to CANDIDATE, lastRpcTime:5195, electionTimeout:5195ms
2019-07-13 17:04:54,548 INFO  impl.RoleInfo (RoleInfo.java:shutdownFollowerState(121)) - 12074510-7a30-4b6a-90b7-955738f8fde7: shutdown FollowerState
2019-07-13 17:04:54,548 INFO  impl.RaftServerImpl (RaftServerImpl.java:setRole(171)) - 12074510-7a30-4b6a-90b7-955738f8fde7:group-CCE6DFC428F9 changes role from FOLLOWER to CANDIDATE at term 0 for changeToCandidate
2019-07-13 17:04:54,548 INFO  impl.RoleInfo (RoleInfo.java:updateAndGet(143)) - 12074510-7a30-4b6a-90b7-955738f8fde7: start LeaderElection
2019-07-13 17:04:54,603 INFO  impl.LeaderElection (LeaderElection.java:askForVotes(181)) - 12074510-7a30-4b6a-90b7-955738f8fde7:group-CCE6DFC428F9:LeaderElection23: begin an election at term 1 for -1: [12074510-7a30-4b6a-90b7-955738f8fde7:192.168.5.187:37555], old=null
2019-07-13 17:04:54,604 INFO  impl.RoleInfo (RoleInfo.java:shutdownLeaderElection(134)) - 12074510-7a30-4b6a-90b7-955738f8fde7: shutdown LeaderElection
2019-07-13 17:04:54,604 INFO  impl.RaftServerImpl (RaftServerImpl.java:setRole(171)) - 12074510-7a30-4b6a-90b7-955738f8fde7:group-CCE6DFC428F9 changes role from CANDIDATE to LEADER at term 1 for changeToLeader
2019-07-13 17:04:54,604 INFO  impl.RaftServerImpl (ServerState.java:setLeader(263)) - 12074510-7a30-4b6a-90b7-955738f8fde7:group-CCE6DFC428F9 change Leader from null to 12074510-7a30-4b6a-90b7-955738f8fde7 at term 1 for becomeLeader, leader elected after 5256ms
2019-07-13 17:04:54,604 INFO  server.RaftServerConfigKeys (ConfUtils.java:logGet(43)) - raft.server.staging.catchup.gap = 1000 (default)
2019-07-13 17:04:54,604 INFO  server.RaftServerConfigKeys (ConfUtils.java:logGet(43)) - raft.server.rpc.sleep.time = 25ms (default)
2019-07-13 17:04:54,604 INFO  server.RaftServerConfigKeys (ConfUtils.java:logGet(43)) - raft.server.write.element-limit = 4096 (default)
2019-07-13 17:04:54,605 INFO  server.RaftServerConfigKeys (ConfUtils.java:logGet(43)) - raft.server.watch.timeout = 10s (default)
2019-07-13 17:04:54,605 INFO  server.RaftServerConfigKeys (ConfUtils.java:logGet(43)) - raft.server.watch.timeout.denomination = 1s (default)
2019-07-13 17:04:54,605 INFO  server.RaftServerConfigKeys (ConfUtils.java:logGet(43)) - raft.server.watch.element-limit = 65536 (default)
2019-07-13 17:04:54,605 INFO  impl.RoleInfo (RoleInfo.java:updateAndGet(143)) - 12074510-7a30-4b6a-90b7-955738f8fde7: start LeaderState
2019-07-13 17:04:54,606 INFO  segmented.SegmentedRaftLogWorker (SegmentedRaftLogWorker.java:startLogSegment(380)) - 12074510-7a30-4b6a-90b7-955738f8fde7-SegmentedRaftLogWorker:Storage Directory /tmp/workdir/hadoop-ozone/integration-test/target/test-dir/MiniOzoneClusterImpl-ac734e81-a551-49a1-a9b5-52ad4610d347/datanode-6/data/ratis/8b62221b-a529-41a9-be96-cce6dfc428f9: Starting segment from index:0
2019-07-13 17:04:54,606 INFO  impl.RaftServerImpl (ServerState.java:setRaftConf(361)) - 12074510-7a30-4b6a-90b7-955738f8fde7:group-CCE6DFC428F9 set configuration 0: [12074510-7a30-4b6a-90b7-955738f8fde7:192.168.5.187:37555], old=null at 0
2019-07-13 17:04:54,635 INFO  segmented.SegmentedRaftLogWorker (SegmentedRaftLogWorker.java:execute(569)) - 12074510-7a30-4b6a-90b7-955738f8fde7-SegmentedRaftLogWorker:Storage Directory /tmp/workdir/hadoop-ozone/integration-test/target/test-dir/MiniOzoneClusterImpl-ac734e81-a551-49a1-a9b5-52ad4610d347/datanode-6/data/ratis/8b62221b-a529-41a9-be96-cce6dfc428f9: created new log segment /tmp/workdir/hadoop-ozone/integration-test/target/test-dir/MiniOzoneClusterImpl-ac734e81-a551-49a1-a9b5-52ad4610d347/datanode-6/data/ratis/8b62221b-a529-41a9-be96-cce6dfc428f9/current/log_inprogress_0
2019-07-13 17:04:54,683 INFO  client.GrpcClientProtocolClient (GrpcClientProtocolClient.java:onNext(255)) - client-962863D892AF->7d3a3933-55dd-4605-959f-6101f3de8505: receive RaftClientReply:client-962863D892AF->7d3a3933-55dd-4605-959f-6101f3de8505@group-4784B36BE1DC, cid=42, SUCCESS, logIndex=1, commits[7d3a3933-55dd-4605-959f-6101f3de8505:c2, 4e2fa81c-d097-4f4c-b043-23c1a417a170:c1, 888905af-e8dc-4c58-95a0-f3d6eb1dcd95:c1]
2019-07-13 17:04:54,758 INFO  client.GrpcClientProtocolClient (GrpcClientProtocolClient.java:onNext(255)) - client-962863D892AF->7d3a3933-55dd-4605-959f-6101f3de8505: receive RaftClientReply:client-962863D892AF->7d3a3933-55dd-4605-959f-6101f3de8505@group-4784B36BE1DC, cid=43, SUCCESS, logIndex=3, commits[7d3a3933-55dd-4605-959f-6101f3de8505:c4, 4e2fa81c-d097-4f4c-b043-23c1a417a170:c3, 888905af-e8dc-4c58-95a0-f3d6eb1dcd95:c3]
2019-07-13 17:04:54,769 INFO  keyvalue.KeyValueHandler (ContainerUtils.java:logAndReturnError(146)) - Operation: CreateContainer : Trace ID: 9a2514a2306f7b33:9a2514a2306f7b33:0:0 : Message: Container creation failed, due to disk out of space : Result: DISK_OUT_OF_SPACE
2019-07-13 17:04:54,773 INFO  keyvalue.KeyValueHandler (ContainerUtils.java:logAndReturnError(146)) - Operation: CreateContainer : Trace ID: 9a2514a2306f7b33:9a2514a2306f7b33:0:0 : Message: Container creation failed, due to disk out of space : Result: DISK_OUT_OF_SPACE
2019-07-13 17:04:54,773 INFO  keyvalue.KeyValueHandler (ContainerUtils.java:logAndReturnError(146)) - Operation: CreateContainer : Trace ID: 9a2514a2306f7b33:9a2514a2306f7b33:0:0 : Message: Container creation failed, due to disk out of space : Result: DISK_OUT_OF_SPACE
2019-07-13 17:04:54,782 INFO  client.GrpcClientProtocolClient (GrpcClientProtocolClient.java:onNext(255)) - client-962863D892AF->7d3a3933-55dd-4605-959f-6101f3de8505: receive RaftClientReply:client-962863D892AF->7d3a3933-55dd-4605-959f-6101f3de8505@group-4784B36BE1DC, cid=44, FAILED org.apache.ratis.protocol.StateMachineException: java.util.concurrent.CompletionException: java.lang.NullPointerException, logIndex=5, commits[7d3a3933-55dd-4605-959f-6101f3de8505:c5, 4e2fa81c-d097-4f4c-b043-23c1a417a170:c4, 888905af-e8dc-4c58-95a0-f3d6eb1dcd95:c4]
2019-07-13 17:04:54,822 INFO  ozone.MiniOzoneClusterImpl (MiniOzoneClusterImpl.java:shutdown(321)) - Shutting down the Mini Ozone Cluster
2019-07-13 17:04:54,822 INFO  ozone.MiniOzoneClusterImpl (MiniOzoneClusterImpl.java:stop(336)) - Stopping the Mini Ozone Cluster
2019-07-13 17:04:54,823 INFO  ozone.MiniOzoneClusterImpl (MiniOzoneClusterImpl.java:stop(338)) - Stopping the OzoneManager
2019-07-13 17:04:54,823 INFO  ipc.Server (Server.java:stop(3082)) - Stopping server on 40493
2019-07-13 17:04:54,832 INFO  ipc.Server (Server.java:run(1185)) - Stopping IPC Server listener on 40493
2019-07-13 17:04:54,837 INFO  ipc.Server (Server.java:run(1319)) - Stopping IPC Server Responder
2019-07-13 17:04:54,832 INFO  utils.BackgroundService (BackgroundService.java:shutdown(148)) - Shutting down service KeyDeletingService
2019-07-13 17:04:54,862 INFO  handler.ContextHandler (ContextHandler.java:doStop(910)) - Stopped o.e.j.w.WebAppContext@b55f5b7{/,null,UNAVAILABLE}{/ozoneManager}
2019-07-13 17:04:54,863 INFO  server.AbstractConnector (AbstractConnector.java:doStop(318)) - Stopped ServerConnector@2aa6bbad{HTTP/1.1,[http/1.1]}{0.0.0.0:0}
2019-07-13 17:04:54,863 INFO  handler.ContextHandler (ContextHandler.java:doStop(910)) - Stopped o.e.j.s.ServletContextHandler@794c5f5e{/static,file:///tmp/workdir/hadoop-ozone/integration-test/target/test-classes/webapps/static,UNAVAILABLE}
2019-07-13 17:04:54,863 INFO  handler.ContextHandler (ContextHandler.java:doStop(910)) - Stopped o.e.j.s.ServletContextHandler@75839695{/logs,file:///tmp/workdir/hadoop-ozone/integration-test/target/log,UNAVAILABLE}
2019-07-13 17:04:54,876 INFO  ozone.MiniOzoneClusterImpl (MiniOzoneClusterImpl.java:stop(344)) - Shutting the HddsDatanodes
2019-07-13 17:04:54,876 INFO  datanode.ObjectStoreHandler (ObjectStoreHandler.java:close(155)) - Closing ObjectStoreHandler.
2019-07-13 17:04:54,876 INFO  datanode.ObjectStoreHandler (ObjectStoreHandler.java:close(155)) - Closing ObjectStoreHandler.
2019-07-13 17:04:54,877 INFO  ozone.HddsDatanodeService (HddsDatanodeService.java:stop(452)) - Stopped plug-in org.apache.hadoop.ozone.web.OzoneHddsDatanodeService@526893f
2019-07-13 17:04:54,877 INFO  ozone.HddsDatanodeService (HddsDatanodeService.java:stop(452)) - Stopped plug-in org.apache.hadoop.ozone.web.OzoneHddsDatanodeService@4fa91d5b
2019-07-13 17:04:55,306 INFO  statemachine.DatanodeStateMachine (DatanodeStateMachine.java:lambda$startDaemon$0(350)) - Ozone container server started.
2019-07-13 17:04:55,767 INFO  statemachine.DatanodeStateMachine (DatanodeStateMachine.java:lambda$startDaemon$0(350)) - Ozone container server started.
2019-07-13 17:04:59,878 INFO  ozoneimpl.OzoneContainer (OzoneContainer.java:stop(199)) - Attempting to stop container services.
2019-07-13 17:04:59,878 INFO  ozoneimpl.OzoneContainer (OzoneContainer.java:stop(199)) - Attempting to stop container services.
2019-07-13 17:04:59,879 INFO  impl.RaftServerProxy (RaftServerProxy.java:lambda$close$4(314)) - 888905af-e8dc-4c58-95a0-f3d6eb1dcd95: close
2019-07-13 17:04:59,879 INFO  impl.RaftServerProxy (RaftServerProxy.java:lambda$close$4(314)) - a53df301-d6ac-409d-b1c4-78ab4069e75c: close
2019-07-13 17:04:59,880 INFO  impl.RaftServerImpl (RaftServerImpl.java:lambda$shutdown$3(245)) - 888905af-e8dc-4c58-95a0-f3d6eb1dcd95: shutdown group-4784B36BE1DC
2019-07-13 17:04:59,880 INFO  impl.RaftServerImpl (RaftServerImpl.java:lambda$shutdown$3(245)) - a53df301-d6ac-409d-b1c4-78ab4069e75c: shutdown group-A51C66E4A717
2019-07-13 17:04:59,880 INFO  util.JmxRegister (JmxRegister.java:unregister(73)) - Successfully un-registered JMX Bean with object name Ratis:service=RaftServer,group=group-4784B36BE1DC,id=888905af-e8dc-4c58-95a0-f3d6eb1dcd95
2019-07-13 17:04:59,880 INFO  util.JmxRegister (JmxRegister.java:unregister(73)) - Successfully un-registered JMX Bean with object name Ratis:service=RaftServer,group=group-A51C66E4A717,id=a53df301-d6ac-409d-b1c4-78ab4069e75c
2019-07-13 17:04:59,881 INFO  impl.RoleInfo (RoleInfo.java:shutdownFollowerState(121)) - 888905af-e8dc-4c58-95a0-f3d6eb1dcd95: shutdown FollowerState
2019-07-13 17:04:59,881 INFO  impl.RoleInfo (RoleInfo.java:shutdownLeaderState(104)) - a53df301-d6ac-409d-b1c4-78ab4069e75c: shutdown LeaderState
2019-07-13 17:04:59,882 INFO  impl.FollowerState (FollowerState.java:run(114)) - 888905af-e8dc-4c58-95a0-f3d6eb1dcd95: FollowerState was interrupted: java.lang.InterruptedException: sleep interrupted
2019-07-13 17:04:59,882 INFO  ratis.ContainerStateMachine (ContainerStateMachine.java:takeSnapshot(246)) - Taking snapshot at termIndex:(t:1, i:4)
2019-07-13 17:04:59,889 INFO  ratis.ContainerStateMachine (ContainerStateMachine.java:takeSnapshot(250)) - Taking a snapshot to file /tmp/workdir/hadoop-ozone/integration-test/target/test-dir/MiniOzoneClusterImpl-ac734e81-a551-49a1-a9b5-52ad4610d347/datanode-4/data/ratis/df02968a-2395-4a08-bb64-4784b36be1dc/sm/snapshot.1_4
2019-07-13 17:04:59,882 INFO  impl.StateMachineUpdater (StateMachineUpdater.java:stopAndJoin(115)) - StateMachineUpdater:888905af-e8dc-4c58-95a0-f3d6eb1dcd95:group-4784B36BE1DC: set stopIndex = 6
2019-07-13 17:04:59,889 INFO  impl.StateMachineUpdater (StateMachineUpdater.java:takeSnapshot(242)) - StateMachineUpdater:888905af-e8dc-4c58-95a0-f3d6eb1dcd95:group-4784B36BE1DC: Took a snapshot at index 4
2019-07-13 17:04:59,889 INFO  impl.StateMachineUpdater (StateMachineUpdater.java:lambda$new$0(80)) - StateMachineUpdater:888905af-e8dc-4c58-95a0-f3d6eb1dcd95:group-4784B36BE1DC: snapshotIndex: updateIncreasingly -1 -> 4
2019-07-13 17:04:59,888 WARN  server.GrpcLogAppender (GrpcLogAppender.java:mayWait(143)) - GrpcLogAppender(a53df301-d6ac-409d-b1c4-78ab4069e75c->e4be38e3-c24d-40b4-a019-64b8291a2845): Wait interrupted by java.lang.InterruptedException
2019-07-13 17:04:59,888 INFO  impl.PendingRequests (PendingRequests.java:sendNotLeaderResponses(202)) - a53df301-d6ac-409d-b1c4-78ab4069e75c-PendingRequests: sendNotLeaderResponses
2019-07-13 17:04:59,888 WARN  server.GrpcLogAppender (GrpcLogAppender.java:mayWait(143)) - GrpcLogAppender(a53df301-d6ac-409d-b1c4-78ab4069e75c->066e5c56-e86d-4d57-bad2-75a941ab96fc): Wait interrupted by java.lang.InterruptedException
2019-07-13 17:04:59,890 INFO  impl.StateMachineUpdater (StateMachineUpdater.java:stopAndJoin(115)) - StateMachineUpdater:a53df301-d6ac-409d-b1c4-78ab4069e75c:group-A51C66E4A717: set stopIndex = 0
2019-07-13 17:04:59,890 INFO  impl.RaftServerImpl (ServerState.java:close(394)) - 888905af-e8dc-4c58-95a0-f3d6eb1dcd95:group-4784B36BE1DC closes. The last applied log index is 6
2019-07-13 17:04:59,891 INFO  server.GrpcServerProtocolService (GrpcServerProtocolService.java:onCompleted(104)) - 066e5c56-e86d-4d57-bad2-75a941ab96fc: appendEntries completed
2019-07-13 17:04:59,890 INFO  ratis.ContainerStateMachine (ContainerStateMachine.java:takeSnapshot(246)) - Taking snapshot at termIndex:(t:0, i:~)
2019-07-13 17:04:59,890 INFO  server.GrpcServerProtocolService (GrpcServerProtocolService.java:onCompleted(104)) - e4be38e3-c24d-40b4-a019-64b8291a2845: appendEntries completed
2019-07-13 17:04:59,892 INFO  impl.RaftServerImpl (ServerState.java:close(394)) - a53df301-d6ac-409d-b1c4-78ab4069e75c:group-A51C66E4A717 closes. The last applied log index is 0
2019-07-13 17:04:59,892 INFO  server.GrpcLogAppender (GrpcLogAppender.java:onCompleted(292)) - a53df301-d6ac-409d-b1c4-78ab4069e75c->066e5c56-e86d-4d57-bad2-75a941ab96fc: follower responses appendEntries COMPLETED
2019-07-13 17:04:59,891 INFO  segmented.SegmentedRaftLogWorker (SegmentedRaftLogWorker.java:run(313)) - 888905af-e8dc-4c58-95a0-f3d6eb1dcd95-SegmentedRaftLogWorker:Storage Directory /tmp/workdir/hadoop-ozone/integration-test/target/test-dir/MiniOzoneClusterImpl-ac734e81-a551-49a1-a9b5-52ad4610d347/datanode-4/data/ratis/df02968a-2395-4a08-bb64-4784b36be1dc was interrupted, exiting. There are 0 tasks remaining in the queue.
2019-07-13 17:04:59,892 INFO  server.GrpcLogAppender (GrpcLogAppender.java:onCompleted(292)) - a53df301-d6ac-409d-b1c4-78ab4069e75c->e4be38e3-c24d-40b4-a019-64b8291a2845: follower responses appendEntries COMPLETED
2019-07-13 17:04:59,892 INFO  segmented.SegmentedRaftLogWorker (SegmentedRaftLogWorker.java:run(313)) - a53df301-d6ac-409d-b1c4-78ab4069e75c-SegmentedRaftLogWorker:Storage Directory /tmp/workdir/hadoop-ozone/integration-test/target/test-dir/MiniOzoneClusterImpl-ac734e81-a551-49a1-a9b5-52ad4610d347/datanode-1/data/ratis/2cded46a-ae0c-4687-92a2-a51c66e4a717 was interrupted, exiting. There are 0 tasks remaining in the queue.
2019-07-13 17:04:59,900 INFO  impl.FollowerInfo (FollowerInfo.java:lambda$new$0(50)) - a53df301-d6ac-409d-b1c4-78ab4069e75c->e4be38e3-c24d-40b4-a019-64b8291a2845: nextIndex: updateUnconditionally 1 -> 0
2019-07-13 17:04:59,897 INFO  segmented.SegmentedRaftLogWorker (SegmentedRaftLogWorker.java:close(228)) - 888905af-e8dc-4c58-95a0-f3d6eb1dcd95-SegmentedRaftLogWorker:Storage Directory /tmp/workdir/hadoop-ozone/integration-test/target/test-dir/MiniOzoneClusterImpl-ac734e81-a551-49a1-a9b5-52ad4610d347/datanode-4/data/ratis/df02968a-2395-4a08-bb64-4784b36be1dc close()
2019-07-13 17:04:59,897 INFO  impl.FollowerInfo (FollowerInfo.java:lambda$new$0(50)) - a53df301-d6ac-409d-b1c4-78ab4069e75c->066e5c56-e86d-4d57-bad2-75a941ab96fc: nextIndex: updateUnconditionally 1 -> 0
2019-07-13 17:04:59,908 INFO  impl.RaftServerImpl (RaftServerImpl.java:lambda$shutdown$3(245)) - 888905af-e8dc-4c58-95a0-f3d6eb1dcd95: shutdown group-62B8135E7ECF
2019-07-13 17:04:59,903 INFO  segmented.SegmentedRaftLogWorker (SegmentedRaftLogWorker.java:close(228)) - a53df301-d6ac-409d-b1c4-78ab4069e75c-SegmentedRaftLogWorker:Storage Directory /tmp/workdir/hadoop-ozone/integration-test/target/test-dir/MiniOzoneClusterImpl-ac734e81-a551-49a1-a9b5-52ad4610d347/datanode-1/data/ratis/2cded46a-ae0c-4687-92a2-a51c66e4a717 close()
2019-07-13 17:04:59,908 INFO  util.JmxRegister (JmxRegister.java:unregister(73)) - Successfully un-registered JMX Bean with object name Ratis:service=RaftServer,group=group-62B8135E7ECF,id=888905af-e8dc-4c58-95a0-f3d6eb1dcd95
2019-07-13 17:04:59,913 INFO  impl.RaftServerImpl (RaftServerImpl.java:lambda$shutdown$3(245)) - a53df301-d6ac-409d-b1c4-78ab4069e75c: shutdown group-5A858F60BA7A
2019-07-13 17:04:59,913 INFO  impl.RoleInfo (RoleInfo.java:shutdownLeaderState(104)) - 888905af-e8dc-4c58-95a0-f3d6eb1dcd95: shutdown LeaderState
2019-07-13 17:04:59,914 INFO  util.JmxRegister (JmxRegister.java:unregister(73)) - Successfully un-registered JMX Bean with object name Ratis:service=RaftServer,group=group-5A858F60BA7A,id=a53df301-d6ac-409d-b1c4-78ab4069e75c
2019-07-13 17:04:59,915 INFO  impl.RoleInfo (RoleInfo.java:shutdownLeaderState(104)) - a53df301-d6ac-409d-b1c4-78ab4069e75c: shutdown LeaderState
2019-07-13 17:04:59,914 INFO  impl.PendingRequests (PendingRequests.java:sendNotLeaderResponses(202)) - 888905af-e8dc-4c58-95a0-f3d6eb1dcd95-PendingRequests: sendNotLeaderResponses
2019-07-13 17:04:59,915 INFO  impl.PendingRequests (PendingRequests.java:sendNotLeaderResponses(202)) - a53df301-d6ac-409d-b1c4-78ab4069e75c-PendingRequests: sendNotLeaderResponses
2019-07-13 17:04:59,916 INFO  ratis.ContainerStateMachine (ContainerStateMachine.java:takeSnapshot(246)) - Taking snapshot at termIndex:(t:0, i:~)
2019-07-13 17:04:59,916 INFO  impl.StateMachineUpdater (StateMachineUpdater.java:stopAndJoin(115)) - StateMachineUpdater:888905af-e8dc-4c58-95a0-f3d6eb1dcd95:group-62B8135E7ECF: set stopIndex = 0
2019-07-13 17:04:59,916 INFO  ratis.ContainerStateMachine (ContainerStateMachine.java:takeSnapshot(246)) - Taking snapshot at termIndex:(t:0, i:~)
2019-07-13 17:04:59,916 INFO  impl.StateMachineUpdater (StateMachineUpdater.java:stopAndJoin(115)) - StateMachineUpdater:a53df301-d6ac-409d-b1c4-78ab4069e75c:group-5A858F60BA7A: set stopIndex = 0
2019-07-13 17:04:59,917 INFO  impl.RaftServerImpl (ServerState.java:close(394)) - a53df301-d6ac-409d-b1c4-78ab4069e75c:group-5A858F60BA7A closes. The last applied log index is 0
2019-07-13 17:04:59,916 INFO  impl.RaftServerImpl (ServerState.java:close(394)) - 888905af-e8dc-4c58-95a0-f3d6eb1dcd95:group-62B8135E7ECF closes. The last applied log index is 0
2019-07-13 17:04:59,917 INFO  segmented.SegmentedRaftLogWorker (SegmentedRaftLogWorker.java:run(313)) - a53df301-d6ac-409d-b1c4-78ab4069e75c-SegmentedRaftLogWorker:Storage Directory /tmp/workdir/hadoop-ozone/integration-test/target/test-dir/MiniOzoneClusterImpl-ac734e81-a551-49a1-a9b5-52ad4610d347/datanode-1/data/ratis/b312fa2b-a0de-48f4-b210-5a858f60ba7a was interrupted, exiting. There are 0 tasks remaining in the queue.
2019-07-13 17:04:59,918 INFO  segmented.SegmentedRaftLogWorker (SegmentedRaftLogWorker.java:run(313)) - 888905af-e8dc-4c58-95a0-f3d6eb1dcd95-SegmentedRaftLogWorker:Storage Directory /tmp/workdir/hadoop-ozone/integration-test/target/test-dir/MiniOzoneClusterImpl-ac734e81-a551-49a1-a9b5-52ad4610d347/datanode-4/data/ratis/1063f428-956d-4438-84cf-62b8135e7ecf was interrupted, exiting. There are 0 tasks remaining in the queue.
2019-07-13 17:04:59,920 INFO  segmented.SegmentedRaftLogWorker (SegmentedRaftLogWorker.java:close(228)) - a53df301-d6ac-409d-b1c4-78ab4069e75c-SegmentedRaftLogWorker:Storage Directory /tmp/workdir/hadoop-ozone/integration-test/target/test-dir/MiniOzoneClusterImpl-ac734e81-a551-49a1-a9b5-52ad4610d347/datanode-1/data/ratis/b312fa2b-a0de-48f4-b210-5a858f60ba7a close()
2019-07-13 17:04:59,922 INFO  segmented.SegmentedRaftLogWorker (SegmentedRaftLogWorker.java:close(228)) - 888905af-e8dc-4c58-95a0-f3d6eb1dcd95-SegmentedRaftLogWorker:Storage Directory /tmp/workdir/hadoop-ozone/integration-test/target/test-dir/MiniOzoneClusterImpl-ac734e81-a551-49a1-a9b5-52ad4610d347/datanode-4/data/ratis/1063f428-956d-4438-84cf-62b8135e7ecf close()
2019-07-13 17:04:59,927 INFO  server.GrpcService (GrpcService.java:closeImpl(155)) - a53df301-d6ac-409d-b1c4-78ab4069e75c: shutdown server with port 36210 now
2019-07-13 17:04:59,941 INFO  server.GrpcService (GrpcService.java:closeImpl(155)) - 888905af-e8dc-4c58-95a0-f3d6eb1dcd95: shutdown server with port 42487 now
2019-07-13 17:04:59,942 INFO  server.GrpcService (GrpcService.java:closeImpl(163)) - a53df301-d6ac-409d-b1c4-78ab4069e75c: shutdown server with port 36210 successfully
2019-07-13 17:04:59,942 WARN  server.GrpcServerProtocolService (LogUtils.java:warn(134)) - 888905af-e8dc-4c58-95a0-f3d6eb1dcd95: appendEntries onError: org.apache.ratis.thirdparty.io.grpc.StatusRuntimeException: CANCELLED: cancelled before receiving half close
2019-07-13 17:04:59,943 INFO  server.GrpcService (GrpcService.java:closeImpl(163)) - 888905af-e8dc-4c58-95a0-f3d6eb1dcd95: shutdown server with port 42487 successfully
2019-07-13 17:04:59,943 WARN  server.GrpcLogAppender (LogUtils.java:warn(134)) - 7d3a3933-55dd-4605-959f-6101f3de8505->888905af-e8dc-4c58-95a0-f3d6eb1dcd95: Failed appendEntries: org.apache.ratis.thirdparty.io.grpc.StatusRuntimeException: CANCELLED: HTTP/2 error code: CANCEL
Received Rst Stream
2019-07-13 17:04:59,943 INFO  utils.BackgroundService (BackgroundService.java:shutdown(148)) - Shutting down service BlockDeletingService
2019-07-13 17:04:59,946 INFO  impl.FollowerInfo (FollowerInfo.java:lambda$new$0(50)) - 7d3a3933-55dd-4605-959f-6101f3de8505->888905af-e8dc-4c58-95a0-f3d6eb1dcd95: nextIndex: updateUnconditionally 7 -> 6
2019-07-13 17:04:59,949 INFO  utils.BackgroundService (BackgroundService.java:shutdown(148)) - Shutting down service BlockDeletingService
2019-07-13 17:04:59,949 WARN  fs.CachingGetSpaceUsed (CachingGetSpaceUsed.java:run(183)) - Thread Interrupted waiting to refresh disk information: sleep interrupted
2019-07-13 17:04:59,951 WARN  fs.CachingGetSpaceUsed (CachingGetSpaceUsed.java:run(183)) - Thread Interrupted waiting to refresh disk information: sleep interrupted
2019-07-13 17:04:59,978 INFO  statemachine.DatanodeStateMachine (DatanodeStateMachine.java:stopDaemon(395)) - Ozone container server stopped.
2019-07-13 17:04:59,984 INFO  statemachine.DatanodeStateMachine (DatanodeStateMachine.java:stopDaemon(395)) - Ozone container server stopped.
2019-07-13 17:04:59,992 INFO  handler.ContextHandler (ContextHandler.java:doStop(910)) - Stopped o.e.j.w.WebAppContext@df9d400{/,null,UNAVAILABLE}{/hddsDatanode}
2019-07-13 17:04:59,992 INFO  handler.ContextHandler (ContextHandler.java:doStop(910)) - Stopped o.e.j.w.WebAppContext@b5de9ac{/,null,UNAVAILABLE}{/hddsDatanode}
2019-07-13 17:04:59,993 INFO  server.AbstractConnector (AbstractConnector.java:doStop(318)) - Stopped ServerConnector@4ec427{HTTP/1.1,[http/1.1]}{0.0.0.0:0}
2019-07-13 17:04:59,993 INFO  server.AbstractConnector (AbstractConnector.java:doStop(318)) - Stopped ServerConnector@4ecd8ab1{HTTP/1.1,[http/1.1]}{0.0.0.0:0}
2019-07-13 17:04:59,993 INFO  handler.ContextHandler (ContextHandler.java:doStop(910)) - Stopped o.e.j.s.ServletContextHandler@4e8afdad{/static,jar:file:/home/user/.m2/repository/org/apache/hadoop/hadoop-hdds-container-service/0.5.0-SNAPSHOT/hadoop-hdds-container-service-0.5.0-SNAPSHOT.jar!/webapps/static,UNAVAILABLE}
2019-07-13 17:04:59,995 INFO  handler.ContextHandler (ContextHandler.java:doStop(910)) - Stopped o.e.j.s.ServletContextHandler@74707df8{/static,jar:file:/home/user/.m2/repository/org/apache/hadoop/hadoop-hdds-container-service/0.5.0-SNAPSHOT/hadoop-hdds-container-service-0.5.0-SNAPSHOT.jar!/webapps/static,UNAVAILABLE}
2019-07-13 17:04:59,995 INFO  handler.ContextHandler (ContextHandler.java:doStop(910)) - Stopped o.e.j.s.ServletContextHandler@6febec41{/logs,file:///tmp/workdir/hadoop-ozone/integration-test/target/log,UNAVAILABLE}
2019-07-13 17:04:59,997 INFO  handler.ContextHandler (ContextHandler.java:doStop(910)) - Stopped o.e.j.s.ServletContextHandler@65e620b0{/logs,file:///tmp/workdir/hadoop-ozone/integration-test/target/log,UNAVAILABLE}
2019-07-13 17:04:59,998 INFO  datanode.ObjectStoreHandler (ObjectStoreHandler.java:close(155)) - Closing ObjectStoreHandler.
2019-07-13 17:04:59,999 INFO  ozone.HddsDatanodeService (HddsDatanodeService.java:stop(452)) - Stopped plug-in org.apache.hadoop.ozone.web.OzoneHddsDatanodeService@11f3400c
2019-07-13 17:04:59,999 INFO  datanode.ObjectStoreHandler (ObjectStoreHandler.java:close(155)) - Closing ObjectStoreHandler.
2019-07-13 17:05:00,000 INFO  ozone.HddsDatanodeService (HddsDatanodeService.java:stop(452)) - Stopped plug-in org.apache.hadoop.ozone.web.OzoneHddsDatanodeService@2c0dca15
2019-07-13 17:05:00,484 INFO  statemachine.DatanodeStateMachine (DatanodeStateMachine.java:lambda$startDaemon$0(350)) - Ozone container server started.
2019-07-13 17:05:00,768 INFO  statemachine.DatanodeStateMachine (DatanodeStateMachine.java:lambda$startDaemon$0(350)) - Ozone container server started.
2019-07-13 17:05:02,285 WARN  server.GrpcLogAppender (LogUtils.java:warn(134)) - 7d3a3933-55dd-4605-959f-6101f3de8505->888905af-e8dc-4c58-95a0-f3d6eb1dcd95: Failed appendEntries: org.apache.ratis.thirdparty.io.grpc.StatusRuntimeException: UNAVAILABLE: io exception
2019-07-13 17:05:02,289 INFO  impl.FollowerInfo (FollowerInfo.java:lambda$new$0(50)) - 7d3a3933-55dd-4605-959f-6101f3de8505->888905af-e8dc-4c58-95a0-f3d6eb1dcd95: nextIndex: updateUnconditionally 6 -> 5
2019-07-13 17:05:04,101 INFO  impl.FollowerState (FollowerState.java:run(106)) - e4be38e3-c24d-40b4-a019-64b8291a2845:group-A51C66E4A717 changes to CANDIDATE, lastRpcTime:5259, electionTimeout:5173ms
2019-07-13 17:05:04,101 INFO  impl.RoleInfo (RoleInfo.java:shutdownFollowerState(121)) - e4be38e3-c24d-40b4-a019-64b8291a2845: shutdown FollowerState
2019-07-13 17:05:04,101 INFO  impl.RaftServerImpl (RaftServerImpl.java:setRole(171)) - e4be38e3-c24d-40b4-a019-64b8291a2845:group-A51C66E4A717 changes role from FOLLOWER to CANDIDATE at term 1 for changeToCandidate
2019-07-13 17:05:04,101 INFO  impl.RoleInfo (RoleInfo.java:updateAndGet(143)) - e4be38e3-c24d-40b4-a019-64b8291a2845: start LeaderElection
2019-07-13 17:05:04,105 INFO  impl.RaftServerImpl (ServerState.java:setLeader(263)) - e4be38e3-c24d-40b4-a019-64b8291a2845:group-A51C66E4A717 change Leader from a53df301-d6ac-409d-b1c4-78ab4069e75c to null at term 1 for initElection
2019-07-13 17:05:04,132 INFO  impl.LeaderElection (LeaderElection.java:askForVotes(181)) - e4be38e3-c24d-40b4-a019-64b8291a2845:group-A51C66E4A717:LeaderElection24: begin an election at term 2 for 0: [066e5c56-e86d-4d57-bad2-75a941ab96fc:192.168.5.187:41223, e4be38e3-c24d-40b4-a019-64b8291a2845:192.168.5.187:33828, a53df301-d6ac-409d-b1c4-78ab4069e75c:192.168.5.187:36210], old=null
2019-07-13 17:05:04,136 INFO  impl.RaftServerImpl (ServerState.java:setLeader(263)) - 066e5c56-e86d-4d57-bad2-75a941ab96fc:group-A51C66E4A717 change Leader from a53df301-d6ac-409d-b1c4-78ab4069e75c to null at term 2 for updateCurrentTerm
2019-07-13 17:05:04,136 INFO  impl.RaftServerImpl (RaftServerImpl.java:setRole(171)) - 066e5c56-e86d-4d57-bad2-75a941ab96fc:group-A51C66E4A717 changes role from FOLLOWER to FOLLOWER at term 2 for recognizeCandidate:e4be38e3-c24d-40b4-a019-64b8291a2845
2019-07-13 17:05:04,136 INFO  impl.RoleInfo (RoleInfo.java:shutdownFollowerState(121)) - 066e5c56-e86d-4d57-bad2-75a941ab96fc: shutdown FollowerState
2019-07-13 17:05:04,137 INFO  impl.RoleInfo (RoleInfo.java:updateAndGet(143)) - 066e5c56-e86d-4d57-bad2-75a941ab96fc: start FollowerState
2019-07-13 17:05:04,137 INFO  impl.FollowerState (FollowerState.java:run(114)) - 066e5c56-e86d-4d57-bad2-75a941ab96fc: FollowerState was interrupted: java.lang.InterruptedException: sleep interrupted
2019-07-13 17:05:04,143 INFO  impl.LeaderElection (LogUtils.java:infoOrTrace(149)) - e4be38e3-c24d-40b4-a019-64b8291a2845:group-A51C66E4A717:LeaderElection24 got exception when requesting votes: {}
java.util.concurrent.ExecutionException: org.apache.ratis.thirdparty.io.grpc.StatusRuntimeException: UNAVAILABLE: io exception
	at java.util.concurrent.FutureTask.report(FutureTask.java:122)
	at java.util.concurrent.FutureTask.get(FutureTask.java:192)
	at org.apache.ratis.server.impl.LeaderElection.waitForResults(LeaderElection.java:262)
	at org.apache.ratis.server.impl.LeaderElection.askForVotes(LeaderElection.java:200)
	at org.apache.ratis.server.impl.LeaderElection.run(LeaderElection.java:130)
	at java.lang.Thread.run(Thread.java:748)
Caused by: org.apache.ratis.thirdparty.io.grpc.StatusRuntimeException: UNAVAILABLE: io exception
	at org.apache.ratis.thirdparty.io.grpc.stub.ClientCalls.toStatusRuntimeException(ClientCalls.java:233)
	at org.apache.ratis.thirdparty.io.grpc.stub.ClientCalls.getUnchecked(ClientCalls.java:214)
	at org.apache.ratis.thirdparty.io.grpc.stub.ClientCalls.blockingUnaryCall(ClientCalls.java:139)
	at org.apache.ratis.proto.grpc.RaftServerProtocolServiceGrpc$RaftServerProtocolServiceBlockingStub.requestVote(RaftServerProtocolServiceGrpc.java:265)
	at org.apache.ratis.grpc.server.GrpcServerProtocolClient.requestVote(GrpcServerProtocolClient.java:83)
	at org.apache.ratis.grpc.server.GrpcService.requestVote(GrpcService.java:195)
	at org.apache.ratis.server.impl.LeaderElection.lambda$submitRequests$1(LeaderElection.java:237)
	at java.util.concurrent.FutureTask.run(FutureTask.java:266)
	at java.util.concurrent.Executors$RunnableAdapter.call(Executors.java:511)
	at java.util.concurrent.FutureTask.run(FutureTask.java:266)
	at java.util.concurrent.ThreadPoolExecutor.runWorker(ThreadPoolExecutor.java:1149)
	at java.util.concurrent.ThreadPoolExecutor$Worker.run(ThreadPoolExecutor.java:624)
	... 1 more
Caused by: org.apache.ratis.thirdparty.io.netty.channel.AbstractChannel$AnnotatedConnectException: Connection refused: /192.168.5.187:36210
	at sun.nio.ch.SocketChannelImpl.checkConnect(Native Method)
	at sun.nio.ch.SocketChannelImpl.finishConnect(SocketChannelImpl.java:717)
	at org.apache.ratis.thirdparty.io.netty.channel.socket.nio.NioSocketChannel.doFinishConnect(NioSocketChannel.java:327)
	at org.apache.ratis.thirdparty.io.netty.channel.nio.AbstractNioChannel$AbstractNioUnsafe.finishConnect(AbstractNioChannel.java:340)
	at org.apache.ratis.thirdparty.io.netty.channel.nio.NioEventLoop.processSelectedKey(NioEventLoop.java:632)
	at org.apache.ratis.thirdparty.io.netty.channel.nio.NioEventLoop.processSelectedKeysOptimized(NioEventLoop.java:579)
	at org.apache.ratis.thirdparty.io.netty.channel.nio.NioEventLoop.processSelectedKeys(NioEventLoop.java:496)
	at org.apache.ratis.thirdparty.io.netty.channel.nio.NioEventLoop.run(NioEventLoop.java:458)
	at org.apache.ratis.thirdparty.io.netty.util.concurrent.SingleThreadEventExecutor$5.run(SingleThreadEventExecutor.java:897)
	at org.apache.ratis.thirdparty.io.netty.util.concurrent.FastThreadLocalRunnable.run(FastThreadLocalRunnable.java:30)
	... 1 more
Caused by: java.net.ConnectException: Connection refused
	... 11 more
2019-07-13 17:05:04,157 INFO  impl.LeaderElection (LeaderElection.java:logAndReturn(56)) - e4be38e3-c24d-40b4-a019-64b8291a2845:group-A51C66E4A717:LeaderElection24: Election PASSED; received 1 response(s) [e4be38e3-c24d-40b4-a019-64b8291a2845<-066e5c56-e86d-4d57-bad2-75a941ab96fc#0:OK-t2] and 1 exception(s); e4be38e3-c24d-40b4-a019-64b8291a2845:t2, leader=null, voted=e4be38e3-c24d-40b4-a019-64b8291a2845, raftlog=e4be38e3-c24d-40b4-a019-64b8291a2845-SegmentedRaftLog:OPENED:c0,f0,i0, conf=0: [066e5c56-e86d-4d57-bad2-75a941ab96fc:192.168.5.187:41223, e4be38e3-c24d-40b4-a019-64b8291a2845:192.168.5.187:33828, a53df301-d6ac-409d-b1c4-78ab4069e75c:192.168.5.187:36210], old=null
2019-07-13 17:05:04,158 INFO  impl.LeaderElection (LogUtils.java:infoOrTrace(149)) -   Exception 0: {}
java.util.concurrent.ExecutionException: org.apache.ratis.thirdparty.io.grpc.StatusRuntimeException: UNAVAILABLE: io exception
	at java.util.concurrent.FutureTask.report(FutureTask.java:122)
	at java.util.concurrent.FutureTask.get(FutureTask.java:192)
	at org.apache.ratis.server.impl.LeaderElection.waitForResults(LeaderElection.java:262)
	at org.apache.ratis.server.impl.LeaderElection.askForVotes(LeaderElection.java:200)
	at org.apache.ratis.server.impl.LeaderElection.run(LeaderElection.java:130)
	at java.lang.Thread.run(Thread.java:748)
Caused by: org.apache.ratis.thirdparty.io.grpc.StatusRuntimeException: UNAVAILABLE: io exception
	at org.apache.ratis.thirdparty.io.grpc.stub.ClientCalls.toStatusRuntimeException(ClientCalls.java:233)
	at org.apache.ratis.thirdparty.io.grpc.stub.ClientCalls.getUnchecked(ClientCalls.java:214)
	at org.apache.ratis.thirdparty.io.grpc.stub.ClientCalls.blockingUnaryCall(ClientCalls.java:139)
	at org.apache.ratis.proto.grpc.RaftServerProtocolServiceGrpc$RaftServerProtocolServiceBlockingStub.requestVote(RaftServerProtocolServiceGrpc.java:265)
	at org.apache.ratis.grpc.server.GrpcServerProtocolClient.requestVote(GrpcServerProtocolClient.java:83)
	at org.apache.ratis.grpc.server.GrpcService.requestVote(GrpcService.java:195)
	at org.apache.ratis.server.impl.LeaderElection.lambda$submitRequests$1(LeaderElection.java:237)
	at java.util.concurrent.FutureTask.run(FutureTask.java:266)
	at java.util.concurrent.Executors$RunnableAdapter.call(Executors.java:511)
	at java.util.concurrent.FutureTask.run(FutureTask.java:266)
	at java.util.concurrent.ThreadPoolExecutor.runWorker(ThreadPoolExecutor.java:1149)
	at java.util.concurrent.ThreadPoolExecutor$Worker.run(ThreadPoolExecutor.java:624)
	... 1 more
Caused by: org.apache.ratis.thirdparty.io.netty.channel.AbstractChannel$AnnotatedConnectException: Connection refused: /192.168.5.187:36210
	at sun.nio.ch.SocketChannelImpl.checkConnect(Native Method)
	at sun.nio.ch.SocketChannelImpl.finishConnect(SocketChannelImpl.java:717)
	at org.apache.ratis.thirdparty.io.netty.channel.socket.nio.NioSocketChannel.doFinishConnect(NioSocketChannel.java:327)
	at org.apache.ratis.thirdparty.io.netty.channel.nio.AbstractNioChannel$AbstractNioUnsafe.finishConnect(AbstractNioChannel.java:340)
	at org.apache.ratis.thirdparty.io.netty.channel.nio.NioEventLoop.processSelectedKey(NioEventLoop.java:632)
	at org.apache.ratis.thirdparty.io.netty.channel.nio.NioEventLoop.processSelectedKeysOptimized(NioEventLoop.java:579)
	at org.apache.ratis.thirdparty.io.netty.channel.nio.NioEventLoop.processSelectedKeys(NioEventLoop.java:496)
	at org.apache.ratis.thirdparty.io.netty.channel.nio.NioEventLoop.run(NioEventLoop.java:458)
	at org.apache.ratis.thirdparty.io.netty.util.concurrent.SingleThreadEventExecutor$5.run(SingleThreadEventExecutor.java:897)
	at org.apache.ratis.thirdparty.io.netty.util.concurrent.FastThreadLocalRunnable.run(FastThreadLocalRunnable.java:30)
	... 1 more
Caused by: java.net.ConnectException: Connection refused
	... 11 more
2019-07-13 17:05:04,158 INFO  impl.RoleInfo (RoleInfo.java:shutdownLeaderElection(134)) - e4be38e3-c24d-40b4-a019-64b8291a2845: shutdown LeaderElection
2019-07-13 17:05:04,158 INFO  impl.RaftServerImpl (RaftServerImpl.java:setRole(171)) - e4be38e3-c24d-40b4-a019-64b8291a2845:group-A51C66E4A717 changes role from CANDIDATE to LEADER at term 2 for changeToLeader
2019-07-13 17:05:04,159 INFO  impl.RaftServerImpl (ServerState.java:setLeader(263)) - e4be38e3-c24d-40b4-a019-64b8291a2845:group-A51C66E4A717 change Leader from null to e4be38e3-c24d-40b4-a019-64b8291a2845 at term 2 for becomeLeader, leader elected after 53ms
2019-07-13 17:05:04,159 INFO  server.RaftServerConfigKeys (ConfUtils.java:logGet(43)) - raft.server.staging.catchup.gap = 1000 (default)
2019-07-13 17:05:04,159 INFO  server.RaftServerConfigKeys (ConfUtils.java:logGet(43)) - raft.server.rpc.sleep.time = 25ms (default)
2019-07-13 17:05:04,159 INFO  server.RaftServerConfigKeys (ConfUtils.java:logGet(43)) - raft.server.write.element-limit = 4096 (default)
2019-07-13 17:05:04,159 INFO  server.RaftServerConfigKeys (ConfUtils.java:logGet(43)) - raft.server.watch.timeout = 10s (default)
2019-07-13 17:05:04,159 INFO  server.RaftServerConfigKeys (ConfUtils.java:logGet(43)) - raft.server.watch.timeout.denomination = 1s (default)
2019-07-13 17:05:04,160 INFO  server.RaftServerConfigKeys (ConfUtils.java:logGet(43)) - raft.server.watch.element-limit = 65536 (default)
2019-07-13 17:05:04,160 INFO  server.RaftServerConfigKeys (ConfUtils.java:logGet(43)) - raft.server.log.appender.snapshot.chunk.size.max = 16MB (=16777216) (default)
2019-07-13 17:05:04,160 INFO  server.RaftServerConfigKeys (ConfUtils.java:logGet(43)) - raft.server.log.appender.buffer.byte-limit = 33554432 (custom)
2019-07-13 17:05:04,160 INFO  server.RaftServerConfigKeys (ConfUtils.java:logGet(43)) - raft.server.log.appender.buffer.element-limit = 1 (custom)
2019-07-13 17:05:04,161 INFO  grpc.GrpcConfigKeys$Server (ConfUtils.java:logGet(43)) - raft.grpc.server.leader.outstanding.appends.max = 128 (default)
2019-07-13 17:05:04,161 INFO  server.RaftServerConfigKeys (ConfUtils.java:logGet(43)) - raft.server.rpc.request.timeout = 3000ms (default)
2019-07-13 17:05:04,161 INFO  server.RaftServerConfigKeys (ConfUtils.java:logGet(43)) - raft.server.log.appender.install.snapshot.enabled = false (custom)
2019-07-13 17:05:04,161 INFO  server.RaftServerConfigKeys (ConfUtils.java:logGet(43)) - raft.server.log.appender.snapshot.chunk.size.max = 16MB (=16777216) (default)
2019-07-13 17:05:04,161 INFO  server.RaftServerConfigKeys (ConfUtils.java:logGet(43)) - raft.server.log.appender.buffer.byte-limit = 33554432 (custom)
2019-07-13 17:05:04,161 INFO  server.RaftServerConfigKeys (ConfUtils.java:logGet(43)) - raft.server.log.appender.buffer.element-limit = 1 (custom)
2019-07-13 17:05:04,162 INFO  grpc.GrpcConfigKeys$Server (ConfUtils.java:logGet(43)) - raft.grpc.server.leader.outstanding.appends.max = 128 (default)
2019-07-13 17:05:04,162 INFO  server.RaftServerConfigKeys (ConfUtils.java:logGet(43)) - raft.server.rpc.request.timeout = 3000ms (default)
2019-07-13 17:05:04,162 INFO  server.RaftServerConfigKeys (ConfUtils.java:logGet(43)) - raft.server.log.appender.install.snapshot.enabled = false (custom)
2019-07-13 17:05:04,162 INFO  impl.RoleInfo (RoleInfo.java:updateAndGet(143)) - e4be38e3-c24d-40b4-a019-64b8291a2845: start LeaderState
2019-07-13 17:05:04,163 INFO  segmented.SegmentedRaftLogWorker (SegmentedRaftLogWorker.java:rollLogSegment(385)) - e4be38e3-c24d-40b4-a019-64b8291a2845-SegmentedRaftLogWorker:Storage Directory /tmp/workdir/hadoop-ozone/integration-test/target/test-dir/MiniOzoneClusterImpl-ac734e81-a551-49a1-a9b5-52ad4610d347/datanode-2/data/ratis/2cded46a-ae0c-4687-92a2-a51c66e4a717: Rolling segment log-0_0 to index:0
2019-07-13 17:05:04,165 INFO  impl.RaftServerImpl (ServerState.java:setRaftConf(361)) - e4be38e3-c24d-40b4-a019-64b8291a2845:group-A51C66E4A717 set configuration 1: [066e5c56-e86d-4d57-bad2-75a941ab96fc:192.168.5.187:41223, e4be38e3-c24d-40b4-a019-64b8291a2845:192.168.5.187:33828, a53df301-d6ac-409d-b1c4-78ab4069e75c:192.168.5.187:36210], old=null at 1
2019-07-13 17:05:04,166 WARN  server.GrpcLogAppender (LogUtils.java:warn(134)) - e4be38e3-c24d-40b4-a019-64b8291a2845->a53df301-d6ac-409d-b1c4-78ab4069e75c: Failed appendEntries: org.apache.ratis.thirdparty.io.grpc.StatusRuntimeException: UNAVAILABLE: io exception
2019-07-13 17:05:04,171 INFO  impl.FollowerInfo (FollowerInfo.java:lambda$new$0(50)) - e4be38e3-c24d-40b4-a019-64b8291a2845->a53df301-d6ac-409d-b1c4-78ab4069e75c: nextIndex: updateUnconditionally 1 -> 0
2019-07-13 17:05:04,171 INFO  segmented.SegmentedRaftLogWorker (SegmentedRaftLogWorker.java:execute(526)) - e4be38e3-c24d-40b4-a019-64b8291a2845-SegmentedRaftLogWorker:Storage Directory /tmp/workdir/hadoop-ozone/integration-test/target/test-dir/MiniOzoneClusterImpl-ac734e81-a551-49a1-a9b5-52ad4610d347/datanode-2/data/ratis/2cded46a-ae0c-4687-92a2-a51c66e4a717: Rolled log segment from /tmp/workdir/hadoop-ozone/integration-test/target/test-dir/MiniOzoneClusterImpl-ac734e81-a551-49a1-a9b5-52ad4610d347/datanode-2/data/ratis/2cded46a-ae0c-4687-92a2-a51c66e4a717/current/log_inprogress_0 to /tmp/workdir/hadoop-ozone/integration-test/target/test-dir/MiniOzoneClusterImpl-ac734e81-a551-49a1-a9b5-52ad4610d347/datanode-2/data/ratis/2cded46a-ae0c-4687-92a2-a51c66e4a717/current/log_0-0
2019-07-13 17:05:04,171 INFO  impl.RaftServerImpl (ServerState.java:setLeader(263)) - 066e5c56-e86d-4d57-bad2-75a941ab96fc:group-A51C66E4A717 change Leader from null to e4be38e3-c24d-40b4-a019-64b8291a2845 at term 2 for appendEntries, leader elected after 35ms
2019-07-13 17:05:04,175 INFO  impl.RaftServerImpl (ServerState.java:setRaftConf(361)) - 066e5c56-e86d-4d57-bad2-75a941ab96fc:group-A51C66E4A717 set configuration 1: [066e5c56-e86d-4d57-bad2-75a941ab96fc:192.168.5.187:41223, e4be38e3-c24d-40b4-a019-64b8291a2845:192.168.5.187:33828, a53df301-d6ac-409d-b1c4-78ab4069e75c:192.168.5.187:36210], old=null at 1
2019-07-13 17:05:04,175 INFO  segmented.SegmentedRaftLogWorker (SegmentedRaftLogWorker.java:rollLogSegment(385)) - 066e5c56-e86d-4d57-bad2-75a941ab96fc-SegmentedRaftLogWorker:Storage Directory /tmp/workdir/hadoop-ozone/integration-test/target/test-dir/MiniOzoneClusterImpl-ac734e81-a551-49a1-a9b5-52ad4610d347/datanode-0/data/ratis/2cded46a-ae0c-4687-92a2-a51c66e4a717: Rolling segment log-0_0 to index:0
2019-07-13 17:05:04,176 INFO  segmented.SegmentedRaftLogWorker (SegmentedRaftLogWorker.java:execute(526)) - 066e5c56-e86d-4d57-bad2-75a941ab96fc-SegmentedRaftLogWorker:Storage Directory /tmp/workdir/hadoop-ozone/integration-test/target/test-dir/MiniOzoneClusterImpl-ac734e81-a551-49a1-a9b5-52ad4610d347/datanode-0/data/ratis/2cded46a-ae0c-4687-92a2-a51c66e4a717: Rolled log segment from /tmp/workdir/hadoop-ozone/integration-test/target/test-dir/MiniOzoneClusterImpl-ac734e81-a551-49a1-a9b5-52ad4610d347/datanode-0/data/ratis/2cded46a-ae0c-4687-92a2-a51c66e4a717/current/log_inprogress_0 to /tmp/workdir/hadoop-ozone/integration-test/target/test-dir/MiniOzoneClusterImpl-ac734e81-a551-49a1-a9b5-52ad4610d347/datanode-0/data/ratis/2cded46a-ae0c-4687-92a2-a51c66e4a717/current/log_0-0
2019-07-13 17:05:04,203 INFO  segmented.SegmentedRaftLogWorker (SegmentedRaftLogWorker.java:execute(569)) - e4be38e3-c24d-40b4-a019-64b8291a2845-SegmentedRaftLogWorker:Storage Directory /tmp/workdir/hadoop-ozone/integration-test/target/test-dir/MiniOzoneClusterImpl-ac734e81-a551-49a1-a9b5-52ad4610d347/datanode-2/data/ratis/2cded46a-ae0c-4687-92a2-a51c66e4a717: created new log segment /tmp/workdir/hadoop-ozone/integration-test/target/test-dir/MiniOzoneClusterImpl-ac734e81-a551-49a1-a9b5-52ad4610d347/datanode-2/data/ratis/2cded46a-ae0c-4687-92a2-a51c66e4a717/current/log_inprogress_1
2019-07-13 17:05:04,203 INFO  segmented.SegmentedRaftLogWorker (SegmentedRaftLogWorker.java:execute(569)) - 066e5c56-e86d-4d57-bad2-75a941ab96fc-SegmentedRaftLogWorker:Storage Directory /tmp/workdir/hadoop-ozone/integration-test/target/test-dir/MiniOzoneClusterImpl-ac734e81-a551-49a1-a9b5-52ad4610d347/datanode-0/data/ratis/2cded46a-ae0c-4687-92a2-a51c66e4a717: created new log segment /tmp/workdir/hadoop-ozone/integration-test/target/test-dir/MiniOzoneClusterImpl-ac734e81-a551-49a1-a9b5-52ad4610d347/datanode-0/data/ratis/2cded46a-ae0c-4687-92a2-a51c66e4a717/current/log_inprogress_1
2019-07-13 17:05:04,221 WARN  server.GrpcLogAppender (LogUtils.java:warn(134)) - e4be38e3-c24d-40b4-a019-64b8291a2845->a53df301-d6ac-409d-b1c4-78ab4069e75c: Failed appendEntries: org.apache.ratis.thirdparty.io.grpc.StatusRuntimeException: UNAVAILABLE: io exception
2019-07-13 17:05:04,224 INFO  impl.FollowerInfo (FollowerInfo.java:lambda$new$0(50)) - e4be38e3-c24d-40b4-a019-64b8291a2845->a53df301-d6ac-409d-b1c4-78ab4069e75c: nextIndex: updateUnconditionally 1 -> 0
2019-07-13 17:05:04,235 WARN  server.GrpcLogAppender (LogUtils.java:warn(134)) - e4be38e3-c24d-40b4-a019-64b8291a2845->a53df301-d6ac-409d-b1c4-78ab4069e75c: Failed appendEntries: org.apache.ratis.thirdparty.io.grpc.StatusRuntimeException: UNAVAILABLE: io exception
2019-07-13 17:05:04,238 INFO  impl.FollowerInfo (FollowerInfo.java:lambda$new$0(50)) - e4be38e3-c24d-40b4-a019-64b8291a2845->a53df301-d6ac-409d-b1c4-78ab4069e75c: nextIndex: updateUnconditionally 1 -> 0
2019-07-13 17:05:04,785 WARN  server.GrpcLogAppender (LogUtils.java:warn(134)) - 7d3a3933-55dd-4605-959f-6101f3de8505->888905af-e8dc-4c58-95a0-f3d6eb1dcd95: Failed appendEntries: org.apache.ratis.thirdparty.io.grpc.StatusRuntimeException: UNAVAILABLE: io exception
2019-07-13 17:05:04,788 INFO  impl.FollowerInfo (FollowerInfo.java:lambda$new$0(50)) - 7d3a3933-55dd-4605-959f-6101f3de8505->888905af-e8dc-4c58-95a0-f3d6eb1dcd95: nextIndex: updateUnconditionally 5 -> 4
2019-07-13 17:05:05,000 INFO  ozoneimpl.OzoneContainer (OzoneContainer.java:stop(199)) - Attempting to stop container services.
2019-07-13 17:05:05,000 INFO  impl.RaftServerProxy (RaftServerProxy.java:lambda$close$4(314)) - 4e2fa81c-d097-4f4c-b043-23c1a417a170: close
2019-07-13 17:05:05,001 INFO  ozoneimpl.OzoneContainer (OzoneContainer.java:stop(199)) - Attempting to stop container services.
2019-07-13 17:05:05,001 INFO  impl.RaftServerImpl (RaftServerImpl.java:lambda$shutdown$3(245)) - 4e2fa81c-d097-4f4c-b043-23c1a417a170: shutdown group-4784B36BE1DC
2019-07-13 17:05:05,001 INFO  impl.RaftServerProxy (RaftServerProxy.java:lambda$close$4(314)) - e4be38e3-c24d-40b4-a019-64b8291a2845: close
2019-07-13 17:05:05,002 INFO  util.JmxRegister (JmxRegister.java:unregister(73)) - Successfully un-registered JMX Bean with object name Ratis:service=RaftServer,group=group-4784B36BE1DC,id=4e2fa81c-d097-4f4c-b043-23c1a417a170
2019-07-13 17:05:05,002 INFO  impl.RaftServerImpl (RaftServerImpl.java:lambda$shutdown$3(245)) - e4be38e3-c24d-40b4-a019-64b8291a2845: shutdown group-518A21D8F527
2019-07-13 17:05:05,002 INFO  impl.RoleInfo (RoleInfo.java:shutdownFollowerState(121)) - 4e2fa81c-d097-4f4c-b043-23c1a417a170: shutdown FollowerState
2019-07-13 17:05:05,003 INFO  util.JmxRegister (JmxRegister.java:unregister(73)) - Successfully un-registered JMX Bean with object name Ratis:service=RaftServer,group=group-518A21D8F527,id=e4be38e3-c24d-40b4-a019-64b8291a2845
2019-07-13 17:05:05,003 INFO  impl.FollowerState (FollowerState.java:run(114)) - 4e2fa81c-d097-4f4c-b043-23c1a417a170: FollowerState was interrupted: java.lang.InterruptedException: sleep interrupted
2019-07-13 17:05:05,003 INFO  ratis.ContainerStateMachine (ContainerStateMachine.java:takeSnapshot(246)) - Taking snapshot at termIndex:(t:1, i:4)
2019-07-13 17:05:05,006 INFO  ratis.ContainerStateMachine (ContainerStateMachine.java:takeSnapshot(250)) - Taking a snapshot to file /tmp/workdir/hadoop-ozone/integration-test/target/test-dir/MiniOzoneClusterImpl-ac734e81-a551-49a1-a9b5-52ad4610d347/datanode-3/data/ratis/df02968a-2395-4a08-bb64-4784b36be1dc/sm/snapshot.1_4
2019-07-13 17:05:05,003 INFO  impl.StateMachineUpdater (StateMachineUpdater.java:stopAndJoin(115)) - StateMachineUpdater:4e2fa81c-d097-4f4c-b043-23c1a417a170:group-4784B36BE1DC: set stopIndex = 6
2019-07-13 17:05:05,007 INFO  impl.StateMachineUpdater (StateMachineUpdater.java:takeSnapshot(242)) - StateMachineUpdater:4e2fa81c-d097-4f4c-b043-23c1a417a170:group-4784B36BE1DC: Took a snapshot at index 4
2019-07-13 17:05:05,007 INFO  impl.StateMachineUpdater (StateMachineUpdater.java:lambda$new$0(80)) - StateMachineUpdater:4e2fa81c-d097-4f4c-b043-23c1a417a170:group-4784B36BE1DC: snapshotIndex: updateIncreasingly -1 -> 4
2019-07-13 17:05:05,003 INFO  impl.RoleInfo (RoleInfo.java:shutdownLeaderState(104)) - e4be38e3-c24d-40b4-a019-64b8291a2845: shutdown LeaderState
2019-07-13 17:05:05,008 INFO  impl.RaftServerImpl (ServerState.java:close(394)) - 4e2fa81c-d097-4f4c-b043-23c1a417a170:group-4784B36BE1DC closes. The last applied log index is 6
2019-07-13 17:05:05,008 INFO  impl.PendingRequests (PendingRequests.java:sendNotLeaderResponses(202)) - e4be38e3-c24d-40b4-a019-64b8291a2845-PendingRequests: sendNotLeaderResponses
2019-07-13 17:05:05,008 INFO  segmented.SegmentedRaftLogWorker (SegmentedRaftLogWorker.java:run(313)) - 4e2fa81c-d097-4f4c-b043-23c1a417a170-SegmentedRaftLogWorker:Storage Directory /tmp/workdir/hadoop-ozone/integration-test/target/test-dir/MiniOzoneClusterImpl-ac734e81-a551-49a1-a9b5-52ad4610d347/datanode-3/data/ratis/df02968a-2395-4a08-bb64-4784b36be1dc was interrupted, exiting. There are 0 tasks remaining in the queue.
2019-07-13 17:05:05,009 INFO  impl.StateMachineUpdater (StateMachineUpdater.java:stopAndJoin(115)) - StateMachineUpdater:e4be38e3-c24d-40b4-a019-64b8291a2845:group-518A21D8F527: set stopIndex = 0
2019-07-13 17:05:05,009 INFO  ratis.ContainerStateMachine (ContainerStateMachine.java:takeSnapshot(246)) - Taking snapshot at termIndex:(t:0, i:~)
2019-07-13 17:05:05,011 INFO  segmented.SegmentedRaftLogWorker (SegmentedRaftLogWorker.java:close(228)) - 4e2fa81c-d097-4f4c-b043-23c1a417a170-SegmentedRaftLogWorker:Storage Directory /tmp/workdir/hadoop-ozone/integration-test/target/test-dir/MiniOzoneClusterImpl-ac734e81-a551-49a1-a9b5-52ad4610d347/datanode-3/data/ratis/df02968a-2395-4a08-bb64-4784b36be1dc close()
2019-07-13 17:05:05,011 INFO  impl.RaftServerImpl (ServerState.java:close(394)) - e4be38e3-c24d-40b4-a019-64b8291a2845:group-518A21D8F527 closes. The last applied log index is 0
2019-07-13 17:05:05,014 INFO  impl.RaftServerImpl (RaftServerImpl.java:lambda$shutdown$3(245)) - 4e2fa81c-d097-4f4c-b043-23c1a417a170: shutdown group-D8DDD4E8807A
2019-07-13 17:05:05,014 INFO  segmented.SegmentedRaftLogWorker (SegmentedRaftLogWorker.java:run(313)) - e4be38e3-c24d-40b4-a019-64b8291a2845-SegmentedRaftLogWorker:Storage Directory /tmp/workdir/hadoop-ozone/integration-test/target/test-dir/MiniOzoneClusterImpl-ac734e81-a551-49a1-a9b5-52ad4610d347/datanode-2/data/ratis/8a91b5c9-c217-4515-802f-518a21d8f527 was interrupted, exiting. There are 0 tasks remaining in the queue.
2019-07-13 17:05:05,015 INFO  util.JmxRegister (JmxRegister.java:unregister(73)) - Successfully un-registered JMX Bean with object name Ratis:service=RaftServer,group=group-D8DDD4E8807A,id=4e2fa81c-d097-4f4c-b043-23c1a417a170
2019-07-13 17:05:05,017 INFO  segmented.SegmentedRaftLogWorker (SegmentedRaftLogWorker.java:close(228)) - e4be38e3-c24d-40b4-a019-64b8291a2845-SegmentedRaftLogWorker:Storage Directory /tmp/workdir/hadoop-ozone/integration-test/target/test-dir/MiniOzoneClusterImpl-ac734e81-a551-49a1-a9b5-52ad4610d347/datanode-2/data/ratis/8a91b5c9-c217-4515-802f-518a21d8f527 close()
2019-07-13 17:05:05,017 INFO  impl.RoleInfo (RoleInfo.java:shutdownLeaderState(104)) - 4e2fa81c-d097-4f4c-b043-23c1a417a170: shutdown LeaderState
2019-07-13 17:05:05,019 INFO  impl.RaftServerImpl (RaftServerImpl.java:lambda$shutdown$3(245)) - e4be38e3-c24d-40b4-a019-64b8291a2845: shutdown group-A51C66E4A717
2019-07-13 17:05:05,019 INFO  impl.PendingRequests (PendingRequests.java:sendNotLeaderResponses(202)) - 4e2fa81c-d097-4f4c-b043-23c1a417a170-PendingRequests: sendNotLeaderResponses
2019-07-13 17:05:05,020 INFO  util.JmxRegister (JmxRegister.java:unregister(73)) - Successfully un-registered JMX Bean with object name Ratis:service=RaftServer,group=group-A51C66E4A717,id=e4be38e3-c24d-40b4-a019-64b8291a2845
2019-07-13 17:05:05,020 INFO  ratis.ContainerStateMachine (ContainerStateMachine.java:takeSnapshot(246)) - Taking snapshot at termIndex:(t:0, i:~)
2019-07-13 17:05:05,020 INFO  impl.StateMachineUpdater (StateMachineUpdater.java:stopAndJoin(115)) - StateMachineUpdater:4e2fa81c-d097-4f4c-b043-23c1a417a170:group-D8DDD4E8807A: set stopIndex = 0
2019-07-13 17:05:05,021 INFO  impl.RaftServerImpl (ServerState.java:close(394)) - 4e2fa81c-d097-4f4c-b043-23c1a417a170:group-D8DDD4E8807A closes. The last applied log index is 0
2019-07-13 17:05:05,020 INFO  impl.RoleInfo (RoleInfo.java:shutdownLeaderState(104)) - e4be38e3-c24d-40b4-a019-64b8291a2845: shutdown LeaderState
2019-07-13 17:05:05,022 INFO  segmented.SegmentedRaftLogWorker (SegmentedRaftLogWorker.java:run(313)) - 4e2fa81c-d097-4f4c-b043-23c1a417a170-SegmentedRaftLogWorker:Storage Directory /tmp/workdir/hadoop-ozone/integration-test/target/test-dir/MiniOzoneClusterImpl-ac734e81-a551-49a1-a9b5-52ad4610d347/datanode-3/data/ratis/b86192d8-13bd-4df4-9088-d8ddd4e8807a was interrupted, exiting. There are 0 tasks remaining in the queue.
2019-07-13 17:05:05,025 INFO  impl.PendingRequests (PendingRequests.java:sendNotLeaderResponses(202)) - e4be38e3-c24d-40b4-a019-64b8291a2845-PendingRequests: sendNotLeaderResponses
2019-07-13 17:05:05,027 INFO  segmented.SegmentedRaftLogWorker (SegmentedRaftLogWorker.java:close(228)) - 4e2fa81c-d097-4f4c-b043-23c1a417a170-SegmentedRaftLogWorker:Storage Directory /tmp/workdir/hadoop-ozone/integration-test/target/test-dir/MiniOzoneClusterImpl-ac734e81-a551-49a1-a9b5-52ad4610d347/datanode-3/data/ratis/b86192d8-13bd-4df4-9088-d8ddd4e8807a close()
2019-07-13 17:05:05,025 WARN  server.GrpcLogAppender (GrpcLogAppender.java:mayWait(143)) - GrpcLogAppender(e4be38e3-c24d-40b4-a019-64b8291a2845->a53df301-d6ac-409d-b1c4-78ab4069e75c): Wait interrupted by java.lang.InterruptedException
2019-07-13 17:05:05,027 WARN  server.GrpcLogAppender (GrpcLogAppender.java:mayWait(143)) - GrpcLogAppender(e4be38e3-c24d-40b4-a019-64b8291a2845->066e5c56-e86d-4d57-bad2-75a941ab96fc): Wait interrupted by java.lang.InterruptedException
2019-07-13 17:05:05,033 INFO  server.GrpcService (GrpcService.java:closeImpl(155)) - 4e2fa81c-d097-4f4c-b043-23c1a417a170: shutdown server with port 33667 now
2019-07-13 17:05:05,031 INFO  ratis.ContainerStateMachine (ContainerStateMachine.java:takeSnapshot(246)) - Taking snapshot at termIndex:(t:0, i:~)
2019-07-13 17:05:05,031 INFO  impl.StateMachineUpdater (StateMachineUpdater.java:stopAndJoin(115)) - StateMachineUpdater:e4be38e3-c24d-40b4-a019-64b8291a2845:group-A51C66E4A717: set stopIndex = 2
2019-07-13 17:05:05,034 INFO  server.GrpcServerProtocolService (GrpcServerProtocolService.java:onCompleted(104)) - 066e5c56-e86d-4d57-bad2-75a941ab96fc: appendEntries completed
2019-07-13 17:05:05,034 WARN  server.GrpcServerProtocolService (LogUtils.java:warn(134)) - 4e2fa81c-d097-4f4c-b043-23c1a417a170: appendEntries onError: org.apache.ratis.thirdparty.io.grpc.StatusRuntimeException: CANCELLED: cancelled before receiving half close
2019-07-13 17:05:05,035 INFO  server.GrpcService (GrpcService.java:closeImpl(163)) - 4e2fa81c-d097-4f4c-b043-23c1a417a170: shutdown server with port 33667 successfully
2019-07-13 17:05:05,034 INFO  impl.RaftServerImpl (ServerState.java:close(394)) - e4be38e3-c24d-40b4-a019-64b8291a2845:group-A51C66E4A717 closes. The last applied log index is 2
2019-07-13 17:05:05,035 INFO  server.GrpcLogAppender (GrpcLogAppender.java:onCompleted(292)) - e4be38e3-c24d-40b4-a019-64b8291a2845->066e5c56-e86d-4d57-bad2-75a941ab96fc: follower responses appendEntries COMPLETED
2019-07-13 17:05:05,035 WARN  server.GrpcLogAppender (LogUtils.java:warn(134)) - 7d3a3933-55dd-4605-959f-6101f3de8505->4e2fa81c-d097-4f4c-b043-23c1a417a170: Failed appendEntries: org.apache.ratis.thirdparty.io.grpc.StatusRuntimeException: CANCELLED: HTTP/2 error code: CANCEL
Received Rst Stream
2019-07-13 17:05:05,038 INFO  impl.FollowerInfo (FollowerInfo.java:lambda$new$0(50)) - e4be38e3-c24d-40b4-a019-64b8291a2845->066e5c56-e86d-4d57-bad2-75a941ab96fc: nextIndex: updateUnconditionally 3 -> 2
2019-07-13 17:05:05,036 INFO  segmented.SegmentedRaftLogWorker (SegmentedRaftLogWorker.java:run(313)) - e4be38e3-c24d-40b4-a019-64b8291a2845-SegmentedRaftLogWorker:Storage Directory /tmp/workdir/hadoop-ozone/integration-test/target/test-dir/MiniOzoneClusterImpl-ac734e81-a551-49a1-a9b5-52ad4610d347/datanode-2/data/ratis/2cded46a-ae0c-4687-92a2-a51c66e4a717 was interrupted, exiting. There are 0 tasks remaining in the queue.
2019-07-13 17:05:05,039 INFO  utils.BackgroundService (BackgroundService.java:shutdown(148)) - Shutting down service BlockDeletingService
2019-07-13 17:05:05,045 INFO  segmented.SegmentedRaftLogWorker (SegmentedRaftLogWorker.java:close(228)) - e4be38e3-c24d-40b4-a019-64b8291a2845-SegmentedRaftLogWorker:Storage Directory /tmp/workdir/hadoop-ozone/integration-test/target/test-dir/MiniOzoneClusterImpl-ac734e81-a551-49a1-a9b5-52ad4610d347/datanode-2/data/ratis/2cded46a-ae0c-4687-92a2-a51c66e4a717 close()
2019-07-13 17:05:05,041 INFO  impl.FollowerInfo (FollowerInfo.java:lambda$new$0(50)) - 7d3a3933-55dd-4605-959f-6101f3de8505->4e2fa81c-d097-4f4c-b043-23c1a417a170: nextIndex: updateUnconditionally 7 -> 6
2019-07-13 17:05:05,049 INFO  server.GrpcService (GrpcService.java:closeImpl(155)) - e4be38e3-c24d-40b4-a019-64b8291a2845: shutdown server with port 33828 now
2019-07-13 17:05:05,050 INFO  server.GrpcService (GrpcService.java:closeImpl(163)) - e4be38e3-c24d-40b4-a019-64b8291a2845: shutdown server with port 33828 successfully
2019-07-13 17:05:05,050 WARN  fs.CachingGetSpaceUsed (CachingGetSpaceUsed.java:run(183)) - Thread Interrupted waiting to refresh disk information: sleep interrupted
2019-07-13 17:05:05,052 INFO  utils.BackgroundService (BackgroundService.java:shutdown(148)) - Shutting down service BlockDeletingService
2019-07-13 17:05:05,054 WARN  fs.CachingGetSpaceUsed (CachingGetSpaceUsed.java:run(183)) - Thread Interrupted waiting to refresh disk information: sleep interrupted
2019-07-13 17:05:05,072 INFO  statemachine.DatanodeStateMachine (DatanodeStateMachine.java:stopDaemon(395)) - Ozone container server stopped.
2019-07-13 17:05:05,081 INFO  statemachine.DatanodeStateMachine (DatanodeStateMachine.java:stopDaemon(395)) - Ozone container server stopped.
2019-07-13 17:05:05,088 INFO  handler.ContextHandler (ContextHandler.java:doStop(910)) - Stopped o.e.j.w.WebAppContext@45c423b3{/,null,UNAVAILABLE}{/hddsDatanode}
2019-07-13 17:05:05,088 INFO  handler.ContextHandler (ContextHandler.java:doStop(910)) - Stopped o.e.j.w.WebAppContext@154864f8{/,null,UNAVAILABLE}{/hddsDatanode}
2019-07-13 17:05:05,088 INFO  server.AbstractConnector (AbstractConnector.java:doStop(318)) - Stopped ServerConnector@7e31d53b{HTTP/1.1,[http/1.1]}{0.0.0.0:0}
2019-07-13 17:05:05,090 INFO  handler.ContextHandler (ContextHandler.java:doStop(910)) - Stopped o.e.j.s.ServletContextHandler@1b94c789{/static,jar:file:/home/user/.m2/repository/org/apache/hadoop/hadoop-hdds-container-service/0.5.0-SNAPSHOT/hadoop-hdds-container-service-0.5.0-SNAPSHOT.jar!/webapps/static,UNAVAILABLE}
2019-07-13 17:05:05,090 INFO  server.AbstractConnector (AbstractConnector.java:doStop(318)) - Stopped ServerConnector@11cadb32{HTTP/1.1,[http/1.1]}{0.0.0.0:0}
2019-07-13 17:05:05,092 INFO  handler.ContextHandler (ContextHandler.java:doStop(910)) - Stopped o.e.j.s.ServletContextHandler@6fced25c{/logs,file:///tmp/workdir/hadoop-ozone/integration-test/target/log,UNAVAILABLE}
2019-07-13 17:05:05,092 INFO  handler.ContextHandler (ContextHandler.java:doStop(910)) - Stopped o.e.j.s.ServletContextHandler@7a1ddbf1{/static,jar:file:/home/user/.m2/repository/org/apache/hadoop/hadoop-hdds-container-service/0.5.0-SNAPSHOT/hadoop-hdds-container-service-0.5.0-SNAPSHOT.jar!/webapps/static,UNAVAILABLE}
2019-07-13 17:05:05,093 INFO  datanode.ObjectStoreHandler (ObjectStoreHandler.java:close(155)) - Closing ObjectStoreHandler.
2019-07-13 17:05:05,093 INFO  handler.ContextHandler (ContextHandler.java:doStop(910)) - Stopped o.e.j.s.ServletContextHandler@7da77305{/logs,file:///tmp/workdir/hadoop-ozone/integration-test/target/log,UNAVAILABLE}
2019-07-13 17:05:05,093 INFO  ozone.HddsDatanodeService (HddsDatanodeService.java:stop(452)) - Stopped plug-in org.apache.hadoop.ozone.web.OzoneHddsDatanodeService@714f1a44
2019-07-13 17:05:05,094 INFO  datanode.ObjectStoreHandler (ObjectStoreHandler.java:close(155)) - Closing ObjectStoreHandler.
2019-07-13 17:05:05,095 INFO  ozone.HddsDatanodeService (HddsDatanodeService.java:stop(452)) - Stopped plug-in org.apache.hadoop.ozone.web.OzoneHddsDatanodeService@32d1d6c5
2019-07-13 17:05:05,096 INFO  statemachine.DatanodeStateMachine (DatanodeStateMachine.java:lambda$startDaemon$0(350)) - Ozone container server started.
2019-07-13 17:05:05,308 INFO  statemachine.DatanodeStateMachine (DatanodeStateMachine.java:lambda$startDaemon$0(350)) - Ozone container server started.
2019-07-13 17:05:07,300 WARN  server.GrpcLogAppender (LogUtils.java:warn(134)) - 7d3a3933-55dd-4605-959f-6101f3de8505->888905af-e8dc-4c58-95a0-f3d6eb1dcd95: Failed appendEntries: org.apache.ratis.thirdparty.io.grpc.StatusRuntimeException: UNAVAILABLE: io exception
2019-07-13 17:05:07,302 INFO  impl.FollowerInfo (FollowerInfo.java:lambda$new$0(50)) - 7d3a3933-55dd-4605-959f-6101f3de8505->888905af-e8dc-4c58-95a0-f3d6eb1dcd95: nextIndex: updateUnconditionally 4 -> 3
2019-07-13 17:05:07,303 WARN  server.GrpcLogAppender (LogUtils.java:warn(134)) - 7d3a3933-55dd-4605-959f-6101f3de8505->4e2fa81c-d097-4f4c-b043-23c1a417a170: Failed appendEntries: org.apache.ratis.thirdparty.io.grpc.StatusRuntimeException: UNAVAILABLE: io exception
2019-07-13 17:05:07,305 INFO  impl.FollowerInfo (FollowerInfo.java:lambda$new$0(50)) - 7d3a3933-55dd-4605-959f-6101f3de8505->4e2fa81c-d097-4f4c-b043-23c1a417a170: nextIndex: updateUnconditionally 6 -> 5
2019-07-13 17:05:09,788 WARN  server.GrpcLogAppender (LogUtils.java:warn(134)) - 7d3a3933-55dd-4605-959f-6101f3de8505->888905af-e8dc-4c58-95a0-f3d6eb1dcd95: Failed appendEntries: org.apache.ratis.thirdparty.io.grpc.StatusRuntimeException: UNAVAILABLE: io exception
2019-07-13 17:05:09,791 INFO  impl.FollowerInfo (FollowerInfo.java:lambda$new$0(50)) - 7d3a3933-55dd-4605-959f-6101f3de8505->888905af-e8dc-4c58-95a0-f3d6eb1dcd95: nextIndex: updateUnconditionally 3 -> 2
2019-07-13 17:05:09,803 WARN  server.GrpcLogAppender (LogUtils.java:warn(134)) - 7d3a3933-55dd-4605-959f-6101f3de8505->4e2fa81c-d097-4f4c-b043-23c1a417a170: Failed appendEntries: org.apache.ratis.thirdparty.io.grpc.StatusRuntimeException: UNAVAILABLE: io exception
2019-07-13 17:05:09,805 INFO  impl.FollowerInfo (FollowerInfo.java:lambda$new$0(50)) - 7d3a3933-55dd-4605-959f-6101f3de8505->4e2fa81c-d097-4f4c-b043-23c1a417a170: nextIndex: updateUnconditionally 5 -> 4
2019-07-13 17:05:10,094 INFO  ozoneimpl.OzoneContainer (OzoneContainer.java:stop(199)) - Attempting to stop container services.
2019-07-13 17:05:10,095 INFO  impl.RaftServerProxy (RaftServerProxy.java:lambda$close$4(314)) - 066e5c56-e86d-4d57-bad2-75a941ab96fc: close
2019-07-13 17:05:10,095 INFO  impl.RaftServerImpl (RaftServerImpl.java:lambda$shutdown$3(245)) - 066e5c56-e86d-4d57-bad2-75a941ab96fc: shutdown group-A51C66E4A717
2019-07-13 17:05:10,095 INFO  ozoneimpl.OzoneContainer (OzoneContainer.java:stop(199)) - Attempting to stop container services.
2019-07-13 17:05:10,095 INFO  util.JmxRegister (JmxRegister.java:unregister(73)) - Successfully un-registered JMX Bean with object name Ratis:service=RaftServer,group=group-A51C66E4A717,id=066e5c56-e86d-4d57-bad2-75a941ab96fc
2019-07-13 17:05:10,096 INFO  impl.RaftServerProxy (RaftServerProxy.java:lambda$close$4(314)) - 12074510-7a30-4b6a-90b7-955738f8fde7: close
2019-07-13 17:05:10,096 INFO  impl.RoleInfo (RoleInfo.java:shutdownFollowerState(121)) - 066e5c56-e86d-4d57-bad2-75a941ab96fc: shutdown FollowerState
2019-07-13 17:05:10,096 INFO  impl.RaftServerImpl (RaftServerImpl.java:lambda$shutdown$3(245)) - 12074510-7a30-4b6a-90b7-955738f8fde7: shutdown group-CCE6DFC428F9
2019-07-13 17:05:10,097 INFO  impl.FollowerState (FollowerState.java:run(114)) - 066e5c56-e86d-4d57-bad2-75a941ab96fc: FollowerState was interrupted: java.lang.InterruptedException: sleep interrupted
2019-07-13 17:05:10,097 INFO  ratis.ContainerStateMachine (ContainerStateMachine.java:takeSnapshot(246)) - Taking snapshot at termIndex:(t:0, i:~)
2019-07-13 17:05:10,097 INFO  impl.StateMachineUpdater (StateMachineUpdater.java:stopAndJoin(115)) - StateMachineUpdater:066e5c56-e86d-4d57-bad2-75a941ab96fc:group-A51C66E4A717: set stopIndex = 1
2019-07-13 17:05:10,097 INFO  util.JmxRegister (JmxRegister.java:unregister(73)) - Successfully un-registered JMX Bean with object name Ratis:service=RaftServer,group=group-CCE6DFC428F9,id=12074510-7a30-4b6a-90b7-955738f8fde7
2019-07-13 17:05:10,100 INFO  impl.RoleInfo (RoleInfo.java:shutdownLeaderState(104)) - 12074510-7a30-4b6a-90b7-955738f8fde7: shutdown LeaderState
2019-07-13 17:05:10,099 INFO  impl.RaftServerImpl (ServerState.java:close(394)) - 066e5c56-e86d-4d57-bad2-75a941ab96fc:group-A51C66E4A717 closes. The last applied log index is 1
2019-07-13 17:05:10,100 INFO  impl.PendingRequests (PendingRequests.java:sendNotLeaderResponses(202)) - 12074510-7a30-4b6a-90b7-955738f8fde7-PendingRequests: sendNotLeaderResponses
2019-07-13 17:05:10,101 INFO  segmented.SegmentedRaftLogWorker (SegmentedRaftLogWorker.java:run(313)) - 066e5c56-e86d-4d57-bad2-75a941ab96fc-SegmentedRaftLogWorker:Storage Directory /tmp/workdir/hadoop-ozone/integration-test/target/test-dir/MiniOzoneClusterImpl-ac734e81-a551-49a1-a9b5-52ad4610d347/datanode-0/data/ratis/2cded46a-ae0c-4687-92a2-a51c66e4a717 was interrupted, exiting. There are 0 tasks remaining in the queue.
2019-07-13 17:05:10,101 INFO  impl.StateMachineUpdater (StateMachineUpdater.java:stopAndJoin(115)) - StateMachineUpdater:12074510-7a30-4b6a-90b7-955738f8fde7:group-CCE6DFC428F9: set stopIndex = 0
2019-07-13 17:05:10,103 INFO  segmented.SegmentedRaftLogWorker (SegmentedRaftLogWorker.java:close(228)) - 066e5c56-e86d-4d57-bad2-75a941ab96fc-SegmentedRaftLogWorker:Storage Directory /tmp/workdir/hadoop-ozone/integration-test/target/test-dir/MiniOzoneClusterImpl-ac734e81-a551-49a1-a9b5-52ad4610d347/datanode-0/data/ratis/2cded46a-ae0c-4687-92a2-a51c66e4a717 close()
2019-07-13 17:05:10,101 INFO  ratis.ContainerStateMachine (ContainerStateMachine.java:takeSnapshot(246)) - Taking snapshot at termIndex:(t:0, i:~)
2019-07-13 17:05:10,105 INFO  impl.RaftServerImpl (RaftServerImpl.java:lambda$shutdown$3(245)) - 066e5c56-e86d-4d57-bad2-75a941ab96fc: shutdown group-C5B7B1263465
2019-07-13 17:05:10,105 INFO  impl.RaftServerImpl (ServerState.java:close(394)) - 12074510-7a30-4b6a-90b7-955738f8fde7:group-CCE6DFC428F9 closes. The last applied log index is 0
2019-07-13 17:05:10,106 INFO  util.JmxRegister (JmxRegister.java:unregister(73)) - Successfully un-registered JMX Bean with object name Ratis:service=RaftServer,group=group-C5B7B1263465,id=066e5c56-e86d-4d57-bad2-75a941ab96fc
2019-07-13 17:05:10,106 INFO  impl.RoleInfo (RoleInfo.java:shutdownLeaderState(104)) - 066e5c56-e86d-4d57-bad2-75a941ab96fc: shutdown LeaderState
2019-07-13 17:05:10,106 INFO  segmented.SegmentedRaftLogWorker (SegmentedRaftLogWorker.java:run(313)) - 12074510-7a30-4b6a-90b7-955738f8fde7-SegmentedRaftLogWorker:Storage Directory /tmp/workdir/hadoop-ozone/integration-test/target/test-dir/MiniOzoneClusterImpl-ac734e81-a551-49a1-a9b5-52ad4610d347/datanode-6/data/ratis/8b62221b-a529-41a9-be96-cce6dfc428f9 was interrupted, exiting. There are 0 tasks remaining in the queue.
2019-07-13 17:05:10,107 INFO  impl.PendingRequests (PendingRequests.java:sendNotLeaderResponses(202)) - 066e5c56-e86d-4d57-bad2-75a941ab96fc-PendingRequests: sendNotLeaderResponses
2019-07-13 17:05:10,109 INFO  segmented.SegmentedRaftLogWorker (SegmentedRaftLogWorker.java:close(228)) - 12074510-7a30-4b6a-90b7-955738f8fde7-SegmentedRaftLogWorker:Storage Directory /tmp/workdir/hadoop-ozone/integration-test/target/test-dir/MiniOzoneClusterImpl-ac734e81-a551-49a1-a9b5-52ad4610d347/datanode-6/data/ratis/8b62221b-a529-41a9-be96-cce6dfc428f9 close()
2019-07-13 17:05:10,109 INFO  ratis.ContainerStateMachine (ContainerStateMachine.java:takeSnapshot(246)) - Taking snapshot at termIndex:(t:0, i:~)
2019-07-13 17:05:10,115 INFO  server.GrpcService (GrpcService.java:closeImpl(155)) - 12074510-7a30-4b6a-90b7-955738f8fde7: shutdown server with port 37555 now
2019-07-13 17:05:10,109 INFO  impl.StateMachineUpdater (StateMachineUpdater.java:stopAndJoin(115)) - StateMachineUpdater:066e5c56-e86d-4d57-bad2-75a941ab96fc:group-C5B7B1263465: set stopIndex = 0
2019-07-13 17:05:10,117 INFO  impl.RaftServerImpl (ServerState.java:close(394)) - 066e5c56-e86d-4d57-bad2-75a941ab96fc:group-C5B7B1263465 closes. The last applied log index is 0
2019-07-13 17:05:10,118 INFO  server.GrpcService (GrpcService.java:closeImpl(163)) - 12074510-7a30-4b6a-90b7-955738f8fde7: shutdown server with port 37555 successfully
2019-07-13 17:05:10,118 INFO  segmented.SegmentedRaftLogWorker (SegmentedRaftLogWorker.java:run(313)) - 066e5c56-e86d-4d57-bad2-75a941ab96fc-SegmentedRaftLogWorker:Storage Directory /tmp/workdir/hadoop-ozone/integration-test/target/test-dir/MiniOzoneClusterImpl-ac734e81-a551-49a1-a9b5-52ad4610d347/datanode-0/data/ratis/06548a9d-edb6-496d-9b4b-c5b7b1263465 was interrupted, exiting. There are 0 tasks remaining in the queue.
2019-07-13 17:05:10,119 INFO  segmented.SegmentedRaftLogWorker (SegmentedRaftLogWorker.java:close(228)) - 066e5c56-e86d-4d57-bad2-75a941ab96fc-SegmentedRaftLogWorker:Storage Directory /tmp/workdir/hadoop-ozone/integration-test/target/test-dir/MiniOzoneClusterImpl-ac734e81-a551-49a1-a9b5-52ad4610d347/datanode-0/data/ratis/06548a9d-edb6-496d-9b4b-c5b7b1263465 close()
2019-07-13 17:05:10,119 INFO  server.GrpcService (GrpcService.java:closeImpl(155)) - 066e5c56-e86d-4d57-bad2-75a941ab96fc: shutdown server with port 41223 now
2019-07-13 17:05:10,119 INFO  utils.BackgroundService (BackgroundService.java:shutdown(148)) - Shutting down service BlockDeletingService
2019-07-13 17:05:10,119 INFO  server.GrpcService (GrpcService.java:closeImpl(163)) - 066e5c56-e86d-4d57-bad2-75a941ab96fc: shutdown server with port 41223 successfully
2019-07-13 17:05:10,121 WARN  fs.CachingGetSpaceUsed (CachingGetSpaceUsed.java:run(183)) - Thread Interrupted waiting to refresh disk information: sleep interrupted
2019-07-13 17:05:10,121 INFO  utils.BackgroundService (BackgroundService.java:shutdown(148)) - Shutting down service BlockDeletingService
2019-07-13 17:05:10,128 WARN  fs.CachingGetSpaceUsed (CachingGetSpaceUsed.java:run(183)) - Thread Interrupted waiting to refresh disk information: sleep interrupted
2019-07-13 17:05:10,142 INFO  statemachine.DatanodeStateMachine (DatanodeStateMachine.java:stopDaemon(395)) - Ozone container server stopped.
2019-07-13 17:05:10,148 INFO  statemachine.DatanodeStateMachine (DatanodeStateMachine.java:stopDaemon(395)) - Ozone container server stopped.
2019-07-13 17:05:10,162 INFO  handler.ContextHandler (ContextHandler.java:doStop(910)) - Stopped o.e.j.w.WebAppContext@1592e540{/,null,UNAVAILABLE}{/hddsDatanode}
2019-07-13 17:05:10,163 INFO  handler.ContextHandler (ContextHandler.java:doStop(910)) - Stopped o.e.j.w.WebAppContext@56c42964{/,null,UNAVAILABLE}{/hddsDatanode}
2019-07-13 17:05:10,164 INFO  server.AbstractConnector (AbstractConnector.java:doStop(318)) - Stopped ServerConnector@3e2772a9{HTTP/1.1,[http/1.1]}{0.0.0.0:0}
2019-07-13 17:05:10,164 INFO  server.AbstractConnector (AbstractConnector.java:doStop(318)) - Stopped ServerConnector@211a9647{HTTP/1.1,[http/1.1]}{0.0.0.0:0}
2019-07-13 17:05:10,164 INFO  handler.ContextHandler (ContextHandler.java:doStop(910)) - Stopped o.e.j.s.ServletContextHandler@32513dea{/static,jar:file:/home/user/.m2/repository/org/apache/hadoop/hadoop-hdds-container-service/0.5.0-SNAPSHOT/hadoop-hdds-container-service-0.5.0-SNAPSHOT.jar!/webapps/static,UNAVAILABLE}
2019-07-13 17:05:10,165 INFO  handler.ContextHandler (ContextHandler.java:doStop(910)) - Stopped o.e.j.s.ServletContextHandler@d504137{/static,jar:file:/home/user/.m2/repository/org/apache/hadoop/hadoop-hdds-container-service/0.5.0-SNAPSHOT/hadoop-hdds-container-service-0.5.0-SNAPSHOT.jar!/webapps/static,UNAVAILABLE}
2019-07-13 17:05:10,166 INFO  handler.ContextHandler (ContextHandler.java:doStop(910)) - Stopped o.e.j.s.ServletContextHandler@73da303e{/logs,file:///tmp/workdir/hadoop-ozone/integration-test/target/log,UNAVAILABLE}
2019-07-13 17:05:10,167 INFO  handler.ContextHandler (ContextHandler.java:doStop(910)) - Stopped o.e.j.s.ServletContextHandler@1322b575{/logs,file:///tmp/workdir/hadoop-ozone/integration-test/target/log,UNAVAILABLE}
2019-07-13 17:05:10,168 INFO  datanode.ObjectStoreHandler (ObjectStoreHandler.java:close(155)) - Closing ObjectStoreHandler.
2019-07-13 17:05:10,168 INFO  ozone.HddsDatanodeService (HddsDatanodeService.java:stop(452)) - Stopped plug-in org.apache.hadoop.ozone.web.OzoneHddsDatanodeService@141dfcf9
2019-07-13 17:05:10,756 INFO  statemachine.DatanodeStateMachine (DatanodeStateMachine.java:lambda$startDaemon$0(350)) - Ozone container server started.
2019-07-13 17:05:12,292 WARN  server.GrpcLogAppender (LogUtils.java:warn(134)) - 7d3a3933-55dd-4605-959f-6101f3de8505->888905af-e8dc-4c58-95a0-f3d6eb1dcd95: Failed appendEntries: org.apache.ratis.thirdparty.io.grpc.StatusRuntimeException: UNAVAILABLE: io exception
2019-07-13 17:05:12,293 INFO  impl.FollowerInfo (FollowerInfo.java:lambda$new$0(50)) - 7d3a3933-55dd-4605-959f-6101f3de8505->888905af-e8dc-4c58-95a0-f3d6eb1dcd95: nextIndex: updateUnconditionally 2 -> 1
2019-07-13 17:05:12,305 WARN  server.GrpcLogAppender (LogUtils.java:warn(134)) - 7d3a3933-55dd-4605-959f-6101f3de8505->4e2fa81c-d097-4f4c-b043-23c1a417a170: Failed appendEntries: org.apache.ratis.thirdparty.io.grpc.StatusRuntimeException: UNAVAILABLE: io exception
2019-07-13 17:05:12,307 INFO  impl.FollowerInfo (FollowerInfo.java:lambda$new$0(50)) - 7d3a3933-55dd-4605-959f-6101f3de8505->4e2fa81c-d097-4f4c-b043-23c1a417a170: nextIndex: updateUnconditionally 4 -> 3
2019-07-13 17:05:14,791 WARN  server.GrpcLogAppender (LogUtils.java:warn(134)) - 7d3a3933-55dd-4605-959f-6101f3de8505->888905af-e8dc-4c58-95a0-f3d6eb1dcd95: Failed appendEntries: org.apache.ratis.thirdparty.io.grpc.StatusRuntimeException: UNAVAILABLE: io exception
2019-07-13 17:05:14,793 INFO  impl.FollowerInfo (FollowerInfo.java:lambda$new$0(50)) - 7d3a3933-55dd-4605-959f-6101f3de8505->888905af-e8dc-4c58-95a0-f3d6eb1dcd95: nextIndex: updateUnconditionally 1 -> 0
2019-07-13 17:05:14,806 WARN  server.GrpcLogAppender (LogUtils.java:warn(134)) - 7d3a3933-55dd-4605-959f-6101f3de8505->4e2fa81c-d097-4f4c-b043-23c1a417a170: Failed appendEntries: org.apache.ratis.thirdparty.io.grpc.StatusRuntimeException: UNAVAILABLE: io exception
2019-07-13 17:05:14,808 INFO  impl.FollowerInfo (FollowerInfo.java:lambda$new$0(50)) - 7d3a3933-55dd-4605-959f-6101f3de8505->4e2fa81c-d097-4f4c-b043-23c1a417a170: nextIndex: updateUnconditionally 3 -> 2
2019-07-13 17:05:15,169 INFO  ozoneimpl.OzoneContainer (OzoneContainer.java:stop(199)) - Attempting to stop container services.
2019-07-13 17:05:15,170 INFO  impl.RaftServerProxy (RaftServerProxy.java:lambda$close$4(314)) - 7d3a3933-55dd-4605-959f-6101f3de8505: close
2019-07-13 17:05:15,171 INFO  impl.RaftServerImpl (RaftServerImpl.java:lambda$shutdown$3(245)) - 7d3a3933-55dd-4605-959f-6101f3de8505: shutdown group-4784B36BE1DC
2019-07-13 17:05:15,171 INFO  util.JmxRegister (JmxRegister.java:unregister(73)) - Successfully un-registered JMX Bean with object name Ratis:service=RaftServer,group=group-4784B36BE1DC,id=7d3a3933-55dd-4605-959f-6101f3de8505
2019-07-13 17:05:15,172 INFO  impl.RoleInfo (RoleInfo.java:shutdownLeaderState(104)) - 7d3a3933-55dd-4605-959f-6101f3de8505: shutdown LeaderState
2019-07-13 17:05:15,175 WARN  server.GrpcLogAppender (GrpcLogAppender.java:mayWait(143)) - GrpcLogAppender(7d3a3933-55dd-4605-959f-6101f3de8505->4e2fa81c-d097-4f4c-b043-23c1a417a170): Wait interrupted by java.lang.InterruptedException
2019-07-13 17:05:15,175 INFO  impl.PendingRequests (PendingRequests.java:sendNotLeaderResponses(202)) - 7d3a3933-55dd-4605-959f-6101f3de8505-PendingRequests: sendNotLeaderResponses
2019-07-13 17:05:15,175 WARN  server.GrpcLogAppender (GrpcLogAppender.java:mayWait(143)) - GrpcLogAppender(7d3a3933-55dd-4605-959f-6101f3de8505->888905af-e8dc-4c58-95a0-f3d6eb1dcd95): Wait interrupted by java.lang.InterruptedException
2019-07-13 17:05:15,178 INFO  impl.StateMachineUpdater (StateMachineUpdater.java:stopAndJoin(115)) - StateMachineUpdater:7d3a3933-55dd-4605-959f-6101f3de8505:group-4784B36BE1DC: set stopIndex = 6
2019-07-13 17:05:15,178 INFO  ratis.ContainerStateMachine (ContainerStateMachine.java:takeSnapshot(246)) - Taking snapshot at termIndex:(t:1, i:4)
2019-07-13 17:05:15,178 INFO  ratis.ContainerStateMachine (ContainerStateMachine.java:takeSnapshot(250)) - Taking a snapshot to file /tmp/workdir/hadoop-ozone/integration-test/target/test-dir/MiniOzoneClusterImpl-ac734e81-a551-49a1-a9b5-52ad4610d347/datanode-5/data/ratis/df02968a-2395-4a08-bb64-4784b36be1dc/sm/snapshot.1_4
2019-07-13 17:05:15,179 INFO  impl.StateMachineUpdater (StateMachineUpdater.java:takeSnapshot(242)) - StateMachineUpdater:7d3a3933-55dd-4605-959f-6101f3de8505:group-4784B36BE1DC: Took a snapshot at index 4
2019-07-13 17:05:15,179 INFO  impl.StateMachineUpdater (StateMachineUpdater.java:lambda$new$0(80)) - StateMachineUpdater:7d3a3933-55dd-4605-959f-6101f3de8505:group-4784B36BE1DC: snapshotIndex: updateIncreasingly -1 -> 4
2019-07-13 17:05:15,179 INFO  impl.RaftServerImpl (ServerState.java:close(394)) - 7d3a3933-55dd-4605-959f-6101f3de8505:group-4784B36BE1DC closes. The last applied log index is 6
2019-07-13 17:05:15,180 INFO  segmented.SegmentedRaftLogWorker (SegmentedRaftLogWorker.java:run(313)) - 7d3a3933-55dd-4605-959f-6101f3de8505-SegmentedRaftLogWorker:Storage Directory /tmp/workdir/hadoop-ozone/integration-test/target/test-dir/MiniOzoneClusterImpl-ac734e81-a551-49a1-a9b5-52ad4610d347/datanode-5/data/ratis/df02968a-2395-4a08-bb64-4784b36be1dc was interrupted, exiting. There are 0 tasks remaining in the queue.
2019-07-13 17:05:15,180 INFO  segmented.SegmentedRaftLogWorker (SegmentedRaftLogWorker.java:close(228)) - 7d3a3933-55dd-4605-959f-6101f3de8505-SegmentedRaftLogWorker:Storage Directory /tmp/workdir/hadoop-ozone/integration-test/target/test-dir/MiniOzoneClusterImpl-ac734e81-a551-49a1-a9b5-52ad4610d347/datanode-5/data/ratis/df02968a-2395-4a08-bb64-4784b36be1dc close()
2019-07-13 17:05:15,181 INFO  impl.RaftServerImpl (RaftServerImpl.java:lambda$shutdown$3(245)) - 7d3a3933-55dd-4605-959f-6101f3de8505: shutdown group-FB0D708441A0
2019-07-13 17:05:15,181 INFO  util.JmxRegister (JmxRegister.java:unregister(73)) - Successfully un-registered JMX Bean with object name Ratis:service=RaftServer,group=group-FB0D708441A0,id=7d3a3933-55dd-4605-959f-6101f3de8505
2019-07-13 17:05:15,182 INFO  impl.RoleInfo (RoleInfo.java:shutdownLeaderState(104)) - 7d3a3933-55dd-4605-959f-6101f3de8505: shutdown LeaderState
2019-07-13 17:05:15,182 INFO  impl.PendingRequests (PendingRequests.java:sendNotLeaderResponses(202)) - 7d3a3933-55dd-4605-959f-6101f3de8505-PendingRequests: sendNotLeaderResponses
2019-07-13 17:05:15,183 INFO  impl.StateMachineUpdater (StateMachineUpdater.java:stopAndJoin(115)) - StateMachineUpdater:7d3a3933-55dd-4605-959f-6101f3de8505:group-FB0D708441A0: set stopIndex = 0
2019-07-13 17:05:15,183 INFO  ratis.ContainerStateMachine (ContainerStateMachine.java:takeSnapshot(246)) - Taking snapshot at termIndex:(t:0, i:~)
2019-07-13 17:05:15,183 INFO  impl.RaftServerImpl (ServerState.java:close(394)) - 7d3a3933-55dd-4605-959f-6101f3de8505:group-FB0D708441A0 closes. The last applied log index is 0
2019-07-13 17:05:15,184 INFO  segmented.SegmentedRaftLogWorker (SegmentedRaftLogWorker.java:run(313)) - 7d3a3933-55dd-4605-959f-6101f3de8505-SegmentedRaftLogWorker:Storage Directory /tmp/workdir/hadoop-ozone/integration-test/target/test-dir/MiniOzoneClusterImpl-ac734e81-a551-49a1-a9b5-52ad4610d347/datanode-5/data/ratis/e14a7900-d3a1-46b6-9171-fb0d708441a0 was interrupted, exiting. There are 0 tasks remaining in the queue.
2019-07-13 17:05:15,184 INFO  segmented.SegmentedRaftLogWorker (SegmentedRaftLogWorker.java:close(228)) - 7d3a3933-55dd-4605-959f-6101f3de8505-SegmentedRaftLogWorker:Storage Directory /tmp/workdir/hadoop-ozone/integration-test/target/test-dir/MiniOzoneClusterImpl-ac734e81-a551-49a1-a9b5-52ad4610d347/datanode-5/data/ratis/e14a7900-d3a1-46b6-9171-fb0d708441a0 close()
2019-07-13 17:05:15,185 INFO  server.GrpcService (GrpcService.java:closeImpl(155)) - 7d3a3933-55dd-4605-959f-6101f3de8505: shutdown server with port 43995 now
2019-07-13 17:05:15,186 INFO  server.GrpcService (GrpcService.java:closeImpl(163)) - 7d3a3933-55dd-4605-959f-6101f3de8505: shutdown server with port 43995 successfully
2019-07-13 17:05:15,191 INFO  utils.BackgroundService (BackgroundService.java:shutdown(148)) - Shutting down service BlockDeletingService
2019-07-13 17:05:15,192 WARN  fs.CachingGetSpaceUsed (CachingGetSpaceUsed.java:run(183)) - Thread Interrupted waiting to refresh disk information: sleep interrupted
2019-07-13 17:05:15,211 INFO  statemachine.DatanodeStateMachine (DatanodeStateMachine.java:stopDaemon(395)) - Ozone container server stopped.
2019-07-13 17:05:15,229 INFO  handler.ContextHandler (ContextHandler.java:doStop(910)) - Stopped o.e.j.w.WebAppContext@79d14037{/,null,UNAVAILABLE}{/hddsDatanode}
2019-07-13 17:05:15,230 INFO  server.AbstractConnector (AbstractConnector.java:doStop(318)) - Stopped ServerConnector@6c1e40d9{HTTP/1.1,[http/1.1]}{0.0.0.0:0}
2019-07-13 17:05:15,231 INFO  handler.ContextHandler (ContextHandler.java:doStop(910)) - Stopped o.e.j.s.ServletContextHandler@11d1735e{/static,jar:file:/home/user/.m2/repository/org/apache/hadoop/hadoop-hdds-container-service/0.5.0-SNAPSHOT/hadoop-hdds-container-service-0.5.0-SNAPSHOT.jar!/webapps/static,UNAVAILABLE}
2019-07-13 17:05:15,231 INFO  handler.ContextHandler (ContextHandler.java:doStop(910)) - Stopped o.e.j.s.ServletContextHandler@248b2b61{/logs,file:///tmp/workdir/hadoop-ozone/integration-test/target/log,UNAVAILABLE}
2019-07-13 17:05:15,232 INFO  ozone.MiniOzoneClusterImpl (MiniOzoneClusterImpl.java:stop(353)) - Stopping the StorageContainerManager
2019-07-13 17:05:15,232 INFO  server.StorageContainerManager (StorageContainerManager.java:stop(796)) - Stopping Replication Manager Service.
2019-07-13 17:05:15,232 INFO  container.ReplicationManager (ReplicationManager.java:stop(187)) - Stopping Replication Monitor Thread.
2019-07-13 17:05:15,233 INFO  server.StorageContainerManager (StorageContainerManager.java:stop(803)) - Stopping Lease Manager of the command watchers
2019-07-13 17:05:15,233 INFO  server.StorageContainerManager (StorageContainerManager.java:stop(810)) - Stopping datanode service RPC server
2019-07-13 17:05:15,233 INFO  server.SCMDatanodeProtocolServer (SCMDatanodeProtocolServer.java:stop(375)) - Stopping the RPC server for DataNodes
2019-07-13 17:05:15,233 INFO  ipc.Server (Server.java:stop(3082)) - Stopping server on 35566
2019-07-13 17:05:15,235 INFO  ipc.Server (Server.java:run(1185)) - Stopping IPC Server listener on 35566
2019-07-13 17:05:15,236 INFO  ipc.Server (Server.java:run(1319)) - Stopping IPC Server Responder
2019-07-13 17:05:15,269 WARN  node.NodeStateManager (NodeStateManager.java:scheduleNextHealthCheck(631)) - Current Thread is interrupted, shutting down HB processing thread for Node Manager.
2019-07-13 17:05:15,269 INFO  server.StorageContainerManager (StorageContainerManager.java:stop(818)) - Stopping block service RPC server
2019-07-13 17:05:15,269 INFO  server.SCMBlockProtocolServer (SCMBlockProtocolServer.java:stop(148)) - Stopping the RPC server for Block Protocol
2019-07-13 17:05:15,270 INFO  ipc.Server (Server.java:stop(3082)) - Stopping server on 33628
2019-07-13 17:05:15,271 INFO  server.StorageContainerManager (StorageContainerManager.java:stop(825)) - Stopping the StorageContainerLocationProtocol RPC server
2019-07-13 17:05:15,272 INFO  server.SCMClientProtocolServer (SCMClientProtocolServer.java:stop(157)) - Stopping the RPC server for Client Protocol
2019-07-13 17:05:15,272 INFO  ipc.Server (Server.java:run(1185)) - Stopping IPC Server listener on 33628
2019-07-13 17:05:15,273 INFO  ipc.Server (Server.java:stop(3082)) - Stopping server on 46858
2019-07-13 17:05:15,273 INFO  ipc.Server (Server.java:run(1319)) - Stopping IPC Server Responder
2019-07-13 17:05:15,276 INFO  ipc.Server (Server.java:run(1185)) - Stopping IPC Server listener on 46858
2019-07-13 17:05:15,276 INFO  server.StorageContainerManager (StorageContainerManager.java:stop(832)) - Stopping Storage Container Manager HTTP server.
2019-07-13 17:05:15,278 INFO  handler.ContextHandler (ContextHandler.java:doStop(910)) - Stopped o.e.j.w.WebAppContext@4fd80300{/,null,UNAVAILABLE}{/scm}
2019-07-13 17:05:15,278 INFO  ipc.Server (Server.java:run(1319)) - Stopping IPC Server Responder
2019-07-13 17:05:15,279 INFO  server.AbstractConnector (AbstractConnector.java:doStop(318)) - Stopped ServerConnector@1805383{HTTP/1.1,[http/1.1]}{0.0.0.0:0}
2019-07-13 17:05:15,280 INFO  handler.ContextHandler (ContextHandler.java:doStop(910)) - Stopped o.e.j.s.ServletContextHandler@79d63a4f{/static,file:///tmp/workdir/hadoop-ozone/integration-test/target/test-classes/webapps/static,UNAVAILABLE}
2019-07-13 17:05:15,280 INFO  handler.ContextHandler (ContextHandler.java:doStop(910)) - Stopped o.e.j.s.ServletContextHandler@38bc5ac0{/logs,file:///tmp/workdir/hadoop-ozone/integration-test/target/log,UNAVAILABLE}
2019-07-13 17:05:15,282 INFO  server.StorageContainerManager (StorageContainerManager.java:stop(843)) - Stopping Block Manager Service.
2019-07-13 17:05:15,282 INFO  utils.BackgroundService (BackgroundService.java:shutdown(148)) - Shutting down service SCMBlockDeletingService
2019-07-13 17:05:15,283 INFO  utils.BackgroundService (BackgroundService.java:shutdown(148)) - Shutting down service SCMBlockDeletingService
2019-07-13 17:05:15,283 INFO  server.StorageContainerManager (StorageContainerManager.java:stop(865)) - Stopping SCM Event Queue.
2019-07-13 17:05:15,287 INFO  impl.MetricsSystemImpl (MetricsSystemImpl.java:stop(210)) - Stopping HddsDatanode metrics system...
2019-07-13 17:05:15,293 INFO  impl.MetricsSystemImpl (MetricsSystemImpl.java:stop(216)) - HddsDatanode metrics system stopped.
]]></system-out>
    <system-err><![CDATA[Jul 13, 2019 5:04:43 PM com.sun.jersey.server.impl.application.WebApplicationImpl _initiate
INFO: Initiating Jersey application, version 'Jersey: 1.19 02/11/2015 03:25 AM'
Jul 13, 2019 5:04:44 PM com.sun.jersey.server.impl.application.WebApplicationImpl _initiate
INFO: Initiating Jersey application, version 'Jersey: 1.19 02/11/2015 03:25 AM'
Jul 13, 2019 5:04:44 PM com.sun.jersey.server.impl.application.WebApplicationImpl _initiate
INFO: Initiating Jersey application, version 'Jersey: 1.19 02/11/2015 03:25 AM'
Jul 13, 2019 5:04:44 PM com.sun.jersey.server.impl.application.WebApplicationImpl _initiate
INFO: Initiating Jersey application, version 'Jersey: 1.19 02/11/2015 03:25 AM'
Jul 13, 2019 5:04:44 PM com.sun.jersey.server.impl.application.WebApplicationImpl _initiate
INFO: Initiating Jersey application, version 'Jersey: 1.19 02/11/2015 03:25 AM'
Jul 13, 2019 5:04:45 PM com.sun.jersey.server.impl.application.WebApplicationImpl _initiate
INFO: Initiating Jersey application, version 'Jersey: 1.19 02/11/2015 03:25 AM'
Jul 13, 2019 5:04:45 PM com.sun.jersey.server.impl.application.WebApplicationImpl _initiate
INFO: Initiating Jersey application, version 'Jersey: 1.19 02/11/2015 03:25 AM'
]]></system-err>
  </testcase>
</testsuite>