<?xml version="1.0" encoding="UTF-8"?>
<testsuite xmlns:xsi="http://www.w3.org/2001/XMLSchema-instance" xsi:noNamespaceSchemaLocation="https://maven.apache.org/surefire/maven-surefire-plugin/xsd/surefire-test-report.xsd" name="org.apache.hadoop.ozone.web.client.TestKeys" time="154.282" tests="7" errors="5" skipped="1" failures="0">
  <properties>
    <property name="awt.toolkit" value="sun.awt.X11.XToolkit"/>
    <property name="file.encoding.pkg" value="sun.io"/>
    <property name="java.specification.version" value="1.8"/>
    <property name="sun.cpu.isalist" value=""/>
    <property name="sun.jnu.encoding" value="UTF-8"/>
    <property name="java.class.path" value="/tmp/workdir/hadoop-ozone/integration-test/target/test-classes:/tmp/workdir/hadoop-ozone/integration-test/target/classes:/home/user/.m2/repository/org/apache/hadoop/hadoop-ozone-common/0.5.0-SNAPSHOT/hadoop-ozone-common-0.5.0-SNAPSHOT.jar:/home/user/.m2/repository/org/apache/commons/commons-compress/1.4.1/commons-compress-1.4.1.jar:/home/user/.m2/repository/org/tukaani/xz/1.0/xz-1.0.jar:/home/user/.m2/repository/org/apache/hadoop/hadoop-common/3.2.0/hadoop-common-3.2.0.jar:/home/user/.m2/repository/org/apache/hadoop/hadoop-hdfs/3.2.0/hadoop-hdfs-3.2.0.jar:/home/user/.m2/repository/org/apache/hadoop/hadoop-hdfs-client/3.2.0/hadoop-hdfs-client-3.2.0.jar:/home/user/.m2/repository/com/fasterxml/jackson/core/jackson-annotations/2.9.5/jackson-annotations-2.9.5.jar:/home/user/.m2/repository/org/apache/hadoop/hadoop-hdds-common/0.5.0-SNAPSHOT/hadoop-hdds-common-0.5.0-SNAPSHOT.jar:/home/user/.m2/repository/javax/annotation/javax.annotation-api/1.2/javax.annotation-api-1.2.jar:/home/user/.m2/repository/org/apache/ratis/ratis-server/0.4.0-2337318-SNAPSHOT/ratis-server-0.4.0-2337318-SNAPSHOT.jar:/home/user/.m2/repository/org/apache/ratis/ratis-thirdparty-misc/0.2.0/ratis-thirdparty-misc-0.2.0.jar:/home/user/.m2/repository/org/apache/ratis/ratis-proto/0.4.0-2337318-SNAPSHOT/ratis-proto-0.4.0-2337318-SNAPSHOT.jar:/home/user/.m2/repository/org/apache/ratis/ratis-common/0.4.0-2337318-SNAPSHOT/ratis-common-0.4.0-2337318-SNAPSHOT.jar:/home/user/.m2/repository/org/apache/ratis/ratis-client/0.4.0-2337318-SNAPSHOT/ratis-client-0.4.0-2337318-SNAPSHOT.jar:/home/user/.m2/repository/org/apache/ratis/ratis-metrics/0.4.0-2337318-SNAPSHOT/ratis-metrics-0.4.0-2337318-SNAPSHOT.jar:/home/user/.m2/repository/org/apache/ratis/ratis-netty/0.4.0-2337318-SNAPSHOT/ratis-netty-0.4.0-2337318-SNAPSHOT.jar:/home/user/.m2/repository/org/apache/ratis/ratis-grpc/0.4.0-2337318-SNAPSHOT/ratis-grpc-0.4.0-2337318-SNAPSHOT.jar:/home/user/.m2/repository/org/rocksdb/rocksdbjni/6.0.1/rocksdbjni-6.0.1.jar:/home/user/.m2/repository/org/apache/logging/log4j/log4j-api/2.11.0/log4j-api-2.11.0.jar:/home/user/.m2/repository/org/apache/logging/log4j/log4j-core/2.11.0/log4j-core-2.11.0.jar:/home/user/.m2/repository/com/lmax/disruptor/3.4.2/disruptor-3.4.2.jar:/home/user/.m2/repository/org/apache/commons/commons-pool2/2.6.0/commons-pool2-2.6.0.jar:/home/user/.m2/repository/org/bouncycastle/bcpkix-jdk15on/1.60/bcpkix-jdk15on-1.60.jar:/home/user/.m2/repository/commons-validator/commons-validator/1.6/commons-validator-1.6.jar:/home/user/.m2/repository/commons-digester/commons-digester/1.8.1/commons-digester-1.8.1.jar:/home/user/.m2/repository/io/jaegertracing/jaeger-client/0.33.1/jaeger-client-0.33.1.jar:/home/user/.m2/repository/io/jaegertracing/jaeger-thrift/0.33.1/jaeger-thrift-0.33.1.jar:/home/user/.m2/repository/org/apache/thrift/libthrift/0.11.0/libthrift-0.11.0.jar:/home/user/.m2/repository/com/squareup/okhttp3/okhttp/3.9.0/okhttp-3.9.0.jar:/home/user/.m2/repository/com/squareup/okio/okio/1.13.0/okio-1.13.0.jar:/home/user/.m2/repository/io/jaegertracing/jaeger-core/0.33.1/jaeger-core-0.33.1.jar:/home/user/.m2/repository/io/jaegertracing/jaeger-tracerresolver/0.33.1/jaeger-tracerresolver-0.33.1.jar:/home/user/.m2/repository/io/opentracing/contrib/opentracing-tracerresolver/0.1.5/opentracing-tracerresolver-0.1.5.jar:/home/user/.m2/repository/io/opentracing/opentracing-util/0.31.0/opentracing-util-0.31.0.jar:/home/user/.m2/repository/io/opentracing/opentracing-api/0.31.0/opentracing-api-0.31.0.jar:/home/user/.m2/repository/io/opentracing/opentracing-noop/0.31.0/opentracing-noop-0.31.0.jar:/home/user/.m2/repository/org/apache/hadoop/hadoop-hdds-server-framework/0.5.0-SNAPSHOT/hadoop-hdds-server-framework-0.5.0-SNAPSHOT.jar:/home/user/.m2/repository/org/apache/hadoop/hadoop-hdds-container-service/0.5.0-SNAPSHOT/hadoop-hdds-container-service-0.5.0-SNAPSHOT.jar:/home/user/.m2/repository/org/apache/hadoop/hadoop-hdds-client/0.5.0-SNAPSHOT/hadoop-hdds-client-0.5.0-SNAPSHOT.jar:/home/user/.m2/repository/org/apache/hadoop/hadoop-hdds-tools/0.5.0-SNAPSHOT/hadoop-hdds-tools-0.5.0-SNAPSHOT.jar:/home/user/.m2/repository/org/apache/hadoop/hadoop-hdds-server-scm/0.5.0-SNAPSHOT/hadoop-hdds-server-scm-0.5.0-SNAPSHOT.jar:/home/user/.m2/repository/org/apache/hadoop/hadoop-hdds-docs/0.5.0-SNAPSHOT/hadoop-hdds-docs-0.5.0-SNAPSHOT.jar:/home/user/.m2/repository/io/dropwizard/metrics/metrics-core/3.2.4/metrics-core-3.2.4.jar:/home/user/.m2/repository/org/hamcrest/hamcrest-all/1.3/hamcrest-all-1.3.jar:/home/user/.m2/repository/org/bouncycastle/bcprov-jdk15on/1.60/bcprov-jdk15on-1.60.jar:/home/user/.m2/repository/info/picocli/picocli/3.9.6/picocli-3.9.6.jar:/home/user/.m2/repository/com/google/protobuf/protobuf-java/2.5.0/protobuf-java-2.5.0.jar:/home/user/.m2/repository/com/google/guava/guava/11.0.2/guava-11.0.2.jar:/home/user/.m2/repository/org/apache/hadoop/hadoop-ozone-ozone-manager/0.5.0-SNAPSHOT/hadoop-ozone-ozone-manager-0.5.0-SNAPSHOT.jar:/home/user/.m2/repository/org/apache/hadoop/hadoop-minikdc/3.2.0/hadoop-minikdc-3.2.0.jar:/home/user/.m2/repository/commons-io/commons-io/2.5/commons-io-2.5.jar:/home/user/.m2/repository/org/apache/kerby/kerb-simplekdc/1.0.1/kerb-simplekdc-1.0.1.jar:/home/user/.m2/repository/org/apache/kerby/kerb-client/1.0.1/kerb-client-1.0.1.jar:/home/user/.m2/repository/org/apache/kerby/kerby-config/1.0.1/kerby-config-1.0.1.jar:/home/user/.m2/repository/org/apache/kerby/kerb-core/1.0.1/kerb-core-1.0.1.jar:/home/user/.m2/repository/org/apache/kerby/kerby-pkix/1.0.1/kerby-pkix-1.0.1.jar:/home/user/.m2/repository/org/apache/kerby/kerby-asn1/1.0.1/kerby-asn1-1.0.1.jar:/home/user/.m2/repository/org/apache/kerby/kerby-util/1.0.1/kerby-util-1.0.1.jar:/home/user/.m2/repository/org/apache/kerby/kerb-common/1.0.1/kerb-common-1.0.1.jar:/home/user/.m2/repository/org/apache/kerby/kerb-crypto/1.0.1/kerb-crypto-1.0.1.jar:/home/user/.m2/repository/org/apache/kerby/kerb-util/1.0.1/kerb-util-1.0.1.jar:/home/user/.m2/repository/org/apache/kerby/token-provider/1.0.1/token-provider-1.0.1.jar:/home/user/.m2/repository/org/apache/kerby/kerb-admin/1.0.1/kerb-admin-1.0.1.jar:/home/user/.m2/repository/org/apache/kerby/kerb-server/1.0.1/kerb-server-1.0.1.jar:/home/user/.m2/repository/org/apache/kerby/kerb-identity/1.0.1/kerb-identity-1.0.1.jar:/home/user/.m2/repository/org/apache/kerby/kerby-xdr/1.0.1/kerby-xdr-1.0.1.jar:/home/user/.m2/repository/org/slf4j/slf4j-log4j12/1.7.25/slf4j-log4j12-1.7.25.jar:/home/user/.m2/repository/org/apache/hadoop/hadoop-ozone-objectstore-service/0.5.0-SNAPSHOT/hadoop-ozone-objectstore-service-0.5.0-SNAPSHOT.jar:/home/user/.m2/repository/org/apache/hadoop/hadoop-ozone-s3gateway/0.5.0-SNAPSHOT/hadoop-ozone-s3gateway-0.5.0-SNAPSHOT.jar:/home/user/.m2/repository/org/jboss/weld/servlet/weld-servlet/2.4.7.Final/weld-servlet-2.4.7.Final.jar:/home/user/.m2/repository/org/glassfish/jersey/containers/jersey-container-servlet-core/2.27/jersey-container-servlet-core-2.27.jar:/home/user/.m2/repository/org/glassfish/hk2/external/javax.inject/2.5.0-b42/javax.inject-2.5.0-b42.jar:/home/user/.m2/repository/org/glassfish/jersey/core/jersey-common/2.27/jersey-common-2.27.jar:/home/user/.m2/repository/org/glassfish/hk2/osgi-resource-locator/1.0.1/osgi-resource-locator-1.0.1.jar:/home/user/.m2/repository/javax/ws/rs/javax.ws.rs-api/2.1/javax.ws.rs-api-2.1.jar:/home/user/.m2/repository/org/glassfish/jersey/ext/cdi/jersey-cdi1x/2.27/jersey-cdi1x-2.27.jar:/home/user/.m2/repository/org/glassfish/jersey/inject/jersey-hk2/2.27/jersey-hk2-2.27.jar:/home/user/.m2/repository/org/glassfish/hk2/hk2-locator/2.5.0-b42/hk2-locator-2.5.0-b42.jar:/home/user/.m2/repository/org/javassist/javassist/3.22.0-CR2/javassist-3.22.0-CR2.jar:/home/user/.m2/repository/org/glassfish/hk2/hk2-api/2.5.0/hk2-api-2.5.0.jar:/home/user/.m2/repository/org/glassfish/hk2/external/jakarta.inject/2.5.0/jakarta.inject-2.5.0.jar:/home/user/.m2/repository/org/glassfish/hk2/hk2-utils/2.5.0/hk2-utils-2.5.0.jar:/home/user/.m2/repository/jakarta/annotation/jakarta.annotation-api/1.3.4/jakarta.annotation-api-1.3.4.jar:/home/user/.m2/repository/org/glassfish/hk2/external/aopalliance-repackaged/2.5.0/aopalliance-repackaged-2.5.0.jar:/home/user/.m2/repository/com/fasterxml/jackson/dataformat/jackson-dataformat-xml/2.9.0/jackson-dataformat-xml-2.9.0.jar:/home/user/.m2/repository/com/fasterxml/jackson/core/jackson-core/2.9.5/jackson-core-2.9.5.jar:/home/user/.m2/repository/com/fasterxml/jackson/module/jackson-module-jaxb-annotations/2.9.5/jackson-module-jaxb-annotations-2.9.5.jar:/home/user/.m2/repository/javax/enterprise/cdi-api/1.2/cdi-api-1.2.jar:/home/user/.m2/repository/javax/el/javax.el-api/3.0.0/javax.el-api-3.0.0.jar:/home/user/.m2/repository/javax/interceptor/javax.interceptor-api/1.2/javax.interceptor-api-1.2.jar:/home/user/.m2/repository/javax/inject/javax.inject/1/javax.inject-1.jar:/home/user/.m2/repository/com/sun/xml/bind/jaxb-impl/2.3.0.1/jaxb-impl-2.3.0.1.jar:/home/user/.m2/repository/com/sun/xml/bind/jaxb-core/2.3.0.1/jaxb-core-2.3.0.1.jar:/home/user/.m2/repository/javax/xml/bind/jaxb-api/2.3.0/jaxb-api-2.3.0.jar:/home/user/.m2/repository/javax/activation/activation/1.1.1/activation-1.1.1.jar:/home/user/.m2/repository/org/apache/hadoop/hadoop-ozone-csi/0.5.0-SNAPSHOT/hadoop-ozone-csi-0.5.0-SNAPSHOT.jar:/home/user/.m2/repository/com/google/protobuf/protobuf-java-util/3.5.1/protobuf-java-util-3.5.1.jar:/home/user/.m2/repository/org/apache/hadoop/hadoop-hdds-config/0.5.0-SNAPSHOT/hadoop-hdds-config-0.5.0-SNAPSHOT.jar:/home/user/.m2/repository/io/grpc/grpc-netty/1.17.1/grpc-netty-1.17.1.jar:/home/user/.m2/repository/io/grpc/grpc-core/1.17.1/grpc-core-1.17.1.jar:/home/user/.m2/repository/io/grpc/grpc-context/1.17.1/grpc-context-1.17.1.jar:/home/user/.m2/repository/com/google/errorprone/error_prone_annotations/2.2.0/error_prone_annotations-2.2.0.jar:/home/user/.m2/repository/org/codehaus/mojo/animal-sniffer-annotations/1.17/animal-sniffer-annotations-1.17.jar:/home/user/.m2/repository/io/opencensus/opencensus-api/0.17.0/opencensus-api-0.17.0.jar:/home/user/.m2/repository/io/opencensus/opencensus-contrib-grpc-metrics/0.17.0/opencensus-contrib-grpc-metrics-0.17.0.jar:/home/user/.m2/repository/io/netty/netty-codec-http2/4.1.30.Final/netty-codec-http2-4.1.30.Final.jar:/home/user/.m2/repository/io/netty/netty-codec-http/4.1.30.Final/netty-codec-http-4.1.30.Final.jar:/home/user/.m2/repository/io/netty/netty-codec/4.1.30.Final/netty-codec-4.1.30.Final.jar:/home/user/.m2/repository/io/netty/netty-handler/4.1.30.Final/netty-handler-4.1.30.Final.jar:/home/user/.m2/repository/io/netty/netty-handler-proxy/4.1.30.Final/netty-handler-proxy-4.1.30.Final.jar:/home/user/.m2/repository/io/netty/netty-codec-socks/4.1.30.Final/netty-codec-socks-4.1.30.Final.jar:/home/user/.m2/repository/io/netty/netty-transport-native-epoll/4.1.30.Final/netty-transport-native-epoll-4.1.30.Final.jar:/home/user/.m2/repository/io/netty/netty-common/4.1.30.Final/netty-common-4.1.30.Final.jar:/home/user/.m2/repository/io/netty/netty-buffer/4.1.30.Final/netty-buffer-4.1.30.Final.jar:/home/user/.m2/repository/io/netty/netty-transport/4.1.30.Final/netty-transport-4.1.30.Final.jar:/home/user/.m2/repository/io/netty/netty-resolver/4.1.30.Final/netty-resolver-4.1.30.Final.jar:/home/user/.m2/repository/io/netty/netty-transport-native-unix-common/4.1.30.Final/netty-transport-native-unix-common-4.1.30.Final.jar:/home/user/.m2/repository/io/grpc/grpc-protobuf/1.17.1/grpc-protobuf-1.17.1.jar:/home/user/.m2/repository/com/google/api/grpc/proto-google-common-protos/1.0.0/proto-google-common-protos-1.0.0.jar:/home/user/.m2/repository/io/grpc/grpc-protobuf-lite/1.17.1/grpc-protobuf-lite-1.17.1.jar:/home/user/.m2/repository/io/grpc/grpc-stub/1.17.1/grpc-stub-1.17.1.jar:/home/user/.m2/repository/org/apache/hadoop/hadoop-ozone-recon/0.5.0-SNAPSHOT/hadoop-ozone-recon-0.5.0-SNAPSHOT.jar:/home/user/.m2/repository/org/apache/hadoop/hadoop-ozone-reconcodegen/0.5.0-SNAPSHOT/hadoop-ozone-reconcodegen-0.5.0-SNAPSHOT.jar:/home/user/.m2/repository/com/google/inject/extensions/guice-multibindings/4.0/guice-multibindings-4.0.jar:/home/user/.m2/repository/com/google/inject/guice/4.0/guice-4.0.jar:/home/user/.m2/repository/aopalliance/aopalliance/1.0/aopalliance-1.0.jar:/home/user/.m2/repository/com/google/inject/extensions/guice-servlet/4.0/guice-servlet-4.0.jar:/home/user/.m2/repository/org/glassfish/jersey/containers/jersey-container-servlet/2.27/jersey-container-servlet-2.27.jar:/home/user/.m2/repository/org/glassfish/hk2/guice-bridge/2.5.0/guice-bridge-2.5.0.jar:/home/user/.m2/repository/org/glassfish/jersey/core/jersey-server/2.27/jersey-server-2.27.jar:/home/user/.m2/repository/org/glassfish/jersey/core/jersey-client/2.27/jersey-client-2.27.jar:/home/user/.m2/repository/org/glassfish/jersey/media/jersey-media-jaxb/2.27/jersey-media-jaxb-2.27.jar:/home/user/.m2/repository/javax/validation/validation-api/1.1.0.Final/validation-api-1.1.0.Final.jar:/home/user/.m2/repository/org/glassfish/jersey/media/jersey-media-json-jackson/2.27/jersey-media-json-jackson-2.27.jar:/home/user/.m2/repository/org/glassfish/jersey/ext/jersey-entity-filtering/2.27/jersey-entity-filtering-2.27.jar:/home/user/.m2/repository/com/google/inject/extensions/guice-assistedinject/4.0/guice-assistedinject-4.0.jar:/home/user/.m2/repository/org/jooq/jooq/3.11.10/jooq-3.11.10.jar:/home/user/.m2/repository/org/jooq/jooq-meta/3.11.10/jooq-meta-3.11.10.jar:/home/user/.m2/repository/org/jooq/jooq-codegen/3.11.10/jooq-codegen-3.11.10.jar:/home/user/.m2/repository/com/jolbox/bonecp/0.8.0.RELEASE/bonecp-0.8.0.RELEASE.jar:/home/user/.m2/repository/org/xerial/sqlite-jdbc/3.25.2/sqlite-jdbc-3.25.2.jar:/home/user/.m2/repository/org/springframework/spring-jdbc/5.1.3.RELEASE/spring-jdbc-5.1.3.RELEASE.jar:/home/user/.m2/repository/org/springframework/spring-beans/5.1.3.RELEASE/spring-beans-5.1.3.RELEASE.jar:/home/user/.m2/repository/org/springframework/spring-core/5.1.3.RELEASE/spring-core-5.1.3.RELEASE.jar:/home/user/.m2/repository/org/springframework/spring-jcl/5.1.3.RELEASE/spring-jcl-5.1.3.RELEASE.jar:/home/user/.m2/repository/org/springframework/spring-tx/5.1.3.RELEASE/spring-tx-5.1.3.RELEASE.jar:/home/user/.m2/repository/org/apache/hadoop/hadoop-ozone-client/0.5.0-SNAPSHOT/hadoop-ozone-client-0.5.0-SNAPSHOT.jar:/home/user/.m2/repository/commons-lang/commons-lang/2.6/commons-lang-2.6.jar:/home/user/.m2/repository/org/apache/hadoop/hadoop-ozone-ozone-manager/0.5.0-SNAPSHOT/hadoop-ozone-ozone-manager-0.5.0-SNAPSHOT-tests.jar:/home/user/.m2/repository/junit/junit/4.11/junit-4.11.jar:/home/user/.m2/repository/org/hamcrest/hamcrest-core/1.3/hamcrest-core-1.3.jar:/home/user/.m2/repository/org/openjdk/jmh/jmh-core/1.19/jmh-core-1.19.jar:/home/user/.m2/repository/net/sf/jopt-simple/jopt-simple/4.6/jopt-simple-4.6.jar:/home/user/.m2/repository/org/apache/commons/commons-math3/3.1.1/commons-math3-3.1.1.jar:/home/user/.m2/repository/org/openjdk/jmh/jmh-generator-annprocess/1.19/jmh-generator-annprocess-1.19.jar:/home/user/.m2/repository/org/mockito/mockito-all/1.8.5/mockito-all-1.8.5.jar:/home/user/.m2/repository/org/apache/hadoop/hadoop-kms/3.2.0/hadoop-kms-3.2.0.jar:/home/user/.m2/repository/org/apache/hadoop/hadoop-auth/3.2.0/hadoop-auth-3.2.0.jar:/home/user/.m2/repository/com/nimbusds/nimbus-jose-jwt/4.41.1/nimbus-jose-jwt-4.41.1.jar:/home/user/.m2/repository/com/github/stephenc/jcip/jcip-annotations/1.0-1/jcip-annotations-1.0-1.jar:/home/user/.m2/repository/net/minidev/json-smart/2.3/json-smart-2.3.jar:/home/user/.m2/repository/net/minidev/accessors-smart/1.2/accessors-smart-1.2.jar:/home/user/.m2/repository/org/ow2/asm/asm/5.0.4/asm-5.0.4.jar:/home/user/.m2/repository/org/apache/curator/curator-framework/2.12.0/curator-framework-2.12.0.jar:/home/user/.m2/repository/com/sun/jersey/jersey-core/1.19/jersey-core-1.19.jar:/home/user/.m2/repository/javax/ws/rs/jsr311-api/1.1.1/jsr311-api-1.1.1.jar:/home/user/.m2/repository/com/sun/jersey/jersey-server/1.19/jersey-server-1.19.jar:/home/user/.m2/repository/javax/servlet/javax.servlet-api/3.1.0/javax.servlet-api-3.1.0.jar:/home/user/.m2/repository/org/eclipse/jetty/jetty-server/9.3.24.v20180605/jetty-server-9.3.24.v20180605.jar:/home/user/.m2/repository/org/eclipse/jetty/jetty-http/9.3.24.v20180605/jetty-http-9.3.24.v20180605.jar:/home/user/.m2/repository/org/eclipse/jetty/jetty-io/9.3.24.v20180605/jetty-io-9.3.24.v20180605.jar:/home/user/.m2/repository/org/eclipse/jetty/jetty-webapp/9.3.24.v20180605/jetty-webapp-9.3.24.v20180605.jar:/home/user/.m2/repository/org/eclipse/jetty/jetty-xml/9.3.24.v20180605/jetty-xml-9.3.24.v20180605.jar:/home/user/.m2/repository/log4j/log4j/1.2.17/log4j-1.2.17.jar:/home/user/.m2/repository/org/slf4j/slf4j-api/1.7.25/slf4j-api-1.7.25.jar:/home/user/.m2/repository/org/slf4j/jul-to-slf4j/1.7.25/jul-to-slf4j-1.7.25.jar:/home/user/.m2/repository/org/eclipse/jetty/jetty-util/9.3.24.v20180605/jetty-util-9.3.24.v20180605.jar:/home/user/.m2/repository/com/fasterxml/jackson/core/jackson-databind/2.9.5/jackson-databind-2.9.5.jar:/home/user/.m2/repository/org/apache/hadoop/hadoop-kms/3.2.0/hadoop-kms-3.2.0-tests.jar:/home/user/.m2/repository/org/apache/hadoop/hadoop-hdds-server-scm/0.5.0-SNAPSHOT/hadoop-hdds-server-scm-0.5.0-SNAPSHOT-tests.jar:/home/user/.m2/repository/org/apache/hadoop/hadoop-hdds-container-service/0.5.0-SNAPSHOT/hadoop-hdds-container-service-0.5.0-SNAPSHOT-tests.jar:/home/user/.m2/repository/org/yaml/snakeyaml/1.16/snakeyaml-1.16.jar:/home/user/.m2/repository/org/apache/hadoop/hadoop-common/3.2.0/hadoop-common-3.2.0-tests.jar:/home/user/.m2/repository/org/apache/hadoop/hadoop-annotations/3.2.0/hadoop-annotations-3.2.0.jar:/usr/lib/jvm/java-1.8-openjdk/jre/../lib/tools.jar:/home/user/.m2/repository/commons-cli/commons-cli/1.2/commons-cli-1.2.jar:/home/user/.m2/repository/org/apache/httpcomponents/httpclient/4.5.2/httpclient-4.5.2.jar:/home/user/.m2/repository/org/apache/httpcomponents/httpcore/4.4.4/httpcore-4.4.4.jar:/home/user/.m2/repository/commons-codec/commons-codec/1.11/commons-codec-1.11.jar:/home/user/.m2/repository/commons-net/commons-net/3.6/commons-net-3.6.jar:/home/user/.m2/repository/commons-collections/commons-collections/3.2.2/commons-collections-3.2.2.jar:/home/user/.m2/repository/org/eclipse/jetty/jetty-servlet/9.3.24.v20180605/jetty-servlet-9.3.24.v20180605.jar:/home/user/.m2/repository/org/eclipse/jetty/jetty-security/9.3.24.v20180605/jetty-security-9.3.24.v20180605.jar:/home/user/.m2/repository/javax/servlet/jsp/jsp-api/2.1/jsp-api-2.1.jar:/home/user/.m2/repository/com/sun/jersey/jersey-servlet/1.19/jersey-servlet-1.19.jar:/home/user/.m2/repository/com/sun/jersey/jersey-json/1.19/jersey-json-1.19.jar:/home/user/.m2/repository/org/codehaus/jettison/jettison/1.1/jettison-1.1.jar:/home/user/.m2/repository/org/codehaus/jackson/jackson-core-asl/1.9.13/jackson-core-asl-1.9.13.jar:/home/user/.m2/repository/org/codehaus/jackson/jackson-mapper-asl/1.9.13/jackson-mapper-asl-1.9.13.jar:/home/user/.m2/repository/org/codehaus/jackson/jackson-jaxrs/1.9.13/jackson-jaxrs-1.9.13.jar:/home/user/.m2/repository/org/codehaus/jackson/jackson-xc/1.9.13/jackson-xc-1.9.13.jar:/home/user/.m2/repository/commons-logging/commons-logging/1.1.3/commons-logging-1.1.3.jar:/home/user/.m2/repository/commons-beanutils/commons-beanutils/1.9.3/commons-beanutils-1.9.3.jar:/home/user/.m2/repository/org/apache/commons/commons-configuration2/2.1.1/commons-configuration2-2.1.1.jar:/home/user/.m2/repository/org/apache/commons/commons-lang3/3.7/commons-lang3-3.7.jar:/home/user/.m2/repository/org/apache/commons/commons-text/1.4/commons-text-1.4.jar:/home/user/.m2/repository/org/apache/avro/avro/1.7.7/avro-1.7.7.jar:/home/user/.m2/repository/com/thoughtworks/paranamer/paranamer/2.3/paranamer-2.3.jar:/home/user/.m2/repository/org/xerial/snappy/snappy-java/1.0.5/snappy-java-1.0.5.jar:/home/user/.m2/repository/com/google/re2j/re2j/1.1/re2j-1.1.jar:/home/user/.m2/repository/com/google/code/gson/gson/2.2.4/gson-2.2.4.jar:/home/user/.m2/repository/com/jcraft/jsch/0.1.54/jsch-0.1.54.jar:/home/user/.m2/repository/org/apache/curator/curator-client/2.12.0/curator-client-2.12.0.jar:/home/user/.m2/repository/org/apache/curator/curator-recipes/2.12.0/curator-recipes-2.12.0.jar:/home/user/.m2/repository/com/google/code/findbugs/jsr305/3.0.0/jsr305-3.0.0.jar:/home/user/.m2/repository/org/apache/htrace/htrace-core4/4.1.0-incubating/htrace-core4-4.1.0-incubating.jar:/home/user/.m2/repository/org/apache/zookeeper/zookeeper/3.4.13/zookeeper-3.4.13.jar:/home/user/.m2/repository/org/apache/yetus/audience-annotations/0.5.0/audience-annotations-0.5.0.jar:/home/user/.m2/repository/org/codehaus/woodstox/stax2-api/3.1.4/stax2-api-3.1.4.jar:/home/user/.m2/repository/com/fasterxml/woodstox/woodstox-core/5.0.3/woodstox-core-5.0.3.jar:/home/user/.m2/repository/dnsjava/dnsjava/2.1.7/dnsjava-2.1.7.jar:/home/user/.m2/repository/org/apache/hadoop/hadoop-hdfs/3.2.0/hadoop-hdfs-3.2.0-tests.jar:/home/user/.m2/repository/org/eclipse/jetty/jetty-util-ajax/9.3.24.v20180605/jetty-util-ajax-9.3.24.v20180605.jar:/home/user/.m2/repository/commons-daemon/commons-daemon/1.0.13/commons-daemon-1.0.13.jar:/home/user/.m2/repository/io/netty/netty/3.10.5.Final/netty-3.10.5.Final.jar:/home/user/.m2/repository/io/netty/netty-all/4.0.52.Final/netty-all-4.0.52.Final.jar:/home/user/.m2/repository/org/fusesource/leveldbjni/leveldbjni-all/1.8/leveldbjni-all-1.8.jar:"/>
    <property name="java.vm.vendor" value="IcedTea"/>
    <property name="sun.arch.data.model" value="64"/>
    <property name="test.build.dir" value="/tmp/workdir/hadoop-ozone/integration-test/target/test-dir"/>
    <property name="test.cache.data" value=""/>
    <property name="java.vendor.url" value="https://icedtea.classpath.org"/>
    <property name="user.timezone" value=""/>
    <property name="java.vm.specification.version" value="1.8"/>
    <property name="os.name" value="Linux"/>
    <property name="test.build.data" value="/tmp/workdir/hadoop-ozone/integration-test/target/test-dir"/>
    <property name="user.country" value="US"/>
    <property name="sun.java.launcher" value="SUN_STANDARD"/>
    <property name="sun.boot.library.path" value="/usr/lib/jvm/java-1.8-openjdk/jre/lib/amd64"/>
    <property name="sun.java.command" value="/tmp/workdir/hadoop-ozone/integration-test/target/surefire/surefirebooter627641034976887722.jar /tmp/workdir/hadoop-ozone/integration-test/target/surefire 2019-07-13T16-10-13_940-jvmRun1 surefire4529241470573536804tmp surefire_638653369082404245006tmp"/>
    <property name="surefire.test.class.path" value="/tmp/workdir/hadoop-ozone/integration-test/target/test-classes:/tmp/workdir/hadoop-ozone/integration-test/target/classes:/home/user/.m2/repository/org/apache/hadoop/hadoop-ozone-common/0.5.0-SNAPSHOT/hadoop-ozone-common-0.5.0-SNAPSHOT.jar:/home/user/.m2/repository/org/apache/commons/commons-compress/1.4.1/commons-compress-1.4.1.jar:/home/user/.m2/repository/org/tukaani/xz/1.0/xz-1.0.jar:/home/user/.m2/repository/org/apache/hadoop/hadoop-common/3.2.0/hadoop-common-3.2.0.jar:/home/user/.m2/repository/org/apache/hadoop/hadoop-hdfs/3.2.0/hadoop-hdfs-3.2.0.jar:/home/user/.m2/repository/org/apache/hadoop/hadoop-hdfs-client/3.2.0/hadoop-hdfs-client-3.2.0.jar:/home/user/.m2/repository/com/fasterxml/jackson/core/jackson-annotations/2.9.5/jackson-annotations-2.9.5.jar:/home/user/.m2/repository/org/apache/hadoop/hadoop-hdds-common/0.5.0-SNAPSHOT/hadoop-hdds-common-0.5.0-SNAPSHOT.jar:/home/user/.m2/repository/javax/annotation/javax.annotation-api/1.2/javax.annotation-api-1.2.jar:/home/user/.m2/repository/org/apache/ratis/ratis-server/0.4.0-2337318-SNAPSHOT/ratis-server-0.4.0-2337318-SNAPSHOT.jar:/home/user/.m2/repository/org/apache/ratis/ratis-thirdparty-misc/0.2.0/ratis-thirdparty-misc-0.2.0.jar:/home/user/.m2/repository/org/apache/ratis/ratis-proto/0.4.0-2337318-SNAPSHOT/ratis-proto-0.4.0-2337318-SNAPSHOT.jar:/home/user/.m2/repository/org/apache/ratis/ratis-common/0.4.0-2337318-SNAPSHOT/ratis-common-0.4.0-2337318-SNAPSHOT.jar:/home/user/.m2/repository/org/apache/ratis/ratis-client/0.4.0-2337318-SNAPSHOT/ratis-client-0.4.0-2337318-SNAPSHOT.jar:/home/user/.m2/repository/org/apache/ratis/ratis-metrics/0.4.0-2337318-SNAPSHOT/ratis-metrics-0.4.0-2337318-SNAPSHOT.jar:/home/user/.m2/repository/org/apache/ratis/ratis-netty/0.4.0-2337318-SNAPSHOT/ratis-netty-0.4.0-2337318-SNAPSHOT.jar:/home/user/.m2/repository/org/apache/ratis/ratis-grpc/0.4.0-2337318-SNAPSHOT/ratis-grpc-0.4.0-2337318-SNAPSHOT.jar:/home/user/.m2/repository/org/rocksdb/rocksdbjni/6.0.1/rocksdbjni-6.0.1.jar:/home/user/.m2/repository/org/apache/logging/log4j/log4j-api/2.11.0/log4j-api-2.11.0.jar:/home/user/.m2/repository/org/apache/logging/log4j/log4j-core/2.11.0/log4j-core-2.11.0.jar:/home/user/.m2/repository/com/lmax/disruptor/3.4.2/disruptor-3.4.2.jar:/home/user/.m2/repository/org/apache/commons/commons-pool2/2.6.0/commons-pool2-2.6.0.jar:/home/user/.m2/repository/org/bouncycastle/bcpkix-jdk15on/1.60/bcpkix-jdk15on-1.60.jar:/home/user/.m2/repository/commons-validator/commons-validator/1.6/commons-validator-1.6.jar:/home/user/.m2/repository/commons-digester/commons-digester/1.8.1/commons-digester-1.8.1.jar:/home/user/.m2/repository/io/jaegertracing/jaeger-client/0.33.1/jaeger-client-0.33.1.jar:/home/user/.m2/repository/io/jaegertracing/jaeger-thrift/0.33.1/jaeger-thrift-0.33.1.jar:/home/user/.m2/repository/org/apache/thrift/libthrift/0.11.0/libthrift-0.11.0.jar:/home/user/.m2/repository/com/squareup/okhttp3/okhttp/3.9.0/okhttp-3.9.0.jar:/home/user/.m2/repository/com/squareup/okio/okio/1.13.0/okio-1.13.0.jar:/home/user/.m2/repository/io/jaegertracing/jaeger-core/0.33.1/jaeger-core-0.33.1.jar:/home/user/.m2/repository/io/jaegertracing/jaeger-tracerresolver/0.33.1/jaeger-tracerresolver-0.33.1.jar:/home/user/.m2/repository/io/opentracing/contrib/opentracing-tracerresolver/0.1.5/opentracing-tracerresolver-0.1.5.jar:/home/user/.m2/repository/io/opentracing/opentracing-util/0.31.0/opentracing-util-0.31.0.jar:/home/user/.m2/repository/io/opentracing/opentracing-api/0.31.0/opentracing-api-0.31.0.jar:/home/user/.m2/repository/io/opentracing/opentracing-noop/0.31.0/opentracing-noop-0.31.0.jar:/home/user/.m2/repository/org/apache/hadoop/hadoop-hdds-server-framework/0.5.0-SNAPSHOT/hadoop-hdds-server-framework-0.5.0-SNAPSHOT.jar:/home/user/.m2/repository/org/apache/hadoop/hadoop-hdds-container-service/0.5.0-SNAPSHOT/hadoop-hdds-container-service-0.5.0-SNAPSHOT.jar:/home/user/.m2/repository/org/apache/hadoop/hadoop-hdds-client/0.5.0-SNAPSHOT/hadoop-hdds-client-0.5.0-SNAPSHOT.jar:/home/user/.m2/repository/org/apache/hadoop/hadoop-hdds-tools/0.5.0-SNAPSHOT/hadoop-hdds-tools-0.5.0-SNAPSHOT.jar:/home/user/.m2/repository/org/apache/hadoop/hadoop-hdds-server-scm/0.5.0-SNAPSHOT/hadoop-hdds-server-scm-0.5.0-SNAPSHOT.jar:/home/user/.m2/repository/org/apache/hadoop/hadoop-hdds-docs/0.5.0-SNAPSHOT/hadoop-hdds-docs-0.5.0-SNAPSHOT.jar:/home/user/.m2/repository/io/dropwizard/metrics/metrics-core/3.2.4/metrics-core-3.2.4.jar:/home/user/.m2/repository/org/hamcrest/hamcrest-all/1.3/hamcrest-all-1.3.jar:/home/user/.m2/repository/org/bouncycastle/bcprov-jdk15on/1.60/bcprov-jdk15on-1.60.jar:/home/user/.m2/repository/info/picocli/picocli/3.9.6/picocli-3.9.6.jar:/home/user/.m2/repository/com/google/protobuf/protobuf-java/2.5.0/protobuf-java-2.5.0.jar:/home/user/.m2/repository/com/google/guava/guava/11.0.2/guava-11.0.2.jar:/home/user/.m2/repository/org/apache/hadoop/hadoop-ozone-ozone-manager/0.5.0-SNAPSHOT/hadoop-ozone-ozone-manager-0.5.0-SNAPSHOT.jar:/home/user/.m2/repository/org/apache/hadoop/hadoop-minikdc/3.2.0/hadoop-minikdc-3.2.0.jar:/home/user/.m2/repository/commons-io/commons-io/2.5/commons-io-2.5.jar:/home/user/.m2/repository/org/apache/kerby/kerb-simplekdc/1.0.1/kerb-simplekdc-1.0.1.jar:/home/user/.m2/repository/org/apache/kerby/kerb-client/1.0.1/kerb-client-1.0.1.jar:/home/user/.m2/repository/org/apache/kerby/kerby-config/1.0.1/kerby-config-1.0.1.jar:/home/user/.m2/repository/org/apache/kerby/kerb-core/1.0.1/kerb-core-1.0.1.jar:/home/user/.m2/repository/org/apache/kerby/kerby-pkix/1.0.1/kerby-pkix-1.0.1.jar:/home/user/.m2/repository/org/apache/kerby/kerby-asn1/1.0.1/kerby-asn1-1.0.1.jar:/home/user/.m2/repository/org/apache/kerby/kerby-util/1.0.1/kerby-util-1.0.1.jar:/home/user/.m2/repository/org/apache/kerby/kerb-common/1.0.1/kerb-common-1.0.1.jar:/home/user/.m2/repository/org/apache/kerby/kerb-crypto/1.0.1/kerb-crypto-1.0.1.jar:/home/user/.m2/repository/org/apache/kerby/kerb-util/1.0.1/kerb-util-1.0.1.jar:/home/user/.m2/repository/org/apache/kerby/token-provider/1.0.1/token-provider-1.0.1.jar:/home/user/.m2/repository/org/apache/kerby/kerb-admin/1.0.1/kerb-admin-1.0.1.jar:/home/user/.m2/repository/org/apache/kerby/kerb-server/1.0.1/kerb-server-1.0.1.jar:/home/user/.m2/repository/org/apache/kerby/kerb-identity/1.0.1/kerb-identity-1.0.1.jar:/home/user/.m2/repository/org/apache/kerby/kerby-xdr/1.0.1/kerby-xdr-1.0.1.jar:/home/user/.m2/repository/org/slf4j/slf4j-log4j12/1.7.25/slf4j-log4j12-1.7.25.jar:/home/user/.m2/repository/org/apache/hadoop/hadoop-ozone-objectstore-service/0.5.0-SNAPSHOT/hadoop-ozone-objectstore-service-0.5.0-SNAPSHOT.jar:/home/user/.m2/repository/org/apache/hadoop/hadoop-ozone-s3gateway/0.5.0-SNAPSHOT/hadoop-ozone-s3gateway-0.5.0-SNAPSHOT.jar:/home/user/.m2/repository/org/jboss/weld/servlet/weld-servlet/2.4.7.Final/weld-servlet-2.4.7.Final.jar:/home/user/.m2/repository/org/glassfish/jersey/containers/jersey-container-servlet-core/2.27/jersey-container-servlet-core-2.27.jar:/home/user/.m2/repository/org/glassfish/hk2/external/javax.inject/2.5.0-b42/javax.inject-2.5.0-b42.jar:/home/user/.m2/repository/org/glassfish/jersey/core/jersey-common/2.27/jersey-common-2.27.jar:/home/user/.m2/repository/org/glassfish/hk2/osgi-resource-locator/1.0.1/osgi-resource-locator-1.0.1.jar:/home/user/.m2/repository/javax/ws/rs/javax.ws.rs-api/2.1/javax.ws.rs-api-2.1.jar:/home/user/.m2/repository/org/glassfish/jersey/ext/cdi/jersey-cdi1x/2.27/jersey-cdi1x-2.27.jar:/home/user/.m2/repository/org/glassfish/jersey/inject/jersey-hk2/2.27/jersey-hk2-2.27.jar:/home/user/.m2/repository/org/glassfish/hk2/hk2-locator/2.5.0-b42/hk2-locator-2.5.0-b42.jar:/home/user/.m2/repository/org/javassist/javassist/3.22.0-CR2/javassist-3.22.0-CR2.jar:/home/user/.m2/repository/org/glassfish/hk2/hk2-api/2.5.0/hk2-api-2.5.0.jar:/home/user/.m2/repository/org/glassfish/hk2/external/jakarta.inject/2.5.0/jakarta.inject-2.5.0.jar:/home/user/.m2/repository/org/glassfish/hk2/hk2-utils/2.5.0/hk2-utils-2.5.0.jar:/home/user/.m2/repository/jakarta/annotation/jakarta.annotation-api/1.3.4/jakarta.annotation-api-1.3.4.jar:/home/user/.m2/repository/org/glassfish/hk2/external/aopalliance-repackaged/2.5.0/aopalliance-repackaged-2.5.0.jar:/home/user/.m2/repository/com/fasterxml/jackson/dataformat/jackson-dataformat-xml/2.9.0/jackson-dataformat-xml-2.9.0.jar:/home/user/.m2/repository/com/fasterxml/jackson/core/jackson-core/2.9.5/jackson-core-2.9.5.jar:/home/user/.m2/repository/com/fasterxml/jackson/module/jackson-module-jaxb-annotations/2.9.5/jackson-module-jaxb-annotations-2.9.5.jar:/home/user/.m2/repository/javax/enterprise/cdi-api/1.2/cdi-api-1.2.jar:/home/user/.m2/repository/javax/el/javax.el-api/3.0.0/javax.el-api-3.0.0.jar:/home/user/.m2/repository/javax/interceptor/javax.interceptor-api/1.2/javax.interceptor-api-1.2.jar:/home/user/.m2/repository/javax/inject/javax.inject/1/javax.inject-1.jar:/home/user/.m2/repository/com/sun/xml/bind/jaxb-impl/2.3.0.1/jaxb-impl-2.3.0.1.jar:/home/user/.m2/repository/com/sun/xml/bind/jaxb-core/2.3.0.1/jaxb-core-2.3.0.1.jar:/home/user/.m2/repository/javax/xml/bind/jaxb-api/2.3.0/jaxb-api-2.3.0.jar:/home/user/.m2/repository/javax/activation/activation/1.1.1/activation-1.1.1.jar:/home/user/.m2/repository/org/apache/hadoop/hadoop-ozone-csi/0.5.0-SNAPSHOT/hadoop-ozone-csi-0.5.0-SNAPSHOT.jar:/home/user/.m2/repository/com/google/protobuf/protobuf-java-util/3.5.1/protobuf-java-util-3.5.1.jar:/home/user/.m2/repository/org/apache/hadoop/hadoop-hdds-config/0.5.0-SNAPSHOT/hadoop-hdds-config-0.5.0-SNAPSHOT.jar:/home/user/.m2/repository/io/grpc/grpc-netty/1.17.1/grpc-netty-1.17.1.jar:/home/user/.m2/repository/io/grpc/grpc-core/1.17.1/grpc-core-1.17.1.jar:/home/user/.m2/repository/io/grpc/grpc-context/1.17.1/grpc-context-1.17.1.jar:/home/user/.m2/repository/com/google/errorprone/error_prone_annotations/2.2.0/error_prone_annotations-2.2.0.jar:/home/user/.m2/repository/org/codehaus/mojo/animal-sniffer-annotations/1.17/animal-sniffer-annotations-1.17.jar:/home/user/.m2/repository/io/opencensus/opencensus-api/0.17.0/opencensus-api-0.17.0.jar:/home/user/.m2/repository/io/opencensus/opencensus-contrib-grpc-metrics/0.17.0/opencensus-contrib-grpc-metrics-0.17.0.jar:/home/user/.m2/repository/io/netty/netty-codec-http2/4.1.30.Final/netty-codec-http2-4.1.30.Final.jar:/home/user/.m2/repository/io/netty/netty-codec-http/4.1.30.Final/netty-codec-http-4.1.30.Final.jar:/home/user/.m2/repository/io/netty/netty-codec/4.1.30.Final/netty-codec-4.1.30.Final.jar:/home/user/.m2/repository/io/netty/netty-handler/4.1.30.Final/netty-handler-4.1.30.Final.jar:/home/user/.m2/repository/io/netty/netty-handler-proxy/4.1.30.Final/netty-handler-proxy-4.1.30.Final.jar:/home/user/.m2/repository/io/netty/netty-codec-socks/4.1.30.Final/netty-codec-socks-4.1.30.Final.jar:/home/user/.m2/repository/io/netty/netty-transport-native-epoll/4.1.30.Final/netty-transport-native-epoll-4.1.30.Final.jar:/home/user/.m2/repository/io/netty/netty-common/4.1.30.Final/netty-common-4.1.30.Final.jar:/home/user/.m2/repository/io/netty/netty-buffer/4.1.30.Final/netty-buffer-4.1.30.Final.jar:/home/user/.m2/repository/io/netty/netty-transport/4.1.30.Final/netty-transport-4.1.30.Final.jar:/home/user/.m2/repository/io/netty/netty-resolver/4.1.30.Final/netty-resolver-4.1.30.Final.jar:/home/user/.m2/repository/io/netty/netty-transport-native-unix-common/4.1.30.Final/netty-transport-native-unix-common-4.1.30.Final.jar:/home/user/.m2/repository/io/grpc/grpc-protobuf/1.17.1/grpc-protobuf-1.17.1.jar:/home/user/.m2/repository/com/google/api/grpc/proto-google-common-protos/1.0.0/proto-google-common-protos-1.0.0.jar:/home/user/.m2/repository/io/grpc/grpc-protobuf-lite/1.17.1/grpc-protobuf-lite-1.17.1.jar:/home/user/.m2/repository/io/grpc/grpc-stub/1.17.1/grpc-stub-1.17.1.jar:/home/user/.m2/repository/org/apache/hadoop/hadoop-ozone-recon/0.5.0-SNAPSHOT/hadoop-ozone-recon-0.5.0-SNAPSHOT.jar:/home/user/.m2/repository/org/apache/hadoop/hadoop-ozone-reconcodegen/0.5.0-SNAPSHOT/hadoop-ozone-reconcodegen-0.5.0-SNAPSHOT.jar:/home/user/.m2/repository/com/google/inject/extensions/guice-multibindings/4.0/guice-multibindings-4.0.jar:/home/user/.m2/repository/com/google/inject/guice/4.0/guice-4.0.jar:/home/user/.m2/repository/aopalliance/aopalliance/1.0/aopalliance-1.0.jar:/home/user/.m2/repository/com/google/inject/extensions/guice-servlet/4.0/guice-servlet-4.0.jar:/home/user/.m2/repository/org/glassfish/jersey/containers/jersey-container-servlet/2.27/jersey-container-servlet-2.27.jar:/home/user/.m2/repository/org/glassfish/hk2/guice-bridge/2.5.0/guice-bridge-2.5.0.jar:/home/user/.m2/repository/org/glassfish/jersey/core/jersey-server/2.27/jersey-server-2.27.jar:/home/user/.m2/repository/org/glassfish/jersey/core/jersey-client/2.27/jersey-client-2.27.jar:/home/user/.m2/repository/org/glassfish/jersey/media/jersey-media-jaxb/2.27/jersey-media-jaxb-2.27.jar:/home/user/.m2/repository/javax/validation/validation-api/1.1.0.Final/validation-api-1.1.0.Final.jar:/home/user/.m2/repository/org/glassfish/jersey/media/jersey-media-json-jackson/2.27/jersey-media-json-jackson-2.27.jar:/home/user/.m2/repository/org/glassfish/jersey/ext/jersey-entity-filtering/2.27/jersey-entity-filtering-2.27.jar:/home/user/.m2/repository/com/google/inject/extensions/guice-assistedinject/4.0/guice-assistedinject-4.0.jar:/home/user/.m2/repository/org/jooq/jooq/3.11.10/jooq-3.11.10.jar:/home/user/.m2/repository/org/jooq/jooq-meta/3.11.10/jooq-meta-3.11.10.jar:/home/user/.m2/repository/org/jooq/jooq-codegen/3.11.10/jooq-codegen-3.11.10.jar:/home/user/.m2/repository/com/jolbox/bonecp/0.8.0.RELEASE/bonecp-0.8.0.RELEASE.jar:/home/user/.m2/repository/org/xerial/sqlite-jdbc/3.25.2/sqlite-jdbc-3.25.2.jar:/home/user/.m2/repository/org/springframework/spring-jdbc/5.1.3.RELEASE/spring-jdbc-5.1.3.RELEASE.jar:/home/user/.m2/repository/org/springframework/spring-beans/5.1.3.RELEASE/spring-beans-5.1.3.RELEASE.jar:/home/user/.m2/repository/org/springframework/spring-core/5.1.3.RELEASE/spring-core-5.1.3.RELEASE.jar:/home/user/.m2/repository/org/springframework/spring-jcl/5.1.3.RELEASE/spring-jcl-5.1.3.RELEASE.jar:/home/user/.m2/repository/org/springframework/spring-tx/5.1.3.RELEASE/spring-tx-5.1.3.RELEASE.jar:/home/user/.m2/repository/org/apache/hadoop/hadoop-ozone-client/0.5.0-SNAPSHOT/hadoop-ozone-client-0.5.0-SNAPSHOT.jar:/home/user/.m2/repository/commons-lang/commons-lang/2.6/commons-lang-2.6.jar:/home/user/.m2/repository/org/apache/hadoop/hadoop-ozone-ozone-manager/0.5.0-SNAPSHOT/hadoop-ozone-ozone-manager-0.5.0-SNAPSHOT-tests.jar:/home/user/.m2/repository/junit/junit/4.11/junit-4.11.jar:/home/user/.m2/repository/org/hamcrest/hamcrest-core/1.3/hamcrest-core-1.3.jar:/home/user/.m2/repository/org/openjdk/jmh/jmh-core/1.19/jmh-core-1.19.jar:/home/user/.m2/repository/net/sf/jopt-simple/jopt-simple/4.6/jopt-simple-4.6.jar:/home/user/.m2/repository/org/apache/commons/commons-math3/3.1.1/commons-math3-3.1.1.jar:/home/user/.m2/repository/org/openjdk/jmh/jmh-generator-annprocess/1.19/jmh-generator-annprocess-1.19.jar:/home/user/.m2/repository/org/mockito/mockito-all/1.8.5/mockito-all-1.8.5.jar:/home/user/.m2/repository/org/apache/hadoop/hadoop-kms/3.2.0/hadoop-kms-3.2.0.jar:/home/user/.m2/repository/org/apache/hadoop/hadoop-auth/3.2.0/hadoop-auth-3.2.0.jar:/home/user/.m2/repository/com/nimbusds/nimbus-jose-jwt/4.41.1/nimbus-jose-jwt-4.41.1.jar:/home/user/.m2/repository/com/github/stephenc/jcip/jcip-annotations/1.0-1/jcip-annotations-1.0-1.jar:/home/user/.m2/repository/net/minidev/json-smart/2.3/json-smart-2.3.jar:/home/user/.m2/repository/net/minidev/accessors-smart/1.2/accessors-smart-1.2.jar:/home/user/.m2/repository/org/ow2/asm/asm/5.0.4/asm-5.0.4.jar:/home/user/.m2/repository/org/apache/curator/curator-framework/2.12.0/curator-framework-2.12.0.jar:/home/user/.m2/repository/com/sun/jersey/jersey-core/1.19/jersey-core-1.19.jar:/home/user/.m2/repository/javax/ws/rs/jsr311-api/1.1.1/jsr311-api-1.1.1.jar:/home/user/.m2/repository/com/sun/jersey/jersey-server/1.19/jersey-server-1.19.jar:/home/user/.m2/repository/javax/servlet/javax.servlet-api/3.1.0/javax.servlet-api-3.1.0.jar:/home/user/.m2/repository/org/eclipse/jetty/jetty-server/9.3.24.v20180605/jetty-server-9.3.24.v20180605.jar:/home/user/.m2/repository/org/eclipse/jetty/jetty-http/9.3.24.v20180605/jetty-http-9.3.24.v20180605.jar:/home/user/.m2/repository/org/eclipse/jetty/jetty-io/9.3.24.v20180605/jetty-io-9.3.24.v20180605.jar:/home/user/.m2/repository/org/eclipse/jetty/jetty-webapp/9.3.24.v20180605/jetty-webapp-9.3.24.v20180605.jar:/home/user/.m2/repository/org/eclipse/jetty/jetty-xml/9.3.24.v20180605/jetty-xml-9.3.24.v20180605.jar:/home/user/.m2/repository/log4j/log4j/1.2.17/log4j-1.2.17.jar:/home/user/.m2/repository/org/slf4j/slf4j-api/1.7.25/slf4j-api-1.7.25.jar:/home/user/.m2/repository/org/slf4j/jul-to-slf4j/1.7.25/jul-to-slf4j-1.7.25.jar:/home/user/.m2/repository/org/eclipse/jetty/jetty-util/9.3.24.v20180605/jetty-util-9.3.24.v20180605.jar:/home/user/.m2/repository/com/fasterxml/jackson/core/jackson-databind/2.9.5/jackson-databind-2.9.5.jar:/home/user/.m2/repository/org/apache/hadoop/hadoop-kms/3.2.0/hadoop-kms-3.2.0-tests.jar:/home/user/.m2/repository/org/apache/hadoop/hadoop-hdds-server-scm/0.5.0-SNAPSHOT/hadoop-hdds-server-scm-0.5.0-SNAPSHOT-tests.jar:/home/user/.m2/repository/org/apache/hadoop/hadoop-hdds-container-service/0.5.0-SNAPSHOT/hadoop-hdds-container-service-0.5.0-SNAPSHOT-tests.jar:/home/user/.m2/repository/org/yaml/snakeyaml/1.16/snakeyaml-1.16.jar:/home/user/.m2/repository/org/apache/hadoop/hadoop-common/3.2.0/hadoop-common-3.2.0-tests.jar:/home/user/.m2/repository/org/apache/hadoop/hadoop-annotations/3.2.0/hadoop-annotations-3.2.0.jar:/usr/lib/jvm/java-1.8-openjdk/jre/../lib/tools.jar:/home/user/.m2/repository/commons-cli/commons-cli/1.2/commons-cli-1.2.jar:/home/user/.m2/repository/org/apache/httpcomponents/httpclient/4.5.2/httpclient-4.5.2.jar:/home/user/.m2/repository/org/apache/httpcomponents/httpcore/4.4.4/httpcore-4.4.4.jar:/home/user/.m2/repository/commons-codec/commons-codec/1.11/commons-codec-1.11.jar:/home/user/.m2/repository/commons-net/commons-net/3.6/commons-net-3.6.jar:/home/user/.m2/repository/commons-collections/commons-collections/3.2.2/commons-collections-3.2.2.jar:/home/user/.m2/repository/org/eclipse/jetty/jetty-servlet/9.3.24.v20180605/jetty-servlet-9.3.24.v20180605.jar:/home/user/.m2/repository/org/eclipse/jetty/jetty-security/9.3.24.v20180605/jetty-security-9.3.24.v20180605.jar:/home/user/.m2/repository/javax/servlet/jsp/jsp-api/2.1/jsp-api-2.1.jar:/home/user/.m2/repository/com/sun/jersey/jersey-servlet/1.19/jersey-servlet-1.19.jar:/home/user/.m2/repository/com/sun/jersey/jersey-json/1.19/jersey-json-1.19.jar:/home/user/.m2/repository/org/codehaus/jettison/jettison/1.1/jettison-1.1.jar:/home/user/.m2/repository/org/codehaus/jackson/jackson-core-asl/1.9.13/jackson-core-asl-1.9.13.jar:/home/user/.m2/repository/org/codehaus/jackson/jackson-mapper-asl/1.9.13/jackson-mapper-asl-1.9.13.jar:/home/user/.m2/repository/org/codehaus/jackson/jackson-jaxrs/1.9.13/jackson-jaxrs-1.9.13.jar:/home/user/.m2/repository/org/codehaus/jackson/jackson-xc/1.9.13/jackson-xc-1.9.13.jar:/home/user/.m2/repository/commons-logging/commons-logging/1.1.3/commons-logging-1.1.3.jar:/home/user/.m2/repository/commons-beanutils/commons-beanutils/1.9.3/commons-beanutils-1.9.3.jar:/home/user/.m2/repository/org/apache/commons/commons-configuration2/2.1.1/commons-configuration2-2.1.1.jar:/home/user/.m2/repository/org/apache/commons/commons-lang3/3.7/commons-lang3-3.7.jar:/home/user/.m2/repository/org/apache/commons/commons-text/1.4/commons-text-1.4.jar:/home/user/.m2/repository/org/apache/avro/avro/1.7.7/avro-1.7.7.jar:/home/user/.m2/repository/com/thoughtworks/paranamer/paranamer/2.3/paranamer-2.3.jar:/home/user/.m2/repository/org/xerial/snappy/snappy-java/1.0.5/snappy-java-1.0.5.jar:/home/user/.m2/repository/com/google/re2j/re2j/1.1/re2j-1.1.jar:/home/user/.m2/repository/com/google/code/gson/gson/2.2.4/gson-2.2.4.jar:/home/user/.m2/repository/com/jcraft/jsch/0.1.54/jsch-0.1.54.jar:/home/user/.m2/repository/org/apache/curator/curator-client/2.12.0/curator-client-2.12.0.jar:/home/user/.m2/repository/org/apache/curator/curator-recipes/2.12.0/curator-recipes-2.12.0.jar:/home/user/.m2/repository/com/google/code/findbugs/jsr305/3.0.0/jsr305-3.0.0.jar:/home/user/.m2/repository/org/apache/htrace/htrace-core4/4.1.0-incubating/htrace-core4-4.1.0-incubating.jar:/home/user/.m2/repository/org/apache/zookeeper/zookeeper/3.4.13/zookeeper-3.4.13.jar:/home/user/.m2/repository/org/apache/yetus/audience-annotations/0.5.0/audience-annotations-0.5.0.jar:/home/user/.m2/repository/org/codehaus/woodstox/stax2-api/3.1.4/stax2-api-3.1.4.jar:/home/user/.m2/repository/com/fasterxml/woodstox/woodstox-core/5.0.3/woodstox-core-5.0.3.jar:/home/user/.m2/repository/dnsjava/dnsjava/2.1.7/dnsjava-2.1.7.jar:/home/user/.m2/repository/org/apache/hadoop/hadoop-hdfs/3.2.0/hadoop-hdfs-3.2.0-tests.jar:/home/user/.m2/repository/org/eclipse/jetty/jetty-util-ajax/9.3.24.v20180605/jetty-util-ajax-9.3.24.v20180605.jar:/home/user/.m2/repository/commons-daemon/commons-daemon/1.0.13/commons-daemon-1.0.13.jar:/home/user/.m2/repository/io/netty/netty/3.10.5.Final/netty-3.10.5.Final.jar:/home/user/.m2/repository/io/netty/netty-all/4.0.52.Final/netty-all-4.0.52.Final.jar:/home/user/.m2/repository/org/fusesource/leveldbjni/leveldbjni-all/1.8/leveldbjni-all-1.8.jar:"/>
    <property name="sun.cpu.endian" value="little"/>
    <property name="user.home" value="/home/user"/>
    <property name="user.language" value="en"/>
    <property name="java.specification.vendor" value="Oracle Corporation"/>
    <property name="java.home" value="/usr/lib/jvm/java-1.8-openjdk/jre"/>
    <property name="java.security.krb5.conf" value="/tmp/workdir/hadoop-ozone/integration-test/target/test-classes/krb5.conf"/>
    <property name="basedir" value="/tmp/workdir/hadoop-ozone/integration-test"/>
    <property name="file.separator" value="/"/>
    <property name="line.separator" value="&#10;"/>
    <property name="java.vm.specification.vendor" value="Oracle Corporation"/>
    <property name="java.specification.name" value="Java Platform API Specification"/>
    <property name="java.awt.graphicsenv" value="sun.awt.X11GraphicsEnvironment"/>
    <property name="surefire.real.class.path" value="/tmp/workdir/hadoop-ozone/integration-test/target/surefire/surefirebooter627641034976887722.jar"/>
    <property name="hadoop.log.dir" value="/tmp/workdir/hadoop-ozone/integration-test/target/log"/>
    <property name="sun.boot.class.path" value="/usr/lib/jvm/java-1.8-openjdk/jre/lib/resources.jar:/usr/lib/jvm/java-1.8-openjdk/jre/lib/rt.jar:/usr/lib/jvm/java-1.8-openjdk/jre/lib/sunrsasign.jar:/usr/lib/jvm/java-1.8-openjdk/jre/lib/jsse.jar:/usr/lib/jvm/java-1.8-openjdk/jre/lib/jce.jar:/usr/lib/jvm/java-1.8-openjdk/jre/lib/charsets.jar:/usr/lib/jvm/java-1.8-openjdk/jre/lib/jfr.jar:/usr/lib/jvm/java-1.8-openjdk/jre/classes"/>
    <property name="sun.management.compiler" value="HotSpot 64-Bit Tiered Compilers"/>
    <property name="java.runtime.version" value="1.8.0_212-b04"/>
    <property name="java.net.preferIPv4Stack" value="true"/>
    <property name="user.name" value="jenkins1000"/>
    <property name="path.separator" value=":"/>
    <property name="java.security.egd" value="file:///dev/urandom"/>
    <property name="os.version" value="3.10.0-957.12.2.el7.x86_64"/>
    <property name="java.endorsed.dirs" value="/usr/lib/jvm/java-1.8-openjdk/jre/lib/endorsed"/>
    <property name="java.runtime.name" value="OpenJDK Runtime Environment"/>
    <property name="file.encoding" value="UTF-8"/>
    <property name="java.vm.name" value="OpenJDK 64-Bit Server VM"/>
    <property name="test.build.webapps" value=""/>
    <property name="localRepository" value="/home/user/.m2/repository"/>
    <property name="java.vendor.url.bug" value="https://icedtea.classpath.org/bugzilla"/>
    <property name="java.io.tmpdir" value="/tmp"/>
    <property name="require.test.libhadoop" value=""/>
    <property name="java.version" value="1.8.0_212"/>
    <property name="user.dir" value="/tmp/workdir/hadoop-ozone/integration-test"/>
    <property name="os.arch" value="amd64"/>
    <property name="java.vm.specification.name" value="Java Virtual Machine Specification"/>
    <property name="test.build.classes" value="/tmp/workdir/hadoop-ozone/integration-test/target/test-classes"/>
    <property name="java.awt.printerjob" value="sun.print.PSPrinterJob"/>
    <property name="sun.os.patch.level" value="unknown"/>
    <property name="hadoop.tmp.dir" value="/tmp/workdir/hadoop-ozone/integration-test/target/tmp"/>
    <property name="java.library.path" value="/usr/lib/jvm/java-1.8-openjdk/jre/lib/amd64/server:/usr/lib/jvm/java-1.8-openjdk/jre/lib/amd64:/usr/lib/jvm/java-1.8-openjdk/jre/../lib/amd64:/tmp/workdir/hadoop-ozone/integration-test/target/native/target/usr/local/lib:/tmp/workdir/hadoop-ozone/integration-test/../../hadoop-common-project/hadoop-common/target/native/target/usr/local/lib:/usr/java/packages/lib/amd64:/usr/lib64:/lib64:/lib:/usr/lib"/>
    <property name="java.vm.info" value="mixed mode"/>
    <property name="java.vendor" value="IcedTea"/>
    <property name="java.vm.version" value="25.212-b04"/>
    <property name="java.ext.dirs" value="/usr/lib/jvm/java-1.8-openjdk/jre/lib/ext:/usr/java/packages/lib/ext"/>
    <property name="sun.io.unicode.encoding" value="UnicodeLittle"/>
    <property name="java.class.version" value="52.0"/>
  </properties>
  <testcase name="testPutAndListKey" classname="org.apache.hadoop.ozone.web.client.TestKeys" time="16.944">
    <error message="Unexpected Storage Container Exception: org.apache.hadoop.hdds.scm.container.common.helpers.StorageContainerException: ContainerID 2 creation failed" type="java.io.IOException">java.io.IOException: Unexpected Storage Container Exception: org.apache.hadoop.hdds.scm.container.common.helpers.StorageContainerException: ContainerID 2 creation failed
	at org.apache.hadoop.hdds.scm.storage.BlockOutputStream.setIoException(BlockOutputStream.java:549)
	at org.apache.hadoop.hdds.scm.storage.BlockOutputStream.validateResponse(BlockOutputStream.java:540)
	at org.apache.hadoop.hdds.scm.storage.BlockOutputStream.lambda$writeChunkToContainer$2(BlockOutputStream.java:615)
	at java.util.concurrent.CompletableFuture.uniApply(CompletableFuture.java:602)
	at java.util.concurrent.CompletableFuture$UniApply.tryFire(CompletableFuture.java:577)
	at java.util.concurrent.CompletableFuture$Completion.run(CompletableFuture.java:442)
	at java.util.concurrent.ThreadPoolExecutor.runWorker(ThreadPoolExecutor.java:1149)
	at java.util.concurrent.ThreadPoolExecutor$Worker.run(ThreadPoolExecutor.java:624)
	at java.lang.Thread.run(Thread.java:748)
Caused by: org.apache.hadoop.hdds.scm.container.common.helpers.StorageContainerException: ContainerID 2 creation failed
	at org.apache.hadoop.hdds.scm.storage.ContainerProtocolCalls.validateContainerResponse(ContainerProtocolCalls.java:536)
	at org.apache.hadoop.hdds.scm.storage.BlockOutputStream.validateResponse(BlockOutputStream.java:537)
	... 7 more
</error>
    <system-out><![CDATA[2019-07-13 17:11:20,616 WARN  server.ServerUtils (ServerUtils.java:getScmDbDir(145)) - ozone.scm.db.dirs is not configured. We recommend adding this setting. Falling back to ozone.metadata.dirs instead.
2019-07-13 17:11:20,731 WARN  server.ServerUtils (ServerUtils.java:getScmDbDir(145)) - ozone.scm.db.dirs is not configured. We recommend adding this setting. Falling back to ozone.metadata.dirs instead.
2019-07-13 17:11:20,734 WARN  server.ServerUtils (ServerUtils.java:getScmDbDir(145)) - ozone.scm.db.dirs is not configured. We recommend adding this setting. Falling back to ozone.metadata.dirs instead.
2019-07-13 17:11:20,752 INFO  util.log (Log.java:initialized(192)) - Logging initialized @919ms
2019-07-13 17:11:20,854 INFO  db.DBStoreBuilder (DBStoreBuilder.java:addTable(110)) - using custom profile for table: deletedBlocks
2019-07-13 17:11:20,854 INFO  db.DBStoreBuilder (DBStoreBuilder.java:processTables(161)) - Using default column profile:DBProfile.DISK for Table:deletedBlocks
2019-07-13 17:11:20,854 INFO  db.DBStoreBuilder (DBStoreBuilder.java:addTable(110)) - using custom profile for table: validCerts
2019-07-13 17:11:20,854 INFO  db.DBStoreBuilder (DBStoreBuilder.java:processTables(161)) - Using default column profile:DBProfile.DISK for Table:validCerts
2019-07-13 17:11:20,855 INFO  db.DBStoreBuilder (DBStoreBuilder.java:addTable(110)) - using custom profile for table: revokedCerts
2019-07-13 17:11:20,855 INFO  db.DBStoreBuilder (DBStoreBuilder.java:processTables(161)) - Using default column profile:DBProfile.DISK for Table:revokedCerts
2019-07-13 17:11:20,866 INFO  db.DBStoreBuilder (DBStoreBuilder.java:addTable(110)) - using custom profile for table: default
2019-07-13 17:11:20,866 INFO  db.DBStoreBuilder (DBStoreBuilder.java:processTables(167)) - Using default column profile:DBProfile.DISK for Table:default
2019-07-13 17:11:20,867 INFO  db.DBStoreBuilder (DBStoreBuilder.java:getDbProfile(198)) - Using default options. DBProfile.DISK
2019-07-13 17:11:21,070 INFO  net.NodeSchemaLoader (NodeSchemaLoader.java:loadSchemaFromFile(125)) - Loading file from sun.misc.CompoundEnumeration@3e822127
2019-07-13 17:11:21,073 INFO  net.NodeSchemaLoader (NodeSchemaLoader.java:loadSchema(171)) - Loading network topology layer schema file
2019-07-13 17:11:21,152 INFO  node.SCMNodeManager (SCMNodeManager.java:<init>(119)) - Entering startup safe mode.
2019-07-13 17:11:21,236 WARN  server.ServerUtils (ServerUtils.java:getScmDbDir(145)) - ozone.scm.db.dirs is not configured. We recommend adding this setting. Falling back to ozone.metadata.dirs instead.
2019-07-13 17:11:21,275 INFO  pipeline.SCMPipelineManager (SCMPipelineManager.java:initializePipelineState(126)) - No pipeline exists in current db
2019-07-13 17:11:21,277 WARN  server.ServerUtils (ServerUtils.java:getScmDbDir(145)) - ozone.scm.db.dirs is not configured. We recommend adding this setting. Falling back to ozone.metadata.dirs instead.
2019-07-13 17:11:21,350 WARN  events.EventQueue (EventQueue.java:fireEvent(175)) - No event handler registered for event TypedEvent{payloadType=SafeModeStatus, name='SafeModeStatus'}
2019-07-13 17:11:21,703 INFO  ipc.CallQueueManager (CallQueueManager.java:<init>(84)) - Using callQueue: class java.util.concurrent.LinkedBlockingQueue, queueCapacity: 2000, scheduler: class org.apache.hadoop.ipc.DefaultRpcScheduler, ipcBackoff: false.
2019-07-13 17:11:21,731 INFO  ipc.Server (Server.java:run(1074)) - Starting Socket Reader #1 for port 45553
2019-07-13 17:11:21,754 INFO  ipc.CallQueueManager (CallQueueManager.java:<init>(84)) - Using callQueue: class java.util.concurrent.LinkedBlockingQueue, queueCapacity: 2000, scheduler: class org.apache.hadoop.ipc.DefaultRpcScheduler, ipcBackoff: false.
2019-07-13 17:11:21,755 INFO  ipc.Server (Server.java:run(1074)) - Starting Socket Reader #1 for port 43021
2019-07-13 17:11:21,762 INFO  ipc.CallQueueManager (CallQueueManager.java:<init>(84)) - Using callQueue: class java.util.concurrent.LinkedBlockingQueue, queueCapacity: 2000, scheduler: class org.apache.hadoop.ipc.DefaultRpcScheduler, ipcBackoff: false.
2019-07-13 17:11:21,763 INFO  ipc.Server (Server.java:run(1074)) - Starting Socket Reader #1 for port 42327
2019-07-13 17:11:21,869 INFO  hdfs.DFSUtil (DFSUtil.java:httpServerTemplateForNNAndJN(1641)) - Starting Web-server for scm at: http://0.0.0.0:0
2019-07-13 17:11:22,030 INFO  server.AuthenticationFilter (AuthenticationFilter.java:constructSecretProvider(240)) - Unable to initialize FileSignerSecretProvider, falling back to use random secrets.
2019-07-13 17:11:22,037 WARN  http.HttpRequestLog (HttpRequestLog.java:getRequestLog(97)) - Jetty request log can only be enabled using Log4j
2019-07-13 17:11:22,045 INFO  http.HttpServer2 (HttpServer2.java:addGlobalFilter(975)) - Added global filter 'safety' (class=org.apache.hadoop.http.HttpServer2$QuotingInputFilter)
2019-07-13 17:11:22,048 INFO  http.HttpServer2 (HttpServer2.java:addFilter(948)) - Added filter static_user_filter (class=org.apache.hadoop.http.lib.StaticUserWebFilter$StaticUserFilter) to context scm
2019-07-13 17:11:22,048 INFO  http.HttpServer2 (HttpServer2.java:addFilter(958)) - Added filter static_user_filter (class=org.apache.hadoop.http.lib.StaticUserWebFilter$StaticUserFilter) to context static
2019-07-13 17:11:22,049 INFO  http.HttpServer2 (HttpServer2.java:addFilter(958)) - Added filter static_user_filter (class=org.apache.hadoop.http.lib.StaticUserWebFilter$StaticUserFilter) to context logs
2019-07-13 17:11:22,077 INFO  server.StorageContainerManager (StorageContainerManager.java:start(759)) - StorageContainerLocationProtocol RPC server is listening at /0.0.0.0:42327
2019-07-13 17:11:22,135 WARN  impl.MetricsConfig (MetricsConfig.java:loadFirst(134)) - Cannot locate configuration: tried hadoop-metrics2-storagecontainermanager.properties,hadoop-metrics2.properties
2019-07-13 17:11:22,148 INFO  impl.MetricsSystemImpl (MetricsSystemImpl.java:startTimer(374)) - Scheduled Metric snapshot period at 10 second(s).
2019-07-13 17:11:22,148 INFO  impl.MetricsSystemImpl (MetricsSystemImpl.java:start(191)) - StorageContainerManager metrics system started
2019-07-13 17:11:22,361 INFO  server.SCMClientProtocolServer (SCMClientProtocolServer.java:start(149)) - RPC server for Client  is listening at /0.0.0.0:42327
2019-07-13 17:11:22,362 INFO  ipc.Server (Server.java:run(1314)) - IPC Server Responder: starting
2019-07-13 17:11:22,363 INFO  ipc.Server (Server.java:run(1153)) - IPC Server listener on 42327: starting
2019-07-13 17:11:22,367 INFO  server.StorageContainerManager (StorageContainerManager.java:start(768)) - ScmBlockLocationProtocol RPC server is listening at /0.0.0.0:43021
2019-07-13 17:11:22,368 INFO  server.SCMBlockProtocolServer (SCMBlockProtocolServer.java:start(140)) - RPC server for Block Protocol is listening at /0.0.0.0:43021
2019-07-13 17:11:22,368 INFO  ipc.Server (Server.java:run(1314)) - IPC Server Responder: starting
2019-07-13 17:11:22,368 INFO  ipc.Server (Server.java:run(1153)) - IPC Server listener on 43021: starting
2019-07-13 17:11:22,376 INFO  server.StorageContainerManager (StorageContainerManager.java:start(772)) - ScmDatanodeProtocl RPC server is listening at /0.0.0.0:45553
2019-07-13 17:11:22,376 INFO  server.SCMDatanodeProtocolServer (SCMDatanodeProtocolServer.java:start(191)) - RPC server for DataNodes is listening at /0.0.0.0:45553
2019-07-13 17:11:22,378 INFO  ipc.Server (Server.java:run(1314)) - IPC Server Responder: starting
2019-07-13 17:11:22,378 INFO  ipc.Server (Server.java:run(1153)) - IPC Server listener on 45553: starting
2019-07-13 17:11:22,391 INFO  http.HttpServer2 (HttpServer2.java:bindListener(1191)) - Jetty bound to port 40661
2019-07-13 17:11:22,393 INFO  server.Server (Server.java:doStart(351)) - jetty-9.3.24.v20180605, build timestamp: 2018-06-05T17:11:56Z, git hash: 84205aa28f11a4f31f2a3b86d1bba2cc8ab69827
2019-07-13 17:11:22,431 INFO  handler.ContextHandler (ContextHandler.java:doStart(781)) - Started o.e.j.s.ServletContextHandler@3dd34b2c{/logs,file:///tmp/workdir/hadoop-ozone/integration-test/target/log,AVAILABLE}
2019-07-13 17:11:22,431 INFO  handler.ContextHandler (ContextHandler.java:doStart(781)) - Started o.e.j.s.ServletContextHandler@158bc786{/static,file:///tmp/workdir/hadoop-ozone/integration-test/target/test-classes/webapps/static,AVAILABLE}
2019-07-13 17:11:22,462 INFO  handler.ContextHandler (ContextHandler.java:doStart(781)) - Started o.e.j.w.WebAppContext@27966ab9{/,file:///tmp/workdir/hadoop-ozone/integration-test/target/test-classes/webapps/scm/,AVAILABLE}{/scm}
2019-07-13 17:11:22,467 INFO  server.AbstractConnector (AbstractConnector.java:doStart(278)) - Started ServerConnector@1fec2294{HTTP/1.1,[http/1.1]}{0.0.0.0:40661}
2019-07-13 17:11:22,467 INFO  server.Server (Server.java:doStart(419)) - Started @2635ms
2019-07-13 17:11:22,470 INFO  server.BaseHttpServer (BaseHttpServer.java:updateConnectorAddress(207)) - HTTP server of SCM is listening at http://0.0.0.0:40661
2019-07-13 17:11:22,477 INFO  util.JvmPauseMonitor (JvmPauseMonitor.java:run(188)) - Starting JVM pause monitor
2019-07-13 17:11:22,479 WARN  server.ServerUtils (ServerUtils.java:getDBPath(222)) - ozone.om.db.dirs is not configured. We recommend adding this setting. Falling back to ozone.metadata.dirs instead.
2019-07-13 17:11:22,573 WARN  server.ServerUtils (ServerUtils.java:getDBPath(222)) - ozone.om.db.dirs is not configured. We recommend adding this setting. Falling back to ozone.metadata.dirs instead.
2019-07-13 17:11:22,574 INFO  om.OzoneManager (OzoneManager.java:setOMNodeDetails(630)) - OM Service ID is not set. Setting it to the default ID: omServiceIdDefault
2019-07-13 17:11:22,574 INFO  om.OzoneManager (OzoneManager.java:setOMNodeDetails(636)) - OM Node ID is not set. Setting it to the OmStorage's OmID: a11d097d-b4d7-4c15-b658-1af2148e4204
2019-07-13 17:11:22,575 INFO  om.OzoneManager (OzoneManager.java:loadOMHAConfigs(587)) - Found matching OM address with OMServiceId: null, OMNodeId: null, RPC Address: localhost:0 and Ratis port: 9872
2019-07-13 17:11:22,847 WARN  server.ServerUtils (ServerUtils.java:getDBPath(222)) - ozone.om.db.dirs is not configured. We recommend adding this setting. Falling back to ozone.metadata.dirs instead.
2019-07-13 17:11:22,859 INFO  db.DBStoreBuilder (DBStoreBuilder.java:addTable(110)) - using custom profile for table: userTable
2019-07-13 17:11:22,859 INFO  db.DBStoreBuilder (DBStoreBuilder.java:processTables(161)) - Using default column profile:DBProfile.DISK for Table:userTable
2019-07-13 17:11:22,859 INFO  db.DBStoreBuilder (DBStoreBuilder.java:addTable(110)) - using custom profile for table: volumeTable
2019-07-13 17:11:22,859 INFO  db.DBStoreBuilder (DBStoreBuilder.java:processTables(161)) - Using default column profile:DBProfile.DISK for Table:volumeTable
2019-07-13 17:11:22,860 INFO  db.DBStoreBuilder (DBStoreBuilder.java:addTable(110)) - using custom profile for table: bucketTable
2019-07-13 17:11:22,860 INFO  db.DBStoreBuilder (DBStoreBuilder.java:processTables(161)) - Using default column profile:DBProfile.DISK for Table:bucketTable
2019-07-13 17:11:22,860 INFO  db.DBStoreBuilder (DBStoreBuilder.java:addTable(110)) - using custom profile for table: keyTable
2019-07-13 17:11:22,861 INFO  db.DBStoreBuilder (DBStoreBuilder.java:processTables(161)) - Using default column profile:DBProfile.DISK for Table:keyTable
2019-07-13 17:11:22,861 INFO  db.DBStoreBuilder (DBStoreBuilder.java:addTable(110)) - using custom profile for table: deletedTable
2019-07-13 17:11:22,861 INFO  db.DBStoreBuilder (DBStoreBuilder.java:processTables(161)) - Using default column profile:DBProfile.DISK for Table:deletedTable
2019-07-13 17:11:22,862 INFO  db.DBStoreBuilder (DBStoreBuilder.java:addTable(110)) - using custom profile for table: openKeyTable
2019-07-13 17:11:22,862 INFO  db.DBStoreBuilder (DBStoreBuilder.java:processTables(161)) - Using default column profile:DBProfile.DISK for Table:openKeyTable
2019-07-13 17:11:22,862 INFO  db.DBStoreBuilder (DBStoreBuilder.java:addTable(110)) - using custom profile for table: s3Table
2019-07-13 17:11:22,863 INFO  db.DBStoreBuilder (DBStoreBuilder.java:processTables(161)) - Using default column profile:DBProfile.DISK for Table:s3Table
2019-07-13 17:11:22,863 INFO  db.DBStoreBuilder (DBStoreBuilder.java:addTable(110)) - using custom profile for table: multipartInfoTable
2019-07-13 17:11:22,863 INFO  db.DBStoreBuilder (DBStoreBuilder.java:processTables(161)) - Using default column profile:DBProfile.DISK for Table:multipartInfoTable
2019-07-13 17:11:22,864 INFO  db.DBStoreBuilder (DBStoreBuilder.java:addTable(110)) - using custom profile for table: dTokenTable
2019-07-13 17:11:22,864 INFO  db.DBStoreBuilder (DBStoreBuilder.java:processTables(161)) - Using default column profile:DBProfile.DISK for Table:dTokenTable
2019-07-13 17:11:22,864 INFO  db.DBStoreBuilder (DBStoreBuilder.java:addTable(110)) - using custom profile for table: s3SecretTable
2019-07-13 17:11:22,864 INFO  db.DBStoreBuilder (DBStoreBuilder.java:processTables(161)) - Using default column profile:DBProfile.DISK for Table:s3SecretTable
2019-07-13 17:11:22,865 INFO  db.DBStoreBuilder (DBStoreBuilder.java:addTable(110)) - using custom profile for table: prefixTable
2019-07-13 17:11:22,865 INFO  db.DBStoreBuilder (DBStoreBuilder.java:processTables(161)) - Using default column profile:DBProfile.DISK for Table:prefixTable
2019-07-13 17:11:22,865 INFO  db.DBStoreBuilder (DBStoreBuilder.java:addTable(110)) - using custom profile for table: default
2019-07-13 17:11:22,866 INFO  db.DBStoreBuilder (DBStoreBuilder.java:processTables(167)) - Using default column profile:DBProfile.DISK for Table:default
2019-07-13 17:11:22,866 INFO  db.DBStoreBuilder (DBStoreBuilder.java:getDbProfile(198)) - Using default options. DBProfile.DISK
2019-07-13 17:11:23,709 INFO  ipc.CallQueueManager (CallQueueManager.java:<init>(84)) - Using callQueue: class java.util.concurrent.LinkedBlockingQueue, queueCapacity: 2000, scheduler: class org.apache.hadoop.ipc.DefaultRpcScheduler, ipcBackoff: false.
2019-07-13 17:11:23,710 INFO  ipc.Server (Server.java:run(1074)) - Starting Socket Reader #1 for port 33217
2019-07-13 17:11:23,739 WARN  server.ServerUtils (ServerUtils.java:getDBPath(222)) - ozone.om.db.dirs is not configured. We recommend adding this setting. Falling back to ozone.metadata.dirs instead.
2019-07-13 17:11:23,740 INFO  om.OzoneManager (OzoneManager.java:start(1228)) - OzoneManager RPC server is listening at localhost/127.0.0.1:33217
2019-07-13 17:11:23,740 INFO  impl.MetricsSystemImpl (MetricsSystemImpl.java:init(158)) - OzoneManager metrics system started (again)
2019-07-13 17:11:23,742 INFO  ipc.Server (Server.java:run(1314)) - IPC Server Responder: starting
2019-07-13 17:11:23,742 INFO  ipc.Server (Server.java:run(1153)) - IPC Server listener on 33217: starting
2019-07-13 17:11:23,755 INFO  hdfs.DFSUtil (DFSUtil.java:httpServerTemplateForNNAndJN(1641)) - Starting Web-server for ozoneManager at: http://0.0.0.0:0
2019-07-13 17:11:23,758 INFO  server.AuthenticationFilter (AuthenticationFilter.java:constructSecretProvider(240)) - Unable to initialize FileSignerSecretProvider, falling back to use random secrets.
2019-07-13 17:11:23,758 WARN  http.HttpRequestLog (HttpRequestLog.java:getRequestLog(97)) - Jetty request log can only be enabled using Log4j
2019-07-13 17:11:23,761 INFO  http.HttpServer2 (HttpServer2.java:addGlobalFilter(975)) - Added global filter 'safety' (class=org.apache.hadoop.http.HttpServer2$QuotingInputFilter)
2019-07-13 17:11:23,762 INFO  http.HttpServer2 (HttpServer2.java:addFilter(948)) - Added filter static_user_filter (class=org.apache.hadoop.http.lib.StaticUserWebFilter$StaticUserFilter) to context ozoneManager
2019-07-13 17:11:23,763 INFO  http.HttpServer2 (HttpServer2.java:addFilter(958)) - Added filter static_user_filter (class=org.apache.hadoop.http.lib.StaticUserWebFilter$StaticUserFilter) to context logs
2019-07-13 17:11:23,763 INFO  http.HttpServer2 (HttpServer2.java:addFilter(958)) - Added filter static_user_filter (class=org.apache.hadoop.http.lib.StaticUserWebFilter$StaticUserFilter) to context static
2019-07-13 17:11:23,766 INFO  http.HttpServer2 (HttpServer2.java:bindListener(1191)) - Jetty bound to port 35502
2019-07-13 17:11:23,766 INFO  server.Server (Server.java:doStart(351)) - jetty-9.3.24.v20180605, build timestamp: 2018-06-05T17:11:56Z, git hash: 84205aa28f11a4f31f2a3b86d1bba2cc8ab69827
2019-07-13 17:11:23,769 INFO  handler.ContextHandler (ContextHandler.java:doStart(781)) - Started o.e.j.s.ServletContextHandler@157a2e49{/logs,file:///tmp/workdir/hadoop-ozone/integration-test/target/log,AVAILABLE}
2019-07-13 17:11:23,770 INFO  handler.ContextHandler (ContextHandler.java:doStart(781)) - Started o.e.j.s.ServletContextHandler@3fa4a022{/static,file:///tmp/workdir/hadoop-ozone/integration-test/target/test-classes/webapps/static,AVAILABLE}
2019-07-13 17:11:23,776 INFO  handler.ContextHandler (ContextHandler.java:doStart(781)) - Started o.e.j.w.WebAppContext@45add8fc{/,file:///tmp/workdir/hadoop-ozone/integration-test/target/test-classes/webapps/ozoneManager/,AVAILABLE}{/ozoneManager}
2019-07-13 17:11:23,776 INFO  server.AbstractConnector (AbstractConnector.java:doStart(278)) - Started ServerConnector@5923de8c{HTTP/1.1,[http/1.1]}{0.0.0.0:35502}
2019-07-13 17:11:23,777 INFO  server.Server (Server.java:doStart(419)) - Started @3944ms
2019-07-13 17:11:23,778 INFO  server.BaseHttpServer (BaseHttpServer.java:updateConnectorAddress(207)) - HTTP server of OZONEMANAGER is listening at http://0.0.0.0:35502
2019-07-13 17:11:24,098 INFO  impl.MetricsSystemImpl (MetricsSystemImpl.java:init(158)) - HddsDatanode metrics system started (again)
2019-07-13 17:11:24,183 INFO  ozone.HddsDatanodeService (HddsDatanodeService.java:start(185)) - HddsDatanodeService host:trunk-nightly-z92hn-1831959607 ip:192.168.5.187
2019-07-13 17:11:24,216 INFO  volume.HddsVolume (HddsVolume.java:<init>(176)) - Creating Volume: /tmp/workdir/hadoop-ozone/integration-test/target/test-dir/MiniOzoneClusterImpl-69a75877-6ada-4861-9624-6b8919121d25/datanode-0/data/containers/hdds of  storage type : DISK and capacity : 52710309888
2019-07-13 17:11:24,218 INFO  volume.VolumeSet (VolumeSet.java:initializeVolumeSet(170)) - Added Volume : /tmp/workdir/hadoop-ozone/integration-test/target/test-dir/MiniOzoneClusterImpl-69a75877-6ada-4861-9624-6b8919121d25/datanode-0/data/containers/hdds to VolumeSet
2019-07-13 17:11:24,222 INFO  volume.ThrottledAsyncChecker (ThrottledAsyncChecker.java:schedule(140)) - Scheduling a check for org.apache.hadoop.ozone.container.common.volume.HddsVolume@5bbe78ac
2019-07-13 17:11:24,246 INFO  volume.HddsVolumeChecker (HddsVolumeChecker.java:checkAllVolumes(203)) - Scheduled health check for volume org.apache.hadoop.ozone.container.common.volume.HddsVolume@5bbe78ac
2019-07-13 17:11:24,372 INFO  impl.RaftServerProxy (ConfUtils.java:logGet(43)) - raft.rpc.type = GRPC (default)
2019-07-13 17:11:24,439 INFO  grpc.GrpcFactory (GrpcFactory.java:checkPooledByteBufAllocatorUseCacheForAllThreads(45)) - PERFORMANCE WARNING: useCacheForAllThreads is true that may cause Netty to create a lot garbage objects and, as a result, trigger GC.
	It is recommended to disable useCacheForAllThreads by setting -Dorg.apache.ratis.thirdparty.io.netty.allocator.useCacheForAllThreads=false in command line.
2019-07-13 17:11:24,444 INFO  grpc.GrpcConfigKeys$Server (ConfUtils.java:logGet(43)) - raft.grpc.server.port = 0 (default)
2019-07-13 17:11:24,444 INFO  server.GrpcService (ConfUtils.java:logGet(43)) - raft.grpc.message.size.max = 33570816 (custom)
2019-07-13 17:11:24,446 INFO  server.RaftServerConfigKeys (ConfUtils.java:logGet(43)) - raft.server.log.appender.buffer.byte-limit = 33554432 (custom)
2019-07-13 17:11:24,447 INFO  server.GrpcService (ConfUtils.java:logGet(43)) - raft.grpc.flow.control.window = 1MB (=1048576) (default)
2019-07-13 17:11:24,447 INFO  server.RaftServerConfigKeys (ConfUtils.java:logGet(43)) - raft.server.rpc.request.timeout = 3000ms (default)
2019-07-13 17:11:24,608 INFO  server.RaftServerConfigKeys (ConfUtils.java:logGet(43)) - raft.server.storage.dir = [/tmp/workdir/hadoop-ozone/integration-test/target/test-dir/MiniOzoneClusterImpl-69a75877-6ada-4861-9624-6b8919121d25/datanode-0/data/ratis] (custom)
2019-07-13 17:11:24,674 INFO  replication.SimpleContainerDownloader (SimpleContainerDownloader.java:<init>(72)) - Starting container downloader service to copy containers to replicate.
2019-07-13 17:11:24,694 INFO  hdfs.DFSUtil (DFSUtil.java:httpServerTemplateForNNAndJN(1641)) - Starting Web-server for hddsDatanode at: http://0.0.0.0:0
2019-07-13 17:11:24,698 INFO  server.AuthenticationFilter (AuthenticationFilter.java:constructSecretProvider(240)) - Unable to initialize FileSignerSecretProvider, falling back to use random secrets.
2019-07-13 17:11:24,699 WARN  http.HttpRequestLog (HttpRequestLog.java:getRequestLog(97)) - Jetty request log can only be enabled using Log4j
2019-07-13 17:11:24,703 INFO  http.HttpServer2 (HttpServer2.java:addGlobalFilter(975)) - Added global filter 'safety' (class=org.apache.hadoop.http.HttpServer2$QuotingInputFilter)
2019-07-13 17:11:24,704 INFO  http.HttpServer2 (HttpServer2.java:addFilter(948)) - Added filter static_user_filter (class=org.apache.hadoop.http.lib.StaticUserWebFilter$StaticUserFilter) to context hddsDatanode
2019-07-13 17:11:24,704 INFO  http.HttpServer2 (HttpServer2.java:addFilter(958)) - Added filter static_user_filter (class=org.apache.hadoop.http.lib.StaticUserWebFilter$StaticUserFilter) to context logs
2019-07-13 17:11:24,705 INFO  http.HttpServer2 (HttpServer2.java:addFilter(958)) - Added filter static_user_filter (class=org.apache.hadoop.http.lib.StaticUserWebFilter$StaticUserFilter) to context static
2019-07-13 17:11:24,706 INFO  http.HttpServer2 (HttpServer2.java:bindListener(1191)) - Jetty bound to port 34705
2019-07-13 17:11:24,707 INFO  server.Server (Server.java:doStart(351)) - jetty-9.3.24.v20180605, build timestamp: 2018-06-05T17:11:56Z, git hash: 84205aa28f11a4f31f2a3b86d1bba2cc8ab69827
2019-07-13 17:11:24,710 INFO  handler.ContextHandler (ContextHandler.java:doStart(781)) - Started o.e.j.s.ServletContextHandler@1a1466a2{/logs,file:///tmp/workdir/hadoop-ozone/integration-test/target/log,AVAILABLE}
2019-07-13 17:11:24,711 INFO  handler.ContextHandler (ContextHandler.java:doStart(781)) - Started o.e.j.s.ServletContextHandler@45d464cd{/static,jar:file:/home/user/.m2/repository/org/apache/hadoop/hadoop-hdds-container-service/0.5.0-SNAPSHOT/hadoop-hdds-container-service-0.5.0-SNAPSHOT.jar!/webapps/static,AVAILABLE}
2019-07-13 17:11:24,759 INFO  handler.ContextHandler (ContextHandler.java:doStart(781)) - Started o.e.j.w.WebAppContext@74eda6ab{/,file:///tmp/jetty-0.0.0.0-34705-hddsDatanode-_-any-8013683324642687806.dir/webapp/,AVAILABLE}{/hddsDatanode}
2019-07-13 17:11:24,759 INFO  server.AbstractConnector (AbstractConnector.java:doStart(278)) - Started ServerConnector@5c87d82b{HTTP/1.1,[http/1.1]}{0.0.0.0:34705}
2019-07-13 17:11:24,765 INFO  server.Server (Server.java:doStart(419)) - Started @4932ms
2019-07-13 17:11:24,766 INFO  server.BaseHttpServer (BaseHttpServer.java:updateConnectorAddress(207)) - HTTP server of HDDSDATANODE is listening at http://0.0.0.0:34705
2019-07-13 17:11:25,985 INFO  ozone.HddsDatanodeService (HddsDatanodeService.java:startPlugins(396)) - Started plug-in org.apache.hadoop.ozone.web.OzoneHddsDatanodeService@28340ac0
2019-07-13 17:11:25,987 INFO  ozone.MiniOzoneClusterImpl (MiniOzoneClusterImpl.java:lambda$waitForClusterToBeReady$0(142)) - Waiting for cluster to be ready. Got 0 of 1 DN Heartbeats.
2019-07-13 17:11:25,993 INFO  util.JvmPauseMonitor (JvmPauseMonitor.java:run(188)) - Starting JVM pause monitor
2019-07-13 17:11:26,117 INFO  datanode.InitDatanodeState (InitDatanodeState.java:persistContainerDatanodeDetails(140)) - DatanodeDetails is persisted to /tmp/workdir/hadoop-ozone/integration-test/target/test-dir/MiniOzoneClusterImpl-69a75877-6ada-4861-9624-6b8919121d25/datanode-0/meta/datanode.id
2019-07-13 17:11:26,987 INFO  ozone.MiniOzoneClusterImpl (MiniOzoneClusterImpl.java:lambda$waitForClusterToBeReady$0(142)) - Waiting for cluster to be ready. Got 0 of 1 DN Heartbeats.
2019-07-13 17:11:27,988 INFO  ozone.MiniOzoneClusterImpl (MiniOzoneClusterImpl.java:lambda$waitForClusterToBeReady$0(142)) - Waiting for cluster to be ready. Got 0 of 1 DN Heartbeats.
2019-07-13 17:11:28,058 INFO  ozoneimpl.OzoneContainer (OzoneContainer.java:start(186)) - Attempting to start container services.
2019-07-13 17:11:28,060 INFO  ozoneimpl.OzoneContainer (OzoneContainer.java:startContainerScrub(160)) - Background container scrubber has been disabled by hdds.containerscrub.enabled
2019-07-13 17:11:28,060 INFO  ratis.XceiverServerRatis (XceiverServerRatis.java:start(418)) - Starting XceiverServerRatis 4571a62b-00ec-4466-98f4-235d42bdcda0 at port 0
2019-07-13 17:11:28,086 INFO  impl.RaftServerProxy (RaftServerProxy.java:lambda$start$3(299)) - 4571a62b-00ec-4466-98f4-235d42bdcda0: start RPC server
2019-07-13 17:11:28,216 INFO  server.GrpcService (GrpcService.java:startImpl(149)) - 4571a62b-00ec-4466-98f4-235d42bdcda0: GrpcService started, listening on 0.0.0.0/0.0.0.0:36229
2019-07-13 17:11:28,217 INFO  ratis.XceiverServerRatis (XceiverServerRatis.java:start(428)) - XceiverServerRatis 4571a62b-00ec-4466-98f4-235d42bdcda0 is started using port 36229
2019-07-13 17:11:28,220 INFO  server.XceiverServerGrpc (XceiverServerGrpc.java:start(161)) - XceiverServerGrpc 4571a62b-00ec-4466-98f4-235d42bdcda0 is started using port 41688
2019-07-13 17:11:28,989 INFO  ozone.MiniOzoneClusterImpl (MiniOzoneClusterImpl.java:lambda$waitForClusterToBeReady$0(142)) - Waiting for cluster to be ready. Got 0 of 1 DN Heartbeats.
2019-07-13 17:11:29,989 INFO  ozone.MiniOzoneClusterImpl (MiniOzoneClusterImpl.java:lambda$waitForClusterToBeReady$0(142)) - Waiting for cluster to be ready. Got 0 of 1 DN Heartbeats.
2019-07-13 17:11:30,040 INFO  net.NetworkTopology (NetworkTopologyImpl.java:add(110)) - Added a new node: /default-rack/192.168.5.187
2019-07-13 17:11:30,041 INFO  node.SCMNodeManager (SCMNodeManager.java:register(269)) - Registered Data node : 4571a62b-00ec-4466-98f4-235d42bdcda0{ip: 192.168.5.187, host: trunk-nightly-z92hn-1831959607, networkLocation: /default-rack, certSerialId: null}
2019-07-13 17:11:30,046 INFO  safemode.SCMSafeModeManager (DataNodeSafeModeRule.java:process(71)) - SCM in safe mode. 1 DataNodes registered, 1 required.
2019-07-13 17:11:30,047 INFO  safemode.SCMSafeModeManager (SCMSafeModeManager.java:validateSafeModeExitRules(177)) - ScmSafeModeManager, all rules are successfully validated
2019-07-13 17:11:30,047 INFO  safemode.SCMSafeModeManager (SCMSafeModeManager.java:exitSafeMode(193)) - SCM exiting safe mode.
2019-07-13 17:11:30,535 INFO  impl.RaftServerProxy (RaftServerProxy.java:addNew(89)) - 4571a62b-00ec-4466-98f4-235d42bdcda0: addNew group-3605BA00F65D:[4571a62b-00ec-4466-98f4-235d42bdcda0:192.168.5.187:36229] returns group-3605BA00F65D:java.util.concurrent.CompletableFuture@4944a494[Not completed]
2019-07-13 17:11:30,552 INFO  impl.RaftServerImpl (RaftServerImpl.java:<init>(93)) - 4571a62b-00ec-4466-98f4-235d42bdcda0: new RaftServerImpl for group-3605BA00F65D:[4571a62b-00ec-4466-98f4-235d42bdcda0:192.168.5.187:36229] with ContainerStateMachine:uninitialized
2019-07-13 17:11:30,555 INFO  server.RaftServerConfigKeys (ConfUtils.java:logGet(43)) - raft.server.rpc.timeout.min = 5s (custom)
2019-07-13 17:11:30,556 INFO  server.RaftServerConfigKeys (ConfUtils.java:logGet(43)) - raft.server.rpc.timeout.max = 5200ms (custom)
2019-07-13 17:11:30,557 INFO  server.RaftServerConfigKeys (ConfUtils.java:logGet(43)) - raft.server.rpcslowness.timeout = 120s (custom)
2019-07-13 17:11:30,557 INFO  server.RaftServerConfigKeys (ConfUtils.java:logGet(43)) - raft.server.sleep.deviation.threshold = 300 (default)
2019-07-13 17:11:30,558 INFO  server.RaftServerConfigKeys (ConfUtils.java:logGet(43)) - raft.server.log.appender.install.snapshot.enabled = false (custom)
2019-07-13 17:11:30,568 INFO  impl.RaftServerImpl (ServerState.java:<init>(105)) - 4571a62b-00ec-4466-98f4-235d42bdcda0:group-3605BA00F65D ConfigurationManager, init=-1: [4571a62b-00ec-4466-98f4-235d42bdcda0:192.168.5.187:36229], old=null, confs=<EMPTY_MAP>
2019-07-13 17:11:30,568 INFO  server.RaftServerConfigKeys (ConfUtils.java:logGet(43)) - raft.server.storage.dir = [/tmp/workdir/hadoop-ozone/integration-test/target/test-dir/MiniOzoneClusterImpl-69a75877-6ada-4861-9624-6b8919121d25/datanode-0/data/ratis] (custom)
2019-07-13 17:11:30,578 INFO  storage.RaftStorageDirectory (RaftStorageDirectory.java:analyzeStorage(246)) - The storage directory /tmp/workdir/hadoop-ozone/integration-test/target/test-dir/MiniOzoneClusterImpl-69a75877-6ada-4861-9624-6b8919121d25/datanode-0/data/ratis/e8aaf9e4-cb28-4467-90f1-3605ba00f65d does not exist. Creating ...
2019-07-13 17:11:30,598 INFO  storage.RaftStorageDirectory (RaftStorageDirectory.java:tryLock(328)) - Lock on /tmp/workdir/hadoop-ozone/integration-test/target/test-dir/MiniOzoneClusterImpl-69a75877-6ada-4861-9624-6b8919121d25/datanode-0/data/ratis/e8aaf9e4-cb28-4467-90f1-3605ba00f65d/in_use.lock acquired by nodename 25963@trunk-nightly-z92hn-1831959607
2019-07-13 17:11:30,604 INFO  storage.RaftStorage (RaftStorage.java:format(72)) - Storage directory /tmp/workdir/hadoop-ozone/integration-test/target/test-dir/MiniOzoneClusterImpl-69a75877-6ada-4861-9624-6b8919121d25/datanode-0/data/ratis/e8aaf9e4-cb28-4467-90f1-3605ba00f65d has been successfully formatted.
2019-07-13 17:11:30,607 INFO  ratis.ContainerStateMachine (ContainerStateMachine.java:loadSnapshot(200)) - The snapshot info is null.Setting the last applied index to:(t:0, i:~)
2019-07-13 17:11:30,607 INFO  server.RaftServerConfigKeys (ConfUtils.java:logGet(43)) - raft.server.leader.election.timeout = 120s (custom)
2019-07-13 17:11:30,609 INFO  server.RaftServerConfigKeys (ConfUtils.java:logGet(43)) - raft.server.log.use.memory = false (default)
2019-07-13 17:11:30,615 INFO  server.RaftServerConfigKeys (ConfUtils.java:logGet(43)) - raft.server.log.purge.gap = 1000000000 (custom)
2019-07-13 17:11:30,615 INFO  server.RaftServerConfigKeys (ConfUtils.java:logGet(43)) - raft.server.log.appender.buffer.byte-limit = 33554432 (custom)
2019-07-13 17:11:30,617 INFO  server.RaftServerConfigKeys (ConfUtils.java:logGet(43)) - raft.server.log.segment.size.max = 1048576 (custom)
2019-07-13 17:11:30,622 INFO  server.RaftServerConfigKeys (ConfUtils.java:logGet(43)) - raft.server.log.segment.cache.num.max = 2 (custom)
2019-07-13 17:11:30,628 INFO  segmented.SegmentedRaftLogWorker (SegmentedRaftLogWorker.java:<init>(172)) - new 4571a62b-00ec-4466-98f4-235d42bdcda0-SegmentedRaftLogWorker:Storage Directory /tmp/workdir/hadoop-ozone/integration-test/target/test-dir/MiniOzoneClusterImpl-69a75877-6ada-4861-9624-6b8919121d25/datanode-0/data/ratis/e8aaf9e4-cb28-4467-90f1-3605ba00f65d for RaftStorage:Storage Directory /tmp/workdir/hadoop-ozone/integration-test/target/test-dir/MiniOzoneClusterImpl-69a75877-6ada-4861-9624-6b8919121d25/datanode-0/data/ratis/e8aaf9e4-cb28-4467-90f1-3605ba00f65d
2019-07-13 17:11:30,948 INFO  server.RaftServerConfigKeys (ConfUtils.java:logGet(43)) - raft.server.log.queue.byte-limit = 2147483647 (custom)
2019-07-13 17:11:30,950 INFO  server.RaftServerConfigKeys (ConfUtils.java:logGet(43)) - raft.server.log.queue.element-limit = 1024 (custom)
2019-07-13 17:11:30,958 INFO  server.RaftServerConfigKeys (ConfUtils.java:logGet(43)) - raft.server.log.segment.size.max = 1048576 (custom)
2019-07-13 17:11:30,964 INFO  server.RaftServerConfigKeys (ConfUtils.java:logGet(43)) - raft.server.log.preallocated.size = 16384 (custom)
2019-07-13 17:11:30,967 INFO  server.RaftServerConfigKeys (ConfUtils.java:logGet(43)) - raft.server.log.write.buffer.size = 33554432 (custom)
2019-07-13 17:11:30,968 INFO  server.RaftServerConfigKeys (ConfUtils.java:logGet(43)) - raft.server.log.force.sync.num = 128 (default)
2019-07-13 17:11:30,970 INFO  server.RaftServerConfigKeys (ConfUtils.java:logGet(43)) - raft.server.log.statemachine.data.sync = true (default)
2019-07-13 17:11:30,970 INFO  server.RaftServerConfigKeys (ConfUtils.java:logGet(43)) - raft.server.log.statemachine.data.sync.timeout = 10s (default)
2019-07-13 17:11:30,971 INFO  server.RaftServerConfigKeys (ConfUtils.java:logGet(43)) - raft.server.log.statemachine.data.sync.timeout.retry = -1 (default)
2019-07-13 17:11:30,984 INFO  server.RaftServerConfigKeys (ConfUtils.java:logGet(43)) - raft.server.log.statemachine.data.caching.enabled = true (custom)
2019-07-13 17:11:30,990 INFO  ozone.MiniOzoneClusterImpl (MiniOzoneClusterImpl.java:lambda$waitForClusterToBeReady$0(142)) - Cluster is ready. Got 1 of 1 DN Heartbeats.
2019-07-13 17:11:30,991 INFO  segmented.SegmentedRaftLogWorker (SegmentedRaftLogWorker.java:lambda$new$0(132)) - 4571a62b-00ec-4466-98f4-235d42bdcda0-SegmentedRaftLogWorker:Storage Directory /tmp/workdir/hadoop-ozone/integration-test/target/test-dir/MiniOzoneClusterImpl-69a75877-6ada-4861-9624-6b8919121d25/datanode-0/data/ratis/e8aaf9e4-cb28-4467-90f1-3605ba00f65d: flushIndex: setUnconditionally 0 -> -1
2019-07-13 17:11:30,997 INFO  server.RaftServerConfigKeys (ConfUtils.java:logGet(43)) - raft.server.snapshot.auto.trigger.enabled = true (custom)
2019-07-13 17:11:30,998 INFO  server.RaftServerConfigKeys (ConfUtils.java:logGet(43)) - raft.server.snapshot.auto.trigger.threshold = 10000 (custom)
2019-07-13 17:11:30,999 INFO  server.RaftServerConfigKeys (ConfUtils.java:logGet(43)) - raft.server.retrycache.expirytime = 600000ms (custom)
2019-07-13 17:11:31,026 INFO  impl.RaftServerImpl (RaftServerImpl.java:start(180)) - 4571a62b-00ec-4466-98f4-235d42bdcda0: start group-3605BA00F65D
2019-07-13 17:11:31,027 INFO  impl.RaftServerImpl (RaftServerImpl.java:setRole(171)) - 4571a62b-00ec-4466-98f4-235d42bdcda0:group-3605BA00F65D changes role from null to FOLLOWER at term 0 for startAsFollower
2019-07-13 17:11:31,029 INFO  impl.RoleInfo (RoleInfo.java:updateAndGet(143)) - 4571a62b-00ec-4466-98f4-235d42bdcda0: start FollowerState
2019-07-13 17:11:31,031 INFO  util.JmxRegister (JmxRegister.java:tryRegister(44)) - Successfully registered JMX Bean with object name Ratis:service=RaftServer,group=group-3605BA00F65D,id=4571a62b-00ec-4466-98f4-235d42bdcda0
2019-07-13 17:11:31,093 INFO  pipeline.PipelineStateManager (PipelineStateManager.java:addPipeline(56)) - Created pipeline Pipeline[ Id: e8aaf9e4-cb28-4467-90f1-3605ba00f65d, Nodes: 4571a62b-00ec-4466-98f4-235d42bdcda0{ip: 192.168.5.187, host: trunk-nightly-z92hn-1831959607, networkLocation: /default-rack, certSerialId: null}, Type:RATIS, Factor:ONE, State:OPEN]
2019-07-13 17:11:31,289 INFO  rpc.RpcClient (RpcClient.java:createVolume(289)) - Creating Volume: 85a8666c-1e95-4bdc-a2c9-4ff1dac35212, with bilbo as owner and quota set to 109951162777600 bytes.
2019-07-13 17:11:31,338 INFO  rpc.RpcClient (RpcClient.java:createBucket(424)) - Creating Bucket: 85a8666c-1e95-4bdc-a2c9-4ff1dac35212/1b7dbf5d-129f-4d4a-88a4-ef3ad9d16406, with Versioning false and Storage Type set to DISK and Encryption set to false 
2019-07-13 17:11:31,434 INFO  pipeline.PipelineStateManager (PipelineStateManager.java:addPipeline(56)) - Created pipeline Pipeline[ Id: 696e6e60-e317-439c-a523-060ba2efc7aa, Nodes: 4571a62b-00ec-4466-98f4-235d42bdcda0{ip: 192.168.5.187, host: trunk-nightly-z92hn-1831959607, networkLocation: /default-rack, certSerialId: null}, Type:STAND_ALONE, Factor:ONE, State:OPEN]
2019-07-13 17:11:31,920 INFO  keyvalue.KeyValueHandler (ContainerUtils.java:logAndReturnError(146)) - Operation: CreateContainer : Trace ID: 16977e95728414b:16977e95728414b:0:0 : Message: Container creation failed, due to disk out of space : Result: DISK_OUT_OF_SPACE
17:11:31.922 [grpc-default-executor-0] ERROR DNAudit - user=null | ip=null | op=WRITE_CHUNK {blockData=conID: 2 locID: 102435251278577667 bcsId: 0} | ret=FAILURE
org.apache.hadoop.hdds.scm.container.common.helpers.StorageContainerException: ContainerID 2 creation failed
	at org.apache.hadoop.ozone.container.common.impl.HddsDispatcher.dispatchRequest(HddsDispatcher.java:227) [hadoop-hdds-container-service-0.5.0-SNAPSHOT.jar:?]
	at org.apache.hadoop.ozone.container.common.impl.HddsDispatcher.dispatch(HddsDispatcher.java:148) [hadoop-hdds-container-service-0.5.0-SNAPSHOT.jar:?]
	at org.apache.hadoop.ozone.container.common.transport.server.GrpcXceiverService$1.onNext(GrpcXceiverService.java:73) [hadoop-hdds-container-service-0.5.0-SNAPSHOT.jar:?]
	at org.apache.hadoop.ozone.container.common.transport.server.GrpcXceiverService$1.onNext(GrpcXceiverService.java:61) [hadoop-hdds-container-service-0.5.0-SNAPSHOT.jar:?]
	at org.apache.ratis.thirdparty.io.grpc.stub.ServerCalls$StreamingServerCallHandler$StreamingServerCallListener.onMessage(ServerCalls.java:248) [ratis-thirdparty-misc-0.2.0.jar:0.2.0]
	at org.apache.ratis.thirdparty.io.grpc.ForwardingServerCallListener.onMessage(ForwardingServerCallListener.java:33) [ratis-thirdparty-misc-0.2.0.jar:0.2.0]
	at org.apache.ratis.thirdparty.io.grpc.Contexts$ContextualizedServerCallListener.onMessage(Contexts.java:76) [ratis-thirdparty-misc-0.2.0.jar:0.2.0]
	at org.apache.ratis.thirdparty.io.grpc.ForwardingServerCallListener.onMessage(ForwardingServerCallListener.java:33) [ratis-thirdparty-misc-0.2.0.jar:0.2.0]
	at org.apache.hadoop.hdds.tracing.GrpcServerInterceptor$1.onMessage(GrpcServerInterceptor.java:46) [hadoop-hdds-common-0.5.0-SNAPSHOT.jar:?]
	at org.apache.ratis.thirdparty.io.grpc.internal.ServerCallImpl$ServerStreamListenerImpl.messagesAvailable(ServerCallImpl.java:263) [ratis-thirdparty-misc-0.2.0.jar:0.2.0]
	at org.apache.ratis.thirdparty.io.grpc.internal.ServerImpl$JumpToApplicationThreadServerStreamListener$1MessagesAvailable.runInContext(ServerImpl.java:686) [ratis-thirdparty-misc-0.2.0.jar:0.2.0]
	at org.apache.ratis.thirdparty.io.grpc.internal.ContextRunnable.run(ContextRunnable.java:37) [ratis-thirdparty-misc-0.2.0.jar:0.2.0]
	at org.apache.ratis.thirdparty.io.grpc.internal.SerializingExecutor.run(SerializingExecutor.java:123) [ratis-thirdparty-misc-0.2.0.jar:0.2.0]
	at java.util.concurrent.ThreadPoolExecutor.runWorker(ThreadPoolExecutor.java:1149) [?:1.8.0_212]
	at java.util.concurrent.ThreadPoolExecutor$Worker.run(ThreadPoolExecutor.java:624) [?:1.8.0_212]
	at java.lang.Thread.run(Thread.java:748) [?:1.8.0_212]
2019-07-13 17:11:31,932 INFO  impl.HddsDispatcher (ContainerUtils.java:logAndReturnError(146)) - Operation: WriteChunk : Trace ID: 16977e95728414b:16977e95728414b:0:0 : Message: ContainerID 2 creation failed : Result: DISK_OUT_OF_SPACE
2019-07-13 17:11:31,937 ERROR storage.BlockOutputStream (BlockOutputStream.java:validateResponse(539)) - Unexpected Storage Container Exception: 
org.apache.hadoop.hdds.scm.container.common.helpers.StorageContainerException: ContainerID 2 creation failed
	at org.apache.hadoop.hdds.scm.storage.ContainerProtocolCalls.validateContainerResponse(ContainerProtocolCalls.java:536)
	at org.apache.hadoop.hdds.scm.storage.BlockOutputStream.validateResponse(BlockOutputStream.java:537)
	at org.apache.hadoop.hdds.scm.storage.BlockOutputStream.lambda$writeChunkToContainer$2(BlockOutputStream.java:615)
	at java.util.concurrent.CompletableFuture.uniApply(CompletableFuture.java:602)
	at java.util.concurrent.CompletableFuture$UniApply.tryFire(CompletableFuture.java:577)
	at java.util.concurrent.CompletableFuture$Completion.run(CompletableFuture.java:442)
	at java.util.concurrent.ThreadPoolExecutor.runWorker(ThreadPoolExecutor.java:1149)
	at java.util.concurrent.ThreadPoolExecutor$Worker.run(ThreadPoolExecutor.java:624)
	at java.lang.Thread.run(Thread.java:748)
17:11:31.942 [grpc-default-executor-0] ERROR DNAudit - user=null | ip=null | op=PUT_BLOCK {blockData=[blockId=conID: 2 locID: 102435251278577667 bcsId: 0,size=1024]} | ret=FAILURE
org.apache.hadoop.hdds.scm.container.common.helpers.StorageContainerException: ContainerID 2 does not exist
	at org.apache.hadoop.ozone.container.common.impl.HddsDispatcher.dispatchRequest(HddsDispatcher.java:242) [hadoop-hdds-container-service-0.5.0-SNAPSHOT.jar:?]
	at org.apache.hadoop.ozone.container.common.impl.HddsDispatcher.dispatch(HddsDispatcher.java:148) [hadoop-hdds-container-service-0.5.0-SNAPSHOT.jar:?]
	at org.apache.hadoop.ozone.container.common.transport.server.GrpcXceiverService$1.onNext(GrpcXceiverService.java:73) [hadoop-hdds-container-service-0.5.0-SNAPSHOT.jar:?]
	at org.apache.hadoop.ozone.container.common.transport.server.GrpcXceiverService$1.onNext(GrpcXceiverService.java:61) [hadoop-hdds-container-service-0.5.0-SNAPSHOT.jar:?]
	at org.apache.ratis.thirdparty.io.grpc.stub.ServerCalls$StreamingServerCallHandler$StreamingServerCallListener.onMessage(ServerCalls.java:248) [ratis-thirdparty-misc-0.2.0.jar:0.2.0]
	at org.apache.ratis.thirdparty.io.grpc.ForwardingServerCallListener.onMessage(ForwardingServerCallListener.java:33) [ratis-thirdparty-misc-0.2.0.jar:0.2.0]
	at org.apache.ratis.thirdparty.io.grpc.Contexts$ContextualizedServerCallListener.onMessage(Contexts.java:76) [ratis-thirdparty-misc-0.2.0.jar:0.2.0]
	at org.apache.ratis.thirdparty.io.grpc.ForwardingServerCallListener.onMessage(ForwardingServerCallListener.java:33) [ratis-thirdparty-misc-0.2.0.jar:0.2.0]
	at org.apache.hadoop.hdds.tracing.GrpcServerInterceptor$1.onMessage(GrpcServerInterceptor.java:46) [hadoop-hdds-common-0.5.0-SNAPSHOT.jar:?]
	at org.apache.ratis.thirdparty.io.grpc.internal.ServerCallImpl$ServerStreamListenerImpl.messagesAvailable(ServerCallImpl.java:263) [ratis-thirdparty-misc-0.2.0.jar:0.2.0]
	at org.apache.ratis.thirdparty.io.grpc.internal.ServerImpl$JumpToApplicationThreadServerStreamListener$1MessagesAvailable.runInContext(ServerImpl.java:686) [ratis-thirdparty-misc-0.2.0.jar:0.2.0]
	at org.apache.ratis.thirdparty.io.grpc.internal.ContextRunnable.run(ContextRunnable.java:37) [ratis-thirdparty-misc-0.2.0.jar:0.2.0]
	at org.apache.ratis.thirdparty.io.grpc.internal.SerializingExecutor.run(SerializingExecutor.java:123) [ratis-thirdparty-misc-0.2.0.jar:0.2.0]
	at java.util.concurrent.ThreadPoolExecutor.runWorker(ThreadPoolExecutor.java:1149) [?:1.8.0_212]
	at java.util.concurrent.ThreadPoolExecutor$Worker.run(ThreadPoolExecutor.java:624) [?:1.8.0_212]
	at java.lang.Thread.run(Thread.java:748) [?:1.8.0_212]
2019-07-13 17:11:31,943 INFO  impl.HddsDispatcher (ContainerUtils.java:logAndReturnError(146)) - Operation: PutBlock : Trace ID: 4c04524c93752a16:4c04524c93752a16:0:0 : Message: ContainerID 2 does not exist : Result: CONTAINER_NOT_FOUND
2019-07-13 17:11:31,948 INFO  ozone.MiniOzoneClusterImpl (MiniOzoneClusterImpl.java:shutdown(321)) - Shutting down the Mini Ozone Cluster
2019-07-13 17:11:31,948 INFO  ozone.MiniOzoneClusterImpl (MiniOzoneClusterImpl.java:stop(336)) - Stopping the Mini Ozone Cluster
2019-07-13 17:11:31,949 INFO  ozone.MiniOzoneClusterImpl (MiniOzoneClusterImpl.java:stop(338)) - Stopping the OzoneManager
2019-07-13 17:11:31,949 INFO  ipc.Server (Server.java:stop(3082)) - Stopping server on 33217
2019-07-13 17:11:31,951 INFO  ipc.Server (Server.java:run(1185)) - Stopping IPC Server listener on 33217
2019-07-13 17:11:31,951 INFO  utils.BackgroundService (BackgroundService.java:shutdown(148)) - Shutting down service KeyDeletingService
2019-07-13 17:11:31,951 INFO  ipc.Server (Server.java:run(1319)) - Stopping IPC Server Responder
2019-07-13 17:11:31,955 INFO  handler.ContextHandler (ContextHandler.java:doStop(910)) - Stopped o.e.j.w.WebAppContext@45add8fc{/,null,UNAVAILABLE}{/ozoneManager}
2019-07-13 17:11:31,962 INFO  server.AbstractConnector (AbstractConnector.java:doStop(318)) - Stopped ServerConnector@5923de8c{HTTP/1.1,[http/1.1]}{0.0.0.0:0}
2019-07-13 17:11:31,962 INFO  handler.ContextHandler (ContextHandler.java:doStop(910)) - Stopped o.e.j.s.ServletContextHandler@3fa4a022{/static,file:///tmp/workdir/hadoop-ozone/integration-test/target/test-classes/webapps/static,UNAVAILABLE}
2019-07-13 17:11:31,963 INFO  handler.ContextHandler (ContextHandler.java:doStop(910)) - Stopped o.e.j.s.ServletContextHandler@157a2e49{/logs,file:///tmp/workdir/hadoop-ozone/integration-test/target/log,UNAVAILABLE}
2019-07-13 17:11:31,971 INFO  ozone.MiniOzoneClusterImpl (MiniOzoneClusterImpl.java:stop(344)) - Shutting the HddsDatanodes
2019-07-13 17:11:31,972 INFO  datanode.ObjectStoreHandler (ObjectStoreHandler.java:close(155)) - Closing ObjectStoreHandler.
2019-07-13 17:11:31,973 INFO  ozone.HddsDatanodeService (HddsDatanodeService.java:stop(452)) - Stopped plug-in org.apache.hadoop.ozone.web.OzoneHddsDatanodeService@28340ac0
2019-07-13 17:11:32,681 INFO  statemachine.DatanodeStateMachine (DatanodeStateMachine.java:lambda$startDaemon$0(350)) - Ozone container server started.
2019-07-13 17:11:33,049 INFO  container.ReplicationManager (ReplicationManager.java:start(155)) - Starting Replication Monitor Thread.
2019-07-13 17:11:33,052 INFO  container.ReplicationManager (ReplicationManager.java:run(207)) - Replication Monitor Thread took 2 milliseconds for processing 2 containers.
2019-07-13 17:11:36,167 INFO  impl.FollowerState (FollowerState.java:run(106)) - 4571a62b-00ec-4466-98f4-235d42bdcda0:group-3605BA00F65D changes to CANDIDATE, lastRpcTime:5138, electionTimeout:5137ms
2019-07-13 17:11:36,167 INFO  impl.RoleInfo (RoleInfo.java:shutdownFollowerState(121)) - 4571a62b-00ec-4466-98f4-235d42bdcda0: shutdown FollowerState
2019-07-13 17:11:36,169 INFO  impl.RaftServerImpl (RaftServerImpl.java:setRole(171)) - 4571a62b-00ec-4466-98f4-235d42bdcda0:group-3605BA00F65D changes role from FOLLOWER to CANDIDATE at term 0 for changeToCandidate
2019-07-13 17:11:36,174 INFO  impl.RoleInfo (RoleInfo.java:updateAndGet(143)) - 4571a62b-00ec-4466-98f4-235d42bdcda0: start LeaderElection
2019-07-13 17:11:36,204 INFO  impl.LeaderElection (LeaderElection.java:askForVotes(181)) - 4571a62b-00ec-4466-98f4-235d42bdcda0:group-3605BA00F65D:LeaderElection1: begin an election at term 1 for -1: [4571a62b-00ec-4466-98f4-235d42bdcda0:192.168.5.187:36229], old=null
2019-07-13 17:11:36,206 INFO  impl.RoleInfo (RoleInfo.java:shutdownLeaderElection(134)) - 4571a62b-00ec-4466-98f4-235d42bdcda0: shutdown LeaderElection
2019-07-13 17:11:36,207 INFO  impl.RaftServerImpl (RaftServerImpl.java:setRole(171)) - 4571a62b-00ec-4466-98f4-235d42bdcda0:group-3605BA00F65D changes role from CANDIDATE to LEADER at term 1 for changeToLeader
2019-07-13 17:11:36,208 INFO  impl.RaftServerImpl (ServerState.java:setLeader(263)) - 4571a62b-00ec-4466-98f4-235d42bdcda0:group-3605BA00F65D change Leader from null to 4571a62b-00ec-4466-98f4-235d42bdcda0 at term 1 for becomeLeader, leader elected after 5600ms
2019-07-13 17:11:36,216 INFO  server.RaftServerConfigKeys (ConfUtils.java:logGet(43)) - raft.server.staging.catchup.gap = 1000 (default)
2019-07-13 17:11:36,217 INFO  server.RaftServerConfigKeys (ConfUtils.java:logGet(43)) - raft.server.rpc.sleep.time = 25ms (default)
2019-07-13 17:11:36,221 INFO  server.RaftServerConfigKeys (ConfUtils.java:logGet(43)) - raft.server.write.element-limit = 4096 (default)
2019-07-13 17:11:36,224 INFO  server.RaftServerConfigKeys (ConfUtils.java:logGet(43)) - raft.server.watch.timeout = 10s (default)
2019-07-13 17:11:36,224 INFO  server.RaftServerConfigKeys (ConfUtils.java:logGet(43)) - raft.server.watch.timeout.denomination = 1s (default)
2019-07-13 17:11:36,226 INFO  server.RaftServerConfigKeys (ConfUtils.java:logGet(43)) - raft.server.watch.element-limit = 65536 (default)
2019-07-13 17:11:36,237 INFO  impl.RoleInfo (RoleInfo.java:updateAndGet(143)) - 4571a62b-00ec-4466-98f4-235d42bdcda0: start LeaderState
2019-07-13 17:11:36,265 INFO  segmented.SegmentedRaftLogWorker (SegmentedRaftLogWorker.java:startLogSegment(380)) - 4571a62b-00ec-4466-98f4-235d42bdcda0-SegmentedRaftLogWorker:Storage Directory /tmp/workdir/hadoop-ozone/integration-test/target/test-dir/MiniOzoneClusterImpl-69a75877-6ada-4861-9624-6b8919121d25/datanode-0/data/ratis/e8aaf9e4-cb28-4467-90f1-3605ba00f65d: Starting segment from index:0
2019-07-13 17:11:36,277 INFO  impl.RaftServerImpl (ServerState.java:setRaftConf(361)) - 4571a62b-00ec-4466-98f4-235d42bdcda0:group-3605BA00F65D set configuration 0: [4571a62b-00ec-4466-98f4-235d42bdcda0:192.168.5.187:36229], old=null at 0
2019-07-13 17:11:36,456 INFO  segmented.SegmentedRaftLogWorker (SegmentedRaftLogWorker.java:execute(569)) - 4571a62b-00ec-4466-98f4-235d42bdcda0-SegmentedRaftLogWorker:Storage Directory /tmp/workdir/hadoop-ozone/integration-test/target/test-dir/MiniOzoneClusterImpl-69a75877-6ada-4861-9624-6b8919121d25/datanode-0/data/ratis/e8aaf9e4-cb28-4467-90f1-3605ba00f65d: created new log segment /tmp/workdir/hadoop-ozone/integration-test/target/test-dir/MiniOzoneClusterImpl-69a75877-6ada-4861-9624-6b8919121d25/datanode-0/data/ratis/e8aaf9e4-cb28-4467-90f1-3605ba00f65d/current/log_inprogress_0
2019-07-13 17:11:36,975 INFO  ozoneimpl.OzoneContainer (OzoneContainer.java:stop(199)) - Attempting to stop container services.
2019-07-13 17:11:36,978 INFO  impl.RaftServerProxy (RaftServerProxy.java:lambda$close$4(314)) - 4571a62b-00ec-4466-98f4-235d42bdcda0: close
2019-07-13 17:11:36,981 INFO  impl.RaftServerImpl (RaftServerImpl.java:lambda$shutdown$3(245)) - 4571a62b-00ec-4466-98f4-235d42bdcda0: shutdown group-3605BA00F65D
2019-07-13 17:11:36,981 INFO  util.JmxRegister (JmxRegister.java:unregister(73)) - Successfully un-registered JMX Bean with object name Ratis:service=RaftServer,group=group-3605BA00F65D,id=4571a62b-00ec-4466-98f4-235d42bdcda0
2019-07-13 17:11:36,983 INFO  impl.RoleInfo (RoleInfo.java:shutdownLeaderState(104)) - 4571a62b-00ec-4466-98f4-235d42bdcda0: shutdown LeaderState
2019-07-13 17:11:36,984 INFO  impl.PendingRequests (PendingRequests.java:sendNotLeaderResponses(202)) - 4571a62b-00ec-4466-98f4-235d42bdcda0-PendingRequests: sendNotLeaderResponses
2019-07-13 17:11:36,987 INFO  impl.StateMachineUpdater (StateMachineUpdater.java:stopAndJoin(115)) - StateMachineUpdater:4571a62b-00ec-4466-98f4-235d42bdcda0:group-3605BA00F65D: set stopIndex = 0
2019-07-13 17:11:36,987 INFO  ratis.ContainerStateMachine (ContainerStateMachine.java:takeSnapshot(246)) - Taking snapshot at termIndex:(t:0, i:~)
2019-07-13 17:11:36,989 INFO  impl.RaftServerImpl (ServerState.java:close(394)) - 4571a62b-00ec-4466-98f4-235d42bdcda0:group-3605BA00F65D closes. The last applied log index is 0
2019-07-13 17:11:36,992 INFO  segmented.SegmentedRaftLogWorker (SegmentedRaftLogWorker.java:run(313)) - 4571a62b-00ec-4466-98f4-235d42bdcda0-SegmentedRaftLogWorker:Storage Directory /tmp/workdir/hadoop-ozone/integration-test/target/test-dir/MiniOzoneClusterImpl-69a75877-6ada-4861-9624-6b8919121d25/datanode-0/data/ratis/e8aaf9e4-cb28-4467-90f1-3605ba00f65d was interrupted, exiting. There are 0 tasks remaining in the queue.
2019-07-13 17:11:36,994 INFO  segmented.SegmentedRaftLogWorker (SegmentedRaftLogWorker.java:close(228)) - 4571a62b-00ec-4466-98f4-235d42bdcda0-SegmentedRaftLogWorker:Storage Directory /tmp/workdir/hadoop-ozone/integration-test/target/test-dir/MiniOzoneClusterImpl-69a75877-6ada-4861-9624-6b8919121d25/datanode-0/data/ratis/e8aaf9e4-cb28-4467-90f1-3605ba00f65d close()
2019-07-13 17:11:36,996 INFO  server.GrpcService (GrpcService.java:closeImpl(155)) - 4571a62b-00ec-4466-98f4-235d42bdcda0: shutdown server with port 36229 now
2019-07-13 17:11:36,999 INFO  server.GrpcService (GrpcService.java:closeImpl(163)) - 4571a62b-00ec-4466-98f4-235d42bdcda0: shutdown server with port 36229 successfully
2019-07-13 17:11:37,011 INFO  utils.BackgroundService (BackgroundService.java:shutdown(148)) - Shutting down service BlockDeletingService
2019-07-13 17:11:37,014 WARN  fs.CachingGetSpaceUsed (CachingGetSpaceUsed.java:run(183)) - Thread Interrupted waiting to refresh disk information: sleep interrupted
2019-07-13 17:11:37,034 INFO  statemachine.DatanodeStateMachine (DatanodeStateMachine.java:stopDaemon(395)) - Ozone container server stopped.
2019-07-13 17:11:37,036 INFO  handler.ContextHandler (ContextHandler.java:doStop(910)) - Stopped o.e.j.w.WebAppContext@74eda6ab{/,null,UNAVAILABLE}{/hddsDatanode}
2019-07-13 17:11:37,037 INFO  server.AbstractConnector (AbstractConnector.java:doStop(318)) - Stopped ServerConnector@5c87d82b{HTTP/1.1,[http/1.1]}{0.0.0.0:0}
2019-07-13 17:11:37,037 INFO  handler.ContextHandler (ContextHandler.java:doStop(910)) - Stopped o.e.j.s.ServletContextHandler@45d464cd{/static,jar:file:/home/user/.m2/repository/org/apache/hadoop/hadoop-hdds-container-service/0.5.0-SNAPSHOT/hadoop-hdds-container-service-0.5.0-SNAPSHOT.jar!/webapps/static,UNAVAILABLE}
2019-07-13 17:11:37,038 INFO  handler.ContextHandler (ContextHandler.java:doStop(910)) - Stopped o.e.j.s.ServletContextHandler@1a1466a2{/logs,file:///tmp/workdir/hadoop-ozone/integration-test/target/log,UNAVAILABLE}
2019-07-13 17:11:37,038 INFO  ozone.MiniOzoneClusterImpl (MiniOzoneClusterImpl.java:stop(353)) - Stopping the StorageContainerManager
2019-07-13 17:11:37,039 INFO  server.StorageContainerManager (StorageContainerManager.java:stop(796)) - Stopping Replication Manager Service.
2019-07-13 17:11:37,039 INFO  container.ReplicationManager (ReplicationManager.java:stop(187)) - Stopping Replication Monitor Thread.
2019-07-13 17:11:37,039 INFO  server.StorageContainerManager (StorageContainerManager.java:stop(803)) - Stopping Lease Manager of the command watchers
2019-07-13 17:11:37,039 INFO  server.StorageContainerManager (StorageContainerManager.java:stop(810)) - Stopping datanode service RPC server
2019-07-13 17:11:37,040 INFO  server.SCMDatanodeProtocolServer (SCMDatanodeProtocolServer.java:stop(375)) - Stopping the RPC server for DataNodes
2019-07-13 17:11:37,040 INFO  ipc.Server (Server.java:stop(3082)) - Stopping server on 45553
2019-07-13 17:11:37,041 INFO  ipc.Server (Server.java:run(1185)) - Stopping IPC Server listener on 45553
2019-07-13 17:11:37,042 INFO  ipc.Server (Server.java:run(1319)) - Stopping IPC Server Responder
2019-07-13 17:11:37,162 WARN  node.NodeStateManager (NodeStateManager.java:scheduleNextHealthCheck(631)) - Current Thread is interrupted, shutting down HB processing thread for Node Manager.
2019-07-13 17:11:37,163 INFO  server.StorageContainerManager (StorageContainerManager.java:stop(818)) - Stopping block service RPC server
2019-07-13 17:11:37,163 INFO  server.SCMBlockProtocolServer (SCMBlockProtocolServer.java:stop(148)) - Stopping the RPC server for Block Protocol
2019-07-13 17:11:37,163 INFO  ipc.Server (Server.java:stop(3082)) - Stopping server on 43021
2019-07-13 17:11:37,165 INFO  ipc.Server (Server.java:run(1185)) - Stopping IPC Server listener on 43021
2019-07-13 17:11:37,165 INFO  server.StorageContainerManager (StorageContainerManager.java:stop(825)) - Stopping the StorageContainerLocationProtocol RPC server
2019-07-13 17:11:37,166 INFO  server.SCMClientProtocolServer (SCMClientProtocolServer.java:stop(157)) - Stopping the RPC server for Client Protocol
2019-07-13 17:11:37,166 INFO  ipc.Server (Server.java:run(1319)) - Stopping IPC Server Responder
2019-07-13 17:11:37,166 INFO  ipc.Server (Server.java:stop(3082)) - Stopping server on 42327
2019-07-13 17:11:37,167 INFO  ipc.Server (Server.java:run(1185)) - Stopping IPC Server listener on 42327
2019-07-13 17:11:37,167 INFO  server.StorageContainerManager (StorageContainerManager.java:stop(832)) - Stopping Storage Container Manager HTTP server.
2019-07-13 17:11:37,169 INFO  ipc.Server (Server.java:run(1319)) - Stopping IPC Server Responder
2019-07-13 17:11:37,169 INFO  handler.ContextHandler (ContextHandler.java:doStop(910)) - Stopped o.e.j.w.WebAppContext@27966ab9{/,null,UNAVAILABLE}{/scm}
2019-07-13 17:11:37,170 INFO  server.AbstractConnector (AbstractConnector.java:doStop(318)) - Stopped ServerConnector@1fec2294{HTTP/1.1,[http/1.1]}{0.0.0.0:0}
2019-07-13 17:11:37,170 INFO  handler.ContextHandler (ContextHandler.java:doStop(910)) - Stopped o.e.j.s.ServletContextHandler@158bc786{/static,file:///tmp/workdir/hadoop-ozone/integration-test/target/test-classes/webapps/static,UNAVAILABLE}
2019-07-13 17:11:37,171 INFO  handler.ContextHandler (ContextHandler.java:doStop(910)) - Stopped o.e.j.s.ServletContextHandler@3dd34b2c{/logs,file:///tmp/workdir/hadoop-ozone/integration-test/target/log,UNAVAILABLE}
2019-07-13 17:11:37,173 INFO  server.StorageContainerManager (StorageContainerManager.java:stop(843)) - Stopping Block Manager Service.
2019-07-13 17:11:37,173 INFO  utils.BackgroundService (BackgroundService.java:shutdown(148)) - Shutting down service SCMBlockDeletingService
2019-07-13 17:11:37,173 INFO  utils.BackgroundService (BackgroundService.java:shutdown(148)) - Shutting down service SCMBlockDeletingService
2019-07-13 17:11:37,174 INFO  server.StorageContainerManager (StorageContainerManager.java:stop(865)) - Stopping SCM Event Queue.
2019-07-13 17:11:37,182 INFO  impl.MetricsSystemImpl (MetricsSystemImpl.java:stop(210)) - Stopping HddsDatanode metrics system...
2019-07-13 17:11:37,184 INFO  impl.MetricsSystemImpl (MetricsSystemImpl.java:stop(216)) - HddsDatanode metrics system stopped.
]]></system-out>
    <system-err><![CDATA[ERROR StatusLogger No Log4j 2 configuration file found. Using default configuration (logging only errors to the console), or user programmatically provided configurations. Set system property 'log4j2.debug' to show Log4j 2 internal initialization logging. See https://logging.apache.org/log4j/2.x/manual/configuration.html for instructions on how to configure Log4j 2
Jul 13, 2019 5:11:25 PM com.sun.jersey.server.impl.application.WebApplicationImpl _initiate
INFO: Initiating Jersey application, version 'Jersey: 1.19 02/11/2015 03:25 AM'
]]></system-err>
  </testcase>
  <testcase name="testPutAndGetKey" classname="org.apache.hadoop.ozone.web.client.TestKeys" time="12.253">
    <error message="Unexpected Storage Container Exception: org.apache.hadoop.hdds.scm.container.common.helpers.StorageContainerException: ContainerID 2 creation failed" type="java.io.IOException">java.io.IOException: Unexpected Storage Container Exception: org.apache.hadoop.hdds.scm.container.common.helpers.StorageContainerException: ContainerID 2 creation failed
	at org.apache.hadoop.hdds.scm.storage.BlockOutputStream.setIoException(BlockOutputStream.java:549)
	at org.apache.hadoop.hdds.scm.storage.BlockOutputStream.validateResponse(BlockOutputStream.java:540)
	at org.apache.hadoop.hdds.scm.storage.BlockOutputStream.lambda$writeChunkToContainer$2(BlockOutputStream.java:615)
	at java.util.concurrent.CompletableFuture.uniApply(CompletableFuture.java:602)
	at java.util.concurrent.CompletableFuture$UniApply.tryFire(CompletableFuture.java:577)
	at java.util.concurrent.CompletableFuture$Completion.run(CompletableFuture.java:442)
	at java.util.concurrent.ThreadPoolExecutor.runWorker(ThreadPoolExecutor.java:1149)
	at java.util.concurrent.ThreadPoolExecutor$Worker.run(ThreadPoolExecutor.java:624)
	at java.lang.Thread.run(Thread.java:748)
Caused by: org.apache.hadoop.hdds.scm.container.common.helpers.StorageContainerException: ContainerID 2 creation failed
	at org.apache.hadoop.hdds.scm.storage.ContainerProtocolCalls.validateContainerResponse(ContainerProtocolCalls.java:536)
	at org.apache.hadoop.hdds.scm.storage.BlockOutputStream.validateResponse(BlockOutputStream.java:537)
	... 7 more
</error>
    <system-out><![CDATA[2019-07-13 17:11:37,239 WARN  server.ServerUtils (ServerUtils.java:getScmDbDir(145)) - ozone.scm.db.dirs is not configured. We recommend adding this setting. Falling back to ozone.metadata.dirs instead.
2019-07-13 17:11:37,273 WARN  server.ServerUtils (ServerUtils.java:getScmDbDir(145)) - ozone.scm.db.dirs is not configured. We recommend adding this setting. Falling back to ozone.metadata.dirs instead.
2019-07-13 17:11:37,274 WARN  server.ServerUtils (ServerUtils.java:getScmDbDir(145)) - ozone.scm.db.dirs is not configured. We recommend adding this setting. Falling back to ozone.metadata.dirs instead.
2019-07-13 17:11:37,275 INFO  db.DBStoreBuilder (DBStoreBuilder.java:addTable(110)) - using custom profile for table: deletedBlocks
2019-07-13 17:11:37,275 INFO  db.DBStoreBuilder (DBStoreBuilder.java:processTables(161)) - Using default column profile:DBProfile.DISK for Table:deletedBlocks
2019-07-13 17:11:37,275 INFO  db.DBStoreBuilder (DBStoreBuilder.java:addTable(110)) - using custom profile for table: validCerts
2019-07-13 17:11:37,276 INFO  db.DBStoreBuilder (DBStoreBuilder.java:processTables(161)) - Using default column profile:DBProfile.DISK for Table:validCerts
2019-07-13 17:11:37,276 INFO  db.DBStoreBuilder (DBStoreBuilder.java:addTable(110)) - using custom profile for table: revokedCerts
2019-07-13 17:11:37,277 INFO  db.DBStoreBuilder (DBStoreBuilder.java:processTables(161)) - Using default column profile:DBProfile.DISK for Table:revokedCerts
2019-07-13 17:11:37,277 INFO  db.DBStoreBuilder (DBStoreBuilder.java:addTable(110)) - using custom profile for table: default
2019-07-13 17:11:37,277 INFO  db.DBStoreBuilder (DBStoreBuilder.java:processTables(167)) - Using default column profile:DBProfile.DISK for Table:default
2019-07-13 17:11:37,278 INFO  db.DBStoreBuilder (DBStoreBuilder.java:getDbProfile(198)) - Using default options. DBProfile.DISK
2019-07-13 17:11:37,421 INFO  net.NodeSchemaLoader (NodeSchemaLoader.java:loadSchemaFromFile(125)) - Loading file from sun.misc.CompoundEnumeration@138b72f1
2019-07-13 17:11:37,421 INFO  net.NodeSchemaLoader (NodeSchemaLoader.java:loadSchema(171)) - Loading network topology layer schema file
2019-07-13 17:11:37,427 INFO  node.SCMNodeManager (SCMNodeManager.java:<init>(119)) - Entering startup safe mode.
2019-07-13 17:11:37,428 WARN  server.ServerUtils (ServerUtils.java:getScmDbDir(145)) - ozone.scm.db.dirs is not configured. We recommend adding this setting. Falling back to ozone.metadata.dirs instead.
2019-07-13 17:11:37,458 INFO  pipeline.SCMPipelineManager (SCMPipelineManager.java:initializePipelineState(126)) - No pipeline exists in current db
2019-07-13 17:11:37,458 WARN  server.ServerUtils (ServerUtils.java:getScmDbDir(145)) - ozone.scm.db.dirs is not configured. We recommend adding this setting. Falling back to ozone.metadata.dirs instead.
2019-07-13 17:11:37,527 WARN  events.EventQueue (EventQueue.java:fireEvent(175)) - No event handler registered for event TypedEvent{payloadType=SafeModeStatus, name='SafeModeStatus'}
2019-07-13 17:11:37,528 INFO  ipc.CallQueueManager (CallQueueManager.java:<init>(84)) - Using callQueue: class java.util.concurrent.LinkedBlockingQueue, queueCapacity: 2000, scheduler: class org.apache.hadoop.ipc.DefaultRpcScheduler, ipcBackoff: false.
2019-07-13 17:11:37,530 INFO  ipc.Server (Server.java:run(1074)) - Starting Socket Reader #1 for port 43612
2019-07-13 17:11:37,532 INFO  ipc.CallQueueManager (CallQueueManager.java:<init>(84)) - Using callQueue: class java.util.concurrent.LinkedBlockingQueue, queueCapacity: 2000, scheduler: class org.apache.hadoop.ipc.DefaultRpcScheduler, ipcBackoff: false.
2019-07-13 17:11:37,533 INFO  ipc.Server (Server.java:run(1074)) - Starting Socket Reader #1 for port 37816
2019-07-13 17:11:37,534 INFO  ipc.CallQueueManager (CallQueueManager.java:<init>(84)) - Using callQueue: class java.util.concurrent.LinkedBlockingQueue, queueCapacity: 2000, scheduler: class org.apache.hadoop.ipc.DefaultRpcScheduler, ipcBackoff: false.
2019-07-13 17:11:37,535 INFO  ipc.Server (Server.java:run(1074)) - Starting Socket Reader #1 for port 39177
2019-07-13 17:11:37,538 INFO  hdfs.DFSUtil (DFSUtil.java:httpServerTemplateForNNAndJN(1641)) - Starting Web-server for scm at: http://0.0.0.0:0
2019-07-13 17:11:37,541 INFO  server.AuthenticationFilter (AuthenticationFilter.java:constructSecretProvider(240)) - Unable to initialize FileSignerSecretProvider, falling back to use random secrets.
2019-07-13 17:11:37,542 WARN  http.HttpRequestLog (HttpRequestLog.java:getRequestLog(97)) - Jetty request log can only be enabled using Log4j
2019-07-13 17:11:37,545 INFO  http.HttpServer2 (HttpServer2.java:addGlobalFilter(975)) - Added global filter 'safety' (class=org.apache.hadoop.http.HttpServer2$QuotingInputFilter)
2019-07-13 17:11:37,546 INFO  http.HttpServer2 (HttpServer2.java:addFilter(948)) - Added filter static_user_filter (class=org.apache.hadoop.http.lib.StaticUserWebFilter$StaticUserFilter) to context scm
2019-07-13 17:11:37,547 INFO  http.HttpServer2 (HttpServer2.java:addFilter(958)) - Added filter static_user_filter (class=org.apache.hadoop.http.lib.StaticUserWebFilter$StaticUserFilter) to context logs
2019-07-13 17:11:37,547 INFO  http.HttpServer2 (HttpServer2.java:addFilter(958)) - Added filter static_user_filter (class=org.apache.hadoop.http.lib.StaticUserWebFilter$StaticUserFilter) to context static
2019-07-13 17:11:37,551 INFO  server.StorageContainerManager (StorageContainerManager.java:start(759)) - StorageContainerLocationProtocol RPC server is listening at /0.0.0.0:39177
2019-07-13 17:11:37,553 WARN  impl.MetricsConfig (MetricsConfig.java:loadFirst(134)) - Cannot locate configuration: tried hadoop-metrics2-storagecontainermanager.properties,hadoop-metrics2.properties
2019-07-13 17:11:37,555 INFO  impl.MetricsSystemImpl (MetricsSystemImpl.java:startTimer(374)) - Scheduled Metric snapshot period at 10 second(s).
2019-07-13 17:11:37,555 INFO  impl.MetricsSystemImpl (MetricsSystemImpl.java:start(191)) - StorageContainerManager metrics system started
2019-07-13 17:11:37,584 INFO  server.SCMClientProtocolServer (SCMClientProtocolServer.java:start(149)) - RPC server for Client  is listening at /0.0.0.0:39177
2019-07-13 17:11:37,585 INFO  ipc.Server (Server.java:run(1314)) - IPC Server Responder: starting
2019-07-13 17:11:37,585 INFO  ipc.Server (Server.java:run(1153)) - IPC Server listener on 39177: starting
2019-07-13 17:11:37,589 INFO  server.StorageContainerManager (StorageContainerManager.java:start(768)) - ScmBlockLocationProtocol RPC server is listening at /0.0.0.0:37816
2019-07-13 17:11:37,589 INFO  server.SCMBlockProtocolServer (SCMBlockProtocolServer.java:start(140)) - RPC server for Block Protocol is listening at /0.0.0.0:37816
2019-07-13 17:11:37,589 INFO  ipc.Server (Server.java:run(1314)) - IPC Server Responder: starting
2019-07-13 17:11:37,589 INFO  ipc.Server (Server.java:run(1153)) - IPC Server listener on 37816: starting
2019-07-13 17:11:37,593 INFO  server.StorageContainerManager (StorageContainerManager.java:start(772)) - ScmDatanodeProtocl RPC server is listening at /0.0.0.0:43612
2019-07-13 17:11:37,593 INFO  server.SCMDatanodeProtocolServer (SCMDatanodeProtocolServer.java:start(191)) - RPC server for DataNodes is listening at /0.0.0.0:43612
2019-07-13 17:11:37,593 INFO  ipc.Server (Server.java:run(1314)) - IPC Server Responder: starting
2019-07-13 17:11:37,594 INFO  ipc.Server (Server.java:run(1153)) - IPC Server listener on 43612: starting
2019-07-13 17:11:37,597 INFO  http.HttpServer2 (HttpServer2.java:bindListener(1191)) - Jetty bound to port 39893
2019-07-13 17:11:37,598 INFO  server.Server (Server.java:doStart(351)) - jetty-9.3.24.v20180605, build timestamp: 2018-06-05T17:11:56Z, git hash: 84205aa28f11a4f31f2a3b86d1bba2cc8ab69827
2019-07-13 17:11:37,600 INFO  handler.ContextHandler (ContextHandler.java:doStart(781)) - Started o.e.j.s.ServletContextHandler@67f8bb3c{/logs,file:///tmp/workdir/hadoop-ozone/integration-test/target/log,AVAILABLE}
2019-07-13 17:11:37,601 INFO  handler.ContextHandler (ContextHandler.java:doStart(781)) - Started o.e.j.s.ServletContextHandler@75f3b818{/static,file:///tmp/workdir/hadoop-ozone/integration-test/target/test-classes/webapps/static,AVAILABLE}
2019-07-13 17:11:37,607 INFO  handler.ContextHandler (ContextHandler.java:doStart(781)) - Started o.e.j.w.WebAppContext@6cb1f522{/,file:///tmp/workdir/hadoop-ozone/integration-test/target/test-classes/webapps/scm/,AVAILABLE}{/scm}
2019-07-13 17:11:37,607 INFO  server.AbstractConnector (AbstractConnector.java:doStart(278)) - Started ServerConnector@21c4448a{HTTP/1.1,[http/1.1]}{0.0.0.0:39893}
2019-07-13 17:11:37,608 INFO  server.Server (Server.java:doStart(419)) - Started @17775ms
2019-07-13 17:11:37,609 INFO  server.BaseHttpServer (BaseHttpServer.java:updateConnectorAddress(207)) - HTTP server of SCM is listening at http://0.0.0.0:39893
2019-07-13 17:11:37,609 WARN  server.ServerUtils (ServerUtils.java:getDBPath(222)) - ozone.om.db.dirs is not configured. We recommend adding this setting. Falling back to ozone.metadata.dirs instead.
2019-07-13 17:11:37,610 INFO  util.JvmPauseMonitor (JvmPauseMonitor.java:run(188)) - Starting JVM pause monitor
2019-07-13 17:11:37,615 WARN  server.ServerUtils (ServerUtils.java:getDBPath(222)) - ozone.om.db.dirs is not configured. We recommend adding this setting. Falling back to ozone.metadata.dirs instead.
2019-07-13 17:11:37,616 INFO  om.OzoneManager (OzoneManager.java:setOMNodeDetails(630)) - OM Service ID is not set. Setting it to the default ID: omServiceIdDefault
2019-07-13 17:11:37,616 INFO  om.OzoneManager (OzoneManager.java:setOMNodeDetails(636)) - OM Node ID is not set. Setting it to the OmStorage's OmID: 64569978-aea3-4835-a6f3-8c8e54c4be23
2019-07-13 17:11:37,616 INFO  om.OzoneManager (OzoneManager.java:loadOMHAConfigs(587)) - Found matching OM address with OMServiceId: null, OMNodeId: null, RPC Address: localhost:0 and Ratis port: 9872
2019-07-13 17:11:37,624 WARN  server.ServerUtils (ServerUtils.java:getDBPath(222)) - ozone.om.db.dirs is not configured. We recommend adding this setting. Falling back to ozone.metadata.dirs instead.
2019-07-13 17:11:37,624 INFO  db.DBStoreBuilder (DBStoreBuilder.java:addTable(110)) - using custom profile for table: userTable
2019-07-13 17:11:37,624 INFO  db.DBStoreBuilder (DBStoreBuilder.java:processTables(161)) - Using default column profile:DBProfile.DISK for Table:userTable
2019-07-13 17:11:37,625 INFO  db.DBStoreBuilder (DBStoreBuilder.java:addTable(110)) - using custom profile for table: volumeTable
2019-07-13 17:11:37,625 INFO  db.DBStoreBuilder (DBStoreBuilder.java:processTables(161)) - Using default column profile:DBProfile.DISK for Table:volumeTable
2019-07-13 17:11:37,625 INFO  db.DBStoreBuilder (DBStoreBuilder.java:addTable(110)) - using custom profile for table: bucketTable
2019-07-13 17:11:37,625 INFO  db.DBStoreBuilder (DBStoreBuilder.java:processTables(161)) - Using default column profile:DBProfile.DISK for Table:bucketTable
2019-07-13 17:11:37,625 INFO  db.DBStoreBuilder (DBStoreBuilder.java:addTable(110)) - using custom profile for table: keyTable
2019-07-13 17:11:37,626 INFO  db.DBStoreBuilder (DBStoreBuilder.java:processTables(161)) - Using default column profile:DBProfile.DISK for Table:keyTable
2019-07-13 17:11:37,626 INFO  db.DBStoreBuilder (DBStoreBuilder.java:addTable(110)) - using custom profile for table: deletedTable
2019-07-13 17:11:37,626 INFO  db.DBStoreBuilder (DBStoreBuilder.java:processTables(161)) - Using default column profile:DBProfile.DISK for Table:deletedTable
2019-07-13 17:11:37,626 INFO  db.DBStoreBuilder (DBStoreBuilder.java:addTable(110)) - using custom profile for table: openKeyTable
2019-07-13 17:11:37,626 INFO  db.DBStoreBuilder (DBStoreBuilder.java:processTables(161)) - Using default column profile:DBProfile.DISK for Table:openKeyTable
2019-07-13 17:11:37,627 INFO  db.DBStoreBuilder (DBStoreBuilder.java:addTable(110)) - using custom profile for table: s3Table
2019-07-13 17:11:37,627 INFO  db.DBStoreBuilder (DBStoreBuilder.java:processTables(161)) - Using default column profile:DBProfile.DISK for Table:s3Table
2019-07-13 17:11:37,627 INFO  db.DBStoreBuilder (DBStoreBuilder.java:addTable(110)) - using custom profile for table: multipartInfoTable
2019-07-13 17:11:37,627 INFO  db.DBStoreBuilder (DBStoreBuilder.java:processTables(161)) - Using default column profile:DBProfile.DISK for Table:multipartInfoTable
2019-07-13 17:11:37,627 INFO  db.DBStoreBuilder (DBStoreBuilder.java:addTable(110)) - using custom profile for table: dTokenTable
2019-07-13 17:11:37,628 INFO  db.DBStoreBuilder (DBStoreBuilder.java:processTables(161)) - Using default column profile:DBProfile.DISK for Table:dTokenTable
2019-07-13 17:11:37,628 INFO  db.DBStoreBuilder (DBStoreBuilder.java:addTable(110)) - using custom profile for table: s3SecretTable
2019-07-13 17:11:37,628 INFO  db.DBStoreBuilder (DBStoreBuilder.java:processTables(161)) - Using default column profile:DBProfile.DISK for Table:s3SecretTable
2019-07-13 17:11:37,628 INFO  db.DBStoreBuilder (DBStoreBuilder.java:addTable(110)) - using custom profile for table: prefixTable
2019-07-13 17:11:37,628 INFO  db.DBStoreBuilder (DBStoreBuilder.java:processTables(161)) - Using default column profile:DBProfile.DISK for Table:prefixTable
2019-07-13 17:11:37,629 INFO  db.DBStoreBuilder (DBStoreBuilder.java:addTable(110)) - using custom profile for table: default
2019-07-13 17:11:37,629 INFO  db.DBStoreBuilder (DBStoreBuilder.java:processTables(167)) - Using default column profile:DBProfile.DISK for Table:default
2019-07-13 17:11:37,629 INFO  db.DBStoreBuilder (DBStoreBuilder.java:getDbProfile(198)) - Using default options. DBProfile.DISK
2019-07-13 17:11:38,032 INFO  ipc.CallQueueManager (CallQueueManager.java:<init>(84)) - Using callQueue: class java.util.concurrent.LinkedBlockingQueue, queueCapacity: 2000, scheduler: class org.apache.hadoop.ipc.DefaultRpcScheduler, ipcBackoff: false.
2019-07-13 17:11:38,033 INFO  ipc.Server (Server.java:run(1074)) - Starting Socket Reader #1 for port 39935
2019-07-13 17:11:38,049 WARN  server.ServerUtils (ServerUtils.java:getDBPath(222)) - ozone.om.db.dirs is not configured. We recommend adding this setting. Falling back to ozone.metadata.dirs instead.
2019-07-13 17:11:38,049 INFO  om.OzoneManager (OzoneManager.java:start(1228)) - OzoneManager RPC server is listening at localhost/127.0.0.1:39935
2019-07-13 17:11:38,049 INFO  impl.MetricsSystemImpl (MetricsSystemImpl.java:init(158)) - OzoneManager metrics system started (again)
2019-07-13 17:11:38,050 INFO  ipc.Server (Server.java:run(1314)) - IPC Server Responder: starting
2019-07-13 17:11:38,050 INFO  ipc.Server (Server.java:run(1153)) - IPC Server listener on 39935: starting
2019-07-13 17:11:38,055 INFO  hdfs.DFSUtil (DFSUtil.java:httpServerTemplateForNNAndJN(1641)) - Starting Web-server for ozoneManager at: http://0.0.0.0:0
2019-07-13 17:11:38,056 INFO  server.AuthenticationFilter (AuthenticationFilter.java:constructSecretProvider(240)) - Unable to initialize FileSignerSecretProvider, falling back to use random secrets.
2019-07-13 17:11:38,057 WARN  http.HttpRequestLog (HttpRequestLog.java:getRequestLog(97)) - Jetty request log can only be enabled using Log4j
2019-07-13 17:11:38,058 INFO  http.HttpServer2 (HttpServer2.java:addGlobalFilter(975)) - Added global filter 'safety' (class=org.apache.hadoop.http.HttpServer2$QuotingInputFilter)
2019-07-13 17:11:38,059 INFO  http.HttpServer2 (HttpServer2.java:addFilter(948)) - Added filter static_user_filter (class=org.apache.hadoop.http.lib.StaticUserWebFilter$StaticUserFilter) to context ozoneManager
2019-07-13 17:11:38,059 INFO  http.HttpServer2 (HttpServer2.java:addFilter(958)) - Added filter static_user_filter (class=org.apache.hadoop.http.lib.StaticUserWebFilter$StaticUserFilter) to context logs
2019-07-13 17:11:38,059 INFO  http.HttpServer2 (HttpServer2.java:addFilter(958)) - Added filter static_user_filter (class=org.apache.hadoop.http.lib.StaticUserWebFilter$StaticUserFilter) to context static
2019-07-13 17:11:38,060 INFO  http.HttpServer2 (HttpServer2.java:bindListener(1191)) - Jetty bound to port 33970
2019-07-13 17:11:38,060 INFO  server.Server (Server.java:doStart(351)) - jetty-9.3.24.v20180605, build timestamp: 2018-06-05T17:11:56Z, git hash: 84205aa28f11a4f31f2a3b86d1bba2cc8ab69827
2019-07-13 17:11:38,062 INFO  handler.ContextHandler (ContextHandler.java:doStart(781)) - Started o.e.j.s.ServletContextHandler@28d36790{/logs,file:///tmp/workdir/hadoop-ozone/integration-test/target/log,AVAILABLE}
2019-07-13 17:11:38,063 INFO  handler.ContextHandler (ContextHandler.java:doStart(781)) - Started o.e.j.s.ServletContextHandler@6298f772{/static,file:///tmp/workdir/hadoop-ozone/integration-test/target/test-classes/webapps/static,AVAILABLE}
2019-07-13 17:11:38,067 INFO  handler.ContextHandler (ContextHandler.java:doStart(781)) - Started o.e.j.w.WebAppContext@44def727{/,file:///tmp/workdir/hadoop-ozone/integration-test/target/test-classes/webapps/ozoneManager/,AVAILABLE}{/ozoneManager}
2019-07-13 17:11:38,067 INFO  server.AbstractConnector (AbstractConnector.java:doStart(278)) - Started ServerConnector@592e8653{HTTP/1.1,[http/1.1]}{0.0.0.0:33970}
2019-07-13 17:11:38,068 INFO  server.Server (Server.java:doStart(419)) - Started @18236ms
2019-07-13 17:11:38,069 INFO  server.BaseHttpServer (BaseHttpServer.java:updateConnectorAddress(207)) - HTTP server of OZONEMANAGER is listening at http://0.0.0.0:33970
2019-07-13 17:11:38,089 INFO  impl.MetricsSystemImpl (MetricsSystemImpl.java:init(158)) - HddsDatanode metrics system started (again)
2019-07-13 17:11:38,090 INFO  ozone.HddsDatanodeService (HddsDatanodeService.java:start(185)) - HddsDatanodeService host:trunk-nightly-z92hn-1831959607 ip:192.168.5.187
2019-07-13 17:11:38,098 INFO  volume.HddsVolume (HddsVolume.java:<init>(176)) - Creating Volume: /tmp/workdir/hadoop-ozone/integration-test/target/test-dir/MiniOzoneClusterImpl-cb899f21-b3d2-4aa5-8e0c-05940b4ac2bc/datanode-0/data/containers/hdds of  storage type : DISK and capacity : 52710309888
2019-07-13 17:11:38,099 INFO  volume.VolumeSet (VolumeSet.java:initializeVolumeSet(170)) - Added Volume : /tmp/workdir/hadoop-ozone/integration-test/target/test-dir/MiniOzoneClusterImpl-cb899f21-b3d2-4aa5-8e0c-05940b4ac2bc/datanode-0/data/containers/hdds to VolumeSet
2019-07-13 17:11:38,099 INFO  volume.ThrottledAsyncChecker (ThrottledAsyncChecker.java:schedule(140)) - Scheduling a check for org.apache.hadoop.ozone.container.common.volume.HddsVolume@263d515f
2019-07-13 17:11:38,100 INFO  volume.HddsVolumeChecker (HddsVolumeChecker.java:checkAllVolumes(203)) - Scheduled health check for volume org.apache.hadoop.ozone.container.common.volume.HddsVolume@263d515f
2019-07-13 17:11:38,124 INFO  impl.RaftServerProxy (ConfUtils.java:logGet(43)) - raft.rpc.type = GRPC (default)
2019-07-13 17:11:38,124 INFO  grpc.GrpcFactory (GrpcFactory.java:checkPooledByteBufAllocatorUseCacheForAllThreads(45)) - PERFORMANCE WARNING: useCacheForAllThreads is true that may cause Netty to create a lot garbage objects and, as a result, trigger GC.
	It is recommended to disable useCacheForAllThreads by setting -Dorg.apache.ratis.thirdparty.io.netty.allocator.useCacheForAllThreads=false in command line.
2019-07-13 17:11:38,125 INFO  grpc.GrpcConfigKeys$Server (ConfUtils.java:logGet(43)) - raft.grpc.server.port = 0 (default)
2019-07-13 17:11:38,126 INFO  server.GrpcService (ConfUtils.java:logGet(43)) - raft.grpc.message.size.max = 33570816 (custom)
2019-07-13 17:11:38,126 INFO  server.RaftServerConfigKeys (ConfUtils.java:logGet(43)) - raft.server.log.appender.buffer.byte-limit = 33554432 (custom)
2019-07-13 17:11:38,126 INFO  server.GrpcService (ConfUtils.java:logGet(43)) - raft.grpc.flow.control.window = 1MB (=1048576) (default)
2019-07-13 17:11:38,127 INFO  server.RaftServerConfigKeys (ConfUtils.java:logGet(43)) - raft.server.rpc.request.timeout = 3000ms (default)
2019-07-13 17:11:38,127 INFO  server.RaftServerConfigKeys (ConfUtils.java:logGet(43)) - raft.server.storage.dir = [/tmp/workdir/hadoop-ozone/integration-test/target/test-dir/MiniOzoneClusterImpl-cb899f21-b3d2-4aa5-8e0c-05940b4ac2bc/datanode-0/data/ratis] (custom)
2019-07-13 17:11:38,128 INFO  replication.SimpleContainerDownloader (SimpleContainerDownloader.java:<init>(72)) - Starting container downloader service to copy containers to replicate.
2019-07-13 17:11:38,130 INFO  hdfs.DFSUtil (DFSUtil.java:httpServerTemplateForNNAndJN(1641)) - Starting Web-server for hddsDatanode at: http://0.0.0.0:0
2019-07-13 17:11:38,132 INFO  server.AuthenticationFilter (AuthenticationFilter.java:constructSecretProvider(240)) - Unable to initialize FileSignerSecretProvider, falling back to use random secrets.
2019-07-13 17:11:38,132 WARN  http.HttpRequestLog (HttpRequestLog.java:getRequestLog(97)) - Jetty request log can only be enabled using Log4j
2019-07-13 17:11:38,135 INFO  http.HttpServer2 (HttpServer2.java:addGlobalFilter(975)) - Added global filter 'safety' (class=org.apache.hadoop.http.HttpServer2$QuotingInputFilter)
2019-07-13 17:11:38,136 INFO  http.HttpServer2 (HttpServer2.java:addFilter(948)) - Added filter static_user_filter (class=org.apache.hadoop.http.lib.StaticUserWebFilter$StaticUserFilter) to context hddsDatanode
2019-07-13 17:11:38,136 INFO  http.HttpServer2 (HttpServer2.java:addFilter(958)) - Added filter static_user_filter (class=org.apache.hadoop.http.lib.StaticUserWebFilter$StaticUserFilter) to context logs
2019-07-13 17:11:38,136 INFO  http.HttpServer2 (HttpServer2.java:addFilter(958)) - Added filter static_user_filter (class=org.apache.hadoop.http.lib.StaticUserWebFilter$StaticUserFilter) to context static
2019-07-13 17:11:38,137 INFO  http.HttpServer2 (HttpServer2.java:bindListener(1191)) - Jetty bound to port 33706
2019-07-13 17:11:38,137 INFO  server.Server (Server.java:doStart(351)) - jetty-9.3.24.v20180605, build timestamp: 2018-06-05T17:11:56Z, git hash: 84205aa28f11a4f31f2a3b86d1bba2cc8ab69827
2019-07-13 17:11:38,141 INFO  handler.ContextHandler (ContextHandler.java:doStart(781)) - Started o.e.j.s.ServletContextHandler@ef22580{/logs,file:///tmp/workdir/hadoop-ozone/integration-test/target/log,AVAILABLE}
2019-07-13 17:11:38,142 INFO  handler.ContextHandler (ContextHandler.java:doStart(781)) - Started o.e.j.s.ServletContextHandler@4bb4ba97{/static,jar:file:/home/user/.m2/repository/org/apache/hadoop/hadoop-hdds-container-service/0.5.0-SNAPSHOT/hadoop-hdds-container-service-0.5.0-SNAPSHOT.jar!/webapps/static,AVAILABLE}
2019-07-13 17:11:38,183 INFO  handler.ContextHandler (ContextHandler.java:doStart(781)) - Started o.e.j.w.WebAppContext@5d3617ca{/,file:///tmp/jetty-0.0.0.0-33706-hddsDatanode-_-any-2341713500249672671.dir/webapp/,AVAILABLE}{/hddsDatanode}
2019-07-13 17:11:38,184 INFO  server.AbstractConnector (AbstractConnector.java:doStart(278)) - Started ServerConnector@f7966ef{HTTP/1.1,[http/1.1]}{0.0.0.0:33706}
2019-07-13 17:11:38,184 INFO  server.Server (Server.java:doStart(419)) - Started @18352ms
2019-07-13 17:11:38,185 INFO  server.BaseHttpServer (BaseHttpServer.java:updateConnectorAddress(207)) - HTTP server of HDDSDATANODE is listening at http://0.0.0.0:33706
2019-07-13 17:11:38,350 INFO  ozone.HddsDatanodeService (HddsDatanodeService.java:startPlugins(396)) - Started plug-in org.apache.hadoop.ozone.web.OzoneHddsDatanodeService@2ac42073
2019-07-13 17:11:38,350 INFO  ozone.MiniOzoneClusterImpl (MiniOzoneClusterImpl.java:lambda$waitForClusterToBeReady$0(142)) - Waiting for cluster to be ready. Got 0 of 1 DN Heartbeats.
2019-07-13 17:11:38,354 INFO  util.JvmPauseMonitor (JvmPauseMonitor.java:run(188)) - Starting JVM pause monitor
2019-07-13 17:11:38,359 INFO  datanode.InitDatanodeState (InitDatanodeState.java:persistContainerDatanodeDetails(140)) - DatanodeDetails is persisted to /tmp/workdir/hadoop-ozone/integration-test/target/test-dir/MiniOzoneClusterImpl-cb899f21-b3d2-4aa5-8e0c-05940b4ac2bc/datanode-0/meta/datanode.id
2019-07-13 17:11:39,352 INFO  ozone.MiniOzoneClusterImpl (MiniOzoneClusterImpl.java:lambda$waitForClusterToBeReady$0(142)) - Waiting for cluster to be ready. Got 0 of 1 DN Heartbeats.
2019-07-13 17:11:40,353 INFO  ozone.MiniOzoneClusterImpl (MiniOzoneClusterImpl.java:lambda$waitForClusterToBeReady$0(142)) - Waiting for cluster to be ready. Got 0 of 1 DN Heartbeats.
2019-07-13 17:11:40,375 INFO  ozoneimpl.OzoneContainer (OzoneContainer.java:start(186)) - Attempting to start container services.
2019-07-13 17:11:40,376 INFO  ozoneimpl.OzoneContainer (OzoneContainer.java:startContainerScrub(160)) - Background container scrubber has been disabled by hdds.containerscrub.enabled
2019-07-13 17:11:40,377 INFO  ratis.XceiverServerRatis (XceiverServerRatis.java:start(418)) - Starting XceiverServerRatis a372bc06-5f9f-448f-b569-5df1f9ecbb66 at port 0
2019-07-13 17:11:40,388 INFO  impl.RaftServerProxy (RaftServerProxy.java:lambda$start$3(299)) - a372bc06-5f9f-448f-b569-5df1f9ecbb66: start RPC server
2019-07-13 17:11:40,392 INFO  server.GrpcService (GrpcService.java:startImpl(149)) - a372bc06-5f9f-448f-b569-5df1f9ecbb66: GrpcService started, listening on 0.0.0.0/0.0.0.0:36016
2019-07-13 17:11:40,392 INFO  ratis.XceiverServerRatis (XceiverServerRatis.java:start(428)) - XceiverServerRatis a372bc06-5f9f-448f-b569-5df1f9ecbb66 is started using port 36016
2019-07-13 17:11:40,394 INFO  server.XceiverServerGrpc (XceiverServerGrpc.java:start(161)) - XceiverServerGrpc a372bc06-5f9f-448f-b569-5df1f9ecbb66 is started using port 34759
2019-07-13 17:11:41,354 INFO  ozone.MiniOzoneClusterImpl (MiniOzoneClusterImpl.java:lambda$waitForClusterToBeReady$0(142)) - Waiting for cluster to be ready. Got 0 of 1 DN Heartbeats.
2019-07-13 17:11:42,354 INFO  ozone.MiniOzoneClusterImpl (MiniOzoneClusterImpl.java:lambda$waitForClusterToBeReady$0(142)) - Waiting for cluster to be ready. Got 0 of 1 DN Heartbeats.
2019-07-13 17:11:42,358 INFO  net.NetworkTopology (NetworkTopologyImpl.java:add(110)) - Added a new node: /default-rack/192.168.5.187
2019-07-13 17:11:42,359 INFO  node.SCMNodeManager (SCMNodeManager.java:register(269)) - Registered Data node : a372bc06-5f9f-448f-b569-5df1f9ecbb66{ip: 192.168.5.187, host: trunk-nightly-z92hn-1831959607, networkLocation: /default-rack, certSerialId: null}
2019-07-13 17:11:42,362 INFO  safemode.SCMSafeModeManager (DataNodeSafeModeRule.java:process(71)) - SCM in safe mode. 1 DataNodes registered, 1 required.
2019-07-13 17:11:42,363 INFO  safemode.SCMSafeModeManager (SCMSafeModeManager.java:validateSafeModeExitRules(177)) - ScmSafeModeManager, all rules are successfully validated
2019-07-13 17:11:42,363 INFO  safemode.SCMSafeModeManager (SCMSafeModeManager.java:exitSafeMode(193)) - SCM exiting safe mode.
2019-07-13 17:11:42,382 INFO  impl.RaftServerProxy (RaftServerProxy.java:addNew(89)) - a372bc06-5f9f-448f-b569-5df1f9ecbb66: addNew group-8EB3E503F4DE:[a372bc06-5f9f-448f-b569-5df1f9ecbb66:192.168.5.187:36016] returns group-8EB3E503F4DE:java.util.concurrent.CompletableFuture@eb1e2b9[Not completed]
2019-07-13 17:11:42,384 INFO  impl.RaftServerImpl (RaftServerImpl.java:<init>(93)) - a372bc06-5f9f-448f-b569-5df1f9ecbb66: new RaftServerImpl for group-8EB3E503F4DE:[a372bc06-5f9f-448f-b569-5df1f9ecbb66:192.168.5.187:36016] with ContainerStateMachine:uninitialized
2019-07-13 17:11:42,385 INFO  server.RaftServerConfigKeys (ConfUtils.java:logGet(43)) - raft.server.rpc.timeout.min = 5s (custom)
2019-07-13 17:11:42,385 INFO  server.RaftServerConfigKeys (ConfUtils.java:logGet(43)) - raft.server.rpc.timeout.max = 5200ms (custom)
2019-07-13 17:11:42,386 INFO  server.RaftServerConfigKeys (ConfUtils.java:logGet(43)) - raft.server.rpcslowness.timeout = 120s (custom)
2019-07-13 17:11:42,386 INFO  server.RaftServerConfigKeys (ConfUtils.java:logGet(43)) - raft.server.sleep.deviation.threshold = 300 (default)
2019-07-13 17:11:42,386 INFO  server.RaftServerConfigKeys (ConfUtils.java:logGet(43)) - raft.server.log.appender.install.snapshot.enabled = false (custom)
2019-07-13 17:11:42,386 INFO  impl.RaftServerImpl (ServerState.java:<init>(105)) - a372bc06-5f9f-448f-b569-5df1f9ecbb66:group-8EB3E503F4DE ConfigurationManager, init=-1: [a372bc06-5f9f-448f-b569-5df1f9ecbb66:192.168.5.187:36016], old=null, confs=<EMPTY_MAP>
2019-07-13 17:11:42,387 INFO  server.RaftServerConfigKeys (ConfUtils.java:logGet(43)) - raft.server.storage.dir = [/tmp/workdir/hadoop-ozone/integration-test/target/test-dir/MiniOzoneClusterImpl-cb899f21-b3d2-4aa5-8e0c-05940b4ac2bc/datanode-0/data/ratis] (custom)
2019-07-13 17:11:42,387 INFO  storage.RaftStorageDirectory (RaftStorageDirectory.java:analyzeStorage(246)) - The storage directory /tmp/workdir/hadoop-ozone/integration-test/target/test-dir/MiniOzoneClusterImpl-cb899f21-b3d2-4aa5-8e0c-05940b4ac2bc/datanode-0/data/ratis/4ba77dd5-54b1-4d6e-b75d-8eb3e503f4de does not exist. Creating ...
2019-07-13 17:11:42,412 INFO  storage.RaftStorageDirectory (RaftStorageDirectory.java:tryLock(328)) - Lock on /tmp/workdir/hadoop-ozone/integration-test/target/test-dir/MiniOzoneClusterImpl-cb899f21-b3d2-4aa5-8e0c-05940b4ac2bc/datanode-0/data/ratis/4ba77dd5-54b1-4d6e-b75d-8eb3e503f4de/in_use.lock acquired by nodename 25963@trunk-nightly-z92hn-1831959607
2019-07-13 17:11:42,424 INFO  storage.RaftStorage (RaftStorage.java:format(72)) - Storage directory /tmp/workdir/hadoop-ozone/integration-test/target/test-dir/MiniOzoneClusterImpl-cb899f21-b3d2-4aa5-8e0c-05940b4ac2bc/datanode-0/data/ratis/4ba77dd5-54b1-4d6e-b75d-8eb3e503f4de has been successfully formatted.
2019-07-13 17:11:42,424 INFO  ratis.ContainerStateMachine (ContainerStateMachine.java:loadSnapshot(200)) - The snapshot info is null.Setting the last applied index to:(t:0, i:~)
2019-07-13 17:11:42,424 INFO  server.RaftServerConfigKeys (ConfUtils.java:logGet(43)) - raft.server.leader.election.timeout = 120s (custom)
2019-07-13 17:11:42,425 INFO  server.RaftServerConfigKeys (ConfUtils.java:logGet(43)) - raft.server.log.use.memory = false (default)
2019-07-13 17:11:42,425 INFO  server.RaftServerConfigKeys (ConfUtils.java:logGet(43)) - raft.server.log.purge.gap = 1000000000 (custom)
2019-07-13 17:11:42,425 INFO  server.RaftServerConfigKeys (ConfUtils.java:logGet(43)) - raft.server.log.appender.buffer.byte-limit = 33554432 (custom)
2019-07-13 17:11:42,426 INFO  server.RaftServerConfigKeys (ConfUtils.java:logGet(43)) - raft.server.log.segment.size.max = 1048576 (custom)
2019-07-13 17:11:42,426 INFO  server.RaftServerConfigKeys (ConfUtils.java:logGet(43)) - raft.server.log.segment.cache.num.max = 2 (custom)
2019-07-13 17:11:42,426 INFO  segmented.SegmentedRaftLogWorker (SegmentedRaftLogWorker.java:<init>(172)) - new a372bc06-5f9f-448f-b569-5df1f9ecbb66-SegmentedRaftLogWorker:Storage Directory /tmp/workdir/hadoop-ozone/integration-test/target/test-dir/MiniOzoneClusterImpl-cb899f21-b3d2-4aa5-8e0c-05940b4ac2bc/datanode-0/data/ratis/4ba77dd5-54b1-4d6e-b75d-8eb3e503f4de for RaftStorage:Storage Directory /tmp/workdir/hadoop-ozone/integration-test/target/test-dir/MiniOzoneClusterImpl-cb899f21-b3d2-4aa5-8e0c-05940b4ac2bc/datanode-0/data/ratis/4ba77dd5-54b1-4d6e-b75d-8eb3e503f4de
2019-07-13 17:11:42,426 INFO  server.RaftServerConfigKeys (ConfUtils.java:logGet(43)) - raft.server.log.queue.byte-limit = 2147483647 (custom)
2019-07-13 17:11:42,427 INFO  server.RaftServerConfigKeys (ConfUtils.java:logGet(43)) - raft.server.log.queue.element-limit = 1024 (custom)
2019-07-13 17:11:42,427 INFO  server.RaftServerConfigKeys (ConfUtils.java:logGet(43)) - raft.server.log.segment.size.max = 1048576 (custom)
2019-07-13 17:11:42,428 INFO  server.RaftServerConfigKeys (ConfUtils.java:logGet(43)) - raft.server.log.preallocated.size = 16384 (custom)
2019-07-13 17:11:42,428 INFO  server.RaftServerConfigKeys (ConfUtils.java:logGet(43)) - raft.server.log.write.buffer.size = 33554432 (custom)
2019-07-13 17:11:42,428 INFO  server.RaftServerConfigKeys (ConfUtils.java:logGet(43)) - raft.server.log.force.sync.num = 128 (default)
2019-07-13 17:11:42,428 INFO  server.RaftServerConfigKeys (ConfUtils.java:logGet(43)) - raft.server.log.statemachine.data.sync = true (default)
2019-07-13 17:11:42,429 INFO  server.RaftServerConfigKeys (ConfUtils.java:logGet(43)) - raft.server.log.statemachine.data.sync.timeout = 10s (default)
2019-07-13 17:11:42,429 INFO  server.RaftServerConfigKeys (ConfUtils.java:logGet(43)) - raft.server.log.statemachine.data.sync.timeout.retry = -1 (default)
2019-07-13 17:11:42,430 INFO  server.RaftServerConfigKeys (ConfUtils.java:logGet(43)) - raft.server.log.statemachine.data.caching.enabled = true (custom)
2019-07-13 17:11:42,430 INFO  segmented.SegmentedRaftLogWorker (SegmentedRaftLogWorker.java:lambda$new$0(132)) - a372bc06-5f9f-448f-b569-5df1f9ecbb66-SegmentedRaftLogWorker:Storage Directory /tmp/workdir/hadoop-ozone/integration-test/target/test-dir/MiniOzoneClusterImpl-cb899f21-b3d2-4aa5-8e0c-05940b4ac2bc/datanode-0/data/ratis/4ba77dd5-54b1-4d6e-b75d-8eb3e503f4de: flushIndex: setUnconditionally 0 -> -1
2019-07-13 17:11:42,431 INFO  server.RaftServerConfigKeys (ConfUtils.java:logGet(43)) - raft.server.snapshot.auto.trigger.enabled = true (custom)
2019-07-13 17:11:42,431 INFO  server.RaftServerConfigKeys (ConfUtils.java:logGet(43)) - raft.server.snapshot.auto.trigger.threshold = 10000 (custom)
2019-07-13 17:11:42,431 INFO  server.RaftServerConfigKeys (ConfUtils.java:logGet(43)) - raft.server.retrycache.expirytime = 600000ms (custom)
2019-07-13 17:11:42,431 INFO  impl.RaftServerImpl (RaftServerImpl.java:start(180)) - a372bc06-5f9f-448f-b569-5df1f9ecbb66: start group-8EB3E503F4DE
2019-07-13 17:11:42,432 INFO  impl.RaftServerImpl (RaftServerImpl.java:setRole(171)) - a372bc06-5f9f-448f-b569-5df1f9ecbb66:group-8EB3E503F4DE changes role from null to FOLLOWER at term 0 for startAsFollower
2019-07-13 17:11:42,432 INFO  impl.RoleInfo (RoleInfo.java:updateAndGet(143)) - a372bc06-5f9f-448f-b569-5df1f9ecbb66: start FollowerState
2019-07-13 17:11:42,432 INFO  util.JmxRegister (JmxRegister.java:tryRegister(44)) - Successfully registered JMX Bean with object name Ratis:service=RaftServer,group=group-8EB3E503F4DE,id=a372bc06-5f9f-448f-b569-5df1f9ecbb66
2019-07-13 17:11:42,443 INFO  pipeline.PipelineStateManager (PipelineStateManager.java:addPipeline(56)) - Created pipeline Pipeline[ Id: 4ba77dd5-54b1-4d6e-b75d-8eb3e503f4de, Nodes: a372bc06-5f9f-448f-b569-5df1f9ecbb66{ip: 192.168.5.187, host: trunk-nightly-z92hn-1831959607, networkLocation: /default-rack, certSerialId: null}, Type:RATIS, Factor:ONE, State:OPEN]
2019-07-13 17:11:43,356 INFO  ozone.MiniOzoneClusterImpl (MiniOzoneClusterImpl.java:lambda$waitForClusterToBeReady$0(142)) - Cluster is ready. Got 1 of 1 DN Heartbeats.
2019-07-13 17:11:43,385 INFO  rpc.RpcClient (RpcClient.java:createVolume(289)) - Creating Volume: 38e702a8-0613-42f3-b025-9de8d71c2ffa, with bilbo as owner and quota set to 109951162777600 bytes.
2019-07-13 17:11:43,397 INFO  rpc.RpcClient (RpcClient.java:createBucket(424)) - Creating Bucket: 38e702a8-0613-42f3-b025-9de8d71c2ffa/381d1a12-93b2-4cd2-bad1-83df0909957c, with Versioning false and Storage Type set to DISK and Encryption set to false 
2019-07-13 17:11:43,419 INFO  pipeline.PipelineStateManager (PipelineStateManager.java:addPipeline(56)) - Created pipeline Pipeline[ Id: 336b2521-af66-471d-8e61-711f3a1af1ea, Nodes: a372bc06-5f9f-448f-b569-5df1f9ecbb66{ip: 192.168.5.187, host: trunk-nightly-z92hn-1831959607, networkLocation: /default-rack, certSerialId: null}, Type:STAND_ALONE, Factor:ONE, State:OPEN]
2019-07-13 17:11:43,602 INFO  pipeline.Pipeline (Pipeline.java:getProtobufMessage(195)) - Serialize pipeline PipelineID=336b2521-af66-471d-8e61-711f3a1af1ea with nodesInOrder{ }
2019-07-13 17:11:43,604 INFO  pipeline.Pipeline (Pipeline.java:build(342)) - Deserialize nodesInOrder [a372bc06-5f9f-448f-b569-5df1f9ecbb66{ip: 192.168.5.187, host: trunk-nightly-z92hn-1831959607, networkLocation: /default-rack, certSerialId: null}] in pipeline PipelineID=336b2521-af66-471d-8e61-711f3a1af1ea
2019-07-13 17:11:43,718 INFO  pipeline.Pipeline (Pipeline.java:getProtobufMessage(195)) - Serialize pipeline PipelineID=336b2521-af66-471d-8e61-711f3a1af1ea with nodesInOrder{ }
2019-07-13 17:11:43,720 INFO  pipeline.Pipeline (Pipeline.java:build(342)) - Deserialize nodesInOrder [a372bc06-5f9f-448f-b569-5df1f9ecbb66{ip: 192.168.5.187, host: trunk-nightly-z92hn-1831959607, networkLocation: /default-rack, certSerialId: null}] in pipeline PipelineID=336b2521-af66-471d-8e61-711f3a1af1ea
17:11:43.741 [IPC Server handler 10 on 39935] ERROR OMAudit - user=jenkins1000 | ip=127.0.0.1 | op=READ_KEY {volume=invalid-volume, bucket=381d1a12-93b2-4cd2-bad1-83df0909957c, key=0c99f7a3-c9b7-4193-bb2e-50738773e0f2, dataSize=0, replicationType=null, replicationFactor=null, keyLocationInfo=null} | ret=FAILURE
org.apache.hadoop.ozone.om.exceptions.OMException: Key not found
	at org.apache.hadoop.ozone.om.KeyManagerImpl.lookupKey(KeyManagerImpl.java:734) ~[hadoop-ozone-ozone-manager-0.5.0-SNAPSHOT.jar:?]
	at org.apache.hadoop.ozone.om.OzoneManager.lookupKey(OzoneManager.java:2408) [hadoop-ozone-ozone-manager-0.5.0-SNAPSHOT.jar:?]
	at org.apache.hadoop.ozone.protocolPB.OzoneManagerRequestHandler.lookupKey(OzoneManagerRequestHandler.java:617) [hadoop-ozone-ozone-manager-0.5.0-SNAPSHOT.jar:?]
	at org.apache.hadoop.ozone.protocolPB.OzoneManagerRequestHandler.handle(OzoneManagerRequestHandler.java:224) [hadoop-ozone-ozone-manager-0.5.0-SNAPSHOT.jar:?]
	at org.apache.hadoop.ozone.protocolPB.OzoneManagerProtocolServerSideTranslatorPB.submitRequestDirectlyToOM(OzoneManagerProtocolServerSideTranslatorPB.java:192) [hadoop-ozone-ozone-manager-0.5.0-SNAPSHOT.jar:?]
	at org.apache.hadoop.ozone.protocolPB.OzoneManagerProtocolServerSideTranslatorPB.submitRequest(OzoneManagerProtocolServerSideTranslatorPB.java:110) [hadoop-ozone-ozone-manager-0.5.0-SNAPSHOT.jar:?]
	at org.apache.hadoop.ozone.protocol.proto.OzoneManagerProtocolProtos$OzoneManagerService$2.callBlockingMethod(OzoneManagerProtocolProtos.java) [hadoop-ozone-common-0.5.0-SNAPSHOT.jar:?]
	at org.apache.hadoop.ipc.ProtobufRpcEngine$Server$ProtoBufRpcInvoker.call(ProtobufRpcEngine.java:524) [hadoop-common-3.2.0.jar:?]
	at org.apache.hadoop.ipc.RPC$Server.call(RPC.java:1025) [hadoop-common-3.2.0.jar:?]
	at org.apache.hadoop.ipc.Server$RpcCall.run(Server.java:876) [hadoop-common-3.2.0.jar:?]
	at org.apache.hadoop.ipc.Server$RpcCall.run(Server.java:822) [hadoop-common-3.2.0.jar:?]
	at java.security.AccessController.doPrivileged(Native Method) [?:1.8.0_212]
	at javax.security.auth.Subject.doAs(Subject.java:422) [?:1.8.0_212]
	at org.apache.hadoop.security.UserGroupInformation.doAs(UserGroupInformation.java:1730) [hadoop-common-3.2.0.jar:?]
	at org.apache.hadoop.ipc.Server$Handler.run(Server.java:2682) [hadoop-common-3.2.0.jar:?]
17:11:43.746 [IPC Server handler 8 on 39935] ERROR OMAudit - user=jenkins1000 | ip=127.0.0.1 | op=READ_KEY {volume=38e702a8-0613-42f3-b025-9de8d71c2ffa, bucket=invalid-bucket, key=0c99f7a3-c9b7-4193-bb2e-50738773e0f2, dataSize=0, replicationType=null, replicationFactor=null, keyLocationInfo=null} | ret=FAILURE
org.apache.hadoop.ozone.om.exceptions.OMException: Key not found
	at org.apache.hadoop.ozone.om.KeyManagerImpl.lookupKey(KeyManagerImpl.java:734) ~[hadoop-ozone-ozone-manager-0.5.0-SNAPSHOT.jar:?]
	at org.apache.hadoop.ozone.om.OzoneManager.lookupKey(OzoneManager.java:2408) [hadoop-ozone-ozone-manager-0.5.0-SNAPSHOT.jar:?]
	at org.apache.hadoop.ozone.protocolPB.OzoneManagerRequestHandler.lookupKey(OzoneManagerRequestHandler.java:617) [hadoop-ozone-ozone-manager-0.5.0-SNAPSHOT.jar:?]
	at org.apache.hadoop.ozone.protocolPB.OzoneManagerRequestHandler.handle(OzoneManagerRequestHandler.java:224) [hadoop-ozone-ozone-manager-0.5.0-SNAPSHOT.jar:?]
	at org.apache.hadoop.ozone.protocolPB.OzoneManagerProtocolServerSideTranslatorPB.submitRequestDirectlyToOM(OzoneManagerProtocolServerSideTranslatorPB.java:192) [hadoop-ozone-ozone-manager-0.5.0-SNAPSHOT.jar:?]
	at org.apache.hadoop.ozone.protocolPB.OzoneManagerProtocolServerSideTranslatorPB.submitRequest(OzoneManagerProtocolServerSideTranslatorPB.java:110) [hadoop-ozone-ozone-manager-0.5.0-SNAPSHOT.jar:?]
	at org.apache.hadoop.ozone.protocol.proto.OzoneManagerProtocolProtos$OzoneManagerService$2.callBlockingMethod(OzoneManagerProtocolProtos.java) [hadoop-ozone-common-0.5.0-SNAPSHOT.jar:?]
	at org.apache.hadoop.ipc.ProtobufRpcEngine$Server$ProtoBufRpcInvoker.call(ProtobufRpcEngine.java:524) [hadoop-common-3.2.0.jar:?]
	at org.apache.hadoop.ipc.RPC$Server.call(RPC.java:1025) [hadoop-common-3.2.0.jar:?]
	at org.apache.hadoop.ipc.Server$RpcCall.run(Server.java:876) [hadoop-common-3.2.0.jar:?]
	at org.apache.hadoop.ipc.Server$RpcCall.run(Server.java:822) [hadoop-common-3.2.0.jar:?]
	at java.security.AccessController.doPrivileged(Native Method) [?:1.8.0_212]
	at javax.security.auth.Subject.doAs(Subject.java:422) [?:1.8.0_212]
	at org.apache.hadoop.security.UserGroupInformation.doAs(UserGroupInformation.java:1730) [hadoop-common-3.2.0.jar:?]
	at org.apache.hadoop.ipc.Server$Handler.run(Server.java:2682) [hadoop-common-3.2.0.jar:?]
2019-07-13 17:11:43,749 INFO  rpc.RpcClient (RpcClient.java:createVolume(289)) - Creating Volume: 982bd87f-b33e-4e59-a9af-b995c251b21e, with bilbo as owner and quota set to 109951162777600 bytes.
2019-07-13 17:11:43,760 INFO  rpc.RpcClient (RpcClient.java:createBucket(424)) - Creating Bucket: 982bd87f-b33e-4e59-a9af-b995c251b21e/e5005fe7-7c66-4e61-addf-9150dc24907d, with Versioning false and Storage Type set to DISK and Encryption set to false 
2019-07-13 17:11:43,785 INFO  keyvalue.KeyValueHandler (ContainerUtils.java:logAndReturnError(146)) - Operation: CreateContainer : Trace ID: 693ff25256ccec85:693ff25256ccec85:0:0 : Message: Container creation failed, due to disk out of space : Result: DISK_OUT_OF_SPACE
17:11:43.785 [grpc-default-executor-0] ERROR DNAudit - user=null | ip=null | op=WRITE_CHUNK {blockData=conID: 2 locID: 102435252061929479 bcsId: 0} | ret=FAILURE
org.apache.hadoop.hdds.scm.container.common.helpers.StorageContainerException: ContainerID 2 creation failed
	at org.apache.hadoop.ozone.container.common.impl.HddsDispatcher.dispatchRequest(HddsDispatcher.java:227) [hadoop-hdds-container-service-0.5.0-SNAPSHOT.jar:?]
	at org.apache.hadoop.ozone.container.common.impl.HddsDispatcher.dispatch(HddsDispatcher.java:148) [hadoop-hdds-container-service-0.5.0-SNAPSHOT.jar:?]
	at org.apache.hadoop.ozone.container.common.transport.server.GrpcXceiverService$1.onNext(GrpcXceiverService.java:73) [hadoop-hdds-container-service-0.5.0-SNAPSHOT.jar:?]
	at org.apache.hadoop.ozone.container.common.transport.server.GrpcXceiverService$1.onNext(GrpcXceiverService.java:61) [hadoop-hdds-container-service-0.5.0-SNAPSHOT.jar:?]
	at org.apache.ratis.thirdparty.io.grpc.stub.ServerCalls$StreamingServerCallHandler$StreamingServerCallListener.onMessage(ServerCalls.java:248) [ratis-thirdparty-misc-0.2.0.jar:0.2.0]
	at org.apache.ratis.thirdparty.io.grpc.ForwardingServerCallListener.onMessage(ForwardingServerCallListener.java:33) [ratis-thirdparty-misc-0.2.0.jar:0.2.0]
	at org.apache.ratis.thirdparty.io.grpc.Contexts$ContextualizedServerCallListener.onMessage(Contexts.java:76) [ratis-thirdparty-misc-0.2.0.jar:0.2.0]
	at org.apache.ratis.thirdparty.io.grpc.ForwardingServerCallListener.onMessage(ForwardingServerCallListener.java:33) [ratis-thirdparty-misc-0.2.0.jar:0.2.0]
	at org.apache.hadoop.hdds.tracing.GrpcServerInterceptor$1.onMessage(GrpcServerInterceptor.java:46) [hadoop-hdds-common-0.5.0-SNAPSHOT.jar:?]
	at org.apache.ratis.thirdparty.io.grpc.internal.ServerCallImpl$ServerStreamListenerImpl.messagesAvailable(ServerCallImpl.java:263) [ratis-thirdparty-misc-0.2.0.jar:0.2.0]
	at org.apache.ratis.thirdparty.io.grpc.internal.ServerImpl$JumpToApplicationThreadServerStreamListener$1MessagesAvailable.runInContext(ServerImpl.java:686) [ratis-thirdparty-misc-0.2.0.jar:0.2.0]
	at org.apache.ratis.thirdparty.io.grpc.internal.ContextRunnable.run(ContextRunnable.java:37) [ratis-thirdparty-misc-0.2.0.jar:0.2.0]
	at org.apache.ratis.thirdparty.io.grpc.internal.SerializingExecutor.run(SerializingExecutor.java:123) [ratis-thirdparty-misc-0.2.0.jar:0.2.0]
	at java.util.concurrent.ThreadPoolExecutor.runWorker(ThreadPoolExecutor.java:1149) [?:1.8.0_212]
	at java.util.concurrent.ThreadPoolExecutor$Worker.run(ThreadPoolExecutor.java:624) [?:1.8.0_212]
	at java.lang.Thread.run(Thread.java:748) [?:1.8.0_212]
2019-07-13 17:11:43,786 INFO  impl.HddsDispatcher (ContainerUtils.java:logAndReturnError(146)) - Operation: WriteChunk : Trace ID: 693ff25256ccec85:693ff25256ccec85:0:0 : Message: ContainerID 2 creation failed : Result: DISK_OUT_OF_SPACE
2019-07-13 17:11:43,789 ERROR storage.BlockOutputStream (BlockOutputStream.java:validateResponse(539)) - Unexpected Storage Container Exception: 
org.apache.hadoop.hdds.scm.container.common.helpers.StorageContainerException: ContainerID 2 creation failed
	at org.apache.hadoop.hdds.scm.storage.ContainerProtocolCalls.validateContainerResponse(ContainerProtocolCalls.java:536)
	at org.apache.hadoop.hdds.scm.storage.BlockOutputStream.validateResponse(BlockOutputStream.java:537)
	at org.apache.hadoop.hdds.scm.storage.BlockOutputStream.lambda$writeChunkToContainer$2(BlockOutputStream.java:615)
	at java.util.concurrent.CompletableFuture.uniApply(CompletableFuture.java:602)
	at java.util.concurrent.CompletableFuture$UniApply.tryFire(CompletableFuture.java:577)
	at java.util.concurrent.CompletableFuture$Completion.run(CompletableFuture.java:442)
	at java.util.concurrent.ThreadPoolExecutor.runWorker(ThreadPoolExecutor.java:1149)
	at java.util.concurrent.ThreadPoolExecutor$Worker.run(ThreadPoolExecutor.java:624)
	at java.lang.Thread.run(Thread.java:748)
17:11:43.792 [grpc-default-executor-0] ERROR DNAudit - user=null | ip=null | op=PUT_BLOCK {blockData=[blockId=conID: 2 locID: 102435252061929479 bcsId: 0,size=1024]} | ret=FAILURE
org.apache.hadoop.hdds.scm.container.common.helpers.StorageContainerException: ContainerID 2 does not exist
	at org.apache.hadoop.ozone.container.common.impl.HddsDispatcher.dispatchRequest(HddsDispatcher.java:242) [hadoop-hdds-container-service-0.5.0-SNAPSHOT.jar:?]
	at org.apache.hadoop.ozone.container.common.impl.HddsDispatcher.dispatch(HddsDispatcher.java:148) [hadoop-hdds-container-service-0.5.0-SNAPSHOT.jar:?]
	at org.apache.hadoop.ozone.container.common.transport.server.GrpcXceiverService$1.onNext(GrpcXceiverService.java:73) [hadoop-hdds-container-service-0.5.0-SNAPSHOT.jar:?]
	at org.apache.hadoop.ozone.container.common.transport.server.GrpcXceiverService$1.onNext(GrpcXceiverService.java:61) [hadoop-hdds-container-service-0.5.0-SNAPSHOT.jar:?]
	at org.apache.ratis.thirdparty.io.grpc.stub.ServerCalls$StreamingServerCallHandler$StreamingServerCallListener.onMessage(ServerCalls.java:248) [ratis-thirdparty-misc-0.2.0.jar:0.2.0]
	at org.apache.ratis.thirdparty.io.grpc.ForwardingServerCallListener.onMessage(ForwardingServerCallListener.java:33) [ratis-thirdparty-misc-0.2.0.jar:0.2.0]
	at org.apache.ratis.thirdparty.io.grpc.Contexts$ContextualizedServerCallListener.onMessage(Contexts.java:76) [ratis-thirdparty-misc-0.2.0.jar:0.2.0]
	at org.apache.ratis.thirdparty.io.grpc.ForwardingServerCallListener.onMessage(ForwardingServerCallListener.java:33) [ratis-thirdparty-misc-0.2.0.jar:0.2.0]
	at org.apache.hadoop.hdds.tracing.GrpcServerInterceptor$1.onMessage(GrpcServerInterceptor.java:46) [hadoop-hdds-common-0.5.0-SNAPSHOT.jar:?]
	at org.apache.ratis.thirdparty.io.grpc.internal.ServerCallImpl$ServerStreamListenerImpl.messagesAvailable(ServerCallImpl.java:263) [ratis-thirdparty-misc-0.2.0.jar:0.2.0]
	at org.apache.ratis.thirdparty.io.grpc.internal.ServerImpl$JumpToApplicationThreadServerStreamListener$1MessagesAvailable.runInContext(ServerImpl.java:686) [ratis-thirdparty-misc-0.2.0.jar:0.2.0]
	at org.apache.ratis.thirdparty.io.grpc.internal.ContextRunnable.run(ContextRunnable.java:37) [ratis-thirdparty-misc-0.2.0.jar:0.2.0]
	at org.apache.ratis.thirdparty.io.grpc.internal.SerializingExecutor.run(SerializingExecutor.java:123) [ratis-thirdparty-misc-0.2.0.jar:0.2.0]
	at java.util.concurrent.ThreadPoolExecutor.runWorker(ThreadPoolExecutor.java:1149) [?:1.8.0_212]
	at java.util.concurrent.ThreadPoolExecutor$Worker.run(ThreadPoolExecutor.java:624) [?:1.8.0_212]
	at java.lang.Thread.run(Thread.java:748) [?:1.8.0_212]
2019-07-13 17:11:43,793 INFO  impl.HddsDispatcher (ContainerUtils.java:logAndReturnError(146)) - Operation: PutBlock : Trace ID: 2806f05bd9c21950:2806f05bd9c21950:0:0 : Message: ContainerID 2 does not exist : Result: CONTAINER_NOT_FOUND
2019-07-13 17:11:43,797 INFO  ozone.MiniOzoneClusterImpl (MiniOzoneClusterImpl.java:shutdown(321)) - Shutting down the Mini Ozone Cluster
2019-07-13 17:11:43,797 INFO  ozone.MiniOzoneClusterImpl (MiniOzoneClusterImpl.java:stop(336)) - Stopping the Mini Ozone Cluster
2019-07-13 17:11:43,797 INFO  ozone.MiniOzoneClusterImpl (MiniOzoneClusterImpl.java:stop(338)) - Stopping the OzoneManager
2019-07-13 17:11:43,797 INFO  ipc.Server (Server.java:stop(3082)) - Stopping server on 39935
2019-07-13 17:11:43,802 INFO  ipc.Server (Server.java:run(1185)) - Stopping IPC Server listener on 39935
2019-07-13 17:11:43,802 INFO  ipc.Server (Server.java:run(1319)) - Stopping IPC Server Responder
2019-07-13 17:11:43,802 INFO  utils.BackgroundService (BackgroundService.java:shutdown(148)) - Shutting down service KeyDeletingService
2019-07-13 17:11:43,809 INFO  handler.ContextHandler (ContextHandler.java:doStop(910)) - Stopped o.e.j.w.WebAppContext@44def727{/,null,UNAVAILABLE}{/ozoneManager}
2019-07-13 17:11:43,809 INFO  server.AbstractConnector (AbstractConnector.java:doStop(318)) - Stopped ServerConnector@592e8653{HTTP/1.1,[http/1.1]}{0.0.0.0:0}
2019-07-13 17:11:43,810 INFO  handler.ContextHandler (ContextHandler.java:doStop(910)) - Stopped o.e.j.s.ServletContextHandler@6298f772{/static,file:///tmp/workdir/hadoop-ozone/integration-test/target/test-classes/webapps/static,UNAVAILABLE}
2019-07-13 17:11:43,810 INFO  handler.ContextHandler (ContextHandler.java:doStop(910)) - Stopped o.e.j.s.ServletContextHandler@28d36790{/logs,file:///tmp/workdir/hadoop-ozone/integration-test/target/log,UNAVAILABLE}
2019-07-13 17:11:43,815 INFO  ozone.MiniOzoneClusterImpl (MiniOzoneClusterImpl.java:stop(344)) - Shutting the HddsDatanodes
2019-07-13 17:11:43,815 INFO  datanode.ObjectStoreHandler (ObjectStoreHandler.java:close(155)) - Closing ObjectStoreHandler.
2019-07-13 17:11:43,816 INFO  ozone.HddsDatanodeService (HddsDatanodeService.java:stop(452)) - Stopped plug-in org.apache.hadoop.ozone.web.OzoneHddsDatanodeService@2ac42073
2019-07-13 17:11:44,508 INFO  statemachine.DatanodeStateMachine (DatanodeStateMachine.java:lambda$startDaemon$0(350)) - Ozone container server started.
2019-07-13 17:11:45,364 INFO  container.ReplicationManager (ReplicationManager.java:start(155)) - Starting Replication Monitor Thread.
2019-07-13 17:11:45,366 INFO  container.ReplicationManager (ReplicationManager.java:run(207)) - Replication Monitor Thread took 0 milliseconds for processing 2 containers.
2019-07-13 17:11:47,542 INFO  impl.FollowerState (FollowerState.java:run(106)) - a372bc06-5f9f-448f-b569-5df1f9ecbb66:group-8EB3E503F4DE changes to CANDIDATE, lastRpcTime:5109, electionTimeout:5109ms
2019-07-13 17:11:47,542 INFO  impl.RoleInfo (RoleInfo.java:shutdownFollowerState(121)) - a372bc06-5f9f-448f-b569-5df1f9ecbb66: shutdown FollowerState
2019-07-13 17:11:47,542 INFO  impl.RaftServerImpl (RaftServerImpl.java:setRole(171)) - a372bc06-5f9f-448f-b569-5df1f9ecbb66:group-8EB3E503F4DE changes role from FOLLOWER to CANDIDATE at term 0 for changeToCandidate
2019-07-13 17:11:47,542 INFO  impl.RoleInfo (RoleInfo.java:updateAndGet(143)) - a372bc06-5f9f-448f-b569-5df1f9ecbb66: start LeaderElection
2019-07-13 17:11:47,590 INFO  impl.LeaderElection (LeaderElection.java:askForVotes(181)) - a372bc06-5f9f-448f-b569-5df1f9ecbb66:group-8EB3E503F4DE:LeaderElection2: begin an election at term 1 for -1: [a372bc06-5f9f-448f-b569-5df1f9ecbb66:192.168.5.187:36016], old=null
2019-07-13 17:11:47,590 INFO  impl.RoleInfo (RoleInfo.java:shutdownLeaderElection(134)) - a372bc06-5f9f-448f-b569-5df1f9ecbb66: shutdown LeaderElection
2019-07-13 17:11:47,591 INFO  impl.RaftServerImpl (RaftServerImpl.java:setRole(171)) - a372bc06-5f9f-448f-b569-5df1f9ecbb66:group-8EB3E503F4DE changes role from CANDIDATE to LEADER at term 1 for changeToLeader
2019-07-13 17:11:47,591 INFO  impl.RaftServerImpl (ServerState.java:setLeader(263)) - a372bc06-5f9f-448f-b569-5df1f9ecbb66:group-8EB3E503F4DE change Leader from null to a372bc06-5f9f-448f-b569-5df1f9ecbb66 at term 1 for becomeLeader, leader elected after 5166ms
2019-07-13 17:11:47,591 INFO  server.RaftServerConfigKeys (ConfUtils.java:logGet(43)) - raft.server.staging.catchup.gap = 1000 (default)
2019-07-13 17:11:47,591 INFO  server.RaftServerConfigKeys (ConfUtils.java:logGet(43)) - raft.server.rpc.sleep.time = 25ms (default)
2019-07-13 17:11:47,592 INFO  server.RaftServerConfigKeys (ConfUtils.java:logGet(43)) - raft.server.write.element-limit = 4096 (default)
2019-07-13 17:11:47,592 INFO  server.RaftServerConfigKeys (ConfUtils.java:logGet(43)) - raft.server.watch.timeout = 10s (default)
2019-07-13 17:11:47,592 INFO  server.RaftServerConfigKeys (ConfUtils.java:logGet(43)) - raft.server.watch.timeout.denomination = 1s (default)
2019-07-13 17:11:47,592 INFO  server.RaftServerConfigKeys (ConfUtils.java:logGet(43)) - raft.server.watch.element-limit = 65536 (default)
2019-07-13 17:11:47,593 INFO  impl.RoleInfo (RoleInfo.java:updateAndGet(143)) - a372bc06-5f9f-448f-b569-5df1f9ecbb66: start LeaderState
2019-07-13 17:11:47,593 INFO  segmented.SegmentedRaftLogWorker (SegmentedRaftLogWorker.java:startLogSegment(380)) - a372bc06-5f9f-448f-b569-5df1f9ecbb66-SegmentedRaftLogWorker:Storage Directory /tmp/workdir/hadoop-ozone/integration-test/target/test-dir/MiniOzoneClusterImpl-cb899f21-b3d2-4aa5-8e0c-05940b4ac2bc/datanode-0/data/ratis/4ba77dd5-54b1-4d6e-b75d-8eb3e503f4de: Starting segment from index:0
2019-07-13 17:11:47,594 INFO  impl.RaftServerImpl (ServerState.java:setRaftConf(361)) - a372bc06-5f9f-448f-b569-5df1f9ecbb66:group-8EB3E503F4DE set configuration 0: [a372bc06-5f9f-448f-b569-5df1f9ecbb66:192.168.5.187:36016], old=null at 0
2019-07-13 17:11:47,638 INFO  segmented.SegmentedRaftLogWorker (SegmentedRaftLogWorker.java:execute(569)) - a372bc06-5f9f-448f-b569-5df1f9ecbb66-SegmentedRaftLogWorker:Storage Directory /tmp/workdir/hadoop-ozone/integration-test/target/test-dir/MiniOzoneClusterImpl-cb899f21-b3d2-4aa5-8e0c-05940b4ac2bc/datanode-0/data/ratis/4ba77dd5-54b1-4d6e-b75d-8eb3e503f4de: created new log segment /tmp/workdir/hadoop-ozone/integration-test/target/test-dir/MiniOzoneClusterImpl-cb899f21-b3d2-4aa5-8e0c-05940b4ac2bc/datanode-0/data/ratis/4ba77dd5-54b1-4d6e-b75d-8eb3e503f4de/current/log_inprogress_0
2019-07-13 17:11:48,816 INFO  ozoneimpl.OzoneContainer (OzoneContainer.java:stop(199)) - Attempting to stop container services.
2019-07-13 17:11:48,817 INFO  impl.RaftServerProxy (RaftServerProxy.java:lambda$close$4(314)) - a372bc06-5f9f-448f-b569-5df1f9ecbb66: close
2019-07-13 17:11:48,817 INFO  impl.RaftServerImpl (RaftServerImpl.java:lambda$shutdown$3(245)) - a372bc06-5f9f-448f-b569-5df1f9ecbb66: shutdown group-8EB3E503F4DE
2019-07-13 17:11:48,818 INFO  util.JmxRegister (JmxRegister.java:unregister(73)) - Successfully un-registered JMX Bean with object name Ratis:service=RaftServer,group=group-8EB3E503F4DE,id=a372bc06-5f9f-448f-b569-5df1f9ecbb66
2019-07-13 17:11:48,818 INFO  impl.RoleInfo (RoleInfo.java:shutdownLeaderState(104)) - a372bc06-5f9f-448f-b569-5df1f9ecbb66: shutdown LeaderState
2019-07-13 17:11:48,819 INFO  impl.PendingRequests (PendingRequests.java:sendNotLeaderResponses(202)) - a372bc06-5f9f-448f-b569-5df1f9ecbb66-PendingRequests: sendNotLeaderResponses
2019-07-13 17:11:48,819 INFO  impl.StateMachineUpdater (StateMachineUpdater.java:stopAndJoin(115)) - StateMachineUpdater:a372bc06-5f9f-448f-b569-5df1f9ecbb66:group-8EB3E503F4DE: set stopIndex = 0
2019-07-13 17:11:48,819 INFO  ratis.ContainerStateMachine (ContainerStateMachine.java:takeSnapshot(246)) - Taking snapshot at termIndex:(t:0, i:~)
2019-07-13 17:11:48,821 INFO  impl.RaftServerImpl (ServerState.java:close(394)) - a372bc06-5f9f-448f-b569-5df1f9ecbb66:group-8EB3E503F4DE closes. The last applied log index is 0
2019-07-13 17:11:48,821 INFO  segmented.SegmentedRaftLogWorker (SegmentedRaftLogWorker.java:run(313)) - a372bc06-5f9f-448f-b569-5df1f9ecbb66-SegmentedRaftLogWorker:Storage Directory /tmp/workdir/hadoop-ozone/integration-test/target/test-dir/MiniOzoneClusterImpl-cb899f21-b3d2-4aa5-8e0c-05940b4ac2bc/datanode-0/data/ratis/4ba77dd5-54b1-4d6e-b75d-8eb3e503f4de was interrupted, exiting. There are 0 tasks remaining in the queue.
2019-07-13 17:11:48,822 INFO  segmented.SegmentedRaftLogWorker (SegmentedRaftLogWorker.java:close(228)) - a372bc06-5f9f-448f-b569-5df1f9ecbb66-SegmentedRaftLogWorker:Storage Directory /tmp/workdir/hadoop-ozone/integration-test/target/test-dir/MiniOzoneClusterImpl-cb899f21-b3d2-4aa5-8e0c-05940b4ac2bc/datanode-0/data/ratis/4ba77dd5-54b1-4d6e-b75d-8eb3e503f4de close()
2019-07-13 17:11:48,824 INFO  server.GrpcService (GrpcService.java:closeImpl(155)) - a372bc06-5f9f-448f-b569-5df1f9ecbb66: shutdown server with port 36016 now
2019-07-13 17:11:48,825 INFO  server.GrpcService (GrpcService.java:closeImpl(163)) - a372bc06-5f9f-448f-b569-5df1f9ecbb66: shutdown server with port 36016 successfully
2019-07-13 17:11:48,828 INFO  utils.BackgroundService (BackgroundService.java:shutdown(148)) - Shutting down service BlockDeletingService
2019-07-13 17:11:48,830 WARN  fs.CachingGetSpaceUsed (CachingGetSpaceUsed.java:run(183)) - Thread Interrupted waiting to refresh disk information: sleep interrupted
2019-07-13 17:11:48,850 INFO  statemachine.DatanodeStateMachine (DatanodeStateMachine.java:stopDaemon(395)) - Ozone container server stopped.
2019-07-13 17:11:48,851 INFO  handler.ContextHandler (ContextHandler.java:doStop(910)) - Stopped o.e.j.w.WebAppContext@5d3617ca{/,null,UNAVAILABLE}{/hddsDatanode}
2019-07-13 17:11:48,852 INFO  server.AbstractConnector (AbstractConnector.java:doStop(318)) - Stopped ServerConnector@f7966ef{HTTP/1.1,[http/1.1]}{0.0.0.0:0}
2019-07-13 17:11:48,852 INFO  handler.ContextHandler (ContextHandler.java:doStop(910)) - Stopped o.e.j.s.ServletContextHandler@4bb4ba97{/static,jar:file:/home/user/.m2/repository/org/apache/hadoop/hadoop-hdds-container-service/0.5.0-SNAPSHOT/hadoop-hdds-container-service-0.5.0-SNAPSHOT.jar!/webapps/static,UNAVAILABLE}
2019-07-13 17:11:48,853 INFO  handler.ContextHandler (ContextHandler.java:doStop(910)) - Stopped o.e.j.s.ServletContextHandler@ef22580{/logs,file:///tmp/workdir/hadoop-ozone/integration-test/target/log,UNAVAILABLE}
2019-07-13 17:11:48,854 INFO  ozone.MiniOzoneClusterImpl (MiniOzoneClusterImpl.java:stop(353)) - Stopping the StorageContainerManager
2019-07-13 17:11:48,854 INFO  server.StorageContainerManager (StorageContainerManager.java:stop(796)) - Stopping Replication Manager Service.
2019-07-13 17:11:48,854 INFO  container.ReplicationManager (ReplicationManager.java:stop(187)) - Stopping Replication Monitor Thread.
2019-07-13 17:11:48,854 INFO  server.StorageContainerManager (StorageContainerManager.java:stop(803)) - Stopping Lease Manager of the command watchers
2019-07-13 17:11:48,854 INFO  server.StorageContainerManager (StorageContainerManager.java:stop(810)) - Stopping datanode service RPC server
2019-07-13 17:11:48,854 INFO  server.SCMDatanodeProtocolServer (SCMDatanodeProtocolServer.java:stop(375)) - Stopping the RPC server for DataNodes
2019-07-13 17:11:48,855 INFO  ipc.Server (Server.java:stop(3082)) - Stopping server on 43612
2019-07-13 17:11:48,856 INFO  ipc.Server (Server.java:run(1185)) - Stopping IPC Server listener on 43612
2019-07-13 17:11:48,856 INFO  ipc.Server (Server.java:run(1319)) - Stopping IPC Server Responder
2019-07-13 17:11:49,429 WARN  node.NodeStateManager (NodeStateManager.java:scheduleNextHealthCheck(631)) - Current Thread is interrupted, shutting down HB processing thread for Node Manager.
2019-07-13 17:11:49,429 INFO  server.StorageContainerManager (StorageContainerManager.java:stop(818)) - Stopping block service RPC server
2019-07-13 17:11:49,430 INFO  server.SCMBlockProtocolServer (SCMBlockProtocolServer.java:stop(148)) - Stopping the RPC server for Block Protocol
2019-07-13 17:11:49,430 INFO  ipc.Server (Server.java:stop(3082)) - Stopping server on 37816
2019-07-13 17:11:49,431 INFO  ipc.Server (Server.java:run(1185)) - Stopping IPC Server listener on 37816
2019-07-13 17:11:49,431 INFO  server.StorageContainerManager (StorageContainerManager.java:stop(825)) - Stopping the StorageContainerLocationProtocol RPC server
2019-07-13 17:11:49,432 INFO  server.SCMClientProtocolServer (SCMClientProtocolServer.java:stop(157)) - Stopping the RPC server for Client Protocol
2019-07-13 17:11:49,433 INFO  ipc.Server (Server.java:stop(3082)) - Stopping server on 39177
2019-07-13 17:11:49,432 INFO  ipc.Server (Server.java:run(1319)) - Stopping IPC Server Responder
2019-07-13 17:11:49,434 INFO  ipc.Server (Server.java:run(1185)) - Stopping IPC Server listener on 39177
2019-07-13 17:11:49,434 INFO  server.StorageContainerManager (StorageContainerManager.java:stop(832)) - Stopping Storage Container Manager HTTP server.
2019-07-13 17:11:49,436 INFO  ipc.Server (Server.java:run(1319)) - Stopping IPC Server Responder
2019-07-13 17:11:49,447 INFO  handler.ContextHandler (ContextHandler.java:doStop(910)) - Stopped o.e.j.w.WebAppContext@6cb1f522{/,null,UNAVAILABLE}{/scm}
2019-07-13 17:11:49,449 INFO  server.AbstractConnector (AbstractConnector.java:doStop(318)) - Stopped ServerConnector@21c4448a{HTTP/1.1,[http/1.1]}{0.0.0.0:0}
2019-07-13 17:11:49,449 INFO  handler.ContextHandler (ContextHandler.java:doStop(910)) - Stopped o.e.j.s.ServletContextHandler@75f3b818{/static,file:///tmp/workdir/hadoop-ozone/integration-test/target/test-classes/webapps/static,UNAVAILABLE}
2019-07-13 17:11:49,450 INFO  handler.ContextHandler (ContextHandler.java:doStop(910)) - Stopped o.e.j.s.ServletContextHandler@67f8bb3c{/logs,file:///tmp/workdir/hadoop-ozone/integration-test/target/log,UNAVAILABLE}
2019-07-13 17:11:49,451 INFO  server.StorageContainerManager (StorageContainerManager.java:stop(843)) - Stopping Block Manager Service.
2019-07-13 17:11:49,451 INFO  utils.BackgroundService (BackgroundService.java:shutdown(148)) - Shutting down service SCMBlockDeletingService
2019-07-13 17:11:49,451 INFO  utils.BackgroundService (BackgroundService.java:shutdown(148)) - Shutting down service SCMBlockDeletingService
2019-07-13 17:11:49,452 INFO  server.StorageContainerManager (StorageContainerManager.java:stop(865)) - Stopping SCM Event Queue.
2019-07-13 17:11:49,455 INFO  impl.MetricsSystemImpl (MetricsSystemImpl.java:stop(210)) - Stopping HddsDatanode metrics system...
2019-07-13 17:11:49,457 INFO  impl.MetricsSystemImpl (MetricsSystemImpl.java:stop(216)) - HddsDatanode metrics system stopped.
]]></system-out>
    <system-err><![CDATA[Jul 13, 2019 5:11:38 PM com.sun.jersey.server.impl.application.WebApplicationImpl _initiate
INFO: Initiating Jersey application, version 'Jersey: 1.19 02/11/2015 03:25 AM'
]]></system-err>
  </testcase>
  <testcase name="testGetKeyInfo" classname="org.apache.hadoop.ozone.web.client.TestKeys" time="12.278">
    <error message="Unexpected Storage Container Exception: org.apache.hadoop.hdds.scm.container.common.helpers.StorageContainerException: ContainerID 2 creation failed" type="java.io.IOException">java.io.IOException: Unexpected Storage Container Exception: org.apache.hadoop.hdds.scm.container.common.helpers.StorageContainerException: ContainerID 2 creation failed
	at org.apache.hadoop.hdds.scm.storage.BlockOutputStream.setIoException(BlockOutputStream.java:549)
	at org.apache.hadoop.hdds.scm.storage.BlockOutputStream.validateResponse(BlockOutputStream.java:540)
	at org.apache.hadoop.hdds.scm.storage.BlockOutputStream.lambda$writeChunkToContainer$2(BlockOutputStream.java:615)
	at java.util.concurrent.CompletableFuture.uniApply(CompletableFuture.java:602)
	at java.util.concurrent.CompletableFuture$UniApply.tryFire(CompletableFuture.java:577)
	at java.util.concurrent.CompletableFuture$Completion.run(CompletableFuture.java:442)
	at java.util.concurrent.ThreadPoolExecutor.runWorker(ThreadPoolExecutor.java:1149)
	at java.util.concurrent.ThreadPoolExecutor$Worker.run(ThreadPoolExecutor.java:624)
	at java.lang.Thread.run(Thread.java:748)
Caused by: org.apache.hadoop.hdds.scm.container.common.helpers.StorageContainerException: ContainerID 2 creation failed
	at org.apache.hadoop.hdds.scm.storage.ContainerProtocolCalls.validateContainerResponse(ContainerProtocolCalls.java:536)
	at org.apache.hadoop.hdds.scm.storage.BlockOutputStream.validateResponse(BlockOutputStream.java:537)
	... 7 more
</error>
    <system-out><![CDATA[2019-07-13 17:11:49,491 WARN  server.ServerUtils (ServerUtils.java:getScmDbDir(145)) - ozone.scm.db.dirs is not configured. We recommend adding this setting. Falling back to ozone.metadata.dirs instead.
2019-07-13 17:11:49,505 WARN  server.ServerUtils (ServerUtils.java:getScmDbDir(145)) - ozone.scm.db.dirs is not configured. We recommend adding this setting. Falling back to ozone.metadata.dirs instead.
2019-07-13 17:11:49,506 WARN  server.ServerUtils (ServerUtils.java:getScmDbDir(145)) - ozone.scm.db.dirs is not configured. We recommend adding this setting. Falling back to ozone.metadata.dirs instead.
2019-07-13 17:11:49,507 INFO  db.DBStoreBuilder (DBStoreBuilder.java:addTable(110)) - using custom profile for table: deletedBlocks
2019-07-13 17:11:49,507 INFO  db.DBStoreBuilder (DBStoreBuilder.java:processTables(161)) - Using default column profile:DBProfile.DISK for Table:deletedBlocks
2019-07-13 17:11:49,507 INFO  db.DBStoreBuilder (DBStoreBuilder.java:addTable(110)) - using custom profile for table: validCerts
2019-07-13 17:11:49,507 INFO  db.DBStoreBuilder (DBStoreBuilder.java:processTables(161)) - Using default column profile:DBProfile.DISK for Table:validCerts
2019-07-13 17:11:49,508 INFO  db.DBStoreBuilder (DBStoreBuilder.java:addTable(110)) - using custom profile for table: revokedCerts
2019-07-13 17:11:49,508 INFO  db.DBStoreBuilder (DBStoreBuilder.java:processTables(161)) - Using default column profile:DBProfile.DISK for Table:revokedCerts
2019-07-13 17:11:49,508 INFO  db.DBStoreBuilder (DBStoreBuilder.java:addTable(110)) - using custom profile for table: default
2019-07-13 17:11:49,508 INFO  db.DBStoreBuilder (DBStoreBuilder.java:processTables(167)) - Using default column profile:DBProfile.DISK for Table:default
2019-07-13 17:11:49,509 INFO  db.DBStoreBuilder (DBStoreBuilder.java:getDbProfile(198)) - Using default options. DBProfile.DISK
2019-07-13 17:11:49,698 INFO  net.NodeSchemaLoader (NodeSchemaLoader.java:loadSchemaFromFile(125)) - Loading file from sun.misc.CompoundEnumeration@307b26b4
2019-07-13 17:11:49,699 INFO  net.NodeSchemaLoader (NodeSchemaLoader.java:loadSchema(171)) - Loading network topology layer schema file
2019-07-13 17:11:49,704 INFO  node.SCMNodeManager (SCMNodeManager.java:<init>(119)) - Entering startup safe mode.
2019-07-13 17:11:49,705 WARN  server.ServerUtils (ServerUtils.java:getScmDbDir(145)) - ozone.scm.db.dirs is not configured. We recommend adding this setting. Falling back to ozone.metadata.dirs instead.
2019-07-13 17:11:49,755 INFO  pipeline.SCMPipelineManager (SCMPipelineManager.java:initializePipelineState(126)) - No pipeline exists in current db
2019-07-13 17:11:49,755 WARN  server.ServerUtils (ServerUtils.java:getScmDbDir(145)) - ozone.scm.db.dirs is not configured. We recommend adding this setting. Falling back to ozone.metadata.dirs instead.
2019-07-13 17:11:49,793 WARN  events.EventQueue (EventQueue.java:fireEvent(175)) - No event handler registered for event TypedEvent{payloadType=SafeModeStatus, name='SafeModeStatus'}
2019-07-13 17:11:49,794 INFO  ipc.CallQueueManager (CallQueueManager.java:<init>(84)) - Using callQueue: class java.util.concurrent.LinkedBlockingQueue, queueCapacity: 2000, scheduler: class org.apache.hadoop.ipc.DefaultRpcScheduler, ipcBackoff: false.
2019-07-13 17:11:49,795 INFO  ipc.Server (Server.java:run(1074)) - Starting Socket Reader #1 for port 38459
2019-07-13 17:11:49,797 INFO  ipc.CallQueueManager (CallQueueManager.java:<init>(84)) - Using callQueue: class java.util.concurrent.LinkedBlockingQueue, queueCapacity: 2000, scheduler: class org.apache.hadoop.ipc.DefaultRpcScheduler, ipcBackoff: false.
2019-07-13 17:11:49,798 INFO  ipc.Server (Server.java:run(1074)) - Starting Socket Reader #1 for port 33163
2019-07-13 17:11:49,799 INFO  ipc.CallQueueManager (CallQueueManager.java:<init>(84)) - Using callQueue: class java.util.concurrent.LinkedBlockingQueue, queueCapacity: 2000, scheduler: class org.apache.hadoop.ipc.DefaultRpcScheduler, ipcBackoff: false.
2019-07-13 17:11:49,800 INFO  ipc.Server (Server.java:run(1074)) - Starting Socket Reader #1 for port 35729
2019-07-13 17:11:49,803 INFO  hdfs.DFSUtil (DFSUtil.java:httpServerTemplateForNNAndJN(1641)) - Starting Web-server for scm at: http://0.0.0.0:0
2019-07-13 17:11:49,806 INFO  server.AuthenticationFilter (AuthenticationFilter.java:constructSecretProvider(240)) - Unable to initialize FileSignerSecretProvider, falling back to use random secrets.
2019-07-13 17:11:49,806 WARN  http.HttpRequestLog (HttpRequestLog.java:getRequestLog(97)) - Jetty request log can only be enabled using Log4j
2019-07-13 17:11:49,809 INFO  http.HttpServer2 (HttpServer2.java:addGlobalFilter(975)) - Added global filter 'safety' (class=org.apache.hadoop.http.HttpServer2$QuotingInputFilter)
2019-07-13 17:11:49,810 INFO  http.HttpServer2 (HttpServer2.java:addFilter(948)) - Added filter static_user_filter (class=org.apache.hadoop.http.lib.StaticUserWebFilter$StaticUserFilter) to context scm
2019-07-13 17:11:49,810 INFO  http.HttpServer2 (HttpServer2.java:addFilter(958)) - Added filter static_user_filter (class=org.apache.hadoop.http.lib.StaticUserWebFilter$StaticUserFilter) to context logs
2019-07-13 17:11:49,811 INFO  http.HttpServer2 (HttpServer2.java:addFilter(958)) - Added filter static_user_filter (class=org.apache.hadoop.http.lib.StaticUserWebFilter$StaticUserFilter) to context static
2019-07-13 17:11:49,814 INFO  server.StorageContainerManager (StorageContainerManager.java:start(759)) - StorageContainerLocationProtocol RPC server is listening at /0.0.0.0:35729
2019-07-13 17:11:49,816 WARN  impl.MetricsConfig (MetricsConfig.java:loadFirst(134)) - Cannot locate configuration: tried hadoop-metrics2-storagecontainermanager.properties,hadoop-metrics2.properties
2019-07-13 17:11:49,818 INFO  impl.MetricsSystemImpl (MetricsSystemImpl.java:startTimer(374)) - Scheduled Metric snapshot period at 10 second(s).
2019-07-13 17:11:49,818 INFO  impl.MetricsSystemImpl (MetricsSystemImpl.java:start(191)) - StorageContainerManager metrics system started
2019-07-13 17:11:49,853 INFO  server.SCMClientProtocolServer (SCMClientProtocolServer.java:start(149)) - RPC server for Client  is listening at /0.0.0.0:35729
2019-07-13 17:11:49,854 INFO  ipc.Server (Server.java:run(1314)) - IPC Server Responder: starting
2019-07-13 17:11:49,854 INFO  ipc.Server (Server.java:run(1153)) - IPC Server listener on 35729: starting
2019-07-13 17:11:49,858 INFO  server.StorageContainerManager (StorageContainerManager.java:start(768)) - ScmBlockLocationProtocol RPC server is listening at /0.0.0.0:33163
2019-07-13 17:11:49,858 INFO  server.SCMBlockProtocolServer (SCMBlockProtocolServer.java:start(140)) - RPC server for Block Protocol is listening at /0.0.0.0:33163
2019-07-13 17:11:49,859 INFO  ipc.Server (Server.java:run(1314)) - IPC Server Responder: starting
2019-07-13 17:11:49,859 INFO  ipc.Server (Server.java:run(1153)) - IPC Server listener on 33163: starting
2019-07-13 17:11:49,863 INFO  server.StorageContainerManager (StorageContainerManager.java:start(772)) - ScmDatanodeProtocl RPC server is listening at /0.0.0.0:38459
2019-07-13 17:11:49,863 INFO  server.SCMDatanodeProtocolServer (SCMDatanodeProtocolServer.java:start(191)) - RPC server for DataNodes is listening at /0.0.0.0:38459
2019-07-13 17:11:49,863 INFO  ipc.Server (Server.java:run(1314)) - IPC Server Responder: starting
2019-07-13 17:11:49,864 INFO  ipc.Server (Server.java:run(1153)) - IPC Server listener on 38459: starting
2019-07-13 17:11:49,869 INFO  http.HttpServer2 (HttpServer2.java:bindListener(1191)) - Jetty bound to port 33885
2019-07-13 17:11:49,869 INFO  server.Server (Server.java:doStart(351)) - jetty-9.3.24.v20180605, build timestamp: 2018-06-05T17:11:56Z, git hash: 84205aa28f11a4f31f2a3b86d1bba2cc8ab69827
2019-07-13 17:11:49,873 INFO  handler.ContextHandler (ContextHandler.java:doStart(781)) - Started o.e.j.s.ServletContextHandler@4857bbca{/logs,file:///tmp/workdir/hadoop-ozone/integration-test/target/log,AVAILABLE}
2019-07-13 17:11:49,873 INFO  handler.ContextHandler (ContextHandler.java:doStart(781)) - Started o.e.j.s.ServletContextHandler@2ad808a5{/static,file:///tmp/workdir/hadoop-ozone/integration-test/target/test-classes/webapps/static,AVAILABLE}
2019-07-13 17:11:49,880 INFO  handler.ContextHandler (ContextHandler.java:doStart(781)) - Started o.e.j.w.WebAppContext@696ad30e{/,file:///tmp/workdir/hadoop-ozone/integration-test/target/test-classes/webapps/scm/,AVAILABLE}{/scm}
2019-07-13 17:11:49,880 INFO  server.AbstractConnector (AbstractConnector.java:doStart(278)) - Started ServerConnector@30b5e640{HTTP/1.1,[http/1.1]}{0.0.0.0:33885}
2019-07-13 17:11:49,881 INFO  server.Server (Server.java:doStart(419)) - Started @30048ms
2019-07-13 17:11:49,882 INFO  server.BaseHttpServer (BaseHttpServer.java:updateConnectorAddress(207)) - HTTP server of SCM is listening at http://0.0.0.0:33885
2019-07-13 17:11:49,883 WARN  server.ServerUtils (ServerUtils.java:getDBPath(222)) - ozone.om.db.dirs is not configured. We recommend adding this setting. Falling back to ozone.metadata.dirs instead.
2019-07-13 17:11:49,883 INFO  util.JvmPauseMonitor (JvmPauseMonitor.java:run(188)) - Starting JVM pause monitor
2019-07-13 17:11:49,895 WARN  server.ServerUtils (ServerUtils.java:getDBPath(222)) - ozone.om.db.dirs is not configured. We recommend adding this setting. Falling back to ozone.metadata.dirs instead.
2019-07-13 17:11:49,895 INFO  om.OzoneManager (OzoneManager.java:setOMNodeDetails(630)) - OM Service ID is not set. Setting it to the default ID: omServiceIdDefault
2019-07-13 17:11:49,896 INFO  om.OzoneManager (OzoneManager.java:setOMNodeDetails(636)) - OM Node ID is not set. Setting it to the OmStorage's OmID: 148d7c36-23f0-4f7f-b794-dbb4f98a8027
2019-07-13 17:11:49,896 INFO  om.OzoneManager (OzoneManager.java:loadOMHAConfigs(587)) - Found matching OM address with OMServiceId: null, OMNodeId: null, RPC Address: localhost:0 and Ratis port: 9872
2019-07-13 17:11:49,902 WARN  server.ServerUtils (ServerUtils.java:getDBPath(222)) - ozone.om.db.dirs is not configured. We recommend adding this setting. Falling back to ozone.metadata.dirs instead.
2019-07-13 17:11:49,902 INFO  db.DBStoreBuilder (DBStoreBuilder.java:addTable(110)) - using custom profile for table: userTable
2019-07-13 17:11:49,903 INFO  db.DBStoreBuilder (DBStoreBuilder.java:processTables(161)) - Using default column profile:DBProfile.DISK for Table:userTable
2019-07-13 17:11:49,903 INFO  db.DBStoreBuilder (DBStoreBuilder.java:addTable(110)) - using custom profile for table: volumeTable
2019-07-13 17:11:49,904 INFO  db.DBStoreBuilder (DBStoreBuilder.java:processTables(161)) - Using default column profile:DBProfile.DISK for Table:volumeTable
2019-07-13 17:11:49,904 INFO  db.DBStoreBuilder (DBStoreBuilder.java:addTable(110)) - using custom profile for table: bucketTable
2019-07-13 17:11:49,904 INFO  db.DBStoreBuilder (DBStoreBuilder.java:processTables(161)) - Using default column profile:DBProfile.DISK for Table:bucketTable
2019-07-13 17:11:49,904 INFO  db.DBStoreBuilder (DBStoreBuilder.java:addTable(110)) - using custom profile for table: keyTable
2019-07-13 17:11:49,904 INFO  db.DBStoreBuilder (DBStoreBuilder.java:processTables(161)) - Using default column profile:DBProfile.DISK for Table:keyTable
2019-07-13 17:11:49,904 INFO  db.DBStoreBuilder (DBStoreBuilder.java:addTable(110)) - using custom profile for table: deletedTable
2019-07-13 17:11:49,905 INFO  db.DBStoreBuilder (DBStoreBuilder.java:processTables(161)) - Using default column profile:DBProfile.DISK for Table:deletedTable
2019-07-13 17:11:49,905 INFO  db.DBStoreBuilder (DBStoreBuilder.java:addTable(110)) - using custom profile for table: openKeyTable
2019-07-13 17:11:49,905 INFO  db.DBStoreBuilder (DBStoreBuilder.java:processTables(161)) - Using default column profile:DBProfile.DISK for Table:openKeyTable
2019-07-13 17:11:49,905 INFO  db.DBStoreBuilder (DBStoreBuilder.java:addTable(110)) - using custom profile for table: s3Table
2019-07-13 17:11:49,905 INFO  db.DBStoreBuilder (DBStoreBuilder.java:processTables(161)) - Using default column profile:DBProfile.DISK for Table:s3Table
2019-07-13 17:11:49,905 INFO  db.DBStoreBuilder (DBStoreBuilder.java:addTable(110)) - using custom profile for table: multipartInfoTable
2019-07-13 17:11:49,905 INFO  db.DBStoreBuilder (DBStoreBuilder.java:processTables(161)) - Using default column profile:DBProfile.DISK for Table:multipartInfoTable
2019-07-13 17:11:49,906 INFO  db.DBStoreBuilder (DBStoreBuilder.java:addTable(110)) - using custom profile for table: dTokenTable
2019-07-13 17:11:49,906 INFO  db.DBStoreBuilder (DBStoreBuilder.java:processTables(161)) - Using default column profile:DBProfile.DISK for Table:dTokenTable
2019-07-13 17:11:49,906 INFO  db.DBStoreBuilder (DBStoreBuilder.java:addTable(110)) - using custom profile for table: s3SecretTable
2019-07-13 17:11:49,906 INFO  db.DBStoreBuilder (DBStoreBuilder.java:processTables(161)) - Using default column profile:DBProfile.DISK for Table:s3SecretTable
2019-07-13 17:11:49,906 INFO  db.DBStoreBuilder (DBStoreBuilder.java:addTable(110)) - using custom profile for table: prefixTable
2019-07-13 17:11:49,906 INFO  db.DBStoreBuilder (DBStoreBuilder.java:processTables(161)) - Using default column profile:DBProfile.DISK for Table:prefixTable
2019-07-13 17:11:49,907 INFO  db.DBStoreBuilder (DBStoreBuilder.java:addTable(110)) - using custom profile for table: default
2019-07-13 17:11:49,907 INFO  db.DBStoreBuilder (DBStoreBuilder.java:processTables(167)) - Using default column profile:DBProfile.DISK for Table:default
2019-07-13 17:11:49,907 INFO  db.DBStoreBuilder (DBStoreBuilder.java:getDbProfile(198)) - Using default options. DBProfile.DISK
2019-07-13 17:11:50,325 INFO  ipc.CallQueueManager (CallQueueManager.java:<init>(84)) - Using callQueue: class java.util.concurrent.LinkedBlockingQueue, queueCapacity: 2000, scheduler: class org.apache.hadoop.ipc.DefaultRpcScheduler, ipcBackoff: false.
2019-07-13 17:11:50,326 INFO  ipc.Server (Server.java:run(1074)) - Starting Socket Reader #1 for port 39662
2019-07-13 17:11:50,341 WARN  server.ServerUtils (ServerUtils.java:getDBPath(222)) - ozone.om.db.dirs is not configured. We recommend adding this setting. Falling back to ozone.metadata.dirs instead.
2019-07-13 17:11:50,342 INFO  om.OzoneManager (OzoneManager.java:start(1228)) - OzoneManager RPC server is listening at localhost/127.0.0.1:39662
2019-07-13 17:11:50,342 INFO  impl.MetricsSystemImpl (MetricsSystemImpl.java:init(158)) - OzoneManager metrics system started (again)
2019-07-13 17:11:50,343 INFO  ipc.Server (Server.java:run(1314)) - IPC Server Responder: starting
2019-07-13 17:11:50,343 INFO  ipc.Server (Server.java:run(1153)) - IPC Server listener on 39662: starting
2019-07-13 17:11:50,349 INFO  hdfs.DFSUtil (DFSUtil.java:httpServerTemplateForNNAndJN(1641)) - Starting Web-server for ozoneManager at: http://0.0.0.0:0
2019-07-13 17:11:50,351 INFO  server.AuthenticationFilter (AuthenticationFilter.java:constructSecretProvider(240)) - Unable to initialize FileSignerSecretProvider, falling back to use random secrets.
2019-07-13 17:11:50,352 WARN  http.HttpRequestLog (HttpRequestLog.java:getRequestLog(97)) - Jetty request log can only be enabled using Log4j
2019-07-13 17:11:50,354 INFO  http.HttpServer2 (HttpServer2.java:addGlobalFilter(975)) - Added global filter 'safety' (class=org.apache.hadoop.http.HttpServer2$QuotingInputFilter)
2019-07-13 17:11:50,355 INFO  http.HttpServer2 (HttpServer2.java:addFilter(948)) - Added filter static_user_filter (class=org.apache.hadoop.http.lib.StaticUserWebFilter$StaticUserFilter) to context ozoneManager
2019-07-13 17:11:50,355 INFO  http.HttpServer2 (HttpServer2.java:addFilter(958)) - Added filter static_user_filter (class=org.apache.hadoop.http.lib.StaticUserWebFilter$StaticUserFilter) to context logs
2019-07-13 17:11:50,356 INFO  http.HttpServer2 (HttpServer2.java:addFilter(958)) - Added filter static_user_filter (class=org.apache.hadoop.http.lib.StaticUserWebFilter$StaticUserFilter) to context static
2019-07-13 17:11:50,357 INFO  http.HttpServer2 (HttpServer2.java:bindListener(1191)) - Jetty bound to port 39055
2019-07-13 17:11:50,357 INFO  server.Server (Server.java:doStart(351)) - jetty-9.3.24.v20180605, build timestamp: 2018-06-05T17:11:56Z, git hash: 84205aa28f11a4f31f2a3b86d1bba2cc8ab69827
2019-07-13 17:11:50,360 INFO  handler.ContextHandler (ContextHandler.java:doStart(781)) - Started o.e.j.s.ServletContextHandler@66dacec9{/logs,file:///tmp/workdir/hadoop-ozone/integration-test/target/log,AVAILABLE}
2019-07-13 17:11:50,361 INFO  handler.ContextHandler (ContextHandler.java:doStart(781)) - Started o.e.j.s.ServletContextHandler@3cbd2fb8{/static,file:///tmp/workdir/hadoop-ozone/integration-test/target/test-classes/webapps/static,AVAILABLE}
2019-07-13 17:11:50,372 INFO  handler.ContextHandler (ContextHandler.java:doStart(781)) - Started o.e.j.w.WebAppContext@2c7c01e4{/,file:///tmp/workdir/hadoop-ozone/integration-test/target/test-classes/webapps/ozoneManager/,AVAILABLE}{/ozoneManager}
2019-07-13 17:11:50,373 INFO  server.AbstractConnector (AbstractConnector.java:doStart(278)) - Started ServerConnector@1cb5f9c3{HTTP/1.1,[http/1.1]}{0.0.0.0:39055}
2019-07-13 17:11:50,376 INFO  server.Server (Server.java:doStart(419)) - Started @30543ms
2019-07-13 17:11:50,377 INFO  server.BaseHttpServer (BaseHttpServer.java:updateConnectorAddress(207)) - HTTP server of OZONEMANAGER is listening at http://0.0.0.0:39055
2019-07-13 17:11:50,393 INFO  impl.MetricsSystemImpl (MetricsSystemImpl.java:init(158)) - HddsDatanode metrics system started (again)
2019-07-13 17:11:50,394 INFO  ozone.HddsDatanodeService (HddsDatanodeService.java:start(185)) - HddsDatanodeService host:trunk-nightly-z92hn-1831959607 ip:192.168.5.187
2019-07-13 17:11:50,403 INFO  volume.HddsVolume (HddsVolume.java:<init>(176)) - Creating Volume: /tmp/workdir/hadoop-ozone/integration-test/target/test-dir/MiniOzoneClusterImpl-ef1d65e1-43c4-43f9-a937-32d38515eb07/datanode-0/data/containers/hdds of  storage type : DISK and capacity : 52710309888
2019-07-13 17:11:50,404 INFO  volume.VolumeSet (VolumeSet.java:initializeVolumeSet(170)) - Added Volume : /tmp/workdir/hadoop-ozone/integration-test/target/test-dir/MiniOzoneClusterImpl-ef1d65e1-43c4-43f9-a937-32d38515eb07/datanode-0/data/containers/hdds to VolumeSet
2019-07-13 17:11:50,404 INFO  volume.ThrottledAsyncChecker (ThrottledAsyncChecker.java:schedule(140)) - Scheduling a check for org.apache.hadoop.ozone.container.common.volume.HddsVolume@7e9c0b06
2019-07-13 17:11:50,405 INFO  volume.HddsVolumeChecker (HddsVolumeChecker.java:checkAllVolumes(203)) - Scheduled health check for volume org.apache.hadoop.ozone.container.common.volume.HddsVolume@7e9c0b06
2019-07-13 17:11:50,430 INFO  impl.RaftServerProxy (ConfUtils.java:logGet(43)) - raft.rpc.type = GRPC (default)
2019-07-13 17:11:50,430 INFO  grpc.GrpcFactory (GrpcFactory.java:checkPooledByteBufAllocatorUseCacheForAllThreads(45)) - PERFORMANCE WARNING: useCacheForAllThreads is true that may cause Netty to create a lot garbage objects and, as a result, trigger GC.
	It is recommended to disable useCacheForAllThreads by setting -Dorg.apache.ratis.thirdparty.io.netty.allocator.useCacheForAllThreads=false in command line.
2019-07-13 17:11:50,431 INFO  grpc.GrpcConfigKeys$Server (ConfUtils.java:logGet(43)) - raft.grpc.server.port = 0 (default)
2019-07-13 17:11:50,431 INFO  server.GrpcService (ConfUtils.java:logGet(43)) - raft.grpc.message.size.max = 33570816 (custom)
2019-07-13 17:11:50,431 INFO  server.RaftServerConfigKeys (ConfUtils.java:logGet(43)) - raft.server.log.appender.buffer.byte-limit = 33554432 (custom)
2019-07-13 17:11:50,431 INFO  server.GrpcService (ConfUtils.java:logGet(43)) - raft.grpc.flow.control.window = 1MB (=1048576) (default)
2019-07-13 17:11:50,432 INFO  server.RaftServerConfigKeys (ConfUtils.java:logGet(43)) - raft.server.rpc.request.timeout = 3000ms (default)
2019-07-13 17:11:50,433 INFO  server.RaftServerConfigKeys (ConfUtils.java:logGet(43)) - raft.server.storage.dir = [/tmp/workdir/hadoop-ozone/integration-test/target/test-dir/MiniOzoneClusterImpl-ef1d65e1-43c4-43f9-a937-32d38515eb07/datanode-0/data/ratis] (custom)
2019-07-13 17:11:50,434 INFO  replication.SimpleContainerDownloader (SimpleContainerDownloader.java:<init>(72)) - Starting container downloader service to copy containers to replicate.
2019-07-13 17:11:50,435 INFO  hdfs.DFSUtil (DFSUtil.java:httpServerTemplateForNNAndJN(1641)) - Starting Web-server for hddsDatanode at: http://0.0.0.0:0
2019-07-13 17:11:50,438 INFO  server.AuthenticationFilter (AuthenticationFilter.java:constructSecretProvider(240)) - Unable to initialize FileSignerSecretProvider, falling back to use random secrets.
2019-07-13 17:11:50,438 WARN  http.HttpRequestLog (HttpRequestLog.java:getRequestLog(97)) - Jetty request log can only be enabled using Log4j
2019-07-13 17:11:50,441 INFO  http.HttpServer2 (HttpServer2.java:addGlobalFilter(975)) - Added global filter 'safety' (class=org.apache.hadoop.http.HttpServer2$QuotingInputFilter)
2019-07-13 17:11:50,441 INFO  http.HttpServer2 (HttpServer2.java:addFilter(948)) - Added filter static_user_filter (class=org.apache.hadoop.http.lib.StaticUserWebFilter$StaticUserFilter) to context hddsDatanode
2019-07-13 17:11:50,442 INFO  http.HttpServer2 (HttpServer2.java:addFilter(958)) - Added filter static_user_filter (class=org.apache.hadoop.http.lib.StaticUserWebFilter$StaticUserFilter) to context logs
2019-07-13 17:11:50,442 INFO  http.HttpServer2 (HttpServer2.java:addFilter(958)) - Added filter static_user_filter (class=org.apache.hadoop.http.lib.StaticUserWebFilter$StaticUserFilter) to context static
2019-07-13 17:11:50,443 INFO  http.HttpServer2 (HttpServer2.java:bindListener(1191)) - Jetty bound to port 35163
2019-07-13 17:11:50,443 INFO  server.Server (Server.java:doStart(351)) - jetty-9.3.24.v20180605, build timestamp: 2018-06-05T17:11:56Z, git hash: 84205aa28f11a4f31f2a3b86d1bba2cc8ab69827
2019-07-13 17:11:50,446 INFO  handler.ContextHandler (ContextHandler.java:doStart(781)) - Started o.e.j.s.ServletContextHandler@32125003{/logs,file:///tmp/workdir/hadoop-ozone/integration-test/target/log,AVAILABLE}
2019-07-13 17:11:50,447 INFO  handler.ContextHandler (ContextHandler.java:doStart(781)) - Started o.e.j.s.ServletContextHandler@5940f102{/static,jar:file:/home/user/.m2/repository/org/apache/hadoop/hadoop-hdds-container-service/0.5.0-SNAPSHOT/hadoop-hdds-container-service-0.5.0-SNAPSHOT.jar!/webapps/static,AVAILABLE}
2019-07-13 17:11:50,492 INFO  handler.ContextHandler (ContextHandler.java:doStart(781)) - Started o.e.j.w.WebAppContext@242a9b5d{/,file:///tmp/jetty-0.0.0.0-35163-hddsDatanode-_-any-5299020561542787977.dir/webapp/,AVAILABLE}{/hddsDatanode}
2019-07-13 17:11:50,492 INFO  server.AbstractConnector (AbstractConnector.java:doStart(278)) - Started ServerConnector@6b7c3a14{HTTP/1.1,[http/1.1]}{0.0.0.0:35163}
2019-07-13 17:11:50,493 INFO  server.Server (Server.java:doStart(419)) - Started @30661ms
2019-07-13 17:11:50,494 INFO  server.BaseHttpServer (BaseHttpServer.java:updateConnectorAddress(207)) - HTTP server of HDDSDATANODE is listening at http://0.0.0.0:35163
2019-07-13 17:11:50,687 INFO  ozone.HddsDatanodeService (HddsDatanodeService.java:startPlugins(396)) - Started plug-in org.apache.hadoop.ozone.web.OzoneHddsDatanodeService@5f61c5ed
2019-07-13 17:11:50,687 INFO  ozone.MiniOzoneClusterImpl (MiniOzoneClusterImpl.java:lambda$waitForClusterToBeReady$0(142)) - Waiting for cluster to be ready. Got 0 of 1 DN Heartbeats.
2019-07-13 17:11:50,690 INFO  util.JvmPauseMonitor (JvmPauseMonitor.java:run(188)) - Starting JVM pause monitor
2019-07-13 17:11:50,694 INFO  datanode.InitDatanodeState (InitDatanodeState.java:persistContainerDatanodeDetails(140)) - DatanodeDetails is persisted to /tmp/workdir/hadoop-ozone/integration-test/target/test-dir/MiniOzoneClusterImpl-ef1d65e1-43c4-43f9-a937-32d38515eb07/datanode-0/meta/datanode.id
2019-07-13 17:11:51,688 INFO  ozone.MiniOzoneClusterImpl (MiniOzoneClusterImpl.java:lambda$waitForClusterToBeReady$0(142)) - Waiting for cluster to be ready. Got 0 of 1 DN Heartbeats.
2019-07-13 17:11:52,689 INFO  ozone.MiniOzoneClusterImpl (MiniOzoneClusterImpl.java:lambda$waitForClusterToBeReady$0(142)) - Waiting for cluster to be ready. Got 0 of 1 DN Heartbeats.
2019-07-13 17:11:52,715 INFO  ozoneimpl.OzoneContainer (OzoneContainer.java:start(186)) - Attempting to start container services.
2019-07-13 17:11:52,717 INFO  ozoneimpl.OzoneContainer (OzoneContainer.java:startContainerScrub(160)) - Background container scrubber has been disabled by hdds.containerscrub.enabled
2019-07-13 17:11:52,717 INFO  ratis.XceiverServerRatis (XceiverServerRatis.java:start(418)) - Starting XceiverServerRatis d2097e3f-5e0b-414b-a082-66e8b29d06c1 at port 0
2019-07-13 17:11:52,729 INFO  impl.RaftServerProxy (RaftServerProxy.java:lambda$start$3(299)) - d2097e3f-5e0b-414b-a082-66e8b29d06c1: start RPC server
2019-07-13 17:11:52,733 INFO  server.GrpcService (GrpcService.java:startImpl(149)) - d2097e3f-5e0b-414b-a082-66e8b29d06c1: GrpcService started, listening on 0.0.0.0/0.0.0.0:39035
2019-07-13 17:11:52,733 INFO  ratis.XceiverServerRatis (XceiverServerRatis.java:start(428)) - XceiverServerRatis d2097e3f-5e0b-414b-a082-66e8b29d06c1 is started using port 39035
2019-07-13 17:11:52,735 INFO  server.XceiverServerGrpc (XceiverServerGrpc.java:start(161)) - XceiverServerGrpc d2097e3f-5e0b-414b-a082-66e8b29d06c1 is started using port 44006
2019-07-13 17:11:53,690 INFO  ozone.MiniOzoneClusterImpl (MiniOzoneClusterImpl.java:lambda$waitForClusterToBeReady$0(142)) - Waiting for cluster to be ready. Got 0 of 1 DN Heartbeats.
2019-07-13 17:11:54,691 INFO  ozone.MiniOzoneClusterImpl (MiniOzoneClusterImpl.java:lambda$waitForClusterToBeReady$0(142)) - Waiting for cluster to be ready. Got 0 of 1 DN Heartbeats.
2019-07-13 17:11:54,695 INFO  net.NetworkTopology (NetworkTopologyImpl.java:add(110)) - Added a new node: /default-rack/192.168.5.187
2019-07-13 17:11:54,696 INFO  node.SCMNodeManager (SCMNodeManager.java:register(269)) - Registered Data node : d2097e3f-5e0b-414b-a082-66e8b29d06c1{ip: 192.168.5.187, host: trunk-nightly-z92hn-1831959607, networkLocation: /default-rack, certSerialId: null}
2019-07-13 17:11:54,699 INFO  safemode.SCMSafeModeManager (DataNodeSafeModeRule.java:process(71)) - SCM in safe mode. 1 DataNodes registered, 1 required.
2019-07-13 17:11:54,700 INFO  safemode.SCMSafeModeManager (SCMSafeModeManager.java:validateSafeModeExitRules(177)) - ScmSafeModeManager, all rules are successfully validated
2019-07-13 17:11:54,701 INFO  safemode.SCMSafeModeManager (SCMSafeModeManager.java:exitSafeMode(193)) - SCM exiting safe mode.
2019-07-13 17:11:54,720 INFO  impl.RaftServerProxy (RaftServerProxy.java:addNew(89)) - d2097e3f-5e0b-414b-a082-66e8b29d06c1: addNew group-7CA7839E86E4:[d2097e3f-5e0b-414b-a082-66e8b29d06c1:192.168.5.187:39035] returns group-7CA7839E86E4:java.util.concurrent.CompletableFuture@6123196a[Not completed]
2019-07-13 17:11:54,723 INFO  impl.RaftServerImpl (RaftServerImpl.java:<init>(93)) - d2097e3f-5e0b-414b-a082-66e8b29d06c1: new RaftServerImpl for group-7CA7839E86E4:[d2097e3f-5e0b-414b-a082-66e8b29d06c1:192.168.5.187:39035] with ContainerStateMachine:uninitialized
2019-07-13 17:11:54,726 INFO  server.RaftServerConfigKeys (ConfUtils.java:logGet(43)) - raft.server.rpc.timeout.min = 5s (custom)
2019-07-13 17:11:54,727 INFO  server.RaftServerConfigKeys (ConfUtils.java:logGet(43)) - raft.server.rpc.timeout.max = 5200ms (custom)
2019-07-13 17:11:54,727 INFO  server.RaftServerConfigKeys (ConfUtils.java:logGet(43)) - raft.server.rpcslowness.timeout = 120s (custom)
2019-07-13 17:11:54,727 INFO  server.RaftServerConfigKeys (ConfUtils.java:logGet(43)) - raft.server.sleep.deviation.threshold = 300 (default)
2019-07-13 17:11:54,727 INFO  server.RaftServerConfigKeys (ConfUtils.java:logGet(43)) - raft.server.log.appender.install.snapshot.enabled = false (custom)
2019-07-13 17:11:54,727 INFO  impl.RaftServerImpl (ServerState.java:<init>(105)) - d2097e3f-5e0b-414b-a082-66e8b29d06c1:group-7CA7839E86E4 ConfigurationManager, init=-1: [d2097e3f-5e0b-414b-a082-66e8b29d06c1:192.168.5.187:39035], old=null, confs=<EMPTY_MAP>
2019-07-13 17:11:54,728 INFO  server.RaftServerConfigKeys (ConfUtils.java:logGet(43)) - raft.server.storage.dir = [/tmp/workdir/hadoop-ozone/integration-test/target/test-dir/MiniOzoneClusterImpl-ef1d65e1-43c4-43f9-a937-32d38515eb07/datanode-0/data/ratis] (custom)
2019-07-13 17:11:54,728 INFO  storage.RaftStorageDirectory (RaftStorageDirectory.java:analyzeStorage(246)) - The storage directory /tmp/workdir/hadoop-ozone/integration-test/target/test-dir/MiniOzoneClusterImpl-ef1d65e1-43c4-43f9-a937-32d38515eb07/datanode-0/data/ratis/94468637-df94-4a03-adbb-7ca7839e86e4 does not exist. Creating ...
2019-07-13 17:11:54,742 INFO  storage.RaftStorageDirectory (RaftStorageDirectory.java:tryLock(328)) - Lock on /tmp/workdir/hadoop-ozone/integration-test/target/test-dir/MiniOzoneClusterImpl-ef1d65e1-43c4-43f9-a937-32d38515eb07/datanode-0/data/ratis/94468637-df94-4a03-adbb-7ca7839e86e4/in_use.lock acquired by nodename 25963@trunk-nightly-z92hn-1831959607
2019-07-13 17:11:54,755 INFO  storage.RaftStorage (RaftStorage.java:format(72)) - Storage directory /tmp/workdir/hadoop-ozone/integration-test/target/test-dir/MiniOzoneClusterImpl-ef1d65e1-43c4-43f9-a937-32d38515eb07/datanode-0/data/ratis/94468637-df94-4a03-adbb-7ca7839e86e4 has been successfully formatted.
2019-07-13 17:11:54,756 INFO  ratis.ContainerStateMachine (ContainerStateMachine.java:loadSnapshot(200)) - The snapshot info is null.Setting the last applied index to:(t:0, i:~)
2019-07-13 17:11:54,756 INFO  server.RaftServerConfigKeys (ConfUtils.java:logGet(43)) - raft.server.leader.election.timeout = 120s (custom)
2019-07-13 17:11:54,757 INFO  server.RaftServerConfigKeys (ConfUtils.java:logGet(43)) - raft.server.log.use.memory = false (default)
2019-07-13 17:11:54,757 INFO  server.RaftServerConfigKeys (ConfUtils.java:logGet(43)) - raft.server.log.purge.gap = 1000000000 (custom)
2019-07-13 17:11:54,757 INFO  server.RaftServerConfigKeys (ConfUtils.java:logGet(43)) - raft.server.log.appender.buffer.byte-limit = 33554432 (custom)
2019-07-13 17:11:54,757 INFO  server.RaftServerConfigKeys (ConfUtils.java:logGet(43)) - raft.server.log.segment.size.max = 1048576 (custom)
2019-07-13 17:11:54,758 INFO  server.RaftServerConfigKeys (ConfUtils.java:logGet(43)) - raft.server.log.segment.cache.num.max = 2 (custom)
2019-07-13 17:11:54,758 INFO  segmented.SegmentedRaftLogWorker (SegmentedRaftLogWorker.java:<init>(172)) - new d2097e3f-5e0b-414b-a082-66e8b29d06c1-SegmentedRaftLogWorker:Storage Directory /tmp/workdir/hadoop-ozone/integration-test/target/test-dir/MiniOzoneClusterImpl-ef1d65e1-43c4-43f9-a937-32d38515eb07/datanode-0/data/ratis/94468637-df94-4a03-adbb-7ca7839e86e4 for RaftStorage:Storage Directory /tmp/workdir/hadoop-ozone/integration-test/target/test-dir/MiniOzoneClusterImpl-ef1d65e1-43c4-43f9-a937-32d38515eb07/datanode-0/data/ratis/94468637-df94-4a03-adbb-7ca7839e86e4
2019-07-13 17:11:54,758 INFO  server.RaftServerConfigKeys (ConfUtils.java:logGet(43)) - raft.server.log.queue.byte-limit = 2147483647 (custom)
2019-07-13 17:11:54,758 INFO  server.RaftServerConfigKeys (ConfUtils.java:logGet(43)) - raft.server.log.queue.element-limit = 1024 (custom)
2019-07-13 17:11:54,759 INFO  server.RaftServerConfigKeys (ConfUtils.java:logGet(43)) - raft.server.log.segment.size.max = 1048576 (custom)
2019-07-13 17:11:54,759 INFO  server.RaftServerConfigKeys (ConfUtils.java:logGet(43)) - raft.server.log.preallocated.size = 16384 (custom)
2019-07-13 17:11:54,759 INFO  server.RaftServerConfigKeys (ConfUtils.java:logGet(43)) - raft.server.log.write.buffer.size = 33554432 (custom)
2019-07-13 17:11:54,760 INFO  server.RaftServerConfigKeys (ConfUtils.java:logGet(43)) - raft.server.log.force.sync.num = 128 (default)
2019-07-13 17:11:54,760 INFO  server.RaftServerConfigKeys (ConfUtils.java:logGet(43)) - raft.server.log.statemachine.data.sync = true (default)
2019-07-13 17:11:54,760 INFO  server.RaftServerConfigKeys (ConfUtils.java:logGet(43)) - raft.server.log.statemachine.data.sync.timeout = 10s (default)
2019-07-13 17:11:54,760 INFO  server.RaftServerConfigKeys (ConfUtils.java:logGet(43)) - raft.server.log.statemachine.data.sync.timeout.retry = -1 (default)
2019-07-13 17:11:54,761 INFO  server.RaftServerConfigKeys (ConfUtils.java:logGet(43)) - raft.server.log.statemachine.data.caching.enabled = true (custom)
2019-07-13 17:11:54,761 INFO  segmented.SegmentedRaftLogWorker (SegmentedRaftLogWorker.java:lambda$new$0(132)) - d2097e3f-5e0b-414b-a082-66e8b29d06c1-SegmentedRaftLogWorker:Storage Directory /tmp/workdir/hadoop-ozone/integration-test/target/test-dir/MiniOzoneClusterImpl-ef1d65e1-43c4-43f9-a937-32d38515eb07/datanode-0/data/ratis/94468637-df94-4a03-adbb-7ca7839e86e4: flushIndex: setUnconditionally 0 -> -1
2019-07-13 17:11:54,762 INFO  server.RaftServerConfigKeys (ConfUtils.java:logGet(43)) - raft.server.snapshot.auto.trigger.enabled = true (custom)
2019-07-13 17:11:54,762 INFO  server.RaftServerConfigKeys (ConfUtils.java:logGet(43)) - raft.server.snapshot.auto.trigger.threshold = 10000 (custom)
2019-07-13 17:11:54,762 INFO  server.RaftServerConfigKeys (ConfUtils.java:logGet(43)) - raft.server.retrycache.expirytime = 600000ms (custom)
2019-07-13 17:11:54,763 INFO  impl.RaftServerImpl (RaftServerImpl.java:start(180)) - d2097e3f-5e0b-414b-a082-66e8b29d06c1: start group-7CA7839E86E4
2019-07-13 17:11:54,763 INFO  impl.RaftServerImpl (RaftServerImpl.java:setRole(171)) - d2097e3f-5e0b-414b-a082-66e8b29d06c1:group-7CA7839E86E4 changes role from null to FOLLOWER at term 0 for startAsFollower
2019-07-13 17:11:54,763 INFO  impl.RoleInfo (RoleInfo.java:updateAndGet(143)) - d2097e3f-5e0b-414b-a082-66e8b29d06c1: start FollowerState
2019-07-13 17:11:54,764 INFO  util.JmxRegister (JmxRegister.java:tryRegister(44)) - Successfully registered JMX Bean with object name Ratis:service=RaftServer,group=group-7CA7839E86E4,id=d2097e3f-5e0b-414b-a082-66e8b29d06c1
2019-07-13 17:11:54,772 INFO  pipeline.PipelineStateManager (PipelineStateManager.java:addPipeline(56)) - Created pipeline Pipeline[ Id: 94468637-df94-4a03-adbb-7ca7839e86e4, Nodes: d2097e3f-5e0b-414b-a082-66e8b29d06c1{ip: 192.168.5.187, host: trunk-nightly-z92hn-1831959607, networkLocation: /default-rack, certSerialId: null}, Type:RATIS, Factor:ONE, State:OPEN]
2019-07-13 17:11:55,691 INFO  ozone.MiniOzoneClusterImpl (MiniOzoneClusterImpl.java:lambda$waitForClusterToBeReady$0(142)) - Cluster is ready. Got 1 of 1 DN Heartbeats.
2019-07-13 17:11:55,715 INFO  rpc.RpcClient (RpcClient.java:createVolume(289)) - Creating Volume: 0f03ba40-dbfb-462e-b8d5-4c6a3bca3ace, with bilbo as owner and quota set to 109951162777600 bytes.
2019-07-13 17:11:55,726 INFO  rpc.RpcClient (RpcClient.java:createBucket(424)) - Creating Bucket: 0f03ba40-dbfb-462e-b8d5-4c6a3bca3ace/8254f30f-0952-4e53-bbec-3b7e5bea7357, with Versioning false and Storage Type set to DISK and Encryption set to false 
2019-07-13 17:11:55,749 INFO  pipeline.PipelineStateManager (PipelineStateManager.java:addPipeline(56)) - Created pipeline Pipeline[ Id: 633c7881-2725-4f19-bb40-3da3048253fc, Nodes: d2097e3f-5e0b-414b-a082-66e8b29d06c1{ip: 192.168.5.187, host: trunk-nightly-z92hn-1831959607, networkLocation: /default-rack, certSerialId: null}, Type:STAND_ALONE, Factor:ONE, State:OPEN]
2019-07-13 17:11:55,872 INFO  pipeline.Pipeline (Pipeline.java:getProtobufMessage(195)) - Serialize pipeline PipelineID=633c7881-2725-4f19-bb40-3da3048253fc with nodesInOrder{ }
2019-07-13 17:11:55,873 INFO  pipeline.Pipeline (Pipeline.java:build(342)) - Deserialize nodesInOrder [d2097e3f-5e0b-414b-a082-66e8b29d06c1{ip: 192.168.5.187, host: trunk-nightly-z92hn-1831959607, networkLocation: /default-rack, certSerialId: null}] in pipeline PipelineID=633c7881-2725-4f19-bb40-3da3048253fc
2019-07-13 17:11:55,877 INFO  rpc.RpcClient (RpcClient.java:createVolume(289)) - Creating Volume: 2eac0e13-4be0-4343-b062-f2a435d2d8ed, with bilbo as owner and quota set to 109951162777600 bytes.
2019-07-13 17:11:55,882 INFO  rpc.RpcClient (RpcClient.java:createBucket(424)) - Creating Bucket: 2eac0e13-4be0-4343-b062-f2a435d2d8ed/41301401-3715-4708-83d6-fd0a6a029812, with Versioning false and Storage Type set to DISK and Encryption set to false 
2019-07-13 17:11:55,905 INFO  keyvalue.KeyValueHandler (ContainerUtils.java:logAndReturnError(146)) - Operation: CreateContainer : Trace ID: 2c00bd8323f0e49d:2c00bd8323f0e49d:0:0 : Message: Container creation failed, due to disk out of space : Result: DISK_OUT_OF_SPACE
17:11:55.905 [grpc-default-executor-0] ERROR DNAudit - user=null | ip=null | op=WRITE_CHUNK {blockData=conID: 2 locID: 102435252856291339 bcsId: 0} | ret=FAILURE
org.apache.hadoop.hdds.scm.container.common.helpers.StorageContainerException: ContainerID 2 creation failed
	at org.apache.hadoop.ozone.container.common.impl.HddsDispatcher.dispatchRequest(HddsDispatcher.java:227) [hadoop-hdds-container-service-0.5.0-SNAPSHOT.jar:?]
	at org.apache.hadoop.ozone.container.common.impl.HddsDispatcher.dispatch(HddsDispatcher.java:148) [hadoop-hdds-container-service-0.5.0-SNAPSHOT.jar:?]
	at org.apache.hadoop.ozone.container.common.transport.server.GrpcXceiverService$1.onNext(GrpcXceiverService.java:73) [hadoop-hdds-container-service-0.5.0-SNAPSHOT.jar:?]
	at org.apache.hadoop.ozone.container.common.transport.server.GrpcXceiverService$1.onNext(GrpcXceiverService.java:61) [hadoop-hdds-container-service-0.5.0-SNAPSHOT.jar:?]
	at org.apache.ratis.thirdparty.io.grpc.stub.ServerCalls$StreamingServerCallHandler$StreamingServerCallListener.onMessage(ServerCalls.java:248) [ratis-thirdparty-misc-0.2.0.jar:0.2.0]
	at org.apache.ratis.thirdparty.io.grpc.ForwardingServerCallListener.onMessage(ForwardingServerCallListener.java:33) [ratis-thirdparty-misc-0.2.0.jar:0.2.0]
	at org.apache.ratis.thirdparty.io.grpc.Contexts$ContextualizedServerCallListener.onMessage(Contexts.java:76) [ratis-thirdparty-misc-0.2.0.jar:0.2.0]
	at org.apache.ratis.thirdparty.io.grpc.ForwardingServerCallListener.onMessage(ForwardingServerCallListener.java:33) [ratis-thirdparty-misc-0.2.0.jar:0.2.0]
	at org.apache.hadoop.hdds.tracing.GrpcServerInterceptor$1.onMessage(GrpcServerInterceptor.java:46) [hadoop-hdds-common-0.5.0-SNAPSHOT.jar:?]
	at org.apache.ratis.thirdparty.io.grpc.internal.ServerCallImpl$ServerStreamListenerImpl.messagesAvailable(ServerCallImpl.java:263) [ratis-thirdparty-misc-0.2.0.jar:0.2.0]
	at org.apache.ratis.thirdparty.io.grpc.internal.ServerImpl$JumpToApplicationThreadServerStreamListener$1MessagesAvailable.runInContext(ServerImpl.java:686) [ratis-thirdparty-misc-0.2.0.jar:0.2.0]
	at org.apache.ratis.thirdparty.io.grpc.internal.ContextRunnable.run(ContextRunnable.java:37) [ratis-thirdparty-misc-0.2.0.jar:0.2.0]
	at org.apache.ratis.thirdparty.io.grpc.internal.SerializingExecutor.run(SerializingExecutor.java:123) [ratis-thirdparty-misc-0.2.0.jar:0.2.0]
	at java.util.concurrent.ThreadPoolExecutor.runWorker(ThreadPoolExecutor.java:1149) [?:1.8.0_212]
	at java.util.concurrent.ThreadPoolExecutor$Worker.run(ThreadPoolExecutor.java:624) [?:1.8.0_212]
	at java.lang.Thread.run(Thread.java:748) [?:1.8.0_212]
2019-07-13 17:11:55,907 INFO  impl.HddsDispatcher (ContainerUtils.java:logAndReturnError(146)) - Operation: WriteChunk : Trace ID: 2c00bd8323f0e49d:2c00bd8323f0e49d:0:0 : Message: ContainerID 2 creation failed : Result: DISK_OUT_OF_SPACE
2019-07-13 17:11:55,909 ERROR storage.BlockOutputStream (BlockOutputStream.java:validateResponse(539)) - Unexpected Storage Container Exception: 
org.apache.hadoop.hdds.scm.container.common.helpers.StorageContainerException: ContainerID 2 creation failed
	at org.apache.hadoop.hdds.scm.storage.ContainerProtocolCalls.validateContainerResponse(ContainerProtocolCalls.java:536)
	at org.apache.hadoop.hdds.scm.storage.BlockOutputStream.validateResponse(BlockOutputStream.java:537)
	at org.apache.hadoop.hdds.scm.storage.BlockOutputStream.lambda$writeChunkToContainer$2(BlockOutputStream.java:615)
	at java.util.concurrent.CompletableFuture.uniApply(CompletableFuture.java:602)
	at java.util.concurrent.CompletableFuture$UniApply.tryFire(CompletableFuture.java:577)
	at java.util.concurrent.CompletableFuture$Completion.run(CompletableFuture.java:442)
	at java.util.concurrent.ThreadPoolExecutor.runWorker(ThreadPoolExecutor.java:1149)
	at java.util.concurrent.ThreadPoolExecutor$Worker.run(ThreadPoolExecutor.java:624)
	at java.lang.Thread.run(Thread.java:748)
17:11:55.913 [grpc-default-executor-0] ERROR DNAudit - user=null | ip=null | op=PUT_BLOCK {blockData=[blockId=conID: 2 locID: 102435252856291339 bcsId: 0,size=1024]} | ret=FAILURE
org.apache.hadoop.hdds.scm.container.common.helpers.StorageContainerException: ContainerID 2 does not exist
	at org.apache.hadoop.ozone.container.common.impl.HddsDispatcher.dispatchRequest(HddsDispatcher.java:242) [hadoop-hdds-container-service-0.5.0-SNAPSHOT.jar:?]
	at org.apache.hadoop.ozone.container.common.impl.HddsDispatcher.dispatch(HddsDispatcher.java:148) [hadoop-hdds-container-service-0.5.0-SNAPSHOT.jar:?]
	at org.apache.hadoop.ozone.container.common.transport.server.GrpcXceiverService$1.onNext(GrpcXceiverService.java:73) [hadoop-hdds-container-service-0.5.0-SNAPSHOT.jar:?]
	at org.apache.hadoop.ozone.container.common.transport.server.GrpcXceiverService$1.onNext(GrpcXceiverService.java:61) [hadoop-hdds-container-service-0.5.0-SNAPSHOT.jar:?]
	at org.apache.ratis.thirdparty.io.grpc.stub.ServerCalls$StreamingServerCallHandler$StreamingServerCallListener.onMessage(ServerCalls.java:248) [ratis-thirdparty-misc-0.2.0.jar:0.2.0]
	at org.apache.ratis.thirdparty.io.grpc.ForwardingServerCallListener.onMessage(ForwardingServerCallListener.java:33) [ratis-thirdparty-misc-0.2.0.jar:0.2.0]
	at org.apache.ratis.thirdparty.io.grpc.Contexts$ContextualizedServerCallListener.onMessage(Contexts.java:76) [ratis-thirdparty-misc-0.2.0.jar:0.2.0]
	at org.apache.ratis.thirdparty.io.grpc.ForwardingServerCallListener.onMessage(ForwardingServerCallListener.java:33) [ratis-thirdparty-misc-0.2.0.jar:0.2.0]
	at org.apache.hadoop.hdds.tracing.GrpcServerInterceptor$1.onMessage(GrpcServerInterceptor.java:46) [hadoop-hdds-common-0.5.0-SNAPSHOT.jar:?]
	at org.apache.ratis.thirdparty.io.grpc.internal.ServerCallImpl$ServerStreamListenerImpl.messagesAvailable(ServerCallImpl.java:263) [ratis-thirdparty-misc-0.2.0.jar:0.2.0]
	at org.apache.ratis.thirdparty.io.grpc.internal.ServerImpl$JumpToApplicationThreadServerStreamListener$1MessagesAvailable.runInContext(ServerImpl.java:686) [ratis-thirdparty-misc-0.2.0.jar:0.2.0]
	at org.apache.ratis.thirdparty.io.grpc.internal.ContextRunnable.run(ContextRunnable.java:37) [ratis-thirdparty-misc-0.2.0.jar:0.2.0]
	at org.apache.ratis.thirdparty.io.grpc.internal.SerializingExecutor.run(SerializingExecutor.java:123) [ratis-thirdparty-misc-0.2.0.jar:0.2.0]
	at java.util.concurrent.ThreadPoolExecutor.runWorker(ThreadPoolExecutor.java:1149) [?:1.8.0_212]
	at java.util.concurrent.ThreadPoolExecutor$Worker.run(ThreadPoolExecutor.java:624) [?:1.8.0_212]
	at java.lang.Thread.run(Thread.java:748) [?:1.8.0_212]
2019-07-13 17:11:55,914 INFO  impl.HddsDispatcher (ContainerUtils.java:logAndReturnError(146)) - Operation: PutBlock : Trace ID: bafed4bd25f54c82:bafed4bd25f54c82:0:0 : Message: ContainerID 2 does not exist : Result: CONTAINER_NOT_FOUND
2019-07-13 17:11:55,918 INFO  ozone.MiniOzoneClusterImpl (MiniOzoneClusterImpl.java:shutdown(321)) - Shutting down the Mini Ozone Cluster
2019-07-13 17:11:55,919 INFO  ozone.MiniOzoneClusterImpl (MiniOzoneClusterImpl.java:stop(336)) - Stopping the Mini Ozone Cluster
2019-07-13 17:11:55,919 INFO  ozone.MiniOzoneClusterImpl (MiniOzoneClusterImpl.java:stop(338)) - Stopping the OzoneManager
2019-07-13 17:11:55,919 INFO  ipc.Server (Server.java:stop(3082)) - Stopping server on 39662
2019-07-13 17:11:55,926 INFO  ipc.Server (Server.java:run(1185)) - Stopping IPC Server listener on 39662
2019-07-13 17:11:55,926 INFO  utils.BackgroundService (BackgroundService.java:shutdown(148)) - Shutting down service KeyDeletingService
2019-07-13 17:11:55,927 INFO  ipc.Server (Server.java:run(1319)) - Stopping IPC Server Responder
2019-07-13 17:11:55,938 INFO  handler.ContextHandler (ContextHandler.java:doStop(910)) - Stopped o.e.j.w.WebAppContext@2c7c01e4{/,null,UNAVAILABLE}{/ozoneManager}
2019-07-13 17:11:55,939 INFO  server.AbstractConnector (AbstractConnector.java:doStop(318)) - Stopped ServerConnector@1cb5f9c3{HTTP/1.1,[http/1.1]}{0.0.0.0:0}
2019-07-13 17:11:55,939 INFO  handler.ContextHandler (ContextHandler.java:doStop(910)) - Stopped o.e.j.s.ServletContextHandler@3cbd2fb8{/static,file:///tmp/workdir/hadoop-ozone/integration-test/target/test-classes/webapps/static,UNAVAILABLE}
2019-07-13 17:11:55,940 INFO  handler.ContextHandler (ContextHandler.java:doStop(910)) - Stopped o.e.j.s.ServletContextHandler@66dacec9{/logs,file:///tmp/workdir/hadoop-ozone/integration-test/target/log,UNAVAILABLE}
2019-07-13 17:11:55,952 INFO  ozone.MiniOzoneClusterImpl (MiniOzoneClusterImpl.java:stop(344)) - Shutting the HddsDatanodes
2019-07-13 17:11:55,953 INFO  datanode.ObjectStoreHandler (ObjectStoreHandler.java:close(155)) - Closing ObjectStoreHandler.
2019-07-13 17:11:55,954 INFO  ozone.HddsDatanodeService (HddsDatanodeService.java:stop(452)) - Stopped plug-in org.apache.hadoop.ozone.web.OzoneHddsDatanodeService@5f61c5ed
2019-07-13 17:11:56,813 INFO  statemachine.DatanodeStateMachine (DatanodeStateMachine.java:lambda$startDaemon$0(350)) - Ozone container server started.
2019-07-13 17:11:57,702 INFO  container.ReplicationManager (ReplicationManager.java:start(155)) - Starting Replication Monitor Thread.
2019-07-13 17:11:57,704 INFO  container.ReplicationManager (ReplicationManager.java:run(207)) - Replication Monitor Thread took 1 milliseconds for processing 2 containers.
2019-07-13 17:11:59,928 INFO  impl.FollowerState (FollowerState.java:run(106)) - d2097e3f-5e0b-414b-a082-66e8b29d06c1:group-7CA7839E86E4 changes to CANDIDATE, lastRpcTime:5164, electionTimeout:5164ms
2019-07-13 17:11:59,929 INFO  impl.RoleInfo (RoleInfo.java:shutdownFollowerState(121)) - d2097e3f-5e0b-414b-a082-66e8b29d06c1: shutdown FollowerState
2019-07-13 17:11:59,930 INFO  impl.RaftServerImpl (RaftServerImpl.java:setRole(171)) - d2097e3f-5e0b-414b-a082-66e8b29d06c1:group-7CA7839E86E4 changes role from FOLLOWER to CANDIDATE at term 0 for changeToCandidate
2019-07-13 17:11:59,930 INFO  impl.RoleInfo (RoleInfo.java:updateAndGet(143)) - d2097e3f-5e0b-414b-a082-66e8b29d06c1: start LeaderElection
2019-07-13 17:11:59,947 INFO  impl.LeaderElection (LeaderElection.java:askForVotes(181)) - d2097e3f-5e0b-414b-a082-66e8b29d06c1:group-7CA7839E86E4:LeaderElection3: begin an election at term 1 for -1: [d2097e3f-5e0b-414b-a082-66e8b29d06c1:192.168.5.187:39035], old=null
2019-07-13 17:11:59,947 INFO  impl.RoleInfo (RoleInfo.java:shutdownLeaderElection(134)) - d2097e3f-5e0b-414b-a082-66e8b29d06c1: shutdown LeaderElection
2019-07-13 17:11:59,947 INFO  impl.RaftServerImpl (RaftServerImpl.java:setRole(171)) - d2097e3f-5e0b-414b-a082-66e8b29d06c1:group-7CA7839E86E4 changes role from CANDIDATE to LEADER at term 1 for changeToLeader
2019-07-13 17:11:59,947 INFO  impl.RaftServerImpl (ServerState.java:setLeader(263)) - d2097e3f-5e0b-414b-a082-66e8b29d06c1:group-7CA7839E86E4 change Leader from null to d2097e3f-5e0b-414b-a082-66e8b29d06c1 at term 1 for becomeLeader, leader elected after 5190ms
2019-07-13 17:11:59,948 INFO  server.RaftServerConfigKeys (ConfUtils.java:logGet(43)) - raft.server.staging.catchup.gap = 1000 (default)
2019-07-13 17:11:59,949 INFO  server.RaftServerConfigKeys (ConfUtils.java:logGet(43)) - raft.server.rpc.sleep.time = 25ms (default)
2019-07-13 17:11:59,949 INFO  server.RaftServerConfigKeys (ConfUtils.java:logGet(43)) - raft.server.write.element-limit = 4096 (default)
2019-07-13 17:11:59,949 INFO  server.RaftServerConfigKeys (ConfUtils.java:logGet(43)) - raft.server.watch.timeout = 10s (default)
2019-07-13 17:11:59,949 INFO  server.RaftServerConfigKeys (ConfUtils.java:logGet(43)) - raft.server.watch.timeout.denomination = 1s (default)
2019-07-13 17:11:59,949 INFO  server.RaftServerConfigKeys (ConfUtils.java:logGet(43)) - raft.server.watch.element-limit = 65536 (default)
2019-07-13 17:11:59,950 INFO  impl.RoleInfo (RoleInfo.java:updateAndGet(143)) - d2097e3f-5e0b-414b-a082-66e8b29d06c1: start LeaderState
2019-07-13 17:11:59,951 INFO  segmented.SegmentedRaftLogWorker (SegmentedRaftLogWorker.java:startLogSegment(380)) - d2097e3f-5e0b-414b-a082-66e8b29d06c1-SegmentedRaftLogWorker:Storage Directory /tmp/workdir/hadoop-ozone/integration-test/target/test-dir/MiniOzoneClusterImpl-ef1d65e1-43c4-43f9-a937-32d38515eb07/datanode-0/data/ratis/94468637-df94-4a03-adbb-7ca7839e86e4: Starting segment from index:0
2019-07-13 17:11:59,952 INFO  impl.RaftServerImpl (ServerState.java:setRaftConf(361)) - d2097e3f-5e0b-414b-a082-66e8b29d06c1:group-7CA7839E86E4 set configuration 0: [d2097e3f-5e0b-414b-a082-66e8b29d06c1:192.168.5.187:39035], old=null at 0
2019-07-13 17:11:59,983 INFO  segmented.SegmentedRaftLogWorker (SegmentedRaftLogWorker.java:execute(569)) - d2097e3f-5e0b-414b-a082-66e8b29d06c1-SegmentedRaftLogWorker:Storage Directory /tmp/workdir/hadoop-ozone/integration-test/target/test-dir/MiniOzoneClusterImpl-ef1d65e1-43c4-43f9-a937-32d38515eb07/datanode-0/data/ratis/94468637-df94-4a03-adbb-7ca7839e86e4: created new log segment /tmp/workdir/hadoop-ozone/integration-test/target/test-dir/MiniOzoneClusterImpl-ef1d65e1-43c4-43f9-a937-32d38515eb07/datanode-0/data/ratis/94468637-df94-4a03-adbb-7ca7839e86e4/current/log_inprogress_0
2019-07-13 17:12:00,956 INFO  ozoneimpl.OzoneContainer (OzoneContainer.java:stop(199)) - Attempting to stop container services.
2019-07-13 17:12:00,956 INFO  impl.RaftServerProxy (RaftServerProxy.java:lambda$close$4(314)) - d2097e3f-5e0b-414b-a082-66e8b29d06c1: close
2019-07-13 17:12:00,957 INFO  impl.RaftServerImpl (RaftServerImpl.java:lambda$shutdown$3(245)) - d2097e3f-5e0b-414b-a082-66e8b29d06c1: shutdown group-7CA7839E86E4
2019-07-13 17:12:00,957 INFO  util.JmxRegister (JmxRegister.java:unregister(73)) - Successfully un-registered JMX Bean with object name Ratis:service=RaftServer,group=group-7CA7839E86E4,id=d2097e3f-5e0b-414b-a082-66e8b29d06c1
2019-07-13 17:12:00,958 INFO  impl.RoleInfo (RoleInfo.java:shutdownLeaderState(104)) - d2097e3f-5e0b-414b-a082-66e8b29d06c1: shutdown LeaderState
2019-07-13 17:12:00,958 INFO  impl.PendingRequests (PendingRequests.java:sendNotLeaderResponses(202)) - d2097e3f-5e0b-414b-a082-66e8b29d06c1-PendingRequests: sendNotLeaderResponses
2019-07-13 17:12:00,960 INFO  impl.StateMachineUpdater (StateMachineUpdater.java:stopAndJoin(115)) - StateMachineUpdater:d2097e3f-5e0b-414b-a082-66e8b29d06c1:group-7CA7839E86E4: set stopIndex = 0
2019-07-13 17:12:00,961 INFO  ratis.ContainerStateMachine (ContainerStateMachine.java:takeSnapshot(246)) - Taking snapshot at termIndex:(t:0, i:~)
2019-07-13 17:12:00,962 INFO  impl.RaftServerImpl (ServerState.java:close(394)) - d2097e3f-5e0b-414b-a082-66e8b29d06c1:group-7CA7839E86E4 closes. The last applied log index is 0
2019-07-13 17:12:00,962 INFO  segmented.SegmentedRaftLogWorker (SegmentedRaftLogWorker.java:run(313)) - d2097e3f-5e0b-414b-a082-66e8b29d06c1-SegmentedRaftLogWorker:Storage Directory /tmp/workdir/hadoop-ozone/integration-test/target/test-dir/MiniOzoneClusterImpl-ef1d65e1-43c4-43f9-a937-32d38515eb07/datanode-0/data/ratis/94468637-df94-4a03-adbb-7ca7839e86e4 was interrupted, exiting. There are 0 tasks remaining in the queue.
2019-07-13 17:12:00,964 INFO  segmented.SegmentedRaftLogWorker (SegmentedRaftLogWorker.java:close(228)) - d2097e3f-5e0b-414b-a082-66e8b29d06c1-SegmentedRaftLogWorker:Storage Directory /tmp/workdir/hadoop-ozone/integration-test/target/test-dir/MiniOzoneClusterImpl-ef1d65e1-43c4-43f9-a937-32d38515eb07/datanode-0/data/ratis/94468637-df94-4a03-adbb-7ca7839e86e4 close()
2019-07-13 17:12:00,966 INFO  server.GrpcService (GrpcService.java:closeImpl(155)) - d2097e3f-5e0b-414b-a082-66e8b29d06c1: shutdown server with port 39035 now
2019-07-13 17:12:00,967 INFO  server.GrpcService (GrpcService.java:closeImpl(163)) - d2097e3f-5e0b-414b-a082-66e8b29d06c1: shutdown server with port 39035 successfully
2019-07-13 17:12:00,976 INFO  utils.BackgroundService (BackgroundService.java:shutdown(148)) - Shutting down service BlockDeletingService
2019-07-13 17:12:00,978 WARN  fs.CachingGetSpaceUsed (CachingGetSpaceUsed.java:run(183)) - Thread Interrupted waiting to refresh disk information: sleep interrupted
2019-07-13 17:12:00,997 INFO  statemachine.DatanodeStateMachine (DatanodeStateMachine.java:stopDaemon(395)) - Ozone container server stopped.
2019-07-13 17:12:00,998 INFO  handler.ContextHandler (ContextHandler.java:doStop(910)) - Stopped o.e.j.w.WebAppContext@242a9b5d{/,null,UNAVAILABLE}{/hddsDatanode}
2019-07-13 17:12:00,999 INFO  server.AbstractConnector (AbstractConnector.java:doStop(318)) - Stopped ServerConnector@6b7c3a14{HTTP/1.1,[http/1.1]}{0.0.0.0:0}
2019-07-13 17:12:00,999 INFO  handler.ContextHandler (ContextHandler.java:doStop(910)) - Stopped o.e.j.s.ServletContextHandler@5940f102{/static,jar:file:/home/user/.m2/repository/org/apache/hadoop/hadoop-hdds-container-service/0.5.0-SNAPSHOT/hadoop-hdds-container-service-0.5.0-SNAPSHOT.jar!/webapps/static,UNAVAILABLE}
2019-07-13 17:12:01,000 INFO  handler.ContextHandler (ContextHandler.java:doStop(910)) - Stopped o.e.j.s.ServletContextHandler@32125003{/logs,file:///tmp/workdir/hadoop-ozone/integration-test/target/log,UNAVAILABLE}
2019-07-13 17:12:01,001 INFO  ozone.MiniOzoneClusterImpl (MiniOzoneClusterImpl.java:stop(353)) - Stopping the StorageContainerManager
2019-07-13 17:12:01,001 INFO  server.StorageContainerManager (StorageContainerManager.java:stop(796)) - Stopping Replication Manager Service.
2019-07-13 17:12:01,001 INFO  container.ReplicationManager (ReplicationManager.java:stop(187)) - Stopping Replication Monitor Thread.
2019-07-13 17:12:01,001 INFO  server.StorageContainerManager (StorageContainerManager.java:stop(803)) - Stopping Lease Manager of the command watchers
2019-07-13 17:12:01,001 INFO  server.StorageContainerManager (StorageContainerManager.java:stop(810)) - Stopping datanode service RPC server
2019-07-13 17:12:01,001 INFO  server.SCMDatanodeProtocolServer (SCMDatanodeProtocolServer.java:stop(375)) - Stopping the RPC server for DataNodes
2019-07-13 17:12:01,001 INFO  ipc.Server (Server.java:stop(3082)) - Stopping server on 38459
2019-07-13 17:12:01,003 INFO  ipc.Server (Server.java:run(1185)) - Stopping IPC Server listener on 38459
2019-07-13 17:12:01,004 INFO  ipc.Server (Server.java:run(1319)) - Stopping IPC Server Responder
2019-07-13 17:12:01,708 WARN  node.NodeStateManager (NodeStateManager.java:scheduleNextHealthCheck(631)) - Current Thread is interrupted, shutting down HB processing thread for Node Manager.
2019-07-13 17:12:01,708 INFO  server.StorageContainerManager (StorageContainerManager.java:stop(818)) - Stopping block service RPC server
2019-07-13 17:12:01,709 INFO  server.SCMBlockProtocolServer (SCMBlockProtocolServer.java:stop(148)) - Stopping the RPC server for Block Protocol
2019-07-13 17:12:01,709 INFO  ipc.Server (Server.java:stop(3082)) - Stopping server on 33163
2019-07-13 17:12:01,711 INFO  ipc.Server (Server.java:run(1185)) - Stopping IPC Server listener on 33163
2019-07-13 17:12:01,711 INFO  server.StorageContainerManager (StorageContainerManager.java:stop(825)) - Stopping the StorageContainerLocationProtocol RPC server
2019-07-13 17:12:01,711 INFO  server.SCMClientProtocolServer (SCMClientProtocolServer.java:stop(157)) - Stopping the RPC server for Client Protocol
2019-07-13 17:12:01,715 INFO  ipc.Server (Server.java:run(1319)) - Stopping IPC Server Responder
2019-07-13 17:12:01,715 INFO  ipc.Server (Server.java:stop(3082)) - Stopping server on 35729
2019-07-13 17:12:01,716 INFO  ipc.Server (Server.java:run(1185)) - Stopping IPC Server listener on 35729
2019-07-13 17:12:01,716 INFO  server.StorageContainerManager (StorageContainerManager.java:stop(832)) - Stopping Storage Container Manager HTTP server.
2019-07-13 17:12:01,718 INFO  ipc.Server (Server.java:run(1319)) - Stopping IPC Server Responder
2019-07-13 17:12:01,719 INFO  handler.ContextHandler (ContextHandler.java:doStop(910)) - Stopped o.e.j.w.WebAppContext@696ad30e{/,null,UNAVAILABLE}{/scm}
2019-07-13 17:12:01,720 INFO  server.AbstractConnector (AbstractConnector.java:doStop(318)) - Stopped ServerConnector@30b5e640{HTTP/1.1,[http/1.1]}{0.0.0.0:0}
2019-07-13 17:12:01,720 INFO  handler.ContextHandler (ContextHandler.java:doStop(910)) - Stopped o.e.j.s.ServletContextHandler@2ad808a5{/static,file:///tmp/workdir/hadoop-ozone/integration-test/target/test-classes/webapps/static,UNAVAILABLE}
2019-07-13 17:12:01,721 INFO  handler.ContextHandler (ContextHandler.java:doStop(910)) - Stopped o.e.j.s.ServletContextHandler@4857bbca{/logs,file:///tmp/workdir/hadoop-ozone/integration-test/target/log,UNAVAILABLE}
2019-07-13 17:12:01,722 INFO  server.StorageContainerManager (StorageContainerManager.java:stop(843)) - Stopping Block Manager Service.
2019-07-13 17:12:01,723 INFO  utils.BackgroundService (BackgroundService.java:shutdown(148)) - Shutting down service SCMBlockDeletingService
2019-07-13 17:12:01,723 INFO  utils.BackgroundService (BackgroundService.java:shutdown(148)) - Shutting down service SCMBlockDeletingService
2019-07-13 17:12:01,723 INFO  server.StorageContainerManager (StorageContainerManager.java:stop(865)) - Stopping SCM Event Queue.
2019-07-13 17:12:01,728 INFO  impl.MetricsSystemImpl (MetricsSystemImpl.java:stop(210)) - Stopping HddsDatanode metrics system...
2019-07-13 17:12:01,732 INFO  impl.MetricsSystemImpl (MetricsSystemImpl.java:stop(216)) - HddsDatanode metrics system stopped.
]]></system-out>
    <system-err><![CDATA[Jul 13, 2019 5:11:50 PM com.sun.jersey.server.impl.application.WebApplicationImpl _initiate
INFO: Initiating Jersey application, version 'Jersey: 1.19 02/11/2015 03:25 AM'
]]></system-err>
  </testcase>
  <testcase name="testDeleteKey" classname="org.apache.hadoop.ozone.web.client.TestKeys" time="0">
    <skipped message="Until delete background service is fixed."/>
  </testcase>
  <testcase name="testPutAndDeleteKey" classname="org.apache.hadoop.ozone.web.client.TestKeys" time="12.22">
    <error message="Unexpected Storage Container Exception: org.apache.hadoop.hdds.scm.container.common.helpers.StorageContainerException: ContainerID 2 creation failed" type="java.io.IOException">java.io.IOException: Unexpected Storage Container Exception: org.apache.hadoop.hdds.scm.container.common.helpers.StorageContainerException: ContainerID 2 creation failed
	at org.apache.hadoop.hdds.scm.storage.BlockOutputStream.setIoException(BlockOutputStream.java:549)
	at org.apache.hadoop.hdds.scm.storage.BlockOutputStream.validateResponse(BlockOutputStream.java:540)
	at org.apache.hadoop.hdds.scm.storage.BlockOutputStream.lambda$writeChunkToContainer$2(BlockOutputStream.java:615)
	at java.util.concurrent.CompletableFuture.uniApply(CompletableFuture.java:602)
	at java.util.concurrent.CompletableFuture$UniApply.tryFire(CompletableFuture.java:577)
	at java.util.concurrent.CompletableFuture$Completion.run(CompletableFuture.java:442)
	at java.util.concurrent.ThreadPoolExecutor.runWorker(ThreadPoolExecutor.java:1149)
	at java.util.concurrent.ThreadPoolExecutor$Worker.run(ThreadPoolExecutor.java:624)
	at java.lang.Thread.run(Thread.java:748)
Caused by: org.apache.hadoop.hdds.scm.container.common.helpers.StorageContainerException: ContainerID 2 creation failed
	at org.apache.hadoop.hdds.scm.storage.ContainerProtocolCalls.validateContainerResponse(ContainerProtocolCalls.java:536)
	at org.apache.hadoop.hdds.scm.storage.BlockOutputStream.validateResponse(BlockOutputStream.java:537)
	... 7 more
</error>
    <system-out><![CDATA[2019-07-13 17:12:01,767 WARN  server.ServerUtils (ServerUtils.java:getScmDbDir(145)) - ozone.scm.db.dirs is not configured. We recommend adding this setting. Falling back to ozone.metadata.dirs instead.
2019-07-13 17:12:01,786 WARN  server.ServerUtils (ServerUtils.java:getScmDbDir(145)) - ozone.scm.db.dirs is not configured. We recommend adding this setting. Falling back to ozone.metadata.dirs instead.
2019-07-13 17:12:01,787 WARN  server.ServerUtils (ServerUtils.java:getScmDbDir(145)) - ozone.scm.db.dirs is not configured. We recommend adding this setting. Falling back to ozone.metadata.dirs instead.
2019-07-13 17:12:01,787 INFO  db.DBStoreBuilder (DBStoreBuilder.java:addTable(110)) - using custom profile for table: deletedBlocks
2019-07-13 17:12:01,787 INFO  db.DBStoreBuilder (DBStoreBuilder.java:processTables(161)) - Using default column profile:DBProfile.DISK for Table:deletedBlocks
2019-07-13 17:12:01,788 INFO  db.DBStoreBuilder (DBStoreBuilder.java:addTable(110)) - using custom profile for table: validCerts
2019-07-13 17:12:01,788 INFO  db.DBStoreBuilder (DBStoreBuilder.java:processTables(161)) - Using default column profile:DBProfile.DISK for Table:validCerts
2019-07-13 17:12:01,788 INFO  db.DBStoreBuilder (DBStoreBuilder.java:addTable(110)) - using custom profile for table: revokedCerts
2019-07-13 17:12:01,788 INFO  db.DBStoreBuilder (DBStoreBuilder.java:processTables(161)) - Using default column profile:DBProfile.DISK for Table:revokedCerts
2019-07-13 17:12:01,789 INFO  db.DBStoreBuilder (DBStoreBuilder.java:addTable(110)) - using custom profile for table: default
2019-07-13 17:12:01,789 INFO  db.DBStoreBuilder (DBStoreBuilder.java:processTables(167)) - Using default column profile:DBProfile.DISK for Table:default
2019-07-13 17:12:01,789 INFO  db.DBStoreBuilder (DBStoreBuilder.java:getDbProfile(198)) - Using default options. DBProfile.DISK
2019-07-13 17:12:01,934 INFO  net.NodeSchemaLoader (NodeSchemaLoader.java:loadSchemaFromFile(125)) - Loading file from sun.misc.CompoundEnumeration@87c10d1
2019-07-13 17:12:01,935 INFO  net.NodeSchemaLoader (NodeSchemaLoader.java:loadSchema(171)) - Loading network topology layer schema file
2019-07-13 17:12:01,941 INFO  node.SCMNodeManager (SCMNodeManager.java:<init>(119)) - Entering startup safe mode.
2019-07-13 17:12:01,942 WARN  server.ServerUtils (ServerUtils.java:getScmDbDir(145)) - ozone.scm.db.dirs is not configured. We recommend adding this setting. Falling back to ozone.metadata.dirs instead.
2019-07-13 17:12:01,981 INFO  pipeline.SCMPipelineManager (SCMPipelineManager.java:initializePipelineState(126)) - No pipeline exists in current db
2019-07-13 17:12:01,981 WARN  server.ServerUtils (ServerUtils.java:getScmDbDir(145)) - ozone.scm.db.dirs is not configured. We recommend adding this setting. Falling back to ozone.metadata.dirs instead.
2019-07-13 17:12:02,032 WARN  events.EventQueue (EventQueue.java:fireEvent(175)) - No event handler registered for event TypedEvent{payloadType=SafeModeStatus, name='SafeModeStatus'}
2019-07-13 17:12:02,033 INFO  ipc.CallQueueManager (CallQueueManager.java:<init>(84)) - Using callQueue: class java.util.concurrent.LinkedBlockingQueue, queueCapacity: 2000, scheduler: class org.apache.hadoop.ipc.DefaultRpcScheduler, ipcBackoff: false.
2019-07-13 17:12:02,034 INFO  ipc.Server (Server.java:run(1074)) - Starting Socket Reader #1 for port 34125
2019-07-13 17:12:02,036 INFO  ipc.CallQueueManager (CallQueueManager.java:<init>(84)) - Using callQueue: class java.util.concurrent.LinkedBlockingQueue, queueCapacity: 2000, scheduler: class org.apache.hadoop.ipc.DefaultRpcScheduler, ipcBackoff: false.
2019-07-13 17:12:02,037 INFO  ipc.Server (Server.java:run(1074)) - Starting Socket Reader #1 for port 35418
2019-07-13 17:12:02,038 INFO  ipc.CallQueueManager (CallQueueManager.java:<init>(84)) - Using callQueue: class java.util.concurrent.LinkedBlockingQueue, queueCapacity: 2000, scheduler: class org.apache.hadoop.ipc.DefaultRpcScheduler, ipcBackoff: false.
2019-07-13 17:12:02,039 INFO  ipc.Server (Server.java:run(1074)) - Starting Socket Reader #1 for port 36663
2019-07-13 17:12:02,043 INFO  hdfs.DFSUtil (DFSUtil.java:httpServerTemplateForNNAndJN(1641)) - Starting Web-server for scm at: http://0.0.0.0:0
2019-07-13 17:12:02,045 INFO  server.AuthenticationFilter (AuthenticationFilter.java:constructSecretProvider(240)) - Unable to initialize FileSignerSecretProvider, falling back to use random secrets.
2019-07-13 17:12:02,046 WARN  http.HttpRequestLog (HttpRequestLog.java:getRequestLog(97)) - Jetty request log can only be enabled using Log4j
2019-07-13 17:12:02,051 INFO  http.HttpServer2 (HttpServer2.java:addGlobalFilter(975)) - Added global filter 'safety' (class=org.apache.hadoop.http.HttpServer2$QuotingInputFilter)
2019-07-13 17:12:02,052 INFO  http.HttpServer2 (HttpServer2.java:addFilter(948)) - Added filter static_user_filter (class=org.apache.hadoop.http.lib.StaticUserWebFilter$StaticUserFilter) to context scm
2019-07-13 17:12:02,052 INFO  http.HttpServer2 (HttpServer2.java:addFilter(958)) - Added filter static_user_filter (class=org.apache.hadoop.http.lib.StaticUserWebFilter$StaticUserFilter) to context static
2019-07-13 17:12:02,052 INFO  http.HttpServer2 (HttpServer2.java:addFilter(958)) - Added filter static_user_filter (class=org.apache.hadoop.http.lib.StaticUserWebFilter$StaticUserFilter) to context logs
2019-07-13 17:12:02,055 INFO  server.StorageContainerManager (StorageContainerManager.java:start(759)) - StorageContainerLocationProtocol RPC server is listening at /0.0.0.0:36663
2019-07-13 17:12:02,057 WARN  impl.MetricsConfig (MetricsConfig.java:loadFirst(134)) - Cannot locate configuration: tried hadoop-metrics2-storagecontainermanager.properties,hadoop-metrics2.properties
2019-07-13 17:12:02,058 INFO  impl.MetricsSystemImpl (MetricsSystemImpl.java:startTimer(374)) - Scheduled Metric snapshot period at 10 second(s).
2019-07-13 17:12:02,059 INFO  impl.MetricsSystemImpl (MetricsSystemImpl.java:start(191)) - StorageContainerManager metrics system started
2019-07-13 17:12:02,093 INFO  server.SCMClientProtocolServer (SCMClientProtocolServer.java:start(149)) - RPC server for Client  is listening at /0.0.0.0:36663
2019-07-13 17:12:02,093 INFO  ipc.Server (Server.java:run(1314)) - IPC Server Responder: starting
2019-07-13 17:12:02,094 INFO  ipc.Server (Server.java:run(1153)) - IPC Server listener on 36663: starting
2019-07-13 17:12:02,099 INFO  server.StorageContainerManager (StorageContainerManager.java:start(768)) - ScmBlockLocationProtocol RPC server is listening at /0.0.0.0:35418
2019-07-13 17:12:02,099 INFO  server.SCMBlockProtocolServer (SCMBlockProtocolServer.java:start(140)) - RPC server for Block Protocol is listening at /0.0.0.0:35418
2019-07-13 17:12:02,099 INFO  ipc.Server (Server.java:run(1314)) - IPC Server Responder: starting
2019-07-13 17:12:02,099 INFO  ipc.Server (Server.java:run(1153)) - IPC Server listener on 35418: starting
2019-07-13 17:12:02,104 INFO  server.StorageContainerManager (StorageContainerManager.java:start(772)) - ScmDatanodeProtocl RPC server is listening at /0.0.0.0:34125
2019-07-13 17:12:02,104 INFO  server.SCMDatanodeProtocolServer (SCMDatanodeProtocolServer.java:start(191)) - RPC server for DataNodes is listening at /0.0.0.0:34125
2019-07-13 17:12:02,104 INFO  ipc.Server (Server.java:run(1314)) - IPC Server Responder: starting
2019-07-13 17:12:02,105 INFO  ipc.Server (Server.java:run(1153)) - IPC Server listener on 34125: starting
2019-07-13 17:12:02,109 INFO  http.HttpServer2 (HttpServer2.java:bindListener(1191)) - Jetty bound to port 37994
2019-07-13 17:12:02,109 INFO  server.Server (Server.java:doStart(351)) - jetty-9.3.24.v20180605, build timestamp: 2018-06-05T17:11:56Z, git hash: 84205aa28f11a4f31f2a3b86d1bba2cc8ab69827
2019-07-13 17:12:02,111 INFO  handler.ContextHandler (ContextHandler.java:doStart(781)) - Started o.e.j.s.ServletContextHandler@19099f81{/logs,file:///tmp/workdir/hadoop-ozone/integration-test/target/log,AVAILABLE}
2019-07-13 17:12:02,111 INFO  handler.ContextHandler (ContextHandler.java:doStart(781)) - Started o.e.j.s.ServletContextHandler@fa5f611{/static,file:///tmp/workdir/hadoop-ozone/integration-test/target/test-classes/webapps/static,AVAILABLE}
2019-07-13 17:12:02,117 INFO  handler.ContextHandler (ContextHandler.java:doStart(781)) - Started o.e.j.w.WebAppContext@336aee22{/,file:///tmp/workdir/hadoop-ozone/integration-test/target/test-classes/webapps/scm/,AVAILABLE}{/scm}
2019-07-13 17:12:02,117 INFO  server.AbstractConnector (AbstractConnector.java:doStart(278)) - Started ServerConnector@464f4d4{HTTP/1.1,[http/1.1]}{0.0.0.0:37994}
2019-07-13 17:12:02,118 INFO  server.Server (Server.java:doStart(419)) - Started @42285ms
2019-07-13 17:12:02,119 INFO  server.BaseHttpServer (BaseHttpServer.java:updateConnectorAddress(207)) - HTTP server of SCM is listening at http://0.0.0.0:37994
2019-07-13 17:12:02,119 WARN  server.ServerUtils (ServerUtils.java:getDBPath(222)) - ozone.om.db.dirs is not configured. We recommend adding this setting. Falling back to ozone.metadata.dirs instead.
2019-07-13 17:12:02,120 INFO  util.JvmPauseMonitor (JvmPauseMonitor.java:run(188)) - Starting JVM pause monitor
2019-07-13 17:12:02,134 WARN  server.ServerUtils (ServerUtils.java:getDBPath(222)) - ozone.om.db.dirs is not configured. We recommend adding this setting. Falling back to ozone.metadata.dirs instead.
2019-07-13 17:12:02,134 INFO  om.OzoneManager (OzoneManager.java:setOMNodeDetails(630)) - OM Service ID is not set. Setting it to the default ID: omServiceIdDefault
2019-07-13 17:12:02,134 INFO  om.OzoneManager (OzoneManager.java:setOMNodeDetails(636)) - OM Node ID is not set. Setting it to the OmStorage's OmID: f0698711-48ba-49dd-ae5e-e14b33a2968a
2019-07-13 17:12:02,135 INFO  om.OzoneManager (OzoneManager.java:loadOMHAConfigs(587)) - Found matching OM address with OMServiceId: null, OMNodeId: null, RPC Address: localhost:0 and Ratis port: 9872
2019-07-13 17:12:02,142 WARN  server.ServerUtils (ServerUtils.java:getDBPath(222)) - ozone.om.db.dirs is not configured. We recommend adding this setting. Falling back to ozone.metadata.dirs instead.
2019-07-13 17:12:02,142 INFO  db.DBStoreBuilder (DBStoreBuilder.java:addTable(110)) - using custom profile for table: userTable
2019-07-13 17:12:02,142 INFO  db.DBStoreBuilder (DBStoreBuilder.java:processTables(161)) - Using default column profile:DBProfile.DISK for Table:userTable
2019-07-13 17:12:02,143 INFO  db.DBStoreBuilder (DBStoreBuilder.java:addTable(110)) - using custom profile for table: volumeTable
2019-07-13 17:12:02,143 INFO  db.DBStoreBuilder (DBStoreBuilder.java:processTables(161)) - Using default column profile:DBProfile.DISK for Table:volumeTable
2019-07-13 17:12:02,143 INFO  db.DBStoreBuilder (DBStoreBuilder.java:addTable(110)) - using custom profile for table: bucketTable
2019-07-13 17:12:02,143 INFO  db.DBStoreBuilder (DBStoreBuilder.java:processTables(161)) - Using default column profile:DBProfile.DISK for Table:bucketTable
2019-07-13 17:12:02,143 INFO  db.DBStoreBuilder (DBStoreBuilder.java:addTable(110)) - using custom profile for table: keyTable
2019-07-13 17:12:02,144 INFO  db.DBStoreBuilder (DBStoreBuilder.java:processTables(161)) - Using default column profile:DBProfile.DISK for Table:keyTable
2019-07-13 17:12:02,144 INFO  db.DBStoreBuilder (DBStoreBuilder.java:addTable(110)) - using custom profile for table: deletedTable
2019-07-13 17:12:02,144 INFO  db.DBStoreBuilder (DBStoreBuilder.java:processTables(161)) - Using default column profile:DBProfile.DISK for Table:deletedTable
2019-07-13 17:12:02,144 INFO  db.DBStoreBuilder (DBStoreBuilder.java:addTable(110)) - using custom profile for table: openKeyTable
2019-07-13 17:12:02,144 INFO  db.DBStoreBuilder (DBStoreBuilder.java:processTables(161)) - Using default column profile:DBProfile.DISK for Table:openKeyTable
2019-07-13 17:12:02,145 INFO  db.DBStoreBuilder (DBStoreBuilder.java:addTable(110)) - using custom profile for table: s3Table
2019-07-13 17:12:02,145 INFO  db.DBStoreBuilder (DBStoreBuilder.java:processTables(161)) - Using default column profile:DBProfile.DISK for Table:s3Table
2019-07-13 17:12:02,145 INFO  db.DBStoreBuilder (DBStoreBuilder.java:addTable(110)) - using custom profile for table: multipartInfoTable
2019-07-13 17:12:02,145 INFO  db.DBStoreBuilder (DBStoreBuilder.java:processTables(161)) - Using default column profile:DBProfile.DISK for Table:multipartInfoTable
2019-07-13 17:12:02,146 INFO  db.DBStoreBuilder (DBStoreBuilder.java:addTable(110)) - using custom profile for table: dTokenTable
2019-07-13 17:12:02,146 INFO  db.DBStoreBuilder (DBStoreBuilder.java:processTables(161)) - Using default column profile:DBProfile.DISK for Table:dTokenTable
2019-07-13 17:12:02,146 INFO  db.DBStoreBuilder (DBStoreBuilder.java:addTable(110)) - using custom profile for table: s3SecretTable
2019-07-13 17:12:02,146 INFO  db.DBStoreBuilder (DBStoreBuilder.java:processTables(161)) - Using default column profile:DBProfile.DISK for Table:s3SecretTable
2019-07-13 17:12:02,147 INFO  db.DBStoreBuilder (DBStoreBuilder.java:addTable(110)) - using custom profile for table: prefixTable
2019-07-13 17:12:02,147 INFO  db.DBStoreBuilder (DBStoreBuilder.java:processTables(161)) - Using default column profile:DBProfile.DISK for Table:prefixTable
2019-07-13 17:12:02,147 INFO  db.DBStoreBuilder (DBStoreBuilder.java:addTable(110)) - using custom profile for table: default
2019-07-13 17:12:02,147 INFO  db.DBStoreBuilder (DBStoreBuilder.java:processTables(167)) - Using default column profile:DBProfile.DISK for Table:default
2019-07-13 17:12:02,147 INFO  db.DBStoreBuilder (DBStoreBuilder.java:getDbProfile(198)) - Using default options. DBProfile.DISK
2019-07-13 17:12:02,577 INFO  ipc.CallQueueManager (CallQueueManager.java:<init>(84)) - Using callQueue: class java.util.concurrent.LinkedBlockingQueue, queueCapacity: 2000, scheduler: class org.apache.hadoop.ipc.DefaultRpcScheduler, ipcBackoff: false.
2019-07-13 17:12:02,578 INFO  ipc.Server (Server.java:run(1074)) - Starting Socket Reader #1 for port 42302
2019-07-13 17:12:02,593 WARN  server.ServerUtils (ServerUtils.java:getDBPath(222)) - ozone.om.db.dirs is not configured. We recommend adding this setting. Falling back to ozone.metadata.dirs instead.
2019-07-13 17:12:02,593 INFO  om.OzoneManager (OzoneManager.java:start(1228)) - OzoneManager RPC server is listening at localhost/127.0.0.1:42302
2019-07-13 17:12:02,593 INFO  impl.MetricsSystemImpl (MetricsSystemImpl.java:init(158)) - OzoneManager metrics system started (again)
2019-07-13 17:12:02,596 INFO  ipc.Server (Server.java:run(1314)) - IPC Server Responder: starting
2019-07-13 17:12:02,596 INFO  ipc.Server (Server.java:run(1153)) - IPC Server listener on 42302: starting
2019-07-13 17:12:02,600 INFO  hdfs.DFSUtil (DFSUtil.java:httpServerTemplateForNNAndJN(1641)) - Starting Web-server for ozoneManager at: http://0.0.0.0:0
2019-07-13 17:12:02,602 INFO  server.AuthenticationFilter (AuthenticationFilter.java:constructSecretProvider(240)) - Unable to initialize FileSignerSecretProvider, falling back to use random secrets.
2019-07-13 17:12:02,602 WARN  http.HttpRequestLog (HttpRequestLog.java:getRequestLog(97)) - Jetty request log can only be enabled using Log4j
2019-07-13 17:12:02,604 INFO  http.HttpServer2 (HttpServer2.java:addGlobalFilter(975)) - Added global filter 'safety' (class=org.apache.hadoop.http.HttpServer2$QuotingInputFilter)
2019-07-13 17:12:02,604 INFO  http.HttpServer2 (HttpServer2.java:addFilter(948)) - Added filter static_user_filter (class=org.apache.hadoop.http.lib.StaticUserWebFilter$StaticUserFilter) to context ozoneManager
2019-07-13 17:12:02,604 INFO  http.HttpServer2 (HttpServer2.java:addFilter(958)) - Added filter static_user_filter (class=org.apache.hadoop.http.lib.StaticUserWebFilter$StaticUserFilter) to context static
2019-07-13 17:12:02,604 INFO  http.HttpServer2 (HttpServer2.java:addFilter(958)) - Added filter static_user_filter (class=org.apache.hadoop.http.lib.StaticUserWebFilter$StaticUserFilter) to context logs
2019-07-13 17:12:02,605 INFO  http.HttpServer2 (HttpServer2.java:bindListener(1191)) - Jetty bound to port 38577
2019-07-13 17:12:02,605 INFO  server.Server (Server.java:doStart(351)) - jetty-9.3.24.v20180605, build timestamp: 2018-06-05T17:11:56Z, git hash: 84205aa28f11a4f31f2a3b86d1bba2cc8ab69827
2019-07-13 17:12:02,607 INFO  handler.ContextHandler (ContextHandler.java:doStart(781)) - Started o.e.j.s.ServletContextHandler@c9fc8c3{/logs,file:///tmp/workdir/hadoop-ozone/integration-test/target/log,AVAILABLE}
2019-07-13 17:12:02,607 INFO  handler.ContextHandler (ContextHandler.java:doStart(781)) - Started o.e.j.s.ServletContextHandler@75fa4b72{/static,file:///tmp/workdir/hadoop-ozone/integration-test/target/test-classes/webapps/static,AVAILABLE}
2019-07-13 17:12:02,612 INFO  handler.ContextHandler (ContextHandler.java:doStart(781)) - Started o.e.j.w.WebAppContext@5eb64c85{/,file:///tmp/workdir/hadoop-ozone/integration-test/target/test-classes/webapps/ozoneManager/,AVAILABLE}{/ozoneManager}
2019-07-13 17:12:02,612 INFO  server.AbstractConnector (AbstractConnector.java:doStart(278)) - Started ServerConnector@47c17ef4{HTTP/1.1,[http/1.1]}{0.0.0.0:38577}
2019-07-13 17:12:02,613 INFO  server.Server (Server.java:doStart(419)) - Started @42781ms
2019-07-13 17:12:02,614 INFO  server.BaseHttpServer (BaseHttpServer.java:updateConnectorAddress(207)) - HTTP server of OZONEMANAGER is listening at http://0.0.0.0:38577
2019-07-13 17:12:02,617 INFO  impl.MetricsSystemImpl (MetricsSystemImpl.java:init(158)) - HddsDatanode metrics system started (again)
2019-07-13 17:12:02,618 INFO  ozone.HddsDatanodeService (HddsDatanodeService.java:start(185)) - HddsDatanodeService host:trunk-nightly-z92hn-1831959607 ip:192.168.5.187
2019-07-13 17:12:02,624 INFO  volume.HddsVolume (HddsVolume.java:<init>(176)) - Creating Volume: /tmp/workdir/hadoop-ozone/integration-test/target/test-dir/MiniOzoneClusterImpl-20f86ab7-4ddf-4966-9051-62833f3ed93f/datanode-0/data/containers/hdds of  storage type : DISK and capacity : 52710309888
2019-07-13 17:12:02,624 INFO  volume.VolumeSet (VolumeSet.java:initializeVolumeSet(170)) - Added Volume : /tmp/workdir/hadoop-ozone/integration-test/target/test-dir/MiniOzoneClusterImpl-20f86ab7-4ddf-4966-9051-62833f3ed93f/datanode-0/data/containers/hdds to VolumeSet
2019-07-13 17:12:02,624 INFO  volume.ThrottledAsyncChecker (ThrottledAsyncChecker.java:schedule(140)) - Scheduling a check for org.apache.hadoop.ozone.container.common.volume.HddsVolume@68ad9447
2019-07-13 17:12:02,625 INFO  volume.HddsVolumeChecker (HddsVolumeChecker.java:checkAllVolumes(203)) - Scheduled health check for volume org.apache.hadoop.ozone.container.common.volume.HddsVolume@68ad9447
2019-07-13 17:12:02,644 INFO  impl.RaftServerProxy (ConfUtils.java:logGet(43)) - raft.rpc.type = GRPC (default)
2019-07-13 17:12:02,645 INFO  grpc.GrpcFactory (GrpcFactory.java:checkPooledByteBufAllocatorUseCacheForAllThreads(45)) - PERFORMANCE WARNING: useCacheForAllThreads is true that may cause Netty to create a lot garbage objects and, as a result, trigger GC.
	It is recommended to disable useCacheForAllThreads by setting -Dorg.apache.ratis.thirdparty.io.netty.allocator.useCacheForAllThreads=false in command line.
2019-07-13 17:12:02,645 INFO  grpc.GrpcConfigKeys$Server (ConfUtils.java:logGet(43)) - raft.grpc.server.port = 0 (default)
2019-07-13 17:12:02,645 INFO  server.GrpcService (ConfUtils.java:logGet(43)) - raft.grpc.message.size.max = 33570816 (custom)
2019-07-13 17:12:02,646 INFO  server.RaftServerConfigKeys (ConfUtils.java:logGet(43)) - raft.server.log.appender.buffer.byte-limit = 33554432 (custom)
2019-07-13 17:12:02,646 INFO  server.GrpcService (ConfUtils.java:logGet(43)) - raft.grpc.flow.control.window = 1MB (=1048576) (default)
2019-07-13 17:12:02,646 INFO  server.RaftServerConfigKeys (ConfUtils.java:logGet(43)) - raft.server.rpc.request.timeout = 3000ms (default)
2019-07-13 17:12:02,647 INFO  server.RaftServerConfigKeys (ConfUtils.java:logGet(43)) - raft.server.storage.dir = [/tmp/workdir/hadoop-ozone/integration-test/target/test-dir/MiniOzoneClusterImpl-20f86ab7-4ddf-4966-9051-62833f3ed93f/datanode-0/data/ratis] (custom)
2019-07-13 17:12:02,647 INFO  replication.SimpleContainerDownloader (SimpleContainerDownloader.java:<init>(72)) - Starting container downloader service to copy containers to replicate.
2019-07-13 17:12:02,649 INFO  hdfs.DFSUtil (DFSUtil.java:httpServerTemplateForNNAndJN(1641)) - Starting Web-server for hddsDatanode at: http://0.0.0.0:0
2019-07-13 17:12:02,650 INFO  server.AuthenticationFilter (AuthenticationFilter.java:constructSecretProvider(240)) - Unable to initialize FileSignerSecretProvider, falling back to use random secrets.
2019-07-13 17:12:02,650 WARN  http.HttpRequestLog (HttpRequestLog.java:getRequestLog(97)) - Jetty request log can only be enabled using Log4j
2019-07-13 17:12:02,652 INFO  http.HttpServer2 (HttpServer2.java:addGlobalFilter(975)) - Added global filter 'safety' (class=org.apache.hadoop.http.HttpServer2$QuotingInputFilter)
2019-07-13 17:12:02,652 INFO  http.HttpServer2 (HttpServer2.java:addFilter(948)) - Added filter static_user_filter (class=org.apache.hadoop.http.lib.StaticUserWebFilter$StaticUserFilter) to context hddsDatanode
2019-07-13 17:12:02,652 INFO  http.HttpServer2 (HttpServer2.java:addFilter(958)) - Added filter static_user_filter (class=org.apache.hadoop.http.lib.StaticUserWebFilter$StaticUserFilter) to context static
2019-07-13 17:12:02,653 INFO  http.HttpServer2 (HttpServer2.java:addFilter(958)) - Added filter static_user_filter (class=org.apache.hadoop.http.lib.StaticUserWebFilter$StaticUserFilter) to context logs
2019-07-13 17:12:02,653 INFO  http.HttpServer2 (HttpServer2.java:bindListener(1191)) - Jetty bound to port 33089
2019-07-13 17:12:02,653 INFO  server.Server (Server.java:doStart(351)) - jetty-9.3.24.v20180605, build timestamp: 2018-06-05T17:11:56Z, git hash: 84205aa28f11a4f31f2a3b86d1bba2cc8ab69827
2019-07-13 17:12:02,656 INFO  handler.ContextHandler (ContextHandler.java:doStart(781)) - Started o.e.j.s.ServletContextHandler@2b122a1d{/logs,file:///tmp/workdir/hadoop-ozone/integration-test/target/log,AVAILABLE}
2019-07-13 17:12:02,656 INFO  handler.ContextHandler (ContextHandler.java:doStart(781)) - Started o.e.j.s.ServletContextHandler@672ca5ce{/static,jar:file:/home/user/.m2/repository/org/apache/hadoop/hadoop-hdds-container-service/0.5.0-SNAPSHOT/hadoop-hdds-container-service-0.5.0-SNAPSHOT.jar!/webapps/static,AVAILABLE}
2019-07-13 17:12:02,685 INFO  handler.ContextHandler (ContextHandler.java:doStart(781)) - Started o.e.j.w.WebAppContext@5b144ff2{/,file:///tmp/jetty-0.0.0.0-33089-hddsDatanode-_-any-3352984190620402423.dir/webapp/,AVAILABLE}{/hddsDatanode}
2019-07-13 17:12:02,685 INFO  server.AbstractConnector (AbstractConnector.java:doStart(278)) - Started ServerConnector@2795fcd5{HTTP/1.1,[http/1.1]}{0.0.0.0:33089}
2019-07-13 17:12:02,686 INFO  server.Server (Server.java:doStart(419)) - Started @42853ms
2019-07-13 17:12:02,686 INFO  server.BaseHttpServer (BaseHttpServer.java:updateConnectorAddress(207)) - HTTP server of HDDSDATANODE is listening at http://0.0.0.0:33089
2019-07-13 17:12:02,819 INFO  ozone.HddsDatanodeService (HddsDatanodeService.java:startPlugins(396)) - Started plug-in org.apache.hadoop.ozone.web.OzoneHddsDatanodeService@408ee855
2019-07-13 17:12:02,819 INFO  ozone.MiniOzoneClusterImpl (MiniOzoneClusterImpl.java:lambda$waitForClusterToBeReady$0(142)) - Waiting for cluster to be ready. Got 0 of 1 DN Heartbeats.
2019-07-13 17:12:02,822 INFO  util.JvmPauseMonitor (JvmPauseMonitor.java:run(188)) - Starting JVM pause monitor
2019-07-13 17:12:02,825 INFO  datanode.InitDatanodeState (InitDatanodeState.java:persistContainerDatanodeDetails(140)) - DatanodeDetails is persisted to /tmp/workdir/hadoop-ozone/integration-test/target/test-dir/MiniOzoneClusterImpl-20f86ab7-4ddf-4966-9051-62833f3ed93f/datanode-0/meta/datanode.id
2019-07-13 17:12:03,819 INFO  ozone.MiniOzoneClusterImpl (MiniOzoneClusterImpl.java:lambda$waitForClusterToBeReady$0(142)) - Waiting for cluster to be ready. Got 0 of 1 DN Heartbeats.
2019-07-13 17:12:04,820 INFO  ozone.MiniOzoneClusterImpl (MiniOzoneClusterImpl.java:lambda$waitForClusterToBeReady$0(142)) - Waiting for cluster to be ready. Got 0 of 1 DN Heartbeats.
2019-07-13 17:12:04,834 INFO  ozoneimpl.OzoneContainer (OzoneContainer.java:start(186)) - Attempting to start container services.
2019-07-13 17:12:04,835 INFO  ozoneimpl.OzoneContainer (OzoneContainer.java:startContainerScrub(160)) - Background container scrubber has been disabled by hdds.containerscrub.enabled
2019-07-13 17:12:04,835 INFO  ratis.XceiverServerRatis (XceiverServerRatis.java:start(418)) - Starting XceiverServerRatis 6ee3884a-d841-4d8c-8b6d-5695e4af430e at port 0
2019-07-13 17:12:04,847 INFO  impl.RaftServerProxy (RaftServerProxy.java:lambda$start$3(299)) - 6ee3884a-d841-4d8c-8b6d-5695e4af430e: start RPC server
2019-07-13 17:12:04,850 INFO  server.GrpcService (GrpcService.java:startImpl(149)) - 6ee3884a-d841-4d8c-8b6d-5695e4af430e: GrpcService started, listening on 0.0.0.0/0.0.0.0:36299
2019-07-13 17:12:04,850 INFO  ratis.XceiverServerRatis (XceiverServerRatis.java:start(428)) - XceiverServerRatis 6ee3884a-d841-4d8c-8b6d-5695e4af430e is started using port 36299
2019-07-13 17:12:04,852 INFO  server.XceiverServerGrpc (XceiverServerGrpc.java:start(161)) - XceiverServerGrpc 6ee3884a-d841-4d8c-8b6d-5695e4af430e is started using port 33841
2019-07-13 17:12:05,820 INFO  ozone.MiniOzoneClusterImpl (MiniOzoneClusterImpl.java:lambda$waitForClusterToBeReady$0(142)) - Waiting for cluster to be ready. Got 0 of 1 DN Heartbeats.
2019-07-13 17:12:06,821 INFO  ozone.MiniOzoneClusterImpl (MiniOzoneClusterImpl.java:lambda$waitForClusterToBeReady$0(142)) - Waiting for cluster to be ready. Got 0 of 1 DN Heartbeats.
2019-07-13 17:12:06,826 INFO  net.NetworkTopology (NetworkTopologyImpl.java:add(110)) - Added a new node: /default-rack/192.168.5.187
2019-07-13 17:12:06,827 INFO  node.SCMNodeManager (SCMNodeManager.java:register(269)) - Registered Data node : 6ee3884a-d841-4d8c-8b6d-5695e4af430e{ip: 192.168.5.187, host: trunk-nightly-z92hn-1831959607, networkLocation: /default-rack, certSerialId: null}
2019-07-13 17:12:06,830 INFO  safemode.SCMSafeModeManager (DataNodeSafeModeRule.java:process(71)) - SCM in safe mode. 1 DataNodes registered, 1 required.
2019-07-13 17:12:06,832 INFO  safemode.SCMSafeModeManager (SCMSafeModeManager.java:validateSafeModeExitRules(177)) - ScmSafeModeManager, all rules are successfully validated
2019-07-13 17:12:06,832 INFO  safemode.SCMSafeModeManager (SCMSafeModeManager.java:exitSafeMode(193)) - SCM exiting safe mode.
2019-07-13 17:12:06,846 INFO  impl.RaftServerProxy (RaftServerProxy.java:addNew(89)) - 6ee3884a-d841-4d8c-8b6d-5695e4af430e: addNew group-79A4DF5F460A:[6ee3884a-d841-4d8c-8b6d-5695e4af430e:192.168.5.187:36299] returns group-79A4DF5F460A:java.util.concurrent.CompletableFuture@6272016b[Not completed]
2019-07-13 17:12:06,848 INFO  impl.RaftServerImpl (RaftServerImpl.java:<init>(93)) - 6ee3884a-d841-4d8c-8b6d-5695e4af430e: new RaftServerImpl for group-79A4DF5F460A:[6ee3884a-d841-4d8c-8b6d-5695e4af430e:192.168.5.187:36299] with ContainerStateMachine:uninitialized
2019-07-13 17:12:06,849 INFO  server.RaftServerConfigKeys (ConfUtils.java:logGet(43)) - raft.server.rpc.timeout.min = 5s (custom)
2019-07-13 17:12:06,849 INFO  server.RaftServerConfigKeys (ConfUtils.java:logGet(43)) - raft.server.rpc.timeout.max = 5200ms (custom)
2019-07-13 17:12:06,849 INFO  server.RaftServerConfigKeys (ConfUtils.java:logGet(43)) - raft.server.rpcslowness.timeout = 120s (custom)
2019-07-13 17:12:06,850 INFO  server.RaftServerConfigKeys (ConfUtils.java:logGet(43)) - raft.server.sleep.deviation.threshold = 300 (default)
2019-07-13 17:12:06,850 INFO  server.RaftServerConfigKeys (ConfUtils.java:logGet(43)) - raft.server.log.appender.install.snapshot.enabled = false (custom)
2019-07-13 17:12:06,850 INFO  impl.RaftServerImpl (ServerState.java:<init>(105)) - 6ee3884a-d841-4d8c-8b6d-5695e4af430e:group-79A4DF5F460A ConfigurationManager, init=-1: [6ee3884a-d841-4d8c-8b6d-5695e4af430e:192.168.5.187:36299], old=null, confs=<EMPTY_MAP>
2019-07-13 17:12:06,850 INFO  server.RaftServerConfigKeys (ConfUtils.java:logGet(43)) - raft.server.storage.dir = [/tmp/workdir/hadoop-ozone/integration-test/target/test-dir/MiniOzoneClusterImpl-20f86ab7-4ddf-4966-9051-62833f3ed93f/datanode-0/data/ratis] (custom)
2019-07-13 17:12:06,851 INFO  storage.RaftStorageDirectory (RaftStorageDirectory.java:analyzeStorage(246)) - The storage directory /tmp/workdir/hadoop-ozone/integration-test/target/test-dir/MiniOzoneClusterImpl-20f86ab7-4ddf-4966-9051-62833f3ed93f/datanode-0/data/ratis/9b8ca11d-7487-4c01-8d60-79a4df5f460a does not exist. Creating ...
2019-07-13 17:12:06,866 INFO  storage.RaftStorageDirectory (RaftStorageDirectory.java:tryLock(328)) - Lock on /tmp/workdir/hadoop-ozone/integration-test/target/test-dir/MiniOzoneClusterImpl-20f86ab7-4ddf-4966-9051-62833f3ed93f/datanode-0/data/ratis/9b8ca11d-7487-4c01-8d60-79a4df5f460a/in_use.lock acquired by nodename 25963@trunk-nightly-z92hn-1831959607
2019-07-13 17:12:06,878 INFO  storage.RaftStorage (RaftStorage.java:format(72)) - Storage directory /tmp/workdir/hadoop-ozone/integration-test/target/test-dir/MiniOzoneClusterImpl-20f86ab7-4ddf-4966-9051-62833f3ed93f/datanode-0/data/ratis/9b8ca11d-7487-4c01-8d60-79a4df5f460a has been successfully formatted.
2019-07-13 17:12:06,879 INFO  ratis.ContainerStateMachine (ContainerStateMachine.java:loadSnapshot(200)) - The snapshot info is null.Setting the last applied index to:(t:0, i:~)
2019-07-13 17:12:06,879 INFO  server.RaftServerConfigKeys (ConfUtils.java:logGet(43)) - raft.server.leader.election.timeout = 120s (custom)
2019-07-13 17:12:06,879 INFO  server.RaftServerConfigKeys (ConfUtils.java:logGet(43)) - raft.server.log.use.memory = false (default)
2019-07-13 17:12:06,879 INFO  server.RaftServerConfigKeys (ConfUtils.java:logGet(43)) - raft.server.log.purge.gap = 1000000000 (custom)
2019-07-13 17:12:06,879 INFO  server.RaftServerConfigKeys (ConfUtils.java:logGet(43)) - raft.server.log.appender.buffer.byte-limit = 33554432 (custom)
2019-07-13 17:12:06,881 INFO  server.RaftServerConfigKeys (ConfUtils.java:logGet(43)) - raft.server.log.segment.size.max = 1048576 (custom)
2019-07-13 17:12:06,881 INFO  server.RaftServerConfigKeys (ConfUtils.java:logGet(43)) - raft.server.log.segment.cache.num.max = 2 (custom)
2019-07-13 17:12:06,881 INFO  segmented.SegmentedRaftLogWorker (SegmentedRaftLogWorker.java:<init>(172)) - new 6ee3884a-d841-4d8c-8b6d-5695e4af430e-SegmentedRaftLogWorker:Storage Directory /tmp/workdir/hadoop-ozone/integration-test/target/test-dir/MiniOzoneClusterImpl-20f86ab7-4ddf-4966-9051-62833f3ed93f/datanode-0/data/ratis/9b8ca11d-7487-4c01-8d60-79a4df5f460a for RaftStorage:Storage Directory /tmp/workdir/hadoop-ozone/integration-test/target/test-dir/MiniOzoneClusterImpl-20f86ab7-4ddf-4966-9051-62833f3ed93f/datanode-0/data/ratis/9b8ca11d-7487-4c01-8d60-79a4df5f460a
2019-07-13 17:12:06,881 INFO  server.RaftServerConfigKeys (ConfUtils.java:logGet(43)) - raft.server.log.queue.byte-limit = 2147483647 (custom)
2019-07-13 17:12:06,882 INFO  server.RaftServerConfigKeys (ConfUtils.java:logGet(43)) - raft.server.log.queue.element-limit = 1024 (custom)
2019-07-13 17:12:06,882 INFO  server.RaftServerConfigKeys (ConfUtils.java:logGet(43)) - raft.server.log.segment.size.max = 1048576 (custom)
2019-07-13 17:12:06,882 INFO  server.RaftServerConfigKeys (ConfUtils.java:logGet(43)) - raft.server.log.preallocated.size = 16384 (custom)
2019-07-13 17:12:06,882 INFO  server.RaftServerConfigKeys (ConfUtils.java:logGet(43)) - raft.server.log.write.buffer.size = 33554432 (custom)
2019-07-13 17:12:06,882 INFO  server.RaftServerConfigKeys (ConfUtils.java:logGet(43)) - raft.server.log.force.sync.num = 128 (default)
2019-07-13 17:12:06,883 INFO  server.RaftServerConfigKeys (ConfUtils.java:logGet(43)) - raft.server.log.statemachine.data.sync = true (default)
2019-07-13 17:12:06,883 INFO  server.RaftServerConfigKeys (ConfUtils.java:logGet(43)) - raft.server.log.statemachine.data.sync.timeout = 10s (default)
2019-07-13 17:12:06,883 INFO  server.RaftServerConfigKeys (ConfUtils.java:logGet(43)) - raft.server.log.statemachine.data.sync.timeout.retry = -1 (default)
2019-07-13 17:12:06,883 INFO  server.RaftServerConfigKeys (ConfUtils.java:logGet(43)) - raft.server.log.statemachine.data.caching.enabled = true (custom)
2019-07-13 17:12:06,884 INFO  segmented.SegmentedRaftLogWorker (SegmentedRaftLogWorker.java:lambda$new$0(132)) - 6ee3884a-d841-4d8c-8b6d-5695e4af430e-SegmentedRaftLogWorker:Storage Directory /tmp/workdir/hadoop-ozone/integration-test/target/test-dir/MiniOzoneClusterImpl-20f86ab7-4ddf-4966-9051-62833f3ed93f/datanode-0/data/ratis/9b8ca11d-7487-4c01-8d60-79a4df5f460a: flushIndex: setUnconditionally 0 -> -1
2019-07-13 17:12:06,884 INFO  server.RaftServerConfigKeys (ConfUtils.java:logGet(43)) - raft.server.snapshot.auto.trigger.enabled = true (custom)
2019-07-13 17:12:06,884 INFO  server.RaftServerConfigKeys (ConfUtils.java:logGet(43)) - raft.server.snapshot.auto.trigger.threshold = 10000 (custom)
2019-07-13 17:12:06,885 INFO  server.RaftServerConfigKeys (ConfUtils.java:logGet(43)) - raft.server.retrycache.expirytime = 600000ms (custom)
2019-07-13 17:12:06,885 INFO  impl.RaftServerImpl (RaftServerImpl.java:start(180)) - 6ee3884a-d841-4d8c-8b6d-5695e4af430e: start group-79A4DF5F460A
2019-07-13 17:12:06,885 INFO  impl.RaftServerImpl (RaftServerImpl.java:setRole(171)) - 6ee3884a-d841-4d8c-8b6d-5695e4af430e:group-79A4DF5F460A changes role from null to FOLLOWER at term 0 for startAsFollower
2019-07-13 17:12:06,885 INFO  impl.RoleInfo (RoleInfo.java:updateAndGet(143)) - 6ee3884a-d841-4d8c-8b6d-5695e4af430e: start FollowerState
2019-07-13 17:12:06,886 INFO  util.JmxRegister (JmxRegister.java:tryRegister(44)) - Successfully registered JMX Bean with object name Ratis:service=RaftServer,group=group-79A4DF5F460A,id=6ee3884a-d841-4d8c-8b6d-5695e4af430e
2019-07-13 17:12:06,894 INFO  pipeline.PipelineStateManager (PipelineStateManager.java:addPipeline(56)) - Created pipeline Pipeline[ Id: 9b8ca11d-7487-4c01-8d60-79a4df5f460a, Nodes: 6ee3884a-d841-4d8c-8b6d-5695e4af430e{ip: 192.168.5.187, host: trunk-nightly-z92hn-1831959607, networkLocation: /default-rack, certSerialId: null}, Type:RATIS, Factor:ONE, State:OPEN]
2019-07-13 17:12:07,821 INFO  ozone.MiniOzoneClusterImpl (MiniOzoneClusterImpl.java:lambda$waitForClusterToBeReady$0(142)) - Cluster is ready. Got 1 of 1 DN Heartbeats.
2019-07-13 17:12:07,861 INFO  rpc.RpcClient (RpcClient.java:createVolume(289)) - Creating Volume: e8527c39-73da-4a0b-83ff-76bb7d771593, with bilbo as owner and quota set to 109951162777600 bytes.
2019-07-13 17:12:07,870 INFO  rpc.RpcClient (RpcClient.java:createBucket(424)) - Creating Bucket: e8527c39-73da-4a0b-83ff-76bb7d771593/979099d5-3566-40aa-a70d-8ea6ae875882, with Versioning false and Storage Type set to DISK and Encryption set to false 
2019-07-13 17:12:07,888 INFO  pipeline.PipelineStateManager (PipelineStateManager.java:addPipeline(56)) - Created pipeline Pipeline[ Id: bae32510-fe51-4943-9329-0fd5e60a9cb9, Nodes: 6ee3884a-d841-4d8c-8b6d-5695e4af430e{ip: 192.168.5.187, host: trunk-nightly-z92hn-1831959607, networkLocation: /default-rack, certSerialId: null}, Type:STAND_ALONE, Factor:ONE, State:OPEN]
17:12:08.048 [IPC Server handler 11 on 42302] ERROR OMAudit - user=jenkins1000 | ip=127.0.0.1 | op=READ_KEY {volume=e8527c39-73da-4a0b-83ff-76bb7d771593, bucket=979099d5-3566-40aa-a70d-8ea6ae875882, key=0a35b261-f1fa-4499-8721-1243ea5d8ca2, dataSize=0, replicationType=null, replicationFactor=null, keyLocationInfo=null} | ret=FAILURE
org.apache.hadoop.ozone.om.exceptions.OMException: Key not found
	at org.apache.hadoop.ozone.om.KeyManagerImpl.lookupKey(KeyManagerImpl.java:734) ~[hadoop-ozone-ozone-manager-0.5.0-SNAPSHOT.jar:?]
	at org.apache.hadoop.ozone.om.OzoneManager.lookupKey(OzoneManager.java:2408) [hadoop-ozone-ozone-manager-0.5.0-SNAPSHOT.jar:?]
	at org.apache.hadoop.ozone.protocolPB.OzoneManagerRequestHandler.lookupKey(OzoneManagerRequestHandler.java:617) [hadoop-ozone-ozone-manager-0.5.0-SNAPSHOT.jar:?]
	at org.apache.hadoop.ozone.protocolPB.OzoneManagerRequestHandler.handle(OzoneManagerRequestHandler.java:224) [hadoop-ozone-ozone-manager-0.5.0-SNAPSHOT.jar:?]
	at org.apache.hadoop.ozone.protocolPB.OzoneManagerProtocolServerSideTranslatorPB.submitRequestDirectlyToOM(OzoneManagerProtocolServerSideTranslatorPB.java:192) [hadoop-ozone-ozone-manager-0.5.0-SNAPSHOT.jar:?]
	at org.apache.hadoop.ozone.protocolPB.OzoneManagerProtocolServerSideTranslatorPB.submitRequest(OzoneManagerProtocolServerSideTranslatorPB.java:110) [hadoop-ozone-ozone-manager-0.5.0-SNAPSHOT.jar:?]
	at org.apache.hadoop.ozone.protocol.proto.OzoneManagerProtocolProtos$OzoneManagerService$2.callBlockingMethod(OzoneManagerProtocolProtos.java) [hadoop-ozone-common-0.5.0-SNAPSHOT.jar:?]
	at org.apache.hadoop.ipc.ProtobufRpcEngine$Server$ProtoBufRpcInvoker.call(ProtobufRpcEngine.java:524) [hadoop-common-3.2.0.jar:?]
	at org.apache.hadoop.ipc.RPC$Server.call(RPC.java:1025) [hadoop-common-3.2.0.jar:?]
	at org.apache.hadoop.ipc.Server$RpcCall.run(Server.java:876) [hadoop-common-3.2.0.jar:?]
	at org.apache.hadoop.ipc.Server$RpcCall.run(Server.java:822) [hadoop-common-3.2.0.jar:?]
	at java.security.AccessController.doPrivileged(Native Method) [?:1.8.0_212]
	at javax.security.auth.Subject.doAs(Subject.java:422) [?:1.8.0_212]
	at org.apache.hadoop.security.UserGroupInformation.doAs(UserGroupInformation.java:1730) [hadoop-common-3.2.0.jar:?]
	at org.apache.hadoop.ipc.Server$Handler.run(Server.java:2682) [hadoop-common-3.2.0.jar:?]
2019-07-13 17:12:08,050 INFO  rpc.RpcClient (RpcClient.java:createVolume(289)) - Creating Volume: 17a822f2-22ee-4513-99d3-8abee4b11211, with bilbo as owner and quota set to 109951162777600 bytes.
2019-07-13 17:12:08,055 INFO  rpc.RpcClient (RpcClient.java:createBucket(424)) - Creating Bucket: 17a822f2-22ee-4513-99d3-8abee4b11211/bc5ad790-9415-4d65-a870-68c80f442a63, with Versioning false and Storage Type set to DISK and Encryption set to false 
2019-07-13 17:12:08,079 INFO  keyvalue.KeyValueHandler (ContainerUtils.java:logAndReturnError(146)) - Operation: CreateContainer : Trace ID: 6b8942d603270aab:6b8942d603270aab:0:0 : Message: Container creation failed, due to disk out of space : Result: DISK_OUT_OF_SPACE
17:12:08.080 [grpc-default-executor-1] ERROR DNAudit - user=null | ip=null | op=WRITE_CHUNK {blockData=conID: 2 locID: 102435253654061071 bcsId: 0} | ret=FAILURE
org.apache.hadoop.hdds.scm.container.common.helpers.StorageContainerException: ContainerID 2 creation failed
	at org.apache.hadoop.ozone.container.common.impl.HddsDispatcher.dispatchRequest(HddsDispatcher.java:227) [hadoop-hdds-container-service-0.5.0-SNAPSHOT.jar:?]
	at org.apache.hadoop.ozone.container.common.impl.HddsDispatcher.dispatch(HddsDispatcher.java:148) [hadoop-hdds-container-service-0.5.0-SNAPSHOT.jar:?]
	at org.apache.hadoop.ozone.container.common.transport.server.GrpcXceiverService$1.onNext(GrpcXceiverService.java:73) [hadoop-hdds-container-service-0.5.0-SNAPSHOT.jar:?]
	at org.apache.hadoop.ozone.container.common.transport.server.GrpcXceiverService$1.onNext(GrpcXceiverService.java:61) [hadoop-hdds-container-service-0.5.0-SNAPSHOT.jar:?]
	at org.apache.ratis.thirdparty.io.grpc.stub.ServerCalls$StreamingServerCallHandler$StreamingServerCallListener.onMessage(ServerCalls.java:248) [ratis-thirdparty-misc-0.2.0.jar:0.2.0]
	at org.apache.ratis.thirdparty.io.grpc.ForwardingServerCallListener.onMessage(ForwardingServerCallListener.java:33) [ratis-thirdparty-misc-0.2.0.jar:0.2.0]
	at org.apache.ratis.thirdparty.io.grpc.Contexts$ContextualizedServerCallListener.onMessage(Contexts.java:76) [ratis-thirdparty-misc-0.2.0.jar:0.2.0]
	at org.apache.ratis.thirdparty.io.grpc.ForwardingServerCallListener.onMessage(ForwardingServerCallListener.java:33) [ratis-thirdparty-misc-0.2.0.jar:0.2.0]
	at org.apache.hadoop.hdds.tracing.GrpcServerInterceptor$1.onMessage(GrpcServerInterceptor.java:46) [hadoop-hdds-common-0.5.0-SNAPSHOT.jar:?]
	at org.apache.ratis.thirdparty.io.grpc.internal.ServerCallImpl$ServerStreamListenerImpl.messagesAvailable(ServerCallImpl.java:263) [ratis-thirdparty-misc-0.2.0.jar:0.2.0]
	at org.apache.ratis.thirdparty.io.grpc.internal.ServerImpl$JumpToApplicationThreadServerStreamListener$1MessagesAvailable.runInContext(ServerImpl.java:686) [ratis-thirdparty-misc-0.2.0.jar:0.2.0]
	at org.apache.ratis.thirdparty.io.grpc.internal.ContextRunnable.run(ContextRunnable.java:37) [ratis-thirdparty-misc-0.2.0.jar:0.2.0]
	at org.apache.ratis.thirdparty.io.grpc.internal.SerializingExecutor.run(SerializingExecutor.java:123) [ratis-thirdparty-misc-0.2.0.jar:0.2.0]
	at java.util.concurrent.ThreadPoolExecutor.runWorker(ThreadPoolExecutor.java:1149) [?:1.8.0_212]
	at java.util.concurrent.ThreadPoolExecutor$Worker.run(ThreadPoolExecutor.java:624) [?:1.8.0_212]
	at java.lang.Thread.run(Thread.java:748) [?:1.8.0_212]
2019-07-13 17:12:08,081 INFO  impl.HddsDispatcher (ContainerUtils.java:logAndReturnError(146)) - Operation: WriteChunk : Trace ID: 6b8942d603270aab:6b8942d603270aab:0:0 : Message: ContainerID 2 creation failed : Result: DISK_OUT_OF_SPACE
2019-07-13 17:12:08,084 ERROR storage.BlockOutputStream (BlockOutputStream.java:validateResponse(539)) - Unexpected Storage Container Exception: 
org.apache.hadoop.hdds.scm.container.common.helpers.StorageContainerException: ContainerID 2 creation failed
	at org.apache.hadoop.hdds.scm.storage.ContainerProtocolCalls.validateContainerResponse(ContainerProtocolCalls.java:536)
	at org.apache.hadoop.hdds.scm.storage.BlockOutputStream.validateResponse(BlockOutputStream.java:537)
	at org.apache.hadoop.hdds.scm.storage.BlockOutputStream.lambda$writeChunkToContainer$2(BlockOutputStream.java:615)
	at java.util.concurrent.CompletableFuture.uniApply(CompletableFuture.java:602)
	at java.util.concurrent.CompletableFuture$UniApply.tryFire(CompletableFuture.java:577)
	at java.util.concurrent.CompletableFuture$Completion.run(CompletableFuture.java:442)
	at java.util.concurrent.ThreadPoolExecutor.runWorker(ThreadPoolExecutor.java:1149)
	at java.util.concurrent.ThreadPoolExecutor$Worker.run(ThreadPoolExecutor.java:624)
	at java.lang.Thread.run(Thread.java:748)
17:12:08.087 [grpc-default-executor-1] ERROR DNAudit - user=null | ip=null | op=PUT_BLOCK {blockData=[blockId=conID: 2 locID: 102435253654061071 bcsId: 0,size=1024]} | ret=FAILURE
org.apache.hadoop.hdds.scm.container.common.helpers.StorageContainerException: ContainerID 2 does not exist
	at org.apache.hadoop.ozone.container.common.impl.HddsDispatcher.dispatchRequest(HddsDispatcher.java:242) [hadoop-hdds-container-service-0.5.0-SNAPSHOT.jar:?]
	at org.apache.hadoop.ozone.container.common.impl.HddsDispatcher.dispatch(HddsDispatcher.java:148) [hadoop-hdds-container-service-0.5.0-SNAPSHOT.jar:?]
	at org.apache.hadoop.ozone.container.common.transport.server.GrpcXceiverService$1.onNext(GrpcXceiverService.java:73) [hadoop-hdds-container-service-0.5.0-SNAPSHOT.jar:?]
	at org.apache.hadoop.ozone.container.common.transport.server.GrpcXceiverService$1.onNext(GrpcXceiverService.java:61) [hadoop-hdds-container-service-0.5.0-SNAPSHOT.jar:?]
	at org.apache.ratis.thirdparty.io.grpc.stub.ServerCalls$StreamingServerCallHandler$StreamingServerCallListener.onMessage(ServerCalls.java:248) [ratis-thirdparty-misc-0.2.0.jar:0.2.0]
	at org.apache.ratis.thirdparty.io.grpc.ForwardingServerCallListener.onMessage(ForwardingServerCallListener.java:33) [ratis-thirdparty-misc-0.2.0.jar:0.2.0]
	at org.apache.ratis.thirdparty.io.grpc.Contexts$ContextualizedServerCallListener.onMessage(Contexts.java:76) [ratis-thirdparty-misc-0.2.0.jar:0.2.0]
	at org.apache.ratis.thirdparty.io.grpc.ForwardingServerCallListener.onMessage(ForwardingServerCallListener.java:33) [ratis-thirdparty-misc-0.2.0.jar:0.2.0]
	at org.apache.hadoop.hdds.tracing.GrpcServerInterceptor$1.onMessage(GrpcServerInterceptor.java:46) [hadoop-hdds-common-0.5.0-SNAPSHOT.jar:?]
	at org.apache.ratis.thirdparty.io.grpc.internal.ServerCallImpl$ServerStreamListenerImpl.messagesAvailable(ServerCallImpl.java:263) [ratis-thirdparty-misc-0.2.0.jar:0.2.0]
	at org.apache.ratis.thirdparty.io.grpc.internal.ServerImpl$JumpToApplicationThreadServerStreamListener$1MessagesAvailable.runInContext(ServerImpl.java:686) [ratis-thirdparty-misc-0.2.0.jar:0.2.0]
	at org.apache.ratis.thirdparty.io.grpc.internal.ContextRunnable.run(ContextRunnable.java:37) [ratis-thirdparty-misc-0.2.0.jar:0.2.0]
	at org.apache.ratis.thirdparty.io.grpc.internal.SerializingExecutor.run(SerializingExecutor.java:123) [ratis-thirdparty-misc-0.2.0.jar:0.2.0]
	at java.util.concurrent.ThreadPoolExecutor.runWorker(ThreadPoolExecutor.java:1149) [?:1.8.0_212]
	at java.util.concurrent.ThreadPoolExecutor$Worker.run(ThreadPoolExecutor.java:624) [?:1.8.0_212]
	at java.lang.Thread.run(Thread.java:748) [?:1.8.0_212]
2019-07-13 17:12:08,087 INFO  impl.HddsDispatcher (ContainerUtils.java:logAndReturnError(146)) - Operation: PutBlock : Trace ID: 20c974acd4e79339:20c974acd4e79339:0:0 : Message: ContainerID 2 does not exist : Result: CONTAINER_NOT_FOUND
2019-07-13 17:12:08,091 INFO  ozone.MiniOzoneClusterImpl (MiniOzoneClusterImpl.java:shutdown(321)) - Shutting down the Mini Ozone Cluster
2019-07-13 17:12:08,091 INFO  ozone.MiniOzoneClusterImpl (MiniOzoneClusterImpl.java:stop(336)) - Stopping the Mini Ozone Cluster
2019-07-13 17:12:08,091 INFO  ozone.MiniOzoneClusterImpl (MiniOzoneClusterImpl.java:stop(338)) - Stopping the OzoneManager
2019-07-13 17:12:08,091 INFO  ipc.Server (Server.java:stop(3082)) - Stopping server on 42302
2019-07-13 17:12:08,094 INFO  ipc.Server (Server.java:run(1185)) - Stopping IPC Server listener on 42302
2019-07-13 17:12:08,094 INFO  utils.BackgroundService (BackgroundService.java:shutdown(148)) - Shutting down service KeyDeletingService
2019-07-13 17:12:08,094 INFO  ipc.Server (Server.java:run(1319)) - Stopping IPC Server Responder
2019-07-13 17:12:08,097 INFO  handler.ContextHandler (ContextHandler.java:doStop(910)) - Stopped o.e.j.w.WebAppContext@5eb64c85{/,null,UNAVAILABLE}{/ozoneManager}
2019-07-13 17:12:08,098 INFO  server.AbstractConnector (AbstractConnector.java:doStop(318)) - Stopped ServerConnector@47c17ef4{HTTP/1.1,[http/1.1]}{0.0.0.0:0}
2019-07-13 17:12:08,099 INFO  handler.ContextHandler (ContextHandler.java:doStop(910)) - Stopped o.e.j.s.ServletContextHandler@75fa4b72{/static,file:///tmp/workdir/hadoop-ozone/integration-test/target/test-classes/webapps/static,UNAVAILABLE}
2019-07-13 17:12:08,099 INFO  handler.ContextHandler (ContextHandler.java:doStop(910)) - Stopped o.e.j.s.ServletContextHandler@c9fc8c3{/logs,file:///tmp/workdir/hadoop-ozone/integration-test/target/log,UNAVAILABLE}
2019-07-13 17:12:08,112 INFO  ozone.MiniOzoneClusterImpl (MiniOzoneClusterImpl.java:stop(344)) - Shutting the HddsDatanodes
2019-07-13 17:12:08,112 INFO  datanode.ObjectStoreHandler (ObjectStoreHandler.java:close(155)) - Closing ObjectStoreHandler.
2019-07-13 17:12:08,113 INFO  ozone.HddsDatanodeService (HddsDatanodeService.java:stop(452)) - Stopped plug-in org.apache.hadoop.ozone.web.OzoneHddsDatanodeService@408ee855
2019-07-13 17:12:08,962 INFO  statemachine.DatanodeStateMachine (DatanodeStateMachine.java:lambda$startDaemon$0(350)) - Ozone container server started.
2019-07-13 17:12:09,833 INFO  container.ReplicationManager (ReplicationManager.java:start(155)) - Starting Replication Monitor Thread.
2019-07-13 17:12:09,835 INFO  container.ReplicationManager (ReplicationManager.java:run(207)) - Replication Monitor Thread took 0 milliseconds for processing 2 containers.
2019-07-13 17:12:12,059 INFO  impl.FollowerState (FollowerState.java:run(106)) - 6ee3884a-d841-4d8c-8b6d-5695e4af430e:group-79A4DF5F460A changes to CANDIDATE, lastRpcTime:5173, electionTimeout:5173ms
2019-07-13 17:12:12,059 INFO  impl.RoleInfo (RoleInfo.java:shutdownFollowerState(121)) - 6ee3884a-d841-4d8c-8b6d-5695e4af430e: shutdown FollowerState
2019-07-13 17:12:12,059 INFO  impl.RaftServerImpl (RaftServerImpl.java:setRole(171)) - 6ee3884a-d841-4d8c-8b6d-5695e4af430e:group-79A4DF5F460A changes role from FOLLOWER to CANDIDATE at term 0 for changeToCandidate
2019-07-13 17:12:12,060 INFO  impl.RoleInfo (RoleInfo.java:updateAndGet(143)) - 6ee3884a-d841-4d8c-8b6d-5695e4af430e: start LeaderElection
2019-07-13 17:12:12,070 INFO  impl.LeaderElection (LeaderElection.java:askForVotes(181)) - 6ee3884a-d841-4d8c-8b6d-5695e4af430e:group-79A4DF5F460A:LeaderElection4: begin an election at term 1 for -1: [6ee3884a-d841-4d8c-8b6d-5695e4af430e:192.168.5.187:36299], old=null
2019-07-13 17:12:12,071 INFO  impl.RoleInfo (RoleInfo.java:shutdownLeaderElection(134)) - 6ee3884a-d841-4d8c-8b6d-5695e4af430e: shutdown LeaderElection
2019-07-13 17:12:12,071 INFO  impl.RaftServerImpl (RaftServerImpl.java:setRole(171)) - 6ee3884a-d841-4d8c-8b6d-5695e4af430e:group-79A4DF5F460A changes role from CANDIDATE to LEADER at term 1 for changeToLeader
2019-07-13 17:12:12,071 INFO  impl.RaftServerImpl (ServerState.java:setLeader(263)) - 6ee3884a-d841-4d8c-8b6d-5695e4af430e:group-79A4DF5F460A change Leader from null to 6ee3884a-d841-4d8c-8b6d-5695e4af430e at term 1 for becomeLeader, leader elected after 5192ms
2019-07-13 17:12:12,071 INFO  server.RaftServerConfigKeys (ConfUtils.java:logGet(43)) - raft.server.staging.catchup.gap = 1000 (default)
2019-07-13 17:12:12,071 INFO  server.RaftServerConfigKeys (ConfUtils.java:logGet(43)) - raft.server.rpc.sleep.time = 25ms (default)
2019-07-13 17:12:12,072 INFO  server.RaftServerConfigKeys (ConfUtils.java:logGet(43)) - raft.server.write.element-limit = 4096 (default)
2019-07-13 17:12:12,072 INFO  server.RaftServerConfigKeys (ConfUtils.java:logGet(43)) - raft.server.watch.timeout = 10s (default)
2019-07-13 17:12:12,072 INFO  server.RaftServerConfigKeys (ConfUtils.java:logGet(43)) - raft.server.watch.timeout.denomination = 1s (default)
2019-07-13 17:12:12,072 INFO  server.RaftServerConfigKeys (ConfUtils.java:logGet(43)) - raft.server.watch.element-limit = 65536 (default)
2019-07-13 17:12:12,073 INFO  impl.RoleInfo (RoleInfo.java:updateAndGet(143)) - 6ee3884a-d841-4d8c-8b6d-5695e4af430e: start LeaderState
2019-07-13 17:12:12,073 INFO  segmented.SegmentedRaftLogWorker (SegmentedRaftLogWorker.java:startLogSegment(380)) - 6ee3884a-d841-4d8c-8b6d-5695e4af430e-SegmentedRaftLogWorker:Storage Directory /tmp/workdir/hadoop-ozone/integration-test/target/test-dir/MiniOzoneClusterImpl-20f86ab7-4ddf-4966-9051-62833f3ed93f/datanode-0/data/ratis/9b8ca11d-7487-4c01-8d60-79a4df5f460a: Starting segment from index:0
2019-07-13 17:12:12,074 INFO  impl.RaftServerImpl (ServerState.java:setRaftConf(361)) - 6ee3884a-d841-4d8c-8b6d-5695e4af430e:group-79A4DF5F460A set configuration 0: [6ee3884a-d841-4d8c-8b6d-5695e4af430e:192.168.5.187:36299], old=null at 0
2019-07-13 17:12:12,115 INFO  segmented.SegmentedRaftLogWorker (SegmentedRaftLogWorker.java:execute(569)) - 6ee3884a-d841-4d8c-8b6d-5695e4af430e-SegmentedRaftLogWorker:Storage Directory /tmp/workdir/hadoop-ozone/integration-test/target/test-dir/MiniOzoneClusterImpl-20f86ab7-4ddf-4966-9051-62833f3ed93f/datanode-0/data/ratis/9b8ca11d-7487-4c01-8d60-79a4df5f460a: created new log segment /tmp/workdir/hadoop-ozone/integration-test/target/test-dir/MiniOzoneClusterImpl-20f86ab7-4ddf-4966-9051-62833f3ed93f/datanode-0/data/ratis/9b8ca11d-7487-4c01-8d60-79a4df5f460a/current/log_inprogress_0
2019-07-13 17:12:13,114 INFO  ozoneimpl.OzoneContainer (OzoneContainer.java:stop(199)) - Attempting to stop container services.
2019-07-13 17:12:13,115 INFO  impl.RaftServerProxy (RaftServerProxy.java:lambda$close$4(314)) - 6ee3884a-d841-4d8c-8b6d-5695e4af430e: close
2019-07-13 17:12:13,115 INFO  impl.RaftServerImpl (RaftServerImpl.java:lambda$shutdown$3(245)) - 6ee3884a-d841-4d8c-8b6d-5695e4af430e: shutdown group-79A4DF5F460A
2019-07-13 17:12:13,115 INFO  util.JmxRegister (JmxRegister.java:unregister(73)) - Successfully un-registered JMX Bean with object name Ratis:service=RaftServer,group=group-79A4DF5F460A,id=6ee3884a-d841-4d8c-8b6d-5695e4af430e
2019-07-13 17:12:13,116 INFO  impl.RoleInfo (RoleInfo.java:shutdownLeaderState(104)) - 6ee3884a-d841-4d8c-8b6d-5695e4af430e: shutdown LeaderState
2019-07-13 17:12:13,116 INFO  impl.PendingRequests (PendingRequests.java:sendNotLeaderResponses(202)) - 6ee3884a-d841-4d8c-8b6d-5695e4af430e-PendingRequests: sendNotLeaderResponses
2019-07-13 17:12:13,117 INFO  impl.StateMachineUpdater (StateMachineUpdater.java:stopAndJoin(115)) - StateMachineUpdater:6ee3884a-d841-4d8c-8b6d-5695e4af430e:group-79A4DF5F460A: set stopIndex = 0
2019-07-13 17:12:13,117 INFO  ratis.ContainerStateMachine (ContainerStateMachine.java:takeSnapshot(246)) - Taking snapshot at termIndex:(t:0, i:~)
2019-07-13 17:12:13,118 INFO  impl.RaftServerImpl (ServerState.java:close(394)) - 6ee3884a-d841-4d8c-8b6d-5695e4af430e:group-79A4DF5F460A closes. The last applied log index is 0
2019-07-13 17:12:13,119 INFO  segmented.SegmentedRaftLogWorker (SegmentedRaftLogWorker.java:run(313)) - 6ee3884a-d841-4d8c-8b6d-5695e4af430e-SegmentedRaftLogWorker:Storage Directory /tmp/workdir/hadoop-ozone/integration-test/target/test-dir/MiniOzoneClusterImpl-20f86ab7-4ddf-4966-9051-62833f3ed93f/datanode-0/data/ratis/9b8ca11d-7487-4c01-8d60-79a4df5f460a was interrupted, exiting. There are 0 tasks remaining in the queue.
2019-07-13 17:12:13,120 INFO  segmented.SegmentedRaftLogWorker (SegmentedRaftLogWorker.java:close(228)) - 6ee3884a-d841-4d8c-8b6d-5695e4af430e-SegmentedRaftLogWorker:Storage Directory /tmp/workdir/hadoop-ozone/integration-test/target/test-dir/MiniOzoneClusterImpl-20f86ab7-4ddf-4966-9051-62833f3ed93f/datanode-0/data/ratis/9b8ca11d-7487-4c01-8d60-79a4df5f460a close()
2019-07-13 17:12:13,122 INFO  server.GrpcService (GrpcService.java:closeImpl(155)) - 6ee3884a-d841-4d8c-8b6d-5695e4af430e: shutdown server with port 36299 now
2019-07-13 17:12:13,124 INFO  server.GrpcService (GrpcService.java:closeImpl(163)) - 6ee3884a-d841-4d8c-8b6d-5695e4af430e: shutdown server with port 36299 successfully
2019-07-13 17:12:13,127 INFO  utils.BackgroundService (BackgroundService.java:shutdown(148)) - Shutting down service BlockDeletingService
2019-07-13 17:12:13,132 WARN  fs.CachingGetSpaceUsed (CachingGetSpaceUsed.java:run(183)) - Thread Interrupted waiting to refresh disk information: sleep interrupted
2019-07-13 17:12:13,151 INFO  statemachine.DatanodeStateMachine (DatanodeStateMachine.java:stopDaemon(395)) - Ozone container server stopped.
2019-07-13 17:12:13,152 INFO  handler.ContextHandler (ContextHandler.java:doStop(910)) - Stopped o.e.j.w.WebAppContext@5b144ff2{/,null,UNAVAILABLE}{/hddsDatanode}
2019-07-13 17:12:13,153 INFO  server.AbstractConnector (AbstractConnector.java:doStop(318)) - Stopped ServerConnector@2795fcd5{HTTP/1.1,[http/1.1]}{0.0.0.0:0}
2019-07-13 17:12:13,153 INFO  handler.ContextHandler (ContextHandler.java:doStop(910)) - Stopped o.e.j.s.ServletContextHandler@672ca5ce{/static,jar:file:/home/user/.m2/repository/org/apache/hadoop/hadoop-hdds-container-service/0.5.0-SNAPSHOT/hadoop-hdds-container-service-0.5.0-SNAPSHOT.jar!/webapps/static,UNAVAILABLE}
2019-07-13 17:12:13,154 INFO  handler.ContextHandler (ContextHandler.java:doStop(910)) - Stopped o.e.j.s.ServletContextHandler@2b122a1d{/logs,file:///tmp/workdir/hadoop-ozone/integration-test/target/log,UNAVAILABLE}
2019-07-13 17:12:13,155 INFO  ozone.MiniOzoneClusterImpl (MiniOzoneClusterImpl.java:stop(353)) - Stopping the StorageContainerManager
2019-07-13 17:12:13,155 INFO  server.StorageContainerManager (StorageContainerManager.java:stop(796)) - Stopping Replication Manager Service.
2019-07-13 17:12:13,155 INFO  container.ReplicationManager (ReplicationManager.java:stop(187)) - Stopping Replication Monitor Thread.
2019-07-13 17:12:13,155 INFO  server.StorageContainerManager (StorageContainerManager.java:stop(803)) - Stopping Lease Manager of the command watchers
2019-07-13 17:12:13,155 INFO  server.StorageContainerManager (StorageContainerManager.java:stop(810)) - Stopping datanode service RPC server
2019-07-13 17:12:13,155 INFO  server.SCMDatanodeProtocolServer (SCMDatanodeProtocolServer.java:stop(375)) - Stopping the RPC server for DataNodes
2019-07-13 17:12:13,155 INFO  ipc.Server (Server.java:stop(3082)) - Stopping server on 34125
2019-07-13 17:12:13,156 INFO  ipc.Server (Server.java:run(1185)) - Stopping IPC Server listener on 34125
2019-07-13 17:12:13,157 INFO  ipc.Server (Server.java:run(1319)) - Stopping IPC Server Responder
2019-07-13 17:12:13,943 WARN  node.NodeStateManager (NodeStateManager.java:scheduleNextHealthCheck(631)) - Current Thread is interrupted, shutting down HB processing thread for Node Manager.
2019-07-13 17:12:13,943 INFO  server.StorageContainerManager (StorageContainerManager.java:stop(818)) - Stopping block service RPC server
2019-07-13 17:12:13,943 INFO  server.SCMBlockProtocolServer (SCMBlockProtocolServer.java:stop(148)) - Stopping the RPC server for Block Protocol
2019-07-13 17:12:13,944 INFO  ipc.Server (Server.java:stop(3082)) - Stopping server on 35418
2019-07-13 17:12:13,945 INFO  ipc.Server (Server.java:run(1185)) - Stopping IPC Server listener on 35418
2019-07-13 17:12:13,945 INFO  ipc.Server (Server.java:run(1319)) - Stopping IPC Server Responder
2019-07-13 17:12:13,945 INFO  server.StorageContainerManager (StorageContainerManager.java:stop(825)) - Stopping the StorageContainerLocationProtocol RPC server
2019-07-13 17:12:13,946 INFO  server.SCMClientProtocolServer (SCMClientProtocolServer.java:stop(157)) - Stopping the RPC server for Client Protocol
2019-07-13 17:12:13,947 INFO  ipc.Server (Server.java:stop(3082)) - Stopping server on 36663
2019-07-13 17:12:13,948 INFO  ipc.Server (Server.java:run(1185)) - Stopping IPC Server listener on 36663
2019-07-13 17:12:13,948 INFO  server.StorageContainerManager (StorageContainerManager.java:stop(832)) - Stopping Storage Container Manager HTTP server.
2019-07-13 17:12:13,948 INFO  ipc.Server (Server.java:run(1319)) - Stopping IPC Server Responder
2019-07-13 17:12:13,949 INFO  handler.ContextHandler (ContextHandler.java:doStop(910)) - Stopped o.e.j.w.WebAppContext@336aee22{/,null,UNAVAILABLE}{/scm}
2019-07-13 17:12:13,950 INFO  server.AbstractConnector (AbstractConnector.java:doStop(318)) - Stopped ServerConnector@464f4d4{HTTP/1.1,[http/1.1]}{0.0.0.0:0}
2019-07-13 17:12:13,951 INFO  handler.ContextHandler (ContextHandler.java:doStop(910)) - Stopped o.e.j.s.ServletContextHandler@fa5f611{/static,file:///tmp/workdir/hadoop-ozone/integration-test/target/test-classes/webapps/static,UNAVAILABLE}
2019-07-13 17:12:13,951 INFO  handler.ContextHandler (ContextHandler.java:doStop(910)) - Stopped o.e.j.s.ServletContextHandler@19099f81{/logs,file:///tmp/workdir/hadoop-ozone/integration-test/target/log,UNAVAILABLE}
2019-07-13 17:12:13,952 INFO  server.StorageContainerManager (StorageContainerManager.java:stop(843)) - Stopping Block Manager Service.
2019-07-13 17:12:13,952 INFO  utils.BackgroundService (BackgroundService.java:shutdown(148)) - Shutting down service SCMBlockDeletingService
2019-07-13 17:12:13,952 INFO  utils.BackgroundService (BackgroundService.java:shutdown(148)) - Shutting down service SCMBlockDeletingService
2019-07-13 17:12:13,953 INFO  server.StorageContainerManager (StorageContainerManager.java:stop(865)) - Stopping SCM Event Queue.
2019-07-13 17:12:13,956 INFO  impl.MetricsSystemImpl (MetricsSystemImpl.java:stop(210)) - Stopping HddsDatanode metrics system...
2019-07-13 17:12:13,958 INFO  impl.MetricsSystemImpl (MetricsSystemImpl.java:stop(216)) - HddsDatanode metrics system stopped.
]]></system-out>
    <system-err><![CDATA[Jul 13, 2019 5:12:02 PM com.sun.jersey.server.impl.application.WebApplicationImpl _initiate
INFO: Initiating Jersey application, version 'Jersey: 1.19 02/11/2015 03:25 AM'
]]></system-err>
  </testcase>
  <testcase name="testPutKey" classname="org.apache.hadoop.ozone.web.client.TestKeys" time="12.246">
    <error message="Unexpected Storage Container Exception: org.apache.hadoop.hdds.scm.container.common.helpers.StorageContainerException: ContainerID 2 creation failed" type="java.io.IOException">java.io.IOException: Unexpected Storage Container Exception: org.apache.hadoop.hdds.scm.container.common.helpers.StorageContainerException: ContainerID 2 creation failed
	at org.apache.hadoop.hdds.scm.storage.BlockOutputStream.setIoException(BlockOutputStream.java:549)
	at org.apache.hadoop.hdds.scm.storage.BlockOutputStream.validateResponse(BlockOutputStream.java:540)
	at org.apache.hadoop.hdds.scm.storage.BlockOutputStream.lambda$writeChunkToContainer$2(BlockOutputStream.java:615)
	at java.util.concurrent.CompletableFuture.uniApply(CompletableFuture.java:602)
	at java.util.concurrent.CompletableFuture$UniApply.tryFire(CompletableFuture.java:577)
	at java.util.concurrent.CompletableFuture$Completion.run(CompletableFuture.java:442)
	at java.util.concurrent.ThreadPoolExecutor.runWorker(ThreadPoolExecutor.java:1149)
	at java.util.concurrent.ThreadPoolExecutor$Worker.run(ThreadPoolExecutor.java:624)
	at java.lang.Thread.run(Thread.java:748)
Caused by: org.apache.hadoop.hdds.scm.container.common.helpers.StorageContainerException: ContainerID 2 creation failed
	at org.apache.hadoop.hdds.scm.storage.ContainerProtocolCalls.validateContainerResponse(ContainerProtocolCalls.java:536)
	at org.apache.hadoop.hdds.scm.storage.BlockOutputStream.validateResponse(BlockOutputStream.java:537)
	... 7 more
</error>
    <system-out><![CDATA[2019-07-13 17:12:13,989 WARN  server.ServerUtils (ServerUtils.java:getScmDbDir(145)) - ozone.scm.db.dirs is not configured. We recommend adding this setting. Falling back to ozone.metadata.dirs instead.
2019-07-13 17:12:14,004 WARN  server.ServerUtils (ServerUtils.java:getScmDbDir(145)) - ozone.scm.db.dirs is not configured. We recommend adding this setting. Falling back to ozone.metadata.dirs instead.
2019-07-13 17:12:14,004 WARN  server.ServerUtils (ServerUtils.java:getScmDbDir(145)) - ozone.scm.db.dirs is not configured. We recommend adding this setting. Falling back to ozone.metadata.dirs instead.
2019-07-13 17:12:14,005 INFO  db.DBStoreBuilder (DBStoreBuilder.java:addTable(110)) - using custom profile for table: deletedBlocks
2019-07-13 17:12:14,005 INFO  db.DBStoreBuilder (DBStoreBuilder.java:processTables(161)) - Using default column profile:DBProfile.DISK for Table:deletedBlocks
2019-07-13 17:12:14,005 INFO  db.DBStoreBuilder (DBStoreBuilder.java:addTable(110)) - using custom profile for table: validCerts
2019-07-13 17:12:14,005 INFO  db.DBStoreBuilder (DBStoreBuilder.java:processTables(161)) - Using default column profile:DBProfile.DISK for Table:validCerts
2019-07-13 17:12:14,006 INFO  db.DBStoreBuilder (DBStoreBuilder.java:addTable(110)) - using custom profile for table: revokedCerts
2019-07-13 17:12:14,006 INFO  db.DBStoreBuilder (DBStoreBuilder.java:processTables(161)) - Using default column profile:DBProfile.DISK for Table:revokedCerts
2019-07-13 17:12:14,006 INFO  db.DBStoreBuilder (DBStoreBuilder.java:addTable(110)) - using custom profile for table: default
2019-07-13 17:12:14,006 INFO  db.DBStoreBuilder (DBStoreBuilder.java:processTables(167)) - Using default column profile:DBProfile.DISK for Table:default
2019-07-13 17:12:14,007 INFO  db.DBStoreBuilder (DBStoreBuilder.java:getDbProfile(198)) - Using default options. DBProfile.DISK
2019-07-13 17:12:14,176 INFO  net.NodeSchemaLoader (NodeSchemaLoader.java:loadSchemaFromFile(125)) - Loading file from sun.misc.CompoundEnumeration@5e941231
2019-07-13 17:12:14,176 INFO  net.NodeSchemaLoader (NodeSchemaLoader.java:loadSchema(171)) - Loading network topology layer schema file
2019-07-13 17:12:14,182 INFO  node.SCMNodeManager (SCMNodeManager.java:<init>(119)) - Entering startup safe mode.
2019-07-13 17:12:14,183 WARN  server.ServerUtils (ServerUtils.java:getScmDbDir(145)) - ozone.scm.db.dirs is not configured. We recommend adding this setting. Falling back to ozone.metadata.dirs instead.
2019-07-13 17:12:14,215 INFO  pipeline.SCMPipelineManager (SCMPipelineManager.java:initializePipelineState(126)) - No pipeline exists in current db
2019-07-13 17:12:14,215 WARN  server.ServerUtils (ServerUtils.java:getScmDbDir(145)) - ozone.scm.db.dirs is not configured. We recommend adding this setting. Falling back to ozone.metadata.dirs instead.
2019-07-13 17:12:14,257 WARN  events.EventQueue (EventQueue.java:fireEvent(175)) - No event handler registered for event TypedEvent{payloadType=SafeModeStatus, name='SafeModeStatus'}
2019-07-13 17:12:14,258 INFO  ipc.CallQueueManager (CallQueueManager.java:<init>(84)) - Using callQueue: class java.util.concurrent.LinkedBlockingQueue, queueCapacity: 2000, scheduler: class org.apache.hadoop.ipc.DefaultRpcScheduler, ipcBackoff: false.
2019-07-13 17:12:14,259 INFO  ipc.Server (Server.java:run(1074)) - Starting Socket Reader #1 for port 40890
2019-07-13 17:12:14,261 INFO  ipc.CallQueueManager (CallQueueManager.java:<init>(84)) - Using callQueue: class java.util.concurrent.LinkedBlockingQueue, queueCapacity: 2000, scheduler: class org.apache.hadoop.ipc.DefaultRpcScheduler, ipcBackoff: false.
2019-07-13 17:12:14,261 INFO  ipc.Server (Server.java:run(1074)) - Starting Socket Reader #1 for port 38924
2019-07-13 17:12:14,263 INFO  ipc.CallQueueManager (CallQueueManager.java:<init>(84)) - Using callQueue: class java.util.concurrent.LinkedBlockingQueue, queueCapacity: 2000, scheduler: class org.apache.hadoop.ipc.DefaultRpcScheduler, ipcBackoff: false.
2019-07-13 17:12:14,264 INFO  ipc.Server (Server.java:run(1074)) - Starting Socket Reader #1 for port 42873
2019-07-13 17:12:14,266 INFO  hdfs.DFSUtil (DFSUtil.java:httpServerTemplateForNNAndJN(1641)) - Starting Web-server for scm at: http://0.0.0.0:0
2019-07-13 17:12:14,268 INFO  server.AuthenticationFilter (AuthenticationFilter.java:constructSecretProvider(240)) - Unable to initialize FileSignerSecretProvider, falling back to use random secrets.
2019-07-13 17:12:14,269 WARN  http.HttpRequestLog (HttpRequestLog.java:getRequestLog(97)) - Jetty request log can only be enabled using Log4j
2019-07-13 17:12:14,272 INFO  http.HttpServer2 (HttpServer2.java:addGlobalFilter(975)) - Added global filter 'safety' (class=org.apache.hadoop.http.HttpServer2$QuotingInputFilter)
2019-07-13 17:12:14,273 INFO  http.HttpServer2 (HttpServer2.java:addFilter(948)) - Added filter static_user_filter (class=org.apache.hadoop.http.lib.StaticUserWebFilter$StaticUserFilter) to context scm
2019-07-13 17:12:14,273 INFO  http.HttpServer2 (HttpServer2.java:addFilter(958)) - Added filter static_user_filter (class=org.apache.hadoop.http.lib.StaticUserWebFilter$StaticUserFilter) to context static
2019-07-13 17:12:14,273 INFO  http.HttpServer2 (HttpServer2.java:addFilter(958)) - Added filter static_user_filter (class=org.apache.hadoop.http.lib.StaticUserWebFilter$StaticUserFilter) to context logs
2019-07-13 17:12:14,277 INFO  server.StorageContainerManager (StorageContainerManager.java:start(759)) - StorageContainerLocationProtocol RPC server is listening at /0.0.0.0:42873
2019-07-13 17:12:14,279 WARN  impl.MetricsConfig (MetricsConfig.java:loadFirst(134)) - Cannot locate configuration: tried hadoop-metrics2-storagecontainermanager.properties,hadoop-metrics2.properties
2019-07-13 17:12:14,281 INFO  impl.MetricsSystemImpl (MetricsSystemImpl.java:startTimer(374)) - Scheduled Metric snapshot period at 10 second(s).
2019-07-13 17:12:14,281 INFO  impl.MetricsSystemImpl (MetricsSystemImpl.java:start(191)) - StorageContainerManager metrics system started
2019-07-13 17:12:14,314 INFO  server.SCMClientProtocolServer (SCMClientProtocolServer.java:start(149)) - RPC server for Client  is listening at /0.0.0.0:42873
2019-07-13 17:12:14,314 INFO  ipc.Server (Server.java:run(1314)) - IPC Server Responder: starting
2019-07-13 17:12:14,314 INFO  ipc.Server (Server.java:run(1153)) - IPC Server listener on 42873: starting
2019-07-13 17:12:14,319 INFO  server.StorageContainerManager (StorageContainerManager.java:start(768)) - ScmBlockLocationProtocol RPC server is listening at /0.0.0.0:38924
2019-07-13 17:12:14,319 INFO  server.SCMBlockProtocolServer (SCMBlockProtocolServer.java:start(140)) - RPC server for Block Protocol is listening at /0.0.0.0:38924
2019-07-13 17:12:14,319 INFO  ipc.Server (Server.java:run(1314)) - IPC Server Responder: starting
2019-07-13 17:12:14,319 INFO  ipc.Server (Server.java:run(1153)) - IPC Server listener on 38924: starting
2019-07-13 17:12:14,324 INFO  server.StorageContainerManager (StorageContainerManager.java:start(772)) - ScmDatanodeProtocl RPC server is listening at /0.0.0.0:40890
2019-07-13 17:12:14,324 INFO  server.SCMDatanodeProtocolServer (SCMDatanodeProtocolServer.java:start(191)) - RPC server for DataNodes is listening at /0.0.0.0:40890
2019-07-13 17:12:14,324 INFO  ipc.Server (Server.java:run(1314)) - IPC Server Responder: starting
2019-07-13 17:12:14,325 INFO  ipc.Server (Server.java:run(1153)) - IPC Server listener on 40890: starting
2019-07-13 17:12:14,329 INFO  http.HttpServer2 (HttpServer2.java:bindListener(1191)) - Jetty bound to port 44666
2019-07-13 17:12:14,329 INFO  server.Server (Server.java:doStart(351)) - jetty-9.3.24.v20180605, build timestamp: 2018-06-05T17:11:56Z, git hash: 84205aa28f11a4f31f2a3b86d1bba2cc8ab69827
2019-07-13 17:12:14,332 INFO  handler.ContextHandler (ContextHandler.java:doStart(781)) - Started o.e.j.s.ServletContextHandler@7e1c7a1b{/logs,file:///tmp/workdir/hadoop-ozone/integration-test/target/log,AVAILABLE}
2019-07-13 17:12:14,333 INFO  handler.ContextHandler (ContextHandler.java:doStart(781)) - Started o.e.j.s.ServletContextHandler@16f94eed{/static,file:///tmp/workdir/hadoop-ozone/integration-test/target/test-classes/webapps/static,AVAILABLE}
2019-07-13 17:12:14,340 INFO  handler.ContextHandler (ContextHandler.java:doStart(781)) - Started o.e.j.w.WebAppContext@5c3e4adb{/,file:///tmp/workdir/hadoop-ozone/integration-test/target/test-classes/webapps/scm/,AVAILABLE}{/scm}
2019-07-13 17:12:14,341 INFO  server.AbstractConnector (AbstractConnector.java:doStart(278)) - Started ServerConnector@22da4720{HTTP/1.1,[http/1.1]}{0.0.0.0:44666}
2019-07-13 17:12:14,341 INFO  server.Server (Server.java:doStart(419)) - Started @54509ms
2019-07-13 17:12:14,343 INFO  server.BaseHttpServer (BaseHttpServer.java:updateConnectorAddress(207)) - HTTP server of SCM is listening at http://0.0.0.0:44666
2019-07-13 17:12:14,343 WARN  server.ServerUtils (ServerUtils.java:getDBPath(222)) - ozone.om.db.dirs is not configured. We recommend adding this setting. Falling back to ozone.metadata.dirs instead.
2019-07-13 17:12:14,344 INFO  util.JvmPauseMonitor (JvmPauseMonitor.java:run(188)) - Starting JVM pause monitor
2019-07-13 17:12:14,351 WARN  server.ServerUtils (ServerUtils.java:getDBPath(222)) - ozone.om.db.dirs is not configured. We recommend adding this setting. Falling back to ozone.metadata.dirs instead.
2019-07-13 17:12:14,351 INFO  om.OzoneManager (OzoneManager.java:setOMNodeDetails(630)) - OM Service ID is not set. Setting it to the default ID: omServiceIdDefault
2019-07-13 17:12:14,351 INFO  om.OzoneManager (OzoneManager.java:setOMNodeDetails(636)) - OM Node ID is not set. Setting it to the OmStorage's OmID: d1716081-c180-4f47-af55-ff9d90e7a5a3
2019-07-13 17:12:14,352 INFO  om.OzoneManager (OzoneManager.java:loadOMHAConfigs(587)) - Found matching OM address with OMServiceId: null, OMNodeId: null, RPC Address: localhost:0 and Ratis port: 9872
2019-07-13 17:12:14,359 WARN  server.ServerUtils (ServerUtils.java:getDBPath(222)) - ozone.om.db.dirs is not configured. We recommend adding this setting. Falling back to ozone.metadata.dirs instead.
2019-07-13 17:12:14,360 INFO  db.DBStoreBuilder (DBStoreBuilder.java:addTable(110)) - using custom profile for table: userTable
2019-07-13 17:12:14,360 INFO  db.DBStoreBuilder (DBStoreBuilder.java:processTables(161)) - Using default column profile:DBProfile.DISK for Table:userTable
2019-07-13 17:12:14,360 INFO  db.DBStoreBuilder (DBStoreBuilder.java:addTable(110)) - using custom profile for table: volumeTable
2019-07-13 17:12:14,360 INFO  db.DBStoreBuilder (DBStoreBuilder.java:processTables(161)) - Using default column profile:DBProfile.DISK for Table:volumeTable
2019-07-13 17:12:14,361 INFO  db.DBStoreBuilder (DBStoreBuilder.java:addTable(110)) - using custom profile for table: bucketTable
2019-07-13 17:12:14,361 INFO  db.DBStoreBuilder (DBStoreBuilder.java:processTables(161)) - Using default column profile:DBProfile.DISK for Table:bucketTable
2019-07-13 17:12:14,361 INFO  db.DBStoreBuilder (DBStoreBuilder.java:addTable(110)) - using custom profile for table: keyTable
2019-07-13 17:12:14,361 INFO  db.DBStoreBuilder (DBStoreBuilder.java:processTables(161)) - Using default column profile:DBProfile.DISK for Table:keyTable
2019-07-13 17:12:14,361 INFO  db.DBStoreBuilder (DBStoreBuilder.java:addTable(110)) - using custom profile for table: deletedTable
2019-07-13 17:12:14,362 INFO  db.DBStoreBuilder (DBStoreBuilder.java:processTables(161)) - Using default column profile:DBProfile.DISK for Table:deletedTable
2019-07-13 17:12:14,362 INFO  db.DBStoreBuilder (DBStoreBuilder.java:addTable(110)) - using custom profile for table: openKeyTable
2019-07-13 17:12:14,362 INFO  db.DBStoreBuilder (DBStoreBuilder.java:processTables(161)) - Using default column profile:DBProfile.DISK for Table:openKeyTable
2019-07-13 17:12:14,362 INFO  db.DBStoreBuilder (DBStoreBuilder.java:addTable(110)) - using custom profile for table: s3Table
2019-07-13 17:12:14,362 INFO  db.DBStoreBuilder (DBStoreBuilder.java:processTables(161)) - Using default column profile:DBProfile.DISK for Table:s3Table
2019-07-13 17:12:14,362 INFO  db.DBStoreBuilder (DBStoreBuilder.java:addTable(110)) - using custom profile for table: multipartInfoTable
2019-07-13 17:12:14,363 INFO  db.DBStoreBuilder (DBStoreBuilder.java:processTables(161)) - Using default column profile:DBProfile.DISK for Table:multipartInfoTable
2019-07-13 17:12:14,363 INFO  db.DBStoreBuilder (DBStoreBuilder.java:addTable(110)) - using custom profile for table: dTokenTable
2019-07-13 17:12:14,363 INFO  db.DBStoreBuilder (DBStoreBuilder.java:processTables(161)) - Using default column profile:DBProfile.DISK for Table:dTokenTable
2019-07-13 17:12:14,363 INFO  db.DBStoreBuilder (DBStoreBuilder.java:addTable(110)) - using custom profile for table: s3SecretTable
2019-07-13 17:12:14,363 INFO  db.DBStoreBuilder (DBStoreBuilder.java:processTables(161)) - Using default column profile:DBProfile.DISK for Table:s3SecretTable
2019-07-13 17:12:14,364 INFO  db.DBStoreBuilder (DBStoreBuilder.java:addTable(110)) - using custom profile for table: prefixTable
2019-07-13 17:12:14,364 INFO  db.DBStoreBuilder (DBStoreBuilder.java:processTables(161)) - Using default column profile:DBProfile.DISK for Table:prefixTable
2019-07-13 17:12:14,364 INFO  db.DBStoreBuilder (DBStoreBuilder.java:addTable(110)) - using custom profile for table: default
2019-07-13 17:12:14,364 INFO  db.DBStoreBuilder (DBStoreBuilder.java:processTables(167)) - Using default column profile:DBProfile.DISK for Table:default
2019-07-13 17:12:14,364 INFO  db.DBStoreBuilder (DBStoreBuilder.java:getDbProfile(198)) - Using default options. DBProfile.DISK
2019-07-13 17:12:14,808 INFO  ipc.CallQueueManager (CallQueueManager.java:<init>(84)) - Using callQueue: class java.util.concurrent.LinkedBlockingQueue, queueCapacity: 2000, scheduler: class org.apache.hadoop.ipc.DefaultRpcScheduler, ipcBackoff: false.
2019-07-13 17:12:14,809 INFO  ipc.Server (Server.java:run(1074)) - Starting Socket Reader #1 for port 43055
2019-07-13 17:12:14,831 WARN  server.ServerUtils (ServerUtils.java:getDBPath(222)) - ozone.om.db.dirs is not configured. We recommend adding this setting. Falling back to ozone.metadata.dirs instead.
2019-07-13 17:12:14,831 INFO  om.OzoneManager (OzoneManager.java:start(1228)) - OzoneManager RPC server is listening at localhost/127.0.0.1:43055
2019-07-13 17:12:14,831 INFO  impl.MetricsSystemImpl (MetricsSystemImpl.java:init(158)) - OzoneManager metrics system started (again)
2019-07-13 17:12:14,832 INFO  ipc.Server (Server.java:run(1314)) - IPC Server Responder: starting
2019-07-13 17:12:14,832 INFO  ipc.Server (Server.java:run(1153)) - IPC Server listener on 43055: starting
2019-07-13 17:12:14,840 INFO  hdfs.DFSUtil (DFSUtil.java:httpServerTemplateForNNAndJN(1641)) - Starting Web-server for ozoneManager at: http://0.0.0.0:0
2019-07-13 17:12:14,843 INFO  server.AuthenticationFilter (AuthenticationFilter.java:constructSecretProvider(240)) - Unable to initialize FileSignerSecretProvider, falling back to use random secrets.
2019-07-13 17:12:14,843 WARN  http.HttpRequestLog (HttpRequestLog.java:getRequestLog(97)) - Jetty request log can only be enabled using Log4j
2019-07-13 17:12:14,846 INFO  http.HttpServer2 (HttpServer2.java:addGlobalFilter(975)) - Added global filter 'safety' (class=org.apache.hadoop.http.HttpServer2$QuotingInputFilter)
2019-07-13 17:12:14,847 INFO  http.HttpServer2 (HttpServer2.java:addFilter(948)) - Added filter static_user_filter (class=org.apache.hadoop.http.lib.StaticUserWebFilter$StaticUserFilter) to context ozoneManager
2019-07-13 17:12:14,847 INFO  http.HttpServer2 (HttpServer2.java:addFilter(958)) - Added filter static_user_filter (class=org.apache.hadoop.http.lib.StaticUserWebFilter$StaticUserFilter) to context logs
2019-07-13 17:12:14,848 INFO  http.HttpServer2 (HttpServer2.java:addFilter(958)) - Added filter static_user_filter (class=org.apache.hadoop.http.lib.StaticUserWebFilter$StaticUserFilter) to context static
2019-07-13 17:12:14,849 INFO  http.HttpServer2 (HttpServer2.java:bindListener(1191)) - Jetty bound to port 42122
2019-07-13 17:12:14,849 INFO  server.Server (Server.java:doStart(351)) - jetty-9.3.24.v20180605, build timestamp: 2018-06-05T17:11:56Z, git hash: 84205aa28f11a4f31f2a3b86d1bba2cc8ab69827
2019-07-13 17:12:14,851 INFO  handler.ContextHandler (ContextHandler.java:doStart(781)) - Started o.e.j.s.ServletContextHandler@13a8af40{/logs,file:///tmp/workdir/hadoop-ozone/integration-test/target/log,AVAILABLE}
2019-07-13 17:12:14,852 INFO  handler.ContextHandler (ContextHandler.java:doStart(781)) - Started o.e.j.s.ServletContextHandler@2f9b32a1{/static,file:///tmp/workdir/hadoop-ozone/integration-test/target/test-classes/webapps/static,AVAILABLE}
2019-07-13 17:12:14,858 INFO  handler.ContextHandler (ContextHandler.java:doStart(781)) - Started o.e.j.w.WebAppContext@acfcf7b{/,file:///tmp/workdir/hadoop-ozone/integration-test/target/test-classes/webapps/ozoneManager/,AVAILABLE}{/ozoneManager}
2019-07-13 17:12:14,858 INFO  server.AbstractConnector (AbstractConnector.java:doStart(278)) - Started ServerConnector@71a962f5{HTTP/1.1,[http/1.1]}{0.0.0.0:42122}
2019-07-13 17:12:14,859 INFO  server.Server (Server.java:doStart(419)) - Started @55027ms
2019-07-13 17:12:14,860 INFO  server.BaseHttpServer (BaseHttpServer.java:updateConnectorAddress(207)) - HTTP server of OZONEMANAGER is listening at http://0.0.0.0:42122
2019-07-13 17:12:14,865 INFO  impl.MetricsSystemImpl (MetricsSystemImpl.java:init(158)) - HddsDatanode metrics system started (again)
2019-07-13 17:12:14,865 INFO  ozone.HddsDatanodeService (HddsDatanodeService.java:start(185)) - HddsDatanodeService host:trunk-nightly-z92hn-1831959607 ip:192.168.5.187
2019-07-13 17:12:14,873 INFO  volume.HddsVolume (HddsVolume.java:<init>(176)) - Creating Volume: /tmp/workdir/hadoop-ozone/integration-test/target/test-dir/MiniOzoneClusterImpl-e3d0d3ab-df3d-4885-9fcc-d3a16c2e51f8/datanode-0/data/containers/hdds of  storage type : DISK and capacity : 52710309888
2019-07-13 17:12:14,873 INFO  volume.VolumeSet (VolumeSet.java:initializeVolumeSet(170)) - Added Volume : /tmp/workdir/hadoop-ozone/integration-test/target/test-dir/MiniOzoneClusterImpl-e3d0d3ab-df3d-4885-9fcc-d3a16c2e51f8/datanode-0/data/containers/hdds to VolumeSet
2019-07-13 17:12:14,873 INFO  volume.ThrottledAsyncChecker (ThrottledAsyncChecker.java:schedule(140)) - Scheduling a check for org.apache.hadoop.ozone.container.common.volume.HddsVolume@26c6dfed
2019-07-13 17:12:14,874 INFO  volume.HddsVolumeChecker (HddsVolumeChecker.java:checkAllVolumes(203)) - Scheduled health check for volume org.apache.hadoop.ozone.container.common.volume.HddsVolume@26c6dfed
2019-07-13 17:12:14,894 INFO  impl.RaftServerProxy (ConfUtils.java:logGet(43)) - raft.rpc.type = GRPC (default)
2019-07-13 17:12:14,894 INFO  grpc.GrpcFactory (GrpcFactory.java:checkPooledByteBufAllocatorUseCacheForAllThreads(45)) - PERFORMANCE WARNING: useCacheForAllThreads is true that may cause Netty to create a lot garbage objects and, as a result, trigger GC.
	It is recommended to disable useCacheForAllThreads by setting -Dorg.apache.ratis.thirdparty.io.netty.allocator.useCacheForAllThreads=false in command line.
2019-07-13 17:12:14,894 INFO  grpc.GrpcConfigKeys$Server (ConfUtils.java:logGet(43)) - raft.grpc.server.port = 0 (default)
2019-07-13 17:12:14,894 INFO  server.GrpcService (ConfUtils.java:logGet(43)) - raft.grpc.message.size.max = 33570816 (custom)
2019-07-13 17:12:14,894 INFO  server.RaftServerConfigKeys (ConfUtils.java:logGet(43)) - raft.server.log.appender.buffer.byte-limit = 33554432 (custom)
2019-07-13 17:12:14,895 INFO  server.GrpcService (ConfUtils.java:logGet(43)) - raft.grpc.flow.control.window = 1MB (=1048576) (default)
2019-07-13 17:12:14,895 INFO  server.RaftServerConfigKeys (ConfUtils.java:logGet(43)) - raft.server.rpc.request.timeout = 3000ms (default)
2019-07-13 17:12:14,896 INFO  server.RaftServerConfigKeys (ConfUtils.java:logGet(43)) - raft.server.storage.dir = [/tmp/workdir/hadoop-ozone/integration-test/target/test-dir/MiniOzoneClusterImpl-e3d0d3ab-df3d-4885-9fcc-d3a16c2e51f8/datanode-0/data/ratis] (custom)
2019-07-13 17:12:14,896 INFO  replication.SimpleContainerDownloader (SimpleContainerDownloader.java:<init>(72)) - Starting container downloader service to copy containers to replicate.
2019-07-13 17:12:14,897 INFO  hdfs.DFSUtil (DFSUtil.java:httpServerTemplateForNNAndJN(1641)) - Starting Web-server for hddsDatanode at: http://0.0.0.0:0
2019-07-13 17:12:14,899 INFO  server.AuthenticationFilter (AuthenticationFilter.java:constructSecretProvider(240)) - Unable to initialize FileSignerSecretProvider, falling back to use random secrets.
2019-07-13 17:12:14,899 WARN  http.HttpRequestLog (HttpRequestLog.java:getRequestLog(97)) - Jetty request log can only be enabled using Log4j
2019-07-13 17:12:14,901 INFO  http.HttpServer2 (HttpServer2.java:addGlobalFilter(975)) - Added global filter 'safety' (class=org.apache.hadoop.http.HttpServer2$QuotingInputFilter)
2019-07-13 17:12:14,901 INFO  http.HttpServer2 (HttpServer2.java:addFilter(948)) - Added filter static_user_filter (class=org.apache.hadoop.http.lib.StaticUserWebFilter$StaticUserFilter) to context hddsDatanode
2019-07-13 17:12:14,901 INFO  http.HttpServer2 (HttpServer2.java:addFilter(958)) - Added filter static_user_filter (class=org.apache.hadoop.http.lib.StaticUserWebFilter$StaticUserFilter) to context static
2019-07-13 17:12:14,902 INFO  http.HttpServer2 (HttpServer2.java:addFilter(958)) - Added filter static_user_filter (class=org.apache.hadoop.http.lib.StaticUserWebFilter$StaticUserFilter) to context logs
2019-07-13 17:12:14,902 INFO  http.HttpServer2 (HttpServer2.java:bindListener(1191)) - Jetty bound to port 36001
2019-07-13 17:12:14,902 INFO  server.Server (Server.java:doStart(351)) - jetty-9.3.24.v20180605, build timestamp: 2018-06-05T17:11:56Z, git hash: 84205aa28f11a4f31f2a3b86d1bba2cc8ab69827
2019-07-13 17:12:14,905 INFO  handler.ContextHandler (ContextHandler.java:doStart(781)) - Started o.e.j.s.ServletContextHandler@2952748d{/logs,file:///tmp/workdir/hadoop-ozone/integration-test/target/log,AVAILABLE}
2019-07-13 17:12:14,906 INFO  handler.ContextHandler (ContextHandler.java:doStart(781)) - Started o.e.j.s.ServletContextHandler@48e214e1{/static,jar:file:/home/user/.m2/repository/org/apache/hadoop/hadoop-hdds-container-service/0.5.0-SNAPSHOT/hadoop-hdds-container-service-0.5.0-SNAPSHOT.jar!/webapps/static,AVAILABLE}
2019-07-13 17:12:14,939 INFO  handler.ContextHandler (ContextHandler.java:doStart(781)) - Started o.e.j.w.WebAppContext@2e5e581e{/,file:///tmp/jetty-0.0.0.0-36001-hddsDatanode-_-any-3205092516496920047.dir/webapp/,AVAILABLE}{/hddsDatanode}
2019-07-13 17:12:14,939 INFO  server.AbstractConnector (AbstractConnector.java:doStart(278)) - Started ServerConnector@38bdbaac{HTTP/1.1,[http/1.1]}{0.0.0.0:36001}
2019-07-13 17:12:14,941 INFO  server.Server (Server.java:doStart(419)) - Started @55108ms
2019-07-13 17:12:14,941 INFO  server.BaseHttpServer (BaseHttpServer.java:updateConnectorAddress(207)) - HTTP server of HDDSDATANODE is listening at http://0.0.0.0:36001
2019-07-13 17:12:15,071 INFO  ozone.HddsDatanodeService (HddsDatanodeService.java:startPlugins(396)) - Started plug-in org.apache.hadoop.ozone.web.OzoneHddsDatanodeService@5699d442
2019-07-13 17:12:15,071 INFO  ozone.MiniOzoneClusterImpl (MiniOzoneClusterImpl.java:lambda$waitForClusterToBeReady$0(142)) - Waiting for cluster to be ready. Got 0 of 1 DN Heartbeats.
2019-07-13 17:12:15,075 INFO  util.JvmPauseMonitor (JvmPauseMonitor.java:run(188)) - Starting JVM pause monitor
2019-07-13 17:12:15,077 INFO  datanode.InitDatanodeState (InitDatanodeState.java:persistContainerDatanodeDetails(140)) - DatanodeDetails is persisted to /tmp/workdir/hadoop-ozone/integration-test/target/test-dir/MiniOzoneClusterImpl-e3d0d3ab-df3d-4885-9fcc-d3a16c2e51f8/datanode-0/meta/datanode.id
2019-07-13 17:12:16,072 INFO  ozone.MiniOzoneClusterImpl (MiniOzoneClusterImpl.java:lambda$waitForClusterToBeReady$0(142)) - Waiting for cluster to be ready. Got 0 of 1 DN Heartbeats.
2019-07-13 17:12:17,072 INFO  ozone.MiniOzoneClusterImpl (MiniOzoneClusterImpl.java:lambda$waitForClusterToBeReady$0(142)) - Waiting for cluster to be ready. Got 0 of 1 DN Heartbeats.
2019-07-13 17:12:17,102 INFO  ozoneimpl.OzoneContainer (OzoneContainer.java:start(186)) - Attempting to start container services.
2019-07-13 17:12:17,103 INFO  ozoneimpl.OzoneContainer (OzoneContainer.java:startContainerScrub(160)) - Background container scrubber has been disabled by hdds.containerscrub.enabled
2019-07-13 17:12:17,103 INFO  ratis.XceiverServerRatis (XceiverServerRatis.java:start(418)) - Starting XceiverServerRatis 90fd0d34-a73a-4681-abe3-dc95d09d0c2c at port 0
2019-07-13 17:12:17,187 INFO  impl.RaftServerProxy (RaftServerProxy.java:lambda$start$3(299)) - 90fd0d34-a73a-4681-abe3-dc95d09d0c2c: start RPC server
2019-07-13 17:12:17,199 INFO  server.GrpcService (GrpcService.java:startImpl(149)) - 90fd0d34-a73a-4681-abe3-dc95d09d0c2c: GrpcService started, listening on 0.0.0.0/0.0.0.0:45925
2019-07-13 17:12:17,199 INFO  ratis.XceiverServerRatis (XceiverServerRatis.java:start(428)) - XceiverServerRatis 90fd0d34-a73a-4681-abe3-dc95d09d0c2c is started using port 45925
2019-07-13 17:12:17,201 INFO  server.XceiverServerGrpc (XceiverServerGrpc.java:start(161)) - XceiverServerGrpc 90fd0d34-a73a-4681-abe3-dc95d09d0c2c is started using port 39684
2019-07-13 17:12:18,073 INFO  ozone.MiniOzoneClusterImpl (MiniOzoneClusterImpl.java:lambda$waitForClusterToBeReady$0(142)) - Waiting for cluster to be ready. Got 0 of 1 DN Heartbeats.
2019-07-13 17:12:19,073 INFO  ozone.MiniOzoneClusterImpl (MiniOzoneClusterImpl.java:lambda$waitForClusterToBeReady$0(142)) - Waiting for cluster to be ready. Got 0 of 1 DN Heartbeats.
2019-07-13 17:12:19,077 INFO  net.NetworkTopology (NetworkTopologyImpl.java:add(110)) - Added a new node: /default-rack/192.168.5.187
2019-07-13 17:12:19,078 INFO  node.SCMNodeManager (SCMNodeManager.java:register(269)) - Registered Data node : 90fd0d34-a73a-4681-abe3-dc95d09d0c2c{ip: 192.168.5.187, host: trunk-nightly-z92hn-1831959607, networkLocation: /default-rack, certSerialId: null}
2019-07-13 17:12:19,081 INFO  safemode.SCMSafeModeManager (DataNodeSafeModeRule.java:process(71)) - SCM in safe mode. 1 DataNodes registered, 1 required.
2019-07-13 17:12:19,082 INFO  safemode.SCMSafeModeManager (SCMSafeModeManager.java:validateSafeModeExitRules(177)) - ScmSafeModeManager, all rules are successfully validated
2019-07-13 17:12:19,082 INFO  safemode.SCMSafeModeManager (SCMSafeModeManager.java:exitSafeMode(193)) - SCM exiting safe mode.
2019-07-13 17:12:19,108 INFO  impl.RaftServerProxy (RaftServerProxy.java:addNew(89)) - 90fd0d34-a73a-4681-abe3-dc95d09d0c2c: addNew group-86EC2E265FFB:[90fd0d34-a73a-4681-abe3-dc95d09d0c2c:192.168.5.187:45925] returns group-86EC2E265FFB:java.util.concurrent.CompletableFuture@828f471[Not completed]
2019-07-13 17:12:19,109 INFO  impl.RaftServerImpl (RaftServerImpl.java:<init>(93)) - 90fd0d34-a73a-4681-abe3-dc95d09d0c2c: new RaftServerImpl for group-86EC2E265FFB:[90fd0d34-a73a-4681-abe3-dc95d09d0c2c:192.168.5.187:45925] with ContainerStateMachine:uninitialized
2019-07-13 17:12:19,111 INFO  server.RaftServerConfigKeys (ConfUtils.java:logGet(43)) - raft.server.rpc.timeout.min = 5s (custom)
2019-07-13 17:12:19,111 INFO  server.RaftServerConfigKeys (ConfUtils.java:logGet(43)) - raft.server.rpc.timeout.max = 5200ms (custom)
2019-07-13 17:12:19,111 INFO  server.RaftServerConfigKeys (ConfUtils.java:logGet(43)) - raft.server.rpcslowness.timeout = 120s (custom)
2019-07-13 17:12:19,111 INFO  server.RaftServerConfigKeys (ConfUtils.java:logGet(43)) - raft.server.sleep.deviation.threshold = 300 (default)
2019-07-13 17:12:19,111 INFO  server.RaftServerConfigKeys (ConfUtils.java:logGet(43)) - raft.server.log.appender.install.snapshot.enabled = false (custom)
2019-07-13 17:12:19,112 INFO  impl.RaftServerImpl (ServerState.java:<init>(105)) - 90fd0d34-a73a-4681-abe3-dc95d09d0c2c:group-86EC2E265FFB ConfigurationManager, init=-1: [90fd0d34-a73a-4681-abe3-dc95d09d0c2c:192.168.5.187:45925], old=null, confs=<EMPTY_MAP>
2019-07-13 17:12:19,112 INFO  server.RaftServerConfigKeys (ConfUtils.java:logGet(43)) - raft.server.storage.dir = [/tmp/workdir/hadoop-ozone/integration-test/target/test-dir/MiniOzoneClusterImpl-e3d0d3ab-df3d-4885-9fcc-d3a16c2e51f8/datanode-0/data/ratis] (custom)
2019-07-13 17:12:19,112 INFO  storage.RaftStorageDirectory (RaftStorageDirectory.java:analyzeStorage(246)) - The storage directory /tmp/workdir/hadoop-ozone/integration-test/target/test-dir/MiniOzoneClusterImpl-e3d0d3ab-df3d-4885-9fcc-d3a16c2e51f8/datanode-0/data/ratis/ea5e47f3-7c4b-4a43-952a-86ec2e265ffb does not exist. Creating ...
2019-07-13 17:12:19,135 INFO  storage.RaftStorageDirectory (RaftStorageDirectory.java:tryLock(328)) - Lock on /tmp/workdir/hadoop-ozone/integration-test/target/test-dir/MiniOzoneClusterImpl-e3d0d3ab-df3d-4885-9fcc-d3a16c2e51f8/datanode-0/data/ratis/ea5e47f3-7c4b-4a43-952a-86ec2e265ffb/in_use.lock acquired by nodename 25963@trunk-nightly-z92hn-1831959607
2019-07-13 17:12:19,147 INFO  storage.RaftStorage (RaftStorage.java:format(72)) - Storage directory /tmp/workdir/hadoop-ozone/integration-test/target/test-dir/MiniOzoneClusterImpl-e3d0d3ab-df3d-4885-9fcc-d3a16c2e51f8/datanode-0/data/ratis/ea5e47f3-7c4b-4a43-952a-86ec2e265ffb has been successfully formatted.
2019-07-13 17:12:19,147 INFO  ratis.ContainerStateMachine (ContainerStateMachine.java:loadSnapshot(200)) - The snapshot info is null.Setting the last applied index to:(t:0, i:~)
2019-07-13 17:12:19,147 INFO  server.RaftServerConfigKeys (ConfUtils.java:logGet(43)) - raft.server.leader.election.timeout = 120s (custom)
2019-07-13 17:12:19,148 INFO  server.RaftServerConfigKeys (ConfUtils.java:logGet(43)) - raft.server.log.use.memory = false (default)
2019-07-13 17:12:19,148 INFO  server.RaftServerConfigKeys (ConfUtils.java:logGet(43)) - raft.server.log.purge.gap = 1000000000 (custom)
2019-07-13 17:12:19,148 INFO  server.RaftServerConfigKeys (ConfUtils.java:logGet(43)) - raft.server.log.appender.buffer.byte-limit = 33554432 (custom)
2019-07-13 17:12:19,148 INFO  server.RaftServerConfigKeys (ConfUtils.java:logGet(43)) - raft.server.log.segment.size.max = 1048576 (custom)
2019-07-13 17:12:19,149 INFO  server.RaftServerConfigKeys (ConfUtils.java:logGet(43)) - raft.server.log.segment.cache.num.max = 2 (custom)
2019-07-13 17:12:19,149 INFO  segmented.SegmentedRaftLogWorker (SegmentedRaftLogWorker.java:<init>(172)) - new 90fd0d34-a73a-4681-abe3-dc95d09d0c2c-SegmentedRaftLogWorker:Storage Directory /tmp/workdir/hadoop-ozone/integration-test/target/test-dir/MiniOzoneClusterImpl-e3d0d3ab-df3d-4885-9fcc-d3a16c2e51f8/datanode-0/data/ratis/ea5e47f3-7c4b-4a43-952a-86ec2e265ffb for RaftStorage:Storage Directory /tmp/workdir/hadoop-ozone/integration-test/target/test-dir/MiniOzoneClusterImpl-e3d0d3ab-df3d-4885-9fcc-d3a16c2e51f8/datanode-0/data/ratis/ea5e47f3-7c4b-4a43-952a-86ec2e265ffb
2019-07-13 17:12:19,149 INFO  server.RaftServerConfigKeys (ConfUtils.java:logGet(43)) - raft.server.log.queue.byte-limit = 2147483647 (custom)
2019-07-13 17:12:19,149 INFO  server.RaftServerConfigKeys (ConfUtils.java:logGet(43)) - raft.server.log.queue.element-limit = 1024 (custom)
2019-07-13 17:12:19,150 INFO  server.RaftServerConfigKeys (ConfUtils.java:logGet(43)) - raft.server.log.segment.size.max = 1048576 (custom)
2019-07-13 17:12:19,150 INFO  server.RaftServerConfigKeys (ConfUtils.java:logGet(43)) - raft.server.log.preallocated.size = 16384 (custom)
2019-07-13 17:12:19,150 INFO  server.RaftServerConfigKeys (ConfUtils.java:logGet(43)) - raft.server.log.write.buffer.size = 33554432 (custom)
2019-07-13 17:12:19,150 INFO  server.RaftServerConfigKeys (ConfUtils.java:logGet(43)) - raft.server.log.force.sync.num = 128 (default)
2019-07-13 17:12:19,150 INFO  server.RaftServerConfigKeys (ConfUtils.java:logGet(43)) - raft.server.log.statemachine.data.sync = true (default)
2019-07-13 17:12:19,150 INFO  server.RaftServerConfigKeys (ConfUtils.java:logGet(43)) - raft.server.log.statemachine.data.sync.timeout = 10s (default)
2019-07-13 17:12:19,151 INFO  server.RaftServerConfigKeys (ConfUtils.java:logGet(43)) - raft.server.log.statemachine.data.sync.timeout.retry = -1 (default)
2019-07-13 17:12:19,151 INFO  server.RaftServerConfigKeys (ConfUtils.java:logGet(43)) - raft.server.log.statemachine.data.caching.enabled = true (custom)
2019-07-13 17:12:19,151 INFO  segmented.SegmentedRaftLogWorker (SegmentedRaftLogWorker.java:lambda$new$0(132)) - 90fd0d34-a73a-4681-abe3-dc95d09d0c2c-SegmentedRaftLogWorker:Storage Directory /tmp/workdir/hadoop-ozone/integration-test/target/test-dir/MiniOzoneClusterImpl-e3d0d3ab-df3d-4885-9fcc-d3a16c2e51f8/datanode-0/data/ratis/ea5e47f3-7c4b-4a43-952a-86ec2e265ffb: flushIndex: setUnconditionally 0 -> -1
2019-07-13 17:12:19,152 INFO  server.RaftServerConfigKeys (ConfUtils.java:logGet(43)) - raft.server.snapshot.auto.trigger.enabled = true (custom)
2019-07-13 17:12:19,152 INFO  server.RaftServerConfigKeys (ConfUtils.java:logGet(43)) - raft.server.snapshot.auto.trigger.threshold = 10000 (custom)
2019-07-13 17:12:19,152 INFO  server.RaftServerConfigKeys (ConfUtils.java:logGet(43)) - raft.server.retrycache.expirytime = 600000ms (custom)
2019-07-13 17:12:19,153 INFO  impl.RaftServerImpl (RaftServerImpl.java:start(180)) - 90fd0d34-a73a-4681-abe3-dc95d09d0c2c: start group-86EC2E265FFB
2019-07-13 17:12:19,153 INFO  impl.RaftServerImpl (RaftServerImpl.java:setRole(171)) - 90fd0d34-a73a-4681-abe3-dc95d09d0c2c:group-86EC2E265FFB changes role from null to FOLLOWER at term 0 for startAsFollower
2019-07-13 17:12:19,153 INFO  impl.RoleInfo (RoleInfo.java:updateAndGet(143)) - 90fd0d34-a73a-4681-abe3-dc95d09d0c2c: start FollowerState
2019-07-13 17:12:19,154 INFO  util.JmxRegister (JmxRegister.java:tryRegister(44)) - Successfully registered JMX Bean with object name Ratis:service=RaftServer,group=group-86EC2E265FFB,id=90fd0d34-a73a-4681-abe3-dc95d09d0c2c
2019-07-13 17:12:19,162 INFO  pipeline.PipelineStateManager (PipelineStateManager.java:addPipeline(56)) - Created pipeline Pipeline[ Id: ea5e47f3-7c4b-4a43-952a-86ec2e265ffb, Nodes: 90fd0d34-a73a-4681-abe3-dc95d09d0c2c{ip: 192.168.5.187, host: trunk-nightly-z92hn-1831959607, networkLocation: /default-rack, certSerialId: null}, Type:RATIS, Factor:ONE, State:OPEN]
2019-07-13 17:12:20,073 INFO  ozone.MiniOzoneClusterImpl (MiniOzoneClusterImpl.java:lambda$waitForClusterToBeReady$0(142)) - Cluster is ready. Got 1 of 1 DN Heartbeats.
2019-07-13 17:12:20,093 INFO  rpc.RpcClient (RpcClient.java:createVolume(289)) - Creating Volume: 01e2910e-0288-4f51-a51b-45d158a4ca96, with bilbo as owner and quota set to 109951162777600 bytes.
2019-07-13 17:12:20,102 INFO  rpc.RpcClient (RpcClient.java:createBucket(424)) - Creating Bucket: 01e2910e-0288-4f51-a51b-45d158a4ca96/049fb204-4eb5-4097-90b9-72a22f546705, with Versioning false and Storage Type set to DISK and Encryption set to false 
2019-07-13 17:12:20,119 INFO  pipeline.PipelineStateManager (PipelineStateManager.java:addPipeline(56)) - Created pipeline Pipeline[ Id: ba090f3c-4136-492f-bccf-129bcbe00273, Nodes: 90fd0d34-a73a-4681-abe3-dc95d09d0c2c{ip: 192.168.5.187, host: trunk-nightly-z92hn-1831959607, networkLocation: /default-rack, certSerialId: null}, Type:STAND_ALONE, Factor:ONE, State:OPEN]
2019-07-13 17:12:20,254 ERROR om.KeyManagerImpl (KeyManagerImpl.java:validateBucket(238)) - volume not found: invalid-volume
17:12:20.254 [IPC Server handler 12 on 43055] ERROR OMAudit - user=jenkins1000 | ip=127.0.0.1 | op=ALLOCATE_KEY {volume=invalid-volume, bucket=049fb204-4eb5-4097-90b9-72a22f546705, key=e054b9fd-0afa-4b8b-b3a0-a447cf5597be, dataSize=0, replicationType=STAND_ALONE, replicationFactor=ONE, keyLocationInfo=null} | ret=FAILURE
org.apache.hadoop.ozone.om.exceptions.OMException: Volume not found
	at org.apache.hadoop.ozone.om.KeyManagerImpl.validateBucket(KeyManagerImpl.java:239) ~[hadoop-ozone-ozone-manager-0.5.0-SNAPSHOT.jar:?]
	at org.apache.hadoop.ozone.om.KeyManagerImpl.openKey(KeyManagerImpl.java:430) ~[hadoop-ozone-ozone-manager-0.5.0-SNAPSHOT.jar:?]
	at org.apache.hadoop.ozone.om.OzoneManager.openKey(OzoneManager.java:2221) [hadoop-ozone-ozone-manager-0.5.0-SNAPSHOT.jar:?]
	at org.apache.hadoop.ozone.protocolPB.OzoneManagerRequestHandler.createKey(OzoneManagerRequestHandler.java:585) [hadoop-ozone-ozone-manager-0.5.0-SNAPSHOT.jar:?]
	at org.apache.hadoop.ozone.protocolPB.OzoneManagerRequestHandler.handle(OzoneManagerRequestHandler.java:214) [hadoop-ozone-ozone-manager-0.5.0-SNAPSHOT.jar:?]
	at org.apache.hadoop.ozone.protocolPB.OzoneManagerProtocolServerSideTranslatorPB.submitRequestDirectlyToOM(OzoneManagerProtocolServerSideTranslatorPB.java:192) [hadoop-ozone-ozone-manager-0.5.0-SNAPSHOT.jar:?]
	at org.apache.hadoop.ozone.protocolPB.OzoneManagerProtocolServerSideTranslatorPB.submitRequest(OzoneManagerProtocolServerSideTranslatorPB.java:110) [hadoop-ozone-ozone-manager-0.5.0-SNAPSHOT.jar:?]
	at org.apache.hadoop.ozone.protocol.proto.OzoneManagerProtocolProtos$OzoneManagerService$2.callBlockingMethod(OzoneManagerProtocolProtos.java) [hadoop-ozone-common-0.5.0-SNAPSHOT.jar:?]
	at org.apache.hadoop.ipc.ProtobufRpcEngine$Server$ProtoBufRpcInvoker.call(ProtobufRpcEngine.java:524) [hadoop-common-3.2.0.jar:?]
	at org.apache.hadoop.ipc.RPC$Server.call(RPC.java:1025) [hadoop-common-3.2.0.jar:?]
	at org.apache.hadoop.ipc.Server$RpcCall.run(Server.java:876) [hadoop-common-3.2.0.jar:?]
	at org.apache.hadoop.ipc.Server$RpcCall.run(Server.java:822) [hadoop-common-3.2.0.jar:?]
	at java.security.AccessController.doPrivileged(Native Method) [?:1.8.0_212]
	at javax.security.auth.Subject.doAs(Subject.java:422) [?:1.8.0_212]
	at org.apache.hadoop.security.UserGroupInformation.doAs(UserGroupInformation.java:1730) [hadoop-common-3.2.0.jar:?]
	at org.apache.hadoop.ipc.Server$Handler.run(Server.java:2682) [hadoop-common-3.2.0.jar:?]
2019-07-13 17:12:20,258 ERROR om.KeyManagerImpl (KeyManagerImpl.java:validateBucket(245)) - bucket not found: 01e2910e-0288-4f51-a51b-45d158a4ca96/invalid-bucket 
17:12:20.258 [IPC Server handler 13 on 43055] ERROR OMAudit - user=jenkins1000 | ip=127.0.0.1 | op=ALLOCATE_KEY {volume=01e2910e-0288-4f51-a51b-45d158a4ca96, bucket=invalid-bucket, key=e054b9fd-0afa-4b8b-b3a0-a447cf5597be, dataSize=0, replicationType=STAND_ALONE, replicationFactor=ONE, keyLocationInfo=null} | ret=FAILURE
org.apache.hadoop.ozone.om.exceptions.OMException: Bucket not found
	at org.apache.hadoop.ozone.om.KeyManagerImpl.validateBucket(KeyManagerImpl.java:246) ~[hadoop-ozone-ozone-manager-0.5.0-SNAPSHOT.jar:?]
	at org.apache.hadoop.ozone.om.KeyManagerImpl.openKey(KeyManagerImpl.java:430) ~[hadoop-ozone-ozone-manager-0.5.0-SNAPSHOT.jar:?]
	at org.apache.hadoop.ozone.om.OzoneManager.openKey(OzoneManager.java:2221) [hadoop-ozone-ozone-manager-0.5.0-SNAPSHOT.jar:?]
	at org.apache.hadoop.ozone.protocolPB.OzoneManagerRequestHandler.createKey(OzoneManagerRequestHandler.java:585) [hadoop-ozone-ozone-manager-0.5.0-SNAPSHOT.jar:?]
	at org.apache.hadoop.ozone.protocolPB.OzoneManagerRequestHandler.handle(OzoneManagerRequestHandler.java:214) [hadoop-ozone-ozone-manager-0.5.0-SNAPSHOT.jar:?]
	at org.apache.hadoop.ozone.protocolPB.OzoneManagerProtocolServerSideTranslatorPB.submitRequestDirectlyToOM(OzoneManagerProtocolServerSideTranslatorPB.java:192) [hadoop-ozone-ozone-manager-0.5.0-SNAPSHOT.jar:?]
	at org.apache.hadoop.ozone.protocolPB.OzoneManagerProtocolServerSideTranslatorPB.submitRequest(OzoneManagerProtocolServerSideTranslatorPB.java:110) [hadoop-ozone-ozone-manager-0.5.0-SNAPSHOT.jar:?]
	at org.apache.hadoop.ozone.protocol.proto.OzoneManagerProtocolProtos$OzoneManagerService$2.callBlockingMethod(OzoneManagerProtocolProtos.java) [hadoop-ozone-common-0.5.0-SNAPSHOT.jar:?]
	at org.apache.hadoop.ipc.ProtobufRpcEngine$Server$ProtoBufRpcInvoker.call(ProtobufRpcEngine.java:524) [hadoop-common-3.2.0.jar:?]
	at org.apache.hadoop.ipc.RPC$Server.call(RPC.java:1025) [hadoop-common-3.2.0.jar:?]
	at org.apache.hadoop.ipc.Server$RpcCall.run(Server.java:876) [hadoop-common-3.2.0.jar:?]
	at org.apache.hadoop.ipc.Server$RpcCall.run(Server.java:822) [hadoop-common-3.2.0.jar:?]
	at java.security.AccessController.doPrivileged(Native Method) [?:1.8.0_212]
	at javax.security.auth.Subject.doAs(Subject.java:422) [?:1.8.0_212]
	at org.apache.hadoop.security.UserGroupInformation.doAs(UserGroupInformation.java:1730) [hadoop-common-3.2.0.jar:?]
	at org.apache.hadoop.ipc.Server$Handler.run(Server.java:2682) [hadoop-common-3.2.0.jar:?]
2019-07-13 17:12:20,260 INFO  rpc.RpcClient (RpcClient.java:createVolume(289)) - Creating Volume: 9f2c9b39-604b-4d16-8d77-9d41c5f91115, with bilbo as owner and quota set to 109951162777600 bytes.
2019-07-13 17:12:20,264 INFO  rpc.RpcClient (RpcClient.java:createBucket(424)) - Creating Bucket: 9f2c9b39-604b-4d16-8d77-9d41c5f91115/aa55ec65-73bd-48f4-a7a9-11af11f87c2f, with Versioning false and Storage Type set to DISK and Encryption set to false 
2019-07-13 17:12:20,288 INFO  keyvalue.KeyValueHandler (ContainerUtils.java:logAndReturnError(146)) - Operation: CreateContainer : Trace ID: a54655915080cb53:a54655915080cb53:0:0 : Message: Container creation failed, due to disk out of space : Result: DISK_OUT_OF_SPACE
17:12:20.288 [grpc-default-executor-1] ERROR DNAudit - user=null | ip=null | op=WRITE_CHUNK {blockData=conID: 2 locID: 102435254454255636 bcsId: 0} | ret=FAILURE
org.apache.hadoop.hdds.scm.container.common.helpers.StorageContainerException: ContainerID 2 creation failed
	at org.apache.hadoop.ozone.container.common.impl.HddsDispatcher.dispatchRequest(HddsDispatcher.java:227) [hadoop-hdds-container-service-0.5.0-SNAPSHOT.jar:?]
	at org.apache.hadoop.ozone.container.common.impl.HddsDispatcher.dispatch(HddsDispatcher.java:148) [hadoop-hdds-container-service-0.5.0-SNAPSHOT.jar:?]
	at org.apache.hadoop.ozone.container.common.transport.server.GrpcXceiverService$1.onNext(GrpcXceiverService.java:73) [hadoop-hdds-container-service-0.5.0-SNAPSHOT.jar:?]
	at org.apache.hadoop.ozone.container.common.transport.server.GrpcXceiverService$1.onNext(GrpcXceiverService.java:61) [hadoop-hdds-container-service-0.5.0-SNAPSHOT.jar:?]
	at org.apache.ratis.thirdparty.io.grpc.stub.ServerCalls$StreamingServerCallHandler$StreamingServerCallListener.onMessage(ServerCalls.java:248) [ratis-thirdparty-misc-0.2.0.jar:0.2.0]
	at org.apache.ratis.thirdparty.io.grpc.ForwardingServerCallListener.onMessage(ForwardingServerCallListener.java:33) [ratis-thirdparty-misc-0.2.0.jar:0.2.0]
	at org.apache.ratis.thirdparty.io.grpc.Contexts$ContextualizedServerCallListener.onMessage(Contexts.java:76) [ratis-thirdparty-misc-0.2.0.jar:0.2.0]
	at org.apache.ratis.thirdparty.io.grpc.ForwardingServerCallListener.onMessage(ForwardingServerCallListener.java:33) [ratis-thirdparty-misc-0.2.0.jar:0.2.0]
	at org.apache.hadoop.hdds.tracing.GrpcServerInterceptor$1.onMessage(GrpcServerInterceptor.java:46) [hadoop-hdds-common-0.5.0-SNAPSHOT.jar:?]
	at org.apache.ratis.thirdparty.io.grpc.internal.ServerCallImpl$ServerStreamListenerImpl.messagesAvailable(ServerCallImpl.java:263) [ratis-thirdparty-misc-0.2.0.jar:0.2.0]
	at org.apache.ratis.thirdparty.io.grpc.internal.ServerImpl$JumpToApplicationThreadServerStreamListener$1MessagesAvailable.runInContext(ServerImpl.java:686) [ratis-thirdparty-misc-0.2.0.jar:0.2.0]
	at org.apache.ratis.thirdparty.io.grpc.internal.ContextRunnable.run(ContextRunnable.java:37) [ratis-thirdparty-misc-0.2.0.jar:0.2.0]
	at org.apache.ratis.thirdparty.io.grpc.internal.SerializingExecutor.run(SerializingExecutor.java:123) [ratis-thirdparty-misc-0.2.0.jar:0.2.0]
	at java.util.concurrent.ThreadPoolExecutor.runWorker(ThreadPoolExecutor.java:1149) [?:1.8.0_212]
	at java.util.concurrent.ThreadPoolExecutor$Worker.run(ThreadPoolExecutor.java:624) [?:1.8.0_212]
	at java.lang.Thread.run(Thread.java:748) [?:1.8.0_212]
2019-07-13 17:12:20,289 INFO  impl.HddsDispatcher (ContainerUtils.java:logAndReturnError(146)) - Operation: WriteChunk : Trace ID: a54655915080cb53:a54655915080cb53:0:0 : Message: ContainerID 2 creation failed : Result: DISK_OUT_OF_SPACE
2019-07-13 17:12:20,291 ERROR storage.BlockOutputStream (BlockOutputStream.java:validateResponse(539)) - Unexpected Storage Container Exception: 
org.apache.hadoop.hdds.scm.container.common.helpers.StorageContainerException: ContainerID 2 creation failed
	at org.apache.hadoop.hdds.scm.storage.ContainerProtocolCalls.validateContainerResponse(ContainerProtocolCalls.java:536)
	at org.apache.hadoop.hdds.scm.storage.BlockOutputStream.validateResponse(BlockOutputStream.java:537)
	at org.apache.hadoop.hdds.scm.storage.BlockOutputStream.lambda$writeChunkToContainer$2(BlockOutputStream.java:615)
	at java.util.concurrent.CompletableFuture.uniApply(CompletableFuture.java:602)
	at java.util.concurrent.CompletableFuture$UniApply.tryFire(CompletableFuture.java:577)
	at java.util.concurrent.CompletableFuture$Completion.run(CompletableFuture.java:442)
	at java.util.concurrent.ThreadPoolExecutor.runWorker(ThreadPoolExecutor.java:1149)
	at java.util.concurrent.ThreadPoolExecutor$Worker.run(ThreadPoolExecutor.java:624)
	at java.lang.Thread.run(Thread.java:748)
17:12:20.294 [grpc-default-executor-1] ERROR DNAudit - user=null | ip=null | op=PUT_BLOCK {blockData=[blockId=conID: 2 locID: 102435254454255636 bcsId: 0,size=1024]} | ret=FAILURE
org.apache.hadoop.hdds.scm.container.common.helpers.StorageContainerException: ContainerID 2 does not exist
	at org.apache.hadoop.ozone.container.common.impl.HddsDispatcher.dispatchRequest(HddsDispatcher.java:242) [hadoop-hdds-container-service-0.5.0-SNAPSHOT.jar:?]
	at org.apache.hadoop.ozone.container.common.impl.HddsDispatcher.dispatch(HddsDispatcher.java:148) [hadoop-hdds-container-service-0.5.0-SNAPSHOT.jar:?]
	at org.apache.hadoop.ozone.container.common.transport.server.GrpcXceiverService$1.onNext(GrpcXceiverService.java:73) [hadoop-hdds-container-service-0.5.0-SNAPSHOT.jar:?]
	at org.apache.hadoop.ozone.container.common.transport.server.GrpcXceiverService$1.onNext(GrpcXceiverService.java:61) [hadoop-hdds-container-service-0.5.0-SNAPSHOT.jar:?]
	at org.apache.ratis.thirdparty.io.grpc.stub.ServerCalls$StreamingServerCallHandler$StreamingServerCallListener.onMessage(ServerCalls.java:248) [ratis-thirdparty-misc-0.2.0.jar:0.2.0]
	at org.apache.ratis.thirdparty.io.grpc.ForwardingServerCallListener.onMessage(ForwardingServerCallListener.java:33) [ratis-thirdparty-misc-0.2.0.jar:0.2.0]
	at org.apache.ratis.thirdparty.io.grpc.Contexts$ContextualizedServerCallListener.onMessage(Contexts.java:76) [ratis-thirdparty-misc-0.2.0.jar:0.2.0]
	at org.apache.ratis.thirdparty.io.grpc.ForwardingServerCallListener.onMessage(ForwardingServerCallListener.java:33) [ratis-thirdparty-misc-0.2.0.jar:0.2.0]
	at org.apache.hadoop.hdds.tracing.GrpcServerInterceptor$1.onMessage(GrpcServerInterceptor.java:46) [hadoop-hdds-common-0.5.0-SNAPSHOT.jar:?]
	at org.apache.ratis.thirdparty.io.grpc.internal.ServerCallImpl$ServerStreamListenerImpl.messagesAvailable(ServerCallImpl.java:263) [ratis-thirdparty-misc-0.2.0.jar:0.2.0]
	at org.apache.ratis.thirdparty.io.grpc.internal.ServerImpl$JumpToApplicationThreadServerStreamListener$1MessagesAvailable.runInContext(ServerImpl.java:686) [ratis-thirdparty-misc-0.2.0.jar:0.2.0]
	at org.apache.ratis.thirdparty.io.grpc.internal.ContextRunnable.run(ContextRunnable.java:37) [ratis-thirdparty-misc-0.2.0.jar:0.2.0]
	at org.apache.ratis.thirdparty.io.grpc.internal.SerializingExecutor.run(SerializingExecutor.java:123) [ratis-thirdparty-misc-0.2.0.jar:0.2.0]
	at java.util.concurrent.ThreadPoolExecutor.runWorker(ThreadPoolExecutor.java:1149) [?:1.8.0_212]
	at java.util.concurrent.ThreadPoolExecutor$Worker.run(ThreadPoolExecutor.java:624) [?:1.8.0_212]
	at java.lang.Thread.run(Thread.java:748) [?:1.8.0_212]
2019-07-13 17:12:20,295 INFO  impl.HddsDispatcher (ContainerUtils.java:logAndReturnError(146)) - Operation: PutBlock : Trace ID: 4eaff5bddc20e712:4eaff5bddc20e712:0:0 : Message: ContainerID 2 does not exist : Result: CONTAINER_NOT_FOUND
2019-07-13 17:12:20,298 INFO  ozone.MiniOzoneClusterImpl (MiniOzoneClusterImpl.java:shutdown(321)) - Shutting down the Mini Ozone Cluster
2019-07-13 17:12:20,299 INFO  ozone.MiniOzoneClusterImpl (MiniOzoneClusterImpl.java:stop(336)) - Stopping the Mini Ozone Cluster
2019-07-13 17:12:20,299 INFO  ozone.MiniOzoneClusterImpl (MiniOzoneClusterImpl.java:stop(338)) - Stopping the OzoneManager
2019-07-13 17:12:20,299 INFO  ipc.Server (Server.java:stop(3082)) - Stopping server on 43055
2019-07-13 17:12:20,302 INFO  ipc.Server (Server.java:run(1185)) - Stopping IPC Server listener on 43055
2019-07-13 17:12:20,302 INFO  ipc.Server (Server.java:run(1319)) - Stopping IPC Server Responder
2019-07-13 17:12:20,302 INFO  utils.BackgroundService (BackgroundService.java:shutdown(148)) - Shutting down service KeyDeletingService
2019-07-13 17:12:20,306 INFO  handler.ContextHandler (ContextHandler.java:doStop(910)) - Stopped o.e.j.w.WebAppContext@acfcf7b{/,null,UNAVAILABLE}{/ozoneManager}
2019-07-13 17:12:20,307 INFO  server.AbstractConnector (AbstractConnector.java:doStop(318)) - Stopped ServerConnector@71a962f5{HTTP/1.1,[http/1.1]}{0.0.0.0:0}
2019-07-13 17:12:20,307 INFO  handler.ContextHandler (ContextHandler.java:doStop(910)) - Stopped o.e.j.s.ServletContextHandler@2f9b32a1{/static,file:///tmp/workdir/hadoop-ozone/integration-test/target/test-classes/webapps/static,UNAVAILABLE}
2019-07-13 17:12:20,308 INFO  handler.ContextHandler (ContextHandler.java:doStop(910)) - Stopped o.e.j.s.ServletContextHandler@13a8af40{/logs,file:///tmp/workdir/hadoop-ozone/integration-test/target/log,UNAVAILABLE}
2019-07-13 17:12:20,309 INFO  ozone.MiniOzoneClusterImpl (MiniOzoneClusterImpl.java:stop(344)) - Shutting the HddsDatanodes
2019-07-13 17:12:20,310 INFO  datanode.ObjectStoreHandler (ObjectStoreHandler.java:close(155)) - Closing ObjectStoreHandler.
2019-07-13 17:12:20,310 INFO  ozone.HddsDatanodeService (HddsDatanodeService.java:stop(452)) - Stopped plug-in org.apache.hadoop.ozone.web.OzoneHddsDatanodeService@5699d442
2019-07-13 17:12:21,183 INFO  statemachine.DatanodeStateMachine (DatanodeStateMachine.java:lambda$startDaemon$0(350)) - Ozone container server started.
2019-07-13 17:12:22,084 INFO  container.ReplicationManager (ReplicationManager.java:start(155)) - Starting Replication Monitor Thread.
2019-07-13 17:12:22,086 INFO  container.ReplicationManager (ReplicationManager.java:run(207)) - Replication Monitor Thread took 0 milliseconds for processing 2 containers.
2019-07-13 17:12:24,192 INFO  impl.FollowerState (FollowerState.java:run(106)) - 90fd0d34-a73a-4681-abe3-dc95d09d0c2c:group-86EC2E265FFB changes to CANDIDATE, lastRpcTime:5039, electionTimeout:5039ms
2019-07-13 17:12:24,193 INFO  impl.RoleInfo (RoleInfo.java:shutdownFollowerState(121)) - 90fd0d34-a73a-4681-abe3-dc95d09d0c2c: shutdown FollowerState
2019-07-13 17:12:24,193 INFO  impl.RaftServerImpl (RaftServerImpl.java:setRole(171)) - 90fd0d34-a73a-4681-abe3-dc95d09d0c2c:group-86EC2E265FFB changes role from FOLLOWER to CANDIDATE at term 0 for changeToCandidate
2019-07-13 17:12:24,193 INFO  impl.RoleInfo (RoleInfo.java:updateAndGet(143)) - 90fd0d34-a73a-4681-abe3-dc95d09d0c2c: start LeaderElection
2019-07-13 17:12:24,211 INFO  impl.LeaderElection (LeaderElection.java:askForVotes(181)) - 90fd0d34-a73a-4681-abe3-dc95d09d0c2c:group-86EC2E265FFB:LeaderElection5: begin an election at term 1 for -1: [90fd0d34-a73a-4681-abe3-dc95d09d0c2c:192.168.5.187:45925], old=null
2019-07-13 17:12:24,211 INFO  impl.RoleInfo (RoleInfo.java:shutdownLeaderElection(134)) - 90fd0d34-a73a-4681-abe3-dc95d09d0c2c: shutdown LeaderElection
2019-07-13 17:12:24,212 INFO  impl.RaftServerImpl (RaftServerImpl.java:setRole(171)) - 90fd0d34-a73a-4681-abe3-dc95d09d0c2c:group-86EC2E265FFB changes role from CANDIDATE to LEADER at term 1 for changeToLeader
2019-07-13 17:12:24,212 INFO  impl.RaftServerImpl (ServerState.java:setLeader(263)) - 90fd0d34-a73a-4681-abe3-dc95d09d0c2c:group-86EC2E265FFB change Leader from null to 90fd0d34-a73a-4681-abe3-dc95d09d0c2c at term 1 for becomeLeader, leader elected after 5064ms
2019-07-13 17:12:24,212 INFO  server.RaftServerConfigKeys (ConfUtils.java:logGet(43)) - raft.server.staging.catchup.gap = 1000 (default)
2019-07-13 17:12:24,212 INFO  server.RaftServerConfigKeys (ConfUtils.java:logGet(43)) - raft.server.rpc.sleep.time = 25ms (default)
2019-07-13 17:12:24,212 INFO  server.RaftServerConfigKeys (ConfUtils.java:logGet(43)) - raft.server.write.element-limit = 4096 (default)
2019-07-13 17:12:24,213 INFO  server.RaftServerConfigKeys (ConfUtils.java:logGet(43)) - raft.server.watch.timeout = 10s (default)
2019-07-13 17:12:24,213 INFO  server.RaftServerConfigKeys (ConfUtils.java:logGet(43)) - raft.server.watch.timeout.denomination = 1s (default)
2019-07-13 17:12:24,213 INFO  server.RaftServerConfigKeys (ConfUtils.java:logGet(43)) - raft.server.watch.element-limit = 65536 (default)
2019-07-13 17:12:24,213 INFO  impl.RoleInfo (RoleInfo.java:updateAndGet(143)) - 90fd0d34-a73a-4681-abe3-dc95d09d0c2c: start LeaderState
2019-07-13 17:12:24,214 INFO  segmented.SegmentedRaftLogWorker (SegmentedRaftLogWorker.java:startLogSegment(380)) - 90fd0d34-a73a-4681-abe3-dc95d09d0c2c-SegmentedRaftLogWorker:Storage Directory /tmp/workdir/hadoop-ozone/integration-test/target/test-dir/MiniOzoneClusterImpl-e3d0d3ab-df3d-4885-9fcc-d3a16c2e51f8/datanode-0/data/ratis/ea5e47f3-7c4b-4a43-952a-86ec2e265ffb: Starting segment from index:0
2019-07-13 17:12:24,214 INFO  impl.RaftServerImpl (ServerState.java:setRaftConf(361)) - 90fd0d34-a73a-4681-abe3-dc95d09d0c2c:group-86EC2E265FFB set configuration 0: [90fd0d34-a73a-4681-abe3-dc95d09d0c2c:192.168.5.187:45925], old=null at 0
2019-07-13 17:12:24,247 INFO  segmented.SegmentedRaftLogWorker (SegmentedRaftLogWorker.java:execute(569)) - 90fd0d34-a73a-4681-abe3-dc95d09d0c2c-SegmentedRaftLogWorker:Storage Directory /tmp/workdir/hadoop-ozone/integration-test/target/test-dir/MiniOzoneClusterImpl-e3d0d3ab-df3d-4885-9fcc-d3a16c2e51f8/datanode-0/data/ratis/ea5e47f3-7c4b-4a43-952a-86ec2e265ffb: created new log segment /tmp/workdir/hadoop-ozone/integration-test/target/test-dir/MiniOzoneClusterImpl-e3d0d3ab-df3d-4885-9fcc-d3a16c2e51f8/datanode-0/data/ratis/ea5e47f3-7c4b-4a43-952a-86ec2e265ffb/current/log_inprogress_0
2019-07-13 17:12:25,311 INFO  ozoneimpl.OzoneContainer (OzoneContainer.java:stop(199)) - Attempting to stop container services.
2019-07-13 17:12:25,311 INFO  impl.RaftServerProxy (RaftServerProxy.java:lambda$close$4(314)) - 90fd0d34-a73a-4681-abe3-dc95d09d0c2c: close
2019-07-13 17:12:25,312 INFO  impl.RaftServerImpl (RaftServerImpl.java:lambda$shutdown$3(245)) - 90fd0d34-a73a-4681-abe3-dc95d09d0c2c: shutdown group-86EC2E265FFB
2019-07-13 17:12:25,312 INFO  util.JmxRegister (JmxRegister.java:unregister(73)) - Successfully un-registered JMX Bean with object name Ratis:service=RaftServer,group=group-86EC2E265FFB,id=90fd0d34-a73a-4681-abe3-dc95d09d0c2c
2019-07-13 17:12:25,313 INFO  impl.RoleInfo (RoleInfo.java:shutdownLeaderState(104)) - 90fd0d34-a73a-4681-abe3-dc95d09d0c2c: shutdown LeaderState
2019-07-13 17:12:25,313 INFO  impl.PendingRequests (PendingRequests.java:sendNotLeaderResponses(202)) - 90fd0d34-a73a-4681-abe3-dc95d09d0c2c-PendingRequests: sendNotLeaderResponses
2019-07-13 17:12:25,314 INFO  impl.StateMachineUpdater (StateMachineUpdater.java:stopAndJoin(115)) - StateMachineUpdater:90fd0d34-a73a-4681-abe3-dc95d09d0c2c:group-86EC2E265FFB: set stopIndex = 0
2019-07-13 17:12:25,314 INFO  ratis.ContainerStateMachine (ContainerStateMachine.java:takeSnapshot(246)) - Taking snapshot at termIndex:(t:0, i:~)
2019-07-13 17:12:25,315 INFO  impl.RaftServerImpl (ServerState.java:close(394)) - 90fd0d34-a73a-4681-abe3-dc95d09d0c2c:group-86EC2E265FFB closes. The last applied log index is 0
2019-07-13 17:12:25,316 INFO  segmented.SegmentedRaftLogWorker (SegmentedRaftLogWorker.java:run(313)) - 90fd0d34-a73a-4681-abe3-dc95d09d0c2c-SegmentedRaftLogWorker:Storage Directory /tmp/workdir/hadoop-ozone/integration-test/target/test-dir/MiniOzoneClusterImpl-e3d0d3ab-df3d-4885-9fcc-d3a16c2e51f8/datanode-0/data/ratis/ea5e47f3-7c4b-4a43-952a-86ec2e265ffb was interrupted, exiting. There are 0 tasks remaining in the queue.
2019-07-13 17:12:25,317 INFO  segmented.SegmentedRaftLogWorker (SegmentedRaftLogWorker.java:close(228)) - 90fd0d34-a73a-4681-abe3-dc95d09d0c2c-SegmentedRaftLogWorker:Storage Directory /tmp/workdir/hadoop-ozone/integration-test/target/test-dir/MiniOzoneClusterImpl-e3d0d3ab-df3d-4885-9fcc-d3a16c2e51f8/datanode-0/data/ratis/ea5e47f3-7c4b-4a43-952a-86ec2e265ffb close()
2019-07-13 17:12:25,319 INFO  server.GrpcService (GrpcService.java:closeImpl(155)) - 90fd0d34-a73a-4681-abe3-dc95d09d0c2c: shutdown server with port 45925 now
2019-07-13 17:12:25,321 INFO  server.GrpcService (GrpcService.java:closeImpl(163)) - 90fd0d34-a73a-4681-abe3-dc95d09d0c2c: shutdown server with port 45925 successfully
2019-07-13 17:12:25,323 INFO  utils.BackgroundService (BackgroundService.java:shutdown(148)) - Shutting down service BlockDeletingService
2019-07-13 17:12:25,325 WARN  fs.CachingGetSpaceUsed (CachingGetSpaceUsed.java:run(183)) - Thread Interrupted waiting to refresh disk information: sleep interrupted
2019-07-13 17:12:25,343 INFO  statemachine.DatanodeStateMachine (DatanodeStateMachine.java:stopDaemon(395)) - Ozone container server stopped.
2019-07-13 17:12:25,344 INFO  handler.ContextHandler (ContextHandler.java:doStop(910)) - Stopped o.e.j.w.WebAppContext@2e5e581e{/,null,UNAVAILABLE}{/hddsDatanode}
2019-07-13 17:12:25,345 INFO  server.AbstractConnector (AbstractConnector.java:doStop(318)) - Stopped ServerConnector@38bdbaac{HTTP/1.1,[http/1.1]}{0.0.0.0:0}
2019-07-13 17:12:25,346 INFO  handler.ContextHandler (ContextHandler.java:doStop(910)) - Stopped o.e.j.s.ServletContextHandler@48e214e1{/static,jar:file:/home/user/.m2/repository/org/apache/hadoop/hadoop-hdds-container-service/0.5.0-SNAPSHOT/hadoop-hdds-container-service-0.5.0-SNAPSHOT.jar!/webapps/static,UNAVAILABLE}
2019-07-13 17:12:25,346 INFO  handler.ContextHandler (ContextHandler.java:doStop(910)) - Stopped o.e.j.s.ServletContextHandler@2952748d{/logs,file:///tmp/workdir/hadoop-ozone/integration-test/target/log,UNAVAILABLE}
2019-07-13 17:12:25,347 INFO  ozone.MiniOzoneClusterImpl (MiniOzoneClusterImpl.java:stop(353)) - Stopping the StorageContainerManager
2019-07-13 17:12:25,347 INFO  server.StorageContainerManager (StorageContainerManager.java:stop(796)) - Stopping Replication Manager Service.
2019-07-13 17:12:25,347 INFO  container.ReplicationManager (ReplicationManager.java:stop(187)) - Stopping Replication Monitor Thread.
2019-07-13 17:12:25,348 INFO  server.StorageContainerManager (StorageContainerManager.java:stop(803)) - Stopping Lease Manager of the command watchers
2019-07-13 17:12:25,348 INFO  server.StorageContainerManager (StorageContainerManager.java:stop(810)) - Stopping datanode service RPC server
2019-07-13 17:12:25,348 INFO  server.SCMDatanodeProtocolServer (SCMDatanodeProtocolServer.java:stop(375)) - Stopping the RPC server for DataNodes
2019-07-13 17:12:25,348 INFO  ipc.Server (Server.java:stop(3082)) - Stopping server on 40890
2019-07-13 17:12:25,349 INFO  ipc.Server (Server.java:run(1185)) - Stopping IPC Server listener on 40890
2019-07-13 17:12:25,349 INFO  ipc.Server (Server.java:run(1319)) - Stopping IPC Server Responder
2019-07-13 17:12:26,189 WARN  node.NodeStateManager (NodeStateManager.java:scheduleNextHealthCheck(631)) - Current Thread is interrupted, shutting down HB processing thread for Node Manager.
2019-07-13 17:12:26,190 INFO  server.StorageContainerManager (StorageContainerManager.java:stop(818)) - Stopping block service RPC server
2019-07-13 17:12:26,190 INFO  server.SCMBlockProtocolServer (SCMBlockProtocolServer.java:stop(148)) - Stopping the RPC server for Block Protocol
2019-07-13 17:12:26,190 INFO  ipc.Server (Server.java:stop(3082)) - Stopping server on 38924
2019-07-13 17:12:26,193 INFO  ipc.Server (Server.java:run(1185)) - Stopping IPC Server listener on 38924
2019-07-13 17:12:26,193 INFO  ipc.Server (Server.java:run(1319)) - Stopping IPC Server Responder
2019-07-13 17:12:26,193 INFO  server.StorageContainerManager (StorageContainerManager.java:stop(825)) - Stopping the StorageContainerLocationProtocol RPC server
2019-07-13 17:12:26,193 INFO  server.SCMClientProtocolServer (SCMClientProtocolServer.java:stop(157)) - Stopping the RPC server for Client Protocol
2019-07-13 17:12:26,194 INFO  ipc.Server (Server.java:stop(3082)) - Stopping server on 42873
2019-07-13 17:12:26,195 INFO  ipc.Server (Server.java:run(1185)) - Stopping IPC Server listener on 42873
2019-07-13 17:12:26,195 INFO  server.StorageContainerManager (StorageContainerManager.java:stop(832)) - Stopping Storage Container Manager HTTP server.
2019-07-13 17:12:26,195 INFO  ipc.Server (Server.java:run(1319)) - Stopping IPC Server Responder
2019-07-13 17:12:26,196 INFO  handler.ContextHandler (ContextHandler.java:doStop(910)) - Stopped o.e.j.w.WebAppContext@5c3e4adb{/,null,UNAVAILABLE}{/scm}
2019-07-13 17:12:26,197 INFO  server.AbstractConnector (AbstractConnector.java:doStop(318)) - Stopped ServerConnector@22da4720{HTTP/1.1,[http/1.1]}{0.0.0.0:0}
2019-07-13 17:12:26,198 INFO  handler.ContextHandler (ContextHandler.java:doStop(910)) - Stopped o.e.j.s.ServletContextHandler@16f94eed{/static,file:///tmp/workdir/hadoop-ozone/integration-test/target/test-classes/webapps/static,UNAVAILABLE}
2019-07-13 17:12:26,198 INFO  handler.ContextHandler (ContextHandler.java:doStop(910)) - Stopped o.e.j.s.ServletContextHandler@7e1c7a1b{/logs,file:///tmp/workdir/hadoop-ozone/integration-test/target/log,UNAVAILABLE}
2019-07-13 17:12:26,199 INFO  server.StorageContainerManager (StorageContainerManager.java:stop(843)) - Stopping Block Manager Service.
2019-07-13 17:12:26,199 INFO  utils.BackgroundService (BackgroundService.java:shutdown(148)) - Shutting down service SCMBlockDeletingService
2019-07-13 17:12:26,199 INFO  utils.BackgroundService (BackgroundService.java:shutdown(148)) - Shutting down service SCMBlockDeletingService
2019-07-13 17:12:26,200 INFO  server.StorageContainerManager (StorageContainerManager.java:stop(865)) - Stopping SCM Event Queue.
2019-07-13 17:12:26,203 INFO  impl.MetricsSystemImpl (MetricsSystemImpl.java:stop(210)) - Stopping HddsDatanode metrics system...
2019-07-13 17:12:26,205 INFO  impl.MetricsSystemImpl (MetricsSystemImpl.java:stop(216)) - HddsDatanode metrics system stopped.
]]></system-out>
    <system-err><![CDATA[Jul 13, 2019 5:12:14 PM com.sun.jersey.server.impl.application.WebApplicationImpl _initiate
INFO: Initiating Jersey application, version 'Jersey: 1.19 02/11/2015 03:25 AM'
Jul 13, 2019 5:12:19 PM org.apache.ratis.thirdparty.io.grpc.internal.ManagedChannelOrphanWrapper$ManagedChannelReference cleanQueue
SEVERE: *~*~*~ Channel ManagedChannelImpl{logId=28, target=192.168.5.187:34759} was not shutdown properly!!! ~*~*~*
    Make sure to call shutdown()/shutdownNow() and wait until awaitTermination() returns true.
java.lang.RuntimeException: ManagedChannel allocation site
	at org.apache.ratis.thirdparty.io.grpc.internal.ManagedChannelOrphanWrapper$ManagedChannelReference.<init>(ManagedChannelOrphanWrapper.java:103)
	at org.apache.ratis.thirdparty.io.grpc.internal.ManagedChannelOrphanWrapper.<init>(ManagedChannelOrphanWrapper.java:53)
	at org.apache.ratis.thirdparty.io.grpc.internal.ManagedChannelOrphanWrapper.<init>(ManagedChannelOrphanWrapper.java:44)
	at org.apache.ratis.thirdparty.io.grpc.internal.AbstractManagedChannelImplBuilder.build(AbstractManagedChannelImplBuilder.java:411)
	at org.apache.hadoop.hdds.scm.XceiverClientGrpc.connectToDatanode(XceiverClientGrpc.java:172)
	at org.apache.hadoop.hdds.scm.XceiverClientGrpc.reconnect(XceiverClientGrpc.java:417)
	at org.apache.hadoop.hdds.scm.XceiverClientGrpc.sendCommandAsync(XceiverClientGrpc.java:366)
	at org.apache.hadoop.hdds.scm.XceiverClientGrpc.sendCommandAsync(XceiverClientGrpc.java:341)
	at org.apache.hadoop.hdds.scm.storage.ContainerProtocolCalls.writeChunkAsync(ContainerProtocolCalls.java:310)
	at org.apache.hadoop.hdds.scm.storage.BlockOutputStream.writeChunkToContainer(BlockOutputStream.java:610)
	at org.apache.hadoop.hdds.scm.storage.BlockOutputStream.writeChunk(BlockOutputStream.java:467)
	at org.apache.hadoop.hdds.scm.storage.BlockOutputStream.handleFlush(BlockOutputStream.java:478)
	at org.apache.hadoop.hdds.scm.storage.BlockOutputStream.close(BlockOutputStream.java:501)
	at org.apache.hadoop.ozone.client.io.BlockOutputStreamEntry.close(BlockOutputStreamEntry.java:143)
	at org.apache.hadoop.ozone.client.io.KeyOutputStream.handleFlushOrClose(KeyOutputStream.java:434)
	at org.apache.hadoop.ozone.client.io.KeyOutputStream.close(KeyOutputStream.java:472)
	at org.apache.hadoop.ozone.client.io.OzoneOutputStream.close(OzoneOutputStream.java:60)
	at org.apache.hadoop.ozone.web.client.TestKeys$PutHelper.putKey(TestKeys.java:267)
	at org.apache.hadoop.ozone.web.client.TestKeys$PutHelper.access$300(TestKeys.java:198)
	at org.apache.hadoop.ozone.web.client.TestKeys.runTestPutAndGetKey(TestKeys.java:379)
	at org.apache.hadoop.ozone.web.client.TestKeys.testPutAndGetKey(TestKeys.java:370)
	at sun.reflect.NativeMethodAccessorImpl.invoke0(Native Method)
	at sun.reflect.NativeMethodAccessorImpl.invoke(NativeMethodAccessorImpl.java:62)
	at sun.reflect.DelegatingMethodAccessorImpl.invoke(DelegatingMethodAccessorImpl.java:43)
	at java.lang.reflect.Method.invoke(Method.java:498)
	at org.junit.runners.model.FrameworkMethod$1.runReflectiveCall(FrameworkMethod.java:47)
	at org.junit.internal.runners.model.ReflectiveCallable.run(ReflectiveCallable.java:12)
	at org.junit.runners.model.FrameworkMethod.invokeExplosively(FrameworkMethod.java:44)
	at org.junit.internal.runners.statements.InvokeMethod.evaluate(InvokeMethod.java:17)
	at org.junit.internal.runners.statements.RunBefores.evaluate(RunBefores.java:26)
	at org.junit.internal.runners.statements.RunAfters.evaluate(RunAfters.java:27)
	at org.junit.internal.runners.statements.FailOnTimeout$StatementThread.run(FailOnTimeout.java:74)

Jul 13, 2019 5:12:19 PM org.apache.ratis.thirdparty.io.grpc.internal.ManagedChannelOrphanWrapper$ManagedChannelReference cleanQueue
SEVERE: *~*~*~ Channel ManagedChannelImpl{logId=33, target=192.168.5.187:34759} was not shutdown properly!!! ~*~*~*
    Make sure to call shutdown()/shutdownNow() and wait until awaitTermination() returns true.
java.lang.RuntimeException: ManagedChannel allocation site
	at org.apache.ratis.thirdparty.io.grpc.internal.ManagedChannelOrphanWrapper$ManagedChannelReference.<init>(ManagedChannelOrphanWrapper.java:103)
	at org.apache.ratis.thirdparty.io.grpc.internal.ManagedChannelOrphanWrapper.<init>(ManagedChannelOrphanWrapper.java:53)
	at org.apache.ratis.thirdparty.io.grpc.internal.ManagedChannelOrphanWrapper.<init>(ManagedChannelOrphanWrapper.java:44)
	at org.apache.ratis.thirdparty.io.grpc.internal.AbstractManagedChannelImplBuilder.build(AbstractManagedChannelImplBuilder.java:411)
	at org.apache.hadoop.hdds.scm.XceiverClientGrpc.connectToDatanode(XceiverClientGrpc.java:172)
	at org.apache.hadoop.hdds.scm.XceiverClientGrpc.reconnect(XceiverClientGrpc.java:417)
	at org.apache.hadoop.hdds.scm.XceiverClientGrpc.sendCommandAsync(XceiverClientGrpc.java:366)
	at org.apache.hadoop.hdds.scm.XceiverClientGrpc.sendCommandWithRetry(XceiverClientGrpc.java:279)
	at org.apache.hadoop.hdds.scm.XceiverClientGrpc.sendCommandWithTraceIDAndRetry(XceiverClientGrpc.java:248)
	at org.apache.hadoop.hdds.scm.XceiverClientGrpc.sendCommand(XceiverClientGrpc.java:231)
	at org.apache.hadoop.hdds.scm.storage.ContainerProtocolCalls.getBlock(ContainerProtocolCalls.java:118)
	at org.apache.hadoop.hdds.scm.storage.BlockInputStream.getChunkInfos(BlockInputStream.java:167)
	at org.apache.hadoop.hdds.scm.storage.BlockInputStream.initialize(BlockInputStream.java:118)
	at org.apache.hadoop.hdds.scm.storage.BlockInputStream.read(BlockInputStream.java:222)
	at org.apache.hadoop.ozone.client.io.KeyInputStream.read(KeyInputStream.java:171)
	at org.apache.hadoop.ozone.client.io.OzoneInputStream.read(OzoneInputStream.java:47)
	at java.io.InputStream.read(InputStream.java:101)
	at org.apache.commons.io.IOUtils.copyLarge(IOUtils.java:2146)
	at org.apache.commons.io.IOUtils.copy(IOUtils.java:2102)
	at org.apache.commons.io.IOUtils.copyLarge(IOUtils.java:2123)
	at org.apache.commons.io.IOUtils.copy(IOUtils.java:2078)
	at org.apache.hadoop.ozone.web.client.TestKeys.runTestPutAndGetKey(TestKeys.java:396)
	at org.apache.hadoop.ozone.web.client.TestKeys.testPutAndGetKey(TestKeys.java:370)
	at sun.reflect.NativeMethodAccessorImpl.invoke0(Native Method)
	at sun.reflect.NativeMethodAccessorImpl.invoke(NativeMethodAccessorImpl.java:62)
	at sun.reflect.DelegatingMethodAccessorImpl.invoke(DelegatingMethodAccessorImpl.java:43)
	at java.lang.reflect.Method.invoke(Method.java:498)
	at org.junit.runners.model.FrameworkMethod$1.runReflectiveCall(FrameworkMethod.java:47)
	at org.junit.internal.runners.model.ReflectiveCallable.run(ReflectiveCallable.java:12)
	at org.junit.runners.model.FrameworkMethod.invokeExplosively(FrameworkMethod.java:44)
	at org.junit.internal.runners.statements.InvokeMethod.evaluate(InvokeMethod.java:17)
	at org.junit.internal.runners.statements.RunBefores.evaluate(RunBefores.java:26)
	at org.junit.internal.runners.statements.RunAfters.evaluate(RunAfters.java:27)
	at org.junit.internal.runners.statements.FailOnTimeout$StatementThread.run(FailOnTimeout.java:74)

Jul 13, 2019 5:12:19 PM org.apache.ratis.thirdparty.io.grpc.internal.ManagedChannelOrphanWrapper$ManagedChannelReference cleanQueue
SEVERE: *~*~*~ Channel ManagedChannelImpl{logId=12, target=192.168.5.187:41688} was not shutdown properly!!! ~*~*~*
    Make sure to call shutdown()/shutdownNow() and wait until awaitTermination() returns true.
java.lang.RuntimeException: ManagedChannel allocation site
	at org.apache.ratis.thirdparty.io.grpc.internal.ManagedChannelOrphanWrapper$ManagedChannelReference.<init>(ManagedChannelOrphanWrapper.java:103)
	at org.apache.ratis.thirdparty.io.grpc.internal.ManagedChannelOrphanWrapper.<init>(ManagedChannelOrphanWrapper.java:53)
	at org.apache.ratis.thirdparty.io.grpc.internal.ManagedChannelOrphanWrapper.<init>(ManagedChannelOrphanWrapper.java:44)
	at org.apache.ratis.thirdparty.io.grpc.internal.AbstractManagedChannelImplBuilder.build(AbstractManagedChannelImplBuilder.java:411)
	at org.apache.hadoop.hdds.scm.XceiverClientGrpc.connectToDatanode(XceiverClientGrpc.java:172)
	at org.apache.hadoop.hdds.scm.XceiverClientGrpc.reconnect(XceiverClientGrpc.java:417)
	at org.apache.hadoop.hdds.scm.XceiverClientGrpc.sendCommandAsync(XceiverClientGrpc.java:366)
	at org.apache.hadoop.hdds.scm.XceiverClientGrpc.sendCommandAsync(XceiverClientGrpc.java:341)
	at org.apache.hadoop.hdds.scm.storage.ContainerProtocolCalls.writeChunkAsync(ContainerProtocolCalls.java:310)
	at org.apache.hadoop.hdds.scm.storage.BlockOutputStream.writeChunkToContainer(BlockOutputStream.java:610)
	at org.apache.hadoop.hdds.scm.storage.BlockOutputStream.writeChunk(BlockOutputStream.java:467)
	at org.apache.hadoop.hdds.scm.storage.BlockOutputStream.handleFlush(BlockOutputStream.java:478)
	at org.apache.hadoop.hdds.scm.storage.BlockOutputStream.close(BlockOutputStream.java:501)
	at org.apache.hadoop.ozone.client.io.BlockOutputStreamEntry.close(BlockOutputStreamEntry.java:143)
	at org.apache.hadoop.ozone.client.io.KeyOutputStream.handleFlushOrClose(KeyOutputStream.java:434)
	at org.apache.hadoop.ozone.client.io.KeyOutputStream.close(KeyOutputStream.java:472)
	at org.apache.hadoop.ozone.client.io.OzoneOutputStream.close(OzoneOutputStream.java:60)
	at org.apache.hadoop.ozone.web.client.TestKeys$PutHelper.putKey(TestKeys.java:267)
	at org.apache.hadoop.ozone.web.client.TestKeys$PutHelper.access$300(TestKeys.java:198)
	at org.apache.hadoop.ozone.web.client.TestKeys.runTestPutAndListKey(TestKeys.java:462)
	at org.apache.hadoop.ozone.web.client.TestKeys.testPutAndListKey(TestKeys.java:454)
	at sun.reflect.NativeMethodAccessorImpl.invoke0(Native Method)
	at sun.reflect.NativeMethodAccessorImpl.invoke(NativeMethodAccessorImpl.java:62)
	at sun.reflect.DelegatingMethodAccessorImpl.invoke(DelegatingMethodAccessorImpl.java:43)
	at java.lang.reflect.Method.invoke(Method.java:498)
	at org.junit.runners.model.FrameworkMethod$1.runReflectiveCall(FrameworkMethod.java:47)
	at org.junit.internal.runners.model.ReflectiveCallable.run(ReflectiveCallable.java:12)
	at org.junit.runners.model.FrameworkMethod.invokeExplosively(FrameworkMethod.java:44)
	at org.junit.internal.runners.statements.InvokeMethod.evaluate(InvokeMethod.java:17)
	at org.junit.internal.runners.statements.RunBefores.evaluate(RunBefores.java:26)
	at org.junit.internal.runners.statements.RunAfters.evaluate(RunAfters.java:27)
	at org.junit.internal.runners.statements.FailOnTimeout$StatementThread.run(FailOnTimeout.java:74)

Jul 13, 2019 5:12:19 PM org.apache.ratis.thirdparty.io.grpc.internal.ManagedChannelOrphanWrapper$ManagedChannelReference cleanQueue
SEVERE: *~*~*~ Channel ManagedChannelImpl{logId=49, target=192.168.5.187:44006} was not shutdown properly!!! ~*~*~*
    Make sure to call shutdown()/shutdownNow() and wait until awaitTermination() returns true.
java.lang.RuntimeException: ManagedChannel allocation site
	at org.apache.ratis.thirdparty.io.grpc.internal.ManagedChannelOrphanWrapper$ManagedChannelReference.<init>(ManagedChannelOrphanWrapper.java:103)
	at org.apache.ratis.thirdparty.io.grpc.internal.ManagedChannelOrphanWrapper.<init>(ManagedChannelOrphanWrapper.java:53)
	at org.apache.ratis.thirdparty.io.grpc.internal.ManagedChannelOrphanWrapper.<init>(ManagedChannelOrphanWrapper.java:44)
	at org.apache.ratis.thirdparty.io.grpc.internal.AbstractManagedChannelImplBuilder.build(AbstractManagedChannelImplBuilder.java:411)
	at org.apache.hadoop.hdds.scm.XceiverClientGrpc.connectToDatanode(XceiverClientGrpc.java:172)
	at org.apache.hadoop.hdds.scm.XceiverClientGrpc.reconnect(XceiverClientGrpc.java:417)
	at org.apache.hadoop.hdds.scm.XceiverClientGrpc.sendCommandAsync(XceiverClientGrpc.java:366)
	at org.apache.hadoop.hdds.scm.XceiverClientGrpc.sendCommandAsync(XceiverClientGrpc.java:341)
	at org.apache.hadoop.hdds.scm.storage.ContainerProtocolCalls.writeChunkAsync(ContainerProtocolCalls.java:310)
	at org.apache.hadoop.hdds.scm.storage.BlockOutputStream.writeChunkToContainer(BlockOutputStream.java:610)
	at org.apache.hadoop.hdds.scm.storage.BlockOutputStream.writeChunk(BlockOutputStream.java:467)
	at org.apache.hadoop.hdds.scm.storage.BlockOutputStream.handleFlush(BlockOutputStream.java:478)
	at org.apache.hadoop.hdds.scm.storage.BlockOutputStream.close(BlockOutputStream.java:501)
	at org.apache.hadoop.ozone.client.io.BlockOutputStreamEntry.close(BlockOutputStreamEntry.java:143)
	at org.apache.hadoop.ozone.client.io.KeyOutputStream.handleFlushOrClose(KeyOutputStream.java:434)
	at org.apache.hadoop.ozone.client.io.KeyOutputStream.close(KeyOutputStream.java:472)
	at org.apache.hadoop.ozone.client.io.OzoneOutputStream.close(OzoneOutputStream.java:60)
	at org.apache.hadoop.ozone.web.client.TestKeys$PutHelper.putKey(TestKeys.java:267)
	at org.apache.hadoop.ozone.web.client.TestKeys$PutHelper.access$300(TestKeys.java:198)
	at org.apache.hadoop.ozone.web.client.TestKeys.runTestGetKeyInfo(TestKeys.java:547)
	at org.apache.hadoop.ozone.web.client.TestKeys.testGetKeyInfo(TestKeys.java:540)
	at sun.reflect.NativeMethodAccessorImpl.invoke0(Native Method)
	at sun.reflect.NativeMethodAccessorImpl.invoke(NativeMethodAccessorImpl.java:62)
	at sun.reflect.DelegatingMethodAccessorImpl.invoke(DelegatingMethodAccessorImpl.java:43)
	at java.lang.reflect.Method.invoke(Method.java:498)
	at org.junit.runners.model.FrameworkMethod$1.runReflectiveCall(FrameworkMethod.java:47)
	at org.junit.internal.runners.model.ReflectiveCallable.run(ReflectiveCallable.java:12)
	at org.junit.runners.model.FrameworkMethod.invokeExplosively(FrameworkMethod.java:44)
	at org.junit.internal.runners.statements.InvokeMethod.evaluate(InvokeMethod.java:17)
	at org.junit.internal.runners.statements.RunBefores.evaluate(RunBefores.java:26)
	at org.junit.internal.runners.statements.RunAfters.evaluate(RunAfters.java:27)
	at org.junit.internal.runners.statements.FailOnTimeout$StatementThread.run(FailOnTimeout.java:74)

]]></system-err>
  </testcase>
  <testcase name="testPutAndGetKeyWithDnRestart" classname="org.apache.hadoop.ozone.web.client.TestKeys" time="88.26"/>
</testsuite>