<?xml version="1.0" encoding="UTF-8"?>
<testsuite xmlns:xsi="http://www.w3.org/2001/XMLSchema-instance" xsi:noNamespaceSchemaLocation="https://maven.apache.org/surefire/maven-surefire-plugin/xsd/surefire-test-report.xsd" name="org.apache.hadoop.ozone.client.rpc.TestCloseContainerHandlingByClient" time="55.77" tests="8" errors="6" skipped="1" failures="0">
  <properties>
    <property name="awt.toolkit" value="sun.awt.X11.XToolkit"/>
    <property name="file.encoding.pkg" value="sun.io"/>
    <property name="java.specification.version" value="1.8"/>
    <property name="sun.cpu.isalist" value=""/>
    <property name="sun.jnu.encoding" value="UTF-8"/>
    <property name="java.class.path" value="/tmp/workdir/hadoop-ozone/integration-test/target/test-classes:/tmp/workdir/hadoop-ozone/integration-test/target/classes:/home/user/.m2/repository/org/apache/hadoop/hadoop-ozone-common/0.5.0-SNAPSHOT/hadoop-ozone-common-0.5.0-SNAPSHOT.jar:/home/user/.m2/repository/org/apache/commons/commons-compress/1.4.1/commons-compress-1.4.1.jar:/home/user/.m2/repository/org/tukaani/xz/1.0/xz-1.0.jar:/home/user/.m2/repository/org/apache/hadoop/hadoop-common/3.2.0/hadoop-common-3.2.0.jar:/home/user/.m2/repository/org/apache/hadoop/hadoop-hdfs/3.2.0/hadoop-hdfs-3.2.0.jar:/home/user/.m2/repository/org/apache/hadoop/hadoop-hdfs-client/3.2.0/hadoop-hdfs-client-3.2.0.jar:/home/user/.m2/repository/com/fasterxml/jackson/core/jackson-annotations/2.9.5/jackson-annotations-2.9.5.jar:/home/user/.m2/repository/org/apache/hadoop/hadoop-hdds-common/0.5.0-SNAPSHOT/hadoop-hdds-common-0.5.0-SNAPSHOT.jar:/home/user/.m2/repository/javax/annotation/javax.annotation-api/1.2/javax.annotation-api-1.2.jar:/home/user/.m2/repository/org/apache/ratis/ratis-server/0.4.0-2337318-SNAPSHOT/ratis-server-0.4.0-2337318-SNAPSHOT.jar:/home/user/.m2/repository/org/apache/ratis/ratis-thirdparty-misc/0.2.0/ratis-thirdparty-misc-0.2.0.jar:/home/user/.m2/repository/org/apache/ratis/ratis-proto/0.4.0-2337318-SNAPSHOT/ratis-proto-0.4.0-2337318-SNAPSHOT.jar:/home/user/.m2/repository/org/apache/ratis/ratis-common/0.4.0-2337318-SNAPSHOT/ratis-common-0.4.0-2337318-SNAPSHOT.jar:/home/user/.m2/repository/org/apache/ratis/ratis-client/0.4.0-2337318-SNAPSHOT/ratis-client-0.4.0-2337318-SNAPSHOT.jar:/home/user/.m2/repository/org/apache/ratis/ratis-metrics/0.4.0-2337318-SNAPSHOT/ratis-metrics-0.4.0-2337318-SNAPSHOT.jar:/home/user/.m2/repository/org/apache/ratis/ratis-netty/0.4.0-2337318-SNAPSHOT/ratis-netty-0.4.0-2337318-SNAPSHOT.jar:/home/user/.m2/repository/org/apache/ratis/ratis-grpc/0.4.0-2337318-SNAPSHOT/ratis-grpc-0.4.0-2337318-SNAPSHOT.jar:/home/user/.m2/repository/org/rocksdb/rocksdbjni/6.0.1/rocksdbjni-6.0.1.jar:/home/user/.m2/repository/org/apache/logging/log4j/log4j-api/2.11.0/log4j-api-2.11.0.jar:/home/user/.m2/repository/org/apache/logging/log4j/log4j-core/2.11.0/log4j-core-2.11.0.jar:/home/user/.m2/repository/com/lmax/disruptor/3.4.2/disruptor-3.4.2.jar:/home/user/.m2/repository/org/apache/commons/commons-pool2/2.6.0/commons-pool2-2.6.0.jar:/home/user/.m2/repository/org/bouncycastle/bcpkix-jdk15on/1.60/bcpkix-jdk15on-1.60.jar:/home/user/.m2/repository/commons-validator/commons-validator/1.6/commons-validator-1.6.jar:/home/user/.m2/repository/commons-digester/commons-digester/1.8.1/commons-digester-1.8.1.jar:/home/user/.m2/repository/io/jaegertracing/jaeger-client/0.33.1/jaeger-client-0.33.1.jar:/home/user/.m2/repository/io/jaegertracing/jaeger-thrift/0.33.1/jaeger-thrift-0.33.1.jar:/home/user/.m2/repository/org/apache/thrift/libthrift/0.11.0/libthrift-0.11.0.jar:/home/user/.m2/repository/com/squareup/okhttp3/okhttp/3.9.0/okhttp-3.9.0.jar:/home/user/.m2/repository/com/squareup/okio/okio/1.13.0/okio-1.13.0.jar:/home/user/.m2/repository/io/jaegertracing/jaeger-core/0.33.1/jaeger-core-0.33.1.jar:/home/user/.m2/repository/io/jaegertracing/jaeger-tracerresolver/0.33.1/jaeger-tracerresolver-0.33.1.jar:/home/user/.m2/repository/io/opentracing/contrib/opentracing-tracerresolver/0.1.5/opentracing-tracerresolver-0.1.5.jar:/home/user/.m2/repository/io/opentracing/opentracing-util/0.31.0/opentracing-util-0.31.0.jar:/home/user/.m2/repository/io/opentracing/opentracing-api/0.31.0/opentracing-api-0.31.0.jar:/home/user/.m2/repository/io/opentracing/opentracing-noop/0.31.0/opentracing-noop-0.31.0.jar:/home/user/.m2/repository/org/apache/hadoop/hadoop-hdds-server-framework/0.5.0-SNAPSHOT/hadoop-hdds-server-framework-0.5.0-SNAPSHOT.jar:/home/user/.m2/repository/org/apache/hadoop/hadoop-hdds-container-service/0.5.0-SNAPSHOT/hadoop-hdds-container-service-0.5.0-SNAPSHOT.jar:/home/user/.m2/repository/org/apache/hadoop/hadoop-hdds-client/0.5.0-SNAPSHOT/hadoop-hdds-client-0.5.0-SNAPSHOT.jar:/home/user/.m2/repository/org/apache/hadoop/hadoop-hdds-tools/0.5.0-SNAPSHOT/hadoop-hdds-tools-0.5.0-SNAPSHOT.jar:/home/user/.m2/repository/org/apache/hadoop/hadoop-hdds-server-scm/0.5.0-SNAPSHOT/hadoop-hdds-server-scm-0.5.0-SNAPSHOT.jar:/home/user/.m2/repository/org/apache/hadoop/hadoop-hdds-docs/0.5.0-SNAPSHOT/hadoop-hdds-docs-0.5.0-SNAPSHOT.jar:/home/user/.m2/repository/io/dropwizard/metrics/metrics-core/3.2.4/metrics-core-3.2.4.jar:/home/user/.m2/repository/org/hamcrest/hamcrest-all/1.3/hamcrest-all-1.3.jar:/home/user/.m2/repository/org/bouncycastle/bcprov-jdk15on/1.60/bcprov-jdk15on-1.60.jar:/home/user/.m2/repository/info/picocli/picocli/3.9.6/picocli-3.9.6.jar:/home/user/.m2/repository/com/google/protobuf/protobuf-java/2.5.0/protobuf-java-2.5.0.jar:/home/user/.m2/repository/com/google/guava/guava/11.0.2/guava-11.0.2.jar:/home/user/.m2/repository/org/apache/hadoop/hadoop-ozone-ozone-manager/0.5.0-SNAPSHOT/hadoop-ozone-ozone-manager-0.5.0-SNAPSHOT.jar:/home/user/.m2/repository/org/apache/hadoop/hadoop-minikdc/3.2.0/hadoop-minikdc-3.2.0.jar:/home/user/.m2/repository/commons-io/commons-io/2.5/commons-io-2.5.jar:/home/user/.m2/repository/org/apache/kerby/kerb-simplekdc/1.0.1/kerb-simplekdc-1.0.1.jar:/home/user/.m2/repository/org/apache/kerby/kerb-client/1.0.1/kerb-client-1.0.1.jar:/home/user/.m2/repository/org/apache/kerby/kerby-config/1.0.1/kerby-config-1.0.1.jar:/home/user/.m2/repository/org/apache/kerby/kerb-core/1.0.1/kerb-core-1.0.1.jar:/home/user/.m2/repository/org/apache/kerby/kerby-pkix/1.0.1/kerby-pkix-1.0.1.jar:/home/user/.m2/repository/org/apache/kerby/kerby-asn1/1.0.1/kerby-asn1-1.0.1.jar:/home/user/.m2/repository/org/apache/kerby/kerby-util/1.0.1/kerby-util-1.0.1.jar:/home/user/.m2/repository/org/apache/kerby/kerb-common/1.0.1/kerb-common-1.0.1.jar:/home/user/.m2/repository/org/apache/kerby/kerb-crypto/1.0.1/kerb-crypto-1.0.1.jar:/home/user/.m2/repository/org/apache/kerby/kerb-util/1.0.1/kerb-util-1.0.1.jar:/home/user/.m2/repository/org/apache/kerby/token-provider/1.0.1/token-provider-1.0.1.jar:/home/user/.m2/repository/org/apache/kerby/kerb-admin/1.0.1/kerb-admin-1.0.1.jar:/home/user/.m2/repository/org/apache/kerby/kerb-server/1.0.1/kerb-server-1.0.1.jar:/home/user/.m2/repository/org/apache/kerby/kerb-identity/1.0.1/kerb-identity-1.0.1.jar:/home/user/.m2/repository/org/apache/kerby/kerby-xdr/1.0.1/kerby-xdr-1.0.1.jar:/home/user/.m2/repository/org/slf4j/slf4j-log4j12/1.7.25/slf4j-log4j12-1.7.25.jar:/home/user/.m2/repository/org/apache/hadoop/hadoop-ozone-objectstore-service/0.5.0-SNAPSHOT/hadoop-ozone-objectstore-service-0.5.0-SNAPSHOT.jar:/home/user/.m2/repository/org/apache/hadoop/hadoop-ozone-s3gateway/0.5.0-SNAPSHOT/hadoop-ozone-s3gateway-0.5.0-SNAPSHOT.jar:/home/user/.m2/repository/org/jboss/weld/servlet/weld-servlet/2.4.7.Final/weld-servlet-2.4.7.Final.jar:/home/user/.m2/repository/org/glassfish/jersey/containers/jersey-container-servlet-core/2.27/jersey-container-servlet-core-2.27.jar:/home/user/.m2/repository/org/glassfish/hk2/external/javax.inject/2.5.0-b42/javax.inject-2.5.0-b42.jar:/home/user/.m2/repository/org/glassfish/jersey/core/jersey-common/2.27/jersey-common-2.27.jar:/home/user/.m2/repository/org/glassfish/hk2/osgi-resource-locator/1.0.1/osgi-resource-locator-1.0.1.jar:/home/user/.m2/repository/javax/ws/rs/javax.ws.rs-api/2.1/javax.ws.rs-api-2.1.jar:/home/user/.m2/repository/org/glassfish/jersey/ext/cdi/jersey-cdi1x/2.27/jersey-cdi1x-2.27.jar:/home/user/.m2/repository/org/glassfish/jersey/inject/jersey-hk2/2.27/jersey-hk2-2.27.jar:/home/user/.m2/repository/org/glassfish/hk2/hk2-locator/2.5.0-b42/hk2-locator-2.5.0-b42.jar:/home/user/.m2/repository/org/javassist/javassist/3.22.0-CR2/javassist-3.22.0-CR2.jar:/home/user/.m2/repository/org/glassfish/hk2/hk2-api/2.5.0/hk2-api-2.5.0.jar:/home/user/.m2/repository/org/glassfish/hk2/external/jakarta.inject/2.5.0/jakarta.inject-2.5.0.jar:/home/user/.m2/repository/org/glassfish/hk2/hk2-utils/2.5.0/hk2-utils-2.5.0.jar:/home/user/.m2/repository/jakarta/annotation/jakarta.annotation-api/1.3.4/jakarta.annotation-api-1.3.4.jar:/home/user/.m2/repository/org/glassfish/hk2/external/aopalliance-repackaged/2.5.0/aopalliance-repackaged-2.5.0.jar:/home/user/.m2/repository/com/fasterxml/jackson/dataformat/jackson-dataformat-xml/2.9.0/jackson-dataformat-xml-2.9.0.jar:/home/user/.m2/repository/com/fasterxml/jackson/core/jackson-core/2.9.5/jackson-core-2.9.5.jar:/home/user/.m2/repository/com/fasterxml/jackson/module/jackson-module-jaxb-annotations/2.9.5/jackson-module-jaxb-annotations-2.9.5.jar:/home/user/.m2/repository/javax/enterprise/cdi-api/1.2/cdi-api-1.2.jar:/home/user/.m2/repository/javax/el/javax.el-api/3.0.0/javax.el-api-3.0.0.jar:/home/user/.m2/repository/javax/interceptor/javax.interceptor-api/1.2/javax.interceptor-api-1.2.jar:/home/user/.m2/repository/javax/inject/javax.inject/1/javax.inject-1.jar:/home/user/.m2/repository/com/sun/xml/bind/jaxb-impl/2.3.0.1/jaxb-impl-2.3.0.1.jar:/home/user/.m2/repository/com/sun/xml/bind/jaxb-core/2.3.0.1/jaxb-core-2.3.0.1.jar:/home/user/.m2/repository/javax/xml/bind/jaxb-api/2.3.0/jaxb-api-2.3.0.jar:/home/user/.m2/repository/javax/activation/activation/1.1.1/activation-1.1.1.jar:/home/user/.m2/repository/org/apache/hadoop/hadoop-ozone-csi/0.5.0-SNAPSHOT/hadoop-ozone-csi-0.5.0-SNAPSHOT.jar:/home/user/.m2/repository/com/google/protobuf/protobuf-java-util/3.5.1/protobuf-java-util-3.5.1.jar:/home/user/.m2/repository/org/apache/hadoop/hadoop-hdds-config/0.5.0-SNAPSHOT/hadoop-hdds-config-0.5.0-SNAPSHOT.jar:/home/user/.m2/repository/io/grpc/grpc-netty/1.17.1/grpc-netty-1.17.1.jar:/home/user/.m2/repository/io/grpc/grpc-core/1.17.1/grpc-core-1.17.1.jar:/home/user/.m2/repository/io/grpc/grpc-context/1.17.1/grpc-context-1.17.1.jar:/home/user/.m2/repository/com/google/errorprone/error_prone_annotations/2.2.0/error_prone_annotations-2.2.0.jar:/home/user/.m2/repository/org/codehaus/mojo/animal-sniffer-annotations/1.17/animal-sniffer-annotations-1.17.jar:/home/user/.m2/repository/io/opencensus/opencensus-api/0.17.0/opencensus-api-0.17.0.jar:/home/user/.m2/repository/io/opencensus/opencensus-contrib-grpc-metrics/0.17.0/opencensus-contrib-grpc-metrics-0.17.0.jar:/home/user/.m2/repository/io/netty/netty-codec-http2/4.1.30.Final/netty-codec-http2-4.1.30.Final.jar:/home/user/.m2/repository/io/netty/netty-codec-http/4.1.30.Final/netty-codec-http-4.1.30.Final.jar:/home/user/.m2/repository/io/netty/netty-codec/4.1.30.Final/netty-codec-4.1.30.Final.jar:/home/user/.m2/repository/io/netty/netty-handler/4.1.30.Final/netty-handler-4.1.30.Final.jar:/home/user/.m2/repository/io/netty/netty-handler-proxy/4.1.30.Final/netty-handler-proxy-4.1.30.Final.jar:/home/user/.m2/repository/io/netty/netty-codec-socks/4.1.30.Final/netty-codec-socks-4.1.30.Final.jar:/home/user/.m2/repository/io/netty/netty-transport-native-epoll/4.1.30.Final/netty-transport-native-epoll-4.1.30.Final.jar:/home/user/.m2/repository/io/netty/netty-common/4.1.30.Final/netty-common-4.1.30.Final.jar:/home/user/.m2/repository/io/netty/netty-buffer/4.1.30.Final/netty-buffer-4.1.30.Final.jar:/home/user/.m2/repository/io/netty/netty-transport/4.1.30.Final/netty-transport-4.1.30.Final.jar:/home/user/.m2/repository/io/netty/netty-resolver/4.1.30.Final/netty-resolver-4.1.30.Final.jar:/home/user/.m2/repository/io/netty/netty-transport-native-unix-common/4.1.30.Final/netty-transport-native-unix-common-4.1.30.Final.jar:/home/user/.m2/repository/io/grpc/grpc-protobuf/1.17.1/grpc-protobuf-1.17.1.jar:/home/user/.m2/repository/com/google/api/grpc/proto-google-common-protos/1.0.0/proto-google-common-protos-1.0.0.jar:/home/user/.m2/repository/io/grpc/grpc-protobuf-lite/1.17.1/grpc-protobuf-lite-1.17.1.jar:/home/user/.m2/repository/io/grpc/grpc-stub/1.17.1/grpc-stub-1.17.1.jar:/home/user/.m2/repository/org/apache/hadoop/hadoop-ozone-recon/0.5.0-SNAPSHOT/hadoop-ozone-recon-0.5.0-SNAPSHOT.jar:/home/user/.m2/repository/org/apache/hadoop/hadoop-ozone-reconcodegen/0.5.0-SNAPSHOT/hadoop-ozone-reconcodegen-0.5.0-SNAPSHOT.jar:/home/user/.m2/repository/com/google/inject/extensions/guice-multibindings/4.0/guice-multibindings-4.0.jar:/home/user/.m2/repository/com/google/inject/guice/4.0/guice-4.0.jar:/home/user/.m2/repository/aopalliance/aopalliance/1.0/aopalliance-1.0.jar:/home/user/.m2/repository/com/google/inject/extensions/guice-servlet/4.0/guice-servlet-4.0.jar:/home/user/.m2/repository/org/glassfish/jersey/containers/jersey-container-servlet/2.27/jersey-container-servlet-2.27.jar:/home/user/.m2/repository/org/glassfish/hk2/guice-bridge/2.5.0/guice-bridge-2.5.0.jar:/home/user/.m2/repository/org/glassfish/jersey/core/jersey-server/2.27/jersey-server-2.27.jar:/home/user/.m2/repository/org/glassfish/jersey/core/jersey-client/2.27/jersey-client-2.27.jar:/home/user/.m2/repository/org/glassfish/jersey/media/jersey-media-jaxb/2.27/jersey-media-jaxb-2.27.jar:/home/user/.m2/repository/javax/validation/validation-api/1.1.0.Final/validation-api-1.1.0.Final.jar:/home/user/.m2/repository/org/glassfish/jersey/media/jersey-media-json-jackson/2.27/jersey-media-json-jackson-2.27.jar:/home/user/.m2/repository/org/glassfish/jersey/ext/jersey-entity-filtering/2.27/jersey-entity-filtering-2.27.jar:/home/user/.m2/repository/com/google/inject/extensions/guice-assistedinject/4.0/guice-assistedinject-4.0.jar:/home/user/.m2/repository/org/jooq/jooq/3.11.10/jooq-3.11.10.jar:/home/user/.m2/repository/org/jooq/jooq-meta/3.11.10/jooq-meta-3.11.10.jar:/home/user/.m2/repository/org/jooq/jooq-codegen/3.11.10/jooq-codegen-3.11.10.jar:/home/user/.m2/repository/com/jolbox/bonecp/0.8.0.RELEASE/bonecp-0.8.0.RELEASE.jar:/home/user/.m2/repository/org/xerial/sqlite-jdbc/3.25.2/sqlite-jdbc-3.25.2.jar:/home/user/.m2/repository/org/springframework/spring-jdbc/5.1.3.RELEASE/spring-jdbc-5.1.3.RELEASE.jar:/home/user/.m2/repository/org/springframework/spring-beans/5.1.3.RELEASE/spring-beans-5.1.3.RELEASE.jar:/home/user/.m2/repository/org/springframework/spring-core/5.1.3.RELEASE/spring-core-5.1.3.RELEASE.jar:/home/user/.m2/repository/org/springframework/spring-jcl/5.1.3.RELEASE/spring-jcl-5.1.3.RELEASE.jar:/home/user/.m2/repository/org/springframework/spring-tx/5.1.3.RELEASE/spring-tx-5.1.3.RELEASE.jar:/home/user/.m2/repository/org/apache/hadoop/hadoop-ozone-client/0.5.0-SNAPSHOT/hadoop-ozone-client-0.5.0-SNAPSHOT.jar:/home/user/.m2/repository/commons-lang/commons-lang/2.6/commons-lang-2.6.jar:/home/user/.m2/repository/org/apache/hadoop/hadoop-ozone-ozone-manager/0.5.0-SNAPSHOT/hadoop-ozone-ozone-manager-0.5.0-SNAPSHOT-tests.jar:/home/user/.m2/repository/junit/junit/4.11/junit-4.11.jar:/home/user/.m2/repository/org/hamcrest/hamcrest-core/1.3/hamcrest-core-1.3.jar:/home/user/.m2/repository/org/openjdk/jmh/jmh-core/1.19/jmh-core-1.19.jar:/home/user/.m2/repository/net/sf/jopt-simple/jopt-simple/4.6/jopt-simple-4.6.jar:/home/user/.m2/repository/org/apache/commons/commons-math3/3.1.1/commons-math3-3.1.1.jar:/home/user/.m2/repository/org/openjdk/jmh/jmh-generator-annprocess/1.19/jmh-generator-annprocess-1.19.jar:/home/user/.m2/repository/org/mockito/mockito-all/1.8.5/mockito-all-1.8.5.jar:/home/user/.m2/repository/org/apache/hadoop/hadoop-kms/3.2.0/hadoop-kms-3.2.0.jar:/home/user/.m2/repository/org/apache/hadoop/hadoop-auth/3.2.0/hadoop-auth-3.2.0.jar:/home/user/.m2/repository/com/nimbusds/nimbus-jose-jwt/4.41.1/nimbus-jose-jwt-4.41.1.jar:/home/user/.m2/repository/com/github/stephenc/jcip/jcip-annotations/1.0-1/jcip-annotations-1.0-1.jar:/home/user/.m2/repository/net/minidev/json-smart/2.3/json-smart-2.3.jar:/home/user/.m2/repository/net/minidev/accessors-smart/1.2/accessors-smart-1.2.jar:/home/user/.m2/repository/org/ow2/asm/asm/5.0.4/asm-5.0.4.jar:/home/user/.m2/repository/org/apache/curator/curator-framework/2.12.0/curator-framework-2.12.0.jar:/home/user/.m2/repository/com/sun/jersey/jersey-core/1.19/jersey-core-1.19.jar:/home/user/.m2/repository/javax/ws/rs/jsr311-api/1.1.1/jsr311-api-1.1.1.jar:/home/user/.m2/repository/com/sun/jersey/jersey-server/1.19/jersey-server-1.19.jar:/home/user/.m2/repository/javax/servlet/javax.servlet-api/3.1.0/javax.servlet-api-3.1.0.jar:/home/user/.m2/repository/org/eclipse/jetty/jetty-server/9.3.24.v20180605/jetty-server-9.3.24.v20180605.jar:/home/user/.m2/repository/org/eclipse/jetty/jetty-http/9.3.24.v20180605/jetty-http-9.3.24.v20180605.jar:/home/user/.m2/repository/org/eclipse/jetty/jetty-io/9.3.24.v20180605/jetty-io-9.3.24.v20180605.jar:/home/user/.m2/repository/org/eclipse/jetty/jetty-webapp/9.3.24.v20180605/jetty-webapp-9.3.24.v20180605.jar:/home/user/.m2/repository/org/eclipse/jetty/jetty-xml/9.3.24.v20180605/jetty-xml-9.3.24.v20180605.jar:/home/user/.m2/repository/log4j/log4j/1.2.17/log4j-1.2.17.jar:/home/user/.m2/repository/org/slf4j/slf4j-api/1.7.25/slf4j-api-1.7.25.jar:/home/user/.m2/repository/org/slf4j/jul-to-slf4j/1.7.25/jul-to-slf4j-1.7.25.jar:/home/user/.m2/repository/org/eclipse/jetty/jetty-util/9.3.24.v20180605/jetty-util-9.3.24.v20180605.jar:/home/user/.m2/repository/com/fasterxml/jackson/core/jackson-databind/2.9.5/jackson-databind-2.9.5.jar:/home/user/.m2/repository/org/apache/hadoop/hadoop-kms/3.2.0/hadoop-kms-3.2.0-tests.jar:/home/user/.m2/repository/org/apache/hadoop/hadoop-hdds-server-scm/0.5.0-SNAPSHOT/hadoop-hdds-server-scm-0.5.0-SNAPSHOT-tests.jar:/home/user/.m2/repository/org/apache/hadoop/hadoop-hdds-container-service/0.5.0-SNAPSHOT/hadoop-hdds-container-service-0.5.0-SNAPSHOT-tests.jar:/home/user/.m2/repository/org/yaml/snakeyaml/1.16/snakeyaml-1.16.jar:/home/user/.m2/repository/org/apache/hadoop/hadoop-common/3.2.0/hadoop-common-3.2.0-tests.jar:/home/user/.m2/repository/org/apache/hadoop/hadoop-annotations/3.2.0/hadoop-annotations-3.2.0.jar:/usr/lib/jvm/java-1.8-openjdk/jre/../lib/tools.jar:/home/user/.m2/repository/commons-cli/commons-cli/1.2/commons-cli-1.2.jar:/home/user/.m2/repository/org/apache/httpcomponents/httpclient/4.5.2/httpclient-4.5.2.jar:/home/user/.m2/repository/org/apache/httpcomponents/httpcore/4.4.4/httpcore-4.4.4.jar:/home/user/.m2/repository/commons-codec/commons-codec/1.11/commons-codec-1.11.jar:/home/user/.m2/repository/commons-net/commons-net/3.6/commons-net-3.6.jar:/home/user/.m2/repository/commons-collections/commons-collections/3.2.2/commons-collections-3.2.2.jar:/home/user/.m2/repository/org/eclipse/jetty/jetty-servlet/9.3.24.v20180605/jetty-servlet-9.3.24.v20180605.jar:/home/user/.m2/repository/org/eclipse/jetty/jetty-security/9.3.24.v20180605/jetty-security-9.3.24.v20180605.jar:/home/user/.m2/repository/javax/servlet/jsp/jsp-api/2.1/jsp-api-2.1.jar:/home/user/.m2/repository/com/sun/jersey/jersey-servlet/1.19/jersey-servlet-1.19.jar:/home/user/.m2/repository/com/sun/jersey/jersey-json/1.19/jersey-json-1.19.jar:/home/user/.m2/repository/org/codehaus/jettison/jettison/1.1/jettison-1.1.jar:/home/user/.m2/repository/org/codehaus/jackson/jackson-core-asl/1.9.13/jackson-core-asl-1.9.13.jar:/home/user/.m2/repository/org/codehaus/jackson/jackson-mapper-asl/1.9.13/jackson-mapper-asl-1.9.13.jar:/home/user/.m2/repository/org/codehaus/jackson/jackson-jaxrs/1.9.13/jackson-jaxrs-1.9.13.jar:/home/user/.m2/repository/org/codehaus/jackson/jackson-xc/1.9.13/jackson-xc-1.9.13.jar:/home/user/.m2/repository/commons-logging/commons-logging/1.1.3/commons-logging-1.1.3.jar:/home/user/.m2/repository/commons-beanutils/commons-beanutils/1.9.3/commons-beanutils-1.9.3.jar:/home/user/.m2/repository/org/apache/commons/commons-configuration2/2.1.1/commons-configuration2-2.1.1.jar:/home/user/.m2/repository/org/apache/commons/commons-lang3/3.7/commons-lang3-3.7.jar:/home/user/.m2/repository/org/apache/commons/commons-text/1.4/commons-text-1.4.jar:/home/user/.m2/repository/org/apache/avro/avro/1.7.7/avro-1.7.7.jar:/home/user/.m2/repository/com/thoughtworks/paranamer/paranamer/2.3/paranamer-2.3.jar:/home/user/.m2/repository/org/xerial/snappy/snappy-java/1.0.5/snappy-java-1.0.5.jar:/home/user/.m2/repository/com/google/re2j/re2j/1.1/re2j-1.1.jar:/home/user/.m2/repository/com/google/code/gson/gson/2.2.4/gson-2.2.4.jar:/home/user/.m2/repository/com/jcraft/jsch/0.1.54/jsch-0.1.54.jar:/home/user/.m2/repository/org/apache/curator/curator-client/2.12.0/curator-client-2.12.0.jar:/home/user/.m2/repository/org/apache/curator/curator-recipes/2.12.0/curator-recipes-2.12.0.jar:/home/user/.m2/repository/com/google/code/findbugs/jsr305/3.0.0/jsr305-3.0.0.jar:/home/user/.m2/repository/org/apache/htrace/htrace-core4/4.1.0-incubating/htrace-core4-4.1.0-incubating.jar:/home/user/.m2/repository/org/apache/zookeeper/zookeeper/3.4.13/zookeeper-3.4.13.jar:/home/user/.m2/repository/org/apache/yetus/audience-annotations/0.5.0/audience-annotations-0.5.0.jar:/home/user/.m2/repository/org/codehaus/woodstox/stax2-api/3.1.4/stax2-api-3.1.4.jar:/home/user/.m2/repository/com/fasterxml/woodstox/woodstox-core/5.0.3/woodstox-core-5.0.3.jar:/home/user/.m2/repository/dnsjava/dnsjava/2.1.7/dnsjava-2.1.7.jar:/home/user/.m2/repository/org/apache/hadoop/hadoop-hdfs/3.2.0/hadoop-hdfs-3.2.0-tests.jar:/home/user/.m2/repository/org/eclipse/jetty/jetty-util-ajax/9.3.24.v20180605/jetty-util-ajax-9.3.24.v20180605.jar:/home/user/.m2/repository/commons-daemon/commons-daemon/1.0.13/commons-daemon-1.0.13.jar:/home/user/.m2/repository/io/netty/netty/3.10.5.Final/netty-3.10.5.Final.jar:/home/user/.m2/repository/io/netty/netty-all/4.0.52.Final/netty-all-4.0.52.Final.jar:/home/user/.m2/repository/org/fusesource/leveldbjni/leveldbjni-all/1.8/leveldbjni-all-1.8.jar:"/>
    <property name="java.vm.vendor" value="IcedTea"/>
    <property name="sun.arch.data.model" value="64"/>
    <property name="test.build.dir" value="/tmp/workdir/hadoop-ozone/integration-test/target/test-dir"/>
    <property name="test.cache.data" value=""/>
    <property name="java.vendor.url" value="https://icedtea.classpath.org"/>
    <property name="user.timezone" value=""/>
    <property name="java.vm.specification.version" value="1.8"/>
    <property name="os.name" value="Linux"/>
    <property name="test.build.data" value="/tmp/workdir/hadoop-ozone/integration-test/target/test-dir"/>
    <property name="user.country" value="US"/>
    <property name="sun.java.launcher" value="SUN_STANDARD"/>
    <property name="sun.boot.library.path" value="/usr/lib/jvm/java-1.8-openjdk/jre/lib/amd64"/>
    <property name="sun.java.command" value="/tmp/workdir/hadoop-ozone/integration-test/target/surefire/surefirebooter1385182257563782972.jar /tmp/workdir/hadoop-ozone/integration-test/target/surefire 2019-07-13T16-10-13_940-jvmRun1 surefire1866095630797562427tmp surefire_35183292352256971908tmp"/>
    <property name="surefire.test.class.path" value="/tmp/workdir/hadoop-ozone/integration-test/target/test-classes:/tmp/workdir/hadoop-ozone/integration-test/target/classes:/home/user/.m2/repository/org/apache/hadoop/hadoop-ozone-common/0.5.0-SNAPSHOT/hadoop-ozone-common-0.5.0-SNAPSHOT.jar:/home/user/.m2/repository/org/apache/commons/commons-compress/1.4.1/commons-compress-1.4.1.jar:/home/user/.m2/repository/org/tukaani/xz/1.0/xz-1.0.jar:/home/user/.m2/repository/org/apache/hadoop/hadoop-common/3.2.0/hadoop-common-3.2.0.jar:/home/user/.m2/repository/org/apache/hadoop/hadoop-hdfs/3.2.0/hadoop-hdfs-3.2.0.jar:/home/user/.m2/repository/org/apache/hadoop/hadoop-hdfs-client/3.2.0/hadoop-hdfs-client-3.2.0.jar:/home/user/.m2/repository/com/fasterxml/jackson/core/jackson-annotations/2.9.5/jackson-annotations-2.9.5.jar:/home/user/.m2/repository/org/apache/hadoop/hadoop-hdds-common/0.5.0-SNAPSHOT/hadoop-hdds-common-0.5.0-SNAPSHOT.jar:/home/user/.m2/repository/javax/annotation/javax.annotation-api/1.2/javax.annotation-api-1.2.jar:/home/user/.m2/repository/org/apache/ratis/ratis-server/0.4.0-2337318-SNAPSHOT/ratis-server-0.4.0-2337318-SNAPSHOT.jar:/home/user/.m2/repository/org/apache/ratis/ratis-thirdparty-misc/0.2.0/ratis-thirdparty-misc-0.2.0.jar:/home/user/.m2/repository/org/apache/ratis/ratis-proto/0.4.0-2337318-SNAPSHOT/ratis-proto-0.4.0-2337318-SNAPSHOT.jar:/home/user/.m2/repository/org/apache/ratis/ratis-common/0.4.0-2337318-SNAPSHOT/ratis-common-0.4.0-2337318-SNAPSHOT.jar:/home/user/.m2/repository/org/apache/ratis/ratis-client/0.4.0-2337318-SNAPSHOT/ratis-client-0.4.0-2337318-SNAPSHOT.jar:/home/user/.m2/repository/org/apache/ratis/ratis-metrics/0.4.0-2337318-SNAPSHOT/ratis-metrics-0.4.0-2337318-SNAPSHOT.jar:/home/user/.m2/repository/org/apache/ratis/ratis-netty/0.4.0-2337318-SNAPSHOT/ratis-netty-0.4.0-2337318-SNAPSHOT.jar:/home/user/.m2/repository/org/apache/ratis/ratis-grpc/0.4.0-2337318-SNAPSHOT/ratis-grpc-0.4.0-2337318-SNAPSHOT.jar:/home/user/.m2/repository/org/rocksdb/rocksdbjni/6.0.1/rocksdbjni-6.0.1.jar:/home/user/.m2/repository/org/apache/logging/log4j/log4j-api/2.11.0/log4j-api-2.11.0.jar:/home/user/.m2/repository/org/apache/logging/log4j/log4j-core/2.11.0/log4j-core-2.11.0.jar:/home/user/.m2/repository/com/lmax/disruptor/3.4.2/disruptor-3.4.2.jar:/home/user/.m2/repository/org/apache/commons/commons-pool2/2.6.0/commons-pool2-2.6.0.jar:/home/user/.m2/repository/org/bouncycastle/bcpkix-jdk15on/1.60/bcpkix-jdk15on-1.60.jar:/home/user/.m2/repository/commons-validator/commons-validator/1.6/commons-validator-1.6.jar:/home/user/.m2/repository/commons-digester/commons-digester/1.8.1/commons-digester-1.8.1.jar:/home/user/.m2/repository/io/jaegertracing/jaeger-client/0.33.1/jaeger-client-0.33.1.jar:/home/user/.m2/repository/io/jaegertracing/jaeger-thrift/0.33.1/jaeger-thrift-0.33.1.jar:/home/user/.m2/repository/org/apache/thrift/libthrift/0.11.0/libthrift-0.11.0.jar:/home/user/.m2/repository/com/squareup/okhttp3/okhttp/3.9.0/okhttp-3.9.0.jar:/home/user/.m2/repository/com/squareup/okio/okio/1.13.0/okio-1.13.0.jar:/home/user/.m2/repository/io/jaegertracing/jaeger-core/0.33.1/jaeger-core-0.33.1.jar:/home/user/.m2/repository/io/jaegertracing/jaeger-tracerresolver/0.33.1/jaeger-tracerresolver-0.33.1.jar:/home/user/.m2/repository/io/opentracing/contrib/opentracing-tracerresolver/0.1.5/opentracing-tracerresolver-0.1.5.jar:/home/user/.m2/repository/io/opentracing/opentracing-util/0.31.0/opentracing-util-0.31.0.jar:/home/user/.m2/repository/io/opentracing/opentracing-api/0.31.0/opentracing-api-0.31.0.jar:/home/user/.m2/repository/io/opentracing/opentracing-noop/0.31.0/opentracing-noop-0.31.0.jar:/home/user/.m2/repository/org/apache/hadoop/hadoop-hdds-server-framework/0.5.0-SNAPSHOT/hadoop-hdds-server-framework-0.5.0-SNAPSHOT.jar:/home/user/.m2/repository/org/apache/hadoop/hadoop-hdds-container-service/0.5.0-SNAPSHOT/hadoop-hdds-container-service-0.5.0-SNAPSHOT.jar:/home/user/.m2/repository/org/apache/hadoop/hadoop-hdds-client/0.5.0-SNAPSHOT/hadoop-hdds-client-0.5.0-SNAPSHOT.jar:/home/user/.m2/repository/org/apache/hadoop/hadoop-hdds-tools/0.5.0-SNAPSHOT/hadoop-hdds-tools-0.5.0-SNAPSHOT.jar:/home/user/.m2/repository/org/apache/hadoop/hadoop-hdds-server-scm/0.5.0-SNAPSHOT/hadoop-hdds-server-scm-0.5.0-SNAPSHOT.jar:/home/user/.m2/repository/org/apache/hadoop/hadoop-hdds-docs/0.5.0-SNAPSHOT/hadoop-hdds-docs-0.5.0-SNAPSHOT.jar:/home/user/.m2/repository/io/dropwizard/metrics/metrics-core/3.2.4/metrics-core-3.2.4.jar:/home/user/.m2/repository/org/hamcrest/hamcrest-all/1.3/hamcrest-all-1.3.jar:/home/user/.m2/repository/org/bouncycastle/bcprov-jdk15on/1.60/bcprov-jdk15on-1.60.jar:/home/user/.m2/repository/info/picocli/picocli/3.9.6/picocli-3.9.6.jar:/home/user/.m2/repository/com/google/protobuf/protobuf-java/2.5.0/protobuf-java-2.5.0.jar:/home/user/.m2/repository/com/google/guava/guava/11.0.2/guava-11.0.2.jar:/home/user/.m2/repository/org/apache/hadoop/hadoop-ozone-ozone-manager/0.5.0-SNAPSHOT/hadoop-ozone-ozone-manager-0.5.0-SNAPSHOT.jar:/home/user/.m2/repository/org/apache/hadoop/hadoop-minikdc/3.2.0/hadoop-minikdc-3.2.0.jar:/home/user/.m2/repository/commons-io/commons-io/2.5/commons-io-2.5.jar:/home/user/.m2/repository/org/apache/kerby/kerb-simplekdc/1.0.1/kerb-simplekdc-1.0.1.jar:/home/user/.m2/repository/org/apache/kerby/kerb-client/1.0.1/kerb-client-1.0.1.jar:/home/user/.m2/repository/org/apache/kerby/kerby-config/1.0.1/kerby-config-1.0.1.jar:/home/user/.m2/repository/org/apache/kerby/kerb-core/1.0.1/kerb-core-1.0.1.jar:/home/user/.m2/repository/org/apache/kerby/kerby-pkix/1.0.1/kerby-pkix-1.0.1.jar:/home/user/.m2/repository/org/apache/kerby/kerby-asn1/1.0.1/kerby-asn1-1.0.1.jar:/home/user/.m2/repository/org/apache/kerby/kerby-util/1.0.1/kerby-util-1.0.1.jar:/home/user/.m2/repository/org/apache/kerby/kerb-common/1.0.1/kerb-common-1.0.1.jar:/home/user/.m2/repository/org/apache/kerby/kerb-crypto/1.0.1/kerb-crypto-1.0.1.jar:/home/user/.m2/repository/org/apache/kerby/kerb-util/1.0.1/kerb-util-1.0.1.jar:/home/user/.m2/repository/org/apache/kerby/token-provider/1.0.1/token-provider-1.0.1.jar:/home/user/.m2/repository/org/apache/kerby/kerb-admin/1.0.1/kerb-admin-1.0.1.jar:/home/user/.m2/repository/org/apache/kerby/kerb-server/1.0.1/kerb-server-1.0.1.jar:/home/user/.m2/repository/org/apache/kerby/kerb-identity/1.0.1/kerb-identity-1.0.1.jar:/home/user/.m2/repository/org/apache/kerby/kerby-xdr/1.0.1/kerby-xdr-1.0.1.jar:/home/user/.m2/repository/org/slf4j/slf4j-log4j12/1.7.25/slf4j-log4j12-1.7.25.jar:/home/user/.m2/repository/org/apache/hadoop/hadoop-ozone-objectstore-service/0.5.0-SNAPSHOT/hadoop-ozone-objectstore-service-0.5.0-SNAPSHOT.jar:/home/user/.m2/repository/org/apache/hadoop/hadoop-ozone-s3gateway/0.5.0-SNAPSHOT/hadoop-ozone-s3gateway-0.5.0-SNAPSHOT.jar:/home/user/.m2/repository/org/jboss/weld/servlet/weld-servlet/2.4.7.Final/weld-servlet-2.4.7.Final.jar:/home/user/.m2/repository/org/glassfish/jersey/containers/jersey-container-servlet-core/2.27/jersey-container-servlet-core-2.27.jar:/home/user/.m2/repository/org/glassfish/hk2/external/javax.inject/2.5.0-b42/javax.inject-2.5.0-b42.jar:/home/user/.m2/repository/org/glassfish/jersey/core/jersey-common/2.27/jersey-common-2.27.jar:/home/user/.m2/repository/org/glassfish/hk2/osgi-resource-locator/1.0.1/osgi-resource-locator-1.0.1.jar:/home/user/.m2/repository/javax/ws/rs/javax.ws.rs-api/2.1/javax.ws.rs-api-2.1.jar:/home/user/.m2/repository/org/glassfish/jersey/ext/cdi/jersey-cdi1x/2.27/jersey-cdi1x-2.27.jar:/home/user/.m2/repository/org/glassfish/jersey/inject/jersey-hk2/2.27/jersey-hk2-2.27.jar:/home/user/.m2/repository/org/glassfish/hk2/hk2-locator/2.5.0-b42/hk2-locator-2.5.0-b42.jar:/home/user/.m2/repository/org/javassist/javassist/3.22.0-CR2/javassist-3.22.0-CR2.jar:/home/user/.m2/repository/org/glassfish/hk2/hk2-api/2.5.0/hk2-api-2.5.0.jar:/home/user/.m2/repository/org/glassfish/hk2/external/jakarta.inject/2.5.0/jakarta.inject-2.5.0.jar:/home/user/.m2/repository/org/glassfish/hk2/hk2-utils/2.5.0/hk2-utils-2.5.0.jar:/home/user/.m2/repository/jakarta/annotation/jakarta.annotation-api/1.3.4/jakarta.annotation-api-1.3.4.jar:/home/user/.m2/repository/org/glassfish/hk2/external/aopalliance-repackaged/2.5.0/aopalliance-repackaged-2.5.0.jar:/home/user/.m2/repository/com/fasterxml/jackson/dataformat/jackson-dataformat-xml/2.9.0/jackson-dataformat-xml-2.9.0.jar:/home/user/.m2/repository/com/fasterxml/jackson/core/jackson-core/2.9.5/jackson-core-2.9.5.jar:/home/user/.m2/repository/com/fasterxml/jackson/module/jackson-module-jaxb-annotations/2.9.5/jackson-module-jaxb-annotations-2.9.5.jar:/home/user/.m2/repository/javax/enterprise/cdi-api/1.2/cdi-api-1.2.jar:/home/user/.m2/repository/javax/el/javax.el-api/3.0.0/javax.el-api-3.0.0.jar:/home/user/.m2/repository/javax/interceptor/javax.interceptor-api/1.2/javax.interceptor-api-1.2.jar:/home/user/.m2/repository/javax/inject/javax.inject/1/javax.inject-1.jar:/home/user/.m2/repository/com/sun/xml/bind/jaxb-impl/2.3.0.1/jaxb-impl-2.3.0.1.jar:/home/user/.m2/repository/com/sun/xml/bind/jaxb-core/2.3.0.1/jaxb-core-2.3.0.1.jar:/home/user/.m2/repository/javax/xml/bind/jaxb-api/2.3.0/jaxb-api-2.3.0.jar:/home/user/.m2/repository/javax/activation/activation/1.1.1/activation-1.1.1.jar:/home/user/.m2/repository/org/apache/hadoop/hadoop-ozone-csi/0.5.0-SNAPSHOT/hadoop-ozone-csi-0.5.0-SNAPSHOT.jar:/home/user/.m2/repository/com/google/protobuf/protobuf-java-util/3.5.1/protobuf-java-util-3.5.1.jar:/home/user/.m2/repository/org/apache/hadoop/hadoop-hdds-config/0.5.0-SNAPSHOT/hadoop-hdds-config-0.5.0-SNAPSHOT.jar:/home/user/.m2/repository/io/grpc/grpc-netty/1.17.1/grpc-netty-1.17.1.jar:/home/user/.m2/repository/io/grpc/grpc-core/1.17.1/grpc-core-1.17.1.jar:/home/user/.m2/repository/io/grpc/grpc-context/1.17.1/grpc-context-1.17.1.jar:/home/user/.m2/repository/com/google/errorprone/error_prone_annotations/2.2.0/error_prone_annotations-2.2.0.jar:/home/user/.m2/repository/org/codehaus/mojo/animal-sniffer-annotations/1.17/animal-sniffer-annotations-1.17.jar:/home/user/.m2/repository/io/opencensus/opencensus-api/0.17.0/opencensus-api-0.17.0.jar:/home/user/.m2/repository/io/opencensus/opencensus-contrib-grpc-metrics/0.17.0/opencensus-contrib-grpc-metrics-0.17.0.jar:/home/user/.m2/repository/io/netty/netty-codec-http2/4.1.30.Final/netty-codec-http2-4.1.30.Final.jar:/home/user/.m2/repository/io/netty/netty-codec-http/4.1.30.Final/netty-codec-http-4.1.30.Final.jar:/home/user/.m2/repository/io/netty/netty-codec/4.1.30.Final/netty-codec-4.1.30.Final.jar:/home/user/.m2/repository/io/netty/netty-handler/4.1.30.Final/netty-handler-4.1.30.Final.jar:/home/user/.m2/repository/io/netty/netty-handler-proxy/4.1.30.Final/netty-handler-proxy-4.1.30.Final.jar:/home/user/.m2/repository/io/netty/netty-codec-socks/4.1.30.Final/netty-codec-socks-4.1.30.Final.jar:/home/user/.m2/repository/io/netty/netty-transport-native-epoll/4.1.30.Final/netty-transport-native-epoll-4.1.30.Final.jar:/home/user/.m2/repository/io/netty/netty-common/4.1.30.Final/netty-common-4.1.30.Final.jar:/home/user/.m2/repository/io/netty/netty-buffer/4.1.30.Final/netty-buffer-4.1.30.Final.jar:/home/user/.m2/repository/io/netty/netty-transport/4.1.30.Final/netty-transport-4.1.30.Final.jar:/home/user/.m2/repository/io/netty/netty-resolver/4.1.30.Final/netty-resolver-4.1.30.Final.jar:/home/user/.m2/repository/io/netty/netty-transport-native-unix-common/4.1.30.Final/netty-transport-native-unix-common-4.1.30.Final.jar:/home/user/.m2/repository/io/grpc/grpc-protobuf/1.17.1/grpc-protobuf-1.17.1.jar:/home/user/.m2/repository/com/google/api/grpc/proto-google-common-protos/1.0.0/proto-google-common-protos-1.0.0.jar:/home/user/.m2/repository/io/grpc/grpc-protobuf-lite/1.17.1/grpc-protobuf-lite-1.17.1.jar:/home/user/.m2/repository/io/grpc/grpc-stub/1.17.1/grpc-stub-1.17.1.jar:/home/user/.m2/repository/org/apache/hadoop/hadoop-ozone-recon/0.5.0-SNAPSHOT/hadoop-ozone-recon-0.5.0-SNAPSHOT.jar:/home/user/.m2/repository/org/apache/hadoop/hadoop-ozone-reconcodegen/0.5.0-SNAPSHOT/hadoop-ozone-reconcodegen-0.5.0-SNAPSHOT.jar:/home/user/.m2/repository/com/google/inject/extensions/guice-multibindings/4.0/guice-multibindings-4.0.jar:/home/user/.m2/repository/com/google/inject/guice/4.0/guice-4.0.jar:/home/user/.m2/repository/aopalliance/aopalliance/1.0/aopalliance-1.0.jar:/home/user/.m2/repository/com/google/inject/extensions/guice-servlet/4.0/guice-servlet-4.0.jar:/home/user/.m2/repository/org/glassfish/jersey/containers/jersey-container-servlet/2.27/jersey-container-servlet-2.27.jar:/home/user/.m2/repository/org/glassfish/hk2/guice-bridge/2.5.0/guice-bridge-2.5.0.jar:/home/user/.m2/repository/org/glassfish/jersey/core/jersey-server/2.27/jersey-server-2.27.jar:/home/user/.m2/repository/org/glassfish/jersey/core/jersey-client/2.27/jersey-client-2.27.jar:/home/user/.m2/repository/org/glassfish/jersey/media/jersey-media-jaxb/2.27/jersey-media-jaxb-2.27.jar:/home/user/.m2/repository/javax/validation/validation-api/1.1.0.Final/validation-api-1.1.0.Final.jar:/home/user/.m2/repository/org/glassfish/jersey/media/jersey-media-json-jackson/2.27/jersey-media-json-jackson-2.27.jar:/home/user/.m2/repository/org/glassfish/jersey/ext/jersey-entity-filtering/2.27/jersey-entity-filtering-2.27.jar:/home/user/.m2/repository/com/google/inject/extensions/guice-assistedinject/4.0/guice-assistedinject-4.0.jar:/home/user/.m2/repository/org/jooq/jooq/3.11.10/jooq-3.11.10.jar:/home/user/.m2/repository/org/jooq/jooq-meta/3.11.10/jooq-meta-3.11.10.jar:/home/user/.m2/repository/org/jooq/jooq-codegen/3.11.10/jooq-codegen-3.11.10.jar:/home/user/.m2/repository/com/jolbox/bonecp/0.8.0.RELEASE/bonecp-0.8.0.RELEASE.jar:/home/user/.m2/repository/org/xerial/sqlite-jdbc/3.25.2/sqlite-jdbc-3.25.2.jar:/home/user/.m2/repository/org/springframework/spring-jdbc/5.1.3.RELEASE/spring-jdbc-5.1.3.RELEASE.jar:/home/user/.m2/repository/org/springframework/spring-beans/5.1.3.RELEASE/spring-beans-5.1.3.RELEASE.jar:/home/user/.m2/repository/org/springframework/spring-core/5.1.3.RELEASE/spring-core-5.1.3.RELEASE.jar:/home/user/.m2/repository/org/springframework/spring-jcl/5.1.3.RELEASE/spring-jcl-5.1.3.RELEASE.jar:/home/user/.m2/repository/org/springframework/spring-tx/5.1.3.RELEASE/spring-tx-5.1.3.RELEASE.jar:/home/user/.m2/repository/org/apache/hadoop/hadoop-ozone-client/0.5.0-SNAPSHOT/hadoop-ozone-client-0.5.0-SNAPSHOT.jar:/home/user/.m2/repository/commons-lang/commons-lang/2.6/commons-lang-2.6.jar:/home/user/.m2/repository/org/apache/hadoop/hadoop-ozone-ozone-manager/0.5.0-SNAPSHOT/hadoop-ozone-ozone-manager-0.5.0-SNAPSHOT-tests.jar:/home/user/.m2/repository/junit/junit/4.11/junit-4.11.jar:/home/user/.m2/repository/org/hamcrest/hamcrest-core/1.3/hamcrest-core-1.3.jar:/home/user/.m2/repository/org/openjdk/jmh/jmh-core/1.19/jmh-core-1.19.jar:/home/user/.m2/repository/net/sf/jopt-simple/jopt-simple/4.6/jopt-simple-4.6.jar:/home/user/.m2/repository/org/apache/commons/commons-math3/3.1.1/commons-math3-3.1.1.jar:/home/user/.m2/repository/org/openjdk/jmh/jmh-generator-annprocess/1.19/jmh-generator-annprocess-1.19.jar:/home/user/.m2/repository/org/mockito/mockito-all/1.8.5/mockito-all-1.8.5.jar:/home/user/.m2/repository/org/apache/hadoop/hadoop-kms/3.2.0/hadoop-kms-3.2.0.jar:/home/user/.m2/repository/org/apache/hadoop/hadoop-auth/3.2.0/hadoop-auth-3.2.0.jar:/home/user/.m2/repository/com/nimbusds/nimbus-jose-jwt/4.41.1/nimbus-jose-jwt-4.41.1.jar:/home/user/.m2/repository/com/github/stephenc/jcip/jcip-annotations/1.0-1/jcip-annotations-1.0-1.jar:/home/user/.m2/repository/net/minidev/json-smart/2.3/json-smart-2.3.jar:/home/user/.m2/repository/net/minidev/accessors-smart/1.2/accessors-smart-1.2.jar:/home/user/.m2/repository/org/ow2/asm/asm/5.0.4/asm-5.0.4.jar:/home/user/.m2/repository/org/apache/curator/curator-framework/2.12.0/curator-framework-2.12.0.jar:/home/user/.m2/repository/com/sun/jersey/jersey-core/1.19/jersey-core-1.19.jar:/home/user/.m2/repository/javax/ws/rs/jsr311-api/1.1.1/jsr311-api-1.1.1.jar:/home/user/.m2/repository/com/sun/jersey/jersey-server/1.19/jersey-server-1.19.jar:/home/user/.m2/repository/javax/servlet/javax.servlet-api/3.1.0/javax.servlet-api-3.1.0.jar:/home/user/.m2/repository/org/eclipse/jetty/jetty-server/9.3.24.v20180605/jetty-server-9.3.24.v20180605.jar:/home/user/.m2/repository/org/eclipse/jetty/jetty-http/9.3.24.v20180605/jetty-http-9.3.24.v20180605.jar:/home/user/.m2/repository/org/eclipse/jetty/jetty-io/9.3.24.v20180605/jetty-io-9.3.24.v20180605.jar:/home/user/.m2/repository/org/eclipse/jetty/jetty-webapp/9.3.24.v20180605/jetty-webapp-9.3.24.v20180605.jar:/home/user/.m2/repository/org/eclipse/jetty/jetty-xml/9.3.24.v20180605/jetty-xml-9.3.24.v20180605.jar:/home/user/.m2/repository/log4j/log4j/1.2.17/log4j-1.2.17.jar:/home/user/.m2/repository/org/slf4j/slf4j-api/1.7.25/slf4j-api-1.7.25.jar:/home/user/.m2/repository/org/slf4j/jul-to-slf4j/1.7.25/jul-to-slf4j-1.7.25.jar:/home/user/.m2/repository/org/eclipse/jetty/jetty-util/9.3.24.v20180605/jetty-util-9.3.24.v20180605.jar:/home/user/.m2/repository/com/fasterxml/jackson/core/jackson-databind/2.9.5/jackson-databind-2.9.5.jar:/home/user/.m2/repository/org/apache/hadoop/hadoop-kms/3.2.0/hadoop-kms-3.2.0-tests.jar:/home/user/.m2/repository/org/apache/hadoop/hadoop-hdds-server-scm/0.5.0-SNAPSHOT/hadoop-hdds-server-scm-0.5.0-SNAPSHOT-tests.jar:/home/user/.m2/repository/org/apache/hadoop/hadoop-hdds-container-service/0.5.0-SNAPSHOT/hadoop-hdds-container-service-0.5.0-SNAPSHOT-tests.jar:/home/user/.m2/repository/org/yaml/snakeyaml/1.16/snakeyaml-1.16.jar:/home/user/.m2/repository/org/apache/hadoop/hadoop-common/3.2.0/hadoop-common-3.2.0-tests.jar:/home/user/.m2/repository/org/apache/hadoop/hadoop-annotations/3.2.0/hadoop-annotations-3.2.0.jar:/usr/lib/jvm/java-1.8-openjdk/jre/../lib/tools.jar:/home/user/.m2/repository/commons-cli/commons-cli/1.2/commons-cli-1.2.jar:/home/user/.m2/repository/org/apache/httpcomponents/httpclient/4.5.2/httpclient-4.5.2.jar:/home/user/.m2/repository/org/apache/httpcomponents/httpcore/4.4.4/httpcore-4.4.4.jar:/home/user/.m2/repository/commons-codec/commons-codec/1.11/commons-codec-1.11.jar:/home/user/.m2/repository/commons-net/commons-net/3.6/commons-net-3.6.jar:/home/user/.m2/repository/commons-collections/commons-collections/3.2.2/commons-collections-3.2.2.jar:/home/user/.m2/repository/org/eclipse/jetty/jetty-servlet/9.3.24.v20180605/jetty-servlet-9.3.24.v20180605.jar:/home/user/.m2/repository/org/eclipse/jetty/jetty-security/9.3.24.v20180605/jetty-security-9.3.24.v20180605.jar:/home/user/.m2/repository/javax/servlet/jsp/jsp-api/2.1/jsp-api-2.1.jar:/home/user/.m2/repository/com/sun/jersey/jersey-servlet/1.19/jersey-servlet-1.19.jar:/home/user/.m2/repository/com/sun/jersey/jersey-json/1.19/jersey-json-1.19.jar:/home/user/.m2/repository/org/codehaus/jettison/jettison/1.1/jettison-1.1.jar:/home/user/.m2/repository/org/codehaus/jackson/jackson-core-asl/1.9.13/jackson-core-asl-1.9.13.jar:/home/user/.m2/repository/org/codehaus/jackson/jackson-mapper-asl/1.9.13/jackson-mapper-asl-1.9.13.jar:/home/user/.m2/repository/org/codehaus/jackson/jackson-jaxrs/1.9.13/jackson-jaxrs-1.9.13.jar:/home/user/.m2/repository/org/codehaus/jackson/jackson-xc/1.9.13/jackson-xc-1.9.13.jar:/home/user/.m2/repository/commons-logging/commons-logging/1.1.3/commons-logging-1.1.3.jar:/home/user/.m2/repository/commons-beanutils/commons-beanutils/1.9.3/commons-beanutils-1.9.3.jar:/home/user/.m2/repository/org/apache/commons/commons-configuration2/2.1.1/commons-configuration2-2.1.1.jar:/home/user/.m2/repository/org/apache/commons/commons-lang3/3.7/commons-lang3-3.7.jar:/home/user/.m2/repository/org/apache/commons/commons-text/1.4/commons-text-1.4.jar:/home/user/.m2/repository/org/apache/avro/avro/1.7.7/avro-1.7.7.jar:/home/user/.m2/repository/com/thoughtworks/paranamer/paranamer/2.3/paranamer-2.3.jar:/home/user/.m2/repository/org/xerial/snappy/snappy-java/1.0.5/snappy-java-1.0.5.jar:/home/user/.m2/repository/com/google/re2j/re2j/1.1/re2j-1.1.jar:/home/user/.m2/repository/com/google/code/gson/gson/2.2.4/gson-2.2.4.jar:/home/user/.m2/repository/com/jcraft/jsch/0.1.54/jsch-0.1.54.jar:/home/user/.m2/repository/org/apache/curator/curator-client/2.12.0/curator-client-2.12.0.jar:/home/user/.m2/repository/org/apache/curator/curator-recipes/2.12.0/curator-recipes-2.12.0.jar:/home/user/.m2/repository/com/google/code/findbugs/jsr305/3.0.0/jsr305-3.0.0.jar:/home/user/.m2/repository/org/apache/htrace/htrace-core4/4.1.0-incubating/htrace-core4-4.1.0-incubating.jar:/home/user/.m2/repository/org/apache/zookeeper/zookeeper/3.4.13/zookeeper-3.4.13.jar:/home/user/.m2/repository/org/apache/yetus/audience-annotations/0.5.0/audience-annotations-0.5.0.jar:/home/user/.m2/repository/org/codehaus/woodstox/stax2-api/3.1.4/stax2-api-3.1.4.jar:/home/user/.m2/repository/com/fasterxml/woodstox/woodstox-core/5.0.3/woodstox-core-5.0.3.jar:/home/user/.m2/repository/dnsjava/dnsjava/2.1.7/dnsjava-2.1.7.jar:/home/user/.m2/repository/org/apache/hadoop/hadoop-hdfs/3.2.0/hadoop-hdfs-3.2.0-tests.jar:/home/user/.m2/repository/org/eclipse/jetty/jetty-util-ajax/9.3.24.v20180605/jetty-util-ajax-9.3.24.v20180605.jar:/home/user/.m2/repository/commons-daemon/commons-daemon/1.0.13/commons-daemon-1.0.13.jar:/home/user/.m2/repository/io/netty/netty/3.10.5.Final/netty-3.10.5.Final.jar:/home/user/.m2/repository/io/netty/netty-all/4.0.52.Final/netty-all-4.0.52.Final.jar:/home/user/.m2/repository/org/fusesource/leveldbjni/leveldbjni-all/1.8/leveldbjni-all-1.8.jar:"/>
    <property name="sun.cpu.endian" value="little"/>
    <property name="user.home" value="/home/user"/>
    <property name="user.language" value="en"/>
    <property name="java.specification.vendor" value="Oracle Corporation"/>
    <property name="java.home" value="/usr/lib/jvm/java-1.8-openjdk/jre"/>
    <property name="java.security.krb5.conf" value="/tmp/workdir/hadoop-ozone/integration-test/target/test-classes/krb5.conf"/>
    <property name="basedir" value="/tmp/workdir/hadoop-ozone/integration-test"/>
    <property name="file.separator" value="/"/>
    <property name="line.separator" value="&#10;"/>
    <property name="java.vm.specification.vendor" value="Oracle Corporation"/>
    <property name="java.specification.name" value="Java Platform API Specification"/>
    <property name="java.awt.graphicsenv" value="sun.awt.X11GraphicsEnvironment"/>
    <property name="surefire.real.class.path" value="/tmp/workdir/hadoop-ozone/integration-test/target/surefire/surefirebooter1385182257563782972.jar"/>
    <property name="hadoop.log.dir" value="/tmp/workdir/hadoop-ozone/integration-test/target/log"/>
    <property name="sun.boot.class.path" value="/usr/lib/jvm/java-1.8-openjdk/jre/lib/resources.jar:/usr/lib/jvm/java-1.8-openjdk/jre/lib/rt.jar:/usr/lib/jvm/java-1.8-openjdk/jre/lib/sunrsasign.jar:/usr/lib/jvm/java-1.8-openjdk/jre/lib/jsse.jar:/usr/lib/jvm/java-1.8-openjdk/jre/lib/jce.jar:/usr/lib/jvm/java-1.8-openjdk/jre/lib/charsets.jar:/usr/lib/jvm/java-1.8-openjdk/jre/lib/jfr.jar:/usr/lib/jvm/java-1.8-openjdk/jre/classes"/>
    <property name="sun.management.compiler" value="HotSpot 64-Bit Tiered Compilers"/>
    <property name="java.runtime.version" value="1.8.0_212-b04"/>
    <property name="java.net.preferIPv4Stack" value="true"/>
    <property name="user.name" value="jenkins1000"/>
    <property name="path.separator" value=":"/>
    <property name="java.security.egd" value="file:///dev/urandom"/>
    <property name="os.version" value="3.10.0-957.12.2.el7.x86_64"/>
    <property name="java.endorsed.dirs" value="/usr/lib/jvm/java-1.8-openjdk/jre/lib/endorsed"/>
    <property name="java.runtime.name" value="OpenJDK Runtime Environment"/>
    <property name="file.encoding" value="UTF-8"/>
    <property name="java.vm.name" value="OpenJDK 64-Bit Server VM"/>
    <property name="test.build.webapps" value=""/>
    <property name="localRepository" value="/home/user/.m2/repository"/>
    <property name="java.vendor.url.bug" value="https://icedtea.classpath.org/bugzilla"/>
    <property name="java.io.tmpdir" value="/tmp"/>
    <property name="require.test.libhadoop" value=""/>
    <property name="java.version" value="1.8.0_212"/>
    <property name="user.dir" value="/tmp/workdir/hadoop-ozone/integration-test"/>
    <property name="os.arch" value="amd64"/>
    <property name="java.vm.specification.name" value="Java Virtual Machine Specification"/>
    <property name="test.build.classes" value="/tmp/workdir/hadoop-ozone/integration-test/target/test-classes"/>
    <property name="java.awt.printerjob" value="sun.print.PSPrinterJob"/>
    <property name="sun.os.patch.level" value="unknown"/>
    <property name="hadoop.tmp.dir" value="/tmp/workdir/hadoop-ozone/integration-test/target/tmp"/>
    <property name="java.library.path" value="/usr/lib/jvm/java-1.8-openjdk/jre/lib/amd64/server:/usr/lib/jvm/java-1.8-openjdk/jre/lib/amd64:/usr/lib/jvm/java-1.8-openjdk/jre/../lib/amd64:/tmp/workdir/hadoop-ozone/integration-test/target/native/target/usr/local/lib:/tmp/workdir/hadoop-ozone/integration-test/../../hadoop-common-project/hadoop-common/target/native/target/usr/local/lib:/usr/java/packages/lib/amd64:/usr/lib64:/lib64:/lib:/usr/lib"/>
    <property name="java.vm.info" value="mixed mode"/>
    <property name="java.vendor" value="IcedTea"/>
    <property name="java.vm.version" value="25.212-b04"/>
    <property name="java.ext.dirs" value="/usr/lib/jvm/java-1.8-openjdk/jre/lib/ext:/usr/java/packages/lib/ext"/>
    <property name="sun.io.unicode.encoding" value="UnicodeLittle"/>
    <property name="java.class.version" value="52.0"/>
  </properties>
  <testcase name="testBlockWriteViaRatis" classname="org.apache.hadoop.ozone.client.rpc.TestCloseContainerHandlingByClient" time="7.284">
    <error type="java.lang.IllegalArgumentException">java.lang.IllegalArgumentException
	at com.google.common.base.Preconditions.checkArgument(Preconditions.java:72)
	at org.apache.hadoop.hdds.scm.XceiverClientManager.acquireClient(XceiverClientManager.java:150)
	at org.apache.hadoop.hdds.scm.XceiverClientManager.acquireClientForReadData(XceiverClientManager.java:143)
	at org.apache.hadoop.hdds.scm.storage.BlockInputStream.getChunkInfos(BlockInputStream.java:154)
	at org.apache.hadoop.hdds.scm.storage.BlockInputStream.initialize(BlockInputStream.java:118)
	at org.apache.hadoop.hdds.scm.storage.BlockInputStream.read(BlockInputStream.java:222)
	at org.apache.hadoop.ozone.client.io.KeyInputStream.read(KeyInputStream.java:171)
	at org.apache.hadoop.ozone.client.io.OzoneInputStream.read(OzoneInputStream.java:47)
	at java.io.InputStream.read(InputStream.java:101)
	at org.apache.hadoop.ozone.container.ContainerTestHelper.validateData(ContainerTestHelper.java:709)
	at org.apache.hadoop.ozone.client.rpc.TestCloseContainerHandlingByClient.validateData(TestCloseContainerHandlingByClient.java:401)
	at org.apache.hadoop.ozone.client.rpc.TestCloseContainerHandlingByClient.testBlockWriteViaRatis(TestCloseContainerHandlingByClient.java:433)
	at sun.reflect.NativeMethodAccessorImpl.invoke0(Native Method)
	at sun.reflect.NativeMethodAccessorImpl.invoke(NativeMethodAccessorImpl.java:62)
	at sun.reflect.DelegatingMethodAccessorImpl.invoke(DelegatingMethodAccessorImpl.java:43)
	at java.lang.reflect.Method.invoke(Method.java:498)
	at org.junit.runners.model.FrameworkMethod$1.runReflectiveCall(FrameworkMethod.java:47)
	at org.junit.internal.runners.model.ReflectiveCallable.run(ReflectiveCallable.java:12)
	at org.junit.runners.model.FrameworkMethod.invokeExplosively(FrameworkMethod.java:44)
	at org.junit.internal.runners.statements.InvokeMethod.evaluate(InvokeMethod.java:17)
	at org.junit.runners.ParentRunner.runLeaf(ParentRunner.java:271)
	at org.junit.runners.BlockJUnit4ClassRunner.runChild(BlockJUnit4ClassRunner.java:70)
	at org.junit.runners.BlockJUnit4ClassRunner.runChild(BlockJUnit4ClassRunner.java:50)
	at org.junit.runners.ParentRunner$3.run(ParentRunner.java:238)
	at org.junit.runners.ParentRunner$1.schedule(ParentRunner.java:63)
	at org.junit.runners.ParentRunner.runChildren(ParentRunner.java:236)
	at org.junit.runners.ParentRunner.access$000(ParentRunner.java:53)
	at org.junit.runners.ParentRunner$2.evaluate(ParentRunner.java:229)
	at org.junit.internal.runners.statements.RunBefores.evaluate(RunBefores.java:26)
	at org.junit.internal.runners.statements.RunAfters.evaluate(RunAfters.java:27)
	at org.junit.runners.ParentRunner.run(ParentRunner.java:309)
	at org.apache.maven.surefire.junit4.JUnit4Provider.execute(JUnit4Provider.java:365)
	at org.apache.maven.surefire.junit4.JUnit4Provider.executeWithRerun(JUnit4Provider.java:273)
	at org.apache.maven.surefire.junit4.JUnit4Provider.executeTestSet(JUnit4Provider.java:238)
	at org.apache.maven.surefire.junit4.JUnit4Provider.invoke(JUnit4Provider.java:159)
	at org.apache.maven.surefire.booter.ForkedBooter.invokeProviderInSameClassLoader(ForkedBooter.java:384)
	at org.apache.maven.surefire.booter.ForkedBooter.runSuitesInProcess(ForkedBooter.java:345)
	at org.apache.maven.surefire.booter.ForkedBooter.execute(ForkedBooter.java:126)
	at org.apache.maven.surefire.booter.ForkedBooter.main(ForkedBooter.java:418)
</error>
    <system-out><![CDATA[2019-07-13 16:41:19,323 WARN  server.ServerUtils (ServerUtils.java:getScmDbDir(145)) - ozone.scm.db.dirs is not configured. We recommend adding this setting. Falling back to ozone.metadata.dirs instead.
2019-07-13 16:41:19,437 WARN  server.ServerUtils (ServerUtils.java:getScmDbDir(145)) - ozone.scm.db.dirs is not configured. We recommend adding this setting. Falling back to ozone.metadata.dirs instead.
2019-07-13 16:41:19,440 WARN  server.ServerUtils (ServerUtils.java:getScmDbDir(145)) - ozone.scm.db.dirs is not configured. We recommend adding this setting. Falling back to ozone.metadata.dirs instead.
2019-07-13 16:41:19,456 INFO  util.log (Log.java:initialized(192)) - Logging initialized @877ms
2019-07-13 16:41:19,556 INFO  db.DBStoreBuilder (DBStoreBuilder.java:addTable(110)) - using custom profile for table: deletedBlocks
2019-07-13 16:41:19,557 INFO  db.DBStoreBuilder (DBStoreBuilder.java:processTables(161)) - Using default column profile:DBProfile.DISK for Table:deletedBlocks
2019-07-13 16:41:19,557 INFO  db.DBStoreBuilder (DBStoreBuilder.java:addTable(110)) - using custom profile for table: validCerts
2019-07-13 16:41:19,557 INFO  db.DBStoreBuilder (DBStoreBuilder.java:processTables(161)) - Using default column profile:DBProfile.DISK for Table:validCerts
2019-07-13 16:41:19,558 INFO  db.DBStoreBuilder (DBStoreBuilder.java:addTable(110)) - using custom profile for table: revokedCerts
2019-07-13 16:41:19,558 INFO  db.DBStoreBuilder (DBStoreBuilder.java:processTables(161)) - Using default column profile:DBProfile.DISK for Table:revokedCerts
2019-07-13 16:41:19,569 INFO  db.DBStoreBuilder (DBStoreBuilder.java:addTable(110)) - using custom profile for table: default
2019-07-13 16:41:19,570 INFO  db.DBStoreBuilder (DBStoreBuilder.java:processTables(167)) - Using default column profile:DBProfile.DISK for Table:default
2019-07-13 16:41:19,571 INFO  db.DBStoreBuilder (DBStoreBuilder.java:getDbProfile(198)) - Using default options. DBProfile.DISK
2019-07-13 16:41:19,794 INFO  net.NodeSchemaLoader (NodeSchemaLoader.java:loadSchemaFromFile(125)) - Loading file from sun.misc.CompoundEnumeration@291ae
2019-07-13 16:41:19,799 INFO  net.NodeSchemaLoader (NodeSchemaLoader.java:loadSchema(171)) - Loading network topology layer schema file
2019-07-13 16:41:19,888 INFO  node.SCMNodeManager (SCMNodeManager.java:<init>(119)) - Entering startup safe mode.
2019-07-13 16:41:19,972 WARN  server.ServerUtils (ServerUtils.java:getScmDbDir(145)) - ozone.scm.db.dirs is not configured. We recommend adding this setting. Falling back to ozone.metadata.dirs instead.
2019-07-13 16:41:20,013 INFO  pipeline.SCMPipelineManager (SCMPipelineManager.java:initializePipelineState(126)) - No pipeline exists in current db
2019-07-13 16:41:20,015 WARN  server.ServerUtils (ServerUtils.java:getScmDbDir(145)) - ozone.scm.db.dirs is not configured. We recommend adding this setting. Falling back to ozone.metadata.dirs instead.
2019-07-13 16:41:20,118 WARN  events.EventQueue (EventQueue.java:fireEvent(175)) - No event handler registered for event TypedEvent{payloadType=SafeModeStatus, name='SafeModeStatus'}
2019-07-13 16:41:20,476 INFO  ipc.CallQueueManager (CallQueueManager.java:<init>(84)) - Using callQueue: class java.util.concurrent.LinkedBlockingQueue, queueCapacity: 2000, scheduler: class org.apache.hadoop.ipc.DefaultRpcScheduler, ipcBackoff: false.
2019-07-13 16:41:20,503 INFO  ipc.Server (Server.java:run(1074)) - Starting Socket Reader #1 for port 43311
2019-07-13 16:41:20,527 INFO  ipc.CallQueueManager (CallQueueManager.java:<init>(84)) - Using callQueue: class java.util.concurrent.LinkedBlockingQueue, queueCapacity: 2000, scheduler: class org.apache.hadoop.ipc.DefaultRpcScheduler, ipcBackoff: false.
2019-07-13 16:41:20,528 INFO  ipc.Server (Server.java:run(1074)) - Starting Socket Reader #1 for port 35739
2019-07-13 16:41:20,534 INFO  ipc.CallQueueManager (CallQueueManager.java:<init>(84)) - Using callQueue: class java.util.concurrent.LinkedBlockingQueue, queueCapacity: 2000, scheduler: class org.apache.hadoop.ipc.DefaultRpcScheduler, ipcBackoff: false.
2019-07-13 16:41:20,535 INFO  ipc.Server (Server.java:run(1074)) - Starting Socket Reader #1 for port 44388
2019-07-13 16:41:20,658 INFO  hdfs.DFSUtil (DFSUtil.java:httpServerTemplateForNNAndJN(1641)) - Starting Web-server for scm at: http://0.0.0.0:0
2019-07-13 16:41:20,810 INFO  server.AuthenticationFilter (AuthenticationFilter.java:constructSecretProvider(240)) - Unable to initialize FileSignerSecretProvider, falling back to use random secrets.
2019-07-13 16:41:20,817 WARN  http.HttpRequestLog (HttpRequestLog.java:getRequestLog(97)) - Jetty request log can only be enabled using Log4j
2019-07-13 16:41:20,825 INFO  http.HttpServer2 (HttpServer2.java:addGlobalFilter(975)) - Added global filter 'safety' (class=org.apache.hadoop.http.HttpServer2$QuotingInputFilter)
2019-07-13 16:41:20,828 INFO  http.HttpServer2 (HttpServer2.java:addFilter(948)) - Added filter static_user_filter (class=org.apache.hadoop.http.lib.StaticUserWebFilter$StaticUserFilter) to context scm
2019-07-13 16:41:20,828 INFO  http.HttpServer2 (HttpServer2.java:addFilter(958)) - Added filter static_user_filter (class=org.apache.hadoop.http.lib.StaticUserWebFilter$StaticUserFilter) to context static
2019-07-13 16:41:20,828 INFO  http.HttpServer2 (HttpServer2.java:addFilter(958)) - Added filter static_user_filter (class=org.apache.hadoop.http.lib.StaticUserWebFilter$StaticUserFilter) to context logs
2019-07-13 16:41:20,855 INFO  server.StorageContainerManager (StorageContainerManager.java:start(759)) - StorageContainerLocationProtocol RPC server is listening at /0.0.0.0:44388
2019-07-13 16:41:20,916 WARN  impl.MetricsConfig (MetricsConfig.java:loadFirst(134)) - Cannot locate configuration: tried hadoop-metrics2-storagecontainermanager.properties,hadoop-metrics2.properties
2019-07-13 16:41:20,928 INFO  impl.MetricsSystemImpl (MetricsSystemImpl.java:startTimer(374)) - Scheduled Metric snapshot period at 10 second(s).
2019-07-13 16:41:20,928 INFO  impl.MetricsSystemImpl (MetricsSystemImpl.java:start(191)) - StorageContainerManager metrics system started
2019-07-13 16:41:21,148 INFO  server.SCMClientProtocolServer (SCMClientProtocolServer.java:start(149)) - RPC server for Client  is listening at /0.0.0.0:44388
2019-07-13 16:41:21,150 INFO  ipc.Server (Server.java:run(1314)) - IPC Server Responder: starting
2019-07-13 16:41:21,150 INFO  ipc.Server (Server.java:run(1153)) - IPC Server listener on 44388: starting
2019-07-13 16:41:21,154 INFO  server.StorageContainerManager (StorageContainerManager.java:start(768)) - ScmBlockLocationProtocol RPC server is listening at /0.0.0.0:35739
2019-07-13 16:41:21,154 INFO  server.SCMBlockProtocolServer (SCMBlockProtocolServer.java:start(140)) - RPC server for Block Protocol is listening at /0.0.0.0:35739
2019-07-13 16:41:21,154 INFO  ipc.Server (Server.java:run(1314)) - IPC Server Responder: starting
2019-07-13 16:41:21,155 INFO  ipc.Server (Server.java:run(1153)) - IPC Server listener on 35739: starting
2019-07-13 16:41:21,163 INFO  server.StorageContainerManager (StorageContainerManager.java:start(772)) - ScmDatanodeProtocl RPC server is listening at /0.0.0.0:43311
2019-07-13 16:41:21,163 INFO  server.SCMDatanodeProtocolServer (SCMDatanodeProtocolServer.java:start(191)) - RPC server for DataNodes is listening at /0.0.0.0:43311
2019-07-13 16:41:21,165 INFO  ipc.Server (Server.java:run(1314)) - IPC Server Responder: starting
2019-07-13 16:41:21,166 INFO  ipc.Server (Server.java:run(1153)) - IPC Server listener on 43311: starting
2019-07-13 16:41:21,178 INFO  http.HttpServer2 (HttpServer2.java:bindListener(1191)) - Jetty bound to port 41603
2019-07-13 16:41:21,180 INFO  server.Server (Server.java:doStart(351)) - jetty-9.3.24.v20180605, build timestamp: 2018-06-05T17:11:56Z, git hash: 84205aa28f11a4f31f2a3b86d1bba2cc8ab69827
2019-07-13 16:41:21,219 INFO  handler.ContextHandler (ContextHandler.java:doStart(781)) - Started o.e.j.s.ServletContextHandler@15dcfae7{/logs,file:///tmp/workdir/hadoop-ozone/integration-test/target/log,AVAILABLE}
2019-07-13 16:41:21,220 INFO  handler.ContextHandler (ContextHandler.java:doStart(781)) - Started o.e.j.s.ServletContextHandler@1e636ea3{/static,file:///tmp/workdir/hadoop-ozone/integration-test/target/test-classes/webapps/static,AVAILABLE}
2019-07-13 16:41:21,252 INFO  handler.ContextHandler (ContextHandler.java:doStart(781)) - Started o.e.j.w.WebAppContext@3f23a3a0{/,file:///tmp/workdir/hadoop-ozone/integration-test/target/test-classes/webapps/scm/,AVAILABLE}{/scm}
2019-07-13 16:41:21,257 INFO  server.AbstractConnector (AbstractConnector.java:doStart(278)) - Started ServerConnector@6c6357f9{HTTP/1.1,[http/1.1]}{0.0.0.0:41603}
2019-07-13 16:41:21,258 INFO  server.Server (Server.java:doStart(419)) - Started @2679ms
2019-07-13 16:41:21,259 INFO  server.BaseHttpServer (BaseHttpServer.java:updateConnectorAddress(207)) - HTTP server of SCM is listening at http://0.0.0.0:41603
2019-07-13 16:41:21,266 INFO  util.JvmPauseMonitor (JvmPauseMonitor.java:run(188)) - Starting JVM pause monitor
2019-07-13 16:41:21,268 WARN  server.ServerUtils (ServerUtils.java:getDBPath(222)) - ozone.om.db.dirs is not configured. We recommend adding this setting. Falling back to ozone.metadata.dirs instead.
2019-07-13 16:41:21,380 WARN  server.ServerUtils (ServerUtils.java:getDBPath(222)) - ozone.om.db.dirs is not configured. We recommend adding this setting. Falling back to ozone.metadata.dirs instead.
2019-07-13 16:41:21,381 INFO  om.OzoneManager (OzoneManager.java:setOMNodeDetails(630)) - OM Service ID is not set. Setting it to the default ID: omServiceIdDefault
2019-07-13 16:41:21,381 INFO  om.OzoneManager (OzoneManager.java:setOMNodeDetails(636)) - OM Node ID is not set. Setting it to the OmStorage's OmID: cf872a89-8f60-488c-bd31-efe567586467
2019-07-13 16:41:21,383 INFO  om.OzoneManager (OzoneManager.java:loadOMHAConfigs(587)) - Found matching OM address with OMServiceId: null, OMNodeId: null, RPC Address: localhost:0 and Ratis port: 9872
2019-07-13 16:41:21,651 WARN  server.ServerUtils (ServerUtils.java:getDBPath(222)) - ozone.om.db.dirs is not configured. We recommend adding this setting. Falling back to ozone.metadata.dirs instead.
2019-07-13 16:41:21,658 INFO  db.DBStoreBuilder (DBStoreBuilder.java:addTable(110)) - using custom profile for table: userTable
2019-07-13 16:41:21,659 INFO  db.DBStoreBuilder (DBStoreBuilder.java:processTables(161)) - Using default column profile:DBProfile.DISK for Table:userTable
2019-07-13 16:41:21,659 INFO  db.DBStoreBuilder (DBStoreBuilder.java:addTable(110)) - using custom profile for table: volumeTable
2019-07-13 16:41:21,659 INFO  db.DBStoreBuilder (DBStoreBuilder.java:processTables(161)) - Using default column profile:DBProfile.DISK for Table:volumeTable
2019-07-13 16:41:21,659 INFO  db.DBStoreBuilder (DBStoreBuilder.java:addTable(110)) - using custom profile for table: bucketTable
2019-07-13 16:41:21,660 INFO  db.DBStoreBuilder (DBStoreBuilder.java:processTables(161)) - Using default column profile:DBProfile.DISK for Table:bucketTable
2019-07-13 16:41:21,660 INFO  db.DBStoreBuilder (DBStoreBuilder.java:addTable(110)) - using custom profile for table: keyTable
2019-07-13 16:41:21,660 INFO  db.DBStoreBuilder (DBStoreBuilder.java:processTables(161)) - Using default column profile:DBProfile.DISK for Table:keyTable
2019-07-13 16:41:21,660 INFO  db.DBStoreBuilder (DBStoreBuilder.java:addTable(110)) - using custom profile for table: deletedTable
2019-07-13 16:41:21,661 INFO  db.DBStoreBuilder (DBStoreBuilder.java:processTables(161)) - Using default column profile:DBProfile.DISK for Table:deletedTable
2019-07-13 16:41:21,661 INFO  db.DBStoreBuilder (DBStoreBuilder.java:addTable(110)) - using custom profile for table: openKeyTable
2019-07-13 16:41:21,661 INFO  db.DBStoreBuilder (DBStoreBuilder.java:processTables(161)) - Using default column profile:DBProfile.DISK for Table:openKeyTable
2019-07-13 16:41:21,661 INFO  db.DBStoreBuilder (DBStoreBuilder.java:addTable(110)) - using custom profile for table: s3Table
2019-07-13 16:41:21,661 INFO  db.DBStoreBuilder (DBStoreBuilder.java:processTables(161)) - Using default column profile:DBProfile.DISK for Table:s3Table
2019-07-13 16:41:21,662 INFO  db.DBStoreBuilder (DBStoreBuilder.java:addTable(110)) - using custom profile for table: multipartInfoTable
2019-07-13 16:41:21,662 INFO  db.DBStoreBuilder (DBStoreBuilder.java:processTables(161)) - Using default column profile:DBProfile.DISK for Table:multipartInfoTable
2019-07-13 16:41:21,662 INFO  db.DBStoreBuilder (DBStoreBuilder.java:addTable(110)) - using custom profile for table: dTokenTable
2019-07-13 16:41:21,662 INFO  db.DBStoreBuilder (DBStoreBuilder.java:processTables(161)) - Using default column profile:DBProfile.DISK for Table:dTokenTable
2019-07-13 16:41:21,663 INFO  db.DBStoreBuilder (DBStoreBuilder.java:addTable(110)) - using custom profile for table: s3SecretTable
2019-07-13 16:41:21,663 INFO  db.DBStoreBuilder (DBStoreBuilder.java:processTables(161)) - Using default column profile:DBProfile.DISK for Table:s3SecretTable
2019-07-13 16:41:21,663 INFO  db.DBStoreBuilder (DBStoreBuilder.java:addTable(110)) - using custom profile for table: prefixTable
2019-07-13 16:41:21,663 INFO  db.DBStoreBuilder (DBStoreBuilder.java:processTables(161)) - Using default column profile:DBProfile.DISK for Table:prefixTable
2019-07-13 16:41:21,664 INFO  db.DBStoreBuilder (DBStoreBuilder.java:addTable(110)) - using custom profile for table: default
2019-07-13 16:41:21,664 INFO  db.DBStoreBuilder (DBStoreBuilder.java:processTables(167)) - Using default column profile:DBProfile.DISK for Table:default
2019-07-13 16:41:21,664 INFO  db.DBStoreBuilder (DBStoreBuilder.java:getDbProfile(198)) - Using default options. DBProfile.DISK
2019-07-13 16:41:22,481 INFO  ipc.CallQueueManager (CallQueueManager.java:<init>(84)) - Using callQueue: class java.util.concurrent.LinkedBlockingQueue, queueCapacity: 2000, scheduler: class org.apache.hadoop.ipc.DefaultRpcScheduler, ipcBackoff: false.
2019-07-13 16:41:22,482 INFO  ipc.Server (Server.java:run(1074)) - Starting Socket Reader #1 for port 44405
2019-07-13 16:41:22,513 WARN  server.ServerUtils (ServerUtils.java:getDBPath(222)) - ozone.om.db.dirs is not configured. We recommend adding this setting. Falling back to ozone.metadata.dirs instead.
2019-07-13 16:41:22,513 INFO  om.OzoneManager (OzoneManager.java:start(1228)) - OzoneManager RPC server is listening at localhost/127.0.0.1:44405
2019-07-13 16:41:22,514 INFO  impl.MetricsSystemImpl (MetricsSystemImpl.java:init(158)) - OzoneManager metrics system started (again)
2019-07-13 16:41:22,516 INFO  ipc.Server (Server.java:run(1314)) - IPC Server Responder: starting
2019-07-13 16:41:22,516 INFO  ipc.Server (Server.java:run(1153)) - IPC Server listener on 44405: starting
2019-07-13 16:41:22,529 INFO  hdfs.DFSUtil (DFSUtil.java:httpServerTemplateForNNAndJN(1641)) - Starting Web-server for ozoneManager at: http://0.0.0.0:0
2019-07-13 16:41:22,532 INFO  server.AuthenticationFilter (AuthenticationFilter.java:constructSecretProvider(240)) - Unable to initialize FileSignerSecretProvider, falling back to use random secrets.
2019-07-13 16:41:22,533 WARN  http.HttpRequestLog (HttpRequestLog.java:getRequestLog(97)) - Jetty request log can only be enabled using Log4j
2019-07-13 16:41:22,536 INFO  http.HttpServer2 (HttpServer2.java:addGlobalFilter(975)) - Added global filter 'safety' (class=org.apache.hadoop.http.HttpServer2$QuotingInputFilter)
2019-07-13 16:41:22,537 INFO  http.HttpServer2 (HttpServer2.java:addFilter(948)) - Added filter static_user_filter (class=org.apache.hadoop.http.lib.StaticUserWebFilter$StaticUserFilter) to context ozoneManager
2019-07-13 16:41:22,538 INFO  http.HttpServer2 (HttpServer2.java:addFilter(958)) - Added filter static_user_filter (class=org.apache.hadoop.http.lib.StaticUserWebFilter$StaticUserFilter) to context static
2019-07-13 16:41:22,538 INFO  http.HttpServer2 (HttpServer2.java:addFilter(958)) - Added filter static_user_filter (class=org.apache.hadoop.http.lib.StaticUserWebFilter$StaticUserFilter) to context logs
2019-07-13 16:41:22,541 INFO  http.HttpServer2 (HttpServer2.java:bindListener(1191)) - Jetty bound to port 41140
2019-07-13 16:41:22,541 INFO  server.Server (Server.java:doStart(351)) - jetty-9.3.24.v20180605, build timestamp: 2018-06-05T17:11:56Z, git hash: 84205aa28f11a4f31f2a3b86d1bba2cc8ab69827
2019-07-13 16:41:22,544 INFO  handler.ContextHandler (ContextHandler.java:doStart(781)) - Started o.e.j.s.ServletContextHandler@301d8120{/logs,file:///tmp/workdir/hadoop-ozone/integration-test/target/log,AVAILABLE}
2019-07-13 16:41:22,545 INFO  handler.ContextHandler (ContextHandler.java:doStart(781)) - Started o.e.j.s.ServletContextHandler@72458efc{/static,file:///tmp/workdir/hadoop-ozone/integration-test/target/test-classes/webapps/static,AVAILABLE}
2019-07-13 16:41:22,552 INFO  handler.ContextHandler (ContextHandler.java:doStart(781)) - Started o.e.j.w.WebAppContext@6a84bc2a{/,file:///tmp/workdir/hadoop-ozone/integration-test/target/test-classes/webapps/ozoneManager/,AVAILABLE}{/ozoneManager}
2019-07-13 16:41:22,553 INFO  server.AbstractConnector (AbstractConnector.java:doStart(278)) - Started ServerConnector@5183d589{HTTP/1.1,[http/1.1]}{0.0.0.0:41140}
2019-07-13 16:41:22,553 INFO  server.Server (Server.java:doStart(419)) - Started @3974ms
2019-07-13 16:41:22,555 INFO  server.BaseHttpServer (BaseHttpServer.java:updateConnectorAddress(207)) - HTTP server of OZONEMANAGER is listening at http://0.0.0.0:41140
2019-07-13 16:41:22,895 INFO  impl.MetricsSystemImpl (MetricsSystemImpl.java:init(158)) - HddsDatanode metrics system started (again)
2019-07-13 16:41:23,005 INFO  ozone.HddsDatanodeService (HddsDatanodeService.java:start(185)) - HddsDatanodeService host:trunk-nightly-z92hn-1831959607 ip:192.168.5.187
2019-07-13 16:41:23,046 INFO  volume.HddsVolume (HddsVolume.java:<init>(176)) - Creating Volume: /tmp/workdir/hadoop-ozone/integration-test/target/test-dir/MiniOzoneClusterImpl-52b72032-6bad-46f5-98b7-0de9f20c993a/datanode-0/data/containers/hdds of  storage type : DISK and capacity : 52710309888
2019-07-13 16:41:23,048 INFO  volume.VolumeSet (VolumeSet.java:initializeVolumeSet(170)) - Added Volume : /tmp/workdir/hadoop-ozone/integration-test/target/test-dir/MiniOzoneClusterImpl-52b72032-6bad-46f5-98b7-0de9f20c993a/datanode-0/data/containers/hdds to VolumeSet
2019-07-13 16:41:23,052 INFO  volume.ThrottledAsyncChecker (ThrottledAsyncChecker.java:schedule(140)) - Scheduling a check for org.apache.hadoop.ozone.container.common.volume.HddsVolume@451f87af
2019-07-13 16:41:23,075 INFO  volume.HddsVolumeChecker (HddsVolumeChecker.java:checkAllVolumes(203)) - Scheduled health check for volume org.apache.hadoop.ozone.container.common.volume.HddsVolume@451f87af
2019-07-13 16:41:23,193 INFO  impl.RaftServerProxy (ConfUtils.java:logGet(43)) - raft.rpc.type = GRPC (default)
2019-07-13 16:41:23,258 INFO  grpc.GrpcFactory (GrpcFactory.java:checkPooledByteBufAllocatorUseCacheForAllThreads(45)) - PERFORMANCE WARNING: useCacheForAllThreads is true that may cause Netty to create a lot garbage objects and, as a result, trigger GC.
	It is recommended to disable useCacheForAllThreads by setting -Dorg.apache.ratis.thirdparty.io.netty.allocator.useCacheForAllThreads=false in command line.
2019-07-13 16:41:23,263 INFO  grpc.GrpcConfigKeys$Server (ConfUtils.java:logGet(43)) - raft.grpc.server.port = 0 (default)
2019-07-13 16:41:23,264 INFO  server.GrpcService (ConfUtils.java:logGet(43)) - raft.grpc.message.size.max = 33570816 (custom)
2019-07-13 16:41:23,265 INFO  server.RaftServerConfigKeys (ConfUtils.java:logGet(43)) - raft.server.log.appender.buffer.byte-limit = 33554432 (custom)
2019-07-13 16:41:23,266 INFO  server.GrpcService (ConfUtils.java:logGet(43)) - raft.grpc.flow.control.window = 1MB (=1048576) (default)
2019-07-13 16:41:23,267 INFO  server.RaftServerConfigKeys (ConfUtils.java:logGet(43)) - raft.server.rpc.request.timeout = 3000ms (default)
2019-07-13 16:41:23,425 INFO  server.RaftServerConfigKeys (ConfUtils.java:logGet(43)) - raft.server.storage.dir = [/tmp/workdir/hadoop-ozone/integration-test/target/test-dir/MiniOzoneClusterImpl-52b72032-6bad-46f5-98b7-0de9f20c993a/datanode-0/data/ratis] (custom)
2019-07-13 16:41:23,481 INFO  replication.SimpleContainerDownloader (SimpleContainerDownloader.java:<init>(72)) - Starting container downloader service to copy containers to replicate.
2019-07-13 16:41:23,500 INFO  hdfs.DFSUtil (DFSUtil.java:httpServerTemplateForNNAndJN(1641)) - Starting Web-server for hddsDatanode at: http://0.0.0.0:0
2019-07-13 16:41:23,503 INFO  server.AuthenticationFilter (AuthenticationFilter.java:constructSecretProvider(240)) - Unable to initialize FileSignerSecretProvider, falling back to use random secrets.
2019-07-13 16:41:23,504 WARN  http.HttpRequestLog (HttpRequestLog.java:getRequestLog(97)) - Jetty request log can only be enabled using Log4j
2019-07-13 16:41:23,507 INFO  http.HttpServer2 (HttpServer2.java:addGlobalFilter(975)) - Added global filter 'safety' (class=org.apache.hadoop.http.HttpServer2$QuotingInputFilter)
2019-07-13 16:41:23,508 INFO  http.HttpServer2 (HttpServer2.java:addFilter(948)) - Added filter static_user_filter (class=org.apache.hadoop.http.lib.StaticUserWebFilter$StaticUserFilter) to context hddsDatanode
2019-07-13 16:41:23,509 INFO  http.HttpServer2 (HttpServer2.java:addFilter(958)) - Added filter static_user_filter (class=org.apache.hadoop.http.lib.StaticUserWebFilter$StaticUserFilter) to context static
2019-07-13 16:41:23,509 INFO  http.HttpServer2 (HttpServer2.java:addFilter(958)) - Added filter static_user_filter (class=org.apache.hadoop.http.lib.StaticUserWebFilter$StaticUserFilter) to context logs
2019-07-13 16:41:23,510 INFO  http.HttpServer2 (HttpServer2.java:bindListener(1191)) - Jetty bound to port 44790
2019-07-13 16:41:23,511 INFO  server.Server (Server.java:doStart(351)) - jetty-9.3.24.v20180605, build timestamp: 2018-06-05T17:11:56Z, git hash: 84205aa28f11a4f31f2a3b86d1bba2cc8ab69827
2019-07-13 16:41:23,514 INFO  handler.ContextHandler (ContextHandler.java:doStart(781)) - Started o.e.j.s.ServletContextHandler@21c815e4{/logs,file:///tmp/workdir/hadoop-ozone/integration-test/target/log,AVAILABLE}
2019-07-13 16:41:23,515 INFO  handler.ContextHandler (ContextHandler.java:doStart(781)) - Started o.e.j.s.ServletContextHandler@2a331b46{/static,jar:file:/home/user/.m2/repository/org/apache/hadoop/hadoop-hdds-container-service/0.5.0-SNAPSHOT/hadoop-hdds-container-service-0.5.0-SNAPSHOT.jar!/webapps/static,AVAILABLE}
2019-07-13 16:41:23,559 INFO  handler.ContextHandler (ContextHandler.java:doStart(781)) - Started o.e.j.w.WebAppContext@113e13f9{/,file:///tmp/jetty-0.0.0.0-44790-hddsDatanode-_-any-7103637992891627473.dir/webapp/,AVAILABLE}{/hddsDatanode}
2019-07-13 16:41:23,560 INFO  server.AbstractConnector (AbstractConnector.java:doStart(278)) - Started ServerConnector@1c7f96b1{HTTP/1.1,[http/1.1]}{0.0.0.0:44790}
2019-07-13 16:41:23,564 INFO  server.Server (Server.java:doStart(419)) - Started @4985ms
2019-07-13 16:41:23,566 INFO  server.BaseHttpServer (BaseHttpServer.java:updateConnectorAddress(207)) - HTTP server of HDDSDATANODE is listening at http://0.0.0.0:44790
2019-07-13 16:41:24,515 INFO  ozone.HddsDatanodeService (HddsDatanodeService.java:startPlugins(396)) - Started plug-in org.apache.hadoop.ozone.web.OzoneHddsDatanodeService@5f61371d
2019-07-13 16:41:24,516 INFO  impl.MetricsSystemImpl (MetricsSystemImpl.java:init(158)) - HddsDatanode metrics system started (again)
2019-07-13 16:41:24,517 INFO  ozone.HddsDatanodeService (HddsDatanodeService.java:start(185)) - HddsDatanodeService host:trunk-nightly-z92hn-1831959607 ip:192.168.5.187
2019-07-13 16:41:24,523 INFO  util.JvmPauseMonitor (JvmPauseMonitor.java:run(188)) - Starting JVM pause monitor
2019-07-13 16:41:24,528 INFO  volume.HddsVolume (HddsVolume.java:<init>(176)) - Creating Volume: /tmp/workdir/hadoop-ozone/integration-test/target/test-dir/MiniOzoneClusterImpl-52b72032-6bad-46f5-98b7-0de9f20c993a/datanode-1/data/containers/hdds of  storage type : DISK and capacity : 52710309888
2019-07-13 16:41:24,528 INFO  volume.VolumeSet (VolumeSet.java:initializeVolumeSet(170)) - Added Volume : /tmp/workdir/hadoop-ozone/integration-test/target/test-dir/MiniOzoneClusterImpl-52b72032-6bad-46f5-98b7-0de9f20c993a/datanode-1/data/containers/hdds to VolumeSet
2019-07-13 16:41:24,529 INFO  volume.ThrottledAsyncChecker (ThrottledAsyncChecker.java:schedule(140)) - Scheduling a check for org.apache.hadoop.ozone.container.common.volume.HddsVolume@45292ec1
2019-07-13 16:41:24,530 INFO  volume.HddsVolumeChecker (HddsVolumeChecker.java:checkAllVolumes(203)) - Scheduled health check for volume org.apache.hadoop.ozone.container.common.volume.HddsVolume@45292ec1
2019-07-13 16:41:24,549 INFO  impl.RaftServerProxy (ConfUtils.java:logGet(43)) - raft.rpc.type = GRPC (default)
2019-07-13 16:41:24,549 INFO  grpc.GrpcFactory (GrpcFactory.java:checkPooledByteBufAllocatorUseCacheForAllThreads(45)) - PERFORMANCE WARNING: useCacheForAllThreads is true that may cause Netty to create a lot garbage objects and, as a result, trigger GC.
	It is recommended to disable useCacheForAllThreads by setting -Dorg.apache.ratis.thirdparty.io.netty.allocator.useCacheForAllThreads=false in command line.
2019-07-13 16:41:24,550 INFO  grpc.GrpcConfigKeys$Server (ConfUtils.java:logGet(43)) - raft.grpc.server.port = 0 (default)
2019-07-13 16:41:24,550 INFO  server.GrpcService (ConfUtils.java:logGet(43)) - raft.grpc.message.size.max = 33570816 (custom)
2019-07-13 16:41:24,550 INFO  server.RaftServerConfigKeys (ConfUtils.java:logGet(43)) - raft.server.log.appender.buffer.byte-limit = 33554432 (custom)
2019-07-13 16:41:24,551 INFO  server.GrpcService (ConfUtils.java:logGet(43)) - raft.grpc.flow.control.window = 1MB (=1048576) (default)
2019-07-13 16:41:24,551 INFO  server.RaftServerConfigKeys (ConfUtils.java:logGet(43)) - raft.server.rpc.request.timeout = 3000ms (default)
2019-07-13 16:41:24,552 INFO  server.RaftServerConfigKeys (ConfUtils.java:logGet(43)) - raft.server.storage.dir = [/tmp/workdir/hadoop-ozone/integration-test/target/test-dir/MiniOzoneClusterImpl-52b72032-6bad-46f5-98b7-0de9f20c993a/datanode-1/data/ratis] (custom)
2019-07-13 16:41:24,552 INFO  replication.SimpleContainerDownloader (SimpleContainerDownloader.java:<init>(72)) - Starting container downloader service to copy containers to replicate.
2019-07-13 16:41:24,553 INFO  hdfs.DFSUtil (DFSUtil.java:httpServerTemplateForNNAndJN(1641)) - Starting Web-server for hddsDatanode at: http://0.0.0.0:0
2019-07-13 16:41:24,554 INFO  server.AuthenticationFilter (AuthenticationFilter.java:constructSecretProvider(240)) - Unable to initialize FileSignerSecretProvider, falling back to use random secrets.
2019-07-13 16:41:24,559 WARN  http.HttpRequestLog (HttpRequestLog.java:getRequestLog(97)) - Jetty request log can only be enabled using Log4j
2019-07-13 16:41:24,563 INFO  http.HttpServer2 (HttpServer2.java:addGlobalFilter(975)) - Added global filter 'safety' (class=org.apache.hadoop.http.HttpServer2$QuotingInputFilter)
2019-07-13 16:41:24,564 INFO  http.HttpServer2 (HttpServer2.java:addFilter(948)) - Added filter static_user_filter (class=org.apache.hadoop.http.lib.StaticUserWebFilter$StaticUserFilter) to context hddsDatanode
2019-07-13 16:41:24,564 INFO  http.HttpServer2 (HttpServer2.java:addFilter(958)) - Added filter static_user_filter (class=org.apache.hadoop.http.lib.StaticUserWebFilter$StaticUserFilter) to context logs
2019-07-13 16:41:24,564 INFO  http.HttpServer2 (HttpServer2.java:addFilter(958)) - Added filter static_user_filter (class=org.apache.hadoop.http.lib.StaticUserWebFilter$StaticUserFilter) to context static
2019-07-13 16:41:24,566 INFO  http.HttpServer2 (HttpServer2.java:bindListener(1191)) - Jetty bound to port 44949
2019-07-13 16:41:24,566 INFO  server.Server (Server.java:doStart(351)) - jetty-9.3.24.v20180605, build timestamp: 2018-06-05T17:11:56Z, git hash: 84205aa28f11a4f31f2a3b86d1bba2cc8ab69827
2019-07-13 16:41:24,568 INFO  handler.ContextHandler (ContextHandler.java:doStart(781)) - Started o.e.j.s.ServletContextHandler@570ba13{/logs,file:///tmp/workdir/hadoop-ozone/integration-test/target/log,AVAILABLE}
2019-07-13 16:41:24,569 INFO  handler.ContextHandler (ContextHandler.java:doStart(781)) - Started o.e.j.s.ServletContextHandler@525b1b70{/static,jar:file:/home/user/.m2/repository/org/apache/hadoop/hadoop-hdds-container-service/0.5.0-SNAPSHOT/hadoop-hdds-container-service-0.5.0-SNAPSHOT.jar!/webapps/static,AVAILABLE}
2019-07-13 16:41:24,598 INFO  handler.ContextHandler (ContextHandler.java:doStart(781)) - Started o.e.j.w.WebAppContext@902fdbe{/,file:///tmp/jetty-0.0.0.0-44949-hddsDatanode-_-any-4040862124046871805.dir/webapp/,AVAILABLE}{/hddsDatanode}
2019-07-13 16:41:24,599 INFO  server.AbstractConnector (AbstractConnector.java:doStart(278)) - Started ServerConnector@796d33eb{HTTP/1.1,[http/1.1]}{0.0.0.0:44949}
2019-07-13 16:41:24,601 INFO  server.Server (Server.java:doStart(419)) - Started @6022ms
2019-07-13 16:41:24,602 INFO  server.BaseHttpServer (BaseHttpServer.java:updateConnectorAddress(207)) - HTTP server of HDDSDATANODE is listening at http://0.0.0.0:44949
2019-07-13 16:41:24,658 INFO  datanode.InitDatanodeState (InitDatanodeState.java:persistContainerDatanodeDetails(140)) - DatanodeDetails is persisted to /tmp/workdir/hadoop-ozone/integration-test/target/test-dir/MiniOzoneClusterImpl-52b72032-6bad-46f5-98b7-0de9f20c993a/datanode-0/meta/datanode.id
2019-07-13 16:41:24,718 INFO  ozone.HddsDatanodeService (HddsDatanodeService.java:startPlugins(396)) - Started plug-in org.apache.hadoop.ozone.web.OzoneHddsDatanodeService@1e98b788
2019-07-13 16:41:24,719 INFO  impl.MetricsSystemImpl (MetricsSystemImpl.java:init(158)) - HddsDatanode metrics system started (again)
2019-07-13 16:41:24,720 INFO  ozone.HddsDatanodeService (HddsDatanodeService.java:start(185)) - HddsDatanodeService host:trunk-nightly-z92hn-1831959607 ip:192.168.5.187
2019-07-13 16:41:24,722 INFO  util.JvmPauseMonitor (JvmPauseMonitor.java:run(188)) - Starting JVM pause monitor
2019-07-13 16:41:24,731 INFO  volume.HddsVolume (HddsVolume.java:<init>(176)) - Creating Volume: /tmp/workdir/hadoop-ozone/integration-test/target/test-dir/MiniOzoneClusterImpl-52b72032-6bad-46f5-98b7-0de9f20c993a/datanode-2/data/containers/hdds of  storage type : DISK and capacity : 52710309888
2019-07-13 16:41:24,732 INFO  volume.VolumeSet (VolumeSet.java:initializeVolumeSet(170)) - Added Volume : /tmp/workdir/hadoop-ozone/integration-test/target/test-dir/MiniOzoneClusterImpl-52b72032-6bad-46f5-98b7-0de9f20c993a/datanode-2/data/containers/hdds to VolumeSet
2019-07-13 16:41:24,732 INFO  volume.ThrottledAsyncChecker (ThrottledAsyncChecker.java:schedule(140)) - Scheduling a check for org.apache.hadoop.ozone.container.common.volume.HddsVolume@10f477e2
2019-07-13 16:41:24,732 INFO  volume.HddsVolumeChecker (HddsVolumeChecker.java:checkAllVolumes(203)) - Scheduled health check for volume org.apache.hadoop.ozone.container.common.volume.HddsVolume@10f477e2
2019-07-13 16:41:24,734 INFO  datanode.InitDatanodeState (InitDatanodeState.java:persistContainerDatanodeDetails(140)) - DatanodeDetails is persisted to /tmp/workdir/hadoop-ozone/integration-test/target/test-dir/MiniOzoneClusterImpl-52b72032-6bad-46f5-98b7-0de9f20c993a/datanode-1/meta/datanode.id
2019-07-13 16:41:24,747 INFO  impl.RaftServerProxy (ConfUtils.java:logGet(43)) - raft.rpc.type = GRPC (default)
2019-07-13 16:41:24,747 INFO  grpc.GrpcFactory (GrpcFactory.java:checkPooledByteBufAllocatorUseCacheForAllThreads(45)) - PERFORMANCE WARNING: useCacheForAllThreads is true that may cause Netty to create a lot garbage objects and, as a result, trigger GC.
	It is recommended to disable useCacheForAllThreads by setting -Dorg.apache.ratis.thirdparty.io.netty.allocator.useCacheForAllThreads=false in command line.
2019-07-13 16:41:24,747 INFO  grpc.GrpcConfigKeys$Server (ConfUtils.java:logGet(43)) - raft.grpc.server.port = 0 (default)
2019-07-13 16:41:24,747 INFO  server.GrpcService (ConfUtils.java:logGet(43)) - raft.grpc.message.size.max = 33570816 (custom)
2019-07-13 16:41:24,748 INFO  server.RaftServerConfigKeys (ConfUtils.java:logGet(43)) - raft.server.log.appender.buffer.byte-limit = 33554432 (custom)
2019-07-13 16:41:24,748 INFO  server.GrpcService (ConfUtils.java:logGet(43)) - raft.grpc.flow.control.window = 1MB (=1048576) (default)
2019-07-13 16:41:24,748 INFO  server.RaftServerConfigKeys (ConfUtils.java:logGet(43)) - raft.server.rpc.request.timeout = 3000ms (default)
2019-07-13 16:41:24,748 INFO  server.RaftServerConfigKeys (ConfUtils.java:logGet(43)) - raft.server.storage.dir = [/tmp/workdir/hadoop-ozone/integration-test/target/test-dir/MiniOzoneClusterImpl-52b72032-6bad-46f5-98b7-0de9f20c993a/datanode-2/data/ratis] (custom)
2019-07-13 16:41:24,749 INFO  replication.SimpleContainerDownloader (SimpleContainerDownloader.java:<init>(72)) - Starting container downloader service to copy containers to replicate.
2019-07-13 16:41:24,750 INFO  hdfs.DFSUtil (DFSUtil.java:httpServerTemplateForNNAndJN(1641)) - Starting Web-server for hddsDatanode at: http://0.0.0.0:0
2019-07-13 16:41:24,751 INFO  server.AuthenticationFilter (AuthenticationFilter.java:constructSecretProvider(240)) - Unable to initialize FileSignerSecretProvider, falling back to use random secrets.
2019-07-13 16:41:24,752 WARN  http.HttpRequestLog (HttpRequestLog.java:getRequestLog(97)) - Jetty request log can only be enabled using Log4j
2019-07-13 16:41:24,753 INFO  http.HttpServer2 (HttpServer2.java:addGlobalFilter(975)) - Added global filter 'safety' (class=org.apache.hadoop.http.HttpServer2$QuotingInputFilter)
2019-07-13 16:41:24,753 INFO  http.HttpServer2 (HttpServer2.java:addFilter(948)) - Added filter static_user_filter (class=org.apache.hadoop.http.lib.StaticUserWebFilter$StaticUserFilter) to context hddsDatanode
2019-07-13 16:41:24,753 INFO  http.HttpServer2 (HttpServer2.java:addFilter(958)) - Added filter static_user_filter (class=org.apache.hadoop.http.lib.StaticUserWebFilter$StaticUserFilter) to context logs
2019-07-13 16:41:24,754 INFO  http.HttpServer2 (HttpServer2.java:addFilter(958)) - Added filter static_user_filter (class=org.apache.hadoop.http.lib.StaticUserWebFilter$StaticUserFilter) to context static
2019-07-13 16:41:24,754 INFO  http.HttpServer2 (HttpServer2.java:bindListener(1191)) - Jetty bound to port 39534
2019-07-13 16:41:24,754 INFO  server.Server (Server.java:doStart(351)) - jetty-9.3.24.v20180605, build timestamp: 2018-06-05T17:11:56Z, git hash: 84205aa28f11a4f31f2a3b86d1bba2cc8ab69827
2019-07-13 16:41:24,758 INFO  handler.ContextHandler (ContextHandler.java:doStart(781)) - Started o.e.j.s.ServletContextHandler@27b337bb{/logs,file:///tmp/workdir/hadoop-ozone/integration-test/target/log,AVAILABLE}
2019-07-13 16:41:24,759 INFO  handler.ContextHandler (ContextHandler.java:doStart(781)) - Started o.e.j.s.ServletContextHandler@5c18d6d4{/static,jar:file:/home/user/.m2/repository/org/apache/hadoop/hadoop-hdds-container-service/0.5.0-SNAPSHOT/hadoop-hdds-container-service-0.5.0-SNAPSHOT.jar!/webapps/static,AVAILABLE}
2019-07-13 16:41:24,782 INFO  handler.ContextHandler (ContextHandler.java:doStart(781)) - Started o.e.j.w.WebAppContext@1ab14636{/,file:///tmp/jetty-0.0.0.0-39534-hddsDatanode-_-any-4971755816422482664.dir/webapp/,AVAILABLE}{/hddsDatanode}
2019-07-13 16:41:24,783 INFO  server.AbstractConnector (AbstractConnector.java:doStart(278)) - Started ServerConnector@16b3c905{HTTP/1.1,[http/1.1]}{0.0.0.0:39534}
2019-07-13 16:41:24,783 INFO  server.Server (Server.java:doStart(419)) - Started @6205ms
2019-07-13 16:41:24,785 INFO  server.BaseHttpServer (BaseHttpServer.java:updateConnectorAddress(207)) - HTTP server of HDDSDATANODE is listening at http://0.0.0.0:39534
2019-07-13 16:41:24,891 INFO  ozone.HddsDatanodeService (HddsDatanodeService.java:startPlugins(396)) - Started plug-in org.apache.hadoop.ozone.web.OzoneHddsDatanodeService@30922f8d
2019-07-13 16:41:24,892 INFO  impl.MetricsSystemImpl (MetricsSystemImpl.java:init(158)) - HddsDatanode metrics system started (again)
2019-07-13 16:41:24,893 INFO  ozone.HddsDatanodeService (HddsDatanodeService.java:start(185)) - HddsDatanodeService host:trunk-nightly-z92hn-1831959607 ip:192.168.5.187
2019-07-13 16:41:24,895 INFO  util.JvmPauseMonitor (JvmPauseMonitor.java:run(188)) - Starting JVM pause monitor
2019-07-13 16:41:24,898 INFO  datanode.InitDatanodeState (InitDatanodeState.java:persistContainerDatanodeDetails(140)) - DatanodeDetails is persisted to /tmp/workdir/hadoop-ozone/integration-test/target/test-dir/MiniOzoneClusterImpl-52b72032-6bad-46f5-98b7-0de9f20c993a/datanode-2/meta/datanode.id
2019-07-13 16:41:24,901 INFO  volume.HddsVolume (HddsVolume.java:<init>(176)) - Creating Volume: /tmp/workdir/hadoop-ozone/integration-test/target/test-dir/MiniOzoneClusterImpl-52b72032-6bad-46f5-98b7-0de9f20c993a/datanode-3/data/containers/hdds of  storage type : DISK and capacity : 52710309888
2019-07-13 16:41:24,903 INFO  volume.VolumeSet (VolumeSet.java:initializeVolumeSet(170)) - Added Volume : /tmp/workdir/hadoop-ozone/integration-test/target/test-dir/MiniOzoneClusterImpl-52b72032-6bad-46f5-98b7-0de9f20c993a/datanode-3/data/containers/hdds to VolumeSet
2019-07-13 16:41:24,903 INFO  volume.ThrottledAsyncChecker (ThrottledAsyncChecker.java:schedule(140)) - Scheduling a check for org.apache.hadoop.ozone.container.common.volume.HddsVolume@45d56062
2019-07-13 16:41:24,903 INFO  volume.HddsVolumeChecker (HddsVolumeChecker.java:checkAllVolumes(203)) - Scheduled health check for volume org.apache.hadoop.ozone.container.common.volume.HddsVolume@45d56062
2019-07-13 16:41:24,914 INFO  impl.RaftServerProxy (ConfUtils.java:logGet(43)) - raft.rpc.type = GRPC (default)
2019-07-13 16:41:24,915 INFO  grpc.GrpcFactory (GrpcFactory.java:checkPooledByteBufAllocatorUseCacheForAllThreads(45)) - PERFORMANCE WARNING: useCacheForAllThreads is true that may cause Netty to create a lot garbage objects and, as a result, trigger GC.
	It is recommended to disable useCacheForAllThreads by setting -Dorg.apache.ratis.thirdparty.io.netty.allocator.useCacheForAllThreads=false in command line.
2019-07-13 16:41:24,915 INFO  grpc.GrpcConfigKeys$Server (ConfUtils.java:logGet(43)) - raft.grpc.server.port = 0 (default)
2019-07-13 16:41:24,915 INFO  server.GrpcService (ConfUtils.java:logGet(43)) - raft.grpc.message.size.max = 33570816 (custom)
2019-07-13 16:41:24,915 INFO  server.RaftServerConfigKeys (ConfUtils.java:logGet(43)) - raft.server.log.appender.buffer.byte-limit = 33554432 (custom)
2019-07-13 16:41:24,915 INFO  server.GrpcService (ConfUtils.java:logGet(43)) - raft.grpc.flow.control.window = 1MB (=1048576) (default)
2019-07-13 16:41:24,916 INFO  server.RaftServerConfigKeys (ConfUtils.java:logGet(43)) - raft.server.rpc.request.timeout = 3000ms (default)
2019-07-13 16:41:24,916 INFO  server.RaftServerConfigKeys (ConfUtils.java:logGet(43)) - raft.server.storage.dir = [/tmp/workdir/hadoop-ozone/integration-test/target/test-dir/MiniOzoneClusterImpl-52b72032-6bad-46f5-98b7-0de9f20c993a/datanode-3/data/ratis] (custom)
2019-07-13 16:41:24,916 INFO  replication.SimpleContainerDownloader (SimpleContainerDownloader.java:<init>(72)) - Starting container downloader service to copy containers to replicate.
2019-07-13 16:41:24,918 INFO  hdfs.DFSUtil (DFSUtil.java:httpServerTemplateForNNAndJN(1641)) - Starting Web-server for hddsDatanode at: http://0.0.0.0:0
2019-07-13 16:41:24,919 INFO  server.AuthenticationFilter (AuthenticationFilter.java:constructSecretProvider(240)) - Unable to initialize FileSignerSecretProvider, falling back to use random secrets.
2019-07-13 16:41:24,919 WARN  http.HttpRequestLog (HttpRequestLog.java:getRequestLog(97)) - Jetty request log can only be enabled using Log4j
2019-07-13 16:41:24,920 INFO  http.HttpServer2 (HttpServer2.java:addGlobalFilter(975)) - Added global filter 'safety' (class=org.apache.hadoop.http.HttpServer2$QuotingInputFilter)
2019-07-13 16:41:24,920 INFO  http.HttpServer2 (HttpServer2.java:addFilter(948)) - Added filter static_user_filter (class=org.apache.hadoop.http.lib.StaticUserWebFilter$StaticUserFilter) to context hddsDatanode
2019-07-13 16:41:24,921 INFO  http.HttpServer2 (HttpServer2.java:addFilter(958)) - Added filter static_user_filter (class=org.apache.hadoop.http.lib.StaticUserWebFilter$StaticUserFilter) to context static
2019-07-13 16:41:24,921 INFO  http.HttpServer2 (HttpServer2.java:addFilter(958)) - Added filter static_user_filter (class=org.apache.hadoop.http.lib.StaticUserWebFilter$StaticUserFilter) to context logs
2019-07-13 16:41:24,921 INFO  http.HttpServer2 (HttpServer2.java:bindListener(1191)) - Jetty bound to port 46699
2019-07-13 16:41:24,922 INFO  server.Server (Server.java:doStart(351)) - jetty-9.3.24.v20180605, build timestamp: 2018-06-05T17:11:56Z, git hash: 84205aa28f11a4f31f2a3b86d1bba2cc8ab69827
2019-07-13 16:41:24,924 INFO  handler.ContextHandler (ContextHandler.java:doStart(781)) - Started o.e.j.s.ServletContextHandler@4f081b5d{/logs,file:///tmp/workdir/hadoop-ozone/integration-test/target/log,AVAILABLE}
2019-07-13 16:41:24,924 INFO  handler.ContextHandler (ContextHandler.java:doStart(781)) - Started o.e.j.s.ServletContextHandler@740a0d5e{/static,jar:file:/home/user/.m2/repository/org/apache/hadoop/hadoop-hdds-container-service/0.5.0-SNAPSHOT/hadoop-hdds-container-service-0.5.0-SNAPSHOT.jar!/webapps/static,AVAILABLE}
2019-07-13 16:41:24,945 INFO  handler.ContextHandler (ContextHandler.java:doStart(781)) - Started o.e.j.w.WebAppContext@4ae2e781{/,file:///tmp/jetty-0.0.0.0-46699-hddsDatanode-_-any-4802748977861583595.dir/webapp/,AVAILABLE}{/hddsDatanode}
2019-07-13 16:41:24,946 INFO  server.AbstractConnector (AbstractConnector.java:doStart(278)) - Started ServerConnector@339f3a55{HTTP/1.1,[http/1.1]}{0.0.0.0:46699}
2019-07-13 16:41:24,947 INFO  server.Server (Server.java:doStart(419)) - Started @6368ms
2019-07-13 16:41:24,948 INFO  server.BaseHttpServer (BaseHttpServer.java:updateConnectorAddress(207)) - HTTP server of HDDSDATANODE is listening at http://0.0.0.0:46699
2019-07-13 16:41:25,046 INFO  ozone.HddsDatanodeService (HddsDatanodeService.java:startPlugins(396)) - Started plug-in org.apache.hadoop.ozone.web.OzoneHddsDatanodeService@15605d83
2019-07-13 16:41:25,046 INFO  impl.MetricsSystemImpl (MetricsSystemImpl.java:init(158)) - HddsDatanode metrics system started (again)
2019-07-13 16:41:25,052 INFO  ozone.HddsDatanodeService (HddsDatanodeService.java:start(185)) - HddsDatanodeService host:trunk-nightly-z92hn-1831959607 ip:192.168.5.187
2019-07-13 16:41:25,054 INFO  util.JvmPauseMonitor (JvmPauseMonitor.java:run(188)) - Starting JVM pause monitor
2019-07-13 16:41:25,057 INFO  datanode.InitDatanodeState (InitDatanodeState.java:persistContainerDatanodeDetails(140)) - DatanodeDetails is persisted to /tmp/workdir/hadoop-ozone/integration-test/target/test-dir/MiniOzoneClusterImpl-52b72032-6bad-46f5-98b7-0de9f20c993a/datanode-3/meta/datanode.id
2019-07-13 16:41:25,062 INFO  volume.HddsVolume (HddsVolume.java:<init>(176)) - Creating Volume: /tmp/workdir/hadoop-ozone/integration-test/target/test-dir/MiniOzoneClusterImpl-52b72032-6bad-46f5-98b7-0de9f20c993a/datanode-4/data/containers/hdds of  storage type : DISK and capacity : 52710309888
2019-07-13 16:41:25,062 INFO  volume.VolumeSet (VolumeSet.java:initializeVolumeSet(170)) - Added Volume : /tmp/workdir/hadoop-ozone/integration-test/target/test-dir/MiniOzoneClusterImpl-52b72032-6bad-46f5-98b7-0de9f20c993a/datanode-4/data/containers/hdds to VolumeSet
2019-07-13 16:41:25,062 INFO  volume.ThrottledAsyncChecker (ThrottledAsyncChecker.java:schedule(140)) - Scheduling a check for org.apache.hadoop.ozone.container.common.volume.HddsVolume@6da54910
2019-07-13 16:41:25,063 INFO  volume.HddsVolumeChecker (HddsVolumeChecker.java:checkAllVolumes(203)) - Scheduled health check for volume org.apache.hadoop.ozone.container.common.volume.HddsVolume@6da54910
2019-07-13 16:41:25,075 INFO  impl.RaftServerProxy (ConfUtils.java:logGet(43)) - raft.rpc.type = GRPC (default)
2019-07-13 16:41:25,075 INFO  grpc.GrpcFactory (GrpcFactory.java:checkPooledByteBufAllocatorUseCacheForAllThreads(45)) - PERFORMANCE WARNING: useCacheForAllThreads is true that may cause Netty to create a lot garbage objects and, as a result, trigger GC.
	It is recommended to disable useCacheForAllThreads by setting -Dorg.apache.ratis.thirdparty.io.netty.allocator.useCacheForAllThreads=false in command line.
2019-07-13 16:41:25,076 INFO  grpc.GrpcConfigKeys$Server (ConfUtils.java:logGet(43)) - raft.grpc.server.port = 0 (default)
2019-07-13 16:41:25,076 INFO  server.GrpcService (ConfUtils.java:logGet(43)) - raft.grpc.message.size.max = 33570816 (custom)
2019-07-13 16:41:25,076 INFO  server.RaftServerConfigKeys (ConfUtils.java:logGet(43)) - raft.server.log.appender.buffer.byte-limit = 33554432 (custom)
2019-07-13 16:41:25,076 INFO  server.GrpcService (ConfUtils.java:logGet(43)) - raft.grpc.flow.control.window = 1MB (=1048576) (default)
2019-07-13 16:41:25,076 INFO  server.RaftServerConfigKeys (ConfUtils.java:logGet(43)) - raft.server.rpc.request.timeout = 3000ms (default)
2019-07-13 16:41:25,077 INFO  server.RaftServerConfigKeys (ConfUtils.java:logGet(43)) - raft.server.storage.dir = [/tmp/workdir/hadoop-ozone/integration-test/target/test-dir/MiniOzoneClusterImpl-52b72032-6bad-46f5-98b7-0de9f20c993a/datanode-4/data/ratis] (custom)
2019-07-13 16:41:25,077 INFO  replication.SimpleContainerDownloader (SimpleContainerDownloader.java:<init>(72)) - Starting container downloader service to copy containers to replicate.
2019-07-13 16:41:25,078 INFO  hdfs.DFSUtil (DFSUtil.java:httpServerTemplateForNNAndJN(1641)) - Starting Web-server for hddsDatanode at: http://0.0.0.0:0
2019-07-13 16:41:25,079 INFO  server.AuthenticationFilter (AuthenticationFilter.java:constructSecretProvider(240)) - Unable to initialize FileSignerSecretProvider, falling back to use random secrets.
2019-07-13 16:41:25,080 WARN  http.HttpRequestLog (HttpRequestLog.java:getRequestLog(97)) - Jetty request log can only be enabled using Log4j
2019-07-13 16:41:25,081 INFO  http.HttpServer2 (HttpServer2.java:addGlobalFilter(975)) - Added global filter 'safety' (class=org.apache.hadoop.http.HttpServer2$QuotingInputFilter)
2019-07-13 16:41:25,081 INFO  http.HttpServer2 (HttpServer2.java:addFilter(948)) - Added filter static_user_filter (class=org.apache.hadoop.http.lib.StaticUserWebFilter$StaticUserFilter) to context hddsDatanode
2019-07-13 16:41:25,082 INFO  http.HttpServer2 (HttpServer2.java:addFilter(958)) - Added filter static_user_filter (class=org.apache.hadoop.http.lib.StaticUserWebFilter$StaticUserFilter) to context logs
2019-07-13 16:41:25,082 INFO  http.HttpServer2 (HttpServer2.java:addFilter(958)) - Added filter static_user_filter (class=org.apache.hadoop.http.lib.StaticUserWebFilter$StaticUserFilter) to context static
2019-07-13 16:41:25,082 INFO  http.HttpServer2 (HttpServer2.java:bindListener(1191)) - Jetty bound to port 46763
2019-07-13 16:41:25,082 INFO  server.Server (Server.java:doStart(351)) - jetty-9.3.24.v20180605, build timestamp: 2018-06-05T17:11:56Z, git hash: 84205aa28f11a4f31f2a3b86d1bba2cc8ab69827
2019-07-13 16:41:25,087 INFO  handler.ContextHandler (ContextHandler.java:doStart(781)) - Started o.e.j.s.ServletContextHandler@640d604{/logs,file:///tmp/workdir/hadoop-ozone/integration-test/target/log,AVAILABLE}
2019-07-13 16:41:25,087 INFO  handler.ContextHandler (ContextHandler.java:doStart(781)) - Started o.e.j.s.ServletContextHandler@5438fa43{/static,jar:file:/home/user/.m2/repository/org/apache/hadoop/hadoop-hdds-container-service/0.5.0-SNAPSHOT/hadoop-hdds-container-service-0.5.0-SNAPSHOT.jar!/webapps/static,AVAILABLE}
2019-07-13 16:41:25,110 INFO  handler.ContextHandler (ContextHandler.java:doStart(781)) - Started o.e.j.w.WebAppContext@de77146{/,file:///tmp/jetty-0.0.0.0-46763-hddsDatanode-_-any-528898200487129402.dir/webapp/,AVAILABLE}{/hddsDatanode}
2019-07-13 16:41:25,111 INFO  server.AbstractConnector (AbstractConnector.java:doStart(278)) - Started ServerConnector@691567ea{HTTP/1.1,[http/1.1]}{0.0.0.0:46763}
2019-07-13 16:41:25,112 INFO  server.Server (Server.java:doStart(419)) - Started @6533ms
2019-07-13 16:41:25,112 INFO  server.BaseHttpServer (BaseHttpServer.java:updateConnectorAddress(207)) - HTTP server of HDDSDATANODE is listening at http://0.0.0.0:46763
2019-07-13 16:41:25,256 INFO  ozone.HddsDatanodeService (HddsDatanodeService.java:startPlugins(396)) - Started plug-in org.apache.hadoop.ozone.web.OzoneHddsDatanodeService@2365ea38
2019-07-13 16:41:25,256 INFO  impl.MetricsSystemImpl (MetricsSystemImpl.java:init(158)) - HddsDatanode metrics system started (again)
2019-07-13 16:41:25,258 INFO  ozone.HddsDatanodeService (HddsDatanodeService.java:start(185)) - HddsDatanodeService host:trunk-nightly-z92hn-1831959607 ip:192.168.5.187
2019-07-13 16:41:25,260 INFO  util.JvmPauseMonitor (JvmPauseMonitor.java:run(188)) - Starting JVM pause monitor
2019-07-13 16:41:25,263 INFO  datanode.InitDatanodeState (InitDatanodeState.java:persistContainerDatanodeDetails(140)) - DatanodeDetails is persisted to /tmp/workdir/hadoop-ozone/integration-test/target/test-dir/MiniOzoneClusterImpl-52b72032-6bad-46f5-98b7-0de9f20c993a/datanode-4/meta/datanode.id
2019-07-13 16:41:25,267 INFO  volume.HddsVolume (HddsVolume.java:<init>(176)) - Creating Volume: /tmp/workdir/hadoop-ozone/integration-test/target/test-dir/MiniOzoneClusterImpl-52b72032-6bad-46f5-98b7-0de9f20c993a/datanode-5/data/containers/hdds of  storage type : DISK and capacity : 52710309888
2019-07-13 16:41:25,268 INFO  volume.VolumeSet (VolumeSet.java:initializeVolumeSet(170)) - Added Volume : /tmp/workdir/hadoop-ozone/integration-test/target/test-dir/MiniOzoneClusterImpl-52b72032-6bad-46f5-98b7-0de9f20c993a/datanode-5/data/containers/hdds to VolumeSet
2019-07-13 16:41:25,268 INFO  volume.ThrottledAsyncChecker (ThrottledAsyncChecker.java:schedule(140)) - Scheduling a check for org.apache.hadoop.ozone.container.common.volume.HddsVolume@7781263c
2019-07-13 16:41:25,269 INFO  volume.HddsVolumeChecker (HddsVolumeChecker.java:checkAllVolumes(203)) - Scheduled health check for volume org.apache.hadoop.ozone.container.common.volume.HddsVolume@7781263c
2019-07-13 16:41:25,287 INFO  impl.RaftServerProxy (ConfUtils.java:logGet(43)) - raft.rpc.type = GRPC (default)
2019-07-13 16:41:25,287 INFO  grpc.GrpcFactory (GrpcFactory.java:checkPooledByteBufAllocatorUseCacheForAllThreads(45)) - PERFORMANCE WARNING: useCacheForAllThreads is true that may cause Netty to create a lot garbage objects and, as a result, trigger GC.
	It is recommended to disable useCacheForAllThreads by setting -Dorg.apache.ratis.thirdparty.io.netty.allocator.useCacheForAllThreads=false in command line.
2019-07-13 16:41:25,287 INFO  grpc.GrpcConfigKeys$Server (ConfUtils.java:logGet(43)) - raft.grpc.server.port = 0 (default)
2019-07-13 16:41:25,287 INFO  server.GrpcService (ConfUtils.java:logGet(43)) - raft.grpc.message.size.max = 33570816 (custom)
2019-07-13 16:41:25,288 INFO  server.RaftServerConfigKeys (ConfUtils.java:logGet(43)) - raft.server.log.appender.buffer.byte-limit = 33554432 (custom)
2019-07-13 16:41:25,288 INFO  server.GrpcService (ConfUtils.java:logGet(43)) - raft.grpc.flow.control.window = 1MB (=1048576) (default)
2019-07-13 16:41:25,288 INFO  server.RaftServerConfigKeys (ConfUtils.java:logGet(43)) - raft.server.rpc.request.timeout = 3000ms (default)
2019-07-13 16:41:25,289 INFO  server.RaftServerConfigKeys (ConfUtils.java:logGet(43)) - raft.server.storage.dir = [/tmp/workdir/hadoop-ozone/integration-test/target/test-dir/MiniOzoneClusterImpl-52b72032-6bad-46f5-98b7-0de9f20c993a/datanode-5/data/ratis] (custom)
2019-07-13 16:41:25,290 INFO  replication.SimpleContainerDownloader (SimpleContainerDownloader.java:<init>(72)) - Starting container downloader service to copy containers to replicate.
2019-07-13 16:41:25,291 INFO  hdfs.DFSUtil (DFSUtil.java:httpServerTemplateForNNAndJN(1641)) - Starting Web-server for hddsDatanode at: http://0.0.0.0:0
2019-07-13 16:41:25,292 INFO  server.AuthenticationFilter (AuthenticationFilter.java:constructSecretProvider(240)) - Unable to initialize FileSignerSecretProvider, falling back to use random secrets.
2019-07-13 16:41:25,292 WARN  http.HttpRequestLog (HttpRequestLog.java:getRequestLog(97)) - Jetty request log can only be enabled using Log4j
2019-07-13 16:41:25,294 INFO  http.HttpServer2 (HttpServer2.java:addGlobalFilter(975)) - Added global filter 'safety' (class=org.apache.hadoop.http.HttpServer2$QuotingInputFilter)
2019-07-13 16:41:25,294 INFO  http.HttpServer2 (HttpServer2.java:addFilter(948)) - Added filter static_user_filter (class=org.apache.hadoop.http.lib.StaticUserWebFilter$StaticUserFilter) to context hddsDatanode
2019-07-13 16:41:25,294 INFO  http.HttpServer2 (HttpServer2.java:addFilter(958)) - Added filter static_user_filter (class=org.apache.hadoop.http.lib.StaticUserWebFilter$StaticUserFilter) to context logs
2019-07-13 16:41:25,294 INFO  http.HttpServer2 (HttpServer2.java:addFilter(958)) - Added filter static_user_filter (class=org.apache.hadoop.http.lib.StaticUserWebFilter$StaticUserFilter) to context static
2019-07-13 16:41:25,295 INFO  http.HttpServer2 (HttpServer2.java:bindListener(1191)) - Jetty bound to port 45728
2019-07-13 16:41:25,295 INFO  server.Server (Server.java:doStart(351)) - jetty-9.3.24.v20180605, build timestamp: 2018-06-05T17:11:56Z, git hash: 84205aa28f11a4f31f2a3b86d1bba2cc8ab69827
2019-07-13 16:41:25,297 INFO  handler.ContextHandler (ContextHandler.java:doStart(781)) - Started o.e.j.s.ServletContextHandler@325162e9{/logs,file:///tmp/workdir/hadoop-ozone/integration-test/target/log,AVAILABLE}
2019-07-13 16:41:25,297 INFO  handler.ContextHandler (ContextHandler.java:doStart(781)) - Started o.e.j.s.ServletContextHandler@5c448ef{/static,jar:file:/home/user/.m2/repository/org/apache/hadoop/hadoop-hdds-container-service/0.5.0-SNAPSHOT/hadoop-hdds-container-service-0.5.0-SNAPSHOT.jar!/webapps/static,AVAILABLE}
2019-07-13 16:41:25,321 INFO  handler.ContextHandler (ContextHandler.java:doStart(781)) - Started o.e.j.w.WebAppContext@377dfb8d{/,file:///tmp/jetty-0.0.0.0-45728-hddsDatanode-_-any-3227790076083039926.dir/webapp/,AVAILABLE}{/hddsDatanode}
2019-07-13 16:41:25,321 INFO  server.AbstractConnector (AbstractConnector.java:doStart(278)) - Started ServerConnector@42a0786f{HTTP/1.1,[http/1.1]}{0.0.0.0:45728}
2019-07-13 16:41:25,322 INFO  server.Server (Server.java:doStart(419)) - Started @6744ms
2019-07-13 16:41:25,323 INFO  server.BaseHttpServer (BaseHttpServer.java:updateConnectorAddress(207)) - HTTP server of HDDSDATANODE is listening at http://0.0.0.0:45728
2019-07-13 16:41:25,427 INFO  ozone.HddsDatanodeService (HddsDatanodeService.java:startPlugins(396)) - Started plug-in org.apache.hadoop.ozone.web.OzoneHddsDatanodeService@165614f5
2019-07-13 16:41:25,428 INFO  impl.MetricsSystemImpl (MetricsSystemImpl.java:init(158)) - HddsDatanode metrics system started (again)
2019-07-13 16:41:25,429 INFO  ozone.HddsDatanodeService (HddsDatanodeService.java:start(185)) - HddsDatanodeService host:trunk-nightly-z92hn-1831959607 ip:192.168.5.187
2019-07-13 16:41:25,431 INFO  util.JvmPauseMonitor (JvmPauseMonitor.java:run(188)) - Starting JVM pause monitor
2019-07-13 16:41:25,434 INFO  datanode.InitDatanodeState (InitDatanodeState.java:persistContainerDatanodeDetails(140)) - DatanodeDetails is persisted to /tmp/workdir/hadoop-ozone/integration-test/target/test-dir/MiniOzoneClusterImpl-52b72032-6bad-46f5-98b7-0de9f20c993a/datanode-5/meta/datanode.id
2019-07-13 16:41:25,438 INFO  volume.HddsVolume (HddsVolume.java:<init>(176)) - Creating Volume: /tmp/workdir/hadoop-ozone/integration-test/target/test-dir/MiniOzoneClusterImpl-52b72032-6bad-46f5-98b7-0de9f20c993a/datanode-6/data/containers/hdds of  storage type : DISK and capacity : 52710309888
2019-07-13 16:41:25,439 INFO  volume.VolumeSet (VolumeSet.java:initializeVolumeSet(170)) - Added Volume : /tmp/workdir/hadoop-ozone/integration-test/target/test-dir/MiniOzoneClusterImpl-52b72032-6bad-46f5-98b7-0de9f20c993a/datanode-6/data/containers/hdds to VolumeSet
2019-07-13 16:41:25,439 INFO  volume.ThrottledAsyncChecker (ThrottledAsyncChecker.java:schedule(140)) - Scheduling a check for org.apache.hadoop.ozone.container.common.volume.HddsVolume@103c97ff
2019-07-13 16:41:25,439 INFO  volume.HddsVolumeChecker (HddsVolumeChecker.java:checkAllVolumes(203)) - Scheduled health check for volume org.apache.hadoop.ozone.container.common.volume.HddsVolume@103c97ff
2019-07-13 16:41:25,452 INFO  impl.RaftServerProxy (ConfUtils.java:logGet(43)) - raft.rpc.type = GRPC (default)
2019-07-13 16:41:25,453 INFO  grpc.GrpcFactory (GrpcFactory.java:checkPooledByteBufAllocatorUseCacheForAllThreads(45)) - PERFORMANCE WARNING: useCacheForAllThreads is true that may cause Netty to create a lot garbage objects and, as a result, trigger GC.
	It is recommended to disable useCacheForAllThreads by setting -Dorg.apache.ratis.thirdparty.io.netty.allocator.useCacheForAllThreads=false in command line.
2019-07-13 16:41:25,453 INFO  grpc.GrpcConfigKeys$Server (ConfUtils.java:logGet(43)) - raft.grpc.server.port = 0 (default)
2019-07-13 16:41:25,453 INFO  server.GrpcService (ConfUtils.java:logGet(43)) - raft.grpc.message.size.max = 33570816 (custom)
2019-07-13 16:41:25,453 INFO  server.RaftServerConfigKeys (ConfUtils.java:logGet(43)) - raft.server.log.appender.buffer.byte-limit = 33554432 (custom)
2019-07-13 16:41:25,453 INFO  server.GrpcService (ConfUtils.java:logGet(43)) - raft.grpc.flow.control.window = 1MB (=1048576) (default)
2019-07-13 16:41:25,454 INFO  server.RaftServerConfigKeys (ConfUtils.java:logGet(43)) - raft.server.rpc.request.timeout = 3000ms (default)
2019-07-13 16:41:25,454 INFO  server.RaftServerConfigKeys (ConfUtils.java:logGet(43)) - raft.server.storage.dir = [/tmp/workdir/hadoop-ozone/integration-test/target/test-dir/MiniOzoneClusterImpl-52b72032-6bad-46f5-98b7-0de9f20c993a/datanode-6/data/ratis] (custom)
2019-07-13 16:41:25,455 INFO  replication.SimpleContainerDownloader (SimpleContainerDownloader.java:<init>(72)) - Starting container downloader service to copy containers to replicate.
2019-07-13 16:41:25,455 INFO  hdfs.DFSUtil (DFSUtil.java:httpServerTemplateForNNAndJN(1641)) - Starting Web-server for hddsDatanode at: http://0.0.0.0:0
2019-07-13 16:41:25,456 INFO  server.AuthenticationFilter (AuthenticationFilter.java:constructSecretProvider(240)) - Unable to initialize FileSignerSecretProvider, falling back to use random secrets.
2019-07-13 16:41:25,457 WARN  http.HttpRequestLog (HttpRequestLog.java:getRequestLog(97)) - Jetty request log can only be enabled using Log4j
2019-07-13 16:41:25,458 INFO  http.HttpServer2 (HttpServer2.java:addGlobalFilter(975)) - Added global filter 'safety' (class=org.apache.hadoop.http.HttpServer2$QuotingInputFilter)
2019-07-13 16:41:25,458 INFO  http.HttpServer2 (HttpServer2.java:addFilter(948)) - Added filter static_user_filter (class=org.apache.hadoop.http.lib.StaticUserWebFilter$StaticUserFilter) to context hddsDatanode
2019-07-13 16:41:25,458 INFO  http.HttpServer2 (HttpServer2.java:addFilter(958)) - Added filter static_user_filter (class=org.apache.hadoop.http.lib.StaticUserWebFilter$StaticUserFilter) to context logs
2019-07-13 16:41:25,459 INFO  http.HttpServer2 (HttpServer2.java:addFilter(958)) - Added filter static_user_filter (class=org.apache.hadoop.http.lib.StaticUserWebFilter$StaticUserFilter) to context static
2019-07-13 16:41:25,459 INFO  http.HttpServer2 (HttpServer2.java:bindListener(1191)) - Jetty bound to port 43207
2019-07-13 16:41:25,459 INFO  server.Server (Server.java:doStart(351)) - jetty-9.3.24.v20180605, build timestamp: 2018-06-05T17:11:56Z, git hash: 84205aa28f11a4f31f2a3b86d1bba2cc8ab69827
2019-07-13 16:41:25,461 INFO  handler.ContextHandler (ContextHandler.java:doStart(781)) - Started o.e.j.s.ServletContextHandler@35fa450f{/logs,file:///tmp/workdir/hadoop-ozone/integration-test/target/log,AVAILABLE}
2019-07-13 16:41:25,462 INFO  handler.ContextHandler (ContextHandler.java:doStart(781)) - Started o.e.j.s.ServletContextHandler@9b3be1c{/static,jar:file:/home/user/.m2/repository/org/apache/hadoop/hadoop-hdds-container-service/0.5.0-SNAPSHOT/hadoop-hdds-container-service-0.5.0-SNAPSHOT.jar!/webapps/static,AVAILABLE}
2019-07-13 16:41:25,485 INFO  handler.ContextHandler (ContextHandler.java:doStart(781)) - Started o.e.j.w.WebAppContext@4c7d7430{/,file:///tmp/jetty-0.0.0.0-43207-hddsDatanode-_-any-3938560096977850266.dir/webapp/,AVAILABLE}{/hddsDatanode}
2019-07-13 16:41:25,485 INFO  server.AbstractConnector (AbstractConnector.java:doStart(278)) - Started ServerConnector@4ea1aa52{HTTP/1.1,[http/1.1]}{0.0.0.0:43207}
2019-07-13 16:41:25,486 INFO  server.Server (Server.java:doStart(419)) - Started @6907ms
2019-07-13 16:41:25,487 INFO  server.BaseHttpServer (BaseHttpServer.java:updateConnectorAddress(207)) - HTTP server of HDDSDATANODE is listening at http://0.0.0.0:43207
2019-07-13 16:41:25,716 INFO  ozone.HddsDatanodeService (HddsDatanodeService.java:startPlugins(396)) - Started plug-in org.apache.hadoop.ozone.web.OzoneHddsDatanodeService@da09250
2019-07-13 16:41:25,719 INFO  ozone.MiniOzoneClusterImpl (MiniOzoneClusterImpl.java:lambda$waitForClusterToBeReady$0(142)) - Waiting for cluster to be ready. Got 0 of 7 DN Heartbeats.
2019-07-13 16:41:25,720 INFO  util.JvmPauseMonitor (JvmPauseMonitor.java:run(188)) - Starting JVM pause monitor
2019-07-13 16:41:25,722 INFO  datanode.InitDatanodeState (InitDatanodeState.java:persistContainerDatanodeDetails(140)) - DatanodeDetails is persisted to /tmp/workdir/hadoop-ozone/integration-test/target/test-dir/MiniOzoneClusterImpl-52b72032-6bad-46f5-98b7-0de9f20c993a/datanode-6/meta/datanode.id
2019-07-13 16:41:26,580 INFO  ozoneimpl.OzoneContainer (OzoneContainer.java:start(186)) - Attempting to start container services.
2019-07-13 16:41:26,582 INFO  ozoneimpl.OzoneContainer (OzoneContainer.java:startContainerScrub(160)) - Background container scrubber has been disabled by hdds.containerscrub.enabled
2019-07-13 16:41:26,583 INFO  ratis.XceiverServerRatis (XceiverServerRatis.java:start(418)) - Starting XceiverServerRatis d50a308c-76b6-4352-b87a-c86c145fdca9 at port 0
2019-07-13 16:41:26,604 INFO  impl.RaftServerProxy (RaftServerProxy.java:lambda$start$3(299)) - d50a308c-76b6-4352-b87a-c86c145fdca9: start RPC server
2019-07-13 16:41:26,719 INFO  ozone.MiniOzoneClusterImpl (MiniOzoneClusterImpl.java:lambda$waitForClusterToBeReady$0(142)) - Waiting for cluster to be ready. Got 0 of 7 DN Heartbeats.
2019-07-13 16:41:26,725 INFO  server.GrpcService (GrpcService.java:startImpl(149)) - d50a308c-76b6-4352-b87a-c86c145fdca9: GrpcService started, listening on 0.0.0.0/0.0.0.0:45324
2019-07-13 16:41:26,726 INFO  ratis.XceiverServerRatis (XceiverServerRatis.java:start(428)) - XceiverServerRatis d50a308c-76b6-4352-b87a-c86c145fdca9 is started using port 45324
2019-07-13 16:41:26,729 INFO  server.XceiverServerGrpc (XceiverServerGrpc.java:start(161)) - XceiverServerGrpc d50a308c-76b6-4352-b87a-c86c145fdca9 is started using port 33351
2019-07-13 16:41:26,741 INFO  ozoneimpl.OzoneContainer (OzoneContainer.java:start(186)) - Attempting to start container services.
2019-07-13 16:41:26,744 INFO  ozoneimpl.OzoneContainer (OzoneContainer.java:startContainerScrub(160)) - Background container scrubber has been disabled by hdds.containerscrub.enabled
2019-07-13 16:41:26,744 INFO  ratis.XceiverServerRatis (XceiverServerRatis.java:start(418)) - Starting XceiverServerRatis beb779dd-207a-4c6f-8538-94349668c3a0 at port 0
2019-07-13 16:41:26,753 INFO  impl.RaftServerProxy (RaftServerProxy.java:lambda$start$3(299)) - beb779dd-207a-4c6f-8538-94349668c3a0: start RPC server
2019-07-13 16:41:26,757 INFO  server.GrpcService (GrpcService.java:startImpl(149)) - beb779dd-207a-4c6f-8538-94349668c3a0: GrpcService started, listening on 0.0.0.0/0.0.0.0:35770
2019-07-13 16:41:26,757 INFO  ratis.XceiverServerRatis (XceiverServerRatis.java:start(428)) - XceiverServerRatis beb779dd-207a-4c6f-8538-94349668c3a0 is started using port 35770
2019-07-13 16:41:26,760 INFO  server.XceiverServerGrpc (XceiverServerGrpc.java:start(161)) - XceiverServerGrpc beb779dd-207a-4c6f-8538-94349668c3a0 is started using port 39210
2019-07-13 16:41:26,903 INFO  ozoneimpl.OzoneContainer (OzoneContainer.java:start(186)) - Attempting to start container services.
2019-07-13 16:41:26,905 INFO  ozoneimpl.OzoneContainer (OzoneContainer.java:startContainerScrub(160)) - Background container scrubber has been disabled by hdds.containerscrub.enabled
2019-07-13 16:41:26,905 INFO  ratis.XceiverServerRatis (XceiverServerRatis.java:start(418)) - Starting XceiverServerRatis 5c4b3584-effb-44d3-8327-d9784116762a at port 0
2019-07-13 16:41:26,914 INFO  impl.RaftServerProxy (RaftServerProxy.java:lambda$start$3(299)) - 5c4b3584-effb-44d3-8327-d9784116762a: start RPC server
2019-07-13 16:41:26,919 INFO  server.GrpcService (GrpcService.java:startImpl(149)) - 5c4b3584-effb-44d3-8327-d9784116762a: GrpcService started, listening on 0.0.0.0/0.0.0.0:40267
2019-07-13 16:41:26,919 INFO  ratis.XceiverServerRatis (XceiverServerRatis.java:start(428)) - XceiverServerRatis 5c4b3584-effb-44d3-8327-d9784116762a is started using port 40267
2019-07-13 16:41:26,923 INFO  server.XceiverServerGrpc (XceiverServerGrpc.java:start(161)) - XceiverServerGrpc 5c4b3584-effb-44d3-8327-d9784116762a is started using port 33312
2019-07-13 16:41:27,069 INFO  ozoneimpl.OzoneContainer (OzoneContainer.java:start(186)) - Attempting to start container services.
2019-07-13 16:41:27,075 INFO  ozoneimpl.OzoneContainer (OzoneContainer.java:startContainerScrub(160)) - Background container scrubber has been disabled by hdds.containerscrub.enabled
2019-07-13 16:41:27,080 INFO  ratis.XceiverServerRatis (XceiverServerRatis.java:start(418)) - Starting XceiverServerRatis 2a0497c4-1b57-4b63-a042-6a5a3b631162 at port 0
2019-07-13 16:41:27,090 INFO  impl.RaftServerProxy (RaftServerProxy.java:lambda$start$3(299)) - 2a0497c4-1b57-4b63-a042-6a5a3b631162: start RPC server
2019-07-13 16:41:27,093 INFO  server.GrpcService (GrpcService.java:startImpl(149)) - 2a0497c4-1b57-4b63-a042-6a5a3b631162: GrpcService started, listening on 0.0.0.0/0.0.0.0:42830
2019-07-13 16:41:27,093 INFO  ratis.XceiverServerRatis (XceiverServerRatis.java:start(428)) - XceiverServerRatis 2a0497c4-1b57-4b63-a042-6a5a3b631162 is started using port 42830
2019-07-13 16:41:27,096 INFO  server.XceiverServerGrpc (XceiverServerGrpc.java:start(161)) - XceiverServerGrpc 2a0497c4-1b57-4b63-a042-6a5a3b631162 is started using port 44470
2019-07-13 16:41:27,268 INFO  ozoneimpl.OzoneContainer (OzoneContainer.java:start(186)) - Attempting to start container services.
2019-07-13 16:41:27,269 INFO  ozoneimpl.OzoneContainer (OzoneContainer.java:startContainerScrub(160)) - Background container scrubber has been disabled by hdds.containerscrub.enabled
2019-07-13 16:41:27,269 INFO  ratis.XceiverServerRatis (XceiverServerRatis.java:start(418)) - Starting XceiverServerRatis 688e33e1-d774-473c-93c0-7e143ed71a4a at port 0
2019-07-13 16:41:27,279 INFO  impl.RaftServerProxy (RaftServerProxy.java:lambda$start$3(299)) - 688e33e1-d774-473c-93c0-7e143ed71a4a: start RPC server
2019-07-13 16:41:27,283 INFO  server.GrpcService (GrpcService.java:startImpl(149)) - 688e33e1-d774-473c-93c0-7e143ed71a4a: GrpcService started, listening on 0.0.0.0/0.0.0.0:34991
2019-07-13 16:41:27,283 INFO  ratis.XceiverServerRatis (XceiverServerRatis.java:start(428)) - XceiverServerRatis 688e33e1-d774-473c-93c0-7e143ed71a4a is started using port 34991
2019-07-13 16:41:27,287 INFO  server.XceiverServerGrpc (XceiverServerGrpc.java:start(161)) - XceiverServerGrpc 688e33e1-d774-473c-93c0-7e143ed71a4a is started using port 45901
2019-07-13 16:41:27,450 INFO  ozoneimpl.OzoneContainer (OzoneContainer.java:start(186)) - Attempting to start container services.
2019-07-13 16:41:27,450 INFO  ozoneimpl.OzoneContainer (OzoneContainer.java:startContainerScrub(160)) - Background container scrubber has been disabled by hdds.containerscrub.enabled
2019-07-13 16:41:27,450 INFO  ratis.XceiverServerRatis (XceiverServerRatis.java:start(418)) - Starting XceiverServerRatis 745b003a-3ebb-4019-a00c-319ed3f4c999 at port 0
2019-07-13 16:41:27,461 INFO  impl.RaftServerProxy (RaftServerProxy.java:lambda$start$3(299)) - 745b003a-3ebb-4019-a00c-319ed3f4c999: start RPC server
2019-07-13 16:41:27,465 INFO  server.GrpcService (GrpcService.java:startImpl(149)) - 745b003a-3ebb-4019-a00c-319ed3f4c999: GrpcService started, listening on 0.0.0.0/0.0.0.0:44555
2019-07-13 16:41:27,465 INFO  ratis.XceiverServerRatis (XceiverServerRatis.java:start(428)) - XceiverServerRatis 745b003a-3ebb-4019-a00c-319ed3f4c999 is started using port 44555
2019-07-13 16:41:27,470 INFO  server.XceiverServerGrpc (XceiverServerGrpc.java:start(161)) - XceiverServerGrpc 745b003a-3ebb-4019-a00c-319ed3f4c999 is started using port 37730
2019-07-13 16:41:27,720 INFO  ozone.MiniOzoneClusterImpl (MiniOzoneClusterImpl.java:lambda$waitForClusterToBeReady$0(142)) - Waiting for cluster to be ready. Got 0 of 7 DN Heartbeats.
2019-07-13 16:41:27,747 INFO  ozoneimpl.OzoneContainer (OzoneContainer.java:start(186)) - Attempting to start container services.
2019-07-13 16:41:27,748 INFO  ozoneimpl.OzoneContainer (OzoneContainer.java:startContainerScrub(160)) - Background container scrubber has been disabled by hdds.containerscrub.enabled
2019-07-13 16:41:27,748 INFO  ratis.XceiverServerRatis (XceiverServerRatis.java:start(418)) - Starting XceiverServerRatis da606bd7-531d-489c-bb8b-b9683742fb83 at port 0
2019-07-13 16:41:27,760 INFO  impl.RaftServerProxy (RaftServerProxy.java:lambda$start$3(299)) - da606bd7-531d-489c-bb8b-b9683742fb83: start RPC server
2019-07-13 16:41:27,765 INFO  server.GrpcService (GrpcService.java:startImpl(149)) - da606bd7-531d-489c-bb8b-b9683742fb83: GrpcService started, listening on 0.0.0.0/0.0.0.0:41928
2019-07-13 16:41:27,765 INFO  ratis.XceiverServerRatis (XceiverServerRatis.java:start(428)) - XceiverServerRatis da606bd7-531d-489c-bb8b-b9683742fb83 is started using port 41928
2019-07-13 16:41:27,769 INFO  server.XceiverServerGrpc (XceiverServerGrpc.java:start(161)) - XceiverServerGrpc da606bd7-531d-489c-bb8b-b9683742fb83 is started using port 46027
2019-07-13 16:41:28,570 INFO  net.NetworkTopology (NetworkTopologyImpl.java:add(110)) - Added a new node: /default-rack/192.168.5.187
2019-07-13 16:41:28,573 INFO  node.SCMNodeManager (SCMNodeManager.java:register(269)) - Registered Data node : d50a308c-76b6-4352-b87a-c86c145fdca9{ip: 192.168.5.187, host: trunk-nightly-z92hn-1831959607, networkLocation: /default-rack, certSerialId: null}
2019-07-13 16:41:28,577 INFO  safemode.SCMSafeModeManager (DataNodeSafeModeRule.java:process(71)) - SCM in safe mode. 1 DataNodes registered, 1 required.
2019-07-13 16:41:28,578 INFO  safemode.SCMSafeModeManager (SCMSafeModeManager.java:validateSafeModeExitRules(177)) - ScmSafeModeManager, all rules are successfully validated
2019-07-13 16:41:28,578 INFO  safemode.SCMSafeModeManager (SCMSafeModeManager.java:exitSafeMode(193)) - SCM exiting safe mode.
2019-07-13 16:41:28,721 INFO  ozone.MiniOzoneClusterImpl (MiniOzoneClusterImpl.java:lambda$waitForClusterToBeReady$0(142)) - Waiting for cluster to be ready. Got 1 of 7 DN Heartbeats.
2019-07-13 16:41:28,725 INFO  node.SCMNodeManager (SCMNodeManager.java:register(269)) - Registered Data node : beb779dd-207a-4c6f-8538-94349668c3a0{ip: 192.168.5.187, host: trunk-nightly-z92hn-1831959607, networkLocation: /default-rack, certSerialId: null}
2019-07-13 16:41:28,898 INFO  node.SCMNodeManager (SCMNodeManager.java:register(269)) - Registered Data node : 5c4b3584-effb-44d3-8327-d9784116762a{ip: 192.168.5.187, host: trunk-nightly-z92hn-1831959607, networkLocation: /default-rack, certSerialId: null}
2019-07-13 16:41:29,059 INFO  node.SCMNodeManager (SCMNodeManager.java:register(269)) - Registered Data node : 2a0497c4-1b57-4b63-a042-6a5a3b631162{ip: 192.168.5.187, host: trunk-nightly-z92hn-1831959607, networkLocation: /default-rack, certSerialId: null}
2019-07-13 16:41:29,549 INFO  node.SCMNodeManager (SCMNodeManager.java:register(269)) - Registered Data node : 688e33e1-d774-473c-93c0-7e143ed71a4a{ip: 192.168.5.187, host: trunk-nightly-z92hn-1831959607, networkLocation: /default-rack, certSerialId: null}
2019-07-13 16:41:29,549 INFO  node.SCMNodeManager (SCMNodeManager.java:register(269)) - Registered Data node : 745b003a-3ebb-4019-a00c-319ed3f4c999{ip: 192.168.5.187, host: trunk-nightly-z92hn-1831959607, networkLocation: /default-rack, certSerialId: null}
2019-07-13 16:41:29,574 INFO  impl.RaftServerProxy (RaftServerProxy.java:addNew(89)) - d50a308c-76b6-4352-b87a-c86c145fdca9: addNew group-EC6A7281EEAD:[d50a308c-76b6-4352-b87a-c86c145fdca9:192.168.5.187:45324] returns group-EC6A7281EEAD:java.util.concurrent.CompletableFuture@ef9e9e7[Not completed]
2019-07-13 16:41:29,596 INFO  impl.RaftServerImpl (RaftServerImpl.java:<init>(93)) - d50a308c-76b6-4352-b87a-c86c145fdca9: new RaftServerImpl for group-EC6A7281EEAD:[d50a308c-76b6-4352-b87a-c86c145fdca9:192.168.5.187:45324] with ContainerStateMachine:uninitialized
2019-07-13 16:41:29,598 INFO  server.RaftServerConfigKeys (ConfUtils.java:logGet(43)) - raft.server.rpc.timeout.min = 5s (custom)
2019-07-13 16:41:29,599 INFO  server.RaftServerConfigKeys (ConfUtils.java:logGet(43)) - raft.server.rpc.timeout.max = 5200ms (custom)
2019-07-13 16:41:29,600 INFO  server.RaftServerConfigKeys (ConfUtils.java:logGet(43)) - raft.server.rpcslowness.timeout = 120s (custom)
2019-07-13 16:41:29,601 INFO  server.RaftServerConfigKeys (ConfUtils.java:logGet(43)) - raft.server.sleep.deviation.threshold = 300 (default)
2019-07-13 16:41:29,602 INFO  server.RaftServerConfigKeys (ConfUtils.java:logGet(43)) - raft.server.log.appender.install.snapshot.enabled = false (custom)
2019-07-13 16:41:29,612 INFO  impl.RaftServerImpl (ServerState.java:<init>(105)) - d50a308c-76b6-4352-b87a-c86c145fdca9:group-EC6A7281EEAD ConfigurationManager, init=-1: [d50a308c-76b6-4352-b87a-c86c145fdca9:192.168.5.187:45324], old=null, confs=<EMPTY_MAP>
2019-07-13 16:41:29,612 INFO  server.RaftServerConfigKeys (ConfUtils.java:logGet(43)) - raft.server.storage.dir = [/tmp/workdir/hadoop-ozone/integration-test/target/test-dir/MiniOzoneClusterImpl-52b72032-6bad-46f5-98b7-0de9f20c993a/datanode-0/data/ratis] (custom)
2019-07-13 16:41:29,622 INFO  storage.RaftStorageDirectory (RaftStorageDirectory.java:analyzeStorage(246)) - The storage directory /tmp/workdir/hadoop-ozone/integration-test/target/test-dir/MiniOzoneClusterImpl-52b72032-6bad-46f5-98b7-0de9f20c993a/datanode-0/data/ratis/e55be92f-a444-4f03-a24c-ec6a7281eead does not exist. Creating ...
2019-07-13 16:41:29,636 INFO  storage.RaftStorageDirectory (RaftStorageDirectory.java:tryLock(328)) - Lock on /tmp/workdir/hadoop-ozone/integration-test/target/test-dir/MiniOzoneClusterImpl-52b72032-6bad-46f5-98b7-0de9f20c993a/datanode-0/data/ratis/e55be92f-a444-4f03-a24c-ec6a7281eead/in_use.lock acquired by nodename 16938@trunk-nightly-z92hn-1831959607
2019-07-13 16:41:29,645 INFO  storage.RaftStorage (RaftStorage.java:format(72)) - Storage directory /tmp/workdir/hadoop-ozone/integration-test/target/test-dir/MiniOzoneClusterImpl-52b72032-6bad-46f5-98b7-0de9f20c993a/datanode-0/data/ratis/e55be92f-a444-4f03-a24c-ec6a7281eead has been successfully formatted.
2019-07-13 16:41:29,647 INFO  ratis.ContainerStateMachine (ContainerStateMachine.java:loadSnapshot(200)) - The snapshot info is null.Setting the last applied index to:(t:0, i:~)
2019-07-13 16:41:29,648 INFO  server.RaftServerConfigKeys (ConfUtils.java:logGet(43)) - raft.server.leader.election.timeout = 120s (custom)
2019-07-13 16:41:29,650 INFO  server.RaftServerConfigKeys (ConfUtils.java:logGet(43)) - raft.server.log.use.memory = false (default)
2019-07-13 16:41:29,656 INFO  server.RaftServerConfigKeys (ConfUtils.java:logGet(43)) - raft.server.log.purge.gap = 1000000000 (custom)
2019-07-13 16:41:29,656 INFO  server.RaftServerConfigKeys (ConfUtils.java:logGet(43)) - raft.server.log.appender.buffer.byte-limit = 33554432 (custom)
2019-07-13 16:41:29,658 INFO  server.RaftServerConfigKeys (ConfUtils.java:logGet(43)) - raft.server.log.segment.size.max = 1048576 (custom)
2019-07-13 16:41:29,663 INFO  server.RaftServerConfigKeys (ConfUtils.java:logGet(43)) - raft.server.log.segment.cache.num.max = 2 (custom)
2019-07-13 16:41:29,669 INFO  segmented.SegmentedRaftLogWorker (SegmentedRaftLogWorker.java:<init>(172)) - new d50a308c-76b6-4352-b87a-c86c145fdca9-SegmentedRaftLogWorker:Storage Directory /tmp/workdir/hadoop-ozone/integration-test/target/test-dir/MiniOzoneClusterImpl-52b72032-6bad-46f5-98b7-0de9f20c993a/datanode-0/data/ratis/e55be92f-a444-4f03-a24c-ec6a7281eead for RaftStorage:Storage Directory /tmp/workdir/hadoop-ozone/integration-test/target/test-dir/MiniOzoneClusterImpl-52b72032-6bad-46f5-98b7-0de9f20c993a/datanode-0/data/ratis/e55be92f-a444-4f03-a24c-ec6a7281eead
2019-07-13 16:41:29,681 INFO  server.RaftServerConfigKeys (ConfUtils.java:logGet(43)) - raft.server.log.queue.byte-limit = 2147483647 (custom)
2019-07-13 16:41:29,681 INFO  server.RaftServerConfigKeys (ConfUtils.java:logGet(43)) - raft.server.log.queue.element-limit = 1024 (custom)
2019-07-13 16:41:29,686 INFO  server.RaftServerConfigKeys (ConfUtils.java:logGet(43)) - raft.server.log.segment.size.max = 1048576 (custom)
2019-07-13 16:41:29,686 INFO  server.RaftServerConfigKeys (ConfUtils.java:logGet(43)) - raft.server.log.preallocated.size = 16384 (custom)
2019-07-13 16:41:29,687 INFO  server.RaftServerConfigKeys (ConfUtils.java:logGet(43)) - raft.server.log.write.buffer.size = 33554432 (custom)
2019-07-13 16:41:29,687 INFO  server.RaftServerConfigKeys (ConfUtils.java:logGet(43)) - raft.server.log.force.sync.num = 128 (default)
2019-07-13 16:41:29,688 INFO  server.RaftServerConfigKeys (ConfUtils.java:logGet(43)) - raft.server.log.statemachine.data.sync = true (default)
2019-07-13 16:41:29,688 INFO  server.RaftServerConfigKeys (ConfUtils.java:logGet(43)) - raft.server.log.statemachine.data.sync.timeout = 10s (default)
2019-07-13 16:41:29,689 INFO  server.RaftServerConfigKeys (ConfUtils.java:logGet(43)) - raft.server.log.statemachine.data.sync.timeout.retry = -1 (default)
2019-07-13 16:41:29,697 INFO  server.RaftServerConfigKeys (ConfUtils.java:logGet(43)) - raft.server.log.statemachine.data.caching.enabled = true (custom)
2019-07-13 16:41:29,702 INFO  segmented.SegmentedRaftLogWorker (SegmentedRaftLogWorker.java:lambda$new$0(132)) - d50a308c-76b6-4352-b87a-c86c145fdca9-SegmentedRaftLogWorker:Storage Directory /tmp/workdir/hadoop-ozone/integration-test/target/test-dir/MiniOzoneClusterImpl-52b72032-6bad-46f5-98b7-0de9f20c993a/datanode-0/data/ratis/e55be92f-a444-4f03-a24c-ec6a7281eead: flushIndex: setUnconditionally 0 -> -1
2019-07-13 16:41:29,706 INFO  server.RaftServerConfigKeys (ConfUtils.java:logGet(43)) - raft.server.snapshot.auto.trigger.enabled = true (custom)
2019-07-13 16:41:29,707 INFO  server.RaftServerConfigKeys (ConfUtils.java:logGet(43)) - raft.server.snapshot.auto.trigger.threshold = 10000 (custom)
2019-07-13 16:41:29,707 INFO  server.RaftServerConfigKeys (ConfUtils.java:logGet(43)) - raft.server.retrycache.expirytime = 600000ms (custom)
2019-07-13 16:41:29,721 INFO  ozone.MiniOzoneClusterImpl (MiniOzoneClusterImpl.java:lambda$waitForClusterToBeReady$0(142)) - Waiting for cluster to be ready. Got 6 of 7 DN Heartbeats.
2019-07-13 16:41:29,728 INFO  node.SCMNodeManager (SCMNodeManager.java:register(269)) - Registered Data node : da606bd7-531d-489c-bb8b-b9683742fb83{ip: 192.168.5.187, host: trunk-nightly-z92hn-1831959607, networkLocation: /default-rack, certSerialId: null}
2019-07-13 16:41:29,731 INFO  impl.RaftServerImpl (RaftServerImpl.java:start(180)) - d50a308c-76b6-4352-b87a-c86c145fdca9: start group-EC6A7281EEAD
2019-07-13 16:41:29,732 INFO  impl.RaftServerImpl (RaftServerImpl.java:setRole(171)) - d50a308c-76b6-4352-b87a-c86c145fdca9:group-EC6A7281EEAD changes role from null to FOLLOWER at term 0 for startAsFollower
2019-07-13 16:41:29,733 INFO  impl.RoleInfo (RoleInfo.java:updateAndGet(143)) - d50a308c-76b6-4352-b87a-c86c145fdca9: start FollowerState
2019-07-13 16:41:29,734 INFO  util.JmxRegister (JmxRegister.java:tryRegister(44)) - Successfully registered JMX Bean with object name Ratis:service=RaftServer,group=group-EC6A7281EEAD,id=d50a308c-76b6-4352-b87a-c86c145fdca9
2019-07-13 16:41:29,802 INFO  pipeline.PipelineStateManager (PipelineStateManager.java:addPipeline(56)) - Created pipeline Pipeline[ Id: e55be92f-a444-4f03-a24c-ec6a7281eead, Nodes: d50a308c-76b6-4352-b87a-c86c145fdca9{ip: 192.168.5.187, host: trunk-nightly-z92hn-1831959607, networkLocation: /default-rack, certSerialId: null}, Type:RATIS, Factor:ONE, State:OPEN]
2019-07-13 16:41:29,833 INFO  impl.RaftServerProxy (RaftServerProxy.java:addNew(89)) - 5c4b3584-effb-44d3-8327-d9784116762a: addNew group-A00358BB57A0:[5c4b3584-effb-44d3-8327-d9784116762a:192.168.5.187:40267] returns group-A00358BB57A0:java.util.concurrent.CompletableFuture@281e7fbd[Not completed]
2019-07-13 16:41:29,889 INFO  impl.RaftServerImpl (RaftServerImpl.java:<init>(93)) - 5c4b3584-effb-44d3-8327-d9784116762a: new RaftServerImpl for group-A00358BB57A0:[5c4b3584-effb-44d3-8327-d9784116762a:192.168.5.187:40267] with ContainerStateMachine:uninitialized
2019-07-13 16:41:29,891 INFO  server.RaftServerConfigKeys (ConfUtils.java:logGet(43)) - raft.server.rpc.timeout.min = 5s (custom)
2019-07-13 16:41:29,891 INFO  server.RaftServerConfigKeys (ConfUtils.java:logGet(43)) - raft.server.rpc.timeout.max = 5200ms (custom)
2019-07-13 16:41:29,891 INFO  server.RaftServerConfigKeys (ConfUtils.java:logGet(43)) - raft.server.rpcslowness.timeout = 120s (custom)
2019-07-13 16:41:29,891 INFO  server.RaftServerConfigKeys (ConfUtils.java:logGet(43)) - raft.server.sleep.deviation.threshold = 300 (default)
2019-07-13 16:41:29,891 INFO  server.RaftServerConfigKeys (ConfUtils.java:logGet(43)) - raft.server.log.appender.install.snapshot.enabled = false (custom)
2019-07-13 16:41:29,891 INFO  impl.RaftServerImpl (ServerState.java:<init>(105)) - 5c4b3584-effb-44d3-8327-d9784116762a:group-A00358BB57A0 ConfigurationManager, init=-1: [5c4b3584-effb-44d3-8327-d9784116762a:192.168.5.187:40267], old=null, confs=<EMPTY_MAP>
2019-07-13 16:41:29,892 INFO  server.RaftServerConfigKeys (ConfUtils.java:logGet(43)) - raft.server.storage.dir = [/tmp/workdir/hadoop-ozone/integration-test/target/test-dir/MiniOzoneClusterImpl-52b72032-6bad-46f5-98b7-0de9f20c993a/datanode-2/data/ratis] (custom)
2019-07-13 16:41:29,892 INFO  storage.RaftStorageDirectory (RaftStorageDirectory.java:analyzeStorage(246)) - The storage directory /tmp/workdir/hadoop-ozone/integration-test/target/test-dir/MiniOzoneClusterImpl-52b72032-6bad-46f5-98b7-0de9f20c993a/datanode-2/data/ratis/4b3029e5-4323-4574-834c-a00358bb57a0 does not exist. Creating ...
2019-07-13 16:41:29,899 INFO  storage.RaftStorageDirectory (RaftStorageDirectory.java:tryLock(328)) - Lock on /tmp/workdir/hadoop-ozone/integration-test/target/test-dir/MiniOzoneClusterImpl-52b72032-6bad-46f5-98b7-0de9f20c993a/datanode-2/data/ratis/4b3029e5-4323-4574-834c-a00358bb57a0/in_use.lock acquired by nodename 16938@trunk-nightly-z92hn-1831959607
2019-07-13 16:41:29,902 INFO  storage.RaftStorage (RaftStorage.java:format(72)) - Storage directory /tmp/workdir/hadoop-ozone/integration-test/target/test-dir/MiniOzoneClusterImpl-52b72032-6bad-46f5-98b7-0de9f20c993a/datanode-2/data/ratis/4b3029e5-4323-4574-834c-a00358bb57a0 has been successfully formatted.
2019-07-13 16:41:29,904 INFO  ratis.ContainerStateMachine (ContainerStateMachine.java:loadSnapshot(200)) - The snapshot info is null.Setting the last applied index to:(t:0, i:~)
2019-07-13 16:41:29,905 INFO  server.RaftServerConfigKeys (ConfUtils.java:logGet(43)) - raft.server.leader.election.timeout = 120s (custom)
2019-07-13 16:41:29,906 INFO  server.RaftServerConfigKeys (ConfUtils.java:logGet(43)) - raft.server.log.use.memory = false (default)
2019-07-13 16:41:29,906 INFO  server.RaftServerConfigKeys (ConfUtils.java:logGet(43)) - raft.server.log.purge.gap = 1000000000 (custom)
2019-07-13 16:41:29,906 INFO  server.RaftServerConfigKeys (ConfUtils.java:logGet(43)) - raft.server.log.appender.buffer.byte-limit = 33554432 (custom)
2019-07-13 16:41:29,906 INFO  server.RaftServerConfigKeys (ConfUtils.java:logGet(43)) - raft.server.log.segment.size.max = 1048576 (custom)
2019-07-13 16:41:29,906 INFO  server.RaftServerConfigKeys (ConfUtils.java:logGet(43)) - raft.server.log.segment.cache.num.max = 2 (custom)
2019-07-13 16:41:29,907 INFO  segmented.SegmentedRaftLogWorker (SegmentedRaftLogWorker.java:<init>(172)) - new 5c4b3584-effb-44d3-8327-d9784116762a-SegmentedRaftLogWorker:Storage Directory /tmp/workdir/hadoop-ozone/integration-test/target/test-dir/MiniOzoneClusterImpl-52b72032-6bad-46f5-98b7-0de9f20c993a/datanode-2/data/ratis/4b3029e5-4323-4574-834c-a00358bb57a0 for RaftStorage:Storage Directory /tmp/workdir/hadoop-ozone/integration-test/target/test-dir/MiniOzoneClusterImpl-52b72032-6bad-46f5-98b7-0de9f20c993a/datanode-2/data/ratis/4b3029e5-4323-4574-834c-a00358bb57a0
2019-07-13 16:41:29,908 INFO  server.RaftServerConfigKeys (ConfUtils.java:logGet(43)) - raft.server.log.queue.byte-limit = 2147483647 (custom)
2019-07-13 16:41:29,908 INFO  server.RaftServerConfigKeys (ConfUtils.java:logGet(43)) - raft.server.log.queue.element-limit = 1024 (custom)
2019-07-13 16:41:29,909 INFO  server.RaftServerConfigKeys (ConfUtils.java:logGet(43)) - raft.server.log.segment.size.max = 1048576 (custom)
2019-07-13 16:41:29,909 INFO  server.RaftServerConfigKeys (ConfUtils.java:logGet(43)) - raft.server.log.preallocated.size = 16384 (custom)
2019-07-13 16:41:29,909 INFO  server.RaftServerConfigKeys (ConfUtils.java:logGet(43)) - raft.server.log.write.buffer.size = 33554432 (custom)
2019-07-13 16:41:29,909 INFO  server.RaftServerConfigKeys (ConfUtils.java:logGet(43)) - raft.server.log.force.sync.num = 128 (default)
2019-07-13 16:41:29,909 INFO  server.RaftServerConfigKeys (ConfUtils.java:logGet(43)) - raft.server.log.statemachine.data.sync = true (default)
2019-07-13 16:41:29,910 INFO  server.RaftServerConfigKeys (ConfUtils.java:logGet(43)) - raft.server.log.statemachine.data.sync.timeout = 10s (default)
2019-07-13 16:41:29,910 INFO  server.RaftServerConfigKeys (ConfUtils.java:logGet(43)) - raft.server.log.statemachine.data.sync.timeout.retry = -1 (default)
2019-07-13 16:41:29,910 INFO  server.RaftServerConfigKeys (ConfUtils.java:logGet(43)) - raft.server.log.statemachine.data.caching.enabled = true (custom)
2019-07-13 16:41:29,911 INFO  segmented.SegmentedRaftLogWorker (SegmentedRaftLogWorker.java:lambda$new$0(132)) - 5c4b3584-effb-44d3-8327-d9784116762a-SegmentedRaftLogWorker:Storage Directory /tmp/workdir/hadoop-ozone/integration-test/target/test-dir/MiniOzoneClusterImpl-52b72032-6bad-46f5-98b7-0de9f20c993a/datanode-2/data/ratis/4b3029e5-4323-4574-834c-a00358bb57a0: flushIndex: setUnconditionally 0 -> -1
2019-07-13 16:41:29,911 INFO  server.RaftServerConfigKeys (ConfUtils.java:logGet(43)) - raft.server.snapshot.auto.trigger.enabled = true (custom)
2019-07-13 16:41:29,912 INFO  server.RaftServerConfigKeys (ConfUtils.java:logGet(43)) - raft.server.snapshot.auto.trigger.threshold = 10000 (custom)
2019-07-13 16:41:29,912 INFO  server.RaftServerConfigKeys (ConfUtils.java:logGet(43)) - raft.server.retrycache.expirytime = 600000ms (custom)
2019-07-13 16:41:29,912 INFO  impl.RaftServerImpl (RaftServerImpl.java:start(180)) - 5c4b3584-effb-44d3-8327-d9784116762a: start group-A00358BB57A0
2019-07-13 16:41:29,912 INFO  impl.RaftServerImpl (RaftServerImpl.java:setRole(171)) - 5c4b3584-effb-44d3-8327-d9784116762a:group-A00358BB57A0 changes role from null to FOLLOWER at term 0 for startAsFollower
2019-07-13 16:41:29,912 INFO  impl.RoleInfo (RoleInfo.java:updateAndGet(143)) - 5c4b3584-effb-44d3-8327-d9784116762a: start FollowerState
2019-07-13 16:41:29,914 INFO  util.JmxRegister (JmxRegister.java:tryRegister(44)) - Successfully registered JMX Bean with object name Ratis:service=RaftServer,group=group-A00358BB57A0,id=5c4b3584-effb-44d3-8327-d9784116762a
2019-07-13 16:41:29,928 INFO  pipeline.PipelineStateManager (PipelineStateManager.java:addPipeline(56)) - Created pipeline Pipeline[ Id: 4b3029e5-4323-4574-834c-a00358bb57a0, Nodes: 5c4b3584-effb-44d3-8327-d9784116762a{ip: 192.168.5.187, host: trunk-nightly-z92hn-1831959607, networkLocation: /default-rack, certSerialId: null}, Type:RATIS, Factor:ONE, State:OPEN]
2019-07-13 16:41:29,955 INFO  impl.RaftServerProxy (RaftServerProxy.java:addNew(89)) - da606bd7-531d-489c-bb8b-b9683742fb83: addNew group-F650173DA9B6:[da606bd7-531d-489c-bb8b-b9683742fb83:192.168.5.187:41928] returns group-F650173DA9B6:java.util.concurrent.CompletableFuture@2d2853c1[Not completed]
2019-07-13 16:41:29,964 INFO  impl.RaftServerImpl (RaftServerImpl.java:<init>(93)) - da606bd7-531d-489c-bb8b-b9683742fb83: new RaftServerImpl for group-F650173DA9B6:[da606bd7-531d-489c-bb8b-b9683742fb83:192.168.5.187:41928] with ContainerStateMachine:uninitialized
2019-07-13 16:41:29,964 INFO  server.RaftServerConfigKeys (ConfUtils.java:logGet(43)) - raft.server.rpc.timeout.min = 5s (custom)
2019-07-13 16:41:29,965 INFO  server.RaftServerConfigKeys (ConfUtils.java:logGet(43)) - raft.server.rpc.timeout.max = 5200ms (custom)
2019-07-13 16:41:29,965 INFO  server.RaftServerConfigKeys (ConfUtils.java:logGet(43)) - raft.server.rpcslowness.timeout = 120s (custom)
2019-07-13 16:41:29,965 INFO  server.RaftServerConfigKeys (ConfUtils.java:logGet(43)) - raft.server.sleep.deviation.threshold = 300 (default)
2019-07-13 16:41:29,965 INFO  server.RaftServerConfigKeys (ConfUtils.java:logGet(43)) - raft.server.log.appender.install.snapshot.enabled = false (custom)
2019-07-13 16:41:29,965 INFO  impl.RaftServerImpl (ServerState.java:<init>(105)) - da606bd7-531d-489c-bb8b-b9683742fb83:group-F650173DA9B6 ConfigurationManager, init=-1: [da606bd7-531d-489c-bb8b-b9683742fb83:192.168.5.187:41928], old=null, confs=<EMPTY_MAP>
2019-07-13 16:41:29,966 INFO  server.RaftServerConfigKeys (ConfUtils.java:logGet(43)) - raft.server.storage.dir = [/tmp/workdir/hadoop-ozone/integration-test/target/test-dir/MiniOzoneClusterImpl-52b72032-6bad-46f5-98b7-0de9f20c993a/datanode-6/data/ratis] (custom)
2019-07-13 16:41:29,966 INFO  storage.RaftStorageDirectory (RaftStorageDirectory.java:analyzeStorage(246)) - The storage directory /tmp/workdir/hadoop-ozone/integration-test/target/test-dir/MiniOzoneClusterImpl-52b72032-6bad-46f5-98b7-0de9f20c993a/datanode-6/data/ratis/4ff393be-f69f-44af-9661-f650173da9b6 does not exist. Creating ...
2019-07-13 16:41:29,977 INFO  storage.RaftStorageDirectory (RaftStorageDirectory.java:tryLock(328)) - Lock on /tmp/workdir/hadoop-ozone/integration-test/target/test-dir/MiniOzoneClusterImpl-52b72032-6bad-46f5-98b7-0de9f20c993a/datanode-6/data/ratis/4ff393be-f69f-44af-9661-f650173da9b6/in_use.lock acquired by nodename 16938@trunk-nightly-z92hn-1831959607
2019-07-13 16:41:29,991 INFO  storage.RaftStorage (RaftStorage.java:format(72)) - Storage directory /tmp/workdir/hadoop-ozone/integration-test/target/test-dir/MiniOzoneClusterImpl-52b72032-6bad-46f5-98b7-0de9f20c993a/datanode-6/data/ratis/4ff393be-f69f-44af-9661-f650173da9b6 has been successfully formatted.
2019-07-13 16:41:29,991 INFO  ratis.ContainerStateMachine (ContainerStateMachine.java:loadSnapshot(200)) - The snapshot info is null.Setting the last applied index to:(t:0, i:~)
2019-07-13 16:41:29,991 INFO  server.RaftServerConfigKeys (ConfUtils.java:logGet(43)) - raft.server.leader.election.timeout = 120s (custom)
2019-07-13 16:41:29,991 INFO  server.RaftServerConfigKeys (ConfUtils.java:logGet(43)) - raft.server.log.use.memory = false (default)
2019-07-13 16:41:29,992 INFO  server.RaftServerConfigKeys (ConfUtils.java:logGet(43)) - raft.server.log.purge.gap = 1000000000 (custom)
2019-07-13 16:41:29,992 INFO  server.RaftServerConfigKeys (ConfUtils.java:logGet(43)) - raft.server.log.appender.buffer.byte-limit = 33554432 (custom)
2019-07-13 16:41:29,992 INFO  server.RaftServerConfigKeys (ConfUtils.java:logGet(43)) - raft.server.log.segment.size.max = 1048576 (custom)
2019-07-13 16:41:29,992 INFO  server.RaftServerConfigKeys (ConfUtils.java:logGet(43)) - raft.server.log.segment.cache.num.max = 2 (custom)
2019-07-13 16:41:29,992 INFO  segmented.SegmentedRaftLogWorker (SegmentedRaftLogWorker.java:<init>(172)) - new da606bd7-531d-489c-bb8b-b9683742fb83-SegmentedRaftLogWorker:Storage Directory /tmp/workdir/hadoop-ozone/integration-test/target/test-dir/MiniOzoneClusterImpl-52b72032-6bad-46f5-98b7-0de9f20c993a/datanode-6/data/ratis/4ff393be-f69f-44af-9661-f650173da9b6 for RaftStorage:Storage Directory /tmp/workdir/hadoop-ozone/integration-test/target/test-dir/MiniOzoneClusterImpl-52b72032-6bad-46f5-98b7-0de9f20c993a/datanode-6/data/ratis/4ff393be-f69f-44af-9661-f650173da9b6
2019-07-13 16:41:29,993 INFO  server.RaftServerConfigKeys (ConfUtils.java:logGet(43)) - raft.server.log.queue.byte-limit = 2147483647 (custom)
2019-07-13 16:41:29,993 INFO  server.RaftServerConfigKeys (ConfUtils.java:logGet(43)) - raft.server.log.queue.element-limit = 1024 (custom)
2019-07-13 16:41:29,993 INFO  server.RaftServerConfigKeys (ConfUtils.java:logGet(43)) - raft.server.log.segment.size.max = 1048576 (custom)
2019-07-13 16:41:29,993 INFO  server.RaftServerConfigKeys (ConfUtils.java:logGet(43)) - raft.server.log.preallocated.size = 16384 (custom)
2019-07-13 16:41:29,994 INFO  server.RaftServerConfigKeys (ConfUtils.java:logGet(43)) - raft.server.log.write.buffer.size = 33554432 (custom)
2019-07-13 16:41:29,994 INFO  server.RaftServerConfigKeys (ConfUtils.java:logGet(43)) - raft.server.log.force.sync.num = 128 (default)
2019-07-13 16:41:29,994 INFO  server.RaftServerConfigKeys (ConfUtils.java:logGet(43)) - raft.server.log.statemachine.data.sync = true (default)
2019-07-13 16:41:29,994 INFO  server.RaftServerConfigKeys (ConfUtils.java:logGet(43)) - raft.server.log.statemachine.data.sync.timeout = 10s (default)
2019-07-13 16:41:29,995 INFO  server.RaftServerConfigKeys (ConfUtils.java:logGet(43)) - raft.server.log.statemachine.data.sync.timeout.retry = -1 (default)
2019-07-13 16:41:29,995 INFO  server.RaftServerConfigKeys (ConfUtils.java:logGet(43)) - raft.server.log.statemachine.data.caching.enabled = true (custom)
2019-07-13 16:41:29,995 INFO  segmented.SegmentedRaftLogWorker (SegmentedRaftLogWorker.java:lambda$new$0(132)) - da606bd7-531d-489c-bb8b-b9683742fb83-SegmentedRaftLogWorker:Storage Directory /tmp/workdir/hadoop-ozone/integration-test/target/test-dir/MiniOzoneClusterImpl-52b72032-6bad-46f5-98b7-0de9f20c993a/datanode-6/data/ratis/4ff393be-f69f-44af-9661-f650173da9b6: flushIndex: setUnconditionally 0 -> -1
2019-07-13 16:41:29,996 INFO  server.RaftServerConfigKeys (ConfUtils.java:logGet(43)) - raft.server.snapshot.auto.trigger.enabled = true (custom)
2019-07-13 16:41:29,996 INFO  server.RaftServerConfigKeys (ConfUtils.java:logGet(43)) - raft.server.snapshot.auto.trigger.threshold = 10000 (custom)
2019-07-13 16:41:29,996 INFO  server.RaftServerConfigKeys (ConfUtils.java:logGet(43)) - raft.server.retrycache.expirytime = 600000ms (custom)
2019-07-13 16:41:29,997 INFO  impl.RaftServerImpl (RaftServerImpl.java:start(180)) - da606bd7-531d-489c-bb8b-b9683742fb83: start group-F650173DA9B6
2019-07-13 16:41:29,997 INFO  impl.RaftServerImpl (RaftServerImpl.java:setRole(171)) - da606bd7-531d-489c-bb8b-b9683742fb83:group-F650173DA9B6 changes role from null to FOLLOWER at term 0 for startAsFollower
2019-07-13 16:41:29,997 INFO  impl.RoleInfo (RoleInfo.java:updateAndGet(143)) - da606bd7-531d-489c-bb8b-b9683742fb83: start FollowerState
2019-07-13 16:41:29,998 INFO  util.JmxRegister (JmxRegister.java:tryRegister(44)) - Successfully registered JMX Bean with object name Ratis:service=RaftServer,group=group-F650173DA9B6,id=da606bd7-531d-489c-bb8b-b9683742fb83
2019-07-13 16:41:30,013 INFO  pipeline.PipelineStateManager (PipelineStateManager.java:addPipeline(56)) - Created pipeline Pipeline[ Id: 4ff393be-f69f-44af-9661-f650173da9b6, Nodes: da606bd7-531d-489c-bb8b-b9683742fb83{ip: 192.168.5.187, host: trunk-nightly-z92hn-1831959607, networkLocation: /default-rack, certSerialId: null}, Type:RATIS, Factor:ONE, State:OPEN]
2019-07-13 16:41:30,040 INFO  impl.RaftServerProxy (RaftServerProxy.java:addNew(89)) - beb779dd-207a-4c6f-8538-94349668c3a0: addNew group-A82A5398CBD0:[beb779dd-207a-4c6f-8538-94349668c3a0:192.168.5.187:35770] returns group-A82A5398CBD0:java.util.concurrent.CompletableFuture@3949858e[Not completed]
2019-07-13 16:41:30,042 INFO  impl.RaftServerImpl (RaftServerImpl.java:<init>(93)) - beb779dd-207a-4c6f-8538-94349668c3a0: new RaftServerImpl for group-A82A5398CBD0:[beb779dd-207a-4c6f-8538-94349668c3a0:192.168.5.187:35770] with ContainerStateMachine:uninitialized
2019-07-13 16:41:30,042 INFO  server.RaftServerConfigKeys (ConfUtils.java:logGet(43)) - raft.server.rpc.timeout.min = 5s (custom)
2019-07-13 16:41:30,042 INFO  server.RaftServerConfigKeys (ConfUtils.java:logGet(43)) - raft.server.rpc.timeout.max = 5200ms (custom)
2019-07-13 16:41:30,043 INFO  server.RaftServerConfigKeys (ConfUtils.java:logGet(43)) - raft.server.rpcslowness.timeout = 120s (custom)
2019-07-13 16:41:30,043 INFO  server.RaftServerConfigKeys (ConfUtils.java:logGet(43)) - raft.server.sleep.deviation.threshold = 300 (default)
2019-07-13 16:41:30,043 INFO  server.RaftServerConfigKeys (ConfUtils.java:logGet(43)) - raft.server.log.appender.install.snapshot.enabled = false (custom)
2019-07-13 16:41:30,043 INFO  impl.RaftServerImpl (ServerState.java:<init>(105)) - beb779dd-207a-4c6f-8538-94349668c3a0:group-A82A5398CBD0 ConfigurationManager, init=-1: [beb779dd-207a-4c6f-8538-94349668c3a0:192.168.5.187:35770], old=null, confs=<EMPTY_MAP>
2019-07-13 16:41:30,043 INFO  server.RaftServerConfigKeys (ConfUtils.java:logGet(43)) - raft.server.storage.dir = [/tmp/workdir/hadoop-ozone/integration-test/target/test-dir/MiniOzoneClusterImpl-52b72032-6bad-46f5-98b7-0de9f20c993a/datanode-1/data/ratis] (custom)
2019-07-13 16:41:30,044 INFO  storage.RaftStorageDirectory (RaftStorageDirectory.java:analyzeStorage(246)) - The storage directory /tmp/workdir/hadoop-ozone/integration-test/target/test-dir/MiniOzoneClusterImpl-52b72032-6bad-46f5-98b7-0de9f20c993a/datanode-1/data/ratis/101ba559-531b-4fb9-852f-a82a5398cbd0 does not exist. Creating ...
2019-07-13 16:41:30,057 INFO  storage.RaftStorageDirectory (RaftStorageDirectory.java:tryLock(328)) - Lock on /tmp/workdir/hadoop-ozone/integration-test/target/test-dir/MiniOzoneClusterImpl-52b72032-6bad-46f5-98b7-0de9f20c993a/datanode-1/data/ratis/101ba559-531b-4fb9-852f-a82a5398cbd0/in_use.lock acquired by nodename 16938@trunk-nightly-z92hn-1831959607
2019-07-13 16:41:30,070 INFO  storage.RaftStorage (RaftStorage.java:format(72)) - Storage directory /tmp/workdir/hadoop-ozone/integration-test/target/test-dir/MiniOzoneClusterImpl-52b72032-6bad-46f5-98b7-0de9f20c993a/datanode-1/data/ratis/101ba559-531b-4fb9-852f-a82a5398cbd0 has been successfully formatted.
2019-07-13 16:41:30,070 INFO  ratis.ContainerStateMachine (ContainerStateMachine.java:loadSnapshot(200)) - The snapshot info is null.Setting the last applied index to:(t:0, i:~)
2019-07-13 16:41:30,071 INFO  server.RaftServerConfigKeys (ConfUtils.java:logGet(43)) - raft.server.leader.election.timeout = 120s (custom)
2019-07-13 16:41:30,071 INFO  server.RaftServerConfigKeys (ConfUtils.java:logGet(43)) - raft.server.log.use.memory = false (default)
2019-07-13 16:41:30,071 INFO  server.RaftServerConfigKeys (ConfUtils.java:logGet(43)) - raft.server.log.purge.gap = 1000000000 (custom)
2019-07-13 16:41:30,071 INFO  server.RaftServerConfigKeys (ConfUtils.java:logGet(43)) - raft.server.log.appender.buffer.byte-limit = 33554432 (custom)
2019-07-13 16:41:30,071 INFO  server.RaftServerConfigKeys (ConfUtils.java:logGet(43)) - raft.server.log.segment.size.max = 1048576 (custom)
2019-07-13 16:41:30,072 INFO  server.RaftServerConfigKeys (ConfUtils.java:logGet(43)) - raft.server.log.segment.cache.num.max = 2 (custom)
2019-07-13 16:41:30,072 INFO  segmented.SegmentedRaftLogWorker (SegmentedRaftLogWorker.java:<init>(172)) - new beb779dd-207a-4c6f-8538-94349668c3a0-SegmentedRaftLogWorker:Storage Directory /tmp/workdir/hadoop-ozone/integration-test/target/test-dir/MiniOzoneClusterImpl-52b72032-6bad-46f5-98b7-0de9f20c993a/datanode-1/data/ratis/101ba559-531b-4fb9-852f-a82a5398cbd0 for RaftStorage:Storage Directory /tmp/workdir/hadoop-ozone/integration-test/target/test-dir/MiniOzoneClusterImpl-52b72032-6bad-46f5-98b7-0de9f20c993a/datanode-1/data/ratis/101ba559-531b-4fb9-852f-a82a5398cbd0
2019-07-13 16:41:30,072 INFO  server.RaftServerConfigKeys (ConfUtils.java:logGet(43)) - raft.server.log.queue.byte-limit = 2147483647 (custom)
2019-07-13 16:41:30,072 INFO  server.RaftServerConfigKeys (ConfUtils.java:logGet(43)) - raft.server.log.queue.element-limit = 1024 (custom)
2019-07-13 16:41:30,073 INFO  server.RaftServerConfigKeys (ConfUtils.java:logGet(43)) - raft.server.log.segment.size.max = 1048576 (custom)
2019-07-13 16:41:30,073 INFO  server.RaftServerConfigKeys (ConfUtils.java:logGet(43)) - raft.server.log.preallocated.size = 16384 (custom)
2019-07-13 16:41:30,073 INFO  server.RaftServerConfigKeys (ConfUtils.java:logGet(43)) - raft.server.log.write.buffer.size = 33554432 (custom)
2019-07-13 16:41:30,073 INFO  server.RaftServerConfigKeys (ConfUtils.java:logGet(43)) - raft.server.log.force.sync.num = 128 (default)
2019-07-13 16:41:30,073 INFO  server.RaftServerConfigKeys (ConfUtils.java:logGet(43)) - raft.server.log.statemachine.data.sync = true (default)
2019-07-13 16:41:30,074 INFO  server.RaftServerConfigKeys (ConfUtils.java:logGet(43)) - raft.server.log.statemachine.data.sync.timeout = 10s (default)
2019-07-13 16:41:30,074 INFO  server.RaftServerConfigKeys (ConfUtils.java:logGet(43)) - raft.server.log.statemachine.data.sync.timeout.retry = -1 (default)
2019-07-13 16:41:30,074 INFO  server.RaftServerConfigKeys (ConfUtils.java:logGet(43)) - raft.server.log.statemachine.data.caching.enabled = true (custom)
2019-07-13 16:41:30,075 INFO  segmented.SegmentedRaftLogWorker (SegmentedRaftLogWorker.java:lambda$new$0(132)) - beb779dd-207a-4c6f-8538-94349668c3a0-SegmentedRaftLogWorker:Storage Directory /tmp/workdir/hadoop-ozone/integration-test/target/test-dir/MiniOzoneClusterImpl-52b72032-6bad-46f5-98b7-0de9f20c993a/datanode-1/data/ratis/101ba559-531b-4fb9-852f-a82a5398cbd0: flushIndex: setUnconditionally 0 -> -1
2019-07-13 16:41:30,075 INFO  server.RaftServerConfigKeys (ConfUtils.java:logGet(43)) - raft.server.snapshot.auto.trigger.enabled = true (custom)
2019-07-13 16:41:30,075 INFO  server.RaftServerConfigKeys (ConfUtils.java:logGet(43)) - raft.server.snapshot.auto.trigger.threshold = 10000 (custom)
2019-07-13 16:41:30,076 INFO  server.RaftServerConfigKeys (ConfUtils.java:logGet(43)) - raft.server.retrycache.expirytime = 600000ms (custom)
2019-07-13 16:41:30,076 INFO  impl.RaftServerImpl (RaftServerImpl.java:start(180)) - beb779dd-207a-4c6f-8538-94349668c3a0: start group-A82A5398CBD0
2019-07-13 16:41:30,076 INFO  impl.RaftServerImpl (RaftServerImpl.java:setRole(171)) - beb779dd-207a-4c6f-8538-94349668c3a0:group-A82A5398CBD0 changes role from null to FOLLOWER at term 0 for startAsFollower
2019-07-13 16:41:30,076 INFO  impl.RoleInfo (RoleInfo.java:updateAndGet(143)) - beb779dd-207a-4c6f-8538-94349668c3a0: start FollowerState
2019-07-13 16:41:30,077 INFO  util.JmxRegister (JmxRegister.java:tryRegister(44)) - Successfully registered JMX Bean with object name Ratis:service=RaftServer,group=group-A82A5398CBD0,id=beb779dd-207a-4c6f-8538-94349668c3a0
2019-07-13 16:41:30,091 INFO  pipeline.PipelineStateManager (PipelineStateManager.java:addPipeline(56)) - Created pipeline Pipeline[ Id: 101ba559-531b-4fb9-852f-a82a5398cbd0, Nodes: beb779dd-207a-4c6f-8538-94349668c3a0{ip: 192.168.5.187, host: trunk-nightly-z92hn-1831959607, networkLocation: /default-rack, certSerialId: null}, Type:RATIS, Factor:ONE, State:OPEN]
2019-07-13 16:41:30,118 INFO  impl.RaftServerProxy (RaftServerProxy.java:addNew(89)) - 745b003a-3ebb-4019-a00c-319ed3f4c999: addNew group-3B1195EA7CE3:[745b003a-3ebb-4019-a00c-319ed3f4c999:192.168.5.187:44555] returns group-3B1195EA7CE3:java.util.concurrent.CompletableFuture@4b724186[Not completed]
2019-07-13 16:41:30,119 INFO  impl.RaftServerImpl (RaftServerImpl.java:<init>(93)) - 745b003a-3ebb-4019-a00c-319ed3f4c999: new RaftServerImpl for group-3B1195EA7CE3:[745b003a-3ebb-4019-a00c-319ed3f4c999:192.168.5.187:44555] with ContainerStateMachine:uninitialized
2019-07-13 16:41:30,120 INFO  server.RaftServerConfigKeys (ConfUtils.java:logGet(43)) - raft.server.rpc.timeout.min = 5s (custom)
2019-07-13 16:41:30,120 INFO  server.RaftServerConfigKeys (ConfUtils.java:logGet(43)) - raft.server.rpc.timeout.max = 5200ms (custom)
2019-07-13 16:41:30,120 INFO  server.RaftServerConfigKeys (ConfUtils.java:logGet(43)) - raft.server.rpcslowness.timeout = 120s (custom)
2019-07-13 16:41:30,120 INFO  server.RaftServerConfigKeys (ConfUtils.java:logGet(43)) - raft.server.sleep.deviation.threshold = 300 (default)
2019-07-13 16:41:30,121 INFO  server.RaftServerConfigKeys (ConfUtils.java:logGet(43)) - raft.server.log.appender.install.snapshot.enabled = false (custom)
2019-07-13 16:41:30,121 INFO  impl.RaftServerImpl (ServerState.java:<init>(105)) - 745b003a-3ebb-4019-a00c-319ed3f4c999:group-3B1195EA7CE3 ConfigurationManager, init=-1: [745b003a-3ebb-4019-a00c-319ed3f4c999:192.168.5.187:44555], old=null, confs=<EMPTY_MAP>
2019-07-13 16:41:30,121 INFO  server.RaftServerConfigKeys (ConfUtils.java:logGet(43)) - raft.server.storage.dir = [/tmp/workdir/hadoop-ozone/integration-test/target/test-dir/MiniOzoneClusterImpl-52b72032-6bad-46f5-98b7-0de9f20c993a/datanode-5/data/ratis] (custom)
2019-07-13 16:41:30,122 INFO  storage.RaftStorageDirectory (RaftStorageDirectory.java:analyzeStorage(246)) - The storage directory /tmp/workdir/hadoop-ozone/integration-test/target/test-dir/MiniOzoneClusterImpl-52b72032-6bad-46f5-98b7-0de9f20c993a/datanode-5/data/ratis/13d8fbdb-046e-42f7-9ea5-3b1195ea7ce3 does not exist. Creating ...
2019-07-13 16:41:30,135 INFO  storage.RaftStorageDirectory (RaftStorageDirectory.java:tryLock(328)) - Lock on /tmp/workdir/hadoop-ozone/integration-test/target/test-dir/MiniOzoneClusterImpl-52b72032-6bad-46f5-98b7-0de9f20c993a/datanode-5/data/ratis/13d8fbdb-046e-42f7-9ea5-3b1195ea7ce3/in_use.lock acquired by nodename 16938@trunk-nightly-z92hn-1831959607
2019-07-13 16:41:30,150 INFO  storage.RaftStorage (RaftStorage.java:format(72)) - Storage directory /tmp/workdir/hadoop-ozone/integration-test/target/test-dir/MiniOzoneClusterImpl-52b72032-6bad-46f5-98b7-0de9f20c993a/datanode-5/data/ratis/13d8fbdb-046e-42f7-9ea5-3b1195ea7ce3 has been successfully formatted.
2019-07-13 16:41:30,150 INFO  ratis.ContainerStateMachine (ContainerStateMachine.java:loadSnapshot(200)) - The snapshot info is null.Setting the last applied index to:(t:0, i:~)
2019-07-13 16:41:30,151 INFO  server.RaftServerConfigKeys (ConfUtils.java:logGet(43)) - raft.server.leader.election.timeout = 120s (custom)
2019-07-13 16:41:30,151 INFO  server.RaftServerConfigKeys (ConfUtils.java:logGet(43)) - raft.server.log.use.memory = false (default)
2019-07-13 16:41:30,151 INFO  server.RaftServerConfigKeys (ConfUtils.java:logGet(43)) - raft.server.log.purge.gap = 1000000000 (custom)
2019-07-13 16:41:30,151 INFO  server.RaftServerConfigKeys (ConfUtils.java:logGet(43)) - raft.server.log.appender.buffer.byte-limit = 33554432 (custom)
2019-07-13 16:41:30,152 INFO  server.RaftServerConfigKeys (ConfUtils.java:logGet(43)) - raft.server.log.segment.size.max = 1048576 (custom)
2019-07-13 16:41:30,152 INFO  server.RaftServerConfigKeys (ConfUtils.java:logGet(43)) - raft.server.log.segment.cache.num.max = 2 (custom)
2019-07-13 16:41:30,152 INFO  segmented.SegmentedRaftLogWorker (SegmentedRaftLogWorker.java:<init>(172)) - new 745b003a-3ebb-4019-a00c-319ed3f4c999-SegmentedRaftLogWorker:Storage Directory /tmp/workdir/hadoop-ozone/integration-test/target/test-dir/MiniOzoneClusterImpl-52b72032-6bad-46f5-98b7-0de9f20c993a/datanode-5/data/ratis/13d8fbdb-046e-42f7-9ea5-3b1195ea7ce3 for RaftStorage:Storage Directory /tmp/workdir/hadoop-ozone/integration-test/target/test-dir/MiniOzoneClusterImpl-52b72032-6bad-46f5-98b7-0de9f20c993a/datanode-5/data/ratis/13d8fbdb-046e-42f7-9ea5-3b1195ea7ce3
2019-07-13 16:41:30,152 INFO  server.RaftServerConfigKeys (ConfUtils.java:logGet(43)) - raft.server.log.queue.byte-limit = 2147483647 (custom)
2019-07-13 16:41:30,153 INFO  server.RaftServerConfigKeys (ConfUtils.java:logGet(43)) - raft.server.log.queue.element-limit = 1024 (custom)
2019-07-13 16:41:30,153 INFO  server.RaftServerConfigKeys (ConfUtils.java:logGet(43)) - raft.server.log.segment.size.max = 1048576 (custom)
2019-07-13 16:41:30,153 INFO  server.RaftServerConfigKeys (ConfUtils.java:logGet(43)) - raft.server.log.preallocated.size = 16384 (custom)
2019-07-13 16:41:30,153 INFO  server.RaftServerConfigKeys (ConfUtils.java:logGet(43)) - raft.server.log.write.buffer.size = 33554432 (custom)
2019-07-13 16:41:30,154 INFO  server.RaftServerConfigKeys (ConfUtils.java:logGet(43)) - raft.server.log.force.sync.num = 128 (default)
2019-07-13 16:41:30,154 INFO  server.RaftServerConfigKeys (ConfUtils.java:logGet(43)) - raft.server.log.statemachine.data.sync = true (default)
2019-07-13 16:41:30,154 INFO  server.RaftServerConfigKeys (ConfUtils.java:logGet(43)) - raft.server.log.statemachine.data.sync.timeout = 10s (default)
2019-07-13 16:41:30,154 INFO  server.RaftServerConfigKeys (ConfUtils.java:logGet(43)) - raft.server.log.statemachine.data.sync.timeout.retry = -1 (default)
2019-07-13 16:41:30,155 INFO  server.RaftServerConfigKeys (ConfUtils.java:logGet(43)) - raft.server.log.statemachine.data.caching.enabled = true (custom)
2019-07-13 16:41:30,155 INFO  segmented.SegmentedRaftLogWorker (SegmentedRaftLogWorker.java:lambda$new$0(132)) - 745b003a-3ebb-4019-a00c-319ed3f4c999-SegmentedRaftLogWorker:Storage Directory /tmp/workdir/hadoop-ozone/integration-test/target/test-dir/MiniOzoneClusterImpl-52b72032-6bad-46f5-98b7-0de9f20c993a/datanode-5/data/ratis/13d8fbdb-046e-42f7-9ea5-3b1195ea7ce3: flushIndex: setUnconditionally 0 -> -1
2019-07-13 16:41:30,156 INFO  server.RaftServerConfigKeys (ConfUtils.java:logGet(43)) - raft.server.snapshot.auto.trigger.enabled = true (custom)
2019-07-13 16:41:30,156 INFO  server.RaftServerConfigKeys (ConfUtils.java:logGet(43)) - raft.server.snapshot.auto.trigger.threshold = 10000 (custom)
2019-07-13 16:41:30,156 INFO  server.RaftServerConfigKeys (ConfUtils.java:logGet(43)) - raft.server.retrycache.expirytime = 600000ms (custom)
2019-07-13 16:41:30,156 INFO  impl.RaftServerImpl (RaftServerImpl.java:start(180)) - 745b003a-3ebb-4019-a00c-319ed3f4c999: start group-3B1195EA7CE3
2019-07-13 16:41:30,157 INFO  impl.RaftServerImpl (RaftServerImpl.java:setRole(171)) - 745b003a-3ebb-4019-a00c-319ed3f4c999:group-3B1195EA7CE3 changes role from null to FOLLOWER at term 0 for startAsFollower
2019-07-13 16:41:30,157 INFO  impl.RoleInfo (RoleInfo.java:updateAndGet(143)) - 745b003a-3ebb-4019-a00c-319ed3f4c999: start FollowerState
2019-07-13 16:41:30,157 INFO  util.JmxRegister (JmxRegister.java:tryRegister(44)) - Successfully registered JMX Bean with object name Ratis:service=RaftServer,group=group-3B1195EA7CE3,id=745b003a-3ebb-4019-a00c-319ed3f4c999
2019-07-13 16:41:30,173 INFO  pipeline.PipelineStateManager (PipelineStateManager.java:addPipeline(56)) - Created pipeline Pipeline[ Id: 13d8fbdb-046e-42f7-9ea5-3b1195ea7ce3, Nodes: 745b003a-3ebb-4019-a00c-319ed3f4c999{ip: 192.168.5.187, host: trunk-nightly-z92hn-1831959607, networkLocation: /default-rack, certSerialId: null}, Type:RATIS, Factor:ONE, State:OPEN]
2019-07-13 16:41:30,204 INFO  impl.RaftServerProxy (RaftServerProxy.java:addNew(89)) - 2a0497c4-1b57-4b63-a042-6a5a3b631162: addNew group-D298C505D1A8:[2a0497c4-1b57-4b63-a042-6a5a3b631162:192.168.5.187:42830] returns group-D298C505D1A8:java.util.concurrent.CompletableFuture@631ccbc0[Not completed]
2019-07-13 16:41:30,206 INFO  impl.RaftServerImpl (RaftServerImpl.java:<init>(93)) - 2a0497c4-1b57-4b63-a042-6a5a3b631162: new RaftServerImpl for group-D298C505D1A8:[2a0497c4-1b57-4b63-a042-6a5a3b631162:192.168.5.187:42830] with ContainerStateMachine:uninitialized
2019-07-13 16:41:30,206 INFO  server.RaftServerConfigKeys (ConfUtils.java:logGet(43)) - raft.server.rpc.timeout.min = 5s (custom)
2019-07-13 16:41:30,206 INFO  server.RaftServerConfigKeys (ConfUtils.java:logGet(43)) - raft.server.rpc.timeout.max = 5200ms (custom)
2019-07-13 16:41:30,206 INFO  server.RaftServerConfigKeys (ConfUtils.java:logGet(43)) - raft.server.rpcslowness.timeout = 120s (custom)
2019-07-13 16:41:30,207 INFO  server.RaftServerConfigKeys (ConfUtils.java:logGet(43)) - raft.server.sleep.deviation.threshold = 300 (default)
2019-07-13 16:41:30,207 INFO  server.RaftServerConfigKeys (ConfUtils.java:logGet(43)) - raft.server.log.appender.install.snapshot.enabled = false (custom)
2019-07-13 16:41:30,207 INFO  impl.RaftServerImpl (ServerState.java:<init>(105)) - 2a0497c4-1b57-4b63-a042-6a5a3b631162:group-D298C505D1A8 ConfigurationManager, init=-1: [2a0497c4-1b57-4b63-a042-6a5a3b631162:192.168.5.187:42830], old=null, confs=<EMPTY_MAP>
2019-07-13 16:41:30,207 INFO  server.RaftServerConfigKeys (ConfUtils.java:logGet(43)) - raft.server.storage.dir = [/tmp/workdir/hadoop-ozone/integration-test/target/test-dir/MiniOzoneClusterImpl-52b72032-6bad-46f5-98b7-0de9f20c993a/datanode-3/data/ratis] (custom)
2019-07-13 16:41:30,208 INFO  storage.RaftStorageDirectory (RaftStorageDirectory.java:analyzeStorage(246)) - The storage directory /tmp/workdir/hadoop-ozone/integration-test/target/test-dir/MiniOzoneClusterImpl-52b72032-6bad-46f5-98b7-0de9f20c993a/datanode-3/data/ratis/a3f9ea1c-0bd0-436a-89a5-d298c505d1a8 does not exist. Creating ...
2019-07-13 16:41:30,219 INFO  storage.RaftStorageDirectory (RaftStorageDirectory.java:tryLock(328)) - Lock on /tmp/workdir/hadoop-ozone/integration-test/target/test-dir/MiniOzoneClusterImpl-52b72032-6bad-46f5-98b7-0de9f20c993a/datanode-3/data/ratis/a3f9ea1c-0bd0-436a-89a5-d298c505d1a8/in_use.lock acquired by nodename 16938@trunk-nightly-z92hn-1831959607
2019-07-13 16:41:30,222 INFO  storage.RaftStorage (RaftStorage.java:format(72)) - Storage directory /tmp/workdir/hadoop-ozone/integration-test/target/test-dir/MiniOzoneClusterImpl-52b72032-6bad-46f5-98b7-0de9f20c993a/datanode-3/data/ratis/a3f9ea1c-0bd0-436a-89a5-d298c505d1a8 has been successfully formatted.
2019-07-13 16:41:30,222 INFO  ratis.ContainerStateMachine (ContainerStateMachine.java:loadSnapshot(200)) - The snapshot info is null.Setting the last applied index to:(t:0, i:~)
2019-07-13 16:41:30,223 INFO  server.RaftServerConfigKeys (ConfUtils.java:logGet(43)) - raft.server.leader.election.timeout = 120s (custom)
2019-07-13 16:41:30,223 INFO  server.RaftServerConfigKeys (ConfUtils.java:logGet(43)) - raft.server.log.use.memory = false (default)
2019-07-13 16:41:30,223 INFO  server.RaftServerConfigKeys (ConfUtils.java:logGet(43)) - raft.server.log.purge.gap = 1000000000 (custom)
2019-07-13 16:41:30,223 INFO  server.RaftServerConfigKeys (ConfUtils.java:logGet(43)) - raft.server.log.appender.buffer.byte-limit = 33554432 (custom)
2019-07-13 16:41:30,223 INFO  server.RaftServerConfigKeys (ConfUtils.java:logGet(43)) - raft.server.log.segment.size.max = 1048576 (custom)
2019-07-13 16:41:30,224 INFO  server.RaftServerConfigKeys (ConfUtils.java:logGet(43)) - raft.server.log.segment.cache.num.max = 2 (custom)
2019-07-13 16:41:30,224 INFO  segmented.SegmentedRaftLogWorker (SegmentedRaftLogWorker.java:<init>(172)) - new 2a0497c4-1b57-4b63-a042-6a5a3b631162-SegmentedRaftLogWorker:Storage Directory /tmp/workdir/hadoop-ozone/integration-test/target/test-dir/MiniOzoneClusterImpl-52b72032-6bad-46f5-98b7-0de9f20c993a/datanode-3/data/ratis/a3f9ea1c-0bd0-436a-89a5-d298c505d1a8 for RaftStorage:Storage Directory /tmp/workdir/hadoop-ozone/integration-test/target/test-dir/MiniOzoneClusterImpl-52b72032-6bad-46f5-98b7-0de9f20c993a/datanode-3/data/ratis/a3f9ea1c-0bd0-436a-89a5-d298c505d1a8
2019-07-13 16:41:30,224 INFO  server.RaftServerConfigKeys (ConfUtils.java:logGet(43)) - raft.server.log.queue.byte-limit = 2147483647 (custom)
2019-07-13 16:41:30,224 INFO  server.RaftServerConfigKeys (ConfUtils.java:logGet(43)) - raft.server.log.queue.element-limit = 1024 (custom)
2019-07-13 16:41:30,225 INFO  server.RaftServerConfigKeys (ConfUtils.java:logGet(43)) - raft.server.log.segment.size.max = 1048576 (custom)
2019-07-13 16:41:30,225 INFO  server.RaftServerConfigKeys (ConfUtils.java:logGet(43)) - raft.server.log.preallocated.size = 16384 (custom)
2019-07-13 16:41:30,225 INFO  server.RaftServerConfigKeys (ConfUtils.java:logGet(43)) - raft.server.log.write.buffer.size = 33554432 (custom)
2019-07-13 16:41:30,225 INFO  server.RaftServerConfigKeys (ConfUtils.java:logGet(43)) - raft.server.log.force.sync.num = 128 (default)
2019-07-13 16:41:30,225 INFO  server.RaftServerConfigKeys (ConfUtils.java:logGet(43)) - raft.server.log.statemachine.data.sync = true (default)
2019-07-13 16:41:30,226 INFO  server.RaftServerConfigKeys (ConfUtils.java:logGet(43)) - raft.server.log.statemachine.data.sync.timeout = 10s (default)
2019-07-13 16:41:30,226 INFO  server.RaftServerConfigKeys (ConfUtils.java:logGet(43)) - raft.server.log.statemachine.data.sync.timeout.retry = -1 (default)
2019-07-13 16:41:30,226 INFO  server.RaftServerConfigKeys (ConfUtils.java:logGet(43)) - raft.server.log.statemachine.data.caching.enabled = true (custom)
2019-07-13 16:41:30,227 INFO  segmented.SegmentedRaftLogWorker (SegmentedRaftLogWorker.java:lambda$new$0(132)) - 2a0497c4-1b57-4b63-a042-6a5a3b631162-SegmentedRaftLogWorker:Storage Directory /tmp/workdir/hadoop-ozone/integration-test/target/test-dir/MiniOzoneClusterImpl-52b72032-6bad-46f5-98b7-0de9f20c993a/datanode-3/data/ratis/a3f9ea1c-0bd0-436a-89a5-d298c505d1a8: flushIndex: setUnconditionally 0 -> -1
2019-07-13 16:41:30,227 INFO  server.RaftServerConfigKeys (ConfUtils.java:logGet(43)) - raft.server.snapshot.auto.trigger.enabled = true (custom)
2019-07-13 16:41:30,227 INFO  server.RaftServerConfigKeys (ConfUtils.java:logGet(43)) - raft.server.snapshot.auto.trigger.threshold = 10000 (custom)
2019-07-13 16:41:30,228 INFO  server.RaftServerConfigKeys (ConfUtils.java:logGet(43)) - raft.server.retrycache.expirytime = 600000ms (custom)
2019-07-13 16:41:30,228 INFO  impl.RaftServerImpl (RaftServerImpl.java:start(180)) - 2a0497c4-1b57-4b63-a042-6a5a3b631162: start group-D298C505D1A8
2019-07-13 16:41:30,228 INFO  impl.RaftServerImpl (RaftServerImpl.java:setRole(171)) - 2a0497c4-1b57-4b63-a042-6a5a3b631162:group-D298C505D1A8 changes role from null to FOLLOWER at term 0 for startAsFollower
2019-07-13 16:41:30,228 INFO  impl.RoleInfo (RoleInfo.java:updateAndGet(143)) - 2a0497c4-1b57-4b63-a042-6a5a3b631162: start FollowerState
2019-07-13 16:41:30,229 INFO  util.JmxRegister (JmxRegister.java:tryRegister(44)) - Successfully registered JMX Bean with object name Ratis:service=RaftServer,group=group-D298C505D1A8,id=2a0497c4-1b57-4b63-a042-6a5a3b631162
2019-07-13 16:41:30,241 INFO  pipeline.PipelineStateManager (PipelineStateManager.java:addPipeline(56)) - Created pipeline Pipeline[ Id: a3f9ea1c-0bd0-436a-89a5-d298c505d1a8, Nodes: 2a0497c4-1b57-4b63-a042-6a5a3b631162{ip: 192.168.5.187, host: trunk-nightly-z92hn-1831959607, networkLocation: /default-rack, certSerialId: null}, Type:RATIS, Factor:ONE, State:OPEN]
2019-07-13 16:41:30,260 INFO  impl.RaftServerProxy (RaftServerProxy.java:addNew(89)) - 688e33e1-d774-473c-93c0-7e143ed71a4a: addNew group-EE6B71916226:[688e33e1-d774-473c-93c0-7e143ed71a4a:192.168.5.187:34991] returns group-EE6B71916226:java.util.concurrent.CompletableFuture@cfae3fa[Not completed]
2019-07-13 16:41:30,261 INFO  impl.RaftServerImpl (RaftServerImpl.java:<init>(93)) - 688e33e1-d774-473c-93c0-7e143ed71a4a: new RaftServerImpl for group-EE6B71916226:[688e33e1-d774-473c-93c0-7e143ed71a4a:192.168.5.187:34991] with ContainerStateMachine:uninitialized
2019-07-13 16:41:30,261 INFO  server.RaftServerConfigKeys (ConfUtils.java:logGet(43)) - raft.server.rpc.timeout.min = 5s (custom)
2019-07-13 16:41:30,262 INFO  server.RaftServerConfigKeys (ConfUtils.java:logGet(43)) - raft.server.rpc.timeout.max = 5200ms (custom)
2019-07-13 16:41:30,262 INFO  server.RaftServerConfigKeys (ConfUtils.java:logGet(43)) - raft.server.rpcslowness.timeout = 120s (custom)
2019-07-13 16:41:30,262 INFO  server.RaftServerConfigKeys (ConfUtils.java:logGet(43)) - raft.server.sleep.deviation.threshold = 300 (default)
2019-07-13 16:41:30,262 INFO  server.RaftServerConfigKeys (ConfUtils.java:logGet(43)) - raft.server.log.appender.install.snapshot.enabled = false (custom)
2019-07-13 16:41:30,262 INFO  impl.RaftServerImpl (ServerState.java:<init>(105)) - 688e33e1-d774-473c-93c0-7e143ed71a4a:group-EE6B71916226 ConfigurationManager, init=-1: [688e33e1-d774-473c-93c0-7e143ed71a4a:192.168.5.187:34991], old=null, confs=<EMPTY_MAP>
2019-07-13 16:41:30,263 INFO  server.RaftServerConfigKeys (ConfUtils.java:logGet(43)) - raft.server.storage.dir = [/tmp/workdir/hadoop-ozone/integration-test/target/test-dir/MiniOzoneClusterImpl-52b72032-6bad-46f5-98b7-0de9f20c993a/datanode-4/data/ratis] (custom)
2019-07-13 16:41:30,263 INFO  storage.RaftStorageDirectory (RaftStorageDirectory.java:analyzeStorage(246)) - The storage directory /tmp/workdir/hadoop-ozone/integration-test/target/test-dir/MiniOzoneClusterImpl-52b72032-6bad-46f5-98b7-0de9f20c993a/datanode-4/data/ratis/c740ec34-ab12-421e-a050-ee6b71916226 does not exist. Creating ...
2019-07-13 16:41:30,275 INFO  storage.RaftStorageDirectory (RaftStorageDirectory.java:tryLock(328)) - Lock on /tmp/workdir/hadoop-ozone/integration-test/target/test-dir/MiniOzoneClusterImpl-52b72032-6bad-46f5-98b7-0de9f20c993a/datanode-4/data/ratis/c740ec34-ab12-421e-a050-ee6b71916226/in_use.lock acquired by nodename 16938@trunk-nightly-z92hn-1831959607
2019-07-13 16:41:30,286 INFO  storage.RaftStorage (RaftStorage.java:format(72)) - Storage directory /tmp/workdir/hadoop-ozone/integration-test/target/test-dir/MiniOzoneClusterImpl-52b72032-6bad-46f5-98b7-0de9f20c993a/datanode-4/data/ratis/c740ec34-ab12-421e-a050-ee6b71916226 has been successfully formatted.
2019-07-13 16:41:30,286 INFO  ratis.ContainerStateMachine (ContainerStateMachine.java:loadSnapshot(200)) - The snapshot info is null.Setting the last applied index to:(t:0, i:~)
2019-07-13 16:41:30,286 INFO  server.RaftServerConfigKeys (ConfUtils.java:logGet(43)) - raft.server.leader.election.timeout = 120s (custom)
2019-07-13 16:41:30,287 INFO  server.RaftServerConfigKeys (ConfUtils.java:logGet(43)) - raft.server.log.use.memory = false (default)
2019-07-13 16:41:30,287 INFO  server.RaftServerConfigKeys (ConfUtils.java:logGet(43)) - raft.server.log.purge.gap = 1000000000 (custom)
2019-07-13 16:41:30,287 INFO  server.RaftServerConfigKeys (ConfUtils.java:logGet(43)) - raft.server.log.appender.buffer.byte-limit = 33554432 (custom)
2019-07-13 16:41:30,287 INFO  server.RaftServerConfigKeys (ConfUtils.java:logGet(43)) - raft.server.log.segment.size.max = 1048576 (custom)
2019-07-13 16:41:30,287 INFO  server.RaftServerConfigKeys (ConfUtils.java:logGet(43)) - raft.server.log.segment.cache.num.max = 2 (custom)
2019-07-13 16:41:30,288 INFO  segmented.SegmentedRaftLogWorker (SegmentedRaftLogWorker.java:<init>(172)) - new 688e33e1-d774-473c-93c0-7e143ed71a4a-SegmentedRaftLogWorker:Storage Directory /tmp/workdir/hadoop-ozone/integration-test/target/test-dir/MiniOzoneClusterImpl-52b72032-6bad-46f5-98b7-0de9f20c993a/datanode-4/data/ratis/c740ec34-ab12-421e-a050-ee6b71916226 for RaftStorage:Storage Directory /tmp/workdir/hadoop-ozone/integration-test/target/test-dir/MiniOzoneClusterImpl-52b72032-6bad-46f5-98b7-0de9f20c993a/datanode-4/data/ratis/c740ec34-ab12-421e-a050-ee6b71916226
2019-07-13 16:41:30,288 INFO  server.RaftServerConfigKeys (ConfUtils.java:logGet(43)) - raft.server.log.queue.byte-limit = 2147483647 (custom)
2019-07-13 16:41:30,288 INFO  server.RaftServerConfigKeys (ConfUtils.java:logGet(43)) - raft.server.log.queue.element-limit = 1024 (custom)
2019-07-13 16:41:30,288 INFO  server.RaftServerConfigKeys (ConfUtils.java:logGet(43)) - raft.server.log.segment.size.max = 1048576 (custom)
2019-07-13 16:41:30,288 INFO  server.RaftServerConfigKeys (ConfUtils.java:logGet(43)) - raft.server.log.preallocated.size = 16384 (custom)
2019-07-13 16:41:30,289 INFO  server.RaftServerConfigKeys (ConfUtils.java:logGet(43)) - raft.server.log.write.buffer.size = 33554432 (custom)
2019-07-13 16:41:30,289 INFO  server.RaftServerConfigKeys (ConfUtils.java:logGet(43)) - raft.server.log.force.sync.num = 128 (default)
2019-07-13 16:41:30,289 INFO  server.RaftServerConfigKeys (ConfUtils.java:logGet(43)) - raft.server.log.statemachine.data.sync = true (default)
2019-07-13 16:41:30,289 INFO  server.RaftServerConfigKeys (ConfUtils.java:logGet(43)) - raft.server.log.statemachine.data.sync.timeout = 10s (default)
2019-07-13 16:41:30,289 INFO  server.RaftServerConfigKeys (ConfUtils.java:logGet(43)) - raft.server.log.statemachine.data.sync.timeout.retry = -1 (default)
2019-07-13 16:41:30,290 INFO  server.RaftServerConfigKeys (ConfUtils.java:logGet(43)) - raft.server.log.statemachine.data.caching.enabled = true (custom)
2019-07-13 16:41:30,290 INFO  segmented.SegmentedRaftLogWorker (SegmentedRaftLogWorker.java:lambda$new$0(132)) - 688e33e1-d774-473c-93c0-7e143ed71a4a-SegmentedRaftLogWorker:Storage Directory /tmp/workdir/hadoop-ozone/integration-test/target/test-dir/MiniOzoneClusterImpl-52b72032-6bad-46f5-98b7-0de9f20c993a/datanode-4/data/ratis/c740ec34-ab12-421e-a050-ee6b71916226: flushIndex: setUnconditionally 0 -> -1
2019-07-13 16:41:30,291 INFO  server.RaftServerConfigKeys (ConfUtils.java:logGet(43)) - raft.server.snapshot.auto.trigger.enabled = true (custom)
2019-07-13 16:41:30,291 INFO  server.RaftServerConfigKeys (ConfUtils.java:logGet(43)) - raft.server.snapshot.auto.trigger.threshold = 10000 (custom)
2019-07-13 16:41:30,291 INFO  server.RaftServerConfigKeys (ConfUtils.java:logGet(43)) - raft.server.retrycache.expirytime = 600000ms (custom)
2019-07-13 16:41:30,291 INFO  impl.RaftServerImpl (RaftServerImpl.java:start(180)) - 688e33e1-d774-473c-93c0-7e143ed71a4a: start group-EE6B71916226
2019-07-13 16:41:30,292 INFO  impl.RaftServerImpl (RaftServerImpl.java:setRole(171)) - 688e33e1-d774-473c-93c0-7e143ed71a4a:group-EE6B71916226 changes role from null to FOLLOWER at term 0 for startAsFollower
2019-07-13 16:41:30,292 INFO  impl.RoleInfo (RoleInfo.java:updateAndGet(143)) - 688e33e1-d774-473c-93c0-7e143ed71a4a: start FollowerState
2019-07-13 16:41:30,292 INFO  util.JmxRegister (JmxRegister.java:tryRegister(44)) - Successfully registered JMX Bean with object name Ratis:service=RaftServer,group=group-EE6B71916226,id=688e33e1-d774-473c-93c0-7e143ed71a4a
2019-07-13 16:41:30,312 INFO  pipeline.PipelineStateManager (PipelineStateManager.java:addPipeline(56)) - Created pipeline Pipeline[ Id: c740ec34-ab12-421e-a050-ee6b71916226, Nodes: 688e33e1-d774-473c-93c0-7e143ed71a4a{ip: 192.168.5.187, host: trunk-nightly-z92hn-1831959607, networkLocation: /default-rack, certSerialId: null}, Type:RATIS, Factor:ONE, State:OPEN]
2019-07-13 16:41:30,351 INFO  impl.RaftServerProxy (RaftServerProxy.java:addNew(89)) - d50a308c-76b6-4352-b87a-c86c145fdca9: addNew group-B74C505FF1A8:[5c4b3584-effb-44d3-8327-d9784116762a:192.168.5.187:40267, d50a308c-76b6-4352-b87a-c86c145fdca9:192.168.5.187:45324, da606bd7-531d-489c-bb8b-b9683742fb83:192.168.5.187:41928] returns group-B74C505FF1A8:java.util.concurrent.CompletableFuture@18128158[Not completed]
2019-07-13 16:41:30,352 INFO  impl.RaftServerProxy (RaftServerProxy.java:addNew(89)) - da606bd7-531d-489c-bb8b-b9683742fb83: addNew group-B74C505FF1A8:[5c4b3584-effb-44d3-8327-d9784116762a:192.168.5.187:40267, d50a308c-76b6-4352-b87a-c86c145fdca9:192.168.5.187:45324, da606bd7-531d-489c-bb8b-b9683742fb83:192.168.5.187:41928] returns group-B74C505FF1A8:java.util.concurrent.CompletableFuture@403a6b92[Not completed]
2019-07-13 16:41:30,353 INFO  impl.RaftServerImpl (RaftServerImpl.java:<init>(93)) - d50a308c-76b6-4352-b87a-c86c145fdca9: new RaftServerImpl for group-B74C505FF1A8:[5c4b3584-effb-44d3-8327-d9784116762a:192.168.5.187:40267, d50a308c-76b6-4352-b87a-c86c145fdca9:192.168.5.187:45324, da606bd7-531d-489c-bb8b-b9683742fb83:192.168.5.187:41928] with ContainerStateMachine:uninitialized
2019-07-13 16:41:30,353 INFO  server.RaftServerConfigKeys (ConfUtils.java:logGet(43)) - raft.server.rpc.timeout.min = 5s (custom)
2019-07-13 16:41:30,353 INFO  server.RaftServerConfigKeys (ConfUtils.java:logGet(43)) - raft.server.rpc.timeout.max = 5200ms (custom)
2019-07-13 16:41:30,354 INFO  server.RaftServerConfigKeys (ConfUtils.java:logGet(43)) - raft.server.rpcslowness.timeout = 120s (custom)
2019-07-13 16:41:30,354 INFO  server.RaftServerConfigKeys (ConfUtils.java:logGet(43)) - raft.server.sleep.deviation.threshold = 300 (default)
2019-07-13 16:41:30,354 INFO  server.RaftServerConfigKeys (ConfUtils.java:logGet(43)) - raft.server.log.appender.install.snapshot.enabled = false (custom)
2019-07-13 16:41:30,354 INFO  impl.RaftServerImpl (ServerState.java:<init>(105)) - d50a308c-76b6-4352-b87a-c86c145fdca9:group-B74C505FF1A8 ConfigurationManager, init=-1: [5c4b3584-effb-44d3-8327-d9784116762a:192.168.5.187:40267, d50a308c-76b6-4352-b87a-c86c145fdca9:192.168.5.187:45324, da606bd7-531d-489c-bb8b-b9683742fb83:192.168.5.187:41928], old=null, confs=<EMPTY_MAP>
2019-07-13 16:41:30,354 INFO  impl.RaftServerImpl (RaftServerImpl.java:<init>(93)) - da606bd7-531d-489c-bb8b-b9683742fb83: new RaftServerImpl for group-B74C505FF1A8:[5c4b3584-effb-44d3-8327-d9784116762a:192.168.5.187:40267, d50a308c-76b6-4352-b87a-c86c145fdca9:192.168.5.187:45324, da606bd7-531d-489c-bb8b-b9683742fb83:192.168.5.187:41928] with ContainerStateMachine:uninitialized
2019-07-13 16:41:30,354 INFO  server.RaftServerConfigKeys (ConfUtils.java:logGet(43)) - raft.server.storage.dir = [/tmp/workdir/hadoop-ozone/integration-test/target/test-dir/MiniOzoneClusterImpl-52b72032-6bad-46f5-98b7-0de9f20c993a/datanode-0/data/ratis] (custom)
2019-07-13 16:41:30,356 INFO  server.RaftServerConfigKeys (ConfUtils.java:logGet(43)) - raft.server.rpc.timeout.min = 5s (custom)
2019-07-13 16:41:30,356 INFO  server.RaftServerConfigKeys (ConfUtils.java:logGet(43)) - raft.server.rpc.timeout.max = 5200ms (custom)
2019-07-13 16:41:30,356 INFO  storage.RaftStorageDirectory (RaftStorageDirectory.java:analyzeStorage(246)) - The storage directory /tmp/workdir/hadoop-ozone/integration-test/target/test-dir/MiniOzoneClusterImpl-52b72032-6bad-46f5-98b7-0de9f20c993a/datanode-0/data/ratis/5a6b3024-2180-435e-a3ab-b74c505ff1a8 does not exist. Creating ...
2019-07-13 16:41:30,356 INFO  server.RaftServerConfigKeys (ConfUtils.java:logGet(43)) - raft.server.rpcslowness.timeout = 120s (custom)
2019-07-13 16:41:30,357 INFO  impl.RaftServerProxy (RaftServerProxy.java:addNew(89)) - 5c4b3584-effb-44d3-8327-d9784116762a: addNew group-B74C505FF1A8:[5c4b3584-effb-44d3-8327-d9784116762a:192.168.5.187:40267, d50a308c-76b6-4352-b87a-c86c145fdca9:192.168.5.187:45324, da606bd7-531d-489c-bb8b-b9683742fb83:192.168.5.187:41928] returns group-B74C505FF1A8:java.util.concurrent.CompletableFuture@538edf1[Not completed]
2019-07-13 16:41:30,357 INFO  server.RaftServerConfigKeys (ConfUtils.java:logGet(43)) - raft.server.sleep.deviation.threshold = 300 (default)
2019-07-13 16:41:30,357 INFO  server.RaftServerConfigKeys (ConfUtils.java:logGet(43)) - raft.server.log.appender.install.snapshot.enabled = false (custom)
2019-07-13 16:41:30,357 INFO  impl.RaftServerImpl (ServerState.java:<init>(105)) - da606bd7-531d-489c-bb8b-b9683742fb83:group-B74C505FF1A8 ConfigurationManager, init=-1: [5c4b3584-effb-44d3-8327-d9784116762a:192.168.5.187:40267, d50a308c-76b6-4352-b87a-c86c145fdca9:192.168.5.187:45324, da606bd7-531d-489c-bb8b-b9683742fb83:192.168.5.187:41928], old=null, confs=<EMPTY_MAP>
2019-07-13 16:41:30,358 INFO  server.RaftServerConfigKeys (ConfUtils.java:logGet(43)) - raft.server.storage.dir = [/tmp/workdir/hadoop-ozone/integration-test/target/test-dir/MiniOzoneClusterImpl-52b72032-6bad-46f5-98b7-0de9f20c993a/datanode-6/data/ratis] (custom)
2019-07-13 16:41:30,358 INFO  storage.RaftStorageDirectory (RaftStorageDirectory.java:analyzeStorage(246)) - The storage directory /tmp/workdir/hadoop-ozone/integration-test/target/test-dir/MiniOzoneClusterImpl-52b72032-6bad-46f5-98b7-0de9f20c993a/datanode-6/data/ratis/5a6b3024-2180-435e-a3ab-b74c505ff1a8 does not exist. Creating ...
2019-07-13 16:41:30,358 INFO  impl.RaftServerImpl (RaftServerImpl.java:<init>(93)) - 5c4b3584-effb-44d3-8327-d9784116762a: new RaftServerImpl for group-B74C505FF1A8:[5c4b3584-effb-44d3-8327-d9784116762a:192.168.5.187:40267, d50a308c-76b6-4352-b87a-c86c145fdca9:192.168.5.187:45324, da606bd7-531d-489c-bb8b-b9683742fb83:192.168.5.187:41928] with ContainerStateMachine:uninitialized
2019-07-13 16:41:30,359 INFO  server.RaftServerConfigKeys (ConfUtils.java:logGet(43)) - raft.server.rpc.timeout.min = 5s (custom)
2019-07-13 16:41:30,359 INFO  server.RaftServerConfigKeys (ConfUtils.java:logGet(43)) - raft.server.rpc.timeout.max = 5200ms (custom)
2019-07-13 16:41:30,359 INFO  server.RaftServerConfigKeys (ConfUtils.java:logGet(43)) - raft.server.rpcslowness.timeout = 120s (custom)
2019-07-13 16:41:30,359 INFO  server.RaftServerConfigKeys (ConfUtils.java:logGet(43)) - raft.server.sleep.deviation.threshold = 300 (default)
2019-07-13 16:41:30,359 INFO  server.RaftServerConfigKeys (ConfUtils.java:logGet(43)) - raft.server.log.appender.install.snapshot.enabled = false (custom)
2019-07-13 16:41:30,359 INFO  impl.RaftServerImpl (ServerState.java:<init>(105)) - 5c4b3584-effb-44d3-8327-d9784116762a:group-B74C505FF1A8 ConfigurationManager, init=-1: [5c4b3584-effb-44d3-8327-d9784116762a:192.168.5.187:40267, d50a308c-76b6-4352-b87a-c86c145fdca9:192.168.5.187:45324, da606bd7-531d-489c-bb8b-b9683742fb83:192.168.5.187:41928], old=null, confs=<EMPTY_MAP>
2019-07-13 16:41:30,360 INFO  server.RaftServerConfigKeys (ConfUtils.java:logGet(43)) - raft.server.storage.dir = [/tmp/workdir/hadoop-ozone/integration-test/target/test-dir/MiniOzoneClusterImpl-52b72032-6bad-46f5-98b7-0de9f20c993a/datanode-2/data/ratis] (custom)
2019-07-13 16:41:30,360 INFO  storage.RaftStorageDirectory (RaftStorageDirectory.java:analyzeStorage(246)) - The storage directory /tmp/workdir/hadoop-ozone/integration-test/target/test-dir/MiniOzoneClusterImpl-52b72032-6bad-46f5-98b7-0de9f20c993a/datanode-2/data/ratis/5a6b3024-2180-435e-a3ab-b74c505ff1a8 does not exist. Creating ...
2019-07-13 16:41:30,370 INFO  storage.RaftStorageDirectory (RaftStorageDirectory.java:tryLock(328)) - Lock on /tmp/workdir/hadoop-ozone/integration-test/target/test-dir/MiniOzoneClusterImpl-52b72032-6bad-46f5-98b7-0de9f20c993a/datanode-0/data/ratis/5a6b3024-2180-435e-a3ab-b74c505ff1a8/in_use.lock acquired by nodename 16938@trunk-nightly-z92hn-1831959607
2019-07-13 16:41:30,370 INFO  storage.RaftStorageDirectory (RaftStorageDirectory.java:tryLock(328)) - Lock on /tmp/workdir/hadoop-ozone/integration-test/target/test-dir/MiniOzoneClusterImpl-52b72032-6bad-46f5-98b7-0de9f20c993a/datanode-6/data/ratis/5a6b3024-2180-435e-a3ab-b74c505ff1a8/in_use.lock acquired by nodename 16938@trunk-nightly-z92hn-1831959607
2019-07-13 16:41:30,370 INFO  storage.RaftStorageDirectory (RaftStorageDirectory.java:tryLock(328)) - Lock on /tmp/workdir/hadoop-ozone/integration-test/target/test-dir/MiniOzoneClusterImpl-52b72032-6bad-46f5-98b7-0de9f20c993a/datanode-2/data/ratis/5a6b3024-2180-435e-a3ab-b74c505ff1a8/in_use.lock acquired by nodename 16938@trunk-nightly-z92hn-1831959607
2019-07-13 16:41:30,393 INFO  storage.RaftStorage (RaftStorage.java:format(72)) - Storage directory /tmp/workdir/hadoop-ozone/integration-test/target/test-dir/MiniOzoneClusterImpl-52b72032-6bad-46f5-98b7-0de9f20c993a/datanode-0/data/ratis/5a6b3024-2180-435e-a3ab-b74c505ff1a8 has been successfully formatted.
2019-07-13 16:41:30,393 INFO  storage.RaftStorage (RaftStorage.java:format(72)) - Storage directory /tmp/workdir/hadoop-ozone/integration-test/target/test-dir/MiniOzoneClusterImpl-52b72032-6bad-46f5-98b7-0de9f20c993a/datanode-2/data/ratis/5a6b3024-2180-435e-a3ab-b74c505ff1a8 has been successfully formatted.
2019-07-13 16:41:30,393 INFO  storage.RaftStorage (RaftStorage.java:format(72)) - Storage directory /tmp/workdir/hadoop-ozone/integration-test/target/test-dir/MiniOzoneClusterImpl-52b72032-6bad-46f5-98b7-0de9f20c993a/datanode-6/data/ratis/5a6b3024-2180-435e-a3ab-b74c505ff1a8 has been successfully formatted.
2019-07-13 16:41:30,393 INFO  ratis.ContainerStateMachine (ContainerStateMachine.java:loadSnapshot(200)) - The snapshot info is null.Setting the last applied index to:(t:0, i:~)
2019-07-13 16:41:30,393 INFO  ratis.ContainerStateMachine (ContainerStateMachine.java:loadSnapshot(200)) - The snapshot info is null.Setting the last applied index to:(t:0, i:~)
2019-07-13 16:41:30,393 INFO  server.RaftServerConfigKeys (ConfUtils.java:logGet(43)) - raft.server.leader.election.timeout = 120s (custom)
2019-07-13 16:41:30,393 INFO  ratis.ContainerStateMachine (ContainerStateMachine.java:loadSnapshot(200)) - The snapshot info is null.Setting the last applied index to:(t:0, i:~)
2019-07-13 16:41:30,394 INFO  server.RaftServerConfigKeys (ConfUtils.java:logGet(43)) - raft.server.log.use.memory = false (default)
2019-07-13 16:41:30,393 INFO  server.RaftServerConfigKeys (ConfUtils.java:logGet(43)) - raft.server.leader.election.timeout = 120s (custom)
2019-07-13 16:41:30,394 INFO  server.RaftServerConfigKeys (ConfUtils.java:logGet(43)) - raft.server.log.purge.gap = 1000000000 (custom)
2019-07-13 16:41:30,394 INFO  server.RaftServerConfigKeys (ConfUtils.java:logGet(43)) - raft.server.leader.election.timeout = 120s (custom)
2019-07-13 16:41:30,394 INFO  server.RaftServerConfigKeys (ConfUtils.java:logGet(43)) - raft.server.log.appender.buffer.byte-limit = 33554432 (custom)
2019-07-13 16:41:30,394 INFO  server.RaftServerConfigKeys (ConfUtils.java:logGet(43)) - raft.server.log.use.memory = false (default)
2019-07-13 16:41:30,395 INFO  server.RaftServerConfigKeys (ConfUtils.java:logGet(43)) - raft.server.log.segment.size.max = 1048576 (custom)
2019-07-13 16:41:30,394 INFO  server.RaftServerConfigKeys (ConfUtils.java:logGet(43)) - raft.server.log.use.memory = false (default)
2019-07-13 16:41:30,395 INFO  server.RaftServerConfigKeys (ConfUtils.java:logGet(43)) - raft.server.log.segment.cache.num.max = 2 (custom)
2019-07-13 16:41:30,395 INFO  server.RaftServerConfigKeys (ConfUtils.java:logGet(43)) - raft.server.log.purge.gap = 1000000000 (custom)
2019-07-13 16:41:30,395 INFO  segmented.SegmentedRaftLogWorker (SegmentedRaftLogWorker.java:<init>(172)) - new 5c4b3584-effb-44d3-8327-d9784116762a-SegmentedRaftLogWorker:Storage Directory /tmp/workdir/hadoop-ozone/integration-test/target/test-dir/MiniOzoneClusterImpl-52b72032-6bad-46f5-98b7-0de9f20c993a/datanode-2/data/ratis/5a6b3024-2180-435e-a3ab-b74c505ff1a8 for RaftStorage:Storage Directory /tmp/workdir/hadoop-ozone/integration-test/target/test-dir/MiniOzoneClusterImpl-52b72032-6bad-46f5-98b7-0de9f20c993a/datanode-2/data/ratis/5a6b3024-2180-435e-a3ab-b74c505ff1a8
2019-07-13 16:41:30,395 INFO  server.RaftServerConfigKeys (ConfUtils.java:logGet(43)) - raft.server.log.purge.gap = 1000000000 (custom)
2019-07-13 16:41:30,396 INFO  server.RaftServerConfigKeys (ConfUtils.java:logGet(43)) - raft.server.log.queue.byte-limit = 2147483647 (custom)
2019-07-13 16:41:30,395 INFO  server.RaftServerConfigKeys (ConfUtils.java:logGet(43)) - raft.server.log.appender.buffer.byte-limit = 33554432 (custom)
2019-07-13 16:41:30,397 INFO  server.RaftServerConfigKeys (ConfUtils.java:logGet(43)) - raft.server.log.queue.element-limit = 1024 (custom)
2019-07-13 16:41:30,396 INFO  server.RaftServerConfigKeys (ConfUtils.java:logGet(43)) - raft.server.log.appender.buffer.byte-limit = 33554432 (custom)
2019-07-13 16:41:30,398 INFO  server.RaftServerConfigKeys (ConfUtils.java:logGet(43)) - raft.server.log.segment.size.max = 1048576 (custom)
2019-07-13 16:41:30,397 INFO  server.RaftServerConfigKeys (ConfUtils.java:logGet(43)) - raft.server.log.segment.size.max = 1048576 (custom)
2019-07-13 16:41:30,398 INFO  server.RaftServerConfigKeys (ConfUtils.java:logGet(43)) - raft.server.log.preallocated.size = 16384 (custom)
2019-07-13 16:41:30,398 INFO  server.RaftServerConfigKeys (ConfUtils.java:logGet(43)) - raft.server.log.segment.size.max = 1048576 (custom)
2019-07-13 16:41:30,398 INFO  server.RaftServerConfigKeys (ConfUtils.java:logGet(43)) - raft.server.log.write.buffer.size = 33554432 (custom)
2019-07-13 16:41:30,398 INFO  server.RaftServerConfigKeys (ConfUtils.java:logGet(43)) - raft.server.log.segment.cache.num.max = 2 (custom)
2019-07-13 16:41:30,399 INFO  server.RaftServerConfigKeys (ConfUtils.java:logGet(43)) - raft.server.log.force.sync.num = 128 (default)
2019-07-13 16:41:30,399 INFO  server.RaftServerConfigKeys (ConfUtils.java:logGet(43)) - raft.server.log.statemachine.data.sync = true (default)
2019-07-13 16:41:30,399 INFO  server.RaftServerConfigKeys (ConfUtils.java:logGet(43)) - raft.server.log.segment.cache.num.max = 2 (custom)
2019-07-13 16:41:30,399 INFO  server.RaftServerConfigKeys (ConfUtils.java:logGet(43)) - raft.server.log.statemachine.data.sync.timeout = 10s (default)
2019-07-13 16:41:30,399 INFO  segmented.SegmentedRaftLogWorker (SegmentedRaftLogWorker.java:<init>(172)) - new d50a308c-76b6-4352-b87a-c86c145fdca9-SegmentedRaftLogWorker:Storage Directory /tmp/workdir/hadoop-ozone/integration-test/target/test-dir/MiniOzoneClusterImpl-52b72032-6bad-46f5-98b7-0de9f20c993a/datanode-0/data/ratis/5a6b3024-2180-435e-a3ab-b74c505ff1a8 for RaftStorage:Storage Directory /tmp/workdir/hadoop-ozone/integration-test/target/test-dir/MiniOzoneClusterImpl-52b72032-6bad-46f5-98b7-0de9f20c993a/datanode-0/data/ratis/5a6b3024-2180-435e-a3ab-b74c505ff1a8
2019-07-13 16:41:30,400 INFO  server.RaftServerConfigKeys (ConfUtils.java:logGet(43)) - raft.server.log.statemachine.data.sync.timeout.retry = -1 (default)
2019-07-13 16:41:30,399 INFO  segmented.SegmentedRaftLogWorker (SegmentedRaftLogWorker.java:<init>(172)) - new da606bd7-531d-489c-bb8b-b9683742fb83-SegmentedRaftLogWorker:Storage Directory /tmp/workdir/hadoop-ozone/integration-test/target/test-dir/MiniOzoneClusterImpl-52b72032-6bad-46f5-98b7-0de9f20c993a/datanode-6/data/ratis/5a6b3024-2180-435e-a3ab-b74c505ff1a8 for RaftStorage:Storage Directory /tmp/workdir/hadoop-ozone/integration-test/target/test-dir/MiniOzoneClusterImpl-52b72032-6bad-46f5-98b7-0de9f20c993a/datanode-6/data/ratis/5a6b3024-2180-435e-a3ab-b74c505ff1a8
2019-07-13 16:41:30,401 INFO  server.RaftServerConfigKeys (ConfUtils.java:logGet(43)) - raft.server.log.statemachine.data.caching.enabled = true (custom)
2019-07-13 16:41:30,400 INFO  server.RaftServerConfigKeys (ConfUtils.java:logGet(43)) - raft.server.log.queue.byte-limit = 2147483647 (custom)
2019-07-13 16:41:30,403 INFO  server.RaftServerConfigKeys (ConfUtils.java:logGet(43)) - raft.server.log.queue.element-limit = 1024 (custom)
2019-07-13 16:41:30,403 INFO  segmented.SegmentedRaftLogWorker (SegmentedRaftLogWorker.java:lambda$new$0(132)) - 5c4b3584-effb-44d3-8327-d9784116762a-SegmentedRaftLogWorker:Storage Directory /tmp/workdir/hadoop-ozone/integration-test/target/test-dir/MiniOzoneClusterImpl-52b72032-6bad-46f5-98b7-0de9f20c993a/datanode-2/data/ratis/5a6b3024-2180-435e-a3ab-b74c505ff1a8: flushIndex: setUnconditionally 0 -> -1
2019-07-13 16:41:30,401 INFO  server.RaftServerConfigKeys (ConfUtils.java:logGet(43)) - raft.server.log.queue.byte-limit = 2147483647 (custom)
2019-07-13 16:41:30,403 INFO  server.RaftServerConfigKeys (ConfUtils.java:logGet(43)) - raft.server.log.segment.size.max = 1048576 (custom)
2019-07-13 16:41:30,404 INFO  server.RaftServerConfigKeys (ConfUtils.java:logGet(43)) - raft.server.log.queue.element-limit = 1024 (custom)
2019-07-13 16:41:30,404 INFO  server.RaftServerConfigKeys (ConfUtils.java:logGet(43)) - raft.server.snapshot.auto.trigger.enabled = true (custom)
2019-07-13 16:41:30,404 INFO  server.RaftServerConfigKeys (ConfUtils.java:logGet(43)) - raft.server.log.segment.size.max = 1048576 (custom)
2019-07-13 16:41:30,404 INFO  server.RaftServerConfigKeys (ConfUtils.java:logGet(43)) - raft.server.log.preallocated.size = 16384 (custom)
2019-07-13 16:41:30,404 INFO  server.RaftServerConfigKeys (ConfUtils.java:logGet(43)) - raft.server.log.preallocated.size = 16384 (custom)
2019-07-13 16:41:30,404 INFO  server.RaftServerConfigKeys (ConfUtils.java:logGet(43)) - raft.server.snapshot.auto.trigger.threshold = 10000 (custom)
2019-07-13 16:41:30,405 INFO  server.RaftServerConfigKeys (ConfUtils.java:logGet(43)) - raft.server.log.write.buffer.size = 33554432 (custom)
2019-07-13 16:41:30,404 INFO  server.RaftServerConfigKeys (ConfUtils.java:logGet(43)) - raft.server.log.write.buffer.size = 33554432 (custom)
2019-07-13 16:41:30,405 INFO  server.RaftServerConfigKeys (ConfUtils.java:logGet(43)) - raft.server.log.force.sync.num = 128 (default)
2019-07-13 16:41:30,405 INFO  server.RaftServerConfigKeys (ConfUtils.java:logGet(43)) - raft.server.retrycache.expirytime = 600000ms (custom)
2019-07-13 16:41:30,405 INFO  server.RaftServerConfigKeys (ConfUtils.java:logGet(43)) - raft.server.log.statemachine.data.sync = true (default)
2019-07-13 16:41:30,405 INFO  server.RaftServerConfigKeys (ConfUtils.java:logGet(43)) - raft.server.log.force.sync.num = 128 (default)
2019-07-13 16:41:30,406 INFO  server.RaftServerConfigKeys (ConfUtils.java:logGet(43)) - raft.server.log.statemachine.data.sync.timeout = 10s (default)
2019-07-13 16:41:30,406 INFO  impl.RaftServerImpl (RaftServerImpl.java:start(180)) - 5c4b3584-effb-44d3-8327-d9784116762a: start group-B74C505FF1A8
2019-07-13 16:41:30,406 INFO  server.RaftServerConfigKeys (ConfUtils.java:logGet(43)) - raft.server.log.statemachine.data.sync.timeout.retry = -1 (default)
2019-07-13 16:41:30,406 INFO  server.RaftServerConfigKeys (ConfUtils.java:logGet(43)) - raft.server.log.statemachine.data.sync = true (default)
2019-07-13 16:41:30,406 INFO  server.RaftServerConfigKeys (ConfUtils.java:logGet(43)) - raft.server.log.statemachine.data.caching.enabled = true (custom)
2019-07-13 16:41:30,406 INFO  impl.RaftServerImpl (RaftServerImpl.java:setRole(171)) - 5c4b3584-effb-44d3-8327-d9784116762a:group-B74C505FF1A8 changes role from null to FOLLOWER at term 0 for startAsFollower
2019-07-13 16:41:30,406 INFO  server.RaftServerConfigKeys (ConfUtils.java:logGet(43)) - raft.server.log.statemachine.data.sync.timeout = 10s (default)
2019-07-13 16:41:30,407 INFO  impl.RoleInfo (RoleInfo.java:updateAndGet(143)) - 5c4b3584-effb-44d3-8327-d9784116762a: start FollowerState
2019-07-13 16:41:30,407 INFO  segmented.SegmentedRaftLogWorker (SegmentedRaftLogWorker.java:lambda$new$0(132)) - da606bd7-531d-489c-bb8b-b9683742fb83-SegmentedRaftLogWorker:Storage Directory /tmp/workdir/hadoop-ozone/integration-test/target/test-dir/MiniOzoneClusterImpl-52b72032-6bad-46f5-98b7-0de9f20c993a/datanode-6/data/ratis/5a6b3024-2180-435e-a3ab-b74c505ff1a8: flushIndex: setUnconditionally 0 -> -1
2019-07-13 16:41:30,407 INFO  server.RaftServerConfigKeys (ConfUtils.java:logGet(43)) - raft.server.log.statemachine.data.sync.timeout.retry = -1 (default)
2019-07-13 16:41:30,407 INFO  server.RaftServerConfigKeys (ConfUtils.java:logGet(43)) - raft.server.snapshot.auto.trigger.enabled = true (custom)
2019-07-13 16:41:30,408 INFO  server.RaftServerConfigKeys (ConfUtils.java:logGet(43)) - raft.server.log.statemachine.data.caching.enabled = true (custom)
2019-07-13 16:41:30,407 INFO  util.JmxRegister (JmxRegister.java:tryRegister(44)) - Successfully registered JMX Bean with object name Ratis:service=RaftServer,group=group-B74C505FF1A8,id=5c4b3584-effb-44d3-8327-d9784116762a
2019-07-13 16:41:30,408 INFO  server.RaftServerConfigKeys (ConfUtils.java:logGet(43)) - raft.server.snapshot.auto.trigger.threshold = 10000 (custom)
2019-07-13 16:41:30,408 INFO  segmented.SegmentedRaftLogWorker (SegmentedRaftLogWorker.java:lambda$new$0(132)) - d50a308c-76b6-4352-b87a-c86c145fdca9-SegmentedRaftLogWorker:Storage Directory /tmp/workdir/hadoop-ozone/integration-test/target/test-dir/MiniOzoneClusterImpl-52b72032-6bad-46f5-98b7-0de9f20c993a/datanode-0/data/ratis/5a6b3024-2180-435e-a3ab-b74c505ff1a8: flushIndex: setUnconditionally 0 -> -1
2019-07-13 16:41:30,408 INFO  server.RaftServerConfigKeys (ConfUtils.java:logGet(43)) - raft.server.retrycache.expirytime = 600000ms (custom)
2019-07-13 16:41:30,409 INFO  server.RaftServerConfigKeys (ConfUtils.java:logGet(43)) - raft.server.snapshot.auto.trigger.enabled = true (custom)
2019-07-13 16:41:30,409 INFO  impl.RaftServerImpl (RaftServerImpl.java:start(180)) - da606bd7-531d-489c-bb8b-b9683742fb83: start group-B74C505FF1A8
2019-07-13 16:41:30,409 INFO  server.RaftServerConfigKeys (ConfUtils.java:logGet(43)) - raft.server.snapshot.auto.trigger.threshold = 10000 (custom)
2019-07-13 16:41:30,409 INFO  impl.RaftServerImpl (RaftServerImpl.java:setRole(171)) - da606bd7-531d-489c-bb8b-b9683742fb83:group-B74C505FF1A8 changes role from null to FOLLOWER at term 0 for startAsFollower
2019-07-13 16:41:30,409 INFO  server.RaftServerConfigKeys (ConfUtils.java:logGet(43)) - raft.server.retrycache.expirytime = 600000ms (custom)
2019-07-13 16:41:30,409 INFO  impl.RoleInfo (RoleInfo.java:updateAndGet(143)) - da606bd7-531d-489c-bb8b-b9683742fb83: start FollowerState
2019-07-13 16:41:30,410 INFO  impl.RaftServerImpl (RaftServerImpl.java:start(180)) - d50a308c-76b6-4352-b87a-c86c145fdca9: start group-B74C505FF1A8
2019-07-13 16:41:30,410 INFO  impl.RaftServerImpl (RaftServerImpl.java:setRole(171)) - d50a308c-76b6-4352-b87a-c86c145fdca9:group-B74C505FF1A8 changes role from null to FOLLOWER at term 0 for startAsFollower
2019-07-13 16:41:30,410 INFO  util.JmxRegister (JmxRegister.java:tryRegister(44)) - Successfully registered JMX Bean with object name Ratis:service=RaftServer,group=group-B74C505FF1A8,id=da606bd7-531d-489c-bb8b-b9683742fb83
2019-07-13 16:41:30,410 INFO  impl.RoleInfo (RoleInfo.java:updateAndGet(143)) - d50a308c-76b6-4352-b87a-c86c145fdca9: start FollowerState
2019-07-13 16:41:30,411 INFO  util.JmxRegister (JmxRegister.java:tryRegister(44)) - Successfully registered JMX Bean with object name Ratis:service=RaftServer,group=group-B74C505FF1A8,id=d50a308c-76b6-4352-b87a-c86c145fdca9
2019-07-13 16:41:30,428 INFO  pipeline.PipelineStateManager (PipelineStateManager.java:addPipeline(56)) - Created pipeline Pipeline[ Id: 5a6b3024-2180-435e-a3ab-b74c505ff1a8, Nodes: d50a308c-76b6-4352-b87a-c86c145fdca9{ip: 192.168.5.187, host: trunk-nightly-z92hn-1831959607, networkLocation: /default-rack, certSerialId: null}5c4b3584-effb-44d3-8327-d9784116762a{ip: 192.168.5.187, host: trunk-nightly-z92hn-1831959607, networkLocation: /default-rack, certSerialId: null}da606bd7-531d-489c-bb8b-b9683742fb83{ip: 192.168.5.187, host: trunk-nightly-z92hn-1831959607, networkLocation: /default-rack, certSerialId: null}, Type:RATIS, Factor:THREE, State:OPEN]
2019-07-13 16:41:30,460 INFO  impl.RaftServerProxy (RaftServerProxy.java:addNew(89)) - beb779dd-207a-4c6f-8538-94349668c3a0: addNew group-F206BC6195A7:[745b003a-3ebb-4019-a00c-319ed3f4c999:192.168.5.187:44555, 2a0497c4-1b57-4b63-a042-6a5a3b631162:192.168.5.187:42830, beb779dd-207a-4c6f-8538-94349668c3a0:192.168.5.187:35770] returns group-F206BC6195A7:java.util.concurrent.CompletableFuture@566034b8[Not completed]
2019-07-13 16:41:30,460 INFO  impl.RaftServerProxy (RaftServerProxy.java:addNew(89)) - 745b003a-3ebb-4019-a00c-319ed3f4c999: addNew group-F206BC6195A7:[745b003a-3ebb-4019-a00c-319ed3f4c999:192.168.5.187:44555, 2a0497c4-1b57-4b63-a042-6a5a3b631162:192.168.5.187:42830, beb779dd-207a-4c6f-8538-94349668c3a0:192.168.5.187:35770] returns group-F206BC6195A7:java.util.concurrent.CompletableFuture@186e161e[Not completed]
2019-07-13 16:41:30,463 INFO  impl.RaftServerImpl (RaftServerImpl.java:<init>(93)) - 745b003a-3ebb-4019-a00c-319ed3f4c999: new RaftServerImpl for group-F206BC6195A7:[745b003a-3ebb-4019-a00c-319ed3f4c999:192.168.5.187:44555, 2a0497c4-1b57-4b63-a042-6a5a3b631162:192.168.5.187:42830, beb779dd-207a-4c6f-8538-94349668c3a0:192.168.5.187:35770] with ContainerStateMachine:uninitialized
2019-07-13 16:41:30,465 INFO  server.RaftServerConfigKeys (ConfUtils.java:logGet(43)) - raft.server.rpc.timeout.min = 5s (custom)
2019-07-13 16:41:30,465 INFO  server.RaftServerConfigKeys (ConfUtils.java:logGet(43)) - raft.server.rpc.timeout.max = 5200ms (custom)
2019-07-13 16:41:30,465 INFO  server.RaftServerConfigKeys (ConfUtils.java:logGet(43)) - raft.server.rpcslowness.timeout = 120s (custom)
2019-07-13 16:41:30,465 INFO  server.RaftServerConfigKeys (ConfUtils.java:logGet(43)) - raft.server.sleep.deviation.threshold = 300 (default)
2019-07-13 16:41:30,465 INFO  server.RaftServerConfigKeys (ConfUtils.java:logGet(43)) - raft.server.log.appender.install.snapshot.enabled = false (custom)
2019-07-13 16:41:30,465 INFO  impl.RaftServerProxy (RaftServerProxy.java:addNew(89)) - 2a0497c4-1b57-4b63-a042-6a5a3b631162: addNew group-F206BC6195A7:[745b003a-3ebb-4019-a00c-319ed3f4c999:192.168.5.187:44555, 2a0497c4-1b57-4b63-a042-6a5a3b631162:192.168.5.187:42830, beb779dd-207a-4c6f-8538-94349668c3a0:192.168.5.187:35770] returns group-F206BC6195A7:java.util.concurrent.CompletableFuture@6c073638[Not completed]
2019-07-13 16:41:30,465 INFO  impl.RaftServerImpl (ServerState.java:<init>(105)) - 745b003a-3ebb-4019-a00c-319ed3f4c999:group-F206BC6195A7 ConfigurationManager, init=-1: [745b003a-3ebb-4019-a00c-319ed3f4c999:192.168.5.187:44555, 2a0497c4-1b57-4b63-a042-6a5a3b631162:192.168.5.187:42830, beb779dd-207a-4c6f-8538-94349668c3a0:192.168.5.187:35770], old=null, confs=<EMPTY_MAP>
2019-07-13 16:41:30,466 INFO  impl.RaftServerImpl (RaftServerImpl.java:<init>(93)) - beb779dd-207a-4c6f-8538-94349668c3a0: new RaftServerImpl for group-F206BC6195A7:[745b003a-3ebb-4019-a00c-319ed3f4c999:192.168.5.187:44555, 2a0497c4-1b57-4b63-a042-6a5a3b631162:192.168.5.187:42830, beb779dd-207a-4c6f-8538-94349668c3a0:192.168.5.187:35770] with ContainerStateMachine:uninitialized
2019-07-13 16:41:30,466 INFO  server.RaftServerConfigKeys (ConfUtils.java:logGet(43)) - raft.server.storage.dir = [/tmp/workdir/hadoop-ozone/integration-test/target/test-dir/MiniOzoneClusterImpl-52b72032-6bad-46f5-98b7-0de9f20c993a/datanode-5/data/ratis] (custom)
2019-07-13 16:41:30,466 INFO  server.RaftServerConfigKeys (ConfUtils.java:logGet(43)) - raft.server.rpc.timeout.min = 5s (custom)
2019-07-13 16:41:30,466 INFO  server.RaftServerConfigKeys (ConfUtils.java:logGet(43)) - raft.server.rpc.timeout.max = 5200ms (custom)
2019-07-13 16:41:30,466 INFO  storage.RaftStorageDirectory (RaftStorageDirectory.java:analyzeStorage(246)) - The storage directory /tmp/workdir/hadoop-ozone/integration-test/target/test-dir/MiniOzoneClusterImpl-52b72032-6bad-46f5-98b7-0de9f20c993a/datanode-5/data/ratis/314a277d-f4e0-4475-83de-f206bc6195a7 does not exist. Creating ...
2019-07-13 16:41:30,466 INFO  server.RaftServerConfigKeys (ConfUtils.java:logGet(43)) - raft.server.rpcslowness.timeout = 120s (custom)
2019-07-13 16:41:30,467 INFO  server.RaftServerConfigKeys (ConfUtils.java:logGet(43)) - raft.server.sleep.deviation.threshold = 300 (default)
2019-07-13 16:41:30,467 INFO  impl.RaftServerImpl (RaftServerImpl.java:<init>(93)) - 2a0497c4-1b57-4b63-a042-6a5a3b631162: new RaftServerImpl for group-F206BC6195A7:[745b003a-3ebb-4019-a00c-319ed3f4c999:192.168.5.187:44555, 2a0497c4-1b57-4b63-a042-6a5a3b631162:192.168.5.187:42830, beb779dd-207a-4c6f-8538-94349668c3a0:192.168.5.187:35770] with ContainerStateMachine:uninitialized
2019-07-13 16:41:30,467 INFO  server.RaftServerConfigKeys (ConfUtils.java:logGet(43)) - raft.server.log.appender.install.snapshot.enabled = false (custom)
2019-07-13 16:41:30,467 INFO  server.RaftServerConfigKeys (ConfUtils.java:logGet(43)) - raft.server.rpc.timeout.min = 5s (custom)
2019-07-13 16:41:30,467 INFO  impl.RaftServerImpl (ServerState.java:<init>(105)) - beb779dd-207a-4c6f-8538-94349668c3a0:group-F206BC6195A7 ConfigurationManager, init=-1: [745b003a-3ebb-4019-a00c-319ed3f4c999:192.168.5.187:44555, 2a0497c4-1b57-4b63-a042-6a5a3b631162:192.168.5.187:42830, beb779dd-207a-4c6f-8538-94349668c3a0:192.168.5.187:35770], old=null, confs=<EMPTY_MAP>
2019-07-13 16:41:30,467 INFO  server.RaftServerConfigKeys (ConfUtils.java:logGet(43)) - raft.server.rpc.timeout.max = 5200ms (custom)
2019-07-13 16:41:30,467 INFO  server.RaftServerConfigKeys (ConfUtils.java:logGet(43)) - raft.server.storage.dir = [/tmp/workdir/hadoop-ozone/integration-test/target/test-dir/MiniOzoneClusterImpl-52b72032-6bad-46f5-98b7-0de9f20c993a/datanode-1/data/ratis] (custom)
2019-07-13 16:41:30,468 INFO  server.RaftServerConfigKeys (ConfUtils.java:logGet(43)) - raft.server.rpcslowness.timeout = 120s (custom)
2019-07-13 16:41:30,468 INFO  server.RaftServerConfigKeys (ConfUtils.java:logGet(43)) - raft.server.sleep.deviation.threshold = 300 (default)
2019-07-13 16:41:30,468 INFO  storage.RaftStorageDirectory (RaftStorageDirectory.java:analyzeStorage(246)) - The storage directory /tmp/workdir/hadoop-ozone/integration-test/target/test-dir/MiniOzoneClusterImpl-52b72032-6bad-46f5-98b7-0de9f20c993a/datanode-1/data/ratis/314a277d-f4e0-4475-83de-f206bc6195a7 does not exist. Creating ...
2019-07-13 16:41:30,468 INFO  server.RaftServerConfigKeys (ConfUtils.java:logGet(43)) - raft.server.log.appender.install.snapshot.enabled = false (custom)
2019-07-13 16:41:30,468 INFO  impl.RaftServerImpl (ServerState.java:<init>(105)) - 2a0497c4-1b57-4b63-a042-6a5a3b631162:group-F206BC6195A7 ConfigurationManager, init=-1: [745b003a-3ebb-4019-a00c-319ed3f4c999:192.168.5.187:44555, 2a0497c4-1b57-4b63-a042-6a5a3b631162:192.168.5.187:42830, beb779dd-207a-4c6f-8538-94349668c3a0:192.168.5.187:35770], old=null, confs=<EMPTY_MAP>
2019-07-13 16:41:30,469 INFO  server.RaftServerConfigKeys (ConfUtils.java:logGet(43)) - raft.server.storage.dir = [/tmp/workdir/hadoop-ozone/integration-test/target/test-dir/MiniOzoneClusterImpl-52b72032-6bad-46f5-98b7-0de9f20c993a/datanode-3/data/ratis] (custom)
2019-07-13 16:41:30,469 INFO  storage.RaftStorageDirectory (RaftStorageDirectory.java:analyzeStorage(246)) - The storage directory /tmp/workdir/hadoop-ozone/integration-test/target/test-dir/MiniOzoneClusterImpl-52b72032-6bad-46f5-98b7-0de9f20c993a/datanode-3/data/ratis/314a277d-f4e0-4475-83de-f206bc6195a7 does not exist. Creating ...
2019-07-13 16:41:30,482 INFO  storage.RaftStorageDirectory (RaftStorageDirectory.java:tryLock(328)) - Lock on /tmp/workdir/hadoop-ozone/integration-test/target/test-dir/MiniOzoneClusterImpl-52b72032-6bad-46f5-98b7-0de9f20c993a/datanode-5/data/ratis/314a277d-f4e0-4475-83de-f206bc6195a7/in_use.lock acquired by nodename 16938@trunk-nightly-z92hn-1831959607
2019-07-13 16:41:30,482 INFO  storage.RaftStorageDirectory (RaftStorageDirectory.java:tryLock(328)) - Lock on /tmp/workdir/hadoop-ozone/integration-test/target/test-dir/MiniOzoneClusterImpl-52b72032-6bad-46f5-98b7-0de9f20c993a/datanode-3/data/ratis/314a277d-f4e0-4475-83de-f206bc6195a7/in_use.lock acquired by nodename 16938@trunk-nightly-z92hn-1831959607
2019-07-13 16:41:30,482 INFO  storage.RaftStorageDirectory (RaftStorageDirectory.java:tryLock(328)) - Lock on /tmp/workdir/hadoop-ozone/integration-test/target/test-dir/MiniOzoneClusterImpl-52b72032-6bad-46f5-98b7-0de9f20c993a/datanode-1/data/ratis/314a277d-f4e0-4475-83de-f206bc6195a7/in_use.lock acquired by nodename 16938@trunk-nightly-z92hn-1831959607
2019-07-13 16:41:30,488 INFO  storage.RaftStorage (RaftStorage.java:format(72)) - Storage directory /tmp/workdir/hadoop-ozone/integration-test/target/test-dir/MiniOzoneClusterImpl-52b72032-6bad-46f5-98b7-0de9f20c993a/datanode-3/data/ratis/314a277d-f4e0-4475-83de-f206bc6195a7 has been successfully formatted.
2019-07-13 16:41:30,488 INFO  storage.RaftStorage (RaftStorage.java:format(72)) - Storage directory /tmp/workdir/hadoop-ozone/integration-test/target/test-dir/MiniOzoneClusterImpl-52b72032-6bad-46f5-98b7-0de9f20c993a/datanode-1/data/ratis/314a277d-f4e0-4475-83de-f206bc6195a7 has been successfully formatted.
2019-07-13 16:41:30,488 INFO  storage.RaftStorage (RaftStorage.java:format(72)) - Storage directory /tmp/workdir/hadoop-ozone/integration-test/target/test-dir/MiniOzoneClusterImpl-52b72032-6bad-46f5-98b7-0de9f20c993a/datanode-5/data/ratis/314a277d-f4e0-4475-83de-f206bc6195a7 has been successfully formatted.
2019-07-13 16:41:30,489 INFO  ratis.ContainerStateMachine (ContainerStateMachine.java:loadSnapshot(200)) - The snapshot info is null.Setting the last applied index to:(t:0, i:~)
2019-07-13 16:41:30,489 INFO  ratis.ContainerStateMachine (ContainerStateMachine.java:loadSnapshot(200)) - The snapshot info is null.Setting the last applied index to:(t:0, i:~)
2019-07-13 16:41:30,489 INFO  server.RaftServerConfigKeys (ConfUtils.java:logGet(43)) - raft.server.leader.election.timeout = 120s (custom)
2019-07-13 16:41:30,489 INFO  ratis.ContainerStateMachine (ContainerStateMachine.java:loadSnapshot(200)) - The snapshot info is null.Setting the last applied index to:(t:0, i:~)
2019-07-13 16:41:30,489 INFO  server.RaftServerConfigKeys (ConfUtils.java:logGet(43)) - raft.server.log.use.memory = false (default)
2019-07-13 16:41:30,489 INFO  server.RaftServerConfigKeys (ConfUtils.java:logGet(43)) - raft.server.leader.election.timeout = 120s (custom)
2019-07-13 16:41:30,490 INFO  server.RaftServerConfigKeys (ConfUtils.java:logGet(43)) - raft.server.log.purge.gap = 1000000000 (custom)
2019-07-13 16:41:30,490 INFO  server.RaftServerConfigKeys (ConfUtils.java:logGet(43)) - raft.server.leader.election.timeout = 120s (custom)
2019-07-13 16:41:30,490 INFO  server.RaftServerConfigKeys (ConfUtils.java:logGet(43)) - raft.server.log.appender.buffer.byte-limit = 33554432 (custom)
2019-07-13 16:41:30,490 INFO  server.RaftServerConfigKeys (ConfUtils.java:logGet(43)) - raft.server.log.use.memory = false (default)
2019-07-13 16:41:30,490 INFO  server.RaftServerConfigKeys (ConfUtils.java:logGet(43)) - raft.server.log.segment.size.max = 1048576 (custom)
2019-07-13 16:41:30,490 INFO  server.RaftServerConfigKeys (ConfUtils.java:logGet(43)) - raft.server.log.use.memory = false (default)
2019-07-13 16:41:30,491 INFO  server.RaftServerConfigKeys (ConfUtils.java:logGet(43)) - raft.server.log.segment.cache.num.max = 2 (custom)
2019-07-13 16:41:30,490 INFO  server.RaftServerConfigKeys (ConfUtils.java:logGet(43)) - raft.server.log.purge.gap = 1000000000 (custom)
2019-07-13 16:41:30,491 INFO  segmented.SegmentedRaftLogWorker (SegmentedRaftLogWorker.java:<init>(172)) - new beb779dd-207a-4c6f-8538-94349668c3a0-SegmentedRaftLogWorker:Storage Directory /tmp/workdir/hadoop-ozone/integration-test/target/test-dir/MiniOzoneClusterImpl-52b72032-6bad-46f5-98b7-0de9f20c993a/datanode-1/data/ratis/314a277d-f4e0-4475-83de-f206bc6195a7 for RaftStorage:Storage Directory /tmp/workdir/hadoop-ozone/integration-test/target/test-dir/MiniOzoneClusterImpl-52b72032-6bad-46f5-98b7-0de9f20c993a/datanode-1/data/ratis/314a277d-f4e0-4475-83de-f206bc6195a7
2019-07-13 16:41:30,491 INFO  server.RaftServerConfigKeys (ConfUtils.java:logGet(43)) - raft.server.log.purge.gap = 1000000000 (custom)
2019-07-13 16:41:30,491 INFO  server.RaftServerConfigKeys (ConfUtils.java:logGet(43)) - raft.server.log.queue.byte-limit = 2147483647 (custom)
2019-07-13 16:41:30,491 INFO  server.RaftServerConfigKeys (ConfUtils.java:logGet(43)) - raft.server.log.appender.buffer.byte-limit = 33554432 (custom)
2019-07-13 16:41:30,493 INFO  server.RaftServerConfigKeys (ConfUtils.java:logGet(43)) - raft.server.log.queue.element-limit = 1024 (custom)
2019-07-13 16:41:30,491 INFO  server.RaftServerConfigKeys (ConfUtils.java:logGet(43)) - raft.server.log.appender.buffer.byte-limit = 33554432 (custom)
2019-07-13 16:41:30,493 INFO  server.RaftServerConfigKeys (ConfUtils.java:logGet(43)) - raft.server.log.segment.size.max = 1048576 (custom)
2019-07-13 16:41:30,493 INFO  server.RaftServerConfigKeys (ConfUtils.java:logGet(43)) - raft.server.log.segment.size.max = 1048576 (custom)
2019-07-13 16:41:30,493 INFO  server.RaftServerConfigKeys (ConfUtils.java:logGet(43)) - raft.server.log.preallocated.size = 16384 (custom)
2019-07-13 16:41:30,493 INFO  server.RaftServerConfigKeys (ConfUtils.java:logGet(43)) - raft.server.log.segment.size.max = 1048576 (custom)
2019-07-13 16:41:30,494 INFO  server.RaftServerConfigKeys (ConfUtils.java:logGet(43)) - raft.server.log.write.buffer.size = 33554432 (custom)
2019-07-13 16:41:30,494 INFO  server.RaftServerConfigKeys (ConfUtils.java:logGet(43)) - raft.server.log.segment.cache.num.max = 2 (custom)
2019-07-13 16:41:30,494 INFO  server.RaftServerConfigKeys (ConfUtils.java:logGet(43)) - raft.server.log.force.sync.num = 128 (default)
2019-07-13 16:41:30,494 INFO  server.RaftServerConfigKeys (ConfUtils.java:logGet(43)) - raft.server.log.segment.cache.num.max = 2 (custom)
2019-07-13 16:41:30,494 INFO  server.RaftServerConfigKeys (ConfUtils.java:logGet(43)) - raft.server.log.statemachine.data.sync = true (default)
2019-07-13 16:41:30,494 INFO  segmented.SegmentedRaftLogWorker (SegmentedRaftLogWorker.java:<init>(172)) - new 2a0497c4-1b57-4b63-a042-6a5a3b631162-SegmentedRaftLogWorker:Storage Directory /tmp/workdir/hadoop-ozone/integration-test/target/test-dir/MiniOzoneClusterImpl-52b72032-6bad-46f5-98b7-0de9f20c993a/datanode-3/data/ratis/314a277d-f4e0-4475-83de-f206bc6195a7 for RaftStorage:Storage Directory /tmp/workdir/hadoop-ozone/integration-test/target/test-dir/MiniOzoneClusterImpl-52b72032-6bad-46f5-98b7-0de9f20c993a/datanode-3/data/ratis/314a277d-f4e0-4475-83de-f206bc6195a7
2019-07-13 16:41:30,495 INFO  server.RaftServerConfigKeys (ConfUtils.java:logGet(43)) - raft.server.log.statemachine.data.sync.timeout = 10s (default)
2019-07-13 16:41:30,494 INFO  segmented.SegmentedRaftLogWorker (SegmentedRaftLogWorker.java:<init>(172)) - new 745b003a-3ebb-4019-a00c-319ed3f4c999-SegmentedRaftLogWorker:Storage Directory /tmp/workdir/hadoop-ozone/integration-test/target/test-dir/MiniOzoneClusterImpl-52b72032-6bad-46f5-98b7-0de9f20c993a/datanode-5/data/ratis/314a277d-f4e0-4475-83de-f206bc6195a7 for RaftStorage:Storage Directory /tmp/workdir/hadoop-ozone/integration-test/target/test-dir/MiniOzoneClusterImpl-52b72032-6bad-46f5-98b7-0de9f20c993a/datanode-5/data/ratis/314a277d-f4e0-4475-83de-f206bc6195a7
2019-07-13 16:41:30,495 INFO  server.RaftServerConfigKeys (ConfUtils.java:logGet(43)) - raft.server.log.statemachine.data.sync.timeout.retry = -1 (default)
2019-07-13 16:41:30,495 INFO  server.RaftServerConfigKeys (ConfUtils.java:logGet(43)) - raft.server.log.queue.byte-limit = 2147483647 (custom)
2019-07-13 16:41:30,498 INFO  server.RaftServerConfigKeys (ConfUtils.java:logGet(43)) - raft.server.log.statemachine.data.caching.enabled = true (custom)
2019-07-13 16:41:30,496 INFO  server.RaftServerConfigKeys (ConfUtils.java:logGet(43)) - raft.server.log.queue.byte-limit = 2147483647 (custom)
2019-07-13 16:41:30,498 INFO  server.RaftServerConfigKeys (ConfUtils.java:logGet(43)) - raft.server.log.queue.element-limit = 1024 (custom)
2019-07-13 16:41:30,498 INFO  server.RaftServerConfigKeys (ConfUtils.java:logGet(43)) - raft.server.log.queue.element-limit = 1024 (custom)
2019-07-13 16:41:30,498 INFO  segmented.SegmentedRaftLogWorker (SegmentedRaftLogWorker.java:lambda$new$0(132)) - beb779dd-207a-4c6f-8538-94349668c3a0-SegmentedRaftLogWorker:Storage Directory /tmp/workdir/hadoop-ozone/integration-test/target/test-dir/MiniOzoneClusterImpl-52b72032-6bad-46f5-98b7-0de9f20c993a/datanode-1/data/ratis/314a277d-f4e0-4475-83de-f206bc6195a7: flushIndex: setUnconditionally 0 -> -1
2019-07-13 16:41:30,499 INFO  server.RaftServerConfigKeys (ConfUtils.java:logGet(43)) - raft.server.log.segment.size.max = 1048576 (custom)
2019-07-13 16:41:30,498 INFO  server.RaftServerConfigKeys (ConfUtils.java:logGet(43)) - raft.server.log.segment.size.max = 1048576 (custom)
2019-07-13 16:41:30,499 INFO  server.RaftServerConfigKeys (ConfUtils.java:logGet(43)) - raft.server.log.preallocated.size = 16384 (custom)
2019-07-13 16:41:30,499 INFO  server.RaftServerConfigKeys (ConfUtils.java:logGet(43)) - raft.server.snapshot.auto.trigger.enabled = true (custom)
2019-07-13 16:41:30,499 INFO  server.RaftServerConfigKeys (ConfUtils.java:logGet(43)) - raft.server.log.write.buffer.size = 33554432 (custom)
2019-07-13 16:41:30,499 INFO  server.RaftServerConfigKeys (ConfUtils.java:logGet(43)) - raft.server.log.preallocated.size = 16384 (custom)
2019-07-13 16:41:30,499 INFO  server.RaftServerConfigKeys (ConfUtils.java:logGet(43)) - raft.server.log.force.sync.num = 128 (default)
2019-07-13 16:41:30,499 INFO  server.RaftServerConfigKeys (ConfUtils.java:logGet(43)) - raft.server.snapshot.auto.trigger.threshold = 10000 (custom)
2019-07-13 16:41:30,500 INFO  server.RaftServerConfigKeys (ConfUtils.java:logGet(43)) - raft.server.log.statemachine.data.sync = true (default)
2019-07-13 16:41:30,500 INFO  server.RaftServerConfigKeys (ConfUtils.java:logGet(43)) - raft.server.log.write.buffer.size = 33554432 (custom)
2019-07-13 16:41:30,500 INFO  server.RaftServerConfigKeys (ConfUtils.java:logGet(43)) - raft.server.log.statemachine.data.sync.timeout = 10s (default)
2019-07-13 16:41:30,500 INFO  server.RaftServerConfigKeys (ConfUtils.java:logGet(43)) - raft.server.retrycache.expirytime = 600000ms (custom)
2019-07-13 16:41:30,500 INFO  server.RaftServerConfigKeys (ConfUtils.java:logGet(43)) - raft.server.log.statemachine.data.sync.timeout.retry = -1 (default)
2019-07-13 16:41:30,500 INFO  server.RaftServerConfigKeys (ConfUtils.java:logGet(43)) - raft.server.log.force.sync.num = 128 (default)
2019-07-13 16:41:30,501 INFO  server.RaftServerConfigKeys (ConfUtils.java:logGet(43)) - raft.server.log.statemachine.data.caching.enabled = true (custom)
2019-07-13 16:41:30,501 INFO  impl.RaftServerImpl (RaftServerImpl.java:start(180)) - beb779dd-207a-4c6f-8538-94349668c3a0: start group-F206BC6195A7
2019-07-13 16:41:30,501 INFO  server.RaftServerConfigKeys (ConfUtils.java:logGet(43)) - raft.server.log.statemachine.data.sync = true (default)
2019-07-13 16:41:30,501 INFO  segmented.SegmentedRaftLogWorker (SegmentedRaftLogWorker.java:lambda$new$0(132)) - 745b003a-3ebb-4019-a00c-319ed3f4c999-SegmentedRaftLogWorker:Storage Directory /tmp/workdir/hadoop-ozone/integration-test/target/test-dir/MiniOzoneClusterImpl-52b72032-6bad-46f5-98b7-0de9f20c993a/datanode-5/data/ratis/314a277d-f4e0-4475-83de-f206bc6195a7: flushIndex: setUnconditionally 0 -> -1
2019-07-13 16:41:30,501 INFO  impl.RaftServerImpl (RaftServerImpl.java:setRole(171)) - beb779dd-207a-4c6f-8538-94349668c3a0:group-F206BC6195A7 changes role from null to FOLLOWER at term 0 for startAsFollower
2019-07-13 16:41:30,501 INFO  server.RaftServerConfigKeys (ConfUtils.java:logGet(43)) - raft.server.log.statemachine.data.sync.timeout = 10s (default)
2019-07-13 16:41:30,502 INFO  impl.RoleInfo (RoleInfo.java:updateAndGet(143)) - beb779dd-207a-4c6f-8538-94349668c3a0: start FollowerState
2019-07-13 16:41:30,502 INFO  server.RaftServerConfigKeys (ConfUtils.java:logGet(43)) - raft.server.snapshot.auto.trigger.enabled = true (custom)
2019-07-13 16:41:30,502 INFO  server.RaftServerConfigKeys (ConfUtils.java:logGet(43)) - raft.server.log.statemachine.data.sync.timeout.retry = -1 (default)
2019-07-13 16:41:30,502 INFO  util.JmxRegister (JmxRegister.java:tryRegister(44)) - Successfully registered JMX Bean with object name Ratis:service=RaftServer,group=group-F206BC6195A7,id=beb779dd-207a-4c6f-8538-94349668c3a0
2019-07-13 16:41:30,502 INFO  server.RaftServerConfigKeys (ConfUtils.java:logGet(43)) - raft.server.snapshot.auto.trigger.threshold = 10000 (custom)
2019-07-13 16:41:30,502 INFO  server.RaftServerConfigKeys (ConfUtils.java:logGet(43)) - raft.server.log.statemachine.data.caching.enabled = true (custom)
2019-07-13 16:41:30,503 INFO  server.RaftServerConfigKeys (ConfUtils.java:logGet(43)) - raft.server.retrycache.expirytime = 600000ms (custom)
2019-07-13 16:41:30,503 INFO  segmented.SegmentedRaftLogWorker (SegmentedRaftLogWorker.java:lambda$new$0(132)) - 2a0497c4-1b57-4b63-a042-6a5a3b631162-SegmentedRaftLogWorker:Storage Directory /tmp/workdir/hadoop-ozone/integration-test/target/test-dir/MiniOzoneClusterImpl-52b72032-6bad-46f5-98b7-0de9f20c993a/datanode-3/data/ratis/314a277d-f4e0-4475-83de-f206bc6195a7: flushIndex: setUnconditionally 0 -> -1
2019-07-13 16:41:30,503 INFO  impl.RaftServerImpl (RaftServerImpl.java:start(180)) - 745b003a-3ebb-4019-a00c-319ed3f4c999: start group-F206BC6195A7
2019-07-13 16:41:30,503 INFO  impl.RaftServerImpl (RaftServerImpl.java:setRole(171)) - 745b003a-3ebb-4019-a00c-319ed3f4c999:group-F206BC6195A7 changes role from null to FOLLOWER at term 0 for startAsFollower
2019-07-13 16:41:30,503 INFO  server.RaftServerConfigKeys (ConfUtils.java:logGet(43)) - raft.server.snapshot.auto.trigger.enabled = true (custom)
2019-07-13 16:41:30,504 INFO  impl.RoleInfo (RoleInfo.java:updateAndGet(143)) - 745b003a-3ebb-4019-a00c-319ed3f4c999: start FollowerState
2019-07-13 16:41:30,504 INFO  server.RaftServerConfigKeys (ConfUtils.java:logGet(43)) - raft.server.snapshot.auto.trigger.threshold = 10000 (custom)
2019-07-13 16:41:30,504 INFO  server.RaftServerConfigKeys (ConfUtils.java:logGet(43)) - raft.server.retrycache.expirytime = 600000ms (custom)
2019-07-13 16:41:30,505 INFO  util.JmxRegister (JmxRegister.java:tryRegister(44)) - Successfully registered JMX Bean with object name Ratis:service=RaftServer,group=group-F206BC6195A7,id=745b003a-3ebb-4019-a00c-319ed3f4c999
2019-07-13 16:41:30,506 INFO  impl.RaftServerImpl (RaftServerImpl.java:start(180)) - 2a0497c4-1b57-4b63-a042-6a5a3b631162: start group-F206BC6195A7
2019-07-13 16:41:30,506 INFO  impl.RaftServerImpl (RaftServerImpl.java:setRole(171)) - 2a0497c4-1b57-4b63-a042-6a5a3b631162:group-F206BC6195A7 changes role from null to FOLLOWER at term 0 for startAsFollower
2019-07-13 16:41:30,507 INFO  impl.RoleInfo (RoleInfo.java:updateAndGet(143)) - 2a0497c4-1b57-4b63-a042-6a5a3b631162: start FollowerState
2019-07-13 16:41:30,509 INFO  util.JmxRegister (JmxRegister.java:tryRegister(44)) - Successfully registered JMX Bean with object name Ratis:service=RaftServer,group=group-F206BC6195A7,id=2a0497c4-1b57-4b63-a042-6a5a3b631162
2019-07-13 16:41:30,525 INFO  pipeline.PipelineStateManager (PipelineStateManager.java:addPipeline(56)) - Created pipeline Pipeline[ Id: 314a277d-f4e0-4475-83de-f206bc6195a7, Nodes: beb779dd-207a-4c6f-8538-94349668c3a0{ip: 192.168.5.187, host: trunk-nightly-z92hn-1831959607, networkLocation: /default-rack, certSerialId: null}745b003a-3ebb-4019-a00c-319ed3f4c999{ip: 192.168.5.187, host: trunk-nightly-z92hn-1831959607, networkLocation: /default-rack, certSerialId: null}2a0497c4-1b57-4b63-a042-6a5a3b631162{ip: 192.168.5.187, host: trunk-nightly-z92hn-1831959607, networkLocation: /default-rack, certSerialId: null}, Type:RATIS, Factor:THREE, State:OPEN]
2019-07-13 16:41:30,725 INFO  ozone.MiniOzoneClusterImpl (MiniOzoneClusterImpl.java:lambda$waitForClusterToBeReady$0(142)) - Cluster is ready. Got 7 of 7 DN Heartbeats.
2019-07-13 16:41:31,094 INFO  rpc.RpcClient (RpcClient.java:createVolume(287)) - Creating Volume: closecontainerexceptionhandlingtest, with jenkins1000 as owner.
2019-07-13 16:41:31,144 INFO  rpc.RpcClient (RpcClient.java:createBucket(424)) - Creating Bucket: closecontainerexceptionhandlingtest/closecontainerexceptionhandlingtest, with Versioning false and Storage Type set to DISK and Encryption set to false 
2019-07-13 16:41:31,501 INFO  client.GrpcClientProtocolClient (GrpcClientProtocolClient.java:onNext(255)) - client-0961B0213EDD->beb779dd-207a-4c6f-8538-94349668c3a0: receive RaftClientReply:client-0961B0213EDD->beb779dd-207a-4c6f-8538-94349668c3a0@group-F206BC6195A7, cid=13, FAILED org.apache.ratis.protocol.NotLeaderException: Server beb779dd-207a-4c6f-8538-94349668c3a0 is not the leader (null). Request must be sent to leader., logIndex=0, commits[beb779dd-207a-4c6f-8538-94349668c3a0:c-1]
2019-07-13 16:41:31,580 INFO  container.ReplicationManager (ReplicationManager.java:start(155)) - Starting Replication Monitor Thread.
2019-07-13 16:41:31,582 INFO  container.ReplicationManager (ReplicationManager.java:run(207)) - Replication Monitor Thread took 0 milliseconds for processing 1 containers.
2019-07-13 16:41:32,570 INFO  client.GrpcClientProtocolClient (GrpcClientProtocolClient.java:onNext(255)) - client-0961B0213EDD->745b003a-3ebb-4019-a00c-319ed3f4c999: receive RaftClientReply:client-0961B0213EDD->745b003a-3ebb-4019-a00c-319ed3f4c999@group-F206BC6195A7, cid=13, FAILED org.apache.ratis.protocol.NotLeaderException: Server 745b003a-3ebb-4019-a00c-319ed3f4c999 is not the leader (null). Request must be sent to leader., logIndex=0, commits[745b003a-3ebb-4019-a00c-319ed3f4c999:c-1]
2019-07-13 16:41:33,613 INFO  client.GrpcClientProtocolClient (GrpcClientProtocolClient.java:onNext(255)) - client-0961B0213EDD->2a0497c4-1b57-4b63-a042-6a5a3b631162: receive RaftClientReply:client-0961B0213EDD->2a0497c4-1b57-4b63-a042-6a5a3b631162@group-F206BC6195A7, cid=13, FAILED org.apache.ratis.protocol.NotLeaderException: Server 2a0497c4-1b57-4b63-a042-6a5a3b631162 is not the leader (null). Request must be sent to leader., logIndex=0, commits[2a0497c4-1b57-4b63-a042-6a5a3b631162:c-1]
2019-07-13 16:41:34,653 INFO  client.GrpcClientProtocolClient (GrpcClientProtocolClient.java:onNext(255)) - client-0961B0213EDD->745b003a-3ebb-4019-a00c-319ed3f4c999: receive RaftClientReply:client-0961B0213EDD->745b003a-3ebb-4019-a00c-319ed3f4c999@group-F206BC6195A7, cid=13, FAILED org.apache.ratis.protocol.NotLeaderException: Server 745b003a-3ebb-4019-a00c-319ed3f4c999 is not the leader (null). Request must be sent to leader., logIndex=0, commits[745b003a-3ebb-4019-a00c-319ed3f4c999:c-1]
2019-07-13 16:41:34,858 INFO  impl.FollowerState (FollowerState.java:run(106)) - d50a308c-76b6-4352-b87a-c86c145fdca9:group-EC6A7281EEAD changes to CANDIDATE, lastRpcTime:5125, electionTimeout:5124ms
2019-07-13 16:41:34,858 INFO  impl.RoleInfo (RoleInfo.java:shutdownFollowerState(121)) - d50a308c-76b6-4352-b87a-c86c145fdca9: shutdown FollowerState
2019-07-13 16:41:34,858 INFO  impl.RaftServerImpl (RaftServerImpl.java:setRole(171)) - d50a308c-76b6-4352-b87a-c86c145fdca9:group-EC6A7281EEAD changes role from FOLLOWER to CANDIDATE at term 0 for changeToCandidate
2019-07-13 16:41:34,866 INFO  impl.RoleInfo (RoleInfo.java:updateAndGet(143)) - d50a308c-76b6-4352-b87a-c86c145fdca9: start LeaderElection
2019-07-13 16:41:34,887 INFO  impl.LeaderElection (LeaderElection.java:askForVotes(181)) - d50a308c-76b6-4352-b87a-c86c145fdca9:group-EC6A7281EEAD:LeaderElection1: begin an election at term 1 for -1: [d50a308c-76b6-4352-b87a-c86c145fdca9:192.168.5.187:45324], old=null
2019-07-13 16:41:34,889 INFO  impl.RoleInfo (RoleInfo.java:shutdownLeaderElection(134)) - d50a308c-76b6-4352-b87a-c86c145fdca9: shutdown LeaderElection
2019-07-13 16:41:34,890 INFO  impl.RaftServerImpl (RaftServerImpl.java:setRole(171)) - d50a308c-76b6-4352-b87a-c86c145fdca9:group-EC6A7281EEAD changes role from CANDIDATE to LEADER at term 1 for changeToLeader
2019-07-13 16:41:34,891 INFO  impl.RaftServerImpl (ServerState.java:setLeader(263)) - d50a308c-76b6-4352-b87a-c86c145fdca9:group-EC6A7281EEAD change Leader from null to d50a308c-76b6-4352-b87a-c86c145fdca9 at term 1 for becomeLeader, leader elected after 5243ms
2019-07-13 16:41:34,901 INFO  server.RaftServerConfigKeys (ConfUtils.java:logGet(43)) - raft.server.staging.catchup.gap = 1000 (default)
2019-07-13 16:41:34,901 INFO  server.RaftServerConfigKeys (ConfUtils.java:logGet(43)) - raft.server.rpc.sleep.time = 25ms (default)
2019-07-13 16:41:34,905 INFO  server.RaftServerConfigKeys (ConfUtils.java:logGet(43)) - raft.server.write.element-limit = 4096 (default)
2019-07-13 16:41:34,908 INFO  server.RaftServerConfigKeys (ConfUtils.java:logGet(43)) - raft.server.watch.timeout = 10s (default)
2019-07-13 16:41:34,908 INFO  server.RaftServerConfigKeys (ConfUtils.java:logGet(43)) - raft.server.watch.timeout.denomination = 1s (default)
2019-07-13 16:41:34,909 INFO  server.RaftServerConfigKeys (ConfUtils.java:logGet(43)) - raft.server.watch.element-limit = 65536 (default)
2019-07-13 16:41:34,920 INFO  impl.RoleInfo (RoleInfo.java:updateAndGet(143)) - d50a308c-76b6-4352-b87a-c86c145fdca9: start LeaderState
2019-07-13 16:41:34,953 INFO  segmented.SegmentedRaftLogWorker (SegmentedRaftLogWorker.java:startLogSegment(380)) - d50a308c-76b6-4352-b87a-c86c145fdca9-SegmentedRaftLogWorker:Storage Directory /tmp/workdir/hadoop-ozone/integration-test/target/test-dir/MiniOzoneClusterImpl-52b72032-6bad-46f5-98b7-0de9f20c993a/datanode-0/data/ratis/e55be92f-a444-4f03-a24c-ec6a7281eead: Starting segment from index:0
2019-07-13 16:41:34,963 INFO  impl.RaftServerImpl (ServerState.java:setRaftConf(361)) - d50a308c-76b6-4352-b87a-c86c145fdca9:group-EC6A7281EEAD set configuration 0: [d50a308c-76b6-4352-b87a-c86c145fdca9:192.168.5.187:45324], old=null at 0
2019-07-13 16:41:35,032 INFO  impl.FollowerState (FollowerState.java:run(106)) - 5c4b3584-effb-44d3-8327-d9784116762a:group-A00358BB57A0 changes to CANDIDATE, lastRpcTime:5119, electionTimeout:5117ms
2019-07-13 16:41:35,034 INFO  impl.RoleInfo (RoleInfo.java:shutdownFollowerState(121)) - 5c4b3584-effb-44d3-8327-d9784116762a: shutdown FollowerState
2019-07-13 16:41:35,034 INFO  impl.RaftServerImpl (RaftServerImpl.java:setRole(171)) - 5c4b3584-effb-44d3-8327-d9784116762a:group-A00358BB57A0 changes role from FOLLOWER to CANDIDATE at term 0 for changeToCandidate
2019-07-13 16:41:35,034 INFO  impl.RoleInfo (RoleInfo.java:updateAndGet(143)) - 5c4b3584-effb-44d3-8327-d9784116762a: start LeaderElection
2019-07-13 16:41:35,051 INFO  impl.FollowerState (FollowerState.java:run(106)) - da606bd7-531d-489c-bb8b-b9683742fb83:group-F650173DA9B6 changes to CANDIDATE, lastRpcTime:5053, electionTimeout:5053ms
2019-07-13 16:41:35,051 INFO  impl.RoleInfo (RoleInfo.java:shutdownFollowerState(121)) - da606bd7-531d-489c-bb8b-b9683742fb83: shutdown FollowerState
2019-07-13 16:41:35,051 INFO  impl.RaftServerImpl (RaftServerImpl.java:setRole(171)) - da606bd7-531d-489c-bb8b-b9683742fb83:group-F650173DA9B6 changes role from FOLLOWER to CANDIDATE at term 0 for changeToCandidate
2019-07-13 16:41:35,051 INFO  impl.RoleInfo (RoleInfo.java:updateAndGet(143)) - da606bd7-531d-489c-bb8b-b9683742fb83: start LeaderElection
2019-07-13 16:41:35,057 INFO  impl.LeaderElection (LeaderElection.java:askForVotes(181)) - 5c4b3584-effb-44d3-8327-d9784116762a:group-A00358BB57A0:LeaderElection2: begin an election at term 1 for -1: [5c4b3584-effb-44d3-8327-d9784116762a:192.168.5.187:40267], old=null
2019-07-13 16:41:35,058 INFO  impl.RoleInfo (RoleInfo.java:shutdownLeaderElection(134)) - 5c4b3584-effb-44d3-8327-d9784116762a: shutdown LeaderElection
2019-07-13 16:41:35,058 INFO  impl.RaftServerImpl (RaftServerImpl.java:setRole(171)) - 5c4b3584-effb-44d3-8327-d9784116762a:group-A00358BB57A0 changes role from CANDIDATE to LEADER at term 1 for changeToLeader
2019-07-13 16:41:35,058 INFO  impl.RaftServerImpl (ServerState.java:setLeader(263)) - 5c4b3584-effb-44d3-8327-d9784116762a:group-A00358BB57A0 change Leader from null to 5c4b3584-effb-44d3-8327-d9784116762a at term 1 for becomeLeader, leader elected after 5152ms
2019-07-13 16:41:35,060 INFO  server.RaftServerConfigKeys (ConfUtils.java:logGet(43)) - raft.server.staging.catchup.gap = 1000 (default)
2019-07-13 16:41:35,060 INFO  server.RaftServerConfigKeys (ConfUtils.java:logGet(43)) - raft.server.rpc.sleep.time = 25ms (default)
2019-07-13 16:41:35,061 INFO  server.RaftServerConfigKeys (ConfUtils.java:logGet(43)) - raft.server.write.element-limit = 4096 (default)
2019-07-13 16:41:35,061 INFO  server.RaftServerConfigKeys (ConfUtils.java:logGet(43)) - raft.server.watch.timeout = 10s (default)
2019-07-13 16:41:35,061 INFO  server.RaftServerConfigKeys (ConfUtils.java:logGet(43)) - raft.server.watch.timeout.denomination = 1s (default)
2019-07-13 16:41:35,061 INFO  server.RaftServerConfigKeys (ConfUtils.java:logGet(43)) - raft.server.watch.element-limit = 65536 (default)
2019-07-13 16:41:35,061 INFO  impl.RoleInfo (RoleInfo.java:updateAndGet(143)) - 5c4b3584-effb-44d3-8327-d9784116762a: start LeaderState
2019-07-13 16:41:35,062 INFO  segmented.SegmentedRaftLogWorker (SegmentedRaftLogWorker.java:startLogSegment(380)) - 5c4b3584-effb-44d3-8327-d9784116762a-SegmentedRaftLogWorker:Storage Directory /tmp/workdir/hadoop-ozone/integration-test/target/test-dir/MiniOzoneClusterImpl-52b72032-6bad-46f5-98b7-0de9f20c993a/datanode-2/data/ratis/4b3029e5-4323-4574-834c-a00358bb57a0: Starting segment from index:0
2019-07-13 16:41:35,062 INFO  impl.RaftServerImpl (ServerState.java:setRaftConf(361)) - 5c4b3584-effb-44d3-8327-d9784116762a:group-A00358BB57A0 set configuration 0: [5c4b3584-effb-44d3-8327-d9784116762a:192.168.5.187:40267], old=null at 0
2019-07-13 16:41:35,072 INFO  impl.LeaderElection (LeaderElection.java:askForVotes(181)) - da606bd7-531d-489c-bb8b-b9683742fb83:group-F650173DA9B6:LeaderElection3: begin an election at term 1 for -1: [da606bd7-531d-489c-bb8b-b9683742fb83:192.168.5.187:41928], old=null
2019-07-13 16:41:35,074 INFO  impl.RoleInfo (RoleInfo.java:shutdownLeaderElection(134)) - da606bd7-531d-489c-bb8b-b9683742fb83: shutdown LeaderElection
2019-07-13 16:41:35,074 INFO  impl.RaftServerImpl (RaftServerImpl.java:setRole(171)) - da606bd7-531d-489c-bb8b-b9683742fb83:group-F650173DA9B6 changes role from CANDIDATE to LEADER at term 1 for changeToLeader
2019-07-13 16:41:35,074 INFO  impl.RaftServerImpl (ServerState.java:setLeader(263)) - da606bd7-531d-489c-bb8b-b9683742fb83:group-F650173DA9B6 change Leader from null to da606bd7-531d-489c-bb8b-b9683742fb83 at term 1 for becomeLeader, leader elected after 5083ms
2019-07-13 16:41:35,076 INFO  server.RaftServerConfigKeys (ConfUtils.java:logGet(43)) - raft.server.staging.catchup.gap = 1000 (default)
2019-07-13 16:41:35,076 INFO  server.RaftServerConfigKeys (ConfUtils.java:logGet(43)) - raft.server.rpc.sleep.time = 25ms (default)
2019-07-13 16:41:35,077 INFO  server.RaftServerConfigKeys (ConfUtils.java:logGet(43)) - raft.server.write.element-limit = 4096 (default)
2019-07-13 16:41:35,077 INFO  server.RaftServerConfigKeys (ConfUtils.java:logGet(43)) - raft.server.watch.timeout = 10s (default)
2019-07-13 16:41:35,077 INFO  server.RaftServerConfigKeys (ConfUtils.java:logGet(43)) - raft.server.watch.timeout.denomination = 1s (default)
2019-07-13 16:41:35,077 INFO  server.RaftServerConfigKeys (ConfUtils.java:logGet(43)) - raft.server.watch.element-limit = 65536 (default)
2019-07-13 16:41:35,078 INFO  impl.RoleInfo (RoleInfo.java:updateAndGet(143)) - da606bd7-531d-489c-bb8b-b9683742fb83: start LeaderState
2019-07-13 16:41:35,078 INFO  segmented.SegmentedRaftLogWorker (SegmentedRaftLogWorker.java:startLogSegment(380)) - da606bd7-531d-489c-bb8b-b9683742fb83-SegmentedRaftLogWorker:Storage Directory /tmp/workdir/hadoop-ozone/integration-test/target/test-dir/MiniOzoneClusterImpl-52b72032-6bad-46f5-98b7-0de9f20c993a/datanode-6/data/ratis/4ff393be-f69f-44af-9661-f650173da9b6: Starting segment from index:0
2019-07-13 16:41:35,078 INFO  impl.RaftServerImpl (ServerState.java:setRaftConf(361)) - da606bd7-531d-489c-bb8b-b9683742fb83:group-F650173DA9B6 set configuration 0: [da606bd7-531d-489c-bb8b-b9683742fb83:192.168.5.187:41928], old=null at 0
2019-07-13 16:41:35,095 INFO  impl.FollowerState (FollowerState.java:run(106)) - beb779dd-207a-4c6f-8538-94349668c3a0:group-A82A5398CBD0 changes to CANDIDATE, lastRpcTime:5018, electionTimeout:5018ms
2019-07-13 16:41:35,095 INFO  impl.RoleInfo (RoleInfo.java:shutdownFollowerState(121)) - beb779dd-207a-4c6f-8538-94349668c3a0: shutdown FollowerState
2019-07-13 16:41:35,095 INFO  impl.RaftServerImpl (RaftServerImpl.java:setRole(171)) - beb779dd-207a-4c6f-8538-94349668c3a0:group-A82A5398CBD0 changes role from FOLLOWER to CANDIDATE at term 0 for changeToCandidate
2019-07-13 16:41:35,095 INFO  impl.RoleInfo (RoleInfo.java:updateAndGet(143)) - beb779dd-207a-4c6f-8538-94349668c3a0: start LeaderElection
2019-07-13 16:41:35,115 INFO  impl.LeaderElection (LeaderElection.java:askForVotes(181)) - beb779dd-207a-4c6f-8538-94349668c3a0:group-A82A5398CBD0:LeaderElection4: begin an election at term 1 for -1: [beb779dd-207a-4c6f-8538-94349668c3a0:192.168.5.187:35770], old=null
2019-07-13 16:41:35,115 INFO  impl.RoleInfo (RoleInfo.java:shutdownLeaderElection(134)) - beb779dd-207a-4c6f-8538-94349668c3a0: shutdown LeaderElection
2019-07-13 16:41:35,115 INFO  impl.RaftServerImpl (RaftServerImpl.java:setRole(171)) - beb779dd-207a-4c6f-8538-94349668c3a0:group-A82A5398CBD0 changes role from CANDIDATE to LEADER at term 1 for changeToLeader
2019-07-13 16:41:35,116 INFO  impl.RaftServerImpl (ServerState.java:setLeader(263)) - beb779dd-207a-4c6f-8538-94349668c3a0:group-A82A5398CBD0 change Leader from null to beb779dd-207a-4c6f-8538-94349668c3a0 at term 1 for becomeLeader, leader elected after 5045ms
2019-07-13 16:41:35,117 INFO  server.RaftServerConfigKeys (ConfUtils.java:logGet(43)) - raft.server.staging.catchup.gap = 1000 (default)
2019-07-13 16:41:35,117 INFO  server.RaftServerConfigKeys (ConfUtils.java:logGet(43)) - raft.server.rpc.sleep.time = 25ms (default)
2019-07-13 16:41:35,118 INFO  server.RaftServerConfigKeys (ConfUtils.java:logGet(43)) - raft.server.write.element-limit = 4096 (default)
2019-07-13 16:41:35,118 INFO  server.RaftServerConfigKeys (ConfUtils.java:logGet(43)) - raft.server.watch.timeout = 10s (default)
2019-07-13 16:41:35,118 INFO  server.RaftServerConfigKeys (ConfUtils.java:logGet(43)) - raft.server.watch.timeout.denomination = 1s (default)
2019-07-13 16:41:35,118 INFO  server.RaftServerConfigKeys (ConfUtils.java:logGet(43)) - raft.server.watch.element-limit = 65536 (default)
2019-07-13 16:41:35,119 INFO  impl.RoleInfo (RoleInfo.java:updateAndGet(143)) - beb779dd-207a-4c6f-8538-94349668c3a0: start LeaderState
2019-07-13 16:41:35,119 INFO  segmented.SegmentedRaftLogWorker (SegmentedRaftLogWorker.java:startLogSegment(380)) - beb779dd-207a-4c6f-8538-94349668c3a0-SegmentedRaftLogWorker:Storage Directory /tmp/workdir/hadoop-ozone/integration-test/target/test-dir/MiniOzoneClusterImpl-52b72032-6bad-46f5-98b7-0de9f20c993a/datanode-1/data/ratis/101ba559-531b-4fb9-852f-a82a5398cbd0: Starting segment from index:0
2019-07-13 16:41:35,119 INFO  impl.RaftServerImpl (ServerState.java:setRaftConf(361)) - beb779dd-207a-4c6f-8538-94349668c3a0:group-A82A5398CBD0 set configuration 0: [beb779dd-207a-4c6f-8538-94349668c3a0:192.168.5.187:35770], old=null at 0
2019-07-13 16:41:35,204 INFO  segmented.SegmentedRaftLogWorker (SegmentedRaftLogWorker.java:execute(569)) - d50a308c-76b6-4352-b87a-c86c145fdca9-SegmentedRaftLogWorker:Storage Directory /tmp/workdir/hadoop-ozone/integration-test/target/test-dir/MiniOzoneClusterImpl-52b72032-6bad-46f5-98b7-0de9f20c993a/datanode-0/data/ratis/e55be92f-a444-4f03-a24c-ec6a7281eead: created new log segment /tmp/workdir/hadoop-ozone/integration-test/target/test-dir/MiniOzoneClusterImpl-52b72032-6bad-46f5-98b7-0de9f20c993a/datanode-0/data/ratis/e55be92f-a444-4f03-a24c-ec6a7281eead/current/log_inprogress_0
2019-07-13 16:41:35,204 INFO  segmented.SegmentedRaftLogWorker (SegmentedRaftLogWorker.java:execute(569)) - da606bd7-531d-489c-bb8b-b9683742fb83-SegmentedRaftLogWorker:Storage Directory /tmp/workdir/hadoop-ozone/integration-test/target/test-dir/MiniOzoneClusterImpl-52b72032-6bad-46f5-98b7-0de9f20c993a/datanode-6/data/ratis/4ff393be-f69f-44af-9661-f650173da9b6: created new log segment /tmp/workdir/hadoop-ozone/integration-test/target/test-dir/MiniOzoneClusterImpl-52b72032-6bad-46f5-98b7-0de9f20c993a/datanode-6/data/ratis/4ff393be-f69f-44af-9661-f650173da9b6/current/log_inprogress_0
2019-07-13 16:41:35,204 INFO  segmented.SegmentedRaftLogWorker (SegmentedRaftLogWorker.java:execute(569)) - beb779dd-207a-4c6f-8538-94349668c3a0-SegmentedRaftLogWorker:Storage Directory /tmp/workdir/hadoop-ozone/integration-test/target/test-dir/MiniOzoneClusterImpl-52b72032-6bad-46f5-98b7-0de9f20c993a/datanode-1/data/ratis/101ba559-531b-4fb9-852f-a82a5398cbd0: created new log segment /tmp/workdir/hadoop-ozone/integration-test/target/test-dir/MiniOzoneClusterImpl-52b72032-6bad-46f5-98b7-0de9f20c993a/datanode-1/data/ratis/101ba559-531b-4fb9-852f-a82a5398cbd0/current/log_inprogress_0
2019-07-13 16:41:35,204 INFO  segmented.SegmentedRaftLogWorker (SegmentedRaftLogWorker.java:execute(569)) - 5c4b3584-effb-44d3-8327-d9784116762a-SegmentedRaftLogWorker:Storage Directory /tmp/workdir/hadoop-ozone/integration-test/target/test-dir/MiniOzoneClusterImpl-52b72032-6bad-46f5-98b7-0de9f20c993a/datanode-2/data/ratis/4b3029e5-4323-4574-834c-a00358bb57a0: created new log segment /tmp/workdir/hadoop-ozone/integration-test/target/test-dir/MiniOzoneClusterImpl-52b72032-6bad-46f5-98b7-0de9f20c993a/datanode-2/data/ratis/4b3029e5-4323-4574-834c-a00358bb57a0/current/log_inprogress_0
2019-07-13 16:41:35,262 INFO  impl.FollowerState (FollowerState.java:run(106)) - 2a0497c4-1b57-4b63-a042-6a5a3b631162:group-D298C505D1A8 changes to CANDIDATE, lastRpcTime:5033, electionTimeout:5033ms
2019-07-13 16:41:35,264 INFO  impl.RoleInfo (RoleInfo.java:shutdownFollowerState(121)) - 2a0497c4-1b57-4b63-a042-6a5a3b631162: shutdown FollowerState
2019-07-13 16:41:35,264 INFO  impl.RaftServerImpl (RaftServerImpl.java:setRole(171)) - 2a0497c4-1b57-4b63-a042-6a5a3b631162:group-D298C505D1A8 changes role from FOLLOWER to CANDIDATE at term 0 for changeToCandidate
2019-07-13 16:41:35,265 INFO  impl.RoleInfo (RoleInfo.java:updateAndGet(143)) - 2a0497c4-1b57-4b63-a042-6a5a3b631162: start LeaderElection
2019-07-13 16:41:35,271 INFO  impl.FollowerState (FollowerState.java:run(106)) - 745b003a-3ebb-4019-a00c-319ed3f4c999:group-3B1195EA7CE3 changes to CANDIDATE, lastRpcTime:5113, electionTimeout:5110ms
2019-07-13 16:41:35,273 INFO  impl.RoleInfo (RoleInfo.java:shutdownFollowerState(121)) - 745b003a-3ebb-4019-a00c-319ed3f4c999: shutdown FollowerState
2019-07-13 16:41:35,273 INFO  impl.RaftServerImpl (RaftServerImpl.java:setRole(171)) - 745b003a-3ebb-4019-a00c-319ed3f4c999:group-3B1195EA7CE3 changes role from FOLLOWER to CANDIDATE at term 0 for changeToCandidate
2019-07-13 16:41:35,273 INFO  impl.RoleInfo (RoleInfo.java:updateAndGet(143)) - 745b003a-3ebb-4019-a00c-319ed3f4c999: start LeaderElection
2019-07-13 16:41:35,294 INFO  impl.LeaderElection (LeaderElection.java:askForVotes(181)) - 2a0497c4-1b57-4b63-a042-6a5a3b631162:group-D298C505D1A8:LeaderElection5: begin an election at term 1 for -1: [2a0497c4-1b57-4b63-a042-6a5a3b631162:192.168.5.187:42830], old=null
2019-07-13 16:41:35,294 INFO  impl.LeaderElection (LeaderElection.java:askForVotes(181)) - 745b003a-3ebb-4019-a00c-319ed3f4c999:group-3B1195EA7CE3:LeaderElection6: begin an election at term 1 for -1: [745b003a-3ebb-4019-a00c-319ed3f4c999:192.168.5.187:44555], old=null
2019-07-13 16:41:35,294 INFO  impl.RoleInfo (RoleInfo.java:shutdownLeaderElection(134)) - 2a0497c4-1b57-4b63-a042-6a5a3b631162: shutdown LeaderElection
2019-07-13 16:41:35,294 INFO  impl.RoleInfo (RoleInfo.java:shutdownLeaderElection(134)) - 745b003a-3ebb-4019-a00c-319ed3f4c999: shutdown LeaderElection
2019-07-13 16:41:35,294 INFO  impl.RaftServerImpl (RaftServerImpl.java:setRole(171)) - 2a0497c4-1b57-4b63-a042-6a5a3b631162:group-D298C505D1A8 changes role from CANDIDATE to LEADER at term 1 for changeToLeader
2019-07-13 16:41:35,294 INFO  impl.RaftServerImpl (RaftServerImpl.java:setRole(171)) - 745b003a-3ebb-4019-a00c-319ed3f4c999:group-3B1195EA7CE3 changes role from CANDIDATE to LEADER at term 1 for changeToLeader
2019-07-13 16:41:35,294 INFO  impl.RaftServerImpl (ServerState.java:setLeader(263)) - 2a0497c4-1b57-4b63-a042-6a5a3b631162:group-D298C505D1A8 change Leader from null to 2a0497c4-1b57-4b63-a042-6a5a3b631162 at term 1 for becomeLeader, leader elected after 5071ms
2019-07-13 16:41:35,295 INFO  impl.RaftServerImpl (ServerState.java:setLeader(263)) - 745b003a-3ebb-4019-a00c-319ed3f4c999:group-3B1195EA7CE3 change Leader from null to 745b003a-3ebb-4019-a00c-319ed3f4c999 at term 1 for becomeLeader, leader elected after 5143ms
2019-07-13 16:41:35,296 INFO  server.RaftServerConfigKeys (ConfUtils.java:logGet(43)) - raft.server.staging.catchup.gap = 1000 (default)
2019-07-13 16:41:35,298 INFO  server.RaftServerConfigKeys (ConfUtils.java:logGet(43)) - raft.server.staging.catchup.gap = 1000 (default)
2019-07-13 16:41:35,298 INFO  server.RaftServerConfigKeys (ConfUtils.java:logGet(43)) - raft.server.rpc.sleep.time = 25ms (default)
2019-07-13 16:41:35,298 INFO  server.RaftServerConfigKeys (ConfUtils.java:logGet(43)) - raft.server.rpc.sleep.time = 25ms (default)
2019-07-13 16:41:35,299 INFO  server.RaftServerConfigKeys (ConfUtils.java:logGet(43)) - raft.server.write.element-limit = 4096 (default)
2019-07-13 16:41:35,299 INFO  server.RaftServerConfigKeys (ConfUtils.java:logGet(43)) - raft.server.write.element-limit = 4096 (default)
2019-07-13 16:41:35,299 INFO  server.RaftServerConfigKeys (ConfUtils.java:logGet(43)) - raft.server.watch.timeout = 10s (default)
2019-07-13 16:41:35,299 INFO  server.RaftServerConfigKeys (ConfUtils.java:logGet(43)) - raft.server.watch.timeout = 10s (default)
2019-07-13 16:41:35,299 INFO  server.RaftServerConfigKeys (ConfUtils.java:logGet(43)) - raft.server.watch.timeout.denomination = 1s (default)
2019-07-13 16:41:35,299 INFO  server.RaftServerConfigKeys (ConfUtils.java:logGet(43)) - raft.server.watch.timeout.denomination = 1s (default)
2019-07-13 16:41:35,300 INFO  server.RaftServerConfigKeys (ConfUtils.java:logGet(43)) - raft.server.watch.element-limit = 65536 (default)
2019-07-13 16:41:35,300 INFO  server.RaftServerConfigKeys (ConfUtils.java:logGet(43)) - raft.server.watch.element-limit = 65536 (default)
2019-07-13 16:41:35,300 INFO  impl.RoleInfo (RoleInfo.java:updateAndGet(143)) - 2a0497c4-1b57-4b63-a042-6a5a3b631162: start LeaderState
2019-07-13 16:41:35,300 INFO  impl.RoleInfo (RoleInfo.java:updateAndGet(143)) - 745b003a-3ebb-4019-a00c-319ed3f4c999: start LeaderState
2019-07-13 16:41:35,300 INFO  segmented.SegmentedRaftLogWorker (SegmentedRaftLogWorker.java:startLogSegment(380)) - 2a0497c4-1b57-4b63-a042-6a5a3b631162-SegmentedRaftLogWorker:Storage Directory /tmp/workdir/hadoop-ozone/integration-test/target/test-dir/MiniOzoneClusterImpl-52b72032-6bad-46f5-98b7-0de9f20c993a/datanode-3/data/ratis/a3f9ea1c-0bd0-436a-89a5-d298c505d1a8: Starting segment from index:0
2019-07-13 16:41:35,301 INFO  segmented.SegmentedRaftLogWorker (SegmentedRaftLogWorker.java:startLogSegment(380)) - 745b003a-3ebb-4019-a00c-319ed3f4c999-SegmentedRaftLogWorker:Storage Directory /tmp/workdir/hadoop-ozone/integration-test/target/test-dir/MiniOzoneClusterImpl-52b72032-6bad-46f5-98b7-0de9f20c993a/datanode-5/data/ratis/13d8fbdb-046e-42f7-9ea5-3b1195ea7ce3: Starting segment from index:0
2019-07-13 16:41:35,301 INFO  impl.RaftServerImpl (ServerState.java:setRaftConf(361)) - 2a0497c4-1b57-4b63-a042-6a5a3b631162:group-D298C505D1A8 set configuration 0: [2a0497c4-1b57-4b63-a042-6a5a3b631162:192.168.5.187:42830], old=null at 0
2019-07-13 16:41:35,325 INFO  impl.RaftServerImpl (ServerState.java:setRaftConf(361)) - 745b003a-3ebb-4019-a00c-319ed3f4c999:group-3B1195EA7CE3 set configuration 0: [745b003a-3ebb-4019-a00c-319ed3f4c999:192.168.5.187:44555], old=null at 0
2019-07-13 16:41:35,337 INFO  segmented.SegmentedRaftLogWorker (SegmentedRaftLogWorker.java:execute(569)) - 745b003a-3ebb-4019-a00c-319ed3f4c999-SegmentedRaftLogWorker:Storage Directory /tmp/workdir/hadoop-ozone/integration-test/target/test-dir/MiniOzoneClusterImpl-52b72032-6bad-46f5-98b7-0de9f20c993a/datanode-5/data/ratis/13d8fbdb-046e-42f7-9ea5-3b1195ea7ce3: created new log segment /tmp/workdir/hadoop-ozone/integration-test/target/test-dir/MiniOzoneClusterImpl-52b72032-6bad-46f5-98b7-0de9f20c993a/datanode-5/data/ratis/13d8fbdb-046e-42f7-9ea5-3b1195ea7ce3/current/log_inprogress_0
2019-07-13 16:41:35,337 INFO  segmented.SegmentedRaftLogWorker (SegmentedRaftLogWorker.java:execute(569)) - 2a0497c4-1b57-4b63-a042-6a5a3b631162-SegmentedRaftLogWorker:Storage Directory /tmp/workdir/hadoop-ozone/integration-test/target/test-dir/MiniOzoneClusterImpl-52b72032-6bad-46f5-98b7-0de9f20c993a/datanode-3/data/ratis/a3f9ea1c-0bd0-436a-89a5-d298c505d1a8: created new log segment /tmp/workdir/hadoop-ozone/integration-test/target/test-dir/MiniOzoneClusterImpl-52b72032-6bad-46f5-98b7-0de9f20c993a/datanode-3/data/ratis/a3f9ea1c-0bd0-436a-89a5-d298c505d1a8/current/log_inprogress_0
2019-07-13 16:41:35,400 INFO  impl.FollowerState (FollowerState.java:run(106)) - 688e33e1-d774-473c-93c0-7e143ed71a4a:group-EE6B71916226 changes to CANDIDATE, lastRpcTime:5108, electionTimeout:5108ms
2019-07-13 16:41:35,409 INFO  impl.RoleInfo (RoleInfo.java:shutdownFollowerState(121)) - 688e33e1-d774-473c-93c0-7e143ed71a4a: shutdown FollowerState
2019-07-13 16:41:35,409 INFO  impl.RaftServerImpl (RaftServerImpl.java:setRole(171)) - 688e33e1-d774-473c-93c0-7e143ed71a4a:group-EE6B71916226 changes role from FOLLOWER to CANDIDATE at term 0 for changeToCandidate
2019-07-13 16:41:35,410 INFO  impl.RoleInfo (RoleInfo.java:updateAndGet(143)) - 688e33e1-d774-473c-93c0-7e143ed71a4a: start LeaderElection
2019-07-13 16:41:35,428 INFO  impl.LeaderElection (LeaderElection.java:askForVotes(181)) - 688e33e1-d774-473c-93c0-7e143ed71a4a:group-EE6B71916226:LeaderElection7: begin an election at term 1 for -1: [688e33e1-d774-473c-93c0-7e143ed71a4a:192.168.5.187:34991], old=null
2019-07-13 16:41:35,430 INFO  impl.RoleInfo (RoleInfo.java:shutdownLeaderElection(134)) - 688e33e1-d774-473c-93c0-7e143ed71a4a: shutdown LeaderElection
2019-07-13 16:41:35,430 INFO  impl.RaftServerImpl (RaftServerImpl.java:setRole(171)) - 688e33e1-d774-473c-93c0-7e143ed71a4a:group-EE6B71916226 changes role from CANDIDATE to LEADER at term 1 for changeToLeader
2019-07-13 16:41:35,431 INFO  impl.RaftServerImpl (ServerState.java:setLeader(263)) - 688e33e1-d774-473c-93c0-7e143ed71a4a:group-EE6B71916226 change Leader from null to 688e33e1-d774-473c-93c0-7e143ed71a4a at term 1 for becomeLeader, leader elected after 5144ms
2019-07-13 16:41:35,432 INFO  server.RaftServerConfigKeys (ConfUtils.java:logGet(43)) - raft.server.staging.catchup.gap = 1000 (default)
2019-07-13 16:41:35,433 INFO  server.RaftServerConfigKeys (ConfUtils.java:logGet(43)) - raft.server.rpc.sleep.time = 25ms (default)
2019-07-13 16:41:35,433 INFO  server.RaftServerConfigKeys (ConfUtils.java:logGet(43)) - raft.server.write.element-limit = 4096 (default)
2019-07-13 16:41:35,433 INFO  server.RaftServerConfigKeys (ConfUtils.java:logGet(43)) - raft.server.watch.timeout = 10s (default)
2019-07-13 16:41:35,433 INFO  server.RaftServerConfigKeys (ConfUtils.java:logGet(43)) - raft.server.watch.timeout.denomination = 1s (default)
2019-07-13 16:41:35,434 INFO  server.RaftServerConfigKeys (ConfUtils.java:logGet(43)) - raft.server.watch.element-limit = 65536 (default)
2019-07-13 16:41:35,434 INFO  impl.RoleInfo (RoleInfo.java:updateAndGet(143)) - 688e33e1-d774-473c-93c0-7e143ed71a4a: start LeaderState
2019-07-13 16:41:35,434 INFO  segmented.SegmentedRaftLogWorker (SegmentedRaftLogWorker.java:startLogSegment(380)) - 688e33e1-d774-473c-93c0-7e143ed71a4a-SegmentedRaftLogWorker:Storage Directory /tmp/workdir/hadoop-ozone/integration-test/target/test-dir/MiniOzoneClusterImpl-52b72032-6bad-46f5-98b7-0de9f20c993a/datanode-4/data/ratis/c740ec34-ab12-421e-a050-ee6b71916226: Starting segment from index:0
2019-07-13 16:41:35,435 INFO  impl.RaftServerImpl (ServerState.java:setRaftConf(361)) - 688e33e1-d774-473c-93c0-7e143ed71a4a:group-EE6B71916226 set configuration 0: [688e33e1-d774-473c-93c0-7e143ed71a4a:192.168.5.187:34991], old=null at 0
2019-07-13 16:41:35,463 INFO  segmented.SegmentedRaftLogWorker (SegmentedRaftLogWorker.java:execute(569)) - 688e33e1-d774-473c-93c0-7e143ed71a4a-SegmentedRaftLogWorker:Storage Directory /tmp/workdir/hadoop-ozone/integration-test/target/test-dir/MiniOzoneClusterImpl-52b72032-6bad-46f5-98b7-0de9f20c993a/datanode-4/data/ratis/c740ec34-ab12-421e-a050-ee6b71916226: created new log segment /tmp/workdir/hadoop-ozone/integration-test/target/test-dir/MiniOzoneClusterImpl-52b72032-6bad-46f5-98b7-0de9f20c993a/datanode-4/data/ratis/c740ec34-ab12-421e-a050-ee6b71916226/current/log_inprogress_0
2019-07-13 16:41:35,482 INFO  impl.FollowerState (FollowerState.java:run(106)) - da606bd7-531d-489c-bb8b-b9683742fb83:group-B74C505FF1A8 changes to CANDIDATE, lastRpcTime:5072, electionTimeout:5072ms
2019-07-13 16:41:35,482 INFO  impl.RoleInfo (RoleInfo.java:shutdownFollowerState(121)) - da606bd7-531d-489c-bb8b-b9683742fb83: shutdown FollowerState
2019-07-13 16:41:35,482 INFO  impl.RaftServerImpl (RaftServerImpl.java:setRole(171)) - da606bd7-531d-489c-bb8b-b9683742fb83:group-B74C505FF1A8 changes role from FOLLOWER to CANDIDATE at term 0 for changeToCandidate
2019-07-13 16:41:35,483 INFO  impl.RoleInfo (RoleInfo.java:updateAndGet(143)) - da606bd7-531d-489c-bb8b-b9683742fb83: start LeaderElection
2019-07-13 16:41:35,492 INFO  impl.LeaderElection (LeaderElection.java:askForVotes(181)) - da606bd7-531d-489c-bb8b-b9683742fb83:group-B74C505FF1A8:LeaderElection8: begin an election at term 1 for -1: [5c4b3584-effb-44d3-8327-d9784116762a:192.168.5.187:40267, d50a308c-76b6-4352-b87a-c86c145fdca9:192.168.5.187:45324, da606bd7-531d-489c-bb8b-b9683742fb83:192.168.5.187:41928], old=null
2019-07-13 16:41:35,496 INFO  impl.FollowerState (FollowerState.java:run(106)) - d50a308c-76b6-4352-b87a-c86c145fdca9:group-B74C505FF1A8 changes to CANDIDATE, lastRpcTime:5086, electionTimeout:5085ms
2019-07-13 16:41:35,496 INFO  impl.RoleInfo (RoleInfo.java:shutdownFollowerState(121)) - d50a308c-76b6-4352-b87a-c86c145fdca9: shutdown FollowerState
2019-07-13 16:41:35,496 INFO  impl.RaftServerImpl (RaftServerImpl.java:setRole(171)) - d50a308c-76b6-4352-b87a-c86c145fdca9:group-B74C505FF1A8 changes role from FOLLOWER to CANDIDATE at term 0 for changeToCandidate
2019-07-13 16:41:35,497 INFO  impl.RoleInfo (RoleInfo.java:updateAndGet(143)) - d50a308c-76b6-4352-b87a-c86c145fdca9: start LeaderElection
2019-07-13 16:41:35,515 INFO  impl.LeaderElection (LeaderElection.java:askForVotes(181)) - d50a308c-76b6-4352-b87a-c86c145fdca9:group-B74C505FF1A8:LeaderElection9: begin an election at term 1 for -1: [5c4b3584-effb-44d3-8327-d9784116762a:192.168.5.187:40267, d50a308c-76b6-4352-b87a-c86c145fdca9:192.168.5.187:45324, da606bd7-531d-489c-bb8b-b9683742fb83:192.168.5.187:41928], old=null
2019-07-13 16:41:35,530 INFO  impl.FollowerState (FollowerState.java:run(106)) - 2a0497c4-1b57-4b63-a042-6a5a3b631162:group-F206BC6195A7 changes to CANDIDATE, lastRpcTime:5022, electionTimeout:5020ms
2019-07-13 16:41:35,530 INFO  impl.RoleInfo (RoleInfo.java:shutdownFollowerState(121)) - 2a0497c4-1b57-4b63-a042-6a5a3b631162: shutdown FollowerState
2019-07-13 16:41:35,530 INFO  impl.RaftServerImpl (RaftServerImpl.java:setRole(171)) - 2a0497c4-1b57-4b63-a042-6a5a3b631162:group-F206BC6195A7 changes role from FOLLOWER to CANDIDATE at term 0 for changeToCandidate
2019-07-13 16:41:35,530 INFO  impl.RoleInfo (RoleInfo.java:updateAndGet(143)) - 2a0497c4-1b57-4b63-a042-6a5a3b631162: start LeaderElection
2019-07-13 16:41:35,543 INFO  impl.LeaderElection (LeaderElection.java:askForVotes(181)) - 2a0497c4-1b57-4b63-a042-6a5a3b631162:group-F206BC6195A7:LeaderElection10: begin an election at term 1 for -1: [745b003a-3ebb-4019-a00c-319ed3f4c999:192.168.5.187:44555, 2a0497c4-1b57-4b63-a042-6a5a3b631162:192.168.5.187:42830, beb779dd-207a-4c6f-8538-94349668c3a0:192.168.5.187:35770], old=null
2019-07-13 16:41:35,554 INFO  impl.RaftServerImpl (RaftServerImpl.java:setRole(171)) - 5c4b3584-effb-44d3-8327-d9784116762a:group-B74C505FF1A8 changes role from FOLLOWER to FOLLOWER at term 1 for recognizeCandidate:da606bd7-531d-489c-bb8b-b9683742fb83
2019-07-13 16:41:35,555 INFO  impl.RoleInfo (RoleInfo.java:shutdownFollowerState(121)) - 5c4b3584-effb-44d3-8327-d9784116762a: shutdown FollowerState
2019-07-13 16:41:35,555 INFO  impl.RoleInfo (RoleInfo.java:updateAndGet(143)) - 5c4b3584-effb-44d3-8327-d9784116762a: start FollowerState
2019-07-13 16:41:35,558 INFO  impl.FollowerState (FollowerState.java:run(106)) - beb779dd-207a-4c6f-8538-94349668c3a0:group-F206BC6195A7 changes to CANDIDATE, lastRpcTime:5056, electionTimeout:5055ms
2019-07-13 16:41:35,558 INFO  impl.RoleInfo (RoleInfo.java:shutdownFollowerState(121)) - beb779dd-207a-4c6f-8538-94349668c3a0: shutdown FollowerState
2019-07-13 16:41:35,558 INFO  impl.RaftServerImpl (RaftServerImpl.java:setRole(171)) - beb779dd-207a-4c6f-8538-94349668c3a0:group-F206BC6195A7 changes role from FOLLOWER to CANDIDATE at term 0 for changeToCandidate
2019-07-13 16:41:35,559 INFO  impl.RoleInfo (RoleInfo.java:updateAndGet(143)) - beb779dd-207a-4c6f-8538-94349668c3a0: start LeaderElection
2019-07-13 16:41:35,561 INFO  impl.FollowerState (FollowerState.java:run(114)) - 5c4b3584-effb-44d3-8327-d9784116762a: FollowerState was interrupted: java.lang.InterruptedException: sleep interrupted
2019-07-13 16:41:35,580 INFO  impl.RaftServerImpl (RaftServerImpl.java:setRole(171)) - 745b003a-3ebb-4019-a00c-319ed3f4c999:group-F206BC6195A7 changes role from FOLLOWER to FOLLOWER at term 1 for recognizeCandidate:2a0497c4-1b57-4b63-a042-6a5a3b631162
2019-07-13 16:41:35,581 INFO  impl.RoleInfo (RoleInfo.java:shutdownFollowerState(121)) - 745b003a-3ebb-4019-a00c-319ed3f4c999: shutdown FollowerState
2019-07-13 16:41:35,581 INFO  impl.RoleInfo (RoleInfo.java:updateAndGet(143)) - 745b003a-3ebb-4019-a00c-319ed3f4c999: start FollowerState
2019-07-13 16:41:35,581 INFO  impl.FollowerState (FollowerState.java:run(114)) - 745b003a-3ebb-4019-a00c-319ed3f4c999: FollowerState was interrupted: java.lang.InterruptedException: sleep interrupted
2019-07-13 16:41:35,581 INFO  impl.LeaderElection (LeaderElection.java:askForVotes(181)) - beb779dd-207a-4c6f-8538-94349668c3a0:group-F206BC6195A7:LeaderElection11: begin an election at term 1 for -1: [745b003a-3ebb-4019-a00c-319ed3f4c999:192.168.5.187:44555, 2a0497c4-1b57-4b63-a042-6a5a3b631162:192.168.5.187:42830, beb779dd-207a-4c6f-8538-94349668c3a0:192.168.5.187:35770], old=null
2019-07-13 16:41:35,607 INFO  impl.LeaderElection (LeaderElection.java:logAndReturn(56)) - da606bd7-531d-489c-bb8b-b9683742fb83:group-B74C505FF1A8:LeaderElection8: Election PASSED; received 2 response(s) [da606bd7-531d-489c-bb8b-b9683742fb83<-5c4b3584-effb-44d3-8327-d9784116762a#0:OK-t1, da606bd7-531d-489c-bb8b-b9683742fb83<-d50a308c-76b6-4352-b87a-c86c145fdca9#0:FAIL-t1] and 0 exception(s); da606bd7-531d-489c-bb8b-b9683742fb83:t1, leader=null, voted=da606bd7-531d-489c-bb8b-b9683742fb83, raftlog=da606bd7-531d-489c-bb8b-b9683742fb83-SegmentedRaftLog:OPENED:c-1,f-1,i0, conf=-1: [5c4b3584-effb-44d3-8327-d9784116762a:192.168.5.187:40267, d50a308c-76b6-4352-b87a-c86c145fdca9:192.168.5.187:45324, da606bd7-531d-489c-bb8b-b9683742fb83:192.168.5.187:41928], old=null
2019-07-13 16:41:35,607 INFO  impl.LeaderElection (LeaderElection.java:logAndReturn(56)) - d50a308c-76b6-4352-b87a-c86c145fdca9:group-B74C505FF1A8:LeaderElection9: Election REJECTED; received 2 response(s) [d50a308c-76b6-4352-b87a-c86c145fdca9<-5c4b3584-effb-44d3-8327-d9784116762a#0:FAIL-t1, d50a308c-76b6-4352-b87a-c86c145fdca9<-da606bd7-531d-489c-bb8b-b9683742fb83#0:FAIL-t1] and 0 exception(s); d50a308c-76b6-4352-b87a-c86c145fdca9:t1, leader=null, voted=d50a308c-76b6-4352-b87a-c86c145fdca9, raftlog=d50a308c-76b6-4352-b87a-c86c145fdca9-SegmentedRaftLog:OPENED:c-1,f-1,i0, conf=-1: [5c4b3584-effb-44d3-8327-d9784116762a:192.168.5.187:40267, d50a308c-76b6-4352-b87a-c86c145fdca9:192.168.5.187:45324, da606bd7-531d-489c-bb8b-b9683742fb83:192.168.5.187:41928], old=null
2019-07-13 16:41:35,607 INFO  impl.RoleInfo (RoleInfo.java:shutdownLeaderElection(134)) - da606bd7-531d-489c-bb8b-b9683742fb83: shutdown LeaderElection
2019-07-13 16:41:35,610 INFO  impl.RaftServerImpl (RaftServerImpl.java:setRole(171)) - da606bd7-531d-489c-bb8b-b9683742fb83:group-B74C505FF1A8 changes role from CANDIDATE to LEADER at term 1 for changeToLeader
2019-07-13 16:41:35,610 INFO  impl.RaftServerImpl (ServerState.java:setLeader(263)) - da606bd7-531d-489c-bb8b-b9683742fb83:group-B74C505FF1A8 change Leader from null to da606bd7-531d-489c-bb8b-b9683742fb83 at term 1 for becomeLeader, leader elected after 5215ms
2019-07-13 16:41:35,612 INFO  impl.RaftServerImpl (RaftServerImpl.java:setRole(171)) - d50a308c-76b6-4352-b87a-c86c145fdca9:group-B74C505FF1A8 changes role from CANDIDATE to FOLLOWER at term 1 for DISCOVERED_A_NEW_TERM
2019-07-13 16:41:35,614 INFO  impl.RoleInfo (RoleInfo.java:shutdownLeaderElection(134)) - d50a308c-76b6-4352-b87a-c86c145fdca9: shutdown LeaderElection
2019-07-13 16:41:35,614 INFO  server.RaftServerConfigKeys (ConfUtils.java:logGet(43)) - raft.server.staging.catchup.gap = 1000 (default)
2019-07-13 16:41:35,616 INFO  impl.RoleInfo (RoleInfo.java:updateAndGet(143)) - d50a308c-76b6-4352-b87a-c86c145fdca9: start FollowerState
2019-07-13 16:41:35,616 INFO  server.RaftServerConfigKeys (ConfUtils.java:logGet(43)) - raft.server.rpc.sleep.time = 25ms (default)
2019-07-13 16:41:35,619 INFO  server.RaftServerConfigKeys (ConfUtils.java:logGet(43)) - raft.server.write.element-limit = 4096 (default)
2019-07-13 16:41:35,619 INFO  server.RaftServerConfigKeys (ConfUtils.java:logGet(43)) - raft.server.watch.timeout = 10s (default)
2019-07-13 16:41:35,619 INFO  server.RaftServerConfigKeys (ConfUtils.java:logGet(43)) - raft.server.watch.timeout.denomination = 1s (default)
2019-07-13 16:41:35,620 INFO  server.RaftServerConfigKeys (ConfUtils.java:logGet(43)) - raft.server.watch.element-limit = 65536 (default)
2019-07-13 16:41:35,623 INFO  impl.LeaderElection (LeaderElection.java:logAndReturn(56)) - 2a0497c4-1b57-4b63-a042-6a5a3b631162:group-F206BC6195A7:LeaderElection10: Election PASSED; received 2 response(s) [2a0497c4-1b57-4b63-a042-6a5a3b631162<-745b003a-3ebb-4019-a00c-319ed3f4c999#0:OK-t1, 2a0497c4-1b57-4b63-a042-6a5a3b631162<-beb779dd-207a-4c6f-8538-94349668c3a0#0:FAIL-t1] and 0 exception(s); 2a0497c4-1b57-4b63-a042-6a5a3b631162:t1, leader=null, voted=2a0497c4-1b57-4b63-a042-6a5a3b631162, raftlog=2a0497c4-1b57-4b63-a042-6a5a3b631162-SegmentedRaftLog:OPENED:c-1,f-1,i0, conf=-1: [745b003a-3ebb-4019-a00c-319ed3f4c999:192.168.5.187:44555, 2a0497c4-1b57-4b63-a042-6a5a3b631162:192.168.5.187:42830, beb779dd-207a-4c6f-8538-94349668c3a0:192.168.5.187:35770], old=null
2019-07-13 16:41:35,625 INFO  impl.RoleInfo (RoleInfo.java:shutdownLeaderElection(134)) - 2a0497c4-1b57-4b63-a042-6a5a3b631162: shutdown LeaderElection
2019-07-13 16:41:35,628 INFO  impl.RaftServerImpl (RaftServerImpl.java:setRole(171)) - 2a0497c4-1b57-4b63-a042-6a5a3b631162:group-F206BC6195A7 changes role from CANDIDATE to LEADER at term 1 for changeToLeader
2019-07-13 16:41:35,632 INFO  impl.RaftServerImpl (ServerState.java:setLeader(263)) - 2a0497c4-1b57-4b63-a042-6a5a3b631162:group-F206BC6195A7 change Leader from null to 2a0497c4-1b57-4b63-a042-6a5a3b631162 at term 1 for becomeLeader, leader elected after 5140ms
2019-07-13 16:41:35,632 INFO  server.RaftServerConfigKeys (ConfUtils.java:logGet(43)) - raft.server.staging.catchup.gap = 1000 (default)
2019-07-13 16:41:35,632 INFO  server.RaftServerConfigKeys (ConfUtils.java:logGet(43)) - raft.server.log.appender.snapshot.chunk.size.max = 16MB (=16777216) (default)
2019-07-13 16:41:35,634 INFO  server.RaftServerConfigKeys (ConfUtils.java:logGet(43)) - raft.server.rpc.sleep.time = 25ms (default)
2019-07-13 16:41:35,634 INFO  server.RaftServerConfigKeys (ConfUtils.java:logGet(43)) - raft.server.log.appender.buffer.byte-limit = 33554432 (custom)
2019-07-13 16:41:35,634 INFO  server.RaftServerConfigKeys (ConfUtils.java:logGet(43)) - raft.server.write.element-limit = 4096 (default)
2019-07-13 16:41:35,636 INFO  server.RaftServerConfigKeys (ConfUtils.java:logGet(43)) - raft.server.watch.timeout = 10s (default)
2019-07-13 16:41:35,636 INFO  server.RaftServerConfigKeys (ConfUtils.java:logGet(43)) - raft.server.watch.timeout.denomination = 1s (default)
2019-07-13 16:41:35,637 INFO  server.RaftServerConfigKeys (ConfUtils.java:logGet(43)) - raft.server.watch.element-limit = 65536 (default)
2019-07-13 16:41:35,637 INFO  server.RaftServerConfigKeys (ConfUtils.java:logGet(43)) - raft.server.log.appender.buffer.element-limit = 1 (custom)
2019-07-13 16:41:35,637 INFO  server.RaftServerConfigKeys (ConfUtils.java:logGet(43)) - raft.server.log.appender.snapshot.chunk.size.max = 16MB (=16777216) (default)
2019-07-13 16:41:35,637 INFO  server.RaftServerConfigKeys (ConfUtils.java:logGet(43)) - raft.server.log.appender.buffer.byte-limit = 33554432 (custom)
2019-07-13 16:41:35,637 INFO  server.RaftServerConfigKeys (ConfUtils.java:logGet(43)) - raft.server.log.appender.buffer.element-limit = 1 (custom)
2019-07-13 16:41:35,641 INFO  grpc.GrpcConfigKeys$Server (ConfUtils.java:logGet(43)) - raft.grpc.server.leader.outstanding.appends.max = 128 (default)
2019-07-13 16:41:35,641 INFO  grpc.GrpcConfigKeys$Server (ConfUtils.java:logGet(43)) - raft.grpc.server.leader.outstanding.appends.max = 128 (default)
2019-07-13 16:41:35,643 INFO  server.RaftServerConfigKeys (ConfUtils.java:logGet(43)) - raft.server.rpc.request.timeout = 3000ms (default)
2019-07-13 16:41:35,643 INFO  server.RaftServerConfigKeys (ConfUtils.java:logGet(43)) - raft.server.rpc.request.timeout = 3000ms (default)
2019-07-13 16:41:35,643 INFO  server.RaftServerConfigKeys (ConfUtils.java:logGet(43)) - raft.server.log.appender.install.snapshot.enabled = false (custom)
2019-07-13 16:41:35,643 INFO  server.RaftServerConfigKeys (ConfUtils.java:logGet(43)) - raft.server.log.appender.install.snapshot.enabled = false (custom)
2019-07-13 16:41:35,644 INFO  server.RaftServerConfigKeys (ConfUtils.java:logGet(43)) - raft.server.log.appender.snapshot.chunk.size.max = 16MB (=16777216) (default)
2019-07-13 16:41:35,644 INFO  server.RaftServerConfigKeys (ConfUtils.java:logGet(43)) - raft.server.log.appender.snapshot.chunk.size.max = 16MB (=16777216) (default)
2019-07-13 16:41:35,644 INFO  server.RaftServerConfigKeys (ConfUtils.java:logGet(43)) - raft.server.log.appender.buffer.byte-limit = 33554432 (custom)
2019-07-13 16:41:35,644 INFO  server.RaftServerConfigKeys (ConfUtils.java:logGet(43)) - raft.server.log.appender.buffer.byte-limit = 33554432 (custom)
2019-07-13 16:41:35,644 INFO  server.RaftServerConfigKeys (ConfUtils.java:logGet(43)) - raft.server.log.appender.buffer.element-limit = 1 (custom)
2019-07-13 16:41:35,645 INFO  server.RaftServerConfigKeys (ConfUtils.java:logGet(43)) - raft.server.log.appender.buffer.element-limit = 1 (custom)
2019-07-13 16:41:35,645 INFO  grpc.GrpcConfigKeys$Server (ConfUtils.java:logGet(43)) - raft.grpc.server.leader.outstanding.appends.max = 128 (default)
2019-07-13 16:41:35,645 INFO  grpc.GrpcConfigKeys$Server (ConfUtils.java:logGet(43)) - raft.grpc.server.leader.outstanding.appends.max = 128 (default)
2019-07-13 16:41:35,645 INFO  server.RaftServerConfigKeys (ConfUtils.java:logGet(43)) - raft.server.rpc.request.timeout = 3000ms (default)
2019-07-13 16:41:35,645 INFO  server.RaftServerConfigKeys (ConfUtils.java:logGet(43)) - raft.server.rpc.request.timeout = 3000ms (default)
2019-07-13 16:41:35,646 INFO  server.RaftServerConfigKeys (ConfUtils.java:logGet(43)) - raft.server.log.appender.install.snapshot.enabled = false (custom)
2019-07-13 16:41:35,646 INFO  server.RaftServerConfigKeys (ConfUtils.java:logGet(43)) - raft.server.log.appender.install.snapshot.enabled = false (custom)
2019-07-13 16:41:35,647 INFO  impl.RoleInfo (RoleInfo.java:updateAndGet(143)) - da606bd7-531d-489c-bb8b-b9683742fb83: start LeaderState
2019-07-13 16:41:35,647 INFO  impl.RoleInfo (RoleInfo.java:updateAndGet(143)) - 2a0497c4-1b57-4b63-a042-6a5a3b631162: start LeaderState
2019-07-13 16:41:35,648 INFO  segmented.SegmentedRaftLogWorker (SegmentedRaftLogWorker.java:startLogSegment(380)) - da606bd7-531d-489c-bb8b-b9683742fb83-SegmentedRaftLogWorker:Storage Directory /tmp/workdir/hadoop-ozone/integration-test/target/test-dir/MiniOzoneClusterImpl-52b72032-6bad-46f5-98b7-0de9f20c993a/datanode-6/data/ratis/5a6b3024-2180-435e-a3ab-b74c505ff1a8: Starting segment from index:0
2019-07-13 16:41:35,648 INFO  segmented.SegmentedRaftLogWorker (SegmentedRaftLogWorker.java:startLogSegment(380)) - 2a0497c4-1b57-4b63-a042-6a5a3b631162-SegmentedRaftLogWorker:Storage Directory /tmp/workdir/hadoop-ozone/integration-test/target/test-dir/MiniOzoneClusterImpl-52b72032-6bad-46f5-98b7-0de9f20c993a/datanode-3/data/ratis/314a277d-f4e0-4475-83de-f206bc6195a7: Starting segment from index:0
2019-07-13 16:41:35,649 INFO  impl.RaftServerImpl (ServerState.java:setRaftConf(361)) - da606bd7-531d-489c-bb8b-b9683742fb83:group-B74C505FF1A8 set configuration 0: [5c4b3584-effb-44d3-8327-d9784116762a:192.168.5.187:40267, d50a308c-76b6-4352-b87a-c86c145fdca9:192.168.5.187:45324, da606bd7-531d-489c-bb8b-b9683742fb83:192.168.5.187:41928], old=null at 0
2019-07-13 16:41:35,650 INFO  impl.RaftServerImpl (ServerState.java:setRaftConf(361)) - 2a0497c4-1b57-4b63-a042-6a5a3b631162:group-F206BC6195A7 set configuration 0: [745b003a-3ebb-4019-a00c-319ed3f4c999:192.168.5.187:44555, 2a0497c4-1b57-4b63-a042-6a5a3b631162:192.168.5.187:42830, beb779dd-207a-4c6f-8538-94349668c3a0:192.168.5.187:35770], old=null at 0
2019-07-13 16:41:35,672 INFO  impl.RaftServerImpl (RaftServerImpl.java:requestVote(754)) - 2a0497c4-1b57-4b63-a042-6a5a3b631162-LEADER: Withhold vote from candidate beb779dd-207a-4c6f-8538-94349668c3a0 with term 1. State: leader=2a0497c4-1b57-4b63-a042-6a5a3b631162, term=1, lastRpcElapsed=null
2019-07-13 16:41:35,679 INFO  impl.LeaderElection (LeaderElection.java:logAndReturn(56)) - beb779dd-207a-4c6f-8538-94349668c3a0:group-F206BC6195A7:LeaderElection11: Election REJECTED; received 2 response(s) [beb779dd-207a-4c6f-8538-94349668c3a0<-745b003a-3ebb-4019-a00c-319ed3f4c999#0:FAIL-t1, beb779dd-207a-4c6f-8538-94349668c3a0<-2a0497c4-1b57-4b63-a042-6a5a3b631162#0:FAIL-t1] and 0 exception(s); beb779dd-207a-4c6f-8538-94349668c3a0:t1, leader=null, voted=beb779dd-207a-4c6f-8538-94349668c3a0, raftlog=beb779dd-207a-4c6f-8538-94349668c3a0-SegmentedRaftLog:OPENED:c-1,f-1,i0, conf=-1: [745b003a-3ebb-4019-a00c-319ed3f4c999:192.168.5.187:44555, 2a0497c4-1b57-4b63-a042-6a5a3b631162:192.168.5.187:42830, beb779dd-207a-4c6f-8538-94349668c3a0:192.168.5.187:35770], old=null
2019-07-13 16:41:35,679 INFO  impl.RaftServerImpl (RaftServerImpl.java:setRole(171)) - beb779dd-207a-4c6f-8538-94349668c3a0:group-F206BC6195A7 changes role from CANDIDATE to FOLLOWER at term 1 for DISCOVERED_A_NEW_TERM
2019-07-13 16:41:35,682 INFO  segmented.SegmentedRaftLogWorker (SegmentedRaftLogWorker.java:execute(569)) - da606bd7-531d-489c-bb8b-b9683742fb83-SegmentedRaftLogWorker:Storage Directory /tmp/workdir/hadoop-ozone/integration-test/target/test-dir/MiniOzoneClusterImpl-52b72032-6bad-46f5-98b7-0de9f20c993a/datanode-6/data/ratis/5a6b3024-2180-435e-a3ab-b74c505ff1a8: created new log segment /tmp/workdir/hadoop-ozone/integration-test/target/test-dir/MiniOzoneClusterImpl-52b72032-6bad-46f5-98b7-0de9f20c993a/datanode-6/data/ratis/5a6b3024-2180-435e-a3ab-b74c505ff1a8/current/log_inprogress_0
2019-07-13 16:41:35,682 INFO  impl.RoleInfo (RoleInfo.java:shutdownLeaderElection(134)) - beb779dd-207a-4c6f-8538-94349668c3a0: shutdown LeaderElection
2019-07-13 16:41:35,686 INFO  segmented.SegmentedRaftLogWorker (SegmentedRaftLogWorker.java:execute(569)) - 2a0497c4-1b57-4b63-a042-6a5a3b631162-SegmentedRaftLogWorker:Storage Directory /tmp/workdir/hadoop-ozone/integration-test/target/test-dir/MiniOzoneClusterImpl-52b72032-6bad-46f5-98b7-0de9f20c993a/datanode-3/data/ratis/314a277d-f4e0-4475-83de-f206bc6195a7: created new log segment /tmp/workdir/hadoop-ozone/integration-test/target/test-dir/MiniOzoneClusterImpl-52b72032-6bad-46f5-98b7-0de9f20c993a/datanode-3/data/ratis/314a277d-f4e0-4475-83de-f206bc6195a7/current/log_inprogress_0
2019-07-13 16:41:35,688 INFO  impl.RoleInfo (RoleInfo.java:updateAndGet(143)) - beb779dd-207a-4c6f-8538-94349668c3a0: start FollowerState
2019-07-13 16:41:35,710 INFO  impl.RaftServerImpl (ServerState.java:setLeader(263)) - 5c4b3584-effb-44d3-8327-d9784116762a:group-B74C505FF1A8 change Leader from null to da606bd7-531d-489c-bb8b-b9683742fb83 at term 1 for appendEntries, leader elected after 5316ms
2019-07-13 16:41:35,710 INFO  impl.RaftServerImpl (ServerState.java:setLeader(263)) - 745b003a-3ebb-4019-a00c-319ed3f4c999:group-F206BC6195A7 change Leader from null to 2a0497c4-1b57-4b63-a042-6a5a3b631162 at term 1 for appendEntries, leader elected after 5220ms
2019-07-13 16:41:35,717 INFO  impl.RaftServerImpl (ServerState.java:setLeader(263)) - d50a308c-76b6-4352-b87a-c86c145fdca9:group-B74C505FF1A8 change Leader from null to da606bd7-531d-489c-bb8b-b9683742fb83 at term 1 for appendEntries, leader elected after 5323ms
2019-07-13 16:41:35,717 INFO  impl.RaftServerImpl (ServerState.java:setLeader(263)) - beb779dd-207a-4c6f-8538-94349668c3a0:group-F206BC6195A7 change Leader from null to 2a0497c4-1b57-4b63-a042-6a5a3b631162 at term 1 for appendEntries, leader elected after 5227ms
2019-07-13 16:41:35,748 INFO  impl.RaftServerImpl (ServerState.java:setRaftConf(361)) - 745b003a-3ebb-4019-a00c-319ed3f4c999:group-F206BC6195A7 set configuration 0: [745b003a-3ebb-4019-a00c-319ed3f4c999:192.168.5.187:44555, 2a0497c4-1b57-4b63-a042-6a5a3b631162:192.168.5.187:42830, beb779dd-207a-4c6f-8538-94349668c3a0:192.168.5.187:35770], old=null at 0
2019-07-13 16:41:35,748 INFO  impl.RaftServerImpl (ServerState.java:setRaftConf(361)) - beb779dd-207a-4c6f-8538-94349668c3a0:group-F206BC6195A7 set configuration 0: [745b003a-3ebb-4019-a00c-319ed3f4c999:192.168.5.187:44555, 2a0497c4-1b57-4b63-a042-6a5a3b631162:192.168.5.187:42830, beb779dd-207a-4c6f-8538-94349668c3a0:192.168.5.187:35770], old=null at 0
2019-07-13 16:41:35,748 INFO  impl.RaftServerImpl (ServerState.java:setRaftConf(361)) - 5c4b3584-effb-44d3-8327-d9784116762a:group-B74C505FF1A8 set configuration 0: [5c4b3584-effb-44d3-8327-d9784116762a:192.168.5.187:40267, d50a308c-76b6-4352-b87a-c86c145fdca9:192.168.5.187:45324, da606bd7-531d-489c-bb8b-b9683742fb83:192.168.5.187:41928], old=null at 0
2019-07-13 16:41:35,748 INFO  impl.RaftServerImpl (ServerState.java:setRaftConf(361)) - d50a308c-76b6-4352-b87a-c86c145fdca9:group-B74C505FF1A8 set configuration 0: [5c4b3584-effb-44d3-8327-d9784116762a:192.168.5.187:40267, d50a308c-76b6-4352-b87a-c86c145fdca9:192.168.5.187:45324, da606bd7-531d-489c-bb8b-b9683742fb83:192.168.5.187:41928], old=null at 0
2019-07-13 16:41:35,748 INFO  segmented.SegmentedRaftLogWorker (SegmentedRaftLogWorker.java:startLogSegment(380)) - 5c4b3584-effb-44d3-8327-d9784116762a-SegmentedRaftLogWorker:Storage Directory /tmp/workdir/hadoop-ozone/integration-test/target/test-dir/MiniOzoneClusterImpl-52b72032-6bad-46f5-98b7-0de9f20c993a/datanode-2/data/ratis/5a6b3024-2180-435e-a3ab-b74c505ff1a8: Starting segment from index:0
2019-07-13 16:41:35,748 INFO  segmented.SegmentedRaftLogWorker (SegmentedRaftLogWorker.java:startLogSegment(380)) - beb779dd-207a-4c6f-8538-94349668c3a0-SegmentedRaftLogWorker:Storage Directory /tmp/workdir/hadoop-ozone/integration-test/target/test-dir/MiniOzoneClusterImpl-52b72032-6bad-46f5-98b7-0de9f20c993a/datanode-1/data/ratis/314a277d-f4e0-4475-83de-f206bc6195a7: Starting segment from index:0
2019-07-13 16:41:35,748 INFO  segmented.SegmentedRaftLogWorker (SegmentedRaftLogWorker.java:startLogSegment(380)) - 745b003a-3ebb-4019-a00c-319ed3f4c999-SegmentedRaftLogWorker:Storage Directory /tmp/workdir/hadoop-ozone/integration-test/target/test-dir/MiniOzoneClusterImpl-52b72032-6bad-46f5-98b7-0de9f20c993a/datanode-5/data/ratis/314a277d-f4e0-4475-83de-f206bc6195a7: Starting segment from index:0
2019-07-13 16:41:35,749 INFO  segmented.SegmentedRaftLogWorker (SegmentedRaftLogWorker.java:startLogSegment(380)) - d50a308c-76b6-4352-b87a-c86c145fdca9-SegmentedRaftLogWorker:Storage Directory /tmp/workdir/hadoop-ozone/integration-test/target/test-dir/MiniOzoneClusterImpl-52b72032-6bad-46f5-98b7-0de9f20c993a/datanode-0/data/ratis/5a6b3024-2180-435e-a3ab-b74c505ff1a8: Starting segment from index:0
2019-07-13 16:41:35,787 INFO  segmented.SegmentedRaftLogWorker (SegmentedRaftLogWorker.java:execute(569)) - 5c4b3584-effb-44d3-8327-d9784116762a-SegmentedRaftLogWorker:Storage Directory /tmp/workdir/hadoop-ozone/integration-test/target/test-dir/MiniOzoneClusterImpl-52b72032-6bad-46f5-98b7-0de9f20c993a/datanode-2/data/ratis/5a6b3024-2180-435e-a3ab-b74c505ff1a8: created new log segment /tmp/workdir/hadoop-ozone/integration-test/target/test-dir/MiniOzoneClusterImpl-52b72032-6bad-46f5-98b7-0de9f20c993a/datanode-2/data/ratis/5a6b3024-2180-435e-a3ab-b74c505ff1a8/current/log_inprogress_0
2019-07-13 16:41:35,787 INFO  segmented.SegmentedRaftLogWorker (SegmentedRaftLogWorker.java:execute(569)) - 745b003a-3ebb-4019-a00c-319ed3f4c999-SegmentedRaftLogWorker:Storage Directory /tmp/workdir/hadoop-ozone/integration-test/target/test-dir/MiniOzoneClusterImpl-52b72032-6bad-46f5-98b7-0de9f20c993a/datanode-5/data/ratis/314a277d-f4e0-4475-83de-f206bc6195a7: created new log segment /tmp/workdir/hadoop-ozone/integration-test/target/test-dir/MiniOzoneClusterImpl-52b72032-6bad-46f5-98b7-0de9f20c993a/datanode-5/data/ratis/314a277d-f4e0-4475-83de-f206bc6195a7/current/log_inprogress_0
2019-07-13 16:41:35,787 INFO  segmented.SegmentedRaftLogWorker (SegmentedRaftLogWorker.java:execute(569)) - beb779dd-207a-4c6f-8538-94349668c3a0-SegmentedRaftLogWorker:Storage Directory /tmp/workdir/hadoop-ozone/integration-test/target/test-dir/MiniOzoneClusterImpl-52b72032-6bad-46f5-98b7-0de9f20c993a/datanode-1/data/ratis/314a277d-f4e0-4475-83de-f206bc6195a7: created new log segment /tmp/workdir/hadoop-ozone/integration-test/target/test-dir/MiniOzoneClusterImpl-52b72032-6bad-46f5-98b7-0de9f20c993a/datanode-1/data/ratis/314a277d-f4e0-4475-83de-f206bc6195a7/current/log_inprogress_0
2019-07-13 16:41:35,787 INFO  segmented.SegmentedRaftLogWorker (SegmentedRaftLogWorker.java:execute(569)) - d50a308c-76b6-4352-b87a-c86c145fdca9-SegmentedRaftLogWorker:Storage Directory /tmp/workdir/hadoop-ozone/integration-test/target/test-dir/MiniOzoneClusterImpl-52b72032-6bad-46f5-98b7-0de9f20c993a/datanode-0/data/ratis/5a6b3024-2180-435e-a3ab-b74c505ff1a8: created new log segment /tmp/workdir/hadoop-ozone/integration-test/target/test-dir/MiniOzoneClusterImpl-52b72032-6bad-46f5-98b7-0de9f20c993a/datanode-0/data/ratis/5a6b3024-2180-435e-a3ab-b74c505ff1a8/current/log_inprogress_0
2019-07-13 16:41:35,997 INFO  container.CloseContainerEventHandler (CloseContainerEventHandler.java:onMessage(61)) - Close container Event triggered for container : #1
2019-07-13 16:41:36,007 INFO  container.CloseContainerEventHandler (CloseContainerEventHandler.java:onMessage(61)) - Close container Event triggered for container : #1
2019-07-13 16:41:36,007 INFO  container.CloseContainerEventHandler (CloseContainerEventHandler.java:onMessage(61)) - Close container Event triggered for container : #1
2019-07-13 16:41:36,032 INFO  client.GrpcClientProtocolClient (GrpcClientProtocolClient.java:onNext(255)) - client-0961B0213EDD->2a0497c4-1b57-4b63-a042-6a5a3b631162: receive RaftClientReply:client-0961B0213EDD->2a0497c4-1b57-4b63-a042-6a5a3b631162@group-F206BC6195A7, cid=13, SUCCESS, logIndex=1, commits[2a0497c4-1b57-4b63-a042-6a5a3b631162:c1, 745b003a-3ebb-4019-a00c-319ed3f4c999:c0, beb779dd-207a-4c6f-8538-94349668c3a0:c0]
2019-07-13 16:41:36,188 INFO  client.GrpcClientProtocolClient (GrpcClientProtocolClient.java:onNext(255)) - client-0961B0213EDD->2a0497c4-1b57-4b63-a042-6a5a3b631162: receive RaftClientReply:client-0961B0213EDD->2a0497c4-1b57-4b63-a042-6a5a3b631162@group-F206BC6195A7, cid=14, SUCCESS, logIndex=3, commits[2a0497c4-1b57-4b63-a042-6a5a3b631162:c4, 745b003a-3ebb-4019-a00c-319ed3f4c999:c3, beb779dd-207a-4c6f-8538-94349668c3a0:c3]
2019-07-13 16:41:37,924 INFO  interfaces.Container (KeyValueContainer.java:compactDB(356)) - Container 1 is closed with bcsId 3.
2019-07-13 16:41:37,924 INFO  interfaces.Container (KeyValueContainer.java:compactDB(356)) - Container 1 is closed with bcsId 3.
2019-07-13 16:41:37,947 INFO  interfaces.Container (KeyValueContainer.java:compactDB(356)) - Container 1 is closed with bcsId 3.
16:41:38.021 [grpc-default-executor-0] ERROR DNAudit - user=null | ip=null | op=WRITE_CHUNK {blockData=conID: 1 locID: 102435133281075201 bcsId: 3} | ret=FAILURE
org.apache.hadoop.hdds.scm.container.common.helpers.ContainerNotOpenException: Container 1 in CLOSED state
	at org.apache.hadoop.ozone.container.common.impl.HddsDispatcher.validateContainerCommand(HddsDispatcher.java:408) ~[hadoop-hdds-container-service-0.5.0-SNAPSHOT.jar:?]
	at org.apache.hadoop.ozone.container.common.transport.server.ratis.ContainerStateMachine.startTransaction(ContainerStateMachine.java:271) ~[hadoop-hdds-container-service-0.5.0-SNAPSHOT.jar:?]
	at org.apache.ratis.server.impl.RaftServerImpl.submitClientRequestAsync(RaftServerImpl.java:566) ~[ratis-server-0.4.0-2337318-SNAPSHOT.jar:0.4.0-2337318-SNAPSHOT]
	at org.apache.ratis.server.impl.RaftServerProxy.lambda$submitClientRequestAsync$7(RaftServerProxy.java:333) ~[ratis-server-0.4.0-2337318-SNAPSHOT.jar:0.4.0-2337318-SNAPSHOT]
	at org.apache.ratis.server.impl.RaftServerProxy.lambda$null$5(RaftServerProxy.java:328) ~[ratis-server-0.4.0-2337318-SNAPSHOT.jar:0.4.0-2337318-SNAPSHOT]
	at org.apache.ratis.util.JavaUtils.callAsUnchecked(JavaUtils.java:109) ~[ratis-common-0.4.0-2337318-SNAPSHOT.jar:0.4.0-2337318-SNAPSHOT]
	at org.apache.ratis.server.impl.RaftServerProxy.lambda$submitRequest$6(RaftServerProxy.java:328) ~[ratis-server-0.4.0-2337318-SNAPSHOT.jar:0.4.0-2337318-SNAPSHOT]
	at java.util.concurrent.CompletableFuture.uniComposeStage(CompletableFuture.java:981) ~[?:1.8.0_212]
	at java.util.concurrent.CompletableFuture.thenCompose(CompletableFuture.java:2124) ~[?:1.8.0_212]
	at org.apache.ratis.server.impl.RaftServerProxy.submitRequest(RaftServerProxy.java:327) ~[ratis-server-0.4.0-2337318-SNAPSHOT.jar:0.4.0-2337318-SNAPSHOT]
	at org.apache.ratis.server.impl.RaftServerProxy.submitClientRequestAsync(RaftServerProxy.java:333) ~[ratis-server-0.4.0-2337318-SNAPSHOT.jar:0.4.0-2337318-SNAPSHOT]
	at org.apache.ratis.grpc.client.GrpcClientProtocolService$RequestStreamObserver.processClientRequest(GrpcClientProtocolService.java:220) ~[ratis-grpc-0.4.0-2337318-SNAPSHOT.jar:0.4.0-2337318-SNAPSHOT]
	at org.apache.ratis.grpc.client.GrpcClientProtocolService$OrderedRequestStreamObserver.processClientRequest(GrpcClientProtocolService.java:326) ~[ratis-grpc-0.4.0-2337318-SNAPSHOT.jar:0.4.0-2337318-SNAPSHOT]
	at org.apache.ratis.util.SlidingWindow$Server.processRequestsFromHead(SlidingWindow.java:429) [ratis-common-0.4.0-2337318-SNAPSHOT.jar:0.4.0-2337318-SNAPSHOT]
	at org.apache.ratis.util.SlidingWindow$Server.receivedRequest(SlidingWindow.java:421) [ratis-common-0.4.0-2337318-SNAPSHOT.jar:0.4.0-2337318-SNAPSHOT]
	at org.apache.ratis.grpc.client.GrpcClientProtocolService$OrderedRequestStreamObserver.processClientRequest(GrpcClientProtocolService.java:345) [ratis-grpc-0.4.0-2337318-SNAPSHOT.jar:0.4.0-2337318-SNAPSHOT]
	at org.apache.ratis.grpc.client.GrpcClientProtocolService$RequestStreamObserver.onNext(GrpcClientProtocolService.java:240) [ratis-grpc-0.4.0-2337318-SNAPSHOT.jar:0.4.0-2337318-SNAPSHOT]
	at org.apache.ratis.grpc.client.GrpcClientProtocolService$RequestStreamObserver.onNext(GrpcClientProtocolService.java:168) [ratis-grpc-0.4.0-2337318-SNAPSHOT.jar:0.4.0-2337318-SNAPSHOT]
	at org.apache.ratis.thirdparty.io.grpc.stub.ServerCalls$StreamingServerCallHandler$StreamingServerCallListener.onMessage(ServerCalls.java:248) [ratis-thirdparty-misc-0.2.0.jar:0.2.0]
	at org.apache.ratis.thirdparty.io.grpc.internal.ServerCallImpl$ServerStreamListenerImpl.messagesAvailable(ServerCallImpl.java:263) [ratis-thirdparty-misc-0.2.0.jar:0.2.0]
	at org.apache.ratis.thirdparty.io.grpc.internal.ServerImpl$JumpToApplicationThreadServerStreamListener$1MessagesAvailable.runInContext(ServerImpl.java:686) [ratis-thirdparty-misc-0.2.0.jar:0.2.0]
	at org.apache.ratis.thirdparty.io.grpc.internal.ContextRunnable.run(ContextRunnable.java:37) [ratis-thirdparty-misc-0.2.0.jar:0.2.0]
	at org.apache.ratis.thirdparty.io.grpc.internal.SerializingExecutor.run(SerializingExecutor.java:123) [ratis-thirdparty-misc-0.2.0.jar:0.2.0]
	at java.util.concurrent.ThreadPoolExecutor.runWorker(ThreadPoolExecutor.java:1149) [?:1.8.0_212]
	at java.util.concurrent.ThreadPoolExecutor$Worker.run(ThreadPoolExecutor.java:624) [?:1.8.0_212]
	at java.lang.Thread.run(Thread.java:748) [?:1.8.0_212]
16:41:38.069 [grpc-default-executor-0] ERROR DNAudit - user=null | ip=null | op=PUT_BLOCK {blockData=[blockId=conID: 1 locID: 102435133281075201 bcsId: 0,size=2097152]} | ret=FAILURE
org.apache.hadoop.hdds.scm.container.common.helpers.ContainerNotOpenException: Container 1 in CLOSED state
	at org.apache.hadoop.ozone.container.common.impl.HddsDispatcher.validateContainerCommand(HddsDispatcher.java:408) ~[hadoop-hdds-container-service-0.5.0-SNAPSHOT.jar:?]
	at org.apache.hadoop.ozone.container.common.transport.server.ratis.ContainerStateMachine.startTransaction(ContainerStateMachine.java:271) ~[hadoop-hdds-container-service-0.5.0-SNAPSHOT.jar:?]
	at org.apache.ratis.server.impl.RaftServerImpl.submitClientRequestAsync(RaftServerImpl.java:566) ~[ratis-server-0.4.0-2337318-SNAPSHOT.jar:0.4.0-2337318-SNAPSHOT]
	at org.apache.ratis.server.impl.RaftServerProxy.lambda$submitClientRequestAsync$7(RaftServerProxy.java:333) ~[ratis-server-0.4.0-2337318-SNAPSHOT.jar:0.4.0-2337318-SNAPSHOT]
	at org.apache.ratis.server.impl.RaftServerProxy.lambda$null$5(RaftServerProxy.java:328) ~[ratis-server-0.4.0-2337318-SNAPSHOT.jar:0.4.0-2337318-SNAPSHOT]
	at org.apache.ratis.util.JavaUtils.callAsUnchecked(JavaUtils.java:109) ~[ratis-common-0.4.0-2337318-SNAPSHOT.jar:0.4.0-2337318-SNAPSHOT]
	at org.apache.ratis.server.impl.RaftServerProxy.lambda$submitRequest$6(RaftServerProxy.java:328) ~[ratis-server-0.4.0-2337318-SNAPSHOT.jar:0.4.0-2337318-SNAPSHOT]
	at java.util.concurrent.CompletableFuture.uniComposeStage(CompletableFuture.java:981) ~[?:1.8.0_212]
	at java.util.concurrent.CompletableFuture.thenCompose(CompletableFuture.java:2124) ~[?:1.8.0_212]
	at org.apache.ratis.server.impl.RaftServerProxy.submitRequest(RaftServerProxy.java:327) ~[ratis-server-0.4.0-2337318-SNAPSHOT.jar:0.4.0-2337318-SNAPSHOT]
	at org.apache.ratis.server.impl.RaftServerProxy.submitClientRequestAsync(RaftServerProxy.java:333) ~[ratis-server-0.4.0-2337318-SNAPSHOT.jar:0.4.0-2337318-SNAPSHOT]
	at org.apache.ratis.grpc.client.GrpcClientProtocolService$RequestStreamObserver.processClientRequest(GrpcClientProtocolService.java:220) ~[ratis-grpc-0.4.0-2337318-SNAPSHOT.jar:0.4.0-2337318-SNAPSHOT]
	at org.apache.ratis.grpc.client.GrpcClientProtocolService$OrderedRequestStreamObserver.processClientRequest(GrpcClientProtocolService.java:326) ~[ratis-grpc-0.4.0-2337318-SNAPSHOT.jar:0.4.0-2337318-SNAPSHOT]
	at org.apache.ratis.util.SlidingWindow$Server.processRequestsFromHead(SlidingWindow.java:429) [ratis-common-0.4.0-2337318-SNAPSHOT.jar:0.4.0-2337318-SNAPSHOT]
	at org.apache.ratis.util.SlidingWindow$Server.receivedRequest(SlidingWindow.java:421) [ratis-common-0.4.0-2337318-SNAPSHOT.jar:0.4.0-2337318-SNAPSHOT]
	at org.apache.ratis.grpc.client.GrpcClientProtocolService$OrderedRequestStreamObserver.processClientRequest(GrpcClientProtocolService.java:345) [ratis-grpc-0.4.0-2337318-SNAPSHOT.jar:0.4.0-2337318-SNAPSHOT]
	at org.apache.ratis.grpc.client.GrpcClientProtocolService$RequestStreamObserver.onNext(GrpcClientProtocolService.java:240) [ratis-grpc-0.4.0-2337318-SNAPSHOT.jar:0.4.0-2337318-SNAPSHOT]
	at org.apache.ratis.grpc.client.GrpcClientProtocolService$RequestStreamObserver.onNext(GrpcClientProtocolService.java:168) [ratis-grpc-0.4.0-2337318-SNAPSHOT.jar:0.4.0-2337318-SNAPSHOT]
	at org.apache.ratis.thirdparty.io.grpc.stub.ServerCalls$StreamingServerCallHandler$StreamingServerCallListener.onMessage(ServerCalls.java:248) [ratis-thirdparty-misc-0.2.0.jar:0.2.0]
	at org.apache.ratis.thirdparty.io.grpc.internal.ServerCallImpl$ServerStreamListenerImpl.messagesAvailable(ServerCallImpl.java:263) [ratis-thirdparty-misc-0.2.0.jar:0.2.0]
	at org.apache.ratis.thirdparty.io.grpc.internal.ServerImpl$JumpToApplicationThreadServerStreamListener$1MessagesAvailable.runInContext(ServerImpl.java:686) [ratis-thirdparty-misc-0.2.0.jar:0.2.0]
	at org.apache.ratis.thirdparty.io.grpc.internal.ContextRunnable.run(ContextRunnable.java:37) [ratis-thirdparty-misc-0.2.0.jar:0.2.0]
	at org.apache.ratis.thirdparty.io.grpc.internal.SerializingExecutor.run(SerializingExecutor.java:123) [ratis-thirdparty-misc-0.2.0.jar:0.2.0]
	at java.util.concurrent.ThreadPoolExecutor.runWorker(ThreadPoolExecutor.java:1149) [?:1.8.0_212]
	at java.util.concurrent.ThreadPoolExecutor$Worker.run(ThreadPoolExecutor.java:624) [?:1.8.0_212]
	at java.lang.Thread.run(Thread.java:748) [?:1.8.0_212]
2019-07-13 16:41:38,082 INFO  client.GrpcClientProtocolClient (GrpcClientProtocolClient.java:onNext(255)) - client-0961B0213EDD->2a0497c4-1b57-4b63-a042-6a5a3b631162: receive RaftClientReply:client-0961B0213EDD->2a0497c4-1b57-4b63-a042-6a5a3b631162@group-F206BC6195A7, cid=15, FAILED org.apache.ratis.protocol.StateMachineException: org.apache.hadoop.hdds.scm.container.common.helpers.ContainerNotOpenException from Server 2a0497c4-1b57-4b63-a042-6a5a3b631162: Container 1 in CLOSED state, logIndex=0, commits[2a0497c4-1b57-4b63-a042-6a5a3b631162:c6, 745b003a-3ebb-4019-a00c-319ed3f4c999:c5, beb779dd-207a-4c6f-8538-94349668c3a0:c5]
2019-07-13 16:41:38,085 INFO  client.GrpcClientProtocolClient (GrpcClientProtocolClient.java:onNext(255)) - client-0961B0213EDD->2a0497c4-1b57-4b63-a042-6a5a3b631162: receive RaftClientReply:client-0961B0213EDD->2a0497c4-1b57-4b63-a042-6a5a3b631162@group-F206BC6195A7, cid=16, FAILED org.apache.ratis.protocol.StateMachineException: org.apache.hadoop.hdds.scm.container.common.helpers.ContainerNotOpenException from Server 2a0497c4-1b57-4b63-a042-6a5a3b631162: Container 1 in CLOSED state, logIndex=0, commits[2a0497c4-1b57-4b63-a042-6a5a3b631162:c6, 745b003a-3ebb-4019-a00c-319ed3f4c999:c5, beb779dd-207a-4c6f-8538-94349668c3a0:c5]
2019-07-13 16:41:38,223 INFO  client.GrpcClientProtocolClient (GrpcClientProtocolClient.java:onNext(255)) - client-0961B0213EDD->2a0497c4-1b57-4b63-a042-6a5a3b631162: receive RaftClientReply:client-0961B0213EDD->2a0497c4-1b57-4b63-a042-6a5a3b631162@group-F206BC6195A7, cid=17, SUCCESS, logIndex=7, commits[2a0497c4-1b57-4b63-a042-6a5a3b631162:c10, 745b003a-3ebb-4019-a00c-319ed3f4c999:c6, beb779dd-207a-4c6f-8538-94349668c3a0:c6]
2019-07-13 16:41:38,272 INFO  client.GrpcClientProtocolClient (GrpcClientProtocolClient.java:onNext(255)) - client-0961B0213EDD->2a0497c4-1b57-4b63-a042-6a5a3b631162: receive RaftClientReply:client-0961B0213EDD->2a0497c4-1b57-4b63-a042-6a5a3b631162@group-F206BC6195A7, cid=18, SUCCESS, logIndex=8, commits[2a0497c4-1b57-4b63-a042-6a5a3b631162:c13, 745b003a-3ebb-4019-a00c-319ed3f4c999:c10, beb779dd-207a-4c6f-8538-94349668c3a0:c10]
2019-07-13 16:41:38,277 INFO  client.GrpcClientProtocolClient (GrpcClientProtocolClient.java:onNext(255)) - client-0961B0213EDD->2a0497c4-1b57-4b63-a042-6a5a3b631162: receive RaftClientReply:client-0961B0213EDD->2a0497c4-1b57-4b63-a042-6a5a3b631162@group-F206BC6195A7, cid=19, SUCCESS, logIndex=9, commits[2a0497c4-1b57-4b63-a042-6a5a3b631162:c13, 745b003a-3ebb-4019-a00c-319ed3f4c999:c10, beb779dd-207a-4c6f-8538-94349668c3a0:c10]
2019-07-13 16:41:38,359 INFO  client.GrpcClientProtocolClient (GrpcClientProtocolClient.java:onNext(255)) - client-0961B0213EDD->2a0497c4-1b57-4b63-a042-6a5a3b631162: receive RaftClientReply:client-0961B0213EDD->2a0497c4-1b57-4b63-a042-6a5a3b631162@group-F206BC6195A7, cid=20, SUCCESS, logIndex=10, commits[2a0497c4-1b57-4b63-a042-6a5a3b631162:c13, 745b003a-3ebb-4019-a00c-319ed3f4c999:c10, beb779dd-207a-4c6f-8538-94349668c3a0:c10]
2019-07-13 16:41:38,444 INFO  pipeline.Pipeline (Pipeline.java:getProtobufMessage(195)) - Serialize pipeline PipelineID=314a277d-f4e0-4475-83de-f206bc6195a7 with nodesInOrder{ }
]]></system-out>
    <system-err><![CDATA[ERROR StatusLogger No Log4j 2 configuration file found. Using default configuration (logging only errors to the console), or user programmatically provided configurations. Set system property 'log4j2.debug' to show Log4j 2 internal initialization logging. See https://logging.apache.org/log4j/2.x/manual/configuration.html for instructions on how to configure Log4j 2
Jul 13, 2019 4:41:23 PM com.sun.jersey.server.impl.application.WebApplicationImpl _initiate
INFO: Initiating Jersey application, version 'Jersey: 1.19 02/11/2015 03:25 AM'
Jul 13, 2019 4:41:24 PM com.sun.jersey.server.impl.application.WebApplicationImpl _initiate
INFO: Initiating Jersey application, version 'Jersey: 1.19 02/11/2015 03:25 AM'
Jul 13, 2019 4:41:24 PM com.sun.jersey.server.impl.application.WebApplicationImpl _initiate
INFO: Initiating Jersey application, version 'Jersey: 1.19 02/11/2015 03:25 AM'
Jul 13, 2019 4:41:24 PM com.sun.jersey.server.impl.application.WebApplicationImpl _initiate
INFO: Initiating Jersey application, version 'Jersey: 1.19 02/11/2015 03:25 AM'
Jul 13, 2019 4:41:25 PM com.sun.jersey.server.impl.application.WebApplicationImpl _initiate
INFO: Initiating Jersey application, version 'Jersey: 1.19 02/11/2015 03:25 AM'
Jul 13, 2019 4:41:25 PM com.sun.jersey.server.impl.application.WebApplicationImpl _initiate
INFO: Initiating Jersey application, version 'Jersey: 1.19 02/11/2015 03:25 AM'
Jul 13, 2019 4:41:25 PM com.sun.jersey.server.impl.application.WebApplicationImpl _initiate
INFO: Initiating Jersey application, version 'Jersey: 1.19 02/11/2015 03:25 AM'
]]></system-err>
  </testcase>
  <testcase name="testBlockWritesWithFlushAndClose" classname="org.apache.hadoop.ozone.client.rpc.TestCloseContainerHandlingByClient" time="1.928">
    <error type="java.lang.IllegalArgumentException">java.lang.IllegalArgumentException
	at com.google.common.base.Preconditions.checkArgument(Preconditions.java:72)
	at org.apache.hadoop.hdds.scm.XceiverClientManager.acquireClient(XceiverClientManager.java:150)
	at org.apache.hadoop.hdds.scm.XceiverClientManager.acquireClientForReadData(XceiverClientManager.java:143)
	at org.apache.hadoop.hdds.scm.storage.BlockInputStream.getChunkInfos(BlockInputStream.java:154)
	at org.apache.hadoop.hdds.scm.storage.BlockInputStream.initialize(BlockInputStream.java:118)
	at org.apache.hadoop.hdds.scm.storage.BlockInputStream.read(BlockInputStream.java:222)
	at org.apache.hadoop.ozone.client.io.KeyInputStream.read(KeyInputStream.java:171)
	at org.apache.hadoop.ozone.client.io.OzoneInputStream.read(OzoneInputStream.java:47)
	at java.io.InputStream.read(InputStream.java:101)
	at org.apache.hadoop.ozone.container.ContainerTestHelper.validateData(ContainerTestHelper.java:709)
	at org.apache.hadoop.ozone.client.rpc.TestCloseContainerHandlingByClient.validateData(TestCloseContainerHandlingByClient.java:401)
	at org.apache.hadoop.ozone.client.rpc.TestCloseContainerHandlingByClient.testBlockWritesWithFlushAndClose(TestCloseContainerHandlingByClient.java:150)
	at sun.reflect.NativeMethodAccessorImpl.invoke0(Native Method)
	at sun.reflect.NativeMethodAccessorImpl.invoke(NativeMethodAccessorImpl.java:62)
	at sun.reflect.DelegatingMethodAccessorImpl.invoke(DelegatingMethodAccessorImpl.java:43)
	at java.lang.reflect.Method.invoke(Method.java:498)
	at org.junit.runners.model.FrameworkMethod$1.runReflectiveCall(FrameworkMethod.java:47)
	at org.junit.internal.runners.model.ReflectiveCallable.run(ReflectiveCallable.java:12)
	at org.junit.runners.model.FrameworkMethod.invokeExplosively(FrameworkMethod.java:44)
	at org.junit.internal.runners.statements.InvokeMethod.evaluate(InvokeMethod.java:17)
	at org.junit.runners.ParentRunner.runLeaf(ParentRunner.java:271)
	at org.junit.runners.BlockJUnit4ClassRunner.runChild(BlockJUnit4ClassRunner.java:70)
	at org.junit.runners.BlockJUnit4ClassRunner.runChild(BlockJUnit4ClassRunner.java:50)
	at org.junit.runners.ParentRunner$3.run(ParentRunner.java:238)
	at org.junit.runners.ParentRunner$1.schedule(ParentRunner.java:63)
	at org.junit.runners.ParentRunner.runChildren(ParentRunner.java:236)
	at org.junit.runners.ParentRunner.access$000(ParentRunner.java:53)
	at org.junit.runners.ParentRunner$2.evaluate(ParentRunner.java:229)
	at org.junit.internal.runners.statements.RunBefores.evaluate(RunBefores.java:26)
	at org.junit.internal.runners.statements.RunAfters.evaluate(RunAfters.java:27)
	at org.junit.runners.ParentRunner.run(ParentRunner.java:309)
	at org.apache.maven.surefire.junit4.JUnit4Provider.execute(JUnit4Provider.java:365)
	at org.apache.maven.surefire.junit4.JUnit4Provider.executeWithRerun(JUnit4Provider.java:273)
	at org.apache.maven.surefire.junit4.JUnit4Provider.executeTestSet(JUnit4Provider.java:238)
	at org.apache.maven.surefire.junit4.JUnit4Provider.invoke(JUnit4Provider.java:159)
	at org.apache.maven.surefire.booter.ForkedBooter.invokeProviderInSameClassLoader(ForkedBooter.java:384)
	at org.apache.maven.surefire.booter.ForkedBooter.runSuitesInProcess(ForkedBooter.java:345)
	at org.apache.maven.surefire.booter.ForkedBooter.execute(ForkedBooter.java:126)
	at org.apache.maven.surefire.booter.ForkedBooter.main(ForkedBooter.java:418)
</error>
    <system-out><![CDATA[2019-07-13 16:41:38,629 INFO  client.GrpcClientProtocolClient (GrpcClientProtocolClient.java:onNext(255)) - client-0961B0213EDD->2a0497c4-1b57-4b63-a042-6a5a3b631162: receive RaftClientReply:client-0961B0213EDD->2a0497c4-1b57-4b63-a042-6a5a3b631162@group-F206BC6195A7, cid=21, SUCCESS, logIndex=14, commits[2a0497c4-1b57-4b63-a042-6a5a3b631162:c15, 745b003a-3ebb-4019-a00c-319ed3f4c999:c13, beb779dd-207a-4c6f-8538-94349668c3a0:c13]
2019-07-13 16:41:38,703 INFO  client.GrpcClientProtocolClient (GrpcClientProtocolClient.java:onNext(255)) - client-0961B0213EDD->2a0497c4-1b57-4b63-a042-6a5a3b631162: receive RaftClientReply:client-0961B0213EDD->2a0497c4-1b57-4b63-a042-6a5a3b631162@group-F206BC6195A7, cid=22, SUCCESS, logIndex=15, commits[2a0497c4-1b57-4b63-a042-6a5a3b631162:c17, 745b003a-3ebb-4019-a00c-319ed3f4c999:c15, beb779dd-207a-4c6f-8538-94349668c3a0:c15]
2019-07-13 16:41:39,004 INFO  container.CloseContainerEventHandler (CloseContainerEventHandler.java:onMessage(61)) - Close container Event triggered for container : #3
2019-07-13 16:41:39,004 INFO  container.CloseContainerEventHandler (CloseContainerEventHandler.java:onMessage(61)) - Close container Event triggered for container : #3
2019-07-13 16:41:39,005 INFO  container.CloseContainerEventHandler (CloseContainerEventHandler.java:onMessage(61)) - Close container Event triggered for container : #3
2019-07-13 16:41:39,981 INFO  interfaces.Container (KeyValueContainer.java:compactDB(356)) - Container 3 is closed with bcsId 15.
2019-07-13 16:41:39,981 INFO  interfaces.Container (KeyValueContainer.java:compactDB(356)) - Container 3 is closed with bcsId 15.
2019-07-13 16:41:39,996 INFO  interfaces.Container (KeyValueContainer.java:compactDB(356)) - Container 3 is closed with bcsId 15.
16:41:40.014 [grpc-default-executor-5] ERROR DNAudit - user=null | ip=null | op=WRITE_CHUNK {blockData=conID: 3 locID: 102435133751033860 bcsId: 15} | ret=FAILURE
org.apache.hadoop.hdds.scm.container.common.helpers.ContainerNotOpenException: Container 3 in CLOSED state
	at org.apache.hadoop.ozone.container.common.impl.HddsDispatcher.validateContainerCommand(HddsDispatcher.java:408) ~[hadoop-hdds-container-service-0.5.0-SNAPSHOT.jar:?]
	at org.apache.hadoop.ozone.container.common.transport.server.ratis.ContainerStateMachine.startTransaction(ContainerStateMachine.java:271) ~[hadoop-hdds-container-service-0.5.0-SNAPSHOT.jar:?]
	at org.apache.ratis.server.impl.RaftServerImpl.submitClientRequestAsync(RaftServerImpl.java:566) ~[ratis-server-0.4.0-2337318-SNAPSHOT.jar:0.4.0-2337318-SNAPSHOT]
	at org.apache.ratis.server.impl.RaftServerProxy.lambda$submitClientRequestAsync$7(RaftServerProxy.java:333) ~[ratis-server-0.4.0-2337318-SNAPSHOT.jar:0.4.0-2337318-SNAPSHOT]
	at org.apache.ratis.server.impl.RaftServerProxy.lambda$null$5(RaftServerProxy.java:328) ~[ratis-server-0.4.0-2337318-SNAPSHOT.jar:0.4.0-2337318-SNAPSHOT]
	at org.apache.ratis.util.JavaUtils.callAsUnchecked(JavaUtils.java:109) ~[ratis-common-0.4.0-2337318-SNAPSHOT.jar:0.4.0-2337318-SNAPSHOT]
	at org.apache.ratis.server.impl.RaftServerProxy.lambda$submitRequest$6(RaftServerProxy.java:328) ~[ratis-server-0.4.0-2337318-SNAPSHOT.jar:0.4.0-2337318-SNAPSHOT]
	at java.util.concurrent.CompletableFuture.uniComposeStage(CompletableFuture.java:981) ~[?:1.8.0_212]
	at java.util.concurrent.CompletableFuture.thenCompose(CompletableFuture.java:2124) ~[?:1.8.0_212]
	at org.apache.ratis.server.impl.RaftServerProxy.submitRequest(RaftServerProxy.java:327) ~[ratis-server-0.4.0-2337318-SNAPSHOT.jar:0.4.0-2337318-SNAPSHOT]
	at org.apache.ratis.server.impl.RaftServerProxy.submitClientRequestAsync(RaftServerProxy.java:333) ~[ratis-server-0.4.0-2337318-SNAPSHOT.jar:0.4.0-2337318-SNAPSHOT]
	at org.apache.ratis.grpc.client.GrpcClientProtocolService$RequestStreamObserver.processClientRequest(GrpcClientProtocolService.java:220) ~[ratis-grpc-0.4.0-2337318-SNAPSHOT.jar:0.4.0-2337318-SNAPSHOT]
	at org.apache.ratis.grpc.client.GrpcClientProtocolService$OrderedRequestStreamObserver.processClientRequest(GrpcClientProtocolService.java:326) ~[ratis-grpc-0.4.0-2337318-SNAPSHOT.jar:0.4.0-2337318-SNAPSHOT]
	at org.apache.ratis.util.SlidingWindow$Server.processRequestsFromHead(SlidingWindow.java:429) [ratis-common-0.4.0-2337318-SNAPSHOT.jar:0.4.0-2337318-SNAPSHOT]
	at org.apache.ratis.util.SlidingWindow$Server.receivedRequest(SlidingWindow.java:421) [ratis-common-0.4.0-2337318-SNAPSHOT.jar:0.4.0-2337318-SNAPSHOT]
	at org.apache.ratis.grpc.client.GrpcClientProtocolService$OrderedRequestStreamObserver.processClientRequest(GrpcClientProtocolService.java:345) [ratis-grpc-0.4.0-2337318-SNAPSHOT.jar:0.4.0-2337318-SNAPSHOT]
	at org.apache.ratis.grpc.client.GrpcClientProtocolService$RequestStreamObserver.onNext(GrpcClientProtocolService.java:240) [ratis-grpc-0.4.0-2337318-SNAPSHOT.jar:0.4.0-2337318-SNAPSHOT]
	at org.apache.ratis.grpc.client.GrpcClientProtocolService$RequestStreamObserver.onNext(GrpcClientProtocolService.java:168) [ratis-grpc-0.4.0-2337318-SNAPSHOT.jar:0.4.0-2337318-SNAPSHOT]
	at org.apache.ratis.thirdparty.io.grpc.stub.ServerCalls$StreamingServerCallHandler$StreamingServerCallListener.onMessage(ServerCalls.java:248) [ratis-thirdparty-misc-0.2.0.jar:0.2.0]
	at org.apache.ratis.thirdparty.io.grpc.internal.ServerCallImpl$ServerStreamListenerImpl.messagesAvailable(ServerCallImpl.java:263) [ratis-thirdparty-misc-0.2.0.jar:0.2.0]
	at org.apache.ratis.thirdparty.io.grpc.internal.ServerImpl$JumpToApplicationThreadServerStreamListener$1MessagesAvailable.runInContext(ServerImpl.java:686) [ratis-thirdparty-misc-0.2.0.jar:0.2.0]
	at org.apache.ratis.thirdparty.io.grpc.internal.ContextRunnable.run(ContextRunnable.java:37) [ratis-thirdparty-misc-0.2.0.jar:0.2.0]
	at org.apache.ratis.thirdparty.io.grpc.internal.SerializingExecutor.run(SerializingExecutor.java:123) [ratis-thirdparty-misc-0.2.0.jar:0.2.0]
	at java.util.concurrent.ThreadPoolExecutor.runWorker(ThreadPoolExecutor.java:1149) [?:1.8.0_212]
	at java.util.concurrent.ThreadPoolExecutor$Worker.run(ThreadPoolExecutor.java:624) [?:1.8.0_212]
	at java.lang.Thread.run(Thread.java:748) [?:1.8.0_212]
16:41:40.023 [grpc-default-executor-5] ERROR DNAudit - user=null | ip=null | op=PUT_BLOCK {blockData=[blockId=conID: 3 locID: 102435133751033860 bcsId: 0,size=2097152]} | ret=FAILURE
org.apache.hadoop.hdds.scm.container.common.helpers.ContainerNotOpenException: Container 3 in CLOSED state
	at org.apache.hadoop.ozone.container.common.impl.HddsDispatcher.validateContainerCommand(HddsDispatcher.java:408) ~[hadoop-hdds-container-service-0.5.0-SNAPSHOT.jar:?]
	at org.apache.hadoop.ozone.container.common.transport.server.ratis.ContainerStateMachine.startTransaction(ContainerStateMachine.java:271) ~[hadoop-hdds-container-service-0.5.0-SNAPSHOT.jar:?]
	at org.apache.ratis.server.impl.RaftServerImpl.submitClientRequestAsync(RaftServerImpl.java:566) ~[ratis-server-0.4.0-2337318-SNAPSHOT.jar:0.4.0-2337318-SNAPSHOT]
	at org.apache.ratis.server.impl.RaftServerProxy.lambda$submitClientRequestAsync$7(RaftServerProxy.java:333) ~[ratis-server-0.4.0-2337318-SNAPSHOT.jar:0.4.0-2337318-SNAPSHOT]
	at org.apache.ratis.server.impl.RaftServerProxy.lambda$null$5(RaftServerProxy.java:328) ~[ratis-server-0.4.0-2337318-SNAPSHOT.jar:0.4.0-2337318-SNAPSHOT]
	at org.apache.ratis.util.JavaUtils.callAsUnchecked(JavaUtils.java:109) ~[ratis-common-0.4.0-2337318-SNAPSHOT.jar:0.4.0-2337318-SNAPSHOT]
	at org.apache.ratis.server.impl.RaftServerProxy.lambda$submitRequest$6(RaftServerProxy.java:328) ~[ratis-server-0.4.0-2337318-SNAPSHOT.jar:0.4.0-2337318-SNAPSHOT]
	at java.util.concurrent.CompletableFuture.uniComposeStage(CompletableFuture.java:981) ~[?:1.8.0_212]
	at java.util.concurrent.CompletableFuture.thenCompose(CompletableFuture.java:2124) ~[?:1.8.0_212]
	at org.apache.ratis.server.impl.RaftServerProxy.submitRequest(RaftServerProxy.java:327) ~[ratis-server-0.4.0-2337318-SNAPSHOT.jar:0.4.0-2337318-SNAPSHOT]
	at org.apache.ratis.server.impl.RaftServerProxy.submitClientRequestAsync(RaftServerProxy.java:333) ~[ratis-server-0.4.0-2337318-SNAPSHOT.jar:0.4.0-2337318-SNAPSHOT]
	at org.apache.ratis.grpc.client.GrpcClientProtocolService$RequestStreamObserver.processClientRequest(GrpcClientProtocolService.java:220) ~[ratis-grpc-0.4.0-2337318-SNAPSHOT.jar:0.4.0-2337318-SNAPSHOT]
	at org.apache.ratis.grpc.client.GrpcClientProtocolService$OrderedRequestStreamObserver.processClientRequest(GrpcClientProtocolService.java:326) ~[ratis-grpc-0.4.0-2337318-SNAPSHOT.jar:0.4.0-2337318-SNAPSHOT]
	at org.apache.ratis.util.SlidingWindow$Server.processRequestsFromHead(SlidingWindow.java:429) [ratis-common-0.4.0-2337318-SNAPSHOT.jar:0.4.0-2337318-SNAPSHOT]
	at org.apache.ratis.util.SlidingWindow$Server.receivedRequest(SlidingWindow.java:421) [ratis-common-0.4.0-2337318-SNAPSHOT.jar:0.4.0-2337318-SNAPSHOT]
	at org.apache.ratis.grpc.client.GrpcClientProtocolService$OrderedRequestStreamObserver.processClientRequest(GrpcClientProtocolService.java:345) [ratis-grpc-0.4.0-2337318-SNAPSHOT.jar:0.4.0-2337318-SNAPSHOT]
	at org.apache.ratis.grpc.client.GrpcClientProtocolService$RequestStreamObserver.onNext(GrpcClientProtocolService.java:240) [ratis-grpc-0.4.0-2337318-SNAPSHOT.jar:0.4.0-2337318-SNAPSHOT]
	at org.apache.ratis.grpc.client.GrpcClientProtocolService$RequestStreamObserver.onNext(GrpcClientProtocolService.java:168) [ratis-grpc-0.4.0-2337318-SNAPSHOT.jar:0.4.0-2337318-SNAPSHOT]
	at org.apache.ratis.thirdparty.io.grpc.stub.ServerCalls$StreamingServerCallHandler$StreamingServerCallListener.onMessage(ServerCalls.java:248) [ratis-thirdparty-misc-0.2.0.jar:0.2.0]
	at org.apache.ratis.thirdparty.io.grpc.internal.ServerCallImpl$ServerStreamListenerImpl.messagesAvailable(ServerCallImpl.java:263) [ratis-thirdparty-misc-0.2.0.jar:0.2.0]
	at org.apache.ratis.thirdparty.io.grpc.internal.ServerImpl$JumpToApplicationThreadServerStreamListener$1MessagesAvailable.runInContext(ServerImpl.java:686) [ratis-thirdparty-misc-0.2.0.jar:0.2.0]
	at org.apache.ratis.thirdparty.io.grpc.internal.ContextRunnable.run(ContextRunnable.java:37) [ratis-thirdparty-misc-0.2.0.jar:0.2.0]
	at org.apache.ratis.thirdparty.io.grpc.internal.SerializingExecutor.run(SerializingExecutor.java:123) [ratis-thirdparty-misc-0.2.0.jar:0.2.0]
	at java.util.concurrent.ThreadPoolExecutor.runWorker(ThreadPoolExecutor.java:1149) [?:1.8.0_212]
	at java.util.concurrent.ThreadPoolExecutor$Worker.run(ThreadPoolExecutor.java:624) [?:1.8.0_212]
	at java.lang.Thread.run(Thread.java:748) [?:1.8.0_212]
2019-07-13 16:41:40,030 INFO  client.GrpcClientProtocolClient (GrpcClientProtocolClient.java:onNext(255)) - client-0961B0213EDD->2a0497c4-1b57-4b63-a042-6a5a3b631162: receive RaftClientReply:client-0961B0213EDD->2a0497c4-1b57-4b63-a042-6a5a3b631162@group-F206BC6195A7, cid=23, FAILED org.apache.ratis.protocol.StateMachineException: org.apache.hadoop.hdds.scm.container.common.helpers.ContainerNotOpenException from Server 2a0497c4-1b57-4b63-a042-6a5a3b631162: Container 3 in CLOSED state, logIndex=0, commits[2a0497c4-1b57-4b63-a042-6a5a3b631162:c19, 745b003a-3ebb-4019-a00c-319ed3f4c999:c18, beb779dd-207a-4c6f-8538-94349668c3a0:c18]
2019-07-13 16:41:40,033 INFO  client.GrpcClientProtocolClient (GrpcClientProtocolClient.java:onNext(255)) - client-0961B0213EDD->2a0497c4-1b57-4b63-a042-6a5a3b631162: receive RaftClientReply:client-0961B0213EDD->2a0497c4-1b57-4b63-a042-6a5a3b631162@group-F206BC6195A7, cid=24, FAILED org.apache.ratis.protocol.StateMachineException: org.apache.hadoop.hdds.scm.container.common.helpers.ContainerNotOpenException from Server 2a0497c4-1b57-4b63-a042-6a5a3b631162: Container 3 in CLOSED state, logIndex=0, commits[2a0497c4-1b57-4b63-a042-6a5a3b631162:c19, 745b003a-3ebb-4019-a00c-319ed3f4c999:c18, beb779dd-207a-4c6f-8538-94349668c3a0:c18]
2019-07-13 16:41:40,237 INFO  client.GrpcClientProtocolClient (GrpcClientProtocolClient.java:onNext(255)) - client-0961B0213EDD->2a0497c4-1b57-4b63-a042-6a5a3b631162: receive RaftClientReply:client-0961B0213EDD->2a0497c4-1b57-4b63-a042-6a5a3b631162@group-F206BC6195A7, cid=25, SUCCESS, logIndex=20, commits[2a0497c4-1b57-4b63-a042-6a5a3b631162:c23, 745b003a-3ebb-4019-a00c-319ed3f4c999:c19, beb779dd-207a-4c6f-8538-94349668c3a0:c19]
2019-07-13 16:41:40,277 INFO  client.GrpcClientProtocolClient (GrpcClientProtocolClient.java:onNext(255)) - client-0961B0213EDD->2a0497c4-1b57-4b63-a042-6a5a3b631162: receive RaftClientReply:client-0961B0213EDD->2a0497c4-1b57-4b63-a042-6a5a3b631162@group-F206BC6195A7, cid=26, SUCCESS, logIndex=21, commits[2a0497c4-1b57-4b63-a042-6a5a3b631162:c26, 745b003a-3ebb-4019-a00c-319ed3f4c999:c23, beb779dd-207a-4c6f-8538-94349668c3a0:c23]
2019-07-13 16:41:40,277 INFO  client.GrpcClientProtocolClient (GrpcClientProtocolClient.java:onNext(255)) - client-0961B0213EDD->2a0497c4-1b57-4b63-a042-6a5a3b631162: receive RaftClientReply:client-0961B0213EDD->2a0497c4-1b57-4b63-a042-6a5a3b631162@group-F206BC6195A7, cid=27, SUCCESS, logIndex=22, commits[2a0497c4-1b57-4b63-a042-6a5a3b631162:c26, 745b003a-3ebb-4019-a00c-319ed3f4c999:c23, beb779dd-207a-4c6f-8538-94349668c3a0:c23]
2019-07-13 16:41:40,336 INFO  client.GrpcClientProtocolClient (GrpcClientProtocolClient.java:onNext(255)) - client-0961B0213EDD->2a0497c4-1b57-4b63-a042-6a5a3b631162: receive RaftClientReply:client-0961B0213EDD->2a0497c4-1b57-4b63-a042-6a5a3b631162@group-F206BC6195A7, cid=28, SUCCESS, logIndex=23, commits[2a0497c4-1b57-4b63-a042-6a5a3b631162:c26, 745b003a-3ebb-4019-a00c-319ed3f4c999:c23, beb779dd-207a-4c6f-8538-94349668c3a0:c23]
2019-07-13 16:41:40,383 INFO  pipeline.Pipeline (Pipeline.java:getProtobufMessage(195)) - Serialize pipeline PipelineID=314a277d-f4e0-4475-83de-f206bc6195a7 with nodesInOrder{ }
]]></system-out>
  </testcase>
  <testcase name="testBlockWritesCloseConsistency" classname="org.apache.hadoop.ozone.client.rpc.TestCloseContainerHandlingByClient" time="1.849">
    <error type="java.lang.IllegalArgumentException">java.lang.IllegalArgumentException
	at com.google.common.base.Preconditions.checkArgument(Preconditions.java:72)
	at org.apache.hadoop.hdds.scm.XceiverClientManager.acquireClient(XceiverClientManager.java:150)
	at org.apache.hadoop.hdds.scm.XceiverClientManager.acquireClientForReadData(XceiverClientManager.java:143)
	at org.apache.hadoop.hdds.scm.storage.BlockInputStream.getChunkInfos(BlockInputStream.java:154)
	at org.apache.hadoop.hdds.scm.storage.BlockInputStream.initialize(BlockInputStream.java:118)
	at org.apache.hadoop.hdds.scm.storage.BlockInputStream.read(BlockInputStream.java:222)
	at org.apache.hadoop.ozone.client.io.KeyInputStream.read(KeyInputStream.java:171)
	at org.apache.hadoop.ozone.client.io.OzoneInputStream.read(OzoneInputStream.java:47)
	at java.io.InputStream.read(InputStream.java:101)
	at org.apache.hadoop.ozone.container.ContainerTestHelper.validateData(ContainerTestHelper.java:709)
	at org.apache.hadoop.ozone.client.rpc.TestCloseContainerHandlingByClient.validateData(TestCloseContainerHandlingByClient.java:401)
	at org.apache.hadoop.ozone.client.rpc.TestCloseContainerHandlingByClient.testBlockWritesCloseConsistency(TestCloseContainerHandlingByClient.java:178)
	at sun.reflect.NativeMethodAccessorImpl.invoke0(Native Method)
	at sun.reflect.NativeMethodAccessorImpl.invoke(NativeMethodAccessorImpl.java:62)
	at sun.reflect.DelegatingMethodAccessorImpl.invoke(DelegatingMethodAccessorImpl.java:43)
	at java.lang.reflect.Method.invoke(Method.java:498)
	at org.junit.runners.model.FrameworkMethod$1.runReflectiveCall(FrameworkMethod.java:47)
	at org.junit.internal.runners.model.ReflectiveCallable.run(ReflectiveCallable.java:12)
	at org.junit.runners.model.FrameworkMethod.invokeExplosively(FrameworkMethod.java:44)
	at org.junit.internal.runners.statements.InvokeMethod.evaluate(InvokeMethod.java:17)
	at org.junit.runners.ParentRunner.runLeaf(ParentRunner.java:271)
	at org.junit.runners.BlockJUnit4ClassRunner.runChild(BlockJUnit4ClassRunner.java:70)
	at org.junit.runners.BlockJUnit4ClassRunner.runChild(BlockJUnit4ClassRunner.java:50)
	at org.junit.runners.ParentRunner$3.run(ParentRunner.java:238)
	at org.junit.runners.ParentRunner$1.schedule(ParentRunner.java:63)
	at org.junit.runners.ParentRunner.runChildren(ParentRunner.java:236)
	at org.junit.runners.ParentRunner.access$000(ParentRunner.java:53)
	at org.junit.runners.ParentRunner$2.evaluate(ParentRunner.java:229)
	at org.junit.internal.runners.statements.RunBefores.evaluate(RunBefores.java:26)
	at org.junit.internal.runners.statements.RunAfters.evaluate(RunAfters.java:27)
	at org.junit.runners.ParentRunner.run(ParentRunner.java:309)
	at org.apache.maven.surefire.junit4.JUnit4Provider.execute(JUnit4Provider.java:365)
	at org.apache.maven.surefire.junit4.JUnit4Provider.executeWithRerun(JUnit4Provider.java:273)
	at org.apache.maven.surefire.junit4.JUnit4Provider.executeTestSet(JUnit4Provider.java:238)
	at org.apache.maven.surefire.junit4.JUnit4Provider.invoke(JUnit4Provider.java:159)
	at org.apache.maven.surefire.booter.ForkedBooter.invokeProviderInSameClassLoader(ForkedBooter.java:384)
	at org.apache.maven.surefire.booter.ForkedBooter.runSuitesInProcess(ForkedBooter.java:345)
	at org.apache.maven.surefire.booter.ForkedBooter.execute(ForkedBooter.java:126)
	at org.apache.maven.surefire.booter.ForkedBooter.main(ForkedBooter.java:418)
</error>
    <system-out><![CDATA[2019-07-13 16:41:40,468 INFO  client.GrpcClientProtocolClient (GrpcClientProtocolClient.java:onNext(255)) - client-E1043870729D->d50a308c-76b6-4352-b87a-c86c145fdca9: receive RaftClientReply:client-E1043870729D->d50a308c-76b6-4352-b87a-c86c145fdca9@group-B74C505FF1A8, cid=29, FAILED org.apache.ratis.protocol.NotLeaderException: Server d50a308c-76b6-4352-b87a-c86c145fdca9 is not the leader (da606bd7-531d-489c-bb8b-b9683742fb83:192.168.5.187:41928). Request must be sent to leader., logIndex=0, commits[d50a308c-76b6-4352-b87a-c86c145fdca9:c0, 5c4b3584-effb-44d3-8327-d9784116762a:c0, da606bd7-531d-489c-bb8b-b9683742fb83:c0]
2019-07-13 16:41:40,638 INFO  client.GrpcClientProtocolClient (GrpcClientProtocolClient.java:onNext(255)) - client-E1043870729D->da606bd7-531d-489c-bb8b-b9683742fb83: receive RaftClientReply:client-E1043870729D->da606bd7-531d-489c-bb8b-b9683742fb83@group-B74C505FF1A8, cid=29, SUCCESS, logIndex=1, commits[da606bd7-531d-489c-bb8b-b9683742fb83:c1, 5c4b3584-effb-44d3-8327-d9784116762a:c0, d50a308c-76b6-4352-b87a-c86c145fdca9:c0]
2019-07-13 16:41:40,705 INFO  client.GrpcClientProtocolClient (GrpcClientProtocolClient.java:onNext(255)) - client-E1043870729D->da606bd7-531d-489c-bb8b-b9683742fb83: receive RaftClientReply:client-E1043870729D->da606bd7-531d-489c-bb8b-b9683742fb83@group-B74C505FF1A8, cid=30, SUCCESS, logIndex=3, commits[da606bd7-531d-489c-bb8b-b9683742fb83:c4, 5c4b3584-effb-44d3-8327-d9784116762a:c3, d50a308c-76b6-4352-b87a-c86c145fdca9:c3]
2019-07-13 16:41:40,952 INFO  container.CloseContainerEventHandler (CloseContainerEventHandler.java:onMessage(61)) - Close container Event triggered for container : #5
2019-07-13 16:41:40,953 INFO  container.CloseContainerEventHandler (CloseContainerEventHandler.java:onMessage(61)) - Close container Event triggered for container : #5
2019-07-13 16:41:40,953 INFO  container.CloseContainerEventHandler (CloseContainerEventHandler.java:onMessage(61)) - Close container Event triggered for container : #5
2019-07-13 16:41:41,769 INFO  interfaces.Container (KeyValueContainer.java:compactDB(356)) - Container 5 is closed with bcsId 3.
2019-07-13 16:41:41,773 INFO  interfaces.Container (KeyValueContainer.java:compactDB(356)) - Container 5 is closed with bcsId 3.
2019-07-13 16:41:41,784 INFO  interfaces.Container (KeyValueContainer.java:compactDB(356)) - Container 5 is closed with bcsId 3.
16:41:41.958 [grpc-default-executor-5] ERROR DNAudit - user=null | ip=null | op=WRITE_CHUNK {blockData=conID: 5 locID: 102435133878501383 bcsId: 3} | ret=FAILURE
org.apache.hadoop.hdds.scm.container.common.helpers.ContainerNotOpenException: Container 5 in CLOSED state
	at org.apache.hadoop.ozone.container.common.impl.HddsDispatcher.validateContainerCommand(HddsDispatcher.java:408) ~[hadoop-hdds-container-service-0.5.0-SNAPSHOT.jar:?]
	at org.apache.hadoop.ozone.container.common.transport.server.ratis.ContainerStateMachine.startTransaction(ContainerStateMachine.java:271) ~[hadoop-hdds-container-service-0.5.0-SNAPSHOT.jar:?]
	at org.apache.ratis.server.impl.RaftServerImpl.submitClientRequestAsync(RaftServerImpl.java:566) ~[ratis-server-0.4.0-2337318-SNAPSHOT.jar:0.4.0-2337318-SNAPSHOT]
	at org.apache.ratis.server.impl.RaftServerProxy.lambda$submitClientRequestAsync$7(RaftServerProxy.java:333) ~[ratis-server-0.4.0-2337318-SNAPSHOT.jar:0.4.0-2337318-SNAPSHOT]
	at org.apache.ratis.server.impl.RaftServerProxy.lambda$null$5(RaftServerProxy.java:328) ~[ratis-server-0.4.0-2337318-SNAPSHOT.jar:0.4.0-2337318-SNAPSHOT]
	at org.apache.ratis.util.JavaUtils.callAsUnchecked(JavaUtils.java:109) ~[ratis-common-0.4.0-2337318-SNAPSHOT.jar:0.4.0-2337318-SNAPSHOT]
	at org.apache.ratis.server.impl.RaftServerProxy.lambda$submitRequest$6(RaftServerProxy.java:328) ~[ratis-server-0.4.0-2337318-SNAPSHOT.jar:0.4.0-2337318-SNAPSHOT]
	at java.util.concurrent.CompletableFuture.uniComposeStage(CompletableFuture.java:981) ~[?:1.8.0_212]
	at java.util.concurrent.CompletableFuture.thenCompose(CompletableFuture.java:2124) ~[?:1.8.0_212]
	at org.apache.ratis.server.impl.RaftServerProxy.submitRequest(RaftServerProxy.java:327) ~[ratis-server-0.4.0-2337318-SNAPSHOT.jar:0.4.0-2337318-SNAPSHOT]
	at org.apache.ratis.server.impl.RaftServerProxy.submitClientRequestAsync(RaftServerProxy.java:333) ~[ratis-server-0.4.0-2337318-SNAPSHOT.jar:0.4.0-2337318-SNAPSHOT]
	at org.apache.ratis.grpc.client.GrpcClientProtocolService$RequestStreamObserver.processClientRequest(GrpcClientProtocolService.java:220) ~[ratis-grpc-0.4.0-2337318-SNAPSHOT.jar:0.4.0-2337318-SNAPSHOT]
	at org.apache.ratis.grpc.client.GrpcClientProtocolService$OrderedRequestStreamObserver.processClientRequest(GrpcClientProtocolService.java:326) ~[ratis-grpc-0.4.0-2337318-SNAPSHOT.jar:0.4.0-2337318-SNAPSHOT]
	at org.apache.ratis.util.SlidingWindow$Server.processRequestsFromHead(SlidingWindow.java:429) [ratis-common-0.4.0-2337318-SNAPSHOT.jar:0.4.0-2337318-SNAPSHOT]
	at org.apache.ratis.util.SlidingWindow$Server.receivedRequest(SlidingWindow.java:421) [ratis-common-0.4.0-2337318-SNAPSHOT.jar:0.4.0-2337318-SNAPSHOT]
	at org.apache.ratis.grpc.client.GrpcClientProtocolService$OrderedRequestStreamObserver.processClientRequest(GrpcClientProtocolService.java:345) [ratis-grpc-0.4.0-2337318-SNAPSHOT.jar:0.4.0-2337318-SNAPSHOT]
	at org.apache.ratis.grpc.client.GrpcClientProtocolService$RequestStreamObserver.onNext(GrpcClientProtocolService.java:240) [ratis-grpc-0.4.0-2337318-SNAPSHOT.jar:0.4.0-2337318-SNAPSHOT]
	at org.apache.ratis.grpc.client.GrpcClientProtocolService$RequestStreamObserver.onNext(GrpcClientProtocolService.java:168) [ratis-grpc-0.4.0-2337318-SNAPSHOT.jar:0.4.0-2337318-SNAPSHOT]
	at org.apache.ratis.thirdparty.io.grpc.stub.ServerCalls$StreamingServerCallHandler$StreamingServerCallListener.onMessage(ServerCalls.java:248) [ratis-thirdparty-misc-0.2.0.jar:0.2.0]
	at org.apache.ratis.thirdparty.io.grpc.internal.ServerCallImpl$ServerStreamListenerImpl.messagesAvailable(ServerCallImpl.java:263) [ratis-thirdparty-misc-0.2.0.jar:0.2.0]
	at org.apache.ratis.thirdparty.io.grpc.internal.ServerImpl$JumpToApplicationThreadServerStreamListener$1MessagesAvailable.runInContext(ServerImpl.java:686) [ratis-thirdparty-misc-0.2.0.jar:0.2.0]
	at org.apache.ratis.thirdparty.io.grpc.internal.ContextRunnable.run(ContextRunnable.java:37) [ratis-thirdparty-misc-0.2.0.jar:0.2.0]
	at org.apache.ratis.thirdparty.io.grpc.internal.SerializingExecutor.run(SerializingExecutor.java:123) [ratis-thirdparty-misc-0.2.0.jar:0.2.0]
	at java.util.concurrent.ThreadPoolExecutor.runWorker(ThreadPoolExecutor.java:1149) [?:1.8.0_212]
	at java.util.concurrent.ThreadPoolExecutor$Worker.run(ThreadPoolExecutor.java:624) [?:1.8.0_212]
	at java.lang.Thread.run(Thread.java:748) [?:1.8.0_212]
16:41:41.969 [grpc-default-executor-5] ERROR DNAudit - user=null | ip=null | op=PUT_BLOCK {blockData=[blockId=conID: 5 locID: 102435133878501383 bcsId: 0,size=1572864]} | ret=FAILURE
org.apache.hadoop.hdds.scm.container.common.helpers.ContainerNotOpenException: Container 5 in CLOSED state
	at org.apache.hadoop.ozone.container.common.impl.HddsDispatcher.validateContainerCommand(HddsDispatcher.java:408) ~[hadoop-hdds-container-service-0.5.0-SNAPSHOT.jar:?]
	at org.apache.hadoop.ozone.container.common.transport.server.ratis.ContainerStateMachine.startTransaction(ContainerStateMachine.java:271) ~[hadoop-hdds-container-service-0.5.0-SNAPSHOT.jar:?]
	at org.apache.ratis.server.impl.RaftServerImpl.submitClientRequestAsync(RaftServerImpl.java:566) ~[ratis-server-0.4.0-2337318-SNAPSHOT.jar:0.4.0-2337318-SNAPSHOT]
	at org.apache.ratis.server.impl.RaftServerProxy.lambda$submitClientRequestAsync$7(RaftServerProxy.java:333) ~[ratis-server-0.4.0-2337318-SNAPSHOT.jar:0.4.0-2337318-SNAPSHOT]
	at org.apache.ratis.server.impl.RaftServerProxy.lambda$null$5(RaftServerProxy.java:328) ~[ratis-server-0.4.0-2337318-SNAPSHOT.jar:0.4.0-2337318-SNAPSHOT]
	at org.apache.ratis.util.JavaUtils.callAsUnchecked(JavaUtils.java:109) ~[ratis-common-0.4.0-2337318-SNAPSHOT.jar:0.4.0-2337318-SNAPSHOT]
	at org.apache.ratis.server.impl.RaftServerProxy.lambda$submitRequest$6(RaftServerProxy.java:328) ~[ratis-server-0.4.0-2337318-SNAPSHOT.jar:0.4.0-2337318-SNAPSHOT]
	at java.util.concurrent.CompletableFuture.uniComposeStage(CompletableFuture.java:981) ~[?:1.8.0_212]
	at java.util.concurrent.CompletableFuture.thenCompose(CompletableFuture.java:2124) ~[?:1.8.0_212]
	at org.apache.ratis.server.impl.RaftServerProxy.submitRequest(RaftServerProxy.java:327) ~[ratis-server-0.4.0-2337318-SNAPSHOT.jar:0.4.0-2337318-SNAPSHOT]
	at org.apache.ratis.server.impl.RaftServerProxy.submitClientRequestAsync(RaftServerProxy.java:333) ~[ratis-server-0.4.0-2337318-SNAPSHOT.jar:0.4.0-2337318-SNAPSHOT]
	at org.apache.ratis.grpc.client.GrpcClientProtocolService$RequestStreamObserver.processClientRequest(GrpcClientProtocolService.java:220) ~[ratis-grpc-0.4.0-2337318-SNAPSHOT.jar:0.4.0-2337318-SNAPSHOT]
	at org.apache.ratis.grpc.client.GrpcClientProtocolService$OrderedRequestStreamObserver.processClientRequest(GrpcClientProtocolService.java:326) ~[ratis-grpc-0.4.0-2337318-SNAPSHOT.jar:0.4.0-2337318-SNAPSHOT]
	at org.apache.ratis.util.SlidingWindow$Server.processRequestsFromHead(SlidingWindow.java:429) [ratis-common-0.4.0-2337318-SNAPSHOT.jar:0.4.0-2337318-SNAPSHOT]
	at org.apache.ratis.util.SlidingWindow$Server.receivedRequest(SlidingWindow.java:421) [ratis-common-0.4.0-2337318-SNAPSHOT.jar:0.4.0-2337318-SNAPSHOT]
	at org.apache.ratis.grpc.client.GrpcClientProtocolService$OrderedRequestStreamObserver.processClientRequest(GrpcClientProtocolService.java:345) [ratis-grpc-0.4.0-2337318-SNAPSHOT.jar:0.4.0-2337318-SNAPSHOT]
	at org.apache.ratis.grpc.client.GrpcClientProtocolService$RequestStreamObserver.onNext(GrpcClientProtocolService.java:240) [ratis-grpc-0.4.0-2337318-SNAPSHOT.jar:0.4.0-2337318-SNAPSHOT]
	at org.apache.ratis.grpc.client.GrpcClientProtocolService$RequestStreamObserver.onNext(GrpcClientProtocolService.java:168) [ratis-grpc-0.4.0-2337318-SNAPSHOT.jar:0.4.0-2337318-SNAPSHOT]
	at org.apache.ratis.thirdparty.io.grpc.stub.ServerCalls$StreamingServerCallHandler$StreamingServerCallListener.onMessage(ServerCalls.java:248) [ratis-thirdparty-misc-0.2.0.jar:0.2.0]
	at org.apache.ratis.thirdparty.io.grpc.internal.ServerCallImpl$ServerStreamListenerImpl.messagesAvailable(ServerCallImpl.java:263) [ratis-thirdparty-misc-0.2.0.jar:0.2.0]
	at org.apache.ratis.thirdparty.io.grpc.internal.ServerImpl$JumpToApplicationThreadServerStreamListener$1MessagesAvailable.runInContext(ServerImpl.java:686) [ratis-thirdparty-misc-0.2.0.jar:0.2.0]
	at org.apache.ratis.thirdparty.io.grpc.internal.ContextRunnable.run(ContextRunnable.java:37) [ratis-thirdparty-misc-0.2.0.jar:0.2.0]
	at org.apache.ratis.thirdparty.io.grpc.internal.SerializingExecutor.run(SerializingExecutor.java:123) [ratis-thirdparty-misc-0.2.0.jar:0.2.0]
	at java.util.concurrent.ThreadPoolExecutor.runWorker(ThreadPoolExecutor.java:1149) [?:1.8.0_212]
	at java.util.concurrent.ThreadPoolExecutor$Worker.run(ThreadPoolExecutor.java:624) [?:1.8.0_212]
	at java.lang.Thread.run(Thread.java:748) [?:1.8.0_212]
2019-07-13 16:41:41,976 INFO  client.GrpcClientProtocolClient (GrpcClientProtocolClient.java:onNext(255)) - client-E1043870729D->da606bd7-531d-489c-bb8b-b9683742fb83: receive RaftClientReply:client-E1043870729D->da606bd7-531d-489c-bb8b-b9683742fb83@group-B74C505FF1A8, cid=31, FAILED org.apache.ratis.protocol.StateMachineException: org.apache.hadoop.hdds.scm.container.common.helpers.ContainerNotOpenException from Server da606bd7-531d-489c-bb8b-b9683742fb83: Container 5 in CLOSED state, logIndex=0, commits[da606bd7-531d-489c-bb8b-b9683742fb83:c6, 5c4b3584-effb-44d3-8327-d9784116762a:c5, d50a308c-76b6-4352-b87a-c86c145fdca9:c5]
2019-07-13 16:41:41,978 INFO  client.GrpcClientProtocolClient (GrpcClientProtocolClient.java:onNext(255)) - client-E1043870729D->da606bd7-531d-489c-bb8b-b9683742fb83: receive RaftClientReply:client-E1043870729D->da606bd7-531d-489c-bb8b-b9683742fb83@group-B74C505FF1A8, cid=32, FAILED org.apache.ratis.protocol.StateMachineException: org.apache.hadoop.hdds.scm.container.common.helpers.ContainerNotOpenException from Server da606bd7-531d-489c-bb8b-b9683742fb83: Container 5 in CLOSED state, logIndex=0, commits[da606bd7-531d-489c-bb8b-b9683742fb83:c6, 5c4b3584-effb-44d3-8327-d9784116762a:c5, d50a308c-76b6-4352-b87a-c86c145fdca9:c5]
2019-07-13 16:41:42,120 INFO  client.GrpcClientProtocolClient (GrpcClientProtocolClient.java:onNext(255)) - client-E1043870729D->da606bd7-531d-489c-bb8b-b9683742fb83: receive RaftClientReply:client-E1043870729D->da606bd7-531d-489c-bb8b-b9683742fb83@group-B74C505FF1A8, cid=33, SUCCESS, logIndex=7, commits[da606bd7-531d-489c-bb8b-b9683742fb83:c8, 5c4b3584-effb-44d3-8327-d9784116762a:c6, d50a308c-76b6-4352-b87a-c86c145fdca9:c6]
2019-07-13 16:41:42,209 INFO  client.GrpcClientProtocolClient (GrpcClientProtocolClient.java:onNext(255)) - client-E1043870729D->da606bd7-531d-489c-bb8b-b9683742fb83: receive RaftClientReply:client-E1043870729D->da606bd7-531d-489c-bb8b-b9683742fb83@group-B74C505FF1A8, cid=34, SUCCESS, logIndex=8, commits[da606bd7-531d-489c-bb8b-b9683742fb83:c10, 5c4b3584-effb-44d3-8327-d9784116762a:c8, d50a308c-76b6-4352-b87a-c86c145fdca9:c8]
2019-07-13 16:41:42,234 INFO  pipeline.Pipeline (Pipeline.java:getProtobufMessage(195)) - Serialize pipeline PipelineID=5a6b3024-2180-435e-a3ab-b74c505ff1a8 with nodesInOrder{ }
2019-07-13 16:41:42,238 INFO  pipeline.Pipeline (Pipeline.java:build(342)) - Deserialize nodesInOrder [da606bd7-531d-489c-bb8b-b9683742fb83{ip: 192.168.5.187, host: trunk-nightly-z92hn-1831959607, networkLocation: /default-rack, certSerialId: null}, da606bd7-531d-489c-bb8b-b9683742fb83{ip: 192.168.5.187, host: trunk-nightly-z92hn-1831959607, networkLocation: /default-rack, certSerialId: null}, da606bd7-531d-489c-bb8b-b9683742fb83{ip: 192.168.5.187, host: trunk-nightly-z92hn-1831959607, networkLocation: /default-rack, certSerialId: null}] in pipeline PipelineID=5a6b3024-2180-435e-a3ab-b74c505ff1a8
]]></system-out>
  </testcase>
  <testcase name="testMultiBlockWrites" classname="org.apache.hadoop.ozone.client.rpc.TestCloseContainerHandlingByClient" time="3.181"/>
  <testcase name="testBlockWrites" classname="org.apache.hadoop.ozone.client.rpc.TestCloseContainerHandlingByClient" time="2.344">
    <error type="java.lang.IllegalArgumentException">java.lang.IllegalArgumentException
	at com.google.common.base.Preconditions.checkArgument(Preconditions.java:72)
	at org.apache.hadoop.hdds.scm.XceiverClientManager.acquireClient(XceiverClientManager.java:150)
	at org.apache.hadoop.hdds.scm.XceiverClientManager.acquireClientForReadData(XceiverClientManager.java:143)
	at org.apache.hadoop.hdds.scm.storage.BlockInputStream.getChunkInfos(BlockInputStream.java:154)
	at org.apache.hadoop.hdds.scm.storage.BlockInputStream.initialize(BlockInputStream.java:118)
	at org.apache.hadoop.hdds.scm.storage.BlockInputStream.read(BlockInputStream.java:222)
	at org.apache.hadoop.ozone.client.io.KeyInputStream.read(KeyInputStream.java:171)
	at org.apache.hadoop.ozone.client.io.OzoneInputStream.read(OzoneInputStream.java:47)
	at java.io.InputStream.read(InputStream.java:101)
	at org.apache.hadoop.ozone.container.ContainerTestHelper.validateData(ContainerTestHelper.java:709)
	at org.apache.hadoop.ozone.client.rpc.TestCloseContainerHandlingByClient.validateData(TestCloseContainerHandlingByClient.java:401)
	at org.apache.hadoop.ozone.client.rpc.TestCloseContainerHandlingByClient.testBlockWrites(TestCloseContainerHandlingByClient.java:471)
	at sun.reflect.NativeMethodAccessorImpl.invoke0(Native Method)
	at sun.reflect.NativeMethodAccessorImpl.invoke(NativeMethodAccessorImpl.java:62)
	at sun.reflect.DelegatingMethodAccessorImpl.invoke(DelegatingMethodAccessorImpl.java:43)
	at java.lang.reflect.Method.invoke(Method.java:498)
	at org.junit.runners.model.FrameworkMethod$1.runReflectiveCall(FrameworkMethod.java:47)
	at org.junit.internal.runners.model.ReflectiveCallable.run(ReflectiveCallable.java:12)
	at org.junit.runners.model.FrameworkMethod.invokeExplosively(FrameworkMethod.java:44)
	at org.junit.internal.runners.statements.InvokeMethod.evaluate(InvokeMethod.java:17)
	at org.junit.runners.ParentRunner.runLeaf(ParentRunner.java:271)
	at org.junit.runners.BlockJUnit4ClassRunner.runChild(BlockJUnit4ClassRunner.java:70)
	at org.junit.runners.BlockJUnit4ClassRunner.runChild(BlockJUnit4ClassRunner.java:50)
	at org.junit.runners.ParentRunner$3.run(ParentRunner.java:238)
	at org.junit.runners.ParentRunner$1.schedule(ParentRunner.java:63)
	at org.junit.runners.ParentRunner.runChildren(ParentRunner.java:236)
	at org.junit.runners.ParentRunner.access$000(ParentRunner.java:53)
	at org.junit.runners.ParentRunner$2.evaluate(ParentRunner.java:229)
	at org.junit.internal.runners.statements.RunBefores.evaluate(RunBefores.java:26)
	at org.junit.internal.runners.statements.RunAfters.evaluate(RunAfters.java:27)
	at org.junit.runners.ParentRunner.run(ParentRunner.java:309)
	at org.apache.maven.surefire.junit4.JUnit4Provider.execute(JUnit4Provider.java:365)
	at org.apache.maven.surefire.junit4.JUnit4Provider.executeWithRerun(JUnit4Provider.java:273)
	at org.apache.maven.surefire.junit4.JUnit4Provider.executeTestSet(JUnit4Provider.java:238)
	at org.apache.maven.surefire.junit4.JUnit4Provider.invoke(JUnit4Provider.java:159)
	at org.apache.maven.surefire.booter.ForkedBooter.invokeProviderInSameClassLoader(ForkedBooter.java:384)
	at org.apache.maven.surefire.booter.ForkedBooter.runSuitesInProcess(ForkedBooter.java:345)
	at org.apache.maven.surefire.booter.ForkedBooter.execute(ForkedBooter.java:126)
	at org.apache.maven.surefire.booter.ForkedBooter.main(ForkedBooter.java:418)
</error>
    <system-out><![CDATA[2019-07-13 16:41:45,601 INFO  client.GrpcClientProtocolClient (GrpcClientProtocolClient.java:onNext(255)) - client-E1043870729D->da606bd7-531d-489c-bb8b-b9683742fb83: receive RaftClientReply:client-E1043870729D->da606bd7-531d-489c-bb8b-b9683742fb83@group-B74C505FF1A8, cid=75, SUCCESS, logIndex=28, commits[da606bd7-531d-489c-bb8b-b9683742fb83:c31, 5c4b3584-effb-44d3-8327-d9784116762a:c27, d50a308c-76b6-4352-b87a-c86c145fdca9:c27]
2019-07-13 16:41:45,635 INFO  client.GrpcClientProtocolClient (GrpcClientProtocolClient.java:onNext(255)) - client-E1043870729D->da606bd7-531d-489c-bb8b-b9683742fb83: receive RaftClientReply:client-E1043870729D->da606bd7-531d-489c-bb8b-b9683742fb83@group-B74C505FF1A8, cid=76, SUCCESS, logIndex=29, commits[da606bd7-531d-489c-bb8b-b9683742fb83:c34, 5c4b3584-effb-44d3-8327-d9784116762a:c31, d50a308c-76b6-4352-b87a-c86c145fdca9:c31]
2019-07-13 16:41:45,636 INFO  client.GrpcClientProtocolClient (GrpcClientProtocolClient.java:onNext(255)) - client-E1043870729D->da606bd7-531d-489c-bb8b-b9683742fb83: receive RaftClientReply:client-E1043870729D->da606bd7-531d-489c-bb8b-b9683742fb83@group-B74C505FF1A8, cid=77, SUCCESS, logIndex=30, commits[da606bd7-531d-489c-bb8b-b9683742fb83:c34, 5c4b3584-effb-44d3-8327-d9784116762a:c31, d50a308c-76b6-4352-b87a-c86c145fdca9:c31]
2019-07-13 16:41:45,697 INFO  client.GrpcClientProtocolClient (GrpcClientProtocolClient.java:onNext(255)) - client-E1043870729D->da606bd7-531d-489c-bb8b-b9683742fb83: receive RaftClientReply:client-E1043870729D->da606bd7-531d-489c-bb8b-b9683742fb83@group-B74C505FF1A8, cid=78, SUCCESS, logIndex=31, commits[da606bd7-531d-489c-bb8b-b9683742fb83:c34, 5c4b3584-effb-44d3-8327-d9784116762a:c31, d50a308c-76b6-4352-b87a-c86c145fdca9:c31]
2019-07-13 16:41:45,698 INFO  container.CloseContainerEventHandler (CloseContainerEventHandler.java:onMessage(61)) - Close container Event triggered for container : #10
2019-07-13 16:41:45,699 INFO  container.CloseContainerEventHandler (CloseContainerEventHandler.java:onMessage(61)) - Close container Event triggered for container : #10
2019-07-13 16:41:45,699 INFO  container.CloseContainerEventHandler (CloseContainerEventHandler.java:onMessage(61)) - Close container Event triggered for container : #10
2019-07-13 16:41:47,079 INFO  interfaces.Container (KeyValueContainer.java:compactDB(356)) - Container 10 is closed with bcsId 31.
2019-07-13 16:41:47,091 INFO  interfaces.Container (KeyValueContainer.java:compactDB(356)) - Container 10 is closed with bcsId 31.
2019-07-13 16:41:47,093 INFO  interfaces.Container (KeyValueContainer.java:compactDB(356)) - Container 10 is closed with bcsId 31.
16:41:47.254 [grpc-default-executor-0] ERROR DNAudit - user=null | ip=null | op=WRITE_CHUNK {blockData=conID: 10 locID: 102435134207098895 bcsId: 31} | ret=FAILURE
org.apache.hadoop.hdds.scm.container.common.helpers.ContainerNotOpenException: Container 10 in CLOSED state
	at org.apache.hadoop.ozone.container.common.impl.HddsDispatcher.validateContainerCommand(HddsDispatcher.java:408) ~[hadoop-hdds-container-service-0.5.0-SNAPSHOT.jar:?]
	at org.apache.hadoop.ozone.container.common.transport.server.ratis.ContainerStateMachine.startTransaction(ContainerStateMachine.java:271) ~[hadoop-hdds-container-service-0.5.0-SNAPSHOT.jar:?]
	at org.apache.ratis.server.impl.RaftServerImpl.submitClientRequestAsync(RaftServerImpl.java:566) ~[ratis-server-0.4.0-2337318-SNAPSHOT.jar:0.4.0-2337318-SNAPSHOT]
	at org.apache.ratis.server.impl.RaftServerProxy.lambda$submitClientRequestAsync$7(RaftServerProxy.java:333) ~[ratis-server-0.4.0-2337318-SNAPSHOT.jar:0.4.0-2337318-SNAPSHOT]
	at org.apache.ratis.server.impl.RaftServerProxy.lambda$null$5(RaftServerProxy.java:328) ~[ratis-server-0.4.0-2337318-SNAPSHOT.jar:0.4.0-2337318-SNAPSHOT]
	at org.apache.ratis.util.JavaUtils.callAsUnchecked(JavaUtils.java:109) ~[ratis-common-0.4.0-2337318-SNAPSHOT.jar:0.4.0-2337318-SNAPSHOT]
	at org.apache.ratis.server.impl.RaftServerProxy.lambda$submitRequest$6(RaftServerProxy.java:328) ~[ratis-server-0.4.0-2337318-SNAPSHOT.jar:0.4.0-2337318-SNAPSHOT]
	at java.util.concurrent.CompletableFuture.uniComposeStage(CompletableFuture.java:981) ~[?:1.8.0_212]
	at java.util.concurrent.CompletableFuture.thenCompose(CompletableFuture.java:2124) ~[?:1.8.0_212]
	at org.apache.ratis.server.impl.RaftServerProxy.submitRequest(RaftServerProxy.java:327) ~[ratis-server-0.4.0-2337318-SNAPSHOT.jar:0.4.0-2337318-SNAPSHOT]
	at org.apache.ratis.server.impl.RaftServerProxy.submitClientRequestAsync(RaftServerProxy.java:333) ~[ratis-server-0.4.0-2337318-SNAPSHOT.jar:0.4.0-2337318-SNAPSHOT]
	at org.apache.ratis.grpc.client.GrpcClientProtocolService$RequestStreamObserver.processClientRequest(GrpcClientProtocolService.java:220) ~[ratis-grpc-0.4.0-2337318-SNAPSHOT.jar:0.4.0-2337318-SNAPSHOT]
	at org.apache.ratis.grpc.client.GrpcClientProtocolService$OrderedRequestStreamObserver.processClientRequest(GrpcClientProtocolService.java:326) ~[ratis-grpc-0.4.0-2337318-SNAPSHOT.jar:0.4.0-2337318-SNAPSHOT]
	at org.apache.ratis.util.SlidingWindow$Server.processRequestsFromHead(SlidingWindow.java:429) [ratis-common-0.4.0-2337318-SNAPSHOT.jar:0.4.0-2337318-SNAPSHOT]
	at org.apache.ratis.util.SlidingWindow$Server.receivedRequest(SlidingWindow.java:421) [ratis-common-0.4.0-2337318-SNAPSHOT.jar:0.4.0-2337318-SNAPSHOT]
	at org.apache.ratis.grpc.client.GrpcClientProtocolService$OrderedRequestStreamObserver.processClientRequest(GrpcClientProtocolService.java:345) [ratis-grpc-0.4.0-2337318-SNAPSHOT.jar:0.4.0-2337318-SNAPSHOT]
	at org.apache.ratis.grpc.client.GrpcClientProtocolService$RequestStreamObserver.onNext(GrpcClientProtocolService.java:240) [ratis-grpc-0.4.0-2337318-SNAPSHOT.jar:0.4.0-2337318-SNAPSHOT]
	at org.apache.ratis.grpc.client.GrpcClientProtocolService$RequestStreamObserver.onNext(GrpcClientProtocolService.java:168) [ratis-grpc-0.4.0-2337318-SNAPSHOT.jar:0.4.0-2337318-SNAPSHOT]
	at org.apache.ratis.thirdparty.io.grpc.stub.ServerCalls$StreamingServerCallHandler$StreamingServerCallListener.onMessage(ServerCalls.java:248) [ratis-thirdparty-misc-0.2.0.jar:0.2.0]
	at org.apache.ratis.thirdparty.io.grpc.internal.ServerCallImpl$ServerStreamListenerImpl.messagesAvailable(ServerCallImpl.java:263) [ratis-thirdparty-misc-0.2.0.jar:0.2.0]
	at org.apache.ratis.thirdparty.io.grpc.internal.ServerImpl$JumpToApplicationThreadServerStreamListener$1MessagesAvailable.runInContext(ServerImpl.java:686) [ratis-thirdparty-misc-0.2.0.jar:0.2.0]
	at org.apache.ratis.thirdparty.io.grpc.internal.ContextRunnable.run(ContextRunnable.java:37) [ratis-thirdparty-misc-0.2.0.jar:0.2.0]
	at org.apache.ratis.thirdparty.io.grpc.internal.SerializingExecutor.run(SerializingExecutor.java:123) [ratis-thirdparty-misc-0.2.0.jar:0.2.0]
	at java.util.concurrent.ThreadPoolExecutor.runWorker(ThreadPoolExecutor.java:1149) [?:1.8.0_212]
	at java.util.concurrent.ThreadPoolExecutor$Worker.run(ThreadPoolExecutor.java:624) [?:1.8.0_212]
	at java.lang.Thread.run(Thread.java:748) [?:1.8.0_212]
16:41:47.264 [grpc-default-executor-0] ERROR DNAudit - user=null | ip=null | op=PUT_BLOCK {blockData=[blockId=conID: 10 locID: 102435134207098895 bcsId: 0,size=3145728]} | ret=FAILURE
org.apache.hadoop.hdds.scm.container.common.helpers.ContainerNotOpenException: Container 10 in CLOSED state
	at org.apache.hadoop.ozone.container.common.impl.HddsDispatcher.validateContainerCommand(HddsDispatcher.java:408) ~[hadoop-hdds-container-service-0.5.0-SNAPSHOT.jar:?]
	at org.apache.hadoop.ozone.container.common.transport.server.ratis.ContainerStateMachine.startTransaction(ContainerStateMachine.java:271) ~[hadoop-hdds-container-service-0.5.0-SNAPSHOT.jar:?]
	at org.apache.ratis.server.impl.RaftServerImpl.submitClientRequestAsync(RaftServerImpl.java:566) ~[ratis-server-0.4.0-2337318-SNAPSHOT.jar:0.4.0-2337318-SNAPSHOT]
	at org.apache.ratis.server.impl.RaftServerProxy.lambda$submitClientRequestAsync$7(RaftServerProxy.java:333) ~[ratis-server-0.4.0-2337318-SNAPSHOT.jar:0.4.0-2337318-SNAPSHOT]
	at org.apache.ratis.server.impl.RaftServerProxy.lambda$null$5(RaftServerProxy.java:328) ~[ratis-server-0.4.0-2337318-SNAPSHOT.jar:0.4.0-2337318-SNAPSHOT]
	at org.apache.ratis.util.JavaUtils.callAsUnchecked(JavaUtils.java:109) ~[ratis-common-0.4.0-2337318-SNAPSHOT.jar:0.4.0-2337318-SNAPSHOT]
	at org.apache.ratis.server.impl.RaftServerProxy.lambda$submitRequest$6(RaftServerProxy.java:328) ~[ratis-server-0.4.0-2337318-SNAPSHOT.jar:0.4.0-2337318-SNAPSHOT]
	at java.util.concurrent.CompletableFuture.uniComposeStage(CompletableFuture.java:981) ~[?:1.8.0_212]
	at java.util.concurrent.CompletableFuture.thenCompose(CompletableFuture.java:2124) ~[?:1.8.0_212]
	at org.apache.ratis.server.impl.RaftServerProxy.submitRequest(RaftServerProxy.java:327) ~[ratis-server-0.4.0-2337318-SNAPSHOT.jar:0.4.0-2337318-SNAPSHOT]
	at org.apache.ratis.server.impl.RaftServerProxy.submitClientRequestAsync(RaftServerProxy.java:333) ~[ratis-server-0.4.0-2337318-SNAPSHOT.jar:0.4.0-2337318-SNAPSHOT]
	at org.apache.ratis.grpc.client.GrpcClientProtocolService$RequestStreamObserver.processClientRequest(GrpcClientProtocolService.java:220) ~[ratis-grpc-0.4.0-2337318-SNAPSHOT.jar:0.4.0-2337318-SNAPSHOT]
	at org.apache.ratis.grpc.client.GrpcClientProtocolService$OrderedRequestStreamObserver.processClientRequest(GrpcClientProtocolService.java:326) ~[ratis-grpc-0.4.0-2337318-SNAPSHOT.jar:0.4.0-2337318-SNAPSHOT]
	at org.apache.ratis.util.SlidingWindow$Server.processRequestsFromHead(SlidingWindow.java:429) [ratis-common-0.4.0-2337318-SNAPSHOT.jar:0.4.0-2337318-SNAPSHOT]
	at org.apache.ratis.util.SlidingWindow$Server.receivedRequest(SlidingWindow.java:421) [ratis-common-0.4.0-2337318-SNAPSHOT.jar:0.4.0-2337318-SNAPSHOT]
	at org.apache.ratis.grpc.client.GrpcClientProtocolService$OrderedRequestStreamObserver.processClientRequest(GrpcClientProtocolService.java:345) [ratis-grpc-0.4.0-2337318-SNAPSHOT.jar:0.4.0-2337318-SNAPSHOT]
	at org.apache.ratis.grpc.client.GrpcClientProtocolService$RequestStreamObserver.onNext(GrpcClientProtocolService.java:240) [ratis-grpc-0.4.0-2337318-SNAPSHOT.jar:0.4.0-2337318-SNAPSHOT]
	at org.apache.ratis.grpc.client.GrpcClientProtocolService$RequestStreamObserver.onNext(GrpcClientProtocolService.java:168) [ratis-grpc-0.4.0-2337318-SNAPSHOT.jar:0.4.0-2337318-SNAPSHOT]
	at org.apache.ratis.thirdparty.io.grpc.stub.ServerCalls$StreamingServerCallHandler$StreamingServerCallListener.onMessage(ServerCalls.java:248) [ratis-thirdparty-misc-0.2.0.jar:0.2.0]
	at org.apache.ratis.thirdparty.io.grpc.internal.ServerCallImpl$ServerStreamListenerImpl.messagesAvailable(ServerCallImpl.java:263) [ratis-thirdparty-misc-0.2.0.jar:0.2.0]
	at org.apache.ratis.thirdparty.io.grpc.internal.ServerImpl$JumpToApplicationThreadServerStreamListener$1MessagesAvailable.runInContext(ServerImpl.java:686) [ratis-thirdparty-misc-0.2.0.jar:0.2.0]
	at org.apache.ratis.thirdparty.io.grpc.internal.ContextRunnable.run(ContextRunnable.java:37) [ratis-thirdparty-misc-0.2.0.jar:0.2.0]
	at org.apache.ratis.thirdparty.io.grpc.internal.SerializingExecutor.run(SerializingExecutor.java:123) [ratis-thirdparty-misc-0.2.0.jar:0.2.0]
	at java.util.concurrent.ThreadPoolExecutor.runWorker(ThreadPoolExecutor.java:1149) [?:1.8.0_212]
	at java.util.concurrent.ThreadPoolExecutor$Worker.run(ThreadPoolExecutor.java:624) [?:1.8.0_212]
	at java.lang.Thread.run(Thread.java:748) [?:1.8.0_212]
2019-07-13 16:41:47,265 INFO  client.GrpcClientProtocolClient (GrpcClientProtocolClient.java:onNext(255)) - client-E1043870729D->da606bd7-531d-489c-bb8b-b9683742fb83: receive RaftClientReply:client-E1043870729D->da606bd7-531d-489c-bb8b-b9683742fb83@group-B74C505FF1A8, cid=79, FAILED org.apache.ratis.protocol.StateMachineException: org.apache.hadoop.hdds.scm.container.common.helpers.ContainerNotOpenException from Server da606bd7-531d-489c-bb8b-b9683742fb83: Container 10 in CLOSED state, logIndex=0, commits[da606bd7-531d-489c-bb8b-b9683742fb83:c36, 5c4b3584-effb-44d3-8327-d9784116762a:c35, d50a308c-76b6-4352-b87a-c86c145fdca9:c35]
2019-07-13 16:41:47,272 INFO  client.GrpcClientProtocolClient (GrpcClientProtocolClient.java:onNext(255)) - client-E1043870729D->da606bd7-531d-489c-bb8b-b9683742fb83: receive RaftClientReply:client-E1043870729D->da606bd7-531d-489c-bb8b-b9683742fb83@group-B74C505FF1A8, cid=80, FAILED org.apache.ratis.protocol.StateMachineException: org.apache.hadoop.hdds.scm.container.common.helpers.ContainerNotOpenException from Server da606bd7-531d-489c-bb8b-b9683742fb83: Container 10 in CLOSED state, logIndex=0, commits[da606bd7-531d-489c-bb8b-b9683742fb83:c36, 5c4b3584-effb-44d3-8327-d9784116762a:c35, d50a308c-76b6-4352-b87a-c86c145fdca9:c35]
16:41:47.273 [grpc-default-executor-0] ERROR DNAudit - user=null | ip=null | op=WRITE_CHUNK {blockData=conID: 10 locID: 102435134207098895 bcsId: 31} | ret=FAILURE
org.apache.hadoop.hdds.scm.container.common.helpers.ContainerNotOpenException: Container 10 in CLOSED state
	at org.apache.hadoop.ozone.container.common.impl.HddsDispatcher.validateContainerCommand(HddsDispatcher.java:408) ~[hadoop-hdds-container-service-0.5.0-SNAPSHOT.jar:?]
	at org.apache.hadoop.ozone.container.common.transport.server.ratis.ContainerStateMachine.startTransaction(ContainerStateMachine.java:271) ~[hadoop-hdds-container-service-0.5.0-SNAPSHOT.jar:?]
	at org.apache.ratis.server.impl.RaftServerImpl.submitClientRequestAsync(RaftServerImpl.java:566) ~[ratis-server-0.4.0-2337318-SNAPSHOT.jar:0.4.0-2337318-SNAPSHOT]
	at org.apache.ratis.server.impl.RaftServerProxy.lambda$submitClientRequestAsync$7(RaftServerProxy.java:333) ~[ratis-server-0.4.0-2337318-SNAPSHOT.jar:0.4.0-2337318-SNAPSHOT]
	at org.apache.ratis.server.impl.RaftServerProxy.lambda$null$5(RaftServerProxy.java:328) ~[ratis-server-0.4.0-2337318-SNAPSHOT.jar:0.4.0-2337318-SNAPSHOT]
	at org.apache.ratis.util.JavaUtils.callAsUnchecked(JavaUtils.java:109) ~[ratis-common-0.4.0-2337318-SNAPSHOT.jar:0.4.0-2337318-SNAPSHOT]
	at org.apache.ratis.server.impl.RaftServerProxy.lambda$submitRequest$6(RaftServerProxy.java:328) ~[ratis-server-0.4.0-2337318-SNAPSHOT.jar:0.4.0-2337318-SNAPSHOT]
	at java.util.concurrent.CompletableFuture.uniComposeStage(CompletableFuture.java:981) ~[?:1.8.0_212]
	at java.util.concurrent.CompletableFuture.thenCompose(CompletableFuture.java:2124) ~[?:1.8.0_212]
	at org.apache.ratis.server.impl.RaftServerProxy.submitRequest(RaftServerProxy.java:327) ~[ratis-server-0.4.0-2337318-SNAPSHOT.jar:0.4.0-2337318-SNAPSHOT]
	at org.apache.ratis.server.impl.RaftServerProxy.submitClientRequestAsync(RaftServerProxy.java:333) ~[ratis-server-0.4.0-2337318-SNAPSHOT.jar:0.4.0-2337318-SNAPSHOT]
	at org.apache.ratis.grpc.client.GrpcClientProtocolService$RequestStreamObserver.processClientRequest(GrpcClientProtocolService.java:220) ~[ratis-grpc-0.4.0-2337318-SNAPSHOT.jar:0.4.0-2337318-SNAPSHOT]
	at org.apache.ratis.grpc.client.GrpcClientProtocolService$OrderedRequestStreamObserver.processClientRequest(GrpcClientProtocolService.java:326) ~[ratis-grpc-0.4.0-2337318-SNAPSHOT.jar:0.4.0-2337318-SNAPSHOT]
	at org.apache.ratis.util.SlidingWindow$Server.processRequestsFromHead(SlidingWindow.java:429) [ratis-common-0.4.0-2337318-SNAPSHOT.jar:0.4.0-2337318-SNAPSHOT]
	at org.apache.ratis.util.SlidingWindow$Server.receivedRequest(SlidingWindow.java:421) [ratis-common-0.4.0-2337318-SNAPSHOT.jar:0.4.0-2337318-SNAPSHOT]
	at org.apache.ratis.grpc.client.GrpcClientProtocolService$OrderedRequestStreamObserver.processClientRequest(GrpcClientProtocolService.java:345) [ratis-grpc-0.4.0-2337318-SNAPSHOT.jar:0.4.0-2337318-SNAPSHOT]
	at org.apache.ratis.grpc.client.GrpcClientProtocolService$RequestStreamObserver.onNext(GrpcClientProtocolService.java:240) [ratis-grpc-0.4.0-2337318-SNAPSHOT.jar:0.4.0-2337318-SNAPSHOT]
	at org.apache.ratis.grpc.client.GrpcClientProtocolService$RequestStreamObserver.onNext(GrpcClientProtocolService.java:168) [ratis-grpc-0.4.0-2337318-SNAPSHOT.jar:0.4.0-2337318-SNAPSHOT]
	at org.apache.ratis.thirdparty.io.grpc.stub.ServerCalls$StreamingServerCallHandler$StreamingServerCallListener.onMessage(ServerCalls.java:248) [ratis-thirdparty-misc-0.2.0.jar:0.2.0]
	at org.apache.ratis.thirdparty.io.grpc.internal.ServerCallImpl$ServerStreamListenerImpl.messagesAvailable(ServerCallImpl.java:263) [ratis-thirdparty-misc-0.2.0.jar:0.2.0]
	at org.apache.ratis.thirdparty.io.grpc.internal.ServerImpl$JumpToApplicationThreadServerStreamListener$1MessagesAvailable.runInContext(ServerImpl.java:686) [ratis-thirdparty-misc-0.2.0.jar:0.2.0]
	at org.apache.ratis.thirdparty.io.grpc.internal.ContextRunnable.run(ContextRunnable.java:37) [ratis-thirdparty-misc-0.2.0.jar:0.2.0]
	at org.apache.ratis.thirdparty.io.grpc.internal.SerializingExecutor.run(SerializingExecutor.java:123) [ratis-thirdparty-misc-0.2.0.jar:0.2.0]
	at java.util.concurrent.ThreadPoolExecutor.runWorker(ThreadPoolExecutor.java:1149) [?:1.8.0_212]
	at java.util.concurrent.ThreadPoolExecutor$Worker.run(ThreadPoolExecutor.java:624) [?:1.8.0_212]
	at java.lang.Thread.run(Thread.java:748) [?:1.8.0_212]
16:41:47.279 [grpc-default-executor-0] ERROR DNAudit - user=null | ip=null | op=PUT_BLOCK {blockData=[blockId=conID: 10 locID: 102435134207098895 bcsId: 0,size=4194304]} | ret=FAILURE
org.apache.hadoop.hdds.scm.container.common.helpers.ContainerNotOpenException: Container 10 in CLOSED state
	at org.apache.hadoop.ozone.container.common.impl.HddsDispatcher.validateContainerCommand(HddsDispatcher.java:408) ~[hadoop-hdds-container-service-0.5.0-SNAPSHOT.jar:?]
	at org.apache.hadoop.ozone.container.common.transport.server.ratis.ContainerStateMachine.startTransaction(ContainerStateMachine.java:271) ~[hadoop-hdds-container-service-0.5.0-SNAPSHOT.jar:?]
	at org.apache.ratis.server.impl.RaftServerImpl.submitClientRequestAsync(RaftServerImpl.java:566) ~[ratis-server-0.4.0-2337318-SNAPSHOT.jar:0.4.0-2337318-SNAPSHOT]
	at org.apache.ratis.server.impl.RaftServerProxy.lambda$submitClientRequestAsync$7(RaftServerProxy.java:333) ~[ratis-server-0.4.0-2337318-SNAPSHOT.jar:0.4.0-2337318-SNAPSHOT]
	at org.apache.ratis.server.impl.RaftServerProxy.lambda$null$5(RaftServerProxy.java:328) ~[ratis-server-0.4.0-2337318-SNAPSHOT.jar:0.4.0-2337318-SNAPSHOT]
	at org.apache.ratis.util.JavaUtils.callAsUnchecked(JavaUtils.java:109) ~[ratis-common-0.4.0-2337318-SNAPSHOT.jar:0.4.0-2337318-SNAPSHOT]
	at org.apache.ratis.server.impl.RaftServerProxy.lambda$submitRequest$6(RaftServerProxy.java:328) ~[ratis-server-0.4.0-2337318-SNAPSHOT.jar:0.4.0-2337318-SNAPSHOT]
	at java.util.concurrent.CompletableFuture.uniComposeStage(CompletableFuture.java:981) ~[?:1.8.0_212]
	at java.util.concurrent.CompletableFuture.thenCompose(CompletableFuture.java:2124) ~[?:1.8.0_212]
	at org.apache.ratis.server.impl.RaftServerProxy.submitRequest(RaftServerProxy.java:327) ~[ratis-server-0.4.0-2337318-SNAPSHOT.jar:0.4.0-2337318-SNAPSHOT]
	at org.apache.ratis.server.impl.RaftServerProxy.submitClientRequestAsync(RaftServerProxy.java:333) ~[ratis-server-0.4.0-2337318-SNAPSHOT.jar:0.4.0-2337318-SNAPSHOT]
	at org.apache.ratis.grpc.client.GrpcClientProtocolService$RequestStreamObserver.processClientRequest(GrpcClientProtocolService.java:220) ~[ratis-grpc-0.4.0-2337318-SNAPSHOT.jar:0.4.0-2337318-SNAPSHOT]
	at org.apache.ratis.grpc.client.GrpcClientProtocolService$OrderedRequestStreamObserver.processClientRequest(GrpcClientProtocolService.java:326) ~[ratis-grpc-0.4.0-2337318-SNAPSHOT.jar:0.4.0-2337318-SNAPSHOT]
	at org.apache.ratis.util.SlidingWindow$Server.processRequestsFromHead(SlidingWindow.java:429) [ratis-common-0.4.0-2337318-SNAPSHOT.jar:0.4.0-2337318-SNAPSHOT]
	at org.apache.ratis.util.SlidingWindow$Server.receivedRequest(SlidingWindow.java:421) [ratis-common-0.4.0-2337318-SNAPSHOT.jar:0.4.0-2337318-SNAPSHOT]
	at org.apache.ratis.grpc.client.GrpcClientProtocolService$OrderedRequestStreamObserver.processClientRequest(GrpcClientProtocolService.java:345) [ratis-grpc-0.4.0-2337318-SNAPSHOT.jar:0.4.0-2337318-SNAPSHOT]
	at org.apache.ratis.grpc.client.GrpcClientProtocolService$RequestStreamObserver.onNext(GrpcClientProtocolService.java:240) [ratis-grpc-0.4.0-2337318-SNAPSHOT.jar:0.4.0-2337318-SNAPSHOT]
	at org.apache.ratis.grpc.client.GrpcClientProtocolService$RequestStreamObserver.onNext(GrpcClientProtocolService.java:168) [ratis-grpc-0.4.0-2337318-SNAPSHOT.jar:0.4.0-2337318-SNAPSHOT]
	at org.apache.ratis.thirdparty.io.grpc.stub.ServerCalls$StreamingServerCallHandler$StreamingServerCallListener.onMessage(ServerCalls.java:248) [ratis-thirdparty-misc-0.2.0.jar:0.2.0]
	at org.apache.ratis.thirdparty.io.grpc.internal.ServerCallImpl$ServerStreamListenerImpl.messagesAvailable(ServerCallImpl.java:263) [ratis-thirdparty-misc-0.2.0.jar:0.2.0]
	at org.apache.ratis.thirdparty.io.grpc.internal.ServerImpl$JumpToApplicationThreadServerStreamListener$1MessagesAvailable.runInContext(ServerImpl.java:686) [ratis-thirdparty-misc-0.2.0.jar:0.2.0]
	at org.apache.ratis.thirdparty.io.grpc.internal.ContextRunnable.run(ContextRunnable.java:37) [ratis-thirdparty-misc-0.2.0.jar:0.2.0]
	at org.apache.ratis.thirdparty.io.grpc.internal.SerializingExecutor.run(SerializingExecutor.java:123) [ratis-thirdparty-misc-0.2.0.jar:0.2.0]
	at java.util.concurrent.ThreadPoolExecutor.runWorker(ThreadPoolExecutor.java:1149) [?:1.8.0_212]
	at java.util.concurrent.ThreadPoolExecutor$Worker.run(ThreadPoolExecutor.java:624) [?:1.8.0_212]
	at java.lang.Thread.run(Thread.java:748) [?:1.8.0_212]
2019-07-13 16:41:47,281 INFO  client.GrpcClientProtocolClient (GrpcClientProtocolClient.java:onNext(255)) - client-E1043870729D->da606bd7-531d-489c-bb8b-b9683742fb83: receive RaftClientReply:client-E1043870729D->da606bd7-531d-489c-bb8b-b9683742fb83@group-B74C505FF1A8, cid=81, FAILED org.apache.ratis.protocol.StateMachineException: org.apache.hadoop.hdds.scm.container.common.helpers.ContainerNotOpenException from Server da606bd7-531d-489c-bb8b-b9683742fb83: Container 10 in CLOSED state, logIndex=0, commits[da606bd7-531d-489c-bb8b-b9683742fb83:c36, 5c4b3584-effb-44d3-8327-d9784116762a:c35, d50a308c-76b6-4352-b87a-c86c145fdca9:c35]
2019-07-13 16:41:47,287 INFO  client.GrpcClientProtocolClient (GrpcClientProtocolClient.java:onNext(255)) - client-E1043870729D->da606bd7-531d-489c-bb8b-b9683742fb83: receive RaftClientReply:client-E1043870729D->da606bd7-531d-489c-bb8b-b9683742fb83@group-B74C505FF1A8, cid=82, FAILED org.apache.ratis.protocol.StateMachineException: org.apache.hadoop.hdds.scm.container.common.helpers.ContainerNotOpenException from Server da606bd7-531d-489c-bb8b-b9683742fb83: Container 10 in CLOSED state, logIndex=0, commits[da606bd7-531d-489c-bb8b-b9683742fb83:c36, 5c4b3584-effb-44d3-8327-d9784116762a:c35, d50a308c-76b6-4352-b87a-c86c145fdca9:c35]
2019-07-13 16:41:47,431 INFO  client.GrpcClientProtocolClient (GrpcClientProtocolClient.java:onNext(255)) - client-0961B0213EDD->2a0497c4-1b57-4b63-a042-6a5a3b631162: receive RaftClientReply:client-0961B0213EDD->2a0497c4-1b57-4b63-a042-6a5a3b631162@group-F206BC6195A7, cid=83, SUCCESS, logIndex=78, commits[2a0497c4-1b57-4b63-a042-6a5a3b631162:c81, 745b003a-3ebb-4019-a00c-319ed3f4c999:c77, beb779dd-207a-4c6f-8538-94349668c3a0:c77]
2019-07-13 16:41:47,484 INFO  client.GrpcClientProtocolClient (GrpcClientProtocolClient.java:onNext(255)) - client-0961B0213EDD->2a0497c4-1b57-4b63-a042-6a5a3b631162: receive RaftClientReply:client-0961B0213EDD->2a0497c4-1b57-4b63-a042-6a5a3b631162@group-F206BC6195A7, cid=84, SUCCESS, logIndex=79, commits[2a0497c4-1b57-4b63-a042-6a5a3b631162:c84, 745b003a-3ebb-4019-a00c-319ed3f4c999:c81, beb779dd-207a-4c6f-8538-94349668c3a0:c81]
2019-07-13 16:41:47,494 INFO  client.GrpcClientProtocolClient (GrpcClientProtocolClient.java:onNext(255)) - client-0961B0213EDD->2a0497c4-1b57-4b63-a042-6a5a3b631162: receive RaftClientReply:client-0961B0213EDD->2a0497c4-1b57-4b63-a042-6a5a3b631162@group-F206BC6195A7, cid=85, SUCCESS, logIndex=80, commits[2a0497c4-1b57-4b63-a042-6a5a3b631162:c84, 745b003a-3ebb-4019-a00c-319ed3f4c999:c81, beb779dd-207a-4c6f-8538-94349668c3a0:c81]
2019-07-13 16:41:47,564 INFO  client.GrpcClientProtocolClient (GrpcClientProtocolClient.java:onNext(255)) - client-0961B0213EDD->2a0497c4-1b57-4b63-a042-6a5a3b631162: receive RaftClientReply:client-0961B0213EDD->2a0497c4-1b57-4b63-a042-6a5a3b631162@group-F206BC6195A7, cid=86, SUCCESS, logIndex=81, commits[2a0497c4-1b57-4b63-a042-6a5a3b631162:c84, 745b003a-3ebb-4019-a00c-319ed3f4c999:c81, beb779dd-207a-4c6f-8538-94349668c3a0:c81]
2019-07-13 16:41:47,700 INFO  client.GrpcClientProtocolClient (GrpcClientProtocolClient.java:onNext(255)) - client-0961B0213EDD->2a0497c4-1b57-4b63-a042-6a5a3b631162: receive RaftClientReply:client-0961B0213EDD->2a0497c4-1b57-4b63-a042-6a5a3b631162@group-F206BC6195A7, cid=87, SUCCESS, logIndex=85, commits[2a0497c4-1b57-4b63-a042-6a5a3b631162:c86, 745b003a-3ebb-4019-a00c-319ed3f4c999:c84, beb779dd-207a-4c6f-8538-94349668c3a0:c84]
2019-07-13 16:41:47,701 INFO  client.GrpcClientProtocolClient (GrpcClientProtocolClient.java:onNext(255)) - client-0961B0213EDD->2a0497c4-1b57-4b63-a042-6a5a3b631162: receive RaftClientReply:client-0961B0213EDD->2a0497c4-1b57-4b63-a042-6a5a3b631162@group-F206BC6195A7, cid=88, SUCCESS, logIndex=86, commits[2a0497c4-1b57-4b63-a042-6a5a3b631162:c86, 745b003a-3ebb-4019-a00c-319ed3f4c999:c84, beb779dd-207a-4c6f-8538-94349668c3a0:c84]
2019-07-13 16:41:47,712 INFO  client.GrpcClientProtocolClient (GrpcClientProtocolClient.java:onNext(255)) - client-0961B0213EDD->2a0497c4-1b57-4b63-a042-6a5a3b631162: receive RaftClientReply:client-0961B0213EDD->2a0497c4-1b57-4b63-a042-6a5a3b631162@group-F206BC6195A7, cid=89, SUCCESS, logIndex=0, commits[2a0497c4-1b57-4b63-a042-6a5a3b631162:c87, 745b003a-3ebb-4019-a00c-319ed3f4c999:c86, beb779dd-207a-4c6f-8538-94349668c3a0:c86]
2019-07-13 16:41:47,762 INFO  pipeline.Pipeline (Pipeline.java:getProtobufMessage(195)) - Serialize pipeline PipelineID=314a277d-f4e0-4475-83de-f206bc6195a7 with nodesInOrder{ }
]]></system-out>
  </testcase>
  <testcase name="testMultiBlockWrites2" classname="org.apache.hadoop.ozone.client.rpc.TestCloseContainerHandlingByClient" time="3.14">
    <error type="java.lang.IllegalArgumentException">java.lang.IllegalArgumentException
	at com.google.common.base.Preconditions.checkArgument(Preconditions.java:72)
	at org.apache.hadoop.hdds.scm.XceiverClientManager.acquireClient(XceiverClientManager.java:150)
	at org.apache.hadoop.hdds.scm.XceiverClientManager.acquireClientForReadData(XceiverClientManager.java:143)
	at org.apache.hadoop.hdds.scm.storage.BlockInputStream.getChunkInfos(BlockInputStream.java:154)
	at org.apache.hadoop.hdds.scm.storage.BlockInputStream.initialize(BlockInputStream.java:118)
	at org.apache.hadoop.hdds.scm.storage.BlockInputStream.read(BlockInputStream.java:222)
	at org.apache.hadoop.ozone.client.io.KeyInputStream.read(KeyInputStream.java:171)
	at org.apache.hadoop.ozone.client.io.OzoneInputStream.read(OzoneInputStream.java:47)
	at java.io.InputStream.read(InputStream.java:101)
	at org.apache.hadoop.ozone.container.ContainerTestHelper.validateData(ContainerTestHelper.java:709)
	at org.apache.hadoop.ozone.client.rpc.TestCloseContainerHandlingByClient.validateData(TestCloseContainerHandlingByClient.java:401)
	at org.apache.hadoop.ozone.client.rpc.TestCloseContainerHandlingByClient.testMultiBlockWrites2(TestCloseContainerHandlingByClient.java:281)
	at sun.reflect.NativeMethodAccessorImpl.invoke0(Native Method)
	at sun.reflect.NativeMethodAccessorImpl.invoke(NativeMethodAccessorImpl.java:62)
	at sun.reflect.DelegatingMethodAccessorImpl.invoke(DelegatingMethodAccessorImpl.java:43)
	at java.lang.reflect.Method.invoke(Method.java:498)
	at org.junit.runners.model.FrameworkMethod$1.runReflectiveCall(FrameworkMethod.java:47)
	at org.junit.internal.runners.model.ReflectiveCallable.run(ReflectiveCallable.java:12)
	at org.junit.runners.model.FrameworkMethod.invokeExplosively(FrameworkMethod.java:44)
	at org.junit.internal.runners.statements.InvokeMethod.evaluate(InvokeMethod.java:17)
	at org.junit.runners.ParentRunner.runLeaf(ParentRunner.java:271)
	at org.junit.runners.BlockJUnit4ClassRunner.runChild(BlockJUnit4ClassRunner.java:70)
	at org.junit.runners.BlockJUnit4ClassRunner.runChild(BlockJUnit4ClassRunner.java:50)
	at org.junit.runners.ParentRunner$3.run(ParentRunner.java:238)
	at org.junit.runners.ParentRunner$1.schedule(ParentRunner.java:63)
	at org.junit.runners.ParentRunner.runChildren(ParentRunner.java:236)
	at org.junit.runners.ParentRunner.access$000(ParentRunner.java:53)
	at org.junit.runners.ParentRunner$2.evaluate(ParentRunner.java:229)
	at org.junit.internal.runners.statements.RunBefores.evaluate(RunBefores.java:26)
	at org.junit.internal.runners.statements.RunAfters.evaluate(RunAfters.java:27)
	at org.junit.runners.ParentRunner.run(ParentRunner.java:309)
	at org.apache.maven.surefire.junit4.JUnit4Provider.execute(JUnit4Provider.java:365)
	at org.apache.maven.surefire.junit4.JUnit4Provider.executeWithRerun(JUnit4Provider.java:273)
	at org.apache.maven.surefire.junit4.JUnit4Provider.executeTestSet(JUnit4Provider.java:238)
	at org.apache.maven.surefire.junit4.JUnit4Provider.invoke(JUnit4Provider.java:159)
	at org.apache.maven.surefire.booter.ForkedBooter.invokeProviderInSameClassLoader(ForkedBooter.java:384)
	at org.apache.maven.surefire.booter.ForkedBooter.runSuitesInProcess(ForkedBooter.java:345)
	at org.apache.maven.surefire.booter.ForkedBooter.execute(ForkedBooter.java:126)
	at org.apache.maven.surefire.booter.ForkedBooter.main(ForkedBooter.java:418)
</error>
    <system-out><![CDATA[2019-07-13 16:41:47,961 INFO  client.GrpcClientProtocolClient (GrpcClientProtocolClient.java:onNext(255)) - client-E1043870729D->da606bd7-531d-489c-bb8b-b9683742fb83: receive RaftClientReply:client-E1043870729D->da606bd7-531d-489c-bb8b-b9683742fb83@group-B74C505FF1A8, cid=90, SUCCESS, logIndex=37, commits[da606bd7-531d-489c-bb8b-b9683742fb83:c40, 5c4b3584-effb-44d3-8327-d9784116762a:c36, d50a308c-76b6-4352-b87a-c86c145fdca9:c36]
2019-07-13 16:41:48,000 INFO  client.GrpcClientProtocolClient (GrpcClientProtocolClient.java:onNext(255)) - client-E1043870729D->da606bd7-531d-489c-bb8b-b9683742fb83: receive RaftClientReply:client-E1043870729D->da606bd7-531d-489c-bb8b-b9683742fb83@group-B74C505FF1A8, cid=91, SUCCESS, logIndex=38, commits[da606bd7-531d-489c-bb8b-b9683742fb83:c43, 5c4b3584-effb-44d3-8327-d9784116762a:c40, d50a308c-76b6-4352-b87a-c86c145fdca9:c40]
2019-07-13 16:41:48,001 INFO  client.GrpcClientProtocolClient (GrpcClientProtocolClient.java:onNext(255)) - client-E1043870729D->da606bd7-531d-489c-bb8b-b9683742fb83: receive RaftClientReply:client-E1043870729D->da606bd7-531d-489c-bb8b-b9683742fb83@group-B74C505FF1A8, cid=92, SUCCESS, logIndex=39, commits[da606bd7-531d-489c-bb8b-b9683742fb83:c43, 5c4b3584-effb-44d3-8327-d9784116762a:c40, d50a308c-76b6-4352-b87a-c86c145fdca9:c40]
2019-07-13 16:41:48,064 INFO  client.GrpcClientProtocolClient (GrpcClientProtocolClient.java:onNext(255)) - client-E1043870729D->da606bd7-531d-489c-bb8b-b9683742fb83: receive RaftClientReply:client-E1043870729D->da606bd7-531d-489c-bb8b-b9683742fb83@group-B74C505FF1A8, cid=93, SUCCESS, logIndex=40, commits[da606bd7-531d-489c-bb8b-b9683742fb83:c43, 5c4b3584-effb-44d3-8327-d9784116762a:c40, d50a308c-76b6-4352-b87a-c86c145fdca9:c40]
2019-07-13 16:41:48,091 INFO  client.GrpcClientProtocolClient (GrpcClientProtocolClient.java:onNext(255)) - client-E1043870729D->da606bd7-531d-489c-bb8b-b9683742fb83: receive RaftClientReply:client-E1043870729D->da606bd7-531d-489c-bb8b-b9683742fb83@group-B74C505FF1A8, cid=94, SUCCESS, logIndex=44, commits[da606bd7-531d-489c-bb8b-b9683742fb83:c45, 5c4b3584-effb-44d3-8327-d9784116762a:c43, d50a308c-76b6-4352-b87a-c86c145fdca9:c43]
2019-07-13 16:41:48,092 INFO  client.GrpcClientProtocolClient (GrpcClientProtocolClient.java:onNext(255)) - client-E1043870729D->da606bd7-531d-489c-bb8b-b9683742fb83: receive RaftClientReply:client-E1043870729D->da606bd7-531d-489c-bb8b-b9683742fb83@group-B74C505FF1A8, cid=95, SUCCESS, logIndex=45, commits[da606bd7-531d-489c-bb8b-b9683742fb83:c45, 5c4b3584-effb-44d3-8327-d9784116762a:c43, d50a308c-76b6-4352-b87a-c86c145fdca9:c43]
2019-07-13 16:41:48,103 INFO  client.GrpcClientProtocolClient (GrpcClientProtocolClient.java:onNext(255)) - client-E1043870729D->da606bd7-531d-489c-bb8b-b9683742fb83: receive RaftClientReply:client-E1043870729D->da606bd7-531d-489c-bb8b-b9683742fb83@group-B74C505FF1A8, cid=96, SUCCESS, logIndex=46, commits[da606bd7-531d-489c-bb8b-b9683742fb83:c47, 5c4b3584-effb-44d3-8327-d9784116762a:c43, d50a308c-76b6-4352-b87a-c86c145fdca9:c43]
2019-07-13 16:41:48,104 INFO  client.GrpcClientProtocolClient (GrpcClientProtocolClient.java:onNext(255)) - client-E1043870729D->da606bd7-531d-489c-bb8b-b9683742fb83: receive RaftClientReply:client-E1043870729D->da606bd7-531d-489c-bb8b-b9683742fb83@group-B74C505FF1A8, cid=97, SUCCESS, logIndex=47, commits[da606bd7-531d-489c-bb8b-b9683742fb83:c47, 5c4b3584-effb-44d3-8327-d9784116762a:c43, d50a308c-76b6-4352-b87a-c86c145fdca9:c43]
2019-07-13 16:41:48,107 INFO  client.GrpcClientProtocolClient (GrpcClientProtocolClient.java:onNext(255)) - client-E1043870729D->da606bd7-531d-489c-bb8b-b9683742fb83: receive RaftClientReply:client-E1043870729D->da606bd7-531d-489c-bb8b-b9683742fb83@group-B74C505FF1A8, cid=98, SUCCESS, logIndex=0, commits[da606bd7-531d-489c-bb8b-b9683742fb83:c49, 5c4b3584-effb-44d3-8327-d9784116762a:c45, d50a308c-76b6-4352-b87a-c86c145fdca9:c45]
2019-07-13 16:41:48,114 INFO  client.GrpcClientProtocolClient (GrpcClientProtocolClient.java:onNext(255)) - client-E1043870729D->da606bd7-531d-489c-bb8b-b9683742fb83: receive RaftClientReply:client-E1043870729D->da606bd7-531d-489c-bb8b-b9683742fb83@group-B74C505FF1A8, cid=99, SUCCESS, logIndex=0, commits[da606bd7-531d-489c-bb8b-b9683742fb83:c50, 5c4b3584-effb-44d3-8327-d9784116762a:c47, d50a308c-76b6-4352-b87a-c86c145fdca9:c47]
2019-07-13 16:41:48,286 INFO  client.GrpcClientProtocolClient (GrpcClientProtocolClient.java:onNext(255)) - client-E1043870729D->da606bd7-531d-489c-bb8b-b9683742fb83: receive RaftClientReply:client-E1043870729D->da606bd7-531d-489c-bb8b-b9683742fb83@group-B74C505FF1A8, cid=100, SUCCESS, logIndex=52, commits[da606bd7-531d-489c-bb8b-b9683742fb83:c55, 5c4b3584-effb-44d3-8327-d9784116762a:c51, d50a308c-76b6-4352-b87a-c86c145fdca9:c51]
2019-07-13 16:41:48,322 INFO  client.GrpcClientProtocolClient (GrpcClientProtocolClient.java:onNext(255)) - client-E1043870729D->da606bd7-531d-489c-bb8b-b9683742fb83: receive RaftClientReply:client-E1043870729D->da606bd7-531d-489c-bb8b-b9683742fb83@group-B74C505FF1A8, cid=101, SUCCESS, logIndex=53, commits[da606bd7-531d-489c-bb8b-b9683742fb83:c58, 5c4b3584-effb-44d3-8327-d9784116762a:c55, d50a308c-76b6-4352-b87a-c86c145fdca9:c55]
2019-07-13 16:41:48,323 INFO  client.GrpcClientProtocolClient (GrpcClientProtocolClient.java:onNext(255)) - client-E1043870729D->da606bd7-531d-489c-bb8b-b9683742fb83: receive RaftClientReply:client-E1043870729D->da606bd7-531d-489c-bb8b-b9683742fb83@group-B74C505FF1A8, cid=102, SUCCESS, logIndex=54, commits[da606bd7-531d-489c-bb8b-b9683742fb83:c58, 5c4b3584-effb-44d3-8327-d9784116762a:c55, d50a308c-76b6-4352-b87a-c86c145fdca9:c55]
2019-07-13 16:41:48,393 INFO  client.GrpcClientProtocolClient (GrpcClientProtocolClient.java:onNext(255)) - client-E1043870729D->da606bd7-531d-489c-bb8b-b9683742fb83: receive RaftClientReply:client-E1043870729D->da606bd7-531d-489c-bb8b-b9683742fb83@group-B74C505FF1A8, cid=103, SUCCESS, logIndex=55, commits[da606bd7-531d-489c-bb8b-b9683742fb83:c58, 5c4b3584-effb-44d3-8327-d9784116762a:c55, d50a308c-76b6-4352-b87a-c86c145fdca9:c55]
2019-07-13 16:41:48,422 INFO  client.GrpcClientProtocolClient (GrpcClientProtocolClient.java:onNext(255)) - client-E1043870729D->da606bd7-531d-489c-bb8b-b9683742fb83: receive RaftClientReply:client-E1043870729D->da606bd7-531d-489c-bb8b-b9683742fb83@group-B74C505FF1A8, cid=104, SUCCESS, logIndex=59, commits[da606bd7-531d-489c-bb8b-b9683742fb83:c62, 5c4b3584-effb-44d3-8327-d9784116762a:c58, d50a308c-76b6-4352-b87a-c86c145fdca9:c55]
2019-07-13 16:41:48,423 INFO  client.GrpcClientProtocolClient (GrpcClientProtocolClient.java:onNext(255)) - client-E1043870729D->da606bd7-531d-489c-bb8b-b9683742fb83: receive RaftClientReply:client-E1043870729D->da606bd7-531d-489c-bb8b-b9683742fb83@group-B74C505FF1A8, cid=105, SUCCESS, logIndex=60, commits[da606bd7-531d-489c-bb8b-b9683742fb83:c62, 5c4b3584-effb-44d3-8327-d9784116762a:c58, d50a308c-76b6-4352-b87a-c86c145fdca9:c58]
2019-07-13 16:41:48,424 INFO  client.GrpcClientProtocolClient (GrpcClientProtocolClient.java:onNext(255)) - client-E1043870729D->da606bd7-531d-489c-bb8b-b9683742fb83: receive RaftClientReply:client-E1043870729D->da606bd7-531d-489c-bb8b-b9683742fb83@group-B74C505FF1A8, cid=106, SUCCESS, logIndex=61, commits[da606bd7-531d-489c-bb8b-b9683742fb83:c62, 5c4b3584-effb-44d3-8327-d9784116762a:c58, d50a308c-76b6-4352-b87a-c86c145fdca9:c58]
2019-07-13 16:41:48,425 INFO  client.GrpcClientProtocolClient (GrpcClientProtocolClient.java:onNext(255)) - client-E1043870729D->da606bd7-531d-489c-bb8b-b9683742fb83: receive RaftClientReply:client-E1043870729D->da606bd7-531d-489c-bb8b-b9683742fb83@group-B74C505FF1A8, cid=107, SUCCESS, logIndex=62, commits[da606bd7-531d-489c-bb8b-b9683742fb83:c62, 5c4b3584-effb-44d3-8327-d9784116762a:c58, d50a308c-76b6-4352-b87a-c86c145fdca9:c58]
2019-07-13 16:41:48,427 INFO  client.GrpcClientProtocolClient (GrpcClientProtocolClient.java:onNext(255)) - client-E1043870729D->da606bd7-531d-489c-bb8b-b9683742fb83: receive RaftClientReply:client-E1043870729D->da606bd7-531d-489c-bb8b-b9683742fb83@group-B74C505FF1A8, cid=108, SUCCESS, logIndex=0, commits[da606bd7-531d-489c-bb8b-b9683742fb83:c63, 5c4b3584-effb-44d3-8327-d9784116762a:c61, d50a308c-76b6-4352-b87a-c86c145fdca9:c61]
2019-07-13 16:41:48,430 INFO  client.GrpcClientProtocolClient (GrpcClientProtocolClient.java:onNext(255)) - client-E1043870729D->da606bd7-531d-489c-bb8b-b9683742fb83: receive RaftClientReply:client-E1043870729D->da606bd7-531d-489c-bb8b-b9683742fb83@group-B74C505FF1A8, cid=109, SUCCESS, logIndex=0, commits[da606bd7-531d-489c-bb8b-b9683742fb83:c64, 5c4b3584-effb-44d3-8327-d9784116762a:c62, d50a308c-76b6-4352-b87a-c86c145fdca9:c62]
2019-07-13 16:41:48,484 INFO  client.GrpcClientProtocolClient (GrpcClientProtocolClient.java:onNext(255)) - client-0961B0213EDD->2a0497c4-1b57-4b63-a042-6a5a3b631162: receive RaftClientReply:client-0961B0213EDD->2a0497c4-1b57-4b63-a042-6a5a3b631162@group-F206BC6195A7, cid=110, SUCCESS, logIndex=89, commits[2a0497c4-1b57-4b63-a042-6a5a3b631162:c90, 745b003a-3ebb-4019-a00c-319ed3f4c999:c88, beb779dd-207a-4c6f-8538-94349668c3a0:c88]
2019-07-13 16:41:48,485 INFO  client.GrpcClientProtocolClient (GrpcClientProtocolClient.java:onNext(255)) - client-0961B0213EDD->2a0497c4-1b57-4b63-a042-6a5a3b631162: receive RaftClientReply:client-0961B0213EDD->2a0497c4-1b57-4b63-a042-6a5a3b631162@group-F206BC6195A7, cid=111, SUCCESS, logIndex=90, commits[2a0497c4-1b57-4b63-a042-6a5a3b631162:c90, 745b003a-3ebb-4019-a00c-319ed3f4c999:c88, beb779dd-207a-4c6f-8538-94349668c3a0:c88]
2019-07-13 16:41:48,493 INFO  client.GrpcClientProtocolClient (GrpcClientProtocolClient.java:onNext(255)) - client-0961B0213EDD->2a0497c4-1b57-4b63-a042-6a5a3b631162: receive RaftClientReply:client-0961B0213EDD->2a0497c4-1b57-4b63-a042-6a5a3b631162@group-F206BC6195A7, cid=112, SUCCESS, logIndex=0, commits[2a0497c4-1b57-4b63-a042-6a5a3b631162:c90, 745b003a-3ebb-4019-a00c-319ed3f4c999:c90, beb779dd-207a-4c6f-8538-94349668c3a0:c90]
2019-07-13 16:41:48,526 INFO  client.GrpcClientProtocolClient (GrpcClientProtocolClient.java:onNext(255)) - client-0961B0213EDD->2a0497c4-1b57-4b63-a042-6a5a3b631162: receive RaftClientReply:client-0961B0213EDD->2a0497c4-1b57-4b63-a042-6a5a3b631162@group-F206BC6195A7, cid=113, SUCCESS, logIndex=93, commits[2a0497c4-1b57-4b63-a042-6a5a3b631162:c94, 745b003a-3ebb-4019-a00c-319ed3f4c999:c92, beb779dd-207a-4c6f-8538-94349668c3a0:c92]
2019-07-13 16:41:48,527 INFO  client.GrpcClientProtocolClient (GrpcClientProtocolClient.java:onNext(255)) - client-0961B0213EDD->2a0497c4-1b57-4b63-a042-6a5a3b631162: receive RaftClientReply:client-0961B0213EDD->2a0497c4-1b57-4b63-a042-6a5a3b631162@group-F206BC6195A7, cid=114, SUCCESS, logIndex=94, commits[2a0497c4-1b57-4b63-a042-6a5a3b631162:c94, 745b003a-3ebb-4019-a00c-319ed3f4c999:c92, beb779dd-207a-4c6f-8538-94349668c3a0:c92]
2019-07-13 16:41:48,529 INFO  client.GrpcClientProtocolClient (GrpcClientProtocolClient.java:onNext(255)) - client-0961B0213EDD->2a0497c4-1b57-4b63-a042-6a5a3b631162: receive RaftClientReply:client-0961B0213EDD->2a0497c4-1b57-4b63-a042-6a5a3b631162@group-F206BC6195A7, cid=115, SUCCESS, logIndex=0, commits[2a0497c4-1b57-4b63-a042-6a5a3b631162:c95, 745b003a-3ebb-4019-a00c-319ed3f4c999:c94, beb779dd-207a-4c6f-8538-94349668c3a0:c94]
2019-07-13 16:41:48,537 INFO  container.CloseContainerEventHandler (CloseContainerEventHandler.java:onMessage(61)) - Close container Event triggered for container : #12
2019-07-13 16:41:48,537 INFO  container.CloseContainerEventHandler (CloseContainerEventHandler.java:onMessage(61)) - Close container Event triggered for container : #12
2019-07-13 16:41:48,538 INFO  container.CloseContainerEventHandler (CloseContainerEventHandler.java:onMessage(61)) - Close container Event triggered for container : #12
2019-07-13 16:41:48,538 INFO  container.CloseContainerEventHandler (CloseContainerEventHandler.java:onMessage(61)) - Close container Event triggered for container : #13
2019-07-13 16:41:48,538 INFO  container.CloseContainerEventHandler (CloseContainerEventHandler.java:onMessage(61)) - Close container Event triggered for container : #13
2019-07-13 16:41:48,538 INFO  container.CloseContainerEventHandler (CloseContainerEventHandler.java:onMessage(61)) - Close container Event triggered for container : #13
2019-07-13 16:41:48,538 INFO  container.CloseContainerEventHandler (CloseContainerEventHandler.java:onMessage(61)) - Close container Event triggered for container : #4
2019-07-13 16:41:48,539 INFO  container.CloseContainerEventHandler (CloseContainerEventHandler.java:onMessage(61)) - Close container Event triggered for container : #4
2019-07-13 16:41:48,539 INFO  container.CloseContainerEventHandler (CloseContainerEventHandler.java:onMessage(61)) - Close container Event triggered for container : #4
2019-07-13 16:41:50,331 INFO  interfaces.Container (KeyValueContainer.java:compactDB(356)) - Container 12 is closed with bcsId 47.
2019-07-13 16:41:50,338 INFO  interfaces.Container (KeyValueContainer.java:compactDB(356)) - Container 12 is closed with bcsId 47.
2019-07-13 16:41:50,343 INFO  interfaces.Container (KeyValueContainer.java:compactDB(356)) - Container 12 is closed with bcsId 47.
2019-07-13 16:41:50,368 INFO  interfaces.Container (KeyValueContainer.java:compactDB(356)) - Container 13 is closed with bcsId 62.
2019-07-13 16:41:50,368 INFO  interfaces.Container (KeyValueContainer.java:compactDB(356)) - Container 13 is closed with bcsId 62.
2019-07-13 16:41:50,373 INFO  interfaces.Container (KeyValueContainer.java:compactDB(356)) - Container 13 is closed with bcsId 62.
2019-07-13 16:41:50,447 INFO  interfaces.Container (KeyValueContainer.java:compactDB(356)) - Container 4 is closed with bcsId 94.
2019-07-13 16:41:50,447 INFO  interfaces.Container (KeyValueContainer.java:compactDB(356)) - Container 4 is closed with bcsId 94.
2019-07-13 16:41:50,463 INFO  interfaces.Container (KeyValueContainer.java:compactDB(356)) - Container 4 is closed with bcsId 94.
16:41:50.541 [grpc-default-executor-0] ERROR DNAudit - user=null | ip=null | op=WRITE_CHUNK {blockData=conID: 4 locID: 102435134403313684 bcsId: 94} | ret=FAILURE
org.apache.hadoop.hdds.scm.container.common.helpers.ContainerNotOpenException: Container 4 in CLOSED state
	at org.apache.hadoop.ozone.container.common.impl.HddsDispatcher.validateContainerCommand(HddsDispatcher.java:408) ~[hadoop-hdds-container-service-0.5.0-SNAPSHOT.jar:?]
	at org.apache.hadoop.ozone.container.common.transport.server.ratis.ContainerStateMachine.startTransaction(ContainerStateMachine.java:271) ~[hadoop-hdds-container-service-0.5.0-SNAPSHOT.jar:?]
	at org.apache.ratis.server.impl.RaftServerImpl.submitClientRequestAsync(RaftServerImpl.java:566) ~[ratis-server-0.4.0-2337318-SNAPSHOT.jar:0.4.0-2337318-SNAPSHOT]
	at org.apache.ratis.server.impl.RaftServerProxy.lambda$submitClientRequestAsync$7(RaftServerProxy.java:333) ~[ratis-server-0.4.0-2337318-SNAPSHOT.jar:0.4.0-2337318-SNAPSHOT]
	at org.apache.ratis.server.impl.RaftServerProxy.lambda$null$5(RaftServerProxy.java:328) ~[ratis-server-0.4.0-2337318-SNAPSHOT.jar:0.4.0-2337318-SNAPSHOT]
	at org.apache.ratis.util.JavaUtils.callAsUnchecked(JavaUtils.java:109) ~[ratis-common-0.4.0-2337318-SNAPSHOT.jar:0.4.0-2337318-SNAPSHOT]
	at org.apache.ratis.server.impl.RaftServerProxy.lambda$submitRequest$6(RaftServerProxy.java:328) ~[ratis-server-0.4.0-2337318-SNAPSHOT.jar:0.4.0-2337318-SNAPSHOT]
	at java.util.concurrent.CompletableFuture.uniComposeStage(CompletableFuture.java:981) ~[?:1.8.0_212]
	at java.util.concurrent.CompletableFuture.thenCompose(CompletableFuture.java:2124) ~[?:1.8.0_212]
	at org.apache.ratis.server.impl.RaftServerProxy.submitRequest(RaftServerProxy.java:327) ~[ratis-server-0.4.0-2337318-SNAPSHOT.jar:0.4.0-2337318-SNAPSHOT]
	at org.apache.ratis.server.impl.RaftServerProxy.submitClientRequestAsync(RaftServerProxy.java:333) ~[ratis-server-0.4.0-2337318-SNAPSHOT.jar:0.4.0-2337318-SNAPSHOT]
	at org.apache.ratis.grpc.client.GrpcClientProtocolService$RequestStreamObserver.processClientRequest(GrpcClientProtocolService.java:220) ~[ratis-grpc-0.4.0-2337318-SNAPSHOT.jar:0.4.0-2337318-SNAPSHOT]
	at org.apache.ratis.grpc.client.GrpcClientProtocolService$OrderedRequestStreamObserver.processClientRequest(GrpcClientProtocolService.java:326) ~[ratis-grpc-0.4.0-2337318-SNAPSHOT.jar:0.4.0-2337318-SNAPSHOT]
	at org.apache.ratis.util.SlidingWindow$Server.processRequestsFromHead(SlidingWindow.java:429) [ratis-common-0.4.0-2337318-SNAPSHOT.jar:0.4.0-2337318-SNAPSHOT]
	at org.apache.ratis.util.SlidingWindow$Server.receivedRequest(SlidingWindow.java:421) [ratis-common-0.4.0-2337318-SNAPSHOT.jar:0.4.0-2337318-SNAPSHOT]
	at org.apache.ratis.grpc.client.GrpcClientProtocolService$OrderedRequestStreamObserver.processClientRequest(GrpcClientProtocolService.java:345) [ratis-grpc-0.4.0-2337318-SNAPSHOT.jar:0.4.0-2337318-SNAPSHOT]
	at org.apache.ratis.grpc.client.GrpcClientProtocolService$RequestStreamObserver.onNext(GrpcClientProtocolService.java:240) [ratis-grpc-0.4.0-2337318-SNAPSHOT.jar:0.4.0-2337318-SNAPSHOT]
	at org.apache.ratis.grpc.client.GrpcClientProtocolService$RequestStreamObserver.onNext(GrpcClientProtocolService.java:168) [ratis-grpc-0.4.0-2337318-SNAPSHOT.jar:0.4.0-2337318-SNAPSHOT]
	at org.apache.ratis.thirdparty.io.grpc.stub.ServerCalls$StreamingServerCallHandler$StreamingServerCallListener.onMessage(ServerCalls.java:248) [ratis-thirdparty-misc-0.2.0.jar:0.2.0]
	at org.apache.ratis.thirdparty.io.grpc.internal.ServerCallImpl$ServerStreamListenerImpl.messagesAvailable(ServerCallImpl.java:263) [ratis-thirdparty-misc-0.2.0.jar:0.2.0]
	at org.apache.ratis.thirdparty.io.grpc.internal.ServerImpl$JumpToApplicationThreadServerStreamListener$1MessagesAvailable.runInContext(ServerImpl.java:686) [ratis-thirdparty-misc-0.2.0.jar:0.2.0]
	at org.apache.ratis.thirdparty.io.grpc.internal.ContextRunnable.run(ContextRunnable.java:37) [ratis-thirdparty-misc-0.2.0.jar:0.2.0]
	at org.apache.ratis.thirdparty.io.grpc.internal.SerializingExecutor.run(SerializingExecutor.java:123) [ratis-thirdparty-misc-0.2.0.jar:0.2.0]
	at java.util.concurrent.ThreadPoolExecutor.runWorker(ThreadPoolExecutor.java:1149) [?:1.8.0_212]
	at java.util.concurrent.ThreadPoolExecutor$Worker.run(ThreadPoolExecutor.java:624) [?:1.8.0_212]
	at java.lang.Thread.run(Thread.java:748) [?:1.8.0_212]
2019-07-13 16:41:50,550 INFO  client.GrpcClientProtocolClient (GrpcClientProtocolClient.java:onNext(255)) - client-0961B0213EDD->2a0497c4-1b57-4b63-a042-6a5a3b631162: receive RaftClientReply:client-0961B0213EDD->2a0497c4-1b57-4b63-a042-6a5a3b631162@group-F206BC6195A7, cid=116, FAILED org.apache.ratis.protocol.StateMachineException: org.apache.hadoop.hdds.scm.container.common.helpers.ContainerNotOpenException from Server 2a0497c4-1b57-4b63-a042-6a5a3b631162: Container 4 in CLOSED state, logIndex=0, commits[2a0497c4-1b57-4b63-a042-6a5a3b631162:c98, 745b003a-3ebb-4019-a00c-319ed3f4c999:c97, beb779dd-207a-4c6f-8538-94349668c3a0:c97]
16:41:50.550 [grpc-default-executor-0] ERROR DNAudit - user=null | ip=null | op=PUT_BLOCK {blockData=[blockId=conID: 4 locID: 102435134403313684 bcsId: 0,size=2621440]} | ret=FAILURE
org.apache.hadoop.hdds.scm.container.common.helpers.ContainerNotOpenException: Container 4 in CLOSED state
	at org.apache.hadoop.ozone.container.common.impl.HddsDispatcher.validateContainerCommand(HddsDispatcher.java:408) ~[hadoop-hdds-container-service-0.5.0-SNAPSHOT.jar:?]
	at org.apache.hadoop.ozone.container.common.transport.server.ratis.ContainerStateMachine.startTransaction(ContainerStateMachine.java:271) ~[hadoop-hdds-container-service-0.5.0-SNAPSHOT.jar:?]
	at org.apache.ratis.server.impl.RaftServerImpl.submitClientRequestAsync(RaftServerImpl.java:566) ~[ratis-server-0.4.0-2337318-SNAPSHOT.jar:0.4.0-2337318-SNAPSHOT]
	at org.apache.ratis.server.impl.RaftServerProxy.lambda$submitClientRequestAsync$7(RaftServerProxy.java:333) ~[ratis-server-0.4.0-2337318-SNAPSHOT.jar:0.4.0-2337318-SNAPSHOT]
	at org.apache.ratis.server.impl.RaftServerProxy.lambda$null$5(RaftServerProxy.java:328) ~[ratis-server-0.4.0-2337318-SNAPSHOT.jar:0.4.0-2337318-SNAPSHOT]
	at org.apache.ratis.util.JavaUtils.callAsUnchecked(JavaUtils.java:109) ~[ratis-common-0.4.0-2337318-SNAPSHOT.jar:0.4.0-2337318-SNAPSHOT]
	at org.apache.ratis.server.impl.RaftServerProxy.lambda$submitRequest$6(RaftServerProxy.java:328) ~[ratis-server-0.4.0-2337318-SNAPSHOT.jar:0.4.0-2337318-SNAPSHOT]
	at java.util.concurrent.CompletableFuture.uniComposeStage(CompletableFuture.java:981) ~[?:1.8.0_212]
	at java.util.concurrent.CompletableFuture.thenCompose(CompletableFuture.java:2124) ~[?:1.8.0_212]
	at org.apache.ratis.server.impl.RaftServerProxy.submitRequest(RaftServerProxy.java:327) ~[ratis-server-0.4.0-2337318-SNAPSHOT.jar:0.4.0-2337318-SNAPSHOT]
	at org.apache.ratis.server.impl.RaftServerProxy.submitClientRequestAsync(RaftServerProxy.java:333) ~[ratis-server-0.4.0-2337318-SNAPSHOT.jar:0.4.0-2337318-SNAPSHOT]
	at org.apache.ratis.grpc.client.GrpcClientProtocolService$RequestStreamObserver.processClientRequest(GrpcClientProtocolService.java:220) ~[ratis-grpc-0.4.0-2337318-SNAPSHOT.jar:0.4.0-2337318-SNAPSHOT]
	at org.apache.ratis.grpc.client.GrpcClientProtocolService$OrderedRequestStreamObserver.processClientRequest(GrpcClientProtocolService.java:326) ~[ratis-grpc-0.4.0-2337318-SNAPSHOT.jar:0.4.0-2337318-SNAPSHOT]
	at org.apache.ratis.util.SlidingWindow$Server.processRequestsFromHead(SlidingWindow.java:429) [ratis-common-0.4.0-2337318-SNAPSHOT.jar:0.4.0-2337318-SNAPSHOT]
	at org.apache.ratis.util.SlidingWindow$Server.receivedRequest(SlidingWindow.java:421) [ratis-common-0.4.0-2337318-SNAPSHOT.jar:0.4.0-2337318-SNAPSHOT]
	at org.apache.ratis.grpc.client.GrpcClientProtocolService$OrderedRequestStreamObserver.processClientRequest(GrpcClientProtocolService.java:345) [ratis-grpc-0.4.0-2337318-SNAPSHOT.jar:0.4.0-2337318-SNAPSHOT]
	at org.apache.ratis.grpc.client.GrpcClientProtocolService$RequestStreamObserver.onNext(GrpcClientProtocolService.java:240) [ratis-grpc-0.4.0-2337318-SNAPSHOT.jar:0.4.0-2337318-SNAPSHOT]
	at org.apache.ratis.grpc.client.GrpcClientProtocolService$RequestStreamObserver.onNext(GrpcClientProtocolService.java:168) [ratis-grpc-0.4.0-2337318-SNAPSHOT.jar:0.4.0-2337318-SNAPSHOT]
	at org.apache.ratis.thirdparty.io.grpc.stub.ServerCalls$StreamingServerCallHandler$StreamingServerCallListener.onMessage(ServerCalls.java:248) [ratis-thirdparty-misc-0.2.0.jar:0.2.0]
	at org.apache.ratis.thirdparty.io.grpc.internal.ServerCallImpl$ServerStreamListenerImpl.messagesAvailable(ServerCallImpl.java:263) [ratis-thirdparty-misc-0.2.0.jar:0.2.0]
	at org.apache.ratis.thirdparty.io.grpc.internal.ServerImpl$JumpToApplicationThreadServerStreamListener$1MessagesAvailable.runInContext(ServerImpl.java:686) [ratis-thirdparty-misc-0.2.0.jar:0.2.0]
	at org.apache.ratis.thirdparty.io.grpc.internal.ContextRunnable.run(ContextRunnable.java:37) [ratis-thirdparty-misc-0.2.0.jar:0.2.0]
	at org.apache.ratis.thirdparty.io.grpc.internal.SerializingExecutor.run(SerializingExecutor.java:123) [ratis-thirdparty-misc-0.2.0.jar:0.2.0]
	at java.util.concurrent.ThreadPoolExecutor.runWorker(ThreadPoolExecutor.java:1149) [?:1.8.0_212]
	at java.util.concurrent.ThreadPoolExecutor$Worker.run(ThreadPoolExecutor.java:624) [?:1.8.0_212]
	at java.lang.Thread.run(Thread.java:748) [?:1.8.0_212]
2019-07-13 16:41:50,557 INFO  client.GrpcClientProtocolClient (GrpcClientProtocolClient.java:onNext(255)) - client-0961B0213EDD->2a0497c4-1b57-4b63-a042-6a5a3b631162: receive RaftClientReply:client-0961B0213EDD->2a0497c4-1b57-4b63-a042-6a5a3b631162@group-F206BC6195A7, cid=117, FAILED org.apache.ratis.protocol.StateMachineException: org.apache.hadoop.hdds.scm.container.common.helpers.ContainerNotOpenException from Server 2a0497c4-1b57-4b63-a042-6a5a3b631162: Container 4 in CLOSED state, logIndex=0, commits[2a0497c4-1b57-4b63-a042-6a5a3b631162:c98, 745b003a-3ebb-4019-a00c-319ed3f4c999:c97, beb779dd-207a-4c6f-8538-94349668c3a0:c97]
2019-07-13 16:41:50,670 INFO  client.GrpcClientProtocolClient (GrpcClientProtocolClient.java:onNext(255)) - client-0961B0213EDD->2a0497c4-1b57-4b63-a042-6a5a3b631162: receive RaftClientReply:client-0961B0213EDD->2a0497c4-1b57-4b63-a042-6a5a3b631162@group-F206BC6195A7, cid=118, SUCCESS, logIndex=99, commits[2a0497c4-1b57-4b63-a042-6a5a3b631162:c100, 745b003a-3ebb-4019-a00c-319ed3f4c999:c98, beb779dd-207a-4c6f-8538-94349668c3a0:c98]
2019-07-13 16:41:50,722 INFO  client.GrpcClientProtocolClient (GrpcClientProtocolClient.java:onNext(255)) - client-0961B0213EDD->2a0497c4-1b57-4b63-a042-6a5a3b631162: receive RaftClientReply:client-0961B0213EDD->2a0497c4-1b57-4b63-a042-6a5a3b631162@group-F206BC6195A7, cid=119, SUCCESS, logIndex=100, commits[2a0497c4-1b57-4b63-a042-6a5a3b631162:c102, 745b003a-3ebb-4019-a00c-319ed3f4c999:c100, beb779dd-207a-4c6f-8538-94349668c3a0:c100]
2019-07-13 16:41:50,902 INFO  pipeline.Pipeline (Pipeline.java:getProtobufMessage(195)) - Serialize pipeline PipelineID=314a277d-f4e0-4475-83de-f206bc6195a7 with nodesInOrder{ }
]]></system-out>
  </testcase>
  <testcase name="testMultiBlockWrites3" classname="org.apache.hadoop.ozone.client.rpc.TestCloseContainerHandlingByClient" time="3.065">
    <error type="java.lang.IllegalArgumentException">java.lang.IllegalArgumentException
	at com.google.common.base.Preconditions.checkArgument(Preconditions.java:72)
	at org.apache.hadoop.hdds.scm.XceiverClientManager.acquireClient(XceiverClientManager.java:150)
	at org.apache.hadoop.hdds.scm.XceiverClientManager.acquireClientForReadData(XceiverClientManager.java:143)
	at org.apache.hadoop.hdds.scm.storage.BlockInputStream.getChunkInfos(BlockInputStream.java:154)
	at org.apache.hadoop.hdds.scm.storage.BlockInputStream.initialize(BlockInputStream.java:118)
	at org.apache.hadoop.hdds.scm.storage.BlockInputStream.read(BlockInputStream.java:222)
	at org.apache.hadoop.ozone.client.io.KeyInputStream.read(KeyInputStream.java:171)
	at org.apache.hadoop.ozone.client.io.OzoneInputStream.read(OzoneInputStream.java:47)
	at java.io.InputStream.read(InputStream.java:101)
	at org.apache.hadoop.ozone.client.rpc.TestCloseContainerHandlingByClient.testMultiBlockWrites3(TestCloseContainerHandlingByClient.java:325)
	at sun.reflect.NativeMethodAccessorImpl.invoke0(Native Method)
	at sun.reflect.NativeMethodAccessorImpl.invoke(NativeMethodAccessorImpl.java:62)
	at sun.reflect.DelegatingMethodAccessorImpl.invoke(DelegatingMethodAccessorImpl.java:43)
	at java.lang.reflect.Method.invoke(Method.java:498)
	at org.junit.runners.model.FrameworkMethod$1.runReflectiveCall(FrameworkMethod.java:47)
	at org.junit.internal.runners.model.ReflectiveCallable.run(ReflectiveCallable.java:12)
	at org.junit.runners.model.FrameworkMethod.invokeExplosively(FrameworkMethod.java:44)
	at org.junit.internal.runners.statements.InvokeMethod.evaluate(InvokeMethod.java:17)
	at org.junit.runners.ParentRunner.runLeaf(ParentRunner.java:271)
	at org.junit.runners.BlockJUnit4ClassRunner.runChild(BlockJUnit4ClassRunner.java:70)
	at org.junit.runners.BlockJUnit4ClassRunner.runChild(BlockJUnit4ClassRunner.java:50)
	at org.junit.runners.ParentRunner$3.run(ParentRunner.java:238)
	at org.junit.runners.ParentRunner$1.schedule(ParentRunner.java:63)
	at org.junit.runners.ParentRunner.runChildren(ParentRunner.java:236)
	at org.junit.runners.ParentRunner.access$000(ParentRunner.java:53)
	at org.junit.runners.ParentRunner$2.evaluate(ParentRunner.java:229)
	at org.junit.internal.runners.statements.RunBefores.evaluate(RunBefores.java:26)
	at org.junit.internal.runners.statements.RunAfters.evaluate(RunAfters.java:27)
	at org.junit.runners.ParentRunner.run(ParentRunner.java:309)
	at org.apache.maven.surefire.junit4.JUnit4Provider.execute(JUnit4Provider.java:365)
	at org.apache.maven.surefire.junit4.JUnit4Provider.executeWithRerun(JUnit4Provider.java:273)
	at org.apache.maven.surefire.junit4.JUnit4Provider.executeTestSet(JUnit4Provider.java:238)
	at org.apache.maven.surefire.junit4.JUnit4Provider.invoke(JUnit4Provider.java:159)
	at org.apache.maven.surefire.booter.ForkedBooter.invokeProviderInSameClassLoader(ForkedBooter.java:384)
	at org.apache.maven.surefire.booter.ForkedBooter.runSuitesInProcess(ForkedBooter.java:345)
	at org.apache.maven.surefire.booter.ForkedBooter.execute(ForkedBooter.java:126)
	at org.apache.maven.surefire.booter.ForkedBooter.main(ForkedBooter.java:418)
</error>
    <system-out><![CDATA[2019-07-13 16:41:51,210 INFO  client.GrpcClientProtocolClient (GrpcClientProtocolClient.java:onNext(255)) - client-E1043870729D->da606bd7-531d-489c-bb8b-b9683742fb83: receive RaftClientReply:client-E1043870729D->da606bd7-531d-489c-bb8b-b9683742fb83@group-B74C505FF1A8, cid=120, SUCCESS, logIndex=70, commits[da606bd7-531d-489c-bb8b-b9683742fb83:c73, 5c4b3584-effb-44d3-8327-d9784116762a:c69, d50a308c-76b6-4352-b87a-c86c145fdca9:c69]
2019-07-13 16:41:51,260 INFO  client.GrpcClientProtocolClient (GrpcClientProtocolClient.java:onNext(255)) - client-E1043870729D->da606bd7-531d-489c-bb8b-b9683742fb83: receive RaftClientReply:client-E1043870729D->da606bd7-531d-489c-bb8b-b9683742fb83@group-B74C505FF1A8, cid=121, SUCCESS, logIndex=71, commits[da606bd7-531d-489c-bb8b-b9683742fb83:c76, 5c4b3584-effb-44d3-8327-d9784116762a:c73, d50a308c-76b6-4352-b87a-c86c145fdca9:c73]
2019-07-13 16:41:51,261 INFO  client.GrpcClientProtocolClient (GrpcClientProtocolClient.java:onNext(255)) - client-E1043870729D->da606bd7-531d-489c-bb8b-b9683742fb83: receive RaftClientReply:client-E1043870729D->da606bd7-531d-489c-bb8b-b9683742fb83@group-B74C505FF1A8, cid=122, SUCCESS, logIndex=72, commits[da606bd7-531d-489c-bb8b-b9683742fb83:c76, 5c4b3584-effb-44d3-8327-d9784116762a:c73, d50a308c-76b6-4352-b87a-c86c145fdca9:c73]
2019-07-13 16:41:51,329 INFO  client.GrpcClientProtocolClient (GrpcClientProtocolClient.java:onNext(255)) - client-E1043870729D->da606bd7-531d-489c-bb8b-b9683742fb83: receive RaftClientReply:client-E1043870729D->da606bd7-531d-489c-bb8b-b9683742fb83@group-B74C505FF1A8, cid=123, SUCCESS, logIndex=73, commits[da606bd7-531d-489c-bb8b-b9683742fb83:c76, 5c4b3584-effb-44d3-8327-d9784116762a:c73, d50a308c-76b6-4352-b87a-c86c145fdca9:c73]
2019-07-13 16:41:51,352 INFO  client.GrpcClientProtocolClient (GrpcClientProtocolClient.java:onNext(255)) - client-E1043870729D->da606bd7-531d-489c-bb8b-b9683742fb83: receive RaftClientReply:client-E1043870729D->da606bd7-531d-489c-bb8b-b9683742fb83@group-B74C505FF1A8, cid=124, SUCCESS, logIndex=77, commits[da606bd7-531d-489c-bb8b-b9683742fb83:c78, 5c4b3584-effb-44d3-8327-d9784116762a:c73, d50a308c-76b6-4352-b87a-c86c145fdca9:c76]
2019-07-13 16:41:51,352 INFO  client.GrpcClientProtocolClient (GrpcClientProtocolClient.java:onNext(255)) - client-E1043870729D->da606bd7-531d-489c-bb8b-b9683742fb83: receive RaftClientReply:client-E1043870729D->da606bd7-531d-489c-bb8b-b9683742fb83@group-B74C505FF1A8, cid=125, SUCCESS, logIndex=78, commits[da606bd7-531d-489c-bb8b-b9683742fb83:c78, 5c4b3584-effb-44d3-8327-d9784116762a:c73, d50a308c-76b6-4352-b87a-c86c145fdca9:c76]
2019-07-13 16:41:51,365 INFO  client.GrpcClientProtocolClient (GrpcClientProtocolClient.java:onNext(255)) - client-E1043870729D->da606bd7-531d-489c-bb8b-b9683742fb83: receive RaftClientReply:client-E1043870729D->da606bd7-531d-489c-bb8b-b9683742fb83@group-B74C505FF1A8, cid=126, SUCCESS, logIndex=79, commits[da606bd7-531d-489c-bb8b-b9683742fb83:c79, 5c4b3584-effb-44d3-8327-d9784116762a:c76, d50a308c-76b6-4352-b87a-c86c145fdca9:c76]
2019-07-13 16:41:51,366 INFO  client.GrpcClientProtocolClient (GrpcClientProtocolClient.java:onNext(255)) - client-E1043870729D->da606bd7-531d-489c-bb8b-b9683742fb83: receive RaftClientReply:client-E1043870729D->da606bd7-531d-489c-bb8b-b9683742fb83@group-B74C505FF1A8, cid=127, SUCCESS, logIndex=80, commits[da606bd7-531d-489c-bb8b-b9683742fb83:c82, 5c4b3584-effb-44d3-8327-d9784116762a:c78, d50a308c-76b6-4352-b87a-c86c145fdca9:c78]
2019-07-13 16:41:51,380 INFO  client.GrpcClientProtocolClient (GrpcClientProtocolClient.java:onNext(255)) - client-E1043870729D->da606bd7-531d-489c-bb8b-b9683742fb83: receive RaftClientReply:client-E1043870729D->da606bd7-531d-489c-bb8b-b9683742fb83@group-B74C505FF1A8, cid=128, SUCCESS, logIndex=0, commits[da606bd7-531d-489c-bb8b-b9683742fb83:c84, 5c4b3584-effb-44d3-8327-d9784116762a:c81, d50a308c-76b6-4352-b87a-c86c145fdca9:c81]
2019-07-13 16:41:51,408 INFO  client.GrpcClientProtocolClient (GrpcClientProtocolClient.java:onNext(255)) - client-0961B0213EDD->2a0497c4-1b57-4b63-a042-6a5a3b631162: receive RaftClientReply:client-0961B0213EDD->2a0497c4-1b57-4b63-a042-6a5a3b631162@group-F206BC6195A7, cid=129, SUCCESS, logIndex=103, commits[2a0497c4-1b57-4b63-a042-6a5a3b631162:c105, 745b003a-3ebb-4019-a00c-319ed3f4c999:c102, beb779dd-207a-4c6f-8538-94349668c3a0:c102]
2019-07-13 16:41:51,408 INFO  client.GrpcClientProtocolClient (GrpcClientProtocolClient.java:onNext(255)) - client-0961B0213EDD->2a0497c4-1b57-4b63-a042-6a5a3b631162: receive RaftClientReply:client-0961B0213EDD->2a0497c4-1b57-4b63-a042-6a5a3b631162@group-F206BC6195A7, cid=130, SUCCESS, logIndex=104, commits[2a0497c4-1b57-4b63-a042-6a5a3b631162:c106, 745b003a-3ebb-4019-a00c-319ed3f4c999:c102, beb779dd-207a-4c6f-8538-94349668c3a0:c102]
2019-07-13 16:41:51,409 INFO  client.GrpcClientProtocolClient (GrpcClientProtocolClient.java:onNext(255)) - client-0961B0213EDD->2a0497c4-1b57-4b63-a042-6a5a3b631162: receive RaftClientReply:client-0961B0213EDD->2a0497c4-1b57-4b63-a042-6a5a3b631162@group-F206BC6195A7, cid=131, SUCCESS, logIndex=105, commits[2a0497c4-1b57-4b63-a042-6a5a3b631162:c106, 745b003a-3ebb-4019-a00c-319ed3f4c999:c104, beb779dd-207a-4c6f-8538-94349668c3a0:c102]
2019-07-13 16:41:51,409 INFO  client.GrpcClientProtocolClient (GrpcClientProtocolClient.java:onNext(255)) - client-0961B0213EDD->2a0497c4-1b57-4b63-a042-6a5a3b631162: receive RaftClientReply:client-0961B0213EDD->2a0497c4-1b57-4b63-a042-6a5a3b631162@group-F206BC6195A7, cid=132, SUCCESS, logIndex=106, commits[2a0497c4-1b57-4b63-a042-6a5a3b631162:c107, 745b003a-3ebb-4019-a00c-319ed3f4c999:c104, beb779dd-207a-4c6f-8538-94349668c3a0:c102]
2019-07-13 16:41:51,411 INFO  client.GrpcClientProtocolClient (GrpcClientProtocolClient.java:onNext(255)) - client-0961B0213EDD->2a0497c4-1b57-4b63-a042-6a5a3b631162: receive RaftClientReply:client-0961B0213EDD->2a0497c4-1b57-4b63-a042-6a5a3b631162@group-F206BC6195A7, cid=133, SUCCESS, logIndex=0, commits[2a0497c4-1b57-4b63-a042-6a5a3b631162:c107, 745b003a-3ebb-4019-a00c-319ed3f4c999:c104, beb779dd-207a-4c6f-8538-94349668c3a0:c104]
2019-07-13 16:41:51,424 INFO  client.GrpcClientProtocolClient (GrpcClientProtocolClient.java:onNext(255)) - client-0961B0213EDD->2a0497c4-1b57-4b63-a042-6a5a3b631162: receive RaftClientReply:client-0961B0213EDD->2a0497c4-1b57-4b63-a042-6a5a3b631162@group-F206BC6195A7, cid=134, SUCCESS, logIndex=111, commits[2a0497c4-1b57-4b63-a042-6a5a3b631162:c112, 745b003a-3ebb-4019-a00c-319ed3f4c999:c110, beb779dd-207a-4c6f-8538-94349668c3a0:c106]
2019-07-13 16:41:51,425 INFO  client.GrpcClientProtocolClient (GrpcClientProtocolClient.java:onNext(255)) - client-0961B0213EDD->2a0497c4-1b57-4b63-a042-6a5a3b631162: receive RaftClientReply:client-0961B0213EDD->2a0497c4-1b57-4b63-a042-6a5a3b631162@group-F206BC6195A7, cid=135, SUCCESS, logIndex=112, commits[2a0497c4-1b57-4b63-a042-6a5a3b631162:c112, 745b003a-3ebb-4019-a00c-319ed3f4c999:c110, beb779dd-207a-4c6f-8538-94349668c3a0:c106]
2019-07-13 16:41:51,448 INFO  client.GrpcClientProtocolClient (GrpcClientProtocolClient.java:onNext(255)) - client-0961B0213EDD->2a0497c4-1b57-4b63-a042-6a5a3b631162: receive RaftClientReply:client-0961B0213EDD->2a0497c4-1b57-4b63-a042-6a5a3b631162@group-F206BC6195A7, cid=136, SUCCESS, logIndex=115, commits[2a0497c4-1b57-4b63-a042-6a5a3b631162:c116, 745b003a-3ebb-4019-a00c-319ed3f4c999:c114, beb779dd-207a-4c6f-8538-94349668c3a0:c114]
2019-07-13 16:41:51,449 INFO  client.GrpcClientProtocolClient (GrpcClientProtocolClient.java:onNext(255)) - client-0961B0213EDD->2a0497c4-1b57-4b63-a042-6a5a3b631162: receive RaftClientReply:client-0961B0213EDD->2a0497c4-1b57-4b63-a042-6a5a3b631162@group-F206BC6195A7, cid=137, SUCCESS, logIndex=116, commits[2a0497c4-1b57-4b63-a042-6a5a3b631162:c116, 745b003a-3ebb-4019-a00c-319ed3f4c999:c114, beb779dd-207a-4c6f-8538-94349668c3a0:c114]
2019-07-13 16:41:51,459 INFO  client.GrpcClientProtocolClient (GrpcClientProtocolClient.java:onNext(255)) - client-0961B0213EDD->2a0497c4-1b57-4b63-a042-6a5a3b631162: receive RaftClientReply:client-0961B0213EDD->2a0497c4-1b57-4b63-a042-6a5a3b631162@group-F206BC6195A7, cid=138, SUCCESS, logIndex=0, commits[2a0497c4-1b57-4b63-a042-6a5a3b631162:c117, 745b003a-3ebb-4019-a00c-319ed3f4c999:c116, beb779dd-207a-4c6f-8538-94349668c3a0:c116]
2019-07-13 16:41:51,552 INFO  client.GrpcClientProtocolClient (GrpcClientProtocolClient.java:onNext(255)) - client-E1043870729D->da606bd7-531d-489c-bb8b-b9683742fb83: receive RaftClientReply:client-E1043870729D->da606bd7-531d-489c-bb8b-b9683742fb83@group-B74C505FF1A8, cid=139, SUCCESS, logIndex=85, commits[da606bd7-531d-489c-bb8b-b9683742fb83:c88, 5c4b3584-effb-44d3-8327-d9784116762a:c84, d50a308c-76b6-4352-b87a-c86c145fdca9:c84]
2019-07-13 16:41:51,594 INFO  client.GrpcClientProtocolClient (GrpcClientProtocolClient.java:onNext(255)) - client-E1043870729D->da606bd7-531d-489c-bb8b-b9683742fb83: receive RaftClientReply:client-E1043870729D->da606bd7-531d-489c-bb8b-b9683742fb83@group-B74C505FF1A8, cid=140, SUCCESS, logIndex=86, commits[da606bd7-531d-489c-bb8b-b9683742fb83:c91, 5c4b3584-effb-44d3-8327-d9784116762a:c88, d50a308c-76b6-4352-b87a-c86c145fdca9:c88]
2019-07-13 16:41:51,594 INFO  client.GrpcClientProtocolClient (GrpcClientProtocolClient.java:onNext(255)) - client-E1043870729D->da606bd7-531d-489c-bb8b-b9683742fb83: receive RaftClientReply:client-E1043870729D->da606bd7-531d-489c-bb8b-b9683742fb83@group-B74C505FF1A8, cid=141, SUCCESS, logIndex=87, commits[da606bd7-531d-489c-bb8b-b9683742fb83:c91, 5c4b3584-effb-44d3-8327-d9784116762a:c88, d50a308c-76b6-4352-b87a-c86c145fdca9:c88]
2019-07-13 16:41:51,645 INFO  client.GrpcClientProtocolClient (GrpcClientProtocolClient.java:onNext(255)) - client-E1043870729D->da606bd7-531d-489c-bb8b-b9683742fb83: receive RaftClientReply:client-E1043870729D->da606bd7-531d-489c-bb8b-b9683742fb83@group-B74C505FF1A8, cid=142, SUCCESS, logIndex=88, commits[da606bd7-531d-489c-bb8b-b9683742fb83:c91, 5c4b3584-effb-44d3-8327-d9784116762a:c88, d50a308c-76b6-4352-b87a-c86c145fdca9:c88]
2019-07-13 16:41:51,670 INFO  client.GrpcClientProtocolClient (GrpcClientProtocolClient.java:onNext(255)) - client-E1043870729D->da606bd7-531d-489c-bb8b-b9683742fb83: receive RaftClientReply:client-E1043870729D->da606bd7-531d-489c-bb8b-b9683742fb83@group-B74C505FF1A8, cid=143, SUCCESS, logIndex=92, commits[da606bd7-531d-489c-bb8b-b9683742fb83:c93, 5c4b3584-effb-44d3-8327-d9784116762a:c91, d50a308c-76b6-4352-b87a-c86c145fdca9:c88]
2019-07-13 16:41:51,671 INFO  client.GrpcClientProtocolClient (GrpcClientProtocolClient.java:onNext(255)) - client-E1043870729D->da606bd7-531d-489c-bb8b-b9683742fb83: receive RaftClientReply:client-E1043870729D->da606bd7-531d-489c-bb8b-b9683742fb83@group-B74C505FF1A8, cid=144, SUCCESS, logIndex=93, commits[da606bd7-531d-489c-bb8b-b9683742fb83:c93, 5c4b3584-effb-44d3-8327-d9784116762a:c91, d50a308c-76b6-4352-b87a-c86c145fdca9:c88]
2019-07-13 16:41:51,682 INFO  client.GrpcClientProtocolClient (GrpcClientProtocolClient.java:onNext(255)) - client-E1043870729D->da606bd7-531d-489c-bb8b-b9683742fb83: receive RaftClientReply:client-E1043870729D->da606bd7-531d-489c-bb8b-b9683742fb83@group-B74C505FF1A8, cid=145, SUCCESS, logIndex=94, commits[da606bd7-531d-489c-bb8b-b9683742fb83:c95, 5c4b3584-effb-44d3-8327-d9784116762a:c91, d50a308c-76b6-4352-b87a-c86c145fdca9:c91]
2019-07-13 16:41:51,685 INFO  client.GrpcClientProtocolClient (GrpcClientProtocolClient.java:onNext(255)) - client-E1043870729D->da606bd7-531d-489c-bb8b-b9683742fb83: receive RaftClientReply:client-E1043870729D->da606bd7-531d-489c-bb8b-b9683742fb83@group-B74C505FF1A8, cid=146, SUCCESS, logIndex=95, commits[da606bd7-531d-489c-bb8b-b9683742fb83:c95, 5c4b3584-effb-44d3-8327-d9784116762a:c91, d50a308c-76b6-4352-b87a-c86c145fdca9:c91]
2019-07-13 16:41:51,687 INFO  client.GrpcClientProtocolClient (GrpcClientProtocolClient.java:onNext(255)) - client-E1043870729D->da606bd7-531d-489c-bb8b-b9683742fb83: receive RaftClientReply:client-E1043870729D->da606bd7-531d-489c-bb8b-b9683742fb83@group-B74C505FF1A8, cid=147, SUCCESS, logIndex=0, commits[da606bd7-531d-489c-bb8b-b9683742fb83:c97, 5c4b3584-effb-44d3-8327-d9784116762a:c93, d50a308c-76b6-4352-b87a-c86c145fdca9:c93]
2019-07-13 16:41:51,690 INFO  client.GrpcClientProtocolClient (GrpcClientProtocolClient.java:onNext(255)) - client-E1043870729D->da606bd7-531d-489c-bb8b-b9683742fb83: receive RaftClientReply:client-E1043870729D->da606bd7-531d-489c-bb8b-b9683742fb83@group-B74C505FF1A8, cid=148, SUCCESS, logIndex=0, commits[da606bd7-531d-489c-bb8b-b9683742fb83:c99, 5c4b3584-effb-44d3-8327-d9784116762a:c95, d50a308c-76b6-4352-b87a-c86c145fdca9:c95]
2019-07-13 16:41:51,693 INFO  container.CloseContainerEventHandler (CloseContainerEventHandler.java:onMessage(61)) - Close container Event triggered for container : #15
2019-07-13 16:41:51,693 INFO  container.CloseContainerEventHandler (CloseContainerEventHandler.java:onMessage(61)) - Close container Event triggered for container : #15
2019-07-13 16:41:51,693 INFO  container.CloseContainerEventHandler (CloseContainerEventHandler.java:onMessage(61)) - Close container Event triggered for container : #15
2019-07-13 16:41:51,694 INFO  container.CloseContainerEventHandler (CloseContainerEventHandler.java:onMessage(61)) - Close container Event triggered for container : #9
2019-07-13 16:41:51,694 INFO  container.CloseContainerEventHandler (CloseContainerEventHandler.java:onMessage(61)) - Close container Event triggered for container : #9
2019-07-13 16:41:51,694 INFO  container.CloseContainerEventHandler (CloseContainerEventHandler.java:onMessage(61)) - Close container Event triggered for container : #9
2019-07-13 16:41:51,694 INFO  container.CloseContainerEventHandler (CloseContainerEventHandler.java:onMessage(61)) - Close container Event triggered for container : #16
2019-07-13 16:41:51,694 INFO  container.CloseContainerEventHandler (CloseContainerEventHandler.java:onMessage(61)) - Close container Event triggered for container : #16
2019-07-13 16:41:51,695 INFO  container.CloseContainerEventHandler (CloseContainerEventHandler.java:onMessage(61)) - Close container Event triggered for container : #16
2019-07-13 16:41:51,695 INFO  container.CloseContainerEventHandler (CloseContainerEventHandler.java:onMessage(61)) - Close container Event triggered for container : #6
2019-07-13 16:41:51,695 INFO  container.CloseContainerEventHandler (CloseContainerEventHandler.java:onMessage(61)) - Close container Event triggered for container : #6
2019-07-13 16:41:51,695 INFO  container.CloseContainerEventHandler (CloseContainerEventHandler.java:onMessage(61)) - Close container Event triggered for container : #6
2019-07-13 16:41:51,706 INFO  client.GrpcClientProtocolClient (GrpcClientProtocolClient.java:onNext(255)) - client-E1043870729D->da606bd7-531d-489c-bb8b-b9683742fb83: receive RaftClientReply:client-E1043870729D->da606bd7-531d-489c-bb8b-b9683742fb83@group-B74C505FF1A8, cid=149, SUCCESS, logIndex=100, commits[da606bd7-531d-489c-bb8b-b9683742fb83:c101, 5c4b3584-effb-44d3-8327-d9784116762a:c99, d50a308c-76b6-4352-b87a-c86c145fdca9:c99]
2019-07-13 16:41:51,707 INFO  client.GrpcClientProtocolClient (GrpcClientProtocolClient.java:onNext(255)) - client-E1043870729D->da606bd7-531d-489c-bb8b-b9683742fb83: receive RaftClientReply:client-E1043870729D->da606bd7-531d-489c-bb8b-b9683742fb83@group-B74C505FF1A8, cid=150, SUCCESS, logIndex=101, commits[da606bd7-531d-489c-bb8b-b9683742fb83:c101, 5c4b3584-effb-44d3-8327-d9784116762a:c99, d50a308c-76b6-4352-b87a-c86c145fdca9:c99]
2019-07-13 16:41:53,562 INFO  interfaces.Container (KeyValueContainer.java:compactDB(356)) - Container 15 is closed with bcsId 80.
2019-07-13 16:41:53,608 INFO  interfaces.Container (KeyValueContainer.java:compactDB(356)) - Container 15 is closed with bcsId 80.
2019-07-13 16:41:53,608 INFO  interfaces.Container (KeyValueContainer.java:compactDB(356)) - Container 15 is closed with bcsId 80.
2019-07-13 16:41:53,629 INFO  interfaces.Container (KeyValueContainer.java:compactDB(356)) - Container 16 is closed with bcsId 95.
2019-07-13 16:41:53,629 INFO  interfaces.Container (KeyValueContainer.java:compactDB(356)) - Container 16 is closed with bcsId 95.
2019-07-13 16:41:53,641 INFO  interfaces.Container (KeyValueContainer.java:compactDB(356)) - Container 16 is closed with bcsId 95.
2019-07-13 16:41:53,681 INFO  interfaces.Container (KeyValueContainer.java:compactDB(356)) - Container 6 is closed with bcsId 101.
2019-07-13 16:41:53,698 INFO  interfaces.Container (KeyValueContainer.java:compactDB(356)) - Container 6 is closed with bcsId 101.
16:41:53.701 [grpc-default-executor-5] ERROR DNAudit - user=null | ip=null | op=WRITE_CHUNK {blockData=conID: 6 locID: 102435134564663322 bcsId: 101} | ret=FAILURE
org.apache.hadoop.hdds.scm.container.common.helpers.ContainerNotOpenException: Container 6 in CLOSED state
	at org.apache.hadoop.ozone.container.common.impl.HddsDispatcher.validateContainerCommand(HddsDispatcher.java:408) ~[hadoop-hdds-container-service-0.5.0-SNAPSHOT.jar:?]
	at org.apache.hadoop.ozone.container.common.transport.server.ratis.ContainerStateMachine.startTransaction(ContainerStateMachine.java:271) ~[hadoop-hdds-container-service-0.5.0-SNAPSHOT.jar:?]
	at org.apache.ratis.server.impl.RaftServerImpl.submitClientRequestAsync(RaftServerImpl.java:566) ~[ratis-server-0.4.0-2337318-SNAPSHOT.jar:0.4.0-2337318-SNAPSHOT]
	at org.apache.ratis.server.impl.RaftServerProxy.lambda$submitClientRequestAsync$7(RaftServerProxy.java:333) ~[ratis-server-0.4.0-2337318-SNAPSHOT.jar:0.4.0-2337318-SNAPSHOT]
	at org.apache.ratis.server.impl.RaftServerProxy.lambda$null$5(RaftServerProxy.java:328) ~[ratis-server-0.4.0-2337318-SNAPSHOT.jar:0.4.0-2337318-SNAPSHOT]
	at org.apache.ratis.util.JavaUtils.callAsUnchecked(JavaUtils.java:109) ~[ratis-common-0.4.0-2337318-SNAPSHOT.jar:0.4.0-2337318-SNAPSHOT]
	at org.apache.ratis.server.impl.RaftServerProxy.lambda$submitRequest$6(RaftServerProxy.java:328) ~[ratis-server-0.4.0-2337318-SNAPSHOT.jar:0.4.0-2337318-SNAPSHOT]
	at java.util.concurrent.CompletableFuture.uniComposeStage(CompletableFuture.java:981) ~[?:1.8.0_212]
	at java.util.concurrent.CompletableFuture.thenCompose(CompletableFuture.java:2124) ~[?:1.8.0_212]
	at org.apache.ratis.server.impl.RaftServerProxy.submitRequest(RaftServerProxy.java:327) ~[ratis-server-0.4.0-2337318-SNAPSHOT.jar:0.4.0-2337318-SNAPSHOT]
	at org.apache.ratis.server.impl.RaftServerProxy.submitClientRequestAsync(RaftServerProxy.java:333) ~[ratis-server-0.4.0-2337318-SNAPSHOT.jar:0.4.0-2337318-SNAPSHOT]
	at org.apache.ratis.grpc.client.GrpcClientProtocolService$RequestStreamObserver.processClientRequest(GrpcClientProtocolService.java:220) ~[ratis-grpc-0.4.0-2337318-SNAPSHOT.jar:0.4.0-2337318-SNAPSHOT]
	at org.apache.ratis.grpc.client.GrpcClientProtocolService$OrderedRequestStreamObserver.processClientRequest(GrpcClientProtocolService.java:326) ~[ratis-grpc-0.4.0-2337318-SNAPSHOT.jar:0.4.0-2337318-SNAPSHOT]
	at org.apache.ratis.util.SlidingWindow$Server.processRequestsFromHead(SlidingWindow.java:429) [ratis-common-0.4.0-2337318-SNAPSHOT.jar:0.4.0-2337318-SNAPSHOT]
	at org.apache.ratis.util.SlidingWindow$Server.receivedRequest(SlidingWindow.java:421) [ratis-common-0.4.0-2337318-SNAPSHOT.jar:0.4.0-2337318-SNAPSHOT]
	at org.apache.ratis.grpc.client.GrpcClientProtocolService$OrderedRequestStreamObserver.processClientRequest(GrpcClientProtocolService.java:345) [ratis-grpc-0.4.0-2337318-SNAPSHOT.jar:0.4.0-2337318-SNAPSHOT]
	at org.apache.ratis.grpc.client.GrpcClientProtocolService$RequestStreamObserver.onNext(GrpcClientProtocolService.java:240) [ratis-grpc-0.4.0-2337318-SNAPSHOT.jar:0.4.0-2337318-SNAPSHOT]
	at org.apache.ratis.grpc.client.GrpcClientProtocolService$RequestStreamObserver.onNext(GrpcClientProtocolService.java:168) [ratis-grpc-0.4.0-2337318-SNAPSHOT.jar:0.4.0-2337318-SNAPSHOT]
	at org.apache.ratis.thirdparty.io.grpc.stub.ServerCalls$StreamingServerCallHandler$StreamingServerCallListener.onMessage(ServerCalls.java:248) [ratis-thirdparty-misc-0.2.0.jar:0.2.0]
	at org.apache.ratis.thirdparty.io.grpc.internal.ServerCallImpl$ServerStreamListenerImpl.messagesAvailable(ServerCallImpl.java:263) [ratis-thirdparty-misc-0.2.0.jar:0.2.0]
	at org.apache.ratis.thirdparty.io.grpc.internal.ServerImpl$JumpToApplicationThreadServerStreamListener$1MessagesAvailable.runInContext(ServerImpl.java:686) [ratis-thirdparty-misc-0.2.0.jar:0.2.0]
	at org.apache.ratis.thirdparty.io.grpc.internal.ContextRunnable.run(ContextRunnable.java:37) [ratis-thirdparty-misc-0.2.0.jar:0.2.0]
	at org.apache.ratis.thirdparty.io.grpc.internal.SerializingExecutor.run(SerializingExecutor.java:123) [ratis-thirdparty-misc-0.2.0.jar:0.2.0]
	at java.util.concurrent.ThreadPoolExecutor.runWorker(ThreadPoolExecutor.java:1149) [?:1.8.0_212]
	at java.util.concurrent.ThreadPoolExecutor$Worker.run(ThreadPoolExecutor.java:624) [?:1.8.0_212]
	at java.lang.Thread.run(Thread.java:748) [?:1.8.0_212]
2019-07-13 16:41:53,706 INFO  interfaces.Container (KeyValueContainer.java:compactDB(356)) - Container 6 is closed with bcsId 101.
16:41:53.709 [grpc-default-executor-5] ERROR DNAudit - user=null | ip=null | op=PUT_BLOCK {blockData=[blockId=conID: 6 locID: 102435134564663322 bcsId: 0,size=2097152]} | ret=FAILURE
org.apache.hadoop.hdds.scm.container.common.helpers.ContainerNotOpenException: Container 6 in CLOSED state
	at org.apache.hadoop.ozone.container.common.impl.HddsDispatcher.validateContainerCommand(HddsDispatcher.java:408) ~[hadoop-hdds-container-service-0.5.0-SNAPSHOT.jar:?]
	at org.apache.hadoop.ozone.container.common.transport.server.ratis.ContainerStateMachine.startTransaction(ContainerStateMachine.java:271) ~[hadoop-hdds-container-service-0.5.0-SNAPSHOT.jar:?]
	at org.apache.ratis.server.impl.RaftServerImpl.submitClientRequestAsync(RaftServerImpl.java:566) ~[ratis-server-0.4.0-2337318-SNAPSHOT.jar:0.4.0-2337318-SNAPSHOT]
	at org.apache.ratis.server.impl.RaftServerProxy.lambda$submitClientRequestAsync$7(RaftServerProxy.java:333) ~[ratis-server-0.4.0-2337318-SNAPSHOT.jar:0.4.0-2337318-SNAPSHOT]
	at org.apache.ratis.server.impl.RaftServerProxy.lambda$null$5(RaftServerProxy.java:328) ~[ratis-server-0.4.0-2337318-SNAPSHOT.jar:0.4.0-2337318-SNAPSHOT]
	at org.apache.ratis.util.JavaUtils.callAsUnchecked(JavaUtils.java:109) ~[ratis-common-0.4.0-2337318-SNAPSHOT.jar:0.4.0-2337318-SNAPSHOT]
	at org.apache.ratis.server.impl.RaftServerProxy.lambda$submitRequest$6(RaftServerProxy.java:328) ~[ratis-server-0.4.0-2337318-SNAPSHOT.jar:0.4.0-2337318-SNAPSHOT]
	at java.util.concurrent.CompletableFuture.uniComposeStage(CompletableFuture.java:981) ~[?:1.8.0_212]
	at java.util.concurrent.CompletableFuture.thenCompose(CompletableFuture.java:2124) ~[?:1.8.0_212]
	at org.apache.ratis.server.impl.RaftServerProxy.submitRequest(RaftServerProxy.java:327) ~[ratis-server-0.4.0-2337318-SNAPSHOT.jar:0.4.0-2337318-SNAPSHOT]
	at org.apache.ratis.server.impl.RaftServerProxy.submitClientRequestAsync(RaftServerProxy.java:333) ~[ratis-server-0.4.0-2337318-SNAPSHOT.jar:0.4.0-2337318-SNAPSHOT]
	at org.apache.ratis.grpc.client.GrpcClientProtocolService$RequestStreamObserver.processClientRequest(GrpcClientProtocolService.java:220) ~[ratis-grpc-0.4.0-2337318-SNAPSHOT.jar:0.4.0-2337318-SNAPSHOT]
	at org.apache.ratis.grpc.client.GrpcClientProtocolService$OrderedRequestStreamObserver.processClientRequest(GrpcClientProtocolService.java:326) ~[ratis-grpc-0.4.0-2337318-SNAPSHOT.jar:0.4.0-2337318-SNAPSHOT]
	at org.apache.ratis.util.SlidingWindow$Server.processRequestsFromHead(SlidingWindow.java:429) [ratis-common-0.4.0-2337318-SNAPSHOT.jar:0.4.0-2337318-SNAPSHOT]
	at org.apache.ratis.util.SlidingWindow$Server.receivedRequest(SlidingWindow.java:421) [ratis-common-0.4.0-2337318-SNAPSHOT.jar:0.4.0-2337318-SNAPSHOT]
	at org.apache.ratis.grpc.client.GrpcClientProtocolService$OrderedRequestStreamObserver.processClientRequest(GrpcClientProtocolService.java:345) [ratis-grpc-0.4.0-2337318-SNAPSHOT.jar:0.4.0-2337318-SNAPSHOT]
	at org.apache.ratis.grpc.client.GrpcClientProtocolService$RequestStreamObserver.onNext(GrpcClientProtocolService.java:240) [ratis-grpc-0.4.0-2337318-SNAPSHOT.jar:0.4.0-2337318-SNAPSHOT]
	at org.apache.ratis.grpc.client.GrpcClientProtocolService$RequestStreamObserver.onNext(GrpcClientProtocolService.java:168) [ratis-grpc-0.4.0-2337318-SNAPSHOT.jar:0.4.0-2337318-SNAPSHOT]
	at org.apache.ratis.thirdparty.io.grpc.stub.ServerCalls$StreamingServerCallHandler$StreamingServerCallListener.onMessage(ServerCalls.java:248) [ratis-thirdparty-misc-0.2.0.jar:0.2.0]
	at org.apache.ratis.thirdparty.io.grpc.internal.ServerCallImpl$ServerStreamListenerImpl.messagesAvailable(ServerCallImpl.java:263) [ratis-thirdparty-misc-0.2.0.jar:0.2.0]
	at org.apache.ratis.thirdparty.io.grpc.internal.ServerImpl$JumpToApplicationThreadServerStreamListener$1MessagesAvailable.runInContext(ServerImpl.java:686) [ratis-thirdparty-misc-0.2.0.jar:0.2.0]
	at org.apache.ratis.thirdparty.io.grpc.internal.ContextRunnable.run(ContextRunnable.java:37) [ratis-thirdparty-misc-0.2.0.jar:0.2.0]
	at org.apache.ratis.thirdparty.io.grpc.internal.SerializingExecutor.run(SerializingExecutor.java:123) [ratis-thirdparty-misc-0.2.0.jar:0.2.0]
	at java.util.concurrent.ThreadPoolExecutor.runWorker(ThreadPoolExecutor.java:1149) [?:1.8.0_212]
	at java.util.concurrent.ThreadPoolExecutor$Worker.run(ThreadPoolExecutor.java:624) [?:1.8.0_212]
	at java.lang.Thread.run(Thread.java:748) [?:1.8.0_212]
2019-07-13 16:41:53,710 INFO  client.GrpcClientProtocolClient (GrpcClientProtocolClient.java:onNext(255)) - client-E1043870729D->da606bd7-531d-489c-bb8b-b9683742fb83: receive RaftClientReply:client-E1043870729D->da606bd7-531d-489c-bb8b-b9683742fb83@group-B74C505FF1A8, cid=151, FAILED org.apache.ratis.protocol.StateMachineException: org.apache.hadoop.hdds.scm.container.common.helpers.ContainerNotOpenException from Server da606bd7-531d-489c-bb8b-b9683742fb83: Container 6 in CLOSED state, logIndex=0, commits[da606bd7-531d-489c-bb8b-b9683742fb83:c109, 5c4b3584-effb-44d3-8327-d9784116762a:c108, d50a308c-76b6-4352-b87a-c86c145fdca9:c108]
2019-07-13 16:41:53,716 INFO  client.GrpcClientProtocolClient (GrpcClientProtocolClient.java:onNext(255)) - client-E1043870729D->da606bd7-531d-489c-bb8b-b9683742fb83: receive RaftClientReply:client-E1043870729D->da606bd7-531d-489c-bb8b-b9683742fb83@group-B74C505FF1A8, cid=152, FAILED org.apache.ratis.protocol.StateMachineException: org.apache.hadoop.hdds.scm.container.common.helpers.ContainerNotOpenException from Server da606bd7-531d-489c-bb8b-b9683742fb83: Container 6 in CLOSED state, logIndex=0, commits[da606bd7-531d-489c-bb8b-b9683742fb83:c109, 5c4b3584-effb-44d3-8327-d9784116762a:c108, d50a308c-76b6-4352-b87a-c86c145fdca9:c108]
2019-07-13 16:41:53,716 INFO  interfaces.Container (KeyValueContainer.java:compactDB(356)) - Container 9 is closed with bcsId 116.
2019-07-13 16:41:53,732 INFO  interfaces.Container (KeyValueContainer.java:compactDB(356)) - Container 9 is closed with bcsId 116.
2019-07-13 16:41:53,741 INFO  interfaces.Container (KeyValueContainer.java:compactDB(356)) - Container 9 is closed with bcsId 116.
2019-07-13 16:41:53,822 INFO  client.GrpcClientProtocolClient (GrpcClientProtocolClient.java:onNext(255)) - client-0961B0213EDD->2a0497c4-1b57-4b63-a042-6a5a3b631162: receive RaftClientReply:client-0961B0213EDD->2a0497c4-1b57-4b63-a042-6a5a3b631162@group-F206BC6195A7, cid=153, SUCCESS, logIndex=121, commits[2a0497c4-1b57-4b63-a042-6a5a3b631162:c124, 745b003a-3ebb-4019-a00c-319ed3f4c999:c119, beb779dd-207a-4c6f-8538-94349668c3a0:c120]
2019-07-13 16:41:53,864 INFO  client.GrpcClientProtocolClient (GrpcClientProtocolClient.java:onNext(255)) - client-0961B0213EDD->2a0497c4-1b57-4b63-a042-6a5a3b631162: receive RaftClientReply:client-0961B0213EDD->2a0497c4-1b57-4b63-a042-6a5a3b631162@group-F206BC6195A7, cid=154, SUCCESS, logIndex=122, commits[2a0497c4-1b57-4b63-a042-6a5a3b631162:c127, 745b003a-3ebb-4019-a00c-319ed3f4c999:c124, beb779dd-207a-4c6f-8538-94349668c3a0:c124]
2019-07-13 16:41:53,865 INFO  client.GrpcClientProtocolClient (GrpcClientProtocolClient.java:onNext(255)) - client-0961B0213EDD->2a0497c4-1b57-4b63-a042-6a5a3b631162: receive RaftClientReply:client-0961B0213EDD->2a0497c4-1b57-4b63-a042-6a5a3b631162@group-F206BC6195A7, cid=155, SUCCESS, logIndex=123, commits[2a0497c4-1b57-4b63-a042-6a5a3b631162:c127, 745b003a-3ebb-4019-a00c-319ed3f4c999:c124, beb779dd-207a-4c6f-8538-94349668c3a0:c124]
2019-07-13 16:41:53,918 INFO  client.GrpcClientProtocolClient (GrpcClientProtocolClient.java:onNext(255)) - client-0961B0213EDD->2a0497c4-1b57-4b63-a042-6a5a3b631162: receive RaftClientReply:client-0961B0213EDD->2a0497c4-1b57-4b63-a042-6a5a3b631162@group-F206BC6195A7, cid=156, SUCCESS, logIndex=124, commits[2a0497c4-1b57-4b63-a042-6a5a3b631162:c127, 745b003a-3ebb-4019-a00c-319ed3f4c999:c124, beb779dd-207a-4c6f-8538-94349668c3a0:c124]
2019-07-13 16:41:53,937 INFO  client.GrpcClientProtocolClient (GrpcClientProtocolClient.java:onNext(255)) - client-0961B0213EDD->2a0497c4-1b57-4b63-a042-6a5a3b631162: receive RaftClientReply:client-0961B0213EDD->2a0497c4-1b57-4b63-a042-6a5a3b631162@group-F206BC6195A7, cid=157, SUCCESS, logIndex=128, commits[2a0497c4-1b57-4b63-a042-6a5a3b631162:c130, 745b003a-3ebb-4019-a00c-319ed3f4c999:c127, beb779dd-207a-4c6f-8538-94349668c3a0:c127]
2019-07-13 16:41:53,938 INFO  client.GrpcClientProtocolClient (GrpcClientProtocolClient.java:onNext(255)) - client-0961B0213EDD->2a0497c4-1b57-4b63-a042-6a5a3b631162: receive RaftClientReply:client-0961B0213EDD->2a0497c4-1b57-4b63-a042-6a5a3b631162@group-F206BC6195A7, cid=158, SUCCESS, logIndex=129, commits[2a0497c4-1b57-4b63-a042-6a5a3b631162:c131, 745b003a-3ebb-4019-a00c-319ed3f4c999:c127, beb779dd-207a-4c6f-8538-94349668c3a0:c127]
2019-07-13 16:41:53,938 INFO  client.GrpcClientProtocolClient (GrpcClientProtocolClient.java:onNext(255)) - client-0961B0213EDD->2a0497c4-1b57-4b63-a042-6a5a3b631162: receive RaftClientReply:client-0961B0213EDD->2a0497c4-1b57-4b63-a042-6a5a3b631162@group-F206BC6195A7, cid=159, SUCCESS, logIndex=130, commits[2a0497c4-1b57-4b63-a042-6a5a3b631162:c132, 745b003a-3ebb-4019-a00c-319ed3f4c999:c127, beb779dd-207a-4c6f-8538-94349668c3a0:c129]
2019-07-13 16:41:53,939 INFO  client.GrpcClientProtocolClient (GrpcClientProtocolClient.java:onNext(255)) - client-0961B0213EDD->2a0497c4-1b57-4b63-a042-6a5a3b631162: receive RaftClientReply:client-0961B0213EDD->2a0497c4-1b57-4b63-a042-6a5a3b631162@group-F206BC6195A7, cid=160, SUCCESS, logIndex=131, commits[2a0497c4-1b57-4b63-a042-6a5a3b631162:c132, 745b003a-3ebb-4019-a00c-319ed3f4c999:c129, beb779dd-207a-4c6f-8538-94349668c3a0:c129]
2019-07-13 16:41:53,941 INFO  client.GrpcClientProtocolClient (GrpcClientProtocolClient.java:onNext(255)) - client-0961B0213EDD->2a0497c4-1b57-4b63-a042-6a5a3b631162: receive RaftClientReply:client-0961B0213EDD->2a0497c4-1b57-4b63-a042-6a5a3b631162@group-F206BC6195A7, cid=161, SUCCESS, logIndex=0, commits[2a0497c4-1b57-4b63-a042-6a5a3b631162:c133, 745b003a-3ebb-4019-a00c-319ed3f4c999:c131, beb779dd-207a-4c6f-8538-94349668c3a0:c131]
2019-07-13 16:41:53,964 INFO  pipeline.Pipeline (Pipeline.java:getProtobufMessage(195)) - Serialize pipeline PipelineID=314a277d-f4e0-4475-83de-f206bc6195a7 with nodesInOrder{ }
]]></system-out>
  </testcase>
  <testcase name="testDiscardPreallocatedBlocks" classname="org.apache.hadoop.ozone.client.rpc.TestCloseContainerHandlingByClient" time="0">
    <skipped/>
  </testcase>
</testsuite>