<?xml version="1.0" encoding="UTF-8"?>
<testsuite xmlns:xsi="http://www.w3.org/2001/XMLSchema-instance" xsi:noNamespaceSchemaLocation="https://maven.apache.org/surefire/maven-surefire-plugin/xsd/surefire-test-report.xsd" name="org.apache.hadoop.ozone.client.rpc.TestReadRetries" time="54.657" tests="1" errors="1" skipped="0" failures="0">
  <properties>
    <property name="awt.toolkit" value="sun.awt.X11.XToolkit"/>
    <property name="file.encoding.pkg" value="sun.io"/>
    <property name="java.specification.version" value="1.8"/>
    <property name="sun.cpu.isalist" value=""/>
    <property name="sun.jnu.encoding" value="UTF-8"/>
    <property name="java.class.path" value="/tmp/workdir/hadoop-ozone/integration-test/target/test-classes:/tmp/workdir/hadoop-ozone/integration-test/target/classes:/home/user/.m2/repository/org/apache/hadoop/hadoop-ozone-common/0.5.0-SNAPSHOT/hadoop-ozone-common-0.5.0-SNAPSHOT.jar:/home/user/.m2/repository/org/apache/commons/commons-compress/1.4.1/commons-compress-1.4.1.jar:/home/user/.m2/repository/org/tukaani/xz/1.0/xz-1.0.jar:/home/user/.m2/repository/org/apache/hadoop/hadoop-common/3.2.0/hadoop-common-3.2.0.jar:/home/user/.m2/repository/org/apache/hadoop/hadoop-hdfs/3.2.0/hadoop-hdfs-3.2.0.jar:/home/user/.m2/repository/org/apache/hadoop/hadoop-hdfs-client/3.2.0/hadoop-hdfs-client-3.2.0.jar:/home/user/.m2/repository/com/fasterxml/jackson/core/jackson-annotations/2.9.5/jackson-annotations-2.9.5.jar:/home/user/.m2/repository/org/apache/hadoop/hadoop-hdds-common/0.5.0-SNAPSHOT/hadoop-hdds-common-0.5.0-SNAPSHOT.jar:/home/user/.m2/repository/javax/annotation/javax.annotation-api/1.2/javax.annotation-api-1.2.jar:/home/user/.m2/repository/org/apache/ratis/ratis-server/0.4.0-2337318-SNAPSHOT/ratis-server-0.4.0-2337318-SNAPSHOT.jar:/home/user/.m2/repository/org/apache/ratis/ratis-thirdparty-misc/0.2.0/ratis-thirdparty-misc-0.2.0.jar:/home/user/.m2/repository/org/apache/ratis/ratis-proto/0.4.0-2337318-SNAPSHOT/ratis-proto-0.4.0-2337318-SNAPSHOT.jar:/home/user/.m2/repository/org/apache/ratis/ratis-common/0.4.0-2337318-SNAPSHOT/ratis-common-0.4.0-2337318-SNAPSHOT.jar:/home/user/.m2/repository/org/apache/ratis/ratis-client/0.4.0-2337318-SNAPSHOT/ratis-client-0.4.0-2337318-SNAPSHOT.jar:/home/user/.m2/repository/org/apache/ratis/ratis-metrics/0.4.0-2337318-SNAPSHOT/ratis-metrics-0.4.0-2337318-SNAPSHOT.jar:/home/user/.m2/repository/org/apache/ratis/ratis-netty/0.4.0-2337318-SNAPSHOT/ratis-netty-0.4.0-2337318-SNAPSHOT.jar:/home/user/.m2/repository/org/apache/ratis/ratis-grpc/0.4.0-2337318-SNAPSHOT/ratis-grpc-0.4.0-2337318-SNAPSHOT.jar:/home/user/.m2/repository/org/rocksdb/rocksdbjni/6.0.1/rocksdbjni-6.0.1.jar:/home/user/.m2/repository/org/apache/logging/log4j/log4j-api/2.11.0/log4j-api-2.11.0.jar:/home/user/.m2/repository/org/apache/logging/log4j/log4j-core/2.11.0/log4j-core-2.11.0.jar:/home/user/.m2/repository/com/lmax/disruptor/3.4.2/disruptor-3.4.2.jar:/home/user/.m2/repository/org/apache/commons/commons-pool2/2.6.0/commons-pool2-2.6.0.jar:/home/user/.m2/repository/org/bouncycastle/bcpkix-jdk15on/1.60/bcpkix-jdk15on-1.60.jar:/home/user/.m2/repository/commons-validator/commons-validator/1.6/commons-validator-1.6.jar:/home/user/.m2/repository/commons-digester/commons-digester/1.8.1/commons-digester-1.8.1.jar:/home/user/.m2/repository/io/jaegertracing/jaeger-client/0.33.1/jaeger-client-0.33.1.jar:/home/user/.m2/repository/io/jaegertracing/jaeger-thrift/0.33.1/jaeger-thrift-0.33.1.jar:/home/user/.m2/repository/org/apache/thrift/libthrift/0.11.0/libthrift-0.11.0.jar:/home/user/.m2/repository/com/squareup/okhttp3/okhttp/3.9.0/okhttp-3.9.0.jar:/home/user/.m2/repository/com/squareup/okio/okio/1.13.0/okio-1.13.0.jar:/home/user/.m2/repository/io/jaegertracing/jaeger-core/0.33.1/jaeger-core-0.33.1.jar:/home/user/.m2/repository/io/jaegertracing/jaeger-tracerresolver/0.33.1/jaeger-tracerresolver-0.33.1.jar:/home/user/.m2/repository/io/opentracing/contrib/opentracing-tracerresolver/0.1.5/opentracing-tracerresolver-0.1.5.jar:/home/user/.m2/repository/io/opentracing/opentracing-util/0.31.0/opentracing-util-0.31.0.jar:/home/user/.m2/repository/io/opentracing/opentracing-api/0.31.0/opentracing-api-0.31.0.jar:/home/user/.m2/repository/io/opentracing/opentracing-noop/0.31.0/opentracing-noop-0.31.0.jar:/home/user/.m2/repository/org/apache/hadoop/hadoop-hdds-server-framework/0.5.0-SNAPSHOT/hadoop-hdds-server-framework-0.5.0-SNAPSHOT.jar:/home/user/.m2/repository/org/apache/hadoop/hadoop-hdds-container-service/0.5.0-SNAPSHOT/hadoop-hdds-container-service-0.5.0-SNAPSHOT.jar:/home/user/.m2/repository/org/apache/hadoop/hadoop-hdds-client/0.5.0-SNAPSHOT/hadoop-hdds-client-0.5.0-SNAPSHOT.jar:/home/user/.m2/repository/org/apache/hadoop/hadoop-hdds-tools/0.5.0-SNAPSHOT/hadoop-hdds-tools-0.5.0-SNAPSHOT.jar:/home/user/.m2/repository/org/apache/hadoop/hadoop-hdds-server-scm/0.5.0-SNAPSHOT/hadoop-hdds-server-scm-0.5.0-SNAPSHOT.jar:/home/user/.m2/repository/org/apache/hadoop/hadoop-hdds-docs/0.5.0-SNAPSHOT/hadoop-hdds-docs-0.5.0-SNAPSHOT.jar:/home/user/.m2/repository/io/dropwizard/metrics/metrics-core/3.2.4/metrics-core-3.2.4.jar:/home/user/.m2/repository/org/hamcrest/hamcrest-all/1.3/hamcrest-all-1.3.jar:/home/user/.m2/repository/org/bouncycastle/bcprov-jdk15on/1.60/bcprov-jdk15on-1.60.jar:/home/user/.m2/repository/info/picocli/picocli/3.9.6/picocli-3.9.6.jar:/home/user/.m2/repository/com/google/protobuf/protobuf-java/2.5.0/protobuf-java-2.5.0.jar:/home/user/.m2/repository/com/google/guava/guava/11.0.2/guava-11.0.2.jar:/home/user/.m2/repository/org/apache/hadoop/hadoop-ozone-ozone-manager/0.5.0-SNAPSHOT/hadoop-ozone-ozone-manager-0.5.0-SNAPSHOT.jar:/home/user/.m2/repository/org/apache/hadoop/hadoop-minikdc/3.2.0/hadoop-minikdc-3.2.0.jar:/home/user/.m2/repository/commons-io/commons-io/2.5/commons-io-2.5.jar:/home/user/.m2/repository/org/apache/kerby/kerb-simplekdc/1.0.1/kerb-simplekdc-1.0.1.jar:/home/user/.m2/repository/org/apache/kerby/kerb-client/1.0.1/kerb-client-1.0.1.jar:/home/user/.m2/repository/org/apache/kerby/kerby-config/1.0.1/kerby-config-1.0.1.jar:/home/user/.m2/repository/org/apache/kerby/kerb-core/1.0.1/kerb-core-1.0.1.jar:/home/user/.m2/repository/org/apache/kerby/kerby-pkix/1.0.1/kerby-pkix-1.0.1.jar:/home/user/.m2/repository/org/apache/kerby/kerby-asn1/1.0.1/kerby-asn1-1.0.1.jar:/home/user/.m2/repository/org/apache/kerby/kerby-util/1.0.1/kerby-util-1.0.1.jar:/home/user/.m2/repository/org/apache/kerby/kerb-common/1.0.1/kerb-common-1.0.1.jar:/home/user/.m2/repository/org/apache/kerby/kerb-crypto/1.0.1/kerb-crypto-1.0.1.jar:/home/user/.m2/repository/org/apache/kerby/kerb-util/1.0.1/kerb-util-1.0.1.jar:/home/user/.m2/repository/org/apache/kerby/token-provider/1.0.1/token-provider-1.0.1.jar:/home/user/.m2/repository/org/apache/kerby/kerb-admin/1.0.1/kerb-admin-1.0.1.jar:/home/user/.m2/repository/org/apache/kerby/kerb-server/1.0.1/kerb-server-1.0.1.jar:/home/user/.m2/repository/org/apache/kerby/kerb-identity/1.0.1/kerb-identity-1.0.1.jar:/home/user/.m2/repository/org/apache/kerby/kerby-xdr/1.0.1/kerby-xdr-1.0.1.jar:/home/user/.m2/repository/org/slf4j/slf4j-log4j12/1.7.25/slf4j-log4j12-1.7.25.jar:/home/user/.m2/repository/org/apache/hadoop/hadoop-ozone-objectstore-service/0.5.0-SNAPSHOT/hadoop-ozone-objectstore-service-0.5.0-SNAPSHOT.jar:/home/user/.m2/repository/org/apache/hadoop/hadoop-ozone-s3gateway/0.5.0-SNAPSHOT/hadoop-ozone-s3gateway-0.5.0-SNAPSHOT.jar:/home/user/.m2/repository/org/jboss/weld/servlet/weld-servlet/2.4.7.Final/weld-servlet-2.4.7.Final.jar:/home/user/.m2/repository/org/glassfish/jersey/containers/jersey-container-servlet-core/2.27/jersey-container-servlet-core-2.27.jar:/home/user/.m2/repository/org/glassfish/hk2/external/javax.inject/2.5.0-b42/javax.inject-2.5.0-b42.jar:/home/user/.m2/repository/org/glassfish/jersey/core/jersey-common/2.27/jersey-common-2.27.jar:/home/user/.m2/repository/org/glassfish/hk2/osgi-resource-locator/1.0.1/osgi-resource-locator-1.0.1.jar:/home/user/.m2/repository/javax/ws/rs/javax.ws.rs-api/2.1/javax.ws.rs-api-2.1.jar:/home/user/.m2/repository/org/glassfish/jersey/ext/cdi/jersey-cdi1x/2.27/jersey-cdi1x-2.27.jar:/home/user/.m2/repository/org/glassfish/jersey/inject/jersey-hk2/2.27/jersey-hk2-2.27.jar:/home/user/.m2/repository/org/glassfish/hk2/hk2-locator/2.5.0-b42/hk2-locator-2.5.0-b42.jar:/home/user/.m2/repository/org/javassist/javassist/3.22.0-CR2/javassist-3.22.0-CR2.jar:/home/user/.m2/repository/org/glassfish/hk2/hk2-api/2.5.0/hk2-api-2.5.0.jar:/home/user/.m2/repository/org/glassfish/hk2/external/jakarta.inject/2.5.0/jakarta.inject-2.5.0.jar:/home/user/.m2/repository/org/glassfish/hk2/hk2-utils/2.5.0/hk2-utils-2.5.0.jar:/home/user/.m2/repository/jakarta/annotation/jakarta.annotation-api/1.3.4/jakarta.annotation-api-1.3.4.jar:/home/user/.m2/repository/org/glassfish/hk2/external/aopalliance-repackaged/2.5.0/aopalliance-repackaged-2.5.0.jar:/home/user/.m2/repository/com/fasterxml/jackson/dataformat/jackson-dataformat-xml/2.9.0/jackson-dataformat-xml-2.9.0.jar:/home/user/.m2/repository/com/fasterxml/jackson/core/jackson-core/2.9.5/jackson-core-2.9.5.jar:/home/user/.m2/repository/com/fasterxml/jackson/module/jackson-module-jaxb-annotations/2.9.5/jackson-module-jaxb-annotations-2.9.5.jar:/home/user/.m2/repository/javax/enterprise/cdi-api/1.2/cdi-api-1.2.jar:/home/user/.m2/repository/javax/el/javax.el-api/3.0.0/javax.el-api-3.0.0.jar:/home/user/.m2/repository/javax/interceptor/javax.interceptor-api/1.2/javax.interceptor-api-1.2.jar:/home/user/.m2/repository/javax/inject/javax.inject/1/javax.inject-1.jar:/home/user/.m2/repository/com/sun/xml/bind/jaxb-impl/2.3.0.1/jaxb-impl-2.3.0.1.jar:/home/user/.m2/repository/com/sun/xml/bind/jaxb-core/2.3.0.1/jaxb-core-2.3.0.1.jar:/home/user/.m2/repository/javax/xml/bind/jaxb-api/2.3.0/jaxb-api-2.3.0.jar:/home/user/.m2/repository/javax/activation/activation/1.1.1/activation-1.1.1.jar:/home/user/.m2/repository/org/apache/hadoop/hadoop-ozone-csi/0.5.0-SNAPSHOT/hadoop-ozone-csi-0.5.0-SNAPSHOT.jar:/home/user/.m2/repository/com/google/protobuf/protobuf-java-util/3.5.1/protobuf-java-util-3.5.1.jar:/home/user/.m2/repository/org/apache/hadoop/hadoop-hdds-config/0.5.0-SNAPSHOT/hadoop-hdds-config-0.5.0-SNAPSHOT.jar:/home/user/.m2/repository/io/grpc/grpc-netty/1.17.1/grpc-netty-1.17.1.jar:/home/user/.m2/repository/io/grpc/grpc-core/1.17.1/grpc-core-1.17.1.jar:/home/user/.m2/repository/io/grpc/grpc-context/1.17.1/grpc-context-1.17.1.jar:/home/user/.m2/repository/com/google/errorprone/error_prone_annotations/2.2.0/error_prone_annotations-2.2.0.jar:/home/user/.m2/repository/org/codehaus/mojo/animal-sniffer-annotations/1.17/animal-sniffer-annotations-1.17.jar:/home/user/.m2/repository/io/opencensus/opencensus-api/0.17.0/opencensus-api-0.17.0.jar:/home/user/.m2/repository/io/opencensus/opencensus-contrib-grpc-metrics/0.17.0/opencensus-contrib-grpc-metrics-0.17.0.jar:/home/user/.m2/repository/io/netty/netty-codec-http2/4.1.30.Final/netty-codec-http2-4.1.30.Final.jar:/home/user/.m2/repository/io/netty/netty-codec-http/4.1.30.Final/netty-codec-http-4.1.30.Final.jar:/home/user/.m2/repository/io/netty/netty-codec/4.1.30.Final/netty-codec-4.1.30.Final.jar:/home/user/.m2/repository/io/netty/netty-handler/4.1.30.Final/netty-handler-4.1.30.Final.jar:/home/user/.m2/repository/io/netty/netty-handler-proxy/4.1.30.Final/netty-handler-proxy-4.1.30.Final.jar:/home/user/.m2/repository/io/netty/netty-codec-socks/4.1.30.Final/netty-codec-socks-4.1.30.Final.jar:/home/user/.m2/repository/io/netty/netty-transport-native-epoll/4.1.30.Final/netty-transport-native-epoll-4.1.30.Final.jar:/home/user/.m2/repository/io/netty/netty-common/4.1.30.Final/netty-common-4.1.30.Final.jar:/home/user/.m2/repository/io/netty/netty-buffer/4.1.30.Final/netty-buffer-4.1.30.Final.jar:/home/user/.m2/repository/io/netty/netty-transport/4.1.30.Final/netty-transport-4.1.30.Final.jar:/home/user/.m2/repository/io/netty/netty-resolver/4.1.30.Final/netty-resolver-4.1.30.Final.jar:/home/user/.m2/repository/io/netty/netty-transport-native-unix-common/4.1.30.Final/netty-transport-native-unix-common-4.1.30.Final.jar:/home/user/.m2/repository/io/grpc/grpc-protobuf/1.17.1/grpc-protobuf-1.17.1.jar:/home/user/.m2/repository/com/google/api/grpc/proto-google-common-protos/1.0.0/proto-google-common-protos-1.0.0.jar:/home/user/.m2/repository/io/grpc/grpc-protobuf-lite/1.17.1/grpc-protobuf-lite-1.17.1.jar:/home/user/.m2/repository/io/grpc/grpc-stub/1.17.1/grpc-stub-1.17.1.jar:/home/user/.m2/repository/org/apache/hadoop/hadoop-ozone-recon/0.5.0-SNAPSHOT/hadoop-ozone-recon-0.5.0-SNAPSHOT.jar:/home/user/.m2/repository/org/apache/hadoop/hadoop-ozone-reconcodegen/0.5.0-SNAPSHOT/hadoop-ozone-reconcodegen-0.5.0-SNAPSHOT.jar:/home/user/.m2/repository/com/google/inject/extensions/guice-multibindings/4.0/guice-multibindings-4.0.jar:/home/user/.m2/repository/com/google/inject/guice/4.0/guice-4.0.jar:/home/user/.m2/repository/aopalliance/aopalliance/1.0/aopalliance-1.0.jar:/home/user/.m2/repository/com/google/inject/extensions/guice-servlet/4.0/guice-servlet-4.0.jar:/home/user/.m2/repository/org/glassfish/jersey/containers/jersey-container-servlet/2.27/jersey-container-servlet-2.27.jar:/home/user/.m2/repository/org/glassfish/hk2/guice-bridge/2.5.0/guice-bridge-2.5.0.jar:/home/user/.m2/repository/org/glassfish/jersey/core/jersey-server/2.27/jersey-server-2.27.jar:/home/user/.m2/repository/org/glassfish/jersey/core/jersey-client/2.27/jersey-client-2.27.jar:/home/user/.m2/repository/org/glassfish/jersey/media/jersey-media-jaxb/2.27/jersey-media-jaxb-2.27.jar:/home/user/.m2/repository/javax/validation/validation-api/1.1.0.Final/validation-api-1.1.0.Final.jar:/home/user/.m2/repository/org/glassfish/jersey/media/jersey-media-json-jackson/2.27/jersey-media-json-jackson-2.27.jar:/home/user/.m2/repository/org/glassfish/jersey/ext/jersey-entity-filtering/2.27/jersey-entity-filtering-2.27.jar:/home/user/.m2/repository/com/google/inject/extensions/guice-assistedinject/4.0/guice-assistedinject-4.0.jar:/home/user/.m2/repository/org/jooq/jooq/3.11.10/jooq-3.11.10.jar:/home/user/.m2/repository/org/jooq/jooq-meta/3.11.10/jooq-meta-3.11.10.jar:/home/user/.m2/repository/org/jooq/jooq-codegen/3.11.10/jooq-codegen-3.11.10.jar:/home/user/.m2/repository/com/jolbox/bonecp/0.8.0.RELEASE/bonecp-0.8.0.RELEASE.jar:/home/user/.m2/repository/org/xerial/sqlite-jdbc/3.25.2/sqlite-jdbc-3.25.2.jar:/home/user/.m2/repository/org/springframework/spring-jdbc/5.1.3.RELEASE/spring-jdbc-5.1.3.RELEASE.jar:/home/user/.m2/repository/org/springframework/spring-beans/5.1.3.RELEASE/spring-beans-5.1.3.RELEASE.jar:/home/user/.m2/repository/org/springframework/spring-core/5.1.3.RELEASE/spring-core-5.1.3.RELEASE.jar:/home/user/.m2/repository/org/springframework/spring-jcl/5.1.3.RELEASE/spring-jcl-5.1.3.RELEASE.jar:/home/user/.m2/repository/org/springframework/spring-tx/5.1.3.RELEASE/spring-tx-5.1.3.RELEASE.jar:/home/user/.m2/repository/org/apache/hadoop/hadoop-ozone-client/0.5.0-SNAPSHOT/hadoop-ozone-client-0.5.0-SNAPSHOT.jar:/home/user/.m2/repository/commons-lang/commons-lang/2.6/commons-lang-2.6.jar:/home/user/.m2/repository/org/apache/hadoop/hadoop-ozone-ozone-manager/0.5.0-SNAPSHOT/hadoop-ozone-ozone-manager-0.5.0-SNAPSHOT-tests.jar:/home/user/.m2/repository/junit/junit/4.11/junit-4.11.jar:/home/user/.m2/repository/org/hamcrest/hamcrest-core/1.3/hamcrest-core-1.3.jar:/home/user/.m2/repository/org/openjdk/jmh/jmh-core/1.19/jmh-core-1.19.jar:/home/user/.m2/repository/net/sf/jopt-simple/jopt-simple/4.6/jopt-simple-4.6.jar:/home/user/.m2/repository/org/apache/commons/commons-math3/3.1.1/commons-math3-3.1.1.jar:/home/user/.m2/repository/org/openjdk/jmh/jmh-generator-annprocess/1.19/jmh-generator-annprocess-1.19.jar:/home/user/.m2/repository/org/mockito/mockito-all/1.8.5/mockito-all-1.8.5.jar:/home/user/.m2/repository/org/apache/hadoop/hadoop-kms/3.2.0/hadoop-kms-3.2.0.jar:/home/user/.m2/repository/org/apache/hadoop/hadoop-auth/3.2.0/hadoop-auth-3.2.0.jar:/home/user/.m2/repository/com/nimbusds/nimbus-jose-jwt/4.41.1/nimbus-jose-jwt-4.41.1.jar:/home/user/.m2/repository/com/github/stephenc/jcip/jcip-annotations/1.0-1/jcip-annotations-1.0-1.jar:/home/user/.m2/repository/net/minidev/json-smart/2.3/json-smart-2.3.jar:/home/user/.m2/repository/net/minidev/accessors-smart/1.2/accessors-smart-1.2.jar:/home/user/.m2/repository/org/ow2/asm/asm/5.0.4/asm-5.0.4.jar:/home/user/.m2/repository/org/apache/curator/curator-framework/2.12.0/curator-framework-2.12.0.jar:/home/user/.m2/repository/com/sun/jersey/jersey-core/1.19/jersey-core-1.19.jar:/home/user/.m2/repository/javax/ws/rs/jsr311-api/1.1.1/jsr311-api-1.1.1.jar:/home/user/.m2/repository/com/sun/jersey/jersey-server/1.19/jersey-server-1.19.jar:/home/user/.m2/repository/javax/servlet/javax.servlet-api/3.1.0/javax.servlet-api-3.1.0.jar:/home/user/.m2/repository/org/eclipse/jetty/jetty-server/9.3.24.v20180605/jetty-server-9.3.24.v20180605.jar:/home/user/.m2/repository/org/eclipse/jetty/jetty-http/9.3.24.v20180605/jetty-http-9.3.24.v20180605.jar:/home/user/.m2/repository/org/eclipse/jetty/jetty-io/9.3.24.v20180605/jetty-io-9.3.24.v20180605.jar:/home/user/.m2/repository/org/eclipse/jetty/jetty-webapp/9.3.24.v20180605/jetty-webapp-9.3.24.v20180605.jar:/home/user/.m2/repository/org/eclipse/jetty/jetty-xml/9.3.24.v20180605/jetty-xml-9.3.24.v20180605.jar:/home/user/.m2/repository/log4j/log4j/1.2.17/log4j-1.2.17.jar:/home/user/.m2/repository/org/slf4j/slf4j-api/1.7.25/slf4j-api-1.7.25.jar:/home/user/.m2/repository/org/slf4j/jul-to-slf4j/1.7.25/jul-to-slf4j-1.7.25.jar:/home/user/.m2/repository/org/eclipse/jetty/jetty-util/9.3.24.v20180605/jetty-util-9.3.24.v20180605.jar:/home/user/.m2/repository/com/fasterxml/jackson/core/jackson-databind/2.9.5/jackson-databind-2.9.5.jar:/home/user/.m2/repository/org/apache/hadoop/hadoop-kms/3.2.0/hadoop-kms-3.2.0-tests.jar:/home/user/.m2/repository/org/apache/hadoop/hadoop-hdds-server-scm/0.5.0-SNAPSHOT/hadoop-hdds-server-scm-0.5.0-SNAPSHOT-tests.jar:/home/user/.m2/repository/org/apache/hadoop/hadoop-hdds-container-service/0.5.0-SNAPSHOT/hadoop-hdds-container-service-0.5.0-SNAPSHOT-tests.jar:/home/user/.m2/repository/org/yaml/snakeyaml/1.16/snakeyaml-1.16.jar:/home/user/.m2/repository/org/apache/hadoop/hadoop-common/3.2.0/hadoop-common-3.2.0-tests.jar:/home/user/.m2/repository/org/apache/hadoop/hadoop-annotations/3.2.0/hadoop-annotations-3.2.0.jar:/usr/lib/jvm/java-1.8-openjdk/jre/../lib/tools.jar:/home/user/.m2/repository/commons-cli/commons-cli/1.2/commons-cli-1.2.jar:/home/user/.m2/repository/org/apache/httpcomponents/httpclient/4.5.2/httpclient-4.5.2.jar:/home/user/.m2/repository/org/apache/httpcomponents/httpcore/4.4.4/httpcore-4.4.4.jar:/home/user/.m2/repository/commons-codec/commons-codec/1.11/commons-codec-1.11.jar:/home/user/.m2/repository/commons-net/commons-net/3.6/commons-net-3.6.jar:/home/user/.m2/repository/commons-collections/commons-collections/3.2.2/commons-collections-3.2.2.jar:/home/user/.m2/repository/org/eclipse/jetty/jetty-servlet/9.3.24.v20180605/jetty-servlet-9.3.24.v20180605.jar:/home/user/.m2/repository/org/eclipse/jetty/jetty-security/9.3.24.v20180605/jetty-security-9.3.24.v20180605.jar:/home/user/.m2/repository/javax/servlet/jsp/jsp-api/2.1/jsp-api-2.1.jar:/home/user/.m2/repository/com/sun/jersey/jersey-servlet/1.19/jersey-servlet-1.19.jar:/home/user/.m2/repository/com/sun/jersey/jersey-json/1.19/jersey-json-1.19.jar:/home/user/.m2/repository/org/codehaus/jettison/jettison/1.1/jettison-1.1.jar:/home/user/.m2/repository/org/codehaus/jackson/jackson-core-asl/1.9.13/jackson-core-asl-1.9.13.jar:/home/user/.m2/repository/org/codehaus/jackson/jackson-mapper-asl/1.9.13/jackson-mapper-asl-1.9.13.jar:/home/user/.m2/repository/org/codehaus/jackson/jackson-jaxrs/1.9.13/jackson-jaxrs-1.9.13.jar:/home/user/.m2/repository/org/codehaus/jackson/jackson-xc/1.9.13/jackson-xc-1.9.13.jar:/home/user/.m2/repository/commons-logging/commons-logging/1.1.3/commons-logging-1.1.3.jar:/home/user/.m2/repository/commons-beanutils/commons-beanutils/1.9.3/commons-beanutils-1.9.3.jar:/home/user/.m2/repository/org/apache/commons/commons-configuration2/2.1.1/commons-configuration2-2.1.1.jar:/home/user/.m2/repository/org/apache/commons/commons-lang3/3.7/commons-lang3-3.7.jar:/home/user/.m2/repository/org/apache/commons/commons-text/1.4/commons-text-1.4.jar:/home/user/.m2/repository/org/apache/avro/avro/1.7.7/avro-1.7.7.jar:/home/user/.m2/repository/com/thoughtworks/paranamer/paranamer/2.3/paranamer-2.3.jar:/home/user/.m2/repository/org/xerial/snappy/snappy-java/1.0.5/snappy-java-1.0.5.jar:/home/user/.m2/repository/com/google/re2j/re2j/1.1/re2j-1.1.jar:/home/user/.m2/repository/com/google/code/gson/gson/2.2.4/gson-2.2.4.jar:/home/user/.m2/repository/com/jcraft/jsch/0.1.54/jsch-0.1.54.jar:/home/user/.m2/repository/org/apache/curator/curator-client/2.12.0/curator-client-2.12.0.jar:/home/user/.m2/repository/org/apache/curator/curator-recipes/2.12.0/curator-recipes-2.12.0.jar:/home/user/.m2/repository/com/google/code/findbugs/jsr305/3.0.0/jsr305-3.0.0.jar:/home/user/.m2/repository/org/apache/htrace/htrace-core4/4.1.0-incubating/htrace-core4-4.1.0-incubating.jar:/home/user/.m2/repository/org/apache/zookeeper/zookeeper/3.4.13/zookeeper-3.4.13.jar:/home/user/.m2/repository/org/apache/yetus/audience-annotations/0.5.0/audience-annotations-0.5.0.jar:/home/user/.m2/repository/org/codehaus/woodstox/stax2-api/3.1.4/stax2-api-3.1.4.jar:/home/user/.m2/repository/com/fasterxml/woodstox/woodstox-core/5.0.3/woodstox-core-5.0.3.jar:/home/user/.m2/repository/dnsjava/dnsjava/2.1.7/dnsjava-2.1.7.jar:/home/user/.m2/repository/org/apache/hadoop/hadoop-hdfs/3.2.0/hadoop-hdfs-3.2.0-tests.jar:/home/user/.m2/repository/org/eclipse/jetty/jetty-util-ajax/9.3.24.v20180605/jetty-util-ajax-9.3.24.v20180605.jar:/home/user/.m2/repository/commons-daemon/commons-daemon/1.0.13/commons-daemon-1.0.13.jar:/home/user/.m2/repository/io/netty/netty/3.10.5.Final/netty-3.10.5.Final.jar:/home/user/.m2/repository/io/netty/netty-all/4.0.52.Final/netty-all-4.0.52.Final.jar:/home/user/.m2/repository/org/fusesource/leveldbjni/leveldbjni-all/1.8/leveldbjni-all-1.8.jar:"/>
    <property name="java.vm.vendor" value="IcedTea"/>
    <property name="sun.arch.data.model" value="64"/>
    <property name="test.build.dir" value="/tmp/workdir/hadoop-ozone/integration-test/target/test-dir"/>
    <property name="test.cache.data" value=""/>
    <property name="java.vendor.url" value="https://icedtea.classpath.org"/>
    <property name="user.timezone" value=""/>
    <property name="java.vm.specification.version" value="1.8"/>
    <property name="os.name" value="Linux"/>
    <property name="test.build.data" value="/tmp/workdir/hadoop-ozone/integration-test/target/test-dir"/>
    <property name="user.country" value="US"/>
    <property name="sun.java.launcher" value="SUN_STANDARD"/>
    <property name="sun.boot.library.path" value="/usr/lib/jvm/java-1.8-openjdk/jre/lib/amd64"/>
    <property name="sun.java.command" value="/tmp/workdir/hadoop-ozone/integration-test/target/surefire/surefirebooter6254428414921427683.jar /tmp/workdir/hadoop-ozone/integration-test/target/surefire 2019-07-13T16-10-13_940-jvmRun1 surefire2651315148600803150tmp surefire_378754880394872735323tmp"/>
    <property name="surefire.test.class.path" value="/tmp/workdir/hadoop-ozone/integration-test/target/test-classes:/tmp/workdir/hadoop-ozone/integration-test/target/classes:/home/user/.m2/repository/org/apache/hadoop/hadoop-ozone-common/0.5.0-SNAPSHOT/hadoop-ozone-common-0.5.0-SNAPSHOT.jar:/home/user/.m2/repository/org/apache/commons/commons-compress/1.4.1/commons-compress-1.4.1.jar:/home/user/.m2/repository/org/tukaani/xz/1.0/xz-1.0.jar:/home/user/.m2/repository/org/apache/hadoop/hadoop-common/3.2.0/hadoop-common-3.2.0.jar:/home/user/.m2/repository/org/apache/hadoop/hadoop-hdfs/3.2.0/hadoop-hdfs-3.2.0.jar:/home/user/.m2/repository/org/apache/hadoop/hadoop-hdfs-client/3.2.0/hadoop-hdfs-client-3.2.0.jar:/home/user/.m2/repository/com/fasterxml/jackson/core/jackson-annotations/2.9.5/jackson-annotations-2.9.5.jar:/home/user/.m2/repository/org/apache/hadoop/hadoop-hdds-common/0.5.0-SNAPSHOT/hadoop-hdds-common-0.5.0-SNAPSHOT.jar:/home/user/.m2/repository/javax/annotation/javax.annotation-api/1.2/javax.annotation-api-1.2.jar:/home/user/.m2/repository/org/apache/ratis/ratis-server/0.4.0-2337318-SNAPSHOT/ratis-server-0.4.0-2337318-SNAPSHOT.jar:/home/user/.m2/repository/org/apache/ratis/ratis-thirdparty-misc/0.2.0/ratis-thirdparty-misc-0.2.0.jar:/home/user/.m2/repository/org/apache/ratis/ratis-proto/0.4.0-2337318-SNAPSHOT/ratis-proto-0.4.0-2337318-SNAPSHOT.jar:/home/user/.m2/repository/org/apache/ratis/ratis-common/0.4.0-2337318-SNAPSHOT/ratis-common-0.4.0-2337318-SNAPSHOT.jar:/home/user/.m2/repository/org/apache/ratis/ratis-client/0.4.0-2337318-SNAPSHOT/ratis-client-0.4.0-2337318-SNAPSHOT.jar:/home/user/.m2/repository/org/apache/ratis/ratis-metrics/0.4.0-2337318-SNAPSHOT/ratis-metrics-0.4.0-2337318-SNAPSHOT.jar:/home/user/.m2/repository/org/apache/ratis/ratis-netty/0.4.0-2337318-SNAPSHOT/ratis-netty-0.4.0-2337318-SNAPSHOT.jar:/home/user/.m2/repository/org/apache/ratis/ratis-grpc/0.4.0-2337318-SNAPSHOT/ratis-grpc-0.4.0-2337318-SNAPSHOT.jar:/home/user/.m2/repository/org/rocksdb/rocksdbjni/6.0.1/rocksdbjni-6.0.1.jar:/home/user/.m2/repository/org/apache/logging/log4j/log4j-api/2.11.0/log4j-api-2.11.0.jar:/home/user/.m2/repository/org/apache/logging/log4j/log4j-core/2.11.0/log4j-core-2.11.0.jar:/home/user/.m2/repository/com/lmax/disruptor/3.4.2/disruptor-3.4.2.jar:/home/user/.m2/repository/org/apache/commons/commons-pool2/2.6.0/commons-pool2-2.6.0.jar:/home/user/.m2/repository/org/bouncycastle/bcpkix-jdk15on/1.60/bcpkix-jdk15on-1.60.jar:/home/user/.m2/repository/commons-validator/commons-validator/1.6/commons-validator-1.6.jar:/home/user/.m2/repository/commons-digester/commons-digester/1.8.1/commons-digester-1.8.1.jar:/home/user/.m2/repository/io/jaegertracing/jaeger-client/0.33.1/jaeger-client-0.33.1.jar:/home/user/.m2/repository/io/jaegertracing/jaeger-thrift/0.33.1/jaeger-thrift-0.33.1.jar:/home/user/.m2/repository/org/apache/thrift/libthrift/0.11.0/libthrift-0.11.0.jar:/home/user/.m2/repository/com/squareup/okhttp3/okhttp/3.9.0/okhttp-3.9.0.jar:/home/user/.m2/repository/com/squareup/okio/okio/1.13.0/okio-1.13.0.jar:/home/user/.m2/repository/io/jaegertracing/jaeger-core/0.33.1/jaeger-core-0.33.1.jar:/home/user/.m2/repository/io/jaegertracing/jaeger-tracerresolver/0.33.1/jaeger-tracerresolver-0.33.1.jar:/home/user/.m2/repository/io/opentracing/contrib/opentracing-tracerresolver/0.1.5/opentracing-tracerresolver-0.1.5.jar:/home/user/.m2/repository/io/opentracing/opentracing-util/0.31.0/opentracing-util-0.31.0.jar:/home/user/.m2/repository/io/opentracing/opentracing-api/0.31.0/opentracing-api-0.31.0.jar:/home/user/.m2/repository/io/opentracing/opentracing-noop/0.31.0/opentracing-noop-0.31.0.jar:/home/user/.m2/repository/org/apache/hadoop/hadoop-hdds-server-framework/0.5.0-SNAPSHOT/hadoop-hdds-server-framework-0.5.0-SNAPSHOT.jar:/home/user/.m2/repository/org/apache/hadoop/hadoop-hdds-container-service/0.5.0-SNAPSHOT/hadoop-hdds-container-service-0.5.0-SNAPSHOT.jar:/home/user/.m2/repository/org/apache/hadoop/hadoop-hdds-client/0.5.0-SNAPSHOT/hadoop-hdds-client-0.5.0-SNAPSHOT.jar:/home/user/.m2/repository/org/apache/hadoop/hadoop-hdds-tools/0.5.0-SNAPSHOT/hadoop-hdds-tools-0.5.0-SNAPSHOT.jar:/home/user/.m2/repository/org/apache/hadoop/hadoop-hdds-server-scm/0.5.0-SNAPSHOT/hadoop-hdds-server-scm-0.5.0-SNAPSHOT.jar:/home/user/.m2/repository/org/apache/hadoop/hadoop-hdds-docs/0.5.0-SNAPSHOT/hadoop-hdds-docs-0.5.0-SNAPSHOT.jar:/home/user/.m2/repository/io/dropwizard/metrics/metrics-core/3.2.4/metrics-core-3.2.4.jar:/home/user/.m2/repository/org/hamcrest/hamcrest-all/1.3/hamcrest-all-1.3.jar:/home/user/.m2/repository/org/bouncycastle/bcprov-jdk15on/1.60/bcprov-jdk15on-1.60.jar:/home/user/.m2/repository/info/picocli/picocli/3.9.6/picocli-3.9.6.jar:/home/user/.m2/repository/com/google/protobuf/protobuf-java/2.5.0/protobuf-java-2.5.0.jar:/home/user/.m2/repository/com/google/guava/guava/11.0.2/guava-11.0.2.jar:/home/user/.m2/repository/org/apache/hadoop/hadoop-ozone-ozone-manager/0.5.0-SNAPSHOT/hadoop-ozone-ozone-manager-0.5.0-SNAPSHOT.jar:/home/user/.m2/repository/org/apache/hadoop/hadoop-minikdc/3.2.0/hadoop-minikdc-3.2.0.jar:/home/user/.m2/repository/commons-io/commons-io/2.5/commons-io-2.5.jar:/home/user/.m2/repository/org/apache/kerby/kerb-simplekdc/1.0.1/kerb-simplekdc-1.0.1.jar:/home/user/.m2/repository/org/apache/kerby/kerb-client/1.0.1/kerb-client-1.0.1.jar:/home/user/.m2/repository/org/apache/kerby/kerby-config/1.0.1/kerby-config-1.0.1.jar:/home/user/.m2/repository/org/apache/kerby/kerb-core/1.0.1/kerb-core-1.0.1.jar:/home/user/.m2/repository/org/apache/kerby/kerby-pkix/1.0.1/kerby-pkix-1.0.1.jar:/home/user/.m2/repository/org/apache/kerby/kerby-asn1/1.0.1/kerby-asn1-1.0.1.jar:/home/user/.m2/repository/org/apache/kerby/kerby-util/1.0.1/kerby-util-1.0.1.jar:/home/user/.m2/repository/org/apache/kerby/kerb-common/1.0.1/kerb-common-1.0.1.jar:/home/user/.m2/repository/org/apache/kerby/kerb-crypto/1.0.1/kerb-crypto-1.0.1.jar:/home/user/.m2/repository/org/apache/kerby/kerb-util/1.0.1/kerb-util-1.0.1.jar:/home/user/.m2/repository/org/apache/kerby/token-provider/1.0.1/token-provider-1.0.1.jar:/home/user/.m2/repository/org/apache/kerby/kerb-admin/1.0.1/kerb-admin-1.0.1.jar:/home/user/.m2/repository/org/apache/kerby/kerb-server/1.0.1/kerb-server-1.0.1.jar:/home/user/.m2/repository/org/apache/kerby/kerb-identity/1.0.1/kerb-identity-1.0.1.jar:/home/user/.m2/repository/org/apache/kerby/kerby-xdr/1.0.1/kerby-xdr-1.0.1.jar:/home/user/.m2/repository/org/slf4j/slf4j-log4j12/1.7.25/slf4j-log4j12-1.7.25.jar:/home/user/.m2/repository/org/apache/hadoop/hadoop-ozone-objectstore-service/0.5.0-SNAPSHOT/hadoop-ozone-objectstore-service-0.5.0-SNAPSHOT.jar:/home/user/.m2/repository/org/apache/hadoop/hadoop-ozone-s3gateway/0.5.0-SNAPSHOT/hadoop-ozone-s3gateway-0.5.0-SNAPSHOT.jar:/home/user/.m2/repository/org/jboss/weld/servlet/weld-servlet/2.4.7.Final/weld-servlet-2.4.7.Final.jar:/home/user/.m2/repository/org/glassfish/jersey/containers/jersey-container-servlet-core/2.27/jersey-container-servlet-core-2.27.jar:/home/user/.m2/repository/org/glassfish/hk2/external/javax.inject/2.5.0-b42/javax.inject-2.5.0-b42.jar:/home/user/.m2/repository/org/glassfish/jersey/core/jersey-common/2.27/jersey-common-2.27.jar:/home/user/.m2/repository/org/glassfish/hk2/osgi-resource-locator/1.0.1/osgi-resource-locator-1.0.1.jar:/home/user/.m2/repository/javax/ws/rs/javax.ws.rs-api/2.1/javax.ws.rs-api-2.1.jar:/home/user/.m2/repository/org/glassfish/jersey/ext/cdi/jersey-cdi1x/2.27/jersey-cdi1x-2.27.jar:/home/user/.m2/repository/org/glassfish/jersey/inject/jersey-hk2/2.27/jersey-hk2-2.27.jar:/home/user/.m2/repository/org/glassfish/hk2/hk2-locator/2.5.0-b42/hk2-locator-2.5.0-b42.jar:/home/user/.m2/repository/org/javassist/javassist/3.22.0-CR2/javassist-3.22.0-CR2.jar:/home/user/.m2/repository/org/glassfish/hk2/hk2-api/2.5.0/hk2-api-2.5.0.jar:/home/user/.m2/repository/org/glassfish/hk2/external/jakarta.inject/2.5.0/jakarta.inject-2.5.0.jar:/home/user/.m2/repository/org/glassfish/hk2/hk2-utils/2.5.0/hk2-utils-2.5.0.jar:/home/user/.m2/repository/jakarta/annotation/jakarta.annotation-api/1.3.4/jakarta.annotation-api-1.3.4.jar:/home/user/.m2/repository/org/glassfish/hk2/external/aopalliance-repackaged/2.5.0/aopalliance-repackaged-2.5.0.jar:/home/user/.m2/repository/com/fasterxml/jackson/dataformat/jackson-dataformat-xml/2.9.0/jackson-dataformat-xml-2.9.0.jar:/home/user/.m2/repository/com/fasterxml/jackson/core/jackson-core/2.9.5/jackson-core-2.9.5.jar:/home/user/.m2/repository/com/fasterxml/jackson/module/jackson-module-jaxb-annotations/2.9.5/jackson-module-jaxb-annotations-2.9.5.jar:/home/user/.m2/repository/javax/enterprise/cdi-api/1.2/cdi-api-1.2.jar:/home/user/.m2/repository/javax/el/javax.el-api/3.0.0/javax.el-api-3.0.0.jar:/home/user/.m2/repository/javax/interceptor/javax.interceptor-api/1.2/javax.interceptor-api-1.2.jar:/home/user/.m2/repository/javax/inject/javax.inject/1/javax.inject-1.jar:/home/user/.m2/repository/com/sun/xml/bind/jaxb-impl/2.3.0.1/jaxb-impl-2.3.0.1.jar:/home/user/.m2/repository/com/sun/xml/bind/jaxb-core/2.3.0.1/jaxb-core-2.3.0.1.jar:/home/user/.m2/repository/javax/xml/bind/jaxb-api/2.3.0/jaxb-api-2.3.0.jar:/home/user/.m2/repository/javax/activation/activation/1.1.1/activation-1.1.1.jar:/home/user/.m2/repository/org/apache/hadoop/hadoop-ozone-csi/0.5.0-SNAPSHOT/hadoop-ozone-csi-0.5.0-SNAPSHOT.jar:/home/user/.m2/repository/com/google/protobuf/protobuf-java-util/3.5.1/protobuf-java-util-3.5.1.jar:/home/user/.m2/repository/org/apache/hadoop/hadoop-hdds-config/0.5.0-SNAPSHOT/hadoop-hdds-config-0.5.0-SNAPSHOT.jar:/home/user/.m2/repository/io/grpc/grpc-netty/1.17.1/grpc-netty-1.17.1.jar:/home/user/.m2/repository/io/grpc/grpc-core/1.17.1/grpc-core-1.17.1.jar:/home/user/.m2/repository/io/grpc/grpc-context/1.17.1/grpc-context-1.17.1.jar:/home/user/.m2/repository/com/google/errorprone/error_prone_annotations/2.2.0/error_prone_annotations-2.2.0.jar:/home/user/.m2/repository/org/codehaus/mojo/animal-sniffer-annotations/1.17/animal-sniffer-annotations-1.17.jar:/home/user/.m2/repository/io/opencensus/opencensus-api/0.17.0/opencensus-api-0.17.0.jar:/home/user/.m2/repository/io/opencensus/opencensus-contrib-grpc-metrics/0.17.0/opencensus-contrib-grpc-metrics-0.17.0.jar:/home/user/.m2/repository/io/netty/netty-codec-http2/4.1.30.Final/netty-codec-http2-4.1.30.Final.jar:/home/user/.m2/repository/io/netty/netty-codec-http/4.1.30.Final/netty-codec-http-4.1.30.Final.jar:/home/user/.m2/repository/io/netty/netty-codec/4.1.30.Final/netty-codec-4.1.30.Final.jar:/home/user/.m2/repository/io/netty/netty-handler/4.1.30.Final/netty-handler-4.1.30.Final.jar:/home/user/.m2/repository/io/netty/netty-handler-proxy/4.1.30.Final/netty-handler-proxy-4.1.30.Final.jar:/home/user/.m2/repository/io/netty/netty-codec-socks/4.1.30.Final/netty-codec-socks-4.1.30.Final.jar:/home/user/.m2/repository/io/netty/netty-transport-native-epoll/4.1.30.Final/netty-transport-native-epoll-4.1.30.Final.jar:/home/user/.m2/repository/io/netty/netty-common/4.1.30.Final/netty-common-4.1.30.Final.jar:/home/user/.m2/repository/io/netty/netty-buffer/4.1.30.Final/netty-buffer-4.1.30.Final.jar:/home/user/.m2/repository/io/netty/netty-transport/4.1.30.Final/netty-transport-4.1.30.Final.jar:/home/user/.m2/repository/io/netty/netty-resolver/4.1.30.Final/netty-resolver-4.1.30.Final.jar:/home/user/.m2/repository/io/netty/netty-transport-native-unix-common/4.1.30.Final/netty-transport-native-unix-common-4.1.30.Final.jar:/home/user/.m2/repository/io/grpc/grpc-protobuf/1.17.1/grpc-protobuf-1.17.1.jar:/home/user/.m2/repository/com/google/api/grpc/proto-google-common-protos/1.0.0/proto-google-common-protos-1.0.0.jar:/home/user/.m2/repository/io/grpc/grpc-protobuf-lite/1.17.1/grpc-protobuf-lite-1.17.1.jar:/home/user/.m2/repository/io/grpc/grpc-stub/1.17.1/grpc-stub-1.17.1.jar:/home/user/.m2/repository/org/apache/hadoop/hadoop-ozone-recon/0.5.0-SNAPSHOT/hadoop-ozone-recon-0.5.0-SNAPSHOT.jar:/home/user/.m2/repository/org/apache/hadoop/hadoop-ozone-reconcodegen/0.5.0-SNAPSHOT/hadoop-ozone-reconcodegen-0.5.0-SNAPSHOT.jar:/home/user/.m2/repository/com/google/inject/extensions/guice-multibindings/4.0/guice-multibindings-4.0.jar:/home/user/.m2/repository/com/google/inject/guice/4.0/guice-4.0.jar:/home/user/.m2/repository/aopalliance/aopalliance/1.0/aopalliance-1.0.jar:/home/user/.m2/repository/com/google/inject/extensions/guice-servlet/4.0/guice-servlet-4.0.jar:/home/user/.m2/repository/org/glassfish/jersey/containers/jersey-container-servlet/2.27/jersey-container-servlet-2.27.jar:/home/user/.m2/repository/org/glassfish/hk2/guice-bridge/2.5.0/guice-bridge-2.5.0.jar:/home/user/.m2/repository/org/glassfish/jersey/core/jersey-server/2.27/jersey-server-2.27.jar:/home/user/.m2/repository/org/glassfish/jersey/core/jersey-client/2.27/jersey-client-2.27.jar:/home/user/.m2/repository/org/glassfish/jersey/media/jersey-media-jaxb/2.27/jersey-media-jaxb-2.27.jar:/home/user/.m2/repository/javax/validation/validation-api/1.1.0.Final/validation-api-1.1.0.Final.jar:/home/user/.m2/repository/org/glassfish/jersey/media/jersey-media-json-jackson/2.27/jersey-media-json-jackson-2.27.jar:/home/user/.m2/repository/org/glassfish/jersey/ext/jersey-entity-filtering/2.27/jersey-entity-filtering-2.27.jar:/home/user/.m2/repository/com/google/inject/extensions/guice-assistedinject/4.0/guice-assistedinject-4.0.jar:/home/user/.m2/repository/org/jooq/jooq/3.11.10/jooq-3.11.10.jar:/home/user/.m2/repository/org/jooq/jooq-meta/3.11.10/jooq-meta-3.11.10.jar:/home/user/.m2/repository/org/jooq/jooq-codegen/3.11.10/jooq-codegen-3.11.10.jar:/home/user/.m2/repository/com/jolbox/bonecp/0.8.0.RELEASE/bonecp-0.8.0.RELEASE.jar:/home/user/.m2/repository/org/xerial/sqlite-jdbc/3.25.2/sqlite-jdbc-3.25.2.jar:/home/user/.m2/repository/org/springframework/spring-jdbc/5.1.3.RELEASE/spring-jdbc-5.1.3.RELEASE.jar:/home/user/.m2/repository/org/springframework/spring-beans/5.1.3.RELEASE/spring-beans-5.1.3.RELEASE.jar:/home/user/.m2/repository/org/springframework/spring-core/5.1.3.RELEASE/spring-core-5.1.3.RELEASE.jar:/home/user/.m2/repository/org/springframework/spring-jcl/5.1.3.RELEASE/spring-jcl-5.1.3.RELEASE.jar:/home/user/.m2/repository/org/springframework/spring-tx/5.1.3.RELEASE/spring-tx-5.1.3.RELEASE.jar:/home/user/.m2/repository/org/apache/hadoop/hadoop-ozone-client/0.5.0-SNAPSHOT/hadoop-ozone-client-0.5.0-SNAPSHOT.jar:/home/user/.m2/repository/commons-lang/commons-lang/2.6/commons-lang-2.6.jar:/home/user/.m2/repository/org/apache/hadoop/hadoop-ozone-ozone-manager/0.5.0-SNAPSHOT/hadoop-ozone-ozone-manager-0.5.0-SNAPSHOT-tests.jar:/home/user/.m2/repository/junit/junit/4.11/junit-4.11.jar:/home/user/.m2/repository/org/hamcrest/hamcrest-core/1.3/hamcrest-core-1.3.jar:/home/user/.m2/repository/org/openjdk/jmh/jmh-core/1.19/jmh-core-1.19.jar:/home/user/.m2/repository/net/sf/jopt-simple/jopt-simple/4.6/jopt-simple-4.6.jar:/home/user/.m2/repository/org/apache/commons/commons-math3/3.1.1/commons-math3-3.1.1.jar:/home/user/.m2/repository/org/openjdk/jmh/jmh-generator-annprocess/1.19/jmh-generator-annprocess-1.19.jar:/home/user/.m2/repository/org/mockito/mockito-all/1.8.5/mockito-all-1.8.5.jar:/home/user/.m2/repository/org/apache/hadoop/hadoop-kms/3.2.0/hadoop-kms-3.2.0.jar:/home/user/.m2/repository/org/apache/hadoop/hadoop-auth/3.2.0/hadoop-auth-3.2.0.jar:/home/user/.m2/repository/com/nimbusds/nimbus-jose-jwt/4.41.1/nimbus-jose-jwt-4.41.1.jar:/home/user/.m2/repository/com/github/stephenc/jcip/jcip-annotations/1.0-1/jcip-annotations-1.0-1.jar:/home/user/.m2/repository/net/minidev/json-smart/2.3/json-smart-2.3.jar:/home/user/.m2/repository/net/minidev/accessors-smart/1.2/accessors-smart-1.2.jar:/home/user/.m2/repository/org/ow2/asm/asm/5.0.4/asm-5.0.4.jar:/home/user/.m2/repository/org/apache/curator/curator-framework/2.12.0/curator-framework-2.12.0.jar:/home/user/.m2/repository/com/sun/jersey/jersey-core/1.19/jersey-core-1.19.jar:/home/user/.m2/repository/javax/ws/rs/jsr311-api/1.1.1/jsr311-api-1.1.1.jar:/home/user/.m2/repository/com/sun/jersey/jersey-server/1.19/jersey-server-1.19.jar:/home/user/.m2/repository/javax/servlet/javax.servlet-api/3.1.0/javax.servlet-api-3.1.0.jar:/home/user/.m2/repository/org/eclipse/jetty/jetty-server/9.3.24.v20180605/jetty-server-9.3.24.v20180605.jar:/home/user/.m2/repository/org/eclipse/jetty/jetty-http/9.3.24.v20180605/jetty-http-9.3.24.v20180605.jar:/home/user/.m2/repository/org/eclipse/jetty/jetty-io/9.3.24.v20180605/jetty-io-9.3.24.v20180605.jar:/home/user/.m2/repository/org/eclipse/jetty/jetty-webapp/9.3.24.v20180605/jetty-webapp-9.3.24.v20180605.jar:/home/user/.m2/repository/org/eclipse/jetty/jetty-xml/9.3.24.v20180605/jetty-xml-9.3.24.v20180605.jar:/home/user/.m2/repository/log4j/log4j/1.2.17/log4j-1.2.17.jar:/home/user/.m2/repository/org/slf4j/slf4j-api/1.7.25/slf4j-api-1.7.25.jar:/home/user/.m2/repository/org/slf4j/jul-to-slf4j/1.7.25/jul-to-slf4j-1.7.25.jar:/home/user/.m2/repository/org/eclipse/jetty/jetty-util/9.3.24.v20180605/jetty-util-9.3.24.v20180605.jar:/home/user/.m2/repository/com/fasterxml/jackson/core/jackson-databind/2.9.5/jackson-databind-2.9.5.jar:/home/user/.m2/repository/org/apache/hadoop/hadoop-kms/3.2.0/hadoop-kms-3.2.0-tests.jar:/home/user/.m2/repository/org/apache/hadoop/hadoop-hdds-server-scm/0.5.0-SNAPSHOT/hadoop-hdds-server-scm-0.5.0-SNAPSHOT-tests.jar:/home/user/.m2/repository/org/apache/hadoop/hadoop-hdds-container-service/0.5.0-SNAPSHOT/hadoop-hdds-container-service-0.5.0-SNAPSHOT-tests.jar:/home/user/.m2/repository/org/yaml/snakeyaml/1.16/snakeyaml-1.16.jar:/home/user/.m2/repository/org/apache/hadoop/hadoop-common/3.2.0/hadoop-common-3.2.0-tests.jar:/home/user/.m2/repository/org/apache/hadoop/hadoop-annotations/3.2.0/hadoop-annotations-3.2.0.jar:/usr/lib/jvm/java-1.8-openjdk/jre/../lib/tools.jar:/home/user/.m2/repository/commons-cli/commons-cli/1.2/commons-cli-1.2.jar:/home/user/.m2/repository/org/apache/httpcomponents/httpclient/4.5.2/httpclient-4.5.2.jar:/home/user/.m2/repository/org/apache/httpcomponents/httpcore/4.4.4/httpcore-4.4.4.jar:/home/user/.m2/repository/commons-codec/commons-codec/1.11/commons-codec-1.11.jar:/home/user/.m2/repository/commons-net/commons-net/3.6/commons-net-3.6.jar:/home/user/.m2/repository/commons-collections/commons-collections/3.2.2/commons-collections-3.2.2.jar:/home/user/.m2/repository/org/eclipse/jetty/jetty-servlet/9.3.24.v20180605/jetty-servlet-9.3.24.v20180605.jar:/home/user/.m2/repository/org/eclipse/jetty/jetty-security/9.3.24.v20180605/jetty-security-9.3.24.v20180605.jar:/home/user/.m2/repository/javax/servlet/jsp/jsp-api/2.1/jsp-api-2.1.jar:/home/user/.m2/repository/com/sun/jersey/jersey-servlet/1.19/jersey-servlet-1.19.jar:/home/user/.m2/repository/com/sun/jersey/jersey-json/1.19/jersey-json-1.19.jar:/home/user/.m2/repository/org/codehaus/jettison/jettison/1.1/jettison-1.1.jar:/home/user/.m2/repository/org/codehaus/jackson/jackson-core-asl/1.9.13/jackson-core-asl-1.9.13.jar:/home/user/.m2/repository/org/codehaus/jackson/jackson-mapper-asl/1.9.13/jackson-mapper-asl-1.9.13.jar:/home/user/.m2/repository/org/codehaus/jackson/jackson-jaxrs/1.9.13/jackson-jaxrs-1.9.13.jar:/home/user/.m2/repository/org/codehaus/jackson/jackson-xc/1.9.13/jackson-xc-1.9.13.jar:/home/user/.m2/repository/commons-logging/commons-logging/1.1.3/commons-logging-1.1.3.jar:/home/user/.m2/repository/commons-beanutils/commons-beanutils/1.9.3/commons-beanutils-1.9.3.jar:/home/user/.m2/repository/org/apache/commons/commons-configuration2/2.1.1/commons-configuration2-2.1.1.jar:/home/user/.m2/repository/org/apache/commons/commons-lang3/3.7/commons-lang3-3.7.jar:/home/user/.m2/repository/org/apache/commons/commons-text/1.4/commons-text-1.4.jar:/home/user/.m2/repository/org/apache/avro/avro/1.7.7/avro-1.7.7.jar:/home/user/.m2/repository/com/thoughtworks/paranamer/paranamer/2.3/paranamer-2.3.jar:/home/user/.m2/repository/org/xerial/snappy/snappy-java/1.0.5/snappy-java-1.0.5.jar:/home/user/.m2/repository/com/google/re2j/re2j/1.1/re2j-1.1.jar:/home/user/.m2/repository/com/google/code/gson/gson/2.2.4/gson-2.2.4.jar:/home/user/.m2/repository/com/jcraft/jsch/0.1.54/jsch-0.1.54.jar:/home/user/.m2/repository/org/apache/curator/curator-client/2.12.0/curator-client-2.12.0.jar:/home/user/.m2/repository/org/apache/curator/curator-recipes/2.12.0/curator-recipes-2.12.0.jar:/home/user/.m2/repository/com/google/code/findbugs/jsr305/3.0.0/jsr305-3.0.0.jar:/home/user/.m2/repository/org/apache/htrace/htrace-core4/4.1.0-incubating/htrace-core4-4.1.0-incubating.jar:/home/user/.m2/repository/org/apache/zookeeper/zookeeper/3.4.13/zookeeper-3.4.13.jar:/home/user/.m2/repository/org/apache/yetus/audience-annotations/0.5.0/audience-annotations-0.5.0.jar:/home/user/.m2/repository/org/codehaus/woodstox/stax2-api/3.1.4/stax2-api-3.1.4.jar:/home/user/.m2/repository/com/fasterxml/woodstox/woodstox-core/5.0.3/woodstox-core-5.0.3.jar:/home/user/.m2/repository/dnsjava/dnsjava/2.1.7/dnsjava-2.1.7.jar:/home/user/.m2/repository/org/apache/hadoop/hadoop-hdfs/3.2.0/hadoop-hdfs-3.2.0-tests.jar:/home/user/.m2/repository/org/eclipse/jetty/jetty-util-ajax/9.3.24.v20180605/jetty-util-ajax-9.3.24.v20180605.jar:/home/user/.m2/repository/commons-daemon/commons-daemon/1.0.13/commons-daemon-1.0.13.jar:/home/user/.m2/repository/io/netty/netty/3.10.5.Final/netty-3.10.5.Final.jar:/home/user/.m2/repository/io/netty/netty-all/4.0.52.Final/netty-all-4.0.52.Final.jar:/home/user/.m2/repository/org/fusesource/leveldbjni/leveldbjni-all/1.8/leveldbjni-all-1.8.jar:"/>
    <property name="sun.cpu.endian" value="little"/>
    <property name="user.home" value="/home/user"/>
    <property name="user.language" value="en"/>
    <property name="java.specification.vendor" value="Oracle Corporation"/>
    <property name="java.home" value="/usr/lib/jvm/java-1.8-openjdk/jre"/>
    <property name="java.security.krb5.conf" value="/tmp/workdir/hadoop-ozone/integration-test/target/test-classes/krb5.conf"/>
    <property name="basedir" value="/tmp/workdir/hadoop-ozone/integration-test"/>
    <property name="file.separator" value="/"/>
    <property name="line.separator" value="&#10;"/>
    <property name="java.vm.specification.vendor" value="Oracle Corporation"/>
    <property name="java.specification.name" value="Java Platform API Specification"/>
    <property name="java.awt.graphicsenv" value="sun.awt.X11GraphicsEnvironment"/>
    <property name="surefire.real.class.path" value="/tmp/workdir/hadoop-ozone/integration-test/target/surefire/surefirebooter6254428414921427683.jar"/>
    <property name="hadoop.log.dir" value="/tmp/workdir/hadoop-ozone/integration-test/target/log"/>
    <property name="sun.boot.class.path" value="/usr/lib/jvm/java-1.8-openjdk/jre/lib/resources.jar:/usr/lib/jvm/java-1.8-openjdk/jre/lib/rt.jar:/usr/lib/jvm/java-1.8-openjdk/jre/lib/sunrsasign.jar:/usr/lib/jvm/java-1.8-openjdk/jre/lib/jsse.jar:/usr/lib/jvm/java-1.8-openjdk/jre/lib/jce.jar:/usr/lib/jvm/java-1.8-openjdk/jre/lib/charsets.jar:/usr/lib/jvm/java-1.8-openjdk/jre/lib/jfr.jar:/usr/lib/jvm/java-1.8-openjdk/jre/classes"/>
    <property name="sun.management.compiler" value="HotSpot 64-Bit Tiered Compilers"/>
    <property name="java.runtime.version" value="1.8.0_212-b04"/>
    <property name="java.net.preferIPv4Stack" value="true"/>
    <property name="user.name" value="jenkins1000"/>
    <property name="path.separator" value=":"/>
    <property name="java.security.egd" value="file:///dev/urandom"/>
    <property name="os.version" value="3.10.0-957.12.2.el7.x86_64"/>
    <property name="java.endorsed.dirs" value="/usr/lib/jvm/java-1.8-openjdk/jre/lib/endorsed"/>
    <property name="java.runtime.name" value="OpenJDK Runtime Environment"/>
    <property name="file.encoding" value="UTF-8"/>
    <property name="java.vm.name" value="OpenJDK 64-Bit Server VM"/>
    <property name="test.build.webapps" value=""/>
    <property name="localRepository" value="/home/user/.m2/repository"/>
    <property name="java.vendor.url.bug" value="https://icedtea.classpath.org/bugzilla"/>
    <property name="java.io.tmpdir" value="/tmp"/>
    <property name="require.test.libhadoop" value=""/>
    <property name="java.version" value="1.8.0_212"/>
    <property name="user.dir" value="/tmp/workdir/hadoop-ozone/integration-test"/>
    <property name="os.arch" value="amd64"/>
    <property name="java.vm.specification.name" value="Java Virtual Machine Specification"/>
    <property name="test.build.classes" value="/tmp/workdir/hadoop-ozone/integration-test/target/test-classes"/>
    <property name="java.awt.printerjob" value="sun.print.PSPrinterJob"/>
    <property name="sun.os.patch.level" value="unknown"/>
    <property name="hadoop.tmp.dir" value="/tmp/workdir/hadoop-ozone/integration-test/target/tmp"/>
    <property name="java.library.path" value="/usr/lib/jvm/java-1.8-openjdk/jre/lib/amd64/server:/usr/lib/jvm/java-1.8-openjdk/jre/lib/amd64:/usr/lib/jvm/java-1.8-openjdk/jre/../lib/amd64:/tmp/workdir/hadoop-ozone/integration-test/target/native/target/usr/local/lib:/tmp/workdir/hadoop-ozone/integration-test/../../hadoop-common-project/hadoop-common/target/native/target/usr/local/lib:/usr/java/packages/lib/amd64:/usr/lib64:/lib64:/lib:/usr/lib"/>
    <property name="java.vm.info" value="mixed mode"/>
    <property name="java.vendor" value="IcedTea"/>
    <property name="java.vm.version" value="25.212-b04"/>
    <property name="java.ext.dirs" value="/usr/lib/jvm/java-1.8-openjdk/jre/lib/ext:/usr/java/packages/lib/ext"/>
    <property name="sun.io.unicode.encoding" value="UnicodeLittle"/>
    <property name="java.class.version" value="52.0"/>
  </properties>
  <testcase name="testPutKeyAndGetKeyThreeNodes" classname="org.apache.hadoop.ozone.client.rpc.TestReadRetries" time="21.728">
    <error message="Unexpected OzoneException: java.io.IOException: java.util.concurrent.ExecutionException: org.apache.ratis.thirdparty.io.grpc.StatusRuntimeException: UNAVAILABLE: io exception" type="java.io.IOException">java.io.IOException: Unexpected OzoneException: java.io.IOException: java.util.concurrent.ExecutionException: org.apache.ratis.thirdparty.io.grpc.StatusRuntimeException: UNAVAILABLE: io exception
	at org.apache.hadoop.hdds.scm.storage.ChunkInputStream.readChunk(ChunkInputStream.java:342)
	at org.apache.hadoop.hdds.scm.storage.ChunkInputStream.readChunkFromContainer(ChunkInputStream.java:307)
	at org.apache.hadoop.hdds.scm.storage.ChunkInputStream.prepareRead(ChunkInputStream.java:259)
	at org.apache.hadoop.hdds.scm.storage.ChunkInputStream.read(ChunkInputStream.java:144)
	at org.apache.hadoop.hdds.scm.storage.BlockInputStream.read(BlockInputStream.java:239)
	at org.apache.hadoop.ozone.client.io.KeyInputStream.read(KeyInputStream.java:171)
	at org.apache.hadoop.ozone.client.io.OzoneInputStream.read(OzoneInputStream.java:47)
	at java.io.InputStream.read(InputStream.java:101)
	at org.apache.hadoop.ozone.client.rpc.TestReadRetries.readKey(TestReadRetries.java:219)
	at org.apache.hadoop.ozone.client.rpc.TestReadRetries.testPutKeyAndGetKeyThreeNodes(TestReadRetries.java:197)
	at sun.reflect.NativeMethodAccessorImpl.invoke0(Native Method)
	at sun.reflect.NativeMethodAccessorImpl.invoke(NativeMethodAccessorImpl.java:62)
	at sun.reflect.DelegatingMethodAccessorImpl.invoke(DelegatingMethodAccessorImpl.java:43)
	at java.lang.reflect.Method.invoke(Method.java:498)
	at org.junit.runners.model.FrameworkMethod$1.runReflectiveCall(FrameworkMethod.java:47)
	at org.junit.internal.runners.model.ReflectiveCallable.run(ReflectiveCallable.java:12)
	at org.junit.runners.model.FrameworkMethod.invokeExplosively(FrameworkMethod.java:44)
	at org.junit.internal.runners.statements.InvokeMethod.evaluate(InvokeMethod.java:17)
	at org.junit.rules.ExpectedException$ExpectedExceptionStatement.evaluate(ExpectedException.java:168)
	at org.junit.rules.RunRules.evaluate(RunRules.java:20)
	at org.junit.runners.ParentRunner.runLeaf(ParentRunner.java:271)
	at org.junit.runners.BlockJUnit4ClassRunner.runChild(BlockJUnit4ClassRunner.java:70)
	at org.junit.runners.BlockJUnit4ClassRunner.runChild(BlockJUnit4ClassRunner.java:50)
	at org.junit.runners.ParentRunner$3.run(ParentRunner.java:238)
	at org.junit.runners.ParentRunner$1.schedule(ParentRunner.java:63)
	at org.junit.runners.ParentRunner.runChildren(ParentRunner.java:236)
	at org.junit.runners.ParentRunner.access$000(ParentRunner.java:53)
	at org.junit.runners.ParentRunner$2.evaluate(ParentRunner.java:229)
	at org.junit.internal.runners.statements.RunBefores.evaluate(RunBefores.java:26)
	at org.junit.internal.runners.statements.RunAfters.evaluate(RunAfters.java:27)
	at org.junit.runners.ParentRunner.run(ParentRunner.java:309)
	at org.apache.maven.surefire.junit4.JUnit4Provider.execute(JUnit4Provider.java:365)
	at org.apache.maven.surefire.junit4.JUnit4Provider.executeWithRerun(JUnit4Provider.java:273)
	at org.apache.maven.surefire.junit4.JUnit4Provider.executeTestSet(JUnit4Provider.java:238)
	at org.apache.maven.surefire.junit4.JUnit4Provider.invoke(JUnit4Provider.java:159)
	at org.apache.maven.surefire.booter.ForkedBooter.invokeProviderInSameClassLoader(ForkedBooter.java:384)
	at org.apache.maven.surefire.booter.ForkedBooter.runSuitesInProcess(ForkedBooter.java:345)
	at org.apache.maven.surefire.booter.ForkedBooter.execute(ForkedBooter.java:126)
	at org.apache.maven.surefire.booter.ForkedBooter.main(ForkedBooter.java:418)
Caused by: java.io.IOException: java.util.concurrent.ExecutionException: org.apache.ratis.thirdparty.io.grpc.StatusRuntimeException: UNAVAILABLE: io exception
	at org.apache.hadoop.hdds.scm.XceiverClientGrpc.sendCommandWithRetry(XceiverClientGrpc.java:295)
	at org.apache.hadoop.hdds.scm.XceiverClientGrpc.sendCommandWithTraceIDAndRetry(XceiverClientGrpc.java:248)
	at org.apache.hadoop.hdds.scm.XceiverClientGrpc.sendCommand(XceiverClientGrpc.java:231)
	at org.apache.hadoop.hdds.scm.storage.ContainerProtocolCalls.readChunk(ContainerProtocolCalls.java:245)
	at org.apache.hadoop.hdds.scm.storage.ChunkInputStream.readChunk(ChunkInputStream.java:335)
	... 38 more
Caused by: java.util.concurrent.ExecutionException: org.apache.ratis.thirdparty.io.grpc.StatusRuntimeException: UNAVAILABLE: io exception
	at java.util.concurrent.CompletableFuture.reportGet(CompletableFuture.java:357)
	at java.util.concurrent.CompletableFuture.get(CompletableFuture.java:1895)
	at org.apache.hadoop.hdds.scm.XceiverClientGrpc.sendCommandWithRetry(XceiverClientGrpc.java:279)
	... 42 more
Caused by: org.apache.ratis.thirdparty.io.grpc.StatusRuntimeException: UNAVAILABLE: io exception
	at org.apache.ratis.thirdparty.io.grpc.Status.asRuntimeException(Status.java:526)
	at org.apache.ratis.thirdparty.io.grpc.stub.ClientCalls$StreamObserverToCallListenerAdapter.onClose(ClientCalls.java:434)
	at org.apache.ratis.thirdparty.io.grpc.PartialForwardingClientCallListener.onClose(PartialForwardingClientCallListener.java:39)
	at org.apache.ratis.thirdparty.io.grpc.ForwardingClientCallListener.onClose(ForwardingClientCallListener.java:23)
	at org.apache.ratis.thirdparty.io.grpc.ForwardingClientCallListener$SimpleForwardingClientCallListener.onClose(ForwardingClientCallListener.java:40)
	at org.apache.ratis.thirdparty.io.grpc.internal.CensusStatsModule$StatsClientInterceptor$1$1.onClose(CensusStatsModule.java:678)
	at org.apache.ratis.thirdparty.io.grpc.PartialForwardingClientCallListener.onClose(PartialForwardingClientCallListener.java:39)
	at org.apache.ratis.thirdparty.io.grpc.ForwardingClientCallListener.onClose(ForwardingClientCallListener.java:23)
	at org.apache.ratis.thirdparty.io.grpc.ForwardingClientCallListener$SimpleForwardingClientCallListener.onClose(ForwardingClientCallListener.java:40)
	at org.apache.ratis.thirdparty.io.grpc.internal.CensusTracingModule$TracingClientInterceptor$1$1.onClose(CensusTracingModule.java:397)
	at org.apache.ratis.thirdparty.io.grpc.internal.ClientCallImpl.closeObserver(ClientCallImpl.java:459)
	at org.apache.ratis.thirdparty.io.grpc.internal.ClientCallImpl.access$300(ClientCallImpl.java:63)
	at org.apache.ratis.thirdparty.io.grpc.internal.ClientCallImpl$ClientStreamListenerImpl.close(ClientCallImpl.java:546)
	at org.apache.ratis.thirdparty.io.grpc.internal.ClientCallImpl$ClientStreamListenerImpl.access$600(ClientCallImpl.java:467)
	at org.apache.ratis.thirdparty.io.grpc.internal.ClientCallImpl$ClientStreamListenerImpl$1StreamClosed.runInContext(ClientCallImpl.java:584)
	at org.apache.ratis.thirdparty.io.grpc.internal.ContextRunnable.run(ContextRunnable.java:37)
	at org.apache.ratis.thirdparty.io.grpc.internal.SerializingExecutor.run(SerializingExecutor.java:123)
	at java.util.concurrent.ThreadPoolExecutor.runWorker(ThreadPoolExecutor.java:1149)
	at java.util.concurrent.ThreadPoolExecutor$Worker.run(ThreadPoolExecutor.java:624)
	at java.lang.Thread.run(Thread.java:748)
Caused by: org.apache.ratis.thirdparty.io.netty.channel.AbstractChannel$AnnotatedConnectException: Connection refused: /192.168.5.187:36872
	at sun.nio.ch.SocketChannelImpl.checkConnect(Native Method)
	at sun.nio.ch.SocketChannelImpl.finishConnect(SocketChannelImpl.java:717)
	at org.apache.ratis.thirdparty.io.netty.channel.socket.nio.NioSocketChannel.doFinishConnect(NioSocketChannel.java:327)
	at org.apache.ratis.thirdparty.io.netty.channel.nio.AbstractNioChannel$AbstractNioUnsafe.finishConnect(AbstractNioChannel.java:340)
	at org.apache.ratis.thirdparty.io.netty.channel.nio.NioEventLoop.processSelectedKey(NioEventLoop.java:632)
	at org.apache.ratis.thirdparty.io.netty.channel.nio.NioEventLoop.processSelectedKeysOptimized(NioEventLoop.java:579)
	at org.apache.ratis.thirdparty.io.netty.channel.nio.NioEventLoop.processSelectedKeys(NioEventLoop.java:496)
	at org.apache.ratis.thirdparty.io.netty.channel.nio.NioEventLoop.run(NioEventLoop.java:458)
	at org.apache.ratis.thirdparty.io.netty.util.concurrent.SingleThreadEventExecutor$5.run(SingleThreadEventExecutor.java:897)
	at org.apache.ratis.thirdparty.io.netty.util.concurrent.FastThreadLocalRunnable.run(FastThreadLocalRunnable.java:30)
	... 1 more
Caused by: java.net.ConnectException: Connection refused
	... 11 more
</error>
    <system-out><![CDATA[2019-07-13 16:43:14,389 WARN  server.ServerUtils (ServerUtils.java:getScmDbDir(145)) - ozone.scm.db.dirs is not configured. We recommend adding this setting. Falling back to ozone.metadata.dirs instead.
2019-07-13 16:43:14,502 WARN  server.ServerUtils (ServerUtils.java:getScmDbDir(145)) - ozone.scm.db.dirs is not configured. We recommend adding this setting. Falling back to ozone.metadata.dirs instead.
2019-07-13 16:43:14,505 WARN  server.ServerUtils (ServerUtils.java:getScmDbDir(145)) - ozone.scm.db.dirs is not configured. We recommend adding this setting. Falling back to ozone.metadata.dirs instead.
2019-07-13 16:43:14,522 INFO  util.log (Log.java:initialized(192)) - Logging initialized @886ms
2019-07-13 16:43:14,621 INFO  db.DBStoreBuilder (DBStoreBuilder.java:addTable(110)) - using custom profile for table: deletedBlocks
2019-07-13 16:43:14,621 INFO  db.DBStoreBuilder (DBStoreBuilder.java:processTables(161)) - Using default column profile:DBProfile.DISK for Table:deletedBlocks
2019-07-13 16:43:14,622 INFO  db.DBStoreBuilder (DBStoreBuilder.java:addTable(110)) - using custom profile for table: validCerts
2019-07-13 16:43:14,622 INFO  db.DBStoreBuilder (DBStoreBuilder.java:processTables(161)) - Using default column profile:DBProfile.DISK for Table:validCerts
2019-07-13 16:43:14,622 INFO  db.DBStoreBuilder (DBStoreBuilder.java:addTable(110)) - using custom profile for table: revokedCerts
2019-07-13 16:43:14,622 INFO  db.DBStoreBuilder (DBStoreBuilder.java:processTables(161)) - Using default column profile:DBProfile.DISK for Table:revokedCerts
2019-07-13 16:43:14,634 INFO  db.DBStoreBuilder (DBStoreBuilder.java:addTable(110)) - using custom profile for table: default
2019-07-13 16:43:14,634 INFO  db.DBStoreBuilder (DBStoreBuilder.java:processTables(167)) - Using default column profile:DBProfile.DISK for Table:default
2019-07-13 16:43:14,635 INFO  db.DBStoreBuilder (DBStoreBuilder.java:getDbProfile(198)) - Using default options. DBProfile.DISK
2019-07-13 16:43:14,781 INFO  net.NodeSchemaLoader (NodeSchemaLoader.java:loadSchemaFromFile(125)) - Loading file from sun.misc.CompoundEnumeration@59fd97a8
2019-07-13 16:43:14,785 INFO  net.NodeSchemaLoader (NodeSchemaLoader.java:loadSchema(171)) - Loading network topology layer schema file
2019-07-13 16:43:14,865 WARN  server.ServerUtils (ServerUtils.java:sanitizeUserArgs(70)) - ozone.scm.stale.node.interval value = 300000 is larger than max = 100000 based on the key value of ozone.scm.heartbeat.thread.interval, reset to the max value 100000.
2019-07-13 16:43:14,867 WARN  server.ServerUtils (ServerUtils.java:sanitizeUserArgs(70)) - ozone.scm.stale.node.interval value = 300000 is larger than max = 100000 based on the key value of ozone.scm.heartbeat.thread.interval, reset to the max value 100000.
2019-07-13 16:43:14,869 INFO  node.SCMNodeManager (SCMNodeManager.java:<init>(119)) - Entering startup safe mode.
2019-07-13 16:43:14,951 WARN  server.ServerUtils (ServerUtils.java:getScmDbDir(145)) - ozone.scm.db.dirs is not configured. We recommend adding this setting. Falling back to ozone.metadata.dirs instead.
2019-07-13 16:43:15,004 INFO  pipeline.SCMPipelineManager (SCMPipelineManager.java:initializePipelineState(126)) - No pipeline exists in current db
2019-07-13 16:43:15,006 WARN  server.ServerUtils (ServerUtils.java:getScmDbDir(145)) - ozone.scm.db.dirs is not configured. We recommend adding this setting. Falling back to ozone.metadata.dirs instead.
2019-07-13 16:43:15,114 WARN  events.EventQueue (EventQueue.java:fireEvent(175)) - No event handler registered for event TypedEvent{payloadType=SafeModeStatus, name='SafeModeStatus'}
2019-07-13 16:43:15,444 INFO  ipc.CallQueueManager (CallQueueManager.java:<init>(84)) - Using callQueue: class java.util.concurrent.LinkedBlockingQueue, queueCapacity: 2000, scheduler: class org.apache.hadoop.ipc.DefaultRpcScheduler, ipcBackoff: false.
2019-07-13 16:43:15,471 INFO  ipc.Server (Server.java:run(1074)) - Starting Socket Reader #1 for port 35741
2019-07-13 16:43:15,494 INFO  ipc.CallQueueManager (CallQueueManager.java:<init>(84)) - Using callQueue: class java.util.concurrent.LinkedBlockingQueue, queueCapacity: 2000, scheduler: class org.apache.hadoop.ipc.DefaultRpcScheduler, ipcBackoff: false.
2019-07-13 16:43:15,496 INFO  ipc.Server (Server.java:run(1074)) - Starting Socket Reader #1 for port 43717
2019-07-13 16:43:15,501 INFO  ipc.CallQueueManager (CallQueueManager.java:<init>(84)) - Using callQueue: class java.util.concurrent.LinkedBlockingQueue, queueCapacity: 2000, scheduler: class org.apache.hadoop.ipc.DefaultRpcScheduler, ipcBackoff: false.
2019-07-13 16:43:15,502 INFO  ipc.Server (Server.java:run(1074)) - Starting Socket Reader #1 for port 33429
2019-07-13 16:43:15,637 INFO  hdfs.DFSUtil (DFSUtil.java:httpServerTemplateForNNAndJN(1641)) - Starting Web-server for scm at: http://0.0.0.0:0
2019-07-13 16:43:15,800 INFO  server.AuthenticationFilter (AuthenticationFilter.java:constructSecretProvider(240)) - Unable to initialize FileSignerSecretProvider, falling back to use random secrets.
2019-07-13 16:43:15,808 WARN  http.HttpRequestLog (HttpRequestLog.java:getRequestLog(97)) - Jetty request log can only be enabled using Log4j
2019-07-13 16:43:15,816 INFO  http.HttpServer2 (HttpServer2.java:addGlobalFilter(975)) - Added global filter 'safety' (class=org.apache.hadoop.http.HttpServer2$QuotingInputFilter)
2019-07-13 16:43:15,818 INFO  http.HttpServer2 (HttpServer2.java:addFilter(948)) - Added filter static_user_filter (class=org.apache.hadoop.http.lib.StaticUserWebFilter$StaticUserFilter) to context scm
2019-07-13 16:43:15,818 INFO  http.HttpServer2 (HttpServer2.java:addFilter(958)) - Added filter static_user_filter (class=org.apache.hadoop.http.lib.StaticUserWebFilter$StaticUserFilter) to context static
2019-07-13 16:43:15,819 INFO  http.HttpServer2 (HttpServer2.java:addFilter(958)) - Added filter static_user_filter (class=org.apache.hadoop.http.lib.StaticUserWebFilter$StaticUserFilter) to context logs
2019-07-13 16:43:15,846 INFO  server.StorageContainerManager (StorageContainerManager.java:start(759)) - StorageContainerLocationProtocol RPC server is listening at /0.0.0.0:33429
2019-07-13 16:43:15,902 WARN  impl.MetricsConfig (MetricsConfig.java:loadFirst(134)) - Cannot locate configuration: tried hadoop-metrics2-storagecontainermanager.properties,hadoop-metrics2.properties
2019-07-13 16:43:15,914 INFO  impl.MetricsSystemImpl (MetricsSystemImpl.java:startTimer(374)) - Scheduled Metric snapshot period at 10 second(s).
2019-07-13 16:43:15,914 INFO  impl.MetricsSystemImpl (MetricsSystemImpl.java:start(191)) - StorageContainerManager metrics system started
2019-07-13 16:43:16,132 INFO  server.SCMClientProtocolServer (SCMClientProtocolServer.java:start(149)) - RPC server for Client  is listening at /0.0.0.0:33429
2019-07-13 16:43:16,133 INFO  ipc.Server (Server.java:run(1314)) - IPC Server Responder: starting
2019-07-13 16:43:16,133 INFO  ipc.Server (Server.java:run(1153)) - IPC Server listener on 33429: starting
2019-07-13 16:43:16,136 INFO  server.StorageContainerManager (StorageContainerManager.java:start(768)) - ScmBlockLocationProtocol RPC server is listening at /0.0.0.0:43717
2019-07-13 16:43:16,136 INFO  server.SCMBlockProtocolServer (SCMBlockProtocolServer.java:start(140)) - RPC server for Block Protocol is listening at /0.0.0.0:43717
2019-07-13 16:43:16,137 INFO  ipc.Server (Server.java:run(1314)) - IPC Server Responder: starting
2019-07-13 16:43:16,137 INFO  ipc.Server (Server.java:run(1153)) - IPC Server listener on 43717: starting
2019-07-13 16:43:16,147 INFO  server.StorageContainerManager (StorageContainerManager.java:start(772)) - ScmDatanodeProtocl RPC server is listening at /0.0.0.0:35741
2019-07-13 16:43:16,147 INFO  server.SCMDatanodeProtocolServer (SCMDatanodeProtocolServer.java:start(191)) - RPC server for DataNodes is listening at /0.0.0.0:35741
2019-07-13 16:43:16,148 INFO  ipc.Server (Server.java:run(1153)) - IPC Server listener on 35741: starting
2019-07-13 16:43:16,149 INFO  ipc.Server (Server.java:run(1314)) - IPC Server Responder: starting
2019-07-13 16:43:16,161 INFO  http.HttpServer2 (HttpServer2.java:bindListener(1191)) - Jetty bound to port 43572
2019-07-13 16:43:16,164 INFO  server.Server (Server.java:doStart(351)) - jetty-9.3.24.v20180605, build timestamp: 2018-06-05T17:11:56Z, git hash: 84205aa28f11a4f31f2a3b86d1bba2cc8ab69827
2019-07-13 16:43:16,206 INFO  handler.ContextHandler (ContextHandler.java:doStart(781)) - Started o.e.j.s.ServletContextHandler@eda25e5{/logs,file:///tmp/workdir/hadoop-ozone/integration-test/target/log,AVAILABLE}
2019-07-13 16:43:16,207 INFO  handler.ContextHandler (ContextHandler.java:doStart(781)) - Started o.e.j.s.ServletContextHandler@623e088f{/static,file:///tmp/workdir/hadoop-ozone/integration-test/target/test-classes/webapps/static,AVAILABLE}
2019-07-13 16:43:16,238 INFO  handler.ContextHandler (ContextHandler.java:doStart(781)) - Started o.e.j.w.WebAppContext@7c041b41{/,file:///tmp/workdir/hadoop-ozone/integration-test/target/test-classes/webapps/scm/,AVAILABLE}{/scm}
2019-07-13 16:43:16,243 INFO  server.AbstractConnector (AbstractConnector.java:doStart(278)) - Started ServerConnector@664a9613{HTTP/1.1,[http/1.1]}{0.0.0.0:43572}
2019-07-13 16:43:16,243 INFO  server.Server (Server.java:doStart(419)) - Started @2609ms
2019-07-13 16:43:16,246 INFO  server.BaseHttpServer (BaseHttpServer.java:updateConnectorAddress(207)) - HTTP server of SCM is listening at http://0.0.0.0:43572
2019-07-13 16:43:16,253 INFO  util.JvmPauseMonitor (JvmPauseMonitor.java:run(188)) - Starting JVM pause monitor
2019-07-13 16:43:16,254 WARN  server.ServerUtils (ServerUtils.java:getDBPath(222)) - ozone.om.db.dirs is not configured. We recommend adding this setting. Falling back to ozone.metadata.dirs instead.
2019-07-13 16:43:16,390 WARN  server.ServerUtils (ServerUtils.java:getDBPath(222)) - ozone.om.db.dirs is not configured. We recommend adding this setting. Falling back to ozone.metadata.dirs instead.
2019-07-13 16:43:16,391 INFO  om.OzoneManager (OzoneManager.java:setOMNodeDetails(630)) - OM Service ID is not set. Setting it to the default ID: omServiceIdDefault
2019-07-13 16:43:16,391 INFO  om.OzoneManager (OzoneManager.java:setOMNodeDetails(636)) - OM Node ID is not set. Setting it to the OmStorage's OmID: d4c5404d-f21b-415c-80d7-f5fe17c5d6e5
2019-07-13 16:43:16,392 INFO  om.OzoneManager (OzoneManager.java:loadOMHAConfigs(587)) - Found matching OM address with OMServiceId: null, OMNodeId: null, RPC Address: localhost:0 and Ratis port: 9872
2019-07-13 16:43:16,635 WARN  server.ServerUtils (ServerUtils.java:getDBPath(222)) - ozone.om.db.dirs is not configured. We recommend adding this setting. Falling back to ozone.metadata.dirs instead.
2019-07-13 16:43:16,647 INFO  db.DBStoreBuilder (DBStoreBuilder.java:addTable(110)) - using custom profile for table: userTable
2019-07-13 16:43:16,647 INFO  db.DBStoreBuilder (DBStoreBuilder.java:processTables(161)) - Using default column profile:DBProfile.DISK for Table:userTable
2019-07-13 16:43:16,647 INFO  db.DBStoreBuilder (DBStoreBuilder.java:addTable(110)) - using custom profile for table: volumeTable
2019-07-13 16:43:16,648 INFO  db.DBStoreBuilder (DBStoreBuilder.java:processTables(161)) - Using default column profile:DBProfile.DISK for Table:volumeTable
2019-07-13 16:43:16,648 INFO  db.DBStoreBuilder (DBStoreBuilder.java:addTable(110)) - using custom profile for table: bucketTable
2019-07-13 16:43:16,648 INFO  db.DBStoreBuilder (DBStoreBuilder.java:processTables(161)) - Using default column profile:DBProfile.DISK for Table:bucketTable
2019-07-13 16:43:16,649 INFO  db.DBStoreBuilder (DBStoreBuilder.java:addTable(110)) - using custom profile for table: keyTable
2019-07-13 16:43:16,649 INFO  db.DBStoreBuilder (DBStoreBuilder.java:processTables(161)) - Using default column profile:DBProfile.DISK for Table:keyTable
2019-07-13 16:43:16,650 INFO  db.DBStoreBuilder (DBStoreBuilder.java:addTable(110)) - using custom profile for table: deletedTable
2019-07-13 16:43:16,650 INFO  db.DBStoreBuilder (DBStoreBuilder.java:processTables(161)) - Using default column profile:DBProfile.DISK for Table:deletedTable
2019-07-13 16:43:16,651 INFO  db.DBStoreBuilder (DBStoreBuilder.java:addTable(110)) - using custom profile for table: openKeyTable
2019-07-13 16:43:16,651 INFO  db.DBStoreBuilder (DBStoreBuilder.java:processTables(161)) - Using default column profile:DBProfile.DISK for Table:openKeyTable
2019-07-13 16:43:16,651 INFO  db.DBStoreBuilder (DBStoreBuilder.java:addTable(110)) - using custom profile for table: s3Table
2019-07-13 16:43:16,652 INFO  db.DBStoreBuilder (DBStoreBuilder.java:processTables(161)) - Using default column profile:DBProfile.DISK for Table:s3Table
2019-07-13 16:43:16,652 INFO  db.DBStoreBuilder (DBStoreBuilder.java:addTable(110)) - using custom profile for table: multipartInfoTable
2019-07-13 16:43:16,652 INFO  db.DBStoreBuilder (DBStoreBuilder.java:processTables(161)) - Using default column profile:DBProfile.DISK for Table:multipartInfoTable
2019-07-13 16:43:16,653 INFO  db.DBStoreBuilder (DBStoreBuilder.java:addTable(110)) - using custom profile for table: dTokenTable
2019-07-13 16:43:16,653 INFO  db.DBStoreBuilder (DBStoreBuilder.java:processTables(161)) - Using default column profile:DBProfile.DISK for Table:dTokenTable
2019-07-13 16:43:16,654 INFO  db.DBStoreBuilder (DBStoreBuilder.java:addTable(110)) - using custom profile for table: s3SecretTable
2019-07-13 16:43:16,654 INFO  db.DBStoreBuilder (DBStoreBuilder.java:processTables(161)) - Using default column profile:DBProfile.DISK for Table:s3SecretTable
2019-07-13 16:43:16,654 INFO  db.DBStoreBuilder (DBStoreBuilder.java:addTable(110)) - using custom profile for table: prefixTable
2019-07-13 16:43:16,655 INFO  db.DBStoreBuilder (DBStoreBuilder.java:processTables(161)) - Using default column profile:DBProfile.DISK for Table:prefixTable
2019-07-13 16:43:16,655 INFO  db.DBStoreBuilder (DBStoreBuilder.java:addTable(110)) - using custom profile for table: default
2019-07-13 16:43:16,655 INFO  db.DBStoreBuilder (DBStoreBuilder.java:processTables(167)) - Using default column profile:DBProfile.DISK for Table:default
2019-07-13 16:43:16,656 INFO  db.DBStoreBuilder (DBStoreBuilder.java:getDbProfile(198)) - Using default options. DBProfile.DISK
2019-07-13 16:43:17,492 INFO  ipc.CallQueueManager (CallQueueManager.java:<init>(84)) - Using callQueue: class java.util.concurrent.LinkedBlockingQueue, queueCapacity: 2000, scheduler: class org.apache.hadoop.ipc.DefaultRpcScheduler, ipcBackoff: false.
2019-07-13 16:43:17,494 INFO  ipc.Server (Server.java:run(1074)) - Starting Socket Reader #1 for port 36874
2019-07-13 16:43:17,532 WARN  server.ServerUtils (ServerUtils.java:getDBPath(222)) - ozone.om.db.dirs is not configured. We recommend adding this setting. Falling back to ozone.metadata.dirs instead.
2019-07-13 16:43:17,533 INFO  om.OzoneManager (OzoneManager.java:start(1228)) - OzoneManager RPC server is listening at localhost/127.0.0.1:36874
2019-07-13 16:43:17,533 INFO  impl.MetricsSystemImpl (MetricsSystemImpl.java:init(158)) - OzoneManager metrics system started (again)
2019-07-13 16:43:17,536 INFO  ipc.Server (Server.java:run(1314)) - IPC Server Responder: starting
2019-07-13 16:43:17,536 INFO  ipc.Server (Server.java:run(1153)) - IPC Server listener on 36874: starting
2019-07-13 16:43:17,551 INFO  hdfs.DFSUtil (DFSUtil.java:httpServerTemplateForNNAndJN(1641)) - Starting Web-server for ozoneManager at: http://0.0.0.0:0
2019-07-13 16:43:17,553 INFO  server.AuthenticationFilter (AuthenticationFilter.java:constructSecretProvider(240)) - Unable to initialize FileSignerSecretProvider, falling back to use random secrets.
2019-07-13 16:43:17,554 WARN  http.HttpRequestLog (HttpRequestLog.java:getRequestLog(97)) - Jetty request log can only be enabled using Log4j
2019-07-13 16:43:17,557 INFO  http.HttpServer2 (HttpServer2.java:addGlobalFilter(975)) - Added global filter 'safety' (class=org.apache.hadoop.http.HttpServer2$QuotingInputFilter)
2019-07-13 16:43:17,559 INFO  http.HttpServer2 (HttpServer2.java:addFilter(948)) - Added filter static_user_filter (class=org.apache.hadoop.http.lib.StaticUserWebFilter$StaticUserFilter) to context ozoneManager
2019-07-13 16:43:17,559 INFO  http.HttpServer2 (HttpServer2.java:addFilter(958)) - Added filter static_user_filter (class=org.apache.hadoop.http.lib.StaticUserWebFilter$StaticUserFilter) to context static
2019-07-13 16:43:17,559 INFO  http.HttpServer2 (HttpServer2.java:addFilter(958)) - Added filter static_user_filter (class=org.apache.hadoop.http.lib.StaticUserWebFilter$StaticUserFilter) to context logs
2019-07-13 16:43:17,562 INFO  http.HttpServer2 (HttpServer2.java:bindListener(1191)) - Jetty bound to port 42942
2019-07-13 16:43:17,563 INFO  server.Server (Server.java:doStart(351)) - jetty-9.3.24.v20180605, build timestamp: 2018-06-05T17:11:56Z, git hash: 84205aa28f11a4f31f2a3b86d1bba2cc8ab69827
2019-07-13 16:43:17,565 INFO  handler.ContextHandler (ContextHandler.java:doStart(781)) - Started o.e.j.s.ServletContextHandler@349d0836{/logs,file:///tmp/workdir/hadoop-ozone/integration-test/target/log,AVAILABLE}
2019-07-13 16:43:17,566 INFO  handler.ContextHandler (ContextHandler.java:doStart(781)) - Started o.e.j.s.ServletContextHandler@3e134896{/static,file:///tmp/workdir/hadoop-ozone/integration-test/target/test-classes/webapps/static,AVAILABLE}
2019-07-13 16:43:17,573 INFO  handler.ContextHandler (ContextHandler.java:doStart(781)) - Started o.e.j.w.WebAppContext@68e62ca4{/,file:///tmp/workdir/hadoop-ozone/integration-test/target/test-classes/webapps/ozoneManager/,AVAILABLE}{/ozoneManager}
2019-07-13 16:43:17,574 INFO  server.AbstractConnector (AbstractConnector.java:doStart(278)) - Started ServerConnector@5328a9c1{HTTP/1.1,[http/1.1]}{0.0.0.0:42942}
2019-07-13 16:43:17,574 INFO  server.Server (Server.java:doStart(419)) - Started @3939ms
2019-07-13 16:43:17,575 INFO  server.BaseHttpServer (BaseHttpServer.java:updateConnectorAddress(207)) - HTTP server of OZONEMANAGER is listening at http://0.0.0.0:42942
2019-07-13 16:43:17,928 INFO  impl.MetricsSystemImpl (MetricsSystemImpl.java:init(158)) - HddsDatanode metrics system started (again)
2019-07-13 16:43:18,011 INFO  ozone.HddsDatanodeService (HddsDatanodeService.java:start(185)) - HddsDatanodeService host:trunk-nightly-z92hn-1831959607 ip:192.168.5.187
2019-07-13 16:43:18,043 INFO  volume.HddsVolume (HddsVolume.java:<init>(176)) - Creating Volume: /tmp/workdir/hadoop-ozone/integration-test/target/test-dir/MiniOzoneClusterImpl-45e70ad9-0cd6-4ce0-b3ff-21b0ae675b0f/datanode-0/data/containers/hdds of  storage type : DISK and capacity : 52710309888
2019-07-13 16:43:18,044 INFO  volume.VolumeSet (VolumeSet.java:initializeVolumeSet(170)) - Added Volume : /tmp/workdir/hadoop-ozone/integration-test/target/test-dir/MiniOzoneClusterImpl-45e70ad9-0cd6-4ce0-b3ff-21b0ae675b0f/datanode-0/data/containers/hdds to VolumeSet
2019-07-13 16:43:18,047 INFO  volume.ThrottledAsyncChecker (ThrottledAsyncChecker.java:schedule(140)) - Scheduling a check for org.apache.hadoop.ozone.container.common.volume.HddsVolume@57d0fc89
2019-07-13 16:43:18,066 INFO  volume.HddsVolumeChecker (HddsVolumeChecker.java:checkAllVolumes(203)) - Scheduled health check for volume org.apache.hadoop.ozone.container.common.volume.HddsVolume@57d0fc89
2019-07-13 16:43:18,178 INFO  impl.RaftServerProxy (ConfUtils.java:logGet(43)) - raft.rpc.type = GRPC (default)
2019-07-13 16:43:18,241 INFO  grpc.GrpcFactory (GrpcFactory.java:checkPooledByteBufAllocatorUseCacheForAllThreads(45)) - PERFORMANCE WARNING: useCacheForAllThreads is true that may cause Netty to create a lot garbage objects and, as a result, trigger GC.
	It is recommended to disable useCacheForAllThreads by setting -Dorg.apache.ratis.thirdparty.io.netty.allocator.useCacheForAllThreads=false in command line.
2019-07-13 16:43:18,245 INFO  grpc.GrpcConfigKeys$Server (ConfUtils.java:logGet(43)) - raft.grpc.server.port = 0 (default)
2019-07-13 16:43:18,246 INFO  server.GrpcService (ConfUtils.java:logGet(43)) - raft.grpc.message.size.max = 33570816 (custom)
2019-07-13 16:43:18,247 INFO  server.RaftServerConfigKeys (ConfUtils.java:logGet(43)) - raft.server.log.appender.buffer.byte-limit = 33554432 (custom)
2019-07-13 16:43:18,248 INFO  server.GrpcService (ConfUtils.java:logGet(43)) - raft.grpc.flow.control.window = 1MB (=1048576) (default)
2019-07-13 16:43:18,249 INFO  server.RaftServerConfigKeys (ConfUtils.java:logGet(43)) - raft.server.rpc.request.timeout = 3000ms (default)
2019-07-13 16:43:18,448 INFO  server.RaftServerConfigKeys (ConfUtils.java:logGet(43)) - raft.server.storage.dir = [/tmp/workdir/hadoop-ozone/integration-test/target/test-dir/MiniOzoneClusterImpl-45e70ad9-0cd6-4ce0-b3ff-21b0ae675b0f/datanode-0/data/ratis] (custom)
2019-07-13 16:43:18,490 INFO  replication.SimpleContainerDownloader (SimpleContainerDownloader.java:<init>(72)) - Starting container downloader service to copy containers to replicate.
2019-07-13 16:43:18,504 INFO  hdfs.DFSUtil (DFSUtil.java:httpServerTemplateForNNAndJN(1641)) - Starting Web-server for hddsDatanode at: http://0.0.0.0:0
2019-07-13 16:43:18,508 INFO  server.AuthenticationFilter (AuthenticationFilter.java:constructSecretProvider(240)) - Unable to initialize FileSignerSecretProvider, falling back to use random secrets.
2019-07-13 16:43:18,510 WARN  http.HttpRequestLog (HttpRequestLog.java:getRequestLog(97)) - Jetty request log can only be enabled using Log4j
2019-07-13 16:43:18,513 INFO  http.HttpServer2 (HttpServer2.java:addGlobalFilter(975)) - Added global filter 'safety' (class=org.apache.hadoop.http.HttpServer2$QuotingInputFilter)
2019-07-13 16:43:18,514 INFO  http.HttpServer2 (HttpServer2.java:addFilter(948)) - Added filter static_user_filter (class=org.apache.hadoop.http.lib.StaticUserWebFilter$StaticUserFilter) to context hddsDatanode
2019-07-13 16:43:18,515 INFO  http.HttpServer2 (HttpServer2.java:addFilter(958)) - Added filter static_user_filter (class=org.apache.hadoop.http.lib.StaticUserWebFilter$StaticUserFilter) to context logs
2019-07-13 16:43:18,515 INFO  http.HttpServer2 (HttpServer2.java:addFilter(958)) - Added filter static_user_filter (class=org.apache.hadoop.http.lib.StaticUserWebFilter$StaticUserFilter) to context static
2019-07-13 16:43:18,517 INFO  http.HttpServer2 (HttpServer2.java:bindListener(1191)) - Jetty bound to port 39275
2019-07-13 16:43:18,518 INFO  server.Server (Server.java:doStart(351)) - jetty-9.3.24.v20180605, build timestamp: 2018-06-05T17:11:56Z, git hash: 84205aa28f11a4f31f2a3b86d1bba2cc8ab69827
2019-07-13 16:43:18,521 INFO  handler.ContextHandler (ContextHandler.java:doStart(781)) - Started o.e.j.s.ServletContextHandler@1d23ff23{/logs,file:///tmp/workdir/hadoop-ozone/integration-test/target/log,AVAILABLE}
2019-07-13 16:43:18,522 INFO  handler.ContextHandler (ContextHandler.java:doStart(781)) - Started o.e.j.s.ServletContextHandler@6c9320c2{/static,jar:file:/home/user/.m2/repository/org/apache/hadoop/hadoop-hdds-container-service/0.5.0-SNAPSHOT/hadoop-hdds-container-service-0.5.0-SNAPSHOT.jar!/webapps/static,AVAILABLE}
2019-07-13 16:43:18,570 INFO  handler.ContextHandler (ContextHandler.java:doStart(781)) - Started o.e.j.w.WebAppContext@5c080ef3{/,file:///tmp/jetty-0.0.0.0-39275-hddsDatanode-_-any-8680874617235999121.dir/webapp/,AVAILABLE}{/hddsDatanode}
2019-07-13 16:43:18,571 INFO  server.AbstractConnector (AbstractConnector.java:doStart(278)) - Started ServerConnector@188cbcde{HTTP/1.1,[http/1.1]}{0.0.0.0:39275}
2019-07-13 16:43:18,572 INFO  server.Server (Server.java:doStart(419)) - Started @4937ms
2019-07-13 16:43:18,574 INFO  server.BaseHttpServer (BaseHttpServer.java:updateConnectorAddress(207)) - HTTP server of HDDSDATANODE is listening at http://0.0.0.0:39275
2019-07-13 16:43:19,750 INFO  ozone.HddsDatanodeService (HddsDatanodeService.java:startPlugins(396)) - Started plug-in org.apache.hadoop.ozone.web.OzoneHddsDatanodeService@28babeca
2019-07-13 16:43:19,752 INFO  impl.MetricsSystemImpl (MetricsSystemImpl.java:init(158)) - HddsDatanode metrics system started (again)
2019-07-13 16:43:19,752 INFO  ozone.HddsDatanodeService (HddsDatanodeService.java:start(185)) - HddsDatanodeService host:trunk-nightly-z92hn-1831959607 ip:192.168.5.187
2019-07-13 16:43:19,760 INFO  util.JvmPauseMonitor (JvmPauseMonitor.java:run(188)) - Starting JVM pause monitor
2019-07-13 16:43:19,763 INFO  volume.HddsVolume (HddsVolume.java:<init>(176)) - Creating Volume: /tmp/workdir/hadoop-ozone/integration-test/target/test-dir/MiniOzoneClusterImpl-45e70ad9-0cd6-4ce0-b3ff-21b0ae675b0f/datanode-1/data/containers/hdds of  storage type : DISK and capacity : 52710309888
2019-07-13 16:43:19,765 INFO  volume.VolumeSet (VolumeSet.java:initializeVolumeSet(170)) - Added Volume : /tmp/workdir/hadoop-ozone/integration-test/target/test-dir/MiniOzoneClusterImpl-45e70ad9-0cd6-4ce0-b3ff-21b0ae675b0f/datanode-1/data/containers/hdds to VolumeSet
2019-07-13 16:43:19,765 INFO  volume.ThrottledAsyncChecker (ThrottledAsyncChecker.java:schedule(140)) - Scheduling a check for org.apache.hadoop.ozone.container.common.volume.HddsVolume@58833798
2019-07-13 16:43:19,766 INFO  volume.HddsVolumeChecker (HddsVolumeChecker.java:checkAllVolumes(203)) - Scheduled health check for volume org.apache.hadoop.ozone.container.common.volume.HddsVolume@58833798
2019-07-13 16:43:19,790 INFO  impl.RaftServerProxy (ConfUtils.java:logGet(43)) - raft.rpc.type = GRPC (default)
2019-07-13 16:43:19,791 INFO  grpc.GrpcFactory (GrpcFactory.java:checkPooledByteBufAllocatorUseCacheForAllThreads(45)) - PERFORMANCE WARNING: useCacheForAllThreads is true that may cause Netty to create a lot garbage objects and, as a result, trigger GC.
	It is recommended to disable useCacheForAllThreads by setting -Dorg.apache.ratis.thirdparty.io.netty.allocator.useCacheForAllThreads=false in command line.
2019-07-13 16:43:19,791 INFO  grpc.GrpcConfigKeys$Server (ConfUtils.java:logGet(43)) - raft.grpc.server.port = 0 (default)
2019-07-13 16:43:19,791 INFO  server.GrpcService (ConfUtils.java:logGet(43)) - raft.grpc.message.size.max = 33570816 (custom)
2019-07-13 16:43:19,791 INFO  server.RaftServerConfigKeys (ConfUtils.java:logGet(43)) - raft.server.log.appender.buffer.byte-limit = 33554432 (custom)
2019-07-13 16:43:19,792 INFO  server.GrpcService (ConfUtils.java:logGet(43)) - raft.grpc.flow.control.window = 1MB (=1048576) (default)
2019-07-13 16:43:19,792 INFO  server.RaftServerConfigKeys (ConfUtils.java:logGet(43)) - raft.server.rpc.request.timeout = 3000ms (default)
2019-07-13 16:43:19,793 INFO  server.RaftServerConfigKeys (ConfUtils.java:logGet(43)) - raft.server.storage.dir = [/tmp/workdir/hadoop-ozone/integration-test/target/test-dir/MiniOzoneClusterImpl-45e70ad9-0cd6-4ce0-b3ff-21b0ae675b0f/datanode-1/data/ratis] (custom)
2019-07-13 16:43:19,793 INFO  replication.SimpleContainerDownloader (SimpleContainerDownloader.java:<init>(72)) - Starting container downloader service to copy containers to replicate.
2019-07-13 16:43:19,795 INFO  hdfs.DFSUtil (DFSUtil.java:httpServerTemplateForNNAndJN(1641)) - Starting Web-server for hddsDatanode at: http://0.0.0.0:0
2019-07-13 16:43:19,797 INFO  server.AuthenticationFilter (AuthenticationFilter.java:constructSecretProvider(240)) - Unable to initialize FileSignerSecretProvider, falling back to use random secrets.
2019-07-13 16:43:19,798 WARN  http.HttpRequestLog (HttpRequestLog.java:getRequestLog(97)) - Jetty request log can only be enabled using Log4j
2019-07-13 16:43:19,800 INFO  http.HttpServer2 (HttpServer2.java:addGlobalFilter(975)) - Added global filter 'safety' (class=org.apache.hadoop.http.HttpServer2$QuotingInputFilter)
2019-07-13 16:43:19,801 INFO  http.HttpServer2 (HttpServer2.java:addFilter(948)) - Added filter static_user_filter (class=org.apache.hadoop.http.lib.StaticUserWebFilter$StaticUserFilter) to context hddsDatanode
2019-07-13 16:43:19,801 INFO  http.HttpServer2 (HttpServer2.java:addFilter(958)) - Added filter static_user_filter (class=org.apache.hadoop.http.lib.StaticUserWebFilter$StaticUserFilter) to context static
2019-07-13 16:43:19,801 INFO  http.HttpServer2 (HttpServer2.java:addFilter(958)) - Added filter static_user_filter (class=org.apache.hadoop.http.lib.StaticUserWebFilter$StaticUserFilter) to context logs
2019-07-13 16:43:19,802 INFO  http.HttpServer2 (HttpServer2.java:bindListener(1191)) - Jetty bound to port 44096
2019-07-13 16:43:19,802 INFO  server.Server (Server.java:doStart(351)) - jetty-9.3.24.v20180605, build timestamp: 2018-06-05T17:11:56Z, git hash: 84205aa28f11a4f31f2a3b86d1bba2cc8ab69827
2019-07-13 16:43:19,804 INFO  handler.ContextHandler (ContextHandler.java:doStart(781)) - Started o.e.j.s.ServletContextHandler@245253d8{/logs,file:///tmp/workdir/hadoop-ozone/integration-test/target/log,AVAILABLE}
2019-07-13 16:43:19,805 INFO  handler.ContextHandler (ContextHandler.java:doStart(781)) - Started o.e.j.s.ServletContextHandler@459003a0{/static,jar:file:/home/user/.m2/repository/org/apache/hadoop/hadoop-hdds-container-service/0.5.0-SNAPSHOT/hadoop-hdds-container-service-0.5.0-SNAPSHOT.jar!/webapps/static,AVAILABLE}
2019-07-13 16:43:19,834 INFO  handler.ContextHandler (ContextHandler.java:doStart(781)) - Started o.e.j.w.WebAppContext@6af5b246{/,file:///tmp/jetty-0.0.0.0-44096-hddsDatanode-_-any-6626308890233606645.dir/webapp/,AVAILABLE}{/hddsDatanode}
2019-07-13 16:43:19,834 INFO  server.AbstractConnector (AbstractConnector.java:doStart(278)) - Started ServerConnector@31723307{HTTP/1.1,[http/1.1]}{0.0.0.0:44096}
2019-07-13 16:43:19,835 INFO  server.Server (Server.java:doStart(419)) - Started @6200ms
2019-07-13 16:43:19,838 INFO  server.BaseHttpServer (BaseHttpServer.java:updateConnectorAddress(207)) - HTTP server of HDDSDATANODE is listening at http://0.0.0.0:44096
2019-07-13 16:43:19,885 INFO  datanode.InitDatanodeState (InitDatanodeState.java:persistContainerDatanodeDetails(140)) - DatanodeDetails is persisted to /tmp/workdir/hadoop-ozone/integration-test/target/test-dir/MiniOzoneClusterImpl-45e70ad9-0cd6-4ce0-b3ff-21b0ae675b0f/datanode-0/meta/datanode.id
2019-07-13 16:43:19,988 INFO  ozone.HddsDatanodeService (HddsDatanodeService.java:startPlugins(396)) - Started plug-in org.apache.hadoop.ozone.web.OzoneHddsDatanodeService@79627d27
2019-07-13 16:43:19,989 INFO  impl.MetricsSystemImpl (MetricsSystemImpl.java:init(158)) - HddsDatanode metrics system started (again)
2019-07-13 16:43:19,990 INFO  ozone.HddsDatanodeService (HddsDatanodeService.java:start(185)) - HddsDatanodeService host:trunk-nightly-z92hn-1831959607 ip:192.168.5.187
2019-07-13 16:43:19,992 INFO  util.JvmPauseMonitor (JvmPauseMonitor.java:run(188)) - Starting JVM pause monitor
2019-07-13 16:43:20,001 INFO  volume.HddsVolume (HddsVolume.java:<init>(176)) - Creating Volume: /tmp/workdir/hadoop-ozone/integration-test/target/test-dir/MiniOzoneClusterImpl-45e70ad9-0cd6-4ce0-b3ff-21b0ae675b0f/datanode-2/data/containers/hdds of  storage type : DISK and capacity : 52710309888
2019-07-13 16:43:20,001 INFO  volume.VolumeSet (VolumeSet.java:initializeVolumeSet(170)) - Added Volume : /tmp/workdir/hadoop-ozone/integration-test/target/test-dir/MiniOzoneClusterImpl-45e70ad9-0cd6-4ce0-b3ff-21b0ae675b0f/datanode-2/data/containers/hdds to VolumeSet
2019-07-13 16:43:20,001 INFO  volume.ThrottledAsyncChecker (ThrottledAsyncChecker.java:schedule(140)) - Scheduling a check for org.apache.hadoop.ozone.container.common.volume.HddsVolume@2a8f6e6
2019-07-13 16:43:20,002 INFO  volume.HddsVolumeChecker (HddsVolumeChecker.java:checkAllVolumes(203)) - Scheduled health check for volume org.apache.hadoop.ozone.container.common.volume.HddsVolume@2a8f6e6
2019-07-13 16:43:20,003 INFO  datanode.InitDatanodeState (InitDatanodeState.java:persistContainerDatanodeDetails(140)) - DatanodeDetails is persisted to /tmp/workdir/hadoop-ozone/integration-test/target/test-dir/MiniOzoneClusterImpl-45e70ad9-0cd6-4ce0-b3ff-21b0ae675b0f/datanode-1/meta/datanode.id
2019-07-13 16:43:20,016 INFO  impl.RaftServerProxy (ConfUtils.java:logGet(43)) - raft.rpc.type = GRPC (default)
2019-07-13 16:43:20,017 INFO  grpc.GrpcFactory (GrpcFactory.java:checkPooledByteBufAllocatorUseCacheForAllThreads(45)) - PERFORMANCE WARNING: useCacheForAllThreads is true that may cause Netty to create a lot garbage objects and, as a result, trigger GC.
	It is recommended to disable useCacheForAllThreads by setting -Dorg.apache.ratis.thirdparty.io.netty.allocator.useCacheForAllThreads=false in command line.
2019-07-13 16:43:20,017 INFO  grpc.GrpcConfigKeys$Server (ConfUtils.java:logGet(43)) - raft.grpc.server.port = 0 (default)
2019-07-13 16:43:20,017 INFO  server.GrpcService (ConfUtils.java:logGet(43)) - raft.grpc.message.size.max = 33570816 (custom)
2019-07-13 16:43:20,017 INFO  server.RaftServerConfigKeys (ConfUtils.java:logGet(43)) - raft.server.log.appender.buffer.byte-limit = 33554432 (custom)
2019-07-13 16:43:20,018 INFO  server.GrpcService (ConfUtils.java:logGet(43)) - raft.grpc.flow.control.window = 1MB (=1048576) (default)
2019-07-13 16:43:20,018 INFO  server.RaftServerConfigKeys (ConfUtils.java:logGet(43)) - raft.server.rpc.request.timeout = 3000ms (default)
2019-07-13 16:43:20,018 INFO  server.RaftServerConfigKeys (ConfUtils.java:logGet(43)) - raft.server.storage.dir = [/tmp/workdir/hadoop-ozone/integration-test/target/test-dir/MiniOzoneClusterImpl-45e70ad9-0cd6-4ce0-b3ff-21b0ae675b0f/datanode-2/data/ratis] (custom)
2019-07-13 16:43:20,019 INFO  replication.SimpleContainerDownloader (SimpleContainerDownloader.java:<init>(72)) - Starting container downloader service to copy containers to replicate.
2019-07-13 16:43:20,021 INFO  hdfs.DFSUtil (DFSUtil.java:httpServerTemplateForNNAndJN(1641)) - Starting Web-server for hddsDatanode at: http://0.0.0.0:0
2019-07-13 16:43:20,023 INFO  server.AuthenticationFilter (AuthenticationFilter.java:constructSecretProvider(240)) - Unable to initialize FileSignerSecretProvider, falling back to use random secrets.
2019-07-13 16:43:20,023 WARN  http.HttpRequestLog (HttpRequestLog.java:getRequestLog(97)) - Jetty request log can only be enabled using Log4j
2019-07-13 16:43:20,026 INFO  http.HttpServer2 (HttpServer2.java:addGlobalFilter(975)) - Added global filter 'safety' (class=org.apache.hadoop.http.HttpServer2$QuotingInputFilter)
2019-07-13 16:43:20,026 INFO  http.HttpServer2 (HttpServer2.java:addFilter(948)) - Added filter static_user_filter (class=org.apache.hadoop.http.lib.StaticUserWebFilter$StaticUserFilter) to context hddsDatanode
2019-07-13 16:43:20,027 INFO  http.HttpServer2 (HttpServer2.java:addFilter(958)) - Added filter static_user_filter (class=org.apache.hadoop.http.lib.StaticUserWebFilter$StaticUserFilter) to context logs
2019-07-13 16:43:20,027 INFO  http.HttpServer2 (HttpServer2.java:addFilter(958)) - Added filter static_user_filter (class=org.apache.hadoop.http.lib.StaticUserWebFilter$StaticUserFilter) to context static
2019-07-13 16:43:20,028 INFO  http.HttpServer2 (HttpServer2.java:bindListener(1191)) - Jetty bound to port 44745
2019-07-13 16:43:20,028 INFO  server.Server (Server.java:doStart(351)) - jetty-9.3.24.v20180605, build timestamp: 2018-06-05T17:11:56Z, git hash: 84205aa28f11a4f31f2a3b86d1bba2cc8ab69827
2019-07-13 16:43:20,032 INFO  handler.ContextHandler (ContextHandler.java:doStart(781)) - Started o.e.j.s.ServletContextHandler@70ede57d{/logs,file:///tmp/workdir/hadoop-ozone/integration-test/target/log,AVAILABLE}
2019-07-13 16:43:20,033 INFO  handler.ContextHandler (ContextHandler.java:doStart(781)) - Started o.e.j.s.ServletContextHandler@61f377d1{/static,jar:file:/home/user/.m2/repository/org/apache/hadoop/hadoop-hdds-container-service/0.5.0-SNAPSHOT/hadoop-hdds-container-service-0.5.0-SNAPSHOT.jar!/webapps/static,AVAILABLE}
2019-07-13 16:43:20,071 INFO  handler.ContextHandler (ContextHandler.java:doStart(781)) - Started o.e.j.w.WebAppContext@30a7653e{/,file:///tmp/jetty-0.0.0.0-44745-hddsDatanode-_-any-7868960489744230109.dir/webapp/,AVAILABLE}{/hddsDatanode}
2019-07-13 16:43:20,072 INFO  server.AbstractConnector (AbstractConnector.java:doStart(278)) - Started ServerConnector@7cff3f1d{HTTP/1.1,[http/1.1]}{0.0.0.0:44745}
2019-07-13 16:43:20,073 INFO  server.Server (Server.java:doStart(419)) - Started @6438ms
2019-07-13 16:43:20,075 INFO  server.BaseHttpServer (BaseHttpServer.java:updateConnectorAddress(207)) - HTTP server of HDDSDATANODE is listening at http://0.0.0.0:44745
2019-07-13 16:43:20,210 INFO  ozone.HddsDatanodeService (HddsDatanodeService.java:startPlugins(396)) - Started plug-in org.apache.hadoop.ozone.web.OzoneHddsDatanodeService@12fcb2c3
2019-07-13 16:43:20,210 INFO  impl.MetricsSystemImpl (MetricsSystemImpl.java:init(158)) - HddsDatanode metrics system started (again)
2019-07-13 16:43:20,212 INFO  ozone.HddsDatanodeService (HddsDatanodeService.java:start(185)) - HddsDatanodeService host:trunk-nightly-z92hn-1831959607 ip:192.168.5.187
2019-07-13 16:43:20,214 INFO  util.JvmPauseMonitor (JvmPauseMonitor.java:run(188)) - Starting JVM pause monitor
2019-07-13 16:43:20,217 INFO  datanode.InitDatanodeState (InitDatanodeState.java:persistContainerDatanodeDetails(140)) - DatanodeDetails is persisted to /tmp/workdir/hadoop-ozone/integration-test/target/test-dir/MiniOzoneClusterImpl-45e70ad9-0cd6-4ce0-b3ff-21b0ae675b0f/datanode-2/meta/datanode.id
2019-07-13 16:43:20,222 INFO  volume.HddsVolume (HddsVolume.java:<init>(176)) - Creating Volume: /tmp/workdir/hadoop-ozone/integration-test/target/test-dir/MiniOzoneClusterImpl-45e70ad9-0cd6-4ce0-b3ff-21b0ae675b0f/datanode-3/data/containers/hdds of  storage type : DISK and capacity : 52710309888
2019-07-13 16:43:20,222 INFO  volume.VolumeSet (VolumeSet.java:initializeVolumeSet(170)) - Added Volume : /tmp/workdir/hadoop-ozone/integration-test/target/test-dir/MiniOzoneClusterImpl-45e70ad9-0cd6-4ce0-b3ff-21b0ae675b0f/datanode-3/data/containers/hdds to VolumeSet
2019-07-13 16:43:20,222 INFO  volume.ThrottledAsyncChecker (ThrottledAsyncChecker.java:schedule(140)) - Scheduling a check for org.apache.hadoop.ozone.container.common.volume.HddsVolume@28a6e171
2019-07-13 16:43:20,223 INFO  volume.HddsVolumeChecker (HddsVolumeChecker.java:checkAllVolumes(203)) - Scheduled health check for volume org.apache.hadoop.ozone.container.common.volume.HddsVolume@28a6e171
2019-07-13 16:43:20,237 INFO  impl.RaftServerProxy (ConfUtils.java:logGet(43)) - raft.rpc.type = GRPC (default)
2019-07-13 16:43:20,238 INFO  grpc.GrpcFactory (GrpcFactory.java:checkPooledByteBufAllocatorUseCacheForAllThreads(45)) - PERFORMANCE WARNING: useCacheForAllThreads is true that may cause Netty to create a lot garbage objects and, as a result, trigger GC.
	It is recommended to disable useCacheForAllThreads by setting -Dorg.apache.ratis.thirdparty.io.netty.allocator.useCacheForAllThreads=false in command line.
2019-07-13 16:43:20,238 INFO  grpc.GrpcConfigKeys$Server (ConfUtils.java:logGet(43)) - raft.grpc.server.port = 0 (default)
2019-07-13 16:43:20,238 INFO  server.GrpcService (ConfUtils.java:logGet(43)) - raft.grpc.message.size.max = 33570816 (custom)
2019-07-13 16:43:20,238 INFO  server.RaftServerConfigKeys (ConfUtils.java:logGet(43)) - raft.server.log.appender.buffer.byte-limit = 33554432 (custom)
2019-07-13 16:43:20,238 INFO  server.GrpcService (ConfUtils.java:logGet(43)) - raft.grpc.flow.control.window = 1MB (=1048576) (default)
2019-07-13 16:43:20,239 INFO  server.RaftServerConfigKeys (ConfUtils.java:logGet(43)) - raft.server.rpc.request.timeout = 3000ms (default)
2019-07-13 16:43:20,239 INFO  server.RaftServerConfigKeys (ConfUtils.java:logGet(43)) - raft.server.storage.dir = [/tmp/workdir/hadoop-ozone/integration-test/target/test-dir/MiniOzoneClusterImpl-45e70ad9-0cd6-4ce0-b3ff-21b0ae675b0f/datanode-3/data/ratis] (custom)
2019-07-13 16:43:20,240 INFO  replication.SimpleContainerDownloader (SimpleContainerDownloader.java:<init>(72)) - Starting container downloader service to copy containers to replicate.
2019-07-13 16:43:20,241 INFO  hdfs.DFSUtil (DFSUtil.java:httpServerTemplateForNNAndJN(1641)) - Starting Web-server for hddsDatanode at: http://0.0.0.0:0
2019-07-13 16:43:20,242 INFO  server.AuthenticationFilter (AuthenticationFilter.java:constructSecretProvider(240)) - Unable to initialize FileSignerSecretProvider, falling back to use random secrets.
2019-07-13 16:43:20,242 WARN  http.HttpRequestLog (HttpRequestLog.java:getRequestLog(97)) - Jetty request log can only be enabled using Log4j
2019-07-13 16:43:20,243 INFO  http.HttpServer2 (HttpServer2.java:addGlobalFilter(975)) - Added global filter 'safety' (class=org.apache.hadoop.http.HttpServer2$QuotingInputFilter)
2019-07-13 16:43:20,244 INFO  http.HttpServer2 (HttpServer2.java:addFilter(948)) - Added filter static_user_filter (class=org.apache.hadoop.http.lib.StaticUserWebFilter$StaticUserFilter) to context hddsDatanode
2019-07-13 16:43:20,244 INFO  http.HttpServer2 (HttpServer2.java:addFilter(958)) - Added filter static_user_filter (class=org.apache.hadoop.http.lib.StaticUserWebFilter$StaticUserFilter) to context logs
2019-07-13 16:43:20,244 INFO  http.HttpServer2 (HttpServer2.java:addFilter(958)) - Added filter static_user_filter (class=org.apache.hadoop.http.lib.StaticUserWebFilter$StaticUserFilter) to context static
2019-07-13 16:43:20,245 INFO  http.HttpServer2 (HttpServer2.java:bindListener(1191)) - Jetty bound to port 42220
2019-07-13 16:43:20,245 INFO  server.Server (Server.java:doStart(351)) - jetty-9.3.24.v20180605, build timestamp: 2018-06-05T17:11:56Z, git hash: 84205aa28f11a4f31f2a3b86d1bba2cc8ab69827
2019-07-13 16:43:20,247 INFO  handler.ContextHandler (ContextHandler.java:doStart(781)) - Started o.e.j.s.ServletContextHandler@14b528b6{/logs,file:///tmp/workdir/hadoop-ozone/integration-test/target/log,AVAILABLE}
2019-07-13 16:43:20,248 INFO  handler.ContextHandler (ContextHandler.java:doStart(781)) - Started o.e.j.s.ServletContextHandler@6f930e0{/static,jar:file:/home/user/.m2/repository/org/apache/hadoop/hadoop-hdds-container-service/0.5.0-SNAPSHOT/hadoop-hdds-container-service-0.5.0-SNAPSHOT.jar!/webapps/static,AVAILABLE}
2019-07-13 16:43:20,275 INFO  handler.ContextHandler (ContextHandler.java:doStart(781)) - Started o.e.j.w.WebAppContext@3830b06c{/,file:///tmp/jetty-0.0.0.0-42220-hddsDatanode-_-any-7078166405703514089.dir/webapp/,AVAILABLE}{/hddsDatanode}
2019-07-13 16:43:20,275 INFO  server.AbstractConnector (AbstractConnector.java:doStart(278)) - Started ServerConnector@3e28d779{HTTP/1.1,[http/1.1]}{0.0.0.0:42220}
2019-07-13 16:43:20,276 INFO  server.Server (Server.java:doStart(419)) - Started @6641ms
2019-07-13 16:43:20,278 INFO  server.BaseHttpServer (BaseHttpServer.java:updateConnectorAddress(207)) - HTTP server of HDDSDATANODE is listening at http://0.0.0.0:42220
2019-07-13 16:43:20,404 INFO  ozone.HddsDatanodeService (HddsDatanodeService.java:startPlugins(396)) - Started plug-in org.apache.hadoop.ozone.web.OzoneHddsDatanodeService@42c0a16e
2019-07-13 16:43:20,405 INFO  impl.MetricsSystemImpl (MetricsSystemImpl.java:init(158)) - HddsDatanode metrics system started (again)
2019-07-13 16:43:20,405 INFO  ozone.HddsDatanodeService (HddsDatanodeService.java:start(185)) - HddsDatanodeService host:trunk-nightly-z92hn-1831959607 ip:192.168.5.187
2019-07-13 16:43:20,409 INFO  util.JvmPauseMonitor (JvmPauseMonitor.java:run(188)) - Starting JVM pause monitor
2019-07-13 16:43:20,411 INFO  datanode.InitDatanodeState (InitDatanodeState.java:persistContainerDatanodeDetails(140)) - DatanodeDetails is persisted to /tmp/workdir/hadoop-ozone/integration-test/target/test-dir/MiniOzoneClusterImpl-45e70ad9-0cd6-4ce0-b3ff-21b0ae675b0f/datanode-3/meta/datanode.id
2019-07-13 16:43:20,415 INFO  volume.HddsVolume (HddsVolume.java:<init>(176)) - Creating Volume: /tmp/workdir/hadoop-ozone/integration-test/target/test-dir/MiniOzoneClusterImpl-45e70ad9-0cd6-4ce0-b3ff-21b0ae675b0f/datanode-4/data/containers/hdds of  storage type : DISK and capacity : 52710309888
2019-07-13 16:43:20,416 INFO  volume.VolumeSet (VolumeSet.java:initializeVolumeSet(170)) - Added Volume : /tmp/workdir/hadoop-ozone/integration-test/target/test-dir/MiniOzoneClusterImpl-45e70ad9-0cd6-4ce0-b3ff-21b0ae675b0f/datanode-4/data/containers/hdds to VolumeSet
2019-07-13 16:43:20,416 INFO  volume.ThrottledAsyncChecker (ThrottledAsyncChecker.java:schedule(140)) - Scheduling a check for org.apache.hadoop.ozone.container.common.volume.HddsVolume@76396509
2019-07-13 16:43:20,416 INFO  volume.HddsVolumeChecker (HddsVolumeChecker.java:checkAllVolumes(203)) - Scheduled health check for volume org.apache.hadoop.ozone.container.common.volume.HddsVolume@76396509
2019-07-13 16:43:20,431 INFO  impl.RaftServerProxy (ConfUtils.java:logGet(43)) - raft.rpc.type = GRPC (default)
2019-07-13 16:43:20,431 INFO  grpc.GrpcFactory (GrpcFactory.java:checkPooledByteBufAllocatorUseCacheForAllThreads(45)) - PERFORMANCE WARNING: useCacheForAllThreads is true that may cause Netty to create a lot garbage objects and, as a result, trigger GC.
	It is recommended to disable useCacheForAllThreads by setting -Dorg.apache.ratis.thirdparty.io.netty.allocator.useCacheForAllThreads=false in command line.
2019-07-13 16:43:20,431 INFO  grpc.GrpcConfigKeys$Server (ConfUtils.java:logGet(43)) - raft.grpc.server.port = 0 (default)
2019-07-13 16:43:20,431 INFO  server.GrpcService (ConfUtils.java:logGet(43)) - raft.grpc.message.size.max = 33570816 (custom)
2019-07-13 16:43:20,431 INFO  server.RaftServerConfigKeys (ConfUtils.java:logGet(43)) - raft.server.log.appender.buffer.byte-limit = 33554432 (custom)
2019-07-13 16:43:20,432 INFO  server.GrpcService (ConfUtils.java:logGet(43)) - raft.grpc.flow.control.window = 1MB (=1048576) (default)
2019-07-13 16:43:20,432 INFO  server.RaftServerConfigKeys (ConfUtils.java:logGet(43)) - raft.server.rpc.request.timeout = 3000ms (default)
2019-07-13 16:43:20,432 INFO  server.RaftServerConfigKeys (ConfUtils.java:logGet(43)) - raft.server.storage.dir = [/tmp/workdir/hadoop-ozone/integration-test/target/test-dir/MiniOzoneClusterImpl-45e70ad9-0cd6-4ce0-b3ff-21b0ae675b0f/datanode-4/data/ratis] (custom)
2019-07-13 16:43:20,433 INFO  replication.SimpleContainerDownloader (SimpleContainerDownloader.java:<init>(72)) - Starting container downloader service to copy containers to replicate.
2019-07-13 16:43:20,434 INFO  hdfs.DFSUtil (DFSUtil.java:httpServerTemplateForNNAndJN(1641)) - Starting Web-server for hddsDatanode at: http://0.0.0.0:0
2019-07-13 16:43:20,435 INFO  server.AuthenticationFilter (AuthenticationFilter.java:constructSecretProvider(240)) - Unable to initialize FileSignerSecretProvider, falling back to use random secrets.
2019-07-13 16:43:20,435 WARN  http.HttpRequestLog (HttpRequestLog.java:getRequestLog(97)) - Jetty request log can only be enabled using Log4j
2019-07-13 16:43:20,437 INFO  http.HttpServer2 (HttpServer2.java:addGlobalFilter(975)) - Added global filter 'safety' (class=org.apache.hadoop.http.HttpServer2$QuotingInputFilter)
2019-07-13 16:43:20,437 INFO  http.HttpServer2 (HttpServer2.java:addFilter(948)) - Added filter static_user_filter (class=org.apache.hadoop.http.lib.StaticUserWebFilter$StaticUserFilter) to context hddsDatanode
2019-07-13 16:43:20,437 INFO  http.HttpServer2 (HttpServer2.java:addFilter(958)) - Added filter static_user_filter (class=org.apache.hadoop.http.lib.StaticUserWebFilter$StaticUserFilter) to context logs
2019-07-13 16:43:20,438 INFO  http.HttpServer2 (HttpServer2.java:addFilter(958)) - Added filter static_user_filter (class=org.apache.hadoop.http.lib.StaticUserWebFilter$StaticUserFilter) to context static
2019-07-13 16:43:20,438 INFO  http.HttpServer2 (HttpServer2.java:bindListener(1191)) - Jetty bound to port 33524
2019-07-13 16:43:20,438 INFO  server.Server (Server.java:doStart(351)) - jetty-9.3.24.v20180605, build timestamp: 2018-06-05T17:11:56Z, git hash: 84205aa28f11a4f31f2a3b86d1bba2cc8ab69827
2019-07-13 16:43:20,443 INFO  handler.ContextHandler (ContextHandler.java:doStart(781)) - Started o.e.j.s.ServletContextHandler@2e6d76ba{/logs,file:///tmp/workdir/hadoop-ozone/integration-test/target/log,AVAILABLE}
2019-07-13 16:43:20,444 INFO  handler.ContextHandler (ContextHandler.java:doStart(781)) - Started o.e.j.s.ServletContextHandler@5a9840f3{/static,jar:file:/home/user/.m2/repository/org/apache/hadoop/hadoop-hdds-container-service/0.5.0-SNAPSHOT/hadoop-hdds-container-service-0.5.0-SNAPSHOT.jar!/webapps/static,AVAILABLE}
2019-07-13 16:43:20,471 INFO  handler.ContextHandler (ContextHandler.java:doStart(781)) - Started o.e.j.w.WebAppContext@350da119{/,file:///tmp/jetty-0.0.0.0-33524-hddsDatanode-_-any-6223066798103968500.dir/webapp/,AVAILABLE}{/hddsDatanode}
2019-07-13 16:43:20,471 INFO  server.AbstractConnector (AbstractConnector.java:doStart(278)) - Started ServerConnector@6a09484c{HTTP/1.1,[http/1.1]}{0.0.0.0:33524}
2019-07-13 16:43:20,472 INFO  server.Server (Server.java:doStart(419)) - Started @6837ms
2019-07-13 16:43:20,473 INFO  server.BaseHttpServer (BaseHttpServer.java:updateConnectorAddress(207)) - HTTP server of HDDSDATANODE is listening at http://0.0.0.0:33524
2019-07-13 16:43:20,590 INFO  ozone.HddsDatanodeService (HddsDatanodeService.java:startPlugins(396)) - Started plug-in org.apache.hadoop.ozone.web.OzoneHddsDatanodeService@33324c05
2019-07-13 16:43:20,590 INFO  impl.MetricsSystemImpl (MetricsSystemImpl.java:init(158)) - HddsDatanode metrics system started (again)
2019-07-13 16:43:20,592 INFO  ozone.HddsDatanodeService (HddsDatanodeService.java:start(185)) - HddsDatanodeService host:trunk-nightly-z92hn-1831959607 ip:192.168.5.187
2019-07-13 16:43:20,594 INFO  util.JvmPauseMonitor (JvmPauseMonitor.java:run(188)) - Starting JVM pause monitor
2019-07-13 16:43:20,597 INFO  datanode.InitDatanodeState (InitDatanodeState.java:persistContainerDatanodeDetails(140)) - DatanodeDetails is persisted to /tmp/workdir/hadoop-ozone/integration-test/target/test-dir/MiniOzoneClusterImpl-45e70ad9-0cd6-4ce0-b3ff-21b0ae675b0f/datanode-4/meta/datanode.id
2019-07-13 16:43:20,600 INFO  volume.HddsVolume (HddsVolume.java:<init>(176)) - Creating Volume: /tmp/workdir/hadoop-ozone/integration-test/target/test-dir/MiniOzoneClusterImpl-45e70ad9-0cd6-4ce0-b3ff-21b0ae675b0f/datanode-5/data/containers/hdds of  storage type : DISK and capacity : 52710309888
2019-07-13 16:43:20,601 INFO  volume.VolumeSet (VolumeSet.java:initializeVolumeSet(170)) - Added Volume : /tmp/workdir/hadoop-ozone/integration-test/target/test-dir/MiniOzoneClusterImpl-45e70ad9-0cd6-4ce0-b3ff-21b0ae675b0f/datanode-5/data/containers/hdds to VolumeSet
2019-07-13 16:43:20,601 INFO  volume.ThrottledAsyncChecker (ThrottledAsyncChecker.java:schedule(140)) - Scheduling a check for org.apache.hadoop.ozone.container.common.volume.HddsVolume@2aea717c
2019-07-13 16:43:20,602 INFO  volume.HddsVolumeChecker (HddsVolumeChecker.java:checkAllVolumes(203)) - Scheduled health check for volume org.apache.hadoop.ozone.container.common.volume.HddsVolume@2aea717c
2019-07-13 16:43:20,625 INFO  impl.RaftServerProxy (ConfUtils.java:logGet(43)) - raft.rpc.type = GRPC (default)
2019-07-13 16:43:20,625 INFO  grpc.GrpcFactory (GrpcFactory.java:checkPooledByteBufAllocatorUseCacheForAllThreads(45)) - PERFORMANCE WARNING: useCacheForAllThreads is true that may cause Netty to create a lot garbage objects and, as a result, trigger GC.
	It is recommended to disable useCacheForAllThreads by setting -Dorg.apache.ratis.thirdparty.io.netty.allocator.useCacheForAllThreads=false in command line.
2019-07-13 16:43:20,626 INFO  grpc.GrpcConfigKeys$Server (ConfUtils.java:logGet(43)) - raft.grpc.server.port = 0 (default)
2019-07-13 16:43:20,626 INFO  server.GrpcService (ConfUtils.java:logGet(43)) - raft.grpc.message.size.max = 33570816 (custom)
2019-07-13 16:43:20,626 INFO  server.RaftServerConfigKeys (ConfUtils.java:logGet(43)) - raft.server.log.appender.buffer.byte-limit = 33554432 (custom)
2019-07-13 16:43:20,627 INFO  server.GrpcService (ConfUtils.java:logGet(43)) - raft.grpc.flow.control.window = 1MB (=1048576) (default)
2019-07-13 16:43:20,627 INFO  server.RaftServerConfigKeys (ConfUtils.java:logGet(43)) - raft.server.rpc.request.timeout = 3000ms (default)
2019-07-13 16:43:20,628 INFO  server.RaftServerConfigKeys (ConfUtils.java:logGet(43)) - raft.server.storage.dir = [/tmp/workdir/hadoop-ozone/integration-test/target/test-dir/MiniOzoneClusterImpl-45e70ad9-0cd6-4ce0-b3ff-21b0ae675b0f/datanode-5/data/ratis] (custom)
2019-07-13 16:43:20,628 INFO  replication.SimpleContainerDownloader (SimpleContainerDownloader.java:<init>(72)) - Starting container downloader service to copy containers to replicate.
2019-07-13 16:43:20,630 INFO  hdfs.DFSUtil (DFSUtil.java:httpServerTemplateForNNAndJN(1641)) - Starting Web-server for hddsDatanode at: http://0.0.0.0:0
2019-07-13 16:43:20,631 INFO  server.AuthenticationFilter (AuthenticationFilter.java:constructSecretProvider(240)) - Unable to initialize FileSignerSecretProvider, falling back to use random secrets.
2019-07-13 16:43:20,632 WARN  http.HttpRequestLog (HttpRequestLog.java:getRequestLog(97)) - Jetty request log can only be enabled using Log4j
2019-07-13 16:43:20,634 INFO  http.HttpServer2 (HttpServer2.java:addGlobalFilter(975)) - Added global filter 'safety' (class=org.apache.hadoop.http.HttpServer2$QuotingInputFilter)
2019-07-13 16:43:20,635 INFO  http.HttpServer2 (HttpServer2.java:addFilter(948)) - Added filter static_user_filter (class=org.apache.hadoop.http.lib.StaticUserWebFilter$StaticUserFilter) to context hddsDatanode
2019-07-13 16:43:20,636 INFO  http.HttpServer2 (HttpServer2.java:addFilter(958)) - Added filter static_user_filter (class=org.apache.hadoop.http.lib.StaticUserWebFilter$StaticUserFilter) to context logs
2019-07-13 16:43:20,636 INFO  http.HttpServer2 (HttpServer2.java:addFilter(958)) - Added filter static_user_filter (class=org.apache.hadoop.http.lib.StaticUserWebFilter$StaticUserFilter) to context static
2019-07-13 16:43:20,637 INFO  http.HttpServer2 (HttpServer2.java:bindListener(1191)) - Jetty bound to port 33571
2019-07-13 16:43:20,637 INFO  server.Server (Server.java:doStart(351)) - jetty-9.3.24.v20180605, build timestamp: 2018-06-05T17:11:56Z, git hash: 84205aa28f11a4f31f2a3b86d1bba2cc8ab69827
2019-07-13 16:43:20,640 INFO  handler.ContextHandler (ContextHandler.java:doStart(781)) - Started o.e.j.s.ServletContextHandler@4a22e4d7{/logs,file:///tmp/workdir/hadoop-ozone/integration-test/target/log,AVAILABLE}
2019-07-13 16:43:20,641 INFO  handler.ContextHandler (ContextHandler.java:doStart(781)) - Started o.e.j.s.ServletContextHandler@16681017{/static,jar:file:/home/user/.m2/repository/org/apache/hadoop/hadoop-hdds-container-service/0.5.0-SNAPSHOT/hadoop-hdds-container-service-0.5.0-SNAPSHOT.jar!/webapps/static,AVAILABLE}
2019-07-13 16:43:20,690 INFO  handler.ContextHandler (ContextHandler.java:doStart(781)) - Started o.e.j.w.WebAppContext@629075f4{/,file:///tmp/jetty-0.0.0.0-33571-hddsDatanode-_-any-7781710427294607728.dir/webapp/,AVAILABLE}{/hddsDatanode}
2019-07-13 16:43:20,690 INFO  server.AbstractConnector (AbstractConnector.java:doStart(278)) - Started ServerConnector@48499739{HTTP/1.1,[http/1.1]}{0.0.0.0:33571}
2019-07-13 16:43:20,691 INFO  server.Server (Server.java:doStart(419)) - Started @7057ms
2019-07-13 16:43:20,693 INFO  server.BaseHttpServer (BaseHttpServer.java:updateConnectorAddress(207)) - HTTP server of HDDSDATANODE is listening at http://0.0.0.0:33571
2019-07-13 16:43:20,859 INFO  ozone.HddsDatanodeService (HddsDatanodeService.java:startPlugins(396)) - Started plug-in org.apache.hadoop.ozone.web.OzoneHddsDatanodeService@5c1b89ac
2019-07-13 16:43:20,860 INFO  impl.MetricsSystemImpl (MetricsSystemImpl.java:init(158)) - HddsDatanode metrics system started (again)
2019-07-13 16:43:20,861 INFO  ozone.HddsDatanodeService (HddsDatanodeService.java:start(185)) - HddsDatanodeService host:trunk-nightly-z92hn-1831959607 ip:192.168.5.187
2019-07-13 16:43:20,865 INFO  util.JvmPauseMonitor (JvmPauseMonitor.java:run(188)) - Starting JVM pause monitor
2019-07-13 16:43:20,867 INFO  datanode.InitDatanodeState (InitDatanodeState.java:persistContainerDatanodeDetails(140)) - DatanodeDetails is persisted to /tmp/workdir/hadoop-ozone/integration-test/target/test-dir/MiniOzoneClusterImpl-45e70ad9-0cd6-4ce0-b3ff-21b0ae675b0f/datanode-5/meta/datanode.id
2019-07-13 16:43:20,871 INFO  volume.HddsVolume (HddsVolume.java:<init>(176)) - Creating Volume: /tmp/workdir/hadoop-ozone/integration-test/target/test-dir/MiniOzoneClusterImpl-45e70ad9-0cd6-4ce0-b3ff-21b0ae675b0f/datanode-6/data/containers/hdds of  storage type : DISK and capacity : 52710309888
2019-07-13 16:43:20,871 INFO  volume.VolumeSet (VolumeSet.java:initializeVolumeSet(170)) - Added Volume : /tmp/workdir/hadoop-ozone/integration-test/target/test-dir/MiniOzoneClusterImpl-45e70ad9-0cd6-4ce0-b3ff-21b0ae675b0f/datanode-6/data/containers/hdds to VolumeSet
2019-07-13 16:43:20,872 INFO  volume.ThrottledAsyncChecker (ThrottledAsyncChecker.java:schedule(140)) - Scheduling a check for org.apache.hadoop.ozone.container.common.volume.HddsVolume@5d14e99e
2019-07-13 16:43:20,872 INFO  volume.HddsVolumeChecker (HddsVolumeChecker.java:checkAllVolumes(203)) - Scheduled health check for volume org.apache.hadoop.ozone.container.common.volume.HddsVolume@5d14e99e
2019-07-13 16:43:20,898 INFO  impl.RaftServerProxy (ConfUtils.java:logGet(43)) - raft.rpc.type = GRPC (default)
2019-07-13 16:43:20,898 INFO  grpc.GrpcFactory (GrpcFactory.java:checkPooledByteBufAllocatorUseCacheForAllThreads(45)) - PERFORMANCE WARNING: useCacheForAllThreads is true that may cause Netty to create a lot garbage objects and, as a result, trigger GC.
	It is recommended to disable useCacheForAllThreads by setting -Dorg.apache.ratis.thirdparty.io.netty.allocator.useCacheForAllThreads=false in command line.
2019-07-13 16:43:20,898 INFO  grpc.GrpcConfigKeys$Server (ConfUtils.java:logGet(43)) - raft.grpc.server.port = 0 (default)
2019-07-13 16:43:20,899 INFO  server.GrpcService (ConfUtils.java:logGet(43)) - raft.grpc.message.size.max = 33570816 (custom)
2019-07-13 16:43:20,899 INFO  server.RaftServerConfigKeys (ConfUtils.java:logGet(43)) - raft.server.log.appender.buffer.byte-limit = 33554432 (custom)
2019-07-13 16:43:20,899 INFO  server.GrpcService (ConfUtils.java:logGet(43)) - raft.grpc.flow.control.window = 1MB (=1048576) (default)
2019-07-13 16:43:20,899 INFO  server.RaftServerConfigKeys (ConfUtils.java:logGet(43)) - raft.server.rpc.request.timeout = 3000ms (default)
2019-07-13 16:43:20,900 INFO  server.RaftServerConfigKeys (ConfUtils.java:logGet(43)) - raft.server.storage.dir = [/tmp/workdir/hadoop-ozone/integration-test/target/test-dir/MiniOzoneClusterImpl-45e70ad9-0cd6-4ce0-b3ff-21b0ae675b0f/datanode-6/data/ratis] (custom)
2019-07-13 16:43:20,901 INFO  replication.SimpleContainerDownloader (SimpleContainerDownloader.java:<init>(72)) - Starting container downloader service to copy containers to replicate.
2019-07-13 16:43:20,902 INFO  hdfs.DFSUtil (DFSUtil.java:httpServerTemplateForNNAndJN(1641)) - Starting Web-server for hddsDatanode at: http://0.0.0.0:0
2019-07-13 16:43:20,904 INFO  server.AuthenticationFilter (AuthenticationFilter.java:constructSecretProvider(240)) - Unable to initialize FileSignerSecretProvider, falling back to use random secrets.
2019-07-13 16:43:20,905 WARN  http.HttpRequestLog (HttpRequestLog.java:getRequestLog(97)) - Jetty request log can only be enabled using Log4j
2019-07-13 16:43:20,907 INFO  http.HttpServer2 (HttpServer2.java:addGlobalFilter(975)) - Added global filter 'safety' (class=org.apache.hadoop.http.HttpServer2$QuotingInputFilter)
2019-07-13 16:43:20,908 INFO  http.HttpServer2 (HttpServer2.java:addFilter(948)) - Added filter static_user_filter (class=org.apache.hadoop.http.lib.StaticUserWebFilter$StaticUserFilter) to context hddsDatanode
2019-07-13 16:43:20,908 INFO  http.HttpServer2 (HttpServer2.java:addFilter(958)) - Added filter static_user_filter (class=org.apache.hadoop.http.lib.StaticUserWebFilter$StaticUserFilter) to context static
2019-07-13 16:43:20,909 INFO  http.HttpServer2 (HttpServer2.java:addFilter(958)) - Added filter static_user_filter (class=org.apache.hadoop.http.lib.StaticUserWebFilter$StaticUserFilter) to context logs
2019-07-13 16:43:20,910 INFO  http.HttpServer2 (HttpServer2.java:bindListener(1191)) - Jetty bound to port 42476
2019-07-13 16:43:20,910 INFO  server.Server (Server.java:doStart(351)) - jetty-9.3.24.v20180605, build timestamp: 2018-06-05T17:11:56Z, git hash: 84205aa28f11a4f31f2a3b86d1bba2cc8ab69827
2019-07-13 16:43:20,913 INFO  handler.ContextHandler (ContextHandler.java:doStart(781)) - Started o.e.j.s.ServletContextHandler@1537c744{/logs,file:///tmp/workdir/hadoop-ozone/integration-test/target/log,AVAILABLE}
2019-07-13 16:43:20,914 INFO  handler.ContextHandler (ContextHandler.java:doStart(781)) - Started o.e.j.s.ServletContextHandler@50122012{/static,jar:file:/home/user/.m2/repository/org/apache/hadoop/hadoop-hdds-container-service/0.5.0-SNAPSHOT/hadoop-hdds-container-service-0.5.0-SNAPSHOT.jar!/webapps/static,AVAILABLE}
2019-07-13 16:43:20,958 INFO  handler.ContextHandler (ContextHandler.java:doStart(781)) - Started o.e.j.w.WebAppContext@133aacbe{/,file:///tmp/jetty-0.0.0.0-42476-hddsDatanode-_-any-6043291612217979460.dir/webapp/,AVAILABLE}{/hddsDatanode}
2019-07-13 16:43:20,959 INFO  server.AbstractConnector (AbstractConnector.java:doStart(278)) - Started ServerConnector@2aa5bd48{HTTP/1.1,[http/1.1]}{0.0.0.0:42476}
2019-07-13 16:43:20,960 INFO  server.Server (Server.java:doStart(419)) - Started @7325ms
2019-07-13 16:43:20,961 INFO  server.BaseHttpServer (BaseHttpServer.java:updateConnectorAddress(207)) - HTTP server of HDDSDATANODE is listening at http://0.0.0.0:42476
2019-07-13 16:43:21,193 INFO  ozone.HddsDatanodeService (HddsDatanodeService.java:startPlugins(396)) - Started plug-in org.apache.hadoop.ozone.web.OzoneHddsDatanodeService@733534f9
2019-07-13 16:43:21,193 INFO  impl.MetricsSystemImpl (MetricsSystemImpl.java:init(158)) - HddsDatanode metrics system started (again)
2019-07-13 16:43:21,195 INFO  ozone.HddsDatanodeService (HddsDatanodeService.java:start(185)) - HddsDatanodeService host:trunk-nightly-z92hn-1831959607 ip:192.168.5.187
2019-07-13 16:43:21,196 INFO  util.JvmPauseMonitor (JvmPauseMonitor.java:run(188)) - Starting JVM pause monitor
2019-07-13 16:43:21,198 INFO  datanode.InitDatanodeState (InitDatanodeState.java:persistContainerDatanodeDetails(140)) - DatanodeDetails is persisted to /tmp/workdir/hadoop-ozone/integration-test/target/test-dir/MiniOzoneClusterImpl-45e70ad9-0cd6-4ce0-b3ff-21b0ae675b0f/datanode-6/meta/datanode.id
2019-07-13 16:43:21,206 INFO  volume.HddsVolume (HddsVolume.java:<init>(176)) - Creating Volume: /tmp/workdir/hadoop-ozone/integration-test/target/test-dir/MiniOzoneClusterImpl-45e70ad9-0cd6-4ce0-b3ff-21b0ae675b0f/datanode-7/data/containers/hdds of  storage type : DISK and capacity : 52710309888
2019-07-13 16:43:21,206 INFO  volume.VolumeSet (VolumeSet.java:initializeVolumeSet(170)) - Added Volume : /tmp/workdir/hadoop-ozone/integration-test/target/test-dir/MiniOzoneClusterImpl-45e70ad9-0cd6-4ce0-b3ff-21b0ae675b0f/datanode-7/data/containers/hdds to VolumeSet
2019-07-13 16:43:21,206 INFO  volume.ThrottledAsyncChecker (ThrottledAsyncChecker.java:schedule(140)) - Scheduling a check for org.apache.hadoop.ozone.container.common.volume.HddsVolume@2bfc2f8b
2019-07-13 16:43:21,207 INFO  volume.HddsVolumeChecker (HddsVolumeChecker.java:checkAllVolumes(203)) - Scheduled health check for volume org.apache.hadoop.ozone.container.common.volume.HddsVolume@2bfc2f8b
2019-07-13 16:43:21,221 INFO  impl.RaftServerProxy (ConfUtils.java:logGet(43)) - raft.rpc.type = GRPC (default)
2019-07-13 16:43:21,221 INFO  grpc.GrpcFactory (GrpcFactory.java:checkPooledByteBufAllocatorUseCacheForAllThreads(45)) - PERFORMANCE WARNING: useCacheForAllThreads is true that may cause Netty to create a lot garbage objects and, as a result, trigger GC.
	It is recommended to disable useCacheForAllThreads by setting -Dorg.apache.ratis.thirdparty.io.netty.allocator.useCacheForAllThreads=false in command line.
2019-07-13 16:43:21,221 INFO  grpc.GrpcConfigKeys$Server (ConfUtils.java:logGet(43)) - raft.grpc.server.port = 0 (default)
2019-07-13 16:43:21,221 INFO  server.GrpcService (ConfUtils.java:logGet(43)) - raft.grpc.message.size.max = 33570816 (custom)
2019-07-13 16:43:21,221 INFO  server.RaftServerConfigKeys (ConfUtils.java:logGet(43)) - raft.server.log.appender.buffer.byte-limit = 33554432 (custom)
2019-07-13 16:43:21,222 INFO  server.GrpcService (ConfUtils.java:logGet(43)) - raft.grpc.flow.control.window = 1MB (=1048576) (default)
2019-07-13 16:43:21,222 INFO  server.RaftServerConfigKeys (ConfUtils.java:logGet(43)) - raft.server.rpc.request.timeout = 3000ms (default)
2019-07-13 16:43:21,222 INFO  server.RaftServerConfigKeys (ConfUtils.java:logGet(43)) - raft.server.storage.dir = [/tmp/workdir/hadoop-ozone/integration-test/target/test-dir/MiniOzoneClusterImpl-45e70ad9-0cd6-4ce0-b3ff-21b0ae675b0f/datanode-7/data/ratis] (custom)
2019-07-13 16:43:21,223 INFO  replication.SimpleContainerDownloader (SimpleContainerDownloader.java:<init>(72)) - Starting container downloader service to copy containers to replicate.
2019-07-13 16:43:21,224 INFO  hdfs.DFSUtil (DFSUtil.java:httpServerTemplateForNNAndJN(1641)) - Starting Web-server for hddsDatanode at: http://0.0.0.0:0
2019-07-13 16:43:21,225 INFO  server.AuthenticationFilter (AuthenticationFilter.java:constructSecretProvider(240)) - Unable to initialize FileSignerSecretProvider, falling back to use random secrets.
2019-07-13 16:43:21,226 WARN  http.HttpRequestLog (HttpRequestLog.java:getRequestLog(97)) - Jetty request log can only be enabled using Log4j
2019-07-13 16:43:21,227 INFO  http.HttpServer2 (HttpServer2.java:addGlobalFilter(975)) - Added global filter 'safety' (class=org.apache.hadoop.http.HttpServer2$QuotingInputFilter)
2019-07-13 16:43:21,227 INFO  http.HttpServer2 (HttpServer2.java:addFilter(948)) - Added filter static_user_filter (class=org.apache.hadoop.http.lib.StaticUserWebFilter$StaticUserFilter) to context hddsDatanode
2019-07-13 16:43:21,228 INFO  http.HttpServer2 (HttpServer2.java:addFilter(958)) - Added filter static_user_filter (class=org.apache.hadoop.http.lib.StaticUserWebFilter$StaticUserFilter) to context logs
2019-07-13 16:43:21,228 INFO  http.HttpServer2 (HttpServer2.java:addFilter(958)) - Added filter static_user_filter (class=org.apache.hadoop.http.lib.StaticUserWebFilter$StaticUserFilter) to context static
2019-07-13 16:43:21,228 INFO  http.HttpServer2 (HttpServer2.java:bindListener(1191)) - Jetty bound to port 40466
2019-07-13 16:43:21,229 INFO  server.Server (Server.java:doStart(351)) - jetty-9.3.24.v20180605, build timestamp: 2018-06-05T17:11:56Z, git hash: 84205aa28f11a4f31f2a3b86d1bba2cc8ab69827
2019-07-13 16:43:21,230 INFO  handler.ContextHandler (ContextHandler.java:doStart(781)) - Started o.e.j.s.ServletContextHandler@f18b738{/logs,file:///tmp/workdir/hadoop-ozone/integration-test/target/log,AVAILABLE}
2019-07-13 16:43:21,231 INFO  handler.ContextHandler (ContextHandler.java:doStart(781)) - Started o.e.j.s.ServletContextHandler@aca3c85{/static,jar:file:/home/user/.m2/repository/org/apache/hadoop/hadoop-hdds-container-service/0.5.0-SNAPSHOT/hadoop-hdds-container-service-0.5.0-SNAPSHOT.jar!/webapps/static,AVAILABLE}
2019-07-13 16:43:21,258 INFO  handler.ContextHandler (ContextHandler.java:doStart(781)) - Started o.e.j.w.WebAppContext@edb83f8{/,file:///tmp/jetty-0.0.0.0-40466-hddsDatanode-_-any-2574634287476954346.dir/webapp/,AVAILABLE}{/hddsDatanode}
2019-07-13 16:43:21,259 INFO  server.AbstractConnector (AbstractConnector.java:doStart(278)) - Started ServerConnector@8b41ad{HTTP/1.1,[http/1.1]}{0.0.0.0:40466}
2019-07-13 16:43:21,260 INFO  server.Server (Server.java:doStart(419)) - Started @7625ms
2019-07-13 16:43:21,260 INFO  server.BaseHttpServer (BaseHttpServer.java:updateConnectorAddress(207)) - HTTP server of HDDSDATANODE is listening at http://0.0.0.0:40466
2019-07-13 16:43:21,372 INFO  ozone.HddsDatanodeService (HddsDatanodeService.java:startPlugins(396)) - Started plug-in org.apache.hadoop.ozone.web.OzoneHddsDatanodeService@dd737ea
2019-07-13 16:43:21,373 INFO  impl.MetricsSystemImpl (MetricsSystemImpl.java:init(158)) - HddsDatanode metrics system started (again)
2019-07-13 16:43:21,374 INFO  ozone.HddsDatanodeService (HddsDatanodeService.java:start(185)) - HddsDatanodeService host:trunk-nightly-z92hn-1831959607 ip:192.168.5.187
2019-07-13 16:43:21,375 INFO  util.JvmPauseMonitor (JvmPauseMonitor.java:run(188)) - Starting JVM pause monitor
2019-07-13 16:43:21,377 INFO  datanode.InitDatanodeState (InitDatanodeState.java:persistContainerDatanodeDetails(140)) - DatanodeDetails is persisted to /tmp/workdir/hadoop-ozone/integration-test/target/test-dir/MiniOzoneClusterImpl-45e70ad9-0cd6-4ce0-b3ff-21b0ae675b0f/datanode-7/meta/datanode.id
2019-07-13 16:43:21,383 INFO  volume.HddsVolume (HddsVolume.java:<init>(176)) - Creating Volume: /tmp/workdir/hadoop-ozone/integration-test/target/test-dir/MiniOzoneClusterImpl-45e70ad9-0cd6-4ce0-b3ff-21b0ae675b0f/datanode-8/data/containers/hdds of  storage type : DISK and capacity : 52710309888
2019-07-13 16:43:21,383 INFO  volume.VolumeSet (VolumeSet.java:initializeVolumeSet(170)) - Added Volume : /tmp/workdir/hadoop-ozone/integration-test/target/test-dir/MiniOzoneClusterImpl-45e70ad9-0cd6-4ce0-b3ff-21b0ae675b0f/datanode-8/data/containers/hdds to VolumeSet
2019-07-13 16:43:21,383 INFO  volume.ThrottledAsyncChecker (ThrottledAsyncChecker.java:schedule(140)) - Scheduling a check for org.apache.hadoop.ozone.container.common.volume.HddsVolume@464ede1f
2019-07-13 16:43:21,384 INFO  volume.HddsVolumeChecker (HddsVolumeChecker.java:checkAllVolumes(203)) - Scheduled health check for volume org.apache.hadoop.ozone.container.common.volume.HddsVolume@464ede1f
2019-07-13 16:43:21,404 INFO  impl.RaftServerProxy (ConfUtils.java:logGet(43)) - raft.rpc.type = GRPC (default)
2019-07-13 16:43:21,405 INFO  grpc.GrpcFactory (GrpcFactory.java:checkPooledByteBufAllocatorUseCacheForAllThreads(45)) - PERFORMANCE WARNING: useCacheForAllThreads is true that may cause Netty to create a lot garbage objects and, as a result, trigger GC.
	It is recommended to disable useCacheForAllThreads by setting -Dorg.apache.ratis.thirdparty.io.netty.allocator.useCacheForAllThreads=false in command line.
2019-07-13 16:43:21,405 INFO  grpc.GrpcConfigKeys$Server (ConfUtils.java:logGet(43)) - raft.grpc.server.port = 0 (default)
2019-07-13 16:43:21,405 INFO  server.GrpcService (ConfUtils.java:logGet(43)) - raft.grpc.message.size.max = 33570816 (custom)
2019-07-13 16:43:21,405 INFO  server.RaftServerConfigKeys (ConfUtils.java:logGet(43)) - raft.server.log.appender.buffer.byte-limit = 33554432 (custom)
2019-07-13 16:43:21,406 INFO  server.GrpcService (ConfUtils.java:logGet(43)) - raft.grpc.flow.control.window = 1MB (=1048576) (default)
2019-07-13 16:43:21,406 INFO  server.RaftServerConfigKeys (ConfUtils.java:logGet(43)) - raft.server.rpc.request.timeout = 3000ms (default)
2019-07-13 16:43:21,407 INFO  server.RaftServerConfigKeys (ConfUtils.java:logGet(43)) - raft.server.storage.dir = [/tmp/workdir/hadoop-ozone/integration-test/target/test-dir/MiniOzoneClusterImpl-45e70ad9-0cd6-4ce0-b3ff-21b0ae675b0f/datanode-8/data/ratis] (custom)
2019-07-13 16:43:21,407 INFO  replication.SimpleContainerDownloader (SimpleContainerDownloader.java:<init>(72)) - Starting container downloader service to copy containers to replicate.
2019-07-13 16:43:21,409 INFO  hdfs.DFSUtil (DFSUtil.java:httpServerTemplateForNNAndJN(1641)) - Starting Web-server for hddsDatanode at: http://0.0.0.0:0
2019-07-13 16:43:21,411 INFO  server.AuthenticationFilter (AuthenticationFilter.java:constructSecretProvider(240)) - Unable to initialize FileSignerSecretProvider, falling back to use random secrets.
2019-07-13 16:43:21,411 WARN  http.HttpRequestLog (HttpRequestLog.java:getRequestLog(97)) - Jetty request log can only be enabled using Log4j
2019-07-13 16:43:21,413 INFO  http.HttpServer2 (HttpServer2.java:addGlobalFilter(975)) - Added global filter 'safety' (class=org.apache.hadoop.http.HttpServer2$QuotingInputFilter)
2019-07-13 16:43:21,414 INFO  http.HttpServer2 (HttpServer2.java:addFilter(948)) - Added filter static_user_filter (class=org.apache.hadoop.http.lib.StaticUserWebFilter$StaticUserFilter) to context hddsDatanode
2019-07-13 16:43:21,415 INFO  http.HttpServer2 (HttpServer2.java:addFilter(958)) - Added filter static_user_filter (class=org.apache.hadoop.http.lib.StaticUserWebFilter$StaticUserFilter) to context logs
2019-07-13 16:43:21,415 INFO  http.HttpServer2 (HttpServer2.java:addFilter(958)) - Added filter static_user_filter (class=org.apache.hadoop.http.lib.StaticUserWebFilter$StaticUserFilter) to context static
2019-07-13 16:43:21,416 INFO  http.HttpServer2 (HttpServer2.java:bindListener(1191)) - Jetty bound to port 44349
2019-07-13 16:43:21,416 INFO  server.Server (Server.java:doStart(351)) - jetty-9.3.24.v20180605, build timestamp: 2018-06-05T17:11:56Z, git hash: 84205aa28f11a4f31f2a3b86d1bba2cc8ab69827
2019-07-13 16:43:21,418 INFO  handler.ContextHandler (ContextHandler.java:doStart(781)) - Started o.e.j.s.ServletContextHandler@2a1e57c6{/logs,file:///tmp/workdir/hadoop-ozone/integration-test/target/log,AVAILABLE}
2019-07-13 16:43:21,419 INFO  handler.ContextHandler (ContextHandler.java:doStart(781)) - Started o.e.j.s.ServletContextHandler@6c96403e{/static,jar:file:/home/user/.m2/repository/org/apache/hadoop/hadoop-hdds-container-service/0.5.0-SNAPSHOT/hadoop-hdds-container-service-0.5.0-SNAPSHOT.jar!/webapps/static,AVAILABLE}
2019-07-13 16:43:21,463 INFO  handler.ContextHandler (ContextHandler.java:doStart(781)) - Started o.e.j.w.WebAppContext@14ed7ddf{/,file:///tmp/jetty-0.0.0.0-44349-hddsDatanode-_-any-7519569226107331154.dir/webapp/,AVAILABLE}{/hddsDatanode}
2019-07-13 16:43:21,464 INFO  server.AbstractConnector (AbstractConnector.java:doStart(278)) - Started ServerConnector@892af0e{HTTP/1.1,[http/1.1]}{0.0.0.0:44349}
2019-07-13 16:43:21,465 INFO  server.Server (Server.java:doStart(419)) - Started @7830ms
2019-07-13 16:43:21,466 INFO  server.BaseHttpServer (BaseHttpServer.java:updateConnectorAddress(207)) - HTTP server of HDDSDATANODE is listening at http://0.0.0.0:44349
2019-07-13 16:43:21,577 INFO  ozone.HddsDatanodeService (HddsDatanodeService.java:startPlugins(396)) - Started plug-in org.apache.hadoop.ozone.web.OzoneHddsDatanodeService@3335afcf
2019-07-13 16:43:21,578 INFO  impl.MetricsSystemImpl (MetricsSystemImpl.java:init(158)) - HddsDatanode metrics system started (again)
2019-07-13 16:43:21,580 INFO  ozone.HddsDatanodeService (HddsDatanodeService.java:start(185)) - HddsDatanodeService host:trunk-nightly-z92hn-1831959607 ip:192.168.5.187
2019-07-13 16:43:21,581 INFO  util.JvmPauseMonitor (JvmPauseMonitor.java:run(188)) - Starting JVM pause monitor
2019-07-13 16:43:21,584 INFO  datanode.InitDatanodeState (InitDatanodeState.java:persistContainerDatanodeDetails(140)) - DatanodeDetails is persisted to /tmp/workdir/hadoop-ozone/integration-test/target/test-dir/MiniOzoneClusterImpl-45e70ad9-0cd6-4ce0-b3ff-21b0ae675b0f/datanode-8/meta/datanode.id
2019-07-13 16:43:21,589 INFO  volume.HddsVolume (HddsVolume.java:<init>(176)) - Creating Volume: /tmp/workdir/hadoop-ozone/integration-test/target/test-dir/MiniOzoneClusterImpl-45e70ad9-0cd6-4ce0-b3ff-21b0ae675b0f/datanode-9/data/containers/hdds of  storage type : DISK and capacity : 52710309888
2019-07-13 16:43:21,589 INFO  volume.VolumeSet (VolumeSet.java:initializeVolumeSet(170)) - Added Volume : /tmp/workdir/hadoop-ozone/integration-test/target/test-dir/MiniOzoneClusterImpl-45e70ad9-0cd6-4ce0-b3ff-21b0ae675b0f/datanode-9/data/containers/hdds to VolumeSet
2019-07-13 16:43:21,590 INFO  volume.ThrottledAsyncChecker (ThrottledAsyncChecker.java:schedule(140)) - Scheduling a check for org.apache.hadoop.ozone.container.common.volume.HddsVolume@58e03769
2019-07-13 16:43:21,590 INFO  volume.HddsVolumeChecker (HddsVolumeChecker.java:checkAllVolumes(203)) - Scheduled health check for volume org.apache.hadoop.ozone.container.common.volume.HddsVolume@58e03769
2019-07-13 16:43:21,605 INFO  impl.RaftServerProxy (ConfUtils.java:logGet(43)) - raft.rpc.type = GRPC (default)
2019-07-13 16:43:21,605 INFO  grpc.GrpcFactory (GrpcFactory.java:checkPooledByteBufAllocatorUseCacheForAllThreads(45)) - PERFORMANCE WARNING: useCacheForAllThreads is true that may cause Netty to create a lot garbage objects and, as a result, trigger GC.
	It is recommended to disable useCacheForAllThreads by setting -Dorg.apache.ratis.thirdparty.io.netty.allocator.useCacheForAllThreads=false in command line.
2019-07-13 16:43:21,605 INFO  grpc.GrpcConfigKeys$Server (ConfUtils.java:logGet(43)) - raft.grpc.server.port = 0 (default)
2019-07-13 16:43:21,605 INFO  server.GrpcService (ConfUtils.java:logGet(43)) - raft.grpc.message.size.max = 33570816 (custom)
2019-07-13 16:43:21,605 INFO  server.RaftServerConfigKeys (ConfUtils.java:logGet(43)) - raft.server.log.appender.buffer.byte-limit = 33554432 (custom)
2019-07-13 16:43:21,606 INFO  server.GrpcService (ConfUtils.java:logGet(43)) - raft.grpc.flow.control.window = 1MB (=1048576) (default)
2019-07-13 16:43:21,606 INFO  server.RaftServerConfigKeys (ConfUtils.java:logGet(43)) - raft.server.rpc.request.timeout = 3000ms (default)
2019-07-13 16:43:21,606 INFO  server.RaftServerConfigKeys (ConfUtils.java:logGet(43)) - raft.server.storage.dir = [/tmp/workdir/hadoop-ozone/integration-test/target/test-dir/MiniOzoneClusterImpl-45e70ad9-0cd6-4ce0-b3ff-21b0ae675b0f/datanode-9/data/ratis] (custom)
2019-07-13 16:43:21,607 INFO  replication.SimpleContainerDownloader (SimpleContainerDownloader.java:<init>(72)) - Starting container downloader service to copy containers to replicate.
2019-07-13 16:43:21,608 INFO  hdfs.DFSUtil (DFSUtil.java:httpServerTemplateForNNAndJN(1641)) - Starting Web-server for hddsDatanode at: http://0.0.0.0:0
2019-07-13 16:43:21,610 INFO  server.AuthenticationFilter (AuthenticationFilter.java:constructSecretProvider(240)) - Unable to initialize FileSignerSecretProvider, falling back to use random secrets.
2019-07-13 16:43:21,611 WARN  http.HttpRequestLog (HttpRequestLog.java:getRequestLog(97)) - Jetty request log can only be enabled using Log4j
2019-07-13 16:43:21,613 INFO  http.HttpServer2 (HttpServer2.java:addGlobalFilter(975)) - Added global filter 'safety' (class=org.apache.hadoop.http.HttpServer2$QuotingInputFilter)
2019-07-13 16:43:21,614 INFO  http.HttpServer2 (HttpServer2.java:addFilter(948)) - Added filter static_user_filter (class=org.apache.hadoop.http.lib.StaticUserWebFilter$StaticUserFilter) to context hddsDatanode
2019-07-13 16:43:21,614 INFO  http.HttpServer2 (HttpServer2.java:addFilter(958)) - Added filter static_user_filter (class=org.apache.hadoop.http.lib.StaticUserWebFilter$StaticUserFilter) to context logs
2019-07-13 16:43:21,614 INFO  http.HttpServer2 (HttpServer2.java:addFilter(958)) - Added filter static_user_filter (class=org.apache.hadoop.http.lib.StaticUserWebFilter$StaticUserFilter) to context static
2019-07-13 16:43:21,615 INFO  http.HttpServer2 (HttpServer2.java:bindListener(1191)) - Jetty bound to port 43701
2019-07-13 16:43:21,615 INFO  server.Server (Server.java:doStart(351)) - jetty-9.3.24.v20180605, build timestamp: 2018-06-05T17:11:56Z, git hash: 84205aa28f11a4f31f2a3b86d1bba2cc8ab69827
2019-07-13 16:43:21,617 INFO  handler.ContextHandler (ContextHandler.java:doStart(781)) - Started o.e.j.s.ServletContextHandler@40f9f60d{/logs,file:///tmp/workdir/hadoop-ozone/integration-test/target/log,AVAILABLE}
2019-07-13 16:43:21,618 INFO  handler.ContextHandler (ContextHandler.java:doStart(781)) - Started o.e.j.s.ServletContextHandler@628ba266{/static,jar:file:/home/user/.m2/repository/org/apache/hadoop/hadoop-hdds-container-service/0.5.0-SNAPSHOT/hadoop-hdds-container-service-0.5.0-SNAPSHOT.jar!/webapps/static,AVAILABLE}
2019-07-13 16:43:21,661 INFO  handler.ContextHandler (ContextHandler.java:doStart(781)) - Started o.e.j.w.WebAppContext@76af34b5{/,file:///tmp/jetty-0.0.0.0-43701-hddsDatanode-_-any-2277338281059810180.dir/webapp/,AVAILABLE}{/hddsDatanode}
2019-07-13 16:43:21,663 INFO  server.AbstractConnector (AbstractConnector.java:doStart(278)) - Started ServerConnector@3313463c{HTTP/1.1,[http/1.1]}{0.0.0.0:43701}
2019-07-13 16:43:21,664 INFO  server.Server (Server.java:doStart(419)) - Started @8029ms
2019-07-13 16:43:21,665 INFO  server.BaseHttpServer (BaseHttpServer.java:updateConnectorAddress(207)) - HTTP server of HDDSDATANODE is listening at http://0.0.0.0:43701
2019-07-13 16:43:21,779 INFO  ozone.HddsDatanodeService (HddsDatanodeService.java:startPlugins(396)) - Started plug-in org.apache.hadoop.ozone.web.OzoneHddsDatanodeService@297bd171
2019-07-13 16:43:21,782 INFO  ozone.MiniOzoneClusterImpl (MiniOzoneClusterImpl.java:lambda$waitForClusterToBeReady$0(142)) - Waiting for cluster to be ready. Got 0 of 10 DN Heartbeats.
2019-07-13 16:43:21,782 INFO  util.JvmPauseMonitor (JvmPauseMonitor.java:run(188)) - Starting JVM pause monitor
2019-07-13 16:43:21,783 INFO  datanode.InitDatanodeState (InitDatanodeState.java:persistContainerDatanodeDetails(140)) - DatanodeDetails is persisted to /tmp/workdir/hadoop-ozone/integration-test/target/test-dir/MiniOzoneClusterImpl-45e70ad9-0cd6-4ce0-b3ff-21b0ae675b0f/datanode-9/meta/datanode.id
2019-07-13 16:43:21,827 INFO  ozoneimpl.OzoneContainer (OzoneContainer.java:start(186)) - Attempting to start container services.
2019-07-13 16:43:21,832 INFO  ozoneimpl.OzoneContainer (OzoneContainer.java:startContainerScrub(160)) - Background container scrubber has been disabled by hdds.containerscrub.enabled
2019-07-13 16:43:21,832 INFO  ratis.XceiverServerRatis (XceiverServerRatis.java:start(418)) - Starting XceiverServerRatis baaa2f18-ad21-4c88-9cdb-38db229a40aa at port 0
2019-07-13 16:43:21,853 INFO  impl.RaftServerProxy (RaftServerProxy.java:lambda$start$3(299)) - baaa2f18-ad21-4c88-9cdb-38db229a40aa: start RPC server
2019-07-13 16:43:21,978 INFO  server.GrpcService (GrpcService.java:startImpl(149)) - baaa2f18-ad21-4c88-9cdb-38db229a40aa: GrpcService started, listening on 0.0.0.0/0.0.0.0:38937
2019-07-13 16:43:21,979 INFO  ratis.XceiverServerRatis (XceiverServerRatis.java:start(428)) - XceiverServerRatis baaa2f18-ad21-4c88-9cdb-38db229a40aa is started using port 38937
2019-07-13 16:43:21,982 INFO  server.XceiverServerGrpc (XceiverServerGrpc.java:start(161)) - XceiverServerGrpc baaa2f18-ad21-4c88-9cdb-38db229a40aa is started using port 40750
2019-07-13 16:43:22,001 INFO  ozoneimpl.OzoneContainer (OzoneContainer.java:start(186)) - Attempting to start container services.
2019-07-13 16:43:22,002 INFO  ozoneimpl.OzoneContainer (OzoneContainer.java:startContainerScrub(160)) - Background container scrubber has been disabled by hdds.containerscrub.enabled
2019-07-13 16:43:22,003 INFO  ratis.XceiverServerRatis (XceiverServerRatis.java:start(418)) - Starting XceiverServerRatis ea57a461-ebfd-4b5e-ab90-dd623b61ca0f at port 0
2019-07-13 16:43:22,013 INFO  impl.RaftServerProxy (RaftServerProxy.java:lambda$start$3(299)) - ea57a461-ebfd-4b5e-ab90-dd623b61ca0f: start RPC server
2019-07-13 16:43:22,017 INFO  server.GrpcService (GrpcService.java:startImpl(149)) - ea57a461-ebfd-4b5e-ab90-dd623b61ca0f: GrpcService started, listening on 0.0.0.0/0.0.0.0:41204
2019-07-13 16:43:22,017 INFO  ratis.XceiverServerRatis (XceiverServerRatis.java:start(428)) - XceiverServerRatis ea57a461-ebfd-4b5e-ab90-dd623b61ca0f is started using port 41204
2019-07-13 16:43:22,020 INFO  server.XceiverServerGrpc (XceiverServerGrpc.java:start(161)) - XceiverServerGrpc ea57a461-ebfd-4b5e-ab90-dd623b61ca0f is started using port 44567
2019-07-13 16:43:22,230 INFO  ozoneimpl.OzoneContainer (OzoneContainer.java:start(186)) - Attempting to start container services.
2019-07-13 16:43:22,230 INFO  ozoneimpl.OzoneContainer (OzoneContainer.java:startContainerScrub(160)) - Background container scrubber has been disabled by hdds.containerscrub.enabled
2019-07-13 16:43:22,231 INFO  ratis.XceiverServerRatis (XceiverServerRatis.java:start(418)) - Starting XceiverServerRatis 69f0d602-000a-4a48-833d-faf77689b17c at port 0
2019-07-13 16:43:22,241 INFO  impl.RaftServerProxy (RaftServerProxy.java:lambda$start$3(299)) - 69f0d602-000a-4a48-833d-faf77689b17c: start RPC server
2019-07-13 16:43:22,245 INFO  server.GrpcService (GrpcService.java:startImpl(149)) - 69f0d602-000a-4a48-833d-faf77689b17c: GrpcService started, listening on 0.0.0.0/0.0.0.0:40503
2019-07-13 16:43:22,245 INFO  ratis.XceiverServerRatis (XceiverServerRatis.java:start(428)) - XceiverServerRatis 69f0d602-000a-4a48-833d-faf77689b17c is started using port 40503
2019-07-13 16:43:22,249 INFO  server.XceiverServerGrpc (XceiverServerGrpc.java:start(161)) - XceiverServerGrpc 69f0d602-000a-4a48-833d-faf77689b17c is started using port 38102
2019-07-13 16:43:22,417 INFO  ozoneimpl.OzoneContainer (OzoneContainer.java:start(186)) - Attempting to start container services.
2019-07-13 16:43:22,417 INFO  ozoneimpl.OzoneContainer (OzoneContainer.java:startContainerScrub(160)) - Background container scrubber has been disabled by hdds.containerscrub.enabled
2019-07-13 16:43:22,417 INFO  ratis.XceiverServerRatis (XceiverServerRatis.java:start(418)) - Starting XceiverServerRatis df4a0ac6-dd37-499a-b832-8a38d5a50355 at port 0
2019-07-13 16:43:22,428 INFO  impl.RaftServerProxy (RaftServerProxy.java:lambda$start$3(299)) - df4a0ac6-dd37-499a-b832-8a38d5a50355: start RPC server
2019-07-13 16:43:22,433 INFO  server.GrpcService (GrpcService.java:startImpl(149)) - df4a0ac6-dd37-499a-b832-8a38d5a50355: GrpcService started, listening on 0.0.0.0/0.0.0.0:45430
2019-07-13 16:43:22,433 INFO  ratis.XceiverServerRatis (XceiverServerRatis.java:start(428)) - XceiverServerRatis df4a0ac6-dd37-499a-b832-8a38d5a50355 is started using port 45430
2019-07-13 16:43:22,437 INFO  server.XceiverServerGrpc (XceiverServerGrpc.java:start(161)) - XceiverServerGrpc df4a0ac6-dd37-499a-b832-8a38d5a50355 is started using port 36506
2019-07-13 16:43:22,602 INFO  ozoneimpl.OzoneContainer (OzoneContainer.java:start(186)) - Attempting to start container services.
2019-07-13 16:43:22,603 INFO  ozoneimpl.OzoneContainer (OzoneContainer.java:startContainerScrub(160)) - Background container scrubber has been disabled by hdds.containerscrub.enabled
2019-07-13 16:43:22,603 INFO  ratis.XceiverServerRatis (XceiverServerRatis.java:start(418)) - Starting XceiverServerRatis b3e4071a-8903-49bb-82a0-e3a8c191edbe at port 0
2019-07-13 16:43:22,613 INFO  impl.RaftServerProxy (RaftServerProxy.java:lambda$start$3(299)) - b3e4071a-8903-49bb-82a0-e3a8c191edbe: start RPC server
2019-07-13 16:43:22,618 INFO  server.GrpcService (GrpcService.java:startImpl(149)) - b3e4071a-8903-49bb-82a0-e3a8c191edbe: GrpcService started, listening on 0.0.0.0/0.0.0.0:35263
2019-07-13 16:43:22,618 INFO  ratis.XceiverServerRatis (XceiverServerRatis.java:start(428)) - XceiverServerRatis b3e4071a-8903-49bb-82a0-e3a8c191edbe is started using port 35263
2019-07-13 16:43:22,622 INFO  server.XceiverServerGrpc (XceiverServerGrpc.java:start(161)) - XceiverServerGrpc b3e4071a-8903-49bb-82a0-e3a8c191edbe is started using port 42882
2019-07-13 16:43:22,782 INFO  ozone.MiniOzoneClusterImpl (MiniOzoneClusterImpl.java:lambda$waitForClusterToBeReady$0(142)) - Waiting for cluster to be ready. Got 0 of 10 DN Heartbeats.
2019-07-13 16:43:22,875 INFO  ozoneimpl.OzoneContainer (OzoneContainer.java:start(186)) - Attempting to start container services.
2019-07-13 16:43:22,875 INFO  ozoneimpl.OzoneContainer (OzoneContainer.java:startContainerScrub(160)) - Background container scrubber has been disabled by hdds.containerscrub.enabled
2019-07-13 16:43:22,875 INFO  ratis.XceiverServerRatis (XceiverServerRatis.java:start(418)) - Starting XceiverServerRatis 72083666-ca0e-4757-a0b7-1190f7829ead at port 0
2019-07-13 16:43:22,886 INFO  impl.RaftServerProxy (RaftServerProxy.java:lambda$start$3(299)) - 72083666-ca0e-4757-a0b7-1190f7829ead: start RPC server
2019-07-13 16:43:22,891 INFO  server.GrpcService (GrpcService.java:startImpl(149)) - 72083666-ca0e-4757-a0b7-1190f7829ead: GrpcService started, listening on 0.0.0.0/0.0.0.0:44646
2019-07-13 16:43:22,892 INFO  ratis.XceiverServerRatis (XceiverServerRatis.java:start(428)) - XceiverServerRatis 72083666-ca0e-4757-a0b7-1190f7829ead is started using port 44646
2019-07-13 16:43:22,896 INFO  server.XceiverServerGrpc (XceiverServerGrpc.java:start(161)) - XceiverServerGrpc 72083666-ca0e-4757-a0b7-1190f7829ead is started using port 40619
2019-07-13 16:43:23,205 INFO  ozoneimpl.OzoneContainer (OzoneContainer.java:start(186)) - Attempting to start container services.
2019-07-13 16:43:23,206 INFO  ozoneimpl.OzoneContainer (OzoneContainer.java:startContainerScrub(160)) - Background container scrubber has been disabled by hdds.containerscrub.enabled
2019-07-13 16:43:23,206 INFO  ratis.XceiverServerRatis (XceiverServerRatis.java:start(418)) - Starting XceiverServerRatis 20deab3d-cdde-4bb6-ae2a-8dcb0a4e7782 at port 0
2019-07-13 16:43:23,215 INFO  impl.RaftServerProxy (RaftServerProxy.java:lambda$start$3(299)) - 20deab3d-cdde-4bb6-ae2a-8dcb0a4e7782: start RPC server
2019-07-13 16:43:23,220 INFO  server.GrpcService (GrpcService.java:startImpl(149)) - 20deab3d-cdde-4bb6-ae2a-8dcb0a4e7782: GrpcService started, listening on 0.0.0.0/0.0.0.0:34251
2019-07-13 16:43:23,221 INFO  ratis.XceiverServerRatis (XceiverServerRatis.java:start(428)) - XceiverServerRatis 20deab3d-cdde-4bb6-ae2a-8dcb0a4e7782 is started using port 34251
2019-07-13 16:43:23,225 INFO  server.XceiverServerGrpc (XceiverServerGrpc.java:start(161)) - XceiverServerGrpc 20deab3d-cdde-4bb6-ae2a-8dcb0a4e7782 is started using port 45359
2019-07-13 16:43:23,390 INFO  ozoneimpl.OzoneContainer (OzoneContainer.java:start(186)) - Attempting to start container services.
2019-07-13 16:43:23,390 INFO  ozoneimpl.OzoneContainer (OzoneContainer.java:startContainerScrub(160)) - Background container scrubber has been disabled by hdds.containerscrub.enabled
2019-07-13 16:43:23,390 INFO  ratis.XceiverServerRatis (XceiverServerRatis.java:start(418)) - Starting XceiverServerRatis 4de4bd07-0ee6-49b6-aecf-8ed7c18cdab2 at port 0
2019-07-13 16:43:23,400 INFO  impl.RaftServerProxy (RaftServerProxy.java:lambda$start$3(299)) - 4de4bd07-0ee6-49b6-aecf-8ed7c18cdab2: start RPC server
2019-07-13 16:43:23,405 INFO  server.GrpcService (GrpcService.java:startImpl(149)) - 4de4bd07-0ee6-49b6-aecf-8ed7c18cdab2: GrpcService started, listening on 0.0.0.0/0.0.0.0:34357
2019-07-13 16:43:23,406 INFO  ratis.XceiverServerRatis (XceiverServerRatis.java:start(428)) - XceiverServerRatis 4de4bd07-0ee6-49b6-aecf-8ed7c18cdab2 is started using port 34357
2019-07-13 16:43:23,411 INFO  server.XceiverServerGrpc (XceiverServerGrpc.java:start(161)) - XceiverServerGrpc 4de4bd07-0ee6-49b6-aecf-8ed7c18cdab2 is started using port 38692
2019-07-13 16:43:23,590 INFO  ozoneimpl.OzoneContainer (OzoneContainer.java:start(186)) - Attempting to start container services.
2019-07-13 16:43:23,590 INFO  ozoneimpl.OzoneContainer (OzoneContainer.java:startContainerScrub(160)) - Background container scrubber has been disabled by hdds.containerscrub.enabled
2019-07-13 16:43:23,591 INFO  ratis.XceiverServerRatis (XceiverServerRatis.java:start(418)) - Starting XceiverServerRatis cc67199d-6871-48e4-9a9e-abafdf42f4e1 at port 0
2019-07-13 16:43:23,599 INFO  impl.RaftServerProxy (RaftServerProxy.java:lambda$start$3(299)) - cc67199d-6871-48e4-9a9e-abafdf42f4e1: start RPC server
2019-07-13 16:43:23,607 INFO  server.GrpcService (GrpcService.java:startImpl(149)) - cc67199d-6871-48e4-9a9e-abafdf42f4e1: GrpcService started, listening on 0.0.0.0/0.0.0.0:41826
2019-07-13 16:43:23,607 INFO  ratis.XceiverServerRatis (XceiverServerRatis.java:start(428)) - XceiverServerRatis cc67199d-6871-48e4-9a9e-abafdf42f4e1 is started using port 41826
2019-07-13 16:43:23,623 INFO  server.XceiverServerGrpc (XceiverServerGrpc.java:start(161)) - XceiverServerGrpc cc67199d-6871-48e4-9a9e-abafdf42f4e1 is started using port 37822
2019-07-13 16:43:23,782 INFO  ozone.MiniOzoneClusterImpl (MiniOzoneClusterImpl.java:lambda$waitForClusterToBeReady$0(142)) - Waiting for cluster to be ready. Got 0 of 10 DN Heartbeats.
2019-07-13 16:43:23,792 INFO  ozoneimpl.OzoneContainer (OzoneContainer.java:start(186)) - Attempting to start container services.
2019-07-13 16:43:23,792 INFO  ozoneimpl.OzoneContainer (OzoneContainer.java:startContainerScrub(160)) - Background container scrubber has been disabled by hdds.containerscrub.enabled
2019-07-13 16:43:23,792 INFO  ratis.XceiverServerRatis (XceiverServerRatis.java:start(418)) - Starting XceiverServerRatis 3a018f76-c0d2-452c-8921-ba44ebbfd4f7 at port 0
2019-07-13 16:43:23,804 INFO  impl.RaftServerProxy (RaftServerProxy.java:lambda$start$3(299)) - 3a018f76-c0d2-452c-8921-ba44ebbfd4f7: start RPC server
2019-07-13 16:43:23,813 INFO  server.GrpcService (GrpcService.java:startImpl(149)) - 3a018f76-c0d2-452c-8921-ba44ebbfd4f7: GrpcService started, listening on 0.0.0.0/0.0.0.0:35541
2019-07-13 16:43:23,814 INFO  ratis.XceiverServerRatis (XceiverServerRatis.java:start(428)) - XceiverServerRatis 3a018f76-c0d2-452c-8921-ba44ebbfd4f7 is started using port 35541
2019-07-13 16:43:23,847 INFO  server.XceiverServerGrpc (XceiverServerGrpc.java:start(161)) - XceiverServerGrpc 3a018f76-c0d2-452c-8921-ba44ebbfd4f7 is started using port 36872
2019-07-13 16:43:23,848 INFO  net.NetworkTopology (NetworkTopologyImpl.java:add(110)) - Added a new node: /default-rack/192.168.5.187
2019-07-13 16:43:23,848 INFO  node.SCMNodeManager (SCMNodeManager.java:register(269)) - Registered Data node : baaa2f18-ad21-4c88-9cdb-38db229a40aa{ip: 192.168.5.187, host: trunk-nightly-z92hn-1831959607, networkLocation: /default-rack, certSerialId: null}
2019-07-13 16:43:23,855 INFO  safemode.SCMSafeModeManager (DataNodeSafeModeRule.java:process(71)) - SCM in safe mode. 1 DataNodes registered, 1 required.
2019-07-13 16:43:23,855 INFO  safemode.SCMSafeModeManager (SCMSafeModeManager.java:validateSafeModeExitRules(177)) - ScmSafeModeManager, all rules are successfully validated
2019-07-13 16:43:23,855 INFO  safemode.SCMSafeModeManager (SCMSafeModeManager.java:exitSafeMode(193)) - SCM exiting safe mode.
2019-07-13 16:43:23,996 INFO  node.SCMNodeManager (SCMNodeManager.java:register(269)) - Registered Data node : ea57a461-ebfd-4b5e-ab90-dd623b61ca0f{ip: 192.168.5.187, host: trunk-nightly-z92hn-1831959607, networkLocation: /default-rack, certSerialId: null}
2019-07-13 16:43:24,221 INFO  node.SCMNodeManager (SCMNodeManager.java:register(269)) - Registered Data node : 69f0d602-000a-4a48-833d-faf77689b17c{ip: 192.168.5.187, host: trunk-nightly-z92hn-1831959607, networkLocation: /default-rack, certSerialId: null}
2019-07-13 16:43:24,417 INFO  node.SCMNodeManager (SCMNodeManager.java:register(269)) - Registered Data node : df4a0ac6-dd37-499a-b832-8a38d5a50355{ip: 192.168.5.187, host: trunk-nightly-z92hn-1831959607, networkLocation: /default-rack, certSerialId: null}
2019-07-13 16:43:24,867 INFO  ozone.MiniOzoneClusterImpl (MiniOzoneClusterImpl.java:lambda$waitForClusterToBeReady$0(142)) - Waiting for cluster to be ready. Got 4 of 10 DN Heartbeats.
2019-07-13 16:43:24,882 INFO  node.SCMNodeManager (SCMNodeManager.java:register(269)) - Registered Data node : 72083666-ca0e-4757-a0b7-1190f7829ead{ip: 192.168.5.187, host: trunk-nightly-z92hn-1831959607, networkLocation: /default-rack, certSerialId: null}
2019-07-13 16:43:24,904 INFO  node.SCMNodeManager (SCMNodeManager.java:register(269)) - Registered Data node : b3e4071a-8903-49bb-82a0-e3a8c191edbe{ip: 192.168.5.187, host: trunk-nightly-z92hn-1831959607, networkLocation: /default-rack, certSerialId: null}
2019-07-13 16:43:25,026 INFO  impl.RaftServerProxy (RaftServerProxy.java:addNew(89)) - baaa2f18-ad21-4c88-9cdb-38db229a40aa: addNew group-A117B596C422:[baaa2f18-ad21-4c88-9cdb-38db229a40aa:192.168.5.187:38937] returns group-A117B596C422:java.util.concurrent.CompletableFuture@31632f2f[Not completed]
2019-07-13 16:43:25,049 INFO  impl.RaftServerImpl (RaftServerImpl.java:<init>(93)) - baaa2f18-ad21-4c88-9cdb-38db229a40aa: new RaftServerImpl for group-A117B596C422:[baaa2f18-ad21-4c88-9cdb-38db229a40aa:192.168.5.187:38937] with ContainerStateMachine:uninitialized
2019-07-13 16:43:25,051 INFO  server.RaftServerConfigKeys (ConfUtils.java:logGet(43)) - raft.server.rpc.timeout.min = 5s (custom)
2019-07-13 16:43:25,053 INFO  server.RaftServerConfigKeys (ConfUtils.java:logGet(43)) - raft.server.rpc.timeout.max = 5200ms (custom)
2019-07-13 16:43:25,053 INFO  server.RaftServerConfigKeys (ConfUtils.java:logGet(43)) - raft.server.rpcslowness.timeout = 120s (custom)
2019-07-13 16:43:25,054 INFO  server.RaftServerConfigKeys (ConfUtils.java:logGet(43)) - raft.server.sleep.deviation.threshold = 300 (default)
2019-07-13 16:43:25,055 INFO  server.RaftServerConfigKeys (ConfUtils.java:logGet(43)) - raft.server.log.appender.install.snapshot.enabled = false (custom)
2019-07-13 16:43:25,064 INFO  impl.RaftServerImpl (ServerState.java:<init>(105)) - baaa2f18-ad21-4c88-9cdb-38db229a40aa:group-A117B596C422 ConfigurationManager, init=-1: [baaa2f18-ad21-4c88-9cdb-38db229a40aa:192.168.5.187:38937], old=null, confs=<EMPTY_MAP>
2019-07-13 16:43:25,065 INFO  server.RaftServerConfigKeys (ConfUtils.java:logGet(43)) - raft.server.storage.dir = [/tmp/workdir/hadoop-ozone/integration-test/target/test-dir/MiniOzoneClusterImpl-45e70ad9-0cd6-4ce0-b3ff-21b0ae675b0f/datanode-0/data/ratis] (custom)
2019-07-13 16:43:25,073 INFO  storage.RaftStorageDirectory (RaftStorageDirectory.java:analyzeStorage(246)) - The storage directory /tmp/workdir/hadoop-ozone/integration-test/target/test-dir/MiniOzoneClusterImpl-45e70ad9-0cd6-4ce0-b3ff-21b0ae675b0f/datanode-0/data/ratis/fd8f2af6-619e-4f10-8115-a117b596c422 does not exist. Creating ...
2019-07-13 16:43:25,090 INFO  storage.RaftStorageDirectory (RaftStorageDirectory.java:tryLock(328)) - Lock on /tmp/workdir/hadoop-ozone/integration-test/target/test-dir/MiniOzoneClusterImpl-45e70ad9-0cd6-4ce0-b3ff-21b0ae675b0f/datanode-0/data/ratis/fd8f2af6-619e-4f10-8115-a117b596c422/in_use.lock acquired by nodename 23563@trunk-nightly-z92hn-1831959607
2019-07-13 16:43:25,103 INFO  storage.RaftStorage (RaftStorage.java:format(72)) - Storage directory /tmp/workdir/hadoop-ozone/integration-test/target/test-dir/MiniOzoneClusterImpl-45e70ad9-0cd6-4ce0-b3ff-21b0ae675b0f/datanode-0/data/ratis/fd8f2af6-619e-4f10-8115-a117b596c422 has been successfully formatted.
2019-07-13 16:43:25,105 INFO  ratis.ContainerStateMachine (ContainerStateMachine.java:loadSnapshot(200)) - The snapshot info is null.Setting the last applied index to:(t:0, i:~)
2019-07-13 16:43:25,106 INFO  server.RaftServerConfigKeys (ConfUtils.java:logGet(43)) - raft.server.leader.election.timeout = 120s (custom)
2019-07-13 16:43:25,108 INFO  server.RaftServerConfigKeys (ConfUtils.java:logGet(43)) - raft.server.log.use.memory = false (default)
2019-07-13 16:43:25,114 INFO  server.RaftServerConfigKeys (ConfUtils.java:logGet(43)) - raft.server.log.purge.gap = 1000000000 (custom)
2019-07-13 16:43:25,114 INFO  server.RaftServerConfigKeys (ConfUtils.java:logGet(43)) - raft.server.log.appender.buffer.byte-limit = 33554432 (custom)
2019-07-13 16:43:25,116 INFO  server.RaftServerConfigKeys (ConfUtils.java:logGet(43)) - raft.server.log.segment.size.max = 1048576 (custom)
2019-07-13 16:43:25,121 INFO  server.RaftServerConfigKeys (ConfUtils.java:logGet(43)) - raft.server.log.segment.cache.num.max = 2 (custom)
2019-07-13 16:43:25,127 INFO  segmented.SegmentedRaftLogWorker (SegmentedRaftLogWorker.java:<init>(172)) - new baaa2f18-ad21-4c88-9cdb-38db229a40aa-SegmentedRaftLogWorker:Storage Directory /tmp/workdir/hadoop-ozone/integration-test/target/test-dir/MiniOzoneClusterImpl-45e70ad9-0cd6-4ce0-b3ff-21b0ae675b0f/datanode-0/data/ratis/fd8f2af6-619e-4f10-8115-a117b596c422 for RaftStorage:Storage Directory /tmp/workdir/hadoop-ozone/integration-test/target/test-dir/MiniOzoneClusterImpl-45e70ad9-0cd6-4ce0-b3ff-21b0ae675b0f/datanode-0/data/ratis/fd8f2af6-619e-4f10-8115-a117b596c422
2019-07-13 16:43:25,138 INFO  server.RaftServerConfigKeys (ConfUtils.java:logGet(43)) - raft.server.log.queue.byte-limit = 2147483647 (custom)
2019-07-13 16:43:25,139 INFO  server.RaftServerConfigKeys (ConfUtils.java:logGet(43)) - raft.server.log.queue.element-limit = 1024 (custom)
2019-07-13 16:43:25,144 INFO  server.RaftServerConfigKeys (ConfUtils.java:logGet(43)) - raft.server.log.segment.size.max = 1048576 (custom)
2019-07-13 16:43:25,144 INFO  server.RaftServerConfigKeys (ConfUtils.java:logGet(43)) - raft.server.log.preallocated.size = 16384 (custom)
2019-07-13 16:43:25,144 INFO  server.RaftServerConfigKeys (ConfUtils.java:logGet(43)) - raft.server.log.write.buffer.size = 33554432 (custom)
2019-07-13 16:43:25,145 INFO  server.RaftServerConfigKeys (ConfUtils.java:logGet(43)) - raft.server.log.force.sync.num = 128 (default)
2019-07-13 16:43:25,146 INFO  server.RaftServerConfigKeys (ConfUtils.java:logGet(43)) - raft.server.log.statemachine.data.sync = true (default)
2019-07-13 16:43:25,146 INFO  server.RaftServerConfigKeys (ConfUtils.java:logGet(43)) - raft.server.log.statemachine.data.sync.timeout = 10s (default)
2019-07-13 16:43:25,146 INFO  server.RaftServerConfigKeys (ConfUtils.java:logGet(43)) - raft.server.log.statemachine.data.sync.timeout.retry = -1 (default)
2019-07-13 16:43:25,155 INFO  server.RaftServerConfigKeys (ConfUtils.java:logGet(43)) - raft.server.log.statemachine.data.caching.enabled = true (custom)
2019-07-13 16:43:25,169 INFO  segmented.SegmentedRaftLogWorker (SegmentedRaftLogWorker.java:lambda$new$0(132)) - baaa2f18-ad21-4c88-9cdb-38db229a40aa-SegmentedRaftLogWorker:Storage Directory /tmp/workdir/hadoop-ozone/integration-test/target/test-dir/MiniOzoneClusterImpl-45e70ad9-0cd6-4ce0-b3ff-21b0ae675b0f/datanode-0/data/ratis/fd8f2af6-619e-4f10-8115-a117b596c422: flushIndex: setUnconditionally 0 -> -1
2019-07-13 16:43:25,173 INFO  server.RaftServerConfigKeys (ConfUtils.java:logGet(43)) - raft.server.snapshot.auto.trigger.enabled = true (custom)
2019-07-13 16:43:25,174 INFO  server.RaftServerConfigKeys (ConfUtils.java:logGet(43)) - raft.server.snapshot.auto.trigger.threshold = 10000 (custom)
2019-07-13 16:43:25,174 INFO  server.RaftServerConfigKeys (ConfUtils.java:logGet(43)) - raft.server.retrycache.expirytime = 600000ms (custom)
2019-07-13 16:43:25,193 INFO  impl.RaftServerImpl (RaftServerImpl.java:start(180)) - baaa2f18-ad21-4c88-9cdb-38db229a40aa: start group-A117B596C422
2019-07-13 16:43:25,194 INFO  impl.RaftServerImpl (RaftServerImpl.java:setRole(171)) - baaa2f18-ad21-4c88-9cdb-38db229a40aa:group-A117B596C422 changes role from null to FOLLOWER at term 0 for startAsFollower
2019-07-13 16:43:25,195 INFO  impl.RoleInfo (RoleInfo.java:updateAndGet(143)) - baaa2f18-ad21-4c88-9cdb-38db229a40aa: start FollowerState
2019-07-13 16:43:25,199 INFO  util.JmxRegister (JmxRegister.java:tryRegister(44)) - Successfully registered JMX Bean with object name Ratis:service=RaftServer,group=group-A117B596C422,id=baaa2f18-ad21-4c88-9cdb-38db229a40aa
2019-07-13 16:43:25,200 INFO  node.SCMNodeManager (SCMNodeManager.java:register(269)) - Registered Data node : 20deab3d-cdde-4bb6-ae2a-8dcb0a4e7782{ip: 192.168.5.187, host: trunk-nightly-z92hn-1831959607, networkLocation: /default-rack, certSerialId: null}
2019-07-13 16:43:25,269 INFO  pipeline.PipelineStateManager (PipelineStateManager.java:addPipeline(56)) - Created pipeline Pipeline[ Id: fd8f2af6-619e-4f10-8115-a117b596c422, Nodes: baaa2f18-ad21-4c88-9cdb-38db229a40aa{ip: 192.168.5.187, host: trunk-nightly-z92hn-1831959607, networkLocation: /default-rack, certSerialId: null}, Type:RATIS, Factor:ONE, State:OPEN]
2019-07-13 16:43:25,298 INFO  impl.RaftServerProxy (RaftServerProxy.java:addNew(89)) - b3e4071a-8903-49bb-82a0-e3a8c191edbe: addNew group-FF52E24295A0:[b3e4071a-8903-49bb-82a0-e3a8c191edbe:192.168.5.187:35263] returns group-FF52E24295A0:java.util.concurrent.CompletableFuture@54672812[Not completed]
2019-07-13 16:43:25,366 INFO  impl.RaftServerImpl (RaftServerImpl.java:<init>(93)) - b3e4071a-8903-49bb-82a0-e3a8c191edbe: new RaftServerImpl for group-FF52E24295A0:[b3e4071a-8903-49bb-82a0-e3a8c191edbe:192.168.5.187:35263] with ContainerStateMachine:uninitialized
2019-07-13 16:43:25,368 INFO  server.RaftServerConfigKeys (ConfUtils.java:logGet(43)) - raft.server.rpc.timeout.min = 5s (custom)
2019-07-13 16:43:25,368 INFO  server.RaftServerConfigKeys (ConfUtils.java:logGet(43)) - raft.server.rpc.timeout.max = 5200ms (custom)
2019-07-13 16:43:25,368 INFO  server.RaftServerConfigKeys (ConfUtils.java:logGet(43)) - raft.server.rpcslowness.timeout = 120s (custom)
2019-07-13 16:43:25,368 INFO  server.RaftServerConfigKeys (ConfUtils.java:logGet(43)) - raft.server.sleep.deviation.threshold = 300 (default)
2019-07-13 16:43:25,369 INFO  server.RaftServerConfigKeys (ConfUtils.java:logGet(43)) - raft.server.log.appender.install.snapshot.enabled = false (custom)
2019-07-13 16:43:25,369 INFO  impl.RaftServerImpl (ServerState.java:<init>(105)) - b3e4071a-8903-49bb-82a0-e3a8c191edbe:group-FF52E24295A0 ConfigurationManager, init=-1: [b3e4071a-8903-49bb-82a0-e3a8c191edbe:192.168.5.187:35263], old=null, confs=<EMPTY_MAP>
2019-07-13 16:43:25,369 INFO  server.RaftServerConfigKeys (ConfUtils.java:logGet(43)) - raft.server.storage.dir = [/tmp/workdir/hadoop-ozone/integration-test/target/test-dir/MiniOzoneClusterImpl-45e70ad9-0cd6-4ce0-b3ff-21b0ae675b0f/datanode-4/data/ratis] (custom)
2019-07-13 16:43:25,370 INFO  storage.RaftStorageDirectory (RaftStorageDirectory.java:analyzeStorage(246)) - The storage directory /tmp/workdir/hadoop-ozone/integration-test/target/test-dir/MiniOzoneClusterImpl-45e70ad9-0cd6-4ce0-b3ff-21b0ae675b0f/datanode-4/data/ratis/823ec47e-8dfc-488f-8f30-ff52e24295a0 does not exist. Creating ...
2019-07-13 16:43:25,378 INFO  node.SCMNodeManager (SCMNodeManager.java:register(269)) - Registered Data node : 4de4bd07-0ee6-49b6-aecf-8ed7c18cdab2{ip: 192.168.5.187, host: trunk-nightly-z92hn-1831959607, networkLocation: /default-rack, certSerialId: null}
2019-07-13 16:43:25,384 INFO  storage.RaftStorageDirectory (RaftStorageDirectory.java:tryLock(328)) - Lock on /tmp/workdir/hadoop-ozone/integration-test/target/test-dir/MiniOzoneClusterImpl-45e70ad9-0cd6-4ce0-b3ff-21b0ae675b0f/datanode-4/data/ratis/823ec47e-8dfc-488f-8f30-ff52e24295a0/in_use.lock acquired by nodename 23563@trunk-nightly-z92hn-1831959607
2019-07-13 16:43:25,394 INFO  storage.RaftStorage (RaftStorage.java:format(72)) - Storage directory /tmp/workdir/hadoop-ozone/integration-test/target/test-dir/MiniOzoneClusterImpl-45e70ad9-0cd6-4ce0-b3ff-21b0ae675b0f/datanode-4/data/ratis/823ec47e-8dfc-488f-8f30-ff52e24295a0 has been successfully formatted.
2019-07-13 16:43:25,396 INFO  ratis.ContainerStateMachine (ContainerStateMachine.java:loadSnapshot(200)) - The snapshot info is null.Setting the last applied index to:(t:0, i:~)
2019-07-13 16:43:25,398 INFO  server.RaftServerConfigKeys (ConfUtils.java:logGet(43)) - raft.server.leader.election.timeout = 120s (custom)
2019-07-13 16:43:25,398 INFO  server.RaftServerConfigKeys (ConfUtils.java:logGet(43)) - raft.server.log.use.memory = false (default)
2019-07-13 16:43:25,398 INFO  server.RaftServerConfigKeys (ConfUtils.java:logGet(43)) - raft.server.log.purge.gap = 1000000000 (custom)
2019-07-13 16:43:25,398 INFO  server.RaftServerConfigKeys (ConfUtils.java:logGet(43)) - raft.server.log.appender.buffer.byte-limit = 33554432 (custom)
2019-07-13 16:43:25,399 INFO  server.RaftServerConfigKeys (ConfUtils.java:logGet(43)) - raft.server.log.segment.size.max = 1048576 (custom)
2019-07-13 16:43:25,399 INFO  server.RaftServerConfigKeys (ConfUtils.java:logGet(43)) - raft.server.log.segment.cache.num.max = 2 (custom)
2019-07-13 16:43:25,399 INFO  segmented.SegmentedRaftLogWorker (SegmentedRaftLogWorker.java:<init>(172)) - new b3e4071a-8903-49bb-82a0-e3a8c191edbe-SegmentedRaftLogWorker:Storage Directory /tmp/workdir/hadoop-ozone/integration-test/target/test-dir/MiniOzoneClusterImpl-45e70ad9-0cd6-4ce0-b3ff-21b0ae675b0f/datanode-4/data/ratis/823ec47e-8dfc-488f-8f30-ff52e24295a0 for RaftStorage:Storage Directory /tmp/workdir/hadoop-ozone/integration-test/target/test-dir/MiniOzoneClusterImpl-45e70ad9-0cd6-4ce0-b3ff-21b0ae675b0f/datanode-4/data/ratis/823ec47e-8dfc-488f-8f30-ff52e24295a0
2019-07-13 16:43:25,401 INFO  server.RaftServerConfigKeys (ConfUtils.java:logGet(43)) - raft.server.log.queue.byte-limit = 2147483647 (custom)
2019-07-13 16:43:25,401 INFO  server.RaftServerConfigKeys (ConfUtils.java:logGet(43)) - raft.server.log.queue.element-limit = 1024 (custom)
2019-07-13 16:43:25,401 INFO  server.RaftServerConfigKeys (ConfUtils.java:logGet(43)) - raft.server.log.segment.size.max = 1048576 (custom)
2019-07-13 16:43:25,402 INFO  server.RaftServerConfigKeys (ConfUtils.java:logGet(43)) - raft.server.log.preallocated.size = 16384 (custom)
2019-07-13 16:43:25,402 INFO  server.RaftServerConfigKeys (ConfUtils.java:logGet(43)) - raft.server.log.write.buffer.size = 33554432 (custom)
2019-07-13 16:43:25,402 INFO  server.RaftServerConfigKeys (ConfUtils.java:logGet(43)) - raft.server.log.force.sync.num = 128 (default)
2019-07-13 16:43:25,402 INFO  server.RaftServerConfigKeys (ConfUtils.java:logGet(43)) - raft.server.log.statemachine.data.sync = true (default)
2019-07-13 16:43:25,402 INFO  server.RaftServerConfigKeys (ConfUtils.java:logGet(43)) - raft.server.log.statemachine.data.sync.timeout = 10s (default)
2019-07-13 16:43:25,403 INFO  server.RaftServerConfigKeys (ConfUtils.java:logGet(43)) - raft.server.log.statemachine.data.sync.timeout.retry = -1 (default)
2019-07-13 16:43:25,403 INFO  server.RaftServerConfigKeys (ConfUtils.java:logGet(43)) - raft.server.log.statemachine.data.caching.enabled = true (custom)
2019-07-13 16:43:25,403 INFO  segmented.SegmentedRaftLogWorker (SegmentedRaftLogWorker.java:lambda$new$0(132)) - b3e4071a-8903-49bb-82a0-e3a8c191edbe-SegmentedRaftLogWorker:Storage Directory /tmp/workdir/hadoop-ozone/integration-test/target/test-dir/MiniOzoneClusterImpl-45e70ad9-0cd6-4ce0-b3ff-21b0ae675b0f/datanode-4/data/ratis/823ec47e-8dfc-488f-8f30-ff52e24295a0: flushIndex: setUnconditionally 0 -> -1
2019-07-13 16:43:25,404 INFO  server.RaftServerConfigKeys (ConfUtils.java:logGet(43)) - raft.server.snapshot.auto.trigger.enabled = true (custom)
2019-07-13 16:43:25,404 INFO  server.RaftServerConfigKeys (ConfUtils.java:logGet(43)) - raft.server.snapshot.auto.trigger.threshold = 10000 (custom)
2019-07-13 16:43:25,404 INFO  server.RaftServerConfigKeys (ConfUtils.java:logGet(43)) - raft.server.retrycache.expirytime = 600000ms (custom)
2019-07-13 16:43:25,404 INFO  impl.RaftServerImpl (RaftServerImpl.java:start(180)) - b3e4071a-8903-49bb-82a0-e3a8c191edbe: start group-FF52E24295A0
2019-07-13 16:43:25,405 INFO  impl.RaftServerImpl (RaftServerImpl.java:setRole(171)) - b3e4071a-8903-49bb-82a0-e3a8c191edbe:group-FF52E24295A0 changes role from null to FOLLOWER at term 0 for startAsFollower
2019-07-13 16:43:25,405 INFO  impl.RoleInfo (RoleInfo.java:updateAndGet(143)) - b3e4071a-8903-49bb-82a0-e3a8c191edbe: start FollowerState
2019-07-13 16:43:25,407 INFO  util.JmxRegister (JmxRegister.java:tryRegister(44)) - Successfully registered JMX Bean with object name Ratis:service=RaftServer,group=group-FF52E24295A0,id=b3e4071a-8903-49bb-82a0-e3a8c191edbe
2019-07-13 16:43:25,425 INFO  pipeline.PipelineStateManager (PipelineStateManager.java:addPipeline(56)) - Created pipeline Pipeline[ Id: 823ec47e-8dfc-488f-8f30-ff52e24295a0, Nodes: b3e4071a-8903-49bb-82a0-e3a8c191edbe{ip: 192.168.5.187, host: trunk-nightly-z92hn-1831959607, networkLocation: /default-rack, certSerialId: null}, Type:RATIS, Factor:ONE, State:OPEN]
2019-07-13 16:43:25,451 INFO  impl.RaftServerProxy (RaftServerProxy.java:addNew(89)) - 4de4bd07-0ee6-49b6-aecf-8ed7c18cdab2: addNew group-CC960BD2C304:[4de4bd07-0ee6-49b6-aecf-8ed7c18cdab2:192.168.5.187:34357] returns group-CC960BD2C304:java.util.concurrent.CompletableFuture@58f76417[Not completed]
2019-07-13 16:43:25,462 INFO  impl.RaftServerImpl (RaftServerImpl.java:<init>(93)) - 4de4bd07-0ee6-49b6-aecf-8ed7c18cdab2: new RaftServerImpl for group-CC960BD2C304:[4de4bd07-0ee6-49b6-aecf-8ed7c18cdab2:192.168.5.187:34357] with ContainerStateMachine:uninitialized
2019-07-13 16:43:25,462 INFO  server.RaftServerConfigKeys (ConfUtils.java:logGet(43)) - raft.server.rpc.timeout.min = 5s (custom)
2019-07-13 16:43:25,463 INFO  server.RaftServerConfigKeys (ConfUtils.java:logGet(43)) - raft.server.rpc.timeout.max = 5200ms (custom)
2019-07-13 16:43:25,463 INFO  server.RaftServerConfigKeys (ConfUtils.java:logGet(43)) - raft.server.rpcslowness.timeout = 120s (custom)
2019-07-13 16:43:25,463 INFO  server.RaftServerConfigKeys (ConfUtils.java:logGet(43)) - raft.server.sleep.deviation.threshold = 300 (default)
2019-07-13 16:43:25,463 INFO  server.RaftServerConfigKeys (ConfUtils.java:logGet(43)) - raft.server.log.appender.install.snapshot.enabled = false (custom)
2019-07-13 16:43:25,463 INFO  impl.RaftServerImpl (ServerState.java:<init>(105)) - 4de4bd07-0ee6-49b6-aecf-8ed7c18cdab2:group-CC960BD2C304 ConfigurationManager, init=-1: [4de4bd07-0ee6-49b6-aecf-8ed7c18cdab2:192.168.5.187:34357], old=null, confs=<EMPTY_MAP>
2019-07-13 16:43:25,463 INFO  server.RaftServerConfigKeys (ConfUtils.java:logGet(43)) - raft.server.storage.dir = [/tmp/workdir/hadoop-ozone/integration-test/target/test-dir/MiniOzoneClusterImpl-45e70ad9-0cd6-4ce0-b3ff-21b0ae675b0f/datanode-7/data/ratis] (custom)
2019-07-13 16:43:25,464 INFO  storage.RaftStorageDirectory (RaftStorageDirectory.java:analyzeStorage(246)) - The storage directory /tmp/workdir/hadoop-ozone/integration-test/target/test-dir/MiniOzoneClusterImpl-45e70ad9-0cd6-4ce0-b3ff-21b0ae675b0f/datanode-7/data/ratis/4f39a868-caa9-4dad-99a3-cc960bd2c304 does not exist. Creating ...
2019-07-13 16:43:25,468 INFO  storage.RaftStorageDirectory (RaftStorageDirectory.java:tryLock(328)) - Lock on /tmp/workdir/hadoop-ozone/integration-test/target/test-dir/MiniOzoneClusterImpl-45e70ad9-0cd6-4ce0-b3ff-21b0ae675b0f/datanode-7/data/ratis/4f39a868-caa9-4dad-99a3-cc960bd2c304/in_use.lock acquired by nodename 23563@trunk-nightly-z92hn-1831959607
2019-07-13 16:43:25,471 INFO  storage.RaftStorage (RaftStorage.java:format(72)) - Storage directory /tmp/workdir/hadoop-ozone/integration-test/target/test-dir/MiniOzoneClusterImpl-45e70ad9-0cd6-4ce0-b3ff-21b0ae675b0f/datanode-7/data/ratis/4f39a868-caa9-4dad-99a3-cc960bd2c304 has been successfully formatted.
2019-07-13 16:43:25,471 INFO  ratis.ContainerStateMachine (ContainerStateMachine.java:loadSnapshot(200)) - The snapshot info is null.Setting the last applied index to:(t:0, i:~)
2019-07-13 16:43:25,471 INFO  server.RaftServerConfigKeys (ConfUtils.java:logGet(43)) - raft.server.leader.election.timeout = 120s (custom)
2019-07-13 16:43:25,471 INFO  server.RaftServerConfigKeys (ConfUtils.java:logGet(43)) - raft.server.log.use.memory = false (default)
2019-07-13 16:43:25,472 INFO  server.RaftServerConfigKeys (ConfUtils.java:logGet(43)) - raft.server.log.purge.gap = 1000000000 (custom)
2019-07-13 16:43:25,472 INFO  server.RaftServerConfigKeys (ConfUtils.java:logGet(43)) - raft.server.log.appender.buffer.byte-limit = 33554432 (custom)
2019-07-13 16:43:25,472 INFO  server.RaftServerConfigKeys (ConfUtils.java:logGet(43)) - raft.server.log.segment.size.max = 1048576 (custom)
2019-07-13 16:43:25,472 INFO  server.RaftServerConfigKeys (ConfUtils.java:logGet(43)) - raft.server.log.segment.cache.num.max = 2 (custom)
2019-07-13 16:43:25,472 INFO  segmented.SegmentedRaftLogWorker (SegmentedRaftLogWorker.java:<init>(172)) - new 4de4bd07-0ee6-49b6-aecf-8ed7c18cdab2-SegmentedRaftLogWorker:Storage Directory /tmp/workdir/hadoop-ozone/integration-test/target/test-dir/MiniOzoneClusterImpl-45e70ad9-0cd6-4ce0-b3ff-21b0ae675b0f/datanode-7/data/ratis/4f39a868-caa9-4dad-99a3-cc960bd2c304 for RaftStorage:Storage Directory /tmp/workdir/hadoop-ozone/integration-test/target/test-dir/MiniOzoneClusterImpl-45e70ad9-0cd6-4ce0-b3ff-21b0ae675b0f/datanode-7/data/ratis/4f39a868-caa9-4dad-99a3-cc960bd2c304
2019-07-13 16:43:25,473 INFO  server.RaftServerConfigKeys (ConfUtils.java:logGet(43)) - raft.server.log.queue.byte-limit = 2147483647 (custom)
2019-07-13 16:43:25,473 INFO  server.RaftServerConfigKeys (ConfUtils.java:logGet(43)) - raft.server.log.queue.element-limit = 1024 (custom)
2019-07-13 16:43:25,473 INFO  server.RaftServerConfigKeys (ConfUtils.java:logGet(43)) - raft.server.log.segment.size.max = 1048576 (custom)
2019-07-13 16:43:25,473 INFO  server.RaftServerConfigKeys (ConfUtils.java:logGet(43)) - raft.server.log.preallocated.size = 16384 (custom)
2019-07-13 16:43:25,473 INFO  server.RaftServerConfigKeys (ConfUtils.java:logGet(43)) - raft.server.log.write.buffer.size = 33554432 (custom)
2019-07-13 16:43:25,473 INFO  server.RaftServerConfigKeys (ConfUtils.java:logGet(43)) - raft.server.log.force.sync.num = 128 (default)
2019-07-13 16:43:25,474 INFO  server.RaftServerConfigKeys (ConfUtils.java:logGet(43)) - raft.server.log.statemachine.data.sync = true (default)
2019-07-13 16:43:25,474 INFO  server.RaftServerConfigKeys (ConfUtils.java:logGet(43)) - raft.server.log.statemachine.data.sync.timeout = 10s (default)
2019-07-13 16:43:25,474 INFO  server.RaftServerConfigKeys (ConfUtils.java:logGet(43)) - raft.server.log.statemachine.data.sync.timeout.retry = -1 (default)
2019-07-13 16:43:25,474 INFO  server.RaftServerConfigKeys (ConfUtils.java:logGet(43)) - raft.server.log.statemachine.data.caching.enabled = true (custom)
2019-07-13 16:43:25,475 INFO  segmented.SegmentedRaftLogWorker (SegmentedRaftLogWorker.java:lambda$new$0(132)) - 4de4bd07-0ee6-49b6-aecf-8ed7c18cdab2-SegmentedRaftLogWorker:Storage Directory /tmp/workdir/hadoop-ozone/integration-test/target/test-dir/MiniOzoneClusterImpl-45e70ad9-0cd6-4ce0-b3ff-21b0ae675b0f/datanode-7/data/ratis/4f39a868-caa9-4dad-99a3-cc960bd2c304: flushIndex: setUnconditionally 0 -> -1
2019-07-13 16:43:25,475 INFO  server.RaftServerConfigKeys (ConfUtils.java:logGet(43)) - raft.server.snapshot.auto.trigger.enabled = true (custom)
2019-07-13 16:43:25,475 INFO  server.RaftServerConfigKeys (ConfUtils.java:logGet(43)) - raft.server.snapshot.auto.trigger.threshold = 10000 (custom)
2019-07-13 16:43:25,476 INFO  server.RaftServerConfigKeys (ConfUtils.java:logGet(43)) - raft.server.retrycache.expirytime = 600000ms (custom)
2019-07-13 16:43:25,476 INFO  impl.RaftServerImpl (RaftServerImpl.java:start(180)) - 4de4bd07-0ee6-49b6-aecf-8ed7c18cdab2: start group-CC960BD2C304
2019-07-13 16:43:25,476 INFO  impl.RaftServerImpl (RaftServerImpl.java:setRole(171)) - 4de4bd07-0ee6-49b6-aecf-8ed7c18cdab2:group-CC960BD2C304 changes role from null to FOLLOWER at term 0 for startAsFollower
2019-07-13 16:43:25,476 INFO  impl.RoleInfo (RoleInfo.java:updateAndGet(143)) - 4de4bd07-0ee6-49b6-aecf-8ed7c18cdab2: start FollowerState
2019-07-13 16:43:25,477 INFO  util.JmxRegister (JmxRegister.java:tryRegister(44)) - Successfully registered JMX Bean with object name Ratis:service=RaftServer,group=group-CC960BD2C304,id=4de4bd07-0ee6-49b6-aecf-8ed7c18cdab2
2019-07-13 16:43:25,489 INFO  pipeline.PipelineStateManager (PipelineStateManager.java:addPipeline(56)) - Created pipeline Pipeline[ Id: 4f39a868-caa9-4dad-99a3-cc960bd2c304, Nodes: 4de4bd07-0ee6-49b6-aecf-8ed7c18cdab2{ip: 192.168.5.187, host: trunk-nightly-z92hn-1831959607, networkLocation: /default-rack, certSerialId: null}, Type:RATIS, Factor:ONE, State:OPEN]
2019-07-13 16:43:25,513 INFO  impl.RaftServerProxy (RaftServerProxy.java:addNew(89)) - 20deab3d-cdde-4bb6-ae2a-8dcb0a4e7782: addNew group-384402D46179:[20deab3d-cdde-4bb6-ae2a-8dcb0a4e7782:192.168.5.187:34251] returns group-384402D46179:java.util.concurrent.CompletableFuture@1899ead3[Not completed]
2019-07-13 16:43:25,515 INFO  impl.RaftServerImpl (RaftServerImpl.java:<init>(93)) - 20deab3d-cdde-4bb6-ae2a-8dcb0a4e7782: new RaftServerImpl for group-384402D46179:[20deab3d-cdde-4bb6-ae2a-8dcb0a4e7782:192.168.5.187:34251] with ContainerStateMachine:uninitialized
2019-07-13 16:43:25,515 INFO  server.RaftServerConfigKeys (ConfUtils.java:logGet(43)) - raft.server.rpc.timeout.min = 5s (custom)
2019-07-13 16:43:25,516 INFO  server.RaftServerConfigKeys (ConfUtils.java:logGet(43)) - raft.server.rpc.timeout.max = 5200ms (custom)
2019-07-13 16:43:25,516 INFO  server.RaftServerConfigKeys (ConfUtils.java:logGet(43)) - raft.server.rpcslowness.timeout = 120s (custom)
2019-07-13 16:43:25,516 INFO  server.RaftServerConfigKeys (ConfUtils.java:logGet(43)) - raft.server.sleep.deviation.threshold = 300 (default)
2019-07-13 16:43:25,516 INFO  server.RaftServerConfigKeys (ConfUtils.java:logGet(43)) - raft.server.log.appender.install.snapshot.enabled = false (custom)
2019-07-13 16:43:25,516 INFO  impl.RaftServerImpl (ServerState.java:<init>(105)) - 20deab3d-cdde-4bb6-ae2a-8dcb0a4e7782:group-384402D46179 ConfigurationManager, init=-1: [20deab3d-cdde-4bb6-ae2a-8dcb0a4e7782:192.168.5.187:34251], old=null, confs=<EMPTY_MAP>
2019-07-13 16:43:25,516 INFO  server.RaftServerConfigKeys (ConfUtils.java:logGet(43)) - raft.server.storage.dir = [/tmp/workdir/hadoop-ozone/integration-test/target/test-dir/MiniOzoneClusterImpl-45e70ad9-0cd6-4ce0-b3ff-21b0ae675b0f/datanode-6/data/ratis] (custom)
2019-07-13 16:43:25,517 INFO  storage.RaftStorageDirectory (RaftStorageDirectory.java:analyzeStorage(246)) - The storage directory /tmp/workdir/hadoop-ozone/integration-test/target/test-dir/MiniOzoneClusterImpl-45e70ad9-0cd6-4ce0-b3ff-21b0ae675b0f/datanode-6/data/ratis/dd11e239-44de-4258-8f52-384402d46179 does not exist. Creating ...
2019-07-13 16:43:25,528 INFO  storage.RaftStorageDirectory (RaftStorageDirectory.java:tryLock(328)) - Lock on /tmp/workdir/hadoop-ozone/integration-test/target/test-dir/MiniOzoneClusterImpl-45e70ad9-0cd6-4ce0-b3ff-21b0ae675b0f/datanode-6/data/ratis/dd11e239-44de-4258-8f52-384402d46179/in_use.lock acquired by nodename 23563@trunk-nightly-z92hn-1831959607
2019-07-13 16:43:25,532 INFO  storage.RaftStorage (RaftStorage.java:format(72)) - Storage directory /tmp/workdir/hadoop-ozone/integration-test/target/test-dir/MiniOzoneClusterImpl-45e70ad9-0cd6-4ce0-b3ff-21b0ae675b0f/datanode-6/data/ratis/dd11e239-44de-4258-8f52-384402d46179 has been successfully formatted.
2019-07-13 16:43:25,532 INFO  ratis.ContainerStateMachine (ContainerStateMachine.java:loadSnapshot(200)) - The snapshot info is null.Setting the last applied index to:(t:0, i:~)
2019-07-13 16:43:25,533 INFO  server.RaftServerConfigKeys (ConfUtils.java:logGet(43)) - raft.server.leader.election.timeout = 120s (custom)
2019-07-13 16:43:25,533 INFO  server.RaftServerConfigKeys (ConfUtils.java:logGet(43)) - raft.server.log.use.memory = false (default)
2019-07-13 16:43:25,533 INFO  server.RaftServerConfigKeys (ConfUtils.java:logGet(43)) - raft.server.log.purge.gap = 1000000000 (custom)
2019-07-13 16:43:25,533 INFO  server.RaftServerConfigKeys (ConfUtils.java:logGet(43)) - raft.server.log.appender.buffer.byte-limit = 33554432 (custom)
2019-07-13 16:43:25,533 INFO  server.RaftServerConfigKeys (ConfUtils.java:logGet(43)) - raft.server.log.segment.size.max = 1048576 (custom)
2019-07-13 16:43:25,534 INFO  server.RaftServerConfigKeys (ConfUtils.java:logGet(43)) - raft.server.log.segment.cache.num.max = 2 (custom)
2019-07-13 16:43:25,534 INFO  segmented.SegmentedRaftLogWorker (SegmentedRaftLogWorker.java:<init>(172)) - new 20deab3d-cdde-4bb6-ae2a-8dcb0a4e7782-SegmentedRaftLogWorker:Storage Directory /tmp/workdir/hadoop-ozone/integration-test/target/test-dir/MiniOzoneClusterImpl-45e70ad9-0cd6-4ce0-b3ff-21b0ae675b0f/datanode-6/data/ratis/dd11e239-44de-4258-8f52-384402d46179 for RaftStorage:Storage Directory /tmp/workdir/hadoop-ozone/integration-test/target/test-dir/MiniOzoneClusterImpl-45e70ad9-0cd6-4ce0-b3ff-21b0ae675b0f/datanode-6/data/ratis/dd11e239-44de-4258-8f52-384402d46179
2019-07-13 16:43:25,534 INFO  server.RaftServerConfigKeys (ConfUtils.java:logGet(43)) - raft.server.log.queue.byte-limit = 2147483647 (custom)
2019-07-13 16:43:25,534 INFO  server.RaftServerConfigKeys (ConfUtils.java:logGet(43)) - raft.server.log.queue.element-limit = 1024 (custom)
2019-07-13 16:43:25,534 INFO  server.RaftServerConfigKeys (ConfUtils.java:logGet(43)) - raft.server.log.segment.size.max = 1048576 (custom)
2019-07-13 16:43:25,535 INFO  server.RaftServerConfigKeys (ConfUtils.java:logGet(43)) - raft.server.log.preallocated.size = 16384 (custom)
2019-07-13 16:43:25,535 INFO  server.RaftServerConfigKeys (ConfUtils.java:logGet(43)) - raft.server.log.write.buffer.size = 33554432 (custom)
2019-07-13 16:43:25,535 INFO  server.RaftServerConfigKeys (ConfUtils.java:logGet(43)) - raft.server.log.force.sync.num = 128 (default)
2019-07-13 16:43:25,535 INFO  server.RaftServerConfigKeys (ConfUtils.java:logGet(43)) - raft.server.log.statemachine.data.sync = true (default)
2019-07-13 16:43:25,535 INFO  server.RaftServerConfigKeys (ConfUtils.java:logGet(43)) - raft.server.log.statemachine.data.sync.timeout = 10s (default)
2019-07-13 16:43:25,535 INFO  server.RaftServerConfigKeys (ConfUtils.java:logGet(43)) - raft.server.log.statemachine.data.sync.timeout.retry = -1 (default)
2019-07-13 16:43:25,536 INFO  server.RaftServerConfigKeys (ConfUtils.java:logGet(43)) - raft.server.log.statemachine.data.caching.enabled = true (custom)
2019-07-13 16:43:25,536 INFO  segmented.SegmentedRaftLogWorker (SegmentedRaftLogWorker.java:lambda$new$0(132)) - 20deab3d-cdde-4bb6-ae2a-8dcb0a4e7782-SegmentedRaftLogWorker:Storage Directory /tmp/workdir/hadoop-ozone/integration-test/target/test-dir/MiniOzoneClusterImpl-45e70ad9-0cd6-4ce0-b3ff-21b0ae675b0f/datanode-6/data/ratis/dd11e239-44de-4258-8f52-384402d46179: flushIndex: setUnconditionally 0 -> -1
2019-07-13 16:43:25,537 INFO  server.RaftServerConfigKeys (ConfUtils.java:logGet(43)) - raft.server.snapshot.auto.trigger.enabled = true (custom)
2019-07-13 16:43:25,537 INFO  server.RaftServerConfigKeys (ConfUtils.java:logGet(43)) - raft.server.snapshot.auto.trigger.threshold = 10000 (custom)
2019-07-13 16:43:25,537 INFO  server.RaftServerConfigKeys (ConfUtils.java:logGet(43)) - raft.server.retrycache.expirytime = 600000ms (custom)
2019-07-13 16:43:25,537 INFO  impl.RaftServerImpl (RaftServerImpl.java:start(180)) - 20deab3d-cdde-4bb6-ae2a-8dcb0a4e7782: start group-384402D46179
2019-07-13 16:43:25,538 INFO  impl.RaftServerImpl (RaftServerImpl.java:setRole(171)) - 20deab3d-cdde-4bb6-ae2a-8dcb0a4e7782:group-384402D46179 changes role from null to FOLLOWER at term 0 for startAsFollower
2019-07-13 16:43:25,538 INFO  impl.RoleInfo (RoleInfo.java:updateAndGet(143)) - 20deab3d-cdde-4bb6-ae2a-8dcb0a4e7782: start FollowerState
2019-07-13 16:43:25,538 INFO  util.JmxRegister (JmxRegister.java:tryRegister(44)) - Successfully registered JMX Bean with object name Ratis:service=RaftServer,group=group-384402D46179,id=20deab3d-cdde-4bb6-ae2a-8dcb0a4e7782
2019-07-13 16:43:25,558 INFO  pipeline.PipelineStateManager (PipelineStateManager.java:addPipeline(56)) - Created pipeline Pipeline[ Id: dd11e239-44de-4258-8f52-384402d46179, Nodes: 20deab3d-cdde-4bb6-ae2a-8dcb0a4e7782{ip: 192.168.5.187, host: trunk-nightly-z92hn-1831959607, networkLocation: /default-rack, certSerialId: null}, Type:RATIS, Factor:ONE, State:OPEN]
2019-07-13 16:43:25,579 INFO  impl.RaftServerProxy (RaftServerProxy.java:addNew(89)) - ea57a461-ebfd-4b5e-ab90-dd623b61ca0f: addNew group-19D590D1E006:[ea57a461-ebfd-4b5e-ab90-dd623b61ca0f:192.168.5.187:41204] returns group-19D590D1E006:java.util.concurrent.CompletableFuture@1788565a[Not completed]
2019-07-13 16:43:25,581 INFO  impl.RaftServerImpl (RaftServerImpl.java:<init>(93)) - ea57a461-ebfd-4b5e-ab90-dd623b61ca0f: new RaftServerImpl for group-19D590D1E006:[ea57a461-ebfd-4b5e-ab90-dd623b61ca0f:192.168.5.187:41204] with ContainerStateMachine:uninitialized
2019-07-13 16:43:25,581 INFO  server.RaftServerConfigKeys (ConfUtils.java:logGet(43)) - raft.server.rpc.timeout.min = 5s (custom)
2019-07-13 16:43:25,582 INFO  server.RaftServerConfigKeys (ConfUtils.java:logGet(43)) - raft.server.rpc.timeout.max = 5200ms (custom)
2019-07-13 16:43:25,582 INFO  server.RaftServerConfigKeys (ConfUtils.java:logGet(43)) - raft.server.rpcslowness.timeout = 120s (custom)
2019-07-13 16:43:25,584 INFO  server.RaftServerConfigKeys (ConfUtils.java:logGet(43)) - raft.server.sleep.deviation.threshold = 300 (default)
2019-07-13 16:43:25,584 INFO  server.RaftServerConfigKeys (ConfUtils.java:logGet(43)) - raft.server.log.appender.install.snapshot.enabled = false (custom)
2019-07-13 16:43:25,585 INFO  impl.RaftServerImpl (ServerState.java:<init>(105)) - ea57a461-ebfd-4b5e-ab90-dd623b61ca0f:group-19D590D1E006 ConfigurationManager, init=-1: [ea57a461-ebfd-4b5e-ab90-dd623b61ca0f:192.168.5.187:41204], old=null, confs=<EMPTY_MAP>
2019-07-13 16:43:25,585 INFO  server.RaftServerConfigKeys (ConfUtils.java:logGet(43)) - raft.server.storage.dir = [/tmp/workdir/hadoop-ozone/integration-test/target/test-dir/MiniOzoneClusterImpl-45e70ad9-0cd6-4ce0-b3ff-21b0ae675b0f/datanode-1/data/ratis] (custom)
2019-07-13 16:43:25,585 INFO  node.SCMNodeManager (SCMNodeManager.java:register(269)) - Registered Data node : cc67199d-6871-48e4-9a9e-abafdf42f4e1{ip: 192.168.5.187, host: trunk-nightly-z92hn-1831959607, networkLocation: /default-rack, certSerialId: null}
2019-07-13 16:43:25,585 INFO  storage.RaftStorageDirectory (RaftStorageDirectory.java:analyzeStorage(246)) - The storage directory /tmp/workdir/hadoop-ozone/integration-test/target/test-dir/MiniOzoneClusterImpl-45e70ad9-0cd6-4ce0-b3ff-21b0ae675b0f/datanode-1/data/ratis/be322ffa-d6fb-43f2-b85a-19d590d1e006 does not exist. Creating ...
2019-07-13 16:43:25,599 INFO  storage.RaftStorageDirectory (RaftStorageDirectory.java:tryLock(328)) - Lock on /tmp/workdir/hadoop-ozone/integration-test/target/test-dir/MiniOzoneClusterImpl-45e70ad9-0cd6-4ce0-b3ff-21b0ae675b0f/datanode-1/data/ratis/be322ffa-d6fb-43f2-b85a-19d590d1e006/in_use.lock acquired by nodename 23563@trunk-nightly-z92hn-1831959607
2019-07-13 16:43:25,602 INFO  storage.RaftStorage (RaftStorage.java:format(72)) - Storage directory /tmp/workdir/hadoop-ozone/integration-test/target/test-dir/MiniOzoneClusterImpl-45e70ad9-0cd6-4ce0-b3ff-21b0ae675b0f/datanode-1/data/ratis/be322ffa-d6fb-43f2-b85a-19d590d1e006 has been successfully formatted.
2019-07-13 16:43:25,602 INFO  ratis.ContainerStateMachine (ContainerStateMachine.java:loadSnapshot(200)) - The snapshot info is null.Setting the last applied index to:(t:0, i:~)
2019-07-13 16:43:25,602 INFO  server.RaftServerConfigKeys (ConfUtils.java:logGet(43)) - raft.server.leader.election.timeout = 120s (custom)
2019-07-13 16:43:25,603 INFO  server.RaftServerConfigKeys (ConfUtils.java:logGet(43)) - raft.server.log.use.memory = false (default)
2019-07-13 16:43:25,603 INFO  server.RaftServerConfigKeys (ConfUtils.java:logGet(43)) - raft.server.log.purge.gap = 1000000000 (custom)
2019-07-13 16:43:25,603 INFO  server.RaftServerConfigKeys (ConfUtils.java:logGet(43)) - raft.server.log.appender.buffer.byte-limit = 33554432 (custom)
2019-07-13 16:43:25,603 INFO  server.RaftServerConfigKeys (ConfUtils.java:logGet(43)) - raft.server.log.segment.size.max = 1048576 (custom)
2019-07-13 16:43:25,603 INFO  server.RaftServerConfigKeys (ConfUtils.java:logGet(43)) - raft.server.log.segment.cache.num.max = 2 (custom)
2019-07-13 16:43:25,604 INFO  segmented.SegmentedRaftLogWorker (SegmentedRaftLogWorker.java:<init>(172)) - new ea57a461-ebfd-4b5e-ab90-dd623b61ca0f-SegmentedRaftLogWorker:Storage Directory /tmp/workdir/hadoop-ozone/integration-test/target/test-dir/MiniOzoneClusterImpl-45e70ad9-0cd6-4ce0-b3ff-21b0ae675b0f/datanode-1/data/ratis/be322ffa-d6fb-43f2-b85a-19d590d1e006 for RaftStorage:Storage Directory /tmp/workdir/hadoop-ozone/integration-test/target/test-dir/MiniOzoneClusterImpl-45e70ad9-0cd6-4ce0-b3ff-21b0ae675b0f/datanode-1/data/ratis/be322ffa-d6fb-43f2-b85a-19d590d1e006
2019-07-13 16:43:25,604 INFO  server.RaftServerConfigKeys (ConfUtils.java:logGet(43)) - raft.server.log.queue.byte-limit = 2147483647 (custom)
2019-07-13 16:43:25,604 INFO  server.RaftServerConfigKeys (ConfUtils.java:logGet(43)) - raft.server.log.queue.element-limit = 1024 (custom)
2019-07-13 16:43:25,604 INFO  server.RaftServerConfigKeys (ConfUtils.java:logGet(43)) - raft.server.log.segment.size.max = 1048576 (custom)
2019-07-13 16:43:25,605 INFO  server.RaftServerConfigKeys (ConfUtils.java:logGet(43)) - raft.server.log.preallocated.size = 16384 (custom)
2019-07-13 16:43:25,605 INFO  server.RaftServerConfigKeys (ConfUtils.java:logGet(43)) - raft.server.log.write.buffer.size = 33554432 (custom)
2019-07-13 16:43:25,605 INFO  server.RaftServerConfigKeys (ConfUtils.java:logGet(43)) - raft.server.log.force.sync.num = 128 (default)
2019-07-13 16:43:25,605 INFO  server.RaftServerConfigKeys (ConfUtils.java:logGet(43)) - raft.server.log.statemachine.data.sync = true (default)
2019-07-13 16:43:25,605 INFO  server.RaftServerConfigKeys (ConfUtils.java:logGet(43)) - raft.server.log.statemachine.data.sync.timeout = 10s (default)
2019-07-13 16:43:25,605 INFO  server.RaftServerConfigKeys (ConfUtils.java:logGet(43)) - raft.server.log.statemachine.data.sync.timeout.retry = -1 (default)
2019-07-13 16:43:25,606 INFO  server.RaftServerConfigKeys (ConfUtils.java:logGet(43)) - raft.server.log.statemachine.data.caching.enabled = true (custom)
2019-07-13 16:43:25,606 INFO  segmented.SegmentedRaftLogWorker (SegmentedRaftLogWorker.java:lambda$new$0(132)) - ea57a461-ebfd-4b5e-ab90-dd623b61ca0f-SegmentedRaftLogWorker:Storage Directory /tmp/workdir/hadoop-ozone/integration-test/target/test-dir/MiniOzoneClusterImpl-45e70ad9-0cd6-4ce0-b3ff-21b0ae675b0f/datanode-1/data/ratis/be322ffa-d6fb-43f2-b85a-19d590d1e006: flushIndex: setUnconditionally 0 -> -1
2019-07-13 16:43:25,607 INFO  server.RaftServerConfigKeys (ConfUtils.java:logGet(43)) - raft.server.snapshot.auto.trigger.enabled = true (custom)
2019-07-13 16:43:25,607 INFO  server.RaftServerConfigKeys (ConfUtils.java:logGet(43)) - raft.server.snapshot.auto.trigger.threshold = 10000 (custom)
2019-07-13 16:43:25,607 INFO  server.RaftServerConfigKeys (ConfUtils.java:logGet(43)) - raft.server.retrycache.expirytime = 600000ms (custom)
2019-07-13 16:43:25,607 INFO  impl.RaftServerImpl (RaftServerImpl.java:start(180)) - ea57a461-ebfd-4b5e-ab90-dd623b61ca0f: start group-19D590D1E006
2019-07-13 16:43:25,607 INFO  impl.RaftServerImpl (RaftServerImpl.java:setRole(171)) - ea57a461-ebfd-4b5e-ab90-dd623b61ca0f:group-19D590D1E006 changes role from null to FOLLOWER at term 0 for startAsFollower
2019-07-13 16:43:25,608 INFO  impl.RoleInfo (RoleInfo.java:updateAndGet(143)) - ea57a461-ebfd-4b5e-ab90-dd623b61ca0f: start FollowerState
2019-07-13 16:43:25,608 INFO  util.JmxRegister (JmxRegister.java:tryRegister(44)) - Successfully registered JMX Bean with object name Ratis:service=RaftServer,group=group-19D590D1E006,id=ea57a461-ebfd-4b5e-ab90-dd623b61ca0f
2019-07-13 16:43:25,625 INFO  pipeline.PipelineStateManager (PipelineStateManager.java:addPipeline(56)) - Created pipeline Pipeline[ Id: be322ffa-d6fb-43f2-b85a-19d590d1e006, Nodes: ea57a461-ebfd-4b5e-ab90-dd623b61ca0f{ip: 192.168.5.187, host: trunk-nightly-z92hn-1831959607, networkLocation: /default-rack, certSerialId: null}, Type:RATIS, Factor:ONE, State:OPEN]
2019-07-13 16:43:25,650 INFO  impl.RaftServerProxy (RaftServerProxy.java:addNew(89)) - df4a0ac6-dd37-499a-b832-8a38d5a50355: addNew group-4929FFC96863:[df4a0ac6-dd37-499a-b832-8a38d5a50355:192.168.5.187:45430] returns group-4929FFC96863:java.util.concurrent.CompletableFuture@8434f1e[Not completed]
2019-07-13 16:43:25,652 INFO  impl.RaftServerImpl (RaftServerImpl.java:<init>(93)) - df4a0ac6-dd37-499a-b832-8a38d5a50355: new RaftServerImpl for group-4929FFC96863:[df4a0ac6-dd37-499a-b832-8a38d5a50355:192.168.5.187:45430] with ContainerStateMachine:uninitialized
2019-07-13 16:43:25,652 INFO  server.RaftServerConfigKeys (ConfUtils.java:logGet(43)) - raft.server.rpc.timeout.min = 5s (custom)
2019-07-13 16:43:25,652 INFO  server.RaftServerConfigKeys (ConfUtils.java:logGet(43)) - raft.server.rpc.timeout.max = 5200ms (custom)
2019-07-13 16:43:25,652 INFO  server.RaftServerConfigKeys (ConfUtils.java:logGet(43)) - raft.server.rpcslowness.timeout = 120s (custom)
2019-07-13 16:43:25,652 INFO  server.RaftServerConfigKeys (ConfUtils.java:logGet(43)) - raft.server.sleep.deviation.threshold = 300 (default)
2019-07-13 16:43:25,653 INFO  server.RaftServerConfigKeys (ConfUtils.java:logGet(43)) - raft.server.log.appender.install.snapshot.enabled = false (custom)
2019-07-13 16:43:25,653 INFO  impl.RaftServerImpl (ServerState.java:<init>(105)) - df4a0ac6-dd37-499a-b832-8a38d5a50355:group-4929FFC96863 ConfigurationManager, init=-1: [df4a0ac6-dd37-499a-b832-8a38d5a50355:192.168.5.187:45430], old=null, confs=<EMPTY_MAP>
2019-07-13 16:43:25,653 INFO  server.RaftServerConfigKeys (ConfUtils.java:logGet(43)) - raft.server.storage.dir = [/tmp/workdir/hadoop-ozone/integration-test/target/test-dir/MiniOzoneClusterImpl-45e70ad9-0cd6-4ce0-b3ff-21b0ae675b0f/datanode-3/data/ratis] (custom)
2019-07-13 16:43:25,653 INFO  storage.RaftStorageDirectory (RaftStorageDirectory.java:analyzeStorage(246)) - The storage directory /tmp/workdir/hadoop-ozone/integration-test/target/test-dir/MiniOzoneClusterImpl-45e70ad9-0cd6-4ce0-b3ff-21b0ae675b0f/datanode-3/data/ratis/d7ac6c95-7d4e-4e89-b1ce-4929ffc96863 does not exist. Creating ...
2019-07-13 16:43:25,665 INFO  storage.RaftStorageDirectory (RaftStorageDirectory.java:tryLock(328)) - Lock on /tmp/workdir/hadoop-ozone/integration-test/target/test-dir/MiniOzoneClusterImpl-45e70ad9-0cd6-4ce0-b3ff-21b0ae675b0f/datanode-3/data/ratis/d7ac6c95-7d4e-4e89-b1ce-4929ffc96863/in_use.lock acquired by nodename 23563@trunk-nightly-z92hn-1831959607
2019-07-13 16:43:25,675 INFO  storage.RaftStorage (RaftStorage.java:format(72)) - Storage directory /tmp/workdir/hadoop-ozone/integration-test/target/test-dir/MiniOzoneClusterImpl-45e70ad9-0cd6-4ce0-b3ff-21b0ae675b0f/datanode-3/data/ratis/d7ac6c95-7d4e-4e89-b1ce-4929ffc96863 has been successfully formatted.
2019-07-13 16:43:25,675 INFO  ratis.ContainerStateMachine (ContainerStateMachine.java:loadSnapshot(200)) - The snapshot info is null.Setting the last applied index to:(t:0, i:~)
2019-07-13 16:43:25,676 INFO  server.RaftServerConfigKeys (ConfUtils.java:logGet(43)) - raft.server.leader.election.timeout = 120s (custom)
2019-07-13 16:43:25,676 INFO  server.RaftServerConfigKeys (ConfUtils.java:logGet(43)) - raft.server.log.use.memory = false (default)
2019-07-13 16:43:25,676 INFO  server.RaftServerConfigKeys (ConfUtils.java:logGet(43)) - raft.server.log.purge.gap = 1000000000 (custom)
2019-07-13 16:43:25,676 INFO  server.RaftServerConfigKeys (ConfUtils.java:logGet(43)) - raft.server.log.appender.buffer.byte-limit = 33554432 (custom)
2019-07-13 16:43:25,676 INFO  server.RaftServerConfigKeys (ConfUtils.java:logGet(43)) - raft.server.log.segment.size.max = 1048576 (custom)
2019-07-13 16:43:25,677 INFO  server.RaftServerConfigKeys (ConfUtils.java:logGet(43)) - raft.server.log.segment.cache.num.max = 2 (custom)
2019-07-13 16:43:25,677 INFO  segmented.SegmentedRaftLogWorker (SegmentedRaftLogWorker.java:<init>(172)) - new df4a0ac6-dd37-499a-b832-8a38d5a50355-SegmentedRaftLogWorker:Storage Directory /tmp/workdir/hadoop-ozone/integration-test/target/test-dir/MiniOzoneClusterImpl-45e70ad9-0cd6-4ce0-b3ff-21b0ae675b0f/datanode-3/data/ratis/d7ac6c95-7d4e-4e89-b1ce-4929ffc96863 for RaftStorage:Storage Directory /tmp/workdir/hadoop-ozone/integration-test/target/test-dir/MiniOzoneClusterImpl-45e70ad9-0cd6-4ce0-b3ff-21b0ae675b0f/datanode-3/data/ratis/d7ac6c95-7d4e-4e89-b1ce-4929ffc96863
2019-07-13 16:43:25,677 INFO  server.RaftServerConfigKeys (ConfUtils.java:logGet(43)) - raft.server.log.queue.byte-limit = 2147483647 (custom)
2019-07-13 16:43:25,677 INFO  server.RaftServerConfigKeys (ConfUtils.java:logGet(43)) - raft.server.log.queue.element-limit = 1024 (custom)
2019-07-13 16:43:25,677 INFO  server.RaftServerConfigKeys (ConfUtils.java:logGet(43)) - raft.server.log.segment.size.max = 1048576 (custom)
2019-07-13 16:43:25,678 INFO  server.RaftServerConfigKeys (ConfUtils.java:logGet(43)) - raft.server.log.preallocated.size = 16384 (custom)
2019-07-13 16:43:25,678 INFO  server.RaftServerConfigKeys (ConfUtils.java:logGet(43)) - raft.server.log.write.buffer.size = 33554432 (custom)
2019-07-13 16:43:25,678 INFO  server.RaftServerConfigKeys (ConfUtils.java:logGet(43)) - raft.server.log.force.sync.num = 128 (default)
2019-07-13 16:43:25,678 INFO  server.RaftServerConfigKeys (ConfUtils.java:logGet(43)) - raft.server.log.statemachine.data.sync = true (default)
2019-07-13 16:43:25,678 INFO  server.RaftServerConfigKeys (ConfUtils.java:logGet(43)) - raft.server.log.statemachine.data.sync.timeout = 10s (default)
2019-07-13 16:43:25,678 INFO  server.RaftServerConfigKeys (ConfUtils.java:logGet(43)) - raft.server.log.statemachine.data.sync.timeout.retry = -1 (default)
2019-07-13 16:43:25,679 INFO  server.RaftServerConfigKeys (ConfUtils.java:logGet(43)) - raft.server.log.statemachine.data.caching.enabled = true (custom)
2019-07-13 16:43:25,679 INFO  segmented.SegmentedRaftLogWorker (SegmentedRaftLogWorker.java:lambda$new$0(132)) - df4a0ac6-dd37-499a-b832-8a38d5a50355-SegmentedRaftLogWorker:Storage Directory /tmp/workdir/hadoop-ozone/integration-test/target/test-dir/MiniOzoneClusterImpl-45e70ad9-0cd6-4ce0-b3ff-21b0ae675b0f/datanode-3/data/ratis/d7ac6c95-7d4e-4e89-b1ce-4929ffc96863: flushIndex: setUnconditionally 0 -> -1
2019-07-13 16:43:25,680 INFO  server.RaftServerConfigKeys (ConfUtils.java:logGet(43)) - raft.server.snapshot.auto.trigger.enabled = true (custom)
2019-07-13 16:43:25,680 INFO  server.RaftServerConfigKeys (ConfUtils.java:logGet(43)) - raft.server.snapshot.auto.trigger.threshold = 10000 (custom)
2019-07-13 16:43:25,680 INFO  server.RaftServerConfigKeys (ConfUtils.java:logGet(43)) - raft.server.retrycache.expirytime = 600000ms (custom)
2019-07-13 16:43:25,680 INFO  impl.RaftServerImpl (RaftServerImpl.java:start(180)) - df4a0ac6-dd37-499a-b832-8a38d5a50355: start group-4929FFC96863
2019-07-13 16:43:25,680 INFO  impl.RaftServerImpl (RaftServerImpl.java:setRole(171)) - df4a0ac6-dd37-499a-b832-8a38d5a50355:group-4929FFC96863 changes role from null to FOLLOWER at term 0 for startAsFollower
2019-07-13 16:43:25,681 INFO  impl.RoleInfo (RoleInfo.java:updateAndGet(143)) - df4a0ac6-dd37-499a-b832-8a38d5a50355: start FollowerState
2019-07-13 16:43:25,681 INFO  util.JmxRegister (JmxRegister.java:tryRegister(44)) - Successfully registered JMX Bean with object name Ratis:service=RaftServer,group=group-4929FFC96863,id=df4a0ac6-dd37-499a-b832-8a38d5a50355
2019-07-13 16:43:25,698 INFO  pipeline.PipelineStateManager (PipelineStateManager.java:addPipeline(56)) - Created pipeline Pipeline[ Id: d7ac6c95-7d4e-4e89-b1ce-4929ffc96863, Nodes: df4a0ac6-dd37-499a-b832-8a38d5a50355{ip: 192.168.5.187, host: trunk-nightly-z92hn-1831959607, networkLocation: /default-rack, certSerialId: null}, Type:RATIS, Factor:ONE, State:OPEN]
2019-07-13 16:43:25,721 INFO  impl.RaftServerProxy (RaftServerProxy.java:addNew(89)) - cc67199d-6871-48e4-9a9e-abafdf42f4e1: addNew group-899321F5E679:[cc67199d-6871-48e4-9a9e-abafdf42f4e1:192.168.5.187:41826] returns group-899321F5E679:java.util.concurrent.CompletableFuture@124399d[Not completed]
2019-07-13 16:43:25,722 INFO  impl.RaftServerImpl (RaftServerImpl.java:<init>(93)) - cc67199d-6871-48e4-9a9e-abafdf42f4e1: new RaftServerImpl for group-899321F5E679:[cc67199d-6871-48e4-9a9e-abafdf42f4e1:192.168.5.187:41826] with ContainerStateMachine:uninitialized
2019-07-13 16:43:25,723 INFO  server.RaftServerConfigKeys (ConfUtils.java:logGet(43)) - raft.server.rpc.timeout.min = 5s (custom)
2019-07-13 16:43:25,723 INFO  server.RaftServerConfigKeys (ConfUtils.java:logGet(43)) - raft.server.rpc.timeout.max = 5200ms (custom)
2019-07-13 16:43:25,723 INFO  server.RaftServerConfigKeys (ConfUtils.java:logGet(43)) - raft.server.rpcslowness.timeout = 120s (custom)
2019-07-13 16:43:25,723 INFO  server.RaftServerConfigKeys (ConfUtils.java:logGet(43)) - raft.server.sleep.deviation.threshold = 300 (default)
2019-07-13 16:43:25,723 INFO  server.RaftServerConfigKeys (ConfUtils.java:logGet(43)) - raft.server.log.appender.install.snapshot.enabled = false (custom)
2019-07-13 16:43:25,724 INFO  impl.RaftServerImpl (ServerState.java:<init>(105)) - cc67199d-6871-48e4-9a9e-abafdf42f4e1:group-899321F5E679 ConfigurationManager, init=-1: [cc67199d-6871-48e4-9a9e-abafdf42f4e1:192.168.5.187:41826], old=null, confs=<EMPTY_MAP>
2019-07-13 16:43:25,724 INFO  server.RaftServerConfigKeys (ConfUtils.java:logGet(43)) - raft.server.storage.dir = [/tmp/workdir/hadoop-ozone/integration-test/target/test-dir/MiniOzoneClusterImpl-45e70ad9-0cd6-4ce0-b3ff-21b0ae675b0f/datanode-8/data/ratis] (custom)
2019-07-13 16:43:25,724 INFO  storage.RaftStorageDirectory (RaftStorageDirectory.java:analyzeStorage(246)) - The storage directory /tmp/workdir/hadoop-ozone/integration-test/target/test-dir/MiniOzoneClusterImpl-45e70ad9-0cd6-4ce0-b3ff-21b0ae675b0f/datanode-8/data/ratis/eba7ef0f-9eca-466b-9106-899321f5e679 does not exist. Creating ...
2019-07-13 16:43:25,729 INFO  storage.RaftStorageDirectory (RaftStorageDirectory.java:tryLock(328)) - Lock on /tmp/workdir/hadoop-ozone/integration-test/target/test-dir/MiniOzoneClusterImpl-45e70ad9-0cd6-4ce0-b3ff-21b0ae675b0f/datanode-8/data/ratis/eba7ef0f-9eca-466b-9106-899321f5e679/in_use.lock acquired by nodename 23563@trunk-nightly-z92hn-1831959607
2019-07-13 16:43:25,793 INFO  node.SCMNodeManager (SCMNodeManager.java:register(269)) - Registered Data node : 3a018f76-c0d2-452c-8921-ba44ebbfd4f7{ip: 192.168.5.187, host: trunk-nightly-z92hn-1831959607, networkLocation: /default-rack, certSerialId: null}
2019-07-13 16:43:25,802 INFO  storage.RaftStorage (RaftStorage.java:format(72)) - Storage directory /tmp/workdir/hadoop-ozone/integration-test/target/test-dir/MiniOzoneClusterImpl-45e70ad9-0cd6-4ce0-b3ff-21b0ae675b0f/datanode-8/data/ratis/eba7ef0f-9eca-466b-9106-899321f5e679 has been successfully formatted.
2019-07-13 16:43:25,802 INFO  ratis.ContainerStateMachine (ContainerStateMachine.java:loadSnapshot(200)) - The snapshot info is null.Setting the last applied index to:(t:0, i:~)
2019-07-13 16:43:25,802 INFO  server.RaftServerConfigKeys (ConfUtils.java:logGet(43)) - raft.server.leader.election.timeout = 120s (custom)
2019-07-13 16:43:25,803 INFO  server.RaftServerConfigKeys (ConfUtils.java:logGet(43)) - raft.server.log.use.memory = false (default)
2019-07-13 16:43:25,803 INFO  server.RaftServerConfigKeys (ConfUtils.java:logGet(43)) - raft.server.log.purge.gap = 1000000000 (custom)
2019-07-13 16:43:25,803 INFO  server.RaftServerConfigKeys (ConfUtils.java:logGet(43)) - raft.server.log.appender.buffer.byte-limit = 33554432 (custom)
2019-07-13 16:43:25,803 INFO  server.RaftServerConfigKeys (ConfUtils.java:logGet(43)) - raft.server.log.segment.size.max = 1048576 (custom)
2019-07-13 16:43:25,803 INFO  server.RaftServerConfigKeys (ConfUtils.java:logGet(43)) - raft.server.log.segment.cache.num.max = 2 (custom)
2019-07-13 16:43:25,804 INFO  segmented.SegmentedRaftLogWorker (SegmentedRaftLogWorker.java:<init>(172)) - new cc67199d-6871-48e4-9a9e-abafdf42f4e1-SegmentedRaftLogWorker:Storage Directory /tmp/workdir/hadoop-ozone/integration-test/target/test-dir/MiniOzoneClusterImpl-45e70ad9-0cd6-4ce0-b3ff-21b0ae675b0f/datanode-8/data/ratis/eba7ef0f-9eca-466b-9106-899321f5e679 for RaftStorage:Storage Directory /tmp/workdir/hadoop-ozone/integration-test/target/test-dir/MiniOzoneClusterImpl-45e70ad9-0cd6-4ce0-b3ff-21b0ae675b0f/datanode-8/data/ratis/eba7ef0f-9eca-466b-9106-899321f5e679
2019-07-13 16:43:25,804 INFO  server.RaftServerConfigKeys (ConfUtils.java:logGet(43)) - raft.server.log.queue.byte-limit = 2147483647 (custom)
2019-07-13 16:43:25,804 INFO  server.RaftServerConfigKeys (ConfUtils.java:logGet(43)) - raft.server.log.queue.element-limit = 1024 (custom)
2019-07-13 16:43:25,805 INFO  server.RaftServerConfigKeys (ConfUtils.java:logGet(43)) - raft.server.log.segment.size.max = 1048576 (custom)
2019-07-13 16:43:25,805 INFO  server.RaftServerConfigKeys (ConfUtils.java:logGet(43)) - raft.server.log.preallocated.size = 16384 (custom)
2019-07-13 16:43:25,805 INFO  server.RaftServerConfigKeys (ConfUtils.java:logGet(43)) - raft.server.log.write.buffer.size = 33554432 (custom)
2019-07-13 16:43:25,805 INFO  server.RaftServerConfigKeys (ConfUtils.java:logGet(43)) - raft.server.log.force.sync.num = 128 (default)
2019-07-13 16:43:25,805 INFO  server.RaftServerConfigKeys (ConfUtils.java:logGet(43)) - raft.server.log.statemachine.data.sync = true (default)
2019-07-13 16:43:25,806 INFO  server.RaftServerConfigKeys (ConfUtils.java:logGet(43)) - raft.server.log.statemachine.data.sync.timeout = 10s (default)
2019-07-13 16:43:25,806 INFO  server.RaftServerConfigKeys (ConfUtils.java:logGet(43)) - raft.server.log.statemachine.data.sync.timeout.retry = -1 (default)
2019-07-13 16:43:25,806 INFO  server.RaftServerConfigKeys (ConfUtils.java:logGet(43)) - raft.server.log.statemachine.data.caching.enabled = true (custom)
2019-07-13 16:43:25,807 INFO  segmented.SegmentedRaftLogWorker (SegmentedRaftLogWorker.java:lambda$new$0(132)) - cc67199d-6871-48e4-9a9e-abafdf42f4e1-SegmentedRaftLogWorker:Storage Directory /tmp/workdir/hadoop-ozone/integration-test/target/test-dir/MiniOzoneClusterImpl-45e70ad9-0cd6-4ce0-b3ff-21b0ae675b0f/datanode-8/data/ratis/eba7ef0f-9eca-466b-9106-899321f5e679: flushIndex: setUnconditionally 0 -> -1
2019-07-13 16:43:25,807 INFO  server.RaftServerConfigKeys (ConfUtils.java:logGet(43)) - raft.server.snapshot.auto.trigger.enabled = true (custom)
2019-07-13 16:43:25,807 INFO  server.RaftServerConfigKeys (ConfUtils.java:logGet(43)) - raft.server.snapshot.auto.trigger.threshold = 10000 (custom)
2019-07-13 16:43:25,807 INFO  server.RaftServerConfigKeys (ConfUtils.java:logGet(43)) - raft.server.retrycache.expirytime = 600000ms (custom)
2019-07-13 16:43:25,808 INFO  impl.RaftServerImpl (RaftServerImpl.java:start(180)) - cc67199d-6871-48e4-9a9e-abafdf42f4e1: start group-899321F5E679
2019-07-13 16:43:25,808 INFO  impl.RaftServerImpl (RaftServerImpl.java:setRole(171)) - cc67199d-6871-48e4-9a9e-abafdf42f4e1:group-899321F5E679 changes role from null to FOLLOWER at term 0 for startAsFollower
2019-07-13 16:43:25,808 INFO  impl.RoleInfo (RoleInfo.java:updateAndGet(143)) - cc67199d-6871-48e4-9a9e-abafdf42f4e1: start FollowerState
2019-07-13 16:43:25,809 INFO  util.JmxRegister (JmxRegister.java:tryRegister(44)) - Successfully registered JMX Bean with object name Ratis:service=RaftServer,group=group-899321F5E679,id=cc67199d-6871-48e4-9a9e-abafdf42f4e1
2019-07-13 16:43:25,832 INFO  pipeline.PipelineStateManager (PipelineStateManager.java:addPipeline(56)) - Created pipeline Pipeline[ Id: eba7ef0f-9eca-466b-9106-899321f5e679, Nodes: cc67199d-6871-48e4-9a9e-abafdf42f4e1{ip: 192.168.5.187, host: trunk-nightly-z92hn-1831959607, networkLocation: /default-rack, certSerialId: null}, Type:RATIS, Factor:ONE, State:OPEN]
2019-07-13 16:43:25,857 INFO  impl.RaftServerProxy (RaftServerProxy.java:addNew(89)) - 3a018f76-c0d2-452c-8921-ba44ebbfd4f7: addNew group-926CE46D322C:[3a018f76-c0d2-452c-8921-ba44ebbfd4f7:192.168.5.187:35541] returns group-926CE46D322C:java.util.concurrent.CompletableFuture@2bfa3f04[Not completed]
2019-07-13 16:43:25,858 INFO  impl.RaftServerImpl (RaftServerImpl.java:<init>(93)) - 3a018f76-c0d2-452c-8921-ba44ebbfd4f7: new RaftServerImpl for group-926CE46D322C:[3a018f76-c0d2-452c-8921-ba44ebbfd4f7:192.168.5.187:35541] with ContainerStateMachine:uninitialized
2019-07-13 16:43:25,859 INFO  server.RaftServerConfigKeys (ConfUtils.java:logGet(43)) - raft.server.rpc.timeout.min = 5s (custom)
2019-07-13 16:43:25,859 INFO  server.RaftServerConfigKeys (ConfUtils.java:logGet(43)) - raft.server.rpc.timeout.max = 5200ms (custom)
2019-07-13 16:43:25,859 INFO  server.RaftServerConfigKeys (ConfUtils.java:logGet(43)) - raft.server.rpcslowness.timeout = 120s (custom)
2019-07-13 16:43:25,859 INFO  server.RaftServerConfigKeys (ConfUtils.java:logGet(43)) - raft.server.sleep.deviation.threshold = 300 (default)
2019-07-13 16:43:25,859 INFO  server.RaftServerConfigKeys (ConfUtils.java:logGet(43)) - raft.server.log.appender.install.snapshot.enabled = false (custom)
2019-07-13 16:43:25,859 INFO  impl.RaftServerImpl (ServerState.java:<init>(105)) - 3a018f76-c0d2-452c-8921-ba44ebbfd4f7:group-926CE46D322C ConfigurationManager, init=-1: [3a018f76-c0d2-452c-8921-ba44ebbfd4f7:192.168.5.187:35541], old=null, confs=<EMPTY_MAP>
2019-07-13 16:43:25,860 INFO  server.RaftServerConfigKeys (ConfUtils.java:logGet(43)) - raft.server.storage.dir = [/tmp/workdir/hadoop-ozone/integration-test/target/test-dir/MiniOzoneClusterImpl-45e70ad9-0cd6-4ce0-b3ff-21b0ae675b0f/datanode-9/data/ratis] (custom)
2019-07-13 16:43:25,860 INFO  storage.RaftStorageDirectory (RaftStorageDirectory.java:analyzeStorage(246)) - The storage directory /tmp/workdir/hadoop-ozone/integration-test/target/test-dir/MiniOzoneClusterImpl-45e70ad9-0cd6-4ce0-b3ff-21b0ae675b0f/datanode-9/data/ratis/f15a3507-51d3-4528-890b-926ce46d322c does not exist. Creating ...
2019-07-13 16:43:25,867 INFO  ozone.MiniOzoneClusterImpl (MiniOzoneClusterImpl.java:lambda$waitForClusterToBeReady$0(142)) - Cluster is ready. Got 10 of 10 DN Heartbeats.
2019-07-13 16:43:25,871 INFO  storage.RaftStorageDirectory (RaftStorageDirectory.java:tryLock(328)) - Lock on /tmp/workdir/hadoop-ozone/integration-test/target/test-dir/MiniOzoneClusterImpl-45e70ad9-0cd6-4ce0-b3ff-21b0ae675b0f/datanode-9/data/ratis/f15a3507-51d3-4528-890b-926ce46d322c/in_use.lock acquired by nodename 23563@trunk-nightly-z92hn-1831959607
2019-07-13 16:43:25,874 INFO  storage.RaftStorage (RaftStorage.java:format(72)) - Storage directory /tmp/workdir/hadoop-ozone/integration-test/target/test-dir/MiniOzoneClusterImpl-45e70ad9-0cd6-4ce0-b3ff-21b0ae675b0f/datanode-9/data/ratis/f15a3507-51d3-4528-890b-926ce46d322c has been successfully formatted.
2019-07-13 16:43:25,875 INFO  ratis.ContainerStateMachine (ContainerStateMachine.java:loadSnapshot(200)) - The snapshot info is null.Setting the last applied index to:(t:0, i:~)
2019-07-13 16:43:25,875 INFO  server.RaftServerConfigKeys (ConfUtils.java:logGet(43)) - raft.server.leader.election.timeout = 120s (custom)
2019-07-13 16:43:25,875 INFO  server.RaftServerConfigKeys (ConfUtils.java:logGet(43)) - raft.server.log.use.memory = false (default)
2019-07-13 16:43:25,875 INFO  server.RaftServerConfigKeys (ConfUtils.java:logGet(43)) - raft.server.log.purge.gap = 1000000000 (custom)
2019-07-13 16:43:25,875 INFO  server.RaftServerConfigKeys (ConfUtils.java:logGet(43)) - raft.server.log.appender.buffer.byte-limit = 33554432 (custom)
2019-07-13 16:43:25,875 INFO  server.RaftServerConfigKeys (ConfUtils.java:logGet(43)) - raft.server.log.segment.size.max = 1048576 (custom)
2019-07-13 16:43:25,876 INFO  server.RaftServerConfigKeys (ConfUtils.java:logGet(43)) - raft.server.log.segment.cache.num.max = 2 (custom)
2019-07-13 16:43:25,876 INFO  segmented.SegmentedRaftLogWorker (SegmentedRaftLogWorker.java:<init>(172)) - new 3a018f76-c0d2-452c-8921-ba44ebbfd4f7-SegmentedRaftLogWorker:Storage Directory /tmp/workdir/hadoop-ozone/integration-test/target/test-dir/MiniOzoneClusterImpl-45e70ad9-0cd6-4ce0-b3ff-21b0ae675b0f/datanode-9/data/ratis/f15a3507-51d3-4528-890b-926ce46d322c for RaftStorage:Storage Directory /tmp/workdir/hadoop-ozone/integration-test/target/test-dir/MiniOzoneClusterImpl-45e70ad9-0cd6-4ce0-b3ff-21b0ae675b0f/datanode-9/data/ratis/f15a3507-51d3-4528-890b-926ce46d322c
2019-07-13 16:43:25,876 INFO  server.RaftServerConfigKeys (ConfUtils.java:logGet(43)) - raft.server.log.queue.byte-limit = 2147483647 (custom)
2019-07-13 16:43:25,876 INFO  server.RaftServerConfigKeys (ConfUtils.java:logGet(43)) - raft.server.log.queue.element-limit = 1024 (custom)
2019-07-13 16:43:25,876 INFO  server.RaftServerConfigKeys (ConfUtils.java:logGet(43)) - raft.server.log.segment.size.max = 1048576 (custom)
2019-07-13 16:43:25,877 INFO  server.RaftServerConfigKeys (ConfUtils.java:logGet(43)) - raft.server.log.preallocated.size = 16384 (custom)
2019-07-13 16:43:25,877 INFO  server.RaftServerConfigKeys (ConfUtils.java:logGet(43)) - raft.server.log.write.buffer.size = 33554432 (custom)
2019-07-13 16:43:25,877 INFO  server.RaftServerConfigKeys (ConfUtils.java:logGet(43)) - raft.server.log.force.sync.num = 128 (default)
2019-07-13 16:43:25,877 INFO  server.RaftServerConfigKeys (ConfUtils.java:logGet(43)) - raft.server.log.statemachine.data.sync = true (default)
2019-07-13 16:43:25,877 INFO  server.RaftServerConfigKeys (ConfUtils.java:logGet(43)) - raft.server.log.statemachine.data.sync.timeout = 10s (default)
2019-07-13 16:43:25,878 INFO  server.RaftServerConfigKeys (ConfUtils.java:logGet(43)) - raft.server.log.statemachine.data.sync.timeout.retry = -1 (default)
2019-07-13 16:43:25,878 INFO  server.RaftServerConfigKeys (ConfUtils.java:logGet(43)) - raft.server.log.statemachine.data.caching.enabled = true (custom)
2019-07-13 16:43:25,878 INFO  segmented.SegmentedRaftLogWorker (SegmentedRaftLogWorker.java:lambda$new$0(132)) - 3a018f76-c0d2-452c-8921-ba44ebbfd4f7-SegmentedRaftLogWorker:Storage Directory /tmp/workdir/hadoop-ozone/integration-test/target/test-dir/MiniOzoneClusterImpl-45e70ad9-0cd6-4ce0-b3ff-21b0ae675b0f/datanode-9/data/ratis/f15a3507-51d3-4528-890b-926ce46d322c: flushIndex: setUnconditionally 0 -> -1
2019-07-13 16:43:25,879 INFO  server.RaftServerConfigKeys (ConfUtils.java:logGet(43)) - raft.server.snapshot.auto.trigger.enabled = true (custom)
2019-07-13 16:43:25,879 INFO  server.RaftServerConfigKeys (ConfUtils.java:logGet(43)) - raft.server.snapshot.auto.trigger.threshold = 10000 (custom)
2019-07-13 16:43:25,879 INFO  server.RaftServerConfigKeys (ConfUtils.java:logGet(43)) - raft.server.retrycache.expirytime = 600000ms (custom)
2019-07-13 16:43:25,879 INFO  impl.RaftServerImpl (RaftServerImpl.java:start(180)) - 3a018f76-c0d2-452c-8921-ba44ebbfd4f7: start group-926CE46D322C
2019-07-13 16:43:25,879 INFO  impl.RaftServerImpl (RaftServerImpl.java:setRole(171)) - 3a018f76-c0d2-452c-8921-ba44ebbfd4f7:group-926CE46D322C changes role from null to FOLLOWER at term 0 for startAsFollower
2019-07-13 16:43:25,880 INFO  impl.RoleInfo (RoleInfo.java:updateAndGet(143)) - 3a018f76-c0d2-452c-8921-ba44ebbfd4f7: start FollowerState
2019-07-13 16:43:25,880 INFO  util.JmxRegister (JmxRegister.java:tryRegister(44)) - Successfully registered JMX Bean with object name Ratis:service=RaftServer,group=group-926CE46D322C,id=3a018f76-c0d2-452c-8921-ba44ebbfd4f7
2019-07-13 16:43:25,896 INFO  pipeline.PipelineStateManager (PipelineStateManager.java:addPipeline(56)) - Created pipeline Pipeline[ Id: f15a3507-51d3-4528-890b-926ce46d322c, Nodes: 3a018f76-c0d2-452c-8921-ba44ebbfd4f7{ip: 192.168.5.187, host: trunk-nightly-z92hn-1831959607, networkLocation: /default-rack, certSerialId: null}, Type:RATIS, Factor:ONE, State:OPEN]
2019-07-13 16:43:25,928 INFO  impl.RaftServerProxy (RaftServerProxy.java:addNew(89)) - 69f0d602-000a-4a48-833d-faf77689b17c: addNew group-F17513C25427:[69f0d602-000a-4a48-833d-faf77689b17c:192.168.5.187:40503] returns group-F17513C25427:java.util.concurrent.CompletableFuture@31589eaf[Not completed]
2019-07-13 16:43:25,930 INFO  impl.RaftServerImpl (RaftServerImpl.java:<init>(93)) - 69f0d602-000a-4a48-833d-faf77689b17c: new RaftServerImpl for group-F17513C25427:[69f0d602-000a-4a48-833d-faf77689b17c:192.168.5.187:40503] with ContainerStateMachine:uninitialized
2019-07-13 16:43:25,930 INFO  server.RaftServerConfigKeys (ConfUtils.java:logGet(43)) - raft.server.rpc.timeout.min = 5s (custom)
2019-07-13 16:43:25,930 INFO  server.RaftServerConfigKeys (ConfUtils.java:logGet(43)) - raft.server.rpc.timeout.max = 5200ms (custom)
2019-07-13 16:43:25,930 INFO  server.RaftServerConfigKeys (ConfUtils.java:logGet(43)) - raft.server.rpcslowness.timeout = 120s (custom)
2019-07-13 16:43:25,930 INFO  server.RaftServerConfigKeys (ConfUtils.java:logGet(43)) - raft.server.sleep.deviation.threshold = 300 (default)
2019-07-13 16:43:25,930 INFO  server.RaftServerConfigKeys (ConfUtils.java:logGet(43)) - raft.server.log.appender.install.snapshot.enabled = false (custom)
2019-07-13 16:43:25,931 INFO  impl.RaftServerImpl (ServerState.java:<init>(105)) - 69f0d602-000a-4a48-833d-faf77689b17c:group-F17513C25427 ConfigurationManager, init=-1: [69f0d602-000a-4a48-833d-faf77689b17c:192.168.5.187:40503], old=null, confs=<EMPTY_MAP>
2019-07-13 16:43:25,931 INFO  server.RaftServerConfigKeys (ConfUtils.java:logGet(43)) - raft.server.storage.dir = [/tmp/workdir/hadoop-ozone/integration-test/target/test-dir/MiniOzoneClusterImpl-45e70ad9-0cd6-4ce0-b3ff-21b0ae675b0f/datanode-2/data/ratis] (custom)
2019-07-13 16:43:25,931 INFO  storage.RaftStorageDirectory (RaftStorageDirectory.java:analyzeStorage(246)) - The storage directory /tmp/workdir/hadoop-ozone/integration-test/target/test-dir/MiniOzoneClusterImpl-45e70ad9-0cd6-4ce0-b3ff-21b0ae675b0f/datanode-2/data/ratis/414d9460-96f7-4d59-ab72-f17513c25427 does not exist. Creating ...
2019-07-13 16:43:25,947 INFO  storage.RaftStorageDirectory (RaftStorageDirectory.java:tryLock(328)) - Lock on /tmp/workdir/hadoop-ozone/integration-test/target/test-dir/MiniOzoneClusterImpl-45e70ad9-0cd6-4ce0-b3ff-21b0ae675b0f/datanode-2/data/ratis/414d9460-96f7-4d59-ab72-f17513c25427/in_use.lock acquired by nodename 23563@trunk-nightly-z92hn-1831959607
2019-07-13 16:43:25,950 INFO  storage.RaftStorage (RaftStorage.java:format(72)) - Storage directory /tmp/workdir/hadoop-ozone/integration-test/target/test-dir/MiniOzoneClusterImpl-45e70ad9-0cd6-4ce0-b3ff-21b0ae675b0f/datanode-2/data/ratis/414d9460-96f7-4d59-ab72-f17513c25427 has been successfully formatted.
2019-07-13 16:43:25,950 INFO  ratis.ContainerStateMachine (ContainerStateMachine.java:loadSnapshot(200)) - The snapshot info is null.Setting the last applied index to:(t:0, i:~)
2019-07-13 16:43:25,950 INFO  server.RaftServerConfigKeys (ConfUtils.java:logGet(43)) - raft.server.leader.election.timeout = 120s (custom)
2019-07-13 16:43:25,951 INFO  server.RaftServerConfigKeys (ConfUtils.java:logGet(43)) - raft.server.log.use.memory = false (default)
2019-07-13 16:43:25,951 INFO  server.RaftServerConfigKeys (ConfUtils.java:logGet(43)) - raft.server.log.purge.gap = 1000000000 (custom)
2019-07-13 16:43:25,951 INFO  server.RaftServerConfigKeys (ConfUtils.java:logGet(43)) - raft.server.log.appender.buffer.byte-limit = 33554432 (custom)
2019-07-13 16:43:25,951 INFO  server.RaftServerConfigKeys (ConfUtils.java:logGet(43)) - raft.server.log.segment.size.max = 1048576 (custom)
2019-07-13 16:43:25,951 INFO  server.RaftServerConfigKeys (ConfUtils.java:logGet(43)) - raft.server.log.segment.cache.num.max = 2 (custom)
2019-07-13 16:43:25,951 INFO  segmented.SegmentedRaftLogWorker (SegmentedRaftLogWorker.java:<init>(172)) - new 69f0d602-000a-4a48-833d-faf77689b17c-SegmentedRaftLogWorker:Storage Directory /tmp/workdir/hadoop-ozone/integration-test/target/test-dir/MiniOzoneClusterImpl-45e70ad9-0cd6-4ce0-b3ff-21b0ae675b0f/datanode-2/data/ratis/414d9460-96f7-4d59-ab72-f17513c25427 for RaftStorage:Storage Directory /tmp/workdir/hadoop-ozone/integration-test/target/test-dir/MiniOzoneClusterImpl-45e70ad9-0cd6-4ce0-b3ff-21b0ae675b0f/datanode-2/data/ratis/414d9460-96f7-4d59-ab72-f17513c25427
2019-07-13 16:43:25,952 INFO  server.RaftServerConfigKeys (ConfUtils.java:logGet(43)) - raft.server.log.queue.byte-limit = 2147483647 (custom)
2019-07-13 16:43:25,952 INFO  server.RaftServerConfigKeys (ConfUtils.java:logGet(43)) - raft.server.log.queue.element-limit = 1024 (custom)
2019-07-13 16:43:25,952 INFO  server.RaftServerConfigKeys (ConfUtils.java:logGet(43)) - raft.server.log.segment.size.max = 1048576 (custom)
2019-07-13 16:43:25,952 INFO  server.RaftServerConfigKeys (ConfUtils.java:logGet(43)) - raft.server.log.preallocated.size = 16384 (custom)
2019-07-13 16:43:25,952 INFO  server.RaftServerConfigKeys (ConfUtils.java:logGet(43)) - raft.server.log.write.buffer.size = 33554432 (custom)
2019-07-13 16:43:25,952 INFO  server.RaftServerConfigKeys (ConfUtils.java:logGet(43)) - raft.server.log.force.sync.num = 128 (default)
2019-07-13 16:43:25,952 INFO  server.RaftServerConfigKeys (ConfUtils.java:logGet(43)) - raft.server.log.statemachine.data.sync = true (default)
2019-07-13 16:43:25,953 INFO  server.RaftServerConfigKeys (ConfUtils.java:logGet(43)) - raft.server.log.statemachine.data.sync.timeout = 10s (default)
2019-07-13 16:43:25,953 INFO  server.RaftServerConfigKeys (ConfUtils.java:logGet(43)) - raft.server.log.statemachine.data.sync.timeout.retry = -1 (default)
2019-07-13 16:43:25,953 INFO  server.RaftServerConfigKeys (ConfUtils.java:logGet(43)) - raft.server.log.statemachine.data.caching.enabled = true (custom)
2019-07-13 16:43:25,953 INFO  segmented.SegmentedRaftLogWorker (SegmentedRaftLogWorker.java:lambda$new$0(132)) - 69f0d602-000a-4a48-833d-faf77689b17c-SegmentedRaftLogWorker:Storage Directory /tmp/workdir/hadoop-ozone/integration-test/target/test-dir/MiniOzoneClusterImpl-45e70ad9-0cd6-4ce0-b3ff-21b0ae675b0f/datanode-2/data/ratis/414d9460-96f7-4d59-ab72-f17513c25427: flushIndex: setUnconditionally 0 -> -1
2019-07-13 16:43:25,954 INFO  server.RaftServerConfigKeys (ConfUtils.java:logGet(43)) - raft.server.snapshot.auto.trigger.enabled = true (custom)
2019-07-13 16:43:25,954 INFO  server.RaftServerConfigKeys (ConfUtils.java:logGet(43)) - raft.server.snapshot.auto.trigger.threshold = 10000 (custom)
2019-07-13 16:43:25,954 INFO  server.RaftServerConfigKeys (ConfUtils.java:logGet(43)) - raft.server.retrycache.expirytime = 600000ms (custom)
2019-07-13 16:43:25,954 INFO  impl.RaftServerImpl (RaftServerImpl.java:start(180)) - 69f0d602-000a-4a48-833d-faf77689b17c: start group-F17513C25427
2019-07-13 16:43:25,955 INFO  impl.RaftServerImpl (RaftServerImpl.java:setRole(171)) - 69f0d602-000a-4a48-833d-faf77689b17c:group-F17513C25427 changes role from null to FOLLOWER at term 0 for startAsFollower
2019-07-13 16:43:25,955 INFO  impl.RoleInfo (RoleInfo.java:updateAndGet(143)) - 69f0d602-000a-4a48-833d-faf77689b17c: start FollowerState
2019-07-13 16:43:25,955 INFO  util.JmxRegister (JmxRegister.java:tryRegister(44)) - Successfully registered JMX Bean with object name Ratis:service=RaftServer,group=group-F17513C25427,id=69f0d602-000a-4a48-833d-faf77689b17c
2019-07-13 16:43:25,969 INFO  pipeline.PipelineStateManager (PipelineStateManager.java:addPipeline(56)) - Created pipeline Pipeline[ Id: 414d9460-96f7-4d59-ab72-f17513c25427, Nodes: 69f0d602-000a-4a48-833d-faf77689b17c{ip: 192.168.5.187, host: trunk-nightly-z92hn-1831959607, networkLocation: /default-rack, certSerialId: null}, Type:RATIS, Factor:ONE, State:OPEN]
2019-07-13 16:43:25,995 INFO  impl.RaftServerProxy (RaftServerProxy.java:addNew(89)) - 72083666-ca0e-4757-a0b7-1190f7829ead: addNew group-8C26B4511606:[72083666-ca0e-4757-a0b7-1190f7829ead:192.168.5.187:44646] returns group-8C26B4511606:java.util.concurrent.CompletableFuture@6dd554fb[Not completed]
2019-07-13 16:43:25,998 INFO  impl.RaftServerImpl (RaftServerImpl.java:<init>(93)) - 72083666-ca0e-4757-a0b7-1190f7829ead: new RaftServerImpl for group-8C26B4511606:[72083666-ca0e-4757-a0b7-1190f7829ead:192.168.5.187:44646] with ContainerStateMachine:uninitialized
2019-07-13 16:43:25,998 INFO  server.RaftServerConfigKeys (ConfUtils.java:logGet(43)) - raft.server.rpc.timeout.min = 5s (custom)
2019-07-13 16:43:25,998 INFO  server.RaftServerConfigKeys (ConfUtils.java:logGet(43)) - raft.server.rpc.timeout.max = 5200ms (custom)
2019-07-13 16:43:25,999 INFO  server.RaftServerConfigKeys (ConfUtils.java:logGet(43)) - raft.server.rpcslowness.timeout = 120s (custom)
2019-07-13 16:43:25,999 INFO  server.RaftServerConfigKeys (ConfUtils.java:logGet(43)) - raft.server.sleep.deviation.threshold = 300 (default)
2019-07-13 16:43:25,999 INFO  server.RaftServerConfigKeys (ConfUtils.java:logGet(43)) - raft.server.log.appender.install.snapshot.enabled = false (custom)
2019-07-13 16:43:25,999 INFO  impl.RaftServerImpl (ServerState.java:<init>(105)) - 72083666-ca0e-4757-a0b7-1190f7829ead:group-8C26B4511606 ConfigurationManager, init=-1: [72083666-ca0e-4757-a0b7-1190f7829ead:192.168.5.187:44646], old=null, confs=<EMPTY_MAP>
2019-07-13 16:43:25,999 INFO  server.RaftServerConfigKeys (ConfUtils.java:logGet(43)) - raft.server.storage.dir = [/tmp/workdir/hadoop-ozone/integration-test/target/test-dir/MiniOzoneClusterImpl-45e70ad9-0cd6-4ce0-b3ff-21b0ae675b0f/datanode-5/data/ratis] (custom)
2019-07-13 16:43:25,999 INFO  storage.RaftStorageDirectory (RaftStorageDirectory.java:analyzeStorage(246)) - The storage directory /tmp/workdir/hadoop-ozone/integration-test/target/test-dir/MiniOzoneClusterImpl-45e70ad9-0cd6-4ce0-b3ff-21b0ae675b0f/datanode-5/data/ratis/b44f45ee-39c5-4025-b1b6-8c26b4511606 does not exist. Creating ...
2019-07-13 16:43:26,011 INFO  storage.RaftStorageDirectory (RaftStorageDirectory.java:tryLock(328)) - Lock on /tmp/workdir/hadoop-ozone/integration-test/target/test-dir/MiniOzoneClusterImpl-45e70ad9-0cd6-4ce0-b3ff-21b0ae675b0f/datanode-5/data/ratis/b44f45ee-39c5-4025-b1b6-8c26b4511606/in_use.lock acquired by nodename 23563@trunk-nightly-z92hn-1831959607
2019-07-13 16:43:26,022 INFO  storage.RaftStorage (RaftStorage.java:format(72)) - Storage directory /tmp/workdir/hadoop-ozone/integration-test/target/test-dir/MiniOzoneClusterImpl-45e70ad9-0cd6-4ce0-b3ff-21b0ae675b0f/datanode-5/data/ratis/b44f45ee-39c5-4025-b1b6-8c26b4511606 has been successfully formatted.
2019-07-13 16:43:26,023 INFO  ratis.ContainerStateMachine (ContainerStateMachine.java:loadSnapshot(200)) - The snapshot info is null.Setting the last applied index to:(t:0, i:~)
2019-07-13 16:43:26,023 INFO  server.RaftServerConfigKeys (ConfUtils.java:logGet(43)) - raft.server.leader.election.timeout = 120s (custom)
2019-07-13 16:43:26,023 INFO  server.RaftServerConfigKeys (ConfUtils.java:logGet(43)) - raft.server.log.use.memory = false (default)
2019-07-13 16:43:26,023 INFO  server.RaftServerConfigKeys (ConfUtils.java:logGet(43)) - raft.server.log.purge.gap = 1000000000 (custom)
2019-07-13 16:43:26,023 INFO  server.RaftServerConfigKeys (ConfUtils.java:logGet(43)) - raft.server.log.appender.buffer.byte-limit = 33554432 (custom)
2019-07-13 16:43:26,023 INFO  server.RaftServerConfigKeys (ConfUtils.java:logGet(43)) - raft.server.log.segment.size.max = 1048576 (custom)
2019-07-13 16:43:26,023 INFO  server.RaftServerConfigKeys (ConfUtils.java:logGet(43)) - raft.server.log.segment.cache.num.max = 2 (custom)
2019-07-13 16:43:26,023 INFO  segmented.SegmentedRaftLogWorker (SegmentedRaftLogWorker.java:<init>(172)) - new 72083666-ca0e-4757-a0b7-1190f7829ead-SegmentedRaftLogWorker:Storage Directory /tmp/workdir/hadoop-ozone/integration-test/target/test-dir/MiniOzoneClusterImpl-45e70ad9-0cd6-4ce0-b3ff-21b0ae675b0f/datanode-5/data/ratis/b44f45ee-39c5-4025-b1b6-8c26b4511606 for RaftStorage:Storage Directory /tmp/workdir/hadoop-ozone/integration-test/target/test-dir/MiniOzoneClusterImpl-45e70ad9-0cd6-4ce0-b3ff-21b0ae675b0f/datanode-5/data/ratis/b44f45ee-39c5-4025-b1b6-8c26b4511606
2019-07-13 16:43:26,024 INFO  server.RaftServerConfigKeys (ConfUtils.java:logGet(43)) - raft.server.log.queue.byte-limit = 2147483647 (custom)
2019-07-13 16:43:26,024 INFO  server.RaftServerConfigKeys (ConfUtils.java:logGet(43)) - raft.server.log.queue.element-limit = 1024 (custom)
2019-07-13 16:43:26,024 INFO  server.RaftServerConfigKeys (ConfUtils.java:logGet(43)) - raft.server.log.segment.size.max = 1048576 (custom)
2019-07-13 16:43:26,024 INFO  server.RaftServerConfigKeys (ConfUtils.java:logGet(43)) - raft.server.log.preallocated.size = 16384 (custom)
2019-07-13 16:43:26,024 INFO  server.RaftServerConfigKeys (ConfUtils.java:logGet(43)) - raft.server.log.write.buffer.size = 33554432 (custom)
2019-07-13 16:43:26,024 INFO  server.RaftServerConfigKeys (ConfUtils.java:logGet(43)) - raft.server.log.force.sync.num = 128 (default)
2019-07-13 16:43:26,024 INFO  server.RaftServerConfigKeys (ConfUtils.java:logGet(43)) - raft.server.log.statemachine.data.sync = true (default)
2019-07-13 16:43:26,024 INFO  server.RaftServerConfigKeys (ConfUtils.java:logGet(43)) - raft.server.log.statemachine.data.sync.timeout = 10s (default)
2019-07-13 16:43:26,025 INFO  server.RaftServerConfigKeys (ConfUtils.java:logGet(43)) - raft.server.log.statemachine.data.sync.timeout.retry = -1 (default)
2019-07-13 16:43:26,025 INFO  server.RaftServerConfigKeys (ConfUtils.java:logGet(43)) - raft.server.log.statemachine.data.caching.enabled = true (custom)
2019-07-13 16:43:26,025 INFO  segmented.SegmentedRaftLogWorker (SegmentedRaftLogWorker.java:lambda$new$0(132)) - 72083666-ca0e-4757-a0b7-1190f7829ead-SegmentedRaftLogWorker:Storage Directory /tmp/workdir/hadoop-ozone/integration-test/target/test-dir/MiniOzoneClusterImpl-45e70ad9-0cd6-4ce0-b3ff-21b0ae675b0f/datanode-5/data/ratis/b44f45ee-39c5-4025-b1b6-8c26b4511606: flushIndex: setUnconditionally 0 -> -1
2019-07-13 16:43:26,025 INFO  server.RaftServerConfigKeys (ConfUtils.java:logGet(43)) - raft.server.snapshot.auto.trigger.enabled = true (custom)
2019-07-13 16:43:26,025 INFO  server.RaftServerConfigKeys (ConfUtils.java:logGet(43)) - raft.server.snapshot.auto.trigger.threshold = 10000 (custom)
2019-07-13 16:43:26,026 INFO  server.RaftServerConfigKeys (ConfUtils.java:logGet(43)) - raft.server.retrycache.expirytime = 600000ms (custom)
2019-07-13 16:43:26,026 INFO  impl.RaftServerImpl (RaftServerImpl.java:start(180)) - 72083666-ca0e-4757-a0b7-1190f7829ead: start group-8C26B4511606
2019-07-13 16:43:26,026 INFO  impl.RaftServerImpl (RaftServerImpl.java:setRole(171)) - 72083666-ca0e-4757-a0b7-1190f7829ead:group-8C26B4511606 changes role from null to FOLLOWER at term 0 for startAsFollower
2019-07-13 16:43:26,026 INFO  impl.RoleInfo (RoleInfo.java:updateAndGet(143)) - 72083666-ca0e-4757-a0b7-1190f7829ead: start FollowerState
2019-07-13 16:43:26,026 INFO  util.JmxRegister (JmxRegister.java:tryRegister(44)) - Successfully registered JMX Bean with object name Ratis:service=RaftServer,group=group-8C26B4511606,id=72083666-ca0e-4757-a0b7-1190f7829ead
2019-07-13 16:43:26,037 INFO  pipeline.PipelineStateManager (PipelineStateManager.java:addPipeline(56)) - Created pipeline Pipeline[ Id: b44f45ee-39c5-4025-b1b6-8c26b4511606, Nodes: 72083666-ca0e-4757-a0b7-1190f7829ead{ip: 192.168.5.187, host: trunk-nightly-z92hn-1831959607, networkLocation: /default-rack, certSerialId: null}, Type:RATIS, Factor:ONE, State:OPEN]
2019-07-13 16:43:26,072 INFO  impl.RaftServerProxy (RaftServerProxy.java:addNew(89)) - 4de4bd07-0ee6-49b6-aecf-8ed7c18cdab2: addNew group-20E0A8D52E96:[3a018f76-c0d2-452c-8921-ba44ebbfd4f7:192.168.5.187:35541, b3e4071a-8903-49bb-82a0-e3a8c191edbe:192.168.5.187:35263, 4de4bd07-0ee6-49b6-aecf-8ed7c18cdab2:192.168.5.187:34357] returns group-20E0A8D52E96:java.util.concurrent.CompletableFuture@37afc07[Not completed]
2019-07-13 16:43:26,072 INFO  impl.RaftServerProxy (RaftServerProxy.java:addNew(89)) - b3e4071a-8903-49bb-82a0-e3a8c191edbe: addNew group-20E0A8D52E96:[3a018f76-c0d2-452c-8921-ba44ebbfd4f7:192.168.5.187:35541, b3e4071a-8903-49bb-82a0-e3a8c191edbe:192.168.5.187:35263, 4de4bd07-0ee6-49b6-aecf-8ed7c18cdab2:192.168.5.187:34357] returns group-20E0A8D52E96:java.util.concurrent.CompletableFuture@6d918299[Not completed]
2019-07-13 16:43:26,073 INFO  impl.RaftServerImpl (RaftServerImpl.java:<init>(93)) - 4de4bd07-0ee6-49b6-aecf-8ed7c18cdab2: new RaftServerImpl for group-20E0A8D52E96:[3a018f76-c0d2-452c-8921-ba44ebbfd4f7:192.168.5.187:35541, b3e4071a-8903-49bb-82a0-e3a8c191edbe:192.168.5.187:35263, 4de4bd07-0ee6-49b6-aecf-8ed7c18cdab2:192.168.5.187:34357] with ContainerStateMachine:uninitialized
2019-07-13 16:43:26,073 INFO  server.RaftServerConfigKeys (ConfUtils.java:logGet(43)) - raft.server.rpc.timeout.min = 5s (custom)
2019-07-13 16:43:26,075 INFO  server.RaftServerConfigKeys (ConfUtils.java:logGet(43)) - raft.server.rpc.timeout.max = 5200ms (custom)
2019-07-13 16:43:26,075 INFO  server.RaftServerConfigKeys (ConfUtils.java:logGet(43)) - raft.server.rpcslowness.timeout = 120s (custom)
2019-07-13 16:43:26,075 INFO  server.RaftServerConfigKeys (ConfUtils.java:logGet(43)) - raft.server.sleep.deviation.threshold = 300 (default)
2019-07-13 16:43:26,075 INFO  server.RaftServerConfigKeys (ConfUtils.java:logGet(43)) - raft.server.log.appender.install.snapshot.enabled = false (custom)
2019-07-13 16:43:26,076 INFO  impl.RaftServerImpl (RaftServerImpl.java:<init>(93)) - b3e4071a-8903-49bb-82a0-e3a8c191edbe: new RaftServerImpl for group-20E0A8D52E96:[3a018f76-c0d2-452c-8921-ba44ebbfd4f7:192.168.5.187:35541, b3e4071a-8903-49bb-82a0-e3a8c191edbe:192.168.5.187:35263, 4de4bd07-0ee6-49b6-aecf-8ed7c18cdab2:192.168.5.187:34357] with ContainerStateMachine:uninitialized
2019-07-13 16:43:26,076 INFO  impl.RaftServerImpl (ServerState.java:<init>(105)) - 4de4bd07-0ee6-49b6-aecf-8ed7c18cdab2:group-20E0A8D52E96 ConfigurationManager, init=-1: [3a018f76-c0d2-452c-8921-ba44ebbfd4f7:192.168.5.187:35541, b3e4071a-8903-49bb-82a0-e3a8c191edbe:192.168.5.187:35263, 4de4bd07-0ee6-49b6-aecf-8ed7c18cdab2:192.168.5.187:34357], old=null, confs=<EMPTY_MAP>
2019-07-13 16:43:26,075 INFO  impl.RaftServerProxy (RaftServerProxy.java:addNew(89)) - 3a018f76-c0d2-452c-8921-ba44ebbfd4f7: addNew group-20E0A8D52E96:[3a018f76-c0d2-452c-8921-ba44ebbfd4f7:192.168.5.187:35541, b3e4071a-8903-49bb-82a0-e3a8c191edbe:192.168.5.187:35263, 4de4bd07-0ee6-49b6-aecf-8ed7c18cdab2:192.168.5.187:34357] returns group-20E0A8D52E96:java.util.concurrent.CompletableFuture@2893114f[Not completed]
2019-07-13 16:43:26,076 INFO  server.RaftServerConfigKeys (ConfUtils.java:logGet(43)) - raft.server.storage.dir = [/tmp/workdir/hadoop-ozone/integration-test/target/test-dir/MiniOzoneClusterImpl-45e70ad9-0cd6-4ce0-b3ff-21b0ae675b0f/datanode-7/data/ratis] (custom)
2019-07-13 16:43:26,076 INFO  server.RaftServerConfigKeys (ConfUtils.java:logGet(43)) - raft.server.rpc.timeout.min = 5s (custom)
2019-07-13 16:43:26,076 INFO  server.RaftServerConfigKeys (ConfUtils.java:logGet(43)) - raft.server.rpc.timeout.max = 5200ms (custom)
2019-07-13 16:43:26,076 INFO  storage.RaftStorageDirectory (RaftStorageDirectory.java:analyzeStorage(246)) - The storage directory /tmp/workdir/hadoop-ozone/integration-test/target/test-dir/MiniOzoneClusterImpl-45e70ad9-0cd6-4ce0-b3ff-21b0ae675b0f/datanode-7/data/ratis/eb7df010-d248-4178-a631-20e0a8d52e96 does not exist. Creating ...
2019-07-13 16:43:26,076 INFO  server.RaftServerConfigKeys (ConfUtils.java:logGet(43)) - raft.server.rpcslowness.timeout = 120s (custom)
2019-07-13 16:43:26,077 INFO  server.RaftServerConfigKeys (ConfUtils.java:logGet(43)) - raft.server.sleep.deviation.threshold = 300 (default)
2019-07-13 16:43:26,077 INFO  server.RaftServerConfigKeys (ConfUtils.java:logGet(43)) - raft.server.log.appender.install.snapshot.enabled = false (custom)
2019-07-13 16:43:26,077 INFO  impl.RaftServerImpl (RaftServerImpl.java:<init>(93)) - 3a018f76-c0d2-452c-8921-ba44ebbfd4f7: new RaftServerImpl for group-20E0A8D52E96:[3a018f76-c0d2-452c-8921-ba44ebbfd4f7:192.168.5.187:35541, b3e4071a-8903-49bb-82a0-e3a8c191edbe:192.168.5.187:35263, 4de4bd07-0ee6-49b6-aecf-8ed7c18cdab2:192.168.5.187:34357] with ContainerStateMachine:uninitialized
2019-07-13 16:43:26,077 INFO  impl.RaftServerImpl (ServerState.java:<init>(105)) - b3e4071a-8903-49bb-82a0-e3a8c191edbe:group-20E0A8D52E96 ConfigurationManager, init=-1: [3a018f76-c0d2-452c-8921-ba44ebbfd4f7:192.168.5.187:35541, b3e4071a-8903-49bb-82a0-e3a8c191edbe:192.168.5.187:35263, 4de4bd07-0ee6-49b6-aecf-8ed7c18cdab2:192.168.5.187:34357], old=null, confs=<EMPTY_MAP>
2019-07-13 16:43:26,077 INFO  server.RaftServerConfigKeys (ConfUtils.java:logGet(43)) - raft.server.rpc.timeout.min = 5s (custom)
2019-07-13 16:43:26,077 INFO  server.RaftServerConfigKeys (ConfUtils.java:logGet(43)) - raft.server.storage.dir = [/tmp/workdir/hadoop-ozone/integration-test/target/test-dir/MiniOzoneClusterImpl-45e70ad9-0cd6-4ce0-b3ff-21b0ae675b0f/datanode-4/data/ratis] (custom)
2019-07-13 16:43:26,077 INFO  server.RaftServerConfigKeys (ConfUtils.java:logGet(43)) - raft.server.rpc.timeout.max = 5200ms (custom)
2019-07-13 16:43:26,078 INFO  server.RaftServerConfigKeys (ConfUtils.java:logGet(43)) - raft.server.rpcslowness.timeout = 120s (custom)
2019-07-13 16:43:26,078 INFO  storage.RaftStorageDirectory (RaftStorageDirectory.java:analyzeStorage(246)) - The storage directory /tmp/workdir/hadoop-ozone/integration-test/target/test-dir/MiniOzoneClusterImpl-45e70ad9-0cd6-4ce0-b3ff-21b0ae675b0f/datanode-4/data/ratis/eb7df010-d248-4178-a631-20e0a8d52e96 does not exist. Creating ...
2019-07-13 16:43:26,078 INFO  server.RaftServerConfigKeys (ConfUtils.java:logGet(43)) - raft.server.sleep.deviation.threshold = 300 (default)
2019-07-13 16:43:26,078 INFO  server.RaftServerConfigKeys (ConfUtils.java:logGet(43)) - raft.server.log.appender.install.snapshot.enabled = false (custom)
2019-07-13 16:43:26,078 INFO  impl.RaftServerImpl (ServerState.java:<init>(105)) - 3a018f76-c0d2-452c-8921-ba44ebbfd4f7:group-20E0A8D52E96 ConfigurationManager, init=-1: [3a018f76-c0d2-452c-8921-ba44ebbfd4f7:192.168.5.187:35541, b3e4071a-8903-49bb-82a0-e3a8c191edbe:192.168.5.187:35263, 4de4bd07-0ee6-49b6-aecf-8ed7c18cdab2:192.168.5.187:34357], old=null, confs=<EMPTY_MAP>
2019-07-13 16:43:26,079 INFO  server.RaftServerConfigKeys (ConfUtils.java:logGet(43)) - raft.server.storage.dir = [/tmp/workdir/hadoop-ozone/integration-test/target/test-dir/MiniOzoneClusterImpl-45e70ad9-0cd6-4ce0-b3ff-21b0ae675b0f/datanode-9/data/ratis] (custom)
2019-07-13 16:43:26,079 INFO  storage.RaftStorageDirectory (RaftStorageDirectory.java:analyzeStorage(246)) - The storage directory /tmp/workdir/hadoop-ozone/integration-test/target/test-dir/MiniOzoneClusterImpl-45e70ad9-0cd6-4ce0-b3ff-21b0ae675b0f/datanode-9/data/ratis/eb7df010-d248-4178-a631-20e0a8d52e96 does not exist. Creating ...
2019-07-13 16:43:26,090 INFO  storage.RaftStorageDirectory (RaftStorageDirectory.java:tryLock(328)) - Lock on /tmp/workdir/hadoop-ozone/integration-test/target/test-dir/MiniOzoneClusterImpl-45e70ad9-0cd6-4ce0-b3ff-21b0ae675b0f/datanode-4/data/ratis/eb7df010-d248-4178-a631-20e0a8d52e96/in_use.lock acquired by nodename 23563@trunk-nightly-z92hn-1831959607
2019-07-13 16:43:26,090 INFO  storage.RaftStorageDirectory (RaftStorageDirectory.java:tryLock(328)) - Lock on /tmp/workdir/hadoop-ozone/integration-test/target/test-dir/MiniOzoneClusterImpl-45e70ad9-0cd6-4ce0-b3ff-21b0ae675b0f/datanode-7/data/ratis/eb7df010-d248-4178-a631-20e0a8d52e96/in_use.lock acquired by nodename 23563@trunk-nightly-z92hn-1831959607
2019-07-13 16:43:26,090 INFO  storage.RaftStorageDirectory (RaftStorageDirectory.java:tryLock(328)) - Lock on /tmp/workdir/hadoop-ozone/integration-test/target/test-dir/MiniOzoneClusterImpl-45e70ad9-0cd6-4ce0-b3ff-21b0ae675b0f/datanode-9/data/ratis/eb7df010-d248-4178-a631-20e0a8d52e96/in_use.lock acquired by nodename 23563@trunk-nightly-z92hn-1831959607
2019-07-13 16:43:26,095 INFO  storage.RaftStorage (RaftStorage.java:format(72)) - Storage directory /tmp/workdir/hadoop-ozone/integration-test/target/test-dir/MiniOzoneClusterImpl-45e70ad9-0cd6-4ce0-b3ff-21b0ae675b0f/datanode-4/data/ratis/eb7df010-d248-4178-a631-20e0a8d52e96 has been successfully formatted.
2019-07-13 16:43:26,095 INFO  storage.RaftStorage (RaftStorage.java:format(72)) - Storage directory /tmp/workdir/hadoop-ozone/integration-test/target/test-dir/MiniOzoneClusterImpl-45e70ad9-0cd6-4ce0-b3ff-21b0ae675b0f/datanode-7/data/ratis/eb7df010-d248-4178-a631-20e0a8d52e96 has been successfully formatted.
2019-07-13 16:43:26,095 INFO  storage.RaftStorage (RaftStorage.java:format(72)) - Storage directory /tmp/workdir/hadoop-ozone/integration-test/target/test-dir/MiniOzoneClusterImpl-45e70ad9-0cd6-4ce0-b3ff-21b0ae675b0f/datanode-9/data/ratis/eb7df010-d248-4178-a631-20e0a8d52e96 has been successfully formatted.
2019-07-13 16:43:26,096 INFO  ratis.ContainerStateMachine (ContainerStateMachine.java:loadSnapshot(200)) - The snapshot info is null.Setting the last applied index to:(t:0, i:~)
2019-07-13 16:43:26,096 INFO  ratis.ContainerStateMachine (ContainerStateMachine.java:loadSnapshot(200)) - The snapshot info is null.Setting the last applied index to:(t:0, i:~)
2019-07-13 16:43:26,096 INFO  ratis.ContainerStateMachine (ContainerStateMachine.java:loadSnapshot(200)) - The snapshot info is null.Setting the last applied index to:(t:0, i:~)
2019-07-13 16:43:26,096 INFO  server.RaftServerConfigKeys (ConfUtils.java:logGet(43)) - raft.server.leader.election.timeout = 120s (custom)
2019-07-13 16:43:26,096 INFO  server.RaftServerConfigKeys (ConfUtils.java:logGet(43)) - raft.server.leader.election.timeout = 120s (custom)
2019-07-13 16:43:26,096 INFO  server.RaftServerConfigKeys (ConfUtils.java:logGet(43)) - raft.server.log.use.memory = false (default)
2019-07-13 16:43:26,096 INFO  server.RaftServerConfigKeys (ConfUtils.java:logGet(43)) - raft.server.leader.election.timeout = 120s (custom)
2019-07-13 16:43:26,097 INFO  server.RaftServerConfigKeys (ConfUtils.java:logGet(43)) - raft.server.log.purge.gap = 1000000000 (custom)
2019-07-13 16:43:26,096 INFO  server.RaftServerConfigKeys (ConfUtils.java:logGet(43)) - raft.server.log.use.memory = false (default)
2019-07-13 16:43:26,097 INFO  server.RaftServerConfigKeys (ConfUtils.java:logGet(43)) - raft.server.log.appender.buffer.byte-limit = 33554432 (custom)
2019-07-13 16:43:26,097 INFO  server.RaftServerConfigKeys (ConfUtils.java:logGet(43)) - raft.server.log.use.memory = false (default)
2019-07-13 16:43:26,097 INFO  server.RaftServerConfigKeys (ConfUtils.java:logGet(43)) - raft.server.log.segment.size.max = 1048576 (custom)
2019-07-13 16:43:26,097 INFO  server.RaftServerConfigKeys (ConfUtils.java:logGet(43)) - raft.server.log.purge.gap = 1000000000 (custom)
2019-07-13 16:43:26,097 INFO  server.RaftServerConfigKeys (ConfUtils.java:logGet(43)) - raft.server.log.segment.cache.num.max = 2 (custom)
2019-07-13 16:43:26,097 INFO  server.RaftServerConfigKeys (ConfUtils.java:logGet(43)) - raft.server.log.purge.gap = 1000000000 (custom)
2019-07-13 16:43:26,098 INFO  segmented.SegmentedRaftLogWorker (SegmentedRaftLogWorker.java:<init>(172)) - new 3a018f76-c0d2-452c-8921-ba44ebbfd4f7-SegmentedRaftLogWorker:Storage Directory /tmp/workdir/hadoop-ozone/integration-test/target/test-dir/MiniOzoneClusterImpl-45e70ad9-0cd6-4ce0-b3ff-21b0ae675b0f/datanode-9/data/ratis/eb7df010-d248-4178-a631-20e0a8d52e96 for RaftStorage:Storage Directory /tmp/workdir/hadoop-ozone/integration-test/target/test-dir/MiniOzoneClusterImpl-45e70ad9-0cd6-4ce0-b3ff-21b0ae675b0f/datanode-9/data/ratis/eb7df010-d248-4178-a631-20e0a8d52e96
2019-07-13 16:43:26,098 INFO  server.RaftServerConfigKeys (ConfUtils.java:logGet(43)) - raft.server.log.appender.buffer.byte-limit = 33554432 (custom)
2019-07-13 16:43:26,098 INFO  server.RaftServerConfigKeys (ConfUtils.java:logGet(43)) - raft.server.log.queue.byte-limit = 2147483647 (custom)
2019-07-13 16:43:26,098 INFO  server.RaftServerConfigKeys (ConfUtils.java:logGet(43)) - raft.server.log.appender.buffer.byte-limit = 33554432 (custom)
2019-07-13 16:43:26,100 INFO  server.RaftServerConfigKeys (ConfUtils.java:logGet(43)) - raft.server.log.queue.element-limit = 1024 (custom)
2019-07-13 16:43:26,098 INFO  server.RaftServerConfigKeys (ConfUtils.java:logGet(43)) - raft.server.log.segment.size.max = 1048576 (custom)
2019-07-13 16:43:26,100 INFO  server.RaftServerConfigKeys (ConfUtils.java:logGet(43)) - raft.server.log.segment.size.max = 1048576 (custom)
2019-07-13 16:43:26,100 INFO  server.RaftServerConfigKeys (ConfUtils.java:logGet(43)) - raft.server.log.segment.size.max = 1048576 (custom)
2019-07-13 16:43:26,101 INFO  server.RaftServerConfigKeys (ConfUtils.java:logGet(43)) - raft.server.log.preallocated.size = 16384 (custom)
2019-07-13 16:43:26,100 INFO  server.RaftServerConfigKeys (ConfUtils.java:logGet(43)) - raft.server.log.segment.cache.num.max = 2 (custom)
2019-07-13 16:43:26,101 INFO  server.RaftServerConfigKeys (ConfUtils.java:logGet(43)) - raft.server.log.write.buffer.size = 33554432 (custom)
2019-07-13 16:43:26,101 INFO  server.RaftServerConfigKeys (ConfUtils.java:logGet(43)) - raft.server.log.segment.cache.num.max = 2 (custom)
2019-07-13 16:43:26,101 INFO  server.RaftServerConfigKeys (ConfUtils.java:logGet(43)) - raft.server.log.force.sync.num = 128 (default)
2019-07-13 16:43:26,101 INFO  segmented.SegmentedRaftLogWorker (SegmentedRaftLogWorker.java:<init>(172)) - new 4de4bd07-0ee6-49b6-aecf-8ed7c18cdab2-SegmentedRaftLogWorker:Storage Directory /tmp/workdir/hadoop-ozone/integration-test/target/test-dir/MiniOzoneClusterImpl-45e70ad9-0cd6-4ce0-b3ff-21b0ae675b0f/datanode-7/data/ratis/eb7df010-d248-4178-a631-20e0a8d52e96 for RaftStorage:Storage Directory /tmp/workdir/hadoop-ozone/integration-test/target/test-dir/MiniOzoneClusterImpl-45e70ad9-0cd6-4ce0-b3ff-21b0ae675b0f/datanode-7/data/ratis/eb7df010-d248-4178-a631-20e0a8d52e96
2019-07-13 16:43:26,101 INFO  server.RaftServerConfigKeys (ConfUtils.java:logGet(43)) - raft.server.log.statemachine.data.sync = true (default)
2019-07-13 16:43:26,101 INFO  segmented.SegmentedRaftLogWorker (SegmentedRaftLogWorker.java:<init>(172)) - new b3e4071a-8903-49bb-82a0-e3a8c191edbe-SegmentedRaftLogWorker:Storage Directory /tmp/workdir/hadoop-ozone/integration-test/target/test-dir/MiniOzoneClusterImpl-45e70ad9-0cd6-4ce0-b3ff-21b0ae675b0f/datanode-4/data/ratis/eb7df010-d248-4178-a631-20e0a8d52e96 for RaftStorage:Storage Directory /tmp/workdir/hadoop-ozone/integration-test/target/test-dir/MiniOzoneClusterImpl-45e70ad9-0cd6-4ce0-b3ff-21b0ae675b0f/datanode-4/data/ratis/eb7df010-d248-4178-a631-20e0a8d52e96
2019-07-13 16:43:26,103 INFO  server.RaftServerConfigKeys (ConfUtils.java:logGet(43)) - raft.server.log.statemachine.data.sync.timeout = 10s (default)
2019-07-13 16:43:26,102 INFO  server.RaftServerConfigKeys (ConfUtils.java:logGet(43)) - raft.server.log.queue.byte-limit = 2147483647 (custom)
2019-07-13 16:43:26,104 INFO  server.RaftServerConfigKeys (ConfUtils.java:logGet(43)) - raft.server.log.statemachine.data.sync.timeout.retry = -1 (default)
2019-07-13 16:43:26,103 INFO  server.RaftServerConfigKeys (ConfUtils.java:logGet(43)) - raft.server.log.queue.byte-limit = 2147483647 (custom)
2019-07-13 16:43:26,106 INFO  server.RaftServerConfigKeys (ConfUtils.java:logGet(43)) - raft.server.log.statemachine.data.caching.enabled = true (custom)
2019-07-13 16:43:26,105 INFO  server.RaftServerConfigKeys (ConfUtils.java:logGet(43)) - raft.server.log.queue.element-limit = 1024 (custom)
2019-07-13 16:43:26,106 INFO  server.RaftServerConfigKeys (ConfUtils.java:logGet(43)) - raft.server.log.queue.element-limit = 1024 (custom)
2019-07-13 16:43:26,106 INFO  server.RaftServerConfigKeys (ConfUtils.java:logGet(43)) - raft.server.log.segment.size.max = 1048576 (custom)
2019-07-13 16:43:26,106 INFO  segmented.SegmentedRaftLogWorker (SegmentedRaftLogWorker.java:lambda$new$0(132)) - 3a018f76-c0d2-452c-8921-ba44ebbfd4f7-SegmentedRaftLogWorker:Storage Directory /tmp/workdir/hadoop-ozone/integration-test/target/test-dir/MiniOzoneClusterImpl-45e70ad9-0cd6-4ce0-b3ff-21b0ae675b0f/datanode-9/data/ratis/eb7df010-d248-4178-a631-20e0a8d52e96: flushIndex: setUnconditionally 0 -> -1
2019-07-13 16:43:26,106 INFO  server.RaftServerConfigKeys (ConfUtils.java:logGet(43)) - raft.server.log.preallocated.size = 16384 (custom)
2019-07-13 16:43:26,106 INFO  server.RaftServerConfigKeys (ConfUtils.java:logGet(43)) - raft.server.log.segment.size.max = 1048576 (custom)
2019-07-13 16:43:26,107 INFO  server.RaftServerConfigKeys (ConfUtils.java:logGet(43)) - raft.server.log.write.buffer.size = 33554432 (custom)
2019-07-13 16:43:26,107 INFO  server.RaftServerConfigKeys (ConfUtils.java:logGet(43)) - raft.server.snapshot.auto.trigger.enabled = true (custom)
2019-07-13 16:43:26,107 INFO  server.RaftServerConfigKeys (ConfUtils.java:logGet(43)) - raft.server.log.force.sync.num = 128 (default)
2019-07-13 16:43:26,107 INFO  server.RaftServerConfigKeys (ConfUtils.java:logGet(43)) - raft.server.log.preallocated.size = 16384 (custom)
2019-07-13 16:43:26,107 INFO  server.RaftServerConfigKeys (ConfUtils.java:logGet(43)) - raft.server.log.statemachine.data.sync = true (default)
2019-07-13 16:43:26,107 INFO  server.RaftServerConfigKeys (ConfUtils.java:logGet(43)) - raft.server.snapshot.auto.trigger.threshold = 10000 (custom)
2019-07-13 16:43:26,107 INFO  server.RaftServerConfigKeys (ConfUtils.java:logGet(43)) - raft.server.log.statemachine.data.sync.timeout = 10s (default)
2019-07-13 16:43:26,107 INFO  server.RaftServerConfigKeys (ConfUtils.java:logGet(43)) - raft.server.log.write.buffer.size = 33554432 (custom)
2019-07-13 16:43:26,108 INFO  server.RaftServerConfigKeys (ConfUtils.java:logGet(43)) - raft.server.log.statemachine.data.sync.timeout.retry = -1 (default)
2019-07-13 16:43:26,108 INFO  server.RaftServerConfigKeys (ConfUtils.java:logGet(43)) - raft.server.retrycache.expirytime = 600000ms (custom)
2019-07-13 16:43:26,108 INFO  server.RaftServerConfigKeys (ConfUtils.java:logGet(43)) - raft.server.log.statemachine.data.caching.enabled = true (custom)
2019-07-13 16:43:26,108 INFO  server.RaftServerConfigKeys (ConfUtils.java:logGet(43)) - raft.server.log.force.sync.num = 128 (default)
2019-07-13 16:43:26,109 INFO  segmented.SegmentedRaftLogWorker (SegmentedRaftLogWorker.java:lambda$new$0(132)) - 4de4bd07-0ee6-49b6-aecf-8ed7c18cdab2-SegmentedRaftLogWorker:Storage Directory /tmp/workdir/hadoop-ozone/integration-test/target/test-dir/MiniOzoneClusterImpl-45e70ad9-0cd6-4ce0-b3ff-21b0ae675b0f/datanode-7/data/ratis/eb7df010-d248-4178-a631-20e0a8d52e96: flushIndex: setUnconditionally 0 -> -1
2019-07-13 16:43:26,108 INFO  impl.RaftServerImpl (RaftServerImpl.java:start(180)) - 3a018f76-c0d2-452c-8921-ba44ebbfd4f7: start group-20E0A8D52E96
2019-07-13 16:43:26,109 INFO  server.RaftServerConfigKeys (ConfUtils.java:logGet(43)) - raft.server.log.statemachine.data.sync = true (default)
2019-07-13 16:43:26,109 INFO  server.RaftServerConfigKeys (ConfUtils.java:logGet(43)) - raft.server.snapshot.auto.trigger.enabled = true (custom)
2019-07-13 16:43:26,109 INFO  impl.RaftServerImpl (RaftServerImpl.java:setRole(171)) - 3a018f76-c0d2-452c-8921-ba44ebbfd4f7:group-20E0A8D52E96 changes role from null to FOLLOWER at term 0 for startAsFollower
2019-07-13 16:43:26,109 INFO  server.RaftServerConfigKeys (ConfUtils.java:logGet(43)) - raft.server.snapshot.auto.trigger.threshold = 10000 (custom)
2019-07-13 16:43:26,109 INFO  server.RaftServerConfigKeys (ConfUtils.java:logGet(43)) - raft.server.log.statemachine.data.sync.timeout = 10s (default)
2019-07-13 16:43:26,109 INFO  server.RaftServerConfigKeys (ConfUtils.java:logGet(43)) - raft.server.retrycache.expirytime = 600000ms (custom)
2019-07-13 16:43:26,109 INFO  impl.RoleInfo (RoleInfo.java:updateAndGet(143)) - 3a018f76-c0d2-452c-8921-ba44ebbfd4f7: start FollowerState
2019-07-13 16:43:26,110 INFO  impl.RaftServerImpl (RaftServerImpl.java:start(180)) - 4de4bd07-0ee6-49b6-aecf-8ed7c18cdab2: start group-20E0A8D52E96
2019-07-13 16:43:26,110 INFO  server.RaftServerConfigKeys (ConfUtils.java:logGet(43)) - raft.server.log.statemachine.data.sync.timeout.retry = -1 (default)
2019-07-13 16:43:26,110 INFO  impl.RaftServerImpl (RaftServerImpl.java:setRole(171)) - 4de4bd07-0ee6-49b6-aecf-8ed7c18cdab2:group-20E0A8D52E96 changes role from null to FOLLOWER at term 0 for startAsFollower
2019-07-13 16:43:26,110 INFO  server.RaftServerConfigKeys (ConfUtils.java:logGet(43)) - raft.server.log.statemachine.data.caching.enabled = true (custom)
2019-07-13 16:43:26,110 INFO  util.JmxRegister (JmxRegister.java:tryRegister(44)) - Successfully registered JMX Bean with object name Ratis:service=RaftServer,group=group-20E0A8D52E96,id=3a018f76-c0d2-452c-8921-ba44ebbfd4f7
2019-07-13 16:43:26,110 INFO  impl.RoleInfo (RoleInfo.java:updateAndGet(143)) - 4de4bd07-0ee6-49b6-aecf-8ed7c18cdab2: start FollowerState
2019-07-13 16:43:26,111 INFO  segmented.SegmentedRaftLogWorker (SegmentedRaftLogWorker.java:lambda$new$0(132)) - b3e4071a-8903-49bb-82a0-e3a8c191edbe-SegmentedRaftLogWorker:Storage Directory /tmp/workdir/hadoop-ozone/integration-test/target/test-dir/MiniOzoneClusterImpl-45e70ad9-0cd6-4ce0-b3ff-21b0ae675b0f/datanode-4/data/ratis/eb7df010-d248-4178-a631-20e0a8d52e96: flushIndex: setUnconditionally 0 -> -1
2019-07-13 16:43:26,111 INFO  util.JmxRegister (JmxRegister.java:tryRegister(44)) - Successfully registered JMX Bean with object name Ratis:service=RaftServer,group=group-20E0A8D52E96,id=4de4bd07-0ee6-49b6-aecf-8ed7c18cdab2
2019-07-13 16:43:26,111 INFO  server.RaftServerConfigKeys (ConfUtils.java:logGet(43)) - raft.server.snapshot.auto.trigger.enabled = true (custom)
2019-07-13 16:43:26,111 INFO  server.RaftServerConfigKeys (ConfUtils.java:logGet(43)) - raft.server.snapshot.auto.trigger.threshold = 10000 (custom)
2019-07-13 16:43:26,112 INFO  server.RaftServerConfigKeys (ConfUtils.java:logGet(43)) - raft.server.retrycache.expirytime = 600000ms (custom)
2019-07-13 16:43:26,112 INFO  impl.RaftServerImpl (RaftServerImpl.java:start(180)) - b3e4071a-8903-49bb-82a0-e3a8c191edbe: start group-20E0A8D52E96
2019-07-13 16:43:26,112 INFO  impl.RaftServerImpl (RaftServerImpl.java:setRole(171)) - b3e4071a-8903-49bb-82a0-e3a8c191edbe:group-20E0A8D52E96 changes role from null to FOLLOWER at term 0 for startAsFollower
2019-07-13 16:43:26,112 INFO  impl.RoleInfo (RoleInfo.java:updateAndGet(143)) - b3e4071a-8903-49bb-82a0-e3a8c191edbe: start FollowerState
2019-07-13 16:43:26,114 INFO  util.JmxRegister (JmxRegister.java:tryRegister(44)) - Successfully registered JMX Bean with object name Ratis:service=RaftServer,group=group-20E0A8D52E96,id=b3e4071a-8903-49bb-82a0-e3a8c191edbe
2019-07-13 16:43:26,138 INFO  pipeline.PipelineStateManager (PipelineStateManager.java:addPipeline(56)) - Created pipeline Pipeline[ Id: eb7df010-d248-4178-a631-20e0a8d52e96, Nodes: b3e4071a-8903-49bb-82a0-e3a8c191edbe{ip: 192.168.5.187, host: trunk-nightly-z92hn-1831959607, networkLocation: /default-rack, certSerialId: null}3a018f76-c0d2-452c-8921-ba44ebbfd4f7{ip: 192.168.5.187, host: trunk-nightly-z92hn-1831959607, networkLocation: /default-rack, certSerialId: null}4de4bd07-0ee6-49b6-aecf-8ed7c18cdab2{ip: 192.168.5.187, host: trunk-nightly-z92hn-1831959607, networkLocation: /default-rack, certSerialId: null}, Type:RATIS, Factor:THREE, State:OPEN]
2019-07-13 16:43:26,158 INFO  impl.RaftServerProxy (RaftServerProxy.java:addNew(89)) - ea57a461-ebfd-4b5e-ab90-dd623b61ca0f: addNew group-8ABB89B94688:[ea57a461-ebfd-4b5e-ab90-dd623b61ca0f:192.168.5.187:41204, baaa2f18-ad21-4c88-9cdb-38db229a40aa:192.168.5.187:38937, 20deab3d-cdde-4bb6-ae2a-8dcb0a4e7782:192.168.5.187:34251] returns group-8ABB89B94688:java.util.concurrent.CompletableFuture@3035048a[Not completed]
2019-07-13 16:43:26,159 INFO  impl.RaftServerProxy (RaftServerProxy.java:addNew(89)) - baaa2f18-ad21-4c88-9cdb-38db229a40aa: addNew group-8ABB89B94688:[ea57a461-ebfd-4b5e-ab90-dd623b61ca0f:192.168.5.187:41204, baaa2f18-ad21-4c88-9cdb-38db229a40aa:192.168.5.187:38937, 20deab3d-cdde-4bb6-ae2a-8dcb0a4e7782:192.168.5.187:34251] returns group-8ABB89B94688:java.util.concurrent.CompletableFuture@19715dc9[Not completed]
2019-07-13 16:43:26,161 INFO  impl.RaftServerProxy (RaftServerProxy.java:addNew(89)) - 20deab3d-cdde-4bb6-ae2a-8dcb0a4e7782: addNew group-8ABB89B94688:[ea57a461-ebfd-4b5e-ab90-dd623b61ca0f:192.168.5.187:41204, baaa2f18-ad21-4c88-9cdb-38db229a40aa:192.168.5.187:38937, 20deab3d-cdde-4bb6-ae2a-8dcb0a4e7782:192.168.5.187:34251] returns group-8ABB89B94688:java.util.concurrent.CompletableFuture@14d8f3df[Not completed]
2019-07-13 16:43:26,162 INFO  impl.RaftServerImpl (RaftServerImpl.java:<init>(93)) - ea57a461-ebfd-4b5e-ab90-dd623b61ca0f: new RaftServerImpl for group-8ABB89B94688:[ea57a461-ebfd-4b5e-ab90-dd623b61ca0f:192.168.5.187:41204, baaa2f18-ad21-4c88-9cdb-38db229a40aa:192.168.5.187:38937, 20deab3d-cdde-4bb6-ae2a-8dcb0a4e7782:192.168.5.187:34251] with ContainerStateMachine:uninitialized
2019-07-13 16:43:26,162 INFO  server.RaftServerConfigKeys (ConfUtils.java:logGet(43)) - raft.server.rpc.timeout.min = 5s (custom)
2019-07-13 16:43:26,162 INFO  server.RaftServerConfigKeys (ConfUtils.java:logGet(43)) - raft.server.rpc.timeout.max = 5200ms (custom)
2019-07-13 16:43:26,162 INFO  server.RaftServerConfigKeys (ConfUtils.java:logGet(43)) - raft.server.rpcslowness.timeout = 120s (custom)
2019-07-13 16:43:26,162 INFO  server.RaftServerConfigKeys (ConfUtils.java:logGet(43)) - raft.server.sleep.deviation.threshold = 300 (default)
2019-07-13 16:43:26,162 INFO  server.RaftServerConfigKeys (ConfUtils.java:logGet(43)) - raft.server.log.appender.install.snapshot.enabled = false (custom)
2019-07-13 16:43:26,163 INFO  impl.RaftServerImpl (ServerState.java:<init>(105)) - ea57a461-ebfd-4b5e-ab90-dd623b61ca0f:group-8ABB89B94688 ConfigurationManager, init=-1: [ea57a461-ebfd-4b5e-ab90-dd623b61ca0f:192.168.5.187:41204, baaa2f18-ad21-4c88-9cdb-38db229a40aa:192.168.5.187:38937, 20deab3d-cdde-4bb6-ae2a-8dcb0a4e7782:192.168.5.187:34251], old=null, confs=<EMPTY_MAP>
2019-07-13 16:43:26,163 INFO  impl.RaftServerImpl (RaftServerImpl.java:<init>(93)) - baaa2f18-ad21-4c88-9cdb-38db229a40aa: new RaftServerImpl for group-8ABB89B94688:[ea57a461-ebfd-4b5e-ab90-dd623b61ca0f:192.168.5.187:41204, baaa2f18-ad21-4c88-9cdb-38db229a40aa:192.168.5.187:38937, 20deab3d-cdde-4bb6-ae2a-8dcb0a4e7782:192.168.5.187:34251] with ContainerStateMachine:uninitialized
2019-07-13 16:43:26,163 INFO  server.RaftServerConfigKeys (ConfUtils.java:logGet(43)) - raft.server.storage.dir = [/tmp/workdir/hadoop-ozone/integration-test/target/test-dir/MiniOzoneClusterImpl-45e70ad9-0cd6-4ce0-b3ff-21b0ae675b0f/datanode-1/data/ratis] (custom)
2019-07-13 16:43:26,163 INFO  server.RaftServerConfigKeys (ConfUtils.java:logGet(43)) - raft.server.rpc.timeout.min = 5s (custom)
2019-07-13 16:43:26,163 INFO  server.RaftServerConfigKeys (ConfUtils.java:logGet(43)) - raft.server.rpc.timeout.max = 5200ms (custom)
2019-07-13 16:43:26,163 INFO  storage.RaftStorageDirectory (RaftStorageDirectory.java:analyzeStorage(246)) - The storage directory /tmp/workdir/hadoop-ozone/integration-test/target/test-dir/MiniOzoneClusterImpl-45e70ad9-0cd6-4ce0-b3ff-21b0ae675b0f/datanode-1/data/ratis/eb7a5a9d-d400-4ee2-ba8d-8abb89b94688 does not exist. Creating ...
2019-07-13 16:43:26,163 INFO  server.RaftServerConfigKeys (ConfUtils.java:logGet(43)) - raft.server.rpcslowness.timeout = 120s (custom)
2019-07-13 16:43:26,164 INFO  impl.RaftServerImpl (RaftServerImpl.java:<init>(93)) - 20deab3d-cdde-4bb6-ae2a-8dcb0a4e7782: new RaftServerImpl for group-8ABB89B94688:[ea57a461-ebfd-4b5e-ab90-dd623b61ca0f:192.168.5.187:41204, baaa2f18-ad21-4c88-9cdb-38db229a40aa:192.168.5.187:38937, 20deab3d-cdde-4bb6-ae2a-8dcb0a4e7782:192.168.5.187:34251] with ContainerStateMachine:uninitialized
2019-07-13 16:43:26,164 INFO  server.RaftServerConfigKeys (ConfUtils.java:logGet(43)) - raft.server.sleep.deviation.threshold = 300 (default)
2019-07-13 16:43:26,164 INFO  server.RaftServerConfigKeys (ConfUtils.java:logGet(43)) - raft.server.rpc.timeout.min = 5s (custom)
2019-07-13 16:43:26,164 INFO  server.RaftServerConfigKeys (ConfUtils.java:logGet(43)) - raft.server.log.appender.install.snapshot.enabled = false (custom)
2019-07-13 16:43:26,164 INFO  server.RaftServerConfigKeys (ConfUtils.java:logGet(43)) - raft.server.rpc.timeout.max = 5200ms (custom)
2019-07-13 16:43:26,164 INFO  impl.RaftServerImpl (ServerState.java:<init>(105)) - baaa2f18-ad21-4c88-9cdb-38db229a40aa:group-8ABB89B94688 ConfigurationManager, init=-1: [ea57a461-ebfd-4b5e-ab90-dd623b61ca0f:192.168.5.187:41204, baaa2f18-ad21-4c88-9cdb-38db229a40aa:192.168.5.187:38937, 20deab3d-cdde-4bb6-ae2a-8dcb0a4e7782:192.168.5.187:34251], old=null, confs=<EMPTY_MAP>
2019-07-13 16:43:26,164 INFO  server.RaftServerConfigKeys (ConfUtils.java:logGet(43)) - raft.server.rpcslowness.timeout = 120s (custom)
2019-07-13 16:43:26,164 INFO  server.RaftServerConfigKeys (ConfUtils.java:logGet(43)) - raft.server.storage.dir = [/tmp/workdir/hadoop-ozone/integration-test/target/test-dir/MiniOzoneClusterImpl-45e70ad9-0cd6-4ce0-b3ff-21b0ae675b0f/datanode-0/data/ratis] (custom)
2019-07-13 16:43:26,165 INFO  server.RaftServerConfigKeys (ConfUtils.java:logGet(43)) - raft.server.sleep.deviation.threshold = 300 (default)
2019-07-13 16:43:26,165 INFO  server.RaftServerConfigKeys (ConfUtils.java:logGet(43)) - raft.server.log.appender.install.snapshot.enabled = false (custom)
2019-07-13 16:43:26,165 INFO  storage.RaftStorageDirectory (RaftStorageDirectory.java:analyzeStorage(246)) - The storage directory /tmp/workdir/hadoop-ozone/integration-test/target/test-dir/MiniOzoneClusterImpl-45e70ad9-0cd6-4ce0-b3ff-21b0ae675b0f/datanode-0/data/ratis/eb7a5a9d-d400-4ee2-ba8d-8abb89b94688 does not exist. Creating ...
2019-07-13 16:43:26,165 INFO  impl.RaftServerImpl (ServerState.java:<init>(105)) - 20deab3d-cdde-4bb6-ae2a-8dcb0a4e7782:group-8ABB89B94688 ConfigurationManager, init=-1: [ea57a461-ebfd-4b5e-ab90-dd623b61ca0f:192.168.5.187:41204, baaa2f18-ad21-4c88-9cdb-38db229a40aa:192.168.5.187:38937, 20deab3d-cdde-4bb6-ae2a-8dcb0a4e7782:192.168.5.187:34251], old=null, confs=<EMPTY_MAP>
2019-07-13 16:43:26,165 INFO  server.RaftServerConfigKeys (ConfUtils.java:logGet(43)) - raft.server.storage.dir = [/tmp/workdir/hadoop-ozone/integration-test/target/test-dir/MiniOzoneClusterImpl-45e70ad9-0cd6-4ce0-b3ff-21b0ae675b0f/datanode-6/data/ratis] (custom)
2019-07-13 16:43:26,166 INFO  storage.RaftStorageDirectory (RaftStorageDirectory.java:analyzeStorage(246)) - The storage directory /tmp/workdir/hadoop-ozone/integration-test/target/test-dir/MiniOzoneClusterImpl-45e70ad9-0cd6-4ce0-b3ff-21b0ae675b0f/datanode-6/data/ratis/eb7a5a9d-d400-4ee2-ba8d-8abb89b94688 does not exist. Creating ...
2019-07-13 16:43:26,178 INFO  storage.RaftStorageDirectory (RaftStorageDirectory.java:tryLock(328)) - Lock on /tmp/workdir/hadoop-ozone/integration-test/target/test-dir/MiniOzoneClusterImpl-45e70ad9-0cd6-4ce0-b3ff-21b0ae675b0f/datanode-6/data/ratis/eb7a5a9d-d400-4ee2-ba8d-8abb89b94688/in_use.lock acquired by nodename 23563@trunk-nightly-z92hn-1831959607
2019-07-13 16:43:26,178 INFO  storage.RaftStorageDirectory (RaftStorageDirectory.java:tryLock(328)) - Lock on /tmp/workdir/hadoop-ozone/integration-test/target/test-dir/MiniOzoneClusterImpl-45e70ad9-0cd6-4ce0-b3ff-21b0ae675b0f/datanode-1/data/ratis/eb7a5a9d-d400-4ee2-ba8d-8abb89b94688/in_use.lock acquired by nodename 23563@trunk-nightly-z92hn-1831959607
2019-07-13 16:43:26,179 INFO  storage.RaftStorageDirectory (RaftStorageDirectory.java:tryLock(328)) - Lock on /tmp/workdir/hadoop-ozone/integration-test/target/test-dir/MiniOzoneClusterImpl-45e70ad9-0cd6-4ce0-b3ff-21b0ae675b0f/datanode-0/data/ratis/eb7a5a9d-d400-4ee2-ba8d-8abb89b94688/in_use.lock acquired by nodename 23563@trunk-nightly-z92hn-1831959607
2019-07-13 16:43:26,201 INFO  storage.RaftStorage (RaftStorage.java:format(72)) - Storage directory /tmp/workdir/hadoop-ozone/integration-test/target/test-dir/MiniOzoneClusterImpl-45e70ad9-0cd6-4ce0-b3ff-21b0ae675b0f/datanode-0/data/ratis/eb7a5a9d-d400-4ee2-ba8d-8abb89b94688 has been successfully formatted.
2019-07-13 16:43:26,201 INFO  storage.RaftStorage (RaftStorage.java:format(72)) - Storage directory /tmp/workdir/hadoop-ozone/integration-test/target/test-dir/MiniOzoneClusterImpl-45e70ad9-0cd6-4ce0-b3ff-21b0ae675b0f/datanode-6/data/ratis/eb7a5a9d-d400-4ee2-ba8d-8abb89b94688 has been successfully formatted.
2019-07-13 16:43:26,201 INFO  storage.RaftStorage (RaftStorage.java:format(72)) - Storage directory /tmp/workdir/hadoop-ozone/integration-test/target/test-dir/MiniOzoneClusterImpl-45e70ad9-0cd6-4ce0-b3ff-21b0ae675b0f/datanode-1/data/ratis/eb7a5a9d-d400-4ee2-ba8d-8abb89b94688 has been successfully formatted.
2019-07-13 16:43:26,201 INFO  ratis.ContainerStateMachine (ContainerStateMachine.java:loadSnapshot(200)) - The snapshot info is null.Setting the last applied index to:(t:0, i:~)
2019-07-13 16:43:26,201 INFO  ratis.ContainerStateMachine (ContainerStateMachine.java:loadSnapshot(200)) - The snapshot info is null.Setting the last applied index to:(t:0, i:~)
2019-07-13 16:43:26,201 INFO  server.RaftServerConfigKeys (ConfUtils.java:logGet(43)) - raft.server.leader.election.timeout = 120s (custom)
2019-07-13 16:43:26,201 INFO  ratis.ContainerStateMachine (ContainerStateMachine.java:loadSnapshot(200)) - The snapshot info is null.Setting the last applied index to:(t:0, i:~)
2019-07-13 16:43:26,202 INFO  server.RaftServerConfigKeys (ConfUtils.java:logGet(43)) - raft.server.log.use.memory = false (default)
2019-07-13 16:43:26,201 INFO  server.RaftServerConfigKeys (ConfUtils.java:logGet(43)) - raft.server.leader.election.timeout = 120s (custom)
2019-07-13 16:43:26,202 INFO  server.RaftServerConfigKeys (ConfUtils.java:logGet(43)) - raft.server.log.purge.gap = 1000000000 (custom)
2019-07-13 16:43:26,202 INFO  server.RaftServerConfigKeys (ConfUtils.java:logGet(43)) - raft.server.leader.election.timeout = 120s (custom)
2019-07-13 16:43:26,202 INFO  server.RaftServerConfigKeys (ConfUtils.java:logGet(43)) - raft.server.log.appender.buffer.byte-limit = 33554432 (custom)
2019-07-13 16:43:26,202 INFO  server.RaftServerConfigKeys (ConfUtils.java:logGet(43)) - raft.server.log.use.memory = false (default)
2019-07-13 16:43:26,202 INFO  server.RaftServerConfigKeys (ConfUtils.java:logGet(43)) - raft.server.log.segment.size.max = 1048576 (custom)
2019-07-13 16:43:26,202 INFO  server.RaftServerConfigKeys (ConfUtils.java:logGet(43)) - raft.server.log.use.memory = false (default)
2019-07-13 16:43:26,203 INFO  server.RaftServerConfigKeys (ConfUtils.java:logGet(43)) - raft.server.log.segment.cache.num.max = 2 (custom)
2019-07-13 16:43:26,202 INFO  server.RaftServerConfigKeys (ConfUtils.java:logGet(43)) - raft.server.log.purge.gap = 1000000000 (custom)
2019-07-13 16:43:26,203 INFO  segmented.SegmentedRaftLogWorker (SegmentedRaftLogWorker.java:<init>(172)) - new 20deab3d-cdde-4bb6-ae2a-8dcb0a4e7782-SegmentedRaftLogWorker:Storage Directory /tmp/workdir/hadoop-ozone/integration-test/target/test-dir/MiniOzoneClusterImpl-45e70ad9-0cd6-4ce0-b3ff-21b0ae675b0f/datanode-6/data/ratis/eb7a5a9d-d400-4ee2-ba8d-8abb89b94688 for RaftStorage:Storage Directory /tmp/workdir/hadoop-ozone/integration-test/target/test-dir/MiniOzoneClusterImpl-45e70ad9-0cd6-4ce0-b3ff-21b0ae675b0f/datanode-6/data/ratis/eb7a5a9d-d400-4ee2-ba8d-8abb89b94688
2019-07-13 16:43:26,203 INFO  server.RaftServerConfigKeys (ConfUtils.java:logGet(43)) - raft.server.log.purge.gap = 1000000000 (custom)
2019-07-13 16:43:26,203 INFO  server.RaftServerConfigKeys (ConfUtils.java:logGet(43)) - raft.server.log.queue.byte-limit = 2147483647 (custom)
2019-07-13 16:43:26,205 INFO  server.RaftServerConfigKeys (ConfUtils.java:logGet(43)) - raft.server.log.queue.element-limit = 1024 (custom)
2019-07-13 16:43:26,203 INFO  server.RaftServerConfigKeys (ConfUtils.java:logGet(43)) - raft.server.log.appender.buffer.byte-limit = 33554432 (custom)
2019-07-13 16:43:26,205 INFO  server.RaftServerConfigKeys (ConfUtils.java:logGet(43)) - raft.server.log.segment.size.max = 1048576 (custom)
2019-07-13 16:43:26,205 INFO  server.RaftServerConfigKeys (ConfUtils.java:logGet(43)) - raft.server.log.preallocated.size = 16384 (custom)
2019-07-13 16:43:26,205 INFO  server.RaftServerConfigKeys (ConfUtils.java:logGet(43)) - raft.server.log.appender.buffer.byte-limit = 33554432 (custom)
2019-07-13 16:43:26,205 INFO  server.RaftServerConfigKeys (ConfUtils.java:logGet(43)) - raft.server.log.write.buffer.size = 33554432 (custom)
2019-07-13 16:43:26,205 INFO  server.RaftServerConfigKeys (ConfUtils.java:logGet(43)) - raft.server.log.segment.size.max = 1048576 (custom)
2019-07-13 16:43:26,205 INFO  server.RaftServerConfigKeys (ConfUtils.java:logGet(43)) - raft.server.log.force.sync.num = 128 (default)
2019-07-13 16:43:26,205 INFO  server.RaftServerConfigKeys (ConfUtils.java:logGet(43)) - raft.server.log.segment.size.max = 1048576 (custom)
2019-07-13 16:43:26,206 INFO  server.RaftServerConfigKeys (ConfUtils.java:logGet(43)) - raft.server.log.statemachine.data.sync = true (default)
2019-07-13 16:43:26,206 INFO  server.RaftServerConfigKeys (ConfUtils.java:logGet(43)) - raft.server.log.segment.cache.num.max = 2 (custom)
2019-07-13 16:43:26,206 INFO  server.RaftServerConfigKeys (ConfUtils.java:logGet(43)) - raft.server.log.statemachine.data.sync.timeout = 10s (default)
2019-07-13 16:43:26,206 INFO  server.RaftServerConfigKeys (ConfUtils.java:logGet(43)) - raft.server.log.segment.cache.num.max = 2 (custom)
2019-07-13 16:43:26,206 INFO  server.RaftServerConfigKeys (ConfUtils.java:logGet(43)) - raft.server.log.statemachine.data.sync.timeout.retry = -1 (default)
2019-07-13 16:43:26,206 INFO  segmented.SegmentedRaftLogWorker (SegmentedRaftLogWorker.java:<init>(172)) - new baaa2f18-ad21-4c88-9cdb-38db229a40aa-SegmentedRaftLogWorker:Storage Directory /tmp/workdir/hadoop-ozone/integration-test/target/test-dir/MiniOzoneClusterImpl-45e70ad9-0cd6-4ce0-b3ff-21b0ae675b0f/datanode-0/data/ratis/eb7a5a9d-d400-4ee2-ba8d-8abb89b94688 for RaftStorage:Storage Directory /tmp/workdir/hadoop-ozone/integration-test/target/test-dir/MiniOzoneClusterImpl-45e70ad9-0cd6-4ce0-b3ff-21b0ae675b0f/datanode-0/data/ratis/eb7a5a9d-d400-4ee2-ba8d-8abb89b94688
2019-07-13 16:43:26,206 INFO  server.RaftServerConfigKeys (ConfUtils.java:logGet(43)) - raft.server.log.statemachine.data.caching.enabled = true (custom)
2019-07-13 16:43:26,206 INFO  segmented.SegmentedRaftLogWorker (SegmentedRaftLogWorker.java:<init>(172)) - new ea57a461-ebfd-4b5e-ab90-dd623b61ca0f-SegmentedRaftLogWorker:Storage Directory /tmp/workdir/hadoop-ozone/integration-test/target/test-dir/MiniOzoneClusterImpl-45e70ad9-0cd6-4ce0-b3ff-21b0ae675b0f/datanode-1/data/ratis/eb7a5a9d-d400-4ee2-ba8d-8abb89b94688 for RaftStorage:Storage Directory /tmp/workdir/hadoop-ozone/integration-test/target/test-dir/MiniOzoneClusterImpl-45e70ad9-0cd6-4ce0-b3ff-21b0ae675b0f/datanode-1/data/ratis/eb7a5a9d-d400-4ee2-ba8d-8abb89b94688
2019-07-13 16:43:26,207 INFO  server.RaftServerConfigKeys (ConfUtils.java:logGet(43)) - raft.server.log.queue.byte-limit = 2147483647 (custom)
2019-07-13 16:43:26,212 INFO  segmented.SegmentedRaftLogWorker (SegmentedRaftLogWorker.java:lambda$new$0(132)) - 20deab3d-cdde-4bb6-ae2a-8dcb0a4e7782-SegmentedRaftLogWorker:Storage Directory /tmp/workdir/hadoop-ozone/integration-test/target/test-dir/MiniOzoneClusterImpl-45e70ad9-0cd6-4ce0-b3ff-21b0ae675b0f/datanode-6/data/ratis/eb7a5a9d-d400-4ee2-ba8d-8abb89b94688: flushIndex: setUnconditionally 0 -> -1
2019-07-13 16:43:26,212 INFO  server.RaftServerConfigKeys (ConfUtils.java:logGet(43)) - raft.server.log.queue.byte-limit = 2147483647 (custom)
2019-07-13 16:43:26,226 INFO  server.RaftServerConfigKeys (ConfUtils.java:logGet(43)) - raft.server.snapshot.auto.trigger.enabled = true (custom)
2019-07-13 16:43:26,213 INFO  server.RaftServerConfigKeys (ConfUtils.java:logGet(43)) - raft.server.log.queue.element-limit = 1024 (custom)
2019-07-13 16:43:26,226 INFO  server.RaftServerConfigKeys (ConfUtils.java:logGet(43)) - raft.server.snapshot.auto.trigger.threshold = 10000 (custom)
2019-07-13 16:43:26,226 INFO  server.RaftServerConfigKeys (ConfUtils.java:logGet(43)) - raft.server.log.queue.element-limit = 1024 (custom)
2019-07-13 16:43:26,227 INFO  server.RaftServerConfigKeys (ConfUtils.java:logGet(43)) - raft.server.retrycache.expirytime = 600000ms (custom)
2019-07-13 16:43:26,226 INFO  server.RaftServerConfigKeys (ConfUtils.java:logGet(43)) - raft.server.log.segment.size.max = 1048576 (custom)
2019-07-13 16:43:26,229 INFO  impl.RaftServerImpl (RaftServerImpl.java:start(180)) - 20deab3d-cdde-4bb6-ae2a-8dcb0a4e7782: start group-8ABB89B94688
2019-07-13 16:43:26,230 INFO  impl.RaftServerImpl (RaftServerImpl.java:setRole(171)) - 20deab3d-cdde-4bb6-ae2a-8dcb0a4e7782:group-8ABB89B94688 changes role from null to FOLLOWER at term 0 for startAsFollower
2019-07-13 16:43:26,229 INFO  server.RaftServerConfigKeys (ConfUtils.java:logGet(43)) - raft.server.log.segment.size.max = 1048576 (custom)
2019-07-13 16:43:26,230 INFO  impl.RoleInfo (RoleInfo.java:updateAndGet(143)) - 20deab3d-cdde-4bb6-ae2a-8dcb0a4e7782: start FollowerState
2019-07-13 16:43:26,230 INFO  server.RaftServerConfigKeys (ConfUtils.java:logGet(43)) - raft.server.log.preallocated.size = 16384 (custom)
2019-07-13 16:43:26,230 INFO  server.RaftServerConfigKeys (ConfUtils.java:logGet(43)) - raft.server.log.preallocated.size = 16384 (custom)
2019-07-13 16:43:26,230 INFO  util.JmxRegister (JmxRegister.java:tryRegister(44)) - Successfully registered JMX Bean with object name Ratis:service=RaftServer,group=group-8ABB89B94688,id=20deab3d-cdde-4bb6-ae2a-8dcb0a4e7782
2019-07-13 16:43:26,230 INFO  server.RaftServerConfigKeys (ConfUtils.java:logGet(43)) - raft.server.log.write.buffer.size = 33554432 (custom)
2019-07-13 16:43:26,230 INFO  server.RaftServerConfigKeys (ConfUtils.java:logGet(43)) - raft.server.log.write.buffer.size = 33554432 (custom)
2019-07-13 16:43:26,231 INFO  server.RaftServerConfigKeys (ConfUtils.java:logGet(43)) - raft.server.log.force.sync.num = 128 (default)
2019-07-13 16:43:26,231 INFO  server.RaftServerConfigKeys (ConfUtils.java:logGet(43)) - raft.server.log.force.sync.num = 128 (default)
2019-07-13 16:43:26,231 INFO  server.RaftServerConfigKeys (ConfUtils.java:logGet(43)) - raft.server.log.statemachine.data.sync = true (default)
2019-07-13 16:43:26,231 INFO  server.RaftServerConfigKeys (ConfUtils.java:logGet(43)) - raft.server.log.statemachine.data.sync = true (default)
2019-07-13 16:43:26,231 INFO  server.RaftServerConfigKeys (ConfUtils.java:logGet(43)) - raft.server.log.statemachine.data.sync.timeout = 10s (default)
2019-07-13 16:43:26,231 INFO  server.RaftServerConfigKeys (ConfUtils.java:logGet(43)) - raft.server.log.statemachine.data.sync.timeout = 10s (default)
2019-07-13 16:43:26,231 INFO  server.RaftServerConfigKeys (ConfUtils.java:logGet(43)) - raft.server.log.statemachine.data.sync.timeout.retry = -1 (default)
2019-07-13 16:43:26,232 INFO  server.RaftServerConfigKeys (ConfUtils.java:logGet(43)) - raft.server.log.statemachine.data.sync.timeout.retry = -1 (default)
2019-07-13 16:43:26,232 INFO  server.RaftServerConfigKeys (ConfUtils.java:logGet(43)) - raft.server.log.statemachine.data.caching.enabled = true (custom)
2019-07-13 16:43:26,232 INFO  server.RaftServerConfigKeys (ConfUtils.java:logGet(43)) - raft.server.log.statemachine.data.caching.enabled = true (custom)
2019-07-13 16:43:26,233 INFO  segmented.SegmentedRaftLogWorker (SegmentedRaftLogWorker.java:lambda$new$0(132)) - baaa2f18-ad21-4c88-9cdb-38db229a40aa-SegmentedRaftLogWorker:Storage Directory /tmp/workdir/hadoop-ozone/integration-test/target/test-dir/MiniOzoneClusterImpl-45e70ad9-0cd6-4ce0-b3ff-21b0ae675b0f/datanode-0/data/ratis/eb7a5a9d-d400-4ee2-ba8d-8abb89b94688: flushIndex: setUnconditionally 0 -> -1
2019-07-13 16:43:26,233 INFO  segmented.SegmentedRaftLogWorker (SegmentedRaftLogWorker.java:lambda$new$0(132)) - ea57a461-ebfd-4b5e-ab90-dd623b61ca0f-SegmentedRaftLogWorker:Storage Directory /tmp/workdir/hadoop-ozone/integration-test/target/test-dir/MiniOzoneClusterImpl-45e70ad9-0cd6-4ce0-b3ff-21b0ae675b0f/datanode-1/data/ratis/eb7a5a9d-d400-4ee2-ba8d-8abb89b94688: flushIndex: setUnconditionally 0 -> -1
2019-07-13 16:43:26,233 INFO  server.RaftServerConfigKeys (ConfUtils.java:logGet(43)) - raft.server.snapshot.auto.trigger.enabled = true (custom)
2019-07-13 16:43:26,233 INFO  server.RaftServerConfigKeys (ConfUtils.java:logGet(43)) - raft.server.snapshot.auto.trigger.threshold = 10000 (custom)
2019-07-13 16:43:26,233 INFO  server.RaftServerConfigKeys (ConfUtils.java:logGet(43)) - raft.server.snapshot.auto.trigger.enabled = true (custom)
2019-07-13 16:43:26,243 INFO  server.RaftServerConfigKeys (ConfUtils.java:logGet(43)) - raft.server.retrycache.expirytime = 600000ms (custom)
2019-07-13 16:43:26,243 INFO  server.RaftServerConfigKeys (ConfUtils.java:logGet(43)) - raft.server.snapshot.auto.trigger.threshold = 10000 (custom)
2019-07-13 16:43:26,243 INFO  impl.RaftServerImpl (RaftServerImpl.java:start(180)) - baaa2f18-ad21-4c88-9cdb-38db229a40aa: start group-8ABB89B94688
2019-07-13 16:43:26,243 INFO  server.RaftServerConfigKeys (ConfUtils.java:logGet(43)) - raft.server.retrycache.expirytime = 600000ms (custom)
2019-07-13 16:43:26,243 INFO  impl.RaftServerImpl (RaftServerImpl.java:setRole(171)) - baaa2f18-ad21-4c88-9cdb-38db229a40aa:group-8ABB89B94688 changes role from null to FOLLOWER at term 0 for startAsFollower
2019-07-13 16:43:26,244 INFO  impl.RaftServerImpl (RaftServerImpl.java:start(180)) - ea57a461-ebfd-4b5e-ab90-dd623b61ca0f: start group-8ABB89B94688
2019-07-13 16:43:26,244 INFO  impl.RoleInfo (RoleInfo.java:updateAndGet(143)) - baaa2f18-ad21-4c88-9cdb-38db229a40aa: start FollowerState
2019-07-13 16:43:26,244 INFO  impl.RaftServerImpl (RaftServerImpl.java:setRole(171)) - ea57a461-ebfd-4b5e-ab90-dd623b61ca0f:group-8ABB89B94688 changes role from null to FOLLOWER at term 0 for startAsFollower
2019-07-13 16:43:26,244 INFO  impl.RoleInfo (RoleInfo.java:updateAndGet(143)) - ea57a461-ebfd-4b5e-ab90-dd623b61ca0f: start FollowerState
2019-07-13 16:43:26,244 INFO  util.JmxRegister (JmxRegister.java:tryRegister(44)) - Successfully registered JMX Bean with object name Ratis:service=RaftServer,group=group-8ABB89B94688,id=baaa2f18-ad21-4c88-9cdb-38db229a40aa
2019-07-13 16:43:26,245 INFO  util.JmxRegister (JmxRegister.java:tryRegister(44)) - Successfully registered JMX Bean with object name Ratis:service=RaftServer,group=group-8ABB89B94688,id=ea57a461-ebfd-4b5e-ab90-dd623b61ca0f
2019-07-13 16:43:26,252 INFO  pipeline.PipelineStateManager (PipelineStateManager.java:addPipeline(56)) - Created pipeline Pipeline[ Id: eb7a5a9d-d400-4ee2-ba8d-8abb89b94688, Nodes: 20deab3d-cdde-4bb6-ae2a-8dcb0a4e7782{ip: 192.168.5.187, host: trunk-nightly-z92hn-1831959607, networkLocation: /default-rack, certSerialId: null}ea57a461-ebfd-4b5e-ab90-dd623b61ca0f{ip: 192.168.5.187, host: trunk-nightly-z92hn-1831959607, networkLocation: /default-rack, certSerialId: null}baaa2f18-ad21-4c88-9cdb-38db229a40aa{ip: 192.168.5.187, host: trunk-nightly-z92hn-1831959607, networkLocation: /default-rack, certSerialId: null}, Type:RATIS, Factor:THREE, State:OPEN]
2019-07-13 16:43:26,270 INFO  impl.RaftServerProxy (RaftServerProxy.java:addNew(89)) - 69f0d602-000a-4a48-833d-faf77689b17c: addNew group-AF1225408FBA:[cc67199d-6871-48e4-9a9e-abafdf42f4e1:192.168.5.187:41826, 69f0d602-000a-4a48-833d-faf77689b17c:192.168.5.187:40503, df4a0ac6-dd37-499a-b832-8a38d5a50355:192.168.5.187:45430] returns group-AF1225408FBA:java.util.concurrent.CompletableFuture@48bcee00[Not completed]
2019-07-13 16:43:26,273 INFO  impl.RaftServerProxy (RaftServerProxy.java:addNew(89)) - cc67199d-6871-48e4-9a9e-abafdf42f4e1: addNew group-AF1225408FBA:[cc67199d-6871-48e4-9a9e-abafdf42f4e1:192.168.5.187:41826, 69f0d602-000a-4a48-833d-faf77689b17c:192.168.5.187:40503, df4a0ac6-dd37-499a-b832-8a38d5a50355:192.168.5.187:45430] returns group-AF1225408FBA:java.util.concurrent.CompletableFuture@77743317[Not completed]
2019-07-13 16:43:26,275 INFO  impl.RaftServerProxy (RaftServerProxy.java:addNew(89)) - df4a0ac6-dd37-499a-b832-8a38d5a50355: addNew group-AF1225408FBA:[cc67199d-6871-48e4-9a9e-abafdf42f4e1:192.168.5.187:41826, 69f0d602-000a-4a48-833d-faf77689b17c:192.168.5.187:40503, df4a0ac6-dd37-499a-b832-8a38d5a50355:192.168.5.187:45430] returns group-AF1225408FBA:java.util.concurrent.CompletableFuture@7c711126[Not completed]
2019-07-13 16:43:26,276 INFO  impl.RaftServerImpl (RaftServerImpl.java:<init>(93)) - 69f0d602-000a-4a48-833d-faf77689b17c: new RaftServerImpl for group-AF1225408FBA:[cc67199d-6871-48e4-9a9e-abafdf42f4e1:192.168.5.187:41826, 69f0d602-000a-4a48-833d-faf77689b17c:192.168.5.187:40503, df4a0ac6-dd37-499a-b832-8a38d5a50355:192.168.5.187:45430] with ContainerStateMachine:uninitialized
2019-07-13 16:43:26,276 INFO  server.RaftServerConfigKeys (ConfUtils.java:logGet(43)) - raft.server.rpc.timeout.min = 5s (custom)
2019-07-13 16:43:26,276 INFO  server.RaftServerConfigKeys (ConfUtils.java:logGet(43)) - raft.server.rpc.timeout.max = 5200ms (custom)
2019-07-13 16:43:26,276 INFO  server.RaftServerConfigKeys (ConfUtils.java:logGet(43)) - raft.server.rpcslowness.timeout = 120s (custom)
2019-07-13 16:43:26,276 INFO  server.RaftServerConfigKeys (ConfUtils.java:logGet(43)) - raft.server.sleep.deviation.threshold = 300 (default)
2019-07-13 16:43:26,276 INFO  server.RaftServerConfigKeys (ConfUtils.java:logGet(43)) - raft.server.log.appender.install.snapshot.enabled = false (custom)
2019-07-13 16:43:26,277 INFO  impl.RaftServerImpl (ServerState.java:<init>(105)) - 69f0d602-000a-4a48-833d-faf77689b17c:group-AF1225408FBA ConfigurationManager, init=-1: [cc67199d-6871-48e4-9a9e-abafdf42f4e1:192.168.5.187:41826, 69f0d602-000a-4a48-833d-faf77689b17c:192.168.5.187:40503, df4a0ac6-dd37-499a-b832-8a38d5a50355:192.168.5.187:45430], old=null, confs=<EMPTY_MAP>
2019-07-13 16:43:26,277 INFO  impl.RaftServerImpl (RaftServerImpl.java:<init>(93)) - df4a0ac6-dd37-499a-b832-8a38d5a50355: new RaftServerImpl for group-AF1225408FBA:[cc67199d-6871-48e4-9a9e-abafdf42f4e1:192.168.5.187:41826, 69f0d602-000a-4a48-833d-faf77689b17c:192.168.5.187:40503, df4a0ac6-dd37-499a-b832-8a38d5a50355:192.168.5.187:45430] with ContainerStateMachine:uninitialized
2019-07-13 16:43:26,277 INFO  server.RaftServerConfigKeys (ConfUtils.java:logGet(43)) - raft.server.storage.dir = [/tmp/workdir/hadoop-ozone/integration-test/target/test-dir/MiniOzoneClusterImpl-45e70ad9-0cd6-4ce0-b3ff-21b0ae675b0f/datanode-2/data/ratis] (custom)
2019-07-13 16:43:26,277 INFO  server.RaftServerConfigKeys (ConfUtils.java:logGet(43)) - raft.server.rpc.timeout.min = 5s (custom)
2019-07-13 16:43:26,277 INFO  server.RaftServerConfigKeys (ConfUtils.java:logGet(43)) - raft.server.rpc.timeout.max = 5200ms (custom)
2019-07-13 16:43:26,277 INFO  storage.RaftStorageDirectory (RaftStorageDirectory.java:analyzeStorage(246)) - The storage directory /tmp/workdir/hadoop-ozone/integration-test/target/test-dir/MiniOzoneClusterImpl-45e70ad9-0cd6-4ce0-b3ff-21b0ae675b0f/datanode-2/data/ratis/588d5e98-15df-42b7-a9a0-af1225408fba does not exist. Creating ...
2019-07-13 16:43:26,277 INFO  server.RaftServerConfigKeys (ConfUtils.java:logGet(43)) - raft.server.rpcslowness.timeout = 120s (custom)
2019-07-13 16:43:26,277 INFO  impl.RaftServerImpl (RaftServerImpl.java:<init>(93)) - cc67199d-6871-48e4-9a9e-abafdf42f4e1: new RaftServerImpl for group-AF1225408FBA:[cc67199d-6871-48e4-9a9e-abafdf42f4e1:192.168.5.187:41826, 69f0d602-000a-4a48-833d-faf77689b17c:192.168.5.187:40503, df4a0ac6-dd37-499a-b832-8a38d5a50355:192.168.5.187:45430] with ContainerStateMachine:uninitialized
2019-07-13 16:43:26,277 INFO  server.RaftServerConfigKeys (ConfUtils.java:logGet(43)) - raft.server.sleep.deviation.threshold = 300 (default)
2019-07-13 16:43:26,278 INFO  server.RaftServerConfigKeys (ConfUtils.java:logGet(43)) - raft.server.rpc.timeout.min = 5s (custom)
2019-07-13 16:43:26,278 INFO  server.RaftServerConfigKeys (ConfUtils.java:logGet(43)) - raft.server.log.appender.install.snapshot.enabled = false (custom)
2019-07-13 16:43:26,278 INFO  server.RaftServerConfigKeys (ConfUtils.java:logGet(43)) - raft.server.rpc.timeout.max = 5200ms (custom)
2019-07-13 16:43:26,278 INFO  impl.RaftServerImpl (ServerState.java:<init>(105)) - df4a0ac6-dd37-499a-b832-8a38d5a50355:group-AF1225408FBA ConfigurationManager, init=-1: [cc67199d-6871-48e4-9a9e-abafdf42f4e1:192.168.5.187:41826, 69f0d602-000a-4a48-833d-faf77689b17c:192.168.5.187:40503, df4a0ac6-dd37-499a-b832-8a38d5a50355:192.168.5.187:45430], old=null, confs=<EMPTY_MAP>
2019-07-13 16:43:26,278 INFO  server.RaftServerConfigKeys (ConfUtils.java:logGet(43)) - raft.server.rpcslowness.timeout = 120s (custom)
2019-07-13 16:43:26,278 INFO  server.RaftServerConfigKeys (ConfUtils.java:logGet(43)) - raft.server.storage.dir = [/tmp/workdir/hadoop-ozone/integration-test/target/test-dir/MiniOzoneClusterImpl-45e70ad9-0cd6-4ce0-b3ff-21b0ae675b0f/datanode-3/data/ratis] (custom)
2019-07-13 16:43:26,278 INFO  server.RaftServerConfigKeys (ConfUtils.java:logGet(43)) - raft.server.sleep.deviation.threshold = 300 (default)
2019-07-13 16:43:26,278 INFO  server.RaftServerConfigKeys (ConfUtils.java:logGet(43)) - raft.server.log.appender.install.snapshot.enabled = false (custom)
2019-07-13 16:43:26,279 INFO  impl.RaftServerImpl (ServerState.java:<init>(105)) - cc67199d-6871-48e4-9a9e-abafdf42f4e1:group-AF1225408FBA ConfigurationManager, init=-1: [cc67199d-6871-48e4-9a9e-abafdf42f4e1:192.168.5.187:41826, 69f0d602-000a-4a48-833d-faf77689b17c:192.168.5.187:40503, df4a0ac6-dd37-499a-b832-8a38d5a50355:192.168.5.187:45430], old=null, confs=<EMPTY_MAP>
2019-07-13 16:43:26,279 INFO  storage.RaftStorageDirectory (RaftStorageDirectory.java:analyzeStorage(246)) - The storage directory /tmp/workdir/hadoop-ozone/integration-test/target/test-dir/MiniOzoneClusterImpl-45e70ad9-0cd6-4ce0-b3ff-21b0ae675b0f/datanode-3/data/ratis/588d5e98-15df-42b7-a9a0-af1225408fba does not exist. Creating ...
2019-07-13 16:43:26,279 INFO  server.RaftServerConfigKeys (ConfUtils.java:logGet(43)) - raft.server.storage.dir = [/tmp/workdir/hadoop-ozone/integration-test/target/test-dir/MiniOzoneClusterImpl-45e70ad9-0cd6-4ce0-b3ff-21b0ae675b0f/datanode-8/data/ratis] (custom)
2019-07-13 16:43:26,279 INFO  storage.RaftStorageDirectory (RaftStorageDirectory.java:analyzeStorage(246)) - The storage directory /tmp/workdir/hadoop-ozone/integration-test/target/test-dir/MiniOzoneClusterImpl-45e70ad9-0cd6-4ce0-b3ff-21b0ae675b0f/datanode-8/data/ratis/588d5e98-15df-42b7-a9a0-af1225408fba does not exist. Creating ...
2019-07-13 16:43:26,283 INFO  storage.RaftStorageDirectory (RaftStorageDirectory.java:tryLock(328)) - Lock on /tmp/workdir/hadoop-ozone/integration-test/target/test-dir/MiniOzoneClusterImpl-45e70ad9-0cd6-4ce0-b3ff-21b0ae675b0f/datanode-2/data/ratis/588d5e98-15df-42b7-a9a0-af1225408fba/in_use.lock acquired by nodename 23563@trunk-nightly-z92hn-1831959607
2019-07-13 16:43:26,283 INFO  storage.RaftStorageDirectory (RaftStorageDirectory.java:tryLock(328)) - Lock on /tmp/workdir/hadoop-ozone/integration-test/target/test-dir/MiniOzoneClusterImpl-45e70ad9-0cd6-4ce0-b3ff-21b0ae675b0f/datanode-3/data/ratis/588d5e98-15df-42b7-a9a0-af1225408fba/in_use.lock acquired by nodename 23563@trunk-nightly-z92hn-1831959607
2019-07-13 16:43:26,283 INFO  storage.RaftStorageDirectory (RaftStorageDirectory.java:tryLock(328)) - Lock on /tmp/workdir/hadoop-ozone/integration-test/target/test-dir/MiniOzoneClusterImpl-45e70ad9-0cd6-4ce0-b3ff-21b0ae675b0f/datanode-8/data/ratis/588d5e98-15df-42b7-a9a0-af1225408fba/in_use.lock acquired by nodename 23563@trunk-nightly-z92hn-1831959607
2019-07-13 16:43:26,287 INFO  storage.RaftStorage (RaftStorage.java:format(72)) - Storage directory /tmp/workdir/hadoop-ozone/integration-test/target/test-dir/MiniOzoneClusterImpl-45e70ad9-0cd6-4ce0-b3ff-21b0ae675b0f/datanode-2/data/ratis/588d5e98-15df-42b7-a9a0-af1225408fba has been successfully formatted.
2019-07-13 16:43:26,287 INFO  storage.RaftStorage (RaftStorage.java:format(72)) - Storage directory /tmp/workdir/hadoop-ozone/integration-test/target/test-dir/MiniOzoneClusterImpl-45e70ad9-0cd6-4ce0-b3ff-21b0ae675b0f/datanode-8/data/ratis/588d5e98-15df-42b7-a9a0-af1225408fba has been successfully formatted.
2019-07-13 16:43:26,287 INFO  storage.RaftStorage (RaftStorage.java:format(72)) - Storage directory /tmp/workdir/hadoop-ozone/integration-test/target/test-dir/MiniOzoneClusterImpl-45e70ad9-0cd6-4ce0-b3ff-21b0ae675b0f/datanode-3/data/ratis/588d5e98-15df-42b7-a9a0-af1225408fba has been successfully formatted.
2019-07-13 16:43:26,287 INFO  ratis.ContainerStateMachine (ContainerStateMachine.java:loadSnapshot(200)) - The snapshot info is null.Setting the last applied index to:(t:0, i:~)
2019-07-13 16:43:26,287 INFO  ratis.ContainerStateMachine (ContainerStateMachine.java:loadSnapshot(200)) - The snapshot info is null.Setting the last applied index to:(t:0, i:~)
2019-07-13 16:43:26,287 INFO  ratis.ContainerStateMachine (ContainerStateMachine.java:loadSnapshot(200)) - The snapshot info is null.Setting the last applied index to:(t:0, i:~)
2019-07-13 16:43:26,287 INFO  server.RaftServerConfigKeys (ConfUtils.java:logGet(43)) - raft.server.leader.election.timeout = 120s (custom)
2019-07-13 16:43:26,288 INFO  server.RaftServerConfigKeys (ConfUtils.java:logGet(43)) - raft.server.leader.election.timeout = 120s (custom)
2019-07-13 16:43:26,287 INFO  server.RaftServerConfigKeys (ConfUtils.java:logGet(43)) - raft.server.leader.election.timeout = 120s (custom)
2019-07-13 16:43:26,288 INFO  server.RaftServerConfigKeys (ConfUtils.java:logGet(43)) - raft.server.log.use.memory = false (default)
2019-07-13 16:43:26,288 INFO  server.RaftServerConfigKeys (ConfUtils.java:logGet(43)) - raft.server.log.use.memory = false (default)
2019-07-13 16:43:26,288 INFO  server.RaftServerConfigKeys (ConfUtils.java:logGet(43)) - raft.server.log.purge.gap = 1000000000 (custom)
2019-07-13 16:43:26,288 INFO  server.RaftServerConfigKeys (ConfUtils.java:logGet(43)) - raft.server.log.use.memory = false (default)
2019-07-13 16:43:26,288 INFO  server.RaftServerConfigKeys (ConfUtils.java:logGet(43)) - raft.server.log.appender.buffer.byte-limit = 33554432 (custom)
2019-07-13 16:43:26,288 INFO  server.RaftServerConfigKeys (ConfUtils.java:logGet(43)) - raft.server.log.purge.gap = 1000000000 (custom)
2019-07-13 16:43:26,289 INFO  server.RaftServerConfigKeys (ConfUtils.java:logGet(43)) - raft.server.log.segment.size.max = 1048576 (custom)
2019-07-13 16:43:26,289 INFO  server.RaftServerConfigKeys (ConfUtils.java:logGet(43)) - raft.server.log.purge.gap = 1000000000 (custom)
2019-07-13 16:43:26,289 INFO  server.RaftServerConfigKeys (ConfUtils.java:logGet(43)) - raft.server.log.segment.cache.num.max = 2 (custom)
2019-07-13 16:43:26,289 INFO  server.RaftServerConfigKeys (ConfUtils.java:logGet(43)) - raft.server.log.appender.buffer.byte-limit = 33554432 (custom)
2019-07-13 16:43:26,289 INFO  segmented.SegmentedRaftLogWorker (SegmentedRaftLogWorker.java:<init>(172)) - new df4a0ac6-dd37-499a-b832-8a38d5a50355-SegmentedRaftLogWorker:Storage Directory /tmp/workdir/hadoop-ozone/integration-test/target/test-dir/MiniOzoneClusterImpl-45e70ad9-0cd6-4ce0-b3ff-21b0ae675b0f/datanode-3/data/ratis/588d5e98-15df-42b7-a9a0-af1225408fba for RaftStorage:Storage Directory /tmp/workdir/hadoop-ozone/integration-test/target/test-dir/MiniOzoneClusterImpl-45e70ad9-0cd6-4ce0-b3ff-21b0ae675b0f/datanode-3/data/ratis/588d5e98-15df-42b7-a9a0-af1225408fba
2019-07-13 16:43:26,289 INFO  server.RaftServerConfigKeys (ConfUtils.java:logGet(43)) - raft.server.log.appender.buffer.byte-limit = 33554432 (custom)
2019-07-13 16:43:26,289 INFO  server.RaftServerConfigKeys (ConfUtils.java:logGet(43)) - raft.server.log.queue.byte-limit = 2147483647 (custom)
2019-07-13 16:43:26,289 INFO  server.RaftServerConfigKeys (ConfUtils.java:logGet(43)) - raft.server.log.segment.size.max = 1048576 (custom)
2019-07-13 16:43:26,291 INFO  server.RaftServerConfigKeys (ConfUtils.java:logGet(43)) - raft.server.log.queue.element-limit = 1024 (custom)
2019-07-13 16:43:26,291 INFO  server.RaftServerConfigKeys (ConfUtils.java:logGet(43)) - raft.server.log.segment.size.max = 1048576 (custom)
2019-07-13 16:43:26,292 INFO  server.RaftServerConfigKeys (ConfUtils.java:logGet(43)) - raft.server.log.segment.size.max = 1048576 (custom)
2019-07-13 16:43:26,292 INFO  server.RaftServerConfigKeys (ConfUtils.java:logGet(43)) - raft.server.log.segment.cache.num.max = 2 (custom)
2019-07-13 16:43:26,292 INFO  server.RaftServerConfigKeys (ConfUtils.java:logGet(43)) - raft.server.log.preallocated.size = 16384 (custom)
2019-07-13 16:43:26,292 INFO  server.RaftServerConfigKeys (ConfUtils.java:logGet(43)) - raft.server.log.segment.cache.num.max = 2 (custom)
2019-07-13 16:43:26,292 INFO  server.RaftServerConfigKeys (ConfUtils.java:logGet(43)) - raft.server.log.write.buffer.size = 33554432 (custom)
2019-07-13 16:43:26,292 INFO  segmented.SegmentedRaftLogWorker (SegmentedRaftLogWorker.java:<init>(172)) - new 69f0d602-000a-4a48-833d-faf77689b17c-SegmentedRaftLogWorker:Storage Directory /tmp/workdir/hadoop-ozone/integration-test/target/test-dir/MiniOzoneClusterImpl-45e70ad9-0cd6-4ce0-b3ff-21b0ae675b0f/datanode-2/data/ratis/588d5e98-15df-42b7-a9a0-af1225408fba for RaftStorage:Storage Directory /tmp/workdir/hadoop-ozone/integration-test/target/test-dir/MiniOzoneClusterImpl-45e70ad9-0cd6-4ce0-b3ff-21b0ae675b0f/datanode-2/data/ratis/588d5e98-15df-42b7-a9a0-af1225408fba
2019-07-13 16:43:26,293 INFO  server.RaftServerConfigKeys (ConfUtils.java:logGet(43)) - raft.server.log.force.sync.num = 128 (default)
2019-07-13 16:43:26,292 INFO  segmented.SegmentedRaftLogWorker (SegmentedRaftLogWorker.java:<init>(172)) - new cc67199d-6871-48e4-9a9e-abafdf42f4e1-SegmentedRaftLogWorker:Storage Directory /tmp/workdir/hadoop-ozone/integration-test/target/test-dir/MiniOzoneClusterImpl-45e70ad9-0cd6-4ce0-b3ff-21b0ae675b0f/datanode-8/data/ratis/588d5e98-15df-42b7-a9a0-af1225408fba for RaftStorage:Storage Directory /tmp/workdir/hadoop-ozone/integration-test/target/test-dir/MiniOzoneClusterImpl-45e70ad9-0cd6-4ce0-b3ff-21b0ae675b0f/datanode-8/data/ratis/588d5e98-15df-42b7-a9a0-af1225408fba
2019-07-13 16:43:26,293 INFO  server.RaftServerConfigKeys (ConfUtils.java:logGet(43)) - raft.server.log.statemachine.data.sync = true (default)
2019-07-13 16:43:26,293 INFO  server.RaftServerConfigKeys (ConfUtils.java:logGet(43)) - raft.server.log.queue.byte-limit = 2147483647 (custom)
2019-07-13 16:43:26,304 INFO  server.RaftServerConfigKeys (ConfUtils.java:logGet(43)) - raft.server.log.statemachine.data.sync.timeout = 10s (default)
2019-07-13 16:43:26,301 INFO  server.RaftServerConfigKeys (ConfUtils.java:logGet(43)) - raft.server.log.queue.byte-limit = 2147483647 (custom)
2019-07-13 16:43:26,306 INFO  server.RaftServerConfigKeys (ConfUtils.java:logGet(43)) - raft.server.log.statemachine.data.sync.timeout.retry = -1 (default)
2019-07-13 16:43:26,306 INFO  server.RaftServerConfigKeys (ConfUtils.java:logGet(43)) - raft.server.log.queue.element-limit = 1024 (custom)
2019-07-13 16:43:26,306 INFO  server.RaftServerConfigKeys (ConfUtils.java:logGet(43)) - raft.server.log.queue.element-limit = 1024 (custom)
2019-07-13 16:43:26,313 INFO  server.RaftServerConfigKeys (ConfUtils.java:logGet(43)) - raft.server.log.statemachine.data.caching.enabled = true (custom)
2019-07-13 16:43:26,313 INFO  server.RaftServerConfigKeys (ConfUtils.java:logGet(43)) - raft.server.log.segment.size.max = 1048576 (custom)
2019-07-13 16:43:26,320 INFO  segmented.SegmentedRaftLogWorker (SegmentedRaftLogWorker.java:lambda$new$0(132)) - df4a0ac6-dd37-499a-b832-8a38d5a50355-SegmentedRaftLogWorker:Storage Directory /tmp/workdir/hadoop-ozone/integration-test/target/test-dir/MiniOzoneClusterImpl-45e70ad9-0cd6-4ce0-b3ff-21b0ae675b0f/datanode-3/data/ratis/588d5e98-15df-42b7-a9a0-af1225408fba: flushIndex: setUnconditionally 0 -> -1
2019-07-13 16:43:26,313 INFO  server.RaftServerConfigKeys (ConfUtils.java:logGet(43)) - raft.server.log.segment.size.max = 1048576 (custom)
2019-07-13 16:43:26,320 INFO  server.RaftServerConfigKeys (ConfUtils.java:logGet(43)) - raft.server.log.preallocated.size = 16384 (custom)
2019-07-13 16:43:26,321 INFO  server.RaftServerConfigKeys (ConfUtils.java:logGet(43)) - raft.server.snapshot.auto.trigger.enabled = true (custom)
2019-07-13 16:43:26,321 INFO  server.RaftServerConfigKeys (ConfUtils.java:logGet(43)) - raft.server.log.preallocated.size = 16384 (custom)
2019-07-13 16:43:26,321 INFO  server.RaftServerConfigKeys (ConfUtils.java:logGet(43)) - raft.server.snapshot.auto.trigger.threshold = 10000 (custom)
2019-07-13 16:43:26,321 INFO  server.RaftServerConfigKeys (ConfUtils.java:logGet(43)) - raft.server.log.write.buffer.size = 33554432 (custom)
2019-07-13 16:43:26,321 INFO  server.RaftServerConfigKeys (ConfUtils.java:logGet(43)) - raft.server.retrycache.expirytime = 600000ms (custom)
2019-07-13 16:43:26,321 INFO  server.RaftServerConfigKeys (ConfUtils.java:logGet(43)) - raft.server.log.write.buffer.size = 33554432 (custom)
2019-07-13 16:43:26,322 INFO  impl.RaftServerImpl (RaftServerImpl.java:start(180)) - df4a0ac6-dd37-499a-b832-8a38d5a50355: start group-AF1225408FBA
2019-07-13 16:43:26,321 INFO  server.RaftServerConfigKeys (ConfUtils.java:logGet(43)) - raft.server.log.force.sync.num = 128 (default)
2019-07-13 16:43:26,322 INFO  impl.RaftServerImpl (RaftServerImpl.java:setRole(171)) - df4a0ac6-dd37-499a-b832-8a38d5a50355:group-AF1225408FBA changes role from null to FOLLOWER at term 0 for startAsFollower
2019-07-13 16:43:26,322 INFO  server.RaftServerConfigKeys (ConfUtils.java:logGet(43)) - raft.server.log.force.sync.num = 128 (default)
2019-07-13 16:43:26,322 INFO  impl.RoleInfo (RoleInfo.java:updateAndGet(143)) - df4a0ac6-dd37-499a-b832-8a38d5a50355: start FollowerState
2019-07-13 16:43:26,322 INFO  server.RaftServerConfigKeys (ConfUtils.java:logGet(43)) - raft.server.log.statemachine.data.sync = true (default)
2019-07-13 16:43:26,323 INFO  server.RaftServerConfigKeys (ConfUtils.java:logGet(43)) - raft.server.log.statemachine.data.sync = true (default)
2019-07-13 16:43:26,323 INFO  util.JmxRegister (JmxRegister.java:tryRegister(44)) - Successfully registered JMX Bean with object name Ratis:service=RaftServer,group=group-AF1225408FBA,id=df4a0ac6-dd37-499a-b832-8a38d5a50355
2019-07-13 16:43:26,323 INFO  server.RaftServerConfigKeys (ConfUtils.java:logGet(43)) - raft.server.log.statemachine.data.sync.timeout = 10s (default)
2019-07-13 16:43:26,323 INFO  server.RaftServerConfigKeys (ConfUtils.java:logGet(43)) - raft.server.log.statemachine.data.sync.timeout = 10s (default)
2019-07-13 16:43:26,324 INFO  server.RaftServerConfigKeys (ConfUtils.java:logGet(43)) - raft.server.log.statemachine.data.sync.timeout.retry = -1 (default)
2019-07-13 16:43:26,324 INFO  server.RaftServerConfigKeys (ConfUtils.java:logGet(43)) - raft.server.log.statemachine.data.sync.timeout.retry = -1 (default)
2019-07-13 16:43:26,324 INFO  server.RaftServerConfigKeys (ConfUtils.java:logGet(43)) - raft.server.log.statemachine.data.caching.enabled = true (custom)
2019-07-13 16:43:26,324 INFO  server.RaftServerConfigKeys (ConfUtils.java:logGet(43)) - raft.server.log.statemachine.data.caching.enabled = true (custom)
2019-07-13 16:43:26,325 INFO  segmented.SegmentedRaftLogWorker (SegmentedRaftLogWorker.java:lambda$new$0(132)) - 69f0d602-000a-4a48-833d-faf77689b17c-SegmentedRaftLogWorker:Storage Directory /tmp/workdir/hadoop-ozone/integration-test/target/test-dir/MiniOzoneClusterImpl-45e70ad9-0cd6-4ce0-b3ff-21b0ae675b0f/datanode-2/data/ratis/588d5e98-15df-42b7-a9a0-af1225408fba: flushIndex: setUnconditionally 0 -> -1
2019-07-13 16:43:26,325 INFO  server.RaftServerConfigKeys (ConfUtils.java:logGet(43)) - raft.server.snapshot.auto.trigger.enabled = true (custom)
2019-07-13 16:43:26,325 INFO  segmented.SegmentedRaftLogWorker (SegmentedRaftLogWorker.java:lambda$new$0(132)) - cc67199d-6871-48e4-9a9e-abafdf42f4e1-SegmentedRaftLogWorker:Storage Directory /tmp/workdir/hadoop-ozone/integration-test/target/test-dir/MiniOzoneClusterImpl-45e70ad9-0cd6-4ce0-b3ff-21b0ae675b0f/datanode-8/data/ratis/588d5e98-15df-42b7-a9a0-af1225408fba: flushIndex: setUnconditionally 0 -> -1
2019-07-13 16:43:26,325 INFO  server.RaftServerConfigKeys (ConfUtils.java:logGet(43)) - raft.server.snapshot.auto.trigger.threshold = 10000 (custom)
2019-07-13 16:43:26,325 INFO  server.RaftServerConfigKeys (ConfUtils.java:logGet(43)) - raft.server.retrycache.expirytime = 600000ms (custom)
2019-07-13 16:43:26,326 INFO  server.RaftServerConfigKeys (ConfUtils.java:logGet(43)) - raft.server.snapshot.auto.trigger.enabled = true (custom)
2019-07-13 16:43:26,326 INFO  impl.RaftServerImpl (RaftServerImpl.java:start(180)) - 69f0d602-000a-4a48-833d-faf77689b17c: start group-AF1225408FBA
2019-07-13 16:43:26,326 INFO  server.RaftServerConfigKeys (ConfUtils.java:logGet(43)) - raft.server.snapshot.auto.trigger.threshold = 10000 (custom)
2019-07-13 16:43:26,326 INFO  impl.RaftServerImpl (RaftServerImpl.java:setRole(171)) - 69f0d602-000a-4a48-833d-faf77689b17c:group-AF1225408FBA changes role from null to FOLLOWER at term 0 for startAsFollower
2019-07-13 16:43:26,326 INFO  impl.RoleInfo (RoleInfo.java:updateAndGet(143)) - 69f0d602-000a-4a48-833d-faf77689b17c: start FollowerState
2019-07-13 16:43:26,326 INFO  server.RaftServerConfigKeys (ConfUtils.java:logGet(43)) - raft.server.retrycache.expirytime = 600000ms (custom)
2019-07-13 16:43:26,328 INFO  util.JmxRegister (JmxRegister.java:tryRegister(44)) - Successfully registered JMX Bean with object name Ratis:service=RaftServer,group=group-AF1225408FBA,id=69f0d602-000a-4a48-833d-faf77689b17c
2019-07-13 16:43:26,328 INFO  impl.RaftServerImpl (RaftServerImpl.java:start(180)) - cc67199d-6871-48e4-9a9e-abafdf42f4e1: start group-AF1225408FBA
2019-07-13 16:43:26,328 INFO  impl.RaftServerImpl (RaftServerImpl.java:setRole(171)) - cc67199d-6871-48e4-9a9e-abafdf42f4e1:group-AF1225408FBA changes role from null to FOLLOWER at term 0 for startAsFollower
2019-07-13 16:43:26,329 INFO  impl.RoleInfo (RoleInfo.java:updateAndGet(143)) - cc67199d-6871-48e4-9a9e-abafdf42f4e1: start FollowerState
2019-07-13 16:43:26,332 INFO  util.JmxRegister (JmxRegister.java:tryRegister(44)) - Successfully registered JMX Bean with object name Ratis:service=RaftServer,group=group-AF1225408FBA,id=cc67199d-6871-48e4-9a9e-abafdf42f4e1
2019-07-13 16:43:26,338 INFO  pipeline.PipelineStateManager (PipelineStateManager.java:addPipeline(56)) - Created pipeline Pipeline[ Id: 588d5e98-15df-42b7-a9a0-af1225408fba, Nodes: df4a0ac6-dd37-499a-b832-8a38d5a50355{ip: 192.168.5.187, host: trunk-nightly-z92hn-1831959607, networkLocation: /default-rack, certSerialId: null}cc67199d-6871-48e4-9a9e-abafdf42f4e1{ip: 192.168.5.187, host: trunk-nightly-z92hn-1831959607, networkLocation: /default-rack, certSerialId: null}69f0d602-000a-4a48-833d-faf77689b17c{ip: 192.168.5.187, host: trunk-nightly-z92hn-1831959607, networkLocation: /default-rack, certSerialId: null}, Type:RATIS, Factor:THREE, State:OPEN]
2019-07-13 16:43:26,372 INFO  ozone.MiniOzoneClusterImpl (MiniOzoneClusterImpl.java:getStorageContainerLocationClient(241)) - Creating StorageContainerLocationProtocol RPC client with address /0.0.0.0:33429
2019-07-13 16:43:26,427 INFO  rpc.RpcClient (RpcClient.java:createVolume(287)) - Creating Volume: d0345c31-fbc9-459a-9fbb-7e0073e6fffa, with jenkins1000 as owner.
2019-07-13 16:43:26,466 INFO  rpc.RpcClient (RpcClient.java:createBucket(424)) - Creating Bucket: d0345c31-fbc9-459a-9fbb-7e0073e6fffa/2aa769cf-8bd4-4e58-8a07-2d15e98ee0b8, with Versioning false and Storage Type set to DISK and Encryption set to false 
2019-07-13 16:43:26,748 INFO  client.GrpcClientProtocolClient (GrpcClientProtocolClient.java:onNext(255)) - client-768EB1DB5AF5->b3e4071a-8903-49bb-82a0-e3a8c191edbe: receive RaftClientReply:client-768EB1DB5AF5->b3e4071a-8903-49bb-82a0-e3a8c191edbe@group-20E0A8D52E96, cid=19, FAILED org.apache.ratis.protocol.NotLeaderException: Server b3e4071a-8903-49bb-82a0-e3a8c191edbe is not the leader (null). Request must be sent to leader., logIndex=0, commits[b3e4071a-8903-49bb-82a0-e3a8c191edbe:c-1]
2019-07-13 16:43:26,857 INFO  container.ReplicationManager (ReplicationManager.java:start(155)) - Starting Replication Monitor Thread.
2019-07-13 16:43:26,862 INFO  container.ReplicationManager (ReplicationManager.java:run(207)) - Replication Monitor Thread took 4 milliseconds for processing 1 containers.
2019-07-13 16:43:27,796 INFO  client.GrpcClientProtocolClient (GrpcClientProtocolClient.java:onNext(255)) - client-768EB1DB5AF5->4de4bd07-0ee6-49b6-aecf-8ed7c18cdab2: receive RaftClientReply:client-768EB1DB5AF5->4de4bd07-0ee6-49b6-aecf-8ed7c18cdab2@group-20E0A8D52E96, cid=19, FAILED org.apache.ratis.protocol.NotLeaderException: Server 4de4bd07-0ee6-49b6-aecf-8ed7c18cdab2 is not the leader (null). Request must be sent to leader., logIndex=0, commits[4de4bd07-0ee6-49b6-aecf-8ed7c18cdab2:c-1]
2019-07-13 16:43:28,832 INFO  client.GrpcClientProtocolClient (GrpcClientProtocolClient.java:onNext(255)) - client-768EB1DB5AF5->3a018f76-c0d2-452c-8921-ba44ebbfd4f7: receive RaftClientReply:client-768EB1DB5AF5->3a018f76-c0d2-452c-8921-ba44ebbfd4f7@group-20E0A8D52E96, cid=19, FAILED org.apache.ratis.protocol.NotLeaderException: Server 3a018f76-c0d2-452c-8921-ba44ebbfd4f7 is not the leader (null). Request must be sent to leader., logIndex=0, commits[3a018f76-c0d2-452c-8921-ba44ebbfd4f7:c-1]
2019-07-13 16:43:29,861 INFO  client.GrpcClientProtocolClient (GrpcClientProtocolClient.java:onNext(255)) - client-768EB1DB5AF5->b3e4071a-8903-49bb-82a0-e3a8c191edbe: receive RaftClientReply:client-768EB1DB5AF5->b3e4071a-8903-49bb-82a0-e3a8c191edbe@group-20E0A8D52E96, cid=19, FAILED org.apache.ratis.protocol.NotLeaderException: Server b3e4071a-8903-49bb-82a0-e3a8c191edbe is not the leader (null). Request must be sent to leader., logIndex=0, commits[b3e4071a-8903-49bb-82a0-e3a8c191edbe:c-1]
2019-07-13 16:43:30,354 INFO  impl.FollowerState (FollowerState.java:run(106)) - baaa2f18-ad21-4c88-9cdb-38db229a40aa:group-A117B596C422 changes to CANDIDATE, lastRpcTime:5159, electionTimeout:5158ms
2019-07-13 16:43:30,354 INFO  impl.RoleInfo (RoleInfo.java:shutdownFollowerState(121)) - baaa2f18-ad21-4c88-9cdb-38db229a40aa: shutdown FollowerState
2019-07-13 16:43:30,354 INFO  impl.RaftServerImpl (RaftServerImpl.java:setRole(171)) - baaa2f18-ad21-4c88-9cdb-38db229a40aa:group-A117B596C422 changes role from FOLLOWER to CANDIDATE at term 0 for changeToCandidate
2019-07-13 16:43:30,363 INFO  impl.RoleInfo (RoleInfo.java:updateAndGet(143)) - baaa2f18-ad21-4c88-9cdb-38db229a40aa: start LeaderElection
2019-07-13 16:43:30,384 INFO  impl.LeaderElection (LeaderElection.java:askForVotes(181)) - baaa2f18-ad21-4c88-9cdb-38db229a40aa:group-A117B596C422:LeaderElection1: begin an election at term 1 for -1: [baaa2f18-ad21-4c88-9cdb-38db229a40aa:192.168.5.187:38937], old=null
2019-07-13 16:43:30,386 INFO  impl.RoleInfo (RoleInfo.java:shutdownLeaderElection(134)) - baaa2f18-ad21-4c88-9cdb-38db229a40aa: shutdown LeaderElection
2019-07-13 16:43:30,387 INFO  impl.RaftServerImpl (RaftServerImpl.java:setRole(171)) - baaa2f18-ad21-4c88-9cdb-38db229a40aa:group-A117B596C422 changes role from CANDIDATE to LEADER at term 1 for changeToLeader
2019-07-13 16:43:30,387 INFO  impl.RaftServerImpl (ServerState.java:setLeader(263)) - baaa2f18-ad21-4c88-9cdb-38db229a40aa:group-A117B596C422 change Leader from null to baaa2f18-ad21-4c88-9cdb-38db229a40aa at term 1 for becomeLeader, leader elected after 5281ms
2019-07-13 16:43:30,399 INFO  server.RaftServerConfigKeys (ConfUtils.java:logGet(43)) - raft.server.staging.catchup.gap = 1000 (default)
2019-07-13 16:43:30,399 INFO  server.RaftServerConfigKeys (ConfUtils.java:logGet(43)) - raft.server.rpc.sleep.time = 25ms (default)
2019-07-13 16:43:30,403 INFO  server.RaftServerConfigKeys (ConfUtils.java:logGet(43)) - raft.server.write.element-limit = 4096 (default)
2019-07-13 16:43:30,406 INFO  server.RaftServerConfigKeys (ConfUtils.java:logGet(43)) - raft.server.watch.timeout = 10s (default)
2019-07-13 16:43:30,406 INFO  server.RaftServerConfigKeys (ConfUtils.java:logGet(43)) - raft.server.watch.timeout.denomination = 1s (default)
2019-07-13 16:43:30,408 INFO  server.RaftServerConfigKeys (ConfUtils.java:logGet(43)) - raft.server.watch.element-limit = 65536 (default)
2019-07-13 16:43:30,418 INFO  impl.RoleInfo (RoleInfo.java:updateAndGet(143)) - baaa2f18-ad21-4c88-9cdb-38db229a40aa: start LeaderState
2019-07-13 16:43:30,446 INFO  segmented.SegmentedRaftLogWorker (SegmentedRaftLogWorker.java:startLogSegment(380)) - baaa2f18-ad21-4c88-9cdb-38db229a40aa-SegmentedRaftLogWorker:Storage Directory /tmp/workdir/hadoop-ozone/integration-test/target/test-dir/MiniOzoneClusterImpl-45e70ad9-0cd6-4ce0-b3ff-21b0ae675b0f/datanode-0/data/ratis/fd8f2af6-619e-4f10-8115-a117b596c422: Starting segment from index:0
2019-07-13 16:43:30,457 INFO  impl.RaftServerImpl (ServerState.java:setRaftConf(361)) - baaa2f18-ad21-4c88-9cdb-38db229a40aa:group-A117B596C422 set configuration 0: [baaa2f18-ad21-4c88-9cdb-38db229a40aa:192.168.5.187:38937], old=null at 0
2019-07-13 16:43:30,485 INFO  impl.FollowerState (FollowerState.java:run(106)) - b3e4071a-8903-49bb-82a0-e3a8c191edbe:group-FF52E24295A0 changes to CANDIDATE, lastRpcTime:5080, electionTimeout:5078ms
2019-07-13 16:43:30,488 INFO  impl.RoleInfo (RoleInfo.java:shutdownFollowerState(121)) - b3e4071a-8903-49bb-82a0-e3a8c191edbe: shutdown FollowerState
2019-07-13 16:43:30,488 INFO  impl.RaftServerImpl (RaftServerImpl.java:setRole(171)) - b3e4071a-8903-49bb-82a0-e3a8c191edbe:group-FF52E24295A0 changes role from FOLLOWER to CANDIDATE at term 0 for changeToCandidate
2019-07-13 16:43:30,488 INFO  impl.RoleInfo (RoleInfo.java:updateAndGet(143)) - b3e4071a-8903-49bb-82a0-e3a8c191edbe: start LeaderElection
2019-07-13 16:43:30,509 INFO  impl.LeaderElection (LeaderElection.java:askForVotes(181)) - b3e4071a-8903-49bb-82a0-e3a8c191edbe:group-FF52E24295A0:LeaderElection2: begin an election at term 1 for -1: [b3e4071a-8903-49bb-82a0-e3a8c191edbe:192.168.5.187:35263], old=null
2019-07-13 16:43:30,511 INFO  impl.RoleInfo (RoleInfo.java:shutdownLeaderElection(134)) - b3e4071a-8903-49bb-82a0-e3a8c191edbe: shutdown LeaderElection
2019-07-13 16:43:30,511 INFO  impl.RaftServerImpl (RaftServerImpl.java:setRole(171)) - b3e4071a-8903-49bb-82a0-e3a8c191edbe:group-FF52E24295A0 changes role from CANDIDATE to LEADER at term 1 for changeToLeader
2019-07-13 16:43:30,511 INFO  impl.RaftServerImpl (ServerState.java:setLeader(263)) - b3e4071a-8903-49bb-82a0-e3a8c191edbe:group-FF52E24295A0 change Leader from null to b3e4071a-8903-49bb-82a0-e3a8c191edbe at term 1 for becomeLeader, leader elected after 5113ms
2019-07-13 16:43:30,514 INFO  server.RaftServerConfigKeys (ConfUtils.java:logGet(43)) - raft.server.staging.catchup.gap = 1000 (default)
2019-07-13 16:43:30,514 INFO  server.RaftServerConfigKeys (ConfUtils.java:logGet(43)) - raft.server.rpc.sleep.time = 25ms (default)
2019-07-13 16:43:30,514 INFO  server.RaftServerConfigKeys (ConfUtils.java:logGet(43)) - raft.server.write.element-limit = 4096 (default)
2019-07-13 16:43:30,515 INFO  server.RaftServerConfigKeys (ConfUtils.java:logGet(43)) - raft.server.watch.timeout = 10s (default)
2019-07-13 16:43:30,515 INFO  server.RaftServerConfigKeys (ConfUtils.java:logGet(43)) - raft.server.watch.timeout.denomination = 1s (default)
2019-07-13 16:43:30,515 INFO  server.RaftServerConfigKeys (ConfUtils.java:logGet(43)) - raft.server.watch.element-limit = 65536 (default)
2019-07-13 16:43:30,515 INFO  impl.RoleInfo (RoleInfo.java:updateAndGet(143)) - b3e4071a-8903-49bb-82a0-e3a8c191edbe: start LeaderState
2019-07-13 16:43:30,516 INFO  segmented.SegmentedRaftLogWorker (SegmentedRaftLogWorker.java:startLogSegment(380)) - b3e4071a-8903-49bb-82a0-e3a8c191edbe-SegmentedRaftLogWorker:Storage Directory /tmp/workdir/hadoop-ozone/integration-test/target/test-dir/MiniOzoneClusterImpl-45e70ad9-0cd6-4ce0-b3ff-21b0ae675b0f/datanode-4/data/ratis/823ec47e-8dfc-488f-8f30-ff52e24295a0: Starting segment from index:0
2019-07-13 16:43:30,516 INFO  impl.RaftServerImpl (ServerState.java:setRaftConf(361)) - b3e4071a-8903-49bb-82a0-e3a8c191edbe:group-FF52E24295A0 set configuration 0: [b3e4071a-8903-49bb-82a0-e3a8c191edbe:192.168.5.187:35263], old=null at 0
2019-07-13 16:43:30,653 INFO  segmented.SegmentedRaftLogWorker (SegmentedRaftLogWorker.java:execute(569)) - baaa2f18-ad21-4c88-9cdb-38db229a40aa-SegmentedRaftLogWorker:Storage Directory /tmp/workdir/hadoop-ozone/integration-test/target/test-dir/MiniOzoneClusterImpl-45e70ad9-0cd6-4ce0-b3ff-21b0ae675b0f/datanode-0/data/ratis/fd8f2af6-619e-4f10-8115-a117b596c422: created new log segment /tmp/workdir/hadoop-ozone/integration-test/target/test-dir/MiniOzoneClusterImpl-45e70ad9-0cd6-4ce0-b3ff-21b0ae675b0f/datanode-0/data/ratis/fd8f2af6-619e-4f10-8115-a117b596c422/current/log_inprogress_0
2019-07-13 16:43:30,653 INFO  segmented.SegmentedRaftLogWorker (SegmentedRaftLogWorker.java:execute(569)) - b3e4071a-8903-49bb-82a0-e3a8c191edbe-SegmentedRaftLogWorker:Storage Directory /tmp/workdir/hadoop-ozone/integration-test/target/test-dir/MiniOzoneClusterImpl-45e70ad9-0cd6-4ce0-b3ff-21b0ae675b0f/datanode-4/data/ratis/823ec47e-8dfc-488f-8f30-ff52e24295a0: created new log segment /tmp/workdir/hadoop-ozone/integration-test/target/test-dir/MiniOzoneClusterImpl-45e70ad9-0cd6-4ce0-b3ff-21b0ae675b0f/datanode-4/data/ratis/823ec47e-8dfc-488f-8f30-ff52e24295a0/current/log_inprogress_0
2019-07-13 16:43:30,660 INFO  impl.FollowerState (FollowerState.java:run(106)) - 4de4bd07-0ee6-49b6-aecf-8ed7c18cdab2:group-CC960BD2C304 changes to CANDIDATE, lastRpcTime:5183, electionTimeout:5183ms
2019-07-13 16:43:30,664 INFO  impl.RoleInfo (RoleInfo.java:shutdownFollowerState(121)) - 4de4bd07-0ee6-49b6-aecf-8ed7c18cdab2: shutdown FollowerState
2019-07-13 16:43:30,664 INFO  impl.RaftServerImpl (RaftServerImpl.java:setRole(171)) - 4de4bd07-0ee6-49b6-aecf-8ed7c18cdab2:group-CC960BD2C304 changes role from FOLLOWER to CANDIDATE at term 0 for changeToCandidate
2019-07-13 16:43:30,664 INFO  impl.RoleInfo (RoleInfo.java:updateAndGet(143)) - 4de4bd07-0ee6-49b6-aecf-8ed7c18cdab2: start LeaderElection
2019-07-13 16:43:30,678 INFO  impl.LeaderElection (LeaderElection.java:askForVotes(181)) - 4de4bd07-0ee6-49b6-aecf-8ed7c18cdab2:group-CC960BD2C304:LeaderElection3: begin an election at term 1 for -1: [4de4bd07-0ee6-49b6-aecf-8ed7c18cdab2:192.168.5.187:34357], old=null
2019-07-13 16:43:30,680 INFO  impl.FollowerState (FollowerState.java:run(106)) - 20deab3d-cdde-4bb6-ae2a-8dcb0a4e7782:group-384402D46179 changes to CANDIDATE, lastRpcTime:5142, electionTimeout:5140ms
2019-07-13 16:43:30,681 INFO  impl.RoleInfo (RoleInfo.java:shutdownLeaderElection(134)) - 4de4bd07-0ee6-49b6-aecf-8ed7c18cdab2: shutdown LeaderElection
2019-07-13 16:43:30,681 INFO  impl.RoleInfo (RoleInfo.java:shutdownFollowerState(121)) - 20deab3d-cdde-4bb6-ae2a-8dcb0a4e7782: shutdown FollowerState
2019-07-13 16:43:30,681 INFO  impl.RaftServerImpl (RaftServerImpl.java:setRole(171)) - 4de4bd07-0ee6-49b6-aecf-8ed7c18cdab2:group-CC960BD2C304 changes role from CANDIDATE to LEADER at term 1 for changeToLeader
2019-07-13 16:43:30,681 INFO  impl.RaftServerImpl (RaftServerImpl.java:setRole(171)) - 20deab3d-cdde-4bb6-ae2a-8dcb0a4e7782:group-384402D46179 changes role from FOLLOWER to CANDIDATE at term 0 for changeToCandidate
2019-07-13 16:43:30,681 INFO  impl.RaftServerImpl (ServerState.java:setLeader(263)) - 4de4bd07-0ee6-49b6-aecf-8ed7c18cdab2:group-CC960BD2C304 change Leader from null to 4de4bd07-0ee6-49b6-aecf-8ed7c18cdab2 at term 1 for becomeLeader, leader elected after 5209ms
2019-07-13 16:43:30,681 INFO  impl.RoleInfo (RoleInfo.java:updateAndGet(143)) - 20deab3d-cdde-4bb6-ae2a-8dcb0a4e7782: start LeaderElection
2019-07-13 16:43:30,684 INFO  server.RaftServerConfigKeys (ConfUtils.java:logGet(43)) - raft.server.staging.catchup.gap = 1000 (default)
2019-07-13 16:43:30,684 INFO  server.RaftServerConfigKeys (ConfUtils.java:logGet(43)) - raft.server.rpc.sleep.time = 25ms (default)
2019-07-13 16:43:30,693 INFO  server.RaftServerConfigKeys (ConfUtils.java:logGet(43)) - raft.server.write.element-limit = 4096 (default)
2019-07-13 16:43:30,693 INFO  server.RaftServerConfigKeys (ConfUtils.java:logGet(43)) - raft.server.watch.timeout = 10s (default)
2019-07-13 16:43:30,693 INFO  server.RaftServerConfigKeys (ConfUtils.java:logGet(43)) - raft.server.watch.timeout.denomination = 1s (default)
2019-07-13 16:43:30,693 INFO  server.RaftServerConfigKeys (ConfUtils.java:logGet(43)) - raft.server.watch.element-limit = 65536 (default)
2019-07-13 16:43:30,694 INFO  impl.RoleInfo (RoleInfo.java:updateAndGet(143)) - 4de4bd07-0ee6-49b6-aecf-8ed7c18cdab2: start LeaderState
2019-07-13 16:43:30,694 INFO  segmented.SegmentedRaftLogWorker (SegmentedRaftLogWorker.java:startLogSegment(380)) - 4de4bd07-0ee6-49b6-aecf-8ed7c18cdab2-SegmentedRaftLogWorker:Storage Directory /tmp/workdir/hadoop-ozone/integration-test/target/test-dir/MiniOzoneClusterImpl-45e70ad9-0cd6-4ce0-b3ff-21b0ae675b0f/datanode-7/data/ratis/4f39a868-caa9-4dad-99a3-cc960bd2c304: Starting segment from index:0
2019-07-13 16:43:30,695 INFO  impl.RaftServerImpl (ServerState.java:setRaftConf(361)) - 4de4bd07-0ee6-49b6-aecf-8ed7c18cdab2:group-CC960BD2C304 set configuration 0: [4de4bd07-0ee6-49b6-aecf-8ed7c18cdab2:192.168.5.187:34357], old=null at 0
2019-07-13 16:43:30,715 INFO  impl.LeaderElection (LeaderElection.java:askForVotes(181)) - 20deab3d-cdde-4bb6-ae2a-8dcb0a4e7782:group-384402D46179:LeaderElection4: begin an election at term 1 for -1: [20deab3d-cdde-4bb6-ae2a-8dcb0a4e7782:192.168.5.187:34251], old=null
2019-07-13 16:43:30,715 INFO  impl.RoleInfo (RoleInfo.java:shutdownLeaderElection(134)) - 20deab3d-cdde-4bb6-ae2a-8dcb0a4e7782: shutdown LeaderElection
2019-07-13 16:43:30,715 INFO  impl.RaftServerImpl (RaftServerImpl.java:setRole(171)) - 20deab3d-cdde-4bb6-ae2a-8dcb0a4e7782:group-384402D46179 changes role from CANDIDATE to LEADER at term 1 for changeToLeader
2019-07-13 16:43:30,716 INFO  impl.RaftServerImpl (ServerState.java:setLeader(263)) - 20deab3d-cdde-4bb6-ae2a-8dcb0a4e7782:group-384402D46179 change Leader from null to 20deab3d-cdde-4bb6-ae2a-8dcb0a4e7782 at term 1 for becomeLeader, leader elected after 5183ms
2019-07-13 16:43:30,718 INFO  server.RaftServerConfigKeys (ConfUtils.java:logGet(43)) - raft.server.staging.catchup.gap = 1000 (default)
2019-07-13 16:43:30,718 INFO  segmented.SegmentedRaftLogWorker (SegmentedRaftLogWorker.java:execute(569)) - 4de4bd07-0ee6-49b6-aecf-8ed7c18cdab2-SegmentedRaftLogWorker:Storage Directory /tmp/workdir/hadoop-ozone/integration-test/target/test-dir/MiniOzoneClusterImpl-45e70ad9-0cd6-4ce0-b3ff-21b0ae675b0f/datanode-7/data/ratis/4f39a868-caa9-4dad-99a3-cc960bd2c304: created new log segment /tmp/workdir/hadoop-ozone/integration-test/target/test-dir/MiniOzoneClusterImpl-45e70ad9-0cd6-4ce0-b3ff-21b0ae675b0f/datanode-7/data/ratis/4f39a868-caa9-4dad-99a3-cc960bd2c304/current/log_inprogress_0
2019-07-13 16:43:30,718 INFO  server.RaftServerConfigKeys (ConfUtils.java:logGet(43)) - raft.server.rpc.sleep.time = 25ms (default)
2019-07-13 16:43:30,719 INFO  server.RaftServerConfigKeys (ConfUtils.java:logGet(43)) - raft.server.write.element-limit = 4096 (default)
2019-07-13 16:43:30,719 INFO  server.RaftServerConfigKeys (ConfUtils.java:logGet(43)) - raft.server.watch.timeout = 10s (default)
2019-07-13 16:43:30,719 INFO  server.RaftServerConfigKeys (ConfUtils.java:logGet(43)) - raft.server.watch.timeout.denomination = 1s (default)
2019-07-13 16:43:30,719 INFO  server.RaftServerConfigKeys (ConfUtils.java:logGet(43)) - raft.server.watch.element-limit = 65536 (default)
2019-07-13 16:43:30,720 INFO  impl.RoleInfo (RoleInfo.java:updateAndGet(143)) - 20deab3d-cdde-4bb6-ae2a-8dcb0a4e7782: start LeaderState
2019-07-13 16:43:30,720 INFO  segmented.SegmentedRaftLogWorker (SegmentedRaftLogWorker.java:startLogSegment(380)) - 20deab3d-cdde-4bb6-ae2a-8dcb0a4e7782-SegmentedRaftLogWorker:Storage Directory /tmp/workdir/hadoop-ozone/integration-test/target/test-dir/MiniOzoneClusterImpl-45e70ad9-0cd6-4ce0-b3ff-21b0ae675b0f/datanode-6/data/ratis/dd11e239-44de-4258-8f52-384402d46179: Starting segment from index:0
2019-07-13 16:43:30,720 INFO  impl.RaftServerImpl (ServerState.java:setRaftConf(361)) - 20deab3d-cdde-4bb6-ae2a-8dcb0a4e7782:group-384402D46179 set configuration 0: [20deab3d-cdde-4bb6-ae2a-8dcb0a4e7782:192.168.5.187:34251], old=null at 0
2019-07-13 16:43:30,752 INFO  segmented.SegmentedRaftLogWorker (SegmentedRaftLogWorker.java:execute(569)) - 20deab3d-cdde-4bb6-ae2a-8dcb0a4e7782-SegmentedRaftLogWorker:Storage Directory /tmp/workdir/hadoop-ozone/integration-test/target/test-dir/MiniOzoneClusterImpl-45e70ad9-0cd6-4ce0-b3ff-21b0ae675b0f/datanode-6/data/ratis/dd11e239-44de-4258-8f52-384402d46179: created new log segment /tmp/workdir/hadoop-ozone/integration-test/target/test-dir/MiniOzoneClusterImpl-45e70ad9-0cd6-4ce0-b3ff-21b0ae675b0f/datanode-6/data/ratis/dd11e239-44de-4258-8f52-384402d46179/current/log_inprogress_0
2019-07-13 16:43:30,771 INFO  impl.FollowerState (FollowerState.java:run(106)) - df4a0ac6-dd37-499a-b832-8a38d5a50355:group-4929FFC96863 changes to CANDIDATE, lastRpcTime:5090, electionTimeout:5090ms
2019-07-13 16:43:30,771 INFO  impl.RoleInfo (RoleInfo.java:shutdownFollowerState(121)) - df4a0ac6-dd37-499a-b832-8a38d5a50355: shutdown FollowerState
2019-07-13 16:43:30,772 INFO  impl.RaftServerImpl (RaftServerImpl.java:setRole(171)) - df4a0ac6-dd37-499a-b832-8a38d5a50355:group-4929FFC96863 changes role from FOLLOWER to CANDIDATE at term 0 for changeToCandidate
2019-07-13 16:43:30,772 INFO  impl.RoleInfo (RoleInfo.java:updateAndGet(143)) - df4a0ac6-dd37-499a-b832-8a38d5a50355: start LeaderElection
2019-07-13 16:43:30,778 INFO  impl.FollowerState (FollowerState.java:run(106)) - ea57a461-ebfd-4b5e-ab90-dd623b61ca0f:group-19D590D1E006 changes to CANDIDATE, lastRpcTime:5170, electionTimeout:5167ms
2019-07-13 16:43:30,780 INFO  impl.RoleInfo (RoleInfo.java:shutdownFollowerState(121)) - ea57a461-ebfd-4b5e-ab90-dd623b61ca0f: shutdown FollowerState
2019-07-13 16:43:30,780 INFO  impl.RaftServerImpl (RaftServerImpl.java:setRole(171)) - ea57a461-ebfd-4b5e-ab90-dd623b61ca0f:group-19D590D1E006 changes role from FOLLOWER to CANDIDATE at term 0 for changeToCandidate
2019-07-13 16:43:30,781 INFO  impl.RoleInfo (RoleInfo.java:updateAndGet(143)) - ea57a461-ebfd-4b5e-ab90-dd623b61ca0f: start LeaderElection
2019-07-13 16:43:30,801 INFO  impl.LeaderElection (LeaderElection.java:askForVotes(181)) - df4a0ac6-dd37-499a-b832-8a38d5a50355:group-4929FFC96863:LeaderElection5: begin an election at term 1 for -1: [df4a0ac6-dd37-499a-b832-8a38d5a50355:192.168.5.187:45430], old=null
2019-07-13 16:43:30,801 INFO  impl.LeaderElection (LeaderElection.java:askForVotes(181)) - ea57a461-ebfd-4b5e-ab90-dd623b61ca0f:group-19D590D1E006:LeaderElection6: begin an election at term 1 for -1: [ea57a461-ebfd-4b5e-ab90-dd623b61ca0f:192.168.5.187:41204], old=null
2019-07-13 16:43:30,802 INFO  impl.RoleInfo (RoleInfo.java:shutdownLeaderElection(134)) - df4a0ac6-dd37-499a-b832-8a38d5a50355: shutdown LeaderElection
2019-07-13 16:43:30,802 INFO  impl.RoleInfo (RoleInfo.java:shutdownLeaderElection(134)) - ea57a461-ebfd-4b5e-ab90-dd623b61ca0f: shutdown LeaderElection
2019-07-13 16:43:30,802 INFO  impl.RaftServerImpl (RaftServerImpl.java:setRole(171)) - df4a0ac6-dd37-499a-b832-8a38d5a50355:group-4929FFC96863 changes role from CANDIDATE to LEADER at term 1 for changeToLeader
2019-07-13 16:43:30,802 INFO  impl.RaftServerImpl (RaftServerImpl.java:setRole(171)) - ea57a461-ebfd-4b5e-ab90-dd623b61ca0f:group-19D590D1E006 changes role from CANDIDATE to LEADER at term 1 for changeToLeader
2019-07-13 16:43:30,802 INFO  impl.RaftServerImpl (ServerState.java:setLeader(263)) - df4a0ac6-dd37-499a-b832-8a38d5a50355:group-4929FFC96863 change Leader from null to df4a0ac6-dd37-499a-b832-8a38d5a50355 at term 1 for becomeLeader, leader elected after 5126ms
2019-07-13 16:43:30,802 INFO  impl.RaftServerImpl (ServerState.java:setLeader(263)) - ea57a461-ebfd-4b5e-ab90-dd623b61ca0f:group-19D590D1E006 change Leader from null to ea57a461-ebfd-4b5e-ab90-dd623b61ca0f at term 1 for becomeLeader, leader elected after 5199ms
2019-07-13 16:43:30,805 INFO  server.RaftServerConfigKeys (ConfUtils.java:logGet(43)) - raft.server.staging.catchup.gap = 1000 (default)
2019-07-13 16:43:30,807 INFO  server.RaftServerConfigKeys (ConfUtils.java:logGet(43)) - raft.server.staging.catchup.gap = 1000 (default)
2019-07-13 16:43:30,807 INFO  server.RaftServerConfigKeys (ConfUtils.java:logGet(43)) - raft.server.rpc.sleep.time = 25ms (default)
2019-07-13 16:43:30,807 INFO  server.RaftServerConfigKeys (ConfUtils.java:logGet(43)) - raft.server.rpc.sleep.time = 25ms (default)
2019-07-13 16:43:30,807 INFO  server.RaftServerConfigKeys (ConfUtils.java:logGet(43)) - raft.server.write.element-limit = 4096 (default)
2019-07-13 16:43:30,808 INFO  server.RaftServerConfigKeys (ConfUtils.java:logGet(43)) - raft.server.write.element-limit = 4096 (default)
2019-07-13 16:43:30,808 INFO  server.RaftServerConfigKeys (ConfUtils.java:logGet(43)) - raft.server.watch.timeout = 10s (default)
2019-07-13 16:43:30,808 INFO  server.RaftServerConfigKeys (ConfUtils.java:logGet(43)) - raft.server.watch.timeout = 10s (default)
2019-07-13 16:43:30,808 INFO  server.RaftServerConfigKeys (ConfUtils.java:logGet(43)) - raft.server.watch.timeout.denomination = 1s (default)
2019-07-13 16:43:30,808 INFO  server.RaftServerConfigKeys (ConfUtils.java:logGet(43)) - raft.server.watch.timeout.denomination = 1s (default)
2019-07-13 16:43:30,809 INFO  server.RaftServerConfigKeys (ConfUtils.java:logGet(43)) - raft.server.watch.element-limit = 65536 (default)
2019-07-13 16:43:30,809 INFO  server.RaftServerConfigKeys (ConfUtils.java:logGet(43)) - raft.server.watch.element-limit = 65536 (default)
2019-07-13 16:43:30,810 INFO  impl.RoleInfo (RoleInfo.java:updateAndGet(143)) - df4a0ac6-dd37-499a-b832-8a38d5a50355: start LeaderState
2019-07-13 16:43:30,810 INFO  impl.RoleInfo (RoleInfo.java:updateAndGet(143)) - ea57a461-ebfd-4b5e-ab90-dd623b61ca0f: start LeaderState
2019-07-13 16:43:30,810 INFO  segmented.SegmentedRaftLogWorker (SegmentedRaftLogWorker.java:startLogSegment(380)) - df4a0ac6-dd37-499a-b832-8a38d5a50355-SegmentedRaftLogWorker:Storage Directory /tmp/workdir/hadoop-ozone/integration-test/target/test-dir/MiniOzoneClusterImpl-45e70ad9-0cd6-4ce0-b3ff-21b0ae675b0f/datanode-3/data/ratis/d7ac6c95-7d4e-4e89-b1ce-4929ffc96863: Starting segment from index:0
2019-07-13 16:43:30,810 INFO  segmented.SegmentedRaftLogWorker (SegmentedRaftLogWorker.java:startLogSegment(380)) - ea57a461-ebfd-4b5e-ab90-dd623b61ca0f-SegmentedRaftLogWorker:Storage Directory /tmp/workdir/hadoop-ozone/integration-test/target/test-dir/MiniOzoneClusterImpl-45e70ad9-0cd6-4ce0-b3ff-21b0ae675b0f/datanode-1/data/ratis/be322ffa-d6fb-43f2-b85a-19d590d1e006: Starting segment from index:0
2019-07-13 16:43:30,811 INFO  impl.RaftServerImpl (ServerState.java:setRaftConf(361)) - df4a0ac6-dd37-499a-b832-8a38d5a50355:group-4929FFC96863 set configuration 0: [df4a0ac6-dd37-499a-b832-8a38d5a50355:192.168.5.187:45430], old=null at 0
2019-07-13 16:43:30,811 INFO  impl.RaftServerImpl (ServerState.java:setRaftConf(361)) - ea57a461-ebfd-4b5e-ab90-dd623b61ca0f:group-19D590D1E006 set configuration 0: [ea57a461-ebfd-4b5e-ab90-dd623b61ca0f:192.168.5.187:41204], old=null at 0
2019-07-13 16:43:30,843 INFO  segmented.SegmentedRaftLogWorker (SegmentedRaftLogWorker.java:execute(569)) - ea57a461-ebfd-4b5e-ab90-dd623b61ca0f-SegmentedRaftLogWorker:Storage Directory /tmp/workdir/hadoop-ozone/integration-test/target/test-dir/MiniOzoneClusterImpl-45e70ad9-0cd6-4ce0-b3ff-21b0ae675b0f/datanode-1/data/ratis/be322ffa-d6fb-43f2-b85a-19d590d1e006: created new log segment /tmp/workdir/hadoop-ozone/integration-test/target/test-dir/MiniOzoneClusterImpl-45e70ad9-0cd6-4ce0-b3ff-21b0ae675b0f/datanode-1/data/ratis/be322ffa-d6fb-43f2-b85a-19d590d1e006/current/log_inprogress_0
2019-07-13 16:43:30,843 INFO  segmented.SegmentedRaftLogWorker (SegmentedRaftLogWorker.java:execute(569)) - df4a0ac6-dd37-499a-b832-8a38d5a50355-SegmentedRaftLogWorker:Storage Directory /tmp/workdir/hadoop-ozone/integration-test/target/test-dir/MiniOzoneClusterImpl-45e70ad9-0cd6-4ce0-b3ff-21b0ae675b0f/datanode-3/data/ratis/d7ac6c95-7d4e-4e89-b1ce-4929ffc96863: created new log segment /tmp/workdir/hadoop-ozone/integration-test/target/test-dir/MiniOzoneClusterImpl-45e70ad9-0cd6-4ce0-b3ff-21b0ae675b0f/datanode-3/data/ratis/d7ac6c95-7d4e-4e89-b1ce-4929ffc96863/current/log_inprogress_0
2019-07-13 16:43:30,889 INFO  client.GrpcClientProtocolClient (GrpcClientProtocolClient.java:onNext(255)) - client-768EB1DB5AF5->3a018f76-c0d2-452c-8921-ba44ebbfd4f7: receive RaftClientReply:client-768EB1DB5AF5->3a018f76-c0d2-452c-8921-ba44ebbfd4f7@group-20E0A8D52E96, cid=19, FAILED org.apache.ratis.protocol.NotLeaderException: Server 3a018f76-c0d2-452c-8921-ba44ebbfd4f7 is not the leader (null). Request must be sent to leader., logIndex=0, commits[3a018f76-c0d2-452c-8921-ba44ebbfd4f7:c-1]
2019-07-13 16:43:30,942 INFO  impl.FollowerState (FollowerState.java:run(106)) - cc67199d-6871-48e4-9a9e-abafdf42f4e1:group-899321F5E679 changes to CANDIDATE, lastRpcTime:5133, electionTimeout:5133ms
2019-07-13 16:43:30,944 INFO  impl.RoleInfo (RoleInfo.java:shutdownFollowerState(121)) - cc67199d-6871-48e4-9a9e-abafdf42f4e1: shutdown FollowerState
2019-07-13 16:43:30,945 INFO  impl.RaftServerImpl (RaftServerImpl.java:setRole(171)) - cc67199d-6871-48e4-9a9e-abafdf42f4e1:group-899321F5E679 changes role from FOLLOWER to CANDIDATE at term 0 for changeToCandidate
2019-07-13 16:43:30,945 INFO  impl.RoleInfo (RoleInfo.java:updateAndGet(143)) - cc67199d-6871-48e4-9a9e-abafdf42f4e1: start LeaderElection
2019-07-13 16:43:30,958 INFO  impl.LeaderElection (LeaderElection.java:askForVotes(181)) - cc67199d-6871-48e4-9a9e-abafdf42f4e1:group-899321F5E679:LeaderElection7: begin an election at term 1 for -1: [cc67199d-6871-48e4-9a9e-abafdf42f4e1:192.168.5.187:41826], old=null
2019-07-13 16:43:30,958 INFO  impl.RoleInfo (RoleInfo.java:shutdownLeaderElection(134)) - cc67199d-6871-48e4-9a9e-abafdf42f4e1: shutdown LeaderElection
2019-07-13 16:43:30,958 INFO  impl.RaftServerImpl (RaftServerImpl.java:setRole(171)) - cc67199d-6871-48e4-9a9e-abafdf42f4e1:group-899321F5E679 changes role from CANDIDATE to LEADER at term 1 for changeToLeader
2019-07-13 16:43:30,958 INFO  impl.RaftServerImpl (ServerState.java:setLeader(263)) - cc67199d-6871-48e4-9a9e-abafdf42f4e1:group-899321F5E679 change Leader from null to cc67199d-6871-48e4-9a9e-abafdf42f4e1 at term 1 for becomeLeader, leader elected after 5155ms
2019-07-13 16:43:30,961 INFO  server.RaftServerConfigKeys (ConfUtils.java:logGet(43)) - raft.server.staging.catchup.gap = 1000 (default)
2019-07-13 16:43:30,961 INFO  server.RaftServerConfigKeys (ConfUtils.java:logGet(43)) - raft.server.rpc.sleep.time = 25ms (default)
2019-07-13 16:43:30,961 INFO  server.RaftServerConfigKeys (ConfUtils.java:logGet(43)) - raft.server.write.element-limit = 4096 (default)
2019-07-13 16:43:30,961 INFO  server.RaftServerConfigKeys (ConfUtils.java:logGet(43)) - raft.server.watch.timeout = 10s (default)
2019-07-13 16:43:30,962 INFO  server.RaftServerConfigKeys (ConfUtils.java:logGet(43)) - raft.server.watch.timeout.denomination = 1s (default)
2019-07-13 16:43:30,962 INFO  server.RaftServerConfigKeys (ConfUtils.java:logGet(43)) - raft.server.watch.element-limit = 65536 (default)
2019-07-13 16:43:30,962 INFO  impl.RoleInfo (RoleInfo.java:updateAndGet(143)) - cc67199d-6871-48e4-9a9e-abafdf42f4e1: start LeaderState
2019-07-13 16:43:30,962 INFO  segmented.SegmentedRaftLogWorker (SegmentedRaftLogWorker.java:startLogSegment(380)) - cc67199d-6871-48e4-9a9e-abafdf42f4e1-SegmentedRaftLogWorker:Storage Directory /tmp/workdir/hadoop-ozone/integration-test/target/test-dir/MiniOzoneClusterImpl-45e70ad9-0cd6-4ce0-b3ff-21b0ae675b0f/datanode-8/data/ratis/eba7ef0f-9eca-466b-9106-899321f5e679: Starting segment from index:0
2019-07-13 16:43:30,963 INFO  impl.RaftServerImpl (ServerState.java:setRaftConf(361)) - cc67199d-6871-48e4-9a9e-abafdf42f4e1:group-899321F5E679 set configuration 0: [cc67199d-6871-48e4-9a9e-abafdf42f4e1:192.168.5.187:41826], old=null at 0
2019-07-13 16:43:30,983 INFO  impl.FollowerState (FollowerState.java:run(106)) - 3a018f76-c0d2-452c-8921-ba44ebbfd4f7:group-926CE46D322C changes to CANDIDATE, lastRpcTime:5103, electionTimeout:5094ms
2019-07-13 16:43:30,984 INFO  impl.RoleInfo (RoleInfo.java:shutdownFollowerState(121)) - 3a018f76-c0d2-452c-8921-ba44ebbfd4f7: shutdown FollowerState
2019-07-13 16:43:30,984 INFO  impl.RaftServerImpl (RaftServerImpl.java:setRole(171)) - 3a018f76-c0d2-452c-8921-ba44ebbfd4f7:group-926CE46D322C changes role from FOLLOWER to CANDIDATE at term 0 for changeToCandidate
2019-07-13 16:43:30,984 INFO  impl.RoleInfo (RoleInfo.java:updateAndGet(143)) - 3a018f76-c0d2-452c-8921-ba44ebbfd4f7: start LeaderElection
2019-07-13 16:43:30,997 INFO  segmented.SegmentedRaftLogWorker (SegmentedRaftLogWorker.java:execute(569)) - cc67199d-6871-48e4-9a9e-abafdf42f4e1-SegmentedRaftLogWorker:Storage Directory /tmp/workdir/hadoop-ozone/integration-test/target/test-dir/MiniOzoneClusterImpl-45e70ad9-0cd6-4ce0-b3ff-21b0ae675b0f/datanode-8/data/ratis/eba7ef0f-9eca-466b-9106-899321f5e679: created new log segment /tmp/workdir/hadoop-ozone/integration-test/target/test-dir/MiniOzoneClusterImpl-45e70ad9-0cd6-4ce0-b3ff-21b0ae675b0f/datanode-8/data/ratis/eba7ef0f-9eca-466b-9106-899321f5e679/current/log_inprogress_0
2019-07-13 16:43:31,010 INFO  impl.LeaderElection (LeaderElection.java:askForVotes(181)) - 3a018f76-c0d2-452c-8921-ba44ebbfd4f7:group-926CE46D322C:LeaderElection8: begin an election at term 1 for -1: [3a018f76-c0d2-452c-8921-ba44ebbfd4f7:192.168.5.187:35541], old=null
2019-07-13 16:43:31,011 INFO  impl.RoleInfo (RoleInfo.java:shutdownLeaderElection(134)) - 3a018f76-c0d2-452c-8921-ba44ebbfd4f7: shutdown LeaderElection
2019-07-13 16:43:31,011 INFO  impl.RaftServerImpl (RaftServerImpl.java:setRole(171)) - 3a018f76-c0d2-452c-8921-ba44ebbfd4f7:group-926CE46D322C changes role from CANDIDATE to LEADER at term 1 for changeToLeader
2019-07-13 16:43:31,011 INFO  impl.RaftServerImpl (ServerState.java:setLeader(263)) - 3a018f76-c0d2-452c-8921-ba44ebbfd4f7:group-926CE46D322C change Leader from null to 3a018f76-c0d2-452c-8921-ba44ebbfd4f7 at term 1 for becomeLeader, leader elected after 5136ms
2019-07-13 16:43:31,014 INFO  server.RaftServerConfigKeys (ConfUtils.java:logGet(43)) - raft.server.staging.catchup.gap = 1000 (default)
2019-07-13 16:43:31,014 INFO  server.RaftServerConfigKeys (ConfUtils.java:logGet(43)) - raft.server.rpc.sleep.time = 25ms (default)
2019-07-13 16:43:31,014 INFO  server.RaftServerConfigKeys (ConfUtils.java:logGet(43)) - raft.server.write.element-limit = 4096 (default)
2019-07-13 16:43:31,014 INFO  server.RaftServerConfigKeys (ConfUtils.java:logGet(43)) - raft.server.watch.timeout = 10s (default)
2019-07-13 16:43:31,015 INFO  server.RaftServerConfigKeys (ConfUtils.java:logGet(43)) - raft.server.watch.timeout.denomination = 1s (default)
2019-07-13 16:43:31,015 INFO  server.RaftServerConfigKeys (ConfUtils.java:logGet(43)) - raft.server.watch.element-limit = 65536 (default)
2019-07-13 16:43:31,015 INFO  impl.RoleInfo (RoleInfo.java:updateAndGet(143)) - 3a018f76-c0d2-452c-8921-ba44ebbfd4f7: start LeaderState
2019-07-13 16:43:31,015 INFO  segmented.SegmentedRaftLogWorker (SegmentedRaftLogWorker.java:startLogSegment(380)) - 3a018f76-c0d2-452c-8921-ba44ebbfd4f7-SegmentedRaftLogWorker:Storage Directory /tmp/workdir/hadoop-ozone/integration-test/target/test-dir/MiniOzoneClusterImpl-45e70ad9-0cd6-4ce0-b3ff-21b0ae675b0f/datanode-9/data/ratis/f15a3507-51d3-4528-890b-926ce46d322c: Starting segment from index:0
2019-07-13 16:43:31,016 INFO  impl.RaftServerImpl (ServerState.java:setRaftConf(361)) - 3a018f76-c0d2-452c-8921-ba44ebbfd4f7:group-926CE46D322C set configuration 0: [3a018f76-c0d2-452c-8921-ba44ebbfd4f7:192.168.5.187:35541], old=null at 0
2019-07-13 16:43:31,041 INFO  segmented.SegmentedRaftLogWorker (SegmentedRaftLogWorker.java:execute(569)) - 3a018f76-c0d2-452c-8921-ba44ebbfd4f7-SegmentedRaftLogWorker:Storage Directory /tmp/workdir/hadoop-ozone/integration-test/target/test-dir/MiniOzoneClusterImpl-45e70ad9-0cd6-4ce0-b3ff-21b0ae675b0f/datanode-9/data/ratis/f15a3507-51d3-4528-890b-926ce46d322c: created new log segment /tmp/workdir/hadoop-ozone/integration-test/target/test-dir/MiniOzoneClusterImpl-45e70ad9-0cd6-4ce0-b3ff-21b0ae675b0f/datanode-9/data/ratis/f15a3507-51d3-4528-890b-926ce46d322c/current/log_inprogress_0
2019-07-13 16:43:31,084 INFO  impl.FollowerState (FollowerState.java:run(106)) - 69f0d602-000a-4a48-833d-faf77689b17c:group-F17513C25427 changes to CANDIDATE, lastRpcTime:5129, electionTimeout:5129ms
2019-07-13 16:43:31,085 INFO  impl.RoleInfo (RoleInfo.java:shutdownFollowerState(121)) - 69f0d602-000a-4a48-833d-faf77689b17c: shutdown FollowerState
2019-07-13 16:43:31,085 INFO  impl.RaftServerImpl (RaftServerImpl.java:setRole(171)) - 69f0d602-000a-4a48-833d-faf77689b17c:group-F17513C25427 changes role from FOLLOWER to CANDIDATE at term 0 for changeToCandidate
2019-07-13 16:43:31,085 INFO  impl.RoleInfo (RoleInfo.java:updateAndGet(143)) - 69f0d602-000a-4a48-833d-faf77689b17c: start LeaderElection
2019-07-13 16:43:31,105 INFO  impl.LeaderElection (LeaderElection.java:askForVotes(181)) - 69f0d602-000a-4a48-833d-faf77689b17c:group-F17513C25427:LeaderElection9: begin an election at term 1 for -1: [69f0d602-000a-4a48-833d-faf77689b17c:192.168.5.187:40503], old=null
2019-07-13 16:43:31,108 INFO  impl.RoleInfo (RoleInfo.java:shutdownLeaderElection(134)) - 69f0d602-000a-4a48-833d-faf77689b17c: shutdown LeaderElection
2019-07-13 16:43:31,108 INFO  impl.RaftServerImpl (RaftServerImpl.java:setRole(171)) - 69f0d602-000a-4a48-833d-faf77689b17c:group-F17513C25427 changes role from CANDIDATE to LEADER at term 1 for changeToLeader
2019-07-13 16:43:31,108 INFO  impl.RaftServerImpl (ServerState.java:setLeader(263)) - 69f0d602-000a-4a48-833d-faf77689b17c:group-F17513C25427 change Leader from null to 69f0d602-000a-4a48-833d-faf77689b17c at term 1 for becomeLeader, leader elected after 5157ms
2019-07-13 16:43:31,111 INFO  server.RaftServerConfigKeys (ConfUtils.java:logGet(43)) - raft.server.staging.catchup.gap = 1000 (default)
2019-07-13 16:43:31,111 INFO  server.RaftServerConfigKeys (ConfUtils.java:logGet(43)) - raft.server.rpc.sleep.time = 25ms (default)
2019-07-13 16:43:31,111 INFO  server.RaftServerConfigKeys (ConfUtils.java:logGet(43)) - raft.server.write.element-limit = 4096 (default)
2019-07-13 16:43:31,111 INFO  server.RaftServerConfigKeys (ConfUtils.java:logGet(43)) - raft.server.watch.timeout = 10s (default)
2019-07-13 16:43:31,112 INFO  server.RaftServerConfigKeys (ConfUtils.java:logGet(43)) - raft.server.watch.timeout.denomination = 1s (default)
2019-07-13 16:43:31,112 INFO  server.RaftServerConfigKeys (ConfUtils.java:logGet(43)) - raft.server.watch.element-limit = 65536 (default)
2019-07-13 16:43:31,112 INFO  impl.RoleInfo (RoleInfo.java:updateAndGet(143)) - 69f0d602-000a-4a48-833d-faf77689b17c: start LeaderState
2019-07-13 16:43:31,112 INFO  segmented.SegmentedRaftLogWorker (SegmentedRaftLogWorker.java:startLogSegment(380)) - 69f0d602-000a-4a48-833d-faf77689b17c-SegmentedRaftLogWorker:Storage Directory /tmp/workdir/hadoop-ozone/integration-test/target/test-dir/MiniOzoneClusterImpl-45e70ad9-0cd6-4ce0-b3ff-21b0ae675b0f/datanode-2/data/ratis/414d9460-96f7-4d59-ab72-f17513c25427: Starting segment from index:0
2019-07-13 16:43:31,113 INFO  impl.RaftServerImpl (ServerState.java:setRaftConf(361)) - 69f0d602-000a-4a48-833d-faf77689b17c:group-F17513C25427 set configuration 0: [69f0d602-000a-4a48-833d-faf77689b17c:192.168.5.187:40503], old=null at 0
2019-07-13 16:43:31,134 INFO  impl.FollowerState (FollowerState.java:run(106)) - 4de4bd07-0ee6-49b6-aecf-8ed7c18cdab2:group-20E0A8D52E96 changes to CANDIDATE, lastRpcTime:5023, electionTimeout:5018ms
2019-07-13 16:43:31,134 INFO  impl.FollowerState (FollowerState.java:run(106)) - b3e4071a-8903-49bb-82a0-e3a8c191edbe:group-20E0A8D52E96 changes to CANDIDATE, lastRpcTime:5021, electionTimeout:5018ms
2019-07-13 16:43:31,134 INFO  impl.RoleInfo (RoleInfo.java:shutdownFollowerState(121)) - 4de4bd07-0ee6-49b6-aecf-8ed7c18cdab2: shutdown FollowerState
2019-07-13 16:43:31,134 INFO  impl.RoleInfo (RoleInfo.java:shutdownFollowerState(121)) - b3e4071a-8903-49bb-82a0-e3a8c191edbe: shutdown FollowerState
2019-07-13 16:43:31,134 INFO  impl.RaftServerImpl (RaftServerImpl.java:setRole(171)) - 4de4bd07-0ee6-49b6-aecf-8ed7c18cdab2:group-20E0A8D52E96 changes role from FOLLOWER to CANDIDATE at term 0 for changeToCandidate
2019-07-13 16:43:31,134 INFO  impl.RaftServerImpl (RaftServerImpl.java:setRole(171)) - b3e4071a-8903-49bb-82a0-e3a8c191edbe:group-20E0A8D52E96 changes role from FOLLOWER to CANDIDATE at term 0 for changeToCandidate
2019-07-13 16:43:31,135 INFO  impl.RoleInfo (RoleInfo.java:updateAndGet(143)) - 4de4bd07-0ee6-49b6-aecf-8ed7c18cdab2: start LeaderElection
2019-07-13 16:43:31,135 INFO  impl.RoleInfo (RoleInfo.java:updateAndGet(143)) - b3e4071a-8903-49bb-82a0-e3a8c191edbe: start LeaderElection
2019-07-13 16:43:31,145 INFO  segmented.SegmentedRaftLogWorker (SegmentedRaftLogWorker.java:execute(569)) - 69f0d602-000a-4a48-833d-faf77689b17c-SegmentedRaftLogWorker:Storage Directory /tmp/workdir/hadoop-ozone/integration-test/target/test-dir/MiniOzoneClusterImpl-45e70ad9-0cd6-4ce0-b3ff-21b0ae675b0f/datanode-2/data/ratis/414d9460-96f7-4d59-ab72-f17513c25427: created new log segment /tmp/workdir/hadoop-ozone/integration-test/target/test-dir/MiniOzoneClusterImpl-45e70ad9-0cd6-4ce0-b3ff-21b0ae675b0f/datanode-2/data/ratis/414d9460-96f7-4d59-ab72-f17513c25427/current/log_inprogress_0
2019-07-13 16:43:31,147 INFO  impl.LeaderElection (LeaderElection.java:askForVotes(181)) - 4de4bd07-0ee6-49b6-aecf-8ed7c18cdab2:group-20E0A8D52E96:LeaderElection10: begin an election at term 1 for -1: [3a018f76-c0d2-452c-8921-ba44ebbfd4f7:192.168.5.187:35541, b3e4071a-8903-49bb-82a0-e3a8c191edbe:192.168.5.187:35263, 4de4bd07-0ee6-49b6-aecf-8ed7c18cdab2:192.168.5.187:34357], old=null
2019-07-13 16:43:31,147 INFO  impl.LeaderElection (LeaderElection.java:askForVotes(181)) - b3e4071a-8903-49bb-82a0-e3a8c191edbe:group-20E0A8D52E96:LeaderElection11: begin an election at term 1 for -1: [3a018f76-c0d2-452c-8921-ba44ebbfd4f7:192.168.5.187:35541, b3e4071a-8903-49bb-82a0-e3a8c191edbe:192.168.5.187:35263, 4de4bd07-0ee6-49b6-aecf-8ed7c18cdab2:192.168.5.187:34357], old=null
2019-07-13 16:43:31,188 INFO  impl.FollowerState (FollowerState.java:run(106)) - 72083666-ca0e-4757-a0b7-1190f7829ead:group-8C26B4511606 changes to CANDIDATE, lastRpcTime:5161, electionTimeout:5159ms
2019-07-13 16:43:31,190 INFO  impl.RoleInfo (RoleInfo.java:shutdownFollowerState(121)) - 72083666-ca0e-4757-a0b7-1190f7829ead: shutdown FollowerState
2019-07-13 16:43:31,191 INFO  impl.RaftServerImpl (RaftServerImpl.java:setRole(171)) - 72083666-ca0e-4757-a0b7-1190f7829ead:group-8C26B4511606 changes role from FOLLOWER to CANDIDATE at term 0 for changeToCandidate
2019-07-13 16:43:31,191 INFO  impl.RoleInfo (RoleInfo.java:updateAndGet(143)) - 72083666-ca0e-4757-a0b7-1190f7829ead: start LeaderElection
2019-07-13 16:43:31,191 INFO  impl.FollowerState (FollowerState.java:run(106)) - 3a018f76-c0d2-452c-8921-ba44ebbfd4f7:group-20E0A8D52E96 changes to CANDIDATE, lastRpcTime:5081, electionTimeout:5081ms
2019-07-13 16:43:31,191 INFO  impl.RoleInfo (RoleInfo.java:shutdownFollowerState(121)) - 3a018f76-c0d2-452c-8921-ba44ebbfd4f7: shutdown FollowerState
2019-07-13 16:43:31,197 INFO  impl.RaftServerImpl (RaftServerImpl.java:setRole(171)) - 3a018f76-c0d2-452c-8921-ba44ebbfd4f7:group-20E0A8D52E96 changes role from FOLLOWER to CANDIDATE at term 0 for changeToCandidate
2019-07-13 16:43:31,197 INFO  impl.RoleInfo (RoleInfo.java:updateAndGet(143)) - 3a018f76-c0d2-452c-8921-ba44ebbfd4f7: start LeaderElection
2019-07-13 16:43:31,221 INFO  impl.LeaderElection (LeaderElection.java:askForVotes(181)) - 3a018f76-c0d2-452c-8921-ba44ebbfd4f7:group-20E0A8D52E96:LeaderElection13: begin an election at term 1 for -1: [3a018f76-c0d2-452c-8921-ba44ebbfd4f7:192.168.5.187:35541, b3e4071a-8903-49bb-82a0-e3a8c191edbe:192.168.5.187:35263, 4de4bd07-0ee6-49b6-aecf-8ed7c18cdab2:192.168.5.187:34357], old=null
2019-07-13 16:43:31,221 INFO  impl.LeaderElection (LeaderElection.java:askForVotes(181)) - 72083666-ca0e-4757-a0b7-1190f7829ead:group-8C26B4511606:LeaderElection12: begin an election at term 1 for -1: [72083666-ca0e-4757-a0b7-1190f7829ead:192.168.5.187:44646], old=null
2019-07-13 16:43:31,222 INFO  impl.RoleInfo (RoleInfo.java:shutdownLeaderElection(134)) - 72083666-ca0e-4757-a0b7-1190f7829ead: shutdown LeaderElection
2019-07-13 16:43:31,222 INFO  impl.RaftServerImpl (RaftServerImpl.java:setRole(171)) - 72083666-ca0e-4757-a0b7-1190f7829ead:group-8C26B4511606 changes role from CANDIDATE to LEADER at term 1 for changeToLeader
2019-07-13 16:43:31,222 INFO  impl.RaftServerImpl (ServerState.java:setLeader(263)) - 72083666-ca0e-4757-a0b7-1190f7829ead:group-8C26B4511606 change Leader from null to 72083666-ca0e-4757-a0b7-1190f7829ead at term 1 for becomeLeader, leader elected after 5199ms
2019-07-13 16:43:31,225 INFO  server.RaftServerConfigKeys (ConfUtils.java:logGet(43)) - raft.server.staging.catchup.gap = 1000 (default)
2019-07-13 16:43:31,225 INFO  server.RaftServerConfigKeys (ConfUtils.java:logGet(43)) - raft.server.rpc.sleep.time = 25ms (default)
2019-07-13 16:43:31,225 INFO  server.RaftServerConfigKeys (ConfUtils.java:logGet(43)) - raft.server.write.element-limit = 4096 (default)
2019-07-13 16:43:31,225 INFO  server.RaftServerConfigKeys (ConfUtils.java:logGet(43)) - raft.server.watch.timeout = 10s (default)
2019-07-13 16:43:31,225 INFO  server.RaftServerConfigKeys (ConfUtils.java:logGet(43)) - raft.server.watch.timeout.denomination = 1s (default)
2019-07-13 16:43:31,226 INFO  server.RaftServerConfigKeys (ConfUtils.java:logGet(43)) - raft.server.watch.element-limit = 65536 (default)
2019-07-13 16:43:31,232 INFO  impl.RoleInfo (RoleInfo.java:updateAndGet(143)) - 72083666-ca0e-4757-a0b7-1190f7829ead: start LeaderState
2019-07-13 16:43:31,232 INFO  segmented.SegmentedRaftLogWorker (SegmentedRaftLogWorker.java:startLogSegment(380)) - 72083666-ca0e-4757-a0b7-1190f7829ead-SegmentedRaftLogWorker:Storage Directory /tmp/workdir/hadoop-ozone/integration-test/target/test-dir/MiniOzoneClusterImpl-45e70ad9-0cd6-4ce0-b3ff-21b0ae675b0f/datanode-5/data/ratis/b44f45ee-39c5-4025-b1b6-8c26b4511606: Starting segment from index:0
2019-07-13 16:43:31,236 INFO  impl.RaftServerImpl (ServerState.java:setRaftConf(361)) - 72083666-ca0e-4757-a0b7-1190f7829ead:group-8C26B4511606 set configuration 0: [72083666-ca0e-4757-a0b7-1190f7829ead:192.168.5.187:44646], old=null at 0
2019-07-13 16:43:31,257 INFO  impl.LeaderElection (LeaderElection.java:logAndReturn(56)) - 4de4bd07-0ee6-49b6-aecf-8ed7c18cdab2:group-20E0A8D52E96:LeaderElection10: Election REJECTED; received 2 response(s) [4de4bd07-0ee6-49b6-aecf-8ed7c18cdab2<-3a018f76-c0d2-452c-8921-ba44ebbfd4f7#0:FAIL-t1, 4de4bd07-0ee6-49b6-aecf-8ed7c18cdab2<-b3e4071a-8903-49bb-82a0-e3a8c191edbe#0:FAIL-t1] and 0 exception(s); 4de4bd07-0ee6-49b6-aecf-8ed7c18cdab2:t1, leader=null, voted=4de4bd07-0ee6-49b6-aecf-8ed7c18cdab2, raftlog=4de4bd07-0ee6-49b6-aecf-8ed7c18cdab2-SegmentedRaftLog:OPENED:c-1,f-1,i0, conf=-1: [3a018f76-c0d2-452c-8921-ba44ebbfd4f7:192.168.5.187:35541, b3e4071a-8903-49bb-82a0-e3a8c191edbe:192.168.5.187:35263, 4de4bd07-0ee6-49b6-aecf-8ed7c18cdab2:192.168.5.187:34357], old=null
2019-07-13 16:43:31,257 INFO  impl.LeaderElection (LeaderElection.java:logAndReturn(56)) - b3e4071a-8903-49bb-82a0-e3a8c191edbe:group-20E0A8D52E96:LeaderElection11: Election REJECTED; received 2 response(s) [b3e4071a-8903-49bb-82a0-e3a8c191edbe<-3a018f76-c0d2-452c-8921-ba44ebbfd4f7#0:FAIL-t1, b3e4071a-8903-49bb-82a0-e3a8c191edbe<-4de4bd07-0ee6-49b6-aecf-8ed7c18cdab2#0:FAIL-t1] and 0 exception(s); b3e4071a-8903-49bb-82a0-e3a8c191edbe:t1, leader=null, voted=b3e4071a-8903-49bb-82a0-e3a8c191edbe, raftlog=b3e4071a-8903-49bb-82a0-e3a8c191edbe-SegmentedRaftLog:OPENED:c-1,f-1,i0, conf=-1: [3a018f76-c0d2-452c-8921-ba44ebbfd4f7:192.168.5.187:35541, b3e4071a-8903-49bb-82a0-e3a8c191edbe:192.168.5.187:35263, 4de4bd07-0ee6-49b6-aecf-8ed7c18cdab2:192.168.5.187:34357], old=null
2019-07-13 16:43:31,258 INFO  impl.FollowerState (FollowerState.java:run(106)) - ea57a461-ebfd-4b5e-ab90-dd623b61ca0f:group-8ABB89B94688 changes to CANDIDATE, lastRpcTime:5013, electionTimeout:5013ms
2019-07-13 16:43:31,260 INFO  segmented.SegmentedRaftLogWorker (SegmentedRaftLogWorker.java:execute(569)) - 72083666-ca0e-4757-a0b7-1190f7829ead-SegmentedRaftLogWorker:Storage Directory /tmp/workdir/hadoop-ozone/integration-test/target/test-dir/MiniOzoneClusterImpl-45e70ad9-0cd6-4ce0-b3ff-21b0ae675b0f/datanode-5/data/ratis/b44f45ee-39c5-4025-b1b6-8c26b4511606: created new log segment /tmp/workdir/hadoop-ozone/integration-test/target/test-dir/MiniOzoneClusterImpl-45e70ad9-0cd6-4ce0-b3ff-21b0ae675b0f/datanode-5/data/ratis/b44f45ee-39c5-4025-b1b6-8c26b4511606/current/log_inprogress_0
2019-07-13 16:43:31,260 INFO  impl.RoleInfo (RoleInfo.java:shutdownFollowerState(121)) - ea57a461-ebfd-4b5e-ab90-dd623b61ca0f: shutdown FollowerState
2019-07-13 16:43:31,272 INFO  impl.RaftServerImpl (RaftServerImpl.java:setRole(171)) - ea57a461-ebfd-4b5e-ab90-dd623b61ca0f:group-8ABB89B94688 changes role from FOLLOWER to CANDIDATE at term 0 for changeToCandidate
2019-07-13 16:43:31,272 INFO  impl.RaftServerImpl (RaftServerImpl.java:setRole(171)) - b3e4071a-8903-49bb-82a0-e3a8c191edbe:group-20E0A8D52E96 changes role from CANDIDATE to FOLLOWER at term 1 for DISCOVERED_A_NEW_TERM
2019-07-13 16:43:31,277 INFO  impl.RoleInfo (RoleInfo.java:shutdownLeaderElection(134)) - b3e4071a-8903-49bb-82a0-e3a8c191edbe: shutdown LeaderElection
2019-07-13 16:43:31,275 INFO  impl.RoleInfo (RoleInfo.java:updateAndGet(143)) - ea57a461-ebfd-4b5e-ab90-dd623b61ca0f: start LeaderElection
2019-07-13 16:43:31,278 INFO  impl.RoleInfo (RoleInfo.java:updateAndGet(143)) - b3e4071a-8903-49bb-82a0-e3a8c191edbe: start FollowerState
2019-07-13 16:43:31,272 INFO  impl.RaftServerImpl (RaftServerImpl.java:setRole(171)) - 4de4bd07-0ee6-49b6-aecf-8ed7c18cdab2:group-20E0A8D52E96 changes role from CANDIDATE to FOLLOWER at term 1 for DISCOVERED_A_NEW_TERM
2019-07-13 16:43:31,278 INFO  impl.RoleInfo (RoleInfo.java:shutdownLeaderElection(134)) - 4de4bd07-0ee6-49b6-aecf-8ed7c18cdab2: shutdown LeaderElection
2019-07-13 16:43:31,284 INFO  impl.RoleInfo (RoleInfo.java:updateAndGet(143)) - 4de4bd07-0ee6-49b6-aecf-8ed7c18cdab2: start FollowerState
2019-07-13 16:43:31,296 INFO  impl.LeaderElection (LeaderElection.java:logAndReturn(56)) - 3a018f76-c0d2-452c-8921-ba44ebbfd4f7:group-20E0A8D52E96:LeaderElection13: Election REJECTED; received 2 response(s) [3a018f76-c0d2-452c-8921-ba44ebbfd4f7<-b3e4071a-8903-49bb-82a0-e3a8c191edbe#0:FAIL-t1, 3a018f76-c0d2-452c-8921-ba44ebbfd4f7<-4de4bd07-0ee6-49b6-aecf-8ed7c18cdab2#0:FAIL-t1] and 0 exception(s); 3a018f76-c0d2-452c-8921-ba44ebbfd4f7:t1, leader=null, voted=3a018f76-c0d2-452c-8921-ba44ebbfd4f7, raftlog=3a018f76-c0d2-452c-8921-ba44ebbfd4f7-SegmentedRaftLog:OPENED:c-1,f-1,i0, conf=-1: [3a018f76-c0d2-452c-8921-ba44ebbfd4f7:192.168.5.187:35541, b3e4071a-8903-49bb-82a0-e3a8c191edbe:192.168.5.187:35263, 4de4bd07-0ee6-49b6-aecf-8ed7c18cdab2:192.168.5.187:34357], old=null
2019-07-13 16:43:31,296 INFO  impl.FollowerState (FollowerState.java:run(106)) - 20deab3d-cdde-4bb6-ae2a-8dcb0a4e7782:group-8ABB89B94688 changes to CANDIDATE, lastRpcTime:5066, electionTimeout:5066ms
2019-07-13 16:43:31,297 INFO  impl.RaftServerImpl (RaftServerImpl.java:setRole(171)) - 3a018f76-c0d2-452c-8921-ba44ebbfd4f7:group-20E0A8D52E96 changes role from CANDIDATE to FOLLOWER at term 1 for DISCOVERED_A_NEW_TERM
2019-07-13 16:43:31,297 INFO  impl.RoleInfo (RoleInfo.java:shutdownFollowerState(121)) - 20deab3d-cdde-4bb6-ae2a-8dcb0a4e7782: shutdown FollowerState
2019-07-13 16:43:31,300 INFO  impl.LeaderElection (LeaderElection.java:askForVotes(181)) - ea57a461-ebfd-4b5e-ab90-dd623b61ca0f:group-8ABB89B94688:LeaderElection14: begin an election at term 1 for -1: [ea57a461-ebfd-4b5e-ab90-dd623b61ca0f:192.168.5.187:41204, baaa2f18-ad21-4c88-9cdb-38db229a40aa:192.168.5.187:38937, 20deab3d-cdde-4bb6-ae2a-8dcb0a4e7782:192.168.5.187:34251], old=null
2019-07-13 16:43:31,300 INFO  impl.RoleInfo (RoleInfo.java:shutdownLeaderElection(134)) - 3a018f76-c0d2-452c-8921-ba44ebbfd4f7: shutdown LeaderElection
2019-07-13 16:43:31,300 INFO  impl.RaftServerImpl (RaftServerImpl.java:setRole(171)) - 20deab3d-cdde-4bb6-ae2a-8dcb0a4e7782:group-8ABB89B94688 changes role from FOLLOWER to CANDIDATE at term 0 for changeToCandidate
2019-07-13 16:43:31,301 INFO  impl.RoleInfo (RoleInfo.java:updateAndGet(143)) - 20deab3d-cdde-4bb6-ae2a-8dcb0a4e7782: start LeaderElection
2019-07-13 16:43:31,301 INFO  impl.RoleInfo (RoleInfo.java:updateAndGet(143)) - 3a018f76-c0d2-452c-8921-ba44ebbfd4f7: start FollowerState
2019-07-13 16:43:31,311 INFO  impl.LeaderElection (LeaderElection.java:askForVotes(181)) - 20deab3d-cdde-4bb6-ae2a-8dcb0a4e7782:group-8ABB89B94688:LeaderElection15: begin an election at term 1 for -1: [ea57a461-ebfd-4b5e-ab90-dd623b61ca0f:192.168.5.187:41204, baaa2f18-ad21-4c88-9cdb-38db229a40aa:192.168.5.187:38937, 20deab3d-cdde-4bb6-ae2a-8dcb0a4e7782:192.168.5.187:34251], old=null
2019-07-13 16:43:31,327 INFO  impl.RaftServerImpl (RaftServerImpl.java:setRole(171)) - baaa2f18-ad21-4c88-9cdb-38db229a40aa:group-8ABB89B94688 changes role from FOLLOWER to FOLLOWER at term 1 for recognizeCandidate:ea57a461-ebfd-4b5e-ab90-dd623b61ca0f
2019-07-13 16:43:31,327 INFO  impl.RoleInfo (RoleInfo.java:shutdownFollowerState(121)) - baaa2f18-ad21-4c88-9cdb-38db229a40aa: shutdown FollowerState
2019-07-13 16:43:31,327 INFO  impl.RoleInfo (RoleInfo.java:updateAndGet(143)) - baaa2f18-ad21-4c88-9cdb-38db229a40aa: start FollowerState
2019-07-13 16:43:31,328 INFO  impl.FollowerState (FollowerState.java:run(114)) - baaa2f18-ad21-4c88-9cdb-38db229a40aa: FollowerState was interrupted: java.lang.InterruptedException: sleep interrupted
2019-07-13 16:43:31,350 INFO  impl.LeaderElection (LeaderElection.java:logAndReturn(56)) - 20deab3d-cdde-4bb6-ae2a-8dcb0a4e7782:group-8ABB89B94688:LeaderElection15: Election REJECTED; received 2 response(s) [20deab3d-cdde-4bb6-ae2a-8dcb0a4e7782<-ea57a461-ebfd-4b5e-ab90-dd623b61ca0f#0:FAIL-t1, 20deab3d-cdde-4bb6-ae2a-8dcb0a4e7782<-baaa2f18-ad21-4c88-9cdb-38db229a40aa#0:FAIL-t1] and 0 exception(s); 20deab3d-cdde-4bb6-ae2a-8dcb0a4e7782:t1, leader=null, voted=20deab3d-cdde-4bb6-ae2a-8dcb0a4e7782, raftlog=20deab3d-cdde-4bb6-ae2a-8dcb0a4e7782-SegmentedRaftLog:OPENED:c-1,f-1,i0, conf=-1: [ea57a461-ebfd-4b5e-ab90-dd623b61ca0f:192.168.5.187:41204, baaa2f18-ad21-4c88-9cdb-38db229a40aa:192.168.5.187:38937, 20deab3d-cdde-4bb6-ae2a-8dcb0a4e7782:192.168.5.187:34251], old=null
2019-07-13 16:43:31,351 INFO  impl.RaftServerImpl (RaftServerImpl.java:setRole(171)) - 20deab3d-cdde-4bb6-ae2a-8dcb0a4e7782:group-8ABB89B94688 changes role from CANDIDATE to FOLLOWER at term 1 for DISCOVERED_A_NEW_TERM
2019-07-13 16:43:31,351 INFO  impl.RoleInfo (RoleInfo.java:shutdownLeaderElection(134)) - 20deab3d-cdde-4bb6-ae2a-8dcb0a4e7782: shutdown LeaderElection
2019-07-13 16:43:31,364 INFO  impl.RoleInfo (RoleInfo.java:updateAndGet(143)) - 20deab3d-cdde-4bb6-ae2a-8dcb0a4e7782: start FollowerState
2019-07-13 16:43:31,364 INFO  impl.LeaderElection (LeaderElection.java:logAndReturn(56)) - ea57a461-ebfd-4b5e-ab90-dd623b61ca0f:group-8ABB89B94688:LeaderElection14: Election PASSED; received 2 response(s) [ea57a461-ebfd-4b5e-ab90-dd623b61ca0f<-baaa2f18-ad21-4c88-9cdb-38db229a40aa#0:OK-t1, ea57a461-ebfd-4b5e-ab90-dd623b61ca0f<-20deab3d-cdde-4bb6-ae2a-8dcb0a4e7782#0:FAIL-t1] and 0 exception(s); ea57a461-ebfd-4b5e-ab90-dd623b61ca0f:t1, leader=null, voted=ea57a461-ebfd-4b5e-ab90-dd623b61ca0f, raftlog=ea57a461-ebfd-4b5e-ab90-dd623b61ca0f-SegmentedRaftLog:OPENED:c-1,f-1,i0, conf=-1: [ea57a461-ebfd-4b5e-ab90-dd623b61ca0f:192.168.5.187:41204, baaa2f18-ad21-4c88-9cdb-38db229a40aa:192.168.5.187:38937, 20deab3d-cdde-4bb6-ae2a-8dcb0a4e7782:192.168.5.187:34251], old=null
2019-07-13 16:43:31,366 INFO  impl.RoleInfo (RoleInfo.java:shutdownLeaderElection(134)) - ea57a461-ebfd-4b5e-ab90-dd623b61ca0f: shutdown LeaderElection
2019-07-13 16:43:31,366 INFO  impl.RaftServerImpl (RaftServerImpl.java:setRole(171)) - ea57a461-ebfd-4b5e-ab90-dd623b61ca0f:group-8ABB89B94688 changes role from CANDIDATE to LEADER at term 1 for changeToLeader
2019-07-13 16:43:31,366 INFO  impl.RaftServerImpl (ServerState.java:setLeader(263)) - ea57a461-ebfd-4b5e-ab90-dd623b61ca0f:group-8ABB89B94688 change Leader from null to ea57a461-ebfd-4b5e-ab90-dd623b61ca0f at term 1 for becomeLeader, leader elected after 5164ms
2019-07-13 16:43:31,367 INFO  server.RaftServerConfigKeys (ConfUtils.java:logGet(43)) - raft.server.staging.catchup.gap = 1000 (default)
2019-07-13 16:43:31,367 INFO  server.RaftServerConfigKeys (ConfUtils.java:logGet(43)) - raft.server.rpc.sleep.time = 25ms (default)
2019-07-13 16:43:31,367 INFO  server.RaftServerConfigKeys (ConfUtils.java:logGet(43)) - raft.server.write.element-limit = 4096 (default)
2019-07-13 16:43:31,367 INFO  server.RaftServerConfigKeys (ConfUtils.java:logGet(43)) - raft.server.watch.timeout = 10s (default)
2019-07-13 16:43:31,368 INFO  server.RaftServerConfigKeys (ConfUtils.java:logGet(43)) - raft.server.watch.timeout.denomination = 1s (default)
2019-07-13 16:43:31,368 INFO  server.RaftServerConfigKeys (ConfUtils.java:logGet(43)) - raft.server.watch.element-limit = 65536 (default)
2019-07-13 16:43:31,371 INFO  server.RaftServerConfigKeys (ConfUtils.java:logGet(43)) - raft.server.log.appender.snapshot.chunk.size.max = 16MB (=16777216) (default)
2019-07-13 16:43:31,371 INFO  server.RaftServerConfigKeys (ConfUtils.java:logGet(43)) - raft.server.log.appender.buffer.byte-limit = 33554432 (custom)
2019-07-13 16:43:31,372 INFO  server.RaftServerConfigKeys (ConfUtils.java:logGet(43)) - raft.server.log.appender.buffer.element-limit = 1 (custom)
2019-07-13 16:43:31,376 INFO  grpc.GrpcConfigKeys$Server (ConfUtils.java:logGet(43)) - raft.grpc.server.leader.outstanding.appends.max = 128 (default)
2019-07-13 16:43:31,378 INFO  server.RaftServerConfigKeys (ConfUtils.java:logGet(43)) - raft.server.rpc.request.timeout = 3000ms (default)
2019-07-13 16:43:31,378 INFO  server.RaftServerConfigKeys (ConfUtils.java:logGet(43)) - raft.server.log.appender.install.snapshot.enabled = false (custom)
2019-07-13 16:43:31,378 INFO  server.RaftServerConfigKeys (ConfUtils.java:logGet(43)) - raft.server.log.appender.snapshot.chunk.size.max = 16MB (=16777216) (default)
2019-07-13 16:43:31,378 INFO  server.RaftServerConfigKeys (ConfUtils.java:logGet(43)) - raft.server.log.appender.buffer.byte-limit = 33554432 (custom)
2019-07-13 16:43:31,378 INFO  server.RaftServerConfigKeys (ConfUtils.java:logGet(43)) - raft.server.log.appender.buffer.element-limit = 1 (custom)
2019-07-13 16:43:31,379 INFO  grpc.GrpcConfigKeys$Server (ConfUtils.java:logGet(43)) - raft.grpc.server.leader.outstanding.appends.max = 128 (default)
2019-07-13 16:43:31,379 INFO  server.RaftServerConfigKeys (ConfUtils.java:logGet(43)) - raft.server.rpc.request.timeout = 3000ms (default)
2019-07-13 16:43:31,379 INFO  server.RaftServerConfigKeys (ConfUtils.java:logGet(43)) - raft.server.log.appender.install.snapshot.enabled = false (custom)
2019-07-13 16:43:31,381 INFO  impl.RoleInfo (RoleInfo.java:updateAndGet(143)) - ea57a461-ebfd-4b5e-ab90-dd623b61ca0f: start LeaderState
2019-07-13 16:43:31,381 INFO  segmented.SegmentedRaftLogWorker (SegmentedRaftLogWorker.java:startLogSegment(380)) - ea57a461-ebfd-4b5e-ab90-dd623b61ca0f-SegmentedRaftLogWorker:Storage Directory /tmp/workdir/hadoop-ozone/integration-test/target/test-dir/MiniOzoneClusterImpl-45e70ad9-0cd6-4ce0-b3ff-21b0ae675b0f/datanode-1/data/ratis/eb7a5a9d-d400-4ee2-ba8d-8abb89b94688: Starting segment from index:0
2019-07-13 16:43:31,382 INFO  impl.RaftServerImpl (ServerState.java:setRaftConf(361)) - ea57a461-ebfd-4b5e-ab90-dd623b61ca0f:group-8ABB89B94688 set configuration 0: [ea57a461-ebfd-4b5e-ab90-dd623b61ca0f:192.168.5.187:41204, baaa2f18-ad21-4c88-9cdb-38db229a40aa:192.168.5.187:38937, 20deab3d-cdde-4bb6-ae2a-8dcb0a4e7782:192.168.5.187:34251], old=null at 0
2019-07-13 16:43:31,402 INFO  impl.FollowerState (FollowerState.java:run(106)) - 69f0d602-000a-4a48-833d-faf77689b17c:group-AF1225408FBA changes to CANDIDATE, lastRpcTime:5076, electionTimeout:5074ms
2019-07-13 16:43:31,404 INFO  segmented.SegmentedRaftLogWorker (SegmentedRaftLogWorker.java:execute(569)) - ea57a461-ebfd-4b5e-ab90-dd623b61ca0f-SegmentedRaftLogWorker:Storage Directory /tmp/workdir/hadoop-ozone/integration-test/target/test-dir/MiniOzoneClusterImpl-45e70ad9-0cd6-4ce0-b3ff-21b0ae675b0f/datanode-1/data/ratis/eb7a5a9d-d400-4ee2-ba8d-8abb89b94688: created new log segment /tmp/workdir/hadoop-ozone/integration-test/target/test-dir/MiniOzoneClusterImpl-45e70ad9-0cd6-4ce0-b3ff-21b0ae675b0f/datanode-1/data/ratis/eb7a5a9d-d400-4ee2-ba8d-8abb89b94688/current/log_inprogress_0
2019-07-13 16:43:31,405 INFO  impl.RoleInfo (RoleInfo.java:shutdownFollowerState(121)) - 69f0d602-000a-4a48-833d-faf77689b17c: shutdown FollowerState
2019-07-13 16:43:31,405 INFO  impl.RaftServerImpl (RaftServerImpl.java:setRole(171)) - 69f0d602-000a-4a48-833d-faf77689b17c:group-AF1225408FBA changes role from FOLLOWER to CANDIDATE at term 0 for changeToCandidate
2019-07-13 16:43:31,405 INFO  impl.RoleInfo (RoleInfo.java:updateAndGet(143)) - 69f0d602-000a-4a48-833d-faf77689b17c: start LeaderElection
2019-07-13 16:43:31,418 INFO  impl.LeaderElection (LeaderElection.java:askForVotes(181)) - 69f0d602-000a-4a48-833d-faf77689b17c:group-AF1225408FBA:LeaderElection16: begin an election at term 1 for -1: [cc67199d-6871-48e4-9a9e-abafdf42f4e1:192.168.5.187:41826, 69f0d602-000a-4a48-833d-faf77689b17c:192.168.5.187:40503, df4a0ac6-dd37-499a-b832-8a38d5a50355:192.168.5.187:45430], old=null
2019-07-13 16:43:31,436 INFO  impl.RaftServerImpl (RaftServerImpl.java:setRole(171)) - df4a0ac6-dd37-499a-b832-8a38d5a50355:group-AF1225408FBA changes role from FOLLOWER to FOLLOWER at term 1 for recognizeCandidate:69f0d602-000a-4a48-833d-faf77689b17c
2019-07-13 16:43:31,441 INFO  impl.RoleInfo (RoleInfo.java:shutdownFollowerState(121)) - df4a0ac6-dd37-499a-b832-8a38d5a50355: shutdown FollowerState
2019-07-13 16:43:31,441 INFO  impl.RaftServerImpl (ServerState.java:setLeader(263)) - baaa2f18-ad21-4c88-9cdb-38db229a40aa:group-8ABB89B94688 change Leader from null to ea57a461-ebfd-4b5e-ab90-dd623b61ca0f at term 1 for appendEntries, leader elected after 5239ms
2019-07-13 16:43:31,441 INFO  impl.RaftServerImpl (ServerState.java:setLeader(263)) - 20deab3d-cdde-4bb6-ae2a-8dcb0a4e7782:group-8ABB89B94688 change Leader from null to ea57a461-ebfd-4b5e-ab90-dd623b61ca0f at term 1 for appendEntries, leader elected after 5239ms
2019-07-13 16:43:31,441 INFO  impl.FollowerState (FollowerState.java:run(114)) - df4a0ac6-dd37-499a-b832-8a38d5a50355: FollowerState was interrupted: java.lang.InterruptedException: sleep interrupted
2019-07-13 16:43:31,441 INFO  impl.RoleInfo (RoleInfo.java:updateAndGet(143)) - df4a0ac6-dd37-499a-b832-8a38d5a50355: start FollowerState
2019-07-13 16:43:31,448 INFO  impl.RaftServerImpl (RaftServerImpl.java:setRole(171)) - cc67199d-6871-48e4-9a9e-abafdf42f4e1:group-AF1225408FBA changes role from FOLLOWER to FOLLOWER at term 1 for recognizeCandidate:69f0d602-000a-4a48-833d-faf77689b17c
2019-07-13 16:43:31,448 INFO  impl.RoleInfo (RoleInfo.java:shutdownFollowerState(121)) - cc67199d-6871-48e4-9a9e-abafdf42f4e1: shutdown FollowerState
2019-07-13 16:43:31,448 INFO  impl.FollowerState (FollowerState.java:run(114)) - cc67199d-6871-48e4-9a9e-abafdf42f4e1: FollowerState was interrupted: java.lang.InterruptedException: sleep interrupted
2019-07-13 16:43:31,448 INFO  impl.RoleInfo (RoleInfo.java:updateAndGet(143)) - cc67199d-6871-48e4-9a9e-abafdf42f4e1: start FollowerState
2019-07-13 16:43:31,465 INFO  impl.LeaderElection (LeaderElection.java:logAndReturn(56)) - 69f0d602-000a-4a48-833d-faf77689b17c:group-AF1225408FBA:LeaderElection16: Election PASSED; received 1 response(s) [69f0d602-000a-4a48-833d-faf77689b17c<-df4a0ac6-dd37-499a-b832-8a38d5a50355#0:OK-t1] and 0 exception(s); 69f0d602-000a-4a48-833d-faf77689b17c:t1, leader=null, voted=69f0d602-000a-4a48-833d-faf77689b17c, raftlog=69f0d602-000a-4a48-833d-faf77689b17c-SegmentedRaftLog:OPENED:c-1,f-1,i0, conf=-1: [cc67199d-6871-48e4-9a9e-abafdf42f4e1:192.168.5.187:41826, 69f0d602-000a-4a48-833d-faf77689b17c:192.168.5.187:40503, df4a0ac6-dd37-499a-b832-8a38d5a50355:192.168.5.187:45430], old=null
2019-07-13 16:43:31,465 INFO  impl.RoleInfo (RoleInfo.java:shutdownLeaderElection(134)) - 69f0d602-000a-4a48-833d-faf77689b17c: shutdown LeaderElection
2019-07-13 16:43:31,466 INFO  impl.RaftServerImpl (RaftServerImpl.java:setRole(171)) - 69f0d602-000a-4a48-833d-faf77689b17c:group-AF1225408FBA changes role from CANDIDATE to LEADER at term 1 for changeToLeader
2019-07-13 16:43:31,468 INFO  impl.RaftServerImpl (ServerState.java:setLeader(263)) - 69f0d602-000a-4a48-833d-faf77689b17c:group-AF1225408FBA change Leader from null to 69f0d602-000a-4a48-833d-faf77689b17c at term 1 for becomeLeader, leader elected after 5181ms
2019-07-13 16:43:31,469 INFO  server.RaftServerConfigKeys (ConfUtils.java:logGet(43)) - raft.server.staging.catchup.gap = 1000 (default)
2019-07-13 16:43:31,469 INFO  server.RaftServerConfigKeys (ConfUtils.java:logGet(43)) - raft.server.rpc.sleep.time = 25ms (default)
2019-07-13 16:43:31,469 INFO  server.RaftServerConfigKeys (ConfUtils.java:logGet(43)) - raft.server.write.element-limit = 4096 (default)
2019-07-13 16:43:31,469 INFO  server.RaftServerConfigKeys (ConfUtils.java:logGet(43)) - raft.server.watch.timeout = 10s (default)
2019-07-13 16:43:31,469 INFO  server.RaftServerConfigKeys (ConfUtils.java:logGet(43)) - raft.server.watch.timeout.denomination = 1s (default)
2019-07-13 16:43:31,469 INFO  server.RaftServerConfigKeys (ConfUtils.java:logGet(43)) - raft.server.watch.element-limit = 65536 (default)
2019-07-13 16:43:31,469 INFO  server.RaftServerConfigKeys (ConfUtils.java:logGet(43)) - raft.server.log.appender.snapshot.chunk.size.max = 16MB (=16777216) (default)
2019-07-13 16:43:31,470 INFO  server.RaftServerConfigKeys (ConfUtils.java:logGet(43)) - raft.server.log.appender.buffer.byte-limit = 33554432 (custom)
2019-07-13 16:43:31,470 INFO  server.RaftServerConfigKeys (ConfUtils.java:logGet(43)) - raft.server.log.appender.buffer.element-limit = 1 (custom)
2019-07-13 16:43:31,470 INFO  grpc.GrpcConfigKeys$Server (ConfUtils.java:logGet(43)) - raft.grpc.server.leader.outstanding.appends.max = 128 (default)
2019-07-13 16:43:31,470 INFO  server.RaftServerConfigKeys (ConfUtils.java:logGet(43)) - raft.server.rpc.request.timeout = 3000ms (default)
2019-07-13 16:43:31,471 INFO  server.RaftServerConfigKeys (ConfUtils.java:logGet(43)) - raft.server.log.appender.install.snapshot.enabled = false (custom)
2019-07-13 16:43:31,471 INFO  server.RaftServerConfigKeys (ConfUtils.java:logGet(43)) - raft.server.log.appender.snapshot.chunk.size.max = 16MB (=16777216) (default)
2019-07-13 16:43:31,471 INFO  server.RaftServerConfigKeys (ConfUtils.java:logGet(43)) - raft.server.log.appender.buffer.byte-limit = 33554432 (custom)
2019-07-13 16:43:31,471 INFO  server.RaftServerConfigKeys (ConfUtils.java:logGet(43)) - raft.server.log.appender.buffer.element-limit = 1 (custom)
2019-07-13 16:43:31,471 INFO  grpc.GrpcConfigKeys$Server (ConfUtils.java:logGet(43)) - raft.grpc.server.leader.outstanding.appends.max = 128 (default)
2019-07-13 16:43:31,472 INFO  server.RaftServerConfigKeys (ConfUtils.java:logGet(43)) - raft.server.rpc.request.timeout = 3000ms (default)
2019-07-13 16:43:31,472 INFO  server.RaftServerConfigKeys (ConfUtils.java:logGet(43)) - raft.server.log.appender.install.snapshot.enabled = false (custom)
2019-07-13 16:43:31,472 INFO  impl.RoleInfo (RoleInfo.java:updateAndGet(143)) - 69f0d602-000a-4a48-833d-faf77689b17c: start LeaderState
2019-07-13 16:43:31,472 INFO  segmented.SegmentedRaftLogWorker (SegmentedRaftLogWorker.java:startLogSegment(380)) - 69f0d602-000a-4a48-833d-faf77689b17c-SegmentedRaftLogWorker:Storage Directory /tmp/workdir/hadoop-ozone/integration-test/target/test-dir/MiniOzoneClusterImpl-45e70ad9-0cd6-4ce0-b3ff-21b0ae675b0f/datanode-2/data/ratis/588d5e98-15df-42b7-a9a0-af1225408fba: Starting segment from index:0
2019-07-13 16:43:31,493 INFO  impl.RaftServerImpl (ServerState.java:setRaftConf(361)) - 69f0d602-000a-4a48-833d-faf77689b17c:group-AF1225408FBA set configuration 0: [cc67199d-6871-48e4-9a9e-abafdf42f4e1:192.168.5.187:41826, 69f0d602-000a-4a48-833d-faf77689b17c:192.168.5.187:40503, df4a0ac6-dd37-499a-b832-8a38d5a50355:192.168.5.187:45430], old=null at 0
2019-07-13 16:43:31,500 INFO  segmented.SegmentedRaftLogWorker (SegmentedRaftLogWorker.java:execute(569)) - 69f0d602-000a-4a48-833d-faf77689b17c-SegmentedRaftLogWorker:Storage Directory /tmp/workdir/hadoop-ozone/integration-test/target/test-dir/MiniOzoneClusterImpl-45e70ad9-0cd6-4ce0-b3ff-21b0ae675b0f/datanode-2/data/ratis/588d5e98-15df-42b7-a9a0-af1225408fba: created new log segment /tmp/workdir/hadoop-ozone/integration-test/target/test-dir/MiniOzoneClusterImpl-45e70ad9-0cd6-4ce0-b3ff-21b0ae675b0f/datanode-2/data/ratis/588d5e98-15df-42b7-a9a0-af1225408fba/current/log_inprogress_0
2019-07-13 16:43:31,526 INFO  impl.RaftServerImpl (ServerState.java:setLeader(263)) - cc67199d-6871-48e4-9a9e-abafdf42f4e1:group-AF1225408FBA change Leader from null to 69f0d602-000a-4a48-833d-faf77689b17c at term 1 for appendEntries, leader elected after 5238ms
2019-07-13 16:43:31,526 INFO  impl.RaftServerImpl (ServerState.java:setLeader(263)) - df4a0ac6-dd37-499a-b832-8a38d5a50355:group-AF1225408FBA change Leader from null to 69f0d602-000a-4a48-833d-faf77689b17c at term 1 for appendEntries, leader elected after 5238ms
2019-07-13 16:43:31,540 INFO  impl.RaftServerImpl (ServerState.java:setRaftConf(361)) - baaa2f18-ad21-4c88-9cdb-38db229a40aa:group-8ABB89B94688 set configuration 0: [ea57a461-ebfd-4b5e-ab90-dd623b61ca0f:192.168.5.187:41204, baaa2f18-ad21-4c88-9cdb-38db229a40aa:192.168.5.187:38937, 20deab3d-cdde-4bb6-ae2a-8dcb0a4e7782:192.168.5.187:34251], old=null at 0
2019-07-13 16:43:31,540 INFO  impl.RaftServerImpl (ServerState.java:setRaftConf(361)) - cc67199d-6871-48e4-9a9e-abafdf42f4e1:group-AF1225408FBA set configuration 0: [cc67199d-6871-48e4-9a9e-abafdf42f4e1:192.168.5.187:41826, 69f0d602-000a-4a48-833d-faf77689b17c:192.168.5.187:40503, df4a0ac6-dd37-499a-b832-8a38d5a50355:192.168.5.187:45430], old=null at 0
2019-07-13 16:43:31,540 INFO  segmented.SegmentedRaftLogWorker (SegmentedRaftLogWorker.java:startLogSegment(380)) - baaa2f18-ad21-4c88-9cdb-38db229a40aa-SegmentedRaftLogWorker:Storage Directory /tmp/workdir/hadoop-ozone/integration-test/target/test-dir/MiniOzoneClusterImpl-45e70ad9-0cd6-4ce0-b3ff-21b0ae675b0f/datanode-0/data/ratis/eb7a5a9d-d400-4ee2-ba8d-8abb89b94688: Starting segment from index:0
2019-07-13 16:43:31,540 INFO  impl.RaftServerImpl (ServerState.java:setRaftConf(361)) - 20deab3d-cdde-4bb6-ae2a-8dcb0a4e7782:group-8ABB89B94688 set configuration 0: [ea57a461-ebfd-4b5e-ab90-dd623b61ca0f:192.168.5.187:41204, baaa2f18-ad21-4c88-9cdb-38db229a40aa:192.168.5.187:38937, 20deab3d-cdde-4bb6-ae2a-8dcb0a4e7782:192.168.5.187:34251], old=null at 0
2019-07-13 16:43:31,540 INFO  impl.RaftServerImpl (ServerState.java:setRaftConf(361)) - df4a0ac6-dd37-499a-b832-8a38d5a50355:group-AF1225408FBA set configuration 0: [cc67199d-6871-48e4-9a9e-abafdf42f4e1:192.168.5.187:41826, 69f0d602-000a-4a48-833d-faf77689b17c:192.168.5.187:40503, df4a0ac6-dd37-499a-b832-8a38d5a50355:192.168.5.187:45430], old=null at 0
2019-07-13 16:43:31,541 INFO  segmented.SegmentedRaftLogWorker (SegmentedRaftLogWorker.java:startLogSegment(380)) - 20deab3d-cdde-4bb6-ae2a-8dcb0a4e7782-SegmentedRaftLogWorker:Storage Directory /tmp/workdir/hadoop-ozone/integration-test/target/test-dir/MiniOzoneClusterImpl-45e70ad9-0cd6-4ce0-b3ff-21b0ae675b0f/datanode-6/data/ratis/eb7a5a9d-d400-4ee2-ba8d-8abb89b94688: Starting segment from index:0
2019-07-13 16:43:31,540 INFO  segmented.SegmentedRaftLogWorker (SegmentedRaftLogWorker.java:startLogSegment(380)) - cc67199d-6871-48e4-9a9e-abafdf42f4e1-SegmentedRaftLogWorker:Storage Directory /tmp/workdir/hadoop-ozone/integration-test/target/test-dir/MiniOzoneClusterImpl-45e70ad9-0cd6-4ce0-b3ff-21b0ae675b0f/datanode-8/data/ratis/588d5e98-15df-42b7-a9a0-af1225408fba: Starting segment from index:0
2019-07-13 16:43:31,541 INFO  segmented.SegmentedRaftLogWorker (SegmentedRaftLogWorker.java:startLogSegment(380)) - df4a0ac6-dd37-499a-b832-8a38d5a50355-SegmentedRaftLogWorker:Storage Directory /tmp/workdir/hadoop-ozone/integration-test/target/test-dir/MiniOzoneClusterImpl-45e70ad9-0cd6-4ce0-b3ff-21b0ae675b0f/datanode-3/data/ratis/588d5e98-15df-42b7-a9a0-af1225408fba: Starting segment from index:0
2019-07-13 16:43:31,568 INFO  segmented.SegmentedRaftLogWorker (SegmentedRaftLogWorker.java:execute(569)) - 20deab3d-cdde-4bb6-ae2a-8dcb0a4e7782-SegmentedRaftLogWorker:Storage Directory /tmp/workdir/hadoop-ozone/integration-test/target/test-dir/MiniOzoneClusterImpl-45e70ad9-0cd6-4ce0-b3ff-21b0ae675b0f/datanode-6/data/ratis/eb7a5a9d-d400-4ee2-ba8d-8abb89b94688: created new log segment /tmp/workdir/hadoop-ozone/integration-test/target/test-dir/MiniOzoneClusterImpl-45e70ad9-0cd6-4ce0-b3ff-21b0ae675b0f/datanode-6/data/ratis/eb7a5a9d-d400-4ee2-ba8d-8abb89b94688/current/log_inprogress_0
2019-07-13 16:43:31,568 INFO  segmented.SegmentedRaftLogWorker (SegmentedRaftLogWorker.java:execute(569)) - cc67199d-6871-48e4-9a9e-abafdf42f4e1-SegmentedRaftLogWorker:Storage Directory /tmp/workdir/hadoop-ozone/integration-test/target/test-dir/MiniOzoneClusterImpl-45e70ad9-0cd6-4ce0-b3ff-21b0ae675b0f/datanode-8/data/ratis/588d5e98-15df-42b7-a9a0-af1225408fba: created new log segment /tmp/workdir/hadoop-ozone/integration-test/target/test-dir/MiniOzoneClusterImpl-45e70ad9-0cd6-4ce0-b3ff-21b0ae675b0f/datanode-8/data/ratis/588d5e98-15df-42b7-a9a0-af1225408fba/current/log_inprogress_0
2019-07-13 16:43:31,568 INFO  segmented.SegmentedRaftLogWorker (SegmentedRaftLogWorker.java:execute(569)) - df4a0ac6-dd37-499a-b832-8a38d5a50355-SegmentedRaftLogWorker:Storage Directory /tmp/workdir/hadoop-ozone/integration-test/target/test-dir/MiniOzoneClusterImpl-45e70ad9-0cd6-4ce0-b3ff-21b0ae675b0f/datanode-3/data/ratis/588d5e98-15df-42b7-a9a0-af1225408fba: created new log segment /tmp/workdir/hadoop-ozone/integration-test/target/test-dir/MiniOzoneClusterImpl-45e70ad9-0cd6-4ce0-b3ff-21b0ae675b0f/datanode-3/data/ratis/588d5e98-15df-42b7-a9a0-af1225408fba/current/log_inprogress_0
2019-07-13 16:43:31,568 INFO  segmented.SegmentedRaftLogWorker (SegmentedRaftLogWorker.java:execute(569)) - baaa2f18-ad21-4c88-9cdb-38db229a40aa-SegmentedRaftLogWorker:Storage Directory /tmp/workdir/hadoop-ozone/integration-test/target/test-dir/MiniOzoneClusterImpl-45e70ad9-0cd6-4ce0-b3ff-21b0ae675b0f/datanode-0/data/ratis/eb7a5a9d-d400-4ee2-ba8d-8abb89b94688: created new log segment /tmp/workdir/hadoop-ozone/integration-test/target/test-dir/MiniOzoneClusterImpl-45e70ad9-0cd6-4ce0-b3ff-21b0ae675b0f/datanode-0/data/ratis/eb7a5a9d-d400-4ee2-ba8d-8abb89b94688/current/log_inprogress_0
2019-07-13 16:43:31,921 INFO  client.GrpcClientProtocolClient (GrpcClientProtocolClient.java:onNext(255)) - client-768EB1DB5AF5->b3e4071a-8903-49bb-82a0-e3a8c191edbe: receive RaftClientReply:client-768EB1DB5AF5->b3e4071a-8903-49bb-82a0-e3a8c191edbe@group-20E0A8D52E96, cid=19, FAILED org.apache.ratis.protocol.NotLeaderException: Server b3e4071a-8903-49bb-82a0-e3a8c191edbe is not the leader (null). Request must be sent to leader., logIndex=0, commits[b3e4071a-8903-49bb-82a0-e3a8c191edbe:c-1]
2019-07-13 16:43:32,949 INFO  client.GrpcClientProtocolClient (GrpcClientProtocolClient.java:onNext(255)) - client-768EB1DB5AF5->4de4bd07-0ee6-49b6-aecf-8ed7c18cdab2: receive RaftClientReply:client-768EB1DB5AF5->4de4bd07-0ee6-49b6-aecf-8ed7c18cdab2@group-20E0A8D52E96, cid=19, FAILED org.apache.ratis.protocol.NotLeaderException: Server 4de4bd07-0ee6-49b6-aecf-8ed7c18cdab2 is not the leader (null). Request must be sent to leader., logIndex=0, commits[4de4bd07-0ee6-49b6-aecf-8ed7c18cdab2:c-1]
2019-07-13 16:43:33,983 INFO  client.GrpcClientProtocolClient (GrpcClientProtocolClient.java:onNext(255)) - client-768EB1DB5AF5->b3e4071a-8903-49bb-82a0-e3a8c191edbe: receive RaftClientReply:client-768EB1DB5AF5->b3e4071a-8903-49bb-82a0-e3a8c191edbe@group-20E0A8D52E96, cid=19, FAILED org.apache.ratis.protocol.NotLeaderException: Server b3e4071a-8903-49bb-82a0-e3a8c191edbe is not the leader (null). Request must be sent to leader., logIndex=0, commits[b3e4071a-8903-49bb-82a0-e3a8c191edbe:c-1]
2019-07-13 16:43:35,042 INFO  client.GrpcClientProtocolClient (GrpcClientProtocolClient.java:onNext(255)) - client-768EB1DB5AF5->3a018f76-c0d2-452c-8921-ba44ebbfd4f7: receive RaftClientReply:client-768EB1DB5AF5->3a018f76-c0d2-452c-8921-ba44ebbfd4f7@group-20E0A8D52E96, cid=19, FAILED org.apache.ratis.protocol.NotLeaderException: Server 3a018f76-c0d2-452c-8921-ba44ebbfd4f7 is not the leader (null). Request must be sent to leader., logIndex=0, commits[3a018f76-c0d2-452c-8921-ba44ebbfd4f7:c-1]
2019-07-13 16:43:36,065 INFO  client.GrpcClientProtocolClient (GrpcClientProtocolClient.java:onNext(255)) - client-768EB1DB5AF5->4de4bd07-0ee6-49b6-aecf-8ed7c18cdab2: receive RaftClientReply:client-768EB1DB5AF5->4de4bd07-0ee6-49b6-aecf-8ed7c18cdab2@group-20E0A8D52E96, cid=19, FAILED org.apache.ratis.protocol.NotLeaderException: Server 4de4bd07-0ee6-49b6-aecf-8ed7c18cdab2 is not the leader (null). Request must be sent to leader., logIndex=0, commits[4de4bd07-0ee6-49b6-aecf-8ed7c18cdab2:c-1]
2019-07-13 16:43:36,359 INFO  impl.FollowerState (FollowerState.java:run(106)) - 3a018f76-c0d2-452c-8921-ba44ebbfd4f7:group-20E0A8D52E96 changes to CANDIDATE, lastRpcTime:5057, electionTimeout:5052ms
2019-07-13 16:43:36,359 INFO  impl.RoleInfo (RoleInfo.java:shutdownFollowerState(121)) - 3a018f76-c0d2-452c-8921-ba44ebbfd4f7: shutdown FollowerState
2019-07-13 16:43:36,359 INFO  impl.RaftServerImpl (RaftServerImpl.java:setRole(171)) - 3a018f76-c0d2-452c-8921-ba44ebbfd4f7:group-20E0A8D52E96 changes role from FOLLOWER to CANDIDATE at term 1 for changeToCandidate
2019-07-13 16:43:36,360 INFO  impl.RoleInfo (RoleInfo.java:updateAndGet(143)) - 3a018f76-c0d2-452c-8921-ba44ebbfd4f7: start LeaderElection
2019-07-13 16:43:36,375 INFO  impl.FollowerState (FollowerState.java:run(106)) - 4de4bd07-0ee6-49b6-aecf-8ed7c18cdab2:group-20E0A8D52E96 changes to CANDIDATE, lastRpcTime:5091, electionTimeout:5075ms
2019-07-13 16:43:36,375 INFO  impl.RoleInfo (RoleInfo.java:shutdownFollowerState(121)) - 4de4bd07-0ee6-49b6-aecf-8ed7c18cdab2: shutdown FollowerState
2019-07-13 16:43:36,379 INFO  impl.RaftServerImpl (RaftServerImpl.java:setRole(171)) - 4de4bd07-0ee6-49b6-aecf-8ed7c18cdab2:group-20E0A8D52E96 changes role from FOLLOWER to CANDIDATE at term 1 for changeToCandidate
2019-07-13 16:43:36,379 INFO  impl.RoleInfo (RoleInfo.java:updateAndGet(143)) - 4de4bd07-0ee6-49b6-aecf-8ed7c18cdab2: start LeaderElection
2019-07-13 16:43:36,384 INFO  impl.LeaderElection (LeaderElection.java:askForVotes(181)) - 3a018f76-c0d2-452c-8921-ba44ebbfd4f7:group-20E0A8D52E96:LeaderElection17: begin an election at term 2 for -1: [3a018f76-c0d2-452c-8921-ba44ebbfd4f7:192.168.5.187:35541, b3e4071a-8903-49bb-82a0-e3a8c191edbe:192.168.5.187:35263, 4de4bd07-0ee6-49b6-aecf-8ed7c18cdab2:192.168.5.187:34357], old=null
2019-07-13 16:43:36,384 INFO  impl.LeaderElection (LeaderElection.java:askForVotes(181)) - 4de4bd07-0ee6-49b6-aecf-8ed7c18cdab2:group-20E0A8D52E96:LeaderElection18: begin an election at term 2 for -1: [3a018f76-c0d2-452c-8921-ba44ebbfd4f7:192.168.5.187:35541, b3e4071a-8903-49bb-82a0-e3a8c191edbe:192.168.5.187:35263, 4de4bd07-0ee6-49b6-aecf-8ed7c18cdab2:192.168.5.187:34357], old=null
2019-07-13 16:43:36,402 INFO  impl.RaftServerImpl (RaftServerImpl.java:setRole(171)) - b3e4071a-8903-49bb-82a0-e3a8c191edbe:group-20E0A8D52E96 changes role from FOLLOWER to FOLLOWER at term 2 for recognizeCandidate:4de4bd07-0ee6-49b6-aecf-8ed7c18cdab2
2019-07-13 16:43:36,403 INFO  impl.RoleInfo (RoleInfo.java:shutdownFollowerState(121)) - b3e4071a-8903-49bb-82a0-e3a8c191edbe: shutdown FollowerState
2019-07-13 16:43:36,403 INFO  impl.RoleInfo (RoleInfo.java:updateAndGet(143)) - b3e4071a-8903-49bb-82a0-e3a8c191edbe: start FollowerState
2019-07-13 16:43:36,403 INFO  impl.FollowerState (FollowerState.java:run(114)) - b3e4071a-8903-49bb-82a0-e3a8c191edbe: FollowerState was interrupted: java.lang.InterruptedException: sleep interrupted
2019-07-13 16:43:36,419 INFO  impl.LeaderElection (LeaderElection.java:logAndReturn(56)) - 4de4bd07-0ee6-49b6-aecf-8ed7c18cdab2:group-20E0A8D52E96:LeaderElection18: Election PASSED; received 2 response(s) [4de4bd07-0ee6-49b6-aecf-8ed7c18cdab2<-3a018f76-c0d2-452c-8921-ba44ebbfd4f7#0:FAIL-t2, 4de4bd07-0ee6-49b6-aecf-8ed7c18cdab2<-b3e4071a-8903-49bb-82a0-e3a8c191edbe#0:OK-t2] and 0 exception(s); 4de4bd07-0ee6-49b6-aecf-8ed7c18cdab2:t2, leader=null, voted=4de4bd07-0ee6-49b6-aecf-8ed7c18cdab2, raftlog=4de4bd07-0ee6-49b6-aecf-8ed7c18cdab2-SegmentedRaftLog:OPENED:c-1,f-1,i0, conf=-1: [3a018f76-c0d2-452c-8921-ba44ebbfd4f7:192.168.5.187:35541, b3e4071a-8903-49bb-82a0-e3a8c191edbe:192.168.5.187:35263, 4de4bd07-0ee6-49b6-aecf-8ed7c18cdab2:192.168.5.187:34357], old=null
2019-07-13 16:43:36,419 INFO  impl.LeaderElection (LeaderElection.java:logAndReturn(56)) - 3a018f76-c0d2-452c-8921-ba44ebbfd4f7:group-20E0A8D52E96:LeaderElection17: Election REJECTED; received 2 response(s) [3a018f76-c0d2-452c-8921-ba44ebbfd4f7<-b3e4071a-8903-49bb-82a0-e3a8c191edbe#0:FAIL-t2, 3a018f76-c0d2-452c-8921-ba44ebbfd4f7<-4de4bd07-0ee6-49b6-aecf-8ed7c18cdab2#0:FAIL-t2] and 0 exception(s); 3a018f76-c0d2-452c-8921-ba44ebbfd4f7:t2, leader=null, voted=3a018f76-c0d2-452c-8921-ba44ebbfd4f7, raftlog=3a018f76-c0d2-452c-8921-ba44ebbfd4f7-SegmentedRaftLog:OPENED:c-1,f-1,i0, conf=-1: [3a018f76-c0d2-452c-8921-ba44ebbfd4f7:192.168.5.187:35541, b3e4071a-8903-49bb-82a0-e3a8c191edbe:192.168.5.187:35263, 4de4bd07-0ee6-49b6-aecf-8ed7c18cdab2:192.168.5.187:34357], old=null
2019-07-13 16:43:36,419 INFO  impl.RoleInfo (RoleInfo.java:shutdownLeaderElection(134)) - 4de4bd07-0ee6-49b6-aecf-8ed7c18cdab2: shutdown LeaderElection
2019-07-13 16:43:36,422 INFO  impl.RaftServerImpl (RaftServerImpl.java:setRole(171)) - 4de4bd07-0ee6-49b6-aecf-8ed7c18cdab2:group-20E0A8D52E96 changes role from CANDIDATE to LEADER at term 2 for changeToLeader
2019-07-13 16:43:36,423 INFO  impl.RaftServerImpl (RaftServerImpl.java:setRole(171)) - 3a018f76-c0d2-452c-8921-ba44ebbfd4f7:group-20E0A8D52E96 changes role from CANDIDATE to FOLLOWER at term 2 for DISCOVERED_A_NEW_TERM
2019-07-13 16:43:36,423 INFO  impl.RaftServerImpl (ServerState.java:setLeader(263)) - 4de4bd07-0ee6-49b6-aecf-8ed7c18cdab2:group-20E0A8D52E96 change Leader from null to 4de4bd07-0ee6-49b6-aecf-8ed7c18cdab2 at term 2 for becomeLeader, leader elected after 10326ms
2019-07-13 16:43:36,426 INFO  impl.RoleInfo (RoleInfo.java:shutdownLeaderElection(134)) - 3a018f76-c0d2-452c-8921-ba44ebbfd4f7: shutdown LeaderElection
2019-07-13 16:43:36,426 INFO  server.RaftServerConfigKeys (ConfUtils.java:logGet(43)) - raft.server.staging.catchup.gap = 1000 (default)
2019-07-13 16:43:36,426 INFO  impl.RoleInfo (RoleInfo.java:updateAndGet(143)) - 3a018f76-c0d2-452c-8921-ba44ebbfd4f7: start FollowerState
2019-07-13 16:43:36,426 INFO  server.RaftServerConfigKeys (ConfUtils.java:logGet(43)) - raft.server.rpc.sleep.time = 25ms (default)
2019-07-13 16:43:36,430 INFO  server.RaftServerConfigKeys (ConfUtils.java:logGet(43)) - raft.server.write.element-limit = 4096 (default)
2019-07-13 16:43:36,430 INFO  server.RaftServerConfigKeys (ConfUtils.java:logGet(43)) - raft.server.watch.timeout = 10s (default)
2019-07-13 16:43:36,430 INFO  server.RaftServerConfigKeys (ConfUtils.java:logGet(43)) - raft.server.watch.timeout.denomination = 1s (default)
2019-07-13 16:43:36,430 INFO  server.RaftServerConfigKeys (ConfUtils.java:logGet(43)) - raft.server.watch.element-limit = 65536 (default)
2019-07-13 16:43:36,431 INFO  server.RaftServerConfigKeys (ConfUtils.java:logGet(43)) - raft.server.log.appender.snapshot.chunk.size.max = 16MB (=16777216) (default)
2019-07-13 16:43:36,431 INFO  server.RaftServerConfigKeys (ConfUtils.java:logGet(43)) - raft.server.log.appender.buffer.byte-limit = 33554432 (custom)
2019-07-13 16:43:36,431 INFO  server.RaftServerConfigKeys (ConfUtils.java:logGet(43)) - raft.server.log.appender.buffer.element-limit = 1 (custom)
2019-07-13 16:43:36,432 INFO  grpc.GrpcConfigKeys$Server (ConfUtils.java:logGet(43)) - raft.grpc.server.leader.outstanding.appends.max = 128 (default)
2019-07-13 16:43:36,432 INFO  server.RaftServerConfigKeys (ConfUtils.java:logGet(43)) - raft.server.rpc.request.timeout = 3000ms (default)
2019-07-13 16:43:36,432 INFO  server.RaftServerConfigKeys (ConfUtils.java:logGet(43)) - raft.server.log.appender.install.snapshot.enabled = false (custom)
2019-07-13 16:43:36,432 INFO  server.RaftServerConfigKeys (ConfUtils.java:logGet(43)) - raft.server.log.appender.snapshot.chunk.size.max = 16MB (=16777216) (default)
2019-07-13 16:43:36,433 INFO  server.RaftServerConfigKeys (ConfUtils.java:logGet(43)) - raft.server.log.appender.buffer.byte-limit = 33554432 (custom)
2019-07-13 16:43:36,433 INFO  server.RaftServerConfigKeys (ConfUtils.java:logGet(43)) - raft.server.log.appender.buffer.element-limit = 1 (custom)
2019-07-13 16:43:36,433 INFO  grpc.GrpcConfigKeys$Server (ConfUtils.java:logGet(43)) - raft.grpc.server.leader.outstanding.appends.max = 128 (default)
2019-07-13 16:43:36,433 INFO  server.RaftServerConfigKeys (ConfUtils.java:logGet(43)) - raft.server.rpc.request.timeout = 3000ms (default)
2019-07-13 16:43:36,433 INFO  server.RaftServerConfigKeys (ConfUtils.java:logGet(43)) - raft.server.log.appender.install.snapshot.enabled = false (custom)
2019-07-13 16:43:36,434 INFO  impl.RoleInfo (RoleInfo.java:updateAndGet(143)) - 4de4bd07-0ee6-49b6-aecf-8ed7c18cdab2: start LeaderState
2019-07-13 16:43:36,434 INFO  segmented.SegmentedRaftLogWorker (SegmentedRaftLogWorker.java:startLogSegment(380)) - 4de4bd07-0ee6-49b6-aecf-8ed7c18cdab2-SegmentedRaftLogWorker:Storage Directory /tmp/workdir/hadoop-ozone/integration-test/target/test-dir/MiniOzoneClusterImpl-45e70ad9-0cd6-4ce0-b3ff-21b0ae675b0f/datanode-7/data/ratis/eb7df010-d248-4178-a631-20e0a8d52e96: Starting segment from index:0
2019-07-13 16:43:36,435 INFO  impl.RaftServerImpl (ServerState.java:setRaftConf(361)) - 4de4bd07-0ee6-49b6-aecf-8ed7c18cdab2:group-20E0A8D52E96 set configuration 0: [3a018f76-c0d2-452c-8921-ba44ebbfd4f7:192.168.5.187:35541, b3e4071a-8903-49bb-82a0-e3a8c191edbe:192.168.5.187:35263, 4de4bd07-0ee6-49b6-aecf-8ed7c18cdab2:192.168.5.187:34357], old=null at 0
2019-07-13 16:43:36,458 INFO  impl.RaftServerImpl (ServerState.java:setLeader(263)) - b3e4071a-8903-49bb-82a0-e3a8c191edbe:group-20E0A8D52E96 change Leader from null to 4de4bd07-0ee6-49b6-aecf-8ed7c18cdab2 at term 2 for appendEntries, leader elected after 10361ms
2019-07-13 16:43:36,459 INFO  impl.RaftServerImpl (ServerState.java:setLeader(263)) - 3a018f76-c0d2-452c-8921-ba44ebbfd4f7:group-20E0A8D52E96 change Leader from null to 4de4bd07-0ee6-49b6-aecf-8ed7c18cdab2 at term 2 for appendEntries, leader elected after 10362ms
2019-07-13 16:43:36,462 INFO  impl.RaftServerImpl (ServerState.java:setRaftConf(361)) - b3e4071a-8903-49bb-82a0-e3a8c191edbe:group-20E0A8D52E96 set configuration 0: [3a018f76-c0d2-452c-8921-ba44ebbfd4f7:192.168.5.187:35541, b3e4071a-8903-49bb-82a0-e3a8c191edbe:192.168.5.187:35263, 4de4bd07-0ee6-49b6-aecf-8ed7c18cdab2:192.168.5.187:34357], old=null at 0
2019-07-13 16:43:36,462 INFO  segmented.SegmentedRaftLogWorker (SegmentedRaftLogWorker.java:startLogSegment(380)) - b3e4071a-8903-49bb-82a0-e3a8c191edbe-SegmentedRaftLogWorker:Storage Directory /tmp/workdir/hadoop-ozone/integration-test/target/test-dir/MiniOzoneClusterImpl-45e70ad9-0cd6-4ce0-b3ff-21b0ae675b0f/datanode-4/data/ratis/eb7df010-d248-4178-a631-20e0a8d52e96: Starting segment from index:0
2019-07-13 16:43:36,463 INFO  impl.RaftServerImpl (ServerState.java:setRaftConf(361)) - 3a018f76-c0d2-452c-8921-ba44ebbfd4f7:group-20E0A8D52E96 set configuration 0: [3a018f76-c0d2-452c-8921-ba44ebbfd4f7:192.168.5.187:35541, b3e4071a-8903-49bb-82a0-e3a8c191edbe:192.168.5.187:35263, 4de4bd07-0ee6-49b6-aecf-8ed7c18cdab2:192.168.5.187:34357], old=null at 0
2019-07-13 16:43:36,463 INFO  segmented.SegmentedRaftLogWorker (SegmentedRaftLogWorker.java:startLogSegment(380)) - 3a018f76-c0d2-452c-8921-ba44ebbfd4f7-SegmentedRaftLogWorker:Storage Directory /tmp/workdir/hadoop-ozone/integration-test/target/test-dir/MiniOzoneClusterImpl-45e70ad9-0cd6-4ce0-b3ff-21b0ae675b0f/datanode-9/data/ratis/eb7df010-d248-4178-a631-20e0a8d52e96: Starting segment from index:0
2019-07-13 16:43:36,467 INFO  segmented.SegmentedRaftLogWorker (SegmentedRaftLogWorker.java:execute(569)) - 4de4bd07-0ee6-49b6-aecf-8ed7c18cdab2-SegmentedRaftLogWorker:Storage Directory /tmp/workdir/hadoop-ozone/integration-test/target/test-dir/MiniOzoneClusterImpl-45e70ad9-0cd6-4ce0-b3ff-21b0ae675b0f/datanode-7/data/ratis/eb7df010-d248-4178-a631-20e0a8d52e96: created new log segment /tmp/workdir/hadoop-ozone/integration-test/target/test-dir/MiniOzoneClusterImpl-45e70ad9-0cd6-4ce0-b3ff-21b0ae675b0f/datanode-7/data/ratis/eb7df010-d248-4178-a631-20e0a8d52e96/current/log_inprogress_0
2019-07-13 16:43:36,484 INFO  segmented.SegmentedRaftLogWorker (SegmentedRaftLogWorker.java:execute(569)) - 3a018f76-c0d2-452c-8921-ba44ebbfd4f7-SegmentedRaftLogWorker:Storage Directory /tmp/workdir/hadoop-ozone/integration-test/target/test-dir/MiniOzoneClusterImpl-45e70ad9-0cd6-4ce0-b3ff-21b0ae675b0f/datanode-9/data/ratis/eb7df010-d248-4178-a631-20e0a8d52e96: created new log segment /tmp/workdir/hadoop-ozone/integration-test/target/test-dir/MiniOzoneClusterImpl-45e70ad9-0cd6-4ce0-b3ff-21b0ae675b0f/datanode-9/data/ratis/eb7df010-d248-4178-a631-20e0a8d52e96/current/log_inprogress_0
2019-07-13 16:43:36,484 INFO  segmented.SegmentedRaftLogWorker (SegmentedRaftLogWorker.java:execute(569)) - b3e4071a-8903-49bb-82a0-e3a8c191edbe-SegmentedRaftLogWorker:Storage Directory /tmp/workdir/hadoop-ozone/integration-test/target/test-dir/MiniOzoneClusterImpl-45e70ad9-0cd6-4ce0-b3ff-21b0ae675b0f/datanode-4/data/ratis/eb7df010-d248-4178-a631-20e0a8d52e96: created new log segment /tmp/workdir/hadoop-ozone/integration-test/target/test-dir/MiniOzoneClusterImpl-45e70ad9-0cd6-4ce0-b3ff-21b0ae675b0f/datanode-4/data/ratis/eb7df010-d248-4178-a631-20e0a8d52e96/current/log_inprogress_0
2019-07-13 16:43:37,091 INFO  client.GrpcClientProtocolClient (GrpcClientProtocolClient.java:onNext(255)) - client-768EB1DB5AF5->3a018f76-c0d2-452c-8921-ba44ebbfd4f7: receive RaftClientReply:client-768EB1DB5AF5->3a018f76-c0d2-452c-8921-ba44ebbfd4f7@group-20E0A8D52E96, cid=19, FAILED org.apache.ratis.protocol.NotLeaderException: Server 3a018f76-c0d2-452c-8921-ba44ebbfd4f7 is not the leader (4de4bd07-0ee6-49b6-aecf-8ed7c18cdab2:192.168.5.187:34357). Request must be sent to leader., logIndex=0, commits[3a018f76-c0d2-452c-8921-ba44ebbfd4f7:c-1, b3e4071a-8903-49bb-82a0-e3a8c191edbe:c-1, 4de4bd07-0ee6-49b6-aecf-8ed7c18cdab2:c-1]
2019-07-13 16:43:37,366 INFO  client.GrpcClientProtocolClient (GrpcClientProtocolClient.java:onNext(255)) - client-768EB1DB5AF5->4de4bd07-0ee6-49b6-aecf-8ed7c18cdab2: receive RaftClientReply:client-768EB1DB5AF5->4de4bd07-0ee6-49b6-aecf-8ed7c18cdab2@group-20E0A8D52E96, cid=19, SUCCESS, logIndex=1, commits[4de4bd07-0ee6-49b6-aecf-8ed7c18cdab2:c1, 3a018f76-c0d2-452c-8921-ba44ebbfd4f7:c0, b3e4071a-8903-49bb-82a0-e3a8c191edbe:c0]
2019-07-13 16:43:37,480 INFO  client.GrpcClientProtocolClient (GrpcClientProtocolClient.java:onNext(255)) - client-768EB1DB5AF5->4de4bd07-0ee6-49b6-aecf-8ed7c18cdab2: receive RaftClientReply:client-768EB1DB5AF5->4de4bd07-0ee6-49b6-aecf-8ed7c18cdab2@group-20E0A8D52E96, cid=20, SUCCESS, logIndex=3, commits[4de4bd07-0ee6-49b6-aecf-8ed7c18cdab2:c4, 3a018f76-c0d2-452c-8921-ba44ebbfd4f7:c3, b3e4071a-8903-49bb-82a0-e3a8c191edbe:c3]
2019-07-13 16:43:37,587 INFO  pipeline.Pipeline (Pipeline.java:getProtobufMessage(195)) - Serialize pipeline PipelineID=eb7df010-d248-4178-a631-20e0a8d52e96 with nodesInOrder{ }
2019-07-13 16:43:37,591 INFO  pipeline.Pipeline (Pipeline.java:build(342)) - Deserialize nodesInOrder [3a018f76-c0d2-452c-8921-ba44ebbfd4f7{ip: 192.168.5.187, host: trunk-nightly-z92hn-1831959607, networkLocation: /default-rack, certSerialId: null}, 3a018f76-c0d2-452c-8921-ba44ebbfd4f7{ip: 192.168.5.187, host: trunk-nightly-z92hn-1831959607, networkLocation: /default-rack, certSerialId: null}, 3a018f76-c0d2-452c-8921-ba44ebbfd4f7{ip: 192.168.5.187, host: trunk-nightly-z92hn-1831959607, networkLocation: /default-rack, certSerialId: null}] in pipeline PipelineID=eb7df010-d248-4178-a631-20e0a8d52e96
2019-07-13 16:43:37,624 INFO  client.GrpcClientProtocolService (GrpcClientProtocolService.java:lambda$processClientRequest$0(278)) - Failed RaftClientRequest:client-ED8B0ECE357D->b3e4071a-8903-49bb-82a0-e3a8c191edbe@group-20E0A8D52E96, cid=21, seq=0, Watch-ALL_COMMITTED(3), Message:<EMPTY>, reply=RaftClientReply:client-ED8B0ECE357D->b3e4071a-8903-49bb-82a0-e3a8c191edbe@group-20E0A8D52E96, cid=21, FAILED org.apache.ratis.protocol.NotLeaderException: Server b3e4071a-8903-49bb-82a0-e3a8c191edbe is not the leader (4de4bd07-0ee6-49b6-aecf-8ed7c18cdab2:192.168.5.187:34357). Request must be sent to leader., logIndex=0, commits[b3e4071a-8903-49bb-82a0-e3a8c191edbe:c3, 3a018f76-c0d2-452c-8921-ba44ebbfd4f7:c2, 4de4bd07-0ee6-49b6-aecf-8ed7c18cdab2:c3]
2019-07-13 16:43:37,629 INFO  client.GrpcClientProtocolClient (GrpcClientProtocolClient.java:onNext(255)) - client-ED8B0ECE357D->b3e4071a-8903-49bb-82a0-e3a8c191edbe: receive RaftClientReply:client-ED8B0ECE357D->b3e4071a-8903-49bb-82a0-e3a8c191edbe@group-20E0A8D52E96, cid=21, FAILED org.apache.ratis.protocol.NotLeaderException: Server b3e4071a-8903-49bb-82a0-e3a8c191edbe is not the leader (4de4bd07-0ee6-49b6-aecf-8ed7c18cdab2:192.168.5.187:34357). Request must be sent to leader., logIndex=0, commits[b3e4071a-8903-49bb-82a0-e3a8c191edbe:c3, 3a018f76-c0d2-452c-8921-ba44ebbfd4f7:c2, 4de4bd07-0ee6-49b6-aecf-8ed7c18cdab2:c3]
2019-07-13 16:43:37,658 INFO  client.GrpcClientProtocolClient (GrpcClientProtocolClient.java:onNext(255)) - client-ED8B0ECE357D->4de4bd07-0ee6-49b6-aecf-8ed7c18cdab2: receive RaftClientReply:client-ED8B0ECE357D->4de4bd07-0ee6-49b6-aecf-8ed7c18cdab2@group-20E0A8D52E96, cid=21, SUCCESS, logIndex=0, commits[4de4bd07-0ee6-49b6-aecf-8ed7c18cdab2:c4, 3a018f76-c0d2-452c-8921-ba44ebbfd4f7:c3, b3e4071a-8903-49bb-82a0-e3a8c191edbe:c3]
2019-07-13 16:43:37,659 INFO  datanode.ObjectStoreHandler (ObjectStoreHandler.java:close(155)) - Closing ObjectStoreHandler.
2019-07-13 16:43:37,661 INFO  ozone.HddsDatanodeService (HddsDatanodeService.java:stop(452)) - Stopped plug-in org.apache.hadoop.ozone.web.OzoneHddsDatanodeService@33324c05
2019-07-13 16:43:38,325 INFO  statemachine.DatanodeStateMachine (DatanodeStateMachine.java:lambda$startDaemon$0(350)) - Ozone container server started.
2019-07-13 16:43:42,663 INFO  ozoneimpl.OzoneContainer (OzoneContainer.java:stop(199)) - Attempting to stop container services.
2019-07-13 16:43:42,665 INFO  impl.RaftServerProxy (RaftServerProxy.java:lambda$close$4(314)) - b3e4071a-8903-49bb-82a0-e3a8c191edbe: close
2019-07-13 16:43:42,667 INFO  impl.RaftServerImpl (RaftServerImpl.java:lambda$shutdown$3(245)) - b3e4071a-8903-49bb-82a0-e3a8c191edbe: shutdown group-FF52E24295A0
2019-07-13 16:43:42,667 INFO  impl.RaftServerImpl (RaftServerImpl.java:lambda$shutdown$3(245)) - b3e4071a-8903-49bb-82a0-e3a8c191edbe: shutdown group-20E0A8D52E96
2019-07-13 16:43:42,668 INFO  util.JmxRegister (JmxRegister.java:unregister(73)) - Successfully un-registered JMX Bean with object name Ratis:service=RaftServer,group=group-FF52E24295A0,id=b3e4071a-8903-49bb-82a0-e3a8c191edbe
2019-07-13 16:43:42,668 INFO  util.JmxRegister (JmxRegister.java:unregister(73)) - Successfully un-registered JMX Bean with object name Ratis:service=RaftServer,group=group-20E0A8D52E96,id=b3e4071a-8903-49bb-82a0-e3a8c191edbe
2019-07-13 16:43:42,668 INFO  impl.RoleInfo (RoleInfo.java:shutdownLeaderState(104)) - b3e4071a-8903-49bb-82a0-e3a8c191edbe: shutdown LeaderState
2019-07-13 16:43:42,669 INFO  impl.RoleInfo (RoleInfo.java:shutdownFollowerState(121)) - b3e4071a-8903-49bb-82a0-e3a8c191edbe: shutdown FollowerState
2019-07-13 16:43:42,669 INFO  impl.StateMachineUpdater (StateMachineUpdater.java:stopAndJoin(115)) - StateMachineUpdater:b3e4071a-8903-49bb-82a0-e3a8c191edbe:group-20E0A8D52E96: set stopIndex = 4
2019-07-13 16:43:42,670 INFO  impl.PendingRequests (PendingRequests.java:sendNotLeaderResponses(202)) - b3e4071a-8903-49bb-82a0-e3a8c191edbe-PendingRequests: sendNotLeaderResponses
2019-07-13 16:43:42,669 INFO  ratis.ContainerStateMachine (ContainerStateMachine.java:takeSnapshot(246)) - Taking snapshot at termIndex:(t:2, i:3)
2019-07-13 16:43:42,669 INFO  impl.FollowerState (FollowerState.java:run(114)) - b3e4071a-8903-49bb-82a0-e3a8c191edbe: FollowerState was interrupted: java.lang.InterruptedException: sleep interrupted
2019-07-13 16:43:42,670 INFO  ratis.ContainerStateMachine (ContainerStateMachine.java:takeSnapshot(250)) - Taking a snapshot to file /tmp/workdir/hadoop-ozone/integration-test/target/test-dir/MiniOzoneClusterImpl-45e70ad9-0cd6-4ce0-b3ff-21b0ae675b0f/datanode-4/data/ratis/eb7df010-d248-4178-a631-20e0a8d52e96/sm/snapshot.2_3
2019-07-13 16:43:42,676 INFO  impl.StateMachineUpdater (StateMachineUpdater.java:stopAndJoin(115)) - StateMachineUpdater:b3e4071a-8903-49bb-82a0-e3a8c191edbe:group-FF52E24295A0: set stopIndex = 0
2019-07-13 16:43:42,690 INFO  ratis.ContainerStateMachine (ContainerStateMachine.java:takeSnapshot(246)) - Taking snapshot at termIndex:(t:0, i:~)
2019-07-13 16:43:42,690 INFO  impl.RaftServerImpl (ServerState.java:close(394)) - b3e4071a-8903-49bb-82a0-e3a8c191edbe:group-FF52E24295A0 closes. The last applied log index is 0
2019-07-13 16:43:42,693 INFO  segmented.SegmentedRaftLogWorker (SegmentedRaftLogWorker.java:run(313)) - b3e4071a-8903-49bb-82a0-e3a8c191edbe-SegmentedRaftLogWorker:Storage Directory /tmp/workdir/hadoop-ozone/integration-test/target/test-dir/MiniOzoneClusterImpl-45e70ad9-0cd6-4ce0-b3ff-21b0ae675b0f/datanode-4/data/ratis/823ec47e-8dfc-488f-8f30-ff52e24295a0 was interrupted, exiting. There are 0 tasks remaining in the queue.
2019-07-13 16:43:42,697 INFO  segmented.SegmentedRaftLogWorker (SegmentedRaftLogWorker.java:close(228)) - b3e4071a-8903-49bb-82a0-e3a8c191edbe-SegmentedRaftLogWorker:Storage Directory /tmp/workdir/hadoop-ozone/integration-test/target/test-dir/MiniOzoneClusterImpl-45e70ad9-0cd6-4ce0-b3ff-21b0ae675b0f/datanode-4/data/ratis/823ec47e-8dfc-488f-8f30-ff52e24295a0 close()
2019-07-13 16:43:42,707 INFO  impl.StateMachineUpdater (StateMachineUpdater.java:takeSnapshot(242)) - StateMachineUpdater:b3e4071a-8903-49bb-82a0-e3a8c191edbe:group-20E0A8D52E96: Took a snapshot at index 3
2019-07-13 16:43:42,710 INFO  impl.StateMachineUpdater (StateMachineUpdater.java:lambda$new$0(80)) - StateMachineUpdater:b3e4071a-8903-49bb-82a0-e3a8c191edbe:group-20E0A8D52E96: snapshotIndex: updateIncreasingly -1 -> 3
2019-07-13 16:43:42,715 INFO  impl.RaftServerImpl (ServerState.java:close(394)) - b3e4071a-8903-49bb-82a0-e3a8c191edbe:group-20E0A8D52E96 closes. The last applied log index is 4
2019-07-13 16:43:42,715 INFO  segmented.SegmentedRaftLogWorker (SegmentedRaftLogWorker.java:run(313)) - b3e4071a-8903-49bb-82a0-e3a8c191edbe-SegmentedRaftLogWorker:Storage Directory /tmp/workdir/hadoop-ozone/integration-test/target/test-dir/MiniOzoneClusterImpl-45e70ad9-0cd6-4ce0-b3ff-21b0ae675b0f/datanode-4/data/ratis/eb7df010-d248-4178-a631-20e0a8d52e96 was interrupted, exiting. There are 0 tasks remaining in the queue.
2019-07-13 16:43:42,718 INFO  segmented.SegmentedRaftLogWorker (SegmentedRaftLogWorker.java:close(228)) - b3e4071a-8903-49bb-82a0-e3a8c191edbe-SegmentedRaftLogWorker:Storage Directory /tmp/workdir/hadoop-ozone/integration-test/target/test-dir/MiniOzoneClusterImpl-45e70ad9-0cd6-4ce0-b3ff-21b0ae675b0f/datanode-4/data/ratis/eb7df010-d248-4178-a631-20e0a8d52e96 close()
2019-07-13 16:43:42,719 INFO  server.GrpcService (GrpcService.java:closeImpl(155)) - b3e4071a-8903-49bb-82a0-e3a8c191edbe: shutdown server with port 35263 now
2019-07-13 16:43:42,729 INFO  server.GrpcService (GrpcService.java:closeImpl(163)) - b3e4071a-8903-49bb-82a0-e3a8c191edbe: shutdown server with port 35263 successfully
2019-07-13 16:43:42,729 WARN  server.GrpcServerProtocolService (LogUtils.java:warn(134)) - b3e4071a-8903-49bb-82a0-e3a8c191edbe: appendEntries onError: org.apache.ratis.thirdparty.io.grpc.StatusRuntimeException: CANCELLED: cancelled before receiving half close
2019-07-13 16:43:42,732 WARN  server.GrpcLogAppender (LogUtils.java:warn(134)) - 4de4bd07-0ee6-49b6-aecf-8ed7c18cdab2->b3e4071a-8903-49bb-82a0-e3a8c191edbe: Failed appendEntries: org.apache.ratis.thirdparty.io.grpc.StatusRuntimeException: CANCELLED: HTTP/2 error code: CANCEL
Received Rst Stream
2019-07-13 16:43:42,736 INFO  impl.FollowerInfo (FollowerInfo.java:lambda$new$0(50)) - 4de4bd07-0ee6-49b6-aecf-8ed7c18cdab2->b3e4071a-8903-49bb-82a0-e3a8c191edbe: nextIndex: updateUnconditionally 5 -> 4
2019-07-13 16:43:42,746 INFO  utils.BackgroundService (BackgroundService.java:shutdown(148)) - Shutting down service BlockDeletingService
2019-07-13 16:43:42,750 WARN  fs.CachingGetSpaceUsed (CachingGetSpaceUsed.java:run(183)) - Thread Interrupted waiting to refresh disk information: sleep interrupted
2019-07-13 16:43:42,774 INFO  statemachine.DatanodeStateMachine (DatanodeStateMachine.java:stopDaemon(395)) - Ozone container server stopped.
2019-07-13 16:43:42,779 INFO  handler.ContextHandler (ContextHandler.java:doStop(910)) - Stopped o.e.j.w.WebAppContext@350da119{/,null,UNAVAILABLE}{/hddsDatanode}
2019-07-13 16:43:42,785 INFO  server.AbstractConnector (AbstractConnector.java:doStop(318)) - Stopped ServerConnector@6a09484c{HTTP/1.1,[http/1.1]}{0.0.0.0:0}
2019-07-13 16:43:42,786 INFO  handler.ContextHandler (ContextHandler.java:doStop(910)) - Stopped o.e.j.s.ServletContextHandler@5a9840f3{/static,jar:file:/home/user/.m2/repository/org/apache/hadoop/hadoop-hdds-container-service/0.5.0-SNAPSHOT/hadoop-hdds-container-service-0.5.0-SNAPSHOT.jar!/webapps/static,UNAVAILABLE}
2019-07-13 16:43:42,786 INFO  handler.ContextHandler (ContextHandler.java:doStop(910)) - Stopped o.e.j.s.ServletContextHandler@2e6d76ba{/logs,file:///tmp/workdir/hadoop-ozone/integration-test/target/log,UNAVAILABLE}
2019-07-13 16:43:42,797 INFO  pipeline.Pipeline (Pipeline.java:getProtobufMessage(195)) - Serialize pipeline PipelineID=eb7df010-d248-4178-a631-20e0a8d52e96 with nodesInOrder{ }
2019-07-13 16:43:42,798 INFO  pipeline.Pipeline (Pipeline.java:build(342)) - Deserialize nodesInOrder [3a018f76-c0d2-452c-8921-ba44ebbfd4f7{ip: 192.168.5.187, host: trunk-nightly-z92hn-1831959607, networkLocation: /default-rack, certSerialId: null}, 3a018f76-c0d2-452c-8921-ba44ebbfd4f7{ip: 192.168.5.187, host: trunk-nightly-z92hn-1831959607, networkLocation: /default-rack, certSerialId: null}, 3a018f76-c0d2-452c-8921-ba44ebbfd4f7{ip: 192.168.5.187, host: trunk-nightly-z92hn-1831959607, networkLocation: /default-rack, certSerialId: null}] in pipeline PipelineID=eb7df010-d248-4178-a631-20e0a8d52e96
2019-07-13 16:43:42,804 INFO  pipeline.Pipeline (Pipeline.java:getProtobufMessage(195)) - Serialize pipeline PipelineID=eb7df010-d248-4178-a631-20e0a8d52e96 with nodesInOrder{ }
2019-07-13 16:43:42,805 INFO  pipeline.Pipeline (Pipeline.java:build(342)) - Deserialize nodesInOrder [3a018f76-c0d2-452c-8921-ba44ebbfd4f7{ip: 192.168.5.187, host: trunk-nightly-z92hn-1831959607, networkLocation: /default-rack, certSerialId: null}, 3a018f76-c0d2-452c-8921-ba44ebbfd4f7{ip: 192.168.5.187, host: trunk-nightly-z92hn-1831959607, networkLocation: /default-rack, certSerialId: null}, 3a018f76-c0d2-452c-8921-ba44ebbfd4f7{ip: 192.168.5.187, host: trunk-nightly-z92hn-1831959607, networkLocation: /default-rack, certSerialId: null}] in pipeline PipelineID=eb7df010-d248-4178-a631-20e0a8d52e96
2019-07-13 16:43:42,923 INFO  datanode.ObjectStoreHandler (ObjectStoreHandler.java:close(155)) - Closing ObjectStoreHandler.
2019-07-13 16:43:42,924 INFO  ozone.HddsDatanodeService (HddsDatanodeService.java:stop(452)) - Stopped plug-in org.apache.hadoop.ozone.web.OzoneHddsDatanodeService@297bd171
2019-07-13 16:43:43,326 INFO  statemachine.DatanodeStateMachine (DatanodeStateMachine.java:lambda$startDaemon$0(350)) - Ozone container server started.
2019-07-13 16:43:44,917 WARN  server.GrpcLogAppender (LogUtils.java:warn(134)) - 4de4bd07-0ee6-49b6-aecf-8ed7c18cdab2->b3e4071a-8903-49bb-82a0-e3a8c191edbe: Failed appendEntries: org.apache.ratis.thirdparty.io.grpc.StatusRuntimeException: UNAVAILABLE: io exception
2019-07-13 16:43:44,921 INFO  impl.FollowerInfo (FollowerInfo.java:lambda$new$0(50)) - 4de4bd07-0ee6-49b6-aecf-8ed7c18cdab2->b3e4071a-8903-49bb-82a0-e3a8c191edbe: nextIndex: updateUnconditionally 4 -> 3
2019-07-13 16:43:47,419 WARN  server.GrpcLogAppender (LogUtils.java:warn(134)) - 4de4bd07-0ee6-49b6-aecf-8ed7c18cdab2->b3e4071a-8903-49bb-82a0-e3a8c191edbe: Failed appendEntries: org.apache.ratis.thirdparty.io.grpc.StatusRuntimeException: UNAVAILABLE: io exception
2019-07-13 16:43:47,424 INFO  impl.FollowerInfo (FollowerInfo.java:lambda$new$0(50)) - 4de4bd07-0ee6-49b6-aecf-8ed7c18cdab2->b3e4071a-8903-49bb-82a0-e3a8c191edbe: nextIndex: updateUnconditionally 3 -> 2
2019-07-13 16:43:47,925 INFO  ozoneimpl.OzoneContainer (OzoneContainer.java:stop(199)) - Attempting to stop container services.
2019-07-13 16:43:47,925 INFO  impl.RaftServerProxy (RaftServerProxy.java:lambda$close$4(314)) - 3a018f76-c0d2-452c-8921-ba44ebbfd4f7: close
2019-07-13 16:43:47,926 INFO  impl.RaftServerImpl (RaftServerImpl.java:lambda$shutdown$3(245)) - 3a018f76-c0d2-452c-8921-ba44ebbfd4f7: shutdown group-926CE46D322C
2019-07-13 16:43:47,926 INFO  impl.RaftServerImpl (RaftServerImpl.java:lambda$shutdown$3(245)) - 3a018f76-c0d2-452c-8921-ba44ebbfd4f7: shutdown group-20E0A8D52E96
2019-07-13 16:43:47,927 INFO  util.JmxRegister (JmxRegister.java:unregister(73)) - Successfully un-registered JMX Bean with object name Ratis:service=RaftServer,group=group-926CE46D322C,id=3a018f76-c0d2-452c-8921-ba44ebbfd4f7
2019-07-13 16:43:47,927 INFO  util.JmxRegister (JmxRegister.java:unregister(73)) - Successfully un-registered JMX Bean with object name Ratis:service=RaftServer,group=group-20E0A8D52E96,id=3a018f76-c0d2-452c-8921-ba44ebbfd4f7
2019-07-13 16:43:47,927 INFO  impl.RoleInfo (RoleInfo.java:shutdownLeaderState(104)) - 3a018f76-c0d2-452c-8921-ba44ebbfd4f7: shutdown LeaderState
2019-07-13 16:43:47,927 INFO  impl.RoleInfo (RoleInfo.java:shutdownFollowerState(121)) - 3a018f76-c0d2-452c-8921-ba44ebbfd4f7: shutdown FollowerState
2019-07-13 16:43:47,928 INFO  impl.PendingRequests (PendingRequests.java:sendNotLeaderResponses(202)) - 3a018f76-c0d2-452c-8921-ba44ebbfd4f7-PendingRequests: sendNotLeaderResponses
2019-07-13 16:43:47,928 INFO  impl.FollowerState (FollowerState.java:run(114)) - 3a018f76-c0d2-452c-8921-ba44ebbfd4f7: FollowerState was interrupted: java.lang.InterruptedException: sleep interrupted
2019-07-13 16:43:47,929 INFO  impl.StateMachineUpdater (StateMachineUpdater.java:stopAndJoin(115)) - StateMachineUpdater:3a018f76-c0d2-452c-8921-ba44ebbfd4f7:group-926CE46D322C: set stopIndex = 0
2019-07-13 16:43:47,928 INFO  ratis.ContainerStateMachine (ContainerStateMachine.java:takeSnapshot(246)) - Taking snapshot at termIndex:(t:2, i:3)
2019-07-13 16:43:47,934 INFO  ratis.ContainerStateMachine (ContainerStateMachine.java:takeSnapshot(250)) - Taking a snapshot to file /tmp/workdir/hadoop-ozone/integration-test/target/test-dir/MiniOzoneClusterImpl-45e70ad9-0cd6-4ce0-b3ff-21b0ae675b0f/datanode-9/data/ratis/eb7df010-d248-4178-a631-20e0a8d52e96/sm/snapshot.2_3
2019-07-13 16:43:47,928 INFO  impl.StateMachineUpdater (StateMachineUpdater.java:stopAndJoin(115)) - StateMachineUpdater:3a018f76-c0d2-452c-8921-ba44ebbfd4f7:group-20E0A8D52E96: set stopIndex = 4
2019-07-13 16:43:47,934 INFO  ratis.ContainerStateMachine (ContainerStateMachine.java:takeSnapshot(246)) - Taking snapshot at termIndex:(t:0, i:~)
2019-07-13 16:43:47,935 INFO  impl.StateMachineUpdater (StateMachineUpdater.java:takeSnapshot(242)) - StateMachineUpdater:3a018f76-c0d2-452c-8921-ba44ebbfd4f7:group-20E0A8D52E96: Took a snapshot at index 3
2019-07-13 16:43:47,935 INFO  impl.RaftServerImpl (ServerState.java:close(394)) - 3a018f76-c0d2-452c-8921-ba44ebbfd4f7:group-926CE46D322C closes. The last applied log index is 0
2019-07-13 16:43:47,935 INFO  impl.StateMachineUpdater (StateMachineUpdater.java:lambda$new$0(80)) - StateMachineUpdater:3a018f76-c0d2-452c-8921-ba44ebbfd4f7:group-20E0A8D52E96: snapshotIndex: updateIncreasingly -1 -> 3
2019-07-13 16:43:47,936 INFO  segmented.SegmentedRaftLogWorker (SegmentedRaftLogWorker.java:run(313)) - 3a018f76-c0d2-452c-8921-ba44ebbfd4f7-SegmentedRaftLogWorker:Storage Directory /tmp/workdir/hadoop-ozone/integration-test/target/test-dir/MiniOzoneClusterImpl-45e70ad9-0cd6-4ce0-b3ff-21b0ae675b0f/datanode-9/data/ratis/f15a3507-51d3-4528-890b-926ce46d322c was interrupted, exiting. There are 0 tasks remaining in the queue.
2019-07-13 16:43:47,939 INFO  impl.RaftServerImpl (ServerState.java:close(394)) - 3a018f76-c0d2-452c-8921-ba44ebbfd4f7:group-20E0A8D52E96 closes. The last applied log index is 4
2019-07-13 16:43:47,939 INFO  segmented.SegmentedRaftLogWorker (SegmentedRaftLogWorker.java:run(313)) - 3a018f76-c0d2-452c-8921-ba44ebbfd4f7-SegmentedRaftLogWorker:Storage Directory /tmp/workdir/hadoop-ozone/integration-test/target/test-dir/MiniOzoneClusterImpl-45e70ad9-0cd6-4ce0-b3ff-21b0ae675b0f/datanode-9/data/ratis/eb7df010-d248-4178-a631-20e0a8d52e96 was interrupted, exiting. There are 0 tasks remaining in the queue.
2019-07-13 16:43:47,945 INFO  segmented.SegmentedRaftLogWorker (SegmentedRaftLogWorker.java:close(228)) - 3a018f76-c0d2-452c-8921-ba44ebbfd4f7-SegmentedRaftLogWorker:Storage Directory /tmp/workdir/hadoop-ozone/integration-test/target/test-dir/MiniOzoneClusterImpl-45e70ad9-0cd6-4ce0-b3ff-21b0ae675b0f/datanode-9/data/ratis/f15a3507-51d3-4528-890b-926ce46d322c close()
2019-07-13 16:43:47,945 INFO  segmented.SegmentedRaftLogWorker (SegmentedRaftLogWorker.java:close(228)) - 3a018f76-c0d2-452c-8921-ba44ebbfd4f7-SegmentedRaftLogWorker:Storage Directory /tmp/workdir/hadoop-ozone/integration-test/target/test-dir/MiniOzoneClusterImpl-45e70ad9-0cd6-4ce0-b3ff-21b0ae675b0f/datanode-9/data/ratis/eb7df010-d248-4178-a631-20e0a8d52e96 close()
2019-07-13 16:43:47,956 INFO  server.GrpcService (GrpcService.java:closeImpl(155)) - 3a018f76-c0d2-452c-8921-ba44ebbfd4f7: shutdown server with port 35541 now
2019-07-13 16:43:47,970 WARN  server.GrpcServerProtocolService (LogUtils.java:warn(134)) - 3a018f76-c0d2-452c-8921-ba44ebbfd4f7: appendEntries onError: org.apache.ratis.thirdparty.io.grpc.StatusRuntimeException: CANCELLED: cancelled before receiving half close
2019-07-13 16:43:47,972 INFO  server.GrpcService (GrpcService.java:closeImpl(163)) - 3a018f76-c0d2-452c-8921-ba44ebbfd4f7: shutdown server with port 35541 successfully
2019-07-13 16:43:47,973 WARN  server.GrpcLogAppender (LogUtils.java:warn(134)) - 4de4bd07-0ee6-49b6-aecf-8ed7c18cdab2->3a018f76-c0d2-452c-8921-ba44ebbfd4f7: Failed appendEntries: org.apache.ratis.thirdparty.io.grpc.StatusRuntimeException: CANCELLED: HTTP/2 error code: CANCEL
Received Rst Stream
2019-07-13 16:43:47,973 INFO  impl.FollowerInfo (FollowerInfo.java:lambda$new$0(50)) - 4de4bd07-0ee6-49b6-aecf-8ed7c18cdab2->3a018f76-c0d2-452c-8921-ba44ebbfd4f7: nextIndex: updateUnconditionally 5 -> 4
2019-07-13 16:43:47,986 INFO  utils.BackgroundService (BackgroundService.java:shutdown(148)) - Shutting down service BlockDeletingService
2019-07-13 16:43:47,992 WARN  fs.CachingGetSpaceUsed (CachingGetSpaceUsed.java:run(183)) - Thread Interrupted waiting to refresh disk information: sleep interrupted
2019-07-13 16:43:48,012 INFO  statemachine.DatanodeStateMachine (DatanodeStateMachine.java:stopDaemon(395)) - Ozone container server stopped.
2019-07-13 16:43:48,034 INFO  handler.ContextHandler (ContextHandler.java:doStop(910)) - Stopped o.e.j.w.WebAppContext@76af34b5{/,null,UNAVAILABLE}{/hddsDatanode}
2019-07-13 16:43:48,035 INFO  server.AbstractConnector (AbstractConnector.java:doStop(318)) - Stopped ServerConnector@3313463c{HTTP/1.1,[http/1.1]}{0.0.0.0:0}
2019-07-13 16:43:48,035 INFO  handler.ContextHandler (ContextHandler.java:doStop(910)) - Stopped o.e.j.s.ServletContextHandler@628ba266{/static,jar:file:/home/user/.m2/repository/org/apache/hadoop/hadoop-hdds-container-service/0.5.0-SNAPSHOT/hadoop-hdds-container-service-0.5.0-SNAPSHOT.jar!/webapps/static,UNAVAILABLE}
2019-07-13 16:43:48,036 INFO  handler.ContextHandler (ContextHandler.java:doStop(910)) - Stopped o.e.j.s.ServletContextHandler@40f9f60d{/logs,file:///tmp/workdir/hadoop-ozone/integration-test/target/log,UNAVAILABLE}
2019-07-13 16:43:48,044 INFO  pipeline.Pipeline (Pipeline.java:getProtobufMessage(195)) - Serialize pipeline PipelineID=eb7df010-d248-4178-a631-20e0a8d52e96 with nodesInOrder{ }
2019-07-13 16:43:48,046 INFO  pipeline.Pipeline (Pipeline.java:build(342)) - Deserialize nodesInOrder [3a018f76-c0d2-452c-8921-ba44ebbfd4f7{ip: 192.168.5.187, host: trunk-nightly-z92hn-1831959607, networkLocation: /default-rack, certSerialId: null}, 3a018f76-c0d2-452c-8921-ba44ebbfd4f7{ip: 192.168.5.187, host: trunk-nightly-z92hn-1831959607, networkLocation: /default-rack, certSerialId: null}, 3a018f76-c0d2-452c-8921-ba44ebbfd4f7{ip: 192.168.5.187, host: trunk-nightly-z92hn-1831959607, networkLocation: /default-rack, certSerialId: null}] in pipeline PipelineID=eb7df010-d248-4178-a631-20e0a8d52e96
2019-07-13 16:43:48,052 INFO  pipeline.Pipeline (Pipeline.java:getProtobufMessage(195)) - Serialize pipeline PipelineID=eb7df010-d248-4178-a631-20e0a8d52e96 with nodesInOrder{ }
2019-07-13 16:43:48,053 INFO  pipeline.Pipeline (Pipeline.java:build(342)) - Deserialize nodesInOrder [3a018f76-c0d2-452c-8921-ba44ebbfd4f7{ip: 192.168.5.187, host: trunk-nightly-z92hn-1831959607, networkLocation: /default-rack, certSerialId: null}, 3a018f76-c0d2-452c-8921-ba44ebbfd4f7{ip: 192.168.5.187, host: trunk-nightly-z92hn-1831959607, networkLocation: /default-rack, certSerialId: null}, 3a018f76-c0d2-452c-8921-ba44ebbfd4f7{ip: 192.168.5.187, host: trunk-nightly-z92hn-1831959607, networkLocation: /default-rack, certSerialId: null}] in pipeline PipelineID=eb7df010-d248-4178-a631-20e0a8d52e96
2019-07-13 16:43:48,086 ERROR scm.XceiverClientGrpc (XceiverClientGrpc.java:sendCommandWithRetry(308)) - Failed to execute command cmdType: ReadChunk
traceID: "5b9688e91a50e5c0:5b9688e91a50e5c0:0:0"
containerID: 1
datanodeUuid: "3a018f76-c0d2-452c-8921-ba44ebbfd4f7"
readChunk {
  blockID {
    containerID: 1
    localID: 102435140832133121
    blockCommitSequenceId: 3
  }
  chunkData {
    chunkName: "706b34e293b6aacf7771e3cef5b0c789_stream_77b2e772-0d0e-43bd-9ac2-e9fbdbbaf815_chunk_1"
    offset: 0
    len: 12
    checksumData {
      type: CRC32
      bytesPerChecksum: 1048576
      checksums: "\000\000\000\000\357\322\354/"
    }
  }
}
 on the pipeline PipelineID=eb7df010-d248-4178-a631-20e0a8d52e96
]]></system-out>
    <system-err><![CDATA[ERROR StatusLogger No Log4j 2 configuration file found. Using default configuration (logging only errors to the console), or user programmatically provided configurations. Set system property 'log4j2.debug' to show Log4j 2 internal initialization logging. See https://logging.apache.org/log4j/2.x/manual/configuration.html for instructions on how to configure Log4j 2
Jul 13, 2019 4:43:18 PM com.sun.jersey.server.impl.application.WebApplicationImpl _initiate
INFO: Initiating Jersey application, version 'Jersey: 1.19 02/11/2015 03:25 AM'
Jul 13, 2019 4:43:19 PM com.sun.jersey.server.impl.application.WebApplicationImpl _initiate
INFO: Initiating Jersey application, version 'Jersey: 1.19 02/11/2015 03:25 AM'
Jul 13, 2019 4:43:20 PM com.sun.jersey.server.impl.application.WebApplicationImpl _initiate
INFO: Initiating Jersey application, version 'Jersey: 1.19 02/11/2015 03:25 AM'
Jul 13, 2019 4:43:20 PM com.sun.jersey.server.impl.application.WebApplicationImpl _initiate
INFO: Initiating Jersey application, version 'Jersey: 1.19 02/11/2015 03:25 AM'
Jul 13, 2019 4:43:20 PM com.sun.jersey.server.impl.application.WebApplicationImpl _initiate
INFO: Initiating Jersey application, version 'Jersey: 1.19 02/11/2015 03:25 AM'
Jul 13, 2019 4:43:20 PM com.sun.jersey.server.impl.application.WebApplicationImpl _initiate
INFO: Initiating Jersey application, version 'Jersey: 1.19 02/11/2015 03:25 AM'
Jul 13, 2019 4:43:20 PM com.sun.jersey.server.impl.application.WebApplicationImpl _initiate
INFO: Initiating Jersey application, version 'Jersey: 1.19 02/11/2015 03:25 AM'
Jul 13, 2019 4:43:21 PM com.sun.jersey.server.impl.application.WebApplicationImpl _initiate
INFO: Initiating Jersey application, version 'Jersey: 1.19 02/11/2015 03:25 AM'
Jul 13, 2019 4:43:21 PM com.sun.jersey.server.impl.application.WebApplicationImpl _initiate
INFO: Initiating Jersey application, version 'Jersey: 1.19 02/11/2015 03:25 AM'
Jul 13, 2019 4:43:21 PM com.sun.jersey.server.impl.application.WebApplicationImpl _initiate
INFO: Initiating Jersey application, version 'Jersey: 1.19 02/11/2015 03:25 AM'
]]></system-err>
  </testcase>
</testsuite>